LUA_PATH=/home/mdcallag/git/mytools/bench/sysbench.lua/lua/?.lua /home/mdcallag/git/mytools/bench/sysbench.lua/lua/sysbench --db-driver=pgsql --range-size=1000 --table-size=10000000 --tables=8 --threads=40 --events=0 --warmup-time=5 --time=630 --pgsql_conn_id=true /home/mdcallag/git/mytools/bench/sysbench.lua/lua/oltp_read_only.lua run --pgsql-user=root --pgsql-password=pw --pgsql-host=127.0.0.1 --pgsql-db=ib --rand-type=uniform --simple-ranges=0 --sum-ranges=0 --order-ranges=0 --distinct-ranges=1
48 CPUs
sysbench 1.1.0-9072687 (using bundled LuaJIT 2.1.0-beta3)

Running the test with following options:
Number of threads: 40
Warmup time: 5s
Initializing random number generator from current time


Initializing worker threads...

explain: for point_selects :: explain SELECT c FROM sbtest%u WHERE id=%u
explain: for point_selects :: explain SELECT c FROM sbtest%u WHERE id=%u
explain: for point_selects :: explain SELECT c FROM sbtest%u WHERE id=%u
explain: for point_selects :: explain SELECT c FROM sbtest%u WHERE id=%u
explain: for point_selects :: explain SELECT c FROM sbtest%u WHERE id=%u
explain: for point_selects :: explain SELECT c FROM sbtest%u WHERE id=%u
for point_selects
table 1 : explain SELECT c FROM sbtest1 WHERE id=9756099
	Index Scan using sbtest1_pkey on sbtest1  (cost=0.43..8.45 rows=1 width=121)
	  Index Cond: (id = 9756099)

table 2 : explain SELECT c FROM sbtest2 WHERE id=7687590
	Index Scan using sbtest2_pkey on sbtest2  (cost=0.43..8.45 rows=1 width=121)
	  Index Cond: (id = 7687590)

table 3 : explain SELECT c FROM sbtest3 WHERE id=8329528
	Index Scan using sbtest3_pkey on sbtest3  (cost=0.43..8.45 rows=1 width=121)
	  Index Cond: (id = 8329528)

table 4 : explain SELECT c FROM sbtest4 WHERE id=3308606
	Index Scan using sbtest4_pkey on sbtest4  (cost=0.43..8.45 rows=1 width=121)
	  Index Cond: (id = 3308606)

table 5 : explain SELECT c FROM sbtest5 WHERE id=7727669
	Index Scan using sbtest5_pkey on sbtest5  (cost=0.43..8.45 rows=1 width=121)
	  Index Cond: (id = 7727669)

table 6 : explain SELECT c FROM sbtest6 WHERE id=5190003
	Index Scan using sbtest6_pkey on sbtest6  (cost=0.43..8.45 rows=1 width=121)
	  Index Cond: (id = 5190003)

table 7 : explain SELECT c FROM sbtest7 WHERE id=4864883
	Index Scan using sbtest7_pkey on sbtest7  (cost=0.43..8.45 rows=1 width=121)
	  Index Cond: (id = 4864883)

table 8 : explain SELECT c FROM sbtest8 WHERE id=2979844
	Index Scan using sbtest8_pkey on sbtest8  (cost=0.43..8.45 rows=1 width=121)
	  Index Cond: (id = 2979844)

explain: for point_selects :: explain SELECT c FROM sbtest%u WHERE id=%u
explain: for point_selects :: explain SELECT c FROM sbtest%u WHERE id=%u
explain: for point_selects :: explain SELECT c FROM sbtest%u WHERE id=%u
for: simple_ranges
table 1 : explain SELECT c FROM sbtest1 WHERE id BETWEEN 3307903 AND 3308902
	Bitmap Heap Scan on sbtest1  (cost=34.28..3726.87 rows=960 width=121)
	  Recheck Cond: ((id >= 3307903) AND (id <= 3308902))
	  ->  Bitmap Index Scan on sbtest1_pkey  (cost=0.00..34.04 rows=960 width=0)
	        Index Cond: ((id >= 3307903) AND (id <= 3308902))

table 2 : explain SELECT c FROM sbtest2 WHERE id BETWEEN 4112243 AND 4113242
	Bitmap Heap Scan on sbtest2  (cost=34.53..3820.38 rows=985 width=121)
	  Recheck Cond: ((id >= 4112243) AND (id <= 4113242))
	  ->  Bitmap Index Scan on sbtest2_pkey  (cost=0.00..34.29 rows=985 width=0)
	        Index Cond: ((id >= 4112243) AND (id <= 4113242))

table 3 : explain SELECT c FROM sbtest3 WHERE id BETWEEN 721052 AND 722051
	Bitmap Heap Scan on sbtest3  (cost=29.51..3440.61 rows=885 width=121)
	  Recheck Cond: ((id >= 721052) AND (id <= 722051))
	  ->  Bitmap Index Scan on sbtest3_pkey  (cost=0.00..29.29 rows=885 width=0)
	        Index Cond: ((id >= 721052) AND (id <= 722051))

table 4 : explain SELECT c FROM sbtest4 WHERE id BETWEEN 6456374 AND 6457373
	Bitmap Heap Scan on sbtest4  (cost=34.92..3969.31 rows=1023 width=121)
	  Recheck Cond: ((id >= 6456374) AND (id <= 6457373))
	  ->  Bitmap Index Scan on sbtest4_pkey  (cost=0.00..34.67 rows=1023 width=0)
	        Index Cond: ((id >= 6456374) AND (id <= 6457373))

table 5 : explain SELECT c FROM sbtest5 WHERE id BETWEEN 8542131 AND 8543130
	Bitmap Heap Scan on sbtest5  (cost=34.28..3723.66 rows=960 width=121)
	  Recheck Cond: ((id >= 8542131) AND (id <= 8543130))
	  ->  Bitmap Index Scan on sbtest5_pkey  (cost=0.00..34.04 rows=960 width=0)
	        Index Cond: ((id >= 8542131) AND (id <= 8543130))

table 6 : explain SELECT c FROM sbtest6 WHERE id BETWEEN 5850227 AND 5851226
	Bitmap Heap Scan on sbtest6  (cost=29.60..3472.70 rows=894 width=121)
	  Recheck Cond: ((id >= 5850227) AND (id <= 5851226))
	  ->  Bitmap Index Scan on sbtest6_pkey  (cost=0.00..29.37 rows=894 width=0)
	        Index Cond: ((id >= 5850227) AND (id <= 5851226))

table 7 : explain SELECT c FROM sbtest7 WHERE id BETWEEN 5345657 AND 5346656
	Bitmap Heap Scan on sbtest7  (cost=33.97..3618.08 rows=930 width=121)
	  Recheck Cond: ((id >= 5345657) AND (id <= 5346656))
	  ->  Bitmap Index Scan on sbtest7_pkey  (cost=0.00..33.73 rows=930 width=0)
	        Index Cond: ((id >= 5345657) AND (id <= 5346656))

table 8 : explain SELECT c FROM sbtest8 WHERE id BETWEEN 9772524 AND 9773523
	Index Scan using sbtest8_pkey on sbtest8  (cost=0.43..3372.49 rows=861 width=121)
	  Index Cond: ((id >= 9772524) AND (id <= 9773523))

for point_selects
table 1 : explain SELECT c FROM sbtest1 WHERE id=5935536
	Index Scan using sbtest1_pkey on sbtest1  (cost=0.43..8.45 rows=1 width=121)
	  Index Cond: (id = 5935536)

table 2 : explain SELECT c FROM sbtest2 WHERE id=3353712
	Index Scan using sbtest2_pkey on sbtest2  (cost=0.43..8.45 rows=1 width=121)
	  Index Cond: (id = 3353712)

table 3 : explain SELECT c FROM sbtest3 WHERE id=1384453
	Index Scan using sbtest3_pkey on sbtest3  (cost=0.43..8.45 rows=1 width=121)
	  Index Cond: (id = 1384453)

table 4 : explain SELECT c FROM sbtest4 WHERE id=339144
	Index Scan using sbtest4_pkey on sbtest4  (cost=0.43..8.45 rows=1 width=121)
	  Index Cond: (id = 339144)

table 5 : explain SELECT c FROM sbtest5 WHERE id=5206659
	Index Scan using sbtest5_pkey on sbtest5  (cost=0.43..8.45 rows=1 width=121)
	  Index Cond: (id = 5206659)

table 6 : explain SELECT c FROM sbtest6 WHERE id=8780282
	Index Scan using sbtest6_pkey on sbtest6  (cost=0.43..8.45 rows=1 width=121)
	  Index Cond: (id = 8780282)

table 7 : explain SELECT c FROM sbtest7 WHERE id=3240059
	Index Scan using sbtest7_pkey on sbtest7  (cost=0.43..8.45 rows=1 width=121)
	  Index Cond: (id = 3240059)

table 8 : explain SELECT c FROM sbtest8 WHERE id=8574804
	Index Scan using sbtest8_pkey on sbtest8  (cost=0.43..8.45 rows=1 width=121)
	  Index Cond: (id = 8574804)

for point_selects
table 1 : explain SELECT c FROM sbtest1 WHERE id=8906476
	Index Scan using sbtest1_pkey on sbtest1  (cost=0.43..8.45 rows=1 width=121)
	  Index Cond: (id = 8906476)

table 2 : explain SELECT c FROM sbtest2 WHERE id=9544862
	Index Scan using sbtest2_pkey on sbtest2  (cost=0.43..8.45 rows=1 width=121)
	  Index Cond: (id = 9544862)

table 3 : explain SELECT c FROM sbtest3 WHERE id=6697719
	Index Scan using sbtest3_pkey on sbtest3  (cost=0.43..8.45 rows=1 width=121)
	  Index Cond: (id = 6697719)

table 4 : explain SELECT c FROM sbtest4 WHERE id=4626659
	Index Scan using sbtest4_pkey on sbtest4  (cost=0.43..8.45 rows=1 width=121)
	  Index Cond: (id = 4626659)

table 5 : explain SELECT c FROM sbtest5 WHERE id=3590648
	Index Scan using sbtest5_pkey on sbtest5  (cost=0.43..8.45 rows=1 width=121)
	  Index Cond: (id = 3590648)

table 6 : explain SELECT c FROM sbtest6 WHERE id=3207547
	Index Scan using sbtest6_pkey on sbtest6  (cost=0.43..8.45 rows=1 width=121)
	  Index Cond: (id = 3207547)

table 7 : explain SELECT c FROM sbtest7 WHERE id=9572568
	Index Scan using sbtest7_pkey on sbtest7  (cost=0.43..8.45 rows=1 width=121)
	  Index Cond: (id = 9572568)

table 8 : explain SELECT c FROM sbtest8 WHERE id=3219156
	Index Scan using sbtest8_pkey on sbtest8  (cost=0.43..8.45 rows=1 width=121)
	  Index Cond: (id = 3219156)

for point_selects
table 1 : explain SELECT c FROM sbtest1 WHERE id=4301774
	Index Scan using sbtest1_pkey on sbtest1  (cost=0.43..8.45 rows=1 width=121)
	  Index Cond: (id = 4301774)

table 2 : explain SELECT c FROM sbtest2 WHERE id=4501681
	Index Scan using sbtest2_pkey on sbtest2  (cost=0.43..8.45 rows=1 width=121)
	  Index Cond: (id = 4501681)

table 3 : explain SELECT c FROM sbtest3 WHERE id=6767203
	Index Scan using sbtest3_pkey on sbtest3  (cost=0.43..8.45 rows=1 width=121)
	  Index Cond: (id = 6767203)

table 4 : explain SELECT c FROM sbtest4 WHERE id=2832849
	Index Scan using sbtest4_pkey on sbtest4  (cost=0.43..8.45 rows=1 width=121)
	  Index Cond: (id = 2832849)

table 5 : explain SELECT c FROM sbtest5 WHERE id=9002728
	Index Scan using sbtest5_pkey on sbtest5  (cost=0.43..8.45 rows=1 width=121)
	  Index Cond: (id = 9002728)

table 6 : explain SELECT c FROM sbtest6 WHERE id=8242314
	Index Scan using sbtest6_pkey on sbtest6  (cost=0.43..8.45 rows=1 width=121)
	  Index Cond: (id = 8242314)

table 7 : explain SELECT c FROM sbtest7 WHERE id=8120708
	Index Scan using sbtest7_pkey on sbtest7  (cost=0.43..8.45 rows=1 width=121)
	  Index Cond: (id = 8120708)

table 8 : explain SELECT c FROM sbtest8 WHERE id=7795185
	Index Scan using sbtest8_pkey on sbtest8  (cost=0.43..8.45 rows=1 width=121)
	  Index Cond: (id = 7795185)

for point_selects
table 1 : explain SELECT c FROM sbtest1 WHERE id=2163790
	Index Scan using sbtest1_pkey on sbtest1  (cost=0.43..8.45 rows=1 width=121)
	  Index Cond: (id = 2163790)

table 2 : explain SELECT c FROM sbtest2 WHERE id=6429298
	Index Scan using sbtest2_pkey on sbtest2  (cost=0.43..8.45 rows=1 width=121)
	  Index Cond: (id = 6429298)

table 3 : explain SELECT c FROM sbtest3 WHERE id=5039646
	Index Scan using sbtest3_pkey on sbtest3  (cost=0.43..8.45 rows=1 width=121)
	  Index Cond: (id = 5039646)

table 4 : explain SELECT c FROM sbtest4 WHERE id=8640883
	Index Scan using sbtest4_pkey on sbtest4  (cost=0.43..8.45 rows=1 width=121)
	  Index Cond: (id = 8640883)

table 5 : explain SELECT c FROM sbtest5 WHERE id=5381873
	Index Scan using sbtest5_pkey on sbtest5  (cost=0.43..8.45 rows=1 width=121)
	  Index Cond: (id = 5381873)

table 6 : explain SELECT c FROM sbtest6 WHERE id=6280408
	Index Scan using sbtest6_pkey on sbtest6  (cost=0.43..8.45 rows=1 width=121)
	  Index Cond: (id = 6280408)

table 7 : explain SELECT c FROM sbtest7 WHERE id=9445256
	Index Scan using sbtest7_pkey on sbtest7  (cost=0.43..8.45 rows=1 width=121)
	  Index Cond: (id = 9445256)

table 8 : explain SELECT c FROM sbtest8 WHERE id=5010970
	Index Scan using sbtest8_pkey on sbtest8  (cost=0.43..8.45 rows=1 width=121)
	  Index Cond: (id = 5010970)

explain: for point_selects :: explain SELECT c FROM sbtest%u WHERE id=%u
explain: for point_selects :: explain SELECT c FROM sbtest%u WHERE id=%u
explain: for point_selects :: explain SELECT c FROM sbtest%u WHERE id=%u
for: simple_ranges
table 1 : explain SELECT c FROM sbtest1 WHERE id BETWEEN 9003640 AND 9004639
	Bitmap Heap Scan on sbtest1  (cost=29.59..3469.43 rows=893 width=121)
	  Recheck Cond: ((id >= 9003640) AND (id <= 9004639))
	  ->  Bitmap Index Scan on sbtest1_pkey  (cost=0.00..29.36 rows=893 width=0)
	        Index Cond: ((id >= 9003640) AND (id <= 9004639))

table 2 : explain SELECT c FROM sbtest2 WHERE id BETWEEN 8947897 AND 8948896
	Bitmap Heap Scan on sbtest2  (cost=34.04..3639.09 rows=937 width=121)
	  Recheck Cond: ((id >= 8947897) AND (id <= 8948896))
	  ->  Bitmap Index Scan on sbtest2_pkey  (cost=0.00..33.81 rows=937 width=0)
	        Index Cond: ((id >= 8947897) AND (id <= 8948896))

table 3 : explain SELECT c FROM sbtest3 WHERE id BETWEEN 3305939 AND 3306938
	Bitmap Heap Scan on sbtest3  (cost=35.41..4147.47 rows=1071 width=121)
	  Recheck Cond: ((id >= 3305939) AND (id <= 3306938))
	  ->  Bitmap Index Scan on sbtest3_pkey  (cost=0.00..35.15 rows=1071 width=0)
	        Index Cond: ((id >= 3305939) AND (id <= 3306938))

table 4 : explain SELECT c FROM sbtest4 WHERE id BETWEEN 9991486 AND 9992485
	Bitmap Heap Scan on sbtest4  (cost=35.25..4090.12 rows=1055 width=121)
	  Recheck Cond: ((id >= 9991486) AND (id <= 9992485))
	  ->  Bitmap Index Scan on sbtest4_pkey  (cost=0.00..34.98 rows=1055 width=0)
	        Index Cond: ((id >= 9991486) AND (id <= 9992485))

table 5 : explain SELECT c FROM sbtest5 WHERE id BETWEEN 7055989 AND 7056988
	Bitmap Heap Scan on sbtest5  (cost=35.56..4194.33 rows=1085 width=121)
	  Recheck Cond: ((id >= 7055989) AND (id <= 7056988))
	  ->  Bitmap Index Scan on sbtest5_pkey  (cost=0.00..35.29 rows=1085 width=0)
	        Index Cond: ((id >= 7055989) AND (id <= 7056988))

table 6 : explain SELECT c FROM sbtest6 WHERE id BETWEEN 377162 AND 378161
	Bitmap Heap Scan on sbtest6  (cost=34.06..3646.95 rows=939 width=121)
	  Recheck Cond: ((id >= 377162) AND (id <= 378161))
	  ->  Bitmap Index Scan on sbtest6_pkey  (cost=0.00..33.83 rows=939 width=0)
	        Index Cond: ((id >= 377162) AND (id <= 378161))

table 7 : explain SELECT c FROM sbtest7 WHERE id BETWEEN 6281495 AND 6282494
	Bitmap Heap Scan on sbtest7  (cost=35.24..4087.05 rows=1054 width=121)
	  Recheck Cond: ((id >= 6281495) AND (id <= 6282494))
	  ->  Bitmap Index Scan on sbtest7_pkey  (cost=0.00..34.98 rows=1054 width=0)
	        Index Cond: ((id >= 6281495) AND (id <= 6282494))

table 8 : explain SELECT c FROM sbtest8 WHERE id BETWEEN 5324926 AND 5325925
	Index Scan using sbtest8_pkey on sbtest8  (cost=0.43..3735.06 rows=953 width=121)
	  Index Cond: ((id >= 5324926) AND (id <= 5325925))

for point_selects
table 1 : explain SELECT c FROM sbtest1 WHERE id=8445836
	Index Scan using sbtest1_pkey on sbtest1  (cost=0.43..8.45 rows=1 width=121)
	  Index Cond: (id = 8445836)

table 2 : explain SELECT c FROM sbtest2 WHERE id=328722
	Index Scan using sbtest2_pkey on sbtest2  (cost=0.43..8.45 rows=1 width=121)
	  Index Cond: (id = 328722)

table 3 : explain SELECT c FROM sbtest3 WHERE id=4495469
	Index Scan using sbtest3_pkey on sbtest3  (cost=0.43..8.45 rows=1 width=121)
	  Index Cond: (id = 4495469)

table 4 : explain SELECT c FROM sbtest4 WHERE id=9415303
	Index Scan using sbtest4_pkey on sbtest4  (cost=0.43..8.45 rows=1 width=121)
	  Index Cond: (id = 9415303)

table 5 : explain SELECT c FROM sbtest5 WHERE id=7729866
	Index Scan using sbtest5_pkey on sbtest5  (cost=0.43..8.45 rows=1 width=121)
	  Index Cond: (id = 7729866)

table 6 : explain SELECT c FROM sbtest6 WHERE id=3796975
	Index Scan using sbtest6_pkey on sbtest6  (cost=0.43..8.45 rows=1 width=121)
	  Index Cond: (id = 3796975)

table 7 : explain SELECT c FROM sbtest7 WHERE id=5340612
	Index Scan using sbtest7_pkey on sbtest7  (cost=0.43..8.45 rows=1 width=121)
	  Index Cond: (id = 5340612)

table 8 : explain SELECT c FROM sbtest8 WHERE id=9320714
	Index Scan using sbtest8_pkey on sbtest8  (cost=0.43..8.45 rows=1 width=121)
	  Index Cond: (id = 9320714)

for point_selects
table 1 : explain SELECT c FROM sbtest1 WHERE id=7561325
	Index Scan using sbtest1_pkey on sbtest1  (cost=0.43..8.45 rows=1 width=121)
	  Index Cond: (id = 7561325)

table 2 : explain SELECT c FROM sbtest2 WHERE id=7866658
	Index Scan using sbtest2_pkey on sbtest2  (cost=0.43..8.45 rows=1 width=121)
	  Index Cond: (id = 7866658)

table 3 : explain SELECT c FROM sbtest3 WHERE id=8340284
	Index Scan using sbtest3_pkey on sbtest3  (cost=0.43..8.45 rows=1 width=121)
	  Index Cond: (id = 8340284)

table 4 : explain SELECT c FROM sbtest4 WHERE id=6607123
	Index Scan using sbtest4_pkey on sbtest4  (cost=0.43..8.45 rows=1 width=121)
	  Index Cond: (id = 6607123)

table 5 : explain SELECT c FROM sbtest5 WHERE id=213363
	Index Scan using sbtest5_pkey on sbtest5  (cost=0.43..8.45 rows=1 width=121)
	  Index Cond: (id = 213363)

table 6 : explain SELECT c FROM sbtest6 WHERE id=6538026
	Index Scan using sbtest6_pkey on sbtest6  (cost=0.43..8.45 rows=1 width=121)
	  Index Cond: (id = 6538026)

table 7 : explain SELECT c FROM sbtest7 WHERE id=6138853
	Index Scan using sbtest7_pkey on sbtest7  (cost=0.43..8.45 rows=1 width=121)
	  Index Cond: (id = 6138853)

table 8 : explain SELECT c FROM sbtest8 WHERE id=175312
	Index Scan using sbtest8_pkey on sbtest8  (cost=0.43..8.45 rows=1 width=121)
	  Index Cond: (id = 175312)

for point_selects
table 1 : explain SELECT c FROM sbtest1 WHERE id=1881513
	Index Scan using sbtest1_pkey on sbtest1  (cost=0.43..8.45 rows=1 width=121)
	  Index Cond: (id = 1881513)

table 2 : explain SELECT c FROM sbtest2 WHERE id=1071439
	Index Scan using sbtest2_pkey on sbtest2  (cost=0.43..8.45 rows=1 width=121)
	  Index Cond: (id = 1071439)

table 3 : explain SELECT c FROM sbtest3 WHERE id=7567251
	Index Scan using sbtest3_pkey on sbtest3  (cost=0.43..8.45 rows=1 width=121)
	  Index Cond: (id = 7567251)

table 4 : explain SELECT c FROM sbtest4 WHERE id=2113865
	Index Scan using sbtest4_pkey on sbtest4  (cost=0.43..8.45 rows=1 width=121)
	  Index Cond: (id = 2113865)

table 5 : explain SELECT c FROM sbtest5 WHERE id=6066247
	Index Scan using sbtest5_pkey on sbtest5  (cost=0.43..8.45 rows=1 width=121)
	  Index Cond: (id = 6066247)

table 6 : explain SELECT c FROM sbtest6 WHERE id=7323802
	Index Scan using sbtest6_pkey on sbtest6  (cost=0.43..8.45 rows=1 width=121)
	  Index Cond: (id = 7323802)

table 7 : explain SELECT c FROM sbtest7 WHERE id=6928974
	Index Scan using sbtest7_pkey on sbtest7  (cost=0.43..8.45 rows=1 width=121)
	  Index Cond: (id = 6928974)

table 8 : explain SELECT c FROM sbtest8 WHERE id=6100041
	Index Scan using sbtest8_pkey on sbtest8  (cost=0.43..8.45 rows=1 width=121)
	  Index Cond: (id = 6100041)

for point_selects
table 1 : explain SELECT c FROM sbtest1 WHERE id=382154
	Index Scan using sbtest1_pkey on sbtest1  (cost=0.43..8.45 rows=1 width=121)
	  Index Cond: (id = 382154)

table 2 : explain SELECT c FROM sbtest2 WHERE id=7085278
	Index Scan using sbtest2_pkey on sbtest2  (cost=0.43..8.45 rows=1 width=121)
	  Index Cond: (id = 7085278)

table 3 : explain SELECT c FROM sbtest3 WHERE id=6948266
	Index Scan using sbtest3_pkey on sbtest3  (cost=0.43..8.45 rows=1 width=121)
	  Index Cond: (id = 6948266)

table 4 : explain SELECT c FROM sbtest4 WHERE id=5460549
	Index Scan using sbtest4_pkey on sbtest4  (cost=0.43..8.45 rows=1 width=121)
	  Index Cond: (id = 5460549)

table 5 : explain SELECT c FROM sbtest5 WHERE id=1895382
	Index Scan using sbtest5_pkey on sbtest5  (cost=0.43..8.45 rows=1 width=121)
	  Index Cond: (id = 1895382)

table 6 : explain SELECT c FROM sbtest6 WHERE id=6567723
	Index Scan using sbtest6_pkey on sbtest6  (cost=0.43..8.45 rows=1 width=121)
	  Index Cond: (id = 6567723)

table 7 : explain SELECT c FROM sbtest7 WHERE id=593046
	Index Scan using sbtest7_pkey on sbtest7  (cost=0.43..8.45 rows=1 width=121)
	  Index Cond: (id = 593046)

table 8 : explain SELECT c FROM sbtest8 WHERE id=7191714
	Index Scan using sbtest8_pkey on sbtest8  (cost=0.43..8.45 rows=1 width=121)
	  Index Cond: (id = 7191714)

for: simple_ranges
table 1 : explain SELECT c FROM sbtest1 WHERE id BETWEEN 7642286 AND 7643285
	Bitmap Heap Scan on sbtest1  (cost=35.12..4036.28 rows=1042 width=121)
	  Recheck Cond: ((id >= 7642286) AND (id <= 7643285))
	  ->  Bitmap Index Scan on sbtest1_pkey  (cost=0.00..34.86 rows=1042 width=0)
	        Index Cond: ((id >= 7642286) AND (id <= 7643285))

table 2 : explain SELECT c FROM sbtest2 WHERE id BETWEEN 9118066 AND 9119065
	Bitmap Heap Scan on sbtest2  (cost=34.53..3820.38 rows=985 width=121)
	  Recheck Cond: ((id >= 9118066) AND (id <= 9119065))
	  ->  Bitmap Index Scan on sbtest2_pkey  (cost=0.00..34.29 rows=985 width=0)
	        Index Cond: ((id >= 9118066) AND (id <= 9119065))

table 3 : explain SELECT c FROM sbtest3 WHERE id BETWEEN 9520189 AND 9521188
	Bitmap Heap Scan on sbtest3  (cost=34.25..3720.99 rows=958 width=121)
	  Recheck Cond: ((id >= 9520189) AND (id <= 9521188))
	  ->  Bitmap Index Scan on sbtest3_pkey  (cost=0.00..34.02 rows=958 width=0)
	        Index Cond: ((id >= 9520189) AND (id <= 9521188))

table 4 : explain SELECT c FROM sbtest4 WHERE id BETWEEN 2348969 AND 2349968
	Bitmap Heap Scan on sbtest4  (cost=34.77..3912.64 rows=1008 width=121)
	  Recheck Cond: ((id >= 2348969) AND (id <= 2349968))
	  ->  Bitmap Index Scan on sbtest4_pkey  (cost=0.00..34.52 rows=1008 width=0)
	        Index Cond: ((id >= 2348969) AND (id <= 2349968))

table 5 : explain SELECT c FROM sbtest5 WHERE id BETWEEN 7462428 AND 7463427
	Bitmap Heap Scan on sbtest5  (cost=33.83..3561.28 rows=917 width=121)
	  Recheck Cond: ((id >= 7462428) AND (id <= 7463427))
	  ->  Bitmap Index Scan on sbtest5_pkey  (cost=0.00..33.61 rows=917 width=0)
	        Index Cond: ((id >= 7462428) AND (id <= 7463427))

table 6 : explain SELECT c FROM sbtest6 WHERE id BETWEEN 230776 AND 231775
	Bitmap Heap Scan on sbtest6  (cost=34.08..3654.51 rows=941 width=121)
	  Recheck Cond: ((id >= 230776) AND (id <= 231775))
	  ->  Bitmap Index Scan on sbtest6_pkey  (cost=0.00..33.84 rows=941 width=0)
	        Index Cond: ((id >= 230776) AND (id <= 231775))

table 7 : explain SELECT c FROM sbtest7 WHERE id BETWEEN 7359964 AND 7360963
	Bitmap Heap Scan on sbtest7  (cost=35.04..4015.32 rows=1035 width=121)
	  Recheck Cond: ((id >= 7359964) AND (id <= 7360963))
	  ->  Bitmap Index Scan on sbtest7_pkey  (cost=0.00..34.79 rows=1035 width=0)
	        Index Cond: ((id >= 7359964) AND (id <= 7360963))

table 8 : explain SELECT c FROM sbtest8 WHERE id BETWEEN 1936175 AND 1937174
	Index Scan using sbtest8_pkey on sbtest8  (cost=0.43..3645.41 rows=930 width=121)
	  Index Cond: ((id >= 1936175) AND (id <= 1937174))

for: simple_ranges
table 1 : explain SELECT c FROM sbtest1 WHERE id BETWEEN 5353625 AND 5354624
	Bitmap Heap Scan on sbtest1  (cost=34.55..3828.84 rows=987 width=121)
	  Recheck Cond: ((id >= 5353625) AND (id <= 5354624))
	  ->  Bitmap Index Scan on sbtest1_pkey  (cost=0.00..34.31 rows=987 width=0)
	        Index Cond: ((id >= 5353625) AND (id <= 5354624))

table 2 : explain SELECT c FROM sbtest2 WHERE id BETWEEN 337951 AND 338950
	Bitmap Heap Scan on sbtest2  (cost=34.64..3861.88 rows=996 width=121)
	  Recheck Cond: ((id >= 337951) AND (id <= 338950))
	  ->  Bitmap Index Scan on sbtest2_pkey  (cost=0.00..34.40 rows=996 width=0)
	        Index Cond: ((id >= 337951) AND (id <= 338950))

table 3 : explain SELECT c FROM sbtest3 WHERE id BETWEEN 5430817 AND 5431816
	Bitmap Heap Scan on sbtest3  (cost=34.43..3785.25 rows=975 width=121)
	  Recheck Cond: ((id >= 5430817) AND (id <= 5431816))
	  ->  Bitmap Index Scan on sbtest3_pkey  (cost=0.00..34.19 rows=975 width=0)
	        Index Cond: ((id >= 5430817) AND (id <= 5431816))

table 4 : explain SELECT c FROM sbtest4 WHERE id BETWEEN 868285 AND 869284
	Bitmap Heap Scan on sbtest4  (cost=34.87..3950.42 rows=1018 width=121)
	  Recheck Cond: ((id >= 868285) AND (id <= 869284))
	  ->  Bitmap Index Scan on sbtest4_pkey  (cost=0.00..34.62 rows=1018 width=0)
	        Index Cond: ((id >= 868285) AND (id <= 869284))

table 5 : explain SELECT c FROM sbtest5 WHERE id BETWEEN 968326 AND 969325
	Bitmap Heap Scan on sbtest5  (cost=40.24..4446.08 rows=1152 width=121)
	  Recheck Cond: ((id >= 968326) AND (id <= 969325))
	  ->  Bitmap Index Scan on sbtest5_pkey  (cost=0.00..39.95 rows=1152 width=0)
	        Index Cond: ((id >= 968326) AND (id <= 969325))

table 6 : explain SELECT c FROM sbtest6 WHERE id BETWEEN 3607740 AND 3608739
	Bitmap Heap Scan on sbtest6  (cost=35.34..4118.48 rows=1064 width=121)
	  Recheck Cond: ((id >= 3607740) AND (id <= 3608739))
	  ->  Bitmap Index Scan on sbtest6_pkey  (cost=0.00..35.08 rows=1064 width=0)
	        Index Cond: ((id >= 3607740) AND (id <= 3608739))

table 7 : explain SELECT c FROM sbtest7 WHERE id BETWEEN 5444548 AND 5445547
	Bitmap Heap Scan on sbtest7  (cost=34.95..3981.32 rows=1026 width=121)
	  Recheck Cond: ((id >= 5444548) AND (id <= 5445547))
	  ->  Bitmap Index Scan on sbtest7_pkey  (cost=0.00..34.70 rows=1026 width=0)
	        Index Cond: ((id >= 5444548) AND (id <= 5445547))

table 8 : explain SELECT c FROM sbtest8 WHERE id BETWEEN 500986 AND 501985
	Bitmap Heap Scan on sbtest8  (cost=35.07..4024.91 rows=1038 width=121)
	  Recheck Cond: ((id >= 500986) AND (id <= 501985))
	  ->  Bitmap Index Scan on sbtest8_pkey  (cost=0.00..34.82 rows=1038 width=0)
	        Index Cond: ((id >= 500986) AND (id <= 501985))

explain: for point_selects :: explain SELECT c FROM sbtest%u WHERE id=%u
for: simple_ranges
table 1 : explain SELECT c FROM sbtest1 WHERE id BETWEEN 7200432 AND 7201431
	Bitmap Heap Scan on sbtest1  (cost=34.45..3791.09 rows=977 width=121)
	  Recheck Cond: ((id >= 7200432) AND (id <= 7201431))
	  ->  Bitmap Index Scan on sbtest1_pkey  (cost=0.00..34.20 rows=977 width=0)
	        Index Cond: ((id >= 7200432) AND (id <= 7201431))

table 2 : explain SELECT c FROM sbtest2 WHERE id BETWEEN 3318246 AND 3319245
	Bitmap Heap Scan on sbtest2  (cost=34.28..3725.99 rows=960 width=121)
	  Recheck Cond: ((id >= 3318246) AND (id <= 3319245))
	  ->  Bitmap Index Scan on sbtest2_pkey  (cost=0.00..34.04 rows=960 width=0)
	        Index Cond: ((id >= 3318246) AND (id <= 3319245))

table 3 : explain SELECT c FROM sbtest3 WHERE id BETWEEN 52393 AND 53392
	Bitmap Heap Scan on sbtest3  (cost=34.75..3902.34 rows=1006 width=121)
	  Recheck Cond: ((id >= 52393) AND (id <= 53392))
	  ->  Bitmap Index Scan on sbtest3_pkey  (cost=0.00..34.50 rows=1006 width=0)
	        Index Cond: ((id >= 52393) AND (id <= 53392))

table 4 : explain SELECT c FROM sbtest4 WHERE id BETWEEN 2964014 AND 2965013
	Bitmap Heap Scan on sbtest4  (cost=29.73..3526.31 rows=907 width=121)
	  Recheck Cond: ((id >= 2964014) AND (id <= 2965013))
	  ->  Bitmap Index Scan on sbtest4_pkey  (cost=0.00..29.50 rows=907 width=0)
	        Index Cond: ((id >= 2964014) AND (id <= 2965013))

table 5 : explain SELECT c FROM sbtest5 WHERE id BETWEEN 6338616 AND 6339615
	Bitmap Heap Scan on sbtest5  (cost=34.62..3851.88 rows=994 width=121)
	  Recheck Cond: ((id >= 6338616) AND (id <= 6339615))
	  ->  Bitmap Index Scan on sbtest5_pkey  (cost=0.00..34.38 rows=994 width=0)
	        Index Cond: ((id >= 6338616) AND (id <= 6339615))

table 6 : explain SELECT c FROM sbtest6 WHERE id BETWEEN 664071 AND 665070
	Bitmap Heap Scan on sbtest6  (cost=34.50..3809.38 rows=982 width=121)
	  Recheck Cond: ((id >= 664071) AND (id <= 665070))
	  ->  Bitmap Index Scan on sbtest6_pkey  (cost=0.00..34.26 rows=982 width=0)
	        Index Cond: ((id >= 664071) AND (id <= 665070))

table 7 : explain SELECT c FROM sbtest7 WHERE id BETWEEN 8926651 AND 8927650
	Bitmap Heap Scan on sbtest7  (cost=35.12..4041.75 rows=1042 width=121)
	  Recheck Cond: ((id >= 8926651) AND (id <= 8927650))
	  ->  Bitmap Index Scan on sbtest7_pkey  (cost=0.00..34.86 rows=1042 width=0)
	        Index Cond: ((id >= 8926651) AND (id <= 8927650))

table 8 : explain SELECT c FROM sbtest8 WHERE id BETWEEN 746286 AND 747285
	Index Scan using sbtest8_pkey on sbtest8  (cost=0.43..3583.07 rows=914 width=121)
	  Index Cond: ((id >= 746286) AND (id <= 747285))

for: simple_ranges
table 1 : explain SELECT c FROM sbtest1 WHERE id BETWEEN 2249853 AND 2250852
	Bitmap Heap Scan on sbtest1  (cost=40.11..4401.48 rows=1139 width=121)
	  Recheck Cond: ((id >= 2249853) AND (id <= 2250852))
	  ->  Bitmap Index Scan on sbtest1_pkey  (cost=0.00..39.83 rows=1139 width=0)
	        Index Cond: ((id >= 2249853) AND (id <= 2250852))

table 2 : explain SELECT c FROM sbtest2 WHERE id BETWEEN 9947795 AND 9948794
	Bitmap Heap Scan on sbtest2  (cost=35.23..4076.71 rows=1053 width=121)
	  Recheck Cond: ((id >= 9947795) AND (id <= 9948794))
	  ->  Bitmap Index Scan on sbtest2_pkey  (cost=0.00..34.97 rows=1053 width=0)
	        Index Cond: ((id >= 9947795) AND (id <= 9948794))

table 3 : explain SELECT c FROM sbtest3 WHERE id BETWEEN 4636716 AND 4637715
	Bitmap Heap Scan on sbtest3  (cost=34.87..3947.64 rows=1018 width=121)
	  Recheck Cond: ((id >= 4636716) AND (id <= 4637715))
	  ->  Bitmap Index Scan on sbtest3_pkey  (cost=0.00..34.62 rows=1018 width=0)
	        Index Cond: ((id >= 4636716) AND (id <= 4637715))

table 4 : explain SELECT c FROM sbtest4 WHERE id BETWEEN 520124 AND 521123
	Bitmap Heap Scan on sbtest4  (cost=34.28..3731.10 rows=960 width=121)
	  Recheck Cond: ((id >= 520124) AND (id <= 521123))
	  ->  Bitmap Index Scan on sbtest4_pkey  (cost=0.00..34.04 rows=960 width=0)
	        Index Cond: ((id >= 520124) AND (id <= 521123))

table 5 : explain SELECT c FROM sbtest5 WHERE id BETWEEN 1301005 AND 1302004
	Bitmap Heap Scan on sbtest5  (cost=34.26..3719.89 rows=959 width=121)
	  Recheck Cond: ((id >= 1301005) AND (id <= 1302004))
	  ->  Bitmap Index Scan on sbtest5_pkey  (cost=0.00..34.03 rows=959 width=0)
	        Index Cond: ((id >= 1301005) AND (id <= 1302004))

table 6 : explain SELECT c FROM sbtest6 WHERE id BETWEEN 569836 AND 570835
	Bitmap Heap Scan on sbtest6  (cost=34.55..3828.25 rows=987 width=121)
	  Recheck Cond: ((id >= 569836) AND (id <= 570835))
	  ->  Bitmap Index Scan on sbtest6_pkey  (cost=0.00..34.31 rows=987 width=0)
	        Index Cond: ((id >= 569836) AND (id <= 570835))

table 7 : explain SELECT c FROM sbtest7 WHERE id BETWEEN 1227606 AND 1228605
	Bitmap Heap Scan on sbtest7  (cost=29.44..3420.63 rows=879 width=121)
	  Recheck Cond: ((id >= 1227606) AND (id <= 1228605))
	  ->  Bitmap Index Scan on sbtest7_pkey  (cost=0.00..29.22 rows=879 width=0)
	        Index Cond: ((id >= 1227606) AND (id <= 1228605))

table 8 : explain SELECT c FROM sbtest8 WHERE id BETWEEN 2082868 AND 2083867
	Bitmap Heap Scan on sbtest8  (cost=35.28..4100.36 rows=1058 width=121)
	  Recheck Cond: ((id >= 2082868) AND (id <= 2083867))
	  ->  Bitmap Index Scan on sbtest8_pkey  (cost=0.00..35.02 rows=1058 width=0)
	        Index Cond: ((id >= 2082868) AND (id <= 2083867))

for: simple_ranges
table 1 : explain SELECT c FROM sbtest1 WHERE id BETWEEN 8192824 AND 8193823
	Bitmap Heap Scan on sbtest1  (cost=29.56..3458.06 rows=890 width=121)
	  Recheck Cond: ((id >= 8192824) AND (id <= 8193823))
	  ->  Bitmap Index Scan on sbtest1_pkey  (cost=0.00..29.33 rows=890 width=0)
	        Index Cond: ((id >= 8192824) AND (id <= 8193823))

table 2 : explain SELECT c FROM sbtest2 WHERE id BETWEEN 8626276 AND 8627275
	Bitmap Heap Scan on sbtest2  (cost=34.48..3801.51 rows=980 width=121)
	  Recheck Cond: ((id >= 8626276) AND (id <= 8627275))
	  ->  Bitmap Index Scan on sbtest2_pkey  (cost=0.00..34.23 rows=980 width=0)
	        Index Cond: ((id >= 8626276) AND (id <= 8627275))

table 3 : explain SELECT c FROM sbtest3 WHERE id BETWEEN 7708158 AND 7709157
	Bitmap Heap Scan on sbtest3  (cost=34.11..3668.03 rows=944 width=121)
	  Recheck Cond: ((id >= 7708158) AND (id <= 7709157))
	  ->  Bitmap Index Scan on sbtest3_pkey  (cost=0.00..33.88 rows=944 width=0)
	        Index Cond: ((id >= 7708158) AND (id <= 7709157))

table 4 : explain SELECT c FROM sbtest4 WHERE id BETWEEN 3755961 AND 3756960
	Bitmap Heap Scan on sbtest4  (cost=35.00..3999.53 rows=1031 width=121)
	  Recheck Cond: ((id >= 3755961) AND (id <= 3756960))
	  ->  Bitmap Index Scan on sbtest4_pkey  (cost=0.00..34.75 rows=1031 width=0)
	        Index Cond: ((id >= 3755961) AND (id <= 3756960))

table 5 : explain SELECT c FROM sbtest5 WHERE id BETWEEN 2823137 AND 2824136
	Bitmap Heap Scan on sbtest5  (cost=35.08..4021.35 rows=1039 width=121)
	  Recheck Cond: ((id >= 2823137) AND (id <= 2824136))
	  ->  Bitmap Index Scan on sbtest5_pkey  (cost=0.00..34.83 rows=1039 width=0)
	        Index Cond: ((id >= 2823137) AND (id <= 2824136))

table 6 : explain SELECT c FROM sbtest6 WHERE id BETWEEN 6478171 AND 6479170
	Bitmap Heap Scan on sbtest6  (cost=29.60..3472.70 rows=894 width=121)
	  Recheck Cond: ((id >= 6478171) AND (id <= 6479170))
	  ->  Bitmap Index Scan on sbtest6_pkey  (cost=0.00..29.37 rows=894 width=0)
	        Index Cond: ((id >= 6478171) AND (id <= 6479170))

table 7 : explain SELECT c FROM sbtest7 WHERE id BETWEEN 2506312 AND 2507311
	Bitmap Heap Scan on sbtest7  (cost=34.95..3981.32 rows=1026 width=121)
	  Recheck Cond: ((id >= 2506312) AND (id <= 2507311))
	  ->  Bitmap Index Scan on sbtest7_pkey  (cost=0.00..34.70 rows=1026 width=0)
	        Index Cond: ((id >= 2506312) AND (id <= 2507311))

table 8 : explain SELECT c FROM sbtest8 WHERE id BETWEEN 2482548 AND 2483547
	Bitmap Heap Scan on sbtest8  (cost=35.05..4017.36 rows=1036 width=121)
	  Recheck Cond: ((id >= 2482548) AND (id <= 2483547))
	  ->  Bitmap Index Scan on sbtest8_pkey  (cost=0.00..34.80 rows=1036 width=0)
	        Index Cond: ((id >= 2482548) AND (id <= 2483547))

for: simple_ranges
table 1 : explain SELECT c FROM sbtest1 WHERE id BETWEEN 5333824 AND 5334823
	Bitmap Heap Scan on sbtest1  (cost=34.55..3828.84 rows=987 width=121)
	  Recheck Cond: ((id >= 5333824) AND (id <= 5334823))
	  ->  Bitmap Index Scan on sbtest1_pkey  (cost=0.00..34.31 rows=987 width=0)
	        Index Cond: ((id >= 5333824) AND (id <= 5334823))

table 2 : explain SELECT c FROM sbtest2 WHERE id BETWEEN 4012673 AND 4013672
	Bitmap Heap Scan on sbtest2  (cost=40.24..4449.15 rows=1152 width=121)
	  Recheck Cond: ((id >= 4012673) AND (id <= 4013672))
	  ->  Bitmap Index Scan on sbtest2_pkey  (cost=0.00..39.95 rows=1152 width=0)
	        Index Cond: ((id >= 4012673) AND (id <= 4013672))

table 3 : explain SELECT c FROM sbtest3 WHERE id BETWEEN 406751 AND 407750
	Bitmap Heap Scan on sbtest3  (cost=34.49..3807.92 rows=981 width=121)
	  Recheck Cond: ((id >= 406751) AND (id <= 407750))
	  ->  Bitmap Index Scan on sbtest3_pkey  (cost=0.00..34.25 rows=981 width=0)
	        Index Cond: ((id >= 406751) AND (id <= 407750))

table 4 : explain SELECT c FROM sbtest4 WHERE id BETWEEN 5988804 AND 5989803
	Bitmap Heap Scan on sbtest4  (cost=39.92..4339.14 rows=1120 width=121)
	  Recheck Cond: ((id >= 5988804) AND (id <= 5989803))
	  ->  Bitmap Index Scan on sbtest4_pkey  (cost=0.00..39.64 rows=1120 width=0)
	        Index Cond: ((id >= 5988804) AND (id <= 5989803))

table 5 : explain SELECT c FROM sbtest5 WHERE id BETWEEN 6828642 AND 6829641
	Bitmap Heap Scan on sbtest5  (cost=34.63..3855.65 rows=995 width=121)
	  Recheck Cond: ((id >= 6828642) AND (id <= 6829641))
	  ->  Bitmap Index Scan on sbtest5_pkey  (cost=0.00..34.39 rows=995 width=0)
	        Index Cond: ((id >= 6828642) AND (id <= 6829641))

table 6 : explain SELECT c FROM sbtest6 WHERE id BETWEEN 7262521 AND 7263520
	Bitmap Heap Scan on sbtest6  (cost=34.69..3877.31 rows=1000 width=121)
	  Recheck Cond: ((id >= 7262521) AND (id <= 7263520))
	  ->  Bitmap Index Scan on sbtest6_pkey  (cost=0.00..34.44 rows=1000 width=0)
	        Index Cond: ((id >= 7262521) AND (id <= 7263520))

table 7 : explain SELECT c FROM sbtest7 WHERE id BETWEEN 7501974 AND 7502973
	Bitmap Heap Scan on sbtest7  (cost=34.75..3905.74 rows=1006 width=121)
	  Recheck Cond: ((id >= 7501974) AND (id <= 7502973))
	  ->  Bitmap Index Scan on sbtest7_pkey  (cost=0.00..34.50 rows=1006 width=0)
	        Index Cond: ((id >= 7501974) AND (id <= 7502973))

table 8 : explain SELECT c FROM sbtest8 WHERE id BETWEEN 5898618 AND 5899617
	Index Scan using sbtest8_pkey on sbtest8  (cost=0.43..3828.61 rows=977 width=121)
	  Index Cond: ((id >= 5898618) AND (id <= 5899617))

for point_selects
table 1 : explain SELECT c FROM sbtest1 WHERE id=2492459
	Index Scan using sbtest1_pkey on sbtest1  (cost=0.43..8.45 rows=1 width=121)
	  Index Cond: (id = 2492459)

table 2 : explain SELECT c FROM sbtest2 WHERE id=3269383
	Index Scan using sbtest2_pkey on sbtest2  (cost=0.43..8.45 rows=1 width=121)
	  Index Cond: (id = 3269383)

table 3 : explain SELECT c FROM sbtest3 WHERE id=3742979
	Index Scan using sbtest3_pkey on sbtest3  (cost=0.43..8.45 rows=1 width=121)
	  Index Cond: (id = 3742979)

table 4 : explain SELECT c FROM sbtest4 WHERE id=4840790
	Index Scan using sbtest4_pkey on sbtest4  (cost=0.43..8.45 rows=1 width=121)
	  Index Cond: (id = 4840790)

table 5 : explain SELECT c FROM sbtest5 WHERE id=2585680
	Index Scan using sbtest5_pkey on sbtest5  (cost=0.43..8.45 rows=1 width=121)
	  Index Cond: (id = 2585680)

table 6 : explain SELECT c FROM sbtest6 WHERE id=7869073
	Index Scan using sbtest6_pkey on sbtest6  (cost=0.43..8.45 rows=1 width=121)
	  Index Cond: (id = 7869073)

table 7 : explain SELECT c FROM sbtest7 WHERE id=2024965
	Index Scan using sbtest7_pkey on sbtest7  (cost=0.43..8.45 rows=1 width=121)
	  Index Cond: (id = 2024965)

table 8 : explain SELECT c FROM sbtest8 WHERE id=725207
	Index Scan using sbtest8_pkey on sbtest8  (cost=0.43..8.45 rows=1 width=121)
	  Index Cond: (id = 725207)

for: simple_ranges
table 1 : explain SELECT c FROM sbtest1 WHERE id BETWEEN 2444166 AND 2445165
	Bitmap Heap Scan on sbtest1  (cost=34.57..3836.39 rows=989 width=121)
	  Recheck Cond: ((id >= 2444166) AND (id <= 2445165))
	  ->  Bitmap Index Scan on sbtest1_pkey  (cost=0.00..34.33 rows=989 width=0)
	        Index Cond: ((id >= 2444166) AND (id <= 2445165))

table 2 : explain SELECT c FROM sbtest2 WHERE id BETWEEN 1731958 AND 1732957
	Bitmap Heap Scan on sbtest2  (cost=29.69..3506.49 rows=903 width=121)
	  Recheck Cond: ((id >= 1731958) AND (id <= 1732957))
	  ->  Bitmap Index Scan on sbtest2_pkey  (cost=0.00..29.46 rows=903 width=0)
	        Index Cond: ((id >= 1731958) AND (id <= 1732957))

table 3 : explain SELECT c FROM sbtest3 WHERE id BETWEEN 6579625 AND 6580624
	Bitmap Heap Scan on sbtest3  (cost=33.89..3584.78 rows=922 width=121)
	  Recheck Cond: ((id >= 6579625) AND (id <= 6580624))
	  ->  Bitmap Index Scan on sbtest3_pkey  (cost=0.00..33.66 rows=922 width=0)
	        Index Cond: ((id >= 6579625) AND (id <= 6580624))

table 4 : explain SELECT c FROM sbtest4 WHERE id BETWEEN 4285120 AND 4286119
	Bitmap Heap Scan on sbtest4  (cost=34.41..3780.29 rows=973 width=121)
	  Recheck Cond: ((id >= 4285120) AND (id <= 4286119))
	  ->  Bitmap Index Scan on sbtest4_pkey  (cost=0.00..34.17 rows=973 width=0)
	        Index Cond: ((id >= 4285120) AND (id <= 4286119))

table 5 : explain SELECT c FROM sbtest5 WHERE id BETWEEN 5126956 AND 5127955
	Bitmap Heap Scan on sbtest5  (cost=34.45..3787.79 rows=977 width=121)
	  Recheck Cond: ((id >= 5126956) AND (id <= 5127955))
	  ->  Bitmap Index Scan on sbtest5_pkey  (cost=0.00..34.20 rows=977 width=0)
	        Index Cond: ((id >= 5126956) AND (id <= 5127955))

table 6 : explain SELECT c FROM sbtest6 WHERE id BETWEEN 8590734 AND 8591733
	Bitmap Heap Scan on sbtest6  (cost=35.09..4028.10 rows=1040 width=121)
	  Recheck Cond: ((id >= 8590734) AND (id <= 8591733))
	  ->  Bitmap Index Scan on sbtest6_pkey  (cost=0.00..34.84 rows=1040 width=0)
	        Index Cond: ((id >= 8590734) AND (id <= 8591733))

table 7 : explain SELECT c FROM sbtest7 WHERE id BETWEEN 1487281 AND 1488280
	Bitmap Heap Scan on sbtest7  (cost=35.00..4000.21 rows=1031 width=121)
	  Recheck Cond: ((id >= 1487281) AND (id <= 1488280))
	  ->  Bitmap Index Scan on sbtest7_pkey  (cost=0.00..34.75 rows=1031 width=0)
	        Index Cond: ((id >= 1487281) AND (id <= 1488280))

table 8 : explain SELECT c FROM sbtest8 WHERE id BETWEEN 5485969 AND 5486968
	Index Scan using sbtest8_pkey on sbtest8  (cost=0.43..3777.96 rows=964 width=121)
	  Index Cond: ((id >= 5485969) AND (id <= 5486968))

for point_selects
table 1 : explain SELECT c FROM sbtest1 WHERE id=7031454
	Index Scan using sbtest1_pkey on sbtest1  (cost=0.43..8.45 rows=1 width=121)
	  Index Cond: (id = 7031454)

table 2 : explain SELECT c FROM sbtest2 WHERE id=3953524
	Index Scan using sbtest2_pkey on sbtest2  (cost=0.43..8.45 rows=1 width=121)
	  Index Cond: (id = 3953524)

table 3 : explain SELECT c FROM sbtest3 WHERE id=7127710
	Index Scan using sbtest3_pkey on sbtest3  (cost=0.43..8.45 rows=1 width=121)
	  Index Cond: (id = 7127710)

table 4 : explain SELECT c FROM sbtest4 WHERE id=3033654
	Index Scan using sbtest4_pkey on sbtest4  (cost=0.43..8.45 rows=1 width=121)
	  Index Cond: (id = 3033654)

table 5 : explain SELECT c FROM sbtest5 WHERE id=4047962
	Index Scan using sbtest5_pkey on sbtest5  (cost=0.43..8.45 rows=1 width=121)
	  Index Cond: (id = 4047962)

table 6 : explain SELECT c FROM sbtest6 WHERE id=7110514
	Index Scan using sbtest6_pkey on sbtest6  (cost=0.43..8.45 rows=1 width=121)
	  Index Cond: (id = 7110514)

table 7 : explain SELECT c FROM sbtest7 WHERE id=9772657
	Index Scan using sbtest7_pkey on sbtest7  (cost=0.43..8.45 rows=1 width=121)
	  Index Cond: (id = 9772657)

table 8 : explain SELECT c FROM sbtest8 WHERE id=3601814
	Index Scan using sbtest8_pkey on sbtest8  (cost=0.43..8.45 rows=1 width=121)
	  Index Cond: (id = 3601814)

for point_selects
table 1 : explain SELECT c FROM sbtest1 WHERE id=9319063
	Index Scan using sbtest1_pkey on sbtest1  (cost=0.43..8.45 rows=1 width=121)
	  Index Cond: (id = 9319063)

table 2 : explain SELECT c FROM sbtest2 WHERE id=1266107
	Index Scan using sbtest2_pkey on sbtest2  (cost=0.43..8.45 rows=1 width=121)
	  Index Cond: (id = 1266107)

table 3 : explain SELECT c FROM sbtest3 WHERE id=4618392
	Index Scan using sbtest3_pkey on sbtest3  (cost=0.43..8.45 rows=1 width=121)
	  Index Cond: (id = 4618392)

table 4 : explain SELECT c FROM sbtest4 WHERE id=3790354
	Index Scan using sbtest4_pkey on sbtest4  (cost=0.43..8.45 rows=1 width=121)
	  Index Cond: (id = 3790354)

table 5 : explain SELECT c FROM sbtest5 WHERE id=834909
	Index Scan using sbtest5_pkey on sbtest5  (cost=0.43..8.45 rows=1 width=121)
	  Index Cond: (id = 834909)

table 6 : explain SELECT c FROM sbtest6 WHERE id=672899
	Index Scan using sbtest6_pkey on sbtest6  (cost=0.43..8.45 rows=1 width=121)
	  Index Cond: (id = 672899)

table 7 : explain SELECT c FROM sbtest7 WHERE id=7018722
	Index Scan using sbtest7_pkey on sbtest7  (cost=0.43..8.45 rows=1 width=121)
	  Index Cond: (id = 7018722)

table 8 : explain SELECT c FROM sbtest8 WHERE id=101171
	Index Scan using sbtest8_pkey on sbtest8  (cost=0.43..8.45 rows=1 width=121)
	  Index Cond: (id = 101171)

for: simple_ranges
table 1 : explain SELECT c FROM sbtest1 WHERE id BETWEEN 3130314 AND 3131313
	Bitmap Heap Scan on sbtest1  (cost=39.75..4273.66 rows=1104 width=121)
	  Recheck Cond: ((id >= 3130314) AND (id <= 3131313))
	  ->  Bitmap Index Scan on sbtest1_pkey  (cost=0.00..39.48 rows=1104 width=0)
	        Index Cond: ((id >= 3130314) AND (id <= 3131313))

table 2 : explain SELECT c FROM sbtest2 WHERE id BETWEEN 771798 AND 772797
	Bitmap Heap Scan on sbtest2  (cost=34.55..3827.93 rows=987 width=121)
	  Recheck Cond: ((id >= 771798) AND (id <= 772797))
	  ->  Bitmap Index Scan on sbtest2_pkey  (cost=0.00..34.31 rows=987 width=0)
	        Index Cond: ((id >= 771798) AND (id <= 772797))

table 3 : explain SELECT c FROM sbtest3 WHERE id BETWEEN 5570905 AND 5571904
	Bitmap Heap Scan on sbtest3  (cost=35.46..4166.31 rows=1076 width=121)
	  Recheck Cond: ((id >= 5570905) AND (id <= 5571904))
	  ->  Bitmap Index Scan on sbtest3_pkey  (cost=0.00..35.20 rows=1076 width=0)
	        Index Cond: ((id >= 5570905) AND (id <= 5571904))

table 4 : explain SELECT c FROM sbtest4 WHERE id BETWEEN 4496756 AND 4497755
	Bitmap Heap Scan on sbtest4  (cost=34.93..3973.09 rows=1024 width=121)
	  Recheck Cond: ((id >= 4496756) AND (id <= 4497755))
	  ->  Bitmap Index Scan on sbtest4_pkey  (cost=0.00..34.68 rows=1024 width=0)
	        Index Cond: ((id >= 4496756) AND (id <= 4497755))

table 5 : explain SELECT c FROM sbtest5 WHERE id BETWEEN 5525109 AND 5526108
	Bitmap Heap Scan on sbtest5  (cost=29.44..3413.58 rows=879 width=121)
	  Recheck Cond: ((id >= 5525109) AND (id <= 5526108))
	  ->  Bitmap Index Scan on sbtest5_pkey  (cost=0.00..29.22 rows=879 width=0)
	        Index Cond: ((id >= 5525109) AND (id <= 5526108))

table 6 : explain SELECT c FROM sbtest6 WHERE id BETWEEN 3994007 AND 3995006
	Bitmap Heap Scan on sbtest6  (cost=34.76..3903.71 rows=1007 width=121)
	  Recheck Cond: ((id >= 3994007) AND (id <= 3995006))
	  ->  Bitmap Index Scan on sbtest6_pkey  (cost=0.00..34.51 rows=1007 width=0)
	        Index Cond: ((id >= 3994007) AND (id <= 3995006))

table 7 : explain SELECT c FROM sbtest7 WHERE id BETWEEN 2449168 AND 2450167
	Bitmap Heap Scan on sbtest7  (cost=34.36..3762.00 rows=968 width=121)
	  Recheck Cond: ((id >= 2449168) AND (id <= 2450167))
	  ->  Bitmap Index Scan on sbtest7_pkey  (cost=0.00..34.12 rows=968 width=0)
	        Index Cond: ((id >= 2449168) AND (id <= 2450167))

table 8 : explain SELECT c FROM sbtest8 WHERE id BETWEEN 1664064 AND 1665063
	Index Scan using sbtest8_pkey on sbtest8  (cost=0.43..3723.38 rows=950 width=121)
	  Index Cond: ((id >= 1664064) AND (id <= 1665063))

for: sum_ranges
table 1 : explain SELECT SUM(k) FROM sbtest1 WHERE id BETWEEN 6003072 AND 6004071
	Aggregate  (cost=3948.35..3948.36 rows=1 width=8)
	  ->  Bitmap Heap Scan on sbtest1  (cost=34.87..3945.81 rows=1018 width=4)
	        Recheck Cond: ((id >= 6003072) AND (id <= 6004071))
	        ->  Bitmap Index Scan on sbtest1_pkey  (cost=0.00..34.62 rows=1018 width=0)
	              Index Cond: ((id >= 6003072) AND (id <= 6004071))

table 2 : explain SELECT SUM(k) FROM sbtest2 WHERE id BETWEEN 6670085 AND 6671084
	Aggregate  (cost=4327.99..4328.00 rows=1 width=8)
	  ->  Bitmap Heap Scan on sbtest2  (cost=39.89..4325.19 rows=1118 width=4)
	        Recheck Cond: ((id >= 6670085) AND (id <= 6671084))
	        ->  Bitmap Index Scan on sbtest2_pkey  (cost=0.00..39.62 rows=1118 width=0)
	              Index Cond: ((id >= 6670085) AND (id <= 6671084))

table 3 : explain SELECT SUM(k) FROM sbtest3 WHERE id BETWEEN 1817068 AND 1818067
	Aggregate  (cost=4176.54..4176.55 rows=1 width=8)
	  ->  Bitmap Heap Scan on sbtest3  (cost=35.48..4173.84 rows=1078 width=4)
	        Recheck Cond: ((id >= 1817068) AND (id <= 1818067))
	        ->  Bitmap Index Scan on sbtest3_pkey  (cost=0.00..35.22 rows=1078 width=0)
	              Index Cond: ((id >= 1817068) AND (id <= 1818067))

table 4 : explain SELECT SUM(k) FROM sbtest4 WHERE id BETWEEN 3426455 AND 3427454
	Aggregate  (cost=4156.93..4156.94 rows=1 width=8)
	  ->  Bitmap Heap Scan on sbtest4  (cost=35.42..4154.25 rows=1072 width=4)
	        Recheck Cond: ((id >= 3426455) AND (id <= 3427454))
	        ->  Bitmap Index Scan on sbtest4_pkey  (cost=0.00..35.16 rows=1072 width=0)
	              Index Cond: ((id >= 3426455) AND (id <= 3427454))

table 5 : explain SELECT SUM(k) FROM sbtest5 WHERE id BETWEEN 6947194 AND 6948193
	Aggregate  (cost=3835.51..3835.52 rows=1 width=8)
	  ->  Bitmap Heap Scan on sbtest5  (cost=34.57..3833.03 rows=989 width=4)
	        Recheck Cond: ((id >= 6947194) AND (id <= 6948193))
	        ->  Bitmap Index Scan on sbtest5_pkey  (cost=0.00..34.33 rows=989 width=0)
	              Index Cond: ((id >= 6947194) AND (id <= 6948193))

table 6 : explain SELECT SUM(k) FROM sbtest6 WHERE id BETWEEN 7172451 AND 7173450
	Aggregate  (cost=3527.97..3527.98 rows=1 width=8)
	  ->  Bitmap Heap Scan on sbtest6  (cost=29.74..3525.70 rows=908 width=4)
	        Recheck Cond: ((id >= 7172451) AND (id <= 7173450))
	        ->  Bitmap Index Scan on sbtest6_pkey  (cost=0.00..29.51 rows=908 width=0)
	              Index Cond: ((id >= 7172451) AND (id <= 7173450))

table 7 : explain SELECT SUM(k) FROM sbtest7 WHERE id BETWEEN 3517435 AND 3518434
	Aggregate  (cost=3923.38..3923.39 rows=1 width=8)
	  ->  Bitmap Heap Scan on sbtest7  (cost=34.79..3920.86 rows=1010 width=4)
	        Recheck Cond: ((id >= 3517435) AND (id <= 3518434))
	        ->  Bitmap Index Scan on sbtest7_pkey  (cost=0.00..34.54 rows=1010 width=0)
	              Index Cond: ((id >= 3517435) AND (id <= 3518434))

table 8 : explain SELECT SUM(k) FROM sbtest8 WHERE id BETWEEN 6244107 AND 6245106
	Aggregate  (cost=3842.75..3842.76 rows=1 width=8)
	  ->  Index Scan using sbtest8_pkey on sbtest8  (cost=0.43..3840.30 rows=980 width=4)
	        Index Cond: ((id >= 6244107) AND (id <= 6245106))

for: simple_ranges
table 1 : explain SELECT c FROM sbtest1 WHERE id BETWEEN 8032697 AND 8033696
	Bitmap Heap Scan on sbtest1  (cost=34.81..3923.18 rows=1012 width=121)
	  Recheck Cond: ((id >= 8032697) AND (id <= 8033696))
	  ->  Bitmap Index Scan on sbtest1_pkey  (cost=0.00..34.56 rows=1012 width=0)
	        Index Cond: ((id >= 8032697) AND (id <= 8033696))

table 2 : explain SELECT c FROM sbtest2 WHERE id BETWEEN 6169439 AND 6170438
	Bitmap Heap Scan on sbtest2  (cost=34.67..3873.20 rows=999 width=121)
	  Recheck Cond: ((id >= 6169439) AND (id <= 6170438))
	  ->  Bitmap Index Scan on sbtest2_pkey  (cost=0.00..34.43 rows=999 width=0)
	        Index Cond: ((id >= 6169439) AND (id <= 6170438))

table 3 : explain SELECT c FROM sbtest3 WHERE id BETWEEN 1970686 AND 1971685
	Bitmap Heap Scan on sbtest3  (cost=35.21..4072.10 rows=1051 width=121)
	  Recheck Cond: ((id >= 1970686) AND (id <= 1971685))
	  ->  Bitmap Index Scan on sbtest3_pkey  (cost=0.00..34.95 rows=1051 width=0)
	        Index Cond: ((id >= 1970686) AND (id <= 1971685))

table 4 : explain SELECT c FROM sbtest4 WHERE id BETWEEN 262192 AND 263191
	Bitmap Heap Scan on sbtest4  (cost=35.53..4191.96 rows=1082 width=121)
	  Recheck Cond: ((id >= 262192) AND (id <= 263191))
	  ->  Bitmap Index Scan on sbtest4_pkey  (cost=0.00..35.26 rows=1082 width=0)
	        Index Cond: ((id >= 262192) AND (id <= 263191))

table 5 : explain SELECT c FROM sbtest5 WHERE id BETWEEN 2158285 AND 2159284
	Bitmap Heap Scan on sbtest5  (cost=29.74..3523.26 rows=908 width=121)
	  Recheck Cond: ((id >= 2158285) AND (id <= 2159284))
	  ->  Bitmap Index Scan on sbtest5_pkey  (cost=0.00..29.51 rows=908 width=0)
	        Index Cond: ((id >= 2158285) AND (id <= 2159284))

table 6 : explain SELECT c FROM sbtest6 WHERE id BETWEEN 9189588 AND 9190587
	Bitmap Heap Scan on sbtest6  (cost=34.92..3964.04 rows=1023 width=121)
	  Recheck Cond: ((id >= 9189588) AND (id <= 9190587))
	  ->  Bitmap Index Scan on sbtest6_pkey  (cost=0.00..34.67 rows=1023 width=0)
	        Index Cond: ((id >= 9189588) AND (id <= 9190587))

table 7 : explain SELECT c FROM sbtest7 WHERE id BETWEEN 3951823 AND 3952822
	Bitmap Heap Scan on sbtest7  (cost=34.07..3655.97 rows=940 width=121)
	  Recheck Cond: ((id >= 3951823) AND (id <= 3952822))
	  ->  Bitmap Index Scan on sbtest7_pkey  (cost=0.00..33.84 rows=940 width=0)
	        Index Cond: ((id >= 3951823) AND (id <= 3952822))

table 8 : explain SELECT c FROM sbtest8 WHERE id BETWEEN 7672044 AND 7673043
	Index Scan using sbtest8_pkey on sbtest8  (cost=0.43..3797.44 rows=969 width=121)
	  Index Cond: ((id >= 7672044) AND (id <= 7673043))

for: sum_ranges
table 1 : explain SELECT SUM(k) FROM sbtest1 WHERE id BETWEEN 9672346 AND 9673345
	Aggregate  (cost=4140.64..4140.65 rows=1 width=8)
	  ->  Bitmap Heap Scan on sbtest1  (cost=35.39..4137.97 rows=1069 width=4)
	        Recheck Cond: ((id >= 9672346) AND (id <= 9673345))
	        ->  Bitmap Index Scan on sbtest1_pkey  (cost=0.00..35.12 rows=1069 width=0)
	              Index Cond: ((id >= 9672346) AND (id <= 9673345))

table 2 : explain SELECT SUM(k) FROM sbtest2 WHERE id BETWEEN 8122304 AND 8123303
	Aggregate  (cost=3947.39..3947.40 rows=1 width=8)
	  ->  Bitmap Heap Scan on sbtest2  (cost=34.87..3944.84 rows=1018 width=4)
	        Recheck Cond: ((id >= 8122304) AND (id <= 8123303))
	        ->  Bitmap Index Scan on sbtest2_pkey  (cost=0.00..34.62 rows=1018 width=0)
	              Index Cond: ((id >= 8122304) AND (id <= 8123303))

table 3 : explain SELECT SUM(k) FROM sbtest3 WHERE id BETWEEN 5744474 AND 5745473
	Aggregate  (cost=3761.21..3761.22 rows=1 width=8)
	  ->  Bitmap Heap Scan on sbtest3  (cost=34.36..3758.79 rows=968 width=4)
	        Recheck Cond: ((id >= 5744474) AND (id <= 5745473))
	        ->  Bitmap Index Scan on sbtest3_pkey  (cost=0.00..34.12 rows=968 width=0)
	              Index Cond: ((id >= 5744474) AND (id <= 5745473))

table 4 : explain SELECT SUM(k) FROM sbtest4 WHERE id BETWEEN 6504503 AND 6505502
	Aggregate  (cost=3490.63..3490.64 rows=1 width=8)
	  ->  Bitmap Heap Scan on sbtest4  (cost=29.63..3488.39 rows=897 width=4)
	        Recheck Cond: ((id >= 6504503) AND (id <= 6505502))
	        ->  Bitmap Index Scan on sbtest4_pkey  (cost=0.00..29.40 rows=897 width=0)
	              Index Cond: ((id >= 6504503) AND (id <= 6505502))

table 5 : explain SELECT SUM(k) FROM sbtest5 WHERE id BETWEEN 471100 AND 472099
	Aggregate  (cost=3937.31..3937.32 rows=1 width=8)
	  ->  Bitmap Heap Scan on sbtest5  (cost=34.85..3934.77 rows=1016 width=4)
	        Recheck Cond: ((id >= 471100) AND (id <= 472099))
	        ->  Bitmap Index Scan on sbtest5_pkey  (cost=0.00..34.59 rows=1016 width=0)
	              Index Cond: ((id >= 471100) AND (id <= 472099))

table 6 : explain SELECT SUM(k) FROM sbtest6 WHERE id BETWEEN 2481048 AND 2482047
	Aggregate  (cost=3762.72..3762.73 rows=1 width=8)
	  ->  Bitmap Heap Scan on sbtest6  (cost=34.37..3760.30 rows=969 width=4)
	        Recheck Cond: ((id >= 2481048) AND (id <= 2482047))
	        ->  Bitmap Index Scan on sbtest6_pkey  (cost=0.00..34.12 rows=969 width=0)
	              Index Cond: ((id >= 2481048) AND (id <= 2482047))

table 7 : explain SELECT SUM(k) FROM sbtest7 WHERE id BETWEEN 964276 AND 965275
	Aggregate  (cost=3639.36..3639.37 rows=1 width=8)
	  ->  Bitmap Heap Scan on sbtest7  (cost=34.02..3637.02 rows=935 width=4)
	        Recheck Cond: ((id >= 964276) AND (id <= 965275))
	        ->  Bitmap Index Scan on sbtest7_pkey  (cost=0.00..33.79 rows=935 width=0)
	              Index Cond: ((id >= 964276) AND (id <= 965275))

table 8 : explain SELECT SUM(k) FROM sbtest8 WHERE id BETWEEN 4988137 AND 4989136
	Aggregate  (cost=4035.06..4035.07 rows=1 width=8)
	  ->  Bitmap Heap Scan on sbtest8  (cost=35.09..4032.46 rows=1040 width=4)
	        Recheck Cond: ((id >= 4988137) AND (id <= 4989136))
	        ->  Bitmap Index Scan on sbtest8_pkey  (cost=0.00..34.84 rows=1040 width=0)
	              Index Cond: ((id >= 4988137) AND (id <= 4989136))

explain: for point_selects :: explain SELECT c FROM sbtest%u WHERE id=%u
for: sum_ranges
table 1 : explain SELECT SUM(k) FROM sbtest1 WHERE id BETWEEN 1188808 AND 1189807
	Aggregate  (cost=3974.76..3974.77 rows=1 width=8)
	  ->  Bitmap Heap Scan on sbtest1  (cost=34.94..3972.20 rows=1025 width=4)
	        Recheck Cond: ((id >= 1188808) AND (id <= 1189807))
	        ->  Bitmap Index Scan on sbtest1_pkey  (cost=0.00..34.69 rows=1025 width=0)
	              Index Cond: ((id >= 1188808) AND (id <= 1189807))

table 2 : explain SELECT SUM(k) FROM sbtest2 WHERE id BETWEEN 7330936 AND 7331935
	Aggregate  (cost=4007.73..4007.74 rows=1 width=8)
	  ->  Bitmap Heap Scan on sbtest2  (cost=35.03..4005.14 rows=1034 width=4)
	        Recheck Cond: ((id >= 7330936) AND (id <= 7331935))
	        ->  Bitmap Index Scan on sbtest2_pkey  (cost=0.00..34.78 rows=1034 width=0)
	              Index Cond: ((id >= 7330936) AND (id <= 7331935))

table 3 : explain SELECT SUM(k) FROM sbtest3 WHERE id BETWEEN 2701794 AND 2702793
	Aggregate  (cost=4006.81..4006.82 rows=1 width=8)
	  ->  Bitmap Heap Scan on sbtest3  (cost=35.02..4004.23 rows=1033 width=4)
	        Recheck Cond: ((id >= 2701794) AND (id <= 2702793))
	        ->  Bitmap Index Scan on sbtest3_pkey  (cost=0.00..34.77 rows=1033 width=0)
	              Index Cond: ((id >= 2701794) AND (id <= 2702793))

table 4 : explain SELECT SUM(k) FROM sbtest4 WHERE id BETWEEN 5107405 AND 5108404
	Aggregate  (cost=3835.72..3835.73 rows=1 width=8)
	  ->  Bitmap Heap Scan on sbtest4  (cost=34.55..3833.25 rows=987 width=4)
	        Recheck Cond: ((id >= 5107405) AND (id <= 5108404))
	        ->  Bitmap Index Scan on sbtest4_pkey  (cost=0.00..34.31 rows=987 width=0)
	              Index Cond: ((id >= 5107405) AND (id <= 5108404))

table 5 : explain SELECT SUM(k) FROM sbtest5 WHERE id BETWEEN 7939438 AND 7940437
	Aggregate  (cost=3430.92..3430.93 rows=1 width=8)
	  ->  Bitmap Heap Scan on sbtest5  (cost=29.49..3428.71 rows=883 width=4)
	        Recheck Cond: ((id >= 7939438) AND (id <= 7940437))
	        ->  Bitmap Index Scan on sbtest5_pkey  (cost=0.00..29.26 rows=883 width=0)
	              Index Cond: ((id >= 7939438) AND (id <= 7940437))

table 6 : explain SELECT SUM(k) FROM sbtest6 WHERE id BETWEEN 2480854 AND 2481853
	Aggregate  (cost=3762.72..3762.73 rows=1 width=8)
	  ->  Bitmap Heap Scan on sbtest6  (cost=34.37..3760.30 rows=969 width=4)
	        Recheck Cond: ((id >= 2480854) AND (id <= 2481853))
	        ->  Bitmap Index Scan on sbtest6_pkey  (cost=0.00..34.12 rows=969 width=0)
	              Index Cond: ((id >= 2480854) AND (id <= 2481853))

table 7 : explain SELECT SUM(k) FROM sbtest7 WHERE id BETWEEN 5945572 AND 5946571
	Aggregate  (cost=3847.71..3847.72 rows=1 width=8)
	  ->  Bitmap Heap Scan on sbtest7  (cost=34.58..3845.24 rows=990 width=4)
	        Recheck Cond: ((id >= 5945572) AND (id <= 5946571))
	        ->  Bitmap Index Scan on sbtest7_pkey  (cost=0.00..34.34 rows=990 width=0)
	              Index Cond: ((id >= 5945572) AND (id <= 5946571))

table 8 : explain SELECT SUM(k) FROM sbtest8 WHERE id BETWEEN 3206617 AND 3207616
	Aggregate  (cost=3784.27..3784.28 rows=1 width=8)
	  ->  Index Scan using sbtest8_pkey on sbtest8  (cost=0.43..3781.85 rows=965 width=4)
	        Index Cond: ((id >= 3206617) AND (id <= 3207616))

for: sum_ranges
table 1 : explain SELECT SUM(k) FROM sbtest1 WHERE id BETWEEN 1203695 AND 1204694
	Aggregate  (cost=3880.41..3880.42 rows=1 width=8)
	  ->  Bitmap Heap Scan on sbtest1  (cost=34.69..3877.91 rows=1000 width=4)
	        Recheck Cond: ((id >= 1203695) AND (id <= 1204694))
	        ->  Bitmap Index Scan on sbtest1_pkey  (cost=0.00..34.44 rows=1000 width=0)
	              Index Cond: ((id >= 1203695) AND (id <= 1204694))

table 2 : explain SELECT SUM(k) FROM sbtest2 WHERE id BETWEEN 2118488 AND 2119487
	Aggregate  (cost=4117.01..4117.02 rows=1 width=8)
	  ->  Bitmap Heap Scan on sbtest2  (cost=35.33..4114.35 rows=1063 width=4)
	        Recheck Cond: ((id >= 2118488) AND (id <= 2119487))
	        ->  Bitmap Index Scan on sbtest2_pkey  (cost=0.00..35.07 rows=1063 width=0)
	              Index Cond: ((id >= 2118488) AND (id <= 2119487))

table 3 : explain SELECT SUM(k) FROM sbtest3 WHERE id BETWEEN 2333873 AND 2334872
	Aggregate  (cost=3897.30..3897.31 rows=1 width=8)
	  ->  Bitmap Heap Scan on sbtest3  (cost=34.73..3894.79 rows=1004 width=4)
	        Recheck Cond: ((id >= 2333873) AND (id <= 2334872))
	        ->  Bitmap Index Scan on sbtest3_pkey  (cost=0.00..34.48 rows=1004 width=0)
	              Index Cond: ((id >= 2333873) AND (id <= 2334872))

table 4 : explain SELECT SUM(k) FROM sbtest4 WHERE id BETWEEN 9883674 AND 9884673
	Aggregate  (cost=3813.01..3813.02 rows=1 width=8)
	  ->  Bitmap Heap Scan on sbtest4  (cost=34.49..3810.56 rows=981 width=4)
	        Recheck Cond: ((id >= 9883674) AND (id <= 9884673))
	        ->  Bitmap Index Scan on sbtest4_pkey  (cost=0.00..34.25 rows=981 width=0)
	              Index Cond: ((id >= 9883674) AND (id <= 9884673))

table 5 : explain SELECT SUM(k) FROM sbtest5 WHERE id BETWEEN 6849857 AND 6850856
	Aggregate  (cost=3858.14..3858.15 rows=1 width=8)
	  ->  Bitmap Heap Scan on sbtest5  (cost=34.63..3855.65 rows=995 width=4)
	        Recheck Cond: ((id >= 6849857) AND (id <= 6850856))
	        ->  Bitmap Index Scan on sbtest5_pkey  (cost=0.00..34.39 rows=995 width=0)
	              Index Cond: ((id >= 6849857) AND (id <= 6850856))

table 6 : explain SELECT SUM(k) FROM sbtest6 WHERE id BETWEEN 3922983 AND 3923982
	Aggregate  (cost=4200.22..4200.23 rows=1 width=8)
	  ->  Bitmap Heap Scan on sbtest6  (cost=35.56..4197.51 rows=1085 width=4)
	        Recheck Cond: ((id >= 3922983) AND (id <= 3923982))
	        ->  Bitmap Index Scan on sbtest6_pkey  (cost=0.00..35.29 rows=1085 width=0)
	              Index Cond: ((id >= 3922983) AND (id <= 3923982))

table 7 : explain SELECT SUM(k) FROM sbtest7 WHERE id BETWEEN 627676 AND 628675
	Aggregate  (cost=3964.98..3964.99 rows=1 width=8)
	  ->  Bitmap Heap Scan on sbtest7  (cost=34.90..3962.43 rows=1021 width=4)
	        Recheck Cond: ((id >= 627676) AND (id <= 628675))
	        ->  Bitmap Index Scan on sbtest7_pkey  (cost=0.00..34.65 rows=1021 width=0)
	              Index Cond: ((id >= 627676) AND (id <= 628675))

table 8 : explain SELECT SUM(k) FROM sbtest8 WHERE id BETWEEN 6605784 AND 6606783
	Aggregate  (cost=4193.55..4193.56 rows=1 width=8)
	  ->  Bitmap Heap Scan on sbtest8  (cost=35.53..4190.85 rows=1082 width=4)
	        Recheck Cond: ((id >= 6605784) AND (id <= 6606783))
	        ->  Bitmap Index Scan on sbtest8_pkey  (cost=0.00..35.26 rows=1082 width=0)
	              Index Cond: ((id >= 6605784) AND (id <= 6606783))

for: sum_ranges
table 1 : explain SELECT SUM(k) FROM sbtest1 WHERE id BETWEEN 7708249 AND 7709248
	Aggregate  (cost=4001.17..4001.18 rows=1 width=8)
	  ->  Bitmap Heap Scan on sbtest1  (cost=35.01..3998.59 rows=1032 width=4)
	        Recheck Cond: ((id >= 7708249) AND (id <= 7709248))
	        ->  Bitmap Index Scan on sbtest1_pkey  (cost=0.00..34.76 rows=1032 width=0)
	              Index Cond: ((id >= 7708249) AND (id <= 7709248))

table 2 : explain SELECT SUM(k) FROM sbtest2 WHERE id BETWEEN 8129399 AND 8130398
	Aggregate  (cost=3947.39..3947.40 rows=1 width=8)
	  ->  Bitmap Heap Scan on sbtest2  (cost=34.87..3944.84 rows=1018 width=4)
	        Recheck Cond: ((id >= 8129399) AND (id <= 8130398))
	        ->  Bitmap Index Scan on sbtest2_pkey  (cost=0.00..34.62 rows=1018 width=0)
	              Index Cond: ((id >= 8129399) AND (id <= 8130398))

table 3 : explain SELECT SUM(k) FROM sbtest3 WHERE id BETWEEN 6196678 AND 6197677
	Aggregate  (cost=4323.67..4323.68 rows=1 width=8)
	  ->  Bitmap Heap Scan on sbtest3  (cost=39.87..4320.88 rows=1116 width=4)
	        Recheck Cond: ((id >= 6196678) AND (id <= 6197677))
	        ->  Bitmap Index Scan on sbtest3_pkey  (cost=0.00..39.59 rows=1116 width=0)
	              Index Cond: ((id >= 6196678) AND (id <= 6197677))

table 4 : explain SELECT SUM(k) FROM sbtest4 WHERE id BETWEEN 3444837 AND 3445836
	Aggregate  (cost=4156.93..4156.94 rows=1 width=8)
	  ->  Bitmap Heap Scan on sbtest4  (cost=35.42..4154.25 rows=1072 width=4)
	        Recheck Cond: ((id >= 3444837) AND (id <= 3445836))
	        ->  Bitmap Index Scan on sbtest4_pkey  (cost=0.00..35.16 rows=1072 width=0)
	              Index Cond: ((id >= 3444837) AND (id <= 3445836))

table 5 : explain SELECT SUM(k) FROM sbtest5 WHERE id BETWEEN 1365320 AND 1366319
	Aggregate  (cost=3722.28..3722.29 rows=1 width=8)
	  ->  Bitmap Heap Scan on sbtest5  (cost=34.26..3719.89 rows=959 width=4)
	        Recheck Cond: ((id >= 1365320) AND (id <= 1366319))
	        ->  Bitmap Index Scan on sbtest5_pkey  (cost=0.00..34.03 rows=959 width=0)
	              Index Cond: ((id >= 1365320) AND (id <= 1366319))

table 6 : explain SELECT SUM(k) FROM sbtest6 WHERE id BETWEEN 247414 AND 248413
	Aggregate  (cost=3656.86..3656.87 rows=1 width=8)
	  ->  Bitmap Heap Scan on sbtest6  (cost=34.08..3654.51 rows=941 width=4)
	        Recheck Cond: ((id >= 247414) AND (id <= 248413))
	        ->  Bitmap Index Scan on sbtest6_pkey  (cost=0.00..33.84 rows=941 width=0)
	              Index Cond: ((id >= 247414) AND (id <= 248413))

table 7 : explain SELECT SUM(k) FROM sbtest7 WHERE id BETWEEN 6817990 AND 6818989
	Aggregate  (cost=4044.36..4044.37 rows=1 width=8)
	  ->  Bitmap Heap Scan on sbtest7  (cost=35.12..4041.75 rows=1042 width=4)
	        Recheck Cond: ((id >= 6817990) AND (id <= 6818989))
	        ->  Bitmap Index Scan on sbtest7_pkey  (cost=0.00..34.86 rows=1042 width=0)
	              Index Cond: ((id >= 6817990) AND (id <= 6818989))

table 8 : explain SELECT SUM(k) FROM sbtest8 WHERE id BETWEEN 9689916 AND 9690915
	Aggregate  (cost=3374.64..3374.65 rows=1 width=8)
	  ->  Index Scan using sbtest8_pkey on sbtest8  (cost=0.43..3372.49 rows=861 width=4)
	        Index Cond: ((id >= 9689916) AND (id <= 9690915))

for: simple_ranges
table 1 : explain SELECT c FROM sbtest1 WHERE id BETWEEN 6391043 AND 6392042
	Bitmap Heap Scan on sbtest1  (cost=34.22..3707.98 rows=955 width=121)
	  Recheck Cond: ((id >= 6391043) AND (id <= 6392042))
	  ->  Bitmap Index Scan on sbtest1_pkey  (cost=0.00..33.98 rows=955 width=0)
	        Index Cond: ((id >= 6391043) AND (id <= 6392042))

table 2 : explain SELECT c FROM sbtest2 WHERE id BETWEEN 6743981 AND 6744980
	Bitmap Heap Scan on sbtest2  (cost=39.94..4340.22 rows=1122 width=121)
	  Recheck Cond: ((id >= 6743981) AND (id <= 6744980))
	  ->  Bitmap Index Scan on sbtest2_pkey  (cost=0.00..39.66 rows=1122 width=0)
	        Index Cond: ((id >= 6743981) AND (id <= 6744980))

table 3 : explain SELECT c FROM sbtest3 WHERE id BETWEEN 372565 AND 373564
	Bitmap Heap Scan on sbtest3  (cost=35.30..4106.03 rows=1060 width=121)
	  Recheck Cond: ((id >= 372565) AND (id <= 373564))
	  ->  Bitmap Index Scan on sbtest3_pkey  (cost=0.00..35.04 rows=1060 width=0)
	        Index Cond: ((id >= 372565) AND (id <= 373564))

table 4 : explain SELECT c FROM sbtest4 WHERE id BETWEEN 5863621 AND 5864620
	Bitmap Heap Scan on sbtest4  (cost=34.65..3871.06 rows=997 width=121)
	  Recheck Cond: ((id >= 5863621) AND (id <= 5864620))
	  ->  Bitmap Index Scan on sbtest4_pkey  (cost=0.00..34.41 rows=997 width=0)
	        Index Cond: ((id >= 5863621) AND (id <= 5864620))

table 5 : explain SELECT c FROM sbtest5 WHERE id BETWEEN 7641001 AND 7642000
	Bitmap Heap Scan on sbtest5  (cost=35.03..4002.54 rows=1034 width=121)
	  Recheck Cond: ((id >= 7641001) AND (id <= 7642000))
	  ->  Bitmap Index Scan on sbtest5_pkey  (cost=0.00..34.78 rows=1034 width=0)
	        Index Cond: ((id >= 7641001) AND (id <= 7642000))

table 6 : explain SELECT c FROM sbtest6 WHERE id BETWEEN 4051153 AND 4052152
	Bitmap Heap Scan on sbtest6  (cost=34.76..3903.71 rows=1007 width=121)
	  Recheck Cond: ((id >= 4051153) AND (id <= 4052152))
	  ->  Bitmap Index Scan on sbtest6_pkey  (cost=0.00..34.51 rows=1007 width=0)
	        Index Cond: ((id >= 4051153) AND (id <= 4052152))

table 7 : explain SELECT c FROM sbtest7 WHERE id BETWEEN 839837 AND 840836
	Bitmap Heap Scan on sbtest7  (cost=34.89..3958.65 rows=1020 width=121)
	  Recheck Cond: ((id >= 839837) AND (id <= 840836))
	  ->  Bitmap Index Scan on sbtest7_pkey  (cost=0.00..34.64 rows=1020 width=0)
	        Index Cond: ((id >= 839837) AND (id <= 840836))

table 8 : explain SELECT c FROM sbtest8 WHERE id BETWEEN 3965485 AND 3966484
	Bitmap Heap Scan on sbtest8  (cost=35.58..4209.69 rows=1087 width=121)
	  Recheck Cond: ((id >= 3965485) AND (id <= 3966484))
	  ->  Bitmap Index Scan on sbtest8_pkey  (cost=0.00..35.31 rows=1087 width=0)
	        Index Cond: ((id >= 3965485) AND (id <= 3966484))

for: sum_ranges
table 1 : explain SELECT SUM(k) FROM sbtest1 WHERE id BETWEEN 8600843 AND 8601842
	Aggregate  (cost=3797.31..3797.32 rows=1 width=8)
	  ->  Bitmap Heap Scan on sbtest1  (cost=34.46..3794.86 rows=978 width=4)
	        Recheck Cond: ((id >= 8600843) AND (id <= 8601842))
	        ->  Bitmap Index Scan on sbtest1_pkey  (cost=0.00..34.22 rows=978 width=0)
	              Index Cond: ((id >= 8600843) AND (id <= 8601842))

table 2 : explain SELECT SUM(k) FROM sbtest2 WHERE id BETWEEN 8177720 AND 8178719
	Aggregate  (cost=3977.56..3977.57 rows=1 width=8)
	  ->  Bitmap Heap Scan on sbtest2  (cost=34.95..3975.00 rows=1026 width=4)
	        Recheck Cond: ((id >= 8177720) AND (id <= 8178719))
	        ->  Bitmap Index Scan on sbtest2_pkey  (cost=0.00..34.70 rows=1026 width=0)
	              Index Cond: ((id >= 8177720) AND (id <= 8178719))

table 3 : explain SELECT SUM(k) FROM sbtest3 WHERE id BETWEEN 9033956 AND 9034955
	Aggregate  (cost=3969.06..3969.07 rows=1 width=8)
	  ->  Bitmap Heap Scan on sbtest3  (cost=34.92..3966.50 rows=1023 width=4)
	        Recheck Cond: ((id >= 9033956) AND (id <= 9034955))
	        ->  Bitmap Index Scan on sbtest3_pkey  (cost=0.00..34.67 rows=1023 width=0)
	              Index Cond: ((id >= 9033956) AND (id <= 9034955))

table 4 : explain SELECT SUM(k) FROM sbtest4 WHERE id BETWEEN 1446592 AND 1447591
	Aggregate  (cost=3418.49..3418.50 rows=1 width=8)
	  ->  Bitmap Heap Scan on sbtest4  (cost=29.43..3416.30 rows=878 width=4)
	        Recheck Cond: ((id >= 1446592) AND (id <= 1447591))
	        ->  Bitmap Index Scan on sbtest4_pkey  (cost=0.00..29.21 rows=878 width=0)
	              Index Cond: ((id >= 1446592) AND (id <= 1447591))

table 5 : explain SELECT SUM(k) FROM sbtest5 WHERE id BETWEEN 2624678 AND 2625677
	Aggregate  (cost=3880.76..3880.77 rows=1 width=8)
	  ->  Bitmap Heap Scan on sbtest5  (cost=34.70..3878.26 rows=1001 width=4)
	        Recheck Cond: ((id >= 2624678) AND (id <= 2625677))
	        ->  Bitmap Index Scan on sbtest5_pkey  (cost=0.00..34.45 rows=1001 width=0)
	              Index Cond: ((id >= 2624678) AND (id <= 2625677))

table 6 : explain SELECT SUM(k) FROM sbtest6 WHERE id BETWEEN 1699656 AND 1700655
	Aggregate  (cost=4060.86..4060.87 rows=1 width=8)
	  ->  Bitmap Heap Scan on sbtest6  (cost=35.18..4058.24 rows=1048 width=4)
	        Recheck Cond: ((id >= 1699656) AND (id <= 1700655))
	        ->  Bitmap Index Scan on sbtest6_pkey  (cost=0.00..34.92 rows=1048 width=0)
	              Index Cond: ((id >= 1699656) AND (id <= 1700655))

table 7 : explain SELECT SUM(k) FROM sbtest7 WHERE id BETWEEN 8270385 AND 8271384
	Aggregate  (cost=3817.43..3817.44 rows=1 width=8)
	  ->  Bitmap Heap Scan on sbtest7  (cost=34.50..3814.97 rows=982 width=4)
	        Recheck Cond: ((id >= 8270385) AND (id <= 8271384))
	        ->  Bitmap Index Scan on sbtest7_pkey  (cost=0.00..34.26 rows=982 width=0)
	              Index Cond: ((id >= 8270385) AND (id <= 8271384))

table 8 : explain SELECT SUM(k) FROM sbtest8 WHERE id BETWEEN 5026349 AND 5027348
	Aggregate  (cost=3624.34..3624.35 rows=1 width=8)
	  ->  Index Scan using sbtest8_pkey on sbtest8  (cost=0.43..3622.03 rows=924 width=4)
	        Index Cond: ((id >= 5026349) AND (id <= 5027348))

for: sum_ranges
table 1 : explain SELECT SUM(k) FROM sbtest1 WHERE id BETWEEN 9369378 AND 9370377
	Aggregate  (cost=3782.19..3782.20 rows=1 width=8)
	  ->  Bitmap Heap Scan on sbtest1  (cost=34.42..3779.76 rows=974 width=4)
	        Recheck Cond: ((id >= 9369378) AND (id <= 9370377))
	        ->  Bitmap Index Scan on sbtest1_pkey  (cost=0.00..34.18 rows=974 width=0)
	              Index Cond: ((id >= 9369378) AND (id <= 9370377))

table 2 : explain SELECT SUM(k) FROM sbtest2 WHERE id BETWEEN 3865263 AND 3866262
	Aggregate  (cost=3769.96..3769.97 rows=1 width=8)
	  ->  Bitmap Heap Scan on sbtest2  (cost=34.39..3767.53 rows=971 width=4)
	        Recheck Cond: ((id >= 3865263) AND (id <= 3866262))
	        ->  Bitmap Index Scan on sbtest2_pkey  (cost=0.00..34.15 rows=971 width=0)
	              Index Cond: ((id >= 3865263) AND (id <= 3866262))

table 3 : explain SELECT SUM(k) FROM sbtest3 WHERE id BETWEEN 5257068 AND 5258067
	Aggregate  (cost=4286.02..4286.03 rows=1 width=8)
	  ->  Bitmap Heap Scan on sbtest3  (cost=39.77..4283.26 rows=1106 width=4)
	        Recheck Cond: ((id >= 5257068) AND (id <= 5258067))
	        ->  Bitmap Index Scan on sbtest3_pkey  (cost=0.00..39.50 rows=1106 width=0)
	              Index Cond: ((id >= 5257068) AND (id <= 5258067))

table 4 : explain SELECT SUM(k) FROM sbtest4 WHERE id BETWEEN 8235512 AND 8236511
	Aggregate  (cost=3858.42..3858.43 rows=1 width=8)
	  ->  Bitmap Heap Scan on sbtest4  (cost=34.61..3855.94 rows=993 width=4)
	        Recheck Cond: ((id >= 8235512) AND (id <= 8236511))
	        ->  Bitmap Index Scan on sbtest4_pkey  (cost=0.00..34.37 rows=993 width=0)
	              Index Cond: ((id >= 8235512) AND (id <= 8236511))

table 5 : explain SELECT SUM(k) FROM sbtest5 WHERE id BETWEEN 4321577 AND 4322576
	Aggregate  (cost=3963.68..3963.69 rows=1 width=8)
	  ->  Bitmap Heap Scan on sbtest5  (cost=34.92..3961.13 rows=1023 width=4)
	        Recheck Cond: ((id >= 4321577) AND (id <= 4322576))
	        ->  Bitmap Index Scan on sbtest5_pkey  (cost=0.00..34.67 rows=1023 width=0)
	              Index Cond: ((id >= 4321577) AND (id <= 4322576))

table 6 : explain SELECT SUM(k) FROM sbtest6 WHERE id BETWEEN 4209825 AND 4210824
	Aggregate  (cost=3951.51..3951.52 rows=1 width=8)
	  ->  Bitmap Heap Scan on sbtest6  (cost=34.88..3948.96 rows=1019 width=4)
	        Recheck Cond: ((id >= 4209825) AND (id <= 4210824))
	        ->  Bitmap Index Scan on sbtest6_pkey  (cost=0.00..34.62 rows=1019 width=0)
	              Index Cond: ((id >= 4209825) AND (id <= 4210824))

table 7 : explain SELECT SUM(k) FROM sbtest7 WHERE id BETWEEN 1049713 AND 1050712
	Aggregate  (cost=3639.36..3639.37 rows=1 width=8)
	  ->  Bitmap Heap Scan on sbtest7  (cost=34.02..3637.02 rows=935 width=4)
	        Recheck Cond: ((id >= 1049713) AND (id <= 1050712))
	        ->  Bitmap Index Scan on sbtest7_pkey  (cost=0.00..33.79 rows=935 width=0)
	              Index Cond: ((id >= 1049713) AND (id <= 1050712))

table 8 : explain SELECT SUM(k) FROM sbtest8 WHERE id BETWEEN 8203463 AND 8204462
	Aggregate  (cost=4099.24..4099.25 rows=1 width=8)
	  ->  Bitmap Heap Scan on sbtest8  (cost=35.27..4096.59 rows=1057 width=4)
	        Recheck Cond: ((id >= 8203463) AND (id <= 8204462))
	        ->  Bitmap Index Scan on sbtest8_pkey  (cost=0.00..35.01 rows=1057 width=0)
	              Index Cond: ((id >= 8203463) AND (id <= 8204462))

for point_selects
table 1 : explain SELECT c FROM sbtest1 WHERE id=4124755
	Index Scan using sbtest1_pkey on sbtest1  (cost=0.43..8.45 rows=1 width=121)
	  Index Cond: (id = 4124755)

table 2 : explain SELECT c FROM sbtest2 WHERE id=7236335
	Index Scan using sbtest2_pkey on sbtest2  (cost=0.43..8.45 rows=1 width=121)
	  Index Cond: (id = 7236335)

table 3 : explain SELECT c FROM sbtest3 WHERE id=5779273
	Index Scan using sbtest3_pkey on sbtest3  (cost=0.43..8.45 rows=1 width=121)
	  Index Cond: (id = 5779273)

table 4 : explain SELECT c FROM sbtest4 WHERE id=5639588
	Index Scan using sbtest4_pkey on sbtest4  (cost=0.43..8.45 rows=1 width=121)
	  Index Cond: (id = 5639588)

table 5 : explain SELECT c FROM sbtest5 WHERE id=671027
	Index Scan using sbtest5_pkey on sbtest5  (cost=0.43..8.45 rows=1 width=121)
	  Index Cond: (id = 671027)

table 6 : explain SELECT c FROM sbtest6 WHERE id=7445854
	Index Scan using sbtest6_pkey on sbtest6  (cost=0.43..8.45 rows=1 width=121)
	  Index Cond: (id = 7445854)

table 7 : explain SELECT c FROM sbtest7 WHERE id=3833247
	Index Scan using sbtest7_pkey on sbtest7  (cost=0.43..8.45 rows=1 width=121)
	  Index Cond: (id = 3833247)

table 8 : explain SELECT c FROM sbtest8 WHERE id=4839117
	Index Scan using sbtest8_pkey on sbtest8  (cost=0.43..8.45 rows=1 width=121)
	  Index Cond: (id = 4839117)

for: sum_ranges
table 1 : explain SELECT SUM(k) FROM sbtest1 WHERE id BETWEEN 1012740 AND 1013739
	Aggregate  (cost=4027.57..4027.58 rows=1 width=8)
	  ->  Bitmap Heap Scan on sbtest1  (cost=35.08..4024.97 rows=1039 width=4)
	        Recheck Cond: ((id >= 1012740) AND (id <= 1013739))
	        ->  Bitmap Index Scan on sbtest1_pkey  (cost=0.00..34.83 rows=1039 width=0)
	              Index Cond: ((id >= 1012740) AND (id <= 1013739))

table 2 : explain SELECT SUM(k) FROM sbtest2 WHERE id BETWEEN 6233994 AND 6234993
	Aggregate  (cost=3875.70..3875.71 rows=1 width=8)
	  ->  Bitmap Heap Scan on sbtest2  (cost=34.67..3873.20 rows=999 width=4)
	        Recheck Cond: ((id >= 6233994) AND (id <= 6234993))
	        ->  Bitmap Index Scan on sbtest2_pkey  (cost=0.00..34.43 rows=999 width=0)
	              Index Cond: ((id >= 6233994) AND (id <= 6234993))

table 3 : explain SELECT SUM(k) FROM sbtest3 WHERE id BETWEEN 3956230 AND 3957229
	Aggregate  (cost=3549.19..3549.20 rows=1 width=8)
	  ->  Bitmap Heap Scan on sbtest3  (cost=33.78..3546.91 rows=912 width=4)
	        Recheck Cond: ((id >= 3956230) AND (id <= 3957229))
	        ->  Bitmap Index Scan on sbtest3_pkey  (cost=0.00..33.56 rows=912 width=0)
	              Index Cond: ((id >= 3956230) AND (id <= 3957229))

table 4 : explain SELECT SUM(k) FROM sbtest4 WHERE id BETWEEN 2742847 AND 2743846
	Aggregate  (cost=3839.50..3839.51 rows=1 width=8)
	  ->  Bitmap Heap Scan on sbtest4  (cost=34.56..3837.03 rows=988 width=4)
	        Recheck Cond: ((id >= 2742847) AND (id <= 2743846))
	        ->  Bitmap Index Scan on sbtest4_pkey  (cost=0.00..34.32 rows=988 width=0)
	              Index Cond: ((id >= 2742847) AND (id <= 2743846))

table 5 : explain SELECT SUM(k) FROM sbtest5 WHERE id BETWEEN 8568207 AND 8569206
	Aggregate  (cost=3726.06..3726.07 rows=1 width=8)
	  ->  Bitmap Heap Scan on sbtest5  (cost=34.28..3723.66 rows=960 width=4)
	        Recheck Cond: ((id >= 8568207) AND (id <= 8569206))
	        ->  Bitmap Index Scan on sbtest5_pkey  (cost=0.00..34.04 rows=960 width=0)
	              Index Cond: ((id >= 8568207) AND (id <= 8569206))

table 6 : explain SELECT SUM(k) FROM sbtest6 WHERE id BETWEEN 74657 AND 75656
	Aggregate  (cost=3698.46..3698.47 rows=1 width=8)
	  ->  Bitmap Heap Scan on sbtest6  (cost=34.19..3696.08 rows=952 width=4)
	        Recheck Cond: ((id >= 74657) AND (id <= 75656))
	        ->  Bitmap Index Scan on sbtest6_pkey  (cost=0.00..33.95 rows=952 width=0)
	              Index Cond: ((id >= 74657) AND (id <= 75656))

table 7 : explain SELECT SUM(k) FROM sbtest7 WHERE id BETWEEN 8734388 AND 8735387
	Aggregate  (cost=3991.45..3991.46 rows=1 width=8)
	  ->  Bitmap Heap Scan on sbtest7  (cost=34.97..3988.88 rows=1028 width=4)
	        Recheck Cond: ((id >= 8734388) AND (id <= 8735387))
	        ->  Bitmap Index Scan on sbtest7_pkey  (cost=0.00..34.72 rows=1028 width=0)
	              Index Cond: ((id >= 8734388) AND (id <= 8735387))

table 8 : explain SELECT SUM(k) FROM sbtest8 WHERE id BETWEEN 9264364 AND 9265363
	Aggregate  (cost=4129.42..4129.43 rows=1 width=8)
	  ->  Bitmap Heap Scan on sbtest8  (cost=35.35..4126.76 rows=1065 width=4)
	        Recheck Cond: ((id >= 9264364) AND (id <= 9265363))
	        ->  Bitmap Index Scan on sbtest8_pkey  (cost=0.00..35.09 rows=1065 width=0)
	              Index Cond: ((id >= 9264364) AND (id <= 9265363))

for: order_ranges
table 1 : explain SELECT c FROM sbtest1 WHERE id BETWEEN 5566764 AND 5567763 ORDER BY c
	Sort  (cost=3736.07..3738.44 rows=950 width=121)
	  Sort Key: c
	  ->  Bitmap Heap Scan on sbtest1  (cost=34.17..3689.08 rows=950 width=121)
	        Recheck Cond: ((id >= 5566764) AND (id <= 5567763))
	        ->  Bitmap Index Scan on sbtest1_pkey  (cost=0.00..33.94 rows=950 width=0)
	              Index Cond: ((id >= 5566764) AND (id <= 5567763))

table 2 : explain SELECT c FROM sbtest2 WHERE id BETWEEN 7673123 AND 7674122 ORDER BY c
	Sort  (cost=3842.53..3844.98 rows=978 width=121)
	  Sort Key: c
	  ->  Bitmap Heap Scan on sbtest2  (cost=34.46..3793.96 rows=978 width=121)
	        Recheck Cond: ((id >= 7673123) AND (id <= 7674122))
	        ->  Bitmap Index Scan on sbtest2_pkey  (cost=0.00..34.22 rows=978 width=0)
	              Index Cond: ((id >= 7673123) AND (id <= 7674122))

table 3 : explain SELECT c FROM sbtest3 WHERE id BETWEEN 4819252 AND 4820251 ORDER BY c
	Sort  (cost=3883.51..3885.98 rows=988 width=121)
	  Sort Key: c
	  ->  Bitmap Heap Scan on sbtest3  (cost=34.56..3834.37 rows=988 width=121)
	        Recheck Cond: ((id >= 4819252) AND (id <= 4820251))
	        ->  Bitmap Index Scan on sbtest3_pkey  (cost=0.00..34.32 rows=988 width=0)
	              Index Cond: ((id >= 4819252) AND (id <= 4820251))

table 4 : explain SELECT c FROM sbtest4 WHERE id BETWEEN 6706166 AND 6707165 ORDER BY c
	Sort  (cost=3847.79..3850.23 rows=978 width=121)
	  Sort Key: c
	  ->  Bitmap Heap Scan on sbtest4  (cost=34.46..3799.21 rows=978 width=121)
	        Recheck Cond: ((id >= 6706166) AND (id <= 6707165))
	        ->  Bitmap Index Scan on sbtest4_pkey  (cost=0.00..34.22 rows=978 width=0)
	              Index Cond: ((id >= 6706166) AND (id <= 6707165))

table 5 : explain SELECT c FROM sbtest5 WHERE id BETWEEN 4775819 AND 4776818 ORDER BY c
	Sort  (cost=4417.06..4419.88 rows=1129 width=121)
	  Sort Key: c
	  ->  Bitmap Heap Scan on sbtest5  (cost=40.01..4359.81 rows=1129 width=121)
	        Recheck Cond: ((id >= 4775819) AND (id <= 4776818))
	        ->  Bitmap Index Scan on sbtest5_pkey  (cost=0.00..39.73 rows=1129 width=0)
	              Index Cond: ((id >= 4775819) AND (id <= 4776818))

table 6 : explain SELECT c FROM sbtest6 WHERE id BETWEEN 7134828 AND 7135827 ORDER BY c
	Sort  (cost=3570.31..3572.58 rows=908 width=121)
	  Sort Key: c
	  ->  Bitmap Heap Scan on sbtest6  (cost=29.74..3525.70 rows=908 width=121)
	        Recheck Cond: ((id >= 7134828) AND (id <= 7135827))
	        ->  Bitmap Index Scan on sbtest6_pkey  (cost=0.00..29.51 rows=908 width=0)
	              Index Cond: ((id >= 7134828) AND (id <= 7135827))

table 7 : explain SELECT c FROM sbtest7 WHERE id BETWEEN 284153 AND 285152 ORDER BY c
	Sort  (cost=4120.81..4123.43 rows=1049 width=121)
	  Sort Key: c
	  ->  Bitmap Heap Scan on sbtest7  (cost=35.19..4068.18 rows=1049 width=121)
	        Recheck Cond: ((id >= 284153) AND (id <= 285152))
	        ->  Bitmap Index Scan on sbtest7_pkey  (cost=0.00..34.93 rows=1049 width=0)
	              Index Cond: ((id >= 284153) AND (id <= 285152))

table 8 : explain SELECT c FROM sbtest8 WHERE id BETWEEN 5459097 AND 5460096 ORDER BY c
	Sort  (cost=3825.74..3828.15 rows=964 width=121)
	  Sort Key: c
	  ->  Index Scan using sbtest8_pkey on sbtest8  (cost=0.43..3777.96 rows=964 width=121)
	        Index Cond: ((id >= 5459097) AND (id <= 5460096))

explain: for point_selects :: explain SELECT c FROM sbtest%u WHERE id=%u
for: order_ranges
table 1 : explain SELECT c FROM sbtest1 WHERE id BETWEEN 6085402 AND 6086401 ORDER BY c
	Sort  (cost=3870.27..3872.73 rows=985 width=121)
	  Sort Key: c
	  ->  Bitmap Heap Scan on sbtest1  (cost=34.53..3821.29 rows=985 width=121)
	        Recheck Cond: ((id >= 6085402) AND (id <= 6086401))
	        ->  Bitmap Index Scan on sbtest1_pkey  (cost=0.00..34.29 rows=985 width=0)
	              Index Cond: ((id >= 6085402) AND (id <= 6086401))

table 2 : explain SELECT c FROM sbtest2 WHERE id BETWEEN 4947138 AND 4948137 ORDER BY c
	Sort  (cost=3746.71..3749.09 rows=953 width=121)
	  Sort Key: c
	  ->  Bitmap Heap Scan on sbtest2  (cost=34.20..3699.55 rows=953 width=121)
	        Recheck Cond: ((id >= 4947138) AND (id <= 4948137))
	        ->  Bitmap Index Scan on sbtest2_pkey  (cost=0.00..33.97 rows=953 width=0)
	              Index Cond: ((id >= 4947138) AND (id <= 4948137))

table 3 : explain SELECT c FROM sbtest3 WHERE id BETWEEN 1974519 AND 1975518 ORDER BY c
	Sort  (cost=4124.85..4127.48 rows=1051 width=121)
	  Sort Key: c
	  ->  Bitmap Heap Scan on sbtest3  (cost=35.21..4072.10 rows=1051 width=121)
	        Recheck Cond: ((id >= 1974519) AND (id <= 1975518))
	        ->  Bitmap Index Scan on sbtest3_pkey  (cost=0.00..34.95 rows=1051 width=0)
	              Index Cond: ((id >= 1974519) AND (id <= 1975518))

table 4 : explain SELECT c FROM sbtest4 WHERE id BETWEEN 8177668 AND 8178667 ORDER BY c
	Sort  (cost=3813.22..3815.65 rows=969 width=121)
	  Sort Key: c
	  ->  Bitmap Heap Scan on sbtest4  (cost=34.37..3765.16 rows=969 width=121)
	        Recheck Cond: ((id >= 8177668) AND (id <= 8178667))
	        ->  Bitmap Index Scan on sbtest4_pkey  (cost=0.00..34.12 rows=969 width=0)
	              Index Cond: ((id >= 8177668) AND (id <= 8178667))

table 5 : explain SELECT c FROM sbtest5 WHERE id BETWEEN 6373075 AND 6374074 ORDER BY c
	Sort  (cost=3901.37..3903.85 rows=994 width=121)
	  Sort Key: c
	  ->  Bitmap Heap Scan on sbtest5  (cost=34.62..3851.88 rows=994 width=121)
	        Recheck Cond: ((id >= 6373075) AND (id <= 6374074))
	        ->  Bitmap Index Scan on sbtest5_pkey  (cost=0.00..34.38 rows=994 width=0)
	              Index Cond: ((id >= 6373075) AND (id <= 6374074))

table 6 : explain SELECT c FROM sbtest6 WHERE id BETWEEN 629132 AND 630131 ORDER BY c
	Sort  (cost=3858.18..3860.64 rows=982 width=121)
	  Sort Key: c
	  ->  Bitmap Heap Scan on sbtest6  (cost=34.50..3809.38 rows=982 width=121)
	        Recheck Cond: ((id >= 629132) AND (id <= 630131))
	        ->  Bitmap Index Scan on sbtest6_pkey  (cost=0.00..34.26 rows=982 width=0)
	              Index Cond: ((id >= 629132) AND (id <= 630131))

table 7 : explain SELECT c FROM sbtest7 WHERE id BETWEEN 387042 AND 388041 ORDER BY c
	Sort  (cost=3802.32..3804.74 rows=966 width=121)
	  Sort Key: c
	  ->  Bitmap Heap Scan on sbtest7  (cost=34.34..3754.43 rows=966 width=121)
	        Recheck Cond: ((id >= 387042) AND (id <= 388041))
	        ->  Bitmap Index Scan on sbtest7_pkey  (cost=0.00..34.09 rows=966 width=0)
	              Index Cond: ((id >= 387042) AND (id <= 388041))

table 8 : explain SELECT c FROM sbtest8 WHERE id BETWEEN 4477523 AND 4478522 ORDER BY c
	Sort  (cost=3983.91..3986.42 rows=1004 width=121)
	  Sort Key: c
	  ->  Index Scan using sbtest8_pkey on sbtest8  (cost=0.43..3933.85 rows=1004 width=121)
	        Index Cond: ((id >= 4477523) AND (id <= 4478522))

for: order_ranges
table 1 : explain SELECT c FROM sbtest1 WHERE id BETWEEN 9017071 AND 9018070 ORDER BY c
	Sort  (cost=3513.19..3515.43 rows=893 width=121)
	  Sort Key: c
	  ->  Bitmap Heap Scan on sbtest1  (cost=29.59..3469.43 rows=893 width=121)
	        Recheck Cond: ((id >= 9017071) AND (id <= 9018070))
	        ->  Bitmap Index Scan on sbtest1_pkey  (cost=0.00..29.36 rows=893 width=0)
	              Index Cond: ((id >= 9017071) AND (id <= 9018070))

table 2 : explain SELECT c FROM sbtest2 WHERE id BETWEEN 2031065 AND 2032064 ORDER BY c
	Sort  (cost=4167.79..4170.45 rows=1063 width=121)
	  Sort Key: c
	  ->  Bitmap Heap Scan on sbtest2  (cost=35.33..4114.35 rows=1063 width=121)
	        Recheck Cond: ((id >= 2031065) AND (id <= 2032064))
	        ->  Bitmap Index Scan on sbtest2_pkey  (cost=0.00..35.07 rows=1063 width=0)
	              Index Cond: ((id >= 2031065) AND (id <= 2032064))

table 3 : explain SELECT c FROM sbtest3 WHERE id BETWEEN 8441862 AND 8442861 ORDER BY c
	Sort  (cost=3902.68..3905.17 rows=993 width=121)
	  Sort Key: c
	  ->  Bitmap Heap Scan on sbtest3  (cost=34.61..3853.25 rows=993 width=121)
	        Recheck Cond: ((id >= 8441862) AND (id <= 8442861))
	        ->  Bitmap Index Scan on sbtest3_pkey  (cost=0.00..34.37 rows=993 width=0)
	              Index Cond: ((id >= 8441862) AND (id <= 8442861))

table 4 : explain SELECT c FROM sbtest4 WHERE id BETWEEN 9253133 AND 9254132 ORDER BY c
	Sort  (cost=3843.95..3846.39 rows=977 width=121)
	  Sort Key: c
	  ->  Bitmap Heap Scan on sbtest4  (cost=34.45..3795.43 rows=977 width=121)
	        Recheck Cond: ((id >= 9253133) AND (id <= 9254132))
	        ->  Bitmap Index Scan on sbtest4_pkey  (cost=0.00..34.20 rows=977 width=0)
	              Index Cond: ((id >= 9253133) AND (id <= 9254132))

table 5 : explain SELECT c FROM sbtest5 WHERE id BETWEEN 5876336 AND 5877335 ORDER BY c
	Sort  (cost=3962.57..3965.09 rows=1010 width=121)
	  Sort Key: c
	  ->  Bitmap Heap Scan on sbtest5  (cost=34.79..3912.17 rows=1010 width=121)
	        Recheck Cond: ((id >= 5876336) AND (id <= 5877335))
	        ->  Bitmap Index Scan on sbtest5_pkey  (cost=0.00..34.54 rows=1010 width=0)
	              Index Cond: ((id >= 5876336) AND (id <= 5877335))

table 6 : explain SELECT c FROM sbtest6 WHERE id BETWEEN 6881332 AND 6882331 ORDER BY c
	Sort  (cost=4405.09..4407.90 rows=1124 width=121)
	  Sort Key: c
	  ->  Bitmap Heap Scan on sbtest6  (cost=39.96..4348.13 rows=1124 width=121)
	        Recheck Cond: ((id >= 6881332) AND (id <= 6882331))
	        ->  Bitmap Index Scan on sbtest6_pkey  (cost=0.00..39.68 rows=1124 width=0)
	              Index Cond: ((id >= 6881332) AND (id <= 6882331))

table 7 : explain SELECT c FROM sbtest7 WHERE id BETWEEN 796397 AND 797396 ORDER BY c
	Sort  (cost=4009.62..4012.17 rows=1020 width=121)
	  Sort Key: c
	  ->  Bitmap Heap Scan on sbtest7  (cost=34.89..3958.65 rows=1020 width=121)
	        Recheck Cond: ((id >= 796397) AND (id <= 797396))
	        ->  Bitmap Index Scan on sbtest7_pkey  (cost=0.00..34.64 rows=1020 width=0)
	              Index Cond: ((id >= 796397) AND (id <= 797396))

table 8 : explain SELECT c FROM sbtest8 WHERE id BETWEEN 1054346 AND 1055345 ORDER BY c
	Sort  (cost=4168.83..4171.48 rows=1062 width=121)
	  Sort Key: c
	  ->  Bitmap Heap Scan on sbtest8  (cost=35.32..4115.45 rows=1062 width=121)
	        Recheck Cond: ((id >= 1054346) AND (id <= 1055345))
	        ->  Bitmap Index Scan on sbtest8_pkey  (cost=0.00..35.06 rows=1062 width=0)
	              Index Cond: ((id >= 1054346) AND (id <= 1055345))

for: order_ranges
table 1 : explain SELECT c FROM sbtest1 WHERE id BETWEEN 5016318 AND 5017317 ORDER BY c
	Sort  (cost=3793.60..3796.01 rows=965 width=121)
	  Sort Key: c
	  ->  Bitmap Heap Scan on sbtest1  (cost=34.33..3745.76 rows=965 width=121)
	        Recheck Cond: ((id >= 5016318) AND (id <= 5017317))
	        ->  Bitmap Index Scan on sbtest1_pkey  (cost=0.00..34.09 rows=965 width=0)
	              Index Cond: ((id >= 5016318) AND (id <= 5017317))

table 2 : explain SELECT c FROM sbtest2 WHERE id BETWEEN 7046229 AND 7047228 ORDER BY c
	Sort  (cost=4053.09..4055.67 rows=1033 width=121)
	  Sort Key: c
	  ->  Bitmap Heap Scan on sbtest2  (cost=35.02..4001.38 rows=1033 width=121)
	        Recheck Cond: ((id >= 7046229) AND (id <= 7047228))
	        ->  Bitmap Index Scan on sbtest2_pkey  (cost=0.00..34.77 rows=1033 width=0)
	              Index Cond: ((id >= 7046229) AND (id <= 7047228))

table 3 : explain SELECT c FROM sbtest3 WHERE id BETWEEN 3935243 AND 3936242 ORDER BY c
	Sort  (cost=3591.75..3594.03 rows=912 width=121)
	  Sort Key: c
	  ->  Bitmap Heap Scan on sbtest3  (cost=33.78..3546.91 rows=912 width=121)
	        Recheck Cond: ((id >= 3935243) AND (id <= 3936242))
	        ->  Bitmap Index Scan on sbtest3_pkey  (cost=0.00..33.56 rows=912 width=0)
	              Index Cond: ((id >= 3935243) AND (id <= 3936242))

table 4 : explain SELECT c FROM sbtest4 WHERE id BETWEEN 7609561 AND 7610560 ORDER BY c
	Sort  (cost=3951.41..3953.93 rows=1005 width=121)
	  Sort Key: c
	  ->  Bitmap Heap Scan on sbtest4  (cost=34.74..3901.30 rows=1005 width=121)
	        Recheck Cond: ((id >= 7609561) AND (id <= 7610560))
	        ->  Bitmap Index Scan on sbtest4_pkey  (cost=0.00..34.48 rows=1005 width=0)
	              Index Cond: ((id >= 7609561) AND (id <= 7610560))

table 5 : explain SELECT c FROM sbtest5 WHERE id BETWEEN 7241642 AND 7242641 ORDER BY c
	Sort  (cost=4375.14..4377.93 rows=1118 width=121)
	  Sort Key: c
	  ->  Bitmap Heap Scan on sbtest5  (cost=39.89..4318.53 rows=1118 width=121)
	        Recheck Cond: ((id >= 7241642) AND (id <= 7242641))
	        ->  Bitmap Index Scan on sbtest5_pkey  (cost=0.00..39.62 rows=1118 width=0)
	              Index Cond: ((id >= 7241642) AND (id <= 7242641))

table 6 : explain SELECT c FROM sbtest6 WHERE id BETWEEN 2648420 AND 2649419 ORDER BY c
	Sort  (cost=3999.87..4002.42 rows=1019 width=121)
	  Sort Key: c
	  ->  Bitmap Heap Scan on sbtest6  (cost=34.88..3948.96 rows=1019 width=121)
	        Recheck Cond: ((id >= 2648420) AND (id <= 2649419))
	        ->  Bitmap Index Scan on sbtest6_pkey  (cost=0.00..34.62 rows=1019 width=0)
	              Index Cond: ((id >= 2648420) AND (id <= 2649419))

table 7 : explain SELECT c FROM sbtest7 WHERE id BETWEEN 2271222 AND 2272221 ORDER BY c
	Sort  (cost=4385.17..4387.96 rows=1117 width=121)
	  Sort Key: c
	  ->  Bitmap Heap Scan on sbtest7  (cost=39.88..4328.62 rows=1117 width=121)
	        Recheck Cond: ((id >= 2271222) AND (id <= 2272221))
	        ->  Bitmap Index Scan on sbtest7_pkey  (cost=0.00..39.61 rows=1117 width=0)
	              Index Cond: ((id >= 2271222) AND (id <= 2272221))

table 8 : explain SELECT c FROM sbtest8 WHERE id BETWEEN 7770614 AND 7771613 ORDER BY c
	Sort  (cost=3896.90..3899.35 rows=982 width=121)
	  Sort Key: c
	  ->  Index Scan using sbtest8_pkey on sbtest8  (cost=0.43..3848.10 rows=982 width=121)
	        Index Cond: ((id >= 7770614) AND (id <= 7771613))

for point_selects
table 1 : explain SELECT c FROM sbtest1 WHERE id=3215529
	Index Scan using sbtest1_pkey on sbtest1  (cost=0.43..8.45 rows=1 width=121)
	  Index Cond: (id = 3215529)

table 2 : explain SELECT c FROM sbtest2 WHERE id=6409317
	Index Scan using sbtest2_pkey on sbtest2  (cost=0.43..8.45 rows=1 width=121)
	  Index Cond: (id = 6409317)

table 3 : explain SELECT c FROM sbtest3 WHERE id=6677799
	Index Scan using sbtest3_pkey on sbtest3  (cost=0.43..8.45 rows=1 width=121)
	  Index Cond: (id = 6677799)

table 4 : explain SELECT c FROM sbtest4 WHERE id=7988988
	Index Scan using sbtest4_pkey on sbtest4  (cost=0.43..8.45 rows=1 width=121)
	  Index Cond: (id = 7988988)

table 5 : explain SELECT c FROM sbtest5 WHERE id=688919
	Index Scan using sbtest5_pkey on sbtest5  (cost=0.43..8.45 rows=1 width=121)
	  Index Cond: (id = 688919)

table 6 : explain SELECT c FROM sbtest6 WHERE id=1360575
	Index Scan using sbtest6_pkey on sbtest6  (cost=0.43..8.45 rows=1 width=121)
	  Index Cond: (id = 1360575)

table 7 : explain SELECT c FROM sbtest7 WHERE id=3463942
	Index Scan using sbtest7_pkey on sbtest7  (cost=0.43..8.45 rows=1 width=121)
	  Index Cond: (id = 3463942)

table 8 : explain SELECT c FROM sbtest8 WHERE id=2761120
	Index Scan using sbtest8_pkey on sbtest8  (cost=0.43..8.45 rows=1 width=121)
	  Index Cond: (id = 2761120)

for: distinct_ranges
table 1 : explain SELECT DISTINCT c FROM sbtest1 WHERE id BETWEEN 2810301 AND 2811300 ORDER BY c
	Unique  (cost=4080.86..4086.06 rows=1040 width=121)
	  ->  Sort  (cost=4080.86..4083.46 rows=1040 width=121)
	        Sort Key: c
	        ->  Bitmap Heap Scan on sbtest1  (cost=35.09..4028.74 rows=1040 width=121)
	              Recheck Cond: ((id >= 2810301) AND (id <= 2811300))
	              ->  Bitmap Index Scan on sbtest1_pkey  (cost=0.00..34.84 rows=1040 width=0)
	                    Index Cond: ((id >= 2810301) AND (id <= 2811300))

table 2 : explain SELECT DISTINCT c FROM sbtest2 WHERE id BETWEEN 4156012 AND 4157011 ORDER BY c
	Unique  (cost=4087.51..4092.72 rows=1042 width=121)
	  ->  Sort  (cost=4087.51..4090.12 rows=1042 width=121)
	        Sort Key: c
	        ->  Bitmap Heap Scan on sbtest2  (cost=35.12..4035.28 rows=1042 width=121)
	              Recheck Cond: ((id >= 4156012) AND (id <= 4157011))
	              ->  Bitmap Index Scan on sbtest2_pkey  (cost=0.00..34.86 rows=1042 width=0)
	                    Index Cond: ((id >= 4156012) AND (id <= 4157011))

table 3 : explain SELECT DISTINCT c FROM sbtest3 WHERE id BETWEEN 542897 AND 543896 ORDER BY c
	Unique  (cost=3937.18..3942.19 rows=1002 width=121)
	  ->  Sort  (cost=3937.18..3939.69 rows=1002 width=121)
	        Sort Key: c
	        ->  Bitmap Heap Scan on sbtest3  (cost=34.71..3887.24 rows=1002 width=121)
	              Recheck Cond: ((id >= 542897) AND (id <= 543896))
	              ->  Bitmap Index Scan on sbtest3_pkey  (cost=0.00..34.45 rows=1002 width=0)
	                    Index Cond: ((id >= 542897) AND (id <= 543896))

table 4 : explain SELECT DISTINCT c FROM sbtest4 WHERE id BETWEEN 4410681 AND 4411680 ORDER BY c
	Unique  (cost=3509.29..3513.74 rows=891 width=121)
	  ->  Sort  (cost=3509.29..3511.51 rows=891 width=121)
	        Sort Key: c
	        ->  Bitmap Heap Scan on sbtest4  (cost=29.57..3465.63 rows=891 width=121)
	              Recheck Cond: ((id >= 4410681) AND (id <= 4411680))
	              ->  Bitmap Index Scan on sbtest4_pkey  (cost=0.00..29.34 rows=891 width=0)
	                    Index Cond: ((id >= 4410681) AND (id <= 4411680))

table 5 : explain SELECT DISTINCT c FROM sbtest5 WHERE id BETWEEN 5155630 AND 5156629 ORDER BY c
	Unique  (cost=3836.31..3841.19 rows=977 width=121)
	  ->  Sort  (cost=3836.31..3838.75 rows=977 width=121)
	        Sort Key: c
	        ->  Bitmap Heap Scan on sbtest5  (cost=34.45..3787.79 rows=977 width=121)
	              Recheck Cond: ((id >= 5155630) AND (id <= 5156629))
	              ->  Bitmap Index Scan on sbtest5_pkey  (cost=0.00..34.20 rows=977 width=0)
	                    Index Cond: ((id >= 5155630) AND (id <= 5156629))

table 6 : explain SELECT DISTINCT c FROM sbtest6 WHERE id BETWEEN 4229719 AND 4230718 ORDER BY c
	Unique  (cost=3999.87..4004.97 rows=1019 width=121)
	  ->  Sort  (cost=3999.87..4002.42 rows=1019 width=121)
	        Sort Key: c
	        ->  Bitmap Heap Scan on sbtest6  (cost=34.88..3948.96 rows=1019 width=121)
	              Recheck Cond: ((id >= 4229719) AND (id <= 4230718))
	              ->  Bitmap Index Scan on sbtest6_pkey  (cost=0.00..34.62 rows=1019 width=0)
	                    Index Cond: ((id >= 4229719) AND (id <= 4230718))

table 7 : explain SELECT DISTINCT c FROM sbtest7 WHERE id BETWEEN 6338313 AND 6339312 ORDER BY c
	Unique  (cost=4139.97..4145.24 rows=1054 width=121)
	  ->  Sort  (cost=4139.97..4142.61 rows=1054 width=121)
	        Sort Key: c
	        ->  Bitmap Heap Scan on sbtest7  (cost=35.24..4087.05 rows=1054 width=121)
	              Recheck Cond: ((id >= 6338313) AND (id <= 6339312))
	              ->  Bitmap Index Scan on sbtest7_pkey  (cost=0.00..34.98 rows=1054 width=0)
	                    Index Cond: ((id >= 6338313) AND (id <= 6339312))

table 8 : explain SELECT DISTINCT c FROM sbtest8 WHERE id BETWEEN 6251278 AND 6252277 ORDER BY c
	Unique  (cost=3888.99..3893.89 rows=980 width=121)
	  ->  Sort  (cost=3888.99..3891.44 rows=980 width=121)
	        Sort Key: c
	        ->  Index Scan using sbtest8_pkey on sbtest8  (cost=0.43..3840.30 rows=980 width=121)
	              Index Cond: ((id >= 6251278) AND (id <= 6252277))

for: distinct_ranges
table 1 : explain SELECT DISTINCT c FROM sbtest1 WHERE id BETWEEN 6854810 AND 6855809 ORDER BY c
	Unique  (cost=3470.91..3475.32 rows=882 width=121)
	  ->  Sort  (cost=3470.91..3473.11 rows=882 width=121)
	        Sort Key: c
	        ->  Bitmap Heap Scan on sbtest1  (cost=29.48..3427.76 rows=882 width=121)
	              Recheck Cond: ((id >= 6854810) AND (id <= 6855809))
	              ->  Bitmap Index Scan on sbtest1_pkey  (cost=0.00..29.25 rows=882 width=0)
	                    Index Cond: ((id >= 6854810) AND (id <= 6855809))

table 2 : explain SELECT DISTINCT c FROM sbtest2 WHERE id BETWEEN 8159395 AND 8160394 ORDER BY c
	Unique  (cost=3995.70..4000.79 rows=1018 width=121)
	  ->  Sort  (cost=3995.70..3998.25 rows=1018 width=121)
	        Sort Key: c
	        ->  Bitmap Heap Scan on sbtest2  (cost=34.87..3944.84 rows=1018 width=121)
	              Recheck Cond: ((id >= 8159395) AND (id <= 8160394))
	              ->  Bitmap Index Scan on sbtest2_pkey  (cost=0.00..34.62 rows=1018 width=0)
	                    Index Cond: ((id >= 8159395) AND (id <= 8160394))

table 3 : explain SELECT DISTINCT c FROM sbtest3 WHERE id BETWEEN 8695280 AND 8696279 ORDER BY c
	Unique  (cost=3799.13..3803.96 rows=966 width=121)
	  ->  Sort  (cost=3799.13..3801.54 rows=966 width=121)
	        Sort Key: c
	        ->  Bitmap Heap Scan on sbtest3  (cost=34.34..3751.23 rows=966 width=121)
	              Recheck Cond: ((id >= 8695280) AND (id <= 8696279))
	              ->  Bitmap Index Scan on sbtest3_pkey  (cost=0.00..34.09 rows=966 width=0)
	                    Index Cond: ((id >= 8695280) AND (id <= 8696279))

table 4 : explain SELECT DISTINCT c FROM sbtest4 WHERE id BETWEEN 5387606 AND 5388605 ORDER BY c
	Unique  (cost=4089.46..4094.66 rows=1041 width=121)
	  ->  Sort  (cost=4089.46..4092.06 rows=1041 width=121)
	        Sort Key: c
	        ->  Bitmap Heap Scan on sbtest4  (cost=35.11..4037.28 rows=1041 width=121)
	              Recheck Cond: ((id >= 5387606) AND (id <= 5388605))
	              ->  Bitmap Index Scan on sbtest4_pkey  (cost=0.00..34.84 rows=1041 width=0)
	                    Index Cond: ((id >= 5387606) AND (id <= 5388605))

table 5 : explain SELECT DISTINCT c FROM sbtest5 WHERE id BETWEEN 1512571 AND 1513570 ORDER BY c
	Unique  (cost=3721.41..3726.14 rows=947 width=121)
	  ->  Sort  (cost=3721.41..3723.78 rows=947 width=121)
	        Sort Key: c
	        ->  Bitmap Heap Scan on sbtest5  (cost=34.14..3674.59 rows=947 width=121)
	              Recheck Cond: ((id >= 1512571) AND (id <= 1513570))
	              ->  Bitmap Index Scan on sbtest5_pkey  (cost=0.00..33.91 rows=947 width=0)
	                    Index Cond: ((id >= 1512571) AND (id <= 1513570))

table 6 : explain SELECT DISTINCT c FROM sbtest6 WHERE id BETWEEN 5470415 AND 5471414 ORDER BY c
	Unique  (cost=3562.63..3567.16 rows=906 width=121)
	  ->  Sort  (cost=3562.63..3564.89 rows=906 width=121)
	        Sort Key: c
	        ->  Bitmap Heap Scan on sbtest6  (cost=29.72..3518.13 rows=906 width=121)
	              Recheck Cond: ((id >= 5470415) AND (id <= 5471414))
	              ->  Bitmap Index Scan on sbtest6_pkey  (cost=0.00..29.50 rows=906 width=0)
	                    Index Cond: ((id >= 5470415) AND (id <= 5471414))

table 7 : explain SELECT DISTINCT c FROM sbtest7 WHERE id BETWEEN 6273596 AND 6274595 ORDER BY c
	Unique  (cost=4139.97..4145.24 rows=1054 width=121)
	  ->  Sort  (cost=4139.97..4142.61 rows=1054 width=121)
	        Sort Key: c
	        ->  Bitmap Heap Scan on sbtest7  (cost=35.24..4087.05 rows=1054 width=121)
	              Recheck Cond: ((id >= 6273596) AND (id <= 6274595))
	              ->  Bitmap Index Scan on sbtest7_pkey  (cost=0.00..34.98 rows=1054 width=0)
	                    Index Cond: ((id >= 6273596) AND (id <= 6274595))

table 8 : explain SELECT DISTINCT c FROM sbtest8 WHERE id BETWEEN 8563955 AND 8564954 ORDER BY c
	Unique  (cost=3707.11..3711.78 rows=934 width=121)
	  ->  Sort  (cost=3707.11..3709.45 rows=934 width=121)
	        Sort Key: c
	        ->  Index Scan using sbtest8_pkey on sbtest8  (cost=0.43..3661.03 rows=934 width=121)
	              Index Cond: ((id >= 8563955) AND (id <= 8564954))

for: distinct_ranges
table 1 : explain SELECT DISTINCT c FROM sbtest1 WHERE id BETWEEN 3085390 AND 3086389 ORDER BY c
	Unique  (cost=4329.46..4334.98 rows=1104 width=121)
	  ->  Sort  (cost=4329.46..4332.22 rows=1104 width=121)
	        Sort Key: c
	        ->  Bitmap Heap Scan on sbtest1  (cost=39.75..4273.66 rows=1104 width=121)
	              Recheck Cond: ((id >= 3085390) AND (id <= 3086389))
	              ->  Bitmap Index Scan on sbtest1_pkey  (cost=0.00..39.48 rows=1104 width=0)
	                    Index Cond: ((id >= 3085390) AND (id <= 3086389))

table 2 : explain SELECT DISTINCT c FROM sbtest2 WHERE id BETWEEN 4191662 AND 4192661 ORDER BY c
	Unique  (cost=4087.51..4092.72 rows=1042 width=121)
	  ->  Sort  (cost=4087.51..4090.12 rows=1042 width=121)
	        Sort Key: c
	        ->  Bitmap Heap Scan on sbtest2  (cost=35.12..4035.28 rows=1042 width=121)
	              Recheck Cond: ((id >= 4191662) AND (id <= 4192661))
	              ->  Bitmap Index Scan on sbtest2_pkey  (cost=0.00..34.86 rows=1042 width=0)
	                    Index Cond: ((id >= 4191662) AND (id <= 4192661))

table 3 : explain SELECT DISTINCT c FROM sbtest3 WHERE id BETWEEN 1780158 AND 1781157 ORDER BY c
	Unique  (cost=4228.14..4233.53 rows=1078 width=121)
	  ->  Sort  (cost=4228.14..4230.84 rows=1078 width=121)
	        Sort Key: c
	        ->  Bitmap Heap Scan on sbtest3  (cost=35.48..4173.84 rows=1078 width=121)
	              Recheck Cond: ((id >= 1780158) AND (id <= 1781157))
	              ->  Bitmap Index Scan on sbtest3_pkey  (cost=0.00..35.22 rows=1078 width=0)
	                    Index Cond: ((id >= 1780158) AND (id <= 1781157))

table 4 : explain SELECT DISTINCT c FROM sbtest4 WHERE id BETWEEN 2806843 AND 2807842 ORDER BY c
	Unique  (cost=4288.59..4294.06 rows=1093 width=121)
	  ->  Sort  (cost=4288.59..4291.32 rows=1093 width=121)
	        Sort Key: c
	        ->  Bitmap Heap Scan on sbtest4  (cost=35.64..4233.43 rows=1093 width=121)
	              Recheck Cond: ((id >= 2806843) AND (id <= 2807842))
	              ->  Bitmap Index Scan on sbtest4_pkey  (cost=0.00..35.37 rows=1093 width=0)
	                    Index Cond: ((id >= 2806843) AND (id <= 2807842))

table 5 : explain SELECT DISTINCT c FROM sbtest5 WHERE id BETWEEN 8921282 AND 8922281 ORDER BY c
	Unique  (cost=4058.13..4063.30 rows=1035 width=121)
	  ->  Sort  (cost=4058.13..4060.72 rows=1035 width=121)
	        Sort Key: c
	        ->  Bitmap Heap Scan on sbtest5  (cost=35.04..4006.30 rows=1035 width=121)
	              Recheck Cond: ((id >= 8921282) AND (id <= 8922281))
	              ->  Bitmap Index Scan on sbtest5_pkey  (cost=0.00..34.79 rows=1035 width=0)
	                    Index Cond: ((id >= 8921282) AND (id <= 8922281))

table 6 : explain SELECT DISTINCT c FROM sbtest6 WHERE id BETWEEN 3857366 AND 3858365 ORDER BY c
	Unique  (cost=3697.15..3701.85 rows=940 width=121)
	  ->  Sort  (cost=3697.15..3699.50 rows=940 width=121)
	        Sort Key: c
	        ->  Bitmap Heap Scan on sbtest6  (cost=34.07..3650.73 rows=940 width=121)
	              Recheck Cond: ((id >= 3857366) AND (id <= 3858365))
	              ->  Bitmap Index Scan on sbtest6_pkey  (cost=0.00..33.84 rows=940 width=0)
	                    Index Cond: ((id >= 3857366) AND (id <= 3858365))

table 7 : explain SELECT DISTINCT c FROM sbtest7 WHERE id BETWEEN 806060 AND 807059 ORDER BY c
	Unique  (cost=4009.62..4014.72 rows=1020 width=121)
	  ->  Sort  (cost=4009.62..4012.17 rows=1020 width=121)
	        Sort Key: c
	        ->  Bitmap Heap Scan on sbtest7  (cost=34.89..3958.65 rows=1020 width=121)
	              Recheck Cond: ((id >= 806060) AND (id <= 807059))
	              ->  Bitmap Index Scan on sbtest7_pkey  (cost=0.00..34.64 rows=1020 width=0)
	                    Index Cond: ((id >= 806060) AND (id <= 807059))

table 8 : explain SELECT DISTINCT c FROM sbtest8 WHERE id BETWEEN 6597765 AND 6598764 ORDER BY c
	Unique  (cost=4245.38..4250.79 rows=1082 width=121)
	  ->  Sort  (cost=4245.38..4248.08 rows=1082 width=121)
	        Sort Key: c
	        ->  Bitmap Heap Scan on sbtest8  (cost=35.53..4190.85 rows=1082 width=121)
	              Recheck Cond: ((id >= 6597765) AND (id <= 6598764))
	              ->  Bitmap Index Scan on sbtest8_pkey  (cost=0.00..35.26 rows=1082 width=0)
	                    Index Cond: ((id >= 6597765) AND (id <= 6598764))

for: order_ranges
table 1 : explain SELECT c FROM sbtest1 WHERE id BETWEEN 8965287 AND 8966286 ORDER BY c
	Sort  (cost=3935.40..3937.90 rows=1002 width=121)
	  Sort Key: c
	  ->  Bitmap Heap Scan on sbtest1  (cost=34.71..3885.45 rows=1002 width=121)
	        Recheck Cond: ((id >= 8965287) AND (id <= 8966286))
	        ->  Bitmap Index Scan on sbtest1_pkey  (cost=0.00..34.45 rows=1002 width=0)
	              Index Cond: ((id >= 8965287) AND (id <= 8966286))

table 2 : explain SELECT c FROM sbtest2 WHERE id BETWEEN 5012786 AND 5013785 ORDER BY c
	Sort  (cost=3746.71..3749.09 rows=953 width=121)
	  Sort Key: c
	  ->  Bitmap Heap Scan on sbtest2  (cost=34.20..3699.55 rows=953 width=121)
	        Recheck Cond: ((id >= 5012786) AND (id <= 5013785))
	        ->  Bitmap Index Scan on sbtest2_pkey  (cost=0.00..33.97 rows=953 width=0)
	              Index Cond: ((id >= 5012786) AND (id <= 5013785))

table 3 : explain SELECT c FROM sbtest3 WHERE id BETWEEN 3838612 AND 3839611 ORDER BY c
	Sort  (cost=4090.40..4093.01 rows=1042 width=121)
	  Sort Key: c
	  ->  Bitmap Heap Scan on sbtest3  (cost=35.12..4038.17 rows=1042 width=121)
	        Recheck Cond: ((id >= 3838612) AND (id <= 3839611))
	        ->  Bitmap Index Scan on sbtest3_pkey  (cost=0.00..34.86 rows=1042 width=0)
	              Index Cond: ((id >= 3838612) AND (id <= 3839611))

table 4 : explain SELECT c FROM sbtest4 WHERE id BETWEEN 4703244 AND 4704243 ORDER BY c
	Sort  (cost=4024.29..4026.85 rows=1024 width=121)
	  Sort Key: c
	  ->  Bitmap Heap Scan on sbtest4  (cost=34.93..3973.09 rows=1024 width=121)
	        Recheck Cond: ((id >= 4703244) AND (id <= 4704243))
	        ->  Bitmap Index Scan on sbtest4_pkey  (cost=0.00..34.68 rows=1024 width=0)
	              Index Cond: ((id >= 4703244) AND (id <= 4704243))

table 5 : explain SELECT c FROM sbtest5 WHERE id BETWEEN 2301685 AND 2302684 ORDER BY c
	Sort  (cost=3617.91..3620.21 rows=920 width=121)
	  Sort Key: c
	  ->  Bitmap Heap Scan on sbtest5  (cost=33.87..3572.62 rows=920 width=121)
	        Recheck Cond: ((id >= 2301685) AND (id <= 2302684))
	        ->  Bitmap Index Scan on sbtest5_pkey  (cost=0.00..33.64 rows=920 width=0)
	              Index Cond: ((id >= 2301685) AND (id <= 2302684))

table 6 : explain SELECT c FROM sbtest6 WHERE id BETWEEN 7054981 AND 7055980 ORDER BY c
	Sort  (cost=4064.92..4067.51 rows=1036 width=121)
	  Sort Key: c
	  ->  Bitmap Heap Scan on sbtest6  (cost=35.05..4013.03 rows=1036 width=121)
	        Recheck Cond: ((id >= 7054981) AND (id <= 7055980))
	        ->  Bitmap Index Scan on sbtest6_pkey  (cost=0.00..34.80 rows=1036 width=0)
	              Index Cond: ((id >= 7054981) AND (id <= 7055980))

table 7 : explain SELECT c FROM sbtest7 WHERE id BETWEEN 2736850 AND 2737849 ORDER BY c
	Sort  (cost=3959.75..3962.26 rows=1007 width=121)
	  Sort Key: c
	  ->  Bitmap Heap Scan on sbtest7  (cost=34.76..3909.52 rows=1007 width=121)
	        Recheck Cond: ((id >= 2736850) AND (id <= 2737849))
	        ->  Bitmap Index Scan on sbtest7_pkey  (cost=0.00..34.51 rows=1007 width=0)
	              Index Cond: ((id >= 2736850) AND (id <= 2737849))

table 8 : explain SELECT c FROM sbtest8 WHERE id BETWEEN 1290584 AND 1291583 ORDER BY c
	Sort  (cost=3904.81..3907.27 rows=984 width=121)
	  Sort Key: c
	  ->  Index Scan using sbtest8_pkey on sbtest8  (cost=0.43..3855.89 rows=984 width=121)
	        Index Cond: ((id >= 1290584) AND (id <= 1291583))

for: simple_ranges
table 1 : explain SELECT c FROM sbtest1 WHERE id BETWEEN 9034177 AND 9035176
	Bitmap Heap Scan on sbtest1  (cost=29.59..3469.43 rows=893 width=121)
	  Recheck Cond: ((id >= 9034177) AND (id <= 9035176))
	  ->  Bitmap Index Scan on sbtest1_pkey  (cost=0.00..29.36 rows=893 width=0)
	        Index Cond: ((id >= 9034177) AND (id <= 9035176))

table 2 : explain SELECT c FROM sbtest2 WHERE id BETWEEN 5479203 AND 5480202
	Bitmap Heap Scan on sbtest2  (cost=35.40..4140.70 rows=1070 width=121)
	  Recheck Cond: ((id >= 5479203) AND (id <= 5480202))
	  ->  Bitmap Index Scan on sbtest2_pkey  (cost=0.00..35.14 rows=1070 width=0)
	        Index Cond: ((id >= 5479203) AND (id <= 5480202))

table 3 : explain SELECT c FROM sbtest3 WHERE id BETWEEN 1727158 AND 1728157
	Bitmap Heap Scan on sbtest3  (cost=35.48..4173.84 rows=1078 width=121)
	  Recheck Cond: ((id >= 1727158) AND (id <= 1728157))
	  ->  Bitmap Index Scan on sbtest3_pkey  (cost=0.00..35.22 rows=1078 width=0)
	        Index Cond: ((id >= 1727158) AND (id <= 1728157))

table 4 : explain SELECT c FROM sbtest4 WHERE id BETWEEN 1517601 AND 1518600
	Bitmap Heap Scan on sbtest4  (cost=35.59..4214.58 rows=1088 width=121)
	  Recheck Cond: ((id >= 1517601) AND (id <= 1518600))
	  ->  Bitmap Index Scan on sbtest4_pkey  (cost=0.00..35.32 rows=1088 width=0)
	        Index Cond: ((id >= 1517601) AND (id <= 1518600))

table 5 : explain SELECT c FROM sbtest5 WHERE id BETWEEN 3960295 AND 3961294
	Bitmap Heap Scan on sbtest5  (cost=33.87..3572.62 rows=920 width=121)
	  Recheck Cond: ((id >= 3960295) AND (id <= 3961294))
	  ->  Bitmap Index Scan on sbtest5_pkey  (cost=0.00..33.64 rows=920 width=0)
	        Index Cond: ((id >= 3960295) AND (id <= 3961294))

table 6 : explain SELECT c FROM sbtest6 WHERE id BETWEEN 3192042 AND 3193041
	Bitmap Heap Scan on sbtest6  (cost=34.07..3650.73 rows=940 width=121)
	  Recheck Cond: ((id >= 3192042) AND (id <= 3193041))
	  ->  Bitmap Index Scan on sbtest6_pkey  (cost=0.00..33.84 rows=940 width=0)
	        Index Cond: ((id >= 3192042) AND (id <= 3193041))

table 7 : explain SELECT c FROM sbtest7 WHERE id BETWEEN 7728795 AND 7729794
	Bitmap Heap Scan on sbtest7  (cost=35.11..4037.97 rows=1041 width=121)
	  Recheck Cond: ((id >= 7728795) AND (id <= 7729794))
	  ->  Bitmap Index Scan on sbtest7_pkey  (cost=0.00..34.84 rows=1041 width=0)
	        Index Cond: ((id >= 7728795) AND (id <= 7729794))

table 8 : explain SELECT c FROM sbtest8 WHERE id BETWEEN 7068781 AND 7069780
	Bitmap Heap Scan on sbtest8  (cost=39.77..4285.26 rows=1106 width=121)
	  Recheck Cond: ((id >= 7068781) AND (id <= 7069780))
	  ->  Bitmap Index Scan on sbtest8_pkey  (cost=0.00..39.50 rows=1106 width=0)
	        Index Cond: ((id >= 7068781) AND (id <= 7069780))

for: sum_ranges
table 1 : explain SELECT SUM(k) FROM sbtest1 WHERE id BETWEEN 2681189 AND 2682188
	Aggregate  (cost=3940.81..3940.82 rows=1 width=8)
	  ->  Bitmap Heap Scan on sbtest1  (cost=34.85..3938.27 rows=1016 width=4)
	        Recheck Cond: ((id >= 2681189) AND (id <= 2682188))
	        ->  Bitmap Index Scan on sbtest1_pkey  (cost=0.00..34.59 rows=1016 width=0)
	              Index Cond: ((id >= 2681189) AND (id <= 2682188))

table 2 : explain SELECT SUM(k) FROM sbtest2 WHERE id BETWEEN 2766900 AND 2767899
	Aggregate  (cost=3807.73..3807.74 rows=1 width=8)
	  ->  Bitmap Heap Scan on sbtest2  (cost=34.49..3805.28 rows=981 width=4)
	        Recheck Cond: ((id >= 2766900) AND (id <= 2767899))
	        ->  Bitmap Index Scan on sbtest2_pkey  (cost=0.00..34.25 rows=981 width=0)
	              Index Cond: ((id >= 2766900) AND (id <= 2767899))

table 3 : explain SELECT SUM(k) FROM sbtest3 WHERE id BETWEEN 8610563 AND 8611562
	Aggregate  (cost=4037.00..4037.01 rows=1 width=8)
	  ->  Bitmap Heap Scan on sbtest3  (cost=35.11..4034.40 rows=1041 width=4)
	        Recheck Cond: ((id >= 8610563) AND (id <= 8611562))
	        ->  Bitmap Index Scan on sbtest3_pkey  (cost=0.00..34.84 rows=1041 width=0)
	              Index Cond: ((id >= 8610563) AND (id <= 8611562))

table 4 : explain SELECT SUM(k) FROM sbtest4 WHERE id BETWEEN 1825378 AND 1826377
	Aggregate  (cost=4047.44..4047.45 rows=1 width=8)
	  ->  Bitmap Heap Scan on sbtest4  (cost=35.13..4044.83 rows=1043 width=4)
	        Recheck Cond: ((id >= 1825378) AND (id <= 1826377))
	        ->  Bitmap Index Scan on sbtest4_pkey  (cost=0.00..34.87 rows=1043 width=0)
	              Index Cond: ((id >= 1825378) AND (id <= 1826377))

table 5 : explain SELECT SUM(k) FROM sbtest5 WHERE id BETWEEN 1270560 AND 1271559
	Aggregate  (cost=3839.28..3839.29 rows=1 width=8)
	  ->  Bitmap Heap Scan on sbtest5  (cost=34.58..3836.80 rows=990 width=4)
	        Recheck Cond: ((id >= 1270560) AND (id <= 1271559))
	        ->  Bitmap Index Scan on sbtest5_pkey  (cost=0.00..34.34 rows=990 width=0)
	              Index Cond: ((id >= 1270560) AND (id <= 1271559))

table 6 : explain SELECT SUM(k) FROM sbtest6 WHERE id BETWEEN 3198314 AND 3199313
	Aggregate  (cost=3653.08..3653.09 rows=1 width=8)
	  ->  Bitmap Heap Scan on sbtest6  (cost=34.07..3650.73 rows=940 width=4)
	        Recheck Cond: ((id >= 3198314) AND (id <= 3199313))
	        ->  Bitmap Index Scan on sbtest6_pkey  (cost=0.00..33.84 rows=940 width=0)
	              Index Cond: ((id >= 3198314) AND (id <= 3199313))

table 7 : explain SELECT SUM(k) FROM sbtest7 WHERE id BETWEEN 8925976 AND 8926975
	Aggregate  (cost=4044.36..4044.37 rows=1 width=8)
	  ->  Bitmap Heap Scan on sbtest7  (cost=35.12..4041.75 rows=1042 width=4)
	        Recheck Cond: ((id >= 8925976) AND (id <= 8926975))
	        ->  Bitmap Index Scan on sbtest7_pkey  (cost=0.00..34.86 rows=1042 width=0)
	              Index Cond: ((id >= 8925976) AND (id <= 8926975))

table 8 : explain SELECT SUM(k) FROM sbtest8 WHERE id BETWEEN 7588632 AND 7589631
	Aggregate  (cost=4167.15..4167.16 rows=1 width=8)
	  ->  Bitmap Heap Scan on sbtest8  (cost=35.45..4164.46 rows=1075 width=4)
	        Recheck Cond: ((id >= 7588632) AND (id <= 7589631))
	        ->  Bitmap Index Scan on sbtest8_pkey  (cost=0.00..35.19 rows=1075 width=0)
	              Index Cond: ((id >= 7588632) AND (id <= 7589631))

for: distinct_ranges
table 1 : explain SELECT DISTINCT c FROM sbtest1 WHERE id BETWEEN 8499116 AND 8500115 ORDER BY c
	Unique  (cost=3935.40..3940.41 rows=1002 width=121)
	  ->  Sort  (cost=3935.40..3937.90 rows=1002 width=121)
	        Sort Key: c
	        ->  Bitmap Heap Scan on sbtest1  (cost=34.71..3885.45 rows=1002 width=121)
	              Recheck Cond: ((id >= 8499116) AND (id <= 8500115))
	              ->  Bitmap Index Scan on sbtest1_pkey  (cost=0.00..34.45 rows=1002 width=0)
	                    Index Cond: ((id >= 8499116) AND (id <= 8500115))

table 2 : explain SELECT DISTINCT c FROM sbtest2 WHERE id BETWEEN 4621280 AND 4622279 ORDER BY c
	Unique  (cost=3980.39..3985.46 rows=1014 width=121)
	  ->  Sort  (cost=3980.39..3982.93 rows=1014 width=121)
	        Sort Key: c
	        ->  Bitmap Heap Scan on sbtest2  (cost=34.83..3929.77 rows=1014 width=121)
	              Recheck Cond: ((id >= 4621280) AND (id <= 4622279))
	              ->  Bitmap Index Scan on sbtest2_pkey  (cost=0.00..34.58 rows=1014 width=0)
	                    Index Cond: ((id >= 4621280) AND (id <= 4622279))

table 3 : explain SELECT DISTINCT c FROM sbtest3 WHERE id BETWEEN 7980216 AND 7981215 ORDER BY c
	Unique  (cost=3837.49..3842.37 rows=976 width=121)
	  ->  Sort  (cost=3837.49..3839.93 rows=976 width=121)
	        Sort Key: c
	        ->  Bitmap Heap Scan on sbtest3  (cost=34.44..3789.03 rows=976 width=121)
	              Recheck Cond: ((id >= 7980216) AND (id <= 7981215))
	              ->  Bitmap Index Scan on sbtest3_pkey  (cost=0.00..34.20 rows=976 width=0)
	                    Index Cond: ((id >= 7980216) AND (id <= 7981215))

table 4 : explain SELECT DISTINCT c FROM sbtest4 WHERE id BETWEEN 4978107 AND 4979106 ORDER BY c
	Unique  (cost=4051.13..4056.28 rows=1031 width=121)
	  ->  Sort  (cost=4051.13..4053.70 rows=1031 width=121)
	        Sort Key: c
	        ->  Bitmap Heap Scan on sbtest4  (cost=35.00..3999.53 rows=1031 width=121)
	              Recheck Cond: ((id >= 4978107) AND (id <= 4979106))
	              ->  Bitmap Index Scan on sbtest4_pkey  (cost=0.00..34.75 rows=1031 width=0)
	                    Index Cond: ((id >= 4978107) AND (id <= 4979106))

table 5 : explain SELECT DISTINCT c FROM sbtest5 WHERE id BETWEEN 3286841 AND 3287840 ORDER BY c
	Unique  (cost=4176.52..4181.85 rows=1066 width=121)
	  ->  Sort  (cost=4176.52..4179.19 rows=1066 width=121)
	        Sort Key: c
	        ->  Bitmap Heap Scan on sbtest5  (cost=35.36..4122.91 rows=1066 width=121)
	              Recheck Cond: ((id >= 3286841) AND (id <= 3287840))
	              ->  Bitmap Index Scan on sbtest5_pkey  (cost=0.00..35.09 rows=1066 width=0)
	                    Index Cond: ((id >= 3286841) AND (id <= 3287840))

table 6 : explain SELECT DISTINCT c FROM sbtest6 WHERE id BETWEEN 3567254 AND 3568253 ORDER BY c
	Unique  (cost=3754.69..3759.46 rows=955 width=121)
	  ->  Sort  (cost=3754.69..3757.07 rows=955 width=121)
	        Sort Key: c
	        ->  Bitmap Heap Scan on sbtest6  (cost=34.22..3707.42 rows=955 width=121)
	              Recheck Cond: ((id >= 3567254) AND (id <= 3568253))
	              ->  Bitmap Index Scan on sbtest6_pkey  (cost=0.00..33.98 rows=955 width=0)
	                    Index Cond: ((id >= 3567254) AND (id <= 3568253))

table 7 : explain SELECT DISTINCT c FROM sbtest7 WHERE id BETWEEN 8358862 AND 8359861 ORDER BY c
	Unique  (cost=3813.85..3818.69 rows=969 width=121)
	  ->  Sort  (cost=3813.85..3816.27 rows=969 width=121)
	        Sort Key: c
	        ->  Bitmap Heap Scan on sbtest7  (cost=34.37..3765.78 rows=969 width=121)
	              Recheck Cond: ((id >= 8358862) AND (id <= 8359861))
	              ->  Bitmap Index Scan on sbtest7_pkey  (cost=0.00..34.12 rows=969 width=0)
	                    Index Cond: ((id >= 8358862) AND (id <= 8359861))

table 8 : explain SELECT DISTINCT c FROM sbtest8 WHERE id BETWEEN 7758268 AND 7759267 ORDER BY c
	Unique  (cost=3896.90..3901.81 rows=982 width=121)
	  ->  Sort  (cost=3896.90..3899.35 rows=982 width=121)
	        Sort Key: c
	        ->  Index Scan using sbtest8_pkey on sbtest8  (cost=0.43..3848.10 rows=982 width=121)
	              Index Cond: ((id >= 7758268) AND (id <= 7759267))

explain: for point_selects :: explain SELECT c FROM sbtest%u WHERE id=%u
for point_selects
table 1 : explain SELECT c FROM sbtest1 WHERE id=6058703
	Index Scan using sbtest1_pkey on sbtest1  (cost=0.43..8.45 rows=1 width=121)
	  Index Cond: (id = 6058703)

table 2 : explain SELECT c FROM sbtest2 WHERE id=9037799
	Index Scan using sbtest2_pkey on sbtest2  (cost=0.43..8.45 rows=1 width=121)
	  Index Cond: (id = 9037799)

table 3 : explain SELECT c FROM sbtest3 WHERE id=159116
	Index Scan using sbtest3_pkey on sbtest3  (cost=0.43..8.45 rows=1 width=121)
	  Index Cond: (id = 159116)

table 4 : explain SELECT c FROM sbtest4 WHERE id=3688118
	Index Scan using sbtest4_pkey on sbtest4  (cost=0.43..8.45 rows=1 width=121)
	  Index Cond: (id = 3688118)

table 5 : explain SELECT c FROM sbtest5 WHERE id=8723512
	Index Scan using sbtest5_pkey on sbtest5  (cost=0.43..8.45 rows=1 width=121)
	  Index Cond: (id = 8723512)

table 6 : explain SELECT c FROM sbtest6 WHERE id=9233953
	Index Scan using sbtest6_pkey on sbtest6  (cost=0.43..8.45 rows=1 width=121)
	  Index Cond: (id = 9233953)

table 7 : explain SELECT c FROM sbtest7 WHERE id=4643644
	Index Scan using sbtest7_pkey on sbtest7  (cost=0.43..8.45 rows=1 width=121)
	  Index Cond: (id = 4643644)

table 8 : explain SELECT c FROM sbtest8 WHERE id=6531033
	Index Scan using sbtest8_pkey on sbtest8  (cost=0.43..8.45 rows=1 width=121)
	  Index Cond: (id = 6531033)

for: order_ranges
table 1 : explain SELECT c FROM sbtest1 WHERE id BETWEEN 6798448 AND 6799447 ORDER BY c
	Sort  (cost=3470.91..3473.11 rows=882 width=121)
	  Sort Key: c
	  ->  Bitmap Heap Scan on sbtest1  (cost=29.48..3427.76 rows=882 width=121)
	        Recheck Cond: ((id >= 6798448) AND (id <= 6799447))
	        ->  Bitmap Index Scan on sbtest1_pkey  (cost=0.00..29.25 rows=882 width=0)
	              Index Cond: ((id >= 6798448) AND (id <= 6799447))

table 2 : explain SELECT c FROM sbtest2 WHERE id BETWEEN 598117 AND 599116 ORDER BY c
	Sort  (cost=3773.54..3775.94 rows=960 width=121)
	  Sort Key: c
	  ->  Bitmap Heap Scan on sbtest2  (cost=34.28..3725.99 rows=960 width=121)
	        Recheck Cond: ((id >= 598117) AND (id <= 599116))
	        ->  Bitmap Index Scan on sbtest2_pkey  (cost=0.00..34.04 rows=960 width=0)
	              Index Cond: ((id >= 598117) AND (id <= 599116))

table 3 : explain SELECT c FROM sbtest3 WHERE id BETWEEN 1637292 AND 1638291 ORDER BY c
	Sort  (cost=3895.02..3897.49 rows=991 width=121)
	  Sort Key: c
	  ->  Bitmap Heap Scan on sbtest3  (cost=34.59..3845.70 rows=991 width=121)
	        Recheck Cond: ((id >= 1637292) AND (id <= 1638291))
	        ->  Bitmap Index Scan on sbtest3_pkey  (cost=0.00..34.34 rows=991 width=0)
	              Index Cond: ((id >= 1637292) AND (id <= 1638291))

table 4 : explain SELECT c FROM sbtest4 WHERE id BETWEEN 7854407 AND 7855406 ORDER BY c
	Sort  (cost=3678.73..3681.06 rows=934 width=121)
	  Sort Key: c
	  ->  Bitmap Heap Scan on sbtest4  (cost=34.01..3632.65 rows=934 width=121)
	        Recheck Cond: ((id >= 7854407) AND (id <= 7855406))
	        ->  Bitmap Index Scan on sbtest4_pkey  (cost=0.00..33.78 rows=934 width=0)
	              Index Cond: ((id >= 7854407) AND (id <= 7855406))

table 5 : explain SELECT c FROM sbtest5 WHERE id BETWEEN 1353082 AND 1354081 ORDER BY c
	Sort  (cost=3767.38..3769.78 rows=959 width=121)
	  Sort Key: c
	  ->  Bitmap Heap Scan on sbtest5  (cost=34.26..3719.89 rows=959 width=121)
	        Recheck Cond: ((id >= 1353082) AND (id <= 1354081))
	        ->  Bitmap Index Scan on sbtest5_pkey  (cost=0.00..34.03 rows=959 width=0)
	              Index Cond: ((id >= 1353082) AND (id <= 1354081))

table 6 : explain SELECT c FROM sbtest6 WHERE id BETWEEN 8873605 AND 8874604 ORDER BY c
	Sort  (cost=4156.69..4159.34 rows=1060 width=121)
	  Sort Key: c
	  ->  Bitmap Heap Scan on sbtest6  (cost=35.30..4103.43 rows=1060 width=121)
	        Recheck Cond: ((id >= 8873605) AND (id <= 8874604))
	        ->  Bitmap Index Scan on sbtest6_pkey  (cost=0.00..35.04 rows=1060 width=0)
	              Index Cond: ((id >= 8873605) AND (id <= 8874604))

table 7 : explain SELECT c FROM sbtest7 WHERE id BETWEEN 1786810 AND 1787809 ORDER BY c
	Sort  (cost=4090.15..4092.75 rows=1041 width=121)
	  Sort Key: c
	  ->  Bitmap Heap Scan on sbtest7  (cost=35.11..4037.97 rows=1041 width=121)
	        Recheck Cond: ((id >= 1786810) AND (id <= 1787809))
	        ->  Bitmap Index Scan on sbtest7_pkey  (cost=0.00..34.84 rows=1041 width=0)
	              Index Cond: ((id >= 1786810) AND (id <= 1787809))

table 8 : explain SELECT c FROM sbtest8 WHERE id BETWEEN 3884480 AND 3885479 ORDER BY c
	Sort  (cost=4207.11..4209.79 rows=1072 width=121)
	  Sort Key: c
	  ->  Bitmap Heap Scan on sbtest8  (cost=35.42..4153.15 rows=1072 width=121)
	        Recheck Cond: ((id >= 3884480) AND (id <= 3885479))
	        ->  Bitmap Index Scan on sbtest8_pkey  (cost=0.00..35.16 rows=1072 width=0)
	              Index Cond: ((id >= 3884480) AND (id <= 3885479))

for: sum_ranges
table 1 : explain SELECT SUM(k) FROM sbtest1 WHERE id BETWEEN 4268190 AND 4269189
	Aggregate  (cost=3782.19..3782.20 rows=1 width=8)
	  ->  Bitmap Heap Scan on sbtest1  (cost=34.42..3779.76 rows=974 width=4)
	        Recheck Cond: ((id >= 4268190) AND (id <= 4269189))
	        ->  Bitmap Index Scan on sbtest1_pkey  (cost=0.00..34.18 rows=974 width=0)
	              Index Cond: ((id >= 4268190) AND (id <= 4269189))

table 2 : explain SELECT SUM(k) FROM sbtest2 WHERE id BETWEEN 7340562 AND 7341561
	Aggregate  (cost=4007.73..4007.74 rows=1 width=8)
	  ->  Bitmap Heap Scan on sbtest2  (cost=35.03..4005.14 rows=1034 width=4)
	        Recheck Cond: ((id >= 7340562) AND (id <= 7341561))
	        ->  Bitmap Index Scan on sbtest2_pkey  (cost=0.00..34.78 rows=1034 width=0)
	              Index Cond: ((id >= 7340562) AND (id <= 7341561))

table 3 : explain SELECT SUM(k) FROM sbtest3 WHERE id BETWEEN 3851965 AND 3852964
	Aggregate  (cost=4040.78..4040.79 rows=1 width=8)
	  ->  Bitmap Heap Scan on sbtest3  (cost=35.12..4038.17 rows=1042 width=4)
	        Recheck Cond: ((id >= 3851965) AND (id <= 3852964))
	        ->  Bitmap Index Scan on sbtest3_pkey  (cost=0.00..34.86 rows=1042 width=0)
	              Index Cond: ((id >= 3851965) AND (id <= 3852964))

table 4 : explain SELECT SUM(k) FROM sbtest4 WHERE id BETWEEN 1305839 AND 1306838
	Aggregate  (cost=3971.87..3971.88 rows=1 width=8)
	  ->  Bitmap Heap Scan on sbtest4  (cost=34.92..3969.31 rows=1023 width=4)
	        Recheck Cond: ((id >= 1305839) AND (id <= 1306838))
	        ->  Bitmap Index Scan on sbtest4_pkey  (cost=0.00..34.67 rows=1023 width=0)
	              Index Cond: ((id >= 1305839) AND (id <= 1306838))

table 5 : explain SELECT SUM(k) FROM sbtest5 WHERE id BETWEEN 9405327 AND 9406326
	Aggregate  (cost=3997.59..3997.60 rows=1 width=8)
	  ->  Bitmap Heap Scan on sbtest5  (cost=35.01..3995.01 rows=1032 width=4)
	        Recheck Cond: ((id >= 9405327) AND (id <= 9406326))
	        ->  Bitmap Index Scan on sbtest5_pkey  (cost=0.00..34.76 rows=1032 width=0)
	              Index Cond: ((id >= 9405327) AND (id <= 9406326))

table 6 : explain SELECT SUM(k) FROM sbtest6 WHERE id BETWEEN 8348054 AND 8349053
	Aggregate  (cost=4094.77..4094.78 rows=1 width=8)
	  ->  Bitmap Heap Scan on sbtest6  (cost=35.27..4092.13 rows=1057 width=4)
	        Recheck Cond: ((id >= 8348054) AND (id <= 8349053))
	        ->  Bitmap Index Scan on sbtest6_pkey  (cost=0.00..35.01 rows=1057 width=0)
	              Index Cond: ((id >= 8348054) AND (id <= 8349053))

table 7 : explain SELECT SUM(k) FROM sbtest7 WHERE id BETWEEN 5879435 AND 5880434
	Aggregate  (cost=4180.30..4180.31 rows=1 width=8)
	  ->  Bitmap Heap Scan on sbtest7  (cost=35.48..4177.61 rows=1078 width=4)
	        Recheck Cond: ((id >= 5879435) AND (id <= 5880434))
	        ->  Bitmap Index Scan on sbtest7_pkey  (cost=0.00..35.22 rows=1078 width=0)
	              Index Cond: ((id >= 5879435) AND (id <= 5880434))

table 8 : explain SELECT SUM(k) FROM sbtest8 WHERE id BETWEEN 3889361 AND 3890360
	Aggregate  (cost=4155.83..4155.84 rows=1 width=8)
	  ->  Bitmap Heap Scan on sbtest8  (cost=35.42..4153.15 rows=1072 width=4)
	        Recheck Cond: ((id >= 3889361) AND (id <= 3890360))
	        ->  Bitmap Index Scan on sbtest8_pkey  (cost=0.00..35.16 rows=1072 width=0)
	              Index Cond: ((id >= 3889361) AND (id <= 3890360))

for: sum_ranges
table 1 : explain SELECT SUM(k) FROM sbtest1 WHERE id BETWEEN 9430441 AND 9431440
	Aggregate  (cost=4438.15..4438.16 rows=1 width=8)
	  ->  Bitmap Heap Scan on sbtest1  (cost=40.20..4435.28 rows=1148 width=4)
	        Recheck Cond: ((id >= 9430441) AND (id <= 9431440))
	        ->  Bitmap Index Scan on sbtest1_pkey  (cost=0.00..39.92 rows=1148 width=0)
	              Index Cond: ((id >= 9430441) AND (id <= 9431440))

table 2 : explain SELECT SUM(k) FROM sbtest2 WHERE id BETWEEN 6870473 AND 6871472
	Aggregate  (cost=4071.80..4071.81 rows=1 width=8)
	  ->  Bitmap Heap Scan on sbtest2  (cost=35.21..4069.18 rows=1051 width=4)
	        Recheck Cond: ((id >= 6870473) AND (id <= 6871472))
	        ->  Bitmap Index Scan on sbtest2_pkey  (cost=0.00..34.95 rows=1051 width=0)
	              Index Cond: ((id >= 6870473) AND (id <= 6871472))

table 3 : explain SELECT SUM(k) FROM sbtest3 WHERE id BETWEEN 1843882 AND 1844881
	Aggregate  (cost=4176.54..4176.55 rows=1 width=8)
	  ->  Bitmap Heap Scan on sbtest3  (cost=35.48..4173.84 rows=1078 width=4)
	        Recheck Cond: ((id >= 1843882) AND (id <= 1844881))
	        ->  Bitmap Index Scan on sbtest3_pkey  (cost=0.00..35.22 rows=1078 width=0)
	              Index Cond: ((id >= 1843882) AND (id <= 1844881))

table 4 : explain SELECT SUM(k) FROM sbtest4 WHERE id BETWEEN 2377337 AND 2378336
	Aggregate  (cost=3915.16..3915.17 rows=1 width=8)
	  ->  Bitmap Heap Scan on sbtest4  (cost=34.77..3912.64 rows=1008 width=4)
	        Recheck Cond: ((id >= 2377337) AND (id <= 2378336))
	        ->  Bitmap Index Scan on sbtest4_pkey  (cost=0.00..34.52 rows=1008 width=0)
	              Index Cond: ((id >= 2377337) AND (id <= 2378336))

table 5 : explain SELECT SUM(k) FROM sbtest5 WHERE id BETWEEN 3785904 AND 3786903
	Aggregate  (cost=3827.96..3827.97 rows=1 width=8)
	  ->  Bitmap Heap Scan on sbtest5  (cost=34.55..3825.49 rows=987 width=4)
	        Recheck Cond: ((id >= 3785904) AND (id <= 3786903))
	        ->  Bitmap Index Scan on sbtest5_pkey  (cost=0.00..34.31 rows=987 width=0)
	              Index Cond: ((id >= 3785904) AND (id <= 3786903))

table 6 : explain SELECT SUM(k) FROM sbtest6 WHERE id BETWEEN 4647649 AND 4648648
	Aggregate  (cost=4136.21..4136.22 rows=1 width=8)
	  ->  Bitmap Heap Scan on sbtest6  (cost=35.38..4133.54 rows=1068 width=4)
	        Recheck Cond: ((id >= 4647649) AND (id <= 4648648))
	        ->  Bitmap Index Scan on sbtest6_pkey  (cost=0.00..35.12 rows=1068 width=0)
	              Index Cond: ((id >= 4647649) AND (id <= 4648648))

table 7 : explain SELECT SUM(k) FROM sbtest7 WHERE id BETWEEN 4508265 AND 4509264
	Aggregate  (cost=3794.71..3794.72 rows=1 width=8)
	  ->  Bitmap Heap Scan on sbtest7  (cost=34.44..3792.27 rows=976 width=4)
	        Recheck Cond: ((id >= 4508265) AND (id <= 4509264))
	        ->  Bitmap Index Scan on sbtest7_pkey  (cost=0.00..34.20 rows=976 width=0)
	              Index Cond: ((id >= 4508265) AND (id <= 4509264))

table 8 : explain SELECT SUM(k) FROM sbtest8 WHERE id BETWEEN 1065103 AND 1066102
	Aggregate  (cost=4118.10..4118.11 rows=1 width=8)
	  ->  Bitmap Heap Scan on sbtest8  (cost=35.32..4115.45 rows=1062 width=4)
	        Recheck Cond: ((id >= 1065103) AND (id <= 1066102))
	        ->  Bitmap Index Scan on sbtest8_pkey  (cost=0.00..35.06 rows=1062 width=0)
	              Index Cond: ((id >= 1065103) AND (id <= 1066102))

explain: for point_selects :: explain SELECT c FROM sbtest%u WHERE id=%u
for: order_ranges
table 1 : explain SELECT c FROM sbtest1 WHERE id BETWEEN 3200708 AND 3201707 ORDER BY c
	Sort  (cost=3705.37..3707.73 rows=942 width=121)
	  Sort Key: c
	  ->  Bitmap Heap Scan on sbtest1  (cost=34.09..3658.84 rows=942 width=121)
	        Recheck Cond: ((id >= 3200708) AND (id <= 3201707))
	        ->  Bitmap Index Scan on sbtest1_pkey  (cost=0.00..33.86 rows=942 width=0)
	              Index Cond: ((id >= 3200708) AND (id <= 3201707))

table 2 : explain SELECT c FROM sbtest2 WHERE id BETWEEN 7799584 AND 7800583 ORDER BY c
	Sort  (cost=4141.04..4143.68 rows=1056 width=121)
	  Sort Key: c
	  ->  Bitmap Heap Scan on sbtest2  (cost=35.26..4088.00 rows=1056 width=121)
	        Recheck Cond: ((id >= 7799584) AND (id <= 7800583))
	        ->  Bitmap Index Scan on sbtest2_pkey  (cost=0.00..35.00 rows=1056 width=0)
	              Index Cond: ((id >= 7799584) AND (id <= 7800583))

table 3 : explain SELECT c FROM sbtest3 WHERE id BETWEEN 7970544 AND 7971543 ORDER BY c
	Sort  (cost=3837.49..3839.93 rows=976 width=121)
	  Sort Key: c
	  ->  Bitmap Heap Scan on sbtest3  (cost=34.44..3789.03 rows=976 width=121)
	        Recheck Cond: ((id >= 7970544) AND (id <= 7971543))
	        ->  Bitmap Index Scan on sbtest3_pkey  (cost=0.00..34.20 rows=976 width=0)
	              Index Cond: ((id >= 7970544) AND (id <= 7971543))

table 4 : explain SELECT c FROM sbtest4 WHERE id BETWEEN 5461719 AND 5462718 ORDER BY c
	Sort  (cost=3817.06..3819.49 rows=970 width=121)
	  Sort Key: c
	  ->  Bitmap Heap Scan on sbtest4  (cost=34.38..3768.94 rows=970 width=121)
	        Recheck Cond: ((id >= 5461719) AND (id <= 5462718))
	        ->  Bitmap Index Scan on sbtest4_pkey  (cost=0.00..34.14 rows=970 width=0)
	              Index Cond: ((id >= 5461719) AND (id <= 5462718))

table 5 : explain SELECT c FROM sbtest5 WHERE id BETWEEN 7782479 AND 7783478 ORDER BY c
	Sort  (cost=3931.97..3934.48 rows=1002 width=121)
	  Sort Key: c
	  ->  Bitmap Heap Scan on sbtest5  (cost=34.71..3882.03 rows=1002 width=121)
	        Recheck Cond: ((id >= 7782479) AND (id <= 7783478))
	        ->  Bitmap Index Scan on sbtest5_pkey  (cost=0.00..34.45 rows=1002 width=0)
	              Index Cond: ((id >= 7782479) AND (id <= 7783478))

table 6 : explain SELECT c FROM sbtest6 WHERE id BETWEEN 4398858 AND 4399857 ORDER BY c
	Sort  (cost=4221.65..4224.35 rows=1077 width=121)
	  Sort Key: c
	  ->  Bitmap Heap Scan on sbtest6  (cost=35.47..4167.41 rows=1077 width=121)
	        Recheck Cond: ((id >= 4398858) AND (id <= 4399857))
	        ->  Bitmap Index Scan on sbtest6_pkey  (cost=0.00..35.20 rows=1077 width=0)
	              Index Cond: ((id >= 4398858) AND (id <= 4399857))

table 7 : explain SELECT c FROM sbtest7 WHERE id BETWEEN 8789394 AND 8790393 ORDER BY c
	Sort  (cost=3840.73..3843.17 rows=976 width=121)
	  Sort Key: c
	  ->  Bitmap Heap Scan on sbtest7  (cost=34.44..3792.27 rows=976 width=121)
	        Recheck Cond: ((id >= 8789394) AND (id <= 8790393))
	        ->  Bitmap Index Scan on sbtest7_pkey  (cost=0.00..34.20 rows=976 width=0)
	              Index Cond: ((id >= 8789394) AND (id <= 8790393))

table 8 : explain SELECT c FROM sbtest8 WHERE id BETWEEN 3792487 AND 3793486 ORDER BY c
	Sort  (cost=4478.75..4481.61 rows=1142 width=121)
	  Sort Key: c
	  ->  Bitmap Heap Scan on sbtest8  (cost=40.14..4420.76 rows=1142 width=121)
	        Recheck Cond: ((id >= 3792487) AND (id <= 3793486))
	        ->  Bitmap Index Scan on sbtest8_pkey  (cost=0.00..39.86 rows=1142 width=0)
	              Index Cond: ((id >= 3792487) AND (id <= 3793486))

for: sum_ranges
table 1 : explain SELECT SUM(k) FROM sbtest1 WHERE id BETWEEN 1005714 AND 1006713
	Aggregate  (cost=3819.98..3819.99 rows=1 width=8)
	  ->  Bitmap Heap Scan on sbtest1  (cost=34.52..3817.52 rows=984 width=4)
	        Recheck Cond: ((id >= 1005714) AND (id <= 1006713))
	        ->  Bitmap Index Scan on sbtest1_pkey  (cost=0.00..34.28 rows=984 width=0)
	              Index Cond: ((id >= 1005714) AND (id <= 1006713))

table 2 : explain SELECT SUM(k) FROM sbtest2 WHERE id BETWEEN 2006824 AND 2007823
	Aggregate  (cost=3739.73..3739.74 rows=1 width=8)
	  ->  Bitmap Heap Scan on sbtest2  (cost=34.31..3737.32 rows=963 width=4)
	        Recheck Cond: ((id >= 2006824) AND (id <= 2007823))
	        ->  Bitmap Index Scan on sbtest2_pkey  (cost=0.00..34.07 rows=963 width=0)
	              Index Cond: ((id >= 2006824) AND (id <= 2007823))

table 3 : explain SELECT SUM(k) FROM sbtest3 WHERE id BETWEEN 7968136 AND 7969135
	Aggregate  (cost=3791.47..3791.48 rows=1 width=8)
	  ->  Bitmap Heap Scan on sbtest3  (cost=34.44..3789.03 rows=976 width=4)
	        Recheck Cond: ((id >= 7968136) AND (id <= 7969135))
	        ->  Bitmap Index Scan on sbtest3_pkey  (cost=0.00..34.20 rows=976 width=0)
	              Index Cond: ((id >= 7968136) AND (id <= 7969135))

table 4 : explain SELECT SUM(k) FROM sbtest4 WHERE id BETWEEN 7363160 AND 7364159
	Aggregate  (cost=4096.54..4096.55 rows=1 width=8)
	  ->  Bitmap Heap Scan on sbtest4  (cost=35.26..4093.90 rows=1056 width=4)
	        Recheck Cond: ((id >= 7363160) AND (id <= 7364159))
	        ->  Bitmap Index Scan on sbtest4_pkey  (cost=0.00..35.00 rows=1056 width=0)
	              Index Cond: ((id >= 7363160) AND (id <= 7364159))

table 5 : explain SELECT SUM(k) FROM sbtest5 WHERE id BETWEEN 4232689 AND 4233688
	Aggregate  (cost=3540.66..3540.67 rows=1 width=8)
	  ->  Bitmap Heap Scan on sbtest5  (cost=29.78..3538.38 rows=912 width=4)
	        Recheck Cond: ((id >= 4232689) AND (id <= 4233688))
	        ->  Bitmap Index Scan on sbtest5_pkey  (cost=0.00..29.55 rows=912 width=0)
	              Index Cond: ((id >= 4232689) AND (id <= 4233688))

table 6 : explain SELECT SUM(k) FROM sbtest6 WHERE id BETWEEN 460016 AND 461015
	Aggregate  (cost=3762.72..3762.73 rows=1 width=8)
	  ->  Bitmap Heap Scan on sbtest6  (cost=34.37..3760.30 rows=969 width=4)
	        Recheck Cond: ((id >= 460016) AND (id <= 461015))
	        ->  Bitmap Index Scan on sbtest6_pkey  (cost=0.00..34.12 rows=969 width=0)
	              Index Cond: ((id >= 460016) AND (id <= 461015))

table 7 : explain SELECT SUM(k) FROM sbtest7 WHERE id BETWEEN 7951968 AND 7952967
	Aggregate  (cost=3616.61..3616.62 rows=1 width=8)
	  ->  Bitmap Heap Scan on sbtest7  (cost=33.96..3614.29 rows=929 width=4)
	        Recheck Cond: ((id >= 7951968) AND (id <= 7952967))
	        ->  Bitmap Index Scan on sbtest7_pkey  (cost=0.00..33.73 rows=929 width=0)
	              Index Cond: ((id >= 7951968) AND (id <= 7952967))

table 8 : explain SELECT SUM(k) FROM sbtest8 WHERE id BETWEEN 5223093 AND 5224092
	Aggregate  (cost=4080.36..4080.37 rows=1 width=8)
	  ->  Bitmap Heap Scan on sbtest8  (cost=35.22..4077.73 rows=1052 width=4)
	        Recheck Cond: ((id >= 5223093) AND (id <= 5224092))
	        ->  Bitmap Index Scan on sbtest8_pkey  (cost=0.00..34.95 rows=1052 width=0)
	              Index Cond: ((id >= 5223093) AND (id <= 5224092))

for point_selects
table 1 : explain SELECT c FROM sbtest1 WHERE id=1598560
	Index Scan using sbtest1_pkey on sbtest1  (cost=0.43..8.45 rows=1 width=121)
	  Index Cond: (id = 1598560)

table 2 : explain SELECT c FROM sbtest2 WHERE id=2961638
	Index Scan using sbtest2_pkey on sbtest2  (cost=0.43..8.45 rows=1 width=121)
	  Index Cond: (id = 2961638)

table 3 : explain SELECT c FROM sbtest3 WHERE id=3762259
	Index Scan using sbtest3_pkey on sbtest3  (cost=0.43..8.45 rows=1 width=121)
	  Index Cond: (id = 3762259)

table 4 : explain SELECT c FROM sbtest4 WHERE id=2538172
	Index Scan using sbtest4_pkey on sbtest4  (cost=0.43..8.45 rows=1 width=121)
	  Index Cond: (id = 2538172)

table 5 : explain SELECT c FROM sbtest5 WHERE id=1505548
	Index Scan using sbtest5_pkey on sbtest5  (cost=0.43..8.45 rows=1 width=121)
	  Index Cond: (id = 1505548)

table 6 : explain SELECT c FROM sbtest6 WHERE id=7097629
	Index Scan using sbtest6_pkey on sbtest6  (cost=0.43..8.45 rows=1 width=121)
	  Index Cond: (id = 7097629)

table 7 : explain SELECT c FROM sbtest7 WHERE id=5922195
	Index Scan using sbtest7_pkey on sbtest7  (cost=0.43..8.45 rows=1 width=121)
	  Index Cond: (id = 5922195)

table 8 : explain SELECT c FROM sbtest8 WHERE id=6953651
	Index Scan using sbtest8_pkey on sbtest8  (cost=0.43..8.45 rows=1 width=121)
	  Index Cond: (id = 6953651)

for: order_ranges
table 1 : explain SELECT c FROM sbtest1 WHERE id BETWEEN 7602428 AND 7603427 ORDER BY c
	Sort  (cost=4088.51..4091.11 rows=1042 width=121)
	  Sort Key: c
	  ->  Bitmap Heap Scan on sbtest1  (cost=35.12..4036.28 rows=1042 width=121)
	        Recheck Cond: ((id >= 7602428) AND (id <= 7603427))
	        ->  Bitmap Index Scan on sbtest1_pkey  (cost=0.00..34.86 rows=1042 width=0)
	              Index Cond: ((id >= 7602428) AND (id <= 7603427))

table 2 : explain SELECT c FROM sbtest2 WHERE id BETWEEN 6197536 AND 6198535 ORDER BY c
	Sort  (cost=3922.97..3925.47 rows=999 width=121)
	  Sort Key: c
	  ->  Bitmap Heap Scan on sbtest2  (cost=34.67..3873.20 rows=999 width=121)
	        Recheck Cond: ((id >= 6197536) AND (id <= 6198535))
	        ->  Bitmap Index Scan on sbtest2_pkey  (cost=0.00..34.43 rows=999 width=0)
	              Index Cond: ((id >= 6197536) AND (id <= 6198535))

table 3 : explain SELECT c FROM sbtest3 WHERE id BETWEEN 3177353 AND 3178352 ORDER BY c
	Sort  (cost=3718.52..3720.88 rows=945 width=121)
	  Sort Key: c
	  ->  Bitmap Heap Scan on sbtest3  (cost=34.12..3671.82 rows=945 width=121)
	        Recheck Cond: ((id >= 3177353) AND (id <= 3178352))
	        ->  Bitmap Index Scan on sbtest3_pkey  (cost=0.00..33.89 rows=945 width=0)
	              Index Cond: ((id >= 3177353) AND (id <= 3178352))

table 4 : explain SELECT c FROM sbtest4 WHERE id BETWEEN 5996697 AND 5997696 ORDER BY c
	Sort  (cost=3939.90..3942.41 rows=1002 width=121)
	  Sort Key: c
	  ->  Bitmap Heap Scan on sbtest4  (cost=34.71..3889.96 rows=1002 width=121)
	        Recheck Cond: ((id >= 5996697) AND (id <= 5997696))
	        ->  Bitmap Index Scan on sbtest4_pkey  (cost=0.00..34.45 rows=1002 width=0)
	              Index Cond: ((id >= 5996697) AND (id <= 5997696))

table 5 : explain SELECT c FROM sbtest5 WHERE id BETWEEN 1629855 AND 1630854 ORDER BY c
	Sort  (cost=4317.87..4320.63 rows=1102 width=121)
	  Sort Key: c
	  ->  Bitmap Heap Scan on sbtest5  (cost=39.73..4262.19 rows=1102 width=121)
	        Recheck Cond: ((id >= 1629855) AND (id <= 1630854))
	        ->  Bitmap Index Scan on sbtest5_pkey  (cost=0.00..39.45 rows=1102 width=0)
	              Index Cond: ((id >= 1629855) AND (id <= 1630854))

table 6 : explain SELECT c FROM sbtest6 WHERE id BETWEEN 3219784 AND 3220783 ORDER BY c
	Sort  (cost=3697.15..3699.50 rows=940 width=121)
	  Sort Key: c
	  ->  Bitmap Heap Scan on sbtest6  (cost=34.07..3650.73 rows=940 width=121)
	        Recheck Cond: ((id >= 3219784) AND (id <= 3220783))
	        ->  Bitmap Index Scan on sbtest6_pkey  (cost=0.00..33.84 rows=940 width=0)
	              Index Cond: ((id >= 3219784) AND (id <= 3220783))

table 7 : explain SELECT c FROM sbtest7 WHERE id BETWEEN 9399760 AND 9400759 ORDER BY c
	Sort  (cost=4036.47..4039.04 rows=1027 width=121)
	  Sort Key: c
	  ->  Bitmap Heap Scan on sbtest7  (cost=34.96..3985.10 rows=1027 width=121)
	        Recheck Cond: ((id >= 9399760) AND (id <= 9400759))
	        ->  Bitmap Index Scan on sbtest7_pkey  (cost=0.00..34.70 rows=1027 width=0)
	              Index Cond: ((id >= 9399760) AND (id <= 9400759))

table 8 : explain SELECT c FROM sbtest8 WHERE id BETWEEN 5684745 AND 5685744 ORDER BY c
	Sort  (cost=3568.65..3570.90 rows=900 width=121)
	  Sort Key: c
	  ->  Index Scan using sbtest8_pkey on sbtest8  (cost=0.43..3524.49 rows=900 width=121)
	        Index Cond: ((id >= 5684745) AND (id <= 5685744))

explain: for point_selects :: explain SELECT c FROM sbtest%u WHERE id=%u
for: order_ranges
table 1 : explain SELECT c FROM sbtest1 WHERE id BETWEEN 177238 AND 178237 ORDER BY c
	Sort  (cost=3801.27..3803.69 rows=967 width=121)
	  Sort Key: c
	  ->  Bitmap Heap Scan on sbtest1  (cost=34.35..3753.32 rows=967 width=121)
	        Recheck Cond: ((id >= 177238) AND (id <= 178237))
	        ->  Bitmap Index Scan on sbtest1_pkey  (cost=0.00..34.11 rows=967 width=0)
	              Index Cond: ((id >= 177238) AND (id <= 178237))

table 2 : explain SELECT c FROM sbtest2 WHERE id BETWEEN 6548472 AND 6549471 ORDER BY c
	Sort  (cost=4477.23..4480.09 rows=1144 width=121)
	  Sort Key: c
	  ->  Bitmap Heap Scan on sbtest2  (cost=40.16..4419.11 rows=1144 width=121)
	        Recheck Cond: ((id >= 6548472) AND (id <= 6549471))
	        ->  Bitmap Index Scan on sbtest2_pkey  (cost=0.00..39.88 rows=1144 width=0)
	              Index Cond: ((id >= 6548472) AND (id <= 6549471))

table 3 : explain SELECT c FROM sbtest3 WHERE id BETWEEN 5529582 AND 5530581 ORDER BY c
	Sort  (cost=4017.65..4020.20 rows=1023 width=121)
	  Sort Key: c
	  ->  Bitmap Heap Scan on sbtest3  (cost=34.92..3966.50 rows=1023 width=121)
	        Recheck Cond: ((id >= 5529582) AND (id <= 5530581))
	        ->  Bitmap Index Scan on sbtest3_pkey  (cost=0.00..34.67 rows=1023 width=0)
	              Index Cond: ((id >= 5529582) AND (id <= 5530581))

table 4 : explain SELECT c FROM sbtest4 WHERE id BETWEEN 7674097 AND 7675096 ORDER BY c
	Sort  (cost=3951.41..3953.93 rows=1005 width=121)
	  Sort Key: c
	  ->  Bitmap Heap Scan on sbtest4  (cost=34.74..3901.30 rows=1005 width=121)
	        Recheck Cond: ((id >= 7674097) AND (id <= 7675096))
	        ->  Bitmap Index Scan on sbtest4_pkey  (cost=0.00..34.48 rows=1005 width=0)
	              Index Cond: ((id >= 7674097) AND (id <= 7675096))

table 5 : explain SELECT c FROM sbtest5 WHERE id BETWEEN 196845 AND 197844 ORDER BY c
	Sort  (cost=4172.71..4175.37 rows=1065 width=121)
	  Sort Key: c
	  ->  Bitmap Heap Scan on sbtest5  (cost=35.35..4119.16 rows=1065 width=121)
	        Recheck Cond: ((id >= 196845) AND (id <= 197844))
	        ->  Bitmap Index Scan on sbtest5_pkey  (cost=0.00..35.09 rows=1065 width=0)
	              Index Cond: ((id >= 196845) AND (id <= 197844))

table 6 : explain SELECT c FROM sbtest6 WHERE id BETWEEN 8569020 AND 8570019 ORDER BY c
	Sort  (cost=4080.22..4082.82 rows=1040 width=121)
	  Sort Key: c
	  ->  Bitmap Heap Scan on sbtest6  (cost=35.09..4028.10 rows=1040 width=121)
	        Recheck Cond: ((id >= 8569020) AND (id <= 8570019))
	        ->  Bitmap Index Scan on sbtest6_pkey  (cost=0.00..34.84 rows=1040 width=0)
	              Index Cond: ((id >= 8569020) AND (id <= 8570019))

table 7 : explain SELECT c FROM sbtest7 WHERE id BETWEEN 8221753 AND 8222752 ORDER BY c
	Sort  (cost=4262.54..4265.25 rows=1086 width=121)
	  Sort Key: c
	  ->  Bitmap Heap Scan on sbtest7  (cost=35.57..4207.78 rows=1086 width=121)
	        Recheck Cond: ((id >= 8221753) AND (id <= 8222752))
	        ->  Bitmap Index Scan on sbtest7_pkey  (cost=0.00..35.30 rows=1086 width=0)
	              Index Cond: ((id >= 8221753) AND (id <= 8222752))

table 8 : explain SELECT c FROM sbtest8 WHERE id BETWEEN 7448084 AND 7449083 ORDER BY c
	Sort  (cost=4051.15..4053.70 rows=1021 width=121)
	  Sort Key: c
	  ->  Index Scan using sbtest8_pkey on sbtest8  (cost=0.43..4000.12 rows=1021 width=121)
	        Index Cond: ((id >= 7448084) AND (id <= 7449083))

explain: for point_selects :: explain SELECT c FROM sbtest%u WHERE id=%u
for: distinct_ranges
table 1 : explain SELECT DISTINCT c FROM sbtest1 WHERE id BETWEEN 8712466 AND 8713465 ORDER BY c
	Unique  (cost=3693.86..3698.56 rows=939 width=121)
	  ->  Sort  (cost=3693.86..3696.21 rows=939 width=121)
	        Sort Key: c
	        ->  Bitmap Heap Scan on sbtest1  (cost=34.06..3647.50 rows=939 width=121)
	              Recheck Cond: ((id >= 8712466) AND (id <= 8713465))
	              ->  Bitmap Index Scan on sbtest1_pkey  (cost=0.00..33.83 rows=939 width=0)
	                    Index Cond: ((id >= 8712466) AND (id <= 8713465))

table 2 : explain SELECT DISTINCT c FROM sbtest2 WHERE id BETWEEN 1731607 AND 1732606 ORDER BY c
	Unique  (cost=3550.82..3555.33 rows=903 width=121)
	  ->  Sort  (cost=3550.82..3553.08 rows=903 width=121)
	        Sort Key: c
	        ->  Bitmap Heap Scan on sbtest2  (cost=29.69..3506.49 rows=903 width=121)
	              Recheck Cond: ((id >= 1731607) AND (id <= 1732606))
	              ->  Bitmap Index Scan on sbtest2_pkey  (cost=0.00..29.46 rows=903 width=0)
	                    Index Cond: ((id >= 1731607) AND (id <= 1732606))

table 3 : explain SELECT DISTINCT c FROM sbtest3 WHERE id BETWEEN 7485063 AND 7486062 ORDER BY c
	Unique  (cost=4121.02..4126.27 rows=1050 width=121)
	  ->  Sort  (cost=4121.02..4123.65 rows=1050 width=121)
	        Sort Key: c
	        ->  Bitmap Heap Scan on sbtest3  (cost=35.20..4068.33 rows=1050 width=121)
	              Recheck Cond: ((id >= 7485063) AND (id <= 7486062))
	              ->  Bitmap Index Scan on sbtest3_pkey  (cost=0.00..34.94 rows=1050 width=0)
	                    Index Cond: ((id >= 7485063) AND (id <= 7486062))

table 4 : explain SELECT DISTINCT c FROM sbtest4 WHERE id BETWEEN 9270755 AND 9271754 ORDER BY c
	Unique  (cost=3843.95..3848.83 rows=977 width=121)
	  ->  Sort  (cost=3843.95..3846.39 rows=977 width=121)
	        Sort Key: c
	        ->  Bitmap Heap Scan on sbtest4  (cost=34.45..3795.43 rows=977 width=121)
	              Recheck Cond: ((id >= 9270755) AND (id <= 9271754))
	              ->  Bitmap Index Scan on sbtest4_pkey  (cost=0.00..34.20 rows=977 width=0)
	                    Index Cond: ((id >= 9270755) AND (id <= 9271754))

table 5 : explain SELECT DISTINCT c FROM sbtest5 WHERE id BETWEEN 6616247 AND 6617246 ORDER BY c
	Unique  (cost=3985.51..3990.59 rows=1016 width=121)
	  ->  Sort  (cost=3985.51..3988.05 rows=1016 width=121)
	        Sort Key: c
	        ->  Bitmap Heap Scan on sbtest5  (cost=34.85..3934.77 rows=1016 width=121)
	              Recheck Cond: ((id >= 6616247) AND (id <= 6617246))
	              ->  Bitmap Index Scan on sbtest5_pkey  (cost=0.00..34.59 rows=1016 width=0)
	                    Index Cond: ((id >= 6616247) AND (id <= 6617246))

table 6 : explain SELECT DISTINCT c FROM sbtest6 WHERE id BETWEEN 9039555 AND 9040554 ORDER BY c
	Unique  (cost=4026.66..4031.79 rows=1026 width=121)
	  ->  Sort  (cost=4026.66..4029.23 rows=1026 width=121)
	        Sort Key: c
	        ->  Bitmap Heap Scan on sbtest6  (cost=34.95..3975.35 rows=1026 width=121)
	              Recheck Cond: ((id >= 9039555) AND (id <= 9040554))
	              ->  Bitmap Index Scan on sbtest6_pkey  (cost=0.00..34.70 rows=1026 width=0)
	                    Index Cond: ((id >= 9039555) AND (id <= 9040554))

table 7 : explain SELECT DISTINCT c FROM sbtest7 WHERE id BETWEEN 5942206 AND 5943205 ORDER BY c
	Unique  (cost=4231.91..4237.30 rows=1078 width=121)
	  ->  Sort  (cost=4231.91..4234.60 rows=1078 width=121)
	        Sort Key: c
	        ->  Bitmap Heap Scan on sbtest7  (cost=35.48..4177.61 rows=1078 width=121)
	              Recheck Cond: ((id >= 5942206) AND (id <= 5943205))
	              ->  Bitmap Index Scan on sbtest7_pkey  (cost=0.00..35.22 rows=1078 width=0)
	                    Index Cond: ((id >= 5942206) AND (id <= 5943205))

table 8 : explain SELECT DISTINCT c FROM sbtest8 WHERE id BETWEEN 2434594 AND 2435593 ORDER BY c
	Unique  (cost=3624.07..3628.63 rows=913 width=121)
	  ->  Sort  (cost=3624.07..3626.35 rows=913 width=121)
	        Sort Key: c
	        ->  Index Scan using sbtest8_pkey on sbtest8  (cost=0.43..3579.17 rows=913 width=121)
	              Index Cond: ((id >= 2434594) AND (id <= 2435593))

for: order_ranges
table 1 : explain SELECT c FROM sbtest1 WHERE id BETWEEN 1586811 AND 1587810 ORDER BY c
	Sort  (cost=3920.08..3922.57 rows=998 width=121)
	  Sort Key: c
	  ->  Bitmap Heap Scan on sbtest1  (cost=34.66..3870.36 rows=998 width=121)
	        Recheck Cond: ((id >= 1586811) AND (id <= 1587810))
	        ->  Bitmap Index Scan on sbtest1_pkey  (cost=0.00..34.42 rows=998 width=0)
	              Index Cond: ((id >= 1586811) AND (id <= 1587810))

table 2 : explain SELECT c FROM sbtest2 WHERE id BETWEEN 7781961 AND 7782960 ORDER BY c
	Sort  (cost=4141.04..4143.68 rows=1056 width=121)
	  Sort Key: c
	  ->  Bitmap Heap Scan on sbtest2  (cost=35.26..4088.00 rows=1056 width=121)
	        Recheck Cond: ((id >= 7781961) AND (id <= 7782960))
	        ->  Bitmap Index Scan on sbtest2_pkey  (cost=0.00..35.00 rows=1056 width=0)
	              Index Cond: ((id >= 7781961) AND (id <= 7782960))

table 3 : explain SELECT c FROM sbtest3 WHERE id BETWEEN 2461865 AND 2462864 ORDER BY c
	Sort  (cost=4048.29..4050.86 rows=1031 width=121)
	  Sort Key: c
	  ->  Bitmap Heap Scan on sbtest3  (cost=35.00..3996.68 rows=1031 width=121)
	        Recheck Cond: ((id >= 2461865) AND (id <= 2462864))
	        ->  Bitmap Index Scan on sbtest3_pkey  (cost=0.00..34.75 rows=1031 width=0)
	              Index Cond: ((id >= 2461865) AND (id <= 2462864))

table 4 : explain SELECT c FROM sbtest4 WHERE id BETWEEN 7269497 AND 7270496 ORDER BY c
	Sort  (cost=3705.64..3707.99 rows=941 width=121)
	  Sort Key: c
	  ->  Bitmap Heap Scan on sbtest4  (cost=34.08..3659.16 rows=941 width=121)
	        Recheck Cond: ((id >= 7269497) AND (id <= 7270496))
	        ->  Bitmap Index Scan on sbtest4_pkey  (cost=0.00..33.84 rows=941 width=0)
	              Index Cond: ((id >= 7269497) AND (id <= 7270496))

table 5 : explain SELECT c FROM sbtest5 WHERE id BETWEEN 8861546 AND 8862545 ORDER BY c
	Sort  (cost=4271.92..4274.65 rows=1091 width=121)
	  Sort Key: c
	  ->  Bitmap Heap Scan on sbtest5  (cost=35.62..4216.87 rows=1091 width=121)
	        Recheck Cond: ((id >= 8861546) AND (id <= 8862545))
	        ->  Bitmap Index Scan on sbtest5_pkey  (cost=0.00..35.34 rows=1091 width=0)
	              Index Cond: ((id >= 8861546) AND (id <= 8862545))

table 6 : explain SELECT c FROM sbtest6 WHERE id BETWEEN 9615394 AND 9616393 ORDER BY c
	Sort  (cost=3950.11..3952.62 rows=1006 width=121)
	  Sort Key: c
	  ->  Bitmap Heap Scan on sbtest6  (cost=34.75..3899.94 rows=1006 width=121)
	        Recheck Cond: ((id >= 9615394) AND (id <= 9616393))
	        ->  Bitmap Index Scan on sbtest6_pkey  (cost=0.00..34.50 rows=1006 width=0)
	              Index Cond: ((id >= 9615394) AND (id <= 9616393))

table 7 : explain SELECT c FROM sbtest7 WHERE id BETWEEN 3754542 AND 3755541 ORDER BY c
	Sort  (cost=4021.13..4023.69 rows=1023 width=121)
	  Sort Key: c
	  ->  Bitmap Heap Scan on sbtest7  (cost=34.92..3969.99 rows=1023 width=121)
	        Recheck Cond: ((id >= 3754542) AND (id <= 3755541))
	        ->  Bitmap Index Scan on sbtest7_pkey  (cost=0.00..34.67 rows=1023 width=0)
	              Index Cond: ((id >= 3754542) AND (id <= 3755541))

table 8 : explain SELECT c FROM sbtest8 WHERE id BETWEEN 3071978 AND 3072977 ORDER BY c
	Sort  (cost=3837.60..3840.02 rows=967 width=121)
	  Sort Key: c
	  ->  Index Scan using sbtest8_pkey on sbtest8  (cost=0.43..3789.65 rows=967 width=121)
	        Index Cond: ((id >= 3071978) AND (id <= 3072977))

explain: for point_selects :: explain SELECT c FROM sbtest%u WHERE id=%u
for: simple_ranges
table 1 : explain SELECT c FROM sbtest1 WHERE id BETWEEN 3186661 AND 3187660
	Bitmap Heap Scan on sbtest1  (cost=34.09..3658.84 rows=942 width=121)
	  Recheck Cond: ((id >= 3186661) AND (id <= 3187660))
	  ->  Bitmap Index Scan on sbtest1_pkey  (cost=0.00..33.86 rows=942 width=0)
	        Index Cond: ((id >= 3186661) AND (id <= 3187660))

table 2 : explain SELECT c FROM sbtest2 WHERE id BETWEEN 7523905 AND 7524904
	Bitmap Heap Scan on sbtest2  (cost=34.72..3888.29 rows=1003 width=121)
	  Recheck Cond: ((id >= 7523905) AND (id <= 7524904))
	  ->  Bitmap Index Scan on sbtest2_pkey  (cost=0.00..34.47 rows=1003 width=0)
	        Index Cond: ((id >= 7523905) AND (id <= 7524904))

table 3 : explain SELECT c FROM sbtest3 WHERE id BETWEEN 5239223 AND 5240222
	Bitmap Heap Scan on sbtest3  (cost=39.77..4283.26 rows=1106 width=121)
	  Recheck Cond: ((id >= 5239223) AND (id <= 5240222))
	  ->  Bitmap Index Scan on sbtest3_pkey  (cost=0.00..39.50 rows=1106 width=0)
	        Index Cond: ((id >= 5239223) AND (id <= 5240222))

table 4 : explain SELECT c FROM sbtest4 WHERE id BETWEEN 1289745 AND 1290744
	Bitmap Heap Scan on sbtest4  (cost=34.92..3969.31 rows=1023 width=121)
	  Recheck Cond: ((id >= 1289745) AND (id <= 1290744))
	  ->  Bitmap Index Scan on sbtest4_pkey  (cost=0.00..34.67 rows=1023 width=0)
	        Index Cond: ((id >= 1289745) AND (id <= 1290744))

table 5 : explain SELECT c FROM sbtest5 WHERE id BETWEEN 3176002 AND 3177001
	Bitmap Heap Scan on sbtest5  (cost=35.03..4002.54 rows=1034 width=121)
	  Recheck Cond: ((id >= 3176002) AND (id <= 3177001))
	  ->  Bitmap Index Scan on sbtest5_pkey  (cost=0.00..34.78 rows=1034 width=0)
	        Index Cond: ((id >= 3176002) AND (id <= 3177001))

table 6 : explain SELECT c FROM sbtest6 WHERE id BETWEEN 423278 AND 424277
	Bitmap Heap Scan on sbtest6  (cost=34.37..3760.30 rows=969 width=121)
	  Recheck Cond: ((id >= 423278) AND (id <= 424277))
	  ->  Bitmap Index Scan on sbtest6_pkey  (cost=0.00..34.12 rows=969 width=0)
	        Index Cond: ((id >= 423278) AND (id <= 424277))

table 7 : explain SELECT c FROM sbtest7 WHERE id BETWEEN 9690864 AND 9691863
	Bitmap Heap Scan on sbtest7  (cost=35.32..4117.25 rows=1062 width=121)
	  Recheck Cond: ((id >= 9690864) AND (id <= 9691863))
	  ->  Bitmap Index Scan on sbtest7_pkey  (cost=0.00..35.06 rows=1062 width=0)
	        Index Cond: ((id >= 9690864) AND (id <= 9691863))

table 8 : explain SELECT c FROM sbtest8 WHERE id BETWEEN 121215 AND 122214
	Index Scan using sbtest8_pkey on sbtest8  (cost=0.43..3793.54 rows=968 width=121)
	  Index Cond: ((id >= 121215) AND (id <= 122214))

for: sum_ranges
table 1 : explain SELECT SUM(k) FROM sbtest1 WHERE id BETWEEN 3910428 AND 3911427
	Aggregate  (cost=4257.61..4257.62 rows=1 width=8)
	  ->  Bitmap Heap Scan on sbtest1  (cost=39.70..4254.86 rows=1099 width=4)
	        Recheck Cond: ((id >= 3910428) AND (id <= 3911427))
	        ->  Bitmap Index Scan on sbtest1_pkey  (cost=0.00..39.43 rows=1099 width=0)
	              Index Cond: ((id >= 3910428) AND (id <= 3911427))

table 2 : explain SELECT SUM(k) FROM sbtest2 WHERE id BETWEEN 4190662 AND 4191661
	Aggregate  (cost=4037.89..4037.90 rows=1 width=8)
	  ->  Bitmap Heap Scan on sbtest2  (cost=35.12..4035.28 rows=1042 width=4)
	        Recheck Cond: ((id >= 4190662) AND (id <= 4191661))
	        ->  Bitmap Index Scan on sbtest2_pkey  (cost=0.00..34.86 rows=1042 width=0)
	              Index Cond: ((id >= 4190662) AND (id <= 4191661))

table 3 : explain SELECT SUM(k) FROM sbtest3 WHERE id BETWEEN 3572866 AND 3573865
	Aggregate  (cost=3776.34..3776.35 rows=1 width=8)
	  ->  Bitmap Heap Scan on sbtest3  (cost=34.40..3773.91 rows=972 width=4)
	        Recheck Cond: ((id >= 3572866) AND (id <= 3573865))
	        ->  Bitmap Index Scan on sbtest3_pkey  (cost=0.00..34.16 rows=972 width=0)
	              Index Cond: ((id >= 3572866) AND (id <= 3573865))

table 4 : explain SELECT SUM(k) FROM sbtest4 WHERE id BETWEEN 6675758 AND 6676757
	Aggregate  (cost=3801.66..3801.67 rows=1 width=8)
	  ->  Bitmap Heap Scan on sbtest4  (cost=34.46..3799.21 rows=978 width=4)
	        Recheck Cond: ((id >= 6675758) AND (id <= 6676757))
	        ->  Bitmap Index Scan on sbtest4_pkey  (cost=0.00..34.22 rows=978 width=0)
	              Index Cond: ((id >= 6675758) AND (id <= 6676757))

table 5 : explain SELECT SUM(k) FROM sbtest5 WHERE id BETWEEN 2805465 AND 2806464
	Aggregate  (cost=4027.72..4027.73 rows=1 width=8)
	  ->  Bitmap Heap Scan on sbtest5  (cost=35.09..4025.12 rows=1040 width=4)
	        Recheck Cond: ((id >= 2805465) AND (id <= 2806464))
	        ->  Bitmap Index Scan on sbtest5_pkey  (cost=0.00..34.84 rows=1040 width=0)
	              Index Cond: ((id >= 2805465) AND (id <= 2806464))

table 6 : explain SELECT SUM(k) FROM sbtest6 WHERE id BETWEEN 486978 AND 487977
	Aggregate  (cost=3762.72..3762.73 rows=1 width=8)
	  ->  Bitmap Heap Scan on sbtest6  (cost=34.37..3760.30 rows=969 width=4)
	        Recheck Cond: ((id >= 486978) AND (id <= 487977))
	        ->  Bitmap Index Scan on sbtest6_pkey  (cost=0.00..34.12 rows=969 width=0)
	              Index Cond: ((id >= 486978) AND (id <= 487977))

table 7 : explain SELECT SUM(k) FROM sbtest7 WHERE id BETWEEN 8640846 AND 8641845
	Aggregate  (cost=3828.79..3828.80 rows=1 width=8)
	  ->  Bitmap Heap Scan on sbtest7  (cost=34.53..3826.32 rows=985 width=4)
	        Recheck Cond: ((id >= 8640846) AND (id <= 8641845))
	        ->  Bitmap Index Scan on sbtest7_pkey  (cost=0.00..34.29 rows=985 width=0)
	              Index Cond: ((id >= 8640846) AND (id <= 8641845))

table 8 : explain SELECT SUM(k) FROM sbtest8 WHERE id BETWEEN 9280621 AND 9281620
	Aggregate  (cost=4129.42..4129.43 rows=1 width=8)
	  ->  Bitmap Heap Scan on sbtest8  (cost=35.35..4126.76 rows=1065 width=4)
	        Recheck Cond: ((id >= 9280621) AND (id <= 9281620))
	        ->  Bitmap Index Scan on sbtest8_pkey  (cost=0.00..35.09 rows=1065 width=0)
	              Index Cond: ((id >= 9280621) AND (id <= 9281620))

for: simple_ranges
table 1 : explain SELECT c FROM sbtest1 WHERE id BETWEEN 3734037 AND 3735036
	Bitmap Heap Scan on sbtest1  (cost=29.63..3484.57 rows=897 width=121)
	  Recheck Cond: ((id >= 3734037) AND (id <= 3735036))
	  ->  Bitmap Index Scan on sbtest1_pkey  (cost=0.00..29.40 rows=897 width=0)
	        Index Cond: ((id >= 3734037) AND (id <= 3735036))

table 2 : explain SELECT c FROM sbtest2 WHERE id BETWEEN 7098040 AND 7099039
	Bitmap Heap Scan on sbtest2  (cost=35.02..4001.38 rows=1033 width=121)
	  Recheck Cond: ((id >= 7098040) AND (id <= 7099039))
	  ->  Bitmap Index Scan on sbtest2_pkey  (cost=0.00..34.77 rows=1033 width=0)
	        Index Cond: ((id >= 7098040) AND (id <= 7099039))

table 3 : explain SELECT c FROM sbtest3 WHERE id BETWEEN 8642380 AND 8643379
	Bitmap Heap Scan on sbtest3  (cost=35.11..4034.40 rows=1041 width=121)
	  Recheck Cond: ((id >= 8642380) AND (id <= 8643379))
	  ->  Bitmap Index Scan on sbtest3_pkey  (cost=0.00..34.84 rows=1041 width=0)
	        Index Cond: ((id >= 8642380) AND (id <= 8643379))

table 4 : explain SELECT c FROM sbtest4 WHERE id BETWEEN 215219 AND 216218
	Bitmap Heap Scan on sbtest4  (cost=35.53..4191.96 rows=1082 width=121)
	  Recheck Cond: ((id >= 215219) AND (id <= 216218))
	  ->  Bitmap Index Scan on sbtest4_pkey  (cost=0.00..35.26 rows=1082 width=0)
	        Index Cond: ((id >= 215219) AND (id <= 216218))

table 5 : explain SELECT c FROM sbtest5 WHERE id BETWEEN 2010506 AND 2011505
	Bitmap Heap Scan on sbtest5  (cost=29.37..3387.08 rows=872 width=121)
	  Recheck Cond: ((id >= 2010506) AND (id <= 2011505))
	  ->  Bitmap Index Scan on sbtest5_pkey  (cost=0.00..29.15 rows=872 width=0)
	        Index Cond: ((id >= 2010506) AND (id <= 2011505))

table 6 : explain SELECT c FROM sbtest6 WHERE id BETWEEN 3064012 AND 3065011
	Bitmap Heap Scan on sbtest6  (cost=34.76..3903.71 rows=1007 width=121)
	  Recheck Cond: ((id >= 3064012) AND (id <= 3065011))
	  ->  Bitmap Index Scan on sbtest6_pkey  (cost=0.00..34.51 rows=1007 width=0)
	        Index Cond: ((id >= 3064012) AND (id <= 3065011))

table 7 : explain SELECT c FROM sbtest7 WHERE id BETWEEN 2375621 AND 2376620
	Bitmap Heap Scan on sbtest7  (cost=34.36..3762.00 rows=968 width=121)
	  Recheck Cond: ((id >= 2375621) AND (id <= 2376620))
	  ->  Bitmap Index Scan on sbtest7_pkey  (cost=0.00..34.12 rows=968 width=0)
	        Index Cond: ((id >= 2375621) AND (id <= 2376620))

table 8 : explain SELECT c FROM sbtest8 WHERE id BETWEEN 1625247 AND 1626246
	Index Scan using sbtest8_pkey on sbtest8  (cost=0.43..3867.58 rows=987 width=121)
	  Index Cond: ((id >= 1625247) AND (id <= 1626246))

for: simple_ranges
table 1 : explain SELECT c FROM sbtest1 WHERE id BETWEEN 7872271 AND 7873270
	Bitmap Heap Scan on sbtest1  (cost=34.13..3673.96 rows=946 width=121)
	  Recheck Cond: ((id >= 7872271) AND (id <= 7873270))
	  ->  Bitmap Index Scan on sbtest1_pkey  (cost=0.00..33.90 rows=946 width=0)
	        Index Cond: ((id >= 7872271) AND (id <= 7873270))

table 2 : explain SELECT c FROM sbtest2 WHERE id BETWEEN 1247345 AND 1248344
	Bitmap Heap Scan on sbtest2  (cost=34.80..3918.45 rows=1011 width=121)
	  Recheck Cond: ((id >= 1247345) AND (id <= 1248344))
	  ->  Bitmap Index Scan on sbtest2_pkey  (cost=0.00..34.55 rows=1011 width=0)
	        Index Cond: ((id >= 1247345) AND (id <= 1248344))

table 3 : explain SELECT c FROM sbtest3 WHERE id BETWEEN 7380496 AND 7381495
	Bitmap Heap Scan on sbtest3  (cost=34.51..3815.48 rows=983 width=121)
	  Recheck Cond: ((id >= 7380496) AND (id <= 7381495))
	  ->  Bitmap Index Scan on sbtest3_pkey  (cost=0.00..34.27 rows=983 width=0)
	        Index Cond: ((id >= 7380496) AND (id <= 7381495))

table 4 : explain SELECT c FROM sbtest4 WHERE id BETWEEN 7122639 AND 7123638
	Bitmap Heap Scan on sbtest4  (cost=35.11..4037.28 rows=1041 width=121)
	  Recheck Cond: ((id >= 7122639) AND (id <= 7123638))
	  ->  Bitmap Index Scan on sbtest4_pkey  (cost=0.00..34.84 rows=1041 width=0)
	        Index Cond: ((id >= 7122639) AND (id <= 7123638))

table 5 : explain SELECT c FROM sbtest5 WHERE id BETWEEN 5964063 AND 5965062
	Bitmap Heap Scan on sbtest5  (cost=35.41..4141.71 rows=1071 width=121)
	  Recheck Cond: ((id >= 5964063) AND (id <= 5965062))
	  ->  Bitmap Index Scan on sbtest5_pkey  (cost=0.00..35.15 rows=1071 width=0)
	        Index Cond: ((id >= 5964063) AND (id <= 5965062))

table 6 : explain SELECT c FROM sbtest6 WHERE id BETWEEN 167124 AND 168123
	Bitmap Heap Scan on sbtest6  (cost=35.26..4088.37 rows=1056 width=121)
	  Recheck Cond: ((id >= 167124) AND (id <= 168123))
	  ->  Bitmap Index Scan on sbtest6_pkey  (cost=0.00..35.00 rows=1056 width=0)
	        Index Cond: ((id >= 167124) AND (id <= 168123))

table 7 : explain SELECT c FROM sbtest7 WHERE id BETWEEN 3272049 AND 3273048
	Bitmap Heap Scan on sbtest7  (cost=29.76..3538.26 rows=910 width=121)
	  Recheck Cond: ((id >= 3272049) AND (id <= 3273048))
	  ->  Bitmap Index Scan on sbtest7_pkey  (cost=0.00..29.54 rows=910 width=0)
	        Index Cond: ((id >= 3272049) AND (id <= 3273048))

table 8 : explain SELECT c FROM sbtest8 WHERE id BETWEEN 7863473 AND 7864472
	Index Scan using sbtest8_pkey on sbtest8  (cost=0.43..3610.34 rows=921 width=121)
	  Index Cond: ((id >= 7863473) AND (id <= 7864472))

for: order_ranges
table 1 : explain SELECT c FROM sbtest1 WHERE id BETWEEN 1485071 AND 1486070 ORDER BY c
	Sort  (cost=3470.91..3473.11 rows=882 width=121)
	  Sort Key: c
	  ->  Bitmap Heap Scan on sbtest1  (cost=29.48..3427.76 rows=882 width=121)
	        Recheck Cond: ((id >= 1485071) AND (id <= 1486070))
	        ->  Bitmap Index Scan on sbtest1_pkey  (cost=0.00..29.25 rows=882 width=0)
	              Index Cond: ((id >= 1485071) AND (id <= 1486070))

table 2 : explain SELECT c FROM sbtest2 WHERE id BETWEEN 7994416 AND 7995415 ORDER BY c
	Sort  (cost=4251.84..4254.55 rows=1085 width=121)
	  Sort Key: c
	  ->  Bitmap Heap Scan on sbtest2  (cost=35.56..4197.13 rows=1085 width=121)
	        Recheck Cond: ((id >= 7994416) AND (id <= 7995415))
	        ->  Bitmap Index Scan on sbtest2_pkey  (cost=0.00..35.29 rows=1085 width=0)
	              Index Cond: ((id >= 7994416) AND (id <= 7995415))

table 3 : explain SELECT c FROM sbtest3 WHERE id BETWEEN 9895833 AND 9896832 ORDER BY c
	Sort  (cost=3634.02..3636.33 rows=923 width=121)
	  Sort Key: c
	  ->  Bitmap Heap Scan on sbtest3  (cost=33.90..3588.56 rows=923 width=121)
	        Recheck Cond: ((id >= 9895833) AND (id <= 9896832))
	        ->  Bitmap Index Scan on sbtest3_pkey  (cost=0.00..33.67 rows=923 width=0)
	              Index Cond: ((id >= 9895833) AND (id <= 9896832))

table 4 : explain SELECT c FROM sbtest4 WHERE id BETWEEN 3012304 AND 3013303 ORDER BY c
	Sort  (cost=4686.24..4689.23 rows=1197 width=121)
	  Sort Key: c
	  ->  Bitmap Heap Scan on sbtest4  (cost=40.70..4625.04 rows=1197 width=121)
	        Recheck Cond: ((id >= 3012304) AND (id <= 3013303))
	        ->  Bitmap Index Scan on sbtest4_pkey  (cost=0.00..40.41 rows=1197 width=0)
	              Index Cond: ((id >= 3012304) AND (id <= 3013303))

table 5 : explain SELECT c FROM sbtest5 WHERE id BETWEEN 5455826 AND 5456825 ORDER BY c
	Sort  (cost=3456.56..3458.76 rows=879 width=121)
	  Sort Key: c
	  ->  Bitmap Heap Scan on sbtest5  (cost=29.44..3413.58 rows=879 width=121)
	        Recheck Cond: ((id >= 5455826) AND (id <= 5456825))
	        ->  Bitmap Index Scan on sbtest5_pkey  (cost=0.00..29.22 rows=879 width=0)
	              Index Cond: ((id >= 5455826) AND (id <= 5456825))

table 6 : explain SELECT c FROM sbtest6 WHERE id BETWEEN 8034618 AND 8035617 ORDER BY c
	Sort  (cost=3789.20..3791.61 rows=964 width=121)
	  Sort Key: c
	  ->  Bitmap Heap Scan on sbtest6  (cost=34.32..3741.42 rows=964 width=121)
	        Recheck Cond: ((id >= 8034618) AND (id <= 8035617))
	        ->  Bitmap Index Scan on sbtest6_pkey  (cost=0.00..34.08 rows=964 width=0)
	              Index Cond: ((id >= 8034618) AND (id <= 8035617))

table 7 : explain SELECT c FROM sbtest7 WHERE id BETWEEN 6729024 AND 6730023 ORDER BY c
	Sort  (cost=3479.02..3481.23 rows=883 width=121)
	  Sort Key: c
	  ->  Bitmap Heap Scan on sbtest7  (cost=29.49..3435.82 rows=883 width=121)
	        Recheck Cond: ((id >= 6729024) AND (id <= 6730023))
	        ->  Bitmap Index Scan on sbtest7_pkey  (cost=0.00..29.26 rows=883 width=0)
	              Index Cond: ((id >= 6729024) AND (id <= 6730023))

table 8 : explain SELECT c FROM sbtest8 WHERE id BETWEEN 1249326 AND 1250325 ORDER BY c
	Sort  (cost=3904.81..3907.27 rows=984 width=121)
	  Sort Key: c
	  ->  Index Scan using sbtest8_pkey on sbtest8  (cost=0.43..3855.89 rows=984 width=121)
	        Index Cond: ((id >= 1249326) AND (id <= 1250325))

for: distinct_ranges
table 1 : explain SELECT DISTINCT c FROM sbtest1 WHERE id BETWEEN 9259723 AND 9260722 ORDER BY c
	Unique  (cost=3590.20..3594.76 rows=912 width=121)
	  ->  Sort  (cost=3590.20..3592.48 rows=912 width=121)
	        Sort Key: c
	        ->  Bitmap Heap Scan on sbtest1  (cost=33.78..3545.36 rows=912 width=121)
	              Recheck Cond: ((id >= 9259723) AND (id <= 9260722))
	              ->  Bitmap Index Scan on sbtest1_pkey  (cost=0.00..33.56 rows=912 width=0)
	                    Index Cond: ((id >= 9259723) AND (id <= 9260722))

table 2 : explain SELECT DISTINCT c FROM sbtest2 WHERE id BETWEEN 6826342 AND 6827341 ORDER BY c
	Unique  (cost=4121.92..4127.18 rows=1051 width=121)
	  ->  Sort  (cost=4121.92..4124.55 rows=1051 width=121)
	        Sort Key: c
	        ->  Bitmap Heap Scan on sbtest2  (cost=35.21..4069.18 rows=1051 width=121)
	              Recheck Cond: ((id >= 6826342) AND (id <= 6827341))
	              ->  Bitmap Index Scan on sbtest2_pkey  (cost=0.00..34.95 rows=1051 width=0)
	                    Index Cond: ((id >= 6826342) AND (id <= 6827341))

table 3 : explain SELECT DISTINCT c FROM sbtest3 WHERE id BETWEEN 1406775 AND 1407774 ORDER BY c
	Unique  (cost=3860.50..3865.41 rows=982 width=121)
	  ->  Sort  (cost=3860.50..3862.96 rows=982 width=121)
	        Sort Key: c
	        ->  Bitmap Heap Scan on sbtest3  (cost=34.50..3811.70 rows=982 width=121)
	              Recheck Cond: ((id >= 1406775) AND (id <= 1407774))
	              ->  Bitmap Index Scan on sbtest3_pkey  (cost=0.00..34.26 rows=982 width=0)
	                    Index Cond: ((id >= 1406775) AND (id <= 1407774))

table 4 : explain SELECT DISTINCT c FROM sbtest4 WHERE id BETWEEN 1287534 AND 1288533 ORDER BY c
	Unique  (cost=4020.45..4025.57 rows=1023 width=121)
	  ->  Sort  (cost=4020.45..4023.01 rows=1023 width=121)
	        Sort Key: c
	        ->  Bitmap Heap Scan on sbtest4  (cost=34.92..3969.31 rows=1023 width=121)
	              Recheck Cond: ((id >= 1287534) AND (id <= 1288533))
	              ->  Bitmap Index Scan on sbtest4_pkey  (cost=0.00..34.67 rows=1023 width=0)
	                    Index Cond: ((id >= 1287534) AND (id <= 1288533))

table 5 : explain SELECT DISTINCT c FROM sbtest5 WHERE id BETWEEN 9463107 AND 9464106 ORDER BY c
	Unique  (cost=4046.67..4051.83 rows=1032 width=121)
	  ->  Sort  (cost=4046.67..4049.25 rows=1032 width=121)
	        Sort Key: c
	        ->  Bitmap Heap Scan on sbtest5  (cost=35.01..3995.01 rows=1032 width=121)
	              Recheck Cond: ((id >= 9463107) AND (id <= 9464106))
	              ->  Bitmap Index Scan on sbtest5_pkey  (cost=0.00..34.76 rows=1032 width=0)
	                    Index Cond: ((id >= 9463107) AND (id <= 9464106))

table 6 : explain SELECT DISTINCT c FROM sbtest6 WHERE id BETWEEN 366994 AND 367993 ORDER BY c
	Unique  (cost=3693.31..3698.01 rows=939 width=121)
	  ->  Sort  (cost=3693.31..3695.66 rows=939 width=121)
	        Sort Key: c
	        ->  Bitmap Heap Scan on sbtest6  (cost=34.06..3646.95 rows=939 width=121)
	              Recheck Cond: ((id >= 366994) AND (id <= 367993))
	              ->  Bitmap Index Scan on sbtest6_pkey  (cost=0.00..33.83 rows=939 width=0)
	                    Index Cond: ((id >= 366994) AND (id <= 367993))

table 7 : explain SELECT DISTINCT c FROM sbtest7 WHERE id BETWEEN 6462843 AND 6463842 ORDER BY c
	Unique  (cost=4511.33..4517.08 rows=1150 width=121)
	  ->  Sort  (cost=4511.33..4514.21 rows=1150 width=121)
	        Sort Key: c
	        ->  Bitmap Heap Scan on sbtest7  (cost=40.22..4452.87 rows=1150 width=121)
	              Recheck Cond: ((id >= 6462843) AND (id <= 6463842))
	              ->  Bitmap Index Scan on sbtest7_pkey  (cost=0.00..39.94 rows=1150 width=0)
	                    Index Cond: ((id >= 6462843) AND (id <= 6463842))

table 8 : explain SELECT DISTINCT c FROM sbtest8 WHERE id BETWEEN 3060655 AND 3061654 ORDER BY c
	Unique  (cost=3837.60..3842.43 rows=967 width=121)
	  ->  Sort  (cost=3837.60..3840.02 rows=967 width=121)
	        Sort Key: c
	        ->  Index Scan using sbtest8_pkey on sbtest8  (cost=0.43..3789.65 rows=967 width=121)
	              Index Cond: ((id >= 3060655) AND (id <= 3061654))

for: distinct_ranges
table 1 : explain SELECT DISTINCT c FROM sbtest1 WHERE id BETWEEN 4624326 AND 4625325 ORDER BY c
	Unique  (cost=3455.53..3459.92 rows=878 width=121)
	  ->  Sort  (cost=3455.53..3457.72 rows=878 width=121)
	        Sort Key: c
	        ->  Bitmap Heap Scan on sbtest1  (cost=29.43..3412.60 rows=878 width=121)
	              Recheck Cond: ((id >= 4624326) AND (id <= 4625325))
	              ->  Bitmap Index Scan on sbtest1_pkey  (cost=0.00..29.21 rows=878 width=0)
	                    Index Cond: ((id >= 4624326) AND (id <= 4625325))

table 2 : explain SELECT DISTINCT c FROM sbtest2 WHERE id BETWEEN 1192273 AND 1193272 ORDER BY c
	Unique  (cost=4033.96..4039.10 rows=1028 width=121)
	  ->  Sort  (cost=4033.96..4036.53 rows=1028 width=121)
	        Sort Key: c
	        ->  Bitmap Heap Scan on sbtest2  (cost=34.97..3982.54 rows=1028 width=121)
	              Recheck Cond: ((id >= 1192273) AND (id <= 1193272))
	              ->  Bitmap Index Scan on sbtest2_pkey  (cost=0.00..34.72 rows=1028 width=0)
	                    Index Cond: ((id >= 1192273) AND (id <= 1193272))

table 3 : explain SELECT DISTINCT c FROM sbtest3 WHERE id BETWEEN 9256457 AND 9257456 ORDER BY c
	Unique  (cost=4055.94..4061.11 rows=1033 width=121)
	  ->  Sort  (cost=4055.94..4058.53 rows=1033 width=121)
	        Sort Key: c
	        ->  Bitmap Heap Scan on sbtest3  (cost=35.02..4004.23 rows=1033 width=121)
	              Recheck Cond: ((id >= 9256457) AND (id <= 9257456))
	              ->  Bitmap Index Scan on sbtest3_pkey  (cost=0.00..34.77 rows=1033 width=0)
	                    Index Cond: ((id >= 9256457) AND (id <= 9257456))

table 4 : explain SELECT DISTINCT c FROM sbtest4 WHERE id BETWEEN 9207169 AND 9208168 ORDER BY c
	Unique  (cost=3843.95..3848.83 rows=977 width=121)
	  ->  Sort  (cost=3843.95..3846.39 rows=977 width=121)
	        Sort Key: c
	        ->  Bitmap Heap Scan on sbtest4  (cost=34.45..3795.43 rows=977 width=121)
	              Recheck Cond: ((id >= 9207169) AND (id <= 9208168))
	              ->  Bitmap Index Scan on sbtest4_pkey  (cost=0.00..34.20 rows=977 width=0)
	                    Index Cond: ((id >= 9207169) AND (id <= 9208168))

table 5 : explain SELECT DISTINCT c FROM sbtest5 WHERE id BETWEEN 9850252 AND 9851251 ORDER BY c
	Unique  (cost=3977.86..3982.93 rows=1014 width=121)
	  ->  Sort  (cost=3977.86..3980.40 rows=1014 width=121)
	        Sort Key: c
	        ->  Bitmap Heap Scan on sbtest5  (cost=34.83..3927.23 rows=1014 width=121)
	              Recheck Cond: ((id >= 9850252) AND (id <= 9851251))
	              ->  Bitmap Index Scan on sbtest5_pkey  (cost=0.00..34.58 rows=1014 width=0)
	                    Index Cond: ((id >= 9850252) AND (id <= 9851251))

table 6 : explain SELECT DISTINCT c FROM sbtest6 WHERE id BETWEEN 2126357 AND 2127356 ORDER BY c
	Unique  (cost=4156.69..4161.99 rows=1060 width=121)
	  ->  Sort  (cost=4156.69..4159.34 rows=1060 width=121)
	        Sort Key: c
	        ->  Bitmap Heap Scan on sbtest6  (cost=35.30..4103.43 rows=1060 width=121)
	              Recheck Cond: ((id >= 2126357) AND (id <= 2127356))
	              ->  Bitmap Index Scan on sbtest6_pkey  (cost=0.00..35.04 rows=1060 width=0)
	                    Index Cond: ((id >= 2126357) AND (id <= 2127356))

table 7 : explain SELECT DISTINCT c FROM sbtest7 WHERE id BETWEEN 3964683 AND 3965682 ORDER BY c
	Unique  (cost=3702.39..3707.09 rows=940 width=121)
	  ->  Sort  (cost=3702.39..3704.74 rows=940 width=121)
	        Sort Key: c
	        ->  Bitmap Heap Scan on sbtest7  (cost=34.07..3655.97 rows=940 width=121)
	              Recheck Cond: ((id >= 3964683) AND (id <= 3965682))
	              ->  Bitmap Index Scan on sbtest7_pkey  (cost=0.00..33.84 rows=940 width=0)
	                    Index Cond: ((id >= 3964683) AND (id <= 3965682))

table 8 : explain SELECT DISTINCT c FROM sbtest8 WHERE id BETWEEN 1827180 AND 1828179 ORDER BY c
	Unique  (cost=3873.18..3878.06 rows=976 width=121)
	  ->  Sort  (cost=3873.18..3875.62 rows=976 width=121)
	        Sort Key: c
	        ->  Index Scan using sbtest8_pkey on sbtest8  (cost=0.43..3824.72 rows=976 width=121)
	              Index Cond: ((id >= 1827180) AND (id <= 1828179))

for: distinct_ranges
table 1 : explain SELECT DISTINCT c FROM sbtest1 WHERE id BETWEEN 320649 AND 321648 ORDER BY c
	Unique  (cost=4103.81..4109.04 rows=1046 width=121)
	  ->  Sort  (cost=4103.81..4106.42 rows=1046 width=121)
	        Sort Key: c
	        ->  Bitmap Heap Scan on sbtest1  (cost=35.16..4051.35 rows=1046 width=121)
	              Recheck Cond: ((id >= 320649) AND (id <= 321648))
	              ->  Bitmap Index Scan on sbtest1_pkey  (cost=0.00..34.90 rows=1046 width=0)
	                    Index Cond: ((id >= 320649) AND (id <= 321648))

table 2 : explain SELECT DISTINCT c FROM sbtest2 WHERE id BETWEEN 4667199 AND 4668198 ORDER BY c
	Unique  (cost=3865.52..3870.44 rows=984 width=121)
	  ->  Sort  (cost=3865.52..3867.98 rows=984 width=121)
	        Sort Key: c
	        ->  Bitmap Heap Scan on sbtest2  (cost=34.52..3816.60 rows=984 width=121)
	              Recheck Cond: ((id >= 4667199) AND (id <= 4668198))
	              ->  Bitmap Index Scan on sbtest2_pkey  (cost=0.00..34.28 rows=984 width=0)
	                    Index Cond: ((id >= 4667199) AND (id <= 4668198))

table 3 : explain SELECT DISTINCT c FROM sbtest3 WHERE id BETWEEN 2834918 AND 2835917 ORDER BY c
	Unique  (cost=4212.84..4218.21 rows=1074 width=121)
	  ->  Sort  (cost=4212.84..4215.53 rows=1074 width=121)
	        Sort Key: c
	        ->  Bitmap Heap Scan on sbtest3  (cost=35.44..4158.78 rows=1074 width=121)
	              Recheck Cond: ((id >= 2834918) AND (id <= 2835917))
	              ->  Bitmap Index Scan on sbtest3_pkey  (cost=0.00..35.18 rows=1074 width=0)
	                    Index Cond: ((id >= 2834918) AND (id <= 2835917))

table 4 : explain SELECT DISTINCT c FROM sbtest4 WHERE id BETWEEN 9172145 AND 9173144 ORDER BY c
	Unique  (cost=4016.62..4021.73 rows=1022 width=121)
	  ->  Sort  (cost=4016.62..4019.17 rows=1022 width=121)
	        Sort Key: c
	        ->  Bitmap Heap Scan on sbtest4  (cost=34.91..3965.53 rows=1022 width=121)
	              Recheck Cond: ((id >= 9172145) AND (id <= 9173144))
	              ->  Bitmap Index Scan on sbtest4_pkey  (cost=0.00..34.66 rows=1022 width=0)
	                    Index Cond: ((id >= 9172145) AND (id <= 9173144))

table 5 : explain SELECT DISTINCT c FROM sbtest5 WHERE id BETWEEN 9350291 AND 9351290 ORDER BY c
	Unique  (cost=3748.23..3753.00 rows=954 width=121)
	  ->  Sort  (cost=3748.23..3750.61 rows=954 width=121)
	        Sort Key: c
	        ->  Bitmap Heap Scan on sbtest5  (cost=34.21..3701.02 rows=954 width=121)
	              Recheck Cond: ((id >= 9350291) AND (id <= 9351290))
	              ->  Bitmap Index Scan on sbtest5_pkey  (cost=0.00..33.98 rows=954 width=0)
	                    Index Cond: ((id >= 9350291) AND (id <= 9351290))

table 6 : explain SELECT DISTINCT c FROM sbtest6 WHERE id BETWEEN 4551596 AND 4552595 ORDER BY c
	Unique  (cost=3812.20..3817.05 rows=970 width=121)
	  ->  Sort  (cost=3812.20..3814.62 rows=970 width=121)
	        Sort Key: c
	        ->  Bitmap Heap Scan on sbtest6  (cost=34.38..3764.08 rows=970 width=121)
	              Recheck Cond: ((id >= 4551596) AND (id <= 4552595))
	              ->  Bitmap Index Scan on sbtest6_pkey  (cost=0.00..34.14 rows=970 width=0)
	                    Index Cond: ((id >= 4551596) AND (id <= 4552595))

table 7 : explain SELECT DISTINCT c FROM sbtest7 WHERE id BETWEEN 7815510 AND 7816509 ORDER BY c
	Unique  (cost=4090.15..4095.35 rows=1041 width=121)
	  ->  Sort  (cost=4090.15..4092.75 rows=1041 width=121)
	        Sort Key: c
	        ->  Bitmap Heap Scan on sbtest7  (cost=35.11..4037.97 rows=1041 width=121)
	              Recheck Cond: ((id >= 7815510) AND (id <= 7816509))
	              ->  Bitmap Index Scan on sbtest7_pkey  (cost=0.00..34.84 rows=1041 width=0)
	                    Index Cond: ((id >= 7815510) AND (id <= 7816509))

table 8 : explain SELECT DISTINCT c FROM sbtest8 WHERE id BETWEEN 9635697 AND 9636696 ORDER BY c
	Unique  (cost=4103.73..4108.95 rows=1045 width=121)
	  ->  Sort  (cost=4103.73..4106.34 rows=1045 width=121)
	        Sort Key: c
	        ->  Bitmap Heap Scan on sbtest8  (cost=35.15..4051.32 rows=1045 width=121)
	              Recheck Cond: ((id >= 9635697) AND (id <= 9636696))
	              ->  Bitmap Index Scan on sbtest8_pkey  (cost=0.00..34.89 rows=1045 width=0)
	                    Index Cond: ((id >= 9635697) AND (id <= 9636696))

for: order_ranges
table 1 : explain SELECT c FROM sbtest1 WHERE id BETWEEN 2136334 AND 2137333 ORDER BY c
	Sort  (cost=4103.81..4106.42 rows=1046 width=121)
	  Sort Key: c
	  ->  Bitmap Heap Scan on sbtest1  (cost=35.16..4051.35 rows=1046 width=121)
	        Recheck Cond: ((id >= 2136334) AND (id <= 2137333))
	        ->  Bitmap Index Scan on sbtest1_pkey  (cost=0.00..34.90 rows=1046 width=0)
	              Index Cond: ((id >= 2136334) AND (id <= 2137333))

table 2 : explain SELECT c FROM sbtest2 WHERE id BETWEEN 7998191 AND 7999190 ORDER BY c
	Sort  (cost=4251.84..4254.55 rows=1085 width=121)
	  Sort Key: c
	  ->  Bitmap Heap Scan on sbtest2  (cost=35.56..4197.13 rows=1085 width=121)
	        Recheck Cond: ((id >= 7998191) AND (id <= 7999190))
	        ->  Bitmap Index Scan on sbtest2_pkey  (cost=0.00..35.29 rows=1085 width=0)
	              Index Cond: ((id >= 7998191) AND (id <= 7999190))

table 3 : explain SELECT c FROM sbtest3 WHERE id BETWEEN 5065815 AND 5066814 ORDER BY c
	Sort  (cost=4258.73..4261.45 rows=1086 width=121)
	  Sort Key: c
	  ->  Bitmap Heap Scan on sbtest3  (cost=35.57..4203.97 rows=1086 width=121)
	        Recheck Cond: ((id >= 5065815) AND (id <= 5066814))
	        ->  Bitmap Index Scan on sbtest3_pkey  (cost=0.00..35.30 rows=1086 width=0)
	              Index Cond: ((id >= 5065815) AND (id <= 5066814))

table 4 : explain SELECT c FROM sbtest4 WHERE id BETWEEN 5127896 AND 5128895 ORDER BY c
	Sort  (cost=3882.34..3884.81 rows=987 width=121)
	  Sort Key: c
	  ->  Bitmap Heap Scan on sbtest4  (cost=34.55..3833.25 rows=987 width=121)
	        Recheck Cond: ((id >= 5127896) AND (id <= 5128895))
	        ->  Bitmap Index Scan on sbtest4_pkey  (cost=0.00..34.31 rows=987 width=0)
	              Index Cond: ((id >= 5127896) AND (id <= 5128895))

table 5 : explain SELECT c FROM sbtest5 WHERE id BETWEEN 757280 AND 758279 ORDER BY c
	Sort  (cost=3878.41..3880.88 rows=988 width=121)
	  Sort Key: c
	  ->  Bitmap Heap Scan on sbtest5  (cost=34.56..3829.26 rows=988 width=121)
	        Recheck Cond: ((id >= 757280) AND (id <= 758279))
	        ->  Bitmap Index Scan on sbtest5_pkey  (cost=0.00..34.32 rows=988 width=0)
	              Index Cond: ((id >= 757280) AND (id <= 758279))

table 6 : explain SELECT c FROM sbtest6 WHERE id BETWEEN 894654 AND 895653 ORDER BY c
	Sort  (cost=4355.48..4358.26 rows=1111 width=121)
	  Sort Key: c
	  ->  Bitmap Heap Scan on sbtest6  (cost=39.82..4299.28 rows=1111 width=121)
	        Recheck Cond: ((id >= 894654) AND (id <= 895653))
	        ->  Bitmap Index Scan on sbtest6_pkey  (cost=0.00..39.55 rows=1111 width=0)
	              Index Cond: ((id >= 894654) AND (id <= 895653))

table 7 : explain SELECT c FROM sbtest7 WHERE id BETWEEN 5152075 AND 5153074 ORDER BY c
	Sort  (cost=3836.89..3839.33 rows=975 width=121)
	  Sort Key: c
	  ->  Bitmap Heap Scan on sbtest7  (cost=34.43..3788.49 rows=975 width=121)
	        Recheck Cond: ((id >= 5152075) AND (id <= 5153074))
	        ->  Bitmap Index Scan on sbtest7_pkey  (cost=0.00..34.19 rows=975 width=0)
	              Index Cond: ((id >= 5152075) AND (id <= 5153074))

table 8 : explain SELECT c FROM sbtest8 WHERE id BETWEEN 3474628 AND 3475627 ORDER BY c
	Sort  (cost=3667.55..3669.86 rows=924 width=121)
	  Sort Key: c
	  ->  Index Scan using sbtest8_pkey on sbtest8  (cost=0.43..3622.03 rows=924 width=121)
	        Index Cond: ((id >= 3474628) AND (id <= 3475627))

for: sum_ranges
table 1 : explain SELECT SUM(k) FROM sbtest1 WHERE id BETWEEN 2590552 AND 2591551
	Aggregate  (cost=4283.95..4283.96 rows=1 width=8)
	  ->  Bitmap Heap Scan on sbtest1  (cost=39.77..4281.18 rows=1106 width=4)
	        Recheck Cond: ((id >= 2590552) AND (id <= 2591551))
	        ->  Bitmap Index Scan on sbtest1_pkey  (cost=0.00..39.50 rows=1106 width=0)
	              Index Cond: ((id >= 2590552) AND (id <= 2591551))

table 2 : explain SELECT SUM(k) FROM sbtest2 WHERE id BETWEEN 3461378 AND 3462377
	Aggregate  (cost=3690.59..3690.60 rows=1 width=8)
	  ->  Bitmap Heap Scan on sbtest2  (cost=34.17..3688.21 rows=950 width=4)
	        Recheck Cond: ((id >= 3461378) AND (id <= 3462377))
	        ->  Bitmap Index Scan on sbtest2_pkey  (cost=0.00..33.94 rows=950 width=0)
	              Index Cond: ((id >= 3461378) AND (id <= 3462377))

table 3 : explain SELECT SUM(k) FROM sbtest3 WHERE id BETWEEN 4037824 AND 4038823
	Aggregate  (cost=3647.68..3647.69 rows=1 width=8)
	  ->  Bitmap Heap Scan on sbtest3  (cost=34.05..3645.33 rows=938 width=4)
	        Recheck Cond: ((id >= 4037824) AND (id <= 4038823))
	        ->  Bitmap Index Scan on sbtest3_pkey  (cost=0.00..33.82 rows=938 width=0)
	              Index Cond: ((id >= 4037824) AND (id <= 4038823))

table 4 : explain SELECT SUM(k) FROM sbtest4 WHERE id BETWEEN 8175386 AND 8176385
	Aggregate  (cost=3767.58..3767.59 rows=1 width=8)
	  ->  Bitmap Heap Scan on sbtest4  (cost=34.37..3765.16 rows=969 width=4)
	        Recheck Cond: ((id >= 8175386) AND (id <= 8176385))
	        ->  Bitmap Index Scan on sbtest4_pkey  (cost=0.00..34.12 rows=969 width=0)
	              Index Cond: ((id >= 8175386) AND (id <= 8176385))

table 5 : explain SELECT SUM(k) FROM sbtest5 WHERE id BETWEEN 7534341 AND 7535340
	Aggregate  (cost=3563.57..3563.58 rows=1 width=8)
	  ->  Bitmap Heap Scan on sbtest5  (cost=33.83..3561.28 rows=917 width=4)
	        Recheck Cond: ((id >= 7534341) AND (id <= 7535340))
	        ->  Bitmap Index Scan on sbtest5_pkey  (cost=0.00..33.61 rows=917 width=0)
	              Index Cond: ((id >= 7534341) AND (id <= 7535340))

table 6 : explain SELECT SUM(k) FROM sbtest6 WHERE id BETWEEN 42838 AND 43837
	Aggregate  (cost=3698.46..3698.47 rows=1 width=8)
	  ->  Bitmap Heap Scan on sbtest6  (cost=34.19..3696.08 rows=952 width=4)
	        Recheck Cond: ((id >= 42838) AND (id <= 43837))
	        ->  Bitmap Index Scan on sbtest6_pkey  (cost=0.00..33.95 rows=952 width=0)
	              Index Cond: ((id >= 42838) AND (id <= 43837))

table 7 : explain SELECT SUM(k) FROM sbtest7 WHERE id BETWEEN 3353498 AND 3354497
	Aggregate  (cost=3825.00..3825.01 rows=1 width=8)
	  ->  Bitmap Heap Scan on sbtest7  (cost=34.52..3822.54 rows=984 width=4)
	        Recheck Cond: ((id >= 3353498) AND (id <= 3354497))
	        ->  Bitmap Index Scan on sbtest7_pkey  (cost=0.00..34.28 rows=984 width=0)
	              Index Cond: ((id >= 3353498) AND (id <= 3354497))

table 8 : explain SELECT SUM(k) FROM sbtest8 WHERE id BETWEEN 6866823 AND 6867822
	Aggregate  (cost=3858.35..3858.36 rows=1 width=8)
	  ->  Index Scan using sbtest8_pkey on sbtest8  (cost=0.43..3855.89 rows=984 width=4)
	        Index Cond: ((id >= 6866823) AND (id <= 6867822))

for: order_ranges
table 1 : explain SELECT c FROM sbtest1 WHERE id BETWEEN 1203627 AND 1204626 ORDER BY c
	Sort  (cost=3927.74..3930.24 rows=1000 width=121)
	  Sort Key: c
	  ->  Bitmap Heap Scan on sbtest1  (cost=34.69..3877.91 rows=1000 width=121)
	        Recheck Cond: ((id >= 1203627) AND (id <= 1204626))
	        ->  Bitmap Index Scan on sbtest1_pkey  (cost=0.00..34.44 rows=1000 width=0)
	              Index Cond: ((id >= 1203627) AND (id <= 1204626))

table 2 : explain SELECT c FROM sbtest2 WHERE id BETWEEN 6127047 AND 6128046 ORDER BY c
	Sort  (cost=3796.55..3798.96 rows=966 width=121)
	  Sort Key: c
	  ->  Bitmap Heap Scan on sbtest2  (cost=34.34..3748.65 rows=966 width=121)
	        Recheck Cond: ((id >= 6127047) AND (id <= 6128046))
	        ->  Bitmap Index Scan on sbtest2_pkey  (cost=0.00..34.09 rows=966 width=0)
	              Index Cond: ((id >= 6127047) AND (id <= 6128046))

table 3 : explain SELECT c FROM sbtest3 WHERE id BETWEEN 2804163 AND 2805162 ORDER BY c
	Sort  (cost=4212.84..4215.53 rows=1074 width=121)
	  Sort Key: c
	  ->  Bitmap Heap Scan on sbtest3  (cost=35.44..4158.78 rows=1074 width=121)
	        Recheck Cond: ((id >= 2804163) AND (id <= 2805162))
	        ->  Bitmap Index Scan on sbtest3_pkey  (cost=0.00..35.18 rows=1074 width=0)
	              Index Cond: ((id >= 2804163) AND (id <= 2805162))

table 4 : explain SELECT c FROM sbtest4 WHERE id BETWEEN 9655737 AND 9656736 ORDER BY c
	Sort  (cost=3859.30..3861.76 rows=981 width=121)
	  Sort Key: c
	  ->  Bitmap Heap Scan on sbtest4  (cost=34.49..3810.56 rows=981 width=121)
	        Recheck Cond: ((id >= 9655737) AND (id <= 9656736))
	        ->  Bitmap Index Scan on sbtest4_pkey  (cost=0.00..34.25 rows=981 width=0)
	              Index Cond: ((id >= 9655737) AND (id <= 9656736))

table 5 : explain SELECT c FROM sbtest5 WHERE id BETWEEN 324034 AND 325033 ORDER BY c
	Sort  (cost=3840.13..3842.58 rows=978 width=121)
	  Sort Key: c
	  ->  Bitmap Heap Scan on sbtest5  (cost=34.46..3791.56 rows=978 width=121)
	        Recheck Cond: ((id >= 324034) AND (id <= 325033))
	        ->  Bitmap Index Scan on sbtest5_pkey  (cost=0.00..34.22 rows=978 width=0)
	              Index Cond: ((id >= 324034) AND (id <= 325033))

table 6 : explain SELECT c FROM sbtest6 WHERE id BETWEEN 8435312 AND 8436311 ORDER BY c
	Sort  (cost=3923.31..3925.80 rows=999 width=121)
	  Sort Key: c
	  ->  Bitmap Heap Scan on sbtest6  (cost=34.67..3873.53 rows=999 width=121)
	        Recheck Cond: ((id >= 8435312) AND (id <= 8436311))
	        ->  Bitmap Index Scan on sbtest6_pkey  (cost=0.00..34.43 rows=999 width=0)
	              Index Cond: ((id >= 8435312) AND (id <= 8436311))

table 7 : explain SELECT c FROM sbtest7 WHERE id BETWEEN 2411471 AND 2412470 ORDER BY c
	Sort  (cost=3810.00..3812.42 rows=968 width=121)
	  Sort Key: c
	  ->  Bitmap Heap Scan on sbtest7  (cost=34.36..3762.00 rows=968 width=121)
	        Recheck Cond: ((id >= 2411471) AND (id <= 2412470))
	        ->  Bitmap Index Scan on sbtest7_pkey  (cost=0.00..34.12 rows=968 width=0)
	              Index Cond: ((id >= 2411471) AND (id <= 2412470))

table 8 : explain SELECT c FROM sbtest8 WHERE id BETWEEN 8318401 AND 8319400 ORDER BY c
	Sort  (cost=4053.92..4056.50 rows=1032 width=121)
	  Sort Key: c
	  ->  Bitmap Heap Scan on sbtest8  (cost=35.01..4002.26 rows=1032 width=121)
	        Recheck Cond: ((id >= 8318401) AND (id <= 8319400))
	        ->  Bitmap Index Scan on sbtest8_pkey  (cost=0.00..34.76 rows=1032 width=0)
	              Index Cond: ((id >= 8318401) AND (id <= 8319400))

for: distinct_ranges
table 1 : explain SELECT DISTINCT c FROM sbtest1 WHERE id BETWEEN 7919230 AND 7920229 ORDER BY c
	Unique  (cost=3720.72..3725.45 rows=946 width=121)
	  ->  Sort  (cost=3720.72..3723.09 rows=946 width=121)
	        Sort Key: c
	        ->  Bitmap Heap Scan on sbtest1  (cost=34.13..3673.96 rows=946 width=121)
	              Recheck Cond: ((id >= 7919230) AND (id <= 7920229))
	              ->  Bitmap Index Scan on sbtest1_pkey  (cost=0.00..33.90 rows=946 width=0)
	                    Index Cond: ((id >= 7919230) AND (id <= 7920229))

table 2 : explain SELECT DISTINCT c FROM sbtest2 WHERE id BETWEEN 2768310 AND 2769309 ORDER BY c
	Unique  (cost=3854.03..3858.93 rows=981 width=121)
	  ->  Sort  (cost=3854.03..3856.48 rows=981 width=121)
	        Sort Key: c
	        ->  Bitmap Heap Scan on sbtest2  (cost=34.49..3805.28 rows=981 width=121)
	              Recheck Cond: ((id >= 2768310) AND (id <= 2769309))
	              ->  Bitmap Index Scan on sbtest2_pkey  (cost=0.00..34.25 rows=981 width=0)
	                    Index Cond: ((id >= 2768310) AND (id <= 2769309))

table 3 : explain SELECT DISTINCT c FROM sbtest3 WHERE id BETWEEN 4101733 AND 4102732 ORDER BY c
	Unique  (cost=4109.54..4114.78 rows=1047 width=121)
	  ->  Sort  (cost=4109.54..4112.16 rows=1047 width=121)
	        Sort Key: c
	        ->  Bitmap Heap Scan on sbtest3  (cost=35.17..4057.02 rows=1047 width=121)
	              Recheck Cond: ((id >= 4101733) AND (id <= 4102732))
	              ->  Bitmap Index Scan on sbtest3_pkey  (cost=0.00..34.91 rows=1047 width=0)
	                    Index Cond: ((id >= 4101733) AND (id <= 4102732))

table 4 : explain SELECT DISTINCT c FROM sbtest4 WHERE id BETWEEN 246124 AND 247123 ORDER BY c
	Unique  (cost=4246.49..4251.90 rows=1082 width=121)
	  ->  Sort  (cost=4246.49..4249.20 rows=1082 width=121)
	        Sort Key: c
	        ->  Bitmap Heap Scan on sbtest4  (cost=35.53..4191.96 rows=1082 width=121)
	              Recheck Cond: ((id >= 246124) AND (id <= 247123))
	              ->  Bitmap Index Scan on sbtest4_pkey  (cost=0.00..35.26 rows=1082 width=0)
	                    Index Cond: ((id >= 246124) AND (id <= 247123))

table 5 : explain SELECT DISTINCT c FROM sbtest5 WHERE id BETWEEN 8972124 AND 8973123 ORDER BY c
	Unique  (cost=4058.13..4063.30 rows=1035 width=121)
	  ->  Sort  (cost=4058.13..4060.72 rows=1035 width=121)
	        Sort Key: c
	        ->  Bitmap Heap Scan on sbtest5  (cost=35.04..4006.30 rows=1035 width=121)
	              Recheck Cond: ((id >= 8972124) AND (id <= 8973123))
	              ->  Bitmap Index Scan on sbtest5_pkey  (cost=0.00..34.79 rows=1035 width=0)
	                    Index Cond: ((id >= 8972124) AND (id <= 8973123))

table 6 : explain SELECT DISTINCT c FROM sbtest6 WHERE id BETWEEN 1153426 AND 1154425 ORDER BY c
	Unique  (cost=3739.35..3744.10 rows=951 width=121)
	  ->  Sort  (cost=3739.35..3741.72 rows=951 width=121)
	        Sort Key: c
	        ->  Bitmap Heap Scan on sbtest6  (cost=34.18..3692.30 rows=951 width=121)
	              Recheck Cond: ((id >= 1153426) AND (id <= 1154425))
	              ->  Bitmap Index Scan on sbtest6_pkey  (cost=0.00..33.95 rows=951 width=0)
	                    Index Cond: ((id >= 1153426) AND (id <= 1154425))

table 7 : explain SELECT DISTINCT c FROM sbtest7 WHERE id BETWEEN 1256291 AND 1257290 ORDER BY c
	Unique  (cost=3463.61..3468.01 rows=879 width=121)
	  ->  Sort  (cost=3463.61..3465.81 rows=879 width=121)
	        Sort Key: c
	        ->  Bitmap Heap Scan on sbtest7  (cost=29.44..3420.63 rows=879 width=121)
	              Recheck Cond: ((id >= 1256291) AND (id <= 1257290))
	              ->  Bitmap Index Scan on sbtest7_pkey  (cost=0.00..29.22 rows=879 width=0)
	                    Index Cond: ((id >= 1256291) AND (id <= 1257290))

table 8 : explain SELECT DISTINCT c FROM sbtest8 WHERE id BETWEEN 5329340 AND 5330339 ORDER BY c
	Unique  (cost=3782.22..3786.99 rows=953 width=121)
	  ->  Sort  (cost=3782.22..3784.60 rows=953 width=121)
	        Sort Key: c
	        ->  Index Scan using sbtest8_pkey on sbtest8  (cost=0.43..3735.06 rows=953 width=121)
	              Index Cond: ((id >= 5329340) AND (id <= 5330339))

for point_selects
table 1 : explain SELECT c FROM sbtest1 WHERE id=281050
	Index Scan using sbtest1_pkey on sbtest1  (cost=0.43..8.45 rows=1 width=121)
	  Index Cond: (id = 281050)

table 2 : explain SELECT c FROM sbtest2 WHERE id=2127365
	Index Scan using sbtest2_pkey on sbtest2  (cost=0.43..8.45 rows=1 width=121)
	  Index Cond: (id = 2127365)

table 3 : explain SELECT c FROM sbtest3 WHERE id=7139876
	Index Scan using sbtest3_pkey on sbtest3  (cost=0.43..8.45 rows=1 width=121)
	  Index Cond: (id = 7139876)

table 4 : explain SELECT c FROM sbtest4 WHERE id=2069798
	Index Scan using sbtest4_pkey on sbtest4  (cost=0.43..8.45 rows=1 width=121)
	  Index Cond: (id = 2069798)

table 5 : explain SELECT c FROM sbtest5 WHERE id=3608329
	Index Scan using sbtest5_pkey on sbtest5  (cost=0.43..8.45 rows=1 width=121)
	  Index Cond: (id = 3608329)

table 6 : explain SELECT c FROM sbtest6 WHERE id=1254949
	Index Scan using sbtest6_pkey on sbtest6  (cost=0.43..8.45 rows=1 width=121)
	  Index Cond: (id = 1254949)

table 7 : explain SELECT c FROM sbtest7 WHERE id=9109403
	Index Scan using sbtest7_pkey on sbtest7  (cost=0.43..8.45 rows=1 width=121)
	  Index Cond: (id = 9109403)

table 8 : explain SELECT c FROM sbtest8 WHERE id=3421910
	Index Scan using sbtest8_pkey on sbtest8  (cost=0.43..8.45 rows=1 width=121)
	  Index Cond: (id = 3421910)

for point_selects
table 1 : explain SELECT c FROM sbtest1 WHERE id=5821948
	Index Scan using sbtest1_pkey on sbtest1  (cost=0.43..8.45 rows=1 width=121)
	  Index Cond: (id = 5821948)

table 2 : explain SELECT c FROM sbtest2 WHERE id=2161054
	Index Scan using sbtest2_pkey on sbtest2  (cost=0.43..8.45 rows=1 width=121)
	  Index Cond: (id = 2161054)

table 3 : explain SELECT c FROM sbtest3 WHERE id=9732157
	Index Scan using sbtest3_pkey on sbtest3  (cost=0.43..8.45 rows=1 width=121)
	  Index Cond: (id = 9732157)

table 4 : explain SELECT c FROM sbtest4 WHERE id=6740565
	Index Scan using sbtest4_pkey on sbtest4  (cost=0.43..8.45 rows=1 width=121)
	  Index Cond: (id = 6740565)

table 5 : explain SELECT c FROM sbtest5 WHERE id=1341167
	Index Scan using sbtest5_pkey on sbtest5  (cost=0.43..8.45 rows=1 width=121)
	  Index Cond: (id = 1341167)

table 6 : explain SELECT c FROM sbtest6 WHERE id=2567574
	Index Scan using sbtest6_pkey on sbtest6  (cost=0.43..8.45 rows=1 width=121)
	  Index Cond: (id = 2567574)

table 7 : explain SELECT c FROM sbtest7 WHERE id=3436573
	Index Scan using sbtest7_pkey on sbtest7  (cost=0.43..8.45 rows=1 width=121)
	  Index Cond: (id = 3436573)

table 8 : explain SELECT c FROM sbtest8 WHERE id=1853340
	Index Scan using sbtest8_pkey on sbtest8  (cost=0.43..8.45 rows=1 width=121)
	  Index Cond: (id = 1853340)

for: distinct_ranges
table 1 : explain SELECT DISTINCT c FROM sbtest1 WHERE id BETWEEN 5353490 AND 5354489 ORDER BY c
	Unique  (cost=3877.93..3882.87 rows=987 width=121)
	  ->  Sort  (cost=3877.93..3880.40 rows=987 width=121)
	        Sort Key: c
	        ->  Bitmap Heap Scan on sbtest1  (cost=34.55..3828.84 rows=987 width=121)
	              Recheck Cond: ((id >= 5353490) AND (id <= 5354489))
	              ->  Bitmap Index Scan on sbtest1_pkey  (cost=0.00..34.31 rows=987 width=0)
	                    Index Cond: ((id >= 5353490) AND (id <= 5354489))

table 2 : explain SELECT DISTINCT c FROM sbtest2 WHERE id BETWEEN 2013096 AND 2014095 ORDER BY c
	Unique  (cost=3785.05..3789.86 rows=963 width=121)
	  ->  Sort  (cost=3785.05..3787.45 rows=963 width=121)
	        Sort Key: c
	        ->  Bitmap Heap Scan on sbtest2  (cost=34.31..3737.32 rows=963 width=121)
	              Recheck Cond: ((id >= 2013096) AND (id <= 2014095))
	              ->  Bitmap Index Scan on sbtest2_pkey  (cost=0.00..34.07 rows=963 width=0)
	                    Index Cond: ((id >= 2013096) AND (id <= 2014095))

table 3 : explain SELECT DISTINCT c FROM sbtest3 WHERE id BETWEEN 4291098 AND 4292097 ORDER BY c
	Unique  (cost=3902.68..3907.65 rows=993 width=121)
	  ->  Sort  (cost=3902.68..3905.17 rows=993 width=121)
	        Sort Key: c
	        ->  Bitmap Heap Scan on sbtest3  (cost=34.61..3853.25 rows=993 width=121)
	              Recheck Cond: ((id >= 4291098) AND (id <= 4292097))
	              ->  Bitmap Index Scan on sbtest3_pkey  (cost=0.00..34.37 rows=993 width=0)
	                    Index Cond: ((id >= 4291098) AND (id <= 4292097))

table 4 : explain SELECT DISTINCT c FROM sbtest4 WHERE id BETWEEN 8133971 AND 8134970 ORDER BY c
	Unique  (cost=3813.22..3818.07 rows=969 width=121)
	  ->  Sort  (cost=3813.22..3815.65 rows=969 width=121)
	        Sort Key: c
	        ->  Bitmap Heap Scan on sbtest4  (cost=34.37..3765.16 rows=969 width=121)
	              Recheck Cond: ((id >= 8133971) AND (id <= 8134970))
	              ->  Bitmap Index Scan on sbtest4_pkey  (cost=0.00..34.12 rows=969 width=0)
	                    Index Cond: ((id >= 8133971) AND (id <= 8134970))

table 5 : explain SELECT DISTINCT c FROM sbtest5 WHERE id BETWEEN 6433726 AND 6434725 ORDER BY c
	Unique  (cost=3901.37..3906.34 rows=994 width=121)
	  ->  Sort  (cost=3901.37..3903.85 rows=994 width=121)
	        Sort Key: c
	        ->  Bitmap Heap Scan on sbtest5  (cost=34.62..3851.88 rows=994 width=121)
	              Recheck Cond: ((id >= 6433726) AND (id <= 6434725))
	              ->  Bitmap Index Scan on sbtest5_pkey  (cost=0.00..34.38 rows=994 width=0)
	                    Index Cond: ((id >= 6433726) AND (id <= 6434725))

table 6 : explain SELECT DISTINCT c FROM sbtest6 WHERE id BETWEEN 8085502 AND 8086501 ORDER BY c
	Unique  (cost=3789.20..3794.02 rows=964 width=121)
	  ->  Sort  (cost=3789.20..3791.61 rows=964 width=121)
	        Sort Key: c
	        ->  Bitmap Heap Scan on sbtest6  (cost=34.32..3741.42 rows=964 width=121)
	              Recheck Cond: ((id >= 8085502) AND (id <= 8086501))
	              ->  Bitmap Index Scan on sbtest6_pkey  (cost=0.00..34.08 rows=964 width=0)
	                    Index Cond: ((id >= 8085502) AND (id <= 8086501))

table 7 : explain SELECT DISTINCT c FROM sbtest7 WHERE id BETWEEN 1983472 AND 1984471 ORDER BY c
	Unique  (cost=3813.85..3818.69 rows=969 width=121)
	  ->  Sort  (cost=3813.85..3816.27 rows=969 width=121)
	        Sort Key: c
	        ->  Bitmap Heap Scan on sbtest7  (cost=34.37..3765.78 rows=969 width=121)
	              Recheck Cond: ((id >= 1983472) AND (id <= 1984471))
	              ->  Bitmap Index Scan on sbtest7_pkey  (cost=0.00..34.12 rows=969 width=0)
	                    Index Cond: ((id >= 1983472) AND (id <= 1984471))

table 8 : explain SELECT DISTINCT c FROM sbtest8 WHERE id BETWEEN 2778399 AND 2779398 ORDER BY c
	Unique  (cost=3865.27..3870.14 rows=974 width=121)
	  ->  Sort  (cost=3865.27..3867.71 rows=974 width=121)
	        Sort Key: c
	        ->  Index Scan using sbtest8_pkey on sbtest8  (cost=0.43..3816.92 rows=974 width=121)
	              Index Cond: ((id >= 2778399) AND (id <= 2779398))

for: distinct_ranges
table 1 : explain SELECT DISTINCT c FROM sbtest1 WHERE id BETWEEN 2843257 AND 2844256 ORDER BY c
	Unique  (cost=4080.86..4086.06 rows=1040 width=121)
	  ->  Sort  (cost=4080.86..4083.46 rows=1040 width=121)
	        Sort Key: c
	        ->  Bitmap Heap Scan on sbtest1  (cost=35.09..4028.74 rows=1040 width=121)
	              Recheck Cond: ((id >= 2843257) AND (id <= 2844256))
	              ->  Bitmap Index Scan on sbtest1_pkey  (cost=0.00..34.84 rows=1040 width=0)
	                    Index Cond: ((id >= 2843257) AND (id <= 2844256))

table 2 : explain SELECT DISTINCT c FROM sbtest2 WHERE id BETWEEN 2023712 AND 2024711 ORDER BY c
	Unique  (cost=3785.05..3789.86 rows=963 width=121)
	  ->  Sort  (cost=3785.05..3787.45 rows=963 width=121)
	        Sort Key: c
	        ->  Bitmap Heap Scan on sbtest2  (cost=34.31..3737.32 rows=963 width=121)
	              Recheck Cond: ((id >= 2023712) AND (id <= 2024711))
	              ->  Bitmap Index Scan on sbtest2_pkey  (cost=0.00..34.07 rows=963 width=0)
	                    Index Cond: ((id >= 2023712) AND (id <= 2024711))

table 3 : explain SELECT DISTINCT c FROM sbtest3 WHERE id BETWEEN 777659 AND 778658 ORDER BY c
	Unique  (cost=3483.92..3488.35 rows=885 width=121)
	  ->  Sort  (cost=3483.92..3486.14 rows=885 width=121)
	        Sort Key: c
	        ->  Bitmap Heap Scan on sbtest3  (cost=29.51..3440.61 rows=885 width=121)
	              Recheck Cond: ((id >= 777659) AND (id <= 778658))
	              ->  Bitmap Index Scan on sbtest3_pkey  (cost=0.00..29.29 rows=885 width=0)
	                    Index Cond: ((id >= 777659) AND (id <= 778658))

table 4 : explain SELECT DISTINCT c FROM sbtest4 WHERE id BETWEEN 1467691 AND 1468690 ORDER BY c
	Unique  (cost=3459.22..3463.61 rows=878 width=121)
	  ->  Sort  (cost=3459.22..3461.42 rows=878 width=121)
	        Sort Key: c
	        ->  Bitmap Heap Scan on sbtest4  (cost=29.43..3416.30 rows=878 width=121)
	              Recheck Cond: ((id >= 1467691) AND (id <= 1468690))
	              ->  Bitmap Index Scan on sbtest4_pkey  (cost=0.00..29.21 rows=878 width=0)
	                    Index Cond: ((id >= 1467691) AND (id <= 1468690))

table 5 : explain SELECT DISTINCT c FROM sbtest5 WHERE id BETWEEN 1464313 AND 1465312 ORDER BY c
	Unique  (cost=3966.39..3971.45 rows=1011 width=121)
	  ->  Sort  (cost=3966.39..3968.92 rows=1011 width=121)
	        Sort Key: c
	        ->  Bitmap Heap Scan on sbtest5  (cost=34.80..3915.93 rows=1011 width=121)
	              Recheck Cond: ((id >= 1464313) AND (id <= 1465312))
	              ->  Bitmap Index Scan on sbtest5_pkey  (cost=0.00..34.55 rows=1011 width=0)
	                    Index Cond: ((id >= 1464313) AND (id <= 1465312))

table 6 : explain SELECT DISTINCT c FROM sbtest6 WHERE id BETWEEN 37745 AND 38744 ORDER BY c
	Unique  (cost=3743.18..3747.94 rows=952 width=121)
	  ->  Sort  (cost=3743.18..3745.56 rows=952 width=121)
	        Sort Key: c
	        ->  Bitmap Heap Scan on sbtest6  (cost=34.19..3696.08 rows=952 width=121)
	              Recheck Cond: ((id >= 37745) AND (id <= 38744))
	              ->  Bitmap Index Scan on sbtest6_pkey  (cost=0.00..33.95 rows=952 width=0)
	                    Index Cond: ((id >= 37745) AND (id <= 38744))

table 7 : explain SELECT DISTINCT c FROM sbtest7 WHERE id BETWEEN 3261493 AND 3262492 ORDER BY c
	Unique  (cost=3582.98..3587.53 rows=910 width=121)
	  ->  Sort  (cost=3582.98..3585.26 rows=910 width=121)
	        Sort Key: c
	        ->  Bitmap Heap Scan on sbtest7  (cost=29.76..3538.26 rows=910 width=121)
	              Recheck Cond: ((id >= 3261493) AND (id <= 3262492))
	              ->  Bitmap Index Scan on sbtest7_pkey  (cost=0.00..29.54 rows=910 width=0)
	                    Index Cond: ((id >= 3261493) AND (id <= 3262492))

table 8 : explain SELECT DISTINCT c FROM sbtest8 WHERE id BETWEEN 5197233 AND 5198232 ORDER BY c
	Unique  (cost=4130.54..4135.80 rows=1052 width=121)
	  ->  Sort  (cost=4130.54..4133.17 rows=1052 width=121)
	        Sort Key: c
	        ->  Bitmap Heap Scan on sbtest8  (cost=35.22..4077.73 rows=1052 width=121)
	              Recheck Cond: ((id >= 5197233) AND (id <= 5198232))
	              ->  Bitmap Index Scan on sbtest8_pkey  (cost=0.00..34.95 rows=1052 width=0)
	                    Index Cond: ((id >= 5197233) AND (id <= 5198232))

explain: for point_selects :: explain SELECT c FROM sbtest%u WHERE id=%u
for: sum_ranges
table 1 : explain SELECT SUM(k) FROM sbtest1 WHERE id BETWEEN 2541825 AND 2542824
	Aggregate  (cost=3986.08..3986.09 rows=1 width=8)
	  ->  Bitmap Heap Scan on sbtest1  (cost=34.97..3983.51 rows=1028 width=4)
	        Recheck Cond: ((id >= 2541825) AND (id <= 2542824))
	        ->  Bitmap Index Scan on sbtest1_pkey  (cost=0.00..34.72 rows=1028 width=0)
	              Index Cond: ((id >= 2541825) AND (id <= 2542824))

table 2 : explain SELECT SUM(k) FROM sbtest2 WHERE id BETWEEN 6235097 AND 6236096
	Aggregate  (cost=3875.70..3875.71 rows=1 width=8)
	  ->  Bitmap Heap Scan on sbtest2  (cost=34.67..3873.20 rows=999 width=4)
	        Recheck Cond: ((id >= 6235097) AND (id <= 6236096))
	        ->  Bitmap Index Scan on sbtest2_pkey  (cost=0.00..34.43 rows=999 width=0)
	              Index Cond: ((id >= 6235097) AND (id <= 6236096))

table 3 : explain SELECT SUM(k) FROM sbtest3 WHERE id BETWEEN 2658676 AND 2659675
	Aggregate  (cost=3742.30..3742.31 rows=1 width=8)
	  ->  Bitmap Heap Scan on sbtest3  (cost=34.31..3739.89 rows=963 width=4)
	        Recheck Cond: ((id >= 2658676) AND (id <= 2659675))
	        ->  Bitmap Index Scan on sbtest3_pkey  (cost=0.00..34.07 rows=963 width=0)
	              Index Cond: ((id >= 2658676) AND (id <= 2659675))

table 4 : explain SELECT SUM(k) FROM sbtest4 WHERE id BETWEEN 2646113 AND 2647112
	Aggregate  (cost=3847.07..3847.08 rows=1 width=8)
	  ->  Bitmap Heap Scan on sbtest4  (cost=34.58..3844.59 rows=990 width=4)
	        Recheck Cond: ((id >= 2646113) AND (id <= 2647112))
	        ->  Bitmap Index Scan on sbtest4_pkey  (cost=0.00..34.34 rows=990 width=0)
	              Index Cond: ((id >= 2646113) AND (id <= 2647112))

table 5 : explain SELECT SUM(k) FROM sbtest5 WHERE id BETWEEN 8639920 AND 8640919
	Aggregate  (cost=3816.64..3816.65 rows=1 width=8)
	  ->  Bitmap Heap Scan on sbtest5  (cost=34.52..3814.18 rows=984 width=4)
	        Recheck Cond: ((id >= 8639920) AND (id <= 8640919))
	        ->  Bitmap Index Scan on sbtest5_pkey  (cost=0.00..34.28 rows=984 width=0)
	              Index Cond: ((id >= 8639920) AND (id <= 8640919))

table 6 : explain SELECT SUM(k) FROM sbtest6 WHERE id BETWEEN 3025555 AND 3026554
	Aggregate  (cost=3906.23..3906.24 rows=1 width=8)
	  ->  Bitmap Heap Scan on sbtest6  (cost=34.76..3903.71 rows=1007 width=4)
	        Recheck Cond: ((id >= 3025555) AND (id <= 3026554))
	        ->  Bitmap Index Scan on sbtest6_pkey  (cost=0.00..34.51 rows=1007 width=0)
	              Index Cond: ((id >= 3025555) AND (id <= 3026554))

table 7 : explain SELECT SUM(k) FROM sbtest7 WHERE id BETWEEN 9184922 AND 9185921
	Aggregate  (cost=3616.61..3616.62 rows=1 width=8)
	  ->  Bitmap Heap Scan on sbtest7  (cost=33.96..3614.29 rows=929 width=4)
	        Recheck Cond: ((id >= 9184922) AND (id <= 9185921))
	        ->  Bitmap Index Scan on sbtest7_pkey  (cost=0.00..33.73 rows=929 width=0)
	              Index Cond: ((id >= 9184922) AND (id <= 9185921))

table 8 : explain SELECT SUM(k) FROM sbtest8 WHERE id BETWEEN 3824651 AND 3825650
	Aggregate  (cost=4423.61..4423.62 rows=1 width=8)
	  ->  Bitmap Heap Scan on sbtest8  (cost=40.14..4420.76 rows=1142 width=4)
	        Recheck Cond: ((id >= 3824651) AND (id <= 3825650))
	        ->  Bitmap Index Scan on sbtest8_pkey  (cost=0.00..39.86 rows=1142 width=0)
	              Index Cond: ((id >= 3824651) AND (id <= 3825650))

for: distinct_ranges
table 1 : explain SELECT DISTINCT c FROM sbtest1 WHERE id BETWEEN 8004384 AND 8005383 ORDER BY c
	Unique  (cost=3973.69..3978.75 rows=1012 width=121)
	  ->  Sort  (cost=3973.69..3976.22 rows=1012 width=121)
	        Sort Key: c
	        ->  Bitmap Heap Scan on sbtest1  (cost=34.81..3923.18 rows=1012 width=121)
	              Recheck Cond: ((id >= 8004384) AND (id <= 8005383))
	              ->  Bitmap Index Scan on sbtest1_pkey  (cost=0.00..34.56 rows=1012 width=0)
	                    Index Cond: ((id >= 8004384) AND (id <= 8005383))

table 2 : explain SELECT DISTINCT c FROM sbtest2 WHERE id BETWEEN 4000492 AND 4001491 ORDER BY c
	Unique  (cost=4507.72..4513.48 rows=1152 width=121)
	  ->  Sort  (cost=4507.72..4510.60 rows=1152 width=121)
	        Sort Key: c
	        ->  Bitmap Heap Scan on sbtest2  (cost=40.24..4449.15 rows=1152 width=121)
	              Recheck Cond: ((id >= 4000492) AND (id <= 4001491))
	              ->  Bitmap Index Scan on sbtest2_pkey  (cost=0.00..39.95 rows=1152 width=0)
	                    Index Cond: ((id >= 4000492) AND (id <= 4001491))

table 3 : explain SELECT DISTINCT c FROM sbtest3 WHERE id BETWEEN 6656079 AND 6657078 ORDER BY c
	Unique  (cost=3399.26..3403.58 rows=863 width=121)
	  ->  Sort  (cost=3399.26..3401.42 rows=863 width=121)
	        Sort Key: c
	        ->  Bitmap Heap Scan on sbtest3  (cost=29.28..3357.18 rows=863 width=121)
	              Recheck Cond: ((id >= 6656079) AND (id <= 6657078))
	              ->  Bitmap Index Scan on sbtest3_pkey  (cost=0.00..29.07 rows=863 width=0)
	                    Index Cond: ((id >= 6656079) AND (id <= 6657078))

table 4 : explain SELECT DISTINCT c FROM sbtest4 WHERE id BETWEEN 2258207 AND 2259206 ORDER BY c
	Unique  (cost=3924.56..3929.55 rows=998 width=121)
	  ->  Sort  (cost=3924.56..3927.05 rows=998 width=121)
	        Sort Key: c
	        ->  Bitmap Heap Scan on sbtest4  (cost=34.66..3874.84 rows=998 width=121)
	              Recheck Cond: ((id >= 2258207) AND (id <= 2259206))
	              ->  Bitmap Index Scan on sbtest4_pkey  (cost=0.00..34.42 rows=998 width=0)
	                    Index Cond: ((id >= 2258207) AND (id <= 2259206))

table 5 : explain SELECT DISTINCT c FROM sbtest5 WHERE id BETWEEN 8715840 AND 8716839 ORDER BY c
	Unique  (cost=3798.02..3802.86 rows=967 width=121)
	  ->  Sort  (cost=3798.02..3800.44 rows=967 width=121)
	        Sort Key: c
	        ->  Bitmap Heap Scan on sbtest5  (cost=34.35..3750.07 rows=967 width=121)
	              Recheck Cond: ((id >= 8715840) AND (id <= 8716839))
	              ->  Bitmap Index Scan on sbtest5_pkey  (cost=0.00..34.11 rows=967 width=0)
	                    Index Cond: ((id >= 8715840) AND (id <= 8716839))

table 6 : explain SELECT DISTINCT c FROM sbtest6 WHERE id BETWEEN 2679372 AND 2680371 ORDER BY c
	Unique  (cost=3999.87..4004.97 rows=1019 width=121)
	  ->  Sort  (cost=3999.87..4002.42 rows=1019 width=121)
	        Sort Key: c
	        ->  Bitmap Heap Scan on sbtest6  (cost=34.88..3948.96 rows=1019 width=121)
	              Recheck Cond: ((id >= 2679372) AND (id <= 2680371))
	              ->  Bitmap Index Scan on sbtest6_pkey  (cost=0.00..34.62 rows=1019 width=0)
	                    Index Cond: ((id >= 2679372) AND (id <= 2680371))

table 7 : explain SELECT DISTINCT c FROM sbtest7 WHERE id BETWEEN 7505511 AND 7506510 ORDER BY c
	Unique  (cost=3955.91..3960.94 rows=1006 width=121)
	  ->  Sort  (cost=3955.91..3958.42 rows=1006 width=121)
	        Sort Key: c
	        ->  Bitmap Heap Scan on sbtest7  (cost=34.75..3905.74 rows=1006 width=121)
	              Recheck Cond: ((id >= 7505511) AND (id <= 7506510))
	              ->  Bitmap Index Scan on sbtest7_pkey  (cost=0.00..34.50 rows=1006 width=0)
	                    Index Cond: ((id >= 7505511) AND (id <= 7506510))

table 8 : explain SELECT DISTINCT c FROM sbtest8 WHERE id BETWEEN 3235665 AND 3236664 ORDER BY c
	Unique  (cost=3829.69..3834.52 rows=965 width=121)
	  ->  Sort  (cost=3829.69..3832.10 rows=965 width=121)
	        Sort Key: c
	        ->  Index Scan using sbtest8_pkey on sbtest8  (cost=0.43..3781.85 rows=965 width=121)
	              Index Cond: ((id >= 3235665) AND (id <= 3236664))

for: sum_ranges
table 1 : explain SELECT SUM(k) FROM sbtest1 WHERE id BETWEEN 7927418 AND 7928417
	Aggregate  (cost=3676.33..3676.34 rows=1 width=8)
	  ->  Bitmap Heap Scan on sbtest1  (cost=34.13..3673.96 rows=946 width=4)
	        Recheck Cond: ((id >= 7927418) AND (id <= 7928417))
	        ->  Bitmap Index Scan on sbtest1_pkey  (cost=0.00..33.90 rows=946 width=0)
	              Index Cond: ((id >= 7927418) AND (id <= 7928417))

table 2 : explain SELECT SUM(k) FROM sbtest2 WHERE id BETWEEN 4790617 AND 4791616
	Aggregate  (cost=4045.42..4045.43 rows=1 width=8)
	  ->  Bitmap Heap Scan on sbtest2  (cost=35.14..4042.81 rows=1044 width=4)
	        Recheck Cond: ((id >= 4790617) AND (id <= 4791616))
	        ->  Bitmap Index Scan on sbtest2_pkey  (cost=0.00..34.88 rows=1044 width=0)
	              Index Cond: ((id >= 4790617) AND (id <= 4791616))

table 3 : explain SELECT SUM(k) FROM sbtest3 WHERE id BETWEEN 5175177 AND 5176176
	Aggregate  (cost=3848.18..3848.19 rows=1 width=8)
	  ->  Bitmap Heap Scan on sbtest3  (cost=34.59..3845.70 rows=991 width=4)
	        Recheck Cond: ((id >= 5175177) AND (id <= 5176176))
	        ->  Bitmap Index Scan on sbtest3_pkey  (cost=0.00..34.34 rows=991 width=0)
	              Index Cond: ((id >= 5175177) AND (id <= 5176176))

table 4 : explain SELECT SUM(k) FROM sbtest4 WHERE id BETWEEN 8111553 AND 8112552
	Aggregate  (cost=3767.58..3767.59 rows=1 width=8)
	  ->  Bitmap Heap Scan on sbtest4  (cost=34.37..3765.16 rows=969 width=4)
	        Recheck Cond: ((id >= 8111553) AND (id <= 8112552))
	        ->  Bitmap Index Scan on sbtest4_pkey  (cost=0.00..34.12 rows=969 width=0)
	              Index Cond: ((id >= 8111553) AND (id <= 8112552))

table 5 : explain SELECT SUM(k) FROM sbtest5 WHERE id BETWEEN 2091998 AND 2092997
	Aggregate  (cost=3389.26..3389.27 rows=1 width=8)
	  ->  Bitmap Heap Scan on sbtest5  (cost=29.37..3387.08 rows=872 width=4)
	        Recheck Cond: ((id >= 2091998) AND (id <= 2092997))
	        ->  Bitmap Index Scan on sbtest5_pkey  (cost=0.00..29.15 rows=872 width=0)
	              Index Cond: ((id >= 2091998) AND (id <= 2092997))

table 6 : explain SELECT SUM(k) FROM sbtest6 WHERE id BETWEEN 1013552 AND 1014551
	Aggregate  (cost=3834.50..3834.51 rows=1 width=8)
	  ->  Bitmap Heap Scan on sbtest6  (cost=34.56..3832.03 rows=988 width=4)
	        Recheck Cond: ((id >= 1013552) AND (id <= 1014551))
	        ->  Bitmap Index Scan on sbtest6_pkey  (cost=0.00..34.32 rows=988 width=0)
	              Index Cond: ((id >= 1013552) AND (id <= 1014551))

table 7 : explain SELECT SUM(k) FROM sbtest7 WHERE id BETWEEN 701872 AND 702871
	Aggregate  (cost=4191.63..4191.64 rows=1 width=8)
	  ->  Bitmap Heap Scan on sbtest7  (cost=35.52..4188.92 rows=1081 width=4)
	        Recheck Cond: ((id >= 701872) AND (id <= 702871))
	        ->  Bitmap Index Scan on sbtest7_pkey  (cost=0.00..35.25 rows=1081 width=0)
	              Index Cond: ((id >= 701872) AND (id <= 702871))

table 8 : explain SELECT SUM(k) FROM sbtest8 WHERE id BETWEEN 9545046 AND 9546045
	Aggregate  (cost=3737.45..3737.46 rows=1 width=8)
	  ->  Index Scan using sbtest8_pkey on sbtest8  (cost=0.43..3735.06 rows=953 width=4)
	        Index Cond: ((id >= 9545046) AND (id <= 9546045))

for: order_ranges
table 1 : explain SELECT c FROM sbtest1 WHERE id BETWEEN 9562751 AND 9563750 ORDER BY c
	Sort  (cost=4164.99..4167.65 rows=1062 width=121)
	  Sort Key: c
	  ->  Bitmap Heap Scan on sbtest1  (cost=35.32..4111.61 rows=1062 width=121)
	        Recheck Cond: ((id >= 9562751) AND (id <= 9563750))
	        ->  Bitmap Index Scan on sbtest1_pkey  (cost=0.00..35.06 rows=1062 width=0)
	              Index Cond: ((id >= 9562751) AND (id <= 9563750))

table 2 : explain SELECT c FROM sbtest2 WHERE id BETWEEN 9432899 AND 9433898 ORDER BY c
	Sort  (cost=3965.08..3967.61 rows=1010 width=121)
	  Sort Key: c
	  ->  Bitmap Heap Scan on sbtest2  (cost=34.79..3914.68 rows=1010 width=121)
	        Recheck Cond: ((id >= 9432899) AND (id <= 9433898))
	        ->  Bitmap Index Scan on sbtest2_pkey  (cost=0.00..34.54 rows=1010 width=0)
	              Index Cond: ((id >= 9432899) AND (id <= 9433898))

table 3 : explain SELECT c FROM sbtest3 WHERE id BETWEEN 8340091 AND 8341090 ORDER BY c
	Sort  (cost=3841.33..3843.77 rows=977 width=121)
	  Sort Key: c
	  ->  Bitmap Heap Scan on sbtest3  (cost=34.45..3792.81 rows=977 width=121)
	        Recheck Cond: ((id >= 8340091) AND (id <= 8341090))
	        ->  Bitmap Index Scan on sbtest3_pkey  (cost=0.00..34.20 rows=977 width=0)
	              Index Cond: ((id >= 8340091) AND (id <= 8341090))

table 4 : explain SELECT c FROM sbtest4 WHERE id BETWEEN 7880105 AND 7881104 ORDER BY c
	Sort  (cost=3678.73..3681.06 rows=934 width=121)
	  Sort Key: c
	  ->  Bitmap Heap Scan on sbtest4  (cost=34.01..3632.65 rows=934 width=121)
	        Recheck Cond: ((id >= 7880105) AND (id <= 7881104))
	        ->  Bitmap Index Scan on sbtest4_pkey  (cost=0.00..33.78 rows=934 width=0)
	              Index Cond: ((id >= 7880105) AND (id <= 7881104))

table 5 : explain SELECT c FROM sbtest5 WHERE id BETWEEN 3957006 AND 3958005 ORDER BY c
	Sort  (cost=3617.91..3620.21 rows=920 width=121)
	  Sort Key: c
	  ->  Bitmap Heap Scan on sbtest5  (cost=33.87..3572.62 rows=920 width=121)
	        Recheck Cond: ((id >= 3957006) AND (id <= 3958005))
	        ->  Bitmap Index Scan on sbtest5_pkey  (cost=0.00..33.64 rows=920 width=0)
	              Index Cond: ((id >= 3957006) AND (id <= 3958005))

table 6 : explain SELECT c FROM sbtest6 WHERE id BETWEEN 2303984 AND 2304983 ORDER BY c
	Sort  (cost=3930.96..3933.47 rows=1001 width=121)
	  Sort Key: c
	  ->  Bitmap Heap Scan on sbtest6  (cost=34.70..3881.08 rows=1001 width=121)
	        Recheck Cond: ((id >= 2303984) AND (id <= 2304983))
	        ->  Bitmap Index Scan on sbtest6_pkey  (cost=0.00..34.45 rows=1001 width=0)
	              Index Cond: ((id >= 2303984) AND (id <= 2304983))

table 7 : explain SELECT c FROM sbtest7 WHERE id BETWEEN 6851940 AND 6852939 ORDER BY c
	Sort  (cost=3898.33..3900.81 rows=991 width=121)
	  Sort Key: c
	  ->  Bitmap Heap Scan on sbtest7  (cost=34.59..3849.02 rows=991 width=121)
	        Recheck Cond: ((id >= 6851940) AND (id <= 6852939))
	        ->  Bitmap Index Scan on sbtest7_pkey  (cost=0.00..34.34 rows=991 width=0)
	              Index Cond: ((id >= 6851940) AND (id <= 6852939))

table 8 : explain SELECT c FROM sbtest8 WHERE id BETWEEN 2297202 AND 2298201 ORDER BY c
	Sort  (cost=3885.04..3887.49 rows=979 width=121)
	  Sort Key: c
	  ->  Index Scan using sbtest8_pkey on sbtest8  (cost=0.43..3836.41 rows=979 width=121)
	        Index Cond: ((id >= 2297202) AND (id <= 2298201))

for: simple_ranges
table 1 : explain SELECT c FROM sbtest1 WHERE id BETWEEN 9946568 AND 9947567
	Bitmap Heap Scan on sbtest1  (cost=34.14..3677.74 rows=947 width=121)
	  Recheck Cond: ((id >= 9946568) AND (id <= 9947567))
	  ->  Bitmap Index Scan on sbtest1_pkey  (cost=0.00..33.91 rows=947 width=0)
	        Index Cond: ((id >= 9946568) AND (id <= 9947567))

table 2 : explain SELECT c FROM sbtest2 WHERE id BETWEEN 2991853 AND 2992852
	Bitmap Heap Scan on sbtest2  (cost=34.73..3892.06 rows=1004 width=121)
	  Recheck Cond: ((id >= 2991853) AND (id <= 2992852))
	  ->  Bitmap Index Scan on sbtest2_pkey  (cost=0.00..34.48 rows=1004 width=0)
	        Index Cond: ((id >= 2991853) AND (id <= 2992852))

table 3 : explain SELECT c FROM sbtest3 WHERE id BETWEEN 2030266 AND 2031265
	Bitmap Heap Scan on sbtest3  (cost=39.74..4271.97 rows=1103 width=121)
	  Recheck Cond: ((id >= 2030266) AND (id <= 2031265))
	  ->  Bitmap Index Scan on sbtest3_pkey  (cost=0.00..39.47 rows=1103 width=0)
	        Index Cond: ((id >= 2030266) AND (id <= 2031265))

table 4 : explain SELECT c FROM sbtest4 WHERE id BETWEEN 6960563 AND 6961562
	Bitmap Heap Scan on sbtest4  (cost=34.94..3976.87 rows=1025 width=121)
	  Recheck Cond: ((id >= 6960563) AND (id <= 6961562))
	  ->  Bitmap Index Scan on sbtest4_pkey  (cost=0.00..34.69 rows=1025 width=0)
	        Index Cond: ((id >= 6960563) AND (id <= 6961562))

table 5 : explain SELECT c FROM sbtest5 WHERE id BETWEEN 8690491 AND 8691490
	Bitmap Heap Scan on sbtest5  (cost=34.52..3814.18 rows=984 width=121)
	  Recheck Cond: ((id >= 8690491) AND (id <= 8691490))
	  ->  Bitmap Index Scan on sbtest5_pkey  (cost=0.00..34.28 rows=984 width=0)
	        Index Cond: ((id >= 8690491) AND (id <= 8691490))

table 6 : explain SELECT c FROM sbtest6 WHERE id BETWEEN 7189464 AND 7190463
	Bitmap Heap Scan on sbtest6  (cost=29.74..3525.70 rows=908 width=121)
	  Recheck Cond: ((id >= 7189464) AND (id <= 7190463))
	  ->  Bitmap Index Scan on sbtest6_pkey  (cost=0.00..29.51 rows=908 width=0)
	        Index Cond: ((id >= 7189464) AND (id <= 7190463))

table 7 : explain SELECT c FROM sbtest7 WHERE id BETWEEN 8393261 AND 8394260
	Bitmap Heap Scan on sbtest7  (cost=34.37..3765.78 rows=969 width=121)
	  Recheck Cond: ((id >= 8393261) AND (id <= 8394260))
	  ->  Bitmap Index Scan on sbtest7_pkey  (cost=0.00..34.12 rows=969 width=0)
	        Index Cond: ((id >= 8393261) AND (id <= 8394260))

table 8 : explain SELECT c FROM sbtest8 WHERE id BETWEEN 7643491 AND 7644490
	Index Scan using sbtest8_pkey on sbtest8  (cost=0.43..3797.44 rows=969 width=121)
	  Index Cond: ((id >= 7643491) AND (id <= 7644490))

for point_selects
table 1 : explain SELECT c FROM sbtest1 WHERE id=2755728
	Index Scan using sbtest1_pkey on sbtest1  (cost=0.43..8.45 rows=1 width=121)
	  Index Cond: (id = 2755728)

table 2 : explain SELECT c FROM sbtest2 WHERE id=8009520
	Index Scan using sbtest2_pkey on sbtest2  (cost=0.43..8.45 rows=1 width=121)
	  Index Cond: (id = 8009520)

table 3 : explain SELECT c FROM sbtest3 WHERE id=6537194
	Index Scan using sbtest3_pkey on sbtest3  (cost=0.43..8.45 rows=1 width=121)
	  Index Cond: (id = 6537194)

table 4 : explain SELECT c FROM sbtest4 WHERE id=8608409
	Index Scan using sbtest4_pkey on sbtest4  (cost=0.43..8.45 rows=1 width=121)
	  Index Cond: (id = 8608409)

table 5 : explain SELECT c FROM sbtest5 WHERE id=3665942
	Index Scan using sbtest5_pkey on sbtest5  (cost=0.43..8.45 rows=1 width=121)
	  Index Cond: (id = 3665942)

table 6 : explain SELECT c FROM sbtest6 WHERE id=5223822
	Index Scan using sbtest6_pkey on sbtest6  (cost=0.43..8.45 rows=1 width=121)
	  Index Cond: (id = 5223822)

table 7 : explain SELECT c FROM sbtest7 WHERE id=9131448
	Index Scan using sbtest7_pkey on sbtest7  (cost=0.43..8.45 rows=1 width=121)
	  Index Cond: (id = 9131448)

table 8 : explain SELECT c FROM sbtest8 WHERE id=4286297
	Index Scan using sbtest8_pkey on sbtest8  (cost=0.43..8.45 rows=1 width=121)
	  Index Cond: (id = 4286297)

for: distinct_ranges
table 1 : explain SELECT DISTINCT c FROM sbtest1 WHERE id BETWEEN 875525 AND 876524 ORDER BY c
	Unique  (cost=3908.58..3913.56 rows=995 width=121)
	  ->  Sort  (cost=3908.58..3911.07 rows=995 width=121)
	        Sort Key: c
	        ->  Bitmap Heap Scan on sbtest1  (cost=34.63..3859.04 rows=995 width=121)
	              Recheck Cond: ((id >= 875525) AND (id <= 876524))
	              ->  Bitmap Index Scan on sbtest1_pkey  (cost=0.00..34.39 rows=995 width=0)
	                    Index Cond: ((id >= 875525) AND (id <= 876524))

table 2 : explain SELECT DISTINCT c FROM sbtest2 WHERE id BETWEEN 7047118 AND 7048117 ORDER BY c
	Unique  (cost=4053.09..4058.26 rows=1033 width=121)
	  ->  Sort  (cost=4053.09..4055.67 rows=1033 width=121)
	        Sort Key: c
	        ->  Bitmap Heap Scan on sbtest2  (cost=35.02..4001.38 rows=1033 width=121)
	              Recheck Cond: ((id >= 7047118) AND (id <= 7048117))
	              ->  Bitmap Index Scan on sbtest2_pkey  (cost=0.00..34.77 rows=1033 width=0)
	                    Index Cond: ((id >= 7047118) AND (id <= 7048117))

table 3 : explain SELECT DISTINCT c FROM sbtest3 WHERE id BETWEEN 253735 AND 254734 ORDER BY c
	Unique  (cost=4231.97..4237.36 rows=1079 width=121)
	  ->  Sort  (cost=4231.97..4234.66 rows=1079 width=121)
	        Sort Key: c
	        ->  Bitmap Heap Scan on sbtest3  (cost=35.49..4177.61 rows=1079 width=121)
	              Recheck Cond: ((id >= 253735) AND (id <= 254734))
	              ->  Bitmap Index Scan on sbtest3_pkey  (cost=0.00..35.23 rows=1079 width=0)
	                    Index Cond: ((id >= 253735) AND (id <= 254734))

table 4 : explain SELECT DISTINCT c FROM sbtest4 WHERE id BETWEEN 7529361 AND 7530360 ORDER BY c
	Unique  (cost=3843.95..3848.83 rows=977 width=121)
	  ->  Sort  (cost=3843.95..3846.39 rows=977 width=121)
	        Sort Key: c
	        ->  Bitmap Heap Scan on sbtest4  (cost=34.45..3795.43 rows=977 width=121)
	              Recheck Cond: ((id >= 7529361) AND (id <= 7530360))
	              ->  Bitmap Index Scan on sbtest4_pkey  (cost=0.00..34.20 rows=977 width=0)
	                    Index Cond: ((id >= 7529361) AND (id <= 7530360))

table 5 : explain SELECT DISTINCT c FROM sbtest5 WHERE id BETWEEN 4978092 AND 4979091 ORDER BY c
	Unique  (cost=3977.86..3982.93 rows=1014 width=121)
	  ->  Sort  (cost=3977.86..3980.40 rows=1014 width=121)
	        Sort Key: c
	        ->  Bitmap Heap Scan on sbtest5  (cost=34.83..3927.23 rows=1014 width=121)
	              Recheck Cond: ((id >= 4978092) AND (id <= 4979091))
	              ->  Bitmap Index Scan on sbtest5_pkey  (cost=0.00..34.58 rows=1014 width=0)
	                    Index Cond: ((id >= 4978092) AND (id <= 4979091))

table 6 : explain SELECT DISTINCT c FROM sbtest6 WHERE id BETWEEN 3792144 AND 3793143 ORDER BY c
	Unique  (cost=3697.15..3701.85 rows=940 width=121)
	  ->  Sort  (cost=3697.15..3699.50 rows=940 width=121)
	        Sort Key: c
	        ->  Bitmap Heap Scan on sbtest6  (cost=34.07..3650.73 rows=940 width=121)
	              Recheck Cond: ((id >= 3792144) AND (id <= 3793143))
	              ->  Bitmap Index Scan on sbtest6_pkey  (cost=0.00..33.84 rows=940 width=0)
	                    Index Cond: ((id >= 3792144) AND (id <= 3793143))

table 7 : explain SELECT DISTINCT c FROM sbtest7 WHERE id BETWEEN 736348 AND 737347 ORDER BY c
	Unique  (cost=4243.40..4248.80 rows=1081 width=121)
	  ->  Sort  (cost=4243.40..4246.10 rows=1081 width=121)
	        Sort Key: c
	        ->  Bitmap Heap Scan on sbtest7  (cost=35.52..4188.92 rows=1081 width=121)
	              Recheck Cond: ((id >= 736348) AND (id <= 737347))
	              ->  Bitmap Index Scan on sbtest7_pkey  (cost=0.00..35.25 rows=1081 width=0)
	                    Index Cond: ((id >= 736348) AND (id <= 737347))

table 8 : explain SELECT DISTINCT c FROM sbtest8 WHERE id BETWEEN 1367461 AND 1368460 ORDER BY c
	Unique  (cost=4047.17..4052.27 rows=1020 width=121)
	  ->  Sort  (cost=4047.17..4049.72 rows=1020 width=121)
	        Sort Key: c
	        ->  Index Scan using sbtest8_pkey on sbtest8  (cost=0.43..3996.20 rows=1020 width=121)
	              Index Cond: ((id >= 1367461) AND (id <= 1368460))

for: order_ranges
table 1 : explain SELECT c FROM sbtest1 WHERE id BETWEEN 25647 AND 26646 ORDER BY c
	Sort  (cost=4157.35..4160.00 rows=1060 width=121)
	  Sort Key: c
	  ->  Bitmap Heap Scan on sbtest1  (cost=35.30..4104.08 rows=1060 width=121)
	        Recheck Cond: ((id >= 25647) AND (id <= 26646))
	        ->  Bitmap Index Scan on sbtest1_pkey  (cost=0.00..35.04 rows=1060 width=0)
	              Index Cond: ((id >= 25647) AND (id <= 26646))

table 2 : explain SELECT c FROM sbtest2 WHERE id BETWEEN 7137272 AND 7138271 ORDER BY c
	Sort  (cost=4098.98..4101.60 rows=1045 width=121)
	  Sort Key: c
	  ->  Bitmap Heap Scan on sbtest2  (cost=35.15..4046.58 rows=1045 width=121)
	        Recheck Cond: ((id >= 7137272) AND (id <= 7138271))
	        ->  Bitmap Index Scan on sbtest2_pkey  (cost=0.00..34.89 rows=1045 width=0)
	              Index Cond: ((id >= 7137272) AND (id <= 7138271))

table 3 : explain SELECT c FROM sbtest3 WHERE id BETWEEN 3052088 AND 3053087 ORDER BY c
	Sort  (cost=3699.32..3701.67 rows=940 width=121)
	  Sort Key: c
	  ->  Bitmap Heap Scan on sbtest3  (cost=34.07..3652.90 rows=940 width=121)
	        Recheck Cond: ((id >= 3052088) AND (id <= 3053087))
	        ->  Bitmap Index Scan on sbtest3_pkey  (cost=0.00..33.84 rows=940 width=0)
	              Index Cond: ((id >= 3052088) AND (id <= 3053087))

table 4 : explain SELECT c FROM sbtest4 WHERE id BETWEEN 8377779 AND 8378778 ORDER BY c
	Sort  (cost=4261.80..4264.52 rows=1086 width=121)
	  Sort Key: c
	  ->  Bitmap Heap Scan on sbtest4  (cost=35.57..4207.04 rows=1086 width=121)
	        Recheck Cond: ((id >= 8377779) AND (id <= 8378778))
	        ->  Bitmap Index Scan on sbtest4_pkey  (cost=0.00..35.30 rows=1086 width=0)
	              Index Cond: ((id >= 8377779) AND (id <= 8378778))

table 5 : explain SELECT c FROM sbtest5 WHERE id BETWEEN 7699247 AND 7700246 ORDER BY c
	Sort  (cost=4054.31..4056.89 rows=1034 width=121)
	  Sort Key: c
	  ->  Bitmap Heap Scan on sbtest5  (cost=35.03..4002.54 rows=1034 width=121)
	        Recheck Cond: ((id >= 7699247) AND (id <= 7700246))
	        ->  Bitmap Index Scan on sbtest5_pkey  (cost=0.00..34.78 rows=1034 width=0)
	              Index Cond: ((id >= 7699247) AND (id <= 7700246))

table 6 : explain SELECT c FROM sbtest6 WHERE id BETWEEN 6649505 AND 6650504 ORDER BY c
	Sort  (cost=3877.34..3879.81 rows=987 width=121)
	  Sort Key: c
	  ->  Bitmap Heap Scan on sbtest6  (cost=34.55..3828.25 rows=987 width=121)
	        Recheck Cond: ((id >= 6649505) AND (id <= 6650504))
	        ->  Bitmap Index Scan on sbtest6_pkey  (cost=0.00..34.31 rows=987 width=0)
	              Index Cond: ((id >= 6649505) AND (id <= 6650504))

table 7 : explain SELECT c FROM sbtest7 WHERE id BETWEEN 284873 AND 285872 ORDER BY c
	Sort  (cost=4120.81..4123.43 rows=1049 width=121)
	  Sort Key: c
	  ->  Bitmap Heap Scan on sbtest7  (cost=35.19..4068.18 rows=1049 width=121)
	        Recheck Cond: ((id >= 284873) AND (id <= 285872))
	        ->  Bitmap Index Scan on sbtest7_pkey  (cost=0.00..34.93 rows=1049 width=0)
	              Index Cond: ((id >= 284873) AND (id <= 285872))

table 8 : explain SELECT c FROM sbtest8 WHERE id BETWEEN 4566691 AND 4567690 ORDER BY c
	Sort  (cost=4107.56..4110.17 rows=1046 width=121)
	  Sort Key: c
	  ->  Bitmap Heap Scan on sbtest8  (cost=35.16..4055.10 rows=1046 width=121)
	        Recheck Cond: ((id >= 4566691) AND (id <= 4567690))
	        ->  Bitmap Index Scan on sbtest8_pkey  (cost=0.00..34.90 rows=1046 width=0)
	              Index Cond: ((id >= 4566691) AND (id <= 4567690))

explain: for point_selects :: explain SELECT c FROM sbtest%u WHERE id=%ufor: distinct_ranges
table 1 : explain SELECT DISTINCT c FROM sbtest1 WHERE id BETWEEN 4418916 AND 4419915 ORDER BY c
	Unique  (cost=4050.25..4055.41 rows=1032 width=121)
	  ->  Sort  (cost=4050.25..4052.83 rows=1032 width=121)
	        Sort Key: c
	        ->  Bitmap Heap Scan on sbtest1  (cost=35.01..3998.59 rows=1032 width=121)
	              Recheck Cond: ((id >= 4418916) AND (id <= 4419915))
	              ->  Bitmap Index Scan on sbtest1_pkey  (cost=0.00..34.76 rows=1032 width=0)
	                    Index Cond: ((id >= 4418916) AND (id <= 4419915))

table 2 : explain SELECT DISTINCT c FROM sbtest2 WHERE id BETWEEN 245353 AND 246352 ORDER BY c
	Unique  (cost=3712.19..3716.91 rows=944 width=121)
	  ->  Sort  (cost=3712.19..3714.55 rows=944 width=121)
	        Sort Key: c
	        ->  Bitmap Heap Scan on sbtest2  (cost=34.11..3665.54 rows=944 width=121)
	              Recheck Cond: ((id >= 245353) AND (id <= 246352))
	              ->  Bitmap Index Scan on sbtest2_pkey  (cost=0.00..33.88 rows=944 width=0)
	                    Index Cond: ((id >= 245353) AND (id <= 246352))

table 3 : explain SELECT DISTINCT c FROM sbtest3 WHERE id BETWEEN 9239416 AND 9240415 ORDER BY c
	Unique  (cost=4055.94..4061.11 rows=1033 width=121)
	  ->  Sort  (cost=4055.94..4058.53 rows=1033 width=121)
	        Sort Key: c
	        ->  Bitmap Heap Scan on sbtest3  (cost=35.02..4004.23 rows=1033 width=121)
	              Recheck Cond: ((id >= 9239416) AND (id <= 9240415))
	              ->  Bitmap Index Scan on sbtest3_pkey  (cost=0.00..34.77 rows=1033 width=0)
	                    Index Cond: ((id >= 9239416) AND (id <= 9240415))

table 4 : explain SELECT DISTINCT c FROM sbtest4 WHERE id BETWEEN 6486162 AND 6487161 ORDER BY c
	Unique  (cost=4020.45..4025.57 rows=1023 width=121)
	  ->  Sort  (cost=4020.45..4023.01 rows=1023 width=121)
	        Sort Key: c
	        ->  Bitmap Heap Scan on sbtest4  (cost=34.92..3969.31 rows=1023 width=121)
	              Recheck Cond: ((id >= 6486162) AND (id <= 6487161))
	              ->  Bitmap Index Scan on sbtest4_pkey  (cost=0.00..34.67 rows=1023 width=0)
	                    Index Cond: ((id >= 6486162) AND (id <= 6487161))

table 5 : explain SELECT DISTINCT c FROM sbtest5 WHERE id BETWEEN 7260816 AND 7261815 ORDER BY c
	Unique  (cost=4375.14..4380.73 rows=1118 width=121)
	  ->  Sort  (cost=4375.14..4377.93 rows=1118 width=121)
	        Sort Key: c
	        ->  Bitmap Heap Scan on sbtest5  (cost=39.89..4318.53 rows=1118 width=121)
	              Recheck Cond: ((id >= 7260816) AND (id <= 7261815))
	              ->  Bitmap Index Scan on sbtest5_pkey  (cost=0.00..39.62 rows=1118 width=0)
	                    Index Cond: ((id >= 7260816) AND (id <= 7261815))

table 6 : explain SELECT DISTINCT c FROM sbtest6 WHERE id BETWEEN 2957217 AND 2958216 ORDER BY c
	Unique  (cost=3980.74..3985.81 rows=1014 width=121)
	  ->  Sort  (cost=3980.74..3983.27 rows=1014 width=121)
	        Sort Key: c
	        ->  Bitmap Heap Scan on sbtest6  (cost=34.83..3930.11 rows=1014 width=121)
	              Recheck Cond: ((id >= 2957217) AND (id <= 2958216))
	              ->  Bitmap Index Scan on sbtest6_pkey  (cost=0.00..34.58 rows=1014 width=0)
	                    Index Cond: ((id >= 2957217) AND (id <= 2958216))

table 7 : explain SELECT DISTINCT c FROM sbtest7 WHERE id BETWEEN 5604875 AND 5605874 ORDER BY c
	Unique  (cost=3744.68..3749.43 rows=951 width=121)
	  ->  Sort  (cost=3744.68..3747.05 rows=951 width=121)
	        Sort Key: c
	        ->  Bitmap Heap Scan on sbtest7  (cost=34.18..3697.63 rows=951 width=121)
	              Recheck Cond: ((id >= 5604875) AND (id <= 5605874))
	              ->  Bitmap Index Scan on sbtest7_pkey  (cost=0.00..33.95 rows=951 width=0)
	                    Index Cond: ((id >= 5604875) AND (id <= 5605874))

table 8 : explain SELECT DISTINCT c FROM sbtest8 WHERE id BETWEEN 2738202 AND 2739201 ORDER BY c
	Unique  (cost=4149.68..4154.97 rows=1057 width=121)
	  ->  Sort  (cost=4149.68..4152.33 rows=1057 width=121)
	        Sort Key: c
	        ->  Bitmap Heap Scan on sbtest8  (cost=35.27..4096.59 rows=1057 width=121)
	              Recheck Cond: ((id >= 2738202) AND (id <= 2739201))
	              ->  Bitmap Index Scan on sbtest8_pkey  (cost=0.00..35.01 rows=1057 width=0)
	                    Index Cond: ((id >= 2738202) AND (id <= 2739201))


for: order_ranges
table 1 : explain SELECT c FROM sbtest1 WHERE id BETWEEN 6998781 AND 6999780 ORDER BY c
	Sort  (cost=3824.27..3826.71 rows=973 width=121)
	  Sort Key: c
	  ->  Bitmap Heap Scan on sbtest1  (cost=34.41..3775.98 rows=973 width=121)
	        Recheck Cond: ((id >= 6998781) AND (id <= 6999780))
	        ->  Bitmap Index Scan on sbtest1_pkey  (cost=0.00..34.17 rows=973 width=0)
	              Index Cond: ((id >= 6998781) AND (id <= 6999780))

table 2 : explain SELECT c FROM sbtest2 WHERE id BETWEEN 3313932 AND 3314931 ORDER BY c
	Sort  (cost=3773.54..3775.94 rows=960 width=121)
	  Sort Key: c
	  ->  Bitmap Heap Scan on sbtest2  (cost=34.28..3725.99 rows=960 width=121)
	        Recheck Cond: ((id >= 3313932) AND (id <= 3314931))
	        ->  Bitmap Index Scan on sbtest2_pkey  (cost=0.00..34.04 rows=960 width=0)
	              Index Cond: ((id >= 3313932) AND (id <= 3314931))

table 3 : explain SELECT c FROM sbtest3 WHERE id BETWEEN 8047323 AND 8048322 ORDER BY c
	Sort  (cost=4320.06..4322.82 rows=1101 width=121)
	  Sort Key: c
	  ->  Bitmap Heap Scan on sbtest3  (cost=39.72..4264.44 rows=1101 width=121)
	        Recheck Cond: ((id >= 8047323) AND (id <= 8048322))
	        ->  Bitmap Index Scan on sbtest3_pkey  (cost=0.00..39.45 rows=1101 width=0)
	              Index Cond: ((id >= 8047323) AND (id <= 8048322))

table 4 : explain SELECT c FROM sbtest4 WHERE id BETWEEN 6819471 AND 6820470 ORDER BY c
	Sort  (cost=4139.27..4141.90 rows=1054 width=121)
	  Sort Key: c
	  ->  Bitmap Heap Scan on sbtest4  (cost=35.24..4086.35 rows=1054 width=121)
	        Recheck Cond: ((id >= 6819471) AND (id <= 6820470))
	        ->  Bitmap Index Scan on sbtest4_pkey  (cost=0.00..34.98 rows=1054 width=0)
	              Index Cond: ((id >= 6819471) AND (id <= 6820470))

table 5 : explain SELECT c FROM sbtest5 WHERE id BETWEEN 1436606 AND 1437605 ORDER BY c
	Sort  (cost=3966.39..3968.92 rows=1011 width=121)
	  Sort Key: c
	  ->  Bitmap Heap Scan on sbtest5  (cost=34.80..3915.93 rows=1011 width=121)
	        Recheck Cond: ((id >= 1436606) AND (id <= 1437605))
	        ->  Bitmap Index Scan on sbtest5_pkey  (cost=0.00..34.55 rows=1011 width=0)
	              Index Cond: ((id >= 1436606) AND (id <= 1437605))

table 6 : explain SELECT c FROM sbtest6 WHERE id BETWEEN 4178026 AND 4179025 ORDER BY c
	Sort  (cost=3793.03..3795.44 rows=965 width=121)
	  Sort Key: c
	  ->  Bitmap Heap Scan on sbtest6  (cost=34.33..3745.19 rows=965 width=121)
	        Recheck Cond: ((id >= 4178026) AND (id <= 4179025))
	        ->  Bitmap Index Scan on sbtest6_pkey  (cost=0.00..34.09 rows=965 width=0)
	              Index Cond: ((id >= 4178026) AND (id <= 4179025))

table 7 : explain SELECT c FROM sbtest7 WHERE id BETWEEN 3473709 AND 3474708 ORDER BY c
	Sort  (cost=3760.05..3762.44 rows=955 width=121)
	  Sort Key: c
	  ->  Bitmap Heap Scan on sbtest7  (cost=34.22..3712.78 rows=955 width=121)
	        Recheck Cond: ((id >= 3473709) AND (id <= 3474708))
	        ->  Bitmap Index Scan on sbtest7_pkey  (cost=0.00..33.98 rows=955 width=0)
	              Index Cond: ((id >= 3473709) AND (id <= 3474708))

table 8 : explain SELECT c FROM sbtest8 WHERE id BETWEEN 6333942 AND 6334941 ORDER BY c
	Sort  (cost=4027.10..4029.66 rows=1025 width=121)
	  Sort Key: c
	  ->  Bitmap Heap Scan on sbtest8  (cost=34.94..3975.84 rows=1025 width=121)
	        Recheck Cond: ((id >= 6333942) AND (id <= 6334941))
	        ->  Bitmap Index Scan on sbtest8_pkey  (cost=0.00..34.69 rows=1025 width=0)
	              Index Cond: ((id >= 6333942) AND (id <= 6334941))

explain: for point_selects :: explain SELECT c FROM sbtest%u WHERE id=%u
for point_selects
table 1 : explain SELECT c FROM sbtest1 WHERE id=6837238
	Index Scan using sbtest1_pkey on sbtest1  (cost=0.43..8.45 rows=1 width=121)
	  Index Cond: (id = 6837238)

table 2 : explain SELECT c FROM sbtest2 WHERE id=3721542
	Index Scan using sbtest2_pkey on sbtest2  (cost=0.43..8.45 rows=1 width=121)
	  Index Cond: (id = 3721542)

table 3 : explain SELECT c FROM sbtest3 WHERE id=1673870
	Index Scan using sbtest3_pkey on sbtest3  (cost=0.43..8.45 rows=1 width=121)
	  Index Cond: (id = 1673870)

table 4 : explain SELECT c FROM sbtest4 WHERE id=7534089
	Index Scan using sbtest4_pkey on sbtest4  (cost=0.43..8.45 rows=1 width=121)
	  Index Cond: (id = 7534089)

table 5 : explain SELECT c FROM sbtest5 WHERE id=8536167
	Index Scan using sbtest5_pkey on sbtest5  (cost=0.43..8.45 rows=1 width=121)
	  Index Cond: (id = 8536167)

table 6 : explain SELECT c FROM sbtest6 WHERE id=7541512
	Index Scan using sbtest6_pkey on sbtest6  (cost=0.43..8.45 rows=1 width=121)
	  Index Cond: (id = 7541512)

table 7 : explain SELECT c FROM sbtest7 WHERE id=4510513
	Index Scan using sbtest7_pkey on sbtest7  (cost=0.43..8.45 rows=1 width=121)
	  Index Cond: (id = 4510513)

table 8 : explain SELECT c FROM sbtest8 WHERE id=1618836
	Index Scan using sbtest8_pkey on sbtest8  (cost=0.43..8.45 rows=1 width=121)
	  Index Cond: (id = 1618836)

for: sum_ranges
table 1 : explain SELECT SUM(k) FROM sbtest1 WHERE id BETWEEN 4554131 AND 4555130
	Aggregate  (cost=3649.85..3649.86 rows=1 width=8)
	  ->  Bitmap Heap Scan on sbtest1  (cost=34.06..3647.50 rows=939 width=4)
	        Recheck Cond: ((id >= 4554131) AND (id <= 4555130))
	        ->  Bitmap Index Scan on sbtest1_pkey  (cost=0.00..33.83 rows=939 width=0)
	              Index Cond: ((id >= 4554131) AND (id <= 4555130))

table 2 : explain SELECT SUM(k) FROM sbtest2 WHERE id BETWEEN 757303 AND 758302
	Aggregate  (cost=3830.39..3830.40 rows=1 width=8)
	  ->  Bitmap Heap Scan on sbtest2  (cost=34.55..3827.93 rows=987 width=4)
	        Recheck Cond: ((id >= 757303) AND (id <= 758302))
	        ->  Bitmap Index Scan on sbtest2_pkey  (cost=0.00..34.31 rows=987 width=0)
	              Index Cond: ((id >= 757303) AND (id <= 758302))

table 3 : explain SELECT SUM(k) FROM sbtest3 WHERE id BETWEEN 1636434 AND 1637433
	Aggregate  (cost=3848.18..3848.19 rows=1 width=8)
	  ->  Bitmap Heap Scan on sbtest3  (cost=34.59..3845.70 rows=991 width=4)
	        Recheck Cond: ((id >= 1636434) AND (id <= 1637433))
	        ->  Bitmap Index Scan on sbtest3_pkey  (cost=0.00..34.34 rows=991 width=0)
	              Index Cond: ((id >= 1636434) AND (id <= 1637433))

table 4 : explain SELECT SUM(k) FROM sbtest4 WHERE id BETWEEN 3807321 AND 3808320
	Aggregate  (cost=4058.77..4058.78 rows=1 width=8)
	  ->  Bitmap Heap Scan on sbtest4  (cost=35.16..4056.16 rows=1046 width=4)
	        Recheck Cond: ((id >= 3807321) AND (id <= 3808320))
	        ->  Bitmap Index Scan on sbtest4_pkey  (cost=0.00..34.90 rows=1046 width=0)
	              Index Cond: ((id >= 3807321) AND (id <= 3808320))

table 5 : explain SELECT SUM(k) FROM sbtest5 WHERE id BETWEEN 9996251 AND 9997250
	Aggregate  (cost=3635.40..3635.41 rows=1 width=8)
	  ->  Bitmap Heap Scan on sbtest5  (cost=34.03..3633.06 rows=936 width=4)
	        Recheck Cond: ((id >= 9996251) AND (id <= 9997250))
	        ->  Bitmap Index Scan on sbtest5_pkey  (cost=0.00..33.80 rows=936 width=0)
	              Index Cond: ((id >= 9996251) AND (id <= 9997250))

table 6 : explain SELECT SUM(k) FROM sbtest6 WHERE id BETWEEN 2886182 AND 2887181
	Aggregate  (cost=3694.68..3694.69 rows=1 width=8)
	  ->  Bitmap Heap Scan on sbtest6  (cost=34.18..3692.30 rows=951 width=4)
	        Recheck Cond: ((id >= 2886182) AND (id <= 2887181))
	        ->  Bitmap Index Scan on sbtest6_pkey  (cost=0.00..33.95 rows=951 width=0)
	              Index Cond: ((id >= 2886182) AND (id <= 2887181))

table 7 : explain SELECT SUM(k) FROM sbtest7 WHERE id BETWEEN 1814282 AND 1815281
	Aggregate  (cost=4040.58..4040.59 rows=1 width=8)
	  ->  Bitmap Heap Scan on sbtest7  (cost=35.11..4037.97 rows=1041 width=4)
	        Recheck Cond: ((id >= 1814282) AND (id <= 1815281))
	        ->  Bitmap Index Scan on sbtest7_pkey  (cost=0.00..34.84 rows=1041 width=0)
	              Index Cond: ((id >= 1814282) AND (id <= 1815281))

table 8 : explain SELECT SUM(k) FROM sbtest8 WHERE id BETWEEN 5424000 AND 5424999
	Aggregate  (cost=3756.94..3756.95 rows=1 width=8)
	  ->  Index Scan using sbtest8_pkey on sbtest8  (cost=0.43..3754.55 rows=958 width=4)
	        Index Cond: ((id >= 5424000) AND (id <= 5424999))

for: distinct_ranges
table 1 : explain SELECT DISTINCT c FROM sbtest1 WHERE id BETWEEN 5011049 AND 5012048 ORDER BY c
	Unique  (cost=3793.60..3798.43 rows=965 width=121)
	  ->  Sort  (cost=3793.60..3796.01 rows=965 width=121)
	        Sort Key: c
	        ->  Bitmap Heap Scan on sbtest1  (cost=34.33..3745.76 rows=965 width=121)
	              Recheck Cond: ((id >= 5011049) AND (id <= 5012048))
	              ->  Bitmap Index Scan on sbtest1_pkey  (cost=0.00..34.09 rows=965 width=0)
	                    Index Cond: ((id >= 5011049) AND (id <= 5012048))

table 2 : explain SELECT DISTINCT c FROM sbtest2 WHERE id BETWEEN 3494490 AND 3495489 ORDER BY c
	Unique  (cost=3735.20..3739.95 rows=950 width=121)
	  ->  Sort  (cost=3735.20..3737.58 rows=950 width=121)
	        Sort Key: c
	        ->  Bitmap Heap Scan on sbtest2  (cost=34.17..3688.21 rows=950 width=121)
	              Recheck Cond: ((id >= 3494490) AND (id <= 3495489))
	              ->  Bitmap Index Scan on sbtest2_pkey  (cost=0.00..33.94 rows=950 width=0)
	                    Index Cond: ((id >= 3494490) AND (id <= 3495489))

table 3 : explain SELECT DISTINCT c FROM sbtest3 WHERE id BETWEEN 5169439 AND 5170438 ORDER BY c
	Unique  (cost=3895.02..3899.97 rows=991 width=121)
	  ->  Sort  (cost=3895.02..3897.49 rows=991 width=121)
	        Sort Key: c
	        ->  Bitmap Heap Scan on sbtest3  (cost=34.59..3845.70 rows=991 width=121)
	              Recheck Cond: ((id >= 5169439) AND (id <= 5170438))
	              ->  Bitmap Index Scan on sbtest3_pkey  (cost=0.00..34.34 rows=991 width=0)
	                    Index Cond: ((id >= 5169439) AND (id <= 5170438))

table 4 : explain SELECT DISTINCT c FROM sbtest4 WHERE id BETWEEN 9971761 AND 9972760 ORDER BY c
	Unique  (cost=4143.10..4148.37 rows=1055 width=121)
	  ->  Sort  (cost=4143.10..4145.74 rows=1055 width=121)
	        Sort Key: c
	        ->  Bitmap Heap Scan on sbtest4  (cost=35.25..4090.12 rows=1055 width=121)
	              Recheck Cond: ((id >= 9971761) AND (id <= 9972760))
	              ->  Bitmap Index Scan on sbtest4_pkey  (cost=0.00..34.98 rows=1055 width=0)
	                    Index Cond: ((id >= 9971761) AND (id <= 9972760))

table 5 : explain SELECT DISTINCT c FROM sbtest5 WHERE id BETWEEN 3023229 AND 3024228 ORDER BY c
	Unique  (cost=3866.93..3871.85 rows=985 width=121)
	  ->  Sort  (cost=3866.93..3869.39 rows=985 width=121)
	        Sort Key: c
	        ->  Bitmap Heap Scan on sbtest5  (cost=34.53..3817.95 rows=985 width=121)
	              Recheck Cond: ((id >= 3023229) AND (id <= 3024228))
	              ->  Bitmap Index Scan on sbtest5_pkey  (cost=0.00..34.29 rows=985 width=0)
	                    Index Cond: ((id >= 3023229) AND (id <= 3024228))

table 6 : explain SELECT DISTINCT c FROM sbtest6 WHERE id BETWEEN 1387217 AND 1388216 ORDER BY c
	Unique  (cost=3896.49..3901.45 rows=992 width=121)
	  ->  Sort  (cost=3896.49..3898.97 rows=992 width=121)
	        Sort Key: c
	        ->  Bitmap Heap Scan on sbtest6  (cost=34.60..3847.12 rows=992 width=121)
	              Recheck Cond: ((id >= 1387217) AND (id <= 1388216))
	              ->  Bitmap Index Scan on sbtest6_pkey  (cost=0.00..34.36 rows=992 width=0)
	                    Index Cond: ((id >= 1387217) AND (id <= 1388216))

table 7 : explain SELECT DISTINCT c FROM sbtest7 WHERE id BETWEEN 5745650 AND 5746649 ORDER BY c
	Unique  (cost=3529.09..3533.57 rows=896 width=121)
	  ->  Sort  (cost=3529.09..3531.33 rows=896 width=121)
	        Sort Key: c
	        ->  Bitmap Heap Scan on sbtest7  (cost=29.62..3485.15 rows=896 width=121)
	              Recheck Cond: ((id >= 5745650) AND (id <= 5746649))
	              ->  Bitmap Index Scan on sbtest7_pkey  (cost=0.00..29.39 rows=896 width=0)
	                    Index Cond: ((id >= 5745650) AND (id <= 5746649))

table 8 : explain SELECT DISTINCT c FROM sbtest8 WHERE id BETWEEN 5787398 AND 5788397 ORDER BY c
	Unique  (cost=4195.63..4200.97 rows=1069 width=121)
	  ->  Sort  (cost=4195.63..4198.30 rows=1069 width=121)
	        Sort Key: c
	        ->  Bitmap Heap Scan on sbtest8  (cost=35.39..4141.84 rows=1069 width=121)
	              Recheck Cond: ((id >= 5787398) AND (id <= 5788397))
	              ->  Bitmap Index Scan on sbtest8_pkey  (cost=0.00..35.12 rows=1069 width=0)
	                    Index Cond: ((id >= 5787398) AND (id <= 5788397))

for point_selects
table 1 : explain SELECT c FROM sbtest1 WHERE id=3967733
	Index Scan using sbtest1_pkey on sbtest1  (cost=0.43..8.45 rows=1 width=121)
	  Index Cond: (id = 3967733)

table 2 : explain SELECT c FROM sbtest2 WHERE id=8879829
	Index Scan using sbtest2_pkey on sbtest2  (cost=0.43..8.45 rows=1 width=121)
	  Index Cond: (id = 8879829)

table 3 : explain SELECT c FROM sbtest3 WHERE id=7762071
	Index Scan using sbtest3_pkey on sbtest3  (cost=0.43..8.45 rows=1 width=121)
	  Index Cond: (id = 7762071)

table 4 : explain SELECT c FROM sbtest4 WHERE id=7869108
	Index Scan using sbtest4_pkey on sbtest4  (cost=0.43..8.45 rows=1 width=121)
	  Index Cond: (id = 7869108)

table 5 : explain SELECT c FROM sbtest5 WHERE id=392225
	Index Scan using sbtest5_pkey on sbtest5  (cost=0.43..8.45 rows=1 width=121)
	  Index Cond: (id = 392225)

table 6 : explain SELECT c FROM sbtest6 WHERE id=592531
	Index Scan using sbtest6_pkey on sbtest6  (cost=0.43..8.45 rows=1 width=121)
	  Index Cond: (id = 592531)

table 7 : explain SELECT c FROM sbtest7 WHERE id=4666618
	Index Scan using sbtest7_pkey on sbtest7  (cost=0.43..8.45 rows=1 width=121)
	  Index Cond: (id = 4666618)

table 8 : explain SELECT c FROM sbtest8 WHERE id=3015246
	Index Scan using sbtest8_pkey on sbtest8  (cost=0.43..8.45 rows=1 width=121)
	  Index Cond: (id = 3015246)

for: simple_ranges
table 1 : explain SELECT c FROM sbtest1 WHERE id BETWEEN 6188024 AND 6189023
	Bitmap Heap Scan on sbtest1  (cost=34.67..3874.13 rows=999 width=121)
	  Recheck Cond: ((id >= 6188024) AND (id <= 6189023))
	  ->  Bitmap Index Scan on sbtest1_pkey  (cost=0.00..34.43 rows=999 width=0)
	        Index Cond: ((id >= 6188024) AND (id <= 6189023))

table 2 : explain SELECT c FROM sbtest2 WHERE id BETWEEN 6197107 AND 6198106
	Bitmap Heap Scan on sbtest2  (cost=34.67..3873.20 rows=999 width=121)
	  Recheck Cond: ((id >= 6197107) AND (id <= 6198106))
	  ->  Bitmap Index Scan on sbtest2_pkey  (cost=0.00..34.43 rows=999 width=0)
	        Index Cond: ((id >= 6197107) AND (id <= 6198106))

table 3 : explain SELECT c FROM sbtest3 WHERE id BETWEEN 8825872 AND 8826871
	Bitmap Heap Scan on sbtest3  (cost=33.99..3622.63 rows=932 width=121)
	  Recheck Cond: ((id >= 8825872) AND (id <= 8826871))
	  ->  Bitmap Index Scan on sbtest3_pkey  (cost=0.00..33.76 rows=932 width=0)
	        Index Cond: ((id >= 8825872) AND (id <= 8826871))

table 4 : explain SELECT c FROM sbtest4 WHERE id BETWEEN 7179423 AND 7180422
	Bitmap Heap Scan on sbtest4  (cost=35.11..4037.28 rows=1041 width=121)
	  Recheck Cond: ((id >= 7179423) AND (id <= 7180422))
	  ->  Bitmap Index Scan on sbtest4_pkey  (cost=0.00..34.84 rows=1041 width=0)
	        Index Cond: ((id >= 7179423) AND (id <= 7180422))

table 5 : explain SELECT c FROM sbtest5 WHERE id BETWEEN 6526275 AND 6527274
	Bitmap Heap Scan on sbtest5  (cost=35.18..4055.22 rows=1048 width=121)
	  Recheck Cond: ((id >= 6526275) AND (id <= 6527274))
	  ->  Bitmap Index Scan on sbtest5_pkey  (cost=0.00..34.92 rows=1048 width=0)
	        Index Cond: ((id >= 6526275) AND (id <= 6527274))

table 6 : explain SELECT c FROM sbtest6 WHERE id BETWEEN 2631475 AND 2632474
	Bitmap Heap Scan on sbtest6  (cost=34.88..3948.96 rows=1019 width=121)
	  Recheck Cond: ((id >= 2631475) AND (id <= 2632474))
	  ->  Bitmap Index Scan on sbtest6_pkey  (cost=0.00..34.62 rows=1019 width=0)
	        Index Cond: ((id >= 2631475) AND (id <= 2632474))

table 7 : explain SELECT c FROM sbtest7 WHERE id BETWEEN 8632860 AND 8633859
	Bitmap Heap Scan on sbtest7  (cost=34.48..3807.41 rows=980 width=121)
	  Recheck Cond: ((id >= 8632860) AND (id <= 8633859))
	  ->  Bitmap Index Scan on sbtest7_pkey  (cost=0.00..34.23 rows=980 width=0)
	        Index Cond: ((id >= 8632860) AND (id <= 8633859))

table 8 : explain SELECT c FROM sbtest8 WHERE id BETWEEN 6799474 AND 6800473
	Bitmap Heap Scan on sbtest8  (cost=35.20..4070.19 rows=1050 width=121)
	  Recheck Cond: ((id >= 6799474) AND (id <= 6800473))
	  ->  Bitmap Index Scan on sbtest8_pkey  (cost=0.00..34.94 rows=1050 width=0)
	        Index Cond: ((id >= 6799474) AND (id <= 6800473))

for: simple_ranges
table 1 : explain SELECT c FROM sbtest1 WHERE id BETWEEN 3037480 AND 3038479
	Bitmap Heap Scan on sbtest1  (cost=34.83..3930.72 rows=1014 width=121)
	  Recheck Cond: ((id >= 3037480) AND (id <= 3038479))
	  ->  Bitmap Index Scan on sbtest1_pkey  (cost=0.00..34.58 rows=1014 width=0)
	        Index Cond: ((id >= 3037480) AND (id <= 3038479))

table 2 : explain SELECT c FROM sbtest2 WHERE id BETWEEN 5015611 AND 5016610
	Bitmap Heap Scan on sbtest2  (cost=34.20..3699.55 rows=953 width=121)
	  Recheck Cond: ((id >= 5015611) AND (id <= 5016610))
	  ->  Bitmap Index Scan on sbtest2_pkey  (cost=0.00..33.97 rows=953 width=0)
	        Index Cond: ((id >= 5015611) AND (id <= 5016610))

table 3 : explain SELECT c FROM sbtest3 WHERE id BETWEEN 6010845 AND 6011844
	Bitmap Heap Scan on sbtest3  (cost=39.94..4343.45 rows=1122 width=121)
	  Recheck Cond: ((id >= 6010845) AND (id <= 6011844))
	  ->  Bitmap Index Scan on sbtest3_pkey  (cost=0.00..39.66 rows=1122 width=0)
	        Index Cond: ((id >= 6010845) AND (id <= 6011844))

table 4 : explain SELECT c FROM sbtest4 WHERE id BETWEEN 241912 AND 242911
	Bitmap Heap Scan on sbtest4  (cost=35.53..4191.96 rows=1082 width=121)
	  Recheck Cond: ((id >= 241912) AND (id <= 242911))
	  ->  Bitmap Index Scan on sbtest4_pkey  (cost=0.00..35.26 rows=1082 width=0)
	        Index Cond: ((id >= 241912) AND (id <= 242911))

table 5 : explain SELECT c FROM sbtest5 WHERE id BETWEEN 6059928 AND 6060927
	Bitmap Heap Scan on sbtest5  (cost=33.98..3614.18 rows=931 width=121)
	  Recheck Cond: ((id >= 6059928) AND (id <= 6060927))
	  ->  Bitmap Index Scan on sbtest5_pkey  (cost=0.00..33.75 rows=931 width=0)
	        Index Cond: ((id >= 6059928) AND (id <= 6060927))

table 6 : explain SELECT c FROM sbtest6 WHERE id BETWEEN 2005032 AND 2006031
	Bitmap Heap Scan on sbtest6  (cost=34.47..3798.06 rows=979 width=121)
	  Recheck Cond: ((id >= 2005032) AND (id <= 2006031))
	  ->  Bitmap Index Scan on sbtest6_pkey  (cost=0.00..34.23 rows=979 width=0)
	        Index Cond: ((id >= 2005032) AND (id <= 2006031))

table 7 : explain SELECT c FROM sbtest7 WHERE id BETWEEN 4236165 AND 4237164
	Bitmap Heap Scan on sbtest7  (cost=34.87..3951.09 rows=1018 width=121)
	  Recheck Cond: ((id >= 4236165) AND (id <= 4237164))
	  ->  Bitmap Index Scan on sbtest7_pkey  (cost=0.00..34.62 rows=1018 width=0)
	        Index Cond: ((id >= 4236165) AND (id <= 4237164))

table 8 : explain SELECT c FROM sbtest8 WHERE id BETWEEN 4163482 AND 4164481
	Bitmap Heap Scan on sbtest8  (cost=35.47..4172.00 rows=1077 width=121)
	  Recheck Cond: ((id >= 4163482) AND (id <= 4164481))
	  ->  Bitmap Index Scan on sbtest8_pkey  (cost=0.00..35.20 rows=1077 width=0)
	        Index Cond: ((id >= 4163482) AND (id <= 4164481))

explain: for point_selects :: explain SELECT c FROM sbtest%u WHERE id=%u
for: distinct_ranges
table 1 : explain SELECT DISTINCT c FROM sbtest1 WHERE id BETWEEN 6869867 AND 6870866 ORDER BY c
	Unique  (cost=3470.91..3475.32 rows=882 width=121)
	  ->  Sort  (cost=3470.91..3473.11 rows=882 width=121)
	        Sort Key: c
	        ->  Bitmap Heap Scan on sbtest1  (cost=29.48..3427.76 rows=882 width=121)
	              Recheck Cond: ((id >= 6869867) AND (id <= 6870866))
	              ->  Bitmap Index Scan on sbtest1_pkey  (cost=0.00..29.25 rows=882 width=0)
	                    Index Cond: ((id >= 6869867) AND (id <= 6870866))

table 2 : explain SELECT DISTINCT c FROM sbtest2 WHERE id BETWEEN 2479705 AND 2480704 ORDER BY c
	Unique  (cost=3949.77..3954.80 rows=1006 width=121)
	  ->  Sort  (cost=3949.77..3952.29 rows=1006 width=121)
	        Sort Key: c
	        ->  Bitmap Heap Scan on sbtest2  (cost=34.75..3899.60 rows=1006 width=121)
	              Recheck Cond: ((id >= 2479705) AND (id <= 2480704))
	              ->  Bitmap Index Scan on sbtest2_pkey  (cost=0.00..34.50 rows=1006 width=0)
	                    Index Cond: ((id >= 2479705) AND (id <= 2480704))

table 3 : explain SELECT DISTINCT c FROM sbtest3 WHERE id BETWEEN 1793075 AND 1794074 ORDER BY c
	Unique  (cost=4228.14..4233.53 rows=1078 width=121)
	  ->  Sort  (cost=4228.14..4230.84 rows=1078 width=121)
	        Sort Key: c
	        ->  Bitmap Heap Scan on sbtest3  (cost=35.48..4173.84 rows=1078 width=121)
	              Recheck Cond: ((id >= 1793075) AND (id <= 1794074))
	              ->  Bitmap Index Scan on sbtest3_pkey  (cost=0.00..35.22 rows=1078 width=0)
	                    Index Cond: ((id >= 1793075) AND (id <= 1794074))

table 4 : explain SELECT DISTINCT c FROM sbtest4 WHERE id BETWEEN 8514736 AND 8515735 ORDER BY c
	Unique  (cost=3866.98..3871.90 rows=983 width=121)
	  ->  Sort  (cost=3866.98..3869.44 rows=983 width=121)
	        Sort Key: c
	        ->  Bitmap Heap Scan on sbtest4  (cost=34.51..3818.12 rows=983 width=121)
	              Recheck Cond: ((id >= 8514736) AND (id <= 8515735))
	              ->  Bitmap Index Scan on sbtest4_pkey  (cost=0.00..34.27 rows=983 width=0)
	                    Index Cond: ((id >= 8514736) AND (id <= 8515735))

table 5 : explain SELECT DISTINCT c FROM sbtest5 WHERE id BETWEEN 5668105 AND 5669104 ORDER BY c
	Unique  (cost=4081.05..4086.26 rows=1041 width=121)
	  ->  Sort  (cost=4081.05..4083.66 rows=1041 width=121)
	        Sort Key: c
	        ->  Bitmap Heap Scan on sbtest5  (cost=35.11..4028.88 rows=1041 width=121)
	              Recheck Cond: ((id >= 5668105) AND (id <= 5669104))
	              ->  Bitmap Index Scan on sbtest5_pkey  (cost=0.00..34.84 rows=1041 width=0)
	                    Index Cond: ((id >= 5668105) AND (id <= 5669104))

table 6 : explain SELECT DISTINCT c FROM sbtest6 WHERE id BETWEEN 5596519 AND 5597518 ORDER BY c
	Unique  (cost=4057.27..4062.44 rows=1034 width=121)
	  ->  Sort  (cost=4057.27..4059.85 rows=1034 width=121)
	        Sort Key: c
	        ->  Bitmap Heap Scan on sbtest6  (cost=35.03..4005.50 rows=1034 width=121)
	              Recheck Cond: ((id >= 5596519) AND (id <= 5597518))
	              ->  Bitmap Index Scan on sbtest6_pkey  (cost=0.00..34.78 rows=1034 width=0)
	                    Index Cond: ((id >= 5596519) AND (id <= 5597518))

table 7 : explain SELECT DISTINCT c FROM sbtest7 WHERE id BETWEEN 2366094 AND 2367093 ORDER BY c
	Unique  (cost=4055.64..4060.80 rows=1032 width=121)
	  ->  Sort  (cost=4055.64..4058.22 rows=1032 width=121)
	        Sort Key: c
	        ->  Bitmap Heap Scan on sbtest7  (cost=35.01..4003.99 rows=1032 width=121)
	              Recheck Cond: ((id >= 2366094) AND (id <= 2367093))
	              ->  Bitmap Index Scan on sbtest7_pkey  (cost=0.00..34.76 rows=1032 width=0)
	                    Index Cond: ((id >= 2366094) AND (id <= 2367093))

table 8 : explain SELECT DISTINCT c FROM sbtest8 WHERE id BETWEEN 1058727 AND 1059726 ORDER BY c
	Unique  (cost=4168.83..4174.14 rows=1062 width=121)
	  ->  Sort  (cost=4168.83..4171.48 rows=1062 width=121)
	        Sort Key: c
	        ->  Bitmap Heap Scan on sbtest8  (cost=35.32..4115.45 rows=1062 width=121)
	              Recheck Cond: ((id >= 1058727) AND (id <= 1059726))
	              ->  Bitmap Index Scan on sbtest8_pkey  (cost=0.00..35.06 rows=1062 width=0)
	                    Index Cond: ((id >= 1058727) AND (id <= 1059726))

explain: for point_selects :: explain SELECT c FROM sbtest%u WHERE id=%u
explain: for point_selects :: explain SELECT c FROM sbtest%u WHERE id=%u
for: order_ranges
table 1 : explain SELECT c FROM sbtest1 WHERE id BETWEEN 4445037 AND 4446036 ORDER BY c
	Sort  (cost=4050.25..4052.83 rows=1032 width=121)
	  Sort Key: c
	  ->  Bitmap Heap Scan on sbtest1  (cost=35.01..3998.59 rows=1032 width=121)
	        Recheck Cond: ((id >= 4445037) AND (id <= 4446036))
	        ->  Bitmap Index Scan on sbtest1_pkey  (cost=0.00..34.76 rows=1032 width=0)
	              Index Cond: ((id >= 4445037) AND (id <= 4446036))

table 2 : explain SELECT c FROM sbtest2 WHERE id BETWEEN 5379149 AND 5380148 ORDER BY c
	Sort  (cost=3777.38..3779.78 rows=961 width=121)
	  Sort Key: c
	  ->  Bitmap Heap Scan on sbtest2  (cost=34.29..3729.77 rows=961 width=121)
	        Recheck Cond: ((id >= 5379149) AND (id <= 5380148))
	        ->  Bitmap Index Scan on sbtest2_pkey  (cost=0.00..34.05 rows=961 width=0)
	              Index Cond: ((id >= 5379149) AND (id <= 5380148))

table 3 : explain SELECT c FROM sbtest3 WHERE id BETWEEN 8886100 AND 8887099 ORDER BY c
	Sort  (cost=3668.60..3670.93 rows=932 width=121)
	  Sort Key: c
	  ->  Bitmap Heap Scan on sbtest3  (cost=33.99..3622.63 rows=932 width=121)
	        Recheck Cond: ((id >= 8886100) AND (id <= 8887099))
	        ->  Bitmap Index Scan on sbtest3_pkey  (cost=0.00..33.76 rows=932 width=0)
	              Index Cond: ((id >= 8886100) AND (id <= 8887099))

table 4 : explain SELECT c FROM sbtest4 WHERE id BETWEEN 3298523 AND 3299522 ORDER BY c
	Sort  (cost=3682.57..3684.91 rows=935 width=121)
	  Sort Key: c
	  ->  Bitmap Heap Scan on sbtest4  (cost=34.02..3636.43 rows=935 width=121)
	        Recheck Cond: ((id >= 3298523) AND (id <= 3299522))
	        ->  Bitmap Index Scan on sbtest4_pkey  (cost=0.00..33.79 rows=935 width=0)
	              Index Cond: ((id >= 3298523) AND (id <= 3299522))

table 5 : explain SELECT c FROM sbtest5 WHERE id BETWEEN 4961817 AND 4962816 ORDER BY c
	Sort  (cost=3977.86..3980.40 rows=1014 width=121)
	  Sort Key: c
	  ->  Bitmap Heap Scan on sbtest5  (cost=34.83..3927.23 rows=1014 width=121)
	        Recheck Cond: ((id >= 4961817) AND (id <= 4962816))
	        ->  Bitmap Index Scan on sbtest5_pkey  (cost=0.00..34.58 rows=1014 width=0)
	              Index Cond: ((id >= 4961817) AND (id <= 4962816))

table 6 : explain SELECT c FROM sbtest6 WHERE id BETWEEN 5532363 AND 5533362 ORDER BY c
	Sort  (cost=4087.87..4090.47 rows=1042 width=121)
	  Sort Key: c
	  ->  Bitmap Heap Scan on sbtest6  (cost=35.12..4035.64 rows=1042 width=121)
	        Recheck Cond: ((id >= 5532363) AND (id <= 5533362))
	        ->  Bitmap Index Scan on sbtest6_pkey  (cost=0.00..34.86 rows=1042 width=0)
	              Index Cond: ((id >= 5532363) AND (id <= 5533362))

table 7 : explain SELECT c FROM sbtest7 WHERE id BETWEEN 3207293 AND 3208292 ORDER BY c
	Sort  (cost=3582.98..3585.26 rows=910 width=121)
	  Sort Key: c
	  ->  Bitmap Heap Scan on sbtest7  (cost=29.76..3538.26 rows=910 width=121)
	        Recheck Cond: ((id >= 3207293) AND (id <= 3208292))
	        ->  Bitmap Index Scan on sbtest7_pkey  (cost=0.00..29.54 rows=910 width=0)
	              Index Cond: ((id >= 3207293) AND (id <= 3208292))

table 8 : explain SELECT c FROM sbtest8 WHERE id BETWEEN 9722206 AND 9723205 ORDER BY c
	Sort  (cost=3414.46..3416.61 rows=861 width=121)
	  Sort Key: c
	  ->  Index Scan using sbtest8_pkey on sbtest8  (cost=0.43..3372.49 rows=861 width=121)
	        Index Cond: ((id >= 9722206) AND (id <= 9723205))

for point_selects
table 1 : explain SELECT c FROM sbtest1 WHERE id=3172437
	Index Scan using sbtest1_pkey on sbtest1  (cost=0.43..8.45 rows=1 width=121)
	  Index Cond: (id = 3172437)

table 2 : explain SELECT c FROM sbtest2 WHERE id=8320546
	Index Scan using sbtest2_pkey on sbtest2  (cost=0.43..8.45 rows=1 width=121)
	  Index Cond: (id = 8320546)

table 3 : explain SELECT c FROM sbtest3 WHERE id=9062452
	Index Scan using sbtest3_pkey on sbtest3  (cost=0.43..8.45 rows=1 width=121)
	  Index Cond: (id = 9062452)

table 4 : explain SELECT c FROM sbtest4 WHERE id=8941797
	Index Scan using sbtest4_pkey on sbtest4  (cost=0.43..8.45 rows=1 width=121)
	  Index Cond: (id = 8941797)

table 5 : explain SELECT c FROM sbtest5 WHERE id=7083680
	Index Scan using sbtest5_pkey on sbtest5  (cost=0.43..8.45 rows=1 width=121)
	  Index Cond: (id = 7083680)

table 6 : explain SELECT c FROM sbtest6 WHERE id=5268622
	Index Scan using sbtest6_pkey on sbtest6  (cost=0.43..8.45 rows=1 width=121)
	  Index Cond: (id = 5268622)

table 7 : explain SELECT c FROM sbtest7 WHERE id=3188102
	Index Scan using sbtest7_pkey on sbtest7  (cost=0.43..8.45 rows=1 width=121)
	  Index Cond: (id = 3188102)

table 8 : explain SELECT c FROM sbtest8 WHERE id=7770250
	Index Scan using sbtest8_pkey on sbtest8  (cost=0.43..8.45 rows=1 width=121)
	  Index Cond: (id = 7770250)

for: sum_ranges
table 1 : explain SELECT SUM(k) FROM sbtest1 WHERE id BETWEEN 5871505 AND 5872504
	Aggregate  (cost=3891.73..3891.74 rows=1 width=8)
	  ->  Bitmap Heap Scan on sbtest1  (cost=34.72..3889.23 rows=1003 width=4)
	        Recheck Cond: ((id >= 5871505) AND (id <= 5872504))
	        ->  Bitmap Index Scan on sbtest1_pkey  (cost=0.00..34.47 rows=1003 width=0)
	              Index Cond: ((id >= 5871505) AND (id <= 5872504))

table 2 : explain SELECT SUM(k) FROM sbtest2 WHERE id BETWEEN 7796910 AND 7797909
	Aggregate  (cost=4090.64..4090.65 rows=1 width=8)
	  ->  Bitmap Heap Scan on sbtest2  (cost=35.26..4088.00 rows=1056 width=4)
	        Recheck Cond: ((id >= 7796910) AND (id <= 7797909))
	        ->  Bitmap Index Scan on sbtest2_pkey  (cost=0.00..35.00 rows=1056 width=0)
	              Index Cond: ((id >= 7796910) AND (id <= 7797909))

table 3 : explain SELECT SUM(k) FROM sbtest3 WHERE id BETWEEN 2993380 AND 2994379
	Aggregate  (cost=3655.25..3655.26 rows=1 width=8)
	  ->  Bitmap Heap Scan on sbtest3  (cost=34.07..3652.90 rows=940 width=4)
	        Recheck Cond: ((id >= 2993380) AND (id <= 2994379))
	        ->  Bitmap Index Scan on sbtest3_pkey  (cost=0.00..33.84 rows=940 width=0)
	              Index Cond: ((id >= 2993380) AND (id <= 2994379))

table 4 : explain SELECT SUM(k) FROM sbtest4 WHERE id BETWEEN 9684228 AND 9685227
	Aggregate  (cost=3813.01..3813.02 rows=1 width=8)
	  ->  Bitmap Heap Scan on sbtest4  (cost=34.49..3810.56 rows=981 width=4)
	        Recheck Cond: ((id >= 9684228) AND (id <= 9685227))
	        ->  Bitmap Index Scan on sbtest4_pkey  (cost=0.00..34.25 rows=981 width=0)
	              Index Cond: ((id >= 9684228) AND (id <= 9685227))

table 5 : explain SELECT SUM(k) FROM sbtest5 WHERE id BETWEEN 5728311 AND 5729310
	Aggregate  (cost=4031.48..4031.49 rows=1 width=8)
	  ->  Bitmap Heap Scan on sbtest5  (cost=35.11..4028.88 rows=1041 width=4)
	        Recheck Cond: ((id >= 5728311) AND (id <= 5729310))
	        ->  Bitmap Index Scan on sbtest5_pkey  (cost=0.00..34.84 rows=1041 width=0)
	              Index Cond: ((id >= 5728311) AND (id <= 5729310))

table 6 : explain SELECT SUM(k) FROM sbtest6 WHERE id BETWEEN 152631 AND 153630
	Aggregate  (cost=4091.01..4091.02 rows=1 width=8)
	  ->  Bitmap Heap Scan on sbtest6  (cost=35.26..4088.37 rows=1056 width=4)
	        Recheck Cond: ((id >= 152631) AND (id <= 153630))
	        ->  Bitmap Index Scan on sbtest6_pkey  (cost=0.00..35.00 rows=1056 width=0)
	              Index Cond: ((id >= 152631) AND (id <= 153630))

table 7 : explain SELECT SUM(k) FROM sbtest7 WHERE id BETWEEN 8412322 AND 8413321
	Aggregate  (cost=3768.20..3768.21 rows=1 width=8)
	  ->  Bitmap Heap Scan on sbtest7  (cost=34.37..3765.78 rows=969 width=4)
	        Recheck Cond: ((id >= 8412322) AND (id <= 8413321))
	        ->  Bitmap Index Scan on sbtest7_pkey  (cost=0.00..34.12 rows=969 width=0)
	              Index Cond: ((id >= 8412322) AND (id <= 8413321))

table 8 : explain SELECT SUM(k) FROM sbtest8 WHERE id BETWEEN 730473 AND 731472
	Aggregate  (cost=3585.35..3585.36 rows=1 width=8)
	  ->  Index Scan using sbtest8_pkey on sbtest8  (cost=0.43..3583.07 rows=914 width=4)
	        Index Cond: ((id >= 730473) AND (id <= 731472))

for point_selects
table 1 : explain SELECT c FROM sbtest1 WHERE id=9321647
	Index Scan using sbtest1_pkey on sbtest1  (cost=0.43..8.45 rows=1 width=121)
	  Index Cond: (id = 9321647)

table 2 : explain SELECT c FROM sbtest2 WHERE id=1549442
	Index Scan using sbtest2_pkey on sbtest2  (cost=0.43..8.45 rows=1 width=121)
	  Index Cond: (id = 1549442)

table 3 : explain SELECT c FROM sbtest3 WHERE id=9121872
	Index Scan using sbtest3_pkey on sbtest3  (cost=0.43..8.45 rows=1 width=121)
	  Index Cond: (id = 9121872)

table 4 : explain SELECT c FROM sbtest4 WHERE id=1833001
	Index Scan using sbtest4_pkey on sbtest4  (cost=0.43..8.45 rows=1 width=121)
	  Index Cond: (id = 1833001)

table 5 : explain SELECT c FROM sbtest5 WHERE id=6125308
	Index Scan using sbtest5_pkey on sbtest5  (cost=0.43..8.45 rows=1 width=121)
	  Index Cond: (id = 6125308)

table 6 : explain SELECT c FROM sbtest6 WHERE id=5600019
	Index Scan using sbtest6_pkey on sbtest6  (cost=0.43..8.45 rows=1 width=121)
	  Index Cond: (id = 5600019)

table 7 : explain SELECT c FROM sbtest7 WHERE id=3312010
	Index Scan using sbtest7_pkey on sbtest7  (cost=0.43..8.45 rows=1 width=121)
	  Index Cond: (id = 3312010)

table 8 : explain SELECT c FROM sbtest8 WHERE id=4370920
	Index Scan using sbtest8_pkey on sbtest8  (cost=0.43..8.45 rows=1 width=121)
	  Index Cond: (id = 4370920)

for: simple_ranges
table 1 : explain SELECT c FROM sbtest1 WHERE id BETWEEN 9087153 AND 9088152
	Bitmap Heap Scan on sbtest1  (cost=29.59..3469.43 rows=893 width=121)
	  Recheck Cond: ((id >= 9087153) AND (id <= 9088152))
	  ->  Bitmap Index Scan on sbtest1_pkey  (cost=0.00..29.36 rows=893 width=0)
	        Index Cond: ((id >= 9087153) AND (id <= 9088152))

table 2 : explain SELECT c FROM sbtest2 WHERE id BETWEEN 1529702 AND 1530701
	Bitmap Heap Scan on sbtest2  (cost=35.24..4080.47 rows=1054 width=121)
	  Recheck Cond: ((id >= 1529702) AND (id <= 1530701))
	  ->  Bitmap Index Scan on sbtest2_pkey  (cost=0.00..34.98 rows=1054 width=0)
	        Index Cond: ((id >= 1529702) AND (id <= 1530701))

table 3 : explain SELECT c FROM sbtest3 WHERE id BETWEEN 9882183 AND 9883182
	Bitmap Heap Scan on sbtest3  (cost=33.89..3584.78 rows=922 width=121)
	  Recheck Cond: ((id >= 9882183) AND (id <= 9883182))
	  ->  Bitmap Index Scan on sbtest3_pkey  (cost=0.00..33.66 rows=922 width=0)
	        Index Cond: ((id >= 9882183) AND (id <= 9883182))

table 4 : explain SELECT c FROM sbtest4 WHERE id BETWEEN 1239537 AND 1240536
	Bitmap Heap Scan on sbtest4  (cost=34.78..3916.42 rows=1009 width=121)
	  Recheck Cond: ((id >= 1239537) AND (id <= 1240536))
	  ->  Bitmap Index Scan on sbtest4_pkey  (cost=0.00..34.53 rows=1009 width=0)
	        Index Cond: ((id >= 1239537) AND (id <= 1240536))

table 5 : explain SELECT c FROM sbtest5 WHERE id BETWEEN 2616260 AND 2617259
	Bitmap Heap Scan on sbtest5  (cost=34.70..3878.26 rows=1001 width=121)
	  Recheck Cond: ((id >= 2616260) AND (id <= 2617259))
	  ->  Bitmap Index Scan on sbtest5_pkey  (cost=0.00..34.45 rows=1001 width=0)
	        Index Cond: ((id >= 2616260) AND (id <= 2617259))

table 6 : explain SELECT c FROM sbtest6 WHERE id BETWEEN 1394590 AND 1395589
	Bitmap Heap Scan on sbtest6  (cost=34.60..3847.12 rows=992 width=121)
	  Recheck Cond: ((id >= 1394590) AND (id <= 1395589))
	  ->  Bitmap Index Scan on sbtest6_pkey  (cost=0.00..34.36 rows=992 width=0)
	        Index Cond: ((id >= 1394590) AND (id <= 1395589))

table 7 : explain SELECT c FROM sbtest7 WHERE id BETWEEN 7252542 AND 7253541
	Bitmap Heap Scan on sbtest7  (cost=34.07..3655.97 rows=940 width=121)
	  Recheck Cond: ((id >= 7252542) AND (id <= 7253541))
	  ->  Bitmap Index Scan on sbtest7_pkey  (cost=0.00..33.84 rows=940 width=0)
	        Index Cond: ((id >= 7252542) AND (id <= 7253541))

table 8 : explain SELECT c FROM sbtest8 WHERE id BETWEEN 9550894 AND 9551893
	Index Scan using sbtest8_pkey on sbtest8  (cost=0.43..3735.06 rows=953 width=121)
	  Index Cond: ((id >= 9550894) AND (id <= 9551893))

for point_selects
table 1 : explain SELECT c FROM sbtest1 WHERE id=1574887
	Index Scan using sbtest1_pkey on sbtest1  (cost=0.43..8.45 rows=1 width=121)
	  Index Cond: (id = 1574887)

table 2 : explain SELECT c FROM sbtest2 WHERE id=9894017
	Index Scan using sbtest2_pkey on sbtest2  (cost=0.43..8.45 rows=1 width=121)
	  Index Cond: (id = 9894017)

table 3 : explain SELECT c FROM sbtest3 WHERE id=6284388
	Index Scan using sbtest3_pkey on sbtest3  (cost=0.43..8.45 rows=1 width=121)
	  Index Cond: (id = 6284388)

table 4 : explain SELECT c FROM sbtest4 WHERE id=9909162
	Index Scan using sbtest4_pkey on sbtest4  (cost=0.43..8.45 rows=1 width=121)
	  Index Cond: (id = 9909162)

table 5 : explain SELECT c FROM sbtest5 WHERE id=1046804
	Index Scan using sbtest5_pkey on sbtest5  (cost=0.43..8.45 rows=1 width=121)
	  Index Cond: (id = 1046804)

table 6 : explain SELECT c FROM sbtest6 WHERE id=3909470
	Index Scan using sbtest6_pkey on sbtest6  (cost=0.43..8.45 rows=1 width=121)
	  Index Cond: (id = 3909470)

table 7 : explain SELECT c FROM sbtest7 WHERE id=7446762
	Index Scan using sbtest7_pkey on sbtest7  (cost=0.43..8.45 rows=1 width=121)
	  Index Cond: (id = 7446762)

table 8 : explain SELECT c FROM sbtest8 WHERE id=6586434
	Index Scan using sbtest8_pkey on sbtest8  (cost=0.43..8.45 rows=1 width=121)
	  Index Cond: (id = 6586434)

for: sum_ranges
table 1 : explain SELECT SUM(k) FROM sbtest1 WHERE id BETWEEN 2365925 AND 2366924
	Aggregate  (cost=4023.80..4023.81 rows=1 width=8)
	  ->  Bitmap Heap Scan on sbtest1  (cost=35.07..4021.20 rows=1038 width=4)
	        Recheck Cond: ((id >= 2365925) AND (id <= 2366924))
	        ->  Bitmap Index Scan on sbtest1_pkey  (cost=0.00..34.82 rows=1038 width=0)
	              Index Cond: ((id >= 2365925) AND (id <= 2366924))

table 2 : explain SELECT SUM(k) FROM sbtest2 WHERE id BETWEEN 955592 AND 956591
	Aggregate  (cost=3739.73..3739.74 rows=1 width=8)
	  ->  Bitmap Heap Scan on sbtest2  (cost=34.31..3737.32 rows=963 width=4)
	        Recheck Cond: ((id >= 955592) AND (id <= 956591))
	        ->  Bitmap Index Scan on sbtest2_pkey  (cost=0.00..34.07 rows=963 width=0)
	              Index Cond: ((id >= 955592) AND (id <= 956591))

table 3 : explain SELECT SUM(k) FROM sbtest3 WHERE id BETWEEN 7354683 AND 7355682
	Aggregate  (cost=3897.30..3897.31 rows=1 width=8)
	  ->  Bitmap Heap Scan on sbtest3  (cost=34.73..3894.79 rows=1004 width=4)
	        Recheck Cond: ((id >= 7354683) AND (id <= 7355682))
	        ->  Bitmap Index Scan on sbtest3_pkey  (cost=0.00..34.48 rows=1004 width=0)
	              Index Cond: ((id >= 7354683) AND (id <= 7355682))

table 4 : explain SELECT SUM(k) FROM sbtest4 WHERE id BETWEEN 5783561 AND 5784560
	Aggregate  (cost=3786.51..3786.52 rows=1 width=8)
	  ->  Bitmap Heap Scan on sbtest4  (cost=34.42..3784.08 rows=974 width=4)
	        Recheck Cond: ((id >= 5783561) AND (id <= 5784560))
	        ->  Bitmap Index Scan on sbtest4_pkey  (cost=0.00..34.18 rows=974 width=0)
	              Index Cond: ((id >= 5783561) AND (id <= 5784560))

table 5 : explain SELECT SUM(k) FROM sbtest5 WHERE id BETWEEN 2058672 AND 2059671
	Aggregate  (cost=3389.26..3389.27 rows=1 width=8)
	  ->  Bitmap Heap Scan on sbtest5  (cost=29.37..3387.08 rows=872 width=4)
	        Recheck Cond: ((id >= 2058672) AND (id <= 2059671))
	        ->  Bitmap Index Scan on sbtest5_pkey  (cost=0.00..29.15 rows=872 width=0)
	              Index Cond: ((id >= 2058672) AND (id <= 2059671))

table 6 : explain SELECT SUM(k) FROM sbtest6 WHERE id BETWEEN 6932696 AND 6933695
	Aggregate  (cost=4023.16..4023.17 rows=1 width=8)
	  ->  Bitmap Heap Scan on sbtest6  (cost=35.07..4020.57 rows=1038 width=4)
	        Recheck Cond: ((id >= 6932696) AND (id <= 6933695))
	        ->  Bitmap Index Scan on sbtest6_pkey  (cost=0.00..34.82 rows=1038 width=0)
	              Index Cond: ((id >= 6932696) AND (id <= 6933695))

table 7 : explain SELECT SUM(k) FROM sbtest7 WHERE id BETWEEN 1073185 AND 1074184
	Aggregate  (cost=3718.96..3718.97 rows=1 width=8)
	  ->  Bitmap Heap Scan on sbtest7  (cost=34.23..3716.57 rows=956 width=4)
	        Recheck Cond: ((id >= 1073185) AND (id <= 1074184))
	        ->  Bitmap Index Scan on sbtest7_pkey  (cost=0.00..34.00 rows=956 width=0)
	              Index Cond: ((id >= 1073185) AND (id <= 1074184))

table 8 : explain SELECT SUM(k) FROM sbtest8 WHERE id BETWEEN 8175185 AND 8176184
	Aggregate  (cost=4072.81..4072.82 rows=1 width=8)
	  ->  Bitmap Heap Scan on sbtest8  (cost=35.20..4070.19 rows=1050 width=4)
	        Recheck Cond: ((id >= 8175185) AND (id <= 8176184))
	        ->  Bitmap Index Scan on sbtest8_pkey  (cost=0.00..34.94 rows=1050 width=0)
	              Index Cond: ((id >= 8175185) AND (id <= 8176184))

for: simple_ranges
table 1 : explain SELECT c FROM sbtest1 WHERE id BETWEEN 3665645 AND 3666644
	Bitmap Heap Scan on sbtest1  (cost=29.63..3484.57 rows=897 width=121)
	  Recheck Cond: ((id >= 3665645) AND (id <= 3666644))
	  ->  Bitmap Index Scan on sbtest1_pkey  (cost=0.00..29.40 rows=897 width=0)
	        Index Cond: ((id >= 3665645) AND (id <= 3666644))

table 2 : explain SELECT c FROM sbtest2 WHERE id BETWEEN 7707467 AND 7708466
	Bitmap Heap Scan on sbtest2  (cost=34.46..3793.96 rows=978 width=121)
	  Recheck Cond: ((id >= 7707467) AND (id <= 7708466))
	  ->  Bitmap Index Scan on sbtest2_pkey  (cost=0.00..34.22 rows=978 width=0)
	        Index Cond: ((id >= 7707467) AND (id <= 7708466))

table 3 : explain SELECT c FROM sbtest3 WHERE id BETWEEN 1923760 AND 1924759
	Bitmap Heap Scan on sbtest3  (cost=35.21..4072.10 rows=1051 width=121)
	  Recheck Cond: ((id >= 1923760) AND (id <= 1924759))
	  ->  Bitmap Index Scan on sbtest3_pkey  (cost=0.00..34.95 rows=1051 width=0)
	        Index Cond: ((id >= 1923760) AND (id <= 1924759))

table 4 : explain SELECT c FROM sbtest4 WHERE id BETWEEN 3719453 AND 3720452
	Bitmap Heap Scan on sbtest4  (cost=35.00..3999.53 rows=1031 width=121)
	  Recheck Cond: ((id >= 3719453) AND (id <= 3720452))
	  ->  Bitmap Index Scan on sbtest4_pkey  (cost=0.00..34.75 rows=1031 width=0)
	        Index Cond: ((id >= 3719453) AND (id <= 3720452))

table 5 : explain SELECT c FROM sbtest5 WHERE id BETWEEN 7485422 AND 7486421
	Bitmap Heap Scan on sbtest5  (cost=33.83..3561.28 rows=917 width=121)
	  Recheck Cond: ((id >= 7485422) AND (id <= 7486421))
	  ->  Bitmap Index Scan on sbtest5_pkey  (cost=0.00..33.61 rows=917 width=0)
	        Index Cond: ((id >= 7485422) AND (id <= 7486421))

table 6 : explain SELECT c FROM sbtest6 WHERE id BETWEEN 9616415 AND 9617414
	Bitmap Heap Scan on sbtest6  (cost=34.62..3854.67 rows=994 width=121)
	  Recheck Cond: ((id >= 9616415) AND (id <= 9617414))
	  ->  Bitmap Index Scan on sbtest6_pkey  (cost=0.00..34.38 rows=994 width=0)
	        Index Cond: ((id >= 9616415) AND (id <= 9617414))

table 7 : explain SELECT c FROM sbtest7 WHERE id BETWEEN 7625321 AND 7626320
	Bitmap Heap Scan on sbtest7  (cost=34.34..3754.43 rows=966 width=121)
	  Recheck Cond: ((id >= 7625321) AND (id <= 7626320))
	  ->  Bitmap Index Scan on sbtest7_pkey  (cost=0.00..34.09 rows=966 width=0)
	        Index Cond: ((id >= 7625321) AND (id <= 7626320))

table 8 : explain SELECT c FROM sbtest8 WHERE id BETWEEN 5983977 AND 5984976
	Index Scan using sbtest8_pkey on sbtest8  (cost=0.43..3766.27 rows=961 width=121)
	  Index Cond: ((id >= 5983977) AND (id <= 5984976))

for: simple_ranges
table 1 : explain SELECT c FROM sbtest1 WHERE id BETWEEN 5922144 AND 5923143
	Bitmap Heap Scan on sbtest1  (cost=34.98..3987.28 rows=1029 width=121)
	  Recheck Cond: ((id >= 5922144) AND (id <= 5923143))
	  ->  Bitmap Index Scan on sbtest1_pkey  (cost=0.00..34.73 rows=1029 width=0)
	        Index Cond: ((id >= 5922144) AND (id <= 5923143))

table 2 : explain SELECT c FROM sbtest2 WHERE id BETWEEN 1534268 AND 1535267
	Bitmap Heap Scan on sbtest2  (cost=35.24..4080.47 rows=1054 width=121)
	  Recheck Cond: ((id >= 1534268) AND (id <= 1535267))
	  ->  Bitmap Index Scan on sbtest2_pkey  (cost=0.00..34.98 rows=1054 width=0)
	        Index Cond: ((id >= 1534268) AND (id <= 1535267))

table 3 : explain SELECT c FROM sbtest3 WHERE id BETWEEN 5370310 AND 5371309
	Bitmap Heap Scan on sbtest3  (cost=34.43..3785.25 rows=975 width=121)
	  Recheck Cond: ((id >= 5370310) AND (id <= 5371309))
	  ->  Bitmap Index Scan on sbtest3_pkey  (cost=0.00..34.19 rows=975 width=0)
	        Index Cond: ((id >= 5370310) AND (id <= 5371309))

table 4 : explain SELECT c FROM sbtest4 WHERE id BETWEEN 3316852 AND 3317851
	Bitmap Heap Scan on sbtest4  (cost=34.02..3636.43 rows=935 width=121)
	  Recheck Cond: ((id >= 3316852) AND (id <= 3317851))
	  ->  Bitmap Index Scan on sbtest4_pkey  (cost=0.00..33.79 rows=935 width=0)
	        Index Cond: ((id >= 3316852) AND (id <= 3317851))

table 5 : explain SELECT c FROM sbtest5 WHERE id BETWEEN 6373150 AND 6374149
	Bitmap Heap Scan on sbtest5  (cost=34.62..3851.88 rows=994 width=121)
	  Recheck Cond: ((id >= 6373150) AND (id <= 6374149))
	  ->  Bitmap Index Scan on sbtest5_pkey  (cost=0.00..34.38 rows=994 width=0)
	        Index Cond: ((id >= 6373150) AND (id <= 6374149))

table 6 : explain SELECT c FROM sbtest6 WHERE id BETWEEN 3576419 AND 3577418
	Bitmap Heap Scan on sbtest6  (cost=34.22..3707.42 rows=955 width=121)
	  Recheck Cond: ((id >= 3576419) AND (id <= 3577418))
	  ->  Bitmap Index Scan on sbtest6_pkey  (cost=0.00..33.98 rows=955 width=0)
	        Index Cond: ((id >= 3576419) AND (id <= 3577418))

table 7 : explain SELECT c FROM sbtest7 WHERE id BETWEEN 8116183 AND 8117182
	Bitmap Heap Scan on sbtest7  (cost=34.62..3860.37 rows=994 width=121)
	  Recheck Cond: ((id >= 8116183) AND (id <= 8117182))
	  ->  Bitmap Index Scan on sbtest7_pkey  (cost=0.00..34.38 rows=994 width=0)
	        Index Cond: ((id >= 8116183) AND (id <= 8117182))

table 8 : explain SELECT c FROM sbtest8 WHERE id BETWEEN 4406700 AND 4407699
	Index Scan using sbtest8_pkey on sbtest8  (cost=0.43..3816.92 rows=974 width=121)
	  Index Cond: ((id >= 4406700) AND (id <= 4407699))

for: order_ranges
table 1 : explain SELECT c FROM sbtest1 WHERE id BETWEEN 3362559 AND 3363558 ORDER BY c
	Sort  (cost=3774.43..3776.83 rows=960 width=121)
	  Sort Key: c
	  ->  Bitmap Heap Scan on sbtest1  (cost=34.28..3726.87 rows=960 width=121)
	        Recheck Cond: ((id >= 3362559) AND (id <= 3363558))
	        ->  Bitmap Index Scan on sbtest1_pkey  (cost=0.00..34.04 rows=960 width=0)
	              Index Cond: ((id >= 3362559) AND (id <= 3363558))

table 2 : explain SELECT c FROM sbtest2 WHERE id BETWEEN 3207820 AND 3208819 ORDER BY c
	Sort  (cost=3838.70..3841.14 rows=977 width=121)
	  Sort Key: c
	  ->  Bitmap Heap Scan on sbtest2  (cost=34.45..3790.18 rows=977 width=121)
	        Recheck Cond: ((id >= 3207820) AND (id <= 3208819))
	        ->  Bitmap Index Scan on sbtest2_pkey  (cost=0.00..34.20 rows=977 width=0)
	              Index Cond: ((id >= 3207820) AND (id <= 3208819))

table 3 : explain SELECT c FROM sbtest3 WHERE id BETWEEN 899865 AND 900864 ORDER BY c
	Sort  (cost=4006.15..4008.70 rows=1020 width=121)
	  Sort Key: c
	  ->  Bitmap Heap Scan on sbtest3  (cost=34.89..3955.18 rows=1020 width=121)
	        Recheck Cond: ((id >= 899865) AND (id <= 900864))
	        ->  Bitmap Index Scan on sbtest3_pkey  (cost=0.00..34.64 rows=1020 width=0)
	              Index Cond: ((id >= 899865) AND (id <= 900864))

table 4 : explain SELECT c FROM sbtest4 WHERE id BETWEEN 7529530 AND 7530529 ORDER BY c
	Sort  (cost=3843.95..3846.39 rows=977 width=121)
	  Sort Key: c
	  ->  Bitmap Heap Scan on sbtest4  (cost=34.45..3795.43 rows=977 width=121)
	        Recheck Cond: ((id >= 7529530) AND (id <= 7530529))
	        ->  Bitmap Index Scan on sbtest4_pkey  (cost=0.00..34.20 rows=977 width=0)
	              Index Cond: ((id >= 7529530) AND (id <= 7530529))

table 5 : explain SELECT c FROM sbtest5 WHERE id BETWEEN 9815431 AND 9816430 ORDER BY c
	Sort  (cost=3977.86..3980.40 rows=1014 width=121)
	  Sort Key: c
	  ->  Bitmap Heap Scan on sbtest5  (cost=34.83..3927.23 rows=1014 width=121)
	        Recheck Cond: ((id >= 9815431) AND (id <= 9816430))
	        ->  Bitmap Index Scan on sbtest5_pkey  (cost=0.00..34.58 rows=1014 width=0)
	              Index Cond: ((id >= 9815431) AND (id <= 9816430))

table 6 : explain SELECT c FROM sbtest6 WHERE id BETWEEN 8766873 AND 8767872 ORDER BY c
	Sort  (cost=3911.82..3914.31 rows=996 width=121)
	  Sort Key: c
	  ->  Bitmap Heap Scan on sbtest6  (cost=34.64..3862.21 rows=996 width=121)
	        Recheck Cond: ((id >= 8766873) AND (id <= 8767872))
	        ->  Bitmap Index Scan on sbtest6_pkey  (cost=0.00..34.40 rows=996 width=0)
	              Index Cond: ((id >= 8766873) AND (id <= 8767872))

table 7 : explain SELECT c FROM sbtest7 WHERE id BETWEEN 2460977 AND 2461976 ORDER BY c
	Sort  (cost=3810.00..3812.42 rows=968 width=121)
	  Sort Key: c
	  ->  Bitmap Heap Scan on sbtest7  (cost=34.36..3762.00 rows=968 width=121)
	        Recheck Cond: ((id >= 2460977) AND (id <= 2461976))
	        ->  Bitmap Index Scan on sbtest7_pkey  (cost=0.00..34.12 rows=968 width=0)
	              Index Cond: ((id >= 2460977) AND (id <= 2461976))

table 8 : explain SELECT c FROM sbtest8 WHERE id BETWEEN 6402920 AND 6403919 ORDER BY c
	Sort  (cost=4027.10..4029.66 rows=1025 width=121)
	  Sort Key: c
	  ->  Bitmap Heap Scan on sbtest8  (cost=34.94..3975.84 rows=1025 width=121)
	        Recheck Cond: ((id >= 6402920) AND (id <= 6403919))
	        ->  Bitmap Index Scan on sbtest8_pkey  (cost=0.00..34.69 rows=1025 width=0)
	              Index Cond: ((id >= 6402920) AND (id <= 6403919))

for: distinct_ranges
table 1 : explain SELECT DISTINCT c FROM sbtest1 WHERE id BETWEEN 4670224 AND 4671223 ORDER BY c
	Unique  (cost=3455.53..3459.92 rows=878 width=121)
	  ->  Sort  (cost=3455.53..3457.72 rows=878 width=121)
	        Sort Key: c
	        ->  Bitmap Heap Scan on sbtest1  (cost=29.43..3412.60 rows=878 width=121)
	              Recheck Cond: ((id >= 4670224) AND (id <= 4671223))
	              ->  Bitmap Index Scan on sbtest1_pkey  (cost=0.00..29.21 rows=878 width=0)
	                    Index Cond: ((id >= 4670224) AND (id <= 4671223))

table 2 : explain SELECT DISTINCT c FROM sbtest2 WHERE id BETWEEN 7022487 AND 7023486 ORDER BY c
	Unique  (cost=4053.09..4058.26 rows=1033 width=121)
	  ->  Sort  (cost=4053.09..4055.67 rows=1033 width=121)
	        Sort Key: c
	        ->  Bitmap Heap Scan on sbtest2  (cost=35.02..4001.38 rows=1033 width=121)
	              Recheck Cond: ((id >= 7022487) AND (id <= 7023486))
	              ->  Bitmap Index Scan on sbtest2_pkey  (cost=0.00..34.77 rows=1033 width=0)
	                    Index Cond: ((id >= 7022487) AND (id <= 7023486))

table 3 : explain SELECT DISTINCT c FROM sbtest3 WHERE id BETWEEN 7060936 AND 7061935 ORDER BY c
	Unique  (cost=3860.50..3865.41 rows=982 width=121)
	  ->  Sort  (cost=3860.50..3862.96 rows=982 width=121)
	        Sort Key: c
	        ->  Bitmap Heap Scan on sbtest3  (cost=34.50..3811.70 rows=982 width=121)
	              Recheck Cond: ((id >= 7060936) AND (id <= 7061935))
	              ->  Bitmap Index Scan on sbtest3_pkey  (cost=0.00..34.26 rows=982 width=0)
	                    Index Cond: ((id >= 7060936) AND (id <= 7061935))

table 4 : explain SELECT DISTINCT c FROM sbtest4 WHERE id BETWEEN 7528688 AND 7529687 ORDER BY c
	Unique  (cost=3843.95..3848.83 rows=977 width=121)
	  ->  Sort  (cost=3843.95..3846.39 rows=977 width=121)
	        Sort Key: c
	        ->  Bitmap Heap Scan on sbtest4  (cost=34.45..3795.43 rows=977 width=121)
	              Recheck Cond: ((id >= 7528688) AND (id <= 7529687))
	              ->  Bitmap Index Scan on sbtest4_pkey  (cost=0.00..34.20 rows=977 width=0)
	                    Index Cond: ((id >= 7528688) AND (id <= 7529687))

table 5 : explain SELECT DISTINCT c FROM sbtest5 WHERE id BETWEEN 4810189 AND 4811188 ORDER BY c
	Unique  (cost=3882.23..3887.18 rows=989 width=121)
	  ->  Sort  (cost=3882.23..3884.71 rows=989 width=121)
	        Sort Key: c
	        ->  Bitmap Heap Scan on sbtest5  (cost=34.57..3833.03 rows=989 width=121)
	              Recheck Cond: ((id >= 4810189) AND (id <= 4811188))
	              ->  Bitmap Index Scan on sbtest5_pkey  (cost=0.00..34.33 rows=989 width=0)
	                    Index Cond: ((id >= 4810189) AND (id <= 4811188))

table 6 : explain SELECT DISTINCT c FROM sbtest6 WHERE id BETWEEN 7277667 AND 7278666 ORDER BY c
	Unique  (cost=3927.13..3932.13 rows=1000 width=121)
	  ->  Sort  (cost=3927.13..3929.63 rows=1000 width=121)
	        Sort Key: c
	        ->  Bitmap Heap Scan on sbtest6  (cost=34.69..3877.31 rows=1000 width=121)
	              Recheck Cond: ((id >= 7277667) AND (id <= 7278666))
	              ->  Bitmap Index Scan on sbtest6_pkey  (cost=0.00..34.44 rows=1000 width=0)
	                    Index Cond: ((id >= 7277667) AND (id <= 7278666))

table 7 : explain SELECT DISTINCT c FROM sbtest7 WHERE id BETWEEN 9844291 AND 9845290 ORDER BY c
	Unique  (cost=3683.16..3687.84 rows=935 width=121)
	  ->  Sort  (cost=3683.16..3685.50 rows=935 width=121)
	        Sort Key: c
	        ->  Bitmap Heap Scan on sbtest7  (cost=34.02..3637.02 rows=935 width=121)
	              Recheck Cond: ((id >= 9844291) AND (id <= 9845290))
	              ->  Bitmap Index Scan on sbtest7_pkey  (cost=0.00..33.79 rows=935 width=0)
	                    Index Cond: ((id >= 9844291) AND (id <= 9845290))

table 8 : explain SELECT DISTINCT c FROM sbtest8 WHERE id BETWEEN 5529992 AND 5530991 ORDER BY c
	Unique  (cost=4367.94..4373.50 rows=1113 width=121)
	  ->  Sort  (cost=4367.94..4370.72 rows=1113 width=121)
	        Sort Key: c
	        ->  Bitmap Heap Scan on sbtest8  (cost=39.84..4311.62 rows=1113 width=121)
	              Recheck Cond: ((id >= 5529992) AND (id <= 5530991))
	              ->  Bitmap Index Scan on sbtest8_pkey  (cost=0.00..39.57 rows=1113 width=0)
	                    Index Cond: ((id >= 5529992) AND (id <= 5530991))

for point_selects
table 1 : explain SELECT c FROM sbtest1 WHERE id=5250196
	Index Scan using sbtest1_pkey on sbtest1  (cost=0.43..8.45 rows=1 width=121)
	  Index Cond: (id = 5250196)

table 2 : explain SELECT c FROM sbtest2 WHERE id=4549821
	Index Scan using sbtest2_pkey on sbtest2  (cost=0.43..8.45 rows=1 width=121)
	  Index Cond: (id = 4549821)

table 3 : explain SELECT c FROM sbtest3 WHERE id=9202409
	Index Scan using sbtest3_pkey on sbtest3  (cost=0.43..8.45 rows=1 width=121)
	  Index Cond: (id = 9202409)

table 4 : explain SELECT c FROM sbtest4 WHERE id=272282
	Index Scan using sbtest4_pkey on sbtest4  (cost=0.43..8.45 rows=1 width=121)
	  Index Cond: (id = 272282)

table 5 : explain SELECT c FROM sbtest5 WHERE id=36745
	Index Scan using sbtest5_pkey on sbtest5  (cost=0.43..8.45 rows=1 width=121)
	  Index Cond: (id = 36745)

table 6 : explain SELECT c FROM sbtest6 WHERE id=5814796
	Index Scan using sbtest6_pkey on sbtest6  (cost=0.43..8.45 rows=1 width=121)
	  Index Cond: (id = 5814796)

table 7 : explain SELECT c FROM sbtest7 WHERE id=5805243
	Index Scan using sbtest7_pkey on sbtest7  (cost=0.43..8.45 rows=1 width=121)
	  Index Cond: (id = 5805243)

table 8 : explain SELECT c FROM sbtest8 WHERE id=6819918
	Index Scan using sbtest8_pkey on sbtest8  (cost=0.43..8.45 rows=1 width=121)
	  Index Cond: (id = 6819918)

for: simple_ranges
table 1 : explain SELECT c FROM sbtest1 WHERE id BETWEEN 7555472 AND 7556471
	Bitmap Heap Scan on sbtest1  (cost=34.85..3938.27 rows=1016 width=121)
	  Recheck Cond: ((id >= 7555472) AND (id <= 7556471))
	  ->  Bitmap Index Scan on sbtest1_pkey  (cost=0.00..34.59 rows=1016 width=0)
	        Index Cond: ((id >= 7555472) AND (id <= 7556471))

table 2 : explain SELECT c FROM sbtest2 WHERE id BETWEEN 9411934 AND 9412933
	Bitmap Heap Scan on sbtest2  (cost=34.79..3914.68 rows=1010 width=121)
	  Recheck Cond: ((id >= 9411934) AND (id <= 9412933))
	  ->  Bitmap Index Scan on sbtest2_pkey  (cost=0.00..34.54 rows=1010 width=0)
	        Index Cond: ((id >= 9411934) AND (id <= 9412933))

table 3 : explain SELECT c FROM sbtest3 WHERE id BETWEEN 2697433 AND 2698432
	Bitmap Heap Scan on sbtest3  (cost=35.02..4004.23 rows=1033 width=121)
	  Recheck Cond: ((id >= 2697433) AND (id <= 2698432))
	  ->  Bitmap Index Scan on sbtest3_pkey  (cost=0.00..34.77 rows=1033 width=0)
	        Index Cond: ((id >= 2697433) AND (id <= 2698432))

table 4 : explain SELECT c FROM sbtest4 WHERE id BETWEEN 6354910 AND 6355909
	Bitmap Heap Scan on sbtest4  (cost=34.59..3848.38 rows=991 width=121)
	  Recheck Cond: ((id >= 6354910) AND (id <= 6355909))
	  ->  Bitmap Index Scan on sbtest4_pkey  (cost=0.00..34.34 rows=991 width=0)
	        Index Cond: ((id >= 6354910) AND (id <= 6355909))

table 5 : explain SELECT c FROM sbtest5 WHERE id BETWEEN 3643530 AND 3644529
	Bitmap Heap Scan on sbtest5  (cost=34.17..3685.92 rows=950 width=121)
	  Recheck Cond: ((id >= 3643530) AND (id <= 3644529))
	  ->  Bitmap Index Scan on sbtest5_pkey  (cost=0.00..33.94 rows=950 width=0)
	        Index Cond: ((id >= 3643530) AND (id <= 3644529))

table 6 : explain SELECT c FROM sbtest6 WHERE id BETWEEN 1384764 AND 1385763
	Bitmap Heap Scan on sbtest6  (cost=34.60..3847.12 rows=992 width=121)
	  Recheck Cond: ((id >= 1384764) AND (id <= 1385763))
	  ->  Bitmap Index Scan on sbtest6_pkey  (cost=0.00..34.36 rows=992 width=0)
	        Index Cond: ((id >= 1384764) AND (id <= 1385763))

table 7 : explain SELECT c FROM sbtest7 WHERE id BETWEEN 9056727 AND 9057726
	Bitmap Heap Scan on sbtest7  (cost=35.19..4068.18 rows=1049 width=121)
	  Recheck Cond: ((id >= 9056727) AND (id <= 9057726))
	  ->  Bitmap Index Scan on sbtest7_pkey  (cost=0.00..34.93 rows=1049 width=0)
	        Index Cond: ((id >= 9056727) AND (id <= 9057726))

table 8 : explain SELECT c FROM sbtest8 WHERE id BETWEEN 9280320 AND 9281319
	Bitmap Heap Scan on sbtest8  (cost=35.35..4126.76 rows=1065 width=121)
	  Recheck Cond: ((id >= 9280320) AND (id <= 9281319))
	  ->  Bitmap Index Scan on sbtest8_pkey  (cost=0.00..35.09 rows=1065 width=0)
	        Index Cond: ((id >= 9280320) AND (id <= 9281319))

for point_selects
table 1 : explain SELECT c FROM sbtest1 WHERE id=2415139
	Index Scan using sbtest1_pkey on sbtest1  (cost=0.43..8.45 rows=1 width=121)
	  Index Cond: (id = 2415139)

table 2 : explain SELECT c FROM sbtest2 WHERE id=8063824
	Index Scan using sbtest2_pkey on sbtest2  (cost=0.43..8.45 rows=1 width=121)
	  Index Cond: (id = 8063824)

table 3 : explain SELECT c FROM sbtest3 WHERE id=732204
	Index Scan using sbtest3_pkey on sbtest3  (cost=0.43..8.45 rows=1 width=121)
	  Index Cond: (id = 732204)

table 4 : explain SELECT c FROM sbtest4 WHERE id=7633164
	Index Scan using sbtest4_pkey on sbtest4  (cost=0.43..8.45 rows=1 width=121)
	  Index Cond: (id = 7633164)

table 5 : explain SELECT c FROM sbtest5 WHERE id=7385784
	Index Scan using sbtest5_pkey on sbtest5  (cost=0.43..8.45 rows=1 width=121)
	  Index Cond: (id = 7385784)

table 6 : explain SELECT c FROM sbtest6 WHERE id=7043622
	Index Scan using sbtest6_pkey on sbtest6  (cost=0.43..8.45 rows=1 width=121)
	  Index Cond: (id = 7043622)

table 7 : explain SELECT c FROM sbtest7 WHERE id=2833744
	Index Scan using sbtest7_pkey on sbtest7  (cost=0.43..8.45 rows=1 width=121)
	  Index Cond: (id = 2833744)

table 8 : explain SELECT c FROM sbtest8 WHERE id=1391913
	Index Scan using sbtest8_pkey on sbtest8  (cost=0.43..8.45 rows=1 width=121)
	  Index Cond: (id = 1391913)

for: simple_ranges
table 1 : explain SELECT c FROM sbtest1 WHERE id BETWEEN 8397023 AND 8398022
	Bitmap Heap Scan on sbtest1  (cost=34.71..3885.45 rows=1002 width=121)
	  Recheck Cond: ((id >= 8397023) AND (id <= 8398022))
	  ->  Bitmap Index Scan on sbtest1_pkey  (cost=0.00..34.45 rows=1002 width=0)
	        Index Cond: ((id >= 8397023) AND (id <= 8398022))

table 2 : explain SELECT c FROM sbtest2 WHERE id BETWEEN 9892981 AND 9893980
	Bitmap Heap Scan on sbtest2  (cost=34.65..3865.65 rows=997 width=121)
	  Recheck Cond: ((id >= 9892981) AND (id <= 9893980))
	  ->  Bitmap Index Scan on sbtest2_pkey  (cost=0.00..34.41 rows=997 width=0)
	        Index Cond: ((id >= 9892981) AND (id <= 9893980))

table 3 : explain SELECT c FROM sbtest3 WHERE id BETWEEN 1020870 AND 1021869
	Bitmap Heap Scan on sbtest3  (cost=34.71..3887.24 rows=1002 width=121)
	  Recheck Cond: ((id >= 1020870) AND (id <= 1021869))
	  ->  Bitmap Index Scan on sbtest3_pkey  (cost=0.00..34.45 rows=1002 width=0)
	        Index Cond: ((id >= 1020870) AND (id <= 1021869))

table 4 : explain SELECT c FROM sbtest4 WHERE id BETWEEN 4964319 AND 4965318
	Bitmap Heap Scan on sbtest4  (cost=35.00..3999.53 rows=1031 width=121)
	  Recheck Cond: ((id >= 4964319) AND (id <= 4965318))
	  ->  Bitmap Index Scan on sbtest4_pkey  (cost=0.00..34.75 rows=1031 width=0)
	        Index Cond: ((id >= 4964319) AND (id <= 4965318))

table 5 : explain SELECT c FROM sbtest5 WHERE id BETWEEN 7462724 AND 7463723
	Bitmap Heap Scan on sbtest5  (cost=33.83..3561.28 rows=917 width=121)
	  Recheck Cond: ((id >= 7462724) AND (id <= 7463723))
	  ->  Bitmap Index Scan on sbtest5_pkey  (cost=0.00..33.61 rows=917 width=0)
	        Index Cond: ((id >= 7462724) AND (id <= 7463723))

table 6 : explain SELECT c FROM sbtest6 WHERE id BETWEEN 8842683 AND 8843682
	Bitmap Heap Scan on sbtest6  (cost=35.30..4103.43 rows=1060 width=121)
	  Recheck Cond: ((id >= 8842683) AND (id <= 8843682))
	  ->  Bitmap Index Scan on sbtest6_pkey  (cost=0.00..35.04 rows=1060 width=0)
	        Index Cond: ((id >= 8842683) AND (id <= 8843682))

table 7 : explain SELECT c FROM sbtest7 WHERE id BETWEEN 5007882 AND 5008881
	Bitmap Heap Scan on sbtest7  (cost=34.79..3920.86 rows=1010 width=121)
	  Recheck Cond: ((id >= 5007882) AND (id <= 5008881))
	  ->  Bitmap Index Scan on sbtest7_pkey  (cost=0.00..34.54 rows=1010 width=0)
	        Index Cond: ((id >= 5007882) AND (id <= 5008881))

table 8 : explain SELECT c FROM sbtest8 WHERE id BETWEEN 970982 AND 971981
	Bitmap Heap Scan on sbtest8  (cost=34.93..3972.06 rows=1024 width=121)
	  Recheck Cond: ((id >= 970982) AND (id <= 971981))
	  ->  Bitmap Index Scan on sbtest8_pkey  (cost=0.00..34.68 rows=1024 width=0)
	        Index Cond: ((id >= 970982) AND (id <= 971981))

for: sum_ranges
table 1 : explain SELECT SUM(k) FROM sbtest1 WHERE id BETWEEN 9408092 AND 9409091
	Aggregate  (cost=3782.19..3782.20 rows=1 width=8)
	  ->  Bitmap Heap Scan on sbtest1  (cost=34.42..3779.76 rows=974 width=4)
	        Recheck Cond: ((id >= 9408092) AND (id <= 9409091))
	        ->  Bitmap Index Scan on sbtest1_pkey  (cost=0.00..34.18 rows=974 width=0)
	              Index Cond: ((id >= 9408092) AND (id <= 9409091))

table 2 : explain SELECT SUM(k) FROM sbtest2 WHERE id BETWEEN 7221334 AND 7222333
	Aggregate  (cost=4294.14..4294.15 rows=1 width=8)
	  ->  Bitmap Heap Scan on sbtest2  (cost=39.80..4291.37 rows=1109 width=4)
	        Recheck Cond: ((id >= 7221334) AND (id <= 7222333))
	        ->  Bitmap Index Scan on sbtest2_pkey  (cost=0.00..39.53 rows=1109 width=0)
	              Index Cond: ((id >= 7221334) AND (id <= 7222333))

table 3 : explain SELECT SUM(k) FROM sbtest3 WHERE id BETWEEN 3071465 AND 3072464
	Aggregate  (cost=3655.25..3655.26 rows=1 width=8)
	  ->  Bitmap Heap Scan on sbtest3  (cost=34.07..3652.90 rows=940 width=4)
	        Recheck Cond: ((id >= 3071465) AND (id <= 3072464))
	        ->  Bitmap Index Scan on sbtest3_pkey  (cost=0.00..33.84 rows=940 width=0)
	              Index Cond: ((id >= 3071465) AND (id <= 3072464))

table 4 : explain SELECT SUM(k) FROM sbtest4 WHERE id BETWEEN 5614199 AND 5615198
	Aggregate  (cost=3888.68..3888.69 rows=1 width=8)
	  ->  Bitmap Heap Scan on sbtest4  (cost=34.70..3886.18 rows=1001 width=4)
	        Recheck Cond: ((id >= 5614199) AND (id <= 5615198))
	        ->  Bitmap Index Scan on sbtest4_pkey  (cost=0.00..34.45 rows=1001 width=0)
	              Index Cond: ((id >= 5614199) AND (id <= 5615198))

table 5 : explain SELECT SUM(k) FROM sbtest5 WHERE id BETWEEN 6821897 AND 6822896
	Aggregate  (cost=3895.84..3895.85 rows=1 width=8)
	  ->  Bitmap Heap Scan on sbtest5  (cost=34.74..3893.33 rows=1005 width=4)
	        Recheck Cond: ((id >= 6821897) AND (id <= 6822896))
	        ->  Bitmap Index Scan on sbtest5_pkey  (cost=0.00..34.48 rows=1005 width=0)
	              Index Cond: ((id >= 6821897) AND (id <= 6822896))

table 6 : explain SELECT SUM(k) FROM sbtest6 WHERE id BETWEEN 4384549 AND 4385548
	Aggregate  (cost=3452.20..3452.21 rows=1 width=8)
	  ->  Bitmap Heap Scan on sbtest6  (cost=29.54..3449.98 rows=888 width=4)
	        Recheck Cond: ((id >= 4384549) AND (id <= 4385548))
	        ->  Bitmap Index Scan on sbtest6_pkey  (cost=0.00..29.32 rows=888 width=0)
	              Index Cond: ((id >= 4384549) AND (id <= 4385548))

table 7 : explain SELECT SUM(k) FROM sbtest7 WHERE id BETWEEN 1714227 AND 1715226
	Aggregate  (cost=3730.32..3730.33 rows=1 width=8)
	  ->  Bitmap Heap Scan on sbtest7  (cost=34.26..3727.93 rows=959 width=4)
	        Recheck Cond: ((id >= 1714227) AND (id <= 1715226))
	        ->  Bitmap Index Scan on sbtest7_pkey  (cost=0.00..34.03 rows=959 width=0)
	              Index Cond: ((id >= 1714227) AND (id <= 1715226))

table 8 : explain SELECT SUM(k) FROM sbtest8 WHERE id BETWEEN 1330761 AND 1331760
	Aggregate  (cost=3998.75..3998.76 rows=1 width=8)
	  ->  Index Scan using sbtest8_pkey on sbtest8  (cost=0.43..3996.20 rows=1020 width=4)
	        Index Cond: ((id >= 1330761) AND (id <= 1331760))

for: distinct_ranges
table 1 : explain SELECT DISTINCT c FROM sbtest1 WHERE id BETWEEN 7105463 AND 7106462 ORDER BY c
	Unique  (cost=3954.55..3959.58 rows=1007 width=121)
	  ->  Sort  (cost=3954.55..3957.06 rows=1007 width=121)
	        Sort Key: c
	        ->  Bitmap Heap Scan on sbtest1  (cost=34.76..3904.32 rows=1007 width=121)
	              Recheck Cond: ((id >= 7105463) AND (id <= 7106462))
	              ->  Bitmap Index Scan on sbtest1_pkey  (cost=0.00..34.51 rows=1007 width=0)
	                    Index Cond: ((id >= 7105463) AND (id <= 7106462))

table 2 : explain SELECT DISTINCT c FROM sbtest2 WHERE id BETWEEN 1441650 AND 1442649 ORDER BY c
	Unique  (cost=4290.20..4295.67 rows=1094 width=121)
	  ->  Sort  (cost=4290.20..4292.94 rows=1094 width=121)
	        Sort Key: c
	        ->  Bitmap Heap Scan on sbtest2  (cost=39.65..4234.98 rows=1094 width=121)
	              Recheck Cond: ((id >= 1441650) AND (id <= 1442649))
	              ->  Bitmap Index Scan on sbtest2_pkey  (cost=0.00..39.38 rows=1094 width=0)
	                    Index Cond: ((id >= 1441650) AND (id <= 1442649))

table 3 : explain SELECT DISTINCT c FROM sbtest3 WHERE id BETWEEN 5384439 AND 5385438 ORDER BY c
	Unique  (cost=3833.65..3838.53 rows=975 width=121)
	  ->  Sort  (cost=3833.65..3836.09 rows=975 width=121)
	        Sort Key: c
	        ->  Bitmap Heap Scan on sbtest3  (cost=34.43..3785.25 rows=975 width=121)
	              Recheck Cond: ((id >= 5384439) AND (id <= 5385438))
	              ->  Bitmap Index Scan on sbtest3_pkey  (cost=0.00..34.19 rows=975 width=0)
	                    Index Cond: ((id >= 5384439) AND (id <= 5385438))

table 4 : explain SELECT DISTINCT c FROM sbtest4 WHERE id BETWEEN 9742747 AND 9743746 ORDER BY c
	Unique  (cost=3540.08..3544.58 rows=899 width=121)
	  ->  Sort  (cost=3540.08..3542.33 rows=899 width=121)
	        Sort Key: c
	        ->  Bitmap Heap Scan on sbtest4  (cost=29.65..3495.98 rows=899 width=121)
	              Recheck Cond: ((id >= 9742747) AND (id <= 9743746))
	              ->  Bitmap Index Scan on sbtest4_pkey  (cost=0.00..29.43 rows=899 width=0)
	                    Index Cond: ((id >= 9742747) AND (id <= 9743746))

table 5 : explain SELECT DISTINCT c FROM sbtest5 WHERE id BETWEEN 7614949 AND 7615948 ORDER BY c
	Unique  (cost=4054.31..4059.48 rows=1034 width=121)
	  ->  Sort  (cost=4054.31..4056.89 rows=1034 width=121)
	        Sort Key: c
	        ->  Bitmap Heap Scan on sbtest5  (cost=35.03..4002.54 rows=1034 width=121)
	              Recheck Cond: ((id >= 7614949) AND (id <= 7615948))
	              ->  Bitmap Index Scan on sbtest5_pkey  (cost=0.00..34.78 rows=1034 width=0)
	                    Index Cond: ((id >= 7614949) AND (id <= 7615948))

table 6 : explain SELECT DISTINCT c FROM sbtest6 WHERE id BETWEEN 1707397 AND 1708396 ORDER BY c
	Unique  (cost=4110.81..4116.05 rows=1048 width=121)
	  ->  Sort  (cost=4110.81..4113.43 rows=1048 width=121)
	        Sort Key: c
	        ->  Bitmap Heap Scan on sbtest6  (cost=35.18..4058.24 rows=1048 width=121)
	              Recheck Cond: ((id >= 1707397) AND (id <= 1708396))
	              ->  Bitmap Index Scan on sbtest6_pkey  (cost=0.00..34.92 rows=1048 width=0)
	                    Index Cond: ((id >= 1707397) AND (id <= 1708396))

table 7 : explain SELECT DISTINCT c FROM sbtest7 WHERE id BETWEEN 6512023 AND 6513022 ORDER BY c
	Unique  (cost=4511.33..4517.08 rows=1150 width=121)
	  ->  Sort  (cost=4511.33..4514.21 rows=1150 width=121)
	        Sort Key: c
	        ->  Bitmap Heap Scan on sbtest7  (cost=40.22..4452.87 rows=1150 width=121)
	              Recheck Cond: ((id >= 6512023) AND (id <= 6513022))
	              ->  Bitmap Index Scan on sbtest7_pkey  (cost=0.00..39.94 rows=1150 width=0)
	                    Index Cond: ((id >= 6512023) AND (id <= 6513022))

table 8 : explain SELECT DISTINCT c FROM sbtest8 WHERE id BETWEEN 5019175 AND 5020174 ORDER BY c
	Unique  (cost=4084.57..4089.77 rows=1040 width=121)
	  ->  Sort  (cost=4084.57..4087.17 rows=1040 width=121)
	        Sort Key: c
	        ->  Bitmap Heap Scan on sbtest8  (cost=35.09..4032.46 rows=1040 width=121)
	              Recheck Cond: ((id >= 5019175) AND (id <= 5020174))
	              ->  Bitmap Index Scan on sbtest8_pkey  (cost=0.00..34.84 rows=1040 width=0)
	                    Index Cond: ((id >= 5019175) AND (id <= 5020174))

for: sum_ranges
table 1 : explain SELECT SUM(k) FROM sbtest1 WHERE id BETWEEN 5075000 AND 5075999
	Aggregate  (cost=3748.18..3748.19 rows=1 width=8)
	  ->  Bitmap Heap Scan on sbtest1  (cost=34.33..3745.76 rows=965 width=4)
	        Recheck Cond: ((id >= 5075000) AND (id <= 5075999))
	        ->  Bitmap Index Scan on sbtest1_pkey  (cost=0.00..34.09 rows=965 width=0)
	              Index Cond: ((id >= 5075000) AND (id <= 5075999))

table 2 : explain SELECT SUM(k) FROM sbtest2 WHERE id BETWEEN 5354290 AND 5355289
	Aggregate  (cost=3732.17..3732.18 rows=1 width=8)
	  ->  Bitmap Heap Scan on sbtest2  (cost=34.29..3729.77 rows=961 width=4)
	        Recheck Cond: ((id >= 5354290) AND (id <= 5355289))
	        ->  Bitmap Index Scan on sbtest2_pkey  (cost=0.00..34.05 rows=961 width=0)
	              Index Cond: ((id >= 5354290) AND (id <= 5355289))

table 3 : explain SELECT SUM(k) FROM sbtest3 WHERE id BETWEEN 1507381 AND 1508380
	Aggregate  (cost=3859.52..3859.53 rows=1 width=8)
	  ->  Bitmap Heap Scan on sbtest3  (cost=34.62..3857.03 rows=994 width=4)
	        Recheck Cond: ((id >= 1507381) AND (id <= 1508380))
	        ->  Bitmap Index Scan on sbtest3_pkey  (cost=0.00..34.38 rows=994 width=0)
	              Index Cond: ((id >= 1507381) AND (id <= 1508380))

table 4 : explain SELECT SUM(k) FROM sbtest4 WHERE id BETWEEN 630398 AND 631397
	Aggregate  (cost=3706.98..3706.99 rows=1 width=8)
	  ->  Bitmap Heap Scan on sbtest4  (cost=34.20..3704.60 rows=953 width=4)
	        Recheck Cond: ((id >= 630398) AND (id <= 631397))
	        ->  Bitmap Index Scan on sbtest4_pkey  (cost=0.00..33.97 rows=953 width=0)
	              Index Cond: ((id >= 630398) AND (id <= 631397))

table 5 : explain SELECT SUM(k) FROM sbtest5 WHERE id BETWEEN 2027401 AND 2028400
	Aggregate  (cost=3389.26..3389.27 rows=1 width=8)
	  ->  Bitmap Heap Scan on sbtest5  (cost=29.37..3387.08 rows=872 width=4)
	        Recheck Cond: ((id >= 2027401) AND (id <= 2028400))
	        ->  Bitmap Index Scan on sbtest5_pkey  (cost=0.00..29.15 rows=872 width=0)
	              Index Cond: ((id >= 2027401) AND (id <= 2028400))

table 6 : explain SELECT SUM(k) FROM sbtest6 WHERE id BETWEEN 2074046 AND 2075045
	Aggregate  (cost=3800.50..3800.51 rows=1 width=8)
	  ->  Bitmap Heap Scan on sbtest6  (cost=34.47..3798.06 rows=979 width=4)
	        Recheck Cond: ((id >= 2074046) AND (id <= 2075045))
	        ->  Bitmap Index Scan on sbtest6_pkey  (cost=0.00..34.23 rows=979 width=0)
	              Index Cond: ((id >= 2074046) AND (id <= 2075045))

table 7 : explain SELECT SUM(k) FROM sbtest7 WHERE id BETWEEN 8473036 AND 8474035
	Aggregate  (cost=3525.35..3525.36 rows=1 width=8)
	  ->  Bitmap Heap Scan on sbtest7  (cost=29.72..3523.09 rows=906 width=4)
	        Recheck Cond: ((id >= 8473036) AND (id <= 8474035))
	        ->  Bitmap Index Scan on sbtest7_pkey  (cost=0.00..29.50 rows=906 width=0)
	              Index Cond: ((id >= 8473036) AND (id <= 8474035))

table 8 : explain SELECT SUM(k) FROM sbtest8 WHERE id BETWEEN 8555685 AND 8556684
	Aggregate  (cost=3663.37..3663.38 rows=1 width=8)
	  ->  Index Scan using sbtest8_pkey on sbtest8  (cost=0.43..3661.03 rows=934 width=4)
	        Index Cond: ((id >= 8555685) AND (id <= 8556684))

for: simple_ranges
table 1 : explain SELECT c FROM sbtest1 WHERE id BETWEEN 4543830 AND 4544829
	Bitmap Heap Scan on sbtest1  (cost=34.06..3647.50 rows=939 width=121)
	  Recheck Cond: ((id >= 4543830) AND (id <= 4544829))
	  ->  Bitmap Index Scan on sbtest1_pkey  (cost=0.00..33.83 rows=939 width=0)
	        Index Cond: ((id >= 4543830) AND (id <= 4544829))

table 2 : explain SELECT c FROM sbtest2 WHERE id BETWEEN 3279276 AND 3280275
	Bitmap Heap Scan on sbtest2  (cost=34.28..3725.99 rows=960 width=121)
	  Recheck Cond: ((id >= 3279276) AND (id <= 3280275))
	  ->  Bitmap Index Scan on sbtest2_pkey  (cost=0.00..34.04 rows=960 width=0)
	        Index Cond: ((id >= 3279276) AND (id <= 3280275))

table 3 : explain SELECT c FROM sbtest3 WHERE id BETWEEN 8702891 AND 8703890
	Bitmap Heap Scan on sbtest3  (cost=34.34..3751.23 rows=966 width=121)
	  Recheck Cond: ((id >= 8702891) AND (id <= 8703890))
	  ->  Bitmap Index Scan on sbtest3_pkey  (cost=0.00..34.09 rows=966 width=0)
	        Index Cond: ((id >= 8702891) AND (id <= 8703890))

table 4 : explain SELECT c FROM sbtest4 WHERE id BETWEEN 2125485 AND 2126484
	Bitmap Heap Scan on sbtest4  (cost=39.77..4286.41 rows=1106 width=121)
	  Recheck Cond: ((id >= 2125485) AND (id <= 2126484))
	  ->  Bitmap Index Scan on sbtest4_pkey  (cost=0.00..39.50 rows=1106 width=0)
	        Index Cond: ((id >= 2125485) AND (id <= 2126484))

table 5 : explain SELECT c FROM sbtest5 WHERE id BETWEEN 3872355 AND 3873354
	Bitmap Heap Scan on sbtest5  (cost=39.93..4329.79 rows=1121 width=121)
	  Recheck Cond: ((id >= 3872355) AND (id <= 3873354))
	  ->  Bitmap Index Scan on sbtest5_pkey  (cost=0.00..39.65 rows=1121 width=0)
	        Index Cond: ((id >= 3872355) AND (id <= 3873354))

table 6 : explain SELECT c FROM sbtest6 WHERE id BETWEEN 394995 AND 395994
	Bitmap Heap Scan on sbtest6  (cost=34.06..3646.95 rows=939 width=121)
	  Recheck Cond: ((id >= 394995) AND (id <= 395994))
	  ->  Bitmap Index Scan on sbtest6_pkey  (cost=0.00..33.83 rows=939 width=0)
	        Index Cond: ((id >= 394995) AND (id <= 395994))

table 7 : explain SELECT c FROM sbtest7 WHERE id BETWEEN 1416228 AND 1417227
	Bitmap Heap Scan on sbtest7  (cost=35.01..4003.99 rows=1032 width=121)
	  Recheck Cond: ((id >= 1416228) AND (id <= 1417227))
	  ->  Bitmap Index Scan on sbtest7_pkey  (cost=0.00..34.76 rows=1032 width=0)
	        Index Cond: ((id >= 1416228) AND (id <= 1417227))

table 8 : explain SELECT c FROM sbtest8 WHERE id BETWEEN 6149426 AND 6150425
	Bitmap Heap Scan on sbtest8  (cost=35.04..4013.59 rows=1035 width=121)
	  Recheck Cond: ((id >= 6149426) AND (id <= 6150425))
	  ->  Bitmap Index Scan on sbtest8_pkey  (cost=0.00..34.79 rows=1035 width=0)
	        Index Cond: ((id >= 6149426) AND (id <= 6150425))

for: sum_ranges
table 1 : explain SELECT SUM(k) FROM sbtest1 WHERE id BETWEEN 6260695 AND 6261694
	Aggregate  (cost=3876.63..3876.64 rows=1 width=8)
	  ->  Bitmap Heap Scan on sbtest1  (cost=34.67..3874.13 rows=999 width=4)
	        Recheck Cond: ((id >= 6260695) AND (id <= 6261694))
	        ->  Bitmap Index Scan on sbtest1_pkey  (cost=0.00..34.43 rows=999 width=0)
	              Index Cond: ((id >= 6260695) AND (id <= 6261694))

table 2 : explain SELECT SUM(k) FROM sbtest2 WHERE id BETWEEN 1522282 AND 1523281
	Aggregate  (cost=4083.11..4083.12 rows=1 width=8)
	  ->  Bitmap Heap Scan on sbtest2  (cost=35.24..4080.47 rows=1054 width=4)
	        Recheck Cond: ((id >= 1522282) AND (id <= 1523281))
	        ->  Bitmap Index Scan on sbtest2_pkey  (cost=0.00..34.98 rows=1054 width=0)
	              Index Cond: ((id >= 1522282) AND (id <= 1523281))

table 3 : explain SELECT SUM(k) FROM sbtest3 WHERE id BETWEEN 8814902 AND 8815901
	Aggregate  (cost=3624.96..3624.97 rows=1 width=8)
	  ->  Bitmap Heap Scan on sbtest3  (cost=33.99..3622.63 rows=932 width=4)
	        Recheck Cond: ((id >= 8814902) AND (id <= 8815901))
	        ->  Bitmap Index Scan on sbtest3_pkey  (cost=0.00..33.76 rows=932 width=0)
	              Index Cond: ((id >= 8814902) AND (id <= 8815901))

table 4 : explain SELECT SUM(k) FROM sbtest4 WHERE id BETWEEN 5961999 AND 5962998
	Aggregate  (cost=4341.94..4341.95 rows=1 width=8)
	  ->  Bitmap Heap Scan on sbtest4  (cost=39.92..4339.14 rows=1120 width=4)
	        Recheck Cond: ((id >= 5961999) AND (id <= 5962998))
	        ->  Bitmap Index Scan on sbtest4_pkey  (cost=0.00..39.64 rows=1120 width=0)
	              Index Cond: ((id >= 5961999) AND (id <= 5962998))

table 5 : explain SELECT SUM(k) FROM sbtest5 WHERE id BETWEEN 2094415 AND 2095414
	Aggregate  (cost=3389.26..3389.27 rows=1 width=8)
	  ->  Bitmap Heap Scan on sbtest5  (cost=29.37..3387.08 rows=872 width=4)
	        Recheck Cond: ((id >= 2094415) AND (id <= 2095414))
	        ->  Bitmap Index Scan on sbtest5_pkey  (cost=0.00..29.15 rows=872 width=0)
	              Index Cond: ((id >= 2094415) AND (id <= 2095414))

table 6 : explain SELECT SUM(k) FROM sbtest6 WHERE id BETWEEN 5265637 AND 5266636
	Aggregate  (cost=3592.54..3592.55 rows=1 width=8)
	  ->  Bitmap Heap Scan on sbtest6  (cost=33.91..3590.23 rows=924 width=4)
	        Recheck Cond: ((id >= 5265637) AND (id <= 5266636))
	        ->  Bitmap Index Scan on sbtest6_pkey  (cost=0.00..33.68 rows=924 width=0)
	              Index Cond: ((id >= 5265637) AND (id <= 5266636))

table 7 : explain SELECT SUM(k) FROM sbtest7 WHERE id BETWEEN 7425903 AND 7426902
	Aggregate  (cost=4017.90..4017.91 rows=1 width=8)
	  ->  Bitmap Heap Scan on sbtest7  (cost=35.04..4015.32 rows=1035 width=4)
	        Recheck Cond: ((id >= 7425903) AND (id <= 7426902))
	        ->  Bitmap Index Scan on sbtest7_pkey  (cost=0.00..34.79 rows=1035 width=0)
	              Index Cond: ((id >= 7425903) AND (id <= 7426902))

table 8 : explain SELECT SUM(k) FROM sbtest8 WHERE id BETWEEN 2551986 AND 2552985
	Aggregate  (cost=3624.34..3624.35 rows=1 width=8)
	  ->  Index Scan using sbtest8_pkey on sbtest8  (cost=0.43..3622.03 rows=924 width=4)
	        Index Cond: ((id >= 2551986) AND (id <= 2552985))

for: simple_ranges
table 1 : explain SELECT c FROM sbtest1 WHERE id BETWEEN 6034408 AND 6035407
	Bitmap Heap Scan on sbtest1  (cost=34.87..3945.81 rows=1018 width=121)
	  Recheck Cond: ((id >= 6034408) AND (id <= 6035407))
	  ->  Bitmap Index Scan on sbtest1_pkey  (cost=0.00..34.62 rows=1018 width=0)
	        Index Cond: ((id >= 6034408) AND (id <= 6035407))

table 2 : explain SELECT c FROM sbtest2 WHERE id BETWEEN 2038945 AND 2039944
	Bitmap Heap Scan on sbtest2  (cost=35.33..4114.35 rows=1063 width=121)
	  Recheck Cond: ((id >= 2038945) AND (id <= 2039944))
	  ->  Bitmap Index Scan on sbtest2_pkey  (cost=0.00..35.07 rows=1063 width=0)
	        Index Cond: ((id >= 2038945) AND (id <= 2039944))

table 3 : explain SELECT c FROM sbtest3 WHERE id BETWEEN 1567012 AND 1568011
	Bitmap Heap Scan on sbtest3  (cost=34.62..3857.03 rows=994 width=121)
	  Recheck Cond: ((id >= 1567012) AND (id <= 1568011))
	  ->  Bitmap Index Scan on sbtest3_pkey  (cost=0.00..34.38 rows=994 width=0)
	        Index Cond: ((id >= 1567012) AND (id <= 1568011))

table 4 : explain SELECT c FROM sbtest4 WHERE id BETWEEN 3276863 AND 3277862
	Bitmap Heap Scan on sbtest4  (cost=34.02..3636.43 rows=935 width=121)
	  Recheck Cond: ((id >= 3276863) AND (id <= 3277862))
	  ->  Bitmap Index Scan on sbtest4_pkey  (cost=0.00..33.79 rows=935 width=0)
	        Index Cond: ((id >= 3276863) AND (id <= 3277862))

table 5 : explain SELECT c FROM sbtest5 WHERE id BETWEEN 8350816 AND 8351815
	Bitmap Heap Scan on sbtest5  (cost=35.00..3991.24 rows=1031 width=121)
	  Recheck Cond: ((id >= 8350816) AND (id <= 8351815))
	  ->  Bitmap Index Scan on sbtest5_pkey  (cost=0.00..34.75 rows=1031 width=0)
	        Index Cond: ((id >= 8350816) AND (id <= 8351815))

table 6 : explain SELECT c FROM sbtest6 WHERE id BETWEEN 3953869 AND 3954868
	Bitmap Heap Scan on sbtest6  (cost=35.56..4197.51 rows=1085 width=121)
	  Recheck Cond: ((id >= 3953869) AND (id <= 3954868))
	  ->  Bitmap Index Scan on sbtest6_pkey  (cost=0.00..35.29 rows=1085 width=0)
	        Index Cond: ((id >= 3953869) AND (id <= 3954868))

table 7 : explain SELECT c FROM sbtest7 WHERE id BETWEEN 1356242 AND 1357241
	Bitmap Heap Scan on sbtest7  (cost=34.48..3807.41 rows=980 width=121)
	  Recheck Cond: ((id >= 1356242) AND (id <= 1357241))
	  ->  Bitmap Index Scan on sbtest7_pkey  (cost=0.00..34.23 rows=980 width=0)
	        Index Cond: ((id >= 1356242) AND (id <= 1357241))

table 8 : explain SELECT c FROM sbtest8 WHERE id BETWEEN 7371502 AND 7372501
	Bitmap Heap Scan on sbtest8  (cost=39.88..4326.68 rows=1117 width=121)
	  Recheck Cond: ((id >= 7371502) AND (id <= 7372501))
	  ->  Bitmap Index Scan on sbtest8_pkey  (cost=0.00..39.61 rows=1117 width=0)
	        Index Cond: ((id >= 7371502) AND (id <= 7372501))

explain: for point_selects :: explain SELECT c FROM sbtest%u WHERE id=%u
for: order_ranges
table 1 : explain SELECT c FROM sbtest1 WHERE id BETWEEN 959060 AND 960059 ORDER BY c
	Sort  (cost=3866.44..3868.90 rows=984 width=121)
	  Sort Key: c
	  ->  Bitmap Heap Scan on sbtest1  (cost=34.52..3817.52 rows=984 width=121)
	        Recheck Cond: ((id >= 959060) AND (id <= 960059))
	        ->  Bitmap Index Scan on sbtest1_pkey  (cost=0.00..34.28 rows=984 width=0)
	              Index Cond: ((id >= 959060) AND (id <= 960059))

table 2 : explain SELECT c FROM sbtest2 WHERE id BETWEEN 3015405 AND 3016404 ORDER BY c
	Sort  (cost=3942.11..3944.62 rows=1004 width=121)
	  Sort Key: c
	  ->  Bitmap Heap Scan on sbtest2  (cost=34.73..3892.06 rows=1004 width=121)
	        Recheck Cond: ((id >= 3015405) AND (id <= 3016404))
	        ->  Bitmap Index Scan on sbtest2_pkey  (cost=0.00..34.48 rows=1004 width=0)
	              Index Cond: ((id >= 3015405) AND (id <= 3016404))

table 3 : explain SELECT c FROM sbtest3 WHERE id BETWEEN 3872135 AND 3873134 ORDER BY c
	Sort  (cost=4090.40..4093.01 rows=1042 width=121)
	  Sort Key: c
	  ->  Bitmap Heap Scan on sbtest3  (cost=35.12..4038.17 rows=1042 width=121)
	        Recheck Cond: ((id >= 3872135) AND (id <= 3873134))
	        ->  Bitmap Index Scan on sbtest3_pkey  (cost=0.00..34.86 rows=1042 width=0)
	              Index Cond: ((id >= 3872135) AND (id <= 3873134))

table 4 : explain SELECT c FROM sbtest4 WHERE id BETWEEN 3653111 AND 3654110 ORDER BY c
	Sort  (cost=3794.02..3796.43 rows=964 width=121)
	  Sort Key: c
	  ->  Bitmap Heap Scan on sbtest4  (cost=34.32..3746.24 rows=964 width=121)
	        Recheck Cond: ((id >= 3653111) AND (id <= 3654110))
	        ->  Bitmap Index Scan on sbtest4_pkey  (cost=0.00..34.08 rows=964 width=0)
	              Index Cond: ((id >= 3653111) AND (id <= 3654110))

table 5 : explain SELECT c FROM sbtest5 WHERE id BETWEEN 9003774 AND 9004773 ORDER BY c
	Sort  (cost=4218.51..4221.20 rows=1077 width=121)
	  Sort Key: c
	  ->  Bitmap Heap Scan on sbtest5  (cost=35.47..4164.27 rows=1077 width=121)
	        Recheck Cond: ((id >= 9003774) AND (id <= 9004773))
	        ->  Bitmap Index Scan on sbtest5_pkey  (cost=0.00..35.20 rows=1077 width=0)
	              Index Cond: ((id >= 9003774) AND (id <= 9004773))

table 6 : explain SELECT c FROM sbtest6 WHERE id BETWEEN 7107858 AND 7108857 ORDER BY c
	Sort  (cost=4064.92..4067.51 rows=1036 width=121)
	  Sort Key: c
	  ->  Bitmap Heap Scan on sbtest6  (cost=35.05..4013.03 rows=1036 width=121)
	        Recheck Cond: ((id >= 7107858) AND (id <= 7108857))
	        ->  Bitmap Index Scan on sbtest6_pkey  (cost=0.00..34.80 rows=1036 width=0)
	              Index Cond: ((id >= 7107858) AND (id <= 7108857))

table 7 : explain SELECT c FROM sbtest7 WHERE id BETWEEN 418274 AND 419273 ORDER BY c
	Sort  (cost=4320.13..4322.88 rows=1100 width=121)
	  Sort Key: c
	  ->  Bitmap Heap Scan on sbtest7  (cost=39.71..4264.56 rows=1100 width=121)
	        Recheck Cond: ((id >= 418274) AND (id <= 419273))
	        ->  Bitmap Index Scan on sbtest7_pkey  (cost=0.00..39.44 rows=1100 width=0)
	              Index Cond: ((id >= 418274) AND (id <= 419273))

table 8 : explain SELECT c FROM sbtest8 WHERE id BETWEEN 8658609 AND 8659608 ORDER BY c
	Sort  (cost=4061.59..4064.17 rows=1034 width=121)
	  Sort Key: c
	  ->  Bitmap Heap Scan on sbtest8  (cost=35.03..4009.81 rows=1034 width=121)
	        Recheck Cond: ((id >= 8658609) AND (id <= 8659608))
	        ->  Bitmap Index Scan on sbtest8_pkey  (cost=0.00..34.78 rows=1034 width=0)
	              Index Cond: ((id >= 8658609) AND (id <= 8659608))

for: sum_ranges
table 1 : explain SELECT SUM(k) FROM sbtest1 WHERE id BETWEEN 5006986 AND 5007985
	Aggregate  (cost=3748.18..3748.19 rows=1 width=8)
	  ->  Bitmap Heap Scan on sbtest1  (cost=34.33..3745.76 rows=965 width=4)
	        Recheck Cond: ((id >= 5006986) AND (id <= 5007985))
	        ->  Bitmap Index Scan on sbtest1_pkey  (cost=0.00..34.09 rows=965 width=0)
	              Index Cond: ((id >= 5006986) AND (id <= 5007985))

table 2 : explain SELECT SUM(k) FROM sbtest2 WHERE id BETWEEN 1625631 AND 1626630
	Aggregate  (cost=3785.07..3785.08 rows=1 width=8)
	  ->  Bitmap Heap Scan on sbtest2  (cost=34.43..3782.63 rows=975 width=4)
	        Recheck Cond: ((id >= 1625631) AND (id <= 1626630))
	        ->  Bitmap Index Scan on sbtest2_pkey  (cost=0.00..34.19 rows=975 width=0)
	              Index Cond: ((id >= 1625631) AND (id <= 1626630))

table 3 : explain SELECT SUM(k) FROM sbtest3 WHERE id BETWEEN 9509053 AND 9510052
	Aggregate  (cost=3723.38..3723.39 rows=1 width=8)
	  ->  Bitmap Heap Scan on sbtest3  (cost=34.25..3720.99 rows=958 width=4)
	        Recheck Cond: ((id >= 9509053) AND (id <= 9510052))
	        ->  Bitmap Index Scan on sbtest3_pkey  (cost=0.00..34.02 rows=958 width=0)
	              Index Cond: ((id >= 9509053) AND (id <= 9510052))

table 4 : explain SELECT SUM(k) FROM sbtest4 WHERE id BETWEEN 975994 AND 976993
	Aggregate  (cost=3676.67..3676.68 rows=1 width=8)
	  ->  Bitmap Heap Scan on sbtest4  (cost=34.12..3674.31 rows=945 width=4)
	        Recheck Cond: ((id >= 975994) AND (id <= 976993))
	        ->  Bitmap Index Scan on sbtest4_pkey  (cost=0.00..33.89 rows=945 width=0)
	              Index Cond: ((id >= 975994) AND (id <= 976993))

table 5 : explain SELECT SUM(k) FROM sbtest5 WHERE id BETWEEN 7586666 AND 7587665
	Aggregate  (cost=3563.57..3563.58 rows=1 width=8)
	  ->  Bitmap Heap Scan on sbtest5  (cost=33.83..3561.28 rows=917 width=4)
	        Recheck Cond: ((id >= 7586666) AND (id <= 7587665))
	        ->  Bitmap Index Scan on sbtest5_pkey  (cost=0.00..33.61 rows=917 width=0)
	              Index Cond: ((id >= 7586666) AND (id <= 7587665))

table 6 : explain SELECT SUM(k) FROM sbtest6 WHERE id BETWEEN 3548245 AND 3549244
	Aggregate  (cost=3709.80..3709.81 rows=1 width=8)
	  ->  Bitmap Heap Scan on sbtest6  (cost=34.22..3707.42 rows=955 width=4)
	        Recheck Cond: ((id >= 3548245) AND (id <= 3549244))
	        ->  Bitmap Index Scan on sbtest6_pkey  (cost=0.00..33.98 rows=955 width=0)
	              Index Cond: ((id >= 3548245) AND (id <= 3549244))

table 7 : explain SELECT SUM(k) FROM sbtest7 WHERE id BETWEEN 1047769 AND 1048768
	Aggregate  (cost=3639.36..3639.37 rows=1 width=8)
	  ->  Bitmap Heap Scan on sbtest7  (cost=34.02..3637.02 rows=935 width=4)
	        Recheck Cond: ((id >= 1047769) AND (id <= 1048768))
	        ->  Bitmap Index Scan on sbtest7_pkey  (cost=0.00..33.79 rows=935 width=0)
	              Index Cond: ((id >= 1047769) AND (id <= 1048768))

table 8 : explain SELECT SUM(k) FROM sbtest8 WHERE id BETWEEN 7435296 AND 7436295
	Aggregate  (cost=4002.68..4002.69 rows=1 width=8)
	  ->  Index Scan using sbtest8_pkey on sbtest8  (cost=0.43..4000.12 rows=1021 width=4)
	        Index Cond: ((id >= 7435296) AND (id <= 7436295))

for: sum_ranges
table 1 : explain SELECT SUM(k) FROM sbtest1 WHERE id BETWEEN 5975319 AND 5976318
	Aggregate  (cost=3989.85..3989.86 rows=1 width=8)
	  ->  Bitmap Heap Scan on sbtest1  (cost=34.98..3987.28 rows=1029 width=4)
	        Recheck Cond: ((id >= 5975319) AND (id <= 5976318))
	        ->  Bitmap Index Scan on sbtest1_pkey  (cost=0.00..34.73 rows=1029 width=0)
	              Index Cond: ((id >= 5975319) AND (id <= 5976318))

table 2 : explain SELECT SUM(k) FROM sbtest2 WHERE id BETWEEN 1521664 AND 1522663
	Aggregate  (cost=4083.11..4083.12 rows=1 width=8)
	  ->  Bitmap Heap Scan on sbtest2  (cost=35.24..4080.47 rows=1054 width=4)
	        Recheck Cond: ((id >= 1521664) AND (id <= 1522663))
	        ->  Bitmap Index Scan on sbtest2_pkey  (cost=0.00..34.98 rows=1054 width=0)
	              Index Cond: ((id >= 1521664) AND (id <= 1522663))

table 3 : explain SELECT SUM(k) FROM sbtest3 WHERE id BETWEEN 6964054 AND 6965053
	Aggregate  (cost=3662.82..3662.83 rows=1 width=8)
	  ->  Bitmap Heap Scan on sbtest3  (cost=34.09..3660.47 rows=942 width=4)
	        Recheck Cond: ((id >= 6964054) AND (id <= 6965053))
	        ->  Bitmap Index Scan on sbtest3_pkey  (cost=0.00..33.86 rows=942 width=0)
	              Index Cond: ((id >= 6964054) AND (id <= 6965053))

table 4 : explain SELECT SUM(k) FROM sbtest4 WHERE id BETWEEN 8541629 AND 8542628
	Aggregate  (cost=3820.58..3820.59 rows=1 width=8)
	  ->  Bitmap Heap Scan on sbtest4  (cost=34.51..3818.12 rows=983 width=4)
	        Recheck Cond: ((id >= 8541629) AND (id <= 8542628))
	        ->  Bitmap Index Scan on sbtest4_pkey  (cost=0.00..34.27 rows=983 width=0)
	              Index Cond: ((id >= 8541629) AND (id <= 8542628))

table 5 : explain SELECT SUM(k) FROM sbtest5 WHERE id BETWEEN 9092686 AND 9093685
	Aggregate  (cost=4268.70..4268.71 rows=1 width=8)
	  ->  Bitmap Heap Scan on sbtest5  (cost=39.74..4265.94 rows=1103 width=4)
	        Recheck Cond: ((id >= 9092686) AND (id <= 9093685))
	        ->  Bitmap Index Scan on sbtest5_pkey  (cost=0.00..39.47 rows=1103 width=0)
	              Index Cond: ((id >= 9092686) AND (id <= 9093685))

table 6 : explain SELECT SUM(k) FROM sbtest6 WHERE id BETWEEN 5936162 AND 5937161
	Aggregate  (cost=3868.48..3868.49 rows=1 width=8)
	  ->  Bitmap Heap Scan on sbtest6  (cost=34.65..3865.99 rows=997 width=4)
	        Recheck Cond: ((id >= 5936162) AND (id <= 5937161))
	        ->  Bitmap Index Scan on sbtest6_pkey  (cost=0.00..34.41 rows=997 width=0)
	              Index Cond: ((id >= 5936162) AND (id <= 5937161))

table 7 : explain SELECT SUM(k) FROM sbtest7 WHERE id BETWEEN 1604177 AND 1605176
	Aggregate  (cost=4014.12..4014.13 rows=1 width=8)
	  ->  Bitmap Heap Scan on sbtest7  (cost=35.03..4011.54 rows=1034 width=4)
	        Recheck Cond: ((id >= 1604177) AND (id <= 1605176))
	        ->  Bitmap Index Scan on sbtest7_pkey  (cost=0.00..34.78 rows=1034 width=0)
	              Index Cond: ((id >= 1604177) AND (id <= 1605176))

table 8 : explain SELECT SUM(k) FROM sbtest8 WHERE id BETWEEN 7657301 AND 7658300
	Aggregate  (cost=3799.86..3799.87 rows=1 width=8)
	  ->  Index Scan using sbtest8_pkey on sbtest8  (cost=0.43..3797.44 rows=969 width=4)
	        Index Cond: ((id >= 7657301) AND (id <= 7658300))

explain: for point_selects :: explain SELECT c FROM sbtest%u WHERE id=%u
for: sum_ranges
table 1 : explain SELECT SUM(k) FROM sbtest1 WHERE id BETWEEN 1240261 AND 1241260
	Aggregate  (cost=3880.41..3880.42 rows=1 width=8)
	  ->  Bitmap Heap Scan on sbtest1  (cost=34.69..3877.91 rows=1000 width=4)
	        Recheck Cond: ((id >= 1240261) AND (id <= 1241260))
	        ->  Bitmap Index Scan on sbtest1_pkey  (cost=0.00..34.44 rows=1000 width=0)
	              Index Cond: ((id >= 1240261) AND (id <= 1241260))

table 2 : explain SELECT SUM(k) FROM sbtest2 WHERE id BETWEEN 8244354 AND 8245353
	Aggregate  (cost=3977.56..3977.57 rows=1 width=8)
	  ->  Bitmap Heap Scan on sbtest2  (cost=34.95..3975.00 rows=1026 width=4)
	        Recheck Cond: ((id >= 8244354) AND (id <= 8245353))
	        ->  Bitmap Index Scan on sbtest2_pkey  (cost=0.00..34.70 rows=1026 width=0)
	              Index Cond: ((id >= 8244354) AND (id <= 8245353))

table 3 : explain SELECT SUM(k) FROM sbtest3 WHERE id BETWEEN 2072378 AND 2073377
	Aggregate  (cost=4274.72..4274.73 rows=1 width=8)
	  ->  Bitmap Heap Scan on sbtest3  (cost=39.74..4271.97 rows=1103 width=4)
	        Recheck Cond: ((id >= 2072378) AND (id <= 2073377))
	        ->  Bitmap Index Scan on sbtest3_pkey  (cost=0.00..39.47 rows=1103 width=0)
	              Index Cond: ((id >= 2072378) AND (id <= 2073377))

table 4 : explain SELECT SUM(k) FROM sbtest4 WHERE id BETWEEN 845663 AND 846662
	Aggregate  (cost=3952.97..3952.98 rows=1 width=8)
	  ->  Bitmap Heap Scan on sbtest4  (cost=34.87..3950.42 rows=1018 width=4)
	        Recheck Cond: ((id >= 845663) AND (id <= 846662))
	        ->  Bitmap Index Scan on sbtest4_pkey  (cost=0.00..34.62 rows=1018 width=0)
	              Index Cond: ((id >= 845663) AND (id <= 846662))

table 5 : explain SELECT SUM(k) FROM sbtest5 WHERE id BETWEEN 5052955 AND 5053954
	Aggregate  (cost=3944.84..3944.85 rows=1 width=8)
	  ->  Bitmap Heap Scan on sbtest5  (cost=34.87..3942.30 rows=1018 width=4)
	        Recheck Cond: ((id >= 5052955) AND (id <= 5053954))
	        ->  Bitmap Index Scan on sbtest5_pkey  (cost=0.00..34.62 rows=1018 width=0)
	              Index Cond: ((id >= 5052955) AND (id <= 5053954))

table 6 : explain SELECT SUM(k) FROM sbtest6 WHERE id BETWEEN 1001510 AND 1002509
	Aggregate  (cost=3690.90..3690.91 rows=1 width=8)
	  ->  Bitmap Heap Scan on sbtest6  (cost=34.17..3688.52 rows=950 width=4)
	        Recheck Cond: ((id >= 1001510) AND (id <= 1002509))
	        ->  Bitmap Index Scan on sbtest6_pkey  (cost=0.00..33.94 rows=950 width=0)
	              Index Cond: ((id >= 1001510) AND (id <= 1002509))

table 7 : explain SELECT SUM(k) FROM sbtest7 WHERE id BETWEEN 7819751 AND 7820750
	Aggregate  (cost=4040.58..4040.59 rows=1 width=8)
	  ->  Bitmap Heap Scan on sbtest7  (cost=35.11..4037.97 rows=1041 width=4)
	        Recheck Cond: ((id >= 7819751) AND (id <= 7820750))
	        ->  Bitmap Index Scan on sbtest7_pkey  (cost=0.00..34.84 rows=1041 width=0)
	              Index Cond: ((id >= 7819751) AND (id <= 7820750))

table 8 : explain SELECT SUM(k) FROM sbtest8 WHERE id BETWEEN 3288131 AND 3289130
	Aggregate  (cost=3838.85..3838.86 rows=1 width=8)
	  ->  Index Scan using sbtest8_pkey on sbtest8  (cost=0.43..3836.41 rows=979 width=4)
	        Index Cond: ((id >= 3288131) AND (id <= 3289130))

for: order_ranges
table 1 : explain SELECT c FROM sbtest1 WHERE id BETWEEN 1672952 AND 1673951 ORDER BY c
	Sort  (cost=4107.63..4110.25 rows=1047 width=121)
	  Sort Key: c
	  ->  Bitmap Heap Scan on sbtest1  (cost=35.17..4055.12 rows=1047 width=121)
	        Recheck Cond: ((id >= 1672952) AND (id <= 1673951))
	        ->  Bitmap Index Scan on sbtest1_pkey  (cost=0.00..34.91 rows=1047 width=0)
	              Index Cond: ((id >= 1672952) AND (id <= 1673951))

table 2 : explain SELECT c FROM sbtest2 WHERE id BETWEEN 8583922 AND 8584921 ORDER BY c
	Sort  (cost=3850.20..3852.65 rows=980 width=121)
	  Sort Key: c
	  ->  Bitmap Heap Scan on sbtest2  (cost=34.48..3801.51 rows=980 width=121)
	        Recheck Cond: ((id >= 8583922) AND (id <= 8584921))
	        ->  Bitmap Index Scan on sbtest2_pkey  (cost=0.00..34.23 rows=980 width=0)
	              Index Cond: ((id >= 8583922) AND (id <= 8584921))

table 3 : explain SELECT c FROM sbtest3 WHERE id BETWEEN 1504226 AND 1505225 ORDER BY c
	Sort  (cost=3906.52..3909.00 rows=994 width=121)
	  Sort Key: c
	  ->  Bitmap Heap Scan on sbtest3  (cost=34.62..3857.03 rows=994 width=121)
	        Recheck Cond: ((id >= 1504226) AND (id <= 1505225))
	        ->  Bitmap Index Scan on sbtest3_pkey  (cost=0.00..34.38 rows=994 width=0)
	              Index Cond: ((id >= 1504226) AND (id <= 1505225))

table 4 : explain SELECT c FROM sbtest4 WHERE id BETWEEN 54937 AND 55936 ORDER BY c
	Sort  (cost=4074.13..4076.72 rows=1037 width=121)
	  Sort Key: c
	  ->  Bitmap Heap Scan on sbtest4  (cost=35.06..4022.18 rows=1037 width=121)
	        Recheck Cond: ((id >= 54937) AND (id <= 55936))
	        ->  Bitmap Index Scan on sbtest4_pkey  (cost=0.00..34.81 rows=1037 width=0)
	              Index Cond: ((id >= 54937) AND (id <= 55936))

table 5 : explain SELECT c FROM sbtest5 WHERE id BETWEEN 9547103 AND 9548102 ORDER BY c
	Sort  (cost=3878.41..3880.88 rows=988 width=121)
	  Sort Key: c
	  ->  Bitmap Heap Scan on sbtest5  (cost=34.56..3829.26 rows=988 width=121)
	        Recheck Cond: ((id >= 9547103) AND (id <= 9548102))
	        ->  Bitmap Index Scan on sbtest5_pkey  (cost=0.00..34.32 rows=988 width=0)
	              Index Cond: ((id >= 9547103) AND (id <= 9548102))

table 6 : explain SELECT c FROM sbtest6 WHERE id BETWEEN 9707508 AND 9708507 ORDER BY c
	Sort  (cost=3904.16..3906.64 rows=994 width=121)
	  Sort Key: c
	  ->  Bitmap Heap Scan on sbtest6  (cost=34.62..3854.67 rows=994 width=121)
	        Recheck Cond: ((id >= 9707508) AND (id <= 9708507))
	        ->  Bitmap Index Scan on sbtest6_pkey  (cost=0.00..34.38 rows=994 width=0)
	              Index Cond: ((id >= 9707508) AND (id <= 9708507))

table 7 : explain SELECT c FROM sbtest7 WHERE id BETWEEN 677294 AND 678293 ORDER BY c
	Sort  (cost=4243.40..4246.10 rows=1081 width=121)
	  Sort Key: c
	  ->  Bitmap Heap Scan on sbtest7  (cost=35.52..4188.92 rows=1081 width=121)
	        Recheck Cond: ((id >= 677294) AND (id <= 678293))
	        ->  Bitmap Index Scan on sbtest7_pkey  (cost=0.00..35.25 rows=1081 width=0)
	              Index Cond: ((id >= 677294) AND (id <= 678293))

table 8 : explain SELECT c FROM sbtest8 WHERE id BETWEEN 1337697 AND 1338696 ORDER BY c
	Sort  (cost=4047.17..4049.72 rows=1020 width=121)
	  Sort Key: c
	  ->  Index Scan using sbtest8_pkey on sbtest8  (cost=0.43..3996.20 rows=1020 width=121)
	        Index Cond: ((id >= 1337697) AND (id <= 1338696))

for: order_ranges
table 1 : explain SELECT c FROM sbtest1 WHERE id BETWEEN 6270482 AND 6271481 ORDER BY c
	Sort  (cost=3923.91..3926.40 rows=999 width=121)
	  Sort Key: c
	  ->  Bitmap Heap Scan on sbtest1  (cost=34.67..3874.13 rows=999 width=121)
	        Recheck Cond: ((id >= 6270482) AND (id <= 6271481))
	        ->  Bitmap Index Scan on sbtest1_pkey  (cost=0.00..34.43 rows=999 width=0)
	              Index Cond: ((id >= 6270482) AND (id <= 6271481))

table 2 : explain SELECT c FROM sbtest2 WHERE id BETWEEN 5690597 AND 5691596 ORDER BY c
	Sort  (cost=3754.37..3756.76 rows=955 width=121)
	  Sort Key: c
	  ->  Bitmap Heap Scan on sbtest2  (cost=34.22..3707.10 rows=955 width=121)
	        Recheck Cond: ((id >= 5690597) AND (id <= 5691596))
	        ->  Bitmap Index Scan on sbtest2_pkey  (cost=0.00..33.98 rows=955 width=0)
	              Index Cond: ((id >= 5690597) AND (id <= 5691596))

table 3 : explain SELECT c FROM sbtest3 WHERE id BETWEEN 4793840 AND 4794839 ORDER BY c
	Sort  (cost=3749.23..3751.62 rows=953 width=121)
	  Sort Key: c
	  ->  Bitmap Heap Scan on sbtest3  (cost=34.20..3702.08 rows=953 width=121)
	        Recheck Cond: ((id >= 4793840) AND (id <= 4794839))
	        ->  Bitmap Index Scan on sbtest3_pkey  (cost=0.00..33.97 rows=953 width=0)
	              Index Cond: ((id >= 4793840) AND (id <= 4794839))

table 4 : explain SELECT c FROM sbtest4 WHERE id BETWEEN 2584228 AND 2585227 ORDER BY c
	Sort  (cost=3893.85..3896.33 rows=990 width=121)
	  Sort Key: c
	  ->  Bitmap Heap Scan on sbtest4  (cost=34.58..3844.59 rows=990 width=121)
	        Recheck Cond: ((id >= 2584228) AND (id <= 2585227))
	        ->  Bitmap Index Scan on sbtest4_pkey  (cost=0.00..34.34 rows=990 width=0)
	              Index Cond: ((id >= 2584228) AND (id <= 2585227))

table 5 : explain SELECT c FROM sbtest5 WHERE id BETWEEN 4978942 AND 4979941 ORDER BY c
	Sort  (cost=3977.86..3980.40 rows=1014 width=121)
	  Sort Key: c
	  ->  Bitmap Heap Scan on sbtest5  (cost=34.83..3927.23 rows=1014 width=121)
	        Recheck Cond: ((id >= 4978942) AND (id <= 4979941))
	        ->  Bitmap Index Scan on sbtest5_pkey  (cost=0.00..34.58 rows=1014 width=0)
	              Index Cond: ((id >= 4978942) AND (id <= 4979941))

table 6 : explain SELECT c FROM sbtest6 WHERE id BETWEEN 7786447 AND 7787446 ORDER BY c
	Sort  (cost=3992.22..3994.76 rows=1017 width=121)
	  Sort Key: c
	  ->  Bitmap Heap Scan on sbtest6  (cost=34.86..3941.42 rows=1017 width=121)
	        Recheck Cond: ((id >= 7786447) AND (id <= 7787446))
	        ->  Bitmap Index Scan on sbtest6_pkey  (cost=0.00..34.61 rows=1017 width=0)
	              Index Cond: ((id >= 7786447) AND (id <= 7787446))

table 7 : explain SELECT c FROM sbtest7 WHERE id BETWEEN 6428348 AND 6429347 ORDER BY c
	Sort  (cost=3940.56..3943.06 rows=1002 width=121)
	  Sort Key: c
	  ->  Bitmap Heap Scan on sbtest7  (cost=34.71..3890.62 rows=1002 width=121)
	        Recheck Cond: ((id >= 6428348) AND (id <= 6429347))
	        ->  Bitmap Index Scan on sbtest7_pkey  (cost=0.00..34.45 rows=1002 width=0)
	              Index Cond: ((id >= 6428348) AND (id <= 6429347))

table 8 : explain SELECT c FROM sbtest8 WHERE id BETWEEN 1279679 AND 1280678 ORDER BY c
	Sort  (cost=3904.81..3907.27 rows=984 width=121)
	  Sort Key: c
	  ->  Index Scan using sbtest8_pkey on sbtest8  (cost=0.43..3855.89 rows=984 width=121)
	        Index Cond: ((id >= 1279679) AND (id <= 1280678))

for: order_ranges
table 1 : explain SELECT c FROM sbtest1 WHERE id BETWEEN 3914423 AND 3915422 ORDER BY c
	Sort  (cost=4310.37..4313.12 rows=1099 width=121)
	  Sort Key: c
	  ->  Bitmap Heap Scan on sbtest1  (cost=39.70..4254.86 rows=1099 width=121)
	        Recheck Cond: ((id >= 3914423) AND (id <= 3915422))
	        ->  Bitmap Index Scan on sbtest1_pkey  (cost=0.00..39.43 rows=1099 width=0)
	              Index Cond: ((id >= 3914423) AND (id <= 3915422))

table 2 : explain SELECT c FROM sbtest2 WHERE id BETWEEN 5417850 AND 5418849 ORDER BY c
	Sort  (cost=3777.38..3779.78 rows=961 width=121)
	  Sort Key: c
	  ->  Bitmap Heap Scan on sbtest2  (cost=34.29..3729.77 rows=961 width=121)
	        Recheck Cond: ((id >= 5417850) AND (id <= 5418849))
	        ->  Bitmap Index Scan on sbtest2_pkey  (cost=0.00..34.05 rows=961 width=0)
	              Index Cond: ((id >= 5417850) AND (id <= 5418849))

table 3 : explain SELECT c FROM sbtest3 WHERE id BETWEEN 6598351 AND 6599350 ORDER BY c
	Sort  (cost=3630.18..3632.48 rows=922 width=121)
	  Sort Key: c
	  ->  Bitmap Heap Scan on sbtest3  (cost=33.89..3584.78 rows=922 width=121)
	        Recheck Cond: ((id >= 6598351) AND (id <= 6599350))
	        ->  Bitmap Index Scan on sbtest3_pkey  (cost=0.00..33.66 rows=922 width=0)
	              Index Cond: ((id >= 6598351) AND (id <= 6599350))

table 4 : explain SELECT c FROM sbtest4 WHERE id BETWEEN 3407677 AND 3408676 ORDER BY c
	Sort  (cost=4208.21..4210.89 rows=1072 width=121)
	  Sort Key: c
	  ->  Bitmap Heap Scan on sbtest4  (cost=35.42..4154.25 rows=1072 width=121)
	        Recheck Cond: ((id >= 3407677) AND (id <= 3408676))
	        ->  Bitmap Index Scan on sbtest4_pkey  (cost=0.00..35.16 rows=1072 width=0)
	              Index Cond: ((id >= 3407677) AND (id <= 3408676))

table 5 : explain SELECT c FROM sbtest5 WHERE id BETWEEN 3909392 AND 3910391 ORDER BY c
	Sort  (cost=3617.91..3620.21 rows=920 width=121)
	  Sort Key: c
	  ->  Bitmap Heap Scan on sbtest5  (cost=33.87..3572.62 rows=920 width=121)
	        Recheck Cond: ((id >= 3909392) AND (id <= 3910391))
	        ->  Bitmap Index Scan on sbtest5_pkey  (cost=0.00..33.64 rows=920 width=0)
	              Index Cond: ((id >= 3909392) AND (id <= 3910391))

table 6 : explain SELECT c FROM sbtest6 WHERE id BETWEEN 5210697 AND 5211696 ORDER BY c
	Sort  (cost=3635.75..3638.06 rows=924 width=121)
	  Sort Key: c
	  ->  Bitmap Heap Scan on sbtest6  (cost=33.91..3590.23 rows=924 width=121)
	        Recheck Cond: ((id >= 5210697) AND (id <= 5211696))
	        ->  Bitmap Index Scan on sbtest6_pkey  (cost=0.00..33.68 rows=924 width=0)
	              Index Cond: ((id >= 5210697) AND (id <= 5211696))

table 7 : explain SELECT c FROM sbtest7 WHERE id BETWEEN 8001086 AND 8002085 ORDER BY c
	Sort  (cost=3660.08..3662.41 rows=929 width=121)
	  Sort Key: c
	  ->  Bitmap Heap Scan on sbtest7  (cost=33.96..3614.29 rows=929 width=121)
	        Recheck Cond: ((id >= 8001086) AND (id <= 8002085))
	        ->  Bitmap Index Scan on sbtest7_pkey  (cost=0.00..33.73 rows=929 width=0)
	              Index Cond: ((id >= 8001086) AND (id <= 8002085))

table 8 : explain SELECT c FROM sbtest8 WHERE id BETWEEN 5262854 AND 5263853 ORDER BY c
	Sort  (cost=4314.41..4317.15 rows=1099 width=121)
	  Sort Key: c
	  ->  Bitmap Heap Scan on sbtest8  (cost=39.70..4258.90 rows=1099 width=121)
	        Recheck Cond: ((id >= 5262854) AND (id <= 5263853))
	        ->  Bitmap Index Scan on sbtest8_pkey  (cost=0.00..39.43 rows=1099 width=0)
	              Index Cond: ((id >= 5262854) AND (id <= 5263853))

for point_selects
table 1 : explain SELECT c FROM sbtest1 WHERE id=44930
	Index Scan using sbtest1_pkey on sbtest1  (cost=0.43..8.45 rows=1 width=121)
	  Index Cond: (id = 44930)

table 2 : explain SELECT c FROM sbtest2 WHERE id=2344239
	Index Scan using sbtest2_pkey on sbtest2  (cost=0.43..8.45 rows=1 width=121)
	  Index Cond: (id = 2344239)

table 3 : explain SELECT c FROM sbtest3 WHERE id=1955371
	Index Scan using sbtest3_pkey on sbtest3  (cost=0.43..8.45 rows=1 width=121)
	  Index Cond: (id = 1955371)

table 4 : explain SELECT c FROM sbtest4 WHERE id=4912131
	Index Scan using sbtest4_pkey on sbtest4  (cost=0.43..8.45 rows=1 width=121)
	  Index Cond: (id = 4912131)

table 5 : explain SELECT c FROM sbtest5 WHERE id=6057299
	Index Scan using sbtest5_pkey on sbtest5  (cost=0.43..8.45 rows=1 width=121)
	  Index Cond: (id = 6057299)

table 6 : explain SELECT c FROM sbtest6 WHERE id=3794749
	Index Scan using sbtest6_pkey on sbtest6  (cost=0.43..8.45 rows=1 width=121)
	  Index Cond: (id = 3794749)

table 7 : explain SELECT c FROM sbtest7 WHERE id=9569655
	Index Scan using sbtest7_pkey on sbtest7  (cost=0.43..8.45 rows=1 width=121)
	  Index Cond: (id = 9569655)

table 8 : explain SELECT c FROM sbtest8 WHERE id=46518
	Index Scan using sbtest8_pkey on sbtest8  (cost=0.43..8.45 rows=1 width=121)
	  Index Cond: (id = 46518)

for: distinct_ranges
table 1 : explain SELECT DISTINCT c FROM sbtest1 WHERE id BETWEEN 6988927 AND 6989926 ORDER BY c
	Unique  (cost=3824.27..3829.14 rows=973 width=121)
	  ->  Sort  (cost=3824.27..3826.71 rows=973 width=121)
	        Sort Key: c
	        ->  Bitmap Heap Scan on sbtest1  (cost=34.41..3775.98 rows=973 width=121)
	              Recheck Cond: ((id >= 6988927) AND (id <= 6989926))
	              ->  Bitmap Index Scan on sbtest1_pkey  (cost=0.00..34.17 rows=973 width=0)
	                    Index Cond: ((id >= 6988927) AND (id <= 6989926))

table 2 : explain SELECT DISTINCT c FROM sbtest2 WHERE id BETWEEN 6627171 AND 6628170 ORDER BY c
	Unique  (cost=4477.23..4482.95 rows=1144 width=121)
	  ->  Sort  (cost=4477.23..4480.09 rows=1144 width=121)
	        Sort Key: c
	        ->  Bitmap Heap Scan on sbtest2  (cost=40.16..4419.11 rows=1144 width=121)
	              Recheck Cond: ((id >= 6627171) AND (id <= 6628170))
	              ->  Bitmap Index Scan on sbtest2_pkey  (cost=0.00..39.88 rows=1144 width=0)
	                    Index Cond: ((id >= 6627171) AND (id <= 6628170))

table 3 : explain SELECT DISTINCT c FROM sbtest3 WHERE id BETWEEN 7115602 AND 7116601 ORDER BY c
	Unique  (cost=3860.50..3865.41 rows=982 width=121)
	  ->  Sort  (cost=3860.50..3862.96 rows=982 width=121)
	        Sort Key: c
	        ->  Bitmap Heap Scan on sbtest3  (cost=34.50..3811.70 rows=982 width=121)
	              Recheck Cond: ((id >= 7115602) AND (id <= 7116601))
	              ->  Bitmap Index Scan on sbtest3_pkey  (cost=0.00..34.26 rows=982 width=0)
	                    Index Cond: ((id >= 7115602) AND (id <= 7116601))

table 4 : explain SELECT DISTINCT c FROM sbtest4 WHERE id BETWEEN 9582545 AND 9583544 ORDER BY c
	Unique  (cost=4066.46..4071.63 rows=1035 width=121)
	  ->  Sort  (cost=4066.46..4069.05 rows=1035 width=121)
	        Sort Key: c
	        ->  Bitmap Heap Scan on sbtest4  (cost=35.04..4014.63 rows=1035 width=121)
	              Recheck Cond: ((id >= 9582545) AND (id <= 9583544))
	              ->  Bitmap Index Scan on sbtest4_pkey  (cost=0.00..34.79 rows=1035 width=0)
	                    Index Cond: ((id >= 9582545) AND (id <= 9583544))

table 5 : explain SELECT DISTINCT c FROM sbtest5 WHERE id BETWEEN 244485 AND 245484 ORDER BY c
	Unique  (cost=4172.71..4178.03 rows=1065 width=121)
	  ->  Sort  (cost=4172.71..4175.37 rows=1065 width=121)
	        Sort Key: c
	        ->  Bitmap Heap Scan on sbtest5  (cost=35.35..4119.16 rows=1065 width=121)
	              Recheck Cond: ((id >= 244485) AND (id <= 245484))
	              ->  Bitmap Index Scan on sbtest5_pkey  (cost=0.00..35.09 rows=1065 width=0)
	                    Index Cond: ((id >= 244485) AND (id <= 245484))

table 6 : explain SELECT DISTINCT c FROM sbtest6 WHERE id BETWEEN 3708882 AND 3709881 ORDER BY c
	Unique  (cost=4137.58..4142.85 rows=1055 width=121)
	  ->  Sort  (cost=4137.58..4140.21 rows=1055 width=121)
	        Sort Key: c
	        ->  Bitmap Heap Scan on sbtest6  (cost=35.25..4084.60 rows=1055 width=121)
	              Recheck Cond: ((id >= 3708882) AND (id <= 3709881))
	              ->  Bitmap Index Scan on sbtest6_pkey  (cost=0.00..34.98 rows=1055 width=0)
	                    Index Cond: ((id >= 3708882) AND (id <= 3709881))

table 7 : explain SELECT DISTINCT c FROM sbtest7 WHERE id BETWEEN 199750 AND 200749 ORDER BY c
	Unique  (cost=4120.81..4126.06 rows=1049 width=121)
	  ->  Sort  (cost=4120.81..4123.43 rows=1049 width=121)
	        Sort Key: c
	        ->  Bitmap Heap Scan on sbtest7  (cost=35.19..4068.18 rows=1049 width=121)
	              Recheck Cond: ((id >= 199750) AND (id <= 200749))
	              ->  Bitmap Index Scan on sbtest7_pkey  (cost=0.00..34.93 rows=1049 width=0)
	                    Index Cond: ((id >= 199750) AND (id <= 200749))

table 8 : explain SELECT DISTINCT c FROM sbtest8 WHERE id BETWEEN 1733209 AND 1734208 ORDER BY c
	Unique  (cost=3873.18..3878.06 rows=976 width=121)
	  ->  Sort  (cost=3873.18..3875.62 rows=976 width=121)
	        Sort Key: c
	        ->  Index Scan using sbtest8_pkey on sbtest8  (cost=0.43..3824.72 rows=976 width=121)
	              Index Cond: ((id >= 1733209) AND (id <= 1734208))

for: order_ranges
table 1 : explain SELECT c FROM sbtest1 WHERE id BETWEEN 5168887 AND 5169886 ORDER BY c
	Sort  (cost=3762.92..3765.31 rows=957 width=121)
	  Sort Key: c
	  ->  Bitmap Heap Scan on sbtest1  (cost=34.24..3715.54 rows=957 width=121)
	        Recheck Cond: ((id >= 5168887) AND (id <= 5169886))
	        ->  Bitmap Index Scan on sbtest1_pkey  (cost=0.00..34.01 rows=957 width=0)
	              Index Cond: ((id >= 5168887) AND (id <= 5169886))

table 2 : explain SELECT c FROM sbtest2 WHERE id BETWEEN 1562122 AND 1563121 ORDER BY c
	Sort  (cost=4133.39..4136.03 rows=1054 width=121)
	  Sort Key: c
	  ->  Bitmap Heap Scan on sbtest2  (cost=35.24..4080.47 rows=1054 width=121)
	        Recheck Cond: ((id >= 1562122) AND (id <= 1563121))
	        ->  Bitmap Index Scan on sbtest2_pkey  (cost=0.00..34.98 rows=1054 width=0)
	              Index Cond: ((id >= 1562122) AND (id <= 1563121))

table 3 : explain SELECT c FROM sbtest3 WHERE id BETWEEN 4965567 AND 4966566 ORDER BY c
	Sort  (cost=4143.99..4146.63 rows=1056 width=121)
	  Sort Key: c
	  ->  Bitmap Heap Scan on sbtest3  (cost=35.26..4090.95 rows=1056 width=121)
	        Recheck Cond: ((id >= 4965567) AND (id <= 4966566))
	        ->  Bitmap Index Scan on sbtest3_pkey  (cost=0.00..35.00 rows=1056 width=0)
	              Index Cond: ((id >= 4965567) AND (id <= 4966566))

table 4 : explain SELECT c FROM sbtest4 WHERE id BETWEEN 7306185 AND 7307184 ORDER BY c
	Sort  (cost=4146.93..4149.57 rows=1056 width=121)
	  Sort Key: c
	  ->  Bitmap Heap Scan on sbtest4  (cost=35.26..4093.90 rows=1056 width=121)
	        Recheck Cond: ((id >= 7306185) AND (id <= 7307184))
	        ->  Bitmap Index Scan on sbtest4_pkey  (cost=0.00..35.00 rows=1056 width=0)
	              Index Cond: ((id >= 7306185) AND (id <= 7307184))

table 5 : explain SELECT c FROM sbtest5 WHERE id BETWEEN 9017595 AND 9018594 ORDER BY c
	Sort  (cost=4218.51..4221.20 rows=1077 width=121)
	  Sort Key: c
	  ->  Bitmap Heap Scan on sbtest5  (cost=35.47..4164.27 rows=1077 width=121)
	        Recheck Cond: ((id >= 9017595) AND (id <= 9018594))
	        ->  Bitmap Index Scan on sbtest5_pkey  (cost=0.00..35.20 rows=1077 width=0)
	              Index Cond: ((id >= 9017595) AND (id <= 9018594))

table 6 : explain SELECT c FROM sbtest6 WHERE id BETWEEN 7966608 AND 7967607 ORDER BY c
	Sort  (cost=4061.09..4063.68 rows=1035 width=121)
	  Sort Key: c
	  ->  Bitmap Heap Scan on sbtest6  (cost=35.04..4009.26 rows=1035 width=121)
	        Recheck Cond: ((id >= 7966608) AND (id <= 7967607))
	        ->  Bitmap Index Scan on sbtest6_pkey  (cost=0.00..34.79 rows=1035 width=0)
	              Index Cond: ((id >= 7966608) AND (id <= 7967607))

table 7 : explain SELECT c FROM sbtest7 WHERE id BETWEEN 3117666 AND 3118665 ORDER BY c
	Sort  (cost=3932.88..3935.38 rows=1000 width=121)
	  Sort Key: c
	  ->  Bitmap Heap Scan on sbtest7  (cost=34.69..3883.05 rows=1000 width=121)
	        Recheck Cond: ((id >= 3117666) AND (id <= 3118665))
	        ->  Bitmap Index Scan on sbtest7_pkey  (cost=0.00..34.44 rows=1000 width=0)
	              Index Cond: ((id >= 3117666) AND (id <= 3118665))

table 8 : explain SELECT c FROM sbtest8 WHERE id BETWEEN 2842765 AND 2843764 ORDER BY c
	Sort  (cost=3865.27..3867.71 rows=974 width=121)
	  Sort Key: c
	  ->  Index Scan using sbtest8_pkey on sbtest8  (cost=0.43..3816.92 rows=974 width=121)
	        Index Cond: ((id >= 2842765) AND (id <= 2843764))

for: order_ranges
table 1 : explain SELECT c FROM sbtest1 WHERE id BETWEEN 490831 AND 491830 ORDER BY c
	Sort  (cost=3935.40..3937.90 rows=1002 width=121)
	  Sort Key: c
	  ->  Bitmap Heap Scan on sbtest1  (cost=34.71..3885.45 rows=1002 width=121)
	        Recheck Cond: ((id >= 490831) AND (id <= 491830))
	        ->  Bitmap Index Scan on sbtest1_pkey  (cost=0.00..34.45 rows=1002 width=0)
	              Index Cond: ((id >= 490831) AND (id <= 491830))

table 2 : explain SELECT c FROM sbtest2 WHERE id BETWEEN 3044076 AND 3045075 ORDER BY c
	Sort  (cost=3957.43..3959.95 rows=1008 width=121)
	  Sort Key: c
	  ->  Bitmap Heap Scan on sbtest2  (cost=34.77..3907.14 rows=1008 width=121)
	        Recheck Cond: ((id >= 3044076) AND (id <= 3045075))
	        ->  Bitmap Index Scan on sbtest2_pkey  (cost=0.00..34.52 rows=1008 width=0)
	              Index Cond: ((id >= 3044076) AND (id <= 3045075))

table 3 : explain SELECT c FROM sbtest3 WHERE id BETWEEN 317341 AND 318340 ORDER BY c
	Sort  (cost=4159.29..4161.94 rows=1060 width=121)
	  Sort Key: c
	  ->  Bitmap Heap Scan on sbtest3  (cost=35.30..4106.03 rows=1060 width=121)
	        Recheck Cond: ((id >= 317341) AND (id <= 318340))
	        ->  Bitmap Index Scan on sbtest3_pkey  (cost=0.00..35.04 rows=1060 width=0)
	              Index Cond: ((id >= 317341) AND (id <= 318340))

table 4 : explain SELECT c FROM sbtest4 WHERE id BETWEEN 4470563 AND 4471562 ORDER BY c
	Sort  (cost=3509.29..3511.51 rows=891 width=121)
	  Sort Key: c
	  ->  Bitmap Heap Scan on sbtest4  (cost=29.57..3465.63 rows=891 width=121)
	        Recheck Cond: ((id >= 4470563) AND (id <= 4471562))
	        ->  Bitmap Index Scan on sbtest4_pkey  (cost=0.00..29.34 rows=891 width=0)
	              Index Cond: ((id >= 4470563) AND (id <= 4471562))

table 5 : explain SELECT c FROM sbtest5 WHERE id BETWEEN 6254512 AND 6255511 ORDER BY c
	Sort  (cost=3981.68..3984.22 rows=1015 width=121)
	  Sort Key: c
	  ->  Bitmap Heap Scan on sbtest5  (cost=34.84..3931.00 rows=1015 width=121)
	        Recheck Cond: ((id >= 6254512) AND (id <= 6255511))
	        ->  Bitmap Index Scan on sbtest5_pkey  (cost=0.00..34.59 rows=1015 width=0)
	              Index Cond: ((id >= 6254512) AND (id <= 6255511))

table 6 : explain SELECT c FROM sbtest6 WHERE id BETWEEN 7130235 AND 7131234 ORDER BY c
	Sort  (cost=3570.31..3572.58 rows=908 width=121)
	  Sort Key: c
	  ->  Bitmap Heap Scan on sbtest6  (cost=29.74..3525.70 rows=908 width=121)
	        Recheck Cond: ((id >= 7130235) AND (id <= 7131234))
	        ->  Bitmap Index Scan on sbtest6_pkey  (cost=0.00..29.51 rows=908 width=0)
	              Index Cond: ((id >= 7130235) AND (id <= 7131234))

table 7 : explain SELECT c FROM sbtest7 WHERE id BETWEEN 485465 AND 486464 ORDER BY c
	Sort  (cost=4446.35..4449.19 rows=1133 width=121)
	  Sort Key: c
	  ->  Bitmap Heap Scan on sbtest7  (cost=40.05..4388.88 rows=1133 width=121)
	        Recheck Cond: ((id >= 485465) AND (id <= 486464))
	        ->  Bitmap Index Scan on sbtest7_pkey  (cost=0.00..39.77 rows=1133 width=0)
	              Index Cond: ((id >= 485465) AND (id <= 486464))

table 8 : explain SELECT c FROM sbtest8 WHERE id BETWEEN 3309017 AND 3310016 ORDER BY c
	Sort  (cost=3885.04..3887.49 rows=979 width=121)
	  Sort Key: c
	  ->  Index Scan using sbtest8_pkey on sbtest8  (cost=0.43..3836.41 rows=979 width=121)
	        Index Cond: ((id >= 3309017) AND (id <= 3310016))

for point_selects
table 1 : explain SELECT c FROM sbtest1 WHERE id=6078766
	Index Scan using sbtest1_pkey on sbtest1  (cost=0.43..8.45 rows=1 width=121)
	  Index Cond: (id = 6078766)

table 2 : explain SELECT c FROM sbtest2 WHERE id=1258970
	Index Scan using sbtest2_pkey on sbtest2  (cost=0.43..8.45 rows=1 width=121)
	  Index Cond: (id = 1258970)

table 3 : explain SELECT c FROM sbtest3 WHERE id=7227450
	Index Scan using sbtest3_pkey on sbtest3  (cost=0.43..8.45 rows=1 width=121)
	  Index Cond: (id = 7227450)

table 4 : explain SELECT c FROM sbtest4 WHERE id=8256385
	Index Scan using sbtest4_pkey on sbtest4  (cost=0.43..8.45 rows=1 width=121)
	  Index Cond: (id = 8256385)

table 5 : explain SELECT c FROM sbtest5 WHERE id=1191413
	Index Scan using sbtest5_pkey on sbtest5  (cost=0.43..8.45 rows=1 width=121)
	  Index Cond: (id = 1191413)

table 6 : explain SELECT c FROM sbtest6 WHERE id=5346283
	Index Scan using sbtest6_pkey on sbtest6  (cost=0.43..8.45 rows=1 width=121)
	  Index Cond: (id = 5346283)

table 7 : explain SELECT c FROM sbtest7 WHERE id=4330575
	Index Scan using sbtest7_pkey on sbtest7  (cost=0.43..8.45 rows=1 width=121)
	  Index Cond: (id = 4330575)

table 8 : explain SELECT c FROM sbtest8 WHERE id=1574917
	Index Scan using sbtest8_pkey on sbtest8  (cost=0.43..8.45 rows=1 width=121)
	  Index Cond: (id = 1574917)

for: distinct_ranges
table 1 : explain SELECT DISTINCT c FROM sbtest1 WHERE id BETWEEN 6526164 AND 6527163 ORDER BY c
	Unique  (cost=4363.82..4369.39 rows=1113 width=121)
	  ->  Sort  (cost=4363.82..4366.61 rows=1113 width=121)
	        Sort Key: c
	        ->  Bitmap Heap Scan on sbtest1  (cost=39.84..4307.50 rows=1113 width=121)
	              Recheck Cond: ((id >= 6526164) AND (id <= 6527163))
	              ->  Bitmap Index Scan on sbtest1_pkey  (cost=0.00..39.57 rows=1113 width=0)
	                    Index Cond: ((id >= 6526164) AND (id <= 6527163))

table 2 : explain SELECT DISTINCT c FROM sbtest2 WHERE id BETWEEN 3206078 AND 3207077 ORDER BY c
	Unique  (cost=3838.70..3843.59 rows=977 width=121)
	  ->  Sort  (cost=3838.70..3841.14 rows=977 width=121)
	        Sort Key: c
	        ->  Bitmap Heap Scan on sbtest2  (cost=34.45..3790.18 rows=977 width=121)
	              Recheck Cond: ((id >= 3206078) AND (id <= 3207077))
	              ->  Bitmap Index Scan on sbtest2_pkey  (cost=0.00..34.20 rows=977 width=0)
	                    Index Cond: ((id >= 3206078) AND (id <= 3207077))

table 3 : explain SELECT DISTINCT c FROM sbtest3 WHERE id BETWEEN 4210526 AND 4211525 ORDER BY c
	Unique  (cost=3818.31..3823.16 rows=971 width=121)
	  ->  Sort  (cost=3818.31..3820.74 rows=971 width=121)
	        Sort Key: c
	        ->  Bitmap Heap Scan on sbtest3  (cost=34.39..3770.13 rows=971 width=121)
	              Recheck Cond: ((id >= 4210526) AND (id <= 4211525))
	              ->  Bitmap Index Scan on sbtest3_pkey  (cost=0.00..34.15 rows=971 width=0)
	                    Index Cond: ((id >= 4210526) AND (id <= 4211525))

table 4 : explain SELECT DISTINCT c FROM sbtest4 WHERE id BETWEEN 375063 AND 376062 ORDER BY c
	Unique  (cost=3951.41..3956.44 rows=1005 width=121)
	  ->  Sort  (cost=3951.41..3953.93 rows=1005 width=121)
	        Sort Key: c
	        ->  Bitmap Heap Scan on sbtest4  (cost=34.74..3901.30 rows=1005 width=121)
	              Recheck Cond: ((id >= 375063) AND (id <= 376062))
	              ->  Bitmap Index Scan on sbtest4_pkey  (cost=0.00..34.48 rows=1005 width=0)
	                    Index Cond: ((id >= 375063) AND (id <= 376062))

table 5 : explain SELECT DISTINCT c FROM sbtest5 WHERE id BETWEEN 2419243 AND 2420242 ORDER BY c
	Unique  (cost=4054.31..4059.48 rows=1034 width=121)
	  ->  Sort  (cost=4054.31..4056.89 rows=1034 width=121)
	        Sort Key: c
	        ->  Bitmap Heap Scan on sbtest5  (cost=35.03..4002.54 rows=1034 width=121)
	              Recheck Cond: ((id >= 2419243) AND (id <= 2420242))
	              ->  Bitmap Index Scan on sbtest5_pkey  (cost=0.00..34.78 rows=1034 width=0)
	                    Index Cond: ((id >= 2419243) AND (id <= 2420242))

table 6 : explain SELECT DISTINCT c FROM sbtest6 WHERE id BETWEEN 2104853 AND 2105852 ORDER BY c
	Unique  (cost=4156.69..4161.99 rows=1060 width=121)
	  ->  Sort  (cost=4156.69..4159.34 rows=1060 width=121)
	        Sort Key: c
	        ->  Bitmap Heap Scan on sbtest6  (cost=35.30..4103.43 rows=1060 width=121)
	              Recheck Cond: ((id >= 2104853) AND (id <= 2105852))
	              ->  Bitmap Index Scan on sbtest6_pkey  (cost=0.00..35.04 rows=1060 width=0)
	                    Index Cond: ((id >= 2104853) AND (id <= 2105852))

table 7 : explain SELECT DISTINCT c FROM sbtest7 WHERE id BETWEEN 6987198 AND 6988197 ORDER BY c
	Unique  (cost=4396.64..4402.24 rows=1120 width=121)
	  ->  Sort  (cost=4396.64..4399.44 rows=1120 width=121)
	        Sort Key: c
	        ->  Bitmap Heap Scan on sbtest7  (cost=39.92..4339.92 rows=1120 width=121)
	              Recheck Cond: ((id >= 6987198) AND (id <= 6988197))
	              ->  Bitmap Index Scan on sbtest7_pkey  (cost=0.00..39.64 rows=1120 width=0)
	                    Index Cond: ((id >= 6987198) AND (id <= 6988197))

table 8 : explain SELECT DISTINCT c FROM sbtest8 WHERE id BETWEEN 3951789 AND 3952788 ORDER BY c
	Unique  (cost=4264.51..4269.94 rows=1087 width=121)
	  ->  Sort  (cost=4264.51..4267.22 rows=1087 width=121)
	        Sort Key: c
	        ->  Bitmap Heap Scan on sbtest8  (cost=35.58..4209.69 rows=1087 width=121)
	              Recheck Cond: ((id >= 3951789) AND (id <= 3952788))
	              ->  Bitmap Index Scan on sbtest8_pkey  (cost=0.00..35.31 rows=1087 width=0)
	                    Index Cond: ((id >= 3951789) AND (id <= 3952788))

for: simple_ranges
table 1 : explain SELECT c FROM sbtest1 WHERE id BETWEEN 9824550 AND 9825549
	Bitmap Heap Scan on sbtest1  (cost=34.21..3704.20 rows=954 width=121)
	  Recheck Cond: ((id >= 9824550) AND (id <= 9825549))
	  ->  Bitmap Index Scan on sbtest1_pkey  (cost=0.00..33.98 rows=954 width=0)
	        Index Cond: ((id >= 9824550) AND (id <= 9825549))

table 2 : explain SELECT c FROM sbtest2 WHERE id BETWEEN 707204 AND 708203
	Bitmap Heap Scan on sbtest2  (cost=35.18..4057.88 rows=1048 width=121)
	  Recheck Cond: ((id >= 707204) AND (id <= 708203))
	  ->  Bitmap Index Scan on sbtest2_pkey  (cost=0.00..34.92 rows=1048 width=0)
	        Index Cond: ((id >= 707204) AND (id <= 708203))

table 3 : explain SELECT c FROM sbtest3 WHERE id BETWEEN 1828717 AND 1829716
	Bitmap Heap Scan on sbtest3  (cost=35.48..4173.84 rows=1078 width=121)
	  Recheck Cond: ((id >= 1828717) AND (id <= 1829716))
	  ->  Bitmap Index Scan on sbtest3_pkey  (cost=0.00..35.22 rows=1078 width=0)
	        Index Cond: ((id >= 1828717) AND (id <= 1829716))

table 4 : explain SELECT c FROM sbtest4 WHERE id BETWEEN 8047509 AND 8048508
	Bitmap Heap Scan on sbtest4  (cost=39.83..4309.01 rows=1112 width=121)
	  Recheck Cond: ((id >= 8047509) AND (id <= 8048508))
	  ->  Bitmap Index Scan on sbtest4_pkey  (cost=0.00..39.56 rows=1112 width=0)
	        Index Cond: ((id >= 8047509) AND (id <= 8048508))

table 5 : explain SELECT c FROM sbtest5 WHERE id BETWEEN 8645489 AND 8646488
	Bitmap Heap Scan on sbtest5  (cost=34.52..3814.18 rows=984 width=121)
	  Recheck Cond: ((id >= 8645489) AND (id <= 8646488))
	  ->  Bitmap Index Scan on sbtest5_pkey  (cost=0.00..34.28 rows=984 width=0)
	        Index Cond: ((id >= 8645489) AND (id <= 8646488))

table 6 : explain SELECT c FROM sbtest6 WHERE id BETWEEN 1243731 AND 1244730
	Bitmap Heap Scan on sbtest6  (cost=40.05..4378.21 rows=1133 width=121)
	  Recheck Cond: ((id >= 1243731) AND (id <= 1244730))
	  ->  Bitmap Index Scan on sbtest6_pkey  (cost=0.00..39.77 rows=1133 width=0)
	        Index Cond: ((id >= 1243731) AND (id <= 1244730))

table 7 : explain SELECT c FROM sbtest7 WHERE id BETWEEN 11825 AND 12824
	Bitmap Heap Scan on sbtest7  (cost=35.42..4154.98 rows=1072 width=121)
	  Recheck Cond: ((id >= 11825) AND (id <= 12824))
	  ->  Bitmap Index Scan on sbtest7_pkey  (cost=0.00..35.16 rows=1072 width=0)
	        Index Cond: ((id >= 11825) AND (id <= 12824))

table 8 : explain SELECT c FROM sbtest8 WHERE id BETWEEN 8085663 AND 8086662
	Index Scan using sbtest8_pkey on sbtest8  (cost=0.43..3914.37 rows=999 width=121)
	  Index Cond: ((id >= 8085663) AND (id <= 8086662))

for: distinct_ranges
table 1 : explain SELECT DISTINCT c FROM sbtest1 WHERE id BETWEEN 1698997 AND 1699996 ORDER BY c
	Unique  (cost=4107.63..4112.87 rows=1047 width=121)
	  ->  Sort  (cost=4107.63..4110.25 rows=1047 width=121)
	        Sort Key: c
	        ->  Bitmap Heap Scan on sbtest1  (cost=35.17..4055.12 rows=1047 width=121)
	              Recheck Cond: ((id >= 1698997) AND (id <= 1699996))
	              ->  Bitmap Index Scan on sbtest1_pkey  (cost=0.00..34.91 rows=1047 width=0)
	                    Index Cond: ((id >= 1698997) AND (id <= 1699996))

table 2 : explain SELECT DISTINCT c FROM sbtest2 WHERE id BETWEEN 6560935 AND 6561934 ORDER BY c
	Unique  (cost=4477.23..4482.95 rows=1144 width=121)
	  ->  Sort  (cost=4477.23..4480.09 rows=1144 width=121)
	        Sort Key: c
	        ->  Bitmap Heap Scan on sbtest2  (cost=40.16..4419.11 rows=1144 width=121)
	              Recheck Cond: ((id >= 6560935) AND (id <= 6561934))
	              ->  Bitmap Index Scan on sbtest2_pkey  (cost=0.00..39.88 rows=1144 width=0)
	                    Index Cond: ((id >= 6560935) AND (id <= 6561934))

table 3 : explain SELECT DISTINCT c FROM sbtest3 WHERE id BETWEEN 4982905 AND 4983904 ORDER BY c
	Unique  (cost=4143.99..4149.27 rows=1056 width=121)
	  ->  Sort  (cost=4143.99..4146.63 rows=1056 width=121)
	        Sort Key: c
	        ->  Bitmap Heap Scan on sbtest3  (cost=35.26..4090.95 rows=1056 width=121)
	              Recheck Cond: ((id >= 4982905) AND (id <= 4983904))
	              ->  Bitmap Index Scan on sbtest3_pkey  (cost=0.00..35.00 rows=1056 width=0)
	                    Index Cond: ((id >= 4982905) AND (id <= 4983904))

table 4 : explain SELECT DISTINCT c FROM sbtest4 WHERE id BETWEEN 3585972 AND 3586971 ORDER BY c
	Unique  (cost=3794.02..3798.84 rows=964 width=121)
	  ->  Sort  (cost=3794.02..3796.43 rows=964 width=121)
	        Sort Key: c
	        ->  Bitmap Heap Scan on sbtest4  (cost=34.32..3746.24 rows=964 width=121)
	              Recheck Cond: ((id >= 3585972) AND (id <= 3586971))
	              ->  Bitmap Index Scan on sbtest4_pkey  (cost=0.00..34.08 rows=964 width=0)
	                    Index Cond: ((id >= 3585972) AND (id <= 3586971))

table 5 : explain SELECT DISTINCT c FROM sbtest5 WHERE id BETWEEN 6808733 AND 6809732 ORDER BY c
	Unique  (cost=3943.44..3948.47 rows=1005 width=121)
	  ->  Sort  (cost=3943.44..3945.96 rows=1005 width=121)
	        Sort Key: c
	        ->  Bitmap Heap Scan on sbtest5  (cost=34.74..3893.33 rows=1005 width=121)
	              Recheck Cond: ((id >= 6808733) AND (id <= 6809732))
	              ->  Bitmap Index Scan on sbtest5_pkey  (cost=0.00..34.48 rows=1005 width=0)
	                    Index Cond: ((id >= 6808733) AND (id <= 6809732))

table 6 : explain SELECT DISTINCT c FROM sbtest6 WHERE id BETWEEN 5684267 AND 5685266 ORDER BY c
	Unique  (cost=3927.13..3932.13 rows=1000 width=121)
	  ->  Sort  (cost=3927.13..3929.63 rows=1000 width=121)
	        Sort Key: c
	        ->  Bitmap Heap Scan on sbtest6  (cost=34.69..3877.31 rows=1000 width=121)
	              Recheck Cond: ((id >= 5684267) AND (id <= 5685266))
	              ->  Bitmap Index Scan on sbtest6_pkey  (cost=0.00..34.44 rows=1000 width=0)
	                    Index Cond: ((id >= 5684267) AND (id <= 5685266))

table 7 : explain SELECT DISTINCT c FROM sbtest7 WHERE id BETWEEN 4180762 AND 4181761 ORDER BY c
	Unique  (cost=4373.69..4379.26 rows=1114 width=121)
	  ->  Sort  (cost=4373.69..4376.48 rows=1114 width=121)
	        Sort Key: c
	        ->  Bitmap Heap Scan on sbtest7  (cost=39.85..4317.31 rows=1114 width=121)
	              Recheck Cond: ((id >= 4180762) AND (id <= 4181761))
	              ->  Bitmap Index Scan on sbtest7_pkey  (cost=0.00..39.58 rows=1114 width=0)
	                    Index Cond: ((id >= 4180762) AND (id <= 4181761))

table 8 : explain SELECT DISTINCT c FROM sbtest8 WHERE id BETWEEN 7598128 AND 7599127 ORDER BY c
	Unique  (cost=3845.50..3850.35 rows=969 width=121)
	  ->  Sort  (cost=3845.50..3847.93 rows=969 width=121)
	        Sort Key: c
	        ->  Index Scan using sbtest8_pkey on sbtest8  (cost=0.43..3797.44 rows=969 width=121)
	              Index Cond: ((id >= 7598128) AND (id <= 7599127))

explain: for point_selects :: explain SELECT c FROM sbtest%u WHERE id=%u
explain: for point_selects :: explain SELECT c FROM sbtest%u WHERE id=%u
for: distinct_ranges
table 1 : explain SELECT DISTINCT c FROM sbtest1 WHERE id BETWEEN 5899507 AND 5900506 ORDER BY c
	Unique  (cost=4038.77..4043.91 rows=1029 width=121)
	  ->  Sort  (cost=4038.77..4041.34 rows=1029 width=121)
	        Sort Key: c
	        ->  Bitmap Heap Scan on sbtest1  (cost=34.98..3987.28 rows=1029 width=121)
	              Recheck Cond: ((id >= 5899507) AND (id <= 5900506))
	              ->  Bitmap Index Scan on sbtest1_pkey  (cost=0.00..34.73 rows=1029 width=0)
	                    Index Cond: ((id >= 5899507) AND (id <= 5900506))

table 2 : explain SELECT DISTINCT c FROM sbtest2 WHERE id BETWEEN 9449308 AND 9450307 ORDER BY c
	Unique  (cost=3965.08..3970.13 rows=1010 width=121)
	  ->  Sort  (cost=3965.08..3967.61 rows=1010 width=121)
	        Sort Key: c
	        ->  Bitmap Heap Scan on sbtest2  (cost=34.79..3914.68 rows=1010 width=121)
	              Recheck Cond: ((id >= 9449308) AND (id <= 9450307))
	              ->  Bitmap Index Scan on sbtest2_pkey  (cost=0.00..34.54 rows=1010 width=0)
	                    Index Cond: ((id >= 9449308) AND (id <= 9450307))

table 3 : explain SELECT DISTINCT c FROM sbtest3 WHERE id BETWEEN 5326389 AND 5327388 ORDER BY c
	Unique  (cost=4354.45..4360.00 rows=1110 width=121)
	  ->  Sort  (cost=4354.45..4357.23 rows=1110 width=121)
	        Sort Key: c
	        ->  Bitmap Heap Scan on sbtest3  (cost=39.81..4298.31 rows=1110 width=121)
	              Recheck Cond: ((id >= 5326389) AND (id <= 5327388))
	              ->  Bitmap Index Scan on sbtest3_pkey  (cost=0.00..39.54 rows=1110 width=0)
	                    Index Cond: ((id >= 5326389) AND (id <= 5327388))

table 4 : explain SELECT DISTINCT c FROM sbtest4 WHERE id BETWEEN 6156651 AND 6157650 ORDER BY c
	Unique  (cost=3863.14..3868.05 rows=982 width=121)
	  ->  Sort  (cost=3863.14..3865.60 rows=982 width=121)
	        Sort Key: c
	        ->  Bitmap Heap Scan on sbtest4  (cost=34.50..3814.34 rows=982 width=121)
	              Recheck Cond: ((id >= 6156651) AND (id <= 6157650))
	              ->  Bitmap Index Scan on sbtest4_pkey  (cost=0.00..34.26 rows=982 width=0)
	                    Index Cond: ((id >= 6156651) AND (id <= 6157650))

table 5 : explain SELECT DISTINCT c FROM sbtest5 WHERE id BETWEEN 4933885 AND 4934884 ORDER BY c
	Unique  (cost=3977.86..3982.93 rows=1014 width=121)
	  ->  Sort  (cost=3977.86..3980.40 rows=1014 width=121)
	        Sort Key: c
	        ->  Bitmap Heap Scan on sbtest5  (cost=34.83..3927.23 rows=1014 width=121)
	              Recheck Cond: ((id >= 4933885) AND (id <= 4934884))
	              ->  Bitmap Index Scan on sbtest5_pkey  (cost=0.00..34.58 rows=1014 width=0)
	                    Index Cond: ((id >= 4933885) AND (id <= 4934884))

table 6 : explain SELECT DISTINCT c FROM sbtest6 WHERE id BETWEEN 1003169 AND 1004168 ORDER BY c
	Unique  (cost=3735.51..3740.26 rows=950 width=121)
	  ->  Sort  (cost=3735.51..3737.89 rows=950 width=121)
	        Sort Key: c
	        ->  Bitmap Heap Scan on sbtest6  (cost=34.17..3688.52 rows=950 width=121)
	              Recheck Cond: ((id >= 1003169) AND (id <= 1004168))
	              ->  Bitmap Index Scan on sbtest6_pkey  (cost=0.00..33.94 rows=950 width=0)
	                    Index Cond: ((id >= 1003169) AND (id <= 1004168))

table 7 : explain SELECT DISTINCT c FROM sbtest7 WHERE id BETWEEN 6527691 AND 6528690 ORDER BY c
	Unique  (cost=4511.33..4517.08 rows=1150 width=121)
	  ->  Sort  (cost=4511.33..4514.21 rows=1150 width=121)
	        Sort Key: c
	        ->  Bitmap Heap Scan on sbtest7  (cost=40.22..4452.87 rows=1150 width=121)
	              Recheck Cond: ((id >= 6527691) AND (id <= 6528690))
	              ->  Bitmap Index Scan on sbtest7_pkey  (cost=0.00..39.94 rows=1150 width=0)
	                    Index Cond: ((id >= 6527691) AND (id <= 6528690))

table 8 : explain SELECT DISTINCT c FROM sbtest8 WHERE id BETWEEN 9797976 AND 9798975 ORDER BY c
	Unique  (cost=3414.46..3418.77 rows=861 width=121)
	  ->  Sort  (cost=3414.46..3416.61 rows=861 width=121)
	        Sort Key: c
	        ->  Index Scan using sbtest8_pkey on sbtest8  (cost=0.43..3372.49 rows=861 width=121)
	              Index Cond: ((id >= 9797976) AND (id <= 9798975))

explain: for point_selects :: explain SELECT c FROM sbtest%u WHERE id=%u
for: order_ranges
table 1 : explain SELECT c FROM sbtest1 WHERE id BETWEEN 6251835 AND 6252834 ORDER BY c
	Sort  (cost=3923.91..3926.40 rows=999 width=121)
	  Sort Key: c
	  ->  Bitmap Heap Scan on sbtest1  (cost=34.67..3874.13 rows=999 width=121)
	        Recheck Cond: ((id >= 6251835) AND (id <= 6252834))
	        ->  Bitmap Index Scan on sbtest1_pkey  (cost=0.00..34.43 rows=999 width=0)
	              Index Cond: ((id >= 6251835) AND (id <= 6252834))

table 2 : explain SELECT c FROM sbtest2 WHERE id BETWEEN 7364725 AND 7365724 ORDER BY c
	Sort  (cost=4056.92..4059.50 rows=1034 width=121)
	  Sort Key: c
	  ->  Bitmap Heap Scan on sbtest2  (cost=35.03..4005.14 rows=1034 width=121)
	        Recheck Cond: ((id >= 7364725) AND (id <= 7365724))
	        ->  Bitmap Index Scan on sbtest2_pkey  (cost=0.00..34.78 rows=1034 width=0)
	              Index Cond: ((id >= 7364725) AND (id <= 7365724))

table 3 : explain SELECT c FROM sbtest3 WHERE id BETWEEN 2729162 AND 2730161 ORDER BY c
	Sort  (cost=4055.94..4058.53 rows=1033 width=121)
	  Sort Key: c
	  ->  Bitmap Heap Scan on sbtest3  (cost=35.02..4004.23 rows=1033 width=121)
	        Recheck Cond: ((id >= 2729162) AND (id <= 2730161))
	        ->  Bitmap Index Scan on sbtest3_pkey  (cost=0.00..34.77 rows=1033 width=0)
	              Index Cond: ((id >= 2729162) AND (id <= 2730161))

table 4 : explain SELECT c FROM sbtest4 WHERE id BETWEEN 9526231 AND 9527230 ORDER BY c
	Sort  (cost=4066.46..4069.05 rows=1035 width=121)
	  Sort Key: c
	  ->  Bitmap Heap Scan on sbtest4  (cost=35.04..4014.63 rows=1035 width=121)
	        Recheck Cond: ((id >= 9526231) AND (id <= 9527230))
	        ->  Bitmap Index Scan on sbtest4_pkey  (cost=0.00..34.79 rows=1035 width=0)
	              Index Cond: ((id >= 9526231) AND (id <= 9527230))

table 5 : explain SELECT c FROM sbtest5 WHERE id BETWEEN 1223440 AND 1224439 ORDER BY c
	Sort  (cost=3886.06..3888.54 rows=990 width=121)
	  Sort Key: c
	  ->  Bitmap Heap Scan on sbtest5  (cost=34.58..3836.80 rows=990 width=121)
	        Recheck Cond: ((id >= 1223440) AND (id <= 1224439))
	        ->  Bitmap Index Scan on sbtest5_pkey  (cost=0.00..34.34 rows=990 width=0)
	              Index Cond: ((id >= 1223440) AND (id <= 1224439))

table 6 : explain SELECT c FROM sbtest6 WHERE id BETWEEN 9845491 AND 9846490 ORDER BY c
	Sort  (cost=4240.76..4243.46 rows=1082 width=121)
	  Sort Key: c
	  ->  Bitmap Heap Scan on sbtest6  (cost=35.53..4186.22 rows=1082 width=121)
	        Recheck Cond: ((id >= 9845491) AND (id <= 9846490))
	        ->  Bitmap Index Scan on sbtest6_pkey  (cost=0.00..35.26 rows=1082 width=0)
	              Index Cond: ((id >= 9845491) AND (id <= 9846490))

table 7 : explain SELECT c FROM sbtest7 WHERE id BETWEEN 3796421 AND 3797420 ORDER BY c
	Sort  (cost=4021.13..4023.69 rows=1023 width=121)
	  Sort Key: c
	  ->  Bitmap Heap Scan on sbtest7  (cost=34.92..3969.99 rows=1023 width=121)
	        Recheck Cond: ((id >= 3796421) AND (id <= 3797420))
	        ->  Bitmap Index Scan on sbtest7_pkey  (cost=0.00..34.67 rows=1023 width=0)
	              Index Cond: ((id >= 3796421) AND (id <= 3797420))

table 8 : explain SELECT c FROM sbtest8 WHERE id BETWEEN 7443625 AND 7444624 ORDER BY c
	Sort  (cost=4051.15..4053.70 rows=1021 width=121)
	  Sort Key: c
	  ->  Index Scan using sbtest8_pkey on sbtest8  (cost=0.43..4000.12 rows=1021 width=121)
	        Index Cond: ((id >= 7443625) AND (id <= 7444624))

for: simple_ranges
table 1 : explain SELECT c FROM sbtest1 WHERE id BETWEEN 4539424 AND 4540423
	Bitmap Heap Scan on sbtest1  (cost=34.06..3647.50 rows=939 width=121)
	  Recheck Cond: ((id >= 4539424) AND (id <= 4540423))
	  ->  Bitmap Index Scan on sbtest1_pkey  (cost=0.00..33.83 rows=939 width=0)
	        Index Cond: ((id >= 4539424) AND (id <= 4540423))

table 2 : explain SELECT c FROM sbtest2 WHERE id BETWEEN 9943153 AND 9944152
	Bitmap Heap Scan on sbtest2  (cost=35.23..4076.71 rows=1053 width=121)
	  Recheck Cond: ((id >= 9943153) AND (id <= 9944152))
	  ->  Bitmap Index Scan on sbtest2_pkey  (cost=0.00..34.97 rows=1053 width=0)
	        Index Cond: ((id >= 9943153) AND (id <= 9944152))

table 3 : explain SELECT c FROM sbtest3 WHERE id BETWEEN 8478472 AND 8479471
	Bitmap Heap Scan on sbtest3  (cost=34.61..3853.25 rows=993 width=121)
	  Recheck Cond: ((id >= 8478472) AND (id <= 8479471))
	  ->  Bitmap Index Scan on sbtest3_pkey  (cost=0.00..34.37 rows=993 width=0)
	        Index Cond: ((id >= 8478472) AND (id <= 8479471))

table 4 : explain SELECT c FROM sbtest4 WHERE id BETWEEN 7943470 AND 7944469
	Bitmap Heap Scan on sbtest4  (cost=35.16..4056.16 rows=1046 width=121)
	  Recheck Cond: ((id >= 7943470) AND (id <= 7944469))
	  ->  Bitmap Index Scan on sbtest4_pkey  (cost=0.00..34.90 rows=1046 width=0)
	        Index Cond: ((id >= 7943470) AND (id <= 7944469))

table 5 : explain SELECT c FROM sbtest5 WHERE id BETWEEN 7748344 AND 7749343
	Bitmap Heap Scan on sbtest5  (cost=34.71..3882.03 rows=1002 width=121)
	  Recheck Cond: ((id >= 7748344) AND (id <= 7749343))
	  ->  Bitmap Index Scan on sbtest5_pkey  (cost=0.00..34.45 rows=1002 width=0)
	        Index Cond: ((id >= 7748344) AND (id <= 7749343))

table 6 : explain SELECT c FROM sbtest6 WHERE id BETWEEN 8334235 AND 8335234
	Bitmap Heap Scan on sbtest6  (cost=35.27..4092.13 rows=1057 width=121)
	  Recheck Cond: ((id >= 8334235) AND (id <= 8335234))
	  ->  Bitmap Index Scan on sbtest6_pkey  (cost=0.00..35.01 rows=1057 width=0)
	        Index Cond: ((id >= 8334235) AND (id <= 8335234))

table 7 : explain SELECT c FROM sbtest7 WHERE id BETWEEN 6845535 AND 6846534
	Bitmap Heap Scan on sbtest7  (cost=34.59..3849.02 rows=991 width=121)
	  Recheck Cond: ((id >= 6845535) AND (id <= 6846534))
	  ->  Bitmap Index Scan on sbtest7_pkey  (cost=0.00..34.34 rows=991 width=0)
	        Index Cond: ((id >= 6845535) AND (id <= 6846534))

table 8 : explain SELECT c FROM sbtest8 WHERE id BETWEEN 1752276 AND 1753275
	Index Scan using sbtest8_pkey on sbtest8  (cost=0.43..3824.72 rows=976 width=121)
	  Index Cond: ((id >= 1752276) AND (id <= 1753275))

explain: for point_selects :: explain SELECT c FROM sbtest%u WHERE id=%u
explain: for point_selects :: explain SELECT c FROM sbtest%u WHERE id=%u
for: distinct_ranges
table 1 : explain SELECT DISTINCT c FROM sbtest1 WHERE id BETWEEN 5749258 AND 5750257 ORDER BY c
	Unique  (cost=4145.88..4151.16 rows=1057 width=121)
	  ->  Sort  (cost=4145.88..4148.52 rows=1057 width=121)
	        Sort Key: c
	        ->  Bitmap Heap Scan on sbtest1  (cost=35.27..4092.78 rows=1057 width=121)
	              Recheck Cond: ((id >= 5749258) AND (id <= 5750257))
	              ->  Bitmap Index Scan on sbtest1_pkey  (cost=0.00..35.01 rows=1057 width=0)
	                    Index Cond: ((id >= 5749258) AND (id <= 5750257))

table 2 : explain SELECT DISTINCT c FROM sbtest2 WHERE id BETWEEN 6431328 AND 6432327 ORDER BY c
	Unique  (cost=4206.00..4211.36 rows=1073 width=121)
	  ->  Sort  (cost=4206.00..4208.68 rows=1073 width=121)
	        Sort Key: c
	        ->  Bitmap Heap Scan on sbtest2  (cost=35.43..4151.99 rows=1073 width=121)
	              Recheck Cond: ((id >= 6431328) AND (id <= 6432327))
	              ->  Bitmap Index Scan on sbtest2_pkey  (cost=0.00..35.17 rows=1073 width=0)
	                    Index Cond: ((id >= 6431328) AND (id <= 6432327))

table 3 : explain SELECT DISTINCT c FROM sbtest3 WHERE id BETWEEN 556797 AND 557796 ORDER BY c
	Unique  (cost=3937.18..3942.19 rows=1002 width=121)
	  ->  Sort  (cost=3937.18..3939.69 rows=1002 width=121)
	        Sort Key: c
	        ->  Bitmap Heap Scan on sbtest3  (cost=34.71..3887.24 rows=1002 width=121)
	              Recheck Cond: ((id >= 556797) AND (id <= 557796))
	              ->  Bitmap Index Scan on sbtest3_pkey  (cost=0.00..34.45 rows=1002 width=0)
	                    Index Cond: ((id >= 556797) AND (id <= 557796))

table 4 : explain SELECT DISTINCT c FROM sbtest4 WHERE id BETWEEN 5455018 AND 5456017 ORDER BY c
	Unique  (cost=3817.06..3821.91 rows=970 width=121)
	  ->  Sort  (cost=3817.06..3819.49 rows=970 width=121)
	        Sort Key: c
	        ->  Bitmap Heap Scan on sbtest4  (cost=34.38..3768.94 rows=970 width=121)
	              Recheck Cond: ((id >= 5455018) AND (id <= 5456017))
	              ->  Bitmap Index Scan on sbtest4_pkey  (cost=0.00..34.14 rows=970 width=0)
	                    Index Cond: ((id >= 5455018) AND (id <= 5456017))

table 5 : explain SELECT DISTINCT c FROM sbtest5 WHERE id BETWEEN 493616 AND 494615 ORDER BY c
	Unique  (cost=3729.07..3733.82 rows=949 width=121)
	  ->  Sort  (cost=3729.07..3731.45 rows=949 width=121)
	        Sort Key: c
	        ->  Bitmap Heap Scan on sbtest5  (cost=34.16..3682.14 rows=949 width=121)
	              Recheck Cond: ((id >= 493616) AND (id <= 494615))
	              ->  Bitmap Index Scan on sbtest5_pkey  (cost=0.00..33.93 rows=949 width=0)
	                    Index Cond: ((id >= 493616) AND (id <= 494615))

table 6 : explain SELECT DISTINCT c FROM sbtest6 WHERE id BETWEEN 3458326 AND 3459325 ORDER BY c
	Unique  (cost=4458.57..4464.27 rows=1139 width=121)
	  ->  Sort  (cost=4458.57..4461.42 rows=1139 width=121)
	        Sort Key: c
	        ->  Bitmap Heap Scan on sbtest6  (cost=40.11..4400.75 rows=1139 width=121)
	              Recheck Cond: ((id >= 3458326) AND (id <= 3459325))
	              ->  Bitmap Index Scan on sbtest6_pkey  (cost=0.00..39.83 rows=1139 width=0)
	                    Index Cond: ((id >= 3458326) AND (id <= 3459325))

table 7 : explain SELECT DISTINCT c FROM sbtest7 WHERE id BETWEEN 7135821 AND 7136820 ORDER BY c
	Unique  (cost=4185.95..4191.28 rows=1066 width=121)
	  ->  Sort  (cost=4185.95..4188.61 rows=1066 width=121)
	        Sort Key: c
	        ->  Bitmap Heap Scan on sbtest7  (cost=35.36..4132.34 rows=1066 width=121)
	              Recheck Cond: ((id >= 7135821) AND (id <= 7136820))
	              ->  Bitmap Index Scan on sbtest7_pkey  (cost=0.00..35.09 rows=1066 width=0)
	                    Index Cond: ((id >= 7135821) AND (id <= 7136820))

table 8 : explain SELECT DISTINCT c FROM sbtest8 WHERE id BETWEEN 5439618 AND 5440617 ORDER BY c
	Unique  (cost=3825.74..3830.56 rows=964 width=121)
	  ->  Sort  (cost=3825.74..3828.15 rows=964 width=121)
	        Sort Key: c
	        ->  Index Scan using sbtest8_pkey on sbtest8  (cost=0.43..3777.96 rows=964 width=121)
	              Index Cond: ((id >= 5439618) AND (id <= 5440617))

for: sum_ranges
table 1 : explain SELECT SUM(k) FROM sbtest1 WHERE id BETWEEN 9578728 AND 9579727
	Aggregate  (cost=4114.27..4114.28 rows=1 width=8)
	  ->  Bitmap Heap Scan on sbtest1  (cost=35.32..4111.61 rows=1062 width=4)
	        Recheck Cond: ((id >= 9578728) AND (id <= 9579727))
	        ->  Bitmap Index Scan on sbtest1_pkey  (cost=0.00..35.06 rows=1062 width=0)
	              Index Cond: ((id >= 9578728) AND (id <= 9579727))

table 2 : explain SELECT SUM(k) FROM sbtest2 WHERE id BETWEEN 6764108 AND 6765107
	Aggregate  (cost=4343.03..4343.04 rows=1 width=8)
	  ->  Bitmap Heap Scan on sbtest2  (cost=39.94..4340.22 rows=1122 width=4)
	        Recheck Cond: ((id >= 6764108) AND (id <= 6765107))
	        ->  Bitmap Index Scan on sbtest2_pkey  (cost=0.00..39.66 rows=1122 width=0)
	              Index Cond: ((id >= 6764108) AND (id <= 6765107))

table 3 : explain SELECT SUM(k) FROM sbtest3 WHERE id BETWEEN 2807217 AND 2808216
	Aggregate  (cost=4161.46..4161.47 rows=1 width=8)
	  ->  Bitmap Heap Scan on sbtest3  (cost=35.44..4158.78 rows=1074 width=4)
	        Recheck Cond: ((id >= 2807217) AND (id <= 2808216))
	        ->  Bitmap Index Scan on sbtest3_pkey  (cost=0.00..35.18 rows=1074 width=0)
	              Index Cond: ((id >= 2807217) AND (id <= 2808216))

table 4 : explain SELECT SUM(k) FROM sbtest4 WHERE id BETWEEN 4707655 AND 4708654
	Aggregate  (cost=3975.65..3975.66 rows=1 width=8)
	  ->  Bitmap Heap Scan on sbtest4  (cost=34.93..3973.09 rows=1024 width=4)
	        Recheck Cond: ((id >= 4707655) AND (id <= 4708654))
	        ->  Bitmap Index Scan on sbtest4_pkey  (cost=0.00..34.68 rows=1024 width=0)
	              Index Cond: ((id >= 4707655) AND (id <= 4708654))

table 5 : explain SELECT SUM(k) FROM sbtest5 WHERE id BETWEEN 5818602 AND 5819601
	Aggregate  (cost=3601.38..3601.39 rows=1 width=8)
	  ->  Bitmap Heap Scan on sbtest5  (cost=33.94..3599.07 rows=927 width=4)
	        Recheck Cond: ((id >= 5818602) AND (id <= 5819601))
	        ->  Bitmap Index Scan on sbtest5_pkey  (cost=0.00..33.70 rows=927 width=0)
	              Index Cond: ((id >= 5818602) AND (id <= 5819601))

table 6 : explain SELECT SUM(k) FROM sbtest6 WHERE id BETWEEN 7279618 AND 7280617
	Aggregate  (cost=3879.81..3879.82 rows=1 width=8)
	  ->  Bitmap Heap Scan on sbtest6  (cost=34.69..3877.31 rows=1000 width=4)
	        Recheck Cond: ((id >= 7279618) AND (id <= 7280617))
	        ->  Bitmap Index Scan on sbtest6_pkey  (cost=0.00..34.44 rows=1000 width=0)
	              Index Cond: ((id >= 7279618) AND (id <= 7280617))

table 7 : explain SELECT SUM(k) FROM sbtest7 WHERE id BETWEEN 4370182 AND 4371181
	Aggregate  (cost=4074.58..4074.59 rows=1 width=8)
	  ->  Bitmap Heap Scan on sbtest7  (cost=35.20..4071.95 rows=1050 width=4)
	        Recheck Cond: ((id >= 4370182) AND (id <= 4371181))
	        ->  Bitmap Index Scan on sbtest7_pkey  (cost=0.00..34.94 rows=1050 width=0)
	              Index Cond: ((id >= 4370182) AND (id <= 4371181))

table 8 : explain SELECT SUM(k) FROM sbtest8 WHERE id BETWEEN 1993176 AND 1994175
	Aggregate  (cost=3647.74..3647.75 rows=1 width=8)
	  ->  Index Scan using sbtest8_pkey on sbtest8  (cost=0.43..3645.41 rows=930 width=4)
	        Index Cond: ((id >= 1993176) AND (id <= 1994175))

for: distinct_ranges
table 1 : explain SELECT DISTINCT c FROM sbtest1 WHERE id BETWEEN 9224442 AND 9225441 ORDER BY c
	Unique  (cost=3590.20..3594.76 rows=912 width=121)
	  ->  Sort  (cost=3590.20..3592.48 rows=912 width=121)
	        Sort Key: c
	        ->  Bitmap Heap Scan on sbtest1  (cost=33.78..3545.36 rows=912 width=121)
	              Recheck Cond: ((id >= 9224442) AND (id <= 9225441))
	              ->  Bitmap Index Scan on sbtest1_pkey  (cost=0.00..33.56 rows=912 width=0)
	                    Index Cond: ((id >= 9224442) AND (id <= 9225441))

table 2 : explain SELECT DISTINCT c FROM sbtest2 WHERE id BETWEEN 9758841 AND 9759840 ORDER BY c
	Unique  (cost=3961.26..3966.30 rows=1009 width=121)
	  ->  Sort  (cost=3961.26..3963.78 rows=1009 width=121)
	        Sort Key: c
	        ->  Bitmap Heap Scan on sbtest2  (cost=34.78..3910.91 rows=1009 width=121)
	              Recheck Cond: ((id >= 9758841) AND (id <= 9759840))
	              ->  Bitmap Index Scan on sbtest2_pkey  (cost=0.00..34.53 rows=1009 width=0)
	                    Index Cond: ((id >= 9758841) AND (id <= 9759840))

table 3 : explain SELECT DISTINCT c FROM sbtest3 WHERE id BETWEEN 6196381 AND 6197380 ORDER BY c
	Unique  (cost=4377.37..4382.95 rows=1116 width=121)
	  ->  Sort  (cost=4377.37..4380.16 rows=1116 width=121)
	        Sort Key: c
	        ->  Bitmap Heap Scan on sbtest3  (cost=39.87..4320.88 rows=1116 width=121)
	              Recheck Cond: ((id >= 6196381) AND (id <= 6197380))
	              ->  Bitmap Index Scan on sbtest3_pkey  (cost=0.00..39.59 rows=1116 width=0)
	                    Index Cond: ((id >= 6196381) AND (id <= 6197380))

table 4 : explain SELECT DISTINCT c FROM sbtest4 WHERE id BETWEEN 7702677 AND 7703676 ORDER BY c
	Unique  (cost=3709.48..3714.19 rows=942 width=121)
	  ->  Sort  (cost=3709.48..3711.84 rows=942 width=121)
	        Sort Key: c
	        ->  Bitmap Heap Scan on sbtest4  (cost=34.09..3662.95 rows=942 width=121)
	              Recheck Cond: ((id >= 7702677) AND (id <= 7703676))
	              ->  Bitmap Index Scan on sbtest4_pkey  (cost=0.00..33.86 rows=942 width=0)
	                    Index Cond: ((id >= 7702677) AND (id <= 7703676))

table 5 : explain SELECT DISTINCT c FROM sbtest5 WHERE id BETWEEN 6617363 AND 6618362 ORDER BY c
	Unique  (cost=3985.51..3990.59 rows=1016 width=121)
	  ->  Sort  (cost=3985.51..3988.05 rows=1016 width=121)
	        Sort Key: c
	        ->  Bitmap Heap Scan on sbtest5  (cost=34.85..3934.77 rows=1016 width=121)
	              Recheck Cond: ((id >= 6617363) AND (id <= 6618362))
	              ->  Bitmap Index Scan on sbtest5_pkey  (cost=0.00..34.59 rows=1016 width=0)
	                    Index Cond: ((id >= 6617363) AND (id <= 6618362))

table 6 : explain SELECT DISTINCT c FROM sbtest6 WHERE id BETWEEN 2355259 AND 2356258 ORDER BY c
	Unique  (cost=3930.96..3935.97 rows=1001 width=121)
	  ->  Sort  (cost=3930.96..3933.47 rows=1001 width=121)
	        Sort Key: c
	        ->  Bitmap Heap Scan on sbtest6  (cost=34.70..3881.08 rows=1001 width=121)
	              Recheck Cond: ((id >= 2355259) AND (id <= 2356258))
	              ->  Bitmap Index Scan on sbtest6_pkey  (cost=0.00..34.45 rows=1001 width=0)
	                    Index Cond: ((id >= 2355259) AND (id <= 2356258))

table 7 : explain SELECT DISTINCT c FROM sbtest7 WHERE id BETWEEN 9790776 AND 9791775 ORDER BY c
	Unique  (cost=4354.56..4360.11 rows=1109 width=121)
	  ->  Sort  (cost=4354.56..4357.34 rows=1109 width=121)
	        Sort Key: c
	        ->  Bitmap Heap Scan on sbtest7  (cost=39.80..4298.48 rows=1109 width=121)
	              Recheck Cond: ((id >= 9790776) AND (id <= 9791775))
	              ->  Bitmap Index Scan on sbtest7_pkey  (cost=0.00..39.53 rows=1109 width=0)
	                    Index Cond: ((id >= 9790776) AND (id <= 9791775))

table 8 : explain SELECT DISTINCT c FROM sbtest8 WHERE id BETWEEN 1656039 AND 1657038 ORDER BY c
	Unique  (cost=3770.36..3775.11 rows=950 width=121)
	  ->  Sort  (cost=3770.36..3772.74 rows=950 width=121)
	        Sort Key: c
	        ->  Index Scan using sbtest8_pkey on sbtest8  (cost=0.43..3723.38 rows=950 width=121)
	              Index Cond: ((id >= 1656039) AND (id <= 1657038))

explain: for point_selects :: explain SELECT c FROM sbtest%u WHERE id=%u
for: sum_ranges
table 1 : explain SELECT SUM(k) FROM sbtest1 WHERE id BETWEEN 8706742 AND 8707741
	Aggregate  (cost=3649.85..3649.86 rows=1 width=8)
	  ->  Bitmap Heap Scan on sbtest1  (cost=34.06..3647.50 rows=939 width=4)
	        Recheck Cond: ((id >= 8706742) AND (id <= 8707741))
	        ->  Bitmap Index Scan on sbtest1_pkey  (cost=0.00..33.83 rows=939 width=0)
	              Index Cond: ((id >= 8706742) AND (id <= 8707741))

table 2 : explain SELECT SUM(k) FROM sbtest2 WHERE id BETWEEN 9148420 AND 9149419
	Aggregate  (cost=3822.84..3822.85 rows=1 width=8)
	  ->  Bitmap Heap Scan on sbtest2  (cost=34.53..3820.38 rows=985 width=4)
	        Recheck Cond: ((id >= 9148420) AND (id <= 9149419))
	        ->  Bitmap Index Scan on sbtest2_pkey  (cost=0.00..34.29 rows=985 width=0)
	              Index Cond: ((id >= 9148420) AND (id <= 9149419))

table 3 : explain SELECT SUM(k) FROM sbtest3 WHERE id BETWEEN 2118439 AND 2119438
	Aggregate  (cost=3836.84..3836.85 rows=1 width=8)
	  ->  Bitmap Heap Scan on sbtest3  (cost=34.56..3834.37 rows=988 width=4)
	        Recheck Cond: ((id >= 2118439) AND (id <= 2119438))
	        ->  Bitmap Index Scan on sbtest3_pkey  (cost=0.00..34.32 rows=988 width=0)
	              Index Cond: ((id >= 2118439) AND (id <= 2119438))

table 4 : explain SELECT SUM(k) FROM sbtest4 WHERE id BETWEEN 3533670 AND 3534669
	Aggregate  (cost=3854.64..3854.65 rows=1 width=8)
	  ->  Bitmap Heap Scan on sbtest4  (cost=34.60..3852.16 rows=992 width=4)
	        Recheck Cond: ((id >= 3533670) AND (id <= 3534669))
	        ->  Bitmap Index Scan on sbtest4_pkey  (cost=0.00..34.36 rows=992 width=0)
	              Index Cond: ((id >= 3533670) AND (id <= 3534669))

table 5 : explain SELECT SUM(k) FROM sbtest5 WHERE id BETWEEN 976134 AND 977133
	Aggregate  (cost=4448.96..4448.97 rows=1 width=8)
	  ->  Bitmap Heap Scan on sbtest5  (cost=40.24..4446.08 rows=1152 width=4)
	        Recheck Cond: ((id >= 976134) AND (id <= 977133))
	        ->  Bitmap Index Scan on sbtest5_pkey  (cost=0.00..39.95 rows=1152 width=0)
	              Index Cond: ((id >= 976134) AND (id <= 977133))

table 6 : explain SELECT SUM(k) FROM sbtest6 WHERE id BETWEEN 7126495 AND 7127494
	Aggregate  (cost=3527.97..3527.98 rows=1 width=8)
	  ->  Bitmap Heap Scan on sbtest6  (cost=29.74..3525.70 rows=908 width=4)
	        Recheck Cond: ((id >= 7126495) AND (id <= 7127494))
	        ->  Bitmap Index Scan on sbtest6_pkey  (cost=0.00..29.51 rows=908 width=0)
	              Index Cond: ((id >= 7126495) AND (id <= 7127494))

table 7 : explain SELECT SUM(k) FROM sbtest7 WHERE id BETWEEN 4263080 AND 4264079
	Aggregate  (cost=3953.64..3953.65 rows=1 width=8)
	  ->  Bitmap Heap Scan on sbtest7  (cost=34.87..3951.09 rows=1018 width=4)
	        Recheck Cond: ((id >= 4263080) AND (id <= 4264079))
	        ->  Bitmap Index Scan on sbtest7_pkey  (cost=0.00..34.62 rows=1018 width=0)
	              Index Cond: ((id >= 4263080) AND (id <= 4264079))

table 8 : explain SELECT SUM(k) FROM sbtest8 WHERE id BETWEEN 1105498 AND 1106497
	Aggregate  (cost=4118.10..4118.11 rows=1 width=8)
	  ->  Bitmap Heap Scan on sbtest8  (cost=35.32..4115.45 rows=1062 width=4)
	        Recheck Cond: ((id >= 1105498) AND (id <= 1106497))
	        ->  Bitmap Index Scan on sbtest8_pkey  (cost=0.00..35.06 rows=1062 width=0)
	              Index Cond: ((id >= 1105498) AND (id <= 1106497))

explain: for point_selects :: explain SELECT c FROM sbtest%u WHERE id=%u
explain: for point_selects :: explain SELECT c FROM sbtest%u WHERE id=%u
explain: for point_selects :: explain SELECT c FROM sbtest%u WHERE id=%u
for point_selects
table 1 : explain SELECT c FROM sbtest1 WHERE id=1492883
	Index Scan using sbtest1_pkey on sbtest1  (cost=0.43..8.45 rows=1 width=121)
	  Index Cond: (id = 1492883)

table 2 : explain SELECT c FROM sbtest2 WHERE id=8139780
	Index Scan using sbtest2_pkey on sbtest2  (cost=0.43..8.45 rows=1 width=121)
	  Index Cond: (id = 8139780)

table 3 : explain SELECT c FROM sbtest3 WHERE id=4526631
	Index Scan using sbtest3_pkey on sbtest3  (cost=0.43..8.45 rows=1 width=121)
	  Index Cond: (id = 4526631)

table 4 : explain SELECT c FROM sbtest4 WHERE id=9156347
	Index Scan using sbtest4_pkey on sbtest4  (cost=0.43..8.45 rows=1 width=121)
	  Index Cond: (id = 9156347)

table 5 : explain SELECT c FROM sbtest5 WHERE id=6272295
	Index Scan using sbtest5_pkey on sbtest5  (cost=0.43..8.45 rows=1 width=121)
	  Index Cond: (id = 6272295)

table 6 : explain SELECT c FROM sbtest6 WHERE id=8400797
	Index Scan using sbtest6_pkey on sbtest6  (cost=0.43..8.45 rows=1 width=121)
	  Index Cond: (id = 8400797)

table 7 : explain SELECT c FROM sbtest7 WHERE id=8390658
	Index Scan using sbtest7_pkey on sbtest7  (cost=0.43..8.45 rows=1 width=121)
	  Index Cond: (id = 8390658)

table 8 : explain SELECT c FROM sbtest8 WHERE id=1303383
	Index Scan using sbtest8_pkey on sbtest8  (cost=0.43..8.45 rows=1 width=121)
	  Index Cond: (id = 1303383)

for point_selects
table 1 : explain SELECT c FROM sbtest1 WHERE id=2270112
	Index Scan using sbtest1_pkey on sbtest1  (cost=0.43..8.45 rows=1 width=121)
	  Index Cond: (id = 2270112)

table 2 : explain SELECT c FROM sbtest2 WHERE id=2308626
	Index Scan using sbtest2_pkey on sbtest2  (cost=0.43..8.45 rows=1 width=121)
	  Index Cond: (id = 2308626)

table 3 : explain SELECT c FROM sbtest3 WHERE id=9251571
	Index Scan using sbtest3_pkey on sbtest3  (cost=0.43..8.45 rows=1 width=121)
	  Index Cond: (id = 9251571)

table 4 : explain SELECT c FROM sbtest4 WHERE id=4467015
	Index Scan using sbtest4_pkey on sbtest4  (cost=0.43..8.45 rows=1 width=121)
	  Index Cond: (id = 4467015)

table 5 : explain SELECT c FROM sbtest5 WHERE id=2194447
	Index Scan using sbtest5_pkey on sbtest5  (cost=0.43..8.45 rows=1 width=121)
	  Index Cond: (id = 2194447)

table 6 : explain SELECT c FROM sbtest6 WHERE id=3847032
	Index Scan using sbtest6_pkey on sbtest6  (cost=0.43..8.45 rows=1 width=121)
	  Index Cond: (id = 3847032)

table 7 : explain SELECT c FROM sbtest7 WHERE id=5378098
	Index Scan using sbtest7_pkey on sbtest7  (cost=0.43..8.45 rows=1 width=121)
	  Index Cond: (id = 5378098)

table 8 : explain SELECT c FROM sbtest8 WHERE id=7868147
	Index Scan using sbtest8_pkey on sbtest8  (cost=0.43..8.45 rows=1 width=121)
	  Index Cond: (id = 7868147)

for: distinct_ranges
table 1 : explain SELECT DISTINCT c FROM sbtest1 WHERE id BETWEEN 2063162 AND 2064161 ORDER BY c
	Unique  (cost=3946.89..3951.91 rows=1005 width=121)
	  ->  Sort  (cost=3946.89..3949.40 rows=1005 width=121)
	        Sort Key: c
	        ->  Bitmap Heap Scan on sbtest1  (cost=34.74..3896.77 rows=1005 width=121)
	              Recheck Cond: ((id >= 2063162) AND (id <= 2064161))
	              ->  Bitmap Index Scan on sbtest1_pkey  (cost=0.00..34.48 rows=1005 width=0)
	                    Index Cond: ((id >= 2063162) AND (id <= 2064161))

table 2 : explain SELECT DISTINCT c FROM sbtest2 WHERE id BETWEEN 816311 AND 817310 ORDER BY c
	Unique  (cost=3899.99..3904.96 rows=993 width=121)
	  ->  Sort  (cost=3899.99..3902.48 rows=993 width=121)
	        Sort Key: c
	        ->  Bitmap Heap Scan on sbtest2  (cost=34.61..3850.56 rows=993 width=121)
	              Recheck Cond: ((id >= 816311) AND (id <= 817310))
	              ->  Bitmap Index Scan on sbtest2_pkey  (cost=0.00..34.37 rows=993 width=0)
	                    Index Cond: ((id >= 816311) AND (id <= 817310))

table 3 : explain SELECT DISTINCT c FROM sbtest3 WHERE id BETWEEN 2391112 AND 2392111 ORDER BY c
	Unique  (cost=4048.29..4053.44 rows=1031 width=121)
	  ->  Sort  (cost=4048.29..4050.86 rows=1031 width=121)
	        Sort Key: c
	        ->  Bitmap Heap Scan on sbtest3  (cost=35.00..3996.68 rows=1031 width=121)
	              Recheck Cond: ((id >= 2391112) AND (id <= 2392111))
	              ->  Bitmap Index Scan on sbtest3_pkey  (cost=0.00..34.75 rows=1031 width=0)
	                    Index Cond: ((id >= 2391112) AND (id <= 2392111))

table 4 : explain SELECT DISTINCT c FROM sbtest4 WHERE id BETWEEN 5134273 AND 5135272 ORDER BY c
	Unique  (cost=3882.34..3887.27 rows=987 width=121)
	  ->  Sort  (cost=3882.34..3884.81 rows=987 width=121)
	        Sort Key: c
	        ->  Bitmap Heap Scan on sbtest4  (cost=34.55..3833.25 rows=987 width=121)
	              Recheck Cond: ((id >= 5134273) AND (id <= 5135272))
	              ->  Bitmap Index Scan on sbtest4_pkey  (cost=0.00..34.31 rows=987 width=0)
	                    Index Cond: ((id >= 5134273) AND (id <= 5135272))

table 5 : explain SELECT DISTINCT c FROM sbtest5 WHERE id BETWEEN 5616332 AND 5617331 ORDER BY c
	Unique  (cost=3510.31..3514.78 rows=893 width=121)
	  ->  Sort  (cost=3510.31..3512.54 rows=893 width=121)
	        Sort Key: c
	        ->  Bitmap Heap Scan on sbtest5  (cost=29.59..3466.54 rows=893 width=121)
	              Recheck Cond: ((id >= 5616332) AND (id <= 5617331))
	              ->  Bitmap Index Scan on sbtest5_pkey  (cost=0.00..29.36 rows=893 width=0)
	                    Index Cond: ((id >= 5616332) AND (id <= 5617331))

table 6 : explain SELECT DISTINCT c FROM sbtest6 WHERE id BETWEEN 9135869 AND 9136868 ORDER BY c
	Unique  (cost=4015.18..4020.30 rows=1023 width=121)
	  ->  Sort  (cost=4015.18..4017.74 rows=1023 width=121)
	        Sort Key: c
	        ->  Bitmap Heap Scan on sbtest6  (cost=34.92..3964.04 rows=1023 width=121)
	              Recheck Cond: ((id >= 9135869) AND (id <= 9136868))
	              ->  Bitmap Index Scan on sbtest6_pkey  (cost=0.00..34.67 rows=1023 width=0)
	                    Index Cond: ((id >= 9135869) AND (id <= 9136868))

table 7 : explain SELECT DISTINCT c FROM sbtest7 WHERE id BETWEEN 35581 AND 36580 ORDER BY c
	Unique  (cost=4208.93..4214.29 rows=1072 width=121)
	  ->  Sort  (cost=4208.93..4211.61 rows=1072 width=121)
	        Sort Key: c
	        ->  Bitmap Heap Scan on sbtest7  (cost=35.42..4154.98 rows=1072 width=121)
	              Recheck Cond: ((id >= 35581) AND (id <= 36580))
	              ->  Bitmap Index Scan on sbtest7_pkey  (cost=0.00..35.16 rows=1072 width=0)
	                    Index Cond: ((id >= 35581) AND (id <= 36580))

table 8 : explain SELECT DISTINCT c FROM sbtest8 WHERE id BETWEEN 6217999 AND 6218998 ORDER BY c
	Unique  (cost=4065.42..4070.59 rows=1035 width=121)
	  ->  Sort  (cost=4065.42..4068.00 rows=1035 width=121)
	        Sort Key: c
	        ->  Bitmap Heap Scan on sbtest8  (cost=35.04..4013.59 rows=1035 width=121)
	              Recheck Cond: ((id >= 6217999) AND (id <= 6218998))
	              ->  Bitmap Index Scan on sbtest8_pkey  (cost=0.00..34.79 rows=1035 width=0)
	                    Index Cond: ((id >= 6217999) AND (id <= 6218998))

explain: for point_selects :: explain SELECT c FROM sbtest%u WHERE id=%u
for point_selects
table 1 : explain SELECT c FROM sbtest1 WHERE id=9744856
	Index Scan using sbtest1_pkey on sbtest1  (cost=0.43..8.45 rows=1 width=121)
	  Index Cond: (id = 9744856)

table 2 : explain SELECT c FROM sbtest2 WHERE id=3105166
	Index Scan using sbtest2_pkey on sbtest2  (cost=0.43..8.45 rows=1 width=121)
	  Index Cond: (id = 3105166)

table 3 : explain SELECT c FROM sbtest3 WHERE id=6792131
	Index Scan using sbtest3_pkey on sbtest3  (cost=0.43..8.45 rows=1 width=121)
	  Index Cond: (id = 6792131)

table 4 : explain SELECT c FROM sbtest4 WHERE id=1225170
	Index Scan using sbtest4_pkey on sbtest4  (cost=0.43..8.45 rows=1 width=121)
	  Index Cond: (id = 1225170)

table 5 : explain SELECT c FROM sbtest5 WHERE id=4220303
	Index Scan using sbtest5_pkey on sbtest5  (cost=0.43..8.45 rows=1 width=121)
	  Index Cond: (id = 4220303)

table 6 : explain SELECT c FROM sbtest6 WHERE id=6649187
	Index Scan using sbtest6_pkey on sbtest6  (cost=0.43..8.45 rows=1 width=121)
	  Index Cond: (id = 6649187)

table 7 : explain SELECT c FROM sbtest7 WHERE id=3814194
	Index Scan using sbtest7_pkey on sbtest7  (cost=0.43..8.45 rows=1 width=121)
	  Index Cond: (id = 3814194)

table 8 : explain SELECT c FROM sbtest8 WHERE id=6729748
	Index Scan using sbtest8_pkey on sbtest8  (cost=0.43..8.45 rows=1 width=121)
	  Index Cond: (id = 6729748)

for point_selects
table 1 : explain SELECT c FROM sbtest1 WHERE id=4177131
	Index Scan using sbtest1_pkey on sbtest1  (cost=0.43..8.45 rows=1 width=121)
	  Index Cond: (id = 4177131)

table 2 : explain SELECT c FROM sbtest2 WHERE id=4833866
	Index Scan using sbtest2_pkey on sbtest2  (cost=0.43..8.45 rows=1 width=121)
	  Index Cond: (id = 4833866)

table 3 : explain SELECT c FROM sbtest3 WHERE id=8790264
	Index Scan using sbtest3_pkey on sbtest3  (cost=0.43..8.45 rows=1 width=121)
	  Index Cond: (id = 8790264)

table 4 : explain SELECT c FROM sbtest4 WHERE id=131366
	Index Scan using sbtest4_pkey on sbtest4  (cost=0.43..8.45 rows=1 width=121)
	  Index Cond: (id = 131366)

table 5 : explain SELECT c FROM sbtest5 WHERE id=3849380
	Index Scan using sbtest5_pkey on sbtest5  (cost=0.43..8.45 rows=1 width=121)
	  Index Cond: (id = 3849380)

table 6 : explain SELECT c FROM sbtest6 WHERE id=450282
	Index Scan using sbtest6_pkey on sbtest6  (cost=0.43..8.45 rows=1 width=121)
	  Index Cond: (id = 450282)

table 7 : explain SELECT c FROM sbtest7 WHERE id=1199811
	Index Scan using sbtest7_pkey on sbtest7  (cost=0.43..8.45 rows=1 width=121)
	  Index Cond: (id = 1199811)

table 8 : explain SELECT c FROM sbtest8 WHERE id=2466129
	Index Scan using sbtest8_pkey on sbtest8  (cost=0.43..8.45 rows=1 width=121)
	  Index Cond: (id = 2466129)

for point_selects
table 1 : explain SELECT c FROM sbtest1 WHERE id=6073950
	Index Scan using sbtest1_pkey on sbtest1  (cost=0.43..8.45 rows=1 width=121)
	  Index Cond: (id = 6073950)

table 2 : explain SELECT c FROM sbtest2 WHERE id=9012690
	Index Scan using sbtest2_pkey on sbtest2  (cost=0.43..8.45 rows=1 width=121)
	  Index Cond: (id = 9012690)

table 3 : explain SELECT c FROM sbtest3 WHERE id=1952990
	Index Scan using sbtest3_pkey on sbtest3  (cost=0.43..8.45 rows=1 width=121)
	  Index Cond: (id = 1952990)

table 4 : explain SELECT c FROM sbtest4 WHERE id=9668381
	Index Scan using sbtest4_pkey on sbtest4  (cost=0.43..8.45 rows=1 width=121)
	  Index Cond: (id = 9668381)

table 5 : explain SELECT c FROM sbtest5 WHERE id=8104542
	Index Scan using sbtest5_pkey on sbtest5  (cost=0.43..8.45 rows=1 width=121)
	  Index Cond: (id = 8104542)

table 6 : explain SELECT c FROM sbtest6 WHERE id=2885992
	Index Scan using sbtest6_pkey on sbtest6  (cost=0.43..8.45 rows=1 width=121)
	  Index Cond: (id = 2885992)

table 7 : explain SELECT c FROM sbtest7 WHERE id=1730656
	Index Scan using sbtest7_pkey on sbtest7  (cost=0.43..8.45 rows=1 width=121)
	  Index Cond: (id = 1730656)

table 8 : explain SELECT c FROM sbtest8 WHERE id=5450051
	Index Scan using sbtest8_pkey on sbtest8  (cost=0.43..8.45 rows=1 width=121)
	  Index Cond: (id = 5450051)

for: order_ranges
table 1 : explain SELECT c FROM sbtest1 WHERE id BETWEEN 6112553 AND 6113552 ORDER BY c
	Sort  (cost=3870.27..3872.73 rows=985 width=121)
	  Sort Key: c
	  ->  Bitmap Heap Scan on sbtest1  (cost=34.53..3821.29 rows=985 width=121)
	        Recheck Cond: ((id >= 6112553) AND (id <= 6113552))
	        ->  Bitmap Index Scan on sbtest1_pkey  (cost=0.00..34.29 rows=985 width=0)
	              Index Cond: ((id >= 6112553) AND (id <= 6113552))

table 2 : explain SELECT c FROM sbtest2 WHERE id BETWEEN 7475365 AND 7476364 ORDER BY c
	Sort  (cost=4362.72..4365.51 rows=1113 width=121)
	  Sort Key: c
	  ->  Bitmap Heap Scan on sbtest2  (cost=39.84..4306.40 rows=1113 width=121)
	        Recheck Cond: ((id >= 7475365) AND (id <= 7476364))
	        ->  Bitmap Index Scan on sbtest2_pkey  (cost=0.00..39.57 rows=1113 width=0)
	              Index Cond: ((id >= 7475365) AND (id <= 7476364))

table 3 : explain SELECT c FROM sbtest3 WHERE id BETWEEN 3248785 AND 3249784 ORDER BY c
	Sort  (cost=3664.75..3667.08 rows=931 width=121)
	  Sort Key: c
	  ->  Bitmap Heap Scan on sbtest3  (cost=33.98..3618.84 rows=931 width=121)
	        Recheck Cond: ((id >= 3248785) AND (id <= 3249784))
	        ->  Bitmap Index Scan on sbtest3_pkey  (cost=0.00..33.75 rows=931 width=0)
	              Index Cond: ((id >= 3248785) AND (id <= 3249784))

table 4 : explain SELECT c FROM sbtest4 WHERE id BETWEEN 189500 AND 190499 ORDER BY c
	Sort  (cost=4131.61..4134.24 rows=1052 width=121)
	  Sort Key: c
	  ->  Bitmap Heap Scan on sbtest4  (cost=35.22..4078.80 rows=1052 width=121)
	        Recheck Cond: ((id >= 189500) AND (id <= 190499))
	        ->  Bitmap Index Scan on sbtest4_pkey  (cost=0.00..34.95 rows=1052 width=0)
	              Index Cond: ((id >= 189500) AND (id <= 190499))

table 5 : explain SELECT c FROM sbtest5 WHERE id BETWEEN 8051680 AND 8052679 ORDER BY c
	Sort  (cost=3962.57..3965.09 rows=1010 width=121)
	  Sort Key: c
	  ->  Bitmap Heap Scan on sbtest5  (cost=34.79..3912.17 rows=1010 width=121)
	        Recheck Cond: ((id >= 8051680) AND (id <= 8052679))
	        ->  Bitmap Index Scan on sbtest5_pkey  (cost=0.00..34.54 rows=1010 width=0)
	              Index Cond: ((id >= 8051680) AND (id <= 8052679))

table 6 : explain SELECT c FROM sbtest6 WHERE id BETWEEN 3863917 AND 3864916 ORDER BY c
	Sort  (cost=3697.15..3699.50 rows=940 width=121)
	  Sort Key: c
	  ->  Bitmap Heap Scan on sbtest6  (cost=34.07..3650.73 rows=940 width=121)
	        Recheck Cond: ((id >= 3863917) AND (id <= 3864916))
	        ->  Bitmap Index Scan on sbtest6_pkey  (cost=0.00..33.84 rows=940 width=0)
	              Index Cond: ((id >= 3863917) AND (id <= 3864916))

table 7 : explain SELECT c FROM sbtest7 WHERE id BETWEEN 4728156 AND 4729155 ORDER BY c
	Sort  (cost=3475.17..3477.38 rows=882 width=121)
	  Sort Key: c
	  ->  Bitmap Heap Scan on sbtest7  (cost=29.48..3432.02 rows=882 width=121)
	        Recheck Cond: ((id >= 4728156) AND (id <= 4729155))
	        ->  Bitmap Index Scan on sbtest7_pkey  (cost=0.00..29.25 rows=882 width=0)
	              Index Cond: ((id >= 4728156) AND (id <= 4729155))

table 8 : explain SELECT c FROM sbtest8 WHERE id BETWEEN 2087274 AND 2088273 ORDER BY c
	Sort  (cost=4153.51..4156.16 rows=1058 width=121)
	  Sort Key: c
	  ->  Bitmap Heap Scan on sbtest8  (cost=35.28..4100.36 rows=1058 width=121)
	        Recheck Cond: ((id >= 2087274) AND (id <= 2088273))
	        ->  Bitmap Index Scan on sbtest8_pkey  (cost=0.00..35.02 rows=1058 width=0)
	              Index Cond: ((id >= 2087274) AND (id <= 2088273))

for: order_ranges
table 1 : explain SELECT c FROM sbtest1 WHERE id BETWEEN 9997035 AND 9998034 ORDER BY c
	Sort  (cost=3724.56..3726.93 rows=947 width=121)
	  Sort Key: c
	  ->  Bitmap Heap Scan on sbtest1  (cost=34.14..3677.74 rows=947 width=121)
	        Recheck Cond: ((id >= 9997035) AND (id <= 9998034))
	        ->  Bitmap Index Scan on sbtest1_pkey  (cost=0.00..33.91 rows=947 width=0)
	              Index Cond: ((id >= 9997035) AND (id <= 9998034))

table 2 : explain SELECT c FROM sbtest2 WHERE id BETWEEN 7576875 AND 7577874 ORDER BY c
	Sort  (cost=3938.29..3940.79 rows=1003 width=121)
	  Sort Key: c
	  ->  Bitmap Heap Scan on sbtest2  (cost=34.72..3888.29 rows=1003 width=121)
	        Recheck Cond: ((id >= 7576875) AND (id <= 7577874))
	        ->  Bitmap Index Scan on sbtest2_pkey  (cost=0.00..34.47 rows=1003 width=0)
	              Index Cond: ((id >= 7576875) AND (id <= 7577874))

table 3 : explain SELECT c FROM sbtest3 WHERE id BETWEEN 1106279 AND 1107278 ORDER BY c
	Sort  (cost=3948.68..3951.19 rows=1005 width=121)
	  Sort Key: c
	  ->  Bitmap Heap Scan on sbtest3  (cost=34.74..3898.57 rows=1005 width=121)
	        Recheck Cond: ((id >= 1106279) AND (id <= 1107278))
	        ->  Bitmap Index Scan on sbtest3_pkey  (cost=0.00..34.48 rows=1005 width=0)
	              Index Cond: ((id >= 1106279) AND (id <= 1107278))

table 4 : explain SELECT c FROM sbtest4 WHERE id BETWEEN 112580 AND 113579 ORDER BY c
	Sort  (cost=4131.61..4134.24 rows=1052 width=121)
	  Sort Key: c
	  ->  Bitmap Heap Scan on sbtest4  (cost=35.22..4078.80 rows=1052 width=121)
	        Recheck Cond: ((id >= 112580) AND (id <= 113579))
	        ->  Bitmap Index Scan on sbtest4_pkey  (cost=0.00..34.95 rows=1052 width=0)
	              Index Cond: ((id >= 112580) AND (id <= 113579))

table 5 : explain SELECT c FROM sbtest5 WHERE id BETWEEN 3019895 AND 3020894 ORDER BY c
	Sort  (cost=3866.93..3869.39 rows=985 width=121)
	  Sort Key: c
	  ->  Bitmap Heap Scan on sbtest5  (cost=34.53..3817.95 rows=985 width=121)
	        Recheck Cond: ((id >= 3019895) AND (id <= 3020894))
	        ->  Bitmap Index Scan on sbtest5_pkey  (cost=0.00..34.29 rows=985 width=0)
	              Index Cond: ((id >= 3019895) AND (id <= 3020894))

table 6 : explain SELECT c FROM sbtest6 WHERE id BETWEEN 8788306 AND 8789305 ORDER BY c
	Sort  (cost=3911.82..3914.31 rows=996 width=121)
	  Sort Key: c
	  ->  Bitmap Heap Scan on sbtest6  (cost=34.64..3862.21 rows=996 width=121)
	        Recheck Cond: ((id >= 8788306) AND (id <= 8789305))
	        ->  Bitmap Index Scan on sbtest6_pkey  (cost=0.00..34.40 rows=996 width=0)
	              Index Cond: ((id >= 8788306) AND (id <= 8789305))

table 7 : explain SELECT c FROM sbtest7 WHERE id BETWEEN 1497840 AND 1498839 ORDER BY c
	Sort  (cost=4051.81..4054.39 rows=1031 width=121)
	  Sort Key: c
	  ->  Bitmap Heap Scan on sbtest7  (cost=35.00..4000.21 rows=1031 width=121)
	        Recheck Cond: ((id >= 1497840) AND (id <= 1498839))
	        ->  Bitmap Index Scan on sbtest7_pkey  (cost=0.00..34.75 rows=1031 width=0)
	              Index Cond: ((id >= 1497840) AND (id <= 1498839))

table 8 : explain SELECT c FROM sbtest8 WHERE id BETWEEN 6808655 AND 6809654 ORDER BY c
	Sort  (cost=4122.88..4125.50 rows=1050 width=121)
	  Sort Key: c
	  ->  Bitmap Heap Scan on sbtest8  (cost=35.20..4070.19 rows=1050 width=121)
	        Recheck Cond: ((id >= 6808655) AND (id <= 6809654))
	        ->  Bitmap Index Scan on sbtest8_pkey  (cost=0.00..34.94 rows=1050 width=0)
	              Index Cond: ((id >= 6808655) AND (id <= 6809654))

for: simple_ranges
table 1 : explain SELECT c FROM sbtest1 WHERE id BETWEEN 7639488 AND 7640487
	Bitmap Heap Scan on sbtest1  (cost=35.12..4036.28 rows=1042 width=121)
	  Recheck Cond: ((id >= 7639488) AND (id <= 7640487))
	  ->  Bitmap Index Scan on sbtest1_pkey  (cost=0.00..34.86 rows=1042 width=0)
	        Index Cond: ((id >= 7639488) AND (id <= 7640487))

table 2 : explain SELECT c FROM sbtest2 WHERE id BETWEEN 9535568 AND 9536567
	Bitmap Heap Scan on sbtest2  (cost=34.87..3944.84 rows=1018 width=121)
	  Recheck Cond: ((id >= 9535568) AND (id <= 9536567))
	  ->  Bitmap Index Scan on sbtest2_pkey  (cost=0.00..34.62 rows=1018 width=0)
	        Index Cond: ((id >= 9535568) AND (id <= 9536567))

table 3 : explain SELECT c FROM sbtest3 WHERE id BETWEEN 3669312 AND 3670311
	Bitmap Heap Scan on sbtest3  (cost=34.52..3819.26 rows=984 width=121)
	  Recheck Cond: ((id >= 3669312) AND (id <= 3670311))
	  ->  Bitmap Index Scan on sbtest3_pkey  (cost=0.00..34.28 rows=984 width=0)
	        Index Cond: ((id >= 3669312) AND (id <= 3670311))

table 4 : explain SELECT c FROM sbtest4 WHERE id BETWEEN 8014344 AND 8015343
	Bitmap Heap Scan on sbtest4  (cost=39.83..4309.01 rows=1112 width=121)
	  Recheck Cond: ((id >= 8014344) AND (id <= 8015343))
	  ->  Bitmap Index Scan on sbtest4_pkey  (cost=0.00..39.56 rows=1112 width=0)
	        Index Cond: ((id >= 8014344) AND (id <= 8015343))

table 5 : explain SELECT c FROM sbtest5 WHERE id BETWEEN 4241877 AND 4242876
	Bitmap Heap Scan on sbtest5  (cost=29.78..3538.38 rows=912 width=121)
	  Recheck Cond: ((id >= 4241877) AND (id <= 4242876))
	  ->  Bitmap Index Scan on sbtest5_pkey  (cost=0.00..29.55 rows=912 width=0)
	        Index Cond: ((id >= 4241877) AND (id <= 4242876))

table 6 : explain SELECT c FROM sbtest6 WHERE id BETWEEN 3307302 AND 3308301
	Bitmap Heap Scan on sbtest6  (cost=34.28..3726.31 rows=960 width=121)
	  Recheck Cond: ((id >= 3307302) AND (id <= 3308301))
	  ->  Bitmap Index Scan on sbtest6_pkey  (cost=0.00..34.04 rows=960 width=0)
	        Index Cond: ((id >= 3307302) AND (id <= 3308301))

table 7 : explain SELECT c FROM sbtest7 WHERE id BETWEEN 3462967 AND 3463966
	Bitmap Heap Scan on sbtest7  (cost=34.22..3712.78 rows=955 width=121)
	  Recheck Cond: ((id >= 3462967) AND (id <= 3463966))
	  ->  Bitmap Index Scan on sbtest7_pkey  (cost=0.00..33.98 rows=955 width=0)
	        Index Cond: ((id >= 3462967) AND (id <= 3463966))

table 8 : explain SELECT c FROM sbtest8 WHERE id BETWEEN 608468 AND 609467
	Index Scan using sbtest8_pkey on sbtest8  (cost=0.43..3945.54 rows=1007 width=121)
	  Index Cond: ((id >= 608468) AND (id <= 609467))

for: simple_ranges
table 1 : explain SELECT c FROM sbtest1 WHERE id BETWEEN 6607402 AND 6608401
	Bitmap Heap Scan on sbtest1  (cost=35.55..4194.43 rows=1084 width=121)
	  Recheck Cond: ((id >= 6607402) AND (id <= 6608401))
	  ->  Bitmap Index Scan on sbtest1_pkey  (cost=0.00..35.28 rows=1084 width=0)
	        Index Cond: ((id >= 6607402) AND (id <= 6608401))

table 2 : explain SELECT c FROM sbtest2 WHERE id BETWEEN 4837613 AND 4838612
	Bitmap Heap Scan on sbtest2  (cost=34.61..3850.56 rows=993 width=121)
	  Recheck Cond: ((id >= 4837613) AND (id <= 4838612))
	  ->  Bitmap Index Scan on sbtest2_pkey  (cost=0.00..34.37 rows=993 width=0)
	        Index Cond: ((id >= 4837613) AND (id <= 4838612))

table 3 : explain SELECT c FROM sbtest3 WHERE id BETWEEN 1699762 AND 1700761
	Bitmap Heap Scan on sbtest3  (cost=34.59..3845.70 rows=991 width=121)
	  Recheck Cond: ((id >= 1699762) AND (id <= 1700761))
	  ->  Bitmap Index Scan on sbtest3_pkey  (cost=0.00..34.34 rows=991 width=0)
	        Index Cond: ((id >= 1699762) AND (id <= 1700761))

table 4 : explain SELECT c FROM sbtest4 WHERE id BETWEEN 5799604 AND 5800603
	Bitmap Heap Scan on sbtest4  (cost=34.42..3784.08 rows=974 width=121)
	  Recheck Cond: ((id >= 5799604) AND (id <= 5800603))
	  ->  Bitmap Index Scan on sbtest4_pkey  (cost=0.00..34.18 rows=974 width=0)
	        Index Cond: ((id >= 5799604) AND (id <= 5800603))

table 5 : explain SELECT c FROM sbtest5 WHERE id BETWEEN 2979958 AND 2980957
	Bitmap Heap Scan on sbtest5  (cost=34.64..3859.42 rows=996 width=121)
	  Recheck Cond: ((id >= 2979958) AND (id <= 2980957))
	  ->  Bitmap Index Scan on sbtest5_pkey  (cost=0.00..34.40 rows=996 width=0)
	        Index Cond: ((id >= 2979958) AND (id <= 2980957))

table 6 : explain SELECT c FROM sbtest6 WHERE id BETWEEN 2570806 AND 2571805
	Bitmap Heap Scan on sbtest6  (cost=34.67..3873.53 rows=999 width=121)
	  Recheck Cond: ((id >= 2570806) AND (id <= 2571805))
	  ->  Bitmap Index Scan on sbtest6_pkey  (cost=0.00..34.43 rows=999 width=0)
	        Index Cond: ((id >= 2570806) AND (id <= 2571805))

table 7 : explain SELECT c FROM sbtest7 WHERE id BETWEEN 8531312 AND 8532311
	Bitmap Heap Scan on sbtest7  (cost=29.72..3523.09 rows=906 width=121)
	  Recheck Cond: ((id >= 8531312) AND (id <= 8532311))
	  ->  Bitmap Index Scan on sbtest7_pkey  (cost=0.00..29.50 rows=906 width=0)
	        Index Cond: ((id >= 8531312) AND (id <= 8532311))

table 8 : explain SELECT c FROM sbtest8 WHERE id BETWEEN 3800439 AND 3801438
	Bitmap Heap Scan on sbtest8  (cost=40.14..4420.76 rows=1142 width=121)
	  Recheck Cond: ((id >= 3800439) AND (id <= 3801438))
	  ->  Bitmap Index Scan on sbtest8_pkey  (cost=0.00..39.86 rows=1142 width=0)
	        Index Cond: ((id >= 3800439) AND (id <= 3801438))

for point_selects
table 1 : explain SELECT c FROM sbtest1 WHERE id=3539848
	Index Scan using sbtest1_pkey on sbtest1  (cost=0.43..8.45 rows=1 width=121)
	  Index Cond: (id = 3539848)

table 2 : explain SELECT c FROM sbtest2 WHERE id=7203416
	Index Scan using sbtest2_pkey on sbtest2  (cost=0.43..8.45 rows=1 width=121)
	  Index Cond: (id = 7203416)

table 3 : explain SELECT c FROM sbtest3 WHERE id=6714359
	Index Scan using sbtest3_pkey on sbtest3  (cost=0.43..8.45 rows=1 width=121)
	  Index Cond: (id = 6714359)

table 4 : explain SELECT c FROM sbtest4 WHERE id=7210284
	Index Scan using sbtest4_pkey on sbtest4  (cost=0.43..8.45 rows=1 width=121)
	  Index Cond: (id = 7210284)

table 5 : explain SELECT c FROM sbtest5 WHERE id=8798182
	Index Scan using sbtest5_pkey on sbtest5  (cost=0.43..8.45 rows=1 width=121)
	  Index Cond: (id = 8798182)

table 6 : explain SELECT c FROM sbtest6 WHERE id=3271500
	Index Scan using sbtest6_pkey on sbtest6  (cost=0.43..8.45 rows=1 width=121)
	  Index Cond: (id = 3271500)

table 7 : explain SELECT c FROM sbtest7 WHERE id=8403639
	Index Scan using sbtest7_pkey on sbtest7  (cost=0.43..8.45 rows=1 width=121)
	  Index Cond: (id = 8403639)

table 8 : explain SELECT c FROM sbtest8 WHERE id=5698017
	Index Scan using sbtest8_pkey on sbtest8  (cost=0.43..8.45 rows=1 width=121)
	  Index Cond: (id = 5698017)

for: simple_ranges
table 1 : explain SELECT c FROM sbtest1 WHERE id BETWEEN 8493570 AND 8494569
	Bitmap Heap Scan on sbtest1  (cost=34.71..3885.45 rows=1002 width=121)
	  Recheck Cond: ((id >= 8493570) AND (id <= 8494569))
	  ->  Bitmap Index Scan on sbtest1_pkey  (cost=0.00..34.45 rows=1002 width=0)
	        Index Cond: ((id >= 8493570) AND (id <= 8494569))

table 2 : explain SELECT c FROM sbtest2 WHERE id BETWEEN 7435988 AND 7436987
	Bitmap Heap Scan on sbtest2  (cost=39.84..4306.40 rows=1113 width=121)
	  Recheck Cond: ((id >= 7435988) AND (id <= 7436987))
	  ->  Bitmap Index Scan on sbtest2_pkey  (cost=0.00..39.57 rows=1113 width=0)
	        Index Cond: ((id >= 7435988) AND (id <= 7436987))

table 3 : explain SELECT c FROM sbtest3 WHERE id BETWEEN 227547 AND 228546
	Bitmap Heap Scan on sbtest3  (cost=35.49..4177.61 rows=1079 width=121)
	  Recheck Cond: ((id >= 227547) AND (id <= 228546))
	  ->  Bitmap Index Scan on sbtest3_pkey  (cost=0.00..35.23 rows=1079 width=0)
	        Index Cond: ((id >= 227547) AND (id <= 228546))

table 4 : explain SELECT c FROM sbtest4 WHERE id BETWEEN 1652623 AND 1653622
	Bitmap Heap Scan on sbtest4  (cost=29.58..3469.42 rows=892 width=121)
	  Recheck Cond: ((id >= 1652623) AND (id <= 1653622))
	  ->  Bitmap Index Scan on sbtest4_pkey  (cost=0.00..29.36 rows=892 width=0)
	        Index Cond: ((id >= 1652623) AND (id <= 1653622))

table 5 : explain SELECT c FROM sbtest5 WHERE id BETWEEN 4989938 AND 4990937
	Bitmap Heap Scan on sbtest5  (cost=34.83..3927.23 rows=1014 width=121)
	  Recheck Cond: ((id >= 4989938) AND (id <= 4990937))
	  ->  Bitmap Index Scan on sbtest5_pkey  (cost=0.00..34.58 rows=1014 width=0)
	        Index Cond: ((id >= 4989938) AND (id <= 4990937))

table 6 : explain SELECT c FROM sbtest6 WHERE id BETWEEN 6009977 AND 6010976
	Bitmap Heap Scan on sbtest6  (cost=34.29..3730.08 rows=961 width=121)
	  Recheck Cond: ((id >= 6009977) AND (id <= 6010976))
	  ->  Bitmap Index Scan on sbtest6_pkey  (cost=0.00..34.05 rows=961 width=0)
	        Index Cond: ((id >= 6009977) AND (id <= 6010976))

table 7 : explain SELECT c FROM sbtest7 WHERE id BETWEEN 473975 AND 474974
	Bitmap Heap Scan on sbtest7  (cost=39.71..4264.56 rows=1100 width=121)
	  Recheck Cond: ((id >= 473975) AND (id <= 474974))
	  ->  Bitmap Index Scan on sbtest7_pkey  (cost=0.00..39.44 rows=1100 width=0)
	        Index Cond: ((id >= 473975) AND (id <= 474974))

table 8 : explain SELECT c FROM sbtest8 WHERE id BETWEEN 395235 AND 396234
	Index Scan using sbtest8_pkey on sbtest8  (cost=0.43..3770.16 rows=962 width=121)
	  Index Cond: ((id >= 395235) AND (id <= 396234))

for: simple_ranges
table 1 : explain SELECT c FROM sbtest1 WHERE id BETWEEN 7230667 AND 7231666
	Bitmap Heap Scan on sbtest1  (cost=34.45..3791.09 rows=977 width=121)
	  Recheck Cond: ((id >= 7230667) AND (id <= 7231666))
	  ->  Bitmap Index Scan on sbtest1_pkey  (cost=0.00..34.20 rows=977 width=0)
	        Index Cond: ((id >= 7230667) AND (id <= 7231666))

table 2 : explain SELECT c FROM sbtest2 WHERE id BETWEEN 648759 AND 649758
	Bitmap Heap Scan on sbtest2  (cost=35.18..4057.88 rows=1048 width=121)
	  Recheck Cond: ((id >= 648759) AND (id <= 649758))
	  ->  Bitmap Index Scan on sbtest2_pkey  (cost=0.00..34.92 rows=1048 width=0)
	        Index Cond: ((id >= 648759) AND (id <= 649758))

table 3 : explain SELECT c FROM sbtest3 WHERE id BETWEEN 1247471 AND 1248470
	Bitmap Heap Scan on sbtest3  (cost=34.31..3739.89 rows=963 width=121)
	  Recheck Cond: ((id >= 1247471) AND (id <= 1248470))
	  ->  Bitmap Index Scan on sbtest3_pkey  (cost=0.00..34.07 rows=963 width=0)
	        Index Cond: ((id >= 1247471) AND (id <= 1248470))

table 4 : explain SELECT c FROM sbtest4 WHERE id BETWEEN 5935499 AND 5936498
	Bitmap Heap Scan on sbtest4  (cost=39.92..4339.14 rows=1120 width=121)
	  Recheck Cond: ((id >= 5935499) AND (id <= 5936498))
	  ->  Bitmap Index Scan on sbtest4_pkey  (cost=0.00..39.64 rows=1120 width=0)
	        Index Cond: ((id >= 5935499) AND (id <= 5936498))

table 5 : explain SELECT c FROM sbtest5 WHERE id BETWEEN 6741382 AND 6742381
	Bitmap Heap Scan on sbtest5  (cost=34.74..3893.33 rows=1005 width=121)
	  Recheck Cond: ((id >= 6741382) AND (id <= 6742381))
	  ->  Bitmap Index Scan on sbtest5_pkey  (cost=0.00..34.48 rows=1005 width=0)
	        Index Cond: ((id >= 6741382) AND (id <= 6742381))

table 6 : explain SELECT c FROM sbtest6 WHERE id BETWEEN 702300 AND 703299
	Bitmap Heap Scan on sbtest6  (cost=34.50..3809.38 rows=982 width=121)
	  Recheck Cond: ((id >= 702300) AND (id <= 703299))
	  ->  Bitmap Index Scan on sbtest6_pkey  (cost=0.00..34.26 rows=982 width=0)
	        Index Cond: ((id >= 702300) AND (id <= 703299))

table 7 : explain SELECT c FROM sbtest7 WHERE id BETWEEN 5267008 AND 5268007
	Index Scan using sbtest7_pkey on sbtest7  (cost=0.43..3358.80 rows=854 width=121)
	  Index Cond: ((id >= 5267008) AND (id <= 5268007))

table 8 : explain SELECT c FROM sbtest8 WHERE id BETWEEN 1743727 AND 1744726
	Index Scan using sbtest8_pkey on sbtest8  (cost=0.43..3824.72 rows=976 width=121)
	  Index Cond: ((id >= 1743727) AND (id <= 1744726))

for point_selects
table 1 : explain SELECT c FROM sbtest1 WHERE id=2729614
	Index Scan using sbtest1_pkey on sbtest1  (cost=0.43..8.45 rows=1 width=121)
	  Index Cond: (id = 2729614)

table 2 : explain SELECT c FROM sbtest2 WHERE id=1497705
	Index Scan using sbtest2_pkey on sbtest2  (cost=0.43..8.45 rows=1 width=121)
	  Index Cond: (id = 1497705)

table 3 : explain SELECT c FROM sbtest3 WHERE id=2820858
	Index Scan using sbtest3_pkey on sbtest3  (cost=0.43..8.45 rows=1 width=121)
	  Index Cond: (id = 2820858)

table 4 : explain SELECT c FROM sbtest4 WHERE id=2454813
	Index Scan using sbtest4_pkey on sbtest4  (cost=0.43..8.45 rows=1 width=121)
	  Index Cond: (id = 2454813)

table 5 : explain SELECT c FROM sbtest5 WHERE id=406347
	Index Scan using sbtest5_pkey on sbtest5  (cost=0.43..8.45 rows=1 width=121)
	  Index Cond: (id = 406347)

table 6 : explain SELECT c FROM sbtest6 WHERE id=6274219
	Index Scan using sbtest6_pkey on sbtest6  (cost=0.43..8.45 rows=1 width=121)
	  Index Cond: (id = 6274219)

table 7 : explain SELECT c FROM sbtest7 WHERE id=8116506
	Index Scan using sbtest7_pkey on sbtest7  (cost=0.43..8.45 rows=1 width=121)
	  Index Cond: (id = 8116506)

table 8 : explain SELECT c FROM sbtest8 WHERE id=5758030
	Index Scan using sbtest8_pkey on sbtest8  (cost=0.43..8.45 rows=1 width=121)
	  Index Cond: (id = 5758030)

for: distinct_ranges
table 1 : explain SELECT DISTINCT c FROM sbtest1 WHERE id BETWEEN 4708036 AND 4709035 ORDER BY c
	Unique  (cost=3966.03..3971.08 rows=1010 width=121)
	  ->  Sort  (cost=3966.03..3968.56 rows=1010 width=121)
	        Sort Key: c
	        ->  Bitmap Heap Scan on sbtest1  (cost=34.79..3915.63 rows=1010 width=121)
	              Recheck Cond: ((id >= 4708036) AND (id <= 4709035))
	              ->  Bitmap Index Scan on sbtest1_pkey  (cost=0.00..34.54 rows=1010 width=0)
	                    Index Cond: ((id >= 4708036) AND (id <= 4709035))

table 2 : explain SELECT DISTINCT c FROM sbtest2 WHERE id BETWEEN 4111108 AND 4112107 ORDER BY c
	Unique  (cost=3869.35..3874.28 rows=985 width=121)
	  ->  Sort  (cost=3869.35..3871.81 rows=985 width=121)
	        Sort Key: c
	        ->  Bitmap Heap Scan on sbtest2  (cost=34.53..3820.38 rows=985 width=121)
	              Recheck Cond: ((id >= 4111108) AND (id <= 4112107))
	              ->  Bitmap Index Scan on sbtest2_pkey  (cost=0.00..34.29 rows=985 width=0)
	                    Index Cond: ((id >= 4111108) AND (id <= 4112107))

table 3 : explain SELECT DISTINCT c FROM sbtest3 WHERE id BETWEEN 8696397 AND 8697396 ORDER BY c
	Unique  (cost=3799.13..3803.96 rows=966 width=121)
	  ->  Sort  (cost=3799.13..3801.54 rows=966 width=121)
	        Sort Key: c
	        ->  Bitmap Heap Scan on sbtest3  (cost=34.34..3751.23 rows=966 width=121)
	              Recheck Cond: ((id >= 8696397) AND (id <= 8697396))
	              ->  Bitmap Index Scan on sbtest3_pkey  (cost=0.00..34.09 rows=966 width=0)
	                    Index Cond: ((id >= 8696397) AND (id <= 8697396))

table 4 : explain SELECT DISTINCT c FROM sbtest4 WHERE id BETWEEN 4266746 AND 4267745 ORDER BY c
	Unique  (cost=3567.02..3571.55 rows=906 width=121)
	  ->  Sort  (cost=3567.02..3569.29 rows=906 width=121)
	        Sort Key: c
	        ->  Bitmap Heap Scan on sbtest4  (cost=29.72..3522.52 rows=906 width=121)
	              Recheck Cond: ((id >= 4266746) AND (id <= 4267745))
	              ->  Bitmap Index Scan on sbtest4_pkey  (cost=0.00..29.50 rows=906 width=0)
	                    Index Cond: ((id >= 4266746) AND (id <= 4267745))

table 5 : explain SELECT DISTINCT c FROM sbtest5 WHERE id BETWEEN 1828353 AND 1829352 ORDER BY c
	Unique  (cost=4180.34..4185.68 rows=1067 width=121)
	  ->  Sort  (cost=4180.34..4183.01 rows=1067 width=121)
	        Sort Key: c
	        ->  Bitmap Heap Scan on sbtest5  (cost=35.37..4126.67 rows=1067 width=121)
	              Recheck Cond: ((id >= 1828353) AND (id <= 1829352))
	              ->  Bitmap Index Scan on sbtest5_pkey  (cost=0.00..35.11 rows=1067 width=0)
	                    Index Cond: ((id >= 1828353) AND (id <= 1829352))

table 6 : explain SELECT DISTINCT c FROM sbtest6 WHERE id BETWEEN 7391407 AND 7392406 ORDER BY c
	Unique  (cost=3858.18..3863.09 rows=982 width=121)
	  ->  Sort  (cost=3858.18..3860.64 rows=982 width=121)
	        Sort Key: c
	        ->  Bitmap Heap Scan on sbtest6  (cost=34.50..3809.38 rows=982 width=121)
	              Recheck Cond: ((id >= 7391407) AND (id <= 7392406))
	              ->  Bitmap Index Scan on sbtest6_pkey  (cost=0.00..34.26 rows=982 width=0)
	                    Index Cond: ((id >= 7391407) AND (id <= 7392406))

table 7 : explain SELECT DISTINCT c FROM sbtest7 WHERE id BETWEEN 6595988 AND 6596987 ORDER BY c
	Unique  (cost=4293.16..4298.63 rows=1094 width=121)
	  ->  Sort  (cost=4293.16..4295.90 rows=1094 width=121)
	        Sort Key: c
	        ->  Bitmap Heap Scan on sbtest7  (cost=35.65..4237.94 rows=1094 width=121)
	              Recheck Cond: ((id >= 6595988) AND (id <= 6596987))
	              ->  Bitmap Index Scan on sbtest7_pkey  (cost=0.00..35.38 rows=1094 width=0)
	                    Index Cond: ((id >= 6595988) AND (id <= 6596987))

table 8 : explain SELECT DISTINCT c FROM sbtest8 WHERE id BETWEEN 3842918 AND 3843917 ORDER BY c
	Unique  (cost=4478.75..4484.46 rows=1142 width=121)
	  ->  Sort  (cost=4478.75..4481.61 rows=1142 width=121)
	        Sort Key: c
	        ->  Bitmap Heap Scan on sbtest8  (cost=40.14..4420.76 rows=1142 width=121)
	              Recheck Cond: ((id >= 3842918) AND (id <= 3843917))
	              ->  Bitmap Index Scan on sbtest8_pkey  (cost=0.00..39.86 rows=1142 width=0)
	                    Index Cond: ((id >= 3842918) AND (id <= 3843917))

for: simple_ranges
table 1 : explain SELECT c FROM sbtest1 WHERE id BETWEEN 9961432 AND 9962431
	Bitmap Heap Scan on sbtest1  (cost=34.14..3677.74 rows=947 width=121)
	  Recheck Cond: ((id >= 9961432) AND (id <= 9962431))
	  ->  Bitmap Index Scan on sbtest1_pkey  (cost=0.00..33.91 rows=947 width=0)
	        Index Cond: ((id >= 9961432) AND (id <= 9962431))

table 2 : explain SELECT c FROM sbtest2 WHERE id BETWEEN 9793412 AND 9794411
	Bitmap Heap Scan on sbtest2  (cost=34.78..3910.91 rows=1009 width=121)
	  Recheck Cond: ((id >= 9793412) AND (id <= 9794411))
	  ->  Bitmap Index Scan on sbtest2_pkey  (cost=0.00..34.53 rows=1009 width=0)
	        Index Cond: ((id >= 9793412) AND (id <= 9794411))

table 3 : explain SELECT c FROM sbtest3 WHERE id BETWEEN 902824 AND 903823
	Bitmap Heap Scan on sbtest3  (cost=34.89..3955.18 rows=1020 width=121)
	  Recheck Cond: ((id >= 902824) AND (id <= 903823))
	  ->  Bitmap Index Scan on sbtest3_pkey  (cost=0.00..34.64 rows=1020 width=0)
	        Index Cond: ((id >= 902824) AND (id <= 903823))

table 4 : explain SELECT c FROM sbtest4 WHERE id BETWEEN 8989790 AND 8990789
	Bitmap Heap Scan on sbtest4  (cost=29.66..3499.77 rows=900 width=121)
	  Recheck Cond: ((id >= 8989790) AND (id <= 8990789))
	  ->  Bitmap Index Scan on sbtest4_pkey  (cost=0.00..29.43 rows=900 width=0)
	        Index Cond: ((id >= 8989790) AND (id <= 8990789))

table 5 : explain SELECT c FROM sbtest5 WHERE id BETWEEN 9678350 AND 9679349
	Bitmap Heap Scan on sbtest5  (cost=34.41..3772.70 rows=973 width=121)
	  Recheck Cond: ((id >= 9678350) AND (id <= 9679349))
	  ->  Bitmap Index Scan on sbtest5_pkey  (cost=0.00..34.17 rows=973 width=0)
	        Index Cond: ((id >= 9678350) AND (id <= 9679349))

table 6 : explain SELECT c FROM sbtest6 WHERE id BETWEEN 3935724 AND 3936723
	Bitmap Heap Scan on sbtest6  (cost=35.56..4197.51 rows=1085 width=121)
	  Recheck Cond: ((id >= 3935724) AND (id <= 3936723))
	  ->  Bitmap Index Scan on sbtest6_pkey  (cost=0.00..35.29 rows=1085 width=0)
	        Index Cond: ((id >= 3935724) AND (id <= 3936723))

table 7 : explain SELECT c FROM sbtest7 WHERE id BETWEEN 3088834 AND 3089833
	Bitmap Heap Scan on sbtest7  (cost=34.69..3883.05 rows=1000 width=121)
	  Recheck Cond: ((id >= 3088834) AND (id <= 3089833))
	  ->  Bitmap Index Scan on sbtest7_pkey  (cost=0.00..34.44 rows=1000 width=0)
	        Index Cond: ((id >= 3088834) AND (id <= 3089833))

table 8 : explain SELECT c FROM sbtest8 WHERE id BETWEEN 9043022 AND 9044021
	Index Scan using sbtest8_pkey on sbtest8  (cost=0.43..3937.75 rows=1005 width=121)
	  Index Cond: ((id >= 9043022) AND (id <= 9044021))

for point_selects
table 1 : explain SELECT c FROM sbtest1 WHERE id=6360280
	Index Scan using sbtest1_pkey on sbtest1  (cost=0.43..8.45 rows=1 width=121)
	  Index Cond: (id = 6360280)

table 2 : explain SELECT c FROM sbtest2 WHERE id=8321278
	Index Scan using sbtest2_pkey on sbtest2  (cost=0.43..8.45 rows=1 width=121)
	  Index Cond: (id = 8321278)

table 3 : explain SELECT c FROM sbtest3 WHERE id=3502483
	Index Scan using sbtest3_pkey on sbtest3  (cost=0.43..8.45 rows=1 width=121)
	  Index Cond: (id = 3502483)

table 4 : explain SELECT c FROM sbtest4 WHERE id=9349702
	Index Scan using sbtest4_pkey on sbtest4  (cost=0.43..8.45 rows=1 width=121)
	  Index Cond: (id = 9349702)

table 5 : explain SELECT c FROM sbtest5 WHERE id=9299231
	Index Scan using sbtest5_pkey on sbtest5  (cost=0.43..8.45 rows=1 width=121)
	  Index Cond: (id = 9299231)

table 6 : explain SELECT c FROM sbtest6 WHERE id=3489390
	Index Scan using sbtest6_pkey on sbtest6  (cost=0.43..8.45 rows=1 width=121)
	  Index Cond: (id = 3489390)

table 7 : explain SELECT c FROM sbtest7 WHERE id=1222408
	Index Scan using sbtest7_pkey on sbtest7  (cost=0.43..8.45 rows=1 width=121)
	  Index Cond: (id = 1222408)

table 8 : explain SELECT c FROM sbtest8 WHERE id=3645583
	Index Scan using sbtest8_pkey on sbtest8  (cost=0.43..8.45 rows=1 width=121)
	  Index Cond: (id = 3645583)

for: distinct_ranges
table 1 : explain SELECT DISTINCT c FROM sbtest1 WHERE id BETWEEN 1256971 AND 1257970 ORDER BY c
	Unique  (cost=3927.74..3932.74 rows=1000 width=121)
	  ->  Sort  (cost=3927.74..3930.24 rows=1000 width=121)
	        Sort Key: c
	        ->  Bitmap Heap Scan on sbtest1  (cost=34.69..3877.91 rows=1000 width=121)
	              Recheck Cond: ((id >= 1256971) AND (id <= 1257970))
	              ->  Bitmap Index Scan on sbtest1_pkey  (cost=0.00..34.44 rows=1000 width=0)
	                    Index Cond: ((id >= 1256971) AND (id <= 1257970))

table 2 : explain SELECT DISTINCT c FROM sbtest2 WHERE id BETWEEN 3484295 AND 3485294 ORDER BY c
	Unique  (cost=3735.20..3739.95 rows=950 width=121)
	  ->  Sort  (cost=3735.20..3737.58 rows=950 width=121)
	        Sort Key: c
	        ->  Bitmap Heap Scan on sbtest2  (cost=34.17..3688.21 rows=950 width=121)
	              Recheck Cond: ((id >= 3484295) AND (id <= 3485294))
	              ->  Bitmap Index Scan on sbtest2_pkey  (cost=0.00..33.94 rows=950 width=0)
	                    Index Cond: ((id >= 3484295) AND (id <= 3485294))

table 3 : explain SELECT DISTINCT c FROM sbtest3 WHERE id BETWEEN 8272492 AND 8273491 ORDER BY c
	Unique  (cost=3668.60..3673.26 rows=932 width=121)
	  ->  Sort  (cost=3668.60..3670.93 rows=932 width=121)
	        Sort Key: c
	        ->  Bitmap Heap Scan on sbtest3  (cost=33.99..3622.63 rows=932 width=121)
	              Recheck Cond: ((id >= 8272492) AND (id <= 8273491))
	              ->  Bitmap Index Scan on sbtest3_pkey  (cost=0.00..33.76 rows=932 width=0)
	                    Index Cond: ((id >= 8272492) AND (id <= 8273491))

table 4 : explain SELECT DISTINCT c FROM sbtest4 WHERE id BETWEEN 904462 AND 905461 ORDER BY c
	Unique  (cost=3721.01..3725.74 rows=945 width=121)
	  ->  Sort  (cost=3721.01..3723.38 rows=945 width=121)
	        Sort Key: c
	        ->  Bitmap Heap Scan on sbtest4  (cost=34.12..3674.31 rows=945 width=121)
	              Recheck Cond: ((id >= 904462) AND (id <= 905461))
	              ->  Bitmap Index Scan on sbtest4_pkey  (cost=0.00..33.89 rows=945 width=0)
	                    Index Cond: ((id >= 904462) AND (id <= 905461))

table 5 : explain SELECT DISTINCT c FROM sbtest5 WHERE id BETWEEN 1008589 AND 1009588 ORDER BY c
	Unique  (cost=3667.75..3672.42 rows=933 width=121)
	  ->  Sort  (cost=3667.75..3670.09 rows=933 width=121)
	        Sort Key: c
	        ->  Bitmap Heap Scan on sbtest5  (cost=34.00..3621.73 rows=933 width=121)
	              Recheck Cond: ((id >= 1008589) AND (id <= 1009588))
	              ->  Bitmap Index Scan on sbtest5_pkey  (cost=0.00..33.77 rows=933 width=0)
	                    Index Cond: ((id >= 1008589) AND (id <= 1009588))

table 6 : explain SELECT DISTINCT c FROM sbtest6 WHERE id BETWEEN 1110554 AND 1111553 ORDER BY c
	Unique  (cost=3739.35..3744.10 rows=951 width=121)
	  ->  Sort  (cost=3739.35..3741.72 rows=951 width=121)
	        Sort Key: c
	        ->  Bitmap Heap Scan on sbtest6  (cost=34.18..3692.30 rows=951 width=121)
	              Recheck Cond: ((id >= 1110554) AND (id <= 1111553))
	              ->  Bitmap Index Scan on sbtest6_pkey  (cost=0.00..33.95 rows=951 width=0)
	                    Index Cond: ((id >= 1110554) AND (id <= 1111553))

table 7 : explain SELECT DISTINCT c FROM sbtest7 WHERE id BETWEEN 8534195 AND 8535194 ORDER BY c
	Unique  (cost=3567.59..3572.12 rows=906 width=121)
	  ->  Sort  (cost=3567.59..3569.85 rows=906 width=121)
	        Sort Key: c
	        ->  Bitmap Heap Scan on sbtest7  (cost=29.72..3523.09 rows=906 width=121)
	              Recheck Cond: ((id >= 8534195) AND (id <= 8535194))
	              ->  Bitmap Index Scan on sbtest7_pkey  (cost=0.00..29.50 rows=906 width=0)
	                    Index Cond: ((id >= 8534195) AND (id <= 8535194))

table 8 : explain SELECT DISTINCT c FROM sbtest8 WHERE id BETWEEN 2047520 AND 2048519 ORDER BY c
	Unique  (cost=4153.51..4158.80 rows=1058 width=121)
	  ->  Sort  (cost=4153.51..4156.16 rows=1058 width=121)
	        Sort Key: c
	        ->  Bitmap Heap Scan on sbtest8  (cost=35.28..4100.36 rows=1058 width=121)
	              Recheck Cond: ((id >= 2047520) AND (id <= 2048519))
	              ->  Bitmap Index Scan on sbtest8_pkey  (cost=0.00..35.02 rows=1058 width=0)
	                    Index Cond: ((id >= 2047520) AND (id <= 2048519))

for: simple_ranges
table 1 : explain SELECT c FROM sbtest1 WHERE id BETWEEN 6429148 AND 6430147
	Bitmap Heap Scan on sbtest1  (cost=34.22..3707.98 rows=955 width=121)
	  Recheck Cond: ((id >= 6429148) AND (id <= 6430147))
	  ->  Bitmap Index Scan on sbtest1_pkey  (cost=0.00..33.98 rows=955 width=0)
	        Index Cond: ((id >= 6429148) AND (id <= 6430147))

table 2 : explain SELECT c FROM sbtest2 WHERE id BETWEEN 4861549 AND 4862548
	Bitmap Heap Scan on sbtest2  (cost=34.61..3850.56 rows=993 width=121)
	  Recheck Cond: ((id >= 4861549) AND (id <= 4862548))
	  ->  Bitmap Index Scan on sbtest2_pkey  (cost=0.00..34.37 rows=993 width=0)
	        Index Cond: ((id >= 4861549) AND (id <= 4862548))

table 3 : explain SELECT c FROM sbtest3 WHERE id BETWEEN 9550194 AND 9551193
	Bitmap Heap Scan on sbtest3  (cost=34.25..3720.99 rows=958 width=121)
	  Recheck Cond: ((id >= 9550194) AND (id <= 9551193))
	  ->  Bitmap Index Scan on sbtest3_pkey  (cost=0.00..34.02 rows=958 width=0)
	        Index Cond: ((id >= 9550194) AND (id <= 9551193))

table 4 : explain SELECT c FROM sbtest4 WHERE id BETWEEN 1130249 AND 1131248
	Bitmap Heap Scan on sbtest4  (cost=35.18..4063.71 rows=1048 width=121)
	  Recheck Cond: ((id >= 1130249) AND (id <= 1131248))
	  ->  Bitmap Index Scan on sbtest4_pkey  (cost=0.00..34.92 rows=1048 width=0)
	        Index Cond: ((id >= 1130249) AND (id <= 1131248))

table 5 : explain SELECT c FROM sbtest5 WHERE id BETWEEN 5004781 AND 5005780
	Bitmap Heap Scan on sbtest5  (cost=34.87..3942.30 rows=1018 width=121)
	  Recheck Cond: ((id >= 5004781) AND (id <= 5005780))
	  ->  Bitmap Index Scan on sbtest5_pkey  (cost=0.00..34.62 rows=1018 width=0)
	        Index Cond: ((id >= 5004781) AND (id <= 5005780))

table 6 : explain SELECT c FROM sbtest6 WHERE id BETWEEN 9329951 AND 9330950
	Bitmap Heap Scan on sbtest6  (cost=34.31..3737.64 rows=963 width=121)
	  Recheck Cond: ((id >= 9329951) AND (id <= 9330950))
	  ->  Bitmap Index Scan on sbtest6_pkey  (cost=0.00..34.07 rows=963 width=0)
	        Index Cond: ((id >= 9329951) AND (id <= 9330950))

table 7 : explain SELECT c FROM sbtest7 WHERE id BETWEEN 1896928 AND 1897927
	Bitmap Heap Scan on sbtest7  (cost=34.97..3988.88 rows=1028 width=121)
	  Recheck Cond: ((id >= 1896928) AND (id <= 1897927))
	  ->  Bitmap Index Scan on sbtest7_pkey  (cost=0.00..34.72 rows=1028 width=0)
	        Index Cond: ((id >= 1896928) AND (id <= 1897927))

table 8 : explain SELECT c FROM sbtest8 WHERE id BETWEEN 608600 AND 609599
	Index Scan using sbtest8_pkey on sbtest8  (cost=0.43..3953.33 rows=1009 width=121)
	  Index Cond: ((id >= 608600) AND (id <= 609599))

for point_selects
table 1 : explain SELECT c FROM sbtest1 WHERE id=402851
	Index Scan using sbtest1_pkey on sbtest1  (cost=0.43..8.45 rows=1 width=121)
	  Index Cond: (id = 402851)

table 2 : explain SELECT c FROM sbtest2 WHERE id=8488485
	Index Scan using sbtest2_pkey on sbtest2  (cost=0.43..8.45 rows=1 width=121)
	  Index Cond: (id = 8488485)

table 3 : explain SELECT c FROM sbtest3 WHERE id=4048887
	Index Scan using sbtest3_pkey on sbtest3  (cost=0.43..8.45 rows=1 width=121)
	  Index Cond: (id = 4048887)

table 4 : explain SELECT c FROM sbtest4 WHERE id=223654
	Index Scan using sbtest4_pkey on sbtest4  (cost=0.43..8.45 rows=1 width=121)
	  Index Cond: (id = 223654)

table 5 : explain SELECT c FROM sbtest5 WHERE id=5592386
	Index Scan using sbtest5_pkey on sbtest5  (cost=0.43..8.45 rows=1 width=121)
	  Index Cond: (id = 5592386)

table 6 : explain SELECT c FROM sbtest6 WHERE id=570704
	Index Scan using sbtest6_pkey on sbtest6  (cost=0.43..8.45 rows=1 width=121)
	  Index Cond: (id = 570704)

table 7 : explain SELECT c FROM sbtest7 WHERE id=5227591
	Index Scan using sbtest7_pkey on sbtest7  (cost=0.43..8.45 rows=1 width=121)
	  Index Cond: (id = 5227591)

table 8 : explain SELECT c FROM sbtest8 WHERE id=1831062
	Index Scan using sbtest8_pkey on sbtest8  (cost=0.43..8.45 rows=1 width=121)
	  Index Cond: (id = 1831062)

explain: for point_selects :: explain SELECT c FROM sbtest%u WHERE id=%u
explain: for point_selects :: explain SELECT c FROM sbtest%u WHERE id=%u
for point_selects
table 1 : explain SELECT c FROM sbtest1 WHERE id=9067766
	Index Scan using sbtest1_pkey on sbtest1  (cost=0.43..8.45 rows=1 width=121)
	  Index Cond: (id = 9067766)

table 2 : explain SELECT c FROM sbtest2 WHERE id=7013247
	Index Scan using sbtest2_pkey on sbtest2  (cost=0.43..8.45 rows=1 width=121)
	  Index Cond: (id = 7013247)

table 3 : explain SELECT c FROM sbtest3 WHERE id=2634392
	Index Scan using sbtest3_pkey on sbtest3  (cost=0.43..8.45 rows=1 width=121)
	  Index Cond: (id = 2634392)

table 4 : explain SELECT c FROM sbtest4 WHERE id=4870862
	Index Scan using sbtest4_pkey on sbtest4  (cost=0.43..8.45 rows=1 width=121)
	  Index Cond: (id = 4870862)

table 5 : explain SELECT c FROM sbtest5 WHERE id=4512261
	Index Scan using sbtest5_pkey on sbtest5  (cost=0.43..8.45 rows=1 width=121)
	  Index Cond: (id = 4512261)

table 6 : explain SELECT c FROM sbtest6 WHERE id=6488124
	Index Scan using sbtest6_pkey on sbtest6  (cost=0.43..8.45 rows=1 width=121)
	  Index Cond: (id = 6488124)

table 7 : explain SELECT c FROM sbtest7 WHERE id=9335412
	Index Scan using sbtest7_pkey on sbtest7  (cost=0.43..8.45 rows=1 width=121)
	  Index Cond: (id = 9335412)

table 8 : explain SELECT c FROM sbtest8 WHERE id=600427
	Index Scan using sbtest8_pkey on sbtest8  (cost=0.43..8.45 rows=1 width=121)
	  Index Cond: (id = 600427)

for: sum_ranges
table 1 : explain SELECT SUM(k) FROM sbtest1 WHERE id BETWEEN 6953299 AND 6954298
	Aggregate  (cost=3759.52..3759.53 rows=1 width=8)
	  ->  Bitmap Heap Scan on sbtest1  (cost=34.36..3757.10 rows=968 width=4)
	        Recheck Cond: ((id >= 6953299) AND (id <= 6954298))
	        ->  Bitmap Index Scan on sbtest1_pkey  (cost=0.00..34.12 rows=968 width=0)
	              Index Cond: ((id >= 6953299) AND (id <= 6954298))

table 2 : explain SELECT SUM(k) FROM sbtest2 WHERE id BETWEEN 3107659 AND 3108658
	Aggregate  (cost=3909.66..3909.67 rows=1 width=8)
	  ->  Bitmap Heap Scan on sbtest2  (cost=34.77..3907.14 rows=1008 width=4)
	        Recheck Cond: ((id >= 3107659) AND (id <= 3108658))
	        ->  Bitmap Index Scan on sbtest2_pkey  (cost=0.00..34.52 rows=1008 width=0)
	              Index Cond: ((id >= 3107659) AND (id <= 3108658))

table 3 : explain SELECT SUM(k) FROM sbtest3 WHERE id BETWEEN 1005299 AND 1006298
	Aggregate  (cost=3889.75..3889.76 rows=1 width=8)
	  ->  Bitmap Heap Scan on sbtest3  (cost=34.71..3887.24 rows=1002 width=4)
	        Recheck Cond: ((id >= 1005299) AND (id <= 1006298))
	        ->  Bitmap Index Scan on sbtest3_pkey  (cost=0.00..34.45 rows=1002 width=0)
	              Index Cond: ((id >= 1005299) AND (id <= 1006298))

table 4 : explain SELECT SUM(k) FROM sbtest4 WHERE id BETWEEN 7461337 AND 7462336
	Aggregate  (cost=4179.57..4179.58 rows=1 width=8)
	  ->  Bitmap Heap Scan on sbtest4  (cost=35.48..4176.88 rows=1078 width=4)
	        Recheck Cond: ((id >= 7461337) AND (id <= 7462336))
	        ->  Bitmap Index Scan on sbtest4_pkey  (cost=0.00..35.22 rows=1078 width=0)
	              Index Cond: ((id >= 7461337) AND (id <= 7462336))

table 5 : explain SELECT SUM(k) FROM sbtest5 WHERE id BETWEEN 3244239 AND 3245238
	Aggregate  (cost=4125.58..4125.59 rows=1 width=8)
	  ->  Bitmap Heap Scan on sbtest5  (cost=35.36..4122.91 rows=1066 width=4)
	        Recheck Cond: ((id >= 3244239) AND (id <= 3245238))
	        ->  Bitmap Index Scan on sbtest5_pkey  (cost=0.00..35.09 rows=1066 width=0)
	              Index Cond: ((id >= 3244239) AND (id <= 3245238))

table 6 : explain SELECT SUM(k) FROM sbtest6 WHERE id BETWEEN 9017903 AND 9018902
	Aggregate  (cost=3819.39..3819.40 rows=1 width=8)
	  ->  Bitmap Heap Scan on sbtest6  (cost=34.52..3816.93 rows=984 width=4)
	        Recheck Cond: ((id >= 9017903) AND (id <= 9018902))
	        ->  Bitmap Index Scan on sbtest6_pkey  (cost=0.00..34.28 rows=984 width=0)
	              Index Cond: ((id >= 9017903) AND (id <= 9018902))

table 7 : explain SELECT SUM(k) FROM sbtest7 WHERE id BETWEEN 1358889 AND 1359888
	Aggregate  (cost=3809.86..3809.87 rows=1 width=8)
	  ->  Bitmap Heap Scan on sbtest7  (cost=34.48..3807.41 rows=980 width=4)
	        Recheck Cond: ((id >= 1358889) AND (id <= 1359888))
	        ->  Bitmap Index Scan on sbtest7_pkey  (cost=0.00..34.23 rows=980 width=0)
	              Index Cond: ((id >= 1358889) AND (id <= 1359888))

table 8 : explain SELECT SUM(k) FROM sbtest8 WHERE id BETWEEN 9399162 AND 9400161
	Aggregate  (cost=3749.14..3749.15 rows=1 width=8)
	  ->  Index Scan using sbtest8_pkey on sbtest8  (cost=0.43..3746.75 rows=956 width=4)
	        Index Cond: ((id >= 9399162) AND (id <= 9400161))

for: sum_ranges
table 1 : explain SELECT SUM(k) FROM sbtest1 WHERE id BETWEEN 2016908 AND 2017907
	Aggregate  (cost=3899.29..3899.30 rows=1 width=8)
	  ->  Bitmap Heap Scan on sbtest1  (cost=34.74..3896.77 rows=1005 width=4)
	        Recheck Cond: ((id >= 2016908) AND (id <= 2017907))
	        ->  Bitmap Index Scan on sbtest1_pkey  (cost=0.00..34.48 rows=1005 width=0)
	              Index Cond: ((id >= 2016908) AND (id <= 2017907))

table 2 : explain SELECT SUM(k) FROM sbtest2 WHERE id BETWEEN 1292285 AND 1293284
	Aggregate  (cost=3920.98..3920.99 rows=1 width=8)
	  ->  Bitmap Heap Scan on sbtest2  (cost=34.80..3918.45 rows=1011 width=4)
	        Recheck Cond: ((id >= 1292285) AND (id <= 1293284))
	        ->  Bitmap Index Scan on sbtest2_pkey  (cost=0.00..34.55 rows=1011 width=0)
	              Index Cond: ((id >= 1292285) AND (id <= 1293284))

table 3 : explain SELECT SUM(k) FROM sbtest3 WHERE id BETWEEN 9251590 AND 9252589
	Aggregate  (cost=4006.81..4006.82 rows=1 width=8)
	  ->  Bitmap Heap Scan on sbtest3  (cost=35.02..4004.23 rows=1033 width=4)
	        Recheck Cond: ((id >= 9251590) AND (id <= 9252589))
	        ->  Bitmap Index Scan on sbtest3_pkey  (cost=0.00..34.77 rows=1033 width=0)
	              Index Cond: ((id >= 9251590) AND (id <= 9252589))

table 4 : explain SELECT SUM(k) FROM sbtest4 WHERE id BETWEEN 4074380 AND 4075379
	Aggregate  (cost=3794.08..3794.09 rows=1 width=8)
	  ->  Bitmap Heap Scan on sbtest4  (cost=34.44..3791.64 rows=976 width=4)
	        Recheck Cond: ((id >= 4074380) AND (id <= 4075379))
	        ->  Bitmap Index Scan on sbtest4_pkey  (cost=0.00..34.20 rows=976 width=0)
	              Index Cond: ((id >= 4074380) AND (id <= 4075379))

table 5 : explain SELECT SUM(k) FROM sbtest5 WHERE id BETWEEN 3411777 AND 3412776
	Aggregate  (cost=4343.86..4343.87 rows=1 width=8)
	  ->  Bitmap Heap Scan on sbtest5  (cost=39.96..4341.05 rows=1124 width=4)
	        Recheck Cond: ((id >= 3411777) AND (id <= 3412776))
	        ->  Bitmap Index Scan on sbtest5_pkey  (cost=0.00..39.68 rows=1124 width=0)
	              Index Cond: ((id >= 3411777) AND (id <= 3412776))

table 6 : explain SELECT SUM(k) FROM sbtest6 WHERE id BETWEEN 192038 AND 193037
	Aggregate  (cost=4091.01..4091.02 rows=1 width=8)
	  ->  Bitmap Heap Scan on sbtest6  (cost=35.26..4088.37 rows=1056 width=4)
	        Recheck Cond: ((id >= 192038) AND (id <= 193037))
	        ->  Bitmap Index Scan on sbtest6_pkey  (cost=0.00..35.00 rows=1056 width=0)
	              Index Cond: ((id >= 192038) AND (id <= 193037))

table 7 : explain SELECT SUM(k) FROM sbtest7 WHERE id BETWEEN 7499393 AND 7500392
	Aggregate  (cost=3908.25..3908.26 rows=1 width=8)
	  ->  Bitmap Heap Scan on sbtest7  (cost=34.75..3905.74 rows=1006 width=4)
	        Recheck Cond: ((id >= 7499393) AND (id <= 7500392))
	        ->  Bitmap Index Scan on sbtest7_pkey  (cost=0.00..34.50 rows=1006 width=0)
	              Index Cond: ((id >= 7499393) AND (id <= 7500392))

table 8 : explain SELECT SUM(k) FROM sbtest8 WHERE id BETWEEN 7098735 AND 7099734
	Aggregate  (cost=4288.03..4288.04 rows=1 width=8)
	  ->  Bitmap Heap Scan on sbtest8  (cost=39.77..4285.26 rows=1106 width=4)
	        Recheck Cond: ((id >= 7098735) AND (id <= 7099734))
	        ->  Bitmap Index Scan on sbtest8_pkey  (cost=0.00..39.50 rows=1106 width=0)
	              Index Cond: ((id >= 7098735) AND (id <= 7099734))

for: sum_ranges
table 1 : explain SELECT SUM(k) FROM sbtest1 WHERE id BETWEEN 4575199 AND 4576198
	Aggregate  (cost=3414.80..3414.81 rows=1 width=8)
	  ->  Bitmap Heap Scan on sbtest1  (cost=29.43..3412.60 rows=878 width=4)
	        Recheck Cond: ((id >= 4575199) AND (id <= 4576198))
	        ->  Bitmap Index Scan on sbtest1_pkey  (cost=0.00..29.21 rows=878 width=0)
	              Index Cond: ((id >= 4575199) AND (id <= 4576198))

table 2 : explain SELECT SUM(k) FROM sbtest2 WHERE id BETWEEN 8639226 AND 8640225
	Aggregate  (cost=3803.96..3803.97 rows=1 width=8)
	  ->  Bitmap Heap Scan on sbtest2  (cost=34.48..3801.51 rows=980 width=4)
	        Recheck Cond: ((id >= 8639226) AND (id <= 8640225))
	        ->  Bitmap Index Scan on sbtest2_pkey  (cost=0.00..34.23 rows=980 width=0)
	              Index Cond: ((id >= 8639226) AND (id <= 8640225))

table 3 : explain SELECT SUM(k) FROM sbtest3 WHERE id BETWEEN 6197005 AND 6198004
	Aggregate  (cost=4323.67..4323.68 rows=1 width=8)
	  ->  Bitmap Heap Scan on sbtest3  (cost=39.87..4320.88 rows=1116 width=4)
	        Recheck Cond: ((id >= 6197005) AND (id <= 6198004))
	        ->  Bitmap Index Scan on sbtest3_pkey  (cost=0.00..39.59 rows=1116 width=0)
	              Index Cond: ((id >= 6197005) AND (id <= 6198004))

table 4 : explain SELECT SUM(k) FROM sbtest4 WHERE id BETWEEN 1231704 AND 1232703
	Aggregate  (cost=3918.94..3918.95 rows=1 width=8)
	  ->  Bitmap Heap Scan on sbtest4  (cost=34.78..3916.42 rows=1009 width=4)
	        Recheck Cond: ((id >= 1231704) AND (id <= 1232703))
	        ->  Bitmap Index Scan on sbtest4_pkey  (cost=0.00..34.53 rows=1009 width=0)
	              Index Cond: ((id >= 1231704) AND (id <= 1232703))

table 5 : explain SELECT SUM(k) FROM sbtest5 WHERE id BETWEEN 9759747 AND 9760746
	Aggregate  (cost=3941.07..3941.08 rows=1 width=8)
	  ->  Bitmap Heap Scan on sbtest5  (cost=34.86..3938.53 rows=1017 width=4)
	        Recheck Cond: ((id >= 9759747) AND (id <= 9760746))
	        ->  Bitmap Index Scan on sbtest5_pkey  (cost=0.00..34.61 rows=1017 width=0)
	              Index Cond: ((id >= 9759747) AND (id <= 9760746))

table 6 : explain SELECT SUM(k) FROM sbtest6 WHERE id BETWEEN 2027085 AND 2028084
	Aggregate  (cost=3800.50..3800.51 rows=1 width=8)
	  ->  Bitmap Heap Scan on sbtest6  (cost=34.47..3798.06 rows=979 width=4)
	        Recheck Cond: ((id >= 2027085) AND (id <= 2028084))
	        ->  Bitmap Index Scan on sbtest6_pkey  (cost=0.00..34.23 rows=979 width=0)
	              Index Cond: ((id >= 2027085) AND (id <= 2028084))

table 7 : explain SELECT SUM(k) FROM sbtest7 WHERE id BETWEEN 1498475 AND 1499474
	Aggregate  (cost=4002.79..4002.80 rows=1 width=8)
	  ->  Bitmap Heap Scan on sbtest7  (cost=35.00..4000.21 rows=1031 width=4)
	        Recheck Cond: ((id >= 1498475) AND (id <= 1499474))
	        ->  Bitmap Index Scan on sbtest7_pkey  (cost=0.00..34.75 rows=1031 width=0)
	              Index Cond: ((id >= 1498475) AND (id <= 1499474))

table 8 : explain SELECT SUM(k) FROM sbtest8 WHERE id BETWEEN 4892926 AND 4893925
	Aggregate  (cost=3741.35..3741.36 rows=1 width=8)
	  ->  Index Scan using sbtest8_pkey on sbtest8  (cost=0.43..3738.96 rows=954 width=4)
	        Index Cond: ((id >= 4892926) AND (id <= 4893925))

for: simple_ranges
table 1 : explain SELECT c FROM sbtest1 WHERE id BETWEEN 3646869 AND 3647868
	Bitmap Heap Scan on sbtest1  (cost=34.85..3938.27 rows=1016 width=121)
	  Recheck Cond: ((id >= 3646869) AND (id <= 3647868))
	  ->  Bitmap Index Scan on sbtest1_pkey  (cost=0.00..34.59 rows=1016 width=0)
	        Index Cond: ((id >= 3646869) AND (id <= 3647868))

table 2 : explain SELECT c FROM sbtest2 WHERE id BETWEEN 1252909 AND 1253908
	Bitmap Heap Scan on sbtest2  (cost=34.80..3918.45 rows=1011 width=121)
	  Recheck Cond: ((id >= 1252909) AND (id <= 1253908))
	  ->  Bitmap Index Scan on sbtest2_pkey  (cost=0.00..34.55 rows=1011 width=0)
	        Index Cond: ((id >= 1252909) AND (id <= 1253908))

table 3 : explain SELECT c FROM sbtest3 WHERE id BETWEEN 4704655 AND 4705654
	Bitmap Heap Scan on sbtest3  (cost=34.20..3702.08 rows=953 width=121)
	  Recheck Cond: ((id >= 4704655) AND (id <= 4705654))
	  ->  Bitmap Index Scan on sbtest3_pkey  (cost=0.00..33.97 rows=953 width=0)
	        Index Cond: ((id >= 4704655) AND (id <= 4705654))

table 4 : explain SELECT c FROM sbtest4 WHERE id BETWEEN 7060888 AND 7061887
	Bitmap Heap Scan on sbtest4  (cost=40.49..4546.11 rows=1176 width=121)
	  Recheck Cond: ((id >= 7060888) AND (id <= 7061887))
	  ->  Bitmap Index Scan on sbtest4_pkey  (cost=0.00..40.20 rows=1176 width=0)
	        Index Cond: ((id >= 7060888) AND (id <= 7061887))

table 5 : explain SELECT c FROM sbtest5 WHERE id BETWEEN 6931797 AND 6932796
	Bitmap Heap Scan on sbtest5  (cost=34.57..3833.03 rows=989 width=121)
	  Recheck Cond: ((id >= 6931797) AND (id <= 6932796))
	  ->  Bitmap Index Scan on sbtest5_pkey  (cost=0.00..34.33 rows=989 width=0)
	        Index Cond: ((id >= 6931797) AND (id <= 6932796))

table 6 : explain SELECT c FROM sbtest6 WHERE id BETWEEN 1230127 AND 1231126
	Bitmap Heap Scan on sbtest6  (cost=40.05..4378.21 rows=1133 width=121)
	  Recheck Cond: ((id >= 1230127) AND (id <= 1231126))
	  ->  Bitmap Index Scan on sbtest6_pkey  (cost=0.00..39.77 rows=1133 width=0)
	        Index Cond: ((id >= 1230127) AND (id <= 1231126))

table 7 : explain SELECT c FROM sbtest7 WHERE id BETWEEN 2916531 AND 2917530
	Bitmap Heap Scan on sbtest7  (cost=34.35..3758.21 rows=967 width=121)
	  Recheck Cond: ((id >= 2916531) AND (id <= 2917530))
	  ->  Bitmap Index Scan on sbtest7_pkey  (cost=0.00..34.11 rows=967 width=0)
	        Index Cond: ((id >= 2916531) AND (id <= 2917530))

table 8 : explain SELECT c FROM sbtest8 WHERE id BETWEEN 4929146 AND 4930145
	Index Scan using sbtest8_pkey on sbtest8  (cost=0.43..3738.96 rows=954 width=121)
	  Index Cond: ((id >= 4929146) AND (id <= 4930145))

for: sum_ranges
table 1 : explain SELECT SUM(k) FROM sbtest1 WHERE id BETWEEN 6220206 AND 6221205
	Aggregate  (cost=3876.63..3876.64 rows=1 width=8)
	  ->  Bitmap Heap Scan on sbtest1  (cost=34.67..3874.13 rows=999 width=4)
	        Recheck Cond: ((id >= 6220206) AND (id <= 6221205))
	        ->  Bitmap Index Scan on sbtest1_pkey  (cost=0.00..34.43 rows=999 width=0)
	              Index Cond: ((id >= 6220206) AND (id <= 6221205))

table 2 : explain SELECT SUM(k) FROM sbtest2 WHERE id BETWEEN 7919383 AND 7920382
	Aggregate  (cost=3539.04..3539.05 rows=1 width=8)
	  ->  Bitmap Heap Scan on sbtest2  (cost=29.77..3536.76 rows=911 width=4)
	        Recheck Cond: ((id >= 7919383) AND (id <= 7920382))
	        ->  Bitmap Index Scan on sbtest2_pkey  (cost=0.00..29.54 rows=911 width=0)
	              Index Cond: ((id >= 7919383) AND (id <= 7920382))

table 3 : explain SELECT SUM(k) FROM sbtest3 WHERE id BETWEEN 4236195 AND 4237194
	Aggregate  (cost=3772.56..3772.57 rows=1 width=8)
	  ->  Bitmap Heap Scan on sbtest3  (cost=34.39..3770.13 rows=971 width=4)
	        Recheck Cond: ((id >= 4236195) AND (id <= 4237194))
	        ->  Bitmap Index Scan on sbtest3_pkey  (cost=0.00..34.15 rows=971 width=0)
	              Index Cond: ((id >= 4236195) AND (id <= 4237194))

table 4 : explain SELECT SUM(k) FROM sbtest4 WHERE id BETWEEN 857973 AND 858972
	Aggregate  (cost=3952.97..3952.98 rows=1 width=8)
	  ->  Bitmap Heap Scan on sbtest4  (cost=34.87..3950.42 rows=1018 width=4)
	        Recheck Cond: ((id >= 857973) AND (id <= 858972))
	        ->  Bitmap Index Scan on sbtest4_pkey  (cost=0.00..34.62 rows=1018 width=0)
	              Index Cond: ((id >= 857973) AND (id <= 858972))

table 5 : explain SELECT SUM(k) FROM sbtest5 WHERE id BETWEEN 8777156 AND 8778155
	Aggregate  (cost=3752.49..3752.50 rows=1 width=8)
	  ->  Bitmap Heap Scan on sbtest5  (cost=34.35..3750.07 rows=967 width=4)
	        Recheck Cond: ((id >= 8777156) AND (id <= 8778155))
	        ->  Bitmap Index Scan on sbtest5_pkey  (cost=0.00..34.11 rows=967 width=0)
	              Index Cond: ((id >= 8777156) AND (id <= 8778155))

table 6 : explain SELECT SUM(k) FROM sbtest6 WHERE id BETWEEN 4732685 AND 4733684
	Aggregate  (cost=4230.33..4230.34 rows=1 width=8)
	  ->  Bitmap Heap Scan on sbtest6  (cost=35.64..4227.60 rows=1093 width=4)
	        Recheck Cond: ((id >= 4732685) AND (id <= 4733684))
	        ->  Bitmap Index Scan on sbtest6_pkey  (cost=0.00..35.37 rows=1093 width=0)
	              Index Cond: ((id >= 4732685) AND (id <= 4733684))

table 7 : explain SELECT SUM(k) FROM sbtest7 WHERE id BETWEEN 6184446 AND 6185445
	Aggregate  (cost=3881.77..3881.78 rows=1 width=8)
	  ->  Bitmap Heap Scan on sbtest7  (cost=34.67..3879.27 rows=999 width=4)
	        Recheck Cond: ((id >= 6184446) AND (id <= 6185445))
	        ->  Bitmap Index Scan on sbtest7_pkey  (cost=0.00..34.43 rows=999 width=0)
	              Index Cond: ((id >= 6184446) AND (id <= 6185445))

table 8 : explain SELECT SUM(k) FROM sbtest8 WHERE id BETWEEN 9305778 AND 9306777
	Aggregate  (cost=4008.62..4008.63 rows=1 width=8)
	  ->  Bitmap Heap Scan on sbtest8  (cost=35.02..4006.04 rows=1033 width=4)
	        Recheck Cond: ((id >= 9305778) AND (id <= 9306777))
	        ->  Bitmap Index Scan on sbtest8_pkey  (cost=0.00..34.77 rows=1033 width=0)
	              Index Cond: ((id >= 9305778) AND (id <= 9306777))

for: simple_ranges
table 1 : explain SELECT c FROM sbtest1 WHERE id BETWEEN 6149951 AND 6150950
	Bitmap Heap Scan on sbtest1  (cost=34.53..3821.29 rows=985 width=121)
	  Recheck Cond: ((id >= 6149951) AND (id <= 6150950))
	  ->  Bitmap Index Scan on sbtest1_pkey  (cost=0.00..34.29 rows=985 width=0)
	        Index Cond: ((id >= 6149951) AND (id <= 6150950))

table 2 : explain SELECT c FROM sbtest2 WHERE id BETWEEN 8502945 AND 8503944
	Bitmap Heap Scan on sbtest2  (cost=33.87..3574.81 rows=920 width=121)
	  Recheck Cond: ((id >= 8502945) AND (id <= 8503944))
	  ->  Bitmap Index Scan on sbtest2_pkey  (cost=0.00..33.64 rows=920 width=0)
	        Index Cond: ((id >= 8502945) AND (id <= 8503944))

table 3 : explain SELECT c FROM sbtest3 WHERE id BETWEEN 6537751 AND 6538750
	Bitmap Heap Scan on sbtest3  (cost=33.89..3584.78 rows=922 width=121)
	  Recheck Cond: ((id >= 6537751) AND (id <= 6538750))
	  ->  Bitmap Index Scan on sbtest3_pkey  (cost=0.00..33.66 rows=922 width=0)
	        Index Cond: ((id >= 6537751) AND (id <= 6538750))

table 4 : explain SELECT c FROM sbtest4 WHERE id BETWEEN 1807933 AND 1808932
	Bitmap Heap Scan on sbtest4  (cost=35.13..4044.83 rows=1043 width=121)
	  Recheck Cond: ((id >= 1807933) AND (id <= 1808932))
	  ->  Bitmap Index Scan on sbtest4_pkey  (cost=0.00..34.87 rows=1043 width=0)
	        Index Cond: ((id >= 1807933) AND (id <= 1808932))

table 5 : explain SELECT c FROM sbtest5 WHERE id BETWEEN 9236675 AND 9237674
	Bitmap Heap Scan on sbtest5  (cost=33.95..3602.84 rows=928 width=121)
	  Recheck Cond: ((id >= 9236675) AND (id <= 9237674))
	  ->  Bitmap Index Scan on sbtest5_pkey  (cost=0.00..33.72 rows=928 width=0)
	        Index Cond: ((id >= 9236675) AND (id <= 9237674))

table 6 : explain SELECT c FROM sbtest6 WHERE id BETWEEN 8577647 AND 8578646
	Bitmap Heap Scan on sbtest6  (cost=35.09..4028.10 rows=1040 width=121)
	  Recheck Cond: ((id >= 8577647) AND (id <= 8578646))
	  ->  Bitmap Index Scan on sbtest6_pkey  (cost=0.00..34.84 rows=1040 width=0)
	        Index Cond: ((id >= 8577647) AND (id <= 8578646))

table 7 : explain SELECT c FROM sbtest7 WHERE id BETWEEN 759549 AND 760548
	Bitmap Heap Scan on sbtest7  (cost=35.52..4188.92 rows=1081 width=121)
	  Recheck Cond: ((id >= 759549) AND (id <= 760548))
	  ->  Bitmap Index Scan on sbtest7_pkey  (cost=0.00..35.25 rows=1081 width=0)
	        Index Cond: ((id >= 759549) AND (id <= 760548))

table 8 : explain SELECT c FROM sbtest8 WHERE id BETWEEN 5974858 AND 5975857
	Index Scan using sbtest8_pkey on sbtest8  (cost=0.43..3766.27 rows=961 width=121)
	  Index Cond: ((id >= 5974858) AND (id <= 5975857))

for: sum_ranges
table 1 : explain SELECT SUM(k) FROM sbtest1 WHERE id BETWEEN 6549346 AND 6550345
	Aggregate  (cost=4310.29..4310.30 rows=1 width=8)
	  ->  Bitmap Heap Scan on sbtest1  (cost=39.84..4307.50 rows=1113 width=4)
	        Recheck Cond: ((id >= 6549346) AND (id <= 6550345))
	        ->  Bitmap Index Scan on sbtest1_pkey  (cost=0.00..39.57 rows=1113 width=0)
	              Index Cond: ((id >= 6549346) AND (id <= 6550345))

table 2 : explain SELECT SUM(k) FROM sbtest2 WHERE id BETWEEN 4714576 AND 4715575
	Aggregate  (cost=3819.06..3819.07 rows=1 width=8)
	  ->  Bitmap Heap Scan on sbtest2  (cost=34.52..3816.60 rows=984 width=4)
	        Recheck Cond: ((id >= 4714576) AND (id <= 4715575))
	        ->  Bitmap Index Scan on sbtest2_pkey  (cost=0.00..34.28 rows=984 width=0)
	              Index Cond: ((id >= 4714576) AND (id <= 4715575))

table 3 : explain SELECT SUM(k) FROM sbtest3 WHERE id BETWEEN 3337055 AND 3338054
	Aggregate  (cost=4150.15..4150.16 rows=1 width=8)
	  ->  Bitmap Heap Scan on sbtest3  (cost=35.41..4147.47 rows=1071 width=4)
	        Recheck Cond: ((id >= 3337055) AND (id <= 3338054))
	        ->  Bitmap Index Scan on sbtest3_pkey  (cost=0.00..35.15 rows=1071 width=0)
	              Index Cond: ((id >= 3337055) AND (id <= 3338054))

table 4 : explain SELECT SUM(k) FROM sbtest4 WHERE id BETWEEN 4011248 AND 4012247
	Aggregate  (cost=3907.59..3907.60 rows=1 width=8)
	  ->  Bitmap Heap Scan on sbtest4  (cost=34.75..3905.08 rows=1006 width=4)
	        Recheck Cond: ((id >= 4011248) AND (id <= 4012247))
	        ->  Bitmap Index Scan on sbtest4_pkey  (cost=0.00..34.50 rows=1006 width=0)
	              Index Cond: ((id >= 4011248) AND (id <= 4012247))

table 5 : explain SELECT SUM(k) FROM sbtest5 WHERE id BETWEEN 1192435 AND 1193434
	Aggregate  (cost=3839.28..3839.29 rows=1 width=8)
	  ->  Bitmap Heap Scan on sbtest5  (cost=34.58..3836.80 rows=990 width=4)
	        Recheck Cond: ((id >= 1192435) AND (id <= 1193434))
	        ->  Bitmap Index Scan on sbtest5_pkey  (cost=0.00..34.34 rows=990 width=0)
	              Index Cond: ((id >= 1192435) AND (id <= 1193434))

table 6 : explain SELECT SUM(k) FROM sbtest6 WHERE id BETWEEN 8637693 AND 8638692
	Aggregate  (cost=3796.73..3796.74 rows=1 width=8)
	  ->  Bitmap Heap Scan on sbtest6  (cost=34.46..3794.28 rows=978 width=4)
	        Recheck Cond: ((id >= 8637693) AND (id <= 8638692))
	        ->  Bitmap Index Scan on sbtest6_pkey  (cost=0.00..34.22 rows=978 width=0)
	              Index Cond: ((id >= 8637693) AND (id <= 8638692))

table 7 : explain SELECT SUM(k) FROM sbtest7 WHERE id BETWEEN 3415965 AND 3416964
	Aggregate  (cost=3715.17..3715.18 rows=1 width=8)
	  ->  Bitmap Heap Scan on sbtest7  (cost=34.22..3712.78 rows=955 width=4)
	        Recheck Cond: ((id >= 3415965) AND (id <= 3416964))
	        ->  Bitmap Index Scan on sbtest7_pkey  (cost=0.00..33.98 rows=955 width=0)
	              Index Cond: ((id >= 3415965) AND (id <= 3416964))

table 8 : explain SELECT SUM(k) FROM sbtest8 WHERE id BETWEEN 4602058 AND 4603057
	Aggregate  (cost=4057.71..4057.72 rows=1 width=8)
	  ->  Bitmap Heap Scan on sbtest8  (cost=35.16..4055.10 rows=1046 width=4)
	        Recheck Cond: ((id >= 4602058) AND (id <= 4603057))
	        ->  Bitmap Index Scan on sbtest8_pkey  (cost=0.00..34.90 rows=1046 width=0)
	              Index Cond: ((id >= 4602058) AND (id <= 4603057))

for: simple_ranges
table 1 : explain SELECT c FROM sbtest1 WHERE id BETWEEN 4091170 AND 4092169
	Bitmap Heap Scan on sbtest1  (cost=34.88..3949.58 rows=1019 width=121)
	  Recheck Cond: ((id >= 4091170) AND (id <= 4092169))
	  ->  Bitmap Index Scan on sbtest1_pkey  (cost=0.00..34.62 rows=1019 width=0)
	        Index Cond: ((id >= 4091170) AND (id <= 4092169))

table 2 : explain SELECT c FROM sbtest2 WHERE id BETWEEN 1291018 AND 1292017
	Bitmap Heap Scan on sbtest2  (cost=34.80..3918.45 rows=1011 width=121)
	  Recheck Cond: ((id >= 1291018) AND (id <= 1292017))
	  ->  Bitmap Index Scan on sbtest2_pkey  (cost=0.00..34.55 rows=1011 width=0)
	        Index Cond: ((id >= 1291018) AND (id <= 1292017))

table 3 : explain SELECT c FROM sbtest3 WHERE id BETWEEN 5560038 AND 5561037
	Bitmap Heap Scan on sbtest3  (cost=34.92..3966.50 rows=1023 width=121)
	  Recheck Cond: ((id >= 5560038) AND (id <= 5561037))
	  ->  Bitmap Index Scan on sbtest3_pkey  (cost=0.00..34.67 rows=1023 width=0)
	        Index Cond: ((id >= 5560038) AND (id <= 5561037))

table 4 : explain SELECT c FROM sbtest4 WHERE id BETWEEN 435420 AND 436419
	Bitmap Heap Scan on sbtest4  (cost=35.22..4078.80 rows=1052 width=121)
	  Recheck Cond: ((id >= 435420) AND (id <= 436419))
	  ->  Bitmap Index Scan on sbtest4_pkey  (cost=0.00..34.95 rows=1052 width=0)
	        Index Cond: ((id >= 435420) AND (id <= 436419))

table 5 : explain SELECT c FROM sbtest5 WHERE id BETWEEN 2083447 AND 2084446
	Bitmap Heap Scan on sbtest5  (cost=29.37..3387.08 rows=872 width=121)
	  Recheck Cond: ((id >= 2083447) AND (id <= 2084446))
	  ->  Bitmap Index Scan on sbtest5_pkey  (cost=0.00..29.15 rows=872 width=0)
	        Index Cond: ((id >= 2083447) AND (id <= 2084446))

table 6 : explain SELECT c FROM sbtest6 WHERE id BETWEEN 1464586 AND 1465585
	Bitmap Heap Scan on sbtest6  (cost=40.53..4554.63 rows=1180 width=121)
	  Recheck Cond: ((id >= 1464586) AND (id <= 1465585))
	  ->  Bitmap Index Scan on sbtest6_pkey  (cost=0.00..40.23 rows=1180 width=0)
	        Index Cond: ((id >= 1464586) AND (id <= 1465585))

table 7 : explain SELECT c FROM sbtest7 WHERE id BETWEEN 8395982 AND 8396981
	Bitmap Heap Scan on sbtest7  (cost=34.37..3765.78 rows=969 width=121)
	  Recheck Cond: ((id >= 8395982) AND (id <= 8396981))
	  ->  Bitmap Index Scan on sbtest7_pkey  (cost=0.00..34.12 rows=969 width=0)
	        Index Cond: ((id >= 8395982) AND (id <= 8396981))

table 8 : explain SELECT c FROM sbtest8 WHERE id BETWEEN 1615221 AND 1616220
	Index Scan using sbtest8_pkey on sbtest8  (cost=0.43..3867.58 rows=987 width=121)
	  Index Cond: ((id >= 1615221) AND (id <= 1616220))

for: sum_ranges
table 1 : explain SELECT SUM(k) FROM sbtest1 WHERE id BETWEEN 41314 AND 42313
	Aggregate  (cost=4106.73..4106.74 rows=1 width=8)
	  ->  Bitmap Heap Scan on sbtest1  (cost=35.30..4104.08 rows=1060 width=4)
	        Recheck Cond: ((id >= 41314) AND (id <= 42313))
	        ->  Bitmap Index Scan on sbtest1_pkey  (cost=0.00..35.04 rows=1060 width=0)
	              Index Cond: ((id >= 41314) AND (id <= 42313))

table 2 : explain SELECT SUM(k) FROM sbtest2 WHERE id BETWEEN 2906960 AND 2907959
	Aggregate  (cost=4500.84..4500.85 rows=1 width=8)
	  ->  Bitmap Heap Scan on sbtest2  (cost=40.38..4497.93 rows=1165 width=4)
	        Recheck Cond: ((id >= 2906960) AND (id <= 2907959))
	        ->  Bitmap Index Scan on sbtest2_pkey  (cost=0.00..40.09 rows=1165 width=0)
	              Index Cond: ((id >= 2906960) AND (id <= 2907959))

table 3 : explain SELECT SUM(k) FROM sbtest3 WHERE id BETWEEN 3223370 AND 3224369
	Aggregate  (cost=3621.17..3621.18 rows=1 width=8)
	  ->  Bitmap Heap Scan on sbtest3  (cost=33.98..3618.84 rows=931 width=4)
	        Recheck Cond: ((id >= 3223370) AND (id <= 3224369))
	        ->  Bitmap Index Scan on sbtest3_pkey  (cost=0.00..33.75 rows=931 width=0)
	              Index Cond: ((id >= 3223370) AND (id <= 3224369))

table 4 : explain SELECT SUM(k) FROM sbtest4 WHERE id BETWEEN 7736956 AND 7737955
	Aggregate  (cost=3665.30..3665.31 rows=1 width=8)
	  ->  Bitmap Heap Scan on sbtest4  (cost=34.09..3662.95 rows=942 width=4)
	        Recheck Cond: ((id >= 7736956) AND (id <= 7737955))
	        ->  Bitmap Index Scan on sbtest4_pkey  (cost=0.00..33.86 rows=942 width=0)
	              Index Cond: ((id >= 7736956) AND (id <= 7737955))

table 5 : explain SELECT SUM(k) FROM sbtest5 WHERE id BETWEEN 9916308 AND 9917307
	Aggregate  (cost=3635.40..3635.41 rows=1 width=8)
	  ->  Bitmap Heap Scan on sbtest5  (cost=34.03..3633.06 rows=936 width=4)
	        Recheck Cond: ((id >= 9916308) AND (id <= 9917307))
	        ->  Bitmap Index Scan on sbtest5_pkey  (cost=0.00..33.80 rows=936 width=0)
	              Index Cond: ((id >= 9916308) AND (id <= 9917307))

table 6 : explain SELECT SUM(k) FROM sbtest6 WHERE id BETWEEN 9583748 AND 9584747
	Aggregate  (cost=3940.19..3940.20 rows=1 width=8)
	  ->  Bitmap Heap Scan on sbtest6  (cost=34.85..3937.65 rows=1016 width=4)
	        Recheck Cond: ((id >= 9583748) AND (id <= 9584747))
	        ->  Bitmap Index Scan on sbtest6_pkey  (cost=0.00..34.59 rows=1016 width=0)
	              Index Cond: ((id >= 9583748) AND (id <= 9584747))

table 7 : explain SELECT SUM(k) FROM sbtest7 WHERE id BETWEEN 1500590 AND 1501589
	Aggregate  (cost=4002.79..4002.80 rows=1 width=8)
	  ->  Bitmap Heap Scan on sbtest7  (cost=35.00..4000.21 rows=1031 width=4)
	        Recheck Cond: ((id >= 1500590) AND (id <= 1501589))
	        ->  Bitmap Index Scan on sbtest7_pkey  (cost=0.00..34.75 rows=1031 width=0)
	              Index Cond: ((id >= 1500590) AND (id <= 1501589))

table 8 : explain SELECT SUM(k) FROM sbtest8 WHERE id BETWEEN 2280406 AND 2281405
	Aggregate  (cost=3838.85..3838.86 rows=1 width=8)
	  ->  Index Scan using sbtest8_pkey on sbtest8  (cost=0.43..3836.41 rows=979 width=4)
	        Index Cond: ((id >= 2280406) AND (id <= 2281405))

for: order_ranges
table 1 : explain SELECT c FROM sbtest1 WHERE id BETWEEN 6244911 AND 6245910 ORDER BY c
	Sort  (cost=3923.91..3926.40 rows=999 width=121)
	  Sort Key: c
	  ->  Bitmap Heap Scan on sbtest1  (cost=34.67..3874.13 rows=999 width=121)
	        Recheck Cond: ((id >= 6244911) AND (id <= 6245910))
	        ->  Bitmap Index Scan on sbtest1_pkey  (cost=0.00..34.43 rows=999 width=0)
	              Index Cond: ((id >= 6244911) AND (id <= 6245910))

table 2 : explain SELECT c FROM sbtest2 WHERE id BETWEEN 6902913 AND 6903912 ORDER BY c
	Sort  (cost=4121.92..4124.55 rows=1051 width=121)
	  Sort Key: c
	  ->  Bitmap Heap Scan on sbtest2  (cost=35.21..4069.18 rows=1051 width=121)
	        Recheck Cond: ((id >= 6902913) AND (id <= 6903912))
	        ->  Bitmap Index Scan on sbtest2_pkey  (cost=0.00..34.95 rows=1051 width=0)
	              Index Cond: ((id >= 6902913) AND (id <= 6903912))

table 3 : explain SELECT c FROM sbtest3 WHERE id BETWEEN 771359 AND 772358 ORDER BY c
	Sort  (cost=3483.92..3486.14 rows=885 width=121)
	  Sort Key: c
	  ->  Bitmap Heap Scan on sbtest3  (cost=29.51..3440.61 rows=885 width=121)
	        Recheck Cond: ((id >= 771359) AND (id <= 772358))
	        ->  Bitmap Index Scan on sbtest3_pkey  (cost=0.00..29.29 rows=885 width=0)
	              Index Cond: ((id >= 771359) AND (id <= 772358))

table 4 : explain SELECT c FROM sbtest4 WHERE id BETWEEN 4879418 AND 4880417 ORDER BY c
	Sort  (cost=3824.75..3827.18 rows=972 width=121)
	  Sort Key: c
	  ->  Bitmap Heap Scan on sbtest4  (cost=34.40..3776.51 rows=972 width=121)
	        Recheck Cond: ((id >= 4879418) AND (id <= 4880417))
	        ->  Bitmap Index Scan on sbtest4_pkey  (cost=0.00..34.16 rows=972 width=0)
	              Index Cond: ((id >= 4879418) AND (id <= 4880417))

table 5 : explain SELECT c FROM sbtest5 WHERE id BETWEEN 5251022 AND 5252021 ORDER BY c
	Sort  (cost=3744.40..3746.78 rows=953 width=121)
	  Sort Key: c
	  ->  Bitmap Heap Scan on sbtest5  (cost=34.20..3697.24 rows=953 width=121)
	        Recheck Cond: ((id >= 5251022) AND (id <= 5252021))
	        ->  Bitmap Index Scan on sbtest5_pkey  (cost=0.00..33.97 rows=953 width=0)
	              Index Cond: ((id >= 5251022) AND (id <= 5252021))

table 6 : explain SELECT c FROM sbtest6 WHERE id BETWEEN 7430024 AND 7431023 ORDER BY c
	Sort  (cost=3854.35..3856.81 rows=981 width=121)
	  Sort Key: c
	  ->  Bitmap Heap Scan on sbtest6  (cost=34.49..3805.61 rows=981 width=121)
	        Recheck Cond: ((id >= 7430024) AND (id <= 7431023))
	        ->  Bitmap Index Scan on sbtest6_pkey  (cost=0.00..34.25 rows=981 width=0)
	              Index Cond: ((id >= 7430024) AND (id <= 7431023))

table 7 : explain SELECT c FROM sbtest7 WHERE id BETWEEN 5606238 AND 5607237 ORDER BY c
	Sort  (cost=3744.68..3747.05 rows=951 width=121)
	  Sort Key: c
	  ->  Bitmap Heap Scan on sbtest7  (cost=34.18..3697.63 rows=951 width=121)
	        Recheck Cond: ((id >= 5606238) AND (id <= 5607237))
	        ->  Bitmap Index Scan on sbtest7_pkey  (cost=0.00..33.95 rows=951 width=0)
	              Index Cond: ((id >= 5606238) AND (id <= 5607237))

table 8 : explain SELECT c FROM sbtest8 WHERE id BETWEEN 4646944 AND 4647943 ORDER BY c
	Sort  (cost=3865.27..3867.71 rows=974 width=121)
	  Sort Key: c
	  ->  Index Scan using sbtest8_pkey on sbtest8  (cost=0.43..3816.92 rows=974 width=121)
	        Index Cond: ((id >= 4646944) AND (id <= 4647943))

for: order_ranges
table 1 : explain SELECT c FROM sbtest1 WHERE id BETWEEN 1920284 AND 1921283 ORDER BY c
	Sort  (cost=3943.06..3945.57 rows=1004 width=121)
	  Sort Key: c
	  ->  Bitmap Heap Scan on sbtest1  (cost=34.73..3893.00 rows=1004 width=121)
	        Recheck Cond: ((id >= 1920284) AND (id <= 1921283))
	        ->  Bitmap Index Scan on sbtest1_pkey  (cost=0.00..34.48 rows=1004 width=0)
	              Index Cond: ((id >= 1920284) AND (id <= 1921283))

table 2 : explain SELECT c FROM sbtest2 WHERE id BETWEEN 7279028 AND 7280027 ORDER BY c
	Sort  (cost=4347.46..4350.23 rows=1109 width=121)
	  Sort Key: c
	  ->  Bitmap Heap Scan on sbtest2  (cost=39.80..4291.37 rows=1109 width=121)
	        Recheck Cond: ((id >= 7279028) AND (id <= 7280027))
	        ->  Bitmap Index Scan on sbtest2_pkey  (cost=0.00..39.53 rows=1109 width=0)
	              Index Cond: ((id >= 7279028) AND (id <= 7280027))

table 3 : explain SELECT c FROM sbtest3 WHERE id BETWEEN 6835651 AND 6836650 ORDER BY c
	Sort  (cost=4075.09..4077.68 rows=1038 width=121)
	  Sort Key: c
	  ->  Bitmap Heap Scan on sbtest3  (cost=35.07..4023.09 rows=1038 width=121)
	        Recheck Cond: ((id >= 6835651) AND (id <= 6836650))
	        ->  Bitmap Index Scan on sbtest3_pkey  (cost=0.00..34.82 rows=1038 width=0)
	              Index Cond: ((id >= 6835651) AND (id <= 6836650))

table 4 : explain SELECT c FROM sbtest4 WHERE id BETWEEN 2183203 AND 2184202 ORDER BY c
	Sort  (cost=4166.08..4168.73 rows=1061 width=121)
	  Sort Key: c
	  ->  Bitmap Heap Scan on sbtest4  (cost=35.31..4112.76 rows=1061 width=121)
	        Recheck Cond: ((id >= 2183203) AND (id <= 2184202))
	        ->  Bitmap Index Scan on sbtest4_pkey  (cost=0.00..35.05 rows=1061 width=0)
	              Index Cond: ((id >= 2183203) AND (id <= 2184202))

table 5 : explain SELECT c FROM sbtest5 WHERE id BETWEEN 6760033 AND 6761032 ORDER BY c
	Sort  (cost=3943.44..3945.96 rows=1005 width=121)
	  Sort Key: c
	  ->  Bitmap Heap Scan on sbtest5  (cost=34.74..3893.33 rows=1005 width=121)
	        Recheck Cond: ((id >= 6760033) AND (id <= 6761032))
	        ->  Bitmap Index Scan on sbtest5_pkey  (cost=0.00..34.48 rows=1005 width=0)
	              Index Cond: ((id >= 6760033) AND (id <= 6761032))

table 6 : explain SELECT c FROM sbtest6 WHERE id BETWEEN 5053819 AND 5054818 ORDER BY c
	Sort  (cost=3628.07..3630.37 rows=922 width=121)
	  Sort Key: c
	  ->  Bitmap Heap Scan on sbtest6  (cost=33.89..3582.67 rows=922 width=121)
	        Recheck Cond: ((id >= 5053819) AND (id <= 5054818))
	        ->  Bitmap Index Scan on sbtest6_pkey  (cost=0.00..33.66 rows=922 width=0)
	              Index Cond: ((id >= 5053819) AND (id <= 5054818))

table 7 : explain SELECT c FROM sbtest7 WHERE id BETWEEN 6796368 AND 6797367 ORDER BY c
	Sort  (cost=4093.98..4096.59 rows=1042 width=121)
	  Sort Key: c
	  ->  Bitmap Heap Scan on sbtest7  (cost=35.12..4041.75 rows=1042 width=121)
	        Recheck Cond: ((id >= 6796368) AND (id <= 6797367))
	        ->  Bitmap Index Scan on sbtest7_pkey  (cost=0.00..34.86 rows=1042 width=0)
	              Index Cond: ((id >= 6796368) AND (id <= 6797367))

table 8 : explain SELECT c FROM sbtest8 WHERE id BETWEEN 7556463 AND 7557462 ORDER BY c
	Sort  (cost=4218.59..4221.28 rows=1075 width=121)
	  Sort Key: c
	  ->  Bitmap Heap Scan on sbtest8  (cost=35.45..4164.46 rows=1075 width=121)
	        Recheck Cond: ((id >= 7556463) AND (id <= 7557462))
	        ->  Bitmap Index Scan on sbtest8_pkey  (cost=0.00..35.19 rows=1075 width=0)
	              Index Cond: ((id >= 7556463) AND (id <= 7557462))

for: sum_ranges
table 1 : explain SELECT SUM(k) FROM sbtest1 WHERE id BETWEEN 2983060 AND 2984059
	Aggregate  (cost=3933.26..3933.27 rows=1 width=8)
	  ->  Bitmap Heap Scan on sbtest1  (cost=34.83..3930.72 rows=1014 width=4)
	        Recheck Cond: ((id >= 2983060) AND (id <= 2984059))
	        ->  Bitmap Index Scan on sbtest1_pkey  (cost=0.00..34.58 rows=1014 width=0)
	              Index Cond: ((id >= 2983060) AND (id <= 2984059))

table 2 : explain SELECT SUM(k) FROM sbtest2 WHERE id BETWEEN 6672525 AND 6673524
	Aggregate  (cost=4327.99..4328.00 rows=1 width=8)
	  ->  Bitmap Heap Scan on sbtest2  (cost=39.89..4325.19 rows=1118 width=4)
	        Recheck Cond: ((id >= 6672525) AND (id <= 6673524))
	        ->  Bitmap Index Scan on sbtest2_pkey  (cost=0.00..39.62 rows=1118 width=0)
	              Index Cond: ((id >= 6672525) AND (id <= 6673524))

table 3 : explain SELECT SUM(k) FROM sbtest3 WHERE id BETWEEN 2743981 AND 2744980
	Aggregate  (cost=4006.81..4006.82 rows=1 width=8)
	  ->  Bitmap Heap Scan on sbtest3  (cost=35.02..4004.23 rows=1033 width=4)
	        Recheck Cond: ((id >= 2743981) AND (id <= 2744980))
	        ->  Bitmap Index Scan on sbtest3_pkey  (cost=0.00..34.77 rows=1033 width=0)
	              Index Cond: ((id >= 2743981) AND (id <= 2744980))

table 4 : explain SELECT SUM(k) FROM sbtest4 WHERE id BETWEEN 213729 AND 214728
	Aggregate  (cost=4194.67..4194.68 rows=1 width=8)
	  ->  Bitmap Heap Scan on sbtest4  (cost=35.53..4191.96 rows=1082 width=4)
	        Recheck Cond: ((id >= 213729) AND (id <= 214728))
	        ->  Bitmap Index Scan on sbtest4_pkey  (cost=0.00..35.26 rows=1082 width=0)
	              Index Cond: ((id >= 213729) AND (id <= 214728))

table 5 : explain SELECT SUM(k) FROM sbtest5 WHERE id BETWEEN 9389228 AND 9390227
	Aggregate  (cost=3703.40..3703.41 rows=1 width=8)
	  ->  Bitmap Heap Scan on sbtest5  (cost=34.21..3701.02 rows=954 width=4)
	        Recheck Cond: ((id >= 9389228) AND (id <= 9390227))
	        ->  Bitmap Index Scan on sbtest5_pkey  (cost=0.00..33.98 rows=954 width=0)
	              Index Cond: ((id >= 9389228) AND (id <= 9390227))

table 6 : explain SELECT SUM(k) FROM sbtest6 WHERE id BETWEEN 5767702 AND 5768701
	Aggregate  (cost=3925.10..3925.11 rows=1 width=8)
	  ->  Bitmap Heap Scan on sbtest6  (cost=34.81..3922.57 rows=1012 width=4)
	        Recheck Cond: ((id >= 5767702) AND (id <= 5768701))
	        ->  Bitmap Index Scan on sbtest6_pkey  (cost=0.00..34.56 rows=1012 width=0)
	              Index Cond: ((id >= 5767702) AND (id <= 5768701))

table 7 : explain SELECT SUM(k) FROM sbtest7 WHERE id BETWEEN 2476874 AND 2477873
	Aggregate  (cost=3983.88..3983.89 rows=1 width=8)
	  ->  Bitmap Heap Scan on sbtest7  (cost=34.95..3981.32 rows=1026 width=4)
	        Recheck Cond: ((id >= 2476874) AND (id <= 2477873))
	        ->  Bitmap Index Scan on sbtest7_pkey  (cost=0.00..34.70 rows=1026 width=0)
	              Index Cond: ((id >= 2476874) AND (id <= 2477873))

table 8 : explain SELECT SUM(k) FROM sbtest8 WHERE id BETWEEN 3297444 AND 3298443
	Aggregate  (cost=3838.85..3838.86 rows=1 width=8)
	  ->  Index Scan using sbtest8_pkey on sbtest8  (cost=0.43..3836.41 rows=979 width=4)
	        Index Cond: ((id >= 3297444) AND (id <= 3298443))

for: sum_ranges
table 1 : explain SELECT SUM(k) FROM sbtest1 WHERE id BETWEEN 4117471 AND 4118470
	Aggregate  (cost=3952.13..3952.14 rows=1 width=8)
	  ->  Bitmap Heap Scan on sbtest1  (cost=34.88..3949.58 rows=1019 width=4)
	        Recheck Cond: ((id >= 4117471) AND (id <= 4118470))
	        ->  Bitmap Index Scan on sbtest1_pkey  (cost=0.00..34.62 rows=1019 width=0)
	              Index Cond: ((id >= 4117471) AND (id <= 4118470))

table 2 : explain SELECT SUM(k) FROM sbtest2 WHERE id BETWEEN 2627018 AND 2628017
	Aggregate  (cost=3561.97..3561.98 rows=1 width=8)
	  ->  Bitmap Heap Scan on sbtest2  (cost=33.82..3559.68 rows=916 width=4)
	        Recheck Cond: ((id >= 2627018) AND (id <= 2628017))
	        ->  Bitmap Index Scan on sbtest2_pkey  (cost=0.00..33.59 rows=916 width=0)
	              Index Cond: ((id >= 2627018) AND (id <= 2628017))

table 3 : explain SELECT SUM(k) FROM sbtest3 WHERE id BETWEEN 6061945 AND 6062944
	Aggregate  (cost=3874.63..3874.64 rows=1 width=8)
	  ->  Bitmap Heap Scan on sbtest3  (cost=34.66..3872.14 rows=998 width=4)
	        Recheck Cond: ((id >= 6061945) AND (id <= 6062944))
	        ->  Bitmap Index Scan on sbtest3_pkey  (cost=0.00..34.42 rows=998 width=0)
	              Index Cond: ((id >= 6061945) AND (id <= 6062944))

table 4 : explain SELECT SUM(k) FROM sbtest4 WHERE id BETWEEN 2788597 AND 2789596
	Aggregate  (cost=4236.16..4236.17 rows=1 width=8)
	  ->  Bitmap Heap Scan on sbtest4  (cost=35.64..4233.43 rows=1093 width=4)
	        Recheck Cond: ((id >= 2788597) AND (id <= 2789596))
	        ->  Bitmap Index Scan on sbtest4_pkey  (cost=0.00..35.37 rows=1093 width=0)
	              Index Cond: ((id >= 2788597) AND (id <= 2789596))

table 5 : explain SELECT SUM(k) FROM sbtest5 WHERE id BETWEEN 9694536 AND 9695535
	Aggregate  (cost=3775.13..3775.14 rows=1 width=8)
	  ->  Bitmap Heap Scan on sbtest5  (cost=34.41..3772.70 rows=973 width=4)
	        Recheck Cond: ((id >= 9694536) AND (id <= 9695535))
	        ->  Bitmap Index Scan on sbtest5_pkey  (cost=0.00..34.17 rows=973 width=0)
	              Index Cond: ((id >= 9694536) AND (id <= 9695535))

table 6 : explain SELECT SUM(k) FROM sbtest6 WHERE id BETWEEN 4153943 AND 4154942
	Aggregate  (cost=3747.61..3747.62 rows=1 width=8)
	  ->  Bitmap Heap Scan on sbtest6  (cost=34.33..3745.19 rows=965 width=4)
	        Recheck Cond: ((id >= 4153943) AND (id <= 4154942))
	        ->  Bitmap Index Scan on sbtest6_pkey  (cost=0.00..34.09 rows=965 width=0)
	              Index Cond: ((id >= 4153943) AND (id <= 4154942))

table 7 : explain SELECT SUM(k) FROM sbtest7 WHERE id BETWEEN 8698564 AND 8699563
	Aggregate  (cost=3991.45..3991.46 rows=1 width=8)
	  ->  Bitmap Heap Scan on sbtest7  (cost=34.97..3988.88 rows=1028 width=4)
	        Recheck Cond: ((id >= 8698564) AND (id <= 8699563))
	        ->  Bitmap Index Scan on sbtest7_pkey  (cost=0.00..34.72 rows=1028 width=0)
	              Index Cond: ((id >= 8698564) AND (id <= 8699563))

table 8 : explain SELECT SUM(k) FROM sbtest8 WHERE id BETWEEN 33706 AND 34705
	Aggregate  (cost=3998.75..3998.76 rows=1 width=8)
	  ->  Index Scan using sbtest8_pkey on sbtest8  (cost=0.43..3996.20 rows=1020 width=4)
	        Index Cond: ((id >= 33706) AND (id <= 34705))

for point_selects
table 1 : explain SELECT c FROM sbtest1 WHERE id=8965449
	Index Scan using sbtest1_pkey on sbtest1  (cost=0.43..8.45 rows=1 width=121)
	  Index Cond: (id = 8965449)

table 2 : explain SELECT c FROM sbtest2 WHERE id=436985
	Index Scan using sbtest2_pkey on sbtest2  (cost=0.43..8.45 rows=1 width=121)
	  Index Cond: (id = 436985)

table 3 : explain SELECT c FROM sbtest3 WHERE id=7577742
	Index Scan using sbtest3_pkey on sbtest3  (cost=0.43..8.45 rows=1 width=121)
	  Index Cond: (id = 7577742)

table 4 : explain SELECT c FROM sbtest4 WHERE id=5138190
	Index Scan using sbtest4_pkey on sbtest4  (cost=0.43..8.45 rows=1 width=121)
	  Index Cond: (id = 5138190)

table 5 : explain SELECT c FROM sbtest5 WHERE id=2589766
	Index Scan using sbtest5_pkey on sbtest5  (cost=0.43..8.45 rows=1 width=121)
	  Index Cond: (id = 2589766)

table 6 : explain SELECT c FROM sbtest6 WHERE id=696250
	Index Scan using sbtest6_pkey on sbtest6  (cost=0.43..8.45 rows=1 width=121)
	  Index Cond: (id = 696250)

table 7 : explain SELECT c FROM sbtest7 WHERE id=7017436
	Index Scan using sbtest7_pkey on sbtest7  (cost=0.43..8.45 rows=1 width=121)
	  Index Cond: (id = 7017436)

table 8 : explain SELECT c FROM sbtest8 WHERE id=3666558
	Index Scan using sbtest8_pkey on sbtest8  (cost=0.43..8.45 rows=1 width=121)
	  Index Cond: (id = 3666558)

for point_selects
table 1 : explain SELECT c FROM sbtest1 WHERE id=6014264
	Index Scan using sbtest1_pkey on sbtest1  (cost=0.43..8.45 rows=1 width=121)
	  Index Cond: (id = 6014264)

table 2 : explain SELECT c FROM sbtest2 WHERE id=7380321
	Index Scan using sbtest2_pkey on sbtest2  (cost=0.43..8.45 rows=1 width=121)
	  Index Cond: (id = 7380321)

table 3 : explain SELECT c FROM sbtest3 WHERE id=3340619
	Index Scan using sbtest3_pkey on sbtest3  (cost=0.43..8.45 rows=1 width=121)
	  Index Cond: (id = 3340619)

table 4 : explain SELECT c FROM sbtest4 WHERE id=2038790
	Index Scan using sbtest4_pkey on sbtest4  (cost=0.43..8.45 rows=1 width=121)
	  Index Cond: (id = 2038790)

table 5 : explain SELECT c FROM sbtest5 WHERE id=846423
	Index Scan using sbtest5_pkey on sbtest5  (cost=0.43..8.45 rows=1 width=121)
	  Index Cond: (id = 846423)

table 6 : explain SELECT c FROM sbtest6 WHERE id=712871
	Index Scan using sbtest6_pkey on sbtest6  (cost=0.43..8.45 rows=1 width=121)
	  Index Cond: (id = 712871)

table 7 : explain SELECT c FROM sbtest7 WHERE id=4066482
	Index Scan using sbtest7_pkey on sbtest7  (cost=0.43..8.45 rows=1 width=121)
	  Index Cond: (id = 4066482)

table 8 : explain SELECT c FROM sbtest8 WHERE id=2593293
	Index Scan using sbtest8_pkey on sbtest8  (cost=0.43..8.45 rows=1 width=121)
	  Index Cond: (id = 2593293)

for: order_ranges
table 1 : explain SELECT c FROM sbtest1 WHERE id BETWEEN 8556596 AND 8557595 ORDER BY c
	Sort  (cost=3935.40..3937.90 rows=1002 width=121)
	  Sort Key: c
	  ->  Bitmap Heap Scan on sbtest1  (cost=34.71..3885.45 rows=1002 width=121)
	        Recheck Cond: ((id >= 8556596) AND (id <= 8557595))
	        ->  Bitmap Index Scan on sbtest1_pkey  (cost=0.00..34.45 rows=1002 width=0)
	              Index Cond: ((id >= 8556596) AND (id <= 8557595))

table 2 : explain SELECT c FROM sbtest2 WHERE id BETWEEN 2548668 AND 2549667 ORDER BY c
	Sort  (cost=4144.86..4147.50 rows=1057 width=121)
	  Sort Key: c
	  ->  Bitmap Heap Scan on sbtest2  (cost=35.27..4091.77 rows=1057 width=121)
	        Recheck Cond: ((id >= 2548668) AND (id <= 2549667))
	        ->  Bitmap Index Scan on sbtest2_pkey  (cost=0.00..35.01 rows=1057 width=0)
	              Index Cond: ((id >= 2548668) AND (id <= 2549667))

table 3 : explain SELECT c FROM sbtest3 WHERE id BETWEEN 6979353 AND 6980352 ORDER BY c
	Sort  (cost=3707.00..3709.36 rows=942 width=121)
	  Sort Key: c
	  ->  Bitmap Heap Scan on sbtest3  (cost=34.09..3660.47 rows=942 width=121)
	        Recheck Cond: ((id >= 6979353) AND (id <= 6980352))
	        ->  Bitmap Index Scan on sbtest3_pkey  (cost=0.00..33.86 rows=942 width=0)
	              Index Cond: ((id >= 6979353) AND (id <= 6980352))

table 4 : explain SELECT c FROM sbtest4 WHERE id BETWEEN 4009019 AND 4010018 ORDER BY c
	Sort  (cost=3955.25..3957.77 rows=1006 width=121)
	  Sort Key: c
	  ->  Bitmap Heap Scan on sbtest4  (cost=34.75..3905.08 rows=1006 width=121)
	        Recheck Cond: ((id >= 4009019) AND (id <= 4010018))
	        ->  Bitmap Index Scan on sbtest4_pkey  (cost=0.00..34.50 rows=1006 width=0)
	              Index Cond: ((id >= 4009019) AND (id <= 4010018))

table 5 : explain SELECT c FROM sbtest5 WHERE id BETWEEN 3919601 AND 3920600 ORDER BY c
	Sort  (cost=3617.91..3620.21 rows=920 width=121)
	  Sort Key: c
	  ->  Bitmap Heap Scan on sbtest5  (cost=33.87..3572.62 rows=920 width=121)
	        Recheck Cond: ((id >= 3919601) AND (id <= 3920600))
	        ->  Bitmap Index Scan on sbtest5_pkey  (cost=0.00..33.64 rows=920 width=0)
	              Index Cond: ((id >= 3919601) AND (id <= 3920600))

table 6 : explain SELECT c FROM sbtest6 WHERE id BETWEEN 1429647 AND 1430646 ORDER BY c
	Sort  (cost=4614.83..4617.78 rows=1180 width=121)
	  Sort Key: c
	  ->  Bitmap Heap Scan on sbtest6  (cost=40.53..4554.63 rows=1180 width=121)
	        Recheck Cond: ((id >= 1429647) AND (id <= 1430646))
	        ->  Bitmap Index Scan on sbtest6_pkey  (cost=0.00..40.23 rows=1180 width=0)
	              Index Cond: ((id >= 1429647) AND (id <= 1430646))

table 7 : explain SELECT c FROM sbtest7 WHERE id BETWEEN 3387538 AND 3388537 ORDER BY c
	Sort  (cost=3871.46..3873.92 rows=984 width=121)
	  Sort Key: c
	  ->  Bitmap Heap Scan on sbtest7  (cost=34.52..3822.54 rows=984 width=121)
	        Recheck Cond: ((id >= 3387538) AND (id <= 3388537))
	        ->  Bitmap Index Scan on sbtest7_pkey  (cost=0.00..34.28 rows=984 width=0)
	              Index Cond: ((id >= 3387538) AND (id <= 3388537))

table 8 : explain SELECT c FROM sbtest8 WHERE id BETWEEN 4704064 AND 4705063 ORDER BY c
	Sort  (cost=3865.27..3867.71 rows=974 width=121)
	  Sort Key: c
	  ->  Index Scan using sbtest8_pkey on sbtest8  (cost=0.43..3816.92 rows=974 width=121)
	        Index Cond: ((id >= 4704064) AND (id <= 4705063))

for: simple_ranges
table 1 : explain SELECT c FROM sbtest1 WHERE id BETWEEN 7981943 AND 7982942
	Bitmap Heap Scan on sbtest1  (cost=34.81..3923.18 rows=1012 width=121)
	  Recheck Cond: ((id >= 7981943) AND (id <= 7982942))
	  ->  Bitmap Index Scan on sbtest1_pkey  (cost=0.00..34.56 rows=1012 width=0)
	        Index Cond: ((id >= 7981943) AND (id <= 7982942))

table 2 : explain SELECT c FROM sbtest2 WHERE id BETWEEN 6743978 AND 6744977
	Bitmap Heap Scan on sbtest2  (cost=39.94..4340.22 rows=1122 width=121)
	  Recheck Cond: ((id >= 6743978) AND (id <= 6744977))
	  ->  Bitmap Index Scan on sbtest2_pkey  (cost=0.00..39.66 rows=1122 width=0)
	        Index Cond: ((id >= 6743978) AND (id <= 6744977))

table 3 : explain SELECT c FROM sbtest3 WHERE id BETWEEN 2028086 AND 2029085
	Bitmap Heap Scan on sbtest3  (cost=39.74..4271.97 rows=1103 width=121)
	  Recheck Cond: ((id >= 2028086) AND (id <= 2029085))
	  ->  Bitmap Index Scan on sbtest3_pkey  (cost=0.00..39.47 rows=1103 width=0)
	        Index Cond: ((id >= 2028086) AND (id <= 2029085))

table 4 : explain SELECT c FROM sbtest4 WHERE id BETWEEN 9958659 AND 9959658
	Bitmap Heap Scan on sbtest4  (cost=35.25..4090.12 rows=1055 width=121)
	  Recheck Cond: ((id >= 9958659) AND (id <= 9959658))
	  ->  Bitmap Index Scan on sbtest4_pkey  (cost=0.00..34.98 rows=1055 width=0)
	        Index Cond: ((id >= 9958659) AND (id <= 9959658))

table 5 : explain SELECT c FROM sbtest5 WHERE id BETWEEN 7799347 AND 7800346
	Bitmap Heap Scan on sbtest5  (cost=34.71..3882.03 rows=1002 width=121)
	  Recheck Cond: ((id >= 7799347) AND (id <= 7800346))
	  ->  Bitmap Index Scan on sbtest5_pkey  (cost=0.00..34.45 rows=1002 width=0)
	        Index Cond: ((id >= 7799347) AND (id <= 7800346))

table 6 : explain SELECT c FROM sbtest6 WHERE id BETWEEN 1547956 AND 1548955
	Bitmap Heap Scan on sbtest6  (cost=34.08..3654.51 rows=941 width=121)
	  Recheck Cond: ((id >= 1547956) AND (id <= 1548955))
	  ->  Bitmap Index Scan on sbtest6_pkey  (cost=0.00..33.84 rows=941 width=0)
	        Index Cond: ((id >= 1547956) AND (id <= 1548955))

table 7 : explain SELECT c FROM sbtest7 WHERE id BETWEEN 8921079 AND 8922078
	Bitmap Heap Scan on sbtest7  (cost=35.12..4041.75 rows=1042 width=121)
	  Recheck Cond: ((id >= 8921079) AND (id <= 8922078))
	  ->  Bitmap Index Scan on sbtest7_pkey  (cost=0.00..34.86 rows=1042 width=0)
	        Index Cond: ((id >= 8921079) AND (id <= 8922078))

table 8 : explain SELECT c FROM sbtest8 WHERE id BETWEEN 5723549 AND 5724548
	Index Scan using sbtest8_pkey on sbtest8  (cost=0.43..3524.49 rows=900 width=121)
	  Index Cond: ((id >= 5723549) AND (id <= 5724548))

for: sum_ranges
table 1 : explain SELECT SUM(k) FROM sbtest1 WHERE id BETWEEN 9467232 AND 9468231
	Aggregate  (cost=4438.15..4438.16 rows=1 width=8)
	  ->  Bitmap Heap Scan on sbtest1  (cost=40.20..4435.28 rows=1148 width=4)
	        Recheck Cond: ((id >= 9467232) AND (id <= 9468231))
	        ->  Bitmap Index Scan on sbtest1_pkey  (cost=0.00..39.92 rows=1148 width=0)
	              Index Cond: ((id >= 9467232) AND (id <= 9468231))

table 2 : explain SELECT SUM(k) FROM sbtest2 WHERE id BETWEEN 7386127 AND 7387126
	Aggregate  (cost=4007.73..4007.74 rows=1 width=8)
	  ->  Bitmap Heap Scan on sbtest2  (cost=35.03..4005.14 rows=1034 width=4)
	        Recheck Cond: ((id >= 7386127) AND (id <= 7387126))
	        ->  Bitmap Index Scan on sbtest2_pkey  (cost=0.00..34.78 rows=1034 width=0)
	              Index Cond: ((id >= 7386127) AND (id <= 7387126))

table 3 : explain SELECT SUM(k) FROM sbtest3 WHERE id BETWEEN 5001099 AND 5002098
	Aggregate  (cost=4206.68..4206.69 rows=1 width=8)
	  ->  Bitmap Heap Scan on sbtest3  (cost=35.57..4203.97 rows=1086 width=4)
	        Recheck Cond: ((id >= 5001099) AND (id <= 5002098))
	        ->  Bitmap Index Scan on sbtest3_pkey  (cost=0.00..35.30 rows=1086 width=0)
	              Index Cond: ((id >= 5001099) AND (id <= 5002098))

table 4 : explain SELECT SUM(k) FROM sbtest4 WHERE id BETWEEN 7821888 AND 7822887
	Aggregate  (cost=3634.98..3634.99 rows=1 width=8)
	  ->  Bitmap Heap Scan on sbtest4  (cost=34.01..3632.65 rows=934 width=4)
	        Recheck Cond: ((id >= 7821888) AND (id <= 7822887))
	        ->  Bitmap Index Scan on sbtest4_pkey  (cost=0.00..33.78 rows=934 width=0)
	              Index Cond: ((id >= 7821888) AND (id <= 7822887))

table 5 : explain SELECT SUM(k) FROM sbtest5 WHERE id BETWEEN 6771766 AND 6772765
	Aggregate  (cost=3895.84..3895.85 rows=1 width=8)
	  ->  Bitmap Heap Scan on sbtest5  (cost=34.74..3893.33 rows=1005 width=4)
	        Recheck Cond: ((id >= 6771766) AND (id <= 6772765))
	        ->  Bitmap Index Scan on sbtest5_pkey  (cost=0.00..34.48 rows=1005 width=0)
	              Index Cond: ((id >= 6771766) AND (id <= 6772765))

table 6 : explain SELECT SUM(k) FROM sbtest6 WHERE id BETWEEN 8919452 AND 8920451
	Aggregate  (cost=4106.08..4106.09 rows=1 width=8)
	  ->  Bitmap Heap Scan on sbtest6  (cost=35.30..4103.43 rows=1060 width=4)
	        Recheck Cond: ((id >= 8919452) AND (id <= 8920451))
	        ->  Bitmap Index Scan on sbtest6_pkey  (cost=0.00..35.04 rows=1060 width=0)
	              Index Cond: ((id >= 8919452) AND (id <= 8920451))

table 7 : explain SELECT SUM(k) FROM sbtest7 WHERE id BETWEEN 1655493 AND 1656492
	Aggregate  (cost=4014.12..4014.13 rows=1 width=8)
	  ->  Bitmap Heap Scan on sbtest7  (cost=35.03..4011.54 rows=1034 width=4)
	        Recheck Cond: ((id >= 1655493) AND (id <= 1656492))
	        ->  Bitmap Index Scan on sbtest7_pkey  (cost=0.00..34.78 rows=1034 width=0)
	              Index Cond: ((id >= 1655493) AND (id <= 1656492))

table 8 : explain SELECT SUM(k) FROM sbtest8 WHERE id BETWEEN 5701952 AND 5702951
	Aggregate  (cost=3526.74..3526.75 rows=1 width=8)
	  ->  Index Scan using sbtest8_pkey on sbtest8  (cost=0.43..3524.49 rows=900 width=4)
	        Index Cond: ((id >= 5701952) AND (id <= 5702951))

for: order_ranges
table 1 : explain SELECT c FROM sbtest1 WHERE id BETWEEN 8095786 AND 8096785 ORDER BY c
	Sort  (cost=4295.09..4297.83 rows=1095 width=121)
	  Sort Key: c
	  ->  Bitmap Heap Scan on sbtest1  (cost=39.66..4239.81 rows=1095 width=121)
	        Recheck Cond: ((id >= 8095786) AND (id <= 8096785))
	        ->  Bitmap Index Scan on sbtest1_pkey  (cost=0.00..39.39 rows=1095 width=0)
	              Index Cond: ((id >= 8095786) AND (id <= 8096785))

table 2 : explain SELECT c FROM sbtest2 WHERE id BETWEEN 1217877 AND 1218876 ORDER BY c
	Sort  (cost=4033.96..4036.53 rows=1028 width=121)
	  Sort Key: c
	  ->  Bitmap Heap Scan on sbtest2  (cost=34.97..3982.54 rows=1028 width=121)
	        Recheck Cond: ((id >= 1217877) AND (id <= 1218876))
	        ->  Bitmap Index Scan on sbtest2_pkey  (cost=0.00..34.72 rows=1028 width=0)
	              Index Cond: ((id >= 1217877) AND (id <= 1218876))

table 3 : explain SELECT c FROM sbtest3 WHERE id BETWEEN 4709950 AND 4710949 ORDER BY c
	Sort  (cost=3749.23..3751.62 rows=953 width=121)
	  Sort Key: c
	  ->  Bitmap Heap Scan on sbtest3  (cost=34.20..3702.08 rows=953 width=121)
	        Recheck Cond: ((id >= 4709950) AND (id <= 4710949))
	        ->  Bitmap Index Scan on sbtest3_pkey  (cost=0.00..33.97 rows=953 width=0)
	              Index Cond: ((id >= 4709950) AND (id <= 4710949))

table 4 : explain SELECT c FROM sbtest4 WHERE id BETWEEN 4890517 AND 4891516 ORDER BY c
	Sort  (cost=4051.13..4053.70 rows=1031 width=121)
	  Sort Key: c
	  ->  Bitmap Heap Scan on sbtest4  (cost=35.00..3999.53 rows=1031 width=121)
	        Recheck Cond: ((id >= 4890517) AND (id <= 4891516))
	        ->  Bitmap Index Scan on sbtest4_pkey  (cost=0.00..34.75 rows=1031 width=0)
	              Index Cond: ((id >= 4890517) AND (id <= 4891516))

table 5 : explain SELECT c FROM sbtest5 WHERE id BETWEEN 6288463 AND 6289462 ORDER BY c
	Sort  (cost=3981.68..3984.22 rows=1015 width=121)
	  Sort Key: c
	  ->  Bitmap Heap Scan on sbtest5  (cost=34.84..3931.00 rows=1015 width=121)
	        Recheck Cond: ((id >= 6288463) AND (id <= 6289462))
	        ->  Bitmap Index Scan on sbtest5_pkey  (cost=0.00..34.59 rows=1015 width=0)
	              Index Cond: ((id >= 6288463) AND (id <= 6289462))

table 6 : explain SELECT c FROM sbtest6 WHERE id BETWEEN 8699154 AND 8700153 ORDER BY c
	Sort  (cost=3842.86..3845.30 rows=978 width=121)
	  Sort Key: c
	  ->  Bitmap Heap Scan on sbtest6  (cost=34.46..3794.28 rows=978 width=121)
	        Recheck Cond: ((id >= 8699154) AND (id <= 8700153))
	        ->  Bitmap Index Scan on sbtest6_pkey  (cost=0.00..34.22 rows=978 width=0)
	              Index Cond: ((id >= 8699154) AND (id <= 8700153))

table 7 : explain SELECT c FROM sbtest7 WHERE id BETWEEN 4842031 AND 4843030 ORDER BY c
	Sort  (cost=3906.01..3908.50 rows=993 width=121)
	  Sort Key: c
	  ->  Bitmap Heap Scan on sbtest7  (cost=34.61..3856.58 rows=993 width=121)
	        Recheck Cond: ((id >= 4842031) AND (id <= 4843030))
	        ->  Bitmap Index Scan on sbtest7_pkey  (cost=0.00..34.37 rows=993 width=0)
	              Index Cond: ((id >= 4842031) AND (id <= 4843030))

table 8 : explain SELECT c FROM sbtest8 WHERE id BETWEEN 7201020 AND 7202019 ORDER BY c
	Sort  (cost=3888.99..3891.44 rows=980 width=121)
	  Sort Key: c
	  ->  Index Scan using sbtest8_pkey on sbtest8  (cost=0.43..3840.30 rows=980 width=121)
	        Index Cond: ((id >= 7201020) AND (id <= 7202019))

for: distinct_ranges
table 1 : explain SELECT DISTINCT c FROM sbtest1 WHERE id BETWEEN 1265307 AND 1266306 ORDER BY c
	Unique  (cost=3927.74..3932.74 rows=1000 width=121)
	  ->  Sort  (cost=3927.74..3930.24 rows=1000 width=121)
	        Sort Key: c
	        ->  Bitmap Heap Scan on sbtest1  (cost=34.69..3877.91 rows=1000 width=121)
	              Recheck Cond: ((id >= 1265307) AND (id <= 1266306))
	              ->  Bitmap Index Scan on sbtest1_pkey  (cost=0.00..34.44 rows=1000 width=0)
	                    Index Cond: ((id >= 1265307) AND (id <= 1266306))

table 2 : explain SELECT DISTINCT c FROM sbtest2 WHERE id BETWEEN 6029329 AND 6030328 ORDER BY c
	Unique  (cost=4179.25..4184.58 rows=1066 width=121)
	  ->  Sort  (cost=4179.25..4181.92 rows=1066 width=121)
	        Sort Key: c
	        ->  Bitmap Heap Scan on sbtest2  (cost=35.36..4125.64 rows=1066 width=121)
	              Recheck Cond: ((id >= 6029329) AND (id <= 6030328))
	              ->  Bitmap Index Scan on sbtest2_pkey  (cost=0.00..35.09 rows=1066 width=0)
	                    Index Cond: ((id >= 6029329) AND (id <= 6030328))

table 3 : explain SELECT DISTINCT c FROM sbtest3 WHERE id BETWEEN 5923093 AND 5924092 ORDER BY c
	Unique  (cost=4224.32..4229.70 rows=1077 width=121)
	  ->  Sort  (cost=4224.32..4227.01 rows=1077 width=121)
	        Sort Key: c
	        ->  Bitmap Heap Scan on sbtest3  (cost=35.47..4170.08 rows=1077 width=121)
	              Recheck Cond: ((id >= 5923093) AND (id <= 5924092))
	              ->  Bitmap Index Scan on sbtest3_pkey  (cost=0.00..35.20 rows=1077 width=0)
	                    Index Cond: ((id >= 5923093) AND (id <= 5924092))

table 4 : explain SELECT DISTINCT c FROM sbtest4 WHERE id BETWEEN 3466885 AND 3467884 ORDER BY c
	Unique  (cost=4208.21..4213.57 rows=1072 width=121)
	  ->  Sort  (cost=4208.21..4210.89 rows=1072 width=121)
	        Sort Key: c
	        ->  Bitmap Heap Scan on sbtest4  (cost=35.42..4154.25 rows=1072 width=121)
	              Recheck Cond: ((id >= 3466885) AND (id <= 3467884))
	              ->  Bitmap Index Scan on sbtest4_pkey  (cost=0.00..35.16 rows=1072 width=0)
	                    Index Cond: ((id >= 3466885) AND (id <= 3467884))

table 5 : explain SELECT DISTINCT c FROM sbtest5 WHERE id BETWEEN 3053284 AND 3054283 ORDER BY c
	Unique  (cost=3866.93..3871.85 rows=985 width=121)
	  ->  Sort  (cost=3866.93..3869.39 rows=985 width=121)
	        Sort Key: c
	        ->  Bitmap Heap Scan on sbtest5  (cost=34.53..3817.95 rows=985 width=121)
	              Recheck Cond: ((id >= 3053284) AND (id <= 3054283))
	              ->  Bitmap Index Scan on sbtest5_pkey  (cost=0.00..34.29 rows=985 width=0)
	                    Index Cond: ((id >= 3053284) AND (id <= 3054283))

table 6 : explain SELECT DISTINCT c FROM sbtest6 WHERE id BETWEEN 7802423 AND 7803422 ORDER BY c
	Unique  (cost=3992.22..3997.30 rows=1017 width=121)
	  ->  Sort  (cost=3992.22..3994.76 rows=1017 width=121)
	        Sort Key: c
	        ->  Bitmap Heap Scan on sbtest6  (cost=34.86..3941.42 rows=1017 width=121)
	              Recheck Cond: ((id >= 7802423) AND (id <= 7803422))
	              ->  Bitmap Index Scan on sbtest6_pkey  (cost=0.00..34.61 rows=1017 width=0)
	                    Index Cond: ((id >= 7802423) AND (id <= 7803422))

table 7 : explain SELECT DISTINCT c FROM sbtest7 WHERE id BETWEEN 1521463 AND 1522462 ORDER BY c
	Unique  (cost=4051.81..4056.96 rows=1031 width=121)
	  ->  Sort  (cost=4051.81..4054.39 rows=1031 width=121)
	        Sort Key: c
	        ->  Bitmap Heap Scan on sbtest7  (cost=35.00..4000.21 rows=1031 width=121)
	              Recheck Cond: ((id >= 1521463) AND (id <= 1522462))
	              ->  Bitmap Index Scan on sbtest7_pkey  (cost=0.00..34.75 rows=1031 width=0)
	                    Index Cond: ((id >= 1521463) AND (id <= 1522462))

table 8 : explain SELECT DISTINCT c FROM sbtest8 WHERE id BETWEEN 2102105 AND 2103104 ORDER BY c
	Unique  (cost=4153.51..4158.80 rows=1058 width=121)
	  ->  Sort  (cost=4153.51..4156.16 rows=1058 width=121)
	        Sort Key: c
	        ->  Bitmap Heap Scan on sbtest8  (cost=35.28..4100.36 rows=1058 width=121)
	              Recheck Cond: ((id >= 2102105) AND (id <= 2103104))
	              ->  Bitmap Index Scan on sbtest8_pkey  (cost=0.00..35.02 rows=1058 width=0)
	                    Index Cond: ((id >= 2102105) AND (id <= 2103104))

for: sum_ranges
table 1 : explain SELECT SUM(k) FROM sbtest1 WHERE id BETWEEN 1702704 AND 1703703
	Aggregate  (cost=4057.73..4057.74 rows=1 width=8)
	  ->  Bitmap Heap Scan on sbtest1  (cost=35.17..4055.12 rows=1047 width=4)
	        Recheck Cond: ((id >= 1702704) AND (id <= 1703703))
	        ->  Bitmap Index Scan on sbtest1_pkey  (cost=0.00..34.91 rows=1047 width=0)
	              Index Cond: ((id >= 1702704) AND (id <= 1703703))

table 2 : explain SELECT SUM(k) FROM sbtest2 WHERE id BETWEEN 1382339 AND 1383338
	Aggregate  (cost=3887.02..3887.03 rows=1 width=8)
	  ->  Bitmap Heap Scan on sbtest2  (cost=34.71..3884.51 rows=1002 width=4)
	        Recheck Cond: ((id >= 1382339) AND (id <= 1383338))
	        ->  Bitmap Index Scan on sbtest2_pkey  (cost=0.00..34.45 rows=1002 width=0)
	              Index Cond: ((id >= 1382339) AND (id <= 1383338))

table 3 : explain SELECT SUM(k) FROM sbtest3 WHERE id BETWEEN 748002 AND 749001
	Aggregate  (cost=3442.82..3442.83 rows=1 width=8)
	  ->  Bitmap Heap Scan on sbtest3  (cost=29.51..3440.61 rows=885 width=4)
	        Recheck Cond: ((id >= 748002) AND (id <= 749001))
	        ->  Bitmap Index Scan on sbtest3_pkey  (cost=0.00..29.29 rows=885 width=0)
	              Index Cond: ((id >= 748002) AND (id <= 749001))

table 4 : explain SELECT SUM(k) FROM sbtest4 WHERE id BETWEEN 7334912 AND 7335911
	Aggregate  (cost=4096.54..4096.55 rows=1 width=8)
	  ->  Bitmap Heap Scan on sbtest4  (cost=35.26..4093.90 rows=1056 width=4)
	        Recheck Cond: ((id >= 7334912) AND (id <= 7335911))
	        ->  Bitmap Index Scan on sbtest4_pkey  (cost=0.00..35.00 rows=1056 width=0)
	              Index Cond: ((id >= 7334912) AND (id <= 7335911))

table 5 : explain SELECT SUM(k) FROM sbtest5 WHERE id BETWEEN 8183916 AND 8184915
	Aggregate  (cost=3982.52..3982.53 rows=1 width=8)
	  ->  Bitmap Heap Scan on sbtest5  (cost=34.97..3979.95 rows=1028 width=4)
	        Recheck Cond: ((id >= 8183916) AND (id <= 8184915))
	        ->  Bitmap Index Scan on sbtest5_pkey  (cost=0.00..34.72 rows=1028 width=0)
	              Index Cond: ((id >= 8183916) AND (id <= 8184915))

table 6 : explain SELECT SUM(k) FROM sbtest6 WHERE id BETWEEN 3253745 AND 3254744
	Aggregate  (cost=3653.08..3653.09 rows=1 width=8)
	  ->  Bitmap Heap Scan on sbtest6  (cost=34.07..3650.73 rows=940 width=4)
	        Recheck Cond: ((id >= 3253745) AND (id <= 3254744))
	        ->  Bitmap Index Scan on sbtest6_pkey  (cost=0.00..33.84 rows=940 width=0)
	              Index Cond: ((id >= 3253745) AND (id <= 3254744))

table 7 : explain SELECT SUM(k) FROM sbtest7 WHERE id BETWEEN 9773439 AND 9774438
	Aggregate  (cost=4301.25..4301.26 rows=1 width=8)
	  ->  Bitmap Heap Scan on sbtest7  (cost=39.80..4298.48 rows=1109 width=4)
	        Recheck Cond: ((id >= 9773439) AND (id <= 9774438))
	        ->  Bitmap Index Scan on sbtest7_pkey  (cost=0.00..39.53 rows=1109 width=0)
	              Index Cond: ((id >= 9773439) AND (id <= 9774438))

table 8 : explain SELECT SUM(k) FROM sbtest8 WHERE id BETWEEN 5782638 AND 5783637
	Aggregate  (cost=4144.52..4144.53 rows=1 width=8)
	  ->  Bitmap Heap Scan on sbtest8  (cost=35.39..4141.84 rows=1069 width=4)
	        Recheck Cond: ((id >= 5782638) AND (id <= 5783637))
	        ->  Bitmap Index Scan on sbtest8_pkey  (cost=0.00..35.12 rows=1069 width=0)
	              Index Cond: ((id >= 5782638) AND (id <= 5783637))

for: distinct_ranges
table 1 : explain SELECT DISTINCT c FROM sbtest1 WHERE id BETWEEN 6036089 AND 6037088 ORDER BY c
	Unique  (cost=3996.66..4001.75 rows=1018 width=121)
	  ->  Sort  (cost=3996.66..3999.21 rows=1018 width=121)
	        Sort Key: c
	        ->  Bitmap Heap Scan on sbtest1  (cost=34.87..3945.81 rows=1018 width=121)
	              Recheck Cond: ((id >= 6036089) AND (id <= 6037088))
	              ->  Bitmap Index Scan on sbtest1_pkey  (cost=0.00..34.62 rows=1018 width=0)
	                    Index Cond: ((id >= 6036089) AND (id <= 6037088))

table 2 : explain SELECT DISTINCT c FROM sbtest2 WHERE id BETWEEN 8338640 AND 8339639 ORDER BY c
	Unique  (cost=3727.53..3732.27 rows=948 width=121)
	  ->  Sort  (cost=3727.53..3729.90 rows=948 width=121)
	        Sort Key: c
	        ->  Bitmap Heap Scan on sbtest2  (cost=34.15..3680.66 rows=948 width=121)
	              Recheck Cond: ((id >= 8338640) AND (id <= 8339639))
	              ->  Bitmap Index Scan on sbtest2_pkey  (cost=0.00..33.92 rows=948 width=0)
	                    Index Cond: ((id >= 8338640) AND (id <= 8339639))

table 3 : explain SELECT DISTINCT c FROM sbtest3 WHERE id BETWEEN 8873426 AND 8874425 ORDER BY c
	Unique  (cost=3668.60..3673.26 rows=932 width=121)
	  ->  Sort  (cost=3668.60..3670.93 rows=932 width=121)
	        Sort Key: c
	        ->  Bitmap Heap Scan on sbtest3  (cost=33.99..3622.63 rows=932 width=121)
	              Recheck Cond: ((id >= 8873426) AND (id <= 8874425))
	              ->  Bitmap Index Scan on sbtest3_pkey  (cost=0.00..33.76 rows=932 width=0)
	                    Index Cond: ((id >= 8873426) AND (id <= 8874425))

table 4 : explain SELECT DISTINCT c FROM sbtest4 WHERE id BETWEEN 7268886 AND 7269885 ORDER BY c
	Unique  (cost=3705.64..3710.34 rows=941 width=121)
	  ->  Sort  (cost=3705.64..3707.99 rows=941 width=121)
	        Sort Key: c
	        ->  Bitmap Heap Scan on sbtest4  (cost=34.08..3659.16 rows=941 width=121)
	              Recheck Cond: ((id >= 7268886) AND (id <= 7269885))
	              ->  Bitmap Index Scan on sbtest4_pkey  (cost=0.00..33.84 rows=941 width=0)
	                    Index Cond: ((id >= 7268886) AND (id <= 7269885))

table 5 : explain SELECT DISTINCT c FROM sbtest5 WHERE id BETWEEN 999222 AND 1000221 ORDER BY c
	Unique  (cost=3667.75..3672.42 rows=933 width=121)
	  ->  Sort  (cost=3667.75..3670.09 rows=933 width=121)
	        Sort Key: c
	        ->  Bitmap Heap Scan on sbtest5  (cost=34.00..3621.73 rows=933 width=121)
	              Recheck Cond: ((id >= 999222) AND (id <= 1000221))
	              ->  Bitmap Index Scan on sbtest5_pkey  (cost=0.00..33.77 rows=933 width=0)
	                    Index Cond: ((id >= 999222) AND (id <= 1000221))

table 6 : explain SELECT DISTINCT c FROM sbtest6 WHERE id BETWEEN 1231902 AND 1232901 ORDER BY c
	Unique  (cost=4435.69..4441.35 rows=1133 width=121)
	  ->  Sort  (cost=4435.69..4438.52 rows=1133 width=121)
	        Sort Key: c
	        ->  Bitmap Heap Scan on sbtest6  (cost=40.05..4378.21 rows=1133 width=121)
	              Recheck Cond: ((id >= 1231902) AND (id <= 1232901))
	              ->  Bitmap Index Scan on sbtest6_pkey  (cost=0.00..39.77 rows=1133 width=0)
	                    Index Cond: ((id >= 1231902) AND (id <= 1232901))

table 7 : explain SELECT DISTINCT c FROM sbtest7 WHERE id BETWEEN 7658379 AND 7659378 ORDER BY c
	Unique  (cost=3998.11..4003.20 rows=1017 width=121)
	  ->  Sort  (cost=3998.11..4000.66 rows=1017 width=121)
	        Sort Key: c
	        ->  Bitmap Heap Scan on sbtest7  (cost=34.86..3947.31 rows=1017 width=121)
	              Recheck Cond: ((id >= 7658379) AND (id <= 7659378))
	              ->  Bitmap Index Scan on sbtest7_pkey  (cost=0.00..34.61 rows=1017 width=0)
	                    Index Cond: ((id >= 7658379) AND (id <= 7659378))

table 8 : explain SELECT DISTINCT c FROM sbtest8 WHERE id BETWEEN 1878394 AND 1879393 ORDER BY c
	Unique  (cost=3916.67..3921.60 rows=987 width=121)
	  ->  Sort  (cost=3916.67..3919.13 rows=987 width=121)
	        Sort Key: c
	        ->  Index Scan using sbtest8_pkey on sbtest8  (cost=0.43..3867.58 rows=987 width=121)
	              Index Cond: ((id >= 1878394) AND (id <= 1879393))
for: simple_ranges
table 1 : explain SELECT c FROM sbtest1 WHERE id BETWEEN 2015626 AND 2016625
	Bitmap Heap Scan on sbtest1  (cost=34.74..3896.77 rows=1005 width=121)
	  Recheck Cond: ((id >= 2015626) AND (id <= 2016625))
	  ->  Bitmap Index Scan on sbtest1_pkey  (cost=0.00..34.48 rows=1005 width=0)
	        Index Cond: ((id >= 2015626) AND (id <= 2016625))

table 2 : explain SELECT c FROM sbtest2 WHERE id BETWEEN 5522687 AND 5523686
	Bitmap Heap Scan on sbtest2  (cost=35.40..4140.70 rows=1070 width=121)
	  Recheck Cond: ((id >= 5522687) AND (id <= 5523686))
	  ->  Bitmap Index Scan on sbtest2_pkey  (cost=0.00..35.14 rows=1070 width=0)
	        Index Cond: ((id >= 5522687) AND (id <= 5523686))

table 3 : explain SELECT c FROM sbtest3 WHERE id BETWEEN 7900248 AND 7901247
	Bitmap Heap Scan on sbtest3  (cost=34.44..3789.03 rows=976 width=121)
	  Recheck Cond: ((id >= 7900248) AND (id <= 7901247))
	  ->  Bitmap Index Scan on sbtest3_pkey  (cost=0.00..34.20 rows=976 width=0)
	        Index Cond: ((id >= 7900248) AND (id <= 7901247))

table 4 : explain SELECT c FROM sbtest4 WHERE id BETWEEN 3815241 AND 3816240
	Bitmap Heap Scan on sbtest4  (cost=35.16..4056.16 rows=1046 width=121)
	  Recheck Cond: ((id >= 3815241) AND (id <= 3816240))
	  ->  Bitmap Index Scan on sbtest4_pkey  (cost=0.00..34.90 rows=1046 width=0)
	        Index Cond: ((id >= 3815241) AND (id <= 3816240))

table 5 : explain SELECT c FROM sbtest5 WHERE id BETWEEN 4122639 AND 4123638
	Bitmap Heap Scan on sbtest5  (cost=34.49..3802.87 rows=981 width=121)
	  Recheck Cond: ((id >= 4122639) AND (id <= 4123638))
	  ->  Bitmap Index Scan on sbtest5_pkey  (cost=0.00..34.25 rows=981 width=0)
	        Index Cond: ((id >= 4122639) AND (id <= 4123638))

table 6 : explain SELECT c FROM sbtest6 WHERE id BETWEEN 1537351 AND 1538350
	Bitmap Heap Scan on sbtest6  (cost=34.08..3654.51 rows=941 width=121)
	  Recheck Cond: ((id >= 1537351) AND (id <= 1538350))
	  ->  Bitmap Index Scan on sbtest6_pkey  (cost=0.00..33.84 rows=941 width=0)
	        Index Cond: ((id >= 1537351) AND (id <= 1538350))

table 7 : explain SELECT c FROM sbtest7 WHERE id BETWEEN 1879682 AND 1880681
	Bitmap Heap Scan on sbtest7  (cost=34.97..3988.88 rows=1028 width=121)
	  Recheck Cond: ((id >= 1879682) AND (id <= 1880681))
	  ->  Bitmap Index Scan on sbtest7_pkey  (cost=0.00..34.72 rows=1028 width=0)
	        Index Cond: ((id >= 1879682) AND (id <= 1880681))

table 8 : explain SELECT c FROM sbtest8 WHERE id BETWEEN 4821981 AND 4822980
	Bitmap Heap Scan on sbtest8  (cost=35.57..4205.92 rows=1086 width=121)
	  Recheck Cond: ((id >= 4821981) AND (id <= 4822980))
	  ->  Bitmap Index Scan on sbtest8_pkey  (cost=0.00..35.30 rows=1086 width=0)
	        Index Cond: ((id >= 4821981) AND (id <= 4822980))

for: simple_ranges
table 1 : explain SELECT c FROM sbtest1 WHERE id BETWEEN 5500096 AND 5501095
	Bitmap Heap Scan on sbtest1  (cost=34.17..3689.08 rows=950 width=121)
	  Recheck Cond: ((id >= 5500096) AND (id <= 5501095))
	  ->  Bitmap Index Scan on sbtest1_pkey  (cost=0.00..33.94 rows=950 width=0)
	        Index Cond: ((id >= 5500096) AND (id <= 5501095))

table 2 : explain SELECT c FROM sbtest2 WHERE id BETWEEN 3494138 AND 3495137
	Bitmap Heap Scan on sbtest2  (cost=34.17..3688.21 rows=950 width=121)
	  Recheck Cond: ((id >= 3494138) AND (id <= 3495137))
	  ->  Bitmap Index Scan on sbtest2_pkey  (cost=0.00..33.94 rows=950 width=0)
	        Index Cond: ((id >= 3494138) AND (id <= 3495137))

table 3 : explain SELECT c FROM sbtest3 WHERE id BETWEEN 8091815 AND 8092814
	Bitmap Heap Scan on sbtest3  (cost=34.81..3924.99 rows=1012 width=121)
	  Recheck Cond: ((id >= 8091815) AND (id <= 8092814))
	  ->  Bitmap Index Scan on sbtest3_pkey  (cost=0.00..34.56 rows=1012 width=0)
	        Index Cond: ((id >= 8091815) AND (id <= 8092814))

table 4 : explain SELECT c FROM sbtest4 WHERE id BETWEEN 2627201 AND 2628200
	Bitmap Heap Scan on sbtest4  (cost=34.58..3844.59 rows=990 width=121)
	  Recheck Cond: ((id >= 2627201) AND (id <= 2628200))
	  ->  Bitmap Index Scan on sbtest4_pkey  (cost=0.00..34.34 rows=990 width=0)
	        Index Cond: ((id >= 2627201) AND (id <= 2628200))

table 5 : explain SELECT c FROM sbtest5 WHERE id BETWEEN 8891032 AND 8892031
	Bitmap Heap Scan on sbtest5  (cost=35.62..4216.87 rows=1091 width=121)
	  Recheck Cond: ((id >= 8891032) AND (id <= 8892031))
	  ->  Bitmap Index Scan on sbtest5_pkey  (cost=0.00..35.34 rows=1091 width=0)
	        Index Cond: ((id >= 8891032) AND (id <= 8892031))

table 6 : explain SELECT c FROM sbtest6 WHERE id BETWEEN 1876717 AND 1877716
	Bitmap Heap Scan on sbtest6  (cost=34.24..3714.97 rows=957 width=121)
	  Recheck Cond: ((id >= 1876717) AND (id <= 1877716))
	  ->  Bitmap Index Scan on sbtest6_pkey  (cost=0.00..34.01 rows=957 width=0)
	        Index Cond: ((id >= 1876717) AND (id <= 1877716))

table 7 : explain SELECT c FROM sbtest7 WHERE id BETWEEN 3074769 AND 3075768
	Bitmap Heap Scan on sbtest7  (cost=34.09..3663.54 rows=942 width=121)
	  Recheck Cond: ((id >= 3074769) AND (id <= 3075768))
	  ->  Bitmap Index Scan on sbtest7_pkey  (cost=0.00..33.86 rows=942 width=0)
	        Index Cond: ((id >= 3074769) AND (id <= 3075768))

table 8 : explain SELECT c FROM sbtest8 WHERE id BETWEEN 5434524 AND 5435523
	Index Scan using sbtest8_pkey on sbtest8  (cost=0.43..3777.96 rows=964 width=121)
	  Index Cond: ((id >= 5434524) AND (id <= 5435523))


for: distinct_ranges
table 1 : explain SELECT DISTINCT c FROM sbtest1 WHERE id BETWEEN 921041 AND 922040 ORDER BY c
	Unique  (cost=3866.44..3871.36 rows=984 width=121)
	  ->  Sort  (cost=3866.44..3868.90 rows=984 width=121)
	        Sort Key: c
	        ->  Bitmap Heap Scan on sbtest1  (cost=34.52..3817.52 rows=984 width=121)
	              Recheck Cond: ((id >= 921041) AND (id <= 922040))
	              ->  Bitmap Index Scan on sbtest1_pkey  (cost=0.00..34.28 rows=984 width=0)
	                    Index Cond: ((id >= 921041) AND (id <= 922040))

table 2 : explain SELECT DISTINCT c FROM sbtest2 WHERE id BETWEEN 4878587 AND 4879586 ORDER BY c
	Unique  (cost=3899.99..3904.96 rows=993 width=121)
	  ->  Sort  (cost=3899.99..3902.48 rows=993 width=121)
	        Sort Key: c
	        ->  Bitmap Heap Scan on sbtest2  (cost=34.61..3850.56 rows=993 width=121)
	              Recheck Cond: ((id >= 4878587) AND (id <= 4879586))
	              ->  Bitmap Index Scan on sbtest2_pkey  (cost=0.00..34.37 rows=993 width=0)
	                    Index Cond: ((id >= 4878587) AND (id <= 4879586))

table 3 : explain SELECT DISTINCT c FROM sbtest3 WHERE id BETWEEN 3647946 AND 3648945 ORDER BY c
	Unique  (cost=3868.17..3873.09 rows=984 width=121)
	  ->  Sort  (cost=3868.17..3870.63 rows=984 width=121)
	        Sort Key: c
	        ->  Bitmap Heap Scan on sbtest3  (cost=34.52..3819.26 rows=984 width=121)
	              Recheck Cond: ((id >= 3647946) AND (id <= 3648945))
	              ->  Bitmap Index Scan on sbtest3_pkey  (cost=0.00..34.28 rows=984 width=0)
	                    Index Cond: ((id >= 3647946) AND (id <= 3648945))

table 4 : explain SELECT DISTINCT c FROM sbtest4 WHERE id BETWEEN 7583595 AND 7584594 ORDER BY c
	Unique  (cost=3843.95..3848.83 rows=977 width=121)
	  ->  Sort  (cost=3843.95..3846.39 rows=977 width=121)
	        Sort Key: c
	        ->  Bitmap Heap Scan on sbtest4  (cost=34.45..3795.43 rows=977 width=121)
	              Recheck Cond: ((id >= 7583595) AND (id <= 7584594))
	              ->  Bitmap Index Scan on sbtest4_pkey  (cost=0.00..34.20 rows=977 width=0)
	                    Index Cond: ((id >= 7583595) AND (id <= 7584594))

table 5 : explain SELECT DISTINCT c FROM sbtest5 WHERE id BETWEEN 4580850 AND 4581849 ORDER BY c
	Unique  (cost=3985.51..3990.59 rows=1016 width=121)
	  ->  Sort  (cost=3985.51..3988.05 rows=1016 width=121)
	        Sort Key: c
	        ->  Bitmap Heap Scan on sbtest5  (cost=34.85..3934.77 rows=1016 width=121)
	              Recheck Cond: ((id >= 4580850) AND (id <= 4581849))
	              ->  Bitmap Index Scan on sbtest5_pkey  (cost=0.00..34.59 rows=1016 width=0)
	                    Index Cond: ((id >= 4580850) AND (id <= 4581849))

table 6 : explain SELECT DISTINCT c FROM sbtest6 WHERE id BETWEEN 2715879 AND 2716878 ORDER BY c
	Unique  (cost=3965.42..3970.47 rows=1010 width=121)
	  ->  Sort  (cost=3965.42..3967.95 rows=1010 width=121)
	        Sort Key: c
	        ->  Bitmap Heap Scan on sbtest6  (cost=34.79..3915.02 rows=1010 width=121)
	              Recheck Cond: ((id >= 2715879) AND (id <= 2716878))
	              ->  Bitmap Index Scan on sbtest6_pkey  (cost=0.00..34.54 rows=1010 width=0)
	                    Index Cond: ((id >= 2715879) AND (id <= 2716878))

table 7 : explain SELECT DISTINCT c FROM sbtest7 WHERE id BETWEEN 8612713 AND 8613712 ORDER BY c
	Unique  (cost=3856.10..3861.00 rows=980 width=121)
	  ->  Sort  (cost=3856.10..3858.55 rows=980 width=121)
	        Sort Key: c
	        ->  Bitmap Heap Scan on sbtest7  (cost=34.48..3807.41 rows=980 width=121)
	              Recheck Cond: ((id >= 8612713) AND (id <= 8613712))
	              ->  Bitmap Index Scan on sbtest7_pkey  (cost=0.00..34.23 rows=980 width=0)
	                    Index Cond: ((id >= 8612713) AND (id <= 8613712))

table 8 : explain SELECT DISTINCT c FROM sbtest8 WHERE id BETWEEN 5084286 AND 5085285 ORDER BY c
	Unique  (cost=3667.55..3672.17 rows=924 width=121)
	  ->  Sort  (cost=3667.55..3669.86 rows=924 width=121)
	        Sort Key: c
	        ->  Index Scan using sbtest8_pkey on sbtest8  (cost=0.43..3622.03 rows=924 width=121)
	              Index Cond: ((id >= 5084286) AND (id <= 5085285))

for: order_ranges
table 1 : explain SELECT c FROM sbtest1 WHERE id BETWEEN 1049546 AND 1050545 ORDER BY c
	Sort  (cost=4077.03..4079.63 rows=1039 width=121)
	  Sort Key: c
	  ->  Bitmap Heap Scan on sbtest1  (cost=35.08..4024.97 rows=1039 width=121)
	        Recheck Cond: ((id >= 1049546) AND (id <= 1050545))
	        ->  Bitmap Index Scan on sbtest1_pkey  (cost=0.00..34.83 rows=1039 width=0)
	              Index Cond: ((id >= 1049546) AND (id <= 1050545))

table 2 : explain SELECT c FROM sbtest2 WHERE id BETWEEN 4038228 AND 4039227 ORDER BY c
	Sort  (cost=4355.09..4357.87 rows=1111 width=121)
	  Sort Key: c
	  ->  Bitmap Heap Scan on sbtest2  (cost=39.82..4298.89 rows=1111 width=121)
	        Recheck Cond: ((id >= 4038228) AND (id <= 4039227))
	        ->  Bitmap Index Scan on sbtest2_pkey  (cost=0.00..39.55 rows=1111 width=0)
	              Index Cond: ((id >= 4038228) AND (id <= 4039227))

table 3 : explain SELECT c FROM sbtest3 WHERE id BETWEEN 8112811 AND 8113810 ORDER BY c
	Sort  (cost=3975.51..3978.04 rows=1012 width=121)
	  Sort Key: c
	  ->  Bitmap Heap Scan on sbtest3  (cost=34.81..3924.99 rows=1012 width=121)
	        Recheck Cond: ((id >= 8112811) AND (id <= 8113810))
	        ->  Bitmap Index Scan on sbtest3_pkey  (cost=0.00..34.56 rows=1012 width=0)
	              Index Cond: ((id >= 8112811) AND (id <= 8113810))

table 4 : explain SELECT c FROM sbtest4 WHERE id BETWEEN 7369097 AND 7370096 ORDER BY c
	Sort  (cost=4146.93..4149.57 rows=1056 width=121)
	  Sort Key: c
	  ->  Bitmap Heap Scan on sbtest4  (cost=35.26..4093.90 rows=1056 width=121)
	        Recheck Cond: ((id >= 7369097) AND (id <= 7370096))
	        ->  Bitmap Index Scan on sbtest4_pkey  (cost=0.00..35.00 rows=1056 width=0)
	              Index Cond: ((id >= 7369097) AND (id <= 7370096))

table 5 : explain SELECT c FROM sbtest5 WHERE id BETWEEN 4524377 AND 4525376 ORDER BY c
	Sort  (cost=3985.51..3988.05 rows=1016 width=121)
	  Sort Key: c
	  ->  Bitmap Heap Scan on sbtest5  (cost=34.85..3934.77 rows=1016 width=121)
	        Recheck Cond: ((id >= 4524377) AND (id <= 4525376))
	        ->  Bitmap Index Scan on sbtest5_pkey  (cost=0.00..34.59 rows=1016 width=0)
	              Index Cond: ((id >= 4524377) AND (id <= 4525376))

table 6 : explain SELECT c FROM sbtest6 WHERE id BETWEEN 2909232 AND 2910231 ORDER BY c
	Sort  (cost=3980.74..3983.27 rows=1014 width=121)
	  Sort Key: c
	  ->  Bitmap Heap Scan on sbtest6  (cost=34.83..3930.11 rows=1014 width=121)
	        Recheck Cond: ((id >= 2909232) AND (id <= 2910231))
	        ->  Bitmap Index Scan on sbtest6_pkey  (cost=0.00..34.58 rows=1014 width=0)
	              Index Cond: ((id >= 2909232) AND (id <= 2910231))

table 7 : explain SELECT c FROM sbtest7 WHERE id BETWEEN 3609890 AND 3610889 ORDER BY c
	Sort  (cost=3644.70..3647.01 rows=925 width=121)
	  Sort Key: c
	  ->  Bitmap Heap Scan on sbtest7  (cost=33.92..3599.13 rows=925 width=121)
	        Recheck Cond: ((id >= 3609890) AND (id <= 3610889))
	        ->  Bitmap Index Scan on sbtest7_pkey  (cost=0.00..33.69 rows=925 width=0)
	              Index Cond: ((id >= 3609890) AND (id <= 3610889))

table 8 : explain SELECT c FROM sbtest8 WHERE id BETWEEN 8358680 AND 8359679 ORDER BY c
	Sort  (cost=4053.92..4056.50 rows=1032 width=121)
	  Sort Key: c
	  ->  Bitmap Heap Scan on sbtest8  (cost=35.01..4002.26 rows=1032 width=121)
	        Recheck Cond: ((id >= 8358680) AND (id <= 8359679))
	        ->  Bitmap Index Scan on sbtest8_pkey  (cost=0.00..34.76 rows=1032 width=0)
	              Index Cond: ((id >= 8358680) AND (id <= 8359679))

for: order_ranges
table 1 : explain SELECT c FROM sbtest1 WHERE id BETWEEN 9748654 AND 9749653 ORDER BY c
	Sort  (cost=3939.23..3941.73 rows=1003 width=121)
	  Sort Key: c
	  ->  Bitmap Heap Scan on sbtest1  (cost=34.72..3889.23 rows=1003 width=121)
	        Recheck Cond: ((id >= 9748654) AND (id <= 9749653))
	        ->  Bitmap Index Scan on sbtest1_pkey  (cost=0.00..34.47 rows=1003 width=0)
	              Index Cond: ((id >= 9748654) AND (id <= 9749653))

table 2 : explain SELECT c FROM sbtest2 WHERE id BETWEEN 4553599 AND 4554598 ORDER BY c
	Sort  (cost=3980.39..3982.93 rows=1014 width=121)
	  Sort Key: c
	  ->  Bitmap Heap Scan on sbtest2  (cost=34.83..3929.77 rows=1014 width=121)
	        Recheck Cond: ((id >= 4553599) AND (id <= 4554598))
	        ->  Bitmap Index Scan on sbtest2_pkey  (cost=0.00..34.58 rows=1014 width=0)
	              Index Cond: ((id >= 4553599) AND (id <= 4554598))

table 3 : explain SELECT c FROM sbtest3 WHERE id BETWEEN 25736 AND 26735 ORDER BY c
	Sort  (cost=3952.51..3955.03 rows=1006 width=121)
	  Sort Key: c
	  ->  Bitmap Heap Scan on sbtest3  (cost=34.75..3902.34 rows=1006 width=121)
	        Recheck Cond: ((id >= 25736) AND (id <= 26735))
	        ->  Bitmap Index Scan on sbtest3_pkey  (cost=0.00..34.50 rows=1006 width=0)
	              Index Cond: ((id >= 25736) AND (id <= 26735))

table 4 : explain SELECT c FROM sbtest4 WHERE id BETWEEN 6158821 AND 6159820 ORDER BY c
	Sort  (cost=3863.14..3865.60 rows=982 width=121)
	  Sort Key: c
	  ->  Bitmap Heap Scan on sbtest4  (cost=34.50..3814.34 rows=982 width=121)
	        Recheck Cond: ((id >= 6158821) AND (id <= 6159820))
	        ->  Bitmap Index Scan on sbtest4_pkey  (cost=0.00..34.26 rows=982 width=0)
	              Index Cond: ((id >= 6158821) AND (id <= 6159820))

table 5 : explain SELECT c FROM sbtest5 WHERE id BETWEEN 187195 AND 188194 ORDER BY c
	Sort  (cost=3974.04..3976.57 rows=1013 width=121)
	  Sort Key: c
	  ->  Bitmap Heap Scan on sbtest5  (cost=34.82..3923.47 rows=1013 width=121)
	        Recheck Cond: ((id >= 187195) AND (id <= 188194))
	        ->  Bitmap Index Scan on sbtest5_pkey  (cost=0.00..34.57 rows=1013 width=0)
	              Index Cond: ((id >= 187195) AND (id <= 188194))

table 6 : explain SELECT c FROM sbtest6 WHERE id BETWEEN 2121548 AND 2122547 ORDER BY c
	Sort  (cost=4156.69..4159.34 rows=1060 width=121)
	  Sort Key: c
	  ->  Bitmap Heap Scan on sbtest6  (cost=35.30..4103.43 rows=1060 width=121)
	        Recheck Cond: ((id >= 2121548) AND (id <= 2122547))
	        ->  Bitmap Index Scan on sbtest6_pkey  (cost=0.00..35.04 rows=1060 width=0)
	              Index Cond: ((id >= 2121548) AND (id <= 2122547))

table 7 : explain SELECT c FROM sbtest7 WHERE id BETWEEN 1163646 AND 1164645 ORDER BY c
	Sort  (cost=3763.89..3766.28 rows=956 width=121)
	  Sort Key: c
	  ->  Bitmap Heap Scan on sbtest7  (cost=34.23..3716.57 rows=956 width=121)
	        Recheck Cond: ((id >= 1163646) AND (id <= 1164645))
	        ->  Bitmap Index Scan on sbtest7_pkey  (cost=0.00..34.00 rows=956 width=0)
	              Index Cond: ((id >= 1163646) AND (id <= 1164645))

table 8 : explain SELECT c FROM sbtest8 WHERE id BETWEEN 5027041 AND 5028040 ORDER BY c
	Sort  (cost=3667.55..3669.86 rows=924 width=121)
	  Sort Key: c
	  ->  Index Scan using sbtest8_pkey on sbtest8  (cost=0.43..3622.03 rows=924 width=121)
	        Index Cond: ((id >= 5027041) AND (id <= 5028040))

for: order_ranges
table 1 : explain SELECT c FROM sbtest1 WHERE id BETWEEN 1802988 AND 1803987 ORDER BY c
	Sort  (cost=3912.41..3914.90 rows=996 width=121)
	  Sort Key: c
	  ->  Bitmap Heap Scan on sbtest1  (cost=34.64..3862.81 rows=996 width=121)
	        Recheck Cond: ((id >= 1802988) AND (id <= 1803987))
	        ->  Bitmap Index Scan on sbtest1_pkey  (cost=0.00..34.40 rows=996 width=0)
	              Index Cond: ((id >= 1802988) AND (id <= 1803987))

table 2 : explain SELECT c FROM sbtest2 WHERE id BETWEEN 5835417 AND 5836416 ORDER BY c
	Sort  (cost=3408.62..3410.79 rows=866 width=121)
	  Sort Key: c
	  ->  Bitmap Heap Scan on sbtest2  (cost=29.31..3366.37 rows=866 width=121)
	        Recheck Cond: ((id >= 5835417) AND (id <= 5836416))
	        ->  Bitmap Index Scan on sbtest2_pkey  (cost=0.00..29.09 rows=866 width=0)
	              Index Cond: ((id >= 5835417) AND (id <= 5836416))

table 3 : explain SELECT c FROM sbtest3 WHERE id BETWEEN 3140203 AND 3141202 ORDER BY c
	Sort  (cost=3718.52..3720.88 rows=945 width=121)
	  Sort Key: c
	  ->  Bitmap Heap Scan on sbtest3  (cost=34.12..3671.82 rows=945 width=121)
	        Recheck Cond: ((id >= 3140203) AND (id <= 3141202))
	        ->  Bitmap Index Scan on sbtest3_pkey  (cost=0.00..33.89 rows=945 width=0)
	              Index Cond: ((id >= 3140203) AND (id <= 3141202))

table 4 : explain SELECT c FROM sbtest4 WHERE id BETWEEN 5236161 AND 5237160 ORDER BY c
	Sort  (cost=3451.52..3453.71 rows=876 width=121)
	  Sort Key: c
	  ->  Bitmap Heap Scan on sbtest4  (cost=29.41..3408.71 rows=876 width=121)
	        Recheck Cond: ((id >= 5236161) AND (id <= 5237160))
	        ->  Bitmap Index Scan on sbtest4_pkey  (cost=0.00..29.19 rows=876 width=0)
	              Index Cond: ((id >= 5236161) AND (id <= 5237160))

table 5 : explain SELECT c FROM sbtest5 WHERE id BETWEEN 7644447 AND 7645446 ORDER BY c
	Sort  (cost=4054.31..4056.89 rows=1034 width=121)
	  Sort Key: c
	  ->  Bitmap Heap Scan on sbtest5  (cost=35.03..4002.54 rows=1034 width=121)
	        Recheck Cond: ((id >= 7644447) AND (id <= 7645446))
	        ->  Bitmap Index Scan on sbtest5_pkey  (cost=0.00..34.78 rows=1034 width=0)
	              Index Cond: ((id >= 7644447) AND (id <= 7645446))

table 6 : explain SELECT c FROM sbtest6 WHERE id BETWEEN 5717662 AND 5718661 ORDER BY c
	Sort  (cost=3973.08..3975.61 rows=1012 width=121)
	  Sort Key: c
	  ->  Bitmap Heap Scan on sbtest6  (cost=34.81..3922.57 rows=1012 width=121)
	        Recheck Cond: ((id >= 5717662) AND (id <= 5718661))
	        ->  Bitmap Index Scan on sbtest6_pkey  (cost=0.00..34.56 rows=1012 width=0)
	              Index Cond: ((id >= 5717662) AND (id <= 5718661))

table 7 : explain SELECT c FROM sbtest7 WHERE id BETWEEN 9536794 AND 9537793 ORDER BY c
	Sort  (cost=4044.14..4046.71 rows=1029 width=121)
	  Sort Key: c
	  ->  Bitmap Heap Scan on sbtest7  (cost=34.98..3992.65 rows=1029 width=121)
	        Recheck Cond: ((id >= 9536794) AND (id <= 9537793))
	        ->  Bitmap Index Scan on sbtest7_pkey  (cost=0.00..34.73 rows=1029 width=0)
	              Index Cond: ((id >= 9536794) AND (id <= 9537793))

table 8 : explain SELECT c FROM sbtest8 WHERE id BETWEEN 8033729 AND 8034728 ORDER BY c
	Sort  (cost=3964.14..3966.64 rows=999 width=121)
	  Sort Key: c
	  ->  Index Scan using sbtest8_pkey on sbtest8  (cost=0.43..3914.37 rows=999 width=121)
	        Index Cond: ((id >= 8033729) AND (id <= 8034728))

for: distinct_ranges
table 1 : explain SELECT DISTINCT c FROM sbtest1 WHERE id BETWEEN 1245301 AND 1246300 ORDER BY c
	Unique  (cost=3927.74..3932.74 rows=1000 width=121)
	  ->  Sort  (cost=3927.74..3930.24 rows=1000 width=121)
	        Sort Key: c
	        ->  Bitmap Heap Scan on sbtest1  (cost=34.69..3877.91 rows=1000 width=121)
	              Recheck Cond: ((id >= 1245301) AND (id <= 1246300))
	              ->  Bitmap Index Scan on sbtest1_pkey  (cost=0.00..34.44 rows=1000 width=0)
	                    Index Cond: ((id >= 1245301) AND (id <= 1246300))

table 2 : explain SELECT DISTINCT c FROM sbtest2 WHERE id BETWEEN 5245326 AND 5246325 ORDER BY c
	Unique  (cost=3742.87..3747.63 rows=952 width=121)
	  ->  Sort  (cost=3742.87..3745.25 rows=952 width=121)
	        Sort Key: c
	        ->  Bitmap Heap Scan on sbtest2  (cost=34.19..3695.77 rows=952 width=121)
	              Recheck Cond: ((id >= 5245326) AND (id <= 5246325))
	              ->  Bitmap Index Scan on sbtest2_pkey  (cost=0.00..33.95 rows=952 width=0)
	                    Index Cond: ((id >= 5245326) AND (id <= 5246325))

table 3 : explain SELECT DISTINCT c FROM sbtest3 WHERE id BETWEEN 4059025 AND 4060024 ORDER BY c
	Unique  (cost=3691.64..3696.33 rows=938 width=121)
	  ->  Sort  (cost=3691.64..3693.99 rows=938 width=121)
	        Sort Key: c
	        ->  Bitmap Heap Scan on sbtest3  (cost=34.05..3645.33 rows=938 width=121)
	              Recheck Cond: ((id >= 4059025) AND (id <= 4060024))
	              ->  Bitmap Index Scan on sbtest3_pkey  (cost=0.00..33.82 rows=938 width=0)
	                    Index Cond: ((id >= 4059025) AND (id <= 4060024))

table 4 : explain SELECT DISTINCT c FROM sbtest4 WHERE id BETWEEN 5904182 AND 5905181 ORDER BY c
	Unique  (cost=4395.87..4401.47 rows=1120 width=121)
	  ->  Sort  (cost=4395.87..4398.67 rows=1120 width=121)
	        Sort Key: c
	        ->  Bitmap Heap Scan on sbtest4  (cost=39.92..4339.14 rows=1120 width=121)
	              Recheck Cond: ((id >= 5904182) AND (id <= 5905181))
	              ->  Bitmap Index Scan on sbtest4_pkey  (cost=0.00..39.64 rows=1120 width=0)
	                    Index Cond: ((id >= 5904182) AND (id <= 5905181))

table 5 : explain SELECT DISTINCT c FROM sbtest5 WHERE id BETWEEN 7928328 AND 7929327 ORDER BY c
	Unique  (cost=3471.92..3476.33 rows=883 width=121)
	  ->  Sort  (cost=3471.92..3474.13 rows=883 width=121)
	        Sort Key: c
	        ->  Bitmap Heap Scan on sbtest5  (cost=29.49..3428.71 rows=883 width=121)
	              Recheck Cond: ((id >= 7928328) AND (id <= 7929327))
	              ->  Bitmap Index Scan on sbtest5_pkey  (cost=0.00..29.26 rows=883 width=0)
	                    Index Cond: ((id >= 7928328) AND (id <= 7929327))

table 6 : explain SELECT DISTINCT c FROM sbtest6 WHERE id BETWEEN 5982253 AND 5983252 ORDER BY c
	Unique  (cost=3915.65..3920.63 rows=997 width=121)
	  ->  Sort  (cost=3915.65..3918.14 rows=997 width=121)
	        Sort Key: c
	        ->  Bitmap Heap Scan on sbtest6  (cost=34.65..3865.99 rows=997 width=121)
	              Recheck Cond: ((id >= 5982253) AND (id <= 5983252))
	              ->  Bitmap Index Scan on sbtest6_pkey  (cost=0.00..34.41 rows=997 width=0)
	                    Index Cond: ((id >= 5982253) AND (id <= 5983252))

table 7 : explain SELECT DISTINCT c FROM sbtest7 WHERE id BETWEEN 4457279 AND 4458278 ORDER BY c
	Unique  (cost=3875.30..3880.22 rows=985 width=121)
	  ->  Sort  (cost=3875.30..3877.76 rows=985 width=121)
	        Sort Key: c
	        ->  Bitmap Heap Scan on sbtest7  (cost=34.53..3826.32 rows=985 width=121)
	              Recheck Cond: ((id >= 4457279) AND (id <= 4458278))
	              ->  Bitmap Index Scan on sbtest7_pkey  (cost=0.00..34.29 rows=985 width=0)
	                    Index Cond: ((id >= 4457279) AND (id <= 4458278))

table 8 : explain SELECT DISTINCT c FROM sbtest8 WHERE id BETWEEN 9459722 AND 9460721 ORDER BY c
	Unique  (cost=3794.08..3798.86 rows=956 width=121)
	  ->  Sort  (cost=3794.08..3796.47 rows=956 width=121)
	        Sort Key: c
	        ->  Index Scan using sbtest8_pkey on sbtest8  (cost=0.43..3746.75 rows=956 width=121)
	              Index Cond: ((id >= 9459722) AND (id <= 9460721))

for: sum_ranges
table 1 : explain SELECT SUM(k) FROM sbtest1 WHERE id BETWEEN 8278157 AND 8279156
	Aggregate  (cost=3460.29..3460.30 rows=1 width=8)
	  ->  Bitmap Heap Scan on sbtest1  (cost=29.56..3458.06 rows=890 width=4)
	        Recheck Cond: ((id >= 8278157) AND (id <= 8279156))
	        ->  Bitmap Index Scan on sbtest1_pkey  (cost=0.00..29.33 rows=890 width=0)
	              Index Cond: ((id >= 8278157) AND (id <= 8279156))

table 2 : explain SELECT SUM(k) FROM sbtest2 WHERE id BETWEEN 4087859 AND 4088858
	Aggregate  (cost=3822.84..3822.85 rows=1 width=8)
	  ->  Bitmap Heap Scan on sbtest2  (cost=34.53..3820.38 rows=985 width=4)
	        Recheck Cond: ((id >= 4087859) AND (id <= 4088858))
	        ->  Bitmap Index Scan on sbtest2_pkey  (cost=0.00..34.29 rows=985 width=0)
	              Index Cond: ((id >= 4087859) AND (id <= 4088858))

table 3 : explain SELECT SUM(k) FROM sbtest3 WHERE id BETWEEN 5392022 AND 5393021
	Aggregate  (cost=3787.69..3787.70 rows=1 width=8)
	  ->  Bitmap Heap Scan on sbtest3  (cost=34.43..3785.25 rows=975 width=4)
	        Recheck Cond: ((id >= 5392022) AND (id <= 5393021))
	        ->  Bitmap Index Scan on sbtest3_pkey  (cost=0.00..34.19 rows=975 width=0)
	              Index Cond: ((id >= 5392022) AND (id <= 5393021))

table 4 : explain SELECT SUM(k) FROM sbtest4 WHERE id BETWEEN 3918748 AND 3919747
	Aggregate  (cost=4081.43..4081.44 rows=1 width=8)
	  ->  Bitmap Heap Scan on sbtest4  (cost=35.22..4078.80 rows=1052 width=4)
	        Recheck Cond: ((id >= 3918748) AND (id <= 3919747))
	        ->  Bitmap Index Scan on sbtest4_pkey  (cost=0.00..34.95 rows=1052 width=0)
	              Index Cond: ((id >= 3918748) AND (id <= 3919747))

table 5 : explain SELECT SUM(k) FROM sbtest5 WHERE id BETWEEN 5691322 AND 5692321
	Aggregate  (cost=4031.48..4031.49 rows=1 width=8)
	  ->  Bitmap Heap Scan on sbtest5  (cost=35.11..4028.88 rows=1041 width=4)
	        Recheck Cond: ((id >= 5691322) AND (id <= 5692321))
	        ->  Bitmap Index Scan on sbtest5_pkey  (cost=0.00..34.84 rows=1041 width=0)
	              Index Cond: ((id >= 5691322) AND (id <= 5692321))

table 6 : explain SELECT SUM(k) FROM sbtest6 WHERE id BETWEEN 9934963 AND 9935962
	Aggregate  (cost=4151.28..4151.29 rows=1 width=8)
	  ->  Bitmap Heap Scan on sbtest6  (cost=35.42..4148.60 rows=1072 width=4)
	        Recheck Cond: ((id >= 9934963) AND (id <= 9935962))
	        ->  Bitmap Index Scan on sbtest6_pkey  (cost=0.00..35.16 rows=1072 width=0)
	              Index Cond: ((id >= 9934963) AND (id <= 9935962))

table 7 : explain SELECT SUM(k) FROM sbtest7 WHERE id BETWEEN 4082393 AND 4083392
	Aggregate  (cost=3885.55..3885.56 rows=1 width=8)
	  ->  Bitmap Heap Scan on sbtest7  (cost=34.69..3883.05 rows=1000 width=4)
	        Recheck Cond: ((id >= 4082393) AND (id <= 4083392))
	        ->  Bitmap Index Scan on sbtest7_pkey  (cost=0.00..34.44 rows=1000 width=0)
	              Index Cond: ((id >= 4082393) AND (id <= 4083392))

table 8 : explain SELECT SUM(k) FROM sbtest8 WHERE id BETWEEN 3031296 AND 3032295
	Aggregate  (cost=3928.56..3928.57 rows=1 width=8)
	  ->  Index Scan using sbtest8_pkey on sbtest8  (cost=0.43..3926.06 rows=1002 width=4)
	        Index Cond: ((id >= 3031296) AND (id <= 3032295))

for: order_ranges
table 1 : explain SELECT c FROM sbtest1 WHERE id BETWEEN 6097929 AND 6098928 ORDER BY c
	Sort  (cost=3870.27..3872.73 rows=985 width=121)
	  Sort Key: c
	  ->  Bitmap Heap Scan on sbtest1  (cost=34.53..3821.29 rows=985 width=121)
	        Recheck Cond: ((id >= 6097929) AND (id <= 6098928))
	        ->  Bitmap Index Scan on sbtest1_pkey  (cost=0.00..34.29 rows=985 width=0)
	              Index Cond: ((id >= 6097929) AND (id <= 6098928))

table 2 : explain SELECT c FROM sbtest2 WHERE id BETWEEN 7644144 AND 7645143 ORDER BY c
	Sort  (cost=4477.23..4480.09 rows=1144 width=121)
	  Sort Key: c
	  ->  Bitmap Heap Scan on sbtest2  (cost=40.16..4419.11 rows=1144 width=121)
	        Recheck Cond: ((id >= 7644144) AND (id <= 7645143))
	        ->  Bitmap Index Scan on sbtest2_pkey  (cost=0.00..39.88 rows=1144 width=0)
	              Index Cond: ((id >= 7644144) AND (id <= 7645143))

table 3 : explain SELECT c FROM sbtest3 WHERE id BETWEEN 9530083 AND 9531082 ORDER BY c
	Sort  (cost=3768.42..3770.82 rows=958 width=121)
	  Sort Key: c
	  ->  Bitmap Heap Scan on sbtest3  (cost=34.25..3720.99 rows=958 width=121)
	        Recheck Cond: ((id >= 9530083) AND (id <= 9531082))
	        ->  Bitmap Index Scan on sbtest3_pkey  (cost=0.00..34.02 rows=958 width=0)
	              Index Cond: ((id >= 9530083) AND (id <= 9531082))

table 4 : explain SELECT c FROM sbtest4 WHERE id BETWEEN 6566289 AND 6567288 ORDER BY c
	Sort  (cost=3532.38..3534.63 rows=897 width=121)
	  Sort Key: c
	  ->  Bitmap Heap Scan on sbtest4  (cost=29.63..3488.39 rows=897 width=121)
	        Recheck Cond: ((id >= 6566289) AND (id <= 6567288))
	        ->  Bitmap Index Scan on sbtest4_pkey  (cost=0.00..29.40 rows=897 width=0)
	              Index Cond: ((id >= 6566289) AND (id <= 6567288))

table 5 : explain SELECT c FROM sbtest5 WHERE id BETWEEN 3351659 AND 3352658 ORDER BY c
	Sort  (cost=4134.53..4137.16 rows=1055 width=121)
	  Sort Key: c
	  ->  Bitmap Heap Scan on sbtest5  (cost=35.25..4081.55 rows=1055 width=121)
	        Recheck Cond: ((id >= 3351659) AND (id <= 3352658))
	        ->  Bitmap Index Scan on sbtest5_pkey  (cost=0.00..34.98 rows=1055 width=0)
	              Index Cond: ((id >= 3351659) AND (id <= 3352658))

table 6 : explain SELECT c FROM sbtest6 WHERE id BETWEEN 5373676 AND 5374675 ORDER BY c
	Sort  (cost=4309.68..4312.42 rows=1099 width=121)
	  Sort Key: c
	  ->  Bitmap Heap Scan on sbtest6  (cost=39.70..4254.17 rows=1099 width=121)
	        Recheck Cond: ((id >= 5373676) AND (id <= 5374675))
	        ->  Bitmap Index Scan on sbtest6_pkey  (cost=0.00..39.43 rows=1099 width=0)
	              Index Cond: ((id >= 5373676) AND (id <= 5374675))

table 7 : explain SELECT c FROM sbtest7 WHERE id BETWEEN 2712068 AND 2713067 ORDER BY c
	Sort  (cost=3959.75..3962.26 rows=1007 width=121)
	  Sort Key: c
	  ->  Bitmap Heap Scan on sbtest7  (cost=34.76..3909.52 rows=1007 width=121)
	        Recheck Cond: ((id >= 2712068) AND (id <= 2713067))
	        ->  Bitmap Index Scan on sbtest7_pkey  (cost=0.00..34.51 rows=1007 width=0)
	              Index Cond: ((id >= 2712068) AND (id <= 2713067))

table 8 : explain SELECT c FROM sbtest8 WHERE id BETWEEN 2736928 AND 2737927 ORDER BY c
	Sort  (cost=4149.68..4152.33 rows=1057 width=121)
	  Sort Key: c
	  ->  Bitmap Heap Scan on sbtest8  (cost=35.27..4096.59 rows=1057 width=121)
	        Recheck Cond: ((id >= 2736928) AND (id <= 2737927))
	        ->  Bitmap Index Scan on sbtest8_pkey  (cost=0.00..35.01 rows=1057 width=0)
	              Index Cond: ((id >= 2736928) AND (id <= 2737927))

for: sum_ranges
table 1 : explain SELECT SUM(k) FROM sbtest1 WHERE id BETWEEN 6866440 AND 6867439
	Aggregate  (cost=3429.96..3429.97 rows=1 width=8)
	  ->  Bitmap Heap Scan on sbtest1  (cost=29.48..3427.76 rows=882 width=4)
	        Recheck Cond: ((id >= 6866440) AND (id <= 6867439))
	        ->  Bitmap Index Scan on sbtest1_pkey  (cost=0.00..29.25 rows=882 width=0)
	              Index Cond: ((id >= 6866440) AND (id <= 6867439))

table 2 : explain SELECT SUM(k) FROM sbtest2 WHERE id BETWEEN 2156333 AND 2157332
	Aggregate  (cost=3599.81..3599.82 rows=1 width=8)
	  ->  Bitmap Heap Scan on sbtest2  (cost=33.93..3597.50 rows=926 width=4)
	        Recheck Cond: ((id >= 2156333) AND (id <= 2157332))
	        ->  Bitmap Index Scan on sbtest2_pkey  (cost=0.00..33.70 rows=926 width=0)
	              Index Cond: ((id >= 2156333) AND (id <= 2157332))

table 3 : explain SELECT SUM(k) FROM sbtest3 WHERE id BETWEEN 7151229 AND 7152228
	Aggregate  (cost=3814.15..3814.16 rows=1 width=8)
	  ->  Bitmap Heap Scan on sbtest3  (cost=34.50..3811.70 rows=982 width=4)
	        Recheck Cond: ((id >= 7151229) AND (id <= 7152228))
	        ->  Bitmap Index Scan on sbtest3_pkey  (cost=0.00..34.26 rows=982 width=0)
	              Index Cond: ((id >= 7151229) AND (id <= 7152228))

table 4 : explain SELECT SUM(k) FROM sbtest4 WHERE id BETWEEN 3322646 AND 3323645
	Aggregate  (cost=3638.77..3638.78 rows=1 width=8)
	  ->  Bitmap Heap Scan on sbtest4  (cost=34.02..3636.43 rows=935 width=4)
	        Recheck Cond: ((id >= 3322646) AND (id <= 3323645))
	        ->  Bitmap Index Scan on sbtest4_pkey  (cost=0.00..33.79 rows=935 width=0)
	              Index Cond: ((id >= 3322646) AND (id <= 3323645))

table 5 : explain SELECT SUM(k) FROM sbtest5 WHERE id BETWEEN 3843330 AND 3844329
	Aggregate  (cost=4332.59..4332.60 rows=1 width=8)
	  ->  Bitmap Heap Scan on sbtest5  (cost=39.93..4329.79 rows=1121 width=4)
	        Recheck Cond: ((id >= 3843330) AND (id <= 3844329))
	        ->  Bitmap Index Scan on sbtest5_pkey  (cost=0.00..39.65 rows=1121 width=0)
	              Index Cond: ((id >= 3843330) AND (id <= 3844329))

table 6 : explain SELECT SUM(k) FROM sbtest6 WHERE id BETWEEN 8166400 AND 8167399
	Aggregate  (cost=3717.37..3717.38 rows=1 width=8)
	  ->  Bitmap Heap Scan on sbtest6  (cost=34.24..3714.97 rows=957 width=4)
	        Recheck Cond: ((id >= 8166400) AND (id <= 8167399))
	        ->  Bitmap Index Scan on sbtest6_pkey  (cost=0.00..34.01 rows=957 width=0)
	              Index Cond: ((id >= 8166400) AND (id <= 8167399))

table 7 : explain SELECT SUM(k) FROM sbtest7 WHERE id BETWEEN 1545058 AND 1546057
	Aggregate  (cost=4002.79..4002.80 rows=1 width=8)
	  ->  Bitmap Heap Scan on sbtest7  (cost=35.00..4000.21 rows=1031 width=4)
	        Recheck Cond: ((id >= 1545058) AND (id <= 1546057))
	        ->  Bitmap Index Scan on sbtest7_pkey  (cost=0.00..34.75 rows=1031 width=0)
	              Index Cond: ((id >= 1545058) AND (id <= 1546057))

table 8 : explain SELECT SUM(k) FROM sbtest8 WHERE id BETWEEN 6439417 AND 6440416
	Aggregate  (cost=3784.27..3784.28 rows=1 width=8)
	  ->  Index Scan using sbtest8_pkey on sbtest8  (cost=0.43..3781.85 rows=965 width=4)
	        Index Cond: ((id >= 6439417) AND (id <= 6440416))

for: sum_ranges
table 1 : explain SELECT SUM(k) FROM sbtest1 WHERE id BETWEEN 7776025 AND 7777024
	Aggregate  (cost=3699.02..3699.03 rows=1 width=8)
	  ->  Bitmap Heap Scan on sbtest1  (cost=34.19..3696.64 rows=952 width=4)
	        Recheck Cond: ((id >= 7776025) AND (id <= 7777024))
	        ->  Bitmap Index Scan on sbtest1_pkey  (cost=0.00..33.95 rows=952 width=0)
	              Index Cond: ((id >= 7776025) AND (id <= 7777024))

table 2 : explain SELECT SUM(k) FROM sbtest2 WHERE id BETWEEN 5053710 AND 5054709
	Aggregate  (cost=4064.27..4064.28 rows=1 width=8)
	  ->  Bitmap Heap Scan on sbtest2  (cost=35.19..4061.64 rows=1049 width=4)
	        Recheck Cond: ((id >= 5053710) AND (id <= 5054709))
	        ->  Bitmap Index Scan on sbtest2_pkey  (cost=0.00..34.93 rows=1049 width=0)
	              Index Cond: ((id >= 5053710) AND (id <= 5054709))

table 3 : explain SELECT SUM(k) FROM sbtest3 WHERE id BETWEEN 2866824 AND 2867823
	Aggregate  (cost=3764.99..3765.00 rows=1 width=8)
	  ->  Bitmap Heap Scan on sbtest3  (cost=34.37..3762.57 rows=969 width=4)
	        Recheck Cond: ((id >= 2866824) AND (id <= 2867823))
	        ->  Bitmap Index Scan on sbtest3_pkey  (cost=0.00..34.12 rows=969 width=0)
	              Index Cond: ((id >= 2866824) AND (id <= 2867823))

table 4 : explain SELECT SUM(k) FROM sbtest4 WHERE id BETWEEN 9578365 AND 9579364
	Aggregate  (cost=4017.22..4017.23 rows=1 width=8)
	  ->  Bitmap Heap Scan on sbtest4  (cost=35.04..4014.63 rows=1035 width=4)
	        Recheck Cond: ((id >= 9578365) AND (id <= 9579364))
	        ->  Bitmap Index Scan on sbtest4_pkey  (cost=0.00..34.79 rows=1035 width=0)
	              Index Cond: ((id >= 9578365) AND (id <= 9579364))

table 5 : explain SELECT SUM(k) FROM sbtest5 WHERE id BETWEEN 8012222 AND 8013221
	Aggregate  (cost=3430.92..3430.93 rows=1 width=8)
	  ->  Bitmap Heap Scan on sbtest5  (cost=29.49..3428.71 rows=883 width=4)
	        Recheck Cond: ((id >= 8012222) AND (id <= 8013221))
	        ->  Bitmap Index Scan on sbtest5_pkey  (cost=0.00..29.26 rows=883 width=0)
	              Index Cond: ((id >= 8012222) AND (id <= 8013221))

table 6 : explain SELECT SUM(k) FROM sbtest6 WHERE id BETWEEN 1885890 AND 1886889
	Aggregate  (cost=3717.37..3717.38 rows=1 width=8)
	  ->  Bitmap Heap Scan on sbtest6  (cost=34.24..3714.97 rows=957 width=4)
	        Recheck Cond: ((id >= 1885890) AND (id <= 1886889))
	        ->  Bitmap Index Scan on sbtest6_pkey  (cost=0.00..34.01 rows=957 width=0)
	              Index Cond: ((id >= 1885890) AND (id <= 1886889))

table 7 : explain SELECT SUM(k) FROM sbtest7 WHERE id BETWEEN 4836159 AND 4837158
	Aggregate  (cost=3859.07..3859.08 rows=1 width=8)
	  ->  Bitmap Heap Scan on sbtest7  (cost=34.61..3856.58 rows=993 width=4)
	        Recheck Cond: ((id >= 4836159) AND (id <= 4837158))
	        ->  Bitmap Index Scan on sbtest7_pkey  (cost=0.00..34.37 rows=993 width=0)
	              Index Cond: ((id >= 4836159) AND (id <= 4837158))

table 8 : explain SELECT SUM(k) FROM sbtest8 WHERE id BETWEEN 3895850 AND 3896849
	Aggregate  (cost=4155.83..4155.84 rows=1 width=8)
	  ->  Bitmap Heap Scan on sbtest8  (cost=35.42..4153.15 rows=1072 width=4)
	        Recheck Cond: ((id >= 3895850) AND (id <= 3896849))
	        ->  Bitmap Index Scan on sbtest8_pkey  (cost=0.00..35.16 rows=1072 width=0)
	              Index Cond: ((id >= 3895850) AND (id <= 3896849))

for: distinct_ranges
table 1 : explain SELECT DISTINCT c FROM sbtest1 WHERE id BETWEEN 1312596 AND 1313595 ORDER BY c
	Unique  (cost=4107.63..4112.87 rows=1047 width=121)
	  ->  Sort  (cost=4107.63..4110.25 rows=1047 width=121)
	        Sort Key: c
	        ->  Bitmap Heap Scan on sbtest1  (cost=35.17..4055.12 rows=1047 width=121)
	              Recheck Cond: ((id >= 1312596) AND (id <= 1313595))
	              ->  Bitmap Index Scan on sbtest1_pkey  (cost=0.00..34.91 rows=1047 width=0)
	                    Index Cond: ((id >= 1312596) AND (id <= 1313595))

table 2 : explain SELECT DISTINCT c FROM sbtest2 WHERE id BETWEEN 8246594 AND 8247593 ORDER BY c
	Unique  (cost=4026.31..4031.44 rows=1026 width=121)
	  ->  Sort  (cost=4026.31..4028.88 rows=1026 width=121)
	        Sort Key: c
	        ->  Bitmap Heap Scan on sbtest2  (cost=34.95..3975.00 rows=1026 width=121)
	              Recheck Cond: ((id >= 8246594) AND (id <= 8247593))
	              ->  Bitmap Index Scan on sbtest2_pkey  (cost=0.00..34.70 rows=1026 width=0)
	                    Index Cond: ((id >= 8246594) AND (id <= 8247593))

table 3 : explain SELECT DISTINCT c FROM sbtest3 WHERE id BETWEEN 1596671 AND 1597670 ORDER BY c
	Unique  (cost=3906.52..3911.49 rows=994 width=121)
	  ->  Sort  (cost=3906.52..3909.00 rows=994 width=121)
	        Sort Key: c
	        ->  Bitmap Heap Scan on sbtest3  (cost=34.62..3857.03 rows=994 width=121)
	              Recheck Cond: ((id >= 1596671) AND (id <= 1597670))
	              ->  Bitmap Index Scan on sbtest3_pkey  (cost=0.00..34.38 rows=994 width=0)
	                    Index Cond: ((id >= 1596671) AND (id <= 1597670))

table 4 : explain SELECT DISTINCT c FROM sbtest4 WHERE id BETWEEN 8801676 AND 8802675 ORDER BY c
	Unique  (cost=3997.44..4002.53 rows=1017 width=121)
	  ->  Sort  (cost=3997.44..3999.99 rows=1017 width=121)
	        Sort Key: c
	        ->  Bitmap Heap Scan on sbtest4  (cost=34.86..3946.65 rows=1017 width=121)
	              Recheck Cond: ((id >= 8801676) AND (id <= 8802675))
	              ->  Bitmap Index Scan on sbtest4_pkey  (cost=0.00..34.61 rows=1017 width=0)
	                    Index Cond: ((id >= 8801676) AND (id <= 8802675))

table 5 : explain SELECT DISTINCT c FROM sbtest5 WHERE id BETWEEN 1570718 AND 1571717 ORDER BY c
	Unique  (cost=3721.41..3726.14 rows=947 width=121)
	  ->  Sort  (cost=3721.41..3723.78 rows=947 width=121)
	        Sort Key: c
	        ->  Bitmap Heap Scan on sbtest5  (cost=34.14..3674.59 rows=947 width=121)
	              Recheck Cond: ((id >= 1570718) AND (id <= 1571717))
	              ->  Bitmap Index Scan on sbtest5_pkey  (cost=0.00..33.91 rows=947 width=0)
	                    Index Cond: ((id >= 1570718) AND (id <= 1571717))

table 6 : explain SELECT DISTINCT c FROM sbtest6 WHERE id BETWEEN 299899 AND 300898 ORDER BY c
	Unique  (cost=3700.99..3705.69 rows=941 width=121)
	  ->  Sort  (cost=3700.99..3703.34 rows=941 width=121)
	        Sort Key: c
	        ->  Bitmap Heap Scan on sbtest6  (cost=34.08..3654.51 rows=941 width=121)
	              Recheck Cond: ((id >= 299899) AND (id <= 300898))
	              ->  Bitmap Index Scan on sbtest6_pkey  (cost=0.00..33.84 rows=941 width=0)
	                    Index Cond: ((id >= 299899) AND (id <= 300898))

table 7 : explain SELECT DISTINCT c FROM sbtest7 WHERE id BETWEEN 6694484 AND 6695483 ORDER BY c
	Unique  (cost=3479.02..3483.44 rows=883 width=121)
	  ->  Sort  (cost=3479.02..3481.23 rows=883 width=121)
	        Sort Key: c
	        ->  Bitmap Heap Scan on sbtest7  (cost=29.49..3435.82 rows=883 width=121)
	              Recheck Cond: ((id >= 6694484) AND (id <= 6695483))
	              ->  Bitmap Index Scan on sbtest7_pkey  (cost=0.00..29.26 rows=883 width=0)
	                    Index Cond: ((id >= 6694484) AND (id <= 6695483))

table 8 : explain SELECT DISTINCT c FROM sbtest8 WHERE id BETWEEN 9886011 AND 9887010 ORDER BY c
	Unique  (cost=4065.42..4070.59 rows=1035 width=121)
	  ->  Sort  (cost=4065.42..4068.00 rows=1035 width=121)
	        Sort Key: c
	        ->  Bitmap Heap Scan on sbtest8  (cost=35.04..4013.59 rows=1035 width=121)
	              Recheck Cond: ((id >= 9886011) AND (id <= 9887010))
	              ->  Bitmap Index Scan on sbtest8_pkey  (cost=0.00..34.79 rows=1035 width=0)
	                    Index Cond: ((id >= 9886011) AND (id <= 9887010))

for: distinct_ranges
table 1 : explain SELECT DISTINCT c FROM sbtest1 WHERE id BETWEEN 4378270 AND 4379269 ORDER BY c
	Unique  (cost=4050.25..4055.41 rows=1032 width=121)
	  ->  Sort  (cost=4050.25..4052.83 rows=1032 width=121)
	        Sort Key: c
	        ->  Bitmap Heap Scan on sbtest1  (cost=35.01..3998.59 rows=1032 width=121)
	              Recheck Cond: ((id >= 4378270) AND (id <= 4379269))
	              ->  Bitmap Index Scan on sbtest1_pkey  (cost=0.00..34.76 rows=1032 width=0)
	                    Index Cond: ((id >= 4378270) AND (id <= 4379269))

table 2 : explain SELECT DISTINCT c FROM sbtest2 WHERE id BETWEEN 2719982 AND 2720981 ORDER BY c
	Unique  (cost=3604.74..3609.32 rows=916 width=121)
	  ->  Sort  (cost=3604.74..3607.03 rows=916 width=121)
	        Sort Key: c
	        ->  Bitmap Heap Scan on sbtest2  (cost=33.82..3559.68 rows=916 width=121)
	              Recheck Cond: ((id >= 2719982) AND (id <= 2720981))
	              ->  Bitmap Index Scan on sbtest2_pkey  (cost=0.00..33.59 rows=916 width=0)
	                    Index Cond: ((id >= 2719982) AND (id <= 2720981))

table 3 : explain SELECT DISTINCT c FROM sbtest3 WHERE id BETWEEN 7422150 AND 7423149 ORDER BY c
	Unique  (cost=3864.34..3869.25 rows=983 width=121)
	  ->  Sort  (cost=3864.34..3866.80 rows=983 width=121)
	        Sort Key: c
	        ->  Bitmap Heap Scan on sbtest3  (cost=34.51..3815.48 rows=983 width=121)
	              Recheck Cond: ((id >= 7422150) AND (id <= 7423149))
	              ->  Bitmap Index Scan on sbtest3_pkey  (cost=0.00..34.27 rows=983 width=0)
	                    Index Cond: ((id >= 7422150) AND (id <= 7423149))

table 4 : explain SELECT DISTINCT c FROM sbtest4 WHERE id BETWEEN 3967977 AND 3968976 ORDER BY c
	Unique  (cost=3955.25..3960.28 rows=1006 width=121)
	  ->  Sort  (cost=3955.25..3957.77 rows=1006 width=121)
	        Sort Key: c
	        ->  Bitmap Heap Scan on sbtest4  (cost=34.75..3905.08 rows=1006 width=121)
	              Recheck Cond: ((id >= 3967977) AND (id <= 3968976))
	              ->  Bitmap Index Scan on sbtest4_pkey  (cost=0.00..34.50 rows=1006 width=0)
	                    Index Cond: ((id >= 3967977) AND (id <= 3968976))

table 5 : explain SELECT DISTINCT c FROM sbtest5 WHERE id BETWEEN 3116479 AND 3117478 ORDER BY c
	Unique  (cost=3866.93..3871.85 rows=985 width=121)
	  ->  Sort  (cost=3866.93..3869.39 rows=985 width=121)
	        Sort Key: c
	        ->  Bitmap Heap Scan on sbtest5  (cost=34.53..3817.95 rows=985 width=121)
	              Recheck Cond: ((id >= 3116479) AND (id <= 3117478))
	              ->  Bitmap Index Scan on sbtest5_pkey  (cost=0.00..34.29 rows=985 width=0)
	                    Index Cond: ((id >= 3116479) AND (id <= 3117478))

table 6 : explain SELECT DISTINCT c FROM sbtest6 WHERE id BETWEEN 7310790 AND 7311789 ORDER BY c
	Unique  (cost=3927.13..3932.13 rows=1000 width=121)
	  ->  Sort  (cost=3927.13..3929.63 rows=1000 width=121)
	        Sort Key: c
	        ->  Bitmap Heap Scan on sbtest6  (cost=34.69..3877.31 rows=1000 width=121)
	              Recheck Cond: ((id >= 7310790) AND (id <= 7311789))
	              ->  Bitmap Index Scan on sbtest6_pkey  (cost=0.00..34.44 rows=1000 width=0)
	                    Index Cond: ((id >= 7310790) AND (id <= 7311789))

table 7 : explain SELECT DISTINCT c FROM sbtest7 WHERE id BETWEEN 2500872 AND 2501871 ORDER BY c
	Unique  (cost=4032.63..4037.76 rows=1026 width=121)
	  ->  Sort  (cost=4032.63..4035.20 rows=1026 width=121)
	        Sort Key: c
	        ->  Bitmap Heap Scan on sbtest7  (cost=34.95..3981.32 rows=1026 width=121)
	              Recheck Cond: ((id >= 2500872) AND (id <= 2501871))
	              ->  Bitmap Index Scan on sbtest7_pkey  (cost=0.00..34.70 rows=1026 width=0)
	                    Index Cond: ((id >= 2500872) AND (id <= 2501871))

table 8 : explain SELECT DISTINCT c FROM sbtest8 WHERE id BETWEEN 8803616 AND 8804615 ORDER BY c
	Unique  (cost=3770.36..3775.11 rows=950 width=121)
	  ->  Sort  (cost=3770.36..3772.74 rows=950 width=121)
	        Sort Key: c
	        ->  Index Scan using sbtest8_pkey on sbtest8  (cost=0.43..3723.38 rows=950 width=121)
	              Index Cond: ((id >= 8803616) AND (id <= 8804615))

for: order_ranges
table 1 : explain SELECT c FROM sbtest1 WHERE id BETWEEN 4604167 AND 4605166 ORDER BY c
	Sort  (cost=3455.53..3457.72 rows=878 width=121)
	  Sort Key: c
	  ->  Bitmap Heap Scan on sbtest1  (cost=29.43..3412.60 rows=878 width=121)
	        Recheck Cond: ((id >= 4604167) AND (id <= 4605166))
	        ->  Bitmap Index Scan on sbtest1_pkey  (cost=0.00..29.21 rows=878 width=0)
	              Index Cond: ((id >= 4604167) AND (id <= 4605166))

table 2 : explain SELECT c FROM sbtest2 WHERE id BETWEEN 4485595 AND 4486594 ORDER BY c
	Sort  (cost=3995.70..3998.25 rows=1018 width=121)
	  Sort Key: c
	  ->  Bitmap Heap Scan on sbtest2  (cost=34.87..3944.84 rows=1018 width=121)
	        Recheck Cond: ((id >= 4485595) AND (id <= 4486594))
	        ->  Bitmap Index Scan on sbtest2_pkey  (cost=0.00..34.62 rows=1018 width=0)
	              Index Cond: ((id >= 4485595) AND (id <= 4486594))

table 3 : explain SELECT c FROM sbtest3 WHERE id BETWEEN 4628310 AND 4629309 ORDER BY c
	Sort  (cost=3998.49..4001.04 rows=1018 width=121)
	  Sort Key: c
	  ->  Bitmap Heap Scan on sbtest3  (cost=34.87..3947.64 rows=1018 width=121)
	        Recheck Cond: ((id >= 4628310) AND (id <= 4629309))
	        ->  Bitmap Index Scan on sbtest3_pkey  (cost=0.00..34.62 rows=1018 width=0)
	              Index Cond: ((id >= 4628310) AND (id <= 4629309))

table 4 : explain SELECT c FROM sbtest4 WHERE id BETWEEN 9092319 AND 9093318 ORDER BY c
	Sort  (cost=3543.93..3546.18 rows=900 width=121)
	  Sort Key: c
	  ->  Bitmap Heap Scan on sbtest4  (cost=29.66..3499.77 rows=900 width=121)
	        Recheck Cond: ((id >= 9092319) AND (id <= 9093318))
	        ->  Bitmap Index Scan on sbtest4_pkey  (cost=0.00..29.43 rows=900 width=0)
	              Index Cond: ((id >= 9092319) AND (id <= 9093318))

table 5 : explain SELECT c FROM sbtest5 WHERE id BETWEEN 5192809 AND 5193808 ORDER BY c
	Sort  (cost=3836.31..3838.75 rows=977 width=121)
	  Sort Key: c
	  ->  Bitmap Heap Scan on sbtest5  (cost=34.45..3787.79 rows=977 width=121)
	        Recheck Cond: ((id >= 5192809) AND (id <= 5193808))
	        ->  Bitmap Index Scan on sbtest5_pkey  (cost=0.00..34.20 rows=977 width=0)
	              Index Cond: ((id >= 5192809) AND (id <= 5193808))

table 6 : explain SELECT c FROM sbtest6 WHERE id BETWEEN 9814182 AND 9815181 ORDER BY c
	Sort  (cost=4214.01..4216.70 rows=1075 width=121)
	  Sort Key: c
	  ->  Bitmap Heap Scan on sbtest6  (cost=35.45..4159.89 rows=1075 width=121)
	        Recheck Cond: ((id >= 9814182) AND (id <= 9815181))
	        ->  Bitmap Index Scan on sbtest6_pkey  (cost=0.00..35.19 rows=1075 width=0)
	              Index Cond: ((id >= 9814182) AND (id <= 9815181))

table 7 : explain SELECT c FROM sbtest7 WHERE id BETWEEN 4257394 AND 4258393 ORDER BY c
	Sort  (cost=4001.95..4004.49 rows=1018 width=121)
	  Sort Key: c
	  ->  Bitmap Heap Scan on sbtest7  (cost=34.87..3951.09 rows=1018 width=121)
	        Recheck Cond: ((id >= 4257394) AND (id <= 4258393))
	        ->  Bitmap Index Scan on sbtest7_pkey  (cost=0.00..34.62 rows=1018 width=0)
	              Index Cond: ((id >= 4257394) AND (id <= 4258393))

table 8 : explain SELECT c FROM sbtest8 WHERE id BETWEEN 3549370 AND 3550369 ORDER BY c
	Sort  (cost=3667.55..3669.86 rows=924 width=121)
	  Sort Key: c
	  ->  Index Scan using sbtest8_pkey on sbtest8  (cost=0.43..3622.03 rows=924 width=121)
	        Index Cond: ((id >= 3549370) AND (id <= 3550369))

for: distinct_ranges
table 1 : explain SELECT DISTINCT c FROM sbtest1 WHERE id BETWEEN 423059 AND 424058 ORDER BY c
	Unique  (cost=3935.40..3940.41 rows=1002 width=121)
	  ->  Sort  (cost=3935.40..3937.90 rows=1002 width=121)
	        Sort Key: c
	        ->  Bitmap Heap Scan on sbtest1  (cost=34.71..3885.45 rows=1002 width=121)
	              Recheck Cond: ((id >= 423059) AND (id <= 424058))
	              ->  Bitmap Index Scan on sbtest1_pkey  (cost=0.00..34.45 rows=1002 width=0)
	                    Index Cond: ((id >= 423059) AND (id <= 424058))

table 2 : explain SELECT DISTINCT c FROM sbtest2 WHERE id BETWEEN 247472 AND 248471 ORDER BY c
	Unique  (cost=3712.19..3716.91 rows=944 width=121)
	  ->  Sort  (cost=3712.19..3714.55 rows=944 width=121)
	        Sort Key: c
	        ->  Bitmap Heap Scan on sbtest2  (cost=34.11..3665.54 rows=944 width=121)
	              Recheck Cond: ((id >= 247472) AND (id <= 248471))
	              ->  Bitmap Index Scan on sbtest2_pkey  (cost=0.00..33.88 rows=944 width=0)
	                    Index Cond: ((id >= 247472) AND (id <= 248471))

table 3 : explain SELECT DISTINCT c FROM sbtest3 WHERE id BETWEEN 2622138 AND 2623137 ORDER BY c
	Unique  (cost=3787.61..3792.43 rows=963 width=121)
	  ->  Sort  (cost=3787.61..3790.02 rows=963 width=121)
	        Sort Key: c
	        ->  Bitmap Heap Scan on sbtest3  (cost=34.31..3739.89 rows=963 width=121)
	              Recheck Cond: ((id >= 2622138) AND (id <= 2623137))
	              ->  Bitmap Index Scan on sbtest3_pkey  (cost=0.00..34.07 rows=963 width=0)
	                    Index Cond: ((id >= 2622138) AND (id <= 2623137))

table 4 : explain SELECT DISTINCT c FROM sbtest4 WHERE id BETWEEN 7666865 AND 7667864 ORDER BY c
	Unique  (cost=3951.41..3956.44 rows=1005 width=121)
	  ->  Sort  (cost=3951.41..3953.93 rows=1005 width=121)
	        Sort Key: c
	        ->  Bitmap Heap Scan on sbtest4  (cost=34.74..3901.30 rows=1005 width=121)
	              Recheck Cond: ((id >= 7666865) AND (id <= 7667864))
	              ->  Bitmap Index Scan on sbtest4_pkey  (cost=0.00..34.48 rows=1005 width=0)
	                    Index Cond: ((id >= 7666865) AND (id <= 7667864))

table 5 : explain SELECT DISTINCT c FROM sbtest5 WHERE id BETWEEN 6696813 AND 6697812 ORDER BY c
	Unique  (cost=4065.77..4070.96 rows=1037 width=121)
	  ->  Sort  (cost=4065.77..4068.36 rows=1037 width=121)
	        Sort Key: c
	        ->  Bitmap Heap Scan on sbtest5  (cost=35.06..4013.83 rows=1037 width=121)
	              Recheck Cond: ((id >= 6696813) AND (id <= 6697812))
	              ->  Bitmap Index Scan on sbtest5_pkey  (cost=0.00..34.81 rows=1037 width=0)
	                    Index Cond: ((id >= 6696813) AND (id <= 6697812))

table 6 : explain SELECT DISTINCT c FROM sbtest6 WHERE id BETWEEN 216547 AND 217546 ORDER BY c
	Unique  (cost=3700.99..3705.69 rows=941 width=121)
	  ->  Sort  (cost=3700.99..3703.34 rows=941 width=121)
	        Sort Key: c
	        ->  Bitmap Heap Scan on sbtest6  (cost=34.08..3654.51 rows=941 width=121)
	              Recheck Cond: ((id >= 216547) AND (id <= 217546))
	              ->  Bitmap Index Scan on sbtest6_pkey  (cost=0.00..33.84 rows=941 width=0)
	                    Index Cond: ((id >= 216547) AND (id <= 217546))

table 7 : explain SELECT DISTINCT c FROM sbtest7 WHERE id BETWEEN 1107066 AND 1108065 ORDER BY c
	Unique  (cost=3763.89..3768.67 rows=956 width=121)
	  ->  Sort  (cost=3763.89..3766.28 rows=956 width=121)
	        Sort Key: c
	        ->  Bitmap Heap Scan on sbtest7  (cost=34.23..3716.57 rows=956 width=121)
	              Recheck Cond: ((id >= 1107066) AND (id <= 1108065))
	              ->  Bitmap Index Scan on sbtest7_pkey  (cost=0.00..34.00 rows=956 width=0)
	                    Index Cond: ((id >= 1107066) AND (id <= 1108065))

table 8 : explain SELECT DISTINCT c FROM sbtest8 WHERE id BETWEEN 8916841 AND 8917840 ORDER BY c
	Unique  (cost=4011.58..4016.64 rows=1011 width=121)
	  ->  Sort  (cost=4011.58..4014.11 rows=1011 width=121)
	        Sort Key: c
	        ->  Index Scan using sbtest8_pkey on sbtest8  (cost=0.43..3961.13 rows=1011 width=121)
	              Index Cond: ((id >= 8916841) AND (id <= 8917840))

for: distinct_ranges
table 1 : explain SELECT DISTINCT c FROM sbtest1 WHERE id BETWEEN 6556558 AND 6557557 ORDER BY c
	Unique  (cost=4363.82..4369.39 rows=1113 width=121)
	  ->  Sort  (cost=4363.82..4366.61 rows=1113 width=121)
	        Sort Key: c
	        ->  Bitmap Heap Scan on sbtest1  (cost=39.84..4307.50 rows=1113 width=121)
	              Recheck Cond: ((id >= 6556558) AND (id <= 6557557))
	              ->  Bitmap Index Scan on sbtest1_pkey  (cost=0.00..39.57 rows=1113 width=0)
	                    Index Cond: ((id >= 6556558) AND (id <= 6557557))

table 2 : explain SELECT DISTINCT c FROM sbtest2 WHERE id BETWEEN 6923308 AND 6924307 ORDER BY c
	Unique  (cost=3762.04..3766.83 rows=957 width=121)
	  ->  Sort  (cost=3762.04..3764.44 rows=957 width=121)
	        Sort Key: c
	        ->  Bitmap Heap Scan on sbtest2  (cost=34.24..3714.66 rows=957 width=121)
	              Recheck Cond: ((id >= 6923308) AND (id <= 6924307))
	              ->  Bitmap Index Scan on sbtest2_pkey  (cost=0.00..34.01 rows=957 width=0)
	                    Index Cond: ((id >= 6923308) AND (id <= 6924307))

table 3 : explain SELECT DISTINCT c FROM sbtest3 WHERE id BETWEEN 3712876 AND 3713875 ORDER BY c
	Unique  (cost=4415.57..4421.20 rows=1126 width=121)
	  ->  Sort  (cost=4415.57..4418.38 rows=1126 width=121)
	        Sort Key: c
	        ->  Bitmap Heap Scan on sbtest3  (cost=39.98..4358.49 rows=1126 width=121)
	              Recheck Cond: ((id >= 3712876) AND (id <= 3713875))
	              ->  Bitmap Index Scan on sbtest3_pkey  (cost=0.00..39.70 rows=1126 width=0)
	                    Index Cond: ((id >= 3712876) AND (id <= 3713875))

table 4 : explain SELECT DISTINCT c FROM sbtest4 WHERE id BETWEEN 1201868 AND 1202867 ORDER BY c
	Unique  (cost=3966.76..3971.80 rows=1009 width=121)
	  ->  Sort  (cost=3966.76..3969.28 rows=1009 width=121)
	        Sort Key: c
	        ->  Bitmap Heap Scan on sbtest4  (cost=34.78..3916.42 rows=1009 width=121)
	              Recheck Cond: ((id >= 1201868) AND (id <= 1202867))
	              ->  Bitmap Index Scan on sbtest4_pkey  (cost=0.00..34.53 rows=1009 width=0)
	                    Index Cond: ((id >= 1201868) AND (id <= 1202867))

table 5 : explain SELECT DISTINCT c FROM sbtest5 WHERE id BETWEEN 6758987 AND 6759986 ORDER BY c
	Unique  (cost=3943.44..3948.47 rows=1005 width=121)
	  ->  Sort  (cost=3943.44..3945.96 rows=1005 width=121)
	        Sort Key: c
	        ->  Bitmap Heap Scan on sbtest5  (cost=34.74..3893.33 rows=1005 width=121)
	              Recheck Cond: ((id >= 6758987) AND (id <= 6759986))
	              ->  Bitmap Index Scan on sbtest5_pkey  (cost=0.00..34.48 rows=1005 width=0)
	                    Index Cond: ((id >= 6758987) AND (id <= 6759986))

table 6 : explain SELECT DISTINCT c FROM sbtest6 WHERE id BETWEEN 9624034 AND 9625033 ORDER BY c
	Unique  (cost=3904.16..3909.13 rows=994 width=121)
	  ->  Sort  (cost=3904.16..3906.64 rows=994 width=121)
	        Sort Key: c
	        ->  Bitmap Heap Scan on sbtest6  (cost=34.62..3854.67 rows=994 width=121)
	              Recheck Cond: ((id >= 9624034) AND (id <= 9625033))
	              ->  Bitmap Index Scan on sbtest6_pkey  (cost=0.00..34.38 rows=994 width=0)
	                    Index Cond: ((id >= 9624034) AND (id <= 9625033))

table 7 : explain SELECT DISTINCT c FROM sbtest7 WHERE id BETWEEN 7641853 AND 7642852 ORDER BY c
	Unique  (cost=3998.11..4003.20 rows=1017 width=121)
	  ->  Sort  (cost=3998.11..4000.66 rows=1017 width=121)
	        Sort Key: c
	        ->  Bitmap Heap Scan on sbtest7  (cost=34.86..3947.31 rows=1017 width=121)
	              Recheck Cond: ((id >= 7641853) AND (id <= 7642852))
	              ->  Bitmap Index Scan on sbtest7_pkey  (cost=0.00..34.61 rows=1017 width=0)
	                    Index Cond: ((id >= 7641853) AND (id <= 7642852))

table 8 : explain SELECT DISTINCT c FROM sbtest8 WHERE id BETWEEN 8991455 AND 8992454 ORDER BY c
	Unique  (cost=4011.58..4016.64 rows=1011 width=121)
	  ->  Sort  (cost=4011.58..4014.11 rows=1011 width=121)
	        Sort Key: c
	        ->  Index Scan using sbtest8_pkey on sbtest8  (cost=0.43..3961.13 rows=1011 width=121)
	              Index Cond: ((id >= 8991455) AND (id <= 8992454))

for: order_ranges
table 1 : explain SELECT c FROM sbtest1 WHERE id BETWEEN 6055662 AND 6056661 ORDER BY c
	Sort  (cost=3996.66..3999.21 rows=1018 width=121)
	  Sort Key: c
	  ->  Bitmap Heap Scan on sbtest1  (cost=34.87..3945.81 rows=1018 width=121)
	        Recheck Cond: ((id >= 6055662) AND (id <= 6056661))
	        ->  Bitmap Index Scan on sbtest1_pkey  (cost=0.00..34.62 rows=1018 width=0)
	              Index Cond: ((id >= 6055662) AND (id <= 6056661))

table 2 : explain SELECT c FROM sbtest2 WHERE id BETWEEN 1294637 AND 1295636 ORDER BY c
	Sort  (cost=3968.91..3971.44 rows=1011 width=121)
	  Sort Key: c
	  ->  Bitmap Heap Scan on sbtest2  (cost=34.80..3918.45 rows=1011 width=121)
	        Recheck Cond: ((id >= 1294637) AND (id <= 1295636))
	        ->  Bitmap Index Scan on sbtest2_pkey  (cost=0.00..34.55 rows=1011 width=0)
	              Index Cond: ((id >= 1294637) AND (id <= 1295636))

table 3 : explain SELECT c FROM sbtest3 WHERE id BETWEEN 5091498 AND 5092497 ORDER BY c
	Sort  (cost=3895.02..3897.49 rows=991 width=121)
	  Sort Key: c
	  ->  Bitmap Heap Scan on sbtest3  (cost=34.59..3845.70 rows=991 width=121)
	        Recheck Cond: ((id >= 5091498) AND (id <= 5092497))
	        ->  Bitmap Index Scan on sbtest3_pkey  (cost=0.00..34.34 rows=991 width=0)
	              Index Cond: ((id >= 5091498) AND (id <= 5092497))

table 4 : explain SELECT c FROM sbtest4 WHERE id BETWEEN 6718052 AND 6719051 ORDER BY c
	Sort  (cost=3847.79..3850.23 rows=978 width=121)
	  Sort Key: c
	  ->  Bitmap Heap Scan on sbtest4  (cost=34.46..3799.21 rows=978 width=121)
	        Recheck Cond: ((id >= 6718052) AND (id <= 6719051))
	        ->  Bitmap Index Scan on sbtest4_pkey  (cost=0.00..34.22 rows=978 width=0)
	              Index Cond: ((id >= 6718052) AND (id <= 6719051))

table 5 : explain SELECT c FROM sbtest5 WHERE id BETWEEN 8474996 AND 8475995 ORDER BY c
	Sort  (cost=4069.59..4072.19 rows=1038 width=121)
	  Sort Key: c
	  ->  Bitmap Heap Scan on sbtest5  (cost=35.07..4017.59 rows=1038 width=121)
	        Recheck Cond: ((id >= 8474996) AND (id <= 8475995))
	        ->  Bitmap Index Scan on sbtest5_pkey  (cost=0.00..34.82 rows=1038 width=0)
	              Index Cond: ((id >= 8474996) AND (id <= 8475995))

table 6 : explain SELECT c FROM sbtest6 WHERE id BETWEEN 7753757 AND 7754756 ORDER BY c
	Sort  (cost=3992.22..3994.76 rows=1017 width=121)
	  Sort Key: c
	  ->  Bitmap Heap Scan on sbtest6  (cost=34.86..3941.42 rows=1017 width=121)
	        Recheck Cond: ((id >= 7753757) AND (id <= 7754756))
	        ->  Bitmap Index Scan on sbtest6_pkey  (cost=0.00..34.61 rows=1017 width=0)
	              Index Cond: ((id >= 7753757) AND (id <= 7754756))

table 7 : explain SELECT c FROM sbtest7 WHERE id BETWEEN 1420005 AND 1421004 ORDER BY c
	Sort  (cost=4055.64..4058.22 rows=1032 width=121)
	  Sort Key: c
	  ->  Bitmap Heap Scan on sbtest7  (cost=35.01..4003.99 rows=1032 width=121)
	        Recheck Cond: ((id >= 1420005) AND (id <= 1421004))
	        ->  Bitmap Index Scan on sbtest7_pkey  (cost=0.00..34.76 rows=1032 width=0)
	              Index Cond: ((id >= 1420005) AND (id <= 1421004))

table 8 : explain SELECT c FROM sbtest8 WHERE id BETWEEN 7253115 AND 7254114 ORDER BY c
	Sort  (cost=4051.15..4053.70 rows=1021 width=121)
	  Sort Key: c
	  ->  Index Scan using sbtest8_pkey on sbtest8  (cost=0.43..4000.12 rows=1021 width=121)
	        Index Cond: ((id >= 7253115) AND (id <= 7254114))

for: order_ranges
table 1 : explain SELECT c FROM sbtest1 WHERE id BETWEEN 7096768 AND 7097767 ORDER BY c
	Sort  (cost=3954.55..3957.06 rows=1007 width=121)
	  Sort Key: c
	  ->  Bitmap Heap Scan on sbtest1  (cost=34.76..3904.32 rows=1007 width=121)
	        Recheck Cond: ((id >= 7096768) AND (id <= 7097767))
	        ->  Bitmap Index Scan on sbtest1_pkey  (cost=0.00..34.51 rows=1007 width=0)
	              Index Cond: ((id >= 7096768) AND (id <= 7097767))

table 2 : explain SELECT c FROM sbtest2 WHERE id BETWEEN 4262800 AND 4263799 ORDER BY c
	Sort  (cost=3953.60..3956.12 rows=1007 width=121)
	  Sort Key: c
	  ->  Bitmap Heap Scan on sbtest2  (cost=34.76..3903.37 rows=1007 width=121)
	        Recheck Cond: ((id >= 4262800) AND (id <= 4263799))
	        ->  Bitmap Index Scan on sbtest2_pkey  (cost=0.00..34.51 rows=1007 width=0)
	              Index Cond: ((id >= 4262800) AND (id <= 4263799))

table 3 : explain SELECT c FROM sbtest3 WHERE id BETWEEN 2788189 AND 2789188 ORDER BY c
	Sort  (cost=4212.84..4215.53 rows=1074 width=121)
	  Sort Key: c
	  ->  Bitmap Heap Scan on sbtest3  (cost=35.44..4158.78 rows=1074 width=121)
	        Recheck Cond: ((id >= 2788189) AND (id <= 2789188))
	        ->  Bitmap Index Scan on sbtest3_pkey  (cost=0.00..35.18 rows=1074 width=0)
	              Index Cond: ((id >= 2788189) AND (id <= 2789188))

table 4 : explain SELECT c FROM sbtest4 WHERE id BETWEEN 5857930 AND 5858929 ORDER BY c
	Sort  (cost=3920.72..3923.21 rows=997 width=121)
	  Sort Key: c
	  ->  Bitmap Heap Scan on sbtest4  (cost=34.65..3871.06 rows=997 width=121)
	        Recheck Cond: ((id >= 5857930) AND (id <= 5858929))
	        ->  Bitmap Index Scan on sbtest4_pkey  (cost=0.00..34.41 rows=997 width=0)
	              Index Cond: ((id >= 5857930) AND (id <= 5858929))

table 5 : explain SELECT c FROM sbtest5 WHERE id BETWEEN 2733740 AND 2734739 ORDER BY c
	Sort  (cost=4077.23..4079.83 rows=1040 width=121)
	  Sort Key: c
	  ->  Bitmap Heap Scan on sbtest5  (cost=35.09..4025.12 rows=1040 width=121)
	        Recheck Cond: ((id >= 2733740) AND (id <= 2734739))
	        ->  Bitmap Index Scan on sbtest5_pkey  (cost=0.00..34.84 rows=1040 width=0)
	              Index Cond: ((id >= 2733740) AND (id <= 2734739))

table 6 : explain SELECT c FROM sbtest6 WHERE id BETWEEN 3119353 AND 3120352 ORDER BY c
	Sort  (cost=3862.02..3864.47 rows=983 width=121)
	  Sort Key: c
	  ->  Bitmap Heap Scan on sbtest6  (cost=34.51..3813.16 rows=983 width=121)
	        Recheck Cond: ((id >= 3119353) AND (id <= 3120352))
	        ->  Bitmap Index Scan on sbtest6_pkey  (cost=0.00..34.27 rows=983 width=0)
	              Index Cond: ((id >= 3119353) AND (id <= 3120352))

table 7 : explain SELECT c FROM sbtest7 WHERE id BETWEEN 917283 AND 918282 ORDER BY c
	Sort  (cost=4067.15..4069.73 rows=1035 width=121)
	  Sort Key: c
	  ->  Bitmap Heap Scan on sbtest7  (cost=35.04..4015.32 rows=1035 width=121)
	        Recheck Cond: ((id >= 917283) AND (id <= 918282))
	        ->  Bitmap Index Scan on sbtest7_pkey  (cost=0.00..34.79 rows=1035 width=0)
	              Index Cond: ((id >= 917283) AND (id <= 918282))

table 8 : explain SELECT c FROM sbtest8 WHERE id BETWEEN 6435439 AND 6436438 ORDER BY c
	Sort  (cost=3829.69..3832.10 rows=965 width=121)
	  Sort Key: c
	  ->  Index Scan using sbtest8_pkey on sbtest8  (cost=0.43..3781.85 rows=965 width=121)
	        Index Cond: ((id >= 6435439) AND (id <= 6436438))

for: order_ranges
table 1 : explain SELECT c FROM sbtest1 WHERE id BETWEEN 9320502 AND 9321501 ORDER BY c
	Sort  (cost=3828.11..3830.54 rows=974 width=121)
	  Sort Key: c
	  ->  Bitmap Heap Scan on sbtest1  (cost=34.42..3779.76 rows=974 width=121)
	        Recheck Cond: ((id >= 9320502) AND (id <= 9321501))
	        ->  Bitmap Index Scan on sbtest1_pkey  (cost=0.00..34.18 rows=974 width=0)
	              Index Cond: ((id >= 9320502) AND (id <= 9321501))

table 2 : explain SELECT c FROM sbtest2 WHERE id BETWEEN 2167533 AND 2168532 ORDER BY c
	Sort  (cost=3643.12..3645.44 rows=926 width=121)
	  Sort Key: c
	  ->  Bitmap Heap Scan on sbtest2  (cost=33.93..3597.50 rows=926 width=121)
	        Recheck Cond: ((id >= 2167533) AND (id <= 2168532))
	        ->  Bitmap Index Scan on sbtest2_pkey  (cost=0.00..33.70 rows=926 width=0)
	              Index Cond: ((id >= 2167533) AND (id <= 2168532))

table 3 : explain SELECT c FROM sbtest3 WHERE id BETWEEN 2814802 AND 2815801 ORDER BY c
	Sort  (cost=4212.84..4215.53 rows=1074 width=121)
	  Sort Key: c
	  ->  Bitmap Heap Scan on sbtest3  (cost=35.44..4158.78 rows=1074 width=121)
	        Recheck Cond: ((id >= 2814802) AND (id <= 2815801))
	        ->  Bitmap Index Scan on sbtest3_pkey  (cost=0.00..35.18 rows=1074 width=0)
	              Index Cond: ((id >= 2814802) AND (id <= 2815801))

table 4 : explain SELECT c FROM sbtest4 WHERE id BETWEEN 919111 AND 920110 ORDER BY c
	Sort  (cost=3721.01..3723.38 rows=945 width=121)
	  Sort Key: c
	  ->  Bitmap Heap Scan on sbtest4  (cost=34.12..3674.31 rows=945 width=121)
	        Recheck Cond: ((id >= 919111) AND (id <= 920110))
	        ->  Bitmap Index Scan on sbtest4_pkey  (cost=0.00..33.89 rows=945 width=0)
	              Index Cond: ((id >= 919111) AND (id <= 920110))

table 5 : explain SELECT c FROM sbtest5 WHERE id BETWEEN 5597755 AND 5598754 ORDER BY c
	Sort  (cost=3510.31..3512.54 rows=893 width=121)
	  Sort Key: c
	  ->  Bitmap Heap Scan on sbtest5  (cost=29.59..3466.54 rows=893 width=121)
	        Recheck Cond: ((id >= 5597755) AND (id <= 5598754))
	        ->  Bitmap Index Scan on sbtest5_pkey  (cost=0.00..29.36 rows=893 width=0)
	              Index Cond: ((id >= 5597755) AND (id <= 5598754))

table 6 : explain SELECT c FROM sbtest6 WHERE id BETWEEN 9414725 AND 9415724 ORDER BY c
	Sort  (cost=3785.36..3787.77 rows=963 width=121)
	  Sort Key: c
	  ->  Bitmap Heap Scan on sbtest6  (cost=34.31..3737.64 rows=963 width=121)
	        Recheck Cond: ((id >= 9414725) AND (id <= 9415724))
	        ->  Bitmap Index Scan on sbtest6_pkey  (cost=0.00..34.07 rows=963 width=0)
	              Index Cond: ((id >= 9414725) AND (id <= 9415724))

table 7 : explain SELECT c FROM sbtest7 WHERE id BETWEEN 382995 AND 383994 ORDER BY c
	Sort  (cost=3802.32..3804.74 rows=966 width=121)
	  Sort Key: c
	  ->  Bitmap Heap Scan on sbtest7  (cost=34.34..3754.43 rows=966 width=121)
	        Recheck Cond: ((id >= 382995) AND (id <= 383994))
	        ->  Bitmap Index Scan on sbtest7_pkey  (cost=0.00..34.09 rows=966 width=0)
	              Index Cond: ((id >= 382995) AND (id <= 383994))

table 8 : explain SELECT c FROM sbtest8 WHERE id BETWEEN 2622636 AND 2623635 ORDER BY c
	Sort  (cost=3667.55..3669.86 rows=924 width=121)
	  Sort Key: c
	  ->  Index Scan using sbtest8_pkey on sbtest8  (cost=0.43..3622.03 rows=924 width=121)
	        Index Cond: ((id >= 2622636) AND (id <= 2623635))

for: distinct_ranges
table 1 : explain SELECT DISTINCT c FROM sbtest1 WHERE id BETWEEN 5303734 AND 5304733 ORDER BY c
	Unique  (cost=3877.93..3882.87 rows=987 width=121)
	  ->  Sort  (cost=3877.93..3880.40 rows=987 width=121)
	        Sort Key: c
	        ->  Bitmap Heap Scan on sbtest1  (cost=34.55..3828.84 rows=987 width=121)
	              Recheck Cond: ((id >= 5303734) AND (id <= 5304733))
	              ->  Bitmap Index Scan on sbtest1_pkey  (cost=0.00..34.31 rows=987 width=0)
	                    Index Cond: ((id >= 5303734) AND (id <= 5304733))

table 2 : explain SELECT DISTINCT c FROM sbtest2 WHERE id BETWEEN 8013822 AND 8014821 ORDER BY c
	Unique  (cost=4251.84..4257.26 rows=1085 width=121)
	  ->  Sort  (cost=4251.84..4254.55 rows=1085 width=121)
	        Sort Key: c
	        ->  Bitmap Heap Scan on sbtest2  (cost=35.56..4197.13 rows=1085 width=121)
	              Recheck Cond: ((id >= 8013822) AND (id <= 8014821))
	              ->  Bitmap Index Scan on sbtest2_pkey  (cost=0.00..35.29 rows=1085 width=0)
	                    Index Cond: ((id >= 8013822) AND (id <= 8014821))

table 3 : explain SELECT DISTINCT c FROM sbtest3 WHERE id BETWEEN 6492234 AND 6493233 ORDER BY c
	Unique  (cost=3849.00..3853.89 rows=979 width=121)
	  ->  Sort  (cost=3849.00..3851.44 rows=979 width=121)
	        Sort Key: c
	        ->  Bitmap Heap Scan on sbtest3  (cost=34.47..3800.36 rows=979 width=121)
	              Recheck Cond: ((id >= 6492234) AND (id <= 6493233))
	              ->  Bitmap Index Scan on sbtest3_pkey  (cost=0.00..34.23 rows=979 width=0)
	                    Index Cond: ((id >= 6492234) AND (id <= 6493233))

table 4 : explain SELECT DISTINCT c FROM sbtest4 WHERE id BETWEEN 5296553 AND 5297552 ORDER BY c
	Unique  (cost=3451.52..3455.90 rows=876 width=121)
	  ->  Sort  (cost=3451.52..3453.71 rows=876 width=121)
	        Sort Key: c
	        ->  Bitmap Heap Scan on sbtest4  (cost=29.41..3408.71 rows=876 width=121)
	              Recheck Cond: ((id >= 5296553) AND (id <= 5297552))
	              ->  Bitmap Index Scan on sbtest4_pkey  (cost=0.00..29.19 rows=876 width=0)
	                    Index Cond: ((id >= 5296553) AND (id <= 5297552))

table 5 : explain SELECT DISTINCT c FROM sbtest5 WHERE id BETWEEN 8022989 AND 8023988 ORDER BY c
	Unique  (cost=3962.57..3967.62 rows=1010 width=121)
	  ->  Sort  (cost=3962.57..3965.09 rows=1010 width=121)
	        Sort Key: c
	        ->  Bitmap Heap Scan on sbtest5  (cost=34.79..3912.17 rows=1010 width=121)
	              Recheck Cond: ((id >= 8022989) AND (id <= 8023988))
	              ->  Bitmap Index Scan on sbtest5_pkey  (cost=0.00..34.54 rows=1010 width=0)
	                    Index Cond: ((id >= 8022989) AND (id <= 8023988))

table 6 : explain SELECT DISTINCT c FROM sbtest6 WHERE id BETWEEN 151108 AND 152107 ORDER BY c
	Unique  (cost=4141.40..4146.68 rows=1056 width=121)
	  ->  Sort  (cost=4141.40..4144.04 rows=1056 width=121)
	        Sort Key: c
	        ->  Bitmap Heap Scan on sbtest6  (cost=35.26..4088.37 rows=1056 width=121)
	              Recheck Cond: ((id >= 151108) AND (id <= 152107))
	              ->  Bitmap Index Scan on sbtest6_pkey  (cost=0.00..35.00 rows=1056 width=0)
	                    Index Cond: ((id >= 151108) AND (id <= 152107))

table 7 : explain SELECT DISTINCT c FROM sbtest7 WHERE id BETWEEN 9368938 AND 9369937 ORDER BY c
	Unique  (cost=4036.47..4041.60 rows=1027 width=121)
	  ->  Sort  (cost=4036.47..4039.04 rows=1027 width=121)
	        Sort Key: c
	        ->  Bitmap Heap Scan on sbtest7  (cost=34.96..3985.10 rows=1027 width=121)
	              Recheck Cond: ((id >= 9368938) AND (id <= 9369937))
	              ->  Bitmap Index Scan on sbtest7_pkey  (cost=0.00..34.70 rows=1027 width=0)
	                    Index Cond: ((id >= 9368938) AND (id <= 9369937))

table 8 : explain SELECT DISTINCT c FROM sbtest8 WHERE id BETWEEN 2159073 AND 2160072 ORDER BY c
	Unique  (cost=4046.26..4051.41 rows=1030 width=121)
	  ->  Sort  (cost=4046.26..4048.83 rows=1030 width=121)
	        Sort Key: c
	        ->  Bitmap Heap Scan on sbtest8  (cost=34.99..3994.71 rows=1030 width=121)
	              Recheck Cond: ((id >= 2159073) AND (id <= 2160072))
	              ->  Bitmap Index Scan on sbtest8_pkey  (cost=0.00..34.73 rows=1030 width=0)
	                    Index Cond: ((id >= 2159073) AND (id <= 2160072))

for: order_ranges
table 1 : explain SELECT c FROM sbtest1 WHERE id BETWEEN 1675715 AND 1676714 ORDER BY c
	Sort  (cost=4107.63..4110.25 rows=1047 width=121)
	  Sort Key: c
	  ->  Bitmap Heap Scan on sbtest1  (cost=35.17..4055.12 rows=1047 width=121)
	        Recheck Cond: ((id >= 1675715) AND (id <= 1676714))
	        ->  Bitmap Index Scan on sbtest1_pkey  (cost=0.00..34.91 rows=1047 width=0)
	              Index Cond: ((id >= 1675715) AND (id <= 1676714))

table 2 : explain SELECT c FROM sbtest2 WHERE id BETWEEN 720930 AND 721929 ORDER BY c
	Sort  (cost=3877.01..3879.48 rows=987 width=121)
	  Sort Key: c
	  ->  Bitmap Heap Scan on sbtest2  (cost=34.55..3827.93 rows=987 width=121)
	        Recheck Cond: ((id >= 720930) AND (id <= 721929))
	        ->  Bitmap Index Scan on sbtest2_pkey  (cost=0.00..34.31 rows=987 width=0)
	              Index Cond: ((id >= 720930) AND (id <= 721929))

table 3 : explain SELECT c FROM sbtest3 WHERE id BETWEEN 9500425 AND 9501424 ORDER BY c
	Sort  (cost=3768.42..3770.82 rows=958 width=121)
	  Sort Key: c
	  ->  Bitmap Heap Scan on sbtest3  (cost=34.25..3720.99 rows=958 width=121)
	        Recheck Cond: ((id >= 9500425) AND (id <= 9501424))
	        ->  Bitmap Index Scan on sbtest3_pkey  (cost=0.00..34.02 rows=958 width=0)
	              Index Cond: ((id >= 9500425) AND (id <= 9501424))

table 4 : explain SELECT c FROM sbtest4 WHERE id BETWEEN 6886190 AND 6887189 ORDER BY c
	Sort  (cost=4139.27..4141.90 rows=1054 width=121)
	  Sort Key: c
	  ->  Bitmap Heap Scan on sbtest4  (cost=35.24..4086.35 rows=1054 width=121)
	        Recheck Cond: ((id >= 6886190) AND (id <= 6887189))
	        ->  Bitmap Index Scan on sbtest4_pkey  (cost=0.00..34.98 rows=1054 width=0)
	              Index Cond: ((id >= 6886190) AND (id <= 6887189))

table 5 : explain SELECT c FROM sbtest5 WHERE id BETWEEN 6234804 AND 6235803 ORDER BY c
	Sort  (cost=4264.29..4267.01 rows=1089 width=121)
	  Sort Key: c
	  ->  Bitmap Heap Scan on sbtest5  (cost=35.60..4209.36 rows=1089 width=121)
	        Recheck Cond: ((id >= 6234804) AND (id <= 6235803))
	        ->  Bitmap Index Scan on sbtest5_pkey  (cost=0.00..35.33 rows=1089 width=0)
	              Index Cond: ((id >= 6234804) AND (id <= 6235803))

table 6 : explain SELECT c FROM sbtest6 WHERE id BETWEEN 8039274 AND 8040273 ORDER BY c
	Sort  (cost=3789.20..3791.61 rows=964 width=121)
	  Sort Key: c
	  ->  Bitmap Heap Scan on sbtest6  (cost=34.32..3741.42 rows=964 width=121)
	        Recheck Cond: ((id >= 8039274) AND (id <= 8040273))
	        ->  Bitmap Index Scan on sbtest6_pkey  (cost=0.00..34.08 rows=964 width=0)
	              Index Cond: ((id >= 8039274) AND (id <= 8040273))

table 7 : explain SELECT c FROM sbtest7 WHERE id BETWEEN 2274393 AND 2275392 ORDER BY c
	Sort  (cost=4055.64..4058.22 rows=1032 width=121)
	  Sort Key: c
	  ->  Bitmap Heap Scan on sbtest7  (cost=35.01..4003.99 rows=1032 width=121)
	        Recheck Cond: ((id >= 2274393) AND (id <= 2275392))
	        ->  Bitmap Index Scan on sbtest7_pkey  (cost=0.00..34.76 rows=1032 width=0)
	              Index Cond: ((id >= 2274393) AND (id <= 2275392))

table 8 : explain SELECT c FROM sbtest8 WHERE id BETWEEN 6478050 AND 6479049 ORDER BY c
	Sort  (cost=3829.69..3832.10 rows=965 width=121)
	  Sort Key: c
	  ->  Index Scan using sbtest8_pkey on sbtest8  (cost=0.43..3781.85 rows=965 width=121)
	        Index Cond: ((id >= 6478050) AND (id <= 6479049))

for: distinct_ranges
table 1 : explain SELECT DISTINCT c FROM sbtest1 WHERE id BETWEEN 7333433 AND 7334432 ORDER BY c
	Unique  (cost=3962.21..3967.25 rows=1009 width=121)
	  ->  Sort  (cost=3962.21..3964.73 rows=1009 width=121)
	        Sort Key: c
	        ->  Bitmap Heap Scan on sbtest1  (cost=34.78..3911.86 rows=1009 width=121)
	              Recheck Cond: ((id >= 7333433) AND (id <= 7334432))
	              ->  Bitmap Index Scan on sbtest1_pkey  (cost=0.00..34.53 rows=1009 width=0)
	                    Index Cond: ((id >= 7333433) AND (id <= 7334432))

table 2 : explain SELECT DISTINCT c FROM sbtest2 WHERE id BETWEEN 9380068 AND 9381067 ORDER BY c
	Unique  (cost=3573.86..3578.41 rows=909 width=121)
	  ->  Sort  (cost=3573.86..3576.13 rows=909 width=121)
	        Sort Key: c
	        ->  Bitmap Heap Scan on sbtest2  (cost=29.75..3529.19 rows=909 width=121)
	              Recheck Cond: ((id >= 9380068) AND (id <= 9381067))
	              ->  Bitmap Index Scan on sbtest2_pkey  (cost=0.00..29.52 rows=909 width=0)
	                    Index Cond: ((id >= 9380068) AND (id <= 9381067))

table 3 : explain SELECT DISTINCT c FROM sbtest3 WHERE id BETWEEN 5914981 AND 5915980 ORDER BY c
	Unique  (cost=4224.32..4229.70 rows=1077 width=121)
	  ->  Sort  (cost=4224.32..4227.01 rows=1077 width=121)
	        Sort Key: c
	        ->  Bitmap Heap Scan on sbtest3  (cost=35.47..4170.08 rows=1077 width=121)
	              Recheck Cond: ((id >= 5914981) AND (id <= 5915980))
	              ->  Bitmap Index Scan on sbtest3_pkey  (cost=0.00..35.20 rows=1077 width=0)
	                    Index Cond: ((id >= 5914981) AND (id <= 5915980))

table 4 : explain SELECT DISTINCT c FROM sbtest4 WHERE id BETWEEN 3929066 AND 3930065 ORDER BY c
	Unique  (cost=4131.61..4136.87 rows=1052 width=121)
	  ->  Sort  (cost=4131.61..4134.24 rows=1052 width=121)
	        Sort Key: c
	        ->  Bitmap Heap Scan on sbtest4  (cost=35.22..4078.80 rows=1052 width=121)
	              Recheck Cond: ((id >= 3929066) AND (id <= 3930065))
	              ->  Bitmap Index Scan on sbtest4_pkey  (cost=0.00..34.95 rows=1052 width=0)
	                    Index Cond: ((id >= 3929066) AND (id <= 3930065))

table 5 : explain SELECT DISTINCT c FROM sbtest5 WHERE id BETWEEN 3983314 AND 3984313 ORDER BY c
	Unique  (cost=3617.91..3622.51 rows=920 width=121)
	  ->  Sort  (cost=3617.91..3620.21 rows=920 width=121)
	        Sort Key: c
	        ->  Bitmap Heap Scan on sbtest5  (cost=33.87..3572.62 rows=920 width=121)
	              Recheck Cond: ((id >= 3983314) AND (id <= 3984313))
	              ->  Bitmap Index Scan on sbtest5_pkey  (cost=0.00..33.64 rows=920 width=0)
	                    Index Cond: ((id >= 3983314) AND (id <= 3984313))

table 6 : explain SELECT DISTINCT c FROM sbtest6 WHERE id BETWEEN 777227 AND 778226 ORDER BY c
	Unique  (cost=4214.01..4219.39 rows=1075 width=121)
	  ->  Sort  (cost=4214.01..4216.70 rows=1075 width=121)
	        Sort Key: c
	        ->  Bitmap Heap Scan on sbtest6  (cost=35.45..4159.89 rows=1075 width=121)
	              Recheck Cond: ((id >= 777227) AND (id <= 778226))
	              ->  Bitmap Index Scan on sbtest6_pkey  (cost=0.00..35.19 rows=1075 width=0)
	                    Index Cond: ((id >= 777227) AND (id <= 778226))

table 7 : explain SELECT DISTINCT c FROM sbtest7 WHERE id BETWEEN 382458 AND 383457 ORDER BY c
	Unique  (cost=3802.32..3807.15 rows=966 width=121)
	  ->  Sort  (cost=3802.32..3804.74 rows=966 width=121)
	        Sort Key: c
	        ->  Bitmap Heap Scan on sbtest7  (cost=34.34..3754.43 rows=966 width=121)
	              Recheck Cond: ((id >= 382458) AND (id <= 383457))
	              ->  Bitmap Index Scan on sbtest7_pkey  (cost=0.00..34.09 rows=966 width=0)
	                    Index Cond: ((id >= 382458) AND (id <= 383457))

table 8 : explain SELECT DISTINCT c FROM sbtest8 WHERE id BETWEEN 817977 AND 818976 ORDER BY c
	Unique  (cost=3635.92..3640.50 rows=916 width=121)
	  ->  Sort  (cost=3635.92..3638.21 rows=916 width=121)
	        Sort Key: c
	        ->  Index Scan using sbtest8_pkey on sbtest8  (cost=0.43..3590.86 rows=916 width=121)
	              Index Cond: ((id >= 817977) AND (id <= 818976))

for: distinct_ranges
table 1 : explain SELECT DISTINCT c FROM sbtest1 WHERE id BETWEEN 9864046 AND 9865045 ORDER BY c
	Unique  (cost=3751.41..3756.18 rows=954 width=121)
	  ->  Sort  (cost=3751.41..3753.80 rows=954 width=121)
	        Sort Key: c
	        ->  Bitmap Heap Scan on sbtest1  (cost=34.21..3704.20 rows=954 width=121)
	              Recheck Cond: ((id >= 9864046) AND (id <= 9865045))
	              ->  Bitmap Index Scan on sbtest1_pkey  (cost=0.00..33.98 rows=954 width=0)
	                    Index Cond: ((id >= 9864046) AND (id <= 9865045))

table 2 : explain SELECT DISTINCT c FROM sbtest2 WHERE id BETWEEN 9417323 AND 9418322 ORDER BY c
	Unique  (cost=3965.08..3970.13 rows=1010 width=121)
	  ->  Sort  (cost=3965.08..3967.61 rows=1010 width=121)
	        Sort Key: c
	        ->  Bitmap Heap Scan on sbtest2  (cost=34.79..3914.68 rows=1010 width=121)
	              Recheck Cond: ((id >= 9417323) AND (id <= 9418322))
	              ->  Bitmap Index Scan on sbtest2_pkey  (cost=0.00..34.54 rows=1010 width=0)
	                    Index Cond: ((id >= 9417323) AND (id <= 9418322))

table 3 : explain SELECT DISTINCT c FROM sbtest3 WHERE id BETWEEN 1356431 AND 1357430 ORDER BY c
	Unique  (cost=3902.68..3907.65 rows=993 width=121)
	  ->  Sort  (cost=3902.68..3905.17 rows=993 width=121)
	        Sort Key: c
	        ->  Bitmap Heap Scan on sbtest3  (cost=34.61..3853.25 rows=993 width=121)
	              Recheck Cond: ((id >= 1356431) AND (id <= 1357430))
	              ->  Bitmap Index Scan on sbtest3_pkey  (cost=0.00..34.37 rows=993 width=0)
	                    Index Cond: ((id >= 1356431) AND (id <= 1357430))

table 4 : explain SELECT DISTINCT c FROM sbtest4 WHERE id BETWEEN 1665948 AND 1666947 ORDER BY c
	Unique  (cost=3513.14..3517.60 rows=892 width=121)
	  ->  Sort  (cost=3513.14..3515.37 rows=892 width=121)
	        Sort Key: c
	        ->  Bitmap Heap Scan on sbtest4  (cost=29.58..3469.42 rows=892 width=121)
	              Recheck Cond: ((id >= 1665948) AND (id <= 1666947))
	              ->  Bitmap Index Scan on sbtest4_pkey  (cost=0.00..29.36 rows=892 width=0)
	                    Index Cond: ((id >= 1665948) AND (id <= 1666947))

table 5 : explain SELECT DISTINCT c FROM sbtest5 WHERE id BETWEEN 2505205 AND 2506204 ORDER BY c
	Unique  (cost=3790.36..3795.19 rows=965 width=121)
	  ->  Sort  (cost=3790.36..3792.77 rows=965 width=121)
	        Sort Key: c
	        ->  Bitmap Heap Scan on sbtest5  (cost=34.33..3742.52 rows=965 width=121)
	              Recheck Cond: ((id >= 2505205) AND (id <= 2506204))
	              ->  Bitmap Index Scan on sbtest5_pkey  (cost=0.00..34.09 rows=965 width=0)
	                    Index Cond: ((id >= 2505205) AND (id <= 2506204))

table 6 : explain SELECT DISTINCT c FROM sbtest6 WHERE id BETWEEN 4275972 AND 4276971 ORDER BY c
	Unique  (cost=3999.87..4004.97 rows=1019 width=121)
	  ->  Sort  (cost=3999.87..4002.42 rows=1019 width=121)
	        Sort Key: c
	        ->  Bitmap Heap Scan on sbtest6  (cost=34.88..3948.96 rows=1019 width=121)
	              Recheck Cond: ((id >= 4275972) AND (id <= 4276971))
	              ->  Bitmap Index Scan on sbtest6_pkey  (cost=0.00..34.62 rows=1019 width=0)
	                    Index Cond: ((id >= 4275972) AND (id <= 4276971))

table 7 : explain SELECT DISTINCT c FROM sbtest7 WHERE id BETWEEN 4698486 AND 4699485 ORDER BY c
	Unique  (cost=3475.17..3479.58 rows=882 width=121)
	  ->  Sort  (cost=3475.17..3477.38 rows=882 width=121)
	        Sort Key: c
	        ->  Bitmap Heap Scan on sbtest7  (cost=29.48..3432.02 rows=882 width=121)
	              Recheck Cond: ((id >= 4698486) AND (id <= 4699485))
	              ->  Bitmap Index Scan on sbtest7_pkey  (cost=0.00..29.25 rows=882 width=0)
	                    Index Cond: ((id >= 4698486) AND (id <= 4699485))

table 8 : explain SELECT DISTINCT c FROM sbtest8 WHERE id BETWEEN 1186339 AND 1187338 ORDER BY c
	Unique  (cost=4059.06..4064.17 rows=1023 width=121)
	  ->  Sort  (cost=4059.06..4061.62 rows=1023 width=121)
	        Sort Key: c
	        ->  Index Scan using sbtest8_pkey on sbtest8  (cost=0.43..4007.92 rows=1023 width=121)
	              Index Cond: ((id >= 1186339) AND (id <= 1187338))

for: distinct_ranges
table 1 : explain SELECT DISTINCT c FROM sbtest1 WHERE id BETWEEN 3562511 AND 3563510 ORDER BY c
	Unique  (cost=4310.37..4315.87 rows=1099 width=121)
	  ->  Sort  (cost=4310.37..4313.12 rows=1099 width=121)
	        Sort Key: c
	        ->  Bitmap Heap Scan on sbtest1  (cost=39.70..4254.86 rows=1099 width=121)
	              Recheck Cond: ((id >= 3562511) AND (id <= 3563510))
	              ->  Bitmap Index Scan on sbtest1_pkey  (cost=0.00..39.43 rows=1099 width=0)
	                    Index Cond: ((id >= 3562511) AND (id <= 3563510))

table 2 : explain SELECT DISTINCT c FROM sbtest2 WHERE id BETWEEN 6459859 AND 6460858 ORDER BY c
	Unique  (cost=3800.38..3805.21 rows=967 width=121)
	  ->  Sort  (cost=3800.38..3802.80 rows=967 width=121)
	        Sort Key: c
	        ->  Bitmap Heap Scan on sbtest2  (cost=34.35..3752.43 rows=967 width=121)
	              Recheck Cond: ((id >= 6459859) AND (id <= 6460858))
	              ->  Bitmap Index Scan on sbtest2_pkey  (cost=0.00..34.11 rows=967 width=0)
	                    Index Cond: ((id >= 6459859) AND (id <= 6460858))

table 3 : explain SELECT DISTINCT c FROM sbtest3 WHERE id BETWEEN 2580289 AND 2581288 ORDER BY c
	Unique  (cost=3787.61..3792.43 rows=963 width=121)
	  ->  Sort  (cost=3787.61..3790.02 rows=963 width=121)
	        Sort Key: c
	        ->  Bitmap Heap Scan on sbtest3  (cost=34.31..3739.89 rows=963 width=121)
	              Recheck Cond: ((id >= 2580289) AND (id <= 2581288))
	              ->  Bitmap Index Scan on sbtest3_pkey  (cost=0.00..34.07 rows=963 width=0)
	                    Index Cond: ((id >= 2580289) AND (id <= 2581288))

table 4 : explain SELECT DISTINCT c FROM sbtest4 WHERE id BETWEEN 1548911 AND 1549910 ORDER BY c
	Unique  (cost=4269.46..4274.90 rows=1088 width=121)
	  ->  Sort  (cost=4269.46..4272.18 rows=1088 width=121)
	        Sort Key: c
	        ->  Bitmap Heap Scan on sbtest4  (cost=35.59..4214.58 rows=1088 width=121)
	              Recheck Cond: ((id >= 1548911) AND (id <= 1549910))
	              ->  Bitmap Index Scan on sbtest4_pkey  (cost=0.00..35.32 rows=1088 width=0)
	                    Index Cond: ((id >= 1548911) AND (id <= 1549910))

table 5 : explain SELECT DISTINCT c FROM sbtest5 WHERE id BETWEEN 7330671 AND 7331670 ORDER BY c
	Unique  (cost=4203.24..4208.61 rows=1073 width=121)
	  ->  Sort  (cost=4203.24..4205.93 rows=1073 width=121)
	        Sort Key: c
	        ->  Bitmap Heap Scan on sbtest5  (cost=35.43..4149.23 rows=1073 width=121)
	              Recheck Cond: ((id >= 7330671) AND (id <= 7331670))
	              ->  Bitmap Index Scan on sbtest5_pkey  (cost=0.00..35.17 rows=1073 width=0)
	                    Index Cond: ((id >= 7330671) AND (id <= 7331670))

table 6 : explain SELECT DISTINCT c FROM sbtest6 WHERE id BETWEEN 191307 AND 192306 ORDER BY c
	Unique  (cost=4141.40..4146.68 rows=1056 width=121)
	  ->  Sort  (cost=4141.40..4144.04 rows=1056 width=121)
	        Sort Key: c
	        ->  Bitmap Heap Scan on sbtest6  (cost=35.26..4088.37 rows=1056 width=121)
	              Recheck Cond: ((id >= 191307) AND (id <= 192306))
	              ->  Bitmap Index Scan on sbtest6_pkey  (cost=0.00..35.00 rows=1056 width=0)
	                    Index Cond: ((id >= 191307) AND (id <= 192306))

table 7 : explain SELECT DISTINCT c FROM sbtest7 WHERE id BETWEEN 7064193 AND 7065192 ORDER BY c
	Unique  (cost=3813.85..3818.69 rows=969 width=121)
	  ->  Sort  (cost=3813.85..3816.27 rows=969 width=121)
	        Sort Key: c
	        ->  Bitmap Heap Scan on sbtest7  (cost=34.37..3765.78 rows=969 width=121)
	              Recheck Cond: ((id >= 7064193) AND (id <= 7065192))
	              ->  Bitmap Index Scan on sbtest7_pkey  (cost=0.00..34.12 rows=969 width=0)
	                    Index Cond: ((id >= 7064193) AND (id <= 7065192))

table 8 : explain SELECT DISTINCT c FROM sbtest8 WHERE id BETWEEN 2824728 AND 2825727 ORDER BY c
	Unique  (cost=3865.27..3870.14 rows=974 width=121)
	  ->  Sort  (cost=3865.27..3867.71 rows=974 width=121)
	        Sort Key: c
	        ->  Index Scan using sbtest8_pkey on sbtest8  (cost=0.43..3816.92 rows=974 width=121)
	              Index Cond: ((id >= 2824728) AND (id <= 2825727))

for: distinct_ranges
table 1 : explain SELECT DISTINCT c FROM sbtest1 WHERE id BETWEEN 6435593 AND 6436592 ORDER BY c
	Unique  (cost=3755.25..3760.02 rows=955 width=121)
	  ->  Sort  (cost=3755.25..3757.64 rows=955 width=121)
	        Sort Key: c
	        ->  Bitmap Heap Scan on sbtest1  (cost=34.22..3707.98 rows=955 width=121)
	              Recheck Cond: ((id >= 6435593) AND (id <= 6436592))
	              ->  Bitmap Index Scan on sbtest1_pkey  (cost=0.00..33.98 rows=955 width=0)
	                    Index Cond: ((id >= 6435593) AND (id <= 6436592))

table 2 : explain SELECT DISTINCT c FROM sbtest2 WHERE id BETWEEN 6297038 AND 6298037 ORDER BY c
	Unique  (cost=4163.97..4169.28 rows=1062 width=121)
	  ->  Sort  (cost=4163.97..4166.62 rows=1062 width=121)
	        Sort Key: c
	        ->  Bitmap Heap Scan on sbtest2  (cost=35.32..4110.59 rows=1062 width=121)
	              Recheck Cond: ((id >= 6297038) AND (id <= 6298037))
	              ->  Bitmap Index Scan on sbtest2_pkey  (cost=0.00..35.06 rows=1062 width=0)
	                    Index Cond: ((id >= 6297038) AND (id <= 6298037))

table 3 : explain SELECT DISTINCT c FROM sbtest3 WHERE id BETWEEN 7852677 AND 7853676 ORDER BY c
	Unique  (cost=3495.47..3499.91 rows=888 width=121)
	  ->  Sort  (cost=3495.47..3497.69 rows=888 width=121)
	        Sort Key: c
	        ->  Bitmap Heap Scan on sbtest3  (cost=29.54..3451.98 rows=888 width=121)
	              Recheck Cond: ((id >= 7852677) AND (id <= 7853676))
	              ->  Bitmap Index Scan on sbtest3_pkey  (cost=0.00..29.32 rows=888 width=0)
	                    Index Cond: ((id >= 7852677) AND (id <= 7853676))

table 4 : explain SELECT DISTINCT c FROM sbtest4 WHERE id BETWEEN 4089920 AND 4090919 ORDER BY c
	Unique  (cost=3840.11..3844.99 rows=976 width=121)
	  ->  Sort  (cost=3840.11..3842.55 rows=976 width=121)
	        Sort Key: c
	        ->  Bitmap Heap Scan on sbtest4  (cost=34.44..3791.64 rows=976 width=121)
	              Recheck Cond: ((id >= 4089920) AND (id <= 4090919))
	              ->  Bitmap Index Scan on sbtest4_pkey  (cost=0.00..34.20 rows=976 width=0)
	                    Index Cond: ((id >= 4089920) AND (id <= 4090919))

table 5 : explain SELECT DISTINCT c FROM sbtest5 WHERE id BETWEEN 995976 AND 996975 ORDER BY c
	Unique  (cost=3667.75..3672.42 rows=933 width=121)
	  ->  Sort  (cost=3667.75..3670.09 rows=933 width=121)
	        Sort Key: c
	        ->  Bitmap Heap Scan on sbtest5  (cost=34.00..3621.73 rows=933 width=121)
	              Recheck Cond: ((id >= 995976) AND (id <= 996975))
	              ->  Bitmap Index Scan on sbtest5_pkey  (cost=0.00..33.77 rows=933 width=0)
	                    Index Cond: ((id >= 995976) AND (id <= 996975))

table 6 : explain SELECT DISTINCT c FROM sbtest6 WHERE id BETWEEN 556364 AND 557363 ORDER BY c
	Unique  (cost=3877.34..3882.28 rows=987 width=121)
	  ->  Sort  (cost=3877.34..3879.81 rows=987 width=121)
	        Sort Key: c
	        ->  Bitmap Heap Scan on sbtest6  (cost=34.55..3828.25 rows=987 width=121)
	              Recheck Cond: ((id >= 556364) AND (id <= 557363))
	              ->  Bitmap Index Scan on sbtest6_pkey  (cost=0.00..34.31 rows=987 width=0)
	                    Index Cond: ((id >= 556364) AND (id <= 557363))

table 7 : explain SELECT DISTINCT c FROM sbtest7 WHERE id BETWEEN 43538 AND 44537 ORDER BY c
	Unique  (cost=4208.93..4214.29 rows=1072 width=121)
	  ->  Sort  (cost=4208.93..4211.61 rows=1072 width=121)
	        Sort Key: c
	        ->  Bitmap Heap Scan on sbtest7  (cost=35.42..4154.98 rows=1072 width=121)
	              Recheck Cond: ((id >= 43538) AND (id <= 44537))
	              ->  Bitmap Index Scan on sbtest7_pkey  (cost=0.00..35.16 rows=1072 width=0)
	                    Index Cond: ((id >= 43538) AND (id <= 44537))

table 8 : explain SELECT DISTINCT c FROM sbtest8 WHERE id BETWEEN 7912028 AND 7913027 ORDER BY c
	Unique  (cost=4249.20..4254.62 rows=1083 width=121)
	  ->  Sort  (cost=4249.20..4251.91 rows=1083 width=121)
	        Sort Key: c
	        ->  Bitmap Heap Scan on sbtest8  (cost=35.54..4194.62 rows=1083 width=121)
	              Recheck Cond: ((id >= 7912028) AND (id <= 7913027))
	              ->  Bitmap Index Scan on sbtest8_pkey  (cost=0.00..35.27 rows=1083 width=0)
	                    Index Cond: ((id >= 7912028) AND (id <= 7913027))

Threads started!

Warming up for 5 seconds...

SQL statistics:
    queries performed:
        read:                            89891641
        write:                           0
        other:                           16343960
        total:                           106235601
    transactions:                        8172000 (12971.26 per sec.)
    queries:                             106235601 (168625.81 per sec.)
    ignored errors:                      0      (0.00 per sec.)
    reconnects:                          0      (0.00 per sec.)

Throughput:
    events/s (eps):                      12971.2649
    time elapsed:                        630.0080s
    total number of events:              8172000

Latency (ms):
         min:                                    0.52
         avg:                                    3.08
         max:                                   26.98
         95th percentile:                        3.25
         sum:                             25190728.23

Threads fairness:
    events (avg/stddev):           204299.7750/373.53
    execution time (avg/stddev):   629.7682/0.00

