LUA_PATH=/home/mdcallag/git/mytools/bench/sysbench.lua/lua/?.lua /home/mdcallag/git/mytools/bench/sysbench.lua/lua/sysbench --db-driver=pgsql --range-size=1000 --table-size=10000000 --tables=8 --threads=40 --events=0 --warmup-time=5 --time=630 --pgsql_conn_id=true /home/mdcallag/git/mytools/bench/sysbench.lua/lua/oltp_read_only_count.lua run --pgsql-user=root --pgsql-password=pw --pgsql-host=127.0.0.1 --pgsql-db=ib --rand-type=uniform --skip-trx
48 CPUs
sysbench 1.1.0-9072687 (using bundled LuaJIT 2.1.0-beta3)

Running the test with following options:
Number of threads: 40
Warmup time: 5s
Initializing random number generator from current time


Initializing worker threads...

for: count_ranges
table 1 : explain SELECT count(c) FROM sbtest1 WHERE id BETWEEN 2652727 AND 2653726
	Aggregate  (cost=4283.95..4283.96 rows=1 width=8)
	  ->  Bitmap Heap Scan on sbtest1  (cost=39.77..4281.18 rows=1106 width=121)
	        Recheck Cond: ((id >= 2652727) AND (id <= 2653726))
	        ->  Bitmap Index Scan on sbtest1_pkey  (cost=0.00..39.50 rows=1106 width=0)
	              Index Cond: ((id >= 2652727) AND (id <= 2653726))

table 2 : explain SELECT count(c) FROM sbtest2 WHERE id BETWEEN 7329702 AND 7330701
	Aggregate  (cost=4007.73..4007.74 rows=1 width=8)
	  ->  Bitmap Heap Scan on sbtest2  (cost=35.03..4005.14 rows=1034 width=121)
	        Recheck Cond: ((id >= 7329702) AND (id <= 7330701))
	        ->  Bitmap Index Scan on sbtest2_pkey  (cost=0.00..34.78 rows=1034 width=0)
	              Index Cond: ((id >= 7329702) AND (id <= 7330701))

table 3 : explain SELECT count(c) FROM sbtest3 WHERE id BETWEEN 6980695 AND 6981694
	Aggregate  (cost=3662.82..3662.83 rows=1 width=8)
	  ->  Bitmap Heap Scan on sbtest3  (cost=34.09..3660.47 rows=942 width=121)
	        Recheck Cond: ((id >= 6980695) AND (id <= 6981694))
	        ->  Bitmap Index Scan on sbtest3_pkey  (cost=0.00..33.86 rows=942 width=0)
	              Index Cond: ((id >= 6980695) AND (id <= 6981694))

table 4 : explain SELECT count(c) FROM sbtest4 WHERE id BETWEEN 2936903 AND 2937902
	Aggregate  (cost=3528.58..3528.59 rows=1 width=8)
	  ->  Bitmap Heap Scan on sbtest4  (cost=29.73..3526.31 rows=907 width=121)
	        Recheck Cond: ((id >= 2936903) AND (id <= 2937902))
	        ->  Bitmap Index Scan on sbtest4_pkey  (cost=0.00..29.50 rows=907 width=0)
	              Index Cond: ((id >= 2936903) AND (id <= 2937902))

table 5 : explain SELECT count(c) FROM sbtest5 WHERE id BETWEEN 1797983 AND 1798982
	Aggregate  (cost=4129.34..4129.35 rows=1 width=8)
	  ->  Bitmap Heap Scan on sbtest5  (cost=35.37..4126.67 rows=1067 width=121)
	        Recheck Cond: ((id >= 1797983) AND (id <= 1798982))
	        ->  Bitmap Index Scan on sbtest5_pkey  (cost=0.00..35.11 rows=1067 width=0)
	              Index Cond: ((id >= 1797983) AND (id <= 1798982))

table 6 : explain SELECT count(c) FROM sbtest6 WHERE id BETWEEN 9541364 AND 9542363
	Aggregate  (cost=3940.19..3940.20 rows=1 width=8)
	  ->  Bitmap Heap Scan on sbtest6  (cost=34.85..3937.65 rows=1016 width=121)
	        Recheck Cond: ((id >= 9541364) AND (id <= 9542363))
	        ->  Bitmap Index Scan on sbtest6_pkey  (cost=0.00..34.59 rows=1016 width=0)
	              Index Cond: ((id >= 9541364) AND (id <= 9542363))

table 7 : explain SELECT count(c) FROM sbtest7 WHERE id BETWEEN 348687 AND 349686
	Aggregate  (cost=3756.84..3756.85 rows=1 width=8)
	  ->  Bitmap Heap Scan on sbtest7  (cost=34.34..3754.43 rows=966 width=121)
	        Recheck Cond: ((id >= 348687) AND (id <= 349686))
	        ->  Bitmap Index Scan on sbtest7_pkey  (cost=0.00..34.09 rows=966 width=0)
	              Index Cond: ((id >= 348687) AND (id <= 349686))

table 8 : explain SELECT count(c) FROM sbtest8 WHERE id BETWEEN 9122586 AND 9123585
	Aggregate  (cost=4027.50..4027.51 rows=1 width=8)
	  ->  Bitmap Heap Scan on sbtest8  (cost=35.07..4024.91 rows=1038 width=121)
	        Recheck Cond: ((id >= 9122586) AND (id <= 9123585))
	        ->  Bitmap Index Scan on sbtest8_pkey  (cost=0.00..34.82 rows=1038 width=0)
	              Index Cond: ((id >= 9122586) AND (id <= 9123585))

for: count_ranges
table 1 : explain SELECT count(c) FROM sbtest1 WHERE id BETWEEN 8463940 AND 8464939
	Aggregate  (cost=3887.96..3887.97 rows=1 width=8)
	  ->  Bitmap Heap Scan on sbtest1  (cost=34.71..3885.45 rows=1002 width=121)
	        Recheck Cond: ((id >= 8463940) AND (id <= 8464939))
	        ->  Bitmap Index Scan on sbtest1_pkey  (cost=0.00..34.45 rows=1002 width=0)
	              Index Cond: ((id >= 8463940) AND (id <= 8464939))

table 2 : explain SELECT count(c) FROM sbtest2 WHERE id BETWEEN 6355348 AND 6356347
	Aggregate  (cost=4154.67..4154.68 rows=1 width=8)
	  ->  Bitmap Heap Scan on sbtest2  (cost=35.43..4151.99 rows=1073 width=121)
	        Recheck Cond: ((id >= 6355348) AND (id <= 6356347))
	        ->  Bitmap Index Scan on sbtest2_pkey  (cost=0.00..35.17 rows=1073 width=0)
	              Index Cond: ((id >= 6355348) AND (id <= 6356347))

table 3 : explain SELECT count(c) FROM sbtest3 WHERE id BETWEEN 659019 AND 660018
	Aggregate  (cost=3961.51..3961.52 rows=1 width=8)
	  ->  Bitmap Heap Scan on sbtest3  (cost=34.90..3958.96 rows=1021 width=121)
	        Recheck Cond: ((id >= 659019) AND (id <= 660018))
	        ->  Bitmap Index Scan on sbtest3_pkey  (cost=0.00..34.65 rows=1021 width=0)
	              Index Cond: ((id >= 659019) AND (id <= 660018))

table 4 : explain SELECT count(c) FROM sbtest4 WHERE id BETWEEN 8716182 AND 8717181
	Aggregate  (cost=3752.44..3752.45 rows=1 width=8)
	  ->  Bitmap Heap Scan on sbtest4  (cost=34.33..3750.02 rows=965 width=121)
	        Recheck Cond: ((id >= 8716182) AND (id <= 8717181))
	        ->  Bitmap Index Scan on sbtest4_pkey  (cost=0.00..34.09 rows=965 width=0)
	              Index Cond: ((id >= 8716182) AND (id <= 8717181))

table 5 : explain SELECT count(c) FROM sbtest5 WHERE id BETWEEN 9238129 AND 9239128
	Aggregate  (cost=3605.16..3605.17 rows=1 width=8)
	  ->  Bitmap Heap Scan on sbtest5  (cost=33.95..3602.84 rows=928 width=121)
	        Recheck Cond: ((id >= 9238129) AND (id <= 9239128))
	        ->  Bitmap Index Scan on sbtest5_pkey  (cost=0.00..33.72 rows=928 width=0)
	              Index Cond: ((id >= 9238129) AND (id <= 9239128))

table 6 : explain SELECT count(c) FROM sbtest6 WHERE id BETWEEN 1158476 AND 1159475
	Aggregate  (cost=3694.68..3694.69 rows=1 width=8)
	  ->  Bitmap Heap Scan on sbtest6  (cost=34.18..3692.30 rows=951 width=121)
	        Recheck Cond: ((id >= 1158476) AND (id <= 1159475))
	        ->  Bitmap Index Scan on sbtest6_pkey  (cost=0.00..33.95 rows=951 width=0)
	              Index Cond: ((id >= 1158476) AND (id <= 1159475))

table 7 : explain SELECT count(c) FROM sbtest7 WHERE id BETWEEN 1812048 AND 1813047
	Aggregate  (cost=4040.58..4040.59 rows=1 width=8)
	  ->  Bitmap Heap Scan on sbtest7  (cost=35.11..4037.97 rows=1041 width=121)
	        Recheck Cond: ((id >= 1812048) AND (id <= 1813047))
	        ->  Bitmap Index Scan on sbtest7_pkey  (cost=0.00..34.84 rows=1041 width=0)
	              Index Cond: ((id >= 1812048) AND (id <= 1813047))

table 8 : explain SELECT count(c) FROM sbtest8 WHERE id BETWEEN 3441129 AND 3442128
	Aggregate  (cost=3768.67..3768.68 rows=1 width=8)
	  ->  Index Scan using sbtest8_pkey on sbtest8  (cost=0.43..3766.27 rows=961 width=121)
	        Index Cond: ((id >= 3441129) AND (id <= 3442128))

for: count_ranges
table 1 : explain SELECT count(c) FROM sbtest1 WHERE id BETWEEN 3302305 AND 3303304
	Aggregate  (cost=3729.27..3729.28 rows=1 width=8)
	  ->  Bitmap Heap Scan on sbtest1  (cost=34.28..3726.87 rows=960 width=121)
	        Recheck Cond: ((id >= 3302305) AND (id <= 3303304))
	        ->  Bitmap Index Scan on sbtest1_pkey  (cost=0.00..34.04 rows=960 width=0)
	              Index Cond: ((id >= 3302305) AND (id <= 3303304))

table 2 : explain SELECT count(c) FROM sbtest2 WHERE id BETWEEN 6624385 AND 6625384
	Aggregate  (cost=4421.97..4421.98 rows=1 width=8)
	  ->  Bitmap Heap Scan on sbtest2  (cost=40.16..4419.11 rows=1144 width=121)
	        Recheck Cond: ((id >= 6624385) AND (id <= 6625384))
	        ->  Bitmap Index Scan on sbtest2_pkey  (cost=0.00..39.88 rows=1144 width=0)
	              Index Cond: ((id >= 6624385) AND (id <= 6625384))

table 3 : explain SELECT count(c) FROM sbtest3 WHERE id BETWEEN 6635542 AND 6636541
	Aggregate  (cost=3495.91..3495.92 rows=1 width=8)
	  ->  Bitmap Heap Scan on sbtest3  (cost=29.65..3493.66 rows=899 width=121)
	        Recheck Cond: ((id >= 6635542) AND (id <= 6636541))
	        ->  Bitmap Index Scan on sbtest3_pkey  (cost=0.00..29.43 rows=899 width=0)
	              Index Cond: ((id >= 6635542) AND (id <= 6636541))

table 4 : explain SELECT count(c) FROM sbtest4 WHERE id BETWEEN 6974324 AND 6975323
	Aggregate  (cost=3979.43..3979.44 rows=1 width=8)
	  ->  Bitmap Heap Scan on sbtest4  (cost=34.94..3976.87 rows=1025 width=121)
	        Recheck Cond: ((id >= 6974324) AND (id <= 6975323))
	        ->  Bitmap Index Scan on sbtest4_pkey  (cost=0.00..34.69 rows=1025 width=0)
	              Index Cond: ((id >= 6974324) AND (id <= 6975323))

table 5 : explain SELECT count(c) FROM sbtest5 WHERE id BETWEEN 1556583 AND 1557582
	Aggregate  (cost=3676.96..3676.97 rows=1 width=8)
	  ->  Bitmap Heap Scan on sbtest5  (cost=34.14..3674.59 rows=947 width=121)
	        Recheck Cond: ((id >= 1556583) AND (id <= 1557582))
	        ->  Bitmap Index Scan on sbtest5_pkey  (cost=0.00..33.91 rows=947 width=0)
	              Index Cond: ((id >= 1556583) AND (id <= 1557582))

table 6 : explain SELECT count(c) FROM sbtest6 WHERE id BETWEEN 1406202 AND 1407201
	Aggregate  (cost=4557.58..4557.59 rows=1 width=8)
	  ->  Bitmap Heap Scan on sbtest6  (cost=40.53..4554.63 rows=1180 width=121)
	        Recheck Cond: ((id >= 1406202) AND (id <= 1407201))
	        ->  Bitmap Index Scan on sbtest6_pkey  (cost=0.00..40.23 rows=1180 width=0)
	              Index Cond: ((id >= 1406202) AND (id <= 1407201))

table 7 : explain SELECT count(c) FROM sbtest7 WHERE id BETWEEN 7790116 AND 7791115
	Aggregate  (cost=4040.58..4040.59 rows=1 width=8)
	  ->  Bitmap Heap Scan on sbtest7  (cost=35.11..4037.97 rows=1041 width=121)
	        Recheck Cond: ((id >= 7790116) AND (id <= 7791115))
	        ->  Bitmap Index Scan on sbtest7_pkey  (cost=0.00..34.84 rows=1041 width=0)
	              Index Cond: ((id >= 7790116) AND (id <= 7791115))

table 8 : explain SELECT count(c) FROM sbtest8 WHERE id BETWEEN 1592001 AND 1593000
	Aggregate  (cost=3870.05..3870.06 rows=1 width=8)
	  ->  Index Scan using sbtest8_pkey on sbtest8  (cost=0.43..3867.58 rows=987 width=121)
	        Index Cond: ((id >= 1592001) AND (id <= 1593000))

for: count_ranges
table 1 : explain SELECT count(c) FROM sbtest1 WHERE id BETWEEN 2464652 AND 2465651
	Aggregate  (cost=3838.87..3838.88 rows=1 width=8)
	  ->  Bitmap Heap Scan on sbtest1  (cost=34.57..3836.39 rows=989 width=121)
	        Recheck Cond: ((id >= 2464652) AND (id <= 2465651))
	        ->  Bitmap Index Scan on sbtest1_pkey  (cost=0.00..34.33 rows=989 width=0)
	              Index Cond: ((id >= 2464652) AND (id <= 2465651))

table 2 : explain SELECT count(c) FROM sbtest2 WHERE id BETWEEN 7529264 AND 7530263
	Aggregate  (cost=3890.79..3890.80 rows=1 width=8)
	  ->  Bitmap Heap Scan on sbtest2  (cost=34.72..3888.29 rows=1003 width=121)
	        Recheck Cond: ((id >= 7529264) AND (id <= 7530263))
	        ->  Bitmap Index Scan on sbtest2_pkey  (cost=0.00..34.47 rows=1003 width=0)
	              Index Cond: ((id >= 7529264) AND (id <= 7530263))

table 3 : explain SELECT count(c) FROM sbtest3 WHERE id BETWEEN 2788525 AND 2789524
	Aggregate  (cost=4161.46..4161.47 rows=1 width=8)
	  ->  Bitmap Heap Scan on sbtest3  (cost=35.44..4158.78 rows=1074 width=121)
	        Recheck Cond: ((id >= 2788525) AND (id <= 2789524))
	        ->  Bitmap Index Scan on sbtest3_pkey  (cost=0.00..35.18 rows=1074 width=0)
	              Index Cond: ((id >= 2788525) AND (id <= 2789524))

table 4 : explain SELECT count(c) FROM sbtest4 WHERE id BETWEEN 800687 AND 801686
	Aggregate  (cost=3952.97..3952.98 rows=1 width=8)
	  ->  Bitmap Heap Scan on sbtest4  (cost=34.87..3950.42 rows=1018 width=121)
	        Recheck Cond: ((id >= 800687) AND (id <= 801686))
	        ->  Bitmap Index Scan on sbtest4_pkey  (cost=0.00..34.62 rows=1018 width=0)
	              Index Cond: ((id >= 800687) AND (id <= 801686))

table 5 : explain SELECT count(c) FROM sbtest5 WHERE id BETWEEN 2531222 AND 2532221
	Aggregate  (cost=3880.76..3880.77 rows=1 width=8)
	  ->  Bitmap Heap Scan on sbtest5  (cost=34.70..3878.26 rows=1001 width=121)
	        Recheck Cond: ((id >= 2531222) AND (id <= 2532221))
	        ->  Bitmap Index Scan on sbtest5_pkey  (cost=0.00..34.45 rows=1001 width=0)
	              Index Cond: ((id >= 2531222) AND (id <= 2532221))

table 6 : explain SELECT count(c) FROM sbtest6 WHERE id BETWEEN 3513464 AND 3514463
	Aggregate  (cost=3709.80..3709.81 rows=1 width=8)
	  ->  Bitmap Heap Scan on sbtest6  (cost=34.22..3707.42 rows=955 width=121)
	        Recheck Cond: ((id >= 3513464) AND (id <= 3514463))
	        ->  Bitmap Index Scan on sbtest6_pkey  (cost=0.00..33.98 rows=955 width=0)
	              Index Cond: ((id >= 3513464) AND (id <= 3514463))

table 7 : explain SELECT count(c) FROM sbtest7 WHERE id BETWEEN 5354343 AND 5355342
	Aggregate  (cost=3620.40..3620.41 rows=1 width=8)
	  ->  Bitmap Heap Scan on sbtest7  (cost=33.97..3618.08 rows=930 width=121)
	        Recheck Cond: ((id >= 5354343) AND (id <= 5355342))
	        ->  Bitmap Index Scan on sbtest7_pkey  (cost=0.00..33.73 rows=930 width=0)
	              Index Cond: ((id >= 5354343) AND (id <= 5355342))

table 8 : explain SELECT count(c) FROM sbtest8 WHERE id BETWEEN 5059304 AND 5060303
	Aggregate  (cost=3624.34..3624.35 rows=1 width=8)
	  ->  Index Scan using sbtest8_pkey on sbtest8  (cost=0.43..3622.03 rows=924 width=121)
	        Index Cond: ((id >= 5059304) AND (id <= 5060303))

for: count_ranges
table 1 : explain SELECT count(c) FROM sbtest1 WHERE id BETWEEN 184366 AND 185365
	Aggregate  (cost=3755.74..3755.75 rows=1 width=8)
	  ->  Bitmap Heap Scan on sbtest1  (cost=34.35..3753.32 rows=967 width=121)
	        Recheck Cond: ((id >= 184366) AND (id <= 185365))
	        ->  Bitmap Index Scan on sbtest1_pkey  (cost=0.00..34.11 rows=967 width=0)
	              Index Cond: ((id >= 184366) AND (id <= 185365))

table 2 : explain SELECT count(c) FROM sbtest2 WHERE id BETWEEN 7827224 AND 7828223
	Aggregate  (cost=4090.64..4090.65 rows=1 width=8)
	  ->  Bitmap Heap Scan on sbtest2  (cost=35.26..4088.00 rows=1056 width=121)
	        Recheck Cond: ((id >= 7827224) AND (id <= 7828223))
	        ->  Bitmap Index Scan on sbtest2_pkey  (cost=0.00..35.00 rows=1056 width=0)
	              Index Cond: ((id >= 7827224) AND (id <= 7828223))

table 3 : explain SELECT count(c) FROM sbtest3 WHERE id BETWEEN 3003204 AND 3004203
	Aggregate  (cost=3655.25..3655.26 rows=1 width=8)
	  ->  Bitmap Heap Scan on sbtest3  (cost=34.07..3652.90 rows=940 width=121)
	        Recheck Cond: ((id >= 3003204) AND (id <= 3004203))
	        ->  Bitmap Index Scan on sbtest3_pkey  (cost=0.00..33.84 rows=940 width=0)
	              Index Cond: ((id >= 3003204) AND (id <= 3004203))

table 4 : explain SELECT count(c) FROM sbtest4 WHERE id BETWEEN 923174 AND 924173
	Aggregate  (cost=3676.67..3676.68 rows=1 width=8)
	  ->  Bitmap Heap Scan on sbtest4  (cost=34.12..3674.31 rows=945 width=121)
	        Recheck Cond: ((id >= 923174) AND (id <= 924173))
	        ->  Bitmap Index Scan on sbtest4_pkey  (cost=0.00..33.89 rows=945 width=0)
	              Index Cond: ((id >= 923174) AND (id <= 924173))

table 5 : explain SELECT count(c) FROM sbtest5 WHERE id BETWEEN 8971615 AND 8972614
	Aggregate  (cost=4008.89..4008.90 rows=1 width=8)
	  ->  Bitmap Heap Scan on sbtest5  (cost=35.04..4006.30 rows=1035 width=121)
	        Recheck Cond: ((id >= 8971615) AND (id <= 8972614))
	        ->  Bitmap Index Scan on sbtest5_pkey  (cost=0.00..34.79 rows=1035 width=0)
	              Index Cond: ((id >= 8971615) AND (id <= 8972614))

table 6 : explain SELECT count(c) FROM sbtest6 WHERE id BETWEEN 1150537 AND 1151536
	Aggregate  (cost=3694.68..3694.69 rows=1 width=8)
	  ->  Bitmap Heap Scan on sbtest6  (cost=34.18..3692.30 rows=951 width=121)
	        Recheck Cond: ((id >= 1150537) AND (id <= 1151536))
	        ->  Bitmap Index Scan on sbtest6_pkey  (cost=0.00..33.95 rows=951 width=0)
	              Index Cond: ((id >= 1150537) AND (id <= 1151536))

table 7 : explain SELECT count(c) FROM sbtest7 WHERE id BETWEEN 7154058 AND 7155057
	Aggregate  (cost=4135.01..4135.02 rows=1 width=8)
	  ->  Bitmap Heap Scan on sbtest7  (cost=35.36..4132.34 rows=1066 width=121)
	        Recheck Cond: ((id >= 7154058) AND (id <= 7155057))
	        ->  Bitmap Index Scan on sbtest7_pkey  (cost=0.00..35.09 rows=1066 width=0)
	              Index Cond: ((id >= 7154058) AND (id <= 7155057))

table 8 : explain SELECT count(c) FROM sbtest8 WHERE id BETWEEN 6123648 AND 6124647
	Aggregate  (cost=3866.15..3866.16 rows=1 width=8)
	  ->  Index Scan using sbtest8_pkey on sbtest8  (cost=0.43..3863.68 rows=986 width=121)
	        Index Cond: ((id >= 6123648) AND (id <= 6124647))

for: count_ranges
table 1 : explain SELECT count(c) FROM sbtest1 WHERE id BETWEEN 8512730 AND 8513729
	Aggregate  (cost=3887.96..3887.97 rows=1 width=8)
	  ->  Bitmap Heap Scan on sbtest1  (cost=34.71..3885.45 rows=1002 width=121)
	        Recheck Cond: ((id >= 8512730) AND (id <= 8513729))
	        ->  Bitmap Index Scan on sbtest1_pkey  (cost=0.00..34.45 rows=1002 width=0)
	              Index Cond: ((id >= 8512730) AND (id <= 8513729))

table 2 : explain SELECT count(c) FROM sbtest2 WHERE id BETWEEN 6999202 AND 7000201
	Aggregate  (cost=3717.05..3717.06 rows=1 width=8)
	  ->  Bitmap Heap Scan on sbtest2  (cost=34.24..3714.66 rows=957 width=121)
	        Recheck Cond: ((id >= 6999202) AND (id <= 7000201))
	        ->  Bitmap Index Scan on sbtest2_pkey  (cost=0.00..34.01 rows=957 width=0)
	              Index Cond: ((id >= 6999202) AND (id <= 7000201))

table 3 : explain SELECT count(c) FROM sbtest3 WHERE id BETWEEN 1664523 AND 1665522
	Aggregate  (cost=3848.18..3848.19 rows=1 width=8)
	  ->  Bitmap Heap Scan on sbtest3  (cost=34.59..3845.70 rows=991 width=121)
	        Recheck Cond: ((id >= 1664523) AND (id <= 1665522))
	        ->  Bitmap Index Scan on sbtest3_pkey  (cost=0.00..34.34 rows=991 width=0)
	              Index Cond: ((id >= 1664523) AND (id <= 1665522))

table 4 : explain SELECT count(c) FROM sbtest4 WHERE id BETWEEN 4236116 AND 4237115
	Aggregate  (cost=3524.79..3524.80 rows=1 width=8)
	  ->  Bitmap Heap Scan on sbtest4  (cost=29.72..3522.52 rows=906 width=121)
	        Recheck Cond: ((id >= 4236116) AND (id <= 4237115))
	        ->  Bitmap Index Scan on sbtest4_pkey  (cost=0.00..29.50 rows=906 width=0)
	              Index Cond: ((id >= 4236116) AND (id <= 4237115))

table 5 : explain SELECT count(c) FROM sbtest5 WHERE id BETWEEN 7079358 AND 7080357
	Aggregate  (cost=4197.04..4197.05 rows=1 width=8)
	  ->  Bitmap Heap Scan on sbtest5  (cost=35.56..4194.33 rows=1085 width=121)
	        Recheck Cond: ((id >= 7079358) AND (id <= 7080357))
	        ->  Bitmap Index Scan on sbtest5_pkey  (cost=0.00..35.29 rows=1085 width=0)
	              Index Cond: ((id >= 7079358) AND (id <= 7080357))

table 6 : explain SELECT count(c) FROM sbtest6 WHERE id BETWEEN 5427263 AND 5428262
	Aggregate  (cost=3520.39..3520.40 rows=1 width=8)
	  ->  Bitmap Heap Scan on sbtest6  (cost=29.72..3518.13 rows=906 width=121)
	        Recheck Cond: ((id >= 5427263) AND (id <= 5428262))
	        ->  Bitmap Index Scan on sbtest6_pkey  (cost=0.00..29.50 rows=906 width=0)
	              Index Cond: ((id >= 5427263) AND (id <= 5428262))

table 7 : explain SELECT count(c) FROM sbtest7 WHERE id BETWEEN 9164922 AND 9165921
	Aggregate  (cost=3616.61..3616.62 rows=1 width=8)
	  ->  Bitmap Heap Scan on sbtest7  (cost=33.96..3614.29 rows=929 width=121)
	        Recheck Cond: ((id >= 9164922) AND (id <= 9165921))
	        ->  Bitmap Index Scan on sbtest7_pkey  (cost=0.00..33.73 rows=929 width=0)
	              Index Cond: ((id >= 9164922) AND (id <= 9165921))

table 8 : explain SELECT count(c) FROM sbtest8 WHERE id BETWEEN 903358 AND 904357
	Aggregate  (cost=3593.15..3593.16 rows=1 width=8)
	  ->  Index Scan using sbtest8_pkey on sbtest8  (cost=0.43..3590.86 rows=916 width=121)
	        Index Cond: ((id >= 903358) AND (id <= 904357))

for: count_ranges
table 1 : explain SELECT count(c) FROM sbtest1 WHERE id BETWEEN 9331663 AND 9332662
	Aggregate  (cost=3782.19..3782.20 rows=1 width=8)
	  ->  Bitmap Heap Scan on sbtest1  (cost=34.42..3779.76 rows=974 width=121)
	        Recheck Cond: ((id >= 9331663) AND (id <= 9332662))
	        ->  Bitmap Index Scan on sbtest1_pkey  (cost=0.00..34.18 rows=974 width=0)
	              Index Cond: ((id >= 9331663) AND (id <= 9332662))

table 2 : explain SELECT count(c) FROM sbtest2 WHERE id BETWEEN 9604285 AND 9605284
	Aggregate  (cost=3311.64..3311.65 rows=1 width=8)
	  ->  Bitmap Heap Scan on sbtest2  (cost=29.16..3309.51 rows=851 width=121)
	        Recheck Cond: ((id >= 9604285) AND (id <= 9605284))
	        ->  Bitmap Index Scan on sbtest2_pkey  (cost=0.00..28.94 rows=851 width=0)
	              Index Cond: ((id >= 9604285) AND (id <= 9605284))

table 3 : explain SELECT count(c) FROM sbtest3 WHERE id BETWEEN 1709345 AND 1710344
	Aggregate  (cost=4176.54..4176.55 rows=1 width=8)
	  ->  Bitmap Heap Scan on sbtest3  (cost=35.48..4173.84 rows=1078 width=121)
	        Recheck Cond: ((id >= 1709345) AND (id <= 1710344))
	        ->  Bitmap Index Scan on sbtest3_pkey  (cost=0.00..35.22 rows=1078 width=0)
	              Index Cond: ((id >= 1709345) AND (id <= 1710344))

table 4 : explain SELECT count(c) FROM sbtest4 WHERE id BETWEEN 9733776 AND 9734775
	Aggregate  (cost=3498.22..3498.23 rows=1 width=8)
	  ->  Bitmap Heap Scan on sbtest4  (cost=29.65..3495.98 rows=899 width=121)
	        Recheck Cond: ((id >= 9733776) AND (id <= 9734775))
	        ->  Bitmap Index Scan on sbtest4_pkey  (cost=0.00..29.43 rows=899 width=0)
	              Index Cond: ((id >= 9733776) AND (id <= 9734775))

table 5 : explain SELECT count(c) FROM sbtest5 WHERE id BETWEEN 4902398 AND 4903397
	Aggregate  (cost=3850.59..3850.60 rows=1 width=8)
	  ->  Bitmap Heap Scan on sbtest5  (cost=34.61..3848.11 rows=993 width=121)
	        Recheck Cond: ((id >= 4902398) AND (id <= 4903397))
	        ->  Bitmap Index Scan on sbtest5_pkey  (cost=0.00..34.37 rows=993 width=0)
	              Index Cond: ((id >= 4902398) AND (id <= 4903397))

table 6 : explain SELECT count(c) FROM sbtest6 WHERE id BETWEEN 9133217 AND 9134216
	Aggregate  (cost=3966.60..3966.61 rows=1 width=8)
	  ->  Bitmap Heap Scan on sbtest6  (cost=34.92..3964.04 rows=1023 width=121)
	        Recheck Cond: ((id >= 9133217) AND (id <= 9134216))
	        ->  Bitmap Index Scan on sbtest6_pkey  (cost=0.00..34.67 rows=1023 width=0)
	              Index Cond: ((id >= 9133217) AND (id <= 9134216))

table 7 : explain SELECT count(c) FROM sbtest7 WHERE id BETWEEN 1596151 AND 1597150
	Aggregate  (cost=4014.12..4014.13 rows=1 width=8)
	  ->  Bitmap Heap Scan on sbtest7  (cost=35.03..4011.54 rows=1034 width=121)
	        Recheck Cond: ((id >= 1596151) AND (id <= 1597150))
	        ->  Bitmap Index Scan on sbtest7_pkey  (cost=0.00..34.78 rows=1034 width=0)
	              Index Cond: ((id >= 1596151) AND (id <= 1597150))

table 8 : explain SELECT count(c) FROM sbtest8 WHERE id BETWEEN 4541279 AND 4542278
	Aggregate  (cost=4057.71..4057.72 rows=1 width=8)
	  ->  Bitmap Heap Scan on sbtest8  (cost=35.16..4055.10 rows=1046 width=121)
	        Recheck Cond: ((id >= 4541279) AND (id <= 4542278))
	        ->  Bitmap Index Scan on sbtest8_pkey  (cost=0.00..34.90 rows=1046 width=0)
	              Index Cond: ((id >= 4541279) AND (id <= 4542278))

for: count_ranges
table 1 : explain SELECT count(c) FROM sbtest1 WHERE id BETWEEN 9712998 AND 9713997
	Aggregate  (cost=3891.73..3891.74 rows=1 width=8)
	  ->  Bitmap Heap Scan on sbtest1  (cost=34.72..3889.23 rows=1003 width=121)
	        Recheck Cond: ((id >= 9712998) AND (id <= 9713997))
	        ->  Bitmap Index Scan on sbtest1_pkey  (cost=0.00..34.47 rows=1003 width=0)
	              Index Cond: ((id >= 9712998) AND (id <= 9713997))

table 2 : explain SELECT count(c) FROM sbtest2 WHERE id BETWEEN 2265864 AND 2266863
	Aggregate  (cost=3815.29..3815.30 rows=1 width=8)
	  ->  Bitmap Heap Scan on sbtest2  (cost=34.51..3812.83 rows=983 width=121)
	        Recheck Cond: ((id >= 2265864) AND (id <= 2266863))
	        ->  Bitmap Index Scan on sbtest2_pkey  (cost=0.00..34.27 rows=983 width=0)
	              Index Cond: ((id >= 2265864) AND (id <= 2266863))

table 3 : explain SELECT count(c) FROM sbtest3 WHERE id BETWEEN 5371301 AND 5372300
	Aggregate  (cost=3787.69..3787.70 rows=1 width=8)
	  ->  Bitmap Heap Scan on sbtest3  (cost=34.43..3785.25 rows=975 width=121)
	        Recheck Cond: ((id >= 5371301) AND (id <= 5372300))
	        ->  Bitmap Index Scan on sbtest3_pkey  (cost=0.00..34.19 rows=975 width=0)
	              Index Cond: ((id >= 5371301) AND (id <= 5372300))

table 4 : explain SELECT count(c) FROM sbtest4 WHERE id BETWEEN 6211907 AND 6212906
	Aggregate  (cost=3642.56..3642.57 rows=1 width=8)
	  ->  Bitmap Heap Scan on sbtest4  (cost=34.03..3640.22 rows=936 width=121)
	        Recheck Cond: ((id >= 6211907) AND (id <= 6212906))
	        ->  Bitmap Index Scan on sbtest4_pkey  (cost=0.00..33.80 rows=936 width=0)
	              Index Cond: ((id >= 6211907) AND (id <= 6212906))

table 5 : explain SELECT count(c) FROM sbtest5 WHERE id BETWEEN 3159891 AND 3160890
	Aggregate  (cost=4005.12..4005.13 rows=1 width=8)
	  ->  Bitmap Heap Scan on sbtest5  (cost=35.03..4002.54 rows=1034 width=121)
	        Recheck Cond: ((id >= 3159891) AND (id <= 3160890))
	        ->  Bitmap Index Scan on sbtest5_pkey  (cost=0.00..34.78 rows=1034 width=0)
	              Index Cond: ((id >= 3159891) AND (id <= 3160890))

table 6 : explain SELECT count(c) FROM sbtest6 WHERE id BETWEEN 6923472 AND 6924471
	Aggregate  (cost=4023.16..4023.17 rows=1 width=8)
	  ->  Bitmap Heap Scan on sbtest6  (cost=35.07..4020.57 rows=1038 width=121)
	        Recheck Cond: ((id >= 6923472) AND (id <= 6924471))
	        ->  Bitmap Index Scan on sbtest6_pkey  (cost=0.00..34.82 rows=1038 width=0)
	              Index Cond: ((id >= 6923472) AND (id <= 6924471))

table 7 : explain SELECT count(c) FROM sbtest7 WHERE id BETWEEN 1210035 AND 1211034
	Aggregate  (cost=3422.83..3422.84 rows=1 width=8)
	  ->  Bitmap Heap Scan on sbtest7  (cost=29.44..3420.63 rows=879 width=121)
	        Recheck Cond: ((id >= 1210035) AND (id <= 1211034))
	        ->  Bitmap Index Scan on sbtest7_pkey  (cost=0.00..29.22 rows=879 width=0)
	              Index Cond: ((id >= 1210035) AND (id <= 1211034))

table 8 : explain SELECT count(c) FROM sbtest8 WHERE id BETWEEN 5744276 AND 5745275
	Aggregate  (cost=4144.52..4144.53 rows=1 width=8)
	  ->  Bitmap Heap Scan on sbtest8  (cost=35.39..4141.84 rows=1069 width=121)
	        Recheck Cond: ((id >= 5744276) AND (id <= 5745275))
	        ->  Bitmap Index Scan on sbtest8_pkey  (cost=0.00..35.12 rows=1069 width=0)
	              Index Cond: ((id >= 5744276) AND (id <= 5745275))

for: count_ranges
table 1 : explain SELECT count(c) FROM sbtest1 WHERE id BETWEEN 5287868 AND 5288867
	Aggregate  (cost=3846.42..3846.43 rows=1 width=8)
	  ->  Bitmap Heap Scan on sbtest1  (cost=34.59..3843.94 rows=991 width=121)
	        Recheck Cond: ((id >= 5287868) AND (id <= 5288867))
	        ->  Bitmap Index Scan on sbtest1_pkey  (cost=0.00..34.34 rows=991 width=0)
	              Index Cond: ((id >= 5287868) AND (id <= 5288867))

table 2 : explain SELECT count(c) FROM sbtest2 WHERE id BETWEEN 4843397 AND 4844396
	Aggregate  (cost=3853.05..3853.06 rows=1 width=8)
	  ->  Bitmap Heap Scan on sbtest2  (cost=34.61..3850.56 rows=993 width=121)
	        Recheck Cond: ((id >= 4843397) AND (id <= 4844396))
	        ->  Bitmap Index Scan on sbtest2_pkey  (cost=0.00..34.37 rows=993 width=0)
	              Index Cond: ((id >= 4843397) AND (id <= 4844396))

table 3 : explain SELECT count(c) FROM sbtest3 WHERE id BETWEEN 7308533 AND 7309532
	Aggregate  (cost=3897.30..3897.31 rows=1 width=8)
	  ->  Bitmap Heap Scan on sbtest3  (cost=34.73..3894.79 rows=1004 width=121)
	        Recheck Cond: ((id >= 7308533) AND (id <= 7309532))
	        ->  Bitmap Index Scan on sbtest3_pkey  (cost=0.00..34.48 rows=1004 width=0)
	              Index Cond: ((id >= 7308533) AND (id <= 7309532))

table 4 : explain SELECT count(c) FROM sbtest4 WHERE id BETWEEN 2595020 AND 2596019
	Aggregate  (cost=3847.07..3847.08 rows=1 width=8)
	  ->  Bitmap Heap Scan on sbtest4  (cost=34.58..3844.59 rows=990 width=121)
	        Recheck Cond: ((id >= 2595020) AND (id <= 2596019))
	        ->  Bitmap Index Scan on sbtest4_pkey  (cost=0.00..34.34 rows=990 width=0)
	              Index Cond: ((id >= 2595020) AND (id <= 2596019))

table 5 : explain SELECT count(c) FROM sbtest5 WHERE id BETWEEN 9391710 AND 9392709
	Aggregate  (cost=3703.40..3703.41 rows=1 width=8)
	  ->  Bitmap Heap Scan on sbtest5  (cost=34.21..3701.02 rows=954 width=121)
	        Recheck Cond: ((id >= 9391710) AND (id <= 9392709))
	        ->  Bitmap Index Scan on sbtest5_pkey  (cost=0.00..33.98 rows=954 width=0)
	              Index Cond: ((id >= 9391710) AND (id <= 9392709))

table 6 : explain SELECT count(c) FROM sbtest6 WHERE id BETWEEN 9016612 AND 9017611
	Aggregate  (cost=3819.39..3819.40 rows=1 width=8)
	  ->  Bitmap Heap Scan on sbtest6  (cost=34.52..3816.93 rows=984 width=121)
	        Recheck Cond: ((id >= 9016612) AND (id <= 9017611))
	        ->  Bitmap Index Scan on sbtest6_pkey  (cost=0.00..34.28 rows=984 width=0)
	              Index Cond: ((id >= 9016612) AND (id <= 9017611))

table 7 : explain SELECT count(c) FROM sbtest7 WHERE id BETWEEN 9414398 AND 9415397
	Aggregate  (cost=3987.67..3987.68 rows=1 width=8)
	  ->  Bitmap Heap Scan on sbtest7  (cost=34.96..3985.10 rows=1027 width=121)
	        Recheck Cond: ((id >= 9414398) AND (id <= 9415397))
	        ->  Bitmap Index Scan on sbtest7_pkey  (cost=0.00..34.70 rows=1027 width=0)
	              Index Cond: ((id >= 9414398) AND (id <= 9415397))

table 8 : explain SELECT count(c) FROM sbtest8 WHERE id BETWEEN 4542830 AND 4543829
	Aggregate  (cost=4057.71..4057.72 rows=1 width=8)
	  ->  Bitmap Heap Scan on sbtest8  (cost=35.16..4055.10 rows=1046 width=121)
	        Recheck Cond: ((id >= 4542830) AND (id <= 4543829))
	        ->  Bitmap Index Scan on sbtest8_pkey  (cost=0.00..34.90 rows=1046 width=0)
	              Index Cond: ((id >= 4542830) AND (id <= 4543829))

for: count_ranges
table 1 : explain SELECT count(c) FROM sbtest1 WHERE id BETWEEN 2116794 AND 2117793
	Aggregate  (cost=4053.96..4053.97 rows=1 width=8)
	  ->  Bitmap Heap Scan on sbtest1  (cost=35.16..4051.35 rows=1046 width=121)
	        Recheck Cond: ((id >= 2116794) AND (id <= 2117793))
	        ->  Bitmap Index Scan on sbtest1_pkey  (cost=0.00..34.90 rows=1046 width=0)
	              Index Cond: ((id >= 2116794) AND (id <= 2117793))

table 2 : explain SELECT count(c) FROM sbtest2 WHERE id BETWEEN 9378568 AND 9379567
	Aggregate  (cost=3531.46..3531.47 rows=1 width=8)
	  ->  Bitmap Heap Scan on sbtest2  (cost=29.75..3529.19 rows=909 width=121)
	        Recheck Cond: ((id >= 9378568) AND (id <= 9379567))
	        ->  Bitmap Index Scan on sbtest2_pkey  (cost=0.00..29.52 rows=909 width=0)
	              Index Cond: ((id >= 9378568) AND (id <= 9379567))

table 3 : explain SELECT count(c) FROM sbtest3 WHERE id BETWEEN 6140270 AND 6141269
	Aggregate  (cost=3874.63..3874.64 rows=1 width=8)
	  ->  Bitmap Heap Scan on sbtest3  (cost=34.66..3872.14 rows=998 width=121)
	        Recheck Cond: ((id >= 6140270) AND (id <= 6141269))
	        ->  Bitmap Index Scan on sbtest3_pkey  (cost=0.00..34.42 rows=998 width=0)
	              Index Cond: ((id >= 6140270) AND (id <= 6141269))

table 4 : explain SELECT count(c) FROM sbtest4 WHERE id BETWEEN 1880781 AND 1881780
	Aggregate  (cost=4047.44..4047.45 rows=1 width=8)
	  ->  Bitmap Heap Scan on sbtest4  (cost=35.13..4044.83 rows=1043 width=121)
	        Recheck Cond: ((id >= 1880781) AND (id <= 1881780))
	        ->  Bitmap Index Scan on sbtest4_pkey  (cost=0.00..34.87 rows=1043 width=0)
	              Index Cond: ((id >= 1880781) AND (id <= 1881780))

table 5 : explain SELECT count(c) FROM sbtest5 WHERE id BETWEEN 8512648 AND 8513647
	Aggregate  (cost=3726.06..3726.07 rows=1 width=8)
	  ->  Bitmap Heap Scan on sbtest5  (cost=34.28..3723.66 rows=960 width=121)
	        Recheck Cond: ((id >= 8512648) AND (id <= 8513647))
	        ->  Bitmap Index Scan on sbtest5_pkey  (cost=0.00..34.04 rows=960 width=0)
	              Index Cond: ((id >= 8512648) AND (id <= 8513647))

table 6 : explain SELECT count(c) FROM sbtest6 WHERE id BETWEEN 6818956 AND 6819955
	Aggregate  (cost=3993.00..3993.01 rows=1 width=8)
	  ->  Bitmap Heap Scan on sbtest6  (cost=34.99..3990.42 rows=1030 width=121)
	        Recheck Cond: ((id >= 6818956) AND (id <= 6819955))
	        ->  Bitmap Index Scan on sbtest6_pkey  (cost=0.00..34.73 rows=1030 width=0)
	              Index Cond: ((id >= 6818956) AND (id <= 6819955))

table 7 : explain SELECT count(c) FROM sbtest7 WHERE id BETWEEN 6512603 AND 6513602
	Aggregate  (cost=4455.75..4455.76 rows=1 width=8)
	  ->  Bitmap Heap Scan on sbtest7  (cost=40.22..4452.87 rows=1150 width=121)
	        Recheck Cond: ((id >= 6512603) AND (id <= 6513602))
	        ->  Bitmap Index Scan on sbtest7_pkey  (cost=0.00..39.94 rows=1150 width=0)
	              Index Cond: ((id >= 6512603) AND (id <= 6513602))

table 8 : explain SELECT count(c) FROM sbtest8 WHERE id BETWEEN 755224 AND 756223
	Aggregate  (cost=3585.35..3585.36 rows=1 width=8)
	  ->  Index Scan using sbtest8_pkey on sbtest8  (cost=0.43..3583.07 rows=914 width=121)
	        Index Cond: ((id >= 755224) AND (id <= 756223))

for: count_ranges
table 1 : explain SELECT count(c) FROM sbtest1 WHERE id BETWEEN 2704332 AND 2705331
	Aggregate  (cost=3940.81..3940.82 rows=1 width=8)
	  ->  Bitmap Heap Scan on sbtest1  (cost=34.85..3938.27 rows=1016 width=121)
	        Recheck Cond: ((id >= 2704332) AND (id <= 2705331))
	        ->  Bitmap Index Scan on sbtest1_pkey  (cost=0.00..34.59 rows=1016 width=0)
	              Index Cond: ((id >= 2704332) AND (id <= 2705331))

table 2 : explain SELECT count(c) FROM sbtest2 WHERE id BETWEEN 4607293 AND 4608292
	Aggregate  (cost=3932.30..3932.31 rows=1 width=8)
	  ->  Bitmap Heap Scan on sbtest2  (cost=34.83..3929.77 rows=1014 width=121)
	        Recheck Cond: ((id >= 4607293) AND (id <= 4608292))
	        ->  Bitmap Index Scan on sbtest2_pkey  (cost=0.00..34.58 rows=1014 width=0)
	              Index Cond: ((id >= 4607293) AND (id <= 4608292))

table 3 : explain SELECT count(c) FROM sbtest3 WHERE id BETWEEN 37152 AND 38151
	Aggregate  (cost=3904.86..3904.87 rows=1 width=8)
	  ->  Bitmap Heap Scan on sbtest3  (cost=34.75..3902.34 rows=1006 width=121)
	        Recheck Cond: ((id >= 37152) AND (id <= 38151))
	        ->  Bitmap Index Scan on sbtest3_pkey  (cost=0.00..34.50 rows=1006 width=0)
	              Index Cond: ((id >= 37152) AND (id <= 38151))

table 4 : explain SELECT count(c) FROM sbtest4 WHERE id BETWEEN 4799214 AND 4800213
	Aggregate  (cost=3778.94..3778.95 rows=1 width=8)
	  ->  Bitmap Heap Scan on sbtest4  (cost=34.40..3776.51 rows=972 width=121)
	        Recheck Cond: ((id >= 4799214) AND (id <= 4800213))
	        ->  Bitmap Index Scan on sbtest4_pkey  (cost=0.00..34.16 rows=972 width=0)
	              Index Cond: ((id >= 4799214) AND (id <= 4800213))

table 5 : explain SELECT count(c) FROM sbtest5 WHERE id BETWEEN 7416001 AND 7417000
	Aggregate  (cost=3563.57..3563.58 rows=1 width=8)
	  ->  Bitmap Heap Scan on sbtest5  (cost=33.83..3561.28 rows=917 width=121)
	        Recheck Cond: ((id >= 7416001) AND (id <= 7417000))
	        ->  Bitmap Index Scan on sbtest5_pkey  (cost=0.00..33.61 rows=917 width=0)
	              Index Cond: ((id >= 7416001) AND (id <= 7417000))

table 6 : explain SELECT count(c) FROM sbtest6 WHERE id BETWEEN 3604425 AND 3605424
	Aggregate  (cost=4121.14..4121.15 rows=1 width=8)
	  ->  Bitmap Heap Scan on sbtest6  (cost=35.34..4118.48 rows=1064 width=121)
	        Recheck Cond: ((id >= 3604425) AND (id <= 3605424))
	        ->  Bitmap Index Scan on sbtest6_pkey  (cost=0.00..35.08 rows=1064 width=0)
	              Index Cond: ((id >= 3604425) AND (id <= 3605424))

table 7 : explain SELECT count(c) FROM sbtest7 WHERE id BETWEEN 974955 AND 975954
	Aggregate  (cost=3639.36..3639.37 rows=1 width=8)
	  ->  Bitmap Heap Scan on sbtest7  (cost=34.02..3637.02 rows=935 width=121)
	        Recheck Cond: ((id >= 974955) AND (id <= 975954))
	        ->  Bitmap Index Scan on sbtest7_pkey  (cost=0.00..33.79 rows=935 width=0)
	              Index Cond: ((id >= 974955) AND (id <= 975954))

table 8 : explain SELECT count(c) FROM sbtest8 WHERE id BETWEEN 5604172 AND 5605171
	Aggregate  (cost=4314.40..4314.41 rows=1 width=8)
	  ->  Bitmap Heap Scan on sbtest8  (cost=39.84..4311.62 rows=1113 width=121)
	        Recheck Cond: ((id >= 5604172) AND (id <= 5605171))
	        ->  Bitmap Index Scan on sbtest8_pkey  (cost=0.00..39.57 rows=1113 width=0)
	              Index Cond: ((id >= 5604172) AND (id <= 5605171))

for: count_ranges
table 1 : explain SELECT count(c) FROM sbtest1 WHERE id BETWEEN 49776 AND 50775
	Aggregate  (cost=4106.73..4106.74 rows=1 width=8)
	  ->  Bitmap Heap Scan on sbtest1  (cost=35.30..4104.08 rows=1060 width=121)
	        Recheck Cond: ((id >= 49776) AND (id <= 50775))
	        ->  Bitmap Index Scan on sbtest1_pkey  (cost=0.00..35.04 rows=1060 width=0)
	              Index Cond: ((id >= 49776) AND (id <= 50775))

table 2 : explain SELECT count(c) FROM sbtest2 WHERE id BETWEEN 2244239 AND 2245238
	Aggregate  (cost=3815.29..3815.30 rows=1 width=8)
	  ->  Bitmap Heap Scan on sbtest2  (cost=34.51..3812.83 rows=983 width=121)
	        Recheck Cond: ((id >= 2244239) AND (id <= 2245238))
	        ->  Bitmap Index Scan on sbtest2_pkey  (cost=0.00..34.27 rows=983 width=0)
	              Index Cond: ((id >= 2244239) AND (id <= 2245238))

table 3 : explain SELECT count(c) FROM sbtest3 WHERE id BETWEEN 8925983 AND 8926982
	Aggregate  (cost=4462.90..4462.91 rows=1 width=8)
	  ->  Bitmap Heap Scan on sbtest3  (cost=40.26..4460.02 rows=1154 width=121)
	        Recheck Cond: ((id >= 8925983) AND (id <= 8926982))
	        ->  Bitmap Index Scan on sbtest3_pkey  (cost=0.00..39.98 rows=1154 width=0)
	              Index Cond: ((id >= 8925983) AND (id <= 8926982))

table 4 : explain SELECT count(c) FROM sbtest4 WHERE id BETWEEN 1960290 AND 1961289
	Aggregate  (cost=4070.10..4070.11 rows=1 width=8)
	  ->  Bitmap Heap Scan on sbtest4  (cost=35.19..4067.48 rows=1049 width=121)
	        Recheck Cond: ((id >= 1960290) AND (id <= 1961289))
	        ->  Bitmap Index Scan on sbtest4_pkey  (cost=0.00..34.93 rows=1049 width=0)
	              Index Cond: ((id >= 1960290) AND (id <= 1961289))

table 5 : explain SELECT count(c) FROM sbtest5 WHERE id BETWEEN 2923588 AND 2924587
	Aggregate  (cost=3861.91..3861.92 rows=1 width=8)
	  ->  Bitmap Heap Scan on sbtest5  (cost=34.64..3859.42 rows=996 width=121)
	        Recheck Cond: ((id >= 2923588) AND (id <= 2924587))
	        ->  Bitmap Index Scan on sbtest5_pkey  (cost=0.00..34.40 rows=996 width=0)
	              Index Cond: ((id >= 2923588) AND (id <= 2924587))

table 6 : explain SELECT count(c) FROM sbtest6 WHERE id BETWEEN 2277141 AND 2278140
	Aggregate  (cost=4230.33..4230.34 rows=1 width=8)
	  ->  Bitmap Heap Scan on sbtest6  (cost=35.64..4227.60 rows=1093 width=121)
	        Recheck Cond: ((id >= 2277141) AND (id <= 2278140))
	        ->  Bitmap Index Scan on sbtest6_pkey  (cost=0.00..35.37 rows=1093 width=0)
	              Index Cond: ((id >= 2277141) AND (id <= 2278140))

table 7 : explain SELECT count(c) FROM sbtest7 WHERE id BETWEEN 7770134 AND 7771133
	Aggregate  (cost=4040.58..4040.59 rows=1 width=8)
	  ->  Bitmap Heap Scan on sbtest7  (cost=35.11..4037.97 rows=1041 width=121)
	        Recheck Cond: ((id >= 7770134) AND (id <= 7771133))
	        ->  Bitmap Index Scan on sbtest7_pkey  (cost=0.00..34.84 rows=1041 width=0)
	              Index Cond: ((id >= 7770134) AND (id <= 7771133))

table 8 : explain SELECT count(c) FROM sbtest8 WHERE id BETWEEN 9378983 AND 9379982
	Aggregate  (cost=3776.47..3776.48 rows=1 width=8)
	  ->  Index Scan using sbtest8_pkey on sbtest8  (cost=0.43..3774.06 rows=963 width=121)
	        Index Cond: ((id >= 9378983) AND (id <= 9379982))

for: count_ranges
table 1 : explain SELECT count(c) FROM sbtest1 WHERE id BETWEEN 3373569 AND 3374568
	Aggregate  (cost=3872.86..3872.87 rows=1 width=8)
	  ->  Bitmap Heap Scan on sbtest1  (cost=34.66..3870.36 rows=998 width=121)
	        Recheck Cond: ((id >= 3373569) AND (id <= 3374568))
	        ->  Bitmap Index Scan on sbtest1_pkey  (cost=0.00..34.42 rows=998 width=0)
	              Index Cond: ((id >= 3373569) AND (id <= 3374568))

table 2 : explain SELECT count(c) FROM sbtest2 WHERE id BETWEEN 8761966 AND 8762965
	Aggregate  (cost=3667.90..3667.91 rows=1 width=8)
	  ->  Bitmap Heap Scan on sbtest2  (cost=34.11..3665.54 rows=944 width=121)
	        Recheck Cond: ((id >= 8761966) AND (id <= 8762965))
	        ->  Bitmap Index Scan on sbtest2_pkey  (cost=0.00..33.88 rows=944 width=0)
	              Index Cond: ((id >= 8761966) AND (id <= 8762965))

table 3 : explain SELECT count(c) FROM sbtest3 WHERE id BETWEEN 4746627 AND 4747626
	Aggregate  (cost=3704.46..3704.47 rows=1 width=8)
	  ->  Bitmap Heap Scan on sbtest3  (cost=34.20..3702.08 rows=953 width=121)
	        Recheck Cond: ((id >= 4746627) AND (id <= 4747626))
	        ->  Bitmap Index Scan on sbtest3_pkey  (cost=0.00..33.97 rows=953 width=0)
	              Index Cond: ((id >= 4746627) AND (id <= 4747626))

table 4 : explain SELECT count(c) FROM sbtest4 WHERE id BETWEEN 8493489 AND 8494488
	Aggregate  (cost=3820.58..3820.59 rows=1 width=8)
	  ->  Bitmap Heap Scan on sbtest4  (cost=34.51..3818.12 rows=983 width=121)
	        Recheck Cond: ((id >= 8493489) AND (id <= 8494488))
	        ->  Bitmap Index Scan on sbtest4_pkey  (cost=0.00..34.27 rows=983 width=0)
	              Index Cond: ((id >= 8493489) AND (id <= 8494488))

table 5 : explain SELECT count(c) FROM sbtest5 WHERE id BETWEEN 8853215 AND 8854214
	Aggregate  (cost=4219.60..4219.61 rows=1 width=8)
	  ->  Bitmap Heap Scan on sbtest5  (cost=35.62..4216.87 rows=1091 width=121)
	        Recheck Cond: ((id >= 8853215) AND (id <= 8854214))
	        ->  Bitmap Index Scan on sbtest5_pkey  (cost=0.00..35.34 rows=1091 width=0)
	              Index Cond: ((id >= 8853215) AND (id <= 8854214))

table 6 : explain SELECT count(c) FROM sbtest6 WHERE id BETWEEN 7612088 AND 7613087
	Aggregate  (cost=3936.42..3936.43 rows=1 width=8)
	  ->  Bitmap Heap Scan on sbtest6  (cost=34.84..3933.88 rows=1015 width=121)
	        Recheck Cond: ((id >= 7612088) AND (id <= 7613087))
	        ->  Bitmap Index Scan on sbtest6_pkey  (cost=0.00..34.59 rows=1015 width=0)
	              Index Cond: ((id >= 7612088) AND (id <= 7613087))

table 7 : explain SELECT count(c) FROM sbtest7 WHERE id BETWEEN 9403029 AND 9404028
	Aggregate  (cost=3987.67..3987.68 rows=1 width=8)
	  ->  Bitmap Heap Scan on sbtest7  (cost=34.96..3985.10 rows=1027 width=121)
	        Recheck Cond: ((id >= 9403029) AND (id <= 9404028))
	        ->  Bitmap Index Scan on sbtest7_pkey  (cost=0.00..34.70 rows=1027 width=0)
	              Index Cond: ((id >= 9403029) AND (id <= 9404028))

table 8 : explain SELECT count(c) FROM sbtest8 WHERE id BETWEEN 9761523 AND 9762522
	Aggregate  (cost=3374.64..3374.65 rows=1 width=8)
	  ->  Index Scan using sbtest8_pkey on sbtest8  (cost=0.43..3372.49 rows=861 width=121)
	        Index Cond: ((id >= 9761523) AND (id <= 9762522))

for: count_ranges
table 1 : explain SELECT count(c) FROM sbtest1 WHERE id BETWEEN 5840511 AND 5841510
	Aggregate  (cost=3891.73..3891.74 rows=1 width=8)
	  ->  Bitmap Heap Scan on sbtest1  (cost=34.72..3889.23 rows=1003 width=121)
	        Recheck Cond: ((id >= 5840511) AND (id <= 5841510))
	        ->  Bitmap Index Scan on sbtest1_pkey  (cost=0.00..34.47 rows=1003 width=0)
	              Index Cond: ((id >= 5840511) AND (id <= 5841510))

table 2 : explain SELECT count(c) FROM sbtest2 WHERE id BETWEEN 1602309 AND 1603308
	Aggregate  (cost=4083.11..4083.12 rows=1 width=8)
	  ->  Bitmap Heap Scan on sbtest2  (cost=35.24..4080.47 rows=1054 width=121)
	        Recheck Cond: ((id >= 1602309) AND (id <= 1603308))
	        ->  Bitmap Index Scan on sbtest2_pkey  (cost=0.00..34.98 rows=1054 width=0)
	              Index Cond: ((id >= 1602309) AND (id <= 1603308))

table 3 : explain SELECT count(c) FROM sbtest3 WHERE id BETWEEN 7829625 AND 7830624
	Aggregate  (cost=3454.20..3454.21 rows=1 width=8)
	  ->  Bitmap Heap Scan on sbtest3  (cost=29.54..3451.98 rows=888 width=121)
	        Recheck Cond: ((id >= 7829625) AND (id <= 7830624))
	        ->  Bitmap Index Scan on sbtest3_pkey  (cost=0.00..29.32 rows=888 width=0)
	              Index Cond: ((id >= 7829625) AND (id <= 7830624))

table 4 : explain SELECT count(c) FROM sbtest4 WHERE id BETWEEN 5510657 AND 5511656
	Aggregate  (cost=3975.65..3975.66 rows=1 width=8)
	  ->  Bitmap Heap Scan on sbtest4  (cost=34.93..3973.09 rows=1024 width=121)
	        Recheck Cond: ((id >= 5510657) AND (id <= 5511656))
	        ->  Bitmap Index Scan on sbtest4_pkey  (cost=0.00..34.68 rows=1024 width=0)
	              Index Cond: ((id >= 5510657) AND (id <= 5511656))

table 5 : explain SELECT count(c) FROM sbtest5 WHERE id BETWEEN 6674212 AND 6675211
	Aggregate  (cost=4016.42..4016.43 rows=1 width=8)
	  ->  Bitmap Heap Scan on sbtest5  (cost=35.06..4013.83 rows=1037 width=121)
	        Recheck Cond: ((id >= 6674212) AND (id <= 6675211))
	        ->  Bitmap Index Scan on sbtest5_pkey  (cost=0.00..34.81 rows=1037 width=0)
	              Index Cond: ((id >= 6674212) AND (id <= 6675211))

table 6 : explain SELECT count(c) FROM sbtest6 WHERE id BETWEEN 3501977 AND 3502976
	Aggregate  (cost=3709.80..3709.81 rows=1 width=8)
	  ->  Bitmap Heap Scan on sbtest6  (cost=34.22..3707.42 rows=955 width=121)
	        Recheck Cond: ((id >= 3501977) AND (id <= 3502976))
	        ->  Bitmap Index Scan on sbtest6_pkey  (cost=0.00..33.98 rows=955 width=0)
	              Index Cond: ((id >= 3501977) AND (id <= 3502976))

table 7 : explain SELECT count(c) FROM sbtest7 WHERE id BETWEEN 7286145 AND 7287144
	Aggregate  (cost=3658.32..3658.33 rows=1 width=8)
	  ->  Bitmap Heap Scan on sbtest7  (cost=34.07..3655.97 rows=940 width=121)
	        Recheck Cond: ((id >= 7286145) AND (id <= 7287144))
	        ->  Bitmap Index Scan on sbtest7_pkey  (cost=0.00..33.84 rows=940 width=0)
	              Index Cond: ((id >= 7286145) AND (id <= 7287144))

table 8 : explain SELECT count(c) FROM sbtest8 WHERE id BETWEEN 5641716 AND 5642715
	Aggregate  (cost=3526.74..3526.75 rows=1 width=8)
	  ->  Index Scan using sbtest8_pkey on sbtest8  (cost=0.43..3524.49 rows=900 width=121)
	        Index Cond: ((id >= 5641716) AND (id <= 5642715))

for: count_ranges
table 1 : explain SELECT count(c) FROM sbtest1 WHERE id BETWEEN 5262348 AND 5263347
	Aggregate  (cost=3872.86..3872.87 rows=1 width=8)
	  ->  Bitmap Heap Scan on sbtest1  (cost=34.66..3870.36 rows=998 width=121)
	        Recheck Cond: ((id >= 5262348) AND (id <= 5263347))
	        ->  Bitmap Index Scan on sbtest1_pkey  (cost=0.00..34.42 rows=998 width=0)
	              Index Cond: ((id >= 5262348) AND (id <= 5263347))

table 2 : explain SELECT count(c) FROM sbtest2 WHERE id BETWEEN 6623121 AND 6624120
	Aggregate  (cost=4421.97..4421.98 rows=1 width=8)
	  ->  Bitmap Heap Scan on sbtest2  (cost=40.16..4419.11 rows=1144 width=121)
	        Recheck Cond: ((id >= 6623121) AND (id <= 6624120))
	        ->  Bitmap Index Scan on sbtest2_pkey  (cost=0.00..39.88 rows=1144 width=0)
	              Index Cond: ((id >= 6623121) AND (id <= 6624120))

table 3 : explain SELECT count(c) FROM sbtest3 WHERE id BETWEEN 830810 AND 831809
	Aggregate  (cost=4112.45..4112.46 rows=1 width=8)
	  ->  Bitmap Heap Scan on sbtest3  (cost=35.31..4109.79 rows=1061 width=121)
	        Recheck Cond: ((id >= 830810) AND (id <= 831809))
	        ->  Bitmap Index Scan on sbtest3_pkey  (cost=0.00..35.05 rows=1061 width=0)
	              Index Cond: ((id >= 830810) AND (id <= 831809))

table 4 : explain SELECT count(c) FROM sbtest4 WHERE id BETWEEN 5453503 AND 5454502
	Aggregate  (cost=3771.37..3771.38 rows=1 width=8)
	  ->  Bitmap Heap Scan on sbtest4  (cost=34.38..3768.94 rows=970 width=121)
	        Recheck Cond: ((id >= 5453503) AND (id <= 5454502))
	        ->  Bitmap Index Scan on sbtest4_pkey  (cost=0.00..34.14 rows=970 width=0)
	              Index Cond: ((id >= 5453503) AND (id <= 5454502))

table 5 : explain SELECT count(c) FROM sbtest5 WHERE id BETWEEN 8706958 AND 8707957
	Aggregate  (cost=3752.49..3752.50 rows=1 width=8)
	  ->  Bitmap Heap Scan on sbtest5  (cost=34.35..3750.07 rows=967 width=121)
	        Recheck Cond: ((id >= 8706958) AND (id <= 8707957))
	        ->  Bitmap Index Scan on sbtest5_pkey  (cost=0.00..34.11 rows=967 width=0)
	              Index Cond: ((id >= 8706958) AND (id <= 8707957))

table 6 : explain SELECT count(c) FROM sbtest6 WHERE id BETWEEN 3453180 AND 3454179
	Aggregate  (cost=4403.60..4403.61 rows=1 width=8)
	  ->  Bitmap Heap Scan on sbtest6  (cost=40.11..4400.75 rows=1139 width=121)
	        Recheck Cond: ((id >= 3453180) AND (id <= 3454179))
	        ->  Bitmap Index Scan on sbtest6_pkey  (cost=0.00..39.83 rows=1139 width=0)
	              Index Cond: ((id >= 3453180) AND (id <= 3454179))

table 7 : explain SELECT count(c) FROM sbtest7 WHERE id BETWEEN 4947203 AND 4948202
	Aggregate  (cost=3881.77..3881.78 rows=1 width=8)
	  ->  Bitmap Heap Scan on sbtest7  (cost=34.67..3879.27 rows=999 width=121)
	        Recheck Cond: ((id >= 4947203) AND (id <= 4948202))
	        ->  Bitmap Index Scan on sbtest7_pkey  (cost=0.00..34.43 rows=999 width=0)
	              Index Cond: ((id >= 4947203) AND (id <= 4948202))

table 8 : explain SELECT count(c) FROM sbtest8 WHERE id BETWEEN 5080688 AND 5081687
	Aggregate  (cost=3624.34..3624.35 rows=1 width=8)
	  ->  Index Scan using sbtest8_pkey on sbtest8  (cost=0.43..3622.03 rows=924 width=121)
	        Index Cond: ((id >= 5080688) AND (id <= 5081687))

for: count_ranges
table 1 : explain SELECT count(c) FROM sbtest1 WHERE id BETWEEN 5826901 AND 5827900
	Aggregate  (cost=3891.73..3891.74 rows=1 width=8)
	  ->  Bitmap Heap Scan on sbtest1  (cost=34.72..3889.23 rows=1003 width=121)
	        Recheck Cond: ((id >= 5826901) AND (id <= 5827900))
	        ->  Bitmap Index Scan on sbtest1_pkey  (cost=0.00..34.47 rows=1003 width=0)
	              Index Cond: ((id >= 5826901) AND (id <= 5827900))

table 2 : explain SELECT count(c) FROM sbtest2 WHERE id BETWEEN 8141818 AND 8142817
	Aggregate  (cost=3947.39..3947.40 rows=1 width=8)
	  ->  Bitmap Heap Scan on sbtest2  (cost=34.87..3944.84 rows=1018 width=121)
	        Recheck Cond: ((id >= 8141818) AND (id <= 8142817))
	        ->  Bitmap Index Scan on sbtest2_pkey  (cost=0.00..34.62 rows=1018 width=0)
	              Index Cond: ((id >= 8141818) AND (id <= 8142817))

table 3 : explain SELECT count(c) FROM sbtest3 WHERE id BETWEEN 4778414 AND 4779413
	Aggregate  (cost=3704.46..3704.47 rows=1 width=8)
	  ->  Bitmap Heap Scan on sbtest3  (cost=34.20..3702.08 rows=953 width=121)
	        Recheck Cond: ((id >= 4778414) AND (id <= 4779413))
	        ->  Bitmap Index Scan on sbtest3_pkey  (cost=0.00..33.97 rows=953 width=0)
	              Index Cond: ((id >= 4778414) AND (id <= 4779413))

table 4 : explain SELECT count(c) FROM sbtest4 WHERE id BETWEEN 1370324 AND 1371323
	Aggregate  (cost=3971.87..3971.88 rows=1 width=8)
	  ->  Bitmap Heap Scan on sbtest4  (cost=34.92..3969.31 rows=1023 width=121)
	        Recheck Cond: ((id >= 1370324) AND (id <= 1371323))
	        ->  Bitmap Index Scan on sbtest4_pkey  (cost=0.00..34.67 rows=1023 width=0)
	              Index Cond: ((id >= 1370324) AND (id <= 1371323))

table 5 : explain SELECT count(c) FROM sbtest5 WHERE id BETWEEN 3257747 AND 3258746
	Aggregate  (cost=4125.58..4125.59 rows=1 width=8)
	  ->  Bitmap Heap Scan on sbtest5  (cost=35.36..4122.91 rows=1066 width=121)
	        Recheck Cond: ((id >= 3257747) AND (id <= 3258746))
	        ->  Bitmap Index Scan on sbtest5_pkey  (cost=0.00..35.09 rows=1066 width=0)
	              Index Cond: ((id >= 3257747) AND (id <= 3258746))

table 6 : explain SELECT count(c) FROM sbtest6 WHERE id BETWEEN 6865288 AND 6866287
	Aggregate  (cost=4350.94..4350.95 rows=1 width=8)
	  ->  Bitmap Heap Scan on sbtest6  (cost=39.96..4348.13 rows=1124 width=121)
	        Recheck Cond: ((id >= 6865288) AND (id <= 6866287))
	        ->  Bitmap Index Scan on sbtest6_pkey  (cost=0.00..39.68 rows=1124 width=0)
	              Index Cond: ((id >= 6865288) AND (id <= 6866287))

table 7 : explain SELECT count(c) FROM sbtest7 WHERE id BETWEEN 1314052 AND 1315051
	Aggregate  (cost=3809.86..3809.87 rows=1 width=8)
	  ->  Bitmap Heap Scan on sbtest7  (cost=34.48..3807.41 rows=980 width=121)
	        Recheck Cond: ((id >= 1314052) AND (id <= 1315051))
	        ->  Bitmap Index Scan on sbtest7_pkey  (cost=0.00..34.23 rows=980 width=0)
	              Index Cond: ((id >= 1314052) AND (id <= 1315051))

table 8 : explain SELECT count(c) FROM sbtest8 WHERE id BETWEEN 9545625 AND 9546624
	Aggregate  (cost=3737.45..3737.46 rows=1 width=8)
	  ->  Index Scan using sbtest8_pkey on sbtest8  (cost=0.43..3735.06 rows=953 width=121)
	        Index Cond: ((id >= 9545625) AND (id <= 9546624))

for: count_ranges
table 1 : explain SELECT count(c) FROM sbtest1 WHERE id BETWEEN 7628385 AND 7629384
	Aggregate  (cost=4038.88..4038.89 rows=1 width=8)
	  ->  Bitmap Heap Scan on sbtest1  (cost=35.12..4036.28 rows=1042 width=121)
	        Recheck Cond: ((id >= 7628385) AND (id <= 7629384))
	        ->  Bitmap Index Scan on sbtest1_pkey  (cost=0.00..34.86 rows=1042 width=0)
	              Index Cond: ((id >= 7628385) AND (id <= 7629384))

table 2 : explain SELECT count(c) FROM sbtest2 WHERE id BETWEEN 4790453 AND 4791452
	Aggregate  (cost=4045.42..4045.43 rows=1 width=8)
	  ->  Bitmap Heap Scan on sbtest2  (cost=35.14..4042.81 rows=1044 width=121)
	        Recheck Cond: ((id >= 4790453) AND (id <= 4791452))
	        ->  Bitmap Index Scan on sbtest2_pkey  (cost=0.00..34.88 rows=1044 width=0)
	              Index Cond: ((id >= 4790453) AND (id <= 4791452))

table 3 : explain SELECT count(c) FROM sbtest3 WHERE id BETWEEN 8912891 AND 8913890
	Aggregate  (cost=4462.90..4462.91 rows=1 width=8)
	  ->  Bitmap Heap Scan on sbtest3  (cost=40.26..4460.02 rows=1154 width=121)
	        Recheck Cond: ((id >= 8912891) AND (id <= 8913890))
	        ->  Bitmap Index Scan on sbtest3_pkey  (cost=0.00..39.98 rows=1154 width=0)
	              Index Cond: ((id >= 8912891) AND (id <= 8913890))

table 4 : explain SELECT count(c) FROM sbtest4 WHERE id BETWEEN 9500628 AND 9501627
	Aggregate  (cost=4017.22..4017.23 rows=1 width=8)
	  ->  Bitmap Heap Scan on sbtest4  (cost=35.04..4014.63 rows=1035 width=121)
	        Recheck Cond: ((id >= 9500628) AND (id <= 9501627))
	        ->  Bitmap Index Scan on sbtest4_pkey  (cost=0.00..34.79 rows=1035 width=0)
	              Index Cond: ((id >= 9500628) AND (id <= 9501627))

table 5 : explain SELECT count(c) FROM sbtest5 WHERE id BETWEEN 6016215 AND 6017214
	Aggregate  (cost=4144.39..4144.40 rows=1 width=8)
	  ->  Bitmap Heap Scan on sbtest5  (cost=35.41..4141.71 rows=1071 width=121)
	        Recheck Cond: ((id >= 6016215) AND (id <= 6017214))
	        ->  Bitmap Index Scan on sbtest5_pkey  (cost=0.00..35.15 rows=1071 width=0)
	              Index Cond: ((id >= 6016215) AND (id <= 6017214))

table 6 : explain SELECT count(c) FROM sbtest6 WHERE id BETWEEN 2608373 AND 2609372
	Aggregate  (cost=3951.51..3951.52 rows=1 width=8)
	  ->  Bitmap Heap Scan on sbtest6  (cost=34.88..3948.96 rows=1019 width=121)
	        Recheck Cond: ((id >= 2608373) AND (id <= 2609372))
	        ->  Bitmap Index Scan on sbtest6_pkey  (cost=0.00..34.62 rows=1019 width=0)
	              Index Cond: ((id >= 2608373) AND (id <= 2609372))

table 7 : explain SELECT count(c) FROM sbtest7 WHERE id BETWEEN 7387637 AND 7388636
	Aggregate  (cost=4017.90..4017.91 rows=1 width=8)
	  ->  Bitmap Heap Scan on sbtest7  (cost=35.04..4015.32 rows=1035 width=121)
	        Recheck Cond: ((id >= 7387637) AND (id <= 7388636))
	        ->  Bitmap Index Scan on sbtest7_pkey  (cost=0.00..34.79 rows=1035 width=0)
	              Index Cond: ((id >= 7387637) AND (id <= 7388636))

table 8 : explain SELECT count(c) FROM sbtest8 WHERE id BETWEEN 1327625 AND 1328624
	Aggregate  (cost=3998.75..3998.76 rows=1 width=8)
	  ->  Index Scan using sbtest8_pkey on sbtest8  (cost=0.43..3996.20 rows=1020 width=121)
	        Index Cond: ((id >= 1327625) AND (id <= 1328624))

for: count_ranges
table 1 : explain SELECT count(c) FROM sbtest1 WHERE id BETWEEN 2024477 AND 2025476
	Aggregate  (cost=3899.29..3899.30 rows=1 width=8)
	  ->  Bitmap Heap Scan on sbtest1  (cost=34.74..3896.77 rows=1005 width=121)
	        Recheck Cond: ((id >= 2024477) AND (id <= 2025476))
	        ->  Bitmap Index Scan on sbtest1_pkey  (cost=0.00..34.48 rows=1005 width=0)
	              Index Cond: ((id >= 2024477) AND (id <= 2025476))

table 2 : explain SELECT count(c) FROM sbtest2 WHERE id BETWEEN 7606369 AND 7607368
	Aggregate  (cost=4421.97..4421.98 rows=1 width=8)
	  ->  Bitmap Heap Scan on sbtest2  (cost=40.16..4419.11 rows=1144 width=121)
	        Recheck Cond: ((id >= 7606369) AND (id <= 7607368))
	        ->  Bitmap Index Scan on sbtest2_pkey  (cost=0.00..39.88 rows=1144 width=0)
	              Index Cond: ((id >= 7606369) AND (id <= 7607368))

table 3 : explain SELECT count(c) FROM sbtest3 WHERE id BETWEEN 4530653 AND 4531652
	Aggregate  (cost=3757.43..3757.44 rows=1 width=8)
	  ->  Bitmap Heap Scan on sbtest3  (cost=34.35..3755.01 rows=967 width=121)
	        Recheck Cond: ((id >= 4530653) AND (id <= 4531652))
	        ->  Bitmap Index Scan on sbtest3_pkey  (cost=0.00..34.11 rows=967 width=0)
	              Index Cond: ((id >= 4530653) AND (id <= 4531652))

table 4 : explain SELECT count(c) FROM sbtest4 WHERE id BETWEEN 3342379 AND 3343378
	Aggregate  (cost=3638.77..3638.78 rows=1 width=8)
	  ->  Bitmap Heap Scan on sbtest4  (cost=34.02..3636.43 rows=935 width=121)
	        Recheck Cond: ((id >= 3342379) AND (id <= 3343378))
	        ->  Bitmap Index Scan on sbtest4_pkey  (cost=0.00..33.79 rows=935 width=0)
	              Index Cond: ((id >= 3342379) AND (id <= 3343378))

table 5 : explain SELECT count(c) FROM sbtest5 WHERE id BETWEEN 4886369 AND 4887368
	Aggregate  (cost=3835.51..3835.52 rows=1 width=8)
	  ->  Bitmap Heap Scan on sbtest5  (cost=34.57..3833.03 rows=989 width=121)
	        Recheck Cond: ((id >= 4886369) AND (id <= 4887368))
	        ->  Bitmap Index Scan on sbtest5_pkey  (cost=0.00..34.33 rows=989 width=0)
	              Index Cond: ((id >= 4886369) AND (id <= 4887368))

table 6 : explain SELECT count(c) FROM sbtest6 WHERE id BETWEEN 2246027 AND 2247026
	Aggregate  (cost=4230.33..4230.34 rows=1 width=8)
	  ->  Bitmap Heap Scan on sbtest6  (cost=35.64..4227.60 rows=1093 width=121)
	        Recheck Cond: ((id >= 2246027) AND (id <= 2247026))
	        ->  Bitmap Index Scan on sbtest6_pkey  (cost=0.00..35.37 rows=1093 width=0)
	              Index Cond: ((id >= 2246027) AND (id <= 2247026))

table 7 : explain SELECT count(c) FROM sbtest7 WHERE id BETWEEN 2137325 AND 2138324
	Aggregate  (cost=3696.22..3696.23 rows=1 width=8)
	  ->  Bitmap Heap Scan on sbtest7  (cost=34.17..3693.85 rows=950 width=121)
	        Recheck Cond: ((id >= 2137325) AND (id <= 2138324))
	        ->  Bitmap Index Scan on sbtest7_pkey  (cost=0.00..33.94 rows=950 width=0)
	              Index Cond: ((id >= 2137325) AND (id <= 2138324))

table 8 : explain SELECT count(c) FROM sbtest8 WHERE id BETWEEN 8664187 AND 8665186
	Aggregate  (cost=4012.40..4012.41 rows=1 width=8)
	  ->  Bitmap Heap Scan on sbtest8  (cost=35.03..4009.81 rows=1034 width=121)
	        Recheck Cond: ((id >= 8664187) AND (id <= 8665186))
	        ->  Bitmap Index Scan on sbtest8_pkey  (cost=0.00..34.78 rows=1034 width=0)
	              Index Cond: ((id >= 8664187) AND (id <= 8665186))

for: count_ranges
table 1 : explain SELECT count(c) FROM sbtest1 WHERE id BETWEEN 9385926 AND 9386925
	Aggregate  (cost=3782.19..3782.20 rows=1 width=8)
	  ->  Bitmap Heap Scan on sbtest1  (cost=34.42..3779.76 rows=974 width=121)
	        Recheck Cond: ((id >= 9385926) AND (id <= 9386925))
	        ->  Bitmap Index Scan on sbtest1_pkey  (cost=0.00..34.18 rows=974 width=0)
	              Index Cond: ((id >= 9385926) AND (id <= 9386925))

table 2 : explain SELECT count(c) FROM sbtest2 WHERE id BETWEEN 1112333 AND 1113332
	Aggregate  (cost=3683.03..3683.04 rows=1 width=8)
	  ->  Bitmap Heap Scan on sbtest2  (cost=34.15..3680.66 rows=948 width=121)
	        Recheck Cond: ((id >= 1112333) AND (id <= 1113332))
	        ->  Bitmap Index Scan on sbtest2_pkey  (cost=0.00..33.92 rows=948 width=0)
	              Index Cond: ((id >= 1112333) AND (id <= 1113332))

table 3 : explain SELECT count(c) FROM sbtest3 WHERE id BETWEEN 4484370 AND 4485369
	Aggregate  (cost=3768.78..3768.79 rows=1 width=8)
	  ->  Bitmap Heap Scan on sbtest3  (cost=34.38..3766.35 rows=970 width=121)
	        Recheck Cond: ((id >= 4484370) AND (id <= 4485369))
	        ->  Bitmap Index Scan on sbtest3_pkey  (cost=0.00..34.14 rows=970 width=0)
	              Index Cond: ((id >= 4484370) AND (id <= 4485369))

table 4 : explain SELECT count(c) FROM sbtest4 WHERE id BETWEEN 4138390 AND 4139389
	Aggregate  (cost=3794.08..3794.09 rows=1 width=8)
	  ->  Bitmap Heap Scan on sbtest4  (cost=34.44..3791.64 rows=976 width=121)
	        Recheck Cond: ((id >= 4138390) AND (id <= 4139389))
	        ->  Bitmap Index Scan on sbtest4_pkey  (cost=0.00..34.20 rows=976 width=0)
	              Index Cond: ((id >= 4138390) AND (id <= 4139389))

table 5 : explain SELECT count(c) FROM sbtest5 WHERE id BETWEEN 815898 AND 816897
	Aggregate  (cost=3956.15..3956.16 rows=1 width=8)
	  ->  Bitmap Heap Scan on sbtest5  (cost=34.90..3953.59 rows=1021 width=121)
	        Recheck Cond: ((id >= 815898) AND (id <= 816897))
	        ->  Bitmap Index Scan on sbtest5_pkey  (cost=0.00..34.65 rows=1021 width=0)
	              Index Cond: ((id >= 815898) AND (id <= 816897))

table 6 : explain SELECT count(c) FROM sbtest6 WHERE id BETWEEN 8523316 AND 8524315
	Aggregate  (cost=3876.03..3876.04 rows=1 width=8)
	  ->  Bitmap Heap Scan on sbtest6  (cost=34.67..3873.53 rows=999 width=121)
	        Recheck Cond: ((id >= 8523316) AND (id <= 8524315))
	        ->  Bitmap Index Scan on sbtest6_pkey  (cost=0.00..34.43 rows=999 width=0)
	              Index Cond: ((id >= 8523316) AND (id <= 8524315))

table 7 : explain SELECT count(c) FROM sbtest7 WHERE id BETWEEN 7302191 AND 7303190
	Aggregate  (cost=3658.32..3658.33 rows=1 width=8)
	  ->  Bitmap Heap Scan on sbtest7  (cost=34.07..3655.97 rows=940 width=121)
	        Recheck Cond: ((id >= 7302191) AND (id <= 7303190))
	        ->  Bitmap Index Scan on sbtest7_pkey  (cost=0.00..33.84 rows=940 width=0)
	              Index Cond: ((id >= 7302191) AND (id <= 7303190))

table 8 : explain SELECT count(c) FROM sbtest8 WHERE id BETWEEN 5954724 AND 5955723
	Aggregate  (cost=3768.67..3768.68 rows=1 width=8)
	  ->  Index Scan using sbtest8_pkey on sbtest8  (cost=0.43..3766.27 rows=961 width=121)
	        Index Cond: ((id >= 5954724) AND (id <= 5955723))

for: count_ranges
table 1 : explain SELECT count(c) FROM sbtest1 WHERE id BETWEEN 8474707 AND 8475706
	Aggregate  (cost=3887.96..3887.97 rows=1 width=8)
	  ->  Bitmap Heap Scan on sbtest1  (cost=34.71..3885.45 rows=1002 width=121)
	        Recheck Cond: ((id >= 8474707) AND (id <= 8475706))
	        ->  Bitmap Index Scan on sbtest1_pkey  (cost=0.00..34.45 rows=1002 width=0)
	              Index Cond: ((id >= 8474707) AND (id <= 8475706))

table 2 : explain SELECT count(c) FROM sbtest2 WHERE id BETWEEN 4985220 AND 4986219
	Aggregate  (cost=3701.93..3701.94 rows=1 width=8)
	  ->  Bitmap Heap Scan on sbtest2  (cost=34.20..3699.55 rows=953 width=121)
	        Recheck Cond: ((id >= 4985220) AND (id <= 4986219))
	        ->  Bitmap Index Scan on sbtest2_pkey  (cost=0.00..33.97 rows=953 width=0)
	              Index Cond: ((id >= 4985220) AND (id <= 4986219))

table 3 : explain SELECT count(c) FROM sbtest3 WHERE id BETWEEN 5602375 AND 5603374
	Aggregate  (cost=4169.00..4169.01 rows=1 width=8)
	  ->  Bitmap Heap Scan on sbtest3  (cost=35.46..4166.31 rows=1076 width=121)
	        Recheck Cond: ((id >= 5602375) AND (id <= 5603374))
	        ->  Bitmap Index Scan on sbtest3_pkey  (cost=0.00..35.20 rows=1076 width=0)
	              Index Cond: ((id >= 5602375) AND (id <= 5603374))

table 4 : explain SELECT count(c) FROM sbtest4 WHERE id BETWEEN 3598877 AND 3599876
	Aggregate  (cost=3748.65..3748.66 rows=1 width=8)
	  ->  Bitmap Heap Scan on sbtest4  (cost=34.32..3746.24 rows=964 width=121)
	        Recheck Cond: ((id >= 3598877) AND (id <= 3599876))
	        ->  Bitmap Index Scan on sbtest4_pkey  (cost=0.00..34.08 rows=964 width=0)
	              Index Cond: ((id >= 3598877) AND (id <= 3599876))

table 5 : explain SELECT count(c) FROM sbtest5 WHERE id BETWEEN 2172382 AND 2173381
	Aggregate  (cost=3525.53..3525.54 rows=1 width=8)
	  ->  Bitmap Heap Scan on sbtest5  (cost=29.74..3523.26 rows=908 width=121)
	        Recheck Cond: ((id >= 2172382) AND (id <= 2173381))
	        ->  Bitmap Index Scan on sbtest5_pkey  (cost=0.00..29.51 rows=908 width=0)
	              Index Cond: ((id >= 2172382) AND (id <= 2173381))

table 6 : explain SELECT count(c) FROM sbtest6 WHERE id BETWEEN 4396268 AND 4397267
	Aggregate  (cost=4170.10..4170.11 rows=1 width=8)
	  ->  Bitmap Heap Scan on sbtest6  (cost=35.47..4167.41 rows=1077 width=121)
	        Recheck Cond: ((id >= 4396268) AND (id <= 4397267))
	        ->  Bitmap Index Scan on sbtest6_pkey  (cost=0.00..35.20 rows=1077 width=0)
	              Index Cond: ((id >= 4396268) AND (id <= 4397267))

table 7 : explain SELECT count(c) FROM sbtest7 WHERE id BETWEEN 6289102 AND 6290101
	Aggregate  (cost=4089.69..4089.70 rows=1 width=8)
	  ->  Bitmap Heap Scan on sbtest7  (cost=35.24..4087.05 rows=1054 width=121)
	        Recheck Cond: ((id >= 6289102) AND (id <= 6290101))
	        ->  Bitmap Index Scan on sbtest7_pkey  (cost=0.00..34.98 rows=1054 width=0)
	              Index Cond: ((id >= 6289102) AND (id <= 6290101))

table 8 : explain SELECT count(c) FROM sbtest8 WHERE id BETWEEN 867320 AND 868319
	Aggregate  (cost=3593.15..3593.16 rows=1 width=8)
	  ->  Index Scan using sbtest8_pkey on sbtest8  (cost=0.43..3590.86 rows=916 width=121)
	        Index Cond: ((id >= 867320) AND (id <= 868319))

for: count_ranges
table 1 : explain SELECT count(c) FROM sbtest1 WHERE id BETWEEN 7355830 AND 7356829
	Aggregate  (cost=3914.39..3914.40 rows=1 width=8)
	  ->  Bitmap Heap Scan on sbtest1  (cost=34.78..3911.86 rows=1009 width=121)
	        Recheck Cond: ((id >= 7355830) AND (id <= 7356829))
	        ->  Bitmap Index Scan on sbtest1_pkey  (cost=0.00..34.53 rows=1009 width=0)
	              Index Cond: ((id >= 7355830) AND (id <= 7356829))

table 2 : explain SELECT count(c) FROM sbtest2 WHERE id BETWEEN 4732998 AND 4733997
	Aggregate  (cost=3819.06..3819.07 rows=1 width=8)
	  ->  Bitmap Heap Scan on sbtest2  (cost=34.52..3816.60 rows=984 width=121)
	        Recheck Cond: ((id >= 4732998) AND (id <= 4733997))
	        ->  Bitmap Index Scan on sbtest2_pkey  (cost=0.00..34.28 rows=984 width=0)
	              Index Cond: ((id >= 4732998) AND (id <= 4733997))

table 3 : explain SELECT count(c) FROM sbtest3 WHERE id BETWEEN 7199459 AND 7200458
	Aggregate  (cost=3613.60..3613.61 rows=1 width=8)
	  ->  Bitmap Heap Scan on sbtest3  (cost=33.96..3611.27 rows=929 width=121)
	        Recheck Cond: ((id >= 7199459) AND (id <= 7200458))
	        ->  Bitmap Index Scan on sbtest3_pkey  (cost=0.00..33.73 rows=929 width=0)
	              Index Cond: ((id >= 7199459) AND (id <= 7200458))

table 4 : explain SELECT count(c) FROM sbtest4 WHERE id BETWEEN 6181178 AND 6182177
	Aggregate  (cost=3816.80..3816.81 rows=1 width=8)
	  ->  Bitmap Heap Scan on sbtest4  (cost=34.50..3814.34 rows=982 width=121)
	        Recheck Cond: ((id >= 6181178) AND (id <= 6182177))
	        ->  Bitmap Index Scan on sbtest4_pkey  (cost=0.00..34.26 rows=982 width=0)
	              Index Cond: ((id >= 6181178) AND (id <= 6182177))

table 5 : explain SELECT count(c) FROM sbtest5 WHERE id BETWEEN 2108854 AND 2109853
	Aggregate  (cost=3525.53..3525.54 rows=1 width=8)
	  ->  Bitmap Heap Scan on sbtest5  (cost=29.74..3523.26 rows=908 width=121)
	        Recheck Cond: ((id >= 2108854) AND (id <= 2109853))
	        ->  Bitmap Index Scan on sbtest5_pkey  (cost=0.00..29.51 rows=908 width=0)
	              Index Cond: ((id >= 2108854) AND (id <= 2109853))

table 6 : explain SELECT count(c) FROM sbtest6 WHERE id BETWEEN 1210569 AND 1211568
	Aggregate  (cost=3694.68..3694.69 rows=1 width=8)
	  ->  Bitmap Heap Scan on sbtest6  (cost=34.18..3692.30 rows=951 width=121)
	        Recheck Cond: ((id >= 1210569) AND (id <= 1211568))
	        ->  Bitmap Index Scan on sbtest6_pkey  (cost=0.00..33.95 rows=951 width=0)
	              Index Cond: ((id >= 1210569) AND (id <= 1211568))

table 7 : explain SELECT count(c) FROM sbtest7 WHERE id BETWEEN 3008523 AND 3009522
	Aggregate  (cost=3665.90..3665.91 rows=1 width=8)
	  ->  Bitmap Heap Scan on sbtest7  (cost=34.09..3663.54 rows=942 width=121)
	        Recheck Cond: ((id >= 3008523) AND (id <= 3009522))
	        ->  Bitmap Index Scan on sbtest7_pkey  (cost=0.00..33.86 rows=942 width=0)
	              Index Cond: ((id >= 3008523) AND (id <= 3009522))

table 8 : explain SELECT count(c) FROM sbtest8 WHERE id BETWEEN 9890576 AND 9891575
	Aggregate  (cost=4016.17..4016.18 rows=1 width=8)
	  ->  Bitmap Heap Scan on sbtest8  (cost=35.04..4013.59 rows=1035 width=121)
	        Recheck Cond: ((id >= 9890576) AND (id <= 9891575))
	        ->  Bitmap Index Scan on sbtest8_pkey  (cost=0.00..34.79 rows=1035 width=0)
	              Index Cond: ((id >= 9890576) AND (id <= 9891575))

for: count_ranges
table 1 : explain SELECT count(c) FROM sbtest1 WHERE id BETWEEN 9081187 AND 9082186
	Aggregate  (cost=3471.66..3471.67 rows=1 width=8)
	  ->  Bitmap Heap Scan on sbtest1  (cost=29.59..3469.43 rows=893 width=121)
	        Recheck Cond: ((id >= 9081187) AND (id <= 9082186))
	        ->  Bitmap Index Scan on sbtest1_pkey  (cost=0.00..29.36 rows=893 width=0)
	              Index Cond: ((id >= 9081187) AND (id <= 9082186))

table 2 : explain SELECT count(c) FROM sbtest2 WHERE id BETWEEN 8520377 AND 8521376
	Aggregate  (cost=3577.11..3577.12 rows=1 width=8)
	  ->  Bitmap Heap Scan on sbtest2  (cost=33.87..3574.81 rows=920 width=121)
	        Recheck Cond: ((id >= 8520377) AND (id <= 8521376))
	        ->  Bitmap Index Scan on sbtest2_pkey  (cost=0.00..33.64 rows=920 width=0)
	              Index Cond: ((id >= 8520377) AND (id <= 8521376))

table 3 : explain SELECT count(c) FROM sbtest3 WHERE id BETWEEN 3421355 AND 3422354
	Aggregate  (cost=3659.04..3659.05 rows=1 width=8)
	  ->  Bitmap Heap Scan on sbtest3  (cost=34.08..3656.68 rows=941 width=121)
	        Recheck Cond: ((id >= 3421355) AND (id <= 3422354))
	        ->  Bitmap Index Scan on sbtest3_pkey  (cost=0.00..33.84 rows=941 width=0)
	              Index Cond: ((id >= 3421355) AND (id <= 3422354))

table 4 : explain SELECT count(c) FROM sbtest4 WHERE id BETWEEN 3642561 AND 3643560
	Aggregate  (cost=3748.65..3748.66 rows=1 width=8)
	  ->  Bitmap Heap Scan on sbtest4  (cost=34.32..3746.24 rows=964 width=121)
	        Recheck Cond: ((id >= 3642561) AND (id <= 3643560))
	        ->  Bitmap Index Scan on sbtest4_pkey  (cost=0.00..34.08 rows=964 width=0)
	              Index Cond: ((id >= 3642561) AND (id <= 3643560))

table 5 : explain SELECT count(c) FROM sbtest5 WHERE id BETWEEN 2949837 AND 2950836
	Aggregate  (cost=3861.91..3861.92 rows=1 width=8)
	  ->  Bitmap Heap Scan on sbtest5  (cost=34.64..3859.42 rows=996 width=121)
	        Recheck Cond: ((id >= 2949837) AND (id <= 2950836))
	        ->  Bitmap Index Scan on sbtest5_pkey  (cost=0.00..34.40 rows=996 width=0)
	              Index Cond: ((id >= 2949837) AND (id <= 2950836))

table 6 : explain SELECT count(c) FROM sbtest6 WHERE id BETWEEN 232480 AND 233479
	Aggregate  (cost=3656.86..3656.87 rows=1 width=8)
	  ->  Bitmap Heap Scan on sbtest6  (cost=34.08..3654.51 rows=941 width=121)
	        Recheck Cond: ((id >= 232480) AND (id <= 233479))
	        ->  Bitmap Index Scan on sbtest6_pkey  (cost=0.00..33.84 rows=941 width=0)
	              Index Cond: ((id >= 232480) AND (id <= 233479))

table 7 : explain SELECT count(c) FROM sbtest7 WHERE id BETWEEN 2761707 AND 2762706
	Aggregate  (cost=3912.04..3912.05 rows=1 width=8)
	  ->  Bitmap Heap Scan on sbtest7  (cost=34.76..3909.52 rows=1007 width=121)
	        Recheck Cond: ((id >= 2761707) AND (id <= 2762706))
	        ->  Bitmap Index Scan on sbtest7_pkey  (cost=0.00..34.51 rows=1007 width=0)
	              Index Cond: ((id >= 2761707) AND (id <= 2762706))

table 8 : explain SELECT count(c) FROM sbtest8 WHERE id BETWEEN 97072 AND 98071
	Aggregate  (cost=3955.86..3955.87 rows=1 width=8)
	  ->  Index Scan using sbtest8_pkey on sbtest8  (cost=0.43..3953.33 rows=1009 width=121)
	        Index Cond: ((id >= 97072) AND (id <= 98071))

for: count_ranges
table 1 : explain SELECT count(c) FROM sbtest1 WHERE id BETWEEN 4703066 AND 4704065
	Aggregate  (cost=3918.16..3918.17 rows=1 width=8)
	  ->  Bitmap Heap Scan on sbtest1  (cost=34.79..3915.63 rows=1010 width=121)
	        Recheck Cond: ((id >= 4703066) AND (id <= 4704065))
	        ->  Bitmap Index Scan on sbtest1_pkey  (cost=0.00..34.54 rows=1010 width=0)
	              Index Cond: ((id >= 4703066) AND (id <= 4704065))

table 2 : explain SELECT count(c) FROM sbtest2 WHERE id BETWEEN 4853046 AND 4854045
	Aggregate  (cost=3853.05..3853.06 rows=1 width=8)
	  ->  Bitmap Heap Scan on sbtest2  (cost=34.61..3850.56 rows=993 width=121)
	        Recheck Cond: ((id >= 4853046) AND (id <= 4854045))
	        ->  Bitmap Index Scan on sbtest2_pkey  (cost=0.00..34.37 rows=993 width=0)
	              Index Cond: ((id >= 4853046) AND (id <= 4854045))

table 3 : explain SELECT count(c) FROM sbtest3 WHERE id BETWEEN 685859 AND 686858
	Aggregate  (cost=3961.51..3961.52 rows=1 width=8)
	  ->  Bitmap Heap Scan on sbtest3  (cost=34.90..3958.96 rows=1021 width=121)
	        Recheck Cond: ((id >= 685859) AND (id <= 686858))
	        ->  Bitmap Index Scan on sbtest3_pkey  (cost=0.00..34.65 rows=1021 width=0)
	              Index Cond: ((id >= 685859) AND (id <= 686858))

table 4 : explain SELECT count(c) FROM sbtest4 WHERE id BETWEEN 5311557 AND 5312556
	Aggregate  (cost=4039.88..4039.89 rows=1 width=8)
	  ->  Bitmap Heap Scan on sbtest4  (cost=35.11..4037.28 rows=1041 width=121)
	        Recheck Cond: ((id >= 5311557) AND (id <= 5312556))
	        ->  Bitmap Index Scan on sbtest4_pkey  (cost=0.00..34.84 rows=1041 width=0)
	              Index Cond: ((id >= 5311557) AND (id <= 5312556))

table 5 : explain SELECT count(c) FROM sbtest5 WHERE id BETWEEN 2949591 AND 2950590
	Aggregate  (cost=3861.91..3861.92 rows=1 width=8)
	  ->  Bitmap Heap Scan on sbtest5  (cost=34.64..3859.42 rows=996 width=121)
	        Recheck Cond: ((id >= 2949591) AND (id <= 2950590))
	        ->  Bitmap Index Scan on sbtest5_pkey  (cost=0.00..34.40 rows=996 width=0)
	              Index Cond: ((id >= 2949591) AND (id <= 2950590))

table 6 : explain SELECT count(c) FROM sbtest6 WHERE id BETWEEN 9955652 AND 9956651
	Aggregate  (cost=4151.28..4151.29 rows=1 width=8)
	  ->  Bitmap Heap Scan on sbtest6  (cost=35.42..4148.60 rows=1072 width=121)
	        Recheck Cond: ((id >= 9955652) AND (id <= 9956651))
	        ->  Bitmap Index Scan on sbtest6_pkey  (cost=0.00..35.16 rows=1072 width=0)
	              Index Cond: ((id >= 9955652) AND (id <= 9956651))

table 7 : explain SELECT count(c) FROM sbtest7 WHERE id BETWEEN 9776878 AND 9777877
	Aggregate  (cost=4301.25..4301.26 rows=1 width=8)
	  ->  Bitmap Heap Scan on sbtest7  (cost=39.80..4298.48 rows=1109 width=121)
	        Recheck Cond: ((id >= 9776878) AND (id <= 9777877))
	        ->  Bitmap Index Scan on sbtest7_pkey  (cost=0.00..39.53 rows=1109 width=0)
	              Index Cond: ((id >= 9776878) AND (id <= 9777877))

table 8 : explain SELECT count(c) FROM sbtest8 WHERE id BETWEEN 6831933 AND 6832932
	Aggregate  (cost=3858.35..3858.36 rows=1 width=8)
	  ->  Index Scan using sbtest8_pkey on sbtest8  (cost=0.43..3855.89 rows=984 width=121)
	        Index Cond: ((id >= 6831933) AND (id <= 6832932))

for: count_ranges
table 1 : explain SELECT count(c) FROM sbtest1 WHERE id BETWEEN 6666844 AND 6667843
	Aggregate  (cost=3740.62..3740.63 rows=1 width=8)
	  ->  Bitmap Heap Scan on sbtest1  (cost=34.31..3738.21 rows=963 width=121)
	        Recheck Cond: ((id >= 6666844) AND (id <= 6667843))
	        ->  Bitmap Index Scan on sbtest1_pkey  (cost=0.00..34.07 rows=963 width=0)
	              Index Cond: ((id >= 6666844) AND (id <= 6667843))

table 2 : explain SELECT count(c) FROM sbtest2 WHERE id BETWEEN 5077883 AND 5078882
	Aggregate  (cost=4064.27..4064.28 rows=1 width=8)
	  ->  Bitmap Heap Scan on sbtest2  (cost=35.19..4061.64 rows=1049 width=121)
	        Recheck Cond: ((id >= 5077883) AND (id <= 5078882))
	        ->  Bitmap Index Scan on sbtest2_pkey  (cost=0.00..34.93 rows=1049 width=0)
	              Index Cond: ((id >= 5077883) AND (id <= 5078882))

table 3 : explain SELECT count(c) FROM sbtest3 WHERE id BETWEEN 4547801 AND 4548800
	Aggregate  (cost=3757.43..3757.44 rows=1 width=8)
	  ->  Bitmap Heap Scan on sbtest3  (cost=34.35..3755.01 rows=967 width=121)
	        Recheck Cond: ((id >= 4547801) AND (id <= 4548800))
	        ->  Bitmap Index Scan on sbtest3_pkey  (cost=0.00..34.11 rows=967 width=0)
	              Index Cond: ((id >= 4547801) AND (id <= 4548800))

table 4 : explain SELECT count(c) FROM sbtest4 WHERE id BETWEEN 4519289 AND 4520288
	Aggregate  (cost=3975.65..3975.66 rows=1 width=8)
	  ->  Bitmap Heap Scan on sbtest4  (cost=34.93..3973.09 rows=1024 width=121)
	        Recheck Cond: ((id >= 4519289) AND (id <= 4520288))
	        ->  Bitmap Index Scan on sbtest4_pkey  (cost=0.00..34.68 rows=1024 width=0)
	              Index Cond: ((id >= 4519289) AND (id <= 4520288))

table 5 : explain SELECT count(c) FROM sbtest5 WHERE id BETWEEN 3972212 AND 3973211
	Aggregate  (cost=3574.92..3574.93 rows=1 width=8)
	  ->  Bitmap Heap Scan on sbtest5  (cost=33.87..3572.62 rows=920 width=121)
	        Recheck Cond: ((id >= 3972212) AND (id <= 3973211))
	        ->  Bitmap Index Scan on sbtest5_pkey  (cost=0.00..33.64 rows=920 width=0)
	              Index Cond: ((id >= 3972212) AND (id <= 3973211))

table 6 : explain SELECT count(c) FROM sbtest6 WHERE id BETWEEN 565651 AND 566650
	Aggregate  (cost=3830.72..3830.73 rows=1 width=8)
	  ->  Bitmap Heap Scan on sbtest6  (cost=34.55..3828.25 rows=987 width=121)
	        Recheck Cond: ((id >= 565651) AND (id <= 566650))
	        ->  Bitmap Index Scan on sbtest6_pkey  (cost=0.00..34.31 rows=987 width=0)
	              Index Cond: ((id >= 565651) AND (id <= 566650))

table 7 : explain SELECT count(c) FROM sbtest7 WHERE id BETWEEN 8631012 AND 8632011
	Aggregate  (cost=3809.86..3809.87 rows=1 width=8)
	  ->  Bitmap Heap Scan on sbtest7  (cost=34.48..3807.41 rows=980 width=121)
	        Recheck Cond: ((id >= 8631012) AND (id <= 8632011))
	        ->  Bitmap Index Scan on sbtest7_pkey  (cost=0.00..34.23 rows=980 width=0)
	              Index Cond: ((id >= 8631012) AND (id <= 8632011))

table 8 : explain SELECT count(c) FROM sbtest8 WHERE id BETWEEN 456365 AND 457364
	Aggregate  (cost=4027.50..4027.51 rows=1 width=8)
	  ->  Bitmap Heap Scan on sbtest8  (cost=35.07..4024.91 rows=1038 width=121)
	        Recheck Cond: ((id >= 456365) AND (id <= 457364))
	        ->  Bitmap Index Scan on sbtest8_pkey  (cost=0.00..34.82 rows=1038 width=0)
	              Index Cond: ((id >= 456365) AND (id <= 457364))

for: count_ranges
table 1 : explain SELECT count(c) FROM sbtest1 WHERE id BETWEEN 841248 AND 842247
	Aggregate  (cost=3861.53..3861.54 rows=1 width=8)
	  ->  Bitmap Heap Scan on sbtest1  (cost=34.63..3859.04 rows=995 width=121)
	        Recheck Cond: ((id >= 841248) AND (id <= 842247))
	        ->  Bitmap Index Scan on sbtest1_pkey  (cost=0.00..34.39 rows=995 width=0)
	              Index Cond: ((id >= 841248) AND (id <= 842247))

table 2 : explain SELECT count(c) FROM sbtest2 WHERE id BETWEEN 3185880 AND 3186879
	Aggregate  (cost=3792.63..3792.64 rows=1 width=8)
	  ->  Bitmap Heap Scan on sbtest2  (cost=34.45..3790.18 rows=977 width=121)
	        Recheck Cond: ((id >= 3185880) AND (id <= 3186879))
	        ->  Bitmap Index Scan on sbtest2_pkey  (cost=0.00..34.20 rows=977 width=0)
	              Index Cond: ((id >= 3185880) AND (id <= 3186879))

table 3 : explain SELECT count(c) FROM sbtest3 WHERE id BETWEEN 7701492 AND 7702491
	Aggregate  (cost=3670.39..3670.40 rows=1 width=8)
	  ->  Bitmap Heap Scan on sbtest3  (cost=34.11..3668.03 rows=944 width=121)
	        Recheck Cond: ((id >= 7701492) AND (id <= 7702491))
	        ->  Bitmap Index Scan on sbtest3_pkey  (cost=0.00..33.88 rows=944 width=0)
	              Index Cond: ((id >= 7701492) AND (id <= 7702491))

table 4 : explain SELECT count(c) FROM sbtest4 WHERE id BETWEEN 885146 AND 886145
	Aggregate  (cost=3676.67..3676.68 rows=1 width=8)
	  ->  Bitmap Heap Scan on sbtest4  (cost=34.12..3674.31 rows=945 width=121)
	        Recheck Cond: ((id >= 885146) AND (id <= 886145))
	        ->  Bitmap Index Scan on sbtest4_pkey  (cost=0.00..33.89 rows=945 width=0)
	              Index Cond: ((id >= 885146) AND (id <= 886145))

table 5 : explain SELECT count(c) FROM sbtest5 WHERE id BETWEEN 3814873 AND 3815872
	Aggregate  (cost=4332.59..4332.60 rows=1 width=8)
	  ->  Bitmap Heap Scan on sbtest5  (cost=39.93..4329.79 rows=1121 width=121)
	        Recheck Cond: ((id >= 3814873) AND (id <= 3815872))
	        ->  Bitmap Index Scan on sbtest5_pkey  (cost=0.00..39.65 rows=1121 width=0)
	              Index Cond: ((id >= 3814873) AND (id <= 3815872))

table 6 : explain SELECT count(c) FROM sbtest6 WHERE id BETWEEN 5080000 AND 5080999
	Aggregate  (cost=3584.97..3584.98 rows=1 width=8)
	  ->  Bitmap Heap Scan on sbtest6  (cost=33.89..3582.67 rows=922 width=121)
	        Recheck Cond: ((id >= 5080000) AND (id <= 5080999))
	        ->  Bitmap Index Scan on sbtest6_pkey  (cost=0.00..33.66 rows=922 width=0)
	              Index Cond: ((id >= 5080000) AND (id <= 5080999))

table 7 : explain SELECT count(c) FROM sbtest7 WHERE id BETWEEN 1870547 AND 1871546
	Aggregate  (cost=4040.58..4040.59 rows=1 width=8)
	  ->  Bitmap Heap Scan on sbtest7  (cost=35.11..4037.97 rows=1041 width=121)
	        Recheck Cond: ((id >= 1870547) AND (id <= 1871546))
	        ->  Bitmap Index Scan on sbtest7_pkey  (cost=0.00..34.84 rows=1041 width=0)
	              Index Cond: ((id >= 1870547) AND (id <= 1871546))

table 8 : explain SELECT count(c) FROM sbtest8 WHERE id BETWEEN 3088168 AND 3089167
	Aggregate  (cost=3792.07..3792.08 rows=1 width=8)
	  ->  Index Scan using sbtest8_pkey on sbtest8  (cost=0.43..3789.65 rows=967 width=121)
	        Index Cond: ((id >= 3088168) AND (id <= 3089167))

for: count_ranges
table 1 : explain SELECT count(c) FROM sbtest1 WHERE id BETWEEN 4818954 AND 4819953
	Aggregate  (cost=4008.71..4008.72 rows=1 width=8)
	  ->  Bitmap Heap Scan on sbtest1  (cost=35.03..4006.13 rows=1034 width=121)
	        Recheck Cond: ((id >= 4818954) AND (id <= 4819953))
	        ->  Bitmap Index Scan on sbtest1_pkey  (cost=0.00..34.78 rows=1034 width=0)
	              Index Cond: ((id >= 4818954) AND (id <= 4819953))

table 2 : explain SELECT count(c) FROM sbtest2 WHERE id BETWEEN 7195960 AND 7196959
	Aggregate  (cost=4049.19..4049.20 rows=1 width=8)
	  ->  Bitmap Heap Scan on sbtest2  (cost=35.15..4046.58 rows=1045 width=121)
	        Recheck Cond: ((id >= 7195960) AND (id <= 7196959))
	        ->  Bitmap Index Scan on sbtest2_pkey  (cost=0.00..34.89 rows=1045 width=0)
	              Index Cond: ((id >= 7195960) AND (id <= 7196959))

table 3 : explain SELECT count(c) FROM sbtest3 WHERE id BETWEEN 4131513 AND 4132512
	Aggregate  (cost=4059.64..4059.65 rows=1 width=8)
	  ->  Bitmap Heap Scan on sbtest3  (cost=35.17..4057.02 rows=1047 width=121)
	        Recheck Cond: ((id >= 4131513) AND (id <= 4132512))
	        ->  Bitmap Index Scan on sbtest3_pkey  (cost=0.00..34.91 rows=1047 width=0)
	              Index Cond: ((id >= 4131513) AND (id <= 4132512))

table 4 : explain SELECT count(c) FROM sbtest4 WHERE id BETWEEN 7112593 AND 7113592
	Aggregate  (cost=4039.88..4039.89 rows=1 width=8)
	  ->  Bitmap Heap Scan on sbtest4  (cost=35.11..4037.28 rows=1041 width=121)
	        Recheck Cond: ((id >= 7112593) AND (id <= 7113592))
	        ->  Bitmap Index Scan on sbtest4_pkey  (cost=0.00..34.84 rows=1041 width=0)
	              Index Cond: ((id >= 7112593) AND (id <= 7113592))

table 5 : explain SELECT count(c) FROM sbtest5 WHERE id BETWEEN 2306678 AND 2307677
	Aggregate  (cost=3574.92..3574.93 rows=1 width=8)
	  ->  Bitmap Heap Scan on sbtest5  (cost=33.87..3572.62 rows=920 width=121)
	        Recheck Cond: ((id >= 2306678) AND (id <= 2307677))
	        ->  Bitmap Index Scan on sbtest5_pkey  (cost=0.00..33.64 rows=920 width=0)
	              Index Cond: ((id >= 2306678) AND (id <= 2307677))

table 6 : explain SELECT count(c) FROM sbtest6 WHERE id BETWEEN 6586127 AND 6587126
	Aggregate  (cost=3951.51..3951.52 rows=1 width=8)
	  ->  Bitmap Heap Scan on sbtest6  (cost=34.88..3948.96 rows=1019 width=121)
	        Recheck Cond: ((id >= 6586127) AND (id <= 6587126))
	        ->  Bitmap Index Scan on sbtest6_pkey  (cost=0.00..34.62 rows=1019 width=0)
	              Index Cond: ((id >= 6586127) AND (id <= 6587126))

table 7 : explain SELECT count(c) FROM sbtest7 WHERE id BETWEEN 7626564 AND 7627563
	Aggregate  (cost=3756.84..3756.85 rows=1 width=8)
	  ->  Bitmap Heap Scan on sbtest7  (cost=34.34..3754.43 rows=966 width=121)
	        Recheck Cond: ((id >= 7626564) AND (id <= 7627563))
	        ->  Bitmap Index Scan on sbtest7_pkey  (cost=0.00..34.09 rows=966 width=0)
	              Index Cond: ((id >= 7626564) AND (id <= 7627563))

table 8 : explain SELECT count(c) FROM sbtest8 WHERE id BETWEEN 7157581 AND 7158580
	Aggregate  (cost=3842.75..3842.76 rows=1 width=8)
	  ->  Index Scan using sbtest8_pkey on sbtest8  (cost=0.43..3840.30 rows=980 width=121)
	        Index Cond: ((id >= 7157581) AND (id <= 7158580))

for: count_ranges
table 1 : explain SELECT count(c) FROM sbtest1 WHERE id BETWEEN 7261820 AND 7262819
	Aggregate  (cost=3793.53..3793.54 rows=1 width=8)
	  ->  Bitmap Heap Scan on sbtest1  (cost=34.45..3791.09 rows=977 width=121)
	        Recheck Cond: ((id >= 7261820) AND (id <= 7262819))
	        ->  Bitmap Index Scan on sbtest1_pkey  (cost=0.00..34.20 rows=977 width=0)
	              Index Cond: ((id >= 7261820) AND (id <= 7262819))

table 2 : explain SELECT count(c) FROM sbtest2 WHERE id BETWEEN 9864842 AND 9865841
	Aggregate  (cost=3868.15..3868.16 rows=1 width=8)
	  ->  Bitmap Heap Scan on sbtest2  (cost=34.65..3865.65 rows=997 width=121)
	        Recheck Cond: ((id >= 9864842) AND (id <= 9865841))
	        ->  Bitmap Index Scan on sbtest2_pkey  (cost=0.00..34.41 rows=997 width=0)
	              Index Cond: ((id >= 9864842) AND (id <= 9865841))

table 3 : explain SELECT count(c) FROM sbtest3 WHERE id BETWEEN 703594 AND 704593
	Aggregate  (cost=3442.82..3442.83 rows=1 width=8)
	  ->  Bitmap Heap Scan on sbtest3  (cost=29.51..3440.61 rows=885 width=121)
	        Recheck Cond: ((id >= 703594) AND (id <= 704593))
	        ->  Bitmap Index Scan on sbtest3_pkey  (cost=0.00..29.29 rows=885 width=0)
	              Index Cond: ((id >= 703594) AND (id <= 704593))

table 4 : explain SELECT count(c) FROM sbtest4 WHERE id BETWEEN 2303300 AND 2304299
	Aggregate  (cost=3915.16..3915.17 rows=1 width=8)
	  ->  Bitmap Heap Scan on sbtest4  (cost=34.77..3912.64 rows=1008 width=121)
	        Recheck Cond: ((id >= 2303300) AND (id <= 2304299))
	        ->  Bitmap Index Scan on sbtest4_pkey  (cost=0.00..34.52 rows=1008 width=0)
	              Index Cond: ((id >= 2303300) AND (id <= 2304299))

table 5 : explain SELECT count(c) FROM sbtest5 WHERE id BETWEEN 2994699 AND 2995698
	Aggregate  (cost=3861.91..3861.92 rows=1 width=8)
	  ->  Bitmap Heap Scan on sbtest5  (cost=34.64..3859.42 rows=996 width=121)
	        Recheck Cond: ((id >= 2994699) AND (id <= 2995698))
	        ->  Bitmap Index Scan on sbtest5_pkey  (cost=0.00..34.40 rows=996 width=0)
	              Index Cond: ((id >= 2994699) AND (id <= 2995698))

table 6 : explain SELECT count(c) FROM sbtest6 WHERE id BETWEEN 5709902 AND 5710901
	Aggregate  (cost=3925.10..3925.11 rows=1 width=8)
	  ->  Bitmap Heap Scan on sbtest6  (cost=34.81..3922.57 rows=1012 width=121)
	        Recheck Cond: ((id >= 5709902) AND (id <= 5710901))
	        ->  Bitmap Index Scan on sbtest6_pkey  (cost=0.00..34.56 rows=1012 width=0)
	              Index Cond: ((id >= 5709902) AND (id <= 5710901))

table 7 : explain SELECT count(c) FROM sbtest7 WHERE id BETWEEN 4541651 AND 4542650
	Aggregate  (cost=3794.71..3794.72 rows=1 width=8)
	  ->  Bitmap Heap Scan on sbtest7  (cost=34.44..3792.27 rows=976 width=121)
	        Recheck Cond: ((id >= 4541651) AND (id <= 4542650))
	        ->  Bitmap Index Scan on sbtest7_pkey  (cost=0.00..34.20 rows=976 width=0)
	              Index Cond: ((id >= 4541651) AND (id <= 4542650))

table 8 : explain SELECT count(c) FROM sbtest8 WHERE id BETWEEN 4642650 AND 4643649
	Aggregate  (cost=3819.36..3819.37 rows=1 width=8)
	  ->  Index Scan using sbtest8_pkey on sbtest8  (cost=0.43..3816.92 rows=974 width=121)
	        Index Cond: ((id >= 4642650) AND (id <= 4643649))

for: count_ranges
table 1 : explain SELECT count(c) FROM sbtest1 WHERE id BETWEEN 5123251 AND 5124250
	Aggregate  (cost=3717.93..3717.94 rows=1 width=8)
	  ->  Bitmap Heap Scan on sbtest1  (cost=34.24..3715.54 rows=957 width=121)
	        Recheck Cond: ((id >= 5123251) AND (id <= 5124250))
	        ->  Bitmap Index Scan on sbtest1_pkey  (cost=0.00..34.01 rows=957 width=0)
	              Index Cond: ((id >= 5123251) AND (id <= 5124250))

table 2 : explain SELECT count(c) FROM sbtest2 WHERE id BETWEEN 1068589 AND 1069588
	Aggregate  (cost=3683.03..3683.04 rows=1 width=8)
	  ->  Bitmap Heap Scan on sbtest2  (cost=34.15..3680.66 rows=948 width=121)
	        Recheck Cond: ((id >= 1068589) AND (id <= 1069588))
	        ->  Bitmap Index Scan on sbtest2_pkey  (cost=0.00..33.92 rows=948 width=0)
	              Index Cond: ((id >= 1068589) AND (id <= 1069588))

table 3 : explain SELECT count(c) FROM sbtest3 WHERE id BETWEEN 7776131 AND 7777130
	Aggregate  (cost=3454.20..3454.21 rows=1 width=8)
	  ->  Bitmap Heap Scan on sbtest3  (cost=29.54..3451.98 rows=888 width=121)
	        Recheck Cond: ((id >= 7776131) AND (id <= 7777130))
	        ->  Bitmap Index Scan on sbtest3_pkey  (cost=0.00..29.32 rows=888 width=0)
	              Index Cond: ((id >= 7776131) AND (id <= 7777130))

table 4 : explain SELECT count(c) FROM sbtest4 WHERE id BETWEEN 975690 AND 976689
	Aggregate  (cost=3676.67..3676.68 rows=1 width=8)
	  ->  Bitmap Heap Scan on sbtest4  (cost=34.12..3674.31 rows=945 width=121)
	        Recheck Cond: ((id >= 975690) AND (id <= 976689))
	        ->  Bitmap Index Scan on sbtest4_pkey  (cost=0.00..33.89 rows=945 width=0)
	              Index Cond: ((id >= 975690) AND (id <= 976689))

table 5 : explain SELECT count(c) FROM sbtest5 WHERE id BETWEEN 3760735 AND 3761734
	Aggregate  (cost=3827.96..3827.97 rows=1 width=8)
	  ->  Bitmap Heap Scan on sbtest5  (cost=34.55..3825.49 rows=987 width=121)
	        Recheck Cond: ((id >= 3760735) AND (id <= 3761734))
	        ->  Bitmap Index Scan on sbtest5_pkey  (cost=0.00..34.31 rows=987 width=0)
	              Index Cond: ((id >= 3760735) AND (id <= 3761734))

table 6 : explain SELECT count(c) FROM sbtest6 WHERE id BETWEEN 9781041 AND 9782040
	Aggregate  (cost=3966.60..3966.61 rows=1 width=8)
	  ->  Bitmap Heap Scan on sbtest6  (cost=34.92..3964.04 rows=1023 width=121)
	        Recheck Cond: ((id >= 9781041) AND (id <= 9782040))
	        ->  Bitmap Index Scan on sbtest6_pkey  (cost=0.00..34.67 rows=1023 width=0)
	              Index Cond: ((id >= 9781041) AND (id <= 9782040))

table 7 : explain SELECT count(c) FROM sbtest7 WHERE id BETWEEN 1618618 AND 1619617
	Aggregate  (cost=4014.12..4014.13 rows=1 width=8)
	  ->  Bitmap Heap Scan on sbtest7  (cost=35.03..4011.54 rows=1034 width=121)
	        Recheck Cond: ((id >= 1618618) AND (id <= 1619617))
	        ->  Bitmap Index Scan on sbtest7_pkey  (cost=0.00..34.78 rows=1034 width=0)
	              Index Cond: ((id >= 1618618) AND (id <= 1619617))

table 8 : explain SELECT count(c) FROM sbtest8 WHERE id BETWEEN 7129752 AND 7130751
	Aggregate  (cost=3842.75..3842.76 rows=1 width=8)
	  ->  Index Scan using sbtest8_pkey on sbtest8  (cost=0.43..3840.30 rows=980 width=121)
	        Index Cond: ((id >= 7129752) AND (id <= 7130751))

for: count_ranges
table 1 : explain SELECT count(c) FROM sbtest1 WHERE id BETWEEN 4468560 AND 4469559
	Aggregate  (cost=3649.85..3649.86 rows=1 width=8)
	  ->  Bitmap Heap Scan on sbtest1  (cost=34.06..3647.50 rows=939 width=121)
	        Recheck Cond: ((id >= 4468560) AND (id <= 4469559))
	        ->  Bitmap Index Scan on sbtest1_pkey  (cost=0.00..33.83 rows=939 width=0)
	              Index Cond: ((id >= 4468560) AND (id <= 4469559))

table 2 : explain SELECT count(c) FROM sbtest2 WHERE id BETWEEN 4601743 AND 4602742
	Aggregate  (cost=3932.30..3932.31 rows=1 width=8)
	  ->  Bitmap Heap Scan on sbtest2  (cost=34.83..3929.77 rows=1014 width=121)
	        Recheck Cond: ((id >= 4601743) AND (id <= 4602742))
	        ->  Bitmap Index Scan on sbtest2_pkey  (cost=0.00..34.58 rows=1014 width=0)
	              Index Cond: ((id >= 4601743) AND (id <= 4602742))

table 3 : explain SELECT count(c) FROM sbtest3 WHERE id BETWEEN 7508111 AND 7509110
	Aggregate  (cost=4070.96..4070.97 rows=1 width=8)
	  ->  Bitmap Heap Scan on sbtest3  (cost=35.20..4068.33 rows=1050 width=121)
	        Recheck Cond: ((id >= 7508111) AND (id <= 7509110))
	        ->  Bitmap Index Scan on sbtest3_pkey  (cost=0.00..34.94 rows=1050 width=0)
	              Index Cond: ((id >= 7508111) AND (id <= 7509110))

table 4 : explain SELECT count(c) FROM sbtest4 WHERE id BETWEEN 8312128 AND 8313127
	Aggregate  (cost=4209.76..4209.77 rows=1 width=8)
	  ->  Bitmap Heap Scan on sbtest4  (cost=35.57..4207.04 rows=1086 width=121)
	        Recheck Cond: ((id >= 8312128) AND (id <= 8313127))
	        ->  Bitmap Index Scan on sbtest4_pkey  (cost=0.00..35.30 rows=1086 width=0)
	              Index Cond: ((id >= 8312128) AND (id <= 8313127))

table 5 : explain SELECT count(c) FROM sbtest5 WHERE id BETWEEN 5868284 AND 5869283
	Aggregate  (cost=3914.69..3914.70 rows=1 width=8)
	  ->  Bitmap Heap Scan on sbtest5  (cost=34.79..3912.17 rows=1010 width=121)
	        Recheck Cond: ((id >= 5868284) AND (id <= 5869283))
	        ->  Bitmap Index Scan on sbtest5_pkey  (cost=0.00..34.54 rows=1010 width=0)
	              Index Cond: ((id >= 5868284) AND (id <= 5869283))

table 6 : explain SELECT count(c) FROM sbtest6 WHERE id BETWEEN 7238750 AND 7239749
	Aggregate  (cost=3879.81..3879.82 rows=1 width=8)
	  ->  Bitmap Heap Scan on sbtest6  (cost=34.69..3877.31 rows=1000 width=121)
	        Recheck Cond: ((id >= 7238750) AND (id <= 7239749))
	        ->  Bitmap Index Scan on sbtest6_pkey  (cost=0.00..34.44 rows=1000 width=0)
	              Index Cond: ((id >= 7238750) AND (id <= 7239749))

table 7 : explain SELECT count(c) FROM sbtest7 WHERE id BETWEEN 7527413 AND 7528412
	Aggregate  (cost=3756.84..3756.85 rows=1 width=8)
	  ->  Bitmap Heap Scan on sbtest7  (cost=34.34..3754.43 rows=966 width=121)
	        Recheck Cond: ((id >= 7527413) AND (id <= 7528412))
	        ->  Bitmap Index Scan on sbtest7_pkey  (cost=0.00..34.09 rows=966 width=0)
	              Index Cond: ((id >= 7527413) AND (id <= 7528412))

table 8 : explain SELECT count(c) FROM sbtest8 WHERE id BETWEEN 875580 AND 876579
	Aggregate  (cost=3593.15..3593.16 rows=1 width=8)
	  ->  Index Scan using sbtest8_pkey on sbtest8  (cost=0.43..3590.86 rows=916 width=121)
	        Index Cond: ((id >= 875580) AND (id <= 876579))

for: count_ranges
table 1 : explain SELECT count(c) FROM sbtest1 WHERE id BETWEEN 7246388 AND 7247387
	Aggregate  (cost=3793.53..3793.54 rows=1 width=8)
	  ->  Bitmap Heap Scan on sbtest1  (cost=34.45..3791.09 rows=977 width=121)
	        Recheck Cond: ((id >= 7246388) AND (id <= 7247387))
	        ->  Bitmap Index Scan on sbtest1_pkey  (cost=0.00..34.20 rows=977 width=0)
	              Index Cond: ((id >= 7246388) AND (id <= 7247387))

table 2 : explain SELECT count(c) FROM sbtest2 WHERE id BETWEEN 5844679 AND 5845678
	Aggregate  (cost=3368.53..3368.54 rows=1 width=8)
	  ->  Bitmap Heap Scan on sbtest2  (cost=29.31..3366.37 rows=866 width=121)
	        Recheck Cond: ((id >= 5844679) AND (id <= 5845678))
	        ->  Bitmap Index Scan on sbtest2_pkey  (cost=0.00..29.09 rows=866 width=0)
	              Index Cond: ((id >= 5844679) AND (id <= 5845678))

table 3 : explain SELECT count(c) FROM sbtest3 WHERE id BETWEEN 4099703 AND 4100702
	Aggregate  (cost=4059.64..4059.65 rows=1 width=8)
	  ->  Bitmap Heap Scan on sbtest3  (cost=35.17..4057.02 rows=1047 width=121)
	        Recheck Cond: ((id >= 4099703) AND (id <= 4100702))
	        ->  Bitmap Index Scan on sbtest3_pkey  (cost=0.00..34.91 rows=1047 width=0)
	              Index Cond: ((id >= 4099703) AND (id <= 4100702))

table 4 : explain SELECT count(c) FROM sbtest4 WHERE id BETWEEN 6001775 AND 6002774
	Aggregate  (cost=3892.47..3892.48 rows=1 width=8)
	  ->  Bitmap Heap Scan on sbtest4  (cost=34.71..3889.96 rows=1002 width=121)
	        Recheck Cond: ((id >= 6001775) AND (id <= 6002774))
	        ->  Bitmap Index Scan on sbtest4_pkey  (cost=0.00..34.45 rows=1002 width=0)
	              Index Cond: ((id >= 6001775) AND (id <= 6002774))

table 5 : explain SELECT count(c) FROM sbtest5 WHERE id BETWEEN 3282442 AND 3283441
	Aggregate  (cost=4125.58..4125.59 rows=1 width=8)
	  ->  Bitmap Heap Scan on sbtest5  (cost=35.36..4122.91 rows=1066 width=121)
	        Recheck Cond: ((id >= 3282442) AND (id <= 3283441))
	        ->  Bitmap Index Scan on sbtest5_pkey  (cost=0.00..35.09 rows=1066 width=0)
	              Index Cond: ((id >= 3282442) AND (id <= 3283441))

table 6 : explain SELECT count(c) FROM sbtest6 WHERE id BETWEEN 8722406 AND 8723405
	Aggregate  (cost=3796.73..3796.74 rows=1 width=8)
	  ->  Bitmap Heap Scan on sbtest6  (cost=34.46..3794.28 rows=978 width=121)
	        Recheck Cond: ((id >= 8722406) AND (id <= 8723405))
	        ->  Bitmap Index Scan on sbtest6_pkey  (cost=0.00..34.22 rows=978 width=0)
	              Index Cond: ((id >= 8722406) AND (id <= 8723405))

table 7 : explain SELECT count(c) FROM sbtest7 WHERE id BETWEEN 8665644 AND 8666643
	Aggregate  (cost=3991.45..3991.46 rows=1 width=8)
	  ->  Bitmap Heap Scan on sbtest7  (cost=34.97..3988.88 rows=1028 width=121)
	        Recheck Cond: ((id >= 8665644) AND (id <= 8666643))
	        ->  Bitmap Index Scan on sbtest7_pkey  (cost=0.00..34.72 rows=1028 width=0)
	              Index Cond: ((id >= 8665644) AND (id <= 8666643))

table 8 : explain SELECT count(c) FROM sbtest8 WHERE id BETWEEN 7578977 AND 7579976
	Aggregate  (cost=4167.15..4167.16 rows=1 width=8)
	  ->  Bitmap Heap Scan on sbtest8  (cost=35.45..4164.46 rows=1075 width=121)
	        Recheck Cond: ((id >= 7578977) AND (id <= 7579976))
	        ->  Bitmap Index Scan on sbtest8_pkey  (cost=0.00..35.19 rows=1075 width=0)
	              Index Cond: ((id >= 7578977) AND (id <= 7579976))

for: count_ranges
table 1 : explain SELECT count(c) FROM sbtest1 WHERE id BETWEEN 5919414 AND 5920413
	Aggregate  (cost=3989.85..3989.86 rows=1 width=8)
	  ->  Bitmap Heap Scan on sbtest1  (cost=34.98..3987.28 rows=1029 width=121)
	        Recheck Cond: ((id >= 5919414) AND (id <= 5920413))
	        ->  Bitmap Index Scan on sbtest1_pkey  (cost=0.00..34.73 rows=1029 width=0)
	              Index Cond: ((id >= 5919414) AND (id <= 5920413))

table 2 : explain SELECT count(c) FROM sbtest2 WHERE id BETWEEN 5458288 AND 5459287
	Aggregate  (cost=4143.37..4143.38 rows=1 width=8)
	  ->  Bitmap Heap Scan on sbtest2  (cost=35.40..4140.70 rows=1070 width=121)
	        Recheck Cond: ((id >= 5458288) AND (id <= 5459287))
	        ->  Bitmap Index Scan on sbtest2_pkey  (cost=0.00..35.14 rows=1070 width=0)
	              Index Cond: ((id >= 5458288) AND (id <= 5459287))

table 3 : explain SELECT count(c) FROM sbtest3 WHERE id BETWEEN 7181403 AND 7182402
	Aggregate  (cost=3613.60..3613.61 rows=1 width=8)
	  ->  Bitmap Heap Scan on sbtest3  (cost=33.96..3611.27 rows=929 width=121)
	        Recheck Cond: ((id >= 7181403) AND (id <= 7182402))
	        ->  Bitmap Index Scan on sbtest3_pkey  (cost=0.00..33.73 rows=929 width=0)
	              Index Cond: ((id >= 7181403) AND (id <= 7182402))

table 4 : explain SELECT count(c) FROM sbtest4 WHERE id BETWEEN 8437898 AND 8438897
	Aggregate  (cost=3627.40..3627.41 rows=1 width=8)
	  ->  Bitmap Heap Scan on sbtest4  (cost=33.99..3625.07 rows=932 width=121)
	        Recheck Cond: ((id >= 8437898) AND (id <= 8438897))
	        ->  Bitmap Index Scan on sbtest4_pkey  (cost=0.00..33.76 rows=932 width=0)
	              Index Cond: ((id >= 8437898) AND (id <= 8438897))

table 5 : explain SELECT count(c) FROM sbtest5 WHERE id BETWEEN 7305939 AND 7306938
	Aggregate  (cost=4151.91..4151.92 rows=1 width=8)
	  ->  Bitmap Heap Scan on sbtest5  (cost=35.43..4149.23 rows=1073 width=121)
	        Recheck Cond: ((id >= 7305939) AND (id <= 7306938))
	        ->  Bitmap Index Scan on sbtest5_pkey  (cost=0.00..35.17 rows=1073 width=0)
	              Index Cond: ((id >= 7305939) AND (id <= 7306938))

table 6 : explain SELECT count(c) FROM sbtest6 WHERE id BETWEEN 6465978 AND 6466977
	Aggregate  (cost=3474.94..3474.95 rows=1 width=8)
	  ->  Bitmap Heap Scan on sbtest6  (cost=29.60..3472.70 rows=894 width=121)
	        Recheck Cond: ((id >= 6465978) AND (id <= 6466977))
	        ->  Bitmap Index Scan on sbtest6_pkey  (cost=0.00..29.37 rows=894 width=0)
	              Index Cond: ((id >= 6465978) AND (id <= 6466977))

table 7 : explain SELECT count(c) FROM sbtest7 WHERE id BETWEEN 2068205 AND 2069204
	Aggregate  (cost=3768.20..3768.21 rows=1 width=8)
	  ->  Bitmap Heap Scan on sbtest7  (cost=34.37..3765.78 rows=969 width=121)
	        Recheck Cond: ((id >= 2068205) AND (id <= 2069204))
	        ->  Bitmap Index Scan on sbtest7_pkey  (cost=0.00..34.12 rows=969 width=0)
	              Index Cond: ((id >= 2068205) AND (id <= 2069204))

table 8 : explain SELECT count(c) FROM sbtest8 WHERE id BETWEEN 8741062 AND 8742061
	Aggregate  (cost=4065.26..4065.27 rows=1 width=8)
	  ->  Bitmap Heap Scan on sbtest8  (cost=35.18..4062.64 rows=1048 width=121)
	        Recheck Cond: ((id >= 8741062) AND (id <= 8742061))
	        ->  Bitmap Index Scan on sbtest8_pkey  (cost=0.00..34.92 rows=1048 width=0)
	              Index Cond: ((id >= 8741062) AND (id <= 8742061))

for: count_ranges
table 1 : explain SELECT count(c) FROM sbtest1 WHERE id BETWEEN 6303537 AND 6304536
	Aggregate  (cost=3835.09..3835.10 rows=1 width=8)
	  ->  Bitmap Heap Scan on sbtest1  (cost=34.56..3832.62 rows=988 width=121)
	        Recheck Cond: ((id >= 6303537) AND (id <= 6304536))
	        ->  Bitmap Index Scan on sbtest1_pkey  (cost=0.00..34.32 rows=988 width=0)
	              Index Cond: ((id >= 6303537) AND (id <= 6304536))

table 2 : explain SELECT count(c) FROM sbtest2 WHERE id BETWEEN 9022495 AND 9023494
	Aggregate  (cost=4132.08..4132.09 rows=1 width=8)
	  ->  Bitmap Heap Scan on sbtest2  (cost=35.37..4129.41 rows=1067 width=121)
	        Recheck Cond: ((id >= 9022495) AND (id <= 9023494))
	        ->  Bitmap Index Scan on sbtest2_pkey  (cost=0.00..35.11 rows=1067 width=0)
	              Index Cond: ((id >= 9022495) AND (id <= 9023494))

table 3 : explain SELECT count(c) FROM sbtest3 WHERE id BETWEEN 5756260 AND 5757259
	Aggregate  (cost=3761.21..3761.22 rows=1 width=8)
	  ->  Bitmap Heap Scan on sbtest3  (cost=34.36..3758.79 rows=968 width=121)
	        Recheck Cond: ((id >= 5756260) AND (id <= 5757259))
	        ->  Bitmap Index Scan on sbtest3_pkey  (cost=0.00..34.12 rows=968 width=0)
	              Index Cond: ((id >= 5756260) AND (id <= 5757259))

table 4 : explain SELECT count(c) FROM sbtest4 WHERE id BETWEEN 3450433 AND 3451432
	Aggregate  (cost=4156.93..4156.94 rows=1 width=8)
	  ->  Bitmap Heap Scan on sbtest4  (cost=35.42..4154.25 rows=1072 width=121)
	        Recheck Cond: ((id >= 3450433) AND (id <= 3451432))
	        ->  Bitmap Index Scan on sbtest4_pkey  (cost=0.00..35.16 rows=1072 width=0)
	              Index Cond: ((id >= 3450433) AND (id <= 3451432))

table 5 : explain SELECT count(c) FROM sbtest5 WHERE id BETWEEN 4646711 AND 4647710
	Aggregate  (cost=4242.39..4242.40 rows=1 width=8)
	  ->  Bitmap Heap Scan on sbtest5  (cost=39.67..4239.65 rows=1096 width=121)
	        Recheck Cond: ((id >= 4646711) AND (id <= 4647710))
	        ->  Bitmap Index Scan on sbtest5_pkey  (cost=0.00..39.40 rows=1096 width=0)
	              Index Cond: ((id >= 4646711) AND (id <= 4647710))

table 6 : explain SELECT count(c) FROM sbtest6 WHERE id BETWEEN 2953543 AND 2954542
	Aggregate  (cost=3932.64..3932.65 rows=1 width=8)
	  ->  Bitmap Heap Scan on sbtest6  (cost=34.83..3930.11 rows=1014 width=121)
	        Recheck Cond: ((id >= 2953543) AND (id <= 2954542))
	        ->  Bitmap Index Scan on sbtest6_pkey  (cost=0.00..34.58 rows=1014 width=0)
	              Index Cond: ((id >= 2953543) AND (id <= 2954542))

table 7 : explain SELECT count(c) FROM sbtest7 WHERE id BETWEEN 5925279 AND 5926278
	Aggregate  (cost=4180.30..4180.31 rows=1 width=8)
	  ->  Bitmap Heap Scan on sbtest7  (cost=35.48..4177.61 rows=1078 width=121)
	        Recheck Cond: ((id >= 5925279) AND (id <= 5926278))
	        ->  Bitmap Index Scan on sbtest7_pkey  (cost=0.00..35.22 rows=1078 width=0)
	              Index Cond: ((id >= 5925279) AND (id <= 5926278))

table 8 : explain SELECT count(c) FROM sbtest8 WHERE id BETWEEN 7471118 AND 7472117
	Aggregate  (cost=4002.68..4002.69 rows=1 width=8)
	  ->  Index Scan using sbtest8_pkey on sbtest8  (cost=0.43..4000.12 rows=1021 width=121)
	        Index Cond: ((id >= 7471118) AND (id <= 7472117))

for: count_ranges
table 1 : explain SELECT count(c) FROM sbtest1 WHERE id BETWEEN 8920951 AND 8921950
	Aggregate  (cost=3887.96..3887.97 rows=1 width=8)
	  ->  Bitmap Heap Scan on sbtest1  (cost=34.71..3885.45 rows=1002 width=121)
	        Recheck Cond: ((id >= 8920951) AND (id <= 8921950))
	        ->  Bitmap Index Scan on sbtest1_pkey  (cost=0.00..34.45 rows=1002 width=0)
	              Index Cond: ((id >= 8920951) AND (id <= 8921950))

table 2 : explain SELECT count(c) FROM sbtest2 WHERE id BETWEEN 5190915 AND 5191914
	Aggregate  (cost=4143.37..4143.38 rows=1 width=8)
	  ->  Bitmap Heap Scan on sbtest2  (cost=35.40..4140.70 rows=1070 width=121)
	        Recheck Cond: ((id >= 5190915) AND (id <= 5191914))
	        ->  Bitmap Index Scan on sbtest2_pkey  (cost=0.00..35.14 rows=1070 width=0)
	              Index Cond: ((id >= 5190915) AND (id <= 5191914))

table 3 : explain SELECT count(c) FROM sbtest3 WHERE id BETWEEN 1551209 AND 1552208
	Aggregate  (cost=3859.52..3859.53 rows=1 width=8)
	  ->  Bitmap Heap Scan on sbtest3  (cost=34.62..3857.03 rows=994 width=121)
	        Recheck Cond: ((id >= 1551209) AND (id <= 1552208))
	        ->  Bitmap Index Scan on sbtest3_pkey  (cost=0.00..34.38 rows=994 width=0)
	              Index Cond: ((id >= 1551209) AND (id <= 1552208))

table 4 : explain SELECT count(c) FROM sbtest4 WHERE id BETWEEN 6142722 AND 6143721
	Aggregate  (cost=3816.80..3816.81 rows=1 width=8)
	  ->  Bitmap Heap Scan on sbtest4  (cost=34.50..3814.34 rows=982 width=121)
	        Recheck Cond: ((id >= 6142722) AND (id <= 6143721))
	        ->  Bitmap Index Scan on sbtest4_pkey  (cost=0.00..34.26 rows=982 width=0)
	              Index Cond: ((id >= 6142722) AND (id <= 6143721))

table 5 : explain SELECT count(c) FROM sbtest5 WHERE id BETWEEN 8548069 AND 8549068
	Aggregate  (cost=3726.06..3726.07 rows=1 width=8)
	  ->  Bitmap Heap Scan on sbtest5  (cost=34.28..3723.66 rows=960 width=121)
	        Recheck Cond: ((id >= 8548069) AND (id <= 8549068))
	        ->  Bitmap Index Scan on sbtest5_pkey  (cost=0.00..34.04 rows=960 width=0)
	              Index Cond: ((id >= 8548069) AND (id <= 8549068))

table 6 : explain SELECT count(c) FROM sbtest6 WHERE id BETWEEN 7040603 AND 7041602
	Aggregate  (cost=4015.62..4015.63 rows=1 width=8)
	  ->  Bitmap Heap Scan on sbtest6  (cost=35.05..4013.03 rows=1036 width=121)
	        Recheck Cond: ((id >= 7040603) AND (id <= 7041602))
	        ->  Bitmap Index Scan on sbtest6_pkey  (cost=0.00..34.80 rows=1036 width=0)
	              Index Cond: ((id >= 7040603) AND (id <= 7041602))

table 7 : explain SELECT count(c) FROM sbtest7 WHERE id BETWEEN 9543052 AND 9544051
	Aggregate  (cost=3995.23..3995.24 rows=1 width=8)
	  ->  Bitmap Heap Scan on sbtest7  (cost=34.98..3992.65 rows=1029 width=121)
	        Recheck Cond: ((id >= 9543052) AND (id <= 9544051))
	        ->  Bitmap Index Scan on sbtest7_pkey  (cost=0.00..34.73 rows=1029 width=0)
	              Index Cond: ((id >= 9543052) AND (id <= 9544051))

table 8 : explain SELECT count(c) FROM sbtest8 WHERE id BETWEEN 3205609 AND 3206608
	Aggregate  (cost=3784.27..3784.28 rows=1 width=8)
	  ->  Index Scan using sbtest8_pkey on sbtest8  (cost=0.43..3781.85 rows=965 width=121)
	        Index Cond: ((id >= 3205609) AND (id <= 3206608))

for: count_ranges
table 1 : explain SELECT count(c) FROM sbtest1 WHERE id BETWEEN 5047588 AND 5048587
	Aggregate  (cost=3748.18..3748.19 rows=1 width=8)
	  ->  Bitmap Heap Scan on sbtest1  (cost=34.33..3745.76 rows=965 width=121)
	        Recheck Cond: ((id >= 5047588) AND (id <= 5048587))
	        ->  Bitmap Index Scan on sbtest1_pkey  (cost=0.00..34.09 rows=965 width=0)
	              Index Cond: ((id >= 5047588) AND (id <= 5048587))

table 2 : explain SELECT count(c) FROM sbtest2 WHERE id BETWEEN 2551985 AND 2552984
	Aggregate  (cost=4094.41..4094.42 rows=1 width=8)
	  ->  Bitmap Heap Scan on sbtest2  (cost=35.27..4091.77 rows=1057 width=121)
	        Recheck Cond: ((id >= 2551985) AND (id <= 2552984))
	        ->  Bitmap Index Scan on sbtest2_pkey  (cost=0.00..35.01 rows=1057 width=0)
	              Index Cond: ((id >= 2551985) AND (id <= 2552984))

table 3 : explain SELECT count(c) FROM sbtest3 WHERE id BETWEEN 5471799 AND 5472798
	Aggregate  (cost=3969.06..3969.07 rows=1 width=8)
	  ->  Bitmap Heap Scan on sbtest3  (cost=34.92..3966.50 rows=1023 width=121)
	        Recheck Cond: ((id >= 5471799) AND (id <= 5472798))
	        ->  Bitmap Index Scan on sbtest3_pkey  (cost=0.00..34.67 rows=1023 width=0)
	              Index Cond: ((id >= 5471799) AND (id <= 5472798))

table 4 : explain SELECT count(c) FROM sbtest4 WHERE id BETWEEN 6732865 AND 6733864
	Aggregate  (cost=3801.66..3801.67 rows=1 width=8)
	  ->  Bitmap Heap Scan on sbtest4  (cost=34.46..3799.21 rows=978 width=121)
	        Recheck Cond: ((id >= 6732865) AND (id <= 6733864))
	        ->  Bitmap Index Scan on sbtest4_pkey  (cost=0.00..34.22 rows=978 width=0)
	              Index Cond: ((id >= 6732865) AND (id <= 6733864))

table 5 : explain SELECT count(c) FROM sbtest5 WHERE id BETWEEN 4806512 AND 4807511
	Aggregate  (cost=3835.51..3835.52 rows=1 width=8)
	  ->  Bitmap Heap Scan on sbtest5  (cost=34.57..3833.03 rows=989 width=121)
	        Recheck Cond: ((id >= 4806512) AND (id <= 4807511))
	        ->  Bitmap Index Scan on sbtest5_pkey  (cost=0.00..34.33 rows=989 width=0)
	              Index Cond: ((id >= 4806512) AND (id <= 4807511))

table 6 : explain SELECT count(c) FROM sbtest6 WHERE id BETWEEN 7021300 AND 7022299
	Aggregate  (cost=4015.62..4015.63 rows=1 width=8)
	  ->  Bitmap Heap Scan on sbtest6  (cost=35.05..4013.03 rows=1036 width=121)
	        Recheck Cond: ((id >= 7021300) AND (id <= 7022299))
	        ->  Bitmap Index Scan on sbtest6_pkey  (cost=0.00..34.80 rows=1036 width=0)
	              Index Cond: ((id >= 7021300) AND (id <= 7022299))

table 7 : explain SELECT count(c) FROM sbtest7 WHERE id BETWEEN 5851351 AND 5852350
	Aggregate  (cost=3749.27..3749.28 rows=1 width=8)
	  ->  Bitmap Heap Scan on sbtest7  (cost=34.32..3746.86 rows=964 width=121)
	        Recheck Cond: ((id >= 5851351) AND (id <= 5852350))
	        ->  Bitmap Index Scan on sbtest7_pkey  (cost=0.00..34.08 rows=964 width=0)
	              Index Cond: ((id >= 5851351) AND (id <= 5852350))

table 8 : explain SELECT count(c) FROM sbtest8 WHERE id BETWEEN 1459364 AND 1460363
	Aggregate  (cost=3503.34..3503.35 rows=1 width=8)
	  ->  Index Scan using sbtest8_pkey on sbtest8  (cost=0.43..3501.11 rows=894 width=121)
	        Index Cond: ((id >= 1459364) AND (id <= 1460363))

for: count_ranges
table 1 : explain SELECT count(c) FROM sbtest1 WHERE id BETWEEN 9622625 AND 9623624
	Aggregate  (cost=4140.64..4140.65 rows=1 width=8)
	  ->  Bitmap Heap Scan on sbtest1  (cost=35.39..4137.97 rows=1069 width=121)
	        Recheck Cond: ((id >= 9622625) AND (id <= 9623624))
	        ->  Bitmap Index Scan on sbtest1_pkey  (cost=0.00..35.12 rows=1069 width=0)
	              Index Cond: ((id >= 9622625) AND (id <= 9623624))

table 2 : explain SELECT count(c) FROM sbtest2 WHERE id BETWEEN 566235 AND 567234
	Aggregate  (cost=3728.39..3728.40 rows=1 width=8)
	  ->  Bitmap Heap Scan on sbtest2  (cost=34.28..3725.99 rows=960 width=121)
	        Recheck Cond: ((id >= 566235) AND (id <= 567234))
	        ->  Bitmap Index Scan on sbtest2_pkey  (cost=0.00..34.04 rows=960 width=0)
	              Index Cond: ((id >= 566235) AND (id <= 567234))

table 3 : explain SELECT count(c) FROM sbtest3 WHERE id BETWEEN 837924 AND 838923
	Aggregate  (cost=4112.45..4112.46 rows=1 width=8)
	  ->  Bitmap Heap Scan on sbtest3  (cost=35.31..4109.79 rows=1061 width=121)
	        Recheck Cond: ((id >= 837924) AND (id <= 838923))
	        ->  Bitmap Index Scan on sbtest3_pkey  (cost=0.00..35.05 rows=1061 width=0)
	              Index Cond: ((id >= 837924) AND (id <= 838923))

table 4 : explain SELECT count(c) FROM sbtest4 WHERE id BETWEEN 7948714 AND 7949713
	Aggregate  (cost=4058.77..4058.78 rows=1 width=8)
	  ->  Bitmap Heap Scan on sbtest4  (cost=35.16..4056.16 rows=1046 width=121)
	        Recheck Cond: ((id >= 7948714) AND (id <= 7949713))
	        ->  Bitmap Index Scan on sbtest4_pkey  (cost=0.00..34.90 rows=1046 width=0)
	              Index Cond: ((id >= 7948714) AND (id <= 7949713))

table 5 : explain SELECT count(c) FROM sbtest5 WHERE id BETWEEN 1457323 AND 1458322
	Aggregate  (cost=3918.46..3918.47 rows=1 width=8)
	  ->  Bitmap Heap Scan on sbtest5  (cost=34.80..3915.93 rows=1011 width=121)
	        Recheck Cond: ((id >= 1457323) AND (id <= 1458322))
	        ->  Bitmap Index Scan on sbtest5_pkey  (cost=0.00..34.55 rows=1011 width=0)
	              Index Cond: ((id >= 1457323) AND (id <= 1458322))

table 6 : explain SELECT count(c) FROM sbtest6 WHERE id BETWEEN 9279204 AND 9280203
	Aggregate  (cost=3785.39..3785.40 rows=1 width=8)
	  ->  Bitmap Heap Scan on sbtest6  (cost=34.43..3782.96 rows=975 width=121)
	        Recheck Cond: ((id >= 9279204) AND (id <= 9280203))
	        ->  Bitmap Index Scan on sbtest6_pkey  (cost=0.00..34.19 rows=975 width=0)
	              Index Cond: ((id >= 9279204) AND (id <= 9280203))

table 7 : explain SELECT count(c) FROM sbtest7 WHERE id BETWEEN 612415 AND 613414
	Aggregate  (cost=3964.98..3964.99 rows=1 width=8)
	  ->  Bitmap Heap Scan on sbtest7  (cost=34.90..3962.43 rows=1021 width=121)
	        Recheck Cond: ((id >= 612415) AND (id <= 613414))
	        ->  Bitmap Index Scan on sbtest7_pkey  (cost=0.00..34.65 rows=1021 width=0)
	              Index Cond: ((id >= 612415) AND (id <= 613414))

table 8 : explain SELECT count(c) FROM sbtest8 WHERE id BETWEEN 917119 AND 918118
	Aggregate  (cost=3593.15..3593.16 rows=1 width=8)
	  ->  Index Scan using sbtest8_pkey on sbtest8  (cost=0.43..3590.86 rows=916 width=121)
	        Index Cond: ((id >= 917119) AND (id <= 918118))

for: count_ranges
table 1 : explain SELECT count(c) FROM sbtest1 WHERE id BETWEEN 246565 AND 247564
	Aggregate  (cost=3801.09..3801.10 rows=1 width=8)
	  ->  Bitmap Heap Scan on sbtest1  (cost=34.47..3798.64 rows=979 width=121)
	        Recheck Cond: ((id >= 246565) AND (id <= 247564))
	        ->  Bitmap Index Scan on sbtest1_pkey  (cost=0.00..34.23 rows=979 width=0)
	              Index Cond: ((id >= 246565) AND (id <= 247564))

table 2 : explain SELECT count(c) FROM sbtest2 WHERE id BETWEEN 6731298 AND 6732297
	Aggregate  (cost=4343.03..4343.04 rows=1 width=8)
	  ->  Bitmap Heap Scan on sbtest2  (cost=39.94..4340.22 rows=1122 width=121)
	        Recheck Cond: ((id >= 6731298) AND (id <= 6732297))
	        ->  Bitmap Index Scan on sbtest2_pkey  (cost=0.00..39.66 rows=1122 width=0)
	              Index Cond: ((id >= 6731298) AND (id <= 6732297))

table 3 : explain SELECT count(c) FROM sbtest3 WHERE id BETWEEN 47623 AND 48622
	Aggregate  (cost=3904.86..3904.87 rows=1 width=8)
	  ->  Bitmap Heap Scan on sbtest3  (cost=34.75..3902.34 rows=1006 width=121)
	        Recheck Cond: ((id >= 47623) AND (id <= 48622))
	        ->  Bitmap Index Scan on sbtest3_pkey  (cost=0.00..34.50 rows=1006 width=0)
	              Index Cond: ((id >= 47623) AND (id <= 48622))

table 4 : explain SELECT count(c) FROM sbtest4 WHERE id BETWEEN 8709218 AND 8710217
	Aggregate  (cost=3752.44..3752.45 rows=1 width=8)
	  ->  Bitmap Heap Scan on sbtest4  (cost=34.33..3750.02 rows=965 width=121)
	        Recheck Cond: ((id >= 8709218) AND (id <= 8710217))
	        ->  Bitmap Index Scan on sbtest4_pkey  (cost=0.00..34.09 rows=965 width=0)
	              Index Cond: ((id >= 8709218) AND (id <= 8710217))

table 5 : explain SELECT count(c) FROM sbtest5 WHERE id BETWEEN 2190177 AND 2191176
	Aggregate  (cost=3525.53..3525.54 rows=1 width=8)
	  ->  Bitmap Heap Scan on sbtest5  (cost=29.74..3523.26 rows=908 width=121)
	        Recheck Cond: ((id >= 2190177) AND (id <= 2191176))
	        ->  Bitmap Index Scan on sbtest5_pkey  (cost=0.00..29.51 rows=908 width=0)
	              Index Cond: ((id >= 2190177) AND (id <= 2191176))

table 6 : explain SELECT count(c) FROM sbtest6 WHERE id BETWEEN 8502135 AND 8503134
	Aggregate  (cost=3876.03..3876.04 rows=1 width=8)
	  ->  Bitmap Heap Scan on sbtest6  (cost=34.67..3873.53 rows=999 width=121)
	        Recheck Cond: ((id >= 8502135) AND (id <= 8503134))
	        ->  Bitmap Index Scan on sbtest6_pkey  (cost=0.00..34.43 rows=999 width=0)
	              Index Cond: ((id >= 8502135) AND (id <= 8503134))

table 7 : explain SELECT count(c) FROM sbtest7 WHERE id BETWEEN 3395946 AND 3396945
	Aggregate  (cost=3715.17..3715.18 rows=1 width=8)
	  ->  Bitmap Heap Scan on sbtest7  (cost=34.22..3712.78 rows=955 width=121)
	        Recheck Cond: ((id >= 3395946) AND (id <= 3396945))
	        ->  Bitmap Index Scan on sbtest7_pkey  (cost=0.00..33.98 rows=955 width=0)
	              Index Cond: ((id >= 3395946) AND (id <= 3396945))

table 8 : explain SELECT count(c) FROM sbtest8 WHERE id BETWEEN 6401811 AND 6402810
	Aggregate  (cost=3978.40..3978.41 rows=1 width=8)
	  ->  Bitmap Heap Scan on sbtest8  (cost=34.94..3975.84 rows=1025 width=121)
	        Recheck Cond: ((id >= 6401811) AND (id <= 6402810))
	        ->  Bitmap Index Scan on sbtest8_pkey  (cost=0.00..34.69 rows=1025 width=0)
	              Index Cond: ((id >= 6401811) AND (id <= 6402810))

for: count_ranges
table 1 : explain SELECT count(c) FROM sbtest1 WHERE id BETWEEN 9032625 AND 9033624
	Aggregate  (cost=3471.66..3471.67 rows=1 width=8)
	  ->  Bitmap Heap Scan on sbtest1  (cost=29.59..3469.43 rows=893 width=121)
	        Recheck Cond: ((id >= 9032625) AND (id <= 9033624))
	        ->  Bitmap Index Scan on sbtest1_pkey  (cost=0.00..29.36 rows=893 width=0)
	              Index Cond: ((id >= 9032625) AND (id <= 9033624))

table 2 : explain SELECT count(c) FROM sbtest2 WHERE id BETWEEN 3005704 AND 3006703
	Aggregate  (cost=3894.57..3894.58 rows=1 width=8)
	  ->  Bitmap Heap Scan on sbtest2  (cost=34.73..3892.06 rows=1004 width=121)
	        Recheck Cond: ((id >= 3005704) AND (id <= 3006703))
	        ->  Bitmap Index Scan on sbtest2_pkey  (cost=0.00..34.48 rows=1004 width=0)
	              Index Cond: ((id >= 3005704) AND (id <= 3006703))

table 3 : explain SELECT count(c) FROM sbtest3 WHERE id BETWEEN 95024 AND 96023
	Aggregate  (cost=3904.86..3904.87 rows=1 width=8)
	  ->  Bitmap Heap Scan on sbtest3  (cost=34.75..3902.34 rows=1006 width=121)
	        Recheck Cond: ((id >= 95024) AND (id <= 96023))
	        ->  Bitmap Index Scan on sbtest3_pkey  (cost=0.00..34.50 rows=1006 width=0)
	              Index Cond: ((id >= 95024) AND (id <= 96023))

table 4 : explain SELECT count(c) FROM sbtest4 WHERE id BETWEEN 3044893 AND 3045892
	Aggregate  (cost=4628.03..4628.04 rows=1 width=8)
	  ->  Bitmap Heap Scan on sbtest4  (cost=40.70..4625.04 rows=1197 width=121)
	        Recheck Cond: ((id >= 3044893) AND (id <= 3045892))
	        ->  Bitmap Index Scan on sbtest4_pkey  (cost=0.00..40.41 rows=1197 width=0)
	              Index Cond: ((id >= 3044893) AND (id <= 3045892))

table 5 : explain SELECT count(c) FROM sbtest5 WHERE id BETWEEN 3886714 AND 3887713
	Aggregate  (cost=4332.59..4332.60 rows=1 width=8)
	  ->  Bitmap Heap Scan on sbtest5  (cost=39.93..4329.79 rows=1121 width=121)
	        Recheck Cond: ((id >= 3886714) AND (id <= 3887713))
	        ->  Bitmap Index Scan on sbtest5_pkey  (cost=0.00..39.65 rows=1121 width=0)
	              Index Cond: ((id >= 3886714) AND (id <= 3887713))

table 6 : explain SELECT count(c) FROM sbtest6 WHERE id BETWEEN 8974698 AND 8975697
	Aggregate  (cost=3819.39..3819.40 rows=1 width=8)
	  ->  Bitmap Heap Scan on sbtest6  (cost=34.52..3816.93 rows=984 width=121)
	        Recheck Cond: ((id >= 8974698) AND (id <= 8975697))
	        ->  Bitmap Index Scan on sbtest6_pkey  (cost=0.00..34.28 rows=984 width=0)
	              Index Cond: ((id >= 8974698) AND (id <= 8975697))

table 7 : explain SELECT count(c) FROM sbtest7 WHERE id BETWEEN 4375711 AND 4376710
	Aggregate  (cost=4074.58..4074.59 rows=1 width=8)
	  ->  Bitmap Heap Scan on sbtest7  (cost=35.20..4071.95 rows=1050 width=121)
	        Recheck Cond: ((id >= 4375711) AND (id <= 4376710))
	        ->  Bitmap Index Scan on sbtest7_pkey  (cost=0.00..34.94 rows=1050 width=0)
	              Index Cond: ((id >= 4375711) AND (id <= 4376710))

table 8 : explain SELECT count(c) FROM sbtest8 WHERE id BETWEEN 6172159 AND 6173158
	Aggregate  (cost=4016.17..4016.18 rows=1 width=8)
	  ->  Bitmap Heap Scan on sbtest8  (cost=35.04..4013.59 rows=1035 width=121)
	        Recheck Cond: ((id >= 6172159) AND (id <= 6173158))
	        ->  Bitmap Index Scan on sbtest8_pkey  (cost=0.00..34.79 rows=1035 width=0)
	              Index Cond: ((id >= 6172159) AND (id <= 6173158))

for: count_ranges
table 1 : explain SELECT count(c) FROM sbtest1 WHERE id BETWEEN 8161524 AND 8162523
	Aggregate  (cost=4242.55..4242.56 rows=1 width=8)
	  ->  Bitmap Heap Scan on sbtest1  (cost=39.66..4239.81 rows=1095 width=121)
	        Recheck Cond: ((id >= 8161524) AND (id <= 8162523))
	        ->  Bitmap Index Scan on sbtest1_pkey  (cost=0.00..39.39 rows=1095 width=0)
	              Index Cond: ((id >= 8161524) AND (id <= 8162523))

table 2 : explain SELECT count(c) FROM sbtest2 WHERE id BETWEEN 2367443 AND 2368442
	Aggregate  (cost=3970.02..3970.03 rows=1 width=8)
	  ->  Bitmap Heap Scan on sbtest2  (cost=34.93..3967.46 rows=1024 width=121)
	        Recheck Cond: ((id >= 2367443) AND (id <= 2368442))
	        ->  Bitmap Index Scan on sbtest2_pkey  (cost=0.00..34.68 rows=1024 width=0)
	              Index Cond: ((id >= 2367443) AND (id <= 2368442))

table 3 : explain SELECT count(c) FROM sbtest3 WHERE id BETWEEN 3214428 AND 3215427
	Aggregate  (cost=3621.17..3621.18 rows=1 width=8)
	  ->  Bitmap Heap Scan on sbtest3  (cost=33.98..3618.84 rows=931 width=121)
	        Recheck Cond: ((id >= 3214428) AND (id <= 3215427))
	        ->  Bitmap Index Scan on sbtest3_pkey  (cost=0.00..33.75 rows=931 width=0)
	              Index Cond: ((id >= 3214428) AND (id <= 3215427))

table 4 : explain SELECT count(c) FROM sbtest4 WHERE id BETWEEN 8510043 AND 8511042
	Aggregate  (cost=3820.58..3820.59 rows=1 width=8)
	  ->  Bitmap Heap Scan on sbtest4  (cost=34.51..3818.12 rows=983 width=121)
	        Recheck Cond: ((id >= 8510043) AND (id <= 8511042))
	        ->  Bitmap Index Scan on sbtest4_pkey  (cost=0.00..34.27 rows=983 width=0)
	              Index Cond: ((id >= 8510043) AND (id <= 8511042))

table 5 : explain SELECT count(c) FROM sbtest5 WHERE id BETWEEN 3410657 AND 3411656
	Aggregate  (cost=4343.86..4343.87 rows=1 width=8)
	  ->  Bitmap Heap Scan on sbtest5  (cost=39.96..4341.05 rows=1124 width=121)
	        Recheck Cond: ((id >= 3410657) AND (id <= 3411656))
	        ->  Bitmap Index Scan on sbtest5_pkey  (cost=0.00..39.68 rows=1124 width=0)
	              Index Cond: ((id >= 3410657) AND (id <= 3411656))

table 6 : explain SELECT count(c) FROM sbtest6 WHERE id BETWEEN 6768557 AND 6769556
	Aggregate  (cost=3993.00..3993.01 rows=1 width=8)
	  ->  Bitmap Heap Scan on sbtest6  (cost=34.99..3990.42 rows=1030 width=121)
	        Recheck Cond: ((id >= 6768557) AND (id <= 6769556))
	        ->  Bitmap Index Scan on sbtest6_pkey  (cost=0.00..34.73 rows=1030 width=0)
	              Index Cond: ((id >= 6768557) AND (id <= 6769556))

table 7 : explain SELECT count(c) FROM sbtest7 WHERE id BETWEEN 3810031 AND 3811030
	Aggregate  (cost=3885.55..3885.56 rows=1 width=8)
	  ->  Bitmap Heap Scan on sbtest7  (cost=34.69..3883.05 rows=1000 width=121)
	        Recheck Cond: ((id >= 3810031) AND (id <= 3811030))
	        ->  Bitmap Index Scan on sbtest7_pkey  (cost=0.00..34.44 rows=1000 width=0)
	              Index Cond: ((id >= 3810031) AND (id <= 3811030))

table 8 : explain SELECT count(c) FROM sbtest8 WHERE id BETWEEN 1424619 AND 1425618
	Aggregate  (cost=3503.34..3503.35 rows=1 width=8)
	  ->  Index Scan using sbtest8_pkey on sbtest8  (cost=0.43..3501.11 rows=894 width=121)
	        Index Cond: ((id >= 1424619) AND (id <= 1425618))

for: count_ranges
table 1 : explain SELECT count(c) FROM sbtest1 WHERE id BETWEEN 5568931 AND 5569930
	Aggregate  (cost=3691.46..3691.47 rows=1 width=8)
	  ->  Bitmap Heap Scan on sbtest1  (cost=34.17..3689.08 rows=950 width=121)
	        Recheck Cond: ((id >= 5568931) AND (id <= 5569930))
	        ->  Bitmap Index Scan on sbtest1_pkey  (cost=0.00..33.94 rows=950 width=0)
	              Index Cond: ((id >= 5568931) AND (id <= 5569930))

table 2 : explain SELECT count(c) FROM sbtest2 WHERE id BETWEEN 413061 AND 414060
	Aggregate  (cost=3705.71..3705.72 rows=1 width=8)
	  ->  Bitmap Heap Scan on sbtest2  (cost=34.21..3703.33 rows=954 width=121)
	        Recheck Cond: ((id >= 413061) AND (id <= 414060))
	        ->  Bitmap Index Scan on sbtest2_pkey  (cost=0.00..33.98 rows=954 width=0)
	              Index Cond: ((id >= 413061) AND (id <= 414060))

table 3 : explain SELECT count(c) FROM sbtest3 WHERE id BETWEEN 7800360 AND 7801359
	Aggregate  (cost=3454.20..3454.21 rows=1 width=8)
	  ->  Bitmap Heap Scan on sbtest3  (cost=29.54..3451.98 rows=888 width=121)
	        Recheck Cond: ((id >= 7800360) AND (id <= 7801359))
	        ->  Bitmap Index Scan on sbtest3_pkey  (cost=0.00..29.32 rows=888 width=0)
	              Index Cond: ((id >= 7800360) AND (id <= 7801359))

table 4 : explain SELECT count(c) FROM sbtest4 WHERE id BETWEEN 9545445 AND 9546444
	Aggregate  (cost=4017.22..4017.23 rows=1 width=8)
	  ->  Bitmap Heap Scan on sbtest4  (cost=35.04..4014.63 rows=1035 width=121)
	        Recheck Cond: ((id >= 9545445) AND (id <= 9546444))
	        ->  Bitmap Index Scan on sbtest4_pkey  (cost=0.00..34.79 rows=1035 width=0)
	              Index Cond: ((id >= 9545445) AND (id <= 9546444))

table 5 : explain SELECT count(c) FROM sbtest5 WHERE id BETWEEN 9939160 AND 9940159
	Aggregate  (cost=3635.40..3635.41 rows=1 width=8)
	  ->  Bitmap Heap Scan on sbtest5  (cost=34.03..3633.06 rows=936 width=121)
	        Recheck Cond: ((id >= 9939160) AND (id <= 9940159))
	        ->  Bitmap Index Scan on sbtest5_pkey  (cost=0.00..33.80 rows=936 width=0)
	              Index Cond: ((id >= 9939160) AND (id <= 9940159))

table 6 : explain SELECT count(c) FROM sbtest6 WHERE id BETWEEN 9933222 AND 9934221
	Aggregate  (cost=4151.28..4151.29 rows=1 width=8)
	  ->  Bitmap Heap Scan on sbtest6  (cost=35.42..4148.60 rows=1072 width=121)
	        Recheck Cond: ((id >= 9933222) AND (id <= 9934221))
	        ->  Bitmap Index Scan on sbtest6_pkey  (cost=0.00..35.16 rows=1072 width=0)
	              Index Cond: ((id >= 9933222) AND (id <= 9934221))

table 7 : explain SELECT count(c) FROM sbtest7 WHERE id BETWEEN 6515370 AND 6516369
	Aggregate  (cost=4455.75..4455.76 rows=1 width=8)
	  ->  Bitmap Heap Scan on sbtest7  (cost=40.22..4452.87 rows=1150 width=121)
	        Recheck Cond: ((id >= 6515370) AND (id <= 6516369))
	        ->  Bitmap Index Scan on sbtest7_pkey  (cost=0.00..39.94 rows=1150 width=0)
	              Index Cond: ((id >= 6515370) AND (id <= 6516369))

table 8 : explain SELECT count(c) FROM sbtest8 WHERE id BETWEEN 8013689 AND 8014688
	Aggregate  (cost=3916.87..3916.88 rows=1 width=8)
	  ->  Index Scan using sbtest8_pkey on sbtest8  (cost=0.43..3914.37 rows=999 width=121)
	        Index Cond: ((id >= 8013689) AND (id <= 8014688))

for: count_ranges
table 1 : explain SELECT count(c) FROM sbtest1 WHERE id BETWEEN 3156034 AND 3157033
	Aggregate  (cost=4276.42..4276.43 rows=1 width=8)
	  ->  Bitmap Heap Scan on sbtest1  (cost=39.75..4273.66 rows=1104 width=121)
	        Recheck Cond: ((id >= 3156034) AND (id <= 3157033))
	        ->  Bitmap Index Scan on sbtest1_pkey  (cost=0.00..39.48 rows=1104 width=0)
	              Index Cond: ((id >= 3156034) AND (id <= 3157033))

table 2 : explain SELECT count(c) FROM sbtest2 WHERE id BETWEEN 4473227 AND 4474226
	Aggregate  (cost=3947.39..3947.40 rows=1 width=8)
	  ->  Bitmap Heap Scan on sbtest2  (cost=34.87..3944.84 rows=1018 width=121)
	        Recheck Cond: ((id >= 4473227) AND (id <= 4474226))
	        ->  Bitmap Index Scan on sbtest2_pkey  (cost=0.00..34.62 rows=1018 width=0)
	              Index Cond: ((id >= 4473227) AND (id <= 4474226))

table 3 : explain SELECT count(c) FROM sbtest3 WHERE id BETWEEN 7185648 AND 7186647
	Aggregate  (cost=3613.60..3613.61 rows=1 width=8)
	  ->  Bitmap Heap Scan on sbtest3  (cost=33.96..3611.27 rows=929 width=121)
	        Recheck Cond: ((id >= 7185648) AND (id <= 7186647))
	        ->  Bitmap Index Scan on sbtest3_pkey  (cost=0.00..33.73 rows=929 width=0)
	              Index Cond: ((id >= 7185648) AND (id <= 7186647))

table 4 : explain SELECT count(c) FROM sbtest4 WHERE id BETWEEN 9123323 AND 9124322
	Aggregate  (cost=3968.09..3968.10 rows=1 width=8)
	  ->  Bitmap Heap Scan on sbtest4  (cost=34.91..3965.53 rows=1022 width=121)
	        Recheck Cond: ((id >= 9123323) AND (id <= 9124322))
	        ->  Bitmap Index Scan on sbtest4_pkey  (cost=0.00..34.66 rows=1022 width=0)
	              Index Cond: ((id >= 9123323) AND (id <= 9124322))

table 5 : explain SELECT count(c) FROM sbtest5 WHERE id BETWEEN 9027119 AND 9028118
	Aggregate  (cost=4166.96..4166.97 rows=1 width=8)
	  ->  Bitmap Heap Scan on sbtest5  (cost=35.47..4164.27 rows=1077 width=121)
	        Recheck Cond: ((id >= 9027119) AND (id <= 9028118))
	        ->  Bitmap Index Scan on sbtest5_pkey  (cost=0.00..35.20 rows=1077 width=0)
	              Index Cond: ((id >= 9027119) AND (id <= 9028118))

table 6 : explain SELECT count(c) FROM sbtest6 WHERE id BETWEEN 1005536 AND 1006535
	Aggregate  (cost=3690.90..3690.91 rows=1 width=8)
	  ->  Bitmap Heap Scan on sbtest6  (cost=34.17..3688.52 rows=950 width=121)
	        Recheck Cond: ((id >= 1005536) AND (id <= 1006535))
	        ->  Bitmap Index Scan on sbtest6_pkey  (cost=0.00..33.94 rows=950 width=0)
	              Index Cond: ((id >= 1005536) AND (id <= 1006535))

table 7 : explain SELECT count(c) FROM sbtest7 WHERE id BETWEEN 4251811 AND 4252810
	Aggregate  (cost=3953.64..3953.65 rows=1 width=8)
	  ->  Bitmap Heap Scan on sbtest7  (cost=34.87..3951.09 rows=1018 width=121)
	        Recheck Cond: ((id >= 4251811) AND (id <= 4252810))
	        ->  Bitmap Index Scan on sbtest7_pkey  (cost=0.00..34.62 rows=1018 width=0)
	              Index Cond: ((id >= 4251811) AND (id <= 4252810))

table 8 : explain SELECT count(c) FROM sbtest8 WHERE id BETWEEN 139986 AND 140985
	Aggregate  (cost=3795.96..3795.97 rows=1 width=8)
	  ->  Index Scan using sbtest8_pkey on sbtest8  (cost=0.43..3793.54 rows=968 width=121)
	        Index Cond: ((id >= 139986) AND (id <= 140985))

Threads started!

Warming up for 5 seconds...

SQL statistics:
    queries performed:
        read:                            19346598
        write:                           0
        other:                           0
        total:                           19346598
    transactions:                        19346598 (30708.59 per sec.)
    queries:                             19346598 (30708.59 per sec.)
    ignored errors:                      0      (0.00 per sec.)
    reconnects:                          0      (0.00 per sec.)

Throughput:
    events/s (eps):                      30708.5871
    time elapsed:                        630.0062s
    total number of events:              19346598

Latency (ms):
         min:                                    0.09
         avg:                                    1.30
         max:                                    9.51
         95th percentile:                        1.42
         sum:                             25191146.18

Threads fairness:
    events (avg/stddev):           483664.4750/1669.86
    execution time (avg/stddev):   629.7787/0.00

