LUA_PATH=/home/mdcallag/git/mytools/bench/sysbench.lua/lua/?.lua /home/mdcallag/git/mytools/bench/sysbench.lua/lua/sysbench --db-driver=pgsql --range-size=100 --table-size=10000000 --tables=8 --threads=40 --events=0 --warmup-time=5 --time=630 --pgsql_conn_id=true /home/mdcallag/git/mytools/bench/sysbench.lua/lua/oltp_range_covered.lua run --pgsql-user=root --pgsql-password=pw --pgsql-host=127.0.0.1 --pgsql-db=ib --rand-type=uniform --random-points=100 --skip-trx --covered=false
48 CPUs
sysbench 1.1.0-9072687 (using bundled LuaJIT 2.1.0-beta3)

Running the test with following options:
Number of threads: 40
Warmup time: 5s
Initializing random number generator from current time


Initializing worker threads...

explain: for range-notcovered :: explain SELECT id, c FROM sbtest%d WHERE id BETWEEN 4194569 AND 4194669
explain: for range-notcovered :: explain SELECT id, c FROM sbtest%d WHERE id BETWEEN 3766484 AND 3766584
explain: for range-notcovered :: explain SELECT id, c FROM sbtest%d WHERE id BETWEEN 4531599 AND 4531699
explain: for range-notcovered :: explain SELECT id, c FROM sbtest%d WHERE id BETWEEN 3107422 AND 3107522
explain: for range-notcovered :: explain SELECT id, c FROM sbtest%d WHERE id BETWEEN 4168243 AND 4168343
explain: for range-notcovered :: explain SELECT id, c FROM sbtest%d WHERE id BETWEEN 5128817 AND 5128917
explain: for range-notcovered :: explain SELECT id, c FROM sbtest%d WHERE id BETWEEN 3864003 AND 3864103
explain: for range-notcovered :: explain SELECT id, c FROM sbtest%d WHERE id BETWEEN 8052712 AND 8052812
explain: for range-notcovered :: explain SELECT id, c FROM sbtest%d WHERE id BETWEEN 3890030 AND 3890130
for range-notcovered
table 1 : explain SELECT id, c FROM sbtest1 WHERE id BETWEEN 4194569 AND 4194669
	Index Scan using sbtest1_pkey on sbtest1  (cost=0.43..446.72 rows=113 width=125)
	  Index Cond: ((id >= 4194569) AND (id <= 4194669))

table 2 : explain SELECT id, c FROM sbtest2 WHERE id BETWEEN 4194569 AND 4194669
	Index Scan using sbtest2_pkey on sbtest2  (cost=0.43..418.74 rows=105 width=125)
	  Index Cond: ((id >= 4194569) AND (id <= 4194669))

table 3 : explain SELECT id, c FROM sbtest3 WHERE id BETWEEN 4194569 AND 4194669
	Index Scan using sbtest3_pkey on sbtest3  (cost=0.43..389.01 rows=98 width=125)
	  Index Cond: ((id >= 4194569) AND (id <= 4194669))

table 4 : explain SELECT id, c FROM sbtest4 WHERE id BETWEEN 4194569 AND 4194669
	Index Scan using sbtest4_pkey on sbtest4  (cost=0.43..365.35 rows=92 width=125)
	  Index Cond: ((id >= 4194569) AND (id <= 4194669))

table 5 : explain SELECT id, c FROM sbtest5 WHERE id BETWEEN 4194569 AND 4194669
	Index Scan using sbtest5_pkey on sbtest5  (cost=0.43..392.79 rows=99 width=125)
	  Index Cond: ((id >= 4194569) AND (id <= 4194669))

table 6 : explain SELECT id, c FROM sbtest6 WHERE id BETWEEN 4194569 AND 4194669
	Index Scan using sbtest6_pkey on sbtest6  (cost=0.43..408.37 rows=103 width=125)
	  Index Cond: ((id >= 4194569) AND (id <= 4194669))

table 7 : explain SELECT id, c FROM sbtest7 WHERE id BETWEEN 4194569 AND 4194669
	Index Scan using sbtest7_pkey on sbtest7  (cost=0.43..442.84 rows=112 width=125)
	  Index Cond: ((id >= 4194569) AND (id <= 4194669))

table 8 : explain SELECT id, c FROM sbtest8 WHERE id BETWEEN 4194569 AND 4194669
	Index Scan using sbtest8_pkey on sbtest8  (cost=0.43..429.38 rows=109 width=125)
	  Index Cond: ((id >= 4194569) AND (id <= 4194669))

explain: for range-notcovered :: explain SELECT id, c FROM sbtest%d WHERE id BETWEEN 4194569 AND 4194669
explain: for range-notcovered :: explain SELECT id, c FROM sbtest%d WHERE id BETWEEN 756976 AND 757076
explain: for range-notcovered :: explain SELECT id, c FROM sbtest%d WHERE id BETWEEN 3906900 AND 3907000
for range-notcovered
table 1 : explain SELECT id, c FROM sbtest1 WHERE id BETWEEN 3766484 AND 3766584
	Index Scan using sbtest1_pkey on sbtest1  (cost=0.43..360.62 rows=91 width=125)
	  Index Cond: ((id >= 3766484) AND (id <= 3766584))

table 2 : explain SELECT id, c FROM sbtest2 WHERE id BETWEEN 3766484 AND 3766584
	Index Scan using sbtest2_pkey on sbtest2  (cost=0.43..371.39 rows=93 width=125)
	  Index Cond: ((id >= 3766484) AND (id <= 3766584))

table 3 : explain SELECT id, c FROM sbtest3 WHERE id BETWEEN 3766484 AND 3766584
	Index Scan using sbtest3_pkey on sbtest3  (cost=0.43..451.77 rows=114 width=125)
	  Index Cond: ((id >= 3766484) AND (id <= 3766584))

table 4 : explain SELECT id, c FROM sbtest4 WHERE id BETWEEN 3766484 AND 3766584
	Index Scan using sbtest4_pkey on sbtest4  (cost=0.43..412.40 rows=104 width=125)
	  Index Cond: ((id >= 3766484) AND (id <= 3766584))

table 5 : explain SELECT id, c FROM sbtest5 WHERE id BETWEEN 3766484 AND 3766584
	Index Scan using sbtest5_pkey on sbtest5  (cost=0.43..396.71 rows=100 width=125)
	  Index Cond: ((id >= 3766484) AND (id <= 3766584))

table 6 : explain SELECT id, c FROM sbtest6 WHERE id BETWEEN 3766484 AND 3766584
	Index Scan using sbtest6_pkey on sbtest6  (cost=0.43..424.05 rows=107 width=125)
	  Index Cond: ((id >= 3766484) AND (id <= 3766584))

table 7 : explain SELECT id, c FROM sbtest7 WHERE id BETWEEN 3766484 AND 3766584
	Index Scan using sbtest7_pkey on sbtest7  (cost=0.43..407.62 rows=103 width=125)
	  Index Cond: ((id >= 3766484) AND (id <= 3766584))

table 8 : explain SELECT id, c FROM sbtest8 WHERE id BETWEEN 3766484 AND 3766584
	Index Scan using sbtest8_pkey on sbtest8  (cost=0.43..452.76 rows=115 width=125)
	  Index Cond: ((id >= 3766484) AND (id <= 3766584))

explain: for range-notcovered :: explain SELECT id, c FROM sbtest%d WHERE id BETWEEN 3766484 AND 3766584
explain: for range-notcovered :: explain SELECT id, c FROM sbtest%d WHERE id BETWEEN 8184561 AND 8184661
for range-notcovered
table 1 : explain SELECT id, c FROM sbtest1 WHERE id BETWEEN 4531599 AND 4531699
	Index Scan using sbtest1_pkey on sbtest1  (cost=0.43..376.30 rows=95 width=125)
	  Index Cond: ((id >= 4531599) AND (id <= 4531699))

table 2 : explain SELECT id, c FROM sbtest2 WHERE id BETWEEN 4531599 AND 4531699
	Index Scan using sbtest2_pkey on sbtest2  (cost=0.43..410.85 rows=103 width=125)
	  Index Cond: ((id >= 4531599) AND (id <= 4531699))

table 3 : explain SELECT id, c FROM sbtest3 WHERE id BETWEEN 4531599 AND 4531699
	Index Scan using sbtest3_pkey on sbtest3  (cost=0.43..389.01 rows=98 width=125)
	  Index Cond: ((id >= 4531599) AND (id <= 4531699))

table 4 : explain SELECT id, c FROM sbtest4 WHERE id BETWEEN 4531599 AND 4531699
	Index Scan using sbtest4_pkey on sbtest4  (cost=0.43..408.48 rows=103 width=125)
	  Index Cond: ((id >= 4531599) AND (id <= 4531699))

table 5 : explain SELECT id, c FROM sbtest5 WHERE id BETWEEN 4531599 AND 4531699
	Index Scan using sbtest5_pkey on sbtest5  (cost=0.43..408.47 rows=103 width=125)
	  Index Cond: ((id >= 4531599) AND (id <= 4531699))

table 6 : explain SELECT id, c FROM sbtest6 WHERE id BETWEEN 4531599 AND 4531699
	Index Scan using sbtest6_pkey on sbtest6  (cost=0.43..388.77 rows=98 width=125)
	  Index Cond: ((id >= 4531599) AND (id <= 4531699))

table 7 : explain SELECT id, c FROM sbtest7 WHERE id BETWEEN 4531599 AND 4531699
	Index Scan using sbtest7_pkey on sbtest7  (cost=0.43..391.97 rows=99 width=125)
	  Index Cond: ((id >= 4531599) AND (id <= 4531699))

table 8 : explain SELECT id, c FROM sbtest8 WHERE id BETWEEN 4531599 AND 4531699
	Index Scan using sbtest8_pkey on sbtest8  (cost=0.43..398.20 rows=101 width=125)
	  Index Cond: ((id >= 4531599) AND (id <= 4531699))

for range-notcovered
table 1 : explain SELECT id, c FROM sbtest1 WHERE id BETWEEN 4194569 AND 4194669
	Index Scan using sbtest1_pkey on sbtest1  (cost=0.43..446.72 rows=113 width=125)
	  Index Cond: ((id >= 4194569) AND (id <= 4194669))

table 2 : explain SELECT id, c FROM sbtest2 WHERE id BETWEEN 4194569 AND 4194669
	Index Scan using sbtest2_pkey on sbtest2  (cost=0.43..418.74 rows=105 width=125)
	  Index Cond: ((id >= 4194569) AND (id <= 4194669))

table 3 : explain SELECT id, c FROM sbtest3 WHERE id BETWEEN 4194569 AND 4194669
	Index Scan using sbtest3_pkey on sbtest3  (cost=0.43..389.01 rows=98 width=125)
	  Index Cond: ((id >= 4194569) AND (id <= 4194669))

table 4 : explain SELECT id, c FROM sbtest4 WHERE id BETWEEN 4194569 AND 4194669
	Index Scan using sbtest4_pkey on sbtest4  (cost=0.43..365.35 rows=92 width=125)
	  Index Cond: ((id >= 4194569) AND (id <= 4194669))

table 5 : explain SELECT id, c FROM sbtest5 WHERE id BETWEEN 4194569 AND 4194669
	Index Scan using sbtest5_pkey on sbtest5  (cost=0.43..392.79 rows=99 width=125)
	  Index Cond: ((id >= 4194569) AND (id <= 4194669))

table 6 : explain SELECT id, c FROM sbtest6 WHERE id BETWEEN 4194569 AND 4194669
	Index Scan using sbtest6_pkey on sbtest6  (cost=0.43..408.37 rows=103 width=125)
	  Index Cond: ((id >= 4194569) AND (id <= 4194669))

table 7 : explain SELECT id, c FROM sbtest7 WHERE id BETWEEN 4194569 AND 4194669
	Index Scan using sbtest7_pkey on sbtest7  (cost=0.43..442.84 rows=112 width=125)
	  Index Cond: ((id >= 4194569) AND (id <= 4194669))

table 8 : explain SELECT id, c FROM sbtest8 WHERE id BETWEEN 4194569 AND 4194669
	Index Scan using sbtest8_pkey on sbtest8  (cost=0.43..429.38 rows=109 width=125)
	  Index Cond: ((id >= 4194569) AND (id <= 4194669))

explain: for range-notcovered :: explain SELECT id, c FROM sbtest%d WHERE id BETWEEN 4531599 AND 4531699
explain: for range-notcovered :: explain SELECT id, c FROM sbtest%d WHERE id BETWEEN 4194569 AND 4194669
for range-notcovered
table 1 : explain SELECT id, c FROM sbtest1 WHERE id BETWEEN 3766484 AND 3766584
	Index Scan using sbtest1_pkey on sbtest1  (cost=0.43..360.62 rows=91 width=125)
	  Index Cond: ((id >= 3766484) AND (id <= 3766584))

table 2 : explain SELECT id, c FROM sbtest2 WHERE id BETWEEN 3766484 AND 3766584
	Index Scan using sbtest2_pkey on sbtest2  (cost=0.43..371.39 rows=93 width=125)
	  Index Cond: ((id >= 3766484) AND (id <= 3766584))

table 3 : explain SELECT id, c FROM sbtest3 WHERE id BETWEEN 3766484 AND 3766584
	Index Scan using sbtest3_pkey on sbtest3  (cost=0.43..451.77 rows=114 width=125)
	  Index Cond: ((id >= 3766484) AND (id <= 3766584))

table 4 : explain SELECT id, c FROM sbtest4 WHERE id BETWEEN 3766484 AND 3766584
	Index Scan using sbtest4_pkey on sbtest4  (cost=0.43..412.40 rows=104 width=125)
	  Index Cond: ((id >= 3766484) AND (id <= 3766584))

table 5 : explain SELECT id, c FROM sbtest5 WHERE id BETWEEN 3766484 AND 3766584
	Index Scan using sbtest5_pkey on sbtest5  (cost=0.43..396.71 rows=100 width=125)
	  Index Cond: ((id >= 3766484) AND (id <= 3766584))

table 6 : explain SELECT id, c FROM sbtest6 WHERE id BETWEEN 3766484 AND 3766584
	Index Scan using sbtest6_pkey on sbtest6  (cost=0.43..424.05 rows=107 width=125)
	  Index Cond: ((id >= 3766484) AND (id <= 3766584))

table 7 : explain SELECT id, c FROM sbtest7 WHERE id BETWEEN 3766484 AND 3766584
	Index Scan using sbtest7_pkey on sbtest7  (cost=0.43..407.62 rows=103 width=125)
	  Index Cond: ((id >= 3766484) AND (id <= 3766584))

table 8 : explain SELECT id, c FROM sbtest8 WHERE id BETWEEN 3766484 AND 3766584
	Index Scan using sbtest8_pkey on sbtest8  (cost=0.43..452.76 rows=115 width=125)
	  Index Cond: ((id >= 3766484) AND (id <= 3766584))

explain: for range-notcovered :: explain SELECT id, c FROM sbtest%d WHERE id BETWEEN 3766484 AND 3766584
for range-notcovered
table 1 : explain SELECT id, c FROM sbtest1 WHERE id BETWEEN 4194569 AND 4194669
	Index Scan using sbtest1_pkey on sbtest1  (cost=0.43..446.72 rows=113 width=125)
	  Index Cond: ((id >= 4194569) AND (id <= 4194669))

table 2 : explain SELECT id, c FROM sbtest2 WHERE id BETWEEN 4194569 AND 4194669
	Index Scan using sbtest2_pkey on sbtest2  (cost=0.43..418.74 rows=105 width=125)
	  Index Cond: ((id >= 4194569) AND (id <= 4194669))

table 3 : explain SELECT id, c FROM sbtest3 WHERE id BETWEEN 4194569 AND 4194669
	Index Scan using sbtest3_pkey on sbtest3  (cost=0.43..389.01 rows=98 width=125)
	  Index Cond: ((id >= 4194569) AND (id <= 4194669))

table 4 : explain SELECT id, c FROM sbtest4 WHERE id BETWEEN 4194569 AND 4194669
	Index Scan using sbtest4_pkey on sbtest4  (cost=0.43..365.35 rows=92 width=125)
	  Index Cond: ((id >= 4194569) AND (id <= 4194669))

table 5 : explain SELECT id, c FROM sbtest5 WHERE id BETWEEN 4194569 AND 4194669
	Index Scan using sbtest5_pkey on sbtest5  (cost=0.43..392.79 rows=99 width=125)
	  Index Cond: ((id >= 4194569) AND (id <= 4194669))

table 6 : explain SELECT id, c FROM sbtest6 WHERE id BETWEEN 4194569 AND 4194669
	Index Scan using sbtest6_pkey on sbtest6  (cost=0.43..408.37 rows=103 width=125)
	  Index Cond: ((id >= 4194569) AND (id <= 4194669))

table 7 : explain SELECT id, c FROM sbtest7 WHERE id BETWEEN 4194569 AND 4194669
	Index Scan using sbtest7_pkey on sbtest7  (cost=0.43..442.84 rows=112 width=125)
	  Index Cond: ((id >= 4194569) AND (id <= 4194669))

table 8 : explain SELECT id, c FROM sbtest8 WHERE id BETWEEN 4194569 AND 4194669
	Index Scan using sbtest8_pkey on sbtest8  (cost=0.43..429.38 rows=109 width=125)
	  Index Cond: ((id >= 4194569) AND (id <= 4194669))

for range-notcovered
table 1 : explain SELECT id, c FROM sbtest1 WHERE id BETWEEN 4531599 AND 4531699
	Index Scan using sbtest1_pkey on sbtest1  (cost=0.43..376.30 rows=95 width=125)
	  Index Cond: ((id >= 4531599) AND (id <= 4531699))

table 2 : explain SELECT id, c FROM sbtest2 WHERE id BETWEEN 4531599 AND 4531699
	Index Scan using sbtest2_pkey on sbtest2  (cost=0.43..410.85 rows=103 width=125)
	  Index Cond: ((id >= 4531599) AND (id <= 4531699))

table 3 : explain SELECT id, c FROM sbtest3 WHERE id BETWEEN 4531599 AND 4531699
	Index Scan using sbtest3_pkey on sbtest3  (cost=0.43..389.01 rows=98 width=125)
	  Index Cond: ((id >= 4531599) AND (id <= 4531699))

table 4 : explain SELECT id, c FROM sbtest4 WHERE id BETWEEN 4531599 AND 4531699
	Index Scan using sbtest4_pkey on sbtest4  (cost=0.43..408.48 rows=103 width=125)
	  Index Cond: ((id >= 4531599) AND (id <= 4531699))

table 5 : explain SELECT id, c FROM sbtest5 WHERE id BETWEEN 4531599 AND 4531699
	Index Scan using sbtest5_pkey on sbtest5  (cost=0.43..408.47 rows=103 width=125)
	  Index Cond: ((id >= 4531599) AND (id <= 4531699))

table 6 : explain SELECT id, c FROM sbtest6 WHERE id BETWEEN 4531599 AND 4531699
	Index Scan using sbtest6_pkey on sbtest6  (cost=0.43..388.77 rows=98 width=125)
	  Index Cond: ((id >= 4531599) AND (id <= 4531699))

table 7 : explain SELECT id, c FROM sbtest7 WHERE id BETWEEN 4531599 AND 4531699
	Index Scan using sbtest7_pkey on sbtest7  (cost=0.43..391.97 rows=99 width=125)
	  Index Cond: ((id >= 4531599) AND (id <= 4531699))

table 8 : explain SELECT id, c FROM sbtest8 WHERE id BETWEEN 4531599 AND 4531699
	Index Scan using sbtest8_pkey on sbtest8  (cost=0.43..398.20 rows=101 width=125)
	  Index Cond: ((id >= 4531599) AND (id <= 4531699))

explain: for range-notcovered :: explain SELECT id, c FROM sbtest%d WHERE id BETWEEN 4194569 AND 4194669
explain: for range-notcovered :: explain SELECT id, c FROM sbtest%d WHERE id BETWEEN 2889376 AND 2889476
explain: for range-notcovered :: explain SELECT id, c FROM sbtest%d WHERE id BETWEEN 4531599 AND 4531699
for range-notcovered
table 1 : explain SELECT id, c FROM sbtest1 WHERE id BETWEEN 3766484 AND 3766584
	Index Scan using sbtest1_pkey on sbtest1  (cost=0.43..360.62 rows=91 width=125)
	  Index Cond: ((id >= 3766484) AND (id <= 3766584))

table 2 : explain SELECT id, c FROM sbtest2 WHERE id BETWEEN 3766484 AND 3766584
	Index Scan using sbtest2_pkey on sbtest2  (cost=0.43..371.39 rows=93 width=125)
	  Index Cond: ((id >= 3766484) AND (id <= 3766584))

table 3 : explain SELECT id, c FROM sbtest3 WHERE id BETWEEN 3766484 AND 3766584
	Index Scan using sbtest3_pkey on sbtest3  (cost=0.43..451.77 rows=114 width=125)
	  Index Cond: ((id >= 3766484) AND (id <= 3766584))

table 4 : explain SELECT id, c FROM sbtest4 WHERE id BETWEEN 3766484 AND 3766584
	Index Scan using sbtest4_pkey on sbtest4  (cost=0.43..412.40 rows=104 width=125)
	  Index Cond: ((id >= 3766484) AND (id <= 3766584))

table 5 : explain SELECT id, c FROM sbtest5 WHERE id BETWEEN 3766484 AND 3766584
	Index Scan using sbtest5_pkey on sbtest5  (cost=0.43..396.71 rows=100 width=125)
	  Index Cond: ((id >= 3766484) AND (id <= 3766584))

table 6 : explain SELECT id, c FROM sbtest6 WHERE id BETWEEN 3766484 AND 3766584
	Index Scan using sbtest6_pkey on sbtest6  (cost=0.43..424.05 rows=107 width=125)
	  Index Cond: ((id >= 3766484) AND (id <= 3766584))

table 7 : explain SELECT id, c FROM sbtest7 WHERE id BETWEEN 3766484 AND 3766584
	Index Scan using sbtest7_pkey on sbtest7  (cost=0.43..407.62 rows=103 width=125)
	  Index Cond: ((id >= 3766484) AND (id <= 3766584))

table 8 : explain SELECT id, c FROM sbtest8 WHERE id BETWEEN 3766484 AND 3766584
	Index Scan using sbtest8_pkey on sbtest8  (cost=0.43..452.76 rows=115 width=125)
	  Index Cond: ((id >= 3766484) AND (id <= 3766584))

explain: for range-notcovered :: explain SELECT id, c FROM sbtest%d WHERE id BETWEEN 3766484 AND 3766584
for range-notcovered
table 1 : explain SELECT id, c FROM sbtest1 WHERE id BETWEEN 4194569 AND 4194669
	Index Scan using sbtest1_pkey on sbtest1  (cost=0.43..446.72 rows=113 width=125)
	  Index Cond: ((id >= 4194569) AND (id <= 4194669))

table 2 : explain SELECT id, c FROM sbtest2 WHERE id BETWEEN 4194569 AND 4194669
	Index Scan using sbtest2_pkey on sbtest2  (cost=0.43..418.74 rows=105 width=125)
	  Index Cond: ((id >= 4194569) AND (id <= 4194669))

table 3 : explain SELECT id, c FROM sbtest3 WHERE id BETWEEN 4194569 AND 4194669
	Index Scan using sbtest3_pkey on sbtest3  (cost=0.43..389.01 rows=98 width=125)
	  Index Cond: ((id >= 4194569) AND (id <= 4194669))

table 4 : explain SELECT id, c FROM sbtest4 WHERE id BETWEEN 4194569 AND 4194669
	Index Scan using sbtest4_pkey on sbtest4  (cost=0.43..365.35 rows=92 width=125)
	  Index Cond: ((id >= 4194569) AND (id <= 4194669))

table 5 : explain SELECT id, c FROM sbtest5 WHERE id BETWEEN 4194569 AND 4194669
	Index Scan using sbtest5_pkey on sbtest5  (cost=0.43..392.79 rows=99 width=125)
	  Index Cond: ((id >= 4194569) AND (id <= 4194669))

table 6 : explain SELECT id, c FROM sbtest6 WHERE id BETWEEN 4194569 AND 4194669
	Index Scan using sbtest6_pkey on sbtest6  (cost=0.43..408.37 rows=103 width=125)
	  Index Cond: ((id >= 4194569) AND (id <= 4194669))

table 7 : explain SELECT id, c FROM sbtest7 WHERE id BETWEEN 4194569 AND 4194669
	Index Scan using sbtest7_pkey on sbtest7  (cost=0.43..442.84 rows=112 width=125)
	  Index Cond: ((id >= 4194569) AND (id <= 4194669))

table 8 : explain SELECT id, c FROM sbtest8 WHERE id BETWEEN 4194569 AND 4194669
	Index Scan using sbtest8_pkey on sbtest8  (cost=0.43..429.38 rows=109 width=125)
	  Index Cond: ((id >= 4194569) AND (id <= 4194669))

explain: for range-notcovered :: explain SELECT id, c FROM sbtest%d WHERE id BETWEEN 4194569 AND 4194669
for range-notcovered
table 1 : explain SELECT id, c FROM sbtest1 WHERE id BETWEEN 4531599 AND 4531699
	Index Scan using sbtest1_pkey on sbtest1  (cost=0.43..376.30 rows=95 width=125)
	  Index Cond: ((id >= 4531599) AND (id <= 4531699))

table 2 : explain SELECT id, c FROM sbtest2 WHERE id BETWEEN 4531599 AND 4531699
	Index Scan using sbtest2_pkey on sbtest2  (cost=0.43..410.85 rows=103 width=125)
	  Index Cond: ((id >= 4531599) AND (id <= 4531699))

table 3 : explain SELECT id, c FROM sbtest3 WHERE id BETWEEN 4531599 AND 4531699
	Index Scan using sbtest3_pkey on sbtest3  (cost=0.43..389.01 rows=98 width=125)
	  Index Cond: ((id >= 4531599) AND (id <= 4531699))

table 4 : explain SELECT id, c FROM sbtest4 WHERE id BETWEEN 4531599 AND 4531699
	Index Scan using sbtest4_pkey on sbtest4  (cost=0.43..408.48 rows=103 width=125)
	  Index Cond: ((id >= 4531599) AND (id <= 4531699))

table 5 : explain SELECT id, c FROM sbtest5 WHERE id BETWEEN 4531599 AND 4531699
	Index Scan using sbtest5_pkey on sbtest5  (cost=0.43..408.47 rows=103 width=125)
	  Index Cond: ((id >= 4531599) AND (id <= 4531699))

table 6 : explain SELECT id, c FROM sbtest6 WHERE id BETWEEN 4531599 AND 4531699
	Index Scan using sbtest6_pkey on sbtest6  (cost=0.43..388.77 rows=98 width=125)
	  Index Cond: ((id >= 4531599) AND (id <= 4531699))

table 7 : explain SELECT id, c FROM sbtest7 WHERE id BETWEEN 4531599 AND 4531699
	Index Scan using sbtest7_pkey on sbtest7  (cost=0.43..391.97 rows=99 width=125)
	  Index Cond: ((id >= 4531599) AND (id <= 4531699))

table 8 : explain SELECT id, c FROM sbtest8 WHERE id BETWEEN 4531599 AND 4531699
	Index Scan using sbtest8_pkey on sbtest8  (cost=0.43..398.20 rows=101 width=125)
	  Index Cond: ((id >= 4531599) AND (id <= 4531699))

explain: for range-notcovered :: explain SELECT id, c FROM sbtest%d WHERE id BETWEEN 4531599 AND 4531699
for range-notcovered
table 1 : explain SELECT id, c FROM sbtest1 WHERE id BETWEEN 3766484 AND 3766584
	Index Scan using sbtest1_pkey on sbtest1  (cost=0.43..360.62 rows=91 width=125)
	  Index Cond: ((id >= 3766484) AND (id <= 3766584))

table 2 : explain SELECT id, c FROM sbtest2 WHERE id BETWEEN 3766484 AND 3766584
	Index Scan using sbtest2_pkey on sbtest2  (cost=0.43..371.39 rows=93 width=125)
	  Index Cond: ((id >= 3766484) AND (id <= 3766584))

table 3 : explain SELECT id, c FROM sbtest3 WHERE id BETWEEN 3766484 AND 3766584
	Index Scan using sbtest3_pkey on sbtest3  (cost=0.43..451.77 rows=114 width=125)
	  Index Cond: ((id >= 3766484) AND (id <= 3766584))

table 4 : explain SELECT id, c FROM sbtest4 WHERE id BETWEEN 3766484 AND 3766584
	Index Scan using sbtest4_pkey on sbtest4  (cost=0.43..412.40 rows=104 width=125)
	  Index Cond: ((id >= 3766484) AND (id <= 3766584))

table 5 : explain SELECT id, c FROM sbtest5 WHERE id BETWEEN 3766484 AND 3766584
	Index Scan using sbtest5_pkey on sbtest5  (cost=0.43..396.71 rows=100 width=125)
	  Index Cond: ((id >= 3766484) AND (id <= 3766584))

table 6 : explain SELECT id, c FROM sbtest6 WHERE id BETWEEN 3766484 AND 3766584
	Index Scan using sbtest6_pkey on sbtest6  (cost=0.43..424.05 rows=107 width=125)
	  Index Cond: ((id >= 3766484) AND (id <= 3766584))

table 7 : explain SELECT id, c FROM sbtest7 WHERE id BETWEEN 3766484 AND 3766584
	Index Scan using sbtest7_pkey on sbtest7  (cost=0.43..407.62 rows=103 width=125)
	  Index Cond: ((id >= 3766484) AND (id <= 3766584))

table 8 : explain SELECT id, c FROM sbtest8 WHERE id BETWEEN 3766484 AND 3766584
	Index Scan using sbtest8_pkey on sbtest8  (cost=0.43..452.76 rows=115 width=125)
	  Index Cond: ((id >= 3766484) AND (id <= 3766584))

explain: for range-notcovered :: explain SELECT id, c FROM sbtest%d WHERE id BETWEEN 3766484 AND 3766584
for range-notcovered
table 1 : explain SELECT id, c FROM sbtest1 WHERE id BETWEEN 4194569 AND 4194669
	Index Scan using sbtest1_pkey on sbtest1  (cost=0.43..446.72 rows=113 width=125)
	  Index Cond: ((id >= 4194569) AND (id <= 4194669))

table 2 : explain SELECT id, c FROM sbtest2 WHERE id BETWEEN 4194569 AND 4194669
	Index Scan using sbtest2_pkey on sbtest2  (cost=0.43..418.74 rows=105 width=125)
	  Index Cond: ((id >= 4194569) AND (id <= 4194669))

table 3 : explain SELECT id, c FROM sbtest3 WHERE id BETWEEN 4194569 AND 4194669
	Index Scan using sbtest3_pkey on sbtest3  (cost=0.43..389.01 rows=98 width=125)
	  Index Cond: ((id >= 4194569) AND (id <= 4194669))

table 4 : explain SELECT id, c FROM sbtest4 WHERE id BETWEEN 4194569 AND 4194669
	Index Scan using sbtest4_pkey on sbtest4  (cost=0.43..365.35 rows=92 width=125)
	  Index Cond: ((id >= 4194569) AND (id <= 4194669))

table 5 : explain SELECT id, c FROM sbtest5 WHERE id BETWEEN 4194569 AND 4194669
	Index Scan using sbtest5_pkey on sbtest5  (cost=0.43..392.79 rows=99 width=125)
	  Index Cond: ((id >= 4194569) AND (id <= 4194669))

table 6 : explain SELECT id, c FROM sbtest6 WHERE id BETWEEN 4194569 AND 4194669
	Index Scan using sbtest6_pkey on sbtest6  (cost=0.43..408.37 rows=103 width=125)
	  Index Cond: ((id >= 4194569) AND (id <= 4194669))

table 7 : explain SELECT id, c FROM sbtest7 WHERE id BETWEEN 4194569 AND 4194669
	Index Scan using sbtest7_pkey on sbtest7  (cost=0.43..442.84 rows=112 width=125)
	  Index Cond: ((id >= 4194569) AND (id <= 4194669))

table 8 : explain SELECT id, c FROM sbtest8 WHERE id BETWEEN 4194569 AND 4194669
	Index Scan using sbtest8_pkey on sbtest8  (cost=0.43..429.38 rows=109 width=125)
	  Index Cond: ((id >= 4194569) AND (id <= 4194669))

explain: for range-notcovered :: explain SELECT id, c FROM sbtest%d WHERE id BETWEEN 4194569 AND 4194669
for range-notcovered
table 1 : explain SELECT id, c FROM sbtest1 WHERE id BETWEEN 4531599 AND 4531699
	Index Scan using sbtest1_pkey on sbtest1  (cost=0.43..376.30 rows=95 width=125)
	  Index Cond: ((id >= 4531599) AND (id <= 4531699))

table 2 : explain SELECT id, c FROM sbtest2 WHERE id BETWEEN 4531599 AND 4531699
	Index Scan using sbtest2_pkey on sbtest2  (cost=0.43..410.85 rows=103 width=125)
	  Index Cond: ((id >= 4531599) AND (id <= 4531699))

table 3 : explain SELECT id, c FROM sbtest3 WHERE id BETWEEN 4531599 AND 4531699
	Index Scan using sbtest3_pkey on sbtest3  (cost=0.43..389.01 rows=98 width=125)
	  Index Cond: ((id >= 4531599) AND (id <= 4531699))

table 4 : explain SELECT id, c FROM sbtest4 WHERE id BETWEEN 4531599 AND 4531699
	Index Scan using sbtest4_pkey on sbtest4  (cost=0.43..408.48 rows=103 width=125)
	  Index Cond: ((id >= 4531599) AND (id <= 4531699))

table 5 : explain SELECT id, c FROM sbtest5 WHERE id BETWEEN 4531599 AND 4531699
	Index Scan using sbtest5_pkey on sbtest5  (cost=0.43..408.47 rows=103 width=125)
	  Index Cond: ((id >= 4531599) AND (id <= 4531699))

table 6 : explain SELECT id, c FROM sbtest6 WHERE id BETWEEN 4531599 AND 4531699
	Index Scan using sbtest6_pkey on sbtest6  (cost=0.43..388.77 rows=98 width=125)
	  Index Cond: ((id >= 4531599) AND (id <= 4531699))

table 7 : explain SELECT id, c FROM sbtest7 WHERE id BETWEEN 4531599 AND 4531699
	Index Scan using sbtest7_pkey on sbtest7  (cost=0.43..391.97 rows=99 width=125)
	  Index Cond: ((id >= 4531599) AND (id <= 4531699))

table 8 : explain SELECT id, c FROM sbtest8 WHERE id BETWEEN 4531599 AND 4531699
	Index Scan using sbtest8_pkey on sbtest8  (cost=0.43..398.20 rows=101 width=125)
	  Index Cond: ((id >= 4531599) AND (id <= 4531699))

explain: for range-notcovered :: explain SELECT id, c FROM sbtest%d WHERE id BETWEEN 4531599 AND 4531699
for range-notcovered
table 1 : explain SELECT id, c FROM sbtest1 WHERE id BETWEEN 4194569 AND 4194669
	Index Scan using sbtest1_pkey on sbtest1  (cost=0.43..446.72 rows=113 width=125)
	  Index Cond: ((id >= 4194569) AND (id <= 4194669))

table 2 : explain SELECT id, c FROM sbtest2 WHERE id BETWEEN 4194569 AND 4194669
	Index Scan using sbtest2_pkey on sbtest2  (cost=0.43..418.74 rows=105 width=125)
	  Index Cond: ((id >= 4194569) AND (id <= 4194669))

table 3 : explain SELECT id, c FROM sbtest3 WHERE id BETWEEN 4194569 AND 4194669
	Index Scan using sbtest3_pkey on sbtest3  (cost=0.43..389.01 rows=98 width=125)
	  Index Cond: ((id >= 4194569) AND (id <= 4194669))

table 4 : explain SELECT id, c FROM sbtest4 WHERE id BETWEEN 4194569 AND 4194669
	Index Scan using sbtest4_pkey on sbtest4  (cost=0.43..365.35 rows=92 width=125)
	  Index Cond: ((id >= 4194569) AND (id <= 4194669))

table 5 : explain SELECT id, c FROM sbtest5 WHERE id BETWEEN 4194569 AND 4194669
	Index Scan using sbtest5_pkey on sbtest5  (cost=0.43..392.79 rows=99 width=125)
	  Index Cond: ((id >= 4194569) AND (id <= 4194669))

table 6 : explain SELECT id, c FROM sbtest6 WHERE id BETWEEN 4194569 AND 4194669
	Index Scan using sbtest6_pkey on sbtest6  (cost=0.43..408.37 rows=103 width=125)
	  Index Cond: ((id >= 4194569) AND (id <= 4194669))

table 7 : explain SELECT id, c FROM sbtest7 WHERE id BETWEEN 4194569 AND 4194669
	Index Scan using sbtest7_pkey on sbtest7  (cost=0.43..442.84 rows=112 width=125)
	  Index Cond: ((id >= 4194569) AND (id <= 4194669))

table 8 : explain SELECT id, c FROM sbtest8 WHERE id BETWEEN 4194569 AND 4194669
	Index Scan using sbtest8_pkey on sbtest8  (cost=0.43..429.38 rows=109 width=125)
	  Index Cond: ((id >= 4194569) AND (id <= 4194669))

explain: for range-notcovered :: explain SELECT id, c FROM sbtest%d WHERE id BETWEEN 4194569 AND 4194669
for range-notcovered
table 1 : explain SELECT id, c FROM sbtest1 WHERE id BETWEEN 3864003 AND 3864103
	Index Scan using sbtest1_pkey on sbtest1  (cost=0.43..368.44 rows=93 width=125)
	  Index Cond: ((id >= 3864003) AND (id <= 3864103))

table 2 : explain SELECT id, c FROM sbtest2 WHERE id BETWEEN 3864003 AND 3864103
	Index Scan using sbtest2_pkey on sbtest2  (cost=0.43..391.13 rows=98 width=125)
	  Index Cond: ((id >= 3864003) AND (id <= 3864103))

table 3 : explain SELECT id, c FROM sbtest3 WHERE id BETWEEN 3864003 AND 3864103
	Index Scan using sbtest3_pkey on sbtest3  (cost=0.43..416.47 rows=105 width=125)
	  Index Cond: ((id >= 3864003) AND (id <= 3864103))

table 4 : explain SELECT id, c FROM sbtest4 WHERE id BETWEEN 3864003 AND 3864103
	Index Scan using sbtest4_pkey on sbtest4  (cost=0.43..420.24 rows=106 width=125)
	  Index Cond: ((id >= 3864003) AND (id <= 3864103))

table 5 : explain SELECT id, c FROM sbtest5 WHERE id BETWEEN 3864003 AND 3864103
	Index Scan using sbtest5_pkey on sbtest5  (cost=0.43..447.68 rows=113 width=125)
	  Index Cond: ((id >= 3864003) AND (id <= 3864103))

table 6 : explain SELECT id, c FROM sbtest6 WHERE id BETWEEN 3864003 AND 3864103
	Index Scan using sbtest6_pkey on sbtest6  (cost=0.43..377.01 rows=95 width=125)
	  Index Cond: ((id >= 3864003) AND (id <= 3864103))

table 7 : explain SELECT id, c FROM sbtest7 WHERE id BETWEEN 3864003 AND 3864103
	Index Scan using sbtest7_pkey on sbtest7  (cost=0.43..399.80 rows=101 width=125)
	  Index Cond: ((id >= 3864003) AND (id <= 3864103))

table 8 : explain SELECT id, c FROM sbtest8 WHERE id BETWEEN 3864003 AND 3864103
	Index Scan using sbtest8_pkey on sbtest8  (cost=0.43..425.48 rows=108 width=125)
	  Index Cond: ((id >= 3864003) AND (id <= 3864103))

for range-notcovered
table 1 : explain SELECT id, c FROM sbtest1 WHERE id BETWEEN 5128817 AND 5128917
	Index Scan using sbtest1_pkey on sbtest1  (cost=0.43..384.12 rows=97 width=125)
	  Index Cond: ((id >= 5128817) AND (id <= 5128917))

table 2 : explain SELECT id, c FROM sbtest2 WHERE id BETWEEN 5128817 AND 5128917
	Index Scan using sbtest2_pkey on sbtest2  (cost=0.43..422.68 rows=106 width=125)
	  Index Cond: ((id >= 5128817) AND (id <= 5128917))

table 3 : explain SELECT id, c FROM sbtest3 WHERE id BETWEEN 5128817 AND 5128917
	Index Scan using sbtest3_pkey on sbtest3  (cost=0.43..396.86 rows=100 width=125)
	  Index Cond: ((id >= 5128817) AND (id <= 5128917))

table 4 : explain SELECT id, c FROM sbtest4 WHERE id BETWEEN 5128817 AND 5128917
	Index Scan using sbtest4_pkey on sbtest4  (cost=0.43..396.72 rows=100 width=125)
	  Index Cond: ((id >= 5128817) AND (id <= 5128917))

table 5 : explain SELECT id, c FROM sbtest5 WHERE id BETWEEN 5128817 AND 5128917
	Index Scan using sbtest5_pkey on sbtest5  (cost=0.43..392.79 rows=99 width=125)
	  Index Cond: ((id >= 5128817) AND (id <= 5128917))

table 6 : explain SELECT id, c FROM sbtest6 WHERE id BETWEEN 5128817 AND 5128917
	Index Scan using sbtest6_pkey on sbtest6  (cost=0.43..392.69 rows=99 width=125)
	  Index Cond: ((id >= 5128817) AND (id <= 5128917))

table 7 : explain SELECT id, c FROM sbtest7 WHERE id BETWEEN 5128817 AND 5128917
	Index Scan using sbtest7_pkey on sbtest7  (cost=0.43..391.97 rows=99 width=125)
	  Index Cond: ((id >= 5128817) AND (id <= 5128917))

table 8 : explain SELECT id, c FROM sbtest8 WHERE id BETWEEN 5128817 AND 5128917
	Index Scan using sbtest8_pkey on sbtest8  (cost=0.43..367.03 rows=93 width=125)
	  Index Cond: ((id >= 5128817) AND (id <= 5128917))

for range-notcovered
table 1 : explain SELECT id, c FROM sbtest1 WHERE id BETWEEN 3107422 AND 3107522
	Index Scan using sbtest1_pkey on sbtest1  (cost=0.43..438.89 rows=111 width=125)
	  Index Cond: ((id >= 3107422) AND (id <= 3107522))

table 2 : explain SELECT id, c FROM sbtest2 WHERE id BETWEEN 3107422 AND 3107522
	Index Scan using sbtest2_pkey on sbtest2  (cost=0.43..406.90 rows=102 width=125)
	  Index Cond: ((id >= 3107422) AND (id <= 3107522))

table 3 : explain SELECT id, c FROM sbtest3 WHERE id BETWEEN 3107422 AND 3107522
	Index Scan using sbtest3_pkey on sbtest3  (cost=0.43..377.24 rows=95 width=125)
	  Index Cond: ((id >= 3107422) AND (id <= 3107522))

table 4 : explain SELECT id, c FROM sbtest4 WHERE id BETWEEN 3107422 AND 3107522
	Index Scan using sbtest4_pkey on sbtest4  (cost=0.43..396.72 rows=100 width=125)
	  Index Cond: ((id >= 3107422) AND (id <= 3107522))

table 5 : explain SELECT id, c FROM sbtest5 WHERE id BETWEEN 3107422 AND 3107522
	Index Scan using sbtest5_pkey on sbtest5  (cost=0.43..392.79 rows=99 width=125)
	  Index Cond: ((id >= 3107422) AND (id <= 3107522))

table 6 : explain SELECT id, c FROM sbtest6 WHERE id BETWEEN 3107422 AND 3107522
	Index Scan using sbtest6_pkey on sbtest6  (cost=0.43..392.69 rows=99 width=125)
	  Index Cond: ((id >= 3107422) AND (id <= 3107522))

table 7 : explain SELECT id, c FROM sbtest7 WHERE id BETWEEN 3107422 AND 3107522
	Index Scan using sbtest7_pkey on sbtest7  (cost=0.43..399.80 rows=101 width=125)
	  Index Cond: ((id >= 3107422) AND (id <= 3107522))

table 8 : explain SELECT id, c FROM sbtest8 WHERE id BETWEEN 3107422 AND 3107522
	Index Scan using sbtest8_pkey on sbtest8  (cost=0.43..386.51 rows=98 width=125)
	  Index Cond: ((id >= 3107422) AND (id <= 3107522))

for range-notcovered
table 1 : explain SELECT id, c FROM sbtest1 WHERE id BETWEEN 3890030 AND 3890130
	Index Scan using sbtest1_pkey on sbtest1  (cost=0.43..438.89 rows=111 width=125)
	  Index Cond: ((id >= 3890030) AND (id <= 3890130))

table 2 : explain SELECT id, c FROM sbtest2 WHERE id BETWEEN 3890030 AND 3890130
	Index Scan using sbtest2_pkey on sbtest2  (cost=0.43..391.13 rows=98 width=125)
	  Index Cond: ((id >= 3890030) AND (id <= 3890130))

table 3 : explain SELECT id, c FROM sbtest3 WHERE id BETWEEN 3890030 AND 3890130
	Index Scan using sbtest3_pkey on sbtest3  (cost=0.43..365.48 rows=92 width=125)
	  Index Cond: ((id >= 3890030) AND (id <= 3890130))

table 4 : explain SELECT id, c FROM sbtest4 WHERE id BETWEEN 3890030 AND 3890130
	Index Scan using sbtest4_pkey on sbtest4  (cost=0.43..420.24 rows=106 width=125)
	  Index Cond: ((id >= 3890030) AND (id <= 3890130))

table 5 : explain SELECT id, c FROM sbtest5 WHERE id BETWEEN 3890030 AND 3890130
	Index Scan using sbtest5_pkey on sbtest5  (cost=0.43..447.68 rows=113 width=125)
	  Index Cond: ((id >= 3890030) AND (id <= 3890130))

table 6 : explain SELECT id, c FROM sbtest6 WHERE id BETWEEN 3890030 AND 3890130
	Index Scan using sbtest6_pkey on sbtest6  (cost=0.43..435.81 rows=110 width=125)
	  Index Cond: ((id >= 3890030) AND (id <= 3890130))

table 7 : explain SELECT id, c FROM sbtest7 WHERE id BETWEEN 3890030 AND 3890130
	Index Scan using sbtest7_pkey on sbtest7  (cost=0.43..399.80 rows=101 width=125)
	  Index Cond: ((id >= 3890030) AND (id <= 3890130))

table 8 : explain SELECT id, c FROM sbtest8 WHERE id BETWEEN 3890030 AND 3890130
	Index Scan using sbtest8_pkey on sbtest8  (cost=0.43..425.48 rows=108 width=125)
	  Index Cond: ((id >= 3890030) AND (id <= 3890130))

explain: for range-notcovered :: explain SELECT id, c FROM sbtest%d WHERE id BETWEEN 3864003 AND 3864103
explain: for range-notcovered :: explain SELECT id, c FROM sbtest%d WHERE id BETWEEN 5128817 AND 5128917
explain: for range-notcovered :: explain SELECT id, c FROM sbtest%d WHERE id BETWEEN 3107422 AND 3107522
explain: for range-notcovered :: explain SELECT id, c FROM sbtest%d WHERE id BETWEEN 3890030 AND 3890130
for range-notcovered
table 1 : explain SELECT id, c FROM sbtest1 WHERE id BETWEEN 8052712 AND 8052812
	Index Scan using sbtest1_pkey on sbtest1  (cost=0.43..403.68 rows=102 width=125)
	  Index Cond: ((id >= 8052712) AND (id <= 8052812))

table 2 : explain SELECT id, c FROM sbtest2 WHERE id BETWEEN 8052712 AND 8052812
	Index Scan using sbtest2_pkey on sbtest2  (cost=0.43..434.52 rows=109 width=125)
	  Index Cond: ((id >= 8052712) AND (id <= 8052812))

table 3 : explain SELECT id, c FROM sbtest3 WHERE id BETWEEN 8052712 AND 8052812
	Index Scan using sbtest3_pkey on sbtest3  (cost=0.43..440.00 rows=111 width=125)
	  Index Cond: ((id >= 8052712) AND (id <= 8052812))

table 4 : explain SELECT id, c FROM sbtest4 WHERE id BETWEEN 8052712 AND 8052812
	Index Scan using sbtest4_pkey on sbtest4  (cost=0.43..443.77 rows=112 width=125)
	  Index Cond: ((id >= 8052712) AND (id <= 8052812))

table 5 : explain SELECT id, c FROM sbtest5 WHERE id BETWEEN 8052712 AND 8052812
	Index Scan using sbtest5_pkey on sbtest5  (cost=0.43..404.55 rows=102 width=125)
	  Index Cond: ((id >= 8052712) AND (id <= 8052812))

table 6 : explain SELECT id, c FROM sbtest6 WHERE id BETWEEN 8052712 AND 8052812
	Index Scan using sbtest6_pkey on sbtest6  (cost=0.43..384.85 rows=97 width=125)
	  Index Cond: ((id >= 8052712) AND (id <= 8052812))

table 7 : explain SELECT id, c FROM sbtest7 WHERE id BETWEEN 8052712 AND 8052812
	Index Scan using sbtest7_pkey on sbtest7  (cost=0.43..395.89 rows=100 width=125)
	  Index Cond: ((id >= 8052712) AND (id <= 8052812))

table 8 : explain SELECT id, c FROM sbtest8 WHERE id BETWEEN 8052712 AND 8052812
	Index Scan using sbtest8_pkey on sbtest8  (cost=0.43..398.20 rows=101 width=125)
	  Index Cond: ((id >= 8052712) AND (id <= 8052812))

for range-notcovered
table 1 : explain SELECT id, c FROM sbtest1 WHERE id BETWEEN 4168243 AND 4168343
	Index Scan using sbtest1_pkey on sbtest1  (cost=0.43..407.59 rows=103 width=125)
	  Index Cond: ((id >= 4168243) AND (id <= 4168343))

table 2 : explain SELECT id, c FROM sbtest2 WHERE id BETWEEN 4168243 AND 4168343
	Index Scan using sbtest2_pkey on sbtest2  (cost=0.43..418.74 rows=105 width=125)
	  Index Cond: ((id >= 4168243) AND (id <= 4168343))

table 3 : explain SELECT id, c FROM sbtest3 WHERE id BETWEEN 4168243 AND 4168343
	Index Scan using sbtest3_pkey on sbtest3  (cost=0.43..420.39 rows=106 width=125)
	  Index Cond: ((id >= 4168243) AND (id <= 4168343))

table 4 : explain SELECT id, c FROM sbtest4 WHERE id BETWEEN 4168243 AND 4168343
	Index Scan using sbtest4_pkey on sbtest4  (cost=0.43..365.35 rows=92 width=125)
	  Index Cond: ((id >= 4168243) AND (id <= 4168343))

table 5 : explain SELECT id, c FROM sbtest5 WHERE id BETWEEN 4168243 AND 4168343
	Index Scan using sbtest5_pkey on sbtest5  (cost=0.43..392.79 rows=99 width=125)
	  Index Cond: ((id >= 4168243) AND (id <= 4168343))

table 6 : explain SELECT id, c FROM sbtest6 WHERE id BETWEEN 4168243 AND 4168343
	Index Scan using sbtest6_pkey on sbtest6  (cost=0.43..388.77 rows=98 width=125)
	  Index Cond: ((id >= 4168243) AND (id <= 4168343))

table 7 : explain SELECT id, c FROM sbtest7 WHERE id BETWEEN 4168243 AND 4168343
	Index Scan using sbtest7_pkey on sbtest7  (cost=0.43..442.84 rows=112 width=125)
	  Index Cond: ((id >= 4168243) AND (id <= 4168343))

table 8 : explain SELECT id, c FROM sbtest8 WHERE id BETWEEN 4168243 AND 4168343
	Index Scan using sbtest8_pkey on sbtest8  (cost=0.43..429.38 rows=109 width=125)
	  Index Cond: ((id >= 4168243) AND (id <= 4168343))

explain: for range-notcovered :: explain SELECT id, c FROM sbtest%d WHERE id BETWEEN 8052712 AND 8052812
explain: for range-notcovered :: explain SELECT id, c FROM sbtest%d WHERE id BETWEEN 4168243 AND 4168343
explain: for range-notcovered :: explain SELECT id, c FROM sbtest%d WHERE id BETWEEN 7578819 AND 7578919
for range-notcovered
table 1 : explain SELECT id, c FROM sbtest1 WHERE id BETWEEN 3906900 AND 3907000
	Index Scan using sbtest1_pkey on sbtest1  (cost=0.43..438.89 rows=111 width=125)
	  Index Cond: ((id >= 3906900) AND (id <= 3907000))

table 2 : explain SELECT id, c FROM sbtest2 WHERE id BETWEEN 3906900 AND 3907000
	Index Scan using sbtest2_pkey on sbtest2  (cost=0.43..391.13 rows=98 width=125)
	  Index Cond: ((id >= 3906900) AND (id <= 3907000))

table 3 : explain SELECT id, c FROM sbtest3 WHERE id BETWEEN 3906900 AND 3907000
	Index Scan using sbtest3_pkey on sbtest3  (cost=0.43..365.48 rows=92 width=125)
	  Index Cond: ((id >= 3906900) AND (id <= 3907000))

table 4 : explain SELECT id, c FROM sbtest4 WHERE id BETWEEN 3906900 AND 3907000
	Index Scan using sbtest4_pkey on sbtest4  (cost=0.43..420.24 rows=106 width=125)
	  Index Cond: ((id >= 3906900) AND (id <= 3907000))

table 5 : explain SELECT id, c FROM sbtest5 WHERE id BETWEEN 3906900 AND 3907000
	Index Scan using sbtest5_pkey on sbtest5  (cost=0.43..369.24 rows=93 width=125)
	  Index Cond: ((id >= 3906900) AND (id <= 3907000))

table 6 : explain SELECT id, c FROM sbtest6 WHERE id BETWEEN 3906900 AND 3907000
	Index Scan using sbtest6_pkey on sbtest6  (cost=0.43..435.81 rows=110 width=125)
	  Index Cond: ((id >= 3906900) AND (id <= 3907000))

table 7 : explain SELECT id, c FROM sbtest7 WHERE id BETWEEN 3906900 AND 3907000
	Index Scan using sbtest7_pkey on sbtest7  (cost=0.43..376.32 rows=95 width=125)
	  Index Cond: ((id >= 3906900) AND (id <= 3907000))

table 8 : explain SELECT id, c FROM sbtest8 WHERE id BETWEEN 3906900 AND 3907000
	Index Scan using sbtest8_pkey on sbtest8  (cost=0.43..425.48 rows=108 width=125)
	  Index Cond: ((id >= 3906900) AND (id <= 3907000))

for range-notcovered
table 1 : explain SELECT id, c FROM sbtest1 WHERE id BETWEEN 5128817 AND 5128917
	Index Scan using sbtest1_pkey on sbtest1  (cost=0.43..384.12 rows=97 width=125)
	  Index Cond: ((id >= 5128817) AND (id <= 5128917))

table 2 : explain SELECT id, c FROM sbtest2 WHERE id BETWEEN 5128817 AND 5128917
	Index Scan using sbtest2_pkey on sbtest2  (cost=0.43..422.68 rows=106 width=125)
	  Index Cond: ((id >= 5128817) AND (id <= 5128917))

table 3 : explain SELECT id, c FROM sbtest3 WHERE id BETWEEN 5128817 AND 5128917
	Index Scan using sbtest3_pkey on sbtest3  (cost=0.43..396.86 rows=100 width=125)
	  Index Cond: ((id >= 5128817) AND (id <= 5128917))

table 4 : explain SELECT id, c FROM sbtest4 WHERE id BETWEEN 5128817 AND 5128917
	Index Scan using sbtest4_pkey on sbtest4  (cost=0.43..396.72 rows=100 width=125)
	  Index Cond: ((id >= 5128817) AND (id <= 5128917))

table 5 : explain SELECT id, c FROM sbtest5 WHERE id BETWEEN 5128817 AND 5128917
	Index Scan using sbtest5_pkey on sbtest5  (cost=0.43..392.79 rows=99 width=125)
	  Index Cond: ((id >= 5128817) AND (id <= 5128917))

table 6 : explain SELECT id, c FROM sbtest6 WHERE id BETWEEN 5128817 AND 5128917
	Index Scan using sbtest6_pkey on sbtest6  (cost=0.43..392.69 rows=99 width=125)
	  Index Cond: ((id >= 5128817) AND (id <= 5128917))

table 7 : explain SELECT id, c FROM sbtest7 WHERE id BETWEEN 5128817 AND 5128917
	Index Scan using sbtest7_pkey on sbtest7  (cost=0.43..391.97 rows=99 width=125)
	  Index Cond: ((id >= 5128817) AND (id <= 5128917))

table 8 : explain SELECT id, c FROM sbtest8 WHERE id BETWEEN 5128817 AND 5128917
	Index Scan using sbtest8_pkey on sbtest8  (cost=0.43..367.03 rows=93 width=125)
	  Index Cond: ((id >= 5128817) AND (id <= 5128917))

explain: for range-notcovered :: explain SELECT id, c FROM sbtest%d WHERE id BETWEEN 3906900 AND 3907000
explain: for range-notcovered :: explain SELECT id, c FROM sbtest%d WHERE id BETWEEN 5128817 AND 5128917
for range-notcovered
table 1 : explain SELECT id, c FROM sbtest1 WHERE id BETWEEN 3864003 AND 3864103
	Index Scan using sbtest1_pkey on sbtest1  (cost=0.43..368.44 rows=93 width=125)
	  Index Cond: ((id >= 3864003) AND (id <= 3864103))

table 2 : explain SELECT id, c FROM sbtest2 WHERE id BETWEEN 3864003 AND 3864103
	Index Scan using sbtest2_pkey on sbtest2  (cost=0.43..391.13 rows=98 width=125)
	  Index Cond: ((id >= 3864003) AND (id <= 3864103))

table 3 : explain SELECT id, c FROM sbtest3 WHERE id BETWEEN 3864003 AND 3864103
	Index Scan using sbtest3_pkey on sbtest3  (cost=0.43..416.47 rows=105 width=125)
	  Index Cond: ((id >= 3864003) AND (id <= 3864103))

table 4 : explain SELECT id, c FROM sbtest4 WHERE id BETWEEN 3864003 AND 3864103
	Index Scan using sbtest4_pkey on sbtest4  (cost=0.43..420.24 rows=106 width=125)
	  Index Cond: ((id >= 3864003) AND (id <= 3864103))

table 5 : explain SELECT id, c FROM sbtest5 WHERE id BETWEEN 3864003 AND 3864103
	Index Scan using sbtest5_pkey on sbtest5  (cost=0.43..447.68 rows=113 width=125)
	  Index Cond: ((id >= 3864003) AND (id <= 3864103))

table 6 : explain SELECT id, c FROM sbtest6 WHERE id BETWEEN 3864003 AND 3864103
	Index Scan using sbtest6_pkey on sbtest6  (cost=0.43..377.01 rows=95 width=125)
	  Index Cond: ((id >= 3864003) AND (id <= 3864103))

table 7 : explain SELECT id, c FROM sbtest7 WHERE id BETWEEN 3864003 AND 3864103
	Index Scan using sbtest7_pkey on sbtest7  (cost=0.43..399.80 rows=101 width=125)
	  Index Cond: ((id >= 3864003) AND (id <= 3864103))

table 8 : explain SELECT id, c FROM sbtest8 WHERE id BETWEEN 3864003 AND 3864103
	Index Scan using sbtest8_pkey on sbtest8  (cost=0.43..425.48 rows=108 width=125)
	  Index Cond: ((id >= 3864003) AND (id <= 3864103))

explain: for range-notcovered :: explain SELECT id, c FROM sbtest%d WHERE id BETWEEN 3864003 AND 3864103
for range-notcovered
table 1 : explain SELECT id, c FROM sbtest1 WHERE id BETWEEN 3890030 AND 3890130
	Index Scan using sbtest1_pkey on sbtest1  (cost=0.43..438.89 rows=111 width=125)
	  Index Cond: ((id >= 3890030) AND (id <= 3890130))

table 2 : explain SELECT id, c FROM sbtest2 WHERE id BETWEEN 3890030 AND 3890130
	Index Scan using sbtest2_pkey on sbtest2  (cost=0.43..391.13 rows=98 width=125)
	  Index Cond: ((id >= 3890030) AND (id <= 3890130))

table 3 : explain SELECT id, c FROM sbtest3 WHERE id BETWEEN 3890030 AND 3890130
	Index Scan using sbtest3_pkey on sbtest3  (cost=0.43..365.48 rows=92 width=125)
	  Index Cond: ((id >= 3890030) AND (id <= 3890130))

table 4 : explain SELECT id, c FROM sbtest4 WHERE id BETWEEN 3890030 AND 3890130
	Index Scan using sbtest4_pkey on sbtest4  (cost=0.43..420.24 rows=106 width=125)
	  Index Cond: ((id >= 3890030) AND (id <= 3890130))

table 5 : explain SELECT id, c FROM sbtest5 WHERE id BETWEEN 3890030 AND 3890130
	Index Scan using sbtest5_pkey on sbtest5  (cost=0.43..447.68 rows=113 width=125)
	  Index Cond: ((id >= 3890030) AND (id <= 3890130))

table 6 : explain SELECT id, c FROM sbtest6 WHERE id BETWEEN 3890030 AND 3890130
	Index Scan using sbtest6_pkey on sbtest6  (cost=0.43..435.81 rows=110 width=125)
	  Index Cond: ((id >= 3890030) AND (id <= 3890130))

table 7 : explain SELECT id, c FROM sbtest7 WHERE id BETWEEN 3890030 AND 3890130
	Index Scan using sbtest7_pkey on sbtest7  (cost=0.43..399.80 rows=101 width=125)
	  Index Cond: ((id >= 3890030) AND (id <= 3890130))

table 8 : explain SELECT id, c FROM sbtest8 WHERE id BETWEEN 3890030 AND 3890130
	Index Scan using sbtest8_pkey on sbtest8  (cost=0.43..425.48 rows=108 width=125)
	  Index Cond: ((id >= 3890030) AND (id <= 3890130))

explain: for range-notcovered :: explain SELECT id, c FROM sbtest%d WHERE id BETWEEN 3890030 AND 3890130
for range-notcovered
table 1 : explain SELECT id, c FROM sbtest1 WHERE id BETWEEN 5128817 AND 5128917
	Index Scan using sbtest1_pkey on sbtest1  (cost=0.43..384.12 rows=97 width=125)
	  Index Cond: ((id >= 5128817) AND (id <= 5128917))

table 2 : explain SELECT id, c FROM sbtest2 WHERE id BETWEEN 5128817 AND 5128917
	Index Scan using sbtest2_pkey on sbtest2  (cost=0.43..422.68 rows=106 width=125)
	  Index Cond: ((id >= 5128817) AND (id <= 5128917))

table 3 : explain SELECT id, c FROM sbtest3 WHERE id BETWEEN 5128817 AND 5128917
	Index Scan using sbtest3_pkey on sbtest3  (cost=0.43..396.86 rows=100 width=125)
	  Index Cond: ((id >= 5128817) AND (id <= 5128917))

table 4 : explain SELECT id, c FROM sbtest4 WHERE id BETWEEN 5128817 AND 5128917
	Index Scan using sbtest4_pkey on sbtest4  (cost=0.43..396.72 rows=100 width=125)
	  Index Cond: ((id >= 5128817) AND (id <= 5128917))

table 5 : explain SELECT id, c FROM sbtest5 WHERE id BETWEEN 5128817 AND 5128917
	Index Scan using sbtest5_pkey on sbtest5  (cost=0.43..392.79 rows=99 width=125)
	  Index Cond: ((id >= 5128817) AND (id <= 5128917))

table 6 : explain SELECT id, c FROM sbtest6 WHERE id BETWEEN 5128817 AND 5128917
	Index Scan using sbtest6_pkey on sbtest6  (cost=0.43..392.69 rows=99 width=125)
	  Index Cond: ((id >= 5128817) AND (id <= 5128917))

table 7 : explain SELECT id, c FROM sbtest7 WHERE id BETWEEN 5128817 AND 5128917
	Index Scan using sbtest7_pkey on sbtest7  (cost=0.43..391.97 rows=99 width=125)
	  Index Cond: ((id >= 5128817) AND (id <= 5128917))

table 8 : explain SELECT id, c FROM sbtest8 WHERE id BETWEEN 5128817 AND 5128917
	Index Scan using sbtest8_pkey on sbtest8  (cost=0.43..367.03 rows=93 width=125)
	  Index Cond: ((id >= 5128817) AND (id <= 5128917))

explain: for range-notcovered :: explain SELECT id, c FROM sbtest%d WHERE id BETWEEN 5128817 AND 5128917
for range-notcovered
table 1 : explain SELECT id, c FROM sbtest1 WHERE id BETWEEN 3864003 AND 3864103
	Index Scan using sbtest1_pkey on sbtest1  (cost=0.43..368.44 rows=93 width=125)
	  Index Cond: ((id >= 3864003) AND (id <= 3864103))

table 2 : explain SELECT id, c FROM sbtest2 WHERE id BETWEEN 3864003 AND 3864103
	Index Scan using sbtest2_pkey on sbtest2  (cost=0.43..391.13 rows=98 width=125)
	  Index Cond: ((id >= 3864003) AND (id <= 3864103))

table 3 : explain SELECT id, c FROM sbtest3 WHERE id BETWEEN 3864003 AND 3864103
	Index Scan using sbtest3_pkey on sbtest3  (cost=0.43..416.47 rows=105 width=125)
	  Index Cond: ((id >= 3864003) AND (id <= 3864103))

table 4 : explain SELECT id, c FROM sbtest4 WHERE id BETWEEN 3864003 AND 3864103
	Index Scan using sbtest4_pkey on sbtest4  (cost=0.43..420.24 rows=106 width=125)
	  Index Cond: ((id >= 3864003) AND (id <= 3864103))

table 5 : explain SELECT id, c FROM sbtest5 WHERE id BETWEEN 3864003 AND 3864103
	Index Scan using sbtest5_pkey on sbtest5  (cost=0.43..447.68 rows=113 width=125)
	  Index Cond: ((id >= 3864003) AND (id <= 3864103))

table 6 : explain SELECT id, c FROM sbtest6 WHERE id BETWEEN 3864003 AND 3864103
	Index Scan using sbtest6_pkey on sbtest6  (cost=0.43..377.01 rows=95 width=125)
	  Index Cond: ((id >= 3864003) AND (id <= 3864103))

table 7 : explain SELECT id, c FROM sbtest7 WHERE id BETWEEN 3864003 AND 3864103
	Index Scan using sbtest7_pkey on sbtest7  (cost=0.43..399.80 rows=101 width=125)
	  Index Cond: ((id >= 3864003) AND (id <= 3864103))

table 8 : explain SELECT id, c FROM sbtest8 WHERE id BETWEEN 3864003 AND 3864103
	Index Scan using sbtest8_pkey on sbtest8  (cost=0.43..425.48 rows=108 width=125)
	  Index Cond: ((id >= 3864003) AND (id <= 3864103))

explain: for range-notcovered :: explain SELECT id, c FROM sbtest%d WHERE id BETWEEN 3864003 AND 3864103
for range-notcovered
table 1 : explain SELECT id, c FROM sbtest1 WHERE id BETWEEN 3890030 AND 3890130
	Index Scan using sbtest1_pkey on sbtest1  (cost=0.43..438.89 rows=111 width=125)
	  Index Cond: ((id >= 3890030) AND (id <= 3890130))

table 2 : explain SELECT id, c FROM sbtest2 WHERE id BETWEEN 3890030 AND 3890130
	Index Scan using sbtest2_pkey on sbtest2  (cost=0.43..391.13 rows=98 width=125)
	  Index Cond: ((id >= 3890030) AND (id <= 3890130))

table 3 : explain SELECT id, c FROM sbtest3 WHERE id BETWEEN 3890030 AND 3890130
	Index Scan using sbtest3_pkey on sbtest3  (cost=0.43..365.48 rows=92 width=125)
	  Index Cond: ((id >= 3890030) AND (id <= 3890130))

table 4 : explain SELECT id, c FROM sbtest4 WHERE id BETWEEN 3890030 AND 3890130
	Index Scan using sbtest4_pkey on sbtest4  (cost=0.43..420.24 rows=106 width=125)
	  Index Cond: ((id >= 3890030) AND (id <= 3890130))

table 5 : explain SELECT id, c FROM sbtest5 WHERE id BETWEEN 3890030 AND 3890130
	Index Scan using sbtest5_pkey on sbtest5  (cost=0.43..447.68 rows=113 width=125)
	  Index Cond: ((id >= 3890030) AND (id <= 3890130))

table 6 : explain SELECT id, c FROM sbtest6 WHERE id BETWEEN 3890030 AND 3890130
	Index Scan using sbtest6_pkey on sbtest6  (cost=0.43..435.81 rows=110 width=125)
	  Index Cond: ((id >= 3890030) AND (id <= 3890130))

table 7 : explain SELECT id, c FROM sbtest7 WHERE id BETWEEN 3890030 AND 3890130
	Index Scan using sbtest7_pkey on sbtest7  (cost=0.43..399.80 rows=101 width=125)
	  Index Cond: ((id >= 3890030) AND (id <= 3890130))

table 8 : explain SELECT id, c FROM sbtest8 WHERE id BETWEEN 3890030 AND 3890130
	Index Scan using sbtest8_pkey on sbtest8  (cost=0.43..425.48 rows=108 width=125)
	  Index Cond: ((id >= 3890030) AND (id <= 3890130))

explain: for range-notcovered :: explain SELECT id, c FROM sbtest%d WHERE id BETWEEN 5957983 AND 5958083
explain: for range-notcovered :: explain SELECT id, c FROM sbtest%d WHERE id BETWEEN 3890030 AND 3890130
for range-notcovered
table 1 : explain SELECT id, c FROM sbtest1 WHERE id BETWEEN 8052712 AND 8052812
	Index Scan using sbtest1_pkey on sbtest1  (cost=0.43..403.68 rows=102 width=125)
	  Index Cond: ((id >= 8052712) AND (id <= 8052812))

table 2 : explain SELECT id, c FROM sbtest2 WHERE id BETWEEN 8052712 AND 8052812
	Index Scan using sbtest2_pkey on sbtest2  (cost=0.43..434.52 rows=109 width=125)
	  Index Cond: ((id >= 8052712) AND (id <= 8052812))

table 3 : explain SELECT id, c FROM sbtest3 WHERE id BETWEEN 8052712 AND 8052812
	Index Scan using sbtest3_pkey on sbtest3  (cost=0.43..440.00 rows=111 width=125)
	  Index Cond: ((id >= 8052712) AND (id <= 8052812))

table 4 : explain SELECT id, c FROM sbtest4 WHERE id BETWEEN 8052712 AND 8052812
	Index Scan using sbtest4_pkey on sbtest4  (cost=0.43..443.77 rows=112 width=125)
	  Index Cond: ((id >= 8052712) AND (id <= 8052812))

table 5 : explain SELECT id, c FROM sbtest5 WHERE id BETWEEN 8052712 AND 8052812
	Index Scan using sbtest5_pkey on sbtest5  (cost=0.43..404.55 rows=102 width=125)
	  Index Cond: ((id >= 8052712) AND (id <= 8052812))

table 6 : explain SELECT id, c FROM sbtest6 WHERE id BETWEEN 8052712 AND 8052812
	Index Scan using sbtest6_pkey on sbtest6  (cost=0.43..384.85 rows=97 width=125)
	  Index Cond: ((id >= 8052712) AND (id <= 8052812))

table 7 : explain SELECT id, c FROM sbtest7 WHERE id BETWEEN 8052712 AND 8052812
	Index Scan using sbtest7_pkey on sbtest7  (cost=0.43..395.89 rows=100 width=125)
	  Index Cond: ((id >= 8052712) AND (id <= 8052812))

table 8 : explain SELECT id, c FROM sbtest8 WHERE id BETWEEN 8052712 AND 8052812
	Index Scan using sbtest8_pkey on sbtest8  (cost=0.43..398.20 rows=101 width=125)
	  Index Cond: ((id >= 8052712) AND (id <= 8052812))

for range-notcovered
table 1 : explain SELECT id, c FROM sbtest1 WHERE id BETWEEN 4168243 AND 4168343
	Index Scan using sbtest1_pkey on sbtest1  (cost=0.43..407.59 rows=103 width=125)
	  Index Cond: ((id >= 4168243) AND (id <= 4168343))

table 2 : explain SELECT id, c FROM sbtest2 WHERE id BETWEEN 4168243 AND 4168343
	Index Scan using sbtest2_pkey on sbtest2  (cost=0.43..418.74 rows=105 width=125)
	  Index Cond: ((id >= 4168243) AND (id <= 4168343))

table 3 : explain SELECT id, c FROM sbtest3 WHERE id BETWEEN 4168243 AND 4168343
	Index Scan using sbtest3_pkey on sbtest3  (cost=0.43..420.39 rows=106 width=125)
	  Index Cond: ((id >= 4168243) AND (id <= 4168343))

table 4 : explain SELECT id, c FROM sbtest4 WHERE id BETWEEN 4168243 AND 4168343
	Index Scan using sbtest4_pkey on sbtest4  (cost=0.43..365.35 rows=92 width=125)
	  Index Cond: ((id >= 4168243) AND (id <= 4168343))

table 5 : explain SELECT id, c FROM sbtest5 WHERE id BETWEEN 4168243 AND 4168343
	Index Scan using sbtest5_pkey on sbtest5  (cost=0.43..392.79 rows=99 width=125)
	  Index Cond: ((id >= 4168243) AND (id <= 4168343))

table 6 : explain SELECT id, c FROM sbtest6 WHERE id BETWEEN 4168243 AND 4168343
	Index Scan using sbtest6_pkey on sbtest6  (cost=0.43..388.77 rows=98 width=125)
	  Index Cond: ((id >= 4168243) AND (id <= 4168343))

table 7 : explain SELECT id, c FROM sbtest7 WHERE id BETWEEN 4168243 AND 4168343
	Index Scan using sbtest7_pkey on sbtest7  (cost=0.43..442.84 rows=112 width=125)
	  Index Cond: ((id >= 4168243) AND (id <= 4168343))

table 8 : explain SELECT id, c FROM sbtest8 WHERE id BETWEEN 4168243 AND 4168343
	Index Scan using sbtest8_pkey on sbtest8  (cost=0.43..429.38 rows=109 width=125)
	  Index Cond: ((id >= 4168243) AND (id <= 4168343))

for range-notcovered
table 1 : explain SELECT id, c FROM sbtest1 WHERE id BETWEEN 5128817 AND 5128917
	Index Scan using sbtest1_pkey on sbtest1  (cost=0.43..384.12 rows=97 width=125)
	  Index Cond: ((id >= 5128817) AND (id <= 5128917))

table 2 : explain SELECT id, c FROM sbtest2 WHERE id BETWEEN 5128817 AND 5128917
	Index Scan using sbtest2_pkey on sbtest2  (cost=0.43..422.68 rows=106 width=125)
	  Index Cond: ((id >= 5128817) AND (id <= 5128917))

table 3 : explain SELECT id, c FROM sbtest3 WHERE id BETWEEN 5128817 AND 5128917
	Index Scan using sbtest3_pkey on sbtest3  (cost=0.43..396.86 rows=100 width=125)
	  Index Cond: ((id >= 5128817) AND (id <= 5128917))

table 4 : explain SELECT id, c FROM sbtest4 WHERE id BETWEEN 5128817 AND 5128917
	Index Scan using sbtest4_pkey on sbtest4  (cost=0.43..396.72 rows=100 width=125)
	  Index Cond: ((id >= 5128817) AND (id <= 5128917))

table 5 : explain SELECT id, c FROM sbtest5 WHERE id BETWEEN 5128817 AND 5128917
	Index Scan using sbtest5_pkey on sbtest5  (cost=0.43..392.79 rows=99 width=125)
	  Index Cond: ((id >= 5128817) AND (id <= 5128917))

table 6 : explain SELECT id, c FROM sbtest6 WHERE id BETWEEN 5128817 AND 5128917
	Index Scan using sbtest6_pkey on sbtest6  (cost=0.43..392.69 rows=99 width=125)
	  Index Cond: ((id >= 5128817) AND (id <= 5128917))

table 7 : explain SELECT id, c FROM sbtest7 WHERE id BETWEEN 5128817 AND 5128917
	Index Scan using sbtest7_pkey on sbtest7  (cost=0.43..391.97 rows=99 width=125)
	  Index Cond: ((id >= 5128817) AND (id <= 5128917))

table 8 : explain SELECT id, c FROM sbtest8 WHERE id BETWEEN 5128817 AND 5128917
	Index Scan using sbtest8_pkey on sbtest8  (cost=0.43..367.03 rows=93 width=125)
	  Index Cond: ((id >= 5128817) AND (id <= 5128917))

explain: for range-notcovered :: explain SELECT id, c FROM sbtest%d WHERE id BETWEEN 8052712 AND 8052812
explain: for range-notcovered :: explain SELECT id, c FROM sbtest%d WHERE id BETWEEN 4168243 AND 4168343
explain: for range-notcovered :: explain SELECT id, c FROM sbtest%d WHERE id BETWEEN 5128817 AND 5128917
for range-notcovered
table 1 : explain SELECT id, c FROM sbtest1 WHERE id BETWEEN 3864003 AND 3864103
	Index Scan using sbtest1_pkey on sbtest1  (cost=0.43..368.44 rows=93 width=125)
	  Index Cond: ((id >= 3864003) AND (id <= 3864103))

table 2 : explain SELECT id, c FROM sbtest2 WHERE id BETWEEN 3864003 AND 3864103
	Index Scan using sbtest2_pkey on sbtest2  (cost=0.43..391.13 rows=98 width=125)
	  Index Cond: ((id >= 3864003) AND (id <= 3864103))

table 3 : explain SELECT id, c FROM sbtest3 WHERE id BETWEEN 3864003 AND 3864103
	Index Scan using sbtest3_pkey on sbtest3  (cost=0.43..416.47 rows=105 width=125)
	  Index Cond: ((id >= 3864003) AND (id <= 3864103))

table 4 : explain SELECT id, c FROM sbtest4 WHERE id BETWEEN 3864003 AND 3864103
	Index Scan using sbtest4_pkey on sbtest4  (cost=0.43..420.24 rows=106 width=125)
	  Index Cond: ((id >= 3864003) AND (id <= 3864103))

table 5 : explain SELECT id, c FROM sbtest5 WHERE id BETWEEN 3864003 AND 3864103
	Index Scan using sbtest5_pkey on sbtest5  (cost=0.43..447.68 rows=113 width=125)
	  Index Cond: ((id >= 3864003) AND (id <= 3864103))

table 6 : explain SELECT id, c FROM sbtest6 WHERE id BETWEEN 3864003 AND 3864103
	Index Scan using sbtest6_pkey on sbtest6  (cost=0.43..377.01 rows=95 width=125)
	  Index Cond: ((id >= 3864003) AND (id <= 3864103))

table 7 : explain SELECT id, c FROM sbtest7 WHERE id BETWEEN 3864003 AND 3864103
	Index Scan using sbtest7_pkey on sbtest7  (cost=0.43..399.80 rows=101 width=125)
	  Index Cond: ((id >= 3864003) AND (id <= 3864103))

table 8 : explain SELECT id, c FROM sbtest8 WHERE id BETWEEN 3864003 AND 3864103
	Index Scan using sbtest8_pkey on sbtest8  (cost=0.43..425.48 rows=108 width=125)
	  Index Cond: ((id >= 3864003) AND (id <= 3864103))

explain: for range-notcovered :: explain SELECT id, c FROM sbtest%d WHERE id BETWEEN 3864003 AND 3864103
for range-notcovered
table 1 : explain SELECT id, c FROM sbtest1 WHERE id BETWEEN 3890030 AND 3890130
	Index Scan using sbtest1_pkey on sbtest1  (cost=0.43..438.89 rows=111 width=125)
	  Index Cond: ((id >= 3890030) AND (id <= 3890130))

table 2 : explain SELECT id, c FROM sbtest2 WHERE id BETWEEN 3890030 AND 3890130
	Index Scan using sbtest2_pkey on sbtest2  (cost=0.43..391.13 rows=98 width=125)
	  Index Cond: ((id >= 3890030) AND (id <= 3890130))

table 3 : explain SELECT id, c FROM sbtest3 WHERE id BETWEEN 3890030 AND 3890130
	Index Scan using sbtest3_pkey on sbtest3  (cost=0.43..365.48 rows=92 width=125)
	  Index Cond: ((id >= 3890030) AND (id <= 3890130))

table 4 : explain SELECT id, c FROM sbtest4 WHERE id BETWEEN 3890030 AND 3890130
	Index Scan using sbtest4_pkey on sbtest4  (cost=0.43..420.24 rows=106 width=125)
	  Index Cond: ((id >= 3890030) AND (id <= 3890130))

table 5 : explain SELECT id, c FROM sbtest5 WHERE id BETWEEN 3890030 AND 3890130
	Index Scan using sbtest5_pkey on sbtest5  (cost=0.43..447.68 rows=113 width=125)
	  Index Cond: ((id >= 3890030) AND (id <= 3890130))

table 6 : explain SELECT id, c FROM sbtest6 WHERE id BETWEEN 3890030 AND 3890130
	Index Scan using sbtest6_pkey on sbtest6  (cost=0.43..435.81 rows=110 width=125)
	  Index Cond: ((id >= 3890030) AND (id <= 3890130))

table 7 : explain SELECT id, c FROM sbtest7 WHERE id BETWEEN 3890030 AND 3890130
	Index Scan using sbtest7_pkey on sbtest7  (cost=0.43..399.80 rows=101 width=125)
	  Index Cond: ((id >= 3890030) AND (id <= 3890130))

table 8 : explain SELECT id, c FROM sbtest8 WHERE id BETWEEN 3890030 AND 3890130
	Index Scan using sbtest8_pkey on sbtest8  (cost=0.43..425.48 rows=108 width=125)
	  Index Cond: ((id >= 3890030) AND (id <= 3890130))

explain: for range-notcovered :: explain SELECT id, c FROM sbtest%d WHERE id BETWEEN 3890030 AND 3890130
for range-notcovered
table 1 : explain SELECT id, c FROM sbtest1 WHERE id BETWEEN 2889376 AND 2889476
	Index Scan using sbtest1_pkey on sbtest1  (cost=0.43..395.86 rows=100 width=125)
	  Index Cond: ((id >= 2889376) AND (id <= 2889476))

table 2 : explain SELECT id, c FROM sbtest2 WHERE id BETWEEN 2889376 AND 2889476
	Index Scan using sbtest2_pkey on sbtest2  (cost=0.43..470.02 rows=118 width=125)
	  Index Cond: ((id >= 2889376) AND (id <= 2889476))

table 3 : explain SELECT id, c FROM sbtest3 WHERE id BETWEEN 2889376 AND 2889476
	Index Scan using sbtest3_pkey on sbtest3  (cost=0.43..389.01 rows=98 width=125)
	  Index Cond: ((id >= 2889376) AND (id <= 2889476))

table 4 : explain SELECT id, c FROM sbtest4 WHERE id BETWEEN 2889376 AND 2889476
	Index Scan using sbtest4_pkey on sbtest4  (cost=0.43..365.35 rows=92 width=125)
	  Index Cond: ((id >= 2889376) AND (id <= 2889476))

table 5 : explain SELECT id, c FROM sbtest5 WHERE id BETWEEN 2889376 AND 2889476
	Index Scan using sbtest5_pkey on sbtest5  (cost=0.43..416.31 rows=105 width=125)
	  Index Cond: ((id >= 2889376) AND (id <= 2889476))

table 6 : explain SELECT id, c FROM sbtest6 WHERE id BETWEEN 2889376 AND 2889476
	Index Scan using sbtest6_pkey on sbtest6  (cost=0.43..404.45 rows=102 width=125)
	  Index Cond: ((id >= 2889376) AND (id <= 2889476))

table 7 : explain SELECT id, c FROM sbtest7 WHERE id BETWEEN 2889376 AND 2889476
	Index Scan using sbtest7_pkey on sbtest7  (cost=0.43..388.06 rows=98 width=125)
	  Index Cond: ((id >= 2889376) AND (id <= 2889476))

table 8 : explain SELECT id, c FROM sbtest8 WHERE id BETWEEN 2889376 AND 2889476
	Index Scan using sbtest8_pkey on sbtest8  (cost=0.43..425.48 rows=108 width=125)
	  Index Cond: ((id >= 2889376) AND (id <= 2889476))

explain: for range-notcovered :: explain SELECT id, c FROM sbtest%d WHERE id BETWEEN 2889376 AND 2889476
for range-notcovered
table 1 : explain SELECT id, c FROM sbtest1 WHERE id BETWEEN 5128817 AND 5128917
	Index Scan using sbtest1_pkey on sbtest1  (cost=0.43..384.12 rows=97 width=125)
	  Index Cond: ((id >= 5128817) AND (id <= 5128917))

table 2 : explain SELECT id, c FROM sbtest2 WHERE id BETWEEN 5128817 AND 5128917
	Index Scan using sbtest2_pkey on sbtest2  (cost=0.43..422.68 rows=106 width=125)
	  Index Cond: ((id >= 5128817) AND (id <= 5128917))

table 3 : explain SELECT id, c FROM sbtest3 WHERE id BETWEEN 5128817 AND 5128917
	Index Scan using sbtest3_pkey on sbtest3  (cost=0.43..396.86 rows=100 width=125)
	  Index Cond: ((id >= 5128817) AND (id <= 5128917))

table 4 : explain SELECT id, c FROM sbtest4 WHERE id BETWEEN 5128817 AND 5128917
	Index Scan using sbtest4_pkey on sbtest4  (cost=0.43..396.72 rows=100 width=125)
	  Index Cond: ((id >= 5128817) AND (id <= 5128917))

table 5 : explain SELECT id, c FROM sbtest5 WHERE id BETWEEN 5128817 AND 5128917
	Index Scan using sbtest5_pkey on sbtest5  (cost=0.43..392.79 rows=99 width=125)
	  Index Cond: ((id >= 5128817) AND (id <= 5128917))

table 6 : explain SELECT id, c FROM sbtest6 WHERE id BETWEEN 5128817 AND 5128917
	Index Scan using sbtest6_pkey on sbtest6  (cost=0.43..392.69 rows=99 width=125)
	  Index Cond: ((id >= 5128817) AND (id <= 5128917))

table 7 : explain SELECT id, c FROM sbtest7 WHERE id BETWEEN 5128817 AND 5128917
	Index Scan using sbtest7_pkey on sbtest7  (cost=0.43..391.97 rows=99 width=125)
	  Index Cond: ((id >= 5128817) AND (id <= 5128917))

table 8 : explain SELECT id, c FROM sbtest8 WHERE id BETWEEN 5128817 AND 5128917
	Index Scan using sbtest8_pkey on sbtest8  (cost=0.43..367.03 rows=93 width=125)
	  Index Cond: ((id >= 5128817) AND (id <= 5128917))

explain: for range-notcovered :: explain SELECT id, c FROM sbtest%d WHERE id BETWEEN 5128817 AND 5128917
for range-notcovered
table 1 : explain SELECT id, c FROM sbtest1 WHERE id BETWEEN 4531599 AND 4531699
	Index Scan using sbtest1_pkey on sbtest1  (cost=0.43..376.30 rows=95 width=125)
	  Index Cond: ((id >= 4531599) AND (id <= 4531699))

table 2 : explain SELECT id, c FROM sbtest2 WHERE id BETWEEN 4531599 AND 4531699
	Index Scan using sbtest2_pkey on sbtest2  (cost=0.43..410.85 rows=103 width=125)
	  Index Cond: ((id >= 4531599) AND (id <= 4531699))

table 3 : explain SELECT id, c FROM sbtest3 WHERE id BETWEEN 4531599 AND 4531699
	Index Scan using sbtest3_pkey on sbtest3  (cost=0.43..389.01 rows=98 width=125)
	  Index Cond: ((id >= 4531599) AND (id <= 4531699))

table 4 : explain SELECT id, c FROM sbtest4 WHERE id BETWEEN 4531599 AND 4531699
	Index Scan using sbtest4_pkey on sbtest4  (cost=0.43..408.48 rows=103 width=125)
	  Index Cond: ((id >= 4531599) AND (id <= 4531699))

table 5 : explain SELECT id, c FROM sbtest5 WHERE id BETWEEN 4531599 AND 4531699
	Index Scan using sbtest5_pkey on sbtest5  (cost=0.43..408.47 rows=103 width=125)
	  Index Cond: ((id >= 4531599) AND (id <= 4531699))

table 6 : explain SELECT id, c FROM sbtest6 WHERE id BETWEEN 4531599 AND 4531699
	Index Scan using sbtest6_pkey on sbtest6  (cost=0.43..388.77 rows=98 width=125)
	  Index Cond: ((id >= 4531599) AND (id <= 4531699))

table 7 : explain SELECT id, c FROM sbtest7 WHERE id BETWEEN 4531599 AND 4531699
	Index Scan using sbtest7_pkey on sbtest7  (cost=0.43..391.97 rows=99 width=125)
	  Index Cond: ((id >= 4531599) AND (id <= 4531699))

table 8 : explain SELECT id, c FROM sbtest8 WHERE id BETWEEN 4531599 AND 4531699
	Index Scan using sbtest8_pkey on sbtest8  (cost=0.43..398.20 rows=101 width=125)
	  Index Cond: ((id >= 4531599) AND (id <= 4531699))

explain: for range-notcovered :: explain SELECT id, c FROM sbtest%d WHERE id BETWEEN 4531599 AND 4531699
for range-notcovered
table 1 : explain SELECT id, c FROM sbtest1 WHERE id BETWEEN 3890030 AND 3890130
	Index Scan using sbtest1_pkey on sbtest1  (cost=0.43..438.89 rows=111 width=125)
	  Index Cond: ((id >= 3890030) AND (id <= 3890130))

table 2 : explain SELECT id, c FROM sbtest2 WHERE id BETWEEN 3890030 AND 3890130
	Index Scan using sbtest2_pkey on sbtest2  (cost=0.43..391.13 rows=98 width=125)
	  Index Cond: ((id >= 3890030) AND (id <= 3890130))

table 3 : explain SELECT id, c FROM sbtest3 WHERE id BETWEEN 3890030 AND 3890130
	Index Scan using sbtest3_pkey on sbtest3  (cost=0.43..365.48 rows=92 width=125)
	  Index Cond: ((id >= 3890030) AND (id <= 3890130))

table 4 : explain SELECT id, c FROM sbtest4 WHERE id BETWEEN 3890030 AND 3890130
	Index Scan using sbtest4_pkey on sbtest4  (cost=0.43..420.24 rows=106 width=125)
	  Index Cond: ((id >= 3890030) AND (id <= 3890130))

table 5 : explain SELECT id, c FROM sbtest5 WHERE id BETWEEN 3890030 AND 3890130
	Index Scan using sbtest5_pkey on sbtest5  (cost=0.43..447.68 rows=113 width=125)
	  Index Cond: ((id >= 3890030) AND (id <= 3890130))

table 6 : explain SELECT id, c FROM sbtest6 WHERE id BETWEEN 3890030 AND 3890130
	Index Scan using sbtest6_pkey on sbtest6  (cost=0.43..435.81 rows=110 width=125)
	  Index Cond: ((id >= 3890030) AND (id <= 3890130))

table 7 : explain SELECT id, c FROM sbtest7 WHERE id BETWEEN 3890030 AND 3890130
	Index Scan using sbtest7_pkey on sbtest7  (cost=0.43..399.80 rows=101 width=125)
	  Index Cond: ((id >= 3890030) AND (id <= 3890130))

table 8 : explain SELECT id, c FROM sbtest8 WHERE id BETWEEN 3890030 AND 3890130
	Index Scan using sbtest8_pkey on sbtest8  (cost=0.43..425.48 rows=108 width=125)
	  Index Cond: ((id >= 3890030) AND (id <= 3890130))

explain: for range-notcovered :: explain SELECT id, c FROM sbtest%d WHERE id BETWEEN 3890030 AND 3890130
for range-notcovered
table 1 : explain SELECT id, c FROM sbtest1 WHERE id BETWEEN 8052712 AND 8052812
	Index Scan using sbtest1_pkey on sbtest1  (cost=0.43..403.68 rows=102 width=125)
	  Index Cond: ((id >= 8052712) AND (id <= 8052812))

table 2 : explain SELECT id, c FROM sbtest2 WHERE id BETWEEN 8052712 AND 8052812
	Index Scan using sbtest2_pkey on sbtest2  (cost=0.43..434.52 rows=109 width=125)
	  Index Cond: ((id >= 8052712) AND (id <= 8052812))

table 3 : explain SELECT id, c FROM sbtest3 WHERE id BETWEEN 8052712 AND 8052812
	Index Scan using sbtest3_pkey on sbtest3  (cost=0.43..440.00 rows=111 width=125)
	  Index Cond: ((id >= 8052712) AND (id <= 8052812))

table 4 : explain SELECT id, c FROM sbtest4 WHERE id BETWEEN 8052712 AND 8052812
	Index Scan using sbtest4_pkey on sbtest4  (cost=0.43..443.77 rows=112 width=125)
	  Index Cond: ((id >= 8052712) AND (id <= 8052812))

table 5 : explain SELECT id, c FROM sbtest5 WHERE id BETWEEN 8052712 AND 8052812
	Index Scan using sbtest5_pkey on sbtest5  (cost=0.43..404.55 rows=102 width=125)
	  Index Cond: ((id >= 8052712) AND (id <= 8052812))

table 6 : explain SELECT id, c FROM sbtest6 WHERE id BETWEEN 8052712 AND 8052812
	Index Scan using sbtest6_pkey on sbtest6  (cost=0.43..384.85 rows=97 width=125)
	  Index Cond: ((id >= 8052712) AND (id <= 8052812))

table 7 : explain SELECT id, c FROM sbtest7 WHERE id BETWEEN 8052712 AND 8052812
	Index Scan using sbtest7_pkey on sbtest7  (cost=0.43..395.89 rows=100 width=125)
	  Index Cond: ((id >= 8052712) AND (id <= 8052812))

table 8 : explain SELECT id, c FROM sbtest8 WHERE id BETWEEN 8052712 AND 8052812
	Index Scan using sbtest8_pkey on sbtest8  (cost=0.43..398.20 rows=101 width=125)
	  Index Cond: ((id >= 8052712) AND (id <= 8052812))

for range-notcovered
table 1 : explain SELECT id, c FROM sbtest1 WHERE id BETWEEN 2889376 AND 2889476
	Index Scan using sbtest1_pkey on sbtest1  (cost=0.43..395.86 rows=100 width=125)
	  Index Cond: ((id >= 2889376) AND (id <= 2889476))

table 2 : explain SELECT id, c FROM sbtest2 WHERE id BETWEEN 2889376 AND 2889476
	Index Scan using sbtest2_pkey on sbtest2  (cost=0.43..470.02 rows=118 width=125)
	  Index Cond: ((id >= 2889376) AND (id <= 2889476))

table 3 : explain SELECT id, c FROM sbtest3 WHERE id BETWEEN 2889376 AND 2889476
	Index Scan using sbtest3_pkey on sbtest3  (cost=0.43..389.01 rows=98 width=125)
	  Index Cond: ((id >= 2889376) AND (id <= 2889476))

table 4 : explain SELECT id, c FROM sbtest4 WHERE id BETWEEN 2889376 AND 2889476
	Index Scan using sbtest4_pkey on sbtest4  (cost=0.43..365.35 rows=92 width=125)
	  Index Cond: ((id >= 2889376) AND (id <= 2889476))

table 5 : explain SELECT id, c FROM sbtest5 WHERE id BETWEEN 2889376 AND 2889476
	Index Scan using sbtest5_pkey on sbtest5  (cost=0.43..416.31 rows=105 width=125)
	  Index Cond: ((id >= 2889376) AND (id <= 2889476))

table 6 : explain SELECT id, c FROM sbtest6 WHERE id BETWEEN 2889376 AND 2889476
	Index Scan using sbtest6_pkey on sbtest6  (cost=0.43..404.45 rows=102 width=125)
	  Index Cond: ((id >= 2889376) AND (id <= 2889476))

table 7 : explain SELECT id, c FROM sbtest7 WHERE id BETWEEN 2889376 AND 2889476
	Index Scan using sbtest7_pkey on sbtest7  (cost=0.43..388.06 rows=98 width=125)
	  Index Cond: ((id >= 2889376) AND (id <= 2889476))

table 8 : explain SELECT id, c FROM sbtest8 WHERE id BETWEEN 2889376 AND 2889476
	Index Scan using sbtest8_pkey on sbtest8  (cost=0.43..425.48 rows=108 width=125)
	  Index Cond: ((id >= 2889376) AND (id <= 2889476))

for range-notcovered
table 1 : explain SELECT id, c FROM sbtest1 WHERE id BETWEEN 4168243 AND 4168343
	Index Scan using sbtest1_pkey on sbtest1  (cost=0.43..407.59 rows=103 width=125)
	  Index Cond: ((id >= 4168243) AND (id <= 4168343))

table 2 : explain SELECT id, c FROM sbtest2 WHERE id BETWEEN 4168243 AND 4168343
	Index Scan using sbtest2_pkey on sbtest2  (cost=0.43..418.74 rows=105 width=125)
	  Index Cond: ((id >= 4168243) AND (id <= 4168343))

table 3 : explain SELECT id, c FROM sbtest3 WHERE id BETWEEN 4168243 AND 4168343
	Index Scan using sbtest3_pkey on sbtest3  (cost=0.43..420.39 rows=106 width=125)
	  Index Cond: ((id >= 4168243) AND (id <= 4168343))

table 4 : explain SELECT id, c FROM sbtest4 WHERE id BETWEEN 4168243 AND 4168343
	Index Scan using sbtest4_pkey on sbtest4  (cost=0.43..365.35 rows=92 width=125)
	  Index Cond: ((id >= 4168243) AND (id <= 4168343))

table 5 : explain SELECT id, c FROM sbtest5 WHERE id BETWEEN 4168243 AND 4168343
	Index Scan using sbtest5_pkey on sbtest5  (cost=0.43..392.79 rows=99 width=125)
	  Index Cond: ((id >= 4168243) AND (id <= 4168343))

table 6 : explain SELECT id, c FROM sbtest6 WHERE id BETWEEN 4168243 AND 4168343
	Index Scan using sbtest6_pkey on sbtest6  (cost=0.43..388.77 rows=98 width=125)
	  Index Cond: ((id >= 4168243) AND (id <= 4168343))

table 7 : explain SELECT id, c FROM sbtest7 WHERE id BETWEEN 4168243 AND 4168343
	Index Scan using sbtest7_pkey on sbtest7  (cost=0.43..442.84 rows=112 width=125)
	  Index Cond: ((id >= 4168243) AND (id <= 4168343))

table 8 : explain SELECT id, c FROM sbtest8 WHERE id BETWEEN 4168243 AND 4168343
	Index Scan using sbtest8_pkey on sbtest8  (cost=0.43..429.38 rows=109 width=125)
	  Index Cond: ((id >= 4168243) AND (id <= 4168343))

for range-notcovered
table 1 : explain SELECT id, c FROM sbtest1 WHERE id BETWEEN 5128817 AND 5128917
	Index Scan using sbtest1_pkey on sbtest1  (cost=0.43..384.12 rows=97 width=125)
	  Index Cond: ((id >= 5128817) AND (id <= 5128917))

table 2 : explain SELECT id, c FROM sbtest2 WHERE id BETWEEN 5128817 AND 5128917
	Index Scan using sbtest2_pkey on sbtest2  (cost=0.43..422.68 rows=106 width=125)
	  Index Cond: ((id >= 5128817) AND (id <= 5128917))

table 3 : explain SELECT id, c FROM sbtest3 WHERE id BETWEEN 5128817 AND 5128917
	Index Scan using sbtest3_pkey on sbtest3  (cost=0.43..396.86 rows=100 width=125)
	  Index Cond: ((id >= 5128817) AND (id <= 5128917))

table 4 : explain SELECT id, c FROM sbtest4 WHERE id BETWEEN 5128817 AND 5128917
	Index Scan using sbtest4_pkey on sbtest4  (cost=0.43..396.72 rows=100 width=125)
	  Index Cond: ((id >= 5128817) AND (id <= 5128917))

table 5 : explain SELECT id, c FROM sbtest5 WHERE id BETWEEN 5128817 AND 5128917
	Index Scan using sbtest5_pkey on sbtest5  (cost=0.43..392.79 rows=99 width=125)
	  Index Cond: ((id >= 5128817) AND (id <= 5128917))

table 6 : explain SELECT id, c FROM sbtest6 WHERE id BETWEEN 5128817 AND 5128917
	Index Scan using sbtest6_pkey on sbtest6  (cost=0.43..392.69 rows=99 width=125)
	  Index Cond: ((id >= 5128817) AND (id <= 5128917))

table 7 : explain SELECT id, c FROM sbtest7 WHERE id BETWEEN 5128817 AND 5128917
	Index Scan using sbtest7_pkey on sbtest7  (cost=0.43..391.97 rows=99 width=125)
	  Index Cond: ((id >= 5128817) AND (id <= 5128917))

table 8 : explain SELECT id, c FROM sbtest8 WHERE id BETWEEN 5128817 AND 5128917
	Index Scan using sbtest8_pkey on sbtest8  (cost=0.43..367.03 rows=93 width=125)
	  Index Cond: ((id >= 5128817) AND (id <= 5128917))

explain: for range-notcovered :: explain SELECT id, c FROM sbtest%d WHERE id BETWEEN 2889376 AND 2889476
explain: for range-notcovered :: explain SELECT id, c FROM sbtest%d WHERE id BETWEEN 8052712 AND 8052812
explain: for range-notcovered :: explain SELECT id, c FROM sbtest%d WHERE id BETWEEN 4168243 AND 4168343
for range-notcovered
table 1 : explain SELECT id, c FROM sbtest1 WHERE id BETWEEN 4531599 AND 4531699
	Index Scan using sbtest1_pkey on sbtest1  (cost=0.43..376.30 rows=95 width=125)
	  Index Cond: ((id >= 4531599) AND (id <= 4531699))

table 2 : explain SELECT id, c FROM sbtest2 WHERE id BETWEEN 4531599 AND 4531699
	Index Scan using sbtest2_pkey on sbtest2  (cost=0.43..410.85 rows=103 width=125)
	  Index Cond: ((id >= 4531599) AND (id <= 4531699))

table 3 : explain SELECT id, c FROM sbtest3 WHERE id BETWEEN 4531599 AND 4531699
	Index Scan using sbtest3_pkey on sbtest3  (cost=0.43..389.01 rows=98 width=125)
	  Index Cond: ((id >= 4531599) AND (id <= 4531699))

table 4 : explain SELECT id, c FROM sbtest4 WHERE id BETWEEN 4531599 AND 4531699
	Index Scan using sbtest4_pkey on sbtest4  (cost=0.43..408.48 rows=103 width=125)
	  Index Cond: ((id >= 4531599) AND (id <= 4531699))

table 5 : explain SELECT id, c FROM sbtest5 WHERE id BETWEEN 4531599 AND 4531699
	Index Scan using sbtest5_pkey on sbtest5  (cost=0.43..408.47 rows=103 width=125)
	  Index Cond: ((id >= 4531599) AND (id <= 4531699))

table 6 : explain SELECT id, c FROM sbtest6 WHERE id BETWEEN 4531599 AND 4531699
	Index Scan using sbtest6_pkey on sbtest6  (cost=0.43..388.77 rows=98 width=125)
	  Index Cond: ((id >= 4531599) AND (id <= 4531699))

table 7 : explain SELECT id, c FROM sbtest7 WHERE id BETWEEN 4531599 AND 4531699
	Index Scan using sbtest7_pkey on sbtest7  (cost=0.43..391.97 rows=99 width=125)
	  Index Cond: ((id >= 4531599) AND (id <= 4531699))

table 8 : explain SELECT id, c FROM sbtest8 WHERE id BETWEEN 4531599 AND 4531699
	Index Scan using sbtest8_pkey on sbtest8  (cost=0.43..398.20 rows=101 width=125)
	  Index Cond: ((id >= 4531599) AND (id <= 4531699))

explain: for range-notcovered :: explain SELECT id, c FROM sbtest%d WHERE id BETWEEN 4531599 AND 4531699
for range-notcovered
table 1 : explain SELECT id, c FROM sbtest1 WHERE id BETWEEN 3890030 AND 3890130
	Index Scan using sbtest1_pkey on sbtest1  (cost=0.43..438.89 rows=111 width=125)
	  Index Cond: ((id >= 3890030) AND (id <= 3890130))

table 2 : explain SELECT id, c FROM sbtest2 WHERE id BETWEEN 3890030 AND 3890130
	Index Scan using sbtest2_pkey on sbtest2  (cost=0.43..391.13 rows=98 width=125)
	  Index Cond: ((id >= 3890030) AND (id <= 3890130))

table 3 : explain SELECT id, c FROM sbtest3 WHERE id BETWEEN 3890030 AND 3890130
	Index Scan using sbtest3_pkey on sbtest3  (cost=0.43..365.48 rows=92 width=125)
	  Index Cond: ((id >= 3890030) AND (id <= 3890130))

table 4 : explain SELECT id, c FROM sbtest4 WHERE id BETWEEN 3890030 AND 3890130
	Index Scan using sbtest4_pkey on sbtest4  (cost=0.43..420.24 rows=106 width=125)
	  Index Cond: ((id >= 3890030) AND (id <= 3890130))

table 5 : explain SELECT id, c FROM sbtest5 WHERE id BETWEEN 3890030 AND 3890130
	Index Scan using sbtest5_pkey on sbtest5  (cost=0.43..447.68 rows=113 width=125)
	  Index Cond: ((id >= 3890030) AND (id <= 3890130))

table 6 : explain SELECT id, c FROM sbtest6 WHERE id BETWEEN 3890030 AND 3890130
	Index Scan using sbtest6_pkey on sbtest6  (cost=0.43..435.81 rows=110 width=125)
	  Index Cond: ((id >= 3890030) AND (id <= 3890130))

table 7 : explain SELECT id, c FROM sbtest7 WHERE id BETWEEN 3890030 AND 3890130
	Index Scan using sbtest7_pkey on sbtest7  (cost=0.43..399.80 rows=101 width=125)
	  Index Cond: ((id >= 3890030) AND (id <= 3890130))

table 8 : explain SELECT id, c FROM sbtest8 WHERE id BETWEEN 3890030 AND 3890130
	Index Scan using sbtest8_pkey on sbtest8  (cost=0.43..425.48 rows=108 width=125)
	  Index Cond: ((id >= 3890030) AND (id <= 3890130))

for range-notcovered
table 1 : explain SELECT id, c FROM sbtest1 WHERE id BETWEEN 3906900 AND 3907000
	Index Scan using sbtest1_pkey on sbtest1  (cost=0.43..438.89 rows=111 width=125)
	  Index Cond: ((id >= 3906900) AND (id <= 3907000))

table 2 : explain SELECT id, c FROM sbtest2 WHERE id BETWEEN 3906900 AND 3907000
	Index Scan using sbtest2_pkey on sbtest2  (cost=0.43..391.13 rows=98 width=125)
	  Index Cond: ((id >= 3906900) AND (id <= 3907000))

table 3 : explain SELECT id, c FROM sbtest3 WHERE id BETWEEN 3906900 AND 3907000
	Index Scan using sbtest3_pkey on sbtest3  (cost=0.43..365.48 rows=92 width=125)
	  Index Cond: ((id >= 3906900) AND (id <= 3907000))

table 4 : explain SELECT id, c FROM sbtest4 WHERE id BETWEEN 3906900 AND 3907000
	Index Scan using sbtest4_pkey on sbtest4  (cost=0.43..420.24 rows=106 width=125)
	  Index Cond: ((id >= 3906900) AND (id <= 3907000))

table 5 : explain SELECT id, c FROM sbtest5 WHERE id BETWEEN 3906900 AND 3907000
	Index Scan using sbtest5_pkey on sbtest5  (cost=0.43..369.24 rows=93 width=125)
	  Index Cond: ((id >= 3906900) AND (id <= 3907000))

table 6 : explain SELECT id, c FROM sbtest6 WHERE id BETWEEN 3906900 AND 3907000
	Index Scan using sbtest6_pkey on sbtest6  (cost=0.43..435.81 rows=110 width=125)
	  Index Cond: ((id >= 3906900) AND (id <= 3907000))

table 7 : explain SELECT id, c FROM sbtest7 WHERE id BETWEEN 3906900 AND 3907000
	Index Scan using sbtest7_pkey on sbtest7  (cost=0.43..376.32 rows=95 width=125)
	  Index Cond: ((id >= 3906900) AND (id <= 3907000))

table 8 : explain SELECT id, c FROM sbtest8 WHERE id BETWEEN 3906900 AND 3907000
	Index Scan using sbtest8_pkey on sbtest8  (cost=0.43..425.48 rows=108 width=125)
	  Index Cond: ((id >= 3906900) AND (id <= 3907000))

explain: for range-notcovered :: explain SELECT id, c FROM sbtest%d WHERE id BETWEEN 3890030 AND 3890130
explain: for range-notcovered :: explain SELECT id, c FROM sbtest%d WHERE id BETWEEN 3906900 AND 3907000
for range-notcovered
table 1 : explain SELECT id, c FROM sbtest1 WHERE id BETWEEN 2889376 AND 2889476
	Index Scan using sbtest1_pkey on sbtest1  (cost=0.43..395.86 rows=100 width=125)
	  Index Cond: ((id >= 2889376) AND (id <= 2889476))

table 2 : explain SELECT id, c FROM sbtest2 WHERE id BETWEEN 2889376 AND 2889476
	Index Scan using sbtest2_pkey on sbtest2  (cost=0.43..470.02 rows=118 width=125)
	  Index Cond: ((id >= 2889376) AND (id <= 2889476))

table 3 : explain SELECT id, c FROM sbtest3 WHERE id BETWEEN 2889376 AND 2889476
	Index Scan using sbtest3_pkey on sbtest3  (cost=0.43..389.01 rows=98 width=125)
	  Index Cond: ((id >= 2889376) AND (id <= 2889476))

table 4 : explain SELECT id, c FROM sbtest4 WHERE id BETWEEN 2889376 AND 2889476
	Index Scan using sbtest4_pkey on sbtest4  (cost=0.43..365.35 rows=92 width=125)
	  Index Cond: ((id >= 2889376) AND (id <= 2889476))

table 5 : explain SELECT id, c FROM sbtest5 WHERE id BETWEEN 2889376 AND 2889476
	Index Scan using sbtest5_pkey on sbtest5  (cost=0.43..416.31 rows=105 width=125)
	  Index Cond: ((id >= 2889376) AND (id <= 2889476))

table 6 : explain SELECT id, c FROM sbtest6 WHERE id BETWEEN 2889376 AND 2889476
	Index Scan using sbtest6_pkey on sbtest6  (cost=0.43..404.45 rows=102 width=125)
	  Index Cond: ((id >= 2889376) AND (id <= 2889476))

table 7 : explain SELECT id, c FROM sbtest7 WHERE id BETWEEN 2889376 AND 2889476
	Index Scan using sbtest7_pkey on sbtest7  (cost=0.43..388.06 rows=98 width=125)
	  Index Cond: ((id >= 2889376) AND (id <= 2889476))

table 8 : explain SELECT id, c FROM sbtest8 WHERE id BETWEEN 2889376 AND 2889476
	Index Scan using sbtest8_pkey on sbtest8  (cost=0.43..425.48 rows=108 width=125)
	  Index Cond: ((id >= 2889376) AND (id <= 2889476))

explain: for range-notcovered :: explain SELECT id, c FROM sbtest%d WHERE id BETWEEN 2889376 AND 2889476
explain: for range-notcovered :: explain SELECT id, c FROM sbtest%d WHERE id BETWEEN 5128817 AND 5128917
for range-notcovered
table 1 : explain SELECT id, c FROM sbtest1 WHERE id BETWEEN 4531599 AND 4531699
	Index Scan using sbtest1_pkey on sbtest1  (cost=0.43..376.30 rows=95 width=125)
	  Index Cond: ((id >= 4531599) AND (id <= 4531699))

table 2 : explain SELECT id, c FROM sbtest2 WHERE id BETWEEN 4531599 AND 4531699
	Index Scan using sbtest2_pkey on sbtest2  (cost=0.43..410.85 rows=103 width=125)
	  Index Cond: ((id >= 4531599) AND (id <= 4531699))

table 3 : explain SELECT id, c FROM sbtest3 WHERE id BETWEEN 4531599 AND 4531699
	Index Scan using sbtest3_pkey on sbtest3  (cost=0.43..389.01 rows=98 width=125)
	  Index Cond: ((id >= 4531599) AND (id <= 4531699))

table 4 : explain SELECT id, c FROM sbtest4 WHERE id BETWEEN 4531599 AND 4531699
	Index Scan using sbtest4_pkey on sbtest4  (cost=0.43..408.48 rows=103 width=125)
	  Index Cond: ((id >= 4531599) AND (id <= 4531699))

table 5 : explain SELECT id, c FROM sbtest5 WHERE id BETWEEN 4531599 AND 4531699
	Index Scan using sbtest5_pkey on sbtest5  (cost=0.43..408.47 rows=103 width=125)
	  Index Cond: ((id >= 4531599) AND (id <= 4531699))

table 6 : explain SELECT id, c FROM sbtest6 WHERE id BETWEEN 4531599 AND 4531699
	Index Scan using sbtest6_pkey on sbtest6  (cost=0.43..388.77 rows=98 width=125)
	  Index Cond: ((id >= 4531599) AND (id <= 4531699))

table 7 : explain SELECT id, c FROM sbtest7 WHERE id BETWEEN 4531599 AND 4531699
	Index Scan using sbtest7_pkey on sbtest7  (cost=0.43..391.97 rows=99 width=125)
	  Index Cond: ((id >= 4531599) AND (id <= 4531699))

table 8 : explain SELECT id, c FROM sbtest8 WHERE id BETWEEN 4531599 AND 4531699
	Index Scan using sbtest8_pkey on sbtest8  (cost=0.43..398.20 rows=101 width=125)
	  Index Cond: ((id >= 4531599) AND (id <= 4531699))

explain: for range-notcovered :: explain SELECT id, c FROM sbtest%d WHERE id BETWEEN 4531599 AND 4531699
for range-notcovered
table 1 : explain SELECT id, c FROM sbtest1 WHERE id BETWEEN 2889376 AND 2889476
	Index Scan using sbtest1_pkey on sbtest1  (cost=0.43..395.86 rows=100 width=125)
	  Index Cond: ((id >= 2889376) AND (id <= 2889476))

table 2 : explain SELECT id, c FROM sbtest2 WHERE id BETWEEN 2889376 AND 2889476
	Index Scan using sbtest2_pkey on sbtest2  (cost=0.43..470.02 rows=118 width=125)
	  Index Cond: ((id >= 2889376) AND (id <= 2889476))

table 3 : explain SELECT id, c FROM sbtest3 WHERE id BETWEEN 2889376 AND 2889476
	Index Scan using sbtest3_pkey on sbtest3  (cost=0.43..389.01 rows=98 width=125)
	  Index Cond: ((id >= 2889376) AND (id <= 2889476))

table 4 : explain SELECT id, c FROM sbtest4 WHERE id BETWEEN 2889376 AND 2889476
	Index Scan using sbtest4_pkey on sbtest4  (cost=0.43..365.35 rows=92 width=125)
	  Index Cond: ((id >= 2889376) AND (id <= 2889476))

table 5 : explain SELECT id, c FROM sbtest5 WHERE id BETWEEN 2889376 AND 2889476
	Index Scan using sbtest5_pkey on sbtest5  (cost=0.43..416.31 rows=105 width=125)
	  Index Cond: ((id >= 2889376) AND (id <= 2889476))

table 6 : explain SELECT id, c FROM sbtest6 WHERE id BETWEEN 2889376 AND 2889476
	Index Scan using sbtest6_pkey on sbtest6  (cost=0.43..404.45 rows=102 width=125)
	  Index Cond: ((id >= 2889376) AND (id <= 2889476))

table 7 : explain SELECT id, c FROM sbtest7 WHERE id BETWEEN 2889376 AND 2889476
	Index Scan using sbtest7_pkey on sbtest7  (cost=0.43..388.06 rows=98 width=125)
	  Index Cond: ((id >= 2889376) AND (id <= 2889476))

table 8 : explain SELECT id, c FROM sbtest8 WHERE id BETWEEN 2889376 AND 2889476
	Index Scan using sbtest8_pkey on sbtest8  (cost=0.43..425.48 rows=108 width=125)
	  Index Cond: ((id >= 2889376) AND (id <= 2889476))

for range-notcovered
table 1 : explain SELECT id, c FROM sbtest1 WHERE id BETWEEN 3890030 AND 3890130
	Index Scan using sbtest1_pkey on sbtest1  (cost=0.43..438.89 rows=111 width=125)
	  Index Cond: ((id >= 3890030) AND (id <= 3890130))

table 2 : explain SELECT id, c FROM sbtest2 WHERE id BETWEEN 3890030 AND 3890130
	Index Scan using sbtest2_pkey on sbtest2  (cost=0.43..391.13 rows=98 width=125)
	  Index Cond: ((id >= 3890030) AND (id <= 3890130))

table 3 : explain SELECT id, c FROM sbtest3 WHERE id BETWEEN 3890030 AND 3890130
	Index Scan using sbtest3_pkey on sbtest3  (cost=0.43..365.48 rows=92 width=125)
	  Index Cond: ((id >= 3890030) AND (id <= 3890130))

table 4 : explain SELECT id, c FROM sbtest4 WHERE id BETWEEN 3890030 AND 3890130
	Index Scan using sbtest4_pkey on sbtest4  (cost=0.43..420.24 rows=106 width=125)
	  Index Cond: ((id >= 3890030) AND (id <= 3890130))

table 5 : explain SELECT id, c FROM sbtest5 WHERE id BETWEEN 3890030 AND 3890130
	Index Scan using sbtest5_pkey on sbtest5  (cost=0.43..447.68 rows=113 width=125)
	  Index Cond: ((id >= 3890030) AND (id <= 3890130))

table 6 : explain SELECT id, c FROM sbtest6 WHERE id BETWEEN 3890030 AND 3890130
	Index Scan using sbtest6_pkey on sbtest6  (cost=0.43..435.81 rows=110 width=125)
	  Index Cond: ((id >= 3890030) AND (id <= 3890130))

table 7 : explain SELECT id, c FROM sbtest7 WHERE id BETWEEN 3890030 AND 3890130
	Index Scan using sbtest7_pkey on sbtest7  (cost=0.43..399.80 rows=101 width=125)
	  Index Cond: ((id >= 3890030) AND (id <= 3890130))

table 8 : explain SELECT id, c FROM sbtest8 WHERE id BETWEEN 3890030 AND 3890130
	Index Scan using sbtest8_pkey on sbtest8  (cost=0.43..425.48 rows=108 width=125)
	  Index Cond: ((id >= 3890030) AND (id <= 3890130))

explain: for range-notcovered :: explain SELECT id, c FROM sbtest%d WHERE id BETWEEN 2889376 AND 2889476
explain: for range-notcovered :: explain SELECT id, c FROM sbtest%d WHERE id BETWEEN 3890030 AND 3890130
for range-notcovered
table 1 : explain SELECT id, c FROM sbtest1 WHERE id BETWEEN 5128817 AND 5128917
	Index Scan using sbtest1_pkey on sbtest1  (cost=0.43..384.12 rows=97 width=125)
	  Index Cond: ((id >= 5128817) AND (id <= 5128917))

table 2 : explain SELECT id, c FROM sbtest2 WHERE id BETWEEN 5128817 AND 5128917
	Index Scan using sbtest2_pkey on sbtest2  (cost=0.43..422.68 rows=106 width=125)
	  Index Cond: ((id >= 5128817) AND (id <= 5128917))

table 3 : explain SELECT id, c FROM sbtest3 WHERE id BETWEEN 5128817 AND 5128917
	Index Scan using sbtest3_pkey on sbtest3  (cost=0.43..396.86 rows=100 width=125)
	  Index Cond: ((id >= 5128817) AND (id <= 5128917))

table 4 : explain SELECT id, c FROM sbtest4 WHERE id BETWEEN 5128817 AND 5128917
	Index Scan using sbtest4_pkey on sbtest4  (cost=0.43..396.72 rows=100 width=125)
	  Index Cond: ((id >= 5128817) AND (id <= 5128917))

table 5 : explain SELECT id, c FROM sbtest5 WHERE id BETWEEN 5128817 AND 5128917
	Index Scan using sbtest5_pkey on sbtest5  (cost=0.43..392.79 rows=99 width=125)
	  Index Cond: ((id >= 5128817) AND (id <= 5128917))

table 6 : explain SELECT id, c FROM sbtest6 WHERE id BETWEEN 5128817 AND 5128917
	Index Scan using sbtest6_pkey on sbtest6  (cost=0.43..392.69 rows=99 width=125)
	  Index Cond: ((id >= 5128817) AND (id <= 5128917))

table 7 : explain SELECT id, c FROM sbtest7 WHERE id BETWEEN 5128817 AND 5128917
	Index Scan using sbtest7_pkey on sbtest7  (cost=0.43..391.97 rows=99 width=125)
	  Index Cond: ((id >= 5128817) AND (id <= 5128917))

table 8 : explain SELECT id, c FROM sbtest8 WHERE id BETWEEN 5128817 AND 5128917
	Index Scan using sbtest8_pkey on sbtest8  (cost=0.43..367.03 rows=93 width=125)
	  Index Cond: ((id >= 5128817) AND (id <= 5128917))

for range-notcovered
table 1 : explain SELECT id, c FROM sbtest1 WHERE id BETWEEN 8052712 AND 8052812
	Index Scan using sbtest1_pkey on sbtest1  (cost=0.43..403.68 rows=102 width=125)
	  Index Cond: ((id >= 8052712) AND (id <= 8052812))

table 2 : explain SELECT id, c FROM sbtest2 WHERE id BETWEEN 8052712 AND 8052812
	Index Scan using sbtest2_pkey on sbtest2  (cost=0.43..434.52 rows=109 width=125)
	  Index Cond: ((id >= 8052712) AND (id <= 8052812))

table 3 : explain SELECT id, c FROM sbtest3 WHERE id BETWEEN 8052712 AND 8052812
	Index Scan using sbtest3_pkey on sbtest3  (cost=0.43..440.00 rows=111 width=125)
	  Index Cond: ((id >= 8052712) AND (id <= 8052812))

table 4 : explain SELECT id, c FROM sbtest4 WHERE id BETWEEN 8052712 AND 8052812
	Index Scan using sbtest4_pkey on sbtest4  (cost=0.43..443.77 rows=112 width=125)
	  Index Cond: ((id >= 8052712) AND (id <= 8052812))

table 5 : explain SELECT id, c FROM sbtest5 WHERE id BETWEEN 8052712 AND 8052812
	Index Scan using sbtest5_pkey on sbtest5  (cost=0.43..404.55 rows=102 width=125)
	  Index Cond: ((id >= 8052712) AND (id <= 8052812))

table 6 : explain SELECT id, c FROM sbtest6 WHERE id BETWEEN 8052712 AND 8052812
	Index Scan using sbtest6_pkey on sbtest6  (cost=0.43..384.85 rows=97 width=125)
	  Index Cond: ((id >= 8052712) AND (id <= 8052812))

table 7 : explain SELECT id, c FROM sbtest7 WHERE id BETWEEN 8052712 AND 8052812
	Index Scan using sbtest7_pkey on sbtest7  (cost=0.43..395.89 rows=100 width=125)
	  Index Cond: ((id >= 8052712) AND (id <= 8052812))

table 8 : explain SELECT id, c FROM sbtest8 WHERE id BETWEEN 8052712 AND 8052812
	Index Scan using sbtest8_pkey on sbtest8  (cost=0.43..398.20 rows=101 width=125)
	  Index Cond: ((id >= 8052712) AND (id <= 8052812))

explain: for range-notcovered :: explain SELECT id, c FROM sbtest%d WHERE id BETWEEN 5128817 AND 5128917
for range-notcovered
table 1 : explain SELECT id, c FROM sbtest1 WHERE id BETWEEN 4168243 AND 4168343
	Index Scan using sbtest1_pkey on sbtest1  (cost=0.43..407.59 rows=103 width=125)
	  Index Cond: ((id >= 4168243) AND (id <= 4168343))

table 2 : explain SELECT id, c FROM sbtest2 WHERE id BETWEEN 4168243 AND 4168343
	Index Scan using sbtest2_pkey on sbtest2  (cost=0.43..418.74 rows=105 width=125)
	  Index Cond: ((id >= 4168243) AND (id <= 4168343))

table 3 : explain SELECT id, c FROM sbtest3 WHERE id BETWEEN 4168243 AND 4168343
	Index Scan using sbtest3_pkey on sbtest3  (cost=0.43..420.39 rows=106 width=125)
	  Index Cond: ((id >= 4168243) AND (id <= 4168343))

table 4 : explain SELECT id, c FROM sbtest4 WHERE id BETWEEN 4168243 AND 4168343
	Index Scan using sbtest4_pkey on sbtest4  (cost=0.43..365.35 rows=92 width=125)
	  Index Cond: ((id >= 4168243) AND (id <= 4168343))

table 5 : explain SELECT id, c FROM sbtest5 WHERE id BETWEEN 4168243 AND 4168343
	Index Scan using sbtest5_pkey on sbtest5  (cost=0.43..392.79 rows=99 width=125)
	  Index Cond: ((id >= 4168243) AND (id <= 4168343))

table 6 : explain SELECT id, c FROM sbtest6 WHERE id BETWEEN 4168243 AND 4168343
	Index Scan using sbtest6_pkey on sbtest6  (cost=0.43..388.77 rows=98 width=125)
	  Index Cond: ((id >= 4168243) AND (id <= 4168343))

table 7 : explain SELECT id, c FROM sbtest7 WHERE id BETWEEN 4168243 AND 4168343
	Index Scan using sbtest7_pkey on sbtest7  (cost=0.43..442.84 rows=112 width=125)
	  Index Cond: ((id >= 4168243) AND (id <= 4168343))

table 8 : explain SELECT id, c FROM sbtest8 WHERE id BETWEEN 4168243 AND 4168343
	Index Scan using sbtest8_pkey on sbtest8  (cost=0.43..429.38 rows=109 width=125)
	  Index Cond: ((id >= 4168243) AND (id <= 4168343))

explain: for range-notcovered :: explain SELECT id, c FROM sbtest%d WHERE id BETWEEN 8052712 AND 8052812
explain: for range-notcovered :: explain SELECT id, c FROM sbtest%d WHERE id BETWEEN 4168243 AND 4168343
for range-notcovered
table 1 : explain SELECT id, c FROM sbtest1 WHERE id BETWEEN 3864003 AND 3864103
	Index Scan using sbtest1_pkey on sbtest1  (cost=0.43..368.44 rows=93 width=125)
	  Index Cond: ((id >= 3864003) AND (id <= 3864103))

table 2 : explain SELECT id, c FROM sbtest2 WHERE id BETWEEN 3864003 AND 3864103
	Index Scan using sbtest2_pkey on sbtest2  (cost=0.43..391.13 rows=98 width=125)
	  Index Cond: ((id >= 3864003) AND (id <= 3864103))

table 3 : explain SELECT id, c FROM sbtest3 WHERE id BETWEEN 3864003 AND 3864103
	Index Scan using sbtest3_pkey on sbtest3  (cost=0.43..416.47 rows=105 width=125)
	  Index Cond: ((id >= 3864003) AND (id <= 3864103))

table 4 : explain SELECT id, c FROM sbtest4 WHERE id BETWEEN 3864003 AND 3864103
	Index Scan using sbtest4_pkey on sbtest4  (cost=0.43..420.24 rows=106 width=125)
	  Index Cond: ((id >= 3864003) AND (id <= 3864103))

table 5 : explain SELECT id, c FROM sbtest5 WHERE id BETWEEN 3864003 AND 3864103
	Index Scan using sbtest5_pkey on sbtest5  (cost=0.43..447.68 rows=113 width=125)
	  Index Cond: ((id >= 3864003) AND (id <= 3864103))

table 6 : explain SELECT id, c FROM sbtest6 WHERE id BETWEEN 3864003 AND 3864103
	Index Scan using sbtest6_pkey on sbtest6  (cost=0.43..377.01 rows=95 width=125)
	  Index Cond: ((id >= 3864003) AND (id <= 3864103))

table 7 : explain SELECT id, c FROM sbtest7 WHERE id BETWEEN 3864003 AND 3864103
	Index Scan using sbtest7_pkey on sbtest7  (cost=0.43..399.80 rows=101 width=125)
	  Index Cond: ((id >= 3864003) AND (id <= 3864103))

table 8 : explain SELECT id, c FROM sbtest8 WHERE id BETWEEN 3864003 AND 3864103
	Index Scan using sbtest8_pkey on sbtest8  (cost=0.43..425.48 rows=108 width=125)
	  Index Cond: ((id >= 3864003) AND (id <= 3864103))

explain: for range-notcovered :: explain SELECT id, c FROM sbtest%d WHERE id BETWEEN 3864003 AND 3864103
for range-notcovered
table 1 : explain SELECT id, c FROM sbtest1 WHERE id BETWEEN 5128817 AND 5128917
	Index Scan using sbtest1_pkey on sbtest1  (cost=0.43..384.12 rows=97 width=125)
	  Index Cond: ((id >= 5128817) AND (id <= 5128917))

table 2 : explain SELECT id, c FROM sbtest2 WHERE id BETWEEN 5128817 AND 5128917
	Index Scan using sbtest2_pkey on sbtest2  (cost=0.43..422.68 rows=106 width=125)
	  Index Cond: ((id >= 5128817) AND (id <= 5128917))

table 3 : explain SELECT id, c FROM sbtest3 WHERE id BETWEEN 5128817 AND 5128917
	Index Scan using sbtest3_pkey on sbtest3  (cost=0.43..396.86 rows=100 width=125)
	  Index Cond: ((id >= 5128817) AND (id <= 5128917))

table 4 : explain SELECT id, c FROM sbtest4 WHERE id BETWEEN 5128817 AND 5128917
	Index Scan using sbtest4_pkey on sbtest4  (cost=0.43..396.72 rows=100 width=125)
	  Index Cond: ((id >= 5128817) AND (id <= 5128917))

table 5 : explain SELECT id, c FROM sbtest5 WHERE id BETWEEN 5128817 AND 5128917
	Index Scan using sbtest5_pkey on sbtest5  (cost=0.43..392.79 rows=99 width=125)
	  Index Cond: ((id >= 5128817) AND (id <= 5128917))

table 6 : explain SELECT id, c FROM sbtest6 WHERE id BETWEEN 5128817 AND 5128917
	Index Scan using sbtest6_pkey on sbtest6  (cost=0.43..392.69 rows=99 width=125)
	  Index Cond: ((id >= 5128817) AND (id <= 5128917))

table 7 : explain SELECT id, c FROM sbtest7 WHERE id BETWEEN 5128817 AND 5128917
	Index Scan using sbtest7_pkey on sbtest7  (cost=0.43..391.97 rows=99 width=125)
	  Index Cond: ((id >= 5128817) AND (id <= 5128917))

table 8 : explain SELECT id, c FROM sbtest8 WHERE id BETWEEN 5128817 AND 5128917
	Index Scan using sbtest8_pkey on sbtest8  (cost=0.43..367.03 rows=93 width=125)
	  Index Cond: ((id >= 5128817) AND (id <= 5128917))

for range-notcovered
table 1 : explain SELECT id, c FROM sbtest1 WHERE id BETWEEN 3107422 AND 3107522
	Index Scan using sbtest1_pkey on sbtest1  (cost=0.43..438.89 rows=111 width=125)
	  Index Cond: ((id >= 3107422) AND (id <= 3107522))

table 2 : explain SELECT id, c FROM sbtest2 WHERE id BETWEEN 3107422 AND 3107522
	Index Scan using sbtest2_pkey on sbtest2  (cost=0.43..406.90 rows=102 width=125)
	  Index Cond: ((id >= 3107422) AND (id <= 3107522))

table 3 : explain SELECT id, c FROM sbtest3 WHERE id BETWEEN 3107422 AND 3107522
	Index Scan using sbtest3_pkey on sbtest3  (cost=0.43..377.24 rows=95 width=125)
	  Index Cond: ((id >= 3107422) AND (id <= 3107522))

table 4 : explain SELECT id, c FROM sbtest4 WHERE id BETWEEN 3107422 AND 3107522
	Index Scan using sbtest4_pkey on sbtest4  (cost=0.43..396.72 rows=100 width=125)
	  Index Cond: ((id >= 3107422) AND (id <= 3107522))

table 5 : explain SELECT id, c FROM sbtest5 WHERE id BETWEEN 3107422 AND 3107522
	Index Scan using sbtest5_pkey on sbtest5  (cost=0.43..392.79 rows=99 width=125)
	  Index Cond: ((id >= 3107422) AND (id <= 3107522))

table 6 : explain SELECT id, c FROM sbtest6 WHERE id BETWEEN 3107422 AND 3107522
	Index Scan using sbtest6_pkey on sbtest6  (cost=0.43..392.69 rows=99 width=125)
	  Index Cond: ((id >= 3107422) AND (id <= 3107522))

table 7 : explain SELECT id, c FROM sbtest7 WHERE id BETWEEN 3107422 AND 3107522
	Index Scan using sbtest7_pkey on sbtest7  (cost=0.43..399.80 rows=101 width=125)
	  Index Cond: ((id >= 3107422) AND (id <= 3107522))

table 8 : explain SELECT id, c FROM sbtest8 WHERE id BETWEEN 3107422 AND 3107522
	Index Scan using sbtest8_pkey on sbtest8  (cost=0.43..386.51 rows=98 width=125)
	  Index Cond: ((id >= 3107422) AND (id <= 3107522))

explain: for range-notcovered :: explain SELECT id, c FROM sbtest%d WHERE id BETWEEN 3107422 AND 3107522
for range-notcovered
table 1 : explain SELECT id, c FROM sbtest1 WHERE id BETWEEN 3906900 AND 3907000
	Index Scan using sbtest1_pkey on sbtest1  (cost=0.43..438.89 rows=111 width=125)
	  Index Cond: ((id >= 3906900) AND (id <= 3907000))

table 2 : explain SELECT id, c FROM sbtest2 WHERE id BETWEEN 3906900 AND 3907000
	Index Scan using sbtest2_pkey on sbtest2  (cost=0.43..391.13 rows=98 width=125)
	  Index Cond: ((id >= 3906900) AND (id <= 3907000))

table 3 : explain SELECT id, c FROM sbtest3 WHERE id BETWEEN 3906900 AND 3907000
	Index Scan using sbtest3_pkey on sbtest3  (cost=0.43..365.48 rows=92 width=125)
	  Index Cond: ((id >= 3906900) AND (id <= 3907000))

table 4 : explain SELECT id, c FROM sbtest4 WHERE id BETWEEN 3906900 AND 3907000
	Index Scan using sbtest4_pkey on sbtest4  (cost=0.43..420.24 rows=106 width=125)
	  Index Cond: ((id >= 3906900) AND (id <= 3907000))

table 5 : explain SELECT id, c FROM sbtest5 WHERE id BETWEEN 3906900 AND 3907000
	Index Scan using sbtest5_pkey on sbtest5  (cost=0.43..369.24 rows=93 width=125)
	  Index Cond: ((id >= 3906900) AND (id <= 3907000))

table 6 : explain SELECT id, c FROM sbtest6 WHERE id BETWEEN 3906900 AND 3907000
	Index Scan using sbtest6_pkey on sbtest6  (cost=0.43..435.81 rows=110 width=125)
	  Index Cond: ((id >= 3906900) AND (id <= 3907000))

table 7 : explain SELECT id, c FROM sbtest7 WHERE id BETWEEN 3906900 AND 3907000
	Index Scan using sbtest7_pkey on sbtest7  (cost=0.43..376.32 rows=95 width=125)
	  Index Cond: ((id >= 3906900) AND (id <= 3907000))

table 8 : explain SELECT id, c FROM sbtest8 WHERE id BETWEEN 3906900 AND 3907000
	Index Scan using sbtest8_pkey on sbtest8  (cost=0.43..425.48 rows=108 width=125)
	  Index Cond: ((id >= 3906900) AND (id <= 3907000))

explain: for range-notcovered :: explain SELECT id, c FROM sbtest%d WHERE id BETWEEN 3906900 AND 3907000
for range-notcovered
table 1 : explain SELECT id, c FROM sbtest1 WHERE id BETWEEN 4194569 AND 4194669
	Index Scan using sbtest1_pkey on sbtest1  (cost=0.43..446.72 rows=113 width=125)
	  Index Cond: ((id >= 4194569) AND (id <= 4194669))

table 2 : explain SELECT id, c FROM sbtest2 WHERE id BETWEEN 4194569 AND 4194669
	Index Scan using sbtest2_pkey on sbtest2  (cost=0.43..418.74 rows=105 width=125)
	  Index Cond: ((id >= 4194569) AND (id <= 4194669))

table 3 : explain SELECT id, c FROM sbtest3 WHERE id BETWEEN 4194569 AND 4194669
	Index Scan using sbtest3_pkey on sbtest3  (cost=0.43..389.01 rows=98 width=125)
	  Index Cond: ((id >= 4194569) AND (id <= 4194669))

table 4 : explain SELECT id, c FROM sbtest4 WHERE id BETWEEN 4194569 AND 4194669
	Index Scan using sbtest4_pkey on sbtest4  (cost=0.43..365.35 rows=92 width=125)
	  Index Cond: ((id >= 4194569) AND (id <= 4194669))

table 5 : explain SELECT id, c FROM sbtest5 WHERE id BETWEEN 4194569 AND 4194669
	Index Scan using sbtest5_pkey on sbtest5  (cost=0.43..392.79 rows=99 width=125)
	  Index Cond: ((id >= 4194569) AND (id <= 4194669))

table 6 : explain SELECT id, c FROM sbtest6 WHERE id BETWEEN 4194569 AND 4194669
	Index Scan using sbtest6_pkey on sbtest6  (cost=0.43..408.37 rows=103 width=125)
	  Index Cond: ((id >= 4194569) AND (id <= 4194669))

table 7 : explain SELECT id, c FROM sbtest7 WHERE id BETWEEN 4194569 AND 4194669
	Index Scan using sbtest7_pkey on sbtest7  (cost=0.43..442.84 rows=112 width=125)
	  Index Cond: ((id >= 4194569) AND (id <= 4194669))

table 8 : explain SELECT id, c FROM sbtest8 WHERE id BETWEEN 4194569 AND 4194669
	Index Scan using sbtest8_pkey on sbtest8  (cost=0.43..429.38 rows=109 width=125)
	  Index Cond: ((id >= 4194569) AND (id <= 4194669))

for range-notcovered
table 1 : explain SELECT id, c FROM sbtest1 WHERE id BETWEEN 3864003 AND 3864103
	Index Scan using sbtest1_pkey on sbtest1  (cost=0.43..368.44 rows=93 width=125)
	  Index Cond: ((id >= 3864003) AND (id <= 3864103))

table 2 : explain SELECT id, c FROM sbtest2 WHERE id BETWEEN 3864003 AND 3864103
	Index Scan using sbtest2_pkey on sbtest2  (cost=0.43..391.13 rows=98 width=125)
	  Index Cond: ((id >= 3864003) AND (id <= 3864103))

table 3 : explain SELECT id, c FROM sbtest3 WHERE id BETWEEN 3864003 AND 3864103
	Index Scan using sbtest3_pkey on sbtest3  (cost=0.43..416.47 rows=105 width=125)
	  Index Cond: ((id >= 3864003) AND (id <= 3864103))

table 4 : explain SELECT id, c FROM sbtest4 WHERE id BETWEEN 3864003 AND 3864103
	Index Scan using sbtest4_pkey on sbtest4  (cost=0.43..420.24 rows=106 width=125)
	  Index Cond: ((id >= 3864003) AND (id <= 3864103))

table 5 : explain SELECT id, c FROM sbtest5 WHERE id BETWEEN 3864003 AND 3864103
	Index Scan using sbtest5_pkey on sbtest5  (cost=0.43..447.68 rows=113 width=125)
	  Index Cond: ((id >= 3864003) AND (id <= 3864103))

table 6 : explain SELECT id, c FROM sbtest6 WHERE id BETWEEN 3864003 AND 3864103
	Index Scan using sbtest6_pkey on sbtest6  (cost=0.43..377.01 rows=95 width=125)
	  Index Cond: ((id >= 3864003) AND (id <= 3864103))

table 7 : explain SELECT id, c FROM sbtest7 WHERE id BETWEEN 3864003 AND 3864103
	Index Scan using sbtest7_pkey on sbtest7  (cost=0.43..399.80 rows=101 width=125)
	  Index Cond: ((id >= 3864003) AND (id <= 3864103))

table 8 : explain SELECT id, c FROM sbtest8 WHERE id BETWEEN 3864003 AND 3864103
	Index Scan using sbtest8_pkey on sbtest8  (cost=0.43..425.48 rows=108 width=125)
	  Index Cond: ((id >= 3864003) AND (id <= 3864103))

for range-notcovered
table 1 : explain SELECT id, c FROM sbtest1 WHERE id BETWEEN 8052712 AND 8052812
	Index Scan using sbtest1_pkey on sbtest1  (cost=0.43..403.68 rows=102 width=125)
	  Index Cond: ((id >= 8052712) AND (id <= 8052812))

table 2 : explain SELECT id, c FROM sbtest2 WHERE id BETWEEN 8052712 AND 8052812
	Index Scan using sbtest2_pkey on sbtest2  (cost=0.43..434.52 rows=109 width=125)
	  Index Cond: ((id >= 8052712) AND (id <= 8052812))

table 3 : explain SELECT id, c FROM sbtest3 WHERE id BETWEEN 8052712 AND 8052812
	Index Scan using sbtest3_pkey on sbtest3  (cost=0.43..440.00 rows=111 width=125)
	  Index Cond: ((id >= 8052712) AND (id <= 8052812))

table 4 : explain SELECT id, c FROM sbtest4 WHERE id BETWEEN 8052712 AND 8052812
	Index Scan using sbtest4_pkey on sbtest4  (cost=0.43..443.77 rows=112 width=125)
	  Index Cond: ((id >= 8052712) AND (id <= 8052812))

table 5 : explain SELECT id, c FROM sbtest5 WHERE id BETWEEN 8052712 AND 8052812
	Index Scan using sbtest5_pkey on sbtest5  (cost=0.43..404.55 rows=102 width=125)
	  Index Cond: ((id >= 8052712) AND (id <= 8052812))

table 6 : explain SELECT id, c FROM sbtest6 WHERE id BETWEEN 8052712 AND 8052812
	Index Scan using sbtest6_pkey on sbtest6  (cost=0.43..384.85 rows=97 width=125)
	  Index Cond: ((id >= 8052712) AND (id <= 8052812))

table 7 : explain SELECT id, c FROM sbtest7 WHERE id BETWEEN 8052712 AND 8052812
	Index Scan using sbtest7_pkey on sbtest7  (cost=0.43..395.89 rows=100 width=125)
	  Index Cond: ((id >= 8052712) AND (id <= 8052812))

table 8 : explain SELECT id, c FROM sbtest8 WHERE id BETWEEN 8052712 AND 8052812
	Index Scan using sbtest8_pkey on sbtest8  (cost=0.43..398.20 rows=101 width=125)
	  Index Cond: ((id >= 8052712) AND (id <= 8052812))

for range-notcovered
table 1 : explain SELECT id, c FROM sbtest1 WHERE id BETWEEN 3107422 AND 3107522
	Index Scan using sbtest1_pkey on sbtest1  (cost=0.43..438.89 rows=111 width=125)
	  Index Cond: ((id >= 3107422) AND (id <= 3107522))

table 2 : explain SELECT id, c FROM sbtest2 WHERE id BETWEEN 3107422 AND 3107522
	Index Scan using sbtest2_pkey on sbtest2  (cost=0.43..406.90 rows=102 width=125)
	  Index Cond: ((id >= 3107422) AND (id <= 3107522))

table 3 : explain SELECT id, c FROM sbtest3 WHERE id BETWEEN 3107422 AND 3107522
	Index Scan using sbtest3_pkey on sbtest3  (cost=0.43..377.24 rows=95 width=125)
	  Index Cond: ((id >= 3107422) AND (id <= 3107522))

table 4 : explain SELECT id, c FROM sbtest4 WHERE id BETWEEN 3107422 AND 3107522
	Index Scan using sbtest4_pkey on sbtest4  (cost=0.43..396.72 rows=100 width=125)
	  Index Cond: ((id >= 3107422) AND (id <= 3107522))

table 5 : explain SELECT id, c FROM sbtest5 WHERE id BETWEEN 3107422 AND 3107522
	Index Scan using sbtest5_pkey on sbtest5  (cost=0.43..392.79 rows=99 width=125)
	  Index Cond: ((id >= 3107422) AND (id <= 3107522))

table 6 : explain SELECT id, c FROM sbtest6 WHERE id BETWEEN 3107422 AND 3107522
	Index Scan using sbtest6_pkey on sbtest6  (cost=0.43..392.69 rows=99 width=125)
	  Index Cond: ((id >= 3107422) AND (id <= 3107522))

table 7 : explain SELECT id, c FROM sbtest7 WHERE id BETWEEN 3107422 AND 3107522
	Index Scan using sbtest7_pkey on sbtest7  (cost=0.43..399.80 rows=101 width=125)
	  Index Cond: ((id >= 3107422) AND (id <= 3107522))

table 8 : explain SELECT id, c FROM sbtest8 WHERE id BETWEEN 3107422 AND 3107522
	Index Scan using sbtest8_pkey on sbtest8  (cost=0.43..386.51 rows=98 width=125)
	  Index Cond: ((id >= 3107422) AND (id <= 3107522))

explain: for range-notcovered :: explain SELECT id, c FROM sbtest%d WHERE id BETWEEN 3864003 AND 3864103
explain: for range-notcovered :: explain SELECT id, c FROM sbtest%d WHERE id BETWEEN 8052712 AND 8052812
explain: for range-notcovered :: explain SELECT id, c FROM sbtest%d WHERE id BETWEEN 3107422 AND 3107522
for range-notcovered
table 1 : explain SELECT id, c FROM sbtest1 WHERE id BETWEEN 3906900 AND 3907000
	Index Scan using sbtest1_pkey on sbtest1  (cost=0.43..438.89 rows=111 width=125)
	  Index Cond: ((id >= 3906900) AND (id <= 3907000))

table 2 : explain SELECT id, c FROM sbtest2 WHERE id BETWEEN 3906900 AND 3907000
	Index Scan using sbtest2_pkey on sbtest2  (cost=0.43..391.13 rows=98 width=125)
	  Index Cond: ((id >= 3906900) AND (id <= 3907000))

table 3 : explain SELECT id, c FROM sbtest3 WHERE id BETWEEN 3906900 AND 3907000
	Index Scan using sbtest3_pkey on sbtest3  (cost=0.43..365.48 rows=92 width=125)
	  Index Cond: ((id >= 3906900) AND (id <= 3907000))

table 4 : explain SELECT id, c FROM sbtest4 WHERE id BETWEEN 3906900 AND 3907000
	Index Scan using sbtest4_pkey on sbtest4  (cost=0.43..420.24 rows=106 width=125)
	  Index Cond: ((id >= 3906900) AND (id <= 3907000))

table 5 : explain SELECT id, c FROM sbtest5 WHERE id BETWEEN 3906900 AND 3907000
	Index Scan using sbtest5_pkey on sbtest5  (cost=0.43..369.24 rows=93 width=125)
	  Index Cond: ((id >= 3906900) AND (id <= 3907000))

table 6 : explain SELECT id, c FROM sbtest6 WHERE id BETWEEN 3906900 AND 3907000
	Index Scan using sbtest6_pkey on sbtest6  (cost=0.43..435.81 rows=110 width=125)
	  Index Cond: ((id >= 3906900) AND (id <= 3907000))

table 7 : explain SELECT id, c FROM sbtest7 WHERE id BETWEEN 3906900 AND 3907000
	Index Scan using sbtest7_pkey on sbtest7  (cost=0.43..376.32 rows=95 width=125)
	  Index Cond: ((id >= 3906900) AND (id <= 3907000))

table 8 : explain SELECT id, c FROM sbtest8 WHERE id BETWEEN 3906900 AND 3907000
	Index Scan using sbtest8_pkey on sbtest8  (cost=0.43..425.48 rows=108 width=125)
	  Index Cond: ((id >= 3906900) AND (id <= 3907000))

explain: for range-notcovered :: explain SELECT id, c FROM sbtest%d WHERE id BETWEEN 3906900 AND 3907000
for range-notcovered
table 1 : explain SELECT id, c FROM sbtest1 WHERE id BETWEEN 3864003 AND 3864103
	Index Scan using sbtest1_pkey on sbtest1  (cost=0.43..368.44 rows=93 width=125)
	  Index Cond: ((id >= 3864003) AND (id <= 3864103))

table 2 : explain SELECT id, c FROM sbtest2 WHERE id BETWEEN 3864003 AND 3864103
	Index Scan using sbtest2_pkey on sbtest2  (cost=0.43..391.13 rows=98 width=125)
	  Index Cond: ((id >= 3864003) AND (id <= 3864103))

table 3 : explain SELECT id, c FROM sbtest3 WHERE id BETWEEN 3864003 AND 3864103
	Index Scan using sbtest3_pkey on sbtest3  (cost=0.43..416.47 rows=105 width=125)
	  Index Cond: ((id >= 3864003) AND (id <= 3864103))

table 4 : explain SELECT id, c FROM sbtest4 WHERE id BETWEEN 3864003 AND 3864103
	Index Scan using sbtest4_pkey on sbtest4  (cost=0.43..420.24 rows=106 width=125)
	  Index Cond: ((id >= 3864003) AND (id <= 3864103))

table 5 : explain SELECT id, c FROM sbtest5 WHERE id BETWEEN 3864003 AND 3864103
	Index Scan using sbtest5_pkey on sbtest5  (cost=0.43..447.68 rows=113 width=125)
	  Index Cond: ((id >= 3864003) AND (id <= 3864103))

table 6 : explain SELECT id, c FROM sbtest6 WHERE id BETWEEN 3864003 AND 3864103
	Index Scan using sbtest6_pkey on sbtest6  (cost=0.43..377.01 rows=95 width=125)
	  Index Cond: ((id >= 3864003) AND (id <= 3864103))

table 7 : explain SELECT id, c FROM sbtest7 WHERE id BETWEEN 3864003 AND 3864103
	Index Scan using sbtest7_pkey on sbtest7  (cost=0.43..399.80 rows=101 width=125)
	  Index Cond: ((id >= 3864003) AND (id <= 3864103))

table 8 : explain SELECT id, c FROM sbtest8 WHERE id BETWEEN 3864003 AND 3864103
	Index Scan using sbtest8_pkey on sbtest8  (cost=0.43..425.48 rows=108 width=125)
	  Index Cond: ((id >= 3864003) AND (id <= 3864103))

for range-notcovered
table 1 : explain SELECT id, c FROM sbtest1 WHERE id BETWEEN 3107422 AND 3107522
	Index Scan using sbtest1_pkey on sbtest1  (cost=0.43..438.89 rows=111 width=125)
	  Index Cond: ((id >= 3107422) AND (id <= 3107522))

table 2 : explain SELECT id, c FROM sbtest2 WHERE id BETWEEN 3107422 AND 3107522
	Index Scan using sbtest2_pkey on sbtest2  (cost=0.43..406.90 rows=102 width=125)
	  Index Cond: ((id >= 3107422) AND (id <= 3107522))

table 3 : explain SELECT id, c FROM sbtest3 WHERE id BETWEEN 3107422 AND 3107522
	Index Scan using sbtest3_pkey on sbtest3  (cost=0.43..377.24 rows=95 width=125)
	  Index Cond: ((id >= 3107422) AND (id <= 3107522))

table 4 : explain SELECT id, c FROM sbtest4 WHERE id BETWEEN 3107422 AND 3107522
	Index Scan using sbtest4_pkey on sbtest4  (cost=0.43..396.72 rows=100 width=125)
	  Index Cond: ((id >= 3107422) AND (id <= 3107522))

table 5 : explain SELECT id, c FROM sbtest5 WHERE id BETWEEN 3107422 AND 3107522
	Index Scan using sbtest5_pkey on sbtest5  (cost=0.43..392.79 rows=99 width=125)
	  Index Cond: ((id >= 3107422) AND (id <= 3107522))

table 6 : explain SELECT id, c FROM sbtest6 WHERE id BETWEEN 3107422 AND 3107522
	Index Scan using sbtest6_pkey on sbtest6  (cost=0.43..392.69 rows=99 width=125)
	  Index Cond: ((id >= 3107422) AND (id <= 3107522))

table 7 : explain SELECT id, c FROM sbtest7 WHERE id BETWEEN 3107422 AND 3107522
	Index Scan using sbtest7_pkey on sbtest7  (cost=0.43..399.80 rows=101 width=125)
	  Index Cond: ((id >= 3107422) AND (id <= 3107522))

table 8 : explain SELECT id, c FROM sbtest8 WHERE id BETWEEN 3107422 AND 3107522
	Index Scan using sbtest8_pkey on sbtest8  (cost=0.43..386.51 rows=98 width=125)
	  Index Cond: ((id >= 3107422) AND (id <= 3107522))

explain: for range-notcovered :: explain SELECT id, c FROM sbtest%d WHERE id BETWEEN 3864003 AND 3864103
explain: for range-notcovered :: explain SELECT id, c FROM sbtest%d WHERE id BETWEEN 3107422 AND 3107522
for range-notcovered
table 1 : explain SELECT id, c FROM sbtest1 WHERE id BETWEEN 8052712 AND 8052812
	Index Scan using sbtest1_pkey on sbtest1  (cost=0.43..403.68 rows=102 width=125)
	  Index Cond: ((id >= 8052712) AND (id <= 8052812))

table 2 : explain SELECT id, c FROM sbtest2 WHERE id BETWEEN 8052712 AND 8052812
	Index Scan using sbtest2_pkey on sbtest2  (cost=0.43..434.52 rows=109 width=125)
	  Index Cond: ((id >= 8052712) AND (id <= 8052812))

table 3 : explain SELECT id, c FROM sbtest3 WHERE id BETWEEN 8052712 AND 8052812
	Index Scan using sbtest3_pkey on sbtest3  (cost=0.43..440.00 rows=111 width=125)
	  Index Cond: ((id >= 8052712) AND (id <= 8052812))

table 4 : explain SELECT id, c FROM sbtest4 WHERE id BETWEEN 8052712 AND 8052812
	Index Scan using sbtest4_pkey on sbtest4  (cost=0.43..443.77 rows=112 width=125)
	  Index Cond: ((id >= 8052712) AND (id <= 8052812))

table 5 : explain SELECT id, c FROM sbtest5 WHERE id BETWEEN 8052712 AND 8052812
	Index Scan using sbtest5_pkey on sbtest5  (cost=0.43..404.55 rows=102 width=125)
	  Index Cond: ((id >= 8052712) AND (id <= 8052812))

table 6 : explain SELECT id, c FROM sbtest6 WHERE id BETWEEN 8052712 AND 8052812
	Index Scan using sbtest6_pkey on sbtest6  (cost=0.43..384.85 rows=97 width=125)
	  Index Cond: ((id >= 8052712) AND (id <= 8052812))

table 7 : explain SELECT id, c FROM sbtest7 WHERE id BETWEEN 8052712 AND 8052812
	Index Scan using sbtest7_pkey on sbtest7  (cost=0.43..395.89 rows=100 width=125)
	  Index Cond: ((id >= 8052712) AND (id <= 8052812))

table 8 : explain SELECT id, c FROM sbtest8 WHERE id BETWEEN 8052712 AND 8052812
	Index Scan using sbtest8_pkey on sbtest8  (cost=0.43..398.20 rows=101 width=125)
	  Index Cond: ((id >= 8052712) AND (id <= 8052812))

explain: for range-notcovered :: explain SELECT id, c FROM sbtest%d WHERE id BETWEEN 8052712 AND 8052812
for range-notcovered
table 1 : explain SELECT id, c FROM sbtest1 WHERE id BETWEEN 3906900 AND 3907000
	Index Scan using sbtest1_pkey on sbtest1  (cost=0.43..438.89 rows=111 width=125)
	  Index Cond: ((id >= 3906900) AND (id <= 3907000))

table 2 : explain SELECT id, c FROM sbtest2 WHERE id BETWEEN 3906900 AND 3907000
	Index Scan using sbtest2_pkey on sbtest2  (cost=0.43..391.13 rows=98 width=125)
	  Index Cond: ((id >= 3906900) AND (id <= 3907000))

table 3 : explain SELECT id, c FROM sbtest3 WHERE id BETWEEN 3906900 AND 3907000
	Index Scan using sbtest3_pkey on sbtest3  (cost=0.43..365.48 rows=92 width=125)
	  Index Cond: ((id >= 3906900) AND (id <= 3907000))

table 4 : explain SELECT id, c FROM sbtest4 WHERE id BETWEEN 3906900 AND 3907000
	Index Scan using sbtest4_pkey on sbtest4  (cost=0.43..420.24 rows=106 width=125)
	  Index Cond: ((id >= 3906900) AND (id <= 3907000))

table 5 : explain SELECT id, c FROM sbtest5 WHERE id BETWEEN 3906900 AND 3907000
	Index Scan using sbtest5_pkey on sbtest5  (cost=0.43..369.24 rows=93 width=125)
	  Index Cond: ((id >= 3906900) AND (id <= 3907000))

table 6 : explain SELECT id, c FROM sbtest6 WHERE id BETWEEN 3906900 AND 3907000
	Index Scan using sbtest6_pkey on sbtest6  (cost=0.43..435.81 rows=110 width=125)
	  Index Cond: ((id >= 3906900) AND (id <= 3907000))

table 7 : explain SELECT id, c FROM sbtest7 WHERE id BETWEEN 3906900 AND 3907000
	Index Scan using sbtest7_pkey on sbtest7  (cost=0.43..376.32 rows=95 width=125)
	  Index Cond: ((id >= 3906900) AND (id <= 3907000))

table 8 : explain SELECT id, c FROM sbtest8 WHERE id BETWEEN 3906900 AND 3907000
	Index Scan using sbtest8_pkey on sbtest8  (cost=0.43..425.48 rows=108 width=125)
	  Index Cond: ((id >= 3906900) AND (id <= 3907000))

explain: for range-notcovered :: explain SELECT id, c FROM sbtest%d WHERE id BETWEEN 3906900 AND 3907000
explain: for range-notcovered :: explain SELECT id, c FROM sbtest%d WHERE id BETWEEN 1957161 AND 1957261
for range-notcovered
table 1 : explain SELECT id, c FROM sbtest1 WHERE id BETWEEN 8184561 AND 8184661
	Index Scan using sbtest1_pkey on sbtest1  (cost=0.43..356.71 rows=90 width=125)
	  Index Cond: ((id >= 8184561) AND (id <= 8184661))

table 2 : explain SELECT id, c FROM sbtest2 WHERE id BETWEEN 8184561 AND 8184661
	Index Scan using sbtest2_pkey on sbtest2  (cost=0.43..414.79 rows=104 width=125)
	  Index Cond: ((id >= 8184561) AND (id <= 8184661))

table 3 : explain SELECT id, c FROM sbtest3 WHERE id BETWEEN 8184561 AND 8184661
	Index Scan using sbtest3_pkey on sbtest3  (cost=0.43..373.32 rows=94 width=125)
	  Index Cond: ((id >= 8184561) AND (id <= 8184661))

table 4 : explain SELECT id, c FROM sbtest4 WHERE id BETWEEN 8184561 AND 8184661
	Index Scan using sbtest4_pkey on sbtest4  (cost=0.43..388.87 rows=98 width=125)
	  Index Cond: ((id >= 8184561) AND (id <= 8184661))

table 5 : explain SELECT id, c FROM sbtest5 WHERE id BETWEEN 8184561 AND 8184661
	Index Scan using sbtest5_pkey on sbtest5  (cost=0.43..412.39 rows=104 width=125)
	  Index Cond: ((id >= 8184561) AND (id <= 8184661))

table 6 : explain SELECT id, c FROM sbtest6 WHERE id BETWEEN 8184561 AND 8184661
	Index Scan using sbtest6_pkey on sbtest6  (cost=0.43..384.85 rows=97 width=125)
	  Index Cond: ((id >= 8184561) AND (id <= 8184661))

table 7 : explain SELECT id, c FROM sbtest7 WHERE id BETWEEN 8184561 AND 8184661
	Index Scan using sbtest7_pkey on sbtest7  (cost=0.43..435.01 rows=110 width=125)
	  Index Cond: ((id >= 8184561) AND (id <= 8184661))

table 8 : explain SELECT id, c FROM sbtest8 WHERE id BETWEEN 8184561 AND 8184661
	Index Scan using sbtest8_pkey on sbtest8  (cost=0.43..417.69 rows=106 width=125)
	  Index Cond: ((id >= 8184561) AND (id <= 8184661))

for range-notcovered
table 1 : explain SELECT id, c FROM sbtest1 WHERE id BETWEEN 3766484 AND 3766584
	Index Scan using sbtest1_pkey on sbtest1  (cost=0.43..360.62 rows=91 width=125)
	  Index Cond: ((id >= 3766484) AND (id <= 3766584))

table 2 : explain SELECT id, c FROM sbtest2 WHERE id BETWEEN 3766484 AND 3766584
	Index Scan using sbtest2_pkey on sbtest2  (cost=0.43..371.39 rows=93 width=125)
	  Index Cond: ((id >= 3766484) AND (id <= 3766584))

table 3 : explain SELECT id, c FROM sbtest3 WHERE id BETWEEN 3766484 AND 3766584
	Index Scan using sbtest3_pkey on sbtest3  (cost=0.43..451.77 rows=114 width=125)
	  Index Cond: ((id >= 3766484) AND (id <= 3766584))

table 4 : explain SELECT id, c FROM sbtest4 WHERE id BETWEEN 3766484 AND 3766584
	Index Scan using sbtest4_pkey on sbtest4  (cost=0.43..412.40 rows=104 width=125)
	  Index Cond: ((id >= 3766484) AND (id <= 3766584))

table 5 : explain SELECT id, c FROM sbtest5 WHERE id BETWEEN 3766484 AND 3766584
	Index Scan using sbtest5_pkey on sbtest5  (cost=0.43..396.71 rows=100 width=125)
	  Index Cond: ((id >= 3766484) AND (id <= 3766584))

table 6 : explain SELECT id, c FROM sbtest6 WHERE id BETWEEN 3766484 AND 3766584
	Index Scan using sbtest6_pkey on sbtest6  (cost=0.43..424.05 rows=107 width=125)
	  Index Cond: ((id >= 3766484) AND (id <= 3766584))

table 7 : explain SELECT id, c FROM sbtest7 WHERE id BETWEEN 3766484 AND 3766584
	Index Scan using sbtest7_pkey on sbtest7  (cost=0.43..407.62 rows=103 width=125)
	  Index Cond: ((id >= 3766484) AND (id <= 3766584))

table 8 : explain SELECT id, c FROM sbtest8 WHERE id BETWEEN 3766484 AND 3766584
	Index Scan using sbtest8_pkey on sbtest8  (cost=0.43..452.76 rows=115 width=125)
	  Index Cond: ((id >= 3766484) AND (id <= 3766584))

explain: for range-notcovered :: explain SELECT id, c FROM sbtest%d WHERE id BETWEEN 4194569 AND 4194669
for range-notcovered
table 1 : explain SELECT id, c FROM sbtest1 WHERE id BETWEEN 8052712 AND 8052812
	Index Scan using sbtest1_pkey on sbtest1  (cost=0.43..403.68 rows=102 width=125)
	  Index Cond: ((id >= 8052712) AND (id <= 8052812))

table 2 : explain SELECT id, c FROM sbtest2 WHERE id BETWEEN 8052712 AND 8052812
	Index Scan using sbtest2_pkey on sbtest2  (cost=0.43..434.52 rows=109 width=125)
	  Index Cond: ((id >= 8052712) AND (id <= 8052812))

table 3 : explain SELECT id, c FROM sbtest3 WHERE id BETWEEN 8052712 AND 8052812
	Index Scan using sbtest3_pkey on sbtest3  (cost=0.43..440.00 rows=111 width=125)
	  Index Cond: ((id >= 8052712) AND (id <= 8052812))

table 4 : explain SELECT id, c FROM sbtest4 WHERE id BETWEEN 8052712 AND 8052812
	Index Scan using sbtest4_pkey on sbtest4  (cost=0.43..443.77 rows=112 width=125)
	  Index Cond: ((id >= 8052712) AND (id <= 8052812))

table 5 : explain SELECT id, c FROM sbtest5 WHERE id BETWEEN 8052712 AND 8052812
	Index Scan using sbtest5_pkey on sbtest5  (cost=0.43..404.55 rows=102 width=125)
	  Index Cond: ((id >= 8052712) AND (id <= 8052812))

table 6 : explain SELECT id, c FROM sbtest6 WHERE id BETWEEN 8052712 AND 8052812
	Index Scan using sbtest6_pkey on sbtest6  (cost=0.43..384.85 rows=97 width=125)
	  Index Cond: ((id >= 8052712) AND (id <= 8052812))

table 7 : explain SELECT id, c FROM sbtest7 WHERE id BETWEEN 8052712 AND 8052812
	Index Scan using sbtest7_pkey on sbtest7  (cost=0.43..395.89 rows=100 width=125)
	  Index Cond: ((id >= 8052712) AND (id <= 8052812))

table 8 : explain SELECT id, c FROM sbtest8 WHERE id BETWEEN 8052712 AND 8052812
	Index Scan using sbtest8_pkey on sbtest8  (cost=0.43..398.20 rows=101 width=125)
	  Index Cond: ((id >= 8052712) AND (id <= 8052812))

explain: for range-notcovered :: explain SELECT id, c FROM sbtest%d WHERE id BETWEEN 3766484 AND 3766584
explain: for range-notcovered :: explain SELECT id, c FROM sbtest%d WHERE id BETWEEN 8052712 AND 8052812
explain: for range-notcovered :: explain SELECT id, c FROM sbtest%d WHERE id BETWEEN 8184561 AND 8184661
for range-notcovered
table 1 : explain SELECT id, c FROM sbtest1 WHERE id BETWEEN 3906900 AND 3907000
	Index Scan using sbtest1_pkey on sbtest1  (cost=0.43..438.89 rows=111 width=125)
	  Index Cond: ((id >= 3906900) AND (id <= 3907000))

table 2 : explain SELECT id, c FROM sbtest2 WHERE id BETWEEN 3906900 AND 3907000
	Index Scan using sbtest2_pkey on sbtest2  (cost=0.43..391.13 rows=98 width=125)
	  Index Cond: ((id >= 3906900) AND (id <= 3907000))

table 3 : explain SELECT id, c FROM sbtest3 WHERE id BETWEEN 3906900 AND 3907000
	Index Scan using sbtest3_pkey on sbtest3  (cost=0.43..365.48 rows=92 width=125)
	  Index Cond: ((id >= 3906900) AND (id <= 3907000))

table 4 : explain SELECT id, c FROM sbtest4 WHERE id BETWEEN 3906900 AND 3907000
	Index Scan using sbtest4_pkey on sbtest4  (cost=0.43..420.24 rows=106 width=125)
	  Index Cond: ((id >= 3906900) AND (id <= 3907000))

table 5 : explain SELECT id, c FROM sbtest5 WHERE id BETWEEN 3906900 AND 3907000
	Index Scan using sbtest5_pkey on sbtest5  (cost=0.43..369.24 rows=93 width=125)
	  Index Cond: ((id >= 3906900) AND (id <= 3907000))

table 6 : explain SELECT id, c FROM sbtest6 WHERE id BETWEEN 3906900 AND 3907000
	Index Scan using sbtest6_pkey on sbtest6  (cost=0.43..435.81 rows=110 width=125)
	  Index Cond: ((id >= 3906900) AND (id <= 3907000))

table 7 : explain SELECT id, c FROM sbtest7 WHERE id BETWEEN 3906900 AND 3907000
	Index Scan using sbtest7_pkey on sbtest7  (cost=0.43..376.32 rows=95 width=125)
	  Index Cond: ((id >= 3906900) AND (id <= 3907000))

table 8 : explain SELECT id, c FROM sbtest8 WHERE id BETWEEN 3906900 AND 3907000
	Index Scan using sbtest8_pkey on sbtest8  (cost=0.43..425.48 rows=108 width=125)
	  Index Cond: ((id >= 3906900) AND (id <= 3907000))

explain: for range-notcovered :: explain SELECT id, c FROM sbtest%d WHERE id BETWEEN 3906900 AND 3907000
for range-notcovered
table 1 : explain SELECT id, c FROM sbtest1 WHERE id BETWEEN 4168243 AND 4168343
	Index Scan using sbtest1_pkey on sbtest1  (cost=0.43..407.59 rows=103 width=125)
	  Index Cond: ((id >= 4168243) AND (id <= 4168343))

table 2 : explain SELECT id, c FROM sbtest2 WHERE id BETWEEN 4168243 AND 4168343
	Index Scan using sbtest2_pkey on sbtest2  (cost=0.43..418.74 rows=105 width=125)
	  Index Cond: ((id >= 4168243) AND (id <= 4168343))

table 3 : explain SELECT id, c FROM sbtest3 WHERE id BETWEEN 4168243 AND 4168343
	Index Scan using sbtest3_pkey on sbtest3  (cost=0.43..420.39 rows=106 width=125)
	  Index Cond: ((id >= 4168243) AND (id <= 4168343))

table 4 : explain SELECT id, c FROM sbtest4 WHERE id BETWEEN 4168243 AND 4168343
	Index Scan using sbtest4_pkey on sbtest4  (cost=0.43..365.35 rows=92 width=125)
	  Index Cond: ((id >= 4168243) AND (id <= 4168343))

table 5 : explain SELECT id, c FROM sbtest5 WHERE id BETWEEN 4168243 AND 4168343
	Index Scan using sbtest5_pkey on sbtest5  (cost=0.43..392.79 rows=99 width=125)
	  Index Cond: ((id >= 4168243) AND (id <= 4168343))

table 6 : explain SELECT id, c FROM sbtest6 WHERE id BETWEEN 4168243 AND 4168343
	Index Scan using sbtest6_pkey on sbtest6  (cost=0.43..388.77 rows=98 width=125)
	  Index Cond: ((id >= 4168243) AND (id <= 4168343))

table 7 : explain SELECT id, c FROM sbtest7 WHERE id BETWEEN 4168243 AND 4168343
	Index Scan using sbtest7_pkey on sbtest7  (cost=0.43..442.84 rows=112 width=125)
	  Index Cond: ((id >= 4168243) AND (id <= 4168343))

table 8 : explain SELECT id, c FROM sbtest8 WHERE id BETWEEN 4168243 AND 4168343
	Index Scan using sbtest8_pkey on sbtest8  (cost=0.43..429.38 rows=109 width=125)
	  Index Cond: ((id >= 4168243) AND (id <= 4168343))

explain: for range-notcovered :: explain SELECT id, c FROM sbtest%d WHERE id BETWEEN 4168243 AND 4168343
for range-notcovered
table 1 : explain SELECT id, c FROM sbtest1 WHERE id BETWEEN 2889376 AND 2889476
	Index Scan using sbtest1_pkey on sbtest1  (cost=0.43..395.86 rows=100 width=125)
	  Index Cond: ((id >= 2889376) AND (id <= 2889476))

table 2 : explain SELECT id, c FROM sbtest2 WHERE id BETWEEN 2889376 AND 2889476
	Index Scan using sbtest2_pkey on sbtest2  (cost=0.43..470.02 rows=118 width=125)
	  Index Cond: ((id >= 2889376) AND (id <= 2889476))

table 3 : explain SELECT id, c FROM sbtest3 WHERE id BETWEEN 2889376 AND 2889476
	Index Scan using sbtest3_pkey on sbtest3  (cost=0.43..389.01 rows=98 width=125)
	  Index Cond: ((id >= 2889376) AND (id <= 2889476))

table 4 : explain SELECT id, c FROM sbtest4 WHERE id BETWEEN 2889376 AND 2889476
	Index Scan using sbtest4_pkey on sbtest4  (cost=0.43..365.35 rows=92 width=125)
	  Index Cond: ((id >= 2889376) AND (id <= 2889476))

table 5 : explain SELECT id, c FROM sbtest5 WHERE id BETWEEN 2889376 AND 2889476
	Index Scan using sbtest5_pkey on sbtest5  (cost=0.43..416.31 rows=105 width=125)
	  Index Cond: ((id >= 2889376) AND (id <= 2889476))

table 6 : explain SELECT id, c FROM sbtest6 WHERE id BETWEEN 2889376 AND 2889476
	Index Scan using sbtest6_pkey on sbtest6  (cost=0.43..404.45 rows=102 width=125)
	  Index Cond: ((id >= 2889376) AND (id <= 2889476))

table 7 : explain SELECT id, c FROM sbtest7 WHERE id BETWEEN 2889376 AND 2889476
	Index Scan using sbtest7_pkey on sbtest7  (cost=0.43..388.06 rows=98 width=125)
	  Index Cond: ((id >= 2889376) AND (id <= 2889476))

table 8 : explain SELECT id, c FROM sbtest8 WHERE id BETWEEN 2889376 AND 2889476
	Index Scan using sbtest8_pkey on sbtest8  (cost=0.43..425.48 rows=108 width=125)
	  Index Cond: ((id >= 2889376) AND (id <= 2889476))

explain: for range-notcovered :: explain SELECT id, c FROM sbtest%d WHERE id BETWEEN 2889376 AND 2889476
for range-notcovered
table 1 : explain SELECT id, c FROM sbtest1 WHERE id BETWEEN 3107422 AND 3107522
	Index Scan using sbtest1_pkey on sbtest1  (cost=0.43..438.89 rows=111 width=125)
	  Index Cond: ((id >= 3107422) AND (id <= 3107522))

table 2 : explain SELECT id, c FROM sbtest2 WHERE id BETWEEN 3107422 AND 3107522
	Index Scan using sbtest2_pkey on sbtest2  (cost=0.43..406.90 rows=102 width=125)
	  Index Cond: ((id >= 3107422) AND (id <= 3107522))

table 3 : explain SELECT id, c FROM sbtest3 WHERE id BETWEEN 3107422 AND 3107522
	Index Scan using sbtest3_pkey on sbtest3  (cost=0.43..377.24 rows=95 width=125)
	  Index Cond: ((id >= 3107422) AND (id <= 3107522))

table 4 : explain SELECT id, c FROM sbtest4 WHERE id BETWEEN 3107422 AND 3107522
	Index Scan using sbtest4_pkey on sbtest4  (cost=0.43..396.72 rows=100 width=125)
	  Index Cond: ((id >= 3107422) AND (id <= 3107522))

table 5 : explain SELECT id, c FROM sbtest5 WHERE id BETWEEN 3107422 AND 3107522
	Index Scan using sbtest5_pkey on sbtest5  (cost=0.43..392.79 rows=99 width=125)
	  Index Cond: ((id >= 3107422) AND (id <= 3107522))

table 6 : explain SELECT id, c FROM sbtest6 WHERE id BETWEEN 3107422 AND 3107522
	Index Scan using sbtest6_pkey on sbtest6  (cost=0.43..392.69 rows=99 width=125)
	  Index Cond: ((id >= 3107422) AND (id <= 3107522))

table 7 : explain SELECT id, c FROM sbtest7 WHERE id BETWEEN 3107422 AND 3107522
	Index Scan using sbtest7_pkey on sbtest7  (cost=0.43..399.80 rows=101 width=125)
	  Index Cond: ((id >= 3107422) AND (id <= 3107522))

table 8 : explain SELECT id, c FROM sbtest8 WHERE id BETWEEN 3107422 AND 3107522
	Index Scan using sbtest8_pkey on sbtest8  (cost=0.43..386.51 rows=98 width=125)
	  Index Cond: ((id >= 3107422) AND (id <= 3107522))

explain: for range-notcovered :: explain SELECT id, c FROM sbtest%d WHERE id BETWEEN 3107422 AND 3107522
for range-notcovered
table 1 : explain SELECT id, c FROM sbtest1 WHERE id BETWEEN 4531599 AND 4531699
	Index Scan using sbtest1_pkey on sbtest1  (cost=0.43..376.30 rows=95 width=125)
	  Index Cond: ((id >= 4531599) AND (id <= 4531699))

table 2 : explain SELECT id, c FROM sbtest2 WHERE id BETWEEN 4531599 AND 4531699
	Index Scan using sbtest2_pkey on sbtest2  (cost=0.43..410.85 rows=103 width=125)
	  Index Cond: ((id >= 4531599) AND (id <= 4531699))

table 3 : explain SELECT id, c FROM sbtest3 WHERE id BETWEEN 4531599 AND 4531699
	Index Scan using sbtest3_pkey on sbtest3  (cost=0.43..389.01 rows=98 width=125)
	  Index Cond: ((id >= 4531599) AND (id <= 4531699))

table 4 : explain SELECT id, c FROM sbtest4 WHERE id BETWEEN 4531599 AND 4531699
	Index Scan using sbtest4_pkey on sbtest4  (cost=0.43..408.48 rows=103 width=125)
	  Index Cond: ((id >= 4531599) AND (id <= 4531699))

table 5 : explain SELECT id, c FROM sbtest5 WHERE id BETWEEN 4531599 AND 4531699
	Index Scan using sbtest5_pkey on sbtest5  (cost=0.43..408.47 rows=103 width=125)
	  Index Cond: ((id >= 4531599) AND (id <= 4531699))

table 6 : explain SELECT id, c FROM sbtest6 WHERE id BETWEEN 4531599 AND 4531699
	Index Scan using sbtest6_pkey on sbtest6  (cost=0.43..388.77 rows=98 width=125)
	  Index Cond: ((id >= 4531599) AND (id <= 4531699))

table 7 : explain SELECT id, c FROM sbtest7 WHERE id BETWEEN 4531599 AND 4531699
	Index Scan using sbtest7_pkey on sbtest7  (cost=0.43..391.97 rows=99 width=125)
	  Index Cond: ((id >= 4531599) AND (id <= 4531699))

table 8 : explain SELECT id, c FROM sbtest8 WHERE id BETWEEN 4531599 AND 4531699
	Index Scan using sbtest8_pkey on sbtest8  (cost=0.43..398.20 rows=101 width=125)
	  Index Cond: ((id >= 4531599) AND (id <= 4531699))

for range-notcovered
table 1 : explain SELECT id, c FROM sbtest1 WHERE id BETWEEN 3766484 AND 3766584
	Index Scan using sbtest1_pkey on sbtest1  (cost=0.43..360.62 rows=91 width=125)
	  Index Cond: ((id >= 3766484) AND (id <= 3766584))

table 2 : explain SELECT id, c FROM sbtest2 WHERE id BETWEEN 3766484 AND 3766584
	Index Scan using sbtest2_pkey on sbtest2  (cost=0.43..371.39 rows=93 width=125)
	  Index Cond: ((id >= 3766484) AND (id <= 3766584))

table 3 : explain SELECT id, c FROM sbtest3 WHERE id BETWEEN 3766484 AND 3766584
	Index Scan using sbtest3_pkey on sbtest3  (cost=0.43..451.77 rows=114 width=125)
	  Index Cond: ((id >= 3766484) AND (id <= 3766584))

table 4 : explain SELECT id, c FROM sbtest4 WHERE id BETWEEN 3766484 AND 3766584
	Index Scan using sbtest4_pkey on sbtest4  (cost=0.43..412.40 rows=104 width=125)
	  Index Cond: ((id >= 3766484) AND (id <= 3766584))

table 5 : explain SELECT id, c FROM sbtest5 WHERE id BETWEEN 3766484 AND 3766584
	Index Scan using sbtest5_pkey on sbtest5  (cost=0.43..396.71 rows=100 width=125)
	  Index Cond: ((id >= 3766484) AND (id <= 3766584))

table 6 : explain SELECT id, c FROM sbtest6 WHERE id BETWEEN 3766484 AND 3766584
	Index Scan using sbtest6_pkey on sbtest6  (cost=0.43..424.05 rows=107 width=125)
	  Index Cond: ((id >= 3766484) AND (id <= 3766584))

table 7 : explain SELECT id, c FROM sbtest7 WHERE id BETWEEN 3766484 AND 3766584
	Index Scan using sbtest7_pkey on sbtest7  (cost=0.43..407.62 rows=103 width=125)
	  Index Cond: ((id >= 3766484) AND (id <= 3766584))

table 8 : explain SELECT id, c FROM sbtest8 WHERE id BETWEEN 3766484 AND 3766584
	Index Scan using sbtest8_pkey on sbtest8  (cost=0.43..452.76 rows=115 width=125)
	  Index Cond: ((id >= 3766484) AND (id <= 3766584))

for range-notcovered
table 1 : explain SELECT id, c FROM sbtest1 WHERE id BETWEEN 4194569 AND 4194669
	Index Scan using sbtest1_pkey on sbtest1  (cost=0.43..446.72 rows=113 width=125)
	  Index Cond: ((id >= 4194569) AND (id <= 4194669))

table 2 : explain SELECT id, c FROM sbtest2 WHERE id BETWEEN 4194569 AND 4194669
	Index Scan using sbtest2_pkey on sbtest2  (cost=0.43..418.74 rows=105 width=125)
	  Index Cond: ((id >= 4194569) AND (id <= 4194669))

table 3 : explain SELECT id, c FROM sbtest3 WHERE id BETWEEN 4194569 AND 4194669
	Index Scan using sbtest3_pkey on sbtest3  (cost=0.43..389.01 rows=98 width=125)
	  Index Cond: ((id >= 4194569) AND (id <= 4194669))

table 4 : explain SELECT id, c FROM sbtest4 WHERE id BETWEEN 4194569 AND 4194669
	Index Scan using sbtest4_pkey on sbtest4  (cost=0.43..365.35 rows=92 width=125)
	  Index Cond: ((id >= 4194569) AND (id <= 4194669))

table 5 : explain SELECT id, c FROM sbtest5 WHERE id BETWEEN 4194569 AND 4194669
	Index Scan using sbtest5_pkey on sbtest5  (cost=0.43..392.79 rows=99 width=125)
	  Index Cond: ((id >= 4194569) AND (id <= 4194669))

table 6 : explain SELECT id, c FROM sbtest6 WHERE id BETWEEN 4194569 AND 4194669
	Index Scan using sbtest6_pkey on sbtest6  (cost=0.43..408.37 rows=103 width=125)
	  Index Cond: ((id >= 4194569) AND (id <= 4194669))

table 7 : explain SELECT id, c FROM sbtest7 WHERE id BETWEEN 4194569 AND 4194669
	Index Scan using sbtest7_pkey on sbtest7  (cost=0.43..442.84 rows=112 width=125)
	  Index Cond: ((id >= 4194569) AND (id <= 4194669))

table 8 : explain SELECT id, c FROM sbtest8 WHERE id BETWEEN 4194569 AND 4194669
	Index Scan using sbtest8_pkey on sbtest8  (cost=0.43..429.38 rows=109 width=125)
	  Index Cond: ((id >= 4194569) AND (id <= 4194669))

for range-notcovered
table 1 : explain SELECT id, c FROM sbtest1 WHERE id BETWEEN 8184561 AND 8184661
	Index Scan using sbtest1_pkey on sbtest1  (cost=0.43..356.71 rows=90 width=125)
	  Index Cond: ((id >= 8184561) AND (id <= 8184661))

table 2 : explain SELECT id, c FROM sbtest2 WHERE id BETWEEN 8184561 AND 8184661
	Index Scan using sbtest2_pkey on sbtest2  (cost=0.43..414.79 rows=104 width=125)
	  Index Cond: ((id >= 8184561) AND (id <= 8184661))

table 3 : explain SELECT id, c FROM sbtest3 WHERE id BETWEEN 8184561 AND 8184661
	Index Scan using sbtest3_pkey on sbtest3  (cost=0.43..373.32 rows=94 width=125)
	  Index Cond: ((id >= 8184561) AND (id <= 8184661))

table 4 : explain SELECT id, c FROM sbtest4 WHERE id BETWEEN 8184561 AND 8184661
	Index Scan using sbtest4_pkey on sbtest4  (cost=0.43..388.87 rows=98 width=125)
	  Index Cond: ((id >= 8184561) AND (id <= 8184661))

table 5 : explain SELECT id, c FROM sbtest5 WHERE id BETWEEN 8184561 AND 8184661
	Index Scan using sbtest5_pkey on sbtest5  (cost=0.43..412.39 rows=104 width=125)
	  Index Cond: ((id >= 8184561) AND (id <= 8184661))

table 6 : explain SELECT id, c FROM sbtest6 WHERE id BETWEEN 8184561 AND 8184661
	Index Scan using sbtest6_pkey on sbtest6  (cost=0.43..384.85 rows=97 width=125)
	  Index Cond: ((id >= 8184561) AND (id <= 8184661))

table 7 : explain SELECT id, c FROM sbtest7 WHERE id BETWEEN 8184561 AND 8184661
	Index Scan using sbtest7_pkey on sbtest7  (cost=0.43..435.01 rows=110 width=125)
	  Index Cond: ((id >= 8184561) AND (id <= 8184661))

table 8 : explain SELECT id, c FROM sbtest8 WHERE id BETWEEN 8184561 AND 8184661
	Index Scan using sbtest8_pkey on sbtest8  (cost=0.43..417.69 rows=106 width=125)
	  Index Cond: ((id >= 8184561) AND (id <= 8184661))

explain: for range-notcovered :: explain SELECT id, c FROM sbtest%d WHERE id BETWEEN 3766484 AND 3766584
for range-notcovered
table 1 : explain SELECT id, c FROM sbtest1 WHERE id BETWEEN 3864003 AND 3864103
	Index Scan using sbtest1_pkey on sbtest1  (cost=0.43..368.44 rows=93 width=125)
	  Index Cond: ((id >= 3864003) AND (id <= 3864103))

table 2 : explain SELECT id, c FROM sbtest2 WHERE id BETWEEN 3864003 AND 3864103
	Index Scan using sbtest2_pkey on sbtest2  (cost=0.43..391.13 rows=98 width=125)
	  Index Cond: ((id >= 3864003) AND (id <= 3864103))

table 3 : explain SELECT id, c FROM sbtest3 WHERE id BETWEEN 3864003 AND 3864103
	Index Scan using sbtest3_pkey on sbtest3  (cost=0.43..416.47 rows=105 width=125)
	  Index Cond: ((id >= 3864003) AND (id <= 3864103))

table 4 : explain SELECT id, c FROM sbtest4 WHERE id BETWEEN 3864003 AND 3864103
	Index Scan using sbtest4_pkey on sbtest4  (cost=0.43..420.24 rows=106 width=125)
	  Index Cond: ((id >= 3864003) AND (id <= 3864103))

table 5 : explain SELECT id, c FROM sbtest5 WHERE id BETWEEN 3864003 AND 3864103
	Index Scan using sbtest5_pkey on sbtest5  (cost=0.43..447.68 rows=113 width=125)
	  Index Cond: ((id >= 3864003) AND (id <= 3864103))

table 6 : explain SELECT id, c FROM sbtest6 WHERE id BETWEEN 3864003 AND 3864103
	Index Scan using sbtest6_pkey on sbtest6  (cost=0.43..377.01 rows=95 width=125)
	  Index Cond: ((id >= 3864003) AND (id <= 3864103))

table 7 : explain SELECT id, c FROM sbtest7 WHERE id BETWEEN 3864003 AND 3864103
	Index Scan using sbtest7_pkey on sbtest7  (cost=0.43..399.80 rows=101 width=125)
	  Index Cond: ((id >= 3864003) AND (id <= 3864103))

table 8 : explain SELECT id, c FROM sbtest8 WHERE id BETWEEN 3864003 AND 3864103
	Index Scan using sbtest8_pkey on sbtest8  (cost=0.43..425.48 rows=108 width=125)
	  Index Cond: ((id >= 3864003) AND (id <= 3864103))

for range-notcovered
table 1 : explain SELECT id, c FROM sbtest1 WHERE id BETWEEN 4168243 AND 4168343
	Index Scan using sbtest1_pkey on sbtest1  (cost=0.43..407.59 rows=103 width=125)
	  Index Cond: ((id >= 4168243) AND (id <= 4168343))

table 2 : explain SELECT id, c FROM sbtest2 WHERE id BETWEEN 4168243 AND 4168343
	Index Scan using sbtest2_pkey on sbtest2  (cost=0.43..418.74 rows=105 width=125)
	  Index Cond: ((id >= 4168243) AND (id <= 4168343))

table 3 : explain SELECT id, c FROM sbtest3 WHERE id BETWEEN 4168243 AND 4168343
	Index Scan using sbtest3_pkey on sbtest3  (cost=0.43..420.39 rows=106 width=125)
	  Index Cond: ((id >= 4168243) AND (id <= 4168343))

table 4 : explain SELECT id, c FROM sbtest4 WHERE id BETWEEN 4168243 AND 4168343
	Index Scan using sbtest4_pkey on sbtest4  (cost=0.43..365.35 rows=92 width=125)
	  Index Cond: ((id >= 4168243) AND (id <= 4168343))

table 5 : explain SELECT id, c FROM sbtest5 WHERE id BETWEEN 4168243 AND 4168343
	Index Scan using sbtest5_pkey on sbtest5  (cost=0.43..392.79 rows=99 width=125)
	  Index Cond: ((id >= 4168243) AND (id <= 4168343))

table 6 : explain SELECT id, c FROM sbtest6 WHERE id BETWEEN 4168243 AND 4168343
	Index Scan using sbtest6_pkey on sbtest6  (cost=0.43..388.77 rows=98 width=125)
	  Index Cond: ((id >= 4168243) AND (id <= 4168343))

table 7 : explain SELECT id, c FROM sbtest7 WHERE id BETWEEN 4168243 AND 4168343
	Index Scan using sbtest7_pkey on sbtest7  (cost=0.43..442.84 rows=112 width=125)
	  Index Cond: ((id >= 4168243) AND (id <= 4168343))

table 8 : explain SELECT id, c FROM sbtest8 WHERE id BETWEEN 4168243 AND 4168343
	Index Scan using sbtest8_pkey on sbtest8  (cost=0.43..429.38 rows=109 width=125)
	  Index Cond: ((id >= 4168243) AND (id <= 4168343))

for range-notcovered
table 1 : explain SELECT id, c FROM sbtest1 WHERE id BETWEEN 3906900 AND 3907000
	Index Scan using sbtest1_pkey on sbtest1  (cost=0.43..438.89 rows=111 width=125)
	  Index Cond: ((id >= 3906900) AND (id <= 3907000))

table 2 : explain SELECT id, c FROM sbtest2 WHERE id BETWEEN 3906900 AND 3907000
	Index Scan using sbtest2_pkey on sbtest2  (cost=0.43..391.13 rows=98 width=125)
	  Index Cond: ((id >= 3906900) AND (id <= 3907000))

table 3 : explain SELECT id, c FROM sbtest3 WHERE id BETWEEN 3906900 AND 3907000
	Index Scan using sbtest3_pkey on sbtest3  (cost=0.43..365.48 rows=92 width=125)
	  Index Cond: ((id >= 3906900) AND (id <= 3907000))

table 4 : explain SELECT id, c FROM sbtest4 WHERE id BETWEEN 3906900 AND 3907000
	Index Scan using sbtest4_pkey on sbtest4  (cost=0.43..420.24 rows=106 width=125)
	  Index Cond: ((id >= 3906900) AND (id <= 3907000))

table 5 : explain SELECT id, c FROM sbtest5 WHERE id BETWEEN 3906900 AND 3907000
	Index Scan using sbtest5_pkey on sbtest5  (cost=0.43..369.24 rows=93 width=125)
	  Index Cond: ((id >= 3906900) AND (id <= 3907000))

table 6 : explain SELECT id, c FROM sbtest6 WHERE id BETWEEN 3906900 AND 3907000
	Index Scan using sbtest6_pkey on sbtest6  (cost=0.43..435.81 rows=110 width=125)
	  Index Cond: ((id >= 3906900) AND (id <= 3907000))

table 7 : explain SELECT id, c FROM sbtest7 WHERE id BETWEEN 3906900 AND 3907000
	Index Scan using sbtest7_pkey on sbtest7  (cost=0.43..376.32 rows=95 width=125)
	  Index Cond: ((id >= 3906900) AND (id <= 3907000))

table 8 : explain SELECT id, c FROM sbtest8 WHERE id BETWEEN 3906900 AND 3907000
	Index Scan using sbtest8_pkey on sbtest8  (cost=0.43..425.48 rows=108 width=125)
	  Index Cond: ((id >= 3906900) AND (id <= 3907000))

for range-notcovered
table 1 : explain SELECT id, c FROM sbtest1 WHERE id BETWEEN 3107422 AND 3107522
	Index Scan using sbtest1_pkey on sbtest1  (cost=0.43..438.89 rows=111 width=125)
	  Index Cond: ((id >= 3107422) AND (id <= 3107522))

table 2 : explain SELECT id, c FROM sbtest2 WHERE id BETWEEN 3107422 AND 3107522
	Index Scan using sbtest2_pkey on sbtest2  (cost=0.43..406.90 rows=102 width=125)
	  Index Cond: ((id >= 3107422) AND (id <= 3107522))

table 3 : explain SELECT id, c FROM sbtest3 WHERE id BETWEEN 3107422 AND 3107522
	Index Scan using sbtest3_pkey on sbtest3  (cost=0.43..377.24 rows=95 width=125)
	  Index Cond: ((id >= 3107422) AND (id <= 3107522))

table 4 : explain SELECT id, c FROM sbtest4 WHERE id BETWEEN 3107422 AND 3107522
	Index Scan using sbtest4_pkey on sbtest4  (cost=0.43..396.72 rows=100 width=125)
	  Index Cond: ((id >= 3107422) AND (id <= 3107522))

table 5 : explain SELECT id, c FROM sbtest5 WHERE id BETWEEN 3107422 AND 3107522
	Index Scan using sbtest5_pkey on sbtest5  (cost=0.43..392.79 rows=99 width=125)
	  Index Cond: ((id >= 3107422) AND (id <= 3107522))

table 6 : explain SELECT id, c FROM sbtest6 WHERE id BETWEEN 3107422 AND 3107522
	Index Scan using sbtest6_pkey on sbtest6  (cost=0.43..392.69 rows=99 width=125)
	  Index Cond: ((id >= 3107422) AND (id <= 3107522))

table 7 : explain SELECT id, c FROM sbtest7 WHERE id BETWEEN 3107422 AND 3107522
	Index Scan using sbtest7_pkey on sbtest7  (cost=0.43..399.80 rows=101 width=125)
	  Index Cond: ((id >= 3107422) AND (id <= 3107522))

table 8 : explain SELECT id, c FROM sbtest8 WHERE id BETWEEN 3107422 AND 3107522
	Index Scan using sbtest8_pkey on sbtest8  (cost=0.43..386.51 rows=98 width=125)
	  Index Cond: ((id >= 3107422) AND (id <= 3107522))

explain: for range-notcovered :: explain SELECT id, c FROM sbtest%d WHERE id BETWEEN 4168243 AND 4168343
for range-notcovered
table 1 : explain SELECT id, c FROM sbtest1 WHERE id BETWEEN 2889376 AND 2889476
	Index Scan using sbtest1_pkey on sbtest1  (cost=0.43..395.86 rows=100 width=125)
	  Index Cond: ((id >= 2889376) AND (id <= 2889476))

table 2 : explain SELECT id, c FROM sbtest2 WHERE id BETWEEN 2889376 AND 2889476
	Index Scan using sbtest2_pkey on sbtest2  (cost=0.43..470.02 rows=118 width=125)
	  Index Cond: ((id >= 2889376) AND (id <= 2889476))

table 3 : explain SELECT id, c FROM sbtest3 WHERE id BETWEEN 2889376 AND 2889476
	Index Scan using sbtest3_pkey on sbtest3  (cost=0.43..389.01 rows=98 width=125)
	  Index Cond: ((id >= 2889376) AND (id <= 2889476))

table 4 : explain SELECT id, c FROM sbtest4 WHERE id BETWEEN 2889376 AND 2889476
	Index Scan using sbtest4_pkey on sbtest4  (cost=0.43..365.35 rows=92 width=125)
	  Index Cond: ((id >= 2889376) AND (id <= 2889476))

table 5 : explain SELECT id, c FROM sbtest5 WHERE id BETWEEN 2889376 AND 2889476
	Index Scan using sbtest5_pkey on sbtest5  (cost=0.43..416.31 rows=105 width=125)
	  Index Cond: ((id >= 2889376) AND (id <= 2889476))

table 6 : explain SELECT id, c FROM sbtest6 WHERE id BETWEEN 2889376 AND 2889476
	Index Scan using sbtest6_pkey on sbtest6  (cost=0.43..404.45 rows=102 width=125)
	  Index Cond: ((id >= 2889376) AND (id <= 2889476))

table 7 : explain SELECT id, c FROM sbtest7 WHERE id BETWEEN 2889376 AND 2889476
	Index Scan using sbtest7_pkey on sbtest7  (cost=0.43..388.06 rows=98 width=125)
	  Index Cond: ((id >= 2889376) AND (id <= 2889476))

table 8 : explain SELECT id, c FROM sbtest8 WHERE id BETWEEN 2889376 AND 2889476
	Index Scan using sbtest8_pkey on sbtest8  (cost=0.43..425.48 rows=108 width=125)
	  Index Cond: ((id >= 2889376) AND (id <= 2889476))

for range-notcovered
table 1 : explain SELECT id, c FROM sbtest1 WHERE id BETWEEN 7578819 AND 7578919
	Index Scan using sbtest1_pkey on sbtest1  (cost=0.43..415.42 rows=105 width=125)
	  Index Cond: ((id >= 7578819) AND (id <= 7578919))

table 2 : explain SELECT id, c FROM sbtest2 WHERE id BETWEEN 7578819 AND 7578919
	Index Scan using sbtest2_pkey on sbtest2  (cost=0.43..458.18 rows=115 width=125)
	  Index Cond: ((id >= 7578819) AND (id <= 7578919))

table 3 : explain SELECT id, c FROM sbtest3 WHERE id BETWEEN 7578819 AND 7578919
	Index Scan using sbtest3_pkey on sbtest3  (cost=0.43..400.78 rows=101 width=125)
	  Index Cond: ((id >= 7578819) AND (id <= 7578919))

table 4 : explain SELECT id, c FROM sbtest4 WHERE id BETWEEN 7578819 AND 7578919
	Index Scan using sbtest4_pkey on sbtest4  (cost=0.43..392.80 rows=99 width=125)
	  Index Cond: ((id >= 7578819) AND (id <= 7578919))

table 5 : explain SELECT id, c FROM sbtest5 WHERE id BETWEEN 7578819 AND 7578919
	Index Scan using sbtest5_pkey on sbtest5  (cost=0.43..369.24 rows=93 width=125)
	  Index Cond: ((id >= 7578819) AND (id <= 7578919))

table 6 : explain SELECT id, c FROM sbtest6 WHERE id BETWEEN 7578819 AND 7578919
	Index Scan using sbtest6_pkey on sbtest6  (cost=0.43..408.37 rows=103 width=125)
	  Index Cond: ((id >= 7578819) AND (id <= 7578919))

table 7 : explain SELECT id, c FROM sbtest7 WHERE id BETWEEN 7578819 AND 7578919
	Index Scan using sbtest7_pkey on sbtest7  (cost=0.43..388.06 rows=98 width=125)
	  Index Cond: ((id >= 7578819) AND (id <= 7578919))

table 8 : explain SELECT id, c FROM sbtest8 WHERE id BETWEEN 7578819 AND 7578919
	Index Scan using sbtest8_pkey on sbtest8  (cost=0.43..425.48 rows=108 width=125)
	  Index Cond: ((id >= 7578819) AND (id <= 7578919))

explain: for range-notcovered :: explain SELECT id, c FROM sbtest%d WHERE id BETWEEN 8184561 AND 8184661
explain: for range-notcovered :: explain SELECT id, c FROM sbtest%d WHERE id BETWEEN 7578819 AND 7578919
explain: for range-notcovered :: explain SELECT id, c FROM sbtest%d WHERE id BETWEEN 2889376 AND 2889476
explain: for range-notcovered :: explain SELECT id, c FROM sbtest%d WHERE id BETWEEN 3906900 AND 3907000
for range-notcovered
table 1 : explain SELECT id, c FROM sbtest1 WHERE id BETWEEN 4168243 AND 4168343
	Index Scan using sbtest1_pkey on sbtest1  (cost=0.43..407.59 rows=103 width=125)
	  Index Cond: ((id >= 4168243) AND (id <= 4168343))

table 2 : explain SELECT id, c FROM sbtest2 WHERE id BETWEEN 4168243 AND 4168343
	Index Scan using sbtest2_pkey on sbtest2  (cost=0.43..418.74 rows=105 width=125)
	  Index Cond: ((id >= 4168243) AND (id <= 4168343))

table 3 : explain SELECT id, c FROM sbtest3 WHERE id BETWEEN 4168243 AND 4168343
	Index Scan using sbtest3_pkey on sbtest3  (cost=0.43..420.39 rows=106 width=125)
	  Index Cond: ((id >= 4168243) AND (id <= 4168343))

table 4 : explain SELECT id, c FROM sbtest4 WHERE id BETWEEN 4168243 AND 4168343
	Index Scan using sbtest4_pkey on sbtest4  (cost=0.43..365.35 rows=92 width=125)
	  Index Cond: ((id >= 4168243) AND (id <= 4168343))

table 5 : explain SELECT id, c FROM sbtest5 WHERE id BETWEEN 4168243 AND 4168343
	Index Scan using sbtest5_pkey on sbtest5  (cost=0.43..392.79 rows=99 width=125)
	  Index Cond: ((id >= 4168243) AND (id <= 4168343))

table 6 : explain SELECT id, c FROM sbtest6 WHERE id BETWEEN 4168243 AND 4168343
	Index Scan using sbtest6_pkey on sbtest6  (cost=0.43..388.77 rows=98 width=125)
	  Index Cond: ((id >= 4168243) AND (id <= 4168343))

table 7 : explain SELECT id, c FROM sbtest7 WHERE id BETWEEN 4168243 AND 4168343
	Index Scan using sbtest7_pkey on sbtest7  (cost=0.43..442.84 rows=112 width=125)
	  Index Cond: ((id >= 4168243) AND (id <= 4168343))

table 8 : explain SELECT id, c FROM sbtest8 WHERE id BETWEEN 4168243 AND 4168343
	Index Scan using sbtest8_pkey on sbtest8  (cost=0.43..429.38 rows=109 width=125)
	  Index Cond: ((id >= 4168243) AND (id <= 4168343))

for range-notcovered
table 1 : explain SELECT id, c FROM sbtest1 WHERE id BETWEEN 3890030 AND 3890130
	Index Scan using sbtest1_pkey on sbtest1  (cost=0.43..438.89 rows=111 width=125)
	  Index Cond: ((id >= 3890030) AND (id <= 3890130))

table 2 : explain SELECT id, c FROM sbtest2 WHERE id BETWEEN 3890030 AND 3890130
	Index Scan using sbtest2_pkey on sbtest2  (cost=0.43..391.13 rows=98 width=125)
	  Index Cond: ((id >= 3890030) AND (id <= 3890130))

table 3 : explain SELECT id, c FROM sbtest3 WHERE id BETWEEN 3890030 AND 3890130
	Index Scan using sbtest3_pkey on sbtest3  (cost=0.43..365.48 rows=92 width=125)
	  Index Cond: ((id >= 3890030) AND (id <= 3890130))

table 4 : explain SELECT id, c FROM sbtest4 WHERE id BETWEEN 3890030 AND 3890130
	Index Scan using sbtest4_pkey on sbtest4  (cost=0.43..420.24 rows=106 width=125)
	  Index Cond: ((id >= 3890030) AND (id <= 3890130))

table 5 : explain SELECT id, c FROM sbtest5 WHERE id BETWEEN 3890030 AND 3890130
	Index Scan using sbtest5_pkey on sbtest5  (cost=0.43..447.68 rows=113 width=125)
	  Index Cond: ((id >= 3890030) AND (id <= 3890130))

table 6 : explain SELECT id, c FROM sbtest6 WHERE id BETWEEN 3890030 AND 3890130
	Index Scan using sbtest6_pkey on sbtest6  (cost=0.43..435.81 rows=110 width=125)
	  Index Cond: ((id >= 3890030) AND (id <= 3890130))

table 7 : explain SELECT id, c FROM sbtest7 WHERE id BETWEEN 3890030 AND 3890130
	Index Scan using sbtest7_pkey on sbtest7  (cost=0.43..399.80 rows=101 width=125)
	  Index Cond: ((id >= 3890030) AND (id <= 3890130))

table 8 : explain SELECT id, c FROM sbtest8 WHERE id BETWEEN 3890030 AND 3890130
	Index Scan using sbtest8_pkey on sbtest8  (cost=0.43..425.48 rows=108 width=125)
	  Index Cond: ((id >= 3890030) AND (id <= 3890130))

explain: for range-notcovered :: explain SELECT id, c FROM sbtest%d WHERE id BETWEEN 4168243 AND 4168343
explain: for range-notcovered :: explain SELECT id, c FROM sbtest%d WHERE id BETWEEN 3107422 AND 3107522
for range-notcovered
table 1 : explain SELECT id, c FROM sbtest1 WHERE id BETWEEN 3766484 AND 3766584
	Index Scan using sbtest1_pkey on sbtest1  (cost=0.43..360.62 rows=91 width=125)
	  Index Cond: ((id >= 3766484) AND (id <= 3766584))

table 2 : explain SELECT id, c FROM sbtest2 WHERE id BETWEEN 3766484 AND 3766584
	Index Scan using sbtest2_pkey on sbtest2  (cost=0.43..371.39 rows=93 width=125)
	  Index Cond: ((id >= 3766484) AND (id <= 3766584))

table 3 : explain SELECT id, c FROM sbtest3 WHERE id BETWEEN 3766484 AND 3766584
	Index Scan using sbtest3_pkey on sbtest3  (cost=0.43..451.77 rows=114 width=125)
	  Index Cond: ((id >= 3766484) AND (id <= 3766584))

table 4 : explain SELECT id, c FROM sbtest4 WHERE id BETWEEN 3766484 AND 3766584
	Index Scan using sbtest4_pkey on sbtest4  (cost=0.43..412.40 rows=104 width=125)
	  Index Cond: ((id >= 3766484) AND (id <= 3766584))

table 5 : explain SELECT id, c FROM sbtest5 WHERE id BETWEEN 3766484 AND 3766584
	Index Scan using sbtest5_pkey on sbtest5  (cost=0.43..396.71 rows=100 width=125)
	  Index Cond: ((id >= 3766484) AND (id <= 3766584))

table 6 : explain SELECT id, c FROM sbtest6 WHERE id BETWEEN 3766484 AND 3766584
	Index Scan using sbtest6_pkey on sbtest6  (cost=0.43..424.05 rows=107 width=125)
	  Index Cond: ((id >= 3766484) AND (id <= 3766584))

table 7 : explain SELECT id, c FROM sbtest7 WHERE id BETWEEN 3766484 AND 3766584
	Index Scan using sbtest7_pkey on sbtest7  (cost=0.43..407.62 rows=103 width=125)
	  Index Cond: ((id >= 3766484) AND (id <= 3766584))

table 8 : explain SELECT id, c FROM sbtest8 WHERE id BETWEEN 3766484 AND 3766584
	Index Scan using sbtest8_pkey on sbtest8  (cost=0.43..452.76 rows=115 width=125)
	  Index Cond: ((id >= 3766484) AND (id <= 3766584))

for range-notcovered
table 1 : explain SELECT id, c FROM sbtest1 WHERE id BETWEEN 7578819 AND 7578919
	Index Scan using sbtest1_pkey on sbtest1  (cost=0.43..415.42 rows=105 width=125)
	  Index Cond: ((id >= 7578819) AND (id <= 7578919))

table 2 : explain SELECT id, c FROM sbtest2 WHERE id BETWEEN 7578819 AND 7578919
	Index Scan using sbtest2_pkey on sbtest2  (cost=0.43..458.18 rows=115 width=125)
	  Index Cond: ((id >= 7578819) AND (id <= 7578919))

table 3 : explain SELECT id, c FROM sbtest3 WHERE id BETWEEN 7578819 AND 7578919
	Index Scan using sbtest3_pkey on sbtest3  (cost=0.43..400.78 rows=101 width=125)
	  Index Cond: ((id >= 7578819) AND (id <= 7578919))

table 4 : explain SELECT id, c FROM sbtest4 WHERE id BETWEEN 7578819 AND 7578919
	Index Scan using sbtest4_pkey on sbtest4  (cost=0.43..392.80 rows=99 width=125)
	  Index Cond: ((id >= 7578819) AND (id <= 7578919))

table 5 : explain SELECT id, c FROM sbtest5 WHERE id BETWEEN 7578819 AND 7578919
	Index Scan using sbtest5_pkey on sbtest5  (cost=0.43..369.24 rows=93 width=125)
	  Index Cond: ((id >= 7578819) AND (id <= 7578919))

table 6 : explain SELECT id, c FROM sbtest6 WHERE id BETWEEN 7578819 AND 7578919
	Index Scan using sbtest6_pkey on sbtest6  (cost=0.43..408.37 rows=103 width=125)
	  Index Cond: ((id >= 7578819) AND (id <= 7578919))

table 7 : explain SELECT id, c FROM sbtest7 WHERE id BETWEEN 7578819 AND 7578919
	Index Scan using sbtest7_pkey on sbtest7  (cost=0.43..388.06 rows=98 width=125)
	  Index Cond: ((id >= 7578819) AND (id <= 7578919))

table 8 : explain SELECT id, c FROM sbtest8 WHERE id BETWEEN 7578819 AND 7578919
	Index Scan using sbtest8_pkey on sbtest8  (cost=0.43..425.48 rows=108 width=125)
	  Index Cond: ((id >= 7578819) AND (id <= 7578919))

explain: for range-notcovered :: explain SELECT id, c FROM sbtest%d WHERE id BETWEEN 7578819 AND 7578919
for range-notcovered
table 1 : explain SELECT id, c FROM sbtest1 WHERE id BETWEEN 8052712 AND 8052812
	Index Scan using sbtest1_pkey on sbtest1  (cost=0.43..403.68 rows=102 width=125)
	  Index Cond: ((id >= 8052712) AND (id <= 8052812))

table 2 : explain SELECT id, c FROM sbtest2 WHERE id BETWEEN 8052712 AND 8052812
	Index Scan using sbtest2_pkey on sbtest2  (cost=0.43..434.52 rows=109 width=125)
	  Index Cond: ((id >= 8052712) AND (id <= 8052812))

table 3 : explain SELECT id, c FROM sbtest3 WHERE id BETWEEN 8052712 AND 8052812
	Index Scan using sbtest3_pkey on sbtest3  (cost=0.43..440.00 rows=111 width=125)
	  Index Cond: ((id >= 8052712) AND (id <= 8052812))

table 4 : explain SELECT id, c FROM sbtest4 WHERE id BETWEEN 8052712 AND 8052812
	Index Scan using sbtest4_pkey on sbtest4  (cost=0.43..443.77 rows=112 width=125)
	  Index Cond: ((id >= 8052712) AND (id <= 8052812))

table 5 : explain SELECT id, c FROM sbtest5 WHERE id BETWEEN 8052712 AND 8052812
	Index Scan using sbtest5_pkey on sbtest5  (cost=0.43..404.55 rows=102 width=125)
	  Index Cond: ((id >= 8052712) AND (id <= 8052812))

table 6 : explain SELECT id, c FROM sbtest6 WHERE id BETWEEN 8052712 AND 8052812
	Index Scan using sbtest6_pkey on sbtest6  (cost=0.43..384.85 rows=97 width=125)
	  Index Cond: ((id >= 8052712) AND (id <= 8052812))

table 7 : explain SELECT id, c FROM sbtest7 WHERE id BETWEEN 8052712 AND 8052812
	Index Scan using sbtest7_pkey on sbtest7  (cost=0.43..395.89 rows=100 width=125)
	  Index Cond: ((id >= 8052712) AND (id <= 8052812))

table 8 : explain SELECT id, c FROM sbtest8 WHERE id BETWEEN 8052712 AND 8052812
	Index Scan using sbtest8_pkey on sbtest8  (cost=0.43..398.20 rows=101 width=125)
	  Index Cond: ((id >= 8052712) AND (id <= 8052812))

explain: for range-notcovered :: explain SELECT id, c FROM sbtest%d WHERE id BETWEEN 3766484 AND 3766584
for range-notcovered
table 1 : explain SELECT id, c FROM sbtest1 WHERE id BETWEEN 2889376 AND 2889476
	Index Scan using sbtest1_pkey on sbtest1  (cost=0.43..395.86 rows=100 width=125)
	  Index Cond: ((id >= 2889376) AND (id <= 2889476))

table 2 : explain SELECT id, c FROM sbtest2 WHERE id BETWEEN 2889376 AND 2889476
	Index Scan using sbtest2_pkey on sbtest2  (cost=0.43..470.02 rows=118 width=125)
	  Index Cond: ((id >= 2889376) AND (id <= 2889476))

table 3 : explain SELECT id, c FROM sbtest3 WHERE id BETWEEN 2889376 AND 2889476
	Index Scan using sbtest3_pkey on sbtest3  (cost=0.43..389.01 rows=98 width=125)
	  Index Cond: ((id >= 2889376) AND (id <= 2889476))

table 4 : explain SELECT id, c FROM sbtest4 WHERE id BETWEEN 2889376 AND 2889476
	Index Scan using sbtest4_pkey on sbtest4  (cost=0.43..365.35 rows=92 width=125)
	  Index Cond: ((id >= 2889376) AND (id <= 2889476))

table 5 : explain SELECT id, c FROM sbtest5 WHERE id BETWEEN 2889376 AND 2889476
	Index Scan using sbtest5_pkey on sbtest5  (cost=0.43..416.31 rows=105 width=125)
	  Index Cond: ((id >= 2889376) AND (id <= 2889476))

table 6 : explain SELECT id, c FROM sbtest6 WHERE id BETWEEN 2889376 AND 2889476
	Index Scan using sbtest6_pkey on sbtest6  (cost=0.43..404.45 rows=102 width=125)
	  Index Cond: ((id >= 2889376) AND (id <= 2889476))

table 7 : explain SELECT id, c FROM sbtest7 WHERE id BETWEEN 2889376 AND 2889476
	Index Scan using sbtest7_pkey on sbtest7  (cost=0.43..388.06 rows=98 width=125)
	  Index Cond: ((id >= 2889376) AND (id <= 2889476))

table 8 : explain SELECT id, c FROM sbtest8 WHERE id BETWEEN 2889376 AND 2889476
	Index Scan using sbtest8_pkey on sbtest8  (cost=0.43..425.48 rows=108 width=125)
	  Index Cond: ((id >= 2889376) AND (id <= 2889476))

explain: for range-notcovered :: explain SELECT id, c FROM sbtest%d WHERE id BETWEEN 2889376 AND 2889476
for range-notcovered
table 1 : explain SELECT id, c FROM sbtest1 WHERE id BETWEEN 8184561 AND 8184661
	Index Scan using sbtest1_pkey on sbtest1  (cost=0.43..356.71 rows=90 width=125)
	  Index Cond: ((id >= 8184561) AND (id <= 8184661))

table 2 : explain SELECT id, c FROM sbtest2 WHERE id BETWEEN 8184561 AND 8184661
	Index Scan using sbtest2_pkey on sbtest2  (cost=0.43..414.79 rows=104 width=125)
	  Index Cond: ((id >= 8184561) AND (id <= 8184661))

table 3 : explain SELECT id, c FROM sbtest3 WHERE id BETWEEN 8184561 AND 8184661
	Index Scan using sbtest3_pkey on sbtest3  (cost=0.43..373.32 rows=94 width=125)
	  Index Cond: ((id >= 8184561) AND (id <= 8184661))

table 4 : explain SELECT id, c FROM sbtest4 WHERE id BETWEEN 8184561 AND 8184661
	Index Scan using sbtest4_pkey on sbtest4  (cost=0.43..388.87 rows=98 width=125)
	  Index Cond: ((id >= 8184561) AND (id <= 8184661))

table 5 : explain SELECT id, c FROM sbtest5 WHERE id BETWEEN 8184561 AND 8184661
	Index Scan using sbtest5_pkey on sbtest5  (cost=0.43..412.39 rows=104 width=125)
	  Index Cond: ((id >= 8184561) AND (id <= 8184661))

table 6 : explain SELECT id, c FROM sbtest6 WHERE id BETWEEN 8184561 AND 8184661
	Index Scan using sbtest6_pkey on sbtest6  (cost=0.43..384.85 rows=97 width=125)
	  Index Cond: ((id >= 8184561) AND (id <= 8184661))

table 7 : explain SELECT id, c FROM sbtest7 WHERE id BETWEEN 8184561 AND 8184661
	Index Scan using sbtest7_pkey on sbtest7  (cost=0.43..435.01 rows=110 width=125)
	  Index Cond: ((id >= 8184561) AND (id <= 8184661))

table 8 : explain SELECT id, c FROM sbtest8 WHERE id BETWEEN 8184561 AND 8184661
	Index Scan using sbtest8_pkey on sbtest8  (cost=0.43..417.69 rows=106 width=125)
	  Index Cond: ((id >= 8184561) AND (id <= 8184661))

explain: for range-notcovered :: explain SELECT id, c FROM sbtest%d WHERE id BETWEEN 8184561 AND 8184661
for range-notcovered
table 1 : explain SELECT id, c FROM sbtest1 WHERE id BETWEEN 5957983 AND 5958083
	Index Scan using sbtest1_pkey on sbtest1  (cost=0.43..411.51 rows=104 width=125)
	  Index Cond: ((id >= 5957983) AND (id <= 5958083))

table 2 : explain SELECT id, c FROM sbtest2 WHERE id BETWEEN 5957983 AND 5958083
	Index Scan using sbtest2_pkey on sbtest2  (cost=0.43..430.57 rows=108 width=125)
	  Index Cond: ((id >= 5957983) AND (id <= 5958083))

table 3 : explain SELECT id, c FROM sbtest3 WHERE id BETWEEN 5957983 AND 5958083
	Index Scan using sbtest3_pkey on sbtest3  (cost=0.43..447.85 rows=113 width=125)
	  Index Cond: ((id >= 5957983) AND (id <= 5958083))

table 4 : explain SELECT id, c FROM sbtest4 WHERE id BETWEEN 5957983 AND 5958083
	Index Scan using sbtest4_pkey on sbtest4  (cost=0.43..447.69 rows=113 width=125)
	  Index Cond: ((id >= 5957983) AND (id <= 5958083))

table 5 : explain SELECT id, c FROM sbtest5 WHERE id BETWEEN 5957983 AND 5958083
	Index Scan using sbtest5_pkey on sbtest5  (cost=0.43..428.08 rows=108 width=125)
	  Index Cond: ((id >= 5957983) AND (id <= 5958083))

table 6 : explain SELECT id, c FROM sbtest6 WHERE id BETWEEN 5957983 AND 5958083
	Index Scan using sbtest6_pkey on sbtest6  (cost=0.43..400.53 rows=101 width=125)
	  Index Cond: ((id >= 5957983) AND (id <= 5958083))

table 7 : explain SELECT id, c FROM sbtest7 WHERE id BETWEEN 5957983 AND 5958083
	Index Scan using sbtest7_pkey on sbtest7  (cost=0.43..395.89 rows=100 width=125)
	  Index Cond: ((id >= 5957983) AND (id <= 5958083))

table 8 : explain SELECT id, c FROM sbtest8 WHERE id BETWEEN 5957983 AND 5958083
	Index Scan using sbtest8_pkey on sbtest8  (cost=0.43..382.62 rows=97 width=125)
	  Index Cond: ((id >= 5957983) AND (id <= 5958083))

for range-notcovered
table 1 : explain SELECT id, c FROM sbtest1 WHERE id BETWEEN 756976 AND 757076
	Index Scan using sbtest1_pkey on sbtest1  (cost=0.43..388.03 rows=98 width=125)
	  Index Cond: ((id >= 756976) AND (id <= 757076))

table 2 : explain SELECT id, c FROM sbtest2 WHERE id BETWEEN 756976 AND 757076
	Index Scan using sbtest2_pkey on sbtest2  (cost=0.43..399.02 rows=100 width=125)
	  Index Cond: ((id >= 756976) AND (id <= 757076))

table 3 : explain SELECT id, c FROM sbtest3 WHERE id BETWEEN 756976 AND 757076
	Index Scan using sbtest3_pkey on sbtest3  (cost=0.43..357.61 rows=90 width=125)
	  Index Cond: ((id >= 756976) AND (id <= 757076))

table 4 : explain SELECT id, c FROM sbtest4 WHERE id BETWEEN 756976 AND 757076
	Index Scan using sbtest4_pkey on sbtest4  (cost=0.43..408.48 rows=103 width=125)
	  Index Cond: ((id >= 756976) AND (id <= 757076))

table 5 : explain SELECT id, c FROM sbtest5 WHERE id BETWEEN 756976 AND 757076
	Index Scan using sbtest5_pkey on sbtest5  (cost=0.43..396.71 rows=100 width=125)
	  Index Cond: ((id >= 756976) AND (id <= 757076))

table 6 : explain SELECT id, c FROM sbtest6 WHERE id BETWEEN 756976 AND 757076
	Index Scan using sbtest6_pkey on sbtest6  (cost=0.43..431.89 rows=109 width=125)
	  Index Cond: ((id >= 756976) AND (id <= 757076))

table 7 : explain SELECT id, c FROM sbtest7 WHERE id BETWEEN 756976 AND 757076
	Index Scan using sbtest7_pkey on sbtest7  (cost=0.43..431.10 rows=109 width=125)
	  Index Cond: ((id >= 756976) AND (id <= 757076))

table 8 : explain SELECT id, c FROM sbtest8 WHERE id BETWEEN 756976 AND 757076
	Index Scan using sbtest8_pkey on sbtest8  (cost=0.43..363.13 rows=92 width=125)
	  Index Cond: ((id >= 756976) AND (id <= 757076))

for range-notcovered
table 1 : explain SELECT id, c FROM sbtest1 WHERE id BETWEEN 3906900 AND 3907000
	Index Scan using sbtest1_pkey on sbtest1  (cost=0.43..438.89 rows=111 width=125)
	  Index Cond: ((id >= 3906900) AND (id <= 3907000))

table 2 : explain SELECT id, c FROM sbtest2 WHERE id BETWEEN 3906900 AND 3907000
	Index Scan using sbtest2_pkey on sbtest2  (cost=0.43..391.13 rows=98 width=125)
	  Index Cond: ((id >= 3906900) AND (id <= 3907000))

table 3 : explain SELECT id, c FROM sbtest3 WHERE id BETWEEN 3906900 AND 3907000
	Index Scan using sbtest3_pkey on sbtest3  (cost=0.43..365.48 rows=92 width=125)
	  Index Cond: ((id >= 3906900) AND (id <= 3907000))

table 4 : explain SELECT id, c FROM sbtest4 WHERE id BETWEEN 3906900 AND 3907000
	Index Scan using sbtest4_pkey on sbtest4  (cost=0.43..420.24 rows=106 width=125)
	  Index Cond: ((id >= 3906900) AND (id <= 3907000))

table 5 : explain SELECT id, c FROM sbtest5 WHERE id BETWEEN 3906900 AND 3907000
	Index Scan using sbtest5_pkey on sbtest5  (cost=0.43..369.24 rows=93 width=125)
	  Index Cond: ((id >= 3906900) AND (id <= 3907000))

table 6 : explain SELECT id, c FROM sbtest6 WHERE id BETWEEN 3906900 AND 3907000
	Index Scan using sbtest6_pkey on sbtest6  (cost=0.43..435.81 rows=110 width=125)
	  Index Cond: ((id >= 3906900) AND (id <= 3907000))

table 7 : explain SELECT id, c FROM sbtest7 WHERE id BETWEEN 3906900 AND 3907000
	Index Scan using sbtest7_pkey on sbtest7  (cost=0.43..376.32 rows=95 width=125)
	  Index Cond: ((id >= 3906900) AND (id <= 3907000))

table 8 : explain SELECT id, c FROM sbtest8 WHERE id BETWEEN 3906900 AND 3907000
	Index Scan using sbtest8_pkey on sbtest8  (cost=0.43..425.48 rows=108 width=125)
	  Index Cond: ((id >= 3906900) AND (id <= 3907000))

for range-notcovered
table 1 : explain SELECT id, c FROM sbtest1 WHERE id BETWEEN 3107422 AND 3107522
	Index Scan using sbtest1_pkey on sbtest1  (cost=0.43..438.89 rows=111 width=125)
	  Index Cond: ((id >= 3107422) AND (id <= 3107522))

table 2 : explain SELECT id, c FROM sbtest2 WHERE id BETWEEN 3107422 AND 3107522
	Index Scan using sbtest2_pkey on sbtest2  (cost=0.43..406.90 rows=102 width=125)
	  Index Cond: ((id >= 3107422) AND (id <= 3107522))

table 3 : explain SELECT id, c FROM sbtest3 WHERE id BETWEEN 3107422 AND 3107522
	Index Scan using sbtest3_pkey on sbtest3  (cost=0.43..377.24 rows=95 width=125)
	  Index Cond: ((id >= 3107422) AND (id <= 3107522))

table 4 : explain SELECT id, c FROM sbtest4 WHERE id BETWEEN 3107422 AND 3107522
	Index Scan using sbtest4_pkey on sbtest4  (cost=0.43..396.72 rows=100 width=125)
	  Index Cond: ((id >= 3107422) AND (id <= 3107522))

table 5 : explain SELECT id, c FROM sbtest5 WHERE id BETWEEN 3107422 AND 3107522
	Index Scan using sbtest5_pkey on sbtest5  (cost=0.43..392.79 rows=99 width=125)
	  Index Cond: ((id >= 3107422) AND (id <= 3107522))

table 6 : explain SELECT id, c FROM sbtest6 WHERE id BETWEEN 3107422 AND 3107522
	Index Scan using sbtest6_pkey on sbtest6  (cost=0.43..392.69 rows=99 width=125)
	  Index Cond: ((id >= 3107422) AND (id <= 3107522))

table 7 : explain SELECT id, c FROM sbtest7 WHERE id BETWEEN 3107422 AND 3107522
	Index Scan using sbtest7_pkey on sbtest7  (cost=0.43..399.80 rows=101 width=125)
	  Index Cond: ((id >= 3107422) AND (id <= 3107522))

table 8 : explain SELECT id, c FROM sbtest8 WHERE id BETWEEN 3107422 AND 3107522
	Index Scan using sbtest8_pkey on sbtest8  (cost=0.43..386.51 rows=98 width=125)
	  Index Cond: ((id >= 3107422) AND (id <= 3107522))

explain: for range-notcovered :: explain SELECT id, c FROM sbtest%d WHERE id BETWEEN 5957983 AND 5958083
for range-notcovered
table 1 : explain SELECT id, c FROM sbtest1 WHERE id BETWEEN 7578819 AND 7578919
	Index Scan using sbtest1_pkey on sbtest1  (cost=0.43..415.42 rows=105 width=125)
	  Index Cond: ((id >= 7578819) AND (id <= 7578919))

table 2 : explain SELECT id, c FROM sbtest2 WHERE id BETWEEN 7578819 AND 7578919
	Index Scan using sbtest2_pkey on sbtest2  (cost=0.43..458.18 rows=115 width=125)
	  Index Cond: ((id >= 7578819) AND (id <= 7578919))

table 3 : explain SELECT id, c FROM sbtest3 WHERE id BETWEEN 7578819 AND 7578919
	Index Scan using sbtest3_pkey on sbtest3  (cost=0.43..400.78 rows=101 width=125)
	  Index Cond: ((id >= 7578819) AND (id <= 7578919))

table 4 : explain SELECT id, c FROM sbtest4 WHERE id BETWEEN 7578819 AND 7578919
	Index Scan using sbtest4_pkey on sbtest4  (cost=0.43..392.80 rows=99 width=125)
	  Index Cond: ((id >= 7578819) AND (id <= 7578919))

table 5 : explain SELECT id, c FROM sbtest5 WHERE id BETWEEN 7578819 AND 7578919
	Index Scan using sbtest5_pkey on sbtest5  (cost=0.43..369.24 rows=93 width=125)
	  Index Cond: ((id >= 7578819) AND (id <= 7578919))

table 6 : explain SELECT id, c FROM sbtest6 WHERE id BETWEEN 7578819 AND 7578919
	Index Scan using sbtest6_pkey on sbtest6  (cost=0.43..408.37 rows=103 width=125)
	  Index Cond: ((id >= 7578819) AND (id <= 7578919))

table 7 : explain SELECT id, c FROM sbtest7 WHERE id BETWEEN 7578819 AND 7578919
	Index Scan using sbtest7_pkey on sbtest7  (cost=0.43..388.06 rows=98 width=125)
	  Index Cond: ((id >= 7578819) AND (id <= 7578919))

table 8 : explain SELECT id, c FROM sbtest8 WHERE id BETWEEN 7578819 AND 7578919
	Index Scan using sbtest8_pkey on sbtest8  (cost=0.43..425.48 rows=108 width=125)
	  Index Cond: ((id >= 7578819) AND (id <= 7578919))

explain: for range-notcovered :: explain SELECT id, c FROM sbtest%d WHERE id BETWEEN 756976 AND 757076
explain: for range-notcovered :: explain SELECT id, c FROM sbtest%d WHERE id BETWEEN 3107422 AND 3107522
explain: for range-notcovered :: explain SELECT id, c FROM sbtest%d WHERE id BETWEEN 7578819 AND 7578919
for range-notcovered
table 1 : explain SELECT id, c FROM sbtest1 WHERE id BETWEEN 4168243 AND 4168343
	Index Scan using sbtest1_pkey on sbtest1  (cost=0.43..407.59 rows=103 width=125)
	  Index Cond: ((id >= 4168243) AND (id <= 4168343))

table 2 : explain SELECT id, c FROM sbtest2 WHERE id BETWEEN 4168243 AND 4168343
	Index Scan using sbtest2_pkey on sbtest2  (cost=0.43..418.74 rows=105 width=125)
	  Index Cond: ((id >= 4168243) AND (id <= 4168343))

table 3 : explain SELECT id, c FROM sbtest3 WHERE id BETWEEN 4168243 AND 4168343
	Index Scan using sbtest3_pkey on sbtest3  (cost=0.43..420.39 rows=106 width=125)
	  Index Cond: ((id >= 4168243) AND (id <= 4168343))

table 4 : explain SELECT id, c FROM sbtest4 WHERE id BETWEEN 4168243 AND 4168343
	Index Scan using sbtest4_pkey on sbtest4  (cost=0.43..365.35 rows=92 width=125)
	  Index Cond: ((id >= 4168243) AND (id <= 4168343))

table 5 : explain SELECT id, c FROM sbtest5 WHERE id BETWEEN 4168243 AND 4168343
	Index Scan using sbtest5_pkey on sbtest5  (cost=0.43..392.79 rows=99 width=125)
	  Index Cond: ((id >= 4168243) AND (id <= 4168343))

table 6 : explain SELECT id, c FROM sbtest6 WHERE id BETWEEN 4168243 AND 4168343
	Index Scan using sbtest6_pkey on sbtest6  (cost=0.43..388.77 rows=98 width=125)
	  Index Cond: ((id >= 4168243) AND (id <= 4168343))

table 7 : explain SELECT id, c FROM sbtest7 WHERE id BETWEEN 4168243 AND 4168343
	Index Scan using sbtest7_pkey on sbtest7  (cost=0.43..442.84 rows=112 width=125)
	  Index Cond: ((id >= 4168243) AND (id <= 4168343))

table 8 : explain SELECT id, c FROM sbtest8 WHERE id BETWEEN 4168243 AND 4168343
	Index Scan using sbtest8_pkey on sbtest8  (cost=0.43..429.38 rows=109 width=125)
	  Index Cond: ((id >= 4168243) AND (id <= 4168343))

for range-notcovered
table 1 : explain SELECT id, c FROM sbtest1 WHERE id BETWEEN 7578819 AND 7578919
	Index Scan using sbtest1_pkey on sbtest1  (cost=0.43..415.42 rows=105 width=125)
	  Index Cond: ((id >= 7578819) AND (id <= 7578919))

table 2 : explain SELECT id, c FROM sbtest2 WHERE id BETWEEN 7578819 AND 7578919
	Index Scan using sbtest2_pkey on sbtest2  (cost=0.43..458.18 rows=115 width=125)
	  Index Cond: ((id >= 7578819) AND (id <= 7578919))

table 3 : explain SELECT id, c FROM sbtest3 WHERE id BETWEEN 7578819 AND 7578919
	Index Scan using sbtest3_pkey on sbtest3  (cost=0.43..400.78 rows=101 width=125)
	  Index Cond: ((id >= 7578819) AND (id <= 7578919))

table 4 : explain SELECT id, c FROM sbtest4 WHERE id BETWEEN 7578819 AND 7578919
	Index Scan using sbtest4_pkey on sbtest4  (cost=0.43..392.80 rows=99 width=125)
	  Index Cond: ((id >= 7578819) AND (id <= 7578919))

table 5 : explain SELECT id, c FROM sbtest5 WHERE id BETWEEN 7578819 AND 7578919
	Index Scan using sbtest5_pkey on sbtest5  (cost=0.43..369.24 rows=93 width=125)
	  Index Cond: ((id >= 7578819) AND (id <= 7578919))

table 6 : explain SELECT id, c FROM sbtest6 WHERE id BETWEEN 7578819 AND 7578919
	Index Scan using sbtest6_pkey on sbtest6  (cost=0.43..408.37 rows=103 width=125)
	  Index Cond: ((id >= 7578819) AND (id <= 7578919))

table 7 : explain SELECT id, c FROM sbtest7 WHERE id BETWEEN 7578819 AND 7578919
	Index Scan using sbtest7_pkey on sbtest7  (cost=0.43..388.06 rows=98 width=125)
	  Index Cond: ((id >= 7578819) AND (id <= 7578919))

table 8 : explain SELECT id, c FROM sbtest8 WHERE id BETWEEN 7578819 AND 7578919
	Index Scan using sbtest8_pkey on sbtest8  (cost=0.43..425.48 rows=108 width=125)
	  Index Cond: ((id >= 7578819) AND (id <= 7578919))

for range-notcovered
table 1 : explain SELECT id, c FROM sbtest1 WHERE id BETWEEN 5957983 AND 5958083
	Index Scan using sbtest1_pkey on sbtest1  (cost=0.43..411.51 rows=104 width=125)
	  Index Cond: ((id >= 5957983) AND (id <= 5958083))

table 2 : explain SELECT id, c FROM sbtest2 WHERE id BETWEEN 5957983 AND 5958083
	Index Scan using sbtest2_pkey on sbtest2  (cost=0.43..430.57 rows=108 width=125)
	  Index Cond: ((id >= 5957983) AND (id <= 5958083))

table 3 : explain SELECT id, c FROM sbtest3 WHERE id BETWEEN 5957983 AND 5958083
	Index Scan using sbtest3_pkey on sbtest3  (cost=0.43..447.85 rows=113 width=125)
	  Index Cond: ((id >= 5957983) AND (id <= 5958083))

table 4 : explain SELECT id, c FROM sbtest4 WHERE id BETWEEN 5957983 AND 5958083
	Index Scan using sbtest4_pkey on sbtest4  (cost=0.43..447.69 rows=113 width=125)
	  Index Cond: ((id >= 5957983) AND (id <= 5958083))

table 5 : explain SELECT id, c FROM sbtest5 WHERE id BETWEEN 5957983 AND 5958083
	Index Scan using sbtest5_pkey on sbtest5  (cost=0.43..428.08 rows=108 width=125)
	  Index Cond: ((id >= 5957983) AND (id <= 5958083))

table 6 : explain SELECT id, c FROM sbtest6 WHERE id BETWEEN 5957983 AND 5958083
	Index Scan using sbtest6_pkey on sbtest6  (cost=0.43..400.53 rows=101 width=125)
	  Index Cond: ((id >= 5957983) AND (id <= 5958083))

table 7 : explain SELECT id, c FROM sbtest7 WHERE id BETWEEN 5957983 AND 5958083
	Index Scan using sbtest7_pkey on sbtest7  (cost=0.43..395.89 rows=100 width=125)
	  Index Cond: ((id >= 5957983) AND (id <= 5958083))

table 8 : explain SELECT id, c FROM sbtest8 WHERE id BETWEEN 5957983 AND 5958083
	Index Scan using sbtest8_pkey on sbtest8  (cost=0.43..382.62 rows=97 width=125)
	  Index Cond: ((id >= 5957983) AND (id <= 5958083))

explain: for range-notcovered :: explain SELECT id, c FROM sbtest%d WHERE id BETWEEN 7578819 AND 7578919
explain: for range-notcovered :: explain SELECT id, c FROM sbtest%d WHERE id BETWEEN 5957983 AND 5958083
for range-notcovered
table 1 : explain SELECT id, c FROM sbtest1 WHERE id BETWEEN 3107422 AND 3107522
	Index Scan using sbtest1_pkey on sbtest1  (cost=0.43..438.89 rows=111 width=125)
	  Index Cond: ((id >= 3107422) AND (id <= 3107522))

table 2 : explain SELECT id, c FROM sbtest2 WHERE id BETWEEN 3107422 AND 3107522
	Index Scan using sbtest2_pkey on sbtest2  (cost=0.43..406.90 rows=102 width=125)
	  Index Cond: ((id >= 3107422) AND (id <= 3107522))

table 3 : explain SELECT id, c FROM sbtest3 WHERE id BETWEEN 3107422 AND 3107522
	Index Scan using sbtest3_pkey on sbtest3  (cost=0.43..377.24 rows=95 width=125)
	  Index Cond: ((id >= 3107422) AND (id <= 3107522))

table 4 : explain SELECT id, c FROM sbtest4 WHERE id BETWEEN 3107422 AND 3107522
	Index Scan using sbtest4_pkey on sbtest4  (cost=0.43..396.72 rows=100 width=125)
	  Index Cond: ((id >= 3107422) AND (id <= 3107522))

table 5 : explain SELECT id, c FROM sbtest5 WHERE id BETWEEN 3107422 AND 3107522
	Index Scan using sbtest5_pkey on sbtest5  (cost=0.43..392.79 rows=99 width=125)
	  Index Cond: ((id >= 3107422) AND (id <= 3107522))

table 6 : explain SELECT id, c FROM sbtest6 WHERE id BETWEEN 3107422 AND 3107522
	Index Scan using sbtest6_pkey on sbtest6  (cost=0.43..392.69 rows=99 width=125)
	  Index Cond: ((id >= 3107422) AND (id <= 3107522))

table 7 : explain SELECT id, c FROM sbtest7 WHERE id BETWEEN 3107422 AND 3107522
	Index Scan using sbtest7_pkey on sbtest7  (cost=0.43..399.80 rows=101 width=125)
	  Index Cond: ((id >= 3107422) AND (id <= 3107522))

table 8 : explain SELECT id, c FROM sbtest8 WHERE id BETWEEN 3107422 AND 3107522
	Index Scan using sbtest8_pkey on sbtest8  (cost=0.43..386.51 rows=98 width=125)
	  Index Cond: ((id >= 3107422) AND (id <= 3107522))

for range-notcovered
table 1 : explain SELECT id, c FROM sbtest1 WHERE id BETWEEN 2889376 AND 2889476
	Index Scan using sbtest1_pkey on sbtest1  (cost=0.43..395.86 rows=100 width=125)
	  Index Cond: ((id >= 2889376) AND (id <= 2889476))

table 2 : explain SELECT id, c FROM sbtest2 WHERE id BETWEEN 2889376 AND 2889476
	Index Scan using sbtest2_pkey on sbtest2  (cost=0.43..470.02 rows=118 width=125)
	  Index Cond: ((id >= 2889376) AND (id <= 2889476))

table 3 : explain SELECT id, c FROM sbtest3 WHERE id BETWEEN 2889376 AND 2889476
	Index Scan using sbtest3_pkey on sbtest3  (cost=0.43..389.01 rows=98 width=125)
	  Index Cond: ((id >= 2889376) AND (id <= 2889476))

table 4 : explain SELECT id, c FROM sbtest4 WHERE id BETWEEN 2889376 AND 2889476
	Index Scan using sbtest4_pkey on sbtest4  (cost=0.43..365.35 rows=92 width=125)
	  Index Cond: ((id >= 2889376) AND (id <= 2889476))

table 5 : explain SELECT id, c FROM sbtest5 WHERE id BETWEEN 2889376 AND 2889476
	Index Scan using sbtest5_pkey on sbtest5  (cost=0.43..416.31 rows=105 width=125)
	  Index Cond: ((id >= 2889376) AND (id <= 2889476))

table 6 : explain SELECT id, c FROM sbtest6 WHERE id BETWEEN 2889376 AND 2889476
	Index Scan using sbtest6_pkey on sbtest6  (cost=0.43..404.45 rows=102 width=125)
	  Index Cond: ((id >= 2889376) AND (id <= 2889476))

table 7 : explain SELECT id, c FROM sbtest7 WHERE id BETWEEN 2889376 AND 2889476
	Index Scan using sbtest7_pkey on sbtest7  (cost=0.43..388.06 rows=98 width=125)
	  Index Cond: ((id >= 2889376) AND (id <= 2889476))

table 8 : explain SELECT id, c FROM sbtest8 WHERE id BETWEEN 2889376 AND 2889476
	Index Scan using sbtest8_pkey on sbtest8  (cost=0.43..425.48 rows=108 width=125)
	  Index Cond: ((id >= 2889376) AND (id <= 2889476))

for range-notcovered
table 1 : explain SELECT id, c FROM sbtest1 WHERE id BETWEEN 3766484 AND 3766584
	Index Scan using sbtest1_pkey on sbtest1  (cost=0.43..360.62 rows=91 width=125)
	  Index Cond: ((id >= 3766484) AND (id <= 3766584))

table 2 : explain SELECT id, c FROM sbtest2 WHERE id BETWEEN 3766484 AND 3766584
	Index Scan using sbtest2_pkey on sbtest2  (cost=0.43..371.39 rows=93 width=125)
	  Index Cond: ((id >= 3766484) AND (id <= 3766584))

table 3 : explain SELECT id, c FROM sbtest3 WHERE id BETWEEN 3766484 AND 3766584
	Index Scan using sbtest3_pkey on sbtest3  (cost=0.43..451.77 rows=114 width=125)
	  Index Cond: ((id >= 3766484) AND (id <= 3766584))

table 4 : explain SELECT id, c FROM sbtest4 WHERE id BETWEEN 3766484 AND 3766584
	Index Scan using sbtest4_pkey on sbtest4  (cost=0.43..412.40 rows=104 width=125)
	  Index Cond: ((id >= 3766484) AND (id <= 3766584))

table 5 : explain SELECT id, c FROM sbtest5 WHERE id BETWEEN 3766484 AND 3766584
	Index Scan using sbtest5_pkey on sbtest5  (cost=0.43..396.71 rows=100 width=125)
	  Index Cond: ((id >= 3766484) AND (id <= 3766584))

table 6 : explain SELECT id, c FROM sbtest6 WHERE id BETWEEN 3766484 AND 3766584
	Index Scan using sbtest6_pkey on sbtest6  (cost=0.43..424.05 rows=107 width=125)
	  Index Cond: ((id >= 3766484) AND (id <= 3766584))

table 7 : explain SELECT id, c FROM sbtest7 WHERE id BETWEEN 3766484 AND 3766584
	Index Scan using sbtest7_pkey on sbtest7  (cost=0.43..407.62 rows=103 width=125)
	  Index Cond: ((id >= 3766484) AND (id <= 3766584))

table 8 : explain SELECT id, c FROM sbtest8 WHERE id BETWEEN 3766484 AND 3766584
	Index Scan using sbtest8_pkey on sbtest8  (cost=0.43..452.76 rows=115 width=125)
	  Index Cond: ((id >= 3766484) AND (id <= 3766584))

for range-notcovered
table 1 : explain SELECT id, c FROM sbtest1 WHERE id BETWEEN 5957983 AND 5958083
	Index Scan using sbtest1_pkey on sbtest1  (cost=0.43..411.51 rows=104 width=125)
	  Index Cond: ((id >= 5957983) AND (id <= 5958083))

table 2 : explain SELECT id, c FROM sbtest2 WHERE id BETWEEN 5957983 AND 5958083
	Index Scan using sbtest2_pkey on sbtest2  (cost=0.43..430.57 rows=108 width=125)
	  Index Cond: ((id >= 5957983) AND (id <= 5958083))

table 3 : explain SELECT id, c FROM sbtest3 WHERE id BETWEEN 5957983 AND 5958083
	Index Scan using sbtest3_pkey on sbtest3  (cost=0.43..447.85 rows=113 width=125)
	  Index Cond: ((id >= 5957983) AND (id <= 5958083))

table 4 : explain SELECT id, c FROM sbtest4 WHERE id BETWEEN 5957983 AND 5958083
	Index Scan using sbtest4_pkey on sbtest4  (cost=0.43..447.69 rows=113 width=125)
	  Index Cond: ((id >= 5957983) AND (id <= 5958083))

table 5 : explain SELECT id, c FROM sbtest5 WHERE id BETWEEN 5957983 AND 5958083
	Index Scan using sbtest5_pkey on sbtest5  (cost=0.43..428.08 rows=108 width=125)
	  Index Cond: ((id >= 5957983) AND (id <= 5958083))

table 6 : explain SELECT id, c FROM sbtest6 WHERE id BETWEEN 5957983 AND 5958083
	Index Scan using sbtest6_pkey on sbtest6  (cost=0.43..400.53 rows=101 width=125)
	  Index Cond: ((id >= 5957983) AND (id <= 5958083))

table 7 : explain SELECT id, c FROM sbtest7 WHERE id BETWEEN 5957983 AND 5958083
	Index Scan using sbtest7_pkey on sbtest7  (cost=0.43..395.89 rows=100 width=125)
	  Index Cond: ((id >= 5957983) AND (id <= 5958083))

table 8 : explain SELECT id, c FROM sbtest8 WHERE id BETWEEN 5957983 AND 5958083
	Index Scan using sbtest8_pkey on sbtest8  (cost=0.43..382.62 rows=97 width=125)
	  Index Cond: ((id >= 5957983) AND (id <= 5958083))

for range-notcovered
table 1 : explain SELECT id, c FROM sbtest1 WHERE id BETWEEN 7578819 AND 7578919
	Index Scan using sbtest1_pkey on sbtest1  (cost=0.43..415.42 rows=105 width=125)
	  Index Cond: ((id >= 7578819) AND (id <= 7578919))

table 2 : explain SELECT id, c FROM sbtest2 WHERE id BETWEEN 7578819 AND 7578919
	Index Scan using sbtest2_pkey on sbtest2  (cost=0.43..458.18 rows=115 width=125)
	  Index Cond: ((id >= 7578819) AND (id <= 7578919))

table 3 : explain SELECT id, c FROM sbtest3 WHERE id BETWEEN 7578819 AND 7578919
	Index Scan using sbtest3_pkey on sbtest3  (cost=0.43..400.78 rows=101 width=125)
	  Index Cond: ((id >= 7578819) AND (id <= 7578919))

table 4 : explain SELECT id, c FROM sbtest4 WHERE id BETWEEN 7578819 AND 7578919
	Index Scan using sbtest4_pkey on sbtest4  (cost=0.43..392.80 rows=99 width=125)
	  Index Cond: ((id >= 7578819) AND (id <= 7578919))

table 5 : explain SELECT id, c FROM sbtest5 WHERE id BETWEEN 7578819 AND 7578919
	Index Scan using sbtest5_pkey on sbtest5  (cost=0.43..369.24 rows=93 width=125)
	  Index Cond: ((id >= 7578819) AND (id <= 7578919))

table 6 : explain SELECT id, c FROM sbtest6 WHERE id BETWEEN 7578819 AND 7578919
	Index Scan using sbtest6_pkey on sbtest6  (cost=0.43..408.37 rows=103 width=125)
	  Index Cond: ((id >= 7578819) AND (id <= 7578919))

table 7 : explain SELECT id, c FROM sbtest7 WHERE id BETWEEN 7578819 AND 7578919
	Index Scan using sbtest7_pkey on sbtest7  (cost=0.43..388.06 rows=98 width=125)
	  Index Cond: ((id >= 7578819) AND (id <= 7578919))

table 8 : explain SELECT id, c FROM sbtest8 WHERE id BETWEEN 7578819 AND 7578919
	Index Scan using sbtest8_pkey on sbtest8  (cost=0.43..425.48 rows=108 width=125)
	  Index Cond: ((id >= 7578819) AND (id <= 7578919))

explain: for range-notcovered :: explain SELECT id, c FROM sbtest%d WHERE id BETWEEN 5957983 AND 5958083
explain: for range-notcovered :: explain SELECT id, c FROM sbtest%d WHERE id BETWEEN 7578819 AND 7578919
for range-notcovered
table 1 : explain SELECT id, c FROM sbtest1 WHERE id BETWEEN 756976 AND 757076
	Index Scan using sbtest1_pkey on sbtest1  (cost=0.43..388.03 rows=98 width=125)
	  Index Cond: ((id >= 756976) AND (id <= 757076))

table 2 : explain SELECT id, c FROM sbtest2 WHERE id BETWEEN 756976 AND 757076
	Index Scan using sbtest2_pkey on sbtest2  (cost=0.43..399.02 rows=100 width=125)
	  Index Cond: ((id >= 756976) AND (id <= 757076))

table 3 : explain SELECT id, c FROM sbtest3 WHERE id BETWEEN 756976 AND 757076
	Index Scan using sbtest3_pkey on sbtest3  (cost=0.43..357.61 rows=90 width=125)
	  Index Cond: ((id >= 756976) AND (id <= 757076))

table 4 : explain SELECT id, c FROM sbtest4 WHERE id BETWEEN 756976 AND 757076
	Index Scan using sbtest4_pkey on sbtest4  (cost=0.43..408.48 rows=103 width=125)
	  Index Cond: ((id >= 756976) AND (id <= 757076))

table 5 : explain SELECT id, c FROM sbtest5 WHERE id BETWEEN 756976 AND 757076
	Index Scan using sbtest5_pkey on sbtest5  (cost=0.43..396.71 rows=100 width=125)
	  Index Cond: ((id >= 756976) AND (id <= 757076))

table 6 : explain SELECT id, c FROM sbtest6 WHERE id BETWEEN 756976 AND 757076
	Index Scan using sbtest6_pkey on sbtest6  (cost=0.43..431.89 rows=109 width=125)
	  Index Cond: ((id >= 756976) AND (id <= 757076))

table 7 : explain SELECT id, c FROM sbtest7 WHERE id BETWEEN 756976 AND 757076
	Index Scan using sbtest7_pkey on sbtest7  (cost=0.43..431.10 rows=109 width=125)
	  Index Cond: ((id >= 756976) AND (id <= 757076))

table 8 : explain SELECT id, c FROM sbtest8 WHERE id BETWEEN 756976 AND 757076
	Index Scan using sbtest8_pkey on sbtest8  (cost=0.43..363.13 rows=92 width=125)
	  Index Cond: ((id >= 756976) AND (id <= 757076))

explain: for range-notcovered :: explain SELECT id, c FROM sbtest%d WHERE id BETWEEN 756976 AND 757076
for range-notcovered
table 1 : explain SELECT id, c FROM sbtest1 WHERE id BETWEEN 8184561 AND 8184661
	Index Scan using sbtest1_pkey on sbtest1  (cost=0.43..356.71 rows=90 width=125)
	  Index Cond: ((id >= 8184561) AND (id <= 8184661))

table 2 : explain SELECT id, c FROM sbtest2 WHERE id BETWEEN 8184561 AND 8184661
	Index Scan using sbtest2_pkey on sbtest2  (cost=0.43..414.79 rows=104 width=125)
	  Index Cond: ((id >= 8184561) AND (id <= 8184661))

table 3 : explain SELECT id, c FROM sbtest3 WHERE id BETWEEN 8184561 AND 8184661
	Index Scan using sbtest3_pkey on sbtest3  (cost=0.43..373.32 rows=94 width=125)
	  Index Cond: ((id >= 8184561) AND (id <= 8184661))

table 4 : explain SELECT id, c FROM sbtest4 WHERE id BETWEEN 8184561 AND 8184661
	Index Scan using sbtest4_pkey on sbtest4  (cost=0.43..388.87 rows=98 width=125)
	  Index Cond: ((id >= 8184561) AND (id <= 8184661))

table 5 : explain SELECT id, c FROM sbtest5 WHERE id BETWEEN 8184561 AND 8184661
	Index Scan using sbtest5_pkey on sbtest5  (cost=0.43..412.39 rows=104 width=125)
	  Index Cond: ((id >= 8184561) AND (id <= 8184661))

table 6 : explain SELECT id, c FROM sbtest6 WHERE id BETWEEN 8184561 AND 8184661
	Index Scan using sbtest6_pkey on sbtest6  (cost=0.43..384.85 rows=97 width=125)
	  Index Cond: ((id >= 8184561) AND (id <= 8184661))

table 7 : explain SELECT id, c FROM sbtest7 WHERE id BETWEEN 8184561 AND 8184661
	Index Scan using sbtest7_pkey on sbtest7  (cost=0.43..435.01 rows=110 width=125)
	  Index Cond: ((id >= 8184561) AND (id <= 8184661))

table 8 : explain SELECT id, c FROM sbtest8 WHERE id BETWEEN 8184561 AND 8184661
	Index Scan using sbtest8_pkey on sbtest8  (cost=0.43..417.69 rows=106 width=125)
	  Index Cond: ((id >= 8184561) AND (id <= 8184661))

explain: for range-notcovered :: explain SELECT id, c FROM sbtest%d WHERE id BETWEEN 8184561 AND 8184661
for range-notcovered
table 1 : explain SELECT id, c FROM sbtest1 WHERE id BETWEEN 5957983 AND 5958083
	Index Scan using sbtest1_pkey on sbtest1  (cost=0.43..411.51 rows=104 width=125)
	  Index Cond: ((id >= 5957983) AND (id <= 5958083))

table 2 : explain SELECT id, c FROM sbtest2 WHERE id BETWEEN 5957983 AND 5958083
	Index Scan using sbtest2_pkey on sbtest2  (cost=0.43..430.57 rows=108 width=125)
	  Index Cond: ((id >= 5957983) AND (id <= 5958083))

table 3 : explain SELECT id, c FROM sbtest3 WHERE id BETWEEN 5957983 AND 5958083
	Index Scan using sbtest3_pkey on sbtest3  (cost=0.43..447.85 rows=113 width=125)
	  Index Cond: ((id >= 5957983) AND (id <= 5958083))

table 4 : explain SELECT id, c FROM sbtest4 WHERE id BETWEEN 5957983 AND 5958083
	Index Scan using sbtest4_pkey on sbtest4  (cost=0.43..447.69 rows=113 width=125)
	  Index Cond: ((id >= 5957983) AND (id <= 5958083))

table 5 : explain SELECT id, c FROM sbtest5 WHERE id BETWEEN 5957983 AND 5958083
	Index Scan using sbtest5_pkey on sbtest5  (cost=0.43..428.08 rows=108 width=125)
	  Index Cond: ((id >= 5957983) AND (id <= 5958083))

table 6 : explain SELECT id, c FROM sbtest6 WHERE id BETWEEN 5957983 AND 5958083
	Index Scan using sbtest6_pkey on sbtest6  (cost=0.43..400.53 rows=101 width=125)
	  Index Cond: ((id >= 5957983) AND (id <= 5958083))

table 7 : explain SELECT id, c FROM sbtest7 WHERE id BETWEEN 5957983 AND 5958083
	Index Scan using sbtest7_pkey on sbtest7  (cost=0.43..395.89 rows=100 width=125)
	  Index Cond: ((id >= 5957983) AND (id <= 5958083))

table 8 : explain SELECT id, c FROM sbtest8 WHERE id BETWEEN 5957983 AND 5958083
	Index Scan using sbtest8_pkey on sbtest8  (cost=0.43..382.62 rows=97 width=125)
	  Index Cond: ((id >= 5957983) AND (id <= 5958083))

for range-notcovered
table 1 : explain SELECT id, c FROM sbtest1 WHERE id BETWEEN 7578819 AND 7578919
	Index Scan using sbtest1_pkey on sbtest1  (cost=0.43..415.42 rows=105 width=125)
	  Index Cond: ((id >= 7578819) AND (id <= 7578919))

table 2 : explain SELECT id, c FROM sbtest2 WHERE id BETWEEN 7578819 AND 7578919
	Index Scan using sbtest2_pkey on sbtest2  (cost=0.43..458.18 rows=115 width=125)
	  Index Cond: ((id >= 7578819) AND (id <= 7578919))

table 3 : explain SELECT id, c FROM sbtest3 WHERE id BETWEEN 7578819 AND 7578919
	Index Scan using sbtest3_pkey on sbtest3  (cost=0.43..400.78 rows=101 width=125)
	  Index Cond: ((id >= 7578819) AND (id <= 7578919))

table 4 : explain SELECT id, c FROM sbtest4 WHERE id BETWEEN 7578819 AND 7578919
	Index Scan using sbtest4_pkey on sbtest4  (cost=0.43..392.80 rows=99 width=125)
	  Index Cond: ((id >= 7578819) AND (id <= 7578919))

table 5 : explain SELECT id, c FROM sbtest5 WHERE id BETWEEN 7578819 AND 7578919
	Index Scan using sbtest5_pkey on sbtest5  (cost=0.43..369.24 rows=93 width=125)
	  Index Cond: ((id >= 7578819) AND (id <= 7578919))

table 6 : explain SELECT id, c FROM sbtest6 WHERE id BETWEEN 7578819 AND 7578919
	Index Scan using sbtest6_pkey on sbtest6  (cost=0.43..408.37 rows=103 width=125)
	  Index Cond: ((id >= 7578819) AND (id <= 7578919))

table 7 : explain SELECT id, c FROM sbtest7 WHERE id BETWEEN 7578819 AND 7578919
	Index Scan using sbtest7_pkey on sbtest7  (cost=0.43..388.06 rows=98 width=125)
	  Index Cond: ((id >= 7578819) AND (id <= 7578919))

table 8 : explain SELECT id, c FROM sbtest8 WHERE id BETWEEN 7578819 AND 7578919
	Index Scan using sbtest8_pkey on sbtest8  (cost=0.43..425.48 rows=108 width=125)
	  Index Cond: ((id >= 7578819) AND (id <= 7578919))

explain: for range-notcovered :: explain SELECT id, c FROM sbtest%d WHERE id BETWEEN 5957983 AND 5958083
explain: for range-notcovered :: explain SELECT id, c FROM sbtest%d WHERE id BETWEEN 7578819 AND 7578919
explain: for range-notcovered :: explain SELECT id, c FROM sbtest%d WHERE id BETWEEN 8532007 AND 8532107
for range-notcovered
table 1 : explain SELECT id, c FROM sbtest1 WHERE id BETWEEN 756976 AND 757076
	Index Scan using sbtest1_pkey on sbtest1  (cost=0.43..388.03 rows=98 width=125)
	  Index Cond: ((id >= 756976) AND (id <= 757076))

table 2 : explain SELECT id, c FROM sbtest2 WHERE id BETWEEN 756976 AND 757076
	Index Scan using sbtest2_pkey on sbtest2  (cost=0.43..399.02 rows=100 width=125)
	  Index Cond: ((id >= 756976) AND (id <= 757076))

table 3 : explain SELECT id, c FROM sbtest3 WHERE id BETWEEN 756976 AND 757076
	Index Scan using sbtest3_pkey on sbtest3  (cost=0.43..357.61 rows=90 width=125)
	  Index Cond: ((id >= 756976) AND (id <= 757076))

table 4 : explain SELECT id, c FROM sbtest4 WHERE id BETWEEN 756976 AND 757076
	Index Scan using sbtest4_pkey on sbtest4  (cost=0.43..408.48 rows=103 width=125)
	  Index Cond: ((id >= 756976) AND (id <= 757076))

table 5 : explain SELECT id, c FROM sbtest5 WHERE id BETWEEN 756976 AND 757076
	Index Scan using sbtest5_pkey on sbtest5  (cost=0.43..396.71 rows=100 width=125)
	  Index Cond: ((id >= 756976) AND (id <= 757076))

table 6 : explain SELECT id, c FROM sbtest6 WHERE id BETWEEN 756976 AND 757076
	Index Scan using sbtest6_pkey on sbtest6  (cost=0.43..431.89 rows=109 width=125)
	  Index Cond: ((id >= 756976) AND (id <= 757076))

table 7 : explain SELECT id, c FROM sbtest7 WHERE id BETWEEN 756976 AND 757076
	Index Scan using sbtest7_pkey on sbtest7  (cost=0.43..431.10 rows=109 width=125)
	  Index Cond: ((id >= 756976) AND (id <= 757076))

table 8 : explain SELECT id, c FROM sbtest8 WHERE id BETWEEN 756976 AND 757076
	Index Scan using sbtest8_pkey on sbtest8  (cost=0.43..363.13 rows=92 width=125)
	  Index Cond: ((id >= 756976) AND (id <= 757076))

explain: for range-notcovered :: explain SELECT id, c FROM sbtest%d WHERE id BETWEEN 756976 AND 757076
for range-notcovered
table 1 : explain SELECT id, c FROM sbtest1 WHERE id BETWEEN 8184561 AND 8184661
	Index Scan using sbtest1_pkey on sbtest1  (cost=0.43..356.71 rows=90 width=125)
	  Index Cond: ((id >= 8184561) AND (id <= 8184661))

table 2 : explain SELECT id, c FROM sbtest2 WHERE id BETWEEN 8184561 AND 8184661
	Index Scan using sbtest2_pkey on sbtest2  (cost=0.43..414.79 rows=104 width=125)
	  Index Cond: ((id >= 8184561) AND (id <= 8184661))

table 3 : explain SELECT id, c FROM sbtest3 WHERE id BETWEEN 8184561 AND 8184661
	Index Scan using sbtest3_pkey on sbtest3  (cost=0.43..373.32 rows=94 width=125)
	  Index Cond: ((id >= 8184561) AND (id <= 8184661))

table 4 : explain SELECT id, c FROM sbtest4 WHERE id BETWEEN 8184561 AND 8184661
	Index Scan using sbtest4_pkey on sbtest4  (cost=0.43..388.87 rows=98 width=125)
	  Index Cond: ((id >= 8184561) AND (id <= 8184661))

table 5 : explain SELECT id, c FROM sbtest5 WHERE id BETWEEN 8184561 AND 8184661
	Index Scan using sbtest5_pkey on sbtest5  (cost=0.43..412.39 rows=104 width=125)
	  Index Cond: ((id >= 8184561) AND (id <= 8184661))

table 6 : explain SELECT id, c FROM sbtest6 WHERE id BETWEEN 8184561 AND 8184661
	Index Scan using sbtest6_pkey on sbtest6  (cost=0.43..384.85 rows=97 width=125)
	  Index Cond: ((id >= 8184561) AND (id <= 8184661))

table 7 : explain SELECT id, c FROM sbtest7 WHERE id BETWEEN 8184561 AND 8184661
	Index Scan using sbtest7_pkey on sbtest7  (cost=0.43..435.01 rows=110 width=125)
	  Index Cond: ((id >= 8184561) AND (id <= 8184661))

table 8 : explain SELECT id, c FROM sbtest8 WHERE id BETWEEN 8184561 AND 8184661
	Index Scan using sbtest8_pkey on sbtest8  (cost=0.43..417.69 rows=106 width=125)
	  Index Cond: ((id >= 8184561) AND (id <= 8184661))

explain: for range-notcovered :: explain SELECT id, c FROM sbtest%d WHERE id BETWEEN 8184561 AND 8184661
for range-notcovered
table 1 : explain SELECT id, c FROM sbtest1 WHERE id BETWEEN 5957983 AND 5958083
	Index Scan using sbtest1_pkey on sbtest1  (cost=0.43..411.51 rows=104 width=125)
	  Index Cond: ((id >= 5957983) AND (id <= 5958083))

table 2 : explain SELECT id, c FROM sbtest2 WHERE id BETWEEN 5957983 AND 5958083
	Index Scan using sbtest2_pkey on sbtest2  (cost=0.43..430.57 rows=108 width=125)
	  Index Cond: ((id >= 5957983) AND (id <= 5958083))

table 3 : explain SELECT id, c FROM sbtest3 WHERE id BETWEEN 5957983 AND 5958083
	Index Scan using sbtest3_pkey on sbtest3  (cost=0.43..447.85 rows=113 width=125)
	  Index Cond: ((id >= 5957983) AND (id <= 5958083))

table 4 : explain SELECT id, c FROM sbtest4 WHERE id BETWEEN 5957983 AND 5958083
	Index Scan using sbtest4_pkey on sbtest4  (cost=0.43..447.69 rows=113 width=125)
	  Index Cond: ((id >= 5957983) AND (id <= 5958083))

table 5 : explain SELECT id, c FROM sbtest5 WHERE id BETWEEN 5957983 AND 5958083
	Index Scan using sbtest5_pkey on sbtest5  (cost=0.43..428.08 rows=108 width=125)
	  Index Cond: ((id >= 5957983) AND (id <= 5958083))

table 6 : explain SELECT id, c FROM sbtest6 WHERE id BETWEEN 5957983 AND 5958083
	Index Scan using sbtest6_pkey on sbtest6  (cost=0.43..400.53 rows=101 width=125)
	  Index Cond: ((id >= 5957983) AND (id <= 5958083))

table 7 : explain SELECT id, c FROM sbtest7 WHERE id BETWEEN 5957983 AND 5958083
	Index Scan using sbtest7_pkey on sbtest7  (cost=0.43..395.89 rows=100 width=125)
	  Index Cond: ((id >= 5957983) AND (id <= 5958083))

table 8 : explain SELECT id, c FROM sbtest8 WHERE id BETWEEN 5957983 AND 5958083
	Index Scan using sbtest8_pkey on sbtest8  (cost=0.43..382.62 rows=97 width=125)
	  Index Cond: ((id >= 5957983) AND (id <= 5958083))

for range-notcovered
table 1 : explain SELECT id, c FROM sbtest1 WHERE id BETWEEN 7578819 AND 7578919
	Index Scan using sbtest1_pkey on sbtest1  (cost=0.43..415.42 rows=105 width=125)
	  Index Cond: ((id >= 7578819) AND (id <= 7578919))

table 2 : explain SELECT id, c FROM sbtest2 WHERE id BETWEEN 7578819 AND 7578919
	Index Scan using sbtest2_pkey on sbtest2  (cost=0.43..458.18 rows=115 width=125)
	  Index Cond: ((id >= 7578819) AND (id <= 7578919))

table 3 : explain SELECT id, c FROM sbtest3 WHERE id BETWEEN 7578819 AND 7578919
	Index Scan using sbtest3_pkey on sbtest3  (cost=0.43..400.78 rows=101 width=125)
	  Index Cond: ((id >= 7578819) AND (id <= 7578919))

table 4 : explain SELECT id, c FROM sbtest4 WHERE id BETWEEN 7578819 AND 7578919
	Index Scan using sbtest4_pkey on sbtest4  (cost=0.43..392.80 rows=99 width=125)
	  Index Cond: ((id >= 7578819) AND (id <= 7578919))

table 5 : explain SELECT id, c FROM sbtest5 WHERE id BETWEEN 7578819 AND 7578919
	Index Scan using sbtest5_pkey on sbtest5  (cost=0.43..369.24 rows=93 width=125)
	  Index Cond: ((id >= 7578819) AND (id <= 7578919))

table 6 : explain SELECT id, c FROM sbtest6 WHERE id BETWEEN 7578819 AND 7578919
	Index Scan using sbtest6_pkey on sbtest6  (cost=0.43..408.37 rows=103 width=125)
	  Index Cond: ((id >= 7578819) AND (id <= 7578919))

table 7 : explain SELECT id, c FROM sbtest7 WHERE id BETWEEN 7578819 AND 7578919
	Index Scan using sbtest7_pkey on sbtest7  (cost=0.43..388.06 rows=98 width=125)
	  Index Cond: ((id >= 7578819) AND (id <= 7578919))

table 8 : explain SELECT id, c FROM sbtest8 WHERE id BETWEEN 7578819 AND 7578919
	Index Scan using sbtest8_pkey on sbtest8  (cost=0.43..425.48 rows=108 width=125)
	  Index Cond: ((id >= 7578819) AND (id <= 7578919))

explain: for range-notcovered :: explain SELECT id, c FROM sbtest%d WHERE id BETWEEN 5957983 AND 5958083
explain: for range-notcovered :: explain SELECT id, c FROM sbtest%d WHERE id BETWEEN 7578819 AND 7578919
for range-notcovered
table 1 : explain SELECT id, c FROM sbtest1 WHERE id BETWEEN 756976 AND 757076
	Index Scan using sbtest1_pkey on sbtest1  (cost=0.43..388.03 rows=98 width=125)
	  Index Cond: ((id >= 756976) AND (id <= 757076))

table 2 : explain SELECT id, c FROM sbtest2 WHERE id BETWEEN 756976 AND 757076
	Index Scan using sbtest2_pkey on sbtest2  (cost=0.43..399.02 rows=100 width=125)
	  Index Cond: ((id >= 756976) AND (id <= 757076))

table 3 : explain SELECT id, c FROM sbtest3 WHERE id BETWEEN 756976 AND 757076
	Index Scan using sbtest3_pkey on sbtest3  (cost=0.43..357.61 rows=90 width=125)
	  Index Cond: ((id >= 756976) AND (id <= 757076))

table 4 : explain SELECT id, c FROM sbtest4 WHERE id BETWEEN 756976 AND 757076
	Index Scan using sbtest4_pkey on sbtest4  (cost=0.43..408.48 rows=103 width=125)
	  Index Cond: ((id >= 756976) AND (id <= 757076))

table 5 : explain SELECT id, c FROM sbtest5 WHERE id BETWEEN 756976 AND 757076
	Index Scan using sbtest5_pkey on sbtest5  (cost=0.43..396.71 rows=100 width=125)
	  Index Cond: ((id >= 756976) AND (id <= 757076))

table 6 : explain SELECT id, c FROM sbtest6 WHERE id BETWEEN 756976 AND 757076
	Index Scan using sbtest6_pkey on sbtest6  (cost=0.43..431.89 rows=109 width=125)
	  Index Cond: ((id >= 756976) AND (id <= 757076))

table 7 : explain SELECT id, c FROM sbtest7 WHERE id BETWEEN 756976 AND 757076
	Index Scan using sbtest7_pkey on sbtest7  (cost=0.43..431.10 rows=109 width=125)
	  Index Cond: ((id >= 756976) AND (id <= 757076))

table 8 : explain SELECT id, c FROM sbtest8 WHERE id BETWEEN 756976 AND 757076
	Index Scan using sbtest8_pkey on sbtest8  (cost=0.43..363.13 rows=92 width=125)
	  Index Cond: ((id >= 756976) AND (id <= 757076))

explain: for range-notcovered :: explain SELECT id, c FROM sbtest%d WHERE id BETWEEN 756976 AND 757076
for range-notcovered
table 1 : explain SELECT id, c FROM sbtest1 WHERE id BETWEEN 8184561 AND 8184661
	Index Scan using sbtest1_pkey on sbtest1  (cost=0.43..356.71 rows=90 width=125)
	  Index Cond: ((id >= 8184561) AND (id <= 8184661))

table 2 : explain SELECT id, c FROM sbtest2 WHERE id BETWEEN 8184561 AND 8184661
	Index Scan using sbtest2_pkey on sbtest2  (cost=0.43..414.79 rows=104 width=125)
	  Index Cond: ((id >= 8184561) AND (id <= 8184661))

table 3 : explain SELECT id, c FROM sbtest3 WHERE id BETWEEN 8184561 AND 8184661
	Index Scan using sbtest3_pkey on sbtest3  (cost=0.43..373.32 rows=94 width=125)
	  Index Cond: ((id >= 8184561) AND (id <= 8184661))

table 4 : explain SELECT id, c FROM sbtest4 WHERE id BETWEEN 8184561 AND 8184661
	Index Scan using sbtest4_pkey on sbtest4  (cost=0.43..388.87 rows=98 width=125)
	  Index Cond: ((id >= 8184561) AND (id <= 8184661))

table 5 : explain SELECT id, c FROM sbtest5 WHERE id BETWEEN 8184561 AND 8184661
	Index Scan using sbtest5_pkey on sbtest5  (cost=0.43..412.39 rows=104 width=125)
	  Index Cond: ((id >= 8184561) AND (id <= 8184661))

table 6 : explain SELECT id, c FROM sbtest6 WHERE id BETWEEN 8184561 AND 8184661
	Index Scan using sbtest6_pkey on sbtest6  (cost=0.43..384.85 rows=97 width=125)
	  Index Cond: ((id >= 8184561) AND (id <= 8184661))

table 7 : explain SELECT id, c FROM sbtest7 WHERE id BETWEEN 8184561 AND 8184661
	Index Scan using sbtest7_pkey on sbtest7  (cost=0.43..435.01 rows=110 width=125)
	  Index Cond: ((id >= 8184561) AND (id <= 8184661))

table 8 : explain SELECT id, c FROM sbtest8 WHERE id BETWEEN 8184561 AND 8184661
	Index Scan using sbtest8_pkey on sbtest8  (cost=0.43..417.69 rows=106 width=125)
	  Index Cond: ((id >= 8184561) AND (id <= 8184661))

explain: for range-notcovered :: explain SELECT id, c FROM sbtest%d WHERE id BETWEEN 8184561 AND 8184661
for range-notcovered
table 1 : explain SELECT id, c FROM sbtest1 WHERE id BETWEEN 5957983 AND 5958083
	Index Scan using sbtest1_pkey on sbtest1  (cost=0.43..411.51 rows=104 width=125)
	  Index Cond: ((id >= 5957983) AND (id <= 5958083))

table 2 : explain SELECT id, c FROM sbtest2 WHERE id BETWEEN 5957983 AND 5958083
	Index Scan using sbtest2_pkey on sbtest2  (cost=0.43..430.57 rows=108 width=125)
	  Index Cond: ((id >= 5957983) AND (id <= 5958083))

table 3 : explain SELECT id, c FROM sbtest3 WHERE id BETWEEN 5957983 AND 5958083
	Index Scan using sbtest3_pkey on sbtest3  (cost=0.43..447.85 rows=113 width=125)
	  Index Cond: ((id >= 5957983) AND (id <= 5958083))

table 4 : explain SELECT id, c FROM sbtest4 WHERE id BETWEEN 5957983 AND 5958083
	Index Scan using sbtest4_pkey on sbtest4  (cost=0.43..447.69 rows=113 width=125)
	  Index Cond: ((id >= 5957983) AND (id <= 5958083))

table 5 : explain SELECT id, c FROM sbtest5 WHERE id BETWEEN 5957983 AND 5958083
	Index Scan using sbtest5_pkey on sbtest5  (cost=0.43..428.08 rows=108 width=125)
	  Index Cond: ((id >= 5957983) AND (id <= 5958083))

table 6 : explain SELECT id, c FROM sbtest6 WHERE id BETWEEN 5957983 AND 5958083
	Index Scan using sbtest6_pkey on sbtest6  (cost=0.43..400.53 rows=101 width=125)
	  Index Cond: ((id >= 5957983) AND (id <= 5958083))

table 7 : explain SELECT id, c FROM sbtest7 WHERE id BETWEEN 5957983 AND 5958083
	Index Scan using sbtest7_pkey on sbtest7  (cost=0.43..395.89 rows=100 width=125)
	  Index Cond: ((id >= 5957983) AND (id <= 5958083))

table 8 : explain SELECT id, c FROM sbtest8 WHERE id BETWEEN 5957983 AND 5958083
	Index Scan using sbtest8_pkey on sbtest8  (cost=0.43..382.62 rows=97 width=125)
	  Index Cond: ((id >= 5957983) AND (id <= 5958083))

explain: for range-notcovered :: explain SELECT id, c FROM sbtest%d WHERE id BETWEEN 5957983 AND 5958083
for range-notcovered
table 1 : explain SELECT id, c FROM sbtest1 WHERE id BETWEEN 756976 AND 757076
	Index Scan using sbtest1_pkey on sbtest1  (cost=0.43..388.03 rows=98 width=125)
	  Index Cond: ((id >= 756976) AND (id <= 757076))

table 2 : explain SELECT id, c FROM sbtest2 WHERE id BETWEEN 756976 AND 757076
	Index Scan using sbtest2_pkey on sbtest2  (cost=0.43..399.02 rows=100 width=125)
	  Index Cond: ((id >= 756976) AND (id <= 757076))

table 3 : explain SELECT id, c FROM sbtest3 WHERE id BETWEEN 756976 AND 757076
	Index Scan using sbtest3_pkey on sbtest3  (cost=0.43..357.61 rows=90 width=125)
	  Index Cond: ((id >= 756976) AND (id <= 757076))

table 4 : explain SELECT id, c FROM sbtest4 WHERE id BETWEEN 756976 AND 757076
	Index Scan using sbtest4_pkey on sbtest4  (cost=0.43..408.48 rows=103 width=125)
	  Index Cond: ((id >= 756976) AND (id <= 757076))

table 5 : explain SELECT id, c FROM sbtest5 WHERE id BETWEEN 756976 AND 757076
	Index Scan using sbtest5_pkey on sbtest5  (cost=0.43..396.71 rows=100 width=125)
	  Index Cond: ((id >= 756976) AND (id <= 757076))

table 6 : explain SELECT id, c FROM sbtest6 WHERE id BETWEEN 756976 AND 757076
	Index Scan using sbtest6_pkey on sbtest6  (cost=0.43..431.89 rows=109 width=125)
	  Index Cond: ((id >= 756976) AND (id <= 757076))

table 7 : explain SELECT id, c FROM sbtest7 WHERE id BETWEEN 756976 AND 757076
	Index Scan using sbtest7_pkey on sbtest7  (cost=0.43..431.10 rows=109 width=125)
	  Index Cond: ((id >= 756976) AND (id <= 757076))

table 8 : explain SELECT id, c FROM sbtest8 WHERE id BETWEEN 756976 AND 757076
	Index Scan using sbtest8_pkey on sbtest8  (cost=0.43..363.13 rows=92 width=125)
	  Index Cond: ((id >= 756976) AND (id <= 757076))

explain: for range-notcovered :: explain SELECT id, c FROM sbtest%d WHERE id BETWEEN 756976 AND 757076
for range-notcovered
table 1 : explain SELECT id, c FROM sbtest1 WHERE id BETWEEN 756976 AND 757076
	Index Scan using sbtest1_pkey on sbtest1  (cost=0.43..388.03 rows=98 width=125)
	  Index Cond: ((id >= 756976) AND (id <= 757076))

table 2 : explain SELECT id, c FROM sbtest2 WHERE id BETWEEN 756976 AND 757076
	Index Scan using sbtest2_pkey on sbtest2  (cost=0.43..399.02 rows=100 width=125)
	  Index Cond: ((id >= 756976) AND (id <= 757076))

table 3 : explain SELECT id, c FROM sbtest3 WHERE id BETWEEN 756976 AND 757076
	Index Scan using sbtest3_pkey on sbtest3  (cost=0.43..357.61 rows=90 width=125)
	  Index Cond: ((id >= 756976) AND (id <= 757076))

table 4 : explain SELECT id, c FROM sbtest4 WHERE id BETWEEN 756976 AND 757076
	Index Scan using sbtest4_pkey on sbtest4  (cost=0.43..408.48 rows=103 width=125)
	  Index Cond: ((id >= 756976) AND (id <= 757076))

table 5 : explain SELECT id, c FROM sbtest5 WHERE id BETWEEN 756976 AND 757076
	Index Scan using sbtest5_pkey on sbtest5  (cost=0.43..396.71 rows=100 width=125)
	  Index Cond: ((id >= 756976) AND (id <= 757076))

table 6 : explain SELECT id, c FROM sbtest6 WHERE id BETWEEN 756976 AND 757076
	Index Scan using sbtest6_pkey on sbtest6  (cost=0.43..431.89 rows=109 width=125)
	  Index Cond: ((id >= 756976) AND (id <= 757076))

table 7 : explain SELECT id, c FROM sbtest7 WHERE id BETWEEN 756976 AND 757076
	Index Scan using sbtest7_pkey on sbtest7  (cost=0.43..431.10 rows=109 width=125)
	  Index Cond: ((id >= 756976) AND (id <= 757076))

table 8 : explain SELECT id, c FROM sbtest8 WHERE id BETWEEN 756976 AND 757076
	Index Scan using sbtest8_pkey on sbtest8  (cost=0.43..363.13 rows=92 width=125)
	  Index Cond: ((id >= 756976) AND (id <= 757076))

explain: for range-notcovered :: explain SELECT id, c FROM sbtest%d WHERE id BETWEEN 756976 AND 757076
for range-notcovered
table 1 : explain SELECT id, c FROM sbtest1 WHERE id BETWEEN 8184561 AND 8184661
	Index Scan using sbtest1_pkey on sbtest1  (cost=0.43..356.71 rows=90 width=125)
	  Index Cond: ((id >= 8184561) AND (id <= 8184661))

table 2 : explain SELECT id, c FROM sbtest2 WHERE id BETWEEN 8184561 AND 8184661
	Index Scan using sbtest2_pkey on sbtest2  (cost=0.43..414.79 rows=104 width=125)
	  Index Cond: ((id >= 8184561) AND (id <= 8184661))

table 3 : explain SELECT id, c FROM sbtest3 WHERE id BETWEEN 8184561 AND 8184661
	Index Scan using sbtest3_pkey on sbtest3  (cost=0.43..373.32 rows=94 width=125)
	  Index Cond: ((id >= 8184561) AND (id <= 8184661))

table 4 : explain SELECT id, c FROM sbtest4 WHERE id BETWEEN 8184561 AND 8184661
	Index Scan using sbtest4_pkey on sbtest4  (cost=0.43..388.87 rows=98 width=125)
	  Index Cond: ((id >= 8184561) AND (id <= 8184661))

table 5 : explain SELECT id, c FROM sbtest5 WHERE id BETWEEN 8184561 AND 8184661
	Index Scan using sbtest5_pkey on sbtest5  (cost=0.43..412.39 rows=104 width=125)
	  Index Cond: ((id >= 8184561) AND (id <= 8184661))

table 6 : explain SELECT id, c FROM sbtest6 WHERE id BETWEEN 8184561 AND 8184661
	Index Scan using sbtest6_pkey on sbtest6  (cost=0.43..384.85 rows=97 width=125)
	  Index Cond: ((id >= 8184561) AND (id <= 8184661))

table 7 : explain SELECT id, c FROM sbtest7 WHERE id BETWEEN 8184561 AND 8184661
	Index Scan using sbtest7_pkey on sbtest7  (cost=0.43..435.01 rows=110 width=125)
	  Index Cond: ((id >= 8184561) AND (id <= 8184661))

table 8 : explain SELECT id, c FROM sbtest8 WHERE id BETWEEN 8184561 AND 8184661
	Index Scan using sbtest8_pkey on sbtest8  (cost=0.43..417.69 rows=106 width=125)
	  Index Cond: ((id >= 8184561) AND (id <= 8184661))

explain: for range-notcovered :: explain SELECT id, c FROM sbtest%d WHERE id BETWEEN 8184561 AND 8184661
for range-notcovered
table 1 : explain SELECT id, c FROM sbtest1 WHERE id BETWEEN 5957983 AND 5958083
	Index Scan using sbtest1_pkey on sbtest1  (cost=0.43..411.51 rows=104 width=125)
	  Index Cond: ((id >= 5957983) AND (id <= 5958083))

table 2 : explain SELECT id, c FROM sbtest2 WHERE id BETWEEN 5957983 AND 5958083
	Index Scan using sbtest2_pkey on sbtest2  (cost=0.43..430.57 rows=108 width=125)
	  Index Cond: ((id >= 5957983) AND (id <= 5958083))

table 3 : explain SELECT id, c FROM sbtest3 WHERE id BETWEEN 5957983 AND 5958083
	Index Scan using sbtest3_pkey on sbtest3  (cost=0.43..447.85 rows=113 width=125)
	  Index Cond: ((id >= 5957983) AND (id <= 5958083))

table 4 : explain SELECT id, c FROM sbtest4 WHERE id BETWEEN 5957983 AND 5958083
	Index Scan using sbtest4_pkey on sbtest4  (cost=0.43..447.69 rows=113 width=125)
	  Index Cond: ((id >= 5957983) AND (id <= 5958083))

table 5 : explain SELECT id, c FROM sbtest5 WHERE id BETWEEN 5957983 AND 5958083
	Index Scan using sbtest5_pkey on sbtest5  (cost=0.43..428.08 rows=108 width=125)
	  Index Cond: ((id >= 5957983) AND (id <= 5958083))

table 6 : explain SELECT id, c FROM sbtest6 WHERE id BETWEEN 5957983 AND 5958083
	Index Scan using sbtest6_pkey on sbtest6  (cost=0.43..400.53 rows=101 width=125)
	  Index Cond: ((id >= 5957983) AND (id <= 5958083))

table 7 : explain SELECT id, c FROM sbtest7 WHERE id BETWEEN 5957983 AND 5958083
	Index Scan using sbtest7_pkey on sbtest7  (cost=0.43..395.89 rows=100 width=125)
	  Index Cond: ((id >= 5957983) AND (id <= 5958083))

table 8 : explain SELECT id, c FROM sbtest8 WHERE id BETWEEN 5957983 AND 5958083
	Index Scan using sbtest8_pkey on sbtest8  (cost=0.43..382.62 rows=97 width=125)
	  Index Cond: ((id >= 5957983) AND (id <= 5958083))

for range-notcovered
table 1 : explain SELECT id, c FROM sbtest1 WHERE id BETWEEN 7578819 AND 7578919
	Index Scan using sbtest1_pkey on sbtest1  (cost=0.43..415.42 rows=105 width=125)
	  Index Cond: ((id >= 7578819) AND (id <= 7578919))

table 2 : explain SELECT id, c FROM sbtest2 WHERE id BETWEEN 7578819 AND 7578919
	Index Scan using sbtest2_pkey on sbtest2  (cost=0.43..458.18 rows=115 width=125)
	  Index Cond: ((id >= 7578819) AND (id <= 7578919))

table 3 : explain SELECT id, c FROM sbtest3 WHERE id BETWEEN 7578819 AND 7578919
	Index Scan using sbtest3_pkey on sbtest3  (cost=0.43..400.78 rows=101 width=125)
	  Index Cond: ((id >= 7578819) AND (id <= 7578919))

table 4 : explain SELECT id, c FROM sbtest4 WHERE id BETWEEN 7578819 AND 7578919
	Index Scan using sbtest4_pkey on sbtest4  (cost=0.43..392.80 rows=99 width=125)
	  Index Cond: ((id >= 7578819) AND (id <= 7578919))

table 5 : explain SELECT id, c FROM sbtest5 WHERE id BETWEEN 7578819 AND 7578919
	Index Scan using sbtest5_pkey on sbtest5  (cost=0.43..369.24 rows=93 width=125)
	  Index Cond: ((id >= 7578819) AND (id <= 7578919))

table 6 : explain SELECT id, c FROM sbtest6 WHERE id BETWEEN 7578819 AND 7578919
	Index Scan using sbtest6_pkey on sbtest6  (cost=0.43..408.37 rows=103 width=125)
	  Index Cond: ((id >= 7578819) AND (id <= 7578919))

table 7 : explain SELECT id, c FROM sbtest7 WHERE id BETWEEN 7578819 AND 7578919
	Index Scan using sbtest7_pkey on sbtest7  (cost=0.43..388.06 rows=98 width=125)
	  Index Cond: ((id >= 7578819) AND (id <= 7578919))

table 8 : explain SELECT id, c FROM sbtest8 WHERE id BETWEEN 7578819 AND 7578919
	Index Scan using sbtest8_pkey on sbtest8  (cost=0.43..425.48 rows=108 width=125)
	  Index Cond: ((id >= 7578819) AND (id <= 7578919))

explain: for range-notcovered :: explain SELECT id, c FROM sbtest%d WHERE id BETWEEN 5957983 AND 5958083
for range-notcovered
table 1 : explain SELECT id, c FROM sbtest1 WHERE id BETWEEN 756976 AND 757076
	Index Scan using sbtest1_pkey on sbtest1  (cost=0.43..388.03 rows=98 width=125)
	  Index Cond: ((id >= 756976) AND (id <= 757076))

table 2 : explain SELECT id, c FROM sbtest2 WHERE id BETWEEN 756976 AND 757076
	Index Scan using sbtest2_pkey on sbtest2  (cost=0.43..399.02 rows=100 width=125)
	  Index Cond: ((id >= 756976) AND (id <= 757076))

table 3 : explain SELECT id, c FROM sbtest3 WHERE id BETWEEN 756976 AND 757076
	Index Scan using sbtest3_pkey on sbtest3  (cost=0.43..357.61 rows=90 width=125)
	  Index Cond: ((id >= 756976) AND (id <= 757076))

table 4 : explain SELECT id, c FROM sbtest4 WHERE id BETWEEN 756976 AND 757076
	Index Scan using sbtest4_pkey on sbtest4  (cost=0.43..408.48 rows=103 width=125)
	  Index Cond: ((id >= 756976) AND (id <= 757076))

table 5 : explain SELECT id, c FROM sbtest5 WHERE id BETWEEN 756976 AND 757076
	Index Scan using sbtest5_pkey on sbtest5  (cost=0.43..396.71 rows=100 width=125)
	  Index Cond: ((id >= 756976) AND (id <= 757076))

table 6 : explain SELECT id, c FROM sbtest6 WHERE id BETWEEN 756976 AND 757076
	Index Scan using sbtest6_pkey on sbtest6  (cost=0.43..431.89 rows=109 width=125)
	  Index Cond: ((id >= 756976) AND (id <= 757076))

table 7 : explain SELECT id, c FROM sbtest7 WHERE id BETWEEN 756976 AND 757076
	Index Scan using sbtest7_pkey on sbtest7  (cost=0.43..431.10 rows=109 width=125)
	  Index Cond: ((id >= 756976) AND (id <= 757076))

table 8 : explain SELECT id, c FROM sbtest8 WHERE id BETWEEN 756976 AND 757076
	Index Scan using sbtest8_pkey on sbtest8  (cost=0.43..363.13 rows=92 width=125)
	  Index Cond: ((id >= 756976) AND (id <= 757076))

explain: for range-notcovered :: explain SELECT id, c FROM sbtest%d WHERE id BETWEEN 756976 AND 757076
explain: for range-notcovered :: explain SELECT id, c FROM sbtest%d WHERE id BETWEEN 1626002 AND 1626102
for range-notcovered
table 1 : explain SELECT id, c FROM sbtest1 WHERE id BETWEEN 8532007 AND 8532107
	Index Scan using sbtest1_pkey on sbtest1  (cost=0.43..399.77 rows=101 width=125)
	  Index Cond: ((id >= 8532007) AND (id <= 8532107))

table 2 : explain SELECT id, c FROM sbtest2 WHERE id BETWEEN 8532007 AND 8532107
	Index Scan using sbtest2_pkey on sbtest2  (cost=0.43..371.39 rows=93 width=125)
	  Index Cond: ((id >= 8532007) AND (id <= 8532107))

table 3 : explain SELECT id, c FROM sbtest3 WHERE id BETWEEN 8532007 AND 8532107
	Index Scan using sbtest3_pkey on sbtest3  (cost=0.43..404.70 rows=102 width=125)
	  Index Cond: ((id >= 8532007) AND (id <= 8532107))

table 4 : explain SELECT id, c FROM sbtest4 WHERE id BETWEEN 8532007 AND 8532107
	Index Scan using sbtest4_pkey on sbtest4  (cost=0.43..392.80 rows=99 width=125)
	  Index Cond: ((id >= 8532007) AND (id <= 8532107))

table 5 : explain SELECT id, c FROM sbtest5 WHERE id BETWEEN 8532007 AND 8532107
	Index Scan using sbtest5_pkey on sbtest5  (cost=0.43..384.92 rows=97 width=125)
	  Index Cond: ((id >= 8532007) AND (id <= 8532107))

table 6 : explain SELECT id, c FROM sbtest6 WHERE id BETWEEN 8532007 AND 8532107
	Index Scan using sbtest6_pkey on sbtest6  (cost=0.43..416.21 rows=105 width=125)
	  Index Cond: ((id >= 8532007) AND (id <= 8532107))

table 7 : explain SELECT id, c FROM sbtest7 WHERE id BETWEEN 8532007 AND 8532107
	Index Scan using sbtest7_pkey on sbtest7  (cost=0.43..364.59 rows=92 width=125)
	  Index Cond: ((id >= 8532007) AND (id <= 8532107))

table 8 : explain SELECT id, c FROM sbtest8 WHERE id BETWEEN 8532007 AND 8532107
	Index Scan using sbtest8_pkey on sbtest8  (cost=0.43..370.93 rows=94 width=125)
	  Index Cond: ((id >= 8532007) AND (id <= 8532107))

for range-notcovered
table 1 : explain SELECT id, c FROM sbtest1 WHERE id BETWEEN 5957983 AND 5958083
	Index Scan using sbtest1_pkey on sbtest1  (cost=0.43..411.51 rows=104 width=125)
	  Index Cond: ((id >= 5957983) AND (id <= 5958083))

table 2 : explain SELECT id, c FROM sbtest2 WHERE id BETWEEN 5957983 AND 5958083
	Index Scan using sbtest2_pkey on sbtest2  (cost=0.43..430.57 rows=108 width=125)
	  Index Cond: ((id >= 5957983) AND (id <= 5958083))

table 3 : explain SELECT id, c FROM sbtest3 WHERE id BETWEEN 5957983 AND 5958083
	Index Scan using sbtest3_pkey on sbtest3  (cost=0.43..447.85 rows=113 width=125)
	  Index Cond: ((id >= 5957983) AND (id <= 5958083))

table 4 : explain SELECT id, c FROM sbtest4 WHERE id BETWEEN 5957983 AND 5958083
	Index Scan using sbtest4_pkey on sbtest4  (cost=0.43..447.69 rows=113 width=125)
	  Index Cond: ((id >= 5957983) AND (id <= 5958083))

table 5 : explain SELECT id, c FROM sbtest5 WHERE id BETWEEN 5957983 AND 5958083
	Index Scan using sbtest5_pkey on sbtest5  (cost=0.43..428.08 rows=108 width=125)
	  Index Cond: ((id >= 5957983) AND (id <= 5958083))

table 6 : explain SELECT id, c FROM sbtest6 WHERE id BETWEEN 5957983 AND 5958083
	Index Scan using sbtest6_pkey on sbtest6  (cost=0.43..400.53 rows=101 width=125)
	  Index Cond: ((id >= 5957983) AND (id <= 5958083))

table 7 : explain SELECT id, c FROM sbtest7 WHERE id BETWEEN 5957983 AND 5958083
	Index Scan using sbtest7_pkey on sbtest7  (cost=0.43..395.89 rows=100 width=125)
	  Index Cond: ((id >= 5957983) AND (id <= 5958083))

table 8 : explain SELECT id, c FROM sbtest8 WHERE id BETWEEN 5957983 AND 5958083
	Index Scan using sbtest8_pkey on sbtest8  (cost=0.43..382.62 rows=97 width=125)
	  Index Cond: ((id >= 5957983) AND (id <= 5958083))

explain: for range-notcovered :: explain SELECT id, c FROM sbtest%d WHERE id BETWEEN 8532007 AND 8532107
for range-notcovered
table 1 : explain SELECT id, c FROM sbtest1 WHERE id BETWEEN 1957161 AND 1957261
	Index Scan using sbtest1_pkey on sbtest1  (cost=0.43..399.77 rows=101 width=125)
	  Index Cond: ((id >= 1957161) AND (id <= 1957261))

table 2 : explain SELECT id, c FROM sbtest2 WHERE id BETWEEN 1957161 AND 1957261
	Index Scan using sbtest2_pkey on sbtest2  (cost=0.43..387.18 rows=97 width=125)
	  Index Cond: ((id >= 1957161) AND (id <= 1957261))

table 3 : explain SELECT id, c FROM sbtest3 WHERE id BETWEEN 1957161 AND 1957261
	Index Scan using sbtest3_pkey on sbtest3  (cost=0.43..420.39 rows=106 width=125)
	  Index Cond: ((id >= 1957161) AND (id <= 1957261))

table 4 : explain SELECT id, c FROM sbtest4 WHERE id BETWEEN 1957161 AND 1957261
	Index Scan using sbtest4_pkey on sbtest4  (cost=0.43..420.24 rows=106 width=125)
	  Index Cond: ((id >= 1957161) AND (id <= 1957261))

table 5 : explain SELECT id, c FROM sbtest5 WHERE id BETWEEN 1957161 AND 1957261
	Index Scan using sbtest5_pkey on sbtest5  (cost=0.43..381.00 rows=96 width=125)
	  Index Cond: ((id >= 1957161) AND (id <= 1957261))

table 6 : explain SELECT id, c FROM sbtest6 WHERE id BETWEEN 1957161 AND 1957261
	Index Scan using sbtest6_pkey on sbtest6  (cost=0.43..380.93 rows=96 width=125)
	  Index Cond: ((id >= 1957161) AND (id <= 1957261))

table 7 : explain SELECT id, c FROM sbtest7 WHERE id BETWEEN 1957161 AND 1957261
	Index Scan using sbtest7_pkey on sbtest7  (cost=0.43..411.54 rows=104 width=125)
	  Index Cond: ((id >= 1957161) AND (id <= 1957261))

table 8 : explain SELECT id, c FROM sbtest8 WHERE id BETWEEN 1957161 AND 1957261
	Index Scan using sbtest8_pkey on sbtest8  (cost=0.43..370.93 rows=94 width=125)
	  Index Cond: ((id >= 1957161) AND (id <= 1957261))

explain: for range-notcovered :: explain SELECT id, c FROM sbtest%d WHERE id BETWEEN 1957161 AND 1957261
for range-notcovered
table 1 : explain SELECT id, c FROM sbtest1 WHERE id BETWEEN 756976 AND 757076
	Index Scan using sbtest1_pkey on sbtest1  (cost=0.43..388.03 rows=98 width=125)
	  Index Cond: ((id >= 756976) AND (id <= 757076))

table 2 : explain SELECT id, c FROM sbtest2 WHERE id BETWEEN 756976 AND 757076
	Index Scan using sbtest2_pkey on sbtest2  (cost=0.43..399.02 rows=100 width=125)
	  Index Cond: ((id >= 756976) AND (id <= 757076))

table 3 : explain SELECT id, c FROM sbtest3 WHERE id BETWEEN 756976 AND 757076
	Index Scan using sbtest3_pkey on sbtest3  (cost=0.43..357.61 rows=90 width=125)
	  Index Cond: ((id >= 756976) AND (id <= 757076))

table 4 : explain SELECT id, c FROM sbtest4 WHERE id BETWEEN 756976 AND 757076
	Index Scan using sbtest4_pkey on sbtest4  (cost=0.43..408.48 rows=103 width=125)
	  Index Cond: ((id >= 756976) AND (id <= 757076))

table 5 : explain SELECT id, c FROM sbtest5 WHERE id BETWEEN 756976 AND 757076
	Index Scan using sbtest5_pkey on sbtest5  (cost=0.43..396.71 rows=100 width=125)
	  Index Cond: ((id >= 756976) AND (id <= 757076))

table 6 : explain SELECT id, c FROM sbtest6 WHERE id BETWEEN 756976 AND 757076
	Index Scan using sbtest6_pkey on sbtest6  (cost=0.43..431.89 rows=109 width=125)
	  Index Cond: ((id >= 756976) AND (id <= 757076))

table 7 : explain SELECT id, c FROM sbtest7 WHERE id BETWEEN 756976 AND 757076
	Index Scan using sbtest7_pkey on sbtest7  (cost=0.43..431.10 rows=109 width=125)
	  Index Cond: ((id >= 756976) AND (id <= 757076))

table 8 : explain SELECT id, c FROM sbtest8 WHERE id BETWEEN 756976 AND 757076
	Index Scan using sbtest8_pkey on sbtest8  (cost=0.43..363.13 rows=92 width=125)
	  Index Cond: ((id >= 756976) AND (id <= 757076))

for range-notcovered
table 1 : explain SELECT id, c FROM sbtest1 WHERE id BETWEEN 8532007 AND 8532107
	Index Scan using sbtest1_pkey on sbtest1  (cost=0.43..399.77 rows=101 width=125)
	  Index Cond: ((id >= 8532007) AND (id <= 8532107))

table 2 : explain SELECT id, c FROM sbtest2 WHERE id BETWEEN 8532007 AND 8532107
	Index Scan using sbtest2_pkey on sbtest2  (cost=0.43..371.39 rows=93 width=125)
	  Index Cond: ((id >= 8532007) AND (id <= 8532107))

table 3 : explain SELECT id, c FROM sbtest3 WHERE id BETWEEN 8532007 AND 8532107
	Index Scan using sbtest3_pkey on sbtest3  (cost=0.43..404.70 rows=102 width=125)
	  Index Cond: ((id >= 8532007) AND (id <= 8532107))

table 4 : explain SELECT id, c FROM sbtest4 WHERE id BETWEEN 8532007 AND 8532107
	Index Scan using sbtest4_pkey on sbtest4  (cost=0.43..392.80 rows=99 width=125)
	  Index Cond: ((id >= 8532007) AND (id <= 8532107))

table 5 : explain SELECT id, c FROM sbtest5 WHERE id BETWEEN 8532007 AND 8532107
	Index Scan using sbtest5_pkey on sbtest5  (cost=0.43..384.92 rows=97 width=125)
	  Index Cond: ((id >= 8532007) AND (id <= 8532107))

table 6 : explain SELECT id, c FROM sbtest6 WHERE id BETWEEN 8532007 AND 8532107
	Index Scan using sbtest6_pkey on sbtest6  (cost=0.43..416.21 rows=105 width=125)
	  Index Cond: ((id >= 8532007) AND (id <= 8532107))

table 7 : explain SELECT id, c FROM sbtest7 WHERE id BETWEEN 8532007 AND 8532107
	Index Scan using sbtest7_pkey on sbtest7  (cost=0.43..364.59 rows=92 width=125)
	  Index Cond: ((id >= 8532007) AND (id <= 8532107))

table 8 : explain SELECT id, c FROM sbtest8 WHERE id BETWEEN 8532007 AND 8532107
	Index Scan using sbtest8_pkey on sbtest8  (cost=0.43..370.93 rows=94 width=125)
	  Index Cond: ((id >= 8532007) AND (id <= 8532107))

for range-notcovered
table 1 : explain SELECT id, c FROM sbtest1 WHERE id BETWEEN 8184561 AND 8184661
	Index Scan using sbtest1_pkey on sbtest1  (cost=0.43..356.71 rows=90 width=125)
	  Index Cond: ((id >= 8184561) AND (id <= 8184661))

table 2 : explain SELECT id, c FROM sbtest2 WHERE id BETWEEN 8184561 AND 8184661
	Index Scan using sbtest2_pkey on sbtest2  (cost=0.43..414.79 rows=104 width=125)
	  Index Cond: ((id >= 8184561) AND (id <= 8184661))

table 3 : explain SELECT id, c FROM sbtest3 WHERE id BETWEEN 8184561 AND 8184661
	Index Scan using sbtest3_pkey on sbtest3  (cost=0.43..373.32 rows=94 width=125)
	  Index Cond: ((id >= 8184561) AND (id <= 8184661))

table 4 : explain SELECT id, c FROM sbtest4 WHERE id BETWEEN 8184561 AND 8184661
	Index Scan using sbtest4_pkey on sbtest4  (cost=0.43..388.87 rows=98 width=125)
	  Index Cond: ((id >= 8184561) AND (id <= 8184661))

table 5 : explain SELECT id, c FROM sbtest5 WHERE id BETWEEN 8184561 AND 8184661
	Index Scan using sbtest5_pkey on sbtest5  (cost=0.43..412.39 rows=104 width=125)
	  Index Cond: ((id >= 8184561) AND (id <= 8184661))

table 6 : explain SELECT id, c FROM sbtest6 WHERE id BETWEEN 8184561 AND 8184661
	Index Scan using sbtest6_pkey on sbtest6  (cost=0.43..384.85 rows=97 width=125)
	  Index Cond: ((id >= 8184561) AND (id <= 8184661))

table 7 : explain SELECT id, c FROM sbtest7 WHERE id BETWEEN 8184561 AND 8184661
	Index Scan using sbtest7_pkey on sbtest7  (cost=0.43..435.01 rows=110 width=125)
	  Index Cond: ((id >= 8184561) AND (id <= 8184661))

table 8 : explain SELECT id, c FROM sbtest8 WHERE id BETWEEN 8184561 AND 8184661
	Index Scan using sbtest8_pkey on sbtest8  (cost=0.43..417.69 rows=106 width=125)
	  Index Cond: ((id >= 8184561) AND (id <= 8184661))

explain: for range-notcovered :: explain SELECT id, c FROM sbtest%d WHERE id BETWEEN 8532007 AND 8532107
for range-notcovered
table 1 : explain SELECT id, c FROM sbtest1 WHERE id BETWEEN 1957161 AND 1957261
	Index Scan using sbtest1_pkey on sbtest1  (cost=0.43..399.77 rows=101 width=125)
	  Index Cond: ((id >= 1957161) AND (id <= 1957261))

table 2 : explain SELECT id, c FROM sbtest2 WHERE id BETWEEN 1957161 AND 1957261
	Index Scan using sbtest2_pkey on sbtest2  (cost=0.43..387.18 rows=97 width=125)
	  Index Cond: ((id >= 1957161) AND (id <= 1957261))

table 3 : explain SELECT id, c FROM sbtest3 WHERE id BETWEEN 1957161 AND 1957261
	Index Scan using sbtest3_pkey on sbtest3  (cost=0.43..420.39 rows=106 width=125)
	  Index Cond: ((id >= 1957161) AND (id <= 1957261))

table 4 : explain SELECT id, c FROM sbtest4 WHERE id BETWEEN 1957161 AND 1957261
	Index Scan using sbtest4_pkey on sbtest4  (cost=0.43..420.24 rows=106 width=125)
	  Index Cond: ((id >= 1957161) AND (id <= 1957261))

table 5 : explain SELECT id, c FROM sbtest5 WHERE id BETWEEN 1957161 AND 1957261
	Index Scan using sbtest5_pkey on sbtest5  (cost=0.43..381.00 rows=96 width=125)
	  Index Cond: ((id >= 1957161) AND (id <= 1957261))

table 6 : explain SELECT id, c FROM sbtest6 WHERE id BETWEEN 1957161 AND 1957261
	Index Scan using sbtest6_pkey on sbtest6  (cost=0.43..380.93 rows=96 width=125)
	  Index Cond: ((id >= 1957161) AND (id <= 1957261))

table 7 : explain SELECT id, c FROM sbtest7 WHERE id BETWEEN 1957161 AND 1957261
	Index Scan using sbtest7_pkey on sbtest7  (cost=0.43..411.54 rows=104 width=125)
	  Index Cond: ((id >= 1957161) AND (id <= 1957261))

table 8 : explain SELECT id, c FROM sbtest8 WHERE id BETWEEN 1957161 AND 1957261
	Index Scan using sbtest8_pkey on sbtest8  (cost=0.43..370.93 rows=94 width=125)
	  Index Cond: ((id >= 1957161) AND (id <= 1957261))

explain: for range-notcovered :: explain SELECT id, c FROM sbtest%d WHERE id BETWEEN 1957161 AND 1957261
for range-notcovered
table 1 : explain SELECT id, c FROM sbtest1 WHERE id BETWEEN 8532007 AND 8532107
	Index Scan using sbtest1_pkey on sbtest1  (cost=0.43..399.77 rows=101 width=125)
	  Index Cond: ((id >= 8532007) AND (id <= 8532107))

table 2 : explain SELECT id, c FROM sbtest2 WHERE id BETWEEN 8532007 AND 8532107
	Index Scan using sbtest2_pkey on sbtest2  (cost=0.43..371.39 rows=93 width=125)
	  Index Cond: ((id >= 8532007) AND (id <= 8532107))

table 3 : explain SELECT id, c FROM sbtest3 WHERE id BETWEEN 8532007 AND 8532107
	Index Scan using sbtest3_pkey on sbtest3  (cost=0.43..404.70 rows=102 width=125)
	  Index Cond: ((id >= 8532007) AND (id <= 8532107))

table 4 : explain SELECT id, c FROM sbtest4 WHERE id BETWEEN 8532007 AND 8532107
	Index Scan using sbtest4_pkey on sbtest4  (cost=0.43..392.80 rows=99 width=125)
	  Index Cond: ((id >= 8532007) AND (id <= 8532107))

table 5 : explain SELECT id, c FROM sbtest5 WHERE id BETWEEN 8532007 AND 8532107
	Index Scan using sbtest5_pkey on sbtest5  (cost=0.43..384.92 rows=97 width=125)
	  Index Cond: ((id >= 8532007) AND (id <= 8532107))

table 6 : explain SELECT id, c FROM sbtest6 WHERE id BETWEEN 8532007 AND 8532107
	Index Scan using sbtest6_pkey on sbtest6  (cost=0.43..416.21 rows=105 width=125)
	  Index Cond: ((id >= 8532007) AND (id <= 8532107))

table 7 : explain SELECT id, c FROM sbtest7 WHERE id BETWEEN 8532007 AND 8532107
	Index Scan using sbtest7_pkey on sbtest7  (cost=0.43..364.59 rows=92 width=125)
	  Index Cond: ((id >= 8532007) AND (id <= 8532107))

table 8 : explain SELECT id, c FROM sbtest8 WHERE id BETWEEN 8532007 AND 8532107
	Index Scan using sbtest8_pkey on sbtest8  (cost=0.43..370.93 rows=94 width=125)
	  Index Cond: ((id >= 8532007) AND (id <= 8532107))

explain: for range-notcovered :: explain SELECT id, c FROM sbtest%d WHERE id BETWEEN 8532007 AND 8532107
explain: for range-notcovered :: explain SELECT id, c FROM sbtest%d WHERE id BETWEEN 5382060 AND 5382160
for range-notcovered
table 1 : explain SELECT id, c FROM sbtest1 WHERE id BETWEEN 1957161 AND 1957261
	Index Scan using sbtest1_pkey on sbtest1  (cost=0.43..399.77 rows=101 width=125)
	  Index Cond: ((id >= 1957161) AND (id <= 1957261))

table 2 : explain SELECT id, c FROM sbtest2 WHERE id BETWEEN 1957161 AND 1957261
	Index Scan using sbtest2_pkey on sbtest2  (cost=0.43..387.18 rows=97 width=125)
	  Index Cond: ((id >= 1957161) AND (id <= 1957261))

table 3 : explain SELECT id, c FROM sbtest3 WHERE id BETWEEN 1957161 AND 1957261
	Index Scan using sbtest3_pkey on sbtest3  (cost=0.43..420.39 rows=106 width=125)
	  Index Cond: ((id >= 1957161) AND (id <= 1957261))

table 4 : explain SELECT id, c FROM sbtest4 WHERE id BETWEEN 1957161 AND 1957261
	Index Scan using sbtest4_pkey on sbtest4  (cost=0.43..420.24 rows=106 width=125)
	  Index Cond: ((id >= 1957161) AND (id <= 1957261))

table 5 : explain SELECT id, c FROM sbtest5 WHERE id BETWEEN 1957161 AND 1957261
	Index Scan using sbtest5_pkey on sbtest5  (cost=0.43..381.00 rows=96 width=125)
	  Index Cond: ((id >= 1957161) AND (id <= 1957261))

table 6 : explain SELECT id, c FROM sbtest6 WHERE id BETWEEN 1957161 AND 1957261
	Index Scan using sbtest6_pkey on sbtest6  (cost=0.43..380.93 rows=96 width=125)
	  Index Cond: ((id >= 1957161) AND (id <= 1957261))

table 7 : explain SELECT id, c FROM sbtest7 WHERE id BETWEEN 1957161 AND 1957261
	Index Scan using sbtest7_pkey on sbtest7  (cost=0.43..411.54 rows=104 width=125)
	  Index Cond: ((id >= 1957161) AND (id <= 1957261))

table 8 : explain SELECT id, c FROM sbtest8 WHERE id BETWEEN 1957161 AND 1957261
	Index Scan using sbtest8_pkey on sbtest8  (cost=0.43..370.93 rows=94 width=125)
	  Index Cond: ((id >= 1957161) AND (id <= 1957261))

explain: for range-notcovered :: explain SELECT id, c FROM sbtest%d WHERE id BETWEEN 1957161 AND 1957261
for range-notcovered
table 1 : explain SELECT id, c FROM sbtest1 WHERE id BETWEEN 1626002 AND 1626102
	Index Scan using sbtest1_pkey on sbtest1  (cost=0.43..419.33 rows=106 width=125)
	  Index Cond: ((id >= 1626002) AND (id <= 1626102))

table 2 : explain SELECT id, c FROM sbtest2 WHERE id BETWEEN 1626002 AND 1626102
	Index Scan using sbtest2_pkey on sbtest2  (cost=0.43..391.13 rows=98 width=125)
	  Index Cond: ((id >= 1626002) AND (id <= 1626102))

table 3 : explain SELECT id, c FROM sbtest3 WHERE id BETWEEN 1626002 AND 1626102
	Index Scan using sbtest3_pkey on sbtest3  (cost=0.43..396.86 rows=100 width=125)
	  Index Cond: ((id >= 1626002) AND (id <= 1626102))

table 4 : explain SELECT id, c FROM sbtest4 WHERE id BETWEEN 1626002 AND 1626102
	Index Scan using sbtest4_pkey on sbtest4  (cost=0.43..357.51 rows=90 width=125)
	  Index Cond: ((id >= 1626002) AND (id <= 1626102))

table 5 : explain SELECT id, c FROM sbtest5 WHERE id BETWEEN 1626002 AND 1626102
	Index Scan using sbtest5_pkey on sbtest5  (cost=0.43..439.84 rows=111 width=125)
	  Index Cond: ((id >= 1626002) AND (id <= 1626102))

table 6 : explain SELECT id, c FROM sbtest6 WHERE id BETWEEN 1626002 AND 1626102
	Index Scan using sbtest6_pkey on sbtest6  (cost=0.43..420.13 rows=106 width=125)
	  Index Cond: ((id >= 1626002) AND (id <= 1626102))

table 7 : explain SELECT id, c FROM sbtest7 WHERE id BETWEEN 1626002 AND 1626102
	Index Scan using sbtest7_pkey on sbtest7  (cost=0.43..411.54 rows=104 width=125)
	  Index Cond: ((id >= 1626002) AND (id <= 1626102))

table 8 : explain SELECT id, c FROM sbtest8 WHERE id BETWEEN 1626002 AND 1626102
	Index Scan using sbtest8_pkey on sbtest8  (cost=0.43..394.31 rows=100 width=125)
	  Index Cond: ((id >= 1626002) AND (id <= 1626102))

explain: for range-notcovered :: explain SELECT id, c FROM sbtest%d WHERE id BETWEEN 1626002 AND 1626102
for range-notcovered
table 1 : explain SELECT id, c FROM sbtest1 WHERE id BETWEEN 8532007 AND 8532107
	Index Scan using sbtest1_pkey on sbtest1  (cost=0.43..399.77 rows=101 width=125)
	  Index Cond: ((id >= 8532007) AND (id <= 8532107))

table 2 : explain SELECT id, c FROM sbtest2 WHERE id BETWEEN 8532007 AND 8532107
	Index Scan using sbtest2_pkey on sbtest2  (cost=0.43..371.39 rows=93 width=125)
	  Index Cond: ((id >= 8532007) AND (id <= 8532107))

table 3 : explain SELECT id, c FROM sbtest3 WHERE id BETWEEN 8532007 AND 8532107
	Index Scan using sbtest3_pkey on sbtest3  (cost=0.43..404.70 rows=102 width=125)
	  Index Cond: ((id >= 8532007) AND (id <= 8532107))

table 4 : explain SELECT id, c FROM sbtest4 WHERE id BETWEEN 8532007 AND 8532107
	Index Scan using sbtest4_pkey on sbtest4  (cost=0.43..392.80 rows=99 width=125)
	  Index Cond: ((id >= 8532007) AND (id <= 8532107))

table 5 : explain SELECT id, c FROM sbtest5 WHERE id BETWEEN 8532007 AND 8532107
	Index Scan using sbtest5_pkey on sbtest5  (cost=0.43..384.92 rows=97 width=125)
	  Index Cond: ((id >= 8532007) AND (id <= 8532107))

table 6 : explain SELECT id, c FROM sbtest6 WHERE id BETWEEN 8532007 AND 8532107
	Index Scan using sbtest6_pkey on sbtest6  (cost=0.43..416.21 rows=105 width=125)
	  Index Cond: ((id >= 8532007) AND (id <= 8532107))

table 7 : explain SELECT id, c FROM sbtest7 WHERE id BETWEEN 8532007 AND 8532107
	Index Scan using sbtest7_pkey on sbtest7  (cost=0.43..364.59 rows=92 width=125)
	  Index Cond: ((id >= 8532007) AND (id <= 8532107))

table 8 : explain SELECT id, c FROM sbtest8 WHERE id BETWEEN 8532007 AND 8532107
	Index Scan using sbtest8_pkey on sbtest8  (cost=0.43..370.93 rows=94 width=125)
	  Index Cond: ((id >= 8532007) AND (id <= 8532107))

explain: for range-notcovered :: explain SELECT id, c FROM sbtest%d WHERE id BETWEEN 8532007 AND 8532107
for range-notcovered
table 1 : explain SELECT id, c FROM sbtest1 WHERE id BETWEEN 1626002 AND 1626102
	Index Scan using sbtest1_pkey on sbtest1  (cost=0.43..419.33 rows=106 width=125)
	  Index Cond: ((id >= 1626002) AND (id <= 1626102))

table 2 : explain SELECT id, c FROM sbtest2 WHERE id BETWEEN 1626002 AND 1626102
	Index Scan using sbtest2_pkey on sbtest2  (cost=0.43..391.13 rows=98 width=125)
	  Index Cond: ((id >= 1626002) AND (id <= 1626102))

table 3 : explain SELECT id, c FROM sbtest3 WHERE id BETWEEN 1626002 AND 1626102
	Index Scan using sbtest3_pkey on sbtest3  (cost=0.43..396.86 rows=100 width=125)
	  Index Cond: ((id >= 1626002) AND (id <= 1626102))

table 4 : explain SELECT id, c FROM sbtest4 WHERE id BETWEEN 1626002 AND 1626102
	Index Scan using sbtest4_pkey on sbtest4  (cost=0.43..357.51 rows=90 width=125)
	  Index Cond: ((id >= 1626002) AND (id <= 1626102))

table 5 : explain SELECT id, c FROM sbtest5 WHERE id BETWEEN 1626002 AND 1626102
	Index Scan using sbtest5_pkey on sbtest5  (cost=0.43..439.84 rows=111 width=125)
	  Index Cond: ((id >= 1626002) AND (id <= 1626102))

table 6 : explain SELECT id, c FROM sbtest6 WHERE id BETWEEN 1626002 AND 1626102
	Index Scan using sbtest6_pkey on sbtest6  (cost=0.43..420.13 rows=106 width=125)
	  Index Cond: ((id >= 1626002) AND (id <= 1626102))

table 7 : explain SELECT id, c FROM sbtest7 WHERE id BETWEEN 1626002 AND 1626102
	Index Scan using sbtest7_pkey on sbtest7  (cost=0.43..411.54 rows=104 width=125)
	  Index Cond: ((id >= 1626002) AND (id <= 1626102))

table 8 : explain SELECT id, c FROM sbtest8 WHERE id BETWEEN 1626002 AND 1626102
	Index Scan using sbtest8_pkey on sbtest8  (cost=0.43..394.31 rows=100 width=125)
	  Index Cond: ((id >= 1626002) AND (id <= 1626102))

explain: for range-notcovered :: explain SELECT id, c FROM sbtest%d WHERE id BETWEEN 1626002 AND 1626102
for range-notcovered
table 1 : explain SELECT id, c FROM sbtest1 WHERE id BETWEEN 1957161 AND 1957261
	Index Scan using sbtest1_pkey on sbtest1  (cost=0.43..399.77 rows=101 width=125)
	  Index Cond: ((id >= 1957161) AND (id <= 1957261))

table 2 : explain SELECT id, c FROM sbtest2 WHERE id BETWEEN 1957161 AND 1957261
	Index Scan using sbtest2_pkey on sbtest2  (cost=0.43..387.18 rows=97 width=125)
	  Index Cond: ((id >= 1957161) AND (id <= 1957261))

table 3 : explain SELECT id, c FROM sbtest3 WHERE id BETWEEN 1957161 AND 1957261
	Index Scan using sbtest3_pkey on sbtest3  (cost=0.43..420.39 rows=106 width=125)
	  Index Cond: ((id >= 1957161) AND (id <= 1957261))

table 4 : explain SELECT id, c FROM sbtest4 WHERE id BETWEEN 1957161 AND 1957261
	Index Scan using sbtest4_pkey on sbtest4  (cost=0.43..420.24 rows=106 width=125)
	  Index Cond: ((id >= 1957161) AND (id <= 1957261))

table 5 : explain SELECT id, c FROM sbtest5 WHERE id BETWEEN 1957161 AND 1957261
	Index Scan using sbtest5_pkey on sbtest5  (cost=0.43..381.00 rows=96 width=125)
	  Index Cond: ((id >= 1957161) AND (id <= 1957261))

table 6 : explain SELECT id, c FROM sbtest6 WHERE id BETWEEN 1957161 AND 1957261
	Index Scan using sbtest6_pkey on sbtest6  (cost=0.43..380.93 rows=96 width=125)
	  Index Cond: ((id >= 1957161) AND (id <= 1957261))

table 7 : explain SELECT id, c FROM sbtest7 WHERE id BETWEEN 1957161 AND 1957261
	Index Scan using sbtest7_pkey on sbtest7  (cost=0.43..411.54 rows=104 width=125)
	  Index Cond: ((id >= 1957161) AND (id <= 1957261))

table 8 : explain SELECT id, c FROM sbtest8 WHERE id BETWEEN 1957161 AND 1957261
	Index Scan using sbtest8_pkey on sbtest8  (cost=0.43..370.93 rows=94 width=125)
	  Index Cond: ((id >= 1957161) AND (id <= 1957261))

explain: for range-notcovered :: explain SELECT id, c FROM sbtest%d WHERE id BETWEEN 1957161 AND 1957261
explain: for range-notcovered :: explain SELECT id, c FROM sbtest%d WHERE id BETWEEN 2726718 AND 2726818
explain: for range-notcovered :: explain SELECT id, c FROM sbtest%d WHERE id BETWEEN 3578377 AND 3578477
for range-notcovered
table 1 : explain SELECT id, c FROM sbtest1 WHERE id BETWEEN 1626002 AND 1626102
	Index Scan using sbtest1_pkey on sbtest1  (cost=0.43..419.33 rows=106 width=125)
	  Index Cond: ((id >= 1626002) AND (id <= 1626102))

table 2 : explain SELECT id, c FROM sbtest2 WHERE id BETWEEN 1626002 AND 1626102
	Index Scan using sbtest2_pkey on sbtest2  (cost=0.43..391.13 rows=98 width=125)
	  Index Cond: ((id >= 1626002) AND (id <= 1626102))

table 3 : explain SELECT id, c FROM sbtest3 WHERE id BETWEEN 1626002 AND 1626102
	Index Scan using sbtest3_pkey on sbtest3  (cost=0.43..396.86 rows=100 width=125)
	  Index Cond: ((id >= 1626002) AND (id <= 1626102))

table 4 : explain SELECT id, c FROM sbtest4 WHERE id BETWEEN 1626002 AND 1626102
	Index Scan using sbtest4_pkey on sbtest4  (cost=0.43..357.51 rows=90 width=125)
	  Index Cond: ((id >= 1626002) AND (id <= 1626102))

table 5 : explain SELECT id, c FROM sbtest5 WHERE id BETWEEN 1626002 AND 1626102
	Index Scan using sbtest5_pkey on sbtest5  (cost=0.43..439.84 rows=111 width=125)
	  Index Cond: ((id >= 1626002) AND (id <= 1626102))

table 6 : explain SELECT id, c FROM sbtest6 WHERE id BETWEEN 1626002 AND 1626102
	Index Scan using sbtest6_pkey on sbtest6  (cost=0.43..420.13 rows=106 width=125)
	  Index Cond: ((id >= 1626002) AND (id <= 1626102))

table 7 : explain SELECT id, c FROM sbtest7 WHERE id BETWEEN 1626002 AND 1626102
	Index Scan using sbtest7_pkey on sbtest7  (cost=0.43..411.54 rows=104 width=125)
	  Index Cond: ((id >= 1626002) AND (id <= 1626102))

table 8 : explain SELECT id, c FROM sbtest8 WHERE id BETWEEN 1626002 AND 1626102
	Index Scan using sbtest8_pkey on sbtest8  (cost=0.43..394.31 rows=100 width=125)
	  Index Cond: ((id >= 1626002) AND (id <= 1626102))

explain: for range-notcovered :: explain SELECT id, c FROM sbtest%d WHERE id BETWEEN 1626002 AND 1626102
for range-notcovered
table 1 : explain SELECT id, c FROM sbtest1 WHERE id BETWEEN 1957161 AND 1957261
	Index Scan using sbtest1_pkey on sbtest1  (cost=0.43..399.77 rows=101 width=125)
	  Index Cond: ((id >= 1957161) AND (id <= 1957261))

table 2 : explain SELECT id, c FROM sbtest2 WHERE id BETWEEN 1957161 AND 1957261
	Index Scan using sbtest2_pkey on sbtest2  (cost=0.43..387.18 rows=97 width=125)
	  Index Cond: ((id >= 1957161) AND (id <= 1957261))

table 3 : explain SELECT id, c FROM sbtest3 WHERE id BETWEEN 1957161 AND 1957261
	Index Scan using sbtest3_pkey on sbtest3  (cost=0.43..420.39 rows=106 width=125)
	  Index Cond: ((id >= 1957161) AND (id <= 1957261))

table 4 : explain SELECT id, c FROM sbtest4 WHERE id BETWEEN 1957161 AND 1957261
	Index Scan using sbtest4_pkey on sbtest4  (cost=0.43..420.24 rows=106 width=125)
	  Index Cond: ((id >= 1957161) AND (id <= 1957261))

table 5 : explain SELECT id, c FROM sbtest5 WHERE id BETWEEN 1957161 AND 1957261
	Index Scan using sbtest5_pkey on sbtest5  (cost=0.43..381.00 rows=96 width=125)
	  Index Cond: ((id >= 1957161) AND (id <= 1957261))

table 6 : explain SELECT id, c FROM sbtest6 WHERE id BETWEEN 1957161 AND 1957261
	Index Scan using sbtest6_pkey on sbtest6  (cost=0.43..380.93 rows=96 width=125)
	  Index Cond: ((id >= 1957161) AND (id <= 1957261))

table 7 : explain SELECT id, c FROM sbtest7 WHERE id BETWEEN 1957161 AND 1957261
	Index Scan using sbtest7_pkey on sbtest7  (cost=0.43..411.54 rows=104 width=125)
	  Index Cond: ((id >= 1957161) AND (id <= 1957261))

table 8 : explain SELECT id, c FROM sbtest8 WHERE id BETWEEN 1957161 AND 1957261
	Index Scan using sbtest8_pkey on sbtest8  (cost=0.43..370.93 rows=94 width=125)
	  Index Cond: ((id >= 1957161) AND (id <= 1957261))

explain: for range-notcovered :: explain SELECT id, c FROM sbtest%d WHERE id BETWEEN 1957161 AND 1957261
explain: for range-notcovered :: explain SELECT id, c FROM sbtest%d WHERE id BETWEEN 2760698 AND 2760798
for range-notcovered
table 1 : explain SELECT id, c FROM sbtest1 WHERE id BETWEEN 1626002 AND 1626102
	Index Scan using sbtest1_pkey on sbtest1  (cost=0.43..419.33 rows=106 width=125)
	  Index Cond: ((id >= 1626002) AND (id <= 1626102))

table 2 : explain SELECT id, c FROM sbtest2 WHERE id BETWEEN 1626002 AND 1626102
	Index Scan using sbtest2_pkey on sbtest2  (cost=0.43..391.13 rows=98 width=125)
	  Index Cond: ((id >= 1626002) AND (id <= 1626102))

table 3 : explain SELECT id, c FROM sbtest3 WHERE id BETWEEN 1626002 AND 1626102
	Index Scan using sbtest3_pkey on sbtest3  (cost=0.43..396.86 rows=100 width=125)
	  Index Cond: ((id >= 1626002) AND (id <= 1626102))

table 4 : explain SELECT id, c FROM sbtest4 WHERE id BETWEEN 1626002 AND 1626102
	Index Scan using sbtest4_pkey on sbtest4  (cost=0.43..357.51 rows=90 width=125)
	  Index Cond: ((id >= 1626002) AND (id <= 1626102))

table 5 : explain SELECT id, c FROM sbtest5 WHERE id BETWEEN 1626002 AND 1626102
	Index Scan using sbtest5_pkey on sbtest5  (cost=0.43..439.84 rows=111 width=125)
	  Index Cond: ((id >= 1626002) AND (id <= 1626102))

table 6 : explain SELECT id, c FROM sbtest6 WHERE id BETWEEN 1626002 AND 1626102
	Index Scan using sbtest6_pkey on sbtest6  (cost=0.43..420.13 rows=106 width=125)
	  Index Cond: ((id >= 1626002) AND (id <= 1626102))

table 7 : explain SELECT id, c FROM sbtest7 WHERE id BETWEEN 1626002 AND 1626102
	Index Scan using sbtest7_pkey on sbtest7  (cost=0.43..411.54 rows=104 width=125)
	  Index Cond: ((id >= 1626002) AND (id <= 1626102))

table 8 : explain SELECT id, c FROM sbtest8 WHERE id BETWEEN 1626002 AND 1626102
	Index Scan using sbtest8_pkey on sbtest8  (cost=0.43..394.31 rows=100 width=125)
	  Index Cond: ((id >= 1626002) AND (id <= 1626102))

explain: for range-notcovered :: explain SELECT id, c FROM sbtest%d WHERE id BETWEEN 1626002 AND 1626102
for range-notcovered
table 1 : explain SELECT id, c FROM sbtest1 WHERE id BETWEEN 5382060 AND 5382160
	Index Scan using sbtest1_pkey on sbtest1  (cost=0.43..395.86 rows=100 width=125)
	  Index Cond: ((id >= 5382060) AND (id <= 5382160))

table 2 : explain SELECT id, c FROM sbtest2 WHERE id BETWEEN 5382060 AND 5382160
	Index Scan using sbtest2_pkey on sbtest2  (cost=0.43..387.18 rows=97 width=125)
	  Index Cond: ((id >= 5382060) AND (id <= 5382160))

table 3 : explain SELECT id, c FROM sbtest3 WHERE id BETWEEN 5382060 AND 5382160
	Index Scan using sbtest3_pkey on sbtest3  (cost=0.43..389.01 rows=98 width=125)
	  Index Cond: ((id >= 5382060) AND (id <= 5382160))

table 4 : explain SELECT id, c FROM sbtest4 WHERE id BETWEEN 5382060 AND 5382160
	Index Scan using sbtest4_pkey on sbtest4  (cost=0.43..416.32 rows=105 width=125)
	  Index Cond: ((id >= 5382060) AND (id <= 5382160))

table 5 : explain SELECT id, c FROM sbtest5 WHERE id BETWEEN 5382060 AND 5382160
	Index Scan using sbtest5_pkey on sbtest5  (cost=0.43..373.16 rows=94 width=125)
	  Index Cond: ((id >= 5382060) AND (id <= 5382160))

table 6 : explain SELECT id, c FROM sbtest6 WHERE id BETWEEN 5382060 AND 5382160
	Index Scan using sbtest6_pkey on sbtest6  (cost=0.43..439.73 rows=111 width=125)
	  Index Cond: ((id >= 5382060) AND (id <= 5382160))

table 7 : explain SELECT id, c FROM sbtest7 WHERE id BETWEEN 5382060 AND 5382160
	Index Scan using sbtest7_pkey on sbtest7  (cost=0.43..372.41 rows=94 width=125)
	  Index Cond: ((id >= 5382060) AND (id <= 5382160))

table 8 : explain SELECT id, c FROM sbtest8 WHERE id BETWEEN 5382060 AND 5382160
	Index Scan using sbtest8_pkey on sbtest8  (cost=0.43..378.72 rows=96 width=125)
	  Index Cond: ((id >= 5382060) AND (id <= 5382160))

explain: for range-notcovered :: explain SELECT id, c FROM sbtest%d WHERE id BETWEEN 5382060 AND 5382160
for range-notcovered
table 1 : explain SELECT id, c FROM sbtest1 WHERE id BETWEEN 1957161 AND 1957261
	Index Scan using sbtest1_pkey on sbtest1  (cost=0.43..399.77 rows=101 width=125)
	  Index Cond: ((id >= 1957161) AND (id <= 1957261))

table 2 : explain SELECT id, c FROM sbtest2 WHERE id BETWEEN 1957161 AND 1957261
	Index Scan using sbtest2_pkey on sbtest2  (cost=0.43..387.18 rows=97 width=125)
	  Index Cond: ((id >= 1957161) AND (id <= 1957261))

table 3 : explain SELECT id, c FROM sbtest3 WHERE id BETWEEN 1957161 AND 1957261
	Index Scan using sbtest3_pkey on sbtest3  (cost=0.43..420.39 rows=106 width=125)
	  Index Cond: ((id >= 1957161) AND (id <= 1957261))

table 4 : explain SELECT id, c FROM sbtest4 WHERE id BETWEEN 1957161 AND 1957261
	Index Scan using sbtest4_pkey on sbtest4  (cost=0.43..420.24 rows=106 width=125)
	  Index Cond: ((id >= 1957161) AND (id <= 1957261))

table 5 : explain SELECT id, c FROM sbtest5 WHERE id BETWEEN 1957161 AND 1957261
	Index Scan using sbtest5_pkey on sbtest5  (cost=0.43..381.00 rows=96 width=125)
	  Index Cond: ((id >= 1957161) AND (id <= 1957261))

table 6 : explain SELECT id, c FROM sbtest6 WHERE id BETWEEN 1957161 AND 1957261
	Index Scan using sbtest6_pkey on sbtest6  (cost=0.43..380.93 rows=96 width=125)
	  Index Cond: ((id >= 1957161) AND (id <= 1957261))

table 7 : explain SELECT id, c FROM sbtest7 WHERE id BETWEEN 1957161 AND 1957261
	Index Scan using sbtest7_pkey on sbtest7  (cost=0.43..411.54 rows=104 width=125)
	  Index Cond: ((id >= 1957161) AND (id <= 1957261))

table 8 : explain SELECT id, c FROM sbtest8 WHERE id BETWEEN 1957161 AND 1957261
	Index Scan using sbtest8_pkey on sbtest8  (cost=0.43..370.93 rows=94 width=125)
	  Index Cond: ((id >= 1957161) AND (id <= 1957261))

explain: for range-notcovered :: explain SELECT id, c FROM sbtest%d WHERE id BETWEEN 1957161 AND 1957261
for range-notcovered
table 1 : explain SELECT id, c FROM sbtest1 WHERE id BETWEEN 8532007 AND 8532107
	Index Scan using sbtest1_pkey on sbtest1  (cost=0.43..399.77 rows=101 width=125)
	  Index Cond: ((id >= 8532007) AND (id <= 8532107))

table 2 : explain SELECT id, c FROM sbtest2 WHERE id BETWEEN 8532007 AND 8532107
	Index Scan using sbtest2_pkey on sbtest2  (cost=0.43..371.39 rows=93 width=125)
	  Index Cond: ((id >= 8532007) AND (id <= 8532107))

table 3 : explain SELECT id, c FROM sbtest3 WHERE id BETWEEN 8532007 AND 8532107
	Index Scan using sbtest3_pkey on sbtest3  (cost=0.43..404.70 rows=102 width=125)
	  Index Cond: ((id >= 8532007) AND (id <= 8532107))

table 4 : explain SELECT id, c FROM sbtest4 WHERE id BETWEEN 8532007 AND 8532107
	Index Scan using sbtest4_pkey on sbtest4  (cost=0.43..392.80 rows=99 width=125)
	  Index Cond: ((id >= 8532007) AND (id <= 8532107))

table 5 : explain SELECT id, c FROM sbtest5 WHERE id BETWEEN 8532007 AND 8532107
	Index Scan using sbtest5_pkey on sbtest5  (cost=0.43..384.92 rows=97 width=125)
	  Index Cond: ((id >= 8532007) AND (id <= 8532107))

table 6 : explain SELECT id, c FROM sbtest6 WHERE id BETWEEN 8532007 AND 8532107
	Index Scan using sbtest6_pkey on sbtest6  (cost=0.43..416.21 rows=105 width=125)
	  Index Cond: ((id >= 8532007) AND (id <= 8532107))

table 7 : explain SELECT id, c FROM sbtest7 WHERE id BETWEEN 8532007 AND 8532107
	Index Scan using sbtest7_pkey on sbtest7  (cost=0.43..364.59 rows=92 width=125)
	  Index Cond: ((id >= 8532007) AND (id <= 8532107))

table 8 : explain SELECT id, c FROM sbtest8 WHERE id BETWEEN 8532007 AND 8532107
	Index Scan using sbtest8_pkey on sbtest8  (cost=0.43..370.93 rows=94 width=125)
	  Index Cond: ((id >= 8532007) AND (id <= 8532107))

explain: for range-notcovered :: explain SELECT id, c FROM sbtest%d WHERE id BETWEEN 8532007 AND 8532107
explain: for range-notcovered :: explain SELECT id, c FROM sbtest%d WHERE id BETWEEN 7429319 AND 7429419
explain: for range-notcovered :: explain SELECT id, c FROM sbtest%d WHERE id BETWEEN 7450009 AND 7450109
for range-notcovered
table 1 : explain SELECT id, c FROM sbtest1 WHERE id BETWEEN 1626002 AND 1626102
	Index Scan using sbtest1_pkey on sbtest1  (cost=0.43..419.33 rows=106 width=125)
	  Index Cond: ((id >= 1626002) AND (id <= 1626102))

table 2 : explain SELECT id, c FROM sbtest2 WHERE id BETWEEN 1626002 AND 1626102
	Index Scan using sbtest2_pkey on sbtest2  (cost=0.43..391.13 rows=98 width=125)
	  Index Cond: ((id >= 1626002) AND (id <= 1626102))

table 3 : explain SELECT id, c FROM sbtest3 WHERE id BETWEEN 1626002 AND 1626102
	Index Scan using sbtest3_pkey on sbtest3  (cost=0.43..396.86 rows=100 width=125)
	  Index Cond: ((id >= 1626002) AND (id <= 1626102))

table 4 : explain SELECT id, c FROM sbtest4 WHERE id BETWEEN 1626002 AND 1626102
	Index Scan using sbtest4_pkey on sbtest4  (cost=0.43..357.51 rows=90 width=125)
	  Index Cond: ((id >= 1626002) AND (id <= 1626102))

table 5 : explain SELECT id, c FROM sbtest5 WHERE id BETWEEN 1626002 AND 1626102
	Index Scan using sbtest5_pkey on sbtest5  (cost=0.43..439.84 rows=111 width=125)
	  Index Cond: ((id >= 1626002) AND (id <= 1626102))

table 6 : explain SELECT id, c FROM sbtest6 WHERE id BETWEEN 1626002 AND 1626102
	Index Scan using sbtest6_pkey on sbtest6  (cost=0.43..420.13 rows=106 width=125)
	  Index Cond: ((id >= 1626002) AND (id <= 1626102))

table 7 : explain SELECT id, c FROM sbtest7 WHERE id BETWEEN 1626002 AND 1626102
	Index Scan using sbtest7_pkey on sbtest7  (cost=0.43..411.54 rows=104 width=125)
	  Index Cond: ((id >= 1626002) AND (id <= 1626102))

table 8 : explain SELECT id, c FROM sbtest8 WHERE id BETWEEN 1626002 AND 1626102
	Index Scan using sbtest8_pkey on sbtest8  (cost=0.43..394.31 rows=100 width=125)
	  Index Cond: ((id >= 1626002) AND (id <= 1626102))

explain: for range-notcovered :: explain SELECT id, c FROM sbtest%d WHERE id BETWEEN 1626002 AND 1626102
for range-notcovered
table 1 : explain SELECT id, c FROM sbtest1 WHERE id BETWEEN 1957161 AND 1957261
	Index Scan using sbtest1_pkey on sbtest1  (cost=0.43..399.77 rows=101 width=125)
	  Index Cond: ((id >= 1957161) AND (id <= 1957261))

table 2 : explain SELECT id, c FROM sbtest2 WHERE id BETWEEN 1957161 AND 1957261
	Index Scan using sbtest2_pkey on sbtest2  (cost=0.43..387.18 rows=97 width=125)
	  Index Cond: ((id >= 1957161) AND (id <= 1957261))

table 3 : explain SELECT id, c FROM sbtest3 WHERE id BETWEEN 1957161 AND 1957261
	Index Scan using sbtest3_pkey on sbtest3  (cost=0.43..420.39 rows=106 width=125)
	  Index Cond: ((id >= 1957161) AND (id <= 1957261))

table 4 : explain SELECT id, c FROM sbtest4 WHERE id BETWEEN 1957161 AND 1957261
	Index Scan using sbtest4_pkey on sbtest4  (cost=0.43..420.24 rows=106 width=125)
	  Index Cond: ((id >= 1957161) AND (id <= 1957261))

table 5 : explain SELECT id, c FROM sbtest5 WHERE id BETWEEN 1957161 AND 1957261
	Index Scan using sbtest5_pkey on sbtest5  (cost=0.43..381.00 rows=96 width=125)
	  Index Cond: ((id >= 1957161) AND (id <= 1957261))

table 6 : explain SELECT id, c FROM sbtest6 WHERE id BETWEEN 1957161 AND 1957261
	Index Scan using sbtest6_pkey on sbtest6  (cost=0.43..380.93 rows=96 width=125)
	  Index Cond: ((id >= 1957161) AND (id <= 1957261))

table 7 : explain SELECT id, c FROM sbtest7 WHERE id BETWEEN 1957161 AND 1957261
	Index Scan using sbtest7_pkey on sbtest7  (cost=0.43..411.54 rows=104 width=125)
	  Index Cond: ((id >= 1957161) AND (id <= 1957261))

table 8 : explain SELECT id, c FROM sbtest8 WHERE id BETWEEN 1957161 AND 1957261
	Index Scan using sbtest8_pkey on sbtest8  (cost=0.43..370.93 rows=94 width=125)
	  Index Cond: ((id >= 1957161) AND (id <= 1957261))

for range-notcovered
table 1 : explain SELECT id, c FROM sbtest1 WHERE id BETWEEN 5382060 AND 5382160
	Index Scan using sbtest1_pkey on sbtest1  (cost=0.43..395.86 rows=100 width=125)
	  Index Cond: ((id >= 5382060) AND (id <= 5382160))

table 2 : explain SELECT id, c FROM sbtest2 WHERE id BETWEEN 5382060 AND 5382160
	Index Scan using sbtest2_pkey on sbtest2  (cost=0.43..387.18 rows=97 width=125)
	  Index Cond: ((id >= 5382060) AND (id <= 5382160))

table 3 : explain SELECT id, c FROM sbtest3 WHERE id BETWEEN 5382060 AND 5382160
	Index Scan using sbtest3_pkey on sbtest3  (cost=0.43..389.01 rows=98 width=125)
	  Index Cond: ((id >= 5382060) AND (id <= 5382160))

table 4 : explain SELECT id, c FROM sbtest4 WHERE id BETWEEN 5382060 AND 5382160
	Index Scan using sbtest4_pkey on sbtest4  (cost=0.43..416.32 rows=105 width=125)
	  Index Cond: ((id >= 5382060) AND (id <= 5382160))

table 5 : explain SELECT id, c FROM sbtest5 WHERE id BETWEEN 5382060 AND 5382160
	Index Scan using sbtest5_pkey on sbtest5  (cost=0.43..373.16 rows=94 width=125)
	  Index Cond: ((id >= 5382060) AND (id <= 5382160))

table 6 : explain SELECT id, c FROM sbtest6 WHERE id BETWEEN 5382060 AND 5382160
	Index Scan using sbtest6_pkey on sbtest6  (cost=0.43..439.73 rows=111 width=125)
	  Index Cond: ((id >= 5382060) AND (id <= 5382160))

table 7 : explain SELECT id, c FROM sbtest7 WHERE id BETWEEN 5382060 AND 5382160
	Index Scan using sbtest7_pkey on sbtest7  (cost=0.43..372.41 rows=94 width=125)
	  Index Cond: ((id >= 5382060) AND (id <= 5382160))

table 8 : explain SELECT id, c FROM sbtest8 WHERE id BETWEEN 5382060 AND 5382160
	Index Scan using sbtest8_pkey on sbtest8  (cost=0.43..378.72 rows=96 width=125)
	  Index Cond: ((id >= 5382060) AND (id <= 5382160))

explain: for range-notcovered :: explain SELECT id, c FROM sbtest%d WHERE id BETWEEN 1957161 AND 1957261
explain: for range-notcovered :: explain SELECT id, c FROM sbtest%d WHERE id BETWEEN 5382060 AND 5382160
for range-notcovered
table 1 : explain SELECT id, c FROM sbtest1 WHERE id BETWEEN 8532007 AND 8532107
	Index Scan using sbtest1_pkey on sbtest1  (cost=0.43..399.77 rows=101 width=125)
	  Index Cond: ((id >= 8532007) AND (id <= 8532107))

table 2 : explain SELECT id, c FROM sbtest2 WHERE id BETWEEN 8532007 AND 8532107
	Index Scan using sbtest2_pkey on sbtest2  (cost=0.43..371.39 rows=93 width=125)
	  Index Cond: ((id >= 8532007) AND (id <= 8532107))

table 3 : explain SELECT id, c FROM sbtest3 WHERE id BETWEEN 8532007 AND 8532107
	Index Scan using sbtest3_pkey on sbtest3  (cost=0.43..404.70 rows=102 width=125)
	  Index Cond: ((id >= 8532007) AND (id <= 8532107))

table 4 : explain SELECT id, c FROM sbtest4 WHERE id BETWEEN 8532007 AND 8532107
	Index Scan using sbtest4_pkey on sbtest4  (cost=0.43..392.80 rows=99 width=125)
	  Index Cond: ((id >= 8532007) AND (id <= 8532107))

table 5 : explain SELECT id, c FROM sbtest5 WHERE id BETWEEN 8532007 AND 8532107
	Index Scan using sbtest5_pkey on sbtest5  (cost=0.43..384.92 rows=97 width=125)
	  Index Cond: ((id >= 8532007) AND (id <= 8532107))

table 6 : explain SELECT id, c FROM sbtest6 WHERE id BETWEEN 8532007 AND 8532107
	Index Scan using sbtest6_pkey on sbtest6  (cost=0.43..416.21 rows=105 width=125)
	  Index Cond: ((id >= 8532007) AND (id <= 8532107))

table 7 : explain SELECT id, c FROM sbtest7 WHERE id BETWEEN 8532007 AND 8532107
	Index Scan using sbtest7_pkey on sbtest7  (cost=0.43..364.59 rows=92 width=125)
	  Index Cond: ((id >= 8532007) AND (id <= 8532107))

table 8 : explain SELECT id, c FROM sbtest8 WHERE id BETWEEN 8532007 AND 8532107
	Index Scan using sbtest8_pkey on sbtest8  (cost=0.43..370.93 rows=94 width=125)
	  Index Cond: ((id >= 8532007) AND (id <= 8532107))

explain: for range-notcovered :: explain SELECT id, c FROM sbtest%d WHERE id BETWEEN 8532007 AND 8532107
for range-notcovered
table 1 : explain SELECT id, c FROM sbtest1 WHERE id BETWEEN 1626002 AND 1626102
	Index Scan using sbtest1_pkey on sbtest1  (cost=0.43..419.33 rows=106 width=125)
	  Index Cond: ((id >= 1626002) AND (id <= 1626102))

table 2 : explain SELECT id, c FROM sbtest2 WHERE id BETWEEN 1626002 AND 1626102
	Index Scan using sbtest2_pkey on sbtest2  (cost=0.43..391.13 rows=98 width=125)
	  Index Cond: ((id >= 1626002) AND (id <= 1626102))

table 3 : explain SELECT id, c FROM sbtest3 WHERE id BETWEEN 1626002 AND 1626102
	Index Scan using sbtest3_pkey on sbtest3  (cost=0.43..396.86 rows=100 width=125)
	  Index Cond: ((id >= 1626002) AND (id <= 1626102))

table 4 : explain SELECT id, c FROM sbtest4 WHERE id BETWEEN 1626002 AND 1626102
	Index Scan using sbtest4_pkey on sbtest4  (cost=0.43..357.51 rows=90 width=125)
	  Index Cond: ((id >= 1626002) AND (id <= 1626102))

table 5 : explain SELECT id, c FROM sbtest5 WHERE id BETWEEN 1626002 AND 1626102
	Index Scan using sbtest5_pkey on sbtest5  (cost=0.43..439.84 rows=111 width=125)
	  Index Cond: ((id >= 1626002) AND (id <= 1626102))

table 6 : explain SELECT id, c FROM sbtest6 WHERE id BETWEEN 1626002 AND 1626102
	Index Scan using sbtest6_pkey on sbtest6  (cost=0.43..420.13 rows=106 width=125)
	  Index Cond: ((id >= 1626002) AND (id <= 1626102))

table 7 : explain SELECT id, c FROM sbtest7 WHERE id BETWEEN 1626002 AND 1626102
	Index Scan using sbtest7_pkey on sbtest7  (cost=0.43..411.54 rows=104 width=125)
	  Index Cond: ((id >= 1626002) AND (id <= 1626102))

table 8 : explain SELECT id, c FROM sbtest8 WHERE id BETWEEN 1626002 AND 1626102
	Index Scan using sbtest8_pkey on sbtest8  (cost=0.43..394.31 rows=100 width=125)
	  Index Cond: ((id >= 1626002) AND (id <= 1626102))

explain: for range-notcovered :: explain SELECT id, c FROM sbtest%d WHERE id BETWEEN 1626002 AND 1626102
for range-notcovered
table 1 : explain SELECT id, c FROM sbtest1 WHERE id BETWEEN 1957161 AND 1957261
	Index Scan using sbtest1_pkey on sbtest1  (cost=0.43..399.77 rows=101 width=125)
	  Index Cond: ((id >= 1957161) AND (id <= 1957261))

table 2 : explain SELECT id, c FROM sbtest2 WHERE id BETWEEN 1957161 AND 1957261
	Index Scan using sbtest2_pkey on sbtest2  (cost=0.43..387.18 rows=97 width=125)
	  Index Cond: ((id >= 1957161) AND (id <= 1957261))

table 3 : explain SELECT id, c FROM sbtest3 WHERE id BETWEEN 1957161 AND 1957261
	Index Scan using sbtest3_pkey on sbtest3  (cost=0.43..420.39 rows=106 width=125)
	  Index Cond: ((id >= 1957161) AND (id <= 1957261))

table 4 : explain SELECT id, c FROM sbtest4 WHERE id BETWEEN 1957161 AND 1957261
	Index Scan using sbtest4_pkey on sbtest4  (cost=0.43..420.24 rows=106 width=125)
	  Index Cond: ((id >= 1957161) AND (id <= 1957261))

table 5 : explain SELECT id, c FROM sbtest5 WHERE id BETWEEN 1957161 AND 1957261
	Index Scan using sbtest5_pkey on sbtest5  (cost=0.43..381.00 rows=96 width=125)
	  Index Cond: ((id >= 1957161) AND (id <= 1957261))

table 6 : explain SELECT id, c FROM sbtest6 WHERE id BETWEEN 1957161 AND 1957261
	Index Scan using sbtest6_pkey on sbtest6  (cost=0.43..380.93 rows=96 width=125)
	  Index Cond: ((id >= 1957161) AND (id <= 1957261))

table 7 : explain SELECT id, c FROM sbtest7 WHERE id BETWEEN 1957161 AND 1957261
	Index Scan using sbtest7_pkey on sbtest7  (cost=0.43..411.54 rows=104 width=125)
	  Index Cond: ((id >= 1957161) AND (id <= 1957261))

table 8 : explain SELECT id, c FROM sbtest8 WHERE id BETWEEN 1957161 AND 1957261
	Index Scan using sbtest8_pkey on sbtest8  (cost=0.43..370.93 rows=94 width=125)
	  Index Cond: ((id >= 1957161) AND (id <= 1957261))

for range-notcovered
table 1 : explain SELECT id, c FROM sbtest1 WHERE id BETWEEN 5382060 AND 5382160
	Index Scan using sbtest1_pkey on sbtest1  (cost=0.43..395.86 rows=100 width=125)
	  Index Cond: ((id >= 5382060) AND (id <= 5382160))

table 2 : explain SELECT id, c FROM sbtest2 WHERE id BETWEEN 5382060 AND 5382160
	Index Scan using sbtest2_pkey on sbtest2  (cost=0.43..387.18 rows=97 width=125)
	  Index Cond: ((id >= 5382060) AND (id <= 5382160))

table 3 : explain SELECT id, c FROM sbtest3 WHERE id BETWEEN 5382060 AND 5382160
	Index Scan using sbtest3_pkey on sbtest3  (cost=0.43..389.01 rows=98 width=125)
	  Index Cond: ((id >= 5382060) AND (id <= 5382160))

table 4 : explain SELECT id, c FROM sbtest4 WHERE id BETWEEN 5382060 AND 5382160
	Index Scan using sbtest4_pkey on sbtest4  (cost=0.43..416.32 rows=105 width=125)
	  Index Cond: ((id >= 5382060) AND (id <= 5382160))

table 5 : explain SELECT id, c FROM sbtest5 WHERE id BETWEEN 5382060 AND 5382160
	Index Scan using sbtest5_pkey on sbtest5  (cost=0.43..373.16 rows=94 width=125)
	  Index Cond: ((id >= 5382060) AND (id <= 5382160))

table 6 : explain SELECT id, c FROM sbtest6 WHERE id BETWEEN 5382060 AND 5382160
	Index Scan using sbtest6_pkey on sbtest6  (cost=0.43..439.73 rows=111 width=125)
	  Index Cond: ((id >= 5382060) AND (id <= 5382160))

table 7 : explain SELECT id, c FROM sbtest7 WHERE id BETWEEN 5382060 AND 5382160
	Index Scan using sbtest7_pkey on sbtest7  (cost=0.43..372.41 rows=94 width=125)
	  Index Cond: ((id >= 5382060) AND (id <= 5382160))

table 8 : explain SELECT id, c FROM sbtest8 WHERE id BETWEEN 5382060 AND 5382160
	Index Scan using sbtest8_pkey on sbtest8  (cost=0.43..378.72 rows=96 width=125)
	  Index Cond: ((id >= 5382060) AND (id <= 5382160))

explain: for range-notcovered :: explain SELECT id, c FROM sbtest%d WHERE id BETWEEN 5382060 AND 5382160
for range-notcovered
table 1 : explain SELECT id, c FROM sbtest1 WHERE id BETWEEN 8532007 AND 8532107
	Index Scan using sbtest1_pkey on sbtest1  (cost=0.43..399.77 rows=101 width=125)
	  Index Cond: ((id >= 8532007) AND (id <= 8532107))

table 2 : explain SELECT id, c FROM sbtest2 WHERE id BETWEEN 8532007 AND 8532107
	Index Scan using sbtest2_pkey on sbtest2  (cost=0.43..371.39 rows=93 width=125)
	  Index Cond: ((id >= 8532007) AND (id <= 8532107))

table 3 : explain SELECT id, c FROM sbtest3 WHERE id BETWEEN 8532007 AND 8532107
	Index Scan using sbtest3_pkey on sbtest3  (cost=0.43..404.70 rows=102 width=125)
	  Index Cond: ((id >= 8532007) AND (id <= 8532107))

table 4 : explain SELECT id, c FROM sbtest4 WHERE id BETWEEN 8532007 AND 8532107
	Index Scan using sbtest4_pkey on sbtest4  (cost=0.43..392.80 rows=99 width=125)
	  Index Cond: ((id >= 8532007) AND (id <= 8532107))

table 5 : explain SELECT id, c FROM sbtest5 WHERE id BETWEEN 8532007 AND 8532107
	Index Scan using sbtest5_pkey on sbtest5  (cost=0.43..384.92 rows=97 width=125)
	  Index Cond: ((id >= 8532007) AND (id <= 8532107))

table 6 : explain SELECT id, c FROM sbtest6 WHERE id BETWEEN 8532007 AND 8532107
	Index Scan using sbtest6_pkey on sbtest6  (cost=0.43..416.21 rows=105 width=125)
	  Index Cond: ((id >= 8532007) AND (id <= 8532107))

table 7 : explain SELECT id, c FROM sbtest7 WHERE id BETWEEN 8532007 AND 8532107
	Index Scan using sbtest7_pkey on sbtest7  (cost=0.43..364.59 rows=92 width=125)
	  Index Cond: ((id >= 8532007) AND (id <= 8532107))

table 8 : explain SELECT id, c FROM sbtest8 WHERE id BETWEEN 8532007 AND 8532107
	Index Scan using sbtest8_pkey on sbtest8  (cost=0.43..370.93 rows=94 width=125)
	  Index Cond: ((id >= 8532007) AND (id <= 8532107))

explain: for range-notcovered :: explain SELECT id, c FROM sbtest%d WHERE id BETWEEN 8532007 AND 8532107
for range-notcovered
table 1 : explain SELECT id, c FROM sbtest1 WHERE id BETWEEN 3578377 AND 3578477
	Index Scan using sbtest1_pkey on sbtest1  (cost=0.43..407.59 rows=103 width=125)
	  Index Cond: ((id >= 3578377) AND (id <= 3578477))

table 2 : explain SELECT id, c FROM sbtest2 WHERE id BETWEEN 3578377 AND 3578477
	Index Scan using sbtest2_pkey on sbtest2  (cost=0.43..422.68 rows=106 width=125)
	  Index Cond: ((id >= 3578377) AND (id <= 3578477))

table 3 : explain SELECT id, c FROM sbtest3 WHERE id BETWEEN 3578377 AND 3578477
	Index Scan using sbtest3_pkey on sbtest3  (cost=0.43..389.01 rows=98 width=125)
	  Index Cond: ((id >= 3578377) AND (id <= 3578477))

table 4 : explain SELECT id, c FROM sbtest4 WHERE id BETWEEN 3578377 AND 3578477
	Index Scan using sbtest4_pkey on sbtest4  (cost=0.43..384.95 rows=97 width=125)
	  Index Cond: ((id >= 3578377) AND (id <= 3578477))

table 5 : explain SELECT id, c FROM sbtest5 WHERE id BETWEEN 3578377 AND 3578477
	Index Scan using sbtest5_pkey on sbtest5  (cost=0.43..384.92 rows=97 width=125)
	  Index Cond: ((id >= 3578377) AND (id <= 3578477))

table 6 : explain SELECT id, c FROM sbtest6 WHERE id BETWEEN 3578377 AND 3578477
	Index Scan using sbtest6_pkey on sbtest6  (cost=0.43..380.93 rows=96 width=125)
	  Index Cond: ((id >= 3578377) AND (id <= 3578477))

table 7 : explain SELECT id, c FROM sbtest7 WHERE id BETWEEN 3578377 AND 3578477
	Index Scan using sbtest7_pkey on sbtest7  (cost=0.43..403.71 rows=102 width=125)
	  Index Cond: ((id >= 3578377) AND (id <= 3578477))

table 8 : explain SELECT id, c FROM sbtest8 WHERE id BETWEEN 3578377 AND 3578477
	Index Scan using sbtest8_pkey on sbtest8  (cost=0.43..378.72 rows=96 width=125)
	  Index Cond: ((id >= 3578377) AND (id <= 3578477))

for range-notcovered
table 1 : explain SELECT id, c FROM sbtest1 WHERE id BETWEEN 1626002 AND 1626102
	Index Scan using sbtest1_pkey on sbtest1  (cost=0.43..419.33 rows=106 width=125)
	  Index Cond: ((id >= 1626002) AND (id <= 1626102))

table 2 : explain SELECT id, c FROM sbtest2 WHERE id BETWEEN 1626002 AND 1626102
	Index Scan using sbtest2_pkey on sbtest2  (cost=0.43..391.13 rows=98 width=125)
	  Index Cond: ((id >= 1626002) AND (id <= 1626102))

table 3 : explain SELECT id, c FROM sbtest3 WHERE id BETWEEN 1626002 AND 1626102
	Index Scan using sbtest3_pkey on sbtest3  (cost=0.43..396.86 rows=100 width=125)
	  Index Cond: ((id >= 1626002) AND (id <= 1626102))

table 4 : explain SELECT id, c FROM sbtest4 WHERE id BETWEEN 1626002 AND 1626102
	Index Scan using sbtest4_pkey on sbtest4  (cost=0.43..357.51 rows=90 width=125)
	  Index Cond: ((id >= 1626002) AND (id <= 1626102))

table 5 : explain SELECT id, c FROM sbtest5 WHERE id BETWEEN 1626002 AND 1626102
	Index Scan using sbtest5_pkey on sbtest5  (cost=0.43..439.84 rows=111 width=125)
	  Index Cond: ((id >= 1626002) AND (id <= 1626102))

table 6 : explain SELECT id, c FROM sbtest6 WHERE id BETWEEN 1626002 AND 1626102
	Index Scan using sbtest6_pkey on sbtest6  (cost=0.43..420.13 rows=106 width=125)
	  Index Cond: ((id >= 1626002) AND (id <= 1626102))

table 7 : explain SELECT id, c FROM sbtest7 WHERE id BETWEEN 1626002 AND 1626102
	Index Scan using sbtest7_pkey on sbtest7  (cost=0.43..411.54 rows=104 width=125)
	  Index Cond: ((id >= 1626002) AND (id <= 1626102))

table 8 : explain SELECT id, c FROM sbtest8 WHERE id BETWEEN 1626002 AND 1626102
	Index Scan using sbtest8_pkey on sbtest8  (cost=0.43..394.31 rows=100 width=125)
	  Index Cond: ((id >= 1626002) AND (id <= 1626102))

explain: for range-notcovered :: explain SELECT id, c FROM sbtest%d WHERE id BETWEEN 1626002 AND 1626102
explain: for range-notcovered :: explain SELECT id, c FROM sbtest%d WHERE id BETWEEN 3578377 AND 3578477
for range-notcovered
table 1 : explain SELECT id, c FROM sbtest1 WHERE id BETWEEN 5382060 AND 5382160
	Index Scan using sbtest1_pkey on sbtest1  (cost=0.43..395.86 rows=100 width=125)
	  Index Cond: ((id >= 5382060) AND (id <= 5382160))

table 2 : explain SELECT id, c FROM sbtest2 WHERE id BETWEEN 5382060 AND 5382160
	Index Scan using sbtest2_pkey on sbtest2  (cost=0.43..387.18 rows=97 width=125)
	  Index Cond: ((id >= 5382060) AND (id <= 5382160))

table 3 : explain SELECT id, c FROM sbtest3 WHERE id BETWEEN 5382060 AND 5382160
	Index Scan using sbtest3_pkey on sbtest3  (cost=0.43..389.01 rows=98 width=125)
	  Index Cond: ((id >= 5382060) AND (id <= 5382160))

table 4 : explain SELECT id, c FROM sbtest4 WHERE id BETWEEN 5382060 AND 5382160
	Index Scan using sbtest4_pkey on sbtest4  (cost=0.43..416.32 rows=105 width=125)
	  Index Cond: ((id >= 5382060) AND (id <= 5382160))

table 5 : explain SELECT id, c FROM sbtest5 WHERE id BETWEEN 5382060 AND 5382160
	Index Scan using sbtest5_pkey on sbtest5  (cost=0.43..373.16 rows=94 width=125)
	  Index Cond: ((id >= 5382060) AND (id <= 5382160))

table 6 : explain SELECT id, c FROM sbtest6 WHERE id BETWEEN 5382060 AND 5382160
	Index Scan using sbtest6_pkey on sbtest6  (cost=0.43..439.73 rows=111 width=125)
	  Index Cond: ((id >= 5382060) AND (id <= 5382160))

table 7 : explain SELECT id, c FROM sbtest7 WHERE id BETWEEN 5382060 AND 5382160
	Index Scan using sbtest7_pkey on sbtest7  (cost=0.43..372.41 rows=94 width=125)
	  Index Cond: ((id >= 5382060) AND (id <= 5382160))

table 8 : explain SELECT id, c FROM sbtest8 WHERE id BETWEEN 5382060 AND 5382160
	Index Scan using sbtest8_pkey on sbtest8  (cost=0.43..378.72 rows=96 width=125)
	  Index Cond: ((id >= 5382060) AND (id <= 5382160))

explain: for range-notcovered :: explain SELECT id, c FROM sbtest%d WHERE id BETWEEN 5382060 AND 5382160
for range-notcovered
table 1 : explain SELECT id, c FROM sbtest1 WHERE id BETWEEN 8532007 AND 8532107
	Index Scan using sbtest1_pkey on sbtest1  (cost=0.43..399.77 rows=101 width=125)
	  Index Cond: ((id >= 8532007) AND (id <= 8532107))

table 2 : explain SELECT id, c FROM sbtest2 WHERE id BETWEEN 8532007 AND 8532107
	Index Scan using sbtest2_pkey on sbtest2  (cost=0.43..371.39 rows=93 width=125)
	  Index Cond: ((id >= 8532007) AND (id <= 8532107))

table 3 : explain SELECT id, c FROM sbtest3 WHERE id BETWEEN 8532007 AND 8532107
	Index Scan using sbtest3_pkey on sbtest3  (cost=0.43..404.70 rows=102 width=125)
	  Index Cond: ((id >= 8532007) AND (id <= 8532107))

table 4 : explain SELECT id, c FROM sbtest4 WHERE id BETWEEN 8532007 AND 8532107
	Index Scan using sbtest4_pkey on sbtest4  (cost=0.43..392.80 rows=99 width=125)
	  Index Cond: ((id >= 8532007) AND (id <= 8532107))

table 5 : explain SELECT id, c FROM sbtest5 WHERE id BETWEEN 8532007 AND 8532107
	Index Scan using sbtest5_pkey on sbtest5  (cost=0.43..384.92 rows=97 width=125)
	  Index Cond: ((id >= 8532007) AND (id <= 8532107))

table 6 : explain SELECT id, c FROM sbtest6 WHERE id BETWEEN 8532007 AND 8532107
	Index Scan using sbtest6_pkey on sbtest6  (cost=0.43..416.21 rows=105 width=125)
	  Index Cond: ((id >= 8532007) AND (id <= 8532107))

table 7 : explain SELECT id, c FROM sbtest7 WHERE id BETWEEN 8532007 AND 8532107
	Index Scan using sbtest7_pkey on sbtest7  (cost=0.43..364.59 rows=92 width=125)
	  Index Cond: ((id >= 8532007) AND (id <= 8532107))

table 8 : explain SELECT id, c FROM sbtest8 WHERE id BETWEEN 8532007 AND 8532107
	Index Scan using sbtest8_pkey on sbtest8  (cost=0.43..370.93 rows=94 width=125)
	  Index Cond: ((id >= 8532007) AND (id <= 8532107))

for range-notcovered
table 1 : explain SELECT id, c FROM sbtest1 WHERE id BETWEEN 1626002 AND 1626102
	Index Scan using sbtest1_pkey on sbtest1  (cost=0.43..419.33 rows=106 width=125)
	  Index Cond: ((id >= 1626002) AND (id <= 1626102))

table 2 : explain SELECT id, c FROM sbtest2 WHERE id BETWEEN 1626002 AND 1626102
	Index Scan using sbtest2_pkey on sbtest2  (cost=0.43..391.13 rows=98 width=125)
	  Index Cond: ((id >= 1626002) AND (id <= 1626102))

table 3 : explain SELECT id, c FROM sbtest3 WHERE id BETWEEN 1626002 AND 1626102
	Index Scan using sbtest3_pkey on sbtest3  (cost=0.43..396.86 rows=100 width=125)
	  Index Cond: ((id >= 1626002) AND (id <= 1626102))

table 4 : explain SELECT id, c FROM sbtest4 WHERE id BETWEEN 1626002 AND 1626102
	Index Scan using sbtest4_pkey on sbtest4  (cost=0.43..357.51 rows=90 width=125)
	  Index Cond: ((id >= 1626002) AND (id <= 1626102))

table 5 : explain SELECT id, c FROM sbtest5 WHERE id BETWEEN 1626002 AND 1626102
	Index Scan using sbtest5_pkey on sbtest5  (cost=0.43..439.84 rows=111 width=125)
	  Index Cond: ((id >= 1626002) AND (id <= 1626102))

table 6 : explain SELECT id, c FROM sbtest6 WHERE id BETWEEN 1626002 AND 1626102
	Index Scan using sbtest6_pkey on sbtest6  (cost=0.43..420.13 rows=106 width=125)
	  Index Cond: ((id >= 1626002) AND (id <= 1626102))

table 7 : explain SELECT id, c FROM sbtest7 WHERE id BETWEEN 1626002 AND 1626102
	Index Scan using sbtest7_pkey on sbtest7  (cost=0.43..411.54 rows=104 width=125)
	  Index Cond: ((id >= 1626002) AND (id <= 1626102))

table 8 : explain SELECT id, c FROM sbtest8 WHERE id BETWEEN 1626002 AND 1626102
	Index Scan using sbtest8_pkey on sbtest8  (cost=0.43..394.31 rows=100 width=125)
	  Index Cond: ((id >= 1626002) AND (id <= 1626102))

for range-notcovered
table 1 : explain SELECT id, c FROM sbtest1 WHERE id BETWEEN 3578377 AND 3578477
	Index Scan using sbtest1_pkey on sbtest1  (cost=0.43..407.59 rows=103 width=125)
	  Index Cond: ((id >= 3578377) AND (id <= 3578477))

table 2 : explain SELECT id, c FROM sbtest2 WHERE id BETWEEN 3578377 AND 3578477
	Index Scan using sbtest2_pkey on sbtest2  (cost=0.43..422.68 rows=106 width=125)
	  Index Cond: ((id >= 3578377) AND (id <= 3578477))

table 3 : explain SELECT id, c FROM sbtest3 WHERE id BETWEEN 3578377 AND 3578477
	Index Scan using sbtest3_pkey on sbtest3  (cost=0.43..389.01 rows=98 width=125)
	  Index Cond: ((id >= 3578377) AND (id <= 3578477))

table 4 : explain SELECT id, c FROM sbtest4 WHERE id BETWEEN 3578377 AND 3578477
	Index Scan using sbtest4_pkey on sbtest4  (cost=0.43..384.95 rows=97 width=125)
	  Index Cond: ((id >= 3578377) AND (id <= 3578477))

table 5 : explain SELECT id, c FROM sbtest5 WHERE id BETWEEN 3578377 AND 3578477
	Index Scan using sbtest5_pkey on sbtest5  (cost=0.43..384.92 rows=97 width=125)
	  Index Cond: ((id >= 3578377) AND (id <= 3578477))

table 6 : explain SELECT id, c FROM sbtest6 WHERE id BETWEEN 3578377 AND 3578477
	Index Scan using sbtest6_pkey on sbtest6  (cost=0.43..380.93 rows=96 width=125)
	  Index Cond: ((id >= 3578377) AND (id <= 3578477))

table 7 : explain SELECT id, c FROM sbtest7 WHERE id BETWEEN 3578377 AND 3578477
	Index Scan using sbtest7_pkey on sbtest7  (cost=0.43..403.71 rows=102 width=125)
	  Index Cond: ((id >= 3578377) AND (id <= 3578477))

table 8 : explain SELECT id, c FROM sbtest8 WHERE id BETWEEN 3578377 AND 3578477
	Index Scan using sbtest8_pkey on sbtest8  (cost=0.43..378.72 rows=96 width=125)
	  Index Cond: ((id >= 3578377) AND (id <= 3578477))

for range-notcovered
table 1 : explain SELECT id, c FROM sbtest1 WHERE id BETWEEN 2760698 AND 2760798
	Index Scan using sbtest1_pkey on sbtest1  (cost=0.43..407.59 rows=103 width=125)
	  Index Cond: ((id >= 2760698) AND (id <= 2760798))

table 2 : explain SELECT id, c FROM sbtest2 WHERE id BETWEEN 2760698 AND 2760798
	Index Scan using sbtest2_pkey on sbtest2  (cost=0.43..395.07 rows=99 width=125)
	  Index Cond: ((id >= 2760698) AND (id <= 2760798))

table 3 : explain SELECT id, c FROM sbtest3 WHERE id BETWEEN 2760698 AND 2760798
	Index Scan using sbtest3_pkey on sbtest3  (cost=0.43..412.55 rows=104 width=125)
	  Index Cond: ((id >= 2760698) AND (id <= 2760798))

table 4 : explain SELECT id, c FROM sbtest4 WHERE id BETWEEN 2760698 AND 2760798
	Index Scan using sbtest4_pkey on sbtest4  (cost=0.43..396.72 rows=100 width=125)
	  Index Cond: ((id >= 2760698) AND (id <= 2760798))

table 5 : explain SELECT id, c FROM sbtest5 WHERE id BETWEEN 2760698 AND 2760798
	Index Scan using sbtest5_pkey on sbtest5  (cost=0.43..416.31 rows=105 width=125)
	  Index Cond: ((id >= 2760698) AND (id <= 2760798))

table 6 : explain SELECT id, c FROM sbtest6 WHERE id BETWEEN 2760698 AND 2760798
	Index Scan using sbtest6_pkey on sbtest6  (cost=0.43..404.45 rows=102 width=125)
	  Index Cond: ((id >= 2760698) AND (id <= 2760798))

table 7 : explain SELECT id, c FROM sbtest7 WHERE id BETWEEN 2760698 AND 2760798
	Index Scan using sbtest7_pkey on sbtest7  (cost=0.43..403.71 rows=102 width=125)
	  Index Cond: ((id >= 2760698) AND (id <= 2760798))

table 8 : explain SELECT id, c FROM sbtest8 WHERE id BETWEEN 2760698 AND 2760798
	Index Scan using sbtest8_pkey on sbtest8  (cost=0.43..386.51 rows=98 width=125)
	  Index Cond: ((id >= 2760698) AND (id <= 2760798))

explain: for range-notcovered :: explain SELECT id, c FROM sbtest%d WHERE id BETWEEN 3578377 AND 3578477
explain: for range-notcovered :: explain SELECT id, c FROM sbtest%d WHERE id BETWEEN 2760698 AND 2760798
for range-notcovered
table 1 : explain SELECT id, c FROM sbtest1 WHERE id BETWEEN 5382060 AND 5382160
	Index Scan using sbtest1_pkey on sbtest1  (cost=0.43..395.86 rows=100 width=125)
	  Index Cond: ((id >= 5382060) AND (id <= 5382160))

table 2 : explain SELECT id, c FROM sbtest2 WHERE id BETWEEN 5382060 AND 5382160
	Index Scan using sbtest2_pkey on sbtest2  (cost=0.43..387.18 rows=97 width=125)
	  Index Cond: ((id >= 5382060) AND (id <= 5382160))

table 3 : explain SELECT id, c FROM sbtest3 WHERE id BETWEEN 5382060 AND 5382160
	Index Scan using sbtest3_pkey on sbtest3  (cost=0.43..389.01 rows=98 width=125)
	  Index Cond: ((id >= 5382060) AND (id <= 5382160))

table 4 : explain SELECT id, c FROM sbtest4 WHERE id BETWEEN 5382060 AND 5382160
	Index Scan using sbtest4_pkey on sbtest4  (cost=0.43..416.32 rows=105 width=125)
	  Index Cond: ((id >= 5382060) AND (id <= 5382160))

table 5 : explain SELECT id, c FROM sbtest5 WHERE id BETWEEN 5382060 AND 5382160
	Index Scan using sbtest5_pkey on sbtest5  (cost=0.43..373.16 rows=94 width=125)
	  Index Cond: ((id >= 5382060) AND (id <= 5382160))

table 6 : explain SELECT id, c FROM sbtest6 WHERE id BETWEEN 5382060 AND 5382160
	Index Scan using sbtest6_pkey on sbtest6  (cost=0.43..439.73 rows=111 width=125)
	  Index Cond: ((id >= 5382060) AND (id <= 5382160))

table 7 : explain SELECT id, c FROM sbtest7 WHERE id BETWEEN 5382060 AND 5382160
	Index Scan using sbtest7_pkey on sbtest7  (cost=0.43..372.41 rows=94 width=125)
	  Index Cond: ((id >= 5382060) AND (id <= 5382160))

table 8 : explain SELECT id, c FROM sbtest8 WHERE id BETWEEN 5382060 AND 5382160
	Index Scan using sbtest8_pkey on sbtest8  (cost=0.43..378.72 rows=96 width=125)
	  Index Cond: ((id >= 5382060) AND (id <= 5382160))

explain: for range-notcovered :: explain SELECT id, c FROM sbtest%d WHERE id BETWEEN 5382060 AND 5382160
for range-notcovered
table 1 : explain SELECT id, c FROM sbtest1 WHERE id BETWEEN 7429319 AND 7429419
	Index Scan using sbtest1_pkey on sbtest1  (cost=0.43..462.37 rows=117 width=125)
	  Index Cond: ((id >= 7429319) AND (id <= 7429419))

table 2 : explain SELECT id, c FROM sbtest2 WHERE id BETWEEN 7429319 AND 7429419
	Index Scan using sbtest2_pkey on sbtest2  (cost=0.43..446.35 rows=112 width=125)
	  Index Cond: ((id >= 7429319) AND (id <= 7429419))

table 3 : explain SELECT id, c FROM sbtest3 WHERE id BETWEEN 7429319 AND 7429419
	Index Scan using sbtest3_pkey on sbtest3  (cost=0.43..392.93 rows=99 width=125)
	  Index Cond: ((id >= 7429319) AND (id <= 7429419))

table 4 : explain SELECT id, c FROM sbtest4 WHERE id BETWEEN 7429319 AND 7429419
	Index Scan using sbtest4_pkey on sbtest4  (cost=0.43..432.01 rows=109 width=125)
	  Index Cond: ((id >= 7429319) AND (id <= 7429419))

table 5 : explain SELECT id, c FROM sbtest5 WHERE id BETWEEN 7429319 AND 7429419
	Index Scan using sbtest5_pkey on sbtest5  (cost=0.43..369.24 rows=93 width=125)
	  Index Cond: ((id >= 7429319) AND (id <= 7429419))

table 6 : explain SELECT id, c FROM sbtest6 WHERE id BETWEEN 7429319 AND 7429419
	Index Scan using sbtest6_pkey on sbtest6  (cost=0.43..392.69 rows=99 width=125)
	  Index Cond: ((id >= 7429319) AND (id <= 7429419))

table 7 : explain SELECT id, c FROM sbtest7 WHERE id BETWEEN 7429319 AND 7429419
	Index Scan using sbtest7_pkey on sbtest7  (cost=0.43..403.71 rows=102 width=125)
	  Index Cond: ((id >= 7429319) AND (id <= 7429419))

table 8 : explain SELECT id, c FROM sbtest8 WHERE id BETWEEN 7429319 AND 7429419
	Index Scan using sbtest8_pkey on sbtest8  (cost=0.43..406.00 rows=103 width=125)
	  Index Cond: ((id >= 7429319) AND (id <= 7429419))

explain: for range-notcovered :: explain SELECT id, c FROM sbtest%d WHERE id BETWEEN 7429319 AND 7429419
for range-notcovered
table 1 : explain SELECT id, c FROM sbtest1 WHERE id BETWEEN 7450009 AND 7450109
	Index Scan using sbtest1_pkey on sbtest1  (cost=0.43..462.37 rows=117 width=125)
	  Index Cond: ((id >= 7450009) AND (id <= 7450109))

table 2 : explain SELECT id, c FROM sbtest2 WHERE id BETWEEN 7450009 AND 7450109
	Index Scan using sbtest2_pkey on sbtest2  (cost=0.43..446.35 rows=112 width=125)
	  Index Cond: ((id >= 7450009) AND (id <= 7450109))

table 3 : explain SELECT id, c FROM sbtest3 WHERE id BETWEEN 7450009 AND 7450109
	Index Scan using sbtest3_pkey on sbtest3  (cost=0.43..392.93 rows=99 width=125)
	  Index Cond: ((id >= 7450009) AND (id <= 7450109))

table 4 : explain SELECT id, c FROM sbtest4 WHERE id BETWEEN 7450009 AND 7450109
	Index Scan using sbtest4_pkey on sbtest4  (cost=0.43..432.01 rows=109 width=125)
	  Index Cond: ((id >= 7450009) AND (id <= 7450109))

table 5 : explain SELECT id, c FROM sbtest5 WHERE id BETWEEN 7450009 AND 7450109
	Index Scan using sbtest5_pkey on sbtest5  (cost=0.43..369.24 rows=93 width=125)
	  Index Cond: ((id >= 7450009) AND (id <= 7450109))

table 6 : explain SELECT id, c FROM sbtest6 WHERE id BETWEEN 7450009 AND 7450109
	Index Scan using sbtest6_pkey on sbtest6  (cost=0.43..392.69 rows=99 width=125)
	  Index Cond: ((id >= 7450009) AND (id <= 7450109))

table 7 : explain SELECT id, c FROM sbtest7 WHERE id BETWEEN 7450009 AND 7450109
	Index Scan using sbtest7_pkey on sbtest7  (cost=0.43..403.71 rows=102 width=125)
	  Index Cond: ((id >= 7450009) AND (id <= 7450109))

table 8 : explain SELECT id, c FROM sbtest8 WHERE id BETWEEN 7450009 AND 7450109
	Index Scan using sbtest8_pkey on sbtest8  (cost=0.43..406.00 rows=103 width=125)
	  Index Cond: ((id >= 7450009) AND (id <= 7450109))

explain: for range-notcovered :: explain SELECT id, c FROM sbtest%d WHERE id BETWEEN 7450009 AND 7450109
for range-notcovered
table 1 : explain SELECT id, c FROM sbtest1 WHERE id BETWEEN 3578377 AND 3578477
	Index Scan using sbtest1_pkey on sbtest1  (cost=0.43..407.59 rows=103 width=125)
	  Index Cond: ((id >= 3578377) AND (id <= 3578477))

table 2 : explain SELECT id, c FROM sbtest2 WHERE id BETWEEN 3578377 AND 3578477
	Index Scan using sbtest2_pkey on sbtest2  (cost=0.43..422.68 rows=106 width=125)
	  Index Cond: ((id >= 3578377) AND (id <= 3578477))

table 3 : explain SELECT id, c FROM sbtest3 WHERE id BETWEEN 3578377 AND 3578477
	Index Scan using sbtest3_pkey on sbtest3  (cost=0.43..389.01 rows=98 width=125)
	  Index Cond: ((id >= 3578377) AND (id <= 3578477))

table 4 : explain SELECT id, c FROM sbtest4 WHERE id BETWEEN 3578377 AND 3578477
	Index Scan using sbtest4_pkey on sbtest4  (cost=0.43..384.95 rows=97 width=125)
	  Index Cond: ((id >= 3578377) AND (id <= 3578477))

table 5 : explain SELECT id, c FROM sbtest5 WHERE id BETWEEN 3578377 AND 3578477
	Index Scan using sbtest5_pkey on sbtest5  (cost=0.43..384.92 rows=97 width=125)
	  Index Cond: ((id >= 3578377) AND (id <= 3578477))

table 6 : explain SELECT id, c FROM sbtest6 WHERE id BETWEEN 3578377 AND 3578477
	Index Scan using sbtest6_pkey on sbtest6  (cost=0.43..380.93 rows=96 width=125)
	  Index Cond: ((id >= 3578377) AND (id <= 3578477))

table 7 : explain SELECT id, c FROM sbtest7 WHERE id BETWEEN 3578377 AND 3578477
	Index Scan using sbtest7_pkey on sbtest7  (cost=0.43..403.71 rows=102 width=125)
	  Index Cond: ((id >= 3578377) AND (id <= 3578477))

table 8 : explain SELECT id, c FROM sbtest8 WHERE id BETWEEN 3578377 AND 3578477
	Index Scan using sbtest8_pkey on sbtest8  (cost=0.43..378.72 rows=96 width=125)
	  Index Cond: ((id >= 3578377) AND (id <= 3578477))

explain: for range-notcovered :: explain SELECT id, c FROM sbtest%d WHERE id BETWEEN 3578377 AND 3578477
for range-notcovered
table 1 : explain SELECT id, c FROM sbtest1 WHERE id BETWEEN 5382060 AND 5382160
	Index Scan using sbtest1_pkey on sbtest1  (cost=0.43..395.86 rows=100 width=125)
	  Index Cond: ((id >= 5382060) AND (id <= 5382160))

table 2 : explain SELECT id, c FROM sbtest2 WHERE id BETWEEN 5382060 AND 5382160
	Index Scan using sbtest2_pkey on sbtest2  (cost=0.43..387.18 rows=97 width=125)
	  Index Cond: ((id >= 5382060) AND (id <= 5382160))

table 3 : explain SELECT id, c FROM sbtest3 WHERE id BETWEEN 5382060 AND 5382160
	Index Scan using sbtest3_pkey on sbtest3  (cost=0.43..389.01 rows=98 width=125)
	  Index Cond: ((id >= 5382060) AND (id <= 5382160))

table 4 : explain SELECT id, c FROM sbtest4 WHERE id BETWEEN 5382060 AND 5382160
	Index Scan using sbtest4_pkey on sbtest4  (cost=0.43..416.32 rows=105 width=125)
	  Index Cond: ((id >= 5382060) AND (id <= 5382160))

table 5 : explain SELECT id, c FROM sbtest5 WHERE id BETWEEN 5382060 AND 5382160
	Index Scan using sbtest5_pkey on sbtest5  (cost=0.43..373.16 rows=94 width=125)
	  Index Cond: ((id >= 5382060) AND (id <= 5382160))

table 6 : explain SELECT id, c FROM sbtest6 WHERE id BETWEEN 5382060 AND 5382160
	Index Scan using sbtest6_pkey on sbtest6  (cost=0.43..439.73 rows=111 width=125)
	  Index Cond: ((id >= 5382060) AND (id <= 5382160))

table 7 : explain SELECT id, c FROM sbtest7 WHERE id BETWEEN 5382060 AND 5382160
	Index Scan using sbtest7_pkey on sbtest7  (cost=0.43..372.41 rows=94 width=125)
	  Index Cond: ((id >= 5382060) AND (id <= 5382160))

table 8 : explain SELECT id, c FROM sbtest8 WHERE id BETWEEN 5382060 AND 5382160
	Index Scan using sbtest8_pkey on sbtest8  (cost=0.43..378.72 rows=96 width=125)
	  Index Cond: ((id >= 5382060) AND (id <= 5382160))

for range-notcovered
table 1 : explain SELECT id, c FROM sbtest1 WHERE id BETWEEN 2760698 AND 2760798
	Index Scan using sbtest1_pkey on sbtest1  (cost=0.43..407.59 rows=103 width=125)
	  Index Cond: ((id >= 2760698) AND (id <= 2760798))

table 2 : explain SELECT id, c FROM sbtest2 WHERE id BETWEEN 2760698 AND 2760798
	Index Scan using sbtest2_pkey on sbtest2  (cost=0.43..395.07 rows=99 width=125)
	  Index Cond: ((id >= 2760698) AND (id <= 2760798))

table 3 : explain SELECT id, c FROM sbtest3 WHERE id BETWEEN 2760698 AND 2760798
	Index Scan using sbtest3_pkey on sbtest3  (cost=0.43..412.55 rows=104 width=125)
	  Index Cond: ((id >= 2760698) AND (id <= 2760798))

table 4 : explain SELECT id, c FROM sbtest4 WHERE id BETWEEN 2760698 AND 2760798
	Index Scan using sbtest4_pkey on sbtest4  (cost=0.43..396.72 rows=100 width=125)
	  Index Cond: ((id >= 2760698) AND (id <= 2760798))

table 5 : explain SELECT id, c FROM sbtest5 WHERE id BETWEEN 2760698 AND 2760798
	Index Scan using sbtest5_pkey on sbtest5  (cost=0.43..416.31 rows=105 width=125)
	  Index Cond: ((id >= 2760698) AND (id <= 2760798))

table 6 : explain SELECT id, c FROM sbtest6 WHERE id BETWEEN 2760698 AND 2760798
	Index Scan using sbtest6_pkey on sbtest6  (cost=0.43..404.45 rows=102 width=125)
	  Index Cond: ((id >= 2760698) AND (id <= 2760798))

table 7 : explain SELECT id, c FROM sbtest7 WHERE id BETWEEN 2760698 AND 2760798
	Index Scan using sbtest7_pkey on sbtest7  (cost=0.43..403.71 rows=102 width=125)
	  Index Cond: ((id >= 2760698) AND (id <= 2760798))

table 8 : explain SELECT id, c FROM sbtest8 WHERE id BETWEEN 2760698 AND 2760798
	Index Scan using sbtest8_pkey on sbtest8  (cost=0.43..386.51 rows=98 width=125)
	  Index Cond: ((id >= 2760698) AND (id <= 2760798))

explain: for range-notcovered :: explain SELECT id, c FROM sbtest%d WHERE id BETWEEN 5382060 AND 5382160
explain: for range-notcovered :: explain SELECT id, c FROM sbtest%d WHERE id BETWEEN 2760698 AND 2760798
for range-notcovered
table 1 : explain SELECT id, c FROM sbtest1 WHERE id BETWEEN 7429319 AND 7429419
	Index Scan using sbtest1_pkey on sbtest1  (cost=0.43..462.37 rows=117 width=125)
	  Index Cond: ((id >= 7429319) AND (id <= 7429419))

table 2 : explain SELECT id, c FROM sbtest2 WHERE id BETWEEN 7429319 AND 7429419
	Index Scan using sbtest2_pkey on sbtest2  (cost=0.43..446.35 rows=112 width=125)
	  Index Cond: ((id >= 7429319) AND (id <= 7429419))

table 3 : explain SELECT id, c FROM sbtest3 WHERE id BETWEEN 7429319 AND 7429419
	Index Scan using sbtest3_pkey on sbtest3  (cost=0.43..392.93 rows=99 width=125)
	  Index Cond: ((id >= 7429319) AND (id <= 7429419))

table 4 : explain SELECT id, c FROM sbtest4 WHERE id BETWEEN 7429319 AND 7429419
	Index Scan using sbtest4_pkey on sbtest4  (cost=0.43..432.01 rows=109 width=125)
	  Index Cond: ((id >= 7429319) AND (id <= 7429419))

table 5 : explain SELECT id, c FROM sbtest5 WHERE id BETWEEN 7429319 AND 7429419
	Index Scan using sbtest5_pkey on sbtest5  (cost=0.43..369.24 rows=93 width=125)
	  Index Cond: ((id >= 7429319) AND (id <= 7429419))

table 6 : explain SELECT id, c FROM sbtest6 WHERE id BETWEEN 7429319 AND 7429419
	Index Scan using sbtest6_pkey on sbtest6  (cost=0.43..392.69 rows=99 width=125)
	  Index Cond: ((id >= 7429319) AND (id <= 7429419))

table 7 : explain SELECT id, c FROM sbtest7 WHERE id BETWEEN 7429319 AND 7429419
	Index Scan using sbtest7_pkey on sbtest7  (cost=0.43..403.71 rows=102 width=125)
	  Index Cond: ((id >= 7429319) AND (id <= 7429419))

table 8 : explain SELECT id, c FROM sbtest8 WHERE id BETWEEN 7429319 AND 7429419
	Index Scan using sbtest8_pkey on sbtest8  (cost=0.43..406.00 rows=103 width=125)
	  Index Cond: ((id >= 7429319) AND (id <= 7429419))

explain: for range-notcovered :: explain SELECT id, c FROM sbtest%d WHERE id BETWEEN 7429319 AND 7429419
for range-notcovered
table 1 : explain SELECT id, c FROM sbtest1 WHERE id BETWEEN 3578377 AND 3578477
	Index Scan using sbtest1_pkey on sbtest1  (cost=0.43..407.59 rows=103 width=125)
	  Index Cond: ((id >= 3578377) AND (id <= 3578477))

table 2 : explain SELECT id, c FROM sbtest2 WHERE id BETWEEN 3578377 AND 3578477
	Index Scan using sbtest2_pkey on sbtest2  (cost=0.43..422.68 rows=106 width=125)
	  Index Cond: ((id >= 3578377) AND (id <= 3578477))

table 3 : explain SELECT id, c FROM sbtest3 WHERE id BETWEEN 3578377 AND 3578477
	Index Scan using sbtest3_pkey on sbtest3  (cost=0.43..389.01 rows=98 width=125)
	  Index Cond: ((id >= 3578377) AND (id <= 3578477))

table 4 : explain SELECT id, c FROM sbtest4 WHERE id BETWEEN 3578377 AND 3578477
	Index Scan using sbtest4_pkey on sbtest4  (cost=0.43..384.95 rows=97 width=125)
	  Index Cond: ((id >= 3578377) AND (id <= 3578477))

table 5 : explain SELECT id, c FROM sbtest5 WHERE id BETWEEN 3578377 AND 3578477
	Index Scan using sbtest5_pkey on sbtest5  (cost=0.43..384.92 rows=97 width=125)
	  Index Cond: ((id >= 3578377) AND (id <= 3578477))

table 6 : explain SELECT id, c FROM sbtest6 WHERE id BETWEEN 3578377 AND 3578477
	Index Scan using sbtest6_pkey on sbtest6  (cost=0.43..380.93 rows=96 width=125)
	  Index Cond: ((id >= 3578377) AND (id <= 3578477))

table 7 : explain SELECT id, c FROM sbtest7 WHERE id BETWEEN 3578377 AND 3578477
	Index Scan using sbtest7_pkey on sbtest7  (cost=0.43..403.71 rows=102 width=125)
	  Index Cond: ((id >= 3578377) AND (id <= 3578477))

table 8 : explain SELECT id, c FROM sbtest8 WHERE id BETWEEN 3578377 AND 3578477
	Index Scan using sbtest8_pkey on sbtest8  (cost=0.43..378.72 rows=96 width=125)
	  Index Cond: ((id >= 3578377) AND (id <= 3578477))

for range-notcovered
table 1 : explain SELECT id, c FROM sbtest1 WHERE id BETWEEN 7450009 AND 7450109
	Index Scan using sbtest1_pkey on sbtest1  (cost=0.43..462.37 rows=117 width=125)
	  Index Cond: ((id >= 7450009) AND (id <= 7450109))

table 2 : explain SELECT id, c FROM sbtest2 WHERE id BETWEEN 7450009 AND 7450109
	Index Scan using sbtest2_pkey on sbtest2  (cost=0.43..446.35 rows=112 width=125)
	  Index Cond: ((id >= 7450009) AND (id <= 7450109))

table 3 : explain SELECT id, c FROM sbtest3 WHERE id BETWEEN 7450009 AND 7450109
	Index Scan using sbtest3_pkey on sbtest3  (cost=0.43..392.93 rows=99 width=125)
	  Index Cond: ((id >= 7450009) AND (id <= 7450109))

table 4 : explain SELECT id, c FROM sbtest4 WHERE id BETWEEN 7450009 AND 7450109
	Index Scan using sbtest4_pkey on sbtest4  (cost=0.43..432.01 rows=109 width=125)
	  Index Cond: ((id >= 7450009) AND (id <= 7450109))

table 5 : explain SELECT id, c FROM sbtest5 WHERE id BETWEEN 7450009 AND 7450109
	Index Scan using sbtest5_pkey on sbtest5  (cost=0.43..369.24 rows=93 width=125)
	  Index Cond: ((id >= 7450009) AND (id <= 7450109))

table 6 : explain SELECT id, c FROM sbtest6 WHERE id BETWEEN 7450009 AND 7450109
	Index Scan using sbtest6_pkey on sbtest6  (cost=0.43..392.69 rows=99 width=125)
	  Index Cond: ((id >= 7450009) AND (id <= 7450109))

table 7 : explain SELECT id, c FROM sbtest7 WHERE id BETWEEN 7450009 AND 7450109
	Index Scan using sbtest7_pkey on sbtest7  (cost=0.43..403.71 rows=102 width=125)
	  Index Cond: ((id >= 7450009) AND (id <= 7450109))

table 8 : explain SELECT id, c FROM sbtest8 WHERE id BETWEEN 7450009 AND 7450109
	Index Scan using sbtest8_pkey on sbtest8  (cost=0.43..406.00 rows=103 width=125)
	  Index Cond: ((id >= 7450009) AND (id <= 7450109))

explain: for range-notcovered :: explain SELECT id, c FROM sbtest%d WHERE id BETWEEN 3578377 AND 3578477
explain: for range-notcovered :: explain SELECT id, c FROM sbtest%d WHERE id BETWEEN 7450009 AND 7450109
for range-notcovered
table 1 : explain SELECT id, c FROM sbtest1 WHERE id BETWEEN 5382060 AND 5382160
	Index Scan using sbtest1_pkey on sbtest1  (cost=0.43..395.86 rows=100 width=125)
	  Index Cond: ((id >= 5382060) AND (id <= 5382160))

table 2 : explain SELECT id, c FROM sbtest2 WHERE id BETWEEN 5382060 AND 5382160
	Index Scan using sbtest2_pkey on sbtest2  (cost=0.43..387.18 rows=97 width=125)
	  Index Cond: ((id >= 5382060) AND (id <= 5382160))

table 3 : explain SELECT id, c FROM sbtest3 WHERE id BETWEEN 5382060 AND 5382160
	Index Scan using sbtest3_pkey on sbtest3  (cost=0.43..389.01 rows=98 width=125)
	  Index Cond: ((id >= 5382060) AND (id <= 5382160))

table 4 : explain SELECT id, c FROM sbtest4 WHERE id BETWEEN 5382060 AND 5382160
	Index Scan using sbtest4_pkey on sbtest4  (cost=0.43..416.32 rows=105 width=125)
	  Index Cond: ((id >= 5382060) AND (id <= 5382160))

table 5 : explain SELECT id, c FROM sbtest5 WHERE id BETWEEN 5382060 AND 5382160
	Index Scan using sbtest5_pkey on sbtest5  (cost=0.43..373.16 rows=94 width=125)
	  Index Cond: ((id >= 5382060) AND (id <= 5382160))

table 6 : explain SELECT id, c FROM sbtest6 WHERE id BETWEEN 5382060 AND 5382160
	Index Scan using sbtest6_pkey on sbtest6  (cost=0.43..439.73 rows=111 width=125)
	  Index Cond: ((id >= 5382060) AND (id <= 5382160))

table 7 : explain SELECT id, c FROM sbtest7 WHERE id BETWEEN 5382060 AND 5382160
	Index Scan using sbtest7_pkey on sbtest7  (cost=0.43..372.41 rows=94 width=125)
	  Index Cond: ((id >= 5382060) AND (id <= 5382160))

table 8 : explain SELECT id, c FROM sbtest8 WHERE id BETWEEN 5382060 AND 5382160
	Index Scan using sbtest8_pkey on sbtest8  (cost=0.43..378.72 rows=96 width=125)
	  Index Cond: ((id >= 5382060) AND (id <= 5382160))

for range-notcovered
table 1 : explain SELECT id, c FROM sbtest1 WHERE id BETWEEN 2760698 AND 2760798
	Index Scan using sbtest1_pkey on sbtest1  (cost=0.43..407.59 rows=103 width=125)
	  Index Cond: ((id >= 2760698) AND (id <= 2760798))

table 2 : explain SELECT id, c FROM sbtest2 WHERE id BETWEEN 2760698 AND 2760798
	Index Scan using sbtest2_pkey on sbtest2  (cost=0.43..395.07 rows=99 width=125)
	  Index Cond: ((id >= 2760698) AND (id <= 2760798))

table 3 : explain SELECT id, c FROM sbtest3 WHERE id BETWEEN 2760698 AND 2760798
	Index Scan using sbtest3_pkey on sbtest3  (cost=0.43..412.55 rows=104 width=125)
	  Index Cond: ((id >= 2760698) AND (id <= 2760798))

table 4 : explain SELECT id, c FROM sbtest4 WHERE id BETWEEN 2760698 AND 2760798
	Index Scan using sbtest4_pkey on sbtest4  (cost=0.43..396.72 rows=100 width=125)
	  Index Cond: ((id >= 2760698) AND (id <= 2760798))

table 5 : explain SELECT id, c FROM sbtest5 WHERE id BETWEEN 2760698 AND 2760798
	Index Scan using sbtest5_pkey on sbtest5  (cost=0.43..416.31 rows=105 width=125)
	  Index Cond: ((id >= 2760698) AND (id <= 2760798))

table 6 : explain SELECT id, c FROM sbtest6 WHERE id BETWEEN 2760698 AND 2760798
	Index Scan using sbtest6_pkey on sbtest6  (cost=0.43..404.45 rows=102 width=125)
	  Index Cond: ((id >= 2760698) AND (id <= 2760798))

table 7 : explain SELECT id, c FROM sbtest7 WHERE id BETWEEN 2760698 AND 2760798
	Index Scan using sbtest7_pkey on sbtest7  (cost=0.43..403.71 rows=102 width=125)
	  Index Cond: ((id >= 2760698) AND (id <= 2760798))

table 8 : explain SELECT id, c FROM sbtest8 WHERE id BETWEEN 2760698 AND 2760798
	Index Scan using sbtest8_pkey on sbtest8  (cost=0.43..386.51 rows=98 width=125)
	  Index Cond: ((id >= 2760698) AND (id <= 2760798))

explain: for range-notcovered :: explain SELECT id, c FROM sbtest%d WHERE id BETWEEN 5382060 AND 5382160
explain: for range-notcovered :: explain SELECT id, c FROM sbtest%d WHERE id BETWEEN 2760698 AND 2760798
for range-notcovered
table 1 : explain SELECT id, c FROM sbtest1 WHERE id BETWEEN 7429319 AND 7429419
	Index Scan using sbtest1_pkey on sbtest1  (cost=0.43..462.37 rows=117 width=125)
	  Index Cond: ((id >= 7429319) AND (id <= 7429419))

table 2 : explain SELECT id, c FROM sbtest2 WHERE id BETWEEN 7429319 AND 7429419
	Index Scan using sbtest2_pkey on sbtest2  (cost=0.43..446.35 rows=112 width=125)
	  Index Cond: ((id >= 7429319) AND (id <= 7429419))

table 3 : explain SELECT id, c FROM sbtest3 WHERE id BETWEEN 7429319 AND 7429419
	Index Scan using sbtest3_pkey on sbtest3  (cost=0.43..392.93 rows=99 width=125)
	  Index Cond: ((id >= 7429319) AND (id <= 7429419))

table 4 : explain SELECT id, c FROM sbtest4 WHERE id BETWEEN 7429319 AND 7429419
	Index Scan using sbtest4_pkey on sbtest4  (cost=0.43..432.01 rows=109 width=125)
	  Index Cond: ((id >= 7429319) AND (id <= 7429419))

table 5 : explain SELECT id, c FROM sbtest5 WHERE id BETWEEN 7429319 AND 7429419
	Index Scan using sbtest5_pkey on sbtest5  (cost=0.43..369.24 rows=93 width=125)
	  Index Cond: ((id >= 7429319) AND (id <= 7429419))

table 6 : explain SELECT id, c FROM sbtest6 WHERE id BETWEEN 7429319 AND 7429419
	Index Scan using sbtest6_pkey on sbtest6  (cost=0.43..392.69 rows=99 width=125)
	  Index Cond: ((id >= 7429319) AND (id <= 7429419))

table 7 : explain SELECT id, c FROM sbtest7 WHERE id BETWEEN 7429319 AND 7429419
	Index Scan using sbtest7_pkey on sbtest7  (cost=0.43..403.71 rows=102 width=125)
	  Index Cond: ((id >= 7429319) AND (id <= 7429419))

table 8 : explain SELECT id, c FROM sbtest8 WHERE id BETWEEN 7429319 AND 7429419
	Index Scan using sbtest8_pkey on sbtest8  (cost=0.43..406.00 rows=103 width=125)
	  Index Cond: ((id >= 7429319) AND (id <= 7429419))

explain: for range-notcovered :: explain SELECT id, c FROM sbtest%d WHERE id BETWEEN 7429319 AND 7429419
for range-notcovered
table 1 : explain SELECT id, c FROM sbtest1 WHERE id BETWEEN 3578377 AND 3578477
	Index Scan using sbtest1_pkey on sbtest1  (cost=0.43..407.59 rows=103 width=125)
	  Index Cond: ((id >= 3578377) AND (id <= 3578477))

table 2 : explain SELECT id, c FROM sbtest2 WHERE id BETWEEN 3578377 AND 3578477
	Index Scan using sbtest2_pkey on sbtest2  (cost=0.43..422.68 rows=106 width=125)
	  Index Cond: ((id >= 3578377) AND (id <= 3578477))

table 3 : explain SELECT id, c FROM sbtest3 WHERE id BETWEEN 3578377 AND 3578477
	Index Scan using sbtest3_pkey on sbtest3  (cost=0.43..389.01 rows=98 width=125)
	  Index Cond: ((id >= 3578377) AND (id <= 3578477))

table 4 : explain SELECT id, c FROM sbtest4 WHERE id BETWEEN 3578377 AND 3578477
	Index Scan using sbtest4_pkey on sbtest4  (cost=0.43..384.95 rows=97 width=125)
	  Index Cond: ((id >= 3578377) AND (id <= 3578477))

table 5 : explain SELECT id, c FROM sbtest5 WHERE id BETWEEN 3578377 AND 3578477
	Index Scan using sbtest5_pkey on sbtest5  (cost=0.43..384.92 rows=97 width=125)
	  Index Cond: ((id >= 3578377) AND (id <= 3578477))

table 6 : explain SELECT id, c FROM sbtest6 WHERE id BETWEEN 3578377 AND 3578477
	Index Scan using sbtest6_pkey on sbtest6  (cost=0.43..380.93 rows=96 width=125)
	  Index Cond: ((id >= 3578377) AND (id <= 3578477))

table 7 : explain SELECT id, c FROM sbtest7 WHERE id BETWEEN 3578377 AND 3578477
	Index Scan using sbtest7_pkey on sbtest7  (cost=0.43..403.71 rows=102 width=125)
	  Index Cond: ((id >= 3578377) AND (id <= 3578477))

table 8 : explain SELECT id, c FROM sbtest8 WHERE id BETWEEN 3578377 AND 3578477
	Index Scan using sbtest8_pkey on sbtest8  (cost=0.43..378.72 rows=96 width=125)
	  Index Cond: ((id >= 3578377) AND (id <= 3578477))

for range-notcovered
table 1 : explain SELECT id, c FROM sbtest1 WHERE id BETWEEN 7450009 AND 7450109
	Index Scan using sbtest1_pkey on sbtest1  (cost=0.43..462.37 rows=117 width=125)
	  Index Cond: ((id >= 7450009) AND (id <= 7450109))

table 2 : explain SELECT id, c FROM sbtest2 WHERE id BETWEEN 7450009 AND 7450109
	Index Scan using sbtest2_pkey on sbtest2  (cost=0.43..446.35 rows=112 width=125)
	  Index Cond: ((id >= 7450009) AND (id <= 7450109))

table 3 : explain SELECT id, c FROM sbtest3 WHERE id BETWEEN 7450009 AND 7450109
	Index Scan using sbtest3_pkey on sbtest3  (cost=0.43..392.93 rows=99 width=125)
	  Index Cond: ((id >= 7450009) AND (id <= 7450109))

table 4 : explain SELECT id, c FROM sbtest4 WHERE id BETWEEN 7450009 AND 7450109
	Index Scan using sbtest4_pkey on sbtest4  (cost=0.43..432.01 rows=109 width=125)
	  Index Cond: ((id >= 7450009) AND (id <= 7450109))

table 5 : explain SELECT id, c FROM sbtest5 WHERE id BETWEEN 7450009 AND 7450109
	Index Scan using sbtest5_pkey on sbtest5  (cost=0.43..369.24 rows=93 width=125)
	  Index Cond: ((id >= 7450009) AND (id <= 7450109))

table 6 : explain SELECT id, c FROM sbtest6 WHERE id BETWEEN 7450009 AND 7450109
	Index Scan using sbtest6_pkey on sbtest6  (cost=0.43..392.69 rows=99 width=125)
	  Index Cond: ((id >= 7450009) AND (id <= 7450109))

table 7 : explain SELECT id, c FROM sbtest7 WHERE id BETWEEN 7450009 AND 7450109
	Index Scan using sbtest7_pkey on sbtest7  (cost=0.43..403.71 rows=102 width=125)
	  Index Cond: ((id >= 7450009) AND (id <= 7450109))

table 8 : explain SELECT id, c FROM sbtest8 WHERE id BETWEEN 7450009 AND 7450109
	Index Scan using sbtest8_pkey on sbtest8  (cost=0.43..406.00 rows=103 width=125)
	  Index Cond: ((id >= 7450009) AND (id <= 7450109))

explain: for range-notcovered :: explain SELECT id, c FROM sbtest%d WHERE id BETWEEN 3578377 AND 3578477
explain: for range-notcovered :: explain SELECT id, c FROM sbtest%d WHERE id BETWEEN 7450009 AND 7450109
for range-notcovered
table 1 : explain SELECT id, c FROM sbtest1 WHERE id BETWEEN 2760698 AND 2760798
	Index Scan using sbtest1_pkey on sbtest1  (cost=0.43..407.59 rows=103 width=125)
	  Index Cond: ((id >= 2760698) AND (id <= 2760798))

table 2 : explain SELECT id, c FROM sbtest2 WHERE id BETWEEN 2760698 AND 2760798
	Index Scan using sbtest2_pkey on sbtest2  (cost=0.43..395.07 rows=99 width=125)
	  Index Cond: ((id >= 2760698) AND (id <= 2760798))

table 3 : explain SELECT id, c FROM sbtest3 WHERE id BETWEEN 2760698 AND 2760798
	Index Scan using sbtest3_pkey on sbtest3  (cost=0.43..412.55 rows=104 width=125)
	  Index Cond: ((id >= 2760698) AND (id <= 2760798))

table 4 : explain SELECT id, c FROM sbtest4 WHERE id BETWEEN 2760698 AND 2760798
	Index Scan using sbtest4_pkey on sbtest4  (cost=0.43..396.72 rows=100 width=125)
	  Index Cond: ((id >= 2760698) AND (id <= 2760798))

table 5 : explain SELECT id, c FROM sbtest5 WHERE id BETWEEN 2760698 AND 2760798
	Index Scan using sbtest5_pkey on sbtest5  (cost=0.43..416.31 rows=105 width=125)
	  Index Cond: ((id >= 2760698) AND (id <= 2760798))

table 6 : explain SELECT id, c FROM sbtest6 WHERE id BETWEEN 2760698 AND 2760798
	Index Scan using sbtest6_pkey on sbtest6  (cost=0.43..404.45 rows=102 width=125)
	  Index Cond: ((id >= 2760698) AND (id <= 2760798))

table 7 : explain SELECT id, c FROM sbtest7 WHERE id BETWEEN 2760698 AND 2760798
	Index Scan using sbtest7_pkey on sbtest7  (cost=0.43..403.71 rows=102 width=125)
	  Index Cond: ((id >= 2760698) AND (id <= 2760798))

table 8 : explain SELECT id, c FROM sbtest8 WHERE id BETWEEN 2760698 AND 2760798
	Index Scan using sbtest8_pkey on sbtest8  (cost=0.43..386.51 rows=98 width=125)
	  Index Cond: ((id >= 2760698) AND (id <= 2760798))

for range-notcovered
table 1 : explain SELECT id, c FROM sbtest1 WHERE id BETWEEN 5382060 AND 5382160
	Index Scan using sbtest1_pkey on sbtest1  (cost=0.43..395.86 rows=100 width=125)
	  Index Cond: ((id >= 5382060) AND (id <= 5382160))

table 2 : explain SELECT id, c FROM sbtest2 WHERE id BETWEEN 5382060 AND 5382160
	Index Scan using sbtest2_pkey on sbtest2  (cost=0.43..387.18 rows=97 width=125)
	  Index Cond: ((id >= 5382060) AND (id <= 5382160))

table 3 : explain SELECT id, c FROM sbtest3 WHERE id BETWEEN 5382060 AND 5382160
	Index Scan using sbtest3_pkey on sbtest3  (cost=0.43..389.01 rows=98 width=125)
	  Index Cond: ((id >= 5382060) AND (id <= 5382160))

table 4 : explain SELECT id, c FROM sbtest4 WHERE id BETWEEN 5382060 AND 5382160
	Index Scan using sbtest4_pkey on sbtest4  (cost=0.43..416.32 rows=105 width=125)
	  Index Cond: ((id >= 5382060) AND (id <= 5382160))

table 5 : explain SELECT id, c FROM sbtest5 WHERE id BETWEEN 5382060 AND 5382160
	Index Scan using sbtest5_pkey on sbtest5  (cost=0.43..373.16 rows=94 width=125)
	  Index Cond: ((id >= 5382060) AND (id <= 5382160))

table 6 : explain SELECT id, c FROM sbtest6 WHERE id BETWEEN 5382060 AND 5382160
	Index Scan using sbtest6_pkey on sbtest6  (cost=0.43..439.73 rows=111 width=125)
	  Index Cond: ((id >= 5382060) AND (id <= 5382160))

table 7 : explain SELECT id, c FROM sbtest7 WHERE id BETWEEN 5382060 AND 5382160
	Index Scan using sbtest7_pkey on sbtest7  (cost=0.43..372.41 rows=94 width=125)
	  Index Cond: ((id >= 5382060) AND (id <= 5382160))

table 8 : explain SELECT id, c FROM sbtest8 WHERE id BETWEEN 5382060 AND 5382160
	Index Scan using sbtest8_pkey on sbtest8  (cost=0.43..378.72 rows=96 width=125)
	  Index Cond: ((id >= 5382060) AND (id <= 5382160))

explain: for range-notcovered :: explain SELECT id, c FROM sbtest%d WHERE id BETWEEN 2760698 AND 2760798
for range-notcovered
table 1 : explain SELECT id, c FROM sbtest1 WHERE id BETWEEN 7429319 AND 7429419
	Index Scan using sbtest1_pkey on sbtest1  (cost=0.43..462.37 rows=117 width=125)
	  Index Cond: ((id >= 7429319) AND (id <= 7429419))

table 2 : explain SELECT id, c FROM sbtest2 WHERE id BETWEEN 7429319 AND 7429419
	Index Scan using sbtest2_pkey on sbtest2  (cost=0.43..446.35 rows=112 width=125)
	  Index Cond: ((id >= 7429319) AND (id <= 7429419))

table 3 : explain SELECT id, c FROM sbtest3 WHERE id BETWEEN 7429319 AND 7429419
	Index Scan using sbtest3_pkey on sbtest3  (cost=0.43..392.93 rows=99 width=125)
	  Index Cond: ((id >= 7429319) AND (id <= 7429419))

table 4 : explain SELECT id, c FROM sbtest4 WHERE id BETWEEN 7429319 AND 7429419
	Index Scan using sbtest4_pkey on sbtest4  (cost=0.43..432.01 rows=109 width=125)
	  Index Cond: ((id >= 7429319) AND (id <= 7429419))

table 5 : explain SELECT id, c FROM sbtest5 WHERE id BETWEEN 7429319 AND 7429419
	Index Scan using sbtest5_pkey on sbtest5  (cost=0.43..369.24 rows=93 width=125)
	  Index Cond: ((id >= 7429319) AND (id <= 7429419))

table 6 : explain SELECT id, c FROM sbtest6 WHERE id BETWEEN 7429319 AND 7429419
	Index Scan using sbtest6_pkey on sbtest6  (cost=0.43..392.69 rows=99 width=125)
	  Index Cond: ((id >= 7429319) AND (id <= 7429419))

table 7 : explain SELECT id, c FROM sbtest7 WHERE id BETWEEN 7429319 AND 7429419
	Index Scan using sbtest7_pkey on sbtest7  (cost=0.43..403.71 rows=102 width=125)
	  Index Cond: ((id >= 7429319) AND (id <= 7429419))

table 8 : explain SELECT id, c FROM sbtest8 WHERE id BETWEEN 7429319 AND 7429419
	Index Scan using sbtest8_pkey on sbtest8  (cost=0.43..406.00 rows=103 width=125)
	  Index Cond: ((id >= 7429319) AND (id <= 7429419))

explain: for range-notcovered :: explain SELECT id, c FROM sbtest%d WHERE id BETWEEN 7429319 AND 7429419
explain: for range-notcovered :: explain SELECT id, c FROM sbtest%d WHERE id BETWEEN 3163905 AND 3164005
explain: for range-notcovered :: explain SELECT id, c FROM sbtest%d WHERE id BETWEEN 6135758 AND 6135858
for range-notcovered
table 1 : explain SELECT id, c FROM sbtest1 WHERE id BETWEEN 7450009 AND 7450109
	Index Scan using sbtest1_pkey on sbtest1  (cost=0.43..462.37 rows=117 width=125)
	  Index Cond: ((id >= 7450009) AND (id <= 7450109))

table 2 : explain SELECT id, c FROM sbtest2 WHERE id BETWEEN 7450009 AND 7450109
	Index Scan using sbtest2_pkey on sbtest2  (cost=0.43..446.35 rows=112 width=125)
	  Index Cond: ((id >= 7450009) AND (id <= 7450109))

table 3 : explain SELECT id, c FROM sbtest3 WHERE id BETWEEN 7450009 AND 7450109
	Index Scan using sbtest3_pkey on sbtest3  (cost=0.43..392.93 rows=99 width=125)
	  Index Cond: ((id >= 7450009) AND (id <= 7450109))

table 4 : explain SELECT id, c FROM sbtest4 WHERE id BETWEEN 7450009 AND 7450109
	Index Scan using sbtest4_pkey on sbtest4  (cost=0.43..432.01 rows=109 width=125)
	  Index Cond: ((id >= 7450009) AND (id <= 7450109))

table 5 : explain SELECT id, c FROM sbtest5 WHERE id BETWEEN 7450009 AND 7450109
	Index Scan using sbtest5_pkey on sbtest5  (cost=0.43..369.24 rows=93 width=125)
	  Index Cond: ((id >= 7450009) AND (id <= 7450109))

table 6 : explain SELECT id, c FROM sbtest6 WHERE id BETWEEN 7450009 AND 7450109
	Index Scan using sbtest6_pkey on sbtest6  (cost=0.43..392.69 rows=99 width=125)
	  Index Cond: ((id >= 7450009) AND (id <= 7450109))

table 7 : explain SELECT id, c FROM sbtest7 WHERE id BETWEEN 7450009 AND 7450109
	Index Scan using sbtest7_pkey on sbtest7  (cost=0.43..403.71 rows=102 width=125)
	  Index Cond: ((id >= 7450009) AND (id <= 7450109))

table 8 : explain SELECT id, c FROM sbtest8 WHERE id BETWEEN 7450009 AND 7450109
	Index Scan using sbtest8_pkey on sbtest8  (cost=0.43..406.00 rows=103 width=125)
	  Index Cond: ((id >= 7450009) AND (id <= 7450109))

explain: for range-notcovered :: explain SELECT id, c FROM sbtest%d WHERE id BETWEEN 7450009 AND 7450109
for range-notcovered
table 1 : explain SELECT id, c FROM sbtest1 WHERE id BETWEEN 2760698 AND 2760798
	Index Scan using sbtest1_pkey on sbtest1  (cost=0.43..407.59 rows=103 width=125)
	  Index Cond: ((id >= 2760698) AND (id <= 2760798))

table 2 : explain SELECT id, c FROM sbtest2 WHERE id BETWEEN 2760698 AND 2760798
	Index Scan using sbtest2_pkey on sbtest2  (cost=0.43..395.07 rows=99 width=125)
	  Index Cond: ((id >= 2760698) AND (id <= 2760798))

table 3 : explain SELECT id, c FROM sbtest3 WHERE id BETWEEN 2760698 AND 2760798
	Index Scan using sbtest3_pkey on sbtest3  (cost=0.43..412.55 rows=104 width=125)
	  Index Cond: ((id >= 2760698) AND (id <= 2760798))

table 4 : explain SELECT id, c FROM sbtest4 WHERE id BETWEEN 2760698 AND 2760798
	Index Scan using sbtest4_pkey on sbtest4  (cost=0.43..396.72 rows=100 width=125)
	  Index Cond: ((id >= 2760698) AND (id <= 2760798))

table 5 : explain SELECT id, c FROM sbtest5 WHERE id BETWEEN 2760698 AND 2760798
	Index Scan using sbtest5_pkey on sbtest5  (cost=0.43..416.31 rows=105 width=125)
	  Index Cond: ((id >= 2760698) AND (id <= 2760798))

table 6 : explain SELECT id, c FROM sbtest6 WHERE id BETWEEN 2760698 AND 2760798
	Index Scan using sbtest6_pkey on sbtest6  (cost=0.43..404.45 rows=102 width=125)
	  Index Cond: ((id >= 2760698) AND (id <= 2760798))

table 7 : explain SELECT id, c FROM sbtest7 WHERE id BETWEEN 2760698 AND 2760798
	Index Scan using sbtest7_pkey on sbtest7  (cost=0.43..403.71 rows=102 width=125)
	  Index Cond: ((id >= 2760698) AND (id <= 2760798))

table 8 : explain SELECT id, c FROM sbtest8 WHERE id BETWEEN 2760698 AND 2760798
	Index Scan using sbtest8_pkey on sbtest8  (cost=0.43..386.51 rows=98 width=125)
	  Index Cond: ((id >= 2760698) AND (id <= 2760798))

explain: for range-notcovered :: explain SELECT id, c FROM sbtest%d WHERE id BETWEEN 2760698 AND 2760798
for range-notcovered
table 1 : explain SELECT id, c FROM sbtest1 WHERE id BETWEEN 7429319 AND 7429419
	Index Scan using sbtest1_pkey on sbtest1  (cost=0.43..462.37 rows=117 width=125)
	  Index Cond: ((id >= 7429319) AND (id <= 7429419))

table 2 : explain SELECT id, c FROM sbtest2 WHERE id BETWEEN 7429319 AND 7429419
	Index Scan using sbtest2_pkey on sbtest2  (cost=0.43..446.35 rows=112 width=125)
	  Index Cond: ((id >= 7429319) AND (id <= 7429419))

table 3 : explain SELECT id, c FROM sbtest3 WHERE id BETWEEN 7429319 AND 7429419
	Index Scan using sbtest3_pkey on sbtest3  (cost=0.43..392.93 rows=99 width=125)
	  Index Cond: ((id >= 7429319) AND (id <= 7429419))

table 4 : explain SELECT id, c FROM sbtest4 WHERE id BETWEEN 7429319 AND 7429419
	Index Scan using sbtest4_pkey on sbtest4  (cost=0.43..432.01 rows=109 width=125)
	  Index Cond: ((id >= 7429319) AND (id <= 7429419))

table 5 : explain SELECT id, c FROM sbtest5 WHERE id BETWEEN 7429319 AND 7429419
	Index Scan using sbtest5_pkey on sbtest5  (cost=0.43..369.24 rows=93 width=125)
	  Index Cond: ((id >= 7429319) AND (id <= 7429419))

table 6 : explain SELECT id, c FROM sbtest6 WHERE id BETWEEN 7429319 AND 7429419
	Index Scan using sbtest6_pkey on sbtest6  (cost=0.43..392.69 rows=99 width=125)
	  Index Cond: ((id >= 7429319) AND (id <= 7429419))

table 7 : explain SELECT id, c FROM sbtest7 WHERE id BETWEEN 7429319 AND 7429419
	Index Scan using sbtest7_pkey on sbtest7  (cost=0.43..403.71 rows=102 width=125)
	  Index Cond: ((id >= 7429319) AND (id <= 7429419))

table 8 : explain SELECT id, c FROM sbtest8 WHERE id BETWEEN 7429319 AND 7429419
	Index Scan using sbtest8_pkey on sbtest8  (cost=0.43..406.00 rows=103 width=125)
	  Index Cond: ((id >= 7429319) AND (id <= 7429419))

for range-notcovered
table 1 : explain SELECT id, c FROM sbtest1 WHERE id BETWEEN 3578377 AND 3578477
	Index Scan using sbtest1_pkey on sbtest1  (cost=0.43..407.59 rows=103 width=125)
	  Index Cond: ((id >= 3578377) AND (id <= 3578477))

table 2 : explain SELECT id, c FROM sbtest2 WHERE id BETWEEN 3578377 AND 3578477
	Index Scan using sbtest2_pkey on sbtest2  (cost=0.43..422.68 rows=106 width=125)
	  Index Cond: ((id >= 3578377) AND (id <= 3578477))

table 3 : explain SELECT id, c FROM sbtest3 WHERE id BETWEEN 3578377 AND 3578477
	Index Scan using sbtest3_pkey on sbtest3  (cost=0.43..389.01 rows=98 width=125)
	  Index Cond: ((id >= 3578377) AND (id <= 3578477))

table 4 : explain SELECT id, c FROM sbtest4 WHERE id BETWEEN 3578377 AND 3578477
	Index Scan using sbtest4_pkey on sbtest4  (cost=0.43..384.95 rows=97 width=125)
	  Index Cond: ((id >= 3578377) AND (id <= 3578477))

table 5 : explain SELECT id, c FROM sbtest5 WHERE id BETWEEN 3578377 AND 3578477
	Index Scan using sbtest5_pkey on sbtest5  (cost=0.43..384.92 rows=97 width=125)
	  Index Cond: ((id >= 3578377) AND (id <= 3578477))

table 6 : explain SELECT id, c FROM sbtest6 WHERE id BETWEEN 3578377 AND 3578477
	Index Scan using sbtest6_pkey on sbtest6  (cost=0.43..380.93 rows=96 width=125)
	  Index Cond: ((id >= 3578377) AND (id <= 3578477))

table 7 : explain SELECT id, c FROM sbtest7 WHERE id BETWEEN 3578377 AND 3578477
	Index Scan using sbtest7_pkey on sbtest7  (cost=0.43..403.71 rows=102 width=125)
	  Index Cond: ((id >= 3578377) AND (id <= 3578477))

table 8 : explain SELECT id, c FROM sbtest8 WHERE id BETWEEN 3578377 AND 3578477
	Index Scan using sbtest8_pkey on sbtest8  (cost=0.43..378.72 rows=96 width=125)
	  Index Cond: ((id >= 3578377) AND (id <= 3578477))

explain: for range-notcovered :: explain SELECT id, c FROM sbtest%d WHERE id BETWEEN 7429319 AND 7429419
explain: for range-notcovered :: explain SELECT id, c FROM sbtest%d WHERE id BETWEEN 3578377 AND 3578477
for range-notcovered
table 1 : explain SELECT id, c FROM sbtest1 WHERE id BETWEEN 7450009 AND 7450109
	Index Scan using sbtest1_pkey on sbtest1  (cost=0.43..462.37 rows=117 width=125)
	  Index Cond: ((id >= 7450009) AND (id <= 7450109))

table 2 : explain SELECT id, c FROM sbtest2 WHERE id BETWEEN 7450009 AND 7450109
	Index Scan using sbtest2_pkey on sbtest2  (cost=0.43..446.35 rows=112 width=125)
	  Index Cond: ((id >= 7450009) AND (id <= 7450109))

table 3 : explain SELECT id, c FROM sbtest3 WHERE id BETWEEN 7450009 AND 7450109
	Index Scan using sbtest3_pkey on sbtest3  (cost=0.43..392.93 rows=99 width=125)
	  Index Cond: ((id >= 7450009) AND (id <= 7450109))

table 4 : explain SELECT id, c FROM sbtest4 WHERE id BETWEEN 7450009 AND 7450109
	Index Scan using sbtest4_pkey on sbtest4  (cost=0.43..432.01 rows=109 width=125)
	  Index Cond: ((id >= 7450009) AND (id <= 7450109))

table 5 : explain SELECT id, c FROM sbtest5 WHERE id BETWEEN 7450009 AND 7450109
	Index Scan using sbtest5_pkey on sbtest5  (cost=0.43..369.24 rows=93 width=125)
	  Index Cond: ((id >= 7450009) AND (id <= 7450109))

table 6 : explain SELECT id, c FROM sbtest6 WHERE id BETWEEN 7450009 AND 7450109
	Index Scan using sbtest6_pkey on sbtest6  (cost=0.43..392.69 rows=99 width=125)
	  Index Cond: ((id >= 7450009) AND (id <= 7450109))

table 7 : explain SELECT id, c FROM sbtest7 WHERE id BETWEEN 7450009 AND 7450109
	Index Scan using sbtest7_pkey on sbtest7  (cost=0.43..403.71 rows=102 width=125)
	  Index Cond: ((id >= 7450009) AND (id <= 7450109))

table 8 : explain SELECT id, c FROM sbtest8 WHERE id BETWEEN 7450009 AND 7450109
	Index Scan using sbtest8_pkey on sbtest8  (cost=0.43..406.00 rows=103 width=125)
	  Index Cond: ((id >= 7450009) AND (id <= 7450109))

explain: for range-notcovered :: explain SELECT id, c FROM sbtest%d WHERE id BETWEEN 7450009 AND 7450109
for range-notcovered
table 1 : explain SELECT id, c FROM sbtest1 WHERE id BETWEEN 2760698 AND 2760798
	Index Scan using sbtest1_pkey on sbtest1  (cost=0.43..407.59 rows=103 width=125)
	  Index Cond: ((id >= 2760698) AND (id <= 2760798))

table 2 : explain SELECT id, c FROM sbtest2 WHERE id BETWEEN 2760698 AND 2760798
	Index Scan using sbtest2_pkey on sbtest2  (cost=0.43..395.07 rows=99 width=125)
	  Index Cond: ((id >= 2760698) AND (id <= 2760798))

table 3 : explain SELECT id, c FROM sbtest3 WHERE id BETWEEN 2760698 AND 2760798
	Index Scan using sbtest3_pkey on sbtest3  (cost=0.43..412.55 rows=104 width=125)
	  Index Cond: ((id >= 2760698) AND (id <= 2760798))

table 4 : explain SELECT id, c FROM sbtest4 WHERE id BETWEEN 2760698 AND 2760798
	Index Scan using sbtest4_pkey on sbtest4  (cost=0.43..396.72 rows=100 width=125)
	  Index Cond: ((id >= 2760698) AND (id <= 2760798))

table 5 : explain SELECT id, c FROM sbtest5 WHERE id BETWEEN 2760698 AND 2760798
	Index Scan using sbtest5_pkey on sbtest5  (cost=0.43..416.31 rows=105 width=125)
	  Index Cond: ((id >= 2760698) AND (id <= 2760798))

table 6 : explain SELECT id, c FROM sbtest6 WHERE id BETWEEN 2760698 AND 2760798
	Index Scan using sbtest6_pkey on sbtest6  (cost=0.43..404.45 rows=102 width=125)
	  Index Cond: ((id >= 2760698) AND (id <= 2760798))

table 7 : explain SELECT id, c FROM sbtest7 WHERE id BETWEEN 2760698 AND 2760798
	Index Scan using sbtest7_pkey on sbtest7  (cost=0.43..403.71 rows=102 width=125)
	  Index Cond: ((id >= 2760698) AND (id <= 2760798))

table 8 : explain SELECT id, c FROM sbtest8 WHERE id BETWEEN 2760698 AND 2760798
	Index Scan using sbtest8_pkey on sbtest8  (cost=0.43..386.51 rows=98 width=125)
	  Index Cond: ((id >= 2760698) AND (id <= 2760798))

for range-notcovered
table 1 : explain SELECT id, c FROM sbtest1 WHERE id BETWEEN 7429319 AND 7429419
	Index Scan using sbtest1_pkey on sbtest1  (cost=0.43..462.37 rows=117 width=125)
	  Index Cond: ((id >= 7429319) AND (id <= 7429419))

table 2 : explain SELECT id, c FROM sbtest2 WHERE id BETWEEN 7429319 AND 7429419
	Index Scan using sbtest2_pkey on sbtest2  (cost=0.43..446.35 rows=112 width=125)
	  Index Cond: ((id >= 7429319) AND (id <= 7429419))

table 3 : explain SELECT id, c FROM sbtest3 WHERE id BETWEEN 7429319 AND 7429419
	Index Scan using sbtest3_pkey on sbtest3  (cost=0.43..392.93 rows=99 width=125)
	  Index Cond: ((id >= 7429319) AND (id <= 7429419))

table 4 : explain SELECT id, c FROM sbtest4 WHERE id BETWEEN 7429319 AND 7429419
	Index Scan using sbtest4_pkey on sbtest4  (cost=0.43..432.01 rows=109 width=125)
	  Index Cond: ((id >= 7429319) AND (id <= 7429419))

table 5 : explain SELECT id, c FROM sbtest5 WHERE id BETWEEN 7429319 AND 7429419
	Index Scan using sbtest5_pkey on sbtest5  (cost=0.43..369.24 rows=93 width=125)
	  Index Cond: ((id >= 7429319) AND (id <= 7429419))

table 6 : explain SELECT id, c FROM sbtest6 WHERE id BETWEEN 7429319 AND 7429419
	Index Scan using sbtest6_pkey on sbtest6  (cost=0.43..392.69 rows=99 width=125)
	  Index Cond: ((id >= 7429319) AND (id <= 7429419))

table 7 : explain SELECT id, c FROM sbtest7 WHERE id BETWEEN 7429319 AND 7429419
	Index Scan using sbtest7_pkey on sbtest7  (cost=0.43..403.71 rows=102 width=125)
	  Index Cond: ((id >= 7429319) AND (id <= 7429419))

table 8 : explain SELECT id, c FROM sbtest8 WHERE id BETWEEN 7429319 AND 7429419
	Index Scan using sbtest8_pkey on sbtest8  (cost=0.43..406.00 rows=103 width=125)
	  Index Cond: ((id >= 7429319) AND (id <= 7429419))

explain: for range-notcovered :: explain SELECT id, c FROM sbtest%d WHERE id BETWEEN 2760698 AND 2760798
explain: for range-notcovered :: explain SELECT id, c FROM sbtest%d WHERE id BETWEEN 7429319 AND 7429419
for range-notcovered
table 1 : explain SELECT id, c FROM sbtest1 WHERE id BETWEEN 7450009 AND 7450109
	Index Scan using sbtest1_pkey on sbtest1  (cost=0.43..462.37 rows=117 width=125)
	  Index Cond: ((id >= 7450009) AND (id <= 7450109))

table 2 : explain SELECT id, c FROM sbtest2 WHERE id BETWEEN 7450009 AND 7450109
	Index Scan using sbtest2_pkey on sbtest2  (cost=0.43..446.35 rows=112 width=125)
	  Index Cond: ((id >= 7450009) AND (id <= 7450109))

table 3 : explain SELECT id, c FROM sbtest3 WHERE id BETWEEN 7450009 AND 7450109
	Index Scan using sbtest3_pkey on sbtest3  (cost=0.43..392.93 rows=99 width=125)
	  Index Cond: ((id >= 7450009) AND (id <= 7450109))

table 4 : explain SELECT id, c FROM sbtest4 WHERE id BETWEEN 7450009 AND 7450109
	Index Scan using sbtest4_pkey on sbtest4  (cost=0.43..432.01 rows=109 width=125)
	  Index Cond: ((id >= 7450009) AND (id <= 7450109))

table 5 : explain SELECT id, c FROM sbtest5 WHERE id BETWEEN 7450009 AND 7450109
	Index Scan using sbtest5_pkey on sbtest5  (cost=0.43..369.24 rows=93 width=125)
	  Index Cond: ((id >= 7450009) AND (id <= 7450109))

table 6 : explain SELECT id, c FROM sbtest6 WHERE id BETWEEN 7450009 AND 7450109
	Index Scan using sbtest6_pkey on sbtest6  (cost=0.43..392.69 rows=99 width=125)
	  Index Cond: ((id >= 7450009) AND (id <= 7450109))

table 7 : explain SELECT id, c FROM sbtest7 WHERE id BETWEEN 7450009 AND 7450109
	Index Scan using sbtest7_pkey on sbtest7  (cost=0.43..403.71 rows=102 width=125)
	  Index Cond: ((id >= 7450009) AND (id <= 7450109))

table 8 : explain SELECT id, c FROM sbtest8 WHERE id BETWEEN 7450009 AND 7450109
	Index Scan using sbtest8_pkey on sbtest8  (cost=0.43..406.00 rows=103 width=125)
	  Index Cond: ((id >= 7450009) AND (id <= 7450109))

explain: for range-notcovered :: explain SELECT id, c FROM sbtest%d WHERE id BETWEEN 7450009 AND 7450109
for range-notcovered
table 1 : explain SELECT id, c FROM sbtest1 WHERE id BETWEEN 2760698 AND 2760798
	Index Scan using sbtest1_pkey on sbtest1  (cost=0.43..407.59 rows=103 width=125)
	  Index Cond: ((id >= 2760698) AND (id <= 2760798))

table 2 : explain SELECT id, c FROM sbtest2 WHERE id BETWEEN 2760698 AND 2760798
	Index Scan using sbtest2_pkey on sbtest2  (cost=0.43..395.07 rows=99 width=125)
	  Index Cond: ((id >= 2760698) AND (id <= 2760798))

table 3 : explain SELECT id, c FROM sbtest3 WHERE id BETWEEN 2760698 AND 2760798
	Index Scan using sbtest3_pkey on sbtest3  (cost=0.43..412.55 rows=104 width=125)
	  Index Cond: ((id >= 2760698) AND (id <= 2760798))

table 4 : explain SELECT id, c FROM sbtest4 WHERE id BETWEEN 2760698 AND 2760798
	Index Scan using sbtest4_pkey on sbtest4  (cost=0.43..396.72 rows=100 width=125)
	  Index Cond: ((id >= 2760698) AND (id <= 2760798))

table 5 : explain SELECT id, c FROM sbtest5 WHERE id BETWEEN 2760698 AND 2760798
	Index Scan using sbtest5_pkey on sbtest5  (cost=0.43..416.31 rows=105 width=125)
	  Index Cond: ((id >= 2760698) AND (id <= 2760798))

table 6 : explain SELECT id, c FROM sbtest6 WHERE id BETWEEN 2760698 AND 2760798
	Index Scan using sbtest6_pkey on sbtest6  (cost=0.43..404.45 rows=102 width=125)
	  Index Cond: ((id >= 2760698) AND (id <= 2760798))

table 7 : explain SELECT id, c FROM sbtest7 WHERE id BETWEEN 2760698 AND 2760798
	Index Scan using sbtest7_pkey on sbtest7  (cost=0.43..403.71 rows=102 width=125)
	  Index Cond: ((id >= 2760698) AND (id <= 2760798))

table 8 : explain SELECT id, c FROM sbtest8 WHERE id BETWEEN 2760698 AND 2760798
	Index Scan using sbtest8_pkey on sbtest8  (cost=0.43..386.51 rows=98 width=125)
	  Index Cond: ((id >= 2760698) AND (id <= 2760798))

for range-notcovered
table 1 : explain SELECT id, c FROM sbtest1 WHERE id BETWEEN 7429319 AND 7429419
	Index Scan using sbtest1_pkey on sbtest1  (cost=0.43..462.37 rows=117 width=125)
	  Index Cond: ((id >= 7429319) AND (id <= 7429419))

table 2 : explain SELECT id, c FROM sbtest2 WHERE id BETWEEN 7429319 AND 7429419
	Index Scan using sbtest2_pkey on sbtest2  (cost=0.43..446.35 rows=112 width=125)
	  Index Cond: ((id >= 7429319) AND (id <= 7429419))

table 3 : explain SELECT id, c FROM sbtest3 WHERE id BETWEEN 7429319 AND 7429419
	Index Scan using sbtest3_pkey on sbtest3  (cost=0.43..392.93 rows=99 width=125)
	  Index Cond: ((id >= 7429319) AND (id <= 7429419))

table 4 : explain SELECT id, c FROM sbtest4 WHERE id BETWEEN 7429319 AND 7429419
	Index Scan using sbtest4_pkey on sbtest4  (cost=0.43..432.01 rows=109 width=125)
	  Index Cond: ((id >= 7429319) AND (id <= 7429419))

table 5 : explain SELECT id, c FROM sbtest5 WHERE id BETWEEN 7429319 AND 7429419
	Index Scan using sbtest5_pkey on sbtest5  (cost=0.43..369.24 rows=93 width=125)
	  Index Cond: ((id >= 7429319) AND (id <= 7429419))

table 6 : explain SELECT id, c FROM sbtest6 WHERE id BETWEEN 7429319 AND 7429419
	Index Scan using sbtest6_pkey on sbtest6  (cost=0.43..392.69 rows=99 width=125)
	  Index Cond: ((id >= 7429319) AND (id <= 7429419))

table 7 : explain SELECT id, c FROM sbtest7 WHERE id BETWEEN 7429319 AND 7429419
	Index Scan using sbtest7_pkey on sbtest7  (cost=0.43..403.71 rows=102 width=125)
	  Index Cond: ((id >= 7429319) AND (id <= 7429419))

table 8 : explain SELECT id, c FROM sbtest8 WHERE id BETWEEN 7429319 AND 7429419
	Index Scan using sbtest8_pkey on sbtest8  (cost=0.43..406.00 rows=103 width=125)
	  Index Cond: ((id >= 7429319) AND (id <= 7429419))

explain: for range-notcovered :: explain SELECT id, c FROM sbtest%d WHERE id BETWEEN 2760698 AND 2760798
explain: for range-notcovered :: explain SELECT id, c FROM sbtest%d WHERE id BETWEEN 7429319 AND 7429419
for range-notcovered
table 1 : explain SELECT id, c FROM sbtest1 WHERE id BETWEEN 7450009 AND 7450109
	Index Scan using sbtest1_pkey on sbtest1  (cost=0.43..462.37 rows=117 width=125)
	  Index Cond: ((id >= 7450009) AND (id <= 7450109))

table 2 : explain SELECT id, c FROM sbtest2 WHERE id BETWEEN 7450009 AND 7450109
	Index Scan using sbtest2_pkey on sbtest2  (cost=0.43..446.35 rows=112 width=125)
	  Index Cond: ((id >= 7450009) AND (id <= 7450109))

table 3 : explain SELECT id, c FROM sbtest3 WHERE id BETWEEN 7450009 AND 7450109
	Index Scan using sbtest3_pkey on sbtest3  (cost=0.43..392.93 rows=99 width=125)
	  Index Cond: ((id >= 7450009) AND (id <= 7450109))

table 4 : explain SELECT id, c FROM sbtest4 WHERE id BETWEEN 7450009 AND 7450109
	Index Scan using sbtest4_pkey on sbtest4  (cost=0.43..432.01 rows=109 width=125)
	  Index Cond: ((id >= 7450009) AND (id <= 7450109))

table 5 : explain SELECT id, c FROM sbtest5 WHERE id BETWEEN 7450009 AND 7450109
	Index Scan using sbtest5_pkey on sbtest5  (cost=0.43..369.24 rows=93 width=125)
	  Index Cond: ((id >= 7450009) AND (id <= 7450109))

table 6 : explain SELECT id, c FROM sbtest6 WHERE id BETWEEN 7450009 AND 7450109
	Index Scan using sbtest6_pkey on sbtest6  (cost=0.43..392.69 rows=99 width=125)
	  Index Cond: ((id >= 7450009) AND (id <= 7450109))

table 7 : explain SELECT id, c FROM sbtest7 WHERE id BETWEEN 7450009 AND 7450109
	Index Scan using sbtest7_pkey on sbtest7  (cost=0.43..403.71 rows=102 width=125)
	  Index Cond: ((id >= 7450009) AND (id <= 7450109))

table 8 : explain SELECT id, c FROM sbtest8 WHERE id BETWEEN 7450009 AND 7450109
	Index Scan using sbtest8_pkey on sbtest8  (cost=0.43..406.00 rows=103 width=125)
	  Index Cond: ((id >= 7450009) AND (id <= 7450109))

explain: for range-notcovered :: explain SELECT id, c FROM sbtest%d WHERE id BETWEEN 7450009 AND 7450109
for range-notcovered
table 1 : explain SELECT id, c FROM sbtest1 WHERE id BETWEEN 2760698 AND 2760798
	Index Scan using sbtest1_pkey on sbtest1  (cost=0.43..407.59 rows=103 width=125)
	  Index Cond: ((id >= 2760698) AND (id <= 2760798))

table 2 : explain SELECT id, c FROM sbtest2 WHERE id BETWEEN 2760698 AND 2760798
	Index Scan using sbtest2_pkey on sbtest2  (cost=0.43..395.07 rows=99 width=125)
	  Index Cond: ((id >= 2760698) AND (id <= 2760798))

table 3 : explain SELECT id, c FROM sbtest3 WHERE id BETWEEN 2760698 AND 2760798
	Index Scan using sbtest3_pkey on sbtest3  (cost=0.43..412.55 rows=104 width=125)
	  Index Cond: ((id >= 2760698) AND (id <= 2760798))

table 4 : explain SELECT id, c FROM sbtest4 WHERE id BETWEEN 2760698 AND 2760798
	Index Scan using sbtest4_pkey on sbtest4  (cost=0.43..396.72 rows=100 width=125)
	  Index Cond: ((id >= 2760698) AND (id <= 2760798))

table 5 : explain SELECT id, c FROM sbtest5 WHERE id BETWEEN 2760698 AND 2760798
	Index Scan using sbtest5_pkey on sbtest5  (cost=0.43..416.31 rows=105 width=125)
	  Index Cond: ((id >= 2760698) AND (id <= 2760798))

table 6 : explain SELECT id, c FROM sbtest6 WHERE id BETWEEN 2760698 AND 2760798
	Index Scan using sbtest6_pkey on sbtest6  (cost=0.43..404.45 rows=102 width=125)
	  Index Cond: ((id >= 2760698) AND (id <= 2760798))

table 7 : explain SELECT id, c FROM sbtest7 WHERE id BETWEEN 2760698 AND 2760798
	Index Scan using sbtest7_pkey on sbtest7  (cost=0.43..403.71 rows=102 width=125)
	  Index Cond: ((id >= 2760698) AND (id <= 2760798))

table 8 : explain SELECT id, c FROM sbtest8 WHERE id BETWEEN 2760698 AND 2760798
	Index Scan using sbtest8_pkey on sbtest8  (cost=0.43..386.51 rows=98 width=125)
	  Index Cond: ((id >= 2760698) AND (id <= 2760798))

for range-notcovered
table 1 : explain SELECT id, c FROM sbtest1 WHERE id BETWEEN 7429319 AND 7429419
	Index Scan using sbtest1_pkey on sbtest1  (cost=0.43..462.37 rows=117 width=125)
	  Index Cond: ((id >= 7429319) AND (id <= 7429419))

table 2 : explain SELECT id, c FROM sbtest2 WHERE id BETWEEN 7429319 AND 7429419
	Index Scan using sbtest2_pkey on sbtest2  (cost=0.43..446.35 rows=112 width=125)
	  Index Cond: ((id >= 7429319) AND (id <= 7429419))

table 3 : explain SELECT id, c FROM sbtest3 WHERE id BETWEEN 7429319 AND 7429419
	Index Scan using sbtest3_pkey on sbtest3  (cost=0.43..392.93 rows=99 width=125)
	  Index Cond: ((id >= 7429319) AND (id <= 7429419))

table 4 : explain SELECT id, c FROM sbtest4 WHERE id BETWEEN 7429319 AND 7429419
	Index Scan using sbtest4_pkey on sbtest4  (cost=0.43..432.01 rows=109 width=125)
	  Index Cond: ((id >= 7429319) AND (id <= 7429419))

table 5 : explain SELECT id, c FROM sbtest5 WHERE id BETWEEN 7429319 AND 7429419
	Index Scan using sbtest5_pkey on sbtest5  (cost=0.43..369.24 rows=93 width=125)
	  Index Cond: ((id >= 7429319) AND (id <= 7429419))

table 6 : explain SELECT id, c FROM sbtest6 WHERE id BETWEEN 7429319 AND 7429419
	Index Scan using sbtest6_pkey on sbtest6  (cost=0.43..392.69 rows=99 width=125)
	  Index Cond: ((id >= 7429319) AND (id <= 7429419))

table 7 : explain SELECT id, c FROM sbtest7 WHERE id BETWEEN 7429319 AND 7429419
	Index Scan using sbtest7_pkey on sbtest7  (cost=0.43..403.71 rows=102 width=125)
	  Index Cond: ((id >= 7429319) AND (id <= 7429419))

table 8 : explain SELECT id, c FROM sbtest8 WHERE id BETWEEN 7429319 AND 7429419
	Index Scan using sbtest8_pkey on sbtest8  (cost=0.43..406.00 rows=103 width=125)
	  Index Cond: ((id >= 7429319) AND (id <= 7429419))

for range-notcovered
table 1 : explain SELECT id, c FROM sbtest1 WHERE id BETWEEN 3578377 AND 3578477
	Index Scan using sbtest1_pkey on sbtest1  (cost=0.43..407.59 rows=103 width=125)
	  Index Cond: ((id >= 3578377) AND (id <= 3578477))

table 2 : explain SELECT id, c FROM sbtest2 WHERE id BETWEEN 3578377 AND 3578477
	Index Scan using sbtest2_pkey on sbtest2  (cost=0.43..422.68 rows=106 width=125)
	  Index Cond: ((id >= 3578377) AND (id <= 3578477))

table 3 : explain SELECT id, c FROM sbtest3 WHERE id BETWEEN 3578377 AND 3578477
	Index Scan using sbtest3_pkey on sbtest3  (cost=0.43..389.01 rows=98 width=125)
	  Index Cond: ((id >= 3578377) AND (id <= 3578477))

table 4 : explain SELECT id, c FROM sbtest4 WHERE id BETWEEN 3578377 AND 3578477
	Index Scan using sbtest4_pkey on sbtest4  (cost=0.43..384.95 rows=97 width=125)
	  Index Cond: ((id >= 3578377) AND (id <= 3578477))

table 5 : explain SELECT id, c FROM sbtest5 WHERE id BETWEEN 3578377 AND 3578477
	Index Scan using sbtest5_pkey on sbtest5  (cost=0.43..384.92 rows=97 width=125)
	  Index Cond: ((id >= 3578377) AND (id <= 3578477))

table 6 : explain SELECT id, c FROM sbtest6 WHERE id BETWEEN 3578377 AND 3578477
	Index Scan using sbtest6_pkey on sbtest6  (cost=0.43..380.93 rows=96 width=125)
	  Index Cond: ((id >= 3578377) AND (id <= 3578477))

table 7 : explain SELECT id, c FROM sbtest7 WHERE id BETWEEN 3578377 AND 3578477
	Index Scan using sbtest7_pkey on sbtest7  (cost=0.43..403.71 rows=102 width=125)
	  Index Cond: ((id >= 3578377) AND (id <= 3578477))

table 8 : explain SELECT id, c FROM sbtest8 WHERE id BETWEEN 3578377 AND 3578477
	Index Scan using sbtest8_pkey on sbtest8  (cost=0.43..378.72 rows=96 width=125)
	  Index Cond: ((id >= 3578377) AND (id <= 3578477))

explain: for range-notcovered :: explain SELECT id, c FROM sbtest%d WHERE id BETWEEN 3578377 AND 3578477
for range-notcovered
table 1 : explain SELECT id, c FROM sbtest1 WHERE id BETWEEN 6135758 AND 6135858
	Index Scan using sbtest1_pkey on sbtest1  (cost=0.43..395.86 rows=100 width=125)
	  Index Cond: ((id >= 6135758) AND (id <= 6135858))

table 2 : explain SELECT id, c FROM sbtest2 WHERE id BETWEEN 6135758 AND 6135858
	Index Scan using sbtest2_pkey on sbtest2  (cost=0.43..391.13 rows=98 width=125)
	  Index Cond: ((id >= 6135758) AND (id <= 6135858))

table 3 : explain SELECT id, c FROM sbtest3 WHERE id BETWEEN 6135758 AND 6135858
	Index Scan using sbtest3_pkey on sbtest3  (cost=0.43..400.78 rows=101 width=125)
	  Index Cond: ((id >= 6135758) AND (id <= 6135858))

table 4 : explain SELECT id, c FROM sbtest4 WHERE id BETWEEN 6135758 AND 6135858
	Index Scan using sbtest4_pkey on sbtest4  (cost=0.43..392.80 rows=99 width=125)
	  Index Cond: ((id >= 6135758) AND (id <= 6135858))

table 5 : explain SELECT id, c FROM sbtest5 WHERE id BETWEEN 6135758 AND 6135858
	Index Scan using sbtest5_pkey on sbtest5  (cost=0.43..373.16 rows=94 width=125)
	  Index Cond: ((id >= 6135758) AND (id <= 6135858))

table 6 : explain SELECT id, c FROM sbtest6 WHERE id BETWEEN 6135758 AND 6135858
	Index Scan using sbtest6_pkey on sbtest6  (cost=0.43..380.93 rows=96 width=125)
	  Index Cond: ((id >= 6135758) AND (id <= 6135858))

table 7 : explain SELECT id, c FROM sbtest7 WHERE id BETWEEN 6135758 AND 6135858
	Index Scan using sbtest7_pkey on sbtest7  (cost=0.43..368.50 rows=93 width=125)
	  Index Cond: ((id >= 6135758) AND (id <= 6135858))

table 8 : explain SELECT id, c FROM sbtest8 WHERE id BETWEEN 6135758 AND 6135858
	Index Scan using sbtest8_pkey on sbtest8  (cost=0.43..409.89 rows=104 width=125)
	  Index Cond: ((id >= 6135758) AND (id <= 6135858))

for range-notcovered
table 1 : explain SELECT id, c FROM sbtest1 WHERE id BETWEEN 3163905 AND 3164005
	Index Scan using sbtest1_pkey on sbtest1  (cost=0.43..376.30 rows=95 width=125)
	  Index Cond: ((id >= 3163905) AND (id <= 3164005))

table 2 : explain SELECT id, c FROM sbtest2 WHERE id BETWEEN 3163905 AND 3164005
	Index Scan using sbtest2_pkey on sbtest2  (cost=0.43..395.07 rows=99 width=125)
	  Index Cond: ((id >= 3163905) AND (id <= 3164005))

table 3 : explain SELECT id, c FROM sbtest3 WHERE id BETWEEN 3163905 AND 3164005
	Index Scan using sbtest3_pkey on sbtest3  (cost=0.43..377.24 rows=95 width=125)
	  Index Cond: ((id >= 3163905) AND (id <= 3164005))

table 4 : explain SELECT id, c FROM sbtest4 WHERE id BETWEEN 3163905 AND 3164005
	Index Scan using sbtest4_pkey on sbtest4  (cost=0.43..396.72 rows=100 width=125)
	  Index Cond: ((id >= 3163905) AND (id <= 3164005))

table 5 : explain SELECT id, c FROM sbtest5 WHERE id BETWEEN 3163905 AND 3164005
	Index Scan using sbtest5_pkey on sbtest5  (cost=0.43..412.39 rows=104 width=125)
	  Index Cond: ((id >= 3163905) AND (id <= 3164005))

table 6 : explain SELECT id, c FROM sbtest6 WHERE id BETWEEN 3163905 AND 3164005
	Index Scan using sbtest6_pkey on sbtest6  (cost=0.43..392.69 rows=99 width=125)
	  Index Cond: ((id >= 3163905) AND (id <= 3164005))

table 7 : explain SELECT id, c FROM sbtest7 WHERE id BETWEEN 3163905 AND 3164005
	Index Scan using sbtest7_pkey on sbtest7  (cost=0.43..399.80 rows=101 width=125)
	  Index Cond: ((id >= 3163905) AND (id <= 3164005))

table 8 : explain SELECT id, c FROM sbtest8 WHERE id BETWEEN 3163905 AND 3164005
	Index Scan using sbtest8_pkey on sbtest8  (cost=0.43..386.51 rows=98 width=125)
	  Index Cond: ((id >= 3163905) AND (id <= 3164005))

explain: for range-notcovered :: explain SELECT id, c FROM sbtest%d WHERE id BETWEEN 6135758 AND 6135858
explain: for range-notcovered :: explain SELECT id, c FROM sbtest%d WHERE id BETWEEN 4576953 AND 4577053
explain: for range-notcovered :: explain SELECT id, c FROM sbtest%d WHERE id BETWEEN 3163905 AND 3164005
for range-notcovered
table 1 : explain SELECT id, c FROM sbtest1 WHERE id BETWEEN 7450009 AND 7450109
	Index Scan using sbtest1_pkey on sbtest1  (cost=0.43..462.37 rows=117 width=125)
	  Index Cond: ((id >= 7450009) AND (id <= 7450109))

table 2 : explain SELECT id, c FROM sbtest2 WHERE id BETWEEN 7450009 AND 7450109
	Index Scan using sbtest2_pkey on sbtest2  (cost=0.43..446.35 rows=112 width=125)
	  Index Cond: ((id >= 7450009) AND (id <= 7450109))

table 3 : explain SELECT id, c FROM sbtest3 WHERE id BETWEEN 7450009 AND 7450109
	Index Scan using sbtest3_pkey on sbtest3  (cost=0.43..392.93 rows=99 width=125)
	  Index Cond: ((id >= 7450009) AND (id <= 7450109))

table 4 : explain SELECT id, c FROM sbtest4 WHERE id BETWEEN 7450009 AND 7450109
	Index Scan using sbtest4_pkey on sbtest4  (cost=0.43..432.01 rows=109 width=125)
	  Index Cond: ((id >= 7450009) AND (id <= 7450109))

table 5 : explain SELECT id, c FROM sbtest5 WHERE id BETWEEN 7450009 AND 7450109
	Index Scan using sbtest5_pkey on sbtest5  (cost=0.43..369.24 rows=93 width=125)
	  Index Cond: ((id >= 7450009) AND (id <= 7450109))

table 6 : explain SELECT id, c FROM sbtest6 WHERE id BETWEEN 7450009 AND 7450109
	Index Scan using sbtest6_pkey on sbtest6  (cost=0.43..392.69 rows=99 width=125)
	  Index Cond: ((id >= 7450009) AND (id <= 7450109))

table 7 : explain SELECT id, c FROM sbtest7 WHERE id BETWEEN 7450009 AND 7450109
	Index Scan using sbtest7_pkey on sbtest7  (cost=0.43..403.71 rows=102 width=125)
	  Index Cond: ((id >= 7450009) AND (id <= 7450109))

table 8 : explain SELECT id, c FROM sbtest8 WHERE id BETWEEN 7450009 AND 7450109
	Index Scan using sbtest8_pkey on sbtest8  (cost=0.43..406.00 rows=103 width=125)
	  Index Cond: ((id >= 7450009) AND (id <= 7450109))

for range-notcovered
table 1 : explain SELECT id, c FROM sbtest1 WHERE id BETWEEN 3578377 AND 3578477
	Index Scan using sbtest1_pkey on sbtest1  (cost=0.43..407.59 rows=103 width=125)
	  Index Cond: ((id >= 3578377) AND (id <= 3578477))

table 2 : explain SELECT id, c FROM sbtest2 WHERE id BETWEEN 3578377 AND 3578477
	Index Scan using sbtest2_pkey on sbtest2  (cost=0.43..422.68 rows=106 width=125)
	  Index Cond: ((id >= 3578377) AND (id <= 3578477))

table 3 : explain SELECT id, c FROM sbtest3 WHERE id BETWEEN 3578377 AND 3578477
	Index Scan using sbtest3_pkey on sbtest3  (cost=0.43..389.01 rows=98 width=125)
	  Index Cond: ((id >= 3578377) AND (id <= 3578477))

table 4 : explain SELECT id, c FROM sbtest4 WHERE id BETWEEN 3578377 AND 3578477
	Index Scan using sbtest4_pkey on sbtest4  (cost=0.43..384.95 rows=97 width=125)
	  Index Cond: ((id >= 3578377) AND (id <= 3578477))

table 5 : explain SELECT id, c FROM sbtest5 WHERE id BETWEEN 3578377 AND 3578477
	Index Scan using sbtest5_pkey on sbtest5  (cost=0.43..384.92 rows=97 width=125)
	  Index Cond: ((id >= 3578377) AND (id <= 3578477))

table 6 : explain SELECT id, c FROM sbtest6 WHERE id BETWEEN 3578377 AND 3578477
	Index Scan using sbtest6_pkey on sbtest6  (cost=0.43..380.93 rows=96 width=125)
	  Index Cond: ((id >= 3578377) AND (id <= 3578477))

table 7 : explain SELECT id, c FROM sbtest7 WHERE id BETWEEN 3578377 AND 3578477
	Index Scan using sbtest7_pkey on sbtest7  (cost=0.43..403.71 rows=102 width=125)
	  Index Cond: ((id >= 3578377) AND (id <= 3578477))

table 8 : explain SELECT id, c FROM sbtest8 WHERE id BETWEEN 3578377 AND 3578477
	Index Scan using sbtest8_pkey on sbtest8  (cost=0.43..378.72 rows=96 width=125)
	  Index Cond: ((id >= 3578377) AND (id <= 3578477))

for range-notcovered
table 1 : explain SELECT id, c FROM sbtest1 WHERE id BETWEEN 2726718 AND 2726818
	Index Scan using sbtest1_pkey on sbtest1  (cost=0.43..407.59 rows=103 width=125)
	  Index Cond: ((id >= 2726718) AND (id <= 2726818))

table 2 : explain SELECT id, c FROM sbtest2 WHERE id BETWEEN 2726718 AND 2726818
	Index Scan using sbtest2_pkey on sbtest2  (cost=0.43..371.39 rows=93 width=125)
	  Index Cond: ((id >= 2726718) AND (id <= 2726818))

table 3 : explain SELECT id, c FROM sbtest3 WHERE id BETWEEN 2726718 AND 2726818
	Index Scan using sbtest3_pkey on sbtest3  (cost=0.43..412.55 rows=104 width=125)
	  Index Cond: ((id >= 2726718) AND (id <= 2726818))

table 4 : explain SELECT id, c FROM sbtest4 WHERE id BETWEEN 2726718 AND 2726818
	Index Scan using sbtest4_pkey on sbtest4  (cost=0.43..396.72 rows=100 width=125)
	  Index Cond: ((id >= 2726718) AND (id <= 2726818))

table 5 : explain SELECT id, c FROM sbtest5 WHERE id BETWEEN 2726718 AND 2726818
	Index Scan using sbtest5_pkey on sbtest5  (cost=0.43..416.31 rows=105 width=125)
	  Index Cond: ((id >= 2726718) AND (id <= 2726818))

table 6 : explain SELECT id, c FROM sbtest6 WHERE id BETWEEN 2726718 AND 2726818
	Index Scan using sbtest6_pkey on sbtest6  (cost=0.43..404.45 rows=102 width=125)
	  Index Cond: ((id >= 2726718) AND (id <= 2726818))

table 7 : explain SELECT id, c FROM sbtest7 WHERE id BETWEEN 2726718 AND 2726818
	Index Scan using sbtest7_pkey on sbtest7  (cost=0.43..403.71 rows=102 width=125)
	  Index Cond: ((id >= 2726718) AND (id <= 2726818))

table 8 : explain SELECT id, c FROM sbtest8 WHERE id BETWEEN 2726718 AND 2726818
	Index Scan using sbtest8_pkey on sbtest8  (cost=0.43..421.58 rows=107 width=125)
	  Index Cond: ((id >= 2726718) AND (id <= 2726818))

for range-notcovered
table 1 : explain SELECT id, c FROM sbtest1 WHERE id BETWEEN 6135758 AND 6135858
	Index Scan using sbtest1_pkey on sbtest1  (cost=0.43..395.86 rows=100 width=125)
	  Index Cond: ((id >= 6135758) AND (id <= 6135858))

table 2 : explain SELECT id, c FROM sbtest2 WHERE id BETWEEN 6135758 AND 6135858
	Index Scan using sbtest2_pkey on sbtest2  (cost=0.43..391.13 rows=98 width=125)
	  Index Cond: ((id >= 6135758) AND (id <= 6135858))

table 3 : explain SELECT id, c FROM sbtest3 WHERE id BETWEEN 6135758 AND 6135858
	Index Scan using sbtest3_pkey on sbtest3  (cost=0.43..400.78 rows=101 width=125)
	  Index Cond: ((id >= 6135758) AND (id <= 6135858))

table 4 : explain SELECT id, c FROM sbtest4 WHERE id BETWEEN 6135758 AND 6135858
	Index Scan using sbtest4_pkey on sbtest4  (cost=0.43..392.80 rows=99 width=125)
	  Index Cond: ((id >= 6135758) AND (id <= 6135858))

table 5 : explain SELECT id, c FROM sbtest5 WHERE id BETWEEN 6135758 AND 6135858
	Index Scan using sbtest5_pkey on sbtest5  (cost=0.43..373.16 rows=94 width=125)
	  Index Cond: ((id >= 6135758) AND (id <= 6135858))

table 6 : explain SELECT id, c FROM sbtest6 WHERE id BETWEEN 6135758 AND 6135858
	Index Scan using sbtest6_pkey on sbtest6  (cost=0.43..380.93 rows=96 width=125)
	  Index Cond: ((id >= 6135758) AND (id <= 6135858))

table 7 : explain SELECT id, c FROM sbtest7 WHERE id BETWEEN 6135758 AND 6135858
	Index Scan using sbtest7_pkey on sbtest7  (cost=0.43..368.50 rows=93 width=125)
	  Index Cond: ((id >= 6135758) AND (id <= 6135858))

table 8 : explain SELECT id, c FROM sbtest8 WHERE id BETWEEN 6135758 AND 6135858
	Index Scan using sbtest8_pkey on sbtest8  (cost=0.43..409.89 rows=104 width=125)
	  Index Cond: ((id >= 6135758) AND (id <= 6135858))

for range-notcovered
table 1 : explain SELECT id, c FROM sbtest1 WHERE id BETWEEN 3163905 AND 3164005
	Index Scan using sbtest1_pkey on sbtest1  (cost=0.43..376.30 rows=95 width=125)
	  Index Cond: ((id >= 3163905) AND (id <= 3164005))

table 2 : explain SELECT id, c FROM sbtest2 WHERE id BETWEEN 3163905 AND 3164005
	Index Scan using sbtest2_pkey on sbtest2  (cost=0.43..395.07 rows=99 width=125)
	  Index Cond: ((id >= 3163905) AND (id <= 3164005))

table 3 : explain SELECT id, c FROM sbtest3 WHERE id BETWEEN 3163905 AND 3164005
	Index Scan using sbtest3_pkey on sbtest3  (cost=0.43..377.24 rows=95 width=125)
	  Index Cond: ((id >= 3163905) AND (id <= 3164005))

table 4 : explain SELECT id, c FROM sbtest4 WHERE id BETWEEN 3163905 AND 3164005
	Index Scan using sbtest4_pkey on sbtest4  (cost=0.43..396.72 rows=100 width=125)
	  Index Cond: ((id >= 3163905) AND (id <= 3164005))

table 5 : explain SELECT id, c FROM sbtest5 WHERE id BETWEEN 3163905 AND 3164005
	Index Scan using sbtest5_pkey on sbtest5  (cost=0.43..412.39 rows=104 width=125)
	  Index Cond: ((id >= 3163905) AND (id <= 3164005))

table 6 : explain SELECT id, c FROM sbtest6 WHERE id BETWEEN 3163905 AND 3164005
	Index Scan using sbtest6_pkey on sbtest6  (cost=0.43..392.69 rows=99 width=125)
	  Index Cond: ((id >= 3163905) AND (id <= 3164005))

table 7 : explain SELECT id, c FROM sbtest7 WHERE id BETWEEN 3163905 AND 3164005
	Index Scan using sbtest7_pkey on sbtest7  (cost=0.43..399.80 rows=101 width=125)
	  Index Cond: ((id >= 3163905) AND (id <= 3164005))

table 8 : explain SELECT id, c FROM sbtest8 WHERE id BETWEEN 3163905 AND 3164005
	Index Scan using sbtest8_pkey on sbtest8  (cost=0.43..386.51 rows=98 width=125)
	  Index Cond: ((id >= 3163905) AND (id <= 3164005))

explain: for range-notcovered :: explain SELECT id, c FROM sbtest%d WHERE id BETWEEN 2726718 AND 2726818
explain: for range-notcovered :: explain SELECT id, c FROM sbtest%d WHERE id BETWEEN 6135758 AND 6135858
explain: for range-notcovered :: explain SELECT id, c FROM sbtest%d WHERE id BETWEEN 3163905 AND 3164005
explain: for range-notcovered :: explain SELECT id, c FROM sbtest%d WHERE id BETWEEN 4677928 AND 4678028
for range-notcovered
table 1 : explain SELECT id, c FROM sbtest1 WHERE id BETWEEN 6135758 AND 6135858
	Index Scan using sbtest1_pkey on sbtest1  (cost=0.43..395.86 rows=100 width=125)
	  Index Cond: ((id >= 6135758) AND (id <= 6135858))

table 2 : explain SELECT id, c FROM sbtest2 WHERE id BETWEEN 6135758 AND 6135858
	Index Scan using sbtest2_pkey on sbtest2  (cost=0.43..391.13 rows=98 width=125)
	  Index Cond: ((id >= 6135758) AND (id <= 6135858))

table 3 : explain SELECT id, c FROM sbtest3 WHERE id BETWEEN 6135758 AND 6135858
	Index Scan using sbtest3_pkey on sbtest3  (cost=0.43..400.78 rows=101 width=125)
	  Index Cond: ((id >= 6135758) AND (id <= 6135858))

table 4 : explain SELECT id, c FROM sbtest4 WHERE id BETWEEN 6135758 AND 6135858
	Index Scan using sbtest4_pkey on sbtest4  (cost=0.43..392.80 rows=99 width=125)
	  Index Cond: ((id >= 6135758) AND (id <= 6135858))

table 5 : explain SELECT id, c FROM sbtest5 WHERE id BETWEEN 6135758 AND 6135858
	Index Scan using sbtest5_pkey on sbtest5  (cost=0.43..373.16 rows=94 width=125)
	  Index Cond: ((id >= 6135758) AND (id <= 6135858))

table 6 : explain SELECT id, c FROM sbtest6 WHERE id BETWEEN 6135758 AND 6135858
	Index Scan using sbtest6_pkey on sbtest6  (cost=0.43..380.93 rows=96 width=125)
	  Index Cond: ((id >= 6135758) AND (id <= 6135858))

table 7 : explain SELECT id, c FROM sbtest7 WHERE id BETWEEN 6135758 AND 6135858
	Index Scan using sbtest7_pkey on sbtest7  (cost=0.43..368.50 rows=93 width=125)
	  Index Cond: ((id >= 6135758) AND (id <= 6135858))

table 8 : explain SELECT id, c FROM sbtest8 WHERE id BETWEEN 6135758 AND 6135858
	Index Scan using sbtest8_pkey on sbtest8  (cost=0.43..409.89 rows=104 width=125)
	  Index Cond: ((id >= 6135758) AND (id <= 6135858))

for range-notcovered
table 1 : explain SELECT id, c FROM sbtest1 WHERE id BETWEEN 3163905 AND 3164005
	Index Scan using sbtest1_pkey on sbtest1  (cost=0.43..376.30 rows=95 width=125)
	  Index Cond: ((id >= 3163905) AND (id <= 3164005))

table 2 : explain SELECT id, c FROM sbtest2 WHERE id BETWEEN 3163905 AND 3164005
	Index Scan using sbtest2_pkey on sbtest2  (cost=0.43..395.07 rows=99 width=125)
	  Index Cond: ((id >= 3163905) AND (id <= 3164005))

table 3 : explain SELECT id, c FROM sbtest3 WHERE id BETWEEN 3163905 AND 3164005
	Index Scan using sbtest3_pkey on sbtest3  (cost=0.43..377.24 rows=95 width=125)
	  Index Cond: ((id >= 3163905) AND (id <= 3164005))

table 4 : explain SELECT id, c FROM sbtest4 WHERE id BETWEEN 3163905 AND 3164005
	Index Scan using sbtest4_pkey on sbtest4  (cost=0.43..396.72 rows=100 width=125)
	  Index Cond: ((id >= 3163905) AND (id <= 3164005))

table 5 : explain SELECT id, c FROM sbtest5 WHERE id BETWEEN 3163905 AND 3164005
	Index Scan using sbtest5_pkey on sbtest5  (cost=0.43..412.39 rows=104 width=125)
	  Index Cond: ((id >= 3163905) AND (id <= 3164005))

table 6 : explain SELECT id, c FROM sbtest6 WHERE id BETWEEN 3163905 AND 3164005
	Index Scan using sbtest6_pkey on sbtest6  (cost=0.43..392.69 rows=99 width=125)
	  Index Cond: ((id >= 3163905) AND (id <= 3164005))

table 7 : explain SELECT id, c FROM sbtest7 WHERE id BETWEEN 3163905 AND 3164005
	Index Scan using sbtest7_pkey on sbtest7  (cost=0.43..399.80 rows=101 width=125)
	  Index Cond: ((id >= 3163905) AND (id <= 3164005))

table 8 : explain SELECT id, c FROM sbtest8 WHERE id BETWEEN 3163905 AND 3164005
	Index Scan using sbtest8_pkey on sbtest8  (cost=0.43..386.51 rows=98 width=125)
	  Index Cond: ((id >= 3163905) AND (id <= 3164005))

for range-notcovered
table 1 : explain SELECT id, c FROM sbtest1 WHERE id BETWEEN 2726718 AND 2726818
	Index Scan using sbtest1_pkey on sbtest1  (cost=0.43..407.59 rows=103 width=125)
	  Index Cond: ((id >= 2726718) AND (id <= 2726818))

table 2 : explain SELECT id, c FROM sbtest2 WHERE id BETWEEN 2726718 AND 2726818
	Index Scan using sbtest2_pkey on sbtest2  (cost=0.43..371.39 rows=93 width=125)
	  Index Cond: ((id >= 2726718) AND (id <= 2726818))

table 3 : explain SELECT id, c FROM sbtest3 WHERE id BETWEEN 2726718 AND 2726818
	Index Scan using sbtest3_pkey on sbtest3  (cost=0.43..412.55 rows=104 width=125)
	  Index Cond: ((id >= 2726718) AND (id <= 2726818))

table 4 : explain SELECT id, c FROM sbtest4 WHERE id BETWEEN 2726718 AND 2726818
	Index Scan using sbtest4_pkey on sbtest4  (cost=0.43..396.72 rows=100 width=125)
	  Index Cond: ((id >= 2726718) AND (id <= 2726818))

table 5 : explain SELECT id, c FROM sbtest5 WHERE id BETWEEN 2726718 AND 2726818
	Index Scan using sbtest5_pkey on sbtest5  (cost=0.43..416.31 rows=105 width=125)
	  Index Cond: ((id >= 2726718) AND (id <= 2726818))

table 6 : explain SELECT id, c FROM sbtest6 WHERE id BETWEEN 2726718 AND 2726818
	Index Scan using sbtest6_pkey on sbtest6  (cost=0.43..404.45 rows=102 width=125)
	  Index Cond: ((id >= 2726718) AND (id <= 2726818))

table 7 : explain SELECT id, c FROM sbtest7 WHERE id BETWEEN 2726718 AND 2726818
	Index Scan using sbtest7_pkey on sbtest7  (cost=0.43..403.71 rows=102 width=125)
	  Index Cond: ((id >= 2726718) AND (id <= 2726818))

table 8 : explain SELECT id, c FROM sbtest8 WHERE id BETWEEN 2726718 AND 2726818
	Index Scan using sbtest8_pkey on sbtest8  (cost=0.43..421.58 rows=107 width=125)
	  Index Cond: ((id >= 2726718) AND (id <= 2726818))

explain: for range-notcovered :: explain SELECT id, c FROM sbtest%d WHERE id BETWEEN 3163905 AND 3164005
explain: for range-notcovered :: explain SELECT id, c FROM sbtest%d WHERE id BETWEEN 6135758 AND 6135858
explain: for range-notcovered :: explain SELECT id, c FROM sbtest%d WHERE id BETWEEN 2726718 AND 2726818
for range-notcovered
table 1 : explain SELECT id, c FROM sbtest1 WHERE id BETWEEN 3163905 AND 3164005
	Index Scan using sbtest1_pkey on sbtest1  (cost=0.43..376.30 rows=95 width=125)
	  Index Cond: ((id >= 3163905) AND (id <= 3164005))

table 2 : explain SELECT id, c FROM sbtest2 WHERE id BETWEEN 3163905 AND 3164005
	Index Scan using sbtest2_pkey on sbtest2  (cost=0.43..395.07 rows=99 width=125)
	  Index Cond: ((id >= 3163905) AND (id <= 3164005))

table 3 : explain SELECT id, c FROM sbtest3 WHERE id BETWEEN 3163905 AND 3164005
	Index Scan using sbtest3_pkey on sbtest3  (cost=0.43..377.24 rows=95 width=125)
	  Index Cond: ((id >= 3163905) AND (id <= 3164005))

table 4 : explain SELECT id, c FROM sbtest4 WHERE id BETWEEN 3163905 AND 3164005
	Index Scan using sbtest4_pkey on sbtest4  (cost=0.43..396.72 rows=100 width=125)
	  Index Cond: ((id >= 3163905) AND (id <= 3164005))

table 5 : explain SELECT id, c FROM sbtest5 WHERE id BETWEEN 3163905 AND 3164005
	Index Scan using sbtest5_pkey on sbtest5  (cost=0.43..412.39 rows=104 width=125)
	  Index Cond: ((id >= 3163905) AND (id <= 3164005))

table 6 : explain SELECT id, c FROM sbtest6 WHERE id BETWEEN 3163905 AND 3164005
	Index Scan using sbtest6_pkey on sbtest6  (cost=0.43..392.69 rows=99 width=125)
	  Index Cond: ((id >= 3163905) AND (id <= 3164005))

table 7 : explain SELECT id, c FROM sbtest7 WHERE id BETWEEN 3163905 AND 3164005
	Index Scan using sbtest7_pkey on sbtest7  (cost=0.43..399.80 rows=101 width=125)
	  Index Cond: ((id >= 3163905) AND (id <= 3164005))

table 8 : explain SELECT id, c FROM sbtest8 WHERE id BETWEEN 3163905 AND 3164005
	Index Scan using sbtest8_pkey on sbtest8  (cost=0.43..386.51 rows=98 width=125)
	  Index Cond: ((id >= 3163905) AND (id <= 3164005))

explain: for range-notcovered :: explain SELECT id, c FROM sbtest%d WHERE id BETWEEN 3163905 AND 3164005
for range-notcovered
table 1 : explain SELECT id, c FROM sbtest1 WHERE id BETWEEN 2726718 AND 2726818
	Index Scan using sbtest1_pkey on sbtest1  (cost=0.43..407.59 rows=103 width=125)
	  Index Cond: ((id >= 2726718) AND (id <= 2726818))

table 2 : explain SELECT id, c FROM sbtest2 WHERE id BETWEEN 2726718 AND 2726818
	Index Scan using sbtest2_pkey on sbtest2  (cost=0.43..371.39 rows=93 width=125)
	  Index Cond: ((id >= 2726718) AND (id <= 2726818))

table 3 : explain SELECT id, c FROM sbtest3 WHERE id BETWEEN 2726718 AND 2726818
	Index Scan using sbtest3_pkey on sbtest3  (cost=0.43..412.55 rows=104 width=125)
	  Index Cond: ((id >= 2726718) AND (id <= 2726818))

table 4 : explain SELECT id, c FROM sbtest4 WHERE id BETWEEN 2726718 AND 2726818
	Index Scan using sbtest4_pkey on sbtest4  (cost=0.43..396.72 rows=100 width=125)
	  Index Cond: ((id >= 2726718) AND (id <= 2726818))

table 5 : explain SELECT id, c FROM sbtest5 WHERE id BETWEEN 2726718 AND 2726818
	Index Scan using sbtest5_pkey on sbtest5  (cost=0.43..416.31 rows=105 width=125)
	  Index Cond: ((id >= 2726718) AND (id <= 2726818))

table 6 : explain SELECT id, c FROM sbtest6 WHERE id BETWEEN 2726718 AND 2726818
	Index Scan using sbtest6_pkey on sbtest6  (cost=0.43..404.45 rows=102 width=125)
	  Index Cond: ((id >= 2726718) AND (id <= 2726818))

table 7 : explain SELECT id, c FROM sbtest7 WHERE id BETWEEN 2726718 AND 2726818
	Index Scan using sbtest7_pkey on sbtest7  (cost=0.43..403.71 rows=102 width=125)
	  Index Cond: ((id >= 2726718) AND (id <= 2726818))

table 8 : explain SELECT id, c FROM sbtest8 WHERE id BETWEEN 2726718 AND 2726818
	Index Scan using sbtest8_pkey on sbtest8  (cost=0.43..421.58 rows=107 width=125)
	  Index Cond: ((id >= 2726718) AND (id <= 2726818))

explain: for range-notcovered :: explain SELECT id, c FROM sbtest%d WHERE id BETWEEN 2726718 AND 2726818
for range-notcovered
table 1 : explain SELECT id, c FROM sbtest1 WHERE id BETWEEN 6135758 AND 6135858
	Index Scan using sbtest1_pkey on sbtest1  (cost=0.43..395.86 rows=100 width=125)
	  Index Cond: ((id >= 6135758) AND (id <= 6135858))

table 2 : explain SELECT id, c FROM sbtest2 WHERE id BETWEEN 6135758 AND 6135858
	Index Scan using sbtest2_pkey on sbtest2  (cost=0.43..391.13 rows=98 width=125)
	  Index Cond: ((id >= 6135758) AND (id <= 6135858))

table 3 : explain SELECT id, c FROM sbtest3 WHERE id BETWEEN 6135758 AND 6135858
	Index Scan using sbtest3_pkey on sbtest3  (cost=0.43..400.78 rows=101 width=125)
	  Index Cond: ((id >= 6135758) AND (id <= 6135858))

table 4 : explain SELECT id, c FROM sbtest4 WHERE id BETWEEN 6135758 AND 6135858
	Index Scan using sbtest4_pkey on sbtest4  (cost=0.43..392.80 rows=99 width=125)
	  Index Cond: ((id >= 6135758) AND (id <= 6135858))

table 5 : explain SELECT id, c FROM sbtest5 WHERE id BETWEEN 6135758 AND 6135858
	Index Scan using sbtest5_pkey on sbtest5  (cost=0.43..373.16 rows=94 width=125)
	  Index Cond: ((id >= 6135758) AND (id <= 6135858))

table 6 : explain SELECT id, c FROM sbtest6 WHERE id BETWEEN 6135758 AND 6135858
	Index Scan using sbtest6_pkey on sbtest6  (cost=0.43..380.93 rows=96 width=125)
	  Index Cond: ((id >= 6135758) AND (id <= 6135858))

table 7 : explain SELECT id, c FROM sbtest7 WHERE id BETWEEN 6135758 AND 6135858
	Index Scan using sbtest7_pkey on sbtest7  (cost=0.43..368.50 rows=93 width=125)
	  Index Cond: ((id >= 6135758) AND (id <= 6135858))

table 8 : explain SELECT id, c FROM sbtest8 WHERE id BETWEEN 6135758 AND 6135858
	Index Scan using sbtest8_pkey on sbtest8  (cost=0.43..409.89 rows=104 width=125)
	  Index Cond: ((id >= 6135758) AND (id <= 6135858))

explain: for range-notcovered :: explain SELECT id, c FROM sbtest%d WHERE id BETWEEN 6135758 AND 6135858
explain: for range-notcovered :: explain SELECT id, c FROM sbtest%d WHERE id BETWEEN 5210810 AND 5210910
for range-notcovered
table 1 : explain SELECT id, c FROM sbtest1 WHERE id BETWEEN 4576953 AND 4577053
	Index Scan using sbtest1_pkey on sbtest1  (cost=0.43..352.79 rows=89 width=125)
	  Index Cond: ((id >= 4576953) AND (id <= 4577053))

table 2 : explain SELECT id, c FROM sbtest2 WHERE id BETWEEN 4576953 AND 4577053
	Index Scan using sbtest2_pkey on sbtest2  (cost=0.43..406.90 rows=102 width=125)
	  Index Cond: ((id >= 4576953) AND (id <= 4577053))

table 3 : explain SELECT id, c FROM sbtest3 WHERE id BETWEEN 4576953 AND 4577053
	Index Scan using sbtest3_pkey on sbtest3  (cost=0.43..389.01 rows=98 width=125)
	  Index Cond: ((id >= 4576953) AND (id <= 4577053))

table 4 : explain SELECT id, c FROM sbtest4 WHERE id BETWEEN 4576953 AND 4577053
	Index Scan using sbtest4_pkey on sbtest4  (cost=0.43..408.48 rows=103 width=125)
	  Index Cond: ((id >= 4576953) AND (id <= 4577053))

table 5 : explain SELECT id, c FROM sbtest5 WHERE id BETWEEN 4576953 AND 4577053
	Index Scan using sbtest5_pkey on sbtest5  (cost=0.43..408.47 rows=103 width=125)
	  Index Cond: ((id >= 4576953) AND (id <= 4577053))

table 6 : explain SELECT id, c FROM sbtest6 WHERE id BETWEEN 4576953 AND 4577053
	Index Scan using sbtest6_pkey on sbtest6  (cost=0.43..388.77 rows=98 width=125)
	  Index Cond: ((id >= 4576953) AND (id <= 4577053))

table 7 : explain SELECT id, c FROM sbtest7 WHERE id BETWEEN 4576953 AND 4577053
	Index Scan using sbtest7_pkey on sbtest7  (cost=0.43..391.97 rows=99 width=125)
	  Index Cond: ((id >= 4576953) AND (id <= 4577053))

table 8 : explain SELECT id, c FROM sbtest8 WHERE id BETWEEN 4576953 AND 4577053
	Index Scan using sbtest8_pkey on sbtest8  (cost=0.43..417.69 rows=106 width=125)
	  Index Cond: ((id >= 4576953) AND (id <= 4577053))

for range-notcovered
table 1 : explain SELECT id, c FROM sbtest1 WHERE id BETWEEN 3163905 AND 3164005
	Index Scan using sbtest1_pkey on sbtest1  (cost=0.43..376.30 rows=95 width=125)
	  Index Cond: ((id >= 3163905) AND (id <= 3164005))

table 2 : explain SELECT id, c FROM sbtest2 WHERE id BETWEEN 3163905 AND 3164005
	Index Scan using sbtest2_pkey on sbtest2  (cost=0.43..395.07 rows=99 width=125)
	  Index Cond: ((id >= 3163905) AND (id <= 3164005))

table 3 : explain SELECT id, c FROM sbtest3 WHERE id BETWEEN 3163905 AND 3164005
	Index Scan using sbtest3_pkey on sbtest3  (cost=0.43..377.24 rows=95 width=125)
	  Index Cond: ((id >= 3163905) AND (id <= 3164005))

table 4 : explain SELECT id, c FROM sbtest4 WHERE id BETWEEN 3163905 AND 3164005
	Index Scan using sbtest4_pkey on sbtest4  (cost=0.43..396.72 rows=100 width=125)
	  Index Cond: ((id >= 3163905) AND (id <= 3164005))

table 5 : explain SELECT id, c FROM sbtest5 WHERE id BETWEEN 3163905 AND 3164005
	Index Scan using sbtest5_pkey on sbtest5  (cost=0.43..412.39 rows=104 width=125)
	  Index Cond: ((id >= 3163905) AND (id <= 3164005))

table 6 : explain SELECT id, c FROM sbtest6 WHERE id BETWEEN 3163905 AND 3164005
	Index Scan using sbtest6_pkey on sbtest6  (cost=0.43..392.69 rows=99 width=125)
	  Index Cond: ((id >= 3163905) AND (id <= 3164005))

table 7 : explain SELECT id, c FROM sbtest7 WHERE id BETWEEN 3163905 AND 3164005
	Index Scan using sbtest7_pkey on sbtest7  (cost=0.43..399.80 rows=101 width=125)
	  Index Cond: ((id >= 3163905) AND (id <= 3164005))

table 8 : explain SELECT id, c FROM sbtest8 WHERE id BETWEEN 3163905 AND 3164005
	Index Scan using sbtest8_pkey on sbtest8  (cost=0.43..386.51 rows=98 width=125)
	  Index Cond: ((id >= 3163905) AND (id <= 3164005))

explain: for range-notcovered :: explain SELECT id, c FROM sbtest%d WHERE id BETWEEN 4576953 AND 4577053
explain: for range-notcovered :: explain SELECT id, c FROM sbtest%d WHERE id BETWEEN 3163905 AND 3164005
for range-notcovered
table 1 : explain SELECT id, c FROM sbtest1 WHERE id BETWEEN 2726718 AND 2726818
	Index Scan using sbtest1_pkey on sbtest1  (cost=0.43..407.59 rows=103 width=125)
	  Index Cond: ((id >= 2726718) AND (id <= 2726818))

table 2 : explain SELECT id, c FROM sbtest2 WHERE id BETWEEN 2726718 AND 2726818
	Index Scan using sbtest2_pkey on sbtest2  (cost=0.43..371.39 rows=93 width=125)
	  Index Cond: ((id >= 2726718) AND (id <= 2726818))

table 3 : explain SELECT id, c FROM sbtest3 WHERE id BETWEEN 2726718 AND 2726818
	Index Scan using sbtest3_pkey on sbtest3  (cost=0.43..412.55 rows=104 width=125)
	  Index Cond: ((id >= 2726718) AND (id <= 2726818))

table 4 : explain SELECT id, c FROM sbtest4 WHERE id BETWEEN 2726718 AND 2726818
	Index Scan using sbtest4_pkey on sbtest4  (cost=0.43..396.72 rows=100 width=125)
	  Index Cond: ((id >= 2726718) AND (id <= 2726818))

table 5 : explain SELECT id, c FROM sbtest5 WHERE id BETWEEN 2726718 AND 2726818
	Index Scan using sbtest5_pkey on sbtest5  (cost=0.43..416.31 rows=105 width=125)
	  Index Cond: ((id >= 2726718) AND (id <= 2726818))

table 6 : explain SELECT id, c FROM sbtest6 WHERE id BETWEEN 2726718 AND 2726818
	Index Scan using sbtest6_pkey on sbtest6  (cost=0.43..404.45 rows=102 width=125)
	  Index Cond: ((id >= 2726718) AND (id <= 2726818))

table 7 : explain SELECT id, c FROM sbtest7 WHERE id BETWEEN 2726718 AND 2726818
	Index Scan using sbtest7_pkey on sbtest7  (cost=0.43..403.71 rows=102 width=125)
	  Index Cond: ((id >= 2726718) AND (id <= 2726818))

table 8 : explain SELECT id, c FROM sbtest8 WHERE id BETWEEN 2726718 AND 2726818
	Index Scan using sbtest8_pkey on sbtest8  (cost=0.43..421.58 rows=107 width=125)
	  Index Cond: ((id >= 2726718) AND (id <= 2726818))

for range-notcovered
table 1 : explain SELECT id, c FROM sbtest1 WHERE id BETWEEN 6135758 AND 6135858
	Index Scan using sbtest1_pkey on sbtest1  (cost=0.43..395.86 rows=100 width=125)
	  Index Cond: ((id >= 6135758) AND (id <= 6135858))

table 2 : explain SELECT id, c FROM sbtest2 WHERE id BETWEEN 6135758 AND 6135858
	Index Scan using sbtest2_pkey on sbtest2  (cost=0.43..391.13 rows=98 width=125)
	  Index Cond: ((id >= 6135758) AND (id <= 6135858))

table 3 : explain SELECT id, c FROM sbtest3 WHERE id BETWEEN 6135758 AND 6135858
	Index Scan using sbtest3_pkey on sbtest3  (cost=0.43..400.78 rows=101 width=125)
	  Index Cond: ((id >= 6135758) AND (id <= 6135858))

table 4 : explain SELECT id, c FROM sbtest4 WHERE id BETWEEN 6135758 AND 6135858
	Index Scan using sbtest4_pkey on sbtest4  (cost=0.43..392.80 rows=99 width=125)
	  Index Cond: ((id >= 6135758) AND (id <= 6135858))

table 5 : explain SELECT id, c FROM sbtest5 WHERE id BETWEEN 6135758 AND 6135858
	Index Scan using sbtest5_pkey on sbtest5  (cost=0.43..373.16 rows=94 width=125)
	  Index Cond: ((id >= 6135758) AND (id <= 6135858))

table 6 : explain SELECT id, c FROM sbtest6 WHERE id BETWEEN 6135758 AND 6135858
	Index Scan using sbtest6_pkey on sbtest6  (cost=0.43..380.93 rows=96 width=125)
	  Index Cond: ((id >= 6135758) AND (id <= 6135858))

table 7 : explain SELECT id, c FROM sbtest7 WHERE id BETWEEN 6135758 AND 6135858
	Index Scan using sbtest7_pkey on sbtest7  (cost=0.43..368.50 rows=93 width=125)
	  Index Cond: ((id >= 6135758) AND (id <= 6135858))

table 8 : explain SELECT id, c FROM sbtest8 WHERE id BETWEEN 6135758 AND 6135858
	Index Scan using sbtest8_pkey on sbtest8  (cost=0.43..409.89 rows=104 width=125)
	  Index Cond: ((id >= 6135758) AND (id <= 6135858))

explain: for range-notcovered :: explain SELECT id, c FROM sbtest%d WHERE id BETWEEN 2726718 AND 2726818
explain: for range-notcovered :: explain SELECT id, c FROM sbtest%d WHERE id BETWEEN 6135758 AND 6135858
for range-notcovered
table 1 : explain SELECT id, c FROM sbtest1 WHERE id BETWEEN 3163905 AND 3164005
	Index Scan using sbtest1_pkey on sbtest1  (cost=0.43..376.30 rows=95 width=125)
	  Index Cond: ((id >= 3163905) AND (id <= 3164005))

table 2 : explain SELECT id, c FROM sbtest2 WHERE id BETWEEN 3163905 AND 3164005
	Index Scan using sbtest2_pkey on sbtest2  (cost=0.43..395.07 rows=99 width=125)
	  Index Cond: ((id >= 3163905) AND (id <= 3164005))

table 3 : explain SELECT id, c FROM sbtest3 WHERE id BETWEEN 3163905 AND 3164005
	Index Scan using sbtest3_pkey on sbtest3  (cost=0.43..377.24 rows=95 width=125)
	  Index Cond: ((id >= 3163905) AND (id <= 3164005))

table 4 : explain SELECT id, c FROM sbtest4 WHERE id BETWEEN 3163905 AND 3164005
	Index Scan using sbtest4_pkey on sbtest4  (cost=0.43..396.72 rows=100 width=125)
	  Index Cond: ((id >= 3163905) AND (id <= 3164005))

table 5 : explain SELECT id, c FROM sbtest5 WHERE id BETWEEN 3163905 AND 3164005
	Index Scan using sbtest5_pkey on sbtest5  (cost=0.43..412.39 rows=104 width=125)
	  Index Cond: ((id >= 3163905) AND (id <= 3164005))

table 6 : explain SELECT id, c FROM sbtest6 WHERE id BETWEEN 3163905 AND 3164005
	Index Scan using sbtest6_pkey on sbtest6  (cost=0.43..392.69 rows=99 width=125)
	  Index Cond: ((id >= 3163905) AND (id <= 3164005))

table 7 : explain SELECT id, c FROM sbtest7 WHERE id BETWEEN 3163905 AND 3164005
	Index Scan using sbtest7_pkey on sbtest7  (cost=0.43..399.80 rows=101 width=125)
	  Index Cond: ((id >= 3163905) AND (id <= 3164005))

table 8 : explain SELECT id, c FROM sbtest8 WHERE id BETWEEN 3163905 AND 3164005
	Index Scan using sbtest8_pkey on sbtest8  (cost=0.43..386.51 rows=98 width=125)
	  Index Cond: ((id >= 3163905) AND (id <= 3164005))
for range-notcovered
table 1 : explain SELECT id, c FROM sbtest1 WHERE id BETWEEN 4576953 AND 4577053
	Index Scan using sbtest1_pkey on sbtest1  (cost=0.43..352.79 rows=89 width=125)
	  Index Cond: ((id >= 4576953) AND (id <= 4577053))

table 2 : explain SELECT id, c FROM sbtest2 WHERE id BETWEEN 4576953 AND 4577053
	Index Scan using sbtest2_pkey on sbtest2  (cost=0.43..406.90 rows=102 width=125)
	  Index Cond: ((id >= 4576953) AND (id <= 4577053))

table 3 : explain SELECT id, c FROM sbtest3 WHERE id BETWEEN 4576953 AND 4577053
	Index Scan using sbtest3_pkey on sbtest3  (cost=0.43..389.01 rows=98 width=125)
	  Index Cond: ((id >= 4576953) AND (id <= 4577053))

table 4 : explain SELECT id, c FROM sbtest4 WHERE id BETWEEN 4576953 AND 4577053
	Index Scan using sbtest4_pkey on sbtest4  (cost=0.43..408.48 rows=103 width=125)
	  Index Cond: ((id >= 4576953) AND (id <= 4577053))

table 5 : explain SELECT id, c FROM sbtest5 WHERE id BETWEEN 4576953 AND 4577053
	Index Scan using sbtest5_pkey on sbtest5  (cost=0.43..408.47 rows=103 width=125)
	  Index Cond: ((id >= 4576953) AND (id <= 4577053))

table 6 : explain SELECT id, c FROM sbtest6 WHERE id BETWEEN 4576953 AND 4577053
	Index Scan using sbtest6_pkey on sbtest6  (cost=0.43..388.77 rows=98 width=125)
	  Index Cond: ((id >= 4576953) AND (id <= 4577053))

table 7 : explain SELECT id, c FROM sbtest7 WHERE id BETWEEN 4576953 AND 4577053
	Index Scan using sbtest7_pkey on sbtest7  (cost=0.43..391.97 rows=99 width=125)
	  Index Cond: ((id >= 4576953) AND (id <= 4577053))

table 8 : explain SELECT id, c FROM sbtest8 WHERE id BETWEEN 4576953 AND 4577053
	Index Scan using sbtest8_pkey on sbtest8  (cost=0.43..417.69 rows=106 width=125)
	  Index Cond: ((id >= 4576953) AND (id <= 4577053))


for range-notcovered
table 1 : explain SELECT id, c FROM sbtest1 WHERE id BETWEEN 2726718 AND 2726818
	Index Scan using sbtest1_pkey on sbtest1  (cost=0.43..407.59 rows=103 width=125)
	  Index Cond: ((id >= 2726718) AND (id <= 2726818))

table 2 : explain SELECT id, c FROM sbtest2 WHERE id BETWEEN 2726718 AND 2726818
	Index Scan using sbtest2_pkey on sbtest2  (cost=0.43..371.39 rows=93 width=125)
	  Index Cond: ((id >= 2726718) AND (id <= 2726818))

table 3 : explain SELECT id, c FROM sbtest3 WHERE id BETWEEN 2726718 AND 2726818
	Index Scan using sbtest3_pkey on sbtest3  (cost=0.43..412.55 rows=104 width=125)
	  Index Cond: ((id >= 2726718) AND (id <= 2726818))

table 4 : explain SELECT id, c FROM sbtest4 WHERE id BETWEEN 2726718 AND 2726818
	Index Scan using sbtest4_pkey on sbtest4  (cost=0.43..396.72 rows=100 width=125)
	  Index Cond: ((id >= 2726718) AND (id <= 2726818))

table 5 : explain SELECT id, c FROM sbtest5 WHERE id BETWEEN 2726718 AND 2726818
	Index Scan using sbtest5_pkey on sbtest5  (cost=0.43..416.31 rows=105 width=125)
	  Index Cond: ((id >= 2726718) AND (id <= 2726818))

table 6 : explain SELECT id, c FROM sbtest6 WHERE id BETWEEN 2726718 AND 2726818
	Index Scan using sbtest6_pkey on sbtest6  (cost=0.43..404.45 rows=102 width=125)
	  Index Cond: ((id >= 2726718) AND (id <= 2726818))

table 7 : explain SELECT id, c FROM sbtest7 WHERE id BETWEEN 2726718 AND 2726818
	Index Scan using sbtest7_pkey on sbtest7  (cost=0.43..403.71 rows=102 width=125)
	  Index Cond: ((id >= 2726718) AND (id <= 2726818))

table 8 : explain SELECT id, c FROM sbtest8 WHERE id BETWEEN 2726718 AND 2726818
	Index Scan using sbtest8_pkey on sbtest8  (cost=0.43..421.58 rows=107 width=125)
	  Index Cond: ((id >= 2726718) AND (id <= 2726818))

explain: for range-notcovered :: explain SELECT id, c FROM sbtest%d WHERE id BETWEEN 4576953 AND 4577053
for range-notcovered
table 1 : explain SELECT id, c FROM sbtest1 WHERE id BETWEEN 6135758 AND 6135858
	Index Scan using sbtest1_pkey on sbtest1  (cost=0.43..395.86 rows=100 width=125)
	  Index Cond: ((id >= 6135758) AND (id <= 6135858))

table 2 : explain SELECT id, c FROM sbtest2 WHERE id BETWEEN 6135758 AND 6135858
	Index Scan using sbtest2_pkey on sbtest2  (cost=0.43..391.13 rows=98 width=125)
	  Index Cond: ((id >= 6135758) AND (id <= 6135858))

table 3 : explain SELECT id, c FROM sbtest3 WHERE id BETWEEN 6135758 AND 6135858
	Index Scan using sbtest3_pkey on sbtest3  (cost=0.43..400.78 rows=101 width=125)
	  Index Cond: ((id >= 6135758) AND (id <= 6135858))

table 4 : explain SELECT id, c FROM sbtest4 WHERE id BETWEEN 6135758 AND 6135858
	Index Scan using sbtest4_pkey on sbtest4  (cost=0.43..392.80 rows=99 width=125)
	  Index Cond: ((id >= 6135758) AND (id <= 6135858))

table 5 : explain SELECT id, c FROM sbtest5 WHERE id BETWEEN 6135758 AND 6135858
	Index Scan using sbtest5_pkey on sbtest5  (cost=0.43..373.16 rows=94 width=125)
	  Index Cond: ((id >= 6135758) AND (id <= 6135858))

table 6 : explain SELECT id, c FROM sbtest6 WHERE id BETWEEN 6135758 AND 6135858
	Index Scan using sbtest6_pkey on sbtest6  (cost=0.43..380.93 rows=96 width=125)
	  Index Cond: ((id >= 6135758) AND (id <= 6135858))

table 7 : explain SELECT id, c FROM sbtest7 WHERE id BETWEEN 6135758 AND 6135858
	Index Scan using sbtest7_pkey on sbtest7  (cost=0.43..368.50 rows=93 width=125)
	  Index Cond: ((id >= 6135758) AND (id <= 6135858))

table 8 : explain SELECT id, c FROM sbtest8 WHERE id BETWEEN 6135758 AND 6135858
	Index Scan using sbtest8_pkey on sbtest8  (cost=0.43..409.89 rows=104 width=125)
	  Index Cond: ((id >= 6135758) AND (id <= 6135858))

explain: for range-notcovered :: explain SELECT id, c FROM sbtest%d WHERE id BETWEEN 2726718 AND 2726818
explain: for range-notcovered :: explain SELECT id, c FROM sbtest%d WHERE id BETWEEN 6135758 AND 6135858
for range-notcovered
table 1 : explain SELECT id, c FROM sbtest1 WHERE id BETWEEN 4677928 AND 4678028
	Index Scan using sbtest1_pkey on sbtest1  (cost=0.43..352.79 rows=89 width=125)
	  Index Cond: ((id >= 4677928) AND (id <= 4678028))

table 2 : explain SELECT id, c FROM sbtest2 WHERE id BETWEEN 4677928 AND 4678028
	Index Scan using sbtest2_pkey on sbtest2  (cost=0.43..395.07 rows=99 width=125)
	  Index Cond: ((id >= 4677928) AND (id <= 4678028))

table 3 : explain SELECT id, c FROM sbtest3 WHERE id BETWEEN 4677928 AND 4678028
	Index Scan using sbtest3_pkey on sbtest3  (cost=0.43..408.62 rows=103 width=125)
	  Index Cond: ((id >= 4677928) AND (id <= 4678028))

table 4 : explain SELECT id, c FROM sbtest4 WHERE id BETWEEN 4677928 AND 4678028
	Index Scan using sbtest4_pkey on sbtest4  (cost=0.43..412.40 rows=104 width=125)
	  Index Cond: ((id >= 4677928) AND (id <= 4678028))

table 5 : explain SELECT id, c FROM sbtest5 WHERE id BETWEEN 4677928 AND 4678028
	Index Scan using sbtest5_pkey on sbtest5  (cost=0.43..439.84 rows=111 width=125)
	  Index Cond: ((id >= 4677928) AND (id <= 4678028))

table 6 : explain SELECT id, c FROM sbtest6 WHERE id BETWEEN 4677928 AND 4678028
	Index Scan using sbtest6_pkey on sbtest6  (cost=0.43..427.97 rows=108 width=125)
	  Index Cond: ((id >= 4677928) AND (id <= 4678028))

table 7 : explain SELECT id, c FROM sbtest7 WHERE id BETWEEN 4677928 AND 4678028
	Index Scan using sbtest7_pkey on sbtest7  (cost=0.43..407.62 rows=103 width=125)
	  Index Cond: ((id >= 4677928) AND (id <= 4678028))

table 8 : explain SELECT id, c FROM sbtest8 WHERE id BETWEEN 4677928 AND 4678028
	Index Scan using sbtest8_pkey on sbtest8  (cost=0.43..386.51 rows=98 width=125)
	  Index Cond: ((id >= 4677928) AND (id <= 4678028))

explain: for range-notcovered :: explain SELECT id, c FROM sbtest%d WHERE id BETWEEN 4677928 AND 4678028
explain: for range-notcovered :: explain SELECT id, c FROM sbtest%d WHERE id BETWEEN 7200479 AND 7200579
for range-notcovered
table 1 : explain SELECT id, c FROM sbtest1 WHERE id BETWEEN 4576953 AND 4577053
	Index Scan using sbtest1_pkey on sbtest1  (cost=0.43..352.79 rows=89 width=125)
	  Index Cond: ((id >= 4576953) AND (id <= 4577053))

table 2 : explain SELECT id, c FROM sbtest2 WHERE id BETWEEN 4576953 AND 4577053
	Index Scan using sbtest2_pkey on sbtest2  (cost=0.43..406.90 rows=102 width=125)
	  Index Cond: ((id >= 4576953) AND (id <= 4577053))

table 3 : explain SELECT id, c FROM sbtest3 WHERE id BETWEEN 4576953 AND 4577053
	Index Scan using sbtest3_pkey on sbtest3  (cost=0.43..389.01 rows=98 width=125)
	  Index Cond: ((id >= 4576953) AND (id <= 4577053))

table 4 : explain SELECT id, c FROM sbtest4 WHERE id BETWEEN 4576953 AND 4577053
	Index Scan using sbtest4_pkey on sbtest4  (cost=0.43..408.48 rows=103 width=125)
	  Index Cond: ((id >= 4576953) AND (id <= 4577053))

table 5 : explain SELECT id, c FROM sbtest5 WHERE id BETWEEN 4576953 AND 4577053
	Index Scan using sbtest5_pkey on sbtest5  (cost=0.43..408.47 rows=103 width=125)
	  Index Cond: ((id >= 4576953) AND (id <= 4577053))

table 6 : explain SELECT id, c FROM sbtest6 WHERE id BETWEEN 4576953 AND 4577053
	Index Scan using sbtest6_pkey on sbtest6  (cost=0.43..388.77 rows=98 width=125)
	  Index Cond: ((id >= 4576953) AND (id <= 4577053))

table 7 : explain SELECT id, c FROM sbtest7 WHERE id BETWEEN 4576953 AND 4577053
	Index Scan using sbtest7_pkey on sbtest7  (cost=0.43..391.97 rows=99 width=125)
	  Index Cond: ((id >= 4576953) AND (id <= 4577053))

table 8 : explain SELECT id, c FROM sbtest8 WHERE id BETWEEN 4576953 AND 4577053
	Index Scan using sbtest8_pkey on sbtest8  (cost=0.43..417.69 rows=106 width=125)
	  Index Cond: ((id >= 4576953) AND (id <= 4577053))

explain: for range-notcovered :: explain SELECT id, c FROM sbtest%d WHERE id BETWEEN 4576953 AND 4577053
for range-notcovered
table 1 : explain SELECT id, c FROM sbtest1 WHERE id BETWEEN 2726718 AND 2726818
	Index Scan using sbtest1_pkey on sbtest1  (cost=0.43..407.59 rows=103 width=125)
	  Index Cond: ((id >= 2726718) AND (id <= 2726818))

table 2 : explain SELECT id, c FROM sbtest2 WHERE id BETWEEN 2726718 AND 2726818
	Index Scan using sbtest2_pkey on sbtest2  (cost=0.43..371.39 rows=93 width=125)
	  Index Cond: ((id >= 2726718) AND (id <= 2726818))

table 3 : explain SELECT id, c FROM sbtest3 WHERE id BETWEEN 2726718 AND 2726818
	Index Scan using sbtest3_pkey on sbtest3  (cost=0.43..412.55 rows=104 width=125)
	  Index Cond: ((id >= 2726718) AND (id <= 2726818))

table 4 : explain SELECT id, c FROM sbtest4 WHERE id BETWEEN 2726718 AND 2726818
	Index Scan using sbtest4_pkey on sbtest4  (cost=0.43..396.72 rows=100 width=125)
	  Index Cond: ((id >= 2726718) AND (id <= 2726818))

table 5 : explain SELECT id, c FROM sbtest5 WHERE id BETWEEN 2726718 AND 2726818
	Index Scan using sbtest5_pkey on sbtest5  (cost=0.43..416.31 rows=105 width=125)
	  Index Cond: ((id >= 2726718) AND (id <= 2726818))

table 6 : explain SELECT id, c FROM sbtest6 WHERE id BETWEEN 2726718 AND 2726818
	Index Scan using sbtest6_pkey on sbtest6  (cost=0.43..404.45 rows=102 width=125)
	  Index Cond: ((id >= 2726718) AND (id <= 2726818))

table 7 : explain SELECT id, c FROM sbtest7 WHERE id BETWEEN 2726718 AND 2726818
	Index Scan using sbtest7_pkey on sbtest7  (cost=0.43..403.71 rows=102 width=125)
	  Index Cond: ((id >= 2726718) AND (id <= 2726818))

table 8 : explain SELECT id, c FROM sbtest8 WHERE id BETWEEN 2726718 AND 2726818
	Index Scan using sbtest8_pkey on sbtest8  (cost=0.43..421.58 rows=107 width=125)
	  Index Cond: ((id >= 2726718) AND (id <= 2726818))

for range-notcovered
table 1 : explain SELECT id, c FROM sbtest1 WHERE id BETWEEN 6135758 AND 6135858
	Index Scan using sbtest1_pkey on sbtest1  (cost=0.43..395.86 rows=100 width=125)
	  Index Cond: ((id >= 6135758) AND (id <= 6135858))

table 2 : explain SELECT id, c FROM sbtest2 WHERE id BETWEEN 6135758 AND 6135858
	Index Scan using sbtest2_pkey on sbtest2  (cost=0.43..391.13 rows=98 width=125)
	  Index Cond: ((id >= 6135758) AND (id <= 6135858))

table 3 : explain SELECT id, c FROM sbtest3 WHERE id BETWEEN 6135758 AND 6135858
	Index Scan using sbtest3_pkey on sbtest3  (cost=0.43..400.78 rows=101 width=125)
	  Index Cond: ((id >= 6135758) AND (id <= 6135858))

table 4 : explain SELECT id, c FROM sbtest4 WHERE id BETWEEN 6135758 AND 6135858
	Index Scan using sbtest4_pkey on sbtest4  (cost=0.43..392.80 rows=99 width=125)
	  Index Cond: ((id >= 6135758) AND (id <= 6135858))

table 5 : explain SELECT id, c FROM sbtest5 WHERE id BETWEEN 6135758 AND 6135858
	Index Scan using sbtest5_pkey on sbtest5  (cost=0.43..373.16 rows=94 width=125)
	  Index Cond: ((id >= 6135758) AND (id <= 6135858))

table 6 : explain SELECT id, c FROM sbtest6 WHERE id BETWEEN 6135758 AND 6135858
	Index Scan using sbtest6_pkey on sbtest6  (cost=0.43..380.93 rows=96 width=125)
	  Index Cond: ((id >= 6135758) AND (id <= 6135858))

table 7 : explain SELECT id, c FROM sbtest7 WHERE id BETWEEN 6135758 AND 6135858
	Index Scan using sbtest7_pkey on sbtest7  (cost=0.43..368.50 rows=93 width=125)
	  Index Cond: ((id >= 6135758) AND (id <= 6135858))

table 8 : explain SELECT id, c FROM sbtest8 WHERE id BETWEEN 6135758 AND 6135858
	Index Scan using sbtest8_pkey on sbtest8  (cost=0.43..409.89 rows=104 width=125)
	  Index Cond: ((id >= 6135758) AND (id <= 6135858))

explain: for range-notcovered :: explain SELECT id, c FROM sbtest%d WHERE id BETWEEN 2726718 AND 2726818
explain: for range-notcovered :: explain SELECT id, c FROM sbtest%d WHERE id BETWEEN 6135758 AND 6135858
for range-notcovered
table 1 : explain SELECT id, c FROM sbtest1 WHERE id BETWEEN 4677928 AND 4678028
	Index Scan using sbtest1_pkey on sbtest1  (cost=0.43..352.79 rows=89 width=125)
	  Index Cond: ((id >= 4677928) AND (id <= 4678028))

table 2 : explain SELECT id, c FROM sbtest2 WHERE id BETWEEN 4677928 AND 4678028
	Index Scan using sbtest2_pkey on sbtest2  (cost=0.43..395.07 rows=99 width=125)
	  Index Cond: ((id >= 4677928) AND (id <= 4678028))

table 3 : explain SELECT id, c FROM sbtest3 WHERE id BETWEEN 4677928 AND 4678028
	Index Scan using sbtest3_pkey on sbtest3  (cost=0.43..408.62 rows=103 width=125)
	  Index Cond: ((id >= 4677928) AND (id <= 4678028))

table 4 : explain SELECT id, c FROM sbtest4 WHERE id BETWEEN 4677928 AND 4678028
	Index Scan using sbtest4_pkey on sbtest4  (cost=0.43..412.40 rows=104 width=125)
	  Index Cond: ((id >= 4677928) AND (id <= 4678028))

table 5 : explain SELECT id, c FROM sbtest5 WHERE id BETWEEN 4677928 AND 4678028
	Index Scan using sbtest5_pkey on sbtest5  (cost=0.43..439.84 rows=111 width=125)
	  Index Cond: ((id >= 4677928) AND (id <= 4678028))

table 6 : explain SELECT id, c FROM sbtest6 WHERE id BETWEEN 4677928 AND 4678028
	Index Scan using sbtest6_pkey on sbtest6  (cost=0.43..427.97 rows=108 width=125)
	  Index Cond: ((id >= 4677928) AND (id <= 4678028))

table 7 : explain SELECT id, c FROM sbtest7 WHERE id BETWEEN 4677928 AND 4678028
	Index Scan using sbtest7_pkey on sbtest7  (cost=0.43..407.62 rows=103 width=125)
	  Index Cond: ((id >= 4677928) AND (id <= 4678028))

table 8 : explain SELECT id, c FROM sbtest8 WHERE id BETWEEN 4677928 AND 4678028
	Index Scan using sbtest8_pkey on sbtest8  (cost=0.43..386.51 rows=98 width=125)
	  Index Cond: ((id >= 4677928) AND (id <= 4678028))

explain: for range-notcovered :: explain SELECT id, c FROM sbtest%d WHERE id BETWEEN 4677928 AND 4678028
explain: for range-notcovered :: explain SELECT id, c FROM sbtest%d WHERE id BETWEEN 843056 AND 843156
explain: for range-notcovered :: explain SELECT id, c FROM sbtest%d WHERE id BETWEEN 7920476 AND 7920576
for range-notcovered
table 1 : explain SELECT id, c FROM sbtest1 WHERE id BETWEEN 4576953 AND 4577053
	Index Scan using sbtest1_pkey on sbtest1  (cost=0.43..352.79 rows=89 width=125)
	  Index Cond: ((id >= 4576953) AND (id <= 4577053))

table 2 : explain SELECT id, c FROM sbtest2 WHERE id BETWEEN 4576953 AND 4577053
	Index Scan using sbtest2_pkey on sbtest2  (cost=0.43..406.90 rows=102 width=125)
	  Index Cond: ((id >= 4576953) AND (id <= 4577053))

table 3 : explain SELECT id, c FROM sbtest3 WHERE id BETWEEN 4576953 AND 4577053
	Index Scan using sbtest3_pkey on sbtest3  (cost=0.43..389.01 rows=98 width=125)
	  Index Cond: ((id >= 4576953) AND (id <= 4577053))

table 4 : explain SELECT id, c FROM sbtest4 WHERE id BETWEEN 4576953 AND 4577053
	Index Scan using sbtest4_pkey on sbtest4  (cost=0.43..408.48 rows=103 width=125)
	  Index Cond: ((id >= 4576953) AND (id <= 4577053))

table 5 : explain SELECT id, c FROM sbtest5 WHERE id BETWEEN 4576953 AND 4577053
	Index Scan using sbtest5_pkey on sbtest5  (cost=0.43..408.47 rows=103 width=125)
	  Index Cond: ((id >= 4576953) AND (id <= 4577053))

table 6 : explain SELECT id, c FROM sbtest6 WHERE id BETWEEN 4576953 AND 4577053
	Index Scan using sbtest6_pkey on sbtest6  (cost=0.43..388.77 rows=98 width=125)
	  Index Cond: ((id >= 4576953) AND (id <= 4577053))

table 7 : explain SELECT id, c FROM sbtest7 WHERE id BETWEEN 4576953 AND 4577053
	Index Scan using sbtest7_pkey on sbtest7  (cost=0.43..391.97 rows=99 width=125)
	  Index Cond: ((id >= 4576953) AND (id <= 4577053))

table 8 : explain SELECT id, c FROM sbtest8 WHERE id BETWEEN 4576953 AND 4577053
	Index Scan using sbtest8_pkey on sbtest8  (cost=0.43..417.69 rows=106 width=125)
	  Index Cond: ((id >= 4576953) AND (id <= 4577053))

explain: for range-notcovered :: explain SELECT id, c FROM sbtest%d WHERE id BETWEEN 4576953 AND 4577053
for range-notcovered
table 1 : explain SELECT id, c FROM sbtest1 WHERE id BETWEEN 2726718 AND 2726818
	Index Scan using sbtest1_pkey on sbtest1  (cost=0.43..407.59 rows=103 width=125)
	  Index Cond: ((id >= 2726718) AND (id <= 2726818))

table 2 : explain SELECT id, c FROM sbtest2 WHERE id BETWEEN 2726718 AND 2726818
	Index Scan using sbtest2_pkey on sbtest2  (cost=0.43..371.39 rows=93 width=125)
	  Index Cond: ((id >= 2726718) AND (id <= 2726818))

table 3 : explain SELECT id, c FROM sbtest3 WHERE id BETWEEN 2726718 AND 2726818
	Index Scan using sbtest3_pkey on sbtest3  (cost=0.43..412.55 rows=104 width=125)
	  Index Cond: ((id >= 2726718) AND (id <= 2726818))

table 4 : explain SELECT id, c FROM sbtest4 WHERE id BETWEEN 2726718 AND 2726818
	Index Scan using sbtest4_pkey on sbtest4  (cost=0.43..396.72 rows=100 width=125)
	  Index Cond: ((id >= 2726718) AND (id <= 2726818))

table 5 : explain SELECT id, c FROM sbtest5 WHERE id BETWEEN 2726718 AND 2726818
	Index Scan using sbtest5_pkey on sbtest5  (cost=0.43..416.31 rows=105 width=125)
	  Index Cond: ((id >= 2726718) AND (id <= 2726818))

table 6 : explain SELECT id, c FROM sbtest6 WHERE id BETWEEN 2726718 AND 2726818
	Index Scan using sbtest6_pkey on sbtest6  (cost=0.43..404.45 rows=102 width=125)
	  Index Cond: ((id >= 2726718) AND (id <= 2726818))

table 7 : explain SELECT id, c FROM sbtest7 WHERE id BETWEEN 2726718 AND 2726818
	Index Scan using sbtest7_pkey on sbtest7  (cost=0.43..403.71 rows=102 width=125)
	  Index Cond: ((id >= 2726718) AND (id <= 2726818))

table 8 : explain SELECT id, c FROM sbtest8 WHERE id BETWEEN 2726718 AND 2726818
	Index Scan using sbtest8_pkey on sbtest8  (cost=0.43..421.58 rows=107 width=125)
	  Index Cond: ((id >= 2726718) AND (id <= 2726818))

explain: for range-notcovered :: explain SELECT id, c FROM sbtest%d WHERE id BETWEEN 3163905 AND 3164005
explain: for range-notcovered :: explain SELECT id, c FROM sbtest%d WHERE id BETWEEN 2726718 AND 2726818
for range-notcovered
table 1 : explain SELECT id, c FROM sbtest1 WHERE id BETWEEN 6135758 AND 6135858
	Index Scan using sbtest1_pkey on sbtest1  (cost=0.43..395.86 rows=100 width=125)
	  Index Cond: ((id >= 6135758) AND (id <= 6135858))

table 2 : explain SELECT id, c FROM sbtest2 WHERE id BETWEEN 6135758 AND 6135858
	Index Scan using sbtest2_pkey on sbtest2  (cost=0.43..391.13 rows=98 width=125)
	  Index Cond: ((id >= 6135758) AND (id <= 6135858))

table 3 : explain SELECT id, c FROM sbtest3 WHERE id BETWEEN 6135758 AND 6135858
	Index Scan using sbtest3_pkey on sbtest3  (cost=0.43..400.78 rows=101 width=125)
	  Index Cond: ((id >= 6135758) AND (id <= 6135858))

table 4 : explain SELECT id, c FROM sbtest4 WHERE id BETWEEN 6135758 AND 6135858
	Index Scan using sbtest4_pkey on sbtest4  (cost=0.43..392.80 rows=99 width=125)
	  Index Cond: ((id >= 6135758) AND (id <= 6135858))

table 5 : explain SELECT id, c FROM sbtest5 WHERE id BETWEEN 6135758 AND 6135858
	Index Scan using sbtest5_pkey on sbtest5  (cost=0.43..373.16 rows=94 width=125)
	  Index Cond: ((id >= 6135758) AND (id <= 6135858))

table 6 : explain SELECT id, c FROM sbtest6 WHERE id BETWEEN 6135758 AND 6135858
	Index Scan using sbtest6_pkey on sbtest6  (cost=0.43..380.93 rows=96 width=125)
	  Index Cond: ((id >= 6135758) AND (id <= 6135858))

table 7 : explain SELECT id, c FROM sbtest7 WHERE id BETWEEN 6135758 AND 6135858
	Index Scan using sbtest7_pkey on sbtest7  (cost=0.43..368.50 rows=93 width=125)
	  Index Cond: ((id >= 6135758) AND (id <= 6135858))

table 8 : explain SELECT id, c FROM sbtest8 WHERE id BETWEEN 6135758 AND 6135858
	Index Scan using sbtest8_pkey on sbtest8  (cost=0.43..409.89 rows=104 width=125)
	  Index Cond: ((id >= 6135758) AND (id <= 6135858))

for range-notcovered
table 1 : explain SELECT id, c FROM sbtest1 WHERE id BETWEEN 4677928 AND 4678028
	Index Scan using sbtest1_pkey on sbtest1  (cost=0.43..352.79 rows=89 width=125)
	  Index Cond: ((id >= 4677928) AND (id <= 4678028))

table 2 : explain SELECT id, c FROM sbtest2 WHERE id BETWEEN 4677928 AND 4678028
	Index Scan using sbtest2_pkey on sbtest2  (cost=0.43..395.07 rows=99 width=125)
	  Index Cond: ((id >= 4677928) AND (id <= 4678028))

table 3 : explain SELECT id, c FROM sbtest3 WHERE id BETWEEN 4677928 AND 4678028
	Index Scan using sbtest3_pkey on sbtest3  (cost=0.43..408.62 rows=103 width=125)
	  Index Cond: ((id >= 4677928) AND (id <= 4678028))

table 4 : explain SELECT id, c FROM sbtest4 WHERE id BETWEEN 4677928 AND 4678028
	Index Scan using sbtest4_pkey on sbtest4  (cost=0.43..412.40 rows=104 width=125)
	  Index Cond: ((id >= 4677928) AND (id <= 4678028))

table 5 : explain SELECT id, c FROM sbtest5 WHERE id BETWEEN 4677928 AND 4678028
	Index Scan using sbtest5_pkey on sbtest5  (cost=0.43..439.84 rows=111 width=125)
	  Index Cond: ((id >= 4677928) AND (id <= 4678028))

table 6 : explain SELECT id, c FROM sbtest6 WHERE id BETWEEN 4677928 AND 4678028
	Index Scan using sbtest6_pkey on sbtest6  (cost=0.43..427.97 rows=108 width=125)
	  Index Cond: ((id >= 4677928) AND (id <= 4678028))

table 7 : explain SELECT id, c FROM sbtest7 WHERE id BETWEEN 4677928 AND 4678028
	Index Scan using sbtest7_pkey on sbtest7  (cost=0.43..407.62 rows=103 width=125)
	  Index Cond: ((id >= 4677928) AND (id <= 4678028))

table 8 : explain SELECT id, c FROM sbtest8 WHERE id BETWEEN 4677928 AND 4678028
	Index Scan using sbtest8_pkey on sbtest8  (cost=0.43..386.51 rows=98 width=125)
	  Index Cond: ((id >= 4677928) AND (id <= 4678028))

explain: for range-notcovered :: explain SELECT id, c FROM sbtest%d WHERE id BETWEEN 4677928 AND 4678028
for range-notcovered
table 1 : explain SELECT id, c FROM sbtest1 WHERE id BETWEEN 5210810 AND 5210910
	Index Scan using sbtest1_pkey on sbtest1  (cost=0.43..399.77 rows=101 width=125)
	  Index Cond: ((id >= 5210810) AND (id <= 5210910))

table 2 : explain SELECT id, c FROM sbtest2 WHERE id BETWEEN 5210810 AND 5210910
	Index Scan using sbtest2_pkey on sbtest2  (cost=0.43..430.57 rows=108 width=125)
	  Index Cond: ((id >= 5210810) AND (id <= 5210910))

table 3 : explain SELECT id, c FROM sbtest3 WHERE id BETWEEN 5210810 AND 5210910
	Index Scan using sbtest3_pkey on sbtest3  (cost=0.43..443.93 rows=112 width=125)
	  Index Cond: ((id >= 5210810) AND (id <= 5210910))

table 4 : explain SELECT id, c FROM sbtest4 WHERE id BETWEEN 5210810 AND 5210910
	Index Scan using sbtest4_pkey on sbtest4  (cost=0.43..353.56 rows=89 width=125)
	  Index Cond: ((id >= 5210810) AND (id <= 5210910))

table 5 : explain SELECT id, c FROM sbtest5 WHERE id BETWEEN 5210810 AND 5210910
	Index Scan using sbtest5_pkey on sbtest5  (cost=0.43..381.00 rows=96 width=125)
	  Index Cond: ((id >= 5210810) AND (id <= 5210910))

table 6 : explain SELECT id, c FROM sbtest6 WHERE id BETWEEN 5210810 AND 5210910
	Index Scan using sbtest6_pkey on sbtest6  (cost=0.43..369.15 rows=93 width=125)
	  Index Cond: ((id >= 5210810) AND (id <= 5210910))

table 7 : explain SELECT id, c FROM sbtest7 WHERE id BETWEEN 5210810 AND 5210910
	Index Scan using sbtest7_pkey on sbtest7  (cost=0.43..341.08 rows=86 width=125)
	  Index Cond: ((id >= 5210810) AND (id <= 5210910))

table 8 : explain SELECT id, c FROM sbtest8 WHERE id BETWEEN 5210810 AND 5210910
	Index Scan using sbtest8_pkey on sbtest8  (cost=0.43..417.69 rows=106 width=125)
	  Index Cond: ((id >= 5210810) AND (id <= 5210910))

for range-notcovered
table 1 : explain SELECT id, c FROM sbtest1 WHERE id BETWEEN 4576953 AND 4577053
	Index Scan using sbtest1_pkey on sbtest1  (cost=0.43..352.79 rows=89 width=125)
	  Index Cond: ((id >= 4576953) AND (id <= 4577053))

table 2 : explain SELECT id, c FROM sbtest2 WHERE id BETWEEN 4576953 AND 4577053
	Index Scan using sbtest2_pkey on sbtest2  (cost=0.43..406.90 rows=102 width=125)
	  Index Cond: ((id >= 4576953) AND (id <= 4577053))

table 3 : explain SELECT id, c FROM sbtest3 WHERE id BETWEEN 4576953 AND 4577053
	Index Scan using sbtest3_pkey on sbtest3  (cost=0.43..389.01 rows=98 width=125)
	  Index Cond: ((id >= 4576953) AND (id <= 4577053))

table 4 : explain SELECT id, c FROM sbtest4 WHERE id BETWEEN 4576953 AND 4577053
	Index Scan using sbtest4_pkey on sbtest4  (cost=0.43..408.48 rows=103 width=125)
	  Index Cond: ((id >= 4576953) AND (id <= 4577053))

table 5 : explain SELECT id, c FROM sbtest5 WHERE id BETWEEN 4576953 AND 4577053
	Index Scan using sbtest5_pkey on sbtest5  (cost=0.43..408.47 rows=103 width=125)
	  Index Cond: ((id >= 4576953) AND (id <= 4577053))

table 6 : explain SELECT id, c FROM sbtest6 WHERE id BETWEEN 4576953 AND 4577053
	Index Scan using sbtest6_pkey on sbtest6  (cost=0.43..388.77 rows=98 width=125)
	  Index Cond: ((id >= 4576953) AND (id <= 4577053))

table 7 : explain SELECT id, c FROM sbtest7 WHERE id BETWEEN 4576953 AND 4577053
	Index Scan using sbtest7_pkey on sbtest7  (cost=0.43..391.97 rows=99 width=125)
	  Index Cond: ((id >= 4576953) AND (id <= 4577053))

table 8 : explain SELECT id, c FROM sbtest8 WHERE id BETWEEN 4576953 AND 4577053
	Index Scan using sbtest8_pkey on sbtest8  (cost=0.43..417.69 rows=106 width=125)
	  Index Cond: ((id >= 4576953) AND (id <= 4577053))

explain: for range-notcovered :: explain SELECT id, c FROM sbtest%d WHERE id BETWEEN 5210810 AND 5210910
explain: for range-notcovered :: explain SELECT id, c FROM sbtest%d WHERE id BETWEEN 4576953 AND 4577053
for range-notcovered
table 1 : explain SELECT id, c FROM sbtest1 WHERE id BETWEEN 3163905 AND 3164005
	Index Scan using sbtest1_pkey on sbtest1  (cost=0.43..376.30 rows=95 width=125)
	  Index Cond: ((id >= 3163905) AND (id <= 3164005))

table 2 : explain SELECT id, c FROM sbtest2 WHERE id BETWEEN 3163905 AND 3164005
	Index Scan using sbtest2_pkey on sbtest2  (cost=0.43..395.07 rows=99 width=125)
	  Index Cond: ((id >= 3163905) AND (id <= 3164005))

table 3 : explain SELECT id, c FROM sbtest3 WHERE id BETWEEN 3163905 AND 3164005
	Index Scan using sbtest3_pkey on sbtest3  (cost=0.43..377.24 rows=95 width=125)
	  Index Cond: ((id >= 3163905) AND (id <= 3164005))

table 4 : explain SELECT id, c FROM sbtest4 WHERE id BETWEEN 3163905 AND 3164005
	Index Scan using sbtest4_pkey on sbtest4  (cost=0.43..396.72 rows=100 width=125)
	  Index Cond: ((id >= 3163905) AND (id <= 3164005))

table 5 : explain SELECT id, c FROM sbtest5 WHERE id BETWEEN 3163905 AND 3164005
	Index Scan using sbtest5_pkey on sbtest5  (cost=0.43..412.39 rows=104 width=125)
	  Index Cond: ((id >= 3163905) AND (id <= 3164005))

table 6 : explain SELECT id, c FROM sbtest6 WHERE id BETWEEN 3163905 AND 3164005
	Index Scan using sbtest6_pkey on sbtest6  (cost=0.43..392.69 rows=99 width=125)
	  Index Cond: ((id >= 3163905) AND (id <= 3164005))

table 7 : explain SELECT id, c FROM sbtest7 WHERE id BETWEEN 3163905 AND 3164005
	Index Scan using sbtest7_pkey on sbtest7  (cost=0.43..399.80 rows=101 width=125)
	  Index Cond: ((id >= 3163905) AND (id <= 3164005))

table 8 : explain SELECT id, c FROM sbtest8 WHERE id BETWEEN 3163905 AND 3164005
	Index Scan using sbtest8_pkey on sbtest8  (cost=0.43..386.51 rows=98 width=125)
	  Index Cond: ((id >= 3163905) AND (id <= 3164005))

for range-notcovered
table 1 : explain SELECT id, c FROM sbtest1 WHERE id BETWEEN 2726718 AND 2726818
	Index Scan using sbtest1_pkey on sbtest1  (cost=0.43..407.59 rows=103 width=125)
	  Index Cond: ((id >= 2726718) AND (id <= 2726818))

table 2 : explain SELECT id, c FROM sbtest2 WHERE id BETWEEN 2726718 AND 2726818
	Index Scan using sbtest2_pkey on sbtest2  (cost=0.43..371.39 rows=93 width=125)
	  Index Cond: ((id >= 2726718) AND (id <= 2726818))

table 3 : explain SELECT id, c FROM sbtest3 WHERE id BETWEEN 2726718 AND 2726818
	Index Scan using sbtest3_pkey on sbtest3  (cost=0.43..412.55 rows=104 width=125)
	  Index Cond: ((id >= 2726718) AND (id <= 2726818))

table 4 : explain SELECT id, c FROM sbtest4 WHERE id BETWEEN 2726718 AND 2726818
	Index Scan using sbtest4_pkey on sbtest4  (cost=0.43..396.72 rows=100 width=125)
	  Index Cond: ((id >= 2726718) AND (id <= 2726818))

table 5 : explain SELECT id, c FROM sbtest5 WHERE id BETWEEN 2726718 AND 2726818
	Index Scan using sbtest5_pkey on sbtest5  (cost=0.43..416.31 rows=105 width=125)
	  Index Cond: ((id >= 2726718) AND (id <= 2726818))

table 6 : explain SELECT id, c FROM sbtest6 WHERE id BETWEEN 2726718 AND 2726818
	Index Scan using sbtest6_pkey on sbtest6  (cost=0.43..404.45 rows=102 width=125)
	  Index Cond: ((id >= 2726718) AND (id <= 2726818))

table 7 : explain SELECT id, c FROM sbtest7 WHERE id BETWEEN 2726718 AND 2726818
	Index Scan using sbtest7_pkey on sbtest7  (cost=0.43..403.71 rows=102 width=125)
	  Index Cond: ((id >= 2726718) AND (id <= 2726818))

table 8 : explain SELECT id, c FROM sbtest8 WHERE id BETWEEN 2726718 AND 2726818
	Index Scan using sbtest8_pkey on sbtest8  (cost=0.43..421.58 rows=107 width=125)
	  Index Cond: ((id >= 2726718) AND (id <= 2726818))

explain: for range-notcovered :: explain SELECT id, c FROM sbtest%d WHERE id BETWEEN 3163905 AND 3164005
for range-notcovered
table 1 : explain SELECT id, c FROM sbtest1 WHERE id BETWEEN 4677928 AND 4678028
	Index Scan using sbtest1_pkey on sbtest1  (cost=0.43..352.79 rows=89 width=125)
	  Index Cond: ((id >= 4677928) AND (id <= 4678028))

table 2 : explain SELECT id, c FROM sbtest2 WHERE id BETWEEN 4677928 AND 4678028
	Index Scan using sbtest2_pkey on sbtest2  (cost=0.43..395.07 rows=99 width=125)
	  Index Cond: ((id >= 4677928) AND (id <= 4678028))

table 3 : explain SELECT id, c FROM sbtest3 WHERE id BETWEEN 4677928 AND 4678028
	Index Scan using sbtest3_pkey on sbtest3  (cost=0.43..408.62 rows=103 width=125)
	  Index Cond: ((id >= 4677928) AND (id <= 4678028))

table 4 : explain SELECT id, c FROM sbtest4 WHERE id BETWEEN 4677928 AND 4678028
	Index Scan using sbtest4_pkey on sbtest4  (cost=0.43..412.40 rows=104 width=125)
	  Index Cond: ((id >= 4677928) AND (id <= 4678028))

table 5 : explain SELECT id, c FROM sbtest5 WHERE id BETWEEN 4677928 AND 4678028
	Index Scan using sbtest5_pkey on sbtest5  (cost=0.43..439.84 rows=111 width=125)
	  Index Cond: ((id >= 4677928) AND (id <= 4678028))

table 6 : explain SELECT id, c FROM sbtest6 WHERE id BETWEEN 4677928 AND 4678028
	Index Scan using sbtest6_pkey on sbtest6  (cost=0.43..427.97 rows=108 width=125)
	  Index Cond: ((id >= 4677928) AND (id <= 4678028))

table 7 : explain SELECT id, c FROM sbtest7 WHERE id BETWEEN 4677928 AND 4678028
	Index Scan using sbtest7_pkey on sbtest7  (cost=0.43..407.62 rows=103 width=125)
	  Index Cond: ((id >= 4677928) AND (id <= 4678028))

table 8 : explain SELECT id, c FROM sbtest8 WHERE id BETWEEN 4677928 AND 4678028
	Index Scan using sbtest8_pkey on sbtest8  (cost=0.43..386.51 rows=98 width=125)
	  Index Cond: ((id >= 4677928) AND (id <= 4678028))

explain: for range-notcovered :: explain SELECT id, c FROM sbtest%d WHERE id BETWEEN 4677928 AND 4678028
for range-notcovered
table 1 : explain SELECT id, c FROM sbtest1 WHERE id BETWEEN 4576953 AND 4577053
	Index Scan using sbtest1_pkey on sbtest1  (cost=0.43..352.79 rows=89 width=125)
	  Index Cond: ((id >= 4576953) AND (id <= 4577053))

table 2 : explain SELECT id, c FROM sbtest2 WHERE id BETWEEN 4576953 AND 4577053
	Index Scan using sbtest2_pkey on sbtest2  (cost=0.43..406.90 rows=102 width=125)
	  Index Cond: ((id >= 4576953) AND (id <= 4577053))

table 3 : explain SELECT id, c FROM sbtest3 WHERE id BETWEEN 4576953 AND 4577053
	Index Scan using sbtest3_pkey on sbtest3  (cost=0.43..389.01 rows=98 width=125)
	  Index Cond: ((id >= 4576953) AND (id <= 4577053))

table 4 : explain SELECT id, c FROM sbtest4 WHERE id BETWEEN 4576953 AND 4577053
	Index Scan using sbtest4_pkey on sbtest4  (cost=0.43..408.48 rows=103 width=125)
	  Index Cond: ((id >= 4576953) AND (id <= 4577053))

table 5 : explain SELECT id, c FROM sbtest5 WHERE id BETWEEN 4576953 AND 4577053
	Index Scan using sbtest5_pkey on sbtest5  (cost=0.43..408.47 rows=103 width=125)
	  Index Cond: ((id >= 4576953) AND (id <= 4577053))

table 6 : explain SELECT id, c FROM sbtest6 WHERE id BETWEEN 4576953 AND 4577053
	Index Scan using sbtest6_pkey on sbtest6  (cost=0.43..388.77 rows=98 width=125)
	  Index Cond: ((id >= 4576953) AND (id <= 4577053))

table 7 : explain SELECT id, c FROM sbtest7 WHERE id BETWEEN 4576953 AND 4577053
	Index Scan using sbtest7_pkey on sbtest7  (cost=0.43..391.97 rows=99 width=125)
	  Index Cond: ((id >= 4576953) AND (id <= 4577053))

table 8 : explain SELECT id, c FROM sbtest8 WHERE id BETWEEN 4576953 AND 4577053
	Index Scan using sbtest8_pkey on sbtest8  (cost=0.43..417.69 rows=106 width=125)
	  Index Cond: ((id >= 4576953) AND (id <= 4577053))

for range-notcovered
table 1 : explain SELECT id, c FROM sbtest1 WHERE id BETWEEN 5210810 AND 5210910
	Index Scan using sbtest1_pkey on sbtest1  (cost=0.43..399.77 rows=101 width=125)
	  Index Cond: ((id >= 5210810) AND (id <= 5210910))

table 2 : explain SELECT id, c FROM sbtest2 WHERE id BETWEEN 5210810 AND 5210910
	Index Scan using sbtest2_pkey on sbtest2  (cost=0.43..430.57 rows=108 width=125)
	  Index Cond: ((id >= 5210810) AND (id <= 5210910))

table 3 : explain SELECT id, c FROM sbtest3 WHERE id BETWEEN 5210810 AND 5210910
	Index Scan using sbtest3_pkey on sbtest3  (cost=0.43..443.93 rows=112 width=125)
	  Index Cond: ((id >= 5210810) AND (id <= 5210910))

table 4 : explain SELECT id, c FROM sbtest4 WHERE id BETWEEN 5210810 AND 5210910
	Index Scan using sbtest4_pkey on sbtest4  (cost=0.43..353.56 rows=89 width=125)
	  Index Cond: ((id >= 5210810) AND (id <= 5210910))

table 5 : explain SELECT id, c FROM sbtest5 WHERE id BETWEEN 5210810 AND 5210910
	Index Scan using sbtest5_pkey on sbtest5  (cost=0.43..381.00 rows=96 width=125)
	  Index Cond: ((id >= 5210810) AND (id <= 5210910))

table 6 : explain SELECT id, c FROM sbtest6 WHERE id BETWEEN 5210810 AND 5210910
	Index Scan using sbtest6_pkey on sbtest6  (cost=0.43..369.15 rows=93 width=125)
	  Index Cond: ((id >= 5210810) AND (id <= 5210910))

table 7 : explain SELECT id, c FROM sbtest7 WHERE id BETWEEN 5210810 AND 5210910
	Index Scan using sbtest7_pkey on sbtest7  (cost=0.43..341.08 rows=86 width=125)
	  Index Cond: ((id >= 5210810) AND (id <= 5210910))

table 8 : explain SELECT id, c FROM sbtest8 WHERE id BETWEEN 5210810 AND 5210910
	Index Scan using sbtest8_pkey on sbtest8  (cost=0.43..417.69 rows=106 width=125)
	  Index Cond: ((id >= 5210810) AND (id <= 5210910))

explain: for range-notcovered :: explain SELECT id, c FROM sbtest%d WHERE id BETWEEN 4576953 AND 4577053
explain: for range-notcovered :: explain SELECT id, c FROM sbtest%d WHERE id BETWEEN 5210810 AND 5210910
for range-notcovered
table 1 : explain SELECT id, c FROM sbtest1 WHERE id BETWEEN 3163905 AND 3164005
	Index Scan using sbtest1_pkey on sbtest1  (cost=0.43..376.30 rows=95 width=125)
	  Index Cond: ((id >= 3163905) AND (id <= 3164005))

table 2 : explain SELECT id, c FROM sbtest2 WHERE id BETWEEN 3163905 AND 3164005
	Index Scan using sbtest2_pkey on sbtest2  (cost=0.43..395.07 rows=99 width=125)
	  Index Cond: ((id >= 3163905) AND (id <= 3164005))

table 3 : explain SELECT id, c FROM sbtest3 WHERE id BETWEEN 3163905 AND 3164005
	Index Scan using sbtest3_pkey on sbtest3  (cost=0.43..377.24 rows=95 width=125)
	  Index Cond: ((id >= 3163905) AND (id <= 3164005))

table 4 : explain SELECT id, c FROM sbtest4 WHERE id BETWEEN 3163905 AND 3164005
	Index Scan using sbtest4_pkey on sbtest4  (cost=0.43..396.72 rows=100 width=125)
	  Index Cond: ((id >= 3163905) AND (id <= 3164005))

table 5 : explain SELECT id, c FROM sbtest5 WHERE id BETWEEN 3163905 AND 3164005
	Index Scan using sbtest5_pkey on sbtest5  (cost=0.43..412.39 rows=104 width=125)
	  Index Cond: ((id >= 3163905) AND (id <= 3164005))

table 6 : explain SELECT id, c FROM sbtest6 WHERE id BETWEEN 3163905 AND 3164005
	Index Scan using sbtest6_pkey on sbtest6  (cost=0.43..392.69 rows=99 width=125)
	  Index Cond: ((id >= 3163905) AND (id <= 3164005))

table 7 : explain SELECT id, c FROM sbtest7 WHERE id BETWEEN 3163905 AND 3164005
	Index Scan using sbtest7_pkey on sbtest7  (cost=0.43..399.80 rows=101 width=125)
	  Index Cond: ((id >= 3163905) AND (id <= 3164005))

table 8 : explain SELECT id, c FROM sbtest8 WHERE id BETWEEN 3163905 AND 3164005
	Index Scan using sbtest8_pkey on sbtest8  (cost=0.43..386.51 rows=98 width=125)
	  Index Cond: ((id >= 3163905) AND (id <= 3164005))

for range-notcovered
table 1 : explain SELECT id, c FROM sbtest1 WHERE id BETWEEN 4677928 AND 4678028
	Index Scan using sbtest1_pkey on sbtest1  (cost=0.43..352.79 rows=89 width=125)
	  Index Cond: ((id >= 4677928) AND (id <= 4678028))

table 2 : explain SELECT id, c FROM sbtest2 WHERE id BETWEEN 4677928 AND 4678028
	Index Scan using sbtest2_pkey on sbtest2  (cost=0.43..395.07 rows=99 width=125)
	  Index Cond: ((id >= 4677928) AND (id <= 4678028))

table 3 : explain SELECT id, c FROM sbtest3 WHERE id BETWEEN 4677928 AND 4678028
	Index Scan using sbtest3_pkey on sbtest3  (cost=0.43..408.62 rows=103 width=125)
	  Index Cond: ((id >= 4677928) AND (id <= 4678028))

table 4 : explain SELECT id, c FROM sbtest4 WHERE id BETWEEN 4677928 AND 4678028
	Index Scan using sbtest4_pkey on sbtest4  (cost=0.43..412.40 rows=104 width=125)
	  Index Cond: ((id >= 4677928) AND (id <= 4678028))

table 5 : explain SELECT id, c FROM sbtest5 WHERE id BETWEEN 4677928 AND 4678028
	Index Scan using sbtest5_pkey on sbtest5  (cost=0.43..439.84 rows=111 width=125)
	  Index Cond: ((id >= 4677928) AND (id <= 4678028))

table 6 : explain SELECT id, c FROM sbtest6 WHERE id BETWEEN 4677928 AND 4678028
	Index Scan using sbtest6_pkey on sbtest6  (cost=0.43..427.97 rows=108 width=125)
	  Index Cond: ((id >= 4677928) AND (id <= 4678028))

table 7 : explain SELECT id, c FROM sbtest7 WHERE id BETWEEN 4677928 AND 4678028
	Index Scan using sbtest7_pkey on sbtest7  (cost=0.43..407.62 rows=103 width=125)
	  Index Cond: ((id >= 4677928) AND (id <= 4678028))

table 8 : explain SELECT id, c FROM sbtest8 WHERE id BETWEEN 4677928 AND 4678028
	Index Scan using sbtest8_pkey on sbtest8  (cost=0.43..386.51 rows=98 width=125)
	  Index Cond: ((id >= 4677928) AND (id <= 4678028))

explain: for range-notcovered :: explain SELECT id, c FROM sbtest%d WHERE id BETWEEN 4677928 AND 4678028
for range-notcovered
table 1 : explain SELECT id, c FROM sbtest1 WHERE id BETWEEN 7200479 AND 7200579
	Index Scan using sbtest1_pkey on sbtest1  (cost=0.43..391.94 rows=99 width=125)
	  Index Cond: ((id >= 7200479) AND (id <= 7200579))

table 2 : explain SELECT id, c FROM sbtest2 WHERE id BETWEEN 7200479 AND 7200579
	Index Scan using sbtest2_pkey on sbtest2  (cost=0.43..418.74 rows=105 width=125)
	  Index Cond: ((id >= 7200479) AND (id <= 7200579))

table 3 : explain SELECT id, c FROM sbtest3 WHERE id BETWEEN 7200479 AND 7200579
	Index Scan using sbtest3_pkey on sbtest3  (cost=0.43..373.32 rows=94 width=125)
	  Index Cond: ((id >= 7200479) AND (id <= 7200579))

table 4 : explain SELECT id, c FROM sbtest4 WHERE id BETWEEN 7200479 AND 7200579
	Index Scan using sbtest4_pkey on sbtest4  (cost=0.43..377.11 rows=95 width=125)
	  Index Cond: ((id >= 7200479) AND (id <= 7200579))

table 5 : explain SELECT id, c FROM sbtest5 WHERE id BETWEEN 7200479 AND 7200579
	Index Scan using sbtest5_pkey on sbtest5  (cost=0.43..443.76 rows=112 width=125)
	  Index Cond: ((id >= 7200479) AND (id <= 7200579))

table 6 : explain SELECT id, c FROM sbtest6 WHERE id BETWEEN 7200479 AND 7200579
	Index Scan using sbtest6_pkey on sbtest6  (cost=0.43..365.23 rows=92 width=125)
	  Index Cond: ((id >= 7200479) AND (id <= 7200579))

table 7 : explain SELECT id, c FROM sbtest7 WHERE id BETWEEN 7200479 AND 7200579
	Index Scan using sbtest7_pkey on sbtest7  (cost=0.43..427.19 rows=108 width=125)
	  Index Cond: ((id >= 7200479) AND (id <= 7200579))

table 8 : explain SELECT id, c FROM sbtest8 WHERE id BETWEEN 7200479 AND 7200579
	Index Scan using sbtest8_pkey on sbtest8  (cost=0.43..390.41 rows=99 width=125)
	  Index Cond: ((id >= 7200479) AND (id <= 7200579))

for range-notcovered
table 1 : explain SELECT id, c FROM sbtest1 WHERE id BETWEEN 4576953 AND 4577053
	Index Scan using sbtest1_pkey on sbtest1  (cost=0.43..352.79 rows=89 width=125)
	  Index Cond: ((id >= 4576953) AND (id <= 4577053))

table 2 : explain SELECT id, c FROM sbtest2 WHERE id BETWEEN 4576953 AND 4577053
	Index Scan using sbtest2_pkey on sbtest2  (cost=0.43..406.90 rows=102 width=125)
	  Index Cond: ((id >= 4576953) AND (id <= 4577053))

table 3 : explain SELECT id, c FROM sbtest3 WHERE id BETWEEN 4576953 AND 4577053
	Index Scan using sbtest3_pkey on sbtest3  (cost=0.43..389.01 rows=98 width=125)
	  Index Cond: ((id >= 4576953) AND (id <= 4577053))

table 4 : explain SELECT id, c FROM sbtest4 WHERE id BETWEEN 4576953 AND 4577053
	Index Scan using sbtest4_pkey on sbtest4  (cost=0.43..408.48 rows=103 width=125)
	  Index Cond: ((id >= 4576953) AND (id <= 4577053))

table 5 : explain SELECT id, c FROM sbtest5 WHERE id BETWEEN 4576953 AND 4577053
	Index Scan using sbtest5_pkey on sbtest5  (cost=0.43..408.47 rows=103 width=125)
	  Index Cond: ((id >= 4576953) AND (id <= 4577053))

table 6 : explain SELECT id, c FROM sbtest6 WHERE id BETWEEN 4576953 AND 4577053
	Index Scan using sbtest6_pkey on sbtest6  (cost=0.43..388.77 rows=98 width=125)
	  Index Cond: ((id >= 4576953) AND (id <= 4577053))

table 7 : explain SELECT id, c FROM sbtest7 WHERE id BETWEEN 4576953 AND 4577053
	Index Scan using sbtest7_pkey on sbtest7  (cost=0.43..391.97 rows=99 width=125)
	  Index Cond: ((id >= 4576953) AND (id <= 4577053))

table 8 : explain SELECT id, c FROM sbtest8 WHERE id BETWEEN 4576953 AND 4577053
	Index Scan using sbtest8_pkey on sbtest8  (cost=0.43..417.69 rows=106 width=125)
	  Index Cond: ((id >= 4576953) AND (id <= 4577053))

for range-notcovered
table 1 : explain SELECT id, c FROM sbtest1 WHERE id BETWEEN 5210810 AND 5210910
	Index Scan using sbtest1_pkey on sbtest1  (cost=0.43..399.77 rows=101 width=125)
	  Index Cond: ((id >= 5210810) AND (id <= 5210910))

table 2 : explain SELECT id, c FROM sbtest2 WHERE id BETWEEN 5210810 AND 5210910
	Index Scan using sbtest2_pkey on sbtest2  (cost=0.43..430.57 rows=108 width=125)
	  Index Cond: ((id >= 5210810) AND (id <= 5210910))

table 3 : explain SELECT id, c FROM sbtest3 WHERE id BETWEEN 5210810 AND 5210910
	Index Scan using sbtest3_pkey on sbtest3  (cost=0.43..443.93 rows=112 width=125)
	  Index Cond: ((id >= 5210810) AND (id <= 5210910))

table 4 : explain SELECT id, c FROM sbtest4 WHERE id BETWEEN 5210810 AND 5210910
	Index Scan using sbtest4_pkey on sbtest4  (cost=0.43..353.56 rows=89 width=125)
	  Index Cond: ((id >= 5210810) AND (id <= 5210910))

table 5 : explain SELECT id, c FROM sbtest5 WHERE id BETWEEN 5210810 AND 5210910
	Index Scan using sbtest5_pkey on sbtest5  (cost=0.43..381.00 rows=96 width=125)
	  Index Cond: ((id >= 5210810) AND (id <= 5210910))

table 6 : explain SELECT id, c FROM sbtest6 WHERE id BETWEEN 5210810 AND 5210910
	Index Scan using sbtest6_pkey on sbtest6  (cost=0.43..369.15 rows=93 width=125)
	  Index Cond: ((id >= 5210810) AND (id <= 5210910))

table 7 : explain SELECT id, c FROM sbtest7 WHERE id BETWEEN 5210810 AND 5210910
	Index Scan using sbtest7_pkey on sbtest7  (cost=0.43..341.08 rows=86 width=125)
	  Index Cond: ((id >= 5210810) AND (id <= 5210910))

table 8 : explain SELECT id, c FROM sbtest8 WHERE id BETWEEN 5210810 AND 5210910
	Index Scan using sbtest8_pkey on sbtest8  (cost=0.43..417.69 rows=106 width=125)
	  Index Cond: ((id >= 5210810) AND (id <= 5210910))

explain: for range-notcovered :: explain SELECT id, c FROM sbtest%d WHERE id BETWEEN 7200479 AND 7200579
explain: for range-notcovered :: explain SELECT id, c FROM sbtest%d WHERE id BETWEEN 4576953 AND 4577053
explain: for range-notcovered :: explain SELECT id, c FROM sbtest%d WHERE id BETWEEN 5210810 AND 5210910
for range-notcovered
table 1 : explain SELECT id, c FROM sbtest1 WHERE id BETWEEN 4677928 AND 4678028
	Index Scan using sbtest1_pkey on sbtest1  (cost=0.43..352.79 rows=89 width=125)
	  Index Cond: ((id >= 4677928) AND (id <= 4678028))

table 2 : explain SELECT id, c FROM sbtest2 WHERE id BETWEEN 4677928 AND 4678028
	Index Scan using sbtest2_pkey on sbtest2  (cost=0.43..395.07 rows=99 width=125)
	  Index Cond: ((id >= 4677928) AND (id <= 4678028))

table 3 : explain SELECT id, c FROM sbtest3 WHERE id BETWEEN 4677928 AND 4678028
	Index Scan using sbtest3_pkey on sbtest3  (cost=0.43..408.62 rows=103 width=125)
	  Index Cond: ((id >= 4677928) AND (id <= 4678028))

table 4 : explain SELECT id, c FROM sbtest4 WHERE id BETWEEN 4677928 AND 4678028
	Index Scan using sbtest4_pkey on sbtest4  (cost=0.43..412.40 rows=104 width=125)
	  Index Cond: ((id >= 4677928) AND (id <= 4678028))

table 5 : explain SELECT id, c FROM sbtest5 WHERE id BETWEEN 4677928 AND 4678028
	Index Scan using sbtest5_pkey on sbtest5  (cost=0.43..439.84 rows=111 width=125)
	  Index Cond: ((id >= 4677928) AND (id <= 4678028))

table 6 : explain SELECT id, c FROM sbtest6 WHERE id BETWEEN 4677928 AND 4678028
	Index Scan using sbtest6_pkey on sbtest6  (cost=0.43..427.97 rows=108 width=125)
	  Index Cond: ((id >= 4677928) AND (id <= 4678028))

table 7 : explain SELECT id, c FROM sbtest7 WHERE id BETWEEN 4677928 AND 4678028
	Index Scan using sbtest7_pkey on sbtest7  (cost=0.43..407.62 rows=103 width=125)
	  Index Cond: ((id >= 4677928) AND (id <= 4678028))

table 8 : explain SELECT id, c FROM sbtest8 WHERE id BETWEEN 4677928 AND 4678028
	Index Scan using sbtest8_pkey on sbtest8  (cost=0.43..386.51 rows=98 width=125)
	  Index Cond: ((id >= 4677928) AND (id <= 4678028))

explain: for range-notcovered :: explain SELECT id, c FROM sbtest%d WHERE id BETWEEN 4677928 AND 4678028
explain: for range-notcovered :: explain SELECT id, c FROM sbtest%d WHERE id BETWEEN 2977640 AND 2977740
for range-notcovered
table 1 : explain SELECT id, c FROM sbtest1 WHERE id BETWEEN 7920476 AND 7920576
	Index Scan using sbtest1_pkey on sbtest1  (cost=0.43..380.21 rows=96 width=125)
	  Index Cond: ((id >= 7920476) AND (id <= 7920576))

table 2 : explain SELECT id, c FROM sbtest2 WHERE id BETWEEN 7920476 AND 7920576
	Index Scan using sbtest2_pkey on sbtest2  (cost=0.43..367.44 rows=92 width=125)
	  Index Cond: ((id >= 7920476) AND (id <= 7920576))

table 3 : explain SELECT id, c FROM sbtest3 WHERE id BETWEEN 7920476 AND 7920576
	Index Scan using sbtest3_pkey on sbtest3  (cost=0.43..392.93 rows=99 width=125)
	  Index Cond: ((id >= 7920476) AND (id <= 7920576))

table 4 : explain SELECT id, c FROM sbtest4 WHERE id BETWEEN 7920476 AND 7920576
	Index Scan using sbtest4_pkey on sbtest4  (cost=0.43..420.24 rows=106 width=125)
	  Index Cond: ((id >= 7920476) AND (id <= 7920576))

table 5 : explain SELECT id, c FROM sbtest5 WHERE id BETWEEN 7920476 AND 7920576
	Index Scan using sbtest5_pkey on sbtest5  (cost=0.43..353.55 rows=89 width=125)
	  Index Cond: ((id >= 7920476) AND (id <= 7920576))

table 6 : explain SELECT id, c FROM sbtest6 WHERE id BETWEEN 7920476 AND 7920576
	Index Scan using sbtest6_pkey on sbtest6  (cost=0.43..392.69 rows=99 width=125)
	  Index Cond: ((id >= 7920476) AND (id <= 7920576))

table 7 : explain SELECT id, c FROM sbtest7 WHERE id BETWEEN 7920476 AND 7920576
	Index Scan using sbtest7_pkey on sbtest7  (cost=0.43..403.71 rows=102 width=125)
	  Index Cond: ((id >= 7920476) AND (id <= 7920576))

table 8 : explain SELECT id, c FROM sbtest8 WHERE id BETWEEN 7920476 AND 7920576
	Index Scan using sbtest8_pkey on sbtest8  (cost=0.43..429.38 rows=109 width=125)
	  Index Cond: ((id >= 7920476) AND (id <= 7920576))

explain: for range-notcovered :: explain SELECT id, c FROM sbtest%d WHERE id BETWEEN 7920476 AND 7920576
for range-notcovered
table 1 : explain SELECT id, c FROM sbtest1 WHERE id BETWEEN 843056 AND 843156
	Index Scan using sbtest1_pkey on sbtest1  (cost=0.43..395.86 rows=100 width=125)
	  Index Cond: ((id >= 843056) AND (id <= 843156))

table 2 : explain SELECT id, c FROM sbtest2 WHERE id BETWEEN 843056 AND 843156
	Index Scan using sbtest2_pkey on sbtest2  (cost=0.43..399.02 rows=100 width=125)
	  Index Cond: ((id >= 843056) AND (id <= 843156))

table 3 : explain SELECT id, c FROM sbtest3 WHERE id BETWEEN 843056 AND 843156
	Index Scan using sbtest3_pkey on sbtest3  (cost=0.43..424.31 rows=107 width=125)
	  Index Cond: ((id >= 843056) AND (id <= 843156))

table 4 : explain SELECT id, c FROM sbtest4 WHERE id BETWEEN 843056 AND 843156
	Index Scan using sbtest4_pkey on sbtest4  (cost=0.43..408.48 rows=103 width=125)
	  Index Cond: ((id >= 843056) AND (id <= 843156))

table 5 : explain SELECT id, c FROM sbtest5 WHERE id BETWEEN 843056 AND 843156
	Index Scan using sbtest5_pkey on sbtest5  (cost=0.43..408.47 rows=103 width=125)
	  Index Cond: ((id >= 843056) AND (id <= 843156))

table 6 : explain SELECT id, c FROM sbtest6 WHERE id BETWEEN 843056 AND 843156
	Index Scan using sbtest6_pkey on sbtest6  (cost=0.43..443.65 rows=112 width=125)
	  Index Cond: ((id >= 843056) AND (id <= 843156))

table 7 : explain SELECT id, c FROM sbtest7 WHERE id BETWEEN 843056 AND 843156
	Index Scan using sbtest7_pkey on sbtest7  (cost=0.43..407.62 rows=103 width=125)
	  Index Cond: ((id >= 843056) AND (id <= 843156))

table 8 : explain SELECT id, c FROM sbtest8 WHERE id BETWEEN 843056 AND 843156
	Index Scan using sbtest8_pkey on sbtest8  (cost=0.43..367.03 rows=93 width=125)
	  Index Cond: ((id >= 843056) AND (id <= 843156))

for range-notcovered
table 1 : explain SELECT id, c FROM sbtest1 WHERE id BETWEEN 5210810 AND 5210910
	Index Scan using sbtest1_pkey on sbtest1  (cost=0.43..399.77 rows=101 width=125)
	  Index Cond: ((id >= 5210810) AND (id <= 5210910))

table 2 : explain SELECT id, c FROM sbtest2 WHERE id BETWEEN 5210810 AND 5210910
	Index Scan using sbtest2_pkey on sbtest2  (cost=0.43..430.57 rows=108 width=125)
	  Index Cond: ((id >= 5210810) AND (id <= 5210910))

table 3 : explain SELECT id, c FROM sbtest3 WHERE id BETWEEN 5210810 AND 5210910
	Index Scan using sbtest3_pkey on sbtest3  (cost=0.43..443.93 rows=112 width=125)
	  Index Cond: ((id >= 5210810) AND (id <= 5210910))

table 4 : explain SELECT id, c FROM sbtest4 WHERE id BETWEEN 5210810 AND 5210910
	Index Scan using sbtest4_pkey on sbtest4  (cost=0.43..353.56 rows=89 width=125)
	  Index Cond: ((id >= 5210810) AND (id <= 5210910))

table 5 : explain SELECT id, c FROM sbtest5 WHERE id BETWEEN 5210810 AND 5210910
	Index Scan using sbtest5_pkey on sbtest5  (cost=0.43..381.00 rows=96 width=125)
	  Index Cond: ((id >= 5210810) AND (id <= 5210910))

table 6 : explain SELECT id, c FROM sbtest6 WHERE id BETWEEN 5210810 AND 5210910
	Index Scan using sbtest6_pkey on sbtest6  (cost=0.43..369.15 rows=93 width=125)
	  Index Cond: ((id >= 5210810) AND (id <= 5210910))

table 7 : explain SELECT id, c FROM sbtest7 WHERE id BETWEEN 5210810 AND 5210910
	Index Scan using sbtest7_pkey on sbtest7  (cost=0.43..341.08 rows=86 width=125)
	  Index Cond: ((id >= 5210810) AND (id <= 5210910))

table 8 : explain SELECT id, c FROM sbtest8 WHERE id BETWEEN 5210810 AND 5210910
	Index Scan using sbtest8_pkey on sbtest8  (cost=0.43..417.69 rows=106 width=125)
	  Index Cond: ((id >= 5210810) AND (id <= 5210910))

for range-notcovered
table 1 : explain SELECT id, c FROM sbtest1 WHERE id BETWEEN 4576953 AND 4577053
	Index Scan using sbtest1_pkey on sbtest1  (cost=0.43..352.79 rows=89 width=125)
	  Index Cond: ((id >= 4576953) AND (id <= 4577053))

table 2 : explain SELECT id, c FROM sbtest2 WHERE id BETWEEN 4576953 AND 4577053
	Index Scan using sbtest2_pkey on sbtest2  (cost=0.43..406.90 rows=102 width=125)
	  Index Cond: ((id >= 4576953) AND (id <= 4577053))

table 3 : explain SELECT id, c FROM sbtest3 WHERE id BETWEEN 4576953 AND 4577053
	Index Scan using sbtest3_pkey on sbtest3  (cost=0.43..389.01 rows=98 width=125)
	  Index Cond: ((id >= 4576953) AND (id <= 4577053))

table 4 : explain SELECT id, c FROM sbtest4 WHERE id BETWEEN 4576953 AND 4577053
	Index Scan using sbtest4_pkey on sbtest4  (cost=0.43..408.48 rows=103 width=125)
	  Index Cond: ((id >= 4576953) AND (id <= 4577053))

table 5 : explain SELECT id, c FROM sbtest5 WHERE id BETWEEN 4576953 AND 4577053
	Index Scan using sbtest5_pkey on sbtest5  (cost=0.43..408.47 rows=103 width=125)
	  Index Cond: ((id >= 4576953) AND (id <= 4577053))

table 6 : explain SELECT id, c FROM sbtest6 WHERE id BETWEEN 4576953 AND 4577053
	Index Scan using sbtest6_pkey on sbtest6  (cost=0.43..388.77 rows=98 width=125)
	  Index Cond: ((id >= 4576953) AND (id <= 4577053))

table 7 : explain SELECT id, c FROM sbtest7 WHERE id BETWEEN 4576953 AND 4577053
	Index Scan using sbtest7_pkey on sbtest7  (cost=0.43..391.97 rows=99 width=125)
	  Index Cond: ((id >= 4576953) AND (id <= 4577053))

table 8 : explain SELECT id, c FROM sbtest8 WHERE id BETWEEN 4576953 AND 4577053
	Index Scan using sbtest8_pkey on sbtest8  (cost=0.43..417.69 rows=106 width=125)
	  Index Cond: ((id >= 4576953) AND (id <= 4577053))

for range-notcovered
table 1 : explain SELECT id, c FROM sbtest1 WHERE id BETWEEN 7200479 AND 7200579
	Index Scan using sbtest1_pkey on sbtest1  (cost=0.43..391.94 rows=99 width=125)
	  Index Cond: ((id >= 7200479) AND (id <= 7200579))

table 2 : explain SELECT id, c FROM sbtest2 WHERE id BETWEEN 7200479 AND 7200579
	Index Scan using sbtest2_pkey on sbtest2  (cost=0.43..418.74 rows=105 width=125)
	  Index Cond: ((id >= 7200479) AND (id <= 7200579))

table 3 : explain SELECT id, c FROM sbtest3 WHERE id BETWEEN 7200479 AND 7200579
	Index Scan using sbtest3_pkey on sbtest3  (cost=0.43..373.32 rows=94 width=125)
	  Index Cond: ((id >= 7200479) AND (id <= 7200579))

table 4 : explain SELECT id, c FROM sbtest4 WHERE id BETWEEN 7200479 AND 7200579
	Index Scan using sbtest4_pkey on sbtest4  (cost=0.43..377.11 rows=95 width=125)
	  Index Cond: ((id >= 7200479) AND (id <= 7200579))

table 5 : explain SELECT id, c FROM sbtest5 WHERE id BETWEEN 7200479 AND 7200579
	Index Scan using sbtest5_pkey on sbtest5  (cost=0.43..443.76 rows=112 width=125)
	  Index Cond: ((id >= 7200479) AND (id <= 7200579))

table 6 : explain SELECT id, c FROM sbtest6 WHERE id BETWEEN 7200479 AND 7200579
	Index Scan using sbtest6_pkey on sbtest6  (cost=0.43..365.23 rows=92 width=125)
	  Index Cond: ((id >= 7200479) AND (id <= 7200579))

table 7 : explain SELECT id, c FROM sbtest7 WHERE id BETWEEN 7200479 AND 7200579
	Index Scan using sbtest7_pkey on sbtest7  (cost=0.43..427.19 rows=108 width=125)
	  Index Cond: ((id >= 7200479) AND (id <= 7200579))

table 8 : explain SELECT id, c FROM sbtest8 WHERE id BETWEEN 7200479 AND 7200579
	Index Scan using sbtest8_pkey on sbtest8  (cost=0.43..390.41 rows=99 width=125)
	  Index Cond: ((id >= 7200479) AND (id <= 7200579))

explain: for range-notcovered :: explain SELECT id, c FROM sbtest%d WHERE id BETWEEN 5210810 AND 5210910
explain: for range-notcovered :: explain SELECT id, c FROM sbtest%d WHERE id BETWEEN 843056 AND 843156
explain: for range-notcovered :: explain SELECT id, c FROM sbtest%d WHERE id BETWEEN 7727681 AND 7727781
explain: for range-notcovered :: explain SELECT id, c FROM sbtest%d WHERE id BETWEEN 7200479 AND 7200579
for range-notcovered
table 1 : explain SELECT id, c FROM sbtest1 WHERE id BETWEEN 4677928 AND 4678028
	Index Scan using sbtest1_pkey on sbtest1  (cost=0.43..352.79 rows=89 width=125)
	  Index Cond: ((id >= 4677928) AND (id <= 4678028))

table 2 : explain SELECT id, c FROM sbtest2 WHERE id BETWEEN 4677928 AND 4678028
	Index Scan using sbtest2_pkey on sbtest2  (cost=0.43..395.07 rows=99 width=125)
	  Index Cond: ((id >= 4677928) AND (id <= 4678028))

table 3 : explain SELECT id, c FROM sbtest3 WHERE id BETWEEN 4677928 AND 4678028
	Index Scan using sbtest3_pkey on sbtest3  (cost=0.43..408.62 rows=103 width=125)
	  Index Cond: ((id >= 4677928) AND (id <= 4678028))

table 4 : explain SELECT id, c FROM sbtest4 WHERE id BETWEEN 4677928 AND 4678028
	Index Scan using sbtest4_pkey on sbtest4  (cost=0.43..412.40 rows=104 width=125)
	  Index Cond: ((id >= 4677928) AND (id <= 4678028))

table 5 : explain SELECT id, c FROM sbtest5 WHERE id BETWEEN 4677928 AND 4678028
	Index Scan using sbtest5_pkey on sbtest5  (cost=0.43..439.84 rows=111 width=125)
	  Index Cond: ((id >= 4677928) AND (id <= 4678028))

table 6 : explain SELECT id, c FROM sbtest6 WHERE id BETWEEN 4677928 AND 4678028
	Index Scan using sbtest6_pkey on sbtest6  (cost=0.43..427.97 rows=108 width=125)
	  Index Cond: ((id >= 4677928) AND (id <= 4678028))

table 7 : explain SELECT id, c FROM sbtest7 WHERE id BETWEEN 4677928 AND 4678028
	Index Scan using sbtest7_pkey on sbtest7  (cost=0.43..407.62 rows=103 width=125)
	  Index Cond: ((id >= 4677928) AND (id <= 4678028))

table 8 : explain SELECT id, c FROM sbtest8 WHERE id BETWEEN 4677928 AND 4678028
	Index Scan using sbtest8_pkey on sbtest8  (cost=0.43..386.51 rows=98 width=125)
	  Index Cond: ((id >= 4677928) AND (id <= 4678028))

explain: for range-notcovered :: explain SELECT id, c FROM sbtest%d WHERE id BETWEEN 4677928 AND 4678028
for range-notcovered
table 1 : explain SELECT id, c FROM sbtest1 WHERE id BETWEEN 7920476 AND 7920576
	Index Scan using sbtest1_pkey on sbtest1  (cost=0.43..380.21 rows=96 width=125)
	  Index Cond: ((id >= 7920476) AND (id <= 7920576))

table 2 : explain SELECT id, c FROM sbtest2 WHERE id BETWEEN 7920476 AND 7920576
	Index Scan using sbtest2_pkey on sbtest2  (cost=0.43..367.44 rows=92 width=125)
	  Index Cond: ((id >= 7920476) AND (id <= 7920576))

table 3 : explain SELECT id, c FROM sbtest3 WHERE id BETWEEN 7920476 AND 7920576
	Index Scan using sbtest3_pkey on sbtest3  (cost=0.43..392.93 rows=99 width=125)
	  Index Cond: ((id >= 7920476) AND (id <= 7920576))

table 4 : explain SELECT id, c FROM sbtest4 WHERE id BETWEEN 7920476 AND 7920576
	Index Scan using sbtest4_pkey on sbtest4  (cost=0.43..420.24 rows=106 width=125)
	  Index Cond: ((id >= 7920476) AND (id <= 7920576))

table 5 : explain SELECT id, c FROM sbtest5 WHERE id BETWEEN 7920476 AND 7920576
	Index Scan using sbtest5_pkey on sbtest5  (cost=0.43..353.55 rows=89 width=125)
	  Index Cond: ((id >= 7920476) AND (id <= 7920576))

table 6 : explain SELECT id, c FROM sbtest6 WHERE id BETWEEN 7920476 AND 7920576
	Index Scan using sbtest6_pkey on sbtest6  (cost=0.43..392.69 rows=99 width=125)
	  Index Cond: ((id >= 7920476) AND (id <= 7920576))

table 7 : explain SELECT id, c FROM sbtest7 WHERE id BETWEEN 7920476 AND 7920576
	Index Scan using sbtest7_pkey on sbtest7  (cost=0.43..403.71 rows=102 width=125)
	  Index Cond: ((id >= 7920476) AND (id <= 7920576))

table 8 : explain SELECT id, c FROM sbtest8 WHERE id BETWEEN 7920476 AND 7920576
	Index Scan using sbtest8_pkey on sbtest8  (cost=0.43..429.38 rows=109 width=125)
	  Index Cond: ((id >= 7920476) AND (id <= 7920576))

explain: for range-notcovered :: explain SELECT id, c FROM sbtest%d WHERE id BETWEEN 7920476 AND 7920576
for range-notcovered
table 1 : explain SELECT id, c FROM sbtest1 WHERE id BETWEEN 5210810 AND 5210910
	Index Scan using sbtest1_pkey on sbtest1  (cost=0.43..399.77 rows=101 width=125)
	  Index Cond: ((id >= 5210810) AND (id <= 5210910))

table 2 : explain SELECT id, c FROM sbtest2 WHERE id BETWEEN 5210810 AND 5210910
	Index Scan using sbtest2_pkey on sbtest2  (cost=0.43..430.57 rows=108 width=125)
	  Index Cond: ((id >= 5210810) AND (id <= 5210910))

table 3 : explain SELECT id, c FROM sbtest3 WHERE id BETWEEN 5210810 AND 5210910
	Index Scan using sbtest3_pkey on sbtest3  (cost=0.43..443.93 rows=112 width=125)
	  Index Cond: ((id >= 5210810) AND (id <= 5210910))

table 4 : explain SELECT id, c FROM sbtest4 WHERE id BETWEEN 5210810 AND 5210910
	Index Scan using sbtest4_pkey on sbtest4  (cost=0.43..353.56 rows=89 width=125)
	  Index Cond: ((id >= 5210810) AND (id <= 5210910))

table 5 : explain SELECT id, c FROM sbtest5 WHERE id BETWEEN 5210810 AND 5210910
	Index Scan using sbtest5_pkey on sbtest5  (cost=0.43..381.00 rows=96 width=125)
	  Index Cond: ((id >= 5210810) AND (id <= 5210910))

table 6 : explain SELECT id, c FROM sbtest6 WHERE id BETWEEN 5210810 AND 5210910
	Index Scan using sbtest6_pkey on sbtest6  (cost=0.43..369.15 rows=93 width=125)
	  Index Cond: ((id >= 5210810) AND (id <= 5210910))

table 7 : explain SELECT id, c FROM sbtest7 WHERE id BETWEEN 5210810 AND 5210910
	Index Scan using sbtest7_pkey on sbtest7  (cost=0.43..341.08 rows=86 width=125)
	  Index Cond: ((id >= 5210810) AND (id <= 5210910))

table 8 : explain SELECT id, c FROM sbtest8 WHERE id BETWEEN 5210810 AND 5210910
	Index Scan using sbtest8_pkey on sbtest8  (cost=0.43..417.69 rows=106 width=125)
	  Index Cond: ((id >= 5210810) AND (id <= 5210910))

explain: for range-notcovered :: explain SELECT id, c FROM sbtest%d WHERE id BETWEEN 5210810 AND 5210910
for range-notcovered
table 1 : explain SELECT id, c FROM sbtest1 WHERE id BETWEEN 843056 AND 843156
	Index Scan using sbtest1_pkey on sbtest1  (cost=0.43..395.86 rows=100 width=125)
	  Index Cond: ((id >= 843056) AND (id <= 843156))

table 2 : explain SELECT id, c FROM sbtest2 WHERE id BETWEEN 843056 AND 843156
	Index Scan using sbtest2_pkey on sbtest2  (cost=0.43..399.02 rows=100 width=125)
	  Index Cond: ((id >= 843056) AND (id <= 843156))

table 3 : explain SELECT id, c FROM sbtest3 WHERE id BETWEEN 843056 AND 843156
	Index Scan using sbtest3_pkey on sbtest3  (cost=0.43..424.31 rows=107 width=125)
	  Index Cond: ((id >= 843056) AND (id <= 843156))

table 4 : explain SELECT id, c FROM sbtest4 WHERE id BETWEEN 843056 AND 843156
	Index Scan using sbtest4_pkey on sbtest4  (cost=0.43..408.48 rows=103 width=125)
	  Index Cond: ((id >= 843056) AND (id <= 843156))

table 5 : explain SELECT id, c FROM sbtest5 WHERE id BETWEEN 843056 AND 843156
	Index Scan using sbtest5_pkey on sbtest5  (cost=0.43..408.47 rows=103 width=125)
	  Index Cond: ((id >= 843056) AND (id <= 843156))

table 6 : explain SELECT id, c FROM sbtest6 WHERE id BETWEEN 843056 AND 843156
	Index Scan using sbtest6_pkey on sbtest6  (cost=0.43..443.65 rows=112 width=125)
	  Index Cond: ((id >= 843056) AND (id <= 843156))

table 7 : explain SELECT id, c FROM sbtest7 WHERE id BETWEEN 843056 AND 843156
	Index Scan using sbtest7_pkey on sbtest7  (cost=0.43..407.62 rows=103 width=125)
	  Index Cond: ((id >= 843056) AND (id <= 843156))

table 8 : explain SELECT id, c FROM sbtest8 WHERE id BETWEEN 843056 AND 843156
	Index Scan using sbtest8_pkey on sbtest8  (cost=0.43..367.03 rows=93 width=125)
	  Index Cond: ((id >= 843056) AND (id <= 843156))

for range-notcovered
table 1 : explain SELECT id, c FROM sbtest1 WHERE id BETWEEN 7200479 AND 7200579
	Index Scan using sbtest1_pkey on sbtest1  (cost=0.43..391.94 rows=99 width=125)
	  Index Cond: ((id >= 7200479) AND (id <= 7200579))

table 2 : explain SELECT id, c FROM sbtest2 WHERE id BETWEEN 7200479 AND 7200579
	Index Scan using sbtest2_pkey on sbtest2  (cost=0.43..418.74 rows=105 width=125)
	  Index Cond: ((id >= 7200479) AND (id <= 7200579))

table 3 : explain SELECT id, c FROM sbtest3 WHERE id BETWEEN 7200479 AND 7200579
	Index Scan using sbtest3_pkey on sbtest3  (cost=0.43..373.32 rows=94 width=125)
	  Index Cond: ((id >= 7200479) AND (id <= 7200579))

table 4 : explain SELECT id, c FROM sbtest4 WHERE id BETWEEN 7200479 AND 7200579
	Index Scan using sbtest4_pkey on sbtest4  (cost=0.43..377.11 rows=95 width=125)
	  Index Cond: ((id >= 7200479) AND (id <= 7200579))

table 5 : explain SELECT id, c FROM sbtest5 WHERE id BETWEEN 7200479 AND 7200579
	Index Scan using sbtest5_pkey on sbtest5  (cost=0.43..443.76 rows=112 width=125)
	  Index Cond: ((id >= 7200479) AND (id <= 7200579))

table 6 : explain SELECT id, c FROM sbtest6 WHERE id BETWEEN 7200479 AND 7200579
	Index Scan using sbtest6_pkey on sbtest6  (cost=0.43..365.23 rows=92 width=125)
	  Index Cond: ((id >= 7200479) AND (id <= 7200579))

table 7 : explain SELECT id, c FROM sbtest7 WHERE id BETWEEN 7200479 AND 7200579
	Index Scan using sbtest7_pkey on sbtest7  (cost=0.43..427.19 rows=108 width=125)
	  Index Cond: ((id >= 7200479) AND (id <= 7200579))

table 8 : explain SELECT id, c FROM sbtest8 WHERE id BETWEEN 7200479 AND 7200579
	Index Scan using sbtest8_pkey on sbtest8  (cost=0.43..390.41 rows=99 width=125)
	  Index Cond: ((id >= 7200479) AND (id <= 7200579))

explain: for range-notcovered :: explain SELECT id, c FROM sbtest%d WHERE id BETWEEN 7200479 AND 7200579
for range-notcovered
table 1 : explain SELECT id, c FROM sbtest1 WHERE id BETWEEN 4677928 AND 4678028
	Index Scan using sbtest1_pkey on sbtest1  (cost=0.43..352.79 rows=89 width=125)
	  Index Cond: ((id >= 4677928) AND (id <= 4678028))

table 2 : explain SELECT id, c FROM sbtest2 WHERE id BETWEEN 4677928 AND 4678028
	Index Scan using sbtest2_pkey on sbtest2  (cost=0.43..395.07 rows=99 width=125)
	  Index Cond: ((id >= 4677928) AND (id <= 4678028))

table 3 : explain SELECT id, c FROM sbtest3 WHERE id BETWEEN 4677928 AND 4678028
	Index Scan using sbtest3_pkey on sbtest3  (cost=0.43..408.62 rows=103 width=125)
	  Index Cond: ((id >= 4677928) AND (id <= 4678028))

table 4 : explain SELECT id, c FROM sbtest4 WHERE id BETWEEN 4677928 AND 4678028
	Index Scan using sbtest4_pkey on sbtest4  (cost=0.43..412.40 rows=104 width=125)
	  Index Cond: ((id >= 4677928) AND (id <= 4678028))

table 5 : explain SELECT id, c FROM sbtest5 WHERE id BETWEEN 4677928 AND 4678028
	Index Scan using sbtest5_pkey on sbtest5  (cost=0.43..439.84 rows=111 width=125)
	  Index Cond: ((id >= 4677928) AND (id <= 4678028))

table 6 : explain SELECT id, c FROM sbtest6 WHERE id BETWEEN 4677928 AND 4678028
	Index Scan using sbtest6_pkey on sbtest6  (cost=0.43..427.97 rows=108 width=125)
	  Index Cond: ((id >= 4677928) AND (id <= 4678028))

table 7 : explain SELECT id, c FROM sbtest7 WHERE id BETWEEN 4677928 AND 4678028
	Index Scan using sbtest7_pkey on sbtest7  (cost=0.43..407.62 rows=103 width=125)
	  Index Cond: ((id >= 4677928) AND (id <= 4678028))

table 8 : explain SELECT id, c FROM sbtest8 WHERE id BETWEEN 4677928 AND 4678028
	Index Scan using sbtest8_pkey on sbtest8  (cost=0.43..386.51 rows=98 width=125)
	  Index Cond: ((id >= 4677928) AND (id <= 4678028))

for range-notcovered
table 1 : explain SELECT id, c FROM sbtest1 WHERE id BETWEEN 7920476 AND 7920576
	Index Scan using sbtest1_pkey on sbtest1  (cost=0.43..380.21 rows=96 width=125)
	  Index Cond: ((id >= 7920476) AND (id <= 7920576))

table 2 : explain SELECT id, c FROM sbtest2 WHERE id BETWEEN 7920476 AND 7920576
	Index Scan using sbtest2_pkey on sbtest2  (cost=0.43..367.44 rows=92 width=125)
	  Index Cond: ((id >= 7920476) AND (id <= 7920576))

table 3 : explain SELECT id, c FROM sbtest3 WHERE id BETWEEN 7920476 AND 7920576
	Index Scan using sbtest3_pkey on sbtest3  (cost=0.43..392.93 rows=99 width=125)
	  Index Cond: ((id >= 7920476) AND (id <= 7920576))

table 4 : explain SELECT id, c FROM sbtest4 WHERE id BETWEEN 7920476 AND 7920576
	Index Scan using sbtest4_pkey on sbtest4  (cost=0.43..420.24 rows=106 width=125)
	  Index Cond: ((id >= 7920476) AND (id <= 7920576))

table 5 : explain SELECT id, c FROM sbtest5 WHERE id BETWEEN 7920476 AND 7920576
	Index Scan using sbtest5_pkey on sbtest5  (cost=0.43..353.55 rows=89 width=125)
	  Index Cond: ((id >= 7920476) AND (id <= 7920576))

table 6 : explain SELECT id, c FROM sbtest6 WHERE id BETWEEN 7920476 AND 7920576
	Index Scan using sbtest6_pkey on sbtest6  (cost=0.43..392.69 rows=99 width=125)
	  Index Cond: ((id >= 7920476) AND (id <= 7920576))

table 7 : explain SELECT id, c FROM sbtest7 WHERE id BETWEEN 7920476 AND 7920576
	Index Scan using sbtest7_pkey on sbtest7  (cost=0.43..403.71 rows=102 width=125)
	  Index Cond: ((id >= 7920476) AND (id <= 7920576))

table 8 : explain SELECT id, c FROM sbtest8 WHERE id BETWEEN 7920476 AND 7920576
	Index Scan using sbtest8_pkey on sbtest8  (cost=0.43..429.38 rows=109 width=125)
	  Index Cond: ((id >= 7920476) AND (id <= 7920576))

explain: for range-notcovered :: explain SELECT id, c FROM sbtest%d WHERE id BETWEEN 7920476 AND 7920576
explain: for range-notcovered :: explain SELECT id, c FROM sbtest%d WHERE id BETWEEN 843056 AND 843156
for range-notcovered
table 1 : explain SELECT id, c FROM sbtest1 WHERE id BETWEEN 5210810 AND 5210910
	Index Scan using sbtest1_pkey on sbtest1  (cost=0.43..399.77 rows=101 width=125)
	  Index Cond: ((id >= 5210810) AND (id <= 5210910))

table 2 : explain SELECT id, c FROM sbtest2 WHERE id BETWEEN 5210810 AND 5210910
	Index Scan using sbtest2_pkey on sbtest2  (cost=0.43..430.57 rows=108 width=125)
	  Index Cond: ((id >= 5210810) AND (id <= 5210910))

table 3 : explain SELECT id, c FROM sbtest3 WHERE id BETWEEN 5210810 AND 5210910
	Index Scan using sbtest3_pkey on sbtest3  (cost=0.43..443.93 rows=112 width=125)
	  Index Cond: ((id >= 5210810) AND (id <= 5210910))

table 4 : explain SELECT id, c FROM sbtest4 WHERE id BETWEEN 5210810 AND 5210910
	Index Scan using sbtest4_pkey on sbtest4  (cost=0.43..353.56 rows=89 width=125)
	  Index Cond: ((id >= 5210810) AND (id <= 5210910))

table 5 : explain SELECT id, c FROM sbtest5 WHERE id BETWEEN 5210810 AND 5210910
	Index Scan using sbtest5_pkey on sbtest5  (cost=0.43..381.00 rows=96 width=125)
	  Index Cond: ((id >= 5210810) AND (id <= 5210910))

table 6 : explain SELECT id, c FROM sbtest6 WHERE id BETWEEN 5210810 AND 5210910
	Index Scan using sbtest6_pkey on sbtest6  (cost=0.43..369.15 rows=93 width=125)
	  Index Cond: ((id >= 5210810) AND (id <= 5210910))

table 7 : explain SELECT id, c FROM sbtest7 WHERE id BETWEEN 5210810 AND 5210910
	Index Scan using sbtest7_pkey on sbtest7  (cost=0.43..341.08 rows=86 width=125)
	  Index Cond: ((id >= 5210810) AND (id <= 5210910))

table 8 : explain SELECT id, c FROM sbtest8 WHERE id BETWEEN 5210810 AND 5210910
	Index Scan using sbtest8_pkey on sbtest8  (cost=0.43..417.69 rows=106 width=125)
	  Index Cond: ((id >= 5210810) AND (id <= 5210910))

for range-notcovered
table 1 : explain SELECT id, c FROM sbtest1 WHERE id BETWEEN 7200479 AND 7200579
	Index Scan using sbtest1_pkey on sbtest1  (cost=0.43..391.94 rows=99 width=125)
	  Index Cond: ((id >= 7200479) AND (id <= 7200579))

table 2 : explain SELECT id, c FROM sbtest2 WHERE id BETWEEN 7200479 AND 7200579
	Index Scan using sbtest2_pkey on sbtest2  (cost=0.43..418.74 rows=105 width=125)
	  Index Cond: ((id >= 7200479) AND (id <= 7200579))

table 3 : explain SELECT id, c FROM sbtest3 WHERE id BETWEEN 7200479 AND 7200579
	Index Scan using sbtest3_pkey on sbtest3  (cost=0.43..373.32 rows=94 width=125)
	  Index Cond: ((id >= 7200479) AND (id <= 7200579))

table 4 : explain SELECT id, c FROM sbtest4 WHERE id BETWEEN 7200479 AND 7200579
	Index Scan using sbtest4_pkey on sbtest4  (cost=0.43..377.11 rows=95 width=125)
	  Index Cond: ((id >= 7200479) AND (id <= 7200579))

table 5 : explain SELECT id, c FROM sbtest5 WHERE id BETWEEN 7200479 AND 7200579
	Index Scan using sbtest5_pkey on sbtest5  (cost=0.43..443.76 rows=112 width=125)
	  Index Cond: ((id >= 7200479) AND (id <= 7200579))

table 6 : explain SELECT id, c FROM sbtest6 WHERE id BETWEEN 7200479 AND 7200579
	Index Scan using sbtest6_pkey on sbtest6  (cost=0.43..365.23 rows=92 width=125)
	  Index Cond: ((id >= 7200479) AND (id <= 7200579))

table 7 : explain SELECT id, c FROM sbtest7 WHERE id BETWEEN 7200479 AND 7200579
	Index Scan using sbtest7_pkey on sbtest7  (cost=0.43..427.19 rows=108 width=125)
	  Index Cond: ((id >= 7200479) AND (id <= 7200579))

table 8 : explain SELECT id, c FROM sbtest8 WHERE id BETWEEN 7200479 AND 7200579
	Index Scan using sbtest8_pkey on sbtest8  (cost=0.43..390.41 rows=99 width=125)
	  Index Cond: ((id >= 7200479) AND (id <= 7200579))

explain: for range-notcovered :: explain SELECT id, c FROM sbtest%d WHERE id BETWEEN 5210810 AND 5210910
explain: for range-notcovered :: explain SELECT id, c FROM sbtest%d WHERE id BETWEEN 7200479 AND 7200579
for range-notcovered
table 1 : explain SELECT id, c FROM sbtest1 WHERE id BETWEEN 7920476 AND 7920576
	Index Scan using sbtest1_pkey on sbtest1  (cost=0.43..380.21 rows=96 width=125)
	  Index Cond: ((id >= 7920476) AND (id <= 7920576))

table 2 : explain SELECT id, c FROM sbtest2 WHERE id BETWEEN 7920476 AND 7920576
	Index Scan using sbtest2_pkey on sbtest2  (cost=0.43..367.44 rows=92 width=125)
	  Index Cond: ((id >= 7920476) AND (id <= 7920576))

table 3 : explain SELECT id, c FROM sbtest3 WHERE id BETWEEN 7920476 AND 7920576
	Index Scan using sbtest3_pkey on sbtest3  (cost=0.43..392.93 rows=99 width=125)
	  Index Cond: ((id >= 7920476) AND (id <= 7920576))

table 4 : explain SELECT id, c FROM sbtest4 WHERE id BETWEEN 7920476 AND 7920576
	Index Scan using sbtest4_pkey on sbtest4  (cost=0.43..420.24 rows=106 width=125)
	  Index Cond: ((id >= 7920476) AND (id <= 7920576))

table 5 : explain SELECT id, c FROM sbtest5 WHERE id BETWEEN 7920476 AND 7920576
	Index Scan using sbtest5_pkey on sbtest5  (cost=0.43..353.55 rows=89 width=125)
	  Index Cond: ((id >= 7920476) AND (id <= 7920576))

table 6 : explain SELECT id, c FROM sbtest6 WHERE id BETWEEN 7920476 AND 7920576
	Index Scan using sbtest6_pkey on sbtest6  (cost=0.43..392.69 rows=99 width=125)
	  Index Cond: ((id >= 7920476) AND (id <= 7920576))

table 7 : explain SELECT id, c FROM sbtest7 WHERE id BETWEEN 7920476 AND 7920576
	Index Scan using sbtest7_pkey on sbtest7  (cost=0.43..403.71 rows=102 width=125)
	  Index Cond: ((id >= 7920476) AND (id <= 7920576))

table 8 : explain SELECT id, c FROM sbtest8 WHERE id BETWEEN 7920476 AND 7920576
	Index Scan using sbtest8_pkey on sbtest8  (cost=0.43..429.38 rows=109 width=125)
	  Index Cond: ((id >= 7920476) AND (id <= 7920576))

explain: for range-notcovered :: explain SELECT id, c FROM sbtest%d WHERE id BETWEEN 7920476 AND 7920576
for range-notcovered
table 1 : explain SELECT id, c FROM sbtest1 WHERE id BETWEEN 843056 AND 843156
	Index Scan using sbtest1_pkey on sbtest1  (cost=0.43..395.86 rows=100 width=125)
	  Index Cond: ((id >= 843056) AND (id <= 843156))

table 2 : explain SELECT id, c FROM sbtest2 WHERE id BETWEEN 843056 AND 843156
	Index Scan using sbtest2_pkey on sbtest2  (cost=0.43..399.02 rows=100 width=125)
	  Index Cond: ((id >= 843056) AND (id <= 843156))

table 3 : explain SELECT id, c FROM sbtest3 WHERE id BETWEEN 843056 AND 843156
	Index Scan using sbtest3_pkey on sbtest3  (cost=0.43..424.31 rows=107 width=125)
	  Index Cond: ((id >= 843056) AND (id <= 843156))

table 4 : explain SELECT id, c FROM sbtest4 WHERE id BETWEEN 843056 AND 843156
	Index Scan using sbtest4_pkey on sbtest4  (cost=0.43..408.48 rows=103 width=125)
	  Index Cond: ((id >= 843056) AND (id <= 843156))

table 5 : explain SELECT id, c FROM sbtest5 WHERE id BETWEEN 843056 AND 843156
	Index Scan using sbtest5_pkey on sbtest5  (cost=0.43..408.47 rows=103 width=125)
	  Index Cond: ((id >= 843056) AND (id <= 843156))

table 6 : explain SELECT id, c FROM sbtest6 WHERE id BETWEEN 843056 AND 843156
	Index Scan using sbtest6_pkey on sbtest6  (cost=0.43..443.65 rows=112 width=125)
	  Index Cond: ((id >= 843056) AND (id <= 843156))

table 7 : explain SELECT id, c FROM sbtest7 WHERE id BETWEEN 843056 AND 843156
	Index Scan using sbtest7_pkey on sbtest7  (cost=0.43..407.62 rows=103 width=125)
	  Index Cond: ((id >= 843056) AND (id <= 843156))

table 8 : explain SELECT id, c FROM sbtest8 WHERE id BETWEEN 843056 AND 843156
	Index Scan using sbtest8_pkey on sbtest8  (cost=0.43..367.03 rows=93 width=125)
	  Index Cond: ((id >= 843056) AND (id <= 843156))

explain: for range-notcovered :: explain SELECT id, c FROM sbtest%d WHERE id BETWEEN 843056 AND 843156
explain: for range-notcovered :: explain SELECT id, c FROM sbtest%d WHERE id BETWEEN 4649232 AND 4649332
for range-notcovered
table 1 : explain SELECT id, c FROM sbtest1 WHERE id BETWEEN 2977640 AND 2977740
	Index Scan using sbtest1_pkey on sbtest1  (cost=0.43..403.68 rows=102 width=125)
	  Index Cond: ((id >= 2977640) AND (id <= 2977740))

table 2 : explain SELECT id, c FROM sbtest2 WHERE id BETWEEN 2977640 AND 2977740
	Index Scan using sbtest2_pkey on sbtest2  (cost=0.43..402.96 rows=101 width=125)
	  Index Cond: ((id >= 2977640) AND (id <= 2977740))

table 3 : explain SELECT id, c FROM sbtest3 WHERE id BETWEEN 2977640 AND 2977740
	Index Scan using sbtest3_pkey on sbtest3  (cost=0.43..377.24 rows=95 width=125)
	  Index Cond: ((id >= 2977640) AND (id <= 2977740))

table 4 : explain SELECT id, c FROM sbtest4 WHERE id BETWEEN 2977640 AND 2977740
	Index Scan using sbtest4_pkey on sbtest4  (cost=0.43..365.35 rows=92 width=125)
	  Index Cond: ((id >= 2977640) AND (id <= 2977740))

table 5 : explain SELECT id, c FROM sbtest5 WHERE id BETWEEN 2977640 AND 2977740
	Index Scan using sbtest5_pkey on sbtest5  (cost=0.43..400.63 rows=101 width=125)
	  Index Cond: ((id >= 2977640) AND (id <= 2977740))

table 6 : explain SELECT id, c FROM sbtest6 WHERE id BETWEEN 2977640 AND 2977740
	Index Scan using sbtest6_pkey on sbtest6  (cost=0.43..404.45 rows=102 width=125)
	  Index Cond: ((id >= 2977640) AND (id <= 2977740))

table 7 : explain SELECT id, c FROM sbtest7 WHERE id BETWEEN 2977640 AND 2977740
	Index Scan using sbtest7_pkey on sbtest7  (cost=0.43..376.32 rows=95 width=125)
	  Index Cond: ((id >= 2977640) AND (id <= 2977740))

table 8 : explain SELECT id, c FROM sbtest8 WHERE id BETWEEN 2977640 AND 2977740
	Index Scan using sbtest8_pkey on sbtest8  (cost=0.43..398.20 rows=101 width=125)
	  Index Cond: ((id >= 2977640) AND (id <= 2977740))

explain: for range-notcovered :: explain SELECT id, c FROM sbtest%d WHERE id BETWEEN 2977640 AND 2977740
for range-notcovered
table 1 : explain SELECT id, c FROM sbtest1 WHERE id BETWEEN 7920476 AND 7920576
	Index Scan using sbtest1_pkey on sbtest1  (cost=0.43..380.21 rows=96 width=125)
	  Index Cond: ((id >= 7920476) AND (id <= 7920576))

table 2 : explain SELECT id, c FROM sbtest2 WHERE id BETWEEN 7920476 AND 7920576
	Index Scan using sbtest2_pkey on sbtest2  (cost=0.43..367.44 rows=92 width=125)
	  Index Cond: ((id >= 7920476) AND (id <= 7920576))

table 3 : explain SELECT id, c FROM sbtest3 WHERE id BETWEEN 7920476 AND 7920576
	Index Scan using sbtest3_pkey on sbtest3  (cost=0.43..392.93 rows=99 width=125)
	  Index Cond: ((id >= 7920476) AND (id <= 7920576))

table 4 : explain SELECT id, c FROM sbtest4 WHERE id BETWEEN 7920476 AND 7920576
	Index Scan using sbtest4_pkey on sbtest4  (cost=0.43..420.24 rows=106 width=125)
	  Index Cond: ((id >= 7920476) AND (id <= 7920576))

table 5 : explain SELECT id, c FROM sbtest5 WHERE id BETWEEN 7920476 AND 7920576
	Index Scan using sbtest5_pkey on sbtest5  (cost=0.43..353.55 rows=89 width=125)
	  Index Cond: ((id >= 7920476) AND (id <= 7920576))

table 6 : explain SELECT id, c FROM sbtest6 WHERE id BETWEEN 7920476 AND 7920576
	Index Scan using sbtest6_pkey on sbtest6  (cost=0.43..392.69 rows=99 width=125)
	  Index Cond: ((id >= 7920476) AND (id <= 7920576))

table 7 : explain SELECT id, c FROM sbtest7 WHERE id BETWEEN 7920476 AND 7920576
	Index Scan using sbtest7_pkey on sbtest7  (cost=0.43..403.71 rows=102 width=125)
	  Index Cond: ((id >= 7920476) AND (id <= 7920576))

table 8 : explain SELECT id, c FROM sbtest8 WHERE id BETWEEN 7920476 AND 7920576
	Index Scan using sbtest8_pkey on sbtest8  (cost=0.43..429.38 rows=109 width=125)
	  Index Cond: ((id >= 7920476) AND (id <= 7920576))

explain: for range-notcovered :: explain SELECT id, c FROM sbtest%d WHERE id BETWEEN 7920476 AND 7920576
for range-notcovered
table 1 : explain SELECT id, c FROM sbtest1 WHERE id BETWEEN 843056 AND 843156
	Index Scan using sbtest1_pkey on sbtest1  (cost=0.43..395.86 rows=100 width=125)
	  Index Cond: ((id >= 843056) AND (id <= 843156))

table 2 : explain SELECT id, c FROM sbtest2 WHERE id BETWEEN 843056 AND 843156
	Index Scan using sbtest2_pkey on sbtest2  (cost=0.43..399.02 rows=100 width=125)
	  Index Cond: ((id >= 843056) AND (id <= 843156))

table 3 : explain SELECT id, c FROM sbtest3 WHERE id BETWEEN 843056 AND 843156
	Index Scan using sbtest3_pkey on sbtest3  (cost=0.43..424.31 rows=107 width=125)
	  Index Cond: ((id >= 843056) AND (id <= 843156))

table 4 : explain SELECT id, c FROM sbtest4 WHERE id BETWEEN 843056 AND 843156
	Index Scan using sbtest4_pkey on sbtest4  (cost=0.43..408.48 rows=103 width=125)
	  Index Cond: ((id >= 843056) AND (id <= 843156))

table 5 : explain SELECT id, c FROM sbtest5 WHERE id BETWEEN 843056 AND 843156
	Index Scan using sbtest5_pkey on sbtest5  (cost=0.43..408.47 rows=103 width=125)
	  Index Cond: ((id >= 843056) AND (id <= 843156))

table 6 : explain SELECT id, c FROM sbtest6 WHERE id BETWEEN 843056 AND 843156
	Index Scan using sbtest6_pkey on sbtest6  (cost=0.43..443.65 rows=112 width=125)
	  Index Cond: ((id >= 843056) AND (id <= 843156))

table 7 : explain SELECT id, c FROM sbtest7 WHERE id BETWEEN 843056 AND 843156
	Index Scan using sbtest7_pkey on sbtest7  (cost=0.43..407.62 rows=103 width=125)
	  Index Cond: ((id >= 843056) AND (id <= 843156))

table 8 : explain SELECT id, c FROM sbtest8 WHERE id BETWEEN 843056 AND 843156
	Index Scan using sbtest8_pkey on sbtest8  (cost=0.43..367.03 rows=93 width=125)
	  Index Cond: ((id >= 843056) AND (id <= 843156))

explain: for range-notcovered :: explain SELECT id, c FROM sbtest%d WHERE id BETWEEN 843056 AND 843156
for range-notcovered
table 1 : explain SELECT id, c FROM sbtest1 WHERE id BETWEEN 7727681 AND 7727781
	Index Scan using sbtest1_pkey on sbtest1  (cost=0.43..411.51 rows=104 width=125)
	  Index Cond: ((id >= 7727681) AND (id <= 7727781))

table 2 : explain SELECT id, c FROM sbtest2 WHERE id BETWEEN 7727681 AND 7727781
	Index Scan using sbtest2_pkey on sbtest2  (cost=0.43..395.07 rows=99 width=125)
	  Index Cond: ((id >= 7727681) AND (id <= 7727781))

table 3 : explain SELECT id, c FROM sbtest3 WHERE id BETWEEN 7727681 AND 7727781
	Index Scan using sbtest3_pkey on sbtest3  (cost=0.43..377.24 rows=95 width=125)
	  Index Cond: ((id >= 7727681) AND (id <= 7727781))

table 4 : explain SELECT id, c FROM sbtest4 WHERE id BETWEEN 7727681 AND 7727781
	Index Scan using sbtest4_pkey on sbtest4  (cost=0.43..377.11 rows=95 width=125)
	  Index Cond: ((id >= 7727681) AND (id <= 7727781))

table 5 : explain SELECT id, c FROM sbtest5 WHERE id BETWEEN 7727681 AND 7727781
	Index Scan using sbtest5_pkey on sbtest5  (cost=0.43..400.63 rows=101 width=125)
	  Index Cond: ((id >= 7727681) AND (id <= 7727781))

table 6 : explain SELECT id, c FROM sbtest6 WHERE id BETWEEN 7727681 AND 7727781
	Index Scan using sbtest6_pkey on sbtest6  (cost=0.43..408.37 rows=103 width=125)
	  Index Cond: ((id >= 7727681) AND (id <= 7727781))

table 7 : explain SELECT id, c FROM sbtest7 WHERE id BETWEEN 7727681 AND 7727781
	Index Scan using sbtest7_pkey on sbtest7  (cost=0.43..407.62 rows=103 width=125)
	  Index Cond: ((id >= 7727681) AND (id <= 7727781))

table 8 : explain SELECT id, c FROM sbtest8 WHERE id BETWEEN 7727681 AND 7727781
	Index Scan using sbtest8_pkey on sbtest8  (cost=0.43..390.41 rows=99 width=125)
	  Index Cond: ((id >= 7727681) AND (id <= 7727781))

for range-notcovered
table 1 : explain SELECT id, c FROM sbtest1 WHERE id BETWEEN 7200479 AND 7200579
	Index Scan using sbtest1_pkey on sbtest1  (cost=0.43..391.94 rows=99 width=125)
	  Index Cond: ((id >= 7200479) AND (id <= 7200579))

table 2 : explain SELECT id, c FROM sbtest2 WHERE id BETWEEN 7200479 AND 7200579
	Index Scan using sbtest2_pkey on sbtest2  (cost=0.43..418.74 rows=105 width=125)
	  Index Cond: ((id >= 7200479) AND (id <= 7200579))

table 3 : explain SELECT id, c FROM sbtest3 WHERE id BETWEEN 7200479 AND 7200579
	Index Scan using sbtest3_pkey on sbtest3  (cost=0.43..373.32 rows=94 width=125)
	  Index Cond: ((id >= 7200479) AND (id <= 7200579))

table 4 : explain SELECT id, c FROM sbtest4 WHERE id BETWEEN 7200479 AND 7200579
	Index Scan using sbtest4_pkey on sbtest4  (cost=0.43..377.11 rows=95 width=125)
	  Index Cond: ((id >= 7200479) AND (id <= 7200579))

table 5 : explain SELECT id, c FROM sbtest5 WHERE id BETWEEN 7200479 AND 7200579
	Index Scan using sbtest5_pkey on sbtest5  (cost=0.43..443.76 rows=112 width=125)
	  Index Cond: ((id >= 7200479) AND (id <= 7200579))

table 6 : explain SELECT id, c FROM sbtest6 WHERE id BETWEEN 7200479 AND 7200579
	Index Scan using sbtest6_pkey on sbtest6  (cost=0.43..365.23 rows=92 width=125)
	  Index Cond: ((id >= 7200479) AND (id <= 7200579))

table 7 : explain SELECT id, c FROM sbtest7 WHERE id BETWEEN 7200479 AND 7200579
	Index Scan using sbtest7_pkey on sbtest7  (cost=0.43..427.19 rows=108 width=125)
	  Index Cond: ((id >= 7200479) AND (id <= 7200579))

table 8 : explain SELECT id, c FROM sbtest8 WHERE id BETWEEN 7200479 AND 7200579
	Index Scan using sbtest8_pkey on sbtest8  (cost=0.43..390.41 rows=99 width=125)
	  Index Cond: ((id >= 7200479) AND (id <= 7200579))

explain: for range-notcovered :: explain SELECT id, c FROM sbtest%d WHERE id BETWEEN 7727681 AND 7727781
explain: for range-notcovered :: explain SELECT id, c FROM sbtest%d WHERE id BETWEEN 4515141 AND 4515241
for range-notcovered
table 1 : explain SELECT id, c FROM sbtest1 WHERE id BETWEEN 5210810 AND 5210910
	Index Scan using sbtest1_pkey on sbtest1  (cost=0.43..399.77 rows=101 width=125)
	  Index Cond: ((id >= 5210810) AND (id <= 5210910))

table 2 : explain SELECT id, c FROM sbtest2 WHERE id BETWEEN 5210810 AND 5210910
	Index Scan using sbtest2_pkey on sbtest2  (cost=0.43..430.57 rows=108 width=125)
	  Index Cond: ((id >= 5210810) AND (id <= 5210910))

table 3 : explain SELECT id, c FROM sbtest3 WHERE id BETWEEN 5210810 AND 5210910
	Index Scan using sbtest3_pkey on sbtest3  (cost=0.43..443.93 rows=112 width=125)
	  Index Cond: ((id >= 5210810) AND (id <= 5210910))

table 4 : explain SELECT id, c FROM sbtest4 WHERE id BETWEEN 5210810 AND 5210910
	Index Scan using sbtest4_pkey on sbtest4  (cost=0.43..353.56 rows=89 width=125)
	  Index Cond: ((id >= 5210810) AND (id <= 5210910))

table 5 : explain SELECT id, c FROM sbtest5 WHERE id BETWEEN 5210810 AND 5210910
	Index Scan using sbtest5_pkey on sbtest5  (cost=0.43..381.00 rows=96 width=125)
	  Index Cond: ((id >= 5210810) AND (id <= 5210910))

table 6 : explain SELECT id, c FROM sbtest6 WHERE id BETWEEN 5210810 AND 5210910
	Index Scan using sbtest6_pkey on sbtest6  (cost=0.43..369.15 rows=93 width=125)
	  Index Cond: ((id >= 5210810) AND (id <= 5210910))

table 7 : explain SELECT id, c FROM sbtest7 WHERE id BETWEEN 5210810 AND 5210910
	Index Scan using sbtest7_pkey on sbtest7  (cost=0.43..341.08 rows=86 width=125)
	  Index Cond: ((id >= 5210810) AND (id <= 5210910))

table 8 : explain SELECT id, c FROM sbtest8 WHERE id BETWEEN 5210810 AND 5210910
	Index Scan using sbtest8_pkey on sbtest8  (cost=0.43..417.69 rows=106 width=125)
	  Index Cond: ((id >= 5210810) AND (id <= 5210910))

explain: for range-notcovered :: explain SELECT id, c FROM sbtest%d WHERE id BETWEEN 7200479 AND 7200579
for range-notcovered
table 1 : explain SELECT id, c FROM sbtest1 WHERE id BETWEEN 2977640 AND 2977740
	Index Scan using sbtest1_pkey on sbtest1  (cost=0.43..403.68 rows=102 width=125)
	  Index Cond: ((id >= 2977640) AND (id <= 2977740))

table 2 : explain SELECT id, c FROM sbtest2 WHERE id BETWEEN 2977640 AND 2977740
	Index Scan using sbtest2_pkey on sbtest2  (cost=0.43..402.96 rows=101 width=125)
	  Index Cond: ((id >= 2977640) AND (id <= 2977740))

table 3 : explain SELECT id, c FROM sbtest3 WHERE id BETWEEN 2977640 AND 2977740
	Index Scan using sbtest3_pkey on sbtest3  (cost=0.43..377.24 rows=95 width=125)
	  Index Cond: ((id >= 2977640) AND (id <= 2977740))

table 4 : explain SELECT id, c FROM sbtest4 WHERE id BETWEEN 2977640 AND 2977740
	Index Scan using sbtest4_pkey on sbtest4  (cost=0.43..365.35 rows=92 width=125)
	  Index Cond: ((id >= 2977640) AND (id <= 2977740))

table 5 : explain SELECT id, c FROM sbtest5 WHERE id BETWEEN 2977640 AND 2977740
	Index Scan using sbtest5_pkey on sbtest5  (cost=0.43..400.63 rows=101 width=125)
	  Index Cond: ((id >= 2977640) AND (id <= 2977740))

table 6 : explain SELECT id, c FROM sbtest6 WHERE id BETWEEN 2977640 AND 2977740
	Index Scan using sbtest6_pkey on sbtest6  (cost=0.43..404.45 rows=102 width=125)
	  Index Cond: ((id >= 2977640) AND (id <= 2977740))

table 7 : explain SELECT id, c FROM sbtest7 WHERE id BETWEEN 2977640 AND 2977740
	Index Scan using sbtest7_pkey on sbtest7  (cost=0.43..376.32 rows=95 width=125)
	  Index Cond: ((id >= 2977640) AND (id <= 2977740))

table 8 : explain SELECT id, c FROM sbtest8 WHERE id BETWEEN 2977640 AND 2977740
	Index Scan using sbtest8_pkey on sbtest8  (cost=0.43..398.20 rows=101 width=125)
	  Index Cond: ((id >= 2977640) AND (id <= 2977740))

explain: for range-notcovered :: explain SELECT id, c FROM sbtest%d WHERE id BETWEEN 5210810 AND 5210910
for range-notcovered
table 1 : explain SELECT id, c FROM sbtest1 WHERE id BETWEEN 7920476 AND 7920576
	Index Scan using sbtest1_pkey on sbtest1  (cost=0.43..380.21 rows=96 width=125)
	  Index Cond: ((id >= 7920476) AND (id <= 7920576))

table 2 : explain SELECT id, c FROM sbtest2 WHERE id BETWEEN 7920476 AND 7920576
	Index Scan using sbtest2_pkey on sbtest2  (cost=0.43..367.44 rows=92 width=125)
	  Index Cond: ((id >= 7920476) AND (id <= 7920576))

table 3 : explain SELECT id, c FROM sbtest3 WHERE id BETWEEN 7920476 AND 7920576
	Index Scan using sbtest3_pkey on sbtest3  (cost=0.43..392.93 rows=99 width=125)
	  Index Cond: ((id >= 7920476) AND (id <= 7920576))

table 4 : explain SELECT id, c FROM sbtest4 WHERE id BETWEEN 7920476 AND 7920576
	Index Scan using sbtest4_pkey on sbtest4  (cost=0.43..420.24 rows=106 width=125)
	  Index Cond: ((id >= 7920476) AND (id <= 7920576))

table 5 : explain SELECT id, c FROM sbtest5 WHERE id BETWEEN 7920476 AND 7920576
	Index Scan using sbtest5_pkey on sbtest5  (cost=0.43..353.55 rows=89 width=125)
	  Index Cond: ((id >= 7920476) AND (id <= 7920576))

table 6 : explain SELECT id, c FROM sbtest6 WHERE id BETWEEN 7920476 AND 7920576
	Index Scan using sbtest6_pkey on sbtest6  (cost=0.43..392.69 rows=99 width=125)
	  Index Cond: ((id >= 7920476) AND (id <= 7920576))

table 7 : explain SELECT id, c FROM sbtest7 WHERE id BETWEEN 7920476 AND 7920576
	Index Scan using sbtest7_pkey on sbtest7  (cost=0.43..403.71 rows=102 width=125)
	  Index Cond: ((id >= 7920476) AND (id <= 7920576))

table 8 : explain SELECT id, c FROM sbtest8 WHERE id BETWEEN 7920476 AND 7920576
	Index Scan using sbtest8_pkey on sbtest8  (cost=0.43..429.38 rows=109 width=125)
	  Index Cond: ((id >= 7920476) AND (id <= 7920576))

explain: for range-notcovered :: explain SELECT id, c FROM sbtest%d WHERE id BETWEEN 2977640 AND 2977740
for range-notcovered
table 1 : explain SELECT id, c FROM sbtest1 WHERE id BETWEEN 843056 AND 843156
	Index Scan using sbtest1_pkey on sbtest1  (cost=0.43..395.86 rows=100 width=125)
	  Index Cond: ((id >= 843056) AND (id <= 843156))

table 2 : explain SELECT id, c FROM sbtest2 WHERE id BETWEEN 843056 AND 843156
	Index Scan using sbtest2_pkey on sbtest2  (cost=0.43..399.02 rows=100 width=125)
	  Index Cond: ((id >= 843056) AND (id <= 843156))

table 3 : explain SELECT id, c FROM sbtest3 WHERE id BETWEEN 843056 AND 843156
	Index Scan using sbtest3_pkey on sbtest3  (cost=0.43..424.31 rows=107 width=125)
	  Index Cond: ((id >= 843056) AND (id <= 843156))

table 4 : explain SELECT id, c FROM sbtest4 WHERE id BETWEEN 843056 AND 843156
	Index Scan using sbtest4_pkey on sbtest4  (cost=0.43..408.48 rows=103 width=125)
	  Index Cond: ((id >= 843056) AND (id <= 843156))

table 5 : explain SELECT id, c FROM sbtest5 WHERE id BETWEEN 843056 AND 843156
	Index Scan using sbtest5_pkey on sbtest5  (cost=0.43..408.47 rows=103 width=125)
	  Index Cond: ((id >= 843056) AND (id <= 843156))

table 6 : explain SELECT id, c FROM sbtest6 WHERE id BETWEEN 843056 AND 843156
	Index Scan using sbtest6_pkey on sbtest6  (cost=0.43..443.65 rows=112 width=125)
	  Index Cond: ((id >= 843056) AND (id <= 843156))

table 7 : explain SELECT id, c FROM sbtest7 WHERE id BETWEEN 843056 AND 843156
	Index Scan using sbtest7_pkey on sbtest7  (cost=0.43..407.62 rows=103 width=125)
	  Index Cond: ((id >= 843056) AND (id <= 843156))

table 8 : explain SELECT id, c FROM sbtest8 WHERE id BETWEEN 843056 AND 843156
	Index Scan using sbtest8_pkey on sbtest8  (cost=0.43..367.03 rows=93 width=125)
	  Index Cond: ((id >= 843056) AND (id <= 843156))

explain: for range-notcovered :: explain SELECT id, c FROM sbtest%d WHERE id BETWEEN 7920476 AND 7920576
explain: for range-notcovered :: explain SELECT id, c FROM sbtest%d WHERE id BETWEEN 843056 AND 843156
for range-notcovered
table 1 : explain SELECT id, c FROM sbtest1 WHERE id BETWEEN 7727681 AND 7727781
	Index Scan using sbtest1_pkey on sbtest1  (cost=0.43..411.51 rows=104 width=125)
	  Index Cond: ((id >= 7727681) AND (id <= 7727781))

table 2 : explain SELECT id, c FROM sbtest2 WHERE id BETWEEN 7727681 AND 7727781
	Index Scan using sbtest2_pkey on sbtest2  (cost=0.43..395.07 rows=99 width=125)
	  Index Cond: ((id >= 7727681) AND (id <= 7727781))

table 3 : explain SELECT id, c FROM sbtest3 WHERE id BETWEEN 7727681 AND 7727781
	Index Scan using sbtest3_pkey on sbtest3  (cost=0.43..377.24 rows=95 width=125)
	  Index Cond: ((id >= 7727681) AND (id <= 7727781))

table 4 : explain SELECT id, c FROM sbtest4 WHERE id BETWEEN 7727681 AND 7727781
	Index Scan using sbtest4_pkey on sbtest4  (cost=0.43..377.11 rows=95 width=125)
	  Index Cond: ((id >= 7727681) AND (id <= 7727781))

table 5 : explain SELECT id, c FROM sbtest5 WHERE id BETWEEN 7727681 AND 7727781
	Index Scan using sbtest5_pkey on sbtest5  (cost=0.43..400.63 rows=101 width=125)
	  Index Cond: ((id >= 7727681) AND (id <= 7727781))

table 6 : explain SELECT id, c FROM sbtest6 WHERE id BETWEEN 7727681 AND 7727781
	Index Scan using sbtest6_pkey on sbtest6  (cost=0.43..408.37 rows=103 width=125)
	  Index Cond: ((id >= 7727681) AND (id <= 7727781))

table 7 : explain SELECT id, c FROM sbtest7 WHERE id BETWEEN 7727681 AND 7727781
	Index Scan using sbtest7_pkey on sbtest7  (cost=0.43..407.62 rows=103 width=125)
	  Index Cond: ((id >= 7727681) AND (id <= 7727781))

table 8 : explain SELECT id, c FROM sbtest8 WHERE id BETWEEN 7727681 AND 7727781
	Index Scan using sbtest8_pkey on sbtest8  (cost=0.43..390.41 rows=99 width=125)
	  Index Cond: ((id >= 7727681) AND (id <= 7727781))

explain: for range-notcovered :: explain SELECT id, c FROM sbtest%d WHERE id BETWEEN 3723571 AND 3723671
explain: for range-notcovered :: explain SELECT id, c FROM sbtest%d WHERE id BETWEEN 7727681 AND 7727781
for range-notcovered
table 1 : explain SELECT id, c FROM sbtest1 WHERE id BETWEEN 2977640 AND 2977740
	Index Scan using sbtest1_pkey on sbtest1  (cost=0.43..403.68 rows=102 width=125)
	  Index Cond: ((id >= 2977640) AND (id <= 2977740))

table 2 : explain SELECT id, c FROM sbtest2 WHERE id BETWEEN 2977640 AND 2977740
	Index Scan using sbtest2_pkey on sbtest2  (cost=0.43..402.96 rows=101 width=125)
	  Index Cond: ((id >= 2977640) AND (id <= 2977740))

table 3 : explain SELECT id, c FROM sbtest3 WHERE id BETWEEN 2977640 AND 2977740
	Index Scan using sbtest3_pkey on sbtest3  (cost=0.43..377.24 rows=95 width=125)
	  Index Cond: ((id >= 2977640) AND (id <= 2977740))

table 4 : explain SELECT id, c FROM sbtest4 WHERE id BETWEEN 2977640 AND 2977740
	Index Scan using sbtest4_pkey on sbtest4  (cost=0.43..365.35 rows=92 width=125)
	  Index Cond: ((id >= 2977640) AND (id <= 2977740))

table 5 : explain SELECT id, c FROM sbtest5 WHERE id BETWEEN 2977640 AND 2977740
	Index Scan using sbtest5_pkey on sbtest5  (cost=0.43..400.63 rows=101 width=125)
	  Index Cond: ((id >= 2977640) AND (id <= 2977740))

table 6 : explain SELECT id, c FROM sbtest6 WHERE id BETWEEN 2977640 AND 2977740
	Index Scan using sbtest6_pkey on sbtest6  (cost=0.43..404.45 rows=102 width=125)
	  Index Cond: ((id >= 2977640) AND (id <= 2977740))

table 7 : explain SELECT id, c FROM sbtest7 WHERE id BETWEEN 2977640 AND 2977740
	Index Scan using sbtest7_pkey on sbtest7  (cost=0.43..376.32 rows=95 width=125)
	  Index Cond: ((id >= 2977640) AND (id <= 2977740))

table 8 : explain SELECT id, c FROM sbtest8 WHERE id BETWEEN 2977640 AND 2977740
	Index Scan using sbtest8_pkey on sbtest8  (cost=0.43..398.20 rows=101 width=125)
	  Index Cond: ((id >= 2977640) AND (id <= 2977740))

for range-notcovered
table 1 : explain SELECT id, c FROM sbtest1 WHERE id BETWEEN 7920476 AND 7920576
	Index Scan using sbtest1_pkey on sbtest1  (cost=0.43..380.21 rows=96 width=125)
	  Index Cond: ((id >= 7920476) AND (id <= 7920576))

table 2 : explain SELECT id, c FROM sbtest2 WHERE id BETWEEN 7920476 AND 7920576
	Index Scan using sbtest2_pkey on sbtest2  (cost=0.43..367.44 rows=92 width=125)
	  Index Cond: ((id >= 7920476) AND (id <= 7920576))

table 3 : explain SELECT id, c FROM sbtest3 WHERE id BETWEEN 7920476 AND 7920576
	Index Scan using sbtest3_pkey on sbtest3  (cost=0.43..392.93 rows=99 width=125)
	  Index Cond: ((id >= 7920476) AND (id <= 7920576))

table 4 : explain SELECT id, c FROM sbtest4 WHERE id BETWEEN 7920476 AND 7920576
	Index Scan using sbtest4_pkey on sbtest4  (cost=0.43..420.24 rows=106 width=125)
	  Index Cond: ((id >= 7920476) AND (id <= 7920576))

table 5 : explain SELECT id, c FROM sbtest5 WHERE id BETWEEN 7920476 AND 7920576
	Index Scan using sbtest5_pkey on sbtest5  (cost=0.43..353.55 rows=89 width=125)
	  Index Cond: ((id >= 7920476) AND (id <= 7920576))

table 6 : explain SELECT id, c FROM sbtest6 WHERE id BETWEEN 7920476 AND 7920576
	Index Scan using sbtest6_pkey on sbtest6  (cost=0.43..392.69 rows=99 width=125)
	  Index Cond: ((id >= 7920476) AND (id <= 7920576))

table 7 : explain SELECT id, c FROM sbtest7 WHERE id BETWEEN 7920476 AND 7920576
	Index Scan using sbtest7_pkey on sbtest7  (cost=0.43..403.71 rows=102 width=125)
	  Index Cond: ((id >= 7920476) AND (id <= 7920576))

table 8 : explain SELECT id, c FROM sbtest8 WHERE id BETWEEN 7920476 AND 7920576
	Index Scan using sbtest8_pkey on sbtest8  (cost=0.43..429.38 rows=109 width=125)
	  Index Cond: ((id >= 7920476) AND (id <= 7920576))

explain: for range-notcovered :: explain SELECT id, c FROM sbtest%d WHERE id BETWEEN 2977640 AND 2977740
explain: for range-notcovered :: explain SELECT id, c FROM sbtest%d WHERE id BETWEEN 7920476 AND 7920576
for range-notcovered
table 1 : explain SELECT id, c FROM sbtest1 WHERE id BETWEEN 843056 AND 843156
	Index Scan using sbtest1_pkey on sbtest1  (cost=0.43..395.86 rows=100 width=125)
	  Index Cond: ((id >= 843056) AND (id <= 843156))

table 2 : explain SELECT id, c FROM sbtest2 WHERE id BETWEEN 843056 AND 843156
	Index Scan using sbtest2_pkey on sbtest2  (cost=0.43..399.02 rows=100 width=125)
	  Index Cond: ((id >= 843056) AND (id <= 843156))

table 3 : explain SELECT id, c FROM sbtest3 WHERE id BETWEEN 843056 AND 843156
	Index Scan using sbtest3_pkey on sbtest3  (cost=0.43..424.31 rows=107 width=125)
	  Index Cond: ((id >= 843056) AND (id <= 843156))

table 4 : explain SELECT id, c FROM sbtest4 WHERE id BETWEEN 843056 AND 843156
	Index Scan using sbtest4_pkey on sbtest4  (cost=0.43..408.48 rows=103 width=125)
	  Index Cond: ((id >= 843056) AND (id <= 843156))

table 5 : explain SELECT id, c FROM sbtest5 WHERE id BETWEEN 843056 AND 843156
	Index Scan using sbtest5_pkey on sbtest5  (cost=0.43..408.47 rows=103 width=125)
	  Index Cond: ((id >= 843056) AND (id <= 843156))

table 6 : explain SELECT id, c FROM sbtest6 WHERE id BETWEEN 843056 AND 843156
	Index Scan using sbtest6_pkey on sbtest6  (cost=0.43..443.65 rows=112 width=125)
	  Index Cond: ((id >= 843056) AND (id <= 843156))

table 7 : explain SELECT id, c FROM sbtest7 WHERE id BETWEEN 843056 AND 843156
	Index Scan using sbtest7_pkey on sbtest7  (cost=0.43..407.62 rows=103 width=125)
	  Index Cond: ((id >= 843056) AND (id <= 843156))

table 8 : explain SELECT id, c FROM sbtest8 WHERE id BETWEEN 843056 AND 843156
	Index Scan using sbtest8_pkey on sbtest8  (cost=0.43..367.03 rows=93 width=125)
	  Index Cond: ((id >= 843056) AND (id <= 843156))

explain: for range-notcovered :: explain SELECT id, c FROM sbtest%d WHERE id BETWEEN 843056 AND 843156
for range-notcovered
table 1 : explain SELECT id, c FROM sbtest1 WHERE id BETWEEN 7727681 AND 7727781
	Index Scan using sbtest1_pkey on sbtest1  (cost=0.43..411.51 rows=104 width=125)
	  Index Cond: ((id >= 7727681) AND (id <= 7727781))

table 2 : explain SELECT id, c FROM sbtest2 WHERE id BETWEEN 7727681 AND 7727781
	Index Scan using sbtest2_pkey on sbtest2  (cost=0.43..395.07 rows=99 width=125)
	  Index Cond: ((id >= 7727681) AND (id <= 7727781))

table 3 : explain SELECT id, c FROM sbtest3 WHERE id BETWEEN 7727681 AND 7727781
	Index Scan using sbtest3_pkey on sbtest3  (cost=0.43..377.24 rows=95 width=125)
	  Index Cond: ((id >= 7727681) AND (id <= 7727781))

table 4 : explain SELECT id, c FROM sbtest4 WHERE id BETWEEN 7727681 AND 7727781
	Index Scan using sbtest4_pkey on sbtest4  (cost=0.43..377.11 rows=95 width=125)
	  Index Cond: ((id >= 7727681) AND (id <= 7727781))

table 5 : explain SELECT id, c FROM sbtest5 WHERE id BETWEEN 7727681 AND 7727781
	Index Scan using sbtest5_pkey on sbtest5  (cost=0.43..400.63 rows=101 width=125)
	  Index Cond: ((id >= 7727681) AND (id <= 7727781))

table 6 : explain SELECT id, c FROM sbtest6 WHERE id BETWEEN 7727681 AND 7727781
	Index Scan using sbtest6_pkey on sbtest6  (cost=0.43..408.37 rows=103 width=125)
	  Index Cond: ((id >= 7727681) AND (id <= 7727781))

table 7 : explain SELECT id, c FROM sbtest7 WHERE id BETWEEN 7727681 AND 7727781
	Index Scan using sbtest7_pkey on sbtest7  (cost=0.43..407.62 rows=103 width=125)
	  Index Cond: ((id >= 7727681) AND (id <= 7727781))

table 8 : explain SELECT id, c FROM sbtest8 WHERE id BETWEEN 7727681 AND 7727781
	Index Scan using sbtest8_pkey on sbtest8  (cost=0.43..390.41 rows=99 width=125)
	  Index Cond: ((id >= 7727681) AND (id <= 7727781))

explain: for range-notcovered :: explain SELECT id, c FROM sbtest%d WHERE id BETWEEN 9049629 AND 9049729
explain: for range-notcovered :: explain SELECT id, c FROM sbtest%d WHERE id BETWEEN 7727681 AND 7727781
for range-notcovered
table 1 : explain SELECT id, c FROM sbtest1 WHERE id BETWEEN 7200479 AND 7200579
	Index Scan using sbtest1_pkey on sbtest1  (cost=0.43..391.94 rows=99 width=125)
	  Index Cond: ((id >= 7200479) AND (id <= 7200579))

table 2 : explain SELECT id, c FROM sbtest2 WHERE id BETWEEN 7200479 AND 7200579
	Index Scan using sbtest2_pkey on sbtest2  (cost=0.43..418.74 rows=105 width=125)
	  Index Cond: ((id >= 7200479) AND (id <= 7200579))

table 3 : explain SELECT id, c FROM sbtest3 WHERE id BETWEEN 7200479 AND 7200579
	Index Scan using sbtest3_pkey on sbtest3  (cost=0.43..373.32 rows=94 width=125)
	  Index Cond: ((id >= 7200479) AND (id <= 7200579))

table 4 : explain SELECT id, c FROM sbtest4 WHERE id BETWEEN 7200479 AND 7200579
	Index Scan using sbtest4_pkey on sbtest4  (cost=0.43..377.11 rows=95 width=125)
	  Index Cond: ((id >= 7200479) AND (id <= 7200579))

table 5 : explain SELECT id, c FROM sbtest5 WHERE id BETWEEN 7200479 AND 7200579
	Index Scan using sbtest5_pkey on sbtest5  (cost=0.43..443.76 rows=112 width=125)
	  Index Cond: ((id >= 7200479) AND (id <= 7200579))

table 6 : explain SELECT id, c FROM sbtest6 WHERE id BETWEEN 7200479 AND 7200579
	Index Scan using sbtest6_pkey on sbtest6  (cost=0.43..365.23 rows=92 width=125)
	  Index Cond: ((id >= 7200479) AND (id <= 7200579))

table 7 : explain SELECT id, c FROM sbtest7 WHERE id BETWEEN 7200479 AND 7200579
	Index Scan using sbtest7_pkey on sbtest7  (cost=0.43..427.19 rows=108 width=125)
	  Index Cond: ((id >= 7200479) AND (id <= 7200579))

table 8 : explain SELECT id, c FROM sbtest8 WHERE id BETWEEN 7200479 AND 7200579
	Index Scan using sbtest8_pkey on sbtest8  (cost=0.43..390.41 rows=99 width=125)
	  Index Cond: ((id >= 7200479) AND (id <= 7200579))

explain: for range-notcovered :: explain SELECT id, c FROM sbtest%d WHERE id BETWEEN 7200479 AND 7200579
for range-notcovered
table 1 : explain SELECT id, c FROM sbtest1 WHERE id BETWEEN 5210810 AND 5210910
	Index Scan using sbtest1_pkey on sbtest1  (cost=0.43..399.77 rows=101 width=125)
	  Index Cond: ((id >= 5210810) AND (id <= 5210910))

table 2 : explain SELECT id, c FROM sbtest2 WHERE id BETWEEN 5210810 AND 5210910
	Index Scan using sbtest2_pkey on sbtest2  (cost=0.43..430.57 rows=108 width=125)
	  Index Cond: ((id >= 5210810) AND (id <= 5210910))

table 3 : explain SELECT id, c FROM sbtest3 WHERE id BETWEEN 5210810 AND 5210910
	Index Scan using sbtest3_pkey on sbtest3  (cost=0.43..443.93 rows=112 width=125)
	  Index Cond: ((id >= 5210810) AND (id <= 5210910))

table 4 : explain SELECT id, c FROM sbtest4 WHERE id BETWEEN 5210810 AND 5210910
	Index Scan using sbtest4_pkey on sbtest4  (cost=0.43..353.56 rows=89 width=125)
	  Index Cond: ((id >= 5210810) AND (id <= 5210910))

table 5 : explain SELECT id, c FROM sbtest5 WHERE id BETWEEN 5210810 AND 5210910
	Index Scan using sbtest5_pkey on sbtest5  (cost=0.43..381.00 rows=96 width=125)
	  Index Cond: ((id >= 5210810) AND (id <= 5210910))

table 6 : explain SELECT id, c FROM sbtest6 WHERE id BETWEEN 5210810 AND 5210910
	Index Scan using sbtest6_pkey on sbtest6  (cost=0.43..369.15 rows=93 width=125)
	  Index Cond: ((id >= 5210810) AND (id <= 5210910))

table 7 : explain SELECT id, c FROM sbtest7 WHERE id BETWEEN 5210810 AND 5210910
	Index Scan using sbtest7_pkey on sbtest7  (cost=0.43..341.08 rows=86 width=125)
	  Index Cond: ((id >= 5210810) AND (id <= 5210910))

table 8 : explain SELECT id, c FROM sbtest8 WHERE id BETWEEN 5210810 AND 5210910
	Index Scan using sbtest8_pkey on sbtest8  (cost=0.43..417.69 rows=106 width=125)
	  Index Cond: ((id >= 5210810) AND (id <= 5210910))

for range-notcovered
table 1 : explain SELECT id, c FROM sbtest1 WHERE id BETWEEN 2977640 AND 2977740
	Index Scan using sbtest1_pkey on sbtest1  (cost=0.43..403.68 rows=102 width=125)
	  Index Cond: ((id >= 2977640) AND (id <= 2977740))

table 2 : explain SELECT id, c FROM sbtest2 WHERE id BETWEEN 2977640 AND 2977740
	Index Scan using sbtest2_pkey on sbtest2  (cost=0.43..402.96 rows=101 width=125)
	  Index Cond: ((id >= 2977640) AND (id <= 2977740))

table 3 : explain SELECT id, c FROM sbtest3 WHERE id BETWEEN 2977640 AND 2977740
	Index Scan using sbtest3_pkey on sbtest3  (cost=0.43..377.24 rows=95 width=125)
	  Index Cond: ((id >= 2977640) AND (id <= 2977740))

table 4 : explain SELECT id, c FROM sbtest4 WHERE id BETWEEN 2977640 AND 2977740
	Index Scan using sbtest4_pkey on sbtest4  (cost=0.43..365.35 rows=92 width=125)
	  Index Cond: ((id >= 2977640) AND (id <= 2977740))

table 5 : explain SELECT id, c FROM sbtest5 WHERE id BETWEEN 2977640 AND 2977740
	Index Scan using sbtest5_pkey on sbtest5  (cost=0.43..400.63 rows=101 width=125)
	  Index Cond: ((id >= 2977640) AND (id <= 2977740))

table 6 : explain SELECT id, c FROM sbtest6 WHERE id BETWEEN 2977640 AND 2977740
	Index Scan using sbtest6_pkey on sbtest6  (cost=0.43..404.45 rows=102 width=125)
	  Index Cond: ((id >= 2977640) AND (id <= 2977740))

table 7 : explain SELECT id, c FROM sbtest7 WHERE id BETWEEN 2977640 AND 2977740
	Index Scan using sbtest7_pkey on sbtest7  (cost=0.43..376.32 rows=95 width=125)
	  Index Cond: ((id >= 2977640) AND (id <= 2977740))

table 8 : explain SELECT id, c FROM sbtest8 WHERE id BETWEEN 2977640 AND 2977740
	Index Scan using sbtest8_pkey on sbtest8  (cost=0.43..398.20 rows=101 width=125)
	  Index Cond: ((id >= 2977640) AND (id <= 2977740))

for range-notcovered
table 1 : explain SELECT id, c FROM sbtest1 WHERE id BETWEEN 7920476 AND 7920576
	Index Scan using sbtest1_pkey on sbtest1  (cost=0.43..380.21 rows=96 width=125)
	  Index Cond: ((id >= 7920476) AND (id <= 7920576))

table 2 : explain SELECT id, c FROM sbtest2 WHERE id BETWEEN 7920476 AND 7920576
	Index Scan using sbtest2_pkey on sbtest2  (cost=0.43..367.44 rows=92 width=125)
	  Index Cond: ((id >= 7920476) AND (id <= 7920576))

table 3 : explain SELECT id, c FROM sbtest3 WHERE id BETWEEN 7920476 AND 7920576
	Index Scan using sbtest3_pkey on sbtest3  (cost=0.43..392.93 rows=99 width=125)
	  Index Cond: ((id >= 7920476) AND (id <= 7920576))

table 4 : explain SELECT id, c FROM sbtest4 WHERE id BETWEEN 7920476 AND 7920576
	Index Scan using sbtest4_pkey on sbtest4  (cost=0.43..420.24 rows=106 width=125)
	  Index Cond: ((id >= 7920476) AND (id <= 7920576))

table 5 : explain SELECT id, c FROM sbtest5 WHERE id BETWEEN 7920476 AND 7920576
	Index Scan using sbtest5_pkey on sbtest5  (cost=0.43..353.55 rows=89 width=125)
	  Index Cond: ((id >= 7920476) AND (id <= 7920576))

table 6 : explain SELECT id, c FROM sbtest6 WHERE id BETWEEN 7920476 AND 7920576
	Index Scan using sbtest6_pkey on sbtest6  (cost=0.43..392.69 rows=99 width=125)
	  Index Cond: ((id >= 7920476) AND (id <= 7920576))

table 7 : explain SELECT id, c FROM sbtest7 WHERE id BETWEEN 7920476 AND 7920576
	Index Scan using sbtest7_pkey on sbtest7  (cost=0.43..403.71 rows=102 width=125)
	  Index Cond: ((id >= 7920476) AND (id <= 7920576))

table 8 : explain SELECT id, c FROM sbtest8 WHERE id BETWEEN 7920476 AND 7920576
	Index Scan using sbtest8_pkey on sbtest8  (cost=0.43..429.38 rows=109 width=125)
	  Index Cond: ((id >= 7920476) AND (id <= 7920576))

explain: for range-notcovered :: explain SELECT id, c FROM sbtest%d WHERE id BETWEEN 2977640 AND 2977740
for range-notcovered
table 1 : explain SELECT id, c FROM sbtest1 WHERE id BETWEEN 843056 AND 843156
	Index Scan using sbtest1_pkey on sbtest1  (cost=0.43..395.86 rows=100 width=125)
	  Index Cond: ((id >= 843056) AND (id <= 843156))

table 2 : explain SELECT id, c FROM sbtest2 WHERE id BETWEEN 843056 AND 843156
	Index Scan using sbtest2_pkey on sbtest2  (cost=0.43..399.02 rows=100 width=125)
	  Index Cond: ((id >= 843056) AND (id <= 843156))

table 3 : explain SELECT id, c FROM sbtest3 WHERE id BETWEEN 843056 AND 843156
	Index Scan using sbtest3_pkey on sbtest3  (cost=0.43..424.31 rows=107 width=125)
	  Index Cond: ((id >= 843056) AND (id <= 843156))

table 4 : explain SELECT id, c FROM sbtest4 WHERE id BETWEEN 843056 AND 843156
	Index Scan using sbtest4_pkey on sbtest4  (cost=0.43..408.48 rows=103 width=125)
	  Index Cond: ((id >= 843056) AND (id <= 843156))

table 5 : explain SELECT id, c FROM sbtest5 WHERE id BETWEEN 843056 AND 843156
	Index Scan using sbtest5_pkey on sbtest5  (cost=0.43..408.47 rows=103 width=125)
	  Index Cond: ((id >= 843056) AND (id <= 843156))

table 6 : explain SELECT id, c FROM sbtest6 WHERE id BETWEEN 843056 AND 843156
	Index Scan using sbtest6_pkey on sbtest6  (cost=0.43..443.65 rows=112 width=125)
	  Index Cond: ((id >= 843056) AND (id <= 843156))

table 7 : explain SELECT id, c FROM sbtest7 WHERE id BETWEEN 843056 AND 843156
	Index Scan using sbtest7_pkey on sbtest7  (cost=0.43..407.62 rows=103 width=125)
	  Index Cond: ((id >= 843056) AND (id <= 843156))

table 8 : explain SELECT id, c FROM sbtest8 WHERE id BETWEEN 843056 AND 843156
	Index Scan using sbtest8_pkey on sbtest8  (cost=0.43..367.03 rows=93 width=125)
	  Index Cond: ((id >= 843056) AND (id <= 843156))

explain: for range-notcovered :: explain SELECT id, c FROM sbtest%d WHERE id BETWEEN 843056 AND 843156
for range-notcovered
table 1 : explain SELECT id, c FROM sbtest1 WHERE id BETWEEN 7727681 AND 7727781
	Index Scan using sbtest1_pkey on sbtest1  (cost=0.43..411.51 rows=104 width=125)
	  Index Cond: ((id >= 7727681) AND (id <= 7727781))

table 2 : explain SELECT id, c FROM sbtest2 WHERE id BETWEEN 7727681 AND 7727781
	Index Scan using sbtest2_pkey on sbtest2  (cost=0.43..395.07 rows=99 width=125)
	  Index Cond: ((id >= 7727681) AND (id <= 7727781))

table 3 : explain SELECT id, c FROM sbtest3 WHERE id BETWEEN 7727681 AND 7727781
	Index Scan using sbtest3_pkey on sbtest3  (cost=0.43..377.24 rows=95 width=125)
	  Index Cond: ((id >= 7727681) AND (id <= 7727781))

table 4 : explain SELECT id, c FROM sbtest4 WHERE id BETWEEN 7727681 AND 7727781
	Index Scan using sbtest4_pkey on sbtest4  (cost=0.43..377.11 rows=95 width=125)
	  Index Cond: ((id >= 7727681) AND (id <= 7727781))

table 5 : explain SELECT id, c FROM sbtest5 WHERE id BETWEEN 7727681 AND 7727781
	Index Scan using sbtest5_pkey on sbtest5  (cost=0.43..400.63 rows=101 width=125)
	  Index Cond: ((id >= 7727681) AND (id <= 7727781))

table 6 : explain SELECT id, c FROM sbtest6 WHERE id BETWEEN 7727681 AND 7727781
	Index Scan using sbtest6_pkey on sbtest6  (cost=0.43..408.37 rows=103 width=125)
	  Index Cond: ((id >= 7727681) AND (id <= 7727781))

table 7 : explain SELECT id, c FROM sbtest7 WHERE id BETWEEN 7727681 AND 7727781
	Index Scan using sbtest7_pkey on sbtest7  (cost=0.43..407.62 rows=103 width=125)
	  Index Cond: ((id >= 7727681) AND (id <= 7727781))

table 8 : explain SELECT id, c FROM sbtest8 WHERE id BETWEEN 7727681 AND 7727781
	Index Scan using sbtest8_pkey on sbtest8  (cost=0.43..390.41 rows=99 width=125)
	  Index Cond: ((id >= 7727681) AND (id <= 7727781))

explain: for range-notcovered :: explain SELECT id, c FROM sbtest%d WHERE id BETWEEN 7727681 AND 7727781
for range-notcovered
table 1 : explain SELECT id, c FROM sbtest1 WHERE id BETWEEN 4649232 AND 4649332
	Index Scan using sbtest1_pkey on sbtest1  (cost=0.43..352.79 rows=89 width=125)
	  Index Cond: ((id >= 4649232) AND (id <= 4649332))

table 2 : explain SELECT id, c FROM sbtest2 WHERE id BETWEEN 4649232 AND 4649332
	Index Scan using sbtest2_pkey on sbtest2  (cost=0.43..395.07 rows=99 width=125)
	  Index Cond: ((id >= 4649232) AND (id <= 4649332))

table 3 : explain SELECT id, c FROM sbtest3 WHERE id BETWEEN 4649232 AND 4649332
	Index Scan using sbtest3_pkey on sbtest3  (cost=0.43..408.62 rows=103 width=125)
	  Index Cond: ((id >= 4649232) AND (id <= 4649332))

table 4 : explain SELECT id, c FROM sbtest4 WHERE id BETWEEN 4649232 AND 4649332
	Index Scan using sbtest4_pkey on sbtest4  (cost=0.43..412.40 rows=104 width=125)
	  Index Cond: ((id >= 4649232) AND (id <= 4649332))

table 5 : explain SELECT id, c FROM sbtest5 WHERE id BETWEEN 4649232 AND 4649332
	Index Scan using sbtest5_pkey on sbtest5  (cost=0.43..439.84 rows=111 width=125)
	  Index Cond: ((id >= 4649232) AND (id <= 4649332))

table 6 : explain SELECT id, c FROM sbtest6 WHERE id BETWEEN 4649232 AND 4649332
	Index Scan using sbtest6_pkey on sbtest6  (cost=0.43..427.97 rows=108 width=125)
	  Index Cond: ((id >= 4649232) AND (id <= 4649332))

table 7 : explain SELECT id, c FROM sbtest7 WHERE id BETWEEN 4649232 AND 4649332
	Index Scan using sbtest7_pkey on sbtest7  (cost=0.43..407.62 rows=103 width=125)
	  Index Cond: ((id >= 4649232) AND (id <= 4649332))

table 8 : explain SELECT id, c FROM sbtest8 WHERE id BETWEEN 4649232 AND 4649332
	Index Scan using sbtest8_pkey on sbtest8  (cost=0.43..386.51 rows=98 width=125)
	  Index Cond: ((id >= 4649232) AND (id <= 4649332))

explain: for range-notcovered :: explain SELECT id, c FROM sbtest%d WHERE id BETWEEN 4649232 AND 4649332
for range-notcovered
table 1 : explain SELECT id, c FROM sbtest1 WHERE id BETWEEN 2977640 AND 2977740
	Index Scan using sbtest1_pkey on sbtest1  (cost=0.43..403.68 rows=102 width=125)
	  Index Cond: ((id >= 2977640) AND (id <= 2977740))

table 2 : explain SELECT id, c FROM sbtest2 WHERE id BETWEEN 2977640 AND 2977740
	Index Scan using sbtest2_pkey on sbtest2  (cost=0.43..402.96 rows=101 width=125)
	  Index Cond: ((id >= 2977640) AND (id <= 2977740))

table 3 : explain SELECT id, c FROM sbtest3 WHERE id BETWEEN 2977640 AND 2977740
	Index Scan using sbtest3_pkey on sbtest3  (cost=0.43..377.24 rows=95 width=125)
	  Index Cond: ((id >= 2977640) AND (id <= 2977740))

table 4 : explain SELECT id, c FROM sbtest4 WHERE id BETWEEN 2977640 AND 2977740
	Index Scan using sbtest4_pkey on sbtest4  (cost=0.43..365.35 rows=92 width=125)
	  Index Cond: ((id >= 2977640) AND (id <= 2977740))

table 5 : explain SELECT id, c FROM sbtest5 WHERE id BETWEEN 2977640 AND 2977740
	Index Scan using sbtest5_pkey on sbtest5  (cost=0.43..400.63 rows=101 width=125)
	  Index Cond: ((id >= 2977640) AND (id <= 2977740))

table 6 : explain SELECT id, c FROM sbtest6 WHERE id BETWEEN 2977640 AND 2977740
	Index Scan using sbtest6_pkey on sbtest6  (cost=0.43..404.45 rows=102 width=125)
	  Index Cond: ((id >= 2977640) AND (id <= 2977740))

table 7 : explain SELECT id, c FROM sbtest7 WHERE id BETWEEN 2977640 AND 2977740
	Index Scan using sbtest7_pkey on sbtest7  (cost=0.43..376.32 rows=95 width=125)
	  Index Cond: ((id >= 2977640) AND (id <= 2977740))

table 8 : explain SELECT id, c FROM sbtest8 WHERE id BETWEEN 2977640 AND 2977740
	Index Scan using sbtest8_pkey on sbtest8  (cost=0.43..398.20 rows=101 width=125)
	  Index Cond: ((id >= 2977640) AND (id <= 2977740))

explain: for range-notcovered :: explain SELECT id, c FROM sbtest%d WHERE id BETWEEN 2977640 AND 2977740
for range-notcovered
table 1 : explain SELECT id, c FROM sbtest1 WHERE id BETWEEN 843056 AND 843156
	Index Scan using sbtest1_pkey on sbtest1  (cost=0.43..395.86 rows=100 width=125)
	  Index Cond: ((id >= 843056) AND (id <= 843156))

table 2 : explain SELECT id, c FROM sbtest2 WHERE id BETWEEN 843056 AND 843156
	Index Scan using sbtest2_pkey on sbtest2  (cost=0.43..399.02 rows=100 width=125)
	  Index Cond: ((id >= 843056) AND (id <= 843156))

table 3 : explain SELECT id, c FROM sbtest3 WHERE id BETWEEN 843056 AND 843156
	Index Scan using sbtest3_pkey on sbtest3  (cost=0.43..424.31 rows=107 width=125)
	  Index Cond: ((id >= 843056) AND (id <= 843156))

table 4 : explain SELECT id, c FROM sbtest4 WHERE id BETWEEN 843056 AND 843156
	Index Scan using sbtest4_pkey on sbtest4  (cost=0.43..408.48 rows=103 width=125)
	  Index Cond: ((id >= 843056) AND (id <= 843156))

table 5 : explain SELECT id, c FROM sbtest5 WHERE id BETWEEN 843056 AND 843156
	Index Scan using sbtest5_pkey on sbtest5  (cost=0.43..408.47 rows=103 width=125)
	  Index Cond: ((id >= 843056) AND (id <= 843156))

table 6 : explain SELECT id, c FROM sbtest6 WHERE id BETWEEN 843056 AND 843156
	Index Scan using sbtest6_pkey on sbtest6  (cost=0.43..443.65 rows=112 width=125)
	  Index Cond: ((id >= 843056) AND (id <= 843156))

table 7 : explain SELECT id, c FROM sbtest7 WHERE id BETWEEN 843056 AND 843156
	Index Scan using sbtest7_pkey on sbtest7  (cost=0.43..407.62 rows=103 width=125)
	  Index Cond: ((id >= 843056) AND (id <= 843156))

table 8 : explain SELECT id, c FROM sbtest8 WHERE id BETWEEN 843056 AND 843156
	Index Scan using sbtest8_pkey on sbtest8  (cost=0.43..367.03 rows=93 width=125)
	  Index Cond: ((id >= 843056) AND (id <= 843156))

for range-notcovered
table 1 : explain SELECT id, c FROM sbtest1 WHERE id BETWEEN 7200479 AND 7200579
	Index Scan using sbtest1_pkey on sbtest1  (cost=0.43..391.94 rows=99 width=125)
	  Index Cond: ((id >= 7200479) AND (id <= 7200579))

table 2 : explain SELECT id, c FROM sbtest2 WHERE id BETWEEN 7200479 AND 7200579
	Index Scan using sbtest2_pkey on sbtest2  (cost=0.43..418.74 rows=105 width=125)
	  Index Cond: ((id >= 7200479) AND (id <= 7200579))

table 3 : explain SELECT id, c FROM sbtest3 WHERE id BETWEEN 7200479 AND 7200579
	Index Scan using sbtest3_pkey on sbtest3  (cost=0.43..373.32 rows=94 width=125)
	  Index Cond: ((id >= 7200479) AND (id <= 7200579))

table 4 : explain SELECT id, c FROM sbtest4 WHERE id BETWEEN 7200479 AND 7200579
	Index Scan using sbtest4_pkey on sbtest4  (cost=0.43..377.11 rows=95 width=125)
	  Index Cond: ((id >= 7200479) AND (id <= 7200579))

table 5 : explain SELECT id, c FROM sbtest5 WHERE id BETWEEN 7200479 AND 7200579
	Index Scan using sbtest5_pkey on sbtest5  (cost=0.43..443.76 rows=112 width=125)
	  Index Cond: ((id >= 7200479) AND (id <= 7200579))

table 6 : explain SELECT id, c FROM sbtest6 WHERE id BETWEEN 7200479 AND 7200579
	Index Scan using sbtest6_pkey on sbtest6  (cost=0.43..365.23 rows=92 width=125)
	  Index Cond: ((id >= 7200479) AND (id <= 7200579))

table 7 : explain SELECT id, c FROM sbtest7 WHERE id BETWEEN 7200479 AND 7200579
	Index Scan using sbtest7_pkey on sbtest7  (cost=0.43..427.19 rows=108 width=125)
	  Index Cond: ((id >= 7200479) AND (id <= 7200579))

table 8 : explain SELECT id, c FROM sbtest8 WHERE id BETWEEN 7200479 AND 7200579
	Index Scan using sbtest8_pkey on sbtest8  (cost=0.43..390.41 rows=99 width=125)
	  Index Cond: ((id >= 7200479) AND (id <= 7200579))

explain: for range-notcovered :: explain SELECT id, c FROM sbtest%d WHERE id BETWEEN 7200479 AND 7200579
for range-notcovered
table 1 : explain SELECT id, c FROM sbtest1 WHERE id BETWEEN 7727681 AND 7727781
	Index Scan using sbtest1_pkey on sbtest1  (cost=0.43..411.51 rows=104 width=125)
	  Index Cond: ((id >= 7727681) AND (id <= 7727781))

table 2 : explain SELECT id, c FROM sbtest2 WHERE id BETWEEN 7727681 AND 7727781
	Index Scan using sbtest2_pkey on sbtest2  (cost=0.43..395.07 rows=99 width=125)
	  Index Cond: ((id >= 7727681) AND (id <= 7727781))

table 3 : explain SELECT id, c FROM sbtest3 WHERE id BETWEEN 7727681 AND 7727781
	Index Scan using sbtest3_pkey on sbtest3  (cost=0.43..377.24 rows=95 width=125)
	  Index Cond: ((id >= 7727681) AND (id <= 7727781))

table 4 : explain SELECT id, c FROM sbtest4 WHERE id BETWEEN 7727681 AND 7727781
	Index Scan using sbtest4_pkey on sbtest4  (cost=0.43..377.11 rows=95 width=125)
	  Index Cond: ((id >= 7727681) AND (id <= 7727781))

table 5 : explain SELECT id, c FROM sbtest5 WHERE id BETWEEN 7727681 AND 7727781
	Index Scan using sbtest5_pkey on sbtest5  (cost=0.43..400.63 rows=101 width=125)
	  Index Cond: ((id >= 7727681) AND (id <= 7727781))

table 6 : explain SELECT id, c FROM sbtest6 WHERE id BETWEEN 7727681 AND 7727781
	Index Scan using sbtest6_pkey on sbtest6  (cost=0.43..408.37 rows=103 width=125)
	  Index Cond: ((id >= 7727681) AND (id <= 7727781))

table 7 : explain SELECT id, c FROM sbtest7 WHERE id BETWEEN 7727681 AND 7727781
	Index Scan using sbtest7_pkey on sbtest7  (cost=0.43..407.62 rows=103 width=125)
	  Index Cond: ((id >= 7727681) AND (id <= 7727781))

table 8 : explain SELECT id, c FROM sbtest8 WHERE id BETWEEN 7727681 AND 7727781
	Index Scan using sbtest8_pkey on sbtest8  (cost=0.43..390.41 rows=99 width=125)
	  Index Cond: ((id >= 7727681) AND (id <= 7727781))

explain: for range-notcovered :: explain SELECT id, c FROM sbtest%d WHERE id BETWEEN 7727681 AND 7727781
for range-notcovered
table 1 : explain SELECT id, c FROM sbtest1 WHERE id BETWEEN 4515141 AND 4515241
	Index Scan using sbtest1_pkey on sbtest1  (cost=0.43..376.30 rows=95 width=125)
	  Index Cond: ((id >= 4515141) AND (id <= 4515241))

table 2 : explain SELECT id, c FROM sbtest2 WHERE id BETWEEN 4515141 AND 4515241
	Index Scan using sbtest2_pkey on sbtest2  (cost=0.43..410.85 rows=103 width=125)
	  Index Cond: ((id >= 4515141) AND (id <= 4515241))

table 3 : explain SELECT id, c FROM sbtest3 WHERE id BETWEEN 4515141 AND 4515241
	Index Scan using sbtest3_pkey on sbtest3  (cost=0.43..389.01 rows=98 width=125)
	  Index Cond: ((id >= 4515141) AND (id <= 4515241))

table 4 : explain SELECT id, c FROM sbtest4 WHERE id BETWEEN 4515141 AND 4515241
	Index Scan using sbtest4_pkey on sbtest4  (cost=0.43..408.48 rows=103 width=125)
	  Index Cond: ((id >= 4515141) AND (id <= 4515241))

table 5 : explain SELECT id, c FROM sbtest5 WHERE id BETWEEN 4515141 AND 4515241
	Index Scan using sbtest5_pkey on sbtest5  (cost=0.43..381.00 rows=96 width=125)
	  Index Cond: ((id >= 4515141) AND (id <= 4515241))

table 6 : explain SELECT id, c FROM sbtest6 WHERE id BETWEEN 4515141 AND 4515241
	Index Scan using sbtest6_pkey on sbtest6  (cost=0.43..388.77 rows=98 width=125)
	  Index Cond: ((id >= 4515141) AND (id <= 4515241))

table 7 : explain SELECT id, c FROM sbtest7 WHERE id BETWEEN 4515141 AND 4515241
	Index Scan using sbtest7_pkey on sbtest7  (cost=0.43..391.97 rows=99 width=125)
	  Index Cond: ((id >= 4515141) AND (id <= 4515241))

table 8 : explain SELECT id, c FROM sbtest8 WHERE id BETWEEN 4515141 AND 4515241
	Index Scan using sbtest8_pkey on sbtest8  (cost=0.43..398.20 rows=101 width=125)
	  Index Cond: ((id >= 4515141) AND (id <= 4515241))

explain: for range-notcovered :: explain SELECT id, c FROM sbtest%d WHERE id BETWEEN 4515141 AND 4515241
for range-notcovered
table 1 : explain SELECT id, c FROM sbtest1 WHERE id BETWEEN 4649232 AND 4649332
	Index Scan using sbtest1_pkey on sbtest1  (cost=0.43..352.79 rows=89 width=125)
	  Index Cond: ((id >= 4649232) AND (id <= 4649332))

table 2 : explain SELECT id, c FROM sbtest2 WHERE id BETWEEN 4649232 AND 4649332
	Index Scan using sbtest2_pkey on sbtest2  (cost=0.43..395.07 rows=99 width=125)
	  Index Cond: ((id >= 4649232) AND (id <= 4649332))

table 3 : explain SELECT id, c FROM sbtest3 WHERE id BETWEEN 4649232 AND 4649332
	Index Scan using sbtest3_pkey on sbtest3  (cost=0.43..408.62 rows=103 width=125)
	  Index Cond: ((id >= 4649232) AND (id <= 4649332))

table 4 : explain SELECT id, c FROM sbtest4 WHERE id BETWEEN 4649232 AND 4649332
	Index Scan using sbtest4_pkey on sbtest4  (cost=0.43..412.40 rows=104 width=125)
	  Index Cond: ((id >= 4649232) AND (id <= 4649332))

table 5 : explain SELECT id, c FROM sbtest5 WHERE id BETWEEN 4649232 AND 4649332
	Index Scan using sbtest5_pkey on sbtest5  (cost=0.43..439.84 rows=111 width=125)
	  Index Cond: ((id >= 4649232) AND (id <= 4649332))

table 6 : explain SELECT id, c FROM sbtest6 WHERE id BETWEEN 4649232 AND 4649332
	Index Scan using sbtest6_pkey on sbtest6  (cost=0.43..427.97 rows=108 width=125)
	  Index Cond: ((id >= 4649232) AND (id <= 4649332))

table 7 : explain SELECT id, c FROM sbtest7 WHERE id BETWEEN 4649232 AND 4649332
	Index Scan using sbtest7_pkey on sbtest7  (cost=0.43..407.62 rows=103 width=125)
	  Index Cond: ((id >= 4649232) AND (id <= 4649332))

table 8 : explain SELECT id, c FROM sbtest8 WHERE id BETWEEN 4649232 AND 4649332
	Index Scan using sbtest8_pkey on sbtest8  (cost=0.43..386.51 rows=98 width=125)
	  Index Cond: ((id >= 4649232) AND (id <= 4649332))

for range-notcovered
table 1 : explain SELECT id, c FROM sbtest1 WHERE id BETWEEN 2977640 AND 2977740
	Index Scan using sbtest1_pkey on sbtest1  (cost=0.43..403.68 rows=102 width=125)
	  Index Cond: ((id >= 2977640) AND (id <= 2977740))

table 2 : explain SELECT id, c FROM sbtest2 WHERE id BETWEEN 2977640 AND 2977740
	Index Scan using sbtest2_pkey on sbtest2  (cost=0.43..402.96 rows=101 width=125)
	  Index Cond: ((id >= 2977640) AND (id <= 2977740))

table 3 : explain SELECT id, c FROM sbtest3 WHERE id BETWEEN 2977640 AND 2977740
	Index Scan using sbtest3_pkey on sbtest3  (cost=0.43..377.24 rows=95 width=125)
	  Index Cond: ((id >= 2977640) AND (id <= 2977740))

table 4 : explain SELECT id, c FROM sbtest4 WHERE id BETWEEN 2977640 AND 2977740
	Index Scan using sbtest4_pkey on sbtest4  (cost=0.43..365.35 rows=92 width=125)
	  Index Cond: ((id >= 2977640) AND (id <= 2977740))

table 5 : explain SELECT id, c FROM sbtest5 WHERE id BETWEEN 2977640 AND 2977740
	Index Scan using sbtest5_pkey on sbtest5  (cost=0.43..400.63 rows=101 width=125)
	  Index Cond: ((id >= 2977640) AND (id <= 2977740))

table 6 : explain SELECT id, c FROM sbtest6 WHERE id BETWEEN 2977640 AND 2977740
	Index Scan using sbtest6_pkey on sbtest6  (cost=0.43..404.45 rows=102 width=125)
	  Index Cond: ((id >= 2977640) AND (id <= 2977740))

table 7 : explain SELECT id, c FROM sbtest7 WHERE id BETWEEN 2977640 AND 2977740
	Index Scan using sbtest7_pkey on sbtest7  (cost=0.43..376.32 rows=95 width=125)
	  Index Cond: ((id >= 2977640) AND (id <= 2977740))

table 8 : explain SELECT id, c FROM sbtest8 WHERE id BETWEEN 2977640 AND 2977740
	Index Scan using sbtest8_pkey on sbtest8  (cost=0.43..398.20 rows=101 width=125)
	  Index Cond: ((id >= 2977640) AND (id <= 2977740))

explain: for range-notcovered :: explain SELECT id, c FROM sbtest%d WHERE id BETWEEN 4649232 AND 4649332
explain: for range-notcovered :: explain SELECT id, c FROM sbtest%d WHERE id BETWEEN 2977640 AND 2977740
for range-notcovered
table 1 : explain SELECT id, c FROM sbtest1 WHERE id BETWEEN 7200479 AND 7200579
	Index Scan using sbtest1_pkey on sbtest1  (cost=0.43..391.94 rows=99 width=125)
	  Index Cond: ((id >= 7200479) AND (id <= 7200579))

table 2 : explain SELECT id, c FROM sbtest2 WHERE id BETWEEN 7200479 AND 7200579
	Index Scan using sbtest2_pkey on sbtest2  (cost=0.43..418.74 rows=105 width=125)
	  Index Cond: ((id >= 7200479) AND (id <= 7200579))

table 3 : explain SELECT id, c FROM sbtest3 WHERE id BETWEEN 7200479 AND 7200579
	Index Scan using sbtest3_pkey on sbtest3  (cost=0.43..373.32 rows=94 width=125)
	  Index Cond: ((id >= 7200479) AND (id <= 7200579))

table 4 : explain SELECT id, c FROM sbtest4 WHERE id BETWEEN 7200479 AND 7200579
	Index Scan using sbtest4_pkey on sbtest4  (cost=0.43..377.11 rows=95 width=125)
	  Index Cond: ((id >= 7200479) AND (id <= 7200579))

table 5 : explain SELECT id, c FROM sbtest5 WHERE id BETWEEN 7200479 AND 7200579
	Index Scan using sbtest5_pkey on sbtest5  (cost=0.43..443.76 rows=112 width=125)
	  Index Cond: ((id >= 7200479) AND (id <= 7200579))

table 6 : explain SELECT id, c FROM sbtest6 WHERE id BETWEEN 7200479 AND 7200579
	Index Scan using sbtest6_pkey on sbtest6  (cost=0.43..365.23 rows=92 width=125)
	  Index Cond: ((id >= 7200479) AND (id <= 7200579))

table 7 : explain SELECT id, c FROM sbtest7 WHERE id BETWEEN 7200479 AND 7200579
	Index Scan using sbtest7_pkey on sbtest7  (cost=0.43..427.19 rows=108 width=125)
	  Index Cond: ((id >= 7200479) AND (id <= 7200579))

table 8 : explain SELECT id, c FROM sbtest8 WHERE id BETWEEN 7200479 AND 7200579
	Index Scan using sbtest8_pkey on sbtest8  (cost=0.43..390.41 rows=99 width=125)
	  Index Cond: ((id >= 7200479) AND (id <= 7200579))

for range-notcovered
table 1 : explain SELECT id, c FROM sbtest1 WHERE id BETWEEN 3723571 AND 3723671
	Index Scan using sbtest1_pkey on sbtest1  (cost=0.43..360.62 rows=91 width=125)
	  Index Cond: ((id >= 3723571) AND (id <= 3723671))

table 2 : explain SELECT id, c FROM sbtest2 WHERE id BETWEEN 3723571 AND 3723671
	Index Scan using sbtest2_pkey on sbtest2  (cost=0.43..410.85 rows=103 width=125)
	  Index Cond: ((id >= 3723571) AND (id <= 3723671))

table 3 : explain SELECT id, c FROM sbtest3 WHERE id BETWEEN 3723571 AND 3723671
	Index Scan using sbtest3_pkey on sbtest3  (cost=0.43..451.77 rows=114 width=125)
	  Index Cond: ((id >= 3723571) AND (id <= 3723671))

table 4 : explain SELECT id, c FROM sbtest4 WHERE id BETWEEN 3723571 AND 3723671
	Index Scan using sbtest4_pkey on sbtest4  (cost=0.43..412.40 rows=104 width=125)
	  Index Cond: ((id >= 3723571) AND (id <= 3723671))

table 5 : explain SELECT id, c FROM sbtest5 WHERE id BETWEEN 3723571 AND 3723671
	Index Scan using sbtest5_pkey on sbtest5  (cost=0.43..396.71 rows=100 width=125)
	  Index Cond: ((id >= 3723571) AND (id <= 3723671))

table 6 : explain SELECT id, c FROM sbtest6 WHERE id BETWEEN 3723571 AND 3723671
	Index Scan using sbtest6_pkey on sbtest6  (cost=0.43..424.05 rows=107 width=125)
	  Index Cond: ((id >= 3723571) AND (id <= 3723671))

table 7 : explain SELECT id, c FROM sbtest7 WHERE id BETWEEN 3723571 AND 3723671
	Index Scan using sbtest7_pkey on sbtest7  (cost=0.43..407.62 rows=103 width=125)
	  Index Cond: ((id >= 3723571) AND (id <= 3723671))

table 8 : explain SELECT id, c FROM sbtest8 WHERE id BETWEEN 3723571 AND 3723671
	Index Scan using sbtest8_pkey on sbtest8  (cost=0.43..394.31 rows=100 width=125)
	  Index Cond: ((id >= 3723571) AND (id <= 3723671))

for range-notcovered
table 1 : explain SELECT id, c FROM sbtest1 WHERE id BETWEEN 7727681 AND 7727781
	Index Scan using sbtest1_pkey on sbtest1  (cost=0.43..411.51 rows=104 width=125)
	  Index Cond: ((id >= 7727681) AND (id <= 7727781))

table 2 : explain SELECT id, c FROM sbtest2 WHERE id BETWEEN 7727681 AND 7727781
	Index Scan using sbtest2_pkey on sbtest2  (cost=0.43..395.07 rows=99 width=125)
	  Index Cond: ((id >= 7727681) AND (id <= 7727781))

table 3 : explain SELECT id, c FROM sbtest3 WHERE id BETWEEN 7727681 AND 7727781
	Index Scan using sbtest3_pkey on sbtest3  (cost=0.43..377.24 rows=95 width=125)
	  Index Cond: ((id >= 7727681) AND (id <= 7727781))

table 4 : explain SELECT id, c FROM sbtest4 WHERE id BETWEEN 7727681 AND 7727781
	Index Scan using sbtest4_pkey on sbtest4  (cost=0.43..377.11 rows=95 width=125)
	  Index Cond: ((id >= 7727681) AND (id <= 7727781))

table 5 : explain SELECT id, c FROM sbtest5 WHERE id BETWEEN 7727681 AND 7727781
	Index Scan using sbtest5_pkey on sbtest5  (cost=0.43..400.63 rows=101 width=125)
	  Index Cond: ((id >= 7727681) AND (id <= 7727781))

table 6 : explain SELECT id, c FROM sbtest6 WHERE id BETWEEN 7727681 AND 7727781
	Index Scan using sbtest6_pkey on sbtest6  (cost=0.43..408.37 rows=103 width=125)
	  Index Cond: ((id >= 7727681) AND (id <= 7727781))

table 7 : explain SELECT id, c FROM sbtest7 WHERE id BETWEEN 7727681 AND 7727781
	Index Scan using sbtest7_pkey on sbtest7  (cost=0.43..407.62 rows=103 width=125)
	  Index Cond: ((id >= 7727681) AND (id <= 7727781))

table 8 : explain SELECT id, c FROM sbtest8 WHERE id BETWEEN 7727681 AND 7727781
	Index Scan using sbtest8_pkey on sbtest8  (cost=0.43..390.41 rows=99 width=125)
	  Index Cond: ((id >= 7727681) AND (id <= 7727781))

explain: for range-notcovered :: explain SELECT id, c FROM sbtest%d WHERE id BETWEEN 3723571 AND 3723671
explain: for range-notcovered :: explain SELECT id, c FROM sbtest%d WHERE id BETWEEN 7727681 AND 7727781
for range-notcovered
table 1 : explain SELECT id, c FROM sbtest1 WHERE id BETWEEN 4515141 AND 4515241
	Index Scan using sbtest1_pkey on sbtest1  (cost=0.43..376.30 rows=95 width=125)
	  Index Cond: ((id >= 4515141) AND (id <= 4515241))

table 2 : explain SELECT id, c FROM sbtest2 WHERE id BETWEEN 4515141 AND 4515241
	Index Scan using sbtest2_pkey on sbtest2  (cost=0.43..410.85 rows=103 width=125)
	  Index Cond: ((id >= 4515141) AND (id <= 4515241))

table 3 : explain SELECT id, c FROM sbtest3 WHERE id BETWEEN 4515141 AND 4515241
	Index Scan using sbtest3_pkey on sbtest3  (cost=0.43..389.01 rows=98 width=125)
	  Index Cond: ((id >= 4515141) AND (id <= 4515241))

table 4 : explain SELECT id, c FROM sbtest4 WHERE id BETWEEN 4515141 AND 4515241
	Index Scan using sbtest4_pkey on sbtest4  (cost=0.43..408.48 rows=103 width=125)
	  Index Cond: ((id >= 4515141) AND (id <= 4515241))

table 5 : explain SELECT id, c FROM sbtest5 WHERE id BETWEEN 4515141 AND 4515241
	Index Scan using sbtest5_pkey on sbtest5  (cost=0.43..381.00 rows=96 width=125)
	  Index Cond: ((id >= 4515141) AND (id <= 4515241))

table 6 : explain SELECT id, c FROM sbtest6 WHERE id BETWEEN 4515141 AND 4515241
	Index Scan using sbtest6_pkey on sbtest6  (cost=0.43..388.77 rows=98 width=125)
	  Index Cond: ((id >= 4515141) AND (id <= 4515241))

table 7 : explain SELECT id, c FROM sbtest7 WHERE id BETWEEN 4515141 AND 4515241
	Index Scan using sbtest7_pkey on sbtest7  (cost=0.43..391.97 rows=99 width=125)
	  Index Cond: ((id >= 4515141) AND (id <= 4515241))

table 8 : explain SELECT id, c FROM sbtest8 WHERE id BETWEEN 4515141 AND 4515241
	Index Scan using sbtest8_pkey on sbtest8  (cost=0.43..398.20 rows=101 width=125)
	  Index Cond: ((id >= 4515141) AND (id <= 4515241))

explain: for range-notcovered :: explain SELECT id, c FROM sbtest%d WHERE id BETWEEN 4515141 AND 4515241
for range-notcovered
table 1 : explain SELECT id, c FROM sbtest1 WHERE id BETWEEN 4649232 AND 4649332
	Index Scan using sbtest1_pkey on sbtest1  (cost=0.43..352.79 rows=89 width=125)
	  Index Cond: ((id >= 4649232) AND (id <= 4649332))

table 2 : explain SELECT id, c FROM sbtest2 WHERE id BETWEEN 4649232 AND 4649332
	Index Scan using sbtest2_pkey on sbtest2  (cost=0.43..395.07 rows=99 width=125)
	  Index Cond: ((id >= 4649232) AND (id <= 4649332))

table 3 : explain SELECT id, c FROM sbtest3 WHERE id BETWEEN 4649232 AND 4649332
	Index Scan using sbtest3_pkey on sbtest3  (cost=0.43..408.62 rows=103 width=125)
	  Index Cond: ((id >= 4649232) AND (id <= 4649332))

table 4 : explain SELECT id, c FROM sbtest4 WHERE id BETWEEN 4649232 AND 4649332
	Index Scan using sbtest4_pkey on sbtest4  (cost=0.43..412.40 rows=104 width=125)
	  Index Cond: ((id >= 4649232) AND (id <= 4649332))

table 5 : explain SELECT id, c FROM sbtest5 WHERE id BETWEEN 4649232 AND 4649332
	Index Scan using sbtest5_pkey on sbtest5  (cost=0.43..439.84 rows=111 width=125)
	  Index Cond: ((id >= 4649232) AND (id <= 4649332))

table 6 : explain SELECT id, c FROM sbtest6 WHERE id BETWEEN 4649232 AND 4649332
	Index Scan using sbtest6_pkey on sbtest6  (cost=0.43..427.97 rows=108 width=125)
	  Index Cond: ((id >= 4649232) AND (id <= 4649332))

table 7 : explain SELECT id, c FROM sbtest7 WHERE id BETWEEN 4649232 AND 4649332
	Index Scan using sbtest7_pkey on sbtest7  (cost=0.43..407.62 rows=103 width=125)
	  Index Cond: ((id >= 4649232) AND (id <= 4649332))

table 8 : explain SELECT id, c FROM sbtest8 WHERE id BETWEEN 4649232 AND 4649332
	Index Scan using sbtest8_pkey on sbtest8  (cost=0.43..386.51 rows=98 width=125)
	  Index Cond: ((id >= 4649232) AND (id <= 4649332))

for range-notcovered
table 1 : explain SELECT id, c FROM sbtest1 WHERE id BETWEEN 2977640 AND 2977740
	Index Scan using sbtest1_pkey on sbtest1  (cost=0.43..403.68 rows=102 width=125)
	  Index Cond: ((id >= 2977640) AND (id <= 2977740))

table 2 : explain SELECT id, c FROM sbtest2 WHERE id BETWEEN 2977640 AND 2977740
	Index Scan using sbtest2_pkey on sbtest2  (cost=0.43..402.96 rows=101 width=125)
	  Index Cond: ((id >= 2977640) AND (id <= 2977740))

table 3 : explain SELECT id, c FROM sbtest3 WHERE id BETWEEN 2977640 AND 2977740
	Index Scan using sbtest3_pkey on sbtest3  (cost=0.43..377.24 rows=95 width=125)
	  Index Cond: ((id >= 2977640) AND (id <= 2977740))

table 4 : explain SELECT id, c FROM sbtest4 WHERE id BETWEEN 2977640 AND 2977740
	Index Scan using sbtest4_pkey on sbtest4  (cost=0.43..365.35 rows=92 width=125)
	  Index Cond: ((id >= 2977640) AND (id <= 2977740))

table 5 : explain SELECT id, c FROM sbtest5 WHERE id BETWEEN 2977640 AND 2977740
	Index Scan using sbtest5_pkey on sbtest5  (cost=0.43..400.63 rows=101 width=125)
	  Index Cond: ((id >= 2977640) AND (id <= 2977740))

table 6 : explain SELECT id, c FROM sbtest6 WHERE id BETWEEN 2977640 AND 2977740
	Index Scan using sbtest6_pkey on sbtest6  (cost=0.43..404.45 rows=102 width=125)
	  Index Cond: ((id >= 2977640) AND (id <= 2977740))

table 7 : explain SELECT id, c FROM sbtest7 WHERE id BETWEEN 2977640 AND 2977740
	Index Scan using sbtest7_pkey on sbtest7  (cost=0.43..376.32 rows=95 width=125)
	  Index Cond: ((id >= 2977640) AND (id <= 2977740))

table 8 : explain SELECT id, c FROM sbtest8 WHERE id BETWEEN 2977640 AND 2977740
	Index Scan using sbtest8_pkey on sbtest8  (cost=0.43..398.20 rows=101 width=125)
	  Index Cond: ((id >= 2977640) AND (id <= 2977740))

explain: for range-notcovered :: explain SELECT id, c FROM sbtest%d WHERE id BETWEEN 4649232 AND 4649332
explain: for range-notcovered :: explain SELECT id, c FROM sbtest%d WHERE id BETWEEN 2977640 AND 2977740
for range-notcovered
table 1 : explain SELECT id, c FROM sbtest1 WHERE id BETWEEN 7727681 AND 7727781
	Index Scan using sbtest1_pkey on sbtest1  (cost=0.43..411.51 rows=104 width=125)
	  Index Cond: ((id >= 7727681) AND (id <= 7727781))

table 2 : explain SELECT id, c FROM sbtest2 WHERE id BETWEEN 7727681 AND 7727781
	Index Scan using sbtest2_pkey on sbtest2  (cost=0.43..395.07 rows=99 width=125)
	  Index Cond: ((id >= 7727681) AND (id <= 7727781))

table 3 : explain SELECT id, c FROM sbtest3 WHERE id BETWEEN 7727681 AND 7727781
	Index Scan using sbtest3_pkey on sbtest3  (cost=0.43..377.24 rows=95 width=125)
	  Index Cond: ((id >= 7727681) AND (id <= 7727781))

table 4 : explain SELECT id, c FROM sbtest4 WHERE id BETWEEN 7727681 AND 7727781
	Index Scan using sbtest4_pkey on sbtest4  (cost=0.43..377.11 rows=95 width=125)
	  Index Cond: ((id >= 7727681) AND (id <= 7727781))

table 5 : explain SELECT id, c FROM sbtest5 WHERE id BETWEEN 7727681 AND 7727781
	Index Scan using sbtest5_pkey on sbtest5  (cost=0.43..400.63 rows=101 width=125)
	  Index Cond: ((id >= 7727681) AND (id <= 7727781))

table 6 : explain SELECT id, c FROM sbtest6 WHERE id BETWEEN 7727681 AND 7727781
	Index Scan using sbtest6_pkey on sbtest6  (cost=0.43..408.37 rows=103 width=125)
	  Index Cond: ((id >= 7727681) AND (id <= 7727781))

table 7 : explain SELECT id, c FROM sbtest7 WHERE id BETWEEN 7727681 AND 7727781
	Index Scan using sbtest7_pkey on sbtest7  (cost=0.43..407.62 rows=103 width=125)
	  Index Cond: ((id >= 7727681) AND (id <= 7727781))

table 8 : explain SELECT id, c FROM sbtest8 WHERE id BETWEEN 7727681 AND 7727781
	Index Scan using sbtest8_pkey on sbtest8  (cost=0.43..390.41 rows=99 width=125)
	  Index Cond: ((id >= 7727681) AND (id <= 7727781))

for range-notcovered
table 1 : explain SELECT id, c FROM sbtest1 WHERE id BETWEEN 3723571 AND 3723671
	Index Scan using sbtest1_pkey on sbtest1  (cost=0.43..360.62 rows=91 width=125)
	  Index Cond: ((id >= 3723571) AND (id <= 3723671))

table 2 : explain SELECT id, c FROM sbtest2 WHERE id BETWEEN 3723571 AND 3723671
	Index Scan using sbtest2_pkey on sbtest2  (cost=0.43..410.85 rows=103 width=125)
	  Index Cond: ((id >= 3723571) AND (id <= 3723671))

table 3 : explain SELECT id, c FROM sbtest3 WHERE id BETWEEN 3723571 AND 3723671
	Index Scan using sbtest3_pkey on sbtest3  (cost=0.43..451.77 rows=114 width=125)
	  Index Cond: ((id >= 3723571) AND (id <= 3723671))

table 4 : explain SELECT id, c FROM sbtest4 WHERE id BETWEEN 3723571 AND 3723671
	Index Scan using sbtest4_pkey on sbtest4  (cost=0.43..412.40 rows=104 width=125)
	  Index Cond: ((id >= 3723571) AND (id <= 3723671))

table 5 : explain SELECT id, c FROM sbtest5 WHERE id BETWEEN 3723571 AND 3723671
	Index Scan using sbtest5_pkey on sbtest5  (cost=0.43..396.71 rows=100 width=125)
	  Index Cond: ((id >= 3723571) AND (id <= 3723671))

table 6 : explain SELECT id, c FROM sbtest6 WHERE id BETWEEN 3723571 AND 3723671
	Index Scan using sbtest6_pkey on sbtest6  (cost=0.43..424.05 rows=107 width=125)
	  Index Cond: ((id >= 3723571) AND (id <= 3723671))

table 7 : explain SELECT id, c FROM sbtest7 WHERE id BETWEEN 3723571 AND 3723671
	Index Scan using sbtest7_pkey on sbtest7  (cost=0.43..407.62 rows=103 width=125)
	  Index Cond: ((id >= 3723571) AND (id <= 3723671))

table 8 : explain SELECT id, c FROM sbtest8 WHERE id BETWEEN 3723571 AND 3723671
	Index Scan using sbtest8_pkey on sbtest8  (cost=0.43..394.31 rows=100 width=125)
	  Index Cond: ((id >= 3723571) AND (id <= 3723671))
explain: for range-notcovered :: explain SELECT id, c FROM sbtest%d WHERE id BETWEEN 7727681 AND 7727781

for range-notcovered
table 1 : explain SELECT id, c FROM sbtest1 WHERE id BETWEEN 4515141 AND 4515241
	Index Scan using sbtest1_pkey on sbtest1  (cost=0.43..376.30 rows=95 width=125)
	  Index Cond: ((id >= 4515141) AND (id <= 4515241))

table 2 : explain SELECT id, c FROM sbtest2 WHERE id BETWEEN 4515141 AND 4515241
	Index Scan using sbtest2_pkey on sbtest2  (cost=0.43..410.85 rows=103 width=125)
	  Index Cond: ((id >= 4515141) AND (id <= 4515241))

table 3 : explain SELECT id, c FROM sbtest3 WHERE id BETWEEN 4515141 AND 4515241
	Index Scan using sbtest3_pkey on sbtest3  (cost=0.43..389.01 rows=98 width=125)
	  Index Cond: ((id >= 4515141) AND (id <= 4515241))

table 4 : explain SELECT id, c FROM sbtest4 WHERE id BETWEEN 4515141 AND 4515241
	Index Scan using sbtest4_pkey on sbtest4  (cost=0.43..408.48 rows=103 width=125)
	  Index Cond: ((id >= 4515141) AND (id <= 4515241))

table 5 : explain SELECT id, c FROM sbtest5 WHERE id BETWEEN 4515141 AND 4515241
	Index Scan using sbtest5_pkey on sbtest5  (cost=0.43..381.00 rows=96 width=125)
	  Index Cond: ((id >= 4515141) AND (id <= 4515241))

table 6 : explain SELECT id, c FROM sbtest6 WHERE id BETWEEN 4515141 AND 4515241
	Index Scan using sbtest6_pkey on sbtest6  (cost=0.43..388.77 rows=98 width=125)
	  Index Cond: ((id >= 4515141) AND (id <= 4515241))

table 7 : explain SELECT id, c FROM sbtest7 WHERE id BETWEEN 4515141 AND 4515241
	Index Scan using sbtest7_pkey on sbtest7  (cost=0.43..391.97 rows=99 width=125)
	  Index Cond: ((id >= 4515141) AND (id <= 4515241))

table 8 : explain SELECT id, c FROM sbtest8 WHERE id BETWEEN 4515141 AND 4515241
	Index Scan using sbtest8_pkey on sbtest8  (cost=0.43..398.20 rows=101 width=125)
	  Index Cond: ((id >= 4515141) AND (id <= 4515241))
explain: for range-notcovered :: explain SELECT id, c FROM sbtest%d WHERE id BETWEEN 9216966 AND 9217066
explain: for range-notcovered :: explain SELECT id, c FROM sbtest%d WHERE id BETWEEN 3723571 AND 3723671

for range-notcovered
table 1 : explain SELECT id, c FROM sbtest1 WHERE id BETWEEN 4649232 AND 4649332
	Index Scan using sbtest1_pkey on sbtest1  (cost=0.43..352.79 rows=89 width=125)
	  Index Cond: ((id >= 4649232) AND (id <= 4649332))

table 2 : explain SELECT id, c FROM sbtest2 WHERE id BETWEEN 4649232 AND 4649332
	Index Scan using sbtest2_pkey on sbtest2  (cost=0.43..395.07 rows=99 width=125)
	  Index Cond: ((id >= 4649232) AND (id <= 4649332))

table 3 : explain SELECT id, c FROM sbtest3 WHERE id BETWEEN 4649232 AND 4649332
	Index Scan using sbtest3_pkey on sbtest3  (cost=0.43..408.62 rows=103 width=125)
	  Index Cond: ((id >= 4649232) AND (id <= 4649332))

table 4 : explain SELECT id, c FROM sbtest4 WHERE id BETWEEN 4649232 AND 4649332
	Index Scan using sbtest4_pkey on sbtest4  (cost=0.43..412.40 rows=104 width=125)
	  Index Cond: ((id >= 4649232) AND (id <= 4649332))

table 5 : explain SELECT id, c FROM sbtest5 WHERE id BETWEEN 4649232 AND 4649332
	Index Scan using sbtest5_pkey on sbtest5  (cost=0.43..439.84 rows=111 width=125)
	  Index Cond: ((id >= 4649232) AND (id <= 4649332))

table 6 : explain SELECT id, c FROM sbtest6 WHERE id BETWEEN 4649232 AND 4649332
	Index Scan using sbtest6_pkey on sbtest6  (cost=0.43..427.97 rows=108 width=125)
	  Index Cond: ((id >= 4649232) AND (id <= 4649332))

table 7 : explain SELECT id, c FROM sbtest7 WHERE id BETWEEN 4649232 AND 4649332
	Index Scan using sbtest7_pkey on sbtest7  (cost=0.43..407.62 rows=103 width=125)
	  Index Cond: ((id >= 4649232) AND (id <= 4649332))

table 8 : explain SELECT id, c FROM sbtest8 WHERE id BETWEEN 4649232 AND 4649332
	Index Scan using sbtest8_pkey on sbtest8  (cost=0.43..386.51 rows=98 width=125)
	  Index Cond: ((id >= 4649232) AND (id <= 4649332))

explain: for range-notcovered :: explain SELECT id, c FROM sbtest%d WHERE id BETWEEN 4515141 AND 4515241
explain: for range-notcovered :: explain SELECT id, c FROM sbtest%d WHERE id BETWEEN 4649232 AND 4649332
for range-notcovered
table 1 : explain SELECT id, c FROM sbtest1 WHERE id BETWEEN 2977640 AND 2977740
	Index Scan using sbtest1_pkey on sbtest1  (cost=0.43..403.68 rows=102 width=125)
	  Index Cond: ((id >= 2977640) AND (id <= 2977740))

table 2 : explain SELECT id, c FROM sbtest2 WHERE id BETWEEN 2977640 AND 2977740
	Index Scan using sbtest2_pkey on sbtest2  (cost=0.43..402.96 rows=101 width=125)
	  Index Cond: ((id >= 2977640) AND (id <= 2977740))

table 3 : explain SELECT id, c FROM sbtest3 WHERE id BETWEEN 2977640 AND 2977740
	Index Scan using sbtest3_pkey on sbtest3  (cost=0.43..377.24 rows=95 width=125)
	  Index Cond: ((id >= 2977640) AND (id <= 2977740))

table 4 : explain SELECT id, c FROM sbtest4 WHERE id BETWEEN 2977640 AND 2977740
	Index Scan using sbtest4_pkey on sbtest4  (cost=0.43..365.35 rows=92 width=125)
	  Index Cond: ((id >= 2977640) AND (id <= 2977740))

table 5 : explain SELECT id, c FROM sbtest5 WHERE id BETWEEN 2977640 AND 2977740
	Index Scan using sbtest5_pkey on sbtest5  (cost=0.43..400.63 rows=101 width=125)
	  Index Cond: ((id >= 2977640) AND (id <= 2977740))

table 6 : explain SELECT id, c FROM sbtest6 WHERE id BETWEEN 2977640 AND 2977740
	Index Scan using sbtest6_pkey on sbtest6  (cost=0.43..404.45 rows=102 width=125)
	  Index Cond: ((id >= 2977640) AND (id <= 2977740))

table 7 : explain SELECT id, c FROM sbtest7 WHERE id BETWEEN 2977640 AND 2977740
	Index Scan using sbtest7_pkey on sbtest7  (cost=0.43..376.32 rows=95 width=125)
	  Index Cond: ((id >= 2977640) AND (id <= 2977740))

table 8 : explain SELECT id, c FROM sbtest8 WHERE id BETWEEN 2977640 AND 2977740
	Index Scan using sbtest8_pkey on sbtest8  (cost=0.43..398.20 rows=101 width=125)
	  Index Cond: ((id >= 2977640) AND (id <= 2977740))

explain: for range-notcovered :: explain SELECT id, c FROM sbtest%d WHERE id BETWEEN 4912255 AND 4912355
for range-notcovered
table 1 : explain SELECT id, c FROM sbtest1 WHERE id BETWEEN 9049629 AND 9049729
	Index Scan using sbtest1_pkey on sbtest1  (cost=0.43..356.71 rows=90 width=125)
	  Index Cond: ((id >= 9049629) AND (id <= 9049729))

table 2 : explain SELECT id, c FROM sbtest2 WHERE id BETWEEN 9049629 AND 9049729
	Index Scan using sbtest2_pkey on sbtest2  (cost=0.43..430.57 rows=108 width=125)
	  Index Cond: ((id >= 9049629) AND (id <= 9049729))

table 3 : explain SELECT id, c FROM sbtest3 WHERE id BETWEEN 9049629 AND 9049729
	Index Scan using sbtest3_pkey on sbtest3  (cost=0.43..408.62 rows=103 width=125)
	  Index Cond: ((id >= 9049629) AND (id <= 9049729))

table 4 : explain SELECT id, c FROM sbtest4 WHERE id BETWEEN 9049629 AND 9049729
	Index Scan using sbtest4_pkey on sbtest4  (cost=0.43..361.43 rows=91 width=125)
	  Index Cond: ((id >= 9049629) AND (id <= 9049729))

table 5 : explain SELECT id, c FROM sbtest5 WHERE id BETWEEN 9049629 AND 9049729
	Index Scan using sbtest5_pkey on sbtest5  (cost=0.43..432.00 rows=109 width=125)
	  Index Cond: ((id >= 9049629) AND (id <= 9049729))

table 6 : explain SELECT id, c FROM sbtest6 WHERE id BETWEEN 9049629 AND 9049729
	Index Scan using sbtest6_pkey on sbtest6  (cost=0.43..412.29 rows=104 width=125)
	  Index Cond: ((id >= 9049629) AND (id <= 9049729))

table 7 : explain SELECT id, c FROM sbtest7 WHERE id BETWEEN 9049629 AND 9049729
	Index Scan using sbtest7_pkey on sbtest7  (cost=0.43..419.36 rows=106 width=125)
	  Index Cond: ((id >= 9049629) AND (id <= 9049729))

table 8 : explain SELECT id, c FROM sbtest8 WHERE id BETWEEN 9049629 AND 9049729
	Index Scan using sbtest8_pkey on sbtest8  (cost=0.43..402.10 rows=102 width=125)
	  Index Cond: ((id >= 9049629) AND (id <= 9049729))

explain: for range-notcovered :: explain SELECT id, c FROM sbtest%d WHERE id BETWEEN 9049629 AND 9049729
for range-notcovered
table 1 : explain SELECT id, c FROM sbtest1 WHERE id BETWEEN 3723571 AND 3723671
	Index Scan using sbtest1_pkey on sbtest1  (cost=0.43..360.62 rows=91 width=125)
	  Index Cond: ((id >= 3723571) AND (id <= 3723671))

table 2 : explain SELECT id, c FROM sbtest2 WHERE id BETWEEN 3723571 AND 3723671
	Index Scan using sbtest2_pkey on sbtest2  (cost=0.43..410.85 rows=103 width=125)
	  Index Cond: ((id >= 3723571) AND (id <= 3723671))

table 3 : explain SELECT id, c FROM sbtest3 WHERE id BETWEEN 3723571 AND 3723671
	Index Scan using sbtest3_pkey on sbtest3  (cost=0.43..451.77 rows=114 width=125)
	  Index Cond: ((id >= 3723571) AND (id <= 3723671))

table 4 : explain SELECT id, c FROM sbtest4 WHERE id BETWEEN 3723571 AND 3723671
	Index Scan using sbtest4_pkey on sbtest4  (cost=0.43..412.40 rows=104 width=125)
	  Index Cond: ((id >= 3723571) AND (id <= 3723671))

table 5 : explain SELECT id, c FROM sbtest5 WHERE id BETWEEN 3723571 AND 3723671
	Index Scan using sbtest5_pkey on sbtest5  (cost=0.43..396.71 rows=100 width=125)
	  Index Cond: ((id >= 3723571) AND (id <= 3723671))

table 6 : explain SELECT id, c FROM sbtest6 WHERE id BETWEEN 3723571 AND 3723671
	Index Scan using sbtest6_pkey on sbtest6  (cost=0.43..424.05 rows=107 width=125)
	  Index Cond: ((id >= 3723571) AND (id <= 3723671))

table 7 : explain SELECT id, c FROM sbtest7 WHERE id BETWEEN 3723571 AND 3723671
	Index Scan using sbtest7_pkey on sbtest7  (cost=0.43..407.62 rows=103 width=125)
	  Index Cond: ((id >= 3723571) AND (id <= 3723671))

table 8 : explain SELECT id, c FROM sbtest8 WHERE id BETWEEN 3723571 AND 3723671
	Index Scan using sbtest8_pkey on sbtest8  (cost=0.43..394.31 rows=100 width=125)
	  Index Cond: ((id >= 3723571) AND (id <= 3723671))

for range-notcovered
table 1 : explain SELECT id, c FROM sbtest1 WHERE id BETWEEN 7727681 AND 7727781
	Index Scan using sbtest1_pkey on sbtest1  (cost=0.43..411.51 rows=104 width=125)
	  Index Cond: ((id >= 7727681) AND (id <= 7727781))

table 2 : explain SELECT id, c FROM sbtest2 WHERE id BETWEEN 7727681 AND 7727781
	Index Scan using sbtest2_pkey on sbtest2  (cost=0.43..395.07 rows=99 width=125)
	  Index Cond: ((id >= 7727681) AND (id <= 7727781))

table 3 : explain SELECT id, c FROM sbtest3 WHERE id BETWEEN 7727681 AND 7727781
	Index Scan using sbtest3_pkey on sbtest3  (cost=0.43..377.24 rows=95 width=125)
	  Index Cond: ((id >= 7727681) AND (id <= 7727781))

table 4 : explain SELECT id, c FROM sbtest4 WHERE id BETWEEN 7727681 AND 7727781
	Index Scan using sbtest4_pkey on sbtest4  (cost=0.43..377.11 rows=95 width=125)
	  Index Cond: ((id >= 7727681) AND (id <= 7727781))

table 5 : explain SELECT id, c FROM sbtest5 WHERE id BETWEEN 7727681 AND 7727781
	Index Scan using sbtest5_pkey on sbtest5  (cost=0.43..400.63 rows=101 width=125)
	  Index Cond: ((id >= 7727681) AND (id <= 7727781))

table 6 : explain SELECT id, c FROM sbtest6 WHERE id BETWEEN 7727681 AND 7727781
	Index Scan using sbtest6_pkey on sbtest6  (cost=0.43..408.37 rows=103 width=125)
	  Index Cond: ((id >= 7727681) AND (id <= 7727781))

table 7 : explain SELECT id, c FROM sbtest7 WHERE id BETWEEN 7727681 AND 7727781
	Index Scan using sbtest7_pkey on sbtest7  (cost=0.43..407.62 rows=103 width=125)
	  Index Cond: ((id >= 7727681) AND (id <= 7727781))

table 8 : explain SELECT id, c FROM sbtest8 WHERE id BETWEEN 7727681 AND 7727781
	Index Scan using sbtest8_pkey on sbtest8  (cost=0.43..390.41 rows=99 width=125)
	  Index Cond: ((id >= 7727681) AND (id <= 7727781))

for range-notcovered
table 1 : explain SELECT id, c FROM sbtest1 WHERE id BETWEEN 4515141 AND 4515241
	Index Scan using sbtest1_pkey on sbtest1  (cost=0.43..376.30 rows=95 width=125)
	  Index Cond: ((id >= 4515141) AND (id <= 4515241))

table 2 : explain SELECT id, c FROM sbtest2 WHERE id BETWEEN 4515141 AND 4515241
	Index Scan using sbtest2_pkey on sbtest2  (cost=0.43..410.85 rows=103 width=125)
	  Index Cond: ((id >= 4515141) AND (id <= 4515241))

table 3 : explain SELECT id, c FROM sbtest3 WHERE id BETWEEN 4515141 AND 4515241
	Index Scan using sbtest3_pkey on sbtest3  (cost=0.43..389.01 rows=98 width=125)
	  Index Cond: ((id >= 4515141) AND (id <= 4515241))

table 4 : explain SELECT id, c FROM sbtest4 WHERE id BETWEEN 4515141 AND 4515241
	Index Scan using sbtest4_pkey on sbtest4  (cost=0.43..408.48 rows=103 width=125)
	  Index Cond: ((id >= 4515141) AND (id <= 4515241))

table 5 : explain SELECT id, c FROM sbtest5 WHERE id BETWEEN 4515141 AND 4515241
	Index Scan using sbtest5_pkey on sbtest5  (cost=0.43..381.00 rows=96 width=125)
	  Index Cond: ((id >= 4515141) AND (id <= 4515241))

table 6 : explain SELECT id, c FROM sbtest6 WHERE id BETWEEN 4515141 AND 4515241
	Index Scan using sbtest6_pkey on sbtest6  (cost=0.43..388.77 rows=98 width=125)
	  Index Cond: ((id >= 4515141) AND (id <= 4515241))

table 7 : explain SELECT id, c FROM sbtest7 WHERE id BETWEEN 4515141 AND 4515241
	Index Scan using sbtest7_pkey on sbtest7  (cost=0.43..391.97 rows=99 width=125)
	  Index Cond: ((id >= 4515141) AND (id <= 4515241))

table 8 : explain SELECT id, c FROM sbtest8 WHERE id BETWEEN 4515141 AND 4515241
	Index Scan using sbtest8_pkey on sbtest8  (cost=0.43..398.20 rows=101 width=125)
	  Index Cond: ((id >= 4515141) AND (id <= 4515241))

for range-notcovered
table 1 : explain SELECT id, c FROM sbtest1 WHERE id BETWEEN 4649232 AND 4649332
	Index Scan using sbtest1_pkey on sbtest1  (cost=0.43..352.79 rows=89 width=125)
	  Index Cond: ((id >= 4649232) AND (id <= 4649332))

table 2 : explain SELECT id, c FROM sbtest2 WHERE id BETWEEN 4649232 AND 4649332
	Index Scan using sbtest2_pkey on sbtest2  (cost=0.43..395.07 rows=99 width=125)
	  Index Cond: ((id >= 4649232) AND (id <= 4649332))

table 3 : explain SELECT id, c FROM sbtest3 WHERE id BETWEEN 4649232 AND 4649332
	Index Scan using sbtest3_pkey on sbtest3  (cost=0.43..408.62 rows=103 width=125)
	  Index Cond: ((id >= 4649232) AND (id <= 4649332))

table 4 : explain SELECT id, c FROM sbtest4 WHERE id BETWEEN 4649232 AND 4649332
	Index Scan using sbtest4_pkey on sbtest4  (cost=0.43..412.40 rows=104 width=125)
	  Index Cond: ((id >= 4649232) AND (id <= 4649332))

table 5 : explain SELECT id, c FROM sbtest5 WHERE id BETWEEN 4649232 AND 4649332
	Index Scan using sbtest5_pkey on sbtest5  (cost=0.43..439.84 rows=111 width=125)
	  Index Cond: ((id >= 4649232) AND (id <= 4649332))

table 6 : explain SELECT id, c FROM sbtest6 WHERE id BETWEEN 4649232 AND 4649332
	Index Scan using sbtest6_pkey on sbtest6  (cost=0.43..427.97 rows=108 width=125)
	  Index Cond: ((id >= 4649232) AND (id <= 4649332))

table 7 : explain SELECT id, c FROM sbtest7 WHERE id BETWEEN 4649232 AND 4649332
	Index Scan using sbtest7_pkey on sbtest7  (cost=0.43..407.62 rows=103 width=125)
	  Index Cond: ((id >= 4649232) AND (id <= 4649332))

table 8 : explain SELECT id, c FROM sbtest8 WHERE id BETWEEN 4649232 AND 4649332
	Index Scan using sbtest8_pkey on sbtest8  (cost=0.43..386.51 rows=98 width=125)
	  Index Cond: ((id >= 4649232) AND (id <= 4649332))

explain: for range-notcovered :: explain SELECT id, c FROM sbtest%d WHERE id BETWEEN 3723571 AND 3723671
explain: for range-notcovered :: explain SELECT id, c FROM sbtest%d WHERE id BETWEEN 4515141 AND 4515241
explain: for range-notcovered :: explain SELECT id, c FROM sbtest%d WHERE id BETWEEN 4649232 AND 4649332
for range-notcovered
table 1 : explain SELECT id, c FROM sbtest1 WHERE id BETWEEN 9049629 AND 9049729
	Index Scan using sbtest1_pkey on sbtest1  (cost=0.43..356.71 rows=90 width=125)
	  Index Cond: ((id >= 9049629) AND (id <= 9049729))

table 2 : explain SELECT id, c FROM sbtest2 WHERE id BETWEEN 9049629 AND 9049729
	Index Scan using sbtest2_pkey on sbtest2  (cost=0.43..430.57 rows=108 width=125)
	  Index Cond: ((id >= 9049629) AND (id <= 9049729))

table 3 : explain SELECT id, c FROM sbtest3 WHERE id BETWEEN 9049629 AND 9049729
	Index Scan using sbtest3_pkey on sbtest3  (cost=0.43..408.62 rows=103 width=125)
	  Index Cond: ((id >= 9049629) AND (id <= 9049729))

table 4 : explain SELECT id, c FROM sbtest4 WHERE id BETWEEN 9049629 AND 9049729
	Index Scan using sbtest4_pkey on sbtest4  (cost=0.43..361.43 rows=91 width=125)
	  Index Cond: ((id >= 9049629) AND (id <= 9049729))

table 5 : explain SELECT id, c FROM sbtest5 WHERE id BETWEEN 9049629 AND 9049729
	Index Scan using sbtest5_pkey on sbtest5  (cost=0.43..432.00 rows=109 width=125)
	  Index Cond: ((id >= 9049629) AND (id <= 9049729))

table 6 : explain SELECT id, c FROM sbtest6 WHERE id BETWEEN 9049629 AND 9049729
	Index Scan using sbtest6_pkey on sbtest6  (cost=0.43..412.29 rows=104 width=125)
	  Index Cond: ((id >= 9049629) AND (id <= 9049729))

table 7 : explain SELECT id, c FROM sbtest7 WHERE id BETWEEN 9049629 AND 9049729
	Index Scan using sbtest7_pkey on sbtest7  (cost=0.43..419.36 rows=106 width=125)
	  Index Cond: ((id >= 9049629) AND (id <= 9049729))

table 8 : explain SELECT id, c FROM sbtest8 WHERE id BETWEEN 9049629 AND 9049729
	Index Scan using sbtest8_pkey on sbtest8  (cost=0.43..402.10 rows=102 width=125)
	  Index Cond: ((id >= 9049629) AND (id <= 9049729))

explain: for range-notcovered :: explain SELECT id, c FROM sbtest%d WHERE id BETWEEN 9049629 AND 9049729
for range-notcovered
table 1 : explain SELECT id, c FROM sbtest1 WHERE id BETWEEN 3723571 AND 3723671
	Index Scan using sbtest1_pkey on sbtest1  (cost=0.43..360.62 rows=91 width=125)
	  Index Cond: ((id >= 3723571) AND (id <= 3723671))

table 2 : explain SELECT id, c FROM sbtest2 WHERE id BETWEEN 3723571 AND 3723671
	Index Scan using sbtest2_pkey on sbtest2  (cost=0.43..410.85 rows=103 width=125)
	  Index Cond: ((id >= 3723571) AND (id <= 3723671))

table 3 : explain SELECT id, c FROM sbtest3 WHERE id BETWEEN 3723571 AND 3723671
	Index Scan using sbtest3_pkey on sbtest3  (cost=0.43..451.77 rows=114 width=125)
	  Index Cond: ((id >= 3723571) AND (id <= 3723671))

table 4 : explain SELECT id, c FROM sbtest4 WHERE id BETWEEN 3723571 AND 3723671
	Index Scan using sbtest4_pkey on sbtest4  (cost=0.43..412.40 rows=104 width=125)
	  Index Cond: ((id >= 3723571) AND (id <= 3723671))

table 5 : explain SELECT id, c FROM sbtest5 WHERE id BETWEEN 3723571 AND 3723671
	Index Scan using sbtest5_pkey on sbtest5  (cost=0.43..396.71 rows=100 width=125)
	  Index Cond: ((id >= 3723571) AND (id <= 3723671))

table 6 : explain SELECT id, c FROM sbtest6 WHERE id BETWEEN 3723571 AND 3723671
	Index Scan using sbtest6_pkey on sbtest6  (cost=0.43..424.05 rows=107 width=125)
	  Index Cond: ((id >= 3723571) AND (id <= 3723671))

table 7 : explain SELECT id, c FROM sbtest7 WHERE id BETWEEN 3723571 AND 3723671
	Index Scan using sbtest7_pkey on sbtest7  (cost=0.43..407.62 rows=103 width=125)
	  Index Cond: ((id >= 3723571) AND (id <= 3723671))

table 8 : explain SELECT id, c FROM sbtest8 WHERE id BETWEEN 3723571 AND 3723671
	Index Scan using sbtest8_pkey on sbtest8  (cost=0.43..394.31 rows=100 width=125)
	  Index Cond: ((id >= 3723571) AND (id <= 3723671))

for range-notcovered
table 1 : explain SELECT id, c FROM sbtest1 WHERE id BETWEEN 4515141 AND 4515241
	Index Scan using sbtest1_pkey on sbtest1  (cost=0.43..376.30 rows=95 width=125)
	  Index Cond: ((id >= 4515141) AND (id <= 4515241))

table 2 : explain SELECT id, c FROM sbtest2 WHERE id BETWEEN 4515141 AND 4515241
	Index Scan using sbtest2_pkey on sbtest2  (cost=0.43..410.85 rows=103 width=125)
	  Index Cond: ((id >= 4515141) AND (id <= 4515241))

table 3 : explain SELECT id, c FROM sbtest3 WHERE id BETWEEN 4515141 AND 4515241
	Index Scan using sbtest3_pkey on sbtest3  (cost=0.43..389.01 rows=98 width=125)
	  Index Cond: ((id >= 4515141) AND (id <= 4515241))

table 4 : explain SELECT id, c FROM sbtest4 WHERE id BETWEEN 4515141 AND 4515241
	Index Scan using sbtest4_pkey on sbtest4  (cost=0.43..408.48 rows=103 width=125)
	  Index Cond: ((id >= 4515141) AND (id <= 4515241))

table 5 : explain SELECT id, c FROM sbtest5 WHERE id BETWEEN 4515141 AND 4515241
	Index Scan using sbtest5_pkey on sbtest5  (cost=0.43..381.00 rows=96 width=125)
	  Index Cond: ((id >= 4515141) AND (id <= 4515241))

table 6 : explain SELECT id, c FROM sbtest6 WHERE id BETWEEN 4515141 AND 4515241
	Index Scan using sbtest6_pkey on sbtest6  (cost=0.43..388.77 rows=98 width=125)
	  Index Cond: ((id >= 4515141) AND (id <= 4515241))

table 7 : explain SELECT id, c FROM sbtest7 WHERE id BETWEEN 4515141 AND 4515241
	Index Scan using sbtest7_pkey on sbtest7  (cost=0.43..391.97 rows=99 width=125)
	  Index Cond: ((id >= 4515141) AND (id <= 4515241))

table 8 : explain SELECT id, c FROM sbtest8 WHERE id BETWEEN 4515141 AND 4515241
	Index Scan using sbtest8_pkey on sbtest8  (cost=0.43..398.20 rows=101 width=125)
	  Index Cond: ((id >= 4515141) AND (id <= 4515241))

for range-notcovered
table 1 : explain SELECT id, c FROM sbtest1 WHERE id BETWEEN 4649232 AND 4649332
	Index Scan using sbtest1_pkey on sbtest1  (cost=0.43..352.79 rows=89 width=125)
	  Index Cond: ((id >= 4649232) AND (id <= 4649332))

table 2 : explain SELECT id, c FROM sbtest2 WHERE id BETWEEN 4649232 AND 4649332
	Index Scan using sbtest2_pkey on sbtest2  (cost=0.43..395.07 rows=99 width=125)
	  Index Cond: ((id >= 4649232) AND (id <= 4649332))

table 3 : explain SELECT id, c FROM sbtest3 WHERE id BETWEEN 4649232 AND 4649332
	Index Scan using sbtest3_pkey on sbtest3  (cost=0.43..408.62 rows=103 width=125)
	  Index Cond: ((id >= 4649232) AND (id <= 4649332))

table 4 : explain SELECT id, c FROM sbtest4 WHERE id BETWEEN 4649232 AND 4649332
	Index Scan using sbtest4_pkey on sbtest4  (cost=0.43..412.40 rows=104 width=125)
	  Index Cond: ((id >= 4649232) AND (id <= 4649332))

table 5 : explain SELECT id, c FROM sbtest5 WHERE id BETWEEN 4649232 AND 4649332
	Index Scan using sbtest5_pkey on sbtest5  (cost=0.43..439.84 rows=111 width=125)
	  Index Cond: ((id >= 4649232) AND (id <= 4649332))

table 6 : explain SELECT id, c FROM sbtest6 WHERE id BETWEEN 4649232 AND 4649332
	Index Scan using sbtest6_pkey on sbtest6  (cost=0.43..427.97 rows=108 width=125)
	  Index Cond: ((id >= 4649232) AND (id <= 4649332))

table 7 : explain SELECT id, c FROM sbtest7 WHERE id BETWEEN 4649232 AND 4649332
	Index Scan using sbtest7_pkey on sbtest7  (cost=0.43..407.62 rows=103 width=125)
	  Index Cond: ((id >= 4649232) AND (id <= 4649332))

table 8 : explain SELECT id, c FROM sbtest8 WHERE id BETWEEN 4649232 AND 4649332
	Index Scan using sbtest8_pkey on sbtest8  (cost=0.43..386.51 rows=98 width=125)
	  Index Cond: ((id >= 4649232) AND (id <= 4649332))

explain: for range-notcovered :: explain SELECT id, c FROM sbtest%d WHERE id BETWEEN 3723571 AND 3723671
explain: for range-notcovered :: explain SELECT id, c FROM sbtest%d WHERE id BETWEEN 4515141 AND 4515241
explain: for range-notcovered :: explain SELECT id, c FROM sbtest%d WHERE id BETWEEN 4649232 AND 4649332
for range-notcovered
table 1 : explain SELECT id, c FROM sbtest1 WHERE id BETWEEN 9049629 AND 9049729
	Index Scan using sbtest1_pkey on sbtest1  (cost=0.43..356.71 rows=90 width=125)
	  Index Cond: ((id >= 9049629) AND (id <= 9049729))

table 2 : explain SELECT id, c FROM sbtest2 WHERE id BETWEEN 9049629 AND 9049729
	Index Scan using sbtest2_pkey on sbtest2  (cost=0.43..430.57 rows=108 width=125)
	  Index Cond: ((id >= 9049629) AND (id <= 9049729))

table 3 : explain SELECT id, c FROM sbtest3 WHERE id BETWEEN 9049629 AND 9049729
	Index Scan using sbtest3_pkey on sbtest3  (cost=0.43..408.62 rows=103 width=125)
	  Index Cond: ((id >= 9049629) AND (id <= 9049729))

table 4 : explain SELECT id, c FROM sbtest4 WHERE id BETWEEN 9049629 AND 9049729
	Index Scan using sbtest4_pkey on sbtest4  (cost=0.43..361.43 rows=91 width=125)
	  Index Cond: ((id >= 9049629) AND (id <= 9049729))

table 5 : explain SELECT id, c FROM sbtest5 WHERE id BETWEEN 9049629 AND 9049729
	Index Scan using sbtest5_pkey on sbtest5  (cost=0.43..432.00 rows=109 width=125)
	  Index Cond: ((id >= 9049629) AND (id <= 9049729))

table 6 : explain SELECT id, c FROM sbtest6 WHERE id BETWEEN 9049629 AND 9049729
	Index Scan using sbtest6_pkey on sbtest6  (cost=0.43..412.29 rows=104 width=125)
	  Index Cond: ((id >= 9049629) AND (id <= 9049729))

table 7 : explain SELECT id, c FROM sbtest7 WHERE id BETWEEN 9049629 AND 9049729
	Index Scan using sbtest7_pkey on sbtest7  (cost=0.43..419.36 rows=106 width=125)
	  Index Cond: ((id >= 9049629) AND (id <= 9049729))

table 8 : explain SELECT id, c FROM sbtest8 WHERE id BETWEEN 9049629 AND 9049729
	Index Scan using sbtest8_pkey on sbtest8  (cost=0.43..402.10 rows=102 width=125)
	  Index Cond: ((id >= 9049629) AND (id <= 9049729))

explain: for range-notcovered :: explain SELECT id, c FROM sbtest%d WHERE id BETWEEN 9049629 AND 9049729
for range-notcovered
table 1 : explain SELECT id, c FROM sbtest1 WHERE id BETWEEN 3723571 AND 3723671
	Index Scan using sbtest1_pkey on sbtest1  (cost=0.43..360.62 rows=91 width=125)
	  Index Cond: ((id >= 3723571) AND (id <= 3723671))

table 2 : explain SELECT id, c FROM sbtest2 WHERE id BETWEEN 3723571 AND 3723671
	Index Scan using sbtest2_pkey on sbtest2  (cost=0.43..410.85 rows=103 width=125)
	  Index Cond: ((id >= 3723571) AND (id <= 3723671))

table 3 : explain SELECT id, c FROM sbtest3 WHERE id BETWEEN 3723571 AND 3723671
	Index Scan using sbtest3_pkey on sbtest3  (cost=0.43..451.77 rows=114 width=125)
	  Index Cond: ((id >= 3723571) AND (id <= 3723671))

table 4 : explain SELECT id, c FROM sbtest4 WHERE id BETWEEN 3723571 AND 3723671
	Index Scan using sbtest4_pkey on sbtest4  (cost=0.43..412.40 rows=104 width=125)
	  Index Cond: ((id >= 3723571) AND (id <= 3723671))

table 5 : explain SELECT id, c FROM sbtest5 WHERE id BETWEEN 3723571 AND 3723671
	Index Scan using sbtest5_pkey on sbtest5  (cost=0.43..396.71 rows=100 width=125)
	  Index Cond: ((id >= 3723571) AND (id <= 3723671))

table 6 : explain SELECT id, c FROM sbtest6 WHERE id BETWEEN 3723571 AND 3723671
	Index Scan using sbtest6_pkey on sbtest6  (cost=0.43..424.05 rows=107 width=125)
	  Index Cond: ((id >= 3723571) AND (id <= 3723671))

table 7 : explain SELECT id, c FROM sbtest7 WHERE id BETWEEN 3723571 AND 3723671
	Index Scan using sbtest7_pkey on sbtest7  (cost=0.43..407.62 rows=103 width=125)
	  Index Cond: ((id >= 3723571) AND (id <= 3723671))

table 8 : explain SELECT id, c FROM sbtest8 WHERE id BETWEEN 3723571 AND 3723671
	Index Scan using sbtest8_pkey on sbtest8  (cost=0.43..394.31 rows=100 width=125)
	  Index Cond: ((id >= 3723571) AND (id <= 3723671))

explain: for range-notcovered :: explain SELECT id, c FROM sbtest%d WHERE id BETWEEN 3723571 AND 3723671
for range-notcovered
table 1 : explain SELECT id, c FROM sbtest1 WHERE id BETWEEN 4649232 AND 4649332
	Index Scan using sbtest1_pkey on sbtest1  (cost=0.43..352.79 rows=89 width=125)
	  Index Cond: ((id >= 4649232) AND (id <= 4649332))

table 2 : explain SELECT id, c FROM sbtest2 WHERE id BETWEEN 4649232 AND 4649332
	Index Scan using sbtest2_pkey on sbtest2  (cost=0.43..395.07 rows=99 width=125)
	  Index Cond: ((id >= 4649232) AND (id <= 4649332))

table 3 : explain SELECT id, c FROM sbtest3 WHERE id BETWEEN 4649232 AND 4649332
	Index Scan using sbtest3_pkey on sbtest3  (cost=0.43..408.62 rows=103 width=125)
	  Index Cond: ((id >= 4649232) AND (id <= 4649332))

table 4 : explain SELECT id, c FROM sbtest4 WHERE id BETWEEN 4649232 AND 4649332
	Index Scan using sbtest4_pkey on sbtest4  (cost=0.43..412.40 rows=104 width=125)
	  Index Cond: ((id >= 4649232) AND (id <= 4649332))

table 5 : explain SELECT id, c FROM sbtest5 WHERE id BETWEEN 4649232 AND 4649332
	Index Scan using sbtest5_pkey on sbtest5  (cost=0.43..439.84 rows=111 width=125)
	  Index Cond: ((id >= 4649232) AND (id <= 4649332))

table 6 : explain SELECT id, c FROM sbtest6 WHERE id BETWEEN 4649232 AND 4649332
	Index Scan using sbtest6_pkey on sbtest6  (cost=0.43..427.97 rows=108 width=125)
	  Index Cond: ((id >= 4649232) AND (id <= 4649332))

table 7 : explain SELECT id, c FROM sbtest7 WHERE id BETWEEN 4649232 AND 4649332
	Index Scan using sbtest7_pkey on sbtest7  (cost=0.43..407.62 rows=103 width=125)
	  Index Cond: ((id >= 4649232) AND (id <= 4649332))

table 8 : explain SELECT id, c FROM sbtest8 WHERE id BETWEEN 4649232 AND 4649332
	Index Scan using sbtest8_pkey on sbtest8  (cost=0.43..386.51 rows=98 width=125)
	  Index Cond: ((id >= 4649232) AND (id <= 4649332))

for range-notcovered
table 1 : explain SELECT id, c FROM sbtest1 WHERE id BETWEEN 4515141 AND 4515241
	Index Scan using sbtest1_pkey on sbtest1  (cost=0.43..376.30 rows=95 width=125)
	  Index Cond: ((id >= 4515141) AND (id <= 4515241))

table 2 : explain SELECT id, c FROM sbtest2 WHERE id BETWEEN 4515141 AND 4515241
	Index Scan using sbtest2_pkey on sbtest2  (cost=0.43..410.85 rows=103 width=125)
	  Index Cond: ((id >= 4515141) AND (id <= 4515241))

table 3 : explain SELECT id, c FROM sbtest3 WHERE id BETWEEN 4515141 AND 4515241
	Index Scan using sbtest3_pkey on sbtest3  (cost=0.43..389.01 rows=98 width=125)
	  Index Cond: ((id >= 4515141) AND (id <= 4515241))

table 4 : explain SELECT id, c FROM sbtest4 WHERE id BETWEEN 4515141 AND 4515241
	Index Scan using sbtest4_pkey on sbtest4  (cost=0.43..408.48 rows=103 width=125)
	  Index Cond: ((id >= 4515141) AND (id <= 4515241))

table 5 : explain SELECT id, c FROM sbtest5 WHERE id BETWEEN 4515141 AND 4515241
	Index Scan using sbtest5_pkey on sbtest5  (cost=0.43..381.00 rows=96 width=125)
	  Index Cond: ((id >= 4515141) AND (id <= 4515241))

table 6 : explain SELECT id, c FROM sbtest6 WHERE id BETWEEN 4515141 AND 4515241
	Index Scan using sbtest6_pkey on sbtest6  (cost=0.43..388.77 rows=98 width=125)
	  Index Cond: ((id >= 4515141) AND (id <= 4515241))

table 7 : explain SELECT id, c FROM sbtest7 WHERE id BETWEEN 4515141 AND 4515241
	Index Scan using sbtest7_pkey on sbtest7  (cost=0.43..391.97 rows=99 width=125)
	  Index Cond: ((id >= 4515141) AND (id <= 4515241))

table 8 : explain SELECT id, c FROM sbtest8 WHERE id BETWEEN 4515141 AND 4515241
	Index Scan using sbtest8_pkey on sbtest8  (cost=0.43..398.20 rows=101 width=125)
	  Index Cond: ((id >= 4515141) AND (id <= 4515241))

explain: for range-notcovered :: explain SELECT id, c FROM sbtest%d WHERE id BETWEEN 4649232 AND 4649332
explain: for range-notcovered :: explain SELECT id, c FROM sbtest%d WHERE id BETWEEN 4515141 AND 4515241
for range-notcovered
table 1 : explain SELECT id, c FROM sbtest1 WHERE id BETWEEN 9049629 AND 9049729
	Index Scan using sbtest1_pkey on sbtest1  (cost=0.43..356.71 rows=90 width=125)
	  Index Cond: ((id >= 9049629) AND (id <= 9049729))

table 2 : explain SELECT id, c FROM sbtest2 WHERE id BETWEEN 9049629 AND 9049729
	Index Scan using sbtest2_pkey on sbtest2  (cost=0.43..430.57 rows=108 width=125)
	  Index Cond: ((id >= 9049629) AND (id <= 9049729))

table 3 : explain SELECT id, c FROM sbtest3 WHERE id BETWEEN 9049629 AND 9049729
	Index Scan using sbtest3_pkey on sbtest3  (cost=0.43..408.62 rows=103 width=125)
	  Index Cond: ((id >= 9049629) AND (id <= 9049729))

table 4 : explain SELECT id, c FROM sbtest4 WHERE id BETWEEN 9049629 AND 9049729
	Index Scan using sbtest4_pkey on sbtest4  (cost=0.43..361.43 rows=91 width=125)
	  Index Cond: ((id >= 9049629) AND (id <= 9049729))

table 5 : explain SELECT id, c FROM sbtest5 WHERE id BETWEEN 9049629 AND 9049729
	Index Scan using sbtest5_pkey on sbtest5  (cost=0.43..432.00 rows=109 width=125)
	  Index Cond: ((id >= 9049629) AND (id <= 9049729))

table 6 : explain SELECT id, c FROM sbtest6 WHERE id BETWEEN 9049629 AND 9049729
	Index Scan using sbtest6_pkey on sbtest6  (cost=0.43..412.29 rows=104 width=125)
	  Index Cond: ((id >= 9049629) AND (id <= 9049729))

table 7 : explain SELECT id, c FROM sbtest7 WHERE id BETWEEN 9049629 AND 9049729
	Index Scan using sbtest7_pkey on sbtest7  (cost=0.43..419.36 rows=106 width=125)
	  Index Cond: ((id >= 9049629) AND (id <= 9049729))

table 8 : explain SELECT id, c FROM sbtest8 WHERE id BETWEEN 9049629 AND 9049729
	Index Scan using sbtest8_pkey on sbtest8  (cost=0.43..402.10 rows=102 width=125)
	  Index Cond: ((id >= 9049629) AND (id <= 9049729))

explain: for range-notcovered :: explain SELECT id, c FROM sbtest%d WHERE id BETWEEN 9049629 AND 9049729
for range-notcovered
table 1 : explain SELECT id, c FROM sbtest1 WHERE id BETWEEN 3723571 AND 3723671
	Index Scan using sbtest1_pkey on sbtest1  (cost=0.43..360.62 rows=91 width=125)
	  Index Cond: ((id >= 3723571) AND (id <= 3723671))

table 2 : explain SELECT id, c FROM sbtest2 WHERE id BETWEEN 3723571 AND 3723671
	Index Scan using sbtest2_pkey on sbtest2  (cost=0.43..410.85 rows=103 width=125)
	  Index Cond: ((id >= 3723571) AND (id <= 3723671))

table 3 : explain SELECT id, c FROM sbtest3 WHERE id BETWEEN 3723571 AND 3723671
	Index Scan using sbtest3_pkey on sbtest3  (cost=0.43..451.77 rows=114 width=125)
	  Index Cond: ((id >= 3723571) AND (id <= 3723671))

table 4 : explain SELECT id, c FROM sbtest4 WHERE id BETWEEN 3723571 AND 3723671
	Index Scan using sbtest4_pkey on sbtest4  (cost=0.43..412.40 rows=104 width=125)
	  Index Cond: ((id >= 3723571) AND (id <= 3723671))

table 5 : explain SELECT id, c FROM sbtest5 WHERE id BETWEEN 3723571 AND 3723671
	Index Scan using sbtest5_pkey on sbtest5  (cost=0.43..396.71 rows=100 width=125)
	  Index Cond: ((id >= 3723571) AND (id <= 3723671))

table 6 : explain SELECT id, c FROM sbtest6 WHERE id BETWEEN 3723571 AND 3723671
	Index Scan using sbtest6_pkey on sbtest6  (cost=0.43..424.05 rows=107 width=125)
	  Index Cond: ((id >= 3723571) AND (id <= 3723671))

table 7 : explain SELECT id, c FROM sbtest7 WHERE id BETWEEN 3723571 AND 3723671
	Index Scan using sbtest7_pkey on sbtest7  (cost=0.43..407.62 rows=103 width=125)
	  Index Cond: ((id >= 3723571) AND (id <= 3723671))

table 8 : explain SELECT id, c FROM sbtest8 WHERE id BETWEEN 3723571 AND 3723671
	Index Scan using sbtest8_pkey on sbtest8  (cost=0.43..394.31 rows=100 width=125)
	  Index Cond: ((id >= 3723571) AND (id <= 3723671))

explain: for range-notcovered :: explain SELECT id, c FROM sbtest%d WHERE id BETWEEN 3723571 AND 3723671
for range-notcovered
table 1 : explain SELECT id, c FROM sbtest1 WHERE id BETWEEN 9216966 AND 9217066
	Index Scan using sbtest1_pkey on sbtest1  (cost=0.43..364.53 rows=92 width=125)
	  Index Cond: ((id >= 9216966) AND (id <= 9217066))

table 2 : explain SELECT id, c FROM sbtest2 WHERE id BETWEEN 9216966 AND 9217066
	Index Scan using sbtest2_pkey on sbtest2  (cost=0.43..387.18 rows=97 width=125)
	  Index Cond: ((id >= 9216966) AND (id <= 9217066))

table 3 : explain SELECT id, c FROM sbtest3 WHERE id BETWEEN 9216966 AND 9217066
	Index Scan using sbtest3_pkey on sbtest3  (cost=0.43..412.55 rows=104 width=125)
	  Index Cond: ((id >= 9216966) AND (id <= 9217066))

table 4 : explain SELECT id, c FROM sbtest4 WHERE id BETWEEN 9216966 AND 9217066
	Index Scan using sbtest4_pkey on sbtest4  (cost=0.43..392.80 rows=99 width=125)
	  Index Cond: ((id >= 9216966) AND (id <= 9217066))

table 5 : explain SELECT id, c FROM sbtest5 WHERE id BETWEEN 9216966 AND 9217066
	Index Scan using sbtest5_pkey on sbtest5  (cost=0.43..373.16 rows=94 width=125)
	  Index Cond: ((id >= 9216966) AND (id <= 9217066))

table 6 : explain SELECT id, c FROM sbtest6 WHERE id BETWEEN 9216966 AND 9217066
	Index Scan using sbtest6_pkey on sbtest6  (cost=0.43..408.37 rows=103 width=125)
	  Index Cond: ((id >= 9216966) AND (id <= 9217066))

table 7 : explain SELECT id, c FROM sbtest7 WHERE id BETWEEN 9216966 AND 9217066
	Index Scan using sbtest7_pkey on sbtest7  (cost=0.43..372.41 rows=94 width=125)
	  Index Cond: ((id >= 9216966) AND (id <= 9217066))

table 8 : explain SELECT id, c FROM sbtest8 WHERE id BETWEEN 9216966 AND 9217066
	Index Scan using sbtest8_pkey on sbtest8  (cost=0.43..425.48 rows=108 width=125)
	  Index Cond: ((id >= 9216966) AND (id <= 9217066))

for range-notcovered
table 1 : explain SELECT id, c FROM sbtest1 WHERE id BETWEEN 4515141 AND 4515241
	Index Scan using sbtest1_pkey on sbtest1  (cost=0.43..376.30 rows=95 width=125)
	  Index Cond: ((id >= 4515141) AND (id <= 4515241))

table 2 : explain SELECT id, c FROM sbtest2 WHERE id BETWEEN 4515141 AND 4515241
	Index Scan using sbtest2_pkey on sbtest2  (cost=0.43..410.85 rows=103 width=125)
	  Index Cond: ((id >= 4515141) AND (id <= 4515241))

table 3 : explain SELECT id, c FROM sbtest3 WHERE id BETWEEN 4515141 AND 4515241
	Index Scan using sbtest3_pkey on sbtest3  (cost=0.43..389.01 rows=98 width=125)
	  Index Cond: ((id >= 4515141) AND (id <= 4515241))

table 4 : explain SELECT id, c FROM sbtest4 WHERE id BETWEEN 4515141 AND 4515241
	Index Scan using sbtest4_pkey on sbtest4  (cost=0.43..408.48 rows=103 width=125)
	  Index Cond: ((id >= 4515141) AND (id <= 4515241))

table 5 : explain SELECT id, c FROM sbtest5 WHERE id BETWEEN 4515141 AND 4515241
	Index Scan using sbtest5_pkey on sbtest5  (cost=0.43..381.00 rows=96 width=125)
	  Index Cond: ((id >= 4515141) AND (id <= 4515241))

table 6 : explain SELECT id, c FROM sbtest6 WHERE id BETWEEN 4515141 AND 4515241
	Index Scan using sbtest6_pkey on sbtest6  (cost=0.43..388.77 rows=98 width=125)
	  Index Cond: ((id >= 4515141) AND (id <= 4515241))

table 7 : explain SELECT id, c FROM sbtest7 WHERE id BETWEEN 4515141 AND 4515241
	Index Scan using sbtest7_pkey on sbtest7  (cost=0.43..391.97 rows=99 width=125)
	  Index Cond: ((id >= 4515141) AND (id <= 4515241))

table 8 : explain SELECT id, c FROM sbtest8 WHERE id BETWEEN 4515141 AND 4515241
	Index Scan using sbtest8_pkey on sbtest8  (cost=0.43..398.20 rows=101 width=125)
	  Index Cond: ((id >= 4515141) AND (id <= 4515241))

for range-notcovered
table 1 : explain SELECT id, c FROM sbtest1 WHERE id BETWEEN 4649232 AND 4649332
	Index Scan using sbtest1_pkey on sbtest1  (cost=0.43..352.79 rows=89 width=125)
	  Index Cond: ((id >= 4649232) AND (id <= 4649332))

table 2 : explain SELECT id, c FROM sbtest2 WHERE id BETWEEN 4649232 AND 4649332
	Index Scan using sbtest2_pkey on sbtest2  (cost=0.43..395.07 rows=99 width=125)
	  Index Cond: ((id >= 4649232) AND (id <= 4649332))

table 3 : explain SELECT id, c FROM sbtest3 WHERE id BETWEEN 4649232 AND 4649332
	Index Scan using sbtest3_pkey on sbtest3  (cost=0.43..408.62 rows=103 width=125)
	  Index Cond: ((id >= 4649232) AND (id <= 4649332))

table 4 : explain SELECT id, c FROM sbtest4 WHERE id BETWEEN 4649232 AND 4649332
	Index Scan using sbtest4_pkey on sbtest4  (cost=0.43..412.40 rows=104 width=125)
	  Index Cond: ((id >= 4649232) AND (id <= 4649332))

table 5 : explain SELECT id, c FROM sbtest5 WHERE id BETWEEN 4649232 AND 4649332
	Index Scan using sbtest5_pkey on sbtest5  (cost=0.43..439.84 rows=111 width=125)
	  Index Cond: ((id >= 4649232) AND (id <= 4649332))

table 6 : explain SELECT id, c FROM sbtest6 WHERE id BETWEEN 4649232 AND 4649332
	Index Scan using sbtest6_pkey on sbtest6  (cost=0.43..427.97 rows=108 width=125)
	  Index Cond: ((id >= 4649232) AND (id <= 4649332))

table 7 : explain SELECT id, c FROM sbtest7 WHERE id BETWEEN 4649232 AND 4649332
	Index Scan using sbtest7_pkey on sbtest7  (cost=0.43..407.62 rows=103 width=125)
	  Index Cond: ((id >= 4649232) AND (id <= 4649332))

table 8 : explain SELECT id, c FROM sbtest8 WHERE id BETWEEN 4649232 AND 4649332
	Index Scan using sbtest8_pkey on sbtest8  (cost=0.43..386.51 rows=98 width=125)
	  Index Cond: ((id >= 4649232) AND (id <= 4649332))

explain: for range-notcovered :: explain SELECT id, c FROM sbtest%d WHERE id BETWEEN 4515141 AND 4515241
explain: for range-notcovered :: explain SELECT id, c FROM sbtest%d WHERE id BETWEEN 9216966 AND 9217066
for range-notcovered
table 1 : explain SELECT id, c FROM sbtest1 WHERE id BETWEEN 4912255 AND 4912355
	Index Scan using sbtest1_pkey on sbtest1  (cost=0.43..403.68 rows=102 width=125)
	  Index Cond: ((id >= 4912255) AND (id <= 4912355))

table 2 : explain SELECT id, c FROM sbtest2 WHERE id BETWEEN 4912255 AND 4912355
	Index Scan using sbtest2_pkey on sbtest2  (cost=0.43..399.02 rows=100 width=125)
	  Index Cond: ((id >= 4912255) AND (id <= 4912355))

table 3 : explain SELECT id, c FROM sbtest3 WHERE id BETWEEN 4912255 AND 4912355
	Index Scan using sbtest3_pkey on sbtest3  (cost=0.43..424.31 rows=107 width=125)
	  Index Cond: ((id >= 4912255) AND (id <= 4912355))

table 4 : explain SELECT id, c FROM sbtest4 WHERE id BETWEEN 4912255 AND 4912355
	Index Scan using sbtest4_pkey on sbtest4  (cost=0.43..412.40 rows=104 width=125)
	  Index Cond: ((id >= 4912255) AND (id <= 4912355))

table 5 : explain SELECT id, c FROM sbtest5 WHERE id BETWEEN 4912255 AND 4912355
	Index Scan using sbtest5_pkey on sbtest5  (cost=0.43..404.55 rows=102 width=125)
	  Index Cond: ((id >= 4912255) AND (id <= 4912355))

table 6 : explain SELECT id, c FROM sbtest6 WHERE id BETWEEN 4912255 AND 4912355
	Index Scan using sbtest6_pkey on sbtest6  (cost=0.43..388.77 rows=98 width=125)
	  Index Cond: ((id >= 4912255) AND (id <= 4912355))

table 7 : explain SELECT id, c FROM sbtest7 WHERE id BETWEEN 4912255 AND 4912355
	Index Scan using sbtest7_pkey on sbtest7  (cost=0.43..399.80 rows=101 width=125)
	  Index Cond: ((id >= 4912255) AND (id <= 4912355))

table 8 : explain SELECT id, c FROM sbtest8 WHERE id BETWEEN 4912255 AND 4912355
	Index Scan using sbtest8_pkey on sbtest8  (cost=0.43..378.72 rows=96 width=125)
	  Index Cond: ((id >= 4912255) AND (id <= 4912355))

explain: for range-notcovered :: explain SELECT id, c FROM sbtest%d WHERE id BETWEEN 4912255 AND 4912355
for range-notcovered
table 1 : explain SELECT id, c FROM sbtest1 WHERE id BETWEEN 9049629 AND 9049729
	Index Scan using sbtest1_pkey on sbtest1  (cost=0.43..356.71 rows=90 width=125)
	  Index Cond: ((id >= 9049629) AND (id <= 9049729))

table 2 : explain SELECT id, c FROM sbtest2 WHERE id BETWEEN 9049629 AND 9049729
	Index Scan using sbtest2_pkey on sbtest2  (cost=0.43..430.57 rows=108 width=125)
	  Index Cond: ((id >= 9049629) AND (id <= 9049729))

table 3 : explain SELECT id, c FROM sbtest3 WHERE id BETWEEN 9049629 AND 9049729
	Index Scan using sbtest3_pkey on sbtest3  (cost=0.43..408.62 rows=103 width=125)
	  Index Cond: ((id >= 9049629) AND (id <= 9049729))

table 4 : explain SELECT id, c FROM sbtest4 WHERE id BETWEEN 9049629 AND 9049729
	Index Scan using sbtest4_pkey on sbtest4  (cost=0.43..361.43 rows=91 width=125)
	  Index Cond: ((id >= 9049629) AND (id <= 9049729))

table 5 : explain SELECT id, c FROM sbtest5 WHERE id BETWEEN 9049629 AND 9049729
	Index Scan using sbtest5_pkey on sbtest5  (cost=0.43..432.00 rows=109 width=125)
	  Index Cond: ((id >= 9049629) AND (id <= 9049729))

table 6 : explain SELECT id, c FROM sbtest6 WHERE id BETWEEN 9049629 AND 9049729
	Index Scan using sbtest6_pkey on sbtest6  (cost=0.43..412.29 rows=104 width=125)
	  Index Cond: ((id >= 9049629) AND (id <= 9049729))

table 7 : explain SELECT id, c FROM sbtest7 WHERE id BETWEEN 9049629 AND 9049729
	Index Scan using sbtest7_pkey on sbtest7  (cost=0.43..419.36 rows=106 width=125)
	  Index Cond: ((id >= 9049629) AND (id <= 9049729))

table 8 : explain SELECT id, c FROM sbtest8 WHERE id BETWEEN 9049629 AND 9049729
	Index Scan using sbtest8_pkey on sbtest8  (cost=0.43..402.10 rows=102 width=125)
	  Index Cond: ((id >= 9049629) AND (id <= 9049729))

explain: for range-notcovered :: explain SELECT id, c FROM sbtest%d WHERE id BETWEEN 9049629 AND 9049729
for range-notcovered
table 1 : explain SELECT id, c FROM sbtest1 WHERE id BETWEEN 3723571 AND 3723671
	Index Scan using sbtest1_pkey on sbtest1  (cost=0.43..360.62 rows=91 width=125)
	  Index Cond: ((id >= 3723571) AND (id <= 3723671))

table 2 : explain SELECT id, c FROM sbtest2 WHERE id BETWEEN 3723571 AND 3723671
	Index Scan using sbtest2_pkey on sbtest2  (cost=0.43..410.85 rows=103 width=125)
	  Index Cond: ((id >= 3723571) AND (id <= 3723671))

table 3 : explain SELECT id, c FROM sbtest3 WHERE id BETWEEN 3723571 AND 3723671
	Index Scan using sbtest3_pkey on sbtest3  (cost=0.43..451.77 rows=114 width=125)
	  Index Cond: ((id >= 3723571) AND (id <= 3723671))

table 4 : explain SELECT id, c FROM sbtest4 WHERE id BETWEEN 3723571 AND 3723671
	Index Scan using sbtest4_pkey on sbtest4  (cost=0.43..412.40 rows=104 width=125)
	  Index Cond: ((id >= 3723571) AND (id <= 3723671))

table 5 : explain SELECT id, c FROM sbtest5 WHERE id BETWEEN 3723571 AND 3723671
	Index Scan using sbtest5_pkey on sbtest5  (cost=0.43..396.71 rows=100 width=125)
	  Index Cond: ((id >= 3723571) AND (id <= 3723671))

table 6 : explain SELECT id, c FROM sbtest6 WHERE id BETWEEN 3723571 AND 3723671
	Index Scan using sbtest6_pkey on sbtest6  (cost=0.43..424.05 rows=107 width=125)
	  Index Cond: ((id >= 3723571) AND (id <= 3723671))

table 7 : explain SELECT id, c FROM sbtest7 WHERE id BETWEEN 3723571 AND 3723671
	Index Scan using sbtest7_pkey on sbtest7  (cost=0.43..407.62 rows=103 width=125)
	  Index Cond: ((id >= 3723571) AND (id <= 3723671))

table 8 : explain SELECT id, c FROM sbtest8 WHERE id BETWEEN 3723571 AND 3723671
	Index Scan using sbtest8_pkey on sbtest8  (cost=0.43..394.31 rows=100 width=125)
	  Index Cond: ((id >= 3723571) AND (id <= 3723671))

explain: for range-notcovered :: explain SELECT id, c FROM sbtest%d WHERE id BETWEEN 3723571 AND 3723671
for range-notcovered
table 1 : explain SELECT id, c FROM sbtest1 WHERE id BETWEEN 4515141 AND 4515241
	Index Scan using sbtest1_pkey on sbtest1  (cost=0.43..376.30 rows=95 width=125)
	  Index Cond: ((id >= 4515141) AND (id <= 4515241))

table 2 : explain SELECT id, c FROM sbtest2 WHERE id BETWEEN 4515141 AND 4515241
	Index Scan using sbtest2_pkey on sbtest2  (cost=0.43..410.85 rows=103 width=125)
	  Index Cond: ((id >= 4515141) AND (id <= 4515241))

table 3 : explain SELECT id, c FROM sbtest3 WHERE id BETWEEN 4515141 AND 4515241
	Index Scan using sbtest3_pkey on sbtest3  (cost=0.43..389.01 rows=98 width=125)
	  Index Cond: ((id >= 4515141) AND (id <= 4515241))

table 4 : explain SELECT id, c FROM sbtest4 WHERE id BETWEEN 4515141 AND 4515241
	Index Scan using sbtest4_pkey on sbtest4  (cost=0.43..408.48 rows=103 width=125)
	  Index Cond: ((id >= 4515141) AND (id <= 4515241))

table 5 : explain SELECT id, c FROM sbtest5 WHERE id BETWEEN 4515141 AND 4515241
	Index Scan using sbtest5_pkey on sbtest5  (cost=0.43..381.00 rows=96 width=125)
	  Index Cond: ((id >= 4515141) AND (id <= 4515241))

table 6 : explain SELECT id, c FROM sbtest6 WHERE id BETWEEN 4515141 AND 4515241
	Index Scan using sbtest6_pkey on sbtest6  (cost=0.43..388.77 rows=98 width=125)
	  Index Cond: ((id >= 4515141) AND (id <= 4515241))

table 7 : explain SELECT id, c FROM sbtest7 WHERE id BETWEEN 4515141 AND 4515241
	Index Scan using sbtest7_pkey on sbtest7  (cost=0.43..391.97 rows=99 width=125)
	  Index Cond: ((id >= 4515141) AND (id <= 4515241))

table 8 : explain SELECT id, c FROM sbtest8 WHERE id BETWEEN 4515141 AND 4515241
	Index Scan using sbtest8_pkey on sbtest8  (cost=0.43..398.20 rows=101 width=125)
	  Index Cond: ((id >= 4515141) AND (id <= 4515241))

for range-notcovered
table 1 : explain SELECT id, c FROM sbtest1 WHERE id BETWEEN 9216966 AND 9217066
	Index Scan using sbtest1_pkey on sbtest1  (cost=0.43..364.53 rows=92 width=125)
	  Index Cond: ((id >= 9216966) AND (id <= 9217066))

table 2 : explain SELECT id, c FROM sbtest2 WHERE id BETWEEN 9216966 AND 9217066
	Index Scan using sbtest2_pkey on sbtest2  (cost=0.43..387.18 rows=97 width=125)
	  Index Cond: ((id >= 9216966) AND (id <= 9217066))

table 3 : explain SELECT id, c FROM sbtest3 WHERE id BETWEEN 9216966 AND 9217066
	Index Scan using sbtest3_pkey on sbtest3  (cost=0.43..412.55 rows=104 width=125)
	  Index Cond: ((id >= 9216966) AND (id <= 9217066))

table 4 : explain SELECT id, c FROM sbtest4 WHERE id BETWEEN 9216966 AND 9217066
	Index Scan using sbtest4_pkey on sbtest4  (cost=0.43..392.80 rows=99 width=125)
	  Index Cond: ((id >= 9216966) AND (id <= 9217066))

table 5 : explain SELECT id, c FROM sbtest5 WHERE id BETWEEN 9216966 AND 9217066
	Index Scan using sbtest5_pkey on sbtest5  (cost=0.43..373.16 rows=94 width=125)
	  Index Cond: ((id >= 9216966) AND (id <= 9217066))

table 6 : explain SELECT id, c FROM sbtest6 WHERE id BETWEEN 9216966 AND 9217066
	Index Scan using sbtest6_pkey on sbtest6  (cost=0.43..408.37 rows=103 width=125)
	  Index Cond: ((id >= 9216966) AND (id <= 9217066))

table 7 : explain SELECT id, c FROM sbtest7 WHERE id BETWEEN 9216966 AND 9217066
	Index Scan using sbtest7_pkey on sbtest7  (cost=0.43..372.41 rows=94 width=125)
	  Index Cond: ((id >= 9216966) AND (id <= 9217066))

table 8 : explain SELECT id, c FROM sbtest8 WHERE id BETWEEN 9216966 AND 9217066
	Index Scan using sbtest8_pkey on sbtest8  (cost=0.43..425.48 rows=108 width=125)
	  Index Cond: ((id >= 9216966) AND (id <= 9217066))

explain: for range-notcovered :: explain SELECT id, c FROM sbtest%d WHERE id BETWEEN 9216966 AND 9217066
for range-notcovered
table 1 : explain SELECT id, c FROM sbtest1 WHERE id BETWEEN 4912255 AND 4912355
	Index Scan using sbtest1_pkey on sbtest1  (cost=0.43..403.68 rows=102 width=125)
	  Index Cond: ((id >= 4912255) AND (id <= 4912355))

table 2 : explain SELECT id, c FROM sbtest2 WHERE id BETWEEN 4912255 AND 4912355
	Index Scan using sbtest2_pkey on sbtest2  (cost=0.43..399.02 rows=100 width=125)
	  Index Cond: ((id >= 4912255) AND (id <= 4912355))

table 3 : explain SELECT id, c FROM sbtest3 WHERE id BETWEEN 4912255 AND 4912355
	Index Scan using sbtest3_pkey on sbtest3  (cost=0.43..424.31 rows=107 width=125)
	  Index Cond: ((id >= 4912255) AND (id <= 4912355))

table 4 : explain SELECT id, c FROM sbtest4 WHERE id BETWEEN 4912255 AND 4912355
	Index Scan using sbtest4_pkey on sbtest4  (cost=0.43..412.40 rows=104 width=125)
	  Index Cond: ((id >= 4912255) AND (id <= 4912355))

table 5 : explain SELECT id, c FROM sbtest5 WHERE id BETWEEN 4912255 AND 4912355
	Index Scan using sbtest5_pkey on sbtest5  (cost=0.43..404.55 rows=102 width=125)
	  Index Cond: ((id >= 4912255) AND (id <= 4912355))

table 6 : explain SELECT id, c FROM sbtest6 WHERE id BETWEEN 4912255 AND 4912355
	Index Scan using sbtest6_pkey on sbtest6  (cost=0.43..388.77 rows=98 width=125)
	  Index Cond: ((id >= 4912255) AND (id <= 4912355))

table 7 : explain SELECT id, c FROM sbtest7 WHERE id BETWEEN 4912255 AND 4912355
	Index Scan using sbtest7_pkey on sbtest7  (cost=0.43..399.80 rows=101 width=125)
	  Index Cond: ((id >= 4912255) AND (id <= 4912355))

table 8 : explain SELECT id, c FROM sbtest8 WHERE id BETWEEN 4912255 AND 4912355
	Index Scan using sbtest8_pkey on sbtest8  (cost=0.43..378.72 rows=96 width=125)
	  Index Cond: ((id >= 4912255) AND (id <= 4912355))

explain: for range-notcovered :: explain SELECT id, c FROM sbtest%d WHERE id BETWEEN 4912255 AND 4912355
for range-notcovered
table 1 : explain SELECT id, c FROM sbtest1 WHERE id BETWEEN 9049629 AND 9049729
	Index Scan using sbtest1_pkey on sbtest1  (cost=0.43..356.71 rows=90 width=125)
	  Index Cond: ((id >= 9049629) AND (id <= 9049729))

table 2 : explain SELECT id, c FROM sbtest2 WHERE id BETWEEN 9049629 AND 9049729
	Index Scan using sbtest2_pkey on sbtest2  (cost=0.43..430.57 rows=108 width=125)
	  Index Cond: ((id >= 9049629) AND (id <= 9049729))

table 3 : explain SELECT id, c FROM sbtest3 WHERE id BETWEEN 9049629 AND 9049729
	Index Scan using sbtest3_pkey on sbtest3  (cost=0.43..408.62 rows=103 width=125)
	  Index Cond: ((id >= 9049629) AND (id <= 9049729))

table 4 : explain SELECT id, c FROM sbtest4 WHERE id BETWEEN 9049629 AND 9049729
	Index Scan using sbtest4_pkey on sbtest4  (cost=0.43..361.43 rows=91 width=125)
	  Index Cond: ((id >= 9049629) AND (id <= 9049729))

table 5 : explain SELECT id, c FROM sbtest5 WHERE id BETWEEN 9049629 AND 9049729
	Index Scan using sbtest5_pkey on sbtest5  (cost=0.43..432.00 rows=109 width=125)
	  Index Cond: ((id >= 9049629) AND (id <= 9049729))

table 6 : explain SELECT id, c FROM sbtest6 WHERE id BETWEEN 9049629 AND 9049729
	Index Scan using sbtest6_pkey on sbtest6  (cost=0.43..412.29 rows=104 width=125)
	  Index Cond: ((id >= 9049629) AND (id <= 9049729))

table 7 : explain SELECT id, c FROM sbtest7 WHERE id BETWEEN 9049629 AND 9049729
	Index Scan using sbtest7_pkey on sbtest7  (cost=0.43..419.36 rows=106 width=125)
	  Index Cond: ((id >= 9049629) AND (id <= 9049729))

table 8 : explain SELECT id, c FROM sbtest8 WHERE id BETWEEN 9049629 AND 9049729
	Index Scan using sbtest8_pkey on sbtest8  (cost=0.43..402.10 rows=102 width=125)
	  Index Cond: ((id >= 9049629) AND (id <= 9049729))

explain: for range-notcovered :: explain SELECT id, c FROM sbtest%d WHERE id BETWEEN 9049629 AND 9049729
for range-notcovered
table 1 : explain SELECT id, c FROM sbtest1 WHERE id BETWEEN 3723571 AND 3723671
	Index Scan using sbtest1_pkey on sbtest1  (cost=0.43..360.62 rows=91 width=125)
	  Index Cond: ((id >= 3723571) AND (id <= 3723671))

table 2 : explain SELECT id, c FROM sbtest2 WHERE id BETWEEN 3723571 AND 3723671
	Index Scan using sbtest2_pkey on sbtest2  (cost=0.43..410.85 rows=103 width=125)
	  Index Cond: ((id >= 3723571) AND (id <= 3723671))

table 3 : explain SELECT id, c FROM sbtest3 WHERE id BETWEEN 3723571 AND 3723671
	Index Scan using sbtest3_pkey on sbtest3  (cost=0.43..451.77 rows=114 width=125)
	  Index Cond: ((id >= 3723571) AND (id <= 3723671))

table 4 : explain SELECT id, c FROM sbtest4 WHERE id BETWEEN 3723571 AND 3723671
	Index Scan using sbtest4_pkey on sbtest4  (cost=0.43..412.40 rows=104 width=125)
	  Index Cond: ((id >= 3723571) AND (id <= 3723671))

table 5 : explain SELECT id, c FROM sbtest5 WHERE id BETWEEN 3723571 AND 3723671
	Index Scan using sbtest5_pkey on sbtest5  (cost=0.43..396.71 rows=100 width=125)
	  Index Cond: ((id >= 3723571) AND (id <= 3723671))

table 6 : explain SELECT id, c FROM sbtest6 WHERE id BETWEEN 3723571 AND 3723671
	Index Scan using sbtest6_pkey on sbtest6  (cost=0.43..424.05 rows=107 width=125)
	  Index Cond: ((id >= 3723571) AND (id <= 3723671))

table 7 : explain SELECT id, c FROM sbtest7 WHERE id BETWEEN 3723571 AND 3723671
	Index Scan using sbtest7_pkey on sbtest7  (cost=0.43..407.62 rows=103 width=125)
	  Index Cond: ((id >= 3723571) AND (id <= 3723671))

table 8 : explain SELECT id, c FROM sbtest8 WHERE id BETWEEN 3723571 AND 3723671
	Index Scan using sbtest8_pkey on sbtest8  (cost=0.43..394.31 rows=100 width=125)
	  Index Cond: ((id >= 3723571) AND (id <= 3723671))

for range-notcovered
table 1 : explain SELECT id, c FROM sbtest1 WHERE id BETWEEN 9216966 AND 9217066
	Index Scan using sbtest1_pkey on sbtest1  (cost=0.43..364.53 rows=92 width=125)
	  Index Cond: ((id >= 9216966) AND (id <= 9217066))

table 2 : explain SELECT id, c FROM sbtest2 WHERE id BETWEEN 9216966 AND 9217066
	Index Scan using sbtest2_pkey on sbtest2  (cost=0.43..387.18 rows=97 width=125)
	  Index Cond: ((id >= 9216966) AND (id <= 9217066))

table 3 : explain SELECT id, c FROM sbtest3 WHERE id BETWEEN 9216966 AND 9217066
	Index Scan using sbtest3_pkey on sbtest3  (cost=0.43..412.55 rows=104 width=125)
	  Index Cond: ((id >= 9216966) AND (id <= 9217066))

table 4 : explain SELECT id, c FROM sbtest4 WHERE id BETWEEN 9216966 AND 9217066
	Index Scan using sbtest4_pkey on sbtest4  (cost=0.43..392.80 rows=99 width=125)
	  Index Cond: ((id >= 9216966) AND (id <= 9217066))

table 5 : explain SELECT id, c FROM sbtest5 WHERE id BETWEEN 9216966 AND 9217066
	Index Scan using sbtest5_pkey on sbtest5  (cost=0.43..373.16 rows=94 width=125)
	  Index Cond: ((id >= 9216966) AND (id <= 9217066))

table 6 : explain SELECT id, c FROM sbtest6 WHERE id BETWEEN 9216966 AND 9217066
	Index Scan using sbtest6_pkey on sbtest6  (cost=0.43..408.37 rows=103 width=125)
	  Index Cond: ((id >= 9216966) AND (id <= 9217066))

table 7 : explain SELECT id, c FROM sbtest7 WHERE id BETWEEN 9216966 AND 9217066
	Index Scan using sbtest7_pkey on sbtest7  (cost=0.43..372.41 rows=94 width=125)
	  Index Cond: ((id >= 9216966) AND (id <= 9217066))

table 8 : explain SELECT id, c FROM sbtest8 WHERE id BETWEEN 9216966 AND 9217066
	Index Scan using sbtest8_pkey on sbtest8  (cost=0.43..425.48 rows=108 width=125)
	  Index Cond: ((id >= 9216966) AND (id <= 9217066))

explain: for range-notcovered :: explain SELECT id, c FROM sbtest%d WHERE id BETWEEN 9216966 AND 9217066
for range-notcovered
table 1 : explain SELECT id, c FROM sbtest1 WHERE id BETWEEN 4912255 AND 4912355
	Index Scan using sbtest1_pkey on sbtest1  (cost=0.43..403.68 rows=102 width=125)
	  Index Cond: ((id >= 4912255) AND (id <= 4912355))

table 2 : explain SELECT id, c FROM sbtest2 WHERE id BETWEEN 4912255 AND 4912355
	Index Scan using sbtest2_pkey on sbtest2  (cost=0.43..399.02 rows=100 width=125)
	  Index Cond: ((id >= 4912255) AND (id <= 4912355))

table 3 : explain SELECT id, c FROM sbtest3 WHERE id BETWEEN 4912255 AND 4912355
	Index Scan using sbtest3_pkey on sbtest3  (cost=0.43..424.31 rows=107 width=125)
	  Index Cond: ((id >= 4912255) AND (id <= 4912355))

table 4 : explain SELECT id, c FROM sbtest4 WHERE id BETWEEN 4912255 AND 4912355
	Index Scan using sbtest4_pkey on sbtest4  (cost=0.43..412.40 rows=104 width=125)
	  Index Cond: ((id >= 4912255) AND (id <= 4912355))

table 5 : explain SELECT id, c FROM sbtest5 WHERE id BETWEEN 4912255 AND 4912355
	Index Scan using sbtest5_pkey on sbtest5  (cost=0.43..404.55 rows=102 width=125)
	  Index Cond: ((id >= 4912255) AND (id <= 4912355))

table 6 : explain SELECT id, c FROM sbtest6 WHERE id BETWEEN 4912255 AND 4912355
	Index Scan using sbtest6_pkey on sbtest6  (cost=0.43..388.77 rows=98 width=125)
	  Index Cond: ((id >= 4912255) AND (id <= 4912355))

table 7 : explain SELECT id, c FROM sbtest7 WHERE id BETWEEN 4912255 AND 4912355
	Index Scan using sbtest7_pkey on sbtest7  (cost=0.43..399.80 rows=101 width=125)
	  Index Cond: ((id >= 4912255) AND (id <= 4912355))

table 8 : explain SELECT id, c FROM sbtest8 WHERE id BETWEEN 4912255 AND 4912355
	Index Scan using sbtest8_pkey on sbtest8  (cost=0.43..378.72 rows=96 width=125)
	  Index Cond: ((id >= 4912255) AND (id <= 4912355))

explain: for range-notcovered :: explain SELECT id, c FROM sbtest%d WHERE id BETWEEN 4912255 AND 4912355
for range-notcovered
table 1 : explain SELECT id, c FROM sbtest1 WHERE id BETWEEN 9049629 AND 9049729
	Index Scan using sbtest1_pkey on sbtest1  (cost=0.43..356.71 rows=90 width=125)
	  Index Cond: ((id >= 9049629) AND (id <= 9049729))

table 2 : explain SELECT id, c FROM sbtest2 WHERE id BETWEEN 9049629 AND 9049729
	Index Scan using sbtest2_pkey on sbtest2  (cost=0.43..430.57 rows=108 width=125)
	  Index Cond: ((id >= 9049629) AND (id <= 9049729))

table 3 : explain SELECT id, c FROM sbtest3 WHERE id BETWEEN 9049629 AND 9049729
	Index Scan using sbtest3_pkey on sbtest3  (cost=0.43..408.62 rows=103 width=125)
	  Index Cond: ((id >= 9049629) AND (id <= 9049729))

table 4 : explain SELECT id, c FROM sbtest4 WHERE id BETWEEN 9049629 AND 9049729
	Index Scan using sbtest4_pkey on sbtest4  (cost=0.43..361.43 rows=91 width=125)
	  Index Cond: ((id >= 9049629) AND (id <= 9049729))

table 5 : explain SELECT id, c FROM sbtest5 WHERE id BETWEEN 9049629 AND 9049729
	Index Scan using sbtest5_pkey on sbtest5  (cost=0.43..432.00 rows=109 width=125)
	  Index Cond: ((id >= 9049629) AND (id <= 9049729))

table 6 : explain SELECT id, c FROM sbtest6 WHERE id BETWEEN 9049629 AND 9049729
	Index Scan using sbtest6_pkey on sbtest6  (cost=0.43..412.29 rows=104 width=125)
	  Index Cond: ((id >= 9049629) AND (id <= 9049729))

table 7 : explain SELECT id, c FROM sbtest7 WHERE id BETWEEN 9049629 AND 9049729
	Index Scan using sbtest7_pkey on sbtest7  (cost=0.43..419.36 rows=106 width=125)
	  Index Cond: ((id >= 9049629) AND (id <= 9049729))

table 8 : explain SELECT id, c FROM sbtest8 WHERE id BETWEEN 9049629 AND 9049729
	Index Scan using sbtest8_pkey on sbtest8  (cost=0.43..402.10 rows=102 width=125)
	  Index Cond: ((id >= 9049629) AND (id <= 9049729))

explain: for range-notcovered :: explain SELECT id, c FROM sbtest%d WHERE id BETWEEN 9049629 AND 9049729
for range-notcovered
table 1 : explain SELECT id, c FROM sbtest1 WHERE id BETWEEN 9216966 AND 9217066
	Index Scan using sbtest1_pkey on sbtest1  (cost=0.43..364.53 rows=92 width=125)
	  Index Cond: ((id >= 9216966) AND (id <= 9217066))

table 2 : explain SELECT id, c FROM sbtest2 WHERE id BETWEEN 9216966 AND 9217066
	Index Scan using sbtest2_pkey on sbtest2  (cost=0.43..387.18 rows=97 width=125)
	  Index Cond: ((id >= 9216966) AND (id <= 9217066))

table 3 : explain SELECT id, c FROM sbtest3 WHERE id BETWEEN 9216966 AND 9217066
	Index Scan using sbtest3_pkey on sbtest3  (cost=0.43..412.55 rows=104 width=125)
	  Index Cond: ((id >= 9216966) AND (id <= 9217066))

table 4 : explain SELECT id, c FROM sbtest4 WHERE id BETWEEN 9216966 AND 9217066
	Index Scan using sbtest4_pkey on sbtest4  (cost=0.43..392.80 rows=99 width=125)
	  Index Cond: ((id >= 9216966) AND (id <= 9217066))

table 5 : explain SELECT id, c FROM sbtest5 WHERE id BETWEEN 9216966 AND 9217066
	Index Scan using sbtest5_pkey on sbtest5  (cost=0.43..373.16 rows=94 width=125)
	  Index Cond: ((id >= 9216966) AND (id <= 9217066))

table 6 : explain SELECT id, c FROM sbtest6 WHERE id BETWEEN 9216966 AND 9217066
	Index Scan using sbtest6_pkey on sbtest6  (cost=0.43..408.37 rows=103 width=125)
	  Index Cond: ((id >= 9216966) AND (id <= 9217066))

table 7 : explain SELECT id, c FROM sbtest7 WHERE id BETWEEN 9216966 AND 9217066
	Index Scan using sbtest7_pkey on sbtest7  (cost=0.43..372.41 rows=94 width=125)
	  Index Cond: ((id >= 9216966) AND (id <= 9217066))

table 8 : explain SELECT id, c FROM sbtest8 WHERE id BETWEEN 9216966 AND 9217066
	Index Scan using sbtest8_pkey on sbtest8  (cost=0.43..425.48 rows=108 width=125)
	  Index Cond: ((id >= 9216966) AND (id <= 9217066))

explain: for range-notcovered :: explain SELECT id, c FROM sbtest%d WHERE id BETWEEN 9216966 AND 9217066
for range-notcovered
table 1 : explain SELECT id, c FROM sbtest1 WHERE id BETWEEN 4912255 AND 4912355
	Index Scan using sbtest1_pkey on sbtest1  (cost=0.43..403.68 rows=102 width=125)
	  Index Cond: ((id >= 4912255) AND (id <= 4912355))

table 2 : explain SELECT id, c FROM sbtest2 WHERE id BETWEEN 4912255 AND 4912355
	Index Scan using sbtest2_pkey on sbtest2  (cost=0.43..399.02 rows=100 width=125)
	  Index Cond: ((id >= 4912255) AND (id <= 4912355))

table 3 : explain SELECT id, c FROM sbtest3 WHERE id BETWEEN 4912255 AND 4912355
	Index Scan using sbtest3_pkey on sbtest3  (cost=0.43..424.31 rows=107 width=125)
	  Index Cond: ((id >= 4912255) AND (id <= 4912355))

table 4 : explain SELECT id, c FROM sbtest4 WHERE id BETWEEN 4912255 AND 4912355
	Index Scan using sbtest4_pkey on sbtest4  (cost=0.43..412.40 rows=104 width=125)
	  Index Cond: ((id >= 4912255) AND (id <= 4912355))

table 5 : explain SELECT id, c FROM sbtest5 WHERE id BETWEEN 4912255 AND 4912355
	Index Scan using sbtest5_pkey on sbtest5  (cost=0.43..404.55 rows=102 width=125)
	  Index Cond: ((id >= 4912255) AND (id <= 4912355))

table 6 : explain SELECT id, c FROM sbtest6 WHERE id BETWEEN 4912255 AND 4912355
	Index Scan using sbtest6_pkey on sbtest6  (cost=0.43..388.77 rows=98 width=125)
	  Index Cond: ((id >= 4912255) AND (id <= 4912355))

table 7 : explain SELECT id, c FROM sbtest7 WHERE id BETWEEN 4912255 AND 4912355
	Index Scan using sbtest7_pkey on sbtest7  (cost=0.43..399.80 rows=101 width=125)
	  Index Cond: ((id >= 4912255) AND (id <= 4912355))

table 8 : explain SELECT id, c FROM sbtest8 WHERE id BETWEEN 4912255 AND 4912355
	Index Scan using sbtest8_pkey on sbtest8  (cost=0.43..378.72 rows=96 width=125)
	  Index Cond: ((id >= 4912255) AND (id <= 4912355))

explain: for range-notcovered :: explain SELECT id, c FROM sbtest%d WHERE id BETWEEN 4912255 AND 4912355
for range-notcovered
table 1 : explain SELECT id, c FROM sbtest1 WHERE id BETWEEN 9049629 AND 9049729
	Index Scan using sbtest1_pkey on sbtest1  (cost=0.43..356.71 rows=90 width=125)
	  Index Cond: ((id >= 9049629) AND (id <= 9049729))

table 2 : explain SELECT id, c FROM sbtest2 WHERE id BETWEEN 9049629 AND 9049729
	Index Scan using sbtest2_pkey on sbtest2  (cost=0.43..430.57 rows=108 width=125)
	  Index Cond: ((id >= 9049629) AND (id <= 9049729))

table 3 : explain SELECT id, c FROM sbtest3 WHERE id BETWEEN 9049629 AND 9049729
	Index Scan using sbtest3_pkey on sbtest3  (cost=0.43..408.62 rows=103 width=125)
	  Index Cond: ((id >= 9049629) AND (id <= 9049729))

table 4 : explain SELECT id, c FROM sbtest4 WHERE id BETWEEN 9049629 AND 9049729
	Index Scan using sbtest4_pkey on sbtest4  (cost=0.43..361.43 rows=91 width=125)
	  Index Cond: ((id >= 9049629) AND (id <= 9049729))

table 5 : explain SELECT id, c FROM sbtest5 WHERE id BETWEEN 9049629 AND 9049729
	Index Scan using sbtest5_pkey on sbtest5  (cost=0.43..432.00 rows=109 width=125)
	  Index Cond: ((id >= 9049629) AND (id <= 9049729))

table 6 : explain SELECT id, c FROM sbtest6 WHERE id BETWEEN 9049629 AND 9049729
	Index Scan using sbtest6_pkey on sbtest6  (cost=0.43..412.29 rows=104 width=125)
	  Index Cond: ((id >= 9049629) AND (id <= 9049729))

table 7 : explain SELECT id, c FROM sbtest7 WHERE id BETWEEN 9049629 AND 9049729
	Index Scan using sbtest7_pkey on sbtest7  (cost=0.43..419.36 rows=106 width=125)
	  Index Cond: ((id >= 9049629) AND (id <= 9049729))

table 8 : explain SELECT id, c FROM sbtest8 WHERE id BETWEEN 9049629 AND 9049729
	Index Scan using sbtest8_pkey on sbtest8  (cost=0.43..402.10 rows=102 width=125)
	  Index Cond: ((id >= 9049629) AND (id <= 9049729))

for range-notcovered
table 1 : explain SELECT id, c FROM sbtest1 WHERE id BETWEEN 9216966 AND 9217066
	Index Scan using sbtest1_pkey on sbtest1  (cost=0.43..364.53 rows=92 width=125)
	  Index Cond: ((id >= 9216966) AND (id <= 9217066))

table 2 : explain SELECT id, c FROM sbtest2 WHERE id BETWEEN 9216966 AND 9217066
	Index Scan using sbtest2_pkey on sbtest2  (cost=0.43..387.18 rows=97 width=125)
	  Index Cond: ((id >= 9216966) AND (id <= 9217066))

table 3 : explain SELECT id, c FROM sbtest3 WHERE id BETWEEN 9216966 AND 9217066
	Index Scan using sbtest3_pkey on sbtest3  (cost=0.43..412.55 rows=104 width=125)
	  Index Cond: ((id >= 9216966) AND (id <= 9217066))

table 4 : explain SELECT id, c FROM sbtest4 WHERE id BETWEEN 9216966 AND 9217066
	Index Scan using sbtest4_pkey on sbtest4  (cost=0.43..392.80 rows=99 width=125)
	  Index Cond: ((id >= 9216966) AND (id <= 9217066))

table 5 : explain SELECT id, c FROM sbtest5 WHERE id BETWEEN 9216966 AND 9217066
	Index Scan using sbtest5_pkey on sbtest5  (cost=0.43..373.16 rows=94 width=125)
	  Index Cond: ((id >= 9216966) AND (id <= 9217066))

table 6 : explain SELECT id, c FROM sbtest6 WHERE id BETWEEN 9216966 AND 9217066
	Index Scan using sbtest6_pkey on sbtest6  (cost=0.43..408.37 rows=103 width=125)
	  Index Cond: ((id >= 9216966) AND (id <= 9217066))

table 7 : explain SELECT id, c FROM sbtest7 WHERE id BETWEEN 9216966 AND 9217066
	Index Scan using sbtest7_pkey on sbtest7  (cost=0.43..372.41 rows=94 width=125)
	  Index Cond: ((id >= 9216966) AND (id <= 9217066))

table 8 : explain SELECT id, c FROM sbtest8 WHERE id BETWEEN 9216966 AND 9217066
	Index Scan using sbtest8_pkey on sbtest8  (cost=0.43..425.48 rows=108 width=125)
	  Index Cond: ((id >= 9216966) AND (id <= 9217066))

explain: for range-notcovered :: explain SELECT id, c FROM sbtest%d WHERE id BETWEEN 9216966 AND 9217066
for range-notcovered
table 1 : explain SELECT id, c FROM sbtest1 WHERE id BETWEEN 4912255 AND 4912355
	Index Scan using sbtest1_pkey on sbtest1  (cost=0.43..403.68 rows=102 width=125)
	  Index Cond: ((id >= 4912255) AND (id <= 4912355))

table 2 : explain SELECT id, c FROM sbtest2 WHERE id BETWEEN 4912255 AND 4912355
	Index Scan using sbtest2_pkey on sbtest2  (cost=0.43..399.02 rows=100 width=125)
	  Index Cond: ((id >= 4912255) AND (id <= 4912355))

table 3 : explain SELECT id, c FROM sbtest3 WHERE id BETWEEN 4912255 AND 4912355
	Index Scan using sbtest3_pkey on sbtest3  (cost=0.43..424.31 rows=107 width=125)
	  Index Cond: ((id >= 4912255) AND (id <= 4912355))

table 4 : explain SELECT id, c FROM sbtest4 WHERE id BETWEEN 4912255 AND 4912355
	Index Scan using sbtest4_pkey on sbtest4  (cost=0.43..412.40 rows=104 width=125)
	  Index Cond: ((id >= 4912255) AND (id <= 4912355))

table 5 : explain SELECT id, c FROM sbtest5 WHERE id BETWEEN 4912255 AND 4912355
	Index Scan using sbtest5_pkey on sbtest5  (cost=0.43..404.55 rows=102 width=125)
	  Index Cond: ((id >= 4912255) AND (id <= 4912355))

table 6 : explain SELECT id, c FROM sbtest6 WHERE id BETWEEN 4912255 AND 4912355
	Index Scan using sbtest6_pkey on sbtest6  (cost=0.43..388.77 rows=98 width=125)
	  Index Cond: ((id >= 4912255) AND (id <= 4912355))

table 7 : explain SELECT id, c FROM sbtest7 WHERE id BETWEEN 4912255 AND 4912355
	Index Scan using sbtest7_pkey on sbtest7  (cost=0.43..399.80 rows=101 width=125)
	  Index Cond: ((id >= 4912255) AND (id <= 4912355))

table 8 : explain SELECT id, c FROM sbtest8 WHERE id BETWEEN 4912255 AND 4912355
	Index Scan using sbtest8_pkey on sbtest8  (cost=0.43..378.72 rows=96 width=125)
	  Index Cond: ((id >= 4912255) AND (id <= 4912355))

explain: for range-notcovered :: explain SELECT id, c FROM sbtest%d WHERE id BETWEEN 4912255 AND 4912355
for range-notcovered
table 1 : explain SELECT id, c FROM sbtest1 WHERE id BETWEEN 9216966 AND 9217066
	Index Scan using sbtest1_pkey on sbtest1  (cost=0.43..364.53 rows=92 width=125)
	  Index Cond: ((id >= 9216966) AND (id <= 9217066))

table 2 : explain SELECT id, c FROM sbtest2 WHERE id BETWEEN 9216966 AND 9217066
	Index Scan using sbtest2_pkey on sbtest2  (cost=0.43..387.18 rows=97 width=125)
	  Index Cond: ((id >= 9216966) AND (id <= 9217066))

table 3 : explain SELECT id, c FROM sbtest3 WHERE id BETWEEN 9216966 AND 9217066
	Index Scan using sbtest3_pkey on sbtest3  (cost=0.43..412.55 rows=104 width=125)
	  Index Cond: ((id >= 9216966) AND (id <= 9217066))

table 4 : explain SELECT id, c FROM sbtest4 WHERE id BETWEEN 9216966 AND 9217066
	Index Scan using sbtest4_pkey on sbtest4  (cost=0.43..392.80 rows=99 width=125)
	  Index Cond: ((id >= 9216966) AND (id <= 9217066))

table 5 : explain SELECT id, c FROM sbtest5 WHERE id BETWEEN 9216966 AND 9217066
	Index Scan using sbtest5_pkey on sbtest5  (cost=0.43..373.16 rows=94 width=125)
	  Index Cond: ((id >= 9216966) AND (id <= 9217066))

table 6 : explain SELECT id, c FROM sbtest6 WHERE id BETWEEN 9216966 AND 9217066
	Index Scan using sbtest6_pkey on sbtest6  (cost=0.43..408.37 rows=103 width=125)
	  Index Cond: ((id >= 9216966) AND (id <= 9217066))

table 7 : explain SELECT id, c FROM sbtest7 WHERE id BETWEEN 9216966 AND 9217066
	Index Scan using sbtest7_pkey on sbtest7  (cost=0.43..372.41 rows=94 width=125)
	  Index Cond: ((id >= 9216966) AND (id <= 9217066))

table 8 : explain SELECT id, c FROM sbtest8 WHERE id BETWEEN 9216966 AND 9217066
	Index Scan using sbtest8_pkey on sbtest8  (cost=0.43..425.48 rows=108 width=125)
	  Index Cond: ((id >= 9216966) AND (id <= 9217066))

explain: for range-notcovered :: explain SELECT id, c FROM sbtest%d WHERE id BETWEEN 9216966 AND 9217066
for range-notcovered
table 1 : explain SELECT id, c FROM sbtest1 WHERE id BETWEEN 4912255 AND 4912355
	Index Scan using sbtest1_pkey on sbtest1  (cost=0.43..403.68 rows=102 width=125)
	  Index Cond: ((id >= 4912255) AND (id <= 4912355))

table 2 : explain SELECT id, c FROM sbtest2 WHERE id BETWEEN 4912255 AND 4912355
	Index Scan using sbtest2_pkey on sbtest2  (cost=0.43..399.02 rows=100 width=125)
	  Index Cond: ((id >= 4912255) AND (id <= 4912355))

table 3 : explain SELECT id, c FROM sbtest3 WHERE id BETWEEN 4912255 AND 4912355
	Index Scan using sbtest3_pkey on sbtest3  (cost=0.43..424.31 rows=107 width=125)
	  Index Cond: ((id >= 4912255) AND (id <= 4912355))

table 4 : explain SELECT id, c FROM sbtest4 WHERE id BETWEEN 4912255 AND 4912355
	Index Scan using sbtest4_pkey on sbtest4  (cost=0.43..412.40 rows=104 width=125)
	  Index Cond: ((id >= 4912255) AND (id <= 4912355))

table 5 : explain SELECT id, c FROM sbtest5 WHERE id BETWEEN 4912255 AND 4912355
	Index Scan using sbtest5_pkey on sbtest5  (cost=0.43..404.55 rows=102 width=125)
	  Index Cond: ((id >= 4912255) AND (id <= 4912355))

table 6 : explain SELECT id, c FROM sbtest6 WHERE id BETWEEN 4912255 AND 4912355
	Index Scan using sbtest6_pkey on sbtest6  (cost=0.43..388.77 rows=98 width=125)
	  Index Cond: ((id >= 4912255) AND (id <= 4912355))

table 7 : explain SELECT id, c FROM sbtest7 WHERE id BETWEEN 4912255 AND 4912355
	Index Scan using sbtest7_pkey on sbtest7  (cost=0.43..399.80 rows=101 width=125)
	  Index Cond: ((id >= 4912255) AND (id <= 4912355))

table 8 : explain SELECT id, c FROM sbtest8 WHERE id BETWEEN 4912255 AND 4912355
	Index Scan using sbtest8_pkey on sbtest8  (cost=0.43..378.72 rows=96 width=125)
	  Index Cond: ((id >= 4912255) AND (id <= 4912355))

explain: for range-notcovered :: explain SELECT id, c FROM sbtest%d WHERE id BETWEEN 4912255 AND 4912355
for range-notcovered
table 1 : explain SELECT id, c FROM sbtest1 WHERE id BETWEEN 9216966 AND 9217066
	Index Scan using sbtest1_pkey on sbtest1  (cost=0.43..364.53 rows=92 width=125)
	  Index Cond: ((id >= 9216966) AND (id <= 9217066))

table 2 : explain SELECT id, c FROM sbtest2 WHERE id BETWEEN 9216966 AND 9217066
	Index Scan using sbtest2_pkey on sbtest2  (cost=0.43..387.18 rows=97 width=125)
	  Index Cond: ((id >= 9216966) AND (id <= 9217066))

table 3 : explain SELECT id, c FROM sbtest3 WHERE id BETWEEN 9216966 AND 9217066
	Index Scan using sbtest3_pkey on sbtest3  (cost=0.43..412.55 rows=104 width=125)
	  Index Cond: ((id >= 9216966) AND (id <= 9217066))

table 4 : explain SELECT id, c FROM sbtest4 WHERE id BETWEEN 9216966 AND 9217066
	Index Scan using sbtest4_pkey on sbtest4  (cost=0.43..392.80 rows=99 width=125)
	  Index Cond: ((id >= 9216966) AND (id <= 9217066))

table 5 : explain SELECT id, c FROM sbtest5 WHERE id BETWEEN 9216966 AND 9217066
	Index Scan using sbtest5_pkey on sbtest5  (cost=0.43..373.16 rows=94 width=125)
	  Index Cond: ((id >= 9216966) AND (id <= 9217066))

table 6 : explain SELECT id, c FROM sbtest6 WHERE id BETWEEN 9216966 AND 9217066
	Index Scan using sbtest6_pkey on sbtest6  (cost=0.43..408.37 rows=103 width=125)
	  Index Cond: ((id >= 9216966) AND (id <= 9217066))

table 7 : explain SELECT id, c FROM sbtest7 WHERE id BETWEEN 9216966 AND 9217066
	Index Scan using sbtest7_pkey on sbtest7  (cost=0.43..372.41 rows=94 width=125)
	  Index Cond: ((id >= 9216966) AND (id <= 9217066))

table 8 : explain SELECT id, c FROM sbtest8 WHERE id BETWEEN 9216966 AND 9217066
	Index Scan using sbtest8_pkey on sbtest8  (cost=0.43..425.48 rows=108 width=125)
	  Index Cond: ((id >= 9216966) AND (id <= 9217066))

explain: for range-notcovered :: explain SELECT id, c FROM sbtest%d WHERE id BETWEEN 9216966 AND 9217066
for range-notcovered
table 1 : explain SELECT id, c FROM sbtest1 WHERE id BETWEEN 4912255 AND 4912355
	Index Scan using sbtest1_pkey on sbtest1  (cost=0.43..403.68 rows=102 width=125)
	  Index Cond: ((id >= 4912255) AND (id <= 4912355))

table 2 : explain SELECT id, c FROM sbtest2 WHERE id BETWEEN 4912255 AND 4912355
	Index Scan using sbtest2_pkey on sbtest2  (cost=0.43..399.02 rows=100 width=125)
	  Index Cond: ((id >= 4912255) AND (id <= 4912355))

table 3 : explain SELECT id, c FROM sbtest3 WHERE id BETWEEN 4912255 AND 4912355
	Index Scan using sbtest3_pkey on sbtest3  (cost=0.43..424.31 rows=107 width=125)
	  Index Cond: ((id >= 4912255) AND (id <= 4912355))

table 4 : explain SELECT id, c FROM sbtest4 WHERE id BETWEEN 4912255 AND 4912355
	Index Scan using sbtest4_pkey on sbtest4  (cost=0.43..412.40 rows=104 width=125)
	  Index Cond: ((id >= 4912255) AND (id <= 4912355))

table 5 : explain SELECT id, c FROM sbtest5 WHERE id BETWEEN 4912255 AND 4912355
	Index Scan using sbtest5_pkey on sbtest5  (cost=0.43..404.55 rows=102 width=125)
	  Index Cond: ((id >= 4912255) AND (id <= 4912355))

table 6 : explain SELECT id, c FROM sbtest6 WHERE id BETWEEN 4912255 AND 4912355
	Index Scan using sbtest6_pkey on sbtest6  (cost=0.43..388.77 rows=98 width=125)
	  Index Cond: ((id >= 4912255) AND (id <= 4912355))

table 7 : explain SELECT id, c FROM sbtest7 WHERE id BETWEEN 4912255 AND 4912355
	Index Scan using sbtest7_pkey on sbtest7  (cost=0.43..399.80 rows=101 width=125)
	  Index Cond: ((id >= 4912255) AND (id <= 4912355))

table 8 : explain SELECT id, c FROM sbtest8 WHERE id BETWEEN 4912255 AND 4912355
	Index Scan using sbtest8_pkey on sbtest8  (cost=0.43..378.72 rows=96 width=125)
	  Index Cond: ((id >= 4912255) AND (id <= 4912355))

explain: for range-notcovered :: explain SELECT id, c FROM sbtest%d WHERE id BETWEEN 4912255 AND 4912355
for range-notcovered
table 1 : explain SELECT id, c FROM sbtest1 WHERE id BETWEEN 9216966 AND 9217066
	Index Scan using sbtest1_pkey on sbtest1  (cost=0.43..364.53 rows=92 width=125)
	  Index Cond: ((id >= 9216966) AND (id <= 9217066))

table 2 : explain SELECT id, c FROM sbtest2 WHERE id BETWEEN 9216966 AND 9217066
	Index Scan using sbtest2_pkey on sbtest2  (cost=0.43..387.18 rows=97 width=125)
	  Index Cond: ((id >= 9216966) AND (id <= 9217066))

table 3 : explain SELECT id, c FROM sbtest3 WHERE id BETWEEN 9216966 AND 9217066
	Index Scan using sbtest3_pkey on sbtest3  (cost=0.43..412.55 rows=104 width=125)
	  Index Cond: ((id >= 9216966) AND (id <= 9217066))

table 4 : explain SELECT id, c FROM sbtest4 WHERE id BETWEEN 9216966 AND 9217066
	Index Scan using sbtest4_pkey on sbtest4  (cost=0.43..392.80 rows=99 width=125)
	  Index Cond: ((id >= 9216966) AND (id <= 9217066))

table 5 : explain SELECT id, c FROM sbtest5 WHERE id BETWEEN 9216966 AND 9217066
	Index Scan using sbtest5_pkey on sbtest5  (cost=0.43..373.16 rows=94 width=125)
	  Index Cond: ((id >= 9216966) AND (id <= 9217066))

table 6 : explain SELECT id, c FROM sbtest6 WHERE id BETWEEN 9216966 AND 9217066
	Index Scan using sbtest6_pkey on sbtest6  (cost=0.43..408.37 rows=103 width=125)
	  Index Cond: ((id >= 9216966) AND (id <= 9217066))

table 7 : explain SELECT id, c FROM sbtest7 WHERE id BETWEEN 9216966 AND 9217066
	Index Scan using sbtest7_pkey on sbtest7  (cost=0.43..372.41 rows=94 width=125)
	  Index Cond: ((id >= 9216966) AND (id <= 9217066))

table 8 : explain SELECT id, c FROM sbtest8 WHERE id BETWEEN 9216966 AND 9217066
	Index Scan using sbtest8_pkey on sbtest8  (cost=0.43..425.48 rows=108 width=125)
	  Index Cond: ((id >= 9216966) AND (id <= 9217066))

for range-notcovered
table 1 : explain SELECT id, c FROM sbtest1 WHERE id BETWEEN 4912255 AND 4912355
	Index Scan using sbtest1_pkey on sbtest1  (cost=0.43..403.68 rows=102 width=125)
	  Index Cond: ((id >= 4912255) AND (id <= 4912355))

table 2 : explain SELECT id, c FROM sbtest2 WHERE id BETWEEN 4912255 AND 4912355
	Index Scan using sbtest2_pkey on sbtest2  (cost=0.43..399.02 rows=100 width=125)
	  Index Cond: ((id >= 4912255) AND (id <= 4912355))

table 3 : explain SELECT id, c FROM sbtest3 WHERE id BETWEEN 4912255 AND 4912355
	Index Scan using sbtest3_pkey on sbtest3  (cost=0.43..424.31 rows=107 width=125)
	  Index Cond: ((id >= 4912255) AND (id <= 4912355))

table 4 : explain SELECT id, c FROM sbtest4 WHERE id BETWEEN 4912255 AND 4912355
	Index Scan using sbtest4_pkey on sbtest4  (cost=0.43..412.40 rows=104 width=125)
	  Index Cond: ((id >= 4912255) AND (id <= 4912355))

table 5 : explain SELECT id, c FROM sbtest5 WHERE id BETWEEN 4912255 AND 4912355
	Index Scan using sbtest5_pkey on sbtest5  (cost=0.43..404.55 rows=102 width=125)
	  Index Cond: ((id >= 4912255) AND (id <= 4912355))

table 6 : explain SELECT id, c FROM sbtest6 WHERE id BETWEEN 4912255 AND 4912355
	Index Scan using sbtest6_pkey on sbtest6  (cost=0.43..388.77 rows=98 width=125)
	  Index Cond: ((id >= 4912255) AND (id <= 4912355))

table 7 : explain SELECT id, c FROM sbtest7 WHERE id BETWEEN 4912255 AND 4912355
	Index Scan using sbtest7_pkey on sbtest7  (cost=0.43..399.80 rows=101 width=125)
	  Index Cond: ((id >= 4912255) AND (id <= 4912355))

table 8 : explain SELECT id, c FROM sbtest8 WHERE id BETWEEN 4912255 AND 4912355
	Index Scan using sbtest8_pkey on sbtest8  (cost=0.43..378.72 rows=96 width=125)
	  Index Cond: ((id >= 4912255) AND (id <= 4912355))

Threads started!

Warming up for 5 seconds...

SQL statistics:
    queries performed:
        read:                            119721081
        write:                           0
        other:                           0
        total:                           119721081
    transactions:                        119721081 (190031.61 per sec.)
    queries:                             119721081 (190031.61 per sec.)
    ignored errors:                      0      (0.00 per sec.)
    reconnects:                          0      (0.00 per sec.)

Throughput:
    events/s (eps):                      190031.6092
    time elapsed:                        630.0062s
    total number of events:              119721081

Latency (ms):
         min:                                    0.07
         avg:                                    0.21
         max:                                   24.14
         95th percentile:                        0.23
         sum:                             25160394.64

Threads fairness:
    events (avg/stddev):           2993023.0750/12541.42
    execution time (avg/stddev):   629.0099/0.02

