LUA_PATH=/home/mdcallag/git/mytools/bench/sysbench.lua/lua/?.lua /home/mdcallag/git/mytools/bench/sysbench.lua/lua/sysbench --db-driver=pgsql --range-size=10 --table-size=10000000 --tables=8 --threads=40 --events=0 --warmup-time=5 --time=930 --pgsql_conn_id=true /home/mdcallag/git/mytools/bench/sysbench.lua/lua/oltp_read_write.lua run --pgsql-user=root --pgsql-password=pw --pgsql-host=127.0.0.1 --pgsql-db=ib --rand-type=uniform
48 CPUs
sysbench 1.1.0-9072687 (using bundled LuaJIT 2.1.0-beta3)

Running the test with following options:
Number of threads: 40
Warmup time: 5s
Initializing random number generator from current time


Initializing worker threads...

explain: for point_selects :: explain SELECT c FROM sbtest%u WHERE id=%u
for point_selects
table 1 : explain SELECT c FROM sbtest1 WHERE id=8036209
	Index Scan using sbtest1_pkey on sbtest1  (cost=0.43..8.45 rows=1 width=121)
	  Index Cond: (id = 8036209)

table 2 : explain SELECT c FROM sbtest2 WHERE id=6040563
	Index Scan using sbtest2_pkey on sbtest2  (cost=0.43..8.45 rows=1 width=121)
	  Index Cond: (id = 6040563)

table 3 : explain SELECT c FROM sbtest3 WHERE id=3723092
	Index Scan using sbtest3_pkey on sbtest3  (cost=0.43..8.45 rows=1 width=121)
	  Index Cond: (id = 3723092)

table 4 : explain SELECT c FROM sbtest4 WHERE id=9746358
	Index Scan using sbtest4_pkey on sbtest4  (cost=0.43..8.45 rows=1 width=121)
	  Index Cond: (id = 9746358)

table 5 : explain SELECT c FROM sbtest5 WHERE id=7698383
	Index Scan using sbtest5_pkey on sbtest5  (cost=0.43..8.45 rows=1 width=121)
	  Index Cond: (id = 7698383)

table 6 : explain SELECT c FROM sbtest6 WHERE id=7132054
	Index Scan using sbtest6_pkey on sbtest6  (cost=0.43..8.45 rows=1 width=121)
	  Index Cond: (id = 7132054)

table 7 : explain SELECT c FROM sbtest7 WHERE id=7178120
	Index Scan using sbtest7_pkey on sbtest7  (cost=0.43..8.45 rows=1 width=121)
	  Index Cond: (id = 7178120)

table 8 : explain SELECT c FROM sbtest8 WHERE id=5878180
	Index Scan using sbtest8_pkey on sbtest8  (cost=0.43..8.45 rows=1 width=121)
	  Index Cond: (id = 5878180)

for: simple_ranges
table 1 : explain SELECT c FROM sbtest1 WHERE id BETWEEN 3270970 AND 3270979
	Index Scan using sbtest1_pkey on sbtest1  (cost=0.43..42.38 rows=11 width=121)
	  Index Cond: ((id >= 3270970) AND (id <= 3270979))

table 2 : explain SELECT c FROM sbtest2 WHERE id BETWEEN 6864179 AND 6864188
	Index Scan using sbtest2_pkey on sbtest2  (cost=0.43..39.09 rows=10 width=121)
	  Index Cond: ((id >= 6864179) AND (id <= 6864188))

table 3 : explain SELECT c FROM sbtest3 WHERE id BETWEEN 406907 AND 406916
	Index Scan using sbtest3_pkey on sbtest3  (cost=0.43..42.72 rows=11 width=121)
	  Index Cond: ((id >= 406907) AND (id <= 406916))

table 4 : explain SELECT c FROM sbtest4 WHERE id BETWEEN 4926150 AND 4926159
	Index Scan using sbtest4_pkey on sbtest4  (cost=0.43..42.72 rows=11 width=121)
	  Index Cond: ((id >= 4926150) AND (id <= 4926159))

table 5 : explain SELECT c FROM sbtest5 WHERE id BETWEEN 3175412 AND 3175421
	Index Scan using sbtest5_pkey on sbtest5  (cost=0.43..42.62 rows=11 width=121)
	  Index Cond: ((id >= 3175412) AND (id <= 3175421))

table 6 : explain SELECT c FROM sbtest6 WHERE id BETWEEN 5644577 AND 5644586
	Index Scan using sbtest6_pkey on sbtest6  (cost=0.43..39.00 rows=10 width=121)
	  Index Cond: ((id >= 5644577) AND (id <= 5644586))

table 7 : explain SELECT c FROM sbtest7 WHERE id BETWEEN 9218526 AND 9218535
	Index Scan using sbtest7_pkey on sbtest7  (cost=0.43..42.64 rows=11 width=121)
	  Index Cond: ((id >= 9218526) AND (id <= 9218535))

table 8 : explain SELECT c FROM sbtest8 WHERE id BETWEEN 7852239 AND 7852248
	Index Scan using sbtest8_pkey on sbtest8  (cost=0.43..35.78 rows=9 width=121)
	  Index Cond: ((id >= 7852239) AND (id <= 7852248))

explain: for point_selects :: explain SELECT c FROM sbtest%u WHERE id=%u
explain: for point_selects :: explain SELECT c FROM sbtest%u WHERE id=%u
explain: for point_selects :: explain SELECT c FROM sbtest%u WHERE id=%u
explain: for point_selects :: explain SELECT c FROM sbtest%u WHERE id=%u
explain: for point_selects :: explain SELECT c FROM sbtest%u WHERE id=%u
for point_selects
table 1 : explain SELECT c FROM sbtest1 WHERE id=3081573
	Index Scan using sbtest1_pkey on sbtest1  (cost=0.43..8.45 rows=1 width=121)
	  Index Cond: (id = 3081573)

table 2 : explain SELECT c FROM sbtest2 WHERE id=7395242
	Index Scan using sbtest2_pkey on sbtest2  (cost=0.43..8.45 rows=1 width=121)
	  Index Cond: (id = 7395242)

table 3 : explain SELECT c FROM sbtest3 WHERE id=8179923
	Index Scan using sbtest3_pkey on sbtest3  (cost=0.43..8.45 rows=1 width=121)
	  Index Cond: (id = 8179923)

table 4 : explain SELECT c FROM sbtest4 WHERE id=1086148
	Index Scan using sbtest4_pkey on sbtest4  (cost=0.43..8.45 rows=1 width=121)
	  Index Cond: (id = 1086148)

table 5 : explain SELECT c FROM sbtest5 WHERE id=9401537
	Index Scan using sbtest5_pkey on sbtest5  (cost=0.43..8.45 rows=1 width=121)
	  Index Cond: (id = 9401537)

table 6 : explain SELECT c FROM sbtest6 WHERE id=5765991
	Index Scan using sbtest6_pkey on sbtest6  (cost=0.43..8.45 rows=1 width=121)
	  Index Cond: (id = 5765991)

table 7 : explain SELECT c FROM sbtest7 WHERE id=2046745
	Index Scan using sbtest7_pkey on sbtest7  (cost=0.43..8.45 rows=1 width=121)
	  Index Cond: (id = 2046745)

table 8 : explain SELECT c FROM sbtest8 WHERE id=6556657
	Index Scan using sbtest8_pkey on sbtest8  (cost=0.43..8.45 rows=1 width=121)
	  Index Cond: (id = 6556657)

for point_selects
table 1 : explain SELECT c FROM sbtest1 WHERE id=9944743
	Index Scan using sbtest1_pkey on sbtest1  (cost=0.43..8.45 rows=1 width=121)
	  Index Cond: (id = 9944743)

table 2 : explain SELECT c FROM sbtest2 WHERE id=4133045
	Index Scan using sbtest2_pkey on sbtest2  (cost=0.43..8.45 rows=1 width=121)
	  Index Cond: (id = 4133045)

table 3 : explain SELECT c FROM sbtest3 WHERE id=2888363
	Index Scan using sbtest3_pkey on sbtest3  (cost=0.43..8.45 rows=1 width=121)
	  Index Cond: (id = 2888363)

table 4 : explain SELECT c FROM sbtest4 WHERE id=721103
	Index Scan using sbtest4_pkey on sbtest4  (cost=0.43..8.45 rows=1 width=121)
	  Index Cond: (id = 721103)

table 5 : explain SELECT c FROM sbtest5 WHERE id=2821337
	Index Scan using sbtest5_pkey on sbtest5  (cost=0.43..8.45 rows=1 width=121)
	  Index Cond: (id = 2821337)

table 6 : explain SELECT c FROM sbtest6 WHERE id=1461008
	Index Scan using sbtest6_pkey on sbtest6  (cost=0.43..8.45 rows=1 width=121)
	  Index Cond: (id = 1461008)

table 7 : explain SELECT c FROM sbtest7 WHERE id=2109362
	Index Scan using sbtest7_pkey on sbtest7  (cost=0.43..8.45 rows=1 width=121)
	  Index Cond: (id = 2109362)

table 8 : explain SELECT c FROM sbtest8 WHERE id=3551732
	Index Scan using sbtest8_pkey on sbtest8  (cost=0.43..8.45 rows=1 width=121)
	  Index Cond: (id = 3551732)

for point_selects
table 1 : explain SELECT c FROM sbtest1 WHERE id=9037138
	Index Scan using sbtest1_pkey on sbtest1  (cost=0.43..8.45 rows=1 width=121)
	  Index Cond: (id = 9037138)

table 2 : explain SELECT c FROM sbtest2 WHERE id=4754010
	Index Scan using sbtest2_pkey on sbtest2  (cost=0.43..8.45 rows=1 width=121)
	  Index Cond: (id = 4754010)

table 3 : explain SELECT c FROM sbtest3 WHERE id=8674301
	Index Scan using sbtest3_pkey on sbtest3  (cost=0.43..8.45 rows=1 width=121)
	  Index Cond: (id = 8674301)

table 4 : explain SELECT c FROM sbtest4 WHERE id=4672485
	Index Scan using sbtest4_pkey on sbtest4  (cost=0.43..8.45 rows=1 width=121)
	  Index Cond: (id = 4672485)

table 5 : explain SELECT c FROM sbtest5 WHERE id=5774159
	Index Scan using sbtest5_pkey on sbtest5  (cost=0.43..8.45 rows=1 width=121)
	  Index Cond: (id = 5774159)

table 6 : explain SELECT c FROM sbtest6 WHERE id=8951773
	Index Scan using sbtest6_pkey on sbtest6  (cost=0.43..8.45 rows=1 width=121)
	  Index Cond: (id = 8951773)

table 7 : explain SELECT c FROM sbtest7 WHERE id=9858093
	Index Scan using sbtest7_pkey on sbtest7  (cost=0.43..8.45 rows=1 width=121)
	  Index Cond: (id = 9858093)

table 8 : explain SELECT c FROM sbtest8 WHERE id=955262
	Index Scan using sbtest8_pkey on sbtest8  (cost=0.43..8.45 rows=1 width=121)
	  Index Cond: (id = 955262)

for: simple_ranges
table 1 : explain SELECT c FROM sbtest1 WHERE id BETWEEN 6386507 AND 6386516
	Index Scan using sbtest1_pkey on sbtest1  (cost=0.43..42.38 rows=11 width=121)
	  Index Cond: ((id >= 6386507) AND (id <= 6386516))

table 2 : explain SELECT c FROM sbtest2 WHERE id BETWEEN 8059636 AND 8059645
	Index Scan using sbtest2_pkey on sbtest2  (cost=0.43..35.68 rows=9 width=121)
	  Index Cond: ((id >= 8059636) AND (id <= 8059645))

table 3 : explain SELECT c FROM sbtest3 WHERE id BETWEEN 5448368 AND 5448377
	Index Scan using sbtest3_pkey on sbtest3  (cost=0.43..42.72 rows=11 width=121)
	  Index Cond: ((id >= 5448368) AND (id <= 5448377))

table 4 : explain SELECT c FROM sbtest4 WHERE id BETWEEN 4164653 AND 4164662
	Index Scan using sbtest4_pkey on sbtest4  (cost=0.43..39.29 rows=10 width=121)
	  Index Cond: ((id >= 4164653) AND (id <= 4164662))

table 5 : explain SELECT c FROM sbtest5 WHERE id BETWEEN 9074542 AND 9074551
	Index Scan using sbtest5_pkey on sbtest5  (cost=0.43..42.62 rows=11 width=121)
	  Index Cond: ((id >= 9074542) AND (id <= 9074551))

table 6 : explain SELECT c FROM sbtest6 WHERE id BETWEEN 1703942 AND 1703951
	Index Scan using sbtest6_pkey on sbtest6  (cost=0.43..39.00 rows=10 width=121)
	  Index Cond: ((id >= 1703942) AND (id <= 1703951))

table 7 : explain SELECT c FROM sbtest7 WHERE id BETWEEN 7395307 AND 7395316
	Index Scan using sbtest7_pkey on sbtest7  (cost=0.43..42.64 rows=11 width=121)
	  Index Cond: ((id >= 7395307) AND (id <= 7395316))

table 8 : explain SELECT c FROM sbtest8 WHERE id BETWEEN 5577495 AND 5577504
	Index Scan using sbtest8_pkey on sbtest8  (cost=0.43..39.19 rows=10 width=121)
	  Index Cond: ((id >= 5577495) AND (id <= 5577504))

for: simple_ranges
table 1 : explain SELECT c FROM sbtest1 WHERE id BETWEEN 2775150 AND 2775159
	Index Scan using sbtest1_pkey on sbtest1  (cost=0.43..38.99 rows=10 width=121)
	  Index Cond: ((id >= 2775150) AND (id <= 2775159))

table 2 : explain SELECT c FROM sbtest2 WHERE id BETWEEN 6867136 AND 6867145
	Index Scan using sbtest2_pkey on sbtest2  (cost=0.43..39.09 rows=10 width=121)
	  Index Cond: ((id >= 6867136) AND (id <= 6867145))

table 3 : explain SELECT c FROM sbtest3 WHERE id BETWEEN 5315056 AND 5315065
	Index Scan using sbtest3_pkey on sbtest3  (cost=0.43..42.72 rows=11 width=121)
	  Index Cond: ((id >= 5315056) AND (id <= 5315065))

table 4 : explain SELECT c FROM sbtest4 WHERE id BETWEEN 4876393 AND 4876402
	Index Scan using sbtest4_pkey on sbtest4  (cost=0.43..42.72 rows=11 width=121)
	  Index Cond: ((id >= 4876393) AND (id <= 4876402))

table 5 : explain SELECT c FROM sbtest5 WHERE id BETWEEN 5847931 AND 5847940
	Index Scan using sbtest5_pkey on sbtest5  (cost=0.43..42.62 rows=11 width=121)
	  Index Cond: ((id >= 5847931) AND (id <= 5847940))

table 6 : explain SELECT c FROM sbtest6 WHERE id BETWEEN 3862869 AND 3862878
	Index Scan using sbtest6_pkey on sbtest6  (cost=0.43..39.00 rows=10 width=121)
	  Index Cond: ((id >= 3862869) AND (id <= 3862878))

table 7 : explain SELECT c FROM sbtest7 WHERE id BETWEEN 5128590 AND 5128599
	Index Scan using sbtest7_pkey on sbtest7  (cost=0.43..39.22 rows=10 width=121)
	  Index Cond: ((id >= 5128590) AND (id <= 5128599))

table 8 : explain SELECT c FROM sbtest8 WHERE id BETWEEN 8033078 AND 8033087
	Index Scan using sbtest8_pkey on sbtest8  (cost=0.43..39.19 rows=10 width=121)
	  Index Cond: ((id >= 8033078) AND (id <= 8033087))

for point_selects
table 1 : explain SELECT c FROM sbtest1 WHERE id=8132925
	Index Scan using sbtest1_pkey on sbtest1  (cost=0.43..8.45 rows=1 width=121)
	  Index Cond: (id = 8132925)

table 2 : explain SELECT c FROM sbtest2 WHERE id=5913145
	Index Scan using sbtest2_pkey on sbtest2  (cost=0.43..8.45 rows=1 width=121)
	  Index Cond: (id = 5913145)

table 3 : explain SELECT c FROM sbtest3 WHERE id=7939625
	Index Scan using sbtest3_pkey on sbtest3  (cost=0.43..8.45 rows=1 width=121)
	  Index Cond: (id = 7939625)

table 4 : explain SELECT c FROM sbtest4 WHERE id=293474
	Index Scan using sbtest4_pkey on sbtest4  (cost=0.43..8.45 rows=1 width=121)
	  Index Cond: (id = 293474)

table 5 : explain SELECT c FROM sbtest5 WHERE id=1673803
	Index Scan using sbtest5_pkey on sbtest5  (cost=0.43..8.45 rows=1 width=121)
	  Index Cond: (id = 1673803)

table 6 : explain SELECT c FROM sbtest6 WHERE id=8252619
	Index Scan using sbtest6_pkey on sbtest6  (cost=0.43..8.45 rows=1 width=121)
	  Index Cond: (id = 8252619)

table 7 : explain SELECT c FROM sbtest7 WHERE id=9579040
	Index Scan using sbtest7_pkey on sbtest7  (cost=0.43..8.45 rows=1 width=121)
	  Index Cond: (id = 9579040)

table 8 : explain SELECT c FROM sbtest8 WHERE id=9745650
	Index Scan using sbtest8_pkey on sbtest8  (cost=0.43..8.45 rows=1 width=121)
	  Index Cond: (id = 9745650)

for: simple_ranges
table 1 : explain SELECT c FROM sbtest1 WHERE id BETWEEN 4343628 AND 4343637
	Index Scan using sbtest1_pkey on sbtest1  (cost=0.43..38.99 rows=10 width=121)
	  Index Cond: ((id >= 4343628) AND (id <= 4343637))

table 2 : explain SELECT c FROM sbtest2 WHERE id BETWEEN 45071 AND 45080
	Index Scan using sbtest2_pkey on sbtest2  (cost=0.43..35.68 rows=9 width=121)
	  Index Cond: ((id >= 45071) AND (id <= 45080))

table 3 : explain SELECT c FROM sbtest3 WHERE id BETWEEN 1056969 AND 1056978
	Index Scan using sbtest3_pkey on sbtest3  (cost=0.43..39.29 rows=10 width=121)
	  Index Cond: ((id >= 1056969) AND (id <= 1056978))

table 4 : explain SELECT c FROM sbtest4 WHERE id BETWEEN 6939049 AND 6939058
	Index Scan using sbtest4_pkey on sbtest4  (cost=0.43..35.87 rows=9 width=121)
	  Index Cond: ((id >= 6939049) AND (id <= 6939058))

table 5 : explain SELECT c FROM sbtest5 WHERE id BETWEEN 7902380 AND 7902389
	Index Scan using sbtest5_pkey on sbtest5  (cost=0.43..39.21 rows=10 width=121)
	  Index Cond: ((id >= 7902380) AND (id <= 7902389))

table 6 : explain SELECT c FROM sbtest6 WHERE id BETWEEN 2989415 AND 2989424
	Index Scan using sbtest6_pkey on sbtest6  (cost=0.43..39.00 rows=10 width=121)
	  Index Cond: ((id >= 2989415) AND (id <= 2989424))

table 7 : explain SELECT c FROM sbtest7 WHERE id BETWEEN 6251725 AND 6251734
	Index Scan using sbtest7_pkey on sbtest7  (cost=0.43..39.22 rows=10 width=121)
	  Index Cond: ((id >= 6251725) AND (id <= 6251734))

table 8 : explain SELECT c FROM sbtest8 WHERE id BETWEEN 902117 AND 902126
	Index Scan using sbtest8_pkey on sbtest8  (cost=0.43..39.19 rows=10 width=121)
	  Index Cond: ((id >= 902117) AND (id <= 902126))

for: sum_ranges
table 1 : explain SELECT SUM(k) FROM sbtest1 WHERE id BETWEEN 9781936 AND 9781945
	Aggregate  (cost=39.01..39.02 rows=1 width=8)
	  ->  Index Scan using sbtest1_pkey on sbtest1  (cost=0.43..38.99 rows=10 width=4)
	        Index Cond: ((id >= 9781936) AND (id <= 9781945))

table 2 : explain SELECT SUM(k) FROM sbtest2 WHERE id BETWEEN 1062982 AND 1062991
	Aggregate  (cost=42.52..42.53 rows=1 width=8)
	  ->  Index Scan using sbtest2_pkey on sbtest2  (cost=0.43..42.49 rows=11 width=4)
	        Index Cond: ((id >= 1062982) AND (id <= 1062991))

table 3 : explain SELECT SUM(k) FROM sbtest3 WHERE id BETWEEN 2483908 AND 2483917
	Aggregate  (cost=42.75..42.76 rows=1 width=8)
	  ->  Index Scan using sbtest3_pkey on sbtest3  (cost=0.43..42.72 rows=11 width=4)
	        Index Cond: ((id >= 2483908) AND (id <= 2483917))

table 4 : explain SELECT SUM(k) FROM sbtest4 WHERE id BETWEEN 1256556 AND 1256565
	Aggregate  (cost=39.32..39.33 rows=1 width=8)
	  ->  Index Scan using sbtest4_pkey on sbtest4  (cost=0.43..39.29 rows=10 width=4)
	        Index Cond: ((id >= 1256556) AND (id <= 1256565))

table 5 : explain SELECT SUM(k) FROM sbtest5 WHERE id BETWEEN 8415241 AND 8415250
	Aggregate  (cost=39.23..39.24 rows=1 width=8)
	  ->  Index Scan using sbtest5_pkey on sbtest5  (cost=0.43..39.21 rows=10 width=4)
	        Index Cond: ((id >= 8415241) AND (id <= 8415250))

table 6 : explain SELECT SUM(k) FROM sbtest6 WHERE id BETWEEN 4300181 AND 4300190
	Aggregate  (cost=39.03..39.04 rows=1 width=8)
	  ->  Index Scan using sbtest6_pkey on sbtest6  (cost=0.43..39.00 rows=10 width=4)
	        Index Cond: ((id >= 4300181) AND (id <= 4300190))

table 7 : explain SELECT SUM(k) FROM sbtest7 WHERE id BETWEEN 9325153 AND 9325162
	Aggregate  (cost=39.25..39.26 rows=1 width=8)
	  ->  Index Scan using sbtest7_pkey on sbtest7  (cost=0.43..39.22 rows=10 width=4)
	        Index Cond: ((id >= 9325153) AND (id <= 9325162))

table 8 : explain SELECT SUM(k) FROM sbtest8 WHERE id BETWEEN 5462898 AND 5462907
	Aggregate  (cost=42.64..42.65 rows=1 width=8)
	  ->  Index Scan using sbtest8_pkey on sbtest8  (cost=0.43..42.61 rows=11 width=4)
	        Index Cond: ((id >= 5462898) AND (id <= 5462907))

explain: for point_selects :: explain SELECT c FROM sbtest%u WHERE id=%u
for: sum_ranges
table 1 : explain SELECT SUM(k) FROM sbtest1 WHERE id BETWEEN 7854785 AND 7854794
	Aggregate  (cost=39.01..39.02 rows=1 width=8)
	  ->  Index Scan using sbtest1_pkey on sbtest1  (cost=0.43..38.99 rows=10 width=4)
	        Index Cond: ((id >= 7854785) AND (id <= 7854794))

table 2 : explain SELECT SUM(k) FROM sbtest2 WHERE id BETWEEN 3696908 AND 3696917
	Aggregate  (cost=39.11..39.12 rows=1 width=8)
	  ->  Index Scan using sbtest2_pkey on sbtest2  (cost=0.43..39.09 rows=10 width=4)
	        Index Cond: ((id >= 3696908) AND (id <= 3696917))

table 3 : explain SELECT SUM(k) FROM sbtest3 WHERE id BETWEEN 2043148 AND 2043157
	Aggregate  (cost=35.89..35.90 rows=1 width=8)
	  ->  Index Scan using sbtest3_pkey on sbtest3  (cost=0.43..35.87 rows=9 width=4)
	        Index Cond: ((id >= 2043148) AND (id <= 2043157))

table 4 : explain SELECT SUM(k) FROM sbtest4 WHERE id BETWEEN 1127386 AND 1127395
	Aggregate  (cost=39.32..39.33 rows=1 width=8)
	  ->  Index Scan using sbtest4_pkey on sbtest4  (cost=0.43..39.29 rows=10 width=4)
	        Index Cond: ((id >= 1127386) AND (id <= 1127395))

table 5 : explain SELECT SUM(k) FROM sbtest5 WHERE id BETWEEN 8744653 AND 8744662
	Aggregate  (cost=39.23..39.24 rows=1 width=8)
	  ->  Index Scan using sbtest5_pkey on sbtest5  (cost=0.43..39.21 rows=10 width=4)
	        Index Cond: ((id >= 8744653) AND (id <= 8744662))

table 6 : explain SELECT SUM(k) FROM sbtest6 WHERE id BETWEEN 5501311 AND 5501320
	Aggregate  (cost=39.03..39.04 rows=1 width=8)
	  ->  Index Scan using sbtest6_pkey on sbtest6  (cost=0.43..39.00 rows=10 width=4)
	        Index Cond: ((id >= 5501311) AND (id <= 5501320))

table 7 : explain SELECT SUM(k) FROM sbtest7 WHERE id BETWEEN 6676517 AND 6676526
	Aggregate  (cost=39.25..39.26 rows=1 width=8)
	  ->  Index Scan using sbtest7_pkey on sbtest7  (cost=0.43..39.22 rows=10 width=4)
	        Index Cond: ((id >= 6676517) AND (id <= 6676526))

table 8 : explain SELECT SUM(k) FROM sbtest8 WHERE id BETWEEN 6854743 AND 6854752
	Aggregate  (cost=39.22..39.23 rows=1 width=8)
	  ->  Index Scan using sbtest8_pkey on sbtest8  (cost=0.43..39.19 rows=10 width=4)
	        Index Cond: ((id >= 6854743) AND (id <= 6854752))

explain: for point_selects :: explain SELECT c FROM sbtest%u WHERE id=%u
for point_selects
table 1 : explain SELECT c FROM sbtest1 WHERE id=864078
	Index Scan using sbtest1_pkey on sbtest1  (cost=0.43..8.45 rows=1 width=121)
	  Index Cond: (id = 864078)

table 2 : explain SELECT c FROM sbtest2 WHERE id=7885295
	Index Scan using sbtest2_pkey on sbtest2  (cost=0.43..8.45 rows=1 width=121)
	  Index Cond: (id = 7885295)

table 3 : explain SELECT c FROM sbtest3 WHERE id=8362201
	Index Scan using sbtest3_pkey on sbtest3  (cost=0.43..8.45 rows=1 width=121)
	  Index Cond: (id = 8362201)

table 4 : explain SELECT c FROM sbtest4 WHERE id=845027
	Index Scan using sbtest4_pkey on sbtest4  (cost=0.43..8.45 rows=1 width=121)
	  Index Cond: (id = 845027)

table 5 : explain SELECT c FROM sbtest5 WHERE id=1911856
	Index Scan using sbtest5_pkey on sbtest5  (cost=0.43..8.45 rows=1 width=121)
	  Index Cond: (id = 1911856)

table 6 : explain SELECT c FROM sbtest6 WHERE id=3110551
	Index Scan using sbtest6_pkey on sbtest6  (cost=0.43..8.45 rows=1 width=121)
	  Index Cond: (id = 3110551)

table 7 : explain SELECT c FROM sbtest7 WHERE id=5590912
	Index Scan using sbtest7_pkey on sbtest7  (cost=0.43..8.45 rows=1 width=121)
	  Index Cond: (id = 5590912)

table 8 : explain SELECT c FROM sbtest8 WHERE id=7572236
	Index Scan using sbtest8_pkey on sbtest8  (cost=0.43..8.45 rows=1 width=121)
	  Index Cond: (id = 7572236)

for: simple_ranges
table 1 : explain SELECT c FROM sbtest1 WHERE id BETWEEN 2265483 AND 2265492
	Index Scan using sbtest1_pkey on sbtest1  (cost=0.43..38.99 rows=10 width=121)
	  Index Cond: ((id >= 2265483) AND (id <= 2265492))

table 2 : explain SELECT c FROM sbtest2 WHERE id BETWEEN 2853378 AND 2853387
	Index Scan using sbtest2_pkey on sbtest2  (cost=0.43..39.09 rows=10 width=121)
	  Index Cond: ((id >= 2853378) AND (id <= 2853387))

table 3 : explain SELECT c FROM sbtest3 WHERE id BETWEEN 6422428 AND 6422437
	Index Scan using sbtest3_pkey on sbtest3  (cost=0.43..35.87 rows=9 width=121)
	  Index Cond: ((id >= 6422428) AND (id <= 6422437))

table 4 : explain SELECT c FROM sbtest4 WHERE id BETWEEN 7679578 AND 7679587
	Index Scan using sbtest4_pkey on sbtest4  (cost=0.43..39.29 rows=10 width=121)
	  Index Cond: ((id >= 7679578) AND (id <= 7679587))

table 5 : explain SELECT c FROM sbtest5 WHERE id BETWEEN 2520924 AND 2520933
	Index Scan using sbtest5_pkey on sbtest5  (cost=0.43..46.04 rows=12 width=121)
	  Index Cond: ((id >= 2520924) AND (id <= 2520933))

table 6 : explain SELECT c FROM sbtest6 WHERE id BETWEEN 7564358 AND 7564367
	Index Scan using sbtest6_pkey on sbtest6  (cost=0.43..39.00 rows=10 width=121)
	  Index Cond: ((id >= 7564358) AND (id <= 7564367))

table 7 : explain SELECT c FROM sbtest7 WHERE id BETWEEN 6671168 AND 6671177
	Index Scan using sbtest7_pkey on sbtest7  (cost=0.43..39.22 rows=10 width=121)
	  Index Cond: ((id >= 6671168) AND (id <= 6671177))

table 8 : explain SELECT c FROM sbtest8 WHERE id BETWEEN 9429830 AND 9429839
	Index Scan using sbtest8_pkey on sbtest8  (cost=0.43..39.19 rows=10 width=121)
	  Index Cond: ((id >= 9429830) AND (id <= 9429839))

for: sum_ranges
table 1 : explain SELECT SUM(k) FROM sbtest1 WHERE id BETWEEN 8035606 AND 8035615
	Aggregate  (cost=39.01..39.02 rows=1 width=8)
	  ->  Index Scan using sbtest1_pkey on sbtest1  (cost=0.43..38.99 rows=10 width=4)
	        Index Cond: ((id >= 8035606) AND (id <= 8035615))

table 2 : explain SELECT SUM(k) FROM sbtest2 WHERE id BETWEEN 3092466 AND 3092475
	Aggregate  (cost=39.11..39.12 rows=1 width=8)
	  ->  Index Scan using sbtest2_pkey on sbtest2  (cost=0.43..39.09 rows=10 width=4)
	        Index Cond: ((id >= 3092466) AND (id <= 3092475))

table 3 : explain SELECT SUM(k) FROM sbtest3 WHERE id BETWEEN 6680789 AND 6680798
	Aggregate  (cost=39.32..39.33 rows=1 width=8)
	  ->  Index Scan using sbtest3_pkey on sbtest3  (cost=0.43..39.29 rows=10 width=4)
	        Index Cond: ((id >= 6680789) AND (id <= 6680798))

table 4 : explain SELECT SUM(k) FROM sbtest4 WHERE id BETWEEN 818187 AND 818196
	Aggregate  (cost=39.32..39.33 rows=1 width=8)
	  ->  Index Scan using sbtest4_pkey on sbtest4  (cost=0.43..39.29 rows=10 width=4)
	        Index Cond: ((id >= 818187) AND (id <= 818196))

table 5 : explain SELECT SUM(k) FROM sbtest5 WHERE id BETWEEN 7673130 AND 7673139
	Aggregate  (cost=39.23..39.24 rows=1 width=8)
	  ->  Index Scan using sbtest5_pkey on sbtest5  (cost=0.43..39.21 rows=10 width=4)
	        Index Cond: ((id >= 7673130) AND (id <= 7673139))

table 6 : explain SELECT SUM(k) FROM sbtest6 WHERE id BETWEEN 3072759 AND 3072768
	Aggregate  (cost=42.43..42.44 rows=1 width=8)
	  ->  Index Scan using sbtest6_pkey on sbtest6  (cost=0.43..42.40 rows=11 width=4)
	        Index Cond: ((id >= 3072759) AND (id <= 3072768))

table 7 : explain SELECT SUM(k) FROM sbtest7 WHERE id BETWEEN 4847001 AND 4847010
	Aggregate  (cost=39.25..39.26 rows=1 width=8)
	  ->  Index Scan using sbtest7_pkey on sbtest7  (cost=0.43..39.22 rows=10 width=4)
	        Index Cond: ((id >= 4847001) AND (id <= 4847010))

table 8 : explain SELECT SUM(k) FROM sbtest8 WHERE id BETWEEN 3029640 AND 3029649
	Aggregate  (cost=39.22..39.23 rows=1 width=8)
	  ->  Index Scan using sbtest8_pkey on sbtest8  (cost=0.43..39.19 rows=10 width=4)
	        Index Cond: ((id >= 3029640) AND (id <= 3029649))

for: sum_ranges
table 1 : explain SELECT SUM(k) FROM sbtest1 WHERE id BETWEEN 2238369 AND 2238378
	Aggregate  (cost=39.01..39.02 rows=1 width=8)
	  ->  Index Scan using sbtest1_pkey on sbtest1  (cost=0.43..38.99 rows=10 width=4)
	        Index Cond: ((id >= 2238369) AND (id <= 2238378))

table 2 : explain SELECT SUM(k) FROM sbtest2 WHERE id BETWEEN 7965828 AND 7965837
	Aggregate  (cost=35.71..35.72 rows=1 width=8)
	  ->  Index Scan using sbtest2_pkey on sbtest2  (cost=0.43..35.68 rows=9 width=4)
	        Index Cond: ((id >= 7965828) AND (id <= 7965837))

table 3 : explain SELECT SUM(k) FROM sbtest3 WHERE id BETWEEN 9183408 AND 9183417
	Aggregate  (cost=39.32..39.33 rows=1 width=8)
	  ->  Index Scan using sbtest3_pkey on sbtest3  (cost=0.43..39.29 rows=10 width=4)
	        Index Cond: ((id >= 9183408) AND (id <= 9183417))

table 4 : explain SELECT SUM(k) FROM sbtest4 WHERE id BETWEEN 5712816 AND 5712825
	Aggregate  (cost=39.32..39.33 rows=1 width=8)
	  ->  Index Scan using sbtest4_pkey on sbtest4  (cost=0.43..39.29 rows=10 width=4)
	        Index Cond: ((id >= 5712816) AND (id <= 5712825))

table 5 : explain SELECT SUM(k) FROM sbtest5 WHERE id BETWEEN 9017272 AND 9017281
	Aggregate  (cost=35.81..35.82 rows=1 width=8)
	  ->  Index Scan using sbtest5_pkey on sbtest5  (cost=0.43..35.79 rows=9 width=4)
	        Index Cond: ((id >= 9017272) AND (id <= 9017281))

table 6 : explain SELECT SUM(k) FROM sbtest6 WHERE id BETWEEN 2102398 AND 2102407
	Aggregate  (cost=39.03..39.04 rows=1 width=8)
	  ->  Index Scan using sbtest6_pkey on sbtest6  (cost=0.43..39.00 rows=10 width=4)
	        Index Cond: ((id >= 2102398) AND (id <= 2102407))

table 7 : explain SELECT SUM(k) FROM sbtest7 WHERE id BETWEEN 4820200 AND 4820209
	Aggregate  (cost=39.25..39.26 rows=1 width=8)
	  ->  Index Scan using sbtest7_pkey on sbtest7  (cost=0.43..39.22 rows=10 width=4)
	        Index Cond: ((id >= 4820200) AND (id <= 4820209))

table 8 : explain SELECT SUM(k) FROM sbtest8 WHERE id BETWEEN 4454238 AND 4454247
	Aggregate  (cost=42.64..42.65 rows=1 width=8)
	  ->  Index Scan using sbtest8_pkey on sbtest8  (cost=0.43..42.61 rows=11 width=4)
	        Index Cond: ((id >= 4454238) AND (id <= 4454247))

for: simple_ranges
table 1 : explain SELECT c FROM sbtest1 WHERE id BETWEEN 7225842 AND 7225851
	Index Scan using sbtest1_pkey on sbtest1  (cost=0.43..38.99 rows=10 width=121)
	  Index Cond: ((id >= 7225842) AND (id <= 7225851))

table 2 : explain SELECT c FROM sbtest2 WHERE id BETWEEN 4775228 AND 4775237
	Index Scan using sbtest2_pkey on sbtest2  (cost=0.43..39.09 rows=10 width=121)
	  Index Cond: ((id >= 4775228) AND (id <= 4775237))

table 3 : explain SELECT c FROM sbtest3 WHERE id BETWEEN 4595309 AND 4595318
	Index Scan using sbtest3_pkey on sbtest3  (cost=0.43..42.72 rows=11 width=121)
	  Index Cond: ((id >= 4595309) AND (id <= 4595318))

table 4 : explain SELECT c FROM sbtest4 WHERE id BETWEEN 8225476 AND 8225485
	Index Scan using sbtest4_pkey on sbtest4  (cost=0.43..42.72 rows=11 width=121)
	  Index Cond: ((id >= 8225476) AND (id <= 8225485))

table 5 : explain SELECT c FROM sbtest5 WHERE id BETWEEN 927664 AND 927673
	Index Scan using sbtest5_pkey on sbtest5  (cost=0.43..35.79 rows=9 width=121)
	  Index Cond: ((id >= 927664) AND (id <= 927673))

table 6 : explain SELECT c FROM sbtest6 WHERE id BETWEEN 5399337 AND 5399346
	Index Scan using sbtest6_pkey on sbtest6  (cost=0.43..39.00 rows=10 width=121)
	  Index Cond: ((id >= 5399337) AND (id <= 5399346))

table 7 : explain SELECT c FROM sbtest7 WHERE id BETWEEN 8901543 AND 8901552
	Index Scan using sbtest7_pkey on sbtest7  (cost=0.43..42.64 rows=11 width=121)
	  Index Cond: ((id >= 8901543) AND (id <= 8901552))

table 8 : explain SELECT c FROM sbtest8 WHERE id BETWEEN 5094925 AND 5094934
	Index Scan using sbtest8_pkey on sbtest8  (cost=0.43..39.19 rows=10 width=121)
	  Index Cond: ((id >= 5094925) AND (id <= 5094934))

for: sum_ranges
table 1 : explain SELECT SUM(k) FROM sbtest1 WHERE id BETWEEN 7608518 AND 7608527
	Aggregate  (cost=35.62..35.63 rows=1 width=8)
	  ->  Index Scan using sbtest1_pkey on sbtest1  (cost=0.43..35.60 rows=9 width=4)
	        Index Cond: ((id >= 7608518) AND (id <= 7608527))

table 2 : explain SELECT SUM(k) FROM sbtest2 WHERE id BETWEEN 906091 AND 906100
	Aggregate  (cost=42.52..42.53 rows=1 width=8)
	  ->  Index Scan using sbtest2_pkey on sbtest2  (cost=0.43..42.49 rows=11 width=4)
	        Index Cond: ((id >= 906091) AND (id <= 906100))

table 3 : explain SELECT SUM(k) FROM sbtest3 WHERE id BETWEEN 2352376 AND 2352385
	Aggregate  (cost=39.32..39.33 rows=1 width=8)
	  ->  Index Scan using sbtest3_pkey on sbtest3  (cost=0.43..39.29 rows=10 width=4)
	        Index Cond: ((id >= 2352376) AND (id <= 2352385))

table 4 : explain SELECT SUM(k) FROM sbtest4 WHERE id BETWEEN 5392871 AND 5392880
	Aggregate  (cost=39.32..39.33 rows=1 width=8)
	  ->  Index Scan using sbtest4_pkey on sbtest4  (cost=0.43..39.29 rows=10 width=4)
	        Index Cond: ((id >= 5392871) AND (id <= 5392880))

table 5 : explain SELECT SUM(k) FROM sbtest5 WHERE id BETWEEN 5375293 AND 5375302
	Aggregate  (cost=39.23..39.24 rows=1 width=8)
	  ->  Index Scan using sbtest5_pkey on sbtest5  (cost=0.43..39.21 rows=10 width=4)
	        Index Cond: ((id >= 5375293) AND (id <= 5375302))

table 6 : explain SELECT SUM(k) FROM sbtest6 WHERE id BETWEEN 292112 AND 292121
	Aggregate  (cost=39.03..39.04 rows=1 width=8)
	  ->  Index Scan using sbtest6_pkey on sbtest6  (cost=0.43..39.00 rows=10 width=4)
	        Index Cond: ((id >= 292112) AND (id <= 292121))

table 7 : explain SELECT SUM(k) FROM sbtest7 WHERE id BETWEEN 8324312 AND 8324321
	Aggregate  (cost=35.83..35.84 rows=1 width=8)
	  ->  Index Scan using sbtest7_pkey on sbtest7  (cost=0.43..35.81 rows=9 width=4)
	        Index Cond: ((id >= 8324312) AND (id <= 8324321))

table 8 : explain SELECT SUM(k) FROM sbtest8 WHERE id BETWEEN 3392960 AND 3392969
	Aggregate  (cost=39.22..39.23 rows=1 width=8)
	  ->  Index Scan using sbtest8_pkey on sbtest8  (cost=0.43..39.19 rows=10 width=4)
	        Index Cond: ((id >= 3392960) AND (id <= 3392969))

for: order_ranges
table 1 : explain SELECT c FROM sbtest1 WHERE id BETWEEN 1636606 AND 1636615 ORDER BY c
	Sort  (cost=35.74..35.76 rows=9 width=121)
	  Sort Key: c
	  ->  Index Scan using sbtest1_pkey on sbtest1  (cost=0.43..35.60 rows=9 width=121)
	        Index Cond: ((id >= 1636606) AND (id <= 1636615))

table 2 : explain SELECT c FROM sbtest2 WHERE id BETWEEN 5871222 AND 5871231 ORDER BY c
	Sort  (cost=42.68..42.71 rows=11 width=121)
	  Sort Key: c
	  ->  Index Scan using sbtest2_pkey on sbtest2  (cost=0.43..42.49 rows=11 width=121)
	        Index Cond: ((id >= 5871222) AND (id <= 5871231))

table 3 : explain SELECT c FROM sbtest3 WHERE id BETWEEN 2115755 AND 2115764 ORDER BY c
	Sort  (cost=39.46..39.48 rows=10 width=121)
	  Sort Key: c
	  ->  Index Scan using sbtest3_pkey on sbtest3  (cost=0.43..39.29 rows=10 width=121)
	        Index Cond: ((id >= 2115755) AND (id <= 2115764))

table 4 : explain SELECT c FROM sbtest4 WHERE id BETWEEN 1110977 AND 1110986 ORDER BY c
	Sort  (cost=39.46..39.49 rows=10 width=121)
	  Sort Key: c
	  ->  Index Scan using sbtest4_pkey on sbtest4  (cost=0.43..39.29 rows=10 width=121)
	        Index Cond: ((id >= 1110977) AND (id <= 1110986))

table 5 : explain SELECT c FROM sbtest5 WHERE id BETWEEN 8970871 AND 8970880 ORDER BY c
	Sort  (cost=35.93..35.95 rows=9 width=121)
	  Sort Key: c
	  ->  Index Scan using sbtest5_pkey on sbtest5  (cost=0.43..35.79 rows=9 width=121)
	        Index Cond: ((id >= 8970871) AND (id <= 8970880))

table 6 : explain SELECT c FROM sbtest6 WHERE id BETWEEN 6689053 AND 6689062 ORDER BY c
	Sort  (cost=42.59..42.62 rows=11 width=121)
	  Sort Key: c
	  ->  Index Scan using sbtest6_pkey on sbtest6  (cost=0.43..42.40 rows=11 width=121)
	        Index Cond: ((id >= 6689053) AND (id <= 6689062))

table 7 : explain SELECT c FROM sbtest7 WHERE id BETWEEN 9847342 AND 9847351 ORDER BY c
	Sort  (cost=42.83..42.86 rows=11 width=121)
	  Sort Key: c
	  ->  Index Scan using sbtest7_pkey on sbtest7  (cost=0.43..42.64 rows=11 width=121)
	        Index Cond: ((id >= 9847342) AND (id <= 9847351))

table 8 : explain SELECT c FROM sbtest8 WHERE id BETWEEN 9559684 AND 9559693 ORDER BY c
	Sort  (cost=39.36..39.38 rows=10 width=121)
	  Sort Key: c
	  ->  Index Scan using sbtest8_pkey on sbtest8  (cost=0.43..39.19 rows=10 width=121)
	        Index Cond: ((id >= 9559684) AND (id <= 9559693))

for point_selects
table 1 : explain SELECT c FROM sbtest1 WHERE id=6898113
	Index Scan using sbtest1_pkey on sbtest1  (cost=0.43..8.45 rows=1 width=121)
	  Index Cond: (id = 6898113)

table 2 : explain SELECT c FROM sbtest2 WHERE id=8902907
	Index Scan using sbtest2_pkey on sbtest2  (cost=0.43..8.45 rows=1 width=121)
	  Index Cond: (id = 8902907)

table 3 : explain SELECT c FROM sbtest3 WHERE id=1030942
	Index Scan using sbtest3_pkey on sbtest3  (cost=0.43..8.45 rows=1 width=121)
	  Index Cond: (id = 1030942)

table 4 : explain SELECT c FROM sbtest4 WHERE id=6136787
	Index Scan using sbtest4_pkey on sbtest4  (cost=0.43..8.45 rows=1 width=121)
	  Index Cond: (id = 6136787)

table 5 : explain SELECT c FROM sbtest5 WHERE id=9026045
	Index Scan using sbtest5_pkey on sbtest5  (cost=0.43..8.45 rows=1 width=121)
	  Index Cond: (id = 9026045)

table 6 : explain SELECT c FROM sbtest6 WHERE id=611524
	Index Scan using sbtest6_pkey on sbtest6  (cost=0.43..8.45 rows=1 width=121)
	  Index Cond: (id = 611524)

table 7 : explain SELECT c FROM sbtest7 WHERE id=5044214
	Index Scan using sbtest7_pkey on sbtest7  (cost=0.43..8.45 rows=1 width=121)
	  Index Cond: (id = 5044214)

table 8 : explain SELECT c FROM sbtest8 WHERE id=601486
	Index Scan using sbtest8_pkey on sbtest8  (cost=0.43..8.45 rows=1 width=121)
	  Index Cond: (id = 601486)

for: sum_ranges
table 1 : explain SELECT SUM(k) FROM sbtest1 WHERE id BETWEEN 5273138 AND 5273147
	Aggregate  (cost=42.41..42.42 rows=1 width=8)
	  ->  Index Scan using sbtest1_pkey on sbtest1  (cost=0.43..42.38 rows=11 width=4)
	        Index Cond: ((id >= 5273138) AND (id <= 5273147))

table 2 : explain SELECT SUM(k) FROM sbtest2 WHERE id BETWEEN 1983931 AND 1983940
	Aggregate  (cost=39.11..39.12 rows=1 width=8)
	  ->  Index Scan using sbtest2_pkey on sbtest2  (cost=0.43..39.09 rows=10 width=4)
	        Index Cond: ((id >= 1983931) AND (id <= 1983940))

table 3 : explain SELECT SUM(k) FROM sbtest3 WHERE id BETWEEN 4491217 AND 4491226
	Aggregate  (cost=35.89..35.90 rows=1 width=8)
	  ->  Index Scan using sbtest3_pkey on sbtest3  (cost=0.43..35.87 rows=9 width=4)
	        Index Cond: ((id >= 4491217) AND (id <= 4491226))

table 4 : explain SELECT SUM(k) FROM sbtest4 WHERE id BETWEEN 3661125 AND 3661134
	Aggregate  (cost=35.89..35.90 rows=1 width=8)
	  ->  Index Scan using sbtest4_pkey on sbtest4  (cost=0.43..35.87 rows=9 width=4)
	        Index Cond: ((id >= 3661125) AND (id <= 3661134))

table 5 : explain SELECT SUM(k) FROM sbtest5 WHERE id BETWEEN 1643759 AND 1643768
	Aggregate  (cost=39.23..39.24 rows=1 width=8)
	  ->  Index Scan using sbtest5_pkey on sbtest5  (cost=0.43..39.21 rows=10 width=4)
	        Index Cond: ((id >= 1643759) AND (id <= 1643768))

table 6 : explain SELECT SUM(k) FROM sbtest6 WHERE id BETWEEN 5976250 AND 5976259
	Aggregate  (cost=35.63..35.64 rows=1 width=8)
	  ->  Index Scan using sbtest6_pkey on sbtest6  (cost=0.43..35.61 rows=9 width=4)
	        Index Cond: ((id >= 5976250) AND (id <= 5976259))

table 7 : explain SELECT SUM(k) FROM sbtest7 WHERE id BETWEEN 4368569 AND 4368578
	Aggregate  (cost=39.25..39.26 rows=1 width=8)
	  ->  Index Scan using sbtest7_pkey on sbtest7  (cost=0.43..39.22 rows=10 width=4)
	        Index Cond: ((id >= 4368569) AND (id <= 4368578))

table 8 : explain SELECT SUM(k) FROM sbtest8 WHERE id BETWEEN 6205450 AND 6205459
	Aggregate  (cost=39.22..39.23 rows=1 width=8)
	  ->  Index Scan using sbtest8_pkey on sbtest8  (cost=0.43..39.19 rows=10 width=4)
	        Index Cond: ((id >= 6205450) AND (id <= 6205459))

for point_selects
table 1 : explain SELECT c FROM sbtest1 WHERE id=5397525
	Index Scan using sbtest1_pkey on sbtest1  (cost=0.43..8.45 rows=1 width=121)
	  Index Cond: (id = 5397525)

table 2 : explain SELECT c FROM sbtest2 WHERE id=2387500
	Index Scan using sbtest2_pkey on sbtest2  (cost=0.43..8.45 rows=1 width=121)
	  Index Cond: (id = 2387500)

table 3 : explain SELECT c FROM sbtest3 WHERE id=1458067
	Index Scan using sbtest3_pkey on sbtest3  (cost=0.43..8.45 rows=1 width=121)
	  Index Cond: (id = 1458067)

table 4 : explain SELECT c FROM sbtest4 WHERE id=7589644
	Index Scan using sbtest4_pkey on sbtest4  (cost=0.43..8.45 rows=1 width=121)
	  Index Cond: (id = 7589644)

table 5 : explain SELECT c FROM sbtest5 WHERE id=5992377
	Index Scan using sbtest5_pkey on sbtest5  (cost=0.43..8.45 rows=1 width=121)
	  Index Cond: (id = 5992377)

table 6 : explain SELECT c FROM sbtest6 WHERE id=8033970
	Index Scan using sbtest6_pkey on sbtest6  (cost=0.43..8.45 rows=1 width=121)
	  Index Cond: (id = 8033970)

table 7 : explain SELECT c FROM sbtest7 WHERE id=2760420
	Index Scan using sbtest7_pkey on sbtest7  (cost=0.43..8.45 rows=1 width=121)
	  Index Cond: (id = 2760420)

table 8 : explain SELECT c FROM sbtest8 WHERE id=8794421
	Index Scan using sbtest8_pkey on sbtest8  (cost=0.43..8.45 rows=1 width=121)
	  Index Cond: (id = 8794421)

for: simple_ranges
table 1 : explain SELECT c FROM sbtest1 WHERE id BETWEEN 1047519 AND 1047528
	Index Scan using sbtest1_pkey on sbtest1  (cost=0.43..38.99 rows=10 width=121)
	  Index Cond: ((id >= 1047519) AND (id <= 1047528))

table 2 : explain SELECT c FROM sbtest2 WHERE id BETWEEN 4082314 AND 4082323
	Index Scan using sbtest2_pkey on sbtest2  (cost=0.43..39.09 rows=10 width=121)
	  Index Cond: ((id >= 4082314) AND (id <= 4082323))

table 3 : explain SELECT c FROM sbtest3 WHERE id BETWEEN 9227281 AND 9227290
	Index Scan using sbtest3_pkey on sbtest3  (cost=0.43..39.29 rows=10 width=121)
	  Index Cond: ((id >= 9227281) AND (id <= 9227290))

table 4 : explain SELECT c FROM sbtest4 WHERE id BETWEEN 759957 AND 759966
	Index Scan using sbtest4_pkey on sbtest4  (cost=0.43..35.87 rows=9 width=121)
	  Index Cond: ((id >= 759957) AND (id <= 759966))

table 5 : explain SELECT c FROM sbtest5 WHERE id BETWEEN 2547381 AND 2547390
	Index Scan using sbtest5_pkey on sbtest5  (cost=0.43..39.21 rows=10 width=121)
	  Index Cond: ((id >= 2547381) AND (id <= 2547390))

table 6 : explain SELECT c FROM sbtest6 WHERE id BETWEEN 3409660 AND 3409669
	Index Scan using sbtest6_pkey on sbtest6  (cost=0.43..35.61 rows=9 width=121)
	  Index Cond: ((id >= 3409660) AND (id <= 3409669))

table 7 : explain SELECT c FROM sbtest7 WHERE id BETWEEN 1668888 AND 1668897
	Index Scan using sbtest7_pkey on sbtest7  (cost=0.43..39.22 rows=10 width=121)
	  Index Cond: ((id >= 1668888) AND (id <= 1668897))

table 8 : explain SELECT c FROM sbtest8 WHERE id BETWEEN 6568879 AND 6568888
	Index Scan using sbtest8_pkey on sbtest8  (cost=0.43..39.19 rows=10 width=121)
	  Index Cond: ((id >= 6568879) AND (id <= 6568888))

explain: for point_selects :: explain SELECT c FROM sbtest%u WHERE id=%u
for: order_ranges
table 1 : explain SELECT c FROM sbtest1 WHERE id BETWEEN 8294437 AND 8294446 ORDER BY c
	Sort  (cost=39.15..39.18 rows=10 width=121)
	  Sort Key: c
	  ->  Index Scan using sbtest1_pkey on sbtest1  (cost=0.43..38.99 rows=10 width=121)
	        Index Cond: ((id >= 8294437) AND (id <= 8294446))

table 2 : explain SELECT c FROM sbtest2 WHERE id BETWEEN 5563873 AND 5563882 ORDER BY c
	Sort  (cost=39.25..39.28 rows=10 width=121)
	  Sort Key: c
	  ->  Index Scan using sbtest2_pkey on sbtest2  (cost=0.43..39.09 rows=10 width=121)
	        Index Cond: ((id >= 5563873) AND (id <= 5563882))

table 3 : explain SELECT c FROM sbtest3 WHERE id BETWEEN 840490 AND 840499 ORDER BY c
	Sort  (cost=39.46..39.48 rows=10 width=121)
	  Sort Key: c
	  ->  Index Scan using sbtest3_pkey on sbtest3  (cost=0.43..39.29 rows=10 width=121)
	        Index Cond: ((id >= 840490) AND (id <= 840499))

table 4 : explain SELECT c FROM sbtest4 WHERE id BETWEEN 3706641 AND 3706650 ORDER BY c
	Sort  (cost=39.46..39.49 rows=10 width=121)
	  Sort Key: c
	  ->  Index Scan using sbtest4_pkey on sbtest4  (cost=0.43..39.29 rows=10 width=121)
	        Index Cond: ((id >= 3706641) AND (id <= 3706650))

table 5 : explain SELECT c FROM sbtest5 WHERE id BETWEEN 8367336 AND 8367345 ORDER BY c
	Sort  (cost=39.37..39.40 rows=10 width=121)
	  Sort Key: c
	  ->  Index Scan using sbtest5_pkey on sbtest5  (cost=0.43..39.21 rows=10 width=121)
	        Index Cond: ((id >= 8367336) AND (id <= 8367345))

table 6 : explain SELECT c FROM sbtest6 WHERE id BETWEEN 3364791 AND 3364800 ORDER BY c
	Sort  (cost=35.75..35.78 rows=9 width=121)
	  Sort Key: c
	  ->  Index Scan using sbtest6_pkey on sbtest6  (cost=0.43..35.61 rows=9 width=121)
	        Index Cond: ((id >= 3364791) AND (id <= 3364800))

table 7 : explain SELECT c FROM sbtest7 WHERE id BETWEEN 9778376 AND 9778385 ORDER BY c
	Sort  (cost=42.83..42.86 rows=11 width=121)
	  Sort Key: c
	  ->  Index Scan using sbtest7_pkey on sbtest7  (cost=0.43..42.64 rows=11 width=121)
	        Index Cond: ((id >= 9778376) AND (id <= 9778385))

table 8 : explain SELECT c FROM sbtest8 WHERE id BETWEEN 7180244 AND 7180253 ORDER BY c
	Sort  (cost=39.36..39.38 rows=10 width=121)
	  Sort Key: c
	  ->  Index Scan using sbtest8_pkey on sbtest8  (cost=0.43..39.19 rows=10 width=121)
	        Index Cond: ((id >= 7180244) AND (id <= 7180253))

for: order_ranges
table 1 : explain SELECT c FROM sbtest1 WHERE id BETWEEN 6137149 AND 6137158 ORDER BY c
	Sort  (cost=39.15..39.18 rows=10 width=121)
	  Sort Key: c
	  ->  Index Scan using sbtest1_pkey on sbtest1  (cost=0.43..38.99 rows=10 width=121)
	        Index Cond: ((id >= 6137149) AND (id <= 6137158))

table 2 : explain SELECT c FROM sbtest2 WHERE id BETWEEN 2928901 AND 2928910 ORDER BY c
	Sort  (cost=39.25..39.28 rows=10 width=121)
	  Sort Key: c
	  ->  Index Scan using sbtest2_pkey on sbtest2  (cost=0.43..39.09 rows=10 width=121)
	        Index Cond: ((id >= 2928901) AND (id <= 2928910))

table 3 : explain SELECT c FROM sbtest3 WHERE id BETWEEN 2869309 AND 2869318 ORDER BY c
	Sort  (cost=42.91..42.94 rows=11 width=121)
	  Sort Key: c
	  ->  Index Scan using sbtest3_pkey on sbtest3  (cost=0.43..42.72 rows=11 width=121)
	        Index Cond: ((id >= 2869309) AND (id <= 2869318))

table 4 : explain SELECT c FROM sbtest4 WHERE id BETWEEN 8407942 AND 8407951 ORDER BY c
	Sort  (cost=39.46..39.49 rows=10 width=121)
	  Sort Key: c
	  ->  Index Scan using sbtest4_pkey on sbtest4  (cost=0.43..39.29 rows=10 width=121)
	        Index Cond: ((id >= 8407942) AND (id <= 8407951))

table 5 : explain SELECT c FROM sbtest5 WHERE id BETWEEN 2259529 AND 2259538 ORDER BY c
	Sort  (cost=35.93..35.95 rows=9 width=121)
	  Sort Key: c
	  ->  Index Scan using sbtest5_pkey on sbtest5  (cost=0.43..35.79 rows=9 width=121)
	        Index Cond: ((id >= 2259529) AND (id <= 2259538))

table 6 : explain SELECT c FROM sbtest6 WHERE id BETWEEN 7338869 AND 7338878 ORDER BY c
	Sort  (cost=39.17..39.20 rows=10 width=121)
	  Sort Key: c
	  ->  Index Scan using sbtest6_pkey on sbtest6  (cost=0.43..39.00 rows=10 width=121)
	        Index Cond: ((id >= 7338869) AND (id <= 7338878))

table 7 : explain SELECT c FROM sbtest7 WHERE id BETWEEN 1409471 AND 1409480 ORDER BY c
	Sort  (cost=42.83..42.86 rows=11 width=121)
	  Sort Key: c
	  ->  Index Scan using sbtest7_pkey on sbtest7  (cost=0.43..42.64 rows=11 width=121)
	        Index Cond: ((id >= 1409471) AND (id <= 1409480))

table 8 : explain SELECT c FROM sbtest8 WHERE id BETWEEN 4805302 AND 4805311 ORDER BY c
	Sort  (cost=35.92..35.94 rows=9 width=121)
	  Sort Key: c
	  ->  Index Scan using sbtest8_pkey on sbtest8  (cost=0.43..35.78 rows=9 width=121)
	        Index Cond: ((id >= 4805302) AND (id <= 4805311))

for: order_ranges
table 1 : explain SELECT c FROM sbtest1 WHERE id BETWEEN 2245803 AND 2245812 ORDER BY c
	Sort  (cost=39.15..39.18 rows=10 width=121)
	  Sort Key: c
	  ->  Index Scan using sbtest1_pkey on sbtest1  (cost=0.43..38.99 rows=10 width=121)
	        Index Cond: ((id >= 2245803) AND (id <= 2245812))

table 2 : explain SELECT c FROM sbtest2 WHERE id BETWEEN 6224980 AND 6224989 ORDER BY c
	Sort  (cost=39.25..39.28 rows=10 width=121)
	  Sort Key: c
	  ->  Index Scan using sbtest2_pkey on sbtest2  (cost=0.43..39.09 rows=10 width=121)
	        Index Cond: ((id >= 6224980) AND (id <= 6224989))

table 3 : explain SELECT c FROM sbtest3 WHERE id BETWEEN 2158233 AND 2158242 ORDER BY c
	Sort  (cost=36.01..36.03 rows=9 width=121)
	  Sort Key: c
	  ->  Index Scan using sbtest3_pkey on sbtest3  (cost=0.43..35.87 rows=9 width=121)
	        Index Cond: ((id >= 2158233) AND (id <= 2158242))

table 4 : explain SELECT c FROM sbtest4 WHERE id BETWEEN 9631097 AND 9631106 ORDER BY c
	Sort  (cost=36.01..36.03 rows=9 width=121)
	  Sort Key: c
	  ->  Index Scan using sbtest4_pkey on sbtest4  (cost=0.43..35.87 rows=9 width=121)
	        Index Cond: ((id >= 9631097) AND (id <= 9631106))

table 5 : explain SELECT c FROM sbtest5 WHERE id BETWEEN 7788461 AND 7788470 ORDER BY c
	Sort  (cost=39.37..39.40 rows=10 width=121)
	  Sort Key: c
	  ->  Index Scan using sbtest5_pkey on sbtest5  (cost=0.43..39.21 rows=10 width=121)
	        Index Cond: ((id >= 7788461) AND (id <= 7788470))

table 6 : explain SELECT c FROM sbtest6 WHERE id BETWEEN 1053395 AND 1053404 ORDER BY c
	Sort  (cost=39.17..39.20 rows=10 width=121)
	  Sort Key: c
	  ->  Index Scan using sbtest6_pkey on sbtest6  (cost=0.43..39.00 rows=10 width=121)
	        Index Cond: ((id >= 1053395) AND (id <= 1053404))

table 7 : explain SELECT c FROM sbtest7 WHERE id BETWEEN 9638295 AND 9638304 ORDER BY c
	Sort  (cost=35.95..35.97 rows=9 width=121)
	  Sort Key: c
	  ->  Index Scan using sbtest7_pkey on sbtest7  (cost=0.43..35.81 rows=9 width=121)
	        Index Cond: ((id >= 9638295) AND (id <= 9638304))

table 8 : explain SELECT c FROM sbtest8 WHERE id BETWEEN 9690122 AND 9690131 ORDER BY c
	Sort  (cost=39.36..39.38 rows=10 width=121)
	  Sort Key: c
	  ->  Index Scan using sbtest8_pkey on sbtest8  (cost=0.43..39.19 rows=10 width=121)
	        Index Cond: ((id >= 9690122) AND (id <= 9690131))

for: distinct_ranges
table 1 : explain SELECT DISTINCT c FROM sbtest1 WHERE id BETWEEN 9005271 AND 9005280 ORDER BY c
	Unique  (cost=39.15..39.20 rows=10 width=121)
	  ->  Sort  (cost=39.15..39.18 rows=10 width=121)
	        Sort Key: c
	        ->  Index Scan using sbtest1_pkey on sbtest1  (cost=0.43..38.99 rows=10 width=121)
	              Index Cond: ((id >= 9005271) AND (id <= 9005280))

table 2 : explain SELECT DISTINCT c FROM sbtest2 WHERE id BETWEEN 6660453 AND 6660462 ORDER BY c
	Unique  (cost=39.25..39.30 rows=10 width=121)
	  ->  Sort  (cost=39.25..39.28 rows=10 width=121)
	        Sort Key: c
	        ->  Index Scan using sbtest2_pkey on sbtest2  (cost=0.43..39.09 rows=10 width=121)
	              Index Cond: ((id >= 6660453) AND (id <= 6660462))

table 3 : explain SELECT DISTINCT c FROM sbtest3 WHERE id BETWEEN 631625 AND 631634 ORDER BY c
	Unique  (cost=42.91..42.97 rows=11 width=121)
	  ->  Sort  (cost=42.91..42.94 rows=11 width=121)
	        Sort Key: c
	        ->  Index Scan using sbtest3_pkey on sbtest3  (cost=0.43..42.72 rows=11 width=121)
	              Index Cond: ((id >= 631625) AND (id <= 631634))

table 4 : explain SELECT DISTINCT c FROM sbtest4 WHERE id BETWEEN 6505396 AND 6505405 ORDER BY c
	Unique  (cost=39.46..39.51 rows=10 width=121)
	  ->  Sort  (cost=39.46..39.49 rows=10 width=121)
	        Sort Key: c
	        ->  Index Scan using sbtest4_pkey on sbtest4  (cost=0.43..39.29 rows=10 width=121)
	              Index Cond: ((id >= 6505396) AND (id <= 6505405))

table 5 : explain SELECT DISTINCT c FROM sbtest5 WHERE id BETWEEN 8898394 AND 8898403 ORDER BY c
	Unique  (cost=39.37..39.42 rows=10 width=121)
	  ->  Sort  (cost=39.37..39.40 rows=10 width=121)
	        Sort Key: c
	        ->  Index Scan using sbtest5_pkey on sbtest5  (cost=0.43..39.21 rows=10 width=121)
	              Index Cond: ((id >= 8898394) AND (id <= 8898403))

table 6 : explain SELECT DISTINCT c FROM sbtest6 WHERE id BETWEEN 1602177 AND 1602186 ORDER BY c
	Unique  (cost=42.59..42.64 rows=11 width=121)
	  ->  Sort  (cost=42.59..42.62 rows=11 width=121)
	        Sort Key: c
	        ->  Index Scan using sbtest6_pkey on sbtest6  (cost=0.43..42.40 rows=11 width=121)
	              Index Cond: ((id >= 1602177) AND (id <= 1602186))

table 7 : explain SELECT DISTINCT c FROM sbtest7 WHERE id BETWEEN 9853719 AND 9853728 ORDER BY c
	Unique  (cost=42.83..42.89 rows=11 width=121)
	  ->  Sort  (cost=42.83..42.86 rows=11 width=121)
	        Sort Key: c
	        ->  Index Scan using sbtest7_pkey on sbtest7  (cost=0.43..42.64 rows=11 width=121)
	              Index Cond: ((id >= 9853719) AND (id <= 9853728))

table 8 : explain SELECT DISTINCT c FROM sbtest8 WHERE id BETWEEN 8558766 AND 8558775 ORDER BY c
	Unique  (cost=39.36..39.41 rows=10 width=121)
	  ->  Sort  (cost=39.36..39.38 rows=10 width=121)
	        Sort Key: c
	        ->  Index Scan using sbtest8_pkey on sbtest8  (cost=0.43..39.19 rows=10 width=121)
	              Index Cond: ((id >= 8558766) AND (id <= 8558775))

for: order_ranges
table 1 : explain SELECT c FROM sbtest1 WHERE id BETWEEN 6576005 AND 6576014 ORDER BY c
	Sort  (cost=39.15..39.18 rows=10 width=121)
	  Sort Key: c
	  ->  Index Scan using sbtest1_pkey on sbtest1  (cost=0.43..38.99 rows=10 width=121)
	        Index Cond: ((id >= 6576005) AND (id <= 6576014))

table 2 : explain SELECT c FROM sbtest2 WHERE id BETWEEN 3179963 AND 3179972 ORDER BY c
	Sort  (cost=35.83..35.85 rows=9 width=121)
	  Sort Key: c
	  ->  Index Scan using sbtest2_pkey on sbtest2  (cost=0.43..35.68 rows=9 width=121)
	        Index Cond: ((id >= 3179963) AND (id <= 3179972))

table 3 : explain SELECT c FROM sbtest3 WHERE id BETWEEN 6981684 AND 6981693 ORDER BY c
	Sort  (cost=39.46..39.48 rows=10 width=121)
	  Sort Key: c
	  ->  Index Scan using sbtest3_pkey on sbtest3  (cost=0.43..39.29 rows=10 width=121)
	        Index Cond: ((id >= 6981684) AND (id <= 6981693))

table 4 : explain SELECT c FROM sbtest4 WHERE id BETWEEN 7229916 AND 7229925 ORDER BY c
	Sort  (cost=36.01..36.03 rows=9 width=121)
	  Sort Key: c
	  ->  Index Scan using sbtest4_pkey on sbtest4  (cost=0.43..35.87 rows=9 width=121)
	        Index Cond: ((id >= 7229916) AND (id <= 7229925))

table 5 : explain SELECT c FROM sbtest5 WHERE id BETWEEN 2254002 AND 2254011 ORDER BY c
	Sort  (cost=35.93..35.95 rows=9 width=121)
	  Sort Key: c
	  ->  Index Scan using sbtest5_pkey on sbtest5  (cost=0.43..35.79 rows=9 width=121)
	        Index Cond: ((id >= 2254002) AND (id <= 2254011))

table 6 : explain SELECT c FROM sbtest6 WHERE id BETWEEN 1482748 AND 1482757 ORDER BY c
	Sort  (cost=42.59..42.62 rows=11 width=121)
	  Sort Key: c
	  ->  Index Scan using sbtest6_pkey on sbtest6  (cost=0.43..42.40 rows=11 width=121)
	        Index Cond: ((id >= 1482748) AND (id <= 1482757))

table 7 : explain SELECT c FROM sbtest7 WHERE id BETWEEN 3359410 AND 3359419 ORDER BY c
	Sort  (cost=35.95..35.97 rows=9 width=121)
	  Sort Key: c
	  ->  Index Scan using sbtest7_pkey on sbtest7  (cost=0.43..35.81 rows=9 width=121)
	        Index Cond: ((id >= 3359410) AND (id <= 3359419))

table 8 : explain SELECT c FROM sbtest8 WHERE id BETWEEN 8152548 AND 8152557 ORDER BY c
	Sort  (cost=39.36..39.38 rows=10 width=121)
	  Sort Key: c
	  ->  Index Scan using sbtest8_pkey on sbtest8  (cost=0.43..39.19 rows=10 width=121)
	        Index Cond: ((id >= 8152548) AND (id <= 8152557))

explain: for index_updates :: explain UPDATE sbtest%u SET k=k+1 WHERE id=%u
for: distinct_ranges
table 1 : explain SELECT DISTINCT c FROM sbtest1 WHERE id BETWEEN 3954127 AND 3954136 ORDER BY c
	Unique  (cost=42.57..42.63 rows=11 width=121)
	  ->  Sort  (cost=42.57..42.60 rows=11 width=121)
	        Sort Key: c
	        ->  Index Scan using sbtest1_pkey on sbtest1  (cost=0.43..42.38 rows=11 width=121)
	              Index Cond: ((id >= 3954127) AND (id <= 3954136))

table 2 : explain SELECT DISTINCT c FROM sbtest2 WHERE id BETWEEN 2328565 AND 2328574 ORDER BY c
	Unique  (cost=39.25..39.30 rows=10 width=121)
	  ->  Sort  (cost=39.25..39.28 rows=10 width=121)
	        Sort Key: c
	        ->  Index Scan using sbtest2_pkey on sbtest2  (cost=0.43..39.09 rows=10 width=121)
	              Index Cond: ((id >= 2328565) AND (id <= 2328574))

table 3 : explain SELECT DISTINCT c FROM sbtest3 WHERE id BETWEEN 8563060 AND 8563069 ORDER BY c
	Unique  (cost=39.46..39.51 rows=10 width=121)
	  ->  Sort  (cost=39.46..39.48 rows=10 width=121)
	        Sort Key: c
	        ->  Index Scan using sbtest3_pkey on sbtest3  (cost=0.43..39.29 rows=10 width=121)
	              Index Cond: ((id >= 8563060) AND (id <= 8563069))

table 4 : explain SELECT DISTINCT c FROM sbtest4 WHERE id BETWEEN 9341839 AND 9341848 ORDER BY c
	Unique  (cost=39.46..39.51 rows=10 width=121)
	  ->  Sort  (cost=39.46..39.49 rows=10 width=121)
	        Sort Key: c
	        ->  Index Scan using sbtest4_pkey on sbtest4  (cost=0.43..39.29 rows=10 width=121)
	              Index Cond: ((id >= 9341839) AND (id <= 9341848))

table 5 : explain SELECT DISTINCT c FROM sbtest5 WHERE id BETWEEN 7833521 AND 7833530 ORDER BY c
	Unique  (cost=39.37..39.42 rows=10 width=121)
	  ->  Sort  (cost=39.37..39.40 rows=10 width=121)
	        Sort Key: c
	        ->  Index Scan using sbtest5_pkey on sbtest5  (cost=0.43..39.21 rows=10 width=121)
	              Index Cond: ((id >= 7833521) AND (id <= 7833530))

table 6 : explain SELECT DISTINCT c FROM sbtest6 WHERE id BETWEEN 6356436 AND 6356445 ORDER BY c
	Unique  (cost=39.17..39.22 rows=10 width=121)
	  ->  Sort  (cost=39.17..39.20 rows=10 width=121)
	        Sort Key: c
	        ->  Index Scan using sbtest6_pkey on sbtest6  (cost=0.43..39.00 rows=10 width=121)
	              Index Cond: ((id >= 6356436) AND (id <= 6356445))

table 7 : explain SELECT DISTINCT c FROM sbtest7 WHERE id BETWEEN 9727879 AND 9727888 ORDER BY c
	Unique  (cost=42.83..42.89 rows=11 width=121)
	  ->  Sort  (cost=42.83..42.86 rows=11 width=121)
	        Sort Key: c
	        ->  Index Scan using sbtest7_pkey on sbtest7  (cost=0.43..42.64 rows=11 width=121)
	              Index Cond: ((id >= 9727879) AND (id <= 9727888))

table 8 : explain SELECT DISTINCT c FROM sbtest8 WHERE id BETWEEN 1745889 AND 1745898 ORDER BY c
	Unique  (cost=39.36..39.41 rows=10 width=121)
	  ->  Sort  (cost=39.36..39.38 rows=10 width=121)
	        Sort Key: c
	        ->  Index Scan using sbtest8_pkey on sbtest8  (cost=0.43..39.19 rows=10 width=121)
	              Index Cond: ((id >= 1745889) AND (id <= 1745898))

for: distinct_ranges
table 1 : explain SELECT DISTINCT c FROM sbtest1 WHERE id BETWEEN 8350363 AND 8350372 ORDER BY c
	Unique  (cost=39.15..39.20 rows=10 width=121)
	  ->  Sort  (cost=39.15..39.18 rows=10 width=121)
	        Sort Key: c
	        ->  Index Scan using sbtest1_pkey on sbtest1  (cost=0.43..38.99 rows=10 width=121)
	              Index Cond: ((id >= 8350363) AND (id <= 8350372))

table 2 : explain SELECT DISTINCT c FROM sbtest2 WHERE id BETWEEN 1891411 AND 1891420 ORDER BY c
	Unique  (cost=39.25..39.30 rows=10 width=121)
	  ->  Sort  (cost=39.25..39.28 rows=10 width=121)
	        Sort Key: c
	        ->  Index Scan using sbtest2_pkey on sbtest2  (cost=0.43..39.09 rows=10 width=121)
	              Index Cond: ((id >= 1891411) AND (id <= 1891420))

table 3 : explain SELECT DISTINCT c FROM sbtest3 WHERE id BETWEEN 7320465 AND 7320474 ORDER BY c
	Unique  (cost=39.46..39.51 rows=10 width=121)
	  ->  Sort  (cost=39.46..39.48 rows=10 width=121)
	        Sort Key: c
	        ->  Index Scan using sbtest3_pkey on sbtest3  (cost=0.43..39.29 rows=10 width=121)
	              Index Cond: ((id >= 7320465) AND (id <= 7320474))

table 4 : explain SELECT DISTINCT c FROM sbtest4 WHERE id BETWEEN 2865345 AND 2865354 ORDER BY c
	Unique  (cost=36.01..36.06 rows=9 width=121)
	  ->  Sort  (cost=36.01..36.03 rows=9 width=121)
	        Sort Key: c
	        ->  Index Scan using sbtest4_pkey on sbtest4  (cost=0.43..35.87 rows=9 width=121)
	              Index Cond: ((id >= 2865345) AND (id <= 2865354))

table 5 : explain SELECT DISTINCT c FROM sbtest5 WHERE id BETWEEN 9380983 AND 9380992 ORDER BY c
	Unique  (cost=39.37..39.42 rows=10 width=121)
	  ->  Sort  (cost=39.37..39.40 rows=10 width=121)
	        Sort Key: c
	        ->  Index Scan using sbtest5_pkey on sbtest5  (cost=0.43..39.21 rows=10 width=121)
	              Index Cond: ((id >= 9380983) AND (id <= 9380992))

table 6 : explain SELECT DISTINCT c FROM sbtest6 WHERE id BETWEEN 5780560 AND 5780569 ORDER BY c
	Unique  (cost=39.17..39.22 rows=10 width=121)
	  ->  Sort  (cost=39.17..39.20 rows=10 width=121)
	        Sort Key: c
	        ->  Index Scan using sbtest6_pkey on sbtest6  (cost=0.43..39.00 rows=10 width=121)
	              Index Cond: ((id >= 5780560) AND (id <= 5780569))

table 7 : explain SELECT DISTINCT c FROM sbtest7 WHERE id BETWEEN 9768311 AND 9768320 ORDER BY c
	Unique  (cost=42.83..42.89 rows=11 width=121)
	  ->  Sort  (cost=42.83..42.86 rows=11 width=121)
	        Sort Key: c
	        ->  Index Scan using sbtest7_pkey on sbtest7  (cost=0.43..42.64 rows=11 width=121)
	              Index Cond: ((id >= 9768311) AND (id <= 9768320))

table 8 : explain SELECT DISTINCT c FROM sbtest8 WHERE id BETWEEN 3806353 AND 3806362 ORDER BY c
	Unique  (cost=39.36..39.41 rows=10 width=121)
	  ->  Sort  (cost=39.36..39.38 rows=10 width=121)
	        Sort Key: c
	        ->  Index Scan using sbtest8_pkey on sbtest8  (cost=0.43..39.19 rows=10 width=121)
	              Index Cond: ((id >= 3806353) AND (id <= 3806362))

explain: for index_updates :: explain UPDATE sbtest%u SET k=k+1 WHERE id=%u
for: order_ranges
table 1 : explain SELECT c FROM sbtest1 WHERE id BETWEEN 4398534 AND 4398543 ORDER BY c
	Sort  (cost=39.15..39.18 rows=10 width=121)
	  Sort Key: c
	  ->  Index Scan using sbtest1_pkey on sbtest1  (cost=0.43..38.99 rows=10 width=121)
	        Index Cond: ((id >= 4398534) AND (id <= 4398543))

table 2 : explain SELECT c FROM sbtest2 WHERE id BETWEEN 5210995 AND 5211004 ORDER BY c
	Sort  (cost=39.25..39.28 rows=10 width=121)
	  Sort Key: c
	  ->  Index Scan using sbtest2_pkey on sbtest2  (cost=0.43..39.09 rows=10 width=121)
	        Index Cond: ((id >= 5210995) AND (id <= 5211004))

table 3 : explain SELECT c FROM sbtest3 WHERE id BETWEEN 9362624 AND 9362633 ORDER BY c
	Sort  (cost=42.91..42.94 rows=11 width=121)
	  Sort Key: c
	  ->  Index Scan using sbtest3_pkey on sbtest3  (cost=0.43..42.72 rows=11 width=121)
	        Index Cond: ((id >= 9362624) AND (id <= 9362633))

table 4 : explain SELECT c FROM sbtest4 WHERE id BETWEEN 5679272 AND 5679281 ORDER BY c
	Sort  (cost=39.46..39.49 rows=10 width=121)
	  Sort Key: c
	  ->  Index Scan using sbtest4_pkey on sbtest4  (cost=0.43..39.29 rows=10 width=121)
	        Index Cond: ((id >= 5679272) AND (id <= 5679281))

table 5 : explain SELECT c FROM sbtest5 WHERE id BETWEEN 7658143 AND 7658152 ORDER BY c
	Sort  (cost=39.37..39.40 rows=10 width=121)
	  Sort Key: c
	  ->  Index Scan using sbtest5_pkey on sbtest5  (cost=0.43..39.21 rows=10 width=121)
	        Index Cond: ((id >= 7658143) AND (id <= 7658152))

table 6 : explain SELECT c FROM sbtest6 WHERE id BETWEEN 6211308 AND 6211317 ORDER BY c
	Sort  (cost=39.17..39.20 rows=10 width=121)
	  Sort Key: c
	  ->  Index Scan using sbtest6_pkey on sbtest6  (cost=0.43..39.00 rows=10 width=121)
	        Index Cond: ((id >= 6211308) AND (id <= 6211317))

table 7 : explain SELECT c FROM sbtest7 WHERE id BETWEEN 7068497 AND 7068506 ORDER BY c
	Sort  (cost=35.95..35.97 rows=9 width=121)
	  Sort Key: c
	  ->  Index Scan using sbtest7_pkey on sbtest7  (cost=0.43..35.81 rows=9 width=121)
	        Index Cond: ((id >= 7068497) AND (id <= 7068506))

table 8 : explain SELECT c FROM sbtest8 WHERE id BETWEEN 1283636 AND 1283645 ORDER BY c
	Sort  (cost=39.36..39.38 rows=10 width=121)
	  Sort Key: c
	  ->  Index Scan using sbtest8_pkey on sbtest8  (cost=0.43..39.19 rows=10 width=121)
	        Index Cond: ((id >= 1283636) AND (id <= 1283645))

explain: for index_updates :: explain UPDATE sbtest%u SET k=k+1 WHERE id=%u
for: simple_ranges
table 1 : explain SELECT c FROM sbtest1 WHERE id BETWEEN 6392717 AND 6392726
	Index Scan using sbtest1_pkey on sbtest1  (cost=0.43..42.38 rows=11 width=121)
	  Index Cond: ((id >= 6392717) AND (id <= 6392726))

table 2 : explain SELECT c FROM sbtest2 WHERE id BETWEEN 9085926 AND 9085935
	Index Scan using sbtest2_pkey on sbtest2  (cost=0.43..39.09 rows=10 width=121)
	  Index Cond: ((id >= 9085926) AND (id <= 9085935))

table 3 : explain SELECT c FROM sbtest3 WHERE id BETWEEN 5123625 AND 5123634
	Index Scan using sbtest3_pkey on sbtest3  (cost=0.43..39.29 rows=10 width=121)
	  Index Cond: ((id >= 5123625) AND (id <= 5123634))

table 4 : explain SELECT c FROM sbtest4 WHERE id BETWEEN 373489 AND 373498
	Index Scan using sbtest4_pkey on sbtest4  (cost=0.43..39.29 rows=10 width=121)
	  Index Cond: ((id >= 373489) AND (id <= 373498))

table 5 : explain SELECT c FROM sbtest5 WHERE id BETWEEN 4748162 AND 4748171
	Index Scan using sbtest5_pkey on sbtest5  (cost=0.43..42.62 rows=11 width=121)
	  Index Cond: ((id >= 4748162) AND (id <= 4748171))

table 6 : explain SELECT c FROM sbtest6 WHERE id BETWEEN 4737619 AND 4737628
	Index Scan using sbtest6_pkey on sbtest6  (cost=0.43..35.61 rows=9 width=121)
	  Index Cond: ((id >= 4737619) AND (id <= 4737628))

table 7 : explain SELECT c FROM sbtest7 WHERE id BETWEEN 8608824 AND 8608833
	Index Scan using sbtest7_pkey on sbtest7  (cost=0.43..42.64 rows=11 width=121)
	  Index Cond: ((id >= 8608824) AND (id <= 8608833))

table 8 : explain SELECT c FROM sbtest8 WHERE id BETWEEN 7549564 AND 7549573
	Index Scan using sbtest8_pkey on sbtest8  (cost=0.43..39.19 rows=10 width=121)
	  Index Cond: ((id >= 7549564) AND (id <= 7549573))

for: sum_ranges
table 1 : explain SELECT SUM(k) FROM sbtest1 WHERE id BETWEEN 2886087 AND 2886096
	Aggregate  (cost=42.41..42.42 rows=1 width=8)
	  ->  Index Scan using sbtest1_pkey on sbtest1  (cost=0.43..42.38 rows=11 width=4)
	        Index Cond: ((id >= 2886087) AND (id <= 2886096))

table 2 : explain SELECT SUM(k) FROM sbtest2 WHERE id BETWEEN 6537324 AND 6537333
	Aggregate  (cost=39.11..39.12 rows=1 width=8)
	  ->  Index Scan using sbtest2_pkey on sbtest2  (cost=0.43..39.09 rows=10 width=4)
	        Index Cond: ((id >= 6537324) AND (id <= 6537333))

table 3 : explain SELECT SUM(k) FROM sbtest3 WHERE id BETWEEN 3982366 AND 3982375
	Aggregate  (cost=42.75..42.76 rows=1 width=8)
	  ->  Index Scan using sbtest3_pkey on sbtest3  (cost=0.43..42.72 rows=11 width=4)
	        Index Cond: ((id >= 3982366) AND (id <= 3982375))

table 4 : explain SELECT SUM(k) FROM sbtest4 WHERE id BETWEEN 598417 AND 598426
	Aggregate  (cost=42.75..42.76 rows=1 width=8)
	  ->  Index Scan using sbtest4_pkey on sbtest4  (cost=0.43..42.72 rows=11 width=4)
	        Index Cond: ((id >= 598417) AND (id <= 598426))

table 5 : explain SELECT SUM(k) FROM sbtest5 WHERE id BETWEEN 13286 AND 13295
	Aggregate  (cost=39.23..39.24 rows=1 width=8)
	  ->  Index Scan using sbtest5_pkey on sbtest5  (cost=0.43..39.21 rows=10 width=4)
	        Index Cond: ((id >= 13286) AND (id <= 13295))

table 6 : explain SELECT SUM(k) FROM sbtest6 WHERE id BETWEEN 9584102 AND 9584111
	Aggregate  (cost=42.43..42.44 rows=1 width=8)
	  ->  Index Scan using sbtest6_pkey on sbtest6  (cost=0.43..42.40 rows=11 width=4)
	        Index Cond: ((id >= 9584102) AND (id <= 9584111))

table 7 : explain SELECT SUM(k) FROM sbtest7 WHERE id BETWEEN 4863992 AND 4864001
	Aggregate  (cost=39.25..39.26 rows=1 width=8)
	  ->  Index Scan using sbtest7_pkey on sbtest7  (cost=0.43..39.22 rows=10 width=4)
	        Index Cond: ((id >= 4863992) AND (id <= 4864001))

table 8 : explain SELECT SUM(k) FROM sbtest8 WHERE id BETWEEN 5957861 AND 5957870
	Aggregate  (cost=35.80..35.81 rows=1 width=8)
	  ->  Index Scan using sbtest8_pkey on sbtest8  (cost=0.43..35.78 rows=9 width=4)
	        Index Cond: ((id >= 5957861) AND (id <= 5957870))

for index_updates
table 1 : explain UPDATE sbtest1 SET k=k+1 WHERE id=6004231
	Update on sbtest1  (cost=0.43..8.46 rows=1 width=196)
	  ->  Index Scan using sbtest1_pkey on sbtest1  (cost=0.43..8.46 rows=1 width=196)
	        Index Cond: (id = 6004231)

table 2 : explain UPDATE sbtest2 SET k=k+1 WHERE id=5829109
	Update on sbtest2  (cost=0.43..8.46 rows=1 width=196)
	  ->  Index Scan using sbtest2_pkey on sbtest2  (cost=0.43..8.46 rows=1 width=196)
	        Index Cond: (id = 5829109)

table 3 : explain UPDATE sbtest3 SET k=k+1 WHERE id=6858295
	Update on sbtest3  (cost=0.43..8.46 rows=1 width=196)
	  ->  Index Scan using sbtest3_pkey on sbtest3  (cost=0.43..8.46 rows=1 width=196)
	        Index Cond: (id = 6858295)

table 4 : explain UPDATE sbtest4 SET k=k+1 WHERE id=4231693
	Update on sbtest4  (cost=0.43..8.46 rows=1 width=196)
	  ->  Index Scan using sbtest4_pkey on sbtest4  (cost=0.43..8.46 rows=1 width=196)
	        Index Cond: (id = 4231693)

table 5 : explain UPDATE sbtest5 SET k=k+1 WHERE id=9418075
	Update on sbtest5  (cost=0.43..8.46 rows=1 width=196)
	  ->  Index Scan using sbtest5_pkey on sbtest5  (cost=0.43..8.46 rows=1 width=196)
	        Index Cond: (id = 9418075)

table 6 : explain UPDATE sbtest6 SET k=k+1 WHERE id=2394069
	Update on sbtest6  (cost=0.43..8.46 rows=1 width=196)
	  ->  Index Scan using sbtest6_pkey on sbtest6  (cost=0.43..8.46 rows=1 width=196)
	        Index Cond: (id = 2394069)

table 7 : explain UPDATE sbtest7 SET k=k+1 WHERE id=6327820
	Update on sbtest7  (cost=0.43..8.46 rows=1 width=196)
	  ->  Index Scan using sbtest7_pkey on sbtest7  (cost=0.43..8.46 rows=1 width=196)
	        Index Cond: (id = 6327820)

table 8 : explain UPDATE sbtest8 SET k=k+1 WHERE id=3642758
	Update on sbtest8  (cost=0.43..8.46 rows=1 width=196)
	  ->  Index Scan using sbtest8_pkey on sbtest8  (cost=0.43..8.46 rows=1 width=196)
	        Index Cond: (id = 3642758)

for index_updates
table 1 : explain UPDATE sbtest1 SET k=k+1 WHERE id=5005989
	Update on sbtest1  (cost=0.43..8.46 rows=1 width=196)
	  ->  Index Scan using sbtest1_pkey on sbtest1  (cost=0.43..8.46 rows=1 width=196)
	        Index Cond: (id = 5005989)

table 2 : explain UPDATE sbtest2 SET k=k+1 WHERE id=7107101
	Update on sbtest2  (cost=0.43..8.46 rows=1 width=196)
	  ->  Index Scan using sbtest2_pkey on sbtest2  (cost=0.43..8.46 rows=1 width=196)
	        Index Cond: (id = 7107101)

table 3 : explain UPDATE sbtest3 SET k=k+1 WHERE id=7935473
	Update on sbtest3  (cost=0.43..8.46 rows=1 width=196)
	  ->  Index Scan using sbtest3_pkey on sbtest3  (cost=0.43..8.46 rows=1 width=196)
	        Index Cond: (id = 7935473)

table 4 : explain UPDATE sbtest4 SET k=k+1 WHERE id=2673204
	Update on sbtest4  (cost=0.43..8.46 rows=1 width=196)
	  ->  Index Scan using sbtest4_pkey on sbtest4  (cost=0.43..8.46 rows=1 width=196)
	        Index Cond: (id = 2673204)

table 5 : explain UPDATE sbtest5 SET k=k+1 WHERE id=9656638
	Update on sbtest5  (cost=0.43..8.46 rows=1 width=196)
	  ->  Index Scan using sbtest5_pkey on sbtest5  (cost=0.43..8.46 rows=1 width=196)
	        Index Cond: (id = 9656638)

table 6 : explain UPDATE sbtest6 SET k=k+1 WHERE id=8177271
	Update on sbtest6  (cost=0.43..8.46 rows=1 width=196)
	  ->  Index Scan using sbtest6_pkey on sbtest6  (cost=0.43..8.46 rows=1 width=196)
	        Index Cond: (id = 8177271)

table 7 : explain UPDATE sbtest7 SET k=k+1 WHERE id=6240134
	Update on sbtest7  (cost=0.43..8.46 rows=1 width=196)
	  ->  Index Scan using sbtest7_pkey on sbtest7  (cost=0.43..8.46 rows=1 width=196)
	        Index Cond: (id = 6240134)

table 8 : explain UPDATE sbtest8 SET k=k+1 WHERE id=1832253
	Update on sbtest8  (cost=0.43..8.46 rows=1 width=196)
	  ->  Index Scan using sbtest8_pkey on sbtest8  (cost=0.43..8.46 rows=1 width=196)
	        Index Cond: (id = 1832253)

explain: for point_selects :: explain SELECT c FROM sbtest%u WHERE id=%u
for: distinct_ranges
table 1 : explain SELECT DISTINCT c FROM sbtest1 WHERE id BETWEEN 7799182 AND 7799191 ORDER BY c
	Unique  (cost=42.57..42.63 rows=11 width=121)
	  ->  Sort  (cost=42.57..42.60 rows=11 width=121)
	        Sort Key: c
	        ->  Index Scan using sbtest1_pkey on sbtest1  (cost=0.43..42.38 rows=11 width=121)
	              Index Cond: ((id >= 7799182) AND (id <= 7799191))

table 2 : explain SELECT DISTINCT c FROM sbtest2 WHERE id BETWEEN 2979156 AND 2979165 ORDER BY c
	Unique  (cost=39.25..39.30 rows=10 width=121)
	  ->  Sort  (cost=39.25..39.28 rows=10 width=121)
	        Sort Key: c
	        ->  Index Scan using sbtest2_pkey on sbtest2  (cost=0.43..39.09 rows=10 width=121)
	              Index Cond: ((id >= 2979156) AND (id <= 2979165))

table 3 : explain SELECT DISTINCT c FROM sbtest3 WHERE id BETWEEN 7206773 AND 7206782 ORDER BY c
	Unique  (cost=42.91..42.97 rows=11 width=121)
	  ->  Sort  (cost=42.91..42.94 rows=11 width=121)
	        Sort Key: c
	        ->  Index Scan using sbtest3_pkey on sbtest3  (cost=0.43..42.72 rows=11 width=121)
	              Index Cond: ((id >= 7206773) AND (id <= 7206782))

table 4 : explain SELECT DISTINCT c FROM sbtest4 WHERE id BETWEEN 9922078 AND 9922087 ORDER BY c
	Unique  (cost=39.46..39.51 rows=10 width=121)
	  ->  Sort  (cost=39.46..39.49 rows=10 width=121)
	        Sort Key: c
	        ->  Index Scan using sbtest4_pkey on sbtest4  (cost=0.43..39.29 rows=10 width=121)
	              Index Cond: ((id >= 9922078) AND (id <= 9922087))

table 5 : explain SELECT DISTINCT c FROM sbtest5 WHERE id BETWEEN 5034761 AND 5034770 ORDER BY c
	Unique  (cost=35.93..35.98 rows=9 width=121)
	  ->  Sort  (cost=35.93..35.95 rows=9 width=121)
	        Sort Key: c
	        ->  Index Scan using sbtest5_pkey on sbtest5  (cost=0.43..35.79 rows=9 width=121)
	              Index Cond: ((id >= 5034761) AND (id <= 5034770))

table 6 : explain SELECT DISTINCT c FROM sbtest6 WHERE id BETWEEN 8252919 AND 8252928 ORDER BY c
	Unique  (cost=39.17..39.22 rows=10 width=121)
	  ->  Sort  (cost=39.17..39.20 rows=10 width=121)
	        Sort Key: c
	        ->  Index Scan using sbtest6_pkey on sbtest6  (cost=0.43..39.00 rows=10 width=121)
	              Index Cond: ((id >= 8252919) AND (id <= 8252928))

table 7 : explain SELECT DISTINCT c FROM sbtest7 WHERE id BETWEEN 1626062 AND 1626071 ORDER BY c
	Unique  (cost=39.39..39.44 rows=10 width=121)
	  ->  Sort  (cost=39.39..39.42 rows=10 width=121)
	        Sort Key: c
	        ->  Index Scan using sbtest7_pkey on sbtest7  (cost=0.43..39.22 rows=10 width=121)
	              Index Cond: ((id >= 1626062) AND (id <= 1626071))

table 8 : explain SELECT DISTINCT c FROM sbtest8 WHERE id BETWEEN 2579666 AND 2579675 ORDER BY c
	Unique  (cost=39.36..39.41 rows=10 width=121)
	  ->  Sort  (cost=39.36..39.38 rows=10 width=121)
	        Sort Key: c
	        ->  Index Scan using sbtest8_pkey on sbtest8  (cost=0.43..39.19 rows=10 width=121)
	              Index Cond: ((id >= 2579666) AND (id <= 2579675))

explain: for non_index_updates :: explain UPDATE sbtest%u SET c='foobar' WHERE id=%u
for: distinct_ranges
table 1 : explain SELECT DISTINCT c FROM sbtest1 WHERE id BETWEEN 9521810 AND 9521819 ORDER BY c
	Unique  (cost=39.15..39.20 rows=10 width=121)
	  ->  Sort  (cost=39.15..39.18 rows=10 width=121)
	        Sort Key: c
	        ->  Index Scan using sbtest1_pkey on sbtest1  (cost=0.43..38.99 rows=10 width=121)
	              Index Cond: ((id >= 9521810) AND (id <= 9521819))

table 2 : explain SELECT DISTINCT c FROM sbtest2 WHERE id BETWEEN 2142570 AND 2142579 ORDER BY c
	Unique  (cost=35.83..35.87 rows=9 width=121)
	  ->  Sort  (cost=35.83..35.85 rows=9 width=121)
	        Sort Key: c
	        ->  Index Scan using sbtest2_pkey on sbtest2  (cost=0.43..35.68 rows=9 width=121)
	              Index Cond: ((id >= 2142570) AND (id <= 2142579))

table 3 : explain SELECT DISTINCT c FROM sbtest3 WHERE id BETWEEN 8812439 AND 8812448 ORDER BY c
	Unique  (cost=36.01..36.05 rows=9 width=121)
	  ->  Sort  (cost=36.01..36.03 rows=9 width=121)
	        Sort Key: c
	        ->  Index Scan using sbtest3_pkey on sbtest3  (cost=0.43..35.87 rows=9 width=121)
	              Index Cond: ((id >= 8812439) AND (id <= 8812448))

table 4 : explain SELECT DISTINCT c FROM sbtest4 WHERE id BETWEEN 4922524 AND 4922533 ORDER BY c
	Unique  (cost=42.91..42.97 rows=11 width=121)
	  ->  Sort  (cost=42.91..42.94 rows=11 width=121)
	        Sort Key: c
	        ->  Index Scan using sbtest4_pkey on sbtest4  (cost=0.43..42.72 rows=11 width=121)
	              Index Cond: ((id >= 4922524) AND (id <= 4922533))

table 5 : explain SELECT DISTINCT c FROM sbtest5 WHERE id BETWEEN 8037104 AND 8037113 ORDER BY c
	Unique  (cost=35.93..35.98 rows=9 width=121)
	  ->  Sort  (cost=35.93..35.95 rows=9 width=121)
	        Sort Key: c
	        ->  Index Scan using sbtest5_pkey on sbtest5  (cost=0.43..35.79 rows=9 width=121)
	              Index Cond: ((id >= 8037104) AND (id <= 8037113))

table 6 : explain SELECT DISTINCT c FROM sbtest6 WHERE id BETWEEN 8951837 AND 8951846 ORDER BY c
	Unique  (cost=39.17..39.22 rows=10 width=121)
	  ->  Sort  (cost=39.17..39.20 rows=10 width=121)
	        Sort Key: c
	        ->  Index Scan using sbtest6_pkey on sbtest6  (cost=0.43..39.00 rows=10 width=121)
	              Index Cond: ((id >= 8951837) AND (id <= 8951846))

table 7 : explain SELECT DISTINCT c FROM sbtest7 WHERE id BETWEEN 908558 AND 908567 ORDER BY c
	Unique  (cost=39.39..39.44 rows=10 width=121)
	  ->  Sort  (cost=39.39..39.42 rows=10 width=121)
	        Sort Key: c
	        ->  Index Scan using sbtest7_pkey on sbtest7  (cost=0.43..39.22 rows=10 width=121)
	              Index Cond: ((id >= 908558) AND (id <= 908567))

table 8 : explain SELECT DISTINCT c FROM sbtest8 WHERE id BETWEEN 848680 AND 848689 ORDER BY c
	Unique  (cost=39.36..39.41 rows=10 width=121)
	  ->  Sort  (cost=39.36..39.38 rows=10 width=121)
	        Sort Key: c
	        ->  Index Scan using sbtest8_pkey on sbtest8  (cost=0.43..39.19 rows=10 width=121)
	              Index Cond: ((id >= 848680) AND (id <= 848689))

for index_updates
table 1 : explain UPDATE sbtest1 SET k=k+1 WHERE id=5444048
	Update on sbtest1  (cost=0.43..8.46 rows=1 width=196)
	  ->  Index Scan using sbtest1_pkey on sbtest1  (cost=0.43..8.46 rows=1 width=196)
	        Index Cond: (id = 5444048)

table 2 : explain UPDATE sbtest2 SET k=k+1 WHERE id=3295102
	Update on sbtest2  (cost=0.43..8.46 rows=1 width=196)
	  ->  Index Scan using sbtest2_pkey on sbtest2  (cost=0.43..8.46 rows=1 width=196)
	        Index Cond: (id = 3295102)

table 3 : explain UPDATE sbtest3 SET k=k+1 WHERE id=9812950
	Update on sbtest3  (cost=0.43..8.46 rows=1 width=196)
	  ->  Index Scan using sbtest3_pkey on sbtest3  (cost=0.43..8.46 rows=1 width=196)
	        Index Cond: (id = 9812950)

table 4 : explain UPDATE sbtest4 SET k=k+1 WHERE id=7960492
	Update on sbtest4  (cost=0.43..8.46 rows=1 width=196)
	  ->  Index Scan using sbtest4_pkey on sbtest4  (cost=0.43..8.46 rows=1 width=196)
	        Index Cond: (id = 7960492)

table 5 : explain UPDATE sbtest5 SET k=k+1 WHERE id=9603659
	Update on sbtest5  (cost=0.43..8.46 rows=1 width=196)
	  ->  Index Scan using sbtest5_pkey on sbtest5  (cost=0.43..8.46 rows=1 width=196)
	        Index Cond: (id = 9603659)

table 6 : explain UPDATE sbtest6 SET k=k+1 WHERE id=7026464
	Update on sbtest6  (cost=0.43..8.46 rows=1 width=196)
	  ->  Index Scan using sbtest6_pkey on sbtest6  (cost=0.43..8.46 rows=1 width=196)
	        Index Cond: (id = 7026464)

table 7 : explain UPDATE sbtest7 SET k=k+1 WHERE id=6056163
	Update on sbtest7  (cost=0.43..8.46 rows=1 width=196)
	  ->  Index Scan using sbtest7_pkey on sbtest7  (cost=0.43..8.46 rows=1 width=196)
	        Index Cond: (id = 6056163)

table 8 : explain UPDATE sbtest8 SET k=k+1 WHERE id=9574274
	Update on sbtest8  (cost=0.43..8.46 rows=1 width=196)
	  ->  Index Scan using sbtest8_pkey on sbtest8  (cost=0.43..8.46 rows=1 width=196)
	        Index Cond: (id = 9574274)

explain: for non_index_updates :: explain UPDATE sbtest%u SET c='foobar' WHERE id=%u
explain: for non_index_updates :: explain UPDATE sbtest%u SET c='foobar' WHERE id=%u
explain: for index_updates :: explain UPDATE sbtest%u SET k=k+1 WHERE id=%u
explain: for index_updates :: explain UPDATE sbtest%u SET k=k+1 WHERE id=%u
for non_index_updates
table 1 : explain UPDATE sbtest1 SET c='foobar' WHERE id=1585106
	Update on sbtest1  (cost=0.43..8.45 rows=1 width=559)
	  ->  Index Scan using sbtest1_pkey on sbtest1  (cost=0.43..8.45 rows=1 width=559)
	        Index Cond: (id = 1585106)

table 2 : explain UPDATE sbtest2 SET c='foobar' WHERE id=5359162
	Update on sbtest2  (cost=0.43..8.45 rows=1 width=559)
	  ->  Index Scan using sbtest2_pkey on sbtest2  (cost=0.43..8.45 rows=1 width=559)
	        Index Cond: (id = 5359162)

table 3 : explain UPDATE sbtest3 SET c='foobar' WHERE id=3951404
	Update on sbtest3  (cost=0.43..8.45 rows=1 width=559)
	  ->  Index Scan using sbtest3_pkey on sbtest3  (cost=0.43..8.45 rows=1 width=559)
	        Index Cond: (id = 3951404)

table 4 : explain UPDATE sbtest4 SET c='foobar' WHERE id=694605
	Update on sbtest4  (cost=0.43..8.45 rows=1 width=559)
	  ->  Index Scan using sbtest4_pkey on sbtest4  (cost=0.43..8.45 rows=1 width=559)
	        Index Cond: (id = 694605)

table 5 : explain UPDATE sbtest5 SET c='foobar' WHERE id=8862935
	Update on sbtest5  (cost=0.43..8.45 rows=1 width=559)
	  ->  Index Scan using sbtest5_pkey on sbtest5  (cost=0.43..8.45 rows=1 width=559)
	        Index Cond: (id = 8862935)

table 6 : explain UPDATE sbtest6 SET c='foobar' WHERE id=3959691
	Update on sbtest6  (cost=0.43..8.45 rows=1 width=559)
	  ->  Index Scan using sbtest6_pkey on sbtest6  (cost=0.43..8.45 rows=1 width=559)
	        Index Cond: (id = 3959691)

table 7 : explain UPDATE sbtest7 SET c='foobar' WHERE id=2654386
	Update on sbtest7  (cost=0.43..8.45 rows=1 width=559)
	  ->  Index Scan using sbtest7_pkey on sbtest7  (cost=0.43..8.45 rows=1 width=559)
	        Index Cond: (id = 2654386)

table 8 : explain UPDATE sbtest8 SET c='foobar' WHERE id=4589236
	Update on sbtest8  (cost=0.43..8.45 rows=1 width=559)
	  ->  Index Scan using sbtest8_pkey on sbtest8  (cost=0.43..8.45 rows=1 width=559)
	        Index Cond: (id = 4589236)

for non_index_updates
table 1 : explain UPDATE sbtest1 SET c='foobar' WHERE id=4116322
	Update on sbtest1  (cost=0.43..8.45 rows=1 width=559)
	  ->  Index Scan using sbtest1_pkey on sbtest1  (cost=0.43..8.45 rows=1 width=559)
	        Index Cond: (id = 4116322)

table 2 : explain UPDATE sbtest2 SET c='foobar' WHERE id=1939689
	Update on sbtest2  (cost=0.43..8.45 rows=1 width=559)
	  ->  Index Scan using sbtest2_pkey on sbtest2  (cost=0.43..8.45 rows=1 width=559)
	        Index Cond: (id = 1939689)

table 3 : explain UPDATE sbtest3 SET c='foobar' WHERE id=1721801
	Update on sbtest3  (cost=0.43..8.45 rows=1 width=559)
	  ->  Index Scan using sbtest3_pkey on sbtest3  (cost=0.43..8.45 rows=1 width=559)
	        Index Cond: (id = 1721801)

table 4 : explain UPDATE sbtest4 SET c='foobar' WHERE id=3105468
	Update on sbtest4  (cost=0.43..8.45 rows=1 width=559)
	  ->  Index Scan using sbtest4_pkey on sbtest4  (cost=0.43..8.45 rows=1 width=559)
	        Index Cond: (id = 3105468)

table 5 : explain UPDATE sbtest5 SET c='foobar' WHERE id=2127869
	Update on sbtest5  (cost=0.43..8.45 rows=1 width=559)
	  ->  Index Scan using sbtest5_pkey on sbtest5  (cost=0.43..8.45 rows=1 width=559)
	        Index Cond: (id = 2127869)

table 6 : explain UPDATE sbtest6 SET c='foobar' WHERE id=7802270
	Update on sbtest6  (cost=0.43..8.45 rows=1 width=559)
	  ->  Index Scan using sbtest6_pkey on sbtest6  (cost=0.43..8.45 rows=1 width=559)
	        Index Cond: (id = 7802270)

table 7 : explain UPDATE sbtest7 SET c='foobar' WHERE id=8611505
	Update on sbtest7  (cost=0.43..8.45 rows=1 width=559)
	  ->  Index Scan using sbtest7_pkey on sbtest7  (cost=0.43..8.45 rows=1 width=559)
	        Index Cond: (id = 8611505)

table 8 : explain UPDATE sbtest8 SET c='foobar' WHERE id=1245045
	Update on sbtest8  (cost=0.43..8.45 rows=1 width=559)
	  ->  Index Scan using sbtest8_pkey on sbtest8  (cost=0.43..8.45 rows=1 width=559)
	        Index Cond: (id = 1245045)

explain: for deletes :: explain DELETE FROM sbtest%u WHERE id=%u
explain: for deletes :: explain DELETE FROM sbtest%u WHERE id=%u
for non_index_updates
table 1 : explain UPDATE sbtest1 SET c='foobar' WHERE id=1736058
	Update on sbtest1  (cost=0.43..8.45 rows=1 width=559)
	  ->  Index Scan using sbtest1_pkey on sbtest1  (cost=0.43..8.45 rows=1 width=559)
	        Index Cond: (id = 1736058)

table 2 : explain UPDATE sbtest2 SET c='foobar' WHERE id=4815102
	Update on sbtest2  (cost=0.43..8.45 rows=1 width=559)
	  ->  Index Scan using sbtest2_pkey on sbtest2  (cost=0.43..8.45 rows=1 width=559)
	        Index Cond: (id = 4815102)

table 3 : explain UPDATE sbtest3 SET c='foobar' WHERE id=8073290
	Update on sbtest3  (cost=0.43..8.45 rows=1 width=559)
	  ->  Index Scan using sbtest3_pkey on sbtest3  (cost=0.43..8.45 rows=1 width=559)
	        Index Cond: (id = 8073290)

table 4 : explain UPDATE sbtest4 SET c='foobar' WHERE id=8071261
	Update on sbtest4  (cost=0.43..8.45 rows=1 width=559)
	  ->  Index Scan using sbtest4_pkey on sbtest4  (cost=0.43..8.45 rows=1 width=559)
	        Index Cond: (id = 8071261)

table 5 : explain UPDATE sbtest5 SET c='foobar' WHERE id=9971860
	Update on sbtest5  (cost=0.43..8.45 rows=1 width=559)
	  ->  Index Scan using sbtest5_pkey on sbtest5  (cost=0.43..8.45 rows=1 width=559)
	        Index Cond: (id = 9971860)

table 6 : explain UPDATE sbtest6 SET c='foobar' WHERE id=9823725
	Update on sbtest6  (cost=0.43..8.45 rows=1 width=559)
	  ->  Index Scan using sbtest6_pkey on sbtest6  (cost=0.43..8.45 rows=1 width=559)
	        Index Cond: (id = 9823725)

table 7 : explain UPDATE sbtest7 SET c='foobar' WHERE id=5058595
	Update on sbtest7  (cost=0.43..8.45 rows=1 width=559)
	  ->  Index Scan using sbtest7_pkey on sbtest7  (cost=0.43..8.45 rows=1 width=559)
	        Index Cond: (id = 5058595)

table 8 : explain UPDATE sbtest8 SET c='foobar' WHERE id=6656958
	Update on sbtest8  (cost=0.43..8.45 rows=1 width=559)
	  ->  Index Scan using sbtest8_pkey on sbtest8  (cost=0.43..8.45 rows=1 width=559)
	        Index Cond: (id = 6656958)

explain: for deletes :: explain DELETE FROM sbtest%u WHERE id=%u
for deletes
table 1 : explain DELETE FROM sbtest1 WHERE id=9823263
	Delete on sbtest1  (cost=0.43..8.45 rows=1 width=6)
	  ->  Index Scan using sbtest1_pkey on sbtest1  (cost=0.43..8.45 rows=1 width=6)
	        Index Cond: (id = 9823263)

table 2 : explain DELETE FROM sbtest2 WHERE id=4485186
	Delete on sbtest2  (cost=0.43..8.45 rows=1 width=6)
	  ->  Index Scan using sbtest2_pkey on sbtest2  (cost=0.43..8.45 rows=1 width=6)
	        Index Cond: (id = 4485186)

table 3 : explain DELETE FROM sbtest3 WHERE id=6130121
	Delete on sbtest3  (cost=0.43..8.45 rows=1 width=6)
	  ->  Index Scan using sbtest3_pkey on sbtest3  (cost=0.43..8.45 rows=1 width=6)
	        Index Cond: (id = 6130121)

table 4 : explain DELETE FROM sbtest4 WHERE id=2515373
	Delete on sbtest4  (cost=0.43..8.45 rows=1 width=6)
	  ->  Index Scan using sbtest4_pkey on sbtest4  (cost=0.43..8.45 rows=1 width=6)
	        Index Cond: (id = 2515373)

table 5 : explain DELETE FROM sbtest5 WHERE id=5805545
	Delete on sbtest5  (cost=0.43..8.45 rows=1 width=6)
	  ->  Index Scan using sbtest5_pkey on sbtest5  (cost=0.43..8.45 rows=1 width=6)
	        Index Cond: (id = 5805545)

table 6 : explain DELETE FROM sbtest6 WHERE id=2922682
	Delete on sbtest6  (cost=0.43..8.45 rows=1 width=6)
	  ->  Index Scan using sbtest6_pkey on sbtest6  (cost=0.43..8.45 rows=1 width=6)
	        Index Cond: (id = 2922682)

table 7 : explain DELETE FROM sbtest7 WHERE id=5309413
	Delete on sbtest7  (cost=0.43..8.45 rows=1 width=6)
	  ->  Index Scan using sbtest7_pkey on sbtest7  (cost=0.43..8.45 rows=1 width=6)
	        Index Cond: (id = 5309413)

table 8 : explain DELETE FROM sbtest8 WHERE id=8703885
	Delete on sbtest8  (cost=0.43..8.45 rows=1 width=6)
	  ->  Index Scan using sbtest8_pkey on sbtest8  (cost=0.43..8.45 rows=1 width=6)
	        Index Cond: (id = 8703885)

for index_updates
table 1 : explain UPDATE sbtest1 SET k=k+1 WHERE id=4415180
	Update on sbtest1  (cost=0.43..8.46 rows=1 width=196)
	  ->  Index Scan using sbtest1_pkey on sbtest1  (cost=0.43..8.46 rows=1 width=196)
	        Index Cond: (id = 4415180)

table 2 : explain UPDATE sbtest2 SET k=k+1 WHERE id=89255
	Update on sbtest2  (cost=0.43..8.46 rows=1 width=196)
	  ->  Index Scan using sbtest2_pkey on sbtest2  (cost=0.43..8.46 rows=1 width=196)
	        Index Cond: (id = 89255)

table 3 : explain UPDATE sbtest3 SET k=k+1 WHERE id=8913239
	Update on sbtest3  (cost=0.43..8.46 rows=1 width=196)
	  ->  Index Scan using sbtest3_pkey on sbtest3  (cost=0.43..8.46 rows=1 width=196)
	        Index Cond: (id = 8913239)

table 4 : explain UPDATE sbtest4 SET k=k+1 WHERE id=4793390
	Update on sbtest4  (cost=0.43..8.46 rows=1 width=196)
	  ->  Index Scan using sbtest4_pkey on sbtest4  (cost=0.43..8.46 rows=1 width=196)
	        Index Cond: (id = 4793390)

table 5 : explain UPDATE sbtest5 SET k=k+1 WHERE id=8026286
	Update on sbtest5  (cost=0.43..8.46 rows=1 width=196)
	  ->  Index Scan using sbtest5_pkey on sbtest5  (cost=0.43..8.46 rows=1 width=196)
	        Index Cond: (id = 8026286)

table 6 : explain UPDATE sbtest6 SET k=k+1 WHERE id=2913620
	Update on sbtest6  (cost=0.43..8.46 rows=1 width=196)
	  ->  Index Scan using sbtest6_pkey on sbtest6  (cost=0.43..8.46 rows=1 width=196)
	        Index Cond: (id = 2913620)

table 7 : explain UPDATE sbtest7 SET k=k+1 WHERE id=3131142
	Update on sbtest7  (cost=0.43..8.46 rows=1 width=196)
	  ->  Index Scan using sbtest7_pkey on sbtest7  (cost=0.43..8.46 rows=1 width=196)
	        Index Cond: (id = 3131142)

table 8 : explain UPDATE sbtest8 SET k=k+1 WHERE id=4134853
	Update on sbtest8  (cost=0.43..8.46 rows=1 width=196)
	  ->  Index Scan using sbtest8_pkey on sbtest8  (cost=0.43..8.46 rows=1 width=196)
	        Index Cond: (id = 4134853)

for deletes
table 1 : explain DELETE FROM sbtest1 WHERE id=8019694
	Delete on sbtest1  (cost=0.43..8.45 rows=1 width=6)
	  ->  Index Scan using sbtest1_pkey on sbtest1  (cost=0.43..8.45 rows=1 width=6)
	        Index Cond: (id = 8019694)

table 2 : explain DELETE FROM sbtest2 WHERE id=143004
	Delete on sbtest2  (cost=0.43..8.45 rows=1 width=6)
	  ->  Index Scan using sbtest2_pkey on sbtest2  (cost=0.43..8.45 rows=1 width=6)
	        Index Cond: (id = 143004)

table 3 : explain DELETE FROM sbtest3 WHERE id=4240617
	Delete on sbtest3  (cost=0.43..8.45 rows=1 width=6)
	  ->  Index Scan using sbtest3_pkey on sbtest3  (cost=0.43..8.45 rows=1 width=6)
	        Index Cond: (id = 4240617)

table 4 : explain DELETE FROM sbtest4 WHERE id=451507
	Delete on sbtest4  (cost=0.43..8.45 rows=1 width=6)
	  ->  Index Scan using sbtest4_pkey on sbtest4  (cost=0.43..8.45 rows=1 width=6)
	        Index Cond: (id = 451507)

table 5 : explain DELETE FROM sbtest5 WHERE id=809220
	Delete on sbtest5  (cost=0.43..8.45 rows=1 width=6)
	  ->  Index Scan using sbtest5_pkey on sbtest5  (cost=0.43..8.45 rows=1 width=6)
	        Index Cond: (id = 809220)

table 6 : explain DELETE FROM sbtest6 WHERE id=7468636
	Delete on sbtest6  (cost=0.43..8.45 rows=1 width=6)
	  ->  Index Scan using sbtest6_pkey on sbtest6  (cost=0.43..8.45 rows=1 width=6)
	        Index Cond: (id = 7468636)

table 7 : explain DELETE FROM sbtest7 WHERE id=3400461
	Delete on sbtest7  (cost=0.43..8.45 rows=1 width=6)
	  ->  Index Scan using sbtest7_pkey on sbtest7  (cost=0.43..8.45 rows=1 width=6)
	        Index Cond: (id = 3400461)

table 8 : explain DELETE FROM sbtest8 WHERE id=4831989
	Delete on sbtest8  (cost=0.43..8.45 rows=1 width=6)
	  ->  Index Scan using sbtest8_pkey on sbtest8  (cost=0.43..8.45 rows=1 width=6)
	        Index Cond: (id = 4831989)

explain: for point_selects :: explain SELECT c FROM sbtest%u WHERE id=%u
for deletes
table 1 : explain DELETE FROM sbtest1 WHERE id=3208920
	Delete on sbtest1  (cost=0.43..8.45 rows=1 width=6)
	  ->  Index Scan using sbtest1_pkey on sbtest1  (cost=0.43..8.45 rows=1 width=6)
	        Index Cond: (id = 3208920)

table 2 : explain DELETE FROM sbtest2 WHERE id=6091412
	Delete on sbtest2  (cost=0.43..8.45 rows=1 width=6)
	  ->  Index Scan using sbtest2_pkey on sbtest2  (cost=0.43..8.45 rows=1 width=6)
	        Index Cond: (id = 6091412)

table 3 : explain DELETE FROM sbtest3 WHERE id=1029871
	Delete on sbtest3  (cost=0.43..8.45 rows=1 width=6)
	  ->  Index Scan using sbtest3_pkey on sbtest3  (cost=0.43..8.45 rows=1 width=6)
	        Index Cond: (id = 1029871)

table 4 : explain DELETE FROM sbtest4 WHERE id=3663539
	Delete on sbtest4  (cost=0.43..8.45 rows=1 width=6)
	  ->  Index Scan using sbtest4_pkey on sbtest4  (cost=0.43..8.45 rows=1 width=6)
	        Index Cond: (id = 3663539)

table 5 : explain DELETE FROM sbtest5 WHERE id=8850007
	Delete on sbtest5  (cost=0.43..8.45 rows=1 width=6)
	  ->  Index Scan using sbtest5_pkey on sbtest5  (cost=0.43..8.45 rows=1 width=6)
	        Index Cond: (id = 8850007)

table 6 : explain DELETE FROM sbtest6 WHERE id=2745971
	Delete on sbtest6  (cost=0.43..8.45 rows=1 width=6)
	  ->  Index Scan using sbtest6_pkey on sbtest6  (cost=0.43..8.45 rows=1 width=6)
	        Index Cond: (id = 2745971)

table 7 : explain DELETE FROM sbtest7 WHERE id=9936500
	Delete on sbtest7  (cost=0.43..8.45 rows=1 width=6)
	  ->  Index Scan using sbtest7_pkey on sbtest7  (cost=0.43..8.45 rows=1 width=6)
	        Index Cond: (id = 9936500)

table 8 : explain DELETE FROM sbtest8 WHERE id=829805
	Delete on sbtest8  (cost=0.43..8.45 rows=1 width=6)
	  ->  Index Scan using sbtest8_pkey on sbtest8  (cost=0.43..8.45 rows=1 width=6)
	        Index Cond: (id = 829805)

explain: for non_index_updates :: explain UPDATE sbtest%u SET c='foobar' WHERE id=%u
explain: for inserts :: explain INSERT INTO sbtest%u (id, k, c, pad) VALUES (%u, 13, 'foobar', 'foobar')
for: sum_ranges
table 1 : explain SELECT SUM(k) FROM sbtest1 WHERE id BETWEEN 2856757 AND 2856766
	Aggregate  (cost=42.41..42.42 rows=1 width=8)
	  ->  Index Scan using sbtest1_pkey on sbtest1  (cost=0.43..42.38 rows=11 width=4)
	        Index Cond: ((id >= 2856757) AND (id <= 2856766))

table 2 : explain SELECT SUM(k) FROM sbtest2 WHERE id BETWEEN 5203700 AND 5203709
	Aggregate  (cost=39.11..39.12 rows=1 width=8)
	  ->  Index Scan using sbtest2_pkey on sbtest2  (cost=0.43..39.09 rows=10 width=4)
	        Index Cond: ((id >= 5203700) AND (id <= 5203709))

table 3 : explain SELECT SUM(k) FROM sbtest3 WHERE id BETWEEN 9465346 AND 9465355
	Aggregate  (cost=39.32..39.33 rows=1 width=8)
	  ->  Index Scan using sbtest3_pkey on sbtest3  (cost=0.43..39.29 rows=10 width=4)
	        Index Cond: ((id >= 9465346) AND (id <= 9465355))

table 4 : explain SELECT SUM(k) FROM sbtest4 WHERE id BETWEEN 3770836 AND 3770845
	Aggregate  (cost=39.32..39.33 rows=1 width=8)
	  ->  Index Scan using sbtest4_pkey on sbtest4  (cost=0.43..39.29 rows=10 width=4)
	        Index Cond: ((id >= 3770836) AND (id <= 3770845))

table 5 : explain SELECT SUM(k) FROM sbtest5 WHERE id BETWEEN 1190654 AND 1190663
	Aggregate  (cost=39.23..39.24 rows=1 width=8)
	  ->  Index Scan using sbtest5_pkey on sbtest5  (cost=0.43..39.21 rows=10 width=4)
	        Index Cond: ((id >= 1190654) AND (id <= 1190663))

table 6 : explain SELECT SUM(k) FROM sbtest6 WHERE id BETWEEN 1854263 AND 1854272
	Aggregate  (cost=35.63..35.64 rows=1 width=8)
	  ->  Index Scan using sbtest6_pkey on sbtest6  (cost=0.43..35.61 rows=9 width=4)
	        Index Cond: ((id >= 1854263) AND (id <= 1854272))

table 7 : explain SELECT SUM(k) FROM sbtest7 WHERE id BETWEEN 7535293 AND 7535302
	Aggregate  (cost=39.25..39.26 rows=1 width=8)
	  ->  Index Scan using sbtest7_pkey on sbtest7  (cost=0.43..39.22 rows=10 width=4)
	        Index Cond: ((id >= 7535293) AND (id <= 7535302))

table 8 : explain SELECT SUM(k) FROM sbtest8 WHERE id BETWEEN 4311967 AND 4311976
	Aggregate  (cost=39.22..39.23 rows=1 width=8)
	  ->  Index Scan using sbtest8_pkey on sbtest8  (cost=0.43..39.19 rows=10 width=4)
	        Index Cond: ((id >= 4311967) AND (id <= 4311976))

explain: for inserts :: explain INSERT INTO sbtest%u (id, k, c, pad) VALUES (%u, 13, 'foobar', 'foobar')
for index_updates
table 1 : explain UPDATE sbtest1 SET k=k+1 WHERE id=5530005
	Update on sbtest1  (cost=0.43..8.46 rows=1 width=196)
	  ->  Index Scan using sbtest1_pkey on sbtest1  (cost=0.43..8.46 rows=1 width=196)
	        Index Cond: (id = 5530005)

table 2 : explain UPDATE sbtest2 SET k=k+1 WHERE id=9004549
	Update on sbtest2  (cost=0.43..8.46 rows=1 width=196)
	  ->  Index Scan using sbtest2_pkey on sbtest2  (cost=0.43..8.46 rows=1 width=196)
	        Index Cond: (id = 9004549)

table 3 : explain UPDATE sbtest3 SET k=k+1 WHERE id=2483949
	Update on sbtest3  (cost=0.43..8.46 rows=1 width=196)
	  ->  Index Scan using sbtest3_pkey on sbtest3  (cost=0.43..8.46 rows=1 width=196)
	        Index Cond: (id = 2483949)

table 4 : explain UPDATE sbtest4 SET k=k+1 WHERE id=5180943
	Update on sbtest4  (cost=0.43..8.46 rows=1 width=196)
	  ->  Index Scan using sbtest4_pkey on sbtest4  (cost=0.43..8.46 rows=1 width=196)
	        Index Cond: (id = 5180943)

table 5 : explain UPDATE sbtest5 SET k=k+1 WHERE id=2465129
	Update on sbtest5  (cost=0.43..8.46 rows=1 width=196)
	  ->  Index Scan using sbtest5_pkey on sbtest5  (cost=0.43..8.46 rows=1 width=196)
	        Index Cond: (id = 2465129)

table 6 : explain UPDATE sbtest6 SET k=k+1 WHERE id=7022945
	Update on sbtest6  (cost=0.43..8.46 rows=1 width=196)
	  ->  Index Scan using sbtest6_pkey on sbtest6  (cost=0.43..8.46 rows=1 width=196)
	        Index Cond: (id = 7022945)

table 7 : explain UPDATE sbtest7 SET k=k+1 WHERE id=8588679
	Update on sbtest7  (cost=0.43..8.46 rows=1 width=196)
	  ->  Index Scan using sbtest7_pkey on sbtest7  (cost=0.43..8.46 rows=1 width=196)
	        Index Cond: (id = 8588679)

table 8 : explain UPDATE sbtest8 SET k=k+1 WHERE id=4947829
	Update on sbtest8  (cost=0.43..8.46 rows=1 width=196)
	  ->  Index Scan using sbtest8_pkey on sbtest8  (cost=0.43..8.46 rows=1 width=196)
	        Index Cond: (id = 4947829)

explain: for inserts :: explain INSERT INTO sbtest%u (id, k, c, pad) VALUES (%u, 13, 'foobar', 'foobar')
for inserts
table 1 : explain INSERT INTO sbtest1 (id, k, c, pad) VALUES (9133444, 13, 'foobar', 'foobar')
	Insert on sbtest1  (cost=0.00..0.01 rows=1 width=736)
	  ->  Result  (cost=0.00..0.01 rows=1 width=736)

table 2 : explain INSERT INTO sbtest2 (id, k, c, pad) VALUES (4494885, 13, 'foobar', 'foobar')
	Insert on sbtest2  (cost=0.00..0.01 rows=1 width=736)
	  ->  Result  (cost=0.00..0.01 rows=1 width=736)

table 3 : explain INSERT INTO sbtest3 (id, k, c, pad) VALUES (5779230, 13, 'foobar', 'foobar')
	Insert on sbtest3  (cost=0.00..0.01 rows=1 width=736)
	  ->  Result  (cost=0.00..0.01 rows=1 width=736)

table 4 : explain INSERT INTO sbtest4 (id, k, c, pad) VALUES (6131401, 13, 'foobar', 'foobar')
	Insert on sbtest4  (cost=0.00..0.01 rows=1 width=736)
	  ->  Result  (cost=0.00..0.01 rows=1 width=736)

table 5 : explain INSERT INTO sbtest5 (id, k, c, pad) VALUES (4661386, 13, 'foobar', 'foobar')
	Insert on sbtest5  (cost=0.00..0.01 rows=1 width=736)
	  ->  Result  (cost=0.00..0.01 rows=1 width=736)

table 6 : explain INSERT INTO sbtest6 (id, k, c, pad) VALUES (4811600, 13, 'foobar', 'foobar')
	Insert on sbtest6  (cost=0.00..0.01 rows=1 width=736)
	  ->  Result  (cost=0.00..0.01 rows=1 width=736)

table 7 : explain INSERT INTO sbtest7 (id, k, c, pad) VALUES (7582624, 13, 'foobar', 'foobar')
	Insert on sbtest7  (cost=0.00..0.01 rows=1 width=736)
	  ->  Result  (cost=0.00..0.01 rows=1 width=736)

table 8 : explain INSERT INTO sbtest8 (id, k, c, pad) VALUES (4926114, 13, 'foobar', 'foobar')
	Insert on sbtest8  (cost=0.00..0.01 rows=1 width=736)
	  ->  Result  (cost=0.00..0.01 rows=1 width=736)

for: order_ranges
table 1 : explain SELECT c FROM sbtest1 WHERE id BETWEEN 3400060 AND 3400069 ORDER BY c
	Sort  (cost=42.57..42.60 rows=11 width=121)
	  Sort Key: c
	  ->  Index Scan using sbtest1_pkey on sbtest1  (cost=0.43..42.38 rows=11 width=121)
	        Index Cond: ((id >= 3400060) AND (id <= 3400069))

table 2 : explain SELECT c FROM sbtest2 WHERE id BETWEEN 7439689 AND 7439698 ORDER BY c
	Sort  (cost=39.25..39.28 rows=10 width=121)
	  Sort Key: c
	  ->  Index Scan using sbtest2_pkey on sbtest2  (cost=0.43..39.09 rows=10 width=121)
	        Index Cond: ((id >= 7439689) AND (id <= 7439698))

table 3 : explain SELECT c FROM sbtest3 WHERE id BETWEEN 2678370 AND 2678379 ORDER BY c
	Sort  (cost=42.91..42.94 rows=11 width=121)
	  Sort Key: c
	  ->  Index Scan using sbtest3_pkey on sbtest3  (cost=0.43..42.72 rows=11 width=121)
	        Index Cond: ((id >= 2678370) AND (id <= 2678379))

table 4 : explain SELECT c FROM sbtest4 WHERE id BETWEEN 779545 AND 779554 ORDER BY c
	Sort  (cost=39.46..39.49 rows=10 width=121)
	  Sort Key: c
	  ->  Index Scan using sbtest4_pkey on sbtest4  (cost=0.43..39.29 rows=10 width=121)
	        Index Cond: ((id >= 779545) AND (id <= 779554))

table 5 : explain SELECT c FROM sbtest5 WHERE id BETWEEN 1975808 AND 1975817 ORDER BY c
	Sort  (cost=39.37..39.40 rows=10 width=121)
	  Sort Key: c
	  ->  Index Scan using sbtest5_pkey on sbtest5  (cost=0.43..39.21 rows=10 width=121)
	        Index Cond: ((id >= 1975808) AND (id <= 1975817))

table 6 : explain SELECT c FROM sbtest6 WHERE id BETWEEN 2964263 AND 2964272 ORDER BY c
	Sort  (cost=39.17..39.20 rows=10 width=121)
	  Sort Key: c
	  ->  Index Scan using sbtest6_pkey on sbtest6  (cost=0.43..39.00 rows=10 width=121)
	        Index Cond: ((id >= 2964263) AND (id <= 2964272))

table 7 : explain SELECT c FROM sbtest7 WHERE id BETWEEN 5024180 AND 5024189 ORDER BY c
	Sort  (cost=39.39..39.42 rows=10 width=121)
	  Sort Key: c
	  ->  Index Scan using sbtest7_pkey on sbtest7  (cost=0.43..39.22 rows=10 width=121)
	        Index Cond: ((id >= 5024180) AND (id <= 5024189))

table 8 : explain SELECT c FROM sbtest8 WHERE id BETWEEN 7398293 AND 7398302 ORDER BY c
	Sort  (cost=35.92..35.94 rows=9 width=121)
	  Sort Key: c
	  ->  Index Scan using sbtest8_pkey on sbtest8  (cost=0.43..35.78 rows=9 width=121)
	        Index Cond: ((id >= 7398293) AND (id <= 7398302))

for inserts
table 1 : explain INSERT INTO sbtest1 (id, k, c, pad) VALUES (7549830, 13, 'foobar', 'foobar')
	Insert on sbtest1  (cost=0.00..0.01 rows=1 width=736)
	  ->  Result  (cost=0.00..0.01 rows=1 width=736)

table 2 : explain INSERT INTO sbtest2 (id, k, c, pad) VALUES (7165664, 13, 'foobar', 'foobar')
	Insert on sbtest2  (cost=0.00..0.01 rows=1 width=736)
	  ->  Result  (cost=0.00..0.01 rows=1 width=736)

table 3 : explain INSERT INTO sbtest3 (id, k, c, pad) VALUES (5019215, 13, 'foobar', 'foobar')
	Insert on sbtest3  (cost=0.00..0.01 rows=1 width=736)
	  ->  Result  (cost=0.00..0.01 rows=1 width=736)

table 4 : explain INSERT INTO sbtest4 (id, k, c, pad) VALUES (2327791, 13, 'foobar', 'foobar')
	Insert on sbtest4  (cost=0.00..0.01 rows=1 width=736)
	  ->  Result  (cost=0.00..0.01 rows=1 width=736)

table 5 : explain INSERT INTO sbtest5 (id, k, c, pad) VALUES (6632379, 13, 'foobar', 'foobar')
	Insert on sbtest5  (cost=0.00..0.01 rows=1 width=736)
	  ->  Result  (cost=0.00..0.01 rows=1 width=736)

table 6 : explain INSERT INTO sbtest6 (id, k, c, pad) VALUES (1207933, 13, 'foobar', 'foobar')
	Insert on sbtest6  (cost=0.00..0.01 rows=1 width=736)
	  ->  Result  (cost=0.00..0.01 rows=1 width=736)

table 7 : explain INSERT INTO sbtest7 (id, k, c, pad) VALUES (1279872, 13, 'foobar', 'foobar')
	Insert on sbtest7  (cost=0.00..0.01 rows=1 width=736)
	  ->  Result  (cost=0.00..0.01 rows=1 width=736)

table 8 : explain INSERT INTO sbtest8 (id, k, c, pad) VALUES (4808124, 13, 'foobar', 'foobar')
	Insert on sbtest8  (cost=0.00..0.01 rows=1 width=736)
	  ->  Result  (cost=0.00..0.01 rows=1 width=736)

for non_index_updates
table 1 : explain UPDATE sbtest1 SET c='foobar' WHERE id=9957604
	Update on sbtest1  (cost=0.43..8.45 rows=1 width=559)
	  ->  Index Scan using sbtest1_pkey on sbtest1  (cost=0.43..8.45 rows=1 width=559)
	        Index Cond: (id = 9957604)

table 2 : explain UPDATE sbtest2 SET c='foobar' WHERE id=1091144
	Update on sbtest2  (cost=0.43..8.45 rows=1 width=559)
	  ->  Index Scan using sbtest2_pkey on sbtest2  (cost=0.43..8.45 rows=1 width=559)
	        Index Cond: (id = 1091144)

table 3 : explain UPDATE sbtest3 SET c='foobar' WHERE id=1278389
	Update on sbtest3  (cost=0.43..8.45 rows=1 width=559)
	  ->  Index Scan using sbtest3_pkey on sbtest3  (cost=0.43..8.45 rows=1 width=559)
	        Index Cond: (id = 1278389)

table 4 : explain UPDATE sbtest4 SET c='foobar' WHERE id=2761258
	Update on sbtest4  (cost=0.43..8.45 rows=1 width=559)
	  ->  Index Scan using sbtest4_pkey on sbtest4  (cost=0.43..8.45 rows=1 width=559)
	        Index Cond: (id = 2761258)

table 5 : explain UPDATE sbtest5 SET c='foobar' WHERE id=2561827
	Update on sbtest5  (cost=0.43..8.45 rows=1 width=559)
	  ->  Index Scan using sbtest5_pkey on sbtest5  (cost=0.43..8.45 rows=1 width=559)
	        Index Cond: (id = 2561827)

table 6 : explain UPDATE sbtest6 SET c='foobar' WHERE id=9676816
	Update on sbtest6  (cost=0.43..8.45 rows=1 width=559)
	  ->  Index Scan using sbtest6_pkey on sbtest6  (cost=0.43..8.45 rows=1 width=559)
	        Index Cond: (id = 9676816)

table 7 : explain UPDATE sbtest7 SET c='foobar' WHERE id=9517707
	Update on sbtest7  (cost=0.43..8.45 rows=1 width=559)
	  ->  Index Scan using sbtest7_pkey on sbtest7  (cost=0.43..8.45 rows=1 width=559)
	        Index Cond: (id = 9517707)

table 8 : explain UPDATE sbtest8 SET c='foobar' WHERE id=7035667
	Update on sbtest8  (cost=0.43..8.45 rows=1 width=559)
	  ->  Index Scan using sbtest8_pkey on sbtest8  (cost=0.43..8.45 rows=1 width=559)
	        Index Cond: (id = 7035667)

for inserts
table 1 : explain INSERT INTO sbtest1 (id, k, c, pad) VALUES (2471704, 13, 'foobar', 'foobar')
	Insert on sbtest1  (cost=0.00..0.01 rows=1 width=736)
	  ->  Result  (cost=0.00..0.01 rows=1 width=736)

table 2 : explain INSERT INTO sbtest2 (id, k, c, pad) VALUES (2810453, 13, 'foobar', 'foobar')
	Insert on sbtest2  (cost=0.00..0.01 rows=1 width=736)
	  ->  Result  (cost=0.00..0.01 rows=1 width=736)

table 3 : explain INSERT INTO sbtest3 (id, k, c, pad) VALUES (9197421, 13, 'foobar', 'foobar')
	Insert on sbtest3  (cost=0.00..0.01 rows=1 width=736)
	  ->  Result  (cost=0.00..0.01 rows=1 width=736)

table 4 : explain INSERT INTO sbtest4 (id, k, c, pad) VALUES (7563676, 13, 'foobar', 'foobar')
	Insert on sbtest4  (cost=0.00..0.01 rows=1 width=736)
	  ->  Result  (cost=0.00..0.01 rows=1 width=736)

table 5 : explain INSERT INTO sbtest5 (id, k, c, pad) VALUES (6675426, 13, 'foobar', 'foobar')
	Insert on sbtest5  (cost=0.00..0.01 rows=1 width=736)
	  ->  Result  (cost=0.00..0.01 rows=1 width=736)

table 6 : explain INSERT INTO sbtest6 (id, k, c, pad) VALUES (8289472, 13, 'foobar', 'foobar')
	Insert on sbtest6  (cost=0.00..0.01 rows=1 width=736)
	  ->  Result  (cost=0.00..0.01 rows=1 width=736)

table 7 : explain INSERT INTO sbtest7 (id, k, c, pad) VALUES (2708796, 13, 'foobar', 'foobar')
	Insert on sbtest7  (cost=0.00..0.01 rows=1 width=736)
	  ->  Result  (cost=0.00..0.01 rows=1 width=736)

table 8 : explain INSERT INTO sbtest8 (id, k, c, pad) VALUES (6358570, 13, 'foobar', 'foobar')
	Insert on sbtest8  (cost=0.00..0.01 rows=1 width=736)
	  ->  Result  (cost=0.00..0.01 rows=1 width=736)

explain: for non_index_updates :: explain UPDATE sbtest%u SET c='foobar' WHERE id=%u
explain: for deletes :: explain DELETE FROM sbtest%u WHERE id=%u
for deletes
table 1 : explain DELETE FROM sbtest1 WHERE id=8003983
	Delete on sbtest1  (cost=0.43..8.45 rows=1 width=6)
	  ->  Index Scan using sbtest1_pkey on sbtest1  (cost=0.43..8.45 rows=1 width=6)
	        Index Cond: (id = 8003983)

table 2 : explain DELETE FROM sbtest2 WHERE id=9151608
	Delete on sbtest2  (cost=0.43..8.45 rows=1 width=6)
	  ->  Index Scan using sbtest2_pkey on sbtest2  (cost=0.43..8.45 rows=1 width=6)
	        Index Cond: (id = 9151608)

table 3 : explain DELETE FROM sbtest3 WHERE id=908559
	Delete on sbtest3  (cost=0.43..8.45 rows=1 width=6)
	  ->  Index Scan using sbtest3_pkey on sbtest3  (cost=0.43..8.45 rows=1 width=6)
	        Index Cond: (id = 908559)

table 4 : explain DELETE FROM sbtest4 WHERE id=4063891
	Delete on sbtest4  (cost=0.43..8.45 rows=1 width=6)
	  ->  Index Scan using sbtest4_pkey on sbtest4  (cost=0.43..8.45 rows=1 width=6)
	        Index Cond: (id = 4063891)

table 5 : explain DELETE FROM sbtest5 WHERE id=4907557
	Delete on sbtest5  (cost=0.43..8.45 rows=1 width=6)
	  ->  Index Scan using sbtest5_pkey on sbtest5  (cost=0.43..8.45 rows=1 width=6)
	        Index Cond: (id = 4907557)

table 6 : explain DELETE FROM sbtest6 WHERE id=9886174
	Delete on sbtest6  (cost=0.43..8.45 rows=1 width=6)
	  ->  Index Scan using sbtest6_pkey on sbtest6  (cost=0.43..8.45 rows=1 width=6)
	        Index Cond: (id = 9886174)

table 7 : explain DELETE FROM sbtest7 WHERE id=9823657
	Delete on sbtest7  (cost=0.43..8.45 rows=1 width=6)
	  ->  Index Scan using sbtest7_pkey on sbtest7  (cost=0.43..8.45 rows=1 width=6)
	        Index Cond: (id = 9823657)

table 8 : explain DELETE FROM sbtest8 WHERE id=4501828
	Delete on sbtest8  (cost=0.43..8.45 rows=1 width=6)
	  ->  Index Scan using sbtest8_pkey on sbtest8  (cost=0.43..8.45 rows=1 width=6)
	        Index Cond: (id = 4501828)

for: distinct_ranges
table 1 : explain SELECT DISTINCT c FROM sbtest1 WHERE id BETWEEN 7346107 AND 7346116 ORDER BY c
	Unique  (cost=35.74..35.78 rows=9 width=121)
	  ->  Sort  (cost=35.74..35.76 rows=9 width=121)
	        Sort Key: c
	        ->  Index Scan using sbtest1_pkey on sbtest1  (cost=0.43..35.60 rows=9 width=121)
	              Index Cond: ((id >= 7346107) AND (id <= 7346116))

table 2 : explain SELECT DISTINCT c FROM sbtest2 WHERE id BETWEEN 8934344 AND 8934353 ORDER BY c
	Unique  (cost=35.83..35.87 rows=9 width=121)
	  ->  Sort  (cost=35.83..35.85 rows=9 width=121)
	        Sort Key: c
	        ->  Index Scan using sbtest2_pkey on sbtest2  (cost=0.43..35.68 rows=9 width=121)
	              Index Cond: ((id >= 8934344) AND (id <= 8934353))

table 3 : explain SELECT DISTINCT c FROM sbtest3 WHERE id BETWEEN 3041394 AND 3041403 ORDER BY c
	Unique  (cost=39.46..39.51 rows=10 width=121)
	  ->  Sort  (cost=39.46..39.48 rows=10 width=121)
	        Sort Key: c
	        ->  Index Scan using sbtest3_pkey on sbtest3  (cost=0.43..39.29 rows=10 width=121)
	              Index Cond: ((id >= 3041394) AND (id <= 3041403))

table 4 : explain SELECT DISTINCT c FROM sbtest4 WHERE id BETWEEN 320105 AND 320114 ORDER BY c
	Unique  (cost=39.46..39.51 rows=10 width=121)
	  ->  Sort  (cost=39.46..39.49 rows=10 width=121)
	        Sort Key: c
	        ->  Index Scan using sbtest4_pkey on sbtest4  (cost=0.43..39.29 rows=10 width=121)
	              Index Cond: ((id >= 320105) AND (id <= 320114))

table 5 : explain SELECT DISTINCT c FROM sbtest5 WHERE id BETWEEN 2324107 AND 2324116 ORDER BY c
	Unique  (cost=35.93..35.98 rows=9 width=121)
	  ->  Sort  (cost=35.93..35.95 rows=9 width=121)
	        Sort Key: c
	        ->  Index Scan using sbtest5_pkey on sbtest5  (cost=0.43..35.79 rows=9 width=121)
	              Index Cond: ((id >= 2324107) AND (id <= 2324116))

table 6 : explain SELECT DISTINCT c FROM sbtest6 WHERE id BETWEEN 9663301 AND 9663310 ORDER BY c
	Unique  (cost=39.17..39.22 rows=10 width=121)
	  ->  Sort  (cost=39.17..39.20 rows=10 width=121)
	        Sort Key: c
	        ->  Index Scan using sbtest6_pkey on sbtest6  (cost=0.43..39.00 rows=10 width=121)
	              Index Cond: ((id >= 9663301) AND (id <= 9663310))

table 7 : explain SELECT DISTINCT c FROM sbtest7 WHERE id BETWEEN 5351522 AND 5351531 ORDER BY c
	Unique  (cost=35.95..35.99 rows=9 width=121)
	  ->  Sort  (cost=35.95..35.97 rows=9 width=121)
	        Sort Key: c
	        ->  Index Scan using sbtest7_pkey on sbtest7  (cost=0.43..35.81 rows=9 width=121)
	              Index Cond: ((id >= 5351522) AND (id <= 5351531))

table 8 : explain SELECT DISTINCT c FROM sbtest8 WHERE id BETWEEN 3761789 AND 3761798 ORDER BY c
	Unique  (cost=42.80..42.85 rows=11 width=121)
	  ->  Sort  (cost=42.80..42.83 rows=11 width=121)
	        Sort Key: c
	        ->  Index Scan using sbtest8_pkey on sbtest8  (cost=0.43..42.61 rows=11 width=121)
	              Index Cond: ((id >= 3761789) AND (id <= 3761798))

for non_index_updates
table 1 : explain UPDATE sbtest1 SET c='foobar' WHERE id=9051533
	Update on sbtest1  (cost=0.43..8.45 rows=1 width=559)
	  ->  Index Scan using sbtest1_pkey on sbtest1  (cost=0.43..8.45 rows=1 width=559)
	        Index Cond: (id = 9051533)

table 2 : explain UPDATE sbtest2 SET c='foobar' WHERE id=4929291
	Update on sbtest2  (cost=0.43..8.45 rows=1 width=559)
	  ->  Index Scan using sbtest2_pkey on sbtest2  (cost=0.43..8.45 rows=1 width=559)
	        Index Cond: (id = 4929291)

table 3 : explain UPDATE sbtest3 SET c='foobar' WHERE id=2195348
	Update on sbtest3  (cost=0.43..8.45 rows=1 width=559)
	  ->  Index Scan using sbtest3_pkey on sbtest3  (cost=0.43..8.45 rows=1 width=559)
	        Index Cond: (id = 2195348)

table 4 : explain UPDATE sbtest4 SET c='foobar' WHERE id=9390812
	Update on sbtest4  (cost=0.43..8.45 rows=1 width=559)
	  ->  Index Scan using sbtest4_pkey on sbtest4  (cost=0.43..8.45 rows=1 width=559)
	        Index Cond: (id = 9390812)

table 5 : explain UPDATE sbtest5 SET c='foobar' WHERE id=3799234
	Update on sbtest5  (cost=0.43..8.45 rows=1 width=559)
	  ->  Index Scan using sbtest5_pkey on sbtest5  (cost=0.43..8.45 rows=1 width=559)
	        Index Cond: (id = 3799234)

table 6 : explain UPDATE sbtest6 SET c='foobar' WHERE id=8722463
	Update on sbtest6  (cost=0.43..8.45 rows=1 width=559)
	  ->  Index Scan using sbtest6_pkey on sbtest6  (cost=0.43..8.45 rows=1 width=559)
	        Index Cond: (id = 8722463)

table 7 : explain UPDATE sbtest7 SET c='foobar' WHERE id=216342
	Update on sbtest7  (cost=0.43..8.45 rows=1 width=559)
	  ->  Index Scan using sbtest7_pkey on sbtest7  (cost=0.43..8.45 rows=1 width=559)
	        Index Cond: (id = 216342)

table 8 : explain UPDATE sbtest8 SET c='foobar' WHERE id=7238300
	Update on sbtest8  (cost=0.43..8.45 rows=1 width=559)
	  ->  Index Scan using sbtest8_pkey on sbtest8  (cost=0.43..8.45 rows=1 width=559)
	        Index Cond: (id = 7238300)

explain: for inserts :: explain INSERT INTO sbtest%u (id, k, c, pad) VALUES (%u, 13, 'foobar', 'foobar')
explain: for point_selects :: explain SELECT c FROM sbtest%u WHERE id=%u
for: order_ranges
table 1 : explain SELECT c FROM sbtest1 WHERE id BETWEEN 7769720 AND 7769729 ORDER BY c
	Sort  (cost=42.57..42.60 rows=11 width=121)
	  Sort Key: c
	  ->  Index Scan using sbtest1_pkey on sbtest1  (cost=0.43..42.38 rows=11 width=121)
	        Index Cond: ((id >= 7769720) AND (id <= 7769729))

table 2 : explain SELECT c FROM sbtest2 WHERE id BETWEEN 9728197 AND 9728206 ORDER BY c
	Sort  (cost=35.83..35.85 rows=9 width=121)
	  Sort Key: c
	  ->  Index Scan using sbtest2_pkey on sbtest2  (cost=0.43..35.68 rows=9 width=121)
	        Index Cond: ((id >= 9728197) AND (id <= 9728206))

table 3 : explain SELECT c FROM sbtest3 WHERE id BETWEEN 1891360 AND 1891369 ORDER BY c
	Sort  (cost=39.46..39.48 rows=10 width=121)
	  Sort Key: c
	  ->  Index Scan using sbtest3_pkey on sbtest3  (cost=0.43..39.29 rows=10 width=121)
	        Index Cond: ((id >= 1891360) AND (id <= 1891369))

table 4 : explain SELECT c FROM sbtest4 WHERE id BETWEEN 9585729 AND 9585738 ORDER BY c
	Sort  (cost=36.01..36.03 rows=9 width=121)
	  Sort Key: c
	  ->  Index Scan using sbtest4_pkey on sbtest4  (cost=0.43..35.87 rows=9 width=121)
	        Index Cond: ((id >= 9585729) AND (id <= 9585738))

table 5 : explain SELECT c FROM sbtest5 WHERE id BETWEEN 838012 AND 838021 ORDER BY c
	Sort  (cost=35.93..35.95 rows=9 width=121)
	  Sort Key: c
	  ->  Index Scan using sbtest5_pkey on sbtest5  (cost=0.43..35.79 rows=9 width=121)
	        Index Cond: ((id >= 838012) AND (id <= 838021))

table 6 : explain SELECT c FROM sbtest6 WHERE id BETWEEN 1936596 AND 1936605 ORDER BY c
	Sort  (cost=35.75..35.78 rows=9 width=121)
	  Sort Key: c
	  ->  Index Scan using sbtest6_pkey on sbtest6  (cost=0.43..35.61 rows=9 width=121)
	        Index Cond: ((id >= 1936596) AND (id <= 1936605))

table 7 : explain SELECT c FROM sbtest7 WHERE id BETWEEN 6650066 AND 6650075 ORDER BY c
	Sort  (cost=39.39..39.42 rows=10 width=121)
	  Sort Key: c
	  ->  Index Scan using sbtest7_pkey on sbtest7  (cost=0.43..39.22 rows=10 width=121)
	        Index Cond: ((id >= 6650066) AND (id <= 6650075))

table 8 : explain SELECT c FROM sbtest8 WHERE id BETWEEN 8023498 AND 8023507 ORDER BY c
	Sort  (cost=39.36..39.38 rows=10 width=121)
	  Sort Key: c
	  ->  Index Scan using sbtest8_pkey on sbtest8  (cost=0.43..39.19 rows=10 width=121)
	        Index Cond: ((id >= 8023498) AND (id <= 8023507))

explain: for deletes :: explain DELETE FROM sbtest%u WHERE id=%u
for inserts
table 1 : explain INSERT INTO sbtest1 (id, k, c, pad) VALUES (4040896, 13, 'foobar', 'foobar')
	Insert on sbtest1  (cost=0.00..0.01 rows=1 width=736)
	  ->  Result  (cost=0.00..0.01 rows=1 width=736)

table 2 : explain INSERT INTO sbtest2 (id, k, c, pad) VALUES (1529774, 13, 'foobar', 'foobar')
	Insert on sbtest2  (cost=0.00..0.01 rows=1 width=736)
	  ->  Result  (cost=0.00..0.01 rows=1 width=736)

table 3 : explain INSERT INTO sbtest3 (id, k, c, pad) VALUES (6191529, 13, 'foobar', 'foobar')
	Insert on sbtest3  (cost=0.00..0.01 rows=1 width=736)
	  ->  Result  (cost=0.00..0.01 rows=1 width=736)

table 4 : explain INSERT INTO sbtest4 (id, k, c, pad) VALUES (2007202, 13, 'foobar', 'foobar')
	Insert on sbtest4  (cost=0.00..0.01 rows=1 width=736)
	  ->  Result  (cost=0.00..0.01 rows=1 width=736)

table 5 : explain INSERT INTO sbtest5 (id, k, c, pad) VALUES (5643535, 13, 'foobar', 'foobar')
	Insert on sbtest5  (cost=0.00..0.01 rows=1 width=736)
	  ->  Result  (cost=0.00..0.01 rows=1 width=736)

table 6 : explain INSERT INTO sbtest6 (id, k, c, pad) VALUES (6115816, 13, 'foobar', 'foobar')
	Insert on sbtest6  (cost=0.00..0.01 rows=1 width=736)
	  ->  Result  (cost=0.00..0.01 rows=1 width=736)

table 7 : explain INSERT INTO sbtest7 (id, k, c, pad) VALUES (6128560, 13, 'foobar', 'foobar')
	Insert on sbtest7  (cost=0.00..0.01 rows=1 width=736)
	  ->  Result  (cost=0.00..0.01 rows=1 width=736)

table 8 : explain INSERT INTO sbtest8 (id, k, c, pad) VALUES (532913, 13, 'foobar', 'foobar')
	Insert on sbtest8  (cost=0.00..0.01 rows=1 width=736)
	  ->  Result  (cost=0.00..0.01 rows=1 width=736)

explain: for index_updates :: explain UPDATE sbtest%u SET k=k+1 WHERE id=%u
for point_selects
table 1 : explain SELECT c FROM sbtest1 WHERE id=1212830
	Index Scan using sbtest1_pkey on sbtest1  (cost=0.43..8.45 rows=1 width=121)
	  Index Cond: (id = 1212830)

table 2 : explain SELECT c FROM sbtest2 WHERE id=815201
	Index Scan using sbtest2_pkey on sbtest2  (cost=0.43..8.45 rows=1 width=121)
	  Index Cond: (id = 815201)

table 3 : explain SELECT c FROM sbtest3 WHERE id=8847102
	Index Scan using sbtest3_pkey on sbtest3  (cost=0.43..8.45 rows=1 width=121)
	  Index Cond: (id = 8847102)

table 4 : explain SELECT c FROM sbtest4 WHERE id=6157032
	Index Scan using sbtest4_pkey on sbtest4  (cost=0.43..8.45 rows=1 width=121)
	  Index Cond: (id = 6157032)

table 5 : explain SELECT c FROM sbtest5 WHERE id=9087936
	Index Scan using sbtest5_pkey on sbtest5  (cost=0.43..8.45 rows=1 width=121)
	  Index Cond: (id = 9087936)

table 6 : explain SELECT c FROM sbtest6 WHERE id=9199360
	Index Scan using sbtest6_pkey on sbtest6  (cost=0.43..8.45 rows=1 width=121)
	  Index Cond: (id = 9199360)

table 7 : explain SELECT c FROM sbtest7 WHERE id=7981320
	Index Scan using sbtest7_pkey on sbtest7  (cost=0.43..8.45 rows=1 width=121)
	  Index Cond: (id = 7981320)

table 8 : explain SELECT c FROM sbtest8 WHERE id=8959319
	Index Scan using sbtest8_pkey on sbtest8  (cost=0.43..8.45 rows=1 width=121)
	  Index Cond: (id = 8959319)

for: distinct_ranges
table 1 : explain SELECT DISTINCT c FROM sbtest1 WHERE id BETWEEN 9117027 AND 9117036 ORDER BY c
	Unique  (cost=35.74..35.78 rows=9 width=121)
	  ->  Sort  (cost=35.74..35.76 rows=9 width=121)
	        Sort Key: c
	        ->  Index Scan using sbtest1_pkey on sbtest1  (cost=0.43..35.60 rows=9 width=121)
	              Index Cond: ((id >= 9117027) AND (id <= 9117036))

table 2 : explain SELECT DISTINCT c FROM sbtest2 WHERE id BETWEEN 9167412 AND 9167421 ORDER BY c
	Unique  (cost=35.83..35.87 rows=9 width=121)
	  ->  Sort  (cost=35.83..35.85 rows=9 width=121)
	        Sort Key: c
	        ->  Index Scan using sbtest2_pkey on sbtest2  (cost=0.43..35.68 rows=9 width=121)
	              Index Cond: ((id >= 9167412) AND (id <= 9167421))

table 3 : explain SELECT DISTINCT c FROM sbtest3 WHERE id BETWEEN 2675867 AND 2675876 ORDER BY c
	Unique  (cost=42.91..42.97 rows=11 width=121)
	  ->  Sort  (cost=42.91..42.94 rows=11 width=121)
	        Sort Key: c
	        ->  Index Scan using sbtest3_pkey on sbtest3  (cost=0.43..42.72 rows=11 width=121)
	              Index Cond: ((id >= 2675867) AND (id <= 2675876))

table 4 : explain SELECT DISTINCT c FROM sbtest4 WHERE id BETWEEN 5741250 AND 5741259 ORDER BY c
	Unique  (cost=39.46..39.51 rows=10 width=121)
	  ->  Sort  (cost=39.46..39.49 rows=10 width=121)
	        Sort Key: c
	        ->  Index Scan using sbtest4_pkey on sbtest4  (cost=0.43..39.29 rows=10 width=121)
	              Index Cond: ((id >= 5741250) AND (id <= 5741259))

table 5 : explain SELECT DISTINCT c FROM sbtest5 WHERE id BETWEEN 7298407 AND 7298416 ORDER BY c
	Unique  (cost=39.37..39.42 rows=10 width=121)
	  ->  Sort  (cost=39.37..39.40 rows=10 width=121)
	        Sort Key: c
	        ->  Index Scan using sbtest5_pkey on sbtest5  (cost=0.43..39.21 rows=10 width=121)
	              Index Cond: ((id >= 7298407) AND (id <= 7298416))

table 6 : explain SELECT DISTINCT c FROM sbtest6 WHERE id BETWEEN 6613903 AND 6613912 ORDER BY c
	Unique  (cost=39.17..39.22 rows=10 width=121)
	  ->  Sort  (cost=39.17..39.20 rows=10 width=121)
	        Sort Key: c
	        ->  Index Scan using sbtest6_pkey on sbtest6  (cost=0.43..39.00 rows=10 width=121)
	              Index Cond: ((id >= 6613903) AND (id <= 6613912))

table 7 : explain SELECT DISTINCT c FROM sbtest7 WHERE id BETWEEN 3727274 AND 3727283 ORDER BY c
	Unique  (cost=39.39..39.44 rows=10 width=121)
	  ->  Sort  (cost=39.39..39.42 rows=10 width=121)
	        Sort Key: c
	        ->  Index Scan using sbtest7_pkey on sbtest7  (cost=0.43..39.22 rows=10 width=121)
	              Index Cond: ((id >= 3727274) AND (id <= 3727283))

table 8 : explain SELECT DISTINCT c FROM sbtest8 WHERE id BETWEEN 6809070 AND 6809079 ORDER BY c
	Unique  (cost=39.36..39.41 rows=10 width=121)
	  ->  Sort  (cost=39.36..39.38 rows=10 width=121)
	        Sort Key: c
	        ->  Index Scan using sbtest8_pkey on sbtest8  (cost=0.43..39.19 rows=10 width=121)
	              Index Cond: ((id >= 6809070) AND (id <= 6809079))

for deletes
table 1 : explain DELETE FROM sbtest1 WHERE id=1470558
	Delete on sbtest1  (cost=0.43..8.45 rows=1 width=6)
	  ->  Index Scan using sbtest1_pkey on sbtest1  (cost=0.43..8.45 rows=1 width=6)
	        Index Cond: (id = 1470558)

table 2 : explain DELETE FROM sbtest2 WHERE id=9424988
	Delete on sbtest2  (cost=0.43..8.45 rows=1 width=6)
	  ->  Index Scan using sbtest2_pkey on sbtest2  (cost=0.43..8.45 rows=1 width=6)
	        Index Cond: (id = 9424988)

table 3 : explain DELETE FROM sbtest3 WHERE id=7332444
	Delete on sbtest3  (cost=0.43..8.45 rows=1 width=6)
	  ->  Index Scan using sbtest3_pkey on sbtest3  (cost=0.43..8.45 rows=1 width=6)
	        Index Cond: (id = 7332444)

table 4 : explain DELETE FROM sbtest4 WHERE id=7605935
	Delete on sbtest4  (cost=0.43..8.45 rows=1 width=6)
	  ->  Index Scan using sbtest4_pkey on sbtest4  (cost=0.43..8.45 rows=1 width=6)
	        Index Cond: (id = 7605935)

table 5 : explain DELETE FROM sbtest5 WHERE id=1446453
	Delete on sbtest5  (cost=0.43..8.45 rows=1 width=6)
	  ->  Index Scan using sbtest5_pkey on sbtest5  (cost=0.43..8.45 rows=1 width=6)
	        Index Cond: (id = 1446453)

table 6 : explain DELETE FROM sbtest6 WHERE id=1025954
	Delete on sbtest6  (cost=0.43..8.45 rows=1 width=6)
	  ->  Index Scan using sbtest6_pkey on sbtest6  (cost=0.43..8.45 rows=1 width=6)
	        Index Cond: (id = 1025954)

table 7 : explain DELETE FROM sbtest7 WHERE id=6040331
	Delete on sbtest7  (cost=0.43..8.45 rows=1 width=6)
	  ->  Index Scan using sbtest7_pkey on sbtest7  (cost=0.43..8.45 rows=1 width=6)
	        Index Cond: (id = 6040331)

table 8 : explain DELETE FROM sbtest8 WHERE id=3385746
	Delete on sbtest8  (cost=0.43..8.45 rows=1 width=6)
	  ->  Index Scan using sbtest8_pkey on sbtest8  (cost=0.43..8.45 rows=1 width=6)
	        Index Cond: (id = 3385746)

for point_selects
table 1 : explain SELECT c FROM sbtest1 WHERE id=3062358
	Index Scan using sbtest1_pkey on sbtest1  (cost=0.43..8.45 rows=1 width=121)
	  Index Cond: (id = 3062358)

table 2 : explain SELECT c FROM sbtest2 WHERE id=7849522
	Index Scan using sbtest2_pkey on sbtest2  (cost=0.43..8.45 rows=1 width=121)
	  Index Cond: (id = 7849522)

table 3 : explain SELECT c FROM sbtest3 WHERE id=9744023
	Index Scan using sbtest3_pkey on sbtest3  (cost=0.43..8.45 rows=1 width=121)
	  Index Cond: (id = 9744023)

table 4 : explain SELECT c FROM sbtest4 WHERE id=8890305
	Index Scan using sbtest4_pkey on sbtest4  (cost=0.43..8.45 rows=1 width=121)
	  Index Cond: (id = 8890305)

table 5 : explain SELECT c FROM sbtest5 WHERE id=4687215
	Index Scan using sbtest5_pkey on sbtest5  (cost=0.43..8.45 rows=1 width=121)
	  Index Cond: (id = 4687215)

table 6 : explain SELECT c FROM sbtest6 WHERE id=1661050
	Index Scan using sbtest6_pkey on sbtest6  (cost=0.43..8.45 rows=1 width=121)
	  Index Cond: (id = 1661050)

table 7 : explain SELECT c FROM sbtest7 WHERE id=9582189
	Index Scan using sbtest7_pkey on sbtest7  (cost=0.43..8.45 rows=1 width=121)
	  Index Cond: (id = 9582189)

table 8 : explain SELECT c FROM sbtest8 WHERE id=758769
	Index Scan using sbtest8_pkey on sbtest8  (cost=0.43..8.45 rows=1 width=121)
	  Index Cond: (id = 758769)

explain: for index_updates :: explain UPDATE sbtest%u SET k=k+1 WHERE id=%u
for point_selects
table 1 : explain SELECT c FROM sbtest1 WHERE id=8277348
	Index Scan using sbtest1_pkey on sbtest1  (cost=0.43..8.45 rows=1 width=121)
	  Index Cond: (id = 8277348)

table 2 : explain SELECT c FROM sbtest2 WHERE id=6211763
	Index Scan using sbtest2_pkey on sbtest2  (cost=0.43..8.45 rows=1 width=121)
	  Index Cond: (id = 6211763)

table 3 : explain SELECT c FROM sbtest3 WHERE id=981559
	Index Scan using sbtest3_pkey on sbtest3  (cost=0.43..8.45 rows=1 width=121)
	  Index Cond: (id = 981559)

table 4 : explain SELECT c FROM sbtest4 WHERE id=791665
	Index Scan using sbtest4_pkey on sbtest4  (cost=0.43..8.45 rows=1 width=121)
	  Index Cond: (id = 791665)

table 5 : explain SELECT c FROM sbtest5 WHERE id=9652545
	Index Scan using sbtest5_pkey on sbtest5  (cost=0.43..8.45 rows=1 width=121)
	  Index Cond: (id = 9652545)

table 6 : explain SELECT c FROM sbtest6 WHERE id=9070539
	Index Scan using sbtest6_pkey on sbtest6  (cost=0.43..8.45 rows=1 width=121)
	  Index Cond: (id = 9070539)

table 7 : explain SELECT c FROM sbtest7 WHERE id=3503213
	Index Scan using sbtest7_pkey on sbtest7  (cost=0.43..8.45 rows=1 width=121)
	  Index Cond: (id = 3503213)

table 8 : explain SELECT c FROM sbtest8 WHERE id=714869
	Index Scan using sbtest8_pkey on sbtest8  (cost=0.43..8.45 rows=1 width=121)
	  Index Cond: (id = 714869)

explain: for point_selects :: explain SELECT c FROM sbtest%u WHERE id=%u
explain: for inserts :: explain INSERT INTO sbtest%u (id, k, c, pad) VALUES (%u, 13, 'foobar', 'foobar')
for index_updates
table 1 : explain UPDATE sbtest1 SET k=k+1 WHERE id=6466968
	Update on sbtest1  (cost=0.43..8.46 rows=1 width=196)
	  ->  Index Scan using sbtest1_pkey on sbtest1  (cost=0.43..8.46 rows=1 width=196)
	        Index Cond: (id = 6466968)

table 2 : explain UPDATE sbtest2 SET k=k+1 WHERE id=7757098
	Update on sbtest2  (cost=0.43..8.46 rows=1 width=196)
	  ->  Index Scan using sbtest2_pkey on sbtest2  (cost=0.43..8.46 rows=1 width=196)
	        Index Cond: (id = 7757098)

table 3 : explain UPDATE sbtest3 SET k=k+1 WHERE id=2806976
	Update on sbtest3  (cost=0.43..8.46 rows=1 width=196)
	  ->  Index Scan using sbtest3_pkey on sbtest3  (cost=0.43..8.46 rows=1 width=196)
	        Index Cond: (id = 2806976)

table 4 : explain UPDATE sbtest4 SET k=k+1 WHERE id=7773872
	Update on sbtest4  (cost=0.43..8.46 rows=1 width=196)
	  ->  Index Scan using sbtest4_pkey on sbtest4  (cost=0.43..8.46 rows=1 width=196)
	        Index Cond: (id = 7773872)

table 5 : explain UPDATE sbtest5 SET k=k+1 WHERE id=57845
	Update on sbtest5  (cost=0.43..8.46 rows=1 width=196)
	  ->  Index Scan using sbtest5_pkey on sbtest5  (cost=0.43..8.46 rows=1 width=196)
	        Index Cond: (id = 57845)

table 6 : explain UPDATE sbtest6 SET k=k+1 WHERE id=6748727
	Update on sbtest6  (cost=0.43..8.46 rows=1 width=196)
	  ->  Index Scan using sbtest6_pkey on sbtest6  (cost=0.43..8.46 rows=1 width=196)
	        Index Cond: (id = 6748727)

table 7 : explain UPDATE sbtest7 SET k=k+1 WHERE id=1343993
	Update on sbtest7  (cost=0.43..8.46 rows=1 width=196)
	  ->  Index Scan using sbtest7_pkey on sbtest7  (cost=0.43..8.46 rows=1 width=196)
	        Index Cond: (id = 1343993)

table 8 : explain UPDATE sbtest8 SET k=k+1 WHERE id=7156417
	Update on sbtest8  (cost=0.43..8.46 rows=1 width=196)
	  ->  Index Scan using sbtest8_pkey on sbtest8  (cost=0.43..8.46 rows=1 width=196)
	        Index Cond: (id = 7156417)

explain: for point_selects :: explain SELECT c FROM sbtest%u WHERE id=%u
explain: for point_selects :: explain SELECT c FROM sbtest%u WHERE id=%u
for: distinct_ranges
table 1 : explain SELECT DISTINCT c FROM sbtest1 WHERE id BETWEEN 8222679 AND 8222688 ORDER BY c
	Unique  (cost=39.15..39.20 rows=10 width=121)
	  ->  Sort  (cost=39.15..39.18 rows=10 width=121)
	        Sort Key: c
	        ->  Index Scan using sbtest1_pkey on sbtest1  (cost=0.43..38.99 rows=10 width=121)
	              Index Cond: ((id >= 8222679) AND (id <= 8222688))

table 2 : explain SELECT DISTINCT c FROM sbtest2 WHERE id BETWEEN 6982206 AND 6982215 ORDER BY c
	Unique  (cost=39.25..39.30 rows=10 width=121)
	  ->  Sort  (cost=39.25..39.28 rows=10 width=121)
	        Sort Key: c
	        ->  Index Scan using sbtest2_pkey on sbtest2  (cost=0.43..39.09 rows=10 width=121)
	              Index Cond: ((id >= 6982206) AND (id <= 6982215))

table 3 : explain SELECT DISTINCT c FROM sbtest3 WHERE id BETWEEN 8546095 AND 8546104 ORDER BY c
	Unique  (cost=39.46..39.51 rows=10 width=121)
	  ->  Sort  (cost=39.46..39.48 rows=10 width=121)
	        Sort Key: c
	        ->  Index Scan using sbtest3_pkey on sbtest3  (cost=0.43..39.29 rows=10 width=121)
	              Index Cond: ((id >= 8546095) AND (id <= 8546104))

table 4 : explain SELECT DISTINCT c FROM sbtest4 WHERE id BETWEEN 7841885 AND 7841894 ORDER BY c
	Unique  (cost=39.46..39.51 rows=10 width=121)
	  ->  Sort  (cost=39.46..39.49 rows=10 width=121)
	        Sort Key: c
	        ->  Index Scan using sbtest4_pkey on sbtest4  (cost=0.43..39.29 rows=10 width=121)
	              Index Cond: ((id >= 7841885) AND (id <= 7841894))

table 5 : explain SELECT DISTINCT c FROM sbtest5 WHERE id BETWEEN 5963614 AND 5963623 ORDER BY c
	Unique  (cost=35.93..35.98 rows=9 width=121)
	  ->  Sort  (cost=35.93..35.95 rows=9 width=121)
	        Sort Key: c
	        ->  Index Scan using sbtest5_pkey on sbtest5  (cost=0.43..35.79 rows=9 width=121)
	              Index Cond: ((id >= 5963614) AND (id <= 5963623))

table 6 : explain SELECT DISTINCT c FROM sbtest6 WHERE id BETWEEN 3295883 AND 3295892 ORDER BY c
	Unique  (cost=39.17..39.22 rows=10 width=121)
	  ->  Sort  (cost=39.17..39.20 rows=10 width=121)
	        Sort Key: c
	        ->  Index Scan using sbtest6_pkey on sbtest6  (cost=0.43..39.00 rows=10 width=121)
	              Index Cond: ((id >= 3295883) AND (id <= 3295892))

table 7 : explain SELECT DISTINCT c FROM sbtest7 WHERE id BETWEEN 7136862 AND 7136871 ORDER BY c
	Unique  (cost=39.39..39.44 rows=10 width=121)
	  ->  Sort  (cost=39.39..39.42 rows=10 width=121)
	        Sort Key: c
	        ->  Index Scan using sbtest7_pkey on sbtest7  (cost=0.43..39.22 rows=10 width=121)
	              Index Cond: ((id >= 7136862) AND (id <= 7136871))

table 8 : explain SELECT DISTINCT c FROM sbtest8 WHERE id BETWEEN 5007964 AND 5007973 ORDER BY c
	Unique  (cost=35.92..35.97 rows=9 width=121)
	  ->  Sort  (cost=35.92..35.94 rows=9 width=121)
	        Sort Key: c
	        ->  Index Scan using sbtest8_pkey on sbtest8  (cost=0.43..35.78 rows=9 width=121)
	              Index Cond: ((id >= 5007964) AND (id <= 5007973))

explain: for point_selects :: explain SELECT c FROM sbtest%u WHERE id=%u
explain: for non_index_updates :: explain UPDATE sbtest%u SET c='foobar' WHERE id=%u
for: simple_ranges
table 1 : explain SELECT c FROM sbtest1 WHERE id BETWEEN 3981897 AND 3981906
	Index Scan using sbtest1_pkey on sbtest1  (cost=0.43..42.38 rows=11 width=121)
	  Index Cond: ((id >= 3981897) AND (id <= 3981906))

table 2 : explain SELECT c FROM sbtest2 WHERE id BETWEEN 646311 AND 646320
	Index Scan using sbtest2_pkey on sbtest2  (cost=0.43..39.09 rows=10 width=121)
	  Index Cond: ((id >= 646311) AND (id <= 646320))

table 3 : explain SELECT c FROM sbtest3 WHERE id BETWEEN 381050 AND 381059
	Index Scan using sbtest3_pkey on sbtest3  (cost=0.43..42.72 rows=11 width=121)
	  Index Cond: ((id >= 381050) AND (id <= 381059))

table 4 : explain SELECT c FROM sbtest4 WHERE id BETWEEN 4860700 AND 4860709
	Index Scan using sbtest4_pkey on sbtest4  (cost=0.43..42.72 rows=11 width=121)
	  Index Cond: ((id >= 4860700) AND (id <= 4860709))

table 5 : explain SELECT c FROM sbtest5 WHERE id BETWEEN 6958647 AND 6958656
	Index Scan using sbtest5_pkey on sbtest5  (cost=0.43..39.21 rows=10 width=121)
	  Index Cond: ((id >= 6958647) AND (id <= 6958656))

table 6 : explain SELECT c FROM sbtest6 WHERE id BETWEEN 3754555 AND 3754564
	Index Scan using sbtest6_pkey on sbtest6  (cost=0.43..35.61 rows=9 width=121)
	  Index Cond: ((id >= 3754555) AND (id <= 3754564))

table 7 : explain SELECT c FROM sbtest7 WHERE id BETWEEN 712892 AND 712901
	Index Scan using sbtest7_pkey on sbtest7  (cost=0.43..46.06 rows=12 width=121)
	  Index Cond: ((id >= 712892) AND (id <= 712901))

table 8 : explain SELECT c FROM sbtest8 WHERE id BETWEEN 9326519 AND 9326528
	Index Scan using sbtest8_pkey on sbtest8  (cost=0.43..39.19 rows=10 width=121)
	  Index Cond: ((id >= 9326519) AND (id <= 9326528))

for: simple_ranges
table 1 : explain SELECT c FROM sbtest1 WHERE id BETWEEN 7978349 AND 7978358
	Index Scan using sbtest1_pkey on sbtest1  (cost=0.43..42.38 rows=11 width=121)
	  Index Cond: ((id >= 7978349) AND (id <= 7978358))

table 2 : explain SELECT c FROM sbtest2 WHERE id BETWEEN 1844300 AND 1844309
	Index Scan using sbtest2_pkey on sbtest2  (cost=0.43..39.09 rows=10 width=121)
	  Index Cond: ((id >= 1844300) AND (id <= 1844309))

table 3 : explain SELECT c FROM sbtest3 WHERE id BETWEEN 9213739 AND 9213748
	Index Scan using sbtest3_pkey on sbtest3  (cost=0.43..39.29 rows=10 width=121)
	  Index Cond: ((id >= 9213739) AND (id <= 9213748))

table 4 : explain SELECT c FROM sbtest4 WHERE id BETWEEN 3799302 AND 3799311
	Index Scan using sbtest4_pkey on sbtest4  (cost=0.43..39.29 rows=10 width=121)
	  Index Cond: ((id >= 3799302) AND (id <= 3799311))

table 5 : explain SELECT c FROM sbtest5 WHERE id BETWEEN 189122 AND 189131
	Index Scan using sbtest5_pkey on sbtest5  (cost=0.43..42.62 rows=11 width=121)
	  Index Cond: ((id >= 189122) AND (id <= 189131))

table 6 : explain SELECT c FROM sbtest6 WHERE id BETWEEN 9968548 AND 9968557
	Index Scan using sbtest6_pkey on sbtest6  (cost=0.43..39.00 rows=10 width=121)
	  Index Cond: ((id >= 9968548) AND (id <= 9968557))

table 7 : explain SELECT c FROM sbtest7 WHERE id BETWEEN 2130520 AND 2130529
	Index Scan using sbtest7_pkey on sbtest7  (cost=0.43..35.81 rows=9 width=121)
	  Index Cond: ((id >= 2130520) AND (id <= 2130529))

table 8 : explain SELECT c FROM sbtest8 WHERE id BETWEEN 5617564 AND 5617573
	Index Scan using sbtest8_pkey on sbtest8  (cost=0.43..39.19 rows=10 width=121)
	  Index Cond: ((id >= 5617564) AND (id <= 5617573))

for inserts
table 1 : explain INSERT INTO sbtest1 (id, k, c, pad) VALUES (6317649, 13, 'foobar', 'foobar')
	Insert on sbtest1  (cost=0.00..0.01 rows=1 width=736)
	  ->  Result  (cost=0.00..0.01 rows=1 width=736)

table 2 : explain INSERT INTO sbtest2 (id, k, c, pad) VALUES (6250650, 13, 'foobar', 'foobar')
	Insert on sbtest2  (cost=0.00..0.01 rows=1 width=736)
	  ->  Result  (cost=0.00..0.01 rows=1 width=736)

table 3 : explain INSERT INTO sbtest3 (id, k, c, pad) VALUES (313382, 13, 'foobar', 'foobar')
	Insert on sbtest3  (cost=0.00..0.01 rows=1 width=736)
	  ->  Result  (cost=0.00..0.01 rows=1 width=736)

table 4 : explain INSERT INTO sbtest4 (id, k, c, pad) VALUES (7382829, 13, 'foobar', 'foobar')
	Insert on sbtest4  (cost=0.00..0.01 rows=1 width=736)
	  ->  Result  (cost=0.00..0.01 rows=1 width=736)

table 5 : explain INSERT INTO sbtest5 (id, k, c, pad) VALUES (1708615, 13, 'foobar', 'foobar')
	Insert on sbtest5  (cost=0.00..0.01 rows=1 width=736)
	  ->  Result  (cost=0.00..0.01 rows=1 width=736)

table 6 : explain INSERT INTO sbtest6 (id, k, c, pad) VALUES (2199293, 13, 'foobar', 'foobar')
	Insert on sbtest6  (cost=0.00..0.01 rows=1 width=736)
	  ->  Result  (cost=0.00..0.01 rows=1 width=736)

table 7 : explain INSERT INTO sbtest7 (id, k, c, pad) VALUES (576720, 13, 'foobar', 'foobar')
	Insert on sbtest7  (cost=0.00..0.01 rows=1 width=736)
	  ->  Result  (cost=0.00..0.01 rows=1 width=736)

table 8 : explain INSERT INTO sbtest8 (id, k, c, pad) VALUES (7526367, 13, 'foobar', 'foobar')
	Insert on sbtest8  (cost=0.00..0.01 rows=1 width=736)
	  ->  Result  (cost=0.00..0.01 rows=1 width=736)

explain: for index_updates :: explain UPDATE sbtest%u SET k=k+1 WHERE id=%u
for: simple_ranges
table 1 : explain SELECT c FROM sbtest1 WHERE id BETWEEN 3888896 AND 3888905
	Index Scan using sbtest1_pkey on sbtest1  (cost=0.43..35.60 rows=9 width=121)
	  Index Cond: ((id >= 3888896) AND (id <= 3888905))

table 2 : explain SELECT c FROM sbtest2 WHERE id BETWEEN 4738174 AND 4738183
	Index Scan using sbtest2_pkey on sbtest2  (cost=0.43..39.09 rows=10 width=121)
	  Index Cond: ((id >= 4738174) AND (id <= 4738183))

table 3 : explain SELECT c FROM sbtest3 WHERE id BETWEEN 1049788 AND 1049797
	Index Scan using sbtest3_pkey on sbtest3  (cost=0.43..42.72 rows=11 width=121)
	  Index Cond: ((id >= 1049788) AND (id <= 1049797))

table 4 : explain SELECT c FROM sbtest4 WHERE id BETWEEN 9771243 AND 9771252
	Index Scan using sbtest4_pkey on sbtest4  (cost=0.43..39.29 rows=10 width=121)
	  Index Cond: ((id >= 9771243) AND (id <= 9771252))

table 5 : explain SELECT c FROM sbtest5 WHERE id BETWEEN 1370253 AND 1370262
	Index Scan using sbtest5_pkey on sbtest5  (cost=0.43..35.79 rows=9 width=121)
	  Index Cond: ((id >= 1370253) AND (id <= 1370262))

table 6 : explain SELECT c FROM sbtest6 WHERE id BETWEEN 1587743 AND 1587752
	Index Scan using sbtest6_pkey on sbtest6  (cost=0.43..42.40 rows=11 width=121)
	  Index Cond: ((id >= 1587743) AND (id <= 1587752))

table 7 : explain SELECT c FROM sbtest7 WHERE id BETWEEN 9139264 AND 9139273
	Index Scan using sbtest7_pkey on sbtest7  (cost=0.43..35.81 rows=9 width=121)
	  Index Cond: ((id >= 9139264) AND (id <= 9139273))

table 8 : explain SELECT c FROM sbtest8 WHERE id BETWEEN 1497512 AND 1497521
	Index Scan using sbtest8_pkey on sbtest8  (cost=0.43..35.78 rows=9 width=121)
	  Index Cond: ((id >= 1497512) AND (id <= 1497521))

for index_updates
table 1 : explain UPDATE sbtest1 SET k=k+1 WHERE id=200572
	Update on sbtest1  (cost=0.43..8.46 rows=1 width=196)
	  ->  Index Scan using sbtest1_pkey on sbtest1  (cost=0.43..8.46 rows=1 width=196)
	        Index Cond: (id = 200572)

table 2 : explain UPDATE sbtest2 SET k=k+1 WHERE id=9863305
	Update on sbtest2  (cost=0.43..8.46 rows=1 width=196)
	  ->  Index Scan using sbtest2_pkey on sbtest2  (cost=0.43..8.46 rows=1 width=196)
	        Index Cond: (id = 9863305)

table 3 : explain UPDATE sbtest3 SET k=k+1 WHERE id=9864588
	Update on sbtest3  (cost=0.43..8.46 rows=1 width=196)
	  ->  Index Scan using sbtest3_pkey on sbtest3  (cost=0.43..8.46 rows=1 width=196)
	        Index Cond: (id = 9864588)

table 4 : explain UPDATE sbtest4 SET k=k+1 WHERE id=7306957
	Update on sbtest4  (cost=0.43..8.46 rows=1 width=196)
	  ->  Index Scan using sbtest4_pkey on sbtest4  (cost=0.43..8.46 rows=1 width=196)
	        Index Cond: (id = 7306957)

table 5 : explain UPDATE sbtest5 SET k=k+1 WHERE id=9181026
	Update on sbtest5  (cost=0.43..8.46 rows=1 width=196)
	  ->  Index Scan using sbtest5_pkey on sbtest5  (cost=0.43..8.46 rows=1 width=196)
	        Index Cond: (id = 9181026)

table 6 : explain UPDATE sbtest6 SET k=k+1 WHERE id=9014646
	Update on sbtest6  (cost=0.43..8.46 rows=1 width=196)
	  ->  Index Scan using sbtest6_pkey on sbtest6  (cost=0.43..8.46 rows=1 width=196)
	        Index Cond: (id = 9014646)

table 7 : explain UPDATE sbtest7 SET k=k+1 WHERE id=5177104
	Update on sbtest7  (cost=0.43..8.46 rows=1 width=196)
	  ->  Index Scan using sbtest7_pkey on sbtest7  (cost=0.43..8.46 rows=1 width=196)
	        Index Cond: (id = 5177104)

table 8 : explain UPDATE sbtest8 SET k=k+1 WHERE id=412865
	Update on sbtest8  (cost=0.43..8.46 rows=1 width=196)
	  ->  Index Scan using sbtest8_pkey on sbtest8  (cost=0.43..8.46 rows=1 width=196)
	        Index Cond: (id = 412865)

explain: for non_index_updates :: explain UPDATE sbtest%u SET c='foobar' WHERE id=%u
for point_selects
table 1 : explain SELECT c FROM sbtest1 WHERE id=8960047
	Index Scan using sbtest1_pkey on sbtest1  (cost=0.43..8.45 rows=1 width=121)
	  Index Cond: (id = 8960047)

table 2 : explain SELECT c FROM sbtest2 WHERE id=7177487
	Index Scan using sbtest2_pkey on sbtest2  (cost=0.43..8.45 rows=1 width=121)
	  Index Cond: (id = 7177487)

table 3 : explain SELECT c FROM sbtest3 WHERE id=3632343
	Index Scan using sbtest3_pkey on sbtest3  (cost=0.43..8.45 rows=1 width=121)
	  Index Cond: (id = 3632343)

table 4 : explain SELECT c FROM sbtest4 WHERE id=262494
	Index Scan using sbtest4_pkey on sbtest4  (cost=0.43..8.45 rows=1 width=121)
	  Index Cond: (id = 262494)

table 5 : explain SELECT c FROM sbtest5 WHERE id=3771438
	Index Scan using sbtest5_pkey on sbtest5  (cost=0.43..8.45 rows=1 width=121)
	  Index Cond: (id = 3771438)

table 6 : explain SELECT c FROM sbtest6 WHERE id=2505497
	Index Scan using sbtest6_pkey on sbtest6  (cost=0.43..8.45 rows=1 width=121)
	  Index Cond: (id = 2505497)

table 7 : explain SELECT c FROM sbtest7 WHERE id=5745910
	Index Scan using sbtest7_pkey on sbtest7  (cost=0.43..8.45 rows=1 width=121)
	  Index Cond: (id = 5745910)

table 8 : explain SELECT c FROM sbtest8 WHERE id=9611854
	Index Scan using sbtest8_pkey on sbtest8  (cost=0.43..8.45 rows=1 width=121)
	  Index Cond: (id = 9611854)

for non_index_updates
table 1 : explain UPDATE sbtest1 SET c='foobar' WHERE id=6304434
	Update on sbtest1  (cost=0.43..8.45 rows=1 width=559)
	  ->  Index Scan using sbtest1_pkey on sbtest1  (cost=0.43..8.45 rows=1 width=559)
	        Index Cond: (id = 6304434)

table 2 : explain UPDATE sbtest2 SET c='foobar' WHERE id=1782812
	Update on sbtest2  (cost=0.43..8.45 rows=1 width=559)
	  ->  Index Scan using sbtest2_pkey on sbtest2  (cost=0.43..8.45 rows=1 width=559)
	        Index Cond: (id = 1782812)

table 3 : explain UPDATE sbtest3 SET c='foobar' WHERE id=6350351
	Update on sbtest3  (cost=0.43..8.45 rows=1 width=559)
	  ->  Index Scan using sbtest3_pkey on sbtest3  (cost=0.43..8.45 rows=1 width=559)
	        Index Cond: (id = 6350351)

table 4 : explain UPDATE sbtest4 SET c='foobar' WHERE id=8858212
	Update on sbtest4  (cost=0.43..8.45 rows=1 width=559)
	  ->  Index Scan using sbtest4_pkey on sbtest4  (cost=0.43..8.45 rows=1 width=559)
	        Index Cond: (id = 8858212)

table 5 : explain UPDATE sbtest5 SET c='foobar' WHERE id=160115
	Update on sbtest5  (cost=0.43..8.45 rows=1 width=559)
	  ->  Index Scan using sbtest5_pkey on sbtest5  (cost=0.43..8.45 rows=1 width=559)
	        Index Cond: (id = 160115)

table 6 : explain UPDATE sbtest6 SET c='foobar' WHERE id=3369347
	Update on sbtest6  (cost=0.43..8.45 rows=1 width=559)
	  ->  Index Scan using sbtest6_pkey on sbtest6  (cost=0.43..8.45 rows=1 width=559)
	        Index Cond: (id = 3369347)

table 7 : explain UPDATE sbtest7 SET c='foobar' WHERE id=7130677
	Update on sbtest7  (cost=0.43..8.45 rows=1 width=559)
	  ->  Index Scan using sbtest7_pkey on sbtest7  (cost=0.43..8.45 rows=1 width=559)
	        Index Cond: (id = 7130677)

table 8 : explain UPDATE sbtest8 SET c='foobar' WHERE id=1426166
	Update on sbtest8  (cost=0.43..8.45 rows=1 width=559)
	  ->  Index Scan using sbtest8_pkey on sbtest8  (cost=0.43..8.45 rows=1 width=559)
	        Index Cond: (id = 1426166)

for index_updates
table 1 : explain UPDATE sbtest1 SET k=k+1 WHERE id=6810149
	Update on sbtest1  (cost=0.43..8.46 rows=1 width=196)
	  ->  Index Scan using sbtest1_pkey on sbtest1  (cost=0.43..8.46 rows=1 width=196)
	        Index Cond: (id = 6810149)

table 2 : explain UPDATE sbtest2 SET k=k+1 WHERE id=1912171
	Update on sbtest2  (cost=0.43..8.46 rows=1 width=196)
	  ->  Index Scan using sbtest2_pkey on sbtest2  (cost=0.43..8.46 rows=1 width=196)
	        Index Cond: (id = 1912171)

table 3 : explain UPDATE sbtest3 SET k=k+1 WHERE id=2728726
	Update on sbtest3  (cost=0.43..8.46 rows=1 width=196)
	  ->  Index Scan using sbtest3_pkey on sbtest3  (cost=0.43..8.46 rows=1 width=196)
	        Index Cond: (id = 2728726)

table 4 : explain UPDATE sbtest4 SET k=k+1 WHERE id=7897159
	Update on sbtest4  (cost=0.43..8.46 rows=1 width=196)
	  ->  Index Scan using sbtest4_pkey on sbtest4  (cost=0.43..8.46 rows=1 width=196)
	        Index Cond: (id = 7897159)

table 5 : explain UPDATE sbtest5 SET k=k+1 WHERE id=5131553
	Update on sbtest5  (cost=0.43..8.46 rows=1 width=196)
	  ->  Index Scan using sbtest5_pkey on sbtest5  (cost=0.43..8.46 rows=1 width=196)
	        Index Cond: (id = 5131553)

table 6 : explain UPDATE sbtest6 SET k=k+1 WHERE id=3927985
	Update on sbtest6  (cost=0.43..8.46 rows=1 width=196)
	  ->  Index Scan using sbtest6_pkey on sbtest6  (cost=0.43..8.46 rows=1 width=196)
	        Index Cond: (id = 3927985)

table 7 : explain UPDATE sbtest7 SET k=k+1 WHERE id=297661
	Update on sbtest7  (cost=0.43..8.46 rows=1 width=196)
	  ->  Index Scan using sbtest7_pkey on sbtest7  (cost=0.43..8.46 rows=1 width=196)
	        Index Cond: (id = 297661)

table 8 : explain UPDATE sbtest8 SET k=k+1 WHERE id=5045118
	Update on sbtest8  (cost=0.43..8.46 rows=1 width=196)
	  ->  Index Scan using sbtest8_pkey on sbtest8  (cost=0.43..8.46 rows=1 width=196)
	        Index Cond: (id = 5045118)

for point_selects
table 1 : explain SELECT c FROM sbtest1 WHERE id=6632873
	Index Scan using sbtest1_pkey on sbtest1  (cost=0.43..8.45 rows=1 width=121)
	  Index Cond: (id = 6632873)

table 2 : explain SELECT c FROM sbtest2 WHERE id=9508443
	Index Scan using sbtest2_pkey on sbtest2  (cost=0.43..8.45 rows=1 width=121)
	  Index Cond: (id = 9508443)

table 3 : explain SELECT c FROM sbtest3 WHERE id=5829134
	Index Scan using sbtest3_pkey on sbtest3  (cost=0.43..8.45 rows=1 width=121)
	  Index Cond: (id = 5829134)

table 4 : explain SELECT c FROM sbtest4 WHERE id=7723686
	Index Scan using sbtest4_pkey on sbtest4  (cost=0.43..8.45 rows=1 width=121)
	  Index Cond: (id = 7723686)

table 5 : explain SELECT c FROM sbtest5 WHERE id=9918294
	Index Scan using sbtest5_pkey on sbtest5  (cost=0.43..8.45 rows=1 width=121)
	  Index Cond: (id = 9918294)

table 6 : explain SELECT c FROM sbtest6 WHERE id=7061631
	Index Scan using sbtest6_pkey on sbtest6  (cost=0.43..8.45 rows=1 width=121)
	  Index Cond: (id = 7061631)

table 7 : explain SELECT c FROM sbtest7 WHERE id=7546896
	Index Scan using sbtest7_pkey on sbtest7  (cost=0.43..8.45 rows=1 width=121)
	  Index Cond: (id = 7546896)

table 8 : explain SELECT c FROM sbtest8 WHERE id=6684121
	Index Scan using sbtest8_pkey on sbtest8  (cost=0.43..8.45 rows=1 width=121)
	  Index Cond: (id = 6684121)

for point_selects
table 1 : explain SELECT c FROM sbtest1 WHERE id=4859321
	Index Scan using sbtest1_pkey on sbtest1  (cost=0.43..8.45 rows=1 width=121)
	  Index Cond: (id = 4859321)

table 2 : explain SELECT c FROM sbtest2 WHERE id=2225422
	Index Scan using sbtest2_pkey on sbtest2  (cost=0.43..8.45 rows=1 width=121)
	  Index Cond: (id = 2225422)

table 3 : explain SELECT c FROM sbtest3 WHERE id=3835307
	Index Scan using sbtest3_pkey on sbtest3  (cost=0.43..8.45 rows=1 width=121)
	  Index Cond: (id = 3835307)

table 4 : explain SELECT c FROM sbtest4 WHERE id=1916240
	Index Scan using sbtest4_pkey on sbtest4  (cost=0.43..8.45 rows=1 width=121)
	  Index Cond: (id = 1916240)

table 5 : explain SELECT c FROM sbtest5 WHERE id=407037
	Index Scan using sbtest5_pkey on sbtest5  (cost=0.43..8.45 rows=1 width=121)
	  Index Cond: (id = 407037)

table 6 : explain SELECT c FROM sbtest6 WHERE id=8599543
	Index Scan using sbtest6_pkey on sbtest6  (cost=0.43..8.45 rows=1 width=121)
	  Index Cond: (id = 8599543)

table 7 : explain SELECT c FROM sbtest7 WHERE id=4286022
	Index Scan using sbtest7_pkey on sbtest7  (cost=0.43..8.45 rows=1 width=121)
	  Index Cond: (id = 4286022)

table 8 : explain SELECT c FROM sbtest8 WHERE id=6752917
	Index Scan using sbtest8_pkey on sbtest8  (cost=0.43..8.45 rows=1 width=121)
	  Index Cond: (id = 6752917)

for: sum_ranges
table 1 : explain SELECT SUM(k) FROM sbtest1 WHERE id BETWEEN 1494336 AND 1494345
	Aggregate  (cost=42.41..42.42 rows=1 width=8)
	  ->  Index Scan using sbtest1_pkey on sbtest1  (cost=0.43..42.38 rows=11 width=4)
	        Index Cond: ((id >= 1494336) AND (id <= 1494345))

table 2 : explain SELECT SUM(k) FROM sbtest2 WHERE id BETWEEN 9773178 AND 9773187
	Aggregate  (cost=35.71..35.72 rows=1 width=8)
	  ->  Index Scan using sbtest2_pkey on sbtest2  (cost=0.43..35.68 rows=9 width=4)
	        Index Cond: ((id >= 9773178) AND (id <= 9773187))

table 3 : explain SELECT SUM(k) FROM sbtest3 WHERE id BETWEEN 2115328 AND 2115337
	Aggregate  (cost=39.32..39.33 rows=1 width=8)
	  ->  Index Scan using sbtest3_pkey on sbtest3  (cost=0.43..39.29 rows=10 width=4)
	        Index Cond: ((id >= 2115328) AND (id <= 2115337))

table 4 : explain SELECT SUM(k) FROM sbtest4 WHERE id BETWEEN 4576040 AND 4576049
	Aggregate  (cost=46.18..46.19 rows=1 width=8)
	  ->  Index Scan using sbtest4_pkey on sbtest4  (cost=0.43..46.15 rows=12 width=4)
	        Index Cond: ((id >= 4576040) AND (id <= 4576049))

table 5 : explain SELECT SUM(k) FROM sbtest5 WHERE id BETWEEN 8615277 AND 8615286
	Aggregate  (cost=35.81..35.82 rows=1 width=8)
	  ->  Index Scan using sbtest5_pkey on sbtest5  (cost=0.43..35.79 rows=9 width=4)
	        Index Cond: ((id >= 8615277) AND (id <= 8615286))

table 6 : explain SELECT SUM(k) FROM sbtest6 WHERE id BETWEEN 4573396 AND 4573405
	Aggregate  (cost=39.03..39.04 rows=1 width=8)
	  ->  Index Scan using sbtest6_pkey on sbtest6  (cost=0.43..39.00 rows=10 width=4)
	        Index Cond: ((id >= 4573396) AND (id <= 4573405))

table 7 : explain SELECT SUM(k) FROM sbtest7 WHERE id BETWEEN 7071160 AND 7071169
	Aggregate  (cost=35.83..35.84 rows=1 width=8)
	  ->  Index Scan using sbtest7_pkey on sbtest7  (cost=0.43..35.81 rows=9 width=4)
	        Index Cond: ((id >= 7071160) AND (id <= 7071169))

table 8 : explain SELECT SUM(k) FROM sbtest8 WHERE id BETWEEN 1719180 AND 1719189
	Aggregate  (cost=39.22..39.23 rows=1 width=8)
	  ->  Index Scan using sbtest8_pkey on sbtest8  (cost=0.43..39.19 rows=10 width=4)
	        Index Cond: ((id >= 1719180) AND (id <= 1719189))

explain: for non_index_updates :: explain UPDATE sbtest%u SET c='foobar' WHERE id=%u
explain: for deletes :: explain DELETE FROM sbtest%u WHERE id=%u
for: simple_ranges
table 1 : explain SELECT c FROM sbtest1 WHERE id BETWEEN 306318 AND 306327
	Index Scan using sbtest1_pkey on sbtest1  (cost=0.43..35.60 rows=9 width=121)
	  Index Cond: ((id >= 306318) AND (id <= 306327))

table 2 : explain SELECT c FROM sbtest2 WHERE id BETWEEN 5033017 AND 5033026
	Index Scan using sbtest2_pkey on sbtest2  (cost=0.43..42.49 rows=11 width=121)
	  Index Cond: ((id >= 5033017) AND (id <= 5033026))

table 3 : explain SELECT c FROM sbtest3 WHERE id BETWEEN 1981816 AND 1981825
	Index Scan using sbtest3_pkey on sbtest3  (cost=0.43..35.87 rows=9 width=121)
	  Index Cond: ((id >= 1981816) AND (id <= 1981825))

table 4 : explain SELECT c FROM sbtest4 WHERE id BETWEEN 5203763 AND 5203772
	Index Scan using sbtest4_pkey on sbtest4  (cost=0.43..39.29 rows=10 width=121)
	  Index Cond: ((id >= 5203763) AND (id <= 5203772))

table 5 : explain SELECT c FROM sbtest5 WHERE id BETWEEN 8710078 AND 8710087
	Index Scan using sbtest5_pkey on sbtest5  (cost=0.43..35.79 rows=9 width=121)
	  Index Cond: ((id >= 8710078) AND (id <= 8710087))

table 6 : explain SELECT c FROM sbtest6 WHERE id BETWEEN 2530350 AND 2530359
	Index Scan using sbtest6_pkey on sbtest6  (cost=0.43..39.00 rows=10 width=121)
	  Index Cond: ((id >= 2530350) AND (id <= 2530359))

table 7 : explain SELECT c FROM sbtest7 WHERE id BETWEEN 2793531 AND 2793540
	Index Scan using sbtest7_pkey on sbtest7  (cost=0.43..39.22 rows=10 width=121)
	  Index Cond: ((id >= 2793531) AND (id <= 2793540))

table 8 : explain SELECT c FROM sbtest8 WHERE id BETWEEN 3184304 AND 3184313
	Index Scan using sbtest8_pkey on sbtest8  (cost=0.43..39.19 rows=10 width=121)
	  Index Cond: ((id >= 3184304) AND (id <= 3184313))

for non_index_updates
table 1 : explain UPDATE sbtest1 SET c='foobar' WHERE id=9801814
	Update on sbtest1  (cost=0.43..8.45 rows=1 width=559)
	  ->  Index Scan using sbtest1_pkey on sbtest1  (cost=0.43..8.45 rows=1 width=559)
	        Index Cond: (id = 9801814)

table 2 : explain UPDATE sbtest2 SET c='foobar' WHERE id=1843574
	Update on sbtest2  (cost=0.43..8.45 rows=1 width=559)
	  ->  Index Scan using sbtest2_pkey on sbtest2  (cost=0.43..8.45 rows=1 width=559)
	        Index Cond: (id = 1843574)

table 3 : explain UPDATE sbtest3 SET c='foobar' WHERE id=1835672
	Update on sbtest3  (cost=0.43..8.45 rows=1 width=559)
	  ->  Index Scan using sbtest3_pkey on sbtest3  (cost=0.43..8.45 rows=1 width=559)
	        Index Cond: (id = 1835672)

table 4 : explain UPDATE sbtest4 SET c='foobar' WHERE id=8695478
	Update on sbtest4  (cost=0.43..8.45 rows=1 width=559)
	  ->  Index Scan using sbtest4_pkey on sbtest4  (cost=0.43..8.45 rows=1 width=559)
	        Index Cond: (id = 8695478)

table 5 : explain UPDATE sbtest5 SET c='foobar' WHERE id=5805040
	Update on sbtest5  (cost=0.43..8.45 rows=1 width=559)
	  ->  Index Scan using sbtest5_pkey on sbtest5  (cost=0.43..8.45 rows=1 width=559)
	        Index Cond: (id = 5805040)

table 6 : explain UPDATE sbtest6 SET c='foobar' WHERE id=7542216
	Update on sbtest6  (cost=0.43..8.45 rows=1 width=559)
	  ->  Index Scan using sbtest6_pkey on sbtest6  (cost=0.43..8.45 rows=1 width=559)
	        Index Cond: (id = 7542216)

table 7 : explain UPDATE sbtest7 SET c='foobar' WHERE id=3867450
	Update on sbtest7  (cost=0.43..8.45 rows=1 width=559)
	  ->  Index Scan using sbtest7_pkey on sbtest7  (cost=0.43..8.45 rows=1 width=559)
	        Index Cond: (id = 3867450)

table 8 : explain UPDATE sbtest8 SET c='foobar' WHERE id=8707169
	Update on sbtest8  (cost=0.43..8.45 rows=1 width=559)
	  ->  Index Scan using sbtest8_pkey on sbtest8  (cost=0.43..8.45 rows=1 width=559)
	        Index Cond: (id = 8707169)

explain: for point_selects :: explain SELECT c FROM sbtest%u WHERE id=%u
for: sum_ranges
table 1 : explain SELECT SUM(k) FROM sbtest1 WHERE id BETWEEN 4330368 AND 4330377
	Aggregate  (cost=39.01..39.02 rows=1 width=8)
	  ->  Index Scan using sbtest1_pkey on sbtest1  (cost=0.43..38.99 rows=10 width=4)
	        Index Cond: ((id >= 4330368) AND (id <= 4330377))

table 2 : explain SELECT SUM(k) FROM sbtest2 WHERE id BETWEEN 7488318 AND 7488327
	Aggregate  (cost=39.11..39.12 rows=1 width=8)
	  ->  Index Scan using sbtest2_pkey on sbtest2  (cost=0.43..39.09 rows=10 width=4)
	        Index Cond: ((id >= 7488318) AND (id <= 7488327))

table 3 : explain SELECT SUM(k) FROM sbtest3 WHERE id BETWEEN 2167748 AND 2167757
	Aggregate  (cost=35.89..35.90 rows=1 width=8)
	  ->  Index Scan using sbtest3_pkey on sbtest3  (cost=0.43..35.87 rows=9 width=4)
	        Index Cond: ((id >= 2167748) AND (id <= 2167757))

table 4 : explain SELECT SUM(k) FROM sbtest4 WHERE id BETWEEN 3277750 AND 3277759
	Aggregate  (cost=39.32..39.33 rows=1 width=8)
	  ->  Index Scan using sbtest4_pkey on sbtest4  (cost=0.43..39.29 rows=10 width=4)
	        Index Cond: ((id >= 3277750) AND (id <= 3277759))

table 5 : explain SELECT SUM(k) FROM sbtest5 WHERE id BETWEEN 2168946 AND 2168955
	Aggregate  (cost=42.65..42.66 rows=1 width=8)
	  ->  Index Scan using sbtest5_pkey on sbtest5  (cost=0.43..42.62 rows=11 width=4)
	        Index Cond: ((id >= 2168946) AND (id <= 2168955))

table 6 : explain SELECT SUM(k) FROM sbtest6 WHERE id BETWEEN 2800354 AND 2800363
	Aggregate  (cost=42.43..42.44 rows=1 width=8)
	  ->  Index Scan using sbtest6_pkey on sbtest6  (cost=0.43..42.40 rows=11 width=4)
	        Index Cond: ((id >= 2800354) AND (id <= 2800363))

table 7 : explain SELECT SUM(k) FROM sbtest7 WHERE id BETWEEN 3429568 AND 3429577
	Aggregate  (cost=46.09..46.10 rows=1 width=8)
	  ->  Index Scan using sbtest7_pkey on sbtest7  (cost=0.43..46.06 rows=12 width=4)
	        Index Cond: ((id >= 3429568) AND (id <= 3429577))

table 8 : explain SELECT SUM(k) FROM sbtest8 WHERE id BETWEEN 2466864 AND 2466873
	Aggregate  (cost=39.22..39.23 rows=1 width=8)
	  ->  Index Scan using sbtest8_pkey on sbtest8  (cost=0.43..39.19 rows=10 width=4)
	        Index Cond: ((id >= 2466864) AND (id <= 2466873))

explain: for deletes :: explain DELETE FROM sbtest%u WHERE id=%u
for: simple_ranges
table 1 : explain SELECT c FROM sbtest1 WHERE id BETWEEN 6881588 AND 6881597
	Index Scan using sbtest1_pkey on sbtest1  (cost=0.43..38.99 rows=10 width=121)
	  Index Cond: ((id >= 6881588) AND (id <= 6881597))

table 2 : explain SELECT c FROM sbtest2 WHERE id BETWEEN 5669689 AND 5669698
	Index Scan using sbtest2_pkey on sbtest2  (cost=0.43..35.68 rows=9 width=121)
	  Index Cond: ((id >= 5669689) AND (id <= 5669698))

table 3 : explain SELECT c FROM sbtest3 WHERE id BETWEEN 9169057 AND 9169066
	Index Scan using sbtest3_pkey on sbtest3  (cost=0.43..39.29 rows=10 width=121)
	  Index Cond: ((id >= 9169057) AND (id <= 9169066))

table 4 : explain SELECT c FROM sbtest4 WHERE id BETWEEN 8541013 AND 8541022
	Index Scan using sbtest4_pkey on sbtest4  (cost=0.43..39.29 rows=10 width=121)
	  Index Cond: ((id >= 8541013) AND (id <= 8541022))

table 5 : explain SELECT c FROM sbtest5 WHERE id BETWEEN 6805712 AND 6805721
	Index Scan using sbtest5_pkey on sbtest5  (cost=0.43..39.21 rows=10 width=121)
	  Index Cond: ((id >= 6805712) AND (id <= 6805721))

table 6 : explain SELECT c FROM sbtest6 WHERE id BETWEEN 6420291 AND 6420300
	Index Scan using sbtest6_pkey on sbtest6  (cost=0.43..39.00 rows=10 width=121)
	  Index Cond: ((id >= 6420291) AND (id <= 6420300))

table 7 : explain SELECT c FROM sbtest7 WHERE id BETWEEN 2647412 AND 2647421
	Index Scan using sbtest7_pkey on sbtest7  (cost=0.43..39.22 rows=10 width=121)
	  Index Cond: ((id >= 2647412) AND (id <= 2647421))

table 8 : explain SELECT c FROM sbtest8 WHERE id BETWEEN 465600 AND 465609
	Index Scan using sbtest8_pkey on sbtest8  (cost=0.43..39.19 rows=10 width=121)
	  Index Cond: ((id >= 465600) AND (id <= 465609))

for: simple_ranges
table 1 : explain SELECT c FROM sbtest1 WHERE id BETWEEN 5305835 AND 5305844
	Index Scan using sbtest1_pkey on sbtest1  (cost=0.43..38.99 rows=10 width=121)
	  Index Cond: ((id >= 5305835) AND (id <= 5305844))

table 2 : explain SELECT c FROM sbtest2 WHERE id BETWEEN 8204007 AND 8204016
	Index Scan using sbtest2_pkey on sbtest2  (cost=0.43..39.09 rows=10 width=121)
	  Index Cond: ((id >= 8204007) AND (id <= 8204016))

table 3 : explain SELECT c FROM sbtest3 WHERE id BETWEEN 3874032 AND 3874041
	Index Scan using sbtest3_pkey on sbtest3  (cost=0.43..39.29 rows=10 width=121)
	  Index Cond: ((id >= 3874032) AND (id <= 3874041))

table 4 : explain SELECT c FROM sbtest4 WHERE id BETWEEN 8873748 AND 8873757
	Index Scan using sbtest4_pkey on sbtest4  (cost=0.43..39.29 rows=10 width=121)
	  Index Cond: ((id >= 8873748) AND (id <= 8873757))

table 5 : explain SELECT c FROM sbtest5 WHERE id BETWEEN 4640303 AND 4640312
	Index Scan using sbtest5_pkey on sbtest5  (cost=0.43..39.21 rows=10 width=121)
	  Index Cond: ((id >= 4640303) AND (id <= 4640312))

table 6 : explain SELECT c FROM sbtest6 WHERE id BETWEEN 9280211 AND 9280220
	Index Scan using sbtest6_pkey on sbtest6  (cost=0.43..39.00 rows=10 width=121)
	  Index Cond: ((id >= 9280211) AND (id <= 9280220))

table 7 : explain SELECT c FROM sbtest7 WHERE id BETWEEN 2567477 AND 2567486
	Index Scan using sbtest7_pkey on sbtest7  (cost=0.43..35.81 rows=9 width=121)
	  Index Cond: ((id >= 2567477) AND (id <= 2567486))

table 8 : explain SELECT c FROM sbtest8 WHERE id BETWEEN 1000314 AND 1000323
	Index Scan using sbtest8_pkey on sbtest8  (cost=0.43..39.19 rows=10 width=121)
	  Index Cond: ((id >= 1000314) AND (id <= 1000323))

for deletes
table 1 : explain DELETE FROM sbtest1 WHERE id=3184468
	Delete on sbtest1  (cost=0.43..8.45 rows=1 width=6)
	  ->  Index Scan using sbtest1_pkey on sbtest1  (cost=0.43..8.45 rows=1 width=6)
	        Index Cond: (id = 3184468)

table 2 : explain DELETE FROM sbtest2 WHERE id=9855193
	Delete on sbtest2  (cost=0.43..8.45 rows=1 width=6)
	  ->  Index Scan using sbtest2_pkey on sbtest2  (cost=0.43..8.45 rows=1 width=6)
	        Index Cond: (id = 9855193)

table 3 : explain DELETE FROM sbtest3 WHERE id=6811658
	Delete on sbtest3  (cost=0.43..8.45 rows=1 width=6)
	  ->  Index Scan using sbtest3_pkey on sbtest3  (cost=0.43..8.45 rows=1 width=6)
	        Index Cond: (id = 6811658)

table 4 : explain DELETE FROM sbtest4 WHERE id=6329434
	Delete on sbtest4  (cost=0.43..8.45 rows=1 width=6)
	  ->  Index Scan using sbtest4_pkey on sbtest4  (cost=0.43..8.45 rows=1 width=6)
	        Index Cond: (id = 6329434)

table 5 : explain DELETE FROM sbtest5 WHERE id=4452095
	Delete on sbtest5  (cost=0.43..8.45 rows=1 width=6)
	  ->  Index Scan using sbtest5_pkey on sbtest5  (cost=0.43..8.45 rows=1 width=6)
	        Index Cond: (id = 4452095)

table 6 : explain DELETE FROM sbtest6 WHERE id=2182193
	Delete on sbtest6  (cost=0.43..8.45 rows=1 width=6)
	  ->  Index Scan using sbtest6_pkey on sbtest6  (cost=0.43..8.45 rows=1 width=6)
	        Index Cond: (id = 2182193)

table 7 : explain DELETE FROM sbtest7 WHERE id=7831510
	Delete on sbtest7  (cost=0.43..8.45 rows=1 width=6)
	  ->  Index Scan using sbtest7_pkey on sbtest7  (cost=0.43..8.45 rows=1 width=6)
	        Index Cond: (id = 7831510)

table 8 : explain DELETE FROM sbtest8 WHERE id=8223704
	Delete on sbtest8  (cost=0.43..8.45 rows=1 width=6)
	  ->  Index Scan using sbtest8_pkey on sbtest8  (cost=0.43..8.45 rows=1 width=6)
	        Index Cond: (id = 8223704)

explain: for point_selects :: explain SELECT c FROM sbtest%u WHERE id=%u
for deletes
table 1 : explain DELETE FROM sbtest1 WHERE id=9451080
	Delete on sbtest1  (cost=0.43..8.45 rows=1 width=6)
	  ->  Index Scan using sbtest1_pkey on sbtest1  (cost=0.43..8.45 rows=1 width=6)
	        Index Cond: (id = 9451080)

table 2 : explain DELETE FROM sbtest2 WHERE id=5606724
	Delete on sbtest2  (cost=0.43..8.45 rows=1 width=6)
	  ->  Index Scan using sbtest2_pkey on sbtest2  (cost=0.43..8.45 rows=1 width=6)
	        Index Cond: (id = 5606724)

table 3 : explain DELETE FROM sbtest3 WHERE id=8969049
	Delete on sbtest3  (cost=0.43..8.45 rows=1 width=6)
	  ->  Index Scan using sbtest3_pkey on sbtest3  (cost=0.43..8.45 rows=1 width=6)
	        Index Cond: (id = 8969049)

table 4 : explain DELETE FROM sbtest4 WHERE id=844456
	Delete on sbtest4  (cost=0.43..8.45 rows=1 width=6)
	  ->  Index Scan using sbtest4_pkey on sbtest4  (cost=0.43..8.45 rows=1 width=6)
	        Index Cond: (id = 844456)

table 5 : explain DELETE FROM sbtest5 WHERE id=9981931
	Delete on sbtest5  (cost=0.43..8.45 rows=1 width=6)
	  ->  Index Scan using sbtest5_pkey on sbtest5  (cost=0.43..8.45 rows=1 width=6)
	        Index Cond: (id = 9981931)

table 6 : explain DELETE FROM sbtest6 WHERE id=3770294
	Delete on sbtest6  (cost=0.43..8.45 rows=1 width=6)
	  ->  Index Scan using sbtest6_pkey on sbtest6  (cost=0.43..8.45 rows=1 width=6)
	        Index Cond: (id = 3770294)

table 7 : explain DELETE FROM sbtest7 WHERE id=1085715
	Delete on sbtest7  (cost=0.43..8.45 rows=1 width=6)
	  ->  Index Scan using sbtest7_pkey on sbtest7  (cost=0.43..8.45 rows=1 width=6)
	        Index Cond: (id = 1085715)

table 8 : explain DELETE FROM sbtest8 WHERE id=1635514
	Delete on sbtest8  (cost=0.43..8.45 rows=1 width=6)
	  ->  Index Scan using sbtest8_pkey on sbtest8  (cost=0.43..8.45 rows=1 width=6)
	        Index Cond: (id = 1635514)

for non_index_updates
table 1 : explain UPDATE sbtest1 SET c='foobar' WHERE id=7135625
	Update on sbtest1  (cost=0.43..8.45 rows=1 width=559)
	  ->  Index Scan using sbtest1_pkey on sbtest1  (cost=0.43..8.45 rows=1 width=559)
	        Index Cond: (id = 7135625)

table 2 : explain UPDATE sbtest2 SET c='foobar' WHERE id=6742153
	Update on sbtest2  (cost=0.43..8.45 rows=1 width=559)
	  ->  Index Scan using sbtest2_pkey on sbtest2  (cost=0.43..8.45 rows=1 width=559)
	        Index Cond: (id = 6742153)

table 3 : explain UPDATE sbtest3 SET c='foobar' WHERE id=5087226
	Update on sbtest3  (cost=0.43..8.45 rows=1 width=559)
	  ->  Index Scan using sbtest3_pkey on sbtest3  (cost=0.43..8.45 rows=1 width=559)
	        Index Cond: (id = 5087226)

table 4 : explain UPDATE sbtest4 SET c='foobar' WHERE id=7021100
	Update on sbtest4  (cost=0.43..8.45 rows=1 width=559)
	  ->  Index Scan using sbtest4_pkey on sbtest4  (cost=0.43..8.45 rows=1 width=559)
	        Index Cond: (id = 7021100)

table 5 : explain UPDATE sbtest5 SET c='foobar' WHERE id=4663062
	Update on sbtest5  (cost=0.43..8.45 rows=1 width=559)
	  ->  Index Scan using sbtest5_pkey on sbtest5  (cost=0.43..8.45 rows=1 width=559)
	        Index Cond: (id = 4663062)

table 6 : explain UPDATE sbtest6 SET c='foobar' WHERE id=6468539
	Update on sbtest6  (cost=0.43..8.45 rows=1 width=559)
	  ->  Index Scan using sbtest6_pkey on sbtest6  (cost=0.43..8.45 rows=1 width=559)
	        Index Cond: (id = 6468539)

table 7 : explain UPDATE sbtest7 SET c='foobar' WHERE id=1135358
	Update on sbtest7  (cost=0.43..8.45 rows=1 width=559)
	  ->  Index Scan using sbtest7_pkey on sbtest7  (cost=0.43..8.45 rows=1 width=559)
	        Index Cond: (id = 1135358)

table 8 : explain UPDATE sbtest8 SET c='foobar' WHERE id=2403577
	Update on sbtest8  (cost=0.43..8.45 rows=1 width=559)
	  ->  Index Scan using sbtest8_pkey on sbtest8  (cost=0.43..8.45 rows=1 width=559)
	        Index Cond: (id = 2403577)

explain: for deletes :: explain DELETE FROM sbtest%u WHERE id=%u
for: sum_ranges
table 1 : explain SELECT SUM(k) FROM sbtest1 WHERE id BETWEEN 3893360 AND 3893369
	Aggregate  (cost=35.62..35.63 rows=1 width=8)
	  ->  Index Scan using sbtest1_pkey on sbtest1  (cost=0.43..35.60 rows=9 width=4)
	        Index Cond: ((id >= 3893360) AND (id <= 3893369))

table 2 : explain SELECT SUM(k) FROM sbtest2 WHERE id BETWEEN 4022298 AND 4022307
	Aggregate  (cost=39.11..39.12 rows=1 width=8)
	  ->  Index Scan using sbtest2_pkey on sbtest2  (cost=0.43..39.09 rows=10 width=4)
	        Index Cond: ((id >= 4022298) AND (id <= 4022307))

table 3 : explain SELECT SUM(k) FROM sbtest3 WHERE id BETWEEN 2018518 AND 2018527
	Aggregate  (cost=35.89..35.90 rows=1 width=8)
	  ->  Index Scan using sbtest3_pkey on sbtest3  (cost=0.43..35.87 rows=9 width=4)
	        Index Cond: ((id >= 2018518) AND (id <= 2018527))

table 4 : explain SELECT SUM(k) FROM sbtest4 WHERE id BETWEEN 7662040 AND 7662049
	Aggregate  (cost=42.75..42.76 rows=1 width=8)
	  ->  Index Scan using sbtest4_pkey on sbtest4  (cost=0.43..42.72 rows=11 width=4)
	        Index Cond: ((id >= 7662040) AND (id <= 7662049))

table 5 : explain SELECT SUM(k) FROM sbtest5 WHERE id BETWEEN 799933 AND 799942
	Aggregate  (cost=35.81..35.82 rows=1 width=8)
	  ->  Index Scan using sbtest5_pkey on sbtest5  (cost=0.43..35.79 rows=9 width=4)
	        Index Cond: ((id >= 799933) AND (id <= 799942))

table 6 : explain SELECT SUM(k) FROM sbtest6 WHERE id BETWEEN 3503812 AND 3503821
	Aggregate  (cost=42.43..42.44 rows=1 width=8)
	  ->  Index Scan using sbtest6_pkey on sbtest6  (cost=0.43..42.40 rows=11 width=4)
	        Index Cond: ((id >= 3503812) AND (id <= 3503821))

table 7 : explain SELECT SUM(k) FROM sbtest7 WHERE id BETWEEN 493833 AND 493842
	Aggregate  (cost=35.83..35.84 rows=1 width=8)
	  ->  Index Scan using sbtest7_pkey on sbtest7  (cost=0.43..35.81 rows=9 width=4)
	        Index Cond: ((id >= 493833) AND (id <= 493842))

table 8 : explain SELECT SUM(k) FROM sbtest8 WHERE id BETWEEN 878682 AND 878691
	Aggregate  (cost=39.22..39.23 rows=1 width=8)
	  ->  Index Scan using sbtest8_pkey on sbtest8  (cost=0.43..39.19 rows=10 width=4)
	        Index Cond: ((id >= 878682) AND (id <= 878691))

for: sum_ranges
table 1 : explain SELECT SUM(k) FROM sbtest1 WHERE id BETWEEN 9970652 AND 9970661
	Aggregate  (cost=39.01..39.02 rows=1 width=8)
	  ->  Index Scan using sbtest1_pkey on sbtest1  (cost=0.43..38.99 rows=10 width=4)
	        Index Cond: ((id >= 9970652) AND (id <= 9970661))

table 2 : explain SELECT SUM(k) FROM sbtest2 WHERE id BETWEEN 9721534 AND 9721543
	Aggregate  (cost=35.71..35.72 rows=1 width=8)
	  ->  Index Scan using sbtest2_pkey on sbtest2  (cost=0.43..35.68 rows=9 width=4)
	        Index Cond: ((id >= 9721534) AND (id <= 9721543))

table 3 : explain SELECT SUM(k) FROM sbtest3 WHERE id BETWEEN 6132337 AND 6132346
	Aggregate  (cost=42.75..42.76 rows=1 width=8)
	  ->  Index Scan using sbtest3_pkey on sbtest3  (cost=0.43..42.72 rows=11 width=4)
	        Index Cond: ((id >= 6132337) AND (id <= 6132346))

table 4 : explain SELECT SUM(k) FROM sbtest4 WHERE id BETWEEN 394431 AND 394440
	Aggregate  (cost=42.75..42.76 rows=1 width=8)
	  ->  Index Scan using sbtest4_pkey on sbtest4  (cost=0.43..42.72 rows=11 width=4)
	        Index Cond: ((id >= 394431) AND (id <= 394440))

table 5 : explain SELECT SUM(k) FROM sbtest5 WHERE id BETWEEN 7214323 AND 7214332
	Aggregate  (cost=39.23..39.24 rows=1 width=8)
	  ->  Index Scan using sbtest5_pkey on sbtest5  (cost=0.43..39.21 rows=10 width=4)
	        Index Cond: ((id >= 7214323) AND (id <= 7214332))

table 6 : explain SELECT SUM(k) FROM sbtest6 WHERE id BETWEEN 4478936 AND 4478945
	Aggregate  (cost=35.63..35.64 rows=1 width=8)
	  ->  Index Scan using sbtest6_pkey on sbtest6  (cost=0.43..35.61 rows=9 width=4)
	        Index Cond: ((id >= 4478936) AND (id <= 4478945))

table 7 : explain SELECT SUM(k) FROM sbtest7 WHERE id BETWEEN 3627395 AND 3627404
	Aggregate  (cost=39.25..39.26 rows=1 width=8)
	  ->  Index Scan using sbtest7_pkey on sbtest7  (cost=0.43..39.22 rows=10 width=4)
	        Index Cond: ((id >= 3627395) AND (id <= 3627404))

table 8 : explain SELECT SUM(k) FROM sbtest8 WHERE id BETWEEN 249287 AND 249296
	Aggregate  (cost=39.22..39.23 rows=1 width=8)
	  ->  Index Scan using sbtest8_pkey on sbtest8  (cost=0.43..39.19 rows=10 width=4)
	        Index Cond: ((id >= 249287) AND (id <= 249296))

explain: for inserts :: explain INSERT INTO sbtest%u (id, k, c, pad) VALUES (%u, 13, 'foobar', 'foobar')
explain: for inserts :: explain INSERT INTO sbtest%u (id, k, c, pad) VALUES (%u, 13, 'foobar', 'foobar')
for: sum_ranges
table 1 : explain SELECT SUM(k) FROM sbtest1 WHERE id BETWEEN 1007025 AND 1007034
	Aggregate  (cost=42.41..42.42 rows=1 width=8)
	  ->  Index Scan using sbtest1_pkey on sbtest1  (cost=0.43..42.38 rows=11 width=4)
	        Index Cond: ((id >= 1007025) AND (id <= 1007034))

table 2 : explain SELECT SUM(k) FROM sbtest2 WHERE id BETWEEN 7097421 AND 7097430
	Aggregate  (cost=42.52..42.53 rows=1 width=8)
	  ->  Index Scan using sbtest2_pkey on sbtest2  (cost=0.43..42.49 rows=11 width=4)
	        Index Cond: ((id >= 7097421) AND (id <= 7097430))

table 3 : explain SELECT SUM(k) FROM sbtest3 WHERE id BETWEEN 6587847 AND 6587856
	Aggregate  (cost=39.32..39.33 rows=1 width=8)
	  ->  Index Scan using sbtest3_pkey on sbtest3  (cost=0.43..39.29 rows=10 width=4)
	        Index Cond: ((id >= 6587847) AND (id <= 6587856))

table 4 : explain SELECT SUM(k) FROM sbtest4 WHERE id BETWEEN 4038567 AND 4038576
	Aggregate  (cost=39.32..39.33 rows=1 width=8)
	  ->  Index Scan using sbtest4_pkey on sbtest4  (cost=0.43..39.29 rows=10 width=4)
	        Index Cond: ((id >= 4038567) AND (id <= 4038576))

table 5 : explain SELECT SUM(k) FROM sbtest5 WHERE id BETWEEN 3579569 AND 3579578
	Aggregate  (cost=39.23..39.24 rows=1 width=8)
	  ->  Index Scan using sbtest5_pkey on sbtest5  (cost=0.43..39.21 rows=10 width=4)
	        Index Cond: ((id >= 3579569) AND (id <= 3579578))

table 6 : explain SELECT SUM(k) FROM sbtest6 WHERE id BETWEEN 5123867 AND 5123876
	Aggregate  (cost=39.03..39.04 rows=1 width=8)
	  ->  Index Scan using sbtest6_pkey on sbtest6  (cost=0.43..39.00 rows=10 width=4)
	        Index Cond: ((id >= 5123867) AND (id <= 5123876))

table 7 : explain SELECT SUM(k) FROM sbtest7 WHERE id BETWEEN 9313028 AND 9313037
	Aggregate  (cost=39.25..39.26 rows=1 width=8)
	  ->  Index Scan using sbtest7_pkey on sbtest7  (cost=0.43..39.22 rows=10 width=4)
	        Index Cond: ((id >= 9313028) AND (id <= 9313037))

table 8 : explain SELECT SUM(k) FROM sbtest8 WHERE id BETWEEN 6189172 AND 6189181
	Aggregate  (cost=39.22..39.23 rows=1 width=8)
	  ->  Index Scan using sbtest8_pkey on sbtest8  (cost=0.43..39.19 rows=10 width=4)
	        Index Cond: ((id >= 6189172) AND (id <= 6189181))

for: order_ranges
table 1 : explain SELECT c FROM sbtest1 WHERE id BETWEEN 4160565 AND 4160574 ORDER BY c
	Sort  (cost=39.15..39.18 rows=10 width=121)
	  Sort Key: c
	  ->  Index Scan using sbtest1_pkey on sbtest1  (cost=0.43..38.99 rows=10 width=121)
	        Index Cond: ((id >= 4160565) AND (id <= 4160574))

table 2 : explain SELECT c FROM sbtest2 WHERE id BETWEEN 9336028 AND 9336037 ORDER BY c
	Sort  (cost=35.83..35.85 rows=9 width=121)
	  Sort Key: c
	  ->  Index Scan using sbtest2_pkey on sbtest2  (cost=0.43..35.68 rows=9 width=121)
	        Index Cond: ((id >= 9336028) AND (id <= 9336037))

table 3 : explain SELECT c FROM sbtest3 WHERE id BETWEEN 6849647 AND 6849656 ORDER BY c
	Sort  (cost=39.46..39.48 rows=10 width=121)
	  Sort Key: c
	  ->  Index Scan using sbtest3_pkey on sbtest3  (cost=0.43..39.29 rows=10 width=121)
	        Index Cond: ((id >= 6849647) AND (id <= 6849656))

table 4 : explain SELECT c FROM sbtest4 WHERE id BETWEEN 759751 AND 759760 ORDER BY c
	Sort  (cost=36.01..36.03 rows=9 width=121)
	  Sort Key: c
	  ->  Index Scan using sbtest4_pkey on sbtest4  (cost=0.43..35.87 rows=9 width=121)
	        Index Cond: ((id >= 759751) AND (id <= 759760))

table 5 : explain SELECT c FROM sbtest5 WHERE id BETWEEN 1516332 AND 1516341 ORDER BY c
	Sort  (cost=39.37..39.40 rows=10 width=121)
	  Sort Key: c
	  ->  Index Scan using sbtest5_pkey on sbtest5  (cost=0.43..39.21 rows=10 width=121)
	        Index Cond: ((id >= 1516332) AND (id <= 1516341))

table 6 : explain SELECT c FROM sbtest6 WHERE id BETWEEN 4543252 AND 4543261 ORDER BY c
	Sort  (cost=35.75..35.78 rows=9 width=121)
	  Sort Key: c
	  ->  Index Scan using sbtest6_pkey on sbtest6  (cost=0.43..35.61 rows=9 width=121)
	        Index Cond: ((id >= 4543252) AND (id <= 4543261))

table 7 : explain SELECT c FROM sbtest7 WHERE id BETWEEN 211967 AND 211976 ORDER BY c
	Sort  (cost=39.39..39.42 rows=10 width=121)
	  Sort Key: c
	  ->  Index Scan using sbtest7_pkey on sbtest7  (cost=0.43..39.22 rows=10 width=121)
	        Index Cond: ((id >= 211967) AND (id <= 211976))

table 8 : explain SELECT c FROM sbtest8 WHERE id BETWEEN 1504055 AND 1504064 ORDER BY c
	Sort  (cost=35.92..35.94 rows=9 width=121)
	  Sort Key: c
	  ->  Index Scan using sbtest8_pkey on sbtest8  (cost=0.43..35.78 rows=9 width=121)
	        Index Cond: ((id >= 1504055) AND (id <= 1504064))

for point_selects
table 1 : explain SELECT c FROM sbtest1 WHERE id=4731358
	Index Scan using sbtest1_pkey on sbtest1  (cost=0.43..8.45 rows=1 width=121)
	  Index Cond: (id = 4731358)

table 2 : explain SELECT c FROM sbtest2 WHERE id=3717449
	Index Scan using sbtest2_pkey on sbtest2  (cost=0.43..8.45 rows=1 width=121)
	  Index Cond: (id = 3717449)

table 3 : explain SELECT c FROM sbtest3 WHERE id=6460912
	Index Scan using sbtest3_pkey on sbtest3  (cost=0.43..8.45 rows=1 width=121)
	  Index Cond: (id = 6460912)

table 4 : explain SELECT c FROM sbtest4 WHERE id=6974176
	Index Scan using sbtest4_pkey on sbtest4  (cost=0.43..8.45 rows=1 width=121)
	  Index Cond: (id = 6974176)

table 5 : explain SELECT c FROM sbtest5 WHERE id=6504058
	Index Scan using sbtest5_pkey on sbtest5  (cost=0.43..8.45 rows=1 width=121)
	  Index Cond: (id = 6504058)

table 6 : explain SELECT c FROM sbtest6 WHERE id=7206445
	Index Scan using sbtest6_pkey on sbtest6  (cost=0.43..8.45 rows=1 width=121)
	  Index Cond: (id = 7206445)

table 7 : explain SELECT c FROM sbtest7 WHERE id=691601
	Index Scan using sbtest7_pkey on sbtest7  (cost=0.43..8.45 rows=1 width=121)
	  Index Cond: (id = 691601)

table 8 : explain SELECT c FROM sbtest8 WHERE id=9212782
	Index Scan using sbtest8_pkey on sbtest8  (cost=0.43..8.45 rows=1 width=121)
	  Index Cond: (id = 9212782)

for point_selects
table 1 : explain SELECT c FROM sbtest1 WHERE id=8033304
	Index Scan using sbtest1_pkey on sbtest1  (cost=0.43..8.45 rows=1 width=121)
	  Index Cond: (id = 8033304)

table 2 : explain SELECT c FROM sbtest2 WHERE id=1804991
	Index Scan using sbtest2_pkey on sbtest2  (cost=0.43..8.45 rows=1 width=121)
	  Index Cond: (id = 1804991)

table 3 : explain SELECT c FROM sbtest3 WHERE id=4281567
	Index Scan using sbtest3_pkey on sbtest3  (cost=0.43..8.45 rows=1 width=121)
	  Index Cond: (id = 4281567)

table 4 : explain SELECT c FROM sbtest4 WHERE id=9802708
	Index Scan using sbtest4_pkey on sbtest4  (cost=0.43..8.45 rows=1 width=121)
	  Index Cond: (id = 9802708)

table 5 : explain SELECT c FROM sbtest5 WHERE id=4213434
	Index Scan using sbtest5_pkey on sbtest5  (cost=0.43..8.45 rows=1 width=121)
	  Index Cond: (id = 4213434)

table 6 : explain SELECT c FROM sbtest6 WHERE id=8145861
	Index Scan using sbtest6_pkey on sbtest6  (cost=0.43..8.45 rows=1 width=121)
	  Index Cond: (id = 8145861)

table 7 : explain SELECT c FROM sbtest7 WHERE id=3018053
	Index Scan using sbtest7_pkey on sbtest7  (cost=0.43..8.45 rows=1 width=121)
	  Index Cond: (id = 3018053)

table 8 : explain SELECT c FROM sbtest8 WHERE id=6684924
	Index Scan using sbtest8_pkey on sbtest8  (cost=0.43..8.45 rows=1 width=121)
	  Index Cond: (id = 6684924)

for: sum_ranges
table 1 : explain SELECT SUM(k) FROM sbtest1 WHERE id BETWEEN 4414774 AND 4414783
	Aggregate  (cost=39.01..39.02 rows=1 width=8)
	  ->  Index Scan using sbtest1_pkey on sbtest1  (cost=0.43..38.99 rows=10 width=4)
	        Index Cond: ((id >= 4414774) AND (id <= 4414783))

table 2 : explain SELECT SUM(k) FROM sbtest2 WHERE id BETWEEN 7515300 AND 7515309
	Aggregate  (cost=39.11..39.12 rows=1 width=8)
	  ->  Index Scan using sbtest2_pkey on sbtest2  (cost=0.43..39.09 rows=10 width=4)
	        Index Cond: ((id >= 7515300) AND (id <= 7515309))

table 3 : explain SELECT SUM(k) FROM sbtest3 WHERE id BETWEEN 7832183 AND 7832192
	Aggregate  (cost=39.32..39.33 rows=1 width=8)
	  ->  Index Scan using sbtest3_pkey on sbtest3  (cost=0.43..39.29 rows=10 width=4)
	        Index Cond: ((id >= 7832183) AND (id <= 7832192))

table 4 : explain SELECT SUM(k) FROM sbtest4 WHERE id BETWEEN 4986584 AND 4986593
	Aggregate  (cost=39.32..39.33 rows=1 width=8)
	  ->  Index Scan using sbtest4_pkey on sbtest4  (cost=0.43..39.29 rows=10 width=4)
	        Index Cond: ((id >= 4986584) AND (id <= 4986593))

table 5 : explain SELECT SUM(k) FROM sbtest5 WHERE id BETWEEN 9725597 AND 9725606
	Aggregate  (cost=39.23..39.24 rows=1 width=8)
	  ->  Index Scan using sbtest5_pkey on sbtest5  (cost=0.43..39.21 rows=10 width=4)
	        Index Cond: ((id >= 9725597) AND (id <= 9725606))

table 6 : explain SELECT SUM(k) FROM sbtest6 WHERE id BETWEEN 7863496 AND 7863505
	Aggregate  (cost=42.43..42.44 rows=1 width=8)
	  ->  Index Scan using sbtest6_pkey on sbtest6  (cost=0.43..42.40 rows=11 width=4)
	        Index Cond: ((id >= 7863496) AND (id <= 7863505))

table 7 : explain SELECT SUM(k) FROM sbtest7 WHERE id BETWEEN 8227533 AND 8227542
	Aggregate  (cost=35.83..35.84 rows=1 width=8)
	  ->  Index Scan using sbtest7_pkey on sbtest7  (cost=0.43..35.81 rows=9 width=4)
	        Index Cond: ((id >= 8227533) AND (id <= 8227542))

table 8 : explain SELECT SUM(k) FROM sbtest8 WHERE id BETWEEN 6638187 AND 6638196
	Aggregate  (cost=42.64..42.65 rows=1 width=8)
	  ->  Index Scan using sbtest8_pkey on sbtest8  (cost=0.43..42.61 rows=11 width=4)
	        Index Cond: ((id >= 6638187) AND (id <= 6638196))

for: order_ranges
table 1 : explain SELECT c FROM sbtest1 WHERE id BETWEEN 5856783 AND 5856792 ORDER BY c
	Sort  (cost=39.15..39.18 rows=10 width=121)
	  Sort Key: c
	  ->  Index Scan using sbtest1_pkey on sbtest1  (cost=0.43..38.99 rows=10 width=121)
	        Index Cond: ((id >= 5856783) AND (id <= 5856792))

table 2 : explain SELECT c FROM sbtest2 WHERE id BETWEEN 6300592 AND 6300601 ORDER BY c
	Sort  (cost=42.68..42.71 rows=11 width=121)
	  Sort Key: c
	  ->  Index Scan using sbtest2_pkey on sbtest2  (cost=0.43..42.49 rows=11 width=121)
	        Index Cond: ((id >= 6300592) AND (id <= 6300601))

table 3 : explain SELECT c FROM sbtest3 WHERE id BETWEEN 9980445 AND 9980454 ORDER BY c
	Sort  (cost=39.46..39.48 rows=10 width=121)
	  Sort Key: c
	  ->  Index Scan using sbtest3_pkey on sbtest3  (cost=0.43..39.29 rows=10 width=121)
	        Index Cond: ((id >= 9980445) AND (id <= 9980454))

table 4 : explain SELECT c FROM sbtest4 WHERE id BETWEEN 7030973 AND 7030982 ORDER BY c
	Sort  (cost=39.46..39.49 rows=10 width=121)
	  Sort Key: c
	  ->  Index Scan using sbtest4_pkey on sbtest4  (cost=0.43..39.29 rows=10 width=121)
	        Index Cond: ((id >= 7030973) AND (id <= 7030982))

table 5 : explain SELECT c FROM sbtest5 WHERE id BETWEEN 673371 AND 673380 ORDER BY c
	Sort  (cost=39.37..39.40 rows=10 width=121)
	  Sort Key: c
	  ->  Index Scan using sbtest5_pkey on sbtest5  (cost=0.43..39.21 rows=10 width=121)
	        Index Cond: ((id >= 673371) AND (id <= 673380))

table 6 : explain SELECT c FROM sbtest6 WHERE id BETWEEN 1738326 AND 1738335 ORDER BY c
	Sort  (cost=39.17..39.20 rows=10 width=121)
	  Sort Key: c
	  ->  Index Scan using sbtest6_pkey on sbtest6  (cost=0.43..39.00 rows=10 width=121)
	        Index Cond: ((id >= 1738326) AND (id <= 1738335))

table 7 : explain SELECT c FROM sbtest7 WHERE id BETWEEN 9690756 AND 9690765 ORDER BY c
	Sort  (cost=35.95..35.97 rows=9 width=121)
	  Sort Key: c
	  ->  Index Scan using sbtest7_pkey on sbtest7  (cost=0.43..35.81 rows=9 width=121)
	        Index Cond: ((id >= 9690756) AND (id <= 9690765))

table 8 : explain SELECT c FROM sbtest8 WHERE id BETWEEN 395211 AND 395220 ORDER BY c
	Sort  (cost=35.92..35.94 rows=9 width=121)
	  Sort Key: c
	  ->  Index Scan using sbtest8_pkey on sbtest8  (cost=0.43..35.78 rows=9 width=121)
	        Index Cond: ((id >= 395211) AND (id <= 395220))

for point_selects
table 1 : explain SELECT c FROM sbtest1 WHERE id=7261656
	Index Scan using sbtest1_pkey on sbtest1  (cost=0.43..8.45 rows=1 width=121)
	  Index Cond: (id = 7261656)

table 2 : explain SELECT c FROM sbtest2 WHERE id=8207693
	Index Scan using sbtest2_pkey on sbtest2  (cost=0.43..8.45 rows=1 width=121)
	  Index Cond: (id = 8207693)

table 3 : explain SELECT c FROM sbtest3 WHERE id=2112871
	Index Scan using sbtest3_pkey on sbtest3  (cost=0.43..8.45 rows=1 width=121)
	  Index Cond: (id = 2112871)

table 4 : explain SELECT c FROM sbtest4 WHERE id=9819399
	Index Scan using sbtest4_pkey on sbtest4  (cost=0.43..8.45 rows=1 width=121)
	  Index Cond: (id = 9819399)

table 5 : explain SELECT c FROM sbtest5 WHERE id=1740582
	Index Scan using sbtest5_pkey on sbtest5  (cost=0.43..8.45 rows=1 width=121)
	  Index Cond: (id = 1740582)

table 6 : explain SELECT c FROM sbtest6 WHERE id=3681164
	Index Scan using sbtest6_pkey on sbtest6  (cost=0.43..8.45 rows=1 width=121)
	  Index Cond: (id = 3681164)

table 7 : explain SELECT c FROM sbtest7 WHERE id=840627
	Index Scan using sbtest7_pkey on sbtest7  (cost=0.43..8.45 rows=1 width=121)
	  Index Cond: (id = 840627)

table 8 : explain SELECT c FROM sbtest8 WHERE id=188383
	Index Scan using sbtest8_pkey on sbtest8  (cost=0.43..8.45 rows=1 width=121)
	  Index Cond: (id = 188383)

for inserts
table 1 : explain INSERT INTO sbtest1 (id, k, c, pad) VALUES (693677, 13, 'foobar', 'foobar')
	Insert on sbtest1  (cost=0.00..0.01 rows=1 width=736)
	  ->  Result  (cost=0.00..0.01 rows=1 width=736)

table 2 : explain INSERT INTO sbtest2 (id, k, c, pad) VALUES (614639, 13, 'foobar', 'foobar')
	Insert on sbtest2  (cost=0.00..0.01 rows=1 width=736)
	  ->  Result  (cost=0.00..0.01 rows=1 width=736)

table 3 : explain INSERT INTO sbtest3 (id, k, c, pad) VALUES (8745584, 13, 'foobar', 'foobar')
	Insert on sbtest3  (cost=0.00..0.01 rows=1 width=736)
	  ->  Result  (cost=0.00..0.01 rows=1 width=736)

table 4 : explain INSERT INTO sbtest4 (id, k, c, pad) VALUES (4558353, 13, 'foobar', 'foobar')
	Insert on sbtest4  (cost=0.00..0.01 rows=1 width=736)
	  ->  Result  (cost=0.00..0.01 rows=1 width=736)

table 5 : explain INSERT INTO sbtest5 (id, k, c, pad) VALUES (6413231, 13, 'foobar', 'foobar')
	Insert on sbtest5  (cost=0.00..0.01 rows=1 width=736)
	  ->  Result  (cost=0.00..0.01 rows=1 width=736)

table 6 : explain INSERT INTO sbtest6 (id, k, c, pad) VALUES (3277772, 13, 'foobar', 'foobar')
	Insert on sbtest6  (cost=0.00..0.01 rows=1 width=736)
	  ->  Result  (cost=0.00..0.01 rows=1 width=736)

table 7 : explain INSERT INTO sbtest7 (id, k, c, pad) VALUES (5864236, 13, 'foobar', 'foobar')
	Insert on sbtest7  (cost=0.00..0.01 rows=1 width=736)
	  ->  Result  (cost=0.00..0.01 rows=1 width=736)

table 8 : explain INSERT INTO sbtest8 (id, k, c, pad) VALUES (773548, 13, 'foobar', 'foobar')
	Insert on sbtest8  (cost=0.00..0.01 rows=1 width=736)
	  ->  Result  (cost=0.00..0.01 rows=1 width=736)

explain: for point_selects :: explain SELECT c FROM sbtest%u WHERE id=%u
explain: for point_selects :: explain SELECT c FROM sbtest%u WHERE id=%u
for inserts
table 1 : explain INSERT INTO sbtest1 (id, k, c, pad) VALUES (2707, 13, 'foobar', 'foobar')
	Insert on sbtest1  (cost=0.00..0.01 rows=1 width=736)
	  ->  Result  (cost=0.00..0.01 rows=1 width=736)

table 2 : explain INSERT INTO sbtest2 (id, k, c, pad) VALUES (5470178, 13, 'foobar', 'foobar')
	Insert on sbtest2  (cost=0.00..0.01 rows=1 width=736)
	  ->  Result  (cost=0.00..0.01 rows=1 width=736)

table 3 : explain INSERT INTO sbtest3 (id, k, c, pad) VALUES (6652401, 13, 'foobar', 'foobar')
	Insert on sbtest3  (cost=0.00..0.01 rows=1 width=736)
	  ->  Result  (cost=0.00..0.01 rows=1 width=736)

table 4 : explain INSERT INTO sbtest4 (id, k, c, pad) VALUES (5110182, 13, 'foobar', 'foobar')
	Insert on sbtest4  (cost=0.00..0.01 rows=1 width=736)
	  ->  Result  (cost=0.00..0.01 rows=1 width=736)

table 5 : explain INSERT INTO sbtest5 (id, k, c, pad) VALUES (340977, 13, 'foobar', 'foobar')
	Insert on sbtest5  (cost=0.00..0.01 rows=1 width=736)
	  ->  Result  (cost=0.00..0.01 rows=1 width=736)

table 6 : explain INSERT INTO sbtest6 (id, k, c, pad) VALUES (2682935, 13, 'foobar', 'foobar')
	Insert on sbtest6  (cost=0.00..0.01 rows=1 width=736)
	  ->  Result  (cost=0.00..0.01 rows=1 width=736)

table 7 : explain INSERT INTO sbtest7 (id, k, c, pad) VALUES (9937699, 13, 'foobar', 'foobar')
	Insert on sbtest7  (cost=0.00..0.01 rows=1 width=736)
	  ->  Result  (cost=0.00..0.01 rows=1 width=736)

table 8 : explain INSERT INTO sbtest8 (id, k, c, pad) VALUES (4581033, 13, 'foobar', 'foobar')
	Insert on sbtest8  (cost=0.00..0.01 rows=1 width=736)
	  ->  Result  (cost=0.00..0.01 rows=1 width=736)

explain: for point_selects :: explain SELECT c FROM sbtest%u WHERE id=%u
for: order_ranges
table 1 : explain SELECT c FROM sbtest1 WHERE id BETWEEN 9573380 AND 9573389 ORDER BY c
	Sort  (cost=39.15..39.18 rows=10 width=121)
	  Sort Key: c
	  ->  Index Scan using sbtest1_pkey on sbtest1  (cost=0.43..38.99 rows=10 width=121)
	        Index Cond: ((id >= 9573380) AND (id <= 9573389))

table 2 : explain SELECT c FROM sbtest2 WHERE id BETWEEN 5033177 AND 5033186 ORDER BY c
	Sort  (cost=42.68..42.71 rows=11 width=121)
	  Sort Key: c
	  ->  Index Scan using sbtest2_pkey on sbtest2  (cost=0.43..42.49 rows=11 width=121)
	        Index Cond: ((id >= 5033177) AND (id <= 5033186))

table 3 : explain SELECT c FROM sbtest3 WHERE id BETWEEN 8178942 AND 8178951 ORDER BY c
	Sort  (cost=39.46..39.48 rows=10 width=121)
	  Sort Key: c
	  ->  Index Scan using sbtest3_pkey on sbtest3  (cost=0.43..39.29 rows=10 width=121)
	        Index Cond: ((id >= 8178942) AND (id <= 8178951))

table 4 : explain SELECT c FROM sbtest4 WHERE id BETWEEN 1790197 AND 1790206 ORDER BY c
	Sort  (cost=36.01..36.03 rows=9 width=121)
	  Sort Key: c
	  ->  Index Scan using sbtest4_pkey on sbtest4  (cost=0.43..35.87 rows=9 width=121)
	        Index Cond: ((id >= 1790197) AND (id <= 1790206))

table 5 : explain SELECT c FROM sbtest5 WHERE id BETWEEN 3674376 AND 3674385 ORDER BY c
	Sort  (cost=39.37..39.40 rows=10 width=121)
	  Sort Key: c
	  ->  Index Scan using sbtest5_pkey on sbtest5  (cost=0.43..39.21 rows=10 width=121)
	        Index Cond: ((id >= 3674376) AND (id <= 3674385))

table 6 : explain SELECT c FROM sbtest6 WHERE id BETWEEN 2154073 AND 2154082 ORDER BY c
	Sort  (cost=39.17..39.20 rows=10 width=121)
	  Sort Key: c
	  ->  Index Scan using sbtest6_pkey on sbtest6  (cost=0.43..39.00 rows=10 width=121)
	        Index Cond: ((id >= 2154073) AND (id <= 2154082))

table 7 : explain SELECT c FROM sbtest7 WHERE id BETWEEN 9978520 AND 9978529 ORDER BY c
	Sort  (cost=39.39..39.42 rows=10 width=121)
	  Sort Key: c
	  ->  Index Scan using sbtest7_pkey on sbtest7  (cost=0.43..39.22 rows=10 width=121)
	        Index Cond: ((id >= 9978520) AND (id <= 9978529))

table 8 : explain SELECT c FROM sbtest8 WHERE id BETWEEN 4466096 AND 4466105 ORDER BY c
	Sort  (cost=42.80..42.83 rows=11 width=121)
	  Sort Key: c
	  ->  Index Scan using sbtest8_pkey on sbtest8  (cost=0.43..42.61 rows=11 width=121)
	        Index Cond: ((id >= 4466096) AND (id <= 4466105))

for: simple_ranges
table 1 : explain SELECT c FROM sbtest1 WHERE id BETWEEN 960477 AND 960486
	Index Scan using sbtest1_pkey on sbtest1  (cost=0.43..42.38 rows=11 width=121)
	  Index Cond: ((id >= 960477) AND (id <= 960486))

table 2 : explain SELECT c FROM sbtest2 WHERE id BETWEEN 3458487 AND 3458496
	Index Scan using sbtest2_pkey on sbtest2  (cost=0.43..39.09 rows=10 width=121)
	  Index Cond: ((id >= 3458487) AND (id <= 3458496))

table 3 : explain SELECT c FROM sbtest3 WHERE id BETWEEN 5371207 AND 5371216
	Index Scan using sbtest3_pkey on sbtest3  (cost=0.43..42.72 rows=11 width=121)
	  Index Cond: ((id >= 5371207) AND (id <= 5371216))

table 4 : explain SELECT c FROM sbtest4 WHERE id BETWEEN 7502615 AND 7502624
	Index Scan using sbtest4_pkey on sbtest4  (cost=0.43..39.29 rows=10 width=121)
	  Index Cond: ((id >= 7502615) AND (id <= 7502624))

table 5 : explain SELECT c FROM sbtest5 WHERE id BETWEEN 3083429 AND 3083438
	Index Scan using sbtest5_pkey on sbtest5  (cost=0.43..39.21 rows=10 width=121)
	  Index Cond: ((id >= 3083429) AND (id <= 3083438))

table 6 : explain SELECT c FROM sbtest6 WHERE id BETWEEN 4326276 AND 4326285
	Index Scan using sbtest6_pkey on sbtest6  (cost=0.43..39.00 rows=10 width=121)
	  Index Cond: ((id >= 4326276) AND (id <= 4326285))

table 7 : explain SELECT c FROM sbtest7 WHERE id BETWEEN 7353696 AND 7353705
	Index Scan using sbtest7_pkey on sbtest7  (cost=0.43..42.64 rows=11 width=121)
	  Index Cond: ((id >= 7353696) AND (id <= 7353705))

table 8 : explain SELECT c FROM sbtest8 WHERE id BETWEEN 4395740 AND 4395749
	Index Scan using sbtest8_pkey on sbtest8  (cost=0.43..39.19 rows=10 width=121)
	  Index Cond: ((id >= 4395740) AND (id <= 4395749))

for deletes
table 1 : explain DELETE FROM sbtest1 WHERE id=2116601
	Delete on sbtest1  (cost=0.43..8.45 rows=1 width=6)
	  ->  Index Scan using sbtest1_pkey on sbtest1  (cost=0.43..8.45 rows=1 width=6)
	        Index Cond: (id = 2116601)

table 2 : explain DELETE FROM sbtest2 WHERE id=4368845
	Delete on sbtest2  (cost=0.43..8.45 rows=1 width=6)
	  ->  Index Scan using sbtest2_pkey on sbtest2  (cost=0.43..8.45 rows=1 width=6)
	        Index Cond: (id = 4368845)

table 3 : explain DELETE FROM sbtest3 WHERE id=4489325
	Delete on sbtest3  (cost=0.43..8.45 rows=1 width=6)
	  ->  Index Scan using sbtest3_pkey on sbtest3  (cost=0.43..8.45 rows=1 width=6)
	        Index Cond: (id = 4489325)

table 4 : explain DELETE FROM sbtest4 WHERE id=486489
	Delete on sbtest4  (cost=0.43..8.45 rows=1 width=6)
	  ->  Index Scan using sbtest4_pkey on sbtest4  (cost=0.43..8.45 rows=1 width=6)
	        Index Cond: (id = 486489)

table 5 : explain DELETE FROM sbtest5 WHERE id=6359959
	Delete on sbtest5  (cost=0.43..8.45 rows=1 width=6)
	  ->  Index Scan using sbtest5_pkey on sbtest5  (cost=0.43..8.45 rows=1 width=6)
	        Index Cond: (id = 6359959)

table 6 : explain DELETE FROM sbtest6 WHERE id=1136014
	Delete on sbtest6  (cost=0.43..8.45 rows=1 width=6)
	  ->  Index Scan using sbtest6_pkey on sbtest6  (cost=0.43..8.45 rows=1 width=6)
	        Index Cond: (id = 1136014)

table 7 : explain DELETE FROM sbtest7 WHERE id=3204525
	Delete on sbtest7  (cost=0.43..8.45 rows=1 width=6)
	  ->  Index Scan using sbtest7_pkey on sbtest7  (cost=0.43..8.45 rows=1 width=6)
	        Index Cond: (id = 3204525)

table 8 : explain DELETE FROM sbtest8 WHERE id=8599864
	Delete on sbtest8  (cost=0.43..8.45 rows=1 width=6)
	  ->  Index Scan using sbtest8_pkey on sbtest8  (cost=0.43..8.45 rows=1 width=6)
	        Index Cond: (id = 8599864)

explain: for point_selects :: explain SELECT c FROM sbtest%u WHERE id=%u
explain: for point_selects :: explain SELECT c FROM sbtest%u WHERE id=%u
for: order_ranges
table 1 : explain SELECT c FROM sbtest1 WHERE id BETWEEN 714085 AND 714094 ORDER BY c
	Sort  (cost=35.74..35.76 rows=9 width=121)
	  Sort Key: c
	  ->  Index Scan using sbtest1_pkey on sbtest1  (cost=0.43..35.60 rows=9 width=121)
	        Index Cond: ((id >= 714085) AND (id <= 714094))

table 2 : explain SELECT c FROM sbtest2 WHERE id BETWEEN 7206052 AND 7206061 ORDER BY c
	Sort  (cost=39.25..39.28 rows=10 width=121)
	  Sort Key: c
	  ->  Index Scan using sbtest2_pkey on sbtest2  (cost=0.43..39.09 rows=10 width=121)
	        Index Cond: ((id >= 7206052) AND (id <= 7206061))

table 3 : explain SELECT c FROM sbtest3 WHERE id BETWEEN 3874876 AND 3874885 ORDER BY c
	Sort  (cost=39.46..39.48 rows=10 width=121)
	  Sort Key: c
	  ->  Index Scan using sbtest3_pkey on sbtest3  (cost=0.43..39.29 rows=10 width=121)
	        Index Cond: ((id >= 3874876) AND (id <= 3874885))

table 4 : explain SELECT c FROM sbtest4 WHERE id BETWEEN 4032115 AND 4032124 ORDER BY c
	Sort  (cost=39.46..39.49 rows=10 width=121)
	  Sort Key: c
	  ->  Index Scan using sbtest4_pkey on sbtest4  (cost=0.43..39.29 rows=10 width=121)
	        Index Cond: ((id >= 4032115) AND (id <= 4032124))

table 5 : explain SELECT c FROM sbtest5 WHERE id BETWEEN 7406382 AND 7406391 ORDER BY c
	Sort  (cost=35.93..35.95 rows=9 width=121)
	  Sort Key: c
	  ->  Index Scan using sbtest5_pkey on sbtest5  (cost=0.43..35.79 rows=9 width=121)
	        Index Cond: ((id >= 7406382) AND (id <= 7406391))

table 6 : explain SELECT c FROM sbtest6 WHERE id BETWEEN 1913737 AND 1913746 ORDER BY c
	Sort  (cost=35.75..35.78 rows=9 width=121)
	  Sort Key: c
	  ->  Index Scan using sbtest6_pkey on sbtest6  (cost=0.43..35.61 rows=9 width=121)
	        Index Cond: ((id >= 1913737) AND (id <= 1913746))

table 7 : explain SELECT c FROM sbtest7 WHERE id BETWEEN 9470650 AND 9470659 ORDER BY c
	Sort  (cost=35.95..35.97 rows=9 width=121)
	  Sort Key: c
	  ->  Index Scan using sbtest7_pkey on sbtest7  (cost=0.43..35.81 rows=9 width=121)
	        Index Cond: ((id >= 9470650) AND (id <= 9470659))

table 8 : explain SELECT c FROM sbtest8 WHERE id BETWEEN 1914380 AND 1914389 ORDER BY c
	Sort  (cost=35.92..35.94 rows=9 width=121)
	  Sort Key: c
	  ->  Index Scan using sbtest8_pkey on sbtest8  (cost=0.43..35.78 rows=9 width=121)
	        Index Cond: ((id >= 1914380) AND (id <= 1914389))

explain: for point_selects :: explain SELECT c FROM sbtest%u WHERE id=%u
explain: for point_selects :: explain SELECT c FROM sbtest%u WHERE id=%u
explain: for point_selects :: explain SELECT c FROM sbtest%u WHERE id=%u
explain: for point_selects :: explain SELECT c FROM sbtest%u WHERE id=%uexplain: for point_selects :: explain SELECT c FROM sbtest%u WHERE id=%u
for: simple_ranges
table 1 : explain SELECT c FROM sbtest1 WHERE id BETWEEN 4979708 AND 4979717
	Index Scan using sbtest1_pkey on sbtest1  (cost=0.43..38.99 rows=10 width=121)
	  Index Cond: ((id >= 4979708) AND (id <= 4979717))

table 2 : explain SELECT c FROM sbtest2 WHERE id BETWEEN 6767361 AND 6767370
	Index Scan using sbtest2_pkey on sbtest2  (cost=0.43..39.09 rows=10 width=121)
	  Index Cond: ((id >= 6767361) AND (id <= 6767370))

table 3 : explain SELECT c FROM sbtest3 WHERE id BETWEEN 2787835 AND 2787844
	Index Scan using sbtest3_pkey on sbtest3  (cost=0.43..35.87 rows=9 width=121)
	  Index Cond: ((id >= 2787835) AND (id <= 2787844))

table 4 : explain SELECT c FROM sbtest4 WHERE id BETWEEN 5182256 AND 5182265
	Index Scan using sbtest4_pkey on sbtest4  (cost=0.43..39.29 rows=10 width=121)
	  Index Cond: ((id >= 5182256) AND (id <= 5182265))

table 5 : explain SELECT c FROM sbtest5 WHERE id BETWEEN 6526203 AND 6526212
	Index Scan using sbtest5_pkey on sbtest5  (cost=0.43..39.21 rows=10 width=121)
	  Index Cond: ((id >= 6526203) AND (id <= 6526212))

table 6 : explain SELECT c FROM sbtest6 WHERE id BETWEEN 3367830 AND 3367839
	Index Scan using sbtest6_pkey on sbtest6  (cost=0.43..35.61 rows=9 width=121)
	  Index Cond: ((id >= 3367830) AND (id <= 3367839))

table 7 : explain SELECT c FROM sbtest7 WHERE id BETWEEN 2322404 AND 2322413
	Index Scan using sbtest7_pkey on sbtest7  (cost=0.43..42.64 rows=11 width=121)
	  Index Cond: ((id >= 2322404) AND (id <= 2322413))

table 8 : explain SELECT c FROM sbtest8 WHERE id BETWEEN 3984878 AND 3984887
	Index Scan using sbtest8_pkey on sbtest8  (cost=0.43..35.78 rows=9 width=121)
	  Index Cond: ((id >= 3984878) AND (id <= 3984887))

explain: for point_selects :: explain SELECT c FROM sbtest%u WHERE id=%u
explain: for point_selects :: explain SELECT c FROM sbtest%u WHERE id=%u
for: distinct_ranges
table 1 : explain SELECT DISTINCT c FROM sbtest1 WHERE id BETWEEN 5450207 AND 5450216 ORDER BY c
	Unique  (cost=35.74..35.78 rows=9 width=121)
	  ->  Sort  (cost=35.74..35.76 rows=9 width=121)
	        Sort Key: c
	        ->  Index Scan using sbtest1_pkey on sbtest1  (cost=0.43..35.60 rows=9 width=121)
	              Index Cond: ((id >= 5450207) AND (id <= 5450216))

table 2 : explain SELECT DISTINCT c FROM sbtest2 WHERE id BETWEEN 965205 AND 965214 ORDER BY c
	Unique  (cost=42.68..42.74 rows=11 width=121)
	  ->  Sort  (cost=42.68..42.71 rows=11 width=121)
	        Sort Key: c
	        ->  Index Scan using sbtest2_pkey on sbtest2  (cost=0.43..42.49 rows=11 width=121)
	              Index Cond: ((id >= 965205) AND (id <= 965214))

table 3 : explain SELECT DISTINCT c FROM sbtest3 WHERE id BETWEEN 8316888 AND 8316897 ORDER BY c
	Unique  (cost=39.46..39.51 rows=10 width=121)
	  ->  Sort  (cost=39.46..39.48 rows=10 width=121)
	        Sort Key: c
	        ->  Index Scan using sbtest3_pkey on sbtest3  (cost=0.43..39.29 rows=10 width=121)
	              Index Cond: ((id >= 8316888) AND (id <= 8316897))

table 4 : explain SELECT DISTINCT c FROM sbtest4 WHERE id BETWEEN 3470246 AND 3470255 ORDER BY c
	Unique  (cost=36.01..36.06 rows=9 width=121)
	  ->  Sort  (cost=36.01..36.03 rows=9 width=121)
	        Sort Key: c
	        ->  Index Scan using sbtest4_pkey on sbtest4  (cost=0.43..35.87 rows=9 width=121)
	              Index Cond: ((id >= 3470246) AND (id <= 3470255))

table 5 : explain SELECT DISTINCT c FROM sbtest5 WHERE id BETWEEN 5907684 AND 5907693 ORDER BY c
	Unique  (cost=35.93..35.98 rows=9 width=121)
	  ->  Sort  (cost=35.93..35.95 rows=9 width=121)
	        Sort Key: c
	        ->  Index Scan using sbtest5_pkey on sbtest5  (cost=0.43..35.79 rows=9 width=121)
	              Index Cond: ((id >= 5907684) AND (id <= 5907693))

table 6 : explain SELECT DISTINCT c FROM sbtest6 WHERE id BETWEEN 7696231 AND 7696240 ORDER BY c
	Unique  (cost=39.17..39.22 rows=10 width=121)
	  ->  Sort  (cost=39.17..39.20 rows=10 width=121)
	        Sort Key: c
	        ->  Index Scan using sbtest6_pkey on sbtest6  (cost=0.43..39.00 rows=10 width=121)
	              Index Cond: ((id >= 7696231) AND (id <= 7696240))

table 7 : explain SELECT DISTINCT c FROM sbtest7 WHERE id BETWEEN 4147780 AND 4147789 ORDER BY c
	Unique  (cost=35.95..35.99 rows=9 width=121)
	  ->  Sort  (cost=35.95..35.97 rows=9 width=121)
	        Sort Key: c
	        ->  Index Scan using sbtest7_pkey on sbtest7  (cost=0.43..35.81 rows=9 width=121)
	              Index Cond: ((id >= 4147780) AND (id <= 4147789))

table 8 : explain SELECT DISTINCT c FROM sbtest8 WHERE id BETWEEN 8625370 AND 8625379 ORDER BY c
	Unique  (cost=35.92..35.97 rows=9 width=121)
	  ->  Sort  (cost=35.92..35.94 rows=9 width=121)
	        Sort Key: c
	        ->  Index Scan using sbtest8_pkey on sbtest8  (cost=0.43..35.78 rows=9 width=121)
	              Index Cond: ((id >= 8625370) AND (id <= 8625379))

explain: for point_selects :: explain SELECT c FROM sbtest%u WHERE id=%u
explain: for point_selects :: explain SELECT c FROM sbtest%u WHERE id=%u

explain: for point_selects :: explain SELECT c FROM sbtest%u WHERE id=%u
for: distinct_ranges
table 1 : explain SELECT DISTINCT c FROM sbtest1 WHERE id BETWEEN 9248147 AND 9248156 ORDER BY c
	Unique  (cost=39.15..39.20 rows=10 width=121)
	  ->  Sort  (cost=39.15..39.18 rows=10 width=121)
	        Sort Key: c
	        ->  Index Scan using sbtest1_pkey on sbtest1  (cost=0.43..38.99 rows=10 width=121)
	              Index Cond: ((id >= 9248147) AND (id <= 9248156))

table 2 : explain SELECT DISTINCT c FROM sbtest2 WHERE id BETWEEN 953795 AND 953804 ORDER BY c
	Unique  (cost=42.68..42.74 rows=11 width=121)
	  ->  Sort  (cost=42.68..42.71 rows=11 width=121)
	        Sort Key: c
	        ->  Index Scan using sbtest2_pkey on sbtest2  (cost=0.43..42.49 rows=11 width=121)
	              Index Cond: ((id >= 953795) AND (id <= 953804))

table 3 : explain SELECT DISTINCT c FROM sbtest3 WHERE id BETWEEN 8595503 AND 8595512 ORDER BY c
	Unique  (cost=42.91..42.97 rows=11 width=121)
	  ->  Sort  (cost=42.91..42.94 rows=11 width=121)
	        Sort Key: c
	        ->  Index Scan using sbtest3_pkey on sbtest3  (cost=0.43..42.72 rows=11 width=121)
	              Index Cond: ((id >= 8595503) AND (id <= 8595512))

table 4 : explain SELECT DISTINCT c FROM sbtest4 WHERE id BETWEEN 7475910 AND 7475919 ORDER BY c
	Unique  (cost=39.46..39.51 rows=10 width=121)
	  ->  Sort  (cost=39.46..39.49 rows=10 width=121)
	        Sort Key: c
	        ->  Index Scan using sbtest4_pkey on sbtest4  (cost=0.43..39.29 rows=10 width=121)
	              Index Cond: ((id >= 7475910) AND (id <= 7475919))

table 5 : explain SELECT DISTINCT c FROM sbtest5 WHERE id BETWEEN 7453946 AND 7453955 ORDER BY c
	Unique  (cost=35.93..35.98 rows=9 width=121)
	  ->  Sort  (cost=35.93..35.95 rows=9 width=121)
	        Sort Key: c
	        ->  Index Scan using sbtest5_pkey on sbtest5  (cost=0.43..35.79 rows=9 width=121)
	              Index Cond: ((id >= 7453946) AND (id <= 7453955))

table 6 : explain SELECT DISTINCT c FROM sbtest6 WHERE id BETWEEN 5152444 AND 5152453 ORDER BY c
	Unique  (cost=35.75..35.80 rows=9 width=121)
	  ->  Sort  (cost=35.75..35.78 rows=9 width=121)
	        Sort Key: c
	        ->  Index Scan using sbtest6_pkey on sbtest6  (cost=0.43..35.61 rows=9 width=121)
	              Index Cond: ((id >= 5152444) AND (id <= 5152453))

table 7 : explain SELECT DISTINCT c FROM sbtest7 WHERE id BETWEEN 4834537 AND 4834546 ORDER BY c
	Unique  (cost=39.39..39.44 rows=10 width=121)
	  ->  Sort  (cost=39.39..39.42 rows=10 width=121)
	        Sort Key: c
	        ->  Index Scan using sbtest7_pkey on sbtest7  (cost=0.43..39.22 rows=10 width=121)
	              Index Cond: ((id >= 4834537) AND (id <= 4834546))

table 8 : explain SELECT DISTINCT c FROM sbtest8 WHERE id BETWEEN 7766771 AND 7766780 ORDER BY c
	Unique  (cost=39.36..39.41 rows=10 width=121)
	  ->  Sort  (cost=39.36..39.38 rows=10 width=121)
	        Sort Key: c
	        ->  Index Scan using sbtest8_pkey on sbtest8  (cost=0.43..39.19 rows=10 width=121)
	              Index Cond: ((id >= 7766771) AND (id <= 7766780))

explain: for inserts :: explain INSERT INTO sbtest%u (id, k, c, pad) VALUES (%u, 13, 'foobar', 'foobar')
explain: for index_updates :: explain UPDATE sbtest%u SET k=k+1 WHERE id=%u
for: order_ranges
table 1 : explain SELECT c FROM sbtest1 WHERE id BETWEEN 8185277 AND 8185286 ORDER BY c
	Sort  (cost=42.57..42.60 rows=11 width=121)
	  Sort Key: c
	  ->  Index Scan using sbtest1_pkey on sbtest1  (cost=0.43..42.38 rows=11 width=121)
	        Index Cond: ((id >= 8185277) AND (id <= 8185286))

table 2 : explain SELECT c FROM sbtest2 WHERE id BETWEEN 7142833 AND 7142842 ORDER BY c
	Sort  (cost=42.68..42.71 rows=11 width=121)
	  Sort Key: c
	  ->  Index Scan using sbtest2_pkey on sbtest2  (cost=0.43..42.49 rows=11 width=121)
	        Index Cond: ((id >= 7142833) AND (id <= 7142842))

table 3 : explain SELECT c FROM sbtest3 WHERE id BETWEEN 6126542 AND 6126551 ORDER BY c
	Sort  (cost=42.91..42.94 rows=11 width=121)
	  Sort Key: c
	  ->  Index Scan using sbtest3_pkey on sbtest3  (cost=0.43..42.72 rows=11 width=121)
	        Index Cond: ((id >= 6126542) AND (id <= 6126551))

table 4 : explain SELECT c FROM sbtest4 WHERE id BETWEEN 1712435 AND 1712444 ORDER BY c
	Sort  (cost=39.46..39.49 rows=10 width=121)
	  Sort Key: c
	  ->  Index Scan using sbtest4_pkey on sbtest4  (cost=0.43..39.29 rows=10 width=121)
	        Index Cond: ((id >= 1712435) AND (id <= 1712444))

table 5 : explain SELECT c FROM sbtest5 WHERE id BETWEEN 7852653 AND 7852662 ORDER BY c
	Sort  (cost=39.37..39.40 rows=10 width=121)
	  Sort Key: c
	  ->  Index Scan using sbtest5_pkey on sbtest5  (cost=0.43..39.21 rows=10 width=121)
	        Index Cond: ((id >= 7852653) AND (id <= 7852662))

table 6 : explain SELECT c FROM sbtest6 WHERE id BETWEEN 7131375 AND 7131384 ORDER BY c
	Sort  (cost=39.17..39.20 rows=10 width=121)
	  Sort Key: c
	  ->  Index Scan using sbtest6_pkey on sbtest6  (cost=0.43..39.00 rows=10 width=121)
	        Index Cond: ((id >= 7131375) AND (id <= 7131384))

table 7 : explain SELECT c FROM sbtest7 WHERE id BETWEEN 5064063 AND 5064072 ORDER BY c
	Sort  (cost=39.39..39.42 rows=10 width=121)
	  Sort Key: c
	  ->  Index Scan using sbtest7_pkey on sbtest7  (cost=0.43..39.22 rows=10 width=121)
	        Index Cond: ((id >= 5064063) AND (id <= 5064072))

table 8 : explain SELECT c FROM sbtest8 WHERE id BETWEEN 7717206 AND 7717215 ORDER BY c
	Sort  (cost=39.36..39.38 rows=10 width=121)
	  Sort Key: c
	  ->  Index Scan using sbtest8_pkey on sbtest8  (cost=0.43..39.19 rows=10 width=121)
	        Index Cond: ((id >= 7717206) AND (id <= 7717215))

for point_selects
table 1 : explain SELECT c FROM sbtest1 WHERE id=4505315
	Index Scan using sbtest1_pkey on sbtest1  (cost=0.43..8.45 rows=1 width=121)
	  Index Cond: (id = 4505315)

table 2 : explain SELECT c FROM sbtest2 WHERE id=7878859
	Index Scan using sbtest2_pkey on sbtest2  (cost=0.43..8.45 rows=1 width=121)
	  Index Cond: (id = 7878859)

table 3 : explain SELECT c FROM sbtest3 WHERE id=2063062
	Index Scan using sbtest3_pkey on sbtest3  (cost=0.43..8.45 rows=1 width=121)
	  Index Cond: (id = 2063062)

table 4 : explain SELECT c FROM sbtest4 WHERE id=8470346
	Index Scan using sbtest4_pkey on sbtest4  (cost=0.43..8.45 rows=1 width=121)
	  Index Cond: (id = 8470346)

table 5 : explain SELECT c FROM sbtest5 WHERE id=9773349
	Index Scan using sbtest5_pkey on sbtest5  (cost=0.43..8.45 rows=1 width=121)
	  Index Cond: (id = 9773349)

table 6 : explain SELECT c FROM sbtest6 WHERE id=138310
	Index Scan using sbtest6_pkey on sbtest6  (cost=0.43..8.45 rows=1 width=121)
	  Index Cond: (id = 138310)

table 7 : explain SELECT c FROM sbtest7 WHERE id=6282281
	Index Scan using sbtest7_pkey on sbtest7  (cost=0.43..8.45 rows=1 width=121)
	  Index Cond: (id = 6282281)

table 8 : explain SELECT c FROM sbtest8 WHERE id=8627054
	Index Scan using sbtest8_pkey on sbtest8  (cost=0.43..8.45 rows=1 width=121)
	  Index Cond: (id = 8627054)

for: distinct_ranges
table 1 : explain SELECT DISTINCT c FROM sbtest1 WHERE id BETWEEN 981222 AND 981231 ORDER BY c
	Unique  (cost=42.57..42.63 rows=11 width=121)
	  ->  Sort  (cost=42.57..42.60 rows=11 width=121)
	        Sort Key: c
	        ->  Index Scan using sbtest1_pkey on sbtest1  (cost=0.43..42.38 rows=11 width=121)
	              Index Cond: ((id >= 981222) AND (id <= 981231))

table 2 : explain SELECT DISTINCT c FROM sbtest2 WHERE id BETWEEN 530919 AND 530928 ORDER BY c
	Unique  (cost=42.68..42.74 rows=11 width=121)
	  ->  Sort  (cost=42.68..42.71 rows=11 width=121)
	        Sort Key: c
	        ->  Index Scan using sbtest2_pkey on sbtest2  (cost=0.43..42.49 rows=11 width=121)
	              Index Cond: ((id >= 530919) AND (id <= 530928))

table 3 : explain SELECT DISTINCT c FROM sbtest3 WHERE id BETWEEN 9339740 AND 9339749 ORDER BY c
	Unique  (cost=42.91..42.97 rows=11 width=121)
	  ->  Sort  (cost=42.91..42.94 rows=11 width=121)
	        Sort Key: c
	        ->  Index Scan using sbtest3_pkey on sbtest3  (cost=0.43..42.72 rows=11 width=121)
	              Index Cond: ((id >= 9339740) AND (id <= 9339749))

table 4 : explain SELECT DISTINCT c FROM sbtest4 WHERE id BETWEEN 4812928 AND 4812937 ORDER BY c
	Unique  (cost=42.91..42.97 rows=11 width=121)
	  ->  Sort  (cost=42.91..42.94 rows=11 width=121)
	        Sort Key: c
	        ->  Index Scan using sbtest4_pkey on sbtest4  (cost=0.43..42.72 rows=11 width=121)
	              Index Cond: ((id >= 4812928) AND (id <= 4812937))

table 5 : explain SELECT DISTINCT c FROM sbtest5 WHERE id BETWEEN 6085543 AND 6085552 ORDER BY c
	Unique  (cost=42.81..42.87 rows=11 width=121)
	  ->  Sort  (cost=42.81..42.84 rows=11 width=121)
	        Sort Key: c
	        ->  Index Scan using sbtest5_pkey on sbtest5  (cost=0.43..42.62 rows=11 width=121)
	              Index Cond: ((id >= 6085543) AND (id <= 6085552))

table 6 : explain SELECT DISTINCT c FROM sbtest6 WHERE id BETWEEN 9530283 AND 9530292 ORDER BY c
	Unique  (cost=42.59..42.64 rows=11 width=121)
	  ->  Sort  (cost=42.59..42.62 rows=11 width=121)
	        Sort Key: c
	        ->  Index Scan using sbtest6_pkey on sbtest6  (cost=0.43..42.40 rows=11 width=121)
	              Index Cond: ((id >= 9530283) AND (id <= 9530292))

table 7 : explain SELECT DISTINCT c FROM sbtest7 WHERE id BETWEEN 7455644 AND 7455653 ORDER BY c
	Unique  (cost=35.95..35.99 rows=9 width=121)
	  ->  Sort  (cost=35.95..35.97 rows=9 width=121)
	        Sort Key: c
	        ->  Index Scan using sbtest7_pkey on sbtest7  (cost=0.43..35.81 rows=9 width=121)
	              Index Cond: ((id >= 7455644) AND (id <= 7455653))

table 8 : explain SELECT DISTINCT c FROM sbtest8 WHERE id BETWEEN 5521671 AND 5521680 ORDER BY c
	Unique  (cost=39.36..39.41 rows=10 width=121)
	  ->  Sort  (cost=39.36..39.38 rows=10 width=121)
	        Sort Key: c
	        ->  Index Scan using sbtest8_pkey on sbtest8  (cost=0.43..39.19 rows=10 width=121)
	              Index Cond: ((id >= 5521671) AND (id <= 5521680))

for point_selects
table 1 : explain SELECT c FROM sbtest1 WHERE id=2659429
	Index Scan using sbtest1_pkey on sbtest1  (cost=0.43..8.45 rows=1 width=121)
	  Index Cond: (id = 2659429)

table 2 : explain SELECT c FROM sbtest2 WHERE id=8946954
	Index Scan using sbtest2_pkey on sbtest2  (cost=0.43..8.45 rows=1 width=121)
	  Index Cond: (id = 8946954)

table 3 : explain SELECT c FROM sbtest3 WHERE id=2595256
	Index Scan using sbtest3_pkey on sbtest3  (cost=0.43..8.45 rows=1 width=121)
	  Index Cond: (id = 2595256)

table 4 : explain SELECT c FROM sbtest4 WHERE id=8569318
	Index Scan using sbtest4_pkey on sbtest4  (cost=0.43..8.45 rows=1 width=121)
	  Index Cond: (id = 8569318)

table 5 : explain SELECT c FROM sbtest5 WHERE id=3824388
	Index Scan using sbtest5_pkey on sbtest5  (cost=0.43..8.45 rows=1 width=121)
	  Index Cond: (id = 3824388)

table 6 : explain SELECT c FROM sbtest6 WHERE id=9583792
	Index Scan using sbtest6_pkey on sbtest6  (cost=0.43..8.45 rows=1 width=121)
	  Index Cond: (id = 9583792)

table 7 : explain SELECT c FROM sbtest7 WHERE id=6002580
	Index Scan using sbtest7_pkey on sbtest7  (cost=0.43..8.45 rows=1 width=121)
	  Index Cond: (id = 6002580)

table 8 : explain SELECT c FROM sbtest8 WHERE id=3787087
	Index Scan using sbtest8_pkey on sbtest8  (cost=0.43..8.45 rows=1 width=121)
	  Index Cond: (id = 3787087)

for: sum_ranges
table 1 : explain SELECT SUM(k) FROM sbtest1 WHERE id BETWEEN 5759305 AND 5759314
	Aggregate  (cost=39.01..39.02 rows=1 width=8)
	  ->  Index Scan using sbtest1_pkey on sbtest1  (cost=0.43..38.99 rows=10 width=4)
	        Index Cond: ((id >= 5759305) AND (id <= 5759314))

table 2 : explain SELECT SUM(k) FROM sbtest2 WHERE id BETWEEN 620885 AND 620894
	Aggregate  (cost=39.11..39.12 rows=1 width=8)
	  ->  Index Scan using sbtest2_pkey on sbtest2  (cost=0.43..39.09 rows=10 width=4)
	        Index Cond: ((id >= 620885) AND (id <= 620894))

table 3 : explain SELECT SUM(k) FROM sbtest3 WHERE id BETWEEN 4624007 AND 4624016
	Aggregate  (cost=42.75..42.76 rows=1 width=8)
	  ->  Index Scan using sbtest3_pkey on sbtest3  (cost=0.43..42.72 rows=11 width=4)
	        Index Cond: ((id >= 4624007) AND (id <= 4624016))

table 4 : explain SELECT SUM(k) FROM sbtest4 WHERE id BETWEEN 1822300 AND 1822309
	Aggregate  (cost=35.89..35.90 rows=1 width=8)
	  ->  Index Scan using sbtest4_pkey on sbtest4  (cost=0.43..35.87 rows=9 width=4)
	        Index Cond: ((id >= 1822300) AND (id <= 1822309))

table 5 : explain SELECT SUM(k) FROM sbtest5 WHERE id BETWEEN 6492587 AND 6492596
	Aggregate  (cost=39.23..39.24 rows=1 width=8)
	  ->  Index Scan using sbtest5_pkey on sbtest5  (cost=0.43..39.21 rows=10 width=4)
	        Index Cond: ((id >= 6492587) AND (id <= 6492596))

table 6 : explain SELECT SUM(k) FROM sbtest6 WHERE id BETWEEN 2307993 AND 2308002
	Aggregate  (cost=39.03..39.04 rows=1 width=8)
	  ->  Index Scan using sbtest6_pkey on sbtest6  (cost=0.43..39.00 rows=10 width=4)
	        Index Cond: ((id >= 2307993) AND (id <= 2308002))

table 7 : explain SELECT SUM(k) FROM sbtest7 WHERE id BETWEEN 6924221 AND 6924230
	Aggregate  (cost=39.25..39.26 rows=1 width=8)
	  ->  Index Scan using sbtest7_pkey on sbtest7  (cost=0.43..39.22 rows=10 width=4)
	        Index Cond: ((id >= 6924221) AND (id <= 6924230))

table 8 : explain SELECT SUM(k) FROM sbtest8 WHERE id BETWEEN 2538363 AND 2538372
	Aggregate  (cost=39.22..39.23 rows=1 width=8)
	  ->  Index Scan using sbtest8_pkey on sbtest8  (cost=0.43..39.19 rows=10 width=4)
	        Index Cond: ((id >= 2538363) AND (id <= 2538372))

for point_selects
table 1 : explain SELECT c FROM sbtest1 WHERE id=6544997
	Index Scan using sbtest1_pkey on sbtest1  (cost=0.43..8.45 rows=1 width=121)
	  Index Cond: (id = 6544997)

table 2 : explain SELECT c FROM sbtest2 WHERE id=9876432
	Index Scan using sbtest2_pkey on sbtest2  (cost=0.43..8.45 rows=1 width=121)
	  Index Cond: (id = 9876432)

table 3 : explain SELECT c FROM sbtest3 WHERE id=1908017
	Index Scan using sbtest3_pkey on sbtest3  (cost=0.43..8.45 rows=1 width=121)
	  Index Cond: (id = 1908017)

table 4 : explain SELECT c FROM sbtest4 WHERE id=231576
	Index Scan using sbtest4_pkey on sbtest4  (cost=0.43..8.45 rows=1 width=121)
	  Index Cond: (id = 231576)

table 5 : explain SELECT c FROM sbtest5 WHERE id=1829489
	Index Scan using sbtest5_pkey on sbtest5  (cost=0.43..8.45 rows=1 width=121)
	  Index Cond: (id = 1829489)

table 6 : explain SELECT c FROM sbtest6 WHERE id=5266861
	Index Scan using sbtest6_pkey on sbtest6  (cost=0.43..8.45 rows=1 width=121)
	  Index Cond: (id = 5266861)

table 7 : explain SELECT c FROM sbtest7 WHERE id=9334339
	Index Scan using sbtest7_pkey on sbtest7  (cost=0.43..8.45 rows=1 width=121)
	  Index Cond: (id = 9334339)

table 8 : explain SELECT c FROM sbtest8 WHERE id=7879505
	Index Scan using sbtest8_pkey on sbtest8  (cost=0.43..8.45 rows=1 width=121)
	  Index Cond: (id = 7879505)

for point_selects
table 1 : explain SELECT c FROM sbtest1 WHERE id=9283513
	Index Scan using sbtest1_pkey on sbtest1  (cost=0.43..8.45 rows=1 width=121)
	  Index Cond: (id = 9283513)

table 2 : explain SELECT c FROM sbtest2 WHERE id=9007576
	Index Scan using sbtest2_pkey on sbtest2  (cost=0.43..8.45 rows=1 width=121)
	  Index Cond: (id = 9007576)

table 3 : explain SELECT c FROM sbtest3 WHERE id=596354
	Index Scan using sbtest3_pkey on sbtest3  (cost=0.43..8.45 rows=1 width=121)
	  Index Cond: (id = 596354)

table 4 : explain SELECT c FROM sbtest4 WHERE id=4358362
	Index Scan using sbtest4_pkey on sbtest4  (cost=0.43..8.45 rows=1 width=121)
	  Index Cond: (id = 4358362)

table 5 : explain SELECT c FROM sbtest5 WHERE id=4028181
	Index Scan using sbtest5_pkey on sbtest5  (cost=0.43..8.45 rows=1 width=121)
	  Index Cond: (id = 4028181)

table 6 : explain SELECT c FROM sbtest6 WHERE id=935688
	Index Scan using sbtest6_pkey on sbtest6  (cost=0.43..8.45 rows=1 width=121)
	  Index Cond: (id = 935688)

table 7 : explain SELECT c FROM sbtest7 WHERE id=3140495
	Index Scan using sbtest7_pkey on sbtest7  (cost=0.43..8.45 rows=1 width=121)
	  Index Cond: (id = 3140495)

table 8 : explain SELECT c FROM sbtest8 WHERE id=2449130
	Index Scan using sbtest8_pkey on sbtest8  (cost=0.43..8.45 rows=1 width=121)
	  Index Cond: (id = 2449130)

explain: for index_updates :: explain UPDATE sbtest%u SET k=k+1 WHERE id=%u
for point_selects
table 1 : explain SELECT c FROM sbtest1 WHERE id=6058313
	Index Scan using sbtest1_pkey on sbtest1  (cost=0.43..8.45 rows=1 width=121)
	  Index Cond: (id = 6058313)

table 2 : explain SELECT c FROM sbtest2 WHERE id=364940
	Index Scan using sbtest2_pkey on sbtest2  (cost=0.43..8.45 rows=1 width=121)
	  Index Cond: (id = 364940)

table 3 : explain SELECT c FROM sbtest3 WHERE id=2463980
	Index Scan using sbtest3_pkey on sbtest3  (cost=0.43..8.45 rows=1 width=121)
	  Index Cond: (id = 2463980)

table 4 : explain SELECT c FROM sbtest4 WHERE id=2085637
	Index Scan using sbtest4_pkey on sbtest4  (cost=0.43..8.45 rows=1 width=121)
	  Index Cond: (id = 2085637)

table 5 : explain SELECT c FROM sbtest5 WHERE id=3558753
	Index Scan using sbtest5_pkey on sbtest5  (cost=0.43..8.45 rows=1 width=121)
	  Index Cond: (id = 3558753)

table 6 : explain SELECT c FROM sbtest6 WHERE id=122646
	Index Scan using sbtest6_pkey on sbtest6  (cost=0.43..8.45 rows=1 width=121)
	  Index Cond: (id = 122646)

table 7 : explain SELECT c FROM sbtest7 WHERE id=7097114
	Index Scan using sbtest7_pkey on sbtest7  (cost=0.43..8.45 rows=1 width=121)
	  Index Cond: (id = 7097114)

table 8 : explain SELECT c FROM sbtest8 WHERE id=8793615
	Index Scan using sbtest8_pkey on sbtest8  (cost=0.43..8.45 rows=1 width=121)
	  Index Cond: (id = 8793615)

for index_updates
table 1 : explain UPDATE sbtest1 SET k=k+1 WHERE id=2860456
	Update on sbtest1  (cost=0.43..8.46 rows=1 width=196)
	  ->  Index Scan using sbtest1_pkey on sbtest1  (cost=0.43..8.46 rows=1 width=196)
	        Index Cond: (id = 2860456)

table 2 : explain UPDATE sbtest2 SET k=k+1 WHERE id=3661618
	Update on sbtest2  (cost=0.43..8.46 rows=1 width=196)
	  ->  Index Scan using sbtest2_pkey on sbtest2  (cost=0.43..8.46 rows=1 width=196)
	        Index Cond: (id = 3661618)

table 3 : explain UPDATE sbtest3 SET k=k+1 WHERE id=9065658
	Update on sbtest3  (cost=0.43..8.46 rows=1 width=196)
	  ->  Index Scan using sbtest3_pkey on sbtest3  (cost=0.43..8.46 rows=1 width=196)
	        Index Cond: (id = 9065658)

table 4 : explain UPDATE sbtest4 SET k=k+1 WHERE id=9597287
	Update on sbtest4  (cost=0.43..8.46 rows=1 width=196)
	  ->  Index Scan using sbtest4_pkey on sbtest4  (cost=0.43..8.46 rows=1 width=196)
	        Index Cond: (id = 9597287)

table 5 : explain UPDATE sbtest5 SET k=k+1 WHERE id=5512568
	Update on sbtest5  (cost=0.43..8.46 rows=1 width=196)
	  ->  Index Scan using sbtest5_pkey on sbtest5  (cost=0.43..8.46 rows=1 width=196)
	        Index Cond: (id = 5512568)

table 6 : explain UPDATE sbtest6 SET k=k+1 WHERE id=2038249
	Update on sbtest6  (cost=0.43..8.46 rows=1 width=196)
	  ->  Index Scan using sbtest6_pkey on sbtest6  (cost=0.43..8.46 rows=1 width=196)
	        Index Cond: (id = 2038249)

table 7 : explain UPDATE sbtest7 SET k=k+1 WHERE id=3764834
	Update on sbtest7  (cost=0.43..8.46 rows=1 width=196)
	  ->  Index Scan using sbtest7_pkey on sbtest7  (cost=0.43..8.46 rows=1 width=196)
	        Index Cond: (id = 3764834)

table 8 : explain UPDATE sbtest8 SET k=k+1 WHERE id=2780425
	Update on sbtest8  (cost=0.43..8.46 rows=1 width=196)
	  ->  Index Scan using sbtest8_pkey on sbtest8  (cost=0.43..8.46 rows=1 width=196)
	        Index Cond: (id = 2780425)

explain: for point_selects :: explain SELECT c FROM sbtest%u WHERE id=%u
for point_selects
table 1 : explain SELECT c FROM sbtest1 WHERE id=8077845
	Index Scan using sbtest1_pkey on sbtest1  (cost=0.43..8.45 rows=1 width=121)
	  Index Cond: (id = 8077845)

table 2 : explain SELECT c FROM sbtest2 WHERE id=5331447
	Index Scan using sbtest2_pkey on sbtest2  (cost=0.43..8.45 rows=1 width=121)
	  Index Cond: (id = 5331447)

table 3 : explain SELECT c FROM sbtest3 WHERE id=5199527
	Index Scan using sbtest3_pkey on sbtest3  (cost=0.43..8.45 rows=1 width=121)
	  Index Cond: (id = 5199527)

table 4 : explain SELECT c FROM sbtest4 WHERE id=417113
	Index Scan using sbtest4_pkey on sbtest4  (cost=0.43..8.45 rows=1 width=121)
	  Index Cond: (id = 417113)

table 5 : explain SELECT c FROM sbtest5 WHERE id=7676637
	Index Scan using sbtest5_pkey on sbtest5  (cost=0.43..8.45 rows=1 width=121)
	  Index Cond: (id = 7676637)

table 6 : explain SELECT c FROM sbtest6 WHERE id=7328981
	Index Scan using sbtest6_pkey on sbtest6  (cost=0.43..8.45 rows=1 width=121)
	  Index Cond: (id = 7328981)

table 7 : explain SELECT c FROM sbtest7 WHERE id=2288675
	Index Scan using sbtest7_pkey on sbtest7  (cost=0.43..8.45 rows=1 width=121)
	  Index Cond: (id = 2288675)

table 8 : explain SELECT c FROM sbtest8 WHERE id=2960394
	Index Scan using sbtest8_pkey on sbtest8  (cost=0.43..8.45 rows=1 width=121)
	  Index Cond: (id = 2960394)
for point_selects
table 1 : explain SELECT c FROM sbtest1 WHERE id=5932512
	Index Scan using sbtest1_pkey on sbtest1  (cost=0.43..8.45 rows=1 width=121)
	  Index Cond: (id = 5932512)

table 2 : explain SELECT c FROM sbtest2 WHERE id=5999287
	Index Scan using sbtest2_pkey on sbtest2  (cost=0.43..8.45 rows=1 width=121)
	  Index Cond: (id = 5999287)

table 3 : explain SELECT c FROM sbtest3 WHERE id=4672978
	Index Scan using sbtest3_pkey on sbtest3  (cost=0.43..8.45 rows=1 width=121)
	  Index Cond: (id = 4672978)

table 4 : explain SELECT c FROM sbtest4 WHERE id=4685016
	Index Scan using sbtest4_pkey on sbtest4  (cost=0.43..8.45 rows=1 width=121)
	  Index Cond: (id = 4685016)

table 5 : explain SELECT c FROM sbtest5 WHERE id=8223818
	Index Scan using sbtest5_pkey on sbtest5  (cost=0.43..8.45 rows=1 width=121)
	  Index Cond: (id = 8223818)

table 6 : explain SELECT c FROM sbtest6 WHERE id=3689769
	Index Scan using sbtest6_pkey on sbtest6  (cost=0.43..8.45 rows=1 width=121)
	  Index Cond: (id = 3689769)

table 7 : explain SELECT c FROM sbtest7 WHERE id=2358696
	Index Scan using sbtest7_pkey on sbtest7  (cost=0.43..8.45 rows=1 width=121)
	  Index Cond: (id = 2358696)

table 8 : explain SELECT c FROM sbtest8 WHERE id=4929446
	Index Scan using sbtest8_pkey on sbtest8  (cost=0.43..8.45 rows=1 width=121)
	  Index Cond: (id = 4929446)
for point_selects
table 1 : explain SELECT c FROM sbtest1 WHERE id=2446657
	Index Scan using sbtest1_pkey on sbtest1  (cost=0.43..8.45 rows=1 width=121)
	  Index Cond: (id = 2446657)

table 2 : explain SELECT c FROM sbtest2 WHERE id=766090
	Index Scan using sbtest2_pkey on sbtest2  (cost=0.43..8.45 rows=1 width=121)
	  Index Cond: (id = 766090)

table 3 : explain SELECT c FROM sbtest3 WHERE id=5340224
	Index Scan using sbtest3_pkey on sbtest3  (cost=0.43..8.45 rows=1 width=121)
	  Index Cond: (id = 5340224)

table 4 : explain SELECT c FROM sbtest4 WHERE id=2161540
	Index Scan using sbtest4_pkey on sbtest4  (cost=0.43..8.45 rows=1 width=121)
	  Index Cond: (id = 2161540)

table 5 : explain SELECT c FROM sbtest5 WHERE id=4100061
	Index Scan using sbtest5_pkey on sbtest5  (cost=0.43..8.45 rows=1 width=121)
	  Index Cond: (id = 4100061)

table 6 : explain SELECT c FROM sbtest6 WHERE id=8071836
	Index Scan using sbtest6_pkey on sbtest6  (cost=0.43..8.45 rows=1 width=121)
	  Index Cond: (id = 8071836)

table 7 : explain SELECT c FROM sbtest7 WHERE id=9249386
	Index Scan using sbtest7_pkey on sbtest7  (cost=0.43..8.45 rows=1 width=121)
	  Index Cond: (id = 9249386)

table 8 : explain SELECT c FROM sbtest8 WHERE id=449701
	Index Scan using sbtest8_pkey on sbtest8  (cost=0.43..8.45 rows=1 width=121)
	  Index Cond: (id = 449701)

explain: for point_selects :: explain SELECT c FROM sbtest%u WHERE id=%u


explain: for point_selects :: explain SELECT c FROM sbtest%u WHERE id=%u
for point_selects
table 1 : explain SELECT c FROM sbtest1 WHERE id=7666904
	Index Scan using sbtest1_pkey on sbtest1  (cost=0.43..8.45 rows=1 width=121)
	  Index Cond: (id = 7666904)

table 2 : explain SELECT c FROM sbtest2 WHERE id=1491339
	Index Scan using sbtest2_pkey on sbtest2  (cost=0.43..8.45 rows=1 width=121)
	  Index Cond: (id = 1491339)

table 3 : explain SELECT c FROM sbtest3 WHERE id=6123577
	Index Scan using sbtest3_pkey on sbtest3  (cost=0.43..8.45 rows=1 width=121)
	  Index Cond: (id = 6123577)

table 4 : explain SELECT c FROM sbtest4 WHERE id=7997233
	Index Scan using sbtest4_pkey on sbtest4  (cost=0.43..8.45 rows=1 width=121)
	  Index Cond: (id = 7997233)

table 5 : explain SELECT c FROM sbtest5 WHERE id=2673790
	Index Scan using sbtest5_pkey on sbtest5  (cost=0.43..8.45 rows=1 width=121)
	  Index Cond: (id = 2673790)

table 6 : explain SELECT c FROM sbtest6 WHERE id=2594071
	Index Scan using sbtest6_pkey on sbtest6  (cost=0.43..8.45 rows=1 width=121)
	  Index Cond: (id = 2594071)

table 7 : explain SELECT c FROM sbtest7 WHERE id=8019207
	Index Scan using sbtest7_pkey on sbtest7  (cost=0.43..8.45 rows=1 width=121)
	  Index Cond: (id = 8019207)

table 8 : explain SELECT c FROM sbtest8 WHERE id=4310187
	Index Scan using sbtest8_pkey on sbtest8  (cost=0.43..8.45 rows=1 width=121)
	  Index Cond: (id = 4310187)
for point_selects
table 1 : explain SELECT c FROM sbtest1 WHERE id=9421140
	Index Scan using sbtest1_pkey on sbtest1  (cost=0.43..8.45 rows=1 width=121)
	  Index Cond: (id = 9421140)

table 2 : explain SELECT c FROM sbtest2 WHERE id=1906873
	Index Scan using sbtest2_pkey on sbtest2  (cost=0.43..8.45 rows=1 width=121)
	  Index Cond: (id = 1906873)

table 3 : explain SELECT c FROM sbtest3 WHERE id=7123631
	Index Scan using sbtest3_pkey on sbtest3  (cost=0.43..8.45 rows=1 width=121)
	  Index Cond: (id = 7123631)

table 4 : explain SELECT c FROM sbtest4 WHERE id=6705343
	Index Scan using sbtest4_pkey on sbtest4  (cost=0.43..8.45 rows=1 width=121)
	  Index Cond: (id = 6705343)

table 5 : explain SELECT c FROM sbtest5 WHERE id=9656453
	Index Scan using sbtest5_pkey on sbtest5  (cost=0.43..8.45 rows=1 width=121)
	  Index Cond: (id = 9656453)

table 6 : explain SELECT c FROM sbtest6 WHERE id=1030332
	Index Scan using sbtest6_pkey on sbtest6  (cost=0.43..8.45 rows=1 width=121)
	  Index Cond: (id = 1030332)

table 7 : explain SELECT c FROM sbtest7 WHERE id=549583
	Index Scan using sbtest7_pkey on sbtest7  (cost=0.43..8.45 rows=1 width=121)
	  Index Cond: (id = 549583)

table 8 : explain SELECT c FROM sbtest8 WHERE id=2828628
	Index Scan using sbtest8_pkey on sbtest8  (cost=0.43..8.45 rows=1 width=121)
	  Index Cond: (id = 2828628)


for point_selects
table 1 : explain SELECT c FROM sbtest1 WHERE id=50992
	Index Scan using sbtest1_pkey on sbtest1  (cost=0.43..8.45 rows=1 width=121)
	  Index Cond: (id = 50992)

table 2 : explain SELECT c FROM sbtest2 WHERE id=6510214
	Index Scan using sbtest2_pkey on sbtest2  (cost=0.43..8.45 rows=1 width=121)
	  Index Cond: (id = 6510214)

table 3 : explain SELECT c FROM sbtest3 WHERE id=1681221
	Index Scan using sbtest3_pkey on sbtest3  (cost=0.43..8.45 rows=1 width=121)
	  Index Cond: (id = 1681221)

table 4 : explain SELECT c FROM sbtest4 WHERE id=545263
	Index Scan using sbtest4_pkey on sbtest4  (cost=0.43..8.45 rows=1 width=121)
	  Index Cond: (id = 545263)

table 5 : explain SELECT c FROM sbtest5 WHERE id=7077888
	Index Scan using sbtest5_pkey on sbtest5  (cost=0.43..8.45 rows=1 width=121)
	  Index Cond: (id = 7077888)

table 6 : explain SELECT c FROM sbtest6 WHERE id=2468507
	Index Scan using sbtest6_pkey on sbtest6  (cost=0.43..8.45 rows=1 width=121)
	  Index Cond: (id = 2468507)

table 7 : explain SELECT c FROM sbtest7 WHERE id=2087090
	Index Scan using sbtest7_pkey on sbtest7  (cost=0.43..8.45 rows=1 width=121)
	  Index Cond: (id = 2087090)

table 8 : explain SELECT c FROM sbtest8 WHERE id=8510124
	Index Scan using sbtest8_pkey on sbtest8  (cost=0.43..8.45 rows=1 width=121)
	  Index Cond: (id = 8510124)

for point_selects
table 1 : explain SELECT c FROM sbtest1 WHERE id=6383215
	Index Scan using sbtest1_pkey on sbtest1  (cost=0.43..8.45 rows=1 width=121)
	  Index Cond: (id = 6383215)

table 2 : explain SELECT c FROM sbtest2 WHERE id=4101693
	Index Scan using sbtest2_pkey on sbtest2  (cost=0.43..8.45 rows=1 width=121)
	  Index Cond: (id = 4101693)

table 3 : explain SELECT c FROM sbtest3 WHERE id=4167108
	Index Scan using sbtest3_pkey on sbtest3  (cost=0.43..8.45 rows=1 width=121)
	  Index Cond: (id = 4167108)

table 4 : explain SELECT c FROM sbtest4 WHERE id=5422398
	Index Scan using sbtest4_pkey on sbtest4  (cost=0.43..8.45 rows=1 width=121)
	  Index Cond: (id = 5422398)

table 5 : explain SELECT c FROM sbtest5 WHERE id=6185016
	Index Scan using sbtest5_pkey on sbtest5  (cost=0.43..8.45 rows=1 width=121)
	  Index Cond: (id = 6185016)

table 6 : explain SELECT c FROM sbtest6 WHERE id=9907395
	Index Scan using sbtest6_pkey on sbtest6  (cost=0.43..8.45 rows=1 width=121)
	  Index Cond: (id = 9907395)

table 7 : explain SELECT c FROM sbtest7 WHERE id=8880901
	Index Scan using sbtest7_pkey on sbtest7  (cost=0.43..8.45 rows=1 width=121)
	  Index Cond: (id = 8880901)

table 8 : explain SELECT c FROM sbtest8 WHERE id=7728574
	Index Scan using sbtest8_pkey on sbtest8  (cost=0.43..8.45 rows=1 width=121)
	  Index Cond: (id = 7728574)

for point_selects
table 1 : explain SELECT c FROM sbtest1 WHERE id=1291558
	Index Scan using sbtest1_pkey on sbtest1  (cost=0.43..8.45 rows=1 width=121)
	  Index Cond: (id = 1291558)

table 2 : explain SELECT c FROM sbtest2 WHERE id=2783595
	Index Scan using sbtest2_pkey on sbtest2  (cost=0.43..8.45 rows=1 width=121)
	  Index Cond: (id = 2783595)

table 3 : explain SELECT c FROM sbtest3 WHERE id=6804450
	Index Scan using sbtest3_pkey on sbtest3  (cost=0.43..8.45 rows=1 width=121)
	  Index Cond: (id = 6804450)

table 4 : explain SELECT c FROM sbtest4 WHERE id=2629761
	Index Scan using sbtest4_pkey on sbtest4  (cost=0.43..8.45 rows=1 width=121)
	  Index Cond: (id = 2629761)

table 5 : explain SELECT c FROM sbtest5 WHERE id=5450176
	Index Scan using sbtest5_pkey on sbtest5  (cost=0.43..8.45 rows=1 width=121)
	  Index Cond: (id = 5450176)

table 6 : explain SELECT c FROM sbtest6 WHERE id=9664985
	Index Scan using sbtest6_pkey on sbtest6  (cost=0.43..8.45 rows=1 width=121)
	  Index Cond: (id = 9664985)

table 7 : explain SELECT c FROM sbtest7 WHERE id=1183291
	Index Scan using sbtest7_pkey on sbtest7  (cost=0.43..8.45 rows=1 width=121)
	  Index Cond: (id = 1183291)

table 8 : explain SELECT c FROM sbtest8 WHERE id=2614246
	Index Scan using sbtest8_pkey on sbtest8  (cost=0.43..8.45 rows=1 width=121)
	  Index Cond: (id = 2614246)

explain: for non_index_updates :: explain UPDATE sbtest%u SET c='foobar' WHERE id=%u
for: simple_ranges
table 1 : explain SELECT c FROM sbtest1 WHERE id BETWEEN 3896895 AND 3896904
	Index Scan using sbtest1_pkey on sbtest1  (cost=0.43..35.60 rows=9 width=121)
	  Index Cond: ((id >= 3896895) AND (id <= 3896904))

table 2 : explain SELECT c FROM sbtest2 WHERE id BETWEEN 1412737 AND 1412746
	Index Scan using sbtest2_pkey on sbtest2  (cost=0.43..39.09 rows=10 width=121)
	  Index Cond: ((id >= 1412737) AND (id <= 1412746))

table 3 : explain SELECT c FROM sbtest3 WHERE id BETWEEN 3185598 AND 3185607
	Index Scan using sbtest3_pkey on sbtest3  (cost=0.43..39.29 rows=10 width=121)
	  Index Cond: ((id >= 3185598) AND (id <= 3185607))

table 4 : explain SELECT c FROM sbtest4 WHERE id BETWEEN 7431568 AND 7431577
	Index Scan using sbtest4_pkey on sbtest4  (cost=0.43..39.29 rows=10 width=121)
	  Index Cond: ((id >= 7431568) AND (id <= 7431577))

table 5 : explain SELECT c FROM sbtest5 WHERE id BETWEEN 2071166 AND 2071175
	Index Scan using sbtest5_pkey on sbtest5  (cost=0.43..35.79 rows=9 width=121)
	  Index Cond: ((id >= 2071166) AND (id <= 2071175))

table 6 : explain SELECT c FROM sbtest6 WHERE id BETWEEN 4066478 AND 4066487
	Index Scan using sbtest6_pkey on sbtest6  (cost=0.43..39.00 rows=10 width=121)
	  Index Cond: ((id >= 4066478) AND (id <= 4066487))

table 7 : explain SELECT c FROM sbtest7 WHERE id BETWEEN 5769639 AND 5769648
	Index Scan using sbtest7_pkey on sbtest7  (cost=0.43..42.64 rows=11 width=121)
	  Index Cond: ((id >= 5769639) AND (id <= 5769648))

table 8 : explain SELECT c FROM sbtest8 WHERE id BETWEEN 2303965 AND 2303974
	Index Scan using sbtest8_pkey on sbtest8  (cost=0.43..42.61 rows=11 width=121)
	  Index Cond: ((id >= 2303965) AND (id <= 2303974))

for: simple_ranges
table 1 : explain SELECT c FROM sbtest1 WHERE id BETWEEN 8895585 AND 8895594
	Index Scan using sbtest1_pkey on sbtest1  (cost=0.43..38.99 rows=10 width=121)
	  Index Cond: ((id >= 8895585) AND (id <= 8895594))

table 2 : explain SELECT c FROM sbtest2 WHERE id BETWEEN 6171764 AND 6171773
	Index Scan using sbtest2_pkey on sbtest2  (cost=0.43..39.09 rows=10 width=121)
	  Index Cond: ((id >= 6171764) AND (id <= 6171773))

table 3 : explain SELECT c FROM sbtest3 WHERE id BETWEEN 5395880 AND 5395889
	Index Scan using sbtest3_pkey on sbtest3  (cost=0.43..42.72 rows=11 width=121)
	  Index Cond: ((id >= 5395880) AND (id <= 5395889))

table 4 : explain SELECT c FROM sbtest4 WHERE id BETWEEN 5077861 AND 5077870
	Index Scan using sbtest4_pkey on sbtest4  (cost=0.43..35.87 rows=9 width=121)
	  Index Cond: ((id >= 5077861) AND (id <= 5077870))

table 5 : explain SELECT c FROM sbtest5 WHERE id BETWEEN 5236014 AND 5236023
	Index Scan using sbtest5_pkey on sbtest5  (cost=0.43..35.79 rows=9 width=121)
	  Index Cond: ((id >= 5236014) AND (id <= 5236023))

table 6 : explain SELECT c FROM sbtest6 WHERE id BETWEEN 2140533 AND 2140542
	Index Scan using sbtest6_pkey on sbtest6  (cost=0.43..39.00 rows=10 width=121)
	  Index Cond: ((id >= 2140533) AND (id <= 2140542))

table 7 : explain SELECT c FROM sbtest7 WHERE id BETWEEN 1402917 AND 1402926
	Index Scan using sbtest7_pkey on sbtest7  (cost=0.43..42.64 rows=11 width=121)
	  Index Cond: ((id >= 1402917) AND (id <= 1402926))

table 8 : explain SELECT c FROM sbtest8 WHERE id BETWEEN 8832681 AND 8832690
	Index Scan using sbtest8_pkey on sbtest8  (cost=0.43..39.19 rows=10 width=121)
	  Index Cond: ((id >= 8832681) AND (id <= 8832690))

for index_updates
table 1 : explain UPDATE sbtest1 SET k=k+1 WHERE id=4302967
	Update on sbtest1  (cost=0.43..8.46 rows=1 width=196)
	  ->  Index Scan using sbtest1_pkey on sbtest1  (cost=0.43..8.46 rows=1 width=196)
	        Index Cond: (id = 4302967)

table 2 : explain UPDATE sbtest2 SET k=k+1 WHERE id=7326984
	Update on sbtest2  (cost=0.43..8.46 rows=1 width=196)
	  ->  Index Scan using sbtest2_pkey on sbtest2  (cost=0.43..8.46 rows=1 width=196)
	        Index Cond: (id = 7326984)

table 3 : explain UPDATE sbtest3 SET k=k+1 WHERE id=5742602
	Update on sbtest3  (cost=0.43..8.46 rows=1 width=196)
	  ->  Index Scan using sbtest3_pkey on sbtest3  (cost=0.43..8.46 rows=1 width=196)
	        Index Cond: (id = 5742602)

table 4 : explain UPDATE sbtest4 SET k=k+1 WHERE id=2808635
	Update on sbtest4  (cost=0.43..8.46 rows=1 width=196)
	  ->  Index Scan using sbtest4_pkey on sbtest4  (cost=0.43..8.46 rows=1 width=196)
	        Index Cond: (id = 2808635)

table 5 : explain UPDATE sbtest5 SET k=k+1 WHERE id=2702753
	Update on sbtest5  (cost=0.43..8.46 rows=1 width=196)
	  ->  Index Scan using sbtest5_pkey on sbtest5  (cost=0.43..8.46 rows=1 width=196)
	        Index Cond: (id = 2702753)

table 6 : explain UPDATE sbtest6 SET k=k+1 WHERE id=3525805
	Update on sbtest6  (cost=0.43..8.46 rows=1 width=196)
	  ->  Index Scan using sbtest6_pkey on sbtest6  (cost=0.43..8.46 rows=1 width=196)
	        Index Cond: (id = 3525805)

table 7 : explain UPDATE sbtest7 SET k=k+1 WHERE id=1667065
	Update on sbtest7  (cost=0.43..8.46 rows=1 width=196)
	  ->  Index Scan using sbtest7_pkey on sbtest7  (cost=0.43..8.46 rows=1 width=196)
	        Index Cond: (id = 1667065)

table 8 : explain UPDATE sbtest8 SET k=k+1 WHERE id=1928050
	Update on sbtest8  (cost=0.43..8.46 rows=1 width=196)
	  ->  Index Scan using sbtest8_pkey on sbtest8  (cost=0.43..8.46 rows=1 width=196)
	        Index Cond: (id = 1928050)

for: simple_ranges
table 1 : explain SELECT c FROM sbtest1 WHERE id BETWEEN 9196997 AND 9197006
	Index Scan using sbtest1_pkey on sbtest1  (cost=0.43..42.38 rows=11 width=121)
	  Index Cond: ((id >= 9196997) AND (id <= 9197006))

table 2 : explain SELECT c FROM sbtest2 WHERE id BETWEEN 6593563 AND 6593572
	Index Scan using sbtest2_pkey on sbtest2  (cost=0.43..39.09 rows=10 width=121)
	  Index Cond: ((id >= 6593563) AND (id <= 6593572))

table 3 : explain SELECT c FROM sbtest3 WHERE id BETWEEN 4915870 AND 4915879
	Index Scan using sbtest3_pkey on sbtest3  (cost=0.43..35.87 rows=9 width=121)
	  Index Cond: ((id >= 4915870) AND (id <= 4915879))

table 4 : explain SELECT c FROM sbtest4 WHERE id BETWEEN 4028130 AND 4028139
	Index Scan using sbtest4_pkey on sbtest4  (cost=0.43..39.29 rows=10 width=121)
	  Index Cond: ((id >= 4028130) AND (id <= 4028139))

table 5 : explain SELECT c FROM sbtest5 WHERE id BETWEEN 2845614 AND 2845623
	Index Scan using sbtest5_pkey on sbtest5  (cost=0.43..35.79 rows=9 width=121)
	  Index Cond: ((id >= 2845614) AND (id <= 2845623))

table 6 : explain SELECT c FROM sbtest6 WHERE id BETWEEN 8400927 AND 8400936
	Index Scan using sbtest6_pkey on sbtest6  (cost=0.43..39.00 rows=10 width=121)
	  Index Cond: ((id >= 8400927) AND (id <= 8400936))

table 7 : explain SELECT c FROM sbtest7 WHERE id BETWEEN 6643000 AND 6643009
	Index Scan using sbtest7_pkey on sbtest7  (cost=0.43..39.22 rows=10 width=121)
	  Index Cond: ((id >= 6643000) AND (id <= 6643009))

table 8 : explain SELECT c FROM sbtest8 WHERE id BETWEEN 5304364 AND 5304373
	Index Scan using sbtest8_pkey on sbtest8  (cost=0.43..42.61 rows=11 width=121)
	  Index Cond: ((id >= 5304364) AND (id <= 5304373))

for: order_ranges
table 1 : explain SELECT c FROM sbtest1 WHERE id BETWEEN 8252203 AND 8252212 ORDER BY c
	Sort  (cost=39.15..39.18 rows=10 width=121)
	  Sort Key: c
	  ->  Index Scan using sbtest1_pkey on sbtest1  (cost=0.43..38.99 rows=10 width=121)
	        Index Cond: ((id >= 8252203) AND (id <= 8252212))

table 2 : explain SELECT c FROM sbtest2 WHERE id BETWEEN 8813569 AND 8813578 ORDER BY c
	Sort  (cost=42.68..42.71 rows=11 width=121)
	  Sort Key: c
	  ->  Index Scan using sbtest2_pkey on sbtest2  (cost=0.43..42.49 rows=11 width=121)
	        Index Cond: ((id >= 8813569) AND (id <= 8813578))

table 3 : explain SELECT c FROM sbtest3 WHERE id BETWEEN 540251 AND 540260 ORDER BY c
	Sort  (cost=39.46..39.48 rows=10 width=121)
	  Sort Key: c
	  ->  Index Scan using sbtest3_pkey on sbtest3  (cost=0.43..39.29 rows=10 width=121)
	        Index Cond: ((id >= 540251) AND (id <= 540260))

table 4 : explain SELECT c FROM sbtest4 WHERE id BETWEEN 5557181 AND 5557190 ORDER BY c
	Sort  (cost=42.91..42.94 rows=11 width=121)
	  Sort Key: c
	  ->  Index Scan using sbtest4_pkey on sbtest4  (cost=0.43..42.72 rows=11 width=121)
	        Index Cond: ((id >= 5557181) AND (id <= 5557190))

table 5 : explain SELECT c FROM sbtest5 WHERE id BETWEEN 571810 AND 571819 ORDER BY c
	Sort  (cost=42.81..42.84 rows=11 width=121)
	  Sort Key: c
	  ->  Index Scan using sbtest5_pkey on sbtest5  (cost=0.43..42.62 rows=11 width=121)
	        Index Cond: ((id >= 571810) AND (id <= 571819))

table 6 : explain SELECT c FROM sbtest6 WHERE id BETWEEN 601638 AND 601647 ORDER BY c
	Sort  (cost=39.17..39.20 rows=10 width=121)
	  Sort Key: c
	  ->  Index Scan using sbtest6_pkey on sbtest6  (cost=0.43..39.00 rows=10 width=121)
	        Index Cond: ((id >= 601638) AND (id <= 601647))

table 7 : explain SELECT c FROM sbtest7 WHERE id BETWEEN 3644520 AND 3644529 ORDER BY c
	Sort  (cost=39.39..39.42 rows=10 width=121)
	  Sort Key: c
	  ->  Index Scan using sbtest7_pkey on sbtest7  (cost=0.43..39.22 rows=10 width=121)
	        Index Cond: ((id >= 3644520) AND (id <= 3644529))

table 8 : explain SELECT c FROM sbtest8 WHERE id BETWEEN 1994421 AND 1994430 ORDER BY c
	Sort  (cost=42.80..42.83 rows=11 width=121)
	  Sort Key: c
	  ->  Index Scan using sbtest8_pkey on sbtest8  (cost=0.43..42.61 rows=11 width=121)
	        Index Cond: ((id >= 1994421) AND (id <= 1994430))

for: simple_ranges
table 1 : explain SELECT c FROM sbtest1 WHERE id BETWEEN 947459 AND 947468
	Index Scan using sbtest1_pkey on sbtest1  (cost=0.43..38.99 rows=10 width=121)
	  Index Cond: ((id >= 947459) AND (id <= 947468))

table 2 : explain SELECT c FROM sbtest2 WHERE id BETWEEN 1687746 AND 1687755
	Index Scan using sbtest2_pkey on sbtest2  (cost=0.43..35.68 rows=9 width=121)
	  Index Cond: ((id >= 1687746) AND (id <= 1687755))

table 3 : explain SELECT c FROM sbtest3 WHERE id BETWEEN 4563408 AND 4563417
	Index Scan using sbtest3_pkey on sbtest3  (cost=0.43..42.72 rows=11 width=121)
	  Index Cond: ((id >= 4563408) AND (id <= 4563417))

table 4 : explain SELECT c FROM sbtest4 WHERE id BETWEEN 1744751 AND 1744760
	Index Scan using sbtest4_pkey on sbtest4  (cost=0.43..39.29 rows=10 width=121)
	  Index Cond: ((id >= 1744751) AND (id <= 1744760))

table 5 : explain SELECT c FROM sbtest5 WHERE id BETWEEN 3364028 AND 3364037
	Index Scan using sbtest5_pkey on sbtest5  (cost=0.43..35.79 rows=9 width=121)
	  Index Cond: ((id >= 3364028) AND (id <= 3364037))

table 6 : explain SELECT c FROM sbtest6 WHERE id BETWEEN 846570 AND 846579
	Index Scan using sbtest6_pkey on sbtest6  (cost=0.43..39.00 rows=10 width=121)
	  Index Cond: ((id >= 846570) AND (id <= 846579))

table 7 : explain SELECT c FROM sbtest7 WHERE id BETWEEN 5001581 AND 5001590
	Index Scan using sbtest7_pkey on sbtest7  (cost=0.43..39.22 rows=10 width=121)
	  Index Cond: ((id >= 5001581) AND (id <= 5001590))

table 8 : explain SELECT c FROM sbtest8 WHERE id BETWEEN 5822305 AND 5822314
	Index Scan using sbtest8_pkey on sbtest8  (cost=0.43..39.19 rows=10 width=121)
	  Index Cond: ((id >= 5822305) AND (id <= 5822314))

for point_selects
table 1 : explain SELECT c FROM sbtest1 WHERE id=7070551
	Index Scan using sbtest1_pkey on sbtest1  (cost=0.43..8.45 rows=1 width=121)
	  Index Cond: (id = 7070551)

table 2 : explain SELECT c FROM sbtest2 WHERE id=8398066
	Index Scan using sbtest2_pkey on sbtest2  (cost=0.43..8.45 rows=1 width=121)
	  Index Cond: (id = 8398066)

table 3 : explain SELECT c FROM sbtest3 WHERE id=6719137
	Index Scan using sbtest3_pkey on sbtest3  (cost=0.43..8.45 rows=1 width=121)
	  Index Cond: (id = 6719137)

table 4 : explain SELECT c FROM sbtest4 WHERE id=1708820
	Index Scan using sbtest4_pkey on sbtest4  (cost=0.43..8.45 rows=1 width=121)
	  Index Cond: (id = 1708820)

table 5 : explain SELECT c FROM sbtest5 WHERE id=6906472
	Index Scan using sbtest5_pkey on sbtest5  (cost=0.43..8.45 rows=1 width=121)
	  Index Cond: (id = 6906472)

table 6 : explain SELECT c FROM sbtest6 WHERE id=6861005
	Index Scan using sbtest6_pkey on sbtest6  (cost=0.43..8.45 rows=1 width=121)
	  Index Cond: (id = 6861005)

table 7 : explain SELECT c FROM sbtest7 WHERE id=7159849
	Index Scan using sbtest7_pkey on sbtest7  (cost=0.43..8.45 rows=1 width=121)
	  Index Cond: (id = 7159849)

table 8 : explain SELECT c FROM sbtest8 WHERE id=6878486
	Index Scan using sbtest8_pkey on sbtest8  (cost=0.43..8.45 rows=1 width=121)
	  Index Cond: (id = 6878486)

for point_selects
table 1 : explain SELECT c FROM sbtest1 WHERE id=2598338
	Index Scan using sbtest1_pkey on sbtest1  (cost=0.43..8.45 rows=1 width=121)
	  Index Cond: (id = 2598338)

table 2 : explain SELECT c FROM sbtest2 WHERE id=5881749
	Index Scan using sbtest2_pkey on sbtest2  (cost=0.43..8.45 rows=1 width=121)
	  Index Cond: (id = 5881749)

table 3 : explain SELECT c FROM sbtest3 WHERE id=9113585
	Index Scan using sbtest3_pkey on sbtest3  (cost=0.43..8.45 rows=1 width=121)
	  Index Cond: (id = 9113585)

table 4 : explain SELECT c FROM sbtest4 WHERE id=3779602
	Index Scan using sbtest4_pkey on sbtest4  (cost=0.43..8.45 rows=1 width=121)
	  Index Cond: (id = 3779602)

table 5 : explain SELECT c FROM sbtest5 WHERE id=5947246
	Index Scan using sbtest5_pkey on sbtest5  (cost=0.43..8.45 rows=1 width=121)
	  Index Cond: (id = 5947246)

table 6 : explain SELECT c FROM sbtest6 WHERE id=4339381
	Index Scan using sbtest6_pkey on sbtest6  (cost=0.43..8.45 rows=1 width=121)
	  Index Cond: (id = 4339381)

table 7 : explain SELECT c FROM sbtest7 WHERE id=925249
	Index Scan using sbtest7_pkey on sbtest7  (cost=0.43..8.45 rows=1 width=121)
	  Index Cond: (id = 925249)

table 8 : explain SELECT c FROM sbtest8 WHERE id=7389121
	Index Scan using sbtest8_pkey on sbtest8  (cost=0.43..8.45 rows=1 width=121)
	  Index Cond: (id = 7389121)

explain: for point_selects :: explain SELECT c FROM sbtest%u WHERE id=%u
for: simple_ranges
table 1 : explain SELECT c FROM sbtest1 WHERE id BETWEEN 2336036 AND 2336045
	Index Scan using sbtest1_pkey on sbtest1  (cost=0.43..38.99 rows=10 width=121)
	  Index Cond: ((id >= 2336036) AND (id <= 2336045))

table 2 : explain SELECT c FROM sbtest2 WHERE id BETWEEN 3567347 AND 3567356
	Index Scan using sbtest2_pkey on sbtest2  (cost=0.43..39.09 rows=10 width=121)
	  Index Cond: ((id >= 3567347) AND (id <= 3567356))

table 3 : explain SELECT c FROM sbtest3 WHERE id BETWEEN 3489440 AND 3489449
	Index Scan using sbtest3_pkey on sbtest3  (cost=0.43..39.29 rows=10 width=121)
	  Index Cond: ((id >= 3489440) AND (id <= 3489449))

table 4 : explain SELECT c FROM sbtest4 WHERE id BETWEEN 1217362 AND 1217371
	Index Scan using sbtest4_pkey on sbtest4  (cost=0.43..39.29 rows=10 width=121)
	  Index Cond: ((id >= 1217362) AND (id <= 1217371))

table 5 : explain SELECT c FROM sbtest5 WHERE id BETWEEN 8676716 AND 8676725
	Index Scan using sbtest5_pkey on sbtest5  (cost=0.43..35.79 rows=9 width=121)
	  Index Cond: ((id >= 8676716) AND (id <= 8676725))

table 6 : explain SELECT c FROM sbtest6 WHERE id BETWEEN 2663865 AND 2663874
	Index Scan using sbtest6_pkey on sbtest6  (cost=0.43..39.00 rows=10 width=121)
	  Index Cond: ((id >= 2663865) AND (id <= 2663874))

table 7 : explain SELECT c FROM sbtest7 WHERE id BETWEEN 5838283 AND 5838292
	Index Scan using sbtest7_pkey on sbtest7  (cost=0.43..39.22 rows=10 width=121)
	  Index Cond: ((id >= 5838283) AND (id <= 5838292))

table 8 : explain SELECT c FROM sbtest8 WHERE id BETWEEN 4926512 AND 4926521
	Index Scan using sbtest8_pkey on sbtest8  (cost=0.43..35.78 rows=9 width=121)
	  Index Cond: ((id >= 4926512) AND (id <= 4926521))

for non_index_updates
table 1 : explain UPDATE sbtest1 SET c='foobar' WHERE id=7057863
	Update on sbtest1  (cost=0.43..8.45 rows=1 width=559)
	  ->  Index Scan using sbtest1_pkey on sbtest1  (cost=0.43..8.45 rows=1 width=559)
	        Index Cond: (id = 7057863)

table 2 : explain UPDATE sbtest2 SET c='foobar' WHERE id=4437153
	Update on sbtest2  (cost=0.43..8.45 rows=1 width=559)
	  ->  Index Scan using sbtest2_pkey on sbtest2  (cost=0.43..8.45 rows=1 width=559)
	        Index Cond: (id = 4437153)

table 3 : explain UPDATE sbtest3 SET c='foobar' WHERE id=2626823
	Update on sbtest3  (cost=0.43..8.45 rows=1 width=559)
	  ->  Index Scan using sbtest3_pkey on sbtest3  (cost=0.43..8.45 rows=1 width=559)
	        Index Cond: (id = 2626823)

table 4 : explain UPDATE sbtest4 SET c='foobar' WHERE id=5802305
	Update on sbtest4  (cost=0.43..8.45 rows=1 width=559)
	  ->  Index Scan using sbtest4_pkey on sbtest4  (cost=0.43..8.45 rows=1 width=559)
	        Index Cond: (id = 5802305)

table 5 : explain UPDATE sbtest5 SET c='foobar' WHERE id=8278115
	Update on sbtest5  (cost=0.43..8.45 rows=1 width=559)
	  ->  Index Scan using sbtest5_pkey on sbtest5  (cost=0.43..8.45 rows=1 width=559)
	        Index Cond: (id = 8278115)

table 6 : explain UPDATE sbtest6 SET c='foobar' WHERE id=7989409
	Update on sbtest6  (cost=0.43..8.45 rows=1 width=559)
	  ->  Index Scan using sbtest6_pkey on sbtest6  (cost=0.43..8.45 rows=1 width=559)
	        Index Cond: (id = 7989409)

table 7 : explain UPDATE sbtest7 SET c='foobar' WHERE id=6656527
	Update on sbtest7  (cost=0.43..8.45 rows=1 width=559)
	  ->  Index Scan using sbtest7_pkey on sbtest7  (cost=0.43..8.45 rows=1 width=559)
	        Index Cond: (id = 6656527)

table 8 : explain UPDATE sbtest8 SET c='foobar' WHERE id=351743
	Update on sbtest8  (cost=0.43..8.45 rows=1 width=559)
	  ->  Index Scan using sbtest8_pkey on sbtest8  (cost=0.43..8.45 rows=1 width=559)
	        Index Cond: (id = 351743)

explain: for non_index_updates :: explain UPDATE sbtest%u SET c='foobar' WHERE id=%u
explain: for deletes :: explain DELETE FROM sbtest%u WHERE id=%u
for: simple_ranges
table 1 : explain SELECT c FROM sbtest1 WHERE id BETWEEN 5459032 AND 5459041
	Index Scan using sbtest1_pkey on sbtest1  (cost=0.43..35.60 rows=9 width=121)
	  Index Cond: ((id >= 5459032) AND (id <= 5459041))

table 2 : explain SELECT c FROM sbtest2 WHERE id BETWEEN 6648952 AND 6648961
	Index Scan using sbtest2_pkey on sbtest2  (cost=0.43..39.09 rows=10 width=121)
	  Index Cond: ((id >= 6648952) AND (id <= 6648961))

table 3 : explain SELECT c FROM sbtest3 WHERE id BETWEEN 4510786 AND 4510795
	Index Scan using sbtest3_pkey on sbtest3  (cost=0.43..35.87 rows=9 width=121)
	  Index Cond: ((id >= 4510786) AND (id <= 4510795))

table 4 : explain SELECT c FROM sbtest4 WHERE id BETWEEN 8016118 AND 8016127
	Index Scan using sbtest4_pkey on sbtest4  (cost=0.43..39.29 rows=10 width=121)
	  Index Cond: ((id >= 8016118) AND (id <= 8016127))

table 5 : explain SELECT c FROM sbtest5 WHERE id BETWEEN 7082936 AND 7082945
	Index Scan using sbtest5_pkey on sbtest5  (cost=0.43..35.79 rows=9 width=121)
	  Index Cond: ((id >= 7082936) AND (id <= 7082945))

table 6 : explain SELECT c FROM sbtest6 WHERE id BETWEEN 2614143 AND 2614152
	Index Scan using sbtest6_pkey on sbtest6  (cost=0.43..39.00 rows=10 width=121)
	  Index Cond: ((id >= 2614143) AND (id <= 2614152))

table 7 : explain SELECT c FROM sbtest7 WHERE id BETWEEN 1416932 AND 1416941
	Index Scan using sbtest7_pkey on sbtest7  (cost=0.43..42.64 rows=11 width=121)
	  Index Cond: ((id >= 1416932) AND (id <= 1416941))

table 8 : explain SELECT c FROM sbtest8 WHERE id BETWEEN 123343 AND 123352
	Index Scan using sbtest8_pkey on sbtest8  (cost=0.43..35.78 rows=9 width=121)
	  Index Cond: ((id >= 123343) AND (id <= 123352))

for: simple_ranges
table 1 : explain SELECT c FROM sbtest1 WHERE id BETWEEN 346790 AND 346799
	Index Scan using sbtest1_pkey on sbtest1  (cost=0.43..35.60 rows=9 width=121)
	  Index Cond: ((id >= 346790) AND (id <= 346799))

table 2 : explain SELECT c FROM sbtest2 WHERE id BETWEEN 7206814 AND 7206823
	Index Scan using sbtest2_pkey on sbtest2  (cost=0.43..39.09 rows=10 width=121)
	  Index Cond: ((id >= 7206814) AND (id <= 7206823))

table 3 : explain SELECT c FROM sbtest3 WHERE id BETWEEN 5295466 AND 5295475
	Index Scan using sbtest3_pkey on sbtest3  (cost=0.43..42.72 rows=11 width=121)
	  Index Cond: ((id >= 5295466) AND (id <= 5295475))

table 4 : explain SELECT c FROM sbtest4 WHERE id BETWEEN 903819 AND 903828
	Index Scan using sbtest4_pkey on sbtest4  (cost=0.43..39.29 rows=10 width=121)
	  Index Cond: ((id >= 903819) AND (id <= 903828))

table 5 : explain SELECT c FROM sbtest5 WHERE id BETWEEN 6847456 AND 6847465
	Index Scan using sbtest5_pkey on sbtest5  (cost=0.43..39.21 rows=10 width=121)
	  Index Cond: ((id >= 6847456) AND (id <= 6847465))

table 6 : explain SELECT c FROM sbtest6 WHERE id BETWEEN 5567947 AND 5567956
	Index Scan using sbtest6_pkey on sbtest6  (cost=0.43..39.00 rows=10 width=121)
	  Index Cond: ((id >= 5567947) AND (id <= 5567956))

table 7 : explain SELECT c FROM sbtest7 WHERE id BETWEEN 6835776 AND 6835785
	Index Scan using sbtest7_pkey on sbtest7  (cost=0.43..39.22 rows=10 width=121)
	  Index Cond: ((id >= 6835776) AND (id <= 6835785))

table 8 : explain SELECT c FROM sbtest8 WHERE id BETWEEN 1626638 AND 1626647
	Index Scan using sbtest8_pkey on sbtest8  (cost=0.43..39.19 rows=10 width=121)
	  Index Cond: ((id >= 1626638) AND (id <= 1626647))

for: simple_ranges
table 1 : explain SELECT c FROM sbtest1 WHERE id BETWEEN 8302485 AND 8302494
	Index Scan using sbtest1_pkey on sbtest1  (cost=0.43..38.99 rows=10 width=121)
	  Index Cond: ((id >= 8302485) AND (id <= 8302494))

table 2 : explain SELECT c FROM sbtest2 WHERE id BETWEEN 1475479 AND 1475488
	Index Scan using sbtest2_pkey on sbtest2  (cost=0.43..39.09 rows=10 width=121)
	  Index Cond: ((id >= 1475479) AND (id <= 1475488))

table 3 : explain SELECT c FROM sbtest3 WHERE id BETWEEN 7726574 AND 7726583
	Index Scan using sbtest3_pkey on sbtest3  (cost=0.43..35.87 rows=9 width=121)
	  Index Cond: ((id >= 7726574) AND (id <= 7726583))

table 4 : explain SELECT c FROM sbtest4 WHERE id BETWEEN 827836 AND 827845
	Index Scan using sbtest4_pkey on sbtest4  (cost=0.43..39.29 rows=10 width=121)
	  Index Cond: ((id >= 827836) AND (id <= 827845))

table 5 : explain SELECT c FROM sbtest5 WHERE id BETWEEN 5321537 AND 5321546
	Index Scan using sbtest5_pkey on sbtest5  (cost=0.43..39.21 rows=10 width=121)
	  Index Cond: ((id >= 5321537) AND (id <= 5321546))

table 6 : explain SELECT c FROM sbtest6 WHERE id BETWEEN 6505255 AND 6505264
	Index Scan using sbtest6_pkey on sbtest6  (cost=0.43..35.61 rows=9 width=121)
	  Index Cond: ((id >= 6505255) AND (id <= 6505264))

table 7 : explain SELECT c FROM sbtest7 WHERE id BETWEEN 1092170 AND 1092179
	Index Scan using sbtest7_pkey on sbtest7  (cost=0.43..35.81 rows=9 width=121)
	  Index Cond: ((id >= 1092170) AND (id <= 1092179))

table 8 : explain SELECT c FROM sbtest8 WHERE id BETWEEN 4440844 AND 4440853
	Index Scan using sbtest8_pkey on sbtest8  (cost=0.43..42.61 rows=11 width=121)
	  Index Cond: ((id >= 4440844) AND (id <= 4440853))

for: simple_ranges
table 1 : explain SELECT c FROM sbtest1 WHERE id BETWEEN 8684016 AND 8684025
	Index Scan using sbtest1_pkey on sbtest1  (cost=0.43..42.38 rows=11 width=121)
	  Index Cond: ((id >= 8684016) AND (id <= 8684025))

table 2 : explain SELECT c FROM sbtest2 WHERE id BETWEEN 1111860 AND 1111869
	Index Scan using sbtest2_pkey on sbtest2  (cost=0.43..39.09 rows=10 width=121)
	  Index Cond: ((id >= 1111860) AND (id <= 1111869))

table 3 : explain SELECT c FROM sbtest3 WHERE id BETWEEN 2871531 AND 2871540
	Index Scan using sbtest3_pkey on sbtest3  (cost=0.43..42.72 rows=11 width=121)
	  Index Cond: ((id >= 2871531) AND (id <= 2871540))

table 4 : explain SELECT c FROM sbtest4 WHERE id BETWEEN 4432942 AND 4432951
	Index Scan using sbtest4_pkey on sbtest4  (cost=0.43..39.29 rows=10 width=121)
	  Index Cond: ((id >= 4432942) AND (id <= 4432951))

table 5 : explain SELECT c FROM sbtest5 WHERE id BETWEEN 3694068 AND 3694077
	Index Scan using sbtest5_pkey on sbtest5  (cost=0.43..39.21 rows=10 width=121)
	  Index Cond: ((id >= 3694068) AND (id <= 3694077))

table 6 : explain SELECT c FROM sbtest6 WHERE id BETWEEN 1811977 AND 1811986
	Index Scan using sbtest6_pkey on sbtest6  (cost=0.43..42.40 rows=11 width=121)
	  Index Cond: ((id >= 1811977) AND (id <= 1811986))

table 7 : explain SELECT c FROM sbtest7 WHERE id BETWEEN 828601 AND 828610
	Index Scan using sbtest7_pkey on sbtest7  (cost=0.43..39.22 rows=10 width=121)
	  Index Cond: ((id >= 828601) AND (id <= 828610))

table 8 : explain SELECT c FROM sbtest8 WHERE id BETWEEN 4624371 AND 4624380
	Index Scan using sbtest8_pkey on sbtest8  (cost=0.43..42.61 rows=11 width=121)
	  Index Cond: ((id >= 4624371) AND (id <= 4624380))

for: simple_ranges
table 1 : explain SELECT c FROM sbtest1 WHERE id BETWEEN 6299792 AND 6299801
	Index Scan using sbtest1_pkey on sbtest1  (cost=0.43..38.99 rows=10 width=121)
	  Index Cond: ((id >= 6299792) AND (id <= 6299801))

table 2 : explain SELECT c FROM sbtest2 WHERE id BETWEEN 6900824 AND 6900833
	Index Scan using sbtest2_pkey on sbtest2  (cost=0.43..42.49 rows=11 width=121)
	  Index Cond: ((id >= 6900824) AND (id <= 6900833))

table 3 : explain SELECT c FROM sbtest3 WHERE id BETWEEN 9215747 AND 9215756
	Index Scan using sbtest3_pkey on sbtest3  (cost=0.43..39.29 rows=10 width=121)
	  Index Cond: ((id >= 9215747) AND (id <= 9215756))

table 4 : explain SELECT c FROM sbtest4 WHERE id BETWEEN 8404220 AND 8404229
	Index Scan using sbtest4_pkey on sbtest4  (cost=0.43..39.29 rows=10 width=121)
	  Index Cond: ((id >= 8404220) AND (id <= 8404229))

table 5 : explain SELECT c FROM sbtest5 WHERE id BETWEEN 750153 AND 750162
	Index Scan using sbtest5_pkey on sbtest5  (cost=0.43..35.79 rows=9 width=121)
	  Index Cond: ((id >= 750153) AND (id <= 750162))

table 6 : explain SELECT c FROM sbtest6 WHERE id BETWEEN 7979697 AND 7979706
	Index Scan using sbtest6_pkey on sbtest6  (cost=0.43..39.00 rows=10 width=121)
	  Index Cond: ((id >= 7979697) AND (id <= 7979706))

table 7 : explain SELECT c FROM sbtest7 WHERE id BETWEEN 9626869 AND 9626878
	Index Scan using sbtest7_pkey on sbtest7  (cost=0.43..35.81 rows=9 width=121)
	  Index Cond: ((id >= 9626869) AND (id <= 9626878))

table 8 : explain SELECT c FROM sbtest8 WHERE id BETWEEN 9256824 AND 9256833
	Index Scan using sbtest8_pkey on sbtest8  (cost=0.43..39.19 rows=10 width=121)
	  Index Cond: ((id >= 9256824) AND (id <= 9256833))

for: simple_ranges
table 1 : explain SELECT c FROM sbtest1 WHERE id BETWEEN 8899675 AND 8899684
	Index Scan using sbtest1_pkey on sbtest1  (cost=0.43..38.99 rows=10 width=121)
	  Index Cond: ((id >= 8899675) AND (id <= 8899684))

table 2 : explain SELECT c FROM sbtest2 WHERE id BETWEEN 1624832 AND 1624841
	Index Scan using sbtest2_pkey on sbtest2  (cost=0.43..35.68 rows=9 width=121)
	  Index Cond: ((id >= 1624832) AND (id <= 1624841))

table 3 : explain SELECT c FROM sbtest3 WHERE id BETWEEN 1082039 AND 1082048
	Index Scan using sbtest3_pkey on sbtest3  (cost=0.43..39.29 rows=10 width=121)
	  Index Cond: ((id >= 1082039) AND (id <= 1082048))

table 4 : explain SELECT c FROM sbtest4 WHERE id BETWEEN 9012724 AND 9012733
	Index Scan using sbtest4_pkey on sbtest4  (cost=0.43..35.87 rows=9 width=121)
	  Index Cond: ((id >= 9012724) AND (id <= 9012733))

table 5 : explain SELECT c FROM sbtest5 WHERE id BETWEEN 4178470 AND 4178479
	Index Scan using sbtest5_pkey on sbtest5  (cost=0.43..42.62 rows=11 width=121)
	  Index Cond: ((id >= 4178470) AND (id <= 4178479))

table 6 : explain SELECT c FROM sbtest6 WHERE id BETWEEN 5360996 AND 5361005
	Index Scan using sbtest6_pkey on sbtest6  (cost=0.43..39.00 rows=10 width=121)
	  Index Cond: ((id >= 5360996) AND (id <= 5361005))

table 7 : explain SELECT c FROM sbtest7 WHERE id BETWEEN 1465957 AND 1465966
	Index Scan using sbtest7_pkey on sbtest7  (cost=0.43..42.64 rows=11 width=121)
	  Index Cond: ((id >= 1465957) AND (id <= 1465966))

table 8 : explain SELECT c FROM sbtest8 WHERE id BETWEEN 6950548 AND 6950557
	Index Scan using sbtest8_pkey on sbtest8  (cost=0.43..42.61 rows=11 width=121)
	  Index Cond: ((id >= 6950548) AND (id <= 6950557))

for: simple_ranges
table 1 : explain SELECT c FROM sbtest1 WHERE id BETWEEN 8918777 AND 8918786
	Index Scan using sbtest1_pkey on sbtest1  (cost=0.43..38.99 rows=10 width=121)
	  Index Cond: ((id >= 8918777) AND (id <= 8918786))

table 2 : explain SELECT c FROM sbtest2 WHERE id BETWEEN 812784 AND 812793
	Index Scan using sbtest2_pkey on sbtest2  (cost=0.43..35.68 rows=9 width=121)
	  Index Cond: ((id >= 812784) AND (id <= 812793))

table 3 : explain SELECT c FROM sbtest3 WHERE id BETWEEN 9977994 AND 9978003
	Index Scan using sbtest3_pkey on sbtest3  (cost=0.43..39.29 rows=10 width=121)
	  Index Cond: ((id >= 9977994) AND (id <= 9978003))

table 4 : explain SELECT c FROM sbtest4 WHERE id BETWEEN 8358272 AND 8358281
	Index Scan using sbtest4_pkey on sbtest4  (cost=0.43..35.87 rows=9 width=121)
	  Index Cond: ((id >= 8358272) AND (id <= 8358281))

table 5 : explain SELECT c FROM sbtest5 WHERE id BETWEEN 7555676 AND 7555685
	Index Scan using sbtest5_pkey on sbtest5  (cost=0.43..35.79 rows=9 width=121)
	  Index Cond: ((id >= 7555676) AND (id <= 7555685))

table 6 : explain SELECT c FROM sbtest6 WHERE id BETWEEN 8071229 AND 8071238
	Index Scan using sbtest6_pkey on sbtest6  (cost=0.43..39.00 rows=10 width=121)
	  Index Cond: ((id >= 8071229) AND (id <= 8071238))

table 7 : explain SELECT c FROM sbtest7 WHERE id BETWEEN 6197984 AND 6197993
	Index Scan using sbtest7_pkey on sbtest7  (cost=0.43..39.22 rows=10 width=121)
	  Index Cond: ((id >= 6197984) AND (id <= 6197993))

table 8 : explain SELECT c FROM sbtest8 WHERE id BETWEEN 4284986 AND 4284995
	Index Scan using sbtest8_pkey on sbtest8  (cost=0.43..42.61 rows=11 width=121)
	  Index Cond: ((id >= 4284986) AND (id <= 4284995))

for: simple_ranges
table 1 : explain SELECT c FROM sbtest1 WHERE id BETWEEN 3583515 AND 3583524
	Index Scan using sbtest1_pkey on sbtest1  (cost=0.43..38.99 rows=10 width=121)
	  Index Cond: ((id >= 3583515) AND (id <= 3583524))

table 2 : explain SELECT c FROM sbtest2 WHERE id BETWEEN 3490701 AND 3490710
	Index Scan using sbtest2_pkey on sbtest2  (cost=0.43..39.09 rows=10 width=121)
	  Index Cond: ((id >= 3490701) AND (id <= 3490710))

table 3 : explain SELECT c FROM sbtest3 WHERE id BETWEEN 9835085 AND 9835094
	Index Scan using sbtest3_pkey on sbtest3  (cost=0.43..39.29 rows=10 width=121)
	  Index Cond: ((id >= 9835085) AND (id <= 9835094))

table 4 : explain SELECT c FROM sbtest4 WHERE id BETWEEN 2361599 AND 2361608
	Index Scan using sbtest4_pkey on sbtest4  (cost=0.43..39.29 rows=10 width=121)
	  Index Cond: ((id >= 2361599) AND (id <= 2361608))

table 5 : explain SELECT c FROM sbtest5 WHERE id BETWEEN 9040026 AND 9040035
	Index Scan using sbtest5_pkey on sbtest5  (cost=0.43..42.62 rows=11 width=121)
	  Index Cond: ((id >= 9040026) AND (id <= 9040035))

table 6 : explain SELECT c FROM sbtest6 WHERE id BETWEEN 3759646 AND 3759655
	Index Scan using sbtest6_pkey on sbtest6  (cost=0.43..35.61 rows=9 width=121)
	  Index Cond: ((id >= 3759646) AND (id <= 3759655))

table 7 : explain SELECT c FROM sbtest7 WHERE id BETWEEN 3399434 AND 3399443
	Index Scan using sbtest7_pkey on sbtest7  (cost=0.43..35.81 rows=9 width=121)
	  Index Cond: ((id >= 3399434) AND (id <= 3399443))

table 8 : explain SELECT c FROM sbtest8 WHERE id BETWEEN 2723273 AND 2723282
	Index Scan using sbtest8_pkey on sbtest8  (cost=0.43..39.19 rows=10 width=121)
	  Index Cond: ((id >= 2723273) AND (id <= 2723282))

for non_index_updates
table 1 : explain UPDATE sbtest1 SET c='foobar' WHERE id=4959505
	Update on sbtest1  (cost=0.43..8.45 rows=1 width=559)
	  ->  Index Scan using sbtest1_pkey on sbtest1  (cost=0.43..8.45 rows=1 width=559)
	        Index Cond: (id = 4959505)

table 2 : explain UPDATE sbtest2 SET c='foobar' WHERE id=8782394
	Update on sbtest2  (cost=0.43..8.45 rows=1 width=559)
	  ->  Index Scan using sbtest2_pkey on sbtest2  (cost=0.43..8.45 rows=1 width=559)
	        Index Cond: (id = 8782394)

table 3 : explain UPDATE sbtest3 SET c='foobar' WHERE id=2235857
	Update on sbtest3  (cost=0.43..8.45 rows=1 width=559)
	  ->  Index Scan using sbtest3_pkey on sbtest3  (cost=0.43..8.45 rows=1 width=559)
	        Index Cond: (id = 2235857)

table 4 : explain UPDATE sbtest4 SET c='foobar' WHERE id=557026
	Update on sbtest4  (cost=0.43..8.45 rows=1 width=559)
	  ->  Index Scan using sbtest4_pkey on sbtest4  (cost=0.43..8.45 rows=1 width=559)
	        Index Cond: (id = 557026)

table 5 : explain UPDATE sbtest5 SET c='foobar' WHERE id=7311718
	Update on sbtest5  (cost=0.43..8.45 rows=1 width=559)
	  ->  Index Scan using sbtest5_pkey on sbtest5  (cost=0.43..8.45 rows=1 width=559)
	        Index Cond: (id = 7311718)

table 6 : explain UPDATE sbtest6 SET c='foobar' WHERE id=6320036
	Update on sbtest6  (cost=0.43..8.45 rows=1 width=559)
	  ->  Index Scan using sbtest6_pkey on sbtest6  (cost=0.43..8.45 rows=1 width=559)
	        Index Cond: (id = 6320036)

table 7 : explain UPDATE sbtest7 SET c='foobar' WHERE id=112190
	Update on sbtest7  (cost=0.43..8.45 rows=1 width=559)
	  ->  Index Scan using sbtest7_pkey on sbtest7  (cost=0.43..8.45 rows=1 width=559)
	        Index Cond: (id = 112190)

table 8 : explain UPDATE sbtest8 SET c='foobar' WHERE id=7754581
	Update on sbtest8  (cost=0.43..8.45 rows=1 width=559)
	  ->  Index Scan using sbtest8_pkey on sbtest8  (cost=0.43..8.45 rows=1 width=559)
	        Index Cond: (id = 7754581)

for deletes
table 1 : explain DELETE FROM sbtest1 WHERE id=8377366
	Delete on sbtest1  (cost=0.43..8.45 rows=1 width=6)
	  ->  Index Scan using sbtest1_pkey on sbtest1  (cost=0.43..8.45 rows=1 width=6)
	        Index Cond: (id = 8377366)

table 2 : explain DELETE FROM sbtest2 WHERE id=3037955
	Delete on sbtest2  (cost=0.43..8.45 rows=1 width=6)
	  ->  Index Scan using sbtest2_pkey on sbtest2  (cost=0.43..8.45 rows=1 width=6)
	        Index Cond: (id = 3037955)

table 3 : explain DELETE FROM sbtest3 WHERE id=5002027
	Delete on sbtest3  (cost=0.43..8.45 rows=1 width=6)
	  ->  Index Scan using sbtest3_pkey on sbtest3  (cost=0.43..8.45 rows=1 width=6)
	        Index Cond: (id = 5002027)

table 4 : explain DELETE FROM sbtest4 WHERE id=4308748
	Delete on sbtest4  (cost=0.43..8.45 rows=1 width=6)
	  ->  Index Scan using sbtest4_pkey on sbtest4  (cost=0.43..8.45 rows=1 width=6)
	        Index Cond: (id = 4308748)

table 5 : explain DELETE FROM sbtest5 WHERE id=2315864
	Delete on sbtest5  (cost=0.43..8.45 rows=1 width=6)
	  ->  Index Scan using sbtest5_pkey on sbtest5  (cost=0.43..8.45 rows=1 width=6)
	        Index Cond: (id = 2315864)

table 6 : explain DELETE FROM sbtest6 WHERE id=1624063
	Delete on sbtest6  (cost=0.43..8.45 rows=1 width=6)
	  ->  Index Scan using sbtest6_pkey on sbtest6  (cost=0.43..8.45 rows=1 width=6)
	        Index Cond: (id = 1624063)

table 7 : explain DELETE FROM sbtest7 WHERE id=9560263
	Delete on sbtest7  (cost=0.43..8.45 rows=1 width=6)
	  ->  Index Scan using sbtest7_pkey on sbtest7  (cost=0.43..8.45 rows=1 width=6)
	        Index Cond: (id = 9560263)

table 8 : explain DELETE FROM sbtest8 WHERE id=6454189
	Delete on sbtest8  (cost=0.43..8.45 rows=1 width=6)
	  ->  Index Scan using sbtest8_pkey on sbtest8  (cost=0.43..8.45 rows=1 width=6)
	        Index Cond: (id = 6454189)

for: simple_ranges
table 1 : explain SELECT c FROM sbtest1 WHERE id BETWEEN 895311 AND 895320
	Index Scan using sbtest1_pkey on sbtest1  (cost=0.43..38.99 rows=10 width=121)
	  Index Cond: ((id >= 895311) AND (id <= 895320))

table 2 : explain SELECT c FROM sbtest2 WHERE id BETWEEN 3538216 AND 3538225
	Index Scan using sbtest2_pkey on sbtest2  (cost=0.43..39.09 rows=10 width=121)
	  Index Cond: ((id >= 3538216) AND (id <= 3538225))

table 3 : explain SELECT c FROM sbtest3 WHERE id BETWEEN 8005427 AND 8005436
	Index Scan using sbtest3_pkey on sbtest3  (cost=0.43..39.29 rows=10 width=121)
	  Index Cond: ((id >= 8005427) AND (id <= 8005436))

table 4 : explain SELECT c FROM sbtest4 WHERE id BETWEEN 4231754 AND 4231763
	Index Scan using sbtest4_pkey on sbtest4  (cost=0.43..39.29 rows=10 width=121)
	  Index Cond: ((id >= 4231754) AND (id <= 4231763))

table 5 : explain SELECT c FROM sbtest5 WHERE id BETWEEN 7350110 AND 7350119
	Index Scan using sbtest5_pkey on sbtest5  (cost=0.43..39.21 rows=10 width=121)
	  Index Cond: ((id >= 7350110) AND (id <= 7350119))

table 6 : explain SELECT c FROM sbtest6 WHERE id BETWEEN 5762396 AND 5762405
	Index Scan using sbtest6_pkey on sbtest6  (cost=0.43..35.61 rows=9 width=121)
	  Index Cond: ((id >= 5762396) AND (id <= 5762405))

table 7 : explain SELECT c FROM sbtest7 WHERE id BETWEEN 8857050 AND 8857059
	Index Scan using sbtest7_pkey on sbtest7  (cost=0.43..42.64 rows=11 width=121)
	  Index Cond: ((id >= 8857050) AND (id <= 8857059))

table 8 : explain SELECT c FROM sbtest8 WHERE id BETWEEN 1760901 AND 1760910
	Index Scan using sbtest8_pkey on sbtest8  (cost=0.43..39.19 rows=10 width=121)
	  Index Cond: ((id >= 1760901) AND (id <= 1760910))

for: sum_ranges
table 1 : explain SELECT SUM(k) FROM sbtest1 WHERE id BETWEEN 2231675 AND 2231684
	Aggregate  (cost=39.01..39.02 rows=1 width=8)
	  ->  Index Scan using sbtest1_pkey on sbtest1  (cost=0.43..38.99 rows=10 width=4)
	        Index Cond: ((id >= 2231675) AND (id <= 2231684))

table 2 : explain SELECT SUM(k) FROM sbtest2 WHERE id BETWEEN 9680577 AND 9680586
	Aggregate  (cost=42.52..42.53 rows=1 width=8)
	  ->  Index Scan using sbtest2_pkey on sbtest2  (cost=0.43..42.49 rows=11 width=4)
	        Index Cond: ((id >= 9680577) AND (id <= 9680586))

table 3 : explain SELECT SUM(k) FROM sbtest3 WHERE id BETWEEN 1609074 AND 1609083
	Aggregate  (cost=35.89..35.90 rows=1 width=8)
	  ->  Index Scan using sbtest3_pkey on sbtest3  (cost=0.43..35.87 rows=9 width=4)
	        Index Cond: ((id >= 1609074) AND (id <= 1609083))

table 4 : explain SELECT SUM(k) FROM sbtest4 WHERE id BETWEEN 8388880 AND 8388889
	Aggregate  (cost=39.32..39.33 rows=1 width=8)
	  ->  Index Scan using sbtest4_pkey on sbtest4  (cost=0.43..39.29 rows=10 width=4)
	        Index Cond: ((id >= 8388880) AND (id <= 8388889))

table 5 : explain SELECT SUM(k) FROM sbtest5 WHERE id BETWEEN 1620666 AND 1620675
	Aggregate  (cost=39.23..39.24 rows=1 width=8)
	  ->  Index Scan using sbtest5_pkey on sbtest5  (cost=0.43..39.21 rows=10 width=4)
	        Index Cond: ((id >= 1620666) AND (id <= 1620675))

table 6 : explain SELECT SUM(k) FROM sbtest6 WHERE id BETWEEN 3498988 AND 3498997
	Aggregate  (cost=42.43..42.44 rows=1 width=8)
	  ->  Index Scan using sbtest6_pkey on sbtest6  (cost=0.43..42.40 rows=11 width=4)
	        Index Cond: ((id >= 3498988) AND (id <= 3498997))

table 7 : explain SELECT SUM(k) FROM sbtest7 WHERE id BETWEEN 6332492 AND 6332501
	Aggregate  (cost=39.25..39.26 rows=1 width=8)
	  ->  Index Scan using sbtest7_pkey on sbtest7  (cost=0.43..39.22 rows=10 width=4)
	        Index Cond: ((id >= 6332492) AND (id <= 6332501))

table 8 : explain SELECT SUM(k) FROM sbtest8 WHERE id BETWEEN 249093 AND 249102
	Aggregate  (cost=39.22..39.23 rows=1 width=8)
	  ->  Index Scan using sbtest8_pkey on sbtest8  (cost=0.43..39.19 rows=10 width=4)
	        Index Cond: ((id >= 249093) AND (id <= 249102))

for: distinct_ranges
table 1 : explain SELECT DISTINCT c FROM sbtest1 WHERE id BETWEEN 8374000 AND 8374009 ORDER BY c
	Unique  (cost=39.15..39.20 rows=10 width=121)
	  ->  Sort  (cost=39.15..39.18 rows=10 width=121)
	        Sort Key: c
	        ->  Index Scan using sbtest1_pkey on sbtest1  (cost=0.43..38.99 rows=10 width=121)
	              Index Cond: ((id >= 8374000) AND (id <= 8374009))

table 2 : explain SELECT DISTINCT c FROM sbtest2 WHERE id BETWEEN 2088464 AND 2088473 ORDER BY c
	Unique  (cost=35.83..35.87 rows=9 width=121)
	  ->  Sort  (cost=35.83..35.85 rows=9 width=121)
	        Sort Key: c
	        ->  Index Scan using sbtest2_pkey on sbtest2  (cost=0.43..35.68 rows=9 width=121)
	              Index Cond: ((id >= 2088464) AND (id <= 2088473))

table 3 : explain SELECT DISTINCT c FROM sbtest3 WHERE id BETWEEN 4797574 AND 4797583 ORDER BY c
	Unique  (cost=36.01..36.05 rows=9 width=121)
	  ->  Sort  (cost=36.01..36.03 rows=9 width=121)
	        Sort Key: c
	        ->  Index Scan using sbtest3_pkey on sbtest3  (cost=0.43..35.87 rows=9 width=121)
	              Index Cond: ((id >= 4797574) AND (id <= 4797583))

table 4 : explain SELECT DISTINCT c FROM sbtest4 WHERE id BETWEEN 1561549 AND 1561558 ORDER BY c
	Unique  (cost=39.46..39.51 rows=10 width=121)
	  ->  Sort  (cost=39.46..39.49 rows=10 width=121)
	        Sort Key: c
	        ->  Index Scan using sbtest4_pkey on sbtest4  (cost=0.43..39.29 rows=10 width=121)
	              Index Cond: ((id >= 1561549) AND (id <= 1561558))

table 5 : explain SELECT DISTINCT c FROM sbtest5 WHERE id BETWEEN 81118 AND 81127 ORDER BY c
	Unique  (cost=39.37..39.42 rows=10 width=121)
	  ->  Sort  (cost=39.37..39.40 rows=10 width=121)
	        Sort Key: c
	        ->  Index Scan using sbtest5_pkey on sbtest5  (cost=0.43..39.21 rows=10 width=121)
	              Index Cond: ((id >= 81118) AND (id <= 81127))

table 6 : explain SELECT DISTINCT c FROM sbtest6 WHERE id BETWEEN 2398498 AND 2398507 ORDER BY c
	Unique  (cost=39.17..39.22 rows=10 width=121)
	  ->  Sort  (cost=39.17..39.20 rows=10 width=121)
	        Sort Key: c
	        ->  Index Scan using sbtest6_pkey on sbtest6  (cost=0.43..39.00 rows=10 width=121)
	              Index Cond: ((id >= 2398498) AND (id <= 2398507))

table 7 : explain SELECT DISTINCT c FROM sbtest7 WHERE id BETWEEN 3446313 AND 3446322 ORDER BY c
	Unique  (cost=46.28..46.34 rows=12 width=121)
	  ->  Sort  (cost=46.28..46.31 rows=12 width=121)
	        Sort Key: c
	        ->  Index Scan using sbtest7_pkey on sbtest7  (cost=0.43..46.06 rows=12 width=121)
	              Index Cond: ((id >= 3446313) AND (id <= 3446322))

table 8 : explain SELECT DISTINCT c FROM sbtest8 WHERE id BETWEEN 8402500 AND 8402509 ORDER BY c
	Unique  (cost=39.36..39.41 rows=10 width=121)
	  ->  Sort  (cost=39.36..39.38 rows=10 width=121)
	        Sort Key: c
	        ->  Index Scan using sbtest8_pkey on sbtest8  (cost=0.43..39.19 rows=10 width=121)
	              Index Cond: ((id >= 8402500) AND (id <= 8402509))

for: sum_ranges
table 1 : explain SELECT SUM(k) FROM sbtest1 WHERE id BETWEEN 4882948 AND 4882957
	Aggregate  (cost=39.01..39.02 rows=1 width=8)
	  ->  Index Scan using sbtest1_pkey on sbtest1  (cost=0.43..38.99 rows=10 width=4)
	        Index Cond: ((id >= 4882948) AND (id <= 4882957))

table 2 : explain SELECT SUM(k) FROM sbtest2 WHERE id BETWEEN 7236101 AND 7236110
	Aggregate  (cost=39.11..39.12 rows=1 width=8)
	  ->  Index Scan using sbtest2_pkey on sbtest2  (cost=0.43..39.09 rows=10 width=4)
	        Index Cond: ((id >= 7236101) AND (id <= 7236110))

table 3 : explain SELECT SUM(k) FROM sbtest3 WHERE id BETWEEN 5795387 AND 5795396
	Aggregate  (cost=39.32..39.33 rows=1 width=8)
	  ->  Index Scan using sbtest3_pkey on sbtest3  (cost=0.43..39.29 rows=10 width=4)
	        Index Cond: ((id >= 5795387) AND (id <= 5795396))

table 4 : explain SELECT SUM(k) FROM sbtest4 WHERE id BETWEEN 6962007 AND 6962016
	Aggregate  (cost=39.32..39.33 rows=1 width=8)
	  ->  Index Scan using sbtest4_pkey on sbtest4  (cost=0.43..39.29 rows=10 width=4)
	        Index Cond: ((id >= 6962007) AND (id <= 6962016))

table 5 : explain SELECT SUM(k) FROM sbtest5 WHERE id BETWEEN 3360958 AND 3360967
	Aggregate  (cost=35.81..35.82 rows=1 width=8)
	  ->  Index Scan using sbtest5_pkey on sbtest5  (cost=0.43..35.79 rows=9 width=4)
	        Index Cond: ((id >= 3360958) AND (id <= 3360967))

table 6 : explain SELECT SUM(k) FROM sbtest6 WHERE id BETWEEN 1316315 AND 1316324
	Aggregate  (cost=39.03..39.04 rows=1 width=8)
	  ->  Index Scan using sbtest6_pkey on sbtest6  (cost=0.43..39.00 rows=10 width=4)
	        Index Cond: ((id >= 1316315) AND (id <= 1316324))

table 7 : explain SELECT SUM(k) FROM sbtest7 WHERE id BETWEEN 3531906 AND 3531915
	Aggregate  (cost=42.67..42.68 rows=1 width=8)
	  ->  Index Scan using sbtest7_pkey on sbtest7  (cost=0.43..42.64 rows=11 width=4)
	        Index Cond: ((id >= 3531906) AND (id <= 3531915))

table 8 : explain SELECT SUM(k) FROM sbtest8 WHERE id BETWEEN 2882329 AND 2882338
	Aggregate  (cost=42.64..42.65 rows=1 width=8)
	  ->  Index Scan using sbtest8_pkey on sbtest8  (cost=0.43..42.61 rows=11 width=4)
	        Index Cond: ((id >= 2882329) AND (id <= 2882338))

explain: for deletes :: explain DELETE FROM sbtest%u WHERE id=%u
for: sum_ranges
table 1 : explain SELECT SUM(k) FROM sbtest1 WHERE id BETWEEN 2878119 AND 2878128
	Aggregate  (cost=42.41..42.42 rows=1 width=8)
	  ->  Index Scan using sbtest1_pkey on sbtest1  (cost=0.43..42.38 rows=11 width=4)
	        Index Cond: ((id >= 2878119) AND (id <= 2878128))

table 2 : explain SELECT SUM(k) FROM sbtest2 WHERE id BETWEEN 9588454 AND 9588463
	Aggregate  (cost=39.11..39.12 rows=1 width=8)
	  ->  Index Scan using sbtest2_pkey on sbtest2  (cost=0.43..39.09 rows=10 width=4)
	        Index Cond: ((id >= 9588454) AND (id <= 9588463))

table 3 : explain SELECT SUM(k) FROM sbtest3 WHERE id BETWEEN 3722708 AND 3722717
	Aggregate  (cost=39.32..39.33 rows=1 width=8)
	  ->  Index Scan using sbtest3_pkey on sbtest3  (cost=0.43..39.29 rows=10 width=4)
	        Index Cond: ((id >= 3722708) AND (id <= 3722717))

table 4 : explain SELECT SUM(k) FROM sbtest4 WHERE id BETWEEN 4096512 AND 4096521
	Aggregate  (cost=39.32..39.33 rows=1 width=8)
	  ->  Index Scan using sbtest4_pkey on sbtest4  (cost=0.43..39.29 rows=10 width=4)
	        Index Cond: ((id >= 4096512) AND (id <= 4096521))

table 5 : explain SELECT SUM(k) FROM sbtest5 WHERE id BETWEEN 6223658 AND 6223667
	Aggregate  (cost=39.23..39.24 rows=1 width=8)
	  ->  Index Scan using sbtest5_pkey on sbtest5  (cost=0.43..39.21 rows=10 width=4)
	        Index Cond: ((id >= 6223658) AND (id <= 6223667))

table 6 : explain SELECT SUM(k) FROM sbtest6 WHERE id BETWEEN 6253258 AND 6253267
	Aggregate  (cost=39.03..39.04 rows=1 width=8)
	  ->  Index Scan using sbtest6_pkey on sbtest6  (cost=0.43..39.00 rows=10 width=4)
	        Index Cond: ((id >= 6253258) AND (id <= 6253267))

table 7 : explain SELECT SUM(k) FROM sbtest7 WHERE id BETWEEN 120761 AND 120770
	Aggregate  (cost=35.83..35.84 rows=1 width=8)
	  ->  Index Scan using sbtest7_pkey on sbtest7  (cost=0.43..35.81 rows=9 width=4)
	        Index Cond: ((id >= 120761) AND (id <= 120770))

table 8 : explain SELECT SUM(k) FROM sbtest8 WHERE id BETWEEN 8175391 AND 8175400
	Aggregate  (cost=39.22..39.23 rows=1 width=8)
	  ->  Index Scan using sbtest8_pkey on sbtest8  (cost=0.43..39.19 rows=10 width=4)
	        Index Cond: ((id >= 8175391) AND (id <= 8175400))

for: sum_ranges
table 1 : explain SELECT SUM(k) FROM sbtest1 WHERE id BETWEEN 5798979 AND 5798988
	Aggregate  (cost=39.01..39.02 rows=1 width=8)
	  ->  Index Scan using sbtest1_pkey on sbtest1  (cost=0.43..38.99 rows=10 width=4)
	        Index Cond: ((id >= 5798979) AND (id <= 5798988))

table 2 : explain SELECT SUM(k) FROM sbtest2 WHERE id BETWEEN 6211610 AND 6211619
	Aggregate  (cost=39.11..39.12 rows=1 width=8)
	  ->  Index Scan using sbtest2_pkey on sbtest2  (cost=0.43..39.09 rows=10 width=4)
	        Index Cond: ((id >= 6211610) AND (id <= 6211619))

table 3 : explain SELECT SUM(k) FROM sbtest3 WHERE id BETWEEN 9038852 AND 9038861
	Aggregate  (cost=39.32..39.33 rows=1 width=8)
	  ->  Index Scan using sbtest3_pkey on sbtest3  (cost=0.43..39.29 rows=10 width=4)
	        Index Cond: ((id >= 9038852) AND (id <= 9038861))

table 4 : explain SELECT SUM(k) FROM sbtest4 WHERE id BETWEEN 9831009 AND 9831018
	Aggregate  (cost=35.89..35.90 rows=1 width=8)
	  ->  Index Scan using sbtest4_pkey on sbtest4  (cost=0.43..35.87 rows=9 width=4)
	        Index Cond: ((id >= 9831009) AND (id <= 9831018))

table 5 : explain SELECT SUM(k) FROM sbtest5 WHERE id BETWEEN 5057834 AND 5057843
	Aggregate  (cost=35.81..35.82 rows=1 width=8)
	  ->  Index Scan using sbtest5_pkey on sbtest5  (cost=0.43..35.79 rows=9 width=4)
	        Index Cond: ((id >= 5057834) AND (id <= 5057843))

table 6 : explain SELECT SUM(k) FROM sbtest6 WHERE id BETWEEN 7852606 AND 7852615
	Aggregate  (cost=42.43..42.44 rows=1 width=8)
	  ->  Index Scan using sbtest6_pkey on sbtest6  (cost=0.43..42.40 rows=11 width=4)
	        Index Cond: ((id >= 7852606) AND (id <= 7852615))

table 7 : explain SELECT SUM(k) FROM sbtest7 WHERE id BETWEEN 5808552 AND 5808561
	Aggregate  (cost=39.25..39.26 rows=1 width=8)
	  ->  Index Scan using sbtest7_pkey on sbtest7  (cost=0.43..39.22 rows=10 width=4)
	        Index Cond: ((id >= 5808552) AND (id <= 5808561))

table 8 : explain SELECT SUM(k) FROM sbtest8 WHERE id BETWEEN 4393770 AND 4393779
	Aggregate  (cost=39.22..39.23 rows=1 width=8)
	  ->  Index Scan using sbtest8_pkey on sbtest8  (cost=0.43..39.19 rows=10 width=4)
	        Index Cond: ((id >= 4393770) AND (id <= 4393779))

for point_selects
table 1 : explain SELECT c FROM sbtest1 WHERE id=5773168
	Index Scan using sbtest1_pkey on sbtest1  (cost=0.43..8.45 rows=1 width=121)
	  Index Cond: (id = 5773168)

table 2 : explain SELECT c FROM sbtest2 WHERE id=1936952
	Index Scan using sbtest2_pkey on sbtest2  (cost=0.43..8.45 rows=1 width=121)
	  Index Cond: (id = 1936952)

table 3 : explain SELECT c FROM sbtest3 WHERE id=4912260
	Index Scan using sbtest3_pkey on sbtest3  (cost=0.43..8.45 rows=1 width=121)
	  Index Cond: (id = 4912260)

table 4 : explain SELECT c FROM sbtest4 WHERE id=9326300
	Index Scan using sbtest4_pkey on sbtest4  (cost=0.43..8.45 rows=1 width=121)
	  Index Cond: (id = 9326300)

table 5 : explain SELECT c FROM sbtest5 WHERE id=3462864
	Index Scan using sbtest5_pkey on sbtest5  (cost=0.43..8.45 rows=1 width=121)
	  Index Cond: (id = 3462864)

table 6 : explain SELECT c FROM sbtest6 WHERE id=4458837
	Index Scan using sbtest6_pkey on sbtest6  (cost=0.43..8.45 rows=1 width=121)
	  Index Cond: (id = 4458837)

table 7 : explain SELECT c FROM sbtest7 WHERE id=2845958
	Index Scan using sbtest7_pkey on sbtest7  (cost=0.43..8.45 rows=1 width=121)
	  Index Cond: (id = 2845958)

table 8 : explain SELECT c FROM sbtest8 WHERE id=7385960
	Index Scan using sbtest8_pkey on sbtest8  (cost=0.43..8.45 rows=1 width=121)
	  Index Cond: (id = 7385960)

for point_selects
table 1 : explain SELECT c FROM sbtest1 WHERE id=9159678
	Index Scan using sbtest1_pkey on sbtest1  (cost=0.43..8.45 rows=1 width=121)
	  Index Cond: (id = 9159678)

table 2 : explain SELECT c FROM sbtest2 WHERE id=7862080
	Index Scan using sbtest2_pkey on sbtest2  (cost=0.43..8.45 rows=1 width=121)
	  Index Cond: (id = 7862080)

table 3 : explain SELECT c FROM sbtest3 WHERE id=5897458
	Index Scan using sbtest3_pkey on sbtest3  (cost=0.43..8.45 rows=1 width=121)
	  Index Cond: (id = 5897458)

table 4 : explain SELECT c FROM sbtest4 WHERE id=2670728
	Index Scan using sbtest4_pkey on sbtest4  (cost=0.43..8.45 rows=1 width=121)
	  Index Cond: (id = 2670728)

table 5 : explain SELECT c FROM sbtest5 WHERE id=4877617
	Index Scan using sbtest5_pkey on sbtest5  (cost=0.43..8.45 rows=1 width=121)
	  Index Cond: (id = 4877617)

table 6 : explain SELECT c FROM sbtest6 WHERE id=2634344
	Index Scan using sbtest6_pkey on sbtest6  (cost=0.43..8.45 rows=1 width=121)
	  Index Cond: (id = 2634344)

table 7 : explain SELECT c FROM sbtest7 WHERE id=4566342
	Index Scan using sbtest7_pkey on sbtest7  (cost=0.43..8.45 rows=1 width=121)
	  Index Cond: (id = 4566342)

table 8 : explain SELECT c FROM sbtest8 WHERE id=3423717
	Index Scan using sbtest8_pkey on sbtest8  (cost=0.43..8.45 rows=1 width=121)
	  Index Cond: (id = 3423717)

for: sum_ranges
table 1 : explain SELECT SUM(k) FROM sbtest1 WHERE id BETWEEN 1739491 AND 1739500
	Aggregate  (cost=39.01..39.02 rows=1 width=8)
	  ->  Index Scan using sbtest1_pkey on sbtest1  (cost=0.43..38.99 rows=10 width=4)
	        Index Cond: ((id >= 1739491) AND (id <= 1739500))

table 2 : explain SELECT SUM(k) FROM sbtest2 WHERE id BETWEEN 3575576 AND 3575585
	Aggregate  (cost=39.11..39.12 rows=1 width=8)
	  ->  Index Scan using sbtest2_pkey on sbtest2  (cost=0.43..39.09 rows=10 width=4)
	        Index Cond: ((id >= 3575576) AND (id <= 3575585))

table 3 : explain SELECT SUM(k) FROM sbtest3 WHERE id BETWEEN 3486272 AND 3486281
	Aggregate  (cost=39.32..39.33 rows=1 width=8)
	  ->  Index Scan using sbtest3_pkey on sbtest3  (cost=0.43..39.29 rows=10 width=4)
	        Index Cond: ((id >= 3486272) AND (id <= 3486281))

table 4 : explain SELECT SUM(k) FROM sbtest4 WHERE id BETWEEN 3680308 AND 3680317
	Aggregate  (cost=35.89..35.90 rows=1 width=8)
	  ->  Index Scan using sbtest4_pkey on sbtest4  (cost=0.43..35.87 rows=9 width=4)
	        Index Cond: ((id >= 3680308) AND (id <= 3680317))

table 5 : explain SELECT SUM(k) FROM sbtest5 WHERE id BETWEEN 493400 AND 493409
	Aggregate  (cost=39.23..39.24 rows=1 width=8)
	  ->  Index Scan using sbtest5_pkey on sbtest5  (cost=0.43..39.21 rows=10 width=4)
	        Index Cond: ((id >= 493400) AND (id <= 493409))

table 6 : explain SELECT SUM(k) FROM sbtest6 WHERE id BETWEEN 649496 AND 649505
	Aggregate  (cost=39.03..39.04 rows=1 width=8)
	  ->  Index Scan using sbtest6_pkey on sbtest6  (cost=0.43..39.00 rows=10 width=4)
	        Index Cond: ((id >= 649496) AND (id <= 649505))

table 7 : explain SELECT SUM(k) FROM sbtest7 WHERE id BETWEEN 9035535 AND 9035544
	Aggregate  (cost=39.25..39.26 rows=1 width=8)
	  ->  Index Scan using sbtest7_pkey on sbtest7  (cost=0.43..39.22 rows=10 width=4)
	        Index Cond: ((id >= 9035535) AND (id <= 9035544))

table 8 : explain SELECT SUM(k) FROM sbtest8 WHERE id BETWEEN 4157626 AND 4157635
	Aggregate  (cost=35.80..35.81 rows=1 width=8)
	  ->  Index Scan using sbtest8_pkey on sbtest8  (cost=0.43..35.78 rows=9 width=4)
	        Index Cond: ((id >= 4157626) AND (id <= 4157635))
explain: for index_updates :: explain UPDATE sbtest%u SET k=k+1 WHERE id=%u

explain: for inserts :: explain INSERT INTO sbtest%u (id, k, c, pad) VALUES (%u, 13, 'foobar', 'foobar')
for point_selects
table 1 : explain SELECT c FROM sbtest1 WHERE id=161469
	Index Scan using sbtest1_pkey on sbtest1  (cost=0.43..8.45 rows=1 width=121)
	  Index Cond: (id = 161469)

table 2 : explain SELECT c FROM sbtest2 WHERE id=5472243
	Index Scan using sbtest2_pkey on sbtest2  (cost=0.43..8.45 rows=1 width=121)
	  Index Cond: (id = 5472243)

table 3 : explain SELECT c FROM sbtest3 WHERE id=511089
	Index Scan using sbtest3_pkey on sbtest3  (cost=0.43..8.45 rows=1 width=121)
	  Index Cond: (id = 511089)

table 4 : explain SELECT c FROM sbtest4 WHERE id=1841455
	Index Scan using sbtest4_pkey on sbtest4  (cost=0.43..8.45 rows=1 width=121)
	  Index Cond: (id = 1841455)

table 5 : explain SELECT c FROM sbtest5 WHERE id=5054984
	Index Scan using sbtest5_pkey on sbtest5  (cost=0.43..8.45 rows=1 width=121)
	  Index Cond: (id = 5054984)

table 6 : explain SELECT c FROM sbtest6 WHERE id=1224551
	Index Scan using sbtest6_pkey on sbtest6  (cost=0.43..8.45 rows=1 width=121)
	  Index Cond: (id = 1224551)

table 7 : explain SELECT c FROM sbtest7 WHERE id=6328771
	Index Scan using sbtest7_pkey on sbtest7  (cost=0.43..8.45 rows=1 width=121)
	  Index Cond: (id = 6328771)

table 8 : explain SELECT c FROM sbtest8 WHERE id=9343075
	Index Scan using sbtest8_pkey on sbtest8  (cost=0.43..8.45 rows=1 width=121)
	  Index Cond: (id = 9343075)

for deletes
table 1 : explain DELETE FROM sbtest1 WHERE id=3286557
	Delete on sbtest1  (cost=0.43..8.45 rows=1 width=6)
	  ->  Index Scan using sbtest1_pkey on sbtest1  (cost=0.43..8.45 rows=1 width=6)
	        Index Cond: (id = 3286557)

table 2 : explain DELETE FROM sbtest2 WHERE id=8681366
	Delete on sbtest2  (cost=0.43..8.45 rows=1 width=6)
	  ->  Index Scan using sbtest2_pkey on sbtest2  (cost=0.43..8.45 rows=1 width=6)
	        Index Cond: (id = 8681366)

table 3 : explain DELETE FROM sbtest3 WHERE id=8251612
	Delete on sbtest3  (cost=0.43..8.45 rows=1 width=6)
	  ->  Index Scan using sbtest3_pkey on sbtest3  (cost=0.43..8.45 rows=1 width=6)
	        Index Cond: (id = 8251612)

table 4 : explain DELETE FROM sbtest4 WHERE id=4821546
	Delete on sbtest4  (cost=0.43..8.45 rows=1 width=6)
	  ->  Index Scan using sbtest4_pkey on sbtest4  (cost=0.43..8.45 rows=1 width=6)
	        Index Cond: (id = 4821546)

table 5 : explain DELETE FROM sbtest5 WHERE id=7749448
	Delete on sbtest5  (cost=0.43..8.45 rows=1 width=6)
	  ->  Index Scan using sbtest5_pkey on sbtest5  (cost=0.43..8.45 rows=1 width=6)
	        Index Cond: (id = 7749448)

table 6 : explain DELETE FROM sbtest6 WHERE id=72058
	Delete on sbtest6  (cost=0.43..8.45 rows=1 width=6)
	  ->  Index Scan using sbtest6_pkey on sbtest6  (cost=0.43..8.45 rows=1 width=6)
	        Index Cond: (id = 72058)

table 7 : explain DELETE FROM sbtest7 WHERE id=2017120
	Delete on sbtest7  (cost=0.43..8.45 rows=1 width=6)
	  ->  Index Scan using sbtest7_pkey on sbtest7  (cost=0.43..8.45 rows=1 width=6)
	        Index Cond: (id = 2017120)

table 8 : explain DELETE FROM sbtest8 WHERE id=2941096
	Delete on sbtest8  (cost=0.43..8.45 rows=1 width=6)
	  ->  Index Scan using sbtest8_pkey on sbtest8  (cost=0.43..8.45 rows=1 width=6)
	        Index Cond: (id = 2941096)

for: simple_ranges
table 1 : explain SELECT c FROM sbtest1 WHERE id BETWEEN 5937573 AND 5937582
	Index Scan using sbtest1_pkey on sbtest1  (cost=0.43..35.60 rows=9 width=121)
	  Index Cond: ((id >= 5937573) AND (id <= 5937582))

table 2 : explain SELECT c FROM sbtest2 WHERE id BETWEEN 8096910 AND 8096919
	Index Scan using sbtest2_pkey on sbtest2  (cost=0.43..39.09 rows=10 width=121)
	  Index Cond: ((id >= 8096910) AND (id <= 8096919))

table 3 : explain SELECT c FROM sbtest3 WHERE id BETWEEN 2985729 AND 2985738
	Index Scan using sbtest3_pkey on sbtest3  (cost=0.43..39.29 rows=10 width=121)
	  Index Cond: ((id >= 2985729) AND (id <= 2985738))

table 4 : explain SELECT c FROM sbtest4 WHERE id BETWEEN 8496690 AND 8496699
	Index Scan using sbtest4_pkey on sbtest4  (cost=0.43..39.29 rows=10 width=121)
	  Index Cond: ((id >= 8496690) AND (id <= 8496699))

table 5 : explain SELECT c FROM sbtest5 WHERE id BETWEEN 8284652 AND 8284661
	Index Scan using sbtest5_pkey on sbtest5  (cost=0.43..39.21 rows=10 width=121)
	  Index Cond: ((id >= 8284652) AND (id <= 8284661))

table 6 : explain SELECT c FROM sbtest6 WHERE id BETWEEN 9025244 AND 9025253
	Index Scan using sbtest6_pkey on sbtest6  (cost=0.43..39.00 rows=10 width=121)
	  Index Cond: ((id >= 9025244) AND (id <= 9025253))

table 7 : explain SELECT c FROM sbtest7 WHERE id BETWEEN 6715421 AND 6715430
	Index Scan using sbtest7_pkey on sbtest7  (cost=0.43..39.22 rows=10 width=121)
	  Index Cond: ((id >= 6715421) AND (id <= 6715430))

table 8 : explain SELECT c FROM sbtest8 WHERE id BETWEEN 3876505 AND 3876514
	Index Scan using sbtest8_pkey on sbtest8  (cost=0.43..39.19 rows=10 width=121)
	  Index Cond: ((id >= 3876505) AND (id <= 3876514))

for: sum_ranges
table 1 : explain SELECT SUM(k) FROM sbtest1 WHERE id BETWEEN 126648 AND 126657
	Aggregate  (cost=39.01..39.02 rows=1 width=8)
	  ->  Index Scan using sbtest1_pkey on sbtest1  (cost=0.43..38.99 rows=10 width=4)
	        Index Cond: ((id >= 126648) AND (id <= 126657))

table 2 : explain SELECT SUM(k) FROM sbtest2 WHERE id BETWEEN 4495213 AND 4495222
	Aggregate  (cost=39.11..39.12 rows=1 width=8)
	  ->  Index Scan using sbtest2_pkey on sbtest2  (cost=0.43..39.09 rows=10 width=4)
	        Index Cond: ((id >= 4495213) AND (id <= 4495222))

table 3 : explain SELECT SUM(k) FROM sbtest3 WHERE id BETWEEN 5270411 AND 5270420
	Aggregate  (cost=39.32..39.33 rows=1 width=8)
	  ->  Index Scan using sbtest3_pkey on sbtest3  (cost=0.43..39.29 rows=10 width=4)
	        Index Cond: ((id >= 5270411) AND (id <= 5270420))

table 4 : explain SELECT SUM(k) FROM sbtest4 WHERE id BETWEEN 5837215 AND 5837224
	Aggregate  (cost=39.32..39.33 rows=1 width=8)
	  ->  Index Scan using sbtest4_pkey on sbtest4  (cost=0.43..39.29 rows=10 width=4)
	        Index Cond: ((id >= 5837215) AND (id <= 5837224))

table 5 : explain SELECT SUM(k) FROM sbtest5 WHERE id BETWEEN 6892197 AND 6892206
	Aggregate  (cost=39.23..39.24 rows=1 width=8)
	  ->  Index Scan using sbtest5_pkey on sbtest5  (cost=0.43..39.21 rows=10 width=4)
	        Index Cond: ((id >= 6892197) AND (id <= 6892206))

table 6 : explain SELECT SUM(k) FROM sbtest6 WHERE id BETWEEN 1984532 AND 1984541
	Aggregate  (cost=39.03..39.04 rows=1 width=8)
	  ->  Index Scan using sbtest6_pkey on sbtest6  (cost=0.43..39.00 rows=10 width=4)
	        Index Cond: ((id >= 1984532) AND (id <= 1984541))

table 7 : explain SELECT SUM(k) FROM sbtest7 WHERE id BETWEEN 1579261 AND 1579270
	Aggregate  (cost=35.83..35.84 rows=1 width=8)
	  ->  Index Scan using sbtest7_pkey on sbtest7  (cost=0.43..35.81 rows=9 width=4)
	        Index Cond: ((id >= 1579261) AND (id <= 1579270))

table 8 : explain SELECT SUM(k) FROM sbtest8 WHERE id BETWEEN 2837331 AND 2837340
	Aggregate  (cost=42.64..42.65 rows=1 width=8)
	  ->  Index Scan using sbtest8_pkey on sbtest8  (cost=0.43..42.61 rows=11 width=4)
	        Index Cond: ((id >= 2837331) AND (id <= 2837340))

for: sum_ranges
table 1 : explain SELECT SUM(k) FROM sbtest1 WHERE id BETWEEN 3597343 AND 3597352
	Aggregate  (cost=39.01..39.02 rows=1 width=8)
	  ->  Index Scan using sbtest1_pkey on sbtest1  (cost=0.43..38.99 rows=10 width=4)
	        Index Cond: ((id >= 3597343) AND (id <= 3597352))

table 2 : explain SELECT SUM(k) FROM sbtest2 WHERE id BETWEEN 9728251 AND 9728260
	Aggregate  (cost=35.71..35.72 rows=1 width=8)
	  ->  Index Scan using sbtest2_pkey on sbtest2  (cost=0.43..35.68 rows=9 width=4)
	        Index Cond: ((id >= 9728251) AND (id <= 9728260))

table 3 : explain SELECT SUM(k) FROM sbtest3 WHERE id BETWEEN 3562768 AND 3562777
	Aggregate  (cost=39.32..39.33 rows=1 width=8)
	  ->  Index Scan using sbtest3_pkey on sbtest3  (cost=0.43..39.29 rows=10 width=4)
	        Index Cond: ((id >= 3562768) AND (id <= 3562777))

table 4 : explain SELECT SUM(k) FROM sbtest4 WHERE id BETWEEN 3167302 AND 3167311
	Aggregate  (cost=35.89..35.90 rows=1 width=8)
	  ->  Index Scan using sbtest4_pkey on sbtest4  (cost=0.43..35.87 rows=9 width=4)
	        Index Cond: ((id >= 3167302) AND (id <= 3167311))

table 5 : explain SELECT SUM(k) FROM sbtest5 WHERE id BETWEEN 3930748 AND 3930757
	Aggregate  (cost=39.23..39.24 rows=1 width=8)
	  ->  Index Scan using sbtest5_pkey on sbtest5  (cost=0.43..39.21 rows=10 width=4)
	        Index Cond: ((id >= 3930748) AND (id <= 3930757))

table 6 : explain SELECT SUM(k) FROM sbtest6 WHERE id BETWEEN 2651945 AND 2651954
	Aggregate  (cost=39.03..39.04 rows=1 width=8)
	  ->  Index Scan using sbtest6_pkey on sbtest6  (cost=0.43..39.00 rows=10 width=4)
	        Index Cond: ((id >= 2651945) AND (id <= 2651954))

table 7 : explain SELECT SUM(k) FROM sbtest7 WHERE id BETWEEN 8757543 AND 8757552
	Aggregate  (cost=42.67..42.68 rows=1 width=8)
	  ->  Index Scan using sbtest7_pkey on sbtest7  (cost=0.43..42.64 rows=11 width=4)
	        Index Cond: ((id >= 8757543) AND (id <= 8757552))

table 8 : explain SELECT SUM(k) FROM sbtest8 WHERE id BETWEEN 7977258 AND 7977267
	Aggregate  (cost=39.22..39.23 rows=1 width=8)
	  ->  Index Scan using sbtest8_pkey on sbtest8  (cost=0.43..39.19 rows=10 width=4)
	        Index Cond: ((id >= 7977258) AND (id <= 7977267))

for: sum_ranges
table 1 : explain SELECT SUM(k) FROM sbtest1 WHERE id BETWEEN 6973945 AND 6973954
	Aggregate  (cost=39.01..39.02 rows=1 width=8)
	  ->  Index Scan using sbtest1_pkey on sbtest1  (cost=0.43..38.99 rows=10 width=4)
	        Index Cond: ((id >= 6973945) AND (id <= 6973954))

table 2 : explain SELECT SUM(k) FROM sbtest2 WHERE id BETWEEN 1473513 AND 1473522
	Aggregate  (cost=39.11..39.12 rows=1 width=8)
	  ->  Index Scan using sbtest2_pkey on sbtest2  (cost=0.43..39.09 rows=10 width=4)
	        Index Cond: ((id >= 1473513) AND (id <= 1473522))

table 3 : explain SELECT SUM(k) FROM sbtest3 WHERE id BETWEEN 7337272 AND 7337281
	Aggregate  (cost=39.32..39.33 rows=1 width=8)
	  ->  Index Scan using sbtest3_pkey on sbtest3  (cost=0.43..39.29 rows=10 width=4)
	        Index Cond: ((id >= 7337272) AND (id <= 7337281))

table 4 : explain SELECT SUM(k) FROM sbtest4 WHERE id BETWEEN 6092831 AND 6092840
	Aggregate  (cost=39.32..39.33 rows=1 width=8)
	  ->  Index Scan using sbtest4_pkey on sbtest4  (cost=0.43..39.29 rows=10 width=4)
	        Index Cond: ((id >= 6092831) AND (id <= 6092840))

table 5 : explain SELECT SUM(k) FROM sbtest5 WHERE id BETWEEN 3969265 AND 3969274
	Aggregate  (cost=39.23..39.24 rows=1 width=8)
	  ->  Index Scan using sbtest5_pkey on sbtest5  (cost=0.43..39.21 rows=10 width=4)
	        Index Cond: ((id >= 3969265) AND (id <= 3969274))

table 6 : explain SELECT SUM(k) FROM sbtest6 WHERE id BETWEEN 4529382 AND 4529391
	Aggregate  (cost=35.63..35.64 rows=1 width=8)
	  ->  Index Scan using sbtest6_pkey on sbtest6  (cost=0.43..35.61 rows=9 width=4)
	        Index Cond: ((id >= 4529382) AND (id <= 4529391))

table 7 : explain SELECT SUM(k) FROM sbtest7 WHERE id BETWEEN 844223 AND 844232
	Aggregate  (cost=39.25..39.26 rows=1 width=8)
	  ->  Index Scan using sbtest7_pkey on sbtest7  (cost=0.43..39.22 rows=10 width=4)
	        Index Cond: ((id >= 844223) AND (id <= 844232))

table 8 : explain SELECT SUM(k) FROM sbtest8 WHERE id BETWEEN 2490436 AND 2490445
	Aggregate  (cost=39.22..39.23 rows=1 width=8)
	  ->  Index Scan using sbtest8_pkey on sbtest8  (cost=0.43..39.19 rows=10 width=4)
	        Index Cond: ((id >= 2490436) AND (id <= 2490445))

for: sum_ranges
table 1 : explain SELECT SUM(k) FROM sbtest1 WHERE id BETWEEN 2397376 AND 2397385
	Aggregate  (cost=39.01..39.02 rows=1 width=8)
	  ->  Index Scan using sbtest1_pkey on sbtest1  (cost=0.43..38.99 rows=10 width=4)
	        Index Cond: ((id >= 2397376) AND (id <= 2397385))

table 2 : explain SELECT SUM(k) FROM sbtest2 WHERE id BETWEEN 7314010 AND 7314019
	Aggregate  (cost=39.11..39.12 rows=1 width=8)
	  ->  Index Scan using sbtest2_pkey on sbtest2  (cost=0.43..39.09 rows=10 width=4)
	        Index Cond: ((id >= 7314010) AND (id <= 7314019))

table 3 : explain SELECT SUM(k) FROM sbtest3 WHERE id BETWEEN 5735958 AND 5735967
	Aggregate  (cost=42.75..42.76 rows=1 width=8)
	  ->  Index Scan using sbtest3_pkey on sbtest3  (cost=0.43..42.72 rows=11 width=4)
	        Index Cond: ((id >= 5735958) AND (id <= 5735967))

table 4 : explain SELECT SUM(k) FROM sbtest4 WHERE id BETWEEN 5201720 AND 5201729
	Aggregate  (cost=39.32..39.33 rows=1 width=8)
	  ->  Index Scan using sbtest4_pkey on sbtest4  (cost=0.43..39.29 rows=10 width=4)
	        Index Cond: ((id >= 5201720) AND (id <= 5201729))

table 5 : explain SELECT SUM(k) FROM sbtest5 WHERE id BETWEEN 4839573 AND 4839582
	Aggregate  (cost=39.23..39.24 rows=1 width=8)
	  ->  Index Scan using sbtest5_pkey on sbtest5  (cost=0.43..39.21 rows=10 width=4)
	        Index Cond: ((id >= 4839573) AND (id <= 4839582))

table 6 : explain SELECT SUM(k) FROM sbtest6 WHERE id BETWEEN 8343468 AND 8343477
	Aggregate  (cost=39.03..39.04 rows=1 width=8)
	  ->  Index Scan using sbtest6_pkey on sbtest6  (cost=0.43..39.00 rows=10 width=4)
	        Index Cond: ((id >= 8343468) AND (id <= 8343477))

table 7 : explain SELECT SUM(k) FROM sbtest7 WHERE id BETWEEN 9940359 AND 9940368
	Aggregate  (cost=39.25..39.26 rows=1 width=8)
	  ->  Index Scan using sbtest7_pkey on sbtest7  (cost=0.43..39.22 rows=10 width=4)
	        Index Cond: ((id >= 9940359) AND (id <= 9940368))

table 8 : explain SELECT SUM(k) FROM sbtest8 WHERE id BETWEEN 1892971 AND 1892980
	Aggregate  (cost=35.80..35.81 rows=1 width=8)
	  ->  Index Scan using sbtest8_pkey on sbtest8  (cost=0.43..35.78 rows=9 width=4)
	        Index Cond: ((id >= 1892971) AND (id <= 1892980))

for: sum_ranges
table 1 : explain SELECT SUM(k) FROM sbtest1 WHERE id BETWEEN 8508960 AND 8508969
	Aggregate  (cost=39.01..39.02 rows=1 width=8)
	  ->  Index Scan using sbtest1_pkey on sbtest1  (cost=0.43..38.99 rows=10 width=4)
	        Index Cond: ((id >= 8508960) AND (id <= 8508969))

table 2 : explain SELECT SUM(k) FROM sbtest2 WHERE id BETWEEN 202063 AND 202072
	Aggregate  (cost=39.11..39.12 rows=1 width=8)
	  ->  Index Scan using sbtest2_pkey on sbtest2  (cost=0.43..39.09 rows=10 width=4)
	        Index Cond: ((id >= 202063) AND (id <= 202072))

table 3 : explain SELECT SUM(k) FROM sbtest3 WHERE id BETWEEN 7497159 AND 7497168
	Aggregate  (cost=39.32..39.33 rows=1 width=8)
	  ->  Index Scan using sbtest3_pkey on sbtest3  (cost=0.43..39.29 rows=10 width=4)
	        Index Cond: ((id >= 7497159) AND (id <= 7497168))

table 4 : explain SELECT SUM(k) FROM sbtest4 WHERE id BETWEEN 6326124 AND 6326133
	Aggregate  (cost=39.32..39.33 rows=1 width=8)
	  ->  Index Scan using sbtest4_pkey on sbtest4  (cost=0.43..39.29 rows=10 width=4)
	        Index Cond: ((id >= 6326124) AND (id <= 6326133))

table 5 : explain SELECT SUM(k) FROM sbtest5 WHERE id BETWEEN 5869096 AND 5869105
	Aggregate  (cost=42.65..42.66 rows=1 width=8)
	  ->  Index Scan using sbtest5_pkey on sbtest5  (cost=0.43..42.62 rows=11 width=4)
	        Index Cond: ((id >= 5869096) AND (id <= 5869105))

table 6 : explain SELECT SUM(k) FROM sbtest6 WHERE id BETWEEN 7711818 AND 7711827
	Aggregate  (cost=39.03..39.04 rows=1 width=8)
	  ->  Index Scan using sbtest6_pkey on sbtest6  (cost=0.43..39.00 rows=10 width=4)
	        Index Cond: ((id >= 7711818) AND (id <= 7711827))

table 7 : explain SELECT SUM(k) FROM sbtest7 WHERE id BETWEEN 7569406 AND 7569415
	Aggregate  (cost=39.25..39.26 rows=1 width=8)
	  ->  Index Scan using sbtest7_pkey on sbtest7  (cost=0.43..39.22 rows=10 width=4)
	        Index Cond: ((id >= 7569406) AND (id <= 7569415))

table 8 : explain SELECT SUM(k) FROM sbtest8 WHERE id BETWEEN 8025465 AND 8025474
	Aggregate  (cost=39.22..39.23 rows=1 width=8)
	  ->  Index Scan using sbtest8_pkey on sbtest8  (cost=0.43..39.19 rows=10 width=4)
	        Index Cond: ((id >= 8025465) AND (id <= 8025474))

for inserts
table 1 : explain INSERT INTO sbtest1 (id, k, c, pad) VALUES (6663821, 13, 'foobar', 'foobar')
	Insert on sbtest1  (cost=0.00..0.01 rows=1 width=736)
	  ->  Result  (cost=0.00..0.01 rows=1 width=736)

table 2 : explain INSERT INTO sbtest2 (id, k, c, pad) VALUES (3785777, 13, 'foobar', 'foobar')
	Insert on sbtest2  (cost=0.00..0.01 rows=1 width=736)
	  ->  Result  (cost=0.00..0.01 rows=1 width=736)

table 3 : explain INSERT INTO sbtest3 (id, k, c, pad) VALUES (3441440, 13, 'foobar', 'foobar')
	Insert on sbtest3  (cost=0.00..0.01 rows=1 width=736)
	  ->  Result  (cost=0.00..0.01 rows=1 width=736)

table 4 : explain INSERT INTO sbtest4 (id, k, c, pad) VALUES (6395012, 13, 'foobar', 'foobar')
	Insert on sbtest4  (cost=0.00..0.01 rows=1 width=736)
	  ->  Result  (cost=0.00..0.01 rows=1 width=736)

table 5 : explain INSERT INTO sbtest5 (id, k, c, pad) VALUES (5554309, 13, 'foobar', 'foobar')
	Insert on sbtest5  (cost=0.00..0.01 rows=1 width=736)
	  ->  Result  (cost=0.00..0.01 rows=1 width=736)

table 6 : explain INSERT INTO sbtest6 (id, k, c, pad) VALUES (5948029, 13, 'foobar', 'foobar')
	Insert on sbtest6  (cost=0.00..0.01 rows=1 width=736)
	  ->  Result  (cost=0.00..0.01 rows=1 width=736)

table 7 : explain INSERT INTO sbtest7 (id, k, c, pad) VALUES (6303240, 13, 'foobar', 'foobar')
	Insert on sbtest7  (cost=0.00..0.01 rows=1 width=736)
	  ->  Result  (cost=0.00..0.01 rows=1 width=736)

table 8 : explain INSERT INTO sbtest8 (id, k, c, pad) VALUES (5500660, 13, 'foobar', 'foobar')
	Insert on sbtest8  (cost=0.00..0.01 rows=1 width=736)
	  ->  Result  (cost=0.00..0.01 rows=1 width=736)

for: sum_ranges
table 1 : explain SELECT SUM(k) FROM sbtest1 WHERE id BETWEEN 3743917 AND 3743926
	Aggregate  (cost=39.01..39.02 rows=1 width=8)
	  ->  Index Scan using sbtest1_pkey on sbtest1  (cost=0.43..38.99 rows=10 width=4)
	        Index Cond: ((id >= 3743917) AND (id <= 3743926))

table 2 : explain SELECT SUM(k) FROM sbtest2 WHERE id BETWEEN 2000834 AND 2000843
	Aggregate  (cost=39.11..39.12 rows=1 width=8)
	  ->  Index Scan using sbtest2_pkey on sbtest2  (cost=0.43..39.09 rows=10 width=4)
	        Index Cond: ((id >= 2000834) AND (id <= 2000843))

table 3 : explain SELECT SUM(k) FROM sbtest3 WHERE id BETWEEN 2571327 AND 2571336
	Aggregate  (cost=39.32..39.33 rows=1 width=8)
	  ->  Index Scan using sbtest3_pkey on sbtest3  (cost=0.43..39.29 rows=10 width=4)
	        Index Cond: ((id >= 2571327) AND (id <= 2571336))

table 4 : explain SELECT SUM(k) FROM sbtest4 WHERE id BETWEEN 3620186 AND 3620195
	Aggregate  (cost=35.89..35.90 rows=1 width=8)
	  ->  Index Scan using sbtest4_pkey on sbtest4  (cost=0.43..35.87 rows=9 width=4)
	        Index Cond: ((id >= 3620186) AND (id <= 3620195))

table 5 : explain SELECT SUM(k) FROM sbtest5 WHERE id BETWEEN 2448236 AND 2448245
	Aggregate  (cost=35.81..35.82 rows=1 width=8)
	  ->  Index Scan using sbtest5_pkey on sbtest5  (cost=0.43..35.79 rows=9 width=4)
	        Index Cond: ((id >= 2448236) AND (id <= 2448245))

table 6 : explain SELECT SUM(k) FROM sbtest6 WHERE id BETWEEN 9979258 AND 9979267
	Aggregate  (cost=39.03..39.04 rows=1 width=8)
	  ->  Index Scan using sbtest6_pkey on sbtest6  (cost=0.43..39.00 rows=10 width=4)
	        Index Cond: ((id >= 9979258) AND (id <= 9979267))

table 7 : explain SELECT SUM(k) FROM sbtest7 WHERE id BETWEEN 2250907 AND 2250916
	Aggregate  (cost=39.25..39.26 rows=1 width=8)
	  ->  Index Scan using sbtest7_pkey on sbtest7  (cost=0.43..39.22 rows=10 width=4)
	        Index Cond: ((id >= 2250907) AND (id <= 2250916))

table 8 : explain SELECT SUM(k) FROM sbtest8 WHERE id BETWEEN 1474854 AND 1474863
	Aggregate  (cost=35.80..35.81 rows=1 width=8)
	  ->  Index Scan using sbtest8_pkey on sbtest8  (cost=0.43..35.78 rows=9 width=4)
	        Index Cond: ((id >= 1474854) AND (id <= 1474863))

for: sum_ranges
table 1 : explain SELECT SUM(k) FROM sbtest1 WHERE id BETWEEN 9823351 AND 9823360
	Aggregate  (cost=39.01..39.02 rows=1 width=8)
	  ->  Index Scan using sbtest1_pkey on sbtest1  (cost=0.43..38.99 rows=10 width=4)
	        Index Cond: ((id >= 9823351) AND (id <= 9823360))

table 2 : explain SELECT SUM(k) FROM sbtest2 WHERE id BETWEEN 643275 AND 643284
	Aggregate  (cost=39.11..39.12 rows=1 width=8)
	  ->  Index Scan using sbtest2_pkey on sbtest2  (cost=0.43..39.09 rows=10 width=4)
	        Index Cond: ((id >= 643275) AND (id <= 643284))

table 3 : explain SELECT SUM(k) FROM sbtest3 WHERE id BETWEEN 6188557 AND 6188566
	Aggregate  (cost=39.32..39.33 rows=1 width=8)
	  ->  Index Scan using sbtest3_pkey on sbtest3  (cost=0.43..39.29 rows=10 width=4)
	        Index Cond: ((id >= 6188557) AND (id <= 6188566))

table 4 : explain SELECT SUM(k) FROM sbtest4 WHERE id BETWEEN 6709926 AND 6709935
	Aggregate  (cost=39.32..39.33 rows=1 width=8)
	  ->  Index Scan using sbtest4_pkey on sbtest4  (cost=0.43..39.29 rows=10 width=4)
	        Index Cond: ((id >= 6709926) AND (id <= 6709935))

table 5 : explain SELECT SUM(k) FROM sbtest5 WHERE id BETWEEN 8689042 AND 8689051
	Aggregate  (cost=35.81..35.82 rows=1 width=8)
	  ->  Index Scan using sbtest5_pkey on sbtest5  (cost=0.43..35.79 rows=9 width=4)
	        Index Cond: ((id >= 8689042) AND (id <= 8689051))

table 6 : explain SELECT SUM(k) FROM sbtest6 WHERE id BETWEEN 1086451 AND 1086460
	Aggregate  (cost=39.03..39.04 rows=1 width=8)
	  ->  Index Scan using sbtest6_pkey on sbtest6  (cost=0.43..39.00 rows=10 width=4)
	        Index Cond: ((id >= 1086451) AND (id <= 1086460))

table 7 : explain SELECT SUM(k) FROM sbtest7 WHERE id BETWEEN 3594500 AND 3594509
	Aggregate  (cost=39.25..39.26 rows=1 width=8)
	  ->  Index Scan using sbtest7_pkey on sbtest7  (cost=0.43..39.22 rows=10 width=4)
	        Index Cond: ((id >= 3594500) AND (id <= 3594509))

table 8 : explain SELECT SUM(k) FROM sbtest8 WHERE id BETWEEN 3499676 AND 3499685
	Aggregate  (cost=39.22..39.23 rows=1 width=8)
	  ->  Index Scan using sbtest8_pkey on sbtest8  (cost=0.43..39.19 rows=10 width=4)
	        Index Cond: ((id >= 3499676) AND (id <= 3499685))

for: sum_ranges
table 1 : explain SELECT SUM(k) FROM sbtest1 WHERE id BETWEEN 856486 AND 856495
	Aggregate  (cost=39.01..39.02 rows=1 width=8)
	  ->  Index Scan using sbtest1_pkey on sbtest1  (cost=0.43..38.99 rows=10 width=4)
	        Index Cond: ((id >= 856486) AND (id <= 856495))

table 2 : explain SELECT SUM(k) FROM sbtest2 WHERE id BETWEEN 2403325 AND 2403334
	Aggregate  (cost=42.52..42.53 rows=1 width=8)
	  ->  Index Scan using sbtest2_pkey on sbtest2  (cost=0.43..42.49 rows=11 width=4)
	        Index Cond: ((id >= 2403325) AND (id <= 2403334))

table 3 : explain SELECT SUM(k) FROM sbtest3 WHERE id BETWEEN 3917472 AND 3917481
	Aggregate  (cost=39.32..39.33 rows=1 width=8)
	  ->  Index Scan using sbtest3_pkey on sbtest3  (cost=0.43..39.29 rows=10 width=4)
	        Index Cond: ((id >= 3917472) AND (id <= 3917481))

table 4 : explain SELECT SUM(k) FROM sbtest4 WHERE id BETWEEN 7126483 AND 7126492
	Aggregate  (cost=35.89..35.90 rows=1 width=8)
	  ->  Index Scan using sbtest4_pkey on sbtest4  (cost=0.43..35.87 rows=9 width=4)
	        Index Cond: ((id >= 7126483) AND (id <= 7126492))

table 5 : explain SELECT SUM(k) FROM sbtest5 WHERE id BETWEEN 9875932 AND 9875941
	Aggregate  (cost=42.65..42.66 rows=1 width=8)
	  ->  Index Scan using sbtest5_pkey on sbtest5  (cost=0.43..42.62 rows=11 width=4)
	        Index Cond: ((id >= 9875932) AND (id <= 9875941))

table 6 : explain SELECT SUM(k) FROM sbtest6 WHERE id BETWEEN 7042738 AND 7042747
	Aggregate  (cost=39.03..39.04 rows=1 width=8)
	  ->  Index Scan using sbtest6_pkey on sbtest6  (cost=0.43..39.00 rows=10 width=4)
	        Index Cond: ((id >= 7042738) AND (id <= 7042747))

table 7 : explain SELECT SUM(k) FROM sbtest7 WHERE id BETWEEN 5091010 AND 5091019
	Aggregate  (cost=39.25..39.26 rows=1 width=8)
	  ->  Index Scan using sbtest7_pkey on sbtest7  (cost=0.43..39.22 rows=10 width=4)
	        Index Cond: ((id >= 5091010) AND (id <= 5091019))

table 8 : explain SELECT SUM(k) FROM sbtest8 WHERE id BETWEEN 5113159 AND 5113168
	Aggregate  (cost=39.22..39.23 rows=1 width=8)
	  ->  Index Scan using sbtest8_pkey on sbtest8  (cost=0.43..39.19 rows=10 width=4)
	        Index Cond: ((id >= 5113159) AND (id <= 5113168))

explain: for point_selects :: explain SELECT c FROM sbtest%u WHERE id=%u
for: order_ranges
table 1 : explain SELECT c FROM sbtest1 WHERE id BETWEEN 198303 AND 198312 ORDER BY c
	Sort  (cost=39.15..39.18 rows=10 width=121)
	  Sort Key: c
	  ->  Index Scan using sbtest1_pkey on sbtest1  (cost=0.43..38.99 rows=10 width=121)
	        Index Cond: ((id >= 198303) AND (id <= 198312))

table 2 : explain SELECT c FROM sbtest2 WHERE id BETWEEN 6759865 AND 6759874 ORDER BY c
	Sort  (cost=39.25..39.28 rows=10 width=121)
	  Sort Key: c
	  ->  Index Scan using sbtest2_pkey on sbtest2  (cost=0.43..39.09 rows=10 width=121)
	        Index Cond: ((id >= 6759865) AND (id <= 6759874))

table 3 : explain SELECT c FROM sbtest3 WHERE id BETWEEN 5389656 AND 5389665 ORDER BY c
	Sort  (cost=42.91..42.94 rows=11 width=121)
	  Sort Key: c
	  ->  Index Scan using sbtest3_pkey on sbtest3  (cost=0.43..42.72 rows=11 width=121)
	        Index Cond: ((id >= 5389656) AND (id <= 5389665))

table 4 : explain SELECT c FROM sbtest4 WHERE id BETWEEN 6660696 AND 6660705 ORDER BY c
	Sort  (cost=39.46..39.49 rows=10 width=121)
	  Sort Key: c
	  ->  Index Scan using sbtest4_pkey on sbtest4  (cost=0.43..39.29 rows=10 width=121)
	        Index Cond: ((id >= 6660696) AND (id <= 6660705))

table 5 : explain SELECT c FROM sbtest5 WHERE id BETWEEN 4024535 AND 4024544 ORDER BY c
	Sort  (cost=39.37..39.40 rows=10 width=121)
	  Sort Key: c
	  ->  Index Scan using sbtest5_pkey on sbtest5  (cost=0.43..39.21 rows=10 width=121)
	        Index Cond: ((id >= 4024535) AND (id <= 4024544))

table 6 : explain SELECT c FROM sbtest6 WHERE id BETWEEN 3397563 AND 3397572 ORDER BY c
	Sort  (cost=35.75..35.78 rows=9 width=121)
	  Sort Key: c
	  ->  Index Scan using sbtest6_pkey on sbtest6  (cost=0.43..35.61 rows=9 width=121)
	        Index Cond: ((id >= 3397563) AND (id <= 3397572))

table 7 : explain SELECT c FROM sbtest7 WHERE id BETWEEN 3704294 AND 3704303 ORDER BY c
	Sort  (cost=39.39..39.42 rows=10 width=121)
	  Sort Key: c
	  ->  Index Scan using sbtest7_pkey on sbtest7  (cost=0.43..39.22 rows=10 width=121)
	        Index Cond: ((id >= 3704294) AND (id <= 3704303))

table 8 : explain SELECT c FROM sbtest8 WHERE id BETWEEN 9195126 AND 9195135 ORDER BY c
	Sort  (cost=39.36..39.38 rows=10 width=121)
	  Sort Key: c
	  ->  Index Scan using sbtest8_pkey on sbtest8  (cost=0.43..39.19 rows=10 width=121)
	        Index Cond: ((id >= 9195126) AND (id <= 9195135))

for: order_ranges
table 1 : explain SELECT c FROM sbtest1 WHERE id BETWEEN 3009730 AND 3009739 ORDER BY c
	Sort  (cost=35.74..35.76 rows=9 width=121)
	  Sort Key: c
	  ->  Index Scan using sbtest1_pkey on sbtest1  (cost=0.43..35.60 rows=9 width=121)
	        Index Cond: ((id >= 3009730) AND (id <= 3009739))

table 2 : explain SELECT c FROM sbtest2 WHERE id BETWEEN 2828127 AND 2828136 ORDER BY c
	Sort  (cost=39.25..39.28 rows=10 width=121)
	  Sort Key: c
	  ->  Index Scan using sbtest2_pkey on sbtest2  (cost=0.43..39.09 rows=10 width=121)
	        Index Cond: ((id >= 2828127) AND (id <= 2828136))

table 3 : explain SELECT c FROM sbtest3 WHERE id BETWEEN 1332476 AND 1332485 ORDER BY c
	Sort  (cost=42.91..42.94 rows=11 width=121)
	  Sort Key: c
	  ->  Index Scan using sbtest3_pkey on sbtest3  (cost=0.43..42.72 rows=11 width=121)
	        Index Cond: ((id >= 1332476) AND (id <= 1332485))

table 4 : explain SELECT c FROM sbtest4 WHERE id BETWEEN 790905 AND 790914 ORDER BY c
	Sort  (cost=39.46..39.49 rows=10 width=121)
	  Sort Key: c
	  ->  Index Scan using sbtest4_pkey on sbtest4  (cost=0.43..39.29 rows=10 width=121)
	        Index Cond: ((id >= 790905) AND (id <= 790914))

table 5 : explain SELECT c FROM sbtest5 WHERE id BETWEEN 6856592 AND 6856601 ORDER BY c
	Sort  (cost=39.37..39.40 rows=10 width=121)
	  Sort Key: c
	  ->  Index Scan using sbtest5_pkey on sbtest5  (cost=0.43..39.21 rows=10 width=121)
	        Index Cond: ((id >= 6856592) AND (id <= 6856601))

table 6 : explain SELECT c FROM sbtest6 WHERE id BETWEEN 9549399 AND 9549408 ORDER BY c
	Sort  (cost=42.59..42.62 rows=11 width=121)
	  Sort Key: c
	  ->  Index Scan using sbtest6_pkey on sbtest6  (cost=0.43..42.40 rows=11 width=121)
	        Index Cond: ((id >= 9549399) AND (id <= 9549408))

table 7 : explain SELECT c FROM sbtest7 WHERE id BETWEEN 9220517 AND 9220526 ORDER BY c
	Sort  (cost=42.83..42.86 rows=11 width=121)
	  Sort Key: c
	  ->  Index Scan using sbtest7_pkey on sbtest7  (cost=0.43..42.64 rows=11 width=121)
	        Index Cond: ((id >= 9220517) AND (id <= 9220526))

table 8 : explain SELECT c FROM sbtest8 WHERE id BETWEEN 3392595 AND 3392604 ORDER BY c
	Sort  (cost=39.36..39.38 rows=10 width=121)
	  Sort Key: c
	  ->  Index Scan using sbtest8_pkey on sbtest8  (cost=0.43..39.19 rows=10 width=121)
	        Index Cond: ((id >= 3392595) AND (id <= 3392604))

for: order_ranges
table 1 : explain SELECT c FROM sbtest1 WHERE id BETWEEN 4314875 AND 4314884 ORDER BY c
	Sort  (cost=39.15..39.18 rows=10 width=121)
	  Sort Key: c
	  ->  Index Scan using sbtest1_pkey on sbtest1  (cost=0.43..38.99 rows=10 width=121)
	        Index Cond: ((id >= 4314875) AND (id <= 4314884))

table 2 : explain SELECT c FROM sbtest2 WHERE id BETWEEN 7432589 AND 7432598 ORDER BY c
	Sort  (cost=39.25..39.28 rows=10 width=121)
	  Sort Key: c
	  ->  Index Scan using sbtest2_pkey on sbtest2  (cost=0.43..39.09 rows=10 width=121)
	        Index Cond: ((id >= 7432589) AND (id <= 7432598))

table 3 : explain SELECT c FROM sbtest3 WHERE id BETWEEN 7210335 AND 7210344 ORDER BY c
	Sort  (cost=42.91..42.94 rows=11 width=121)
	  Sort Key: c
	  ->  Index Scan using sbtest3_pkey on sbtest3  (cost=0.43..42.72 rows=11 width=121)
	        Index Cond: ((id >= 7210335) AND (id <= 7210344))

table 4 : explain SELECT c FROM sbtest4 WHERE id BETWEEN 3679779 AND 3679788 ORDER BY c
	Sort  (cost=36.01..36.03 rows=9 width=121)
	  Sort Key: c
	  ->  Index Scan using sbtest4_pkey on sbtest4  (cost=0.43..35.87 rows=9 width=121)
	        Index Cond: ((id >= 3679779) AND (id <= 3679788))

table 5 : explain SELECT c FROM sbtest5 WHERE id BETWEEN 9512750 AND 9512759 ORDER BY c
	Sort  (cost=39.37..39.40 rows=10 width=121)
	  Sort Key: c
	  ->  Index Scan using sbtest5_pkey on sbtest5  (cost=0.43..39.21 rows=10 width=121)
	        Index Cond: ((id >= 9512750) AND (id <= 9512759))

table 6 : explain SELECT c FROM sbtest6 WHERE id BETWEEN 9538522 AND 9538531 ORDER BY c
	Sort  (cost=42.59..42.62 rows=11 width=121)
	  Sort Key: c
	  ->  Index Scan using sbtest6_pkey on sbtest6  (cost=0.43..42.40 rows=11 width=121)
	        Index Cond: ((id >= 9538522) AND (id <= 9538531))

table 7 : explain SELECT c FROM sbtest7 WHERE id BETWEEN 3602804 AND 3602813 ORDER BY c
	Sort  (cost=39.39..39.42 rows=10 width=121)
	  Sort Key: c
	  ->  Index Scan using sbtest7_pkey on sbtest7  (cost=0.43..39.22 rows=10 width=121)
	        Index Cond: ((id >= 3602804) AND (id <= 3602813))

table 8 : explain SELECT c FROM sbtest8 WHERE id BETWEEN 8277671 AND 8277680 ORDER BY c
	Sort  (cost=35.92..35.94 rows=9 width=121)
	  Sort Key: c
	  ->  Index Scan using sbtest8_pkey on sbtest8  (cost=0.43..35.78 rows=9 width=121)
	        Index Cond: ((id >= 8277671) AND (id <= 8277680))

explain: for inserts :: explain INSERT INTO sbtest%u (id, k, c, pad) VALUES (%u, 13, 'foobar', 'foobar')
for: simple_ranges
table 1 : explain SELECT c FROM sbtest1 WHERE id BETWEEN 7365516 AND 7365525
	Index Scan using sbtest1_pkey on sbtest1  (cost=0.43..35.60 rows=9 width=121)
	  Index Cond: ((id >= 7365516) AND (id <= 7365525))

table 2 : explain SELECT c FROM sbtest2 WHERE id BETWEEN 9345645 AND 9345654
	Index Scan using sbtest2_pkey on sbtest2  (cost=0.43..35.68 rows=9 width=121)
	  Index Cond: ((id >= 9345645) AND (id <= 9345654))

table 3 : explain SELECT c FROM sbtest3 WHERE id BETWEEN 6127589 AND 6127598
	Index Scan using sbtest3_pkey on sbtest3  (cost=0.43..42.72 rows=11 width=121)
	  Index Cond: ((id >= 6127589) AND (id <= 6127598))

table 4 : explain SELECT c FROM sbtest4 WHERE id BETWEEN 7902540 AND 7902549
	Index Scan using sbtest4_pkey on sbtest4  (cost=0.43..39.29 rows=10 width=121)
	  Index Cond: ((id >= 7902540) AND (id <= 7902549))

table 5 : explain SELECT c FROM sbtest5 WHERE id BETWEEN 8960436 AND 8960445
	Index Scan using sbtest5_pkey on sbtest5  (cost=0.43..35.79 rows=9 width=121)
	  Index Cond: ((id >= 8960436) AND (id <= 8960445))

table 6 : explain SELECT c FROM sbtest6 WHERE id BETWEEN 9230959 AND 9230968
	Index Scan using sbtest6_pkey on sbtest6  (cost=0.43..39.00 rows=10 width=121)
	  Index Cond: ((id >= 9230959) AND (id <= 9230968))

table 7 : explain SELECT c FROM sbtest7 WHERE id BETWEEN 2303682 AND 2303691
	Index Scan using sbtest7_pkey on sbtest7  (cost=0.43..39.22 rows=10 width=121)
	  Index Cond: ((id >= 2303682) AND (id <= 2303691))

table 8 : explain SELECT c FROM sbtest8 WHERE id BETWEEN 8458801 AND 8458810
	Index Scan using sbtest8_pkey on sbtest8  (cost=0.43..39.19 rows=10 width=121)
	  Index Cond: ((id >= 8458801) AND (id <= 8458810))

for: sum_ranges
table 1 : explain SELECT SUM(k) FROM sbtest1 WHERE id BETWEEN 9862402 AND 9862411
	Aggregate  (cost=39.01..39.02 rows=1 width=8)
	  ->  Index Scan using sbtest1_pkey on sbtest1  (cost=0.43..38.99 rows=10 width=4)
	        Index Cond: ((id >= 9862402) AND (id <= 9862411))

table 2 : explain SELECT SUM(k) FROM sbtest2 WHERE id BETWEEN 4133284 AND 4133293
	Aggregate  (cost=39.11..39.12 rows=1 width=8)
	  ->  Index Scan using sbtest2_pkey on sbtest2  (cost=0.43..39.09 rows=10 width=4)
	        Index Cond: ((id >= 4133284) AND (id <= 4133293))

table 3 : explain SELECT SUM(k) FROM sbtest3 WHERE id BETWEEN 4432656 AND 4432665
	Aggregate  (cost=39.32..39.33 rows=1 width=8)
	  ->  Index Scan using sbtest3_pkey on sbtest3  (cost=0.43..39.29 rows=10 width=4)
	        Index Cond: ((id >= 4432656) AND (id <= 4432665))

table 4 : explain SELECT SUM(k) FROM sbtest4 WHERE id BETWEEN 964224 AND 964233
	Aggregate  (cost=39.32..39.33 rows=1 width=8)
	  ->  Index Scan using sbtest4_pkey on sbtest4  (cost=0.43..39.29 rows=10 width=4)
	        Index Cond: ((id >= 964224) AND (id <= 964233))

table 5 : explain SELECT SUM(k) FROM sbtest5 WHERE id BETWEEN 3029713 AND 3029722
	Aggregate  (cost=42.65..42.66 rows=1 width=8)
	  ->  Index Scan using sbtest5_pkey on sbtest5  (cost=0.43..42.62 rows=11 width=4)
	        Index Cond: ((id >= 3029713) AND (id <= 3029722))

table 6 : explain SELECT SUM(k) FROM sbtest6 WHERE id BETWEEN 793531 AND 793540
	Aggregate  (cost=39.03..39.04 rows=1 width=8)
	  ->  Index Scan using sbtest6_pkey on sbtest6  (cost=0.43..39.00 rows=10 width=4)
	        Index Cond: ((id >= 793531) AND (id <= 793540))

table 7 : explain SELECT SUM(k) FROM sbtest7 WHERE id BETWEEN 458952 AND 458961
	Aggregate  (cost=35.83..35.84 rows=1 width=8)
	  ->  Index Scan using sbtest7_pkey on sbtest7  (cost=0.43..35.81 rows=9 width=4)
	        Index Cond: ((id >= 458952) AND (id <= 458961))

table 8 : explain SELECT SUM(k) FROM sbtest8 WHERE id BETWEEN 2943058 AND 2943067
	Aggregate  (cost=39.22..39.23 rows=1 width=8)
	  ->  Index Scan using sbtest8_pkey on sbtest8  (cost=0.43..39.19 rows=10 width=4)
	        Index Cond: ((id >= 2943058) AND (id <= 2943067))

for: order_ranges
table 1 : explain SELECT c FROM sbtest1 WHERE id BETWEEN 9681296 AND 9681305 ORDER BY c
	Sort  (cost=42.57..42.60 rows=11 width=121)
	  Sort Key: c
	  ->  Index Scan using sbtest1_pkey on sbtest1  (cost=0.43..42.38 rows=11 width=121)
	        Index Cond: ((id >= 9681296) AND (id <= 9681305))

table 2 : explain SELECT c FROM sbtest2 WHERE id BETWEEN 3013165 AND 3013174 ORDER BY c
	Sort  (cost=39.25..39.28 rows=10 width=121)
	  Sort Key: c
	  ->  Index Scan using sbtest2_pkey on sbtest2  (cost=0.43..39.09 rows=10 width=121)
	        Index Cond: ((id >= 3013165) AND (id <= 3013174))

table 3 : explain SELECT c FROM sbtest3 WHERE id BETWEEN 2658363 AND 2658372 ORDER BY c
	Sort  (cost=42.91..42.94 rows=11 width=121)
	  Sort Key: c
	  ->  Index Scan using sbtest3_pkey on sbtest3  (cost=0.43..42.72 rows=11 width=121)
	        Index Cond: ((id >= 2658363) AND (id <= 2658372))

table 4 : explain SELECT c FROM sbtest4 WHERE id BETWEEN 5407327 AND 5407336 ORDER BY c
	Sort  (cost=39.46..39.49 rows=10 width=121)
	  Sort Key: c
	  ->  Index Scan using sbtest4_pkey on sbtest4  (cost=0.43..39.29 rows=10 width=121)
	        Index Cond: ((id >= 5407327) AND (id <= 5407336))

table 5 : explain SELECT c FROM sbtest5 WHERE id BETWEEN 2714066 AND 2714075 ORDER BY c
	Sort  (cost=42.81..42.84 rows=11 width=121)
	  Sort Key: c
	  ->  Index Scan using sbtest5_pkey on sbtest5  (cost=0.43..42.62 rows=11 width=121)
	        Index Cond: ((id >= 2714066) AND (id <= 2714075))

table 6 : explain SELECT c FROM sbtest6 WHERE id BETWEEN 1481684 AND 1481693 ORDER BY c
	Sort  (cost=42.59..42.62 rows=11 width=121)
	  Sort Key: c
	  ->  Index Scan using sbtest6_pkey on sbtest6  (cost=0.43..42.40 rows=11 width=121)
	        Index Cond: ((id >= 1481684) AND (id <= 1481693))

table 7 : explain SELECT c FROM sbtest7 WHERE id BETWEEN 1979280 AND 1979289 ORDER BY c
	Sort  (cost=39.39..39.42 rows=10 width=121)
	  Sort Key: c
	  ->  Index Scan using sbtest7_pkey on sbtest7  (cost=0.43..39.22 rows=10 width=121)
	        Index Cond: ((id >= 1979280) AND (id <= 1979289))

table 8 : explain SELECT c FROM sbtest8 WHERE id BETWEEN 352845 AND 352854 ORDER BY c
	Sort  (cost=35.92..35.94 rows=9 width=121)
	  Sort Key: c
	  ->  Index Scan using sbtest8_pkey on sbtest8  (cost=0.43..35.78 rows=9 width=121)
	        Index Cond: ((id >= 352845) AND (id <= 352854))

for: simple_ranges
table 1 : explain SELECT c FROM sbtest1 WHERE id BETWEEN 744306 AND 744315
	Index Scan using sbtest1_pkey on sbtest1  (cost=0.43..35.60 rows=9 width=121)
	  Index Cond: ((id >= 744306) AND (id <= 744315))

table 2 : explain SELECT c FROM sbtest2 WHERE id BETWEEN 6466573 AND 6466582
	Index Scan using sbtest2_pkey on sbtest2  (cost=0.43..39.09 rows=10 width=121)
	  Index Cond: ((id >= 6466573) AND (id <= 6466582))

table 3 : explain SELECT c FROM sbtest3 WHERE id BETWEEN 5773231 AND 5773240
	Index Scan using sbtest3_pkey on sbtest3  (cost=0.43..39.29 rows=10 width=121)
	  Index Cond: ((id >= 5773231) AND (id <= 5773240))

table 4 : explain SELECT c FROM sbtest4 WHERE id BETWEEN 8986054 AND 8986063
	Index Scan using sbtest4_pkey on sbtest4  (cost=0.43..35.87 rows=9 width=121)
	  Index Cond: ((id >= 8986054) AND (id <= 8986063))

table 5 : explain SELECT c FROM sbtest5 WHERE id BETWEEN 7660766 AND 7660775
	Index Scan using sbtest5_pkey on sbtest5  (cost=0.43..39.21 rows=10 width=121)
	  Index Cond: ((id >= 7660766) AND (id <= 7660775))

table 6 : explain SELECT c FROM sbtest6 WHERE id BETWEEN 5277015 AND 5277024
	Index Scan using sbtest6_pkey on sbtest6  (cost=0.43..39.00 rows=10 width=121)
	  Index Cond: ((id >= 5277015) AND (id <= 5277024))

table 7 : explain SELECT c FROM sbtest7 WHERE id BETWEEN 1218953 AND 1218962
	Index Scan using sbtest7_pkey on sbtest7  (cost=0.43..39.22 rows=10 width=121)
	  Index Cond: ((id >= 1218953) AND (id <= 1218962))

table 8 : explain SELECT c FROM sbtest8 WHERE id BETWEEN 6526612 AND 6526621
	Index Scan using sbtest8_pkey on sbtest8  (cost=0.43..39.19 rows=10 width=121)
	  Index Cond: ((id >= 6526612) AND (id <= 6526621))

for: order_ranges
table 1 : explain SELECT c FROM sbtest1 WHERE id BETWEEN 7301770 AND 7301779 ORDER BY c
	Sort  (cost=39.15..39.18 rows=10 width=121)
	  Sort Key: c
	  ->  Index Scan using sbtest1_pkey on sbtest1  (cost=0.43..38.99 rows=10 width=121)
	        Index Cond: ((id >= 7301770) AND (id <= 7301779))

table 2 : explain SELECT c FROM sbtest2 WHERE id BETWEEN 7769074 AND 7769083 ORDER BY c
	Sort  (cost=39.25..39.28 rows=10 width=121)
	  Sort Key: c
	  ->  Index Scan using sbtest2_pkey on sbtest2  (cost=0.43..39.09 rows=10 width=121)
	        Index Cond: ((id >= 7769074) AND (id <= 7769083))

table 3 : explain SELECT c FROM sbtest3 WHERE id BETWEEN 5489029 AND 5489038 ORDER BY c
	Sort  (cost=39.46..39.48 rows=10 width=121)
	  Sort Key: c
	  ->  Index Scan using sbtest3_pkey on sbtest3  (cost=0.43..39.29 rows=10 width=121)
	        Index Cond: ((id >= 5489029) AND (id <= 5489038))

table 4 : explain SELECT c FROM sbtest4 WHERE id BETWEEN 4105363 AND 4105372 ORDER BY c
	Sort  (cost=39.46..39.49 rows=10 width=121)
	  Sort Key: c
	  ->  Index Scan using sbtest4_pkey on sbtest4  (cost=0.43..39.29 rows=10 width=121)
	        Index Cond: ((id >= 4105363) AND (id <= 4105372))

table 5 : explain SELECT c FROM sbtest5 WHERE id BETWEEN 4586801 AND 4586810 ORDER BY c
	Sort  (cost=42.81..42.84 rows=11 width=121)
	  Sort Key: c
	  ->  Index Scan using sbtest5_pkey on sbtest5  (cost=0.43..42.62 rows=11 width=121)
	        Index Cond: ((id >= 4586801) AND (id <= 4586810))

table 6 : explain SELECT c FROM sbtest6 WHERE id BETWEEN 2156400 AND 2156409 ORDER BY c
	Sort  (cost=39.17..39.20 rows=10 width=121)
	  Sort Key: c
	  ->  Index Scan using sbtest6_pkey on sbtest6  (cost=0.43..39.00 rows=10 width=121)
	        Index Cond: ((id >= 2156400) AND (id <= 2156409))

table 7 : explain SELECT c FROM sbtest7 WHERE id BETWEEN 3945554 AND 3945563 ORDER BY c
	Sort  (cost=42.83..42.86 rows=11 width=121)
	  Sort Key: c
	  ->  Index Scan using sbtest7_pkey on sbtest7  (cost=0.43..42.64 rows=11 width=121)
	        Index Cond: ((id >= 3945554) AND (id <= 3945563))

table 8 : explain SELECT c FROM sbtest8 WHERE id BETWEEN 6247235 AND 6247244 ORDER BY c
	Sort  (cost=39.36..39.38 rows=10 width=121)
	  Sort Key: c
	  ->  Index Scan using sbtest8_pkey on sbtest8  (cost=0.43..39.19 rows=10 width=121)
	        Index Cond: ((id >= 6247235) AND (id <= 6247244))

for: order_ranges
table 1 : explain SELECT c FROM sbtest1 WHERE id BETWEEN 2178781 AND 2178790 ORDER BY c
	Sort  (cost=42.57..42.60 rows=11 width=121)
	  Sort Key: c
	  ->  Index Scan using sbtest1_pkey on sbtest1  (cost=0.43..42.38 rows=11 width=121)
	        Index Cond: ((id >= 2178781) AND (id <= 2178790))

table 2 : explain SELECT c FROM sbtest2 WHERE id BETWEEN 553055 AND 553064 ORDER BY c
	Sort  (cost=42.68..42.71 rows=11 width=121)
	  Sort Key: c
	  ->  Index Scan using sbtest2_pkey on sbtest2  (cost=0.43..42.49 rows=11 width=121)
	        Index Cond: ((id >= 553055) AND (id <= 553064))

table 3 : explain SELECT c FROM sbtest3 WHERE id BETWEEN 4693509 AND 4693518 ORDER BY c
	Sort  (cost=36.01..36.03 rows=9 width=121)
	  Sort Key: c
	  ->  Index Scan using sbtest3_pkey on sbtest3  (cost=0.43..35.87 rows=9 width=121)
	        Index Cond: ((id >= 4693509) AND (id <= 4693518))

table 4 : explain SELECT c FROM sbtest4 WHERE id BETWEEN 3474603 AND 3474612 ORDER BY c
	Sort  (cost=36.01..36.03 rows=9 width=121)
	  Sort Key: c
	  ->  Index Scan using sbtest4_pkey on sbtest4  (cost=0.43..35.87 rows=9 width=121)
	        Index Cond: ((id >= 3474603) AND (id <= 3474612))

table 5 : explain SELECT c FROM sbtest5 WHERE id BETWEEN 3959104 AND 3959113 ORDER BY c
	Sort  (cost=39.37..39.40 rows=10 width=121)
	  Sort Key: c
	  ->  Index Scan using sbtest5_pkey on sbtest5  (cost=0.43..39.21 rows=10 width=121)
	        Index Cond: ((id >= 3959104) AND (id <= 3959113))

table 6 : explain SELECT c FROM sbtest6 WHERE id BETWEEN 7292682 AND 7292691 ORDER BY c
	Sort  (cost=39.17..39.20 rows=10 width=121)
	  Sort Key: c
	  ->  Index Scan using sbtest6_pkey on sbtest6  (cost=0.43..39.00 rows=10 width=121)
	        Index Cond: ((id >= 7292682) AND (id <= 7292691))

table 7 : explain SELECT c FROM sbtest7 WHERE id BETWEEN 3084800 AND 3084809 ORDER BY c
	Sort  (cost=42.83..42.86 rows=11 width=121)
	  Sort Key: c
	  ->  Index Scan using sbtest7_pkey on sbtest7  (cost=0.43..42.64 rows=11 width=121)
	        Index Cond: ((id >= 3084800) AND (id <= 3084809))

table 8 : explain SELECT c FROM sbtest8 WHERE id BETWEEN 9740306 AND 9740315 ORDER BY c
	Sort  (cost=42.80..42.83 rows=11 width=121)
	  Sort Key: c
	  ->  Index Scan using sbtest8_pkey on sbtest8  (cost=0.43..42.61 rows=11 width=121)
	        Index Cond: ((id >= 9740306) AND (id <= 9740315))

for inserts
table 1 : explain INSERT INTO sbtest1 (id, k, c, pad) VALUES (9968658, 13, 'foobar', 'foobar')
	Insert on sbtest1  (cost=0.00..0.01 rows=1 width=736)
	  ->  Result  (cost=0.00..0.01 rows=1 width=736)

table 2 : explain INSERT INTO sbtest2 (id, k, c, pad) VALUES (478152, 13, 'foobar', 'foobar')
	Insert on sbtest2  (cost=0.00..0.01 rows=1 width=736)
	  ->  Result  (cost=0.00..0.01 rows=1 width=736)

table 3 : explain INSERT INTO sbtest3 (id, k, c, pad) VALUES (8169512, 13, 'foobar', 'foobar')
	Insert on sbtest3  (cost=0.00..0.01 rows=1 width=736)
	  ->  Result  (cost=0.00..0.01 rows=1 width=736)

table 4 : explain INSERT INTO sbtest4 (id, k, c, pad) VALUES (4287268, 13, 'foobar', 'foobar')
	Insert on sbtest4  (cost=0.00..0.01 rows=1 width=736)
	  ->  Result  (cost=0.00..0.01 rows=1 width=736)

table 5 : explain INSERT INTO sbtest5 (id, k, c, pad) VALUES (7960411, 13, 'foobar', 'foobar')
	Insert on sbtest5  (cost=0.00..0.01 rows=1 width=736)
	  ->  Result  (cost=0.00..0.01 rows=1 width=736)

table 6 : explain INSERT INTO sbtest6 (id, k, c, pad) VALUES (7606743, 13, 'foobar', 'foobar')
	Insert on sbtest6  (cost=0.00..0.01 rows=1 width=736)
	  ->  Result  (cost=0.00..0.01 rows=1 width=736)

table 7 : explain INSERT INTO sbtest7 (id, k, c, pad) VALUES (5392727, 13, 'foobar', 'foobar')
	Insert on sbtest7  (cost=0.00..0.01 rows=1 width=736)
	  ->  Result  (cost=0.00..0.01 rows=1 width=736)

table 8 : explain INSERT INTO sbtest8 (id, k, c, pad) VALUES (3946738, 13, 'foobar', 'foobar')
	Insert on sbtest8  (cost=0.00..0.01 rows=1 width=736)
	  ->  Result  (cost=0.00..0.01 rows=1 width=736)

for: order_ranges
table 1 : explain SELECT c FROM sbtest1 WHERE id BETWEEN 964983 AND 964992 ORDER BY c
	Sort  (cost=42.57..42.60 rows=11 width=121)
	  Sort Key: c
	  ->  Index Scan using sbtest1_pkey on sbtest1  (cost=0.43..42.38 rows=11 width=121)
	        Index Cond: ((id >= 964983) AND (id <= 964992))

table 2 : explain SELECT c FROM sbtest2 WHERE id BETWEEN 753373 AND 753382 ORDER BY c
	Sort  (cost=42.68..42.71 rows=11 width=121)
	  Sort Key: c
	  ->  Index Scan using sbtest2_pkey on sbtest2  (cost=0.43..42.49 rows=11 width=121)
	        Index Cond: ((id >= 753373) AND (id <= 753382))

table 3 : explain SELECT c FROM sbtest3 WHERE id BETWEEN 5970979 AND 5970988 ORDER BY c
	Sort  (cost=39.46..39.48 rows=10 width=121)
	  Sort Key: c
	  ->  Index Scan using sbtest3_pkey on sbtest3  (cost=0.43..39.29 rows=10 width=121)
	        Index Cond: ((id >= 5970979) AND (id <= 5970988))

table 4 : explain SELECT c FROM sbtest4 WHERE id BETWEEN 5983544 AND 5983553 ORDER BY c
	Sort  (cost=42.91..42.94 rows=11 width=121)
	  Sort Key: c
	  ->  Index Scan using sbtest4_pkey on sbtest4  (cost=0.43..42.72 rows=11 width=121)
	        Index Cond: ((id >= 5983544) AND (id <= 5983553))

table 5 : explain SELECT c FROM sbtest5 WHERE id BETWEEN 8218561 AND 8218570 ORDER BY c
	Sort  (cost=39.37..39.40 rows=10 width=121)
	  Sort Key: c
	  ->  Index Scan using sbtest5_pkey on sbtest5  (cost=0.43..39.21 rows=10 width=121)
	        Index Cond: ((id >= 8218561) AND (id <= 8218570))

table 6 : explain SELECT c FROM sbtest6 WHERE id BETWEEN 9461179 AND 9461188 ORDER BY c
	Sort  (cost=39.17..39.20 rows=10 width=121)
	  Sort Key: c
	  ->  Index Scan using sbtest6_pkey on sbtest6  (cost=0.43..39.00 rows=10 width=121)
	        Index Cond: ((id >= 9461179) AND (id <= 9461188))

table 7 : explain SELECT c FROM sbtest7 WHERE id BETWEEN 9074826 AND 9074835 ORDER BY c
	Sort  (cost=39.39..39.42 rows=10 width=121)
	  Sort Key: c
	  ->  Index Scan using sbtest7_pkey on sbtest7  (cost=0.43..39.22 rows=10 width=121)
	        Index Cond: ((id >= 9074826) AND (id <= 9074835))

table 8 : explain SELECT c FROM sbtest8 WHERE id BETWEEN 4678708 AND 4678717 ORDER BY c
	Sort  (cost=42.80..42.83 rows=11 width=121)
	  Sort Key: c
	  ->  Index Scan using sbtest8_pkey on sbtest8  (cost=0.43..42.61 rows=11 width=121)
	        Index Cond: ((id >= 4678708) AND (id <= 4678717))

for index_updates
table 1 : explain UPDATE sbtest1 SET k=k+1 WHERE id=8741459
	Update on sbtest1  (cost=0.43..8.46 rows=1 width=196)
	  ->  Index Scan using sbtest1_pkey on sbtest1  (cost=0.43..8.46 rows=1 width=196)
	        Index Cond: (id = 8741459)

table 2 : explain UPDATE sbtest2 SET k=k+1 WHERE id=2753378
	Update on sbtest2  (cost=0.43..8.46 rows=1 width=196)
	  ->  Index Scan using sbtest2_pkey on sbtest2  (cost=0.43..8.46 rows=1 width=196)
	        Index Cond: (id = 2753378)

table 3 : explain UPDATE sbtest3 SET k=k+1 WHERE id=6707846
	Update on sbtest3  (cost=0.43..8.46 rows=1 width=196)
	  ->  Index Scan using sbtest3_pkey on sbtest3  (cost=0.43..8.46 rows=1 width=196)
	        Index Cond: (id = 6707846)

table 4 : explain UPDATE sbtest4 SET k=k+1 WHERE id=6512379
	Update on sbtest4  (cost=0.43..8.46 rows=1 width=196)
	  ->  Index Scan using sbtest4_pkey on sbtest4  (cost=0.43..8.46 rows=1 width=196)
	        Index Cond: (id = 6512379)

table 5 : explain UPDATE sbtest5 SET k=k+1 WHERE id=7876591
	Update on sbtest5  (cost=0.43..8.46 rows=1 width=196)
	  ->  Index Scan using sbtest5_pkey on sbtest5  (cost=0.43..8.46 rows=1 width=196)
	        Index Cond: (id = 7876591)

table 6 : explain UPDATE sbtest6 SET k=k+1 WHERE id=7769325
	Update on sbtest6  (cost=0.43..8.46 rows=1 width=196)
	  ->  Index Scan using sbtest6_pkey on sbtest6  (cost=0.43..8.46 rows=1 width=196)
	        Index Cond: (id = 7769325)

table 7 : explain UPDATE sbtest7 SET k=k+1 WHERE id=5347722
	Update on sbtest7  (cost=0.43..8.46 rows=1 width=196)
	  ->  Index Scan using sbtest7_pkey on sbtest7  (cost=0.43..8.46 rows=1 width=196)
	        Index Cond: (id = 5347722)

table 8 : explain UPDATE sbtest8 SET k=k+1 WHERE id=6737368
	Update on sbtest8  (cost=0.43..8.46 rows=1 width=196)
	  ->  Index Scan using sbtest8_pkey on sbtest8  (cost=0.43..8.46 rows=1 width=196)
	        Index Cond: (id = 6737368)

for: order_ranges
table 1 : explain SELECT c FROM sbtest1 WHERE id BETWEEN 1268585 AND 1268594 ORDER BY c
	Sort  (cost=39.15..39.18 rows=10 width=121)
	  Sort Key: c
	  ->  Index Scan using sbtest1_pkey on sbtest1  (cost=0.43..38.99 rows=10 width=121)
	        Index Cond: ((id >= 1268585) AND (id <= 1268594))

table 2 : explain SELECT c FROM sbtest2 WHERE id BETWEEN 1862234 AND 1862243 ORDER BY c
	Sort  (cost=39.25..39.28 rows=10 width=121)
	  Sort Key: c
	  ->  Index Scan using sbtest2_pkey on sbtest2  (cost=0.43..39.09 rows=10 width=121)
	        Index Cond: ((id >= 1862234) AND (id <= 1862243))

table 3 : explain SELECT c FROM sbtest3 WHERE id BETWEEN 6624488 AND 6624497 ORDER BY c
	Sort  (cost=39.46..39.48 rows=10 width=121)
	  Sort Key: c
	  ->  Index Scan using sbtest3_pkey on sbtest3  (cost=0.43..39.29 rows=10 width=121)
	        Index Cond: ((id >= 6624488) AND (id <= 6624497))

table 4 : explain SELECT c FROM sbtest4 WHERE id BETWEEN 4712656 AND 4712665 ORDER BY c
	Sort  (cost=39.46..39.49 rows=10 width=121)
	  Sort Key: c
	  ->  Index Scan using sbtest4_pkey on sbtest4  (cost=0.43..39.29 rows=10 width=121)
	        Index Cond: ((id >= 4712656) AND (id <= 4712665))

table 5 : explain SELECT c FROM sbtest5 WHERE id BETWEEN 4749451 AND 4749460 ORDER BY c
	Sort  (cost=42.81..42.84 rows=11 width=121)
	  Sort Key: c
	  ->  Index Scan using sbtest5_pkey on sbtest5  (cost=0.43..42.62 rows=11 width=121)
	        Index Cond: ((id >= 4749451) AND (id <= 4749460))

table 6 : explain SELECT c FROM sbtest6 WHERE id BETWEEN 2829426 AND 2829435 ORDER BY c
	Sort  (cost=42.59..42.62 rows=11 width=121)
	  Sort Key: c
	  ->  Index Scan using sbtest6_pkey on sbtest6  (cost=0.43..42.40 rows=11 width=121)
	        Index Cond: ((id >= 2829426) AND (id <= 2829435))

table 7 : explain SELECT c FROM sbtest7 WHERE id BETWEEN 1793976 AND 1793985 ORDER BY c
	Sort  (cost=39.39..39.42 rows=10 width=121)
	  Sort Key: c
	  ->  Index Scan using sbtest7_pkey on sbtest7  (cost=0.43..39.22 rows=10 width=121)
	        Index Cond: ((id >= 1793976) AND (id <= 1793985))

table 8 : explain SELECT c FROM sbtest8 WHERE id BETWEEN 5739172 AND 5739181 ORDER BY c
	Sort  (cost=42.80..42.83 rows=11 width=121)
	  Sort Key: c
	  ->  Index Scan using sbtest8_pkey on sbtest8  (cost=0.43..42.61 rows=11 width=121)
	        Index Cond: ((id >= 5739172) AND (id <= 5739181))
for: simple_ranges
table 1 : explain SELECT c FROM sbtest1 WHERE id BETWEEN 9503653 AND 9503662
	Index Scan using sbtest1_pkey on sbtest1  (cost=0.43..35.60 rows=9 width=121)
	  Index Cond: ((id >= 9503653) AND (id <= 9503662))

table 2 : explain SELECT c FROM sbtest2 WHERE id BETWEEN 7050074 AND 7050083
	Index Scan using sbtest2_pkey on sbtest2  (cost=0.43..39.09 rows=10 width=121)
	  Index Cond: ((id >= 7050074) AND (id <= 7050083))

table 3 : explain SELECT c FROM sbtest3 WHERE id BETWEEN 79994 AND 80003
	Index Scan using sbtest3_pkey on sbtest3  (cost=0.43..42.72 rows=11 width=121)
	  Index Cond: ((id >= 79994) AND (id <= 80003))

table 4 : explain SELECT c FROM sbtest4 WHERE id BETWEEN 9808477 AND 9808486
	Index Scan using sbtest4_pkey on sbtest4  (cost=0.43..35.87 rows=9 width=121)
	  Index Cond: ((id >= 9808477) AND (id <= 9808486))

table 5 : explain SELECT c FROM sbtest5 WHERE id BETWEEN 7480888 AND 7480897
	Index Scan using sbtest5_pkey on sbtest5  (cost=0.43..35.79 rows=9 width=121)
	  Index Cond: ((id >= 7480888) AND (id <= 7480897))

table 6 : explain SELECT c FROM sbtest6 WHERE id BETWEEN 1850902 AND 1850911
	Index Scan using sbtest6_pkey on sbtest6  (cost=0.43..35.61 rows=9 width=121)
	  Index Cond: ((id >= 1850902) AND (id <= 1850911))

table 7 : explain SELECT c FROM sbtest7 WHERE id BETWEEN 6071030 AND 6071039
	Index Scan using sbtest7_pkey on sbtest7  (cost=0.43..39.22 rows=10 width=121)
	  Index Cond: ((id >= 6071030) AND (id <= 6071039))

table 8 : explain SELECT c FROM sbtest8 WHERE id BETWEEN 7459649 AND 7459658
	Index Scan using sbtest8_pkey on sbtest8  (cost=0.43..42.61 rows=11 width=121)
	  Index Cond: ((id >= 7459649) AND (id <= 7459658))


for: order_ranges
table 1 : explain SELECT c FROM sbtest1 WHERE id BETWEEN 3436965 AND 3436974 ORDER BY c
	Sort  (cost=39.15..39.18 rows=10 width=121)
	  Sort Key: c
	  ->  Index Scan using sbtest1_pkey on sbtest1  (cost=0.43..38.99 rows=10 width=121)
	        Index Cond: ((id >= 3436965) AND (id <= 3436974))

table 2 : explain SELECT c FROM sbtest2 WHERE id BETWEEN 397671 AND 397680 ORDER BY c
	Sort  (cost=35.83..35.85 rows=9 width=121)
	  Sort Key: c
	  ->  Index Scan using sbtest2_pkey on sbtest2  (cost=0.43..35.68 rows=9 width=121)
	        Index Cond: ((id >= 397671) AND (id <= 397680))

table 3 : explain SELECT c FROM sbtest3 WHERE id BETWEEN 1838399 AND 1838408 ORDER BY c
	Sort  (cost=39.46..39.48 rows=10 width=121)
	  Sort Key: c
	  ->  Index Scan using sbtest3_pkey on sbtest3  (cost=0.43..39.29 rows=10 width=121)
	        Index Cond: ((id >= 1838399) AND (id <= 1838408))

table 4 : explain SELECT c FROM sbtest4 WHERE id BETWEEN 9447484 AND 9447493 ORDER BY c
	Sort  (cost=39.46..39.49 rows=10 width=121)
	  Sort Key: c
	  ->  Index Scan using sbtest4_pkey on sbtest4  (cost=0.43..39.29 rows=10 width=121)
	        Index Cond: ((id >= 9447484) AND (id <= 9447493))

table 5 : explain SELECT c FROM sbtest5 WHERE id BETWEEN 5464278 AND 5464287 ORDER BY c
	Sort  (cost=39.37..39.40 rows=10 width=121)
	  Sort Key: c
	  ->  Index Scan using sbtest5_pkey on sbtest5  (cost=0.43..39.21 rows=10 width=121)
	        Index Cond: ((id >= 5464278) AND (id <= 5464287))

table 6 : explain SELECT c FROM sbtest6 WHERE id BETWEEN 6196777 AND 6196786 ORDER BY c
	Sort  (cost=39.17..39.20 rows=10 width=121)
	  Sort Key: c
	  ->  Index Scan using sbtest6_pkey on sbtest6  (cost=0.43..39.00 rows=10 width=121)
	        Index Cond: ((id >= 6196777) AND (id <= 6196786))

table 7 : explain SELECT c FROM sbtest7 WHERE id BETWEEN 4133186 AND 4133195 ORDER BY c
	Sort  (cost=35.95..35.97 rows=9 width=121)
	  Sort Key: c
	  ->  Index Scan using sbtest7_pkey on sbtest7  (cost=0.43..35.81 rows=9 width=121)
	        Index Cond: ((id >= 4133186) AND (id <= 4133195))

table 8 : explain SELECT c FROM sbtest8 WHERE id BETWEEN 5212807 AND 5212816 ORDER BY c
	Sort  (cost=39.36..39.38 rows=10 width=121)
	  Sort Key: c
	  ->  Index Scan using sbtest8_pkey on sbtest8  (cost=0.43..39.19 rows=10 width=121)
	        Index Cond: ((id >= 5212807) AND (id <= 5212816))

for: order_ranges
table 1 : explain SELECT c FROM sbtest1 WHERE id BETWEEN 6944046 AND 6944055 ORDER BY c
	Sort  (cost=39.15..39.18 rows=10 width=121)
	  Sort Key: c
	  ->  Index Scan using sbtest1_pkey on sbtest1  (cost=0.43..38.99 rows=10 width=121)
	        Index Cond: ((id >= 6944046) AND (id <= 6944055))

table 2 : explain SELECT c FROM sbtest2 WHERE id BETWEEN 3175367 AND 3175376 ORDER BY c
	Sort  (cost=39.25..39.28 rows=10 width=121)
	  Sort Key: c
	  ->  Index Scan using sbtest2_pkey on sbtest2  (cost=0.43..39.09 rows=10 width=121)
	        Index Cond: ((id >= 3175367) AND (id <= 3175376))

table 3 : explain SELECT c FROM sbtest3 WHERE id BETWEEN 6381646 AND 6381655 ORDER BY c
	Sort  (cost=36.01..36.03 rows=9 width=121)
	  Sort Key: c
	  ->  Index Scan using sbtest3_pkey on sbtest3  (cost=0.43..35.87 rows=9 width=121)
	        Index Cond: ((id >= 6381646) AND (id <= 6381655))

table 4 : explain SELECT c FROM sbtest4 WHERE id BETWEEN 2464376 AND 2464385 ORDER BY c
	Sort  (cost=42.91..42.94 rows=11 width=121)
	  Sort Key: c
	  ->  Index Scan using sbtest4_pkey on sbtest4  (cost=0.43..42.72 rows=11 width=121)
	        Index Cond: ((id >= 2464376) AND (id <= 2464385))

table 5 : explain SELECT c FROM sbtest5 WHERE id BETWEEN 7596114 AND 7596123 ORDER BY c
	Sort  (cost=39.37..39.40 rows=10 width=121)
	  Sort Key: c
	  ->  Index Scan using sbtest5_pkey on sbtest5  (cost=0.43..39.21 rows=10 width=121)
	        Index Cond: ((id >= 7596114) AND (id <= 7596123))

table 6 : explain SELECT c FROM sbtest6 WHERE id BETWEEN 5153472 AND 5153481 ORDER BY c
	Sort  (cost=35.75..35.78 rows=9 width=121)
	  Sort Key: c
	  ->  Index Scan using sbtest6_pkey on sbtest6  (cost=0.43..35.61 rows=9 width=121)
	        Index Cond: ((id >= 5153472) AND (id <= 5153481))

table 7 : explain SELECT c FROM sbtest7 WHERE id BETWEEN 8534264 AND 8534273 ORDER BY c
	Sort  (cost=42.83..42.86 rows=11 width=121)
	  Sort Key: c
	  ->  Index Scan using sbtest7_pkey on sbtest7  (cost=0.43..42.64 rows=11 width=121)
	        Index Cond: ((id >= 8534264) AND (id <= 8534273))

table 8 : explain SELECT c FROM sbtest8 WHERE id BETWEEN 6180436 AND 6180445 ORDER BY c
	Sort  (cost=39.36..39.38 rows=10 width=121)
	  Sort Key: c
	  ->  Index Scan using sbtest8_pkey on sbtest8  (cost=0.43..39.19 rows=10 width=121)
	        Index Cond: ((id >= 6180436) AND (id <= 6180445))

for: order_ranges
table 1 : explain SELECT c FROM sbtest1 WHERE id BETWEEN 2957818 AND 2957827 ORDER BY c
	Sort  (cost=35.74..35.76 rows=9 width=121)
	  Sort Key: c
	  ->  Index Scan using sbtest1_pkey on sbtest1  (cost=0.43..35.60 rows=9 width=121)
	        Index Cond: ((id >= 2957818) AND (id <= 2957827))

table 2 : explain SELECT c FROM sbtest2 WHERE id BETWEEN 3615284 AND 3615293 ORDER BY c
	Sort  (cost=39.25..39.28 rows=10 width=121)
	  Sort Key: c
	  ->  Index Scan using sbtest2_pkey on sbtest2  (cost=0.43..39.09 rows=10 width=121)
	        Index Cond: ((id >= 3615284) AND (id <= 3615293))

table 3 : explain SELECT c FROM sbtest3 WHERE id BETWEEN 6384934 AND 6384943 ORDER BY c
	Sort  (cost=36.01..36.03 rows=9 width=121)
	  Sort Key: c
	  ->  Index Scan using sbtest3_pkey on sbtest3  (cost=0.43..35.87 rows=9 width=121)
	        Index Cond: ((id >= 6384934) AND (id <= 6384943))

table 4 : explain SELECT c FROM sbtest4 WHERE id BETWEEN 2455827 AND 2455836 ORDER BY c
	Sort  (cost=42.91..42.94 rows=11 width=121)
	  Sort Key: c
	  ->  Index Scan using sbtest4_pkey on sbtest4  (cost=0.43..42.72 rows=11 width=121)
	        Index Cond: ((id >= 2455827) AND (id <= 2455836))

table 5 : explain SELECT c FROM sbtest5 WHERE id BETWEEN 8346554 AND 8346563 ORDER BY c
	Sort  (cost=39.37..39.40 rows=10 width=121)
	  Sort Key: c
	  ->  Index Scan using sbtest5_pkey on sbtest5  (cost=0.43..39.21 rows=10 width=121)
	        Index Cond: ((id >= 8346554) AND (id <= 8346563))

table 6 : explain SELECT c FROM sbtest6 WHERE id BETWEEN 9001463 AND 9001472 ORDER BY c
	Sort  (cost=39.17..39.20 rows=10 width=121)
	  Sort Key: c
	  ->  Index Scan using sbtest6_pkey on sbtest6  (cost=0.43..39.00 rows=10 width=121)
	        Index Cond: ((id >= 9001463) AND (id <= 9001472))

table 7 : explain SELECT c FROM sbtest7 WHERE id BETWEEN 1570762 AND 1570771 ORDER BY c
	Sort  (cost=35.95..35.97 rows=9 width=121)
	  Sort Key: c
	  ->  Index Scan using sbtest7_pkey on sbtest7  (cost=0.43..35.81 rows=9 width=121)
	        Index Cond: ((id >= 1570762) AND (id <= 1570771))

table 8 : explain SELECT c FROM sbtest8 WHERE id BETWEEN 6095065 AND 6095074 ORDER BY c
	Sort  (cost=39.36..39.38 rows=10 width=121)
	  Sort Key: c
	  ->  Index Scan using sbtest8_pkey on sbtest8  (cost=0.43..39.19 rows=10 width=121)
	        Index Cond: ((id >= 6095065) AND (id <= 6095074))

for: order_ranges
table 1 : explain SELECT c FROM sbtest1 WHERE id BETWEEN 7368606 AND 7368615 ORDER BY c
	Sort  (cost=35.74..35.76 rows=9 width=121)
	  Sort Key: c
	  ->  Index Scan using sbtest1_pkey on sbtest1  (cost=0.43..35.60 rows=9 width=121)
	        Index Cond: ((id >= 7368606) AND (id <= 7368615))

table 2 : explain SELECT c FROM sbtest2 WHERE id BETWEEN 8393595 AND 8393604 ORDER BY c
	Sort  (cost=35.83..35.85 rows=9 width=121)
	  Sort Key: c
	  ->  Index Scan using sbtest2_pkey on sbtest2  (cost=0.43..35.68 rows=9 width=121)
	        Index Cond: ((id >= 8393595) AND (id <= 8393604))

table 3 : explain SELECT c FROM sbtest3 WHERE id BETWEEN 3156303 AND 3156312 ORDER BY c
	Sort  (cost=39.46..39.48 rows=10 width=121)
	  Sort Key: c
	  ->  Index Scan using sbtest3_pkey on sbtest3  (cost=0.43..39.29 rows=10 width=121)
	        Index Cond: ((id >= 3156303) AND (id <= 3156312))

table 4 : explain SELECT c FROM sbtest4 WHERE id BETWEEN 5028204 AND 5028213 ORDER BY c
	Sort  (cost=39.46..39.49 rows=10 width=121)
	  Sort Key: c
	  ->  Index Scan using sbtest4_pkey on sbtest4  (cost=0.43..39.29 rows=10 width=121)
	        Index Cond: ((id >= 5028204) AND (id <= 5028213))

table 5 : explain SELECT c FROM sbtest5 WHERE id BETWEEN 9178698 AND 9178707 ORDER BY c
	Sort  (cost=39.37..39.40 rows=10 width=121)
	  Sort Key: c
	  ->  Index Scan using sbtest5_pkey on sbtest5  (cost=0.43..39.21 rows=10 width=121)
	        Index Cond: ((id >= 9178698) AND (id <= 9178707))

table 6 : explain SELECT c FROM sbtest6 WHERE id BETWEEN 3523733 AND 3523742 ORDER BY c
	Sort  (cost=42.59..42.62 rows=11 width=121)
	  Sort Key: c
	  ->  Index Scan using sbtest6_pkey on sbtest6  (cost=0.43..42.40 rows=11 width=121)
	        Index Cond: ((id >= 3523733) AND (id <= 3523742))

table 7 : explain SELECT c FROM sbtest7 WHERE id BETWEEN 7170840 AND 7170849 ORDER BY c
	Sort  (cost=39.39..39.42 rows=10 width=121)
	  Sort Key: c
	  ->  Index Scan using sbtest7_pkey on sbtest7  (cost=0.43..39.22 rows=10 width=121)
	        Index Cond: ((id >= 7170840) AND (id <= 7170849))

table 8 : explain SELECT c FROM sbtest8 WHERE id BETWEEN 5908925 AND 5908934 ORDER BY c
	Sort  (cost=35.92..35.94 rows=9 width=121)
	  Sort Key: c
	  ->  Index Scan using sbtest8_pkey on sbtest8  (cost=0.43..35.78 rows=9 width=121)
	        Index Cond: ((id >= 5908925) AND (id <= 5908934))

for: order_ranges
table 1 : explain SELECT c FROM sbtest1 WHERE id BETWEEN 9054939 AND 9054948 ORDER BY c
	Sort  (cost=35.74..35.76 rows=9 width=121)
	  Sort Key: c
	  ->  Index Scan using sbtest1_pkey on sbtest1  (cost=0.43..35.60 rows=9 width=121)
	        Index Cond: ((id >= 9054939) AND (id <= 9054948))

table 2 : explain SELECT c FROM sbtest2 WHERE id BETWEEN 7520839 AND 7520848 ORDER BY c
	Sort  (cost=39.25..39.28 rows=10 width=121)
	  Sort Key: c
	  ->  Index Scan using sbtest2_pkey on sbtest2  (cost=0.43..39.09 rows=10 width=121)
	        Index Cond: ((id >= 7520839) AND (id <= 7520848))

table 3 : explain SELECT c FROM sbtest3 WHERE id BETWEEN 6018468 AND 6018477 ORDER BY c
	Sort  (cost=39.46..39.48 rows=10 width=121)
	  Sort Key: c
	  ->  Index Scan using sbtest3_pkey on sbtest3  (cost=0.43..39.29 rows=10 width=121)
	        Index Cond: ((id >= 6018468) AND (id <= 6018477))

table 4 : explain SELECT c FROM sbtest4 WHERE id BETWEEN 2036243 AND 2036252 ORDER BY c
	Sort  (cost=39.46..39.49 rows=10 width=121)
	  Sort Key: c
	  ->  Index Scan using sbtest4_pkey on sbtest4  (cost=0.43..39.29 rows=10 width=121)
	        Index Cond: ((id >= 2036243) AND (id <= 2036252))

table 5 : explain SELECT c FROM sbtest5 WHERE id BETWEEN 4721050 AND 4721059 ORDER BY c
	Sort  (cost=42.81..42.84 rows=11 width=121)
	  Sort Key: c
	  ->  Index Scan using sbtest5_pkey on sbtest5  (cost=0.43..42.62 rows=11 width=121)
	        Index Cond: ((id >= 4721050) AND (id <= 4721059))

table 6 : explain SELECT c FROM sbtest6 WHERE id BETWEEN 4967171 AND 4967180 ORDER BY c
	Sort  (cost=42.59..42.62 rows=11 width=121)
	  Sort Key: c
	  ->  Index Scan using sbtest6_pkey on sbtest6  (cost=0.43..42.40 rows=11 width=121)
	        Index Cond: ((id >= 4967171) AND (id <= 4967180))

table 7 : explain SELECT c FROM sbtest7 WHERE id BETWEEN 3410515 AND 3410524 ORDER BY c
	Sort  (cost=46.28..46.31 rows=12 width=121)
	  Sort Key: c
	  ->  Index Scan using sbtest7_pkey on sbtest7  (cost=0.43..46.06 rows=12 width=121)
	        Index Cond: ((id >= 3410515) AND (id <= 3410524))

table 8 : explain SELECT c FROM sbtest8 WHERE id BETWEEN 6235186 AND 6235195 ORDER BY c
	Sort  (cost=39.36..39.38 rows=10 width=121)
	  Sort Key: c
	  ->  Index Scan using sbtest8_pkey on sbtest8  (cost=0.43..39.19 rows=10 width=121)
	        Index Cond: ((id >= 6235186) AND (id <= 6235195))

explain: for point_selects :: explain SELECT c FROM sbtest%u WHERE id=%u
for: order_ranges
table 1 : explain SELECT c FROM sbtest1 WHERE id BETWEEN 2268051 AND 2268060 ORDER BY c
	Sort  (cost=39.15..39.18 rows=10 width=121)
	  Sort Key: c
	  ->  Index Scan using sbtest1_pkey on sbtest1  (cost=0.43..38.99 rows=10 width=121)
	        Index Cond: ((id >= 2268051) AND (id <= 2268060))

table 2 : explain SELECT c FROM sbtest2 WHERE id BETWEEN 8360794 AND 8360803 ORDER BY c
	Sort  (cost=35.83..35.85 rows=9 width=121)
	  Sort Key: c
	  ->  Index Scan using sbtest2_pkey on sbtest2  (cost=0.43..35.68 rows=9 width=121)
	        Index Cond: ((id >= 8360794) AND (id <= 8360803))

table 3 : explain SELECT c FROM sbtest3 WHERE id BETWEEN 3097204 AND 3097213 ORDER BY c
	Sort  (cost=39.46..39.48 rows=10 width=121)
	  Sort Key: c
	  ->  Index Scan using sbtest3_pkey on sbtest3  (cost=0.43..39.29 rows=10 width=121)
	        Index Cond: ((id >= 3097204) AND (id <= 3097213))

table 4 : explain SELECT c FROM sbtest4 WHERE id BETWEEN 8393542 AND 8393551 ORDER BY c
	Sort  (cost=39.46..39.49 rows=10 width=121)
	  Sort Key: c
	  ->  Index Scan using sbtest4_pkey on sbtest4  (cost=0.43..39.29 rows=10 width=121)
	        Index Cond: ((id >= 8393542) AND (id <= 8393551))

table 5 : explain SELECT c FROM sbtest5 WHERE id BETWEEN 9593167 AND 9593176 ORDER BY c
	Sort  (cost=35.93..35.95 rows=9 width=121)
	  Sort Key: c
	  ->  Index Scan using sbtest5_pkey on sbtest5  (cost=0.43..35.79 rows=9 width=121)
	        Index Cond: ((id >= 9593167) AND (id <= 9593176))

table 6 : explain SELECT c FROM sbtest6 WHERE id BETWEEN 3568619 AND 3568628 ORDER BY c
	Sort  (cost=39.17..39.20 rows=10 width=121)
	  Sort Key: c
	  ->  Index Scan using sbtest6_pkey on sbtest6  (cost=0.43..39.00 rows=10 width=121)
	        Index Cond: ((id >= 3568619) AND (id <= 3568628))

table 7 : explain SELECT c FROM sbtest7 WHERE id BETWEEN 9577377 AND 9577386 ORDER BY c
	Sort  (cost=42.83..42.86 rows=11 width=121)
	  Sort Key: c
	  ->  Index Scan using sbtest7_pkey on sbtest7  (cost=0.43..42.64 rows=11 width=121)
	        Index Cond: ((id >= 9577377) AND (id <= 9577386))

table 8 : explain SELECT c FROM sbtest8 WHERE id BETWEEN 9734696 AND 9734705 ORDER BY c
	Sort  (cost=42.80..42.83 rows=11 width=121)
	  Sort Key: c
	  ->  Index Scan using sbtest8_pkey on sbtest8  (cost=0.43..42.61 rows=11 width=121)
	        Index Cond: ((id >= 9734696) AND (id <= 9734705))

for: distinct_ranges
table 1 : explain SELECT DISTINCT c FROM sbtest1 WHERE id BETWEEN 6666161 AND 6666170 ORDER BY c
	Unique  (cost=39.15..39.20 rows=10 width=121)
	  ->  Sort  (cost=39.15..39.18 rows=10 width=121)
	        Sort Key: c
	        ->  Index Scan using sbtest1_pkey on sbtest1  (cost=0.43..38.99 rows=10 width=121)
	              Index Cond: ((id >= 6666161) AND (id <= 6666170))

table 2 : explain SELECT DISTINCT c FROM sbtest2 WHERE id BETWEEN 5678152 AND 5678161 ORDER BY c
	Unique  (cost=35.83..35.87 rows=9 width=121)
	  ->  Sort  (cost=35.83..35.85 rows=9 width=121)
	        Sort Key: c
	        ->  Index Scan using sbtest2_pkey on sbtest2  (cost=0.43..35.68 rows=9 width=121)
	              Index Cond: ((id >= 5678152) AND (id <= 5678161))

table 3 : explain SELECT DISTINCT c FROM sbtest3 WHERE id BETWEEN 2150146 AND 2150155 ORDER BY c
	Unique  (cost=36.01..36.05 rows=9 width=121)
	  ->  Sort  (cost=36.01..36.03 rows=9 width=121)
	        Sort Key: c
	        ->  Index Scan using sbtest3_pkey on sbtest3  (cost=0.43..35.87 rows=9 width=121)
	              Index Cond: ((id >= 2150146) AND (id <= 2150155))

table 4 : explain SELECT DISTINCT c FROM sbtest4 WHERE id BETWEEN 5689841 AND 5689850 ORDER BY c
	Unique  (cost=39.46..39.51 rows=10 width=121)
	  ->  Sort  (cost=39.46..39.49 rows=10 width=121)
	        Sort Key: c
	        ->  Index Scan using sbtest4_pkey on sbtest4  (cost=0.43..39.29 rows=10 width=121)
	              Index Cond: ((id >= 5689841) AND (id <= 5689850))

table 5 : explain SELECT DISTINCT c FROM sbtest5 WHERE id BETWEEN 8386913 AND 8386922 ORDER BY c
	Unique  (cost=39.37..39.42 rows=10 width=121)
	  ->  Sort  (cost=39.37..39.40 rows=10 width=121)
	        Sort Key: c
	        ->  Index Scan using sbtest5_pkey on sbtest5  (cost=0.43..39.21 rows=10 width=121)
	              Index Cond: ((id >= 8386913) AND (id <= 8386922))

table 6 : explain SELECT DISTINCT c FROM sbtest6 WHERE id BETWEEN 5179763 AND 5179772 ORDER BY c
	Unique  (cost=35.75..35.80 rows=9 width=121)
	  ->  Sort  (cost=35.75..35.78 rows=9 width=121)
	        Sort Key: c
	        ->  Index Scan using sbtest6_pkey on sbtest6  (cost=0.43..35.61 rows=9 width=121)
	              Index Cond: ((id >= 5179763) AND (id <= 5179772))

table 7 : explain SELECT DISTINCT c FROM sbtest7 WHERE id BETWEEN 7378711 AND 7378720 ORDER BY c
	Unique  (cost=42.83..42.89 rows=11 width=121)
	  ->  Sort  (cost=42.83..42.86 rows=11 width=121)
	        Sort Key: c
	        ->  Index Scan using sbtest7_pkey on sbtest7  (cost=0.43..42.64 rows=11 width=121)
	              Index Cond: ((id >= 7378711) AND (id <= 7378720))

table 8 : explain SELECT DISTINCT c FROM sbtest8 WHERE id BETWEEN 5123139 AND 5123148 ORDER BY c
	Unique  (cost=39.36..39.41 rows=10 width=121)
	  ->  Sort  (cost=39.36..39.38 rows=10 width=121)
	        Sort Key: c
	        ->  Index Scan using sbtest8_pkey on sbtest8  (cost=0.43..39.19 rows=10 width=121)
	              Index Cond: ((id >= 5123139) AND (id <= 5123148))

for: sum_ranges
table 1 : explain SELECT SUM(k) FROM sbtest1 WHERE id BETWEEN 7004003 AND 7004012
	Aggregate  (cost=39.01..39.02 rows=1 width=8)
	  ->  Index Scan using sbtest1_pkey on sbtest1  (cost=0.43..38.99 rows=10 width=4)
	        Index Cond: ((id >= 7004003) AND (id <= 7004012))

table 2 : explain SELECT SUM(k) FROM sbtest2 WHERE id BETWEEN 2997417 AND 2997426
	Aggregate  (cost=39.11..39.12 rows=1 width=8)
	  ->  Index Scan using sbtest2_pkey on sbtest2  (cost=0.43..39.09 rows=10 width=4)
	        Index Cond: ((id >= 2997417) AND (id <= 2997426))

table 3 : explain SELECT SUM(k) FROM sbtest3 WHERE id BETWEEN 4554631 AND 4554640
	Aggregate  (cost=42.75..42.76 rows=1 width=8)
	  ->  Index Scan using sbtest3_pkey on sbtest3  (cost=0.43..42.72 rows=11 width=4)
	        Index Cond: ((id >= 4554631) AND (id <= 4554640))

table 4 : explain SELECT SUM(k) FROM sbtest4 WHERE id BETWEEN 6728545 AND 6728554
	Aggregate  (cost=39.32..39.33 rows=1 width=8)
	  ->  Index Scan using sbtest4_pkey on sbtest4  (cost=0.43..39.29 rows=10 width=4)
	        Index Cond: ((id >= 6728545) AND (id <= 6728554))

table 5 : explain SELECT SUM(k) FROM sbtest5 WHERE id BETWEEN 1080897 AND 1080906
	Aggregate  (cost=39.23..39.24 rows=1 width=8)
	  ->  Index Scan using sbtest5_pkey on sbtest5  (cost=0.43..39.21 rows=10 width=4)
	        Index Cond: ((id >= 1080897) AND (id <= 1080906))

table 6 : explain SELECT SUM(k) FROM sbtest6 WHERE id BETWEEN 8163708 AND 8163717
	Aggregate  (cost=39.03..39.04 rows=1 width=8)
	  ->  Index Scan using sbtest6_pkey on sbtest6  (cost=0.43..39.00 rows=10 width=4)
	        Index Cond: ((id >= 8163708) AND (id <= 8163717))

table 7 : explain SELECT SUM(k) FROM sbtest7 WHERE id BETWEEN 9313573 AND 9313582
	Aggregate  (cost=39.25..39.26 rows=1 width=8)
	  ->  Index Scan using sbtest7_pkey on sbtest7  (cost=0.43..39.22 rows=10 width=4)
	        Index Cond: ((id >= 9313573) AND (id <= 9313582))

table 8 : explain SELECT SUM(k) FROM sbtest8 WHERE id BETWEEN 7283292 AND 7283301
	Aggregate  (cost=35.80..35.81 rows=1 width=8)
	  ->  Index Scan using sbtest8_pkey on sbtest8  (cost=0.43..35.78 rows=9 width=4)
	        Index Cond: ((id >= 7283292) AND (id <= 7283301))

for: order_ranges
table 1 : explain SELECT c FROM sbtest1 WHERE id BETWEEN 6262560 AND 6262569 ORDER BY c
	Sort  (cost=39.15..39.18 rows=10 width=121)
	  Sort Key: c
	  ->  Index Scan using sbtest1_pkey on sbtest1  (cost=0.43..38.99 rows=10 width=121)
	        Index Cond: ((id >= 6262560) AND (id <= 6262569))

table 2 : explain SELECT c FROM sbtest2 WHERE id BETWEEN 3536647 AND 3536656 ORDER BY c
	Sort  (cost=39.25..39.28 rows=10 width=121)
	  Sort Key: c
	  ->  Index Scan using sbtest2_pkey on sbtest2  (cost=0.43..39.09 rows=10 width=121)
	        Index Cond: ((id >= 3536647) AND (id <= 3536656))

table 3 : explain SELECT c FROM sbtest3 WHERE id BETWEEN 7869374 AND 7869383 ORDER BY c
	Sort  (cost=39.46..39.48 rows=10 width=121)
	  Sort Key: c
	  ->  Index Scan using sbtest3_pkey on sbtest3  (cost=0.43..39.29 rows=10 width=121)
	        Index Cond: ((id >= 7869374) AND (id <= 7869383))

table 4 : explain SELECT c FROM sbtest4 WHERE id BETWEEN 7010498 AND 7010507 ORDER BY c
	Sort  (cost=39.46..39.49 rows=10 width=121)
	  Sort Key: c
	  ->  Index Scan using sbtest4_pkey on sbtest4  (cost=0.43..39.29 rows=10 width=121)
	        Index Cond: ((id >= 7010498) AND (id <= 7010507))

table 5 : explain SELECT c FROM sbtest5 WHERE id BETWEEN 7981457 AND 7981466 ORDER BY c
	Sort  (cost=39.37..39.40 rows=10 width=121)
	  Sort Key: c
	  ->  Index Scan using sbtest5_pkey on sbtest5  (cost=0.43..39.21 rows=10 width=121)
	        Index Cond: ((id >= 7981457) AND (id <= 7981466))

table 6 : explain SELECT c FROM sbtest6 WHERE id BETWEEN 9135673 AND 9135682 ORDER BY c
	Sort  (cost=39.17..39.20 rows=10 width=121)
	  Sort Key: c
	  ->  Index Scan using sbtest6_pkey on sbtest6  (cost=0.43..39.00 rows=10 width=121)
	        Index Cond: ((id >= 9135673) AND (id <= 9135682))

table 7 : explain SELECT c FROM sbtest7 WHERE id BETWEEN 4627647 AND 4627656 ORDER BY c
	Sort  (cost=39.39..39.42 rows=10 width=121)
	  Sort Key: c
	  ->  Index Scan using sbtest7_pkey on sbtest7  (cost=0.43..39.22 rows=10 width=121)
	        Index Cond: ((id >= 4627647) AND (id <= 4627656))

table 8 : explain SELECT c FROM sbtest8 WHERE id BETWEEN 8465200 AND 8465209 ORDER BY c
	Sort  (cost=39.36..39.38 rows=10 width=121)
	  Sort Key: c
	  ->  Index Scan using sbtest8_pkey on sbtest8  (cost=0.43..39.19 rows=10 width=121)
	        Index Cond: ((id >= 8465200) AND (id <= 8465209))

for: sum_ranges
table 1 : explain SELECT SUM(k) FROM sbtest1 WHERE id BETWEEN 9625383 AND 9625392
	Aggregate  (cost=42.41..42.42 rows=1 width=8)
	  ->  Index Scan using sbtest1_pkey on sbtest1  (cost=0.43..42.38 rows=11 width=4)
	        Index Cond: ((id >= 9625383) AND (id <= 9625392))

table 2 : explain SELECT SUM(k) FROM sbtest2 WHERE id BETWEEN 3026782 AND 3026791
	Aggregate  (cost=39.11..39.12 rows=1 width=8)
	  ->  Index Scan using sbtest2_pkey on sbtest2  (cost=0.43..39.09 rows=10 width=4)
	        Index Cond: ((id >= 3026782) AND (id <= 3026791))

table 3 : explain SELECT SUM(k) FROM sbtest3 WHERE id BETWEEN 1083210 AND 1083219
	Aggregate  (cost=39.32..39.33 rows=1 width=8)
	  ->  Index Scan using sbtest3_pkey on sbtest3  (cost=0.43..39.29 rows=10 width=4)
	        Index Cond: ((id >= 1083210) AND (id <= 1083219))

table 4 : explain SELECT SUM(k) FROM sbtest4 WHERE id BETWEEN 7740023 AND 7740032
	Aggregate  (cost=39.32..39.33 rows=1 width=8)
	  ->  Index Scan using sbtest4_pkey on sbtest4  (cost=0.43..39.29 rows=10 width=4)
	        Index Cond: ((id >= 7740023) AND (id <= 7740032))

table 5 : explain SELECT SUM(k) FROM sbtest5 WHERE id BETWEEN 5034066 AND 5034075
	Aggregate  (cost=35.81..35.82 rows=1 width=8)
	  ->  Index Scan using sbtest5_pkey on sbtest5  (cost=0.43..35.79 rows=9 width=4)
	        Index Cond: ((id >= 5034066) AND (id <= 5034075))

table 6 : explain SELECT SUM(k) FROM sbtest6 WHERE id BETWEEN 6749038 AND 6749047
	Aggregate  (cost=42.43..42.44 rows=1 width=8)
	  ->  Index Scan using sbtest6_pkey on sbtest6  (cost=0.43..42.40 rows=11 width=4)
	        Index Cond: ((id >= 6749038) AND (id <= 6749047))

table 7 : explain SELECT SUM(k) FROM sbtest7 WHERE id BETWEEN 1733894 AND 1733903
	Aggregate  (cost=42.67..42.68 rows=1 width=8)
	  ->  Index Scan using sbtest7_pkey on sbtest7  (cost=0.43..42.64 rows=11 width=4)
	        Index Cond: ((id >= 1733894) AND (id <= 1733903))

table 8 : explain SELECT SUM(k) FROM sbtest8 WHERE id BETWEEN 180614 AND 180623
	Aggregate  (cost=35.80..35.81 rows=1 width=8)
	  ->  Index Scan using sbtest8_pkey on sbtest8  (cost=0.43..35.78 rows=9 width=4)
	        Index Cond: ((id >= 180614) AND (id <= 180623))

for: distinct_ranges
table 1 : explain SELECT DISTINCT c FROM sbtest1 WHERE id BETWEEN 9449290 AND 9449299 ORDER BY c
	Unique  (cost=35.74..35.78 rows=9 width=121)
	  ->  Sort  (cost=35.74..35.76 rows=9 width=121)
	        Sort Key: c
	        ->  Index Scan using sbtest1_pkey on sbtest1  (cost=0.43..35.60 rows=9 width=121)
	              Index Cond: ((id >= 9449290) AND (id <= 9449299))

table 2 : explain SELECT DISTINCT c FROM sbtest2 WHERE id BETWEEN 6858153 AND 6858162 ORDER BY c
	Unique  (cost=39.25..39.30 rows=10 width=121)
	  ->  Sort  (cost=39.25..39.28 rows=10 width=121)
	        Sort Key: c
	        ->  Index Scan using sbtest2_pkey on sbtest2  (cost=0.43..39.09 rows=10 width=121)
	              Index Cond: ((id >= 6858153) AND (id <= 6858162))

table 3 : explain SELECT DISTINCT c FROM sbtest3 WHERE id BETWEEN 2493703 AND 2493712 ORDER BY c
	Unique  (cost=42.91..42.97 rows=11 width=121)
	  ->  Sort  (cost=42.91..42.94 rows=11 width=121)
	        Sort Key: c
	        ->  Index Scan using sbtest3_pkey on sbtest3  (cost=0.43..42.72 rows=11 width=121)
	              Index Cond: ((id >= 2493703) AND (id <= 2493712))

table 4 : explain SELECT DISTINCT c FROM sbtest4 WHERE id BETWEEN 6339513 AND 6339522 ORDER BY c
	Unique  (cost=42.91..42.97 rows=11 width=121)
	  ->  Sort  (cost=42.91..42.94 rows=11 width=121)
	        Sort Key: c
	        ->  Index Scan using sbtest4_pkey on sbtest4  (cost=0.43..42.72 rows=11 width=121)
	              Index Cond: ((id >= 6339513) AND (id <= 6339522))

table 5 : explain SELECT DISTINCT c FROM sbtest5 WHERE id BETWEEN 4515080 AND 4515089 ORDER BY c
	Unique  (cost=39.37..39.42 rows=10 width=121)
	  ->  Sort  (cost=39.37..39.40 rows=10 width=121)
	        Sort Key: c
	        ->  Index Scan using sbtest5_pkey on sbtest5  (cost=0.43..39.21 rows=10 width=121)
	              Index Cond: ((id >= 4515080) AND (id <= 4515089))

table 6 : explain SELECT DISTINCT c FROM sbtest6 WHERE id BETWEEN 1969674 AND 1969683 ORDER BY c
	Unique  (cost=39.17..39.22 rows=10 width=121)
	  ->  Sort  (cost=39.17..39.20 rows=10 width=121)
	        Sort Key: c
	        ->  Index Scan using sbtest6_pkey on sbtest6  (cost=0.43..39.00 rows=10 width=121)
	              Index Cond: ((id >= 1969674) AND (id <= 1969683))

table 7 : explain SELECT DISTINCT c FROM sbtest7 WHERE id BETWEEN 718674 AND 718683 ORDER BY c
	Unique  (cost=46.28..46.34 rows=12 width=121)
	  ->  Sort  (cost=46.28..46.31 rows=12 width=121)
	        Sort Key: c
	        ->  Index Scan using sbtest7_pkey on sbtest7  (cost=0.43..46.06 rows=12 width=121)
	              Index Cond: ((id >= 718674) AND (id <= 718683))

table 8 : explain SELECT DISTINCT c FROM sbtest8 WHERE id BETWEEN 8945853 AND 8945862 ORDER BY c
	Unique  (cost=42.80..42.85 rows=11 width=121)
	  ->  Sort  (cost=42.80..42.83 rows=11 width=121)
	        Sort Key: c
	        ->  Index Scan using sbtest8_pkey on sbtest8  (cost=0.43..42.61 rows=11 width=121)
	              Index Cond: ((id >= 8945853) AND (id <= 8945862))

explain: for index_updates :: explain UPDATE sbtest%u SET k=k+1 WHERE id=%u
for: distinct_ranges
table 1 : explain SELECT DISTINCT c FROM sbtest1 WHERE id BETWEEN 7799661 AND 7799670 ORDER BY c
	Unique  (cost=42.57..42.63 rows=11 width=121)
	  ->  Sort  (cost=42.57..42.60 rows=11 width=121)
	        Sort Key: c
	        ->  Index Scan using sbtest1_pkey on sbtest1  (cost=0.43..42.38 rows=11 width=121)
	              Index Cond: ((id >= 7799661) AND (id <= 7799670))

table 2 : explain SELECT DISTINCT c FROM sbtest2 WHERE id BETWEEN 1112152 AND 1112161 ORDER BY c
	Unique  (cost=39.25..39.30 rows=10 width=121)
	  ->  Sort  (cost=39.25..39.28 rows=10 width=121)
	        Sort Key: c
	        ->  Index Scan using sbtest2_pkey on sbtest2  (cost=0.43..39.09 rows=10 width=121)
	              Index Cond: ((id >= 1112152) AND (id <= 1112161))

table 3 : explain SELECT DISTINCT c FROM sbtest3 WHERE id BETWEEN 840706 AND 840715 ORDER BY c
	Unique  (cost=39.46..39.51 rows=10 width=121)
	  ->  Sort  (cost=39.46..39.48 rows=10 width=121)
	        Sort Key: c
	        ->  Index Scan using sbtest3_pkey on sbtest3  (cost=0.43..39.29 rows=10 width=121)
	              Index Cond: ((id >= 840706) AND (id <= 840715))

table 4 : explain SELECT DISTINCT c FROM sbtest4 WHERE id BETWEEN 7827544 AND 7827553 ORDER BY c
	Unique  (cost=39.46..39.51 rows=10 width=121)
	  ->  Sort  (cost=39.46..39.49 rows=10 width=121)
	        Sort Key: c
	        ->  Index Scan using sbtest4_pkey on sbtest4  (cost=0.43..39.29 rows=10 width=121)
	              Index Cond: ((id >= 7827544) AND (id <= 7827553))

table 5 : explain SELECT DISTINCT c FROM sbtest5 WHERE id BETWEEN 5258062 AND 5258071 ORDER BY c
	Unique  (cost=35.93..35.98 rows=9 width=121)
	  ->  Sort  (cost=35.93..35.95 rows=9 width=121)
	        Sort Key: c
	        ->  Index Scan using sbtest5_pkey on sbtest5  (cost=0.43..35.79 rows=9 width=121)
	              Index Cond: ((id >= 5258062) AND (id <= 5258071))

table 6 : explain SELECT DISTINCT c FROM sbtest6 WHERE id BETWEEN 8702728 AND 8702737 ORDER BY c
	Unique  (cost=35.75..35.80 rows=9 width=121)
	  ->  Sort  (cost=35.75..35.78 rows=9 width=121)
	        Sort Key: c
	        ->  Index Scan using sbtest6_pkey on sbtest6  (cost=0.43..35.61 rows=9 width=121)
	              Index Cond: ((id >= 8702728) AND (id <= 8702737))

table 7 : explain SELECT DISTINCT c FROM sbtest7 WHERE id BETWEEN 8799197 AND 8799206 ORDER BY c
	Unique  (cost=42.83..42.89 rows=11 width=121)
	  ->  Sort  (cost=42.83..42.86 rows=11 width=121)
	        Sort Key: c
	        ->  Index Scan using sbtest7_pkey on sbtest7  (cost=0.43..42.64 rows=11 width=121)
	              Index Cond: ((id >= 8799197) AND (id <= 8799206))

table 8 : explain SELECT DISTINCT c FROM sbtest8 WHERE id BETWEEN 3192167 AND 3192176 ORDER BY c
	Unique  (cost=39.36..39.41 rows=10 width=121)
	  ->  Sort  (cost=39.36..39.38 rows=10 width=121)
	        Sort Key: c
	        ->  Index Scan using sbtest8_pkey on sbtest8  (cost=0.43..39.19 rows=10 width=121)
	              Index Cond: ((id >= 3192167) AND (id <= 3192176))

explain: for non_index_updates :: explain UPDATE sbtest%u SET c='foobar' WHERE id=%u
for inserts
table 1 : explain INSERT INTO sbtest1 (id, k, c, pad) VALUES (1811841, 13, 'foobar', 'foobar')
	Insert on sbtest1  (cost=0.00..0.01 rows=1 width=736)
	  ->  Result  (cost=0.00..0.01 rows=1 width=736)

table 2 : explain INSERT INTO sbtest2 (id, k, c, pad) VALUES (8023012, 13, 'foobar', 'foobar')
	Insert on sbtest2  (cost=0.00..0.01 rows=1 width=736)
	  ->  Result  (cost=0.00..0.01 rows=1 width=736)

table 3 : explain INSERT INTO sbtest3 (id, k, c, pad) VALUES (5969254, 13, 'foobar', 'foobar')
	Insert on sbtest3  (cost=0.00..0.01 rows=1 width=736)
	  ->  Result  (cost=0.00..0.01 rows=1 width=736)

table 4 : explain INSERT INTO sbtest4 (id, k, c, pad) VALUES (8964081, 13, 'foobar', 'foobar')
	Insert on sbtest4  (cost=0.00..0.01 rows=1 width=736)
	  ->  Result  (cost=0.00..0.01 rows=1 width=736)

table 5 : explain INSERT INTO sbtest5 (id, k, c, pad) VALUES (475409, 13, 'foobar', 'foobar')
	Insert on sbtest5  (cost=0.00..0.01 rows=1 width=736)
	  ->  Result  (cost=0.00..0.01 rows=1 width=736)

table 6 : explain INSERT INTO sbtest6 (id, k, c, pad) VALUES (8819368, 13, 'foobar', 'foobar')
	Insert on sbtest6  (cost=0.00..0.01 rows=1 width=736)
	  ->  Result  (cost=0.00..0.01 rows=1 width=736)

table 7 : explain INSERT INTO sbtest7 (id, k, c, pad) VALUES (5343192, 13, 'foobar', 'foobar')
	Insert on sbtest7  (cost=0.00..0.01 rows=1 width=736)
	  ->  Result  (cost=0.00..0.01 rows=1 width=736)

table 8 : explain INSERT INTO sbtest8 (id, k, c, pad) VALUES (9934942, 13, 'foobar', 'foobar')
	Insert on sbtest8  (cost=0.00..0.01 rows=1 width=736)
	  ->  Result  (cost=0.00..0.01 rows=1 width=736)

for: distinct_ranges
table 1 : explain SELECT DISTINCT c FROM sbtest1 WHERE id BETWEEN 36158 AND 36167 ORDER BY c
	Unique  (cost=39.15..39.20 rows=10 width=121)
	  ->  Sort  (cost=39.15..39.18 rows=10 width=121)
	        Sort Key: c
	        ->  Index Scan using sbtest1_pkey on sbtest1  (cost=0.43..38.99 rows=10 width=121)
	              Index Cond: ((id >= 36158) AND (id <= 36167))

table 2 : explain SELECT DISTINCT c FROM sbtest2 WHERE id BETWEEN 7508895 AND 7508904 ORDER BY c
	Unique  (cost=39.25..39.30 rows=10 width=121)
	  ->  Sort  (cost=39.25..39.28 rows=10 width=121)
	        Sort Key: c
	        ->  Index Scan using sbtest2_pkey on sbtest2  (cost=0.43..39.09 rows=10 width=121)
	              Index Cond: ((id >= 7508895) AND (id <= 7508904))

table 3 : explain SELECT DISTINCT c FROM sbtest3 WHERE id BETWEEN 7710733 AND 7710742 ORDER BY c
	Unique  (cost=36.01..36.05 rows=9 width=121)
	  ->  Sort  (cost=36.01..36.03 rows=9 width=121)
	        Sort Key: c
	        ->  Index Scan using sbtest3_pkey on sbtest3  (cost=0.43..35.87 rows=9 width=121)
	              Index Cond: ((id >= 7710733) AND (id <= 7710742))

table 4 : explain SELECT DISTINCT c FROM sbtest4 WHERE id BETWEEN 6301468 AND 6301477 ORDER BY c
	Unique  (cost=39.46..39.51 rows=10 width=121)
	  ->  Sort  (cost=39.46..39.49 rows=10 width=121)
	        Sort Key: c
	        ->  Index Scan using sbtest4_pkey on sbtest4  (cost=0.43..39.29 rows=10 width=121)
	              Index Cond: ((id >= 6301468) AND (id <= 6301477))

table 5 : explain SELECT DISTINCT c FROM sbtest5 WHERE id BETWEEN 3787760 AND 3787769 ORDER BY c
	Unique  (cost=39.37..39.42 rows=10 width=121)
	  ->  Sort  (cost=39.37..39.40 rows=10 width=121)
	        Sort Key: c
	        ->  Index Scan using sbtest5_pkey on sbtest5  (cost=0.43..39.21 rows=10 width=121)
	              Index Cond: ((id >= 3787760) AND (id <= 3787769))

table 6 : explain SELECT DISTINCT c FROM sbtest6 WHERE id BETWEEN 4072925 AND 4072934 ORDER BY c
	Unique  (cost=39.17..39.22 rows=10 width=121)
	  ->  Sort  (cost=39.17..39.20 rows=10 width=121)
	        Sort Key: c
	        ->  Index Scan using sbtest6_pkey on sbtest6  (cost=0.43..39.00 rows=10 width=121)
	              Index Cond: ((id >= 4072925) AND (id <= 4072934))

table 7 : explain SELECT DISTINCT c FROM sbtest7 WHERE id BETWEEN 7759159 AND 7759168 ORDER BY c
	Unique  (cost=39.39..39.44 rows=10 width=121)
	  ->  Sort  (cost=39.39..39.42 rows=10 width=121)
	        Sort Key: c
	        ->  Index Scan using sbtest7_pkey on sbtest7  (cost=0.43..39.22 rows=10 width=121)
	              Index Cond: ((id >= 7759159) AND (id <= 7759168))

table 8 : explain SELECT DISTINCT c FROM sbtest8 WHERE id BETWEEN 8693168 AND 8693177 ORDER BY c
	Unique  (cost=35.92..35.97 rows=9 width=121)
	  ->  Sort  (cost=35.92..35.94 rows=9 width=121)
	        Sort Key: c
	        ->  Index Scan using sbtest8_pkey on sbtest8  (cost=0.43..35.78 rows=9 width=121)
	              Index Cond: ((id >= 8693168) AND (id <= 8693177))

for: sum_ranges
table 1 : explain SELECT SUM(k) FROM sbtest1 WHERE id BETWEEN 8804372 AND 8804381
	Aggregate  (cost=39.01..39.02 rows=1 width=8)
	  ->  Index Scan using sbtest1_pkey on sbtest1  (cost=0.43..38.99 rows=10 width=4)
	        Index Cond: ((id >= 8804372) AND (id <= 8804381))

table 2 : explain SELECT SUM(k) FROM sbtest2 WHERE id BETWEEN 5088573 AND 5088582
	Aggregate  (cost=39.11..39.12 rows=1 width=8)
	  ->  Index Scan using sbtest2_pkey on sbtest2  (cost=0.43..39.09 rows=10 width=4)
	        Index Cond: ((id >= 5088573) AND (id <= 5088582))

table 3 : explain SELECT SUM(k) FROM sbtest3 WHERE id BETWEEN 8286624 AND 8286633
	Aggregate  (cost=39.32..39.33 rows=1 width=8)
	  ->  Index Scan using sbtest3_pkey on sbtest3  (cost=0.43..39.29 rows=10 width=4)
	        Index Cond: ((id >= 8286624) AND (id <= 8286633))

table 4 : explain SELECT SUM(k) FROM sbtest4 WHERE id BETWEEN 416888 AND 416897
	Aggregate  (cost=42.75..42.76 rows=1 width=8)
	  ->  Index Scan using sbtest4_pkey on sbtest4  (cost=0.43..42.72 rows=11 width=4)
	        Index Cond: ((id >= 416888) AND (id <= 416897))

table 5 : explain SELECT SUM(k) FROM sbtest5 WHERE id BETWEEN 5943412 AND 5943421
	Aggregate  (cost=35.81..35.82 rows=1 width=8)
	  ->  Index Scan using sbtest5_pkey on sbtest5  (cost=0.43..35.79 rows=9 width=4)
	        Index Cond: ((id >= 5943412) AND (id <= 5943421))

table 6 : explain SELECT SUM(k) FROM sbtest6 WHERE id BETWEEN 5938198 AND 5938207
	Aggregate  (cost=42.43..42.44 rows=1 width=8)
	  ->  Index Scan using sbtest6_pkey on sbtest6  (cost=0.43..42.40 rows=11 width=4)
	        Index Cond: ((id >= 5938198) AND (id <= 5938207))

table 7 : explain SELECT SUM(k) FROM sbtest7 WHERE id BETWEEN 6121836 AND 6121845
	Aggregate  (cost=39.25..39.26 rows=1 width=8)
	  ->  Index Scan using sbtest7_pkey on sbtest7  (cost=0.43..39.22 rows=10 width=4)
	        Index Cond: ((id >= 6121836) AND (id <= 6121845))

table 8 : explain SELECT SUM(k) FROM sbtest8 WHERE id BETWEEN 2023671 AND 2023680
	Aggregate  (cost=42.64..42.65 rows=1 width=8)
	  ->  Index Scan using sbtest8_pkey on sbtest8  (cost=0.43..42.61 rows=11 width=4)
	        Index Cond: ((id >= 2023671) AND (id <= 2023680))

for: distinct_ranges
table 1 : explain SELECT DISTINCT c FROM sbtest1 WHERE id BETWEEN 66260 AND 66269 ORDER BY c
	Unique  (cost=39.15..39.20 rows=10 width=121)
	  ->  Sort  (cost=39.15..39.18 rows=10 width=121)
	        Sort Key: c
	        ->  Index Scan using sbtest1_pkey on sbtest1  (cost=0.43..38.99 rows=10 width=121)
	              Index Cond: ((id >= 66260) AND (id <= 66269))

table 2 : explain SELECT DISTINCT c FROM sbtest2 WHERE id BETWEEN 434765 AND 434774 ORDER BY c
	Unique  (cost=35.83..35.87 rows=9 width=121)
	  ->  Sort  (cost=35.83..35.85 rows=9 width=121)
	        Sort Key: c
	        ->  Index Scan using sbtest2_pkey on sbtest2  (cost=0.43..35.68 rows=9 width=121)
	              Index Cond: ((id >= 434765) AND (id <= 434774))

table 3 : explain SELECT DISTINCT c FROM sbtest3 WHERE id BETWEEN 9698756 AND 9698765 ORDER BY c
	Unique  (cost=39.46..39.51 rows=10 width=121)
	  ->  Sort  (cost=39.46..39.48 rows=10 width=121)
	        Sort Key: c
	        ->  Index Scan using sbtest3_pkey on sbtest3  (cost=0.43..39.29 rows=10 width=121)
	              Index Cond: ((id >= 9698756) AND (id <= 9698765))

table 4 : explain SELECT DISTINCT c FROM sbtest4 WHERE id BETWEEN 8432920 AND 8432929 ORDER BY c
	Unique  (cost=39.46..39.51 rows=10 width=121)
	  ->  Sort  (cost=39.46..39.49 rows=10 width=121)
	        Sort Key: c
	        ->  Index Scan using sbtest4_pkey on sbtest4  (cost=0.43..39.29 rows=10 width=121)
	              Index Cond: ((id >= 8432920) AND (id <= 8432929))

table 5 : explain SELECT DISTINCT c FROM sbtest5 WHERE id BETWEEN 619616 AND 619625 ORDER BY c
	Unique  (cost=39.37..39.42 rows=10 width=121)
	  ->  Sort  (cost=39.37..39.40 rows=10 width=121)
	        Sort Key: c
	        ->  Index Scan using sbtest5_pkey on sbtest5  (cost=0.43..39.21 rows=10 width=121)
	              Index Cond: ((id >= 619616) AND (id <= 619625))

table 6 : explain SELECT DISTINCT c FROM sbtest6 WHERE id BETWEEN 4815485 AND 4815494 ORDER BY c
	Unique  (cost=39.17..39.22 rows=10 width=121)
	  ->  Sort  (cost=39.17..39.20 rows=10 width=121)
	        Sort Key: c
	        ->  Index Scan using sbtest6_pkey on sbtest6  (cost=0.43..39.00 rows=10 width=121)
	              Index Cond: ((id >= 4815485) AND (id <= 4815494))

table 7 : explain SELECT DISTINCT c FROM sbtest7 WHERE id BETWEEN 7646666 AND 7646675 ORDER BY c
	Unique  (cost=39.39..39.44 rows=10 width=121)
	  ->  Sort  (cost=39.39..39.42 rows=10 width=121)
	        Sort Key: c
	        ->  Index Scan using sbtest7_pkey on sbtest7  (cost=0.43..39.22 rows=10 width=121)
	              Index Cond: ((id >= 7646666) AND (id <= 7646675))

table 8 : explain SELECT DISTINCT c FROM sbtest8 WHERE id BETWEEN 5631968 AND 5631977 ORDER BY c
	Unique  (cost=39.36..39.41 rows=10 width=121)
	  ->  Sort  (cost=39.36..39.38 rows=10 width=121)
	        Sort Key: c
	        ->  Index Scan using sbtest8_pkey on sbtest8  (cost=0.43..39.19 rows=10 width=121)
	              Index Cond: ((id >= 5631968) AND (id <= 5631977))

for: distinct_ranges
table 1 : explain SELECT DISTINCT c FROM sbtest1 WHERE id BETWEEN 9857626 AND 9857635 ORDER BY c
	Unique  (cost=39.15..39.20 rows=10 width=121)
	  ->  Sort  (cost=39.15..39.18 rows=10 width=121)
	        Sort Key: c
	        ->  Index Scan using sbtest1_pkey on sbtest1  (cost=0.43..38.99 rows=10 width=121)
	              Index Cond: ((id >= 9857626) AND (id <= 9857635))

table 2 : explain SELECT DISTINCT c FROM sbtest2 WHERE id BETWEEN 3480801 AND 3480810 ORDER BY c
	Unique  (cost=39.25..39.30 rows=10 width=121)
	  ->  Sort  (cost=39.25..39.28 rows=10 width=121)
	        Sort Key: c
	        ->  Index Scan using sbtest2_pkey on sbtest2  (cost=0.43..39.09 rows=10 width=121)
	              Index Cond: ((id >= 3480801) AND (id <= 3480810))

table 3 : explain SELECT DISTINCT c FROM sbtest3 WHERE id BETWEEN 3530757 AND 3530766 ORDER BY c
	Unique  (cost=39.46..39.51 rows=10 width=121)
	  ->  Sort  (cost=39.46..39.48 rows=10 width=121)
	        Sort Key: c
	        ->  Index Scan using sbtest3_pkey on sbtest3  (cost=0.43..39.29 rows=10 width=121)
	              Index Cond: ((id >= 3530757) AND (id <= 3530766))

table 4 : explain SELECT DISTINCT c FROM sbtest4 WHERE id BETWEEN 6029733 AND 6029742 ORDER BY c
	Unique  (cost=39.46..39.51 rows=10 width=121)
	  ->  Sort  (cost=39.46..39.49 rows=10 width=121)
	        Sort Key: c
	        ->  Index Scan using sbtest4_pkey on sbtest4  (cost=0.43..39.29 rows=10 width=121)
	              Index Cond: ((id >= 6029733) AND (id <= 6029742))

table 5 : explain SELECT DISTINCT c FROM sbtest5 WHERE id BETWEEN 7832711 AND 7832720 ORDER BY c
	Unique  (cost=39.37..39.42 rows=10 width=121)
	  ->  Sort  (cost=39.37..39.40 rows=10 width=121)
	        Sort Key: c
	        ->  Index Scan using sbtest5_pkey on sbtest5  (cost=0.43..39.21 rows=10 width=121)
	              Index Cond: ((id >= 7832711) AND (id <= 7832720))

table 6 : explain SELECT DISTINCT c FROM sbtest6 WHERE id BETWEEN 1583248 AND 1583257 ORDER BY c
	Unique  (cost=42.59..42.64 rows=11 width=121)
	  ->  Sort  (cost=42.59..42.62 rows=11 width=121)
	        Sort Key: c
	        ->  Index Scan using sbtest6_pkey on sbtest6  (cost=0.43..42.40 rows=11 width=121)
	              Index Cond: ((id >= 1583248) AND (id <= 1583257))

table 7 : explain SELECT DISTINCT c FROM sbtest7 WHERE id BETWEEN 8545191 AND 8545200 ORDER BY c
	Unique  (cost=42.83..42.89 rows=11 width=121)
	  ->  Sort  (cost=42.83..42.86 rows=11 width=121)
	        Sort Key: c
	        ->  Index Scan using sbtest7_pkey on sbtest7  (cost=0.43..42.64 rows=11 width=121)
	              Index Cond: ((id >= 8545191) AND (id <= 8545200))

table 8 : explain SELECT DISTINCT c FROM sbtest8 WHERE id BETWEEN 5979796 AND 5979805 ORDER BY c
	Unique  (cost=35.92..35.97 rows=9 width=121)
	  ->  Sort  (cost=35.92..35.94 rows=9 width=121)
	        Sort Key: c
	        ->  Index Scan using sbtest8_pkey on sbtest8  (cost=0.43..35.78 rows=9 width=121)
	              Index Cond: ((id >= 5979796) AND (id <= 5979805))

for: distinct_ranges
table 1 : explain SELECT DISTINCT c FROM sbtest1 WHERE id BETWEEN 5299081 AND 5299090 ORDER BY c
	Unique  (cost=39.15..39.20 rows=10 width=121)
	  ->  Sort  (cost=39.15..39.18 rows=10 width=121)
	        Sort Key: c
	        ->  Index Scan using sbtest1_pkey on sbtest1  (cost=0.43..38.99 rows=10 width=121)
	              Index Cond: ((id >= 5299081) AND (id <= 5299090))

table 2 : explain SELECT DISTINCT c FROM sbtest2 WHERE id BETWEEN 8815277 AND 8815286 ORDER BY c
	Unique  (cost=42.68..42.74 rows=11 width=121)
	  ->  Sort  (cost=42.68..42.71 rows=11 width=121)
	        Sort Key: c
	        ->  Index Scan using sbtest2_pkey on sbtest2  (cost=0.43..42.49 rows=11 width=121)
	              Index Cond: ((id >= 8815277) AND (id <= 8815286))

table 3 : explain SELECT DISTINCT c FROM sbtest3 WHERE id BETWEEN 7779180 AND 7779189 ORDER BY c
	Unique  (cost=39.46..39.51 rows=10 width=121)
	  ->  Sort  (cost=39.46..39.48 rows=10 width=121)
	        Sort Key: c
	        ->  Index Scan using sbtest3_pkey on sbtest3  (cost=0.43..39.29 rows=10 width=121)
	              Index Cond: ((id >= 7779180) AND (id <= 7779189))

table 4 : explain SELECT DISTINCT c FROM sbtest4 WHERE id BETWEEN 7163770 AND 7163779 ORDER BY c
	Unique  (cost=36.01..36.06 rows=9 width=121)
	  ->  Sort  (cost=36.01..36.03 rows=9 width=121)
	        Sort Key: c
	        ->  Index Scan using sbtest4_pkey on sbtest4  (cost=0.43..35.87 rows=9 width=121)
	              Index Cond: ((id >= 7163770) AND (id <= 7163779))

table 5 : explain SELECT DISTINCT c FROM sbtest5 WHERE id BETWEEN 7445727 AND 7445736 ORDER BY c
	Unique  (cost=35.93..35.98 rows=9 width=121)
	  ->  Sort  (cost=35.93..35.95 rows=9 width=121)
	        Sort Key: c
	        ->  Index Scan using sbtest5_pkey on sbtest5  (cost=0.43..35.79 rows=9 width=121)
	              Index Cond: ((id >= 7445727) AND (id <= 7445736))

table 6 : explain SELECT DISTINCT c FROM sbtest6 WHERE id BETWEEN 2407035 AND 2407044 ORDER BY c
	Unique  (cost=39.17..39.22 rows=10 width=121)
	  ->  Sort  (cost=39.17..39.20 rows=10 width=121)
	        Sort Key: c
	        ->  Index Scan using sbtest6_pkey on sbtest6  (cost=0.43..39.00 rows=10 width=121)
	              Index Cond: ((id >= 2407035) AND (id <= 2407044))

table 7 : explain SELECT DISTINCT c FROM sbtest7 WHERE id BETWEEN 1142472 AND 1142481 ORDER BY c
	Unique  (cost=35.95..35.99 rows=9 width=121)
	  ->  Sort  (cost=35.95..35.97 rows=9 width=121)
	        Sort Key: c
	        ->  Index Scan using sbtest7_pkey on sbtest7  (cost=0.43..35.81 rows=9 width=121)
	              Index Cond: ((id >= 1142472) AND (id <= 1142481))

table 8 : explain SELECT DISTINCT c FROM sbtest8 WHERE id BETWEEN 6253621 AND 6253630 ORDER BY c
	Unique  (cost=39.36..39.41 rows=10 width=121)
	  ->  Sort  (cost=39.36..39.38 rows=10 width=121)
	        Sort Key: c
	        ->  Index Scan using sbtest8_pkey on sbtest8  (cost=0.43..39.19 rows=10 width=121)
	              Index Cond: ((id >= 6253621) AND (id <= 6253630))

for: distinct_ranges
table 1 : explain SELECT DISTINCT c FROM sbtest1 WHERE id BETWEEN 7884455 AND 7884464 ORDER BY c
	Unique  (cost=39.15..39.20 rows=10 width=121)
	  ->  Sort  (cost=39.15..39.18 rows=10 width=121)
	        Sort Key: c
	        ->  Index Scan using sbtest1_pkey on sbtest1  (cost=0.43..38.99 rows=10 width=121)
	              Index Cond: ((id >= 7884455) AND (id <= 7884464))

table 2 : explain SELECT DISTINCT c FROM sbtest2 WHERE id BETWEEN 7660319 AND 7660328 ORDER BY c
	Unique  (cost=39.25..39.30 rows=10 width=121)
	  ->  Sort  (cost=39.25..39.28 rows=10 width=121)
	        Sort Key: c
	        ->  Index Scan using sbtest2_pkey on sbtest2  (cost=0.43..39.09 rows=10 width=121)
	              Index Cond: ((id >= 7660319) AND (id <= 7660328))

table 3 : explain SELECT DISTINCT c FROM sbtest3 WHERE id BETWEEN 5437043 AND 5437052 ORDER BY c
	Unique  (cost=42.91..42.97 rows=11 width=121)
	  ->  Sort  (cost=42.91..42.94 rows=11 width=121)
	        Sort Key: c
	        ->  Index Scan using sbtest3_pkey on sbtest3  (cost=0.43..42.72 rows=11 width=121)
	              Index Cond: ((id >= 5437043) AND (id <= 5437052))

table 4 : explain SELECT DISTINCT c FROM sbtest4 WHERE id BETWEEN 5261955 AND 5261964 ORDER BY c
	Unique  (cost=39.46..39.51 rows=10 width=121)
	  ->  Sort  (cost=39.46..39.49 rows=10 width=121)
	        Sort Key: c
	        ->  Index Scan using sbtest4_pkey on sbtest4  (cost=0.43..39.29 rows=10 width=121)
	              Index Cond: ((id >= 5261955) AND (id <= 5261964))

table 5 : explain SELECT DISTINCT c FROM sbtest5 WHERE id BETWEEN 4598001 AND 4598010 ORDER BY c
	Unique  (cost=42.81..42.87 rows=11 width=121)
	  ->  Sort  (cost=42.81..42.84 rows=11 width=121)
	        Sort Key: c
	        ->  Index Scan using sbtest5_pkey on sbtest5  (cost=0.43..42.62 rows=11 width=121)
	              Index Cond: ((id >= 4598001) AND (id <= 4598010))

table 6 : explain SELECT DISTINCT c FROM sbtest6 WHERE id BETWEEN 6544331 AND 6544340 ORDER BY c
	Unique  (cost=35.75..35.80 rows=9 width=121)
	  ->  Sort  (cost=35.75..35.78 rows=9 width=121)
	        Sort Key: c
	        ->  Index Scan using sbtest6_pkey on sbtest6  (cost=0.43..35.61 rows=9 width=121)
	              Index Cond: ((id >= 6544331) AND (id <= 6544340))

table 7 : explain SELECT DISTINCT c FROM sbtest7 WHERE id BETWEEN 8622211 AND 8622220 ORDER BY c
	Unique  (cost=39.39..39.44 rows=10 width=121)
	  ->  Sort  (cost=39.39..39.42 rows=10 width=121)
	        Sort Key: c
	        ->  Index Scan using sbtest7_pkey on sbtest7  (cost=0.43..39.22 rows=10 width=121)
	              Index Cond: ((id >= 8622211) AND (id <= 8622220))

table 8 : explain SELECT DISTINCT c FROM sbtest8 WHERE id BETWEEN 5289787 AND 5289796 ORDER BY c
	Unique  (cost=42.80..42.85 rows=11 width=121)
	  ->  Sort  (cost=42.80..42.83 rows=11 width=121)
	        Sort Key: c
	        ->  Index Scan using sbtest8_pkey on sbtest8  (cost=0.43..42.61 rows=11 width=121)
	              Index Cond: ((id >= 5289787) AND (id <= 5289796))

for point_selects
table 1 : explain SELECT c FROM sbtest1 WHERE id=2200035
	Index Scan using sbtest1_pkey on sbtest1  (cost=0.43..8.45 rows=1 width=121)
	  Index Cond: (id = 2200035)

table 2 : explain SELECT c FROM sbtest2 WHERE id=286214
	Index Scan using sbtest2_pkey on sbtest2  (cost=0.43..8.45 rows=1 width=121)
	  Index Cond: (id = 286214)

table 3 : explain SELECT c FROM sbtest3 WHERE id=2911061
	Index Scan using sbtest3_pkey on sbtest3  (cost=0.43..8.45 rows=1 width=121)
	  Index Cond: (id = 2911061)

table 4 : explain SELECT c FROM sbtest4 WHERE id=9754572
	Index Scan using sbtest4_pkey on sbtest4  (cost=0.43..8.45 rows=1 width=121)
	  Index Cond: (id = 9754572)

table 5 : explain SELECT c FROM sbtest5 WHERE id=2403666
	Index Scan using sbtest5_pkey on sbtest5  (cost=0.43..8.45 rows=1 width=121)
	  Index Cond: (id = 2403666)

table 6 : explain SELECT c FROM sbtest6 WHERE id=1078231
	Index Scan using sbtest6_pkey on sbtest6  (cost=0.43..8.45 rows=1 width=121)
	  Index Cond: (id = 1078231)

table 7 : explain SELECT c FROM sbtest7 WHERE id=1272785
	Index Scan using sbtest7_pkey on sbtest7  (cost=0.43..8.45 rows=1 width=121)
	  Index Cond: (id = 1272785)

table 8 : explain SELECT c FROM sbtest8 WHERE id=8310912
	Index Scan using sbtest8_pkey on sbtest8  (cost=0.43..8.45 rows=1 width=121)
	  Index Cond: (id = 8310912)

for point_selects
table 1 : explain SELECT c FROM sbtest1 WHERE id=5245962
	Index Scan using sbtest1_pkey on sbtest1  (cost=0.43..8.45 rows=1 width=121)
	  Index Cond: (id = 5245962)

table 2 : explain SELECT c FROM sbtest2 WHERE id=1793047
	Index Scan using sbtest2_pkey on sbtest2  (cost=0.43..8.45 rows=1 width=121)
	  Index Cond: (id = 1793047)

table 3 : explain SELECT c FROM sbtest3 WHERE id=6762158
	Index Scan using sbtest3_pkey on sbtest3  (cost=0.43..8.45 rows=1 width=121)
	  Index Cond: (id = 6762158)

table 4 : explain SELECT c FROM sbtest4 WHERE id=180176
	Index Scan using sbtest4_pkey on sbtest4  (cost=0.43..8.45 rows=1 width=121)
	  Index Cond: (id = 180176)

table 5 : explain SELECT c FROM sbtest5 WHERE id=8822102
	Index Scan using sbtest5_pkey on sbtest5  (cost=0.43..8.45 rows=1 width=121)
	  Index Cond: (id = 8822102)

table 6 : explain SELECT c FROM sbtest6 WHERE id=7601450
	Index Scan using sbtest6_pkey on sbtest6  (cost=0.43..8.45 rows=1 width=121)
	  Index Cond: (id = 7601450)

table 7 : explain SELECT c FROM sbtest7 WHERE id=6251597
	Index Scan using sbtest7_pkey on sbtest7  (cost=0.43..8.45 rows=1 width=121)
	  Index Cond: (id = 6251597)

table 8 : explain SELECT c FROM sbtest8 WHERE id=9256095
	Index Scan using sbtest8_pkey on sbtest8  (cost=0.43..8.45 rows=1 width=121)
	  Index Cond: (id = 9256095)

for: distinct_ranges
table 1 : explain SELECT DISTINCT c FROM sbtest1 WHERE id BETWEEN 3010247 AND 3010256 ORDER BY c
	Unique  (cost=35.74..35.78 rows=9 width=121)
	  ->  Sort  (cost=35.74..35.76 rows=9 width=121)
	        Sort Key: c
	        ->  Index Scan using sbtest1_pkey on sbtest1  (cost=0.43..35.60 rows=9 width=121)
	              Index Cond: ((id >= 3010247) AND (id <= 3010256))

table 2 : explain SELECT DISTINCT c FROM sbtest2 WHERE id BETWEEN 7240271 AND 7240280 ORDER BY c
	Unique  (cost=39.25..39.30 rows=10 width=121)
	  ->  Sort  (cost=39.25..39.28 rows=10 width=121)
	        Sort Key: c
	        ->  Index Scan using sbtest2_pkey on sbtest2  (cost=0.43..39.09 rows=10 width=121)
	              Index Cond: ((id >= 7240271) AND (id <= 7240280))

table 3 : explain SELECT DISTINCT c FROM sbtest3 WHERE id BETWEEN 8865487 AND 8865496 ORDER BY c
	Unique  (cost=36.01..36.05 rows=9 width=121)
	  ->  Sort  (cost=36.01..36.03 rows=9 width=121)
	        Sort Key: c
	        ->  Index Scan using sbtest3_pkey on sbtest3  (cost=0.43..35.87 rows=9 width=121)
	              Index Cond: ((id >= 8865487) AND (id <= 8865496))

table 4 : explain SELECT DISTINCT c FROM sbtest4 WHERE id BETWEEN 5374404 AND 5374413 ORDER BY c
	Unique  (cost=39.46..39.51 rows=10 width=121)
	  ->  Sort  (cost=39.46..39.49 rows=10 width=121)
	        Sort Key: c
	        ->  Index Scan using sbtest4_pkey on sbtest4  (cost=0.43..39.29 rows=10 width=121)
	              Index Cond: ((id >= 5374404) AND (id <= 5374413))

table 5 : explain SELECT DISTINCT c FROM sbtest5 WHERE id BETWEEN 1716860 AND 1716869 ORDER BY c
	Unique  (cost=39.37..39.42 rows=10 width=121)
	  ->  Sort  (cost=39.37..39.40 rows=10 width=121)
	        Sort Key: c
	        ->  Index Scan using sbtest5_pkey on sbtest5  (cost=0.43..39.21 rows=10 width=121)
	              Index Cond: ((id >= 1716860) AND (id <= 1716869))

table 6 : explain SELECT DISTINCT c FROM sbtest6 WHERE id BETWEEN 7147155 AND 7147164 ORDER BY c
	Unique  (cost=39.17..39.22 rows=10 width=121)
	  ->  Sort  (cost=39.17..39.20 rows=10 width=121)
	        Sort Key: c
	        ->  Index Scan using sbtest6_pkey on sbtest6  (cost=0.43..39.00 rows=10 width=121)
	              Index Cond: ((id >= 7147155) AND (id <= 7147164))

table 7 : explain SELECT DISTINCT c FROM sbtest7 WHERE id BETWEEN 5736029 AND 5736038 ORDER BY c
	Unique  (cost=42.83..42.89 rows=11 width=121)
	  ->  Sort  (cost=42.83..42.86 rows=11 width=121)
	        Sort Key: c
	        ->  Index Scan using sbtest7_pkey on sbtest7  (cost=0.43..42.64 rows=11 width=121)
	              Index Cond: ((id >= 5736029) AND (id <= 5736038))

table 8 : explain SELECT DISTINCT c FROM sbtest8 WHERE id BETWEEN 6954464 AND 6954473 ORDER BY c
	Unique  (cost=42.80..42.85 rows=11 width=121)
	  ->  Sort  (cost=42.80..42.83 rows=11 width=121)
	        Sort Key: c
	        ->  Index Scan using sbtest8_pkey on sbtest8  (cost=0.43..42.61 rows=11 width=121)
	              Index Cond: ((id >= 6954464) AND (id <= 6954473))

explain: for index_updates :: explain UPDATE sbtest%u SET k=k+1 WHERE id=%u
for: distinct_ranges
table 1 : explain SELECT DISTINCT c FROM sbtest1 WHERE id BETWEEN 9294686 AND 9294695 ORDER BY c
	Unique  (cost=39.15..39.20 rows=10 width=121)
	  ->  Sort  (cost=39.15..39.18 rows=10 width=121)
	        Sort Key: c
	        ->  Index Scan using sbtest1_pkey on sbtest1  (cost=0.43..38.99 rows=10 width=121)
	              Index Cond: ((id >= 9294686) AND (id <= 9294695))

table 2 : explain SELECT DISTINCT c FROM sbtest2 WHERE id BETWEEN 632396 AND 632405 ORDER BY c
	Unique  (cost=39.25..39.30 rows=10 width=121)
	  ->  Sort  (cost=39.25..39.28 rows=10 width=121)
	        Sort Key: c
	        ->  Index Scan using sbtest2_pkey on sbtest2  (cost=0.43..39.09 rows=10 width=121)
	              Index Cond: ((id >= 632396) AND (id <= 632405))

table 3 : explain SELECT DISTINCT c FROM sbtest3 WHERE id BETWEEN 5050849 AND 5050858 ORDER BY c
	Unique  (cost=39.46..39.51 rows=10 width=121)
	  ->  Sort  (cost=39.46..39.48 rows=10 width=121)
	        Sort Key: c
	        ->  Index Scan using sbtest3_pkey on sbtest3  (cost=0.43..39.29 rows=10 width=121)
	              Index Cond: ((id >= 5050849) AND (id <= 5050858))

table 4 : explain SELECT DISTINCT c FROM sbtest4 WHERE id BETWEEN 1935827 AND 1935836 ORDER BY c
	Unique  (cost=39.46..39.51 rows=10 width=121)
	  ->  Sort  (cost=39.46..39.49 rows=10 width=121)
	        Sort Key: c
	        ->  Index Scan using sbtest4_pkey on sbtest4  (cost=0.43..39.29 rows=10 width=121)
	              Index Cond: ((id >= 1935827) AND (id <= 1935836))

table 5 : explain SELECT DISTINCT c FROM sbtest5 WHERE id BETWEEN 1100507 AND 1100516 ORDER BY c
	Unique  (cost=39.37..39.42 rows=10 width=121)
	  ->  Sort  (cost=39.37..39.40 rows=10 width=121)
	        Sort Key: c
	        ->  Index Scan using sbtest5_pkey on sbtest5  (cost=0.43..39.21 rows=10 width=121)
	              Index Cond: ((id >= 1100507) AND (id <= 1100516))

table 6 : explain SELECT DISTINCT c FROM sbtest6 WHERE id BETWEEN 2105686 AND 2105695 ORDER BY c
	Unique  (cost=39.17..39.22 rows=10 width=121)
	  ->  Sort  (cost=39.17..39.20 rows=10 width=121)
	        Sort Key: c
	        ->  Index Scan using sbtest6_pkey on sbtest6  (cost=0.43..39.00 rows=10 width=121)
	              Index Cond: ((id >= 2105686) AND (id <= 2105695))

table 7 : explain SELECT DISTINCT c FROM sbtest7 WHERE id BETWEEN 8839794 AND 8839803 ORDER BY c
	Unique  (cost=42.83..42.89 rows=11 width=121)
	  ->  Sort  (cost=42.83..42.86 rows=11 width=121)
	        Sort Key: c
	        ->  Index Scan using sbtest7_pkey on sbtest7  (cost=0.43..42.64 rows=11 width=121)
	              Index Cond: ((id >= 8839794) AND (id <= 8839803))

table 8 : explain SELECT DISTINCT c FROM sbtest8 WHERE id BETWEEN 9451622 AND 9451631 ORDER BY c
	Unique  (cost=39.36..39.41 rows=10 width=121)
	  ->  Sort  (cost=39.36..39.38 rows=10 width=121)
	        Sort Key: c
	        ->  Index Scan using sbtest8_pkey on sbtest8  (cost=0.43..39.19 rows=10 width=121)
	              Index Cond: ((id >= 9451622) AND (id <= 9451631))

explain: for index_updates :: explain UPDATE sbtest%u SET k=k+1 WHERE id=%u
for: sum_ranges
table 1 : explain SELECT SUM(k) FROM sbtest1 WHERE id BETWEEN 4877552 AND 4877561
	Aggregate  (cost=39.01..39.02 rows=1 width=8)
	  ->  Index Scan using sbtest1_pkey on sbtest1  (cost=0.43..38.99 rows=10 width=4)
	        Index Cond: ((id >= 4877552) AND (id <= 4877561))

table 2 : explain SELECT SUM(k) FROM sbtest2 WHERE id BETWEEN 5170977 AND 5170986
	Aggregate  (cost=39.11..39.12 rows=1 width=8)
	  ->  Index Scan using sbtest2_pkey on sbtest2  (cost=0.43..39.09 rows=10 width=4)
	        Index Cond: ((id >= 5170977) AND (id <= 5170986))

table 3 : explain SELECT SUM(k) FROM sbtest3 WHERE id BETWEEN 2389931 AND 2389940
	Aggregate  (cost=39.32..39.33 rows=1 width=8)
	  ->  Index Scan using sbtest3_pkey on sbtest3  (cost=0.43..39.29 rows=10 width=4)
	        Index Cond: ((id >= 2389931) AND (id <= 2389940))

table 4 : explain SELECT SUM(k) FROM sbtest4 WHERE id BETWEEN 962239 AND 962248
	Aggregate  (cost=39.32..39.33 rows=1 width=8)
	  ->  Index Scan using sbtest4_pkey on sbtest4  (cost=0.43..39.29 rows=10 width=4)
	        Index Cond: ((id >= 962239) AND (id <= 962248))

table 5 : explain SELECT SUM(k) FROM sbtest5 WHERE id BETWEEN 6131930 AND 6131939
	Aggregate  (cost=42.65..42.66 rows=1 width=8)
	  ->  Index Scan using sbtest5_pkey on sbtest5  (cost=0.43..42.62 rows=11 width=4)
	        Index Cond: ((id >= 6131930) AND (id <= 6131939))

table 6 : explain SELECT SUM(k) FROM sbtest6 WHERE id BETWEEN 5456482 AND 5456491
	Aggregate  (cost=39.03..39.04 rows=1 width=8)
	  ->  Index Scan using sbtest6_pkey on sbtest6  (cost=0.43..39.00 rows=10 width=4)
	        Index Cond: ((id >= 5456482) AND (id <= 5456491))

table 7 : explain SELECT SUM(k) FROM sbtest7 WHERE id BETWEEN 7288536 AND 7288545
	Aggregate  (cost=42.67..42.68 rows=1 width=8)
	  ->  Index Scan using sbtest7_pkey on sbtest7  (cost=0.43..42.64 rows=11 width=4)
	        Index Cond: ((id >= 7288536) AND (id <= 7288545))

table 8 : explain SELECT SUM(k) FROM sbtest8 WHERE id BETWEEN 7737042 AND 7737051
	Aggregate  (cost=39.22..39.23 rows=1 width=8)
	  ->  Index Scan using sbtest8_pkey on sbtest8  (cost=0.43..39.19 rows=10 width=4)
	        Index Cond: ((id >= 7737042) AND (id <= 7737051))

explain: for index_updates :: explain UPDATE sbtest%u SET k=k+1 WHERE id=%u
explain: for index_updates :: explain UPDATE sbtest%u SET k=k+1 WHERE id=%u
explain: for index_updates :: explain UPDATE sbtest%u SET k=k+1 WHERE id=%u
for: distinct_ranges
table 1 : explain SELECT DISTINCT c FROM sbtest1 WHERE id BETWEEN 8490763 AND 8490772 ORDER BY c
	Unique  (cost=39.15..39.20 rows=10 width=121)
	  ->  Sort  (cost=39.15..39.18 rows=10 width=121)
	        Sort Key: c
	        ->  Index Scan using sbtest1_pkey on sbtest1  (cost=0.43..38.99 rows=10 width=121)
	              Index Cond: ((id >= 8490763) AND (id <= 8490772))

table 2 : explain SELECT DISTINCT c FROM sbtest2 WHERE id BETWEEN 1346111 AND 1346120 ORDER BY c
	Unique  (cost=42.68..42.74 rows=11 width=121)
	  ->  Sort  (cost=42.68..42.71 rows=11 width=121)
	        Sort Key: c
	        ->  Index Scan using sbtest2_pkey on sbtest2  (cost=0.43..42.49 rows=11 width=121)
	              Index Cond: ((id >= 1346111) AND (id <= 1346120))

table 3 : explain SELECT DISTINCT c FROM sbtest3 WHERE id BETWEEN 4615304 AND 4615313 ORDER BY c
	Unique  (cost=42.91..42.97 rows=11 width=121)
	  ->  Sort  (cost=42.91..42.94 rows=11 width=121)
	        Sort Key: c
	        ->  Index Scan using sbtest3_pkey on sbtest3  (cost=0.43..42.72 rows=11 width=121)
	              Index Cond: ((id >= 4615304) AND (id <= 4615313))

table 4 : explain SELECT DISTINCT c FROM sbtest4 WHERE id BETWEEN 9150470 AND 9150479 ORDER BY c
	Unique  (cost=39.46..39.51 rows=10 width=121)
	  ->  Sort  (cost=39.46..39.49 rows=10 width=121)
	        Sort Key: c
	        ->  Index Scan using sbtest4_pkey on sbtest4  (cost=0.43..39.29 rows=10 width=121)
	              Index Cond: ((id >= 9150470) AND (id <= 9150479))

table 5 : explain SELECT DISTINCT c FROM sbtest5 WHERE id BETWEEN 2192132 AND 2192141 ORDER BY c
	Unique  (cost=42.81..42.87 rows=11 width=121)
	  ->  Sort  (cost=42.81..42.84 rows=11 width=121)
	        Sort Key: c
	        ->  Index Scan using sbtest5_pkey on sbtest5  (cost=0.43..42.62 rows=11 width=121)
	              Index Cond: ((id >= 2192132) AND (id <= 2192141))

table 6 : explain SELECT DISTINCT c FROM sbtest6 WHERE id BETWEEN 6924626 AND 6924635 ORDER BY c
	Unique  (cost=39.17..39.22 rows=10 width=121)
	  ->  Sort  (cost=39.17..39.20 rows=10 width=121)
	        Sort Key: c
	        ->  Index Scan using sbtest6_pkey on sbtest6  (cost=0.43..39.00 rows=10 width=121)
	              Index Cond: ((id >= 6924626) AND (id <= 6924635))

table 7 : explain SELECT DISTINCT c FROM sbtest7 WHERE id BETWEEN 2169814 AND 2169823 ORDER BY c
	Unique  (cost=35.95..35.99 rows=9 width=121)
	  ->  Sort  (cost=35.95..35.97 rows=9 width=121)
	        Sort Key: c
	        ->  Index Scan using sbtest7_pkey on sbtest7  (cost=0.43..35.81 rows=9 width=121)
	              Index Cond: ((id >= 2169814) AND (id <= 2169823))

table 8 : explain SELECT DISTINCT c FROM sbtest8 WHERE id BETWEEN 9600374 AND 9600383 ORDER BY c
	Unique  (cost=39.36..39.41 rows=10 width=121)
	  ->  Sort  (cost=39.36..39.38 rows=10 width=121)
	        Sort Key: c
	        ->  Index Scan using sbtest8_pkey on sbtest8  (cost=0.43..39.19 rows=10 width=121)
	              Index Cond: ((id >= 9600374) AND (id <= 9600383))

explain: for index_updates :: explain UPDATE sbtest%u SET k=k+1 WHERE id=%u
explain: for index_updates :: explain UPDATE sbtest%u SET k=k+1 WHERE id=%u
for: distinct_ranges
table 1 : explain SELECT DISTINCT c FROM sbtest1 WHERE id BETWEEN 2859470 AND 2859479 ORDER BY c
	Unique  (cost=42.57..42.63 rows=11 width=121)
	  ->  Sort  (cost=42.57..42.60 rows=11 width=121)
	        Sort Key: c
	        ->  Index Scan using sbtest1_pkey on sbtest1  (cost=0.43..42.38 rows=11 width=121)
	              Index Cond: ((id >= 2859470) AND (id <= 2859479))

table 2 : explain SELECT DISTINCT c FROM sbtest2 WHERE id BETWEEN 2935570 AND 2935579 ORDER BY c
	Unique  (cost=39.25..39.30 rows=10 width=121)
	  ->  Sort  (cost=39.25..39.28 rows=10 width=121)
	        Sort Key: c
	        ->  Index Scan using sbtest2_pkey on sbtest2  (cost=0.43..39.09 rows=10 width=121)
	              Index Cond: ((id >= 2935570) AND (id <= 2935579))

table 3 : explain SELECT DISTINCT c FROM sbtest3 WHERE id BETWEEN 4019204 AND 4019213 ORDER BY c
	Unique  (cost=42.91..42.97 rows=11 width=121)
	  ->  Sort  (cost=42.91..42.94 rows=11 width=121)
	        Sort Key: c
	        ->  Index Scan using sbtest3_pkey on sbtest3  (cost=0.43..42.72 rows=11 width=121)
	              Index Cond: ((id >= 4019204) AND (id <= 4019213))

table 4 : explain SELECT DISTINCT c FROM sbtest4 WHERE id BETWEEN 6433829 AND 6433838 ORDER BY c
	Unique  (cost=39.46..39.51 rows=10 width=121)
	  ->  Sort  (cost=39.46..39.49 rows=10 width=121)
	        Sort Key: c
	        ->  Index Scan using sbtest4_pkey on sbtest4  (cost=0.43..39.29 rows=10 width=121)
	              Index Cond: ((id >= 6433829) AND (id <= 6433838))

table 5 : explain SELECT DISTINCT c FROM sbtest5 WHERE id BETWEEN 2410124 AND 2410133 ORDER BY c
	Unique  (cost=35.93..35.98 rows=9 width=121)
	  ->  Sort  (cost=35.93..35.95 rows=9 width=121)
	        Sort Key: c
	        ->  Index Scan using sbtest5_pkey on sbtest5  (cost=0.43..35.79 rows=9 width=121)
	              Index Cond: ((id >= 2410124) AND (id <= 2410133))

table 6 : explain SELECT DISTINCT c FROM sbtest6 WHERE id BETWEEN 3548868 AND 3548877 ORDER BY c
	Unique  (cost=39.17..39.22 rows=10 width=121)
	  ->  Sort  (cost=39.17..39.20 rows=10 width=121)
	        Sort Key: c
	        ->  Index Scan using sbtest6_pkey on sbtest6  (cost=0.43..39.00 rows=10 width=121)
	              Index Cond: ((id >= 3548868) AND (id <= 3548877))

table 7 : explain SELECT DISTINCT c FROM sbtest7 WHERE id BETWEEN 2019910 AND 2019919 ORDER BY c
	Unique  (cost=39.39..39.44 rows=10 width=121)
	  ->  Sort  (cost=39.39..39.42 rows=10 width=121)
	        Sort Key: c
	        ->  Index Scan using sbtest7_pkey on sbtest7  (cost=0.43..39.22 rows=10 width=121)
	              Index Cond: ((id >= 2019910) AND (id <= 2019919))

table 8 : explain SELECT DISTINCT c FROM sbtest8 WHERE id BETWEEN 875675 AND 875684 ORDER BY c
	Unique  (cost=39.36..39.41 rows=10 width=121)
	  ->  Sort  (cost=39.36..39.38 rows=10 width=121)
	        Sort Key: c
	        ->  Index Scan using sbtest8_pkey on sbtest8  (cost=0.43..39.19 rows=10 width=121)
	              Index Cond: ((id >= 875675) AND (id <= 875684))

for index_updates
table 1 : explain UPDATE sbtest1 SET k=k+1 WHERE id=463336
	Update on sbtest1  (cost=0.43..8.46 rows=1 width=196)
	  ->  Index Scan using sbtest1_pkey on sbtest1  (cost=0.43..8.46 rows=1 width=196)
	        Index Cond: (id = 463336)

table 2 : explain UPDATE sbtest2 SET k=k+1 WHERE id=7618308
	Update on sbtest2  (cost=0.43..8.46 rows=1 width=196)
	  ->  Index Scan using sbtest2_pkey on sbtest2  (cost=0.43..8.46 rows=1 width=196)
	        Index Cond: (id = 7618308)

table 3 : explain UPDATE sbtest3 SET k=k+1 WHERE id=3560639
	Update on sbtest3  (cost=0.43..8.46 rows=1 width=196)
	  ->  Index Scan using sbtest3_pkey on sbtest3  (cost=0.43..8.46 rows=1 width=196)
	        Index Cond: (id = 3560639)

table 4 : explain UPDATE sbtest4 SET k=k+1 WHERE id=6542899
	Update on sbtest4  (cost=0.43..8.46 rows=1 width=196)
	  ->  Index Scan using sbtest4_pkey on sbtest4  (cost=0.43..8.46 rows=1 width=196)
	        Index Cond: (id = 6542899)

table 5 : explain UPDATE sbtest5 SET k=k+1 WHERE id=5142933
	Update on sbtest5  (cost=0.43..8.46 rows=1 width=196)
	  ->  Index Scan using sbtest5_pkey on sbtest5  (cost=0.43..8.46 rows=1 width=196)
	        Index Cond: (id = 5142933)

table 6 : explain UPDATE sbtest6 SET k=k+1 WHERE id=8990931
	Update on sbtest6  (cost=0.43..8.46 rows=1 width=196)
	  ->  Index Scan using sbtest6_pkey on sbtest6  (cost=0.43..8.46 rows=1 width=196)
	        Index Cond: (id = 8990931)

table 7 : explain UPDATE sbtest7 SET k=k+1 WHERE id=9648990
	Update on sbtest7  (cost=0.43..8.46 rows=1 width=196)
	  ->  Index Scan using sbtest7_pkey on sbtest7  (cost=0.43..8.46 rows=1 width=196)
	        Index Cond: (id = 9648990)

table 8 : explain UPDATE sbtest8 SET k=k+1 WHERE id=8773820
	Update on sbtest8  (cost=0.43..8.46 rows=1 width=196)
	  ->  Index Scan using sbtest8_pkey on sbtest8  (cost=0.43..8.46 rows=1 width=196)
	        Index Cond: (id = 8773820)

for point_selects
table 1 : explain SELECT c FROM sbtest1 WHERE id=4526187
	Index Scan using sbtest1_pkey on sbtest1  (cost=0.43..8.45 rows=1 width=121)
	  Index Cond: (id = 4526187)

table 2 : explain SELECT c FROM sbtest2 WHERE id=9478476
	Index Scan using sbtest2_pkey on sbtest2  (cost=0.43..8.45 rows=1 width=121)
	  Index Cond: (id = 9478476)

table 3 : explain SELECT c FROM sbtest3 WHERE id=3229465
	Index Scan using sbtest3_pkey on sbtest3  (cost=0.43..8.45 rows=1 width=121)
	  Index Cond: (id = 3229465)

table 4 : explain SELECT c FROM sbtest4 WHERE id=9452205
	Index Scan using sbtest4_pkey on sbtest4  (cost=0.43..8.45 rows=1 width=121)
	  Index Cond: (id = 9452205)

table 5 : explain SELECT c FROM sbtest5 WHERE id=75471
	Index Scan using sbtest5_pkey on sbtest5  (cost=0.43..8.45 rows=1 width=121)
	  Index Cond: (id = 75471)

table 6 : explain SELECT c FROM sbtest6 WHERE id=1346664
	Index Scan using sbtest6_pkey on sbtest6  (cost=0.43..8.45 rows=1 width=121)
	  Index Cond: (id = 1346664)

table 7 : explain SELECT c FROM sbtest7 WHERE id=9919015
	Index Scan using sbtest7_pkey on sbtest7  (cost=0.43..8.45 rows=1 width=121)
	  Index Cond: (id = 9919015)

table 8 : explain SELECT c FROM sbtest8 WHERE id=3634236
	Index Scan using sbtest8_pkey on sbtest8  (cost=0.43..8.45 rows=1 width=121)
	  Index Cond: (id = 3634236)

explain: for index_updates :: explain UPDATE sbtest%u SET k=k+1 WHERE id=%u
for: order_ranges
table 1 : explain SELECT c FROM sbtest1 WHERE id BETWEEN 6401829 AND 6401838 ORDER BY c
	Sort  (cost=42.57..42.60 rows=11 width=121)
	  Sort Key: c
	  ->  Index Scan using sbtest1_pkey on sbtest1  (cost=0.43..42.38 rows=11 width=121)
	        Index Cond: ((id >= 6401829) AND (id <= 6401838))

table 2 : explain SELECT c FROM sbtest2 WHERE id BETWEEN 5346403 AND 5346412 ORDER BY c
	Sort  (cost=35.83..35.85 rows=9 width=121)
	  Sort Key: c
	  ->  Index Scan using sbtest2_pkey on sbtest2  (cost=0.43..35.68 rows=9 width=121)
	        Index Cond: ((id >= 5346403) AND (id <= 5346412))

table 3 : explain SELECT c FROM sbtest3 WHERE id BETWEEN 8422737 AND 8422746 ORDER BY c
	Sort  (cost=39.46..39.48 rows=10 width=121)
	  Sort Key: c
	  ->  Index Scan using sbtest3_pkey on sbtest3  (cost=0.43..39.29 rows=10 width=121)
	        Index Cond: ((id >= 8422737) AND (id <= 8422746))

table 4 : explain SELECT c FROM sbtest4 WHERE id BETWEEN 7065297 AND 7065306 ORDER BY c
	Sort  (cost=36.01..36.03 rows=9 width=121)
	  Sort Key: c
	  ->  Index Scan using sbtest4_pkey on sbtest4  (cost=0.43..35.87 rows=9 width=121)
	        Index Cond: ((id >= 7065297) AND (id <= 7065306))

table 5 : explain SELECT c FROM sbtest5 WHERE id BETWEEN 2674611 AND 2674620 ORDER BY c
	Sort  (cost=42.81..42.84 rows=11 width=121)
	  Sort Key: c
	  ->  Index Scan using sbtest5_pkey on sbtest5  (cost=0.43..42.62 rows=11 width=121)
	        Index Cond: ((id >= 2674611) AND (id <= 2674620))

table 6 : explain SELECT c FROM sbtest6 WHERE id BETWEEN 2525999 AND 2526008 ORDER BY c
	Sort  (cost=39.17..39.20 rows=10 width=121)
	  Sort Key: c
	  ->  Index Scan using sbtest6_pkey on sbtest6  (cost=0.43..39.00 rows=10 width=121)
	        Index Cond: ((id >= 2525999) AND (id <= 2526008))

table 7 : explain SELECT c FROM sbtest7 WHERE id BETWEEN 7323091 AND 7323100 ORDER BY c
	Sort  (cost=42.83..42.86 rows=11 width=121)
	  Sort Key: c
	  ->  Index Scan using sbtest7_pkey on sbtest7  (cost=0.43..42.64 rows=11 width=121)
	        Index Cond: ((id >= 7323091) AND (id <= 7323100))

table 8 : explain SELECT c FROM sbtest8 WHERE id BETWEEN 1102275 AND 1102284 ORDER BY c
	Sort  (cost=39.36..39.38 rows=10 width=121)
	  Sort Key: c
	  ->  Index Scan using sbtest8_pkey on sbtest8  (cost=0.43..39.19 rows=10 width=121)
	        Index Cond: ((id >= 1102275) AND (id <= 1102284))

explain: for index_updates :: explain UPDATE sbtest%u SET k=k+1 WHERE id=%u
for non_index_updates
table 1 : explain UPDATE sbtest1 SET c='foobar' WHERE id=6603633
	Update on sbtest1  (cost=0.43..8.45 rows=1 width=559)
	  ->  Index Scan using sbtest1_pkey on sbtest1  (cost=0.43..8.45 rows=1 width=559)
	        Index Cond: (id = 6603633)

table 2 : explain UPDATE sbtest2 SET c='foobar' WHERE id=8174964
	Update on sbtest2  (cost=0.43..8.45 rows=1 width=559)
	  ->  Index Scan using sbtest2_pkey on sbtest2  (cost=0.43..8.45 rows=1 width=559)
	        Index Cond: (id = 8174964)

table 3 : explain UPDATE sbtest3 SET c='foobar' WHERE id=231506
	Update on sbtest3  (cost=0.43..8.45 rows=1 width=559)
	  ->  Index Scan using sbtest3_pkey on sbtest3  (cost=0.43..8.45 rows=1 width=559)
	        Index Cond: (id = 231506)

table 4 : explain UPDATE sbtest4 SET c='foobar' WHERE id=9114926
	Update on sbtest4  (cost=0.43..8.45 rows=1 width=559)
	  ->  Index Scan using sbtest4_pkey on sbtest4  (cost=0.43..8.45 rows=1 width=559)
	        Index Cond: (id = 9114926)

table 5 : explain UPDATE sbtest5 SET c='foobar' WHERE id=2251281
	Update on sbtest5  (cost=0.43..8.45 rows=1 width=559)
	  ->  Index Scan using sbtest5_pkey on sbtest5  (cost=0.43..8.45 rows=1 width=559)
	        Index Cond: (id = 2251281)

table 6 : explain UPDATE sbtest6 SET c='foobar' WHERE id=5939076
	Update on sbtest6  (cost=0.43..8.45 rows=1 width=559)
	  ->  Index Scan using sbtest6_pkey on sbtest6  (cost=0.43..8.45 rows=1 width=559)
	        Index Cond: (id = 5939076)

table 7 : explain UPDATE sbtest7 SET c='foobar' WHERE id=3541315
	Update on sbtest7  (cost=0.43..8.45 rows=1 width=559)
	  ->  Index Scan using sbtest7_pkey on sbtest7  (cost=0.43..8.45 rows=1 width=559)
	        Index Cond: (id = 3541315)

table 8 : explain UPDATE sbtest8 SET c='foobar' WHERE id=1404336
	Update on sbtest8  (cost=0.43..8.45 rows=1 width=559)
	  ->  Index Scan using sbtest8_pkey on sbtest8  (cost=0.43..8.45 rows=1 width=559)
	        Index Cond: (id = 1404336)

for: distinct_ranges
table 1 : explain SELECT DISTINCT c FROM sbtest1 WHERE id BETWEEN 8380942 AND 8380951 ORDER BY c
	Unique  (cost=39.15..39.20 rows=10 width=121)
	  ->  Sort  (cost=39.15..39.18 rows=10 width=121)
	        Sort Key: c
	        ->  Index Scan using sbtest1_pkey on sbtest1  (cost=0.43..38.99 rows=10 width=121)
	              Index Cond: ((id >= 8380942) AND (id <= 8380951))

table 2 : explain SELECT DISTINCT c FROM sbtest2 WHERE id BETWEEN 6525801 AND 6525810 ORDER BY c
	Unique  (cost=39.25..39.30 rows=10 width=121)
	  ->  Sort  (cost=39.25..39.28 rows=10 width=121)
	        Sort Key: c
	        ->  Index Scan using sbtest2_pkey on sbtest2  (cost=0.43..39.09 rows=10 width=121)
	              Index Cond: ((id >= 6525801) AND (id <= 6525810))

table 3 : explain SELECT DISTINCT c FROM sbtest3 WHERE id BETWEEN 3376664 AND 3376673 ORDER BY c
	Unique  (cost=39.46..39.51 rows=10 width=121)
	  ->  Sort  (cost=39.46..39.48 rows=10 width=121)
	        Sort Key: c
	        ->  Index Scan using sbtest3_pkey on sbtest3  (cost=0.43..39.29 rows=10 width=121)
	              Index Cond: ((id >= 3376664) AND (id <= 3376673))

table 4 : explain SELECT DISTINCT c FROM sbtest4 WHERE id BETWEEN 3525850 AND 3525859 ORDER BY c
	Unique  (cost=36.01..36.06 rows=9 width=121)
	  ->  Sort  (cost=36.01..36.03 rows=9 width=121)
	        Sort Key: c
	        ->  Index Scan using sbtest4_pkey on sbtest4  (cost=0.43..35.87 rows=9 width=121)
	              Index Cond: ((id >= 3525850) AND (id <= 3525859))

table 5 : explain SELECT DISTINCT c FROM sbtest5 WHERE id BETWEEN 1427380 AND 1427389 ORDER BY c
	Unique  (cost=35.93..35.98 rows=9 width=121)
	  ->  Sort  (cost=35.93..35.95 rows=9 width=121)
	        Sort Key: c
	        ->  Index Scan using sbtest5_pkey on sbtest5  (cost=0.43..35.79 rows=9 width=121)
	              Index Cond: ((id >= 1427380) AND (id <= 1427389))

table 6 : explain SELECT DISTINCT c FROM sbtest6 WHERE id BETWEEN 4566650 AND 4566659 ORDER BY c
	Unique  (cost=39.17..39.22 rows=10 width=121)
	  ->  Sort  (cost=39.17..39.20 rows=10 width=121)
	        Sort Key: c
	        ->  Index Scan using sbtest6_pkey on sbtest6  (cost=0.43..39.00 rows=10 width=121)
	              Index Cond: ((id >= 4566650) AND (id <= 4566659))

table 7 : explain SELECT DISTINCT c FROM sbtest7 WHERE id BETWEEN 5284957 AND 5284966 ORDER BY c
	Unique  (cost=35.95..35.99 rows=9 width=121)
	  ->  Sort  (cost=35.95..35.97 rows=9 width=121)
	        Sort Key: c
	        ->  Index Scan using sbtest7_pkey on sbtest7  (cost=0.43..35.81 rows=9 width=121)
	              Index Cond: ((id >= 5284957) AND (id <= 5284966))

table 8 : explain SELECT DISTINCT c FROM sbtest8 WHERE id BETWEEN 2745853 AND 2745862 ORDER BY c
	Unique  (cost=39.36..39.41 rows=10 width=121)
	  ->  Sort  (cost=39.36..39.38 rows=10 width=121)
	        Sort Key: c
	        ->  Index Scan using sbtest8_pkey on sbtest8  (cost=0.43..39.19 rows=10 width=121)
	              Index Cond: ((id >= 2745853) AND (id <= 2745862))

explain: for index_updates :: explain UPDATE sbtest%u SET k=k+1 WHERE id=%u
explain: for index_updates :: explain UPDATE sbtest%u SET k=k+1 WHERE id=%u
explain: for non_index_updates :: explain UPDATE sbtest%u SET c='foobar' WHERE id=%u
for index_updates
table 1 : explain UPDATE sbtest1 SET k=k+1 WHERE id=5089086
	Update on sbtest1  (cost=0.43..8.46 rows=1 width=196)
	  ->  Index Scan using sbtest1_pkey on sbtest1  (cost=0.43..8.46 rows=1 width=196)
	        Index Cond: (id = 5089086)

table 2 : explain UPDATE sbtest2 SET k=k+1 WHERE id=5978004
	Update on sbtest2  (cost=0.43..8.46 rows=1 width=196)
	  ->  Index Scan using sbtest2_pkey on sbtest2  (cost=0.43..8.46 rows=1 width=196)
	        Index Cond: (id = 5978004)

table 3 : explain UPDATE sbtest3 SET k=k+1 WHERE id=7743550
	Update on sbtest3  (cost=0.43..8.46 rows=1 width=196)
	  ->  Index Scan using sbtest3_pkey on sbtest3  (cost=0.43..8.46 rows=1 width=196)
	        Index Cond: (id = 7743550)

table 4 : explain UPDATE sbtest4 SET k=k+1 WHERE id=9871517
	Update on sbtest4  (cost=0.43..8.46 rows=1 width=196)
	  ->  Index Scan using sbtest4_pkey on sbtest4  (cost=0.43..8.46 rows=1 width=196)
	        Index Cond: (id = 9871517)

table 5 : explain UPDATE sbtest5 SET k=k+1 WHERE id=7391029
	Update on sbtest5  (cost=0.43..8.46 rows=1 width=196)
	  ->  Index Scan using sbtest5_pkey on sbtest5  (cost=0.43..8.46 rows=1 width=196)
	        Index Cond: (id = 7391029)

table 6 : explain UPDATE sbtest6 SET k=k+1 WHERE id=7529687
	Update on sbtest6  (cost=0.43..8.46 rows=1 width=196)
	  ->  Index Scan using sbtest6_pkey on sbtest6  (cost=0.43..8.46 rows=1 width=196)
	        Index Cond: (id = 7529687)

table 7 : explain UPDATE sbtest7 SET k=k+1 WHERE id=8573932
	Update on sbtest7  (cost=0.43..8.46 rows=1 width=196)
	  ->  Index Scan using sbtest7_pkey on sbtest7  (cost=0.43..8.46 rows=1 width=196)
	        Index Cond: (id = 8573932)

table 8 : explain UPDATE sbtest8 SET k=k+1 WHERE id=1213506
	Update on sbtest8  (cost=0.43..8.46 rows=1 width=196)
	  ->  Index Scan using sbtest8_pkey on sbtest8  (cost=0.43..8.46 rows=1 width=196)
	        Index Cond: (id = 1213506)

for: simple_ranges
table 1 : explain SELECT c FROM sbtest1 WHERE id BETWEEN 3012247 AND 3012256
	Index Scan using sbtest1_pkey on sbtest1  (cost=0.43..35.60 rows=9 width=121)
	  Index Cond: ((id >= 3012247) AND (id <= 3012256))

table 2 : explain SELECT c FROM sbtest2 WHERE id BETWEEN 2666689 AND 2666698
	Index Scan using sbtest2_pkey on sbtest2  (cost=0.43..39.09 rows=10 width=121)
	  Index Cond: ((id >= 2666689) AND (id <= 2666698))

table 3 : explain SELECT c FROM sbtest3 WHERE id BETWEEN 3935099 AND 3935108
	Index Scan using sbtest3_pkey on sbtest3  (cost=0.43..39.29 rows=10 width=121)
	  Index Cond: ((id >= 3935099) AND (id <= 3935108))

table 4 : explain SELECT c FROM sbtest4 WHERE id BETWEEN 3799083 AND 3799092
	Index Scan using sbtest4_pkey on sbtest4  (cost=0.43..39.29 rows=10 width=121)
	  Index Cond: ((id >= 3799083) AND (id <= 3799092))

table 5 : explain SELECT c FROM sbtest5 WHERE id BETWEEN 8719276 AND 8719285
	Index Scan using sbtest5_pkey on sbtest5  (cost=0.43..39.21 rows=10 width=121)
	  Index Cond: ((id >= 8719276) AND (id <= 8719285))

table 6 : explain SELECT c FROM sbtest6 WHERE id BETWEEN 7657820 AND 7657829
	Index Scan using sbtest6_pkey on sbtest6  (cost=0.43..39.00 rows=10 width=121)
	  Index Cond: ((id >= 7657820) AND (id <= 7657829))

table 7 : explain SELECT c FROM sbtest7 WHERE id BETWEEN 5372229 AND 5372238
	Index Scan using sbtest7_pkey on sbtest7  (cost=0.43..35.81 rows=9 width=121)
	  Index Cond: ((id >= 5372229) AND (id <= 5372238))

table 8 : explain SELECT c FROM sbtest8 WHERE id BETWEEN 932138 AND 932147
	Index Scan using sbtest8_pkey on sbtest8  (cost=0.43..39.19 rows=10 width=121)
	  Index Cond: ((id >= 932138) AND (id <= 932147))

for: order_ranges
table 1 : explain SELECT c FROM sbtest1 WHERE id BETWEEN 8707294 AND 8707303 ORDER BY c
	Sort  (cost=42.57..42.60 rows=11 width=121)
	  Sort Key: c
	  ->  Index Scan using sbtest1_pkey on sbtest1  (cost=0.43..42.38 rows=11 width=121)
	        Index Cond: ((id >= 8707294) AND (id <= 8707303))

table 2 : explain SELECT c FROM sbtest2 WHERE id BETWEEN 833353 AND 833362 ORDER BY c
	Sort  (cost=35.83..35.85 rows=9 width=121)
	  Sort Key: c
	  ->  Index Scan using sbtest2_pkey on sbtest2  (cost=0.43..35.68 rows=9 width=121)
	        Index Cond: ((id >= 833353) AND (id <= 833362))

table 3 : explain SELECT c FROM sbtest3 WHERE id BETWEEN 6221117 AND 6221126 ORDER BY c
	Sort  (cost=39.46..39.48 rows=10 width=121)
	  Sort Key: c
	  ->  Index Scan using sbtest3_pkey on sbtest3  (cost=0.43..39.29 rows=10 width=121)
	        Index Cond: ((id >= 6221117) AND (id <= 6221126))

table 4 : explain SELECT c FROM sbtest4 WHERE id BETWEEN 5370736 AND 5370745 ORDER BY c
	Sort  (cost=39.46..39.49 rows=10 width=121)
	  Sort Key: c
	  ->  Index Scan using sbtest4_pkey on sbtest4  (cost=0.43..39.29 rows=10 width=121)
	        Index Cond: ((id >= 5370736) AND (id <= 5370745))

table 5 : explain SELECT c FROM sbtest5 WHERE id BETWEEN 4211525 AND 4211534 ORDER BY c
	Sort  (cost=42.81..42.84 rows=11 width=121)
	  Sort Key: c
	  ->  Index Scan using sbtest5_pkey on sbtest5  (cost=0.43..42.62 rows=11 width=121)
	        Index Cond: ((id >= 4211525) AND (id <= 4211534))

table 6 : explain SELECT c FROM sbtest6 WHERE id BETWEEN 1729399 AND 1729408 ORDER BY c
	Sort  (cost=39.17..39.20 rows=10 width=121)
	  Sort Key: c
	  ->  Index Scan using sbtest6_pkey on sbtest6  (cost=0.43..39.00 rows=10 width=121)
	        Index Cond: ((id >= 1729399) AND (id <= 1729408))

table 7 : explain SELECT c FROM sbtest7 WHERE id BETWEEN 7612770 AND 7612779 ORDER BY c
	Sort  (cost=39.39..39.42 rows=10 width=121)
	  Sort Key: c
	  ->  Index Scan using sbtest7_pkey on sbtest7  (cost=0.43..39.22 rows=10 width=121)
	        Index Cond: ((id >= 7612770) AND (id <= 7612779))

table 8 : explain SELECT c FROM sbtest8 WHERE id BETWEEN 4264692 AND 4264701 ORDER BY c
	Sort  (cost=42.80..42.83 rows=11 width=121)
	  Sort Key: c
	  ->  Index Scan using sbtest8_pkey on sbtest8  (cost=0.43..42.61 rows=11 width=121)
	        Index Cond: ((id >= 4264692) AND (id <= 4264701))

for index_updates
table 1 : explain UPDATE sbtest1 SET k=k+1 WHERE id=3245066
	Update on sbtest1  (cost=0.43..8.46 rows=1 width=196)
	  ->  Index Scan using sbtest1_pkey on sbtest1  (cost=0.43..8.46 rows=1 width=196)
	        Index Cond: (id = 3245066)

table 2 : explain UPDATE sbtest2 SET k=k+1 WHERE id=1901487
	Update on sbtest2  (cost=0.43..8.46 rows=1 width=196)
	  ->  Index Scan using sbtest2_pkey on sbtest2  (cost=0.43..8.46 rows=1 width=196)
	        Index Cond: (id = 1901487)

table 3 : explain UPDATE sbtest3 SET k=k+1 WHERE id=7333593
	Update on sbtest3  (cost=0.43..8.46 rows=1 width=196)
	  ->  Index Scan using sbtest3_pkey on sbtest3  (cost=0.43..8.46 rows=1 width=196)
	        Index Cond: (id = 7333593)

table 4 : explain UPDATE sbtest4 SET k=k+1 WHERE id=7136309
	Update on sbtest4  (cost=0.43..8.46 rows=1 width=196)
	  ->  Index Scan using sbtest4_pkey on sbtest4  (cost=0.43..8.46 rows=1 width=196)
	        Index Cond: (id = 7136309)

table 5 : explain UPDATE sbtest5 SET k=k+1 WHERE id=9084780
	Update on sbtest5  (cost=0.43..8.46 rows=1 width=196)
	  ->  Index Scan using sbtest5_pkey on sbtest5  (cost=0.43..8.46 rows=1 width=196)
	        Index Cond: (id = 9084780)

table 6 : explain UPDATE sbtest6 SET k=k+1 WHERE id=6878661
	Update on sbtest6  (cost=0.43..8.46 rows=1 width=196)
	  ->  Index Scan using sbtest6_pkey on sbtest6  (cost=0.43..8.46 rows=1 width=196)
	        Index Cond: (id = 6878661)

table 7 : explain UPDATE sbtest7 SET k=k+1 WHERE id=8264583
	Update on sbtest7  (cost=0.43..8.46 rows=1 width=196)
	  ->  Index Scan using sbtest7_pkey on sbtest7  (cost=0.43..8.46 rows=1 width=196)
	        Index Cond: (id = 8264583)

table 8 : explain UPDATE sbtest8 SET k=k+1 WHERE id=5479539
	Update on sbtest8  (cost=0.43..8.46 rows=1 width=196)
	  ->  Index Scan using sbtest8_pkey on sbtest8  (cost=0.43..8.46 rows=1 width=196)
	        Index Cond: (id = 5479539)

for index_updates
table 1 : explain UPDATE sbtest1 SET k=k+1 WHERE id=4684930
	Update on sbtest1  (cost=0.43..8.46 rows=1 width=196)
	  ->  Index Scan using sbtest1_pkey on sbtest1  (cost=0.43..8.46 rows=1 width=196)
	        Index Cond: (id = 4684930)

table 2 : explain UPDATE sbtest2 SET k=k+1 WHERE id=9140
	Update on sbtest2  (cost=0.43..8.46 rows=1 width=196)
	  ->  Index Scan using sbtest2_pkey on sbtest2  (cost=0.43..8.46 rows=1 width=196)
	        Index Cond: (id = 9140)

table 3 : explain UPDATE sbtest3 SET k=k+1 WHERE id=7056993
	Update on sbtest3  (cost=0.43..8.46 rows=1 width=196)
	  ->  Index Scan using sbtest3_pkey on sbtest3  (cost=0.43..8.46 rows=1 width=196)
	        Index Cond: (id = 7056993)

table 4 : explain UPDATE sbtest4 SET k=k+1 WHERE id=1487981
	Update on sbtest4  (cost=0.43..8.46 rows=1 width=196)
	  ->  Index Scan using sbtest4_pkey on sbtest4  (cost=0.43..8.46 rows=1 width=196)
	        Index Cond: (id = 1487981)

table 5 : explain UPDATE sbtest5 SET k=k+1 WHERE id=1135945
	Update on sbtest5  (cost=0.43..8.46 rows=1 width=196)
	  ->  Index Scan using sbtest5_pkey on sbtest5  (cost=0.43..8.46 rows=1 width=196)
	        Index Cond: (id = 1135945)

table 6 : explain UPDATE sbtest6 SET k=k+1 WHERE id=1032684
	Update on sbtest6  (cost=0.43..8.46 rows=1 width=196)
	  ->  Index Scan using sbtest6_pkey on sbtest6  (cost=0.43..8.46 rows=1 width=196)
	        Index Cond: (id = 1032684)

table 7 : explain UPDATE sbtest7 SET k=k+1 WHERE id=9633925
	Update on sbtest7  (cost=0.43..8.46 rows=1 width=196)
	  ->  Index Scan using sbtest7_pkey on sbtest7  (cost=0.43..8.46 rows=1 width=196)
	        Index Cond: (id = 9633925)

table 8 : explain UPDATE sbtest8 SET k=k+1 WHERE id=3743989
	Update on sbtest8  (cost=0.43..8.46 rows=1 width=196)
	  ->  Index Scan using sbtest8_pkey on sbtest8  (cost=0.43..8.46 rows=1 width=196)
	        Index Cond: (id = 3743989)

explain: for deletes :: explain DELETE FROM sbtest%u WHERE id=%u
for point_selects
table 1 : explain SELECT c FROM sbtest1 WHERE id=4111491
	Index Scan using sbtest1_pkey on sbtest1  (cost=0.43..8.45 rows=1 width=121)
	  Index Cond: (id = 4111491)

table 2 : explain SELECT c FROM sbtest2 WHERE id=5557157
	Index Scan using sbtest2_pkey on sbtest2  (cost=0.43..8.45 rows=1 width=121)
	  Index Cond: (id = 5557157)

table 3 : explain SELECT c FROM sbtest3 WHERE id=6187602
	Index Scan using sbtest3_pkey on sbtest3  (cost=0.43..8.45 rows=1 width=121)
	  Index Cond: (id = 6187602)

table 4 : explain SELECT c FROM sbtest4 WHERE id=5622904
	Index Scan using sbtest4_pkey on sbtest4  (cost=0.43..8.45 rows=1 width=121)
	  Index Cond: (id = 5622904)

table 5 : explain SELECT c FROM sbtest5 WHERE id=7472962
	Index Scan using sbtest5_pkey on sbtest5  (cost=0.43..8.45 rows=1 width=121)
	  Index Cond: (id = 7472962)

table 6 : explain SELECT c FROM sbtest6 WHERE id=2498950
	Index Scan using sbtest6_pkey on sbtest6  (cost=0.43..8.45 rows=1 width=121)
	  Index Cond: (id = 2498950)

table 7 : explain SELECT c FROM sbtest7 WHERE id=7848353
	Index Scan using sbtest7_pkey on sbtest7  (cost=0.43..8.45 rows=1 width=121)
	  Index Cond: (id = 7848353)

table 8 : explain SELECT c FROM sbtest8 WHERE id=3376915
	Index Scan using sbtest8_pkey on sbtest8  (cost=0.43..8.45 rows=1 width=121)
	  Index Cond: (id = 3376915)

explain: for index_updates :: explain UPDATE sbtest%u SET k=k+1 WHERE id=%u
for index_updates
table 1 : explain UPDATE sbtest1 SET k=k+1 WHERE id=6518713
	Update on sbtest1  (cost=0.43..8.46 rows=1 width=196)
	  ->  Index Scan using sbtest1_pkey on sbtest1  (cost=0.43..8.46 rows=1 width=196)
	        Index Cond: (id = 6518713)

table 2 : explain UPDATE sbtest2 SET k=k+1 WHERE id=8260808
	Update on sbtest2  (cost=0.43..8.46 rows=1 width=196)
	  ->  Index Scan using sbtest2_pkey on sbtest2  (cost=0.43..8.46 rows=1 width=196)
	        Index Cond: (id = 8260808)

table 3 : explain UPDATE sbtest3 SET k=k+1 WHERE id=516558
	Update on sbtest3  (cost=0.43..8.46 rows=1 width=196)
	  ->  Index Scan using sbtest3_pkey on sbtest3  (cost=0.43..8.46 rows=1 width=196)
	        Index Cond: (id = 516558)

table 4 : explain UPDATE sbtest4 SET k=k+1 WHERE id=1483830
	Update on sbtest4  (cost=0.43..8.46 rows=1 width=196)
	  ->  Index Scan using sbtest4_pkey on sbtest4  (cost=0.43..8.46 rows=1 width=196)
	        Index Cond: (id = 1483830)

table 5 : explain UPDATE sbtest5 SET k=k+1 WHERE id=3896164
	Update on sbtest5  (cost=0.43..8.46 rows=1 width=196)
	  ->  Index Scan using sbtest5_pkey on sbtest5  (cost=0.43..8.46 rows=1 width=196)
	        Index Cond: (id = 3896164)

table 6 : explain UPDATE sbtest6 SET k=k+1 WHERE id=6731672
	Update on sbtest6  (cost=0.43..8.46 rows=1 width=196)
	  ->  Index Scan using sbtest6_pkey on sbtest6  (cost=0.43..8.46 rows=1 width=196)
	        Index Cond: (id = 6731672)

table 7 : explain UPDATE sbtest7 SET k=k+1 WHERE id=8693408
	Update on sbtest7  (cost=0.43..8.46 rows=1 width=196)
	  ->  Index Scan using sbtest7_pkey on sbtest7  (cost=0.43..8.46 rows=1 width=196)
	        Index Cond: (id = 8693408)

table 8 : explain UPDATE sbtest8 SET k=k+1 WHERE id=3998285
	Update on sbtest8  (cost=0.43..8.46 rows=1 width=196)
	  ->  Index Scan using sbtest8_pkey on sbtest8  (cost=0.43..8.46 rows=1 width=196)
	        Index Cond: (id = 3998285)

for index_updates
table 1 : explain UPDATE sbtest1 SET k=k+1 WHERE id=3653331
	Update on sbtest1  (cost=0.43..8.46 rows=1 width=196)
	  ->  Index Scan using sbtest1_pkey on sbtest1  (cost=0.43..8.46 rows=1 width=196)
	        Index Cond: (id = 3653331)

table 2 : explain UPDATE sbtest2 SET k=k+1 WHERE id=8895108
	Update on sbtest2  (cost=0.43..8.46 rows=1 width=196)
	  ->  Index Scan using sbtest2_pkey on sbtest2  (cost=0.43..8.46 rows=1 width=196)
	        Index Cond: (id = 8895108)

table 3 : explain UPDATE sbtest3 SET k=k+1 WHERE id=6872984
	Update on sbtest3  (cost=0.43..8.46 rows=1 width=196)
	  ->  Index Scan using sbtest3_pkey on sbtest3  (cost=0.43..8.46 rows=1 width=196)
	        Index Cond: (id = 6872984)

table 4 : explain UPDATE sbtest4 SET k=k+1 WHERE id=9225797
	Update on sbtest4  (cost=0.43..8.46 rows=1 width=196)
	  ->  Index Scan using sbtest4_pkey on sbtest4  (cost=0.43..8.46 rows=1 width=196)
	        Index Cond: (id = 9225797)

table 5 : explain UPDATE sbtest5 SET k=k+1 WHERE id=5640075
	Update on sbtest5  (cost=0.43..8.46 rows=1 width=196)
	  ->  Index Scan using sbtest5_pkey on sbtest5  (cost=0.43..8.46 rows=1 width=196)
	        Index Cond: (id = 5640075)

table 6 : explain UPDATE sbtest6 SET k=k+1 WHERE id=4844575
	Update on sbtest6  (cost=0.43..8.46 rows=1 width=196)
	  ->  Index Scan using sbtest6_pkey on sbtest6  (cost=0.43..8.46 rows=1 width=196)
	        Index Cond: (id = 4844575)

table 7 : explain UPDATE sbtest7 SET k=k+1 WHERE id=8412151
	Update on sbtest7  (cost=0.43..8.46 rows=1 width=196)
	  ->  Index Scan using sbtest7_pkey on sbtest7  (cost=0.43..8.46 rows=1 width=196)
	        Index Cond: (id = 8412151)

table 8 : explain UPDATE sbtest8 SET k=k+1 WHERE id=5596315
	Update on sbtest8  (cost=0.43..8.46 rows=1 width=196)
	  ->  Index Scan using sbtest8_pkey on sbtest8  (cost=0.43..8.46 rows=1 width=196)
	        Index Cond: (id = 5596315)

for index_updates
table 1 : explain UPDATE sbtest1 SET k=k+1 WHERE id=7710082
	Update on sbtest1  (cost=0.43..8.46 rows=1 width=196)
	  ->  Index Scan using sbtest1_pkey on sbtest1  (cost=0.43..8.46 rows=1 width=196)
	        Index Cond: (id = 7710082)

table 2 : explain UPDATE sbtest2 SET k=k+1 WHERE id=1615686
	Update on sbtest2  (cost=0.43..8.46 rows=1 width=196)
	  ->  Index Scan using sbtest2_pkey on sbtest2  (cost=0.43..8.46 rows=1 width=196)
	        Index Cond: (id = 1615686)

table 3 : explain UPDATE sbtest3 SET k=k+1 WHERE id=8692701
	Update on sbtest3  (cost=0.43..8.46 rows=1 width=196)
	  ->  Index Scan using sbtest3_pkey on sbtest3  (cost=0.43..8.46 rows=1 width=196)
	        Index Cond: (id = 8692701)

table 4 : explain UPDATE sbtest4 SET k=k+1 WHERE id=4792937
	Update on sbtest4  (cost=0.43..8.46 rows=1 width=196)
	  ->  Index Scan using sbtest4_pkey on sbtest4  (cost=0.43..8.46 rows=1 width=196)
	        Index Cond: (id = 4792937)

table 5 : explain UPDATE sbtest5 SET k=k+1 WHERE id=2230280
	Update on sbtest5  (cost=0.43..8.46 rows=1 width=196)
	  ->  Index Scan using sbtest5_pkey on sbtest5  (cost=0.43..8.46 rows=1 width=196)
	        Index Cond: (id = 2230280)

table 6 : explain UPDATE sbtest6 SET k=k+1 WHERE id=5096315
	Update on sbtest6  (cost=0.43..8.46 rows=1 width=196)
	  ->  Index Scan using sbtest6_pkey on sbtest6  (cost=0.43..8.46 rows=1 width=196)
	        Index Cond: (id = 5096315)

table 7 : explain UPDATE sbtest7 SET k=k+1 WHERE id=2068117
	Update on sbtest7  (cost=0.43..8.46 rows=1 width=196)
	  ->  Index Scan using sbtest7_pkey on sbtest7  (cost=0.43..8.46 rows=1 width=196)
	        Index Cond: (id = 2068117)

table 8 : explain UPDATE sbtest8 SET k=k+1 WHERE id=1578373
	Update on sbtest8  (cost=0.43..8.46 rows=1 width=196)
	  ->  Index Scan using sbtest8_pkey on sbtest8  (cost=0.43..8.46 rows=1 width=196)
	        Index Cond: (id = 1578373)

for: simple_ranges
table 1 : explain SELECT c FROM sbtest1 WHERE id BETWEEN 4514672 AND 4514681
	Index Scan using sbtest1_pkey on sbtest1  (cost=0.43..38.99 rows=10 width=121)
	  Index Cond: ((id >= 4514672) AND (id <= 4514681))

table 2 : explain SELECT c FROM sbtest2 WHERE id BETWEEN 3510225 AND 3510234
	Index Scan using sbtest2_pkey on sbtest2  (cost=0.43..39.09 rows=10 width=121)
	  Index Cond: ((id >= 3510225) AND (id <= 3510234))

table 3 : explain SELECT c FROM sbtest3 WHERE id BETWEEN 7841695 AND 7841704
	Index Scan using sbtest3_pkey on sbtest3  (cost=0.43..39.29 rows=10 width=121)
	  Index Cond: ((id >= 7841695) AND (id <= 7841704))

table 4 : explain SELECT c FROM sbtest4 WHERE id BETWEEN 6155884 AND 6155893
	Index Scan using sbtest4_pkey on sbtest4  (cost=0.43..35.87 rows=9 width=121)
	  Index Cond: ((id >= 6155884) AND (id <= 6155893))

table 5 : explain SELECT c FROM sbtest5 WHERE id BETWEEN 4523129 AND 4523138
	Index Scan using sbtest5_pkey on sbtest5  (cost=0.43..42.62 rows=11 width=121)
	  Index Cond: ((id >= 4523129) AND (id <= 4523138))

table 6 : explain SELECT c FROM sbtest6 WHERE id BETWEEN 186376 AND 186385
	Index Scan using sbtest6_pkey on sbtest6  (cost=0.43..39.00 rows=10 width=121)
	  Index Cond: ((id >= 186376) AND (id <= 186385))

table 7 : explain SELECT c FROM sbtest7 WHERE id BETWEEN 1999632 AND 1999641
	Index Scan using sbtest7_pkey on sbtest7  (cost=0.43..39.22 rows=10 width=121)
	  Index Cond: ((id >= 1999632) AND (id <= 1999641))

table 8 : explain SELECT c FROM sbtest8 WHERE id BETWEEN 2686987 AND 2686996
	Index Scan using sbtest8_pkey on sbtest8  (cost=0.43..39.19 rows=10 width=121)
	  Index Cond: ((id >= 2686987) AND (id <= 2686996))

for: order_ranges
table 1 : explain SELECT c FROM sbtest1 WHERE id BETWEEN 1661827 AND 1661836 ORDER BY c
	Sort  (cost=39.15..39.18 rows=10 width=121)
	  Sort Key: c
	  ->  Index Scan using sbtest1_pkey on sbtest1  (cost=0.43..38.99 rows=10 width=121)
	        Index Cond: ((id >= 1661827) AND (id <= 1661836))

table 2 : explain SELECT c FROM sbtest2 WHERE id BETWEEN 8422824 AND 8422833 ORDER BY c
	Sort  (cost=35.83..35.85 rows=9 width=121)
	  Sort Key: c
	  ->  Index Scan using sbtest2_pkey on sbtest2  (cost=0.43..35.68 rows=9 width=121)
	        Index Cond: ((id >= 8422824) AND (id <= 8422833))

table 3 : explain SELECT c FROM sbtest3 WHERE id BETWEEN 7722343 AND 7722352 ORDER BY c
	Sort  (cost=36.01..36.03 rows=9 width=121)
	  Sort Key: c
	  ->  Index Scan using sbtest3_pkey on sbtest3  (cost=0.43..35.87 rows=9 width=121)
	        Index Cond: ((id >= 7722343) AND (id <= 7722352))

table 4 : explain SELECT c FROM sbtest4 WHERE id BETWEEN 1148909 AND 1148918 ORDER BY c
	Sort  (cost=39.46..39.49 rows=10 width=121)
	  Sort Key: c
	  ->  Index Scan using sbtest4_pkey on sbtest4  (cost=0.43..39.29 rows=10 width=121)
	        Index Cond: ((id >= 1148909) AND (id <= 1148918))

table 5 : explain SELECT c FROM sbtest5 WHERE id BETWEEN 3805952 AND 3805961 ORDER BY c
	Sort  (cost=39.37..39.40 rows=10 width=121)
	  Sort Key: c
	  ->  Index Scan using sbtest5_pkey on sbtest5  (cost=0.43..39.21 rows=10 width=121)
	        Index Cond: ((id >= 3805952) AND (id <= 3805961))

table 6 : explain SELECT c FROM sbtest6 WHERE id BETWEEN 2974803 AND 2974812 ORDER BY c
	Sort  (cost=39.17..39.20 rows=10 width=121)
	  Sort Key: c
	  ->  Index Scan using sbtest6_pkey on sbtest6  (cost=0.43..39.00 rows=10 width=121)
	        Index Cond: ((id >= 2974803) AND (id <= 2974812))

table 7 : explain SELECT c FROM sbtest7 WHERE id BETWEEN 1015089 AND 1015098 ORDER BY c
	Sort  (cost=39.39..39.42 rows=10 width=121)
	  Sort Key: c
	  ->  Index Scan using sbtest7_pkey on sbtest7  (cost=0.43..39.22 rows=10 width=121)
	        Index Cond: ((id >= 1015089) AND (id <= 1015098))

table 8 : explain SELECT c FROM sbtest8 WHERE id BETWEEN 8606333 AND 8606342 ORDER BY c
	Sort  (cost=35.92..35.94 rows=9 width=121)
	  Sort Key: c
	  ->  Index Scan using sbtest8_pkey on sbtest8  (cost=0.43..35.78 rows=9 width=121)
	        Index Cond: ((id >= 8606333) AND (id <= 8606342))

explain: for non_index_updates :: explain UPDATE sbtest%u SET c='foobar' WHERE id=%u
for index_updates
table 1 : explain UPDATE sbtest1 SET k=k+1 WHERE id=2261333
	Update on sbtest1  (cost=0.43..8.46 rows=1 width=196)
	  ->  Index Scan using sbtest1_pkey on sbtest1  (cost=0.43..8.46 rows=1 width=196)
	        Index Cond: (id = 2261333)

table 2 : explain UPDATE sbtest2 SET k=k+1 WHERE id=488415
	Update on sbtest2  (cost=0.43..8.46 rows=1 width=196)
	  ->  Index Scan using sbtest2_pkey on sbtest2  (cost=0.43..8.46 rows=1 width=196)
	        Index Cond: (id = 488415)

table 3 : explain UPDATE sbtest3 SET k=k+1 WHERE id=6589178
	Update on sbtest3  (cost=0.43..8.46 rows=1 width=196)
	  ->  Index Scan using sbtest3_pkey on sbtest3  (cost=0.43..8.46 rows=1 width=196)
	        Index Cond: (id = 6589178)

table 4 : explain UPDATE sbtest4 SET k=k+1 WHERE id=4026647
	Update on sbtest4  (cost=0.43..8.46 rows=1 width=196)
	  ->  Index Scan using sbtest4_pkey on sbtest4  (cost=0.43..8.46 rows=1 width=196)
	        Index Cond: (id = 4026647)

table 5 : explain UPDATE sbtest5 SET k=k+1 WHERE id=5008241
	Update on sbtest5  (cost=0.43..8.46 rows=1 width=196)
	  ->  Index Scan using sbtest5_pkey on sbtest5  (cost=0.43..8.46 rows=1 width=196)
	        Index Cond: (id = 5008241)

table 6 : explain UPDATE sbtest6 SET k=k+1 WHERE id=9875818
	Update on sbtest6  (cost=0.43..8.46 rows=1 width=196)
	  ->  Index Scan using sbtest6_pkey on sbtest6  (cost=0.43..8.46 rows=1 width=196)
	        Index Cond: (id = 9875818)

table 7 : explain UPDATE sbtest7 SET k=k+1 WHERE id=3066104
	Update on sbtest7  (cost=0.43..8.46 rows=1 width=196)
	  ->  Index Scan using sbtest7_pkey on sbtest7  (cost=0.43..8.46 rows=1 width=196)
	        Index Cond: (id = 3066104)

table 8 : explain UPDATE sbtest8 SET k=k+1 WHERE id=3998737
	Update on sbtest8  (cost=0.43..8.46 rows=1 width=196)
	  ->  Index Scan using sbtest8_pkey on sbtest8  (cost=0.43..8.46 rows=1 width=196)
	        Index Cond: (id = 3998737)

explain: for non_index_updates :: explain UPDATE sbtest%u SET c='foobar' WHERE id=%u
for index_updates
table 1 : explain UPDATE sbtest1 SET k=k+1 WHERE id=8496120
	Update on sbtest1  (cost=0.43..8.46 rows=1 width=196)
	  ->  Index Scan using sbtest1_pkey on sbtest1  (cost=0.43..8.46 rows=1 width=196)
	        Index Cond: (id = 8496120)

table 2 : explain UPDATE sbtest2 SET k=k+1 WHERE id=5732936
	Update on sbtest2  (cost=0.43..8.46 rows=1 width=196)
	  ->  Index Scan using sbtest2_pkey on sbtest2  (cost=0.43..8.46 rows=1 width=196)
	        Index Cond: (id = 5732936)

table 3 : explain UPDATE sbtest3 SET k=k+1 WHERE id=662789
	Update on sbtest3  (cost=0.43..8.46 rows=1 width=196)
	  ->  Index Scan using sbtest3_pkey on sbtest3  (cost=0.43..8.46 rows=1 width=196)
	        Index Cond: (id = 662789)

table 4 : explain UPDATE sbtest4 SET k=k+1 WHERE id=2454811
	Update on sbtest4  (cost=0.43..8.46 rows=1 width=196)
	  ->  Index Scan using sbtest4_pkey on sbtest4  (cost=0.43..8.46 rows=1 width=196)
	        Index Cond: (id = 2454811)

table 5 : explain UPDATE sbtest5 SET k=k+1 WHERE id=7361147
	Update on sbtest5  (cost=0.43..8.46 rows=1 width=196)
	  ->  Index Scan using sbtest5_pkey on sbtest5  (cost=0.43..8.46 rows=1 width=196)
	        Index Cond: (id = 7361147)

table 6 : explain UPDATE sbtest6 SET k=k+1 WHERE id=7632281
	Update on sbtest6  (cost=0.43..8.46 rows=1 width=196)
	  ->  Index Scan using sbtest6_pkey on sbtest6  (cost=0.43..8.46 rows=1 width=196)
	        Index Cond: (id = 7632281)

table 7 : explain UPDATE sbtest7 SET k=k+1 WHERE id=2251340
	Update on sbtest7  (cost=0.43..8.46 rows=1 width=196)
	  ->  Index Scan using sbtest7_pkey on sbtest7  (cost=0.43..8.46 rows=1 width=196)
	        Index Cond: (id = 2251340)

table 8 : explain UPDATE sbtest8 SET k=k+1 WHERE id=8463340
	Update on sbtest8  (cost=0.43..8.46 rows=1 width=196)
	  ->  Index Scan using sbtest8_pkey on sbtest8  (cost=0.43..8.46 rows=1 width=196)
	        Index Cond: (id = 8463340)
explain: for non_index_updates :: explain UPDATE sbtest%u SET c='foobar' WHERE id=%ufor non_index_updates
table 1 : explain UPDATE sbtest1 SET c='foobar' WHERE id=736145
	Update on sbtest1  (cost=0.43..8.45 rows=1 width=559)
	  ->  Index Scan using sbtest1_pkey on sbtest1  (cost=0.43..8.45 rows=1 width=559)
	        Index Cond: (id = 736145)

table 2 : explain UPDATE sbtest2 SET c='foobar' WHERE id=5870765
	Update on sbtest2  (cost=0.43..8.45 rows=1 width=559)
	  ->  Index Scan using sbtest2_pkey on sbtest2  (cost=0.43..8.45 rows=1 width=559)
	        Index Cond: (id = 5870765)

table 3 : explain UPDATE sbtest3 SET c='foobar' WHERE id=1970339
	Update on sbtest3  (cost=0.43..8.45 rows=1 width=559)
	  ->  Index Scan using sbtest3_pkey on sbtest3  (cost=0.43..8.45 rows=1 width=559)
	        Index Cond: (id = 1970339)

table 4 : explain UPDATE sbtest4 SET c='foobar' WHERE id=3533510
	Update on sbtest4  (cost=0.43..8.45 rows=1 width=559)
	  ->  Index Scan using sbtest4_pkey on sbtest4  (cost=0.43..8.45 rows=1 width=559)
	        Index Cond: (id = 3533510)

table 5 : explain UPDATE sbtest5 SET c='foobar' WHERE id=7729943
	Update on sbtest5  (cost=0.43..8.45 rows=1 width=559)
	  ->  Index Scan using sbtest5_pkey on sbtest5  (cost=0.43..8.45 rows=1 width=559)
	        Index Cond: (id = 7729943)

table 6 : explain UPDATE sbtest6 SET c='foobar' WHERE id=8770455
	Update on sbtest6  (cost=0.43..8.45 rows=1 width=559)
	  ->  Index Scan using sbtest6_pkey on sbtest6  (cost=0.43..8.45 rows=1 width=559)
	        Index Cond: (id = 8770455)

table 7 : explain UPDATE sbtest7 SET c='foobar' WHERE id=9119166
	Update on sbtest7  (cost=0.43..8.45 rows=1 width=559)
	  ->  Index Scan using sbtest7_pkey on sbtest7  (cost=0.43..8.45 rows=1 width=559)
	        Index Cond: (id = 9119166)

table 8 : explain UPDATE sbtest8 SET c='foobar' WHERE id=1410488
	Update on sbtest8  (cost=0.43..8.45 rows=1 width=559)
	  ->  Index Scan using sbtest8_pkey on sbtest8  (cost=0.43..8.45 rows=1 width=559)
	        Index Cond: (id = 1410488)



for: order_ranges
table 1 : explain SELECT c FROM sbtest1 WHERE id BETWEEN 2762930 AND 2762939 ORDER BY c
	Sort  (cost=39.15..39.18 rows=10 width=121)
	  Sort Key: c
	  ->  Index Scan using sbtest1_pkey on sbtest1  (cost=0.43..38.99 rows=10 width=121)
	        Index Cond: ((id >= 2762930) AND (id <= 2762939))

table 2 : explain SELECT c FROM sbtest2 WHERE id BETWEEN 1374099 AND 1374108 ORDER BY c
	Sort  (cost=39.25..39.28 rows=10 width=121)
	  Sort Key: c
	  ->  Index Scan using sbtest2_pkey on sbtest2  (cost=0.43..39.09 rows=10 width=121)
	        Index Cond: ((id >= 1374099) AND (id <= 1374108))

table 3 : explain SELECT c FROM sbtest3 WHERE id BETWEEN 8345174 AND 8345183 ORDER BY c
	Sort  (cost=39.46..39.48 rows=10 width=121)
	  Sort Key: c
	  ->  Index Scan using sbtest3_pkey on sbtest3  (cost=0.43..39.29 rows=10 width=121)
	        Index Cond: ((id >= 8345174) AND (id <= 8345183))

table 4 : explain SELECT c FROM sbtest4 WHERE id BETWEEN 1616280 AND 1616289 ORDER BY c
	Sort  (cost=42.91..42.94 rows=11 width=121)
	  Sort Key: c
	  ->  Index Scan using sbtest4_pkey on sbtest4  (cost=0.43..42.72 rows=11 width=121)
	        Index Cond: ((id >= 1616280) AND (id <= 1616289))

table 5 : explain SELECT c FROM sbtest5 WHERE id BETWEEN 9486548 AND 9486557 ORDER BY c
	Sort  (cost=39.37..39.40 rows=10 width=121)
	  Sort Key: c
	  ->  Index Scan using sbtest5_pkey on sbtest5  (cost=0.43..39.21 rows=10 width=121)
	        Index Cond: ((id >= 9486548) AND (id <= 9486557))

table 6 : explain SELECT c FROM sbtest6 WHERE id BETWEEN 2870822 AND 2870831 ORDER BY c
	Sort  (cost=39.17..39.20 rows=10 width=121)
	  Sort Key: c
	  ->  Index Scan using sbtest6_pkey on sbtest6  (cost=0.43..39.00 rows=10 width=121)
	        Index Cond: ((id >= 2870822) AND (id <= 2870831))

table 7 : explain SELECT c FROM sbtest7 WHERE id BETWEEN 720207 AND 720216 ORDER BY c
	Sort  (cost=46.28..46.31 rows=12 width=121)
	  Sort Key: c
	  ->  Index Scan using sbtest7_pkey on sbtest7  (cost=0.43..46.06 rows=12 width=121)
	        Index Cond: ((id >= 720207) AND (id <= 720216))

table 8 : explain SELECT c FROM sbtest8 WHERE id BETWEEN 8255312 AND 8255321 ORDER BY c
	Sort  (cost=35.92..35.94 rows=9 width=121)
	  Sort Key: c
	  ->  Index Scan using sbtest8_pkey on sbtest8  (cost=0.43..35.78 rows=9 width=121)
	        Index Cond: ((id >= 8255312) AND (id <= 8255321))

explain: for non_index_updates :: explain UPDATE sbtest%u SET c='foobar' WHERE id=%u
for index_updates
table 1 : explain UPDATE sbtest1 SET k=k+1 WHERE id=5029941
	Update on sbtest1  (cost=0.43..8.46 rows=1 width=196)
	  ->  Index Scan using sbtest1_pkey on sbtest1  (cost=0.43..8.46 rows=1 width=196)
	        Index Cond: (id = 5029941)

table 2 : explain UPDATE sbtest2 SET k=k+1 WHERE id=8632345
	Update on sbtest2  (cost=0.43..8.46 rows=1 width=196)
	  ->  Index Scan using sbtest2_pkey on sbtest2  (cost=0.43..8.46 rows=1 width=196)
	        Index Cond: (id = 8632345)

table 3 : explain UPDATE sbtest3 SET k=k+1 WHERE id=8593794
	Update on sbtest3  (cost=0.43..8.46 rows=1 width=196)
	  ->  Index Scan using sbtest3_pkey on sbtest3  (cost=0.43..8.46 rows=1 width=196)
	        Index Cond: (id = 8593794)

table 4 : explain UPDATE sbtest4 SET k=k+1 WHERE id=6607290
	Update on sbtest4  (cost=0.43..8.46 rows=1 width=196)
	  ->  Index Scan using sbtest4_pkey on sbtest4  (cost=0.43..8.46 rows=1 width=196)
	        Index Cond: (id = 6607290)

table 5 : explain UPDATE sbtest5 SET k=k+1 WHERE id=6277099
	Update on sbtest5  (cost=0.43..8.46 rows=1 width=196)
	  ->  Index Scan using sbtest5_pkey on sbtest5  (cost=0.43..8.46 rows=1 width=196)
	        Index Cond: (id = 6277099)

table 6 : explain UPDATE sbtest6 SET k=k+1 WHERE id=2807545
	Update on sbtest6  (cost=0.43..8.46 rows=1 width=196)
	  ->  Index Scan using sbtest6_pkey on sbtest6  (cost=0.43..8.46 rows=1 width=196)
	        Index Cond: (id = 2807545)

table 7 : explain UPDATE sbtest7 SET k=k+1 WHERE id=9109481
	Update on sbtest7  (cost=0.43..8.46 rows=1 width=196)
	  ->  Index Scan using sbtest7_pkey on sbtest7  (cost=0.43..8.46 rows=1 width=196)
	        Index Cond: (id = 9109481)

table 8 : explain UPDATE sbtest8 SET k=k+1 WHERE id=7562168
	Update on sbtest8  (cost=0.43..8.46 rows=1 width=196)
	  ->  Index Scan using sbtest8_pkey on sbtest8  (cost=0.43..8.46 rows=1 width=196)
	        Index Cond: (id = 7562168)

explain: for non_index_updates :: explain UPDATE sbtest%u SET c='foobar' WHERE id=%u
explain: for non_index_updates :: explain UPDATE sbtest%u SET c='foobar' WHERE id=%u
explain: for deletes :: explain DELETE FROM sbtest%u WHERE id=%u
explain: for non_index_updates :: explain UPDATE sbtest%u SET c='foobar' WHERE id=%u
for index_updates
table 1 : explain UPDATE sbtest1 SET k=k+1 WHERE id=1679530
	Update on sbtest1  (cost=0.43..8.46 rows=1 width=196)
	  ->  Index Scan using sbtest1_pkey on sbtest1  (cost=0.43..8.46 rows=1 width=196)
	        Index Cond: (id = 1679530)

table 2 : explain UPDATE sbtest2 SET k=k+1 WHERE id=90230
	Update on sbtest2  (cost=0.43..8.46 rows=1 width=196)
	  ->  Index Scan using sbtest2_pkey on sbtest2  (cost=0.43..8.46 rows=1 width=196)
	        Index Cond: (id = 90230)

table 3 : explain UPDATE sbtest3 SET k=k+1 WHERE id=5780840
	Update on sbtest3  (cost=0.43..8.46 rows=1 width=196)
	  ->  Index Scan using sbtest3_pkey on sbtest3  (cost=0.43..8.46 rows=1 width=196)
	        Index Cond: (id = 5780840)

table 4 : explain UPDATE sbtest4 SET k=k+1 WHERE id=7327495
	Update on sbtest4  (cost=0.43..8.46 rows=1 width=196)
	  ->  Index Scan using sbtest4_pkey on sbtest4  (cost=0.43..8.46 rows=1 width=196)
	        Index Cond: (id = 7327495)

table 5 : explain UPDATE sbtest5 SET k=k+1 WHERE id=9313678
	Update on sbtest5  (cost=0.43..8.46 rows=1 width=196)
	  ->  Index Scan using sbtest5_pkey on sbtest5  (cost=0.43..8.46 rows=1 width=196)
	        Index Cond: (id = 9313678)

table 6 : explain UPDATE sbtest6 SET k=k+1 WHERE id=1307912
	Update on sbtest6  (cost=0.43..8.46 rows=1 width=196)
	  ->  Index Scan using sbtest6_pkey on sbtest6  (cost=0.43..8.46 rows=1 width=196)
	        Index Cond: (id = 1307912)

table 7 : explain UPDATE sbtest7 SET k=k+1 WHERE id=5699948
	Update on sbtest7  (cost=0.43..8.46 rows=1 width=196)
	  ->  Index Scan using sbtest7_pkey on sbtest7  (cost=0.43..8.46 rows=1 width=196)
	        Index Cond: (id = 5699948)

table 8 : explain UPDATE sbtest8 SET k=k+1 WHERE id=7670693
	Update on sbtest8  (cost=0.43..8.46 rows=1 width=196)
	  ->  Index Scan using sbtest8_pkey on sbtest8  (cost=0.43..8.46 rows=1 width=196)
	        Index Cond: (id = 7670693)

for non_index_updates
table 1 : explain UPDATE sbtest1 SET c='foobar' WHERE id=4645547
	Update on sbtest1  (cost=0.43..8.45 rows=1 width=559)
	  ->  Index Scan using sbtest1_pkey on sbtest1  (cost=0.43..8.45 rows=1 width=559)
	        Index Cond: (id = 4645547)

table 2 : explain UPDATE sbtest2 SET c='foobar' WHERE id=8638217
	Update on sbtest2  (cost=0.43..8.45 rows=1 width=559)
	  ->  Index Scan using sbtest2_pkey on sbtest2  (cost=0.43..8.45 rows=1 width=559)
	        Index Cond: (id = 8638217)

table 3 : explain UPDATE sbtest3 SET c='foobar' WHERE id=6513000
	Update on sbtest3  (cost=0.43..8.45 rows=1 width=559)
	  ->  Index Scan using sbtest3_pkey on sbtest3  (cost=0.43..8.45 rows=1 width=559)
	        Index Cond: (id = 6513000)

table 4 : explain UPDATE sbtest4 SET c='foobar' WHERE id=4302195
	Update on sbtest4  (cost=0.43..8.45 rows=1 width=559)
	  ->  Index Scan using sbtest4_pkey on sbtest4  (cost=0.43..8.45 rows=1 width=559)
	        Index Cond: (id = 4302195)

table 5 : explain UPDATE sbtest5 SET c='foobar' WHERE id=2327943
	Update on sbtest5  (cost=0.43..8.45 rows=1 width=559)
	  ->  Index Scan using sbtest5_pkey on sbtest5  (cost=0.43..8.45 rows=1 width=559)
	        Index Cond: (id = 2327943)

table 6 : explain UPDATE sbtest6 SET c='foobar' WHERE id=880313
	Update on sbtest6  (cost=0.43..8.45 rows=1 width=559)
	  ->  Index Scan using sbtest6_pkey on sbtest6  (cost=0.43..8.45 rows=1 width=559)
	        Index Cond: (id = 880313)

table 7 : explain UPDATE sbtest7 SET c='foobar' WHERE id=942475
	Update on sbtest7  (cost=0.43..8.45 rows=1 width=559)
	  ->  Index Scan using sbtest7_pkey on sbtest7  (cost=0.43..8.45 rows=1 width=559)
	        Index Cond: (id = 942475)

table 8 : explain UPDATE sbtest8 SET c='foobar' WHERE id=464901
	Update on sbtest8  (cost=0.43..8.45 rows=1 width=559)
	  ->  Index Scan using sbtest8_pkey on sbtest8  (cost=0.43..8.45 rows=1 width=559)
	        Index Cond: (id = 464901)

for: distinct_ranges
table 1 : explain SELECT DISTINCT c FROM sbtest1 WHERE id BETWEEN 1086473 AND 1086482 ORDER BY c
	Unique  (cost=39.15..39.20 rows=10 width=121)
	  ->  Sort  (cost=39.15..39.18 rows=10 width=121)
	        Sort Key: c
	        ->  Index Scan using sbtest1_pkey on sbtest1  (cost=0.43..38.99 rows=10 width=121)
	              Index Cond: ((id >= 1086473) AND (id <= 1086482))

table 2 : explain SELECT DISTINCT c FROM sbtest2 WHERE id BETWEEN 875996 AND 876005 ORDER BY c
	Unique  (cost=35.83..35.87 rows=9 width=121)
	  ->  Sort  (cost=35.83..35.85 rows=9 width=121)
	        Sort Key: c
	        ->  Index Scan using sbtest2_pkey on sbtest2  (cost=0.43..35.68 rows=9 width=121)
	              Index Cond: ((id >= 875996) AND (id <= 876005))

table 3 : explain SELECT DISTINCT c FROM sbtest3 WHERE id BETWEEN 2304024 AND 2304033 ORDER BY c
	Unique  (cost=39.46..39.51 rows=10 width=121)
	  ->  Sort  (cost=39.46..39.48 rows=10 width=121)
	        Sort Key: c
	        ->  Index Scan using sbtest3_pkey on sbtest3  (cost=0.43..39.29 rows=10 width=121)
	              Index Cond: ((id >= 2304024) AND (id <= 2304033))

table 4 : explain SELECT DISTINCT c FROM sbtest4 WHERE id BETWEEN 2559867 AND 2559876 ORDER BY c
	Unique  (cost=39.46..39.51 rows=10 width=121)
	  ->  Sort  (cost=39.46..39.49 rows=10 width=121)
	        Sort Key: c
	        ->  Index Scan using sbtest4_pkey on sbtest4  (cost=0.43..39.29 rows=10 width=121)
	              Index Cond: ((id >= 2559867) AND (id <= 2559876))

table 5 : explain SELECT DISTINCT c FROM sbtest5 WHERE id BETWEEN 1422778 AND 1422787 ORDER BY c
	Unique  (cost=35.93..35.98 rows=9 width=121)
	  ->  Sort  (cost=35.93..35.95 rows=9 width=121)
	        Sort Key: c
	        ->  Index Scan using sbtest5_pkey on sbtest5  (cost=0.43..35.79 rows=9 width=121)
	              Index Cond: ((id >= 1422778) AND (id <= 1422787))

table 6 : explain SELECT DISTINCT c FROM sbtest6 WHERE id BETWEEN 4418505 AND 4418514 ORDER BY c
	Unique  (cost=35.75..35.80 rows=9 width=121)
	  ->  Sort  (cost=35.75..35.78 rows=9 width=121)
	        Sort Key: c
	        ->  Index Scan using sbtest6_pkey on sbtest6  (cost=0.43..35.61 rows=9 width=121)
	              Index Cond: ((id >= 4418505) AND (id <= 4418514))

table 7 : explain SELECT DISTINCT c FROM sbtest7 WHERE id BETWEEN 8606838 AND 8606847 ORDER BY c
	Unique  (cost=42.83..42.89 rows=11 width=121)
	  ->  Sort  (cost=42.83..42.86 rows=11 width=121)
	        Sort Key: c
	        ->  Index Scan using sbtest7_pkey on sbtest7  (cost=0.43..42.64 rows=11 width=121)
	              Index Cond: ((id >= 8606838) AND (id <= 8606847))

table 8 : explain SELECT DISTINCT c FROM sbtest8 WHERE id BETWEEN 7532885 AND 7532894 ORDER BY c
	Unique  (cost=39.36..39.41 rows=10 width=121)
	  ->  Sort  (cost=39.36..39.38 rows=10 width=121)
	        Sort Key: c
	        ->  Index Scan using sbtest8_pkey on sbtest8  (cost=0.43..39.19 rows=10 width=121)
	              Index Cond: ((id >= 7532885) AND (id <= 7532894))

for: sum_ranges
table 1 : explain SELECT SUM(k) FROM sbtest1 WHERE id BETWEEN 3415590 AND 3415599
	Aggregate  (cost=39.01..39.02 rows=1 width=8)
	  ->  Index Scan using sbtest1_pkey on sbtest1  (cost=0.43..38.99 rows=10 width=4)
	        Index Cond: ((id >= 3415590) AND (id <= 3415599))

table 2 : explain SELECT SUM(k) FROM sbtest2 WHERE id BETWEEN 9297013 AND 9297022
	Aggregate  (cost=35.71..35.72 rows=1 width=8)
	  ->  Index Scan using sbtest2_pkey on sbtest2  (cost=0.43..35.68 rows=9 width=4)
	        Index Cond: ((id >= 9297013) AND (id <= 9297022))

table 3 : explain SELECT SUM(k) FROM sbtest3 WHERE id BETWEEN 3013464 AND 3013473
	Aggregate  (cost=39.32..39.33 rows=1 width=8)
	  ->  Index Scan using sbtest3_pkey on sbtest3  (cost=0.43..39.29 rows=10 width=4)
	        Index Cond: ((id >= 3013464) AND (id <= 3013473))

table 4 : explain SELECT SUM(k) FROM sbtest4 WHERE id BETWEEN 4962663 AND 4962672
	Aggregate  (cost=39.32..39.33 rows=1 width=8)
	  ->  Index Scan using sbtest4_pkey on sbtest4  (cost=0.43..39.29 rows=10 width=4)
	        Index Cond: ((id >= 4962663) AND (id <= 4962672))

table 5 : explain SELECT SUM(k) FROM sbtest5 WHERE id BETWEEN 1448782 AND 1448791
	Aggregate  (cost=39.23..39.24 rows=1 width=8)
	  ->  Index Scan using sbtest5_pkey on sbtest5  (cost=0.43..39.21 rows=10 width=4)
	        Index Cond: ((id >= 1448782) AND (id <= 1448791))

table 6 : explain SELECT SUM(k) FROM sbtest6 WHERE id BETWEEN 6206970 AND 6206979
	Aggregate  (cost=39.03..39.04 rows=1 width=8)
	  ->  Index Scan using sbtest6_pkey on sbtest6  (cost=0.43..39.00 rows=10 width=4)
	        Index Cond: ((id >= 6206970) AND (id <= 6206979))

table 7 : explain SELECT SUM(k) FROM sbtest7 WHERE id BETWEEN 6833565 AND 6833574
	Aggregate  (cost=39.25..39.26 rows=1 width=8)
	  ->  Index Scan using sbtest7_pkey on sbtest7  (cost=0.43..39.22 rows=10 width=4)
	        Index Cond: ((id >= 6833565) AND (id <= 6833574))

table 8 : explain SELECT SUM(k) FROM sbtest8 WHERE id BETWEEN 6760024 AND 6760033
	Aggregate  (cost=35.80..35.81 rows=1 width=8)
	  ->  Index Scan using sbtest8_pkey on sbtest8  (cost=0.43..35.78 rows=9 width=4)
	        Index Cond: ((id >= 6760024) AND (id <= 6760033))

explain: for non_index_updates :: explain UPDATE sbtest%u SET c='foobar' WHERE id=%u
for index_updates
table 1 : explain UPDATE sbtest1 SET k=k+1 WHERE id=797581
	Update on sbtest1  (cost=0.43..8.46 rows=1 width=196)
	  ->  Index Scan using sbtest1_pkey on sbtest1  (cost=0.43..8.46 rows=1 width=196)
	        Index Cond: (id = 797581)

table 2 : explain UPDATE sbtest2 SET k=k+1 WHERE id=8298130
	Update on sbtest2  (cost=0.43..8.46 rows=1 width=196)
	  ->  Index Scan using sbtest2_pkey on sbtest2  (cost=0.43..8.46 rows=1 width=196)
	        Index Cond: (id = 8298130)

table 3 : explain UPDATE sbtest3 SET k=k+1 WHERE id=446376
	Update on sbtest3  (cost=0.43..8.46 rows=1 width=196)
	  ->  Index Scan using sbtest3_pkey on sbtest3  (cost=0.43..8.46 rows=1 width=196)
	        Index Cond: (id = 446376)

table 4 : explain UPDATE sbtest4 SET k=k+1 WHERE id=2254780
	Update on sbtest4  (cost=0.43..8.46 rows=1 width=196)
	  ->  Index Scan using sbtest4_pkey on sbtest4  (cost=0.43..8.46 rows=1 width=196)
	        Index Cond: (id = 2254780)

table 5 : explain UPDATE sbtest5 SET k=k+1 WHERE id=8528344
	Update on sbtest5  (cost=0.43..8.46 rows=1 width=196)
	  ->  Index Scan using sbtest5_pkey on sbtest5  (cost=0.43..8.46 rows=1 width=196)
	        Index Cond: (id = 8528344)

table 6 : explain UPDATE sbtest6 SET k=k+1 WHERE id=8486493
	Update on sbtest6  (cost=0.43..8.46 rows=1 width=196)
	  ->  Index Scan using sbtest6_pkey on sbtest6  (cost=0.43..8.46 rows=1 width=196)
	        Index Cond: (id = 8486493)

table 7 : explain UPDATE sbtest7 SET k=k+1 WHERE id=4361890
	Update on sbtest7  (cost=0.43..8.46 rows=1 width=196)
	  ->  Index Scan using sbtest7_pkey on sbtest7  (cost=0.43..8.46 rows=1 width=196)
	        Index Cond: (id = 4361890)

table 8 : explain UPDATE sbtest8 SET k=k+1 WHERE id=9988116
	Update on sbtest8  (cost=0.43..8.46 rows=1 width=196)
	  ->  Index Scan using sbtest8_pkey on sbtest8  (cost=0.43..8.46 rows=1 width=196)
	        Index Cond: (id = 9988116)

for non_index_updates
table 1 : explain UPDATE sbtest1 SET c='foobar' WHERE id=8397513
	Update on sbtest1  (cost=0.43..8.45 rows=1 width=559)
	  ->  Index Scan using sbtest1_pkey on sbtest1  (cost=0.43..8.45 rows=1 width=559)
	        Index Cond: (id = 8397513)

table 2 : explain UPDATE sbtest2 SET c='foobar' WHERE id=6124222
	Update on sbtest2  (cost=0.43..8.45 rows=1 width=559)
	  ->  Index Scan using sbtest2_pkey on sbtest2  (cost=0.43..8.45 rows=1 width=559)
	        Index Cond: (id = 6124222)

table 3 : explain UPDATE sbtest3 SET c='foobar' WHERE id=8229961
	Update on sbtest3  (cost=0.43..8.45 rows=1 width=559)
	  ->  Index Scan using sbtest3_pkey on sbtest3  (cost=0.43..8.45 rows=1 width=559)
	        Index Cond: (id = 8229961)

table 4 : explain UPDATE sbtest4 SET c='foobar' WHERE id=8942244
	Update on sbtest4  (cost=0.43..8.45 rows=1 width=559)
	  ->  Index Scan using sbtest4_pkey on sbtest4  (cost=0.43..8.45 rows=1 width=559)
	        Index Cond: (id = 8942244)

table 5 : explain UPDATE sbtest5 SET c='foobar' WHERE id=6287591
	Update on sbtest5  (cost=0.43..8.45 rows=1 width=559)
	  ->  Index Scan using sbtest5_pkey on sbtest5  (cost=0.43..8.45 rows=1 width=559)
	        Index Cond: (id = 6287591)

table 6 : explain UPDATE sbtest6 SET c='foobar' WHERE id=7951680
	Update on sbtest6  (cost=0.43..8.45 rows=1 width=559)
	  ->  Index Scan using sbtest6_pkey on sbtest6  (cost=0.43..8.45 rows=1 width=559)
	        Index Cond: (id = 7951680)

table 7 : explain UPDATE sbtest7 SET c='foobar' WHERE id=5075468
	Update on sbtest7  (cost=0.43..8.45 rows=1 width=559)
	  ->  Index Scan using sbtest7_pkey on sbtest7  (cost=0.43..8.45 rows=1 width=559)
	        Index Cond: (id = 5075468)

table 8 : explain UPDATE sbtest8 SET c='foobar' WHERE id=3690004
	Update on sbtest8  (cost=0.43..8.45 rows=1 width=559)
	  ->  Index Scan using sbtest8_pkey on sbtest8  (cost=0.43..8.45 rows=1 width=559)
	        Index Cond: (id = 3690004)

for non_index_updates
table 1 : explain UPDATE sbtest1 SET c='foobar' WHERE id=6634213
	Update on sbtest1  (cost=0.43..8.45 rows=1 width=559)
	  ->  Index Scan using sbtest1_pkey on sbtest1  (cost=0.43..8.45 rows=1 width=559)
	        Index Cond: (id = 6634213)

table 2 : explain UPDATE sbtest2 SET c='foobar' WHERE id=677650
	Update on sbtest2  (cost=0.43..8.45 rows=1 width=559)
	  ->  Index Scan using sbtest2_pkey on sbtest2  (cost=0.43..8.45 rows=1 width=559)
	        Index Cond: (id = 677650)

table 3 : explain UPDATE sbtest3 SET c='foobar' WHERE id=3189283
	Update on sbtest3  (cost=0.43..8.45 rows=1 width=559)
	  ->  Index Scan using sbtest3_pkey on sbtest3  (cost=0.43..8.45 rows=1 width=559)
	        Index Cond: (id = 3189283)

table 4 : explain UPDATE sbtest4 SET c='foobar' WHERE id=6736946
	Update on sbtest4  (cost=0.43..8.45 rows=1 width=559)
	  ->  Index Scan using sbtest4_pkey on sbtest4  (cost=0.43..8.45 rows=1 width=559)
	        Index Cond: (id = 6736946)

table 5 : explain UPDATE sbtest5 SET c='foobar' WHERE id=3549460
	Update on sbtest5  (cost=0.43..8.45 rows=1 width=559)
	  ->  Index Scan using sbtest5_pkey on sbtest5  (cost=0.43..8.45 rows=1 width=559)
	        Index Cond: (id = 3549460)

table 6 : explain UPDATE sbtest6 SET c='foobar' WHERE id=5467567
	Update on sbtest6  (cost=0.43..8.45 rows=1 width=559)
	  ->  Index Scan using sbtest6_pkey on sbtest6  (cost=0.43..8.45 rows=1 width=559)
	        Index Cond: (id = 5467567)

table 7 : explain UPDATE sbtest7 SET c='foobar' WHERE id=7928996
	Update on sbtest7  (cost=0.43..8.45 rows=1 width=559)
	  ->  Index Scan using sbtest7_pkey on sbtest7  (cost=0.43..8.45 rows=1 width=559)
	        Index Cond: (id = 7928996)

table 8 : explain UPDATE sbtest8 SET c='foobar' WHERE id=829540
	Update on sbtest8  (cost=0.43..8.45 rows=1 width=559)
	  ->  Index Scan using sbtest8_pkey on sbtest8  (cost=0.43..8.45 rows=1 width=559)
	        Index Cond: (id = 829540)

explain: for deletes :: explain DELETE FROM sbtest%u WHERE id=%u
for: distinct_ranges
table 1 : explain SELECT DISTINCT c FROM sbtest1 WHERE id BETWEEN 9180186 AND 9180195 ORDER BY c
	Unique  (cost=42.57..42.63 rows=11 width=121)
	  ->  Sort  (cost=42.57..42.60 rows=11 width=121)
	        Sort Key: c
	        ->  Index Scan using sbtest1_pkey on sbtest1  (cost=0.43..42.38 rows=11 width=121)
	              Index Cond: ((id >= 9180186) AND (id <= 9180195))

table 2 : explain SELECT DISTINCT c FROM sbtest2 WHERE id BETWEEN 3184240 AND 3184249 ORDER BY c
	Unique  (cost=35.83..35.87 rows=9 width=121)
	  ->  Sort  (cost=35.83..35.85 rows=9 width=121)
	        Sort Key: c
	        ->  Index Scan using sbtest2_pkey on sbtest2  (cost=0.43..35.68 rows=9 width=121)
	              Index Cond: ((id >= 3184240) AND (id <= 3184249))

table 3 : explain SELECT DISTINCT c FROM sbtest3 WHERE id BETWEEN 8572618 AND 8572627 ORDER BY c
	Unique  (cost=42.91..42.97 rows=11 width=121)
	  ->  Sort  (cost=42.91..42.94 rows=11 width=121)
	        Sort Key: c
	        ->  Index Scan using sbtest3_pkey on sbtest3  (cost=0.43..42.72 rows=11 width=121)
	              Index Cond: ((id >= 8572618) AND (id <= 8572627))

table 4 : explain SELECT DISTINCT c FROM sbtest4 WHERE id BETWEEN 9471221 AND 9471230 ORDER BY c
	Unique  (cost=39.46..39.51 rows=10 width=121)
	  ->  Sort  (cost=39.46..39.49 rows=10 width=121)
	        Sort Key: c
	        ->  Index Scan using sbtest4_pkey on sbtest4  (cost=0.43..39.29 rows=10 width=121)
	              Index Cond: ((id >= 9471221) AND (id <= 9471230))

table 5 : explain SELECT DISTINCT c FROM sbtest5 WHERE id BETWEEN 8471568 AND 8471577 ORDER BY c
	Unique  (cost=39.37..39.42 rows=10 width=121)
	  ->  Sort  (cost=39.37..39.40 rows=10 width=121)
	        Sort Key: c
	        ->  Index Scan using sbtest5_pkey on sbtest5  (cost=0.43..39.21 rows=10 width=121)
	              Index Cond: ((id >= 8471568) AND (id <= 8471577))

table 6 : explain SELECT DISTINCT c FROM sbtest6 WHERE id BETWEEN 8965662 AND 8965671 ORDER BY c
	Unique  (cost=39.17..39.22 rows=10 width=121)
	  ->  Sort  (cost=39.17..39.20 rows=10 width=121)
	        Sort Key: c
	        ->  Index Scan using sbtest6_pkey on sbtest6  (cost=0.43..39.00 rows=10 width=121)
	              Index Cond: ((id >= 8965662) AND (id <= 8965671))

table 7 : explain SELECT DISTINCT c FROM sbtest7 WHERE id BETWEEN 6186547 AND 6186556 ORDER BY c
	Unique  (cost=39.39..39.44 rows=10 width=121)
	  ->  Sort  (cost=39.39..39.42 rows=10 width=121)
	        Sort Key: c
	        ->  Index Scan using sbtest7_pkey on sbtest7  (cost=0.43..39.22 rows=10 width=121)
	              Index Cond: ((id >= 6186547) AND (id <= 6186556))

table 8 : explain SELECT DISTINCT c FROM sbtest8 WHERE id BETWEEN 537929 AND 537938 ORDER BY c
	Unique  (cost=39.36..39.41 rows=10 width=121)
	  ->  Sort  (cost=39.36..39.38 rows=10 width=121)
	        Sort Key: c
	        ->  Index Scan using sbtest8_pkey on sbtest8  (cost=0.43..39.19 rows=10 width=121)
	              Index Cond: ((id >= 537929) AND (id <= 537938))

for: simple_ranges
table 1 : explain SELECT c FROM sbtest1 WHERE id BETWEEN 238019 AND 238028
	Index Scan using sbtest1_pkey on sbtest1  (cost=0.43..35.60 rows=9 width=121)
	  Index Cond: ((id >= 238019) AND (id <= 238028))

table 2 : explain SELECT c FROM sbtest2 WHERE id BETWEEN 5478913 AND 5478922
	Index Scan using sbtest2_pkey on sbtest2  (cost=0.43..39.09 rows=10 width=121)
	  Index Cond: ((id >= 5478913) AND (id <= 5478922))

table 3 : explain SELECT c FROM sbtest3 WHERE id BETWEEN 5669753 AND 5669762
	Index Scan using sbtest3_pkey on sbtest3  (cost=0.43..42.72 rows=11 width=121)
	  Index Cond: ((id >= 5669753) AND (id <= 5669762))

table 4 : explain SELECT c FROM sbtest4 WHERE id BETWEEN 203993 AND 204002
	Index Scan using sbtest4_pkey on sbtest4  (cost=0.43..42.72 rows=11 width=121)
	  Index Cond: ((id >= 203993) AND (id <= 204002))

table 5 : explain SELECT c FROM sbtest5 WHERE id BETWEEN 8759669 AND 8759678
	Index Scan using sbtest5_pkey on sbtest5  (cost=0.43..39.21 rows=10 width=121)
	  Index Cond: ((id >= 8759669) AND (id <= 8759678))

table 6 : explain SELECT c FROM sbtest6 WHERE id BETWEEN 5444570 AND 5444579
	Index Scan using sbtest6_pkey on sbtest6  (cost=0.43..39.00 rows=10 width=121)
	  Index Cond: ((id >= 5444570) AND (id <= 5444579))

table 7 : explain SELECT c FROM sbtest7 WHERE id BETWEEN 2633967 AND 2633976
	Index Scan using sbtest7_pkey on sbtest7  (cost=0.43..39.22 rows=10 width=121)
	  Index Cond: ((id >= 2633967) AND (id <= 2633976))

table 8 : explain SELECT c FROM sbtest8 WHERE id BETWEEN 8359279 AND 8359288
	Index Scan using sbtest8_pkey on sbtest8  (cost=0.43..39.19 rows=10 width=121)
	  Index Cond: ((id >= 8359279) AND (id <= 8359288))

for: sum_ranges
table 1 : explain SELECT SUM(k) FROM sbtest1 WHERE id BETWEEN 7584064 AND 7584073
	Aggregate  (cost=35.62..35.63 rows=1 width=8)
	  ->  Index Scan using sbtest1_pkey on sbtest1  (cost=0.43..35.60 rows=9 width=4)
	        Index Cond: ((id >= 7584064) AND (id <= 7584073))

table 2 : explain SELECT SUM(k) FROM sbtest2 WHERE id BETWEEN 4603667 AND 4603676
	Aggregate  (cost=39.11..39.12 rows=1 width=8)
	  ->  Index Scan using sbtest2_pkey on sbtest2  (cost=0.43..39.09 rows=10 width=4)
	        Index Cond: ((id >= 4603667) AND (id <= 4603676))

table 3 : explain SELECT SUM(k) FROM sbtest3 WHERE id BETWEEN 6660761 AND 6660770
	Aggregate  (cost=39.32..39.33 rows=1 width=8)
	  ->  Index Scan using sbtest3_pkey on sbtest3  (cost=0.43..39.29 rows=10 width=4)
	        Index Cond: ((id >= 6660761) AND (id <= 6660770))

table 4 : explain SELECT SUM(k) FROM sbtest4 WHERE id BETWEEN 1544406 AND 1544415
	Aggregate  (cost=39.32..39.33 rows=1 width=8)
	  ->  Index Scan using sbtest4_pkey on sbtest4  (cost=0.43..39.29 rows=10 width=4)
	        Index Cond: ((id >= 1544406) AND (id <= 1544415))

table 5 : explain SELECT SUM(k) FROM sbtest5 WHERE id BETWEEN 5808493 AND 5808502
	Aggregate  (cost=39.23..39.24 rows=1 width=8)
	  ->  Index Scan using sbtest5_pkey on sbtest5  (cost=0.43..39.21 rows=10 width=4)
	        Index Cond: ((id >= 5808493) AND (id <= 5808502))

table 6 : explain SELECT SUM(k) FROM sbtest6 WHERE id BETWEEN 2941203 AND 2941212
	Aggregate  (cost=39.03..39.04 rows=1 width=8)
	  ->  Index Scan using sbtest6_pkey on sbtest6  (cost=0.43..39.00 rows=10 width=4)
	        Index Cond: ((id >= 2941203) AND (id <= 2941212))

table 7 : explain SELECT SUM(k) FROM sbtest7 WHERE id BETWEEN 9193565 AND 9193574
	Aggregate  (cost=35.83..35.84 rows=1 width=8)
	  ->  Index Scan using sbtest7_pkey on sbtest7  (cost=0.43..35.81 rows=9 width=4)
	        Index Cond: ((id >= 9193565) AND (id <= 9193574))

table 8 : explain SELECT SUM(k) FROM sbtest8 WHERE id BETWEEN 1154291 AND 1154300
	Aggregate  (cost=39.22..39.23 rows=1 width=8)
	  ->  Index Scan using sbtest8_pkey on sbtest8  (cost=0.43..39.19 rows=10 width=4)
	        Index Cond: ((id >= 1154291) AND (id <= 1154300))

for non_index_updates
table 1 : explain UPDATE sbtest1 SET c='foobar' WHERE id=920146
	Update on sbtest1  (cost=0.43..8.45 rows=1 width=559)
	  ->  Index Scan using sbtest1_pkey on sbtest1  (cost=0.43..8.45 rows=1 width=559)
	        Index Cond: (id = 920146)

table 2 : explain UPDATE sbtest2 SET c='foobar' WHERE id=2424473
	Update on sbtest2  (cost=0.43..8.45 rows=1 width=559)
	  ->  Index Scan using sbtest2_pkey on sbtest2  (cost=0.43..8.45 rows=1 width=559)
	        Index Cond: (id = 2424473)

table 3 : explain UPDATE sbtest3 SET c='foobar' WHERE id=4457649
	Update on sbtest3  (cost=0.43..8.45 rows=1 width=559)
	  ->  Index Scan using sbtest3_pkey on sbtest3  (cost=0.43..8.45 rows=1 width=559)
	        Index Cond: (id = 4457649)

table 4 : explain UPDATE sbtest4 SET c='foobar' WHERE id=4751036
	Update on sbtest4  (cost=0.43..8.45 rows=1 width=559)
	  ->  Index Scan using sbtest4_pkey on sbtest4  (cost=0.43..8.45 rows=1 width=559)
	        Index Cond: (id = 4751036)

table 5 : explain UPDATE sbtest5 SET c='foobar' WHERE id=8063961
	Update on sbtest5  (cost=0.43..8.45 rows=1 width=559)
	  ->  Index Scan using sbtest5_pkey on sbtest5  (cost=0.43..8.45 rows=1 width=559)
	        Index Cond: (id = 8063961)

table 6 : explain UPDATE sbtest6 SET c='foobar' WHERE id=7361209
	Update on sbtest6  (cost=0.43..8.45 rows=1 width=559)
	  ->  Index Scan using sbtest6_pkey on sbtest6  (cost=0.43..8.45 rows=1 width=559)
	        Index Cond: (id = 7361209)

table 7 : explain UPDATE sbtest7 SET c='foobar' WHERE id=1219312
	Update on sbtest7  (cost=0.43..8.45 rows=1 width=559)
	  ->  Index Scan using sbtest7_pkey on sbtest7  (cost=0.43..8.45 rows=1 width=559)
	        Index Cond: (id = 1219312)

table 8 : explain UPDATE sbtest8 SET c='foobar' WHERE id=126171
	Update on sbtest8  (cost=0.43..8.45 rows=1 width=559)
	  ->  Index Scan using sbtest8_pkey on sbtest8  (cost=0.43..8.45 rows=1 width=559)
	        Index Cond: (id = 126171)

for deletes
table 1 : explain DELETE FROM sbtest1 WHERE id=3557622
	Delete on sbtest1  (cost=0.43..8.45 rows=1 width=6)
	  ->  Index Scan using sbtest1_pkey on sbtest1  (cost=0.43..8.45 rows=1 width=6)
	        Index Cond: (id = 3557622)

table 2 : explain DELETE FROM sbtest2 WHERE id=6179543
	Delete on sbtest2  (cost=0.43..8.45 rows=1 width=6)
	  ->  Index Scan using sbtest2_pkey on sbtest2  (cost=0.43..8.45 rows=1 width=6)
	        Index Cond: (id = 6179543)

table 3 : explain DELETE FROM sbtest3 WHERE id=688265
	Delete on sbtest3  (cost=0.43..8.45 rows=1 width=6)
	  ->  Index Scan using sbtest3_pkey on sbtest3  (cost=0.43..8.45 rows=1 width=6)
	        Index Cond: (id = 688265)

table 4 : explain DELETE FROM sbtest4 WHERE id=8114665
	Delete on sbtest4  (cost=0.43..8.45 rows=1 width=6)
	  ->  Index Scan using sbtest4_pkey on sbtest4  (cost=0.43..8.45 rows=1 width=6)
	        Index Cond: (id = 8114665)

table 5 : explain DELETE FROM sbtest5 WHERE id=7323736
	Delete on sbtest5  (cost=0.43..8.45 rows=1 width=6)
	  ->  Index Scan using sbtest5_pkey on sbtest5  (cost=0.43..8.45 rows=1 width=6)
	        Index Cond: (id = 7323736)

table 6 : explain DELETE FROM sbtest6 WHERE id=8124059
	Delete on sbtest6  (cost=0.43..8.45 rows=1 width=6)
	  ->  Index Scan using sbtest6_pkey on sbtest6  (cost=0.43..8.45 rows=1 width=6)
	        Index Cond: (id = 8124059)

table 7 : explain DELETE FROM sbtest7 WHERE id=2972436
	Delete on sbtest7  (cost=0.43..8.45 rows=1 width=6)
	  ->  Index Scan using sbtest7_pkey on sbtest7  (cost=0.43..8.45 rows=1 width=6)
	        Index Cond: (id = 2972436)

table 8 : explain DELETE FROM sbtest8 WHERE id=3985805
	Delete on sbtest8  (cost=0.43..8.45 rows=1 width=6)
	  ->  Index Scan using sbtest8_pkey on sbtest8  (cost=0.43..8.45 rows=1 width=6)
	        Index Cond: (id = 3985805)

for non_index_updates
table 1 : explain UPDATE sbtest1 SET c='foobar' WHERE id=578017
	Update on sbtest1  (cost=0.43..8.45 rows=1 width=559)
	  ->  Index Scan using sbtest1_pkey on sbtest1  (cost=0.43..8.45 rows=1 width=559)
	        Index Cond: (id = 578017)

table 2 : explain UPDATE sbtest2 SET c='foobar' WHERE id=892875
	Update on sbtest2  (cost=0.43..8.45 rows=1 width=559)
	  ->  Index Scan using sbtest2_pkey on sbtest2  (cost=0.43..8.45 rows=1 width=559)
	        Index Cond: (id = 892875)

table 3 : explain UPDATE sbtest3 SET c='foobar' WHERE id=3901407
	Update on sbtest3  (cost=0.43..8.45 rows=1 width=559)
	  ->  Index Scan using sbtest3_pkey on sbtest3  (cost=0.43..8.45 rows=1 width=559)
	        Index Cond: (id = 3901407)

table 4 : explain UPDATE sbtest4 SET c='foobar' WHERE id=7284995
	Update on sbtest4  (cost=0.43..8.45 rows=1 width=559)
	  ->  Index Scan using sbtest4_pkey on sbtest4  (cost=0.43..8.45 rows=1 width=559)
	        Index Cond: (id = 7284995)

table 5 : explain UPDATE sbtest5 SET c='foobar' WHERE id=5681542
	Update on sbtest5  (cost=0.43..8.45 rows=1 width=559)
	  ->  Index Scan using sbtest5_pkey on sbtest5  (cost=0.43..8.45 rows=1 width=559)
	        Index Cond: (id = 5681542)

table 6 : explain UPDATE sbtest6 SET c='foobar' WHERE id=9052976
	Update on sbtest6  (cost=0.43..8.45 rows=1 width=559)
	  ->  Index Scan using sbtest6_pkey on sbtest6  (cost=0.43..8.45 rows=1 width=559)
	        Index Cond: (id = 9052976)

table 7 : explain UPDATE sbtest7 SET c='foobar' WHERE id=121332
	Update on sbtest7  (cost=0.43..8.45 rows=1 width=559)
	  ->  Index Scan using sbtest7_pkey on sbtest7  (cost=0.43..8.45 rows=1 width=559)
	        Index Cond: (id = 121332)

table 8 : explain UPDATE sbtest8 SET c='foobar' WHERE id=8907309
	Update on sbtest8  (cost=0.43..8.45 rows=1 width=559)
	  ->  Index Scan using sbtest8_pkey on sbtest8  (cost=0.43..8.45 rows=1 width=559)
	        Index Cond: (id = 8907309)

for deletes
table 1 : explain DELETE FROM sbtest1 WHERE id=1212303
	Delete on sbtest1  (cost=0.43..8.45 rows=1 width=6)
	  ->  Index Scan using sbtest1_pkey on sbtest1  (cost=0.43..8.45 rows=1 width=6)
	        Index Cond: (id = 1212303)

table 2 : explain DELETE FROM sbtest2 WHERE id=5781038
	Delete on sbtest2  (cost=0.43..8.45 rows=1 width=6)
	  ->  Index Scan using sbtest2_pkey on sbtest2  (cost=0.43..8.45 rows=1 width=6)
	        Index Cond: (id = 5781038)

table 3 : explain DELETE FROM sbtest3 WHERE id=5358786
	Delete on sbtest3  (cost=0.43..8.45 rows=1 width=6)
	  ->  Index Scan using sbtest3_pkey on sbtest3  (cost=0.43..8.45 rows=1 width=6)
	        Index Cond: (id = 5358786)

table 4 : explain DELETE FROM sbtest4 WHERE id=5230481
	Delete on sbtest4  (cost=0.43..8.45 rows=1 width=6)
	  ->  Index Scan using sbtest4_pkey on sbtest4  (cost=0.43..8.45 rows=1 width=6)
	        Index Cond: (id = 5230481)

table 5 : explain DELETE FROM sbtest5 WHERE id=6076632
	Delete on sbtest5  (cost=0.43..8.45 rows=1 width=6)
	  ->  Index Scan using sbtest5_pkey on sbtest5  (cost=0.43..8.45 rows=1 width=6)
	        Index Cond: (id = 6076632)

table 6 : explain DELETE FROM sbtest6 WHERE id=3764390
	Delete on sbtest6  (cost=0.43..8.45 rows=1 width=6)
	  ->  Index Scan using sbtest6_pkey on sbtest6  (cost=0.43..8.45 rows=1 width=6)
	        Index Cond: (id = 3764390)

table 7 : explain DELETE FROM sbtest7 WHERE id=8523529
	Delete on sbtest7  (cost=0.43..8.45 rows=1 width=6)
	  ->  Index Scan using sbtest7_pkey on sbtest7  (cost=0.43..8.45 rows=1 width=6)
	        Index Cond: (id = 8523529)

table 8 : explain DELETE FROM sbtest8 WHERE id=8064290
	Delete on sbtest8  (cost=0.43..8.45 rows=1 width=6)
	  ->  Index Scan using sbtest8_pkey on sbtest8  (cost=0.43..8.45 rows=1 width=6)
	        Index Cond: (id = 8064290)

explain: for index_updates :: explain UPDATE sbtest%u SET k=k+1 WHERE id=%u
explain: for deletes :: explain DELETE FROM sbtest%u WHERE id=%u
explain: for deletes :: explain DELETE FROM sbtest%u WHERE id=%u
explain: for non_index_updates :: explain UPDATE sbtest%u SET c='foobar' WHERE id=%u
for non_index_updates
table 1 : explain UPDATE sbtest1 SET c='foobar' WHERE id=1120242
	Update on sbtest1  (cost=0.43..8.45 rows=1 width=559)
	  ->  Index Scan using sbtest1_pkey on sbtest1  (cost=0.43..8.45 rows=1 width=559)
	        Index Cond: (id = 1120242)

table 2 : explain UPDATE sbtest2 SET c='foobar' WHERE id=3660718
	Update on sbtest2  (cost=0.43..8.45 rows=1 width=559)
	  ->  Index Scan using sbtest2_pkey on sbtest2  (cost=0.43..8.45 rows=1 width=559)
	        Index Cond: (id = 3660718)

table 3 : explain UPDATE sbtest3 SET c='foobar' WHERE id=7298089
	Update on sbtest3  (cost=0.43..8.45 rows=1 width=559)
	  ->  Index Scan using sbtest3_pkey on sbtest3  (cost=0.43..8.45 rows=1 width=559)
	        Index Cond: (id = 7298089)

table 4 : explain UPDATE sbtest4 SET c='foobar' WHERE id=3294218
	Update on sbtest4  (cost=0.43..8.45 rows=1 width=559)
	  ->  Index Scan using sbtest4_pkey on sbtest4  (cost=0.43..8.45 rows=1 width=559)
	        Index Cond: (id = 3294218)

table 5 : explain UPDATE sbtest5 SET c='foobar' WHERE id=8555570
	Update on sbtest5  (cost=0.43..8.45 rows=1 width=559)
	  ->  Index Scan using sbtest5_pkey on sbtest5  (cost=0.43..8.45 rows=1 width=559)
	        Index Cond: (id = 8555570)

table 6 : explain UPDATE sbtest6 SET c='foobar' WHERE id=5858700
	Update on sbtest6  (cost=0.43..8.45 rows=1 width=559)
	  ->  Index Scan using sbtest6_pkey on sbtest6  (cost=0.43..8.45 rows=1 width=559)
	        Index Cond: (id = 5858700)

table 7 : explain UPDATE sbtest7 SET c='foobar' WHERE id=3167183
	Update on sbtest7  (cost=0.43..8.45 rows=1 width=559)
	  ->  Index Scan using sbtest7_pkey on sbtest7  (cost=0.43..8.45 rows=1 width=559)
	        Index Cond: (id = 3167183)

table 8 : explain UPDATE sbtest8 SET c='foobar' WHERE id=5126309
	Update on sbtest8  (cost=0.43..8.45 rows=1 width=559)
	  ->  Index Scan using sbtest8_pkey on sbtest8  (cost=0.43..8.45 rows=1 width=559)
	        Index Cond: (id = 5126309)

explain: for deletes :: explain DELETE FROM sbtest%u WHERE id=%u
explain: for deletes :: explain DELETE FROM sbtest%u WHERE id=%u
explain: for index_updates :: explain UPDATE sbtest%u SET k=k+1 WHERE id=%u
explain: for non_index_updates :: explain UPDATE sbtest%u SET c='foobar' WHERE id=%u
for deletes
table 1 : explain DELETE FROM sbtest1 WHERE id=5629510
	Delete on sbtest1  (cost=0.43..8.45 rows=1 width=6)
	  ->  Index Scan using sbtest1_pkey on sbtest1  (cost=0.43..8.45 rows=1 width=6)
	        Index Cond: (id = 5629510)

table 2 : explain DELETE FROM sbtest2 WHERE id=1140424
	Delete on sbtest2  (cost=0.43..8.45 rows=1 width=6)
	  ->  Index Scan using sbtest2_pkey on sbtest2  (cost=0.43..8.45 rows=1 width=6)
	        Index Cond: (id = 1140424)

table 3 : explain DELETE FROM sbtest3 WHERE id=7886071
	Delete on sbtest3  (cost=0.43..8.45 rows=1 width=6)
	  ->  Index Scan using sbtest3_pkey on sbtest3  (cost=0.43..8.45 rows=1 width=6)
	        Index Cond: (id = 7886071)

table 4 : explain DELETE FROM sbtest4 WHERE id=6042864
	Delete on sbtest4  (cost=0.43..8.45 rows=1 width=6)
	  ->  Index Scan using sbtest4_pkey on sbtest4  (cost=0.43..8.45 rows=1 width=6)
	        Index Cond: (id = 6042864)

table 5 : explain DELETE FROM sbtest5 WHERE id=6330340
	Delete on sbtest5  (cost=0.43..8.45 rows=1 width=6)
	  ->  Index Scan using sbtest5_pkey on sbtest5  (cost=0.43..8.45 rows=1 width=6)
	        Index Cond: (id = 6330340)

table 6 : explain DELETE FROM sbtest6 WHERE id=4913943
	Delete on sbtest6  (cost=0.43..8.45 rows=1 width=6)
	  ->  Index Scan using sbtest6_pkey on sbtest6  (cost=0.43..8.45 rows=1 width=6)
	        Index Cond: (id = 4913943)

table 7 : explain DELETE FROM sbtest7 WHERE id=7144336
	Delete on sbtest7  (cost=0.43..8.45 rows=1 width=6)
	  ->  Index Scan using sbtest7_pkey on sbtest7  (cost=0.43..8.45 rows=1 width=6)
	        Index Cond: (id = 7144336)

table 8 : explain DELETE FROM sbtest8 WHERE id=5163721
	Delete on sbtest8  (cost=0.43..8.45 rows=1 width=6)
	  ->  Index Scan using sbtest8_pkey on sbtest8  (cost=0.43..8.45 rows=1 width=6)
	        Index Cond: (id = 5163721)

for non_index_updates
table 1 : explain UPDATE sbtest1 SET c='foobar' WHERE id=9528701
	Update on sbtest1  (cost=0.43..8.45 rows=1 width=559)
	  ->  Index Scan using sbtest1_pkey on sbtest1  (cost=0.43..8.45 rows=1 width=559)
	        Index Cond: (id = 9528701)

table 2 : explain UPDATE sbtest2 SET c='foobar' WHERE id=3545420
	Update on sbtest2  (cost=0.43..8.45 rows=1 width=559)
	  ->  Index Scan using sbtest2_pkey on sbtest2  (cost=0.43..8.45 rows=1 width=559)
	        Index Cond: (id = 3545420)

table 3 : explain UPDATE sbtest3 SET c='foobar' WHERE id=754967
	Update on sbtest3  (cost=0.43..8.45 rows=1 width=559)
	  ->  Index Scan using sbtest3_pkey on sbtest3  (cost=0.43..8.45 rows=1 width=559)
	        Index Cond: (id = 754967)

table 4 : explain UPDATE sbtest4 SET c='foobar' WHERE id=7452639
	Update on sbtest4  (cost=0.43..8.45 rows=1 width=559)
	  ->  Index Scan using sbtest4_pkey on sbtest4  (cost=0.43..8.45 rows=1 width=559)
	        Index Cond: (id = 7452639)

table 5 : explain UPDATE sbtest5 SET c='foobar' WHERE id=7250749
	Update on sbtest5  (cost=0.43..8.45 rows=1 width=559)
	  ->  Index Scan using sbtest5_pkey on sbtest5  (cost=0.43..8.45 rows=1 width=559)
	        Index Cond: (id = 7250749)

table 6 : explain UPDATE sbtest6 SET c='foobar' WHERE id=6335285
	Update on sbtest6  (cost=0.43..8.45 rows=1 width=559)
	  ->  Index Scan using sbtest6_pkey on sbtest6  (cost=0.43..8.45 rows=1 width=559)
	        Index Cond: (id = 6335285)

table 7 : explain UPDATE sbtest7 SET c='foobar' WHERE id=6069712
	Update on sbtest7  (cost=0.43..8.45 rows=1 width=559)
	  ->  Index Scan using sbtest7_pkey on sbtest7  (cost=0.43..8.45 rows=1 width=559)
	        Index Cond: (id = 6069712)

table 8 : explain UPDATE sbtest8 SET c='foobar' WHERE id=2314150
	Update on sbtest8  (cost=0.43..8.45 rows=1 width=559)
	  ->  Index Scan using sbtest8_pkey on sbtest8  (cost=0.43..8.45 rows=1 width=559)
	        Index Cond: (id = 2314150)

for deletes
table 1 : explain DELETE FROM sbtest1 WHERE id=8261503
	Delete on sbtest1  (cost=0.43..8.45 rows=1 width=6)
	  ->  Index Scan using sbtest1_pkey on sbtest1  (cost=0.43..8.45 rows=1 width=6)
	        Index Cond: (id = 8261503)

table 2 : explain DELETE FROM sbtest2 WHERE id=2226282
	Delete on sbtest2  (cost=0.43..8.45 rows=1 width=6)
	  ->  Index Scan using sbtest2_pkey on sbtest2  (cost=0.43..8.45 rows=1 width=6)
	        Index Cond: (id = 2226282)

table 3 : explain DELETE FROM sbtest3 WHERE id=4589374
	Delete on sbtest3  (cost=0.43..8.45 rows=1 width=6)
	  ->  Index Scan using sbtest3_pkey on sbtest3  (cost=0.43..8.45 rows=1 width=6)
	        Index Cond: (id = 4589374)

table 4 : explain DELETE FROM sbtest4 WHERE id=1888578
	Delete on sbtest4  (cost=0.43..8.45 rows=1 width=6)
	  ->  Index Scan using sbtest4_pkey on sbtest4  (cost=0.43..8.45 rows=1 width=6)
	        Index Cond: (id = 1888578)

table 5 : explain DELETE FROM sbtest5 WHERE id=6170067
	Delete on sbtest5  (cost=0.43..8.45 rows=1 width=6)
	  ->  Index Scan using sbtest5_pkey on sbtest5  (cost=0.43..8.45 rows=1 width=6)
	        Index Cond: (id = 6170067)

table 6 : explain DELETE FROM sbtest6 WHERE id=6659843
	Delete on sbtest6  (cost=0.43..8.45 rows=1 width=6)
	  ->  Index Scan using sbtest6_pkey on sbtest6  (cost=0.43..8.45 rows=1 width=6)
	        Index Cond: (id = 6659843)

table 7 : explain DELETE FROM sbtest7 WHERE id=7920508
	Delete on sbtest7  (cost=0.43..8.45 rows=1 width=6)
	  ->  Index Scan using sbtest7_pkey on sbtest7  (cost=0.43..8.45 rows=1 width=6)
	        Index Cond: (id = 7920508)

table 8 : explain DELETE FROM sbtest8 WHERE id=6131210
	Delete on sbtest8  (cost=0.43..8.45 rows=1 width=6)
	  ->  Index Scan using sbtest8_pkey on sbtest8  (cost=0.43..8.45 rows=1 width=6)
	        Index Cond: (id = 6131210)
for: sum_ranges
table 1 : explain SELECT SUM(k) FROM sbtest1 WHERE id BETWEEN 6809130 AND 6809139
	Aggregate  (cost=32.22..32.23 rows=1 width=8)
	  ->  Index Scan using sbtest1_pkey on sbtest1  (cost=0.43..32.20 rows=8 width=4)
	        Index Cond: ((id >= 6809130) AND (id <= 6809139))

table 2 : explain SELECT SUM(k) FROM sbtest2 WHERE id BETWEEN 5033652 AND 5033661
	Aggregate  (cost=42.52..42.53 rows=1 width=8)
	  ->  Index Scan using sbtest2_pkey on sbtest2  (cost=0.43..42.49 rows=11 width=4)
	        Index Cond: ((id >= 5033652) AND (id <= 5033661))

table 3 : explain SELECT SUM(k) FROM sbtest3 WHERE id BETWEEN 1721431 AND 1721440
	Aggregate  (cost=39.32..39.33 rows=1 width=8)
	  ->  Index Scan using sbtest3_pkey on sbtest3  (cost=0.43..39.29 rows=10 width=4)
	        Index Cond: ((id >= 1721431) AND (id <= 1721440))

table 4 : explain SELECT SUM(k) FROM sbtest4 WHERE id BETWEEN 6368778 AND 6368787
	Aggregate  (cost=42.75..42.76 rows=1 width=8)
	  ->  Index Scan using sbtest4_pkey on sbtest4  (cost=0.43..42.72 rows=11 width=4)
	        Index Cond: ((id >= 6368778) AND (id <= 6368787))

table 5 : explain SELECT SUM(k) FROM sbtest5 WHERE id BETWEEN 8373087 AND 8373096
	Aggregate  (cost=39.23..39.24 rows=1 width=8)
	  ->  Index Scan using sbtest5_pkey on sbtest5  (cost=0.43..39.21 rows=10 width=4)
	        Index Cond: ((id >= 8373087) AND (id <= 8373096))

table 6 : explain SELECT SUM(k) FROM sbtest6 WHERE id BETWEEN 9852375 AND 9852384
	Aggregate  (cost=35.63..35.64 rows=1 width=8)
	  ->  Index Scan using sbtest6_pkey on sbtest6  (cost=0.43..35.61 rows=9 width=4)
	        Index Cond: ((id >= 9852375) AND (id <= 9852384))

table 7 : explain SELECT SUM(k) FROM sbtest7 WHERE id BETWEEN 9329577 AND 9329586
	Aggregate  (cost=39.25..39.26 rows=1 width=8)
	  ->  Index Scan using sbtest7_pkey on sbtest7  (cost=0.43..39.22 rows=10 width=4)
	        Index Cond: ((id >= 9329577) AND (id <= 9329586))

table 8 : explain SELECT SUM(k) FROM sbtest8 WHERE id BETWEEN 9698146 AND 9698155
	Aggregate  (cost=39.22..39.23 rows=1 width=8)
	  ->  Index Scan using sbtest8_pkey on sbtest8  (cost=0.43..39.19 rows=10 width=4)
	        Index Cond: ((id >= 9698146) AND (id <= 9698155))
explain: for non_index_updates :: explain UPDATE sbtest%u SET c='foobar' WHERE id=%uexplain: for deletes :: explain DELETE FROM sbtest%u WHERE id=%ufor deletes
table 1 : explain DELETE FROM sbtest1 WHERE id=9842751
	Delete on sbtest1  (cost=0.43..8.45 rows=1 width=6)
	  ->  Index Scan using sbtest1_pkey on sbtest1  (cost=0.43..8.45 rows=1 width=6)
	        Index Cond: (id = 9842751)

table 2 : explain DELETE FROM sbtest2 WHERE id=9123990
	Delete on sbtest2  (cost=0.43..8.45 rows=1 width=6)
	  ->  Index Scan using sbtest2_pkey on sbtest2  (cost=0.43..8.45 rows=1 width=6)
	        Index Cond: (id = 9123990)

table 3 : explain DELETE FROM sbtest3 WHERE id=8464156
	Delete on sbtest3  (cost=0.43..8.45 rows=1 width=6)
	  ->  Index Scan using sbtest3_pkey on sbtest3  (cost=0.43..8.45 rows=1 width=6)
	        Index Cond: (id = 8464156)

table 4 : explain DELETE FROM sbtest4 WHERE id=634758
	Delete on sbtest4  (cost=0.43..8.45 rows=1 width=6)
	  ->  Index Scan using sbtest4_pkey on sbtest4  (cost=0.43..8.45 rows=1 width=6)
	        Index Cond: (id = 634758)

table 5 : explain DELETE FROM sbtest5 WHERE id=9644325
	Delete on sbtest5  (cost=0.43..8.45 rows=1 width=6)
	  ->  Index Scan using sbtest5_pkey on sbtest5  (cost=0.43..8.45 rows=1 width=6)
	        Index Cond: (id = 9644325)

table 6 : explain DELETE FROM sbtest6 WHERE id=2604779
	Delete on sbtest6  (cost=0.43..8.45 rows=1 width=6)
	  ->  Index Scan using sbtest6_pkey on sbtest6  (cost=0.43..8.45 rows=1 width=6)
	        Index Cond: (id = 2604779)

table 7 : explain DELETE FROM sbtest7 WHERE id=5887146
	Delete on sbtest7  (cost=0.43..8.45 rows=1 width=6)
	  ->  Index Scan using sbtest7_pkey on sbtest7  (cost=0.43..8.45 rows=1 width=6)
	        Index Cond: (id = 5887146)

table 8 : explain DELETE FROM sbtest8 WHERE id=8890962
	Delete on sbtest8  (cost=0.43..8.45 rows=1 width=6)
	  ->  Index Scan using sbtest8_pkey on sbtest8  (cost=0.43..8.45 rows=1 width=6)
	        Index Cond: (id = 8890962)



for non_index_updates
table 1 : explain UPDATE sbtest1 SET c='foobar' WHERE id=7590603
	Update on sbtest1  (cost=0.43..8.45 rows=1 width=559)
	  ->  Index Scan using sbtest1_pkey on sbtest1  (cost=0.43..8.45 rows=1 width=559)
	        Index Cond: (id = 7590603)

table 2 : explain UPDATE sbtest2 SET c='foobar' WHERE id=1179566
	Update on sbtest2  (cost=0.43..8.45 rows=1 width=559)
	  ->  Index Scan using sbtest2_pkey on sbtest2  (cost=0.43..8.45 rows=1 width=559)
	        Index Cond: (id = 1179566)

table 3 : explain UPDATE sbtest3 SET c='foobar' WHERE id=7278048
	Update on sbtest3  (cost=0.43..8.45 rows=1 width=559)
	  ->  Index Scan using sbtest3_pkey on sbtest3  (cost=0.43..8.45 rows=1 width=559)
	        Index Cond: (id = 7278048)

table 4 : explain UPDATE sbtest4 SET c='foobar' WHERE id=7057066
	Update on sbtest4  (cost=0.43..8.45 rows=1 width=559)
	  ->  Index Scan using sbtest4_pkey on sbtest4  (cost=0.43..8.45 rows=1 width=559)
	        Index Cond: (id = 7057066)

table 5 : explain UPDATE sbtest5 SET c='foobar' WHERE id=741167
	Update on sbtest5  (cost=0.43..8.45 rows=1 width=559)
	  ->  Index Scan using sbtest5_pkey on sbtest5  (cost=0.43..8.45 rows=1 width=559)
	        Index Cond: (id = 741167)

table 6 : explain UPDATE sbtest6 SET c='foobar' WHERE id=4936241
	Update on sbtest6  (cost=0.43..8.45 rows=1 width=559)
	  ->  Index Scan using sbtest6_pkey on sbtest6  (cost=0.43..8.45 rows=1 width=559)
	        Index Cond: (id = 4936241)

table 7 : explain UPDATE sbtest7 SET c='foobar' WHERE id=8598668
	Update on sbtest7  (cost=0.43..8.45 rows=1 width=559)
	  ->  Index Scan using sbtest7_pkey on sbtest7  (cost=0.43..8.45 rows=1 width=559)
	        Index Cond: (id = 8598668)

table 8 : explain UPDATE sbtest8 SET c='foobar' WHERE id=9512121
	Update on sbtest8  (cost=0.43..8.45 rows=1 width=559)
	  ->  Index Scan using sbtest8_pkey on sbtest8  (cost=0.43..8.45 rows=1 width=559)
	        Index Cond: (id = 9512121)



explain: for inserts :: explain INSERT INTO sbtest%u (id, k, c, pad) VALUES (%u, 13, 'foobar', 'foobar')
for deletes
table 1 : explain DELETE FROM sbtest1 WHERE id=4195935
	Delete on sbtest1  (cost=0.43..8.45 rows=1 width=6)
	  ->  Index Scan using sbtest1_pkey on sbtest1  (cost=0.43..8.45 rows=1 width=6)
	        Index Cond: (id = 4195935)

table 2 : explain DELETE FROM sbtest2 WHERE id=7522895
	Delete on sbtest2  (cost=0.43..8.45 rows=1 width=6)
	  ->  Index Scan using sbtest2_pkey on sbtest2  (cost=0.43..8.45 rows=1 width=6)
	        Index Cond: (id = 7522895)

table 3 : explain DELETE FROM sbtest3 WHERE id=7639140
	Delete on sbtest3  (cost=0.43..8.45 rows=1 width=6)
	  ->  Index Scan using sbtest3_pkey on sbtest3  (cost=0.43..8.45 rows=1 width=6)
	        Index Cond: (id = 7639140)

table 4 : explain DELETE FROM sbtest4 WHERE id=7317298
	Delete on sbtest4  (cost=0.43..8.45 rows=1 width=6)
	  ->  Index Scan using sbtest4_pkey on sbtest4  (cost=0.43..8.45 rows=1 width=6)
	        Index Cond: (id = 7317298)

table 5 : explain DELETE FROM sbtest5 WHERE id=3068582
	Delete on sbtest5  (cost=0.43..8.45 rows=1 width=6)
	  ->  Index Scan using sbtest5_pkey on sbtest5  (cost=0.43..8.45 rows=1 width=6)
	        Index Cond: (id = 3068582)

table 6 : explain DELETE FROM sbtest6 WHERE id=526188
	Delete on sbtest6  (cost=0.43..8.45 rows=1 width=6)
	  ->  Index Scan using sbtest6_pkey on sbtest6  (cost=0.43..8.45 rows=1 width=6)
	        Index Cond: (id = 526188)

table 7 : explain DELETE FROM sbtest7 WHERE id=5647158
	Delete on sbtest7  (cost=0.43..8.45 rows=1 width=6)
	  ->  Index Scan using sbtest7_pkey on sbtest7  (cost=0.43..8.45 rows=1 width=6)
	        Index Cond: (id = 5647158)

table 8 : explain DELETE FROM sbtest8 WHERE id=9977505
	Delete on sbtest8  (cost=0.43..8.45 rows=1 width=6)
	  ->  Index Scan using sbtest8_pkey on sbtest8  (cost=0.43..8.45 rows=1 width=6)
	        Index Cond: (id = 9977505)

for index_updates
table 1 : explain UPDATE sbtest1 SET k=k+1 WHERE id=2932324
	Update on sbtest1  (cost=0.43..8.46 rows=1 width=196)
	  ->  Index Scan using sbtest1_pkey on sbtest1  (cost=0.43..8.46 rows=1 width=196)
	        Index Cond: (id = 2932324)

table 2 : explain UPDATE sbtest2 SET k=k+1 WHERE id=8324967
	Update on sbtest2  (cost=0.43..8.46 rows=1 width=196)
	  ->  Index Scan using sbtest2_pkey on sbtest2  (cost=0.43..8.46 rows=1 width=196)
	        Index Cond: (id = 8324967)

table 3 : explain UPDATE sbtest3 SET k=k+1 WHERE id=4941153
	Update on sbtest3  (cost=0.43..8.46 rows=1 width=196)
	  ->  Index Scan using sbtest3_pkey on sbtest3  (cost=0.43..8.46 rows=1 width=196)
	        Index Cond: (id = 4941153)

table 4 : explain UPDATE sbtest4 SET k=k+1 WHERE id=4042935
	Update on sbtest4  (cost=0.43..8.46 rows=1 width=196)
	  ->  Index Scan using sbtest4_pkey on sbtest4  (cost=0.43..8.46 rows=1 width=196)
	        Index Cond: (id = 4042935)

table 5 : explain UPDATE sbtest5 SET k=k+1 WHERE id=3793911
	Update on sbtest5  (cost=0.43..8.46 rows=1 width=196)
	  ->  Index Scan using sbtest5_pkey on sbtest5  (cost=0.43..8.46 rows=1 width=196)
	        Index Cond: (id = 3793911)

table 6 : explain UPDATE sbtest6 SET k=k+1 WHERE id=8546721
	Update on sbtest6  (cost=0.43..8.46 rows=1 width=196)
	  ->  Index Scan using sbtest6_pkey on sbtest6  (cost=0.43..8.46 rows=1 width=196)
	        Index Cond: (id = 8546721)

table 7 : explain UPDATE sbtest7 SET k=k+1 WHERE id=6943171
	Update on sbtest7  (cost=0.43..8.46 rows=1 width=196)
	  ->  Index Scan using sbtest7_pkey on sbtest7  (cost=0.43..8.46 rows=1 width=196)
	        Index Cond: (id = 6943171)

table 8 : explain UPDATE sbtest8 SET k=k+1 WHERE id=3377320
	Update on sbtest8  (cost=0.43..8.46 rows=1 width=196)
	  ->  Index Scan using sbtest8_pkey on sbtest8  (cost=0.43..8.46 rows=1 width=196)
	        Index Cond: (id = 3377320)

for deletes
table 1 : explain DELETE FROM sbtest1 WHERE id=333993
	Delete on sbtest1  (cost=0.43..8.45 rows=1 width=6)
	  ->  Index Scan using sbtest1_pkey on sbtest1  (cost=0.43..8.45 rows=1 width=6)
	        Index Cond: (id = 333993)

table 2 : explain DELETE FROM sbtest2 WHERE id=571239
	Delete on sbtest2  (cost=0.43..8.45 rows=1 width=6)
	  ->  Index Scan using sbtest2_pkey on sbtest2  (cost=0.43..8.45 rows=1 width=6)
	        Index Cond: (id = 571239)

table 3 : explain DELETE FROM sbtest3 WHERE id=9152574
	Delete on sbtest3  (cost=0.43..8.45 rows=1 width=6)
	  ->  Index Scan using sbtest3_pkey on sbtest3  (cost=0.43..8.45 rows=1 width=6)
	        Index Cond: (id = 9152574)

table 4 : explain DELETE FROM sbtest4 WHERE id=2313555
	Delete on sbtest4  (cost=0.43..8.45 rows=1 width=6)
	  ->  Index Scan using sbtest4_pkey on sbtest4  (cost=0.43..8.45 rows=1 width=6)
	        Index Cond: (id = 2313555)

table 5 : explain DELETE FROM sbtest5 WHERE id=2033230
	Delete on sbtest5  (cost=0.43..8.45 rows=1 width=6)
	  ->  Index Scan using sbtest5_pkey on sbtest5  (cost=0.43..8.45 rows=1 width=6)
	        Index Cond: (id = 2033230)

table 6 : explain DELETE FROM sbtest6 WHERE id=2748942
	Delete on sbtest6  (cost=0.43..8.45 rows=1 width=6)
	  ->  Index Scan using sbtest6_pkey on sbtest6  (cost=0.43..8.45 rows=1 width=6)
	        Index Cond: (id = 2748942)

table 7 : explain DELETE FROM sbtest7 WHERE id=8781623
	Delete on sbtest7  (cost=0.43..8.45 rows=1 width=6)
	  ->  Index Scan using sbtest7_pkey on sbtest7  (cost=0.43..8.45 rows=1 width=6)
	        Index Cond: (id = 8781623)

table 8 : explain DELETE FROM sbtest8 WHERE id=9563652
	Delete on sbtest8  (cost=0.43..8.45 rows=1 width=6)
	  ->  Index Scan using sbtest8_pkey on sbtest8  (cost=0.43..8.45 rows=1 width=6)
	        Index Cond: (id = 9563652)

explain: for deletes :: explain DELETE FROM sbtest%u WHERE id=%u
for index_updates
table 1 : explain UPDATE sbtest1 SET k=k+1 WHERE id=611508
	Update on sbtest1  (cost=0.43..8.46 rows=1 width=196)
	  ->  Index Scan using sbtest1_pkey on sbtest1  (cost=0.43..8.46 rows=1 width=196)
	        Index Cond: (id = 611508)

table 2 : explain UPDATE sbtest2 SET k=k+1 WHERE id=3972568
	Update on sbtest2  (cost=0.43..8.46 rows=1 width=196)
	  ->  Index Scan using sbtest2_pkey on sbtest2  (cost=0.43..8.46 rows=1 width=196)
	        Index Cond: (id = 3972568)

table 3 : explain UPDATE sbtest3 SET k=k+1 WHERE id=6177047
	Update on sbtest3  (cost=0.43..8.46 rows=1 width=196)
	  ->  Index Scan using sbtest3_pkey on sbtest3  (cost=0.43..8.46 rows=1 width=196)
	        Index Cond: (id = 6177047)

table 4 : explain UPDATE sbtest4 SET k=k+1 WHERE id=687397
	Update on sbtest4  (cost=0.43..8.46 rows=1 width=196)
	  ->  Index Scan using sbtest4_pkey on sbtest4  (cost=0.43..8.46 rows=1 width=196)
	        Index Cond: (id = 687397)

table 5 : explain UPDATE sbtest5 SET k=k+1 WHERE id=3805453
	Update on sbtest5  (cost=0.43..8.46 rows=1 width=196)
	  ->  Index Scan using sbtest5_pkey on sbtest5  (cost=0.43..8.46 rows=1 width=196)
	        Index Cond: (id = 3805453)

table 6 : explain UPDATE sbtest6 SET k=k+1 WHERE id=575106
	Update on sbtest6  (cost=0.43..8.46 rows=1 width=196)
	  ->  Index Scan using sbtest6_pkey on sbtest6  (cost=0.43..8.46 rows=1 width=196)
	        Index Cond: (id = 575106)

table 7 : explain UPDATE sbtest7 SET k=k+1 WHERE id=2837280
	Update on sbtest7  (cost=0.43..8.46 rows=1 width=196)
	  ->  Index Scan using sbtest7_pkey on sbtest7  (cost=0.43..8.46 rows=1 width=196)
	        Index Cond: (id = 2837280)

table 8 : explain UPDATE sbtest8 SET k=k+1 WHERE id=4978420
	Update on sbtest8  (cost=0.43..8.46 rows=1 width=196)
	  ->  Index Scan using sbtest8_pkey on sbtest8  (cost=0.43..8.46 rows=1 width=196)
	        Index Cond: (id = 4978420)

explain: for point_selects :: explain SELECT c FROM sbtest%u WHERE id=%u
for: simple_ranges
table 1 : explain SELECT c FROM sbtest1 WHERE id BETWEEN 6137063 AND 6137072
	Index Scan using sbtest1_pkey on sbtest1  (cost=0.43..38.99 rows=10 width=121)
	  Index Cond: ((id >= 6137063) AND (id <= 6137072))

table 2 : explain SELECT c FROM sbtest2 WHERE id BETWEEN 217665 AND 217674
	Index Scan using sbtest2_pkey on sbtest2  (cost=0.43..39.09 rows=10 width=121)
	  Index Cond: ((id >= 217665) AND (id <= 217674))

table 3 : explain SELECT c FROM sbtest3 WHERE id BETWEEN 4520443 AND 4520452
	Index Scan using sbtest3_pkey on sbtest3  (cost=0.43..35.87 rows=9 width=121)
	  Index Cond: ((id >= 4520443) AND (id <= 4520452))

table 4 : explain SELECT c FROM sbtest4 WHERE id BETWEEN 9186079 AND 9186088
	Index Scan using sbtest4_pkey on sbtest4  (cost=0.43..39.29 rows=10 width=121)
	  Index Cond: ((id >= 9186079) AND (id <= 9186088))

table 5 : explain SELECT c FROM sbtest5 WHERE id BETWEEN 6046847 AND 6046856
	Index Scan using sbtest5_pkey on sbtest5  (cost=0.43..42.62 rows=11 width=121)
	  Index Cond: ((id >= 6046847) AND (id <= 6046856))

table 6 : explain SELECT c FROM sbtest6 WHERE id BETWEEN 6154911 AND 6154920
	Index Scan using sbtest6_pkey on sbtest6  (cost=0.43..39.00 rows=10 width=121)
	  Index Cond: ((id >= 6154911) AND (id <= 6154920))

table 7 : explain SELECT c FROM sbtest7 WHERE id BETWEEN 2136863 AND 2136872
	Index Scan using sbtest7_pkey on sbtest7  (cost=0.43..35.81 rows=9 width=121)
	  Index Cond: ((id >= 2136863) AND (id <= 2136872))

table 8 : explain SELECT c FROM sbtest8 WHERE id BETWEEN 7616124 AND 7616133
	Index Scan using sbtest8_pkey on sbtest8  (cost=0.43..42.61 rows=11 width=121)
	  Index Cond: ((id >= 7616124) AND (id <= 7616133))

for: distinct_ranges
table 1 : explain SELECT DISTINCT c FROM sbtest1 WHERE id BETWEEN 5625539 AND 5625548 ORDER BY c
	Unique  (cost=35.74..35.78 rows=9 width=121)
	  ->  Sort  (cost=35.74..35.76 rows=9 width=121)
	        Sort Key: c
	        ->  Index Scan using sbtest1_pkey on sbtest1  (cost=0.43..35.60 rows=9 width=121)
	              Index Cond: ((id >= 5625539) AND (id <= 5625548))

table 2 : explain SELECT DISTINCT c FROM sbtest2 WHERE id BETWEEN 8636236 AND 8636245 ORDER BY c
	Unique  (cost=35.83..35.87 rows=9 width=121)
	  ->  Sort  (cost=35.83..35.85 rows=9 width=121)
	        Sort Key: c
	        ->  Index Scan using sbtest2_pkey on sbtest2  (cost=0.43..35.68 rows=9 width=121)
	              Index Cond: ((id >= 8636236) AND (id <= 8636245))

table 3 : explain SELECT DISTINCT c FROM sbtest3 WHERE id BETWEEN 1111291 AND 1111300 ORDER BY c
	Unique  (cost=39.46..39.51 rows=10 width=121)
	  ->  Sort  (cost=39.46..39.48 rows=10 width=121)
	        Sort Key: c
	        ->  Index Scan using sbtest3_pkey on sbtest3  (cost=0.43..39.29 rows=10 width=121)
	              Index Cond: ((id >= 1111291) AND (id <= 1111300))

table 4 : explain SELECT DISTINCT c FROM sbtest4 WHERE id BETWEEN 628175 AND 628184 ORDER BY c
	Unique  (cost=42.91..42.97 rows=11 width=121)
	  ->  Sort  (cost=42.91..42.94 rows=11 width=121)
	        Sort Key: c
	        ->  Index Scan using sbtest4_pkey on sbtest4  (cost=0.43..42.72 rows=11 width=121)
	              Index Cond: ((id >= 628175) AND (id <= 628184))

table 5 : explain SELECT DISTINCT c FROM sbtest5 WHERE id BETWEEN 9777408 AND 9777417 ORDER BY c
	Unique  (cost=39.37..39.42 rows=10 width=121)
	  ->  Sort  (cost=39.37..39.40 rows=10 width=121)
	        Sort Key: c
	        ->  Index Scan using sbtest5_pkey on sbtest5  (cost=0.43..39.21 rows=10 width=121)
	              Index Cond: ((id >= 9777408) AND (id <= 9777417))

table 6 : explain SELECT DISTINCT c FROM sbtest6 WHERE id BETWEEN 8953970 AND 8953979 ORDER BY c
	Unique  (cost=39.17..39.22 rows=10 width=121)
	  ->  Sort  (cost=39.17..39.20 rows=10 width=121)
	        Sort Key: c
	        ->  Index Scan using sbtest6_pkey on sbtest6  (cost=0.43..39.00 rows=10 width=121)
	              Index Cond: ((id >= 8953970) AND (id <= 8953979))

table 7 : explain SELECT DISTINCT c FROM sbtest7 WHERE id BETWEEN 2279406 AND 2279415 ORDER BY c
	Unique  (cost=39.39..39.44 rows=10 width=121)
	  ->  Sort  (cost=39.39..39.42 rows=10 width=121)
	        Sort Key: c
	        ->  Index Scan using sbtest7_pkey on sbtest7  (cost=0.43..39.22 rows=10 width=121)
	              Index Cond: ((id >= 2279406) AND (id <= 2279415))

table 8 : explain SELECT DISTINCT c FROM sbtest8 WHERE id BETWEEN 4013721 AND 4013730 ORDER BY c
	Unique  (cost=39.36..39.41 rows=10 width=121)
	  ->  Sort  (cost=39.36..39.38 rows=10 width=121)
	        Sort Key: c
	        ->  Index Scan using sbtest8_pkey on sbtest8  (cost=0.43..39.19 rows=10 width=121)
	              Index Cond: ((id >= 4013721) AND (id <= 4013730))

for non_index_updates
table 1 : explain UPDATE sbtest1 SET c='foobar' WHERE id=4286197
	Update on sbtest1  (cost=0.43..8.45 rows=1 width=559)
	  ->  Index Scan using sbtest1_pkey on sbtest1  (cost=0.43..8.45 rows=1 width=559)
	        Index Cond: (id = 4286197)

table 2 : explain UPDATE sbtest2 SET c='foobar' WHERE id=9444136
	Update on sbtest2  (cost=0.43..8.45 rows=1 width=559)
	  ->  Index Scan using sbtest2_pkey on sbtest2  (cost=0.43..8.45 rows=1 width=559)
	        Index Cond: (id = 9444136)

table 3 : explain UPDATE sbtest3 SET c='foobar' WHERE id=2106094
	Update on sbtest3  (cost=0.43..8.45 rows=1 width=559)
	  ->  Index Scan using sbtest3_pkey on sbtest3  (cost=0.43..8.45 rows=1 width=559)
	        Index Cond: (id = 2106094)

table 4 : explain UPDATE sbtest4 SET c='foobar' WHERE id=4337951
	Update on sbtest4  (cost=0.43..8.45 rows=1 width=559)
	  ->  Index Scan using sbtest4_pkey on sbtest4  (cost=0.43..8.45 rows=1 width=559)
	        Index Cond: (id = 4337951)

table 5 : explain UPDATE sbtest5 SET c='foobar' WHERE id=8690934
	Update on sbtest5  (cost=0.43..8.45 rows=1 width=559)
	  ->  Index Scan using sbtest5_pkey on sbtest5  (cost=0.43..8.45 rows=1 width=559)
	        Index Cond: (id = 8690934)

table 6 : explain UPDATE sbtest6 SET c='foobar' WHERE id=5589928
	Update on sbtest6  (cost=0.43..8.45 rows=1 width=559)
	  ->  Index Scan using sbtest6_pkey on sbtest6  (cost=0.43..8.45 rows=1 width=559)
	        Index Cond: (id = 5589928)

table 7 : explain UPDATE sbtest7 SET c='foobar' WHERE id=8450960
	Update on sbtest7  (cost=0.43..8.45 rows=1 width=559)
	  ->  Index Scan using sbtest7_pkey on sbtest7  (cost=0.43..8.45 rows=1 width=559)
	        Index Cond: (id = 8450960)

table 8 : explain UPDATE sbtest8 SET c='foobar' WHERE id=3560319
	Update on sbtest8  (cost=0.43..8.45 rows=1 width=559)
	  ->  Index Scan using sbtest8_pkey on sbtest8  (cost=0.43..8.45 rows=1 width=559)
	        Index Cond: (id = 3560319)

explain: for deletes :: explain DELETE FROM sbtest%u WHERE id=%u
for: order_ranges
table 1 : explain SELECT c FROM sbtest1 WHERE id BETWEEN 4554424 AND 4554433 ORDER BY c
	Sort  (cost=42.57..42.60 rows=11 width=121)
	  Sort Key: c
	  ->  Index Scan using sbtest1_pkey on sbtest1  (cost=0.43..42.38 rows=11 width=121)
	        Index Cond: ((id >= 4554424) AND (id <= 4554433))

table 2 : explain SELECT c FROM sbtest2 WHERE id BETWEEN 9275371 AND 9275380 ORDER BY c
	Sort  (cost=42.68..42.71 rows=11 width=121)
	  Sort Key: c
	  ->  Index Scan using sbtest2_pkey on sbtest2  (cost=0.43..42.49 rows=11 width=121)
	        Index Cond: ((id >= 9275371) AND (id <= 9275380))

table 3 : explain SELECT c FROM sbtest3 WHERE id BETWEEN 1131468 AND 1131477 ORDER BY c
	Sort  (cost=39.46..39.48 rows=10 width=121)
	  Sort Key: c
	  ->  Index Scan using sbtest3_pkey on sbtest3  (cost=0.43..39.29 rows=10 width=121)
	        Index Cond: ((id >= 1131468) AND (id <= 1131477))

table 4 : explain SELECT c FROM sbtest4 WHERE id BETWEEN 9033177 AND 9033186 ORDER BY c
	Sort  (cost=36.01..36.03 rows=9 width=121)
	  Sort Key: c
	  ->  Index Scan using sbtest4_pkey on sbtest4  (cost=0.43..35.87 rows=9 width=121)
	        Index Cond: ((id >= 9033177) AND (id <= 9033186))

table 5 : explain SELECT c FROM sbtest5 WHERE id BETWEEN 2405546 AND 2405555 ORDER BY c
	Sort  (cost=35.93..35.95 rows=9 width=121)
	  Sort Key: c
	  ->  Index Scan using sbtest5_pkey on sbtest5  (cost=0.43..35.79 rows=9 width=121)
	        Index Cond: ((id >= 2405546) AND (id <= 2405555))

table 6 : explain SELECT c FROM sbtest6 WHERE id BETWEEN 5546509 AND 5546518 ORDER BY c
	Sort  (cost=39.17..39.20 rows=10 width=121)
	  Sort Key: c
	  ->  Index Scan using sbtest6_pkey on sbtest6  (cost=0.43..39.00 rows=10 width=121)
	        Index Cond: ((id >= 5546509) AND (id <= 5546518))

table 7 : explain SELECT c FROM sbtest7 WHERE id BETWEEN 2517676 AND 2517685 ORDER BY c
	Sort  (cost=35.95..35.97 rows=9 width=121)
	  Sort Key: c
	  ->  Index Scan using sbtest7_pkey on sbtest7  (cost=0.43..35.81 rows=9 width=121)
	        Index Cond: ((id >= 2517676) AND (id <= 2517685))

table 8 : explain SELECT c FROM sbtest8 WHERE id BETWEEN 6363959 AND 6363968 ORDER BY c
	Sort  (cost=35.92..35.94 rows=9 width=121)
	  Sort Key: c
	  ->  Index Scan using sbtest8_pkey on sbtest8  (cost=0.43..35.78 rows=9 width=121)
	        Index Cond: ((id >= 6363959) AND (id <= 6363968))

explain: for inserts :: explain INSERT INTO sbtest%u (id, k, c, pad) VALUES (%u, 13, 'foobar', 'foobar')
for inserts
table 1 : explain INSERT INTO sbtest1 (id, k, c, pad) VALUES (9636519, 13, 'foobar', 'foobar')
	Insert on sbtest1  (cost=0.00..0.01 rows=1 width=736)
	  ->  Result  (cost=0.00..0.01 rows=1 width=736)

table 2 : explain INSERT INTO sbtest2 (id, k, c, pad) VALUES (2627283, 13, 'foobar', 'foobar')
	Insert on sbtest2  (cost=0.00..0.01 rows=1 width=736)
	  ->  Result  (cost=0.00..0.01 rows=1 width=736)

table 3 : explain INSERT INTO sbtest3 (id, k, c, pad) VALUES (3257386, 13, 'foobar', 'foobar')
	Insert on sbtest3  (cost=0.00..0.01 rows=1 width=736)
	  ->  Result  (cost=0.00..0.01 rows=1 width=736)

table 4 : explain INSERT INTO sbtest4 (id, k, c, pad) VALUES (8285607, 13, 'foobar', 'foobar')
	Insert on sbtest4  (cost=0.00..0.01 rows=1 width=736)
	  ->  Result  (cost=0.00..0.01 rows=1 width=736)

table 5 : explain INSERT INTO sbtest5 (id, k, c, pad) VALUES (7486938, 13, 'foobar', 'foobar')
	Insert on sbtest5  (cost=0.00..0.01 rows=1 width=736)
	  ->  Result  (cost=0.00..0.01 rows=1 width=736)

table 6 : explain INSERT INTO sbtest6 (id, k, c, pad) VALUES (4123037, 13, 'foobar', 'foobar')
	Insert on sbtest6  (cost=0.00..0.01 rows=1 width=736)
	  ->  Result  (cost=0.00..0.01 rows=1 width=736)

table 7 : explain INSERT INTO sbtest7 (id, k, c, pad) VALUES (6697967, 13, 'foobar', 'foobar')
	Insert on sbtest7  (cost=0.00..0.01 rows=1 width=736)
	  ->  Result  (cost=0.00..0.01 rows=1 width=736)

table 8 : explain INSERT INTO sbtest8 (id, k, c, pad) VALUES (6834836, 13, 'foobar', 'foobar')
	Insert on sbtest8  (cost=0.00..0.01 rows=1 width=736)
	  ->  Result  (cost=0.00..0.01 rows=1 width=736)
for index_updates
table 1 : explain UPDATE sbtest1 SET k=k+1 WHERE id=7967727
	Update on sbtest1  (cost=0.43..8.46 rows=1 width=196)
	  ->  Index Scan using sbtest1_pkey on sbtest1  (cost=0.43..8.46 rows=1 width=196)
	        Index Cond: (id = 7967727)

table 2 : explain UPDATE sbtest2 SET k=k+1 WHERE id=7340610
	Update on sbtest2  (cost=0.43..8.46 rows=1 width=196)
	  ->  Index Scan using sbtest2_pkey on sbtest2  (cost=0.43..8.46 rows=1 width=196)
	        Index Cond: (id = 7340610)

table 3 : explain UPDATE sbtest3 SET k=k+1 WHERE id=6809917
	Update on sbtest3  (cost=0.43..8.46 rows=1 width=196)
	  ->  Index Scan using sbtest3_pkey on sbtest3  (cost=0.43..8.46 rows=1 width=196)
	        Index Cond: (id = 6809917)

table 4 : explain UPDATE sbtest4 SET k=k+1 WHERE id=433850
	Update on sbtest4  (cost=0.43..8.46 rows=1 width=196)
	  ->  Index Scan using sbtest4_pkey on sbtest4  (cost=0.43..8.46 rows=1 width=196)
	        Index Cond: (id = 433850)

table 5 : explain UPDATE sbtest5 SET k=k+1 WHERE id=5068553
	Update on sbtest5  (cost=0.43..8.46 rows=1 width=196)
	  ->  Index Scan using sbtest5_pkey on sbtest5  (cost=0.43..8.46 rows=1 width=196)
	        Index Cond: (id = 5068553)

table 6 : explain UPDATE sbtest6 SET k=k+1 WHERE id=9182227
	Update on sbtest6  (cost=0.43..8.46 rows=1 width=196)
	  ->  Index Scan using sbtest6_pkey on sbtest6  (cost=0.43..8.46 rows=1 width=196)
	        Index Cond: (id = 9182227)

table 7 : explain UPDATE sbtest7 SET k=k+1 WHERE id=8835405
	Update on sbtest7  (cost=0.43..8.46 rows=1 width=196)
	  ->  Index Scan using sbtest7_pkey on sbtest7  (cost=0.43..8.46 rows=1 width=196)
	        Index Cond: (id = 8835405)

table 8 : explain UPDATE sbtest8 SET k=k+1 WHERE id=7737619
	Update on sbtest8  (cost=0.43..8.46 rows=1 width=196)
	  ->  Index Scan using sbtest8_pkey on sbtest8  (cost=0.43..8.46 rows=1 width=196)
	        Index Cond: (id = 7737619)


explain: for inserts :: explain INSERT INTO sbtest%u (id, k, c, pad) VALUES (%u, 13, 'foobar', 'foobar')
for deletes
table 1 : explain DELETE FROM sbtest1 WHERE id=5044926
	Delete on sbtest1  (cost=0.43..8.45 rows=1 width=6)
	  ->  Index Scan using sbtest1_pkey on sbtest1  (cost=0.43..8.45 rows=1 width=6)
	        Index Cond: (id = 5044926)

table 2 : explain DELETE FROM sbtest2 WHERE id=68029
	Delete on sbtest2  (cost=0.43..8.45 rows=1 width=6)
	  ->  Index Scan using sbtest2_pkey on sbtest2  (cost=0.43..8.45 rows=1 width=6)
	        Index Cond: (id = 68029)

table 3 : explain DELETE FROM sbtest3 WHERE id=9208265
	Delete on sbtest3  (cost=0.43..8.45 rows=1 width=6)
	  ->  Index Scan using sbtest3_pkey on sbtest3  (cost=0.43..8.45 rows=1 width=6)
	        Index Cond: (id = 9208265)

table 4 : explain DELETE FROM sbtest4 WHERE id=9258869
	Delete on sbtest4  (cost=0.43..8.45 rows=1 width=6)
	  ->  Index Scan using sbtest4_pkey on sbtest4  (cost=0.43..8.45 rows=1 width=6)
	        Index Cond: (id = 9258869)

table 5 : explain DELETE FROM sbtest5 WHERE id=436657
	Delete on sbtest5  (cost=0.43..8.45 rows=1 width=6)
	  ->  Index Scan using sbtest5_pkey on sbtest5  (cost=0.43..8.45 rows=1 width=6)
	        Index Cond: (id = 436657)

table 6 : explain DELETE FROM sbtest6 WHERE id=9911515
	Delete on sbtest6  (cost=0.43..8.45 rows=1 width=6)
	  ->  Index Scan using sbtest6_pkey on sbtest6  (cost=0.43..8.45 rows=1 width=6)
	        Index Cond: (id = 9911515)

table 7 : explain DELETE FROM sbtest7 WHERE id=9561659
	Delete on sbtest7  (cost=0.43..8.45 rows=1 width=6)
	  ->  Index Scan using sbtest7_pkey on sbtest7  (cost=0.43..8.45 rows=1 width=6)
	        Index Cond: (id = 9561659)

table 8 : explain DELETE FROM sbtest8 WHERE id=4741176
	Delete on sbtest8  (cost=0.43..8.45 rows=1 width=6)
	  ->  Index Scan using sbtest8_pkey on sbtest8  (cost=0.43..8.45 rows=1 width=6)
	        Index Cond: (id = 4741176)

explain: for inserts :: explain INSERT INTO sbtest%u (id, k, c, pad) VALUES (%u, 13, 'foobar', 'foobar')
for non_index_updates
table 1 : explain UPDATE sbtest1 SET c='foobar' WHERE id=7953876
	Update on sbtest1  (cost=0.43..8.45 rows=1 width=559)
	  ->  Index Scan using sbtest1_pkey on sbtest1  (cost=0.43..8.45 rows=1 width=559)
	        Index Cond: (id = 7953876)

table 2 : explain UPDATE sbtest2 SET c='foobar' WHERE id=4145918
	Update on sbtest2  (cost=0.43..8.45 rows=1 width=559)
	  ->  Index Scan using sbtest2_pkey on sbtest2  (cost=0.43..8.45 rows=1 width=559)
	        Index Cond: (id = 4145918)

table 3 : explain UPDATE sbtest3 SET c='foobar' WHERE id=6182444
	Update on sbtest3  (cost=0.43..8.45 rows=1 width=559)
	  ->  Index Scan using sbtest3_pkey on sbtest3  (cost=0.43..8.45 rows=1 width=559)
	        Index Cond: (id = 6182444)

table 4 : explain UPDATE sbtest4 SET c='foobar' WHERE id=5446309
	Update on sbtest4  (cost=0.43..8.45 rows=1 width=559)
	  ->  Index Scan using sbtest4_pkey on sbtest4  (cost=0.43..8.45 rows=1 width=559)
	        Index Cond: (id = 5446309)

table 5 : explain UPDATE sbtest5 SET c='foobar' WHERE id=9384934
	Update on sbtest5  (cost=0.43..8.45 rows=1 width=559)
	  ->  Index Scan using sbtest5_pkey on sbtest5  (cost=0.43..8.45 rows=1 width=559)
	        Index Cond: (id = 9384934)

table 6 : explain UPDATE sbtest6 SET c='foobar' WHERE id=8712960
	Update on sbtest6  (cost=0.43..8.45 rows=1 width=559)
	  ->  Index Scan using sbtest6_pkey on sbtest6  (cost=0.43..8.45 rows=1 width=559)
	        Index Cond: (id = 8712960)

table 7 : explain UPDATE sbtest7 SET c='foobar' WHERE id=4439776
	Update on sbtest7  (cost=0.43..8.45 rows=1 width=559)
	  ->  Index Scan using sbtest7_pkey on sbtest7  (cost=0.43..8.45 rows=1 width=559)
	        Index Cond: (id = 4439776)

table 8 : explain UPDATE sbtest8 SET c='foobar' WHERE id=3871110
	Update on sbtest8  (cost=0.43..8.45 rows=1 width=559)
	  ->  Index Scan using sbtest8_pkey on sbtest8  (cost=0.43..8.45 rows=1 width=559)
	        Index Cond: (id = 3871110)

explain: for non_index_updates :: explain UPDATE sbtest%u SET c='foobar' WHERE id=%u
explain: for deletes :: explain DELETE FROM sbtest%u WHERE id=%u
for deletes
table 1 : explain DELETE FROM sbtest1 WHERE id=3276685
	Delete on sbtest1  (cost=0.43..8.45 rows=1 width=6)
	  ->  Index Scan using sbtest1_pkey on sbtest1  (cost=0.43..8.45 rows=1 width=6)
	        Index Cond: (id = 3276685)

table 2 : explain DELETE FROM sbtest2 WHERE id=9810163
	Delete on sbtest2  (cost=0.43..8.45 rows=1 width=6)
	  ->  Index Scan using sbtest2_pkey on sbtest2  (cost=0.43..8.45 rows=1 width=6)
	        Index Cond: (id = 9810163)

table 3 : explain DELETE FROM sbtest3 WHERE id=593414
	Delete on sbtest3  (cost=0.43..8.45 rows=1 width=6)
	  ->  Index Scan using sbtest3_pkey on sbtest3  (cost=0.43..8.45 rows=1 width=6)
	        Index Cond: (id = 593414)

table 4 : explain DELETE FROM sbtest4 WHERE id=7275479
	Delete on sbtest4  (cost=0.43..8.45 rows=1 width=6)
	  ->  Index Scan using sbtest4_pkey on sbtest4  (cost=0.43..8.45 rows=1 width=6)
	        Index Cond: (id = 7275479)

table 5 : explain DELETE FROM sbtest5 WHERE id=1063763
	Delete on sbtest5  (cost=0.43..8.45 rows=1 width=6)
	  ->  Index Scan using sbtest5_pkey on sbtest5  (cost=0.43..8.45 rows=1 width=6)
	        Index Cond: (id = 1063763)

table 6 : explain DELETE FROM sbtest6 WHERE id=6444232
	Delete on sbtest6  (cost=0.43..8.45 rows=1 width=6)
	  ->  Index Scan using sbtest6_pkey on sbtest6  (cost=0.43..8.45 rows=1 width=6)
	        Index Cond: (id = 6444232)

table 7 : explain DELETE FROM sbtest7 WHERE id=8219406
	Delete on sbtest7  (cost=0.43..8.45 rows=1 width=6)
	  ->  Index Scan using sbtest7_pkey on sbtest7  (cost=0.43..8.45 rows=1 width=6)
	        Index Cond: (id = 8219406)

table 8 : explain DELETE FROM sbtest8 WHERE id=7753512
	Delete on sbtest8  (cost=0.43..8.45 rows=1 width=6)
	  ->  Index Scan using sbtest8_pkey on sbtest8  (cost=0.43..8.45 rows=1 width=6)
	        Index Cond: (id = 7753512)

explain: for inserts :: explain INSERT INTO sbtest%u (id, k, c, pad) VALUES (%u, 13, 'foobar', 'foobar')explain: for index_updates :: explain UPDATE sbtest%u SET k=k+1 WHERE id=%u

for non_index_updates
table 1 : explain UPDATE sbtest1 SET c='foobar' WHERE id=5033845
	Update on sbtest1  (cost=0.43..8.45 rows=1 width=559)
	  ->  Index Scan using sbtest1_pkey on sbtest1  (cost=0.43..8.45 rows=1 width=559)
	        Index Cond: (id = 5033845)

table 2 : explain UPDATE sbtest2 SET c='foobar' WHERE id=4057209
	Update on sbtest2  (cost=0.43..8.45 rows=1 width=559)
	  ->  Index Scan using sbtest2_pkey on sbtest2  (cost=0.43..8.45 rows=1 width=559)
	        Index Cond: (id = 4057209)

table 3 : explain UPDATE sbtest3 SET c='foobar' WHERE id=6444306
	Update on sbtest3  (cost=0.43..8.45 rows=1 width=559)
	  ->  Index Scan using sbtest3_pkey on sbtest3  (cost=0.43..8.45 rows=1 width=559)
	        Index Cond: (id = 6444306)

table 4 : explain UPDATE sbtest4 SET c='foobar' WHERE id=1381653
	Update on sbtest4  (cost=0.43..8.45 rows=1 width=559)
	  ->  Index Scan using sbtest4_pkey on sbtest4  (cost=0.43..8.45 rows=1 width=559)
	        Index Cond: (id = 1381653)

table 5 : explain UPDATE sbtest5 SET c='foobar' WHERE id=2096826
	Update on sbtest5  (cost=0.43..8.45 rows=1 width=559)
	  ->  Index Scan using sbtest5_pkey on sbtest5  (cost=0.43..8.45 rows=1 width=559)
	        Index Cond: (id = 2096826)

table 6 : explain UPDATE sbtest6 SET c='foobar' WHERE id=7142875
	Update on sbtest6  (cost=0.43..8.45 rows=1 width=559)
	  ->  Index Scan using sbtest6_pkey on sbtest6  (cost=0.43..8.45 rows=1 width=559)
	        Index Cond: (id = 7142875)

table 7 : explain UPDATE sbtest7 SET c='foobar' WHERE id=6747221
	Update on sbtest7  (cost=0.43..8.45 rows=1 width=559)
	  ->  Index Scan using sbtest7_pkey on sbtest7  (cost=0.43..8.45 rows=1 width=559)
	        Index Cond: (id = 6747221)

table 8 : explain UPDATE sbtest8 SET c='foobar' WHERE id=3135149
	Update on sbtest8  (cost=0.43..8.45 rows=1 width=559)
	  ->  Index Scan using sbtest8_pkey on sbtest8  (cost=0.43..8.45 rows=1 width=559)
	        Index Cond: (id = 3135149)

for: distinct_ranges
table 1 : explain SELECT DISTINCT c FROM sbtest1 WHERE id BETWEEN 8918504 AND 8918513 ORDER BY c
	Unique  (cost=39.15..39.20 rows=10 width=121)
	  ->  Sort  (cost=39.15..39.18 rows=10 width=121)
	        Sort Key: c
	        ->  Index Scan using sbtest1_pkey on sbtest1  (cost=0.43..38.99 rows=10 width=121)
	              Index Cond: ((id >= 8918504) AND (id <= 8918513))

table 2 : explain SELECT DISTINCT c FROM sbtest2 WHERE id BETWEEN 9104819 AND 9104828 ORDER BY c
	Unique  (cost=35.83..35.87 rows=9 width=121)
	  ->  Sort  (cost=35.83..35.85 rows=9 width=121)
	        Sort Key: c
	        ->  Index Scan using sbtest2_pkey on sbtest2  (cost=0.43..35.68 rows=9 width=121)
	              Index Cond: ((id >= 9104819) AND (id <= 9104828))

table 3 : explain SELECT DISTINCT c FROM sbtest3 WHERE id BETWEEN 6029603 AND 6029612 ORDER BY c
	Unique  (cost=39.46..39.51 rows=10 width=121)
	  ->  Sort  (cost=39.46..39.48 rows=10 width=121)
	        Sort Key: c
	        ->  Index Scan using sbtest3_pkey on sbtest3  (cost=0.43..39.29 rows=10 width=121)
	              Index Cond: ((id >= 6029603) AND (id <= 6029612))

table 4 : explain SELECT DISTINCT c FROM sbtest4 WHERE id BETWEEN 1175106 AND 1175115 ORDER BY c
	Unique  (cost=39.46..39.51 rows=10 width=121)
	  ->  Sort  (cost=39.46..39.49 rows=10 width=121)
	        Sort Key: c
	        ->  Index Scan using sbtest4_pkey on sbtest4  (cost=0.43..39.29 rows=10 width=121)
	              Index Cond: ((id >= 1175106) AND (id <= 1175115))

table 5 : explain SELECT DISTINCT c FROM sbtest5 WHERE id BETWEEN 7551449 AND 7551458 ORDER BY c
	Unique  (cost=35.93..35.98 rows=9 width=121)
	  ->  Sort  (cost=35.93..35.95 rows=9 width=121)
	        Sort Key: c
	        ->  Index Scan using sbtest5_pkey on sbtest5  (cost=0.43..35.79 rows=9 width=121)
	              Index Cond: ((id >= 7551449) AND (id <= 7551458))

table 6 : explain SELECT DISTINCT c FROM sbtest6 WHERE id BETWEEN 2708509 AND 2708518 ORDER BY c
	Unique  (cost=39.17..39.22 rows=10 width=121)
	  ->  Sort  (cost=39.17..39.20 rows=10 width=121)
	        Sort Key: c
	        ->  Index Scan using sbtest6_pkey on sbtest6  (cost=0.43..39.00 rows=10 width=121)
	              Index Cond: ((id >= 2708509) AND (id <= 2708518))

table 7 : explain SELECT DISTINCT c FROM sbtest7 WHERE id BETWEEN 8424113 AND 8424122 ORDER BY c
	Unique  (cost=42.83..42.89 rows=11 width=121)
	  ->  Sort  (cost=42.83..42.86 rows=11 width=121)
	        Sort Key: c
	        ->  Index Scan using sbtest7_pkey on sbtest7  (cost=0.43..42.64 rows=11 width=121)
	              Index Cond: ((id >= 8424113) AND (id <= 8424122))

table 8 : explain SELECT DISTINCT c FROM sbtest8 WHERE id BETWEEN 2119381 AND 2119390 ORDER BY c
	Unique  (cost=39.36..39.41 rows=10 width=121)
	  ->  Sort  (cost=39.36..39.38 rows=10 width=121)
	        Sort Key: c
	        ->  Index Scan using sbtest8_pkey on sbtest8  (cost=0.43..39.19 rows=10 width=121)
	              Index Cond: ((id >= 2119381) AND (id <= 2119390))

explain: for inserts :: explain INSERT INTO sbtest%u (id, k, c, pad) VALUES (%u, 13, 'foobar', 'foobar')
for: sum_ranges
table 1 : explain SELECT SUM(k) FROM sbtest1 WHERE id BETWEEN 9652041 AND 9652050
	Aggregate  (cost=42.41..42.42 rows=1 width=8)
	  ->  Index Scan using sbtest1_pkey on sbtest1  (cost=0.43..42.38 rows=11 width=4)
	        Index Cond: ((id >= 9652041) AND (id <= 9652050))

table 2 : explain SELECT SUM(k) FROM sbtest2 WHERE id BETWEEN 9300911 AND 9300920
	Aggregate  (cost=35.71..35.72 rows=1 width=8)
	  ->  Index Scan using sbtest2_pkey on sbtest2  (cost=0.43..35.68 rows=9 width=4)
	        Index Cond: ((id >= 9300911) AND (id <= 9300920))

table 3 : explain SELECT SUM(k) FROM sbtest3 WHERE id BETWEEN 929657 AND 929666
	Aggregate  (cost=39.32..39.33 rows=1 width=8)
	  ->  Index Scan using sbtest3_pkey on sbtest3  (cost=0.43..39.29 rows=10 width=4)
	        Index Cond: ((id >= 929657) AND (id <= 929666))

table 4 : explain SELECT SUM(k) FROM sbtest4 WHERE id BETWEEN 6563712 AND 6563721
	Aggregate  (cost=35.89..35.90 rows=1 width=8)
	  ->  Index Scan using sbtest4_pkey on sbtest4  (cost=0.43..35.87 rows=9 width=4)
	        Index Cond: ((id >= 6563712) AND (id <= 6563721))

table 5 : explain SELECT SUM(k) FROM sbtest5 WHERE id BETWEEN 4213861 AND 4213870
	Aggregate  (cost=42.65..42.66 rows=1 width=8)
	  ->  Index Scan using sbtest5_pkey on sbtest5  (cost=0.43..42.62 rows=11 width=4)
	        Index Cond: ((id >= 4213861) AND (id <= 4213870))

table 6 : explain SELECT SUM(k) FROM sbtest6 WHERE id BETWEEN 7423402 AND 7423411
	Aggregate  (cost=42.43..42.44 rows=1 width=8)
	  ->  Index Scan using sbtest6_pkey on sbtest6  (cost=0.43..42.40 rows=11 width=4)
	        Index Cond: ((id >= 7423402) AND (id <= 7423411))

table 7 : explain SELECT SUM(k) FROM sbtest7 WHERE id BETWEEN 5149170 AND 5149179
	Aggregate  (cost=39.25..39.26 rows=1 width=8)
	  ->  Index Scan using sbtest7_pkey on sbtest7  (cost=0.43..39.22 rows=10 width=4)
	        Index Cond: ((id >= 5149170) AND (id <= 5149179))

table 8 : explain SELECT SUM(k) FROM sbtest8 WHERE id BETWEEN 271458 AND 271467
	Aggregate  (cost=39.22..39.23 rows=1 width=8)
	  ->  Index Scan using sbtest8_pkey on sbtest8  (cost=0.43..39.19 rows=10 width=4)
	        Index Cond: ((id >= 271458) AND (id <= 271467))

for inserts
table 1 : explain INSERT INTO sbtest1 (id, k, c, pad) VALUES (3978727, 13, 'foobar', 'foobar')
	Insert on sbtest1  (cost=0.00..0.01 rows=1 width=736)
	  ->  Result  (cost=0.00..0.01 rows=1 width=736)

table 2 : explain INSERT INTO sbtest2 (id, k, c, pad) VALUES (3021967, 13, 'foobar', 'foobar')
	Insert on sbtest2  (cost=0.00..0.01 rows=1 width=736)
	  ->  Result  (cost=0.00..0.01 rows=1 width=736)

table 3 : explain INSERT INTO sbtest3 (id, k, c, pad) VALUES (3673372, 13, 'foobar', 'foobar')
	Insert on sbtest3  (cost=0.00..0.01 rows=1 width=736)
	  ->  Result  (cost=0.00..0.01 rows=1 width=736)

table 4 : explain INSERT INTO sbtest4 (id, k, c, pad) VALUES (8746520, 13, 'foobar', 'foobar')
	Insert on sbtest4  (cost=0.00..0.01 rows=1 width=736)
	  ->  Result  (cost=0.00..0.01 rows=1 width=736)

table 5 : explain INSERT INTO sbtest5 (id, k, c, pad) VALUES (7202532, 13, 'foobar', 'foobar')
	Insert on sbtest5  (cost=0.00..0.01 rows=1 width=736)
	  ->  Result  (cost=0.00..0.01 rows=1 width=736)

table 6 : explain INSERT INTO sbtest6 (id, k, c, pad) VALUES (8624674, 13, 'foobar', 'foobar')
	Insert on sbtest6  (cost=0.00..0.01 rows=1 width=736)
	  ->  Result  (cost=0.00..0.01 rows=1 width=736)

table 7 : explain INSERT INTO sbtest7 (id, k, c, pad) VALUES (4372309, 13, 'foobar', 'foobar')
	Insert on sbtest7  (cost=0.00..0.01 rows=1 width=736)
	  ->  Result  (cost=0.00..0.01 rows=1 width=736)

table 8 : explain INSERT INTO sbtest8 (id, k, c, pad) VALUES (3315284, 13, 'foobar', 'foobar')
	Insert on sbtest8  (cost=0.00..0.01 rows=1 width=736)
	  ->  Result  (cost=0.00..0.01 rows=1 width=736)

explain: for inserts :: explain INSERT INTO sbtest%u (id, k, c, pad) VALUES (%u, 13, 'foobar', 'foobar')
explain: for non_index_updates :: explain UPDATE sbtest%u SET c='foobar' WHERE id=%u
explain: for deletes :: explain DELETE FROM sbtest%u WHERE id=%u
for inserts
table 1 : explain INSERT INTO sbtest1 (id, k, c, pad) VALUES (5034908, 13, 'foobar', 'foobar')
	Insert on sbtest1  (cost=0.00..0.01 rows=1 width=736)
	  ->  Result  (cost=0.00..0.01 rows=1 width=736)

table 2 : explain INSERT INTO sbtest2 (id, k, c, pad) VALUES (7812933, 13, 'foobar', 'foobar')
	Insert on sbtest2  (cost=0.00..0.01 rows=1 width=736)
	  ->  Result  (cost=0.00..0.01 rows=1 width=736)

table 3 : explain INSERT INTO sbtest3 (id, k, c, pad) VALUES (3374871, 13, 'foobar', 'foobar')
	Insert on sbtest3  (cost=0.00..0.01 rows=1 width=736)
	  ->  Result  (cost=0.00..0.01 rows=1 width=736)

table 4 : explain INSERT INTO sbtest4 (id, k, c, pad) VALUES (4795225, 13, 'foobar', 'foobar')
	Insert on sbtest4  (cost=0.00..0.01 rows=1 width=736)
	  ->  Result  (cost=0.00..0.01 rows=1 width=736)

table 5 : explain INSERT INTO sbtest5 (id, k, c, pad) VALUES (8612491, 13, 'foobar', 'foobar')
	Insert on sbtest5  (cost=0.00..0.01 rows=1 width=736)
	  ->  Result  (cost=0.00..0.01 rows=1 width=736)

table 6 : explain INSERT INTO sbtest6 (id, k, c, pad) VALUES (6595724, 13, 'foobar', 'foobar')
	Insert on sbtest6  (cost=0.00..0.01 rows=1 width=736)
	  ->  Result  (cost=0.00..0.01 rows=1 width=736)

table 7 : explain INSERT INTO sbtest7 (id, k, c, pad) VALUES (2926518, 13, 'foobar', 'foobar')
	Insert on sbtest7  (cost=0.00..0.01 rows=1 width=736)
	  ->  Result  (cost=0.00..0.01 rows=1 width=736)

table 8 : explain INSERT INTO sbtest8 (id, k, c, pad) VALUES (4959261, 13, 'foobar', 'foobar')
	Insert on sbtest8  (cost=0.00..0.01 rows=1 width=736)
	  ->  Result  (cost=0.00..0.01 rows=1 width=736)

for deletes
table 1 : explain DELETE FROM sbtest1 WHERE id=1761128
	Delete on sbtest1  (cost=0.43..8.45 rows=1 width=6)
	  ->  Index Scan using sbtest1_pkey on sbtest1  (cost=0.43..8.45 rows=1 width=6)
	        Index Cond: (id = 1761128)

table 2 : explain DELETE FROM sbtest2 WHERE id=5498387
	Delete on sbtest2  (cost=0.43..8.45 rows=1 width=6)
	  ->  Index Scan using sbtest2_pkey on sbtest2  (cost=0.43..8.45 rows=1 width=6)
	        Index Cond: (id = 5498387)

table 3 : explain DELETE FROM sbtest3 WHERE id=8351779
	Delete on sbtest3  (cost=0.43..8.45 rows=1 width=6)
	  ->  Index Scan using sbtest3_pkey on sbtest3  (cost=0.43..8.45 rows=1 width=6)
	        Index Cond: (id = 8351779)

table 4 : explain DELETE FROM sbtest4 WHERE id=1750928
	Delete on sbtest4  (cost=0.43..8.45 rows=1 width=6)
	  ->  Index Scan using sbtest4_pkey on sbtest4  (cost=0.43..8.45 rows=1 width=6)
	        Index Cond: (id = 1750928)

table 5 : explain DELETE FROM sbtest5 WHERE id=9229354
	Delete on sbtest5  (cost=0.43..8.45 rows=1 width=6)
	  ->  Index Scan using sbtest5_pkey on sbtest5  (cost=0.43..8.45 rows=1 width=6)
	        Index Cond: (id = 9229354)

table 6 : explain DELETE FROM sbtest6 WHERE id=3973709
	Delete on sbtest6  (cost=0.43..8.45 rows=1 width=6)
	  ->  Index Scan using sbtest6_pkey on sbtest6  (cost=0.43..8.45 rows=1 width=6)
	        Index Cond: (id = 3973709)

table 7 : explain DELETE FROM sbtest7 WHERE id=9258528
	Delete on sbtest7  (cost=0.43..8.45 rows=1 width=6)
	  ->  Index Scan using sbtest7_pkey on sbtest7  (cost=0.43..8.45 rows=1 width=6)
	        Index Cond: (id = 9258528)

table 8 : explain DELETE FROM sbtest8 WHERE id=6352265
	Delete on sbtest8  (cost=0.43..8.45 rows=1 width=6)
	  ->  Index Scan using sbtest8_pkey on sbtest8  (cost=0.43..8.45 rows=1 width=6)
	        Index Cond: (id = 6352265)

for: order_ranges
table 1 : explain SELECT c FROM sbtest1 WHERE id BETWEEN 2787693 AND 2787702 ORDER BY c
	Sort  (cost=39.15..39.18 rows=10 width=121)
	  Sort Key: c
	  ->  Index Scan using sbtest1_pkey on sbtest1  (cost=0.43..38.99 rows=10 width=121)
	        Index Cond: ((id >= 2787693) AND (id <= 2787702))

table 2 : explain SELECT c FROM sbtest2 WHERE id BETWEEN 6450775 AND 6450784 ORDER BY c
	Sort  (cost=39.25..39.28 rows=10 width=121)
	  Sort Key: c
	  ->  Index Scan using sbtest2_pkey on sbtest2  (cost=0.43..39.09 rows=10 width=121)
	        Index Cond: ((id >= 6450775) AND (id <= 6450784))

table 3 : explain SELECT c FROM sbtest3 WHERE id BETWEEN 7282270 AND 7282279 ORDER BY c
	Sort  (cost=39.46..39.48 rows=10 width=121)
	  Sort Key: c
	  ->  Index Scan using sbtest3_pkey on sbtest3  (cost=0.43..39.29 rows=10 width=121)
	        Index Cond: ((id >= 7282270) AND (id <= 7282279))

table 4 : explain SELECT c FROM sbtest4 WHERE id BETWEEN 3515046 AND 3515055 ORDER BY c
	Sort  (cost=36.01..36.03 rows=9 width=121)
	  Sort Key: c
	  ->  Index Scan using sbtest4_pkey on sbtest4  (cost=0.43..35.87 rows=9 width=121)
	        Index Cond: ((id >= 3515046) AND (id <= 3515055))

table 5 : explain SELECT c FROM sbtest5 WHERE id BETWEEN 4386163 AND 4386172 ORDER BY c
	Sort  (cost=35.93..35.95 rows=9 width=121)
	  Sort Key: c
	  ->  Index Scan using sbtest5_pkey on sbtest5  (cost=0.43..35.79 rows=9 width=121)
	        Index Cond: ((id >= 4386163) AND (id <= 4386172))

table 6 : explain SELECT c FROM sbtest6 WHERE id BETWEEN 8787946 AND 8787955 ORDER BY c
	Sort  (cost=39.17..39.20 rows=10 width=121)
	  Sort Key: c
	  ->  Index Scan using sbtest6_pkey on sbtest6  (cost=0.43..39.00 rows=10 width=121)
	        Index Cond: ((id >= 8787946) AND (id <= 8787955))

table 7 : explain SELECT c FROM sbtest7 WHERE id BETWEEN 3234407 AND 3234416 ORDER BY c
	Sort  (cost=39.39..39.42 rows=10 width=121)
	  Sort Key: c
	  ->  Index Scan using sbtest7_pkey on sbtest7  (cost=0.43..39.22 rows=10 width=121)
	        Index Cond: ((id >= 3234407) AND (id <= 3234416))

table 8 : explain SELECT c FROM sbtest8 WHERE id BETWEEN 9591904 AND 9591913 ORDER BY c
	Sort  (cost=39.36..39.38 rows=10 width=121)
	  Sort Key: c
	  ->  Index Scan using sbtest8_pkey on sbtest8  (cost=0.43..39.19 rows=10 width=121)
	        Index Cond: ((id >= 9591904) AND (id <= 9591913))

for inserts
table 1 : explain INSERT INTO sbtest1 (id, k, c, pad) VALUES (7860812, 13, 'foobar', 'foobar')
	Insert on sbtest1  (cost=0.00..0.01 rows=1 width=736)
	  ->  Result  (cost=0.00..0.01 rows=1 width=736)

table 2 : explain INSERT INTO sbtest2 (id, k, c, pad) VALUES (5952655, 13, 'foobar', 'foobar')
	Insert on sbtest2  (cost=0.00..0.01 rows=1 width=736)
	  ->  Result  (cost=0.00..0.01 rows=1 width=736)

table 3 : explain INSERT INTO sbtest3 (id, k, c, pad) VALUES (106128, 13, 'foobar', 'foobar')
	Insert on sbtest3  (cost=0.00..0.01 rows=1 width=736)
	  ->  Result  (cost=0.00..0.01 rows=1 width=736)

table 4 : explain INSERT INTO sbtest4 (id, k, c, pad) VALUES (3436614, 13, 'foobar', 'foobar')
	Insert on sbtest4  (cost=0.00..0.01 rows=1 width=736)
	  ->  Result  (cost=0.00..0.01 rows=1 width=736)

table 5 : explain INSERT INTO sbtest5 (id, k, c, pad) VALUES (1443071, 13, 'foobar', 'foobar')
	Insert on sbtest5  (cost=0.00..0.01 rows=1 width=736)
	  ->  Result  (cost=0.00..0.01 rows=1 width=736)

table 6 : explain INSERT INTO sbtest6 (id, k, c, pad) VALUES (6712758, 13, 'foobar', 'foobar')
	Insert on sbtest6  (cost=0.00..0.01 rows=1 width=736)
	  ->  Result  (cost=0.00..0.01 rows=1 width=736)

table 7 : explain INSERT INTO sbtest7 (id, k, c, pad) VALUES (6623017, 13, 'foobar', 'foobar')
	Insert on sbtest7  (cost=0.00..0.01 rows=1 width=736)
	  ->  Result  (cost=0.00..0.01 rows=1 width=736)

table 8 : explain INSERT INTO sbtest8 (id, k, c, pad) VALUES (9385775, 13, 'foobar', 'foobar')
	Insert on sbtest8  (cost=0.00..0.01 rows=1 width=736)
	  ->  Result  (cost=0.00..0.01 rows=1 width=736)

explain: for non_index_updates :: explain UPDATE sbtest%u SET c='foobar' WHERE id=%u
explain: for inserts :: explain INSERT INTO sbtest%u (id, k, c, pad) VALUES (%u, 13, 'foobar', 'foobar')
explain: for inserts :: explain INSERT INTO sbtest%u (id, k, c, pad) VALUES (%u, 13, 'foobar', 'foobar')
for non_index_updates
table 1 : explain UPDATE sbtest1 SET c='foobar' WHERE id=510395
	Update on sbtest1  (cost=0.43..8.45 rows=1 width=559)
	  ->  Index Scan using sbtest1_pkey on sbtest1  (cost=0.43..8.45 rows=1 width=559)
	        Index Cond: (id = 510395)

table 2 : explain UPDATE sbtest2 SET c='foobar' WHERE id=1629801
	Update on sbtest2  (cost=0.43..8.45 rows=1 width=559)
	  ->  Index Scan using sbtest2_pkey on sbtest2  (cost=0.43..8.45 rows=1 width=559)
	        Index Cond: (id = 1629801)

table 3 : explain UPDATE sbtest3 SET c='foobar' WHERE id=9707824
	Update on sbtest3  (cost=0.43..8.45 rows=1 width=559)
	  ->  Index Scan using sbtest3_pkey on sbtest3  (cost=0.43..8.45 rows=1 width=559)
	        Index Cond: (id = 9707824)

table 4 : explain UPDATE sbtest4 SET c='foobar' WHERE id=4338604
	Update on sbtest4  (cost=0.43..8.45 rows=1 width=559)
	  ->  Index Scan using sbtest4_pkey on sbtest4  (cost=0.43..8.45 rows=1 width=559)
	        Index Cond: (id = 4338604)

table 5 : explain UPDATE sbtest5 SET c='foobar' WHERE id=7947738
	Update on sbtest5  (cost=0.43..8.45 rows=1 width=559)
	  ->  Index Scan using sbtest5_pkey on sbtest5  (cost=0.43..8.45 rows=1 width=559)
	        Index Cond: (id = 7947738)

table 6 : explain UPDATE sbtest6 SET c='foobar' WHERE id=31927
	Update on sbtest6  (cost=0.43..8.45 rows=1 width=559)
	  ->  Index Scan using sbtest6_pkey on sbtest6  (cost=0.43..8.45 rows=1 width=559)
	        Index Cond: (id = 31927)

table 7 : explain UPDATE sbtest7 SET c='foobar' WHERE id=8057272
	Update on sbtest7  (cost=0.43..8.45 rows=1 width=559)
	  ->  Index Scan using sbtest7_pkey on sbtest7  (cost=0.43..8.45 rows=1 width=559)
	        Index Cond: (id = 8057272)

table 8 : explain UPDATE sbtest8 SET c='foobar' WHERE id=6896747
	Update on sbtest8  (cost=0.43..8.45 rows=1 width=559)
	  ->  Index Scan using sbtest8_pkey on sbtest8  (cost=0.43..8.45 rows=1 width=559)
	        Index Cond: (id = 6896747)

for deletes
table 1 : explain DELETE FROM sbtest1 WHERE id=9955996
	Delete on sbtest1  (cost=0.43..8.45 rows=1 width=6)
	  ->  Index Scan using sbtest1_pkey on sbtest1  (cost=0.43..8.45 rows=1 width=6)
	        Index Cond: (id = 9955996)

table 2 : explain DELETE FROM sbtest2 WHERE id=6334129
	Delete on sbtest2  (cost=0.43..8.45 rows=1 width=6)
	  ->  Index Scan using sbtest2_pkey on sbtest2  (cost=0.43..8.45 rows=1 width=6)
	        Index Cond: (id = 6334129)

table 3 : explain DELETE FROM sbtest3 WHERE id=6092666
	Delete on sbtest3  (cost=0.43..8.45 rows=1 width=6)
	  ->  Index Scan using sbtest3_pkey on sbtest3  (cost=0.43..8.45 rows=1 width=6)
	        Index Cond: (id = 6092666)

table 4 : explain DELETE FROM sbtest4 WHERE id=6933594
	Delete on sbtest4  (cost=0.43..8.45 rows=1 width=6)
	  ->  Index Scan using sbtest4_pkey on sbtest4  (cost=0.43..8.45 rows=1 width=6)
	        Index Cond: (id = 6933594)

table 5 : explain DELETE FROM sbtest5 WHERE id=220690
	Delete on sbtest5  (cost=0.43..8.45 rows=1 width=6)
	  ->  Index Scan using sbtest5_pkey on sbtest5  (cost=0.43..8.45 rows=1 width=6)
	        Index Cond: (id = 220690)

table 6 : explain DELETE FROM sbtest6 WHERE id=9033344
	Delete on sbtest6  (cost=0.43..8.45 rows=1 width=6)
	  ->  Index Scan using sbtest6_pkey on sbtest6  (cost=0.43..8.45 rows=1 width=6)
	        Index Cond: (id = 9033344)

table 7 : explain DELETE FROM sbtest7 WHERE id=3039856
	Delete on sbtest7  (cost=0.43..8.45 rows=1 width=6)
	  ->  Index Scan using sbtest7_pkey on sbtest7  (cost=0.43..8.45 rows=1 width=6)
	        Index Cond: (id = 3039856)

table 8 : explain DELETE FROM sbtest8 WHERE id=1936960
	Delete on sbtest8  (cost=0.43..8.45 rows=1 width=6)
	  ->  Index Scan using sbtest8_pkey on sbtest8  (cost=0.43..8.45 rows=1 width=6)
	        Index Cond: (id = 1936960)

for inserts
table 1 : explain INSERT INTO sbtest1 (id, k, c, pad) VALUES (1548430, 13, 'foobar', 'foobar')
	Insert on sbtest1  (cost=0.00..0.01 rows=1 width=736)
	  ->  Result  (cost=0.00..0.01 rows=1 width=736)

table 2 : explain INSERT INTO sbtest2 (id, k, c, pad) VALUES (333490, 13, 'foobar', 'foobar')
	Insert on sbtest2  (cost=0.00..0.01 rows=1 width=736)
	  ->  Result  (cost=0.00..0.01 rows=1 width=736)

table 3 : explain INSERT INTO sbtest3 (id, k, c, pad) VALUES (2100963, 13, 'foobar', 'foobar')
	Insert on sbtest3  (cost=0.00..0.01 rows=1 width=736)
	  ->  Result  (cost=0.00..0.01 rows=1 width=736)

table 4 : explain INSERT INTO sbtest4 (id, k, c, pad) VALUES (3783686, 13, 'foobar', 'foobar')
	Insert on sbtest4  (cost=0.00..0.01 rows=1 width=736)
	  ->  Result  (cost=0.00..0.01 rows=1 width=736)

table 5 : explain INSERT INTO sbtest5 (id, k, c, pad) VALUES (9552444, 13, 'foobar', 'foobar')
	Insert on sbtest5  (cost=0.00..0.01 rows=1 width=736)
	  ->  Result  (cost=0.00..0.01 rows=1 width=736)

table 6 : explain INSERT INTO sbtest6 (id, k, c, pad) VALUES (6524661, 13, 'foobar', 'foobar')
	Insert on sbtest6  (cost=0.00..0.01 rows=1 width=736)
	  ->  Result  (cost=0.00..0.01 rows=1 width=736)

table 7 : explain INSERT INTO sbtest7 (id, k, c, pad) VALUES (2658138, 13, 'foobar', 'foobar')
	Insert on sbtest7  (cost=0.00..0.01 rows=1 width=736)
	  ->  Result  (cost=0.00..0.01 rows=1 width=736)

table 8 : explain INSERT INTO sbtest8 (id, k, c, pad) VALUES (3513126, 13, 'foobar', 'foobar')
	Insert on sbtest8  (cost=0.00..0.01 rows=1 width=736)
	  ->  Result  (cost=0.00..0.01 rows=1 width=736)

explain: for index_updates :: explain UPDATE sbtest%u SET k=k+1 WHERE id=%u
explain: for deletes :: explain DELETE FROM sbtest%u WHERE id=%u
explain: for deletes :: explain DELETE FROM sbtest%u WHERE id=%u
for index_updates
table 1 : explain UPDATE sbtest1 SET k=k+1 WHERE id=251051
	Update on sbtest1  (cost=0.43..8.46 rows=1 width=196)
	  ->  Index Scan using sbtest1_pkey on sbtest1  (cost=0.43..8.46 rows=1 width=196)
	        Index Cond: (id = 251051)

table 2 : explain UPDATE sbtest2 SET k=k+1 WHERE id=1179295
	Update on sbtest2  (cost=0.43..8.46 rows=1 width=196)
	  ->  Index Scan using sbtest2_pkey on sbtest2  (cost=0.43..8.46 rows=1 width=196)
	        Index Cond: (id = 1179295)

table 3 : explain UPDATE sbtest3 SET k=k+1 WHERE id=6882388
	Update on sbtest3  (cost=0.43..8.46 rows=1 width=196)
	  ->  Index Scan using sbtest3_pkey on sbtest3  (cost=0.43..8.46 rows=1 width=196)
	        Index Cond: (id = 6882388)

table 4 : explain UPDATE sbtest4 SET k=k+1 WHERE id=4254746
	Update on sbtest4  (cost=0.43..8.46 rows=1 width=196)
	  ->  Index Scan using sbtest4_pkey on sbtest4  (cost=0.43..8.46 rows=1 width=196)
	        Index Cond: (id = 4254746)

table 5 : explain UPDATE sbtest5 SET k=k+1 WHERE id=5889731
	Update on sbtest5  (cost=0.43..8.46 rows=1 width=196)
	  ->  Index Scan using sbtest5_pkey on sbtest5  (cost=0.43..8.46 rows=1 width=196)
	        Index Cond: (id = 5889731)

table 6 : explain UPDATE sbtest6 SET k=k+1 WHERE id=4589844
	Update on sbtest6  (cost=0.43..8.46 rows=1 width=196)
	  ->  Index Scan using sbtest6_pkey on sbtest6  (cost=0.43..8.46 rows=1 width=196)
	        Index Cond: (id = 4589844)

table 7 : explain UPDATE sbtest7 SET k=k+1 WHERE id=5622990
	Update on sbtest7  (cost=0.43..8.46 rows=1 width=196)
	  ->  Index Scan using sbtest7_pkey on sbtest7  (cost=0.43..8.46 rows=1 width=196)
	        Index Cond: (id = 5622990)

table 8 : explain UPDATE sbtest8 SET k=k+1 WHERE id=4833156
	Update on sbtest8  (cost=0.43..8.46 rows=1 width=196)
	  ->  Index Scan using sbtest8_pkey on sbtest8  (cost=0.43..8.46 rows=1 width=196)
	        Index Cond: (id = 4833156)

for non_index_updates
table 1 : explain UPDATE sbtest1 SET c='foobar' WHERE id=2721504
	Update on sbtest1  (cost=0.43..8.45 rows=1 width=559)
	  ->  Index Scan using sbtest1_pkey on sbtest1  (cost=0.43..8.45 rows=1 width=559)
	        Index Cond: (id = 2721504)

table 2 : explain UPDATE sbtest2 SET c='foobar' WHERE id=7244867
	Update on sbtest2  (cost=0.43..8.45 rows=1 width=559)
	  ->  Index Scan using sbtest2_pkey on sbtest2  (cost=0.43..8.45 rows=1 width=559)
	        Index Cond: (id = 7244867)

table 3 : explain UPDATE sbtest3 SET c='foobar' WHERE id=5957977
	Update on sbtest3  (cost=0.43..8.45 rows=1 width=559)
	  ->  Index Scan using sbtest3_pkey on sbtest3  (cost=0.43..8.45 rows=1 width=559)
	        Index Cond: (id = 5957977)

table 4 : explain UPDATE sbtest4 SET c='foobar' WHERE id=31809
	Update on sbtest4  (cost=0.43..8.45 rows=1 width=559)
	  ->  Index Scan using sbtest4_pkey on sbtest4  (cost=0.43..8.45 rows=1 width=559)
	        Index Cond: (id = 31809)

table 5 : explain UPDATE sbtest5 SET c='foobar' WHERE id=4175041
	Update on sbtest5  (cost=0.43..8.45 rows=1 width=559)
	  ->  Index Scan using sbtest5_pkey on sbtest5  (cost=0.43..8.45 rows=1 width=559)
	        Index Cond: (id = 4175041)

table 6 : explain UPDATE sbtest6 SET c='foobar' WHERE id=8903169
	Update on sbtest6  (cost=0.43..8.45 rows=1 width=559)
	  ->  Index Scan using sbtest6_pkey on sbtest6  (cost=0.43..8.45 rows=1 width=559)
	        Index Cond: (id = 8903169)

table 7 : explain UPDATE sbtest7 SET c='foobar' WHERE id=2771467
	Update on sbtest7  (cost=0.43..8.45 rows=1 width=559)
	  ->  Index Scan using sbtest7_pkey on sbtest7  (cost=0.43..8.45 rows=1 width=559)
	        Index Cond: (id = 2771467)

table 8 : explain UPDATE sbtest8 SET c='foobar' WHERE id=8648054
	Update on sbtest8  (cost=0.43..8.45 rows=1 width=559)
	  ->  Index Scan using sbtest8_pkey on sbtest8  (cost=0.43..8.45 rows=1 width=559)
	        Index Cond: (id = 8648054)

for inserts
table 1 : explain INSERT INTO sbtest1 (id, k, c, pad) VALUES (9745130, 13, 'foobar', 'foobar')
	Insert on sbtest1  (cost=0.00..0.01 rows=1 width=736)
	  ->  Result  (cost=0.00..0.01 rows=1 width=736)

table 2 : explain INSERT INTO sbtest2 (id, k, c, pad) VALUES (6190960, 13, 'foobar', 'foobar')
	Insert on sbtest2  (cost=0.00..0.01 rows=1 width=736)
	  ->  Result  (cost=0.00..0.01 rows=1 width=736)

table 3 : explain INSERT INTO sbtest3 (id, k, c, pad) VALUES (7612769, 13, 'foobar', 'foobar')
	Insert on sbtest3  (cost=0.00..0.01 rows=1 width=736)
	  ->  Result  (cost=0.00..0.01 rows=1 width=736)

table 4 : explain INSERT INTO sbtest4 (id, k, c, pad) VALUES (7093098, 13, 'foobar', 'foobar')
	Insert on sbtest4  (cost=0.00..0.01 rows=1 width=736)
	  ->  Result  (cost=0.00..0.01 rows=1 width=736)

table 5 : explain INSERT INTO sbtest5 (id, k, c, pad) VALUES (1031177, 13, 'foobar', 'foobar')
	Insert on sbtest5  (cost=0.00..0.01 rows=1 width=736)
	  ->  Result  (cost=0.00..0.01 rows=1 width=736)

table 6 : explain INSERT INTO sbtest6 (id, k, c, pad) VALUES (2926842, 13, 'foobar', 'foobar')
	Insert on sbtest6  (cost=0.00..0.01 rows=1 width=736)
	  ->  Result  (cost=0.00..0.01 rows=1 width=736)

table 7 : explain INSERT INTO sbtest7 (id, k, c, pad) VALUES (4853969, 13, 'foobar', 'foobar')
	Insert on sbtest7  (cost=0.00..0.01 rows=1 width=736)
	  ->  Result  (cost=0.00..0.01 rows=1 width=736)

table 8 : explain INSERT INTO sbtest8 (id, k, c, pad) VALUES (9627196, 13, 'foobar', 'foobar')
	Insert on sbtest8  (cost=0.00..0.01 rows=1 width=736)
	  ->  Result  (cost=0.00..0.01 rows=1 width=736)

for inserts
table 1 : explain INSERT INTO sbtest1 (id, k, c, pad) VALUES (5721984, 13, 'foobar', 'foobar')
	Insert on sbtest1  (cost=0.00..0.01 rows=1 width=736)
	  ->  Result  (cost=0.00..0.01 rows=1 width=736)

table 2 : explain INSERT INTO sbtest2 (id, k, c, pad) VALUES (6717507, 13, 'foobar', 'foobar')
	Insert on sbtest2  (cost=0.00..0.01 rows=1 width=736)
	  ->  Result  (cost=0.00..0.01 rows=1 width=736)

table 3 : explain INSERT INTO sbtest3 (id, k, c, pad) VALUES (5264025, 13, 'foobar', 'foobar')
	Insert on sbtest3  (cost=0.00..0.01 rows=1 width=736)
	  ->  Result  (cost=0.00..0.01 rows=1 width=736)

table 4 : explain INSERT INTO sbtest4 (id, k, c, pad) VALUES (1876416, 13, 'foobar', 'foobar')
	Insert on sbtest4  (cost=0.00..0.01 rows=1 width=736)
	  ->  Result  (cost=0.00..0.01 rows=1 width=736)

table 5 : explain INSERT INTO sbtest5 (id, k, c, pad) VALUES (4726504, 13, 'foobar', 'foobar')
	Insert on sbtest5  (cost=0.00..0.01 rows=1 width=736)
	  ->  Result  (cost=0.00..0.01 rows=1 width=736)

table 6 : explain INSERT INTO sbtest6 (id, k, c, pad) VALUES (4487611, 13, 'foobar', 'foobar')
	Insert on sbtest6  (cost=0.00..0.01 rows=1 width=736)
	  ->  Result  (cost=0.00..0.01 rows=1 width=736)

table 7 : explain INSERT INTO sbtest7 (id, k, c, pad) VALUES (666983, 13, 'foobar', 'foobar')
	Insert on sbtest7  (cost=0.00..0.01 rows=1 width=736)
	  ->  Result  (cost=0.00..0.01 rows=1 width=736)

table 8 : explain INSERT INTO sbtest8 (id, k, c, pad) VALUES (4604582, 13, 'foobar', 'foobar')
	Insert on sbtest8  (cost=0.00..0.01 rows=1 width=736)
	  ->  Result  (cost=0.00..0.01 rows=1 width=736)

explain: for index_updates :: explain UPDATE sbtest%u SET k=k+1 WHERE id=%u
for: distinct_ranges
table 1 : explain SELECT DISTINCT c FROM sbtest1 WHERE id BETWEEN 9056670 AND 9056679 ORDER BY c
	Unique  (cost=35.74..35.78 rows=9 width=121)
	  ->  Sort  (cost=35.74..35.76 rows=9 width=121)
	        Sort Key: c
	        ->  Index Scan using sbtest1_pkey on sbtest1  (cost=0.43..35.60 rows=9 width=121)
	              Index Cond: ((id >= 9056670) AND (id <= 9056679))

table 2 : explain SELECT DISTINCT c FROM sbtest2 WHERE id BETWEEN 984275 AND 984284 ORDER BY c
	Unique  (cost=42.68..42.74 rows=11 width=121)
	  ->  Sort  (cost=42.68..42.71 rows=11 width=121)
	        Sort Key: c
	        ->  Index Scan using sbtest2_pkey on sbtest2  (cost=0.43..42.49 rows=11 width=121)
	              Index Cond: ((id >= 984275) AND (id <= 984284))

table 3 : explain SELECT DISTINCT c FROM sbtest3 WHERE id BETWEEN 2689350 AND 2689359 ORDER BY c
	Unique  (cost=42.91..42.97 rows=11 width=121)
	  ->  Sort  (cost=42.91..42.94 rows=11 width=121)
	        Sort Key: c
	        ->  Index Scan using sbtest3_pkey on sbtest3  (cost=0.43..42.72 rows=11 width=121)
	              Index Cond: ((id >= 2689350) AND (id <= 2689359))

table 4 : explain SELECT DISTINCT c FROM sbtest4 WHERE id BETWEEN 6250474 AND 6250483 ORDER BY c
	Unique  (cost=39.46..39.51 rows=10 width=121)
	  ->  Sort  (cost=39.46..39.49 rows=10 width=121)
	        Sort Key: c
	        ->  Index Scan using sbtest4_pkey on sbtest4  (cost=0.43..39.29 rows=10 width=121)
	              Index Cond: ((id >= 6250474) AND (id <= 6250483))

table 5 : explain SELECT DISTINCT c FROM sbtest5 WHERE id BETWEEN 1566204 AND 1566213 ORDER BY c
	Unique  (cost=46.25..46.31 rows=12 width=121)
	  ->  Sort  (cost=46.25..46.28 rows=12 width=121)
	        Sort Key: c
	        ->  Index Scan using sbtest5_pkey on sbtest5  (cost=0.43..46.04 rows=12 width=121)
	              Index Cond: ((id >= 1566204) AND (id <= 1566213))

table 6 : explain SELECT DISTINCT c FROM sbtest6 WHERE id BETWEEN 2197816 AND 2197825 ORDER BY c
	Unique  (cost=39.17..39.22 rows=10 width=121)
	  ->  Sort  (cost=39.17..39.20 rows=10 width=121)
	        Sort Key: c
	        ->  Index Scan using sbtest6_pkey on sbtest6  (cost=0.43..39.00 rows=10 width=121)
	              Index Cond: ((id >= 2197816) AND (id <= 2197825))

table 7 : explain SELECT DISTINCT c FROM sbtest7 WHERE id BETWEEN 1053539 AND 1053548 ORDER BY c
	Unique  (cost=39.39..39.44 rows=10 width=121)
	  ->  Sort  (cost=39.39..39.42 rows=10 width=121)
	        Sort Key: c
	        ->  Index Scan using sbtest7_pkey on sbtest7  (cost=0.43..39.22 rows=10 width=121)
	              Index Cond: ((id >= 1053539) AND (id <= 1053548))

table 8 : explain SELECT DISTINCT c FROM sbtest8 WHERE id BETWEEN 3135070 AND 3135079 ORDER BY c
	Unique  (cost=39.36..39.41 rows=10 width=121)
	  ->  Sort  (cost=39.36..39.38 rows=10 width=121)
	        Sort Key: c
	        ->  Index Scan using sbtest8_pkey on sbtest8  (cost=0.43..39.19 rows=10 width=121)
	              Index Cond: ((id >= 3135070) AND (id <= 3135079))

for deletes
table 1 : explain DELETE FROM sbtest1 WHERE id=6975756
	Delete on sbtest1  (cost=0.43..8.45 rows=1 width=6)
	  ->  Index Scan using sbtest1_pkey on sbtest1  (cost=0.43..8.45 rows=1 width=6)
	        Index Cond: (id = 6975756)

table 2 : explain DELETE FROM sbtest2 WHERE id=3129722
	Delete on sbtest2  (cost=0.43..8.45 rows=1 width=6)
	  ->  Index Scan using sbtest2_pkey on sbtest2  (cost=0.43..8.45 rows=1 width=6)
	        Index Cond: (id = 3129722)

table 3 : explain DELETE FROM sbtest3 WHERE id=5607504
	Delete on sbtest3  (cost=0.43..8.45 rows=1 width=6)
	  ->  Index Scan using sbtest3_pkey on sbtest3  (cost=0.43..8.45 rows=1 width=6)
	        Index Cond: (id = 5607504)

table 4 : explain DELETE FROM sbtest4 WHERE id=8221468
	Delete on sbtest4  (cost=0.43..8.45 rows=1 width=6)
	  ->  Index Scan using sbtest4_pkey on sbtest4  (cost=0.43..8.45 rows=1 width=6)
	        Index Cond: (id = 8221468)

table 5 : explain DELETE FROM sbtest5 WHERE id=7979907
	Delete on sbtest5  (cost=0.43..8.45 rows=1 width=6)
	  ->  Index Scan using sbtest5_pkey on sbtest5  (cost=0.43..8.45 rows=1 width=6)
	        Index Cond: (id = 7979907)

table 6 : explain DELETE FROM sbtest6 WHERE id=7493739
	Delete on sbtest6  (cost=0.43..8.45 rows=1 width=6)
	  ->  Index Scan using sbtest6_pkey on sbtest6  (cost=0.43..8.45 rows=1 width=6)
	        Index Cond: (id = 7493739)

table 7 : explain DELETE FROM sbtest7 WHERE id=819395
	Delete on sbtest7  (cost=0.43..8.45 rows=1 width=6)
	  ->  Index Scan using sbtest7_pkey on sbtest7  (cost=0.43..8.45 rows=1 width=6)
	        Index Cond: (id = 819395)

table 8 : explain DELETE FROM sbtest8 WHERE id=3836794
	Delete on sbtest8  (cost=0.43..8.45 rows=1 width=6)
	  ->  Index Scan using sbtest8_pkey on sbtest8  (cost=0.43..8.45 rows=1 width=6)
	        Index Cond: (id = 3836794)

explain: for deletes :: explain DELETE FROM sbtest%u WHERE id=%u
for inserts
table 1 : explain INSERT INTO sbtest1 (id, k, c, pad) VALUES (1810996, 13, 'foobar', 'foobar')
	Insert on sbtest1  (cost=0.00..0.01 rows=1 width=736)
	  ->  Result  (cost=0.00..0.01 rows=1 width=736)

table 2 : explain INSERT INTO sbtest2 (id, k, c, pad) VALUES (8104467, 13, 'foobar', 'foobar')
	Insert on sbtest2  (cost=0.00..0.01 rows=1 width=736)
	  ->  Result  (cost=0.00..0.01 rows=1 width=736)

table 3 : explain INSERT INTO sbtest3 (id, k, c, pad) VALUES (5343321, 13, 'foobar', 'foobar')
	Insert on sbtest3  (cost=0.00..0.01 rows=1 width=736)
	  ->  Result  (cost=0.00..0.01 rows=1 width=736)

table 4 : explain INSERT INTO sbtest4 (id, k, c, pad) VALUES (3479777, 13, 'foobar', 'foobar')
	Insert on sbtest4  (cost=0.00..0.01 rows=1 width=736)
	  ->  Result  (cost=0.00..0.01 rows=1 width=736)

table 5 : explain INSERT INTO sbtest5 (id, k, c, pad) VALUES (5319604, 13, 'foobar', 'foobar')
	Insert on sbtest5  (cost=0.00..0.01 rows=1 width=736)
	  ->  Result  (cost=0.00..0.01 rows=1 width=736)

table 6 : explain INSERT INTO sbtest6 (id, k, c, pad) VALUES (9272368, 13, 'foobar', 'foobar')
	Insert on sbtest6  (cost=0.00..0.01 rows=1 width=736)
	  ->  Result  (cost=0.00..0.01 rows=1 width=736)

table 7 : explain INSERT INTO sbtest7 (id, k, c, pad) VALUES (566477, 13, 'foobar', 'foobar')
	Insert on sbtest7  (cost=0.00..0.01 rows=1 width=736)
	  ->  Result  (cost=0.00..0.01 rows=1 width=736)

table 8 : explain INSERT INTO sbtest8 (id, k, c, pad) VALUES (7516263, 13, 'foobar', 'foobar')
	Insert on sbtest8  (cost=0.00..0.01 rows=1 width=736)
	  ->  Result  (cost=0.00..0.01 rows=1 width=736)

for deletes
table 1 : explain DELETE FROM sbtest1 WHERE id=7164337
	Delete on sbtest1  (cost=0.43..8.45 rows=1 width=6)
	  ->  Index Scan using sbtest1_pkey on sbtest1  (cost=0.43..8.45 rows=1 width=6)
	        Index Cond: (id = 7164337)

table 2 : explain DELETE FROM sbtest2 WHERE id=3137259
	Delete on sbtest2  (cost=0.43..8.45 rows=1 width=6)
	  ->  Index Scan using sbtest2_pkey on sbtest2  (cost=0.43..8.45 rows=1 width=6)
	        Index Cond: (id = 3137259)

table 3 : explain DELETE FROM sbtest3 WHERE id=5665573
	Delete on sbtest3  (cost=0.43..8.45 rows=1 width=6)
	  ->  Index Scan using sbtest3_pkey on sbtest3  (cost=0.43..8.45 rows=1 width=6)
	        Index Cond: (id = 5665573)

table 4 : explain DELETE FROM sbtest4 WHERE id=7176187
	Delete on sbtest4  (cost=0.43..8.45 rows=1 width=6)
	  ->  Index Scan using sbtest4_pkey on sbtest4  (cost=0.43..8.45 rows=1 width=6)
	        Index Cond: (id = 7176187)

table 5 : explain DELETE FROM sbtest5 WHERE id=827072
	Delete on sbtest5  (cost=0.43..8.45 rows=1 width=6)
	  ->  Index Scan using sbtest5_pkey on sbtest5  (cost=0.43..8.45 rows=1 width=6)
	        Index Cond: (id = 827072)

table 6 : explain DELETE FROM sbtest6 WHERE id=1900455
	Delete on sbtest6  (cost=0.43..8.45 rows=1 width=6)
	  ->  Index Scan using sbtest6_pkey on sbtest6  (cost=0.43..8.45 rows=1 width=6)
	        Index Cond: (id = 1900455)

table 7 : explain DELETE FROM sbtest7 WHERE id=5398662
	Delete on sbtest7  (cost=0.43..8.45 rows=1 width=6)
	  ->  Index Scan using sbtest7_pkey on sbtest7  (cost=0.43..8.45 rows=1 width=6)
	        Index Cond: (id = 5398662)

table 8 : explain DELETE FROM sbtest8 WHERE id=1168456
	Delete on sbtest8  (cost=0.43..8.45 rows=1 width=6)
	  ->  Index Scan using sbtest8_pkey on sbtest8  (cost=0.43..8.45 rows=1 width=6)
	        Index Cond: (id = 1168456)

explain: for non_index_updates :: explain UPDATE sbtest%u SET c='foobar' WHERE id=%u
explain: for inserts :: explain INSERT INTO sbtest%u (id, k, c, pad) VALUES (%u, 13, 'foobar', 'foobar')
explain: for inserts :: explain INSERT INTO sbtest%u (id, k, c, pad) VALUES (%u, 13, 'foobar', 'foobar')
for: order_ranges
table 1 : explain SELECT c FROM sbtest1 WHERE id BETWEEN 6849046 AND 6849055 ORDER BY c
	Sort  (cost=39.15..39.18 rows=10 width=121)
	  Sort Key: c
	  ->  Index Scan using sbtest1_pkey on sbtest1  (cost=0.43..38.99 rows=10 width=121)
	        Index Cond: ((id >= 6849046) AND (id <= 6849055))

table 2 : explain SELECT c FROM sbtest2 WHERE id BETWEEN 6378400 AND 6378409 ORDER BY c
	Sort  (cost=39.25..39.28 rows=10 width=121)
	  Sort Key: c
	  ->  Index Scan using sbtest2_pkey on sbtest2  (cost=0.43..39.09 rows=10 width=121)
	        Index Cond: ((id >= 6378400) AND (id <= 6378409))

table 3 : explain SELECT c FROM sbtest3 WHERE id BETWEEN 5089133 AND 5089142 ORDER BY c
	Sort  (cost=39.46..39.48 rows=10 width=121)
	  Sort Key: c
	  ->  Index Scan using sbtest3_pkey on sbtest3  (cost=0.43..39.29 rows=10 width=121)
	        Index Cond: ((id >= 5089133) AND (id <= 5089142))

table 4 : explain SELECT c FROM sbtest4 WHERE id BETWEEN 6306959 AND 6306968 ORDER BY c
	Sort  (cost=39.46..39.49 rows=10 width=121)
	  Sort Key: c
	  ->  Index Scan using sbtest4_pkey on sbtest4  (cost=0.43..39.29 rows=10 width=121)
	        Index Cond: ((id >= 6306959) AND (id <= 6306968))

table 5 : explain SELECT c FROM sbtest5 WHERE id BETWEEN 7968084 AND 7968093 ORDER BY c
	Sort  (cost=39.37..39.40 rows=10 width=121)
	  Sort Key: c
	  ->  Index Scan using sbtest5_pkey on sbtest5  (cost=0.43..39.21 rows=10 width=121)
	        Index Cond: ((id >= 7968084) AND (id <= 7968093))

table 6 : explain SELECT c FROM sbtest6 WHERE id BETWEEN 7788392 AND 7788401 ORDER BY c
	Sort  (cost=42.59..42.62 rows=11 width=121)
	  Sort Key: c
	  ->  Index Scan using sbtest6_pkey on sbtest6  (cost=0.43..42.40 rows=11 width=121)
	        Index Cond: ((id >= 7788392) AND (id <= 7788401))

table 7 : explain SELECT c FROM sbtest7 WHERE id BETWEEN 9628880 AND 9628889 ORDER BY c
	Sort  (cost=35.95..35.97 rows=9 width=121)
	  Sort Key: c
	  ->  Index Scan using sbtest7_pkey on sbtest7  (cost=0.43..35.81 rows=9 width=121)
	        Index Cond: ((id >= 9628880) AND (id <= 9628889))

table 8 : explain SELECT c FROM sbtest8 WHERE id BETWEEN 8301009 AND 8301018 ORDER BY c
	Sort  (cost=39.36..39.38 rows=10 width=121)
	  Sort Key: c
	  ->  Index Scan using sbtest8_pkey on sbtest8  (cost=0.43..39.19 rows=10 width=121)
	        Index Cond: ((id >= 8301009) AND (id <= 8301018))

for deletes
table 1 : explain DELETE FROM sbtest1 WHERE id=2600435
	Delete on sbtest1  (cost=0.43..8.45 rows=1 width=6)
	  ->  Index Scan using sbtest1_pkey on sbtest1  (cost=0.43..8.45 rows=1 width=6)
	        Index Cond: (id = 2600435)

table 2 : explain DELETE FROM sbtest2 WHERE id=971753
	Delete on sbtest2  (cost=0.43..8.45 rows=1 width=6)
	  ->  Index Scan using sbtest2_pkey on sbtest2  (cost=0.43..8.45 rows=1 width=6)
	        Index Cond: (id = 971753)

table 3 : explain DELETE FROM sbtest3 WHERE id=4414322
	Delete on sbtest3  (cost=0.43..8.45 rows=1 width=6)
	  ->  Index Scan using sbtest3_pkey on sbtest3  (cost=0.43..8.45 rows=1 width=6)
	        Index Cond: (id = 4414322)

table 4 : explain DELETE FROM sbtest4 WHERE id=403427
	Delete on sbtest4  (cost=0.43..8.45 rows=1 width=6)
	  ->  Index Scan using sbtest4_pkey on sbtest4  (cost=0.43..8.45 rows=1 width=6)
	        Index Cond: (id = 403427)

table 5 : explain DELETE FROM sbtest5 WHERE id=2774840
	Delete on sbtest5  (cost=0.43..8.45 rows=1 width=6)
	  ->  Index Scan using sbtest5_pkey on sbtest5  (cost=0.43..8.45 rows=1 width=6)
	        Index Cond: (id = 2774840)

table 6 : explain DELETE FROM sbtest6 WHERE id=4513485
	Delete on sbtest6  (cost=0.43..8.45 rows=1 width=6)
	  ->  Index Scan using sbtest6_pkey on sbtest6  (cost=0.43..8.45 rows=1 width=6)
	        Index Cond: (id = 4513485)

table 7 : explain DELETE FROM sbtest7 WHERE id=8357019
	Delete on sbtest7  (cost=0.43..8.45 rows=1 width=6)
	  ->  Index Scan using sbtest7_pkey on sbtest7  (cost=0.43..8.45 rows=1 width=6)
	        Index Cond: (id = 8357019)

table 8 : explain DELETE FROM sbtest8 WHERE id=6840539
	Delete on sbtest8  (cost=0.43..8.45 rows=1 width=6)
	  ->  Index Scan using sbtest8_pkey on sbtest8  (cost=0.43..8.45 rows=1 width=6)
	        Index Cond: (id = 6840539)

for index_updates
table 1 : explain UPDATE sbtest1 SET k=k+1 WHERE id=3496537
	Update on sbtest1  (cost=0.43..8.46 rows=1 width=196)
	  ->  Index Scan using sbtest1_pkey on sbtest1  (cost=0.43..8.46 rows=1 width=196)
	        Index Cond: (id = 3496537)

table 2 : explain UPDATE sbtest2 SET k=k+1 WHERE id=8697749
	Update on sbtest2  (cost=0.43..8.46 rows=1 width=196)
	  ->  Index Scan using sbtest2_pkey on sbtest2  (cost=0.43..8.46 rows=1 width=196)
	        Index Cond: (id = 8697749)

table 3 : explain UPDATE sbtest3 SET k=k+1 WHERE id=1899406
	Update on sbtest3  (cost=0.43..8.46 rows=1 width=196)
	  ->  Index Scan using sbtest3_pkey on sbtest3  (cost=0.43..8.46 rows=1 width=196)
	        Index Cond: (id = 1899406)

table 4 : explain UPDATE sbtest4 SET k=k+1 WHERE id=5898284
	Update on sbtest4  (cost=0.43..8.46 rows=1 width=196)
	  ->  Index Scan using sbtest4_pkey on sbtest4  (cost=0.43..8.46 rows=1 width=196)
	        Index Cond: (id = 5898284)

table 5 : explain UPDATE sbtest5 SET k=k+1 WHERE id=5475592
	Update on sbtest5  (cost=0.43..8.46 rows=1 width=196)
	  ->  Index Scan using sbtest5_pkey on sbtest5  (cost=0.43..8.46 rows=1 width=196)
	        Index Cond: (id = 5475592)

table 6 : explain UPDATE sbtest6 SET k=k+1 WHERE id=6639364
	Update on sbtest6  (cost=0.43..8.46 rows=1 width=196)
	  ->  Index Scan using sbtest6_pkey on sbtest6  (cost=0.43..8.46 rows=1 width=196)
	        Index Cond: (id = 6639364)

table 7 : explain UPDATE sbtest7 SET k=k+1 WHERE id=4181265
	Update on sbtest7  (cost=0.43..8.46 rows=1 width=196)
	  ->  Index Scan using sbtest7_pkey on sbtest7  (cost=0.43..8.46 rows=1 width=196)
	        Index Cond: (id = 4181265)

table 8 : explain UPDATE sbtest8 SET k=k+1 WHERE id=6712129
	Update on sbtest8  (cost=0.43..8.46 rows=1 width=196)
	  ->  Index Scan using sbtest8_pkey on sbtest8  (cost=0.43..8.46 rows=1 width=196)
	        Index Cond: (id = 6712129)

explain: for index_updates :: explain UPDATE sbtest%u SET k=k+1 WHERE id=%u
for: distinct_ranges
table 1 : explain SELECT DISTINCT c FROM sbtest1 WHERE id BETWEEN 6705788 AND 6705797 ORDER BY c
	Unique  (cost=32.32..32.36 rows=8 width=121)
	  ->  Sort  (cost=32.32..32.34 rows=8 width=121)
	        Sort Key: c
	        ->  Index Scan using sbtest1_pkey on sbtest1  (cost=0.43..32.20 rows=8 width=121)
	              Index Cond: ((id >= 6705788) AND (id <= 6705797))

table 2 : explain SELECT DISTINCT c FROM sbtest2 WHERE id BETWEEN 4697670 AND 4697679 ORDER BY c
	Unique  (cost=39.25..39.30 rows=10 width=121)
	  ->  Sort  (cost=39.25..39.28 rows=10 width=121)
	        Sort Key: c
	        ->  Index Scan using sbtest2_pkey on sbtest2  (cost=0.43..39.09 rows=10 width=121)
	              Index Cond: ((id >= 4697670) AND (id <= 4697679))

table 3 : explain SELECT DISTINCT c FROM sbtest3 WHERE id BETWEEN 492653 AND 492662 ORDER BY c
	Unique  (cost=39.46..39.51 rows=10 width=121)
	  ->  Sort  (cost=39.46..39.48 rows=10 width=121)
	        Sort Key: c
	        ->  Index Scan using sbtest3_pkey on sbtest3  (cost=0.43..39.29 rows=10 width=121)
	              Index Cond: ((id >= 492653) AND (id <= 492662))

table 4 : explain SELECT DISTINCT c FROM sbtest4 WHERE id BETWEEN 6577696 AND 6577705 ORDER BY c
	Unique  (cost=36.01..36.06 rows=9 width=121)
	  ->  Sort  (cost=36.01..36.03 rows=9 width=121)
	        Sort Key: c
	        ->  Index Scan using sbtest4_pkey on sbtest4  (cost=0.43..35.87 rows=9 width=121)
	              Index Cond: ((id >= 6577696) AND (id <= 6577705))

table 5 : explain SELECT DISTINCT c FROM sbtest5 WHERE id BETWEEN 9407985 AND 9407994 ORDER BY c
	Unique  (cost=39.37..39.42 rows=10 width=121)
	  ->  Sort  (cost=39.37..39.40 rows=10 width=121)
	        Sort Key: c
	        ->  Index Scan using sbtest5_pkey on sbtest5  (cost=0.43..39.21 rows=10 width=121)
	              Index Cond: ((id >= 9407985) AND (id <= 9407994))

table 6 : explain SELECT DISTINCT c FROM sbtest6 WHERE id BETWEEN 4247593 AND 4247602 ORDER BY c
	Unique  (cost=39.17..39.22 rows=10 width=121)
	  ->  Sort  (cost=39.17..39.20 rows=10 width=121)
	        Sort Key: c
	        ->  Index Scan using sbtest6_pkey on sbtest6  (cost=0.43..39.00 rows=10 width=121)
	              Index Cond: ((id >= 4247593) AND (id <= 4247602))

table 7 : explain SELECT DISTINCT c FROM sbtest7 WHERE id BETWEEN 9438384 AND 9438393 ORDER BY c
	Unique  (cost=35.95..35.99 rows=9 width=121)
	  ->  Sort  (cost=35.95..35.97 rows=9 width=121)
	        Sort Key: c
	        ->  Index Scan using sbtest7_pkey on sbtest7  (cost=0.43..35.81 rows=9 width=121)
	              Index Cond: ((id >= 9438384) AND (id <= 9438393))

table 8 : explain SELECT DISTINCT c FROM sbtest8 WHERE id BETWEEN 2349194 AND 2349203 ORDER BY c
	Unique  (cost=39.36..39.41 rows=10 width=121)
	  ->  Sort  (cost=39.36..39.38 rows=10 width=121)
	        Sort Key: c
	        ->  Index Scan using sbtest8_pkey on sbtest8  (cost=0.43..39.19 rows=10 width=121)
	              Index Cond: ((id >= 2349194) AND (id <= 2349203))

for point_selects
table 1 : explain SELECT c FROM sbtest1 WHERE id=6575309
	Index Scan using sbtest1_pkey on sbtest1  (cost=0.43..8.45 rows=1 width=121)
	  Index Cond: (id = 6575309)

table 2 : explain SELECT c FROM sbtest2 WHERE id=632977
	Index Scan using sbtest2_pkey on sbtest2  (cost=0.43..8.45 rows=1 width=121)
	  Index Cond: (id = 632977)

table 3 : explain SELECT c FROM sbtest3 WHERE id=592788
	Index Scan using sbtest3_pkey on sbtest3  (cost=0.43..8.45 rows=1 width=121)
	  Index Cond: (id = 592788)

table 4 : explain SELECT c FROM sbtest4 WHERE id=1785293
	Index Scan using sbtest4_pkey on sbtest4  (cost=0.43..8.45 rows=1 width=121)
	  Index Cond: (id = 1785293)

table 5 : explain SELECT c FROM sbtest5 WHERE id=5709505
	Index Scan using sbtest5_pkey on sbtest5  (cost=0.43..8.45 rows=1 width=121)
	  Index Cond: (id = 5709505)

table 6 : explain SELECT c FROM sbtest6 WHERE id=4950428
	Index Scan using sbtest6_pkey on sbtest6  (cost=0.43..8.45 rows=1 width=121)
	  Index Cond: (id = 4950428)

table 7 : explain SELECT c FROM sbtest7 WHERE id=8847165
	Index Scan using sbtest7_pkey on sbtest7  (cost=0.43..8.45 rows=1 width=121)
	  Index Cond: (id = 8847165)

table 8 : explain SELECT c FROM sbtest8 WHERE id=7893300
	Index Scan using sbtest8_pkey on sbtest8  (cost=0.43..8.45 rows=1 width=121)
	  Index Cond: (id = 7893300)

for deletes
table 1 : explain DELETE FROM sbtest1 WHERE id=8077843
	Delete on sbtest1  (cost=0.43..8.45 rows=1 width=6)
	  ->  Index Scan using sbtest1_pkey on sbtest1  (cost=0.43..8.45 rows=1 width=6)
	        Index Cond: (id = 8077843)

table 2 : explain DELETE FROM sbtest2 WHERE id=5998777
	Delete on sbtest2  (cost=0.43..8.45 rows=1 width=6)
	  ->  Index Scan using sbtest2_pkey on sbtest2  (cost=0.43..8.45 rows=1 width=6)
	        Index Cond: (id = 5998777)

table 3 : explain DELETE FROM sbtest3 WHERE id=6021516
	Delete on sbtest3  (cost=0.43..8.45 rows=1 width=6)
	  ->  Index Scan using sbtest3_pkey on sbtest3  (cost=0.43..8.45 rows=1 width=6)
	        Index Cond: (id = 6021516)

table 4 : explain DELETE FROM sbtest4 WHERE id=192992
	Delete on sbtest4  (cost=0.43..8.45 rows=1 width=6)
	  ->  Index Scan using sbtest4_pkey on sbtest4  (cost=0.43..8.45 rows=1 width=6)
	        Index Cond: (id = 192992)

table 5 : explain DELETE FROM sbtest5 WHERE id=6566300
	Delete on sbtest5  (cost=0.43..8.45 rows=1 width=6)
	  ->  Index Scan using sbtest5_pkey on sbtest5  (cost=0.43..8.45 rows=1 width=6)
	        Index Cond: (id = 6566300)

table 6 : explain DELETE FROM sbtest6 WHERE id=8550038
	Delete on sbtest6  (cost=0.43..8.45 rows=1 width=6)
	  ->  Index Scan using sbtest6_pkey on sbtest6  (cost=0.43..8.45 rows=1 width=6)
	        Index Cond: (id = 8550038)

table 7 : explain DELETE FROM sbtest7 WHERE id=8300862
	Delete on sbtest7  (cost=0.43..8.45 rows=1 width=6)
	  ->  Index Scan using sbtest7_pkey on sbtest7  (cost=0.43..8.45 rows=1 width=6)
	        Index Cond: (id = 8300862)

table 8 : explain DELETE FROM sbtest8 WHERE id=7070109
	Delete on sbtest8  (cost=0.43..8.45 rows=1 width=6)
	  ->  Index Scan using sbtest8_pkey on sbtest8  (cost=0.43..8.45 rows=1 width=6)
	        Index Cond: (id = 7070109)

for: distinct_ranges
table 1 : explain SELECT DISTINCT c FROM sbtest1 WHERE id BETWEEN 1431253 AND 1431262 ORDER BY c
	Unique  (cost=39.15..39.20 rows=10 width=121)
	  ->  Sort  (cost=39.15..39.18 rows=10 width=121)
	        Sort Key: c
	        ->  Index Scan using sbtest1_pkey on sbtest1  (cost=0.43..38.99 rows=10 width=121)
	              Index Cond: ((id >= 1431253) AND (id <= 1431262))

table 2 : explain SELECT DISTINCT c FROM sbtest2 WHERE id BETWEEN 143982 AND 143991 ORDER BY c
	Unique  (cost=46.11..46.17 rows=12 width=121)
	  ->  Sort  (cost=46.11..46.14 rows=12 width=121)
	        Sort Key: c
	        ->  Index Scan using sbtest2_pkey on sbtest2  (cost=0.43..45.89 rows=12 width=121)
	              Index Cond: ((id >= 143982) AND (id <= 143991))

table 3 : explain SELECT DISTINCT c FROM sbtest3 WHERE id BETWEEN 1300765 AND 1300774 ORDER BY c
	Unique  (cost=42.91..42.97 rows=11 width=121)
	  ->  Sort  (cost=42.91..42.94 rows=11 width=121)
	        Sort Key: c
	        ->  Index Scan using sbtest3_pkey on sbtest3  (cost=0.43..42.72 rows=11 width=121)
	              Index Cond: ((id >= 1300765) AND (id <= 1300774))

table 4 : explain SELECT DISTINCT c FROM sbtest4 WHERE id BETWEEN 1967568 AND 1967577 ORDER BY c
	Unique  (cost=39.46..39.51 rows=10 width=121)
	  ->  Sort  (cost=39.46..39.49 rows=10 width=121)
	        Sort Key: c
	        ->  Index Scan using sbtest4_pkey on sbtest4  (cost=0.43..39.29 rows=10 width=121)
	              Index Cond: ((id >= 1967568) AND (id <= 1967577))

table 5 : explain SELECT DISTINCT c FROM sbtest5 WHERE id BETWEEN 9518375 AND 9518384 ORDER BY c
	Unique  (cost=35.93..35.98 rows=9 width=121)
	  ->  Sort  (cost=35.93..35.95 rows=9 width=121)
	        Sort Key: c
	        ->  Index Scan using sbtest5_pkey on sbtest5  (cost=0.43..35.79 rows=9 width=121)
	              Index Cond: ((id >= 9518375) AND (id <= 9518384))

table 6 : explain SELECT DISTINCT c FROM sbtest6 WHERE id BETWEEN 5581503 AND 5581512 ORDER BY c
	Unique  (cost=39.17..39.22 rows=10 width=121)
	  ->  Sort  (cost=39.17..39.20 rows=10 width=121)
	        Sort Key: c
	        ->  Index Scan using sbtest6_pkey on sbtest6  (cost=0.43..39.00 rows=10 width=121)
	              Index Cond: ((id >= 5581503) AND (id <= 5581512))

table 7 : explain SELECT DISTINCT c FROM sbtest7 WHERE id BETWEEN 1781853 AND 1781862 ORDER BY c
	Unique  (cost=42.83..42.89 rows=11 width=121)
	  ->  Sort  (cost=42.83..42.86 rows=11 width=121)
	        Sort Key: c
	        ->  Index Scan using sbtest7_pkey on sbtest7  (cost=0.43..42.64 rows=11 width=121)
	              Index Cond: ((id >= 1781853) AND (id <= 1781862))

table 8 : explain SELECT DISTINCT c FROM sbtest8 WHERE id BETWEEN 5643906 AND 5643915 ORDER BY c
	Unique  (cost=39.36..39.41 rows=10 width=121)
	  ->  Sort  (cost=39.36..39.38 rows=10 width=121)
	        Sort Key: c
	        ->  Index Scan using sbtest8_pkey on sbtest8  (cost=0.43..39.19 rows=10 width=121)
	              Index Cond: ((id >= 5643906) AND (id <= 5643915))

for inserts
table 1 : explain INSERT INTO sbtest1 (id, k, c, pad) VALUES (4485267, 13, 'foobar', 'foobar')
	Insert on sbtest1  (cost=0.00..0.01 rows=1 width=736)
	  ->  Result  (cost=0.00..0.01 rows=1 width=736)

table 2 : explain INSERT INTO sbtest2 (id, k, c, pad) VALUES (773663, 13, 'foobar', 'foobar')
	Insert on sbtest2  (cost=0.00..0.01 rows=1 width=736)
	  ->  Result  (cost=0.00..0.01 rows=1 width=736)

table 3 : explain INSERT INTO sbtest3 (id, k, c, pad) VALUES (5723408, 13, 'foobar', 'foobar')
	Insert on sbtest3  (cost=0.00..0.01 rows=1 width=736)
	  ->  Result  (cost=0.00..0.01 rows=1 width=736)

table 4 : explain INSERT INTO sbtest4 (id, k, c, pad) VALUES (5478220, 13, 'foobar', 'foobar')
	Insert on sbtest4  (cost=0.00..0.01 rows=1 width=736)
	  ->  Result  (cost=0.00..0.01 rows=1 width=736)

table 5 : explain INSERT INTO sbtest5 (id, k, c, pad) VALUES (2765738, 13, 'foobar', 'foobar')
	Insert on sbtest5  (cost=0.00..0.01 rows=1 width=736)
	  ->  Result  (cost=0.00..0.01 rows=1 width=736)

table 6 : explain INSERT INTO sbtest6 (id, k, c, pad) VALUES (2253417, 13, 'foobar', 'foobar')
	Insert on sbtest6  (cost=0.00..0.01 rows=1 width=736)
	  ->  Result  (cost=0.00..0.01 rows=1 width=736)

table 7 : explain INSERT INTO sbtest7 (id, k, c, pad) VALUES (727563, 13, 'foobar', 'foobar')
	Insert on sbtest7  (cost=0.00..0.01 rows=1 width=736)
	  ->  Result  (cost=0.00..0.01 rows=1 width=736)

table 8 : explain INSERT INTO sbtest8 (id, k, c, pad) VALUES (5542211, 13, 'foobar', 'foobar')
	Insert on sbtest8  (cost=0.00..0.01 rows=1 width=736)
	  ->  Result  (cost=0.00..0.01 rows=1 width=736)
explain: for non_index_updates :: explain UPDATE sbtest%u SET c='foobar' WHERE id=%u
for: distinct_ranges
table 1 : explain SELECT DISTINCT c FROM sbtest1 WHERE id BETWEEN 1817846 AND 1817855 ORDER BY c
	Unique  (cost=39.15..39.20 rows=10 width=121)
	  ->  Sort  (cost=39.15..39.18 rows=10 width=121)
	        Sort Key: c
	        ->  Index Scan using sbtest1_pkey on sbtest1  (cost=0.43..38.99 rows=10 width=121)
	              Index Cond: ((id >= 1817846) AND (id <= 1817855))

table 2 : explain SELECT DISTINCT c FROM sbtest2 WHERE id BETWEEN 6013416 AND 6013425 ORDER BY c
	Unique  (cost=39.25..39.30 rows=10 width=121)
	  ->  Sort  (cost=39.25..39.28 rows=10 width=121)
	        Sort Key: c
	        ->  Index Scan using sbtest2_pkey on sbtest2  (cost=0.43..39.09 rows=10 width=121)
	              Index Cond: ((id >= 6013416) AND (id <= 6013425))

table 3 : explain SELECT DISTINCT c FROM sbtest3 WHERE id BETWEEN 4851832 AND 4851841 ORDER BY c
	Unique  (cost=36.01..36.05 rows=9 width=121)
	  ->  Sort  (cost=36.01..36.03 rows=9 width=121)
	        Sort Key: c
	        ->  Index Scan using sbtest3_pkey on sbtest3  (cost=0.43..35.87 rows=9 width=121)
	              Index Cond: ((id >= 4851832) AND (id <= 4851841))

table 4 : explain SELECT DISTINCT c FROM sbtest4 WHERE id BETWEEN 6723599 AND 6723608 ORDER BY c
	Unique  (cost=39.46..39.51 rows=10 width=121)
	  ->  Sort  (cost=39.46..39.49 rows=10 width=121)
	        Sort Key: c
	        ->  Index Scan using sbtest4_pkey on sbtest4  (cost=0.43..39.29 rows=10 width=121)
	              Index Cond: ((id >= 6723599) AND (id <= 6723608))

table 5 : explain SELECT DISTINCT c FROM sbtest5 WHERE id BETWEEN 16511 AND 16520 ORDER BY c
	Unique  (cost=39.37..39.42 rows=10 width=121)
	  ->  Sort  (cost=39.37..39.40 rows=10 width=121)
	        Sort Key: c
	        ->  Index Scan using sbtest5_pkey on sbtest5  (cost=0.43..39.21 rows=10 width=121)
	              Index Cond: ((id >= 16511) AND (id <= 16520))

table 6 : explain SELECT DISTINCT c FROM sbtest6 WHERE id BETWEEN 9598571 AND 9598580 ORDER BY c
	Unique  (cost=39.17..39.22 rows=10 width=121)
	  ->  Sort  (cost=39.17..39.20 rows=10 width=121)
	        Sort Key: c
	        ->  Index Scan using sbtest6_pkey on sbtest6  (cost=0.43..39.00 rows=10 width=121)
	              Index Cond: ((id >= 9598571) AND (id <= 9598580))

table 7 : explain SELECT DISTINCT c FROM sbtest7 WHERE id BETWEEN 9236632 AND 9236641 ORDER BY c
	Unique  (cost=42.83..42.89 rows=11 width=121)
	  ->  Sort  (cost=42.83..42.86 rows=11 width=121)
	        Sort Key: c
	        ->  Index Scan using sbtest7_pkey on sbtest7  (cost=0.43..42.64 rows=11 width=121)
	              Index Cond: ((id >= 9236632) AND (id <= 9236641))

table 8 : explain SELECT DISTINCT c FROM sbtest8 WHERE id BETWEEN 6642855 AND 6642864 ORDER BY c
	Unique  (cost=42.80..42.85 rows=11 width=121)
	  ->  Sort  (cost=42.80..42.83 rows=11 width=121)
	        Sort Key: c
	        ->  Index Scan using sbtest8_pkey on sbtest8  (cost=0.43..42.61 rows=11 width=121)
	              Index Cond: ((id >= 6642855) AND (id <= 6642864))


for: sum_ranges
table 1 : explain SELECT SUM(k) FROM sbtest1 WHERE id BETWEEN 7226119 AND 7226128
	Aggregate  (cost=39.01..39.02 rows=1 width=8)
	  ->  Index Scan using sbtest1_pkey on sbtest1  (cost=0.43..38.99 rows=10 width=4)
	        Index Cond: ((id >= 7226119) AND (id <= 7226128))

table 2 : explain SELECT SUM(k) FROM sbtest2 WHERE id BETWEEN 5964663 AND 5964672
	Aggregate  (cost=39.11..39.12 rows=1 width=8)
	  ->  Index Scan using sbtest2_pkey on sbtest2  (cost=0.43..39.09 rows=10 width=4)
	        Index Cond: ((id >= 5964663) AND (id <= 5964672))

table 3 : explain SELECT SUM(k) FROM sbtest3 WHERE id BETWEEN 9817735 AND 9817744
	Aggregate  (cost=39.32..39.33 rows=1 width=8)
	  ->  Index Scan using sbtest3_pkey on sbtest3  (cost=0.43..39.29 rows=10 width=4)
	        Index Cond: ((id >= 9817735) AND (id <= 9817744))

table 4 : explain SELECT SUM(k) FROM sbtest4 WHERE id BETWEEN 8344302 AND 8344311
	Aggregate  (cost=35.89..35.90 rows=1 width=8)
	  ->  Index Scan using sbtest4_pkey on sbtest4  (cost=0.43..35.87 rows=9 width=4)
	        Index Cond: ((id >= 8344302) AND (id <= 8344311))

table 5 : explain SELECT SUM(k) FROM sbtest5 WHERE id BETWEEN 9710146 AND 9710155
	Aggregate  (cost=42.65..42.66 rows=1 width=8)
	  ->  Index Scan using sbtest5_pkey on sbtest5  (cost=0.43..42.62 rows=11 width=4)
	        Index Cond: ((id >= 9710146) AND (id <= 9710155))

table 6 : explain SELECT SUM(k) FROM sbtest6 WHERE id BETWEEN 3743593 AND 3743602
	Aggregate  (cost=35.63..35.64 rows=1 width=8)
	  ->  Index Scan using sbtest6_pkey on sbtest6  (cost=0.43..35.61 rows=9 width=4)
	        Index Cond: ((id >= 3743593) AND (id <= 3743602))

table 7 : explain SELECT SUM(k) FROM sbtest7 WHERE id BETWEEN 3332491 AND 3332500
	Aggregate  (cost=35.83..35.84 rows=1 width=8)
	  ->  Index Scan using sbtest7_pkey on sbtest7  (cost=0.43..35.81 rows=9 width=4)
	        Index Cond: ((id >= 3332491) AND (id <= 3332500))

table 8 : explain SELECT SUM(k) FROM sbtest8 WHERE id BETWEEN 6814777 AND 6814786
	Aggregate  (cost=39.22..39.23 rows=1 width=8)
	  ->  Index Scan using sbtest8_pkey on sbtest8  (cost=0.43..39.19 rows=10 width=4)
	        Index Cond: ((id >= 6814777) AND (id <= 6814786))

for: distinct_ranges
table 1 : explain SELECT DISTINCT c FROM sbtest1 WHERE id BETWEEN 8439353 AND 8439362 ORDER BY c
	Unique  (cost=39.15..39.20 rows=10 width=121)
	  ->  Sort  (cost=39.15..39.18 rows=10 width=121)
	        Sort Key: c
	        ->  Index Scan using sbtest1_pkey on sbtest1  (cost=0.43..38.99 rows=10 width=121)
	              Index Cond: ((id >= 8439353) AND (id <= 8439362))

table 2 : explain SELECT DISTINCT c FROM sbtest2 WHERE id BETWEEN 1127639 AND 1127648 ORDER BY c
	Unique  (cost=39.25..39.30 rows=10 width=121)
	  ->  Sort  (cost=39.25..39.28 rows=10 width=121)
	        Sort Key: c
	        ->  Index Scan using sbtest2_pkey on sbtest2  (cost=0.43..39.09 rows=10 width=121)
	              Index Cond: ((id >= 1127639) AND (id <= 1127648))

table 3 : explain SELECT DISTINCT c FROM sbtest3 WHERE id BETWEEN 4561370 AND 4561379 ORDER BY c
	Unique  (cost=42.91..42.97 rows=11 width=121)
	  ->  Sort  (cost=42.91..42.94 rows=11 width=121)
	        Sort Key: c
	        ->  Index Scan using sbtest3_pkey on sbtest3  (cost=0.43..42.72 rows=11 width=121)
	              Index Cond: ((id >= 4561370) AND (id <= 4561379))

table 4 : explain SELECT DISTINCT c FROM sbtest4 WHERE id BETWEEN 4143346 AND 4143355 ORDER BY c
	Unique  (cost=39.46..39.51 rows=10 width=121)
	  ->  Sort  (cost=39.46..39.49 rows=10 width=121)
	        Sort Key: c
	        ->  Index Scan using sbtest4_pkey on sbtest4  (cost=0.43..39.29 rows=10 width=121)
	              Index Cond: ((id >= 4143346) AND (id <= 4143355))

table 5 : explain SELECT DISTINCT c FROM sbtest5 WHERE id BETWEEN 1185327 AND 1185336 ORDER BY c
	Unique  (cost=39.37..39.42 rows=10 width=121)
	  ->  Sort  (cost=39.37..39.40 rows=10 width=121)
	        Sort Key: c
	        ->  Index Scan using sbtest5_pkey on sbtest5  (cost=0.43..39.21 rows=10 width=121)
	              Index Cond: ((id >= 1185327) AND (id <= 1185336))

table 6 : explain SELECT DISTINCT c FROM sbtest6 WHERE id BETWEEN 192499 AND 192508 ORDER BY c
	Unique  (cost=42.59..42.64 rows=11 width=121)
	  ->  Sort  (cost=42.59..42.62 rows=11 width=121)
	        Sort Key: c
	        ->  Index Scan using sbtest6_pkey on sbtest6  (cost=0.43..42.40 rows=11 width=121)
	              Index Cond: ((id >= 192499) AND (id <= 192508))

table 7 : explain SELECT DISTINCT c FROM sbtest7 WHERE id BETWEEN 299146 AND 299155 ORDER BY c
	Unique  (cost=39.39..39.44 rows=10 width=121)
	  ->  Sort  (cost=39.39..39.42 rows=10 width=121)
	        Sort Key: c
	        ->  Index Scan using sbtest7_pkey on sbtest7  (cost=0.43..39.22 rows=10 width=121)
	              Index Cond: ((id >= 299146) AND (id <= 299155))

table 8 : explain SELECT DISTINCT c FROM sbtest8 WHERE id BETWEEN 4374211 AND 4374220 ORDER BY c
	Unique  (cost=39.36..39.41 rows=10 width=121)
	  ->  Sort  (cost=39.36..39.38 rows=10 width=121)
	        Sort Key: c
	        ->  Index Scan using sbtest8_pkey on sbtest8  (cost=0.43..39.19 rows=10 width=121)
	              Index Cond: ((id >= 4374211) AND (id <= 4374220))

explain: for index_updates :: explain UPDATE sbtest%u SET k=k+1 WHERE id=%u
for non_index_updates
table 1 : explain UPDATE sbtest1 SET c='foobar' WHERE id=5672343
	Update on sbtest1  (cost=0.43..8.45 rows=1 width=559)
	  ->  Index Scan using sbtest1_pkey on sbtest1  (cost=0.43..8.45 rows=1 width=559)
	        Index Cond: (id = 5672343)

table 2 : explain UPDATE sbtest2 SET c='foobar' WHERE id=4294663
	Update on sbtest2  (cost=0.43..8.45 rows=1 width=559)
	  ->  Index Scan using sbtest2_pkey on sbtest2  (cost=0.43..8.45 rows=1 width=559)
	        Index Cond: (id = 4294663)

table 3 : explain UPDATE sbtest3 SET c='foobar' WHERE id=2956891
	Update on sbtest3  (cost=0.43..8.45 rows=1 width=559)
	  ->  Index Scan using sbtest3_pkey on sbtest3  (cost=0.43..8.45 rows=1 width=559)
	        Index Cond: (id = 2956891)

table 4 : explain UPDATE sbtest4 SET c='foobar' WHERE id=6493201
	Update on sbtest4  (cost=0.43..8.45 rows=1 width=559)
	  ->  Index Scan using sbtest4_pkey on sbtest4  (cost=0.43..8.45 rows=1 width=559)
	        Index Cond: (id = 6493201)

table 5 : explain UPDATE sbtest5 SET c='foobar' WHERE id=3467634
	Update on sbtest5  (cost=0.43..8.45 rows=1 width=559)
	  ->  Index Scan using sbtest5_pkey on sbtest5  (cost=0.43..8.45 rows=1 width=559)
	        Index Cond: (id = 3467634)

table 6 : explain UPDATE sbtest6 SET c='foobar' WHERE id=9024570
	Update on sbtest6  (cost=0.43..8.45 rows=1 width=559)
	  ->  Index Scan using sbtest6_pkey on sbtest6  (cost=0.43..8.45 rows=1 width=559)
	        Index Cond: (id = 9024570)

table 7 : explain UPDATE sbtest7 SET c='foobar' WHERE id=46846
	Update on sbtest7  (cost=0.43..8.45 rows=1 width=559)
	  ->  Index Scan using sbtest7_pkey on sbtest7  (cost=0.43..8.45 rows=1 width=559)
	        Index Cond: (id = 46846)

table 8 : explain UPDATE sbtest8 SET c='foobar' WHERE id=7725154
	Update on sbtest8  (cost=0.43..8.45 rows=1 width=559)
	  ->  Index Scan using sbtest8_pkey on sbtest8  (cost=0.43..8.45 rows=1 width=559)
	        Index Cond: (id = 7725154)

for non_index_updates
table 1 : explain UPDATE sbtest1 SET c='foobar' WHERE id=1615381
	Update on sbtest1  (cost=0.43..8.45 rows=1 width=559)
	  ->  Index Scan using sbtest1_pkey on sbtest1  (cost=0.43..8.45 rows=1 width=559)
	        Index Cond: (id = 1615381)

table 2 : explain UPDATE sbtest2 SET c='foobar' WHERE id=7767496
	Update on sbtest2  (cost=0.43..8.45 rows=1 width=559)
	  ->  Index Scan using sbtest2_pkey on sbtest2  (cost=0.43..8.45 rows=1 width=559)
	        Index Cond: (id = 7767496)

table 3 : explain UPDATE sbtest3 SET c='foobar' WHERE id=1381206
	Update on sbtest3  (cost=0.43..8.45 rows=1 width=559)
	  ->  Index Scan using sbtest3_pkey on sbtest3  (cost=0.43..8.45 rows=1 width=559)
	        Index Cond: (id = 1381206)

table 4 : explain UPDATE sbtest4 SET c='foobar' WHERE id=3395855
	Update on sbtest4  (cost=0.43..8.45 rows=1 width=559)
	  ->  Index Scan using sbtest4_pkey on sbtest4  (cost=0.43..8.45 rows=1 width=559)
	        Index Cond: (id = 3395855)

table 5 : explain UPDATE sbtest5 SET c='foobar' WHERE id=8739947
	Update on sbtest5  (cost=0.43..8.45 rows=1 width=559)
	  ->  Index Scan using sbtest5_pkey on sbtest5  (cost=0.43..8.45 rows=1 width=559)
	        Index Cond: (id = 8739947)

table 6 : explain UPDATE sbtest6 SET c='foobar' WHERE id=8136797
	Update on sbtest6  (cost=0.43..8.45 rows=1 width=559)
	  ->  Index Scan using sbtest6_pkey on sbtest6  (cost=0.43..8.45 rows=1 width=559)
	        Index Cond: (id = 8136797)

table 7 : explain UPDATE sbtest7 SET c='foobar' WHERE id=3945295
	Update on sbtest7  (cost=0.43..8.45 rows=1 width=559)
	  ->  Index Scan using sbtest7_pkey on sbtest7  (cost=0.43..8.45 rows=1 width=559)
	        Index Cond: (id = 3945295)

table 8 : explain UPDATE sbtest8 SET c='foobar' WHERE id=1995043
	Update on sbtest8  (cost=0.43..8.45 rows=1 width=559)
	  ->  Index Scan using sbtest8_pkey on sbtest8  (cost=0.43..8.45 rows=1 width=559)
	        Index Cond: (id = 1995043)

explain: for index_updates :: explain UPDATE sbtest%u SET k=k+1 WHERE id=%u
for inserts
table 1 : explain INSERT INTO sbtest1 (id, k, c, pad) VALUES (9915406, 13, 'foobar', 'foobar')
	Insert on sbtest1  (cost=0.00..0.01 rows=1 width=736)
	  ->  Result  (cost=0.00..0.01 rows=1 width=736)

table 2 : explain INSERT INTO sbtest2 (id, k, c, pad) VALUES (132119, 13, 'foobar', 'foobar')
	Insert on sbtest2  (cost=0.00..0.01 rows=1 width=736)
	  ->  Result  (cost=0.00..0.01 rows=1 width=736)

table 3 : explain INSERT INTO sbtest3 (id, k, c, pad) VALUES (7606274, 13, 'foobar', 'foobar')
	Insert on sbtest3  (cost=0.00..0.01 rows=1 width=736)
	  ->  Result  (cost=0.00..0.01 rows=1 width=736)

table 4 : explain INSERT INTO sbtest4 (id, k, c, pad) VALUES (2440488, 13, 'foobar', 'foobar')
	Insert on sbtest4  (cost=0.00..0.01 rows=1 width=736)
	  ->  Result  (cost=0.00..0.01 rows=1 width=736)

table 5 : explain INSERT INTO sbtest5 (id, k, c, pad) VALUES (1458175, 13, 'foobar', 'foobar')
	Insert on sbtest5  (cost=0.00..0.01 rows=1 width=736)
	  ->  Result  (cost=0.00..0.01 rows=1 width=736)

table 6 : explain INSERT INTO sbtest6 (id, k, c, pad) VALUES (1288553, 13, 'foobar', 'foobar')
	Insert on sbtest6  (cost=0.00..0.01 rows=1 width=736)
	  ->  Result  (cost=0.00..0.01 rows=1 width=736)

table 7 : explain INSERT INTO sbtest7 (id, k, c, pad) VALUES (2238031, 13, 'foobar', 'foobar')
	Insert on sbtest7  (cost=0.00..0.01 rows=1 width=736)
	  ->  Result  (cost=0.00..0.01 rows=1 width=736)

table 8 : explain INSERT INTO sbtest8 (id, k, c, pad) VALUES (7258273, 13, 'foobar', 'foobar')
	Insert on sbtest8  (cost=0.00..0.01 rows=1 width=736)
	  ->  Result  (cost=0.00..0.01 rows=1 width=736)

explain: for index_updates :: explain UPDATE sbtest%u SET k=k+1 WHERE id=%u
for index_updates
table 1 : explain UPDATE sbtest1 SET k=k+1 WHERE id=9722719
	Update on sbtest1  (cost=0.43..8.46 rows=1 width=196)
	  ->  Index Scan using sbtest1_pkey on sbtest1  (cost=0.43..8.46 rows=1 width=196)
	        Index Cond: (id = 9722719)

table 2 : explain UPDATE sbtest2 SET k=k+1 WHERE id=3827244
	Update on sbtest2  (cost=0.43..8.46 rows=1 width=196)
	  ->  Index Scan using sbtest2_pkey on sbtest2  (cost=0.43..8.46 rows=1 width=196)
	        Index Cond: (id = 3827244)

table 3 : explain UPDATE sbtest3 SET k=k+1 WHERE id=2561754
	Update on sbtest3  (cost=0.43..8.46 rows=1 width=196)
	  ->  Index Scan using sbtest3_pkey on sbtest3  (cost=0.43..8.46 rows=1 width=196)
	        Index Cond: (id = 2561754)

table 4 : explain UPDATE sbtest4 SET k=k+1 WHERE id=1803673
	Update on sbtest4  (cost=0.43..8.46 rows=1 width=196)
	  ->  Index Scan using sbtest4_pkey on sbtest4  (cost=0.43..8.46 rows=1 width=196)
	        Index Cond: (id = 1803673)

table 5 : explain UPDATE sbtest5 SET k=k+1 WHERE id=4005929
	Update on sbtest5  (cost=0.43..8.46 rows=1 width=196)
	  ->  Index Scan using sbtest5_pkey on sbtest5  (cost=0.43..8.46 rows=1 width=196)
	        Index Cond: (id = 4005929)

table 6 : explain UPDATE sbtest6 SET k=k+1 WHERE id=2850279
	Update on sbtest6  (cost=0.43..8.46 rows=1 width=196)
	  ->  Index Scan using sbtest6_pkey on sbtest6  (cost=0.43..8.46 rows=1 width=196)
	        Index Cond: (id = 2850279)

table 7 : explain UPDATE sbtest7 SET k=k+1 WHERE id=5242437
	Update on sbtest7  (cost=0.43..8.46 rows=1 width=196)
	  ->  Index Scan using sbtest7_pkey on sbtest7  (cost=0.43..8.46 rows=1 width=196)
	        Index Cond: (id = 5242437)

table 8 : explain UPDATE sbtest8 SET k=k+1 WHERE id=1626642
	Update on sbtest8  (cost=0.43..8.46 rows=1 width=196)
	  ->  Index Scan using sbtest8_pkey on sbtest8  (cost=0.43..8.46 rows=1 width=196)
	        Index Cond: (id = 1626642)

for non_index_updates
table 1 : explain UPDATE sbtest1 SET c='foobar' WHERE id=1779732
	Update on sbtest1  (cost=0.43..8.45 rows=1 width=559)
	  ->  Index Scan using sbtest1_pkey on sbtest1  (cost=0.43..8.45 rows=1 width=559)
	        Index Cond: (id = 1779732)

table 2 : explain UPDATE sbtest2 SET c='foobar' WHERE id=5069074
	Update on sbtest2  (cost=0.43..8.45 rows=1 width=559)
	  ->  Index Scan using sbtest2_pkey on sbtest2  (cost=0.43..8.45 rows=1 width=559)
	        Index Cond: (id = 5069074)

table 3 : explain UPDATE sbtest3 SET c='foobar' WHERE id=4504417
	Update on sbtest3  (cost=0.43..8.45 rows=1 width=559)
	  ->  Index Scan using sbtest3_pkey on sbtest3  (cost=0.43..8.45 rows=1 width=559)
	        Index Cond: (id = 4504417)

table 4 : explain UPDATE sbtest4 SET c='foobar' WHERE id=1285161
	Update on sbtest4  (cost=0.43..8.45 rows=1 width=559)
	  ->  Index Scan using sbtest4_pkey on sbtest4  (cost=0.43..8.45 rows=1 width=559)
	        Index Cond: (id = 1285161)

table 5 : explain UPDATE sbtest5 SET c='foobar' WHERE id=7722022
	Update on sbtest5  (cost=0.43..8.45 rows=1 width=559)
	  ->  Index Scan using sbtest5_pkey on sbtest5  (cost=0.43..8.45 rows=1 width=559)
	        Index Cond: (id = 7722022)

table 6 : explain UPDATE sbtest6 SET c='foobar' WHERE id=3984579
	Update on sbtest6  (cost=0.43..8.45 rows=1 width=559)
	  ->  Index Scan using sbtest6_pkey on sbtest6  (cost=0.43..8.45 rows=1 width=559)
	        Index Cond: (id = 3984579)

table 7 : explain UPDATE sbtest7 SET c='foobar' WHERE id=8373541
	Update on sbtest7  (cost=0.43..8.45 rows=1 width=559)
	  ->  Index Scan using sbtest7_pkey on sbtest7  (cost=0.43..8.45 rows=1 width=559)
	        Index Cond: (id = 8373541)

table 8 : explain UPDATE sbtest8 SET c='foobar' WHERE id=7368246
	Update on sbtest8  (cost=0.43..8.45 rows=1 width=559)
	  ->  Index Scan using sbtest8_pkey on sbtest8  (cost=0.43..8.45 rows=1 width=559)
	        Index Cond: (id = 7368246)

explain: for deletes :: explain DELETE FROM sbtest%u WHERE id=%u
explain: for inserts :: explain INSERT INTO sbtest%u (id, k, c, pad) VALUES (%u, 13, 'foobar', 'foobar')
explain: for deletes :: explain DELETE FROM sbtest%u WHERE id=%u
explain: for inserts :: explain INSERT INTO sbtest%u (id, k, c, pad) VALUES (%u, 13, 'foobar', 'foobar')
explain: for inserts :: explain INSERT INTO sbtest%u (id, k, c, pad) VALUES (%u, 13, 'foobar', 'foobar')
for: distinct_ranges
table 1 : explain SELECT DISTINCT c FROM sbtest1 WHERE id BETWEEN 3504925 AND 3504934 ORDER BY c
	Unique  (cost=39.15..39.20 rows=10 width=121)
	  ->  Sort  (cost=39.15..39.18 rows=10 width=121)
	        Sort Key: c
	        ->  Index Scan using sbtest1_pkey on sbtest1  (cost=0.43..38.99 rows=10 width=121)
	              Index Cond: ((id >= 3504925) AND (id <= 3504934))

table 2 : explain SELECT DISTINCT c FROM sbtest2 WHERE id BETWEEN 8234367 AND 8234376 ORDER BY c
	Unique  (cost=39.25..39.30 rows=10 width=121)
	  ->  Sort  (cost=39.25..39.28 rows=10 width=121)
	        Sort Key: c
	        ->  Index Scan using sbtest2_pkey on sbtest2  (cost=0.43..39.09 rows=10 width=121)
	              Index Cond: ((id >= 8234367) AND (id <= 8234376))

table 3 : explain SELECT DISTINCT c FROM sbtest3 WHERE id BETWEEN 5915479 AND 5915488 ORDER BY c
	Unique  (cost=36.01..36.05 rows=9 width=121)
	  ->  Sort  (cost=36.01..36.03 rows=9 width=121)
	        Sort Key: c
	        ->  Index Scan using sbtest3_pkey on sbtest3  (cost=0.43..35.87 rows=9 width=121)
	              Index Cond: ((id >= 5915479) AND (id <= 5915488))

table 4 : explain SELECT DISTINCT c FROM sbtest4 WHERE id BETWEEN 6555418 AND 6555427 ORDER BY c
	Unique  (cost=36.01..36.06 rows=9 width=121)
	  ->  Sort  (cost=36.01..36.03 rows=9 width=121)
	        Sort Key: c
	        ->  Index Scan using sbtest4_pkey on sbtest4  (cost=0.43..35.87 rows=9 width=121)
	              Index Cond: ((id >= 6555418) AND (id <= 6555427))

table 5 : explain SELECT DISTINCT c FROM sbtest5 WHERE id BETWEEN 1643839 AND 1643848 ORDER BY c
	Unique  (cost=39.37..39.42 rows=10 width=121)
	  ->  Sort  (cost=39.37..39.40 rows=10 width=121)
	        Sort Key: c
	        ->  Index Scan using sbtest5_pkey on sbtest5  (cost=0.43..39.21 rows=10 width=121)
	              Index Cond: ((id >= 1643839) AND (id <= 1643848))

table 6 : explain SELECT DISTINCT c FROM sbtest6 WHERE id BETWEEN 7357901 AND 7357910 ORDER BY c
	Unique  (cost=39.17..39.22 rows=10 width=121)
	  ->  Sort  (cost=39.17..39.20 rows=10 width=121)
	        Sort Key: c
	        ->  Index Scan using sbtest6_pkey on sbtest6  (cost=0.43..39.00 rows=10 width=121)
	              Index Cond: ((id >= 7357901) AND (id <= 7357910))

table 7 : explain SELECT DISTINCT c FROM sbtest7 WHERE id BETWEEN 3901660 AND 3901669 ORDER BY c
	Unique  (cost=42.83..42.89 rows=11 width=121)
	  ->  Sort  (cost=42.83..42.86 rows=11 width=121)
	        Sort Key: c
	        ->  Index Scan using sbtest7_pkey on sbtest7  (cost=0.43..42.64 rows=11 width=121)
	              Index Cond: ((id >= 3901660) AND (id <= 3901669))

table 8 : explain SELECT DISTINCT c FROM sbtest8 WHERE id BETWEEN 5649132 AND 5649141 ORDER BY c
	Unique  (cost=39.36..39.41 rows=10 width=121)
	  ->  Sort  (cost=39.36..39.38 rows=10 width=121)
	        Sort Key: c
	        ->  Index Scan using sbtest8_pkey on sbtest8  (cost=0.43..39.19 rows=10 width=121)
	              Index Cond: ((id >= 5649132) AND (id <= 5649141))

explain: for non_index_updates :: explain UPDATE sbtest%u SET c='foobar' WHERE id=%u
for index_updates
table 1 : explain UPDATE sbtest1 SET k=k+1 WHERE id=4955858
	Update on sbtest1  (cost=0.43..8.46 rows=1 width=196)
	  ->  Index Scan using sbtest1_pkey on sbtest1  (cost=0.43..8.46 rows=1 width=196)
	        Index Cond: (id = 4955858)

table 2 : explain UPDATE sbtest2 SET k=k+1 WHERE id=7637858
	Update on sbtest2  (cost=0.43..8.46 rows=1 width=196)
	  ->  Index Scan using sbtest2_pkey on sbtest2  (cost=0.43..8.46 rows=1 width=196)
	        Index Cond: (id = 7637858)

table 3 : explain UPDATE sbtest3 SET k=k+1 WHERE id=6210629
	Update on sbtest3  (cost=0.43..8.46 rows=1 width=196)
	  ->  Index Scan using sbtest3_pkey on sbtest3  (cost=0.43..8.46 rows=1 width=196)
	        Index Cond: (id = 6210629)

table 4 : explain UPDATE sbtest4 SET k=k+1 WHERE id=3266556
	Update on sbtest4  (cost=0.43..8.46 rows=1 width=196)
	  ->  Index Scan using sbtest4_pkey on sbtest4  (cost=0.43..8.46 rows=1 width=196)
	        Index Cond: (id = 3266556)

table 5 : explain UPDATE sbtest5 SET k=k+1 WHERE id=1519849
	Update on sbtest5  (cost=0.43..8.46 rows=1 width=196)
	  ->  Index Scan using sbtest5_pkey on sbtest5  (cost=0.43..8.46 rows=1 width=196)
	        Index Cond: (id = 1519849)

table 6 : explain UPDATE sbtest6 SET k=k+1 WHERE id=63511
	Update on sbtest6  (cost=0.43..8.46 rows=1 width=196)
	  ->  Index Scan using sbtest6_pkey on sbtest6  (cost=0.43..8.46 rows=1 width=196)
	        Index Cond: (id = 63511)

table 7 : explain UPDATE sbtest7 SET k=k+1 WHERE id=837418
	Update on sbtest7  (cost=0.43..8.46 rows=1 width=196)
	  ->  Index Scan using sbtest7_pkey on sbtest7  (cost=0.43..8.46 rows=1 width=196)
	        Index Cond: (id = 837418)

table 8 : explain UPDATE sbtest8 SET k=k+1 WHERE id=1445653
	Update on sbtest8  (cost=0.43..8.46 rows=1 width=196)
	  ->  Index Scan using sbtest8_pkey on sbtest8  (cost=0.43..8.46 rows=1 width=196)
	        Index Cond: (id = 1445653)

explain: for deletes :: explain DELETE FROM sbtest%u WHERE id=%u
for: simple_ranges
table 1 : explain SELECT c FROM sbtest1 WHERE id BETWEEN 4406107 AND 4406116
	Index Scan using sbtest1_pkey on sbtest1  (cost=0.43..38.99 rows=10 width=121)
	  Index Cond: ((id >= 4406107) AND (id <= 4406116))

table 2 : explain SELECT c FROM sbtest2 WHERE id BETWEEN 6683096 AND 6683105
	Index Scan using sbtest2_pkey on sbtest2  (cost=0.43..39.09 rows=10 width=121)
	  Index Cond: ((id >= 6683096) AND (id <= 6683105))

table 3 : explain SELECT c FROM sbtest3 WHERE id BETWEEN 5386331 AND 5386340
	Index Scan using sbtest3_pkey on sbtest3  (cost=0.43..42.72 rows=11 width=121)
	  Index Cond: ((id >= 5386331) AND (id <= 5386340))

table 4 : explain SELECT c FROM sbtest4 WHERE id BETWEEN 6533255 AND 6533264
	Index Scan using sbtest4_pkey on sbtest4  (cost=0.43..35.87 rows=9 width=121)
	  Index Cond: ((id >= 6533255) AND (id <= 6533264))

table 5 : explain SELECT c FROM sbtest5 WHERE id BETWEEN 4476194 AND 4476203
	Index Scan using sbtest5_pkey on sbtest5  (cost=0.43..39.21 rows=10 width=121)
	  Index Cond: ((id >= 4476194) AND (id <= 4476203))

table 6 : explain SELECT c FROM sbtest6 WHERE id BETWEEN 4367112 AND 4367121
	Index Scan using sbtest6_pkey on sbtest6  (cost=0.43..35.61 rows=9 width=121)
	  Index Cond: ((id >= 4367112) AND (id <= 4367121))

table 7 : explain SELECT c FROM sbtest7 WHERE id BETWEEN 6413608 AND 6413617
	Index Scan using sbtest7_pkey on sbtest7  (cost=0.43..39.22 rows=10 width=121)
	  Index Cond: ((id >= 6413608) AND (id <= 6413617))

table 8 : explain SELECT c FROM sbtest8 WHERE id BETWEEN 6942602 AND 6942611
	Index Scan using sbtest8_pkey on sbtest8  (cost=0.43..42.61 rows=11 width=121)
	  Index Cond: ((id >= 6942602) AND (id <= 6942611))

for: order_ranges
table 1 : explain SELECT c FROM sbtest1 WHERE id BETWEEN 9086628 AND 9086637 ORDER BY c
	Sort  (cost=35.74..35.76 rows=9 width=121)
	  Sort Key: c
	  ->  Index Scan using sbtest1_pkey on sbtest1  (cost=0.43..35.60 rows=9 width=121)
	        Index Cond: ((id >= 9086628) AND (id <= 9086637))

table 2 : explain SELECT c FROM sbtest2 WHERE id BETWEEN 2777723 AND 2777732 ORDER BY c
	Sort  (cost=39.25..39.28 rows=10 width=121)
	  Sort Key: c
	  ->  Index Scan using sbtest2_pkey on sbtest2  (cost=0.43..39.09 rows=10 width=121)
	        Index Cond: ((id >= 2777723) AND (id <= 2777732))

table 3 : explain SELECT c FROM sbtest3 WHERE id BETWEEN 8360676 AND 8360685 ORDER BY c
	Sort  (cost=39.46..39.48 rows=10 width=121)
	  Sort Key: c
	  ->  Index Scan using sbtest3_pkey on sbtest3  (cost=0.43..39.29 rows=10 width=121)
	        Index Cond: ((id >= 8360676) AND (id <= 8360685))

table 4 : explain SELECT c FROM sbtest4 WHERE id BETWEEN 8870557 AND 8870566 ORDER BY c
	Sort  (cost=39.46..39.49 rows=10 width=121)
	  Sort Key: c
	  ->  Index Scan using sbtest4_pkey on sbtest4  (cost=0.43..39.29 rows=10 width=121)
	        Index Cond: ((id >= 8870557) AND (id <= 8870566))

table 5 : explain SELECT c FROM sbtest5 WHERE id BETWEEN 6768572 AND 6768581 ORDER BY c
	Sort  (cost=42.81..42.84 rows=11 width=121)
	  Sort Key: c
	  ->  Index Scan using sbtest5_pkey on sbtest5  (cost=0.43..42.62 rows=11 width=121)
	        Index Cond: ((id >= 6768572) AND (id <= 6768581))

table 6 : explain SELECT c FROM sbtest6 WHERE id BETWEEN 1433214 AND 1433223 ORDER BY c
	Sort  (cost=39.17..39.20 rows=10 width=121)
	  Sort Key: c
	  ->  Index Scan using sbtest6_pkey on sbtest6  (cost=0.43..39.00 rows=10 width=121)
	        Index Cond: ((id >= 1433214) AND (id <= 1433223))

table 7 : explain SELECT c FROM sbtest7 WHERE id BETWEEN 799383 AND 799392 ORDER BY c
	Sort  (cost=39.39..39.42 rows=10 width=121)
	  Sort Key: c
	  ->  Index Scan using sbtest7_pkey on sbtest7  (cost=0.43..39.22 rows=10 width=121)
	        Index Cond: ((id >= 799383) AND (id <= 799392))

table 8 : explain SELECT c FROM sbtest8 WHERE id BETWEEN 9789693 AND 9789702 ORDER BY c
	Sort  (cost=42.80..42.83 rows=11 width=121)
	  Sort Key: c
	  ->  Index Scan using sbtest8_pkey on sbtest8  (cost=0.43..42.61 rows=11 width=121)
	        Index Cond: ((id >= 9789693) AND (id <= 9789702))

for deletes
table 1 : explain DELETE FROM sbtest1 WHERE id=2029592
	Delete on sbtest1  (cost=0.43..8.45 rows=1 width=6)
	  ->  Index Scan using sbtest1_pkey on sbtest1  (cost=0.43..8.45 rows=1 width=6)
	        Index Cond: (id = 2029592)

table 2 : explain DELETE FROM sbtest2 WHERE id=4829017
	Delete on sbtest2  (cost=0.43..8.45 rows=1 width=6)
	  ->  Index Scan using sbtest2_pkey on sbtest2  (cost=0.43..8.45 rows=1 width=6)
	        Index Cond: (id = 4829017)

table 3 : explain DELETE FROM sbtest3 WHERE id=285179
	Delete on sbtest3  (cost=0.43..8.45 rows=1 width=6)
	  ->  Index Scan using sbtest3_pkey on sbtest3  (cost=0.43..8.45 rows=1 width=6)
	        Index Cond: (id = 285179)

table 4 : explain DELETE FROM sbtest4 WHERE id=1566463
	Delete on sbtest4  (cost=0.43..8.45 rows=1 width=6)
	  ->  Index Scan using sbtest4_pkey on sbtest4  (cost=0.43..8.45 rows=1 width=6)
	        Index Cond: (id = 1566463)

table 5 : explain DELETE FROM sbtest5 WHERE id=1255373
	Delete on sbtest5  (cost=0.43..8.45 rows=1 width=6)
	  ->  Index Scan using sbtest5_pkey on sbtest5  (cost=0.43..8.45 rows=1 width=6)
	        Index Cond: (id = 1255373)

table 6 : explain DELETE FROM sbtest6 WHERE id=4860055
	Delete on sbtest6  (cost=0.43..8.45 rows=1 width=6)
	  ->  Index Scan using sbtest6_pkey on sbtest6  (cost=0.43..8.45 rows=1 width=6)
	        Index Cond: (id = 4860055)

table 7 : explain DELETE FROM sbtest7 WHERE id=8969819
	Delete on sbtest7  (cost=0.43..8.45 rows=1 width=6)
	  ->  Index Scan using sbtest7_pkey on sbtest7  (cost=0.43..8.45 rows=1 width=6)
	        Index Cond: (id = 8969819)

table 8 : explain DELETE FROM sbtest8 WHERE id=8713522
	Delete on sbtest8  (cost=0.43..8.45 rows=1 width=6)
	  ->  Index Scan using sbtest8_pkey on sbtest8  (cost=0.43..8.45 rows=1 width=6)
	        Index Cond: (id = 8713522)

for index_updates
table 1 : explain UPDATE sbtest1 SET k=k+1 WHERE id=9127725
	Update on sbtest1  (cost=0.43..8.46 rows=1 width=196)
	  ->  Index Scan using sbtest1_pkey on sbtest1  (cost=0.43..8.46 rows=1 width=196)
	        Index Cond: (id = 9127725)

table 2 : explain UPDATE sbtest2 SET k=k+1 WHERE id=2065388
	Update on sbtest2  (cost=0.43..8.46 rows=1 width=196)
	  ->  Index Scan using sbtest2_pkey on sbtest2  (cost=0.43..8.46 rows=1 width=196)
	        Index Cond: (id = 2065388)

table 3 : explain UPDATE sbtest3 SET k=k+1 WHERE id=4078987
	Update on sbtest3  (cost=0.43..8.46 rows=1 width=196)
	  ->  Index Scan using sbtest3_pkey on sbtest3  (cost=0.43..8.46 rows=1 width=196)
	        Index Cond: (id = 4078987)

table 4 : explain UPDATE sbtest4 SET k=k+1 WHERE id=1437264
	Update on sbtest4  (cost=0.43..8.46 rows=1 width=196)
	  ->  Index Scan using sbtest4_pkey on sbtest4  (cost=0.43..8.46 rows=1 width=196)
	        Index Cond: (id = 1437264)

table 5 : explain UPDATE sbtest5 SET k=k+1 WHERE id=4424417
	Update on sbtest5  (cost=0.43..8.46 rows=1 width=196)
	  ->  Index Scan using sbtest5_pkey on sbtest5  (cost=0.43..8.46 rows=1 width=196)
	        Index Cond: (id = 4424417)

table 6 : explain UPDATE sbtest6 SET k=k+1 WHERE id=1235250
	Update on sbtest6  (cost=0.43..8.46 rows=1 width=196)
	  ->  Index Scan using sbtest6_pkey on sbtest6  (cost=0.43..8.46 rows=1 width=196)
	        Index Cond: (id = 1235250)

table 7 : explain UPDATE sbtest7 SET k=k+1 WHERE id=1780590
	Update on sbtest7  (cost=0.43..8.46 rows=1 width=196)
	  ->  Index Scan using sbtest7_pkey on sbtest7  (cost=0.43..8.46 rows=1 width=196)
	        Index Cond: (id = 1780590)

table 8 : explain UPDATE sbtest8 SET k=k+1 WHERE id=9675740
	Update on sbtest8  (cost=0.43..8.46 rows=1 width=196)
	  ->  Index Scan using sbtest8_pkey on sbtest8  (cost=0.43..8.46 rows=1 width=196)
	        Index Cond: (id = 9675740)

explain: for index_updates :: explain UPDATE sbtest%u SET k=k+1 WHERE id=%u
for index_updates
table 1 : explain UPDATE sbtest1 SET k=k+1 WHERE id=6033612
	Update on sbtest1  (cost=0.43..8.46 rows=1 width=196)
	  ->  Index Scan using sbtest1_pkey on sbtest1  (cost=0.43..8.46 rows=1 width=196)
	        Index Cond: (id = 6033612)

table 2 : explain UPDATE sbtest2 SET k=k+1 WHERE id=5671797
	Update on sbtest2  (cost=0.43..8.46 rows=1 width=196)
	  ->  Index Scan using sbtest2_pkey on sbtest2  (cost=0.43..8.46 rows=1 width=196)
	        Index Cond: (id = 5671797)

table 3 : explain UPDATE sbtest3 SET k=k+1 WHERE id=8953937
	Update on sbtest3  (cost=0.43..8.46 rows=1 width=196)
	  ->  Index Scan using sbtest3_pkey on sbtest3  (cost=0.43..8.46 rows=1 width=196)
	        Index Cond: (id = 8953937)

table 4 : explain UPDATE sbtest4 SET k=k+1 WHERE id=313384
	Update on sbtest4  (cost=0.43..8.46 rows=1 width=196)
	  ->  Index Scan using sbtest4_pkey on sbtest4  (cost=0.43..8.46 rows=1 width=196)
	        Index Cond: (id = 313384)

table 5 : explain UPDATE sbtest5 SET k=k+1 WHERE id=3347270
	Update on sbtest5  (cost=0.43..8.46 rows=1 width=196)
	  ->  Index Scan using sbtest5_pkey on sbtest5  (cost=0.43..8.46 rows=1 width=196)
	        Index Cond: (id = 3347270)

table 6 : explain UPDATE sbtest6 SET k=k+1 WHERE id=3276935
	Update on sbtest6  (cost=0.43..8.46 rows=1 width=196)
	  ->  Index Scan using sbtest6_pkey on sbtest6  (cost=0.43..8.46 rows=1 width=196)
	        Index Cond: (id = 3276935)

table 7 : explain UPDATE sbtest7 SET k=k+1 WHERE id=7338924
	Update on sbtest7  (cost=0.43..8.46 rows=1 width=196)
	  ->  Index Scan using sbtest7_pkey on sbtest7  (cost=0.43..8.46 rows=1 width=196)
	        Index Cond: (id = 7338924)

table 8 : explain UPDATE sbtest8 SET k=k+1 WHERE id=5152855
	Update on sbtest8  (cost=0.43..8.46 rows=1 width=196)
	  ->  Index Scan using sbtest8_pkey on sbtest8  (cost=0.43..8.46 rows=1 width=196)
	        Index Cond: (id = 5152855)

for index_updates
table 1 : explain UPDATE sbtest1 SET k=k+1 WHERE id=7191227
	Update on sbtest1  (cost=0.43..8.46 rows=1 width=196)
	  ->  Index Scan using sbtest1_pkey on sbtest1  (cost=0.43..8.46 rows=1 width=196)
	        Index Cond: (id = 7191227)

table 2 : explain UPDATE sbtest2 SET k=k+1 WHERE id=6033843
	Update on sbtest2  (cost=0.43..8.46 rows=1 width=196)
	  ->  Index Scan using sbtest2_pkey on sbtest2  (cost=0.43..8.46 rows=1 width=196)
	        Index Cond: (id = 6033843)

table 3 : explain UPDATE sbtest3 SET k=k+1 WHERE id=8746177
	Update on sbtest3  (cost=0.43..8.46 rows=1 width=196)
	  ->  Index Scan using sbtest3_pkey on sbtest3  (cost=0.43..8.46 rows=1 width=196)
	        Index Cond: (id = 8746177)

table 4 : explain UPDATE sbtest4 SET k=k+1 WHERE id=4883859
	Update on sbtest4  (cost=0.43..8.46 rows=1 width=196)
	  ->  Index Scan using sbtest4_pkey on sbtest4  (cost=0.43..8.46 rows=1 width=196)
	        Index Cond: (id = 4883859)

table 5 : explain UPDATE sbtest5 SET k=k+1 WHERE id=6601947
	Update on sbtest5  (cost=0.43..8.46 rows=1 width=196)
	  ->  Index Scan using sbtest5_pkey on sbtest5  (cost=0.43..8.46 rows=1 width=196)
	        Index Cond: (id = 6601947)

table 6 : explain UPDATE sbtest6 SET k=k+1 WHERE id=1971474
	Update on sbtest6  (cost=0.43..8.46 rows=1 width=196)
	  ->  Index Scan using sbtest6_pkey on sbtest6  (cost=0.43..8.46 rows=1 width=196)
	        Index Cond: (id = 1971474)

table 7 : explain UPDATE sbtest7 SET k=k+1 WHERE id=1231692
	Update on sbtest7  (cost=0.43..8.46 rows=1 width=196)
	  ->  Index Scan using sbtest7_pkey on sbtest7  (cost=0.43..8.46 rows=1 width=196)
	        Index Cond: (id = 1231692)

table 8 : explain UPDATE sbtest8 SET k=k+1 WHERE id=3538774
	Update on sbtest8  (cost=0.43..8.46 rows=1 width=196)
	  ->  Index Scan using sbtest8_pkey on sbtest8  (cost=0.43..8.46 rows=1 width=196)
	        Index Cond: (id = 3538774)

explain: for non_index_updates :: explain UPDATE sbtest%u SET c='foobar' WHERE id=%u
for inserts
table 1 : explain INSERT INTO sbtest1 (id, k, c, pad) VALUES (8379664, 13, 'foobar', 'foobar')
	Insert on sbtest1  (cost=0.00..0.01 rows=1 width=736)
	  ->  Result  (cost=0.00..0.01 rows=1 width=736)

table 2 : explain INSERT INTO sbtest2 (id, k, c, pad) VALUES (8438456, 13, 'foobar', 'foobar')
	Insert on sbtest2  (cost=0.00..0.01 rows=1 width=736)
	  ->  Result  (cost=0.00..0.01 rows=1 width=736)

table 3 : explain INSERT INTO sbtest3 (id, k, c, pad) VALUES (9826473, 13, 'foobar', 'foobar')
	Insert on sbtest3  (cost=0.00..0.01 rows=1 width=736)
	  ->  Result  (cost=0.00..0.01 rows=1 width=736)

table 4 : explain INSERT INTO sbtest4 (id, k, c, pad) VALUES (7703342, 13, 'foobar', 'foobar')
	Insert on sbtest4  (cost=0.00..0.01 rows=1 width=736)
	  ->  Result  (cost=0.00..0.01 rows=1 width=736)

table 5 : explain INSERT INTO sbtest5 (id, k, c, pad) VALUES (6965905, 13, 'foobar', 'foobar')
	Insert on sbtest5  (cost=0.00..0.01 rows=1 width=736)
	  ->  Result  (cost=0.00..0.01 rows=1 width=736)

table 6 : explain INSERT INTO sbtest6 (id, k, c, pad) VALUES (7898253, 13, 'foobar', 'foobar')
	Insert on sbtest6  (cost=0.00..0.01 rows=1 width=736)
	  ->  Result  (cost=0.00..0.01 rows=1 width=736)

table 7 : explain INSERT INTO sbtest7 (id, k, c, pad) VALUES (7306534, 13, 'foobar', 'foobar')
	Insert on sbtest7  (cost=0.00..0.01 rows=1 width=736)
	  ->  Result  (cost=0.00..0.01 rows=1 width=736)

table 8 : explain INSERT INTO sbtest8 (id, k, c, pad) VALUES (3859688, 13, 'foobar', 'foobar')
	Insert on sbtest8  (cost=0.00..0.01 rows=1 width=736)
	  ->  Result  (cost=0.00..0.01 rows=1 width=736)

for deletes
table 1 : explain DELETE FROM sbtest1 WHERE id=7003143
	Delete on sbtest1  (cost=0.43..8.45 rows=1 width=6)
	  ->  Index Scan using sbtest1_pkey on sbtest1  (cost=0.43..8.45 rows=1 width=6)
	        Index Cond: (id = 7003143)

table 2 : explain DELETE FROM sbtest2 WHERE id=9651280
	Delete on sbtest2  (cost=0.43..8.45 rows=1 width=6)
	  ->  Index Scan using sbtest2_pkey on sbtest2  (cost=0.43..8.45 rows=1 width=6)
	        Index Cond: (id = 9651280)

table 3 : explain DELETE FROM sbtest3 WHERE id=5758031
	Delete on sbtest3  (cost=0.43..8.45 rows=1 width=6)
	  ->  Index Scan using sbtest3_pkey on sbtest3  (cost=0.43..8.45 rows=1 width=6)
	        Index Cond: (id = 5758031)

table 4 : explain DELETE FROM sbtest4 WHERE id=2134990
	Delete on sbtest4  (cost=0.43..8.45 rows=1 width=6)
	  ->  Index Scan using sbtest4_pkey on sbtest4  (cost=0.43..8.45 rows=1 width=6)
	        Index Cond: (id = 2134990)

table 5 : explain DELETE FROM sbtest5 WHERE id=1053865
	Delete on sbtest5  (cost=0.43..8.45 rows=1 width=6)
	  ->  Index Scan using sbtest5_pkey on sbtest5  (cost=0.43..8.45 rows=1 width=6)
	        Index Cond: (id = 1053865)

table 6 : explain DELETE FROM sbtest6 WHERE id=1237893
	Delete on sbtest6  (cost=0.43..8.45 rows=1 width=6)
	  ->  Index Scan using sbtest6_pkey on sbtest6  (cost=0.43..8.45 rows=1 width=6)
	        Index Cond: (id = 1237893)

table 7 : explain DELETE FROM sbtest7 WHERE id=3926676
	Delete on sbtest7  (cost=0.43..8.45 rows=1 width=6)
	  ->  Index Scan using sbtest7_pkey on sbtest7  (cost=0.43..8.45 rows=1 width=6)
	        Index Cond: (id = 3926676)

table 8 : explain DELETE FROM sbtest8 WHERE id=4482675
	Delete on sbtest8  (cost=0.43..8.45 rows=1 width=6)
	  ->  Index Scan using sbtest8_pkey on sbtest8  (cost=0.43..8.45 rows=1 width=6)
	        Index Cond: (id = 4482675)

for non_index_updates
table 1 : explain UPDATE sbtest1 SET c='foobar' WHERE id=8737097
	Update on sbtest1  (cost=0.43..8.45 rows=1 width=559)
	  ->  Index Scan using sbtest1_pkey on sbtest1  (cost=0.43..8.45 rows=1 width=559)
	        Index Cond: (id = 8737097)

table 2 : explain UPDATE sbtest2 SET c='foobar' WHERE id=1182753
	Update on sbtest2  (cost=0.43..8.45 rows=1 width=559)
	  ->  Index Scan using sbtest2_pkey on sbtest2  (cost=0.43..8.45 rows=1 width=559)
	        Index Cond: (id = 1182753)

table 3 : explain UPDATE sbtest3 SET c='foobar' WHERE id=6168032
	Update on sbtest3  (cost=0.43..8.45 rows=1 width=559)
	  ->  Index Scan using sbtest3_pkey on sbtest3  (cost=0.43..8.45 rows=1 width=559)
	        Index Cond: (id = 6168032)

table 4 : explain UPDATE sbtest4 SET c='foobar' WHERE id=2353660
	Update on sbtest4  (cost=0.43..8.45 rows=1 width=559)
	  ->  Index Scan using sbtest4_pkey on sbtest4  (cost=0.43..8.45 rows=1 width=559)
	        Index Cond: (id = 2353660)

table 5 : explain UPDATE sbtest5 SET c='foobar' WHERE id=6729216
	Update on sbtest5  (cost=0.43..8.45 rows=1 width=559)
	  ->  Index Scan using sbtest5_pkey on sbtest5  (cost=0.43..8.45 rows=1 width=559)
	        Index Cond: (id = 6729216)

table 6 : explain UPDATE sbtest6 SET c='foobar' WHERE id=4746586
	Update on sbtest6  (cost=0.43..8.45 rows=1 width=559)
	  ->  Index Scan using sbtest6_pkey on sbtest6  (cost=0.43..8.45 rows=1 width=559)
	        Index Cond: (id = 4746586)

table 7 : explain UPDATE sbtest7 SET c='foobar' WHERE id=3168327
	Update on sbtest7  (cost=0.43..8.45 rows=1 width=559)
	  ->  Index Scan using sbtest7_pkey on sbtest7  (cost=0.43..8.45 rows=1 width=559)
	        Index Cond: (id = 3168327)

table 8 : explain UPDATE sbtest8 SET c='foobar' WHERE id=6711844
	Update on sbtest8  (cost=0.43..8.45 rows=1 width=559)
	  ->  Index Scan using sbtest8_pkey on sbtest8  (cost=0.43..8.45 rows=1 width=559)
	        Index Cond: (id = 6711844)

explain: for non_index_updates :: explain UPDATE sbtest%u SET c='foobar' WHERE id=%u
explain: for non_index_updates :: explain UPDATE sbtest%u SET c='foobar' WHERE id=%u
explain: for deletes :: explain DELETE FROM sbtest%u WHERE id=%u
for non_index_updates
table 1 : explain UPDATE sbtest1 SET c='foobar' WHERE id=6214464
	Update on sbtest1  (cost=0.43..8.45 rows=1 width=559)
	  ->  Index Scan using sbtest1_pkey on sbtest1  (cost=0.43..8.45 rows=1 width=559)
	        Index Cond: (id = 6214464)

table 2 : explain UPDATE sbtest2 SET c='foobar' WHERE id=2274887
	Update on sbtest2  (cost=0.43..8.45 rows=1 width=559)
	  ->  Index Scan using sbtest2_pkey on sbtest2  (cost=0.43..8.45 rows=1 width=559)
	        Index Cond: (id = 2274887)

table 3 : explain UPDATE sbtest3 SET c='foobar' WHERE id=1128142
	Update on sbtest3  (cost=0.43..8.45 rows=1 width=559)
	  ->  Index Scan using sbtest3_pkey on sbtest3  (cost=0.43..8.45 rows=1 width=559)
	        Index Cond: (id = 1128142)

table 4 : explain UPDATE sbtest4 SET c='foobar' WHERE id=1691041
	Update on sbtest4  (cost=0.43..8.45 rows=1 width=559)
	  ->  Index Scan using sbtest4_pkey on sbtest4  (cost=0.43..8.45 rows=1 width=559)
	        Index Cond: (id = 1691041)

table 5 : explain UPDATE sbtest5 SET c='foobar' WHERE id=1077132
	Update on sbtest5  (cost=0.43..8.45 rows=1 width=559)
	  ->  Index Scan using sbtest5_pkey on sbtest5  (cost=0.43..8.45 rows=1 width=559)
	        Index Cond: (id = 1077132)

table 6 : explain UPDATE sbtest6 SET c='foobar' WHERE id=9200173
	Update on sbtest6  (cost=0.43..8.45 rows=1 width=559)
	  ->  Index Scan using sbtest6_pkey on sbtest6  (cost=0.43..8.45 rows=1 width=559)
	        Index Cond: (id = 9200173)

table 7 : explain UPDATE sbtest7 SET c='foobar' WHERE id=6888047
	Update on sbtest7  (cost=0.43..8.45 rows=1 width=559)
	  ->  Index Scan using sbtest7_pkey on sbtest7  (cost=0.43..8.45 rows=1 width=559)
	        Index Cond: (id = 6888047)

table 8 : explain UPDATE sbtest8 SET c='foobar' WHERE id=6519379
	Update on sbtest8  (cost=0.43..8.45 rows=1 width=559)
	  ->  Index Scan using sbtest8_pkey on sbtest8  (cost=0.43..8.45 rows=1 width=559)
	        Index Cond: (id = 6519379)

explain: for inserts :: explain INSERT INTO sbtest%u (id, k, c, pad) VALUES (%u, 13, 'foobar', 'foobar')
explain: for inserts :: explain INSERT INTO sbtest%u (id, k, c, pad) VALUES (%u, 13, 'foobar', 'foobar')
for: sum_ranges
table 1 : explain SELECT SUM(k) FROM sbtest1 WHERE id BETWEEN 1429461 AND 1429470
	Aggregate  (cost=39.01..39.02 rows=1 width=8)
	  ->  Index Scan using sbtest1_pkey on sbtest1  (cost=0.43..38.99 rows=10 width=4)
	        Index Cond: ((id >= 1429461) AND (id <= 1429470))

table 2 : explain SELECT SUM(k) FROM sbtest2 WHERE id BETWEEN 5679047 AND 5679056
	Aggregate  (cost=35.71..35.72 rows=1 width=8)
	  ->  Index Scan using sbtest2_pkey on sbtest2  (cost=0.43..35.68 rows=9 width=4)
	        Index Cond: ((id >= 5679047) AND (id <= 5679056))

table 3 : explain SELECT SUM(k) FROM sbtest3 WHERE id BETWEEN 3938856 AND 3938865
	Aggregate  (cost=39.32..39.33 rows=1 width=8)
	  ->  Index Scan using sbtest3_pkey on sbtest3  (cost=0.43..39.29 rows=10 width=4)
	        Index Cond: ((id >= 3938856) AND (id <= 3938865))

table 4 : explain SELECT SUM(k) FROM sbtest4 WHERE id BETWEEN 8611246 AND 8611255
	Aggregate  (cost=42.75..42.76 rows=1 width=8)
	  ->  Index Scan using sbtest4_pkey on sbtest4  (cost=0.43..42.72 rows=11 width=4)
	        Index Cond: ((id >= 8611246) AND (id <= 8611255))

table 5 : explain SELECT SUM(k) FROM sbtest5 WHERE id BETWEEN 4146702 AND 4146711
	Aggregate  (cost=42.65..42.66 rows=1 width=8)
	  ->  Index Scan using sbtest5_pkey on sbtest5  (cost=0.43..42.62 rows=11 width=4)
	        Index Cond: ((id >= 4146702) AND (id <= 4146711))

table 6 : explain SELECT SUM(k) FROM sbtest6 WHERE id BETWEEN 6825459 AND 6825468
	Aggregate  (cost=39.03..39.04 rows=1 width=8)
	  ->  Index Scan using sbtest6_pkey on sbtest6  (cost=0.43..39.00 rows=10 width=4)
	        Index Cond: ((id >= 6825459) AND (id <= 6825468))

table 7 : explain SELECT SUM(k) FROM sbtest7 WHERE id BETWEEN 3372083 AND 3372092
	Aggregate  (cost=35.83..35.84 rows=1 width=8)
	  ->  Index Scan using sbtest7_pkey on sbtest7  (cost=0.43..35.81 rows=9 width=4)
	        Index Cond: ((id >= 3372083) AND (id <= 3372092))

table 8 : explain SELECT SUM(k) FROM sbtest8 WHERE id BETWEEN 188806 AND 188815
	Aggregate  (cost=35.80..35.81 rows=1 width=8)
	  ->  Index Scan using sbtest8_pkey on sbtest8  (cost=0.43..35.78 rows=9 width=4)
	        Index Cond: ((id >= 188806) AND (id <= 188815))

explain: for deletes :: explain DELETE FROM sbtest%u WHERE id=%u
for non_index_updates
table 1 : explain UPDATE sbtest1 SET c='foobar' WHERE id=2714015
	Update on sbtest1  (cost=0.43..8.45 rows=1 width=559)
	  ->  Index Scan using sbtest1_pkey on sbtest1  (cost=0.43..8.45 rows=1 width=559)
	        Index Cond: (id = 2714015)

table 2 : explain UPDATE sbtest2 SET c='foobar' WHERE id=5930456
	Update on sbtest2  (cost=0.43..8.45 rows=1 width=559)
	  ->  Index Scan using sbtest2_pkey on sbtest2  (cost=0.43..8.45 rows=1 width=559)
	        Index Cond: (id = 5930456)

table 3 : explain UPDATE sbtest3 SET c='foobar' WHERE id=8327094
	Update on sbtest3  (cost=0.43..8.45 rows=1 width=559)
	  ->  Index Scan using sbtest3_pkey on sbtest3  (cost=0.43..8.45 rows=1 width=559)
	        Index Cond: (id = 8327094)

table 4 : explain UPDATE sbtest4 SET c='foobar' WHERE id=7829035
	Update on sbtest4  (cost=0.43..8.45 rows=1 width=559)
	  ->  Index Scan using sbtest4_pkey on sbtest4  (cost=0.43..8.45 rows=1 width=559)
	        Index Cond: (id = 7829035)

table 5 : explain UPDATE sbtest5 SET c='foobar' WHERE id=7416662
	Update on sbtest5  (cost=0.43..8.45 rows=1 width=559)
	  ->  Index Scan using sbtest5_pkey on sbtest5  (cost=0.43..8.45 rows=1 width=559)
	        Index Cond: (id = 7416662)

table 6 : explain UPDATE sbtest6 SET c='foobar' WHERE id=1770790
	Update on sbtest6  (cost=0.43..8.45 rows=1 width=559)
	  ->  Index Scan using sbtest6_pkey on sbtest6  (cost=0.43..8.45 rows=1 width=559)
	        Index Cond: (id = 1770790)

table 7 : explain UPDATE sbtest7 SET c='foobar' WHERE id=7125707
	Update on sbtest7  (cost=0.43..8.45 rows=1 width=559)
	  ->  Index Scan using sbtest7_pkey on sbtest7  (cost=0.43..8.45 rows=1 width=559)
	        Index Cond: (id = 7125707)

table 8 : explain UPDATE sbtest8 SET c='foobar' WHERE id=1821326
	Update on sbtest8  (cost=0.43..8.45 rows=1 width=559)
	  ->  Index Scan using sbtest8_pkey on sbtest8  (cost=0.43..8.45 rows=1 width=559)
	        Index Cond: (id = 1821326)

for non_index_updates
table 1 : explain UPDATE sbtest1 SET c='foobar' WHERE id=2523716
	Update on sbtest1  (cost=0.43..8.45 rows=1 width=559)
	  ->  Index Scan using sbtest1_pkey on sbtest1  (cost=0.43..8.45 rows=1 width=559)
	        Index Cond: (id = 2523716)

table 2 : explain UPDATE sbtest2 SET c='foobar' WHERE id=9169259
	Update on sbtest2  (cost=0.43..8.45 rows=1 width=559)
	  ->  Index Scan using sbtest2_pkey on sbtest2  (cost=0.43..8.45 rows=1 width=559)
	        Index Cond: (id = 9169259)

table 3 : explain UPDATE sbtest3 SET c='foobar' WHERE id=274966
	Update on sbtest3  (cost=0.43..8.45 rows=1 width=559)
	  ->  Index Scan using sbtest3_pkey on sbtest3  (cost=0.43..8.45 rows=1 width=559)
	        Index Cond: (id = 274966)

table 4 : explain UPDATE sbtest4 SET c='foobar' WHERE id=8006111
	Update on sbtest4  (cost=0.43..8.45 rows=1 width=559)
	  ->  Index Scan using sbtest4_pkey on sbtest4  (cost=0.43..8.45 rows=1 width=559)
	        Index Cond: (id = 8006111)

table 5 : explain UPDATE sbtest5 SET c='foobar' WHERE id=7359523
	Update on sbtest5  (cost=0.43..8.45 rows=1 width=559)
	  ->  Index Scan using sbtest5_pkey on sbtest5  (cost=0.43..8.45 rows=1 width=559)
	        Index Cond: (id = 7359523)

table 6 : explain UPDATE sbtest6 SET c='foobar' WHERE id=9051471
	Update on sbtest6  (cost=0.43..8.45 rows=1 width=559)
	  ->  Index Scan using sbtest6_pkey on sbtest6  (cost=0.43..8.45 rows=1 width=559)
	        Index Cond: (id = 9051471)

table 7 : explain UPDATE sbtest7 SET c='foobar' WHERE id=7704799
	Update on sbtest7  (cost=0.43..8.45 rows=1 width=559)
	  ->  Index Scan using sbtest7_pkey on sbtest7  (cost=0.43..8.45 rows=1 width=559)
	        Index Cond: (id = 7704799)

table 8 : explain UPDATE sbtest8 SET c='foobar' WHERE id=2895944
	Update on sbtest8  (cost=0.43..8.45 rows=1 width=559)
	  ->  Index Scan using sbtest8_pkey on sbtest8  (cost=0.43..8.45 rows=1 width=559)
	        Index Cond: (id = 2895944)

for deletes
table 1 : explain DELETE FROM sbtest1 WHERE id=9352417
	Delete on sbtest1  (cost=0.43..8.45 rows=1 width=6)
	  ->  Index Scan using sbtest1_pkey on sbtest1  (cost=0.43..8.45 rows=1 width=6)
	        Index Cond: (id = 9352417)

table 2 : explain DELETE FROM sbtest2 WHERE id=1830589
	Delete on sbtest2  (cost=0.43..8.45 rows=1 width=6)
	  ->  Index Scan using sbtest2_pkey on sbtest2  (cost=0.43..8.45 rows=1 width=6)
	        Index Cond: (id = 1830589)

table 3 : explain DELETE FROM sbtest3 WHERE id=4056461
	Delete on sbtest3  (cost=0.43..8.45 rows=1 width=6)
	  ->  Index Scan using sbtest3_pkey on sbtest3  (cost=0.43..8.45 rows=1 width=6)
	        Index Cond: (id = 4056461)

table 4 : explain DELETE FROM sbtest4 WHERE id=836316
	Delete on sbtest4  (cost=0.43..8.45 rows=1 width=6)
	  ->  Index Scan using sbtest4_pkey on sbtest4  (cost=0.43..8.45 rows=1 width=6)
	        Index Cond: (id = 836316)

table 5 : explain DELETE FROM sbtest5 WHERE id=9954651
	Delete on sbtest5  (cost=0.43..8.45 rows=1 width=6)
	  ->  Index Scan using sbtest5_pkey on sbtest5  (cost=0.43..8.45 rows=1 width=6)
	        Index Cond: (id = 9954651)

table 6 : explain DELETE FROM sbtest6 WHERE id=3632553
	Delete on sbtest6  (cost=0.43..8.45 rows=1 width=6)
	  ->  Index Scan using sbtest6_pkey on sbtest6  (cost=0.43..8.45 rows=1 width=6)
	        Index Cond: (id = 3632553)

table 7 : explain DELETE FROM sbtest7 WHERE id=2443670
	Delete on sbtest7  (cost=0.43..8.45 rows=1 width=6)
	  ->  Index Scan using sbtest7_pkey on sbtest7  (cost=0.43..8.45 rows=1 width=6)
	        Index Cond: (id = 2443670)

table 8 : explain DELETE FROM sbtest8 WHERE id=3919273
	Delete on sbtest8  (cost=0.43..8.45 rows=1 width=6)
	  ->  Index Scan using sbtest8_pkey on sbtest8  (cost=0.43..8.45 rows=1 width=6)
	        Index Cond: (id = 3919273)

for inserts
table 1 : explain INSERT INTO sbtest1 (id, k, c, pad) VALUES (1928003, 13, 'foobar', 'foobar')
	Insert on sbtest1  (cost=0.00..0.01 rows=1 width=736)
	  ->  Result  (cost=0.00..0.01 rows=1 width=736)

table 2 : explain INSERT INTO sbtest2 (id, k, c, pad) VALUES (8552525, 13, 'foobar', 'foobar')
	Insert on sbtest2  (cost=0.00..0.01 rows=1 width=736)
	  ->  Result  (cost=0.00..0.01 rows=1 width=736)

table 3 : explain INSERT INTO sbtest3 (id, k, c, pad) VALUES (1314662, 13, 'foobar', 'foobar')
	Insert on sbtest3  (cost=0.00..0.01 rows=1 width=736)
	  ->  Result  (cost=0.00..0.01 rows=1 width=736)

table 4 : explain INSERT INTO sbtest4 (id, k, c, pad) VALUES (5910504, 13, 'foobar', 'foobar')
	Insert on sbtest4  (cost=0.00..0.01 rows=1 width=736)
	  ->  Result  (cost=0.00..0.01 rows=1 width=736)

table 5 : explain INSERT INTO sbtest5 (id, k, c, pad) VALUES (7806661, 13, 'foobar', 'foobar')
	Insert on sbtest5  (cost=0.00..0.01 rows=1 width=736)
	  ->  Result  (cost=0.00..0.01 rows=1 width=736)

table 6 : explain INSERT INTO sbtest6 (id, k, c, pad) VALUES (9472900, 13, 'foobar', 'foobar')
	Insert on sbtest6  (cost=0.00..0.01 rows=1 width=736)
	  ->  Result  (cost=0.00..0.01 rows=1 width=736)

table 7 : explain INSERT INTO sbtest7 (id, k, c, pad) VALUES (2227955, 13, 'foobar', 'foobar')
	Insert on sbtest7  (cost=0.00..0.01 rows=1 width=736)
	  ->  Result  (cost=0.00..0.01 rows=1 width=736)

table 8 : explain INSERT INTO sbtest8 (id, k, c, pad) VALUES (7571188, 13, 'foobar', 'foobar')
	Insert on sbtest8  (cost=0.00..0.01 rows=1 width=736)
	  ->  Result  (cost=0.00..0.01 rows=1 width=736)

explain: for index_updates :: explain UPDATE sbtest%u SET k=k+1 WHERE id=%u
for index_updates
table 1 : explain UPDATE sbtest1 SET k=k+1 WHERE id=145321
	Update on sbtest1  (cost=0.43..8.46 rows=1 width=196)
	  ->  Index Scan using sbtest1_pkey on sbtest1  (cost=0.43..8.46 rows=1 width=196)
	        Index Cond: (id = 145321)

table 2 : explain UPDATE sbtest2 SET k=k+1 WHERE id=9948107
	Update on sbtest2  (cost=0.43..8.46 rows=1 width=196)
	  ->  Index Scan using sbtest2_pkey on sbtest2  (cost=0.43..8.46 rows=1 width=196)
	        Index Cond: (id = 9948107)

table 3 : explain UPDATE sbtest3 SET k=k+1 WHERE id=4982059
	Update on sbtest3  (cost=0.43..8.46 rows=1 width=196)
	  ->  Index Scan using sbtest3_pkey on sbtest3  (cost=0.43..8.46 rows=1 width=196)
	        Index Cond: (id = 4982059)

table 4 : explain UPDATE sbtest4 SET k=k+1 WHERE id=5572653
	Update on sbtest4  (cost=0.43..8.46 rows=1 width=196)
	  ->  Index Scan using sbtest4_pkey on sbtest4  (cost=0.43..8.46 rows=1 width=196)
	        Index Cond: (id = 5572653)

table 5 : explain UPDATE sbtest5 SET k=k+1 WHERE id=1002447
	Update on sbtest5  (cost=0.43..8.46 rows=1 width=196)
	  ->  Index Scan using sbtest5_pkey on sbtest5  (cost=0.43..8.46 rows=1 width=196)
	        Index Cond: (id = 1002447)

table 6 : explain UPDATE sbtest6 SET k=k+1 WHERE id=7401813
	Update on sbtest6  (cost=0.43..8.46 rows=1 width=196)
	  ->  Index Scan using sbtest6_pkey on sbtest6  (cost=0.43..8.46 rows=1 width=196)
	        Index Cond: (id = 7401813)

table 7 : explain UPDATE sbtest7 SET k=k+1 WHERE id=4040856
	Update on sbtest7  (cost=0.43..8.46 rows=1 width=196)
	  ->  Index Scan using sbtest7_pkey on sbtest7  (cost=0.43..8.46 rows=1 width=196)
	        Index Cond: (id = 4040856)

table 8 : explain UPDATE sbtest8 SET k=k+1 WHERE id=5581008
	Update on sbtest8  (cost=0.43..8.46 rows=1 width=196)
	  ->  Index Scan using sbtest8_pkey on sbtest8  (cost=0.43..8.46 rows=1 width=196)
	        Index Cond: (id = 5581008)

for: distinct_ranges
table 1 : explain SELECT DISTINCT c FROM sbtest1 WHERE id BETWEEN 7509449 AND 7509458 ORDER BY c
	Unique  (cost=39.15..39.20 rows=10 width=121)
	  ->  Sort  (cost=39.15..39.18 rows=10 width=121)
	        Sort Key: c
	        ->  Index Scan using sbtest1_pkey on sbtest1  (cost=0.43..38.99 rows=10 width=121)
	              Index Cond: ((id >= 7509449) AND (id <= 7509458))

table 2 : explain SELECT DISTINCT c FROM sbtest2 WHERE id BETWEEN 7712229 AND 7712238 ORDER BY c
	Unique  (cost=39.25..39.30 rows=10 width=121)
	  ->  Sort  (cost=39.25..39.28 rows=10 width=121)
	        Sort Key: c
	        ->  Index Scan using sbtest2_pkey on sbtest2  (cost=0.43..39.09 rows=10 width=121)
	              Index Cond: ((id >= 7712229) AND (id <= 7712238))

table 3 : explain SELECT DISTINCT c FROM sbtest3 WHERE id BETWEEN 4663500 AND 4663509 ORDER BY c
	Unique  (cost=36.01..36.05 rows=9 width=121)
	  ->  Sort  (cost=36.01..36.03 rows=9 width=121)
	        Sort Key: c
	        ->  Index Scan using sbtest3_pkey on sbtest3  (cost=0.43..35.87 rows=9 width=121)
	              Index Cond: ((id >= 4663500) AND (id <= 4663509))

table 4 : explain SELECT DISTINCT c FROM sbtest4 WHERE id BETWEEN 9997619 AND 9997628 ORDER BY c
	Unique  (cost=39.46..39.51 rows=10 width=121)
	  ->  Sort  (cost=39.46..39.49 rows=10 width=121)
	        Sort Key: c
	        ->  Index Scan using sbtest4_pkey on sbtest4  (cost=0.43..39.29 rows=10 width=121)
	              Index Cond: ((id >= 9997619) AND (id <= 9997628))

table 5 : explain SELECT DISTINCT c FROM sbtest5 WHERE id BETWEEN 5618120 AND 5618129 ORDER BY c
	Unique  (cost=39.37..39.42 rows=10 width=121)
	  ->  Sort  (cost=39.37..39.40 rows=10 width=121)
	        Sort Key: c
	        ->  Index Scan using sbtest5_pkey on sbtest5  (cost=0.43..39.21 rows=10 width=121)
	              Index Cond: ((id >= 5618120) AND (id <= 5618129))

table 6 : explain SELECT DISTINCT c FROM sbtest6 WHERE id BETWEEN 534835 AND 534844 ORDER BY c
	Unique  (cost=42.59..42.64 rows=11 width=121)
	  ->  Sort  (cost=42.59..42.62 rows=11 width=121)
	        Sort Key: c
	        ->  Index Scan using sbtest6_pkey on sbtest6  (cost=0.43..42.40 rows=11 width=121)
	              Index Cond: ((id >= 534835) AND (id <= 534844))

table 7 : explain SELECT DISTINCT c FROM sbtest7 WHERE id BETWEEN 7842217 AND 7842226 ORDER BY c
	Unique  (cost=39.39..39.44 rows=10 width=121)
	  ->  Sort  (cost=39.39..39.42 rows=10 width=121)
	        Sort Key: c
	        ->  Index Scan using sbtest7_pkey on sbtest7  (cost=0.43..39.22 rows=10 width=121)
	              Index Cond: ((id >= 7842217) AND (id <= 7842226))

table 8 : explain SELECT DISTINCT c FROM sbtest8 WHERE id BETWEEN 2436116 AND 2436125 ORDER BY c
	Unique  (cost=39.36..39.41 rows=10 width=121)
	  ->  Sort  (cost=39.36..39.38 rows=10 width=121)
	        Sort Key: c
	        ->  Index Scan using sbtest8_pkey on sbtest8  (cost=0.43..39.19 rows=10 width=121)
	              Index Cond: ((id >= 2436116) AND (id <= 2436125))

explain: for non_index_updates :: explain UPDATE sbtest%u SET c='foobar' WHERE id=%u
explain: for deletes :: explain DELETE FROM sbtest%u WHERE id=%uexplain: for deletes :: explain DELETE FROM sbtest%u WHERE id=%u

for: distinct_ranges
table 1 : explain SELECT DISTINCT c FROM sbtest1 WHERE id BETWEEN 8471551 AND 8471560 ORDER BY c
	Unique  (cost=39.15..39.20 rows=10 width=121)
	  ->  Sort  (cost=39.15..39.18 rows=10 width=121)
	        Sort Key: c
	        ->  Index Scan using sbtest1_pkey on sbtest1  (cost=0.43..38.99 rows=10 width=121)
	              Index Cond: ((id >= 8471551) AND (id <= 8471560))

table 2 : explain SELECT DISTINCT c FROM sbtest2 WHERE id BETWEEN 9297922 AND 9297931 ORDER BY c
	Unique  (cost=35.83..35.87 rows=9 width=121)
	  ->  Sort  (cost=35.83..35.85 rows=9 width=121)
	        Sort Key: c
	        ->  Index Scan using sbtest2_pkey on sbtest2  (cost=0.43..35.68 rows=9 width=121)
	              Index Cond: ((id >= 9297922) AND (id <= 9297931))

table 3 : explain SELECT DISTINCT c FROM sbtest3 WHERE id BETWEEN 2735105 AND 2735114 ORDER BY c
	Unique  (cost=42.91..42.97 rows=11 width=121)
	  ->  Sort  (cost=42.91..42.94 rows=11 width=121)
	        Sort Key: c
	        ->  Index Scan using sbtest3_pkey on sbtest3  (cost=0.43..42.72 rows=11 width=121)
	              Index Cond: ((id >= 2735105) AND (id <= 2735114))

table 4 : explain SELECT DISTINCT c FROM sbtest4 WHERE id BETWEEN 6196713 AND 6196722 ORDER BY c
	Unique  (cost=36.01..36.06 rows=9 width=121)
	  ->  Sort  (cost=36.01..36.03 rows=9 width=121)
	        Sort Key: c
	        ->  Index Scan using sbtest4_pkey on sbtest4  (cost=0.43..35.87 rows=9 width=121)
	              Index Cond: ((id >= 6196713) AND (id <= 6196722))

table 5 : explain SELECT DISTINCT c FROM sbtest5 WHERE id BETWEEN 4102936 AND 4102945 ORDER BY c
	Unique  (cost=35.93..35.98 rows=9 width=121)
	  ->  Sort  (cost=35.93..35.95 rows=9 width=121)
	        Sort Key: c
	        ->  Index Scan using sbtest5_pkey on sbtest5  (cost=0.43..35.79 rows=9 width=121)
	              Index Cond: ((id >= 4102936) AND (id <= 4102945))

table 6 : explain SELECT DISTINCT c FROM sbtest6 WHERE id BETWEEN 1035670 AND 1035679 ORDER BY c
	Unique  (cost=39.17..39.22 rows=10 width=121)
	  ->  Sort  (cost=39.17..39.20 rows=10 width=121)
	        Sort Key: c
	        ->  Index Scan using sbtest6_pkey on sbtest6  (cost=0.43..39.00 rows=10 width=121)
	              Index Cond: ((id >= 1035670) AND (id <= 1035679))

table 7 : explain SELECT DISTINCT c FROM sbtest7 WHERE id BETWEEN 4163761 AND 4163770 ORDER BY c
	Unique  (cost=35.95..35.99 rows=9 width=121)
	  ->  Sort  (cost=35.95..35.97 rows=9 width=121)
	        Sort Key: c
	        ->  Index Scan using sbtest7_pkey on sbtest7  (cost=0.43..35.81 rows=9 width=121)
	              Index Cond: ((id >= 4163761) AND (id <= 4163770))

table 8 : explain SELECT DISTINCT c FROM sbtest8 WHERE id BETWEEN 8962958 AND 8962967 ORDER BY c
	Unique  (cost=42.80..42.85 rows=11 width=121)
	  ->  Sort  (cost=42.80..42.83 rows=11 width=121)
	        Sort Key: c
	        ->  Index Scan using sbtest8_pkey on sbtest8  (cost=0.43..42.61 rows=11 width=121)
	              Index Cond: ((id >= 8962958) AND (id <= 8962967))

for deletes
table 1 : explain DELETE FROM sbtest1 WHERE id=9096382
	Delete on sbtest1  (cost=0.43..8.45 rows=1 width=6)
	  ->  Index Scan using sbtest1_pkey on sbtest1  (cost=0.43..8.45 rows=1 width=6)
	        Index Cond: (id = 9096382)

table 2 : explain DELETE FROM sbtest2 WHERE id=2969123
	Delete on sbtest2  (cost=0.43..8.45 rows=1 width=6)
	  ->  Index Scan using sbtest2_pkey on sbtest2  (cost=0.43..8.45 rows=1 width=6)
	        Index Cond: (id = 2969123)

table 3 : explain DELETE FROM sbtest3 WHERE id=4931248
	Delete on sbtest3  (cost=0.43..8.45 rows=1 width=6)
	  ->  Index Scan using sbtest3_pkey on sbtest3  (cost=0.43..8.45 rows=1 width=6)
	        Index Cond: (id = 4931248)

table 4 : explain DELETE FROM sbtest4 WHERE id=7443334
	Delete on sbtest4  (cost=0.43..8.45 rows=1 width=6)
	  ->  Index Scan using sbtest4_pkey on sbtest4  (cost=0.43..8.45 rows=1 width=6)
	        Index Cond: (id = 7443334)

table 5 : explain DELETE FROM sbtest5 WHERE id=8783080
	Delete on sbtest5  (cost=0.43..8.45 rows=1 width=6)
	  ->  Index Scan using sbtest5_pkey on sbtest5  (cost=0.43..8.45 rows=1 width=6)
	        Index Cond: (id = 8783080)

table 6 : explain DELETE FROM sbtest6 WHERE id=651795
	Delete on sbtest6  (cost=0.43..8.45 rows=1 width=6)
	  ->  Index Scan using sbtest6_pkey on sbtest6  (cost=0.43..8.45 rows=1 width=6)
	        Index Cond: (id = 651795)

table 7 : explain DELETE FROM sbtest7 WHERE id=5695169
	Delete on sbtest7  (cost=0.43..8.45 rows=1 width=6)
	  ->  Index Scan using sbtest7_pkey on sbtest7  (cost=0.43..8.45 rows=1 width=6)
	        Index Cond: (id = 5695169)

table 8 : explain DELETE FROM sbtest8 WHERE id=2836770
	Delete on sbtest8  (cost=0.43..8.45 rows=1 width=6)
	  ->  Index Scan using sbtest8_pkey on sbtest8  (cost=0.43..8.45 rows=1 width=6)
	        Index Cond: (id = 2836770)

for inserts
table 1 : explain INSERT INTO sbtest1 (id, k, c, pad) VALUES (5324631, 13, 'foobar', 'foobar')
	Insert on sbtest1  (cost=0.00..0.01 rows=1 width=736)
	  ->  Result  (cost=0.00..0.01 rows=1 width=736)

table 2 : explain INSERT INTO sbtest2 (id, k, c, pad) VALUES (9140552, 13, 'foobar', 'foobar')
	Insert on sbtest2  (cost=0.00..0.01 rows=1 width=736)
	  ->  Result  (cost=0.00..0.01 rows=1 width=736)

table 3 : explain INSERT INTO sbtest3 (id, k, c, pad) VALUES (3665367, 13, 'foobar', 'foobar')
	Insert on sbtest3  (cost=0.00..0.01 rows=1 width=736)
	  ->  Result  (cost=0.00..0.01 rows=1 width=736)

table 4 : explain INSERT INTO sbtest4 (id, k, c, pad) VALUES (6030073, 13, 'foobar', 'foobar')
	Insert on sbtest4  (cost=0.00..0.01 rows=1 width=736)
	  ->  Result  (cost=0.00..0.01 rows=1 width=736)

table 5 : explain INSERT INTO sbtest5 (id, k, c, pad) VALUES (2344350, 13, 'foobar', 'foobar')
	Insert on sbtest5  (cost=0.00..0.01 rows=1 width=736)
	  ->  Result  (cost=0.00..0.01 rows=1 width=736)

table 6 : explain INSERT INTO sbtest6 (id, k, c, pad) VALUES (5725446, 13, 'foobar', 'foobar')
	Insert on sbtest6  (cost=0.00..0.01 rows=1 width=736)
	  ->  Result  (cost=0.00..0.01 rows=1 width=736)

table 7 : explain INSERT INTO sbtest7 (id, k, c, pad) VALUES (3038080, 13, 'foobar', 'foobar')
	Insert on sbtest7  (cost=0.00..0.01 rows=1 width=736)
	  ->  Result  (cost=0.00..0.01 rows=1 width=736)

table 8 : explain INSERT INTO sbtest8 (id, k, c, pad) VALUES (8189530, 13, 'foobar', 'foobar')
	Insert on sbtest8  (cost=0.00..0.01 rows=1 width=736)
	  ->  Result  (cost=0.00..0.01 rows=1 width=736)

explain: for index_updates :: explain UPDATE sbtest%u SET k=k+1 WHERE id=%u
explain: for non_index_updates :: explain UPDATE sbtest%u SET c='foobar' WHERE id=%u
explain: for inserts :: explain INSERT INTO sbtest%u (id, k, c, pad) VALUES (%u, 13, 'foobar', 'foobar')
for deletes
table 1 : explain DELETE FROM sbtest1 WHERE id=9334256
	Delete on sbtest1  (cost=0.43..8.45 rows=1 width=6)
	  ->  Index Scan using sbtest1_pkey on sbtest1  (cost=0.43..8.45 rows=1 width=6)
	        Index Cond: (id = 9334256)

table 2 : explain DELETE FROM sbtest2 WHERE id=206522
	Delete on sbtest2  (cost=0.43..8.45 rows=1 width=6)
	  ->  Index Scan using sbtest2_pkey on sbtest2  (cost=0.43..8.45 rows=1 width=6)
	        Index Cond: (id = 206522)

table 3 : explain DELETE FROM sbtest3 WHERE id=8969471
	Delete on sbtest3  (cost=0.43..8.45 rows=1 width=6)
	  ->  Index Scan using sbtest3_pkey on sbtest3  (cost=0.43..8.45 rows=1 width=6)
	        Index Cond: (id = 8969471)

table 4 : explain DELETE FROM sbtest4 WHERE id=9395228
	Delete on sbtest4  (cost=0.43..8.45 rows=1 width=6)
	  ->  Index Scan using sbtest4_pkey on sbtest4  (cost=0.43..8.45 rows=1 width=6)
	        Index Cond: (id = 9395228)

table 5 : explain DELETE FROM sbtest5 WHERE id=196317
	Delete on sbtest5  (cost=0.43..8.45 rows=1 width=6)
	  ->  Index Scan using sbtest5_pkey on sbtest5  (cost=0.43..8.45 rows=1 width=6)
	        Index Cond: (id = 196317)

table 6 : explain DELETE FROM sbtest6 WHERE id=9885106
	Delete on sbtest6  (cost=0.43..8.45 rows=1 width=6)
	  ->  Index Scan using sbtest6_pkey on sbtest6  (cost=0.43..8.45 rows=1 width=6)
	        Index Cond: (id = 9885106)

table 7 : explain DELETE FROM sbtest7 WHERE id=1246101
	Delete on sbtest7  (cost=0.43..8.45 rows=1 width=6)
	  ->  Index Scan using sbtest7_pkey on sbtest7  (cost=0.43..8.45 rows=1 width=6)
	        Index Cond: (id = 1246101)

table 8 : explain DELETE FROM sbtest8 WHERE id=4186118
	Delete on sbtest8  (cost=0.43..8.45 rows=1 width=6)
	  ->  Index Scan using sbtest8_pkey on sbtest8  (cost=0.43..8.45 rows=1 width=6)
	        Index Cond: (id = 4186118)

for deletes
table 1 : explain DELETE FROM sbtest1 WHERE id=3984579
	Delete on sbtest1  (cost=0.43..8.45 rows=1 width=6)
	  ->  Index Scan using sbtest1_pkey on sbtest1  (cost=0.43..8.45 rows=1 width=6)
	        Index Cond: (id = 3984579)

table 2 : explain DELETE FROM sbtest2 WHERE id=3908399
	Delete on sbtest2  (cost=0.43..8.45 rows=1 width=6)
	  ->  Index Scan using sbtest2_pkey on sbtest2  (cost=0.43..8.45 rows=1 width=6)
	        Index Cond: (id = 3908399)

table 3 : explain DELETE FROM sbtest3 WHERE id=5286412
	Delete on sbtest3  (cost=0.43..8.45 rows=1 width=6)
	  ->  Index Scan using sbtest3_pkey on sbtest3  (cost=0.43..8.45 rows=1 width=6)
	        Index Cond: (id = 5286412)

table 4 : explain DELETE FROM sbtest4 WHERE id=9972248
	Delete on sbtest4  (cost=0.43..8.45 rows=1 width=6)
	  ->  Index Scan using sbtest4_pkey on sbtest4  (cost=0.43..8.45 rows=1 width=6)
	        Index Cond: (id = 9972248)

table 5 : explain DELETE FROM sbtest5 WHERE id=8927953
	Delete on sbtest5  (cost=0.43..8.45 rows=1 width=6)
	  ->  Index Scan using sbtest5_pkey on sbtest5  (cost=0.43..8.45 rows=1 width=6)
	        Index Cond: (id = 8927953)

table 6 : explain DELETE FROM sbtest6 WHERE id=6856717
	Delete on sbtest6  (cost=0.43..8.45 rows=1 width=6)
	  ->  Index Scan using sbtest6_pkey on sbtest6  (cost=0.43..8.45 rows=1 width=6)
	        Index Cond: (id = 6856717)

table 7 : explain DELETE FROM sbtest7 WHERE id=8983253
	Delete on sbtest7  (cost=0.43..8.45 rows=1 width=6)
	  ->  Index Scan using sbtest7_pkey on sbtest7  (cost=0.43..8.45 rows=1 width=6)
	        Index Cond: (id = 8983253)

table 8 : explain DELETE FROM sbtest8 WHERE id=8712587
	Delete on sbtest8  (cost=0.43..8.45 rows=1 width=6)
	  ->  Index Scan using sbtest8_pkey on sbtest8  (cost=0.43..8.45 rows=1 width=6)
	        Index Cond: (id = 8712587)

explain: for index_updates :: explain UPDATE sbtest%u SET k=k+1 WHERE id=%u
explain: for inserts :: explain INSERT INTO sbtest%u (id, k, c, pad) VALUES (%u, 13, 'foobar', 'foobar')
for inserts
table 1 : explain INSERT INTO sbtest1 (id, k, c, pad) VALUES (2436647, 13, 'foobar', 'foobar')
	Insert on sbtest1  (cost=0.00..0.01 rows=1 width=736)
	  ->  Result  (cost=0.00..0.01 rows=1 width=736)

table 2 : explain INSERT INTO sbtest2 (id, k, c, pad) VALUES (1616149, 13, 'foobar', 'foobar')
	Insert on sbtest2  (cost=0.00..0.01 rows=1 width=736)
	  ->  Result  (cost=0.00..0.01 rows=1 width=736)

table 3 : explain INSERT INTO sbtest3 (id, k, c, pad) VALUES (9979269, 13, 'foobar', 'foobar')
	Insert on sbtest3  (cost=0.00..0.01 rows=1 width=736)
	  ->  Result  (cost=0.00..0.01 rows=1 width=736)

table 4 : explain INSERT INTO sbtest4 (id, k, c, pad) VALUES (5517751, 13, 'foobar', 'foobar')
	Insert on sbtest4  (cost=0.00..0.01 rows=1 width=736)
	  ->  Result  (cost=0.00..0.01 rows=1 width=736)

table 5 : explain INSERT INTO sbtest5 (id, k, c, pad) VALUES (7816027, 13, 'foobar', 'foobar')
	Insert on sbtest5  (cost=0.00..0.01 rows=1 width=736)
	  ->  Result  (cost=0.00..0.01 rows=1 width=736)

table 6 : explain INSERT INTO sbtest6 (id, k, c, pad) VALUES (1685642, 13, 'foobar', 'foobar')
	Insert on sbtest6  (cost=0.00..0.01 rows=1 width=736)
	  ->  Result  (cost=0.00..0.01 rows=1 width=736)

table 7 : explain INSERT INTO sbtest7 (id, k, c, pad) VALUES (1050646, 13, 'foobar', 'foobar')
	Insert on sbtest7  (cost=0.00..0.01 rows=1 width=736)
	  ->  Result  (cost=0.00..0.01 rows=1 width=736)

table 8 : explain INSERT INTO sbtest8 (id, k, c, pad) VALUES (8916796, 13, 'foobar', 'foobar')
	Insert on sbtest8  (cost=0.00..0.01 rows=1 width=736)
	  ->  Result  (cost=0.00..0.01 rows=1 width=736)

for: order_ranges
table 1 : explain SELECT c FROM sbtest1 WHERE id BETWEEN 8147303 AND 8147312 ORDER BY c
	Sort  (cost=42.57..42.60 rows=11 width=121)
	  Sort Key: c
	  ->  Index Scan using sbtest1_pkey on sbtest1  (cost=0.43..42.38 rows=11 width=121)
	        Index Cond: ((id >= 8147303) AND (id <= 8147312))

table 2 : explain SELECT c FROM sbtest2 WHERE id BETWEEN 2825053 AND 2825062 ORDER BY c
	Sort  (cost=39.25..39.28 rows=10 width=121)
	  Sort Key: c
	  ->  Index Scan using sbtest2_pkey on sbtest2  (cost=0.43..39.09 rows=10 width=121)
	        Index Cond: ((id >= 2825053) AND (id <= 2825062))

table 3 : explain SELECT c FROM sbtest3 WHERE id BETWEEN 1150267 AND 1150276 ORDER BY c
	Sort  (cost=39.46..39.48 rows=10 width=121)
	  Sort Key: c
	  ->  Index Scan using sbtest3_pkey on sbtest3  (cost=0.43..39.29 rows=10 width=121)
	        Index Cond: ((id >= 1150267) AND (id <= 1150276))

table 4 : explain SELECT c FROM sbtest4 WHERE id BETWEEN 3169987 AND 3169996 ORDER BY c
	Sort  (cost=36.01..36.03 rows=9 width=121)
	  Sort Key: c
	  ->  Index Scan using sbtest4_pkey on sbtest4  (cost=0.43..35.87 rows=9 width=121)
	        Index Cond: ((id >= 3169987) AND (id <= 3169996))

table 5 : explain SELECT c FROM sbtest5 WHERE id BETWEEN 2401001 AND 2401010 ORDER BY c
	Sort  (cost=35.93..35.95 rows=9 width=121)
	  Sort Key: c
	  ->  Index Scan using sbtest5_pkey on sbtest5  (cost=0.43..35.79 rows=9 width=121)
	        Index Cond: ((id >= 2401001) AND (id <= 2401010))

table 6 : explain SELECT c FROM sbtest6 WHERE id BETWEEN 6488620 AND 6488629 ORDER BY c
	Sort  (cost=35.75..35.78 rows=9 width=121)
	  Sort Key: c
	  ->  Index Scan using sbtest6_pkey on sbtest6  (cost=0.43..35.61 rows=9 width=121)
	        Index Cond: ((id >= 6488620) AND (id <= 6488629))

table 7 : explain SELECT c FROM sbtest7 WHERE id BETWEEN 7351517 AND 7351526 ORDER BY c
	Sort  (cost=42.83..42.86 rows=11 width=121)
	  Sort Key: c
	  ->  Index Scan using sbtest7_pkey on sbtest7  (cost=0.43..42.64 rows=11 width=121)
	        Index Cond: ((id >= 7351517) AND (id <= 7351526))

table 8 : explain SELECT c FROM sbtest8 WHERE id BETWEEN 8816174 AND 8816183 ORDER BY c
	Sort  (cost=39.36..39.38 rows=10 width=121)
	  Sort Key: c
	  ->  Index Scan using sbtest8_pkey on sbtest8  (cost=0.43..39.19 rows=10 width=121)
	        Index Cond: ((id >= 8816174) AND (id <= 8816183))

for inserts
table 1 : explain INSERT INTO sbtest1 (id, k, c, pad) VALUES (8327753, 13, 'foobar', 'foobar')
	Insert on sbtest1  (cost=0.00..0.01 rows=1 width=736)
	  ->  Result  (cost=0.00..0.01 rows=1 width=736)

table 2 : explain INSERT INTO sbtest2 (id, k, c, pad) VALUES (1956756, 13, 'foobar', 'foobar')
	Insert on sbtest2  (cost=0.00..0.01 rows=1 width=736)
	  ->  Result  (cost=0.00..0.01 rows=1 width=736)

table 3 : explain INSERT INTO sbtest3 (id, k, c, pad) VALUES (3086342, 13, 'foobar', 'foobar')
	Insert on sbtest3  (cost=0.00..0.01 rows=1 width=736)
	  ->  Result  (cost=0.00..0.01 rows=1 width=736)

table 4 : explain INSERT INTO sbtest4 (id, k, c, pad) VALUES (2653505, 13, 'foobar', 'foobar')
	Insert on sbtest4  (cost=0.00..0.01 rows=1 width=736)
	  ->  Result  (cost=0.00..0.01 rows=1 width=736)

table 5 : explain INSERT INTO sbtest5 (id, k, c, pad) VALUES (6654843, 13, 'foobar', 'foobar')
	Insert on sbtest5  (cost=0.00..0.01 rows=1 width=736)
	  ->  Result  (cost=0.00..0.01 rows=1 width=736)

table 6 : explain INSERT INTO sbtest6 (id, k, c, pad) VALUES (1193066, 13, 'foobar', 'foobar')
	Insert on sbtest6  (cost=0.00..0.01 rows=1 width=736)
	  ->  Result  (cost=0.00..0.01 rows=1 width=736)

table 7 : explain INSERT INTO sbtest7 (id, k, c, pad) VALUES (2565428, 13, 'foobar', 'foobar')
	Insert on sbtest7  (cost=0.00..0.01 rows=1 width=736)
	  ->  Result  (cost=0.00..0.01 rows=1 width=736)

table 8 : explain INSERT INTO sbtest8 (id, k, c, pad) VALUES (7808823, 13, 'foobar', 'foobar')
	Insert on sbtest8  (cost=0.00..0.01 rows=1 width=736)
	  ->  Result  (cost=0.00..0.01 rows=1 width=736)

for non_index_updates
table 1 : explain UPDATE sbtest1 SET c='foobar' WHERE id=8948654
	Update on sbtest1  (cost=0.43..8.45 rows=1 width=559)
	  ->  Index Scan using sbtest1_pkey on sbtest1  (cost=0.43..8.45 rows=1 width=559)
	        Index Cond: (id = 8948654)

table 2 : explain UPDATE sbtest2 SET c='foobar' WHERE id=3720592
	Update on sbtest2  (cost=0.43..8.45 rows=1 width=559)
	  ->  Index Scan using sbtest2_pkey on sbtest2  (cost=0.43..8.45 rows=1 width=559)
	        Index Cond: (id = 3720592)

table 3 : explain UPDATE sbtest3 SET c='foobar' WHERE id=5862277
	Update on sbtest3  (cost=0.43..8.45 rows=1 width=559)
	  ->  Index Scan using sbtest3_pkey on sbtest3  (cost=0.43..8.45 rows=1 width=559)
	        Index Cond: (id = 5862277)

table 4 : explain UPDATE sbtest4 SET c='foobar' WHERE id=3694510
	Update on sbtest4  (cost=0.43..8.45 rows=1 width=559)
	  ->  Index Scan using sbtest4_pkey on sbtest4  (cost=0.43..8.45 rows=1 width=559)
	        Index Cond: (id = 3694510)

table 5 : explain UPDATE sbtest5 SET c='foobar' WHERE id=3949334
	Update on sbtest5  (cost=0.43..8.45 rows=1 width=559)
	  ->  Index Scan using sbtest5_pkey on sbtest5  (cost=0.43..8.45 rows=1 width=559)
	        Index Cond: (id = 3949334)

table 6 : explain UPDATE sbtest6 SET c='foobar' WHERE id=2444363
	Update on sbtest6  (cost=0.43..8.45 rows=1 width=559)
	  ->  Index Scan using sbtest6_pkey on sbtest6  (cost=0.43..8.45 rows=1 width=559)
	        Index Cond: (id = 2444363)

table 7 : explain UPDATE sbtest7 SET c='foobar' WHERE id=7920225
	Update on sbtest7  (cost=0.43..8.45 rows=1 width=559)
	  ->  Index Scan using sbtest7_pkey on sbtest7  (cost=0.43..8.45 rows=1 width=559)
	        Index Cond: (id = 7920225)

table 8 : explain UPDATE sbtest8 SET c='foobar' WHERE id=3682428
	Update on sbtest8  (cost=0.43..8.45 rows=1 width=559)
	  ->  Index Scan using sbtest8_pkey on sbtest8  (cost=0.43..8.45 rows=1 width=559)
	        Index Cond: (id = 3682428)

explain: for inserts :: explain INSERT INTO sbtest%u (id, k, c, pad) VALUES (%u, 13, 'foobar', 'foobar')
for inserts
table 1 : explain INSERT INTO sbtest1 (id, k, c, pad) VALUES (4688510, 13, 'foobar', 'foobar')
	Insert on sbtest1  (cost=0.00..0.01 rows=1 width=736)
	  ->  Result  (cost=0.00..0.01 rows=1 width=736)

table 2 : explain INSERT INTO sbtest2 (id, k, c, pad) VALUES (7985833, 13, 'foobar', 'foobar')
	Insert on sbtest2  (cost=0.00..0.01 rows=1 width=736)
	  ->  Result  (cost=0.00..0.01 rows=1 width=736)

table 3 : explain INSERT INTO sbtest3 (id, k, c, pad) VALUES (1189497, 13, 'foobar', 'foobar')
	Insert on sbtest3  (cost=0.00..0.01 rows=1 width=736)
	  ->  Result  (cost=0.00..0.01 rows=1 width=736)

table 4 : explain INSERT INTO sbtest4 (id, k, c, pad) VALUES (2444714, 13, 'foobar', 'foobar')
	Insert on sbtest4  (cost=0.00..0.01 rows=1 width=736)
	  ->  Result  (cost=0.00..0.01 rows=1 width=736)

table 5 : explain INSERT INTO sbtest5 (id, k, c, pad) VALUES (9695432, 13, 'foobar', 'foobar')
	Insert on sbtest5  (cost=0.00..0.01 rows=1 width=736)
	  ->  Result  (cost=0.00..0.01 rows=1 width=736)

table 6 : explain INSERT INTO sbtest6 (id, k, c, pad) VALUES (1718540, 13, 'foobar', 'foobar')
	Insert on sbtest6  (cost=0.00..0.01 rows=1 width=736)
	  ->  Result  (cost=0.00..0.01 rows=1 width=736)

table 7 : explain INSERT INTO sbtest7 (id, k, c, pad) VALUES (928554, 13, 'foobar', 'foobar')
	Insert on sbtest7  (cost=0.00..0.01 rows=1 width=736)
	  ->  Result  (cost=0.00..0.01 rows=1 width=736)

table 8 : explain INSERT INTO sbtest8 (id, k, c, pad) VALUES (2853471, 13, 'foobar', 'foobar')
	Insert on sbtest8  (cost=0.00..0.01 rows=1 width=736)
	  ->  Result  (cost=0.00..0.01 rows=1 width=736)

for index_updates
table 1 : explain UPDATE sbtest1 SET k=k+1 WHERE id=8049102
	Update on sbtest1  (cost=0.43..8.46 rows=1 width=196)
	  ->  Index Scan using sbtest1_pkey on sbtest1  (cost=0.43..8.46 rows=1 width=196)
	        Index Cond: (id = 8049102)

table 2 : explain UPDATE sbtest2 SET k=k+1 WHERE id=470717
	Update on sbtest2  (cost=0.43..8.46 rows=1 width=196)
	  ->  Index Scan using sbtest2_pkey on sbtest2  (cost=0.43..8.46 rows=1 width=196)
	        Index Cond: (id = 470717)

table 3 : explain UPDATE sbtest3 SET k=k+1 WHERE id=4474097
	Update on sbtest3  (cost=0.43..8.46 rows=1 width=196)
	  ->  Index Scan using sbtest3_pkey on sbtest3  (cost=0.43..8.46 rows=1 width=196)
	        Index Cond: (id = 4474097)

table 4 : explain UPDATE sbtest4 SET k=k+1 WHERE id=7274938
	Update on sbtest4  (cost=0.43..8.46 rows=1 width=196)
	  ->  Index Scan using sbtest4_pkey on sbtest4  (cost=0.43..8.46 rows=1 width=196)
	        Index Cond: (id = 7274938)

table 5 : explain UPDATE sbtest5 SET k=k+1 WHERE id=1903686
	Update on sbtest5  (cost=0.43..8.46 rows=1 width=196)
	  ->  Index Scan using sbtest5_pkey on sbtest5  (cost=0.43..8.46 rows=1 width=196)
	        Index Cond: (id = 1903686)

table 6 : explain UPDATE sbtest6 SET k=k+1 WHERE id=1687925
	Update on sbtest6  (cost=0.43..8.46 rows=1 width=196)
	  ->  Index Scan using sbtest6_pkey on sbtest6  (cost=0.43..8.46 rows=1 width=196)
	        Index Cond: (id = 1687925)

table 7 : explain UPDATE sbtest7 SET k=k+1 WHERE id=3367490
	Update on sbtest7  (cost=0.43..8.46 rows=1 width=196)
	  ->  Index Scan using sbtest7_pkey on sbtest7  (cost=0.43..8.46 rows=1 width=196)
	        Index Cond: (id = 3367490)

table 8 : explain UPDATE sbtest8 SET k=k+1 WHERE id=9075792
	Update on sbtest8  (cost=0.43..8.46 rows=1 width=196)
	  ->  Index Scan using sbtest8_pkey on sbtest8  (cost=0.43..8.46 rows=1 width=196)
	        Index Cond: (id = 9075792)

explain: for inserts :: explain INSERT INTO sbtest%u (id, k, c, pad) VALUES (%u, 13, 'foobar', 'foobar')
explain: for deletes :: explain DELETE FROM sbtest%u WHERE id=%u
for index_updates
table 1 : explain UPDATE sbtest1 SET k=k+1 WHERE id=5003380
	Update on sbtest1  (cost=0.43..8.46 rows=1 width=196)
	  ->  Index Scan using sbtest1_pkey on sbtest1  (cost=0.43..8.46 rows=1 width=196)
	        Index Cond: (id = 5003380)

table 2 : explain UPDATE sbtest2 SET k=k+1 WHERE id=1260614
	Update on sbtest2  (cost=0.43..8.46 rows=1 width=196)
	  ->  Index Scan using sbtest2_pkey on sbtest2  (cost=0.43..8.46 rows=1 width=196)
	        Index Cond: (id = 1260614)

table 3 : explain UPDATE sbtest3 SET k=k+1 WHERE id=3951358
	Update on sbtest3  (cost=0.43..8.46 rows=1 width=196)
	  ->  Index Scan using sbtest3_pkey on sbtest3  (cost=0.43..8.46 rows=1 width=196)
	        Index Cond: (id = 3951358)

table 4 : explain UPDATE sbtest4 SET k=k+1 WHERE id=4645690
	Update on sbtest4  (cost=0.43..8.46 rows=1 width=196)
	  ->  Index Scan using sbtest4_pkey on sbtest4  (cost=0.43..8.46 rows=1 width=196)
	        Index Cond: (id = 4645690)

table 5 : explain UPDATE sbtest5 SET k=k+1 WHERE id=940848
	Update on sbtest5  (cost=0.43..8.46 rows=1 width=196)
	  ->  Index Scan using sbtest5_pkey on sbtest5  (cost=0.43..8.46 rows=1 width=196)
	        Index Cond: (id = 940848)

table 6 : explain UPDATE sbtest6 SET k=k+1 WHERE id=6759137
	Update on sbtest6  (cost=0.43..8.46 rows=1 width=196)
	  ->  Index Scan using sbtest6_pkey on sbtest6  (cost=0.43..8.46 rows=1 width=196)
	        Index Cond: (id = 6759137)

table 7 : explain UPDATE sbtest7 SET k=k+1 WHERE id=6986483
	Update on sbtest7  (cost=0.43..8.46 rows=1 width=196)
	  ->  Index Scan using sbtest7_pkey on sbtest7  (cost=0.43..8.46 rows=1 width=196)
	        Index Cond: (id = 6986483)

table 8 : explain UPDATE sbtest8 SET k=k+1 WHERE id=5355653
	Update on sbtest8  (cost=0.43..8.46 rows=1 width=196)
	  ->  Index Scan using sbtest8_pkey on sbtest8  (cost=0.43..8.46 rows=1 width=196)
	        Index Cond: (id = 5355653)

for inserts
table 1 : explain INSERT INTO sbtest1 (id, k, c, pad) VALUES (3192879, 13, 'foobar', 'foobar')
	Insert on sbtest1  (cost=0.00..0.01 rows=1 width=736)
	  ->  Result  (cost=0.00..0.01 rows=1 width=736)

table 2 : explain INSERT INTO sbtest2 (id, k, c, pad) VALUES (4226570, 13, 'foobar', 'foobar')
	Insert on sbtest2  (cost=0.00..0.01 rows=1 width=736)
	  ->  Result  (cost=0.00..0.01 rows=1 width=736)

table 3 : explain INSERT INTO sbtest3 (id, k, c, pad) VALUES (1597027, 13, 'foobar', 'foobar')
	Insert on sbtest3  (cost=0.00..0.01 rows=1 width=736)
	  ->  Result  (cost=0.00..0.01 rows=1 width=736)

table 4 : explain INSERT INTO sbtest4 (id, k, c, pad) VALUES (2019134, 13, 'foobar', 'foobar')
	Insert on sbtest4  (cost=0.00..0.01 rows=1 width=736)
	  ->  Result  (cost=0.00..0.01 rows=1 width=736)

table 5 : explain INSERT INTO sbtest5 (id, k, c, pad) VALUES (5384197, 13, 'foobar', 'foobar')
	Insert on sbtest5  (cost=0.00..0.01 rows=1 width=736)
	  ->  Result  (cost=0.00..0.01 rows=1 width=736)

table 6 : explain INSERT INTO sbtest6 (id, k, c, pad) VALUES (1180457, 13, 'foobar', 'foobar')
	Insert on sbtest6  (cost=0.00..0.01 rows=1 width=736)
	  ->  Result  (cost=0.00..0.01 rows=1 width=736)

table 7 : explain INSERT INTO sbtest7 (id, k, c, pad) VALUES (621217, 13, 'foobar', 'foobar')
	Insert on sbtest7  (cost=0.00..0.01 rows=1 width=736)
	  ->  Result  (cost=0.00..0.01 rows=1 width=736)

table 8 : explain INSERT INTO sbtest8 (id, k, c, pad) VALUES (7903146, 13, 'foobar', 'foobar')
	Insert on sbtest8  (cost=0.00..0.01 rows=1 width=736)
	  ->  Result  (cost=0.00..0.01 rows=1 width=736)

explain: for non_index_updates :: explain UPDATE sbtest%u SET c='foobar' WHERE id=%u
for inserts
table 1 : explain INSERT INTO sbtest1 (id, k, c, pad) VALUES (6643015, 13, 'foobar', 'foobar')
	Insert on sbtest1  (cost=0.00..0.01 rows=1 width=736)
	  ->  Result  (cost=0.00..0.01 rows=1 width=736)

table 2 : explain INSERT INTO sbtest2 (id, k, c, pad) VALUES (2465103, 13, 'foobar', 'foobar')
	Insert on sbtest2  (cost=0.00..0.01 rows=1 width=736)
	  ->  Result  (cost=0.00..0.01 rows=1 width=736)

table 3 : explain INSERT INTO sbtest3 (id, k, c, pad) VALUES (4506012, 13, 'foobar', 'foobar')
	Insert on sbtest3  (cost=0.00..0.01 rows=1 width=736)
	  ->  Result  (cost=0.00..0.01 rows=1 width=736)

table 4 : explain INSERT INTO sbtest4 (id, k, c, pad) VALUES (3253218, 13, 'foobar', 'foobar')
	Insert on sbtest4  (cost=0.00..0.01 rows=1 width=736)
	  ->  Result  (cost=0.00..0.01 rows=1 width=736)

table 5 : explain INSERT INTO sbtest5 (id, k, c, pad) VALUES (5972115, 13, 'foobar', 'foobar')
	Insert on sbtest5  (cost=0.00..0.01 rows=1 width=736)
	  ->  Result  (cost=0.00..0.01 rows=1 width=736)

table 6 : explain INSERT INTO sbtest6 (id, k, c, pad) VALUES (6708779, 13, 'foobar', 'foobar')
	Insert on sbtest6  (cost=0.00..0.01 rows=1 width=736)
	  ->  Result  (cost=0.00..0.01 rows=1 width=736)

table 7 : explain INSERT INTO sbtest7 (id, k, c, pad) VALUES (7053422, 13, 'foobar', 'foobar')
	Insert on sbtest7  (cost=0.00..0.01 rows=1 width=736)
	  ->  Result  (cost=0.00..0.01 rows=1 width=736)

table 8 : explain INSERT INTO sbtest8 (id, k, c, pad) VALUES (1750209, 13, 'foobar', 'foobar')
	Insert on sbtest8  (cost=0.00..0.01 rows=1 width=736)
	  ->  Result  (cost=0.00..0.01 rows=1 width=736)

for deletes
table 1 : explain DELETE FROM sbtest1 WHERE id=6408270
	Delete on sbtest1  (cost=0.43..8.45 rows=1 width=6)
	  ->  Index Scan using sbtest1_pkey on sbtest1  (cost=0.43..8.45 rows=1 width=6)
	        Index Cond: (id = 6408270)

table 2 : explain DELETE FROM sbtest2 WHERE id=2465805
	Delete on sbtest2  (cost=0.43..8.45 rows=1 width=6)
	  ->  Index Scan using sbtest2_pkey on sbtest2  (cost=0.43..8.45 rows=1 width=6)
	        Index Cond: (id = 2465805)

table 3 : explain DELETE FROM sbtest3 WHERE id=5072428
	Delete on sbtest3  (cost=0.43..8.45 rows=1 width=6)
	  ->  Index Scan using sbtest3_pkey on sbtest3  (cost=0.43..8.45 rows=1 width=6)
	        Index Cond: (id = 5072428)

table 4 : explain DELETE FROM sbtest4 WHERE id=4028231
	Delete on sbtest4  (cost=0.43..8.45 rows=1 width=6)
	  ->  Index Scan using sbtest4_pkey on sbtest4  (cost=0.43..8.45 rows=1 width=6)
	        Index Cond: (id = 4028231)

table 5 : explain DELETE FROM sbtest5 WHERE id=700707
	Delete on sbtest5  (cost=0.43..8.45 rows=1 width=6)
	  ->  Index Scan using sbtest5_pkey on sbtest5  (cost=0.43..8.45 rows=1 width=6)
	        Index Cond: (id = 700707)

table 6 : explain DELETE FROM sbtest6 WHERE id=5368733
	Delete on sbtest6  (cost=0.43..8.45 rows=1 width=6)
	  ->  Index Scan using sbtest6_pkey on sbtest6  (cost=0.43..8.45 rows=1 width=6)
	        Index Cond: (id = 5368733)

table 7 : explain DELETE FROM sbtest7 WHERE id=7569998
	Delete on sbtest7  (cost=0.43..8.45 rows=1 width=6)
	  ->  Index Scan using sbtest7_pkey on sbtest7  (cost=0.43..8.45 rows=1 width=6)
	        Index Cond: (id = 7569998)

table 8 : explain DELETE FROM sbtest8 WHERE id=4066736
	Delete on sbtest8  (cost=0.43..8.45 rows=1 width=6)
	  ->  Index Scan using sbtest8_pkey on sbtest8  (cost=0.43..8.45 rows=1 width=6)
	        Index Cond: (id = 4066736)

explain: for non_index_updates :: explain UPDATE sbtest%u SET c='foobar' WHERE id=%u
for index_updates
table 1 : explain UPDATE sbtest1 SET k=k+1 WHERE id=2684318
	Update on sbtest1  (cost=0.43..8.46 rows=1 width=196)
	  ->  Index Scan using sbtest1_pkey on sbtest1  (cost=0.43..8.46 rows=1 width=196)
	        Index Cond: (id = 2684318)

table 2 : explain UPDATE sbtest2 SET k=k+1 WHERE id=8999088
	Update on sbtest2  (cost=0.43..8.46 rows=1 width=196)
	  ->  Index Scan using sbtest2_pkey on sbtest2  (cost=0.43..8.46 rows=1 width=196)
	        Index Cond: (id = 8999088)

table 3 : explain UPDATE sbtest3 SET k=k+1 WHERE id=5411733
	Update on sbtest3  (cost=0.43..8.46 rows=1 width=196)
	  ->  Index Scan using sbtest3_pkey on sbtest3  (cost=0.43..8.46 rows=1 width=196)
	        Index Cond: (id = 5411733)

table 4 : explain UPDATE sbtest4 SET k=k+1 WHERE id=7976627
	Update on sbtest4  (cost=0.43..8.46 rows=1 width=196)
	  ->  Index Scan using sbtest4_pkey on sbtest4  (cost=0.43..8.46 rows=1 width=196)
	        Index Cond: (id = 7976627)

table 5 : explain UPDATE sbtest5 SET k=k+1 WHERE id=966592
	Update on sbtest5  (cost=0.43..8.46 rows=1 width=196)
	  ->  Index Scan using sbtest5_pkey on sbtest5  (cost=0.43..8.46 rows=1 width=196)
	        Index Cond: (id = 966592)

table 6 : explain UPDATE sbtest6 SET k=k+1 WHERE id=6259945
	Update on sbtest6  (cost=0.43..8.46 rows=1 width=196)
	  ->  Index Scan using sbtest6_pkey on sbtest6  (cost=0.43..8.46 rows=1 width=196)
	        Index Cond: (id = 6259945)

table 7 : explain UPDATE sbtest7 SET k=k+1 WHERE id=7932960
	Update on sbtest7  (cost=0.43..8.46 rows=1 width=196)
	  ->  Index Scan using sbtest7_pkey on sbtest7  (cost=0.43..8.46 rows=1 width=196)
	        Index Cond: (id = 7932960)

table 8 : explain UPDATE sbtest8 SET k=k+1 WHERE id=5436865
	Update on sbtest8  (cost=0.43..8.46 rows=1 width=196)
	  ->  Index Scan using sbtest8_pkey on sbtest8  (cost=0.43..8.46 rows=1 width=196)
	        Index Cond: (id = 5436865)

for non_index_updates
table 1 : explain UPDATE sbtest1 SET c='foobar' WHERE id=3940176
	Update on sbtest1  (cost=0.43..8.45 rows=1 width=559)
	  ->  Index Scan using sbtest1_pkey on sbtest1  (cost=0.43..8.45 rows=1 width=559)
	        Index Cond: (id = 3940176)

table 2 : explain UPDATE sbtest2 SET c='foobar' WHERE id=5835558
	Update on sbtest2  (cost=0.43..8.45 rows=1 width=559)
	  ->  Index Scan using sbtest2_pkey on sbtest2  (cost=0.43..8.45 rows=1 width=559)
	        Index Cond: (id = 5835558)

table 3 : explain UPDATE sbtest3 SET c='foobar' WHERE id=6759051
	Update on sbtest3  (cost=0.43..8.45 rows=1 width=559)
	  ->  Index Scan using sbtest3_pkey on sbtest3  (cost=0.43..8.45 rows=1 width=559)
	        Index Cond: (id = 6759051)

table 4 : explain UPDATE sbtest4 SET c='foobar' WHERE id=2442818
	Update on sbtest4  (cost=0.43..8.45 rows=1 width=559)
	  ->  Index Scan using sbtest4_pkey on sbtest4  (cost=0.43..8.45 rows=1 width=559)
	        Index Cond: (id = 2442818)

table 5 : explain UPDATE sbtest5 SET c='foobar' WHERE id=9052526
	Update on sbtest5  (cost=0.43..8.45 rows=1 width=559)
	  ->  Index Scan using sbtest5_pkey on sbtest5  (cost=0.43..8.45 rows=1 width=559)
	        Index Cond: (id = 9052526)

table 6 : explain UPDATE sbtest6 SET c='foobar' WHERE id=8294798
	Update on sbtest6  (cost=0.43..8.45 rows=1 width=559)
	  ->  Index Scan using sbtest6_pkey on sbtest6  (cost=0.43..8.45 rows=1 width=559)
	        Index Cond: (id = 8294798)

table 7 : explain UPDATE sbtest7 SET c='foobar' WHERE id=8544231
	Update on sbtest7  (cost=0.43..8.45 rows=1 width=559)
	  ->  Index Scan using sbtest7_pkey on sbtest7  (cost=0.43..8.45 rows=1 width=559)
	        Index Cond: (id = 8544231)

table 8 : explain UPDATE sbtest8 SET c='foobar' WHERE id=7339232
	Update on sbtest8  (cost=0.43..8.45 rows=1 width=559)
	  ->  Index Scan using sbtest8_pkey on sbtest8  (cost=0.43..8.45 rows=1 width=559)
	        Index Cond: (id = 7339232)

for: distinct_ranges
table 1 : explain SELECT DISTINCT c FROM sbtest1 WHERE id BETWEEN 42752 AND 42761 ORDER BY c
	Unique  (cost=39.15..39.20 rows=10 width=121)
	  ->  Sort  (cost=39.15..39.18 rows=10 width=121)
	        Sort Key: c
	        ->  Index Scan using sbtest1_pkey on sbtest1  (cost=0.43..38.99 rows=10 width=121)
	              Index Cond: ((id >= 42752) AND (id <= 42761))

table 2 : explain SELECT DISTINCT c FROM sbtest2 WHERE id BETWEEN 7807648 AND 7807657 ORDER BY c
	Unique  (cost=39.25..39.30 rows=10 width=121)
	  ->  Sort  (cost=39.25..39.28 rows=10 width=121)
	        Sort Key: c
	        ->  Index Scan using sbtest2_pkey on sbtest2  (cost=0.43..39.09 rows=10 width=121)
	              Index Cond: ((id >= 7807648) AND (id <= 7807657))

table 3 : explain SELECT DISTINCT c FROM sbtest3 WHERE id BETWEEN 5128791 AND 5128800 ORDER BY c
	Unique  (cost=39.46..39.51 rows=10 width=121)
	  ->  Sort  (cost=39.46..39.48 rows=10 width=121)
	        Sort Key: c
	        ->  Index Scan using sbtest3_pkey on sbtest3  (cost=0.43..39.29 rows=10 width=121)
	              Index Cond: ((id >= 5128791) AND (id <= 5128800))

table 4 : explain SELECT DISTINCT c FROM sbtest4 WHERE id BETWEEN 5500357 AND 5500366 ORDER BY c
	Unique  (cost=39.46..39.51 rows=10 width=121)
	  ->  Sort  (cost=39.46..39.49 rows=10 width=121)
	        Sort Key: c
	        ->  Index Scan using sbtest4_pkey on sbtest4  (cost=0.43..39.29 rows=10 width=121)
	              Index Cond: ((id >= 5500357) AND (id <= 5500366))

table 5 : explain SELECT DISTINCT c FROM sbtest5 WHERE id BETWEEN 5205226 AND 5205235 ORDER BY c
	Unique  (cost=35.93..35.98 rows=9 width=121)
	  ->  Sort  (cost=35.93..35.95 rows=9 width=121)
	        Sort Key: c
	        ->  Index Scan using sbtest5_pkey on sbtest5  (cost=0.43..35.79 rows=9 width=121)
	              Index Cond: ((id >= 5205226) AND (id <= 5205235))

table 6 : explain SELECT DISTINCT c FROM sbtest6 WHERE id BETWEEN 845743 AND 845752 ORDER BY c
	Unique  (cost=39.17..39.22 rows=10 width=121)
	  ->  Sort  (cost=39.17..39.20 rows=10 width=121)
	        Sort Key: c
	        ->  Index Scan using sbtest6_pkey on sbtest6  (cost=0.43..39.00 rows=10 width=121)
	              Index Cond: ((id >= 845743) AND (id <= 845752))

table 7 : explain SELECT DISTINCT c FROM sbtest7 WHERE id BETWEEN 4877140 AND 4877149 ORDER BY c
	Unique  (cost=39.39..39.44 rows=10 width=121)
	  ->  Sort  (cost=39.39..39.42 rows=10 width=121)
	        Sort Key: c
	        ->  Index Scan using sbtest7_pkey on sbtest7  (cost=0.43..39.22 rows=10 width=121)
	              Index Cond: ((id >= 4877140) AND (id <= 4877149))

table 8 : explain SELECT DISTINCT c FROM sbtest8 WHERE id BETWEEN 3886169 AND 3886178 ORDER BY c
	Unique  (cost=39.36..39.41 rows=10 width=121)
	  ->  Sort  (cost=39.36..39.38 rows=10 width=121)
	        Sort Key: c
	        ->  Index Scan using sbtest8_pkey on sbtest8  (cost=0.43..39.19 rows=10 width=121)
	              Index Cond: ((id >= 3886169) AND (id <= 3886178))

for deletes
table 1 : explain DELETE FROM sbtest1 WHERE id=4861519
	Delete on sbtest1  (cost=0.43..8.45 rows=1 width=6)
	  ->  Index Scan using sbtest1_pkey on sbtest1  (cost=0.43..8.45 rows=1 width=6)
	        Index Cond: (id = 4861519)

table 2 : explain DELETE FROM sbtest2 WHERE id=8607553
	Delete on sbtest2  (cost=0.43..8.45 rows=1 width=6)
	  ->  Index Scan using sbtest2_pkey on sbtest2  (cost=0.43..8.45 rows=1 width=6)
	        Index Cond: (id = 8607553)

table 3 : explain DELETE FROM sbtest3 WHERE id=8399209
	Delete on sbtest3  (cost=0.43..8.45 rows=1 width=6)
	  ->  Index Scan using sbtest3_pkey on sbtest3  (cost=0.43..8.45 rows=1 width=6)
	        Index Cond: (id = 8399209)

table 4 : explain DELETE FROM sbtest4 WHERE id=6797096
	Delete on sbtest4  (cost=0.43..8.45 rows=1 width=6)
	  ->  Index Scan using sbtest4_pkey on sbtest4  (cost=0.43..8.45 rows=1 width=6)
	        Index Cond: (id = 6797096)

table 5 : explain DELETE FROM sbtest5 WHERE id=8080682
	Delete on sbtest5  (cost=0.43..8.45 rows=1 width=6)
	  ->  Index Scan using sbtest5_pkey on sbtest5  (cost=0.43..8.45 rows=1 width=6)
	        Index Cond: (id = 8080682)

table 6 : explain DELETE FROM sbtest6 WHERE id=3656381
	Delete on sbtest6  (cost=0.43..8.45 rows=1 width=6)
	  ->  Index Scan using sbtest6_pkey on sbtest6  (cost=0.43..8.45 rows=1 width=6)
	        Index Cond: (id = 3656381)

table 7 : explain DELETE FROM sbtest7 WHERE id=9121034
	Delete on sbtest7  (cost=0.43..8.45 rows=1 width=6)
	  ->  Index Scan using sbtest7_pkey on sbtest7  (cost=0.43..8.45 rows=1 width=6)
	        Index Cond: (id = 9121034)

table 8 : explain DELETE FROM sbtest8 WHERE id=9024010
	Delete on sbtest8  (cost=0.43..8.45 rows=1 width=6)
	  ->  Index Scan using sbtest8_pkey on sbtest8  (cost=0.43..8.45 rows=1 width=6)
	        Index Cond: (id = 9024010)

explain: for inserts :: explain INSERT INTO sbtest%u (id, k, c, pad) VALUES (%u, 13, 'foobar', 'foobar')
explain: for deletes :: explain DELETE FROM sbtest%u WHERE id=%u
for non_index_updates
table 1 : explain UPDATE sbtest1 SET c='foobar' WHERE id=9571071
	Update on sbtest1  (cost=0.43..8.45 rows=1 width=559)
	  ->  Index Scan using sbtest1_pkey on sbtest1  (cost=0.43..8.45 rows=1 width=559)
	        Index Cond: (id = 9571071)

table 2 : explain UPDATE sbtest2 SET c='foobar' WHERE id=5165956
	Update on sbtest2  (cost=0.43..8.45 rows=1 width=559)
	  ->  Index Scan using sbtest2_pkey on sbtest2  (cost=0.43..8.45 rows=1 width=559)
	        Index Cond: (id = 5165956)

table 3 : explain UPDATE sbtest3 SET c='foobar' WHERE id=582731
	Update on sbtest3  (cost=0.43..8.45 rows=1 width=559)
	  ->  Index Scan using sbtest3_pkey on sbtest3  (cost=0.43..8.45 rows=1 width=559)
	        Index Cond: (id = 582731)

table 4 : explain UPDATE sbtest4 SET c='foobar' WHERE id=5262790
	Update on sbtest4  (cost=0.43..8.45 rows=1 width=559)
	  ->  Index Scan using sbtest4_pkey on sbtest4  (cost=0.43..8.45 rows=1 width=559)
	        Index Cond: (id = 5262790)

table 5 : explain UPDATE sbtest5 SET c='foobar' WHERE id=6883049
	Update on sbtest5  (cost=0.43..8.45 rows=1 width=559)
	  ->  Index Scan using sbtest5_pkey on sbtest5  (cost=0.43..8.45 rows=1 width=559)
	        Index Cond: (id = 6883049)

table 6 : explain UPDATE sbtest6 SET c='foobar' WHERE id=6495733
	Update on sbtest6  (cost=0.43..8.45 rows=1 width=559)
	  ->  Index Scan using sbtest6_pkey on sbtest6  (cost=0.43..8.45 rows=1 width=559)
	        Index Cond: (id = 6495733)

table 7 : explain UPDATE sbtest7 SET c='foobar' WHERE id=6653634
	Update on sbtest7  (cost=0.43..8.45 rows=1 width=559)
	  ->  Index Scan using sbtest7_pkey on sbtest7  (cost=0.43..8.45 rows=1 width=559)
	        Index Cond: (id = 6653634)

table 8 : explain UPDATE sbtest8 SET c='foobar' WHERE id=4450873
	Update on sbtest8  (cost=0.43..8.45 rows=1 width=559)
	  ->  Index Scan using sbtest8_pkey on sbtest8  (cost=0.43..8.45 rows=1 width=559)
	        Index Cond: (id = 4450873)

explain: for index_updates :: explain UPDATE sbtest%u SET k=k+1 WHERE id=%u
explain: for non_index_updates :: explain UPDATE sbtest%u SET c='foobar' WHERE id=%u
for inserts
table 1 : explain INSERT INTO sbtest1 (id, k, c, pad) VALUES (8901265, 13, 'foobar', 'foobar')
	Insert on sbtest1  (cost=0.00..0.01 rows=1 width=736)
	  ->  Result  (cost=0.00..0.01 rows=1 width=736)

table 2 : explain INSERT INTO sbtest2 (id, k, c, pad) VALUES (9058129, 13, 'foobar', 'foobar')
	Insert on sbtest2  (cost=0.00..0.01 rows=1 width=736)
	  ->  Result  (cost=0.00..0.01 rows=1 width=736)

table 3 : explain INSERT INTO sbtest3 (id, k, c, pad) VALUES (4681254, 13, 'foobar', 'foobar')
	Insert on sbtest3  (cost=0.00..0.01 rows=1 width=736)
	  ->  Result  (cost=0.00..0.01 rows=1 width=736)

table 4 : explain INSERT INTO sbtest4 (id, k, c, pad) VALUES (3114494, 13, 'foobar', 'foobar')
	Insert on sbtest4  (cost=0.00..0.01 rows=1 width=736)
	  ->  Result  (cost=0.00..0.01 rows=1 width=736)

table 5 : explain INSERT INTO sbtest5 (id, k, c, pad) VALUES (1130080, 13, 'foobar', 'foobar')
	Insert on sbtest5  (cost=0.00..0.01 rows=1 width=736)
	  ->  Result  (cost=0.00..0.01 rows=1 width=736)

table 6 : explain INSERT INTO sbtest6 (id, k, c, pad) VALUES (950970, 13, 'foobar', 'foobar')
	Insert on sbtest6  (cost=0.00..0.01 rows=1 width=736)
	  ->  Result  (cost=0.00..0.01 rows=1 width=736)

table 7 : explain INSERT INTO sbtest7 (id, k, c, pad) VALUES (5154515, 13, 'foobar', 'foobar')
	Insert on sbtest7  (cost=0.00..0.01 rows=1 width=736)
	  ->  Result  (cost=0.00..0.01 rows=1 width=736)

table 8 : explain INSERT INTO sbtest8 (id, k, c, pad) VALUES (4992367, 13, 'foobar', 'foobar')
	Insert on sbtest8  (cost=0.00..0.01 rows=1 width=736)
	  ->  Result  (cost=0.00..0.01 rows=1 width=736)

explain: for deletes :: explain DELETE FROM sbtest%u WHERE id=%u
explain: for inserts :: explain INSERT INTO sbtest%u (id, k, c, pad) VALUES (%u, 13, 'foobar', 'foobar')
for deletes
table 1 : explain DELETE FROM sbtest1 WHERE id=9774077
	Delete on sbtest1  (cost=0.43..8.45 rows=1 width=6)
	  ->  Index Scan using sbtest1_pkey on sbtest1  (cost=0.43..8.45 rows=1 width=6)
	        Index Cond: (id = 9774077)

table 2 : explain DELETE FROM sbtest2 WHERE id=5428672
	Delete on sbtest2  (cost=0.43..8.45 rows=1 width=6)
	  ->  Index Scan using sbtest2_pkey on sbtest2  (cost=0.43..8.45 rows=1 width=6)
	        Index Cond: (id = 5428672)

table 3 : explain DELETE FROM sbtest3 WHERE id=7251053
	Delete on sbtest3  (cost=0.43..8.45 rows=1 width=6)
	  ->  Index Scan using sbtest3_pkey on sbtest3  (cost=0.43..8.45 rows=1 width=6)
	        Index Cond: (id = 7251053)

table 4 : explain DELETE FROM sbtest4 WHERE id=6831039
	Delete on sbtest4  (cost=0.43..8.45 rows=1 width=6)
	  ->  Index Scan using sbtest4_pkey on sbtest4  (cost=0.43..8.45 rows=1 width=6)
	        Index Cond: (id = 6831039)

table 5 : explain DELETE FROM sbtest5 WHERE id=7081295
	Delete on sbtest5  (cost=0.43..8.45 rows=1 width=6)
	  ->  Index Scan using sbtest5_pkey on sbtest5  (cost=0.43..8.45 rows=1 width=6)
	        Index Cond: (id = 7081295)

table 6 : explain DELETE FROM sbtest6 WHERE id=6717634
	Delete on sbtest6  (cost=0.43..8.45 rows=1 width=6)
	  ->  Index Scan using sbtest6_pkey on sbtest6  (cost=0.43..8.45 rows=1 width=6)
	        Index Cond: (id = 6717634)

table 7 : explain DELETE FROM sbtest7 WHERE id=5644101
	Delete on sbtest7  (cost=0.43..8.45 rows=1 width=6)
	  ->  Index Scan using sbtest7_pkey on sbtest7  (cost=0.43..8.45 rows=1 width=6)
	        Index Cond: (id = 5644101)

table 8 : explain DELETE FROM sbtest8 WHERE id=180908
	Delete on sbtest8  (cost=0.43..8.45 rows=1 width=6)
	  ->  Index Scan using sbtest8_pkey on sbtest8  (cost=0.43..8.45 rows=1 width=6)
	        Index Cond: (id = 180908)

for deletes
table 1 : explain DELETE FROM sbtest1 WHERE id=5622987
	Delete on sbtest1  (cost=0.43..8.45 rows=1 width=6)
	  ->  Index Scan using sbtest1_pkey on sbtest1  (cost=0.43..8.45 rows=1 width=6)
	        Index Cond: (id = 5622987)

table 2 : explain DELETE FROM sbtest2 WHERE id=9420237
	Delete on sbtest2  (cost=0.43..8.45 rows=1 width=6)
	  ->  Index Scan using sbtest2_pkey on sbtest2  (cost=0.43..8.45 rows=1 width=6)
	        Index Cond: (id = 9420237)

table 3 : explain DELETE FROM sbtest3 WHERE id=5290396
	Delete on sbtest3  (cost=0.43..8.45 rows=1 width=6)
	  ->  Index Scan using sbtest3_pkey on sbtest3  (cost=0.43..8.45 rows=1 width=6)
	        Index Cond: (id = 5290396)

table 4 : explain DELETE FROM sbtest4 WHERE id=7616708
	Delete on sbtest4  (cost=0.43..8.45 rows=1 width=6)
	  ->  Index Scan using sbtest4_pkey on sbtest4  (cost=0.43..8.45 rows=1 width=6)
	        Index Cond: (id = 7616708)

table 5 : explain DELETE FROM sbtest5 WHERE id=2542850
	Delete on sbtest5  (cost=0.43..8.45 rows=1 width=6)
	  ->  Index Scan using sbtest5_pkey on sbtest5  (cost=0.43..8.45 rows=1 width=6)
	        Index Cond: (id = 2542850)

table 6 : explain DELETE FROM sbtest6 WHERE id=4051605
	Delete on sbtest6  (cost=0.43..8.45 rows=1 width=6)
	  ->  Index Scan using sbtest6_pkey on sbtest6  (cost=0.43..8.45 rows=1 width=6)
	        Index Cond: (id = 4051605)

table 7 : explain DELETE FROM sbtest7 WHERE id=167015
	Delete on sbtest7  (cost=0.43..8.45 rows=1 width=6)
	  ->  Index Scan using sbtest7_pkey on sbtest7  (cost=0.43..8.45 rows=1 width=6)
	        Index Cond: (id = 167015)

table 8 : explain DELETE FROM sbtest8 WHERE id=5844896
	Delete on sbtest8  (cost=0.43..8.45 rows=1 width=6)
	  ->  Index Scan using sbtest8_pkey on sbtest8  (cost=0.43..8.45 rows=1 width=6)
	        Index Cond: (id = 5844896)

for index_updates
table 1 : explain UPDATE sbtest1 SET k=k+1 WHERE id=6934197
	Update on sbtest1  (cost=0.43..8.46 rows=1 width=196)
	  ->  Index Scan using sbtest1_pkey on sbtest1  (cost=0.43..8.46 rows=1 width=196)
	        Index Cond: (id = 6934197)

table 2 : explain UPDATE sbtest2 SET k=k+1 WHERE id=4431101
	Update on sbtest2  (cost=0.43..8.46 rows=1 width=196)
	  ->  Index Scan using sbtest2_pkey on sbtest2  (cost=0.43..8.46 rows=1 width=196)
	        Index Cond: (id = 4431101)

table 3 : explain UPDATE sbtest3 SET k=k+1 WHERE id=213023
	Update on sbtest3  (cost=0.43..8.46 rows=1 width=196)
	  ->  Index Scan using sbtest3_pkey on sbtest3  (cost=0.43..8.46 rows=1 width=196)
	        Index Cond: (id = 213023)

table 4 : explain UPDATE sbtest4 SET k=k+1 WHERE id=919925
	Update on sbtest4  (cost=0.43..8.46 rows=1 width=196)
	  ->  Index Scan using sbtest4_pkey on sbtest4  (cost=0.43..8.46 rows=1 width=196)
	        Index Cond: (id = 919925)

table 5 : explain UPDATE sbtest5 SET k=k+1 WHERE id=9478756
	Update on sbtest5  (cost=0.43..8.46 rows=1 width=196)
	  ->  Index Scan using sbtest5_pkey on sbtest5  (cost=0.43..8.46 rows=1 width=196)
	        Index Cond: (id = 9478756)

table 6 : explain UPDATE sbtest6 SET k=k+1 WHERE id=1882184
	Update on sbtest6  (cost=0.43..8.46 rows=1 width=196)
	  ->  Index Scan using sbtest6_pkey on sbtest6  (cost=0.43..8.46 rows=1 width=196)
	        Index Cond: (id = 1882184)

table 7 : explain UPDATE sbtest7 SET k=k+1 WHERE id=3691732
	Update on sbtest7  (cost=0.43..8.46 rows=1 width=196)
	  ->  Index Scan using sbtest7_pkey on sbtest7  (cost=0.43..8.46 rows=1 width=196)
	        Index Cond: (id = 3691732)

table 8 : explain UPDATE sbtest8 SET k=k+1 WHERE id=4469164
	Update on sbtest8  (cost=0.43..8.46 rows=1 width=196)
	  ->  Index Scan using sbtest8_pkey on sbtest8  (cost=0.43..8.46 rows=1 width=196)
	        Index Cond: (id = 4469164)

for inserts
table 1 : explain INSERT INTO sbtest1 (id, k, c, pad) VALUES (3582736, 13, 'foobar', 'foobar')
	Insert on sbtest1  (cost=0.00..0.01 rows=1 width=736)
	  ->  Result  (cost=0.00..0.01 rows=1 width=736)

table 2 : explain INSERT INTO sbtest2 (id, k, c, pad) VALUES (461678, 13, 'foobar', 'foobar')
	Insert on sbtest2  (cost=0.00..0.01 rows=1 width=736)
	  ->  Result  (cost=0.00..0.01 rows=1 width=736)

table 3 : explain INSERT INTO sbtest3 (id, k, c, pad) VALUES (6287166, 13, 'foobar', 'foobar')
	Insert on sbtest3  (cost=0.00..0.01 rows=1 width=736)
	  ->  Result  (cost=0.00..0.01 rows=1 width=736)

table 4 : explain INSERT INTO sbtest4 (id, k, c, pad) VALUES (7940844, 13, 'foobar', 'foobar')
	Insert on sbtest4  (cost=0.00..0.01 rows=1 width=736)
	  ->  Result  (cost=0.00..0.01 rows=1 width=736)

table 5 : explain INSERT INTO sbtest5 (id, k, c, pad) VALUES (120691, 13, 'foobar', 'foobar')
	Insert on sbtest5  (cost=0.00..0.01 rows=1 width=736)
	  ->  Result  (cost=0.00..0.01 rows=1 width=736)

table 6 : explain INSERT INTO sbtest6 (id, k, c, pad) VALUES (341806, 13, 'foobar', 'foobar')
	Insert on sbtest6  (cost=0.00..0.01 rows=1 width=736)
	  ->  Result  (cost=0.00..0.01 rows=1 width=736)

table 7 : explain INSERT INTO sbtest7 (id, k, c, pad) VALUES (8811389, 13, 'foobar', 'foobar')
	Insert on sbtest7  (cost=0.00..0.01 rows=1 width=736)
	  ->  Result  (cost=0.00..0.01 rows=1 width=736)

table 8 : explain INSERT INTO sbtest8 (id, k, c, pad) VALUES (9860348, 13, 'foobar', 'foobar')
	Insert on sbtest8  (cost=0.00..0.01 rows=1 width=736)
	  ->  Result  (cost=0.00..0.01 rows=1 width=736)

for: simple_ranges
table 1 : explain SELECT c FROM sbtest1 WHERE id BETWEEN 2269898 AND 2269907
	Index Scan using sbtest1_pkey on sbtest1  (cost=0.43..38.99 rows=10 width=121)
	  Index Cond: ((id >= 2269898) AND (id <= 2269907))

table 2 : explain SELECT c FROM sbtest2 WHERE id BETWEEN 9196244 AND 9196253
	Index Scan using sbtest2_pkey on sbtest2  (cost=0.43..35.68 rows=9 width=121)
	  Index Cond: ((id >= 9196244) AND (id <= 9196253))

table 3 : explain SELECT c FROM sbtest3 WHERE id BETWEEN 2904343 AND 2904352
	Index Scan using sbtest3_pkey on sbtest3  (cost=0.43..42.72 rows=11 width=121)
	  Index Cond: ((id >= 2904343) AND (id <= 2904352))

table 4 : explain SELECT c FROM sbtest4 WHERE id BETWEEN 7971417 AND 7971426
	Index Scan using sbtest4_pkey on sbtest4  (cost=0.43..39.29 rows=10 width=121)
	  Index Cond: ((id >= 7971417) AND (id <= 7971426))

table 5 : explain SELECT c FROM sbtest5 WHERE id BETWEEN 1445208 AND 1445217
	Index Scan using sbtest5_pkey on sbtest5  (cost=0.43..39.21 rows=10 width=121)
	  Index Cond: ((id >= 1445208) AND (id <= 1445217))

table 6 : explain SELECT c FROM sbtest6 WHERE id BETWEEN 9890497 AND 9890506
	Index Scan using sbtest6_pkey on sbtest6  (cost=0.43..35.61 rows=9 width=121)
	  Index Cond: ((id >= 9890497) AND (id <= 9890506))

table 7 : explain SELECT c FROM sbtest7 WHERE id BETWEEN 8039055 AND 8039064
	Index Scan using sbtest7_pkey on sbtest7  (cost=0.43..39.22 rows=10 width=121)
	  Index Cond: ((id >= 8039055) AND (id <= 8039064))

table 8 : explain SELECT c FROM sbtest8 WHERE id BETWEEN 9759424 AND 9759433
	Index Scan using sbtest8_pkey on sbtest8  (cost=0.43..42.61 rows=11 width=121)
	  Index Cond: ((id >= 9759424) AND (id <= 9759433))

explain: for inserts :: explain INSERT INTO sbtest%u (id, k, c, pad) VALUES (%u, 13, 'foobar', 'foobar')
explain: for non_index_updates :: explain UPDATE sbtest%u SET c='foobar' WHERE id=%u
explain: for inserts :: explain INSERT INTO sbtest%u (id, k, c, pad) VALUES (%u, 13, 'foobar', 'foobar')
for inserts
table 1 : explain INSERT INTO sbtest1 (id, k, c, pad) VALUES (1742328, 13, 'foobar', 'foobar')
	Insert on sbtest1  (cost=0.00..0.01 rows=1 width=736)
	  ->  Result  (cost=0.00..0.01 rows=1 width=736)

table 2 : explain INSERT INTO sbtest2 (id, k, c, pad) VALUES (7813364, 13, 'foobar', 'foobar')
	Insert on sbtest2  (cost=0.00..0.01 rows=1 width=736)
	  ->  Result  (cost=0.00..0.01 rows=1 width=736)

table 3 : explain INSERT INTO sbtest3 (id, k, c, pad) VALUES (5535919, 13, 'foobar', 'foobar')
	Insert on sbtest3  (cost=0.00..0.01 rows=1 width=736)
	  ->  Result  (cost=0.00..0.01 rows=1 width=736)

table 4 : explain INSERT INTO sbtest4 (id, k, c, pad) VALUES (3388192, 13, 'foobar', 'foobar')
	Insert on sbtest4  (cost=0.00..0.01 rows=1 width=736)
	  ->  Result  (cost=0.00..0.01 rows=1 width=736)

table 5 : explain INSERT INTO sbtest5 (id, k, c, pad) VALUES (7449959, 13, 'foobar', 'foobar')
	Insert on sbtest5  (cost=0.00..0.01 rows=1 width=736)
	  ->  Result  (cost=0.00..0.01 rows=1 width=736)

table 6 : explain INSERT INTO sbtest6 (id, k, c, pad) VALUES (4447494, 13, 'foobar', 'foobar')
	Insert on sbtest6  (cost=0.00..0.01 rows=1 width=736)
	  ->  Result  (cost=0.00..0.01 rows=1 width=736)

table 7 : explain INSERT INTO sbtest7 (id, k, c, pad) VALUES (148599, 13, 'foobar', 'foobar')
	Insert on sbtest7  (cost=0.00..0.01 rows=1 width=736)
	  ->  Result  (cost=0.00..0.01 rows=1 width=736)

table 8 : explain INSERT INTO sbtest8 (id, k, c, pad) VALUES (1576839, 13, 'foobar', 'foobar')
	Insert on sbtest8  (cost=0.00..0.01 rows=1 width=736)
	  ->  Result  (cost=0.00..0.01 rows=1 width=736)

for non_index_updates
table 1 : explain UPDATE sbtest1 SET c='foobar' WHERE id=4361001
	Update on sbtest1  (cost=0.43..8.45 rows=1 width=559)
	  ->  Index Scan using sbtest1_pkey on sbtest1  (cost=0.43..8.45 rows=1 width=559)
	        Index Cond: (id = 4361001)

table 2 : explain UPDATE sbtest2 SET c='foobar' WHERE id=2864063
	Update on sbtest2  (cost=0.43..8.45 rows=1 width=559)
	  ->  Index Scan using sbtest2_pkey on sbtest2  (cost=0.43..8.45 rows=1 width=559)
	        Index Cond: (id = 2864063)

table 3 : explain UPDATE sbtest3 SET c='foobar' WHERE id=6971854
	Update on sbtest3  (cost=0.43..8.45 rows=1 width=559)
	  ->  Index Scan using sbtest3_pkey on sbtest3  (cost=0.43..8.45 rows=1 width=559)
	        Index Cond: (id = 6971854)

table 4 : explain UPDATE sbtest4 SET c='foobar' WHERE id=6031412
	Update on sbtest4  (cost=0.43..8.45 rows=1 width=559)
	  ->  Index Scan using sbtest4_pkey on sbtest4  (cost=0.43..8.45 rows=1 width=559)
	        Index Cond: (id = 6031412)

table 5 : explain UPDATE sbtest5 SET c='foobar' WHERE id=8104360
	Update on sbtest5  (cost=0.43..8.45 rows=1 width=559)
	  ->  Index Scan using sbtest5_pkey on sbtest5  (cost=0.43..8.45 rows=1 width=559)
	        Index Cond: (id = 8104360)

table 6 : explain UPDATE sbtest6 SET c='foobar' WHERE id=8588891
	Update on sbtest6  (cost=0.43..8.45 rows=1 width=559)
	  ->  Index Scan using sbtest6_pkey on sbtest6  (cost=0.43..8.45 rows=1 width=559)
	        Index Cond: (id = 8588891)

table 7 : explain UPDATE sbtest7 SET c='foobar' WHERE id=9728725
	Update on sbtest7  (cost=0.43..8.45 rows=1 width=559)
	  ->  Index Scan using sbtest7_pkey on sbtest7  (cost=0.43..8.45 rows=1 width=559)
	        Index Cond: (id = 9728725)

table 8 : explain UPDATE sbtest8 SET c='foobar' WHERE id=4319992
	Update on sbtest8  (cost=0.43..8.45 rows=1 width=559)
	  ->  Index Scan using sbtest8_pkey on sbtest8  (cost=0.43..8.45 rows=1 width=559)
	        Index Cond: (id = 4319992)

for inserts
table 1 : explain INSERT INTO sbtest1 (id, k, c, pad) VALUES (9539379, 13, 'foobar', 'foobar')
	Insert on sbtest1  (cost=0.00..0.01 rows=1 width=736)
	  ->  Result  (cost=0.00..0.01 rows=1 width=736)

table 2 : explain INSERT INTO sbtest2 (id, k, c, pad) VALUES (1372713, 13, 'foobar', 'foobar')
	Insert on sbtest2  (cost=0.00..0.01 rows=1 width=736)
	  ->  Result  (cost=0.00..0.01 rows=1 width=736)

table 3 : explain INSERT INTO sbtest3 (id, k, c, pad) VALUES (2815059, 13, 'foobar', 'foobar')
	Insert on sbtest3  (cost=0.00..0.01 rows=1 width=736)
	  ->  Result  (cost=0.00..0.01 rows=1 width=736)

table 4 : explain INSERT INTO sbtest4 (id, k, c, pad) VALUES (1730223, 13, 'foobar', 'foobar')
	Insert on sbtest4  (cost=0.00..0.01 rows=1 width=736)
	  ->  Result  (cost=0.00..0.01 rows=1 width=736)

table 5 : explain INSERT INTO sbtest5 (id, k, c, pad) VALUES (679213, 13, 'foobar', 'foobar')
	Insert on sbtest5  (cost=0.00..0.01 rows=1 width=736)
	  ->  Result  (cost=0.00..0.01 rows=1 width=736)

table 6 : explain INSERT INTO sbtest6 (id, k, c, pad) VALUES (224399, 13, 'foobar', 'foobar')
	Insert on sbtest6  (cost=0.00..0.01 rows=1 width=736)
	  ->  Result  (cost=0.00..0.01 rows=1 width=736)

table 7 : explain INSERT INTO sbtest7 (id, k, c, pad) VALUES (1082200, 13, 'foobar', 'foobar')
	Insert on sbtest7  (cost=0.00..0.01 rows=1 width=736)
	  ->  Result  (cost=0.00..0.01 rows=1 width=736)

table 8 : explain INSERT INTO sbtest8 (id, k, c, pad) VALUES (4973049, 13, 'foobar', 'foobar')
	Insert on sbtest8  (cost=0.00..0.01 rows=1 width=736)
	  ->  Result  (cost=0.00..0.01 rows=1 width=736)

for non_index_updates
table 1 : explain UPDATE sbtest1 SET c='foobar' WHERE id=6078813
	Update on sbtest1  (cost=0.43..8.45 rows=1 width=559)
	  ->  Index Scan using sbtest1_pkey on sbtest1  (cost=0.43..8.45 rows=1 width=559)
	        Index Cond: (id = 6078813)

table 2 : explain UPDATE sbtest2 SET c='foobar' WHERE id=6307432
	Update on sbtest2  (cost=0.43..8.45 rows=1 width=559)
	  ->  Index Scan using sbtest2_pkey on sbtest2  (cost=0.43..8.45 rows=1 width=559)
	        Index Cond: (id = 6307432)

table 3 : explain UPDATE sbtest3 SET c='foobar' WHERE id=9353418
	Update on sbtest3  (cost=0.43..8.45 rows=1 width=559)
	  ->  Index Scan using sbtest3_pkey on sbtest3  (cost=0.43..8.45 rows=1 width=559)
	        Index Cond: (id = 9353418)

table 4 : explain UPDATE sbtest4 SET c='foobar' WHERE id=7633824
	Update on sbtest4  (cost=0.43..8.45 rows=1 width=559)
	  ->  Index Scan using sbtest4_pkey on sbtest4  (cost=0.43..8.45 rows=1 width=559)
	        Index Cond: (id = 7633824)

table 5 : explain UPDATE sbtest5 SET c='foobar' WHERE id=8626610
	Update on sbtest5  (cost=0.43..8.45 rows=1 width=559)
	  ->  Index Scan using sbtest5_pkey on sbtest5  (cost=0.43..8.45 rows=1 width=559)
	        Index Cond: (id = 8626610)

table 6 : explain UPDATE sbtest6 SET c='foobar' WHERE id=3812132
	Update on sbtest6  (cost=0.43..8.45 rows=1 width=559)
	  ->  Index Scan using sbtest6_pkey on sbtest6  (cost=0.43..8.45 rows=1 width=559)
	        Index Cond: (id = 3812132)

table 7 : explain UPDATE sbtest7 SET c='foobar' WHERE id=32101
	Update on sbtest7  (cost=0.43..8.45 rows=1 width=559)
	  ->  Index Scan using sbtest7_pkey on sbtest7  (cost=0.43..8.45 rows=1 width=559)
	        Index Cond: (id = 32101)

table 8 : explain UPDATE sbtest8 SET c='foobar' WHERE id=1978357
	Update on sbtest8  (cost=0.43..8.45 rows=1 width=559)
	  ->  Index Scan using sbtest8_pkey on sbtest8  (cost=0.43..8.45 rows=1 width=559)
	        Index Cond: (id = 1978357)

explain: for deletes :: explain DELETE FROM sbtest%u WHERE id=%u
explain: for deletes :: explain DELETE FROM sbtest%u WHERE id=%u
for deletes
table 1 : explain DELETE FROM sbtest1 WHERE id=4900749
	Delete on sbtest1  (cost=0.43..8.45 rows=1 width=6)
	  ->  Index Scan using sbtest1_pkey on sbtest1  (cost=0.43..8.45 rows=1 width=6)
	        Index Cond: (id = 4900749)

table 2 : explain DELETE FROM sbtest2 WHERE id=4310439
	Delete on sbtest2  (cost=0.43..8.45 rows=1 width=6)
	  ->  Index Scan using sbtest2_pkey on sbtest2  (cost=0.43..8.45 rows=1 width=6)
	        Index Cond: (id = 4310439)

table 3 : explain DELETE FROM sbtest3 WHERE id=9584315
	Delete on sbtest3  (cost=0.43..8.45 rows=1 width=6)
	  ->  Index Scan using sbtest3_pkey on sbtest3  (cost=0.43..8.45 rows=1 width=6)
	        Index Cond: (id = 9584315)

table 4 : explain DELETE FROM sbtest4 WHERE id=8458072
	Delete on sbtest4  (cost=0.43..8.45 rows=1 width=6)
	  ->  Index Scan using sbtest4_pkey on sbtest4  (cost=0.43..8.45 rows=1 width=6)
	        Index Cond: (id = 8458072)

table 5 : explain DELETE FROM sbtest5 WHERE id=9461464
	Delete on sbtest5  (cost=0.43..8.45 rows=1 width=6)
	  ->  Index Scan using sbtest5_pkey on sbtest5  (cost=0.43..8.45 rows=1 width=6)
	        Index Cond: (id = 9461464)

table 6 : explain DELETE FROM sbtest6 WHERE id=1408391
	Delete on sbtest6  (cost=0.43..8.45 rows=1 width=6)
	  ->  Index Scan using sbtest6_pkey on sbtest6  (cost=0.43..8.45 rows=1 width=6)
	        Index Cond: (id = 1408391)

table 7 : explain DELETE FROM sbtest7 WHERE id=447938
	Delete on sbtest7  (cost=0.43..8.45 rows=1 width=6)
	  ->  Index Scan using sbtest7_pkey on sbtest7  (cost=0.43..8.45 rows=1 width=6)
	        Index Cond: (id = 447938)

table 8 : explain DELETE FROM sbtest8 WHERE id=8796148
	Delete on sbtest8  (cost=0.43..8.45 rows=1 width=6)
	  ->  Index Scan using sbtest8_pkey on sbtest8  (cost=0.43..8.45 rows=1 width=6)
	        Index Cond: (id = 8796148)

for deletes
table 1 : explain DELETE FROM sbtest1 WHERE id=4522478
	Delete on sbtest1  (cost=0.43..8.45 rows=1 width=6)
	  ->  Index Scan using sbtest1_pkey on sbtest1  (cost=0.43..8.45 rows=1 width=6)
	        Index Cond: (id = 4522478)

table 2 : explain DELETE FROM sbtest2 WHERE id=4062483
	Delete on sbtest2  (cost=0.43..8.45 rows=1 width=6)
	  ->  Index Scan using sbtest2_pkey on sbtest2  (cost=0.43..8.45 rows=1 width=6)
	        Index Cond: (id = 4062483)

table 3 : explain DELETE FROM sbtest3 WHERE id=1373262
	Delete on sbtest3  (cost=0.43..8.45 rows=1 width=6)
	  ->  Index Scan using sbtest3_pkey on sbtest3  (cost=0.43..8.45 rows=1 width=6)
	        Index Cond: (id = 1373262)

table 4 : explain DELETE FROM sbtest4 WHERE id=1967393
	Delete on sbtest4  (cost=0.43..8.45 rows=1 width=6)
	  ->  Index Scan using sbtest4_pkey on sbtest4  (cost=0.43..8.45 rows=1 width=6)
	        Index Cond: (id = 1967393)

table 5 : explain DELETE FROM sbtest5 WHERE id=1536838
	Delete on sbtest5  (cost=0.43..8.45 rows=1 width=6)
	  ->  Index Scan using sbtest5_pkey on sbtest5  (cost=0.43..8.45 rows=1 width=6)
	        Index Cond: (id = 1536838)

table 6 : explain DELETE FROM sbtest6 WHERE id=5144052
	Delete on sbtest6  (cost=0.43..8.45 rows=1 width=6)
	  ->  Index Scan using sbtest6_pkey on sbtest6  (cost=0.43..8.45 rows=1 width=6)
	        Index Cond: (id = 5144052)

table 7 : explain DELETE FROM sbtest7 WHERE id=4123271
	Delete on sbtest7  (cost=0.43..8.45 rows=1 width=6)
	  ->  Index Scan using sbtest7_pkey on sbtest7  (cost=0.43..8.45 rows=1 width=6)
	        Index Cond: (id = 4123271)

table 8 : explain DELETE FROM sbtest8 WHERE id=9729009
	Delete on sbtest8  (cost=0.43..8.45 rows=1 width=6)
	  ->  Index Scan using sbtest8_pkey on sbtest8  (cost=0.43..8.45 rows=1 width=6)
	        Index Cond: (id = 9729009)

explain: for inserts :: explain INSERT INTO sbtest%u (id, k, c, pad) VALUES (%u, 13, 'foobar', 'foobar')
explain: for inserts :: explain INSERT INTO sbtest%u (id, k, c, pad) VALUES (%u, 13, 'foobar', 'foobar')
for: order_ranges
table 1 : explain SELECT c FROM sbtest1 WHERE id BETWEEN 3820408 AND 3820417 ORDER BY c
	Sort  (cost=35.74..35.76 rows=9 width=121)
	  Sort Key: c
	  ->  Index Scan using sbtest1_pkey on sbtest1  (cost=0.43..35.60 rows=9 width=121)
	        Index Cond: ((id >= 3820408) AND (id <= 3820417))

table 2 : explain SELECT c FROM sbtest2 WHERE id BETWEEN 1312994 AND 1313003 ORDER BY c
	Sort  (cost=42.68..42.71 rows=11 width=121)
	  Sort Key: c
	  ->  Index Scan using sbtest2_pkey on sbtest2  (cost=0.43..42.49 rows=11 width=121)
	        Index Cond: ((id >= 1312994) AND (id <= 1313003))

table 3 : explain SELECT c FROM sbtest3 WHERE id BETWEEN 4594728 AND 4594737 ORDER BY c
	Sort  (cost=42.91..42.94 rows=11 width=121)
	  Sort Key: c
	  ->  Index Scan using sbtest3_pkey on sbtest3  (cost=0.43..42.72 rows=11 width=121)
	        Index Cond: ((id >= 4594728) AND (id <= 4594737))

table 4 : explain SELECT c FROM sbtest4 WHERE id BETWEEN 7414598 AND 7414607 ORDER BY c
	Sort  (cost=39.46..39.49 rows=10 width=121)
	  Sort Key: c
	  ->  Index Scan using sbtest4_pkey on sbtest4  (cost=0.43..39.29 rows=10 width=121)
	        Index Cond: ((id >= 7414598) AND (id <= 7414607))

table 5 : explain SELECT c FROM sbtest5 WHERE id BETWEEN 5260133 AND 5260142 ORDER BY c
	Sort  (cost=35.93..35.95 rows=9 width=121)
	  Sort Key: c
	  ->  Index Scan using sbtest5_pkey on sbtest5  (cost=0.43..35.79 rows=9 width=121)
	        Index Cond: ((id >= 5260133) AND (id <= 5260142))

table 6 : explain SELECT c FROM sbtest6 WHERE id BETWEEN 7776001 AND 7776010 ORDER BY c
	Sort  (cost=39.17..39.20 rows=10 width=121)
	  Sort Key: c
	  ->  Index Scan using sbtest6_pkey on sbtest6  (cost=0.43..39.00 rows=10 width=121)
	        Index Cond: ((id >= 7776001) AND (id <= 7776010))

table 7 : explain SELECT c FROM sbtest7 WHERE id BETWEEN 452465 AND 452474 ORDER BY c
	Sort  (cost=35.95..35.97 rows=9 width=121)
	  Sort Key: c
	  ->  Index Scan using sbtest7_pkey on sbtest7  (cost=0.43..35.81 rows=9 width=121)
	        Index Cond: ((id >= 452465) AND (id <= 452474))

table 8 : explain SELECT c FROM sbtest8 WHERE id BETWEEN 2448982 AND 2448991 ORDER BY c
	Sort  (cost=39.36..39.38 rows=10 width=121)
	  Sort Key: c
	  ->  Index Scan using sbtest8_pkey on sbtest8  (cost=0.43..39.19 rows=10 width=121)
	        Index Cond: ((id >= 2448982) AND (id <= 2448991))

for inserts
table 1 : explain INSERT INTO sbtest1 (id, k, c, pad) VALUES (628057, 13, 'foobar', 'foobar')
	Insert on sbtest1  (cost=0.00..0.01 rows=1 width=736)
	  ->  Result  (cost=0.00..0.01 rows=1 width=736)

table 2 : explain INSERT INTO sbtest2 (id, k, c, pad) VALUES (7525906, 13, 'foobar', 'foobar')
	Insert on sbtest2  (cost=0.00..0.01 rows=1 width=736)
	  ->  Result  (cost=0.00..0.01 rows=1 width=736)

table 3 : explain INSERT INTO sbtest3 (id, k, c, pad) VALUES (6208160, 13, 'foobar', 'foobar')
	Insert on sbtest3  (cost=0.00..0.01 rows=1 width=736)
	  ->  Result  (cost=0.00..0.01 rows=1 width=736)

table 4 : explain INSERT INTO sbtest4 (id, k, c, pad) VALUES (2153004, 13, 'foobar', 'foobar')
	Insert on sbtest4  (cost=0.00..0.01 rows=1 width=736)
	  ->  Result  (cost=0.00..0.01 rows=1 width=736)

table 5 : explain INSERT INTO sbtest5 (id, k, c, pad) VALUES (6802504, 13, 'foobar', 'foobar')
	Insert on sbtest5  (cost=0.00..0.01 rows=1 width=736)
	  ->  Result  (cost=0.00..0.01 rows=1 width=736)

table 6 : explain INSERT INTO sbtest6 (id, k, c, pad) VALUES (4946743, 13, 'foobar', 'foobar')
	Insert on sbtest6  (cost=0.00..0.01 rows=1 width=736)
	  ->  Result  (cost=0.00..0.01 rows=1 width=736)

table 7 : explain INSERT INTO sbtest7 (id, k, c, pad) VALUES (8543465, 13, 'foobar', 'foobar')
	Insert on sbtest7  (cost=0.00..0.01 rows=1 width=736)
	  ->  Result  (cost=0.00..0.01 rows=1 width=736)

table 8 : explain INSERT INTO sbtest8 (id, k, c, pad) VALUES (3527843, 13, 'foobar', 'foobar')
	Insert on sbtest8  (cost=0.00..0.01 rows=1 width=736)
	  ->  Result  (cost=0.00..0.01 rows=1 width=736)

for inserts
table 1 : explain INSERT INTO sbtest1 (id, k, c, pad) VALUES (4248165, 13, 'foobar', 'foobar')
	Insert on sbtest1  (cost=0.00..0.01 rows=1 width=736)
	  ->  Result  (cost=0.00..0.01 rows=1 width=736)

table 2 : explain INSERT INTO sbtest2 (id, k, c, pad) VALUES (4347105, 13, 'foobar', 'foobar')
	Insert on sbtest2  (cost=0.00..0.01 rows=1 width=736)
	  ->  Result  (cost=0.00..0.01 rows=1 width=736)

table 3 : explain INSERT INTO sbtest3 (id, k, c, pad) VALUES (2257402, 13, 'foobar', 'foobar')
	Insert on sbtest3  (cost=0.00..0.01 rows=1 width=736)
	  ->  Result  (cost=0.00..0.01 rows=1 width=736)

table 4 : explain INSERT INTO sbtest4 (id, k, c, pad) VALUES (5114034, 13, 'foobar', 'foobar')
	Insert on sbtest4  (cost=0.00..0.01 rows=1 width=736)
	  ->  Result  (cost=0.00..0.01 rows=1 width=736)

table 5 : explain INSERT INTO sbtest5 (id, k, c, pad) VALUES (3155658, 13, 'foobar', 'foobar')
	Insert on sbtest5  (cost=0.00..0.01 rows=1 width=736)
	  ->  Result  (cost=0.00..0.01 rows=1 width=736)

table 6 : explain INSERT INTO sbtest6 (id, k, c, pad) VALUES (1126571, 13, 'foobar', 'foobar')
	Insert on sbtest6  (cost=0.00..0.01 rows=1 width=736)
	  ->  Result  (cost=0.00..0.01 rows=1 width=736)

table 7 : explain INSERT INTO sbtest7 (id, k, c, pad) VALUES (918142, 13, 'foobar', 'foobar')
	Insert on sbtest7  (cost=0.00..0.01 rows=1 width=736)
	  ->  Result  (cost=0.00..0.01 rows=1 width=736)

table 8 : explain INSERT INTO sbtest8 (id, k, c, pad) VALUES (4859573, 13, 'foobar', 'foobar')
	Insert on sbtest8  (cost=0.00..0.01 rows=1 width=736)
	  ->  Result  (cost=0.00..0.01 rows=1 width=736)

for: distinct_ranges
table 1 : explain SELECT DISTINCT c FROM sbtest1 WHERE id BETWEEN 9281619 AND 9281628 ORDER BY c
	Unique  (cost=39.15..39.20 rows=10 width=121)
	  ->  Sort  (cost=39.15..39.18 rows=10 width=121)
	        Sort Key: c
	        ->  Index Scan using sbtest1_pkey on sbtest1  (cost=0.43..38.99 rows=10 width=121)
	              Index Cond: ((id >= 9281619) AND (id <= 9281628))

table 2 : explain SELECT DISTINCT c FROM sbtest2 WHERE id BETWEEN 1475921 AND 1475930 ORDER BY c
	Unique  (cost=39.25..39.30 rows=10 width=121)
	  ->  Sort  (cost=39.25..39.28 rows=10 width=121)
	        Sort Key: c
	        ->  Index Scan using sbtest2_pkey on sbtest2  (cost=0.43..39.09 rows=10 width=121)
	              Index Cond: ((id >= 1475921) AND (id <= 1475930))

table 3 : explain SELECT DISTINCT c FROM sbtest3 WHERE id BETWEEN 2573741 AND 2573750 ORDER BY c
	Unique  (cost=39.46..39.51 rows=10 width=121)
	  ->  Sort  (cost=39.46..39.48 rows=10 width=121)
	        Sort Key: c
	        ->  Index Scan using sbtest3_pkey on sbtest3  (cost=0.43..39.29 rows=10 width=121)
	              Index Cond: ((id >= 2573741) AND (id <= 2573750))

table 4 : explain SELECT DISTINCT c FROM sbtest4 WHERE id BETWEEN 9618471 AND 9618480 ORDER BY c
	Unique  (cost=36.01..36.06 rows=9 width=121)
	  ->  Sort  (cost=36.01..36.03 rows=9 width=121)
	        Sort Key: c
	        ->  Index Scan using sbtest4_pkey on sbtest4  (cost=0.43..35.87 rows=9 width=121)
	              Index Cond: ((id >= 9618471) AND (id <= 9618480))

table 5 : explain SELECT DISTINCT c FROM sbtest5 WHERE id BETWEEN 704591 AND 704600 ORDER BY c
	Unique  (cost=35.93..35.98 rows=9 width=121)
	  ->  Sort  (cost=35.93..35.95 rows=9 width=121)
	        Sort Key: c
	        ->  Index Scan using sbtest5_pkey on sbtest5  (cost=0.43..35.79 rows=9 width=121)
	              Index Cond: ((id >= 704591) AND (id <= 704600))

table 6 : explain SELECT DISTINCT c FROM sbtest6 WHERE id BETWEEN 3282385 AND 3282394 ORDER BY c
	Unique  (cost=39.17..39.22 rows=10 width=121)
	  ->  Sort  (cost=39.17..39.20 rows=10 width=121)
	        Sort Key: c
	        ->  Index Scan using sbtest6_pkey on sbtest6  (cost=0.43..39.00 rows=10 width=121)
	              Index Cond: ((id >= 3282385) AND (id <= 3282394))

table 7 : explain SELECT DISTINCT c FROM sbtest7 WHERE id BETWEEN 9986481 AND 9986490 ORDER BY c
	Unique  (cost=39.39..39.44 rows=10 width=121)
	  ->  Sort  (cost=39.39..39.42 rows=10 width=121)
	        Sort Key: c
	        ->  Index Scan using sbtest7_pkey on sbtest7  (cost=0.43..39.22 rows=10 width=121)
	              Index Cond: ((id >= 9986481) AND (id <= 9986490))

table 8 : explain SELECT DISTINCT c FROM sbtest8 WHERE id BETWEEN 7773992 AND 7774001 ORDER BY c
	Unique  (cost=39.36..39.41 rows=10 width=121)
	  ->  Sort  (cost=39.36..39.38 rows=10 width=121)
	        Sort Key: c
	        ->  Index Scan using sbtest8_pkey on sbtest8  (cost=0.43..39.19 rows=10 width=121)
	              Index Cond: ((id >= 7773992) AND (id <= 7774001))

explain: for index_updates :: explain UPDATE sbtest%u SET k=k+1 WHERE id=%u
for inserts
table 1 : explain INSERT INTO sbtest1 (id, k, c, pad) VALUES (1786827, 13, 'foobar', 'foobar')
	Insert on sbtest1  (cost=0.00..0.01 rows=1 width=736)
	  ->  Result  (cost=0.00..0.01 rows=1 width=736)

table 2 : explain INSERT INTO sbtest2 (id, k, c, pad) VALUES (8965791, 13, 'foobar', 'foobar')
	Insert on sbtest2  (cost=0.00..0.01 rows=1 width=736)
	  ->  Result  (cost=0.00..0.01 rows=1 width=736)

table 3 : explain INSERT INTO sbtest3 (id, k, c, pad) VALUES (9146790, 13, 'foobar', 'foobar')
	Insert on sbtest3  (cost=0.00..0.01 rows=1 width=736)
	  ->  Result  (cost=0.00..0.01 rows=1 width=736)

table 4 : explain INSERT INTO sbtest4 (id, k, c, pad) VALUES (3416435, 13, 'foobar', 'foobar')
	Insert on sbtest4  (cost=0.00..0.01 rows=1 width=736)
	  ->  Result  (cost=0.00..0.01 rows=1 width=736)

table 5 : explain INSERT INTO sbtest5 (id, k, c, pad) VALUES (8655708, 13, 'foobar', 'foobar')
	Insert on sbtest5  (cost=0.00..0.01 rows=1 width=736)
	  ->  Result  (cost=0.00..0.01 rows=1 width=736)

table 6 : explain INSERT INTO sbtest6 (id, k, c, pad) VALUES (3072343, 13, 'foobar', 'foobar')
	Insert on sbtest6  (cost=0.00..0.01 rows=1 width=736)
	  ->  Result  (cost=0.00..0.01 rows=1 width=736)

table 7 : explain INSERT INTO sbtest7 (id, k, c, pad) VALUES (3318957, 13, 'foobar', 'foobar')
	Insert on sbtest7  (cost=0.00..0.01 rows=1 width=736)
	  ->  Result  (cost=0.00..0.01 rows=1 width=736)

table 8 : explain INSERT INTO sbtest8 (id, k, c, pad) VALUES (5785913, 13, 'foobar', 'foobar')
	Insert on sbtest8  (cost=0.00..0.01 rows=1 width=736)
	  ->  Result  (cost=0.00..0.01 rows=1 width=736)

explain: for inserts :: explain INSERT INTO sbtest%u (id, k, c, pad) VALUES (%u, 13, 'foobar', 'foobar')
for inserts
table 1 : explain INSERT INTO sbtest1 (id, k, c, pad) VALUES (5844872, 13, 'foobar', 'foobar')
	Insert on sbtest1  (cost=0.00..0.01 rows=1 width=736)
	  ->  Result  (cost=0.00..0.01 rows=1 width=736)

table 2 : explain INSERT INTO sbtest2 (id, k, c, pad) VALUES (8192598, 13, 'foobar', 'foobar')
	Insert on sbtest2  (cost=0.00..0.01 rows=1 width=736)
	  ->  Result  (cost=0.00..0.01 rows=1 width=736)

table 3 : explain INSERT INTO sbtest3 (id, k, c, pad) VALUES (6677557, 13, 'foobar', 'foobar')
	Insert on sbtest3  (cost=0.00..0.01 rows=1 width=736)
	  ->  Result  (cost=0.00..0.01 rows=1 width=736)

table 4 : explain INSERT INTO sbtest4 (id, k, c, pad) VALUES (5115160, 13, 'foobar', 'foobar')
	Insert on sbtest4  (cost=0.00..0.01 rows=1 width=736)
	  ->  Result  (cost=0.00..0.01 rows=1 width=736)

table 5 : explain INSERT INTO sbtest5 (id, k, c, pad) VALUES (7054419, 13, 'foobar', 'foobar')
	Insert on sbtest5  (cost=0.00..0.01 rows=1 width=736)
	  ->  Result  (cost=0.00..0.01 rows=1 width=736)

table 6 : explain INSERT INTO sbtest6 (id, k, c, pad) VALUES (6489418, 13, 'foobar', 'foobar')
	Insert on sbtest6  (cost=0.00..0.01 rows=1 width=736)
	  ->  Result  (cost=0.00..0.01 rows=1 width=736)

table 7 : explain INSERT INTO sbtest7 (id, k, c, pad) VALUES (7355317, 13, 'foobar', 'foobar')
	Insert on sbtest7  (cost=0.00..0.01 rows=1 width=736)
	  ->  Result  (cost=0.00..0.01 rows=1 width=736)

table 8 : explain INSERT INTO sbtest8 (id, k, c, pad) VALUES (8374299, 13, 'foobar', 'foobar')
	Insert on sbtest8  (cost=0.00..0.01 rows=1 width=736)
	  ->  Result  (cost=0.00..0.01 rows=1 width=736)

for inserts
table 1 : explain INSERT INTO sbtest1 (id, k, c, pad) VALUES (6241398, 13, 'foobar', 'foobar')
	Insert on sbtest1  (cost=0.00..0.01 rows=1 width=736)
	  ->  Result  (cost=0.00..0.01 rows=1 width=736)

table 2 : explain INSERT INTO sbtest2 (id, k, c, pad) VALUES (9943471, 13, 'foobar', 'foobar')
	Insert on sbtest2  (cost=0.00..0.01 rows=1 width=736)
	  ->  Result  (cost=0.00..0.01 rows=1 width=736)

table 3 : explain INSERT INTO sbtest3 (id, k, c, pad) VALUES (4705224, 13, 'foobar', 'foobar')
	Insert on sbtest3  (cost=0.00..0.01 rows=1 width=736)
	  ->  Result  (cost=0.00..0.01 rows=1 width=736)

table 4 : explain INSERT INTO sbtest4 (id, k, c, pad) VALUES (7046342, 13, 'foobar', 'foobar')
	Insert on sbtest4  (cost=0.00..0.01 rows=1 width=736)
	  ->  Result  (cost=0.00..0.01 rows=1 width=736)

table 5 : explain INSERT INTO sbtest5 (id, k, c, pad) VALUES (5522100, 13, 'foobar', 'foobar')
	Insert on sbtest5  (cost=0.00..0.01 rows=1 width=736)
	  ->  Result  (cost=0.00..0.01 rows=1 width=736)

table 6 : explain INSERT INTO sbtest6 (id, k, c, pad) VALUES (9689148, 13, 'foobar', 'foobar')
	Insert on sbtest6  (cost=0.00..0.01 rows=1 width=736)
	  ->  Result  (cost=0.00..0.01 rows=1 width=736)

table 7 : explain INSERT INTO sbtest7 (id, k, c, pad) VALUES (4597127, 13, 'foobar', 'foobar')
	Insert on sbtest7  (cost=0.00..0.01 rows=1 width=736)
	  ->  Result  (cost=0.00..0.01 rows=1 width=736)

table 8 : explain INSERT INTO sbtest8 (id, k, c, pad) VALUES (1392352, 13, 'foobar', 'foobar')
	Insert on sbtest8  (cost=0.00..0.01 rows=1 width=736)
	  ->  Result  (cost=0.00..0.01 rows=1 width=736)

for non_index_updates
table 1 : explain UPDATE sbtest1 SET c='foobar' WHERE id=9566945
	Update on sbtest1  (cost=0.43..8.45 rows=1 width=559)
	  ->  Index Scan using sbtest1_pkey on sbtest1  (cost=0.43..8.45 rows=1 width=559)
	        Index Cond: (id = 9566945)

table 2 : explain UPDATE sbtest2 SET c='foobar' WHERE id=5940814
	Update on sbtest2  (cost=0.43..8.45 rows=1 width=559)
	  ->  Index Scan using sbtest2_pkey on sbtest2  (cost=0.43..8.45 rows=1 width=559)
	        Index Cond: (id = 5940814)

table 3 : explain UPDATE sbtest3 SET c='foobar' WHERE id=5938671
	Update on sbtest3  (cost=0.43..8.45 rows=1 width=559)
	  ->  Index Scan using sbtest3_pkey on sbtest3  (cost=0.43..8.45 rows=1 width=559)
	        Index Cond: (id = 5938671)

table 4 : explain UPDATE sbtest4 SET c='foobar' WHERE id=9166237
	Update on sbtest4  (cost=0.43..8.45 rows=1 width=559)
	  ->  Index Scan using sbtest4_pkey on sbtest4  (cost=0.43..8.45 rows=1 width=559)
	        Index Cond: (id = 9166237)

table 5 : explain UPDATE sbtest5 SET c='foobar' WHERE id=6844610
	Update on sbtest5  (cost=0.43..8.45 rows=1 width=559)
	  ->  Index Scan using sbtest5_pkey on sbtest5  (cost=0.43..8.45 rows=1 width=559)
	        Index Cond: (id = 6844610)

table 6 : explain UPDATE sbtest6 SET c='foobar' WHERE id=4284518
	Update on sbtest6  (cost=0.43..8.45 rows=1 width=559)
	  ->  Index Scan using sbtest6_pkey on sbtest6  (cost=0.43..8.45 rows=1 width=559)
	        Index Cond: (id = 4284518)

table 7 : explain UPDATE sbtest7 SET c='foobar' WHERE id=8531129
	Update on sbtest7  (cost=0.43..8.45 rows=1 width=559)
	  ->  Index Scan using sbtest7_pkey on sbtest7  (cost=0.43..8.45 rows=1 width=559)
	        Index Cond: (id = 8531129)

table 8 : explain UPDATE sbtest8 SET c='foobar' WHERE id=2242749
	Update on sbtest8  (cost=0.43..8.45 rows=1 width=559)
	  ->  Index Scan using sbtest8_pkey on sbtest8  (cost=0.43..8.45 rows=1 width=559)
	        Index Cond: (id = 2242749)

for index_updates
table 1 : explain UPDATE sbtest1 SET k=k+1 WHERE id=7804605
	Update on sbtest1  (cost=0.43..8.46 rows=1 width=196)
	  ->  Index Scan using sbtest1_pkey on sbtest1  (cost=0.43..8.46 rows=1 width=196)
	        Index Cond: (id = 7804605)

table 2 : explain UPDATE sbtest2 SET k=k+1 WHERE id=9140119
	Update on sbtest2  (cost=0.43..8.46 rows=1 width=196)
	  ->  Index Scan using sbtest2_pkey on sbtest2  (cost=0.43..8.46 rows=1 width=196)
	        Index Cond: (id = 9140119)

table 3 : explain UPDATE sbtest3 SET k=k+1 WHERE id=6834146
	Update on sbtest3  (cost=0.43..8.46 rows=1 width=196)
	  ->  Index Scan using sbtest3_pkey on sbtest3  (cost=0.43..8.46 rows=1 width=196)
	        Index Cond: (id = 6834146)

table 4 : explain UPDATE sbtest4 SET k=k+1 WHERE id=7596926
	Update on sbtest4  (cost=0.43..8.46 rows=1 width=196)
	  ->  Index Scan using sbtest4_pkey on sbtest4  (cost=0.43..8.46 rows=1 width=196)
	        Index Cond: (id = 7596926)

table 5 : explain UPDATE sbtest5 SET k=k+1 WHERE id=6313156
	Update on sbtest5  (cost=0.43..8.46 rows=1 width=196)
	  ->  Index Scan using sbtest5_pkey on sbtest5  (cost=0.43..8.46 rows=1 width=196)
	        Index Cond: (id = 6313156)

table 6 : explain UPDATE sbtest6 SET k=k+1 WHERE id=1041827
	Update on sbtest6  (cost=0.43..8.46 rows=1 width=196)
	  ->  Index Scan using sbtest6_pkey on sbtest6  (cost=0.43..8.46 rows=1 width=196)
	        Index Cond: (id = 1041827)

table 7 : explain UPDATE sbtest7 SET k=k+1 WHERE id=941718
	Update on sbtest7  (cost=0.43..8.46 rows=1 width=196)
	  ->  Index Scan using sbtest7_pkey on sbtest7  (cost=0.43..8.46 rows=1 width=196)
	        Index Cond: (id = 941718)

table 8 : explain UPDATE sbtest8 SET k=k+1 WHERE id=4228304
	Update on sbtest8  (cost=0.43..8.46 rows=1 width=196)
	  ->  Index Scan using sbtest8_pkey on sbtest8  (cost=0.43..8.46 rows=1 width=196)
	        Index Cond: (id = 4228304)

explain: for deletes :: explain DELETE FROM sbtest%u WHERE id=%u
explain: for non_index_updates :: explain UPDATE sbtest%u SET c='foobar' WHERE id=%u
for deletes
table 1 : explain DELETE FROM sbtest1 WHERE id=9540573
	Delete on sbtest1  (cost=0.43..8.45 rows=1 width=6)
	  ->  Index Scan using sbtest1_pkey on sbtest1  (cost=0.43..8.45 rows=1 width=6)
	        Index Cond: (id = 9540573)

table 2 : explain DELETE FROM sbtest2 WHERE id=8205558
	Delete on sbtest2  (cost=0.43..8.45 rows=1 width=6)
	  ->  Index Scan using sbtest2_pkey on sbtest2  (cost=0.43..8.45 rows=1 width=6)
	        Index Cond: (id = 8205558)

table 3 : explain DELETE FROM sbtest3 WHERE id=1323277
	Delete on sbtest3  (cost=0.43..8.45 rows=1 width=6)
	  ->  Index Scan using sbtest3_pkey on sbtest3  (cost=0.43..8.45 rows=1 width=6)
	        Index Cond: (id = 1323277)

table 4 : explain DELETE FROM sbtest4 WHERE id=6174053
	Delete on sbtest4  (cost=0.43..8.45 rows=1 width=6)
	  ->  Index Scan using sbtest4_pkey on sbtest4  (cost=0.43..8.45 rows=1 width=6)
	        Index Cond: (id = 6174053)

table 5 : explain DELETE FROM sbtest5 WHERE id=7911171
	Delete on sbtest5  (cost=0.43..8.45 rows=1 width=6)
	  ->  Index Scan using sbtest5_pkey on sbtest5  (cost=0.43..8.45 rows=1 width=6)
	        Index Cond: (id = 7911171)

table 6 : explain DELETE FROM sbtest6 WHERE id=7001266
	Delete on sbtest6  (cost=0.43..8.45 rows=1 width=6)
	  ->  Index Scan using sbtest6_pkey on sbtest6  (cost=0.43..8.45 rows=1 width=6)
	        Index Cond: (id = 7001266)

table 7 : explain DELETE FROM sbtest7 WHERE id=9196473
	Delete on sbtest7  (cost=0.43..8.45 rows=1 width=6)
	  ->  Index Scan using sbtest7_pkey on sbtest7  (cost=0.43..8.45 rows=1 width=6)
	        Index Cond: (id = 9196473)

table 8 : explain DELETE FROM sbtest8 WHERE id=7267328
	Delete on sbtest8  (cost=0.43..8.45 rows=1 width=6)
	  ->  Index Scan using sbtest8_pkey on sbtest8  (cost=0.43..8.45 rows=1 width=6)
	        Index Cond: (id = 7267328)

for non_index_updates
table 1 : explain UPDATE sbtest1 SET c='foobar' WHERE id=604574
	Update on sbtest1  (cost=0.43..8.45 rows=1 width=559)
	  ->  Index Scan using sbtest1_pkey on sbtest1  (cost=0.43..8.45 rows=1 width=559)
	        Index Cond: (id = 604574)

table 2 : explain UPDATE sbtest2 SET c='foobar' WHERE id=7025342
	Update on sbtest2  (cost=0.43..8.45 rows=1 width=559)
	  ->  Index Scan using sbtest2_pkey on sbtest2  (cost=0.43..8.45 rows=1 width=559)
	        Index Cond: (id = 7025342)

table 3 : explain UPDATE sbtest3 SET c='foobar' WHERE id=2827318
	Update on sbtest3  (cost=0.43..8.45 rows=1 width=559)
	  ->  Index Scan using sbtest3_pkey on sbtest3  (cost=0.43..8.45 rows=1 width=559)
	        Index Cond: (id = 2827318)

table 4 : explain UPDATE sbtest4 SET c='foobar' WHERE id=4282496
	Update on sbtest4  (cost=0.43..8.45 rows=1 width=559)
	  ->  Index Scan using sbtest4_pkey on sbtest4  (cost=0.43..8.45 rows=1 width=559)
	        Index Cond: (id = 4282496)

table 5 : explain UPDATE sbtest5 SET c='foobar' WHERE id=425094
	Update on sbtest5  (cost=0.43..8.45 rows=1 width=559)
	  ->  Index Scan using sbtest5_pkey on sbtest5  (cost=0.43..8.45 rows=1 width=559)
	        Index Cond: (id = 425094)

table 6 : explain UPDATE sbtest6 SET c='foobar' WHERE id=1751817
	Update on sbtest6  (cost=0.43..8.45 rows=1 width=559)
	  ->  Index Scan using sbtest6_pkey on sbtest6  (cost=0.43..8.45 rows=1 width=559)
	        Index Cond: (id = 1751817)

table 7 : explain UPDATE sbtest7 SET c='foobar' WHERE id=4651670
	Update on sbtest7  (cost=0.43..8.45 rows=1 width=559)
	  ->  Index Scan using sbtest7_pkey on sbtest7  (cost=0.43..8.45 rows=1 width=559)
	        Index Cond: (id = 4651670)

table 8 : explain UPDATE sbtest8 SET c='foobar' WHERE id=5335265
	Update on sbtest8  (cost=0.43..8.45 rows=1 width=559)
	  ->  Index Scan using sbtest8_pkey on sbtest8  (cost=0.43..8.45 rows=1 width=559)
	        Index Cond: (id = 5335265)

explain: for inserts :: explain INSERT INTO sbtest%u (id, k, c, pad) VALUES (%u, 13, 'foobar', 'foobar')
explain: for deletes :: explain DELETE FROM sbtest%u WHERE id=%u
for inserts
table 1 : explain INSERT INTO sbtest1 (id, k, c, pad) VALUES (1402217, 13, 'foobar', 'foobar')
	Insert on sbtest1  (cost=0.00..0.01 rows=1 width=736)
	  ->  Result  (cost=0.00..0.01 rows=1 width=736)

table 2 : explain INSERT INTO sbtest2 (id, k, c, pad) VALUES (3283704, 13, 'foobar', 'foobar')
	Insert on sbtest2  (cost=0.00..0.01 rows=1 width=736)
	  ->  Result  (cost=0.00..0.01 rows=1 width=736)

table 3 : explain INSERT INTO sbtest3 (id, k, c, pad) VALUES (1466364, 13, 'foobar', 'foobar')
	Insert on sbtest3  (cost=0.00..0.01 rows=1 width=736)
	  ->  Result  (cost=0.00..0.01 rows=1 width=736)

table 4 : explain INSERT INTO sbtest4 (id, k, c, pad) VALUES (3853706, 13, 'foobar', 'foobar')
	Insert on sbtest4  (cost=0.00..0.01 rows=1 width=736)
	  ->  Result  (cost=0.00..0.01 rows=1 width=736)

table 5 : explain INSERT INTO sbtest5 (id, k, c, pad) VALUES (6658880, 13, 'foobar', 'foobar')
	Insert on sbtest5  (cost=0.00..0.01 rows=1 width=736)
	  ->  Result  (cost=0.00..0.01 rows=1 width=736)

table 6 : explain INSERT INTO sbtest6 (id, k, c, pad) VALUES (3648595, 13, 'foobar', 'foobar')
	Insert on sbtest6  (cost=0.00..0.01 rows=1 width=736)
	  ->  Result  (cost=0.00..0.01 rows=1 width=736)

table 7 : explain INSERT INTO sbtest7 (id, k, c, pad) VALUES (5146320, 13, 'foobar', 'foobar')
	Insert on sbtest7  (cost=0.00..0.01 rows=1 width=736)
	  ->  Result  (cost=0.00..0.01 rows=1 width=736)

table 8 : explain INSERT INTO sbtest8 (id, k, c, pad) VALUES (1570616, 13, 'foobar', 'foobar')
	Insert on sbtest8  (cost=0.00..0.01 rows=1 width=736)
	  ->  Result  (cost=0.00..0.01 rows=1 width=736)

for deletes
table 1 : explain DELETE FROM sbtest1 WHERE id=7417334
	Delete on sbtest1  (cost=0.43..8.45 rows=1 width=6)
	  ->  Index Scan using sbtest1_pkey on sbtest1  (cost=0.43..8.45 rows=1 width=6)
	        Index Cond: (id = 7417334)

table 2 : explain DELETE FROM sbtest2 WHERE id=73071
	Delete on sbtest2  (cost=0.43..8.45 rows=1 width=6)
	  ->  Index Scan using sbtest2_pkey on sbtest2  (cost=0.43..8.45 rows=1 width=6)
	        Index Cond: (id = 73071)

table 3 : explain DELETE FROM sbtest3 WHERE id=7792308
	Delete on sbtest3  (cost=0.43..8.45 rows=1 width=6)
	  ->  Index Scan using sbtest3_pkey on sbtest3  (cost=0.43..8.45 rows=1 width=6)
	        Index Cond: (id = 7792308)

table 4 : explain DELETE FROM sbtest4 WHERE id=9165705
	Delete on sbtest4  (cost=0.43..8.45 rows=1 width=6)
	  ->  Index Scan using sbtest4_pkey on sbtest4  (cost=0.43..8.45 rows=1 width=6)
	        Index Cond: (id = 9165705)

table 5 : explain DELETE FROM sbtest5 WHERE id=4587101
	Delete on sbtest5  (cost=0.43..8.45 rows=1 width=6)
	  ->  Index Scan using sbtest5_pkey on sbtest5  (cost=0.43..8.45 rows=1 width=6)
	        Index Cond: (id = 4587101)

table 6 : explain DELETE FROM sbtest6 WHERE id=6563312
	Delete on sbtest6  (cost=0.43..8.45 rows=1 width=6)
	  ->  Index Scan using sbtest6_pkey on sbtest6  (cost=0.43..8.45 rows=1 width=6)
	        Index Cond: (id = 6563312)

table 7 : explain DELETE FROM sbtest7 WHERE id=2430104
	Delete on sbtest7  (cost=0.43..8.45 rows=1 width=6)
	  ->  Index Scan using sbtest7_pkey on sbtest7  (cost=0.43..8.45 rows=1 width=6)
	        Index Cond: (id = 2430104)

table 8 : explain DELETE FROM sbtest8 WHERE id=8826925
	Delete on sbtest8  (cost=0.43..8.45 rows=1 width=6)
	  ->  Index Scan using sbtest8_pkey on sbtest8  (cost=0.43..8.45 rows=1 width=6)
	        Index Cond: (id = 8826925)

explain: for inserts :: explain INSERT INTO sbtest%u (id, k, c, pad) VALUES (%u, 13, 'foobar', 'foobar')
for: sum_ranges
table 1 : explain SELECT SUM(k) FROM sbtest1 WHERE id BETWEEN 1200179 AND 1200188
	Aggregate  (cost=39.01..39.02 rows=1 width=8)
	  ->  Index Scan using sbtest1_pkey on sbtest1  (cost=0.43..38.99 rows=10 width=4)
	        Index Cond: ((id >= 1200179) AND (id <= 1200188))

table 2 : explain SELECT SUM(k) FROM sbtest2 WHERE id BETWEEN 437373 AND 437382
	Aggregate  (cost=35.71..35.72 rows=1 width=8)
	  ->  Index Scan using sbtest2_pkey on sbtest2  (cost=0.43..35.68 rows=9 width=4)
	        Index Cond: ((id >= 437373) AND (id <= 437382))

table 3 : explain SELECT SUM(k) FROM sbtest3 WHERE id BETWEEN 3399747 AND 3399756
	Aggregate  (cost=39.32..39.33 rows=1 width=8)
	  ->  Index Scan using sbtest3_pkey on sbtest3  (cost=0.43..39.29 rows=10 width=4)
	        Index Cond: ((id >= 3399747) AND (id <= 3399756))

table 4 : explain SELECT SUM(k) FROM sbtest4 WHERE id BETWEEN 9263282 AND 9263291
	Aggregate  (cost=39.32..39.33 rows=1 width=8)
	  ->  Index Scan using sbtest4_pkey on sbtest4  (cost=0.43..39.29 rows=10 width=4)
	        Index Cond: ((id >= 9263282) AND (id <= 9263291))

table 5 : explain SELECT SUM(k) FROM sbtest5 WHERE id BETWEEN 4626522 AND 4626531
	Aggregate  (cost=39.23..39.24 rows=1 width=8)
	  ->  Index Scan using sbtest5_pkey on sbtest5  (cost=0.43..39.21 rows=10 width=4)
	        Index Cond: ((id >= 4626522) AND (id <= 4626531))

table 6 : explain SELECT SUM(k) FROM sbtest6 WHERE id BETWEEN 4717041 AND 4717050
	Aggregate  (cost=35.63..35.64 rows=1 width=8)
	  ->  Index Scan using sbtest6_pkey on sbtest6  (cost=0.43..35.61 rows=9 width=4)
	        Index Cond: ((id >= 4717041) AND (id <= 4717050))

table 7 : explain SELECT SUM(k) FROM sbtest7 WHERE id BETWEEN 2777143 AND 2777152
	Aggregate  (cost=39.25..39.26 rows=1 width=8)
	  ->  Index Scan using sbtest7_pkey on sbtest7  (cost=0.43..39.22 rows=10 width=4)
	        Index Cond: ((id >= 2777143) AND (id <= 2777152))

table 8 : explain SELECT SUM(k) FROM sbtest8 WHERE id BETWEEN 9740804 AND 9740813
	Aggregate  (cost=42.64..42.65 rows=1 width=8)
	  ->  Index Scan using sbtest8_pkey on sbtest8  (cost=0.43..42.61 rows=11 width=4)
	        Index Cond: ((id >= 9740804) AND (id <= 9740813))

for inserts
table 1 : explain INSERT INTO sbtest1 (id, k, c, pad) VALUES (3362887, 13, 'foobar', 'foobar')
	Insert on sbtest1  (cost=0.00..0.01 rows=1 width=736)
	  ->  Result  (cost=0.00..0.01 rows=1 width=736)

table 2 : explain INSERT INTO sbtest2 (id, k, c, pad) VALUES (90537, 13, 'foobar', 'foobar')
	Insert on sbtest2  (cost=0.00..0.01 rows=1 width=736)
	  ->  Result  (cost=0.00..0.01 rows=1 width=736)

table 3 : explain INSERT INTO sbtest3 (id, k, c, pad) VALUES (1340258, 13, 'foobar', 'foobar')
	Insert on sbtest3  (cost=0.00..0.01 rows=1 width=736)
	  ->  Result  (cost=0.00..0.01 rows=1 width=736)

table 4 : explain INSERT INTO sbtest4 (id, k, c, pad) VALUES (1477445, 13, 'foobar', 'foobar')
	Insert on sbtest4  (cost=0.00..0.01 rows=1 width=736)
	  ->  Result  (cost=0.00..0.01 rows=1 width=736)

table 5 : explain INSERT INTO sbtest5 (id, k, c, pad) VALUES (2725338, 13, 'foobar', 'foobar')
	Insert on sbtest5  (cost=0.00..0.01 rows=1 width=736)
	  ->  Result  (cost=0.00..0.01 rows=1 width=736)

table 6 : explain INSERT INTO sbtest6 (id, k, c, pad) VALUES (7299741, 13, 'foobar', 'foobar')
	Insert on sbtest6  (cost=0.00..0.01 rows=1 width=736)
	  ->  Result  (cost=0.00..0.01 rows=1 width=736)

table 7 : explain INSERT INTO sbtest7 (id, k, c, pad) VALUES (2566854, 13, 'foobar', 'foobar')
	Insert on sbtest7  (cost=0.00..0.01 rows=1 width=736)
	  ->  Result  (cost=0.00..0.01 rows=1 width=736)

table 8 : explain INSERT INTO sbtest8 (id, k, c, pad) VALUES (283729, 13, 'foobar', 'foobar')
	Insert on sbtest8  (cost=0.00..0.01 rows=1 width=736)
	  ->  Result  (cost=0.00..0.01 rows=1 width=736)

for: order_ranges
table 1 : explain SELECT c FROM sbtest1 WHERE id BETWEEN 5355567 AND 5355576 ORDER BY c
	Sort  (cost=39.15..39.18 rows=10 width=121)
	  Sort Key: c
	  ->  Index Scan using sbtest1_pkey on sbtest1  (cost=0.43..38.99 rows=10 width=121)
	        Index Cond: ((id >= 5355567) AND (id <= 5355576))

table 2 : explain SELECT c FROM sbtest2 WHERE id BETWEEN 7535088 AND 7535097 ORDER BY c
	Sort  (cost=39.25..39.28 rows=10 width=121)
	  Sort Key: c
	  ->  Index Scan using sbtest2_pkey on sbtest2  (cost=0.43..39.09 rows=10 width=121)
	        Index Cond: ((id >= 7535088) AND (id <= 7535097))

table 3 : explain SELECT c FROM sbtest3 WHERE id BETWEEN 3835928 AND 3835937 ORDER BY c
	Sort  (cost=39.46..39.48 rows=10 width=121)
	  Sort Key: c
	  ->  Index Scan using sbtest3_pkey on sbtest3  (cost=0.43..39.29 rows=10 width=121)
	        Index Cond: ((id >= 3835928) AND (id <= 3835937))

table 4 : explain SELECT c FROM sbtest4 WHERE id BETWEEN 8798770 AND 8798779 ORDER BY c
	Sort  (cost=42.91..42.94 rows=11 width=121)
	  Sort Key: c
	  ->  Index Scan using sbtest4_pkey on sbtest4  (cost=0.43..42.72 rows=11 width=121)
	        Index Cond: ((id >= 8798770) AND (id <= 8798779))

table 5 : explain SELECT c FROM sbtest5 WHERE id BETWEEN 8493282 AND 8493291 ORDER BY c
	Sort  (cost=39.37..39.40 rows=10 width=121)
	  Sort Key: c
	  ->  Index Scan using sbtest5_pkey on sbtest5  (cost=0.43..39.21 rows=10 width=121)
	        Index Cond: ((id >= 8493282) AND (id <= 8493291))

table 6 : explain SELECT c FROM sbtest6 WHERE id BETWEEN 9279555 AND 9279564 ORDER BY c
	Sort  (cost=39.17..39.20 rows=10 width=121)
	  Sort Key: c
	  ->  Index Scan using sbtest6_pkey on sbtest6  (cost=0.43..39.00 rows=10 width=121)
	        Index Cond: ((id >= 9279555) AND (id <= 9279564))

table 7 : explain SELECT c FROM sbtest7 WHERE id BETWEEN 7023509 AND 7023518 ORDER BY c
	Sort  (cost=35.95..35.97 rows=9 width=121)
	  Sort Key: c
	  ->  Index Scan using sbtest7_pkey on sbtest7  (cost=0.43..35.81 rows=9 width=121)
	        Index Cond: ((id >= 7023509) AND (id <= 7023518))

table 8 : explain SELECT c FROM sbtest8 WHERE id BETWEEN 5862818 AND 5862827 ORDER BY c
	Sort  (cost=39.36..39.38 rows=10 width=121)
	  Sort Key: c
	  ->  Index Scan using sbtest8_pkey on sbtest8  (cost=0.43..39.19 rows=10 width=121)
	        Index Cond: ((id >= 5862818) AND (id <= 5862827))

for: distinct_ranges
table 1 : explain SELECT DISTINCT c FROM sbtest1 WHERE id BETWEEN 9726407 AND 9726416 ORDER BY c
	Unique  (cost=39.15..39.20 rows=10 width=121)
	  ->  Sort  (cost=39.15..39.18 rows=10 width=121)
	        Sort Key: c
	        ->  Index Scan using sbtest1_pkey on sbtest1  (cost=0.43..38.99 rows=10 width=121)
	              Index Cond: ((id >= 9726407) AND (id <= 9726416))

table 2 : explain SELECT DISTINCT c FROM sbtest2 WHERE id BETWEEN 1061678 AND 1061687 ORDER BY c
	Unique  (cost=42.68..42.74 rows=11 width=121)
	  ->  Sort  (cost=42.68..42.71 rows=11 width=121)
	        Sort Key: c
	        ->  Index Scan using sbtest2_pkey on sbtest2  (cost=0.43..42.49 rows=11 width=121)
	              Index Cond: ((id >= 1061678) AND (id <= 1061687))

table 3 : explain SELECT DISTINCT c FROM sbtest3 WHERE id BETWEEN 4475136 AND 4475145 ORDER BY c
	Unique  (cost=36.01..36.05 rows=9 width=121)
	  ->  Sort  (cost=36.01..36.03 rows=9 width=121)
	        Sort Key: c
	        ->  Index Scan using sbtest3_pkey on sbtest3  (cost=0.43..35.87 rows=9 width=121)
	              Index Cond: ((id >= 4475136) AND (id <= 4475145))

table 4 : explain SELECT DISTINCT c FROM sbtest4 WHERE id BETWEEN 7558517 AND 7558526 ORDER BY c
	Unique  (cost=39.46..39.51 rows=10 width=121)
	  ->  Sort  (cost=39.46..39.49 rows=10 width=121)
	        Sort Key: c
	        ->  Index Scan using sbtest4_pkey on sbtest4  (cost=0.43..39.29 rows=10 width=121)
	              Index Cond: ((id >= 7558517) AND (id <= 7558526))

table 5 : explain SELECT DISTINCT c FROM sbtest5 WHERE id BETWEEN 1929339 AND 1929348 ORDER BY c
	Unique  (cost=39.37..39.42 rows=10 width=121)
	  ->  Sort  (cost=39.37..39.40 rows=10 width=121)
	        Sort Key: c
	        ->  Index Scan using sbtest5_pkey on sbtest5  (cost=0.43..39.21 rows=10 width=121)
	              Index Cond: ((id >= 1929339) AND (id <= 1929348))

table 6 : explain SELECT DISTINCT c FROM sbtest6 WHERE id BETWEEN 6149879 AND 6149888 ORDER BY c
	Unique  (cost=39.17..39.22 rows=10 width=121)
	  ->  Sort  (cost=39.17..39.20 rows=10 width=121)
	        Sort Key: c
	        ->  Index Scan using sbtest6_pkey on sbtest6  (cost=0.43..39.00 rows=10 width=121)
	              Index Cond: ((id >= 6149879) AND (id <= 6149888))

table 7 : explain SELECT DISTINCT c FROM sbtest7 WHERE id BETWEEN 615678 AND 615687 ORDER BY c
	Unique  (cost=39.39..39.44 rows=10 width=121)
	  ->  Sort  (cost=39.39..39.42 rows=10 width=121)
	        Sort Key: c
	        ->  Index Scan using sbtest7_pkey on sbtest7  (cost=0.43..39.22 rows=10 width=121)
	              Index Cond: ((id >= 615678) AND (id <= 615687))

table 8 : explain SELECT DISTINCT c FROM sbtest8 WHERE id BETWEEN 2805510 AND 2805519 ORDER BY c
	Unique  (cost=39.36..39.41 rows=10 width=121)
	  ->  Sort  (cost=39.36..39.38 rows=10 width=121)
	        Sort Key: c
	        ->  Index Scan using sbtest8_pkey on sbtest8  (cost=0.43..39.19 rows=10 width=121)
	              Index Cond: ((id >= 2805510) AND (id <= 2805519))

explain: for index_updates :: explain UPDATE sbtest%u SET k=k+1 WHERE id=%u
for index_updates
table 1 : explain UPDATE sbtest1 SET k=k+1 WHERE id=9354312
	Update on sbtest1  (cost=0.43..8.46 rows=1 width=196)
	  ->  Index Scan using sbtest1_pkey on sbtest1  (cost=0.43..8.46 rows=1 width=196)
	        Index Cond: (id = 9354312)

table 2 : explain UPDATE sbtest2 SET k=k+1 WHERE id=7991958
	Update on sbtest2  (cost=0.43..8.46 rows=1 width=196)
	  ->  Index Scan using sbtest2_pkey on sbtest2  (cost=0.43..8.46 rows=1 width=196)
	        Index Cond: (id = 7991958)

table 3 : explain UPDATE sbtest3 SET k=k+1 WHERE id=1687909
	Update on sbtest3  (cost=0.43..8.46 rows=1 width=196)
	  ->  Index Scan using sbtest3_pkey on sbtest3  (cost=0.43..8.46 rows=1 width=196)
	        Index Cond: (id = 1687909)

table 4 : explain UPDATE sbtest4 SET k=k+1 WHERE id=4224863
	Update on sbtest4  (cost=0.43..8.46 rows=1 width=196)
	  ->  Index Scan using sbtest4_pkey on sbtest4  (cost=0.43..8.46 rows=1 width=196)
	        Index Cond: (id = 4224863)

table 5 : explain UPDATE sbtest5 SET k=k+1 WHERE id=2979014
	Update on sbtest5  (cost=0.43..8.46 rows=1 width=196)
	  ->  Index Scan using sbtest5_pkey on sbtest5  (cost=0.43..8.46 rows=1 width=196)
	        Index Cond: (id = 2979014)

table 6 : explain UPDATE sbtest6 SET k=k+1 WHERE id=4385563
	Update on sbtest6  (cost=0.43..8.46 rows=1 width=196)
	  ->  Index Scan using sbtest6_pkey on sbtest6  (cost=0.43..8.46 rows=1 width=196)
	        Index Cond: (id = 4385563)

table 7 : explain UPDATE sbtest7 SET k=k+1 WHERE id=7570825
	Update on sbtest7  (cost=0.43..8.46 rows=1 width=196)
	  ->  Index Scan using sbtest7_pkey on sbtest7  (cost=0.43..8.46 rows=1 width=196)
	        Index Cond: (id = 7570825)

table 8 : explain UPDATE sbtest8 SET k=k+1 WHERE id=9082998
	Update on sbtest8  (cost=0.43..8.46 rows=1 width=196)
	  ->  Index Scan using sbtest8_pkey on sbtest8  (cost=0.43..8.46 rows=1 width=196)
	        Index Cond: (id = 9082998)

explain: for non_index_updates :: explain UPDATE sbtest%u SET c='foobar' WHERE id=%u
for non_index_updates
table 1 : explain UPDATE sbtest1 SET c='foobar' WHERE id=2887885
	Update on sbtest1  (cost=0.43..8.45 rows=1 width=559)
	  ->  Index Scan using sbtest1_pkey on sbtest1  (cost=0.43..8.45 rows=1 width=559)
	        Index Cond: (id = 2887885)

table 2 : explain UPDATE sbtest2 SET c='foobar' WHERE id=7300268
	Update on sbtest2  (cost=0.43..8.45 rows=1 width=559)
	  ->  Index Scan using sbtest2_pkey on sbtest2  (cost=0.43..8.45 rows=1 width=559)
	        Index Cond: (id = 7300268)

table 3 : explain UPDATE sbtest3 SET c='foobar' WHERE id=5868738
	Update on sbtest3  (cost=0.43..8.45 rows=1 width=559)
	  ->  Index Scan using sbtest3_pkey on sbtest3  (cost=0.43..8.45 rows=1 width=559)
	        Index Cond: (id = 5868738)

table 4 : explain UPDATE sbtest4 SET c='foobar' WHERE id=2957931
	Update on sbtest4  (cost=0.43..8.45 rows=1 width=559)
	  ->  Index Scan using sbtest4_pkey on sbtest4  (cost=0.43..8.45 rows=1 width=559)
	        Index Cond: (id = 2957931)

table 5 : explain UPDATE sbtest5 SET c='foobar' WHERE id=6069927
	Update on sbtest5  (cost=0.43..8.45 rows=1 width=559)
	  ->  Index Scan using sbtest5_pkey on sbtest5  (cost=0.43..8.45 rows=1 width=559)
	        Index Cond: (id = 6069927)

table 6 : explain UPDATE sbtest6 SET c='foobar' WHERE id=9035226
	Update on sbtest6  (cost=0.43..8.45 rows=1 width=559)
	  ->  Index Scan using sbtest6_pkey on sbtest6  (cost=0.43..8.45 rows=1 width=559)
	        Index Cond: (id = 9035226)

table 7 : explain UPDATE sbtest7 SET c='foobar' WHERE id=8891901
	Update on sbtest7  (cost=0.43..8.45 rows=1 width=559)
	  ->  Index Scan using sbtest7_pkey on sbtest7  (cost=0.43..8.45 rows=1 width=559)
	        Index Cond: (id = 8891901)

table 8 : explain UPDATE sbtest8 SET c='foobar' WHERE id=4179869
	Update on sbtest8  (cost=0.43..8.45 rows=1 width=559)
	  ->  Index Scan using sbtest8_pkey on sbtest8  (cost=0.43..8.45 rows=1 width=559)
	        Index Cond: (id = 4179869)

explain: for deletes :: explain DELETE FROM sbtest%u WHERE id=%u
for deletes
table 1 : explain DELETE FROM sbtest1 WHERE id=43891
	Delete on sbtest1  (cost=0.43..8.45 rows=1 width=6)
	  ->  Index Scan using sbtest1_pkey on sbtest1  (cost=0.43..8.45 rows=1 width=6)
	        Index Cond: (id = 43891)

table 2 : explain DELETE FROM sbtest2 WHERE id=8237008
	Delete on sbtest2  (cost=0.43..8.45 rows=1 width=6)
	  ->  Index Scan using sbtest2_pkey on sbtest2  (cost=0.43..8.45 rows=1 width=6)
	        Index Cond: (id = 8237008)

table 3 : explain DELETE FROM sbtest3 WHERE id=7868041
	Delete on sbtest3  (cost=0.43..8.45 rows=1 width=6)
	  ->  Index Scan using sbtest3_pkey on sbtest3  (cost=0.43..8.45 rows=1 width=6)
	        Index Cond: (id = 7868041)

table 4 : explain DELETE FROM sbtest4 WHERE id=4456560
	Delete on sbtest4  (cost=0.43..8.45 rows=1 width=6)
	  ->  Index Scan using sbtest4_pkey on sbtest4  (cost=0.43..8.45 rows=1 width=6)
	        Index Cond: (id = 4456560)

table 5 : explain DELETE FROM sbtest5 WHERE id=9731686
	Delete on sbtest5  (cost=0.43..8.45 rows=1 width=6)
	  ->  Index Scan using sbtest5_pkey on sbtest5  (cost=0.43..8.45 rows=1 width=6)
	        Index Cond: (id = 9731686)

table 6 : explain DELETE FROM sbtest6 WHERE id=4798703
	Delete on sbtest6  (cost=0.43..8.45 rows=1 width=6)
	  ->  Index Scan using sbtest6_pkey on sbtest6  (cost=0.43..8.45 rows=1 width=6)
	        Index Cond: (id = 4798703)

table 7 : explain DELETE FROM sbtest7 WHERE id=3627331
	Delete on sbtest7  (cost=0.43..8.45 rows=1 width=6)
	  ->  Index Scan using sbtest7_pkey on sbtest7  (cost=0.43..8.45 rows=1 width=6)
	        Index Cond: (id = 3627331)

table 8 : explain DELETE FROM sbtest8 WHERE id=2144783
	Delete on sbtest8  (cost=0.43..8.45 rows=1 width=6)
	  ->  Index Scan using sbtest8_pkey on sbtest8  (cost=0.43..8.45 rows=1 width=6)
	        Index Cond: (id = 2144783)

explain: for inserts :: explain INSERT INTO sbtest%u (id, k, c, pad) VALUES (%u, 13, 'foobar', 'foobar')
for inserts
table 1 : explain INSERT INTO sbtest1 (id, k, c, pad) VALUES (3429788, 13, 'foobar', 'foobar')
	Insert on sbtest1  (cost=0.00..0.01 rows=1 width=736)
	  ->  Result  (cost=0.00..0.01 rows=1 width=736)

table 2 : explain INSERT INTO sbtest2 (id, k, c, pad) VALUES (3765152, 13, 'foobar', 'foobar')
	Insert on sbtest2  (cost=0.00..0.01 rows=1 width=736)
	  ->  Result  (cost=0.00..0.01 rows=1 width=736)

table 3 : explain INSERT INTO sbtest3 (id, k, c, pad) VALUES (1992646, 13, 'foobar', 'foobar')
	Insert on sbtest3  (cost=0.00..0.01 rows=1 width=736)
	  ->  Result  (cost=0.00..0.01 rows=1 width=736)

table 4 : explain INSERT INTO sbtest4 (id, k, c, pad) VALUES (7212915, 13, 'foobar', 'foobar')
	Insert on sbtest4  (cost=0.00..0.01 rows=1 width=736)
	  ->  Result  (cost=0.00..0.01 rows=1 width=736)

table 5 : explain INSERT INTO sbtest5 (id, k, c, pad) VALUES (9474836, 13, 'foobar', 'foobar')
	Insert on sbtest5  (cost=0.00..0.01 rows=1 width=736)
	  ->  Result  (cost=0.00..0.01 rows=1 width=736)

table 6 : explain INSERT INTO sbtest6 (id, k, c, pad) VALUES (4595028, 13, 'foobar', 'foobar')
	Insert on sbtest6  (cost=0.00..0.01 rows=1 width=736)
	  ->  Result  (cost=0.00..0.01 rows=1 width=736)

table 7 : explain INSERT INTO sbtest7 (id, k, c, pad) VALUES (720422, 13, 'foobar', 'foobar')
	Insert on sbtest7  (cost=0.00..0.01 rows=1 width=736)
	  ->  Result  (cost=0.00..0.01 rows=1 width=736)

table 8 : explain INSERT INTO sbtest8 (id, k, c, pad) VALUES (6593850, 13, 'foobar', 'foobar')
	Insert on sbtest8  (cost=0.00..0.01 rows=1 width=736)
	  ->  Result  (cost=0.00..0.01 rows=1 width=736)

Threads started!

Warming up for 5 seconds...

SQL statistics:
    queries performed:
        read:                            450036174
        write:                           128581834
        other:                           64290892
        total:                           642908900
    transactions:                        32145461 (34564.43 per sec.)
    queries:                             642908900 (691288.22 per sec.)
    ignored errors:                      4      (0.00 per sec.)
    reconnects:                          0      (0.00 per sec.)

Throughput:
    events/s (eps):                      34564.4284
    time elapsed:                        930.0158s
    total number of events:              32145461

Latency (ms):
         min:                                    0.89
         avg:                                    1.16
         max:                                   84.09
         95th percentile:                        1.58
         sum:                             37168010.77

Threads fairness:
    events (avg/stddev):           803636.2750/8430.84
    execution time (avg/stddev):   929.2003/0.01

