LUA_PATH=/home/mdcallag/git/mytools/bench/sysbench.lua/lua/?.lua /home/mdcallag/git/mytools/bench/sysbench.lua/lua/sysbench --db-driver=pgsql --range-size=10 --table-size=10000000 --tables=8 --threads=40 --events=0 --warmup-time=5 --time=630 --pgsql_conn_id=true /home/mdcallag/git/mytools/bench/sysbench.lua/lua/oltp_read_only.lua run --pgsql-user=root --pgsql-password=pw --pgsql-host=127.0.0.1 --pgsql-db=ib --rand-type=uniform
48 CPUs
sysbench 1.1.0-9072687 (using bundled LuaJIT 2.1.0-beta3)

Running the test with following options:
Number of threads: 40
Warmup time: 5s
Initializing random number generator from current time


Initializing worker threads...

explain: for point_selects :: explain SELECT c FROM sbtest%u WHERE id=%u
explain: for point_selects :: explain SELECT c FROM sbtest%u WHERE id=%u
explain: for point_selects :: explain SELECT c FROM sbtest%u WHERE id=%u
explain: for point_selects :: explain SELECT c FROM sbtest%u WHERE id=%u
explain: for point_selects :: explain SELECT c FROM sbtest%u WHERE id=%uexplain: for point_selects :: explain SELECT c FROM sbtest%u WHERE id=%u

explain: for point_selects :: explain SELECT c FROM sbtest%u WHERE id=%uexplain: for point_selects :: explain SELECT c FROM sbtest%u WHERE id=%u

explain: for point_selects :: explain SELECT c FROM sbtest%u WHERE id=%uexplain: for point_selects :: explain SELECT c FROM sbtest%u WHERE id=%u
explain: for point_selects :: explain SELECT c FROM sbtest%u WHERE id=%u
explain: for point_selects :: explain SELECT c FROM sbtest%u WHERE id=%u
explain: for point_selects :: explain SELECT c FROM sbtest%u WHERE id=%u
explain: for point_selects :: explain SELECT c FROM sbtest%u WHERE id=%u
explain: for point_selects :: explain SELECT c FROM sbtest%u WHERE id=%u
explain: for point_selects :: explain SELECT c FROM sbtest%u WHERE id=%u
explain: for point_selects :: explain SELECT c FROM sbtest%u WHERE id=%u

explain: for point_selects :: explain SELECT c FROM sbtest%u WHERE id=%u
explain: for point_selects :: explain SELECT c FROM sbtest%u WHERE id=%u
explain: for point_selects :: explain SELECT c FROM sbtest%u WHERE id=%u
explain: for point_selects :: explain SELECT c FROM sbtest%u WHERE id=%u
explain: for point_selects :: explain SELECT c FROM sbtest%u WHERE id=%u
explain: for point_selects :: explain SELECT c FROM sbtest%u WHERE id=%u
explain: for point_selects :: explain SELECT c FROM sbtest%u WHERE id=%u
explain: for point_selects :: explain SELECT c FROM sbtest%u WHERE id=%u
explain: for point_selects :: explain SELECT c FROM sbtest%u WHERE id=%u
explain: for point_selects :: explain SELECT c FROM sbtest%u WHERE id=%u
explain: for point_selects :: explain SELECT c FROM sbtest%u WHERE id=%u
explain: for point_selects :: explain SELECT c FROM sbtest%u WHERE id=%u
explain: for point_selects :: explain SELECT c FROM sbtest%u WHERE id=%u
explain: for point_selects :: explain SELECT c FROM sbtest%u WHERE id=%u
explain: for point_selects :: explain SELECT c FROM sbtest%u WHERE id=%u
explain: for point_selects :: explain SELECT c FROM sbtest%u WHERE id=%u
for point_selects
table 1 : explain SELECT c FROM sbtest1 WHERE id=4380986
	Index Scan using sbtest1_pkey on sbtest1  (cost=0.43..8.45 rows=1 width=121)
	  Index Cond: (id = 4380986)

table 2 : explain SELECT c FROM sbtest2 WHERE id=6778880
	Index Scan using sbtest2_pkey on sbtest2  (cost=0.43..8.45 rows=1 width=121)
	  Index Cond: (id = 6778880)

table 3 : explain SELECT c FROM sbtest3 WHERE id=5463371
	Index Scan using sbtest3_pkey on sbtest3  (cost=0.43..8.45 rows=1 width=121)
	  Index Cond: (id = 5463371)

table 4 : explain SELECT c FROM sbtest4 WHERE id=4944115
	Index Scan using sbtest4_pkey on sbtest4  (cost=0.43..8.45 rows=1 width=121)
	  Index Cond: (id = 4944115)

table 5 : explain SELECT c FROM sbtest5 WHERE id=8116512
	Index Scan using sbtest5_pkey on sbtest5  (cost=0.43..8.45 rows=1 width=121)
	  Index Cond: (id = 8116512)

table 6 : explain SELECT c FROM sbtest6 WHERE id=3227696
	Index Scan using sbtest6_pkey on sbtest6  (cost=0.43..8.45 rows=1 width=121)
	  Index Cond: (id = 3227696)

table 7 : explain SELECT c FROM sbtest7 WHERE id=6567953
	Index Scan using sbtest7_pkey on sbtest7  (cost=0.43..8.45 rows=1 width=121)
	  Index Cond: (id = 6567953)

table 8 : explain SELECT c FROM sbtest8 WHERE id=3646527
	Index Scan using sbtest8_pkey on sbtest8  (cost=0.43..8.45 rows=1 width=121)
	  Index Cond: (id = 3646527)

explain: for point_selects :: explain SELECT c FROM sbtest%u WHERE id=%u
for point_selects
table 1 : explain SELECT c FROM sbtest1 WHERE id=2225693
	Index Scan using sbtest1_pkey on sbtest1  (cost=0.43..8.45 rows=1 width=121)
	  Index Cond: (id = 2225693)

table 2 : explain SELECT c FROM sbtest2 WHERE id=2928793
	Index Scan using sbtest2_pkey on sbtest2  (cost=0.43..8.45 rows=1 width=121)
	  Index Cond: (id = 2928793)

table 3 : explain SELECT c FROM sbtest3 WHERE id=342108
	Index Scan using sbtest3_pkey on sbtest3  (cost=0.43..8.45 rows=1 width=121)
	  Index Cond: (id = 342108)

table 4 : explain SELECT c FROM sbtest4 WHERE id=5270380
	Index Scan using sbtest4_pkey on sbtest4  (cost=0.43..8.45 rows=1 width=121)
	  Index Cond: (id = 5270380)

table 5 : explain SELECT c FROM sbtest5 WHERE id=3687291
	Index Scan using sbtest5_pkey on sbtest5  (cost=0.43..8.45 rows=1 width=121)
	  Index Cond: (id = 3687291)

table 6 : explain SELECT c FROM sbtest6 WHERE id=904804
	Index Scan using sbtest6_pkey on sbtest6  (cost=0.43..8.45 rows=1 width=121)
	  Index Cond: (id = 904804)

table 7 : explain SELECT c FROM sbtest7 WHERE id=2921302
	Index Scan using sbtest7_pkey on sbtest7  (cost=0.43..8.45 rows=1 width=121)
	  Index Cond: (id = 2921302)

table 8 : explain SELECT c FROM sbtest8 WHERE id=747936
	Index Scan using sbtest8_pkey on sbtest8  (cost=0.43..8.45 rows=1 width=121)
	  Index Cond: (id = 747936)

for point_selects
table 1 : explain SELECT c FROM sbtest1 WHERE id=7256431
	Index Scan using sbtest1_pkey on sbtest1  (cost=0.43..8.45 rows=1 width=121)
	  Index Cond: (id = 7256431)

table 2 : explain SELECT c FROM sbtest2 WHERE id=5478071
	Index Scan using sbtest2_pkey on sbtest2  (cost=0.43..8.45 rows=1 width=121)
	  Index Cond: (id = 5478071)

table 3 : explain SELECT c FROM sbtest3 WHERE id=6269520
	Index Scan using sbtest3_pkey on sbtest3  (cost=0.43..8.45 rows=1 width=121)
	  Index Cond: (id = 6269520)

table 4 : explain SELECT c FROM sbtest4 WHERE id=8636327
	Index Scan using sbtest4_pkey on sbtest4  (cost=0.43..8.45 rows=1 width=121)
	  Index Cond: (id = 8636327)

table 5 : explain SELECT c FROM sbtest5 WHERE id=3857461
	Index Scan using sbtest5_pkey on sbtest5  (cost=0.43..8.45 rows=1 width=121)
	  Index Cond: (id = 3857461)

table 6 : explain SELECT c FROM sbtest6 WHERE id=5276809
	Index Scan using sbtest6_pkey on sbtest6  (cost=0.43..8.45 rows=1 width=121)
	  Index Cond: (id = 5276809)

table 7 : explain SELECT c FROM sbtest7 WHERE id=459411
	Index Scan using sbtest7_pkey on sbtest7  (cost=0.43..8.45 rows=1 width=121)
	  Index Cond: (id = 459411)

table 8 : explain SELECT c FROM sbtest8 WHERE id=5180528
	Index Scan using sbtest8_pkey on sbtest8  (cost=0.43..8.45 rows=1 width=121)
	  Index Cond: (id = 5180528)

for point_selects
table 1 : explain SELECT c FROM sbtest1 WHERE id=9941648
	Index Scan using sbtest1_pkey on sbtest1  (cost=0.43..8.45 rows=1 width=121)
	  Index Cond: (id = 9941648)

table 2 : explain SELECT c FROM sbtest2 WHERE id=8362052
	Index Scan using sbtest2_pkey on sbtest2  (cost=0.43..8.45 rows=1 width=121)
	  Index Cond: (id = 8362052)

table 3 : explain SELECT c FROM sbtest3 WHERE id=1882465
	Index Scan using sbtest3_pkey on sbtest3  (cost=0.43..8.45 rows=1 width=121)
	  Index Cond: (id = 1882465)

table 4 : explain SELECT c FROM sbtest4 WHERE id=8824106
	Index Scan using sbtest4_pkey on sbtest4  (cost=0.43..8.45 rows=1 width=121)
	  Index Cond: (id = 8824106)

table 5 : explain SELECT c FROM sbtest5 WHERE id=1387217
	Index Scan using sbtest5_pkey on sbtest5  (cost=0.43..8.45 rows=1 width=121)
	  Index Cond: (id = 1387217)

table 6 : explain SELECT c FROM sbtest6 WHERE id=200586
	Index Scan using sbtest6_pkey on sbtest6  (cost=0.43..8.45 rows=1 width=121)
	  Index Cond: (id = 200586)

table 7 : explain SELECT c FROM sbtest7 WHERE id=2596002
	Index Scan using sbtest7_pkey on sbtest7  (cost=0.43..8.45 rows=1 width=121)
	  Index Cond: (id = 2596002)

table 8 : explain SELECT c FROM sbtest8 WHERE id=4803268
	Index Scan using sbtest8_pkey on sbtest8  (cost=0.43..8.45 rows=1 width=121)
	  Index Cond: (id = 4803268)

explain: for point_selects :: explain SELECT c FROM sbtest%u WHERE id=%u
explain: for point_selects :: explain SELECT c FROM sbtest%u WHERE id=%u
explain: for point_selects :: explain SELECT c FROM sbtest%u WHERE id=%u
explain: for point_selects :: explain SELECT c FROM sbtest%u WHERE id=%u
explain: for point_selects :: explain SELECT c FROM sbtest%u WHERE id=%u
for point_selects
table 1 : explain SELECT c FROM sbtest1 WHERE id=8328507
	Index Scan using sbtest1_pkey on sbtest1  (cost=0.43..8.45 rows=1 width=121)
	  Index Cond: (id = 8328507)

table 2 : explain SELECT c FROM sbtest2 WHERE id=4179737
	Index Scan using sbtest2_pkey on sbtest2  (cost=0.43..8.45 rows=1 width=121)
	  Index Cond: (id = 4179737)

table 3 : explain SELECT c FROM sbtest3 WHERE id=4788692
	Index Scan using sbtest3_pkey on sbtest3  (cost=0.43..8.45 rows=1 width=121)
	  Index Cond: (id = 4788692)

table 4 : explain SELECT c FROM sbtest4 WHERE id=8072876
	Index Scan using sbtest4_pkey on sbtest4  (cost=0.43..8.45 rows=1 width=121)
	  Index Cond: (id = 8072876)

table 5 : explain SELECT c FROM sbtest5 WHERE id=5764287
	Index Scan using sbtest5_pkey on sbtest5  (cost=0.43..8.45 rows=1 width=121)
	  Index Cond: (id = 5764287)

table 6 : explain SELECT c FROM sbtest6 WHERE id=3651960
	Index Scan using sbtest6_pkey on sbtest6  (cost=0.43..8.45 rows=1 width=121)
	  Index Cond: (id = 3651960)

table 7 : explain SELECT c FROM sbtest7 WHERE id=5073819
	Index Scan using sbtest7_pkey on sbtest7  (cost=0.43..8.45 rows=1 width=121)
	  Index Cond: (id = 5073819)

table 8 : explain SELECT c FROM sbtest8 WHERE id=8393372
	Index Scan using sbtest8_pkey on sbtest8  (cost=0.43..8.45 rows=1 width=121)
	  Index Cond: (id = 8393372)

for point_selects
table 1 : explain SELECT c FROM sbtest1 WHERE id=296265
	Index Scan using sbtest1_pkey on sbtest1  (cost=0.43..8.45 rows=1 width=121)
	  Index Cond: (id = 296265)

table 2 : explain SELECT c FROM sbtest2 WHERE id=8639132
	Index Scan using sbtest2_pkey on sbtest2  (cost=0.43..8.45 rows=1 width=121)
	  Index Cond: (id = 8639132)

table 3 : explain SELECT c FROM sbtest3 WHERE id=5685101
	Index Scan using sbtest3_pkey on sbtest3  (cost=0.43..8.45 rows=1 width=121)
	  Index Cond: (id = 5685101)

table 4 : explain SELECT c FROM sbtest4 WHERE id=8983978
	Index Scan using sbtest4_pkey on sbtest4  (cost=0.43..8.45 rows=1 width=121)
	  Index Cond: (id = 8983978)

table 5 : explain SELECT c FROM sbtest5 WHERE id=7414041
	Index Scan using sbtest5_pkey on sbtest5  (cost=0.43..8.45 rows=1 width=121)
	  Index Cond: (id = 7414041)

table 6 : explain SELECT c FROM sbtest6 WHERE id=7760096
	Index Scan using sbtest6_pkey on sbtest6  (cost=0.43..8.45 rows=1 width=121)
	  Index Cond: (id = 7760096)

table 7 : explain SELECT c FROM sbtest7 WHERE id=8003550
	Index Scan using sbtest7_pkey on sbtest7  (cost=0.43..8.45 rows=1 width=121)
	  Index Cond: (id = 8003550)

table 8 : explain SELECT c FROM sbtest8 WHERE id=390428
	Index Scan using sbtest8_pkey on sbtest8  (cost=0.43..8.45 rows=1 width=121)
	  Index Cond: (id = 390428)

for point_selects
table 1 : explain SELECT c FROM sbtest1 WHERE id=6474118
	Index Scan using sbtest1_pkey on sbtest1  (cost=0.43..8.45 rows=1 width=121)
	  Index Cond: (id = 6474118)

table 2 : explain SELECT c FROM sbtest2 WHERE id=5289889
	Index Scan using sbtest2_pkey on sbtest2  (cost=0.43..8.45 rows=1 width=121)
	  Index Cond: (id = 5289889)

table 3 : explain SELECT c FROM sbtest3 WHERE id=2694588
	Index Scan using sbtest3_pkey on sbtest3  (cost=0.43..8.45 rows=1 width=121)
	  Index Cond: (id = 2694588)

table 4 : explain SELECT c FROM sbtest4 WHERE id=6625874
	Index Scan using sbtest4_pkey on sbtest4  (cost=0.43..8.45 rows=1 width=121)
	  Index Cond: (id = 6625874)

table 5 : explain SELECT c FROM sbtest5 WHERE id=5095545
	Index Scan using sbtest5_pkey on sbtest5  (cost=0.43..8.45 rows=1 width=121)
	  Index Cond: (id = 5095545)

table 6 : explain SELECT c FROM sbtest6 WHERE id=3546442
	Index Scan using sbtest6_pkey on sbtest6  (cost=0.43..8.45 rows=1 width=121)
	  Index Cond: (id = 3546442)

table 7 : explain SELECT c FROM sbtest7 WHERE id=7892530
	Index Scan using sbtest7_pkey on sbtest7  (cost=0.43..8.45 rows=1 width=121)
	  Index Cond: (id = 7892530)

table 8 : explain SELECT c FROM sbtest8 WHERE id=1774759
	Index Scan using sbtest8_pkey on sbtest8  (cost=0.43..8.45 rows=1 width=121)
	  Index Cond: (id = 1774759)

for point_selects
table 1 : explain SELECT c FROM sbtest1 WHERE id=4291201
	Index Scan using sbtest1_pkey on sbtest1  (cost=0.43..8.45 rows=1 width=121)
	  Index Cond: (id = 4291201)

table 2 : explain SELECT c FROM sbtest2 WHERE id=3625752
	Index Scan using sbtest2_pkey on sbtest2  (cost=0.43..8.45 rows=1 width=121)
	  Index Cond: (id = 3625752)

table 3 : explain SELECT c FROM sbtest3 WHERE id=6785283
	Index Scan using sbtest3_pkey on sbtest3  (cost=0.43..8.45 rows=1 width=121)
	  Index Cond: (id = 6785283)

table 4 : explain SELECT c FROM sbtest4 WHERE id=9225150
	Index Scan using sbtest4_pkey on sbtest4  (cost=0.43..8.45 rows=1 width=121)
	  Index Cond: (id = 9225150)

table 5 : explain SELECT c FROM sbtest5 WHERE id=5997172
	Index Scan using sbtest5_pkey on sbtest5  (cost=0.43..8.45 rows=1 width=121)
	  Index Cond: (id = 5997172)

table 6 : explain SELECT c FROM sbtest6 WHERE id=4810292
	Index Scan using sbtest6_pkey on sbtest6  (cost=0.43..8.45 rows=1 width=121)
	  Index Cond: (id = 4810292)

table 7 : explain SELECT c FROM sbtest7 WHERE id=1749709
	Index Scan using sbtest7_pkey on sbtest7  (cost=0.43..8.45 rows=1 width=121)
	  Index Cond: (id = 1749709)

table 8 : explain SELECT c FROM sbtest8 WHERE id=4740817
	Index Scan using sbtest8_pkey on sbtest8  (cost=0.43..8.45 rows=1 width=121)
	  Index Cond: (id = 4740817)

for point_selects
table 1 : explain SELECT c FROM sbtest1 WHERE id=7985811
	Index Scan using sbtest1_pkey on sbtest1  (cost=0.43..8.45 rows=1 width=121)
	  Index Cond: (id = 7985811)

table 2 : explain SELECT c FROM sbtest2 WHERE id=3905442
	Index Scan using sbtest2_pkey on sbtest2  (cost=0.43..8.45 rows=1 width=121)
	  Index Cond: (id = 3905442)

table 3 : explain SELECT c FROM sbtest3 WHERE id=1767618
	Index Scan using sbtest3_pkey on sbtest3  (cost=0.43..8.45 rows=1 width=121)
	  Index Cond: (id = 1767618)

table 4 : explain SELECT c FROM sbtest4 WHERE id=9873602
	Index Scan using sbtest4_pkey on sbtest4  (cost=0.43..8.45 rows=1 width=121)
	  Index Cond: (id = 9873602)

table 5 : explain SELECT c FROM sbtest5 WHERE id=4257218
	Index Scan using sbtest5_pkey on sbtest5  (cost=0.43..8.45 rows=1 width=121)
	  Index Cond: (id = 4257218)

table 6 : explain SELECT c FROM sbtest6 WHERE id=1841012
	Index Scan using sbtest6_pkey on sbtest6  (cost=0.43..8.45 rows=1 width=121)
	  Index Cond: (id = 1841012)

table 7 : explain SELECT c FROM sbtest7 WHERE id=7920845
	Index Scan using sbtest7_pkey on sbtest7  (cost=0.43..8.45 rows=1 width=121)
	  Index Cond: (id = 7920845)

table 8 : explain SELECT c FROM sbtest8 WHERE id=4837428
	Index Scan using sbtest8_pkey on sbtest8  (cost=0.43..8.45 rows=1 width=121)
	  Index Cond: (id = 4837428)

for point_selects
table 1 : explain SELECT c FROM sbtest1 WHERE id=9498537
	Index Scan using sbtest1_pkey on sbtest1  (cost=0.43..8.45 rows=1 width=121)
	  Index Cond: (id = 9498537)

table 2 : explain SELECT c FROM sbtest2 WHERE id=136330
	Index Scan using sbtest2_pkey on sbtest2  (cost=0.43..8.45 rows=1 width=121)
	  Index Cond: (id = 136330)

table 3 : explain SELECT c FROM sbtest3 WHERE id=8910868
	Index Scan using sbtest3_pkey on sbtest3  (cost=0.43..8.45 rows=1 width=121)
	  Index Cond: (id = 8910868)

table 4 : explain SELECT c FROM sbtest4 WHERE id=3439049
	Index Scan using sbtest4_pkey on sbtest4  (cost=0.43..8.45 rows=1 width=121)
	  Index Cond: (id = 3439049)

table 5 : explain SELECT c FROM sbtest5 WHERE id=5026952
	Index Scan using sbtest5_pkey on sbtest5  (cost=0.43..8.45 rows=1 width=121)
	  Index Cond: (id = 5026952)

table 6 : explain SELECT c FROM sbtest6 WHERE id=3987283
	Index Scan using sbtest6_pkey on sbtest6  (cost=0.43..8.45 rows=1 width=121)
	  Index Cond: (id = 3987283)

table 7 : explain SELECT c FROM sbtest7 WHERE id=660718
	Index Scan using sbtest7_pkey on sbtest7  (cost=0.43..8.45 rows=1 width=121)
	  Index Cond: (id = 660718)

table 8 : explain SELECT c FROM sbtest8 WHERE id=1381428
	Index Scan using sbtest8_pkey on sbtest8  (cost=0.43..8.45 rows=1 width=121)
	  Index Cond: (id = 1381428)

for point_selects
table 1 : explain SELECT c FROM sbtest1 WHERE id=4863951
	Index Scan using sbtest1_pkey on sbtest1  (cost=0.43..8.45 rows=1 width=121)
	  Index Cond: (id = 4863951)

table 2 : explain SELECT c FROM sbtest2 WHERE id=5465826
	Index Scan using sbtest2_pkey on sbtest2  (cost=0.43..8.45 rows=1 width=121)
	  Index Cond: (id = 5465826)

table 3 : explain SELECT c FROM sbtest3 WHERE id=2338325
	Index Scan using sbtest3_pkey on sbtest3  (cost=0.43..8.45 rows=1 width=121)
	  Index Cond: (id = 2338325)

table 4 : explain SELECT c FROM sbtest4 WHERE id=5275417
	Index Scan using sbtest4_pkey on sbtest4  (cost=0.43..8.45 rows=1 width=121)
	  Index Cond: (id = 5275417)

table 5 : explain SELECT c FROM sbtest5 WHERE id=1345099
	Index Scan using sbtest5_pkey on sbtest5  (cost=0.43..8.45 rows=1 width=121)
	  Index Cond: (id = 1345099)

table 6 : explain SELECT c FROM sbtest6 WHERE id=6156226
	Index Scan using sbtest6_pkey on sbtest6  (cost=0.43..8.45 rows=1 width=121)
	  Index Cond: (id = 6156226)

table 7 : explain SELECT c FROM sbtest7 WHERE id=2860805
	Index Scan using sbtest7_pkey on sbtest7  (cost=0.43..8.45 rows=1 width=121)
	  Index Cond: (id = 2860805)

table 8 : explain SELECT c FROM sbtest8 WHERE id=6905174
	Index Scan using sbtest8_pkey on sbtest8  (cost=0.43..8.45 rows=1 width=121)
	  Index Cond: (id = 6905174)

for point_selects
table 1 : explain SELECT c FROM sbtest1 WHERE id=4365483
	Index Scan using sbtest1_pkey on sbtest1  (cost=0.43..8.45 rows=1 width=121)
	  Index Cond: (id = 4365483)

table 2 : explain SELECT c FROM sbtest2 WHERE id=9231558
	Index Scan using sbtest2_pkey on sbtest2  (cost=0.43..8.45 rows=1 width=121)
	  Index Cond: (id = 9231558)

table 3 : explain SELECT c FROM sbtest3 WHERE id=7433901
	Index Scan using sbtest3_pkey on sbtest3  (cost=0.43..8.45 rows=1 width=121)
	  Index Cond: (id = 7433901)

table 4 : explain SELECT c FROM sbtest4 WHERE id=5128801
	Index Scan using sbtest4_pkey on sbtest4  (cost=0.43..8.45 rows=1 width=121)
	  Index Cond: (id = 5128801)

table 5 : explain SELECT c FROM sbtest5 WHERE id=5763032
	Index Scan using sbtest5_pkey on sbtest5  (cost=0.43..8.45 rows=1 width=121)
	  Index Cond: (id = 5763032)

table 6 : explain SELECT c FROM sbtest6 WHERE id=7718266
	Index Scan using sbtest6_pkey on sbtest6  (cost=0.43..8.45 rows=1 width=121)
	  Index Cond: (id = 7718266)

table 7 : explain SELECT c FROM sbtest7 WHERE id=2863846
	Index Scan using sbtest7_pkey on sbtest7  (cost=0.43..8.45 rows=1 width=121)
	  Index Cond: (id = 2863846)

table 8 : explain SELECT c FROM sbtest8 WHERE id=6538949
	Index Scan using sbtest8_pkey on sbtest8  (cost=0.43..8.45 rows=1 width=121)
	  Index Cond: (id = 6538949)

for point_selects
table 1 : explain SELECT c FROM sbtest1 WHERE id=2176729
	Index Scan using sbtest1_pkey on sbtest1  (cost=0.43..8.45 rows=1 width=121)
	  Index Cond: (id = 2176729)

table 2 : explain SELECT c FROM sbtest2 WHERE id=3467293
	Index Scan using sbtest2_pkey on sbtest2  (cost=0.43..8.45 rows=1 width=121)
	  Index Cond: (id = 3467293)

table 3 : explain SELECT c FROM sbtest3 WHERE id=9143854
	Index Scan using sbtest3_pkey on sbtest3  (cost=0.43..8.45 rows=1 width=121)
	  Index Cond: (id = 9143854)

table 4 : explain SELECT c FROM sbtest4 WHERE id=5975136
	Index Scan using sbtest4_pkey on sbtest4  (cost=0.43..8.45 rows=1 width=121)
	  Index Cond: (id = 5975136)

table 5 : explain SELECT c FROM sbtest5 WHERE id=7485455
	Index Scan using sbtest5_pkey on sbtest5  (cost=0.43..8.45 rows=1 width=121)
	  Index Cond: (id = 7485455)

table 6 : explain SELECT c FROM sbtest6 WHERE id=1010322
	Index Scan using sbtest6_pkey on sbtest6  (cost=0.43..8.45 rows=1 width=121)
	  Index Cond: (id = 1010322)

table 7 : explain SELECT c FROM sbtest7 WHERE id=5412113
	Index Scan using sbtest7_pkey on sbtest7  (cost=0.43..8.45 rows=1 width=121)
	  Index Cond: (id = 5412113)

table 8 : explain SELECT c FROM sbtest8 WHERE id=1104287
	Index Scan using sbtest8_pkey on sbtest8  (cost=0.43..8.45 rows=1 width=121)
	  Index Cond: (id = 1104287)

for point_selects
table 1 : explain SELECT c FROM sbtest1 WHERE id=9333633
	Index Scan using sbtest1_pkey on sbtest1  (cost=0.43..8.45 rows=1 width=121)
	  Index Cond: (id = 9333633)

table 2 : explain SELECT c FROM sbtest2 WHERE id=3521098
	Index Scan using sbtest2_pkey on sbtest2  (cost=0.43..8.45 rows=1 width=121)
	  Index Cond: (id = 3521098)

table 3 : explain SELECT c FROM sbtest3 WHERE id=3444670
	Index Scan using sbtest3_pkey on sbtest3  (cost=0.43..8.45 rows=1 width=121)
	  Index Cond: (id = 3444670)

table 4 : explain SELECT c FROM sbtest4 WHERE id=3396469
	Index Scan using sbtest4_pkey on sbtest4  (cost=0.43..8.45 rows=1 width=121)
	  Index Cond: (id = 3396469)

table 5 : explain SELECT c FROM sbtest5 WHERE id=4211420
	Index Scan using sbtest5_pkey on sbtest5  (cost=0.43..8.45 rows=1 width=121)
	  Index Cond: (id = 4211420)

table 6 : explain SELECT c FROM sbtest6 WHERE id=4665386
	Index Scan using sbtest6_pkey on sbtest6  (cost=0.43..8.45 rows=1 width=121)
	  Index Cond: (id = 4665386)

table 7 : explain SELECT c FROM sbtest7 WHERE id=7208617
	Index Scan using sbtest7_pkey on sbtest7  (cost=0.43..8.45 rows=1 width=121)
	  Index Cond: (id = 7208617)

table 8 : explain SELECT c FROM sbtest8 WHERE id=5373354
	Index Scan using sbtest8_pkey on sbtest8  (cost=0.43..8.45 rows=1 width=121)
	  Index Cond: (id = 5373354)

for point_selects
table 1 : explain SELECT c FROM sbtest1 WHERE id=9699895
	Index Scan using sbtest1_pkey on sbtest1  (cost=0.43..8.45 rows=1 width=121)
	  Index Cond: (id = 9699895)

table 2 : explain SELECT c FROM sbtest2 WHERE id=3080934
	Index Scan using sbtest2_pkey on sbtest2  (cost=0.43..8.45 rows=1 width=121)
	  Index Cond: (id = 3080934)

table 3 : explain SELECT c FROM sbtest3 WHERE id=3870790
	Index Scan using sbtest3_pkey on sbtest3  (cost=0.43..8.45 rows=1 width=121)
	  Index Cond: (id = 3870790)

table 4 : explain SELECT c FROM sbtest4 WHERE id=5175128
	Index Scan using sbtest4_pkey on sbtest4  (cost=0.43..8.45 rows=1 width=121)
	  Index Cond: (id = 5175128)

table 5 : explain SELECT c FROM sbtest5 WHERE id=7666832
	Index Scan using sbtest5_pkey on sbtest5  (cost=0.43..8.45 rows=1 width=121)
	  Index Cond: (id = 7666832)

table 6 : explain SELECT c FROM sbtest6 WHERE id=1904476
	Index Scan using sbtest6_pkey on sbtest6  (cost=0.43..8.45 rows=1 width=121)
	  Index Cond: (id = 1904476)

table 7 : explain SELECT c FROM sbtest7 WHERE id=9837041
	Index Scan using sbtest7_pkey on sbtest7  (cost=0.43..8.45 rows=1 width=121)
	  Index Cond: (id = 9837041)

table 8 : explain SELECT c FROM sbtest8 WHERE id=8455272
	Index Scan using sbtest8_pkey on sbtest8  (cost=0.43..8.45 rows=1 width=121)
	  Index Cond: (id = 8455272)

for point_selects
table 1 : explain SELECT c FROM sbtest1 WHERE id=6715126
	Index Scan using sbtest1_pkey on sbtest1  (cost=0.43..8.45 rows=1 width=121)
	  Index Cond: (id = 6715126)

table 2 : explain SELECT c FROM sbtest2 WHERE id=1744971
	Index Scan using sbtest2_pkey on sbtest2  (cost=0.43..8.45 rows=1 width=121)
	  Index Cond: (id = 1744971)

table 3 : explain SELECT c FROM sbtest3 WHERE id=9342419
	Index Scan using sbtest3_pkey on sbtest3  (cost=0.43..8.45 rows=1 width=121)
	  Index Cond: (id = 9342419)

table 4 : explain SELECT c FROM sbtest4 WHERE id=4360869
	Index Scan using sbtest4_pkey on sbtest4  (cost=0.43..8.45 rows=1 width=121)
	  Index Cond: (id = 4360869)

table 5 : explain SELECT c FROM sbtest5 WHERE id=5519544
	Index Scan using sbtest5_pkey on sbtest5  (cost=0.43..8.45 rows=1 width=121)
	  Index Cond: (id = 5519544)

table 6 : explain SELECT c FROM sbtest6 WHERE id=9866210
	Index Scan using sbtest6_pkey on sbtest6  (cost=0.43..8.45 rows=1 width=121)
	  Index Cond: (id = 9866210)

table 7 : explain SELECT c FROM sbtest7 WHERE id=4828369
	Index Scan using sbtest7_pkey on sbtest7  (cost=0.43..8.45 rows=1 width=121)
	  Index Cond: (id = 4828369)

table 8 : explain SELECT c FROM sbtest8 WHERE id=5106534
	Index Scan using sbtest8_pkey on sbtest8  (cost=0.43..8.45 rows=1 width=121)
	  Index Cond: (id = 5106534)

for point_selects
table 1 : explain SELECT c FROM sbtest1 WHERE id=6197014
	Index Scan using sbtest1_pkey on sbtest1  (cost=0.43..8.45 rows=1 width=121)
	  Index Cond: (id = 6197014)

table 2 : explain SELECT c FROM sbtest2 WHERE id=9324064
	Index Scan using sbtest2_pkey on sbtest2  (cost=0.43..8.45 rows=1 width=121)
	  Index Cond: (id = 9324064)

table 3 : explain SELECT c FROM sbtest3 WHERE id=7381567
	Index Scan using sbtest3_pkey on sbtest3  (cost=0.43..8.45 rows=1 width=121)
	  Index Cond: (id = 7381567)

table 4 : explain SELECT c FROM sbtest4 WHERE id=6837281
	Index Scan using sbtest4_pkey on sbtest4  (cost=0.43..8.45 rows=1 width=121)
	  Index Cond: (id = 6837281)

table 5 : explain SELECT c FROM sbtest5 WHERE id=5331534
	Index Scan using sbtest5_pkey on sbtest5  (cost=0.43..8.45 rows=1 width=121)
	  Index Cond: (id = 5331534)

table 6 : explain SELECT c FROM sbtest6 WHERE id=7529034
	Index Scan using sbtest6_pkey on sbtest6  (cost=0.43..8.45 rows=1 width=121)
	  Index Cond: (id = 7529034)

table 7 : explain SELECT c FROM sbtest7 WHERE id=4429813
	Index Scan using sbtest7_pkey on sbtest7  (cost=0.43..8.45 rows=1 width=121)
	  Index Cond: (id = 4429813)

table 8 : explain SELECT c FROM sbtest8 WHERE id=57192
	Index Scan using sbtest8_pkey on sbtest8  (cost=0.43..8.45 rows=1 width=121)
	  Index Cond: (id = 57192)
for: simple_ranges
table 1 : explain SELECT c FROM sbtest1 WHERE id BETWEEN 740706 AND 740715
	Index Scan using sbtest1_pkey on sbtest1  (cost=0.43..43.67 rows=10 width=121)
	  Index Cond: ((id >= 740706) AND (id <= 740715))

table 2 : explain SELECT c FROM sbtest2 WHERE id BETWEEN 5892303 AND 5892312
	Index Scan using sbtest2_pkey on sbtest2  (cost=0.43..43.96 rows=10 width=121)
	  Index Cond: ((id >= 5892303) AND (id <= 5892312))

table 3 : explain SELECT c FROM sbtest3 WHERE id BETWEEN 2920930 AND 2920939
	Index Scan using sbtest3_pkey on sbtest3  (cost=0.43..43.76 rows=10 width=121)
	  Index Cond: ((id >= 2920930) AND (id <= 2920939))

table 4 : explain SELECT c FROM sbtest4 WHERE id BETWEEN 8542930 AND 8542939
	Index Scan using sbtest4_pkey on sbtest4  (cost=0.43..43.74 rows=10 width=121)
	  Index Cond: ((id >= 8542930) AND (id <= 8542939))

table 5 : explain SELECT c FROM sbtest5 WHERE id BETWEEN 8853735 AND 8853744
	Index Scan using sbtest5_pkey on sbtest5  (cost=0.43..47.67 rows=11 width=121)
	  Index Cond: ((id >= 8853735) AND (id <= 8853744))

table 6 : explain SELECT c FROM sbtest6 WHERE id BETWEEN 5927836 AND 5927845
	Index Scan using sbtest6_pkey on sbtest6  (cost=0.43..43.74 rows=10 width=121)
	  Index Cond: ((id >= 5927836) AND (id <= 5927845))

table 7 : explain SELECT c FROM sbtest7 WHERE id BETWEEN 659758 AND 659767
	Index Scan using sbtest7_pkey on sbtest7  (cost=0.43..43.67 rows=10 width=121)
	  Index Cond: ((id >= 659758) AND (id <= 659767))

table 8 : explain SELECT c FROM sbtest8 WHERE id BETWEEN 330827 AND 330836
	Index Scan using sbtest8_pkey on sbtest8  (cost=0.43..43.52 rows=10 width=121)
	  Index Cond: ((id >= 330827) AND (id <= 330836))

for point_selects
table 1 : explain SELECT c FROM sbtest1 WHERE id=5539154
	Index Scan using sbtest1_pkey on sbtest1  (cost=0.43..8.45 rows=1 width=121)
	  Index Cond: (id = 5539154)

table 2 : explain SELECT c FROM sbtest2 WHERE id=6348759
	Index Scan using sbtest2_pkey on sbtest2  (cost=0.43..8.45 rows=1 width=121)
	  Index Cond: (id = 6348759)

table 3 : explain SELECT c FROM sbtest3 WHERE id=8221326
	Index Scan using sbtest3_pkey on sbtest3  (cost=0.43..8.45 rows=1 width=121)
	  Index Cond: (id = 8221326)

table 4 : explain SELECT c FROM sbtest4 WHERE id=8626748
	Index Scan using sbtest4_pkey on sbtest4  (cost=0.43..8.45 rows=1 width=121)
	  Index Cond: (id = 8626748)

table 5 : explain SELECT c FROM sbtest5 WHERE id=7478741
	Index Scan using sbtest5_pkey on sbtest5  (cost=0.43..8.45 rows=1 width=121)
	  Index Cond: (id = 7478741)

table 6 : explain SELECT c FROM sbtest6 WHERE id=5287622
	Index Scan using sbtest6_pkey on sbtest6  (cost=0.43..8.45 rows=1 width=121)
	  Index Cond: (id = 5287622)

table 7 : explain SELECT c FROM sbtest7 WHERE id=8344605
	Index Scan using sbtest7_pkey on sbtest7  (cost=0.43..8.45 rows=1 width=121)
	  Index Cond: (id = 8344605)

table 8 : explain SELECT c FROM sbtest8 WHERE id=1015243
	Index Scan using sbtest8_pkey on sbtest8  (cost=0.43..8.45 rows=1 width=121)
	  Index Cond: (id = 1015243)


for point_selects
table 1 : explain SELECT c FROM sbtest1 WHERE id=2053262
	Index Scan using sbtest1_pkey on sbtest1  (cost=0.43..8.45 rows=1 width=121)
	  Index Cond: (id = 2053262)

table 2 : explain SELECT c FROM sbtest2 WHERE id=7684284
	Index Scan using sbtest2_pkey on sbtest2  (cost=0.43..8.45 rows=1 width=121)
	  Index Cond: (id = 7684284)

table 3 : explain SELECT c FROM sbtest3 WHERE id=5523701
	Index Scan using sbtest3_pkey on sbtest3  (cost=0.43..8.45 rows=1 width=121)
	  Index Cond: (id = 5523701)

table 4 : explain SELECT c FROM sbtest4 WHERE id=8842452
	Index Scan using sbtest4_pkey on sbtest4  (cost=0.43..8.45 rows=1 width=121)
	  Index Cond: (id = 8842452)

table 5 : explain SELECT c FROM sbtest5 WHERE id=8119597
	Index Scan using sbtest5_pkey on sbtest5  (cost=0.43..8.45 rows=1 width=121)
	  Index Cond: (id = 8119597)

table 6 : explain SELECT c FROM sbtest6 WHERE id=671473
	Index Scan using sbtest6_pkey on sbtest6  (cost=0.43..8.45 rows=1 width=121)
	  Index Cond: (id = 671473)

table 7 : explain SELECT c FROM sbtest7 WHERE id=5675662
	Index Scan using sbtest7_pkey on sbtest7  (cost=0.43..8.45 rows=1 width=121)
	  Index Cond: (id = 5675662)

table 8 : explain SELECT c FROM sbtest8 WHERE id=9311279
	Index Scan using sbtest8_pkey on sbtest8  (cost=0.43..8.45 rows=1 width=121)
	  Index Cond: (id = 9311279)

for point_selects
table 1 : explain SELECT c FROM sbtest1 WHERE id=3183656
	Index Scan using sbtest1_pkey on sbtest1  (cost=0.43..8.45 rows=1 width=121)
	  Index Cond: (id = 3183656)

table 2 : explain SELECT c FROM sbtest2 WHERE id=9632876
	Index Scan using sbtest2_pkey on sbtest2  (cost=0.43..8.45 rows=1 width=121)
	  Index Cond: (id = 9632876)

table 3 : explain SELECT c FROM sbtest3 WHERE id=885938
	Index Scan using sbtest3_pkey on sbtest3  (cost=0.43..8.45 rows=1 width=121)
	  Index Cond: (id = 885938)

table 4 : explain SELECT c FROM sbtest4 WHERE id=9718757
	Index Scan using sbtest4_pkey on sbtest4  (cost=0.43..8.45 rows=1 width=121)
	  Index Cond: (id = 9718757)

table 5 : explain SELECT c FROM sbtest5 WHERE id=2737285
	Index Scan using sbtest5_pkey on sbtest5  (cost=0.43..8.45 rows=1 width=121)
	  Index Cond: (id = 2737285)

table 6 : explain SELECT c FROM sbtest6 WHERE id=4456082
	Index Scan using sbtest6_pkey on sbtest6  (cost=0.43..8.45 rows=1 width=121)
	  Index Cond: (id = 4456082)

table 7 : explain SELECT c FROM sbtest7 WHERE id=3280906
	Index Scan using sbtest7_pkey on sbtest7  (cost=0.43..8.45 rows=1 width=121)
	  Index Cond: (id = 3280906)

table 8 : explain SELECT c FROM sbtest8 WHERE id=6358509
	Index Scan using sbtest8_pkey on sbtest8  (cost=0.43..8.45 rows=1 width=121)
	  Index Cond: (id = 6358509)

for point_selects
table 1 : explain SELECT c FROM sbtest1 WHERE id=5983769
	Index Scan using sbtest1_pkey on sbtest1  (cost=0.43..8.45 rows=1 width=121)
	  Index Cond: (id = 5983769)

table 2 : explain SELECT c FROM sbtest2 WHERE id=6783749
	Index Scan using sbtest2_pkey on sbtest2  (cost=0.43..8.45 rows=1 width=121)
	  Index Cond: (id = 6783749)

table 3 : explain SELECT c FROM sbtest3 WHERE id=1093982
	Index Scan using sbtest3_pkey on sbtest3  (cost=0.43..8.45 rows=1 width=121)
	  Index Cond: (id = 1093982)

table 4 : explain SELECT c FROM sbtest4 WHERE id=9562144
	Index Scan using sbtest4_pkey on sbtest4  (cost=0.43..8.45 rows=1 width=121)
	  Index Cond: (id = 9562144)

table 5 : explain SELECT c FROM sbtest5 WHERE id=482464
	Index Scan using sbtest5_pkey on sbtest5  (cost=0.43..8.45 rows=1 width=121)
	  Index Cond: (id = 482464)

table 6 : explain SELECT c FROM sbtest6 WHERE id=7766545
	Index Scan using sbtest6_pkey on sbtest6  (cost=0.43..8.45 rows=1 width=121)
	  Index Cond: (id = 7766545)

table 7 : explain SELECT c FROM sbtest7 WHERE id=4367726
	Index Scan using sbtest7_pkey on sbtest7  (cost=0.43..8.45 rows=1 width=121)
	  Index Cond: (id = 4367726)

table 8 : explain SELECT c FROM sbtest8 WHERE id=7166677
	Index Scan using sbtest8_pkey on sbtest8  (cost=0.43..8.45 rows=1 width=121)
	  Index Cond: (id = 7166677)

for point_selects
table 1 : explain SELECT c FROM sbtest1 WHERE id=1718249
	Index Scan using sbtest1_pkey on sbtest1  (cost=0.43..8.45 rows=1 width=121)
	  Index Cond: (id = 1718249)

table 2 : explain SELECT c FROM sbtest2 WHERE id=5588355
	Index Scan using sbtest2_pkey on sbtest2  (cost=0.43..8.45 rows=1 width=121)
	  Index Cond: (id = 5588355)

table 3 : explain SELECT c FROM sbtest3 WHERE id=3225400
	Index Scan using sbtest3_pkey on sbtest3  (cost=0.43..8.45 rows=1 width=121)
	  Index Cond: (id = 3225400)

table 4 : explain SELECT c FROM sbtest4 WHERE id=8404440
	Index Scan using sbtest4_pkey on sbtest4  (cost=0.43..8.45 rows=1 width=121)
	  Index Cond: (id = 8404440)

table 5 : explain SELECT c FROM sbtest5 WHERE id=2148739
	Index Scan using sbtest5_pkey on sbtest5  (cost=0.43..8.45 rows=1 width=121)
	  Index Cond: (id = 2148739)

table 6 : explain SELECT c FROM sbtest6 WHERE id=3887968
	Index Scan using sbtest6_pkey on sbtest6  (cost=0.43..8.45 rows=1 width=121)
	  Index Cond: (id = 3887968)

table 7 : explain SELECT c FROM sbtest7 WHERE id=4046423
	Index Scan using sbtest7_pkey on sbtest7  (cost=0.43..8.45 rows=1 width=121)
	  Index Cond: (id = 4046423)

table 8 : explain SELECT c FROM sbtest8 WHERE id=4608560
	Index Scan using sbtest8_pkey on sbtest8  (cost=0.43..8.45 rows=1 width=121)
	  Index Cond: (id = 4608560)

for point_selects
table 1 : explain SELECT c FROM sbtest1 WHERE id=7974620
	Index Scan using sbtest1_pkey on sbtest1  (cost=0.43..8.45 rows=1 width=121)
	  Index Cond: (id = 7974620)

table 2 : explain SELECT c FROM sbtest2 WHERE id=4058753
	Index Scan using sbtest2_pkey on sbtest2  (cost=0.43..8.45 rows=1 width=121)
	  Index Cond: (id = 4058753)

table 3 : explain SELECT c FROM sbtest3 WHERE id=9780950
	Index Scan using sbtest3_pkey on sbtest3  (cost=0.43..8.45 rows=1 width=121)
	  Index Cond: (id = 9780950)

table 4 : explain SELECT c FROM sbtest4 WHERE id=5138246
	Index Scan using sbtest4_pkey on sbtest4  (cost=0.43..8.45 rows=1 width=121)
	  Index Cond: (id = 5138246)

table 5 : explain SELECT c FROM sbtest5 WHERE id=9789255
	Index Scan using sbtest5_pkey on sbtest5  (cost=0.43..8.45 rows=1 width=121)
	  Index Cond: (id = 9789255)

table 6 : explain SELECT c FROM sbtest6 WHERE id=4888432
	Index Scan using sbtest6_pkey on sbtest6  (cost=0.43..8.45 rows=1 width=121)
	  Index Cond: (id = 4888432)

table 7 : explain SELECT c FROM sbtest7 WHERE id=1821492
	Index Scan using sbtest7_pkey on sbtest7  (cost=0.43..8.45 rows=1 width=121)
	  Index Cond: (id = 1821492)

table 8 : explain SELECT c FROM sbtest8 WHERE id=9352955
	Index Scan using sbtest8_pkey on sbtest8  (cost=0.43..8.45 rows=1 width=121)
	  Index Cond: (id = 9352955)

for: simple_ranges
table 1 : explain SELECT c FROM sbtest1 WHERE id BETWEEN 8633659 AND 8633668
	Index Scan using sbtest1_pkey on sbtest1  (cost=0.43..43.67 rows=10 width=121)
	  Index Cond: ((id >= 8633659) AND (id <= 8633668))

table 2 : explain SELECT c FROM sbtest2 WHERE id BETWEEN 4947253 AND 4947262
	Index Scan using sbtest2_pkey on sbtest2  (cost=0.43..43.96 rows=10 width=121)
	  Index Cond: ((id >= 4947253) AND (id <= 4947262))

table 3 : explain SELECT c FROM sbtest3 WHERE id BETWEEN 3262926 AND 3262935
	Index Scan using sbtest3_pkey on sbtest3  (cost=0.43..39.84 rows=9 width=121)
	  Index Cond: ((id >= 3262926) AND (id <= 3262935))

table 4 : explain SELECT c FROM sbtest4 WHERE id BETWEEN 3085280 AND 3085289
	Index Scan using sbtest4_pkey on sbtest4  (cost=0.43..43.74 rows=10 width=121)
	  Index Cond: ((id >= 3085280) AND (id <= 3085289))

table 5 : explain SELECT c FROM sbtest5 WHERE id BETWEEN 207225 AND 207234
	Index Scan using sbtest5_pkey on sbtest5  (cost=0.43..47.67 rows=11 width=121)
	  Index Cond: ((id >= 207225) AND (id <= 207234))

table 6 : explain SELECT c FROM sbtest6 WHERE id BETWEEN 1490218 AND 1490227
	Index Scan using sbtest6_pkey on sbtest6  (cost=0.43..39.82 rows=9 width=121)
	  Index Cond: ((id >= 1490218) AND (id <= 1490227))

table 7 : explain SELECT c FROM sbtest7 WHERE id BETWEEN 4317429 AND 4317438
	Index Scan using sbtest7_pkey on sbtest7  (cost=0.43..43.67 rows=10 width=121)
	  Index Cond: ((id >= 4317429) AND (id <= 4317438))

table 8 : explain SELECT c FROM sbtest8 WHERE id BETWEEN 7667631 AND 7667640
	Index Scan using sbtest8_pkey on sbtest8  (cost=0.43..43.52 rows=10 width=121)
	  Index Cond: ((id >= 7667631) AND (id <= 7667640))

for: simple_ranges
table 1 : explain SELECT c FROM sbtest1 WHERE id BETWEEN 4728797 AND 4728806
	Index Scan using sbtest1_pkey on sbtest1  (cost=0.43..43.67 rows=10 width=121)
	  Index Cond: ((id >= 4728797) AND (id <= 4728806))

table 2 : explain SELECT c FROM sbtest2 WHERE id BETWEEN 1074203 AND 1074212
	Index Scan using sbtest2_pkey on sbtest2  (cost=0.43..43.96 rows=10 width=121)
	  Index Cond: ((id >= 1074203) AND (id <= 1074212))

table 3 : explain SELECT c FROM sbtest3 WHERE id BETWEEN 5800487 AND 5800496
	Index Scan using sbtest3_pkey on sbtest3  (cost=0.43..43.76 rows=10 width=121)
	  Index Cond: ((id >= 5800487) AND (id <= 5800496))

table 4 : explain SELECT c FROM sbtest4 WHERE id BETWEEN 3826761 AND 3826770
	Index Scan using sbtest4_pkey on sbtest4  (cost=0.43..43.74 rows=10 width=121)
	  Index Cond: ((id >= 3826761) AND (id <= 3826770))

table 5 : explain SELECT c FROM sbtest5 WHERE id BETWEEN 219804 AND 219813
	Index Scan using sbtest5_pkey on sbtest5  (cost=0.43..47.67 rows=11 width=121)
	  Index Cond: ((id >= 219804) AND (id <= 219813))

table 6 : explain SELECT c FROM sbtest6 WHERE id BETWEEN 9962677 AND 9962686
	Index Scan using sbtest6_pkey on sbtest6  (cost=0.43..47.66 rows=11 width=121)
	  Index Cond: ((id >= 9962677) AND (id <= 9962686))

table 7 : explain SELECT c FROM sbtest7 WHERE id BETWEEN 8836446 AND 8836455
	Index Scan using sbtest7_pkey on sbtest7  (cost=0.43..43.67 rows=10 width=121)
	  Index Cond: ((id >= 8836446) AND (id <= 8836455))

table 8 : explain SELECT c FROM sbtest8 WHERE id BETWEEN 1018536 AND 1018545
	Index Scan using sbtest8_pkey on sbtest8  (cost=0.43..43.52 rows=10 width=121)
	  Index Cond: ((id >= 1018536) AND (id <= 1018545))

for point_selects
table 1 : explain SELECT c FROM sbtest1 WHERE id=6855384
	Index Scan using sbtest1_pkey on sbtest1  (cost=0.43..8.45 rows=1 width=121)
	  Index Cond: (id = 6855384)

table 2 : explain SELECT c FROM sbtest2 WHERE id=6339823
	Index Scan using sbtest2_pkey on sbtest2  (cost=0.43..8.45 rows=1 width=121)
	  Index Cond: (id = 6339823)

table 3 : explain SELECT c FROM sbtest3 WHERE id=778064
	Index Scan using sbtest3_pkey on sbtest3  (cost=0.43..8.45 rows=1 width=121)
	  Index Cond: (id = 778064)

table 4 : explain SELECT c FROM sbtest4 WHERE id=9626019
	Index Scan using sbtest4_pkey on sbtest4  (cost=0.43..8.45 rows=1 width=121)
	  Index Cond: (id = 9626019)

table 5 : explain SELECT c FROM sbtest5 WHERE id=271893
	Index Scan using sbtest5_pkey on sbtest5  (cost=0.43..8.45 rows=1 width=121)
	  Index Cond: (id = 271893)

table 6 : explain SELECT c FROM sbtest6 WHERE id=2844973
	Index Scan using sbtest6_pkey on sbtest6  (cost=0.43..8.45 rows=1 width=121)
	  Index Cond: (id = 2844973)

table 7 : explain SELECT c FROM sbtest7 WHERE id=9276438
	Index Scan using sbtest7_pkey on sbtest7  (cost=0.43..8.45 rows=1 width=121)
	  Index Cond: (id = 9276438)

table 8 : explain SELECT c FROM sbtest8 WHERE id=5470300
	Index Scan using sbtest8_pkey on sbtest8  (cost=0.43..8.45 rows=1 width=121)
	  Index Cond: (id = 5470300)

for: simple_ranges
table 1 : explain SELECT c FROM sbtest1 WHERE id BETWEEN 566887 AND 566896
	Index Scan using sbtest1_pkey on sbtest1  (cost=0.43..43.67 rows=10 width=121)
	  Index Cond: ((id >= 566887) AND (id <= 566896))

table 2 : explain SELECT c FROM sbtest2 WHERE id BETWEEN 5662749 AND 5662758
	Index Scan using sbtest2_pkey on sbtest2  (cost=0.43..43.96 rows=10 width=121)
	  Index Cond: ((id >= 5662749) AND (id <= 5662758))

table 3 : explain SELECT c FROM sbtest3 WHERE id BETWEEN 2218231 AND 2218240
	Index Scan using sbtest3_pkey on sbtest3  (cost=0.43..43.76 rows=10 width=121)
	  Index Cond: ((id >= 2218231) AND (id <= 2218240))

table 4 : explain SELECT c FROM sbtest4 WHERE id BETWEEN 560042 AND 560051
	Index Scan using sbtest4_pkey on sbtest4  (cost=0.43..43.74 rows=10 width=121)
	  Index Cond: ((id >= 560042) AND (id <= 560051))

table 5 : explain SELECT c FROM sbtest5 WHERE id BETWEEN 4695669 AND 4695678
	Index Scan using sbtest5_pkey on sbtest5  (cost=0.43..47.67 rows=11 width=121)
	  Index Cond: ((id >= 4695669) AND (id <= 4695678))

table 6 : explain SELECT c FROM sbtest6 WHERE id BETWEEN 3941800 AND 3941809
	Index Scan using sbtest6_pkey on sbtest6  (cost=0.43..47.66 rows=11 width=121)
	  Index Cond: ((id >= 3941800) AND (id <= 3941809))

table 7 : explain SELECT c FROM sbtest7 WHERE id BETWEEN 5729532 AND 5729541
	Index Scan using sbtest7_pkey on sbtest7  (cost=0.43..43.67 rows=10 width=121)
	  Index Cond: ((id >= 5729532) AND (id <= 5729541))

table 8 : explain SELECT c FROM sbtest8 WHERE id BETWEEN 3290058 AND 3290067
	Index Scan using sbtest8_pkey on sbtest8  (cost=0.43..43.52 rows=10 width=121)
	  Index Cond: ((id >= 3290058) AND (id <= 3290067))

for point_selects
table 1 : explain SELECT c FROM sbtest1 WHERE id=1095914
	Index Scan using sbtest1_pkey on sbtest1  (cost=0.43..8.45 rows=1 width=121)
	  Index Cond: (id = 1095914)

table 2 : explain SELECT c FROM sbtest2 WHERE id=9483589
	Index Scan using sbtest2_pkey on sbtest2  (cost=0.43..8.45 rows=1 width=121)
	  Index Cond: (id = 9483589)

table 3 : explain SELECT c FROM sbtest3 WHERE id=9201326
	Index Scan using sbtest3_pkey on sbtest3  (cost=0.43..8.45 rows=1 width=121)
	  Index Cond: (id = 9201326)

table 4 : explain SELECT c FROM sbtest4 WHERE id=1290687
	Index Scan using sbtest4_pkey on sbtest4  (cost=0.43..8.45 rows=1 width=121)
	  Index Cond: (id = 1290687)

table 5 : explain SELECT c FROM sbtest5 WHERE id=2807138
	Index Scan using sbtest5_pkey on sbtest5  (cost=0.43..8.45 rows=1 width=121)
	  Index Cond: (id = 2807138)

table 6 : explain SELECT c FROM sbtest6 WHERE id=6721161
	Index Scan using sbtest6_pkey on sbtest6  (cost=0.43..8.45 rows=1 width=121)
	  Index Cond: (id = 6721161)

table 7 : explain SELECT c FROM sbtest7 WHERE id=7562537
	Index Scan using sbtest7_pkey on sbtest7  (cost=0.43..8.45 rows=1 width=121)
	  Index Cond: (id = 7562537)

table 8 : explain SELECT c FROM sbtest8 WHERE id=1415780
	Index Scan using sbtest8_pkey on sbtest8  (cost=0.43..8.45 rows=1 width=121)
	  Index Cond: (id = 1415780)

for point_selects
table 1 : explain SELECT c FROM sbtest1 WHERE id=8578633
	Index Scan using sbtest1_pkey on sbtest1  (cost=0.43..8.45 rows=1 width=121)
	  Index Cond: (id = 8578633)

table 2 : explain SELECT c FROM sbtest2 WHERE id=8546098
	Index Scan using sbtest2_pkey on sbtest2  (cost=0.43..8.45 rows=1 width=121)
	  Index Cond: (id = 8546098)

table 3 : explain SELECT c FROM sbtest3 WHERE id=3274288
	Index Scan using sbtest3_pkey on sbtest3  (cost=0.43..8.45 rows=1 width=121)
	  Index Cond: (id = 3274288)

table 4 : explain SELECT c FROM sbtest4 WHERE id=3553195
	Index Scan using sbtest4_pkey on sbtest4  (cost=0.43..8.45 rows=1 width=121)
	  Index Cond: (id = 3553195)

table 5 : explain SELECT c FROM sbtest5 WHERE id=6913145
	Index Scan using sbtest5_pkey on sbtest5  (cost=0.43..8.45 rows=1 width=121)
	  Index Cond: (id = 6913145)

table 6 : explain SELECT c FROM sbtest6 WHERE id=183783
	Index Scan using sbtest6_pkey on sbtest6  (cost=0.43..8.45 rows=1 width=121)
	  Index Cond: (id = 183783)

table 7 : explain SELECT c FROM sbtest7 WHERE id=9246904
	Index Scan using sbtest7_pkey on sbtest7  (cost=0.43..8.45 rows=1 width=121)
	  Index Cond: (id = 9246904)

table 8 : explain SELECT c FROM sbtest8 WHERE id=4703905
	Index Scan using sbtest8_pkey on sbtest8  (cost=0.43..8.45 rows=1 width=121)
	  Index Cond: (id = 4703905)

explain: for point_selects :: explain SELECT c FROM sbtest%u WHERE id=%u
for point_selects
table 1 : explain SELECT c FROM sbtest1 WHERE id=8791335
	Index Scan using sbtest1_pkey on sbtest1  (cost=0.43..8.45 rows=1 width=121)
	  Index Cond: (id = 8791335)

table 2 : explain SELECT c FROM sbtest2 WHERE id=8581074
	Index Scan using sbtest2_pkey on sbtest2  (cost=0.43..8.45 rows=1 width=121)
	  Index Cond: (id = 8581074)

table 3 : explain SELECT c FROM sbtest3 WHERE id=8115637
	Index Scan using sbtest3_pkey on sbtest3  (cost=0.43..8.45 rows=1 width=121)
	  Index Cond: (id = 8115637)

table 4 : explain SELECT c FROM sbtest4 WHERE id=341820
	Index Scan using sbtest4_pkey on sbtest4  (cost=0.43..8.45 rows=1 width=121)
	  Index Cond: (id = 341820)

table 5 : explain SELECT c FROM sbtest5 WHERE id=8247335
	Index Scan using sbtest5_pkey on sbtest5  (cost=0.43..8.45 rows=1 width=121)
	  Index Cond: (id = 8247335)

table 6 : explain SELECT c FROM sbtest6 WHERE id=4247753
	Index Scan using sbtest6_pkey on sbtest6  (cost=0.43..8.45 rows=1 width=121)
	  Index Cond: (id = 4247753)

table 7 : explain SELECT c FROM sbtest7 WHERE id=2350444
	Index Scan using sbtest7_pkey on sbtest7  (cost=0.43..8.45 rows=1 width=121)
	  Index Cond: (id = 2350444)

table 8 : explain SELECT c FROM sbtest8 WHERE id=8867564
	Index Scan using sbtest8_pkey on sbtest8  (cost=0.43..8.45 rows=1 width=121)
	  Index Cond: (id = 8867564)

for point_selects
table 1 : explain SELECT c FROM sbtest1 WHERE id=4897950
	Index Scan using sbtest1_pkey on sbtest1  (cost=0.43..8.45 rows=1 width=121)
	  Index Cond: (id = 4897950)

table 2 : explain SELECT c FROM sbtest2 WHERE id=8884701
	Index Scan using sbtest2_pkey on sbtest2  (cost=0.43..8.45 rows=1 width=121)
	  Index Cond: (id = 8884701)

table 3 : explain SELECT c FROM sbtest3 WHERE id=2289334
	Index Scan using sbtest3_pkey on sbtest3  (cost=0.43..8.45 rows=1 width=121)
	  Index Cond: (id = 2289334)

table 4 : explain SELECT c FROM sbtest4 WHERE id=7200907
	Index Scan using sbtest4_pkey on sbtest4  (cost=0.43..8.45 rows=1 width=121)
	  Index Cond: (id = 7200907)

table 5 : explain SELECT c FROM sbtest5 WHERE id=7489878
	Index Scan using sbtest5_pkey on sbtest5  (cost=0.43..8.45 rows=1 width=121)
	  Index Cond: (id = 7489878)

table 6 : explain SELECT c FROM sbtest6 WHERE id=9134020
	Index Scan using sbtest6_pkey on sbtest6  (cost=0.43..8.45 rows=1 width=121)
	  Index Cond: (id = 9134020)

table 7 : explain SELECT c FROM sbtest7 WHERE id=6766077
	Index Scan using sbtest7_pkey on sbtest7  (cost=0.43..8.45 rows=1 width=121)
	  Index Cond: (id = 6766077)

table 8 : explain SELECT c FROM sbtest8 WHERE id=1841791
	Index Scan using sbtest8_pkey on sbtest8  (cost=0.43..8.45 rows=1 width=121)
	  Index Cond: (id = 1841791)

for point_selects
table 1 : explain SELECT c FROM sbtest1 WHERE id=5038639
	Index Scan using sbtest1_pkey on sbtest1  (cost=0.43..8.45 rows=1 width=121)
	  Index Cond: (id = 5038639)

table 2 : explain SELECT c FROM sbtest2 WHERE id=1266972
	Index Scan using sbtest2_pkey on sbtest2  (cost=0.43..8.45 rows=1 width=121)
	  Index Cond: (id = 1266972)

table 3 : explain SELECT c FROM sbtest3 WHERE id=7691148
	Index Scan using sbtest3_pkey on sbtest3  (cost=0.43..8.45 rows=1 width=121)
	  Index Cond: (id = 7691148)

table 4 : explain SELECT c FROM sbtest4 WHERE id=2850285
	Index Scan using sbtest4_pkey on sbtest4  (cost=0.43..8.45 rows=1 width=121)
	  Index Cond: (id = 2850285)

table 5 : explain SELECT c FROM sbtest5 WHERE id=4170128
	Index Scan using sbtest5_pkey on sbtest5  (cost=0.43..8.45 rows=1 width=121)
	  Index Cond: (id = 4170128)

table 6 : explain SELECT c FROM sbtest6 WHERE id=3801724
	Index Scan using sbtest6_pkey on sbtest6  (cost=0.43..8.45 rows=1 width=121)
	  Index Cond: (id = 3801724)

table 7 : explain SELECT c FROM sbtest7 WHERE id=6254963
	Index Scan using sbtest7_pkey on sbtest7  (cost=0.43..8.45 rows=1 width=121)
	  Index Cond: (id = 6254963)

table 8 : explain SELECT c FROM sbtest8 WHERE id=474960
	Index Scan using sbtest8_pkey on sbtest8  (cost=0.43..8.45 rows=1 width=121)
	  Index Cond: (id = 474960)

for point_selects
table 1 : explain SELECT c FROM sbtest1 WHERE id=5738507
	Index Scan using sbtest1_pkey on sbtest1  (cost=0.43..8.45 rows=1 width=121)
	  Index Cond: (id = 5738507)

table 2 : explain SELECT c FROM sbtest2 WHERE id=4141859
	Index Scan using sbtest2_pkey on sbtest2  (cost=0.43..8.45 rows=1 width=121)
	  Index Cond: (id = 4141859)

table 3 : explain SELECT c FROM sbtest3 WHERE id=6655001
	Index Scan using sbtest3_pkey on sbtest3  (cost=0.43..8.45 rows=1 width=121)
	  Index Cond: (id = 6655001)

table 4 : explain SELECT c FROM sbtest4 WHERE id=5401064
	Index Scan using sbtest4_pkey on sbtest4  (cost=0.43..8.45 rows=1 width=121)
	  Index Cond: (id = 5401064)

table 5 : explain SELECT c FROM sbtest5 WHERE id=4378051
	Index Scan using sbtest5_pkey on sbtest5  (cost=0.43..8.45 rows=1 width=121)
	  Index Cond: (id = 4378051)

table 6 : explain SELECT c FROM sbtest6 WHERE id=298232
	Index Scan using sbtest6_pkey on sbtest6  (cost=0.43..8.45 rows=1 width=121)
	  Index Cond: (id = 298232)

table 7 : explain SELECT c FROM sbtest7 WHERE id=6306436
	Index Scan using sbtest7_pkey on sbtest7  (cost=0.43..8.45 rows=1 width=121)
	  Index Cond: (id = 6306436)

table 8 : explain SELECT c FROM sbtest8 WHERE id=2274356
	Index Scan using sbtest8_pkey on sbtest8  (cost=0.43..8.45 rows=1 width=121)
	  Index Cond: (id = 2274356)

for: simple_ranges
table 1 : explain SELECT c FROM sbtest1 WHERE id BETWEEN 6339906 AND 6339915
	Index Scan using sbtest1_pkey on sbtest1  (cost=0.43..43.67 rows=10 width=121)
	  Index Cond: ((id >= 6339906) AND (id <= 6339915))

table 2 : explain SELECT c FROM sbtest2 WHERE id BETWEEN 975436 AND 975445
	Index Scan using sbtest2_pkey on sbtest2  (cost=0.43..43.96 rows=10 width=121)
	  Index Cond: ((id >= 975436) AND (id <= 975445))

table 3 : explain SELECT c FROM sbtest3 WHERE id BETWEEN 7556289 AND 7556298
	Index Scan using sbtest3_pkey on sbtest3  (cost=0.43..43.76 rows=10 width=121)
	  Index Cond: ((id >= 7556289) AND (id <= 7556298))

table 4 : explain SELECT c FROM sbtest4 WHERE id BETWEEN 8091814 AND 8091823
	Index Scan using sbtest4_pkey on sbtest4  (cost=0.43..43.74 rows=10 width=121)
	  Index Cond: ((id >= 8091814) AND (id <= 8091823))

table 5 : explain SELECT c FROM sbtest5 WHERE id BETWEEN 2572564 AND 2572573
	Index Scan using sbtest5_pkey on sbtest5  (cost=0.43..43.74 rows=10 width=121)
	  Index Cond: ((id >= 2572564) AND (id <= 2572573))

table 6 : explain SELECT c FROM sbtest6 WHERE id BETWEEN 4932194 AND 4932203
	Index Scan using sbtest6_pkey on sbtest6  (cost=0.43..43.74 rows=10 width=121)
	  Index Cond: ((id >= 4932194) AND (id <= 4932203))

table 7 : explain SELECT c FROM sbtest7 WHERE id BETWEEN 9415984 AND 9415993
	Index Scan using sbtest7_pkey on sbtest7  (cost=0.43..43.67 rows=10 width=121)
	  Index Cond: ((id >= 9415984) AND (id <= 9415993))

table 8 : explain SELECT c FROM sbtest8 WHERE id BETWEEN 3509884 AND 3509893
	Index Scan using sbtest8_pkey on sbtest8  (cost=0.43..39.63 rows=9 width=121)
	  Index Cond: ((id >= 3509884) AND (id <= 3509893))

for point_selects
table 1 : explain SELECT c FROM sbtest1 WHERE id=6459998
	Index Scan using sbtest1_pkey on sbtest1  (cost=0.43..8.45 rows=1 width=121)
	  Index Cond: (id = 6459998)

table 2 : explain SELECT c FROM sbtest2 WHERE id=9050445
	Index Scan using sbtest2_pkey on sbtest2  (cost=0.43..8.45 rows=1 width=121)
	  Index Cond: (id = 9050445)

table 3 : explain SELECT c FROM sbtest3 WHERE id=8518464
	Index Scan using sbtest3_pkey on sbtest3  (cost=0.43..8.45 rows=1 width=121)
	  Index Cond: (id = 8518464)

table 4 : explain SELECT c FROM sbtest4 WHERE id=8188964
	Index Scan using sbtest4_pkey on sbtest4  (cost=0.43..8.45 rows=1 width=121)
	  Index Cond: (id = 8188964)

table 5 : explain SELECT c FROM sbtest5 WHERE id=4691114
	Index Scan using sbtest5_pkey on sbtest5  (cost=0.43..8.45 rows=1 width=121)
	  Index Cond: (id = 4691114)

table 6 : explain SELECT c FROM sbtest6 WHERE id=6274878
	Index Scan using sbtest6_pkey on sbtest6  (cost=0.43..8.45 rows=1 width=121)
	  Index Cond: (id = 6274878)

table 7 : explain SELECT c FROM sbtest7 WHERE id=7361696
	Index Scan using sbtest7_pkey on sbtest7  (cost=0.43..8.45 rows=1 width=121)
	  Index Cond: (id = 7361696)

table 8 : explain SELECT c FROM sbtest8 WHERE id=4821054
	Index Scan using sbtest8_pkey on sbtest8  (cost=0.43..8.45 rows=1 width=121)
	  Index Cond: (id = 4821054)

for: simple_ranges
table 1 : explain SELECT c FROM sbtest1 WHERE id BETWEEN 6522865 AND 6522874
	Index Scan using sbtest1_pkey on sbtest1  (cost=0.43..47.58 rows=11 width=121)
	  Index Cond: ((id >= 6522865) AND (id <= 6522874))

table 2 : explain SELECT c FROM sbtest2 WHERE id BETWEEN 8488095 AND 8488104
	Index Scan using sbtest2_pkey on sbtest2  (cost=0.43..40.01 rows=9 width=121)
	  Index Cond: ((id >= 8488095) AND (id <= 8488104))

table 3 : explain SELECT c FROM sbtest3 WHERE id BETWEEN 7848718 AND 7848727
	Index Scan using sbtest3_pkey on sbtest3  (cost=0.43..39.84 rows=9 width=121)
	  Index Cond: ((id >= 7848718) AND (id <= 7848727))

table 4 : explain SELECT c FROM sbtest4 WHERE id BETWEEN 7206221 AND 7206230
	Index Scan using sbtest4_pkey on sbtest4  (cost=0.43..39.82 rows=9 width=121)
	  Index Cond: ((id >= 7206221) AND (id <= 7206230))

table 5 : explain SELECT c FROM sbtest5 WHERE id BETWEEN 3605152 AND 3605161
	Index Scan using sbtest5_pkey on sbtest5  (cost=0.43..43.74 rows=10 width=121)
	  Index Cond: ((id >= 3605152) AND (id <= 3605161))

table 6 : explain SELECT c FROM sbtest6 WHERE id BETWEEN 1829924 AND 1829933
	Index Scan using sbtest6_pkey on sbtest6  (cost=0.43..43.74 rows=10 width=121)
	  Index Cond: ((id >= 1829924) AND (id <= 1829933))

table 7 : explain SELECT c FROM sbtest7 WHERE id BETWEEN 3424965 AND 3424974
	Index Scan using sbtest7_pkey on sbtest7  (cost=0.43..43.67 rows=10 width=121)
	  Index Cond: ((id >= 3424965) AND (id <= 3424974))

table 8 : explain SELECT c FROM sbtest8 WHERE id BETWEEN 7758968 AND 7758977
	Index Scan using sbtest8_pkey on sbtest8  (cost=0.43..43.52 rows=10 width=121)
	  Index Cond: ((id >= 7758968) AND (id <= 7758977))

for point_selects
table 1 : explain SELECT c FROM sbtest1 WHERE id=8870010
	Index Scan using sbtest1_pkey on sbtest1  (cost=0.43..8.45 rows=1 width=121)
	  Index Cond: (id = 8870010)

table 2 : explain SELECT c FROM sbtest2 WHERE id=9602214
	Index Scan using sbtest2_pkey on sbtest2  (cost=0.43..8.45 rows=1 width=121)
	  Index Cond: (id = 9602214)

table 3 : explain SELECT c FROM sbtest3 WHERE id=4605040
	Index Scan using sbtest3_pkey on sbtest3  (cost=0.43..8.45 rows=1 width=121)
	  Index Cond: (id = 4605040)

table 4 : explain SELECT c FROM sbtest4 WHERE id=8258096
	Index Scan using sbtest4_pkey on sbtest4  (cost=0.43..8.45 rows=1 width=121)
	  Index Cond: (id = 8258096)

table 5 : explain SELECT c FROM sbtest5 WHERE id=3901934
	Index Scan using sbtest5_pkey on sbtest5  (cost=0.43..8.45 rows=1 width=121)
	  Index Cond: (id = 3901934)

table 6 : explain SELECT c FROM sbtest6 WHERE id=8091425
	Index Scan using sbtest6_pkey on sbtest6  (cost=0.43..8.45 rows=1 width=121)
	  Index Cond: (id = 8091425)

table 7 : explain SELECT c FROM sbtest7 WHERE id=7663022
	Index Scan using sbtest7_pkey on sbtest7  (cost=0.43..8.45 rows=1 width=121)
	  Index Cond: (id = 7663022)

table 8 : explain SELECT c FROM sbtest8 WHERE id=7398891
	Index Scan using sbtest8_pkey on sbtest8  (cost=0.43..8.45 rows=1 width=121)
	  Index Cond: (id = 7398891)
for point_selects
table 1 : explain SELECT c FROM sbtest1 WHERE id=8655427
	Index Scan using sbtest1_pkey on sbtest1  (cost=0.43..8.45 rows=1 width=121)
	  Index Cond: (id = 8655427)

table 2 : explain SELECT c FROM sbtest2 WHERE id=7543262
	Index Scan using sbtest2_pkey on sbtest2  (cost=0.43..8.45 rows=1 width=121)
	  Index Cond: (id = 7543262)

table 3 : explain SELECT c FROM sbtest3 WHERE id=7341938
	Index Scan using sbtest3_pkey on sbtest3  (cost=0.43..8.45 rows=1 width=121)
	  Index Cond: (id = 7341938)

table 4 : explain SELECT c FROM sbtest4 WHERE id=4480946
	Index Scan using sbtest4_pkey on sbtest4  (cost=0.43..8.45 rows=1 width=121)
	  Index Cond: (id = 4480946)

table 5 : explain SELECT c FROM sbtest5 WHERE id=7911397
	Index Scan using sbtest5_pkey on sbtest5  (cost=0.43..8.45 rows=1 width=121)
	  Index Cond: (id = 7911397)

table 6 : explain SELECT c FROM sbtest6 WHERE id=6187602
	Index Scan using sbtest6_pkey on sbtest6  (cost=0.43..8.45 rows=1 width=121)
	  Index Cond: (id = 6187602)

table 7 : explain SELECT c FROM sbtest7 WHERE id=3086752
	Index Scan using sbtest7_pkey on sbtest7  (cost=0.43..8.45 rows=1 width=121)
	  Index Cond: (id = 3086752)

table 8 : explain SELECT c FROM sbtest8 WHERE id=5727195
	Index Scan using sbtest8_pkey on sbtest8  (cost=0.43..8.45 rows=1 width=121)
	  Index Cond: (id = 5727195)


for point_selects
table 1 : explain SELECT c FROM sbtest1 WHERE id=6043109
	Index Scan using sbtest1_pkey on sbtest1  (cost=0.43..8.45 rows=1 width=121)
	  Index Cond: (id = 6043109)

table 2 : explain SELECT c FROM sbtest2 WHERE id=8389210
	Index Scan using sbtest2_pkey on sbtest2  (cost=0.43..8.45 rows=1 width=121)
	  Index Cond: (id = 8389210)

table 3 : explain SELECT c FROM sbtest3 WHERE id=4333844
	Index Scan using sbtest3_pkey on sbtest3  (cost=0.43..8.45 rows=1 width=121)
	  Index Cond: (id = 4333844)

table 4 : explain SELECT c FROM sbtest4 WHERE id=5267028
	Index Scan using sbtest4_pkey on sbtest4  (cost=0.43..8.45 rows=1 width=121)
	  Index Cond: (id = 5267028)

table 5 : explain SELECT c FROM sbtest5 WHERE id=8800925
	Index Scan using sbtest5_pkey on sbtest5  (cost=0.43..8.45 rows=1 width=121)
	  Index Cond: (id = 8800925)

table 6 : explain SELECT c FROM sbtest6 WHERE id=5857379
	Index Scan using sbtest6_pkey on sbtest6  (cost=0.43..8.45 rows=1 width=121)
	  Index Cond: (id = 5857379)

table 7 : explain SELECT c FROM sbtest7 WHERE id=9382002
	Index Scan using sbtest7_pkey on sbtest7  (cost=0.43..8.45 rows=1 width=121)
	  Index Cond: (id = 9382002)

table 8 : explain SELECT c FROM sbtest8 WHERE id=9693432
	Index Scan using sbtest8_pkey on sbtest8  (cost=0.43..8.45 rows=1 width=121)
	  Index Cond: (id = 9693432)

for point_selects
table 1 : explain SELECT c FROM sbtest1 WHERE id=3984658
	Index Scan using sbtest1_pkey on sbtest1  (cost=0.43..8.45 rows=1 width=121)
	  Index Cond: (id = 3984658)

table 2 : explain SELECT c FROM sbtest2 WHERE id=6626791
	Index Scan using sbtest2_pkey on sbtest2  (cost=0.43..8.45 rows=1 width=121)
	  Index Cond: (id = 6626791)

table 3 : explain SELECT c FROM sbtest3 WHERE id=1549899
	Index Scan using sbtest3_pkey on sbtest3  (cost=0.43..8.45 rows=1 width=121)
	  Index Cond: (id = 1549899)

table 4 : explain SELECT c FROM sbtest4 WHERE id=6343891
	Index Scan using sbtest4_pkey on sbtest4  (cost=0.43..8.45 rows=1 width=121)
	  Index Cond: (id = 6343891)

table 5 : explain SELECT c FROM sbtest5 WHERE id=8773817
	Index Scan using sbtest5_pkey on sbtest5  (cost=0.43..8.45 rows=1 width=121)
	  Index Cond: (id = 8773817)

table 6 : explain SELECT c FROM sbtest6 WHERE id=9007996
	Index Scan using sbtest6_pkey on sbtest6  (cost=0.43..8.45 rows=1 width=121)
	  Index Cond: (id = 9007996)

table 7 : explain SELECT c FROM sbtest7 WHERE id=4476142
	Index Scan using sbtest7_pkey on sbtest7  (cost=0.43..8.45 rows=1 width=121)
	  Index Cond: (id = 4476142)

table 8 : explain SELECT c FROM sbtest8 WHERE id=8383971
	Index Scan using sbtest8_pkey on sbtest8  (cost=0.43..8.45 rows=1 width=121)
	  Index Cond: (id = 8383971)

for: simple_ranges
table 1 : explain SELECT c FROM sbtest1 WHERE id BETWEEN 5872230 AND 5872239
	Index Scan using sbtest1_pkey on sbtest1  (cost=0.43..43.67 rows=10 width=121)
	  Index Cond: ((id >= 5872230) AND (id <= 5872239))

table 2 : explain SELECT c FROM sbtest2 WHERE id BETWEEN 2771521 AND 2771530
	Index Scan using sbtest2_pkey on sbtest2  (cost=0.43..43.96 rows=10 width=121)
	  Index Cond: ((id >= 2771521) AND (id <= 2771530))

table 3 : explain SELECT c FROM sbtest3 WHERE id BETWEEN 2955623 AND 2955632
	Index Scan using sbtest3_pkey on sbtest3  (cost=0.43..43.76 rows=10 width=121)
	  Index Cond: ((id >= 2955623) AND (id <= 2955632))

table 4 : explain SELECT c FROM sbtest4 WHERE id BETWEEN 4516478 AND 4516487
	Index Scan using sbtest4_pkey on sbtest4  (cost=0.43..43.74 rows=10 width=121)
	  Index Cond: ((id >= 4516478) AND (id <= 4516487))

table 5 : explain SELECT c FROM sbtest5 WHERE id BETWEEN 1387212 AND 1387221
	Index Scan using sbtest5_pkey on sbtest5  (cost=0.43..43.74 rows=10 width=121)
	  Index Cond: ((id >= 1387212) AND (id <= 1387221))

table 6 : explain SELECT c FROM sbtest6 WHERE id BETWEEN 7537067 AND 7537076
	Index Scan using sbtest6_pkey on sbtest6  (cost=0.43..43.74 rows=10 width=121)
	  Index Cond: ((id >= 7537067) AND (id <= 7537076))

table 7 : explain SELECT c FROM sbtest7 WHERE id BETWEEN 8644169 AND 8644178
	Index Scan using sbtest7_pkey on sbtest7  (cost=0.43..43.67 rows=10 width=121)
	  Index Cond: ((id >= 8644169) AND (id <= 8644178))

table 8 : explain SELECT c FROM sbtest8 WHERE id BETWEEN 5067049 AND 5067058
	Index Scan using sbtest8_pkey on sbtest8  (cost=0.43..39.63 rows=9 width=121)
	  Index Cond: ((id >= 5067049) AND (id <= 5067058))

for: simple_ranges
table 1 : explain SELECT c FROM sbtest1 WHERE id BETWEEN 263475 AND 263484
	Index Scan using sbtest1_pkey on sbtest1  (cost=0.43..43.67 rows=10 width=121)
	  Index Cond: ((id >= 263475) AND (id <= 263484))

table 2 : explain SELECT c FROM sbtest2 WHERE id BETWEEN 6674975 AND 6674984
	Index Scan using sbtest2_pkey on sbtest2  (cost=0.43..47.90 rows=11 width=121)
	  Index Cond: ((id >= 6674975) AND (id <= 6674984))

table 3 : explain SELECT c FROM sbtest3 WHERE id BETWEEN 9288343 AND 9288352
	Index Scan using sbtest3_pkey on sbtest3  (cost=0.43..39.84 rows=9 width=121)
	  Index Cond: ((id >= 9288343) AND (id <= 9288352))

table 4 : explain SELECT c FROM sbtest4 WHERE id BETWEEN 9395894 AND 9395903
	Index Scan using sbtest4_pkey on sbtest4  (cost=0.43..43.74 rows=10 width=121)
	  Index Cond: ((id >= 9395894) AND (id <= 9395903))

table 5 : explain SELECT c FROM sbtest5 WHERE id BETWEEN 8995621 AND 8995630
	Index Scan using sbtest5_pkey on sbtest5  (cost=0.43..43.74 rows=10 width=121)
	  Index Cond: ((id >= 8995621) AND (id <= 8995630))

table 6 : explain SELECT c FROM sbtest6 WHERE id BETWEEN 3764285 AND 3764294
	Index Scan using sbtest6_pkey on sbtest6  (cost=0.43..43.74 rows=10 width=121)
	  Index Cond: ((id >= 3764285) AND (id <= 3764294))

table 7 : explain SELECT c FROM sbtest7 WHERE id BETWEEN 2160538 AND 2160547
	Index Scan using sbtest7_pkey on sbtest7  (cost=0.43..43.67 rows=10 width=121)
	  Index Cond: ((id >= 2160538) AND (id <= 2160547))

table 8 : explain SELECT c FROM sbtest8 WHERE id BETWEEN 3767873 AND 3767882
	Index Scan using sbtest8_pkey on sbtest8  (cost=0.43..47.42 rows=11 width=121)
	  Index Cond: ((id >= 3767873) AND (id <= 3767882))

for: simple_ranges
table 1 : explain SELECT c FROM sbtest1 WHERE id BETWEEN 8191586 AND 8191595
	Index Scan using sbtest1_pkey on sbtest1  (cost=0.43..39.75 rows=9 width=121)
	  Index Cond: ((id >= 8191586) AND (id <= 8191595))

table 2 : explain SELECT c FROM sbtest2 WHERE id BETWEEN 5485056 AND 5485065
	Index Scan using sbtest2_pkey on sbtest2  (cost=0.43..47.90 rows=11 width=121)
	  Index Cond: ((id >= 5485056) AND (id <= 5485065))

table 3 : explain SELECT c FROM sbtest3 WHERE id BETWEEN 2648736 AND 2648745
	Index Scan using sbtest3_pkey on sbtest3  (cost=0.43..43.76 rows=10 width=121)
	  Index Cond: ((id >= 2648736) AND (id <= 2648745))

table 4 : explain SELECT c FROM sbtest4 WHERE id BETWEEN 9099248 AND 9099257
	Index Scan using sbtest4_pkey on sbtest4  (cost=0.43..43.74 rows=10 width=121)
	  Index Cond: ((id >= 9099248) AND (id <= 9099257))

table 5 : explain SELECT c FROM sbtest5 WHERE id BETWEEN 7186280 AND 7186289
	Index Scan using sbtest5_pkey on sbtest5  (cost=0.43..47.67 rows=11 width=121)
	  Index Cond: ((id >= 7186280) AND (id <= 7186289))

table 6 : explain SELECT c FROM sbtest6 WHERE id BETWEEN 6474627 AND 6474636
	Index Scan using sbtest6_pkey on sbtest6  (cost=0.43..39.82 rows=9 width=121)
	  Index Cond: ((id >= 6474627) AND (id <= 6474636))

table 7 : explain SELECT c FROM sbtest7 WHERE id BETWEEN 5744027 AND 5744036
	Index Scan using sbtest7_pkey on sbtest7  (cost=0.43..39.76 rows=9 width=121)
	  Index Cond: ((id >= 5744027) AND (id <= 5744036))

table 8 : explain SELECT c FROM sbtest8 WHERE id BETWEEN 9749852 AND 9749861
	Index Scan using sbtest8_pkey on sbtest8  (cost=0.43..39.63 rows=9 width=121)
	  Index Cond: ((id >= 9749852) AND (id <= 9749861))

for: simple_ranges
table 1 : explain SELECT c FROM sbtest1 WHERE id BETWEEN 8847097 AND 8847106
	Index Scan using sbtest1_pkey on sbtest1  (cost=0.43..39.75 rows=9 width=121)
	  Index Cond: ((id >= 8847097) AND (id <= 8847106))

table 2 : explain SELECT c FROM sbtest2 WHERE id BETWEEN 3013027 AND 3013036
	Index Scan using sbtest2_pkey on sbtest2  (cost=0.43..43.96 rows=10 width=121)
	  Index Cond: ((id >= 3013027) AND (id <= 3013036))

table 3 : explain SELECT c FROM sbtest3 WHERE id BETWEEN 1427410 AND 1427419
	Index Scan using sbtest3_pkey on sbtest3  (cost=0.43..43.76 rows=10 width=121)
	  Index Cond: ((id >= 1427410) AND (id <= 1427419))

table 4 : explain SELECT c FROM sbtest4 WHERE id BETWEEN 7191429 AND 7191438
	Index Scan using sbtest4_pkey on sbtest4  (cost=0.43..39.82 rows=9 width=121)
	  Index Cond: ((id >= 7191429) AND (id <= 7191438))

table 5 : explain SELECT c FROM sbtest5 WHERE id BETWEEN 4401017 AND 4401026
	Index Scan using sbtest5_pkey on sbtest5  (cost=0.43..43.74 rows=10 width=121)
	  Index Cond: ((id >= 4401017) AND (id <= 4401026))

table 6 : explain SELECT c FROM sbtest6 WHERE id BETWEEN 7766514 AND 7766523
	Index Scan using sbtest6_pkey on sbtest6  (cost=0.43..43.74 rows=10 width=121)
	  Index Cond: ((id >= 7766514) AND (id <= 7766523))

table 7 : explain SELECT c FROM sbtest7 WHERE id BETWEEN 8956293 AND 8956302
	Index Scan using sbtest7_pkey on sbtest7  (cost=0.43..47.58 rows=11 width=121)
	  Index Cond: ((id >= 8956293) AND (id <= 8956302))

table 8 : explain SELECT c FROM sbtest8 WHERE id BETWEEN 767714 AND 767723
	Index Scan using sbtest8_pkey on sbtest8  (cost=0.43..39.63 rows=9 width=121)
	  Index Cond: ((id >= 767714) AND (id <= 767723))

for: simple_ranges
table 1 : explain SELECT c FROM sbtest1 WHERE id BETWEEN 1212700 AND 1212709
	Index Scan using sbtest1_pkey on sbtest1  (cost=0.43..43.67 rows=10 width=121)
	  Index Cond: ((id >= 1212700) AND (id <= 1212709))

table 2 : explain SELECT c FROM sbtest2 WHERE id BETWEEN 5811996 AND 5812005
	Index Scan using sbtest2_pkey on sbtest2  (cost=0.43..40.01 rows=9 width=121)
	  Index Cond: ((id >= 5811996) AND (id <= 5812005))

table 3 : explain SELECT c FROM sbtest3 WHERE id BETWEEN 3785154 AND 3785163
	Index Scan using sbtest3_pkey on sbtest3  (cost=0.43..43.76 rows=10 width=121)
	  Index Cond: ((id >= 3785154) AND (id <= 3785163))

table 4 : explain SELECT c FROM sbtest4 WHERE id BETWEEN 9895634 AND 9895643
	Index Scan using sbtest4_pkey on sbtest4  (cost=0.43..43.74 rows=10 width=121)
	  Index Cond: ((id >= 9895634) AND (id <= 9895643))

table 5 : explain SELECT c FROM sbtest5 WHERE id BETWEEN 5048935 AND 5048944
	Index Scan using sbtest5_pkey on sbtest5  (cost=0.43..43.74 rows=10 width=121)
	  Index Cond: ((id >= 5048935) AND (id <= 5048944))

table 6 : explain SELECT c FROM sbtest6 WHERE id BETWEEN 2005955 AND 2005964
	Index Scan using sbtest6_pkey on sbtest6  (cost=0.43..43.74 rows=10 width=121)
	  Index Cond: ((id >= 2005955) AND (id <= 2005964))

table 7 : explain SELECT c FROM sbtest7 WHERE id BETWEEN 7223336 AND 7223345
	Index Scan using sbtest7_pkey on sbtest7  (cost=0.43..47.58 rows=11 width=121)
	  Index Cond: ((id >= 7223336) AND (id <= 7223345))

table 8 : explain SELECT c FROM sbtest8 WHERE id BETWEEN 2154646 AND 2154655
	Index Scan using sbtest8_pkey on sbtest8  (cost=0.43..43.52 rows=10 width=121)
	  Index Cond: ((id >= 2154646) AND (id <= 2154655))

for: simple_ranges
table 1 : explain SELECT c FROM sbtest1 WHERE id BETWEEN 8877240 AND 8877249
	Index Scan using sbtest1_pkey on sbtest1  (cost=0.43..39.75 rows=9 width=121)
	  Index Cond: ((id >= 8877240) AND (id <= 8877249))

table 2 : explain SELECT c FROM sbtest2 WHERE id BETWEEN 1449852 AND 1449861
	Index Scan using sbtest2_pkey on sbtest2  (cost=0.43..47.90 rows=11 width=121)
	  Index Cond: ((id >= 1449852) AND (id <= 1449861))

table 3 : explain SELECT c FROM sbtest3 WHERE id BETWEEN 9277717 AND 9277726
	Index Scan using sbtest3_pkey on sbtest3  (cost=0.43..39.84 rows=9 width=121)
	  Index Cond: ((id >= 9277717) AND (id <= 9277726))

table 4 : explain SELECT c FROM sbtest4 WHERE id BETWEEN 6656893 AND 6656902
	Index Scan using sbtest4_pkey on sbtest4  (cost=0.43..43.74 rows=10 width=121)
	  Index Cond: ((id >= 6656893) AND (id <= 6656902))

table 5 : explain SELECT c FROM sbtest5 WHERE id BETWEEN 944170 AND 944179
	Index Scan using sbtest5_pkey on sbtest5  (cost=0.43..47.67 rows=11 width=121)
	  Index Cond: ((id >= 944170) AND (id <= 944179))

table 6 : explain SELECT c FROM sbtest6 WHERE id BETWEEN 208832 AND 208841
	Index Scan using sbtest6_pkey on sbtest6  (cost=0.43..39.82 rows=9 width=121)
	  Index Cond: ((id >= 208832) AND (id <= 208841))

table 7 : explain SELECT c FROM sbtest7 WHERE id BETWEEN 6451873 AND 6451882
	Index Scan using sbtest7_pkey on sbtest7  (cost=0.43..47.58 rows=11 width=121)
	  Index Cond: ((id >= 6451873) AND (id <= 6451882))

table 8 : explain SELECT c FROM sbtest8 WHERE id BETWEEN 2118836 AND 2118845
	Index Scan using sbtest8_pkey on sbtest8  (cost=0.43..47.42 rows=11 width=121)
	  Index Cond: ((id >= 2118836) AND (id <= 2118845))

for: simple_ranges
table 1 : explain SELECT c FROM sbtest1 WHERE id BETWEEN 7265893 AND 7265902
	Index Scan using sbtest1_pkey on sbtest1  (cost=0.43..43.67 rows=10 width=121)
	  Index Cond: ((id >= 7265893) AND (id <= 7265902))

table 2 : explain SELECT c FROM sbtest2 WHERE id BETWEEN 3049759 AND 3049768
	Index Scan using sbtest2_pkey on sbtest2  (cost=0.43..43.96 rows=10 width=121)
	  Index Cond: ((id >= 3049759) AND (id <= 3049768))

table 3 : explain SELECT c FROM sbtest3 WHERE id BETWEEN 6416557 AND 6416566
	Index Scan using sbtest3_pkey on sbtest3  (cost=0.43..43.76 rows=10 width=121)
	  Index Cond: ((id >= 6416557) AND (id <= 6416566))

table 4 : explain SELECT c FROM sbtest4 WHERE id BETWEEN 3293354 AND 3293363
	Index Scan using sbtest4_pkey on sbtest4  (cost=0.43..39.82 rows=9 width=121)
	  Index Cond: ((id >= 3293354) AND (id <= 3293363))

table 5 : explain SELECT c FROM sbtest5 WHERE id BETWEEN 8166469 AND 8166478
	Index Scan using sbtest5_pkey on sbtest5  (cost=0.43..43.74 rows=10 width=121)
	  Index Cond: ((id >= 8166469) AND (id <= 8166478))

table 6 : explain SELECT c FROM sbtest6 WHERE id BETWEEN 6002709 AND 6002718
	Index Scan using sbtest6_pkey on sbtest6  (cost=0.43..43.74 rows=10 width=121)
	  Index Cond: ((id >= 6002709) AND (id <= 6002718))

table 7 : explain SELECT c FROM sbtest7 WHERE id BETWEEN 3078 AND 3087
	Index Scan using sbtest7_pkey on sbtest7  (cost=0.43..47.58 rows=11 width=121)
	  Index Cond: ((id >= 3078) AND (id <= 3087))

table 8 : explain SELECT c FROM sbtest8 WHERE id BETWEEN 6557996 AND 6558005
	Index Scan using sbtest8_pkey on sbtest8  (cost=0.43..47.42 rows=11 width=121)
	  Index Cond: ((id >= 6557996) AND (id <= 6558005))

for: simple_ranges
table 1 : explain SELECT c FROM sbtest1 WHERE id BETWEEN 1288490 AND 1288499
	Index Scan using sbtest1_pkey on sbtest1  (cost=0.43..43.67 rows=10 width=121)
	  Index Cond: ((id >= 1288490) AND (id <= 1288499))

table 2 : explain SELECT c FROM sbtest2 WHERE id BETWEEN 1522440 AND 1522449
	Index Scan using sbtest2_pkey on sbtest2  (cost=0.43..43.96 rows=10 width=121)
	  Index Cond: ((id >= 1522440) AND (id <= 1522449))

table 3 : explain SELECT c FROM sbtest3 WHERE id BETWEEN 9767253 AND 9767262
	Index Scan using sbtest3_pkey on sbtest3  (cost=0.43..43.76 rows=10 width=121)
	  Index Cond: ((id >= 9767253) AND (id <= 9767262))

table 4 : explain SELECT c FROM sbtest4 WHERE id BETWEEN 9653171 AND 9653180
	Index Scan using sbtest4_pkey on sbtest4  (cost=0.43..43.74 rows=10 width=121)
	  Index Cond: ((id >= 9653171) AND (id <= 9653180))

table 5 : explain SELECT c FROM sbtest5 WHERE id BETWEEN 4344002 AND 4344011
	Index Scan using sbtest5_pkey on sbtest5  (cost=0.43..43.74 rows=10 width=121)
	  Index Cond: ((id >= 4344002) AND (id <= 4344011))

table 6 : explain SELECT c FROM sbtest6 WHERE id BETWEEN 7790883 AND 7790892
	Index Scan using sbtest6_pkey on sbtest6  (cost=0.43..43.74 rows=10 width=121)
	  Index Cond: ((id >= 7790883) AND (id <= 7790892))

table 7 : explain SELECT c FROM sbtest7 WHERE id BETWEEN 9910433 AND 9910442
	Index Scan using sbtest7_pkey on sbtest7  (cost=0.43..47.58 rows=11 width=121)
	  Index Cond: ((id >= 9910433) AND (id <= 9910442))

table 8 : explain SELECT c FROM sbtest8 WHERE id BETWEEN 6628958 AND 6628967
	Index Scan using sbtest8_pkey on sbtest8  (cost=0.43..43.52 rows=10 width=121)
	  Index Cond: ((id >= 6628958) AND (id <= 6628967))

for point_selects
table 1 : explain SELECT c FROM sbtest1 WHERE id=7620049
	Index Scan using sbtest1_pkey on sbtest1  (cost=0.43..8.45 rows=1 width=121)
	  Index Cond: (id = 7620049)

table 2 : explain SELECT c FROM sbtest2 WHERE id=1117914
	Index Scan using sbtest2_pkey on sbtest2  (cost=0.43..8.45 rows=1 width=121)
	  Index Cond: (id = 1117914)

table 3 : explain SELECT c FROM sbtest3 WHERE id=7018413
	Index Scan using sbtest3_pkey on sbtest3  (cost=0.43..8.45 rows=1 width=121)
	  Index Cond: (id = 7018413)

table 4 : explain SELECT c FROM sbtest4 WHERE id=4069336
	Index Scan using sbtest4_pkey on sbtest4  (cost=0.43..8.45 rows=1 width=121)
	  Index Cond: (id = 4069336)

table 5 : explain SELECT c FROM sbtest5 WHERE id=9107047
	Index Scan using sbtest5_pkey on sbtest5  (cost=0.43..8.45 rows=1 width=121)
	  Index Cond: (id = 9107047)

table 6 : explain SELECT c FROM sbtest6 WHERE id=8902004
	Index Scan using sbtest6_pkey on sbtest6  (cost=0.43..8.45 rows=1 width=121)
	  Index Cond: (id = 8902004)

table 7 : explain SELECT c FROM sbtest7 WHERE id=4676643
	Index Scan using sbtest7_pkey on sbtest7  (cost=0.43..8.45 rows=1 width=121)
	  Index Cond: (id = 4676643)

table 8 : explain SELECT c FROM sbtest8 WHERE id=3904231
	Index Scan using sbtest8_pkey on sbtest8  (cost=0.43..8.45 rows=1 width=121)
	  Index Cond: (id = 3904231)

for point_selects
table 1 : explain SELECT c FROM sbtest1 WHERE id=5021775
	Index Scan using sbtest1_pkey on sbtest1  (cost=0.43..8.45 rows=1 width=121)
	  Index Cond: (id = 5021775)

table 2 : explain SELECT c FROM sbtest2 WHERE id=2435369
	Index Scan using sbtest2_pkey on sbtest2  (cost=0.43..8.45 rows=1 width=121)
	  Index Cond: (id = 2435369)

table 3 : explain SELECT c FROM sbtest3 WHERE id=5284148
	Index Scan using sbtest3_pkey on sbtest3  (cost=0.43..8.45 rows=1 width=121)
	  Index Cond: (id = 5284148)

table 4 : explain SELECT c FROM sbtest4 WHERE id=1731024
	Index Scan using sbtest4_pkey on sbtest4  (cost=0.43..8.45 rows=1 width=121)
	  Index Cond: (id = 1731024)

table 5 : explain SELECT c FROM sbtest5 WHERE id=7203151
	Index Scan using sbtest5_pkey on sbtest5  (cost=0.43..8.45 rows=1 width=121)
	  Index Cond: (id = 7203151)

table 6 : explain SELECT c FROM sbtest6 WHERE id=5184288
	Index Scan using sbtest6_pkey on sbtest6  (cost=0.43..8.45 rows=1 width=121)
	  Index Cond: (id = 5184288)

table 7 : explain SELECT c FROM sbtest7 WHERE id=7715219
	Index Scan using sbtest7_pkey on sbtest7  (cost=0.43..8.45 rows=1 width=121)
	  Index Cond: (id = 7715219)

table 8 : explain SELECT c FROM sbtest8 WHERE id=572830
	Index Scan using sbtest8_pkey on sbtest8  (cost=0.43..8.45 rows=1 width=121)
	  Index Cond: (id = 572830)

for: simple_ranges
table 1 : explain SELECT c FROM sbtest1 WHERE id BETWEEN 726147 AND 726156
	Index Scan using sbtest1_pkey on sbtest1  (cost=0.43..43.67 rows=10 width=121)
	  Index Cond: ((id >= 726147) AND (id <= 726156))

table 2 : explain SELECT c FROM sbtest2 WHERE id BETWEEN 8445917 AND 8445926
	Index Scan using sbtest2_pkey on sbtest2  (cost=0.43..43.96 rows=10 width=121)
	  Index Cond: ((id >= 8445917) AND (id <= 8445926))

table 3 : explain SELECT c FROM sbtest3 WHERE id BETWEEN 6993004 AND 6993013
	Index Scan using sbtest3_pkey on sbtest3  (cost=0.43..39.84 rows=9 width=121)
	  Index Cond: ((id >= 6993004) AND (id <= 6993013))

table 4 : explain SELECT c FROM sbtest4 WHERE id BETWEEN 9755885 AND 9755894
	Index Scan using sbtest4_pkey on sbtest4  (cost=0.43..39.82 rows=9 width=121)
	  Index Cond: ((id >= 9755885) AND (id <= 9755894))

table 5 : explain SELECT c FROM sbtest5 WHERE id BETWEEN 5212278 AND 5212287
	Index Scan using sbtest5_pkey on sbtest5  (cost=0.43..43.74 rows=10 width=121)
	  Index Cond: ((id >= 5212278) AND (id <= 5212287))

table 6 : explain SELECT c FROM sbtest6 WHERE id BETWEEN 3437027 AND 3437036
	Index Scan using sbtest6_pkey on sbtest6  (cost=0.43..47.66 rows=11 width=121)
	  Index Cond: ((id >= 3437027) AND (id <= 3437036))

table 7 : explain SELECT c FROM sbtest7 WHERE id BETWEEN 5578096 AND 5578105
	Index Scan using sbtest7_pkey on sbtest7  (cost=0.43..43.67 rows=10 width=121)
	  Index Cond: ((id >= 5578096) AND (id <= 5578105))

table 8 : explain SELECT c FROM sbtest8 WHERE id BETWEEN 1483817 AND 1483826
	Index Scan using sbtest8_pkey on sbtest8  (cost=0.43..39.63 rows=9 width=121)
	  Index Cond: ((id >= 1483817) AND (id <= 1483826))

for: simple_ranges
table 1 : explain SELECT c FROM sbtest1 WHERE id BETWEEN 6624870 AND 6624879
	Index Scan using sbtest1_pkey on sbtest1  (cost=0.43..47.58 rows=11 width=121)
	  Index Cond: ((id >= 6624870) AND (id <= 6624879))

table 2 : explain SELECT c FROM sbtest2 WHERE id BETWEEN 5041790 AND 5041799
	Index Scan using sbtest2_pkey on sbtest2  (cost=0.43..43.96 rows=10 width=121)
	  Index Cond: ((id >= 5041790) AND (id <= 5041799))

table 3 : explain SELECT c FROM sbtest3 WHERE id BETWEEN 1911641 AND 1911650
	Index Scan using sbtest3_pkey on sbtest3  (cost=0.43..43.76 rows=10 width=121)
	  Index Cond: ((id >= 1911641) AND (id <= 1911650))

table 4 : explain SELECT c FROM sbtest4 WHERE id BETWEEN 5618273 AND 5618282
	Index Scan using sbtest4_pkey on sbtest4  (cost=0.43..43.74 rows=10 width=121)
	  Index Cond: ((id >= 5618273) AND (id <= 5618282))

table 5 : explain SELECT c FROM sbtest5 WHERE id BETWEEN 5622776 AND 5622785
	Index Scan using sbtest5_pkey on sbtest5  (cost=0.43..39.82 rows=9 width=121)
	  Index Cond: ((id >= 5622776) AND (id <= 5622785))

table 6 : explain SELECT c FROM sbtest6 WHERE id BETWEEN 4538552 AND 4538561
	Index Scan using sbtest6_pkey on sbtest6  (cost=0.43..43.74 rows=10 width=121)
	  Index Cond: ((id >= 4538552) AND (id <= 4538561))

table 7 : explain SELECT c FROM sbtest7 WHERE id BETWEEN 1089137 AND 1089146
	Index Scan using sbtest7_pkey on sbtest7  (cost=0.43..43.67 rows=10 width=121)
	  Index Cond: ((id >= 1089137) AND (id <= 1089146))

table 8 : explain SELECT c FROM sbtest8 WHERE id BETWEEN 3580195 AND 3580204
	Index Scan using sbtest8_pkey on sbtest8  (cost=0.43..43.52 rows=10 width=121)
	  Index Cond: ((id >= 3580195) AND (id <= 3580204))

for: simple_ranges
table 1 : explain SELECT c FROM sbtest1 WHERE id BETWEEN 7020690 AND 7020699
	Index Scan using sbtest1_pkey on sbtest1  (cost=0.43..43.67 rows=10 width=121)
	  Index Cond: ((id >= 7020690) AND (id <= 7020699))

table 2 : explain SELECT c FROM sbtest2 WHERE id BETWEEN 1231704 AND 1231713
	Index Scan using sbtest2_pkey on sbtest2  (cost=0.43..43.96 rows=10 width=121)
	  Index Cond: ((id >= 1231704) AND (id <= 1231713))

table 3 : explain SELECT c FROM sbtest3 WHERE id BETWEEN 5250091 AND 5250100
	Index Scan using sbtest3_pkey on sbtest3  (cost=0.43..47.68 rows=11 width=121)
	  Index Cond: ((id >= 5250091) AND (id <= 5250100))

table 4 : explain SELECT c FROM sbtest4 WHERE id BETWEEN 5318296 AND 5318305
	Index Scan using sbtest4_pkey on sbtest4  (cost=0.43..43.74 rows=10 width=121)
	  Index Cond: ((id >= 5318296) AND (id <= 5318305))

table 5 : explain SELECT c FROM sbtest5 WHERE id BETWEEN 4017825 AND 4017834
	Index Scan using sbtest5_pkey on sbtest5  (cost=0.43..43.74 rows=10 width=121)
	  Index Cond: ((id >= 4017825) AND (id <= 4017834))

table 6 : explain SELECT c FROM sbtest6 WHERE id BETWEEN 161209 AND 161218
	Index Scan using sbtest6_pkey on sbtest6  (cost=0.43..47.66 rows=11 width=121)
	  Index Cond: ((id >= 161209) AND (id <= 161218))

table 7 : explain SELECT c FROM sbtest7 WHERE id BETWEEN 7367628 AND 7367637
	Index Scan using sbtest7_pkey on sbtest7  (cost=0.43..43.67 rows=10 width=121)
	  Index Cond: ((id >= 7367628) AND (id <= 7367637))

table 8 : explain SELECT c FROM sbtest8 WHERE id BETWEEN 4533245 AND 4533254
	Index Scan using sbtest8_pkey on sbtest8  (cost=0.43..43.52 rows=10 width=121)
	  Index Cond: ((id >= 4533245) AND (id <= 4533254))

for: simple_ranges
table 1 : explain SELECT c FROM sbtest1 WHERE id BETWEEN 1574499 AND 1574508
	Index Scan using sbtest1_pkey on sbtest1  (cost=0.43..43.67 rows=10 width=121)
	  Index Cond: ((id >= 1574499) AND (id <= 1574508))

table 2 : explain SELECT c FROM sbtest2 WHERE id BETWEEN 4049803 AND 4049812
	Index Scan using sbtest2_pkey on sbtest2  (cost=0.43..43.96 rows=10 width=121)
	  Index Cond: ((id >= 4049803) AND (id <= 4049812))

table 3 : explain SELECT c FROM sbtest3 WHERE id BETWEEN 2467046 AND 2467055
	Index Scan using sbtest3_pkey on sbtest3  (cost=0.43..43.76 rows=10 width=121)
	  Index Cond: ((id >= 2467046) AND (id <= 2467055))

table 4 : explain SELECT c FROM sbtest4 WHERE id BETWEEN 1721993 AND 1722002
	Index Scan using sbtest4_pkey on sbtest4  (cost=0.43..43.74 rows=10 width=121)
	  Index Cond: ((id >= 1721993) AND (id <= 1722002))

table 5 : explain SELECT c FROM sbtest5 WHERE id BETWEEN 2517916 AND 2517925
	Index Scan using sbtest5_pkey on sbtest5  (cost=0.43..43.74 rows=10 width=121)
	  Index Cond: ((id >= 2517916) AND (id <= 2517925))

table 6 : explain SELECT c FROM sbtest6 WHERE id BETWEEN 4855711 AND 4855720
	Index Scan using sbtest6_pkey on sbtest6  (cost=0.43..43.74 rows=10 width=121)
	  Index Cond: ((id >= 4855711) AND (id <= 4855720))

table 7 : explain SELECT c FROM sbtest7 WHERE id BETWEEN 265180 AND 265189
	Index Scan using sbtest7_pkey on sbtest7  (cost=0.43..43.67 rows=10 width=121)
	  Index Cond: ((id >= 265180) AND (id <= 265189))

table 8 : explain SELECT c FROM sbtest8 WHERE id BETWEEN 5715420 AND 5715429
	Index Scan using sbtest8_pkey on sbtest8  (cost=0.43..39.63 rows=9 width=121)
	  Index Cond: ((id >= 5715420) AND (id <= 5715429))

for: simple_ranges
table 1 : explain SELECT c FROM sbtest1 WHERE id BETWEEN 9965988 AND 9965997
	Index Scan using sbtest1_pkey on sbtest1  (cost=0.43..43.67 rows=10 width=121)
	  Index Cond: ((id >= 9965988) AND (id <= 9965997))

table 2 : explain SELECT c FROM sbtest2 WHERE id BETWEEN 7716740 AND 7716749
	Index Scan using sbtest2_pkey on sbtest2  (cost=0.43..43.96 rows=10 width=121)
	  Index Cond: ((id >= 7716740) AND (id <= 7716749))

table 3 : explain SELECT c FROM sbtest3 WHERE id BETWEEN 6594508 AND 6594517
	Index Scan using sbtest3_pkey on sbtest3  (cost=0.43..39.84 rows=9 width=121)
	  Index Cond: ((id >= 6594508) AND (id <= 6594517))

table 4 : explain SELECT c FROM sbtest4 WHERE id BETWEEN 6105312 AND 6105321
	Index Scan using sbtest4_pkey on sbtest4  (cost=0.43..43.74 rows=10 width=121)
	  Index Cond: ((id >= 6105312) AND (id <= 6105321))

table 5 : explain SELECT c FROM sbtest5 WHERE id BETWEEN 8005291 AND 8005300
	Index Scan using sbtest5_pkey on sbtest5  (cost=0.43..39.82 rows=9 width=121)
	  Index Cond: ((id >= 8005291) AND (id <= 8005300))

table 6 : explain SELECT c FROM sbtest6 WHERE id BETWEEN 3605653 AND 3605662
	Index Scan using sbtest6_pkey on sbtest6  (cost=0.43..47.66 rows=11 width=121)
	  Index Cond: ((id >= 3605653) AND (id <= 3605662))

table 7 : explain SELECT c FROM sbtest7 WHERE id BETWEEN 3334898 AND 3334907
	Index Scan using sbtest7_pkey on sbtest7  (cost=0.43..43.67 rows=10 width=121)
	  Index Cond: ((id >= 3334898) AND (id <= 3334907))

table 8 : explain SELECT c FROM sbtest8 WHERE id BETWEEN 3592302 AND 3592311
	Index Scan using sbtest8_pkey on sbtest8  (cost=0.43..43.52 rows=10 width=121)
	  Index Cond: ((id >= 3592302) AND (id <= 3592311))

for point_selects
table 1 : explain SELECT c FROM sbtest1 WHERE id=433642
	Index Scan using sbtest1_pkey on sbtest1  (cost=0.43..8.45 rows=1 width=121)
	  Index Cond: (id = 433642)

table 2 : explain SELECT c FROM sbtest2 WHERE id=9833836
	Index Scan using sbtest2_pkey on sbtest2  (cost=0.43..8.45 rows=1 width=121)
	  Index Cond: (id = 9833836)

table 3 : explain SELECT c FROM sbtest3 WHERE id=5956920
	Index Scan using sbtest3_pkey on sbtest3  (cost=0.43..8.45 rows=1 width=121)
	  Index Cond: (id = 5956920)

table 4 : explain SELECT c FROM sbtest4 WHERE id=2465218
	Index Scan using sbtest4_pkey on sbtest4  (cost=0.43..8.45 rows=1 width=121)
	  Index Cond: (id = 2465218)

table 5 : explain SELECT c FROM sbtest5 WHERE id=1363462
	Index Scan using sbtest5_pkey on sbtest5  (cost=0.43..8.45 rows=1 width=121)
	  Index Cond: (id = 1363462)

table 6 : explain SELECT c FROM sbtest6 WHERE id=6235228
	Index Scan using sbtest6_pkey on sbtest6  (cost=0.43..8.45 rows=1 width=121)
	  Index Cond: (id = 6235228)

table 7 : explain SELECT c FROM sbtest7 WHERE id=9626332
	Index Scan using sbtest7_pkey on sbtest7  (cost=0.43..8.45 rows=1 width=121)
	  Index Cond: (id = 9626332)

table 8 : explain SELECT c FROM sbtest8 WHERE id=4364584
	Index Scan using sbtest8_pkey on sbtest8  (cost=0.43..8.45 rows=1 width=121)
	  Index Cond: (id = 4364584)

for: simple_ranges
table 1 : explain SELECT c FROM sbtest1 WHERE id BETWEEN 3264487 AND 3264496
	Index Scan using sbtest1_pkey on sbtest1  (cost=0.43..39.75 rows=9 width=121)
	  Index Cond: ((id >= 3264487) AND (id <= 3264496))

table 2 : explain SELECT c FROM sbtest2 WHERE id BETWEEN 2964696 AND 2964705
	Index Scan using sbtest2_pkey on sbtest2  (cost=0.43..43.96 rows=10 width=121)
	  Index Cond: ((id >= 2964696) AND (id <= 2964705))

table 3 : explain SELECT c FROM sbtest3 WHERE id BETWEEN 5537679 AND 5537688
	Index Scan using sbtest3_pkey on sbtest3  (cost=0.43..43.76 rows=10 width=121)
	  Index Cond: ((id >= 5537679) AND (id <= 5537688))

table 4 : explain SELECT c FROM sbtest4 WHERE id BETWEEN 6102537 AND 6102546
	Index Scan using sbtest4_pkey on sbtest4  (cost=0.43..43.74 rows=10 width=121)
	  Index Cond: ((id >= 6102537) AND (id <= 6102546))

table 5 : explain SELECT c FROM sbtest5 WHERE id BETWEEN 2859855 AND 2859864
	Index Scan using sbtest5_pkey on sbtest5  (cost=0.43..43.74 rows=10 width=121)
	  Index Cond: ((id >= 2859855) AND (id <= 2859864))

table 6 : explain SELECT c FROM sbtest6 WHERE id BETWEEN 6846733 AND 6846742
	Index Scan using sbtest6_pkey on sbtest6  (cost=0.43..47.66 rows=11 width=121)
	  Index Cond: ((id >= 6846733) AND (id <= 6846742))

table 7 : explain SELECT c FROM sbtest7 WHERE id BETWEEN 7531307 AND 7531316
	Index Scan using sbtest7_pkey on sbtest7  (cost=0.43..43.67 rows=10 width=121)
	  Index Cond: ((id >= 7531307) AND (id <= 7531316))

table 8 : explain SELECT c FROM sbtest8 WHERE id BETWEEN 5575659 AND 5575668
	Index Scan using sbtest8_pkey on sbtest8  (cost=0.43..47.42 rows=11 width=121)
	  Index Cond: ((id >= 5575659) AND (id <= 5575668))

for: simple_ranges
table 1 : explain SELECT c FROM sbtest1 WHERE id BETWEEN 8370829 AND 8370838
	Index Scan using sbtest1_pkey on sbtest1  (cost=0.43..47.58 rows=11 width=121)
	  Index Cond: ((id >= 8370829) AND (id <= 8370838))

table 2 : explain SELECT c FROM sbtest2 WHERE id BETWEEN 8787133 AND 8787142
	Index Scan using sbtest2_pkey on sbtest2  (cost=0.43..47.90 rows=11 width=121)
	  Index Cond: ((id >= 8787133) AND (id <= 8787142))

table 3 : explain SELECT c FROM sbtest3 WHERE id BETWEEN 8462803 AND 8462812
	Index Scan using sbtest3_pkey on sbtest3  (cost=0.43..43.76 rows=10 width=121)
	  Index Cond: ((id >= 8462803) AND (id <= 8462812))

table 4 : explain SELECT c FROM sbtest4 WHERE id BETWEEN 8714452 AND 8714461
	Index Scan using sbtest4_pkey on sbtest4  (cost=0.43..43.74 rows=10 width=121)
	  Index Cond: ((id >= 8714452) AND (id <= 8714461))

table 5 : explain SELECT c FROM sbtest5 WHERE id BETWEEN 3421344 AND 3421353
	Index Scan using sbtest5_pkey on sbtest5  (cost=0.43..47.67 rows=11 width=121)
	  Index Cond: ((id >= 3421344) AND (id <= 3421353))

table 6 : explain SELECT c FROM sbtest6 WHERE id BETWEEN 5272219 AND 5272228
	Index Scan using sbtest6_pkey on sbtest6  (cost=0.43..39.82 rows=9 width=121)
	  Index Cond: ((id >= 5272219) AND (id <= 5272228))

table 7 : explain SELECT c FROM sbtest7 WHERE id BETWEEN 255145 AND 255154
	Index Scan using sbtest7_pkey on sbtest7  (cost=0.43..43.67 rows=10 width=121)
	  Index Cond: ((id >= 255145) AND (id <= 255154))

table 8 : explain SELECT c FROM sbtest8 WHERE id BETWEEN 590161 AND 590170
	Index Scan using sbtest8_pkey on sbtest8  (cost=0.43..43.52 rows=10 width=121)
	  Index Cond: ((id >= 590161) AND (id <= 590170))

for point_selects
table 1 : explain SELECT c FROM sbtest1 WHERE id=3719403
	Index Scan using sbtest1_pkey on sbtest1  (cost=0.43..8.45 rows=1 width=121)
	  Index Cond: (id = 3719403)

table 2 : explain SELECT c FROM sbtest2 WHERE id=9598456
	Index Scan using sbtest2_pkey on sbtest2  (cost=0.43..8.45 rows=1 width=121)
	  Index Cond: (id = 9598456)

table 3 : explain SELECT c FROM sbtest3 WHERE id=7083518
	Index Scan using sbtest3_pkey on sbtest3  (cost=0.43..8.45 rows=1 width=121)
	  Index Cond: (id = 7083518)

table 4 : explain SELECT c FROM sbtest4 WHERE id=622240
	Index Scan using sbtest4_pkey on sbtest4  (cost=0.43..8.45 rows=1 width=121)
	  Index Cond: (id = 622240)

table 5 : explain SELECT c FROM sbtest5 WHERE id=3024910
	Index Scan using sbtest5_pkey on sbtest5  (cost=0.43..8.45 rows=1 width=121)
	  Index Cond: (id = 3024910)

table 6 : explain SELECT c FROM sbtest6 WHERE id=4538601
	Index Scan using sbtest6_pkey on sbtest6  (cost=0.43..8.45 rows=1 width=121)
	  Index Cond: (id = 4538601)

table 7 : explain SELECT c FROM sbtest7 WHERE id=1198883
	Index Scan using sbtest7_pkey on sbtest7  (cost=0.43..8.45 rows=1 width=121)
	  Index Cond: (id = 1198883)

table 8 : explain SELECT c FROM sbtest8 WHERE id=5494146
	Index Scan using sbtest8_pkey on sbtest8  (cost=0.43..8.45 rows=1 width=121)
	  Index Cond: (id = 5494146)

for: simple_ranges
table 1 : explain SELECT c FROM sbtest1 WHERE id BETWEEN 6353391 AND 6353400
	Index Scan using sbtest1_pkey on sbtest1  (cost=0.43..43.67 rows=10 width=121)
	  Index Cond: ((id >= 6353391) AND (id <= 6353400))

table 2 : explain SELECT c FROM sbtest2 WHERE id BETWEEN 1781618 AND 1781627
	Index Scan using sbtest2_pkey on sbtest2  (cost=0.43..40.01 rows=9 width=121)
	  Index Cond: ((id >= 1781618) AND (id <= 1781627))

table 3 : explain SELECT c FROM sbtest3 WHERE id BETWEEN 249119 AND 249128
	Index Scan using sbtest3_pkey on sbtest3  (cost=0.43..47.68 rows=11 width=121)
	  Index Cond: ((id >= 249119) AND (id <= 249128))

table 4 : explain SELECT c FROM sbtest4 WHERE id BETWEEN 7602741 AND 7602750
	Index Scan using sbtest4_pkey on sbtest4  (cost=0.43..43.74 rows=10 width=121)
	  Index Cond: ((id >= 7602741) AND (id <= 7602750))

table 5 : explain SELECT c FROM sbtest5 WHERE id BETWEEN 8704792 AND 8704801
	Index Scan using sbtest5_pkey on sbtest5  (cost=0.43..43.74 rows=10 width=121)
	  Index Cond: ((id >= 8704792) AND (id <= 8704801))

table 6 : explain SELECT c FROM sbtest6 WHERE id BETWEEN 4355298 AND 4355307
	Index Scan using sbtest6_pkey on sbtest6  (cost=0.43..39.82 rows=9 width=121)
	  Index Cond: ((id >= 4355298) AND (id <= 4355307))

table 7 : explain SELECT c FROM sbtest7 WHERE id BETWEEN 7948239 AND 7948248
	Index Scan using sbtest7_pkey on sbtest7  (cost=0.43..39.76 rows=9 width=121)
	  Index Cond: ((id >= 7948239) AND (id <= 7948248))

table 8 : explain SELECT c FROM sbtest8 WHERE id BETWEEN 1028730 AND 1028739
	Index Scan using sbtest8_pkey on sbtest8  (cost=0.43..47.42 rows=11 width=121)
	  Index Cond: ((id >= 1028730) AND (id <= 1028739))

for: simple_ranges
table 1 : explain SELECT c FROM sbtest1 WHERE id BETWEEN 204960 AND 204969
	Index Scan using sbtest1_pkey on sbtest1  (cost=0.43..43.67 rows=10 width=121)
	  Index Cond: ((id >= 204960) AND (id <= 204969))

table 2 : explain SELECT c FROM sbtest2 WHERE id BETWEEN 4434283 AND 4434292
	Index Scan using sbtest2_pkey on sbtest2  (cost=0.43..43.96 rows=10 width=121)
	  Index Cond: ((id >= 4434283) AND (id <= 4434292))

table 3 : explain SELECT c FROM sbtest3 WHERE id BETWEEN 3294611 AND 3294620
	Index Scan using sbtest3_pkey on sbtest3  (cost=0.43..47.68 rows=11 width=121)
	  Index Cond: ((id >= 3294611) AND (id <= 3294620))

table 4 : explain SELECT c FROM sbtest4 WHERE id BETWEEN 6037172 AND 6037181
	Index Scan using sbtest4_pkey on sbtest4  (cost=0.43..43.74 rows=10 width=121)
	  Index Cond: ((id >= 6037172) AND (id <= 6037181))

table 5 : explain SELECT c FROM sbtest5 WHERE id BETWEEN 5729215 AND 5729224
	Index Scan using sbtest5_pkey on sbtest5  (cost=0.43..43.74 rows=10 width=121)
	  Index Cond: ((id >= 5729215) AND (id <= 5729224))

table 6 : explain SELECT c FROM sbtest6 WHERE id BETWEEN 8012278 AND 8012287
	Index Scan using sbtest6_pkey on sbtest6  (cost=0.43..43.74 rows=10 width=121)
	  Index Cond: ((id >= 8012278) AND (id <= 8012287))

table 7 : explain SELECT c FROM sbtest7 WHERE id BETWEEN 2892688 AND 2892697
	Index Scan using sbtest7_pkey on sbtest7  (cost=0.43..43.67 rows=10 width=121)
	  Index Cond: ((id >= 2892688) AND (id <= 2892697))

table 8 : explain SELECT c FROM sbtest8 WHERE id BETWEEN 3736944 AND 3736953
	Index Scan using sbtest8_pkey on sbtest8  (cost=0.43..43.52 rows=10 width=121)
	  Index Cond: ((id >= 3736944) AND (id <= 3736953))

for: simple_ranges
table 1 : explain SELECT c FROM sbtest1 WHERE id BETWEEN 5915531 AND 5915540
	Index Scan using sbtest1_pkey on sbtest1  (cost=0.43..43.67 rows=10 width=121)
	  Index Cond: ((id >= 5915531) AND (id <= 5915540))

table 2 : explain SELECT c FROM sbtest2 WHERE id BETWEEN 9857542 AND 9857551
	Index Scan using sbtest2_pkey on sbtest2  (cost=0.43..43.96 rows=10 width=121)
	  Index Cond: ((id >= 9857542) AND (id <= 9857551))

table 3 : explain SELECT c FROM sbtest3 WHERE id BETWEEN 9229669 AND 9229678
	Index Scan using sbtest3_pkey on sbtest3  (cost=0.43..43.76 rows=10 width=121)
	  Index Cond: ((id >= 9229669) AND (id <= 9229678))

table 4 : explain SELECT c FROM sbtest4 WHERE id BETWEEN 4178048 AND 4178057
	Index Scan using sbtest4_pkey on sbtest4  (cost=0.43..39.82 rows=9 width=121)
	  Index Cond: ((id >= 4178048) AND (id <= 4178057))

table 5 : explain SELECT c FROM sbtest5 WHERE id BETWEEN 5884769 AND 5884778
	Index Scan using sbtest5_pkey on sbtest5  (cost=0.43..43.74 rows=10 width=121)
	  Index Cond: ((id >= 5884769) AND (id <= 5884778))

table 6 : explain SELECT c FROM sbtest6 WHERE id BETWEEN 2061249 AND 2061258
	Index Scan using sbtest6_pkey on sbtest6  (cost=0.43..43.74 rows=10 width=121)
	  Index Cond: ((id >= 2061249) AND (id <= 2061258))

table 7 : explain SELECT c FROM sbtest7 WHERE id BETWEEN 5578365 AND 5578374
	Index Scan using sbtest7_pkey on sbtest7  (cost=0.43..43.67 rows=10 width=121)
	  Index Cond: ((id >= 5578365) AND (id <= 5578374))

table 8 : explain SELECT c FROM sbtest8 WHERE id BETWEEN 4338563 AND 4338572
	Index Scan using sbtest8_pkey on sbtest8  (cost=0.43..43.52 rows=10 width=121)
	  Index Cond: ((id >= 4338563) AND (id <= 4338572))

for: sum_ranges
table 1 : explain SELECT SUM(k) FROM sbtest1 WHERE id BETWEEN 5368915 AND 5368924
	Aggregate  (cost=43.69..43.70 rows=1 width=8)
	  ->  Index Scan using sbtest1_pkey on sbtest1  (cost=0.43..43.67 rows=10 width=4)
	        Index Cond: ((id >= 5368915) AND (id <= 5368924))

table 2 : explain SELECT SUM(k) FROM sbtest2 WHERE id BETWEEN 7842379 AND 7842388
	Aggregate  (cost=47.93..47.94 rows=1 width=8)
	  ->  Index Scan using sbtest2_pkey on sbtest2  (cost=0.43..47.90 rows=11 width=4)
	        Index Cond: ((id >= 7842379) AND (id <= 7842388))

table 3 : explain SELECT SUM(k) FROM sbtest3 WHERE id BETWEEN 593101 AND 593110
	Aggregate  (cost=43.78..43.79 rows=1 width=8)
	  ->  Index Scan using sbtest3_pkey on sbtest3  (cost=0.43..43.76 rows=10 width=4)
	        Index Cond: ((id >= 593101) AND (id <= 593110))

table 4 : explain SELECT SUM(k) FROM sbtest4 WHERE id BETWEEN 4038302 AND 4038311
	Aggregate  (cost=43.77..43.78 rows=1 width=8)
	  ->  Index Scan using sbtest4_pkey on sbtest4  (cost=0.43..43.74 rows=10 width=4)
	        Index Cond: ((id >= 4038302) AND (id <= 4038311))

table 5 : explain SELECT SUM(k) FROM sbtest5 WHERE id BETWEEN 5709902 AND 5709911
	Aggregate  (cost=43.77..43.78 rows=1 width=8)
	  ->  Index Scan using sbtest5_pkey on sbtest5  (cost=0.43..43.74 rows=10 width=4)
	        Index Cond: ((id >= 5709902) AND (id <= 5709911))

table 6 : explain SELECT SUM(k) FROM sbtest6 WHERE id BETWEEN 3048712 AND 3048721
	Aggregate  (cost=43.76..43.77 rows=1 width=8)
	  ->  Index Scan using sbtest6_pkey on sbtest6  (cost=0.43..43.74 rows=10 width=4)
	        Index Cond: ((id >= 3048712) AND (id <= 3048721))

table 7 : explain SELECT SUM(k) FROM sbtest7 WHERE id BETWEEN 6157249 AND 6157258
	Aggregate  (cost=43.69..43.70 rows=1 width=8)
	  ->  Index Scan using sbtest7_pkey on sbtest7  (cost=0.43..43.67 rows=10 width=4)
	        Index Cond: ((id >= 6157249) AND (id <= 6157258))

table 8 : explain SELECT SUM(k) FROM sbtest8 WHERE id BETWEEN 7808685 AND 7808694
	Aggregate  (cost=39.65..39.66 rows=1 width=8)
	  ->  Index Scan using sbtest8_pkey on sbtest8  (cost=0.43..39.63 rows=9 width=4)
	        Index Cond: ((id >= 7808685) AND (id <= 7808694))

for: sum_ranges
table 1 : explain SELECT SUM(k) FROM sbtest1 WHERE id BETWEEN 7249321 AND 7249330
	Aggregate  (cost=43.69..43.70 rows=1 width=8)
	  ->  Index Scan using sbtest1_pkey on sbtest1  (cost=0.43..43.67 rows=10 width=4)
	        Index Cond: ((id >= 7249321) AND (id <= 7249330))

table 2 : explain SELECT SUM(k) FROM sbtest2 WHERE id BETWEEN 8169842 AND 8169851
	Aggregate  (cost=43.98..43.99 rows=1 width=8)
	  ->  Index Scan using sbtest2_pkey on sbtest2  (cost=0.43..43.96 rows=10 width=4)
	        Index Cond: ((id >= 8169842) AND (id <= 8169851))

table 3 : explain SELECT SUM(k) FROM sbtest3 WHERE id BETWEEN 4750692 AND 4750701
	Aggregate  (cost=43.78..43.79 rows=1 width=8)
	  ->  Index Scan using sbtest3_pkey on sbtest3  (cost=0.43..43.76 rows=10 width=4)
	        Index Cond: ((id >= 4750692) AND (id <= 4750701))

table 4 : explain SELECT SUM(k) FROM sbtest4 WHERE id BETWEEN 4227559 AND 4227568
	Aggregate  (cost=39.85..39.86 rows=1 width=8)
	  ->  Index Scan using sbtest4_pkey on sbtest4  (cost=0.43..39.82 rows=9 width=4)
	        Index Cond: ((id >= 4227559) AND (id <= 4227568))

table 5 : explain SELECT SUM(k) FROM sbtest5 WHERE id BETWEEN 8889301 AND 8889310
	Aggregate  (cost=47.69..47.70 rows=1 width=8)
	  ->  Index Scan using sbtest5_pkey on sbtest5  (cost=0.43..47.67 rows=11 width=4)
	        Index Cond: ((id >= 8889301) AND (id <= 8889310))

table 6 : explain SELECT SUM(k) FROM sbtest6 WHERE id BETWEEN 2814003 AND 2814012
	Aggregate  (cost=43.76..43.77 rows=1 width=8)
	  ->  Index Scan using sbtest6_pkey on sbtest6  (cost=0.43..43.74 rows=10 width=4)
	        Index Cond: ((id >= 2814003) AND (id <= 2814012))

table 7 : explain SELECT SUM(k) FROM sbtest7 WHERE id BETWEEN 453638 AND 453647
	Aggregate  (cost=47.61..47.62 rows=1 width=8)
	  ->  Index Scan using sbtest7_pkey on sbtest7  (cost=0.43..47.58 rows=11 width=4)
	        Index Cond: ((id >= 453638) AND (id <= 453647))

table 8 : explain SELECT SUM(k) FROM sbtest8 WHERE id BETWEEN 7741043 AND 7741052
	Aggregate  (cost=43.55..43.56 rows=1 width=8)
	  ->  Index Scan using sbtest8_pkey on sbtest8  (cost=0.43..43.52 rows=10 width=4)
	        Index Cond: ((id >= 7741043) AND (id <= 7741052))

for: simple_ranges
table 1 : explain SELECT c FROM sbtest1 WHERE id BETWEEN 6951027 AND 6951036
	Index Scan using sbtest1_pkey on sbtest1  (cost=0.43..43.67 rows=10 width=121)
	  Index Cond: ((id >= 6951027) AND (id <= 6951036))

table 2 : explain SELECT c FROM sbtest2 WHERE id BETWEEN 9645618 AND 9645627
	Index Scan using sbtest2_pkey on sbtest2  (cost=0.43..40.01 rows=9 width=121)
	  Index Cond: ((id >= 9645618) AND (id <= 9645627))

table 3 : explain SELECT c FROM sbtest3 WHERE id BETWEEN 1298772 AND 1298781
	Index Scan using sbtest3_pkey on sbtest3  (cost=0.43..43.76 rows=10 width=121)
	  Index Cond: ((id >= 1298772) AND (id <= 1298781))

table 4 : explain SELECT c FROM sbtest4 WHERE id BETWEEN 1754273 AND 1754282
	Index Scan using sbtest4_pkey on sbtest4  (cost=0.43..43.74 rows=10 width=121)
	  Index Cond: ((id >= 1754273) AND (id <= 1754282))

table 5 : explain SELECT c FROM sbtest5 WHERE id BETWEEN 5574374 AND 5574383
	Index Scan using sbtest5_pkey on sbtest5  (cost=0.43..39.82 rows=9 width=121)
	  Index Cond: ((id >= 5574374) AND (id <= 5574383))

table 6 : explain SELECT c FROM sbtest6 WHERE id BETWEEN 9286978 AND 9286987
	Index Scan using sbtest6_pkey on sbtest6  (cost=0.43..43.74 rows=10 width=121)
	  Index Cond: ((id >= 9286978) AND (id <= 9286987))

table 7 : explain SELECT c FROM sbtest7 WHERE id BETWEEN 4464771 AND 4464780
	Index Scan using sbtest7_pkey on sbtest7  (cost=0.43..43.67 rows=10 width=121)
	  Index Cond: ((id >= 4464771) AND (id <= 4464780))

table 8 : explain SELECT c FROM sbtest8 WHERE id BETWEEN 5679365 AND 5679374
	Index Scan using sbtest8_pkey on sbtest8  (cost=0.43..39.63 rows=9 width=121)
	  Index Cond: ((id >= 5679365) AND (id <= 5679374))

for: sum_ranges
table 1 : explain SELECT SUM(k) FROM sbtest1 WHERE id BETWEEN 1511125 AND 1511134
	Aggregate  (cost=39.78..39.79 rows=1 width=8)
	  ->  Index Scan using sbtest1_pkey on sbtest1  (cost=0.43..39.75 rows=9 width=4)
	        Index Cond: ((id >= 1511125) AND (id <= 1511134))

table 2 : explain SELECT SUM(k) FROM sbtest2 WHERE id BETWEEN 245471 AND 245480
	Aggregate  (cost=40.03..40.04 rows=1 width=8)
	  ->  Index Scan using sbtest2_pkey on sbtest2  (cost=0.43..40.01 rows=9 width=4)
	        Index Cond: ((id >= 245471) AND (id <= 245480))

table 3 : explain SELECT SUM(k) FROM sbtest3 WHERE id BETWEEN 245776 AND 245785
	Aggregate  (cost=47.71..47.72 rows=1 width=8)
	  ->  Index Scan using sbtest3_pkey on sbtest3  (cost=0.43..47.68 rows=11 width=4)
	        Index Cond: ((id >= 245776) AND (id <= 245785))

table 4 : explain SELECT SUM(k) FROM sbtest4 WHERE id BETWEEN 3091745 AND 3091754
	Aggregate  (cost=43.77..43.78 rows=1 width=8)
	  ->  Index Scan using sbtest4_pkey on sbtest4  (cost=0.43..43.74 rows=10 width=4)
	        Index Cond: ((id >= 3091745) AND (id <= 3091754))

table 5 : explain SELECT SUM(k) FROM sbtest5 WHERE id BETWEEN 8215860 AND 8215869
	Aggregate  (cost=47.69..47.70 rows=1 width=8)
	  ->  Index Scan using sbtest5_pkey on sbtest5  (cost=0.43..47.67 rows=11 width=4)
	        Index Cond: ((id >= 8215860) AND (id <= 8215869))

table 6 : explain SELECT SUM(k) FROM sbtest6 WHERE id BETWEEN 8808967 AND 8808976
	Aggregate  (cost=43.76..43.77 rows=1 width=8)
	  ->  Index Scan using sbtest6_pkey on sbtest6  (cost=0.43..43.74 rows=10 width=4)
	        Index Cond: ((id >= 8808967) AND (id <= 8808976))

table 7 : explain SELECT SUM(k) FROM sbtest7 WHERE id BETWEEN 4832582 AND 4832591
	Aggregate  (cost=43.69..43.70 rows=1 width=8)
	  ->  Index Scan using sbtest7_pkey on sbtest7  (cost=0.43..43.67 rows=10 width=4)
	        Index Cond: ((id >= 4832582) AND (id <= 4832591))

table 8 : explain SELECT SUM(k) FROM sbtest8 WHERE id BETWEEN 2668553 AND 2668562
	Aggregate  (cost=47.45..47.46 rows=1 width=8)
	  ->  Index Scan using sbtest8_pkey on sbtest8  (cost=0.43..47.42 rows=11 width=4)
	        Index Cond: ((id >= 2668553) AND (id <= 2668562))

for: sum_ranges
table 1 : explain SELECT SUM(k) FROM sbtest1 WHERE id BETWEEN 2027525 AND 2027534
	Aggregate  (cost=43.69..43.70 rows=1 width=8)
	  ->  Index Scan using sbtest1_pkey on sbtest1  (cost=0.43..43.67 rows=10 width=4)
	        Index Cond: ((id >= 2027525) AND (id <= 2027534))

table 2 : explain SELECT SUM(k) FROM sbtest2 WHERE id BETWEEN 2439969 AND 2439978
	Aggregate  (cost=43.98..43.99 rows=1 width=8)
	  ->  Index Scan using sbtest2_pkey on sbtest2  (cost=0.43..43.96 rows=10 width=4)
	        Index Cond: ((id >= 2439969) AND (id <= 2439978))

table 3 : explain SELECT SUM(k) FROM sbtest3 WHERE id BETWEEN 1819012 AND 1819021
	Aggregate  (cost=47.71..47.72 rows=1 width=8)
	  ->  Index Scan using sbtest3_pkey on sbtest3  (cost=0.43..47.68 rows=11 width=4)
	        Index Cond: ((id >= 1819012) AND (id <= 1819021))

table 4 : explain SELECT SUM(k) FROM sbtest4 WHERE id BETWEEN 3886994 AND 3887003
	Aggregate  (cost=43.77..43.78 rows=1 width=8)
	  ->  Index Scan using sbtest4_pkey on sbtest4  (cost=0.43..43.74 rows=10 width=4)
	        Index Cond: ((id >= 3886994) AND (id <= 3887003))

table 5 : explain SELECT SUM(k) FROM sbtest5 WHERE id BETWEEN 2385964 AND 2385973
	Aggregate  (cost=43.77..43.78 rows=1 width=8)
	  ->  Index Scan using sbtest5_pkey on sbtest5  (cost=0.43..43.74 rows=10 width=4)
	        Index Cond: ((id >= 2385964) AND (id <= 2385973))

table 6 : explain SELECT SUM(k) FROM sbtest6 WHERE id BETWEEN 8335254 AND 8335263
	Aggregate  (cost=47.68..47.69 rows=1 width=8)
	  ->  Index Scan using sbtest6_pkey on sbtest6  (cost=0.43..47.66 rows=11 width=4)
	        Index Cond: ((id >= 8335254) AND (id <= 8335263))

table 7 : explain SELECT SUM(k) FROM sbtest7 WHERE id BETWEEN 1317842 AND 1317851
	Aggregate  (cost=43.69..43.70 rows=1 width=8)
	  ->  Index Scan using sbtest7_pkey on sbtest7  (cost=0.43..43.67 rows=10 width=4)
	        Index Cond: ((id >= 1317842) AND (id <= 1317851))

table 8 : explain SELECT SUM(k) FROM sbtest8 WHERE id BETWEEN 9892923 AND 9892932
	Aggregate  (cost=43.55..43.56 rows=1 width=8)
	  ->  Index Scan using sbtest8_pkey on sbtest8  (cost=0.43..43.52 rows=10 width=4)
	        Index Cond: ((id >= 9892923) AND (id <= 9892932))

for: simple_ranges
table 1 : explain SELECT c FROM sbtest1 WHERE id BETWEEN 7179923 AND 7179932
	Index Scan using sbtest1_pkey on sbtest1  (cost=0.43..43.67 rows=10 width=121)
	  Index Cond: ((id >= 7179923) AND (id <= 7179932))

table 2 : explain SELECT c FROM sbtest2 WHERE id BETWEEN 9568529 AND 9568538
	Index Scan using sbtest2_pkey on sbtest2  (cost=0.43..43.96 rows=10 width=121)
	  Index Cond: ((id >= 9568529) AND (id <= 9568538))

table 3 : explain SELECT c FROM sbtest3 WHERE id BETWEEN 7932518 AND 7932527
	Index Scan using sbtest3_pkey on sbtest3  (cost=0.43..43.76 rows=10 width=121)
	  Index Cond: ((id >= 7932518) AND (id <= 7932527))

table 4 : explain SELECT c FROM sbtest4 WHERE id BETWEEN 7358502 AND 7358511
	Index Scan using sbtest4_pkey on sbtest4  (cost=0.43..47.67 rows=11 width=121)
	  Index Cond: ((id >= 7358502) AND (id <= 7358511))

table 5 : explain SELECT c FROM sbtest5 WHERE id BETWEEN 91923 AND 91932
	Index Scan using sbtest5_pkey on sbtest5  (cost=0.43..47.67 rows=11 width=121)
	  Index Cond: ((id >= 91923) AND (id <= 91932))

table 6 : explain SELECT c FROM sbtest6 WHERE id BETWEEN 1556957 AND 1556966
	Index Scan using sbtest6_pkey on sbtest6  (cost=0.43..39.82 rows=9 width=121)
	  Index Cond: ((id >= 1556957) AND (id <= 1556966))

table 7 : explain SELECT c FROM sbtest7 WHERE id BETWEEN 2556639 AND 2556648
	Index Scan using sbtest7_pkey on sbtest7  (cost=0.43..43.67 rows=10 width=121)
	  Index Cond: ((id >= 2556639) AND (id <= 2556648))

table 8 : explain SELECT c FROM sbtest8 WHERE id BETWEEN 7384066 AND 7384075
	Index Scan using sbtest8_pkey on sbtest8  (cost=0.43..47.42 rows=11 width=121)
	  Index Cond: ((id >= 7384066) AND (id <= 7384075))

for: simple_ranges
table 1 : explain SELECT c FROM sbtest1 WHERE id BETWEEN 8569444 AND 8569453
	Index Scan using sbtest1_pkey on sbtest1  (cost=0.43..43.67 rows=10 width=121)
	  Index Cond: ((id >= 8569444) AND (id <= 8569453))

table 2 : explain SELECT c FROM sbtest2 WHERE id BETWEEN 2309825 AND 2309834
	Index Scan using sbtest2_pkey on sbtest2  (cost=0.43..43.96 rows=10 width=121)
	  Index Cond: ((id >= 2309825) AND (id <= 2309834))

table 3 : explain SELECT c FROM sbtest3 WHERE id BETWEEN 6759205 AND 6759214
	Index Scan using sbtest3_pkey on sbtest3  (cost=0.43..43.76 rows=10 width=121)
	  Index Cond: ((id >= 6759205) AND (id <= 6759214))

table 4 : explain SELECT c FROM sbtest4 WHERE id BETWEEN 3678370 AND 3678379
	Index Scan using sbtest4_pkey on sbtest4  (cost=0.43..43.74 rows=10 width=121)
	  Index Cond: ((id >= 3678370) AND (id <= 3678379))

table 5 : explain SELECT c FROM sbtest5 WHERE id BETWEEN 8225948 AND 8225957
	Index Scan using sbtest5_pkey on sbtest5  (cost=0.43..47.67 rows=11 width=121)
	  Index Cond: ((id >= 8225948) AND (id <= 8225957))

table 6 : explain SELECT c FROM sbtest6 WHERE id BETWEEN 7008560 AND 7008569
	Index Scan using sbtest6_pkey on sbtest6  (cost=0.43..43.74 rows=10 width=121)
	  Index Cond: ((id >= 7008560) AND (id <= 7008569))

table 7 : explain SELECT c FROM sbtest7 WHERE id BETWEEN 5782763 AND 5782772
	Index Scan using sbtest7_pkey on sbtest7  (cost=0.43..39.76 rows=9 width=121)
	  Index Cond: ((id >= 5782763) AND (id <= 5782772))

table 8 : explain SELECT c FROM sbtest8 WHERE id BETWEEN 4074338 AND 4074347
	Index Scan using sbtest8_pkey on sbtest8  (cost=0.43..39.63 rows=9 width=121)
	  Index Cond: ((id >= 4074338) AND (id <= 4074347))

for: simple_ranges
table 1 : explain SELECT c FROM sbtest1 WHERE id BETWEEN 6187955 AND 6187964
	Index Scan using sbtest1_pkey on sbtest1  (cost=0.43..43.67 rows=10 width=121)
	  Index Cond: ((id >= 6187955) AND (id <= 6187964))

table 2 : explain SELECT c FROM sbtest2 WHERE id BETWEEN 6310999 AND 6311008
	Index Scan using sbtest2_pkey on sbtest2  (cost=0.43..47.90 rows=11 width=121)
	  Index Cond: ((id >= 6310999) AND (id <= 6311008))

table 3 : explain SELECT c FROM sbtest3 WHERE id BETWEEN 3662350 AND 3662359
	Index Scan using sbtest3_pkey on sbtest3  (cost=0.43..43.76 rows=10 width=121)
	  Index Cond: ((id >= 3662350) AND (id <= 3662359))

table 4 : explain SELECT c FROM sbtest4 WHERE id BETWEEN 9899634 AND 9899643
	Index Scan using sbtest4_pkey on sbtest4  (cost=0.43..43.74 rows=10 width=121)
	  Index Cond: ((id >= 9899634) AND (id <= 9899643))

table 5 : explain SELECT c FROM sbtest5 WHERE id BETWEEN 1554359 AND 1554368
	Index Scan using sbtest5_pkey on sbtest5  (cost=0.43..43.74 rows=10 width=121)
	  Index Cond: ((id >= 1554359) AND (id <= 1554368))

table 6 : explain SELECT c FROM sbtest6 WHERE id BETWEEN 4319043 AND 4319052
	Index Scan using sbtest6_pkey on sbtest6  (cost=0.43..39.82 rows=9 width=121)
	  Index Cond: ((id >= 4319043) AND (id <= 4319052))

table 7 : explain SELECT c FROM sbtest7 WHERE id BETWEEN 9449276 AND 9449285
	Index Scan using sbtest7_pkey on sbtest7  (cost=0.43..47.58 rows=11 width=121)
	  Index Cond: ((id >= 9449276) AND (id <= 9449285))

table 8 : explain SELECT c FROM sbtest8 WHERE id BETWEEN 3717332 AND 3717341
	Index Scan using sbtest8_pkey on sbtest8  (cost=0.43..43.52 rows=10 width=121)
	  Index Cond: ((id >= 3717332) AND (id <= 3717341))

for: sum_ranges
table 1 : explain SELECT SUM(k) FROM sbtest1 WHERE id BETWEEN 9597011 AND 9597020
	Aggregate  (cost=47.61..47.62 rows=1 width=8)
	  ->  Index Scan using sbtest1_pkey on sbtest1  (cost=0.43..47.58 rows=11 width=4)
	        Index Cond: ((id >= 9597011) AND (id <= 9597020))

table 2 : explain SELECT SUM(k) FROM sbtest2 WHERE id BETWEEN 3899818 AND 3899827
	Aggregate  (cost=43.98..43.99 rows=1 width=8)
	  ->  Index Scan using sbtest2_pkey on sbtest2  (cost=0.43..43.96 rows=10 width=4)
	        Index Cond: ((id >= 3899818) AND (id <= 3899827))

table 3 : explain SELECT SUM(k) FROM sbtest3 WHERE id BETWEEN 6919856 AND 6919865
	Aggregate  (cost=43.78..43.79 rows=1 width=8)
	  ->  Index Scan using sbtest3_pkey on sbtest3  (cost=0.43..43.76 rows=10 width=4)
	        Index Cond: ((id >= 6919856) AND (id <= 6919865))

table 4 : explain SELECT SUM(k) FROM sbtest4 WHERE id BETWEEN 3463490 AND 3463499
	Aggregate  (cost=47.69..47.70 rows=1 width=8)
	  ->  Index Scan using sbtest4_pkey on sbtest4  (cost=0.43..47.67 rows=11 width=4)
	        Index Cond: ((id >= 3463490) AND (id <= 3463499))

table 5 : explain SELECT SUM(k) FROM sbtest5 WHERE id BETWEEN 4798873 AND 4798882
	Aggregate  (cost=47.69..47.70 rows=1 width=8)
	  ->  Index Scan using sbtest5_pkey on sbtest5  (cost=0.43..47.67 rows=11 width=4)
	        Index Cond: ((id >= 4798873) AND (id <= 4798882))

table 6 : explain SELECT SUM(k) FROM sbtest6 WHERE id BETWEEN 9716882 AND 9716891
	Aggregate  (cost=43.76..43.77 rows=1 width=8)
	  ->  Index Scan using sbtest6_pkey on sbtest6  (cost=0.43..43.74 rows=10 width=4)
	        Index Cond: ((id >= 9716882) AND (id <= 9716891))

table 7 : explain SELECT SUM(k) FROM sbtest7 WHERE id BETWEEN 6757213 AND 6757222
	Aggregate  (cost=43.69..43.70 rows=1 width=8)
	  ->  Index Scan using sbtest7_pkey on sbtest7  (cost=0.43..43.67 rows=10 width=4)
	        Index Cond: ((id >= 6757213) AND (id <= 6757222))

table 8 : explain SELECT SUM(k) FROM sbtest8 WHERE id BETWEEN 8910292 AND 8910301
	Aggregate  (cost=43.55..43.56 rows=1 width=8)
	  ->  Index Scan using sbtest8_pkey on sbtest8  (cost=0.43..43.52 rows=10 width=4)
	        Index Cond: ((id >= 8910292) AND (id <= 8910301))

for: simple_ranges
table 1 : explain SELECT c FROM sbtest1 WHERE id BETWEEN 6183455 AND 6183464
	Index Scan using sbtest1_pkey on sbtest1  (cost=0.43..43.67 rows=10 width=121)
	  Index Cond: ((id >= 6183455) AND (id <= 6183464))

table 2 : explain SELECT c FROM sbtest2 WHERE id BETWEEN 1655902 AND 1655911
	Index Scan using sbtest2_pkey on sbtest2  (cost=0.43..43.96 rows=10 width=121)
	  Index Cond: ((id >= 1655902) AND (id <= 1655911))

table 3 : explain SELECT c FROM sbtest3 WHERE id BETWEEN 7692935 AND 7692944
	Index Scan using sbtest3_pkey on sbtest3  (cost=0.43..39.84 rows=9 width=121)
	  Index Cond: ((id >= 7692935) AND (id <= 7692944))

table 4 : explain SELECT c FROM sbtest4 WHERE id BETWEEN 8682054 AND 8682063
	Index Scan using sbtest4_pkey on sbtest4  (cost=0.43..43.74 rows=10 width=121)
	  Index Cond: ((id >= 8682054) AND (id <= 8682063))

table 5 : explain SELECT c FROM sbtest5 WHERE id BETWEEN 4339959 AND 4339968
	Index Scan using sbtest5_pkey on sbtest5  (cost=0.43..43.74 rows=10 width=121)
	  Index Cond: ((id >= 4339959) AND (id <= 4339968))

table 6 : explain SELECT c FROM sbtest6 WHERE id BETWEEN 9123156 AND 9123165
	Index Scan using sbtest6_pkey on sbtest6  (cost=0.43..43.74 rows=10 width=121)
	  Index Cond: ((id >= 9123156) AND (id <= 9123165))

table 7 : explain SELECT c FROM sbtest7 WHERE id BETWEEN 995636 AND 995645
	Index Scan using sbtest7_pkey on sbtest7  (cost=0.43..39.76 rows=9 width=121)
	  Index Cond: ((id >= 995636) AND (id <= 995645))

table 8 : explain SELECT c FROM sbtest8 WHERE id BETWEEN 6460284 AND 6460293
	Index Scan using sbtest8_pkey on sbtest8  (cost=0.43..43.52 rows=10 width=121)
	  Index Cond: ((id >= 6460284) AND (id <= 6460293))

for: simple_ranges
table 1 : explain SELECT c FROM sbtest1 WHERE id BETWEEN 6909538 AND 6909547
	Index Scan using sbtest1_pkey on sbtest1  (cost=0.43..43.67 rows=10 width=121)
	  Index Cond: ((id >= 6909538) AND (id <= 6909547))

table 2 : explain SELECT c FROM sbtest2 WHERE id BETWEEN 3177492 AND 3177501
	Index Scan using sbtest2_pkey on sbtest2  (cost=0.43..43.96 rows=10 width=121)
	  Index Cond: ((id >= 3177492) AND (id <= 3177501))

table 3 : explain SELECT c FROM sbtest3 WHERE id BETWEEN 9152807 AND 9152816
	Index Scan using sbtest3_pkey on sbtest3  (cost=0.43..43.76 rows=10 width=121)
	  Index Cond: ((id >= 9152807) AND (id <= 9152816))

table 4 : explain SELECT c FROM sbtest4 WHERE id BETWEEN 4928052 AND 4928061
	Index Scan using sbtest4_pkey on sbtest4  (cost=0.43..43.74 rows=10 width=121)
	  Index Cond: ((id >= 4928052) AND (id <= 4928061))

table 5 : explain SELECT c FROM sbtest5 WHERE id BETWEEN 3083928 AND 3083937
	Index Scan using sbtest5_pkey on sbtest5  (cost=0.43..43.74 rows=10 width=121)
	  Index Cond: ((id >= 3083928) AND (id <= 3083937))

table 6 : explain SELECT c FROM sbtest6 WHERE id BETWEEN 6522011 AND 6522020
	Index Scan using sbtest6_pkey on sbtest6  (cost=0.43..39.82 rows=9 width=121)
	  Index Cond: ((id >= 6522011) AND (id <= 6522020))

table 7 : explain SELECT c FROM sbtest7 WHERE id BETWEEN 6330893 AND 6330902
	Index Scan using sbtest7_pkey on sbtest7  (cost=0.43..43.67 rows=10 width=121)
	  Index Cond: ((id >= 6330893) AND (id <= 6330902))

table 8 : explain SELECT c FROM sbtest8 WHERE id BETWEEN 7676270 AND 7676279
	Index Scan using sbtest8_pkey on sbtest8  (cost=0.43..43.52 rows=10 width=121)
	  Index Cond: ((id >= 7676270) AND (id <= 7676279))

for: simple_ranges
table 1 : explain SELECT c FROM sbtest1 WHERE id BETWEEN 8860498 AND 8860507
	Index Scan using sbtest1_pkey on sbtest1  (cost=0.43..39.75 rows=9 width=121)
	  Index Cond: ((id >= 8860498) AND (id <= 8860507))

table 2 : explain SELECT c FROM sbtest2 WHERE id BETWEEN 1433262 AND 1433271
	Index Scan using sbtest2_pkey on sbtest2  (cost=0.43..47.90 rows=11 width=121)
	  Index Cond: ((id >= 1433262) AND (id <= 1433271))

table 3 : explain SELECT c FROM sbtest3 WHERE id BETWEEN 6576034 AND 6576043
	Index Scan using sbtest3_pkey on sbtest3  (cost=0.43..39.84 rows=9 width=121)
	  Index Cond: ((id >= 6576034) AND (id <= 6576043))

table 4 : explain SELECT c FROM sbtest4 WHERE id BETWEEN 4607053 AND 4607062
	Index Scan using sbtest4_pkey on sbtest4  (cost=0.43..43.74 rows=10 width=121)
	  Index Cond: ((id >= 4607053) AND (id <= 4607062))

table 5 : explain SELECT c FROM sbtest5 WHERE id BETWEEN 485945 AND 485954
	Index Scan using sbtest5_pkey on sbtest5  (cost=0.43..43.74 rows=10 width=121)
	  Index Cond: ((id >= 485945) AND (id <= 485954))

table 6 : explain SELECT c FROM sbtest6 WHERE id BETWEEN 9927038 AND 9927047
	Index Scan using sbtest6_pkey on sbtest6  (cost=0.43..47.66 rows=11 width=121)
	  Index Cond: ((id >= 9927038) AND (id <= 9927047))

table 7 : explain SELECT c FROM sbtest7 WHERE id BETWEEN 9979535 AND 9979544
	Index Scan using sbtest7_pkey on sbtest7  (cost=0.43..47.58 rows=11 width=121)
	  Index Cond: ((id >= 9979535) AND (id <= 9979544))

table 8 : explain SELECT c FROM sbtest8 WHERE id BETWEEN 1611308 AND 1611317
	Index Scan using sbtest8_pkey on sbtest8  (cost=0.43..43.52 rows=10 width=121)
	  Index Cond: ((id >= 1611308) AND (id <= 1611317))

for: sum_ranges
table 1 : explain SELECT SUM(k) FROM sbtest1 WHERE id BETWEEN 1537196 AND 1537205
	Aggregate  (cost=43.69..43.70 rows=1 width=8)
	  ->  Index Scan using sbtest1_pkey on sbtest1  (cost=0.43..43.67 rows=10 width=4)
	        Index Cond: ((id >= 1537196) AND (id <= 1537205))

table 2 : explain SELECT SUM(k) FROM sbtest2 WHERE id BETWEEN 7984991 AND 7985000
	Aggregate  (cost=47.93..47.94 rows=1 width=8)
	  ->  Index Scan using sbtest2_pkey on sbtest2  (cost=0.43..47.90 rows=11 width=4)
	        Index Cond: ((id >= 7984991) AND (id <= 7985000))

table 3 : explain SELECT SUM(k) FROM sbtest3 WHERE id BETWEEN 4501464 AND 4501473
	Aggregate  (cost=43.78..43.79 rows=1 width=8)
	  ->  Index Scan using sbtest3_pkey on sbtest3  (cost=0.43..43.76 rows=10 width=4)
	        Index Cond: ((id >= 4501464) AND (id <= 4501473))

table 4 : explain SELECT SUM(k) FROM sbtest4 WHERE id BETWEEN 6221316 AND 6221325
	Aggregate  (cost=39.85..39.86 rows=1 width=8)
	  ->  Index Scan using sbtest4_pkey on sbtest4  (cost=0.43..39.82 rows=9 width=4)
	        Index Cond: ((id >= 6221316) AND (id <= 6221325))

table 5 : explain SELECT SUM(k) FROM sbtest5 WHERE id BETWEEN 404523 AND 404532
	Aggregate  (cost=43.77..43.78 rows=1 width=8)
	  ->  Index Scan using sbtest5_pkey on sbtest5  (cost=0.43..43.74 rows=10 width=4)
	        Index Cond: ((id >= 404523) AND (id <= 404532))

table 6 : explain SELECT SUM(k) FROM sbtest6 WHERE id BETWEEN 3103632 AND 3103641
	Aggregate  (cost=43.76..43.77 rows=1 width=8)
	  ->  Index Scan using sbtest6_pkey on sbtest6  (cost=0.43..43.74 rows=10 width=4)
	        Index Cond: ((id >= 3103632) AND (id <= 3103641))

table 7 : explain SELECT SUM(k) FROM sbtest7 WHERE id BETWEEN 8829337 AND 8829346
	Aggregate  (cost=43.69..43.70 rows=1 width=8)
	  ->  Index Scan using sbtest7_pkey on sbtest7  (cost=0.43..43.67 rows=10 width=4)
	        Index Cond: ((id >= 8829337) AND (id <= 8829346))

table 8 : explain SELECT SUM(k) FROM sbtest8 WHERE id BETWEEN 7025899 AND 7025908
	Aggregate  (cost=47.45..47.46 rows=1 width=8)
	  ->  Index Scan using sbtest8_pkey on sbtest8  (cost=0.43..47.42 rows=11 width=4)
	        Index Cond: ((id >= 7025899) AND (id <= 7025908))

for: simple_ranges
table 1 : explain SELECT c FROM sbtest1 WHERE id BETWEEN 5437928 AND 5437937
	Index Scan using sbtest1_pkey on sbtest1  (cost=0.43..47.58 rows=11 width=121)
	  Index Cond: ((id >= 5437928) AND (id <= 5437937))

table 2 : explain SELECT c FROM sbtest2 WHERE id BETWEEN 5579579 AND 5579588
	Index Scan using sbtest2_pkey on sbtest2  (cost=0.43..40.01 rows=9 width=121)
	  Index Cond: ((id >= 5579579) AND (id <= 5579588))

table 3 : explain SELECT c FROM sbtest3 WHERE id BETWEEN 8547937 AND 8547946
	Index Scan using sbtest3_pkey on sbtest3  (cost=0.43..43.76 rows=10 width=121)
	  Index Cond: ((id >= 8547937) AND (id <= 8547946))

table 4 : explain SELECT c FROM sbtest4 WHERE id BETWEEN 5747047 AND 5747056
	Index Scan using sbtest4_pkey on sbtest4  (cost=0.43..43.74 rows=10 width=121)
	  Index Cond: ((id >= 5747047) AND (id <= 5747056))

table 5 : explain SELECT c FROM sbtest5 WHERE id BETWEEN 4632759 AND 4632768
	Index Scan using sbtest5_pkey on sbtest5  (cost=0.43..47.67 rows=11 width=121)
	  Index Cond: ((id >= 4632759) AND (id <= 4632768))

table 6 : explain SELECT c FROM sbtest6 WHERE id BETWEEN 8856962 AND 8856971
	Index Scan using sbtest6_pkey on sbtest6  (cost=0.43..47.66 rows=11 width=121)
	  Index Cond: ((id >= 8856962) AND (id <= 8856971))

table 7 : explain SELECT c FROM sbtest7 WHERE id BETWEEN 6681432 AND 6681441
	Index Scan using sbtest7_pkey on sbtest7  (cost=0.43..39.76 rows=9 width=121)
	  Index Cond: ((id >= 6681432) AND (id <= 6681441))

table 8 : explain SELECT c FROM sbtest8 WHERE id BETWEEN 2205150 AND 2205159
	Index Scan using sbtest8_pkey on sbtest8  (cost=0.43..43.52 rows=10 width=121)
	  Index Cond: ((id >= 2205150) AND (id <= 2205159))

for: simple_ranges
table 1 : explain SELECT c FROM sbtest1 WHERE id BETWEEN 2108003 AND 2108012
	Index Scan using sbtest1_pkey on sbtest1  (cost=0.43..43.67 rows=10 width=121)
	  Index Cond: ((id >= 2108003) AND (id <= 2108012))

table 2 : explain SELECT c FROM sbtest2 WHERE id BETWEEN 6250938 AND 6250947
	Index Scan using sbtest2_pkey on sbtest2  (cost=0.43..43.96 rows=10 width=121)
	  Index Cond: ((id >= 6250938) AND (id <= 6250947))

table 3 : explain SELECT c FROM sbtest3 WHERE id BETWEEN 2380503 AND 2380512
	Index Scan using sbtest3_pkey on sbtest3  (cost=0.43..43.76 rows=10 width=121)
	  Index Cond: ((id >= 2380503) AND (id <= 2380512))

table 4 : explain SELECT c FROM sbtest4 WHERE id BETWEEN 280753 AND 280762
	Index Scan using sbtest4_pkey on sbtest4  (cost=0.43..47.67 rows=11 width=121)
	  Index Cond: ((id >= 280753) AND (id <= 280762))

table 5 : explain SELECT c FROM sbtest5 WHERE id BETWEEN 8529307 AND 8529316
	Index Scan using sbtest5_pkey on sbtest5  (cost=0.43..43.74 rows=10 width=121)
	  Index Cond: ((id >= 8529307) AND (id <= 8529316))

table 6 : explain SELECT c FROM sbtest6 WHERE id BETWEEN 7923205 AND 7923214
	Index Scan using sbtest6_pkey on sbtest6  (cost=0.43..43.74 rows=10 width=121)
	  Index Cond: ((id >= 7923205) AND (id <= 7923214))

table 7 : explain SELECT c FROM sbtest7 WHERE id BETWEEN 6990823 AND 6990832
	Index Scan using sbtest7_pkey on sbtest7  (cost=0.43..47.58 rows=11 width=121)
	  Index Cond: ((id >= 6990823) AND (id <= 6990832))

table 8 : explain SELECT c FROM sbtest8 WHERE id BETWEEN 3959967 AND 3959976
	Index Scan using sbtest8_pkey on sbtest8  (cost=0.43..47.42 rows=11 width=121)
	  Index Cond: ((id >= 3959967) AND (id <= 3959976))

for: simple_ranges
table 1 : explain SELECT c FROM sbtest1 WHERE id BETWEEN 5226511 AND 5226520
	Index Scan using sbtest1_pkey on sbtest1  (cost=0.43..43.67 rows=10 width=121)
	  Index Cond: ((id >= 5226511) AND (id <= 5226520))

table 2 : explain SELECT c FROM sbtest2 WHERE id BETWEEN 4635399 AND 4635408
	Index Scan using sbtest2_pkey on sbtest2  (cost=0.43..43.96 rows=10 width=121)
	  Index Cond: ((id >= 4635399) AND (id <= 4635408))

table 3 : explain SELECT c FROM sbtest3 WHERE id BETWEEN 3312240 AND 3312249
	Index Scan using sbtest3_pkey on sbtest3  (cost=0.43..47.68 rows=11 width=121)
	  Index Cond: ((id >= 3312240) AND (id <= 3312249))

table 4 : explain SELECT c FROM sbtest4 WHERE id BETWEEN 6820689 AND 6820698
	Index Scan using sbtest4_pkey on sbtest4  (cost=0.43..43.74 rows=10 width=121)
	  Index Cond: ((id >= 6820689) AND (id <= 6820698))

table 5 : explain SELECT c FROM sbtest5 WHERE id BETWEEN 7280266 AND 7280275
	Index Scan using sbtest5_pkey on sbtest5  (cost=0.43..47.67 rows=11 width=121)
	  Index Cond: ((id >= 7280266) AND (id <= 7280275))

table 6 : explain SELECT c FROM sbtest6 WHERE id BETWEEN 1487412 AND 1487421
	Index Scan using sbtest6_pkey on sbtest6  (cost=0.43..39.82 rows=9 width=121)
	  Index Cond: ((id >= 1487412) AND (id <= 1487421))

table 7 : explain SELECT c FROM sbtest7 WHERE id BETWEEN 8033879 AND 8033888
	Index Scan using sbtest7_pkey on sbtest7  (cost=0.43..43.67 rows=10 width=121)
	  Index Cond: ((id >= 8033879) AND (id <= 8033888))

table 8 : explain SELECT c FROM sbtest8 WHERE id BETWEEN 5667657 AND 5667666
	Index Scan using sbtest8_pkey on sbtest8  (cost=0.43..39.63 rows=9 width=121)
	  Index Cond: ((id >= 5667657) AND (id <= 5667666))

for: simple_ranges
table 1 : explain SELECT c FROM sbtest1 WHERE id BETWEEN 3248289 AND 3248298
	Index Scan using sbtest1_pkey on sbtest1  (cost=0.43..39.75 rows=9 width=121)
	  Index Cond: ((id >= 3248289) AND (id <= 3248298))

table 2 : explain SELECT c FROM sbtest2 WHERE id BETWEEN 4986187 AND 4986196
	Index Scan using sbtest2_pkey on sbtest2  (cost=0.43..43.96 rows=10 width=121)
	  Index Cond: ((id >= 4986187) AND (id <= 4986196))

table 3 : explain SELECT c FROM sbtest3 WHERE id BETWEEN 9395112 AND 9395121
	Index Scan using sbtest3_pkey on sbtest3  (cost=0.43..43.76 rows=10 width=121)
	  Index Cond: ((id >= 9395112) AND (id <= 9395121))

table 4 : explain SELECT c FROM sbtest4 WHERE id BETWEEN 424217 AND 424226
	Index Scan using sbtest4_pkey on sbtest4  (cost=0.43..43.74 rows=10 width=121)
	  Index Cond: ((id >= 424217) AND (id <= 424226))

table 5 : explain SELECT c FROM sbtest5 WHERE id BETWEEN 4482933 AND 4482942
	Index Scan using sbtest5_pkey on sbtest5  (cost=0.43..43.74 rows=10 width=121)
	  Index Cond: ((id >= 4482933) AND (id <= 4482942))

table 6 : explain SELECT c FROM sbtest6 WHERE id BETWEEN 3347401 AND 3347410
	Index Scan using sbtest6_pkey on sbtest6  (cost=0.43..43.74 rows=10 width=121)
	  Index Cond: ((id >= 3347401) AND (id <= 3347410))

table 7 : explain SELECT c FROM sbtest7 WHERE id BETWEEN 6908748 AND 6908757
	Index Scan using sbtest7_pkey on sbtest7  (cost=0.43..43.67 rows=10 width=121)
	  Index Cond: ((id >= 6908748) AND (id <= 6908757))

table 8 : explain SELECT c FROM sbtest8 WHERE id BETWEEN 9337513 AND 9337522
	Index Scan using sbtest8_pkey on sbtest8  (cost=0.43..43.52 rows=10 width=121)
	  Index Cond: ((id >= 9337513) AND (id <= 9337522))

for point_selects
table 1 : explain SELECT c FROM sbtest1 WHERE id=585431
	Index Scan using sbtest1_pkey on sbtest1  (cost=0.43..8.45 rows=1 width=121)
	  Index Cond: (id = 585431)

table 2 : explain SELECT c FROM sbtest2 WHERE id=7336257
	Index Scan using sbtest2_pkey on sbtest2  (cost=0.43..8.45 rows=1 width=121)
	  Index Cond: (id = 7336257)

table 3 : explain SELECT c FROM sbtest3 WHERE id=9640445
	Index Scan using sbtest3_pkey on sbtest3  (cost=0.43..8.45 rows=1 width=121)
	  Index Cond: (id = 9640445)

table 4 : explain SELECT c FROM sbtest4 WHERE id=9958132
	Index Scan using sbtest4_pkey on sbtest4  (cost=0.43..8.45 rows=1 width=121)
	  Index Cond: (id = 9958132)

table 5 : explain SELECT c FROM sbtest5 WHERE id=7200227
	Index Scan using sbtest5_pkey on sbtest5  (cost=0.43..8.45 rows=1 width=121)
	  Index Cond: (id = 7200227)

table 6 : explain SELECT c FROM sbtest6 WHERE id=4016976
	Index Scan using sbtest6_pkey on sbtest6  (cost=0.43..8.45 rows=1 width=121)
	  Index Cond: (id = 4016976)

table 7 : explain SELECT c FROM sbtest7 WHERE id=7507248
	Index Scan using sbtest7_pkey on sbtest7  (cost=0.43..8.45 rows=1 width=121)
	  Index Cond: (id = 7507248)

table 8 : explain SELECT c FROM sbtest8 WHERE id=9047584
	Index Scan using sbtest8_pkey on sbtest8  (cost=0.43..8.45 rows=1 width=121)
	  Index Cond: (id = 9047584)

for: simple_ranges
table 1 : explain SELECT c FROM sbtest1 WHERE id BETWEEN 7650674 AND 7650683
	Index Scan using sbtest1_pkey on sbtest1  (cost=0.43..43.67 rows=10 width=121)
	  Index Cond: ((id >= 7650674) AND (id <= 7650683))

table 2 : explain SELECT c FROM sbtest2 WHERE id BETWEEN 2748321 AND 2748330
	Index Scan using sbtest2_pkey on sbtest2  (cost=0.43..43.96 rows=10 width=121)
	  Index Cond: ((id >= 2748321) AND (id <= 2748330))

table 3 : explain SELECT c FROM sbtest3 WHERE id BETWEEN 871447 AND 871456
	Index Scan using sbtest3_pkey on sbtest3  (cost=0.43..47.68 rows=11 width=121)
	  Index Cond: ((id >= 871447) AND (id <= 871456))

table 4 : explain SELECT c FROM sbtest4 WHERE id BETWEEN 1058774 AND 1058783
	Index Scan using sbtest4_pkey on sbtest4  (cost=0.43..47.67 rows=11 width=121)
	  Index Cond: ((id >= 1058774) AND (id <= 1058783))

table 5 : explain SELECT c FROM sbtest5 WHERE id BETWEEN 8536889 AND 8536898
	Index Scan using sbtest5_pkey on sbtest5  (cost=0.43..43.74 rows=10 width=121)
	  Index Cond: ((id >= 8536889) AND (id <= 8536898))

table 6 : explain SELECT c FROM sbtest6 WHERE id BETWEEN 6213287 AND 6213296
	Index Scan using sbtest6_pkey on sbtest6  (cost=0.43..43.74 rows=10 width=121)
	  Index Cond: ((id >= 6213287) AND (id <= 6213296))

table 7 : explain SELECT c FROM sbtest7 WHERE id BETWEEN 6447863 AND 6447872
	Index Scan using sbtest7_pkey on sbtest7  (cost=0.43..43.67 rows=10 width=121)
	  Index Cond: ((id >= 6447863) AND (id <= 6447872))

table 8 : explain SELECT c FROM sbtest8 WHERE id BETWEEN 9539756 AND 9539765
	Index Scan using sbtest8_pkey on sbtest8  (cost=0.43..43.52 rows=10 width=121)
	  Index Cond: ((id >= 9539756) AND (id <= 9539765))

for: simple_ranges
table 1 : explain SELECT c FROM sbtest1 WHERE id BETWEEN 4912409 AND 4912418
	Index Scan using sbtest1_pkey on sbtest1  (cost=0.43..43.67 rows=10 width=121)
	  Index Cond: ((id >= 4912409) AND (id <= 4912418))

table 2 : explain SELECT c FROM sbtest2 WHERE id BETWEEN 6502923 AND 6502932
	Index Scan using sbtest2_pkey on sbtest2  (cost=0.43..43.96 rows=10 width=121)
	  Index Cond: ((id >= 6502923) AND (id <= 6502932))

table 3 : explain SELECT c FROM sbtest3 WHERE id BETWEEN 7283341 AND 7283350
	Index Scan using sbtest3_pkey on sbtest3  (cost=0.43..43.76 rows=10 width=121)
	  Index Cond: ((id >= 7283341) AND (id <= 7283350))

table 4 : explain SELECT c FROM sbtest4 WHERE id BETWEEN 1055413 AND 1055422
	Index Scan using sbtest4_pkey on sbtest4  (cost=0.43..47.67 rows=11 width=121)
	  Index Cond: ((id >= 1055413) AND (id <= 1055422))

table 5 : explain SELECT c FROM sbtest5 WHERE id BETWEEN 9198966 AND 9198975
	Index Scan using sbtest5_pkey on sbtest5  (cost=0.43..39.82 rows=9 width=121)
	  Index Cond: ((id >= 9198966) AND (id <= 9198975))

table 6 : explain SELECT c FROM sbtest6 WHERE id BETWEEN 4836736 AND 4836745
	Index Scan using sbtest6_pkey on sbtest6  (cost=0.43..43.74 rows=10 width=121)
	  Index Cond: ((id >= 4836736) AND (id <= 4836745))

table 7 : explain SELECT c FROM sbtest7 WHERE id BETWEEN 2026714 AND 2026723
	Index Scan using sbtest7_pkey on sbtest7  (cost=0.43..43.67 rows=10 width=121)
	  Index Cond: ((id >= 2026714) AND (id <= 2026723))

table 8 : explain SELECT c FROM sbtest8 WHERE id BETWEEN 8824772 AND 8824781
	Index Scan using sbtest8_pkey on sbtest8  (cost=0.43..43.52 rows=10 width=121)
	  Index Cond: ((id >= 8824772) AND (id <= 8824781))

for: sum_ranges
table 1 : explain SELECT SUM(k) FROM sbtest1 WHERE id BETWEEN 5183072 AND 5183081
	Aggregate  (cost=43.69..43.70 rows=1 width=8)
	  ->  Index Scan using sbtest1_pkey on sbtest1  (cost=0.43..43.67 rows=10 width=4)
	        Index Cond: ((id >= 5183072) AND (id <= 5183081))

table 2 : explain SELECT SUM(k) FROM sbtest2 WHERE id BETWEEN 251208 AND 251217
	Aggregate  (cost=40.03..40.04 rows=1 width=8)
	  ->  Index Scan using sbtest2_pkey on sbtest2  (cost=0.43..40.01 rows=9 width=4)
	        Index Cond: ((id >= 251208) AND (id <= 251217))

table 3 : explain SELECT SUM(k) FROM sbtest3 WHERE id BETWEEN 2909074 AND 2909083
	Aggregate  (cost=43.78..43.79 rows=1 width=8)
	  ->  Index Scan using sbtest3_pkey on sbtest3  (cost=0.43..43.76 rows=10 width=4)
	        Index Cond: ((id >= 2909074) AND (id <= 2909083))

table 4 : explain SELECT SUM(k) FROM sbtest4 WHERE id BETWEEN 1062126 AND 1062135
	Aggregate  (cost=47.69..47.70 rows=1 width=8)
	  ->  Index Scan using sbtest4_pkey on sbtest4  (cost=0.43..47.67 rows=11 width=4)
	        Index Cond: ((id >= 1062126) AND (id <= 1062135))

table 5 : explain SELECT SUM(k) FROM sbtest5 WHERE id BETWEEN 214187 AND 214196
	Aggregate  (cost=47.69..47.70 rows=1 width=8)
	  ->  Index Scan using sbtest5_pkey on sbtest5  (cost=0.43..47.67 rows=11 width=4)
	        Index Cond: ((id >= 214187) AND (id <= 214196))

table 6 : explain SELECT SUM(k) FROM sbtest6 WHERE id BETWEEN 7153729 AND 7153738
	Aggregate  (cost=39.84..39.85 rows=1 width=8)
	  ->  Index Scan using sbtest6_pkey on sbtest6  (cost=0.43..39.82 rows=9 width=4)
	        Index Cond: ((id >= 7153729) AND (id <= 7153738))

table 7 : explain SELECT SUM(k) FROM sbtest7 WHERE id BETWEEN 8312455 AND 8312464
	Aggregate  (cost=43.69..43.70 rows=1 width=8)
	  ->  Index Scan using sbtest7_pkey on sbtest7  (cost=0.43..43.67 rows=10 width=4)
	        Index Cond: ((id >= 8312455) AND (id <= 8312464))

table 8 : explain SELECT SUM(k) FROM sbtest8 WHERE id BETWEEN 8431808 AND 8431817
	Aggregate  (cost=43.55..43.56 rows=1 width=8)
	  ->  Index Scan using sbtest8_pkey on sbtest8  (cost=0.43..43.52 rows=10 width=4)
	        Index Cond: ((id >= 8431808) AND (id <= 8431817))

for: sum_ranges
table 1 : explain SELECT SUM(k) FROM sbtest1 WHERE id BETWEEN 8582547 AND 8582556
	Aggregate  (cost=43.69..43.70 rows=1 width=8)
	  ->  Index Scan using sbtest1_pkey on sbtest1  (cost=0.43..43.67 rows=10 width=4)
	        Index Cond: ((id >= 8582547) AND (id <= 8582556))

table 2 : explain SELECT SUM(k) FROM sbtest2 WHERE id BETWEEN 6722262 AND 6722271
	Aggregate  (cost=47.93..47.94 rows=1 width=8)
	  ->  Index Scan using sbtest2_pkey on sbtest2  (cost=0.43..47.90 rows=11 width=4)
	        Index Cond: ((id >= 6722262) AND (id <= 6722271))

table 3 : explain SELECT SUM(k) FROM sbtest3 WHERE id BETWEEN 1811121 AND 1811130
	Aggregate  (cost=47.71..47.72 rows=1 width=8)
	  ->  Index Scan using sbtest3_pkey on sbtest3  (cost=0.43..47.68 rows=11 width=4)
	        Index Cond: ((id >= 1811121) AND (id <= 1811130))

table 4 : explain SELECT SUM(k) FROM sbtest4 WHERE id BETWEEN 3137836 AND 3137845
	Aggregate  (cost=43.77..43.78 rows=1 width=8)
	  ->  Index Scan using sbtest4_pkey on sbtest4  (cost=0.43..43.74 rows=10 width=4)
	        Index Cond: ((id >= 3137836) AND (id <= 3137845))

table 5 : explain SELECT SUM(k) FROM sbtest5 WHERE id BETWEEN 938562 AND 938571
	Aggregate  (cost=47.69..47.70 rows=1 width=8)
	  ->  Index Scan using sbtest5_pkey on sbtest5  (cost=0.43..47.67 rows=11 width=4)
	        Index Cond: ((id >= 938562) AND (id <= 938571))

table 6 : explain SELECT SUM(k) FROM sbtest6 WHERE id BETWEEN 4953039 AND 4953048
	Aggregate  (cost=43.76..43.77 rows=1 width=8)
	  ->  Index Scan using sbtest6_pkey on sbtest6  (cost=0.43..43.74 rows=10 width=4)
	        Index Cond: ((id >= 4953039) AND (id <= 4953048))

table 7 : explain SELECT SUM(k) FROM sbtest7 WHERE id BETWEEN 4274939 AND 4274948
	Aggregate  (cost=43.69..43.70 rows=1 width=8)
	  ->  Index Scan using sbtest7_pkey on sbtest7  (cost=0.43..43.67 rows=10 width=4)
	        Index Cond: ((id >= 4274939) AND (id <= 4274948))

table 8 : explain SELECT SUM(k) FROM sbtest8 WHERE id BETWEEN 1353060 AND 1353069
	Aggregate  (cost=43.55..43.56 rows=1 width=8)
	  ->  Index Scan using sbtest8_pkey on sbtest8  (cost=0.43..43.52 rows=10 width=4)
	        Index Cond: ((id >= 1353060) AND (id <= 1353069))

for: simple_ranges
table 1 : explain SELECT c FROM sbtest1 WHERE id BETWEEN 1054329 AND 1054338
	Index Scan using sbtest1_pkey on sbtest1  (cost=0.43..43.67 rows=10 width=121)
	  Index Cond: ((id >= 1054329) AND (id <= 1054338))

table 2 : explain SELECT c FROM sbtest2 WHERE id BETWEEN 7497792 AND 7497801
	Index Scan using sbtest2_pkey on sbtest2  (cost=0.43..43.96 rows=10 width=121)
	  Index Cond: ((id >= 7497792) AND (id <= 7497801))

table 3 : explain SELECT c FROM sbtest3 WHERE id BETWEEN 6680080 AND 6680089
	Index Scan using sbtest3_pkey on sbtest3  (cost=0.43..39.84 rows=9 width=121)
	  Index Cond: ((id >= 6680080) AND (id <= 6680089))

table 4 : explain SELECT c FROM sbtest4 WHERE id BETWEEN 2495280 AND 2495289
	Index Scan using sbtest4_pkey on sbtest4  (cost=0.43..43.74 rows=10 width=121)
	  Index Cond: ((id >= 2495280) AND (id <= 2495289))

table 5 : explain SELECT c FROM sbtest5 WHERE id BETWEEN 8166014 AND 8166023
	Index Scan using sbtest5_pkey on sbtest5  (cost=0.43..43.74 rows=10 width=121)
	  Index Cond: ((id >= 8166014) AND (id <= 8166023))

table 6 : explain SELECT c FROM sbtest6 WHERE id BETWEEN 1312205 AND 1312214
	Index Scan using sbtest6_pkey on sbtest6  (cost=0.43..43.74 rows=10 width=121)
	  Index Cond: ((id >= 1312205) AND (id <= 1312214))

table 7 : explain SELECT c FROM sbtest7 WHERE id BETWEEN 510299 AND 510308
	Index Scan using sbtest7_pkey on sbtest7  (cost=0.43..47.58 rows=11 width=121)
	  Index Cond: ((id >= 510299) AND (id <= 510308))

table 8 : explain SELECT c FROM sbtest8 WHERE id BETWEEN 9449012 AND 9449021
	Index Scan using sbtest8_pkey on sbtest8  (cost=0.43..43.52 rows=10 width=121)
	  Index Cond: ((id >= 9449012) AND (id <= 9449021))

for: sum_ranges
table 1 : explain SELECT SUM(k) FROM sbtest1 WHERE id BETWEEN 748426 AND 748435
	Aggregate  (cost=43.69..43.70 rows=1 width=8)
	  ->  Index Scan using sbtest1_pkey on sbtest1  (cost=0.43..43.67 rows=10 width=4)
	        Index Cond: ((id >= 748426) AND (id <= 748435))

table 2 : explain SELECT SUM(k) FROM sbtest2 WHERE id BETWEEN 7315692 AND 7315701
	Aggregate  (cost=43.98..43.99 rows=1 width=8)
	  ->  Index Scan using sbtest2_pkey on sbtest2  (cost=0.43..43.96 rows=10 width=4)
	        Index Cond: ((id >= 7315692) AND (id <= 7315701))

table 3 : explain SELECT SUM(k) FROM sbtest3 WHERE id BETWEEN 9699933 AND 9699942
	Aggregate  (cost=43.78..43.79 rows=1 width=8)
	  ->  Index Scan using sbtest3_pkey on sbtest3  (cost=0.43..43.76 rows=10 width=4)
	        Index Cond: ((id >= 9699933) AND (id <= 9699942))

table 4 : explain SELECT SUM(k) FROM sbtest4 WHERE id BETWEEN 7221946 AND 7221955
	Aggregate  (cost=39.85..39.86 rows=1 width=8)
	  ->  Index Scan using sbtest4_pkey on sbtest4  (cost=0.43..39.82 rows=9 width=4)
	        Index Cond: ((id >= 7221946) AND (id <= 7221955))

table 5 : explain SELECT SUM(k) FROM sbtest5 WHERE id BETWEEN 7811422 AND 7811431
	Aggregate  (cost=47.69..47.70 rows=1 width=8)
	  ->  Index Scan using sbtest5_pkey on sbtest5  (cost=0.43..47.67 rows=11 width=4)
	        Index Cond: ((id >= 7811422) AND (id <= 7811431))

table 6 : explain SELECT SUM(k) FROM sbtest6 WHERE id BETWEEN 6648193 AND 6648202
	Aggregate  (cost=43.76..43.77 rows=1 width=8)
	  ->  Index Scan using sbtest6_pkey on sbtest6  (cost=0.43..43.74 rows=10 width=4)
	        Index Cond: ((id >= 6648193) AND (id <= 6648202))

table 7 : explain SELECT SUM(k) FROM sbtest7 WHERE id BETWEEN 3986067 AND 3986076
	Aggregate  (cost=39.78..39.79 rows=1 width=8)
	  ->  Index Scan using sbtest7_pkey on sbtest7  (cost=0.43..39.76 rows=9 width=4)
	        Index Cond: ((id >= 3986067) AND (id <= 3986076))

table 8 : explain SELECT SUM(k) FROM sbtest8 WHERE id BETWEEN 1923364 AND 1923373
	Aggregate  (cost=43.55..43.56 rows=1 width=8)
	  ->  Index Scan using sbtest8_pkey on sbtest8  (cost=0.43..43.52 rows=10 width=4)
	        Index Cond: ((id >= 1923364) AND (id <= 1923373))

for: sum_ranges
table 1 : explain SELECT SUM(k) FROM sbtest1 WHERE id BETWEEN 4560468 AND 4560477
	Aggregate  (cost=39.78..39.79 rows=1 width=8)
	  ->  Index Scan using sbtest1_pkey on sbtest1  (cost=0.43..39.75 rows=9 width=4)
	        Index Cond: ((id >= 4560468) AND (id <= 4560477))

table 2 : explain SELECT SUM(k) FROM sbtest2 WHERE id BETWEEN 7385516 AND 7385525
	Aggregate  (cost=43.98..43.99 rows=1 width=8)
	  ->  Index Scan using sbtest2_pkey on sbtest2  (cost=0.43..43.96 rows=10 width=4)
	        Index Cond: ((id >= 7385516) AND (id <= 7385525))

table 3 : explain SELECT SUM(k) FROM sbtest3 WHERE id BETWEEN 5223649 AND 5223658
	Aggregate  (cost=47.71..47.72 rows=1 width=8)
	  ->  Index Scan using sbtest3_pkey on sbtest3  (cost=0.43..47.68 rows=11 width=4)
	        Index Cond: ((id >= 5223649) AND (id <= 5223658))

table 4 : explain SELECT SUM(k) FROM sbtest4 WHERE id BETWEEN 2527410 AND 2527419
	Aggregate  (cost=43.77..43.78 rows=1 width=8)
	  ->  Index Scan using sbtest4_pkey on sbtest4  (cost=0.43..43.74 rows=10 width=4)
	        Index Cond: ((id >= 2527410) AND (id <= 2527419))

table 5 : explain SELECT SUM(k) FROM sbtest5 WHERE id BETWEEN 8945029 AND 8945038
	Aggregate  (cost=43.77..43.78 rows=1 width=8)
	  ->  Index Scan using sbtest5_pkey on sbtest5  (cost=0.43..43.74 rows=10 width=4)
	        Index Cond: ((id >= 8945029) AND (id <= 8945038))

table 6 : explain SELECT SUM(k) FROM sbtest6 WHERE id BETWEEN 3177664 AND 3177673
	Aggregate  (cost=43.76..43.77 rows=1 width=8)
	  ->  Index Scan using sbtest6_pkey on sbtest6  (cost=0.43..43.74 rows=10 width=4)
	        Index Cond: ((id >= 3177664) AND (id <= 3177673))

table 7 : explain SELECT SUM(k) FROM sbtest7 WHERE id BETWEEN 3252913 AND 3252922
	Aggregate  (cost=39.78..39.79 rows=1 width=8)
	  ->  Index Scan using sbtest7_pkey on sbtest7  (cost=0.43..39.76 rows=9 width=4)
	        Index Cond: ((id >= 3252913) AND (id <= 3252922))

table 8 : explain SELECT SUM(k) FROM sbtest8 WHERE id BETWEEN 3728475 AND 3728484
	Aggregate  (cost=43.55..43.56 rows=1 width=8)
	  ->  Index Scan using sbtest8_pkey on sbtest8  (cost=0.43..43.52 rows=10 width=4)
	        Index Cond: ((id >= 3728475) AND (id <= 3728484))

for: sum_ranges
table 1 : explain SELECT SUM(k) FROM sbtest1 WHERE id BETWEEN 3287886 AND 3287895
	Aggregate  (cost=43.69..43.70 rows=1 width=8)
	  ->  Index Scan using sbtest1_pkey on sbtest1  (cost=0.43..43.67 rows=10 width=4)
	        Index Cond: ((id >= 3287886) AND (id <= 3287895))

table 2 : explain SELECT SUM(k) FROM sbtest2 WHERE id BETWEEN 1480514 AND 1480523
	Aggregate  (cost=47.93..47.94 rows=1 width=8)
	  ->  Index Scan using sbtest2_pkey on sbtest2  (cost=0.43..47.90 rows=11 width=4)
	        Index Cond: ((id >= 1480514) AND (id <= 1480523))

table 3 : explain SELECT SUM(k) FROM sbtest3 WHERE id BETWEEN 5356993 AND 5357002
	Aggregate  (cost=47.71..47.72 rows=1 width=8)
	  ->  Index Scan using sbtest3_pkey on sbtest3  (cost=0.43..47.68 rows=11 width=4)
	        Index Cond: ((id >= 5356993) AND (id <= 5357002))

table 4 : explain SELECT SUM(k) FROM sbtest4 WHERE id BETWEEN 2997268 AND 2997277
	Aggregate  (cost=51.62..51.63 rows=1 width=8)
	  ->  Index Scan using sbtest4_pkey on sbtest4  (cost=0.43..51.59 rows=12 width=4)
	        Index Cond: ((id >= 2997268) AND (id <= 2997277))

table 5 : explain SELECT SUM(k) FROM sbtest5 WHERE id BETWEEN 2532080 AND 2532089
	Aggregate  (cost=43.77..43.78 rows=1 width=8)
	  ->  Index Scan using sbtest5_pkey on sbtest5  (cost=0.43..43.74 rows=10 width=4)
	        Index Cond: ((id >= 2532080) AND (id <= 2532089))

table 6 : explain SELECT SUM(k) FROM sbtest6 WHERE id BETWEEN 2739470 AND 2739479
	Aggregate  (cost=43.76..43.77 rows=1 width=8)
	  ->  Index Scan using sbtest6_pkey on sbtest6  (cost=0.43..43.74 rows=10 width=4)
	        Index Cond: ((id >= 2739470) AND (id <= 2739479))

table 7 : explain SELECT SUM(k) FROM sbtest7 WHERE id BETWEEN 6516063 AND 6516072
	Aggregate  (cost=47.61..47.62 rows=1 width=8)
	  ->  Index Scan using sbtest7_pkey on sbtest7  (cost=0.43..47.58 rows=11 width=4)
	        Index Cond: ((id >= 6516063) AND (id <= 6516072))

table 8 : explain SELECT SUM(k) FROM sbtest8 WHERE id BETWEEN 7148909 AND 7148918
	Aggregate  (cost=43.55..43.56 rows=1 width=8)
	  ->  Index Scan using sbtest8_pkey on sbtest8  (cost=0.43..43.52 rows=10 width=4)
	        Index Cond: ((id >= 7148909) AND (id <= 7148918))

for: sum_ranges
table 1 : explain SELECT SUM(k) FROM sbtest1 WHERE id BETWEEN 5072076 AND 5072085
	Aggregate  (cost=43.69..43.70 rows=1 width=8)
	  ->  Index Scan using sbtest1_pkey on sbtest1  (cost=0.43..43.67 rows=10 width=4)
	        Index Cond: ((id >= 5072076) AND (id <= 5072085))

table 2 : explain SELECT SUM(k) FROM sbtest2 WHERE id BETWEEN 230270 AND 230279
	Aggregate  (cost=40.03..40.04 rows=1 width=8)
	  ->  Index Scan using sbtest2_pkey on sbtest2  (cost=0.43..40.01 rows=9 width=4)
	        Index Cond: ((id >= 230270) AND (id <= 230279))

table 3 : explain SELECT SUM(k) FROM sbtest3 WHERE id BETWEEN 1130121 AND 1130130
	Aggregate  (cost=43.78..43.79 rows=1 width=8)
	  ->  Index Scan using sbtest3_pkey on sbtest3  (cost=0.43..43.76 rows=10 width=4)
	        Index Cond: ((id >= 1130121) AND (id <= 1130130))

table 4 : explain SELECT SUM(k) FROM sbtest4 WHERE id BETWEEN 888684 AND 888693
	Aggregate  (cost=43.77..43.78 rows=1 width=8)
	  ->  Index Scan using sbtest4_pkey on sbtest4  (cost=0.43..43.74 rows=10 width=4)
	        Index Cond: ((id >= 888684) AND (id <= 888693))

table 5 : explain SELECT SUM(k) FROM sbtest5 WHERE id BETWEEN 3524601 AND 3524610
	Aggregate  (cost=43.77..43.78 rows=1 width=8)
	  ->  Index Scan using sbtest5_pkey on sbtest5  (cost=0.43..43.74 rows=10 width=4)
	        Index Cond: ((id >= 3524601) AND (id <= 3524610))

table 6 : explain SELECT SUM(k) FROM sbtest6 WHERE id BETWEEN 3331075 AND 3331084
	Aggregate  (cost=43.76..43.77 rows=1 width=8)
	  ->  Index Scan using sbtest6_pkey on sbtest6  (cost=0.43..43.74 rows=10 width=4)
	        Index Cond: ((id >= 3331075) AND (id <= 3331084))

table 7 : explain SELECT SUM(k) FROM sbtest7 WHERE id BETWEEN 8775726 AND 8775735
	Aggregate  (cost=43.69..43.70 rows=1 width=8)
	  ->  Index Scan using sbtest7_pkey on sbtest7  (cost=0.43..43.67 rows=10 width=4)
	        Index Cond: ((id >= 8775726) AND (id <= 8775735))

table 8 : explain SELECT SUM(k) FROM sbtest8 WHERE id BETWEEN 9741341 AND 9741350
	Aggregate  (cost=39.65..39.66 rows=1 width=8)
	  ->  Index Scan using sbtest8_pkey on sbtest8  (cost=0.43..39.63 rows=9 width=4)
	        Index Cond: ((id >= 9741341) AND (id <= 9741350))

for: sum_ranges
table 1 : explain SELECT SUM(k) FROM sbtest1 WHERE id BETWEEN 9186168 AND 9186177
	Aggregate  (cost=43.69..43.70 rows=1 width=8)
	  ->  Index Scan using sbtest1_pkey on sbtest1  (cost=0.43..43.67 rows=10 width=4)
	        Index Cond: ((id >= 9186168) AND (id <= 9186177))

table 2 : explain SELECT SUM(k) FROM sbtest2 WHERE id BETWEEN 7529027 AND 7529036
	Aggregate  (cost=43.98..43.99 rows=1 width=8)
	  ->  Index Scan using sbtest2_pkey on sbtest2  (cost=0.43..43.96 rows=10 width=4)
	        Index Cond: ((id >= 7529027) AND (id <= 7529036))

table 3 : explain SELECT SUM(k) FROM sbtest3 WHERE id BETWEEN 1083040 AND 1083049
	Aggregate  (cost=43.78..43.79 rows=1 width=8)
	  ->  Index Scan using sbtest3_pkey on sbtest3  (cost=0.43..43.76 rows=10 width=4)
	        Index Cond: ((id >= 1083040) AND (id <= 1083049))

table 4 : explain SELECT SUM(k) FROM sbtest4 WHERE id BETWEEN 7609156 AND 7609165
	Aggregate  (cost=43.77..43.78 rows=1 width=8)
	  ->  Index Scan using sbtest4_pkey on sbtest4  (cost=0.43..43.74 rows=10 width=4)
	        Index Cond: ((id >= 7609156) AND (id <= 7609165))

table 5 : explain SELECT SUM(k) FROM sbtest5 WHERE id BETWEEN 7383691 AND 7383700
	Aggregate  (cost=47.69..47.70 rows=1 width=8)
	  ->  Index Scan using sbtest5_pkey on sbtest5  (cost=0.43..47.67 rows=11 width=4)
	        Index Cond: ((id >= 7383691) AND (id <= 7383700))

table 6 : explain SELECT SUM(k) FROM sbtest6 WHERE id BETWEEN 5847988 AND 5847997
	Aggregate  (cost=39.84..39.85 rows=1 width=8)
	  ->  Index Scan using sbtest6_pkey on sbtest6  (cost=0.43..39.82 rows=9 width=4)
	        Index Cond: ((id >= 5847988) AND (id <= 5847997))

table 7 : explain SELECT SUM(k) FROM sbtest7 WHERE id BETWEEN 7230595 AND 7230604
	Aggregate  (cost=39.78..39.79 rows=1 width=8)
	  ->  Index Scan using sbtest7_pkey on sbtest7  (cost=0.43..39.76 rows=9 width=4)
	        Index Cond: ((id >= 7230595) AND (id <= 7230604))

table 8 : explain SELECT SUM(k) FROM sbtest8 WHERE id BETWEEN 7313173 AND 7313182
	Aggregate  (cost=43.55..43.56 rows=1 width=8)
	  ->  Index Scan using sbtest8_pkey on sbtest8  (cost=0.43..43.52 rows=10 width=4)
	        Index Cond: ((id >= 7313173) AND (id <= 7313182))

for: sum_ranges
table 1 : explain SELECT SUM(k) FROM sbtest1 WHERE id BETWEEN 5657555 AND 5657564
	Aggregate  (cost=39.78..39.79 rows=1 width=8)
	  ->  Index Scan using sbtest1_pkey on sbtest1  (cost=0.43..39.75 rows=9 width=4)
	        Index Cond: ((id >= 5657555) AND (id <= 5657564))

table 2 : explain SELECT SUM(k) FROM sbtest2 WHERE id BETWEEN 3972996 AND 3973005
	Aggregate  (cost=47.93..47.94 rows=1 width=8)
	  ->  Index Scan using sbtest2_pkey on sbtest2  (cost=0.43..47.90 rows=11 width=4)
	        Index Cond: ((id >= 3972996) AND (id <= 3973005))

table 3 : explain SELECT SUM(k) FROM sbtest3 WHERE id BETWEEN 7694795 AND 7694804
	Aggregate  (cost=39.86..39.87 rows=1 width=8)
	  ->  Index Scan using sbtest3_pkey on sbtest3  (cost=0.43..39.84 rows=9 width=4)
	        Index Cond: ((id >= 7694795) AND (id <= 7694804))

table 4 : explain SELECT SUM(k) FROM sbtest4 WHERE id BETWEEN 8733270 AND 8733279
	Aggregate  (cost=43.77..43.78 rows=1 width=8)
	  ->  Index Scan using sbtest4_pkey on sbtest4  (cost=0.43..43.74 rows=10 width=4)
	        Index Cond: ((id >= 8733270) AND (id <= 8733279))

table 5 : explain SELECT SUM(k) FROM sbtest5 WHERE id BETWEEN 7801241 AND 7801250
	Aggregate  (cost=43.77..43.78 rows=1 width=8)
	  ->  Index Scan using sbtest5_pkey on sbtest5  (cost=0.43..43.74 rows=10 width=4)
	        Index Cond: ((id >= 7801241) AND (id <= 7801250))

table 6 : explain SELECT SUM(k) FROM sbtest6 WHERE id BETWEEN 6268395 AND 6268404
	Aggregate  (cost=43.76..43.77 rows=1 width=8)
	  ->  Index Scan using sbtest6_pkey on sbtest6  (cost=0.43..43.74 rows=10 width=4)
	        Index Cond: ((id >= 6268395) AND (id <= 6268404))

table 7 : explain SELECT SUM(k) FROM sbtest7 WHERE id BETWEEN 7754812 AND 7754821
	Aggregate  (cost=43.69..43.70 rows=1 width=8)
	  ->  Index Scan using sbtest7_pkey on sbtest7  (cost=0.43..43.67 rows=10 width=4)
	        Index Cond: ((id >= 7754812) AND (id <= 7754821))

table 8 : explain SELECT SUM(k) FROM sbtest8 WHERE id BETWEEN 4191146 AND 4191155
	Aggregate  (cost=47.45..47.46 rows=1 width=8)
	  ->  Index Scan using sbtest8_pkey on sbtest8  (cost=0.43..47.42 rows=11 width=4)
	        Index Cond: ((id >= 4191146) AND (id <= 4191155))

for: sum_ranges
table 1 : explain SELECT SUM(k) FROM sbtest1 WHERE id BETWEEN 4173194 AND 4173203
	Aggregate  (cost=43.69..43.70 rows=1 width=8)
	  ->  Index Scan using sbtest1_pkey on sbtest1  (cost=0.43..43.67 rows=10 width=4)
	        Index Cond: ((id >= 4173194) AND (id <= 4173203))

table 2 : explain SELECT SUM(k) FROM sbtest2 WHERE id BETWEEN 2975993 AND 2976002
	Aggregate  (cost=43.98..43.99 rows=1 width=8)
	  ->  Index Scan using sbtest2_pkey on sbtest2  (cost=0.43..43.96 rows=10 width=4)
	        Index Cond: ((id >= 2975993) AND (id <= 2976002))

table 3 : explain SELECT SUM(k) FROM sbtest3 WHERE id BETWEEN 6349796 AND 6349805
	Aggregate  (cost=43.78..43.79 rows=1 width=8)
	  ->  Index Scan using sbtest3_pkey on sbtest3  (cost=0.43..43.76 rows=10 width=4)
	        Index Cond: ((id >= 6349796) AND (id <= 6349805))

table 4 : explain SELECT SUM(k) FROM sbtest4 WHERE id BETWEEN 8619013 AND 8619022
	Aggregate  (cost=43.77..43.78 rows=1 width=8)
	  ->  Index Scan using sbtest4_pkey on sbtest4  (cost=0.43..43.74 rows=10 width=4)
	        Index Cond: ((id >= 8619013) AND (id <= 8619022))

table 5 : explain SELECT SUM(k) FROM sbtest5 WHERE id BETWEEN 4417174 AND 4417183
	Aggregate  (cost=43.77..43.78 rows=1 width=8)
	  ->  Index Scan using sbtest5_pkey on sbtest5  (cost=0.43..43.74 rows=10 width=4)
	        Index Cond: ((id >= 4417174) AND (id <= 4417183))

table 6 : explain SELECT SUM(k) FROM sbtest6 WHERE id BETWEEN 3132002 AND 3132011
	Aggregate  (cost=43.76..43.77 rows=1 width=8)
	  ->  Index Scan using sbtest6_pkey on sbtest6  (cost=0.43..43.74 rows=10 width=4)
	        Index Cond: ((id >= 3132002) AND (id <= 3132011))

table 7 : explain SELECT SUM(k) FROM sbtest7 WHERE id BETWEEN 971294 AND 971303
	Aggregate  (cost=39.78..39.79 rows=1 width=8)
	  ->  Index Scan using sbtest7_pkey on sbtest7  (cost=0.43..39.76 rows=9 width=4)
	        Index Cond: ((id >= 971294) AND (id <= 971303))

table 8 : explain SELECT SUM(k) FROM sbtest8 WHERE id BETWEEN 9808877 AND 9808886
	Aggregate  (cost=43.55..43.56 rows=1 width=8)
	  ->  Index Scan using sbtest8_pkey on sbtest8  (cost=0.43..43.52 rows=10 width=4)
	        Index Cond: ((id >= 9808877) AND (id <= 9808886))

for: simple_ranges
table 1 : explain SELECT c FROM sbtest1 WHERE id BETWEEN 3025289 AND 3025298
	Index Scan using sbtest1_pkey on sbtest1  (cost=0.43..43.67 rows=10 width=121)
	  Index Cond: ((id >= 3025289) AND (id <= 3025298))

table 2 : explain SELECT c FROM sbtest2 WHERE id BETWEEN 6859012 AND 6859021
	Index Scan using sbtest2_pkey on sbtest2  (cost=0.43..43.96 rows=10 width=121)
	  Index Cond: ((id >= 6859012) AND (id <= 6859021))

table 3 : explain SELECT c FROM sbtest3 WHERE id BETWEEN 160600 AND 160609
	Index Scan using sbtest3_pkey on sbtest3  (cost=0.43..43.76 rows=10 width=121)
	  Index Cond: ((id >= 160600) AND (id <= 160609))

table 4 : explain SELECT c FROM sbtest4 WHERE id BETWEEN 2400286 AND 2400295
	Index Scan using sbtest4_pkey on sbtest4  (cost=0.43..43.74 rows=10 width=121)
	  Index Cond: ((id >= 2400286) AND (id <= 2400295))

table 5 : explain SELECT c FROM sbtest5 WHERE id BETWEEN 8023475 AND 8023484
	Index Scan using sbtest5_pkey on sbtest5  (cost=0.43..43.74 rows=10 width=121)
	  Index Cond: ((id >= 8023475) AND (id <= 8023484))

table 6 : explain SELECT c FROM sbtest6 WHERE id BETWEEN 3347543 AND 3347552
	Index Scan using sbtest6_pkey on sbtest6  (cost=0.43..43.74 rows=10 width=121)
	  Index Cond: ((id >= 3347543) AND (id <= 3347552))

table 7 : explain SELECT c FROM sbtest7 WHERE id BETWEEN 8351350 AND 8351359
	Index Scan using sbtest7_pkey on sbtest7  (cost=0.43..43.67 rows=10 width=121)
	  Index Cond: ((id >= 8351350) AND (id <= 8351359))

table 8 : explain SELECT c FROM sbtest8 WHERE id BETWEEN 5172422 AND 5172431
	Index Scan using sbtest8_pkey on sbtest8  (cost=0.43..43.52 rows=10 width=121)
	  Index Cond: ((id >= 5172422) AND (id <= 5172431))

for: order_ranges
table 1 : explain SELECT c FROM sbtest1 WHERE id BETWEEN 4747422 AND 4747431 ORDER BY c
	Sort  (cost=43.83..43.86 rows=10 width=121)
	  Sort Key: c
	  ->  Index Scan using sbtest1_pkey on sbtest1  (cost=0.43..43.67 rows=10 width=121)
	        Index Cond: ((id >= 4747422) AND (id <= 4747431))

table 2 : explain SELECT c FROM sbtest2 WHERE id BETWEEN 9024289 AND 9024298 ORDER BY c
	Sort  (cost=48.09..48.12 rows=11 width=121)
	  Sort Key: c
	  ->  Index Scan using sbtest2_pkey on sbtest2  (cost=0.43..47.90 rows=11 width=121)
	        Index Cond: ((id >= 9024289) AND (id <= 9024298))

table 3 : explain SELECT c FROM sbtest3 WHERE id BETWEEN 2446228 AND 2446237 ORDER BY c
	Sort  (cost=43.92..43.95 rows=10 width=121)
	  Sort Key: c
	  ->  Index Scan using sbtest3_pkey on sbtest3  (cost=0.43..43.76 rows=10 width=121)
	        Index Cond: ((id >= 2446228) AND (id <= 2446237))

table 4 : explain SELECT c FROM sbtest4 WHERE id BETWEEN 6560775 AND 6560784 ORDER BY c
	Sort  (cost=39.97..39.99 rows=9 width=121)
	  Sort Key: c
	  ->  Index Scan using sbtest4_pkey on sbtest4  (cost=0.43..39.82 rows=9 width=121)
	        Index Cond: ((id >= 6560775) AND (id <= 6560784))

table 5 : explain SELECT c FROM sbtest5 WHERE id BETWEEN 1833377 AND 1833386 ORDER BY c
	Sort  (cost=47.86..47.88 rows=11 width=121)
	  Sort Key: c
	  ->  Index Scan using sbtest5_pkey on sbtest5  (cost=0.43..47.67 rows=11 width=121)
	        Index Cond: ((id >= 1833377) AND (id <= 1833386))

table 6 : explain SELECT c FROM sbtest6 WHERE id BETWEEN 6035427 AND 6035436 ORDER BY c
	Sort  (cost=43.90..43.93 rows=10 width=121)
	  Sort Key: c
	  ->  Index Scan using sbtest6_pkey on sbtest6  (cost=0.43..43.74 rows=10 width=121)
	        Index Cond: ((id >= 6035427) AND (id <= 6035436))

table 7 : explain SELECT c FROM sbtest7 WHERE id BETWEEN 4933505 AND 4933514 ORDER BY c
	Sort  (cost=43.83..43.86 rows=10 width=121)
	  Sort Key: c
	  ->  Index Scan using sbtest7_pkey on sbtest7  (cost=0.43..43.67 rows=10 width=121)
	        Index Cond: ((id >= 4933505) AND (id <= 4933514))

table 8 : explain SELECT c FROM sbtest8 WHERE id BETWEEN 6836632 AND 6836641 ORDER BY c
	Sort  (cost=43.69..43.72 rows=10 width=121)
	  Sort Key: c
	  ->  Index Scan using sbtest8_pkey on sbtest8  (cost=0.43..43.52 rows=10 width=121)
	        Index Cond: ((id >= 6836632) AND (id <= 6836641))

for: sum_ranges
table 1 : explain SELECT SUM(k) FROM sbtest1 WHERE id BETWEEN 9029734 AND 9029743
	Aggregate  (cost=39.78..39.79 rows=1 width=8)
	  ->  Index Scan using sbtest1_pkey on sbtest1  (cost=0.43..39.75 rows=9 width=4)
	        Index Cond: ((id >= 9029734) AND (id <= 9029743))

table 2 : explain SELECT SUM(k) FROM sbtest2 WHERE id BETWEEN 398567 AND 398576
	Aggregate  (cost=43.98..43.99 rows=1 width=8)
	  ->  Index Scan using sbtest2_pkey on sbtest2  (cost=0.43..43.96 rows=10 width=4)
	        Index Cond: ((id >= 398567) AND (id <= 398576))

table 3 : explain SELECT SUM(k) FROM sbtest3 WHERE id BETWEEN 1040755 AND 1040764
	Aggregate  (cost=43.78..43.79 rows=1 width=8)
	  ->  Index Scan using sbtest3_pkey on sbtest3  (cost=0.43..43.76 rows=10 width=4)
	        Index Cond: ((id >= 1040755) AND (id <= 1040764))

table 4 : explain SELECT SUM(k) FROM sbtest4 WHERE id BETWEEN 3412173 AND 3412182
	Aggregate  (cost=47.69..47.70 rows=1 width=8)
	  ->  Index Scan using sbtest4_pkey on sbtest4  (cost=0.43..47.67 rows=11 width=4)
	        Index Cond: ((id >= 3412173) AND (id <= 3412182))

table 5 : explain SELECT SUM(k) FROM sbtest5 WHERE id BETWEEN 6510984 AND 6510993
	Aggregate  (cost=43.77..43.78 rows=1 width=8)
	  ->  Index Scan using sbtest5_pkey on sbtest5  (cost=0.43..43.74 rows=10 width=4)
	        Index Cond: ((id >= 6510984) AND (id <= 6510993))

table 6 : explain SELECT SUM(k) FROM sbtest6 WHERE id BETWEEN 3533409 AND 3533418
	Aggregate  (cost=43.76..43.77 rows=1 width=8)
	  ->  Index Scan using sbtest6_pkey on sbtest6  (cost=0.43..43.74 rows=10 width=4)
	        Index Cond: ((id >= 3533409) AND (id <= 3533418))

table 7 : explain SELECT SUM(k) FROM sbtest7 WHERE id BETWEEN 7379540 AND 7379549
	Aggregate  (cost=43.69..43.70 rows=1 width=8)
	  ->  Index Scan using sbtest7_pkey on sbtest7  (cost=0.43..43.67 rows=10 width=4)
	        Index Cond: ((id >= 7379540) AND (id <= 7379549))

table 8 : explain SELECT SUM(k) FROM sbtest8 WHERE id BETWEEN 2499176 AND 2499185
	Aggregate  (cost=43.55..43.56 rows=1 width=8)
	  ->  Index Scan using sbtest8_pkey on sbtest8  (cost=0.43..43.52 rows=10 width=4)
	        Index Cond: ((id >= 2499176) AND (id <= 2499185))

for: order_ranges
table 1 : explain SELECT c FROM sbtest1 WHERE id BETWEEN 7942121 AND 7942130 ORDER BY c
	Sort  (cost=43.83..43.86 rows=10 width=121)
	  Sort Key: c
	  ->  Index Scan using sbtest1_pkey on sbtest1  (cost=0.43..43.67 rows=10 width=121)
	        Index Cond: ((id >= 7942121) AND (id <= 7942130))

table 2 : explain SELECT c FROM sbtest2 WHERE id BETWEEN 8942820 AND 8942829 ORDER BY c
	Sort  (cost=40.15..40.18 rows=9 width=121)
	  Sort Key: c
	  ->  Index Scan using sbtest2_pkey on sbtest2  (cost=0.43..40.01 rows=9 width=121)
	        Index Cond: ((id >= 8942820) AND (id <= 8942829))

table 3 : explain SELECT c FROM sbtest3 WHERE id BETWEEN 7522777 AND 7522786 ORDER BY c
	Sort  (cost=43.92..43.95 rows=10 width=121)
	  Sort Key: c
	  ->  Index Scan using sbtest3_pkey on sbtest3  (cost=0.43..43.76 rows=10 width=121)
	        Index Cond: ((id >= 7522777) AND (id <= 7522786))

table 4 : explain SELECT c FROM sbtest4 WHERE id BETWEEN 7005046 AND 7005055 ORDER BY c
	Sort  (cost=43.91..43.94 rows=10 width=121)
	  Sort Key: c
	  ->  Index Scan using sbtest4_pkey on sbtest4  (cost=0.43..43.74 rows=10 width=121)
	        Index Cond: ((id >= 7005046) AND (id <= 7005055))

table 5 : explain SELECT c FROM sbtest5 WHERE id BETWEEN 8026579 AND 8026588 ORDER BY c
	Sort  (cost=43.91..43.94 rows=10 width=121)
	  Sort Key: c
	  ->  Index Scan using sbtest5_pkey on sbtest5  (cost=0.43..43.74 rows=10 width=121)
	        Index Cond: ((id >= 8026579) AND (id <= 8026588))

table 6 : explain SELECT c FROM sbtest6 WHERE id BETWEEN 2700196 AND 2700205 ORDER BY c
	Sort  (cost=43.90..43.93 rows=10 width=121)
	  Sort Key: c
	  ->  Index Scan using sbtest6_pkey on sbtest6  (cost=0.43..43.74 rows=10 width=121)
	        Index Cond: ((id >= 2700196) AND (id <= 2700205))

table 7 : explain SELECT c FROM sbtest7 WHERE id BETWEEN 7430899 AND 7430908 ORDER BY c
	Sort  (cost=43.83..43.86 rows=10 width=121)
	  Sort Key: c
	  ->  Index Scan using sbtest7_pkey on sbtest7  (cost=0.43..43.67 rows=10 width=121)
	        Index Cond: ((id >= 7430899) AND (id <= 7430908))

table 8 : explain SELECT c FROM sbtest8 WHERE id BETWEEN 9870326 AND 9870335 ORDER BY c
	Sort  (cost=43.69..43.72 rows=10 width=121)
	  Sort Key: c
	  ->  Index Scan using sbtest8_pkey on sbtest8  (cost=0.43..43.52 rows=10 width=121)
	        Index Cond: ((id >= 9870326) AND (id <= 9870335))

for: order_ranges
table 1 : explain SELECT c FROM sbtest1 WHERE id BETWEEN 913506 AND 913515 ORDER BY c
	Sort  (cost=43.83..43.86 rows=10 width=121)
	  Sort Key: c
	  ->  Index Scan using sbtest1_pkey on sbtest1  (cost=0.43..43.67 rows=10 width=121)
	        Index Cond: ((id >= 913506) AND (id <= 913515))

table 2 : explain SELECT c FROM sbtest2 WHERE id BETWEEN 2831613 AND 2831622 ORDER BY c
	Sort  (cost=44.12..44.15 rows=10 width=121)
	  Sort Key: c
	  ->  Index Scan using sbtest2_pkey on sbtest2  (cost=0.43..43.96 rows=10 width=121)
	        Index Cond: ((id >= 2831613) AND (id <= 2831622))

table 3 : explain SELECT c FROM sbtest3 WHERE id BETWEEN 2728629 AND 2728638 ORDER BY c
	Sort  (cost=43.92..43.95 rows=10 width=121)
	  Sort Key: c
	  ->  Index Scan using sbtest3_pkey on sbtest3  (cost=0.43..43.76 rows=10 width=121)
	        Index Cond: ((id >= 2728629) AND (id <= 2728638))

table 4 : explain SELECT c FROM sbtest4 WHERE id BETWEEN 3557978 AND 3557987 ORDER BY c
	Sort  (cost=43.91..43.94 rows=10 width=121)
	  Sort Key: c
	  ->  Index Scan using sbtest4_pkey on sbtest4  (cost=0.43..43.74 rows=10 width=121)
	        Index Cond: ((id >= 3557978) AND (id <= 3557987))

table 5 : explain SELECT c FROM sbtest5 WHERE id BETWEEN 2208741 AND 2208750 ORDER BY c
	Sort  (cost=39.97..39.99 rows=9 width=121)
	  Sort Key: c
	  ->  Index Scan using sbtest5_pkey on sbtest5  (cost=0.43..39.82 rows=9 width=121)
	        Index Cond: ((id >= 2208741) AND (id <= 2208750))

table 6 : explain SELECT c FROM sbtest6 WHERE id BETWEEN 5719022 AND 5719031 ORDER BY c
	Sort  (cost=43.90..43.93 rows=10 width=121)
	  Sort Key: c
	  ->  Index Scan using sbtest6_pkey on sbtest6  (cost=0.43..43.74 rows=10 width=121)
	        Index Cond: ((id >= 5719022) AND (id <= 5719031))

table 7 : explain SELECT c FROM sbtest7 WHERE id BETWEEN 8994790 AND 8994799 ORDER BY c
	Sort  (cost=47.77..47.80 rows=11 width=121)
	  Sort Key: c
	  ->  Index Scan using sbtest7_pkey on sbtest7  (cost=0.43..47.58 rows=11 width=121)
	        Index Cond: ((id >= 8994790) AND (id <= 8994799))

table 8 : explain SELECT c FROM sbtest8 WHERE id BETWEEN 1600638 AND 1600647 ORDER BY c
	Sort  (cost=43.69..43.72 rows=10 width=121)
	  Sort Key: c
	  ->  Index Scan using sbtest8_pkey on sbtest8  (cost=0.43..43.52 rows=10 width=121)
	        Index Cond: ((id >= 1600638) AND (id <= 1600647))

for: sum_ranges
table 1 : explain SELECT SUM(k) FROM sbtest1 WHERE id BETWEEN 4776397 AND 4776406
	Aggregate  (cost=43.69..43.70 rows=1 width=8)
	  ->  Index Scan using sbtest1_pkey on sbtest1  (cost=0.43..43.67 rows=10 width=4)
	        Index Cond: ((id >= 4776397) AND (id <= 4776406))

table 2 : explain SELECT SUM(k) FROM sbtest2 WHERE id BETWEEN 8031055 AND 8031064
	Aggregate  (cost=47.93..47.94 rows=1 width=8)
	  ->  Index Scan using sbtest2_pkey on sbtest2  (cost=0.43..47.90 rows=11 width=4)
	        Index Cond: ((id >= 8031055) AND (id <= 8031064))

table 3 : explain SELECT SUM(k) FROM sbtest3 WHERE id BETWEEN 8454347 AND 8454356
	Aggregate  (cost=43.78..43.79 rows=1 width=8)
	  ->  Index Scan using sbtest3_pkey on sbtest3  (cost=0.43..43.76 rows=10 width=4)
	        Index Cond: ((id >= 8454347) AND (id <= 8454356))

table 4 : explain SELECT SUM(k) FROM sbtest4 WHERE id BETWEEN 1732973 AND 1732982
	Aggregate  (cost=43.77..43.78 rows=1 width=8)
	  ->  Index Scan using sbtest4_pkey on sbtest4  (cost=0.43..43.74 rows=10 width=4)
	        Index Cond: ((id >= 1732973) AND (id <= 1732982))

table 5 : explain SELECT SUM(k) FROM sbtest5 WHERE id BETWEEN 5480533 AND 5480542
	Aggregate  (cost=39.85..39.86 rows=1 width=8)
	  ->  Index Scan using sbtest5_pkey on sbtest5  (cost=0.43..39.82 rows=9 width=4)
	        Index Cond: ((id >= 5480533) AND (id <= 5480542))

table 6 : explain SELECT SUM(k) FROM sbtest6 WHERE id BETWEEN 458503 AND 458512
	Aggregate  (cost=43.76..43.77 rows=1 width=8)
	  ->  Index Scan using sbtest6_pkey on sbtest6  (cost=0.43..43.74 rows=10 width=4)
	        Index Cond: ((id >= 458503) AND (id <= 458512))

table 7 : explain SELECT SUM(k) FROM sbtest7 WHERE id BETWEEN 3100219 AND 3100228
	Aggregate  (cost=43.69..43.70 rows=1 width=8)
	  ->  Index Scan using sbtest7_pkey on sbtest7  (cost=0.43..43.67 rows=10 width=4)
	        Index Cond: ((id >= 3100219) AND (id <= 3100228))

table 8 : explain SELECT SUM(k) FROM sbtest8 WHERE id BETWEEN 2709963 AND 2709972
	Aggregate  (cost=47.45..47.46 rows=1 width=8)
	  ->  Index Scan using sbtest8_pkey on sbtest8  (cost=0.43..47.42 rows=11 width=4)
	        Index Cond: ((id >= 2709963) AND (id <= 2709972))

for: sum_ranges
table 1 : explain SELECT SUM(k) FROM sbtest1 WHERE id BETWEEN 8865080 AND 8865089
	Aggregate  (cost=39.78..39.79 rows=1 width=8)
	  ->  Index Scan using sbtest1_pkey on sbtest1  (cost=0.43..39.75 rows=9 width=4)
	        Index Cond: ((id >= 8865080) AND (id <= 8865089))

table 2 : explain SELECT SUM(k) FROM sbtest2 WHERE id BETWEEN 3190538 AND 3190547
	Aggregate  (cost=43.98..43.99 rows=1 width=8)
	  ->  Index Scan using sbtest2_pkey on sbtest2  (cost=0.43..43.96 rows=10 width=4)
	        Index Cond: ((id >= 3190538) AND (id <= 3190547))

table 3 : explain SELECT SUM(k) FROM sbtest3 WHERE id BETWEEN 4301645 AND 4301654
	Aggregate  (cost=47.71..47.72 rows=1 width=8)
	  ->  Index Scan using sbtest3_pkey on sbtest3  (cost=0.43..47.68 rows=11 width=4)
	        Index Cond: ((id >= 4301645) AND (id <= 4301654))

table 4 : explain SELECT SUM(k) FROM sbtest4 WHERE id BETWEEN 4729512 AND 4729521
	Aggregate  (cost=43.77..43.78 rows=1 width=8)
	  ->  Index Scan using sbtest4_pkey on sbtest4  (cost=0.43..43.74 rows=10 width=4)
	        Index Cond: ((id >= 4729512) AND (id <= 4729521))

table 5 : explain SELECT SUM(k) FROM sbtest5 WHERE id BETWEEN 6212160 AND 6212169
	Aggregate  (cost=47.69..47.70 rows=1 width=8)
	  ->  Index Scan using sbtest5_pkey on sbtest5  (cost=0.43..47.67 rows=11 width=4)
	        Index Cond: ((id >= 6212160) AND (id <= 6212169))

table 6 : explain SELECT SUM(k) FROM sbtest6 WHERE id BETWEEN 2368628 AND 2368637
	Aggregate  (cost=43.76..43.77 rows=1 width=8)
	  ->  Index Scan using sbtest6_pkey on sbtest6  (cost=0.43..43.74 rows=10 width=4)
	        Index Cond: ((id >= 2368628) AND (id <= 2368637))

table 7 : explain SELECT SUM(k) FROM sbtest7 WHERE id BETWEEN 9350295 AND 9350304
	Aggregate  (cost=43.69..43.70 rows=1 width=8)
	  ->  Index Scan using sbtest7_pkey on sbtest7  (cost=0.43..43.67 rows=10 width=4)
	        Index Cond: ((id >= 9350295) AND (id <= 9350304))

table 8 : explain SELECT SUM(k) FROM sbtest8 WHERE id BETWEEN 4558210 AND 4558219
	Aggregate  (cost=43.55..43.56 rows=1 width=8)
	  ->  Index Scan using sbtest8_pkey on sbtest8  (cost=0.43..43.52 rows=10 width=4)
	        Index Cond: ((id >= 4558210) AND (id <= 4558219))

for: sum_ranges
table 1 : explain SELECT SUM(k) FROM sbtest1 WHERE id BETWEEN 7616818 AND 7616827
	Aggregate  (cost=43.69..43.70 rows=1 width=8)
	  ->  Index Scan using sbtest1_pkey on sbtest1  (cost=0.43..43.67 rows=10 width=4)
	        Index Cond: ((id >= 7616818) AND (id <= 7616827))

table 2 : explain SELECT SUM(k) FROM sbtest2 WHERE id BETWEEN 3599273 AND 3599282
	Aggregate  (cost=43.98..43.99 rows=1 width=8)
	  ->  Index Scan using sbtest2_pkey on sbtest2  (cost=0.43..43.96 rows=10 width=4)
	        Index Cond: ((id >= 3599273) AND (id <= 3599282))

table 3 : explain SELECT SUM(k) FROM sbtest3 WHERE id BETWEEN 8760764 AND 8760773
	Aggregate  (cost=43.78..43.79 rows=1 width=8)
	  ->  Index Scan using sbtest3_pkey on sbtest3  (cost=0.43..43.76 rows=10 width=4)
	        Index Cond: ((id >= 8760764) AND (id <= 8760773))

table 4 : explain SELECT SUM(k) FROM sbtest4 WHERE id BETWEEN 7333633 AND 7333642
	Aggregate  (cost=47.69..47.70 rows=1 width=8)
	  ->  Index Scan using sbtest4_pkey on sbtest4  (cost=0.43..47.67 rows=11 width=4)
	        Index Cond: ((id >= 7333633) AND (id <= 7333642))

table 5 : explain SELECT SUM(k) FROM sbtest5 WHERE id BETWEEN 6189266 AND 6189275
	Aggregate  (cost=47.69..47.70 rows=1 width=8)
	  ->  Index Scan using sbtest5_pkey on sbtest5  (cost=0.43..47.67 rows=11 width=4)
	        Index Cond: ((id >= 6189266) AND (id <= 6189275))

table 6 : explain SELECT SUM(k) FROM sbtest6 WHERE id BETWEEN 3273666 AND 3273675
	Aggregate  (cost=39.84..39.85 rows=1 width=8)
	  ->  Index Scan using sbtest6_pkey on sbtest6  (cost=0.43..39.82 rows=9 width=4)
	        Index Cond: ((id >= 3273666) AND (id <= 3273675))

table 7 : explain SELECT SUM(k) FROM sbtest7 WHERE id BETWEEN 5110907 AND 5110916
	Aggregate  (cost=43.69..43.70 rows=1 width=8)
	  ->  Index Scan using sbtest7_pkey on sbtest7  (cost=0.43..43.67 rows=10 width=4)
	        Index Cond: ((id >= 5110907) AND (id <= 5110916))

table 8 : explain SELECT SUM(k) FROM sbtest8 WHERE id BETWEEN 9755978 AND 9755987
	Aggregate  (cost=39.65..39.66 rows=1 width=8)
	  ->  Index Scan using sbtest8_pkey on sbtest8  (cost=0.43..39.63 rows=9 width=4)
	        Index Cond: ((id >= 9755978) AND (id <= 9755987))

for: order_ranges
table 1 : explain SELECT c FROM sbtest1 WHERE id BETWEEN 7370686 AND 7370695 ORDER BY c
	Sort  (cost=43.83..43.86 rows=10 width=121)
	  Sort Key: c
	  ->  Index Scan using sbtest1_pkey on sbtest1  (cost=0.43..43.67 rows=10 width=121)
	        Index Cond: ((id >= 7370686) AND (id <= 7370695))

table 2 : explain SELECT c FROM sbtest2 WHERE id BETWEEN 3881577 AND 3881586 ORDER BY c
	Sort  (cost=44.12..44.15 rows=10 width=121)
	  Sort Key: c
	  ->  Index Scan using sbtest2_pkey on sbtest2  (cost=0.43..43.96 rows=10 width=121)
	        Index Cond: ((id >= 3881577) AND (id <= 3881586))

table 3 : explain SELECT c FROM sbtest3 WHERE id BETWEEN 7233611 AND 7233620 ORDER BY c
	Sort  (cost=39.98..40.00 rows=9 width=121)
	  Sort Key: c
	  ->  Index Scan using sbtest3_pkey on sbtest3  (cost=0.43..39.84 rows=9 width=121)
	        Index Cond: ((id >= 7233611) AND (id <= 7233620))

table 4 : explain SELECT c FROM sbtest4 WHERE id BETWEEN 3703974 AND 3703983 ORDER BY c
	Sort  (cost=43.91..43.94 rows=10 width=121)
	  Sort Key: c
	  ->  Index Scan using sbtest4_pkey on sbtest4  (cost=0.43..43.74 rows=10 width=121)
	        Index Cond: ((id >= 3703974) AND (id <= 3703983))

table 5 : explain SELECT c FROM sbtest5 WHERE id BETWEEN 4583817 AND 4583826 ORDER BY c
	Sort  (cost=43.91..43.94 rows=10 width=121)
	  Sort Key: c
	  ->  Index Scan using sbtest5_pkey on sbtest5  (cost=0.43..43.74 rows=10 width=121)
	        Index Cond: ((id >= 4583817) AND (id <= 4583826))

table 6 : explain SELECT c FROM sbtest6 WHERE id BETWEEN 9910011 AND 9910020 ORDER BY c
	Sort  (cost=47.85..47.87 rows=11 width=121)
	  Sort Key: c
	  ->  Index Scan using sbtest6_pkey on sbtest6  (cost=0.43..47.66 rows=11 width=121)
	        Index Cond: ((id >= 9910011) AND (id <= 9910020))

table 7 : explain SELECT c FROM sbtest7 WHERE id BETWEEN 8890315 AND 8890324 ORDER BY c
	Sort  (cost=43.83..43.86 rows=10 width=121)
	  Sort Key: c
	  ->  Index Scan using sbtest7_pkey on sbtest7  (cost=0.43..43.67 rows=10 width=121)
	        Index Cond: ((id >= 8890315) AND (id <= 8890324))

table 8 : explain SELECT c FROM sbtest8 WHERE id BETWEEN 5886378 AND 5886387 ORDER BY c
	Sort  (cost=43.69..43.72 rows=10 width=121)
	  Sort Key: c
	  ->  Index Scan using sbtest8_pkey on sbtest8  (cost=0.43..43.52 rows=10 width=121)
	        Index Cond: ((id >= 5886378) AND (id <= 5886387))

for: sum_ranges
table 1 : explain SELECT SUM(k) FROM sbtest1 WHERE id BETWEEN 4957134 AND 4957143
	Aggregate  (cost=43.69..43.70 rows=1 width=8)
	  ->  Index Scan using sbtest1_pkey on sbtest1  (cost=0.43..43.67 rows=10 width=4)
	        Index Cond: ((id >= 4957134) AND (id <= 4957143))

table 2 : explain SELECT SUM(k) FROM sbtest2 WHERE id BETWEEN 5195545 AND 5195554
	Aggregate  (cost=47.93..47.94 rows=1 width=8)
	  ->  Index Scan using sbtest2_pkey on sbtest2  (cost=0.43..47.90 rows=11 width=4)
	        Index Cond: ((id >= 5195545) AND (id <= 5195554))

table 3 : explain SELECT SUM(k) FROM sbtest3 WHERE id BETWEEN 2096614 AND 2096623
	Aggregate  (cost=43.78..43.79 rows=1 width=8)
	  ->  Index Scan using sbtest3_pkey on sbtest3  (cost=0.43..43.76 rows=10 width=4)
	        Index Cond: ((id >= 2096614) AND (id <= 2096623))

table 4 : explain SELECT SUM(k) FROM sbtest4 WHERE id BETWEEN 9146609 AND 9146618
	Aggregate  (cost=43.77..43.78 rows=1 width=8)
	  ->  Index Scan using sbtest4_pkey on sbtest4  (cost=0.43..43.74 rows=10 width=4)
	        Index Cond: ((id >= 9146609) AND (id <= 9146618))

table 5 : explain SELECT SUM(k) FROM sbtest5 WHERE id BETWEEN 3911882 AND 3911891
	Aggregate  (cost=39.85..39.86 rows=1 width=8)
	  ->  Index Scan using sbtest5_pkey on sbtest5  (cost=0.43..39.82 rows=9 width=4)
	        Index Cond: ((id >= 3911882) AND (id <= 3911891))

table 6 : explain SELECT SUM(k) FROM sbtest6 WHERE id BETWEEN 456731 AND 456740
	Aggregate  (cost=43.76..43.77 rows=1 width=8)
	  ->  Index Scan using sbtest6_pkey on sbtest6  (cost=0.43..43.74 rows=10 width=4)
	        Index Cond: ((id >= 456731) AND (id <= 456740))

table 7 : explain SELECT SUM(k) FROM sbtest7 WHERE id BETWEEN 237280 AND 237289
	Aggregate  (cost=43.69..43.70 rows=1 width=8)
	  ->  Index Scan using sbtest7_pkey on sbtest7  (cost=0.43..43.67 rows=10 width=4)
	        Index Cond: ((id >= 237280) AND (id <= 237289))

table 8 : explain SELECT SUM(k) FROM sbtest8 WHERE id BETWEEN 5660161 AND 5660170
	Aggregate  (cost=39.65..39.66 rows=1 width=8)
	  ->  Index Scan using sbtest8_pkey on sbtest8  (cost=0.43..39.63 rows=9 width=4)
	        Index Cond: ((id >= 5660161) AND (id <= 5660170))

for: sum_ranges
table 1 : explain SELECT SUM(k) FROM sbtest1 WHERE id BETWEEN 1730 AND 1739
	Aggregate  (cost=47.61..47.62 rows=1 width=8)
	  ->  Index Scan using sbtest1_pkey on sbtest1  (cost=0.43..47.58 rows=11 width=4)
	        Index Cond: ((id >= 1730) AND (id <= 1739))

table 2 : explain SELECT SUM(k) FROM sbtest2 WHERE id BETWEEN 8907082 AND 8907091
	Aggregate  (cost=40.03..40.04 rows=1 width=8)
	  ->  Index Scan using sbtest2_pkey on sbtest2  (cost=0.43..40.01 rows=9 width=4)
	        Index Cond: ((id >= 8907082) AND (id <= 8907091))

table 3 : explain SELECT SUM(k) FROM sbtest3 WHERE id BETWEEN 186176 AND 186185
	Aggregate  (cost=43.78..43.79 rows=1 width=8)
	  ->  Index Scan using sbtest3_pkey on sbtest3  (cost=0.43..43.76 rows=10 width=4)
	        Index Cond: ((id >= 186176) AND (id <= 186185))

table 4 : explain SELECT SUM(k) FROM sbtest4 WHERE id BETWEEN 4979475 AND 4979484
	Aggregate  (cost=43.77..43.78 rows=1 width=8)
	  ->  Index Scan using sbtest4_pkey on sbtest4  (cost=0.43..43.74 rows=10 width=4)
	        Index Cond: ((id >= 4979475) AND (id <= 4979484))

table 5 : explain SELECT SUM(k) FROM sbtest5 WHERE id BETWEEN 6007006 AND 6007015
	Aggregate  (cost=47.69..47.70 rows=1 width=8)
	  ->  Index Scan using sbtest5_pkey on sbtest5  (cost=0.43..47.67 rows=11 width=4)
	        Index Cond: ((id >= 6007006) AND (id <= 6007015))

table 6 : explain SELECT SUM(k) FROM sbtest6 WHERE id BETWEEN 2978947 AND 2978956
	Aggregate  (cost=43.76..43.77 rows=1 width=8)
	  ->  Index Scan using sbtest6_pkey on sbtest6  (cost=0.43..43.74 rows=10 width=4)
	        Index Cond: ((id >= 2978947) AND (id <= 2978956))

table 7 : explain SELECT SUM(k) FROM sbtest7 WHERE id BETWEEN 1002686 AND 1002695
	Aggregate  (cost=39.78..39.79 rows=1 width=8)
	  ->  Index Scan using sbtest7_pkey on sbtest7  (cost=0.43..39.76 rows=9 width=4)
	        Index Cond: ((id >= 1002686) AND (id <= 1002695))

table 8 : explain SELECT SUM(k) FROM sbtest8 WHERE id BETWEEN 4936826 AND 4936835
	Aggregate  (cost=43.55..43.56 rows=1 width=8)
	  ->  Index Scan using sbtest8_pkey on sbtest8  (cost=0.43..43.52 rows=10 width=4)
	        Index Cond: ((id >= 4936826) AND (id <= 4936835))

for: sum_ranges
table 1 : explain SELECT SUM(k) FROM sbtest1 WHERE id BETWEEN 9466319 AND 9466328
	Aggregate  (cost=47.61..47.62 rows=1 width=8)
	  ->  Index Scan using sbtest1_pkey on sbtest1  (cost=0.43..47.58 rows=11 width=4)
	        Index Cond: ((id >= 9466319) AND (id <= 9466328))

table 2 : explain SELECT SUM(k) FROM sbtest2 WHERE id BETWEEN 4295515 AND 4295524
	Aggregate  (cost=43.98..43.99 rows=1 width=8)
	  ->  Index Scan using sbtest2_pkey on sbtest2  (cost=0.43..43.96 rows=10 width=4)
	        Index Cond: ((id >= 4295515) AND (id <= 4295524))

table 3 : explain SELECT SUM(k) FROM sbtest3 WHERE id BETWEEN 4327089 AND 4327098
	Aggregate  (cost=47.71..47.72 rows=1 width=8)
	  ->  Index Scan using sbtest3_pkey on sbtest3  (cost=0.43..47.68 rows=11 width=4)
	        Index Cond: ((id >= 4327089) AND (id <= 4327098))

table 4 : explain SELECT SUM(k) FROM sbtest4 WHERE id BETWEEN 9989566 AND 9989575
	Aggregate  (cost=43.77..43.78 rows=1 width=8)
	  ->  Index Scan using sbtest4_pkey on sbtest4  (cost=0.43..43.74 rows=10 width=4)
	        Index Cond: ((id >= 9989566) AND (id <= 9989575))

table 5 : explain SELECT SUM(k) FROM sbtest5 WHERE id BETWEEN 1883749 AND 1883758
	Aggregate  (cost=47.69..47.70 rows=1 width=8)
	  ->  Index Scan using sbtest5_pkey on sbtest5  (cost=0.43..47.67 rows=11 width=4)
	        Index Cond: ((id >= 1883749) AND (id <= 1883758))

table 6 : explain SELECT SUM(k) FROM sbtest6 WHERE id BETWEEN 5030964 AND 5030973
	Aggregate  (cost=39.84..39.85 rows=1 width=8)
	  ->  Index Scan using sbtest6_pkey on sbtest6  (cost=0.43..39.82 rows=9 width=4)
	        Index Cond: ((id >= 5030964) AND (id <= 5030973))

table 7 : explain SELECT SUM(k) FROM sbtest7 WHERE id BETWEEN 6541618 AND 6541627
	Aggregate  (cost=47.61..47.62 rows=1 width=8)
	  ->  Index Scan using sbtest7_pkey on sbtest7  (cost=0.43..47.58 rows=11 width=4)
	        Index Cond: ((id >= 6541618) AND (id <= 6541627))

table 8 : explain SELECT SUM(k) FROM sbtest8 WHERE id BETWEEN 7548229 AND 7548238
	Aggregate  (cost=47.45..47.46 rows=1 width=8)
	  ->  Index Scan using sbtest8_pkey on sbtest8  (cost=0.43..47.42 rows=11 width=4)
	        Index Cond: ((id >= 7548229) AND (id <= 7548238))

for: sum_ranges
table 1 : explain SELECT SUM(k) FROM sbtest1 WHERE id BETWEEN 7598810 AND 7598819
	Aggregate  (cost=43.69..43.70 rows=1 width=8)
	  ->  Index Scan using sbtest1_pkey on sbtest1  (cost=0.43..43.67 rows=10 width=4)
	        Index Cond: ((id >= 7598810) AND (id <= 7598819))

table 2 : explain SELECT SUM(k) FROM sbtest2 WHERE id BETWEEN 9592285 AND 9592294
	Aggregate  (cost=40.03..40.04 rows=1 width=8)
	  ->  Index Scan using sbtest2_pkey on sbtest2  (cost=0.43..40.01 rows=9 width=4)
	        Index Cond: ((id >= 9592285) AND (id <= 9592294))

table 3 : explain SELECT SUM(k) FROM sbtest3 WHERE id BETWEEN 3736062 AND 3736071
	Aggregate  (cost=47.71..47.72 rows=1 width=8)
	  ->  Index Scan using sbtest3_pkey on sbtest3  (cost=0.43..47.68 rows=11 width=4)
	        Index Cond: ((id >= 3736062) AND (id <= 3736071))

table 4 : explain SELECT SUM(k) FROM sbtest4 WHERE id BETWEEN 4272708 AND 4272717
	Aggregate  (cost=39.85..39.86 rows=1 width=8)
	  ->  Index Scan using sbtest4_pkey on sbtest4  (cost=0.43..39.82 rows=9 width=4)
	        Index Cond: ((id >= 4272708) AND (id <= 4272717))

table 5 : explain SELECT SUM(k) FROM sbtest5 WHERE id BETWEEN 2743267 AND 2743276
	Aggregate  (cost=43.77..43.78 rows=1 width=8)
	  ->  Index Scan using sbtest5_pkey on sbtest5  (cost=0.43..43.74 rows=10 width=4)
	        Index Cond: ((id >= 2743267) AND (id <= 2743276))

table 6 : explain SELECT SUM(k) FROM sbtest6 WHERE id BETWEEN 4933186 AND 4933195
	Aggregate  (cost=43.76..43.77 rows=1 width=8)
	  ->  Index Scan using sbtest6_pkey on sbtest6  (cost=0.43..43.74 rows=10 width=4)
	        Index Cond: ((id >= 4933186) AND (id <= 4933195))

table 7 : explain SELECT SUM(k) FROM sbtest7 WHERE id BETWEEN 5704373 AND 5704382
	Aggregate  (cost=43.69..43.70 rows=1 width=8)
	  ->  Index Scan using sbtest7_pkey on sbtest7  (cost=0.43..43.67 rows=10 width=4)
	        Index Cond: ((id >= 5704373) AND (id <= 5704382))

table 8 : explain SELECT SUM(k) FROM sbtest8 WHERE id BETWEEN 3725078 AND 3725087
	Aggregate  (cost=43.55..43.56 rows=1 width=8)
	  ->  Index Scan using sbtest8_pkey on sbtest8  (cost=0.43..43.52 rows=10 width=4)
	        Index Cond: ((id >= 3725078) AND (id <= 3725087))

for: sum_ranges
table 1 : explain SELECT SUM(k) FROM sbtest1 WHERE id BETWEEN 9998768 AND 9998777
	Aggregate  (cost=43.69..43.70 rows=1 width=8)
	  ->  Index Scan using sbtest1_pkey on sbtest1  (cost=0.43..43.67 rows=10 width=4)
	        Index Cond: ((id >= 9998768) AND (id <= 9998777))

table 2 : explain SELECT SUM(k) FROM sbtest2 WHERE id BETWEEN 6074645 AND 6074654
	Aggregate  (cost=43.98..43.99 rows=1 width=8)
	  ->  Index Scan using sbtest2_pkey on sbtest2  (cost=0.43..43.96 rows=10 width=4)
	        Index Cond: ((id >= 6074645) AND (id <= 6074654))

table 3 : explain SELECT SUM(k) FROM sbtest3 WHERE id BETWEEN 853866 AND 853875
	Aggregate  (cost=47.71..47.72 rows=1 width=8)
	  ->  Index Scan using sbtest3_pkey on sbtest3  (cost=0.43..47.68 rows=11 width=4)
	        Index Cond: ((id >= 853866) AND (id <= 853875))

table 4 : explain SELECT SUM(k) FROM sbtest4 WHERE id BETWEEN 8286446 AND 8286455
	Aggregate  (cost=43.77..43.78 rows=1 width=8)
	  ->  Index Scan using sbtest4_pkey on sbtest4  (cost=0.43..43.74 rows=10 width=4)
	        Index Cond: ((id >= 8286446) AND (id <= 8286455))

table 5 : explain SELECT SUM(k) FROM sbtest5 WHERE id BETWEEN 1740717 AND 1740726
	Aggregate  (cost=43.77..43.78 rows=1 width=8)
	  ->  Index Scan using sbtest5_pkey on sbtest5  (cost=0.43..43.74 rows=10 width=4)
	        Index Cond: ((id >= 1740717) AND (id <= 1740726))

table 6 : explain SELECT SUM(k) FROM sbtest6 WHERE id BETWEEN 4845937 AND 4845946
	Aggregate  (cost=43.76..43.77 rows=1 width=8)
	  ->  Index Scan using sbtest6_pkey on sbtest6  (cost=0.43..43.74 rows=10 width=4)
	        Index Cond: ((id >= 4845937) AND (id <= 4845946))

table 7 : explain SELECT SUM(k) FROM sbtest7 WHERE id BETWEEN 6166982 AND 6166991
	Aggregate  (cost=43.69..43.70 rows=1 width=8)
	  ->  Index Scan using sbtest7_pkey on sbtest7  (cost=0.43..43.67 rows=10 width=4)
	        Index Cond: ((id >= 6166982) AND (id <= 6166991))

table 8 : explain SELECT SUM(k) FROM sbtest8 WHERE id BETWEEN 8741104 AND 8741113
	Aggregate  (cost=43.55..43.56 rows=1 width=8)
	  ->  Index Scan using sbtest8_pkey on sbtest8  (cost=0.43..43.52 rows=10 width=4)
	        Index Cond: ((id >= 8741104) AND (id <= 8741113))

for: sum_ranges
table 1 : explain SELECT SUM(k) FROM sbtest1 WHERE id BETWEEN 6745193 AND 6745202
	Aggregate  (cost=43.69..43.70 rows=1 width=8)
	  ->  Index Scan using sbtest1_pkey on sbtest1  (cost=0.43..43.67 rows=10 width=4)
	        Index Cond: ((id >= 6745193) AND (id <= 6745202))

table 2 : explain SELECT SUM(k) FROM sbtest2 WHERE id BETWEEN 649315 AND 649324
	Aggregate  (cost=43.98..43.99 rows=1 width=8)
	  ->  Index Scan using sbtest2_pkey on sbtest2  (cost=0.43..43.96 rows=10 width=4)
	        Index Cond: ((id >= 649315) AND (id <= 649324))

table 3 : explain SELECT SUM(k) FROM sbtest3 WHERE id BETWEEN 745467 AND 745476
	Aggregate  (cost=39.86..39.87 rows=1 width=8)
	  ->  Index Scan using sbtest3_pkey on sbtest3  (cost=0.43..39.84 rows=9 width=4)
	        Index Cond: ((id >= 745467) AND (id <= 745476))

table 4 : explain SELECT SUM(k) FROM sbtest4 WHERE id BETWEEN 3151697 AND 3151706
	Aggregate  (cost=43.77..43.78 rows=1 width=8)
	  ->  Index Scan using sbtest4_pkey on sbtest4  (cost=0.43..43.74 rows=10 width=4)
	        Index Cond: ((id >= 3151697) AND (id <= 3151706))

table 5 : explain SELECT SUM(k) FROM sbtest5 WHERE id BETWEEN 775416 AND 775425
	Aggregate  (cost=43.77..43.78 rows=1 width=8)
	  ->  Index Scan using sbtest5_pkey on sbtest5  (cost=0.43..43.74 rows=10 width=4)
	        Index Cond: ((id >= 775416) AND (id <= 775425))

table 6 : explain SELECT SUM(k) FROM sbtest6 WHERE id BETWEEN 2954342 AND 2954351
	Aggregate  (cost=43.76..43.77 rows=1 width=8)
	  ->  Index Scan using sbtest6_pkey on sbtest6  (cost=0.43..43.74 rows=10 width=4)
	        Index Cond: ((id >= 2954342) AND (id <= 2954351))

table 7 : explain SELECT SUM(k) FROM sbtest7 WHERE id BETWEEN 577408 AND 577417
	Aggregate  (cost=43.69..43.70 rows=1 width=8)
	  ->  Index Scan using sbtest7_pkey on sbtest7  (cost=0.43..43.67 rows=10 width=4)
	        Index Cond: ((id >= 577408) AND (id <= 577417))

table 8 : explain SELECT SUM(k) FROM sbtest8 WHERE id BETWEEN 6664920 AND 6664929
	Aggregate  (cost=43.55..43.56 rows=1 width=8)
	  ->  Index Scan using sbtest8_pkey on sbtest8  (cost=0.43..43.52 rows=10 width=4)
	        Index Cond: ((id >= 6664920) AND (id <= 6664929))

for: sum_ranges
table 1 : explain SELECT SUM(k) FROM sbtest1 WHERE id BETWEEN 5608313 AND 5608322
	Aggregate  (cost=39.78..39.79 rows=1 width=8)
	  ->  Index Scan using sbtest1_pkey on sbtest1  (cost=0.43..39.75 rows=9 width=4)
	        Index Cond: ((id >= 5608313) AND (id <= 5608322))

table 2 : explain SELECT SUM(k) FROM sbtest2 WHERE id BETWEEN 1786282 AND 1786291
	Aggregate  (cost=40.03..40.04 rows=1 width=8)
	  ->  Index Scan using sbtest2_pkey on sbtest2  (cost=0.43..40.01 rows=9 width=4)
	        Index Cond: ((id >= 1786282) AND (id <= 1786291))

table 3 : explain SELECT SUM(k) FROM sbtest3 WHERE id BETWEEN 8401352 AND 8401361
	Aggregate  (cost=43.78..43.79 rows=1 width=8)
	  ->  Index Scan using sbtest3_pkey on sbtest3  (cost=0.43..43.76 rows=10 width=4)
	        Index Cond: ((id >= 8401352) AND (id <= 8401361))

table 4 : explain SELECT SUM(k) FROM sbtest4 WHERE id BETWEEN 6334370 AND 6334379
	Aggregate  (cost=43.77..43.78 rows=1 width=8)
	  ->  Index Scan using sbtest4_pkey on sbtest4  (cost=0.43..43.74 rows=10 width=4)
	        Index Cond: ((id >= 6334370) AND (id <= 6334379))

table 5 : explain SELECT SUM(k) FROM sbtest5 WHERE id BETWEEN 8783514 AND 8783523
	Aggregate  (cost=43.77..43.78 rows=1 width=8)
	  ->  Index Scan using sbtest5_pkey on sbtest5  (cost=0.43..43.74 rows=10 width=4)
	        Index Cond: ((id >= 8783514) AND (id <= 8783523))

table 6 : explain SELECT SUM(k) FROM sbtest6 WHERE id BETWEEN 6256058 AND 6256067
	Aggregate  (cost=43.76..43.77 rows=1 width=8)
	  ->  Index Scan using sbtest6_pkey on sbtest6  (cost=0.43..43.74 rows=10 width=4)
	        Index Cond: ((id >= 6256058) AND (id <= 6256067))

table 7 : explain SELECT SUM(k) FROM sbtest7 WHERE id BETWEEN 1479286 AND 1479295
	Aggregate  (cost=43.69..43.70 rows=1 width=8)
	  ->  Index Scan using sbtest7_pkey on sbtest7  (cost=0.43..43.67 rows=10 width=4)
	        Index Cond: ((id >= 1479286) AND (id <= 1479295))

table 8 : explain SELECT SUM(k) FROM sbtest8 WHERE id BETWEEN 6118327 AND 6118336
	Aggregate  (cost=43.55..43.56 rows=1 width=8)
	  ->  Index Scan using sbtest8_pkey on sbtest8  (cost=0.43..43.52 rows=10 width=4)
	        Index Cond: ((id >= 6118327) AND (id <= 6118336))

for: sum_ranges
table 1 : explain SELECT SUM(k) FROM sbtest1 WHERE id BETWEEN 9548552 AND 9548561
	Aggregate  (cost=47.61..47.62 rows=1 width=8)
	  ->  Index Scan using sbtest1_pkey on sbtest1  (cost=0.43..47.58 rows=11 width=4)
	        Index Cond: ((id >= 9548552) AND (id <= 9548561))

table 2 : explain SELECT SUM(k) FROM sbtest2 WHERE id BETWEEN 8413562 AND 8413571
	Aggregate  (cost=43.98..43.99 rows=1 width=8)
	  ->  Index Scan using sbtest2_pkey on sbtest2  (cost=0.43..43.96 rows=10 width=4)
	        Index Cond: ((id >= 8413562) AND (id <= 8413571))

table 3 : explain SELECT SUM(k) FROM sbtest3 WHERE id BETWEEN 9148491 AND 9148500
	Aggregate  (cost=43.78..43.79 rows=1 width=8)
	  ->  Index Scan using sbtest3_pkey on sbtest3  (cost=0.43..43.76 rows=10 width=4)
	        Index Cond: ((id >= 9148491) AND (id <= 9148500))

table 4 : explain SELECT SUM(k) FROM sbtest4 WHERE id BETWEEN 331831 AND 331840
	Aggregate  (cost=43.77..43.78 rows=1 width=8)
	  ->  Index Scan using sbtest4_pkey on sbtest4  (cost=0.43..43.74 rows=10 width=4)
	        Index Cond: ((id >= 331831) AND (id <= 331840))

table 5 : explain SELECT SUM(k) FROM sbtest5 WHERE id BETWEEN 6226175 AND 6226184
	Aggregate  (cost=47.69..47.70 rows=1 width=8)
	  ->  Index Scan using sbtest5_pkey on sbtest5  (cost=0.43..47.67 rows=11 width=4)
	        Index Cond: ((id >= 6226175) AND (id <= 6226184))

table 6 : explain SELECT SUM(k) FROM sbtest6 WHERE id BETWEEN 9943202 AND 9943211
	Aggregate  (cost=47.68..47.69 rows=1 width=8)
	  ->  Index Scan using sbtest6_pkey on sbtest6  (cost=0.43..47.66 rows=11 width=4)
	        Index Cond: ((id >= 9943202) AND (id <= 9943211))

table 7 : explain SELECT SUM(k) FROM sbtest7 WHERE id BETWEEN 8374489 AND 8374498
	Aggregate  (cost=43.69..43.70 rows=1 width=8)
	  ->  Index Scan using sbtest7_pkey on sbtest7  (cost=0.43..43.67 rows=10 width=4)
	        Index Cond: ((id >= 8374489) AND (id <= 8374498))

table 8 : explain SELECT SUM(k) FROM sbtest8 WHERE id BETWEEN 1303108 AND 1303117
	Aggregate  (cost=43.55..43.56 rows=1 width=8)
	  ->  Index Scan using sbtest8_pkey on sbtest8  (cost=0.43..43.52 rows=10 width=4)
	        Index Cond: ((id >= 1303108) AND (id <= 1303117))

for: sum_ranges
table 1 : explain SELECT SUM(k) FROM sbtest1 WHERE id BETWEEN 294676 AND 294685
	Aggregate  (cost=43.69..43.70 rows=1 width=8)
	  ->  Index Scan using sbtest1_pkey on sbtest1  (cost=0.43..43.67 rows=10 width=4)
	        Index Cond: ((id >= 294676) AND (id <= 294685))

table 2 : explain SELECT SUM(k) FROM sbtest2 WHERE id BETWEEN 4202509 AND 4202518
	Aggregate  (cost=43.98..43.99 rows=1 width=8)
	  ->  Index Scan using sbtest2_pkey on sbtest2  (cost=0.43..43.96 rows=10 width=4)
	        Index Cond: ((id >= 4202509) AND (id <= 4202518))

table 3 : explain SELECT SUM(k) FROM sbtest3 WHERE id BETWEEN 5913197 AND 5913206
	Aggregate  (cost=47.71..47.72 rows=1 width=8)
	  ->  Index Scan using sbtest3_pkey on sbtest3  (cost=0.43..47.68 rows=11 width=4)
	        Index Cond: ((id >= 5913197) AND (id <= 5913206))

table 4 : explain SELECT SUM(k) FROM sbtest4 WHERE id BETWEEN 6593805 AND 6593814
	Aggregate  (cost=39.85..39.86 rows=1 width=8)
	  ->  Index Scan using sbtest4_pkey on sbtest4  (cost=0.43..39.82 rows=9 width=4)
	        Index Cond: ((id >= 6593805) AND (id <= 6593814))

table 5 : explain SELECT SUM(k) FROM sbtest5 WHERE id BETWEEN 5169752 AND 5169761
	Aggregate  (cost=43.77..43.78 rows=1 width=8)
	  ->  Index Scan using sbtest5_pkey on sbtest5  (cost=0.43..43.74 rows=10 width=4)
	        Index Cond: ((id >= 5169752) AND (id <= 5169761))

table 6 : explain SELECT SUM(k) FROM sbtest6 WHERE id BETWEEN 7754578 AND 7754587
	Aggregate  (cost=43.76..43.77 rows=1 width=8)
	  ->  Index Scan using sbtest6_pkey on sbtest6  (cost=0.43..43.74 rows=10 width=4)
	        Index Cond: ((id >= 7754578) AND (id <= 7754587))

table 7 : explain SELECT SUM(k) FROM sbtest7 WHERE id BETWEEN 1367810 AND 1367819
	Aggregate  (cost=43.69..43.70 rows=1 width=8)
	  ->  Index Scan using sbtest7_pkey on sbtest7  (cost=0.43..43.67 rows=10 width=4)
	        Index Cond: ((id >= 1367810) AND (id <= 1367819))

table 8 : explain SELECT SUM(k) FROM sbtest8 WHERE id BETWEEN 497711 AND 497720
	Aggregate  (cost=43.55..43.56 rows=1 width=8)
	  ->  Index Scan using sbtest8_pkey on sbtest8  (cost=0.43..43.52 rows=10 width=4)
	        Index Cond: ((id >= 497711) AND (id <= 497720))

for: sum_ranges
table 1 : explain SELECT SUM(k) FROM sbtest1 WHERE id BETWEEN 7015326 AND 7015335
	Aggregate  (cost=43.69..43.70 rows=1 width=8)
	  ->  Index Scan using sbtest1_pkey on sbtest1  (cost=0.43..43.67 rows=10 width=4)
	        Index Cond: ((id >= 7015326) AND (id <= 7015335))

table 2 : explain SELECT SUM(k) FROM sbtest2 WHERE id BETWEEN 9987180 AND 9987189
	Aggregate  (cost=43.98..43.99 rows=1 width=8)
	  ->  Index Scan using sbtest2_pkey on sbtest2  (cost=0.43..43.96 rows=10 width=4)
	        Index Cond: ((id >= 9987180) AND (id <= 9987189))

table 3 : explain SELECT SUM(k) FROM sbtest3 WHERE id BETWEEN 6938281 AND 6938290
	Aggregate  (cost=43.78..43.79 rows=1 width=8)
	  ->  Index Scan using sbtest3_pkey on sbtest3  (cost=0.43..43.76 rows=10 width=4)
	        Index Cond: ((id >= 6938281) AND (id <= 6938290))

table 4 : explain SELECT SUM(k) FROM sbtest4 WHERE id BETWEEN 9482153 AND 9482162
	Aggregate  (cost=43.77..43.78 rows=1 width=8)
	  ->  Index Scan using sbtest4_pkey on sbtest4  (cost=0.43..43.74 rows=10 width=4)
	        Index Cond: ((id >= 9482153) AND (id <= 9482162))

table 5 : explain SELECT SUM(k) FROM sbtest5 WHERE id BETWEEN 9983173 AND 9983182
	Aggregate  (cost=39.85..39.86 rows=1 width=8)
	  ->  Index Scan using sbtest5_pkey on sbtest5  (cost=0.43..39.82 rows=9 width=4)
	        Index Cond: ((id >= 9983173) AND (id <= 9983182))

table 6 : explain SELECT SUM(k) FROM sbtest6 WHERE id BETWEEN 5589792 AND 5589801
	Aggregate  (cost=43.76..43.77 rows=1 width=8)
	  ->  Index Scan using sbtest6_pkey on sbtest6  (cost=0.43..43.74 rows=10 width=4)
	        Index Cond: ((id >= 5589792) AND (id <= 5589801))

table 7 : explain SELECT SUM(k) FROM sbtest7 WHERE id BETWEEN 9255836 AND 9255845
	Aggregate  (cost=43.69..43.70 rows=1 width=8)
	  ->  Index Scan using sbtest7_pkey on sbtest7  (cost=0.43..43.67 rows=10 width=4)
	        Index Cond: ((id >= 9255836) AND (id <= 9255845))

table 8 : explain SELECT SUM(k) FROM sbtest8 WHERE id BETWEEN 9529923 AND 9529932
	Aggregate  (cost=43.55..43.56 rows=1 width=8)
	  ->  Index Scan using sbtest8_pkey on sbtest8  (cost=0.43..43.52 rows=10 width=4)
	        Index Cond: ((id >= 9529923) AND (id <= 9529932))

for: sum_ranges
table 1 : explain SELECT SUM(k) FROM sbtest1 WHERE id BETWEEN 6576509 AND 6576518
	Aggregate  (cost=47.61..47.62 rows=1 width=8)
	  ->  Index Scan using sbtest1_pkey on sbtest1  (cost=0.43..47.58 rows=11 width=4)
	        Index Cond: ((id >= 6576509) AND (id <= 6576518))

table 2 : explain SELECT SUM(k) FROM sbtest2 WHERE id BETWEEN 4738779 AND 4738788
	Aggregate  (cost=43.98..43.99 rows=1 width=8)
	  ->  Index Scan using sbtest2_pkey on sbtest2  (cost=0.43..43.96 rows=10 width=4)
	        Index Cond: ((id >= 4738779) AND (id <= 4738788))

table 3 : explain SELECT SUM(k) FROM sbtest3 WHERE id BETWEEN 8970800 AND 8970809
	Aggregate  (cost=47.71..47.72 rows=1 width=8)
	  ->  Index Scan using sbtest3_pkey on sbtest3  (cost=0.43..47.68 rows=11 width=4)
	        Index Cond: ((id >= 8970800) AND (id <= 8970809))

table 4 : explain SELECT SUM(k) FROM sbtest4 WHERE id BETWEEN 2444144 AND 2444153
	Aggregate  (cost=43.77..43.78 rows=1 width=8)
	  ->  Index Scan using sbtest4_pkey on sbtest4  (cost=0.43..43.74 rows=10 width=4)
	        Index Cond: ((id >= 2444144) AND (id <= 2444153))

table 5 : explain SELECT SUM(k) FROM sbtest5 WHERE id BETWEEN 2591731 AND 2591740
	Aggregate  (cost=43.77..43.78 rows=1 width=8)
	  ->  Index Scan using sbtest5_pkey on sbtest5  (cost=0.43..43.74 rows=10 width=4)
	        Index Cond: ((id >= 2591731) AND (id <= 2591740))

table 6 : explain SELECT SUM(k) FROM sbtest6 WHERE id BETWEEN 6413118 AND 6413127
	Aggregate  (cost=43.76..43.77 rows=1 width=8)
	  ->  Index Scan using sbtest6_pkey on sbtest6  (cost=0.43..43.74 rows=10 width=4)
	        Index Cond: ((id >= 6413118) AND (id <= 6413127))

table 7 : explain SELECT SUM(k) FROM sbtest7 WHERE id BETWEEN 5134214 AND 5134223
	Aggregate  (cost=43.69..43.70 rows=1 width=8)
	  ->  Index Scan using sbtest7_pkey on sbtest7  (cost=0.43..43.67 rows=10 width=4)
	        Index Cond: ((id >= 5134214) AND (id <= 5134223))

table 8 : explain SELECT SUM(k) FROM sbtest8 WHERE id BETWEEN 9397953 AND 9397962
	Aggregate  (cost=43.55..43.56 rows=1 width=8)
	  ->  Index Scan using sbtest8_pkey on sbtest8  (cost=0.43..43.52 rows=10 width=4)
	        Index Cond: ((id >= 9397953) AND (id <= 9397962))

for: order_ranges
table 1 : explain SELECT c FROM sbtest1 WHERE id BETWEEN 3623866 AND 3623875 ORDER BY c
	Sort  (cost=43.83..43.86 rows=10 width=121)
	  Sort Key: c
	  ->  Index Scan using sbtest1_pkey on sbtest1  (cost=0.43..43.67 rows=10 width=121)
	        Index Cond: ((id >= 3623866) AND (id <= 3623875))

table 2 : explain SELECT c FROM sbtest2 WHERE id BETWEEN 2523511 AND 2523520 ORDER BY c
	Sort  (cost=44.12..44.15 rows=10 width=121)
	  Sort Key: c
	  ->  Index Scan using sbtest2_pkey on sbtest2  (cost=0.43..43.96 rows=10 width=121)
	        Index Cond: ((id >= 2523511) AND (id <= 2523520))

table 3 : explain SELECT c FROM sbtest3 WHERE id BETWEEN 7414354 AND 7414363 ORDER BY c
	Sort  (cost=43.92..43.95 rows=10 width=121)
	  Sort Key: c
	  ->  Index Scan using sbtest3_pkey on sbtest3  (cost=0.43..43.76 rows=10 width=121)
	        Index Cond: ((id >= 7414354) AND (id <= 7414363))

table 4 : explain SELECT c FROM sbtest4 WHERE id BETWEEN 2313762 AND 2313771 ORDER BY c
	Sort  (cost=43.91..43.94 rows=10 width=121)
	  Sort Key: c
	  ->  Index Scan using sbtest4_pkey on sbtest4  (cost=0.43..43.74 rows=10 width=121)
	        Index Cond: ((id >= 2313762) AND (id <= 2313771))

table 5 : explain SELECT c FROM sbtest5 WHERE id BETWEEN 498539 AND 498548 ORDER BY c
	Sort  (cost=43.91..43.94 rows=10 width=121)
	  Sort Key: c
	  ->  Index Scan using sbtest5_pkey on sbtest5  (cost=0.43..43.74 rows=10 width=121)
	        Index Cond: ((id >= 498539) AND (id <= 498548))

table 6 : explain SELECT c FROM sbtest6 WHERE id BETWEEN 5542169 AND 5542178 ORDER BY c
	Sort  (cost=43.90..43.93 rows=10 width=121)
	  Sort Key: c
	  ->  Index Scan using sbtest6_pkey on sbtest6  (cost=0.43..43.74 rows=10 width=121)
	        Index Cond: ((id >= 5542169) AND (id <= 5542178))

table 7 : explain SELECT c FROM sbtest7 WHERE id BETWEEN 263692 AND 263701 ORDER BY c
	Sort  (cost=43.83..43.86 rows=10 width=121)
	  Sort Key: c
	  ->  Index Scan using sbtest7_pkey on sbtest7  (cost=0.43..43.67 rows=10 width=121)
	        Index Cond: ((id >= 263692) AND (id <= 263701))

table 8 : explain SELECT c FROM sbtest8 WHERE id BETWEEN 1500117 AND 1500126 ORDER BY c
	Sort  (cost=39.77..39.79 rows=9 width=121)
	  Sort Key: c
	  ->  Index Scan using sbtest8_pkey on sbtest8  (cost=0.43..39.63 rows=9 width=121)
	        Index Cond: ((id >= 1500117) AND (id <= 1500126))

for: order_ranges
table 1 : explain SELECT c FROM sbtest1 WHERE id BETWEEN 1601085 AND 1601094 ORDER BY c
	Sort  (cost=43.83..43.86 rows=10 width=121)
	  Sort Key: c
	  ->  Index Scan using sbtest1_pkey on sbtest1  (cost=0.43..43.67 rows=10 width=121)
	        Index Cond: ((id >= 1601085) AND (id <= 1601094))

table 2 : explain SELECT c FROM sbtest2 WHERE id BETWEEN 5248549 AND 5248558 ORDER BY c
	Sort  (cost=44.12..44.15 rows=10 width=121)
	  Sort Key: c
	  ->  Index Scan using sbtest2_pkey on sbtest2  (cost=0.43..43.96 rows=10 width=121)
	        Index Cond: ((id >= 5248549) AND (id <= 5248558))

table 3 : explain SELECT c FROM sbtest3 WHERE id BETWEEN 6842242 AND 6842251 ORDER BY c
	Sort  (cost=43.92..43.95 rows=10 width=121)
	  Sort Key: c
	  ->  Index Scan using sbtest3_pkey on sbtest3  (cost=0.43..43.76 rows=10 width=121)
	        Index Cond: ((id >= 6842242) AND (id <= 6842251))

table 4 : explain SELECT c FROM sbtest4 WHERE id BETWEEN 866278 AND 866287 ORDER BY c
	Sort  (cost=43.91..43.94 rows=10 width=121)
	  Sort Key: c
	  ->  Index Scan using sbtest4_pkey on sbtest4  (cost=0.43..43.74 rows=10 width=121)
	        Index Cond: ((id >= 866278) AND (id <= 866287))

table 5 : explain SELECT c FROM sbtest5 WHERE id BETWEEN 265676 AND 265685 ORDER BY c
	Sort  (cost=47.86..47.88 rows=11 width=121)
	  Sort Key: c
	  ->  Index Scan using sbtest5_pkey on sbtest5  (cost=0.43..47.67 rows=11 width=121)
	        Index Cond: ((id >= 265676) AND (id <= 265685))

table 6 : explain SELECT c FROM sbtest6 WHERE id BETWEEN 5135525 AND 5135534 ORDER BY c
	Sort  (cost=43.90..43.93 rows=10 width=121)
	  Sort Key: c
	  ->  Index Scan using sbtest6_pkey on sbtest6  (cost=0.43..43.74 rows=10 width=121)
	        Index Cond: ((id >= 5135525) AND (id <= 5135534))

table 7 : explain SELECT c FROM sbtest7 WHERE id BETWEEN 5060313 AND 5060322 ORDER BY c
	Sort  (cost=43.83..43.86 rows=10 width=121)
	  Sort Key: c
	  ->  Index Scan using sbtest7_pkey on sbtest7  (cost=0.43..43.67 rows=10 width=121)
	        Index Cond: ((id >= 5060313) AND (id <= 5060322))

table 8 : explain SELECT c FROM sbtest8 WHERE id BETWEEN 63905 AND 63914 ORDER BY c
	Sort  (cost=43.69..43.72 rows=10 width=121)
	  Sort Key: c
	  ->  Index Scan using sbtest8_pkey on sbtest8  (cost=0.43..43.52 rows=10 width=121)
	        Index Cond: ((id >= 63905) AND (id <= 63914))

for: simple_ranges
table 1 : explain SELECT c FROM sbtest1 WHERE id BETWEEN 501744 AND 501753
	Index Scan using sbtest1_pkey on sbtest1  (cost=0.43..43.67 rows=10 width=121)
	  Index Cond: ((id >= 501744) AND (id <= 501753))

table 2 : explain SELECT c FROM sbtest2 WHERE id BETWEEN 1196493 AND 1196502
	Index Scan using sbtest2_pkey on sbtest2  (cost=0.43..43.96 rows=10 width=121)
	  Index Cond: ((id >= 1196493) AND (id <= 1196502))

table 3 : explain SELECT c FROM sbtest3 WHERE id BETWEEN 546758 AND 546767
	Index Scan using sbtest3_pkey on sbtest3  (cost=0.43..43.76 rows=10 width=121)
	  Index Cond: ((id >= 546758) AND (id <= 546767))

table 4 : explain SELECT c FROM sbtest4 WHERE id BETWEEN 4251669 AND 4251678
	Index Scan using sbtest4_pkey on sbtest4  (cost=0.43..39.82 rows=9 width=121)
	  Index Cond: ((id >= 4251669) AND (id <= 4251678))

table 5 : explain SELECT c FROM sbtest5 WHERE id BETWEEN 768284 AND 768293
	Index Scan using sbtest5_pkey on sbtest5  (cost=0.43..43.74 rows=10 width=121)
	  Index Cond: ((id >= 768284) AND (id <= 768293))

table 6 : explain SELECT c FROM sbtest6 WHERE id BETWEEN 1079434 AND 1079443
	Index Scan using sbtest6_pkey on sbtest6  (cost=0.43..43.74 rows=10 width=121)
	  Index Cond: ((id >= 1079434) AND (id <= 1079443))

table 7 : explain SELECT c FROM sbtest7 WHERE id BETWEEN 2602203 AND 2602212
	Index Scan using sbtest7_pkey on sbtest7  (cost=0.43..39.76 rows=9 width=121)
	  Index Cond: ((id >= 2602203) AND (id <= 2602212))

table 8 : explain SELECT c FROM sbtest8 WHERE id BETWEEN 9986916 AND 9986925
	Index Scan using sbtest8_pkey on sbtest8  (cost=0.43..43.52 rows=10 width=121)
	  Index Cond: ((id >= 9986916) AND (id <= 9986925))

for: sum_ranges
table 1 : explain SELECT SUM(k) FROM sbtest1 WHERE id BETWEEN 9143667 AND 9143676
	Aggregate  (cost=43.69..43.70 rows=1 width=8)
	  ->  Index Scan using sbtest1_pkey on sbtest1  (cost=0.43..43.67 rows=10 width=4)
	        Index Cond: ((id >= 9143667) AND (id <= 9143676))

table 2 : explain SELECT SUM(k) FROM sbtest2 WHERE id BETWEEN 3438548 AND 3438557
	Aggregate  (cost=40.03..40.04 rows=1 width=8)
	  ->  Index Scan using sbtest2_pkey on sbtest2  (cost=0.43..40.01 rows=9 width=4)
	        Index Cond: ((id >= 3438548) AND (id <= 3438557))

table 3 : explain SELECT SUM(k) FROM sbtest3 WHERE id BETWEEN 4860425 AND 4860434
	Aggregate  (cost=43.78..43.79 rows=1 width=8)
	  ->  Index Scan using sbtest3_pkey on sbtest3  (cost=0.43..43.76 rows=10 width=4)
	        Index Cond: ((id >= 4860425) AND (id <= 4860434))

table 4 : explain SELECT SUM(k) FROM sbtest4 WHERE id BETWEEN 1384744 AND 1384753
	Aggregate  (cost=39.85..39.86 rows=1 width=8)
	  ->  Index Scan using sbtest4_pkey on sbtest4  (cost=0.43..39.82 rows=9 width=4)
	        Index Cond: ((id >= 1384744) AND (id <= 1384753))

table 5 : explain SELECT SUM(k) FROM sbtest5 WHERE id BETWEEN 8564173 AND 8564182
	Aggregate  (cost=43.77..43.78 rows=1 width=8)
	  ->  Index Scan using sbtest5_pkey on sbtest5  (cost=0.43..43.74 rows=10 width=4)
	        Index Cond: ((id >= 8564173) AND (id <= 8564182))

table 6 : explain SELECT SUM(k) FROM sbtest6 WHERE id BETWEEN 2960193 AND 2960202
	Aggregate  (cost=43.76..43.77 rows=1 width=8)
	  ->  Index Scan using sbtest6_pkey on sbtest6  (cost=0.43..43.74 rows=10 width=4)
	        Index Cond: ((id >= 2960193) AND (id <= 2960202))

table 7 : explain SELECT SUM(k) FROM sbtest7 WHERE id BETWEEN 8579330 AND 8579339
	Aggregate  (cost=43.69..43.70 rows=1 width=8)
	  ->  Index Scan using sbtest7_pkey on sbtest7  (cost=0.43..43.67 rows=10 width=4)
	        Index Cond: ((id >= 8579330) AND (id <= 8579339))

table 8 : explain SELECT SUM(k) FROM sbtest8 WHERE id BETWEEN 8580905 AND 8580914
	Aggregate  (cost=39.65..39.66 rows=1 width=8)
	  ->  Index Scan using sbtest8_pkey on sbtest8  (cost=0.43..39.63 rows=9 width=4)
	        Index Cond: ((id >= 8580905) AND (id <= 8580914))

for: sum_ranges
table 1 : explain SELECT SUM(k) FROM sbtest1 WHERE id BETWEEN 994515 AND 994524
	Aggregate  (cost=43.69..43.70 rows=1 width=8)
	  ->  Index Scan using sbtest1_pkey on sbtest1  (cost=0.43..43.67 rows=10 width=4)
	        Index Cond: ((id >= 994515) AND (id <= 994524))

table 2 : explain SELECT SUM(k) FROM sbtest2 WHERE id BETWEEN 1351034 AND 1351043
	Aggregate  (cost=43.98..43.99 rows=1 width=8)
	  ->  Index Scan using sbtest2_pkey on sbtest2  (cost=0.43..43.96 rows=10 width=4)
	        Index Cond: ((id >= 1351034) AND (id <= 1351043))

table 3 : explain SELECT SUM(k) FROM sbtest3 WHERE id BETWEEN 493706 AND 493715
	Aggregate  (cost=43.78..43.79 rows=1 width=8)
	  ->  Index Scan using sbtest3_pkey on sbtest3  (cost=0.43..43.76 rows=10 width=4)
	        Index Cond: ((id >= 493706) AND (id <= 493715))

table 4 : explain SELECT SUM(k) FROM sbtest4 WHERE id BETWEEN 6814762 AND 6814771
	Aggregate  (cost=43.77..43.78 rows=1 width=8)
	  ->  Index Scan using sbtest4_pkey on sbtest4  (cost=0.43..43.74 rows=10 width=4)
	        Index Cond: ((id >= 6814762) AND (id <= 6814771))

table 5 : explain SELECT SUM(k) FROM sbtest5 WHERE id BETWEEN 2466025 AND 2466034
	Aggregate  (cost=43.77..43.78 rows=1 width=8)
	  ->  Index Scan using sbtest5_pkey on sbtest5  (cost=0.43..43.74 rows=10 width=4)
	        Index Cond: ((id >= 2466025) AND (id <= 2466034))

table 6 : explain SELECT SUM(k) FROM sbtest6 WHERE id BETWEEN 4034199 AND 4034208
	Aggregate  (cost=43.76..43.77 rows=1 width=8)
	  ->  Index Scan using sbtest6_pkey on sbtest6  (cost=0.43..43.74 rows=10 width=4)
	        Index Cond: ((id >= 4034199) AND (id <= 4034208))

table 7 : explain SELECT SUM(k) FROM sbtest7 WHERE id BETWEEN 1233597 AND 1233606
	Aggregate  (cost=39.78..39.79 rows=1 width=8)
	  ->  Index Scan using sbtest7_pkey on sbtest7  (cost=0.43..39.76 rows=9 width=4)
	        Index Cond: ((id >= 1233597) AND (id <= 1233606))

table 8 : explain SELECT SUM(k) FROM sbtest8 WHERE id BETWEEN 6769189 AND 6769198
	Aggregate  (cost=43.55..43.56 rows=1 width=8)
	  ->  Index Scan using sbtest8_pkey on sbtest8  (cost=0.43..43.52 rows=10 width=4)
	        Index Cond: ((id >= 6769189) AND (id <= 6769198))

for: sum_ranges
table 1 : explain SELECT SUM(k) FROM sbtest1 WHERE id BETWEEN 3917041 AND 3917050
	Aggregate  (cost=47.61..47.62 rows=1 width=8)
	  ->  Index Scan using sbtest1_pkey on sbtest1  (cost=0.43..47.58 rows=11 width=4)
	        Index Cond: ((id >= 3917041) AND (id <= 3917050))

table 2 : explain SELECT SUM(k) FROM sbtest2 WHERE id BETWEEN 9496800 AND 9496809
	Aggregate  (cost=43.98..43.99 rows=1 width=8)
	  ->  Index Scan using sbtest2_pkey on sbtest2  (cost=0.43..43.96 rows=10 width=4)
	        Index Cond: ((id >= 9496800) AND (id <= 9496809))

table 3 : explain SELECT SUM(k) FROM sbtest3 WHERE id BETWEEN 4506298 AND 4506307
	Aggregate  (cost=43.78..43.79 rows=1 width=8)
	  ->  Index Scan using sbtest3_pkey on sbtest3  (cost=0.43..43.76 rows=10 width=4)
	        Index Cond: ((id >= 4506298) AND (id <= 4506307))

table 4 : explain SELECT SUM(k) FROM sbtest4 WHERE id BETWEEN 8723855 AND 8723864
	Aggregate  (cost=43.77..43.78 rows=1 width=8)
	  ->  Index Scan using sbtest4_pkey on sbtest4  (cost=0.43..43.74 rows=10 width=4)
	        Index Cond: ((id >= 8723855) AND (id <= 8723864))

table 5 : explain SELECT SUM(k) FROM sbtest5 WHERE id BETWEEN 2585937 AND 2585946
	Aggregate  (cost=43.77..43.78 rows=1 width=8)
	  ->  Index Scan using sbtest5_pkey on sbtest5  (cost=0.43..43.74 rows=10 width=4)
	        Index Cond: ((id >= 2585937) AND (id <= 2585946))

table 6 : explain SELECT SUM(k) FROM sbtest6 WHERE id BETWEEN 2074781 AND 2074790
	Aggregate  (cost=43.76..43.77 rows=1 width=8)
	  ->  Index Scan using sbtest6_pkey on sbtest6  (cost=0.43..43.74 rows=10 width=4)
	        Index Cond: ((id >= 2074781) AND (id <= 2074790))

table 7 : explain SELECT SUM(k) FROM sbtest7 WHERE id BETWEEN 911698 AND 911707
	Aggregate  (cost=43.69..43.70 rows=1 width=8)
	  ->  Index Scan using sbtest7_pkey on sbtest7  (cost=0.43..43.67 rows=10 width=4)
	        Index Cond: ((id >= 911698) AND (id <= 911707))

table 8 : explain SELECT SUM(k) FROM sbtest8 WHERE id BETWEEN 7989080 AND 7989089
	Aggregate  (cost=47.45..47.46 rows=1 width=8)
	  ->  Index Scan using sbtest8_pkey on sbtest8  (cost=0.43..47.42 rows=11 width=4)
	        Index Cond: ((id >= 7989080) AND (id <= 7989089))

for: sum_ranges
table 1 : explain SELECT SUM(k) FROM sbtest1 WHERE id BETWEEN 5740297 AND 5740306
	Aggregate  (cost=47.61..47.62 rows=1 width=8)
	  ->  Index Scan using sbtest1_pkey on sbtest1  (cost=0.43..47.58 rows=11 width=4)
	        Index Cond: ((id >= 5740297) AND (id <= 5740306))

table 2 : explain SELECT SUM(k) FROM sbtest2 WHERE id BETWEEN 2785517 AND 2785526
	Aggregate  (cost=43.98..43.99 rows=1 width=8)
	  ->  Index Scan using sbtest2_pkey on sbtest2  (cost=0.43..43.96 rows=10 width=4)
	        Index Cond: ((id >= 2785517) AND (id <= 2785526))

table 3 : explain SELECT SUM(k) FROM sbtest3 WHERE id BETWEEN 3832706 AND 3832715
	Aggregate  (cost=43.78..43.79 rows=1 width=8)
	  ->  Index Scan using sbtest3_pkey on sbtest3  (cost=0.43..43.76 rows=10 width=4)
	        Index Cond: ((id >= 3832706) AND (id <= 3832715))

table 4 : explain SELECT SUM(k) FROM sbtest4 WHERE id BETWEEN 7470245 AND 7470254
	Aggregate  (cost=47.69..47.70 rows=1 width=8)
	  ->  Index Scan using sbtest4_pkey on sbtest4  (cost=0.43..47.67 rows=11 width=4)
	        Index Cond: ((id >= 7470245) AND (id <= 7470254))

table 5 : explain SELECT SUM(k) FROM sbtest5 WHERE id BETWEEN 9612574 AND 9612583
	Aggregate  (cost=43.77..43.78 rows=1 width=8)
	  ->  Index Scan using sbtest5_pkey on sbtest5  (cost=0.43..43.74 rows=10 width=4)
	        Index Cond: ((id >= 9612574) AND (id <= 9612583))

table 6 : explain SELECT SUM(k) FROM sbtest6 WHERE id BETWEEN 7380998 AND 7381007
	Aggregate  (cost=43.76..43.77 rows=1 width=8)
	  ->  Index Scan using sbtest6_pkey on sbtest6  (cost=0.43..43.74 rows=10 width=4)
	        Index Cond: ((id >= 7380998) AND (id <= 7381007))

table 7 : explain SELECT SUM(k) FROM sbtest7 WHERE id BETWEEN 3804078 AND 3804087
	Aggregate  (cost=43.69..43.70 rows=1 width=8)
	  ->  Index Scan using sbtest7_pkey on sbtest7  (cost=0.43..43.67 rows=10 width=4)
	        Index Cond: ((id >= 3804078) AND (id <= 3804087))

table 8 : explain SELECT SUM(k) FROM sbtest8 WHERE id BETWEEN 3834748 AND 3834757
	Aggregate  (cost=47.45..47.46 rows=1 width=8)
	  ->  Index Scan using sbtest8_pkey on sbtest8  (cost=0.43..47.42 rows=11 width=4)
	        Index Cond: ((id >= 3834748) AND (id <= 3834757))

for: order_ranges
table 1 : explain SELECT c FROM sbtest1 WHERE id BETWEEN 4507867 AND 4507876 ORDER BY c
	Sort  (cost=39.90..39.92 rows=9 width=121)
	  Sort Key: c
	  ->  Index Scan using sbtest1_pkey on sbtest1  (cost=0.43..39.75 rows=9 width=121)
	        Index Cond: ((id >= 4507867) AND (id <= 4507876))

table 2 : explain SELECT c FROM sbtest2 WHERE id BETWEEN 9575065 AND 9575074 ORDER BY c
	Sort  (cost=44.12..44.15 rows=10 width=121)
	  Sort Key: c
	  ->  Index Scan using sbtest2_pkey on sbtest2  (cost=0.43..43.96 rows=10 width=121)
	        Index Cond: ((id >= 9575065) AND (id <= 9575074))

table 3 : explain SELECT c FROM sbtest3 WHERE id BETWEEN 2713729 AND 2713738 ORDER BY c
	Sort  (cost=43.92..43.95 rows=10 width=121)
	  Sort Key: c
	  ->  Index Scan using sbtest3_pkey on sbtest3  (cost=0.43..43.76 rows=10 width=121)
	        Index Cond: ((id >= 2713729) AND (id <= 2713738))

table 4 : explain SELECT c FROM sbtest4 WHERE id BETWEEN 2404432 AND 2404441 ORDER BY c
	Sort  (cost=43.91..43.94 rows=10 width=121)
	  Sort Key: c
	  ->  Index Scan using sbtest4_pkey on sbtest4  (cost=0.43..43.74 rows=10 width=121)
	        Index Cond: ((id >= 2404432) AND (id <= 2404441))

table 5 : explain SELECT c FROM sbtest5 WHERE id BETWEEN 106465 AND 106474 ORDER BY c
	Sort  (cost=43.91..43.94 rows=10 width=121)
	  Sort Key: c
	  ->  Index Scan using sbtest5_pkey on sbtest5  (cost=0.43..43.74 rows=10 width=121)
	        Index Cond: ((id >= 106465) AND (id <= 106474))

table 6 : explain SELECT c FROM sbtest6 WHERE id BETWEEN 9188526 AND 9188535 ORDER BY c
	Sort  (cost=43.90..43.93 rows=10 width=121)
	  Sort Key: c
	  ->  Index Scan using sbtest6_pkey on sbtest6  (cost=0.43..43.74 rows=10 width=121)
	        Index Cond: ((id >= 9188526) AND (id <= 9188535))

table 7 : explain SELECT c FROM sbtest7 WHERE id BETWEEN 8038956 AND 8038965 ORDER BY c
	Sort  (cost=43.83..43.86 rows=10 width=121)
	  Sort Key: c
	  ->  Index Scan using sbtest7_pkey on sbtest7  (cost=0.43..43.67 rows=10 width=121)
	        Index Cond: ((id >= 8038956) AND (id <= 8038965))

table 8 : explain SELECT c FROM sbtest8 WHERE id BETWEEN 7381055 AND 7381064 ORDER BY c
	Sort  (cost=47.61..47.64 rows=11 width=121)
	  Sort Key: c
	  ->  Index Scan using sbtest8_pkey on sbtest8  (cost=0.43..47.42 rows=11 width=121)
	        Index Cond: ((id >= 7381055) AND (id <= 7381064))

for: order_ranges
table 1 : explain SELECT c FROM sbtest1 WHERE id BETWEEN 4683612 AND 4683621 ORDER BY c
	Sort  (cost=39.90..39.92 rows=9 width=121)
	  Sort Key: c
	  ->  Index Scan using sbtest1_pkey on sbtest1  (cost=0.43..39.75 rows=9 width=121)
	        Index Cond: ((id >= 4683612) AND (id <= 4683621))

table 2 : explain SELECT c FROM sbtest2 WHERE id BETWEEN 3866865 AND 3866874 ORDER BY c
	Sort  (cost=44.12..44.15 rows=10 width=121)
	  Sort Key: c
	  ->  Index Scan using sbtest2_pkey on sbtest2  (cost=0.43..43.96 rows=10 width=121)
	        Index Cond: ((id >= 3866865) AND (id <= 3866874))

table 3 : explain SELECT c FROM sbtest3 WHERE id BETWEEN 4497366 AND 4497375 ORDER BY c
	Sort  (cost=43.92..43.95 rows=10 width=121)
	  Sort Key: c
	  ->  Index Scan using sbtest3_pkey on sbtest3  (cost=0.43..43.76 rows=10 width=121)
	        Index Cond: ((id >= 4497366) AND (id <= 4497375))

table 4 : explain SELECT c FROM sbtest4 WHERE id BETWEEN 8632148 AND 8632157 ORDER BY c
	Sort  (cost=43.91..43.94 rows=10 width=121)
	  Sort Key: c
	  ->  Index Scan using sbtest4_pkey on sbtest4  (cost=0.43..43.74 rows=10 width=121)
	        Index Cond: ((id >= 8632148) AND (id <= 8632157))

table 5 : explain SELECT c FROM sbtest5 WHERE id BETWEEN 8892035 AND 8892044 ORDER BY c
	Sort  (cost=47.86..47.88 rows=11 width=121)
	  Sort Key: c
	  ->  Index Scan using sbtest5_pkey on sbtest5  (cost=0.43..47.67 rows=11 width=121)
	        Index Cond: ((id >= 8892035) AND (id <= 8892044))

table 6 : explain SELECT c FROM sbtest6 WHERE id BETWEEN 7314257 AND 7314266 ORDER BY c
	Sort  (cost=43.90..43.93 rows=10 width=121)
	  Sort Key: c
	  ->  Index Scan using sbtest6_pkey on sbtest6  (cost=0.43..43.74 rows=10 width=121)
	        Index Cond: ((id >= 7314257) AND (id <= 7314266))

table 7 : explain SELECT c FROM sbtest7 WHERE id BETWEEN 2292172 AND 2292181 ORDER BY c
	Sort  (cost=43.83..43.86 rows=10 width=121)
	  Sort Key: c
	  ->  Index Scan using sbtest7_pkey on sbtest7  (cost=0.43..43.67 rows=10 width=121)
	        Index Cond: ((id >= 2292172) AND (id <= 2292181))

table 8 : explain SELECT c FROM sbtest8 WHERE id BETWEEN 6444386 AND 6444395 ORDER BY c
	Sort  (cost=43.69..43.72 rows=10 width=121)
	  Sort Key: c
	  ->  Index Scan using sbtest8_pkey on sbtest8  (cost=0.43..43.52 rows=10 width=121)
	        Index Cond: ((id >= 6444386) AND (id <= 6444395))

for: sum_ranges
table 1 : explain SELECT SUM(k) FROM sbtest1 WHERE id BETWEEN 3787893 AND 3787902
	Aggregate  (cost=39.78..39.79 rows=1 width=8)
	  ->  Index Scan using sbtest1_pkey on sbtest1  (cost=0.43..39.75 rows=9 width=4)
	        Index Cond: ((id >= 3787893) AND (id <= 3787902))

table 2 : explain SELECT SUM(k) FROM sbtest2 WHERE id BETWEEN 3288572 AND 3288581
	Aggregate  (cost=43.98..43.99 rows=1 width=8)
	  ->  Index Scan using sbtest2_pkey on sbtest2  (cost=0.43..43.96 rows=10 width=4)
	        Index Cond: ((id >= 3288572) AND (id <= 3288581))

table 3 : explain SELECT SUM(k) FROM sbtest3 WHERE id BETWEEN 3091848 AND 3091857
	Aggregate  (cost=43.78..43.79 rows=1 width=8)
	  ->  Index Scan using sbtest3_pkey on sbtest3  (cost=0.43..43.76 rows=10 width=4)
	        Index Cond: ((id >= 3091848) AND (id <= 3091857))

table 4 : explain SELECT SUM(k) FROM sbtest4 WHERE id BETWEEN 1971653 AND 1971662
	Aggregate  (cost=43.77..43.78 rows=1 width=8)
	  ->  Index Scan using sbtest4_pkey on sbtest4  (cost=0.43..43.74 rows=10 width=4)
	        Index Cond: ((id >= 1971653) AND (id <= 1971662))

table 5 : explain SELECT SUM(k) FROM sbtest5 WHERE id BETWEEN 1030371 AND 1030380
	Aggregate  (cost=39.85..39.86 rows=1 width=8)
	  ->  Index Scan using sbtest5_pkey on sbtest5  (cost=0.43..39.82 rows=9 width=4)
	        Index Cond: ((id >= 1030371) AND (id <= 1030380))

table 6 : explain SELECT SUM(k) FROM sbtest6 WHERE id BETWEEN 2611034 AND 2611043
	Aggregate  (cost=43.76..43.77 rows=1 width=8)
	  ->  Index Scan using sbtest6_pkey on sbtest6  (cost=0.43..43.74 rows=10 width=4)
	        Index Cond: ((id >= 2611034) AND (id <= 2611043))

table 7 : explain SELECT SUM(k) FROM sbtest7 WHERE id BETWEEN 6385111 AND 6385120
	Aggregate  (cost=43.69..43.70 rows=1 width=8)
	  ->  Index Scan using sbtest7_pkey on sbtest7  (cost=0.43..43.67 rows=10 width=4)
	        Index Cond: ((id >= 6385111) AND (id <= 6385120))

table 8 : explain SELECT SUM(k) FROM sbtest8 WHERE id BETWEEN 4805484 AND 4805493
	Aggregate  (cost=47.45..47.46 rows=1 width=8)
	  ->  Index Scan using sbtest8_pkey on sbtest8  (cost=0.43..47.42 rows=11 width=4)
	        Index Cond: ((id >= 4805484) AND (id <= 4805493))

for: sum_ranges
table 1 : explain SELECT SUM(k) FROM sbtest1 WHERE id BETWEEN 6233623 AND 6233632
	Aggregate  (cost=43.69..43.70 rows=1 width=8)
	  ->  Index Scan using sbtest1_pkey on sbtest1  (cost=0.43..43.67 rows=10 width=4)
	        Index Cond: ((id >= 6233623) AND (id <= 6233632))

table 2 : explain SELECT SUM(k) FROM sbtest2 WHERE id BETWEEN 8576846 AND 8576855
	Aggregate  (cost=43.98..43.99 rows=1 width=8)
	  ->  Index Scan using sbtest2_pkey on sbtest2  (cost=0.43..43.96 rows=10 width=4)
	        Index Cond: ((id >= 8576846) AND (id <= 8576855))

table 3 : explain SELECT SUM(k) FROM sbtest3 WHERE id BETWEEN 7556938 AND 7556947
	Aggregate  (cost=43.78..43.79 rows=1 width=8)
	  ->  Index Scan using sbtest3_pkey on sbtest3  (cost=0.43..43.76 rows=10 width=4)
	        Index Cond: ((id >= 7556938) AND (id <= 7556947))

table 4 : explain SELECT SUM(k) FROM sbtest4 WHERE id BETWEEN 9597574 AND 9597583
	Aggregate  (cost=43.77..43.78 rows=1 width=8)
	  ->  Index Scan using sbtest4_pkey on sbtest4  (cost=0.43..43.74 rows=10 width=4)
	        Index Cond: ((id >= 9597574) AND (id <= 9597583))

table 5 : explain SELECT SUM(k) FROM sbtest5 WHERE id BETWEEN 6179506 AND 6179515
	Aggregate  (cost=47.69..47.70 rows=1 width=8)
	  ->  Index Scan using sbtest5_pkey on sbtest5  (cost=0.43..47.67 rows=11 width=4)
	        Index Cond: ((id >= 6179506) AND (id <= 6179515))

table 6 : explain SELECT SUM(k) FROM sbtest6 WHERE id BETWEEN 2409577 AND 2409586
	Aggregate  (cost=43.76..43.77 rows=1 width=8)
	  ->  Index Scan using sbtest6_pkey on sbtest6  (cost=0.43..43.74 rows=10 width=4)
	        Index Cond: ((id >= 2409577) AND (id <= 2409586))

table 7 : explain SELECT SUM(k) FROM sbtest7 WHERE id BETWEEN 7705917 AND 7705926
	Aggregate  (cost=43.69..43.70 rows=1 width=8)
	  ->  Index Scan using sbtest7_pkey on sbtest7  (cost=0.43..43.67 rows=10 width=4)
	        Index Cond: ((id >= 7705917) AND (id <= 7705926))

table 8 : explain SELECT SUM(k) FROM sbtest8 WHERE id BETWEEN 807960 AND 807969
	Aggregate  (cost=39.65..39.66 rows=1 width=8)
	  ->  Index Scan using sbtest8_pkey on sbtest8  (cost=0.43..39.63 rows=9 width=4)
	        Index Cond: ((id >= 807960) AND (id <= 807969))

for: sum_ranges
table 1 : explain SELECT SUM(k) FROM sbtest1 WHERE id BETWEEN 9843383 AND 9843392
	Aggregate  (cost=43.69..43.70 rows=1 width=8)
	  ->  Index Scan using sbtest1_pkey on sbtest1  (cost=0.43..43.67 rows=10 width=4)
	        Index Cond: ((id >= 9843383) AND (id <= 9843392))

table 2 : explain SELECT SUM(k) FROM sbtest2 WHERE id BETWEEN 5876385 AND 5876394
	Aggregate  (cost=43.98..43.99 rows=1 width=8)
	  ->  Index Scan using sbtest2_pkey on sbtest2  (cost=0.43..43.96 rows=10 width=4)
	        Index Cond: ((id >= 5876385) AND (id <= 5876394))

table 3 : explain SELECT SUM(k) FROM sbtest3 WHERE id BETWEEN 2199604 AND 2199613
	Aggregate  (cost=43.78..43.79 rows=1 width=8)
	  ->  Index Scan using sbtest3_pkey on sbtest3  (cost=0.43..43.76 rows=10 width=4)
	        Index Cond: ((id >= 2199604) AND (id <= 2199613))

table 4 : explain SELECT SUM(k) FROM sbtest4 WHERE id BETWEEN 5455102 AND 5455111
	Aggregate  (cost=43.77..43.78 rows=1 width=8)
	  ->  Index Scan using sbtest4_pkey on sbtest4  (cost=0.43..43.74 rows=10 width=4)
	        Index Cond: ((id >= 5455102) AND (id <= 5455111))

table 5 : explain SELECT SUM(k) FROM sbtest5 WHERE id BETWEEN 978744 AND 978753
	Aggregate  (cost=47.69..47.70 rows=1 width=8)
	  ->  Index Scan using sbtest5_pkey on sbtest5  (cost=0.43..47.67 rows=11 width=4)
	        Index Cond: ((id >= 978744) AND (id <= 978753))

table 6 : explain SELECT SUM(k) FROM sbtest6 WHERE id BETWEEN 4454786 AND 4454795
	Aggregate  (cost=47.68..47.69 rows=1 width=8)
	  ->  Index Scan using sbtest6_pkey on sbtest6  (cost=0.43..47.66 rows=11 width=4)
	        Index Cond: ((id >= 4454786) AND (id <= 4454795))

table 7 : explain SELECT SUM(k) FROM sbtest7 WHERE id BETWEEN 9323860 AND 9323869
	Aggregate  (cost=43.69..43.70 rows=1 width=8)
	  ->  Index Scan using sbtest7_pkey on sbtest7  (cost=0.43..43.67 rows=10 width=4)
	        Index Cond: ((id >= 9323860) AND (id <= 9323869))

table 8 : explain SELECT SUM(k) FROM sbtest8 WHERE id BETWEEN 3222916 AND 3222925
	Aggregate  (cost=43.55..43.56 rows=1 width=8)
	  ->  Index Scan using sbtest8_pkey on sbtest8  (cost=0.43..43.52 rows=10 width=4)
	        Index Cond: ((id >= 3222916) AND (id <= 3222925))

for: sum_ranges
table 1 : explain SELECT SUM(k) FROM sbtest1 WHERE id BETWEEN 7341116 AND 7341125
	Aggregate  (cost=43.69..43.70 rows=1 width=8)
	  ->  Index Scan using sbtest1_pkey on sbtest1  (cost=0.43..43.67 rows=10 width=4)
	        Index Cond: ((id >= 7341116) AND (id <= 7341125))

table 2 : explain SELECT SUM(k) FROM sbtest2 WHERE id BETWEEN 3883300 AND 3883309
	Aggregate  (cost=43.98..43.99 rows=1 width=8)
	  ->  Index Scan using sbtest2_pkey on sbtest2  (cost=0.43..43.96 rows=10 width=4)
	        Index Cond: ((id >= 3883300) AND (id <= 3883309))

table 3 : explain SELECT SUM(k) FROM sbtest3 WHERE id BETWEEN 1985385 AND 1985394
	Aggregate  (cost=47.71..47.72 rows=1 width=8)
	  ->  Index Scan using sbtest3_pkey on sbtest3  (cost=0.43..47.68 rows=11 width=4)
	        Index Cond: ((id >= 1985385) AND (id <= 1985394))

table 4 : explain SELECT SUM(k) FROM sbtest4 WHERE id BETWEEN 1854772 AND 1854781
	Aggregate  (cost=43.77..43.78 rows=1 width=8)
	  ->  Index Scan using sbtest4_pkey on sbtest4  (cost=0.43..43.74 rows=10 width=4)
	        Index Cond: ((id >= 1854772) AND (id <= 1854781))

table 5 : explain SELECT SUM(k) FROM sbtest5 WHERE id BETWEEN 8683638 AND 8683647
	Aggregate  (cost=43.77..43.78 rows=1 width=8)
	  ->  Index Scan using sbtest5_pkey on sbtest5  (cost=0.43..43.74 rows=10 width=4)
	        Index Cond: ((id >= 8683638) AND (id <= 8683647))

table 6 : explain SELECT SUM(k) FROM sbtest6 WHERE id BETWEEN 7315871 AND 7315880
	Aggregate  (cost=43.76..43.77 rows=1 width=8)
	  ->  Index Scan using sbtest6_pkey on sbtest6  (cost=0.43..43.74 rows=10 width=4)
	        Index Cond: ((id >= 7315871) AND (id <= 7315880))

table 7 : explain SELECT SUM(k) FROM sbtest7 WHERE id BETWEEN 1384231 AND 1384240
	Aggregate  (cost=43.69..43.70 rows=1 width=8)
	  ->  Index Scan using sbtest7_pkey on sbtest7  (cost=0.43..43.67 rows=10 width=4)
	        Index Cond: ((id >= 1384231) AND (id <= 1384240))

table 8 : explain SELECT SUM(k) FROM sbtest8 WHERE id BETWEEN 315520 AND 315529
	Aggregate  (cost=43.55..43.56 rows=1 width=8)
	  ->  Index Scan using sbtest8_pkey on sbtest8  (cost=0.43..43.52 rows=10 width=4)
	        Index Cond: ((id >= 315520) AND (id <= 315529))

for: order_ranges
table 1 : explain SELECT c FROM sbtest1 WHERE id BETWEEN 2678167 AND 2678176 ORDER BY c
	Sort  (cost=47.77..47.80 rows=11 width=121)
	  Sort Key: c
	  ->  Index Scan using sbtest1_pkey on sbtest1  (cost=0.43..47.58 rows=11 width=121)
	        Index Cond: ((id >= 2678167) AND (id <= 2678176))

table 2 : explain SELECT c FROM sbtest2 WHERE id BETWEEN 1008581 AND 1008590 ORDER BY c
	Sort  (cost=44.12..44.15 rows=10 width=121)
	  Sort Key: c
	  ->  Index Scan using sbtest2_pkey on sbtest2  (cost=0.43..43.96 rows=10 width=121)
	        Index Cond: ((id >= 1008581) AND (id <= 1008590))

table 3 : explain SELECT c FROM sbtest3 WHERE id BETWEEN 1144578 AND 1144587 ORDER BY c
	Sort  (cost=43.92..43.95 rows=10 width=121)
	  Sort Key: c
	  ->  Index Scan using sbtest3_pkey on sbtest3  (cost=0.43..43.76 rows=10 width=121)
	        Index Cond: ((id >= 1144578) AND (id <= 1144587))

table 4 : explain SELECT c FROM sbtest4 WHERE id BETWEEN 8574132 AND 8574141 ORDER BY c
	Sort  (cost=43.91..43.94 rows=10 width=121)
	  Sort Key: c
	  ->  Index Scan using sbtest4_pkey on sbtest4  (cost=0.43..43.74 rows=10 width=121)
	        Index Cond: ((id >= 8574132) AND (id <= 8574141))

table 5 : explain SELECT c FROM sbtest5 WHERE id BETWEEN 1444227 AND 1444236 ORDER BY c
	Sort  (cost=43.91..43.94 rows=10 width=121)
	  Sort Key: c
	  ->  Index Scan using sbtest5_pkey on sbtest5  (cost=0.43..43.74 rows=10 width=121)
	        Index Cond: ((id >= 1444227) AND (id <= 1444236))

table 6 : explain SELECT c FROM sbtest6 WHERE id BETWEEN 958408 AND 958417 ORDER BY c
	Sort  (cost=43.90..43.93 rows=10 width=121)
	  Sort Key: c
	  ->  Index Scan using sbtest6_pkey on sbtest6  (cost=0.43..43.74 rows=10 width=121)
	        Index Cond: ((id >= 958408) AND (id <= 958417))

table 7 : explain SELECT c FROM sbtest7 WHERE id BETWEEN 626112 AND 626121 ORDER BY c
	Sort  (cost=43.83..43.86 rows=10 width=121)
	  Sort Key: c
	  ->  Index Scan using sbtest7_pkey on sbtest7  (cost=0.43..43.67 rows=10 width=121)
	        Index Cond: ((id >= 626112) AND (id <= 626121))

table 8 : explain SELECT c FROM sbtest8 WHERE id BETWEEN 1146873 AND 1146882 ORDER BY c
	Sort  (cost=43.69..43.72 rows=10 width=121)
	  Sort Key: c
	  ->  Index Scan using sbtest8_pkey on sbtest8  (cost=0.43..43.52 rows=10 width=121)
	        Index Cond: ((id >= 1146873) AND (id <= 1146882))

for: order_ranges
table 1 : explain SELECT c FROM sbtest1 WHERE id BETWEEN 5628504 AND 5628513 ORDER BY c
	Sort  (cost=39.90..39.92 rows=9 width=121)
	  Sort Key: c
	  ->  Index Scan using sbtest1_pkey on sbtest1  (cost=0.43..39.75 rows=9 width=121)
	        Index Cond: ((id >= 5628504) AND (id <= 5628513))

table 2 : explain SELECT c FROM sbtest2 WHERE id BETWEEN 8663579 AND 8663588 ORDER BY c
	Sort  (cost=44.12..44.15 rows=10 width=121)
	  Sort Key: c
	  ->  Index Scan using sbtest2_pkey on sbtest2  (cost=0.43..43.96 rows=10 width=121)
	        Index Cond: ((id >= 8663579) AND (id <= 8663588))

table 3 : explain SELECT c FROM sbtest3 WHERE id BETWEEN 4146027 AND 4146036 ORDER BY c
	Sort  (cost=43.92..43.95 rows=10 width=121)
	  Sort Key: c
	  ->  Index Scan using sbtest3_pkey on sbtest3  (cost=0.43..43.76 rows=10 width=121)
	        Index Cond: ((id >= 4146027) AND (id <= 4146036))

table 4 : explain SELECT c FROM sbtest4 WHERE id BETWEEN 7643800 AND 7643809 ORDER BY c
	Sort  (cost=43.91..43.94 rows=10 width=121)
	  Sort Key: c
	  ->  Index Scan using sbtest4_pkey on sbtest4  (cost=0.43..43.74 rows=10 width=121)
	        Index Cond: ((id >= 7643800) AND (id <= 7643809))

table 5 : explain SELECT c FROM sbtest5 WHERE id BETWEEN 6054152 AND 6054161 ORDER BY c
	Sort  (cost=39.97..39.99 rows=9 width=121)
	  Sort Key: c
	  ->  Index Scan using sbtest5_pkey on sbtest5  (cost=0.43..39.82 rows=9 width=121)
	        Index Cond: ((id >= 6054152) AND (id <= 6054161))

table 6 : explain SELECT c FROM sbtest6 WHERE id BETWEEN 5449632 AND 5449641 ORDER BY c
	Sort  (cost=39.96..39.98 rows=9 width=121)
	  Sort Key: c
	  ->  Index Scan using sbtest6_pkey on sbtest6  (cost=0.43..39.82 rows=9 width=121)
	        Index Cond: ((id >= 5449632) AND (id <= 5449641))

table 7 : explain SELECT c FROM sbtest7 WHERE id BETWEEN 3273551 AND 3273560 ORDER BY c
	Sort  (cost=39.90..39.92 rows=9 width=121)
	  Sort Key: c
	  ->  Index Scan using sbtest7_pkey on sbtest7  (cost=0.43..39.76 rows=9 width=121)
	        Index Cond: ((id >= 3273551) AND (id <= 3273560))

table 8 : explain SELECT c FROM sbtest8 WHERE id BETWEEN 3566213 AND 3566222 ORDER BY c
	Sort  (cost=43.69..43.72 rows=10 width=121)
	  Sort Key: c
	  ->  Index Scan using sbtest8_pkey on sbtest8  (cost=0.43..43.52 rows=10 width=121)
	        Index Cond: ((id >= 3566213) AND (id <= 3566222))
for: order_ranges
table 1 : explain SELECT c FROM sbtest1 WHERE id BETWEEN 2086932 AND 2086941 ORDER BY c
	Sort  (cost=43.83..43.86 rows=10 width=121)
	  Sort Key: c
	  ->  Index Scan using sbtest1_pkey on sbtest1  (cost=0.43..43.67 rows=10 width=121)
	        Index Cond: ((id >= 2086932) AND (id <= 2086941))

table 2 : explain SELECT c FROM sbtest2 WHERE id BETWEEN 317213 AND 317222 ORDER BY c
	Sort  (cost=44.12..44.15 rows=10 width=121)
	  Sort Key: c
	  ->  Index Scan using sbtest2_pkey on sbtest2  (cost=0.43..43.96 rows=10 width=121)
	        Index Cond: ((id >= 317213) AND (id <= 317222))

table 3 : explain SELECT c FROM sbtest3 WHERE id BETWEEN 2354757 AND 2354766 ORDER BY c
	Sort  (cost=43.92..43.95 rows=10 width=121)
	  Sort Key: c
	  ->  Index Scan using sbtest3_pkey on sbtest3  (cost=0.43..43.76 rows=10 width=121)
	        Index Cond: ((id >= 2354757) AND (id <= 2354766))

table 4 : explain SELECT c FROM sbtest4 WHERE id BETWEEN 4975039 AND 4975048 ORDER BY c
	Sort  (cost=43.91..43.94 rows=10 width=121)
	  Sort Key: c
	  ->  Index Scan using sbtest4_pkey on sbtest4  (cost=0.43..43.74 rows=10 width=121)
	        Index Cond: ((id >= 4975039) AND (id <= 4975048))

table 5 : explain SELECT c FROM sbtest5 WHERE id BETWEEN 1329883 AND 1329892 ORDER BY c
	Sort  (cost=43.91..43.94 rows=10 width=121)
	  Sort Key: c
	  ->  Index Scan using sbtest5_pkey on sbtest5  (cost=0.43..43.74 rows=10 width=121)
	        Index Cond: ((id >= 1329883) AND (id <= 1329892))

table 6 : explain SELECT c FROM sbtest6 WHERE id BETWEEN 905299 AND 905308 ORDER BY c
	Sort  (cost=43.90..43.93 rows=10 width=121)
	  Sort Key: c
	  ->  Index Scan using sbtest6_pkey on sbtest6  (cost=0.43..43.74 rows=10 width=121)
	        Index Cond: ((id >= 905299) AND (id <= 905308))

table 7 : explain SELECT c FROM sbtest7 WHERE id BETWEEN 4915318 AND 4915327 ORDER BY c
	Sort  (cost=43.83..43.86 rows=10 width=121)
	  Sort Key: c
	  ->  Index Scan using sbtest7_pkey on sbtest7  (cost=0.43..43.67 rows=10 width=121)
	        Index Cond: ((id >= 4915318) AND (id <= 4915327))

table 8 : explain SELECT c FROM sbtest8 WHERE id BETWEEN 9146241 AND 9146250 ORDER BY c
	Sort  (cost=43.69..43.72 rows=10 width=121)
	  Sort Key: c
	  ->  Index Scan using sbtest8_pkey on sbtest8  (cost=0.43..43.52 rows=10 width=121)
	        Index Cond: ((id >= 9146241) AND (id <= 9146250))

for: order_ranges
table 1 : explain SELECT c FROM sbtest1 WHERE id BETWEEN 2111303 AND 2111312 ORDER BY c
	Sort  (cost=43.83..43.86 rows=10 width=121)
	  Sort Key: c
	  ->  Index Scan using sbtest1_pkey on sbtest1  (cost=0.43..43.67 rows=10 width=121)
	        Index Cond: ((id >= 2111303) AND (id <= 2111312))

table 2 : explain SELECT c FROM sbtest2 WHERE id BETWEEN 2791466 AND 2791475 ORDER BY c
	Sort  (cost=44.12..44.15 rows=10 width=121)
	  Sort Key: c
	  ->  Index Scan using sbtest2_pkey on sbtest2  (cost=0.43..43.96 rows=10 width=121)
	        Index Cond: ((id >= 2791466) AND (id <= 2791475))

table 3 : explain SELECT c FROM sbtest3 WHERE id BETWEEN 7581741 AND 7581750 ORDER BY c
	Sort  (cost=43.92..43.95 rows=10 width=121)
	  Sort Key: c
	  ->  Index Scan using sbtest3_pkey on sbtest3  (cost=0.43..43.76 rows=10 width=121)
	        Index Cond: ((id >= 7581741) AND (id <= 7581750))

table 4 : explain SELECT c FROM sbtest4 WHERE id BETWEEN 5679069 AND 5679078 ORDER BY c
	Sort  (cost=43.91..43.94 rows=10 width=121)
	  Sort Key: c
	  ->  Index Scan using sbtest4_pkey on sbtest4  (cost=0.43..43.74 rows=10 width=121)
	        Index Cond: ((id >= 5679069) AND (id <= 5679078))

table 5 : explain SELECT c FROM sbtest5 WHERE id BETWEEN 439582 AND 439591 ORDER BY c
	Sort  (cost=43.91..43.94 rows=10 width=121)
	  Sort Key: c
	  ->  Index Scan using sbtest5_pkey on sbtest5  (cost=0.43..43.74 rows=10 width=121)
	        Index Cond: ((id >= 439582) AND (id <= 439591))

table 6 : explain SELECT c FROM sbtest6 WHERE id BETWEEN 9606672 AND 9606681 ORDER BY c
	Sort  (cost=43.90..43.93 rows=10 width=121)
	  Sort Key: c
	  ->  Index Scan using sbtest6_pkey on sbtest6  (cost=0.43..43.74 rows=10 width=121)
	        Index Cond: ((id >= 9606672) AND (id <= 9606681))

table 7 : explain SELECT c FROM sbtest7 WHERE id BETWEEN 6755539 AND 6755548 ORDER BY c
	Sort  (cost=43.83..43.86 rows=10 width=121)
	  Sort Key: c
	  ->  Index Scan using sbtest7_pkey on sbtest7  (cost=0.43..43.67 rows=10 width=121)
	        Index Cond: ((id >= 6755539) AND (id <= 6755548))

table 8 : explain SELECT c FROM sbtest8 WHERE id BETWEEN 5764582 AND 5764591 ORDER BY c
	Sort  (cost=47.61..47.64 rows=11 width=121)
	  Sort Key: c
	  ->  Index Scan using sbtest8_pkey on sbtest8  (cost=0.43..47.42 rows=11 width=121)
	        Index Cond: ((id >= 5764582) AND (id <= 5764591))

for: order_ranges
table 1 : explain SELECT c FROM sbtest1 WHERE id BETWEEN 1757104 AND 1757113 ORDER BY c
	Sort  (cost=43.83..43.86 rows=10 width=121)
	  Sort Key: c
	  ->  Index Scan using sbtest1_pkey on sbtest1  (cost=0.43..43.67 rows=10 width=121)
	        Index Cond: ((id >= 1757104) AND (id <= 1757113))

table 2 : explain SELECT c FROM sbtest2 WHERE id BETWEEN 7405212 AND 7405221 ORDER BY c
	Sort  (cost=48.09..48.12 rows=11 width=121)
	  Sort Key: c
	  ->  Index Scan using sbtest2_pkey on sbtest2  (cost=0.43..47.90 rows=11 width=121)
	        Index Cond: ((id >= 7405212) AND (id <= 7405221))

table 3 : explain SELECT c FROM sbtest3 WHERE id BETWEEN 7547537 AND 7547546 ORDER BY c
	Sort  (cost=43.92..43.95 rows=10 width=121)
	  Sort Key: c
	  ->  Index Scan using sbtest3_pkey on sbtest3  (cost=0.43..43.76 rows=10 width=121)
	        Index Cond: ((id >= 7547537) AND (id <= 7547546))

table 4 : explain SELECT c FROM sbtest4 WHERE id BETWEEN 187699 AND 187708 ORDER BY c
	Sort  (cost=43.91..43.94 rows=10 width=121)
	  Sort Key: c
	  ->  Index Scan using sbtest4_pkey on sbtest4  (cost=0.43..43.74 rows=10 width=121)
	        Index Cond: ((id >= 187699) AND (id <= 187708))

table 5 : explain SELECT c FROM sbtest5 WHERE id BETWEEN 3775377 AND 3775386 ORDER BY c
	Sort  (cost=43.91..43.94 rows=10 width=121)
	  Sort Key: c
	  ->  Index Scan using sbtest5_pkey on sbtest5  (cost=0.43..43.74 rows=10 width=121)
	        Index Cond: ((id >= 3775377) AND (id <= 3775386))

table 6 : explain SELECT c FROM sbtest6 WHERE id BETWEEN 5754914 AND 5754923 ORDER BY c
	Sort  (cost=43.90..43.93 rows=10 width=121)
	  Sort Key: c
	  ->  Index Scan using sbtest6_pkey on sbtest6  (cost=0.43..43.74 rows=10 width=121)
	        Index Cond: ((id >= 5754914) AND (id <= 5754923))

table 7 : explain SELECT c FROM sbtest7 WHERE id BETWEEN 7925610 AND 7925619 ORDER BY c
	Sort  (cost=39.90..39.92 rows=9 width=121)
	  Sort Key: c
	  ->  Index Scan using sbtest7_pkey on sbtest7  (cost=0.43..39.76 rows=9 width=121)
	        Index Cond: ((id >= 7925610) AND (id <= 7925619))

table 8 : explain SELECT c FROM sbtest8 WHERE id BETWEEN 4879829 AND 4879838 ORDER BY c
	Sort  (cost=43.69..43.72 rows=10 width=121)
	  Sort Key: c
	  ->  Index Scan using sbtest8_pkey on sbtest8  (cost=0.43..43.52 rows=10 width=121)
	        Index Cond: ((id >= 4879829) AND (id <= 4879838))


for: order_ranges
table 1 : explain SELECT c FROM sbtest1 WHERE id BETWEEN 7360293 AND 7360302 ORDER BY c
	Sort  (cost=43.83..43.86 rows=10 width=121)
	  Sort Key: c
	  ->  Index Scan using sbtest1_pkey on sbtest1  (cost=0.43..43.67 rows=10 width=121)
	        Index Cond: ((id >= 7360293) AND (id <= 7360302))

table 2 : explain SELECT c FROM sbtest2 WHERE id BETWEEN 6372792 AND 6372801 ORDER BY c
	Sort  (cost=48.09..48.12 rows=11 width=121)
	  Sort Key: c
	  ->  Index Scan using sbtest2_pkey on sbtest2  (cost=0.43..47.90 rows=11 width=121)
	        Index Cond: ((id >= 6372792) AND (id <= 6372801))

table 3 : explain SELECT c FROM sbtest3 WHERE id BETWEEN 5600872 AND 5600881 ORDER BY c
	Sort  (cost=47.87..47.90 rows=11 width=121)
	  Sort Key: c
	  ->  Index Scan using sbtest3_pkey on sbtest3  (cost=0.43..47.68 rows=11 width=121)
	        Index Cond: ((id >= 5600872) AND (id <= 5600881))

table 4 : explain SELECT c FROM sbtest4 WHERE id BETWEEN 1204568 AND 1204577 ORDER BY c
	Sort  (cost=43.91..43.94 rows=10 width=121)
	  Sort Key: c
	  ->  Index Scan using sbtest4_pkey on sbtest4  (cost=0.43..43.74 rows=10 width=121)
	        Index Cond: ((id >= 1204568) AND (id <= 1204577))

table 5 : explain SELECT c FROM sbtest5 WHERE id BETWEEN 2471782 AND 2471791 ORDER BY c
	Sort  (cost=43.91..43.94 rows=10 width=121)
	  Sort Key: c
	  ->  Index Scan using sbtest5_pkey on sbtest5  (cost=0.43..43.74 rows=10 width=121)
	        Index Cond: ((id >= 2471782) AND (id <= 2471791))

table 6 : explain SELECT c FROM sbtest6 WHERE id BETWEEN 4700928 AND 4700937 ORDER BY c
	Sort  (cost=47.85..47.87 rows=11 width=121)
	  Sort Key: c
	  ->  Index Scan using sbtest6_pkey on sbtest6  (cost=0.43..47.66 rows=11 width=121)
	        Index Cond: ((id >= 4700928) AND (id <= 4700937))

table 7 : explain SELECT c FROM sbtest7 WHERE id BETWEEN 7946575 AND 7946584 ORDER BY c
	Sort  (cost=39.90..39.92 rows=9 width=121)
	  Sort Key: c
	  ->  Index Scan using sbtest7_pkey on sbtest7  (cost=0.43..39.76 rows=9 width=121)
	        Index Cond: ((id >= 7946575) AND (id <= 7946584))

table 8 : explain SELECT c FROM sbtest8 WHERE id BETWEEN 8180565 AND 8180574 ORDER BY c
	Sort  (cost=43.69..43.72 rows=10 width=121)
	  Sort Key: c
	  ->  Index Scan using sbtest8_pkey on sbtest8  (cost=0.43..43.52 rows=10 width=121)
	        Index Cond: ((id >= 8180565) AND (id <= 8180574))

for: order_ranges
table 1 : explain SELECT c FROM sbtest1 WHERE id BETWEEN 8599490 AND 8599499 ORDER BY c
	Sort  (cost=43.83..43.86 rows=10 width=121)
	  Sort Key: c
	  ->  Index Scan using sbtest1_pkey on sbtest1  (cost=0.43..43.67 rows=10 width=121)
	        Index Cond: ((id >= 8599490) AND (id <= 8599499))

table 2 : explain SELECT c FROM sbtest2 WHERE id BETWEEN 262838 AND 262847 ORDER BY c
	Sort  (cost=40.15..40.18 rows=9 width=121)
	  Sort Key: c
	  ->  Index Scan using sbtest2_pkey on sbtest2  (cost=0.43..40.01 rows=9 width=121)
	        Index Cond: ((id >= 262838) AND (id <= 262847))

table 3 : explain SELECT c FROM sbtest3 WHERE id BETWEEN 2990793 AND 2990802 ORDER BY c
	Sort  (cost=39.98..40.00 rows=9 width=121)
	  Sort Key: c
	  ->  Index Scan using sbtest3_pkey on sbtest3  (cost=0.43..39.84 rows=9 width=121)
	        Index Cond: ((id >= 2990793) AND (id <= 2990802))

table 4 : explain SELECT c FROM sbtest4 WHERE id BETWEEN 1192976 AND 1192985 ORDER BY c
	Sort  (cost=43.91..43.94 rows=10 width=121)
	  Sort Key: c
	  ->  Index Scan using sbtest4_pkey on sbtest4  (cost=0.43..43.74 rows=10 width=121)
	        Index Cond: ((id >= 1192976) AND (id <= 1192985))

table 5 : explain SELECT c FROM sbtest5 WHERE id BETWEEN 4014109 AND 4014118 ORDER BY c
	Sort  (cost=43.91..43.94 rows=10 width=121)
	  Sort Key: c
	  ->  Index Scan using sbtest5_pkey on sbtest5  (cost=0.43..43.74 rows=10 width=121)
	        Index Cond: ((id >= 4014109) AND (id <= 4014118))

table 6 : explain SELECT c FROM sbtest6 WHERE id BETWEEN 53837 AND 53846 ORDER BY c
	Sort  (cost=43.90..43.93 rows=10 width=121)
	  Sort Key: c
	  ->  Index Scan using sbtest6_pkey on sbtest6  (cost=0.43..43.74 rows=10 width=121)
	        Index Cond: ((id >= 53837) AND (id <= 53846))

table 7 : explain SELECT c FROM sbtest7 WHERE id BETWEEN 748653 AND 748662 ORDER BY c
	Sort  (cost=47.77..47.80 rows=11 width=121)
	  Sort Key: c
	  ->  Index Scan using sbtest7_pkey on sbtest7  (cost=0.43..47.58 rows=11 width=121)
	        Index Cond: ((id >= 748653) AND (id <= 748662))

table 8 : explain SELECT c FROM sbtest8 WHERE id BETWEEN 2538430 AND 2538439 ORDER BY c
	Sort  (cost=43.69..43.72 rows=10 width=121)
	  Sort Key: c
	  ->  Index Scan using sbtest8_pkey on sbtest8  (cost=0.43..43.52 rows=10 width=121)
	        Index Cond: ((id >= 2538430) AND (id <= 2538439))
for: order_ranges
table 1 : explain SELECT c FROM sbtest1 WHERE id BETWEEN 774960 AND 774969 ORDER BY c
	Sort  (cost=43.83..43.86 rows=10 width=121)
	  Sort Key: c
	  ->  Index Scan using sbtest1_pkey on sbtest1  (cost=0.43..43.67 rows=10 width=121)
	        Index Cond: ((id >= 774960) AND (id <= 774969))

table 2 : explain SELECT c FROM sbtest2 WHERE id BETWEEN 5062137 AND 5062146 ORDER BY c
	Sort  (cost=44.12..44.15 rows=10 width=121)
	  Sort Key: c
	  ->  Index Scan using sbtest2_pkey on sbtest2  (cost=0.43..43.96 rows=10 width=121)
	        Index Cond: ((id >= 5062137) AND (id <= 5062146))

table 3 : explain SELECT c FROM sbtest3 WHERE id BETWEEN 8498895 AND 8498904 ORDER BY c
	Sort  (cost=43.92..43.95 rows=10 width=121)
	  Sort Key: c
	  ->  Index Scan using sbtest3_pkey on sbtest3  (cost=0.43..43.76 rows=10 width=121)
	        Index Cond: ((id >= 8498895) AND (id <= 8498904))

table 4 : explain SELECT c FROM sbtest4 WHERE id BETWEEN 5089916 AND 5089925 ORDER BY c
	Sort  (cost=43.91..43.94 rows=10 width=121)
	  Sort Key: c
	  ->  Index Scan using sbtest4_pkey on sbtest4  (cost=0.43..43.74 rows=10 width=121)
	        Index Cond: ((id >= 5089916) AND (id <= 5089925))

table 5 : explain SELECT c FROM sbtest5 WHERE id BETWEEN 7027581 AND 7027590 ORDER BY c
	Sort  (cost=43.91..43.94 rows=10 width=121)
	  Sort Key: c
	  ->  Index Scan using sbtest5_pkey on sbtest5  (cost=0.43..43.74 rows=10 width=121)
	        Index Cond: ((id >= 7027581) AND (id <= 7027590))

table 6 : explain SELECT c FROM sbtest6 WHERE id BETWEEN 6493449 AND 6493458 ORDER BY c
	Sort  (cost=39.96..39.98 rows=9 width=121)
	  Sort Key: c
	  ->  Index Scan using sbtest6_pkey on sbtest6  (cost=0.43..39.82 rows=9 width=121)
	        Index Cond: ((id >= 6493449) AND (id <= 6493458))

table 7 : explain SELECT c FROM sbtest7 WHERE id BETWEEN 8525398 AND 8525407 ORDER BY c
	Sort  (cost=39.90..39.92 rows=9 width=121)
	  Sort Key: c
	  ->  Index Scan using sbtest7_pkey on sbtest7  (cost=0.43..39.76 rows=9 width=121)
	        Index Cond: ((id >= 8525398) AND (id <= 8525407))

table 8 : explain SELECT c FROM sbtest8 WHERE id BETWEEN 5913312 AND 5913321 ORDER BY c
	Sort  (cost=43.69..43.72 rows=10 width=121)
	  Sort Key: c
	  ->  Index Scan using sbtest8_pkey on sbtest8  (cost=0.43..43.52 rows=10 width=121)
	        Index Cond: ((id >= 5913312) AND (id <= 5913321))

for: order_ranges
table 1 : explain SELECT c FROM sbtest1 WHERE id BETWEEN 8827202 AND 8827211 ORDER BY c
	Sort  (cost=39.90..39.92 rows=9 width=121)
	  Sort Key: c
	  ->  Index Scan using sbtest1_pkey on sbtest1  (cost=0.43..39.75 rows=9 width=121)
	        Index Cond: ((id >= 8827202) AND (id <= 8827211))

table 2 : explain SELECT c FROM sbtest2 WHERE id BETWEEN 4411623 AND 4411632 ORDER BY c
	Sort  (cost=44.12..44.15 rows=10 width=121)
	  Sort Key: c
	  ->  Index Scan using sbtest2_pkey on sbtest2  (cost=0.43..43.96 rows=10 width=121)
	        Index Cond: ((id >= 4411623) AND (id <= 4411632))

table 3 : explain SELECT c FROM sbtest3 WHERE id BETWEEN 9605279 AND 9605288 ORDER BY c
	Sort  (cost=43.92..43.95 rows=10 width=121)
	  Sort Key: c
	  ->  Index Scan using sbtest3_pkey on sbtest3  (cost=0.43..43.76 rows=10 width=121)
	        Index Cond: ((id >= 9605279) AND (id <= 9605288))

table 4 : explain SELECT c FROM sbtest4 WHERE id BETWEEN 4614158 AND 4614167 ORDER BY c
	Sort  (cost=43.91..43.94 rows=10 width=121)
	  Sort Key: c
	  ->  Index Scan using sbtest4_pkey on sbtest4  (cost=0.43..43.74 rows=10 width=121)
	        Index Cond: ((id >= 4614158) AND (id <= 4614167))

table 5 : explain SELECT c FROM sbtest5 WHERE id BETWEEN 6904679 AND 6904688 ORDER BY c
	Sort  (cost=43.91..43.94 rows=10 width=121)
	  Sort Key: c
	  ->  Index Scan using sbtest5_pkey on sbtest5  (cost=0.43..43.74 rows=10 width=121)
	        Index Cond: ((id >= 6904679) AND (id <= 6904688))

table 6 : explain SELECT c FROM sbtest6 WHERE id BETWEEN 7019333 AND 7019342 ORDER BY c
	Sort  (cost=43.90..43.93 rows=10 width=121)
	  Sort Key: c
	  ->  Index Scan using sbtest6_pkey on sbtest6  (cost=0.43..43.74 rows=10 width=121)
	        Index Cond: ((id >= 7019333) AND (id <= 7019342))

table 7 : explain SELECT c FROM sbtest7 WHERE id BETWEEN 2239951 AND 2239960 ORDER BY c
	Sort  (cost=47.77..47.80 rows=11 width=121)
	  Sort Key: c
	  ->  Index Scan using sbtest7_pkey on sbtest7  (cost=0.43..47.58 rows=11 width=121)
	        Index Cond: ((id >= 2239951) AND (id <= 2239960))

table 8 : explain SELECT c FROM sbtest8 WHERE id BETWEEN 246294 AND 246303 ORDER BY c
	Sort  (cost=39.77..39.79 rows=9 width=121)
	  Sort Key: c
	  ->  Index Scan using sbtest8_pkey on sbtest8  (cost=0.43..39.63 rows=9 width=121)
	        Index Cond: ((id >= 246294) AND (id <= 246303))

for: order_ranges
table 1 : explain SELECT c FROM sbtest1 WHERE id BETWEEN 4723515 AND 4723524 ORDER BY c
	Sort  (cost=43.83..43.86 rows=10 width=121)
	  Sort Key: c
	  ->  Index Scan using sbtest1_pkey on sbtest1  (cost=0.43..43.67 rows=10 width=121)
	        Index Cond: ((id >= 4723515) AND (id <= 4723524))

table 2 : explain SELECT c FROM sbtest2 WHERE id BETWEEN 9598976 AND 9598985 ORDER BY c
	Sort  (cost=40.15..40.18 rows=9 width=121)
	  Sort Key: c
	  ->  Index Scan using sbtest2_pkey on sbtest2  (cost=0.43..40.01 rows=9 width=121)
	        Index Cond: ((id >= 9598976) AND (id <= 9598985))

table 3 : explain SELECT c FROM sbtest3 WHERE id BETWEEN 7454761 AND 7454770 ORDER BY c
	Sort  (cost=43.92..43.95 rows=10 width=121)
	  Sort Key: c
	  ->  Index Scan using sbtest3_pkey on sbtest3  (cost=0.43..43.76 rows=10 width=121)
	        Index Cond: ((id >= 7454761) AND (id <= 7454770))

table 4 : explain SELECT c FROM sbtest4 WHERE id BETWEEN 6509757 AND 6509766 ORDER BY c
	Sort  (cost=39.97..39.99 rows=9 width=121)
	  Sort Key: c
	  ->  Index Scan using sbtest4_pkey on sbtest4  (cost=0.43..39.82 rows=9 width=121)
	        Index Cond: ((id >= 6509757) AND (id <= 6509766))

table 5 : explain SELECT c FROM sbtest5 WHERE id BETWEEN 9256496 AND 9256505 ORDER BY c
	Sort  (cost=39.97..39.99 rows=9 width=121)
	  Sort Key: c
	  ->  Index Scan using sbtest5_pkey on sbtest5  (cost=0.43..39.82 rows=9 width=121)
	        Index Cond: ((id >= 9256496) AND (id <= 9256505))

table 6 : explain SELECT c FROM sbtest6 WHERE id BETWEEN 6188479 AND 6188488 ORDER BY c
	Sort  (cost=43.90..43.93 rows=10 width=121)
	  Sort Key: c
	  ->  Index Scan using sbtest6_pkey on sbtest6  (cost=0.43..43.74 rows=10 width=121)
	        Index Cond: ((id >= 6188479) AND (id <= 6188488))

table 7 : explain SELECT c FROM sbtest7 WHERE id BETWEEN 4725203 AND 4725212 ORDER BY c
	Sort  (cost=39.90..39.92 rows=9 width=121)
	  Sort Key: c
	  ->  Index Scan using sbtest7_pkey on sbtest7  (cost=0.43..39.76 rows=9 width=121)
	        Index Cond: ((id >= 4725203) AND (id <= 4725212))

table 8 : explain SELECT c FROM sbtest8 WHERE id BETWEEN 1307792 AND 1307801 ORDER BY c
	Sort  (cost=43.69..43.72 rows=10 width=121)
	  Sort Key: c
	  ->  Index Scan using sbtest8_pkey on sbtest8  (cost=0.43..43.52 rows=10 width=121)
	        Index Cond: ((id >= 1307792) AND (id <= 1307801))

for: order_ranges
table 1 : explain SELECT c FROM sbtest1 WHERE id BETWEEN 5945558 AND 5945567 ORDER BY c
	Sort  (cost=43.83..43.86 rows=10 width=121)
	  Sort Key: c
	  ->  Index Scan using sbtest1_pkey on sbtest1  (cost=0.43..43.67 rows=10 width=121)
	        Index Cond: ((id >= 5945558) AND (id <= 5945567))

table 2 : explain SELECT c FROM sbtest2 WHERE id BETWEEN 8391679 AND 8391688 ORDER BY c
	Sort  (cost=44.12..44.15 rows=10 width=121)
	  Sort Key: c
	  ->  Index Scan using sbtest2_pkey on sbtest2  (cost=0.43..43.96 rows=10 width=121)
	        Index Cond: ((id >= 8391679) AND (id <= 8391688))

table 3 : explain SELECT c FROM sbtest3 WHERE id BETWEEN 6864452 AND 6864461 ORDER BY c
	Sort  (cost=43.92..43.95 rows=10 width=121)
	  Sort Key: c
	  ->  Index Scan using sbtest3_pkey on sbtest3  (cost=0.43..43.76 rows=10 width=121)
	        Index Cond: ((id >= 6864452) AND (id <= 6864461))

table 4 : explain SELECT c FROM sbtest4 WHERE id BETWEEN 2994074 AND 2994083 ORDER BY c
	Sort  (cost=51.80..51.83 rows=12 width=121)
	  Sort Key: c
	  ->  Index Scan using sbtest4_pkey on sbtest4  (cost=0.43..51.59 rows=12 width=121)
	        Index Cond: ((id >= 2994074) AND (id <= 2994083))

table 5 : explain SELECT c FROM sbtest5 WHERE id BETWEEN 6960106 AND 6960115 ORDER BY c
	Sort  (cost=43.91..43.94 rows=10 width=121)
	  Sort Key: c
	  ->  Index Scan using sbtest5_pkey on sbtest5  (cost=0.43..43.74 rows=10 width=121)
	        Index Cond: ((id >= 6960106) AND (id <= 6960115))

table 6 : explain SELECT c FROM sbtest6 WHERE id BETWEEN 3226822 AND 3226831 ORDER BY c
	Sort  (cost=39.96..39.98 rows=9 width=121)
	  Sort Key: c
	  ->  Index Scan using sbtest6_pkey on sbtest6  (cost=0.43..39.82 rows=9 width=121)
	        Index Cond: ((id >= 3226822) AND (id <= 3226831))

table 7 : explain SELECT c FROM sbtest7 WHERE id BETWEEN 6900428 AND 6900437 ORDER BY c
	Sort  (cost=43.83..43.86 rows=10 width=121)
	  Sort Key: c
	  ->  Index Scan using sbtest7_pkey on sbtest7  (cost=0.43..43.67 rows=10 width=121)
	        Index Cond: ((id >= 6900428) AND (id <= 6900437))

table 8 : explain SELECT c FROM sbtest8 WHERE id BETWEEN 3531823 AND 3531832 ORDER BY c
	Sort  (cost=39.77..39.79 rows=9 width=121)
	  Sort Key: c
	  ->  Index Scan using sbtest8_pkey on sbtest8  (cost=0.43..39.63 rows=9 width=121)
	        Index Cond: ((id >= 3531823) AND (id <= 3531832))


for: order_ranges
table 1 : explain SELECT c FROM sbtest1 WHERE id BETWEEN 7044524 AND 7044533 ORDER BY c
	Sort  (cost=43.83..43.86 rows=10 width=121)
	  Sort Key: c
	  ->  Index Scan using sbtest1_pkey on sbtest1  (cost=0.43..43.67 rows=10 width=121)
	        Index Cond: ((id >= 7044524) AND (id <= 7044533))

table 2 : explain SELECT c FROM sbtest2 WHERE id BETWEEN 3903482 AND 3903491 ORDER BY c
	Sort  (cost=44.12..44.15 rows=10 width=121)
	  Sort Key: c
	  ->  Index Scan using sbtest2_pkey on sbtest2  (cost=0.43..43.96 rows=10 width=121)
	        Index Cond: ((id >= 3903482) AND (id <= 3903491))

table 3 : explain SELECT c FROM sbtest3 WHERE id BETWEEN 826929 AND 826938 ORDER BY c
	Sort  (cost=47.87..47.90 rows=11 width=121)
	  Sort Key: c
	  ->  Index Scan using sbtest3_pkey on sbtest3  (cost=0.43..47.68 rows=11 width=121)
	        Index Cond: ((id >= 826929) AND (id <= 826938))

table 4 : explain SELECT c FROM sbtest4 WHERE id BETWEEN 1513222 AND 1513231 ORDER BY c
	Sort  (cost=47.86..47.88 rows=11 width=121)
	  Sort Key: c
	  ->  Index Scan using sbtest4_pkey on sbtest4  (cost=0.43..47.67 rows=11 width=121)
	        Index Cond: ((id >= 1513222) AND (id <= 1513231))

table 5 : explain SELECT c FROM sbtest5 WHERE id BETWEEN 1556891 AND 1556900 ORDER BY c
	Sort  (cost=43.91..43.94 rows=10 width=121)
	  Sort Key: c
	  ->  Index Scan using sbtest5_pkey on sbtest5  (cost=0.43..43.74 rows=10 width=121)
	        Index Cond: ((id >= 1556891) AND (id <= 1556900))

table 6 : explain SELECT c FROM sbtest6 WHERE id BETWEEN 2336753 AND 2336762 ORDER BY c
	Sort  (cost=43.90..43.93 rows=10 width=121)
	  Sort Key: c
	  ->  Index Scan using sbtest6_pkey on sbtest6  (cost=0.43..43.74 rows=10 width=121)
	        Index Cond: ((id >= 2336753) AND (id <= 2336762))

table 7 : explain SELECT c FROM sbtest7 WHERE id BETWEEN 2016406 AND 2016415 ORDER BY c
	Sort  (cost=43.83..43.86 rows=10 width=121)
	  Sort Key: c
	  ->  Index Scan using sbtest7_pkey on sbtest7  (cost=0.43..43.67 rows=10 width=121)
	        Index Cond: ((id >= 2016406) AND (id <= 2016415))

table 8 : explain SELECT c FROM sbtest8 WHERE id BETWEEN 179560 AND 179569 ORDER BY c
	Sort  (cost=43.69..43.72 rows=10 width=121)
	  Sort Key: c
	  ->  Index Scan using sbtest8_pkey on sbtest8  (cost=0.43..43.52 rows=10 width=121)
	        Index Cond: ((id >= 179560) AND (id <= 179569))

for: distinct_ranges
table 1 : explain SELECT DISTINCT c FROM sbtest1 WHERE id BETWEEN 5544730 AND 5544739 ORDER BY c
	Unique  (cost=43.83..43.88 rows=10 width=121)
	  ->  Sort  (cost=43.83..43.86 rows=10 width=121)
	        Sort Key: c
	        ->  Index Scan using sbtest1_pkey on sbtest1  (cost=0.43..43.67 rows=10 width=121)
	              Index Cond: ((id >= 5544730) AND (id <= 5544739))

table 2 : explain SELECT DISTINCT c FROM sbtest2 WHERE id BETWEEN 4259318 AND 4259327 ORDER BY c
	Unique  (cost=44.12..44.17 rows=10 width=121)
	  ->  Sort  (cost=44.12..44.15 rows=10 width=121)
	        Sort Key: c
	        ->  Index Scan using sbtest2_pkey on sbtest2  (cost=0.43..43.96 rows=10 width=121)
	              Index Cond: ((id >= 4259318) AND (id <= 4259327))

table 3 : explain SELECT DISTINCT c FROM sbtest3 WHERE id BETWEEN 6377514 AND 6377523 ORDER BY c
	Unique  (cost=43.92..43.97 rows=10 width=121)
	  ->  Sort  (cost=43.92..43.95 rows=10 width=121)
	        Sort Key: c
	        ->  Index Scan using sbtest3_pkey on sbtest3  (cost=0.43..43.76 rows=10 width=121)
	              Index Cond: ((id >= 6377514) AND (id <= 6377523))

table 4 : explain SELECT DISTINCT c FROM sbtest4 WHERE id BETWEEN 1717399 AND 1717408 ORDER BY c
	Unique  (cost=43.91..43.96 rows=10 width=121)
	  ->  Sort  (cost=43.91..43.94 rows=10 width=121)
	        Sort Key: c
	        ->  Index Scan using sbtest4_pkey on sbtest4  (cost=0.43..43.74 rows=10 width=121)
	              Index Cond: ((id >= 1717399) AND (id <= 1717408))

table 5 : explain SELECT DISTINCT c FROM sbtest5 WHERE id BETWEEN 6476060 AND 6476069 ORDER BY c
	Unique  (cost=43.91..43.96 rows=10 width=121)
	  ->  Sort  (cost=43.91..43.94 rows=10 width=121)
	        Sort Key: c
	        ->  Index Scan using sbtest5_pkey on sbtest5  (cost=0.43..43.74 rows=10 width=121)
	              Index Cond: ((id >= 6476060) AND (id <= 6476069))

table 6 : explain SELECT DISTINCT c FROM sbtest6 WHERE id BETWEEN 862988 AND 862997 ORDER BY c
	Unique  (cost=47.85..47.90 rows=11 width=121)
	  ->  Sort  (cost=47.85..47.87 rows=11 width=121)
	        Sort Key: c
	        ->  Index Scan using sbtest6_pkey on sbtest6  (cost=0.43..47.66 rows=11 width=121)
	              Index Cond: ((id >= 862988) AND (id <= 862997))

table 7 : explain SELECT DISTINCT c FROM sbtest7 WHERE id BETWEEN 2120516 AND 2120525 ORDER BY c
	Unique  (cost=43.83..43.88 rows=10 width=121)
	  ->  Sort  (cost=43.83..43.86 rows=10 width=121)
	        Sort Key: c
	        ->  Index Scan using sbtest7_pkey on sbtest7  (cost=0.43..43.67 rows=10 width=121)
	              Index Cond: ((id >= 2120516) AND (id <= 2120525))

table 8 : explain SELECT DISTINCT c FROM sbtest8 WHERE id BETWEEN 8772387 AND 8772396 ORDER BY c
	Unique  (cost=43.69..43.74 rows=10 width=121)
	  ->  Sort  (cost=43.69..43.72 rows=10 width=121)
	        Sort Key: c
	        ->  Index Scan using sbtest8_pkey on sbtest8  (cost=0.43..43.52 rows=10 width=121)
	              Index Cond: ((id >= 8772387) AND (id <= 8772396))

for: sum_ranges
table 1 : explain SELECT SUM(k) FROM sbtest1 WHERE id BETWEEN 8411565 AND 8411574
	Aggregate  (cost=43.69..43.70 rows=1 width=8)
	  ->  Index Scan using sbtest1_pkey on sbtest1  (cost=0.43..43.67 rows=10 width=4)
	        Index Cond: ((id >= 8411565) AND (id <= 8411574))

table 2 : explain SELECT SUM(k) FROM sbtest2 WHERE id BETWEEN 8886528 AND 8886537
	Aggregate  (cost=40.03..40.04 rows=1 width=8)
	  ->  Index Scan using sbtest2_pkey on sbtest2  (cost=0.43..40.01 rows=9 width=4)
	        Index Cond: ((id >= 8886528) AND (id <= 8886537))

table 3 : explain SELECT SUM(k) FROM sbtest3 WHERE id BETWEEN 8330750 AND 8330759
	Aggregate  (cost=43.78..43.79 rows=1 width=8)
	  ->  Index Scan using sbtest3_pkey on sbtest3  (cost=0.43..43.76 rows=10 width=4)
	        Index Cond: ((id >= 8330750) AND (id <= 8330759))

table 4 : explain SELECT SUM(k) FROM sbtest4 WHERE id BETWEEN 4820104 AND 4820113
	Aggregate  (cost=43.77..43.78 rows=1 width=8)
	  ->  Index Scan using sbtest4_pkey on sbtest4  (cost=0.43..43.74 rows=10 width=4)
	        Index Cond: ((id >= 4820104) AND (id <= 4820113))

table 5 : explain SELECT SUM(k) FROM sbtest5 WHERE id BETWEEN 9330201 AND 9330210
	Aggregate  (cost=43.77..43.78 rows=1 width=8)
	  ->  Index Scan using sbtest5_pkey on sbtest5  (cost=0.43..43.74 rows=10 width=4)
	        Index Cond: ((id >= 9330201) AND (id <= 9330210))

table 6 : explain SELECT SUM(k) FROM sbtest6 WHERE id BETWEEN 976989 AND 976998
	Aggregate  (cost=43.76..43.77 rows=1 width=8)
	  ->  Index Scan using sbtest6_pkey on sbtest6  (cost=0.43..43.74 rows=10 width=4)
	        Index Cond: ((id >= 976989) AND (id <= 976998))

table 7 : explain SELECT SUM(k) FROM sbtest7 WHERE id BETWEEN 9289461 AND 9289470
	Aggregate  (cost=43.69..43.70 rows=1 width=8)
	  ->  Index Scan using sbtest7_pkey on sbtest7  (cost=0.43..43.67 rows=10 width=4)
	        Index Cond: ((id >= 9289461) AND (id <= 9289470))

table 8 : explain SELECT SUM(k) FROM sbtest8 WHERE id BETWEEN 9766196 AND 9766205
	Aggregate  (cost=39.65..39.66 rows=1 width=8)
	  ->  Index Scan using sbtest8_pkey on sbtest8  (cost=0.43..39.63 rows=9 width=4)
	        Index Cond: ((id >= 9766196) AND (id <= 9766205))

for: distinct_ranges
table 1 : explain SELECT DISTINCT c FROM sbtest1 WHERE id BETWEEN 5566479 AND 5566488 ORDER BY c
	Unique  (cost=43.83..43.88 rows=10 width=121)
	  ->  Sort  (cost=43.83..43.86 rows=10 width=121)
	        Sort Key: c
	        ->  Index Scan using sbtest1_pkey on sbtest1  (cost=0.43..43.67 rows=10 width=121)
	              Index Cond: ((id >= 5566479) AND (id <= 5566488))

table 2 : explain SELECT DISTINCT c FROM sbtest2 WHERE id BETWEEN 171085 AND 171094 ORDER BY c
	Unique  (cost=44.12..44.17 rows=10 width=121)
	  ->  Sort  (cost=44.12..44.15 rows=10 width=121)
	        Sort Key: c
	        ->  Index Scan using sbtest2_pkey on sbtest2  (cost=0.43..43.96 rows=10 width=121)
	              Index Cond: ((id >= 171085) AND (id <= 171094))

table 3 : explain SELECT DISTINCT c FROM sbtest3 WHERE id BETWEEN 9918765 AND 9918774 ORDER BY c
	Unique  (cost=39.98..40.02 rows=9 width=121)
	  ->  Sort  (cost=39.98..40.00 rows=9 width=121)
	        Sort Key: c
	        ->  Index Scan using sbtest3_pkey on sbtest3  (cost=0.43..39.84 rows=9 width=121)
	              Index Cond: ((id >= 9918765) AND (id <= 9918774))

table 4 : explain SELECT DISTINCT c FROM sbtest4 WHERE id BETWEEN 574080 AND 574089 ORDER BY c
	Unique  (cost=43.91..43.96 rows=10 width=121)
	  ->  Sort  (cost=43.91..43.94 rows=10 width=121)
	        Sort Key: c
	        ->  Index Scan using sbtest4_pkey on sbtest4  (cost=0.43..43.74 rows=10 width=121)
	              Index Cond: ((id >= 574080) AND (id <= 574089))

table 5 : explain SELECT DISTINCT c FROM sbtest5 WHERE id BETWEEN 4960463 AND 4960472 ORDER BY c
	Unique  (cost=43.91..43.96 rows=10 width=121)
	  ->  Sort  (cost=43.91..43.94 rows=10 width=121)
	        Sort Key: c
	        ->  Index Scan using sbtest5_pkey on sbtest5  (cost=0.43..43.74 rows=10 width=121)
	              Index Cond: ((id >= 4960463) AND (id <= 4960472))

table 6 : explain SELECT DISTINCT c FROM sbtest6 WHERE id BETWEEN 5355022 AND 5355031 ORDER BY c
	Unique  (cost=47.85..47.90 rows=11 width=121)
	  ->  Sort  (cost=47.85..47.87 rows=11 width=121)
	        Sort Key: c
	        ->  Index Scan using sbtest6_pkey on sbtest6  (cost=0.43..47.66 rows=11 width=121)
	              Index Cond: ((id >= 5355022) AND (id <= 5355031))

table 7 : explain SELECT DISTINCT c FROM sbtest7 WHERE id BETWEEN 9839411 AND 9839420 ORDER BY c
	Unique  (cost=39.90..39.94 rows=9 width=121)
	  ->  Sort  (cost=39.90..39.92 rows=9 width=121)
	        Sort Key: c
	        ->  Index Scan using sbtest7_pkey on sbtest7  (cost=0.43..39.76 rows=9 width=121)
	              Index Cond: ((id >= 9839411) AND (id <= 9839420))

table 8 : explain SELECT DISTINCT c FROM sbtest8 WHERE id BETWEEN 7882844 AND 7882853 ORDER BY c
	Unique  (cost=39.77..39.82 rows=9 width=121)
	  ->  Sort  (cost=39.77..39.79 rows=9 width=121)
	        Sort Key: c
	        ->  Index Scan using sbtest8_pkey on sbtest8  (cost=0.43..39.63 rows=9 width=121)
	              Index Cond: ((id >= 7882844) AND (id <= 7882853))

for: order_ranges
table 1 : explain SELECT c FROM sbtest1 WHERE id BETWEEN 6439232 AND 6439241 ORDER BY c
	Sort  (cost=43.83..43.86 rows=10 width=121)
	  Sort Key: c
	  ->  Index Scan using sbtest1_pkey on sbtest1  (cost=0.43..43.67 rows=10 width=121)
	        Index Cond: ((id >= 6439232) AND (id <= 6439241))

table 2 : explain SELECT c FROM sbtest2 WHERE id BETWEEN 9581364 AND 9581373 ORDER BY c
	Sort  (cost=44.12..44.15 rows=10 width=121)
	  Sort Key: c
	  ->  Index Scan using sbtest2_pkey on sbtest2  (cost=0.43..43.96 rows=10 width=121)
	        Index Cond: ((id >= 9581364) AND (id <= 9581373))

table 3 : explain SELECT c FROM sbtest3 WHERE id BETWEEN 4071485 AND 4071494 ORDER BY c
	Sort  (cost=39.98..40.00 rows=9 width=121)
	  Sort Key: c
	  ->  Index Scan using sbtest3_pkey on sbtest3  (cost=0.43..39.84 rows=9 width=121)
	        Index Cond: ((id >= 4071485) AND (id <= 4071494))

table 4 : explain SELECT c FROM sbtest4 WHERE id BETWEEN 7900019 AND 7900028 ORDER BY c
	Sort  (cost=43.91..43.94 rows=10 width=121)
	  Sort Key: c
	  ->  Index Scan using sbtest4_pkey on sbtest4  (cost=0.43..43.74 rows=10 width=121)
	        Index Cond: ((id >= 7900019) AND (id <= 7900028))

table 5 : explain SELECT c FROM sbtest5 WHERE id BETWEEN 2683761 AND 2683770 ORDER BY c
	Sort  (cost=43.91..43.94 rows=10 width=121)
	  Sort Key: c
	  ->  Index Scan using sbtest5_pkey on sbtest5  (cost=0.43..43.74 rows=10 width=121)
	        Index Cond: ((id >= 2683761) AND (id <= 2683770))

table 6 : explain SELECT c FROM sbtest6 WHERE id BETWEEN 898387 AND 898396 ORDER BY c
	Sort  (cost=47.85..47.87 rows=11 width=121)
	  Sort Key: c
	  ->  Index Scan using sbtest6_pkey on sbtest6  (cost=0.43..47.66 rows=11 width=121)
	        Index Cond: ((id >= 898387) AND (id <= 898396))

table 7 : explain SELECT c FROM sbtest7 WHERE id BETWEEN 7166757 AND 7166766 ORDER BY c
	Sort  (cost=47.77..47.80 rows=11 width=121)
	  Sort Key: c
	  ->  Index Scan using sbtest7_pkey on sbtest7  (cost=0.43..47.58 rows=11 width=121)
	        Index Cond: ((id >= 7166757) AND (id <= 7166766))

table 8 : explain SELECT c FROM sbtest8 WHERE id BETWEEN 9139229 AND 9139238 ORDER BY c
	Sort  (cost=43.69..43.72 rows=10 width=121)
	  Sort Key: c
	  ->  Index Scan using sbtest8_pkey on sbtest8  (cost=0.43..43.52 rows=10 width=121)
	        Index Cond: ((id >= 9139229) AND (id <= 9139238))

for: order_ranges
table 1 : explain SELECT c FROM sbtest1 WHERE id BETWEEN 9159624 AND 9159633 ORDER BY c
	Sort  (cost=43.83..43.86 rows=10 width=121)
	  Sort Key: c
	  ->  Index Scan using sbtest1_pkey on sbtest1  (cost=0.43..43.67 rows=10 width=121)
	        Index Cond: ((id >= 9159624) AND (id <= 9159633))

table 2 : explain SELECT c FROM sbtest2 WHERE id BETWEEN 1780537 AND 1780546 ORDER BY c
	Sort  (cost=40.15..40.18 rows=9 width=121)
	  Sort Key: c
	  ->  Index Scan using sbtest2_pkey on sbtest2  (cost=0.43..40.01 rows=9 width=121)
	        Index Cond: ((id >= 1780537) AND (id <= 1780546))

table 3 : explain SELECT c FROM sbtest3 WHERE id BETWEEN 142816 AND 142825 ORDER BY c
	Sort  (cost=43.92..43.95 rows=10 width=121)
	  Sort Key: c
	  ->  Index Scan using sbtest3_pkey on sbtest3  (cost=0.43..43.76 rows=10 width=121)
	        Index Cond: ((id >= 142816) AND (id <= 142825))

table 4 : explain SELECT c FROM sbtest4 WHERE id BETWEEN 4337352 AND 4337361 ORDER BY c
	Sort  (cost=43.91..43.94 rows=10 width=121)
	  Sort Key: c
	  ->  Index Scan using sbtest4_pkey on sbtest4  (cost=0.43..43.74 rows=10 width=121)
	        Index Cond: ((id >= 4337352) AND (id <= 4337361))

table 5 : explain SELECT c FROM sbtest5 WHERE id BETWEEN 3628363 AND 3628372 ORDER BY c
	Sort  (cost=43.91..43.94 rows=10 width=121)
	  Sort Key: c
	  ->  Index Scan using sbtest5_pkey on sbtest5  (cost=0.43..43.74 rows=10 width=121)
	        Index Cond: ((id >= 3628363) AND (id <= 3628372))

table 6 : explain SELECT c FROM sbtest6 WHERE id BETWEEN 9348842 AND 9348851 ORDER BY c
	Sort  (cost=43.90..43.93 rows=10 width=121)
	  Sort Key: c
	  ->  Index Scan using sbtest6_pkey on sbtest6  (cost=0.43..43.74 rows=10 width=121)
	        Index Cond: ((id >= 9348842) AND (id <= 9348851))

table 7 : explain SELECT c FROM sbtest7 WHERE id BETWEEN 5990840 AND 5990849 ORDER BY c
	Sort  (cost=43.83..43.86 rows=10 width=121)
	  Sort Key: c
	  ->  Index Scan using sbtest7_pkey on sbtest7  (cost=0.43..43.67 rows=10 width=121)
	        Index Cond: ((id >= 5990840) AND (id <= 5990849))

table 8 : explain SELECT c FROM sbtest8 WHERE id BETWEEN 1708982 AND 1708991 ORDER BY c
	Sort  (cost=43.69..43.72 rows=10 width=121)
	  Sort Key: c
	  ->  Index Scan using sbtest8_pkey on sbtest8  (cost=0.43..43.52 rows=10 width=121)
	        Index Cond: ((id >= 1708982) AND (id <= 1708991))

for: distinct_ranges
table 1 : explain SELECT DISTINCT c FROM sbtest1 WHERE id BETWEEN 6217140 AND 6217149 ORDER BY c
	Unique  (cost=43.83..43.88 rows=10 width=121)
	  ->  Sort  (cost=43.83..43.86 rows=10 width=121)
	        Sort Key: c
	        ->  Index Scan using sbtest1_pkey on sbtest1  (cost=0.43..43.67 rows=10 width=121)
	              Index Cond: ((id >= 6217140) AND (id <= 6217149))

table 2 : explain SELECT DISTINCT c FROM sbtest2 WHERE id BETWEEN 3042193 AND 3042202 ORDER BY c
	Unique  (cost=44.12..44.17 rows=10 width=121)
	  ->  Sort  (cost=44.12..44.15 rows=10 width=121)
	        Sort Key: c
	        ->  Index Scan using sbtest2_pkey on sbtest2  (cost=0.43..43.96 rows=10 width=121)
	              Index Cond: ((id >= 3042193) AND (id <= 3042202))

table 3 : explain SELECT DISTINCT c FROM sbtest3 WHERE id BETWEEN 9132392 AND 9132401 ORDER BY c
	Unique  (cost=43.92..43.97 rows=10 width=121)
	  ->  Sort  (cost=43.92..43.95 rows=10 width=121)
	        Sort Key: c
	        ->  Index Scan using sbtest3_pkey on sbtest3  (cost=0.43..43.76 rows=10 width=121)
	              Index Cond: ((id >= 9132392) AND (id <= 9132401))

table 4 : explain SELECT DISTINCT c FROM sbtest4 WHERE id BETWEEN 940625 AND 940634 ORDER BY c
	Unique  (cost=43.91..43.96 rows=10 width=121)
	  ->  Sort  (cost=43.91..43.94 rows=10 width=121)
	        Sort Key: c
	        ->  Index Scan using sbtest4_pkey on sbtest4  (cost=0.43..43.74 rows=10 width=121)
	              Index Cond: ((id >= 940625) AND (id <= 940634))

table 5 : explain SELECT DISTINCT c FROM sbtest5 WHERE id BETWEEN 3688168 AND 3688177 ORDER BY c
	Unique  (cost=43.91..43.96 rows=10 width=121)
	  ->  Sort  (cost=43.91..43.94 rows=10 width=121)
	        Sort Key: c
	        ->  Index Scan using sbtest5_pkey on sbtest5  (cost=0.43..43.74 rows=10 width=121)
	              Index Cond: ((id >= 3688168) AND (id <= 3688177))

table 6 : explain SELECT DISTINCT c FROM sbtest6 WHERE id BETWEEN 7934485 AND 7934494 ORDER BY c
	Unique  (cost=43.90..43.95 rows=10 width=121)
	  ->  Sort  (cost=43.90..43.93 rows=10 width=121)
	        Sort Key: c
	        ->  Index Scan using sbtest6_pkey on sbtest6  (cost=0.43..43.74 rows=10 width=121)
	              Index Cond: ((id >= 7934485) AND (id <= 7934494))

table 7 : explain SELECT DISTINCT c FROM sbtest7 WHERE id BETWEEN 3279561 AND 3279570 ORDER BY c
	Unique  (cost=39.90..39.94 rows=9 width=121)
	  ->  Sort  (cost=39.90..39.92 rows=9 width=121)
	        Sort Key: c
	        ->  Index Scan using sbtest7_pkey on sbtest7  (cost=0.43..39.76 rows=9 width=121)
	              Index Cond: ((id >= 3279561) AND (id <= 3279570))

table 8 : explain SELECT DISTINCT c FROM sbtest8 WHERE id BETWEEN 4042077 AND 4042086 ORDER BY c
	Unique  (cost=39.77..39.82 rows=9 width=121)
	  ->  Sort  (cost=39.77..39.79 rows=9 width=121)
	        Sort Key: c
	        ->  Index Scan using sbtest8_pkey on sbtest8  (cost=0.43..39.63 rows=9 width=121)
	              Index Cond: ((id >= 4042077) AND (id <= 4042086))
for: order_ranges
table 1 : explain SELECT c FROM sbtest1 WHERE id BETWEEN 8407052 AND 8407061 ORDER BY c
	Sort  (cost=43.83..43.86 rows=10 width=121)
	  Sort Key: c
	  ->  Index Scan using sbtest1_pkey on sbtest1  (cost=0.43..43.67 rows=10 width=121)
	        Index Cond: ((id >= 8407052) AND (id <= 8407061))

table 2 : explain SELECT c FROM sbtest2 WHERE id BETWEEN 7530331 AND 7530340 ORDER BY c
	Sort  (cost=44.12..44.15 rows=10 width=121)
	  Sort Key: c
	  ->  Index Scan using sbtest2_pkey on sbtest2  (cost=0.43..43.96 rows=10 width=121)
	        Index Cond: ((id >= 7530331) AND (id <= 7530340))

table 3 : explain SELECT c FROM sbtest3 WHERE id BETWEEN 8397068 AND 8397077 ORDER BY c
	Sort  (cost=43.92..43.95 rows=10 width=121)
	  Sort Key: c
	  ->  Index Scan using sbtest3_pkey on sbtest3  (cost=0.43..43.76 rows=10 width=121)
	        Index Cond: ((id >= 8397068) AND (id <= 8397077))

table 4 : explain SELECT c FROM sbtest4 WHERE id BETWEEN 2518621 AND 2518630 ORDER BY c
	Sort  (cost=43.91..43.94 rows=10 width=121)
	  Sort Key: c
	  ->  Index Scan using sbtest4_pkey on sbtest4  (cost=0.43..43.74 rows=10 width=121)
	        Index Cond: ((id >= 2518621) AND (id <= 2518630))

table 5 : explain SELECT c FROM sbtest5 WHERE id BETWEEN 8688021 AND 8688030 ORDER BY c
	Sort  (cost=43.91..43.94 rows=10 width=121)
	  Sort Key: c
	  ->  Index Scan using sbtest5_pkey on sbtest5  (cost=0.43..43.74 rows=10 width=121)
	        Index Cond: ((id >= 8688021) AND (id <= 8688030))

table 6 : explain SELECT c FROM sbtest6 WHERE id BETWEEN 7704968 AND 7704977 ORDER BY c
	Sort  (cost=43.90..43.93 rows=10 width=121)
	  Sort Key: c
	  ->  Index Scan using sbtest6_pkey on sbtest6  (cost=0.43..43.74 rows=10 width=121)
	        Index Cond: ((id >= 7704968) AND (id <= 7704977))

table 7 : explain SELECT c FROM sbtest7 WHERE id BETWEEN 9855468 AND 9855477 ORDER BY c
	Sort  (cost=39.90..39.92 rows=9 width=121)
	  Sort Key: c
	  ->  Index Scan using sbtest7_pkey on sbtest7  (cost=0.43..39.76 rows=9 width=121)
	        Index Cond: ((id >= 9855468) AND (id <= 9855477))

table 8 : explain SELECT c FROM sbtest8 WHERE id BETWEEN 7824575 AND 7824584 ORDER BY c
	Sort  (cost=39.77..39.79 rows=9 width=121)
	  Sort Key: c
	  ->  Index Scan using sbtest8_pkey on sbtest8  (cost=0.43..39.63 rows=9 width=121)
	        Index Cond: ((id >= 7824575) AND (id <= 7824584))


for: order_ranges
table 1 : explain SELECT c FROM sbtest1 WHERE id BETWEEN 9326871 AND 9326880 ORDER BY c
	Sort  (cost=43.83..43.86 rows=10 width=121)
	  Sort Key: c
	  ->  Index Scan using sbtest1_pkey on sbtest1  (cost=0.43..43.67 rows=10 width=121)
	        Index Cond: ((id >= 9326871) AND (id <= 9326880))

table 2 : explain SELECT c FROM sbtest2 WHERE id BETWEEN 8834628 AND 8834637 ORDER BY c
	Sort  (cost=48.09..48.12 rows=11 width=121)
	  Sort Key: c
	  ->  Index Scan using sbtest2_pkey on sbtest2  (cost=0.43..47.90 rows=11 width=121)
	        Index Cond: ((id >= 8834628) AND (id <= 8834637))

table 3 : explain SELECT c FROM sbtest3 WHERE id BETWEEN 1843659 AND 1843668 ORDER BY c
	Sort  (cost=47.87..47.90 rows=11 width=121)
	  Sort Key: c
	  ->  Index Scan using sbtest3_pkey on sbtest3  (cost=0.43..47.68 rows=11 width=121)
	        Index Cond: ((id >= 1843659) AND (id <= 1843668))

table 4 : explain SELECT c FROM sbtest4 WHERE id BETWEEN 5328131 AND 5328140 ORDER BY c
	Sort  (cost=43.91..43.94 rows=10 width=121)
	  Sort Key: c
	  ->  Index Scan using sbtest4_pkey on sbtest4  (cost=0.43..43.74 rows=10 width=121)
	        Index Cond: ((id >= 5328131) AND (id <= 5328140))

table 5 : explain SELECT c FROM sbtest5 WHERE id BETWEEN 9580769 AND 9580778 ORDER BY c
	Sort  (cost=43.91..43.94 rows=10 width=121)
	  Sort Key: c
	  ->  Index Scan using sbtest5_pkey on sbtest5  (cost=0.43..43.74 rows=10 width=121)
	        Index Cond: ((id >= 9580769) AND (id <= 9580778))

table 6 : explain SELECT c FROM sbtest6 WHERE id BETWEEN 7736524 AND 7736533 ORDER BY c
	Sort  (cost=43.90..43.93 rows=10 width=121)
	  Sort Key: c
	  ->  Index Scan using sbtest6_pkey on sbtest6  (cost=0.43..43.74 rows=10 width=121)
	        Index Cond: ((id >= 7736524) AND (id <= 7736533))

table 7 : explain SELECT c FROM sbtest7 WHERE id BETWEEN 209473 AND 209482 ORDER BY c
	Sort  (cost=43.83..43.86 rows=10 width=121)
	  Sort Key: c
	  ->  Index Scan using sbtest7_pkey on sbtest7  (cost=0.43..43.67 rows=10 width=121)
	        Index Cond: ((id >= 209473) AND (id <= 209482))

table 8 : explain SELECT c FROM sbtest8 WHERE id BETWEEN 5377233 AND 5377242 ORDER BY c
	Sort  (cost=43.69..43.72 rows=10 width=121)
	  Sort Key: c
	  ->  Index Scan using sbtest8_pkey on sbtest8  (cost=0.43..43.52 rows=10 width=121)
	        Index Cond: ((id >= 5377233) AND (id <= 5377242))

for: order_ranges
table 1 : explain SELECT c FROM sbtest1 WHERE id BETWEEN 7056848 AND 7056857 ORDER BY c
	Sort  (cost=43.83..43.86 rows=10 width=121)
	  Sort Key: c
	  ->  Index Scan using sbtest1_pkey on sbtest1  (cost=0.43..43.67 rows=10 width=121)
	        Index Cond: ((id >= 7056848) AND (id <= 7056857))

table 2 : explain SELECT c FROM sbtest2 WHERE id BETWEEN 4065643 AND 4065652 ORDER BY c
	Sort  (cost=44.12..44.15 rows=10 width=121)
	  Sort Key: c
	  ->  Index Scan using sbtest2_pkey on sbtest2  (cost=0.43..43.96 rows=10 width=121)
	        Index Cond: ((id >= 4065643) AND (id <= 4065652))

table 3 : explain SELECT c FROM sbtest3 WHERE id BETWEEN 6259214 AND 6259223 ORDER BY c
	Sort  (cost=47.87..47.90 rows=11 width=121)
	  Sort Key: c
	  ->  Index Scan using sbtest3_pkey on sbtest3  (cost=0.43..47.68 rows=11 width=121)
	        Index Cond: ((id >= 6259214) AND (id <= 6259223))

table 4 : explain SELECT c FROM sbtest4 WHERE id BETWEEN 8249982 AND 8249991 ORDER BY c
	Sort  (cost=43.91..43.94 rows=10 width=121)
	  Sort Key: c
	  ->  Index Scan using sbtest4_pkey on sbtest4  (cost=0.43..43.74 rows=10 width=121)
	        Index Cond: ((id >= 8249982) AND (id <= 8249991))

table 5 : explain SELECT c FROM sbtest5 WHERE id BETWEEN 6965515 AND 6965524 ORDER BY c
	Sort  (cost=43.91..43.94 rows=10 width=121)
	  Sort Key: c
	  ->  Index Scan using sbtest5_pkey on sbtest5  (cost=0.43..43.74 rows=10 width=121)
	        Index Cond: ((id >= 6965515) AND (id <= 6965524))

table 6 : explain SELECT c FROM sbtest6 WHERE id BETWEEN 1888852 AND 1888861 ORDER BY c
	Sort  (cost=43.90..43.93 rows=10 width=121)
	  Sort Key: c
	  ->  Index Scan using sbtest6_pkey on sbtest6  (cost=0.43..43.74 rows=10 width=121)
	        Index Cond: ((id >= 1888852) AND (id <= 1888861))

table 7 : explain SELECT c FROM sbtest7 WHERE id BETWEEN 8320216 AND 8320225 ORDER BY c
	Sort  (cost=43.83..43.86 rows=10 width=121)
	  Sort Key: c
	  ->  Index Scan using sbtest7_pkey on sbtest7  (cost=0.43..43.67 rows=10 width=121)
	        Index Cond: ((id >= 8320216) AND (id <= 8320225))

table 8 : explain SELECT c FROM sbtest8 WHERE id BETWEEN 2572358 AND 2572367 ORDER BY c
	Sort  (cost=39.77..39.79 rows=9 width=121)
	  Sort Key: c
	  ->  Index Scan using sbtest8_pkey on sbtest8  (cost=0.43..39.63 rows=9 width=121)
	        Index Cond: ((id >= 2572358) AND (id <= 2572367))

for: distinct_ranges
table 1 : explain SELECT DISTINCT c FROM sbtest1 WHERE id BETWEEN 9648269 AND 9648278 ORDER BY c
	Unique  (cost=47.77..47.82 rows=11 width=121)
	  ->  Sort  (cost=47.77..47.80 rows=11 width=121)
	        Sort Key: c
	        ->  Index Scan using sbtest1_pkey on sbtest1  (cost=0.43..47.58 rows=11 width=121)
	              Index Cond: ((id >= 9648269) AND (id <= 9648278))

table 2 : explain SELECT DISTINCT c FROM sbtest2 WHERE id BETWEEN 8521467 AND 8521476 ORDER BY c
	Unique  (cost=40.15..40.20 rows=9 width=121)
	  ->  Sort  (cost=40.15..40.18 rows=9 width=121)
	        Sort Key: c
	        ->  Index Scan using sbtest2_pkey on sbtest2  (cost=0.43..40.01 rows=9 width=121)
	              Index Cond: ((id >= 8521467) AND (id <= 8521476))

table 3 : explain SELECT DISTINCT c FROM sbtest3 WHERE id BETWEEN 8798837 AND 8798846 ORDER BY c
	Unique  (cost=39.98..40.02 rows=9 width=121)
	  ->  Sort  (cost=39.98..40.00 rows=9 width=121)
	        Sort Key: c
	        ->  Index Scan using sbtest3_pkey on sbtest3  (cost=0.43..39.84 rows=9 width=121)
	              Index Cond: ((id >= 8798837) AND (id <= 8798846))

table 4 : explain SELECT DISTINCT c FROM sbtest4 WHERE id BETWEEN 6721315 AND 6721324 ORDER BY c
	Unique  (cost=43.91..43.96 rows=10 width=121)
	  ->  Sort  (cost=43.91..43.94 rows=10 width=121)
	        Sort Key: c
	        ->  Index Scan using sbtest4_pkey on sbtest4  (cost=0.43..43.74 rows=10 width=121)
	              Index Cond: ((id >= 6721315) AND (id <= 6721324))

table 5 : explain SELECT DISTINCT c FROM sbtest5 WHERE id BETWEEN 3378285 AND 3378294 ORDER BY c
	Unique  (cost=43.91..43.96 rows=10 width=121)
	  ->  Sort  (cost=43.91..43.94 rows=10 width=121)
	        Sort Key: c
	        ->  Index Scan using sbtest5_pkey on sbtest5  (cost=0.43..43.74 rows=10 width=121)
	              Index Cond: ((id >= 3378285) AND (id <= 3378294))

table 6 : explain SELECT DISTINCT c FROM sbtest6 WHERE id BETWEEN 5589744 AND 5589753 ORDER BY c
	Unique  (cost=43.90..43.95 rows=10 width=121)
	  ->  Sort  (cost=43.90..43.93 rows=10 width=121)
	        Sort Key: c
	        ->  Index Scan using sbtest6_pkey on sbtest6  (cost=0.43..43.74 rows=10 width=121)
	              Index Cond: ((id >= 5589744) AND (id <= 5589753))

table 7 : explain SELECT DISTINCT c FROM sbtest7 WHERE id BETWEEN 9393163 AND 9393172 ORDER BY c
	Unique  (cost=43.83..43.88 rows=10 width=121)
	  ->  Sort  (cost=43.83..43.86 rows=10 width=121)
	        Sort Key: c
	        ->  Index Scan using sbtest7_pkey on sbtest7  (cost=0.43..43.67 rows=10 width=121)
	              Index Cond: ((id >= 9393163) AND (id <= 9393172))

table 8 : explain SELECT DISTINCT c FROM sbtest8 WHERE id BETWEEN 4579824 AND 4579833 ORDER BY c
	Unique  (cost=43.69..43.74 rows=10 width=121)
	  ->  Sort  (cost=43.69..43.72 rows=10 width=121)
	        Sort Key: c
	        ->  Index Scan using sbtest8_pkey on sbtest8  (cost=0.43..43.52 rows=10 width=121)
	              Index Cond: ((id >= 4579824) AND (id <= 4579833))

for: order_ranges
table 1 : explain SELECT c FROM sbtest1 WHERE id BETWEEN 6686625 AND 6686634 ORDER BY c
	Sort  (cost=43.83..43.86 rows=10 width=121)
	  Sort Key: c
	  ->  Index Scan using sbtest1_pkey on sbtest1  (cost=0.43..43.67 rows=10 width=121)
	        Index Cond: ((id >= 6686625) AND (id <= 6686634))

table 2 : explain SELECT c FROM sbtest2 WHERE id BETWEEN 3662688 AND 3662697 ORDER BY c
	Sort  (cost=44.12..44.15 rows=10 width=121)
	  Sort Key: c
	  ->  Index Scan using sbtest2_pkey on sbtest2  (cost=0.43..43.96 rows=10 width=121)
	        Index Cond: ((id >= 3662688) AND (id <= 3662697))

table 3 : explain SELECT c FROM sbtest3 WHERE id BETWEEN 7247982 AND 7247991 ORDER BY c
	Sort  (cost=39.98..40.00 rows=9 width=121)
	  Sort Key: c
	  ->  Index Scan using sbtest3_pkey on sbtest3  (cost=0.43..39.84 rows=9 width=121)
	        Index Cond: ((id >= 7247982) AND (id <= 7247991))

table 4 : explain SELECT c FROM sbtest4 WHERE id BETWEEN 6518323 AND 6518332 ORDER BY c
	Sort  (cost=39.97..39.99 rows=9 width=121)
	  Sort Key: c
	  ->  Index Scan using sbtest4_pkey on sbtest4  (cost=0.43..39.82 rows=9 width=121)
	        Index Cond: ((id >= 6518323) AND (id <= 6518332))

table 5 : explain SELECT c FROM sbtest5 WHERE id BETWEEN 8195186 AND 8195195 ORDER BY c
	Sort  (cost=43.91..43.94 rows=10 width=121)
	  Sort Key: c
	  ->  Index Scan using sbtest5_pkey on sbtest5  (cost=0.43..43.74 rows=10 width=121)
	        Index Cond: ((id >= 8195186) AND (id <= 8195195))

table 6 : explain SELECT c FROM sbtest6 WHERE id BETWEEN 1444947 AND 1444956 ORDER BY c
	Sort  (cost=51.79..51.82 rows=12 width=121)
	  Sort Key: c
	  ->  Index Scan using sbtest6_pkey on sbtest6  (cost=0.43..51.58 rows=12 width=121)
	        Index Cond: ((id >= 1444947) AND (id <= 1444956))

table 7 : explain SELECT c FROM sbtest7 WHERE id BETWEEN 6168183 AND 6168192 ORDER BY c
	Sort  (cost=43.83..43.86 rows=10 width=121)
	  Sort Key: c
	  ->  Index Scan using sbtest7_pkey on sbtest7  (cost=0.43..43.67 rows=10 width=121)
	        Index Cond: ((id >= 6168183) AND (id <= 6168192))

table 8 : explain SELECT c FROM sbtest8 WHERE id BETWEEN 1739054 AND 1739063 ORDER BY c
	Sort  (cost=43.69..43.72 rows=10 width=121)
	  Sort Key: c
	  ->  Index Scan using sbtest8_pkey on sbtest8  (cost=0.43..43.52 rows=10 width=121)
	        Index Cond: ((id >= 1739054) AND (id <= 1739063))

for: order_ranges
table 1 : explain SELECT c FROM sbtest1 WHERE id BETWEEN 6054088 AND 6054097 ORDER BY c
	Sort  (cost=43.83..43.86 rows=10 width=121)
	  Sort Key: c
	  ->  Index Scan using sbtest1_pkey on sbtest1  (cost=0.43..43.67 rows=10 width=121)
	        Index Cond: ((id >= 6054088) AND (id <= 6054097))

table 2 : explain SELECT c FROM sbtest2 WHERE id BETWEEN 3341455 AND 3341464 ORDER BY c
	Sort  (cost=40.15..40.18 rows=9 width=121)
	  Sort Key: c
	  ->  Index Scan using sbtest2_pkey on sbtest2  (cost=0.43..40.01 rows=9 width=121)
	        Index Cond: ((id >= 3341455) AND (id <= 3341464))

table 3 : explain SELECT c FROM sbtest3 WHERE id BETWEEN 6200019 AND 6200028 ORDER BY c
	Sort  (cost=47.87..47.90 rows=11 width=121)
	  Sort Key: c
	  ->  Index Scan using sbtest3_pkey on sbtest3  (cost=0.43..47.68 rows=11 width=121)
	        Index Cond: ((id >= 6200019) AND (id <= 6200028))

table 4 : explain SELECT c FROM sbtest4 WHERE id BETWEEN 828570 AND 828579 ORDER BY c
	Sort  (cost=43.91..43.94 rows=10 width=121)
	  Sort Key: c
	  ->  Index Scan using sbtest4_pkey on sbtest4  (cost=0.43..43.74 rows=10 width=121)
	        Index Cond: ((id >= 828570) AND (id <= 828579))

table 5 : explain SELECT c FROM sbtest5 WHERE id BETWEEN 847987 AND 847996 ORDER BY c
	Sort  (cost=43.91..43.94 rows=10 width=121)
	  Sort Key: c
	  ->  Index Scan using sbtest5_pkey on sbtest5  (cost=0.43..43.74 rows=10 width=121)
	        Index Cond: ((id >= 847987) AND (id <= 847996))

table 6 : explain SELECT c FROM sbtest6 WHERE id BETWEEN 9350704 AND 9350713 ORDER BY c
	Sort  (cost=43.90..43.93 rows=10 width=121)
	  Sort Key: c
	  ->  Index Scan using sbtest6_pkey on sbtest6  (cost=0.43..43.74 rows=10 width=121)
	        Index Cond: ((id >= 9350704) AND (id <= 9350713))

table 7 : explain SELECT c FROM sbtest7 WHERE id BETWEEN 6800858 AND 6800867 ORDER BY c
	Sort  (cost=43.83..43.86 rows=10 width=121)
	  Sort Key: c
	  ->  Index Scan using sbtest7_pkey on sbtest7  (cost=0.43..43.67 rows=10 width=121)
	        Index Cond: ((id >= 6800858) AND (id <= 6800867))

table 8 : explain SELECT c FROM sbtest8 WHERE id BETWEEN 5207380 AND 5207389 ORDER BY c
	Sort  (cost=43.69..43.72 rows=10 width=121)
	  Sort Key: c
	  ->  Index Scan using sbtest8_pkey on sbtest8  (cost=0.43..43.52 rows=10 width=121)
	        Index Cond: ((id >= 5207380) AND (id <= 5207389))

for: order_ranges
table 1 : explain SELECT c FROM sbtest1 WHERE id BETWEEN 5476286 AND 5476295 ORDER BY c
	Sort  (cost=47.77..47.80 rows=11 width=121)
	  Sort Key: c
	  ->  Index Scan using sbtest1_pkey on sbtest1  (cost=0.43..47.58 rows=11 width=121)
	        Index Cond: ((id >= 5476286) AND (id <= 5476295))

table 2 : explain SELECT c FROM sbtest2 WHERE id BETWEEN 9117721 AND 9117730 ORDER BY c
	Sort  (cost=44.12..44.15 rows=10 width=121)
	  Sort Key: c
	  ->  Index Scan using sbtest2_pkey on sbtest2  (cost=0.43..43.96 rows=10 width=121)
	        Index Cond: ((id >= 9117721) AND (id <= 9117730))

table 3 : explain SELECT c FROM sbtest3 WHERE id BETWEEN 9727439 AND 9727448 ORDER BY c
	Sort  (cost=43.92..43.95 rows=10 width=121)
	  Sort Key: c
	  ->  Index Scan using sbtest3_pkey on sbtest3  (cost=0.43..43.76 rows=10 width=121)
	        Index Cond: ((id >= 9727439) AND (id <= 9727448))

table 4 : explain SELECT c FROM sbtest4 WHERE id BETWEEN 4772642 AND 4772651 ORDER BY c
	Sort  (cost=43.91..43.94 rows=10 width=121)
	  Sort Key: c
	  ->  Index Scan using sbtest4_pkey on sbtest4  (cost=0.43..43.74 rows=10 width=121)
	        Index Cond: ((id >= 4772642) AND (id <= 4772651))

table 5 : explain SELECT c FROM sbtest5 WHERE id BETWEEN 1437495 AND 1437504 ORDER BY c
	Sort  (cost=43.91..43.94 rows=10 width=121)
	  Sort Key: c
	  ->  Index Scan using sbtest5_pkey on sbtest5  (cost=0.43..43.74 rows=10 width=121)
	        Index Cond: ((id >= 1437495) AND (id <= 1437504))

table 6 : explain SELECT c FROM sbtest6 WHERE id BETWEEN 4744834 AND 4744843 ORDER BY c
	Sort  (cost=47.85..47.87 rows=11 width=121)
	  Sort Key: c
	  ->  Index Scan using sbtest6_pkey on sbtest6  (cost=0.43..47.66 rows=11 width=121)
	        Index Cond: ((id >= 4744834) AND (id <= 4744843))

table 7 : explain SELECT c FROM sbtest7 WHERE id BETWEEN 9076887 AND 9076896 ORDER BY c
	Sort  (cost=43.83..43.86 rows=10 width=121)
	  Sort Key: c
	  ->  Index Scan using sbtest7_pkey on sbtest7  (cost=0.43..43.67 rows=10 width=121)
	        Index Cond: ((id >= 9076887) AND (id <= 9076896))

table 8 : explain SELECT c FROM sbtest8 WHERE id BETWEEN 1366837 AND 1366846 ORDER BY c
	Sort  (cost=43.69..43.72 rows=10 width=121)
	  Sort Key: c
	  ->  Index Scan using sbtest8_pkey on sbtest8  (cost=0.43..43.52 rows=10 width=121)
	        Index Cond: ((id >= 1366837) AND (id <= 1366846))

for: order_ranges
table 1 : explain SELECT c FROM sbtest1 WHERE id BETWEEN 9501000 AND 9501009 ORDER BY c
	Sort  (cost=47.77..47.80 rows=11 width=121)
	  Sort Key: c
	  ->  Index Scan using sbtest1_pkey on sbtest1  (cost=0.43..47.58 rows=11 width=121)
	        Index Cond: ((id >= 9501000) AND (id <= 9501009))

table 2 : explain SELECT c FROM sbtest2 WHERE id BETWEEN 9352506 AND 9352515 ORDER BY c
	Sort  (cost=40.15..40.18 rows=9 width=121)
	  Sort Key: c
	  ->  Index Scan using sbtest2_pkey on sbtest2  (cost=0.43..40.01 rows=9 width=121)
	        Index Cond: ((id >= 9352506) AND (id <= 9352515))

table 3 : explain SELECT c FROM sbtest3 WHERE id BETWEEN 8236478 AND 8236487 ORDER BY c
	Sort  (cost=39.98..40.00 rows=9 width=121)
	  Sort Key: c
	  ->  Index Scan using sbtest3_pkey on sbtest3  (cost=0.43..39.84 rows=9 width=121)
	        Index Cond: ((id >= 8236478) AND (id <= 8236487))

table 4 : explain SELECT c FROM sbtest4 WHERE id BETWEEN 2645708 AND 2645717 ORDER BY c
	Sort  (cost=43.91..43.94 rows=10 width=121)
	  Sort Key: c
	  ->  Index Scan using sbtest4_pkey on sbtest4  (cost=0.43..43.74 rows=10 width=121)
	        Index Cond: ((id >= 2645708) AND (id <= 2645717))

table 5 : explain SELECT c FROM sbtest5 WHERE id BETWEEN 539886 AND 539895 ORDER BY c
	Sort  (cost=43.91..43.94 rows=10 width=121)
	  Sort Key: c
	  ->  Index Scan using sbtest5_pkey on sbtest5  (cost=0.43..43.74 rows=10 width=121)
	        Index Cond: ((id >= 539886) AND (id <= 539895))

table 6 : explain SELECT c FROM sbtest6 WHERE id BETWEEN 484859 AND 484868 ORDER BY c
	Sort  (cost=43.90..43.93 rows=10 width=121)
	  Sort Key: c
	  ->  Index Scan using sbtest6_pkey on sbtest6  (cost=0.43..43.74 rows=10 width=121)
	        Index Cond: ((id >= 484859) AND (id <= 484868))

table 7 : explain SELECT c FROM sbtest7 WHERE id BETWEEN 2776131 AND 2776140 ORDER BY c
	Sort  (cost=47.77..47.80 rows=11 width=121)
	  Sort Key: c
	  ->  Index Scan using sbtest7_pkey on sbtest7  (cost=0.43..47.58 rows=11 width=121)
	        Index Cond: ((id >= 2776131) AND (id <= 2776140))

table 8 : explain SELECT c FROM sbtest8 WHERE id BETWEEN 1461093 AND 1461102 ORDER BY c
	Sort  (cost=39.77..39.79 rows=9 width=121)
	  Sort Key: c
	  ->  Index Scan using sbtest8_pkey on sbtest8  (cost=0.43..39.63 rows=9 width=121)
	        Index Cond: ((id >= 1461093) AND (id <= 1461102))
for: order_ranges
table 1 : explain SELECT c FROM sbtest1 WHERE id BETWEEN 6797003 AND 6797012 ORDER BY c
	Sort  (cost=39.90..39.92 rows=9 width=121)
	  Sort Key: c
	  ->  Index Scan using sbtest1_pkey on sbtest1  (cost=0.43..39.75 rows=9 width=121)
	        Index Cond: ((id >= 6797003) AND (id <= 6797012))

table 2 : explain SELECT c FROM sbtest2 WHERE id BETWEEN 6281992 AND 6282001 ORDER BY c
	Sort  (cost=48.09..48.12 rows=11 width=121)
	  Sort Key: c
	  ->  Index Scan using sbtest2_pkey on sbtest2  (cost=0.43..47.90 rows=11 width=121)
	        Index Cond: ((id >= 6281992) AND (id <= 6282001))

table 3 : explain SELECT c FROM sbtest3 WHERE id BETWEEN 6880785 AND 6880794 ORDER BY c
	Sort  (cost=43.92..43.95 rows=10 width=121)
	  Sort Key: c
	  ->  Index Scan using sbtest3_pkey on sbtest3  (cost=0.43..43.76 rows=10 width=121)
	        Index Cond: ((id >= 6880785) AND (id <= 6880794))

table 4 : explain SELECT c FROM sbtest4 WHERE id BETWEEN 2360739 AND 2360748 ORDER BY c
	Sort  (cost=43.91..43.94 rows=10 width=121)
	  Sort Key: c
	  ->  Index Scan using sbtest4_pkey on sbtest4  (cost=0.43..43.74 rows=10 width=121)
	        Index Cond: ((id >= 2360739) AND (id <= 2360748))

table 5 : explain SELECT c FROM sbtest5 WHERE id BETWEEN 3338557 AND 3338566 ORDER BY c
	Sort  (cost=43.91..43.94 rows=10 width=121)
	  Sort Key: c
	  ->  Index Scan using sbtest5_pkey on sbtest5  (cost=0.43..43.74 rows=10 width=121)
	        Index Cond: ((id >= 3338557) AND (id <= 3338566))

table 6 : explain SELECT c FROM sbtest6 WHERE id BETWEEN 6130730 AND 6130739 ORDER BY c
	Sort  (cost=43.90..43.93 rows=10 width=121)
	  Sort Key: c
	  ->  Index Scan using sbtest6_pkey on sbtest6  (cost=0.43..43.74 rows=10 width=121)
	        Index Cond: ((id >= 6130730) AND (id <= 6130739))

table 7 : explain SELECT c FROM sbtest7 WHERE id BETWEEN 6237489 AND 6237498 ORDER BY c
	Sort  (cost=43.83..43.86 rows=10 width=121)
	  Sort Key: c
	  ->  Index Scan using sbtest7_pkey on sbtest7  (cost=0.43..43.67 rows=10 width=121)
	        Index Cond: ((id >= 6237489) AND (id <= 6237498))

table 8 : explain SELECT c FROM sbtest8 WHERE id BETWEEN 74506 AND 74515 ORDER BY c
	Sort  (cost=43.69..43.72 rows=10 width=121)
	  Sort Key: c
	  ->  Index Scan using sbtest8_pkey on sbtest8  (cost=0.43..43.52 rows=10 width=121)
	        Index Cond: ((id >= 74506) AND (id <= 74515))

for: order_ranges
table 1 : explain SELECT c FROM sbtest1 WHERE id BETWEEN 3865578 AND 3865587 ORDER BY c
	Sort  (cost=39.90..39.92 rows=9 width=121)
	  Sort Key: c
	  ->  Index Scan using sbtest1_pkey on sbtest1  (cost=0.43..39.75 rows=9 width=121)
	        Index Cond: ((id >= 3865578) AND (id <= 3865587))

table 2 : explain SELECT c FROM sbtest2 WHERE id BETWEEN 3063867 AND 3063876 ORDER BY c
	Sort  (cost=44.12..44.15 rows=10 width=121)
	  Sort Key: c
	  ->  Index Scan using sbtest2_pkey on sbtest2  (cost=0.43..43.96 rows=10 width=121)
	        Index Cond: ((id >= 3063867) AND (id <= 3063876))

table 3 : explain SELECT c FROM sbtest3 WHERE id BETWEEN 629892 AND 629901 ORDER BY c
	Sort  (cost=43.92..43.95 rows=10 width=121)
	  Sort Key: c
	  ->  Index Scan using sbtest3_pkey on sbtest3  (cost=0.43..43.76 rows=10 width=121)
	        Index Cond: ((id >= 629892) AND (id <= 629901))

table 4 : explain SELECT c FROM sbtest4 WHERE id BETWEEN 4501184 AND 4501193 ORDER BY c
	Sort  (cost=43.91..43.94 rows=10 width=121)
	  Sort Key: c
	  ->  Index Scan using sbtest4_pkey on sbtest4  (cost=0.43..43.74 rows=10 width=121)
	        Index Cond: ((id >= 4501184) AND (id <= 4501193))

table 5 : explain SELECT c FROM sbtest5 WHERE id BETWEEN 8806106 AND 8806115 ORDER BY c
	Sort  (cost=43.91..43.94 rows=10 width=121)
	  Sort Key: c
	  ->  Index Scan using sbtest5_pkey on sbtest5  (cost=0.43..43.74 rows=10 width=121)
	        Index Cond: ((id >= 8806106) AND (id <= 8806115))

table 6 : explain SELECT c FROM sbtest6 WHERE id BETWEEN 1962430 AND 1962439 ORDER BY c
	Sort  (cost=43.90..43.93 rows=10 width=121)
	  Sort Key: c
	  ->  Index Scan using sbtest6_pkey on sbtest6  (cost=0.43..43.74 rows=10 width=121)
	        Index Cond: ((id >= 1962430) AND (id <= 1962439))

table 7 : explain SELECT c FROM sbtest7 WHERE id BETWEEN 5431005 AND 5431014 ORDER BY c
	Sort  (cost=39.90..39.92 rows=9 width=121)
	  Sort Key: c
	  ->  Index Scan using sbtest7_pkey on sbtest7  (cost=0.43..39.76 rows=9 width=121)
	        Index Cond: ((id >= 5431005) AND (id <= 5431014))

table 8 : explain SELECT c FROM sbtest8 WHERE id BETWEEN 587277 AND 587286 ORDER BY c
	Sort  (cost=43.69..43.72 rows=10 width=121)
	  Sort Key: c
	  ->  Index Scan using sbtest8_pkey on sbtest8  (cost=0.43..43.52 rows=10 width=121)
	        Index Cond: ((id >= 587277) AND (id <= 587286))


for: order_ranges
table 1 : explain SELECT c FROM sbtest1 WHERE id BETWEEN 1589624 AND 1589633 ORDER BY c
	Sort  (cost=43.83..43.86 rows=10 width=121)
	  Sort Key: c
	  ->  Index Scan using sbtest1_pkey on sbtest1  (cost=0.43..43.67 rows=10 width=121)
	        Index Cond: ((id >= 1589624) AND (id <= 1589633))

table 2 : explain SELECT c FROM sbtest2 WHERE id BETWEEN 1675235 AND 1675244 ORDER BY c
	Sort  (cost=44.12..44.15 rows=10 width=121)
	  Sort Key: c
	  ->  Index Scan using sbtest2_pkey on sbtest2  (cost=0.43..43.96 rows=10 width=121)
	        Index Cond: ((id >= 1675235) AND (id <= 1675244))

table 3 : explain SELECT c FROM sbtest3 WHERE id BETWEEN 8334796 AND 8334805 ORDER BY c
	Sort  (cost=43.92..43.95 rows=10 width=121)
	  Sort Key: c
	  ->  Index Scan using sbtest3_pkey on sbtest3  (cost=0.43..43.76 rows=10 width=121)
	        Index Cond: ((id >= 8334796) AND (id <= 8334805))

table 4 : explain SELECT c FROM sbtest4 WHERE id BETWEEN 237159 AND 237168 ORDER BY c
	Sort  (cost=47.86..47.88 rows=11 width=121)
	  Sort Key: c
	  ->  Index Scan using sbtest4_pkey on sbtest4  (cost=0.43..47.67 rows=11 width=121)
	        Index Cond: ((id >= 237159) AND (id <= 237168))

table 5 : explain SELECT c FROM sbtest5 WHERE id BETWEEN 1150481 AND 1150490 ORDER BY c
	Sort  (cost=43.91..43.94 rows=10 width=121)
	  Sort Key: c
	  ->  Index Scan using sbtest5_pkey on sbtest5  (cost=0.43..43.74 rows=10 width=121)
	        Index Cond: ((id >= 1150481) AND (id <= 1150490))

table 6 : explain SELECT c FROM sbtest6 WHERE id BETWEEN 977913 AND 977922 ORDER BY c
	Sort  (cost=43.90..43.93 rows=10 width=121)
	  Sort Key: c
	  ->  Index Scan using sbtest6_pkey on sbtest6  (cost=0.43..43.74 rows=10 width=121)
	        Index Cond: ((id >= 977913) AND (id <= 977922))

table 7 : explain SELECT c FROM sbtest7 WHERE id BETWEEN 2301885 AND 2301894 ORDER BY c
	Sort  (cost=43.83..43.86 rows=10 width=121)
	  Sort Key: c
	  ->  Index Scan using sbtest7_pkey on sbtest7  (cost=0.43..43.67 rows=10 width=121)
	        Index Cond: ((id >= 2301885) AND (id <= 2301894))

table 8 : explain SELECT c FROM sbtest8 WHERE id BETWEEN 2883969 AND 2883978 ORDER BY c
	Sort  (cost=47.61..47.64 rows=11 width=121)
	  Sort Key: c
	  ->  Index Scan using sbtest8_pkey on sbtest8  (cost=0.43..47.42 rows=11 width=121)
	        Index Cond: ((id >= 2883969) AND (id <= 2883978))

for: sum_ranges
table 1 : explain SELECT SUM(k) FROM sbtest1 WHERE id BETWEEN 5894444 AND 5894453
	Aggregate  (cost=43.69..43.70 rows=1 width=8)
	  ->  Index Scan using sbtest1_pkey on sbtest1  (cost=0.43..43.67 rows=10 width=4)
	        Index Cond: ((id >= 5894444) AND (id <= 5894453))

table 2 : explain SELECT SUM(k) FROM sbtest2 WHERE id BETWEEN 58842 AND 58851
	Aggregate  (cost=43.98..43.99 rows=1 width=8)
	  ->  Index Scan using sbtest2_pkey on sbtest2  (cost=0.43..43.96 rows=10 width=4)
	        Index Cond: ((id >= 58842) AND (id <= 58851))

table 3 : explain SELECT SUM(k) FROM sbtest3 WHERE id BETWEEN 4842609 AND 4842618
	Aggregate  (cost=43.78..43.79 rows=1 width=8)
	  ->  Index Scan using sbtest3_pkey on sbtest3  (cost=0.43..43.76 rows=10 width=4)
	        Index Cond: ((id >= 4842609) AND (id <= 4842618))

table 4 : explain SELECT SUM(k) FROM sbtest4 WHERE id BETWEEN 4407364 AND 4407373
	Aggregate  (cost=39.85..39.86 rows=1 width=8)
	  ->  Index Scan using sbtest4_pkey on sbtest4  (cost=0.43..39.82 rows=9 width=4)
	        Index Cond: ((id >= 4407364) AND (id <= 4407373))

table 5 : explain SELECT SUM(k) FROM sbtest5 WHERE id BETWEEN 9716085 AND 9716094
	Aggregate  (cost=43.77..43.78 rows=1 width=8)
	  ->  Index Scan using sbtest5_pkey on sbtest5  (cost=0.43..43.74 rows=10 width=4)
	        Index Cond: ((id >= 9716085) AND (id <= 9716094))

table 6 : explain SELECT SUM(k) FROM sbtest6 WHERE id BETWEEN 9731336 AND 9731345
	Aggregate  (cost=43.76..43.77 rows=1 width=8)
	  ->  Index Scan using sbtest6_pkey on sbtest6  (cost=0.43..43.74 rows=10 width=4)
	        Index Cond: ((id >= 9731336) AND (id <= 9731345))

table 7 : explain SELECT SUM(k) FROM sbtest7 WHERE id BETWEEN 9156116 AND 9156125
	Aggregate  (cost=39.78..39.79 rows=1 width=8)
	  ->  Index Scan using sbtest7_pkey on sbtest7  (cost=0.43..39.76 rows=9 width=4)
	        Index Cond: ((id >= 9156116) AND (id <= 9156125))

table 8 : explain SELECT SUM(k) FROM sbtest8 WHERE id BETWEEN 1965394 AND 1965403
	Aggregate  (cost=39.65..39.66 rows=1 width=8)
	  ->  Index Scan using sbtest8_pkey on sbtest8  (cost=0.43..39.63 rows=9 width=4)
	        Index Cond: ((id >= 1965394) AND (id <= 1965403))

for: order_ranges
table 1 : explain SELECT c FROM sbtest1 WHERE id BETWEEN 40346 AND 40355 ORDER BY c
	Sort  (cost=47.77..47.80 rows=11 width=121)
	  Sort Key: c
	  ->  Index Scan using sbtest1_pkey on sbtest1  (cost=0.43..47.58 rows=11 width=121)
	        Index Cond: ((id >= 40346) AND (id <= 40355))

table 2 : explain SELECT c FROM sbtest2 WHERE id BETWEEN 4400570 AND 4400579 ORDER BY c
	Sort  (cost=44.12..44.15 rows=10 width=121)
	  Sort Key: c
	  ->  Index Scan using sbtest2_pkey on sbtest2  (cost=0.43..43.96 rows=10 width=121)
	        Index Cond: ((id >= 4400570) AND (id <= 4400579))

table 3 : explain SELECT c FROM sbtest3 WHERE id BETWEEN 9693286 AND 9693295 ORDER BY c
	Sort  (cost=43.92..43.95 rows=10 width=121)
	  Sort Key: c
	  ->  Index Scan using sbtest3_pkey on sbtest3  (cost=0.43..43.76 rows=10 width=121)
	        Index Cond: ((id >= 9693286) AND (id <= 9693295))

table 4 : explain SELECT c FROM sbtest4 WHERE id BETWEEN 395543 AND 395552 ORDER BY c
	Sort  (cost=43.91..43.94 rows=10 width=121)
	  Sort Key: c
	  ->  Index Scan using sbtest4_pkey on sbtest4  (cost=0.43..43.74 rows=10 width=121)
	        Index Cond: ((id >= 395543) AND (id <= 395552))

table 5 : explain SELECT c FROM sbtest5 WHERE id BETWEEN 8441539 AND 8441548 ORDER BY c
	Sort  (cost=43.91..43.94 rows=10 width=121)
	  Sort Key: c
	  ->  Index Scan using sbtest5_pkey on sbtest5  (cost=0.43..43.74 rows=10 width=121)
	        Index Cond: ((id >= 8441539) AND (id <= 8441548))

table 6 : explain SELECT c FROM sbtest6 WHERE id BETWEEN 4531003 AND 4531012 ORDER BY c
	Sort  (cost=43.90..43.93 rows=10 width=121)
	  Sort Key: c
	  ->  Index Scan using sbtest6_pkey on sbtest6  (cost=0.43..43.74 rows=10 width=121)
	        Index Cond: ((id >= 4531003) AND (id <= 4531012))

table 7 : explain SELECT c FROM sbtest7 WHERE id BETWEEN 3259259 AND 3259268 ORDER BY c
	Sort  (cost=39.90..39.92 rows=9 width=121)
	  Sort Key: c
	  ->  Index Scan using sbtest7_pkey on sbtest7  (cost=0.43..39.76 rows=9 width=121)
	        Index Cond: ((id >= 3259259) AND (id <= 3259268))

table 8 : explain SELECT c FROM sbtest8 WHERE id BETWEEN 6471391 AND 6471400 ORDER BY c
	Sort  (cost=43.69..43.72 rows=10 width=121)
	  Sort Key: c
	  ->  Index Scan using sbtest8_pkey on sbtest8  (cost=0.43..43.52 rows=10 width=121)
	        Index Cond: ((id >= 6471391) AND (id <= 6471400))

for: order_ranges
table 1 : explain SELECT c FROM sbtest1 WHERE id BETWEEN 1403342 AND 1403351 ORDER BY c
	Sort  (cost=39.90..39.92 rows=9 width=121)
	  Sort Key: c
	  ->  Index Scan using sbtest1_pkey on sbtest1  (cost=0.43..39.75 rows=9 width=121)
	        Index Cond: ((id >= 1403342) AND (id <= 1403351))

table 2 : explain SELECT c FROM sbtest2 WHERE id BETWEEN 8690178 AND 8690187 ORDER BY c
	Sort  (cost=40.15..40.18 rows=9 width=121)
	  Sort Key: c
	  ->  Index Scan using sbtest2_pkey on sbtest2  (cost=0.43..40.01 rows=9 width=121)
	        Index Cond: ((id >= 8690178) AND (id <= 8690187))

table 3 : explain SELECT c FROM sbtest3 WHERE id BETWEEN 6188363 AND 6188372 ORDER BY c
	Sort  (cost=47.87..47.90 rows=11 width=121)
	  Sort Key: c
	  ->  Index Scan using sbtest3_pkey on sbtest3  (cost=0.43..47.68 rows=11 width=121)
	        Index Cond: ((id >= 6188363) AND (id <= 6188372))

table 4 : explain SELECT c FROM sbtest4 WHERE id BETWEEN 327006 AND 327015 ORDER BY c
	Sort  (cost=43.91..43.94 rows=10 width=121)
	  Sort Key: c
	  ->  Index Scan using sbtest4_pkey on sbtest4  (cost=0.43..43.74 rows=10 width=121)
	        Index Cond: ((id >= 327006) AND (id <= 327015))

table 5 : explain SELECT c FROM sbtest5 WHERE id BETWEEN 2571535 AND 2571544 ORDER BY c
	Sort  (cost=43.91..43.94 rows=10 width=121)
	  Sort Key: c
	  ->  Index Scan using sbtest5_pkey on sbtest5  (cost=0.43..43.74 rows=10 width=121)
	        Index Cond: ((id >= 2571535) AND (id <= 2571544))

table 6 : explain SELECT c FROM sbtest6 WHERE id BETWEEN 3577432 AND 3577441 ORDER BY c
	Sort  (cost=43.90..43.93 rows=10 width=121)
	  Sort Key: c
	  ->  Index Scan using sbtest6_pkey on sbtest6  (cost=0.43..43.74 rows=10 width=121)
	        Index Cond: ((id >= 3577432) AND (id <= 3577441))

table 7 : explain SELECT c FROM sbtest7 WHERE id BETWEEN 1571693 AND 1571702 ORDER BY c
	Sort  (cost=43.83..43.86 rows=10 width=121)
	  Sort Key: c
	  ->  Index Scan using sbtest7_pkey on sbtest7  (cost=0.43..43.67 rows=10 width=121)
	        Index Cond: ((id >= 1571693) AND (id <= 1571702))

table 8 : explain SELECT c FROM sbtest8 WHERE id BETWEEN 5867760 AND 5867769 ORDER BY c
	Sort  (cost=43.69..43.72 rows=10 width=121)
	  Sort Key: c
	  ->  Index Scan using sbtest8_pkey on sbtest8  (cost=0.43..43.52 rows=10 width=121)
	        Index Cond: ((id >= 5867760) AND (id <= 5867769))

for: distinct_ranges
table 1 : explain SELECT DISTINCT c FROM sbtest1 WHERE id BETWEEN 2875552 AND 2875561 ORDER BY c
	Unique  (cost=43.83..43.88 rows=10 width=121)
	  ->  Sort  (cost=43.83..43.86 rows=10 width=121)
	        Sort Key: c
	        ->  Index Scan using sbtest1_pkey on sbtest1  (cost=0.43..43.67 rows=10 width=121)
	              Index Cond: ((id >= 2875552) AND (id <= 2875561))

table 2 : explain SELECT DISTINCT c FROM sbtest2 WHERE id BETWEEN 9451176 AND 9451185 ORDER BY c
	Unique  (cost=44.12..44.17 rows=10 width=121)
	  ->  Sort  (cost=44.12..44.15 rows=10 width=121)
	        Sort Key: c
	        ->  Index Scan using sbtest2_pkey on sbtest2  (cost=0.43..43.96 rows=10 width=121)
	              Index Cond: ((id >= 9451176) AND (id <= 9451185))

table 3 : explain SELECT DISTINCT c FROM sbtest3 WHERE id BETWEEN 2853 AND 2862 ORDER BY c
	Unique  (cost=43.92..43.97 rows=10 width=121)
	  ->  Sort  (cost=43.92..43.95 rows=10 width=121)
	        Sort Key: c
	        ->  Index Scan using sbtest3_pkey on sbtest3  (cost=0.43..43.76 rows=10 width=121)
	              Index Cond: ((id >= 2853) AND (id <= 2862))

table 4 : explain SELECT DISTINCT c FROM sbtest4 WHERE id BETWEEN 869407 AND 869416 ORDER BY c
	Unique  (cost=43.91..43.96 rows=10 width=121)
	  ->  Sort  (cost=43.91..43.94 rows=10 width=121)
	        Sort Key: c
	        ->  Index Scan using sbtest4_pkey on sbtest4  (cost=0.43..43.74 rows=10 width=121)
	              Index Cond: ((id >= 869407) AND (id <= 869416))

table 5 : explain SELECT DISTINCT c FROM sbtest5 WHERE id BETWEEN 4015690 AND 4015699 ORDER BY c
	Unique  (cost=43.91..43.96 rows=10 width=121)
	  ->  Sort  (cost=43.91..43.94 rows=10 width=121)
	        Sort Key: c
	        ->  Index Scan using sbtest5_pkey on sbtest5  (cost=0.43..43.74 rows=10 width=121)
	              Index Cond: ((id >= 4015690) AND (id <= 4015699))

table 6 : explain SELECT DISTINCT c FROM sbtest6 WHERE id BETWEEN 1502753 AND 1502762 ORDER BY c
	Unique  (cost=39.96..40.00 rows=9 width=121)
	  ->  Sort  (cost=39.96..39.98 rows=9 width=121)
	        Sort Key: c
	        ->  Index Scan using sbtest6_pkey on sbtest6  (cost=0.43..39.82 rows=9 width=121)
	              Index Cond: ((id >= 1502753) AND (id <= 1502762))

table 7 : explain SELECT DISTINCT c FROM sbtest7 WHERE id BETWEEN 7381576 AND 7381585 ORDER BY c
	Unique  (cost=43.83..43.88 rows=10 width=121)
	  ->  Sort  (cost=43.83..43.86 rows=10 width=121)
	        Sort Key: c
	        ->  Index Scan using sbtest7_pkey on sbtest7  (cost=0.43..43.67 rows=10 width=121)
	              Index Cond: ((id >= 7381576) AND (id <= 7381585))

table 8 : explain SELECT DISTINCT c FROM sbtest8 WHERE id BETWEEN 1435383 AND 1435392 ORDER BY c
	Unique  (cost=39.77..39.82 rows=9 width=121)
	  ->  Sort  (cost=39.77..39.79 rows=9 width=121)
	        Sort Key: c
	        ->  Index Scan using sbtest8_pkey on sbtest8  (cost=0.43..39.63 rows=9 width=121)
	              Index Cond: ((id >= 1435383) AND (id <= 1435392))

for: order_ranges
table 1 : explain SELECT c FROM sbtest1 WHERE id BETWEEN 3143530 AND 3143539 ORDER BY c
	Sort  (cost=47.77..47.80 rows=11 width=121)
	  Sort Key: c
	  ->  Index Scan using sbtest1_pkey on sbtest1  (cost=0.43..47.58 rows=11 width=121)
	        Index Cond: ((id >= 3143530) AND (id <= 3143539))

table 2 : explain SELECT c FROM sbtest2 WHERE id BETWEEN 6672638 AND 6672647 ORDER BY c
	Sort  (cost=48.09..48.12 rows=11 width=121)
	  Sort Key: c
	  ->  Index Scan using sbtest2_pkey on sbtest2  (cost=0.43..47.90 rows=11 width=121)
	        Index Cond: ((id >= 6672638) AND (id <= 6672647))

table 3 : explain SELECT c FROM sbtest3 WHERE id BETWEEN 7985437 AND 7985446 ORDER BY c
	Sort  (cost=47.87..47.90 rows=11 width=121)
	  Sort Key: c
	  ->  Index Scan using sbtest3_pkey on sbtest3  (cost=0.43..47.68 rows=11 width=121)
	        Index Cond: ((id >= 7985437) AND (id <= 7985446))

table 4 : explain SELECT c FROM sbtest4 WHERE id BETWEEN 2165807 AND 2165816 ORDER BY c
	Sort  (cost=47.86..47.88 rows=11 width=121)
	  Sort Key: c
	  ->  Index Scan using sbtest4_pkey on sbtest4  (cost=0.43..47.67 rows=11 width=121)
	        Index Cond: ((id >= 2165807) AND (id <= 2165816))

table 5 : explain SELECT c FROM sbtest5 WHERE id BETWEEN 1060432 AND 1060441 ORDER BY c
	Sort  (cost=39.97..39.99 rows=9 width=121)
	  Sort Key: c
	  ->  Index Scan using sbtest5_pkey on sbtest5  (cost=0.43..39.82 rows=9 width=121)
	        Index Cond: ((id >= 1060432) AND (id <= 1060441))

table 6 : explain SELECT c FROM sbtest6 WHERE id BETWEEN 8646292 AND 8646301 ORDER BY c
	Sort  (cost=43.90..43.93 rows=10 width=121)
	  Sort Key: c
	  ->  Index Scan using sbtest6_pkey on sbtest6  (cost=0.43..43.74 rows=10 width=121)
	        Index Cond: ((id >= 8646292) AND (id <= 8646301))

table 7 : explain SELECT c FROM sbtest7 WHERE id BETWEEN 180401 AND 180410 ORDER BY c
	Sort  (cost=43.83..43.86 rows=10 width=121)
	  Sort Key: c
	  ->  Index Scan using sbtest7_pkey on sbtest7  (cost=0.43..43.67 rows=10 width=121)
	        Index Cond: ((id >= 180401) AND (id <= 180410))

table 8 : explain SELECT c FROM sbtest8 WHERE id BETWEEN 6278137 AND 6278146 ORDER BY c
	Sort  (cost=43.69..43.72 rows=10 width=121)
	  Sort Key: c
	  ->  Index Scan using sbtest8_pkey on sbtest8  (cost=0.43..43.52 rows=10 width=121)
	        Index Cond: ((id >= 6278137) AND (id <= 6278146))

for: distinct_ranges
table 1 : explain SELECT DISTINCT c FROM sbtest1 WHERE id BETWEEN 819788 AND 819797 ORDER BY c
	Unique  (cost=43.83..43.88 rows=10 width=121)
	  ->  Sort  (cost=43.83..43.86 rows=10 width=121)
	        Sort Key: c
	        ->  Index Scan using sbtest1_pkey on sbtest1  (cost=0.43..43.67 rows=10 width=121)
	              Index Cond: ((id >= 819788) AND (id <= 819797))

table 2 : explain SELECT DISTINCT c FROM sbtest2 WHERE id BETWEEN 4367769 AND 4367778 ORDER BY c
	Unique  (cost=44.12..44.17 rows=10 width=121)
	  ->  Sort  (cost=44.12..44.15 rows=10 width=121)
	        Sort Key: c
	        ->  Index Scan using sbtest2_pkey on sbtest2  (cost=0.43..43.96 rows=10 width=121)
	              Index Cond: ((id >= 4367769) AND (id <= 4367778))

table 3 : explain SELECT DISTINCT c FROM sbtest3 WHERE id BETWEEN 1415086 AND 1415095 ORDER BY c
	Unique  (cost=43.92..43.97 rows=10 width=121)
	  ->  Sort  (cost=43.92..43.95 rows=10 width=121)
	        Sort Key: c
	        ->  Index Scan using sbtest3_pkey on sbtest3  (cost=0.43..43.76 rows=10 width=121)
	              Index Cond: ((id >= 1415086) AND (id <= 1415095))

table 4 : explain SELECT DISTINCT c FROM sbtest4 WHERE id BETWEEN 540850 AND 540859 ORDER BY c
	Unique  (cost=43.91..43.96 rows=10 width=121)
	  ->  Sort  (cost=43.91..43.94 rows=10 width=121)
	        Sort Key: c
	        ->  Index Scan using sbtest4_pkey on sbtest4  (cost=0.43..43.74 rows=10 width=121)
	              Index Cond: ((id >= 540850) AND (id <= 540859))

table 5 : explain SELECT DISTINCT c FROM sbtest5 WHERE id BETWEEN 8202608 AND 8202617 ORDER BY c
	Unique  (cost=43.91..43.96 rows=10 width=121)
	  ->  Sort  (cost=43.91..43.94 rows=10 width=121)
	        Sort Key: c
	        ->  Index Scan using sbtest5_pkey on sbtest5  (cost=0.43..43.74 rows=10 width=121)
	              Index Cond: ((id >= 8202608) AND (id <= 8202617))

table 6 : explain SELECT DISTINCT c FROM sbtest6 WHERE id BETWEEN 8669029 AND 8669038 ORDER BY c
	Unique  (cost=43.90..43.95 rows=10 width=121)
	  ->  Sort  (cost=43.90..43.93 rows=10 width=121)
	        Sort Key: c
	        ->  Index Scan using sbtest6_pkey on sbtest6  (cost=0.43..43.74 rows=10 width=121)
	              Index Cond: ((id >= 8669029) AND (id <= 8669038))

table 7 : explain SELECT DISTINCT c FROM sbtest7 WHERE id BETWEEN 2451020 AND 2451029 ORDER BY c
	Unique  (cost=43.83..43.88 rows=10 width=121)
	  ->  Sort  (cost=43.83..43.86 rows=10 width=121)
	        Sort Key: c
	        ->  Index Scan using sbtest7_pkey on sbtest7  (cost=0.43..43.67 rows=10 width=121)
	              Index Cond: ((id >= 2451020) AND (id <= 2451029))

table 8 : explain SELECT DISTINCT c FROM sbtest8 WHERE id BETWEEN 2033832 AND 2033841 ORDER BY c
	Unique  (cost=39.77..39.82 rows=9 width=121)
	  ->  Sort  (cost=39.77..39.79 rows=9 width=121)
	        Sort Key: c
	        ->  Index Scan using sbtest8_pkey on sbtest8  (cost=0.43..39.63 rows=9 width=121)
	              Index Cond: ((id >= 2033832) AND (id <= 2033841))

for: order_ranges
table 1 : explain SELECT c FROM sbtest1 WHERE id BETWEEN 3041270 AND 3041279 ORDER BY c
	Sort  (cost=43.83..43.86 rows=10 width=121)
	  Sort Key: c
	  ->  Index Scan using sbtest1_pkey on sbtest1  (cost=0.43..43.67 rows=10 width=121)
	        Index Cond: ((id >= 3041270) AND (id <= 3041279))

table 2 : explain SELECT c FROM sbtest2 WHERE id BETWEEN 4750943 AND 4750952 ORDER BY c
	Sort  (cost=44.12..44.15 rows=10 width=121)
	  Sort Key: c
	  ->  Index Scan using sbtest2_pkey on sbtest2  (cost=0.43..43.96 rows=10 width=121)
	        Index Cond: ((id >= 4750943) AND (id <= 4750952))

table 3 : explain SELECT c FROM sbtest3 WHERE id BETWEEN 1684537 AND 1684546 ORDER BY c
	Sort  (cost=43.92..43.95 rows=10 width=121)
	  Sort Key: c
	  ->  Index Scan using sbtest3_pkey on sbtest3  (cost=0.43..43.76 rows=10 width=121)
	        Index Cond: ((id >= 1684537) AND (id <= 1684546))

table 4 : explain SELECT c FROM sbtest4 WHERE id BETWEEN 2809037 AND 2809046 ORDER BY c
	Sort  (cost=47.86..47.88 rows=11 width=121)
	  Sort Key: c
	  ->  Index Scan using sbtest4_pkey on sbtest4  (cost=0.43..47.67 rows=11 width=121)
	        Index Cond: ((id >= 2809037) AND (id <= 2809046))

table 5 : explain SELECT c FROM sbtest5 WHERE id BETWEEN 5450275 AND 5450284 ORDER BY c
	Sort  (cost=39.97..39.99 rows=9 width=121)
	  Sort Key: c
	  ->  Index Scan using sbtest5_pkey on sbtest5  (cost=0.43..39.82 rows=9 width=121)
	        Index Cond: ((id >= 5450275) AND (id <= 5450284))

table 6 : explain SELECT c FROM sbtest6 WHERE id BETWEEN 463129 AND 463138 ORDER BY c
	Sort  (cost=43.90..43.93 rows=10 width=121)
	  Sort Key: c
	  ->  Index Scan using sbtest6_pkey on sbtest6  (cost=0.43..43.74 rows=10 width=121)
	        Index Cond: ((id >= 463129) AND (id <= 463138))

table 7 : explain SELECT c FROM sbtest7 WHERE id BETWEEN 7989340 AND 7989349 ORDER BY c
	Sort  (cost=39.90..39.92 rows=9 width=121)
	  Sort Key: c
	  ->  Index Scan using sbtest7_pkey on sbtest7  (cost=0.43..39.76 rows=9 width=121)
	        Index Cond: ((id >= 7989340) AND (id <= 7989349))

table 8 : explain SELECT c FROM sbtest8 WHERE id BETWEEN 7079909 AND 7079918 ORDER BY c
	Sort  (cost=47.61..47.64 rows=11 width=121)
	  Sort Key: c
	  ->  Index Scan using sbtest8_pkey on sbtest8  (cost=0.43..47.42 rows=11 width=121)
	        Index Cond: ((id >= 7079909) AND (id <= 7079918))

for: order_ranges
table 1 : explain SELECT c FROM sbtest1 WHERE id BETWEEN 6760297 AND 6760306 ORDER BY c
	Sort  (cost=43.83..43.86 rows=10 width=121)
	  Sort Key: c
	  ->  Index Scan using sbtest1_pkey on sbtest1  (cost=0.43..43.67 rows=10 width=121)
	        Index Cond: ((id >= 6760297) AND (id <= 6760306))

table 2 : explain SELECT c FROM sbtest2 WHERE id BETWEEN 9468693 AND 9468702 ORDER BY c
	Sort  (cost=44.12..44.15 rows=10 width=121)
	  Sort Key: c
	  ->  Index Scan using sbtest2_pkey on sbtest2  (cost=0.43..43.96 rows=10 width=121)
	        Index Cond: ((id >= 9468693) AND (id <= 9468702))

table 3 : explain SELECT c FROM sbtest3 WHERE id BETWEEN 5774189 AND 5774198 ORDER BY c
	Sort  (cost=43.92..43.95 rows=10 width=121)
	  Sort Key: c
	  ->  Index Scan using sbtest3_pkey on sbtest3  (cost=0.43..43.76 rows=10 width=121)
	        Index Cond: ((id >= 5774189) AND (id <= 5774198))

table 4 : explain SELECT c FROM sbtest4 WHERE id BETWEEN 9764671 AND 9764680 ORDER BY c
	Sort  (cost=39.97..39.99 rows=9 width=121)
	  Sort Key: c
	  ->  Index Scan using sbtest4_pkey on sbtest4  (cost=0.43..39.82 rows=9 width=121)
	        Index Cond: ((id >= 9764671) AND (id <= 9764680))

table 5 : explain SELECT c FROM sbtest5 WHERE id BETWEEN 9802008 AND 9802017 ORDER BY c
	Sort  (cost=43.91..43.94 rows=10 width=121)
	  Sort Key: c
	  ->  Index Scan using sbtest5_pkey on sbtest5  (cost=0.43..43.74 rows=10 width=121)
	        Index Cond: ((id >= 9802008) AND (id <= 9802017))

table 6 : explain SELECT c FROM sbtest6 WHERE id BETWEEN 1271751 AND 1271760 ORDER BY c
	Sort  (cost=47.85..47.87 rows=11 width=121)
	  Sort Key: c
	  ->  Index Scan using sbtest6_pkey on sbtest6  (cost=0.43..47.66 rows=11 width=121)
	        Index Cond: ((id >= 1271751) AND (id <= 1271760))

table 7 : explain SELECT c FROM sbtest7 WHERE id BETWEEN 2228576 AND 2228585 ORDER BY c
	Sort  (cost=47.77..47.80 rows=11 width=121)
	  Sort Key: c
	  ->  Index Scan using sbtest7_pkey on sbtest7  (cost=0.43..47.58 rows=11 width=121)
	        Index Cond: ((id >= 2228576) AND (id <= 2228585))

table 8 : explain SELECT c FROM sbtest8 WHERE id BETWEEN 6857414 AND 6857423 ORDER BY c
	Sort  (cost=43.69..43.72 rows=10 width=121)
	  Sort Key: c
	  ->  Index Scan using sbtest8_pkey on sbtest8  (cost=0.43..43.52 rows=10 width=121)
	        Index Cond: ((id >= 6857414) AND (id <= 6857423))

for: distinct_ranges
table 1 : explain SELECT DISTINCT c FROM sbtest1 WHERE id BETWEEN 2693608 AND 2693617 ORDER BY c
	Unique  (cost=43.83..43.88 rows=10 width=121)
	  ->  Sort  (cost=43.83..43.86 rows=10 width=121)
	        Sort Key: c
	        ->  Index Scan using sbtest1_pkey on sbtest1  (cost=0.43..43.67 rows=10 width=121)
	              Index Cond: ((id >= 2693608) AND (id <= 2693617))

table 2 : explain SELECT DISTINCT c FROM sbtest2 WHERE id BETWEEN 3953456 AND 3953465 ORDER BY c
	Unique  (cost=48.09..48.15 rows=11 width=121)
	  ->  Sort  (cost=48.09..48.12 rows=11 width=121)
	        Sort Key: c
	        ->  Index Scan using sbtest2_pkey on sbtest2  (cost=0.43..47.90 rows=11 width=121)
	              Index Cond: ((id >= 3953456) AND (id <= 3953465))

table 3 : explain SELECT DISTINCT c FROM sbtest3 WHERE id BETWEEN 4406349 AND 4406358 ORDER BY c
	Unique  (cost=43.92..43.97 rows=10 width=121)
	  ->  Sort  (cost=43.92..43.95 rows=10 width=121)
	        Sort Key: c
	        ->  Index Scan using sbtest3_pkey on sbtest3  (cost=0.43..43.76 rows=10 width=121)
	              Index Cond: ((id >= 4406349) AND (id <= 4406358))

table 4 : explain SELECT DISTINCT c FROM sbtest4 WHERE id BETWEEN 6785529 AND 6785538 ORDER BY c
	Unique  (cost=43.91..43.96 rows=10 width=121)
	  ->  Sort  (cost=43.91..43.94 rows=10 width=121)
	        Sort Key: c
	        ->  Index Scan using sbtest4_pkey on sbtest4  (cost=0.43..43.74 rows=10 width=121)
	              Index Cond: ((id >= 6785529) AND (id <= 6785538))

table 5 : explain SELECT DISTINCT c FROM sbtest5 WHERE id BETWEEN 2227659 AND 2227668 ORDER BY c
	Unique  (cost=39.97..40.01 rows=9 width=121)
	  ->  Sort  (cost=39.97..39.99 rows=9 width=121)
	        Sort Key: c
	        ->  Index Scan using sbtest5_pkey on sbtest5  (cost=0.43..39.82 rows=9 width=121)
	              Index Cond: ((id >= 2227659) AND (id <= 2227668))

table 6 : explain SELECT DISTINCT c FROM sbtest6 WHERE id BETWEEN 2090345 AND 2090354 ORDER BY c
	Unique  (cost=43.90..43.95 rows=10 width=121)
	  ->  Sort  (cost=43.90..43.93 rows=10 width=121)
	        Sort Key: c
	        ->  Index Scan using sbtest6_pkey on sbtest6  (cost=0.43..43.74 rows=10 width=121)
	              Index Cond: ((id >= 2090345) AND (id <= 2090354))

table 7 : explain SELECT DISTINCT c FROM sbtest7 WHERE id BETWEEN 9284873 AND 9284882 ORDER BY c
	Unique  (cost=43.83..43.88 rows=10 width=121)
	  ->  Sort  (cost=43.83..43.86 rows=10 width=121)
	        Sort Key: c
	        ->  Index Scan using sbtest7_pkey on sbtest7  (cost=0.43..43.67 rows=10 width=121)
	              Index Cond: ((id >= 9284873) AND (id <= 9284882))

table 8 : explain SELECT DISTINCT c FROM sbtest8 WHERE id BETWEEN 6082782 AND 6082791 ORDER BY c
	Unique  (cost=43.69..43.74 rows=10 width=121)
	  ->  Sort  (cost=43.69..43.72 rows=10 width=121)
	        Sort Key: c
	        ->  Index Scan using sbtest8_pkey on sbtest8  (cost=0.43..43.52 rows=10 width=121)
	              Index Cond: ((id >= 6082782) AND (id <= 6082791))

for: order_ranges
table 1 : explain SELECT c FROM sbtest1 WHERE id BETWEEN 8391785 AND 8391794 ORDER BY c
	Sort  (cost=43.83..43.86 rows=10 width=121)
	  Sort Key: c
	  ->  Index Scan using sbtest1_pkey on sbtest1  (cost=0.43..43.67 rows=10 width=121)
	        Index Cond: ((id >= 8391785) AND (id <= 8391794))

table 2 : explain SELECT c FROM sbtest2 WHERE id BETWEEN 2722889 AND 2722898 ORDER BY c
	Sort  (cost=40.15..40.18 rows=9 width=121)
	  Sort Key: c
	  ->  Index Scan using sbtest2_pkey on sbtest2  (cost=0.43..40.01 rows=9 width=121)
	        Index Cond: ((id >= 2722889) AND (id <= 2722898))

table 3 : explain SELECT c FROM sbtest3 WHERE id BETWEEN 3438213 AND 3438222 ORDER BY c
	Sort  (cost=39.98..40.00 rows=9 width=121)
	  Sort Key: c
	  ->  Index Scan using sbtest3_pkey on sbtest3  (cost=0.43..39.84 rows=9 width=121)
	        Index Cond: ((id >= 3438213) AND (id <= 3438222))

table 4 : explain SELECT c FROM sbtest4 WHERE id BETWEEN 9246849 AND 9246858 ORDER BY c
	Sort  (cost=43.91..43.94 rows=10 width=121)
	  Sort Key: c
	  ->  Index Scan using sbtest4_pkey on sbtest4  (cost=0.43..43.74 rows=10 width=121)
	        Index Cond: ((id >= 9246849) AND (id <= 9246858))

table 5 : explain SELECT c FROM sbtest5 WHERE id BETWEEN 7387127 AND 7387136 ORDER BY c
	Sort  (cost=47.86..47.88 rows=11 width=121)
	  Sort Key: c
	  ->  Index Scan using sbtest5_pkey on sbtest5  (cost=0.43..47.67 rows=11 width=121)
	        Index Cond: ((id >= 7387127) AND (id <= 7387136))

table 6 : explain SELECT c FROM sbtest6 WHERE id BETWEEN 7518776 AND 7518785 ORDER BY c
	Sort  (cost=43.90..43.93 rows=10 width=121)
	  Sort Key: c
	  ->  Index Scan using sbtest6_pkey on sbtest6  (cost=0.43..43.74 rows=10 width=121)
	        Index Cond: ((id >= 7518776) AND (id <= 7518785))

table 7 : explain SELECT c FROM sbtest7 WHERE id BETWEEN 8798449 AND 8798458 ORDER BY c
	Sort  (cost=43.83..43.86 rows=10 width=121)
	  Sort Key: c
	  ->  Index Scan using sbtest7_pkey on sbtest7  (cost=0.43..43.67 rows=10 width=121)
	        Index Cond: ((id >= 8798449) AND (id <= 8798458))

table 8 : explain SELECT c FROM sbtest8 WHERE id BETWEEN 3440768 AND 3440777 ORDER BY c
	Sort  (cost=43.69..43.72 rows=10 width=121)
	  Sort Key: c
	  ->  Index Scan using sbtest8_pkey on sbtest8  (cost=0.43..43.52 rows=10 width=121)
	        Index Cond: ((id >= 3440768) AND (id <= 3440777))

for: distinct_ranges
table 1 : explain SELECT DISTINCT c FROM sbtest1 WHERE id BETWEEN 8056348 AND 8056357 ORDER BY c
	Unique  (cost=43.83..43.88 rows=10 width=121)
	  ->  Sort  (cost=43.83..43.86 rows=10 width=121)
	        Sort Key: c
	        ->  Index Scan using sbtest1_pkey on sbtest1  (cost=0.43..43.67 rows=10 width=121)
	              Index Cond: ((id >= 8056348) AND (id <= 8056357))

table 2 : explain SELECT DISTINCT c FROM sbtest2 WHERE id BETWEEN 2408748 AND 2408757 ORDER BY c
	Unique  (cost=44.12..44.17 rows=10 width=121)
	  ->  Sort  (cost=44.12..44.15 rows=10 width=121)
	        Sort Key: c
	        ->  Index Scan using sbtest2_pkey on sbtest2  (cost=0.43..43.96 rows=10 width=121)
	              Index Cond: ((id >= 2408748) AND (id <= 2408757))

table 3 : explain SELECT DISTINCT c FROM sbtest3 WHERE id BETWEEN 4085725 AND 4085734 ORDER BY c
	Unique  (cost=39.98..40.02 rows=9 width=121)
	  ->  Sort  (cost=39.98..40.00 rows=9 width=121)
	        Sort Key: c
	        ->  Index Scan using sbtest3_pkey on sbtest3  (cost=0.43..39.84 rows=9 width=121)
	              Index Cond: ((id >= 4085725) AND (id <= 4085734))

table 4 : explain SELECT DISTINCT c FROM sbtest4 WHERE id BETWEEN 2471443 AND 2471452 ORDER BY c
	Unique  (cost=43.91..43.96 rows=10 width=121)
	  ->  Sort  (cost=43.91..43.94 rows=10 width=121)
	        Sort Key: c
	        ->  Index Scan using sbtest4_pkey on sbtest4  (cost=0.43..43.74 rows=10 width=121)
	              Index Cond: ((id >= 2471443) AND (id <= 2471452))

table 5 : explain SELECT DISTINCT c FROM sbtest5 WHERE id BETWEEN 2382823 AND 2382832 ORDER BY c
	Unique  (cost=43.91..43.96 rows=10 width=121)
	  ->  Sort  (cost=43.91..43.94 rows=10 width=121)
	        Sort Key: c
	        ->  Index Scan using sbtest5_pkey on sbtest5  (cost=0.43..43.74 rows=10 width=121)
	              Index Cond: ((id >= 2382823) AND (id <= 2382832))

table 6 : explain SELECT DISTINCT c FROM sbtest6 WHERE id BETWEEN 1843472 AND 1843481 ORDER BY c
	Unique  (cost=43.90..43.95 rows=10 width=121)
	  ->  Sort  (cost=43.90..43.93 rows=10 width=121)
	        Sort Key: c
	        ->  Index Scan using sbtest6_pkey on sbtest6  (cost=0.43..43.74 rows=10 width=121)
	              Index Cond: ((id >= 1843472) AND (id <= 1843481))

table 7 : explain SELECT DISTINCT c FROM sbtest7 WHERE id BETWEEN 9637444 AND 9637453 ORDER BY c
	Unique  (cost=47.77..47.83 rows=11 width=121)
	  ->  Sort  (cost=47.77..47.80 rows=11 width=121)
	        Sort Key: c
	        ->  Index Scan using sbtest7_pkey on sbtest7  (cost=0.43..47.58 rows=11 width=121)
	              Index Cond: ((id >= 9637444) AND (id <= 9637453))

table 8 : explain SELECT DISTINCT c FROM sbtest8 WHERE id BETWEEN 1749278 AND 1749287 ORDER BY c
	Unique  (cost=43.69..43.74 rows=10 width=121)
	  ->  Sort  (cost=43.69..43.72 rows=10 width=121)
	        Sort Key: c
	        ->  Index Scan using sbtest8_pkey on sbtest8  (cost=0.43..43.52 rows=10 width=121)
	              Index Cond: ((id >= 1749278) AND (id <= 1749287))

for: distinct_ranges
table 1 : explain SELECT DISTINCT c FROM sbtest1 WHERE id BETWEEN 7137634 AND 7137643 ORDER BY c
	Unique  (cost=43.83..43.88 rows=10 width=121)
	  ->  Sort  (cost=43.83..43.86 rows=10 width=121)
	        Sort Key: c
	        ->  Index Scan using sbtest1_pkey on sbtest1  (cost=0.43..43.67 rows=10 width=121)
	              Index Cond: ((id >= 7137634) AND (id <= 7137643))

table 2 : explain SELECT DISTINCT c FROM sbtest2 WHERE id BETWEEN 3501824 AND 3501833 ORDER BY c
	Unique  (cost=44.12..44.17 rows=10 width=121)
	  ->  Sort  (cost=44.12..44.15 rows=10 width=121)
	        Sort Key: c
	        ->  Index Scan using sbtest2_pkey on sbtest2  (cost=0.43..43.96 rows=10 width=121)
	              Index Cond: ((id >= 3501824) AND (id <= 3501833))

table 3 : explain SELECT DISTINCT c FROM sbtest3 WHERE id BETWEEN 3994497 AND 3994506 ORDER BY c
	Unique  (cost=39.98..40.02 rows=9 width=121)
	  ->  Sort  (cost=39.98..40.00 rows=9 width=121)
	        Sort Key: c
	        ->  Index Scan using sbtest3_pkey on sbtest3  (cost=0.43..39.84 rows=9 width=121)
	              Index Cond: ((id >= 3994497) AND (id <= 3994506))

table 4 : explain SELECT DISTINCT c FROM sbtest4 WHERE id BETWEEN 2517554 AND 2517563 ORDER BY c
	Unique  (cost=43.91..43.96 rows=10 width=121)
	  ->  Sort  (cost=43.91..43.94 rows=10 width=121)
	        Sort Key: c
	        ->  Index Scan using sbtest4_pkey on sbtest4  (cost=0.43..43.74 rows=10 width=121)
	              Index Cond: ((id >= 2517554) AND (id <= 2517563))

table 5 : explain SELECT DISTINCT c FROM sbtest5 WHERE id BETWEEN 8227350 AND 8227359 ORDER BY c
	Unique  (cost=47.86..47.91 rows=11 width=121)
	  ->  Sort  (cost=47.86..47.88 rows=11 width=121)
	        Sort Key: c
	        ->  Index Scan using sbtest5_pkey on sbtest5  (cost=0.43..47.67 rows=11 width=121)
	              Index Cond: ((id >= 8227350) AND (id <= 8227359))

table 6 : explain SELECT DISTINCT c FROM sbtest6 WHERE id BETWEEN 3317971 AND 3317980 ORDER BY c
	Unique  (cost=43.90..43.95 rows=10 width=121)
	  ->  Sort  (cost=43.90..43.93 rows=10 width=121)
	        Sort Key: c
	        ->  Index Scan using sbtest6_pkey on sbtest6  (cost=0.43..43.74 rows=10 width=121)
	              Index Cond: ((id >= 3317971) AND (id <= 3317980))

table 7 : explain SELECT DISTINCT c FROM sbtest7 WHERE id BETWEEN 1588387 AND 1588396 ORDER BY c
	Unique  (cost=43.83..43.88 rows=10 width=121)
	  ->  Sort  (cost=43.83..43.86 rows=10 width=121)
	        Sort Key: c
	        ->  Index Scan using sbtest7_pkey on sbtest7  (cost=0.43..43.67 rows=10 width=121)
	              Index Cond: ((id >= 1588387) AND (id <= 1588396))

table 8 : explain SELECT DISTINCT c FROM sbtest8 WHERE id BETWEEN 5454444 AND 5454453 ORDER BY c
	Unique  (cost=43.69..43.74 rows=10 width=121)
	  ->  Sort  (cost=43.69..43.72 rows=10 width=121)
	        Sort Key: c
	        ->  Index Scan using sbtest8_pkey on sbtest8  (cost=0.43..43.52 rows=10 width=121)
	              Index Cond: ((id >= 5454444) AND (id <= 5454453))
for: distinct_ranges
table 1 : explain SELECT DISTINCT c FROM sbtest1 WHERE id BETWEEN 6550199 AND 6550208 ORDER BY c
	Unique  (cost=47.77..47.82 rows=11 width=121)
	  ->  Sort  (cost=47.77..47.80 rows=11 width=121)
	        Sort Key: c
	        ->  Index Scan using sbtest1_pkey on sbtest1  (cost=0.43..47.58 rows=11 width=121)
	              Index Cond: ((id >= 6550199) AND (id <= 6550208))

table 2 : explain SELECT DISTINCT c FROM sbtest2 WHERE id BETWEEN 4619382 AND 4619391 ORDER BY c
	Unique  (cost=44.12..44.17 rows=10 width=121)
	  ->  Sort  (cost=44.12..44.15 rows=10 width=121)
	        Sort Key: c
	        ->  Index Scan using sbtest2_pkey on sbtest2  (cost=0.43..43.96 rows=10 width=121)
	              Index Cond: ((id >= 4619382) AND (id <= 4619391))

table 3 : explain SELECT DISTINCT c FROM sbtest3 WHERE id BETWEEN 1870529 AND 1870538 ORDER BY c
	Unique  (cost=47.87..47.93 rows=11 width=121)
	  ->  Sort  (cost=47.87..47.90 rows=11 width=121)
	        Sort Key: c
	        ->  Index Scan using sbtest3_pkey on sbtest3  (cost=0.43..47.68 rows=11 width=121)
	              Index Cond: ((id >= 1870529) AND (id <= 1870538))

table 4 : explain SELECT DISTINCT c FROM sbtest4 WHERE id BETWEEN 6308918 AND 6308927 ORDER BY c
	Unique  (cost=43.91..43.96 rows=10 width=121)
	  ->  Sort  (cost=43.91..43.94 rows=10 width=121)
	        Sort Key: c
	        ->  Index Scan using sbtest4_pkey on sbtest4  (cost=0.43..43.74 rows=10 width=121)
	              Index Cond: ((id >= 6308918) AND (id <= 6308927))

table 5 : explain SELECT DISTINCT c FROM sbtest5 WHERE id BETWEEN 7299695 AND 7299704 ORDER BY c
	Unique  (cost=47.86..47.91 rows=11 width=121)
	  ->  Sort  (cost=47.86..47.88 rows=11 width=121)
	        Sort Key: c
	        ->  Index Scan using sbtest5_pkey on sbtest5  (cost=0.43..47.67 rows=11 width=121)
	              Index Cond: ((id >= 7299695) AND (id <= 7299704))

table 6 : explain SELECT DISTINCT c FROM sbtest6 WHERE id BETWEEN 3163626 AND 3163635 ORDER BY c
	Unique  (cost=43.90..43.95 rows=10 width=121)
	  ->  Sort  (cost=43.90..43.93 rows=10 width=121)
	        Sort Key: c
	        ->  Index Scan using sbtest6_pkey on sbtest6  (cost=0.43..43.74 rows=10 width=121)
	              Index Cond: ((id >= 3163626) AND (id <= 3163635))

table 7 : explain SELECT DISTINCT c FROM sbtest7 WHERE id BETWEEN 8542019 AND 8542028 ORDER BY c
	Unique  (cost=43.83..43.88 rows=10 width=121)
	  ->  Sort  (cost=43.83..43.86 rows=10 width=121)
	        Sort Key: c
	        ->  Index Scan using sbtest7_pkey on sbtest7  (cost=0.43..43.67 rows=10 width=121)
	              Index Cond: ((id >= 8542019) AND (id <= 8542028))

table 8 : explain SELECT DISTINCT c FROM sbtest8 WHERE id BETWEEN 170294 AND 170303 ORDER BY c
	Unique  (cost=43.69..43.74 rows=10 width=121)
	  ->  Sort  (cost=43.69..43.72 rows=10 width=121)
	        Sort Key: c
	        ->  Index Scan using sbtest8_pkey on sbtest8  (cost=0.43..43.52 rows=10 width=121)
	              Index Cond: ((id >= 170294) AND (id <= 170303))


for: distinct_ranges
table 1 : explain SELECT DISTINCT c FROM sbtest1 WHERE id BETWEEN 8331109 AND 8331118 ORDER BY c
	Unique  (cost=47.77..47.82 rows=11 width=121)
	  ->  Sort  (cost=47.77..47.80 rows=11 width=121)
	        Sort Key: c
	        ->  Index Scan using sbtest1_pkey on sbtest1  (cost=0.43..47.58 rows=11 width=121)
	              Index Cond: ((id >= 8331109) AND (id <= 8331118))

table 2 : explain SELECT DISTINCT c FROM sbtest2 WHERE id BETWEEN 1911218 AND 1911227 ORDER BY c
	Unique  (cost=44.12..44.17 rows=10 width=121)
	  ->  Sort  (cost=44.12..44.15 rows=10 width=121)
	        Sort Key: c
	        ->  Index Scan using sbtest2_pkey on sbtest2  (cost=0.43..43.96 rows=10 width=121)
	              Index Cond: ((id >= 1911218) AND (id <= 1911227))

table 3 : explain SELECT DISTINCT c FROM sbtest3 WHERE id BETWEEN 9960512 AND 9960521 ORDER BY c
	Unique  (cost=39.98..40.02 rows=9 width=121)
	  ->  Sort  (cost=39.98..40.00 rows=9 width=121)
	        Sort Key: c
	        ->  Index Scan using sbtest3_pkey on sbtest3  (cost=0.43..39.84 rows=9 width=121)
	              Index Cond: ((id >= 9960512) AND (id <= 9960521))

table 4 : explain SELECT DISTINCT c FROM sbtest4 WHERE id BETWEEN 2399214 AND 2399223 ORDER BY c
	Unique  (cost=43.91..43.96 rows=10 width=121)
	  ->  Sort  (cost=43.91..43.94 rows=10 width=121)
	        Sort Key: c
	        ->  Index Scan using sbtest4_pkey on sbtest4  (cost=0.43..43.74 rows=10 width=121)
	              Index Cond: ((id >= 2399214) AND (id <= 2399223))

table 5 : explain SELECT DISTINCT c FROM sbtest5 WHERE id BETWEEN 9023118 AND 9023127 ORDER BY c
	Unique  (cost=47.86..47.91 rows=11 width=121)
	  ->  Sort  (cost=47.86..47.88 rows=11 width=121)
	        Sort Key: c
	        ->  Index Scan using sbtest5_pkey on sbtest5  (cost=0.43..47.67 rows=11 width=121)
	              Index Cond: ((id >= 9023118) AND (id <= 9023127))

table 6 : explain SELECT DISTINCT c FROM sbtest6 WHERE id BETWEEN 7228703 AND 7228712 ORDER BY c
	Unique  (cost=43.90..43.95 rows=10 width=121)
	  ->  Sort  (cost=43.90..43.93 rows=10 width=121)
	        Sort Key: c
	        ->  Index Scan using sbtest6_pkey on sbtest6  (cost=0.43..43.74 rows=10 width=121)
	              Index Cond: ((id >= 7228703) AND (id <= 7228712))

table 7 : explain SELECT DISTINCT c FROM sbtest7 WHERE id BETWEEN 5328482 AND 5328491 ORDER BY c
	Unique  (cost=39.90..39.94 rows=9 width=121)
	  ->  Sort  (cost=39.90..39.92 rows=9 width=121)
	        Sort Key: c
	        ->  Index Scan using sbtest7_pkey on sbtest7  (cost=0.43..39.76 rows=9 width=121)
	              Index Cond: ((id >= 5328482) AND (id <= 5328491))

table 8 : explain SELECT DISTINCT c FROM sbtest8 WHERE id BETWEEN 4545009 AND 4545018 ORDER BY c
	Unique  (cost=43.69..43.74 rows=10 width=121)
	  ->  Sort  (cost=43.69..43.72 rows=10 width=121)
	        Sort Key: c
	        ->  Index Scan using sbtest8_pkey on sbtest8  (cost=0.43..43.52 rows=10 width=121)
	              Index Cond: ((id >= 4545009) AND (id <= 4545018))

for: distinct_ranges
table 1 : explain SELECT DISTINCT c FROM sbtest1 WHERE id BETWEEN 1358473 AND 1358482 ORDER BY c
	Unique  (cost=43.83..43.88 rows=10 width=121)
	  ->  Sort  (cost=43.83..43.86 rows=10 width=121)
	        Sort Key: c
	        ->  Index Scan using sbtest1_pkey on sbtest1  (cost=0.43..43.67 rows=10 width=121)
	              Index Cond: ((id >= 1358473) AND (id <= 1358482))

table 2 : explain SELECT DISTINCT c FROM sbtest2 WHERE id BETWEEN 3427439 AND 3427448 ORDER BY c
	Unique  (cost=40.15..40.20 rows=9 width=121)
	  ->  Sort  (cost=40.15..40.18 rows=9 width=121)
	        Sort Key: c
	        ->  Index Scan using sbtest2_pkey on sbtest2  (cost=0.43..40.01 rows=9 width=121)
	              Index Cond: ((id >= 3427439) AND (id <= 3427448))

table 3 : explain SELECT DISTINCT c FROM sbtest3 WHERE id BETWEEN 8464691 AND 8464700 ORDER BY c
	Unique  (cost=43.92..43.97 rows=10 width=121)
	  ->  Sort  (cost=43.92..43.95 rows=10 width=121)
	        Sort Key: c
	        ->  Index Scan using sbtest3_pkey on sbtest3  (cost=0.43..43.76 rows=10 width=121)
	              Index Cond: ((id >= 8464691) AND (id <= 8464700))

table 4 : explain SELECT DISTINCT c FROM sbtest4 WHERE id BETWEEN 8381536 AND 8381545 ORDER BY c
	Unique  (cost=39.97..40.01 rows=9 width=121)
	  ->  Sort  (cost=39.97..39.99 rows=9 width=121)
	        Sort Key: c
	        ->  Index Scan using sbtest4_pkey on sbtest4  (cost=0.43..39.82 rows=9 width=121)
	              Index Cond: ((id >= 8381536) AND (id <= 8381545))

table 5 : explain SELECT DISTINCT c FROM sbtest5 WHERE id BETWEEN 8816128 AND 8816137 ORDER BY c
	Unique  (cost=47.86..47.91 rows=11 width=121)
	  ->  Sort  (cost=47.86..47.88 rows=11 width=121)
	        Sort Key: c
	        ->  Index Scan using sbtest5_pkey on sbtest5  (cost=0.43..47.67 rows=11 width=121)
	              Index Cond: ((id >= 8816128) AND (id <= 8816137))

table 6 : explain SELECT DISTINCT c FROM sbtest6 WHERE id BETWEEN 6318113 AND 6318122 ORDER BY c
	Unique  (cost=43.90..43.95 rows=10 width=121)
	  ->  Sort  (cost=43.90..43.93 rows=10 width=121)
	        Sort Key: c
	        ->  Index Scan using sbtest6_pkey on sbtest6  (cost=0.43..43.74 rows=10 width=121)
	              Index Cond: ((id >= 6318113) AND (id <= 6318122))

table 7 : explain SELECT DISTINCT c FROM sbtest7 WHERE id BETWEEN 6068687 AND 6068696 ORDER BY c
	Unique  (cost=39.90..39.94 rows=9 width=121)
	  ->  Sort  (cost=39.90..39.92 rows=9 width=121)
	        Sort Key: c
	        ->  Index Scan using sbtest7_pkey on sbtest7  (cost=0.43..39.76 rows=9 width=121)
	              Index Cond: ((id >= 6068687) AND (id <= 6068696))

table 8 : explain SELECT DISTINCT c FROM sbtest8 WHERE id BETWEEN 7839747 AND 7839756 ORDER BY c
	Unique  (cost=39.77..39.82 rows=9 width=121)
	  ->  Sort  (cost=39.77..39.79 rows=9 width=121)
	        Sort Key: c
	        ->  Index Scan using sbtest8_pkey on sbtest8  (cost=0.43..39.63 rows=9 width=121)
	              Index Cond: ((id >= 7839747) AND (id <= 7839756))

for: distinct_ranges
table 1 : explain SELECT DISTINCT c FROM sbtest1 WHERE id BETWEEN 7081302 AND 7081311 ORDER BY c
	Unique  (cost=43.83..43.88 rows=10 width=121)
	  ->  Sort  (cost=43.83..43.86 rows=10 width=121)
	        Sort Key: c
	        ->  Index Scan using sbtest1_pkey on sbtest1  (cost=0.43..43.67 rows=10 width=121)
	              Index Cond: ((id >= 7081302) AND (id <= 7081311))

table 2 : explain SELECT DISTINCT c FROM sbtest2 WHERE id BETWEEN 9061151 AND 9061160 ORDER BY c
	Unique  (cost=48.09..48.15 rows=11 width=121)
	  ->  Sort  (cost=48.09..48.12 rows=11 width=121)
	        Sort Key: c
	        ->  Index Scan using sbtest2_pkey on sbtest2  (cost=0.43..47.90 rows=11 width=121)
	              Index Cond: ((id >= 9061151) AND (id <= 9061160))

table 3 : explain SELECT DISTINCT c FROM sbtest3 WHERE id BETWEEN 5321977 AND 5321986 ORDER BY c
	Unique  (cost=47.87..47.93 rows=11 width=121)
	  ->  Sort  (cost=47.87..47.90 rows=11 width=121)
	        Sort Key: c
	        ->  Index Scan using sbtest3_pkey on sbtest3  (cost=0.43..47.68 rows=11 width=121)
	              Index Cond: ((id >= 5321977) AND (id <= 5321986))

table 4 : explain SELECT DISTINCT c FROM sbtest4 WHERE id BETWEEN 3958171 AND 3958180 ORDER BY c
	Unique  (cost=43.91..43.96 rows=10 width=121)
	  ->  Sort  (cost=43.91..43.94 rows=10 width=121)
	        Sort Key: c
	        ->  Index Scan using sbtest4_pkey on sbtest4  (cost=0.43..43.74 rows=10 width=121)
	              Index Cond: ((id >= 3958171) AND (id <= 3958180))

table 5 : explain SELECT DISTINCT c FROM sbtest5 WHERE id BETWEEN 2956057 AND 2956066 ORDER BY c
	Unique  (cost=43.91..43.96 rows=10 width=121)
	  ->  Sort  (cost=43.91..43.94 rows=10 width=121)
	        Sort Key: c
	        ->  Index Scan using sbtest5_pkey on sbtest5  (cost=0.43..43.74 rows=10 width=121)
	              Index Cond: ((id >= 2956057) AND (id <= 2956066))

table 6 : explain SELECT DISTINCT c FROM sbtest6 WHERE id BETWEEN 728964 AND 728973 ORDER BY c
	Unique  (cost=47.85..47.90 rows=11 width=121)
	  ->  Sort  (cost=47.85..47.87 rows=11 width=121)
	        Sort Key: c
	        ->  Index Scan using sbtest6_pkey on sbtest6  (cost=0.43..47.66 rows=11 width=121)
	              Index Cond: ((id >= 728964) AND (id <= 728973))

table 7 : explain SELECT DISTINCT c FROM sbtest7 WHERE id BETWEEN 4662723 AND 4662732 ORDER BY c
	Unique  (cost=43.83..43.88 rows=10 width=121)
	  ->  Sort  (cost=43.83..43.86 rows=10 width=121)
	        Sort Key: c
	        ->  Index Scan using sbtest7_pkey on sbtest7  (cost=0.43..43.67 rows=10 width=121)
	              Index Cond: ((id >= 4662723) AND (id <= 4662732))

table 8 : explain SELECT DISTINCT c FROM sbtest8 WHERE id BETWEEN 1482939 AND 1482948 ORDER BY c
	Unique  (cost=39.77..39.82 rows=9 width=121)
	  ->  Sort  (cost=39.77..39.79 rows=9 width=121)
	        Sort Key: c
	        ->  Index Scan using sbtest8_pkey on sbtest8  (cost=0.43..39.63 rows=9 width=121)
	              Index Cond: ((id >= 1482939) AND (id <= 1482948))

for: distinct_ranges
table 1 : explain SELECT DISTINCT c FROM sbtest1 WHERE id BETWEEN 8460656 AND 8460665 ORDER BY c
	Unique  (cost=43.83..43.88 rows=10 width=121)
	  ->  Sort  (cost=43.83..43.86 rows=10 width=121)
	        Sort Key: c
	        ->  Index Scan using sbtest1_pkey on sbtest1  (cost=0.43..43.67 rows=10 width=121)
	              Index Cond: ((id >= 8460656) AND (id <= 8460665))

table 2 : explain SELECT DISTINCT c FROM sbtest2 WHERE id BETWEEN 3108217 AND 3108226 ORDER BY c
	Unique  (cost=44.12..44.17 rows=10 width=121)
	  ->  Sort  (cost=44.12..44.15 rows=10 width=121)
	        Sort Key: c
	        ->  Index Scan using sbtest2_pkey on sbtest2  (cost=0.43..43.96 rows=10 width=121)
	              Index Cond: ((id >= 3108217) AND (id <= 3108226))

table 3 : explain SELECT DISTINCT c FROM sbtest3 WHERE id BETWEEN 7902194 AND 7902203 ORDER BY c
	Unique  (cost=43.92..43.97 rows=10 width=121)
	  ->  Sort  (cost=43.92..43.95 rows=10 width=121)
	        Sort Key: c
	        ->  Index Scan using sbtest3_pkey on sbtest3  (cost=0.43..43.76 rows=10 width=121)
	              Index Cond: ((id >= 7902194) AND (id <= 7902203))

table 4 : explain SELECT DISTINCT c FROM sbtest4 WHERE id BETWEEN 7320796 AND 7320805 ORDER BY c
	Unique  (cost=47.86..47.91 rows=11 width=121)
	  ->  Sort  (cost=47.86..47.88 rows=11 width=121)
	        Sort Key: c
	        ->  Index Scan using sbtest4_pkey on sbtest4  (cost=0.43..47.67 rows=11 width=121)
	              Index Cond: ((id >= 7320796) AND (id <= 7320805))

table 5 : explain SELECT DISTINCT c FROM sbtest5 WHERE id BETWEEN 8358148 AND 8358157 ORDER BY c
	Unique  (cost=43.91..43.96 rows=10 width=121)
	  ->  Sort  (cost=43.91..43.94 rows=10 width=121)
	        Sort Key: c
	        ->  Index Scan using sbtest5_pkey on sbtest5  (cost=0.43..43.74 rows=10 width=121)
	              Index Cond: ((id >= 8358148) AND (id <= 8358157))

table 6 : explain SELECT DISTINCT c FROM sbtest6 WHERE id BETWEEN 8038863 AND 8038872 ORDER BY c
	Unique  (cost=43.90..43.95 rows=10 width=121)
	  ->  Sort  (cost=43.90..43.93 rows=10 width=121)
	        Sort Key: c
	        ->  Index Scan using sbtest6_pkey on sbtest6  (cost=0.43..43.74 rows=10 width=121)
	              Index Cond: ((id >= 8038863) AND (id <= 8038872))

table 7 : explain SELECT DISTINCT c FROM sbtest7 WHERE id BETWEEN 1233772 AND 1233781 ORDER BY c
	Unique  (cost=39.90..39.94 rows=9 width=121)
	  ->  Sort  (cost=39.90..39.92 rows=9 width=121)
	        Sort Key: c
	        ->  Index Scan using sbtest7_pkey on sbtest7  (cost=0.43..39.76 rows=9 width=121)
	              Index Cond: ((id >= 1233772) AND (id <= 1233781))

table 8 : explain SELECT DISTINCT c FROM sbtest8 WHERE id BETWEEN 6806816 AND 6806825 ORDER BY c
	Unique  (cost=43.69..43.74 rows=10 width=121)
	  ->  Sort  (cost=43.69..43.72 rows=10 width=121)
	        Sort Key: c
	        ->  Index Scan using sbtest8_pkey on sbtest8  (cost=0.43..43.52 rows=10 width=121)
	              Index Cond: ((id >= 6806816) AND (id <= 6806825))

for: distinct_ranges
table 1 : explain SELECT DISTINCT c FROM sbtest1 WHERE id BETWEEN 8301778 AND 8301787 ORDER BY c
	Unique  (cost=47.77..47.82 rows=11 width=121)
	  ->  Sort  (cost=47.77..47.80 rows=11 width=121)
	        Sort Key: c
	        ->  Index Scan using sbtest1_pkey on sbtest1  (cost=0.43..47.58 rows=11 width=121)
	              Index Cond: ((id >= 8301778) AND (id <= 8301787))

table 2 : explain SELECT DISTINCT c FROM sbtest2 WHERE id BETWEEN 5849616 AND 5849625 ORDER BY c
	Unique  (cost=40.15..40.20 rows=9 width=121)
	  ->  Sort  (cost=40.15..40.18 rows=9 width=121)
	        Sort Key: c
	        ->  Index Scan using sbtest2_pkey on sbtest2  (cost=0.43..40.01 rows=9 width=121)
	              Index Cond: ((id >= 5849616) AND (id <= 5849625))

table 3 : explain SELECT DISTINCT c FROM sbtest3 WHERE id BETWEEN 8660203 AND 8660212 ORDER BY c
	Unique  (cost=43.92..43.97 rows=10 width=121)
	  ->  Sort  (cost=43.92..43.95 rows=10 width=121)
	        Sort Key: c
	        ->  Index Scan using sbtest3_pkey on sbtest3  (cost=0.43..43.76 rows=10 width=121)
	              Index Cond: ((id >= 8660203) AND (id <= 8660212))

table 4 : explain SELECT DISTINCT c FROM sbtest4 WHERE id BETWEEN 1228723 AND 1228732 ORDER BY c
	Unique  (cost=43.91..43.96 rows=10 width=121)
	  ->  Sort  (cost=43.91..43.94 rows=10 width=121)
	        Sort Key: c
	        ->  Index Scan using sbtest4_pkey on sbtest4  (cost=0.43..43.74 rows=10 width=121)
	              Index Cond: ((id >= 1228723) AND (id <= 1228732))

table 5 : explain SELECT DISTINCT c FROM sbtest5 WHERE id BETWEEN 4649296 AND 4649305 ORDER BY c
	Unique  (cost=47.86..47.91 rows=11 width=121)
	  ->  Sort  (cost=47.86..47.88 rows=11 width=121)
	        Sort Key: c
	        ->  Index Scan using sbtest5_pkey on sbtest5  (cost=0.43..47.67 rows=11 width=121)
	              Index Cond: ((id >= 4649296) AND (id <= 4649305))

table 6 : explain SELECT DISTINCT c FROM sbtest6 WHERE id BETWEEN 5607154 AND 5607163 ORDER BY c
	Unique  (cost=43.90..43.95 rows=10 width=121)
	  ->  Sort  (cost=43.90..43.93 rows=10 width=121)
	        Sort Key: c
	        ->  Index Scan using sbtest6_pkey on sbtest6  (cost=0.43..43.74 rows=10 width=121)
	              Index Cond: ((id >= 5607154) AND (id <= 5607163))

table 7 : explain SELECT DISTINCT c FROM sbtest7 WHERE id BETWEEN 8550442 AND 8550451 ORDER BY c
	Unique  (cost=43.83..43.88 rows=10 width=121)
	  ->  Sort  (cost=43.83..43.86 rows=10 width=121)
	        Sort Key: c
	        ->  Index Scan using sbtest7_pkey on sbtest7  (cost=0.43..43.67 rows=10 width=121)
	              Index Cond: ((id >= 8550442) AND (id <= 8550451))

table 8 : explain SELECT DISTINCT c FROM sbtest8 WHERE id BETWEEN 6958903 AND 6958912 ORDER BY c
	Unique  (cost=43.69..43.74 rows=10 width=121)
	  ->  Sort  (cost=43.69..43.72 rows=10 width=121)
	        Sort Key: c
	        ->  Index Scan using sbtest8_pkey on sbtest8  (cost=0.43..43.52 rows=10 width=121)
	              Index Cond: ((id >= 6958903) AND (id <= 6958912))

for: distinct_ranges
table 1 : explain SELECT DISTINCT c FROM sbtest1 WHERE id BETWEEN 3905329 AND 3905338 ORDER BY c
	Unique  (cost=47.77..47.82 rows=11 width=121)
	  ->  Sort  (cost=47.77..47.80 rows=11 width=121)
	        Sort Key: c
	        ->  Index Scan using sbtest1_pkey on sbtest1  (cost=0.43..47.58 rows=11 width=121)
	              Index Cond: ((id >= 3905329) AND (id <= 3905338))

table 2 : explain SELECT DISTINCT c FROM sbtest2 WHERE id BETWEEN 6853153 AND 6853162 ORDER BY c
	Unique  (cost=44.12..44.17 rows=10 width=121)
	  ->  Sort  (cost=44.12..44.15 rows=10 width=121)
	        Sort Key: c
	        ->  Index Scan using sbtest2_pkey on sbtest2  (cost=0.43..43.96 rows=10 width=121)
	              Index Cond: ((id >= 6853153) AND (id <= 6853162))

table 3 : explain SELECT DISTINCT c FROM sbtest3 WHERE id BETWEEN 4821539 AND 4821548 ORDER BY c
	Unique  (cost=43.92..43.97 rows=10 width=121)
	  ->  Sort  (cost=43.92..43.95 rows=10 width=121)
	        Sort Key: c
	        ->  Index Scan using sbtest3_pkey on sbtest3  (cost=0.43..43.76 rows=10 width=121)
	              Index Cond: ((id >= 4821539) AND (id <= 4821548))

table 4 : explain SELECT DISTINCT c FROM sbtest4 WHERE id BETWEEN 8891329 AND 8891338 ORDER BY c
	Unique  (cost=43.91..43.96 rows=10 width=121)
	  ->  Sort  (cost=43.91..43.94 rows=10 width=121)
	        Sort Key: c
	        ->  Index Scan using sbtest4_pkey on sbtest4  (cost=0.43..43.74 rows=10 width=121)
	              Index Cond: ((id >= 8891329) AND (id <= 8891338))

table 5 : explain SELECT DISTINCT c FROM sbtest5 WHERE id BETWEEN 3072707 AND 3072716 ORDER BY c
	Unique  (cost=43.91..43.96 rows=10 width=121)
	  ->  Sort  (cost=43.91..43.94 rows=10 width=121)
	        Sort Key: c
	        ->  Index Scan using sbtest5_pkey on sbtest5  (cost=0.43..43.74 rows=10 width=121)
	              Index Cond: ((id >= 3072707) AND (id <= 3072716))

table 6 : explain SELECT DISTINCT c FROM sbtest6 WHERE id BETWEEN 8921428 AND 8921437 ORDER BY c
	Unique  (cost=47.85..47.90 rows=11 width=121)
	  ->  Sort  (cost=47.85..47.87 rows=11 width=121)
	        Sort Key: c
	        ->  Index Scan using sbtest6_pkey on sbtest6  (cost=0.43..47.66 rows=11 width=121)
	              Index Cond: ((id >= 8921428) AND (id <= 8921437))

table 7 : explain SELECT DISTINCT c FROM sbtest7 WHERE id BETWEEN 1904754 AND 1904763 ORDER BY c
	Unique  (cost=43.83..43.88 rows=10 width=121)
	  ->  Sort  (cost=43.83..43.86 rows=10 width=121)
	        Sort Key: c
	        ->  Index Scan using sbtest7_pkey on sbtest7  (cost=0.43..43.67 rows=10 width=121)
	              Index Cond: ((id >= 1904754) AND (id <= 1904763))

table 8 : explain SELECT DISTINCT c FROM sbtest8 WHERE id BETWEEN 3187830 AND 3187839 ORDER BY c
	Unique  (cost=43.69..43.74 rows=10 width=121)
	  ->  Sort  (cost=43.69..43.72 rows=10 width=121)
	        Sort Key: c
	        ->  Index Scan using sbtest8_pkey on sbtest8  (cost=0.43..43.52 rows=10 width=121)
	              Index Cond: ((id >= 3187830) AND (id <= 3187839))

for: distinct_ranges
table 1 : explain SELECT DISTINCT c FROM sbtest1 WHERE id BETWEEN 385062 AND 385071 ORDER BY c
	Unique  (cost=43.83..43.88 rows=10 width=121)
	  ->  Sort  (cost=43.83..43.86 rows=10 width=121)
	        Sort Key: c
	        ->  Index Scan using sbtest1_pkey on sbtest1  (cost=0.43..43.67 rows=10 width=121)
	              Index Cond: ((id >= 385062) AND (id <= 385071))

table 2 : explain SELECT DISTINCT c FROM sbtest2 WHERE id BETWEEN 1857232 AND 1857241 ORDER BY c
	Unique  (cost=44.12..44.17 rows=10 width=121)
	  ->  Sort  (cost=44.12..44.15 rows=10 width=121)
	        Sort Key: c
	        ->  Index Scan using sbtest2_pkey on sbtest2  (cost=0.43..43.96 rows=10 width=121)
	              Index Cond: ((id >= 1857232) AND (id <= 1857241))

table 3 : explain SELECT DISTINCT c FROM sbtest3 WHERE id BETWEEN 1562202 AND 1562211 ORDER BY c
	Unique  (cost=43.92..43.97 rows=10 width=121)
	  ->  Sort  (cost=43.92..43.95 rows=10 width=121)
	        Sort Key: c
	        ->  Index Scan using sbtest3_pkey on sbtest3  (cost=0.43..43.76 rows=10 width=121)
	              Index Cond: ((id >= 1562202) AND (id <= 1562211))

table 4 : explain SELECT DISTINCT c FROM sbtest4 WHERE id BETWEEN 7126351 AND 7126360 ORDER BY c
	Unique  (cost=43.91..43.96 rows=10 width=121)
	  ->  Sort  (cost=43.91..43.94 rows=10 width=121)
	        Sort Key: c
	        ->  Index Scan using sbtest4_pkey on sbtest4  (cost=0.43..43.74 rows=10 width=121)
	              Index Cond: ((id >= 7126351) AND (id <= 7126360))

table 5 : explain SELECT DISTINCT c FROM sbtest5 WHERE id BETWEEN 5615103 AND 5615112 ORDER BY c
	Unique  (cost=39.97..40.01 rows=9 width=121)
	  ->  Sort  (cost=39.97..39.99 rows=9 width=121)
	        Sort Key: c
	        ->  Index Scan using sbtest5_pkey on sbtest5  (cost=0.43..39.82 rows=9 width=121)
	              Index Cond: ((id >= 5615103) AND (id <= 5615112))

table 6 : explain SELECT DISTINCT c FROM sbtest6 WHERE id BETWEEN 8437076 AND 8437085 ORDER BY c
	Unique  (cost=43.90..43.95 rows=10 width=121)
	  ->  Sort  (cost=43.90..43.93 rows=10 width=121)
	        Sort Key: c
	        ->  Index Scan using sbtest6_pkey on sbtest6  (cost=0.43..43.74 rows=10 width=121)
	              Index Cond: ((id >= 8437076) AND (id <= 8437085))

table 7 : explain SELECT DISTINCT c FROM sbtest7 WHERE id BETWEEN 8774333 AND 8774342 ORDER BY c
	Unique  (cost=43.83..43.88 rows=10 width=121)
	  ->  Sort  (cost=43.83..43.86 rows=10 width=121)
	        Sort Key: c
	        ->  Index Scan using sbtest7_pkey on sbtest7  (cost=0.43..43.67 rows=10 width=121)
	              Index Cond: ((id >= 8774333) AND (id <= 8774342))

table 8 : explain SELECT DISTINCT c FROM sbtest8 WHERE id BETWEEN 4498171 AND 4498180 ORDER BY c
	Unique  (cost=43.69..43.74 rows=10 width=121)
	  ->  Sort  (cost=43.69..43.72 rows=10 width=121)
	        Sort Key: c
	        ->  Index Scan using sbtest8_pkey on sbtest8  (cost=0.43..43.52 rows=10 width=121)
	              Index Cond: ((id >= 4498171) AND (id <= 4498180))

for: order_ranges
table 1 : explain SELECT c FROM sbtest1 WHERE id BETWEEN 9410362 AND 9410371 ORDER BY c
	Sort  (cost=43.83..43.86 rows=10 width=121)
	  Sort Key: c
	  ->  Index Scan using sbtest1_pkey on sbtest1  (cost=0.43..43.67 rows=10 width=121)
	        Index Cond: ((id >= 9410362) AND (id <= 9410371))

table 2 : explain SELECT c FROM sbtest2 WHERE id BETWEEN 7366334 AND 7366343 ORDER BY c
	Sort  (cost=44.12..44.15 rows=10 width=121)
	  Sort Key: c
	  ->  Index Scan using sbtest2_pkey on sbtest2  (cost=0.43..43.96 rows=10 width=121)
	        Index Cond: ((id >= 7366334) AND (id <= 7366343))

table 3 : explain SELECT c FROM sbtest3 WHERE id BETWEEN 507225 AND 507234 ORDER BY c
	Sort  (cost=43.92..43.95 rows=10 width=121)
	  Sort Key: c
	  ->  Index Scan using sbtest3_pkey on sbtest3  (cost=0.43..43.76 rows=10 width=121)
	        Index Cond: ((id >= 507225) AND (id <= 507234))

table 4 : explain SELECT c FROM sbtest4 WHERE id BETWEEN 7066474 AND 7066483 ORDER BY c
	Sort  (cost=51.80..51.83 rows=12 width=121)
	  Sort Key: c
	  ->  Index Scan using sbtest4_pkey on sbtest4  (cost=0.43..51.59 rows=12 width=121)
	        Index Cond: ((id >= 7066474) AND (id <= 7066483))

table 5 : explain SELECT c FROM sbtest5 WHERE id BETWEEN 8905384 AND 8905393 ORDER BY c
	Sort  (cost=43.91..43.94 rows=10 width=121)
	  Sort Key: c
	  ->  Index Scan using sbtest5_pkey on sbtest5  (cost=0.43..43.74 rows=10 width=121)
	        Index Cond: ((id >= 8905384) AND (id <= 8905393))

table 6 : explain SELECT c FROM sbtest6 WHERE id BETWEEN 8871456 AND 8871465 ORDER BY c
	Sort  (cost=47.85..47.87 rows=11 width=121)
	  Sort Key: c
	  ->  Index Scan using sbtest6_pkey on sbtest6  (cost=0.43..47.66 rows=11 width=121)
	        Index Cond: ((id >= 8871456) AND (id <= 8871465))

table 7 : explain SELECT c FROM sbtest7 WHERE id BETWEEN 4751793 AND 4751802 ORDER BY c
	Sort  (cost=39.90..39.92 rows=9 width=121)
	  Sort Key: c
	  ->  Index Scan using sbtest7_pkey on sbtest7  (cost=0.43..39.76 rows=9 width=121)
	        Index Cond: ((id >= 4751793) AND (id <= 4751802))

table 8 : explain SELECT c FROM sbtest8 WHERE id BETWEEN 2254905 AND 2254914 ORDER BY c
	Sort  (cost=43.69..43.72 rows=10 width=121)
	  Sort Key: c
	  ->  Index Scan using sbtest8_pkey on sbtest8  (cost=0.43..43.52 rows=10 width=121)
	        Index Cond: ((id >= 2254905) AND (id <= 2254914))

for: distinct_ranges
table 1 : explain SELECT DISTINCT c FROM sbtest1 WHERE id BETWEEN 6669508 AND 6669517 ORDER BY c
	Unique  (cost=43.83..43.88 rows=10 width=121)
	  ->  Sort  (cost=43.83..43.86 rows=10 width=121)
	        Sort Key: c
	        ->  Index Scan using sbtest1_pkey on sbtest1  (cost=0.43..43.67 rows=10 width=121)
	              Index Cond: ((id >= 6669508) AND (id <= 6669517))

table 2 : explain SELECT DISTINCT c FROM sbtest2 WHERE id BETWEEN 4715749 AND 4715758 ORDER BY c
	Unique  (cost=44.12..44.17 rows=10 width=121)
	  ->  Sort  (cost=44.12..44.15 rows=10 width=121)
	        Sort Key: c
	        ->  Index Scan using sbtest2_pkey on sbtest2  (cost=0.43..43.96 rows=10 width=121)
	              Index Cond: ((id >= 4715749) AND (id <= 4715758))

table 3 : explain SELECT DISTINCT c FROM sbtest3 WHERE id BETWEEN 8568187 AND 8568196 ORDER BY c
	Unique  (cost=43.92..43.97 rows=10 width=121)
	  ->  Sort  (cost=43.92..43.95 rows=10 width=121)
	        Sort Key: c
	        ->  Index Scan using sbtest3_pkey on sbtest3  (cost=0.43..43.76 rows=10 width=121)
	              Index Cond: ((id >= 8568187) AND (id <= 8568196))

table 4 : explain SELECT DISTINCT c FROM sbtest4 WHERE id BETWEEN 5405509 AND 5405518 ORDER BY c
	Unique  (cost=43.91..43.96 rows=10 width=121)
	  ->  Sort  (cost=43.91..43.94 rows=10 width=121)
	        Sort Key: c
	        ->  Index Scan using sbtest4_pkey on sbtest4  (cost=0.43..43.74 rows=10 width=121)
	              Index Cond: ((id >= 5405509) AND (id <= 5405518))

table 5 : explain SELECT DISTINCT c FROM sbtest5 WHERE id BETWEEN 293345 AND 293354 ORDER BY c
	Unique  (cost=43.91..43.96 rows=10 width=121)
	  ->  Sort  (cost=43.91..43.94 rows=10 width=121)
	        Sort Key: c
	        ->  Index Scan using sbtest5_pkey on sbtest5  (cost=0.43..43.74 rows=10 width=121)
	              Index Cond: ((id >= 293345) AND (id <= 293354))

table 6 : explain SELECT DISTINCT c FROM sbtest6 WHERE id BETWEEN 6324414 AND 6324423 ORDER BY c
	Unique  (cost=43.90..43.95 rows=10 width=121)
	  ->  Sort  (cost=43.90..43.93 rows=10 width=121)
	        Sort Key: c
	        ->  Index Scan using sbtest6_pkey on sbtest6  (cost=0.43..43.74 rows=10 width=121)
	              Index Cond: ((id >= 6324414) AND (id <= 6324423))

table 7 : explain SELECT DISTINCT c FROM sbtest7 WHERE id BETWEEN 546670 AND 546679 ORDER BY c
	Unique  (cost=47.77..47.83 rows=11 width=121)
	  ->  Sort  (cost=47.77..47.80 rows=11 width=121)
	        Sort Key: c
	        ->  Index Scan using sbtest7_pkey on sbtest7  (cost=0.43..47.58 rows=11 width=121)
	              Index Cond: ((id >= 546670) AND (id <= 546679))

table 8 : explain SELECT DISTINCT c FROM sbtest8 WHERE id BETWEEN 3016205 AND 3016214 ORDER BY c
	Unique  (cost=43.69..43.74 rows=10 width=121)
	  ->  Sort  (cost=43.69..43.72 rows=10 width=121)
	        Sort Key: c
	        ->  Index Scan using sbtest8_pkey on sbtest8  (cost=0.43..43.52 rows=10 width=121)
	              Index Cond: ((id >= 3016205) AND (id <= 3016214))

for: distinct_ranges
table 1 : explain SELECT DISTINCT c FROM sbtest1 WHERE id BETWEEN 5112419 AND 5112428 ORDER BY c
	Unique  (cost=43.83..43.88 rows=10 width=121)
	  ->  Sort  (cost=43.83..43.86 rows=10 width=121)
	        Sort Key: c
	        ->  Index Scan using sbtest1_pkey on sbtest1  (cost=0.43..43.67 rows=10 width=121)
	              Index Cond: ((id >= 5112419) AND (id <= 5112428))

table 2 : explain SELECT DISTINCT c FROM sbtest2 WHERE id BETWEEN 7906867 AND 7906876 ORDER BY c
	Unique  (cost=40.15..40.20 rows=9 width=121)
	  ->  Sort  (cost=40.15..40.18 rows=9 width=121)
	        Sort Key: c
	        ->  Index Scan using sbtest2_pkey on sbtest2  (cost=0.43..40.01 rows=9 width=121)
	              Index Cond: ((id >= 7906867) AND (id <= 7906876))

table 3 : explain SELECT DISTINCT c FROM sbtest3 WHERE id BETWEEN 3204586 AND 3204595 ORDER BY c
	Unique  (cost=39.98..40.02 rows=9 width=121)
	  ->  Sort  (cost=39.98..40.00 rows=9 width=121)
	        Sort Key: c
	        ->  Index Scan using sbtest3_pkey on sbtest3  (cost=0.43..39.84 rows=9 width=121)
	              Index Cond: ((id >= 3204586) AND (id <= 3204595))

table 4 : explain SELECT DISTINCT c FROM sbtest4 WHERE id BETWEEN 2633071 AND 2633080 ORDER BY c
	Unique  (cost=43.91..43.96 rows=10 width=121)
	  ->  Sort  (cost=43.91..43.94 rows=10 width=121)
	        Sort Key: c
	        ->  Index Scan using sbtest4_pkey on sbtest4  (cost=0.43..43.74 rows=10 width=121)
	              Index Cond: ((id >= 2633071) AND (id <= 2633080))

table 5 : explain SELECT DISTINCT c FROM sbtest5 WHERE id BETWEEN 1942936 AND 1942945 ORDER BY c
	Unique  (cost=43.91..43.96 rows=10 width=121)
	  ->  Sort  (cost=43.91..43.94 rows=10 width=121)
	        Sort Key: c
	        ->  Index Scan using sbtest5_pkey on sbtest5  (cost=0.43..43.74 rows=10 width=121)
	              Index Cond: ((id >= 1942936) AND (id <= 1942945))

table 6 : explain SELECT DISTINCT c FROM sbtest6 WHERE id BETWEEN 4138232 AND 4138241 ORDER BY c
	Unique  (cost=43.90..43.95 rows=10 width=121)
	  ->  Sort  (cost=43.90..43.93 rows=10 width=121)
	        Sort Key: c
	        ->  Index Scan using sbtest6_pkey on sbtest6  (cost=0.43..43.74 rows=10 width=121)
	              Index Cond: ((id >= 4138232) AND (id <= 4138241))

table 7 : explain SELECT DISTINCT c FROM sbtest7 WHERE id BETWEEN 8685072 AND 8685081 ORDER BY c
	Unique  (cost=43.83..43.88 rows=10 width=121)
	  ->  Sort  (cost=43.83..43.86 rows=10 width=121)
	        Sort Key: c
	        ->  Index Scan using sbtest7_pkey on sbtest7  (cost=0.43..43.67 rows=10 width=121)
	              Index Cond: ((id >= 8685072) AND (id <= 8685081))

table 8 : explain SELECT DISTINCT c FROM sbtest8 WHERE id BETWEEN 1564247 AND 1564256 ORDER BY c
	Unique  (cost=43.69..43.74 rows=10 width=121)
	  ->  Sort  (cost=43.69..43.72 rows=10 width=121)
	        Sort Key: c
	        ->  Index Scan using sbtest8_pkey on sbtest8  (cost=0.43..43.52 rows=10 width=121)
	              Index Cond: ((id >= 1564247) AND (id <= 1564256))

for: distinct_ranges
table 1 : explain SELECT DISTINCT c FROM sbtest1 WHERE id BETWEEN 5812202 AND 5812211 ORDER BY c
	Unique  (cost=43.83..43.88 rows=10 width=121)
	  ->  Sort  (cost=43.83..43.86 rows=10 width=121)
	        Sort Key: c
	        ->  Index Scan using sbtest1_pkey on sbtest1  (cost=0.43..43.67 rows=10 width=121)
	              Index Cond: ((id >= 5812202) AND (id <= 5812211))

table 2 : explain SELECT DISTINCT c FROM sbtest2 WHERE id BETWEEN 16424 AND 16433 ORDER BY c
	Unique  (cost=44.12..44.17 rows=10 width=121)
	  ->  Sort  (cost=44.12..44.15 rows=10 width=121)
	        Sort Key: c
	        ->  Index Scan using sbtest2_pkey on sbtest2  (cost=0.43..43.96 rows=10 width=121)
	              Index Cond: ((id >= 16424) AND (id <= 16433))

table 3 : explain SELECT DISTINCT c FROM sbtest3 WHERE id BETWEEN 9572641 AND 9572650 ORDER BY c
	Unique  (cost=43.92..43.97 rows=10 width=121)
	  ->  Sort  (cost=43.92..43.95 rows=10 width=121)
	        Sort Key: c
	        ->  Index Scan using sbtest3_pkey on sbtest3  (cost=0.43..43.76 rows=10 width=121)
	              Index Cond: ((id >= 9572641) AND (id <= 9572650))

table 4 : explain SELECT DISTINCT c FROM sbtest4 WHERE id BETWEEN 7555158 AND 7555167 ORDER BY c
	Unique  (cost=43.91..43.96 rows=10 width=121)
	  ->  Sort  (cost=43.91..43.94 rows=10 width=121)
	        Sort Key: c
	        ->  Index Scan using sbtest4_pkey on sbtest4  (cost=0.43..43.74 rows=10 width=121)
	              Index Cond: ((id >= 7555158) AND (id <= 7555167))

table 5 : explain SELECT DISTINCT c FROM sbtest5 WHERE id BETWEEN 9552527 AND 9552536 ORDER BY c
	Unique  (cost=43.91..43.96 rows=10 width=121)
	  ->  Sort  (cost=43.91..43.94 rows=10 width=121)
	        Sort Key: c
	        ->  Index Scan using sbtest5_pkey on sbtest5  (cost=0.43..43.74 rows=10 width=121)
	              Index Cond: ((id >= 9552527) AND (id <= 9552536))

table 6 : explain SELECT DISTINCT c FROM sbtest6 WHERE id BETWEEN 7673932 AND 7673941 ORDER BY c
	Unique  (cost=43.90..43.95 rows=10 width=121)
	  ->  Sort  (cost=43.90..43.93 rows=10 width=121)
	        Sort Key: c
	        ->  Index Scan using sbtest6_pkey on sbtest6  (cost=0.43..43.74 rows=10 width=121)
	              Index Cond: ((id >= 7673932) AND (id <= 7673941))

table 7 : explain SELECT DISTINCT c FROM sbtest7 WHERE id BETWEEN 7732908 AND 7732917 ORDER BY c
	Unique  (cost=43.83..43.88 rows=10 width=121)
	  ->  Sort  (cost=43.83..43.86 rows=10 width=121)
	        Sort Key: c
	        ->  Index Scan using sbtest7_pkey on sbtest7  (cost=0.43..43.67 rows=10 width=121)
	              Index Cond: ((id >= 7732908) AND (id <= 7732917))

table 8 : explain SELECT DISTINCT c FROM sbtest8 WHERE id BETWEEN 657465 AND 657474 ORDER BY c
	Unique  (cost=43.69..43.74 rows=10 width=121)
	  ->  Sort  (cost=43.69..43.72 rows=10 width=121)
	        Sort Key: c
	        ->  Index Scan using sbtest8_pkey on sbtest8  (cost=0.43..43.52 rows=10 width=121)
	              Index Cond: ((id >= 657465) AND (id <= 657474))

for: distinct_ranges
table 1 : explain SELECT DISTINCT c FROM sbtest1 WHERE id BETWEEN 8754545 AND 8754554 ORDER BY c
	Unique  (cost=39.90..39.94 rows=9 width=121)
	  ->  Sort  (cost=39.90..39.92 rows=9 width=121)
	        Sort Key: c
	        ->  Index Scan using sbtest1_pkey on sbtest1  (cost=0.43..39.75 rows=9 width=121)
	              Index Cond: ((id >= 8754545) AND (id <= 8754554))

table 2 : explain SELECT DISTINCT c FROM sbtest2 WHERE id BETWEEN 1799966 AND 1799975 ORDER BY c
	Unique  (cost=40.15..40.20 rows=9 width=121)
	  ->  Sort  (cost=40.15..40.18 rows=9 width=121)
	        Sort Key: c
	        ->  Index Scan using sbtest2_pkey on sbtest2  (cost=0.43..40.01 rows=9 width=121)
	              Index Cond: ((id >= 1799966) AND (id <= 1799975))

table 3 : explain SELECT DISTINCT c FROM sbtest3 WHERE id BETWEEN 3217829 AND 3217838 ORDER BY c
	Unique  (cost=39.98..40.02 rows=9 width=121)
	  ->  Sort  (cost=39.98..40.00 rows=9 width=121)
	        Sort Key: c
	        ->  Index Scan using sbtest3_pkey on sbtest3  (cost=0.43..39.84 rows=9 width=121)
	              Index Cond: ((id >= 3217829) AND (id <= 3217838))

table 4 : explain SELECT DISTINCT c FROM sbtest4 WHERE id BETWEEN 3466165 AND 3466174 ORDER BY c
	Unique  (cost=47.86..47.91 rows=11 width=121)
	  ->  Sort  (cost=47.86..47.88 rows=11 width=121)
	        Sort Key: c
	        ->  Index Scan using sbtest4_pkey on sbtest4  (cost=0.43..47.67 rows=11 width=121)
	              Index Cond: ((id >= 3466165) AND (id <= 3466174))

table 5 : explain SELECT DISTINCT c FROM sbtest5 WHERE id BETWEEN 3147949 AND 3147958 ORDER BY c
	Unique  (cost=43.91..43.96 rows=10 width=121)
	  ->  Sort  (cost=43.91..43.94 rows=10 width=121)
	        Sort Key: c
	        ->  Index Scan using sbtest5_pkey on sbtest5  (cost=0.43..43.74 rows=10 width=121)
	              Index Cond: ((id >= 3147949) AND (id <= 3147958))

table 6 : explain SELECT DISTINCT c FROM sbtest6 WHERE id BETWEEN 2979168 AND 2979177 ORDER BY c
	Unique  (cost=43.90..43.95 rows=10 width=121)
	  ->  Sort  (cost=43.90..43.93 rows=10 width=121)
	        Sort Key: c
	        ->  Index Scan using sbtest6_pkey on sbtest6  (cost=0.43..43.74 rows=10 width=121)
	              Index Cond: ((id >= 2979168) AND (id <= 2979177))

table 7 : explain SELECT DISTINCT c FROM sbtest7 WHERE id BETWEEN 4508484 AND 4508493 ORDER BY c
	Unique  (cost=43.83..43.88 rows=10 width=121)
	  ->  Sort  (cost=43.83..43.86 rows=10 width=121)
	        Sort Key: c
	        ->  Index Scan using sbtest7_pkey on sbtest7  (cost=0.43..43.67 rows=10 width=121)
	              Index Cond: ((id >= 4508484) AND (id <= 4508493))

table 8 : explain SELECT DISTINCT c FROM sbtest8 WHERE id BETWEEN 6738466 AND 6738475 ORDER BY c
	Unique  (cost=43.69..43.74 rows=10 width=121)
	  ->  Sort  (cost=43.69..43.72 rows=10 width=121)
	        Sort Key: c
	        ->  Index Scan using sbtest8_pkey on sbtest8  (cost=0.43..43.52 rows=10 width=121)
	              Index Cond: ((id >= 6738466) AND (id <= 6738475))

for: distinct_ranges
table 1 : explain SELECT DISTINCT c FROM sbtest1 WHERE id BETWEEN 7012738 AND 7012747 ORDER BY c
	Unique  (cost=43.83..43.88 rows=10 width=121)
	  ->  Sort  (cost=43.83..43.86 rows=10 width=121)
	        Sort Key: c
	        ->  Index Scan using sbtest1_pkey on sbtest1  (cost=0.43..43.67 rows=10 width=121)
	              Index Cond: ((id >= 7012738) AND (id <= 7012747))

table 2 : explain SELECT DISTINCT c FROM sbtest2 WHERE id BETWEEN 1714569 AND 1714578 ORDER BY c
	Unique  (cost=40.15..40.20 rows=9 width=121)
	  ->  Sort  (cost=40.15..40.18 rows=9 width=121)
	        Sort Key: c
	        ->  Index Scan using sbtest2_pkey on sbtest2  (cost=0.43..40.01 rows=9 width=121)
	              Index Cond: ((id >= 1714569) AND (id <= 1714578))

table 3 : explain SELECT DISTINCT c FROM sbtest3 WHERE id BETWEEN 4093067 AND 4093076 ORDER BY c
	Unique  (cost=39.98..40.02 rows=9 width=121)
	  ->  Sort  (cost=39.98..40.00 rows=9 width=121)
	        Sort Key: c
	        ->  Index Scan using sbtest3_pkey on sbtest3  (cost=0.43..39.84 rows=9 width=121)
	              Index Cond: ((id >= 4093067) AND (id <= 4093076))

table 4 : explain SELECT DISTINCT c FROM sbtest4 WHERE id BETWEEN 3405498 AND 3405507 ORDER BY c
	Unique  (cost=47.86..47.91 rows=11 width=121)
	  ->  Sort  (cost=47.86..47.88 rows=11 width=121)
	        Sort Key: c
	        ->  Index Scan using sbtest4_pkey on sbtest4  (cost=0.43..47.67 rows=11 width=121)
	              Index Cond: ((id >= 3405498) AND (id <= 3405507))

table 5 : explain SELECT DISTINCT c FROM sbtest5 WHERE id BETWEEN 4942083 AND 4942092 ORDER BY c
	Unique  (cost=43.91..43.96 rows=10 width=121)
	  ->  Sort  (cost=43.91..43.94 rows=10 width=121)
	        Sort Key: c
	        ->  Index Scan using sbtest5_pkey on sbtest5  (cost=0.43..43.74 rows=10 width=121)
	              Index Cond: ((id >= 4942083) AND (id <= 4942092))

table 6 : explain SELECT DISTINCT c FROM sbtest6 WHERE id BETWEEN 8924330 AND 8924339 ORDER BY c
	Unique  (cost=43.90..43.95 rows=10 width=121)
	  ->  Sort  (cost=43.90..43.93 rows=10 width=121)
	        Sort Key: c
	        ->  Index Scan using sbtest6_pkey on sbtest6  (cost=0.43..43.74 rows=10 width=121)
	              Index Cond: ((id >= 8924330) AND (id <= 8924339))

table 7 : explain SELECT DISTINCT c FROM sbtest7 WHERE id BETWEEN 3058996 AND 3059005 ORDER BY c
	Unique  (cost=39.90..39.94 rows=9 width=121)
	  ->  Sort  (cost=39.90..39.92 rows=9 width=121)
	        Sort Key: c
	        ->  Index Scan using sbtest7_pkey on sbtest7  (cost=0.43..39.76 rows=9 width=121)
	              Index Cond: ((id >= 3058996) AND (id <= 3059005))

table 8 : explain SELECT DISTINCT c FROM sbtest8 WHERE id BETWEEN 9378052 AND 9378061 ORDER BY c
	Unique  (cost=43.69..43.74 rows=10 width=121)
	  ->  Sort  (cost=43.69..43.72 rows=10 width=121)
	        Sort Key: c
	        ->  Index Scan using sbtest8_pkey on sbtest8  (cost=0.43..43.52 rows=10 width=121)
	              Index Cond: ((id >= 9378052) AND (id <= 9378061))

for: order_ranges
table 1 : explain SELECT c FROM sbtest1 WHERE id BETWEEN 1361214 AND 1361223 ORDER BY c
	Sort  (cost=43.83..43.86 rows=10 width=121)
	  Sort Key: c
	  ->  Index Scan using sbtest1_pkey on sbtest1  (cost=0.43..43.67 rows=10 width=121)
	        Index Cond: ((id >= 1361214) AND (id <= 1361223))

table 2 : explain SELECT c FROM sbtest2 WHERE id BETWEEN 3969358 AND 3969367 ORDER BY c
	Sort  (cost=48.09..48.12 rows=11 width=121)
	  Sort Key: c
	  ->  Index Scan using sbtest2_pkey on sbtest2  (cost=0.43..47.90 rows=11 width=121)
	        Index Cond: ((id >= 3969358) AND (id <= 3969367))

table 3 : explain SELECT c FROM sbtest3 WHERE id BETWEEN 8121157 AND 8121166 ORDER BY c
	Sort  (cost=43.92..43.95 rows=10 width=121)
	  Sort Key: c
	  ->  Index Scan using sbtest3_pkey on sbtest3  (cost=0.43..43.76 rows=10 width=121)
	        Index Cond: ((id >= 8121157) AND (id <= 8121166))

table 4 : explain SELECT c FROM sbtest4 WHERE id BETWEEN 211786 AND 211795 ORDER BY c
	Sort  (cost=47.86..47.88 rows=11 width=121)
	  Sort Key: c
	  ->  Index Scan using sbtest4_pkey on sbtest4  (cost=0.43..47.67 rows=11 width=121)
	        Index Cond: ((id >= 211786) AND (id <= 211795))

table 5 : explain SELECT c FROM sbtest5 WHERE id BETWEEN 1641727 AND 1641736 ORDER BY c
	Sort  (cost=47.86..47.88 rows=11 width=121)
	  Sort Key: c
	  ->  Index Scan using sbtest5_pkey on sbtest5  (cost=0.43..47.67 rows=11 width=121)
	        Index Cond: ((id >= 1641727) AND (id <= 1641736))

table 6 : explain SELECT c FROM sbtest6 WHERE id BETWEEN 7995944 AND 7995953 ORDER BY c
	Sort  (cost=43.90..43.93 rows=10 width=121)
	  Sort Key: c
	  ->  Index Scan using sbtest6_pkey on sbtest6  (cost=0.43..43.74 rows=10 width=121)
	        Index Cond: ((id >= 7995944) AND (id <= 7995953))

table 7 : explain SELECT c FROM sbtest7 WHERE id BETWEEN 759177 AND 759186 ORDER BY c
	Sort  (cost=47.77..47.80 rows=11 width=121)
	  Sort Key: c
	  ->  Index Scan using sbtest7_pkey on sbtest7  (cost=0.43..47.58 rows=11 width=121)
	        Index Cond: ((id >= 759177) AND (id <= 759186))

table 8 : explain SELECT c FROM sbtest8 WHERE id BETWEEN 6151872 AND 6151881 ORDER BY c
	Sort  (cost=43.69..43.72 rows=10 width=121)
	  Sort Key: c
	  ->  Index Scan using sbtest8_pkey on sbtest8  (cost=0.43..43.52 rows=10 width=121)
	        Index Cond: ((id >= 6151872) AND (id <= 6151881))

for: distinct_ranges
table 1 : explain SELECT DISTINCT c FROM sbtest1 WHERE id BETWEEN 4700523 AND 4700532 ORDER BY c
	Unique  (cost=43.83..43.88 rows=10 width=121)
	  ->  Sort  (cost=43.83..43.86 rows=10 width=121)
	        Sort Key: c
	        ->  Index Scan using sbtest1_pkey on sbtest1  (cost=0.43..43.67 rows=10 width=121)
	              Index Cond: ((id >= 4700523) AND (id <= 4700532))

table 2 : explain SELECT DISTINCT c FROM sbtest2 WHERE id BETWEEN 2578941 AND 2578950 ORDER BY c
	Unique  (cost=48.09..48.15 rows=11 width=121)
	  ->  Sort  (cost=48.09..48.12 rows=11 width=121)
	        Sort Key: c
	        ->  Index Scan using sbtest2_pkey on sbtest2  (cost=0.43..47.90 rows=11 width=121)
	              Index Cond: ((id >= 2578941) AND (id <= 2578950))

table 3 : explain SELECT DISTINCT c FROM sbtest3 WHERE id BETWEEN 7568478 AND 7568487 ORDER BY c
	Unique  (cost=43.92..43.97 rows=10 width=121)
	  ->  Sort  (cost=43.92..43.95 rows=10 width=121)
	        Sort Key: c
	        ->  Index Scan using sbtest3_pkey on sbtest3  (cost=0.43..43.76 rows=10 width=121)
	              Index Cond: ((id >= 7568478) AND (id <= 7568487))

table 4 : explain SELECT DISTINCT c FROM sbtest4 WHERE id BETWEEN 7291982 AND 7291991 ORDER BY c
	Unique  (cost=39.97..40.01 rows=9 width=121)
	  ->  Sort  (cost=39.97..39.99 rows=9 width=121)
	        Sort Key: c
	        ->  Index Scan using sbtest4_pkey on sbtest4  (cost=0.43..39.82 rows=9 width=121)
	              Index Cond: ((id >= 7291982) AND (id <= 7291991))

table 5 : explain SELECT DISTINCT c FROM sbtest5 WHERE id BETWEEN 7378062 AND 7378071 ORDER BY c
	Unique  (cost=47.86..47.91 rows=11 width=121)
	  ->  Sort  (cost=47.86..47.88 rows=11 width=121)
	        Sort Key: c
	        ->  Index Scan using sbtest5_pkey on sbtest5  (cost=0.43..47.67 rows=11 width=121)
	              Index Cond: ((id >= 7378062) AND (id <= 7378071))

table 6 : explain SELECT DISTINCT c FROM sbtest6 WHERE id BETWEEN 1939272 AND 1939281 ORDER BY c
	Unique  (cost=43.90..43.95 rows=10 width=121)
	  ->  Sort  (cost=43.90..43.93 rows=10 width=121)
	        Sort Key: c
	        ->  Index Scan using sbtest6_pkey on sbtest6  (cost=0.43..43.74 rows=10 width=121)
	              Index Cond: ((id >= 1939272) AND (id <= 1939281))

table 7 : explain SELECT DISTINCT c FROM sbtest7 WHERE id BETWEEN 6260479 AND 6260488 ORDER BY c
	Unique  (cost=43.83..43.88 rows=10 width=121)
	  ->  Sort  (cost=43.83..43.86 rows=10 width=121)
	        Sort Key: c
	        ->  Index Scan using sbtest7_pkey on sbtest7  (cost=0.43..43.67 rows=10 width=121)
	              Index Cond: ((id >= 6260479) AND (id <= 6260488))

table 8 : explain SELECT DISTINCT c FROM sbtest8 WHERE id BETWEEN 9374106 AND 9374115 ORDER BY c
	Unique  (cost=43.69..43.74 rows=10 width=121)
	  ->  Sort  (cost=43.69..43.72 rows=10 width=121)
	        Sort Key: c
	        ->  Index Scan using sbtest8_pkey on sbtest8  (cost=0.43..43.52 rows=10 width=121)
	              Index Cond: ((id >= 9374106) AND (id <= 9374115))

for: distinct_ranges
table 1 : explain SELECT DISTINCT c FROM sbtest1 WHERE id BETWEEN 3955118 AND 3955127 ORDER BY c
	Unique  (cost=47.77..47.82 rows=11 width=121)
	  ->  Sort  (cost=47.77..47.80 rows=11 width=121)
	        Sort Key: c
	        ->  Index Scan using sbtest1_pkey on sbtest1  (cost=0.43..47.58 rows=11 width=121)
	              Index Cond: ((id >= 3955118) AND (id <= 3955127))

table 2 : explain SELECT DISTINCT c FROM sbtest2 WHERE id BETWEEN 750758 AND 750767 ORDER BY c
	Unique  (cost=44.12..44.17 rows=10 width=121)
	  ->  Sort  (cost=44.12..44.15 rows=10 width=121)
	        Sort Key: c
	        ->  Index Scan using sbtest2_pkey on sbtest2  (cost=0.43..43.96 rows=10 width=121)
	              Index Cond: ((id >= 750758) AND (id <= 750767))

table 3 : explain SELECT DISTINCT c FROM sbtest3 WHERE id BETWEEN 1576242 AND 1576251 ORDER BY c
	Unique  (cost=43.92..43.97 rows=10 width=121)
	  ->  Sort  (cost=43.92..43.95 rows=10 width=121)
	        Sort Key: c
	        ->  Index Scan using sbtest3_pkey on sbtest3  (cost=0.43..43.76 rows=10 width=121)
	              Index Cond: ((id >= 1576242) AND (id <= 1576251))

table 4 : explain SELECT DISTINCT c FROM sbtest4 WHERE id BETWEEN 6585548 AND 6585557 ORDER BY c
	Unique  (cost=39.97..40.01 rows=9 width=121)
	  ->  Sort  (cost=39.97..39.99 rows=9 width=121)
	        Sort Key: c
	        ->  Index Scan using sbtest4_pkey on sbtest4  (cost=0.43..39.82 rows=9 width=121)
	              Index Cond: ((id >= 6585548) AND (id <= 6585557))

table 5 : explain SELECT DISTINCT c FROM sbtest5 WHERE id BETWEEN 8001366 AND 8001375 ORDER BY c
	Unique  (cost=39.97..40.01 rows=9 width=121)
	  ->  Sort  (cost=39.97..39.99 rows=9 width=121)
	        Sort Key: c
	        ->  Index Scan using sbtest5_pkey on sbtest5  (cost=0.43..39.82 rows=9 width=121)
	              Index Cond: ((id >= 8001366) AND (id <= 8001375))

table 6 : explain SELECT DISTINCT c FROM sbtest6 WHERE id BETWEEN 3606154 AND 3606163 ORDER BY c
	Unique  (cost=47.85..47.90 rows=11 width=121)
	  ->  Sort  (cost=47.85..47.87 rows=11 width=121)
	        Sort Key: c
	        ->  Index Scan using sbtest6_pkey on sbtest6  (cost=0.43..47.66 rows=11 width=121)
	              Index Cond: ((id >= 3606154) AND (id <= 3606163))

table 7 : explain SELECT DISTINCT c FROM sbtest7 WHERE id BETWEEN 9517656 AND 9517665 ORDER BY c
	Unique  (cost=47.77..47.83 rows=11 width=121)
	  ->  Sort  (cost=47.77..47.80 rows=11 width=121)
	        Sort Key: c
	        ->  Index Scan using sbtest7_pkey on sbtest7  (cost=0.43..47.58 rows=11 width=121)
	              Index Cond: ((id >= 9517656) AND (id <= 9517665))

table 8 : explain SELECT DISTINCT c FROM sbtest8 WHERE id BETWEEN 2519655 AND 2519664 ORDER BY c
	Unique  (cost=43.69..43.74 rows=10 width=121)
	  ->  Sort  (cost=43.69..43.72 rows=10 width=121)
	        Sort Key: c
	        ->  Index Scan using sbtest8_pkey on sbtest8  (cost=0.43..43.52 rows=10 width=121)
	              Index Cond: ((id >= 2519655) AND (id <= 2519664))
for: distinct_ranges
table 1 : explain SELECT DISTINCT c FROM sbtest1 WHERE id BETWEEN 4579183 AND 4579192 ORDER BY c
	Unique  (cost=39.90..39.94 rows=9 width=121)
	  ->  Sort  (cost=39.90..39.92 rows=9 width=121)
	        Sort Key: c
	        ->  Index Scan using sbtest1_pkey on sbtest1  (cost=0.43..39.75 rows=9 width=121)
	              Index Cond: ((id >= 4579183) AND (id <= 4579192))

table 2 : explain SELECT DISTINCT c FROM sbtest2 WHERE id BETWEEN 4249184 AND 4249193 ORDER BY c
	Unique  (cost=44.12..44.17 rows=10 width=121)
	  ->  Sort  (cost=44.12..44.15 rows=10 width=121)
	        Sort Key: c
	        ->  Index Scan using sbtest2_pkey on sbtest2  (cost=0.43..43.96 rows=10 width=121)
	              Index Cond: ((id >= 4249184) AND (id <= 4249193))

table 3 : explain SELECT DISTINCT c FROM sbtest3 WHERE id BETWEEN 647458 AND 647467 ORDER BY c
	Unique  (cost=43.92..43.97 rows=10 width=121)
	  ->  Sort  (cost=43.92..43.95 rows=10 width=121)
	        Sort Key: c
	        ->  Index Scan using sbtest3_pkey on sbtest3  (cost=0.43..43.76 rows=10 width=121)
	              Index Cond: ((id >= 647458) AND (id <= 647467))

table 4 : explain SELECT DISTINCT c FROM sbtest4 WHERE id BETWEEN 8614331 AND 8614340 ORDER BY c
	Unique  (cost=43.91..43.96 rows=10 width=121)
	  ->  Sort  (cost=43.91..43.94 rows=10 width=121)
	        Sort Key: c
	        ->  Index Scan using sbtest4_pkey on sbtest4  (cost=0.43..43.74 rows=10 width=121)
	              Index Cond: ((id >= 8614331) AND (id <= 8614340))

table 5 : explain SELECT DISTINCT c FROM sbtest5 WHERE id BETWEEN 2346232 AND 2346241 ORDER BY c
	Unique  (cost=43.91..43.96 rows=10 width=121)
	  ->  Sort  (cost=43.91..43.94 rows=10 width=121)
	        Sort Key: c
	        ->  Index Scan using sbtest5_pkey on sbtest5  (cost=0.43..43.74 rows=10 width=121)
	              Index Cond: ((id >= 2346232) AND (id <= 2346241))

table 6 : explain SELECT DISTINCT c FROM sbtest6 WHERE id BETWEEN 6874669 AND 6874678 ORDER BY c
	Unique  (cost=47.85..47.90 rows=11 width=121)
	  ->  Sort  (cost=47.85..47.87 rows=11 width=121)
	        Sort Key: c
	        ->  Index Scan using sbtest6_pkey on sbtest6  (cost=0.43..47.66 rows=11 width=121)
	              Index Cond: ((id >= 6874669) AND (id <= 6874678))

table 7 : explain SELECT DISTINCT c FROM sbtest7 WHERE id BETWEEN 3290249 AND 3290258 ORDER BY c
	Unique  (cost=43.83..43.88 rows=10 width=121)
	  ->  Sort  (cost=43.83..43.86 rows=10 width=121)
	        Sort Key: c
	        ->  Index Scan using sbtest7_pkey on sbtest7  (cost=0.43..43.67 rows=10 width=121)
	              Index Cond: ((id >= 3290249) AND (id <= 3290258))

table 8 : explain SELECT DISTINCT c FROM sbtest8 WHERE id BETWEEN 2029670 AND 2029679 ORDER BY c
	Unique  (cost=39.77..39.82 rows=9 width=121)
	  ->  Sort  (cost=39.77..39.79 rows=9 width=121)
	        Sort Key: c
	        ->  Index Scan using sbtest8_pkey on sbtest8  (cost=0.43..39.63 rows=9 width=121)
	              Index Cond: ((id >= 2029670) AND (id <= 2029679))


for: distinct_ranges
table 1 : explain SELECT DISTINCT c FROM sbtest1 WHERE id BETWEEN 7795059 AND 7795068 ORDER BY c
	Unique  (cost=43.83..43.88 rows=10 width=121)
	  ->  Sort  (cost=43.83..43.86 rows=10 width=121)
	        Sort Key: c
	        ->  Index Scan using sbtest1_pkey on sbtest1  (cost=0.43..43.67 rows=10 width=121)
	              Index Cond: ((id >= 7795059) AND (id <= 7795068))

table 2 : explain SELECT DISTINCT c FROM sbtest2 WHERE id BETWEEN 7579632 AND 7579641 ORDER BY c
	Unique  (cost=48.09..48.15 rows=11 width=121)
	  ->  Sort  (cost=48.09..48.12 rows=11 width=121)
	        Sort Key: c
	        ->  Index Scan using sbtest2_pkey on sbtest2  (cost=0.43..47.90 rows=11 width=121)
	              Index Cond: ((id >= 7579632) AND (id <= 7579641))

table 3 : explain SELECT DISTINCT c FROM sbtest3 WHERE id BETWEEN 9483143 AND 9483152 ORDER BY c
	Unique  (cost=43.92..43.97 rows=10 width=121)
	  ->  Sort  (cost=43.92..43.95 rows=10 width=121)
	        Sort Key: c
	        ->  Index Scan using sbtest3_pkey on sbtest3  (cost=0.43..43.76 rows=10 width=121)
	              Index Cond: ((id >= 9483143) AND (id <= 9483152))

table 4 : explain SELECT DISTINCT c FROM sbtest4 WHERE id BETWEEN 8499582 AND 8499591 ORDER BY c
	Unique  (cost=43.91..43.96 rows=10 width=121)
	  ->  Sort  (cost=43.91..43.94 rows=10 width=121)
	        Sort Key: c
	        ->  Index Scan using sbtest4_pkey on sbtest4  (cost=0.43..43.74 rows=10 width=121)
	              Index Cond: ((id >= 8499582) AND (id <= 8499591))

table 5 : explain SELECT DISTINCT c FROM sbtest5 WHERE id BETWEEN 2482432 AND 2482441 ORDER BY c
	Unique  (cost=43.91..43.96 rows=10 width=121)
	  ->  Sort  (cost=43.91..43.94 rows=10 width=121)
	        Sort Key: c
	        ->  Index Scan using sbtest5_pkey on sbtest5  (cost=0.43..43.74 rows=10 width=121)
	              Index Cond: ((id >= 2482432) AND (id <= 2482441))

table 6 : explain SELECT DISTINCT c FROM sbtest6 WHERE id BETWEEN 3832352 AND 3832361 ORDER BY c
	Unique  (cost=39.96..40.00 rows=9 width=121)
	  ->  Sort  (cost=39.96..39.98 rows=9 width=121)
	        Sort Key: c
	        ->  Index Scan using sbtest6_pkey on sbtest6  (cost=0.43..39.82 rows=9 width=121)
	              Index Cond: ((id >= 3832352) AND (id <= 3832361))

table 7 : explain SELECT DISTINCT c FROM sbtest7 WHERE id BETWEEN 9656875 AND 9656884 ORDER BY c
	Unique  (cost=47.77..47.83 rows=11 width=121)
	  ->  Sort  (cost=47.77..47.80 rows=11 width=121)
	        Sort Key: c
	        ->  Index Scan using sbtest7_pkey on sbtest7  (cost=0.43..47.58 rows=11 width=121)
	              Index Cond: ((id >= 9656875) AND (id <= 9656884))

table 8 : explain SELECT DISTINCT c FROM sbtest8 WHERE id BETWEEN 9703180 AND 9703189 ORDER BY c
	Unique  (cost=39.77..39.82 rows=9 width=121)
	  ->  Sort  (cost=39.77..39.79 rows=9 width=121)
	        Sort Key: c
	        ->  Index Scan using sbtest8_pkey on sbtest8  (cost=0.43..39.63 rows=9 width=121)
	              Index Cond: ((id >= 9703180) AND (id <= 9703189))

for: distinct_ranges
table 1 : explain SELECT DISTINCT c FROM sbtest1 WHERE id BETWEEN 819239 AND 819248 ORDER BY c
	Unique  (cost=43.83..43.88 rows=10 width=121)
	  ->  Sort  (cost=43.83..43.86 rows=10 width=121)
	        Sort Key: c
	        ->  Index Scan using sbtest1_pkey on sbtest1  (cost=0.43..43.67 rows=10 width=121)
	              Index Cond: ((id >= 819239) AND (id <= 819248))

table 2 : explain SELECT DISTINCT c FROM sbtest2 WHERE id BETWEEN 1457856 AND 1457865 ORDER BY c
	Unique  (cost=48.09..48.15 rows=11 width=121)
	  ->  Sort  (cost=48.09..48.12 rows=11 width=121)
	        Sort Key: c
	        ->  Index Scan using sbtest2_pkey on sbtest2  (cost=0.43..47.90 rows=11 width=121)
	              Index Cond: ((id >= 1457856) AND (id <= 1457865))

table 3 : explain SELECT DISTINCT c FROM sbtest3 WHERE id BETWEEN 6993982 AND 6993991 ORDER BY c
	Unique  (cost=39.98..40.02 rows=9 width=121)
	  ->  Sort  (cost=39.98..40.00 rows=9 width=121)
	        Sort Key: c
	        ->  Index Scan using sbtest3_pkey on sbtest3  (cost=0.43..39.84 rows=9 width=121)
	              Index Cond: ((id >= 6993982) AND (id <= 6993991))

table 4 : explain SELECT DISTINCT c FROM sbtest4 WHERE id BETWEEN 915926 AND 915935 ORDER BY c
	Unique  (cost=43.91..43.96 rows=10 width=121)
	  ->  Sort  (cost=43.91..43.94 rows=10 width=121)
	        Sort Key: c
	        ->  Index Scan using sbtest4_pkey on sbtest4  (cost=0.43..43.74 rows=10 width=121)
	              Index Cond: ((id >= 915926) AND (id <= 915935))

table 5 : explain SELECT DISTINCT c FROM sbtest5 WHERE id BETWEEN 3463291 AND 3463300 ORDER BY c
	Unique  (cost=47.86..47.91 rows=11 width=121)
	  ->  Sort  (cost=47.86..47.88 rows=11 width=121)
	        Sort Key: c
	        ->  Index Scan using sbtest5_pkey on sbtest5  (cost=0.43..47.67 rows=11 width=121)
	              Index Cond: ((id >= 3463291) AND (id <= 3463300))

table 6 : explain SELECT DISTINCT c FROM sbtest6 WHERE id BETWEEN 4414162 AND 4414171 ORDER BY c
	Unique  (cost=47.85..47.90 rows=11 width=121)
	  ->  Sort  (cost=47.85..47.87 rows=11 width=121)
	        Sort Key: c
	        ->  Index Scan using sbtest6_pkey on sbtest6  (cost=0.43..47.66 rows=11 width=121)
	              Index Cond: ((id >= 4414162) AND (id <= 4414171))

table 7 : explain SELECT DISTINCT c FROM sbtest7 WHERE id BETWEEN 7900528 AND 7900537 ORDER BY c
	Unique  (cost=43.83..43.88 rows=10 width=121)
	  ->  Sort  (cost=43.83..43.86 rows=10 width=121)
	        Sort Key: c
	        ->  Index Scan using sbtest7_pkey on sbtest7  (cost=0.43..43.67 rows=10 width=121)
	              Index Cond: ((id >= 7900528) AND (id <= 7900537))

table 8 : explain SELECT DISTINCT c FROM sbtest8 WHERE id BETWEEN 890315 AND 890324 ORDER BY c
	Unique  (cost=39.77..39.82 rows=9 width=121)
	  ->  Sort  (cost=39.77..39.79 rows=9 width=121)
	        Sort Key: c
	        ->  Index Scan using sbtest8_pkey on sbtest8  (cost=0.43..39.63 rows=9 width=121)
	              Index Cond: ((id >= 890315) AND (id <= 890324))

for: distinct_ranges
table 1 : explain SELECT DISTINCT c FROM sbtest1 WHERE id BETWEEN 6115661 AND 6115670 ORDER BY c
	Unique  (cost=43.83..43.88 rows=10 width=121)
	  ->  Sort  (cost=43.83..43.86 rows=10 width=121)
	        Sort Key: c
	        ->  Index Scan using sbtest1_pkey on sbtest1  (cost=0.43..43.67 rows=10 width=121)
	              Index Cond: ((id >= 6115661) AND (id <= 6115670))

table 2 : explain SELECT DISTINCT c FROM sbtest2 WHERE id BETWEEN 3632353 AND 3632362 ORDER BY c
	Unique  (cost=44.12..44.17 rows=10 width=121)
	  ->  Sort  (cost=44.12..44.15 rows=10 width=121)
	        Sort Key: c
	        ->  Index Scan using sbtest2_pkey on sbtest2  (cost=0.43..43.96 rows=10 width=121)
	              Index Cond: ((id >= 3632353) AND (id <= 3632362))

table 3 : explain SELECT DISTINCT c FROM sbtest3 WHERE id BETWEEN 2803923 AND 2803932 ORDER BY c
	Unique  (cost=47.87..47.93 rows=11 width=121)
	  ->  Sort  (cost=47.87..47.90 rows=11 width=121)
	        Sort Key: c
	        ->  Index Scan using sbtest3_pkey on sbtest3  (cost=0.43..47.68 rows=11 width=121)
	              Index Cond: ((id >= 2803923) AND (id <= 2803932))

table 4 : explain SELECT DISTINCT c FROM sbtest4 WHERE id BETWEEN 196755 AND 196764 ORDER BY c
	Unique  (cost=47.86..47.91 rows=11 width=121)
	  ->  Sort  (cost=47.86..47.88 rows=11 width=121)
	        Sort Key: c
	        ->  Index Scan using sbtest4_pkey on sbtest4  (cost=0.43..47.67 rows=11 width=121)
	              Index Cond: ((id >= 196755) AND (id <= 196764))

table 5 : explain SELECT DISTINCT c FROM sbtest5 WHERE id BETWEEN 4597641 AND 4597650 ORDER BY c
	Unique  (cost=43.91..43.96 rows=10 width=121)
	  ->  Sort  (cost=43.91..43.94 rows=10 width=121)
	        Sort Key: c
	        ->  Index Scan using sbtest5_pkey on sbtest5  (cost=0.43..43.74 rows=10 width=121)
	              Index Cond: ((id >= 4597641) AND (id <= 4597650))

table 6 : explain SELECT DISTINCT c FROM sbtest6 WHERE id BETWEEN 2022452 AND 2022461 ORDER BY c
	Unique  (cost=43.90..43.95 rows=10 width=121)
	  ->  Sort  (cost=43.90..43.93 rows=10 width=121)
	        Sort Key: c
	        ->  Index Scan using sbtest6_pkey on sbtest6  (cost=0.43..43.74 rows=10 width=121)
	              Index Cond: ((id >= 2022452) AND (id <= 2022461))

table 7 : explain SELECT DISTINCT c FROM sbtest7 WHERE id BETWEEN 4707479 AND 4707488 ORDER BY c
	Unique  (cost=39.90..39.94 rows=9 width=121)
	  ->  Sort  (cost=39.90..39.92 rows=9 width=121)
	        Sort Key: c
	        ->  Index Scan using sbtest7_pkey on sbtest7  (cost=0.43..39.76 rows=9 width=121)
	              Index Cond: ((id >= 4707479) AND (id <= 4707488))

table 8 : explain SELECT DISTINCT c FROM sbtest8 WHERE id BETWEEN 6848119 AND 6848128 ORDER BY c
	Unique  (cost=43.69..43.74 rows=10 width=121)
	  ->  Sort  (cost=43.69..43.72 rows=10 width=121)
	        Sort Key: c
	        ->  Index Scan using sbtest8_pkey on sbtest8  (cost=0.43..43.52 rows=10 width=121)
	              Index Cond: ((id >= 6848119) AND (id <= 6848128))

for: distinct_ranges
table 1 : explain SELECT DISTINCT c FROM sbtest1 WHERE id BETWEEN 7025665 AND 7025674 ORDER BY c
	Unique  (cost=43.83..43.88 rows=10 width=121)
	  ->  Sort  (cost=43.83..43.86 rows=10 width=121)
	        Sort Key: c
	        ->  Index Scan using sbtest1_pkey on sbtest1  (cost=0.43..43.67 rows=10 width=121)
	              Index Cond: ((id >= 7025665) AND (id <= 7025674))

table 2 : explain SELECT DISTINCT c FROM sbtest2 WHERE id BETWEEN 8569524 AND 8569533 ORDER BY c
	Unique  (cost=40.15..40.20 rows=9 width=121)
	  ->  Sort  (cost=40.15..40.18 rows=9 width=121)
	        Sort Key: c
	        ->  Index Scan using sbtest2_pkey on sbtest2  (cost=0.43..40.01 rows=9 width=121)
	              Index Cond: ((id >= 8569524) AND (id <= 8569533))

table 3 : explain SELECT DISTINCT c FROM sbtest3 WHERE id BETWEEN 3760495 AND 3760504 ORDER BY c
	Unique  (cost=47.87..47.93 rows=11 width=121)
	  ->  Sort  (cost=47.87..47.90 rows=11 width=121)
	        Sort Key: c
	        ->  Index Scan using sbtest3_pkey on sbtest3  (cost=0.43..47.68 rows=11 width=121)
	              Index Cond: ((id >= 3760495) AND (id <= 3760504))

table 4 : explain SELECT DISTINCT c FROM sbtest4 WHERE id BETWEEN 1954443 AND 1954452 ORDER BY c
	Unique  (cost=43.91..43.96 rows=10 width=121)
	  ->  Sort  (cost=43.91..43.94 rows=10 width=121)
	        Sort Key: c
	        ->  Index Scan using sbtest4_pkey on sbtest4  (cost=0.43..43.74 rows=10 width=121)
	              Index Cond: ((id >= 1954443) AND (id <= 1954452))

table 5 : explain SELECT DISTINCT c FROM sbtest5 WHERE id BETWEEN 9559317 AND 9559326 ORDER BY c
	Unique  (cost=43.91..43.96 rows=10 width=121)
	  ->  Sort  (cost=43.91..43.94 rows=10 width=121)
	        Sort Key: c
	        ->  Index Scan using sbtest5_pkey on sbtest5  (cost=0.43..43.74 rows=10 width=121)
	              Index Cond: ((id >= 9559317) AND (id <= 9559326))

table 6 : explain SELECT DISTINCT c FROM sbtest6 WHERE id BETWEEN 6789280 AND 6789289 ORDER BY c
	Unique  (cost=43.90..43.95 rows=10 width=121)
	  ->  Sort  (cost=43.90..43.93 rows=10 width=121)
	        Sort Key: c
	        ->  Index Scan using sbtest6_pkey on sbtest6  (cost=0.43..43.74 rows=10 width=121)
	              Index Cond: ((id >= 6789280) AND (id <= 6789289))

table 7 : explain SELECT DISTINCT c FROM sbtest7 WHERE id BETWEEN 8953735 AND 8953744 ORDER BY c
	Unique  (cost=47.77..47.83 rows=11 width=121)
	  ->  Sort  (cost=47.77..47.80 rows=11 width=121)
	        Sort Key: c
	        ->  Index Scan using sbtest7_pkey on sbtest7  (cost=0.43..47.58 rows=11 width=121)
	              Index Cond: ((id >= 8953735) AND (id <= 8953744))

table 8 : explain SELECT DISTINCT c FROM sbtest8 WHERE id BETWEEN 3855047 AND 3855056 ORDER BY c
	Unique  (cost=47.61..47.67 rows=11 width=121)
	  ->  Sort  (cost=47.61..47.64 rows=11 width=121)
	        Sort Key: c
	        ->  Index Scan using sbtest8_pkey on sbtest8  (cost=0.43..47.42 rows=11 width=121)
	              Index Cond: ((id >= 3855047) AND (id <= 3855056))

for: distinct_ranges
table 1 : explain SELECT DISTINCT c FROM sbtest1 WHERE id BETWEEN 4333502 AND 4333511 ORDER BY c
	Unique  (cost=43.83..43.88 rows=10 width=121)
	  ->  Sort  (cost=43.83..43.86 rows=10 width=121)
	        Sort Key: c
	        ->  Index Scan using sbtest1_pkey on sbtest1  (cost=0.43..43.67 rows=10 width=121)
	              Index Cond: ((id >= 4333502) AND (id <= 4333511))

table 2 : explain SELECT DISTINCT c FROM sbtest2 WHERE id BETWEEN 2467010 AND 2467019 ORDER BY c
	Unique  (cost=44.12..44.17 rows=10 width=121)
	  ->  Sort  (cost=44.12..44.15 rows=10 width=121)
	        Sort Key: c
	        ->  Index Scan using sbtest2_pkey on sbtest2  (cost=0.43..43.96 rows=10 width=121)
	              Index Cond: ((id >= 2467010) AND (id <= 2467019))

table 3 : explain SELECT DISTINCT c FROM sbtest3 WHERE id BETWEEN 3783569 AND 3783578 ORDER BY c
	Unique  (cost=43.92..43.97 rows=10 width=121)
	  ->  Sort  (cost=43.92..43.95 rows=10 width=121)
	        Sort Key: c
	        ->  Index Scan using sbtest3_pkey on sbtest3  (cost=0.43..43.76 rows=10 width=121)
	              Index Cond: ((id >= 3783569) AND (id <= 3783578))

table 4 : explain SELECT DISTINCT c FROM sbtest4 WHERE id BETWEEN 4011727 AND 4011736 ORDER BY c
	Unique  (cost=43.91..43.96 rows=10 width=121)
	  ->  Sort  (cost=43.91..43.94 rows=10 width=121)
	        Sort Key: c
	        ->  Index Scan using sbtest4_pkey on sbtest4  (cost=0.43..43.74 rows=10 width=121)
	              Index Cond: ((id >= 4011727) AND (id <= 4011736))

table 5 : explain SELECT DISTINCT c FROM sbtest5 WHERE id BETWEEN 1881086 AND 1881095 ORDER BY c
	Unique  (cost=47.86..47.91 rows=11 width=121)
	  ->  Sort  (cost=47.86..47.88 rows=11 width=121)
	        Sort Key: c
	        ->  Index Scan using sbtest5_pkey on sbtest5  (cost=0.43..47.67 rows=11 width=121)
	              Index Cond: ((id >= 1881086) AND (id <= 1881095))

table 6 : explain SELECT DISTINCT c FROM sbtest6 WHERE id BETWEEN 2469035 AND 2469044 ORDER BY c
	Unique  (cost=43.90..43.95 rows=10 width=121)
	  ->  Sort  (cost=43.90..43.93 rows=10 width=121)
	        Sort Key: c
	        ->  Index Scan using sbtest6_pkey on sbtest6  (cost=0.43..43.74 rows=10 width=121)
	              Index Cond: ((id >= 2469035) AND (id <= 2469044))

table 7 : explain SELECT DISTINCT c FROM sbtest7 WHERE id BETWEEN 6323997 AND 6324006 ORDER BY c
	Unique  (cost=43.83..43.88 rows=10 width=121)
	  ->  Sort  (cost=43.83..43.86 rows=10 width=121)
	        Sort Key: c
	        ->  Index Scan using sbtest7_pkey on sbtest7  (cost=0.43..43.67 rows=10 width=121)
	              Index Cond: ((id >= 6323997) AND (id <= 6324006))

table 8 : explain SELECT DISTINCT c FROM sbtest8 WHERE id BETWEEN 8608894 AND 8608903 ORDER BY c
	Unique  (cost=43.69..43.74 rows=10 width=121)
	  ->  Sort  (cost=43.69..43.72 rows=10 width=121)
	        Sort Key: c
	        ->  Index Scan using sbtest8_pkey on sbtest8  (cost=0.43..43.52 rows=10 width=121)
	              Index Cond: ((id >= 8608894) AND (id <= 8608903))

for: distinct_ranges
table 1 : explain SELECT DISTINCT c FROM sbtest1 WHERE id BETWEEN 4019387 AND 4019396 ORDER BY c
	Unique  (cost=39.90..39.94 rows=9 width=121)
	  ->  Sort  (cost=39.90..39.92 rows=9 width=121)
	        Sort Key: c
	        ->  Index Scan using sbtest1_pkey on sbtest1  (cost=0.43..39.75 rows=9 width=121)
	              Index Cond: ((id >= 4019387) AND (id <= 4019396))

table 2 : explain SELECT DISTINCT c FROM sbtest2 WHERE id BETWEEN 2761505 AND 2761514 ORDER BY c
	Unique  (cost=44.12..44.17 rows=10 width=121)
	  ->  Sort  (cost=44.12..44.15 rows=10 width=121)
	        Sort Key: c
	        ->  Index Scan using sbtest2_pkey on sbtest2  (cost=0.43..43.96 rows=10 width=121)
	              Index Cond: ((id >= 2761505) AND (id <= 2761514))

table 3 : explain SELECT DISTINCT c FROM sbtest3 WHERE id BETWEEN 8936340 AND 8936349 ORDER BY c
	Unique  (cost=47.87..47.93 rows=11 width=121)
	  ->  Sort  (cost=47.87..47.90 rows=11 width=121)
	        Sort Key: c
	        ->  Index Scan using sbtest3_pkey on sbtest3  (cost=0.43..47.68 rows=11 width=121)
	              Index Cond: ((id >= 8936340) AND (id <= 8936349))

table 4 : explain SELECT DISTINCT c FROM sbtest4 WHERE id BETWEEN 6025417 AND 6025426 ORDER BY c
	Unique  (cost=43.91..43.96 rows=10 width=121)
	  ->  Sort  (cost=43.91..43.94 rows=10 width=121)
	        Sort Key: c
	        ->  Index Scan using sbtest4_pkey on sbtest4  (cost=0.43..43.74 rows=10 width=121)
	              Index Cond: ((id >= 6025417) AND (id <= 6025426))

table 5 : explain SELECT DISTINCT c FROM sbtest5 WHERE id BETWEEN 4296594 AND 4296603 ORDER BY c
	Unique  (cost=39.97..40.01 rows=9 width=121)
	  ->  Sort  (cost=39.97..39.99 rows=9 width=121)
	        Sort Key: c
	        ->  Index Scan using sbtest5_pkey on sbtest5  (cost=0.43..39.82 rows=9 width=121)
	              Index Cond: ((id >= 4296594) AND (id <= 4296603))

table 6 : explain SELECT DISTINCT c FROM sbtest6 WHERE id BETWEEN 3365665 AND 3365674 ORDER BY c
	Unique  (cost=43.90..43.95 rows=10 width=121)
	  ->  Sort  (cost=43.90..43.93 rows=10 width=121)
	        Sort Key: c
	        ->  Index Scan using sbtest6_pkey on sbtest6  (cost=0.43..43.74 rows=10 width=121)
	              Index Cond: ((id >= 3365665) AND (id <= 3365674))

table 7 : explain SELECT DISTINCT c FROM sbtest7 WHERE id BETWEEN 8914295 AND 8914304 ORDER BY c
	Unique  (cost=43.83..43.88 rows=10 width=121)
	  ->  Sort  (cost=43.83..43.86 rows=10 width=121)
	        Sort Key: c
	        ->  Index Scan using sbtest7_pkey on sbtest7  (cost=0.43..43.67 rows=10 width=121)
	              Index Cond: ((id >= 8914295) AND (id <= 8914304))

table 8 : explain SELECT DISTINCT c FROM sbtest8 WHERE id BETWEEN 5923567 AND 5923576 ORDER BY c
	Unique  (cost=43.69..43.74 rows=10 width=121)
	  ->  Sort  (cost=43.69..43.72 rows=10 width=121)
	        Sort Key: c
	        ->  Index Scan using sbtest8_pkey on sbtest8  (cost=0.43..43.52 rows=10 width=121)
	              Index Cond: ((id >= 5923567) AND (id <= 5923576))

for: distinct_ranges
table 1 : explain SELECT DISTINCT c FROM sbtest1 WHERE id BETWEEN 4398262 AND 4398271 ORDER BY c
	Unique  (cost=43.83..43.88 rows=10 width=121)
	  ->  Sort  (cost=43.83..43.86 rows=10 width=121)
	        Sort Key: c
	        ->  Index Scan using sbtest1_pkey on sbtest1  (cost=0.43..43.67 rows=10 width=121)
	              Index Cond: ((id >= 4398262) AND (id <= 4398271))

table 2 : explain SELECT DISTINCT c FROM sbtest2 WHERE id BETWEEN 8164487 AND 8164496 ORDER BY c
	Unique  (cost=44.12..44.17 rows=10 width=121)
	  ->  Sort  (cost=44.12..44.15 rows=10 width=121)
	        Sort Key: c
	        ->  Index Scan using sbtest2_pkey on sbtest2  (cost=0.43..43.96 rows=10 width=121)
	              Index Cond: ((id >= 8164487) AND (id <= 8164496))

table 3 : explain SELECT DISTINCT c FROM sbtest3 WHERE id BETWEEN 8036142 AND 8036151 ORDER BY c
	Unique  (cost=47.87..47.93 rows=11 width=121)
	  ->  Sort  (cost=47.87..47.90 rows=11 width=121)
	        Sort Key: c
	        ->  Index Scan using sbtest3_pkey on sbtest3  (cost=0.43..47.68 rows=11 width=121)
	              Index Cond: ((id >= 8036142) AND (id <= 8036151))

table 4 : explain SELECT DISTINCT c FROM sbtest4 WHERE id BETWEEN 7947324 AND 7947333 ORDER BY c
	Unique  (cost=43.91..43.96 rows=10 width=121)
	  ->  Sort  (cost=43.91..43.94 rows=10 width=121)
	        Sort Key: c
	        ->  Index Scan using sbtest4_pkey on sbtest4  (cost=0.43..43.74 rows=10 width=121)
	              Index Cond: ((id >= 7947324) AND (id <= 7947333))

table 5 : explain SELECT DISTINCT c FROM sbtest5 WHERE id BETWEEN 6489503 AND 6489512 ORDER BY c
	Unique  (cost=43.91..43.96 rows=10 width=121)
	  ->  Sort  (cost=43.91..43.94 rows=10 width=121)
	        Sort Key: c
	        ->  Index Scan using sbtest5_pkey on sbtest5  (cost=0.43..43.74 rows=10 width=121)
	              Index Cond: ((id >= 6489503) AND (id <= 6489512))

table 6 : explain SELECT DISTINCT c FROM sbtest6 WHERE id BETWEEN 1561676 AND 1561685 ORDER BY c
	Unique  (cost=39.96..40.00 rows=9 width=121)
	  ->  Sort  (cost=39.96..39.98 rows=9 width=121)
	        Sort Key: c
	        ->  Index Scan using sbtest6_pkey on sbtest6  (cost=0.43..39.82 rows=9 width=121)
	              Index Cond: ((id >= 1561676) AND (id <= 1561685))

table 7 : explain SELECT DISTINCT c FROM sbtest7 WHERE id BETWEEN 9035663 AND 9035672 ORDER BY c
	Unique  (cost=43.83..43.88 rows=10 width=121)
	  ->  Sort  (cost=43.83..43.86 rows=10 width=121)
	        Sort Key: c
	        ->  Index Scan using sbtest7_pkey on sbtest7  (cost=0.43..43.67 rows=10 width=121)
	              Index Cond: ((id >= 9035663) AND (id <= 9035672))

table 8 : explain SELECT DISTINCT c FROM sbtest8 WHERE id BETWEEN 5498438 AND 5498447 ORDER BY c
	Unique  (cost=43.69..43.74 rows=10 width=121)
	  ->  Sort  (cost=43.69..43.72 rows=10 width=121)
	        Sort Key: c
	        ->  Index Scan using sbtest8_pkey on sbtest8  (cost=0.43..43.52 rows=10 width=121)
	              Index Cond: ((id >= 5498438) AND (id <= 5498447))

for: distinct_ranges
table 1 : explain SELECT DISTINCT c FROM sbtest1 WHERE id BETWEEN 7874112 AND 7874121 ORDER BY c
	Unique  (cost=43.83..43.88 rows=10 width=121)
	  ->  Sort  (cost=43.83..43.86 rows=10 width=121)
	        Sort Key: c
	        ->  Index Scan using sbtest1_pkey on sbtest1  (cost=0.43..43.67 rows=10 width=121)
	              Index Cond: ((id >= 7874112) AND (id <= 7874121))

table 2 : explain SELECT DISTINCT c FROM sbtest2 WHERE id BETWEEN 5496459 AND 5496468 ORDER BY c
	Unique  (cost=48.09..48.15 rows=11 width=121)
	  ->  Sort  (cost=48.09..48.12 rows=11 width=121)
	        Sort Key: c
	        ->  Index Scan using sbtest2_pkey on sbtest2  (cost=0.43..47.90 rows=11 width=121)
	              Index Cond: ((id >= 5496459) AND (id <= 5496468))

table 3 : explain SELECT DISTINCT c FROM sbtest3 WHERE id BETWEEN 8785753 AND 8785762 ORDER BY c
	Unique  (cost=39.98..40.02 rows=9 width=121)
	  ->  Sort  (cost=39.98..40.00 rows=9 width=121)
	        Sort Key: c
	        ->  Index Scan using sbtest3_pkey on sbtest3  (cost=0.43..39.84 rows=9 width=121)
	              Index Cond: ((id >= 8785753) AND (id <= 8785762))

table 4 : explain SELECT DISTINCT c FROM sbtest4 WHERE id BETWEEN 4112559 AND 4112568 ORDER BY c
	Unique  (cost=43.91..43.96 rows=10 width=121)
	  ->  Sort  (cost=43.91..43.94 rows=10 width=121)
	        Sort Key: c
	        ->  Index Scan using sbtest4_pkey on sbtest4  (cost=0.43..43.74 rows=10 width=121)
	              Index Cond: ((id >= 4112559) AND (id <= 4112568))

table 5 : explain SELECT DISTINCT c FROM sbtest5 WHERE id BETWEEN 4983910 AND 4983919 ORDER BY c
	Unique  (cost=43.91..43.96 rows=10 width=121)
	  ->  Sort  (cost=43.91..43.94 rows=10 width=121)
	        Sort Key: c
	        ->  Index Scan using sbtest5_pkey on sbtest5  (cost=0.43..43.74 rows=10 width=121)
	              Index Cond: ((id >= 4983910) AND (id <= 4983919))

table 6 : explain SELECT DISTINCT c FROM sbtest6 WHERE id BETWEEN 7485809 AND 7485818 ORDER BY c
	Unique  (cost=43.90..43.95 rows=10 width=121)
	  ->  Sort  (cost=43.90..43.93 rows=10 width=121)
	        Sort Key: c
	        ->  Index Scan using sbtest6_pkey on sbtest6  (cost=0.43..43.74 rows=10 width=121)
	              Index Cond: ((id >= 7485809) AND (id <= 7485818))

table 7 : explain SELECT DISTINCT c FROM sbtest7 WHERE id BETWEEN 5512171 AND 5512180 ORDER BY c
	Unique  (cost=43.83..43.88 rows=10 width=121)
	  ->  Sort  (cost=43.83..43.86 rows=10 width=121)
	        Sort Key: c
	        ->  Index Scan using sbtest7_pkey on sbtest7  (cost=0.43..43.67 rows=10 width=121)
	              Index Cond: ((id >= 5512171) AND (id <= 5512180))

table 8 : explain SELECT DISTINCT c FROM sbtest8 WHERE id BETWEEN 3768945 AND 3768954 ORDER BY c
	Unique  (cost=47.61..47.67 rows=11 width=121)
	  ->  Sort  (cost=47.61..47.64 rows=11 width=121)
	        Sort Key: c
	        ->  Index Scan using sbtest8_pkey on sbtest8  (cost=0.43..47.42 rows=11 width=121)
	              Index Cond: ((id >= 3768945) AND (id <= 3768954))

for: distinct_ranges
table 1 : explain SELECT DISTINCT c FROM sbtest1 WHERE id BETWEEN 8585492 AND 8585501 ORDER BY c
	Unique  (cost=43.83..43.88 rows=10 width=121)
	  ->  Sort  (cost=43.83..43.86 rows=10 width=121)
	        Sort Key: c
	        ->  Index Scan using sbtest1_pkey on sbtest1  (cost=0.43..43.67 rows=10 width=121)
	              Index Cond: ((id >= 8585492) AND (id <= 8585501))

table 2 : explain SELECT DISTINCT c FROM sbtest2 WHERE id BETWEEN 2314197 AND 2314206 ORDER BY c
	Unique  (cost=44.12..44.17 rows=10 width=121)
	  ->  Sort  (cost=44.12..44.15 rows=10 width=121)
	        Sort Key: c
	        ->  Index Scan using sbtest2_pkey on sbtest2  (cost=0.43..43.96 rows=10 width=121)
	              Index Cond: ((id >= 2314197) AND (id <= 2314206))

table 3 : explain SELECT DISTINCT c FROM sbtest3 WHERE id BETWEEN 3015338 AND 3015347 ORDER BY c
	Unique  (cost=39.98..40.02 rows=9 width=121)
	  ->  Sort  (cost=39.98..40.00 rows=9 width=121)
	        Sort Key: c
	        ->  Index Scan using sbtest3_pkey on sbtest3  (cost=0.43..39.84 rows=9 width=121)
	              Index Cond: ((id >= 3015338) AND (id <= 3015347))

table 4 : explain SELECT DISTINCT c FROM sbtest4 WHERE id BETWEEN 826935 AND 826944 ORDER BY c
	Unique  (cost=43.91..43.96 rows=10 width=121)
	  ->  Sort  (cost=43.91..43.94 rows=10 width=121)
	        Sort Key: c
	        ->  Index Scan using sbtest4_pkey on sbtest4  (cost=0.43..43.74 rows=10 width=121)
	              Index Cond: ((id >= 826935) AND (id <= 826944))

table 5 : explain SELECT DISTINCT c FROM sbtest5 WHERE id BETWEEN 3242053 AND 3242062 ORDER BY c
	Unique  (cost=47.86..47.91 rows=11 width=121)
	  ->  Sort  (cost=47.86..47.88 rows=11 width=121)
	        Sort Key: c
	        ->  Index Scan using sbtest5_pkey on sbtest5  (cost=0.43..47.67 rows=11 width=121)
	              Index Cond: ((id >= 3242053) AND (id <= 3242062))

table 6 : explain SELECT DISTINCT c FROM sbtest6 WHERE id BETWEEN 9212621 AND 9212630 ORDER BY c
	Unique  (cost=43.90..43.95 rows=10 width=121)
	  ->  Sort  (cost=43.90..43.93 rows=10 width=121)
	        Sort Key: c
	        ->  Index Scan using sbtest6_pkey on sbtest6  (cost=0.43..43.74 rows=10 width=121)
	              Index Cond: ((id >= 9212621) AND (id <= 9212630))

table 7 : explain SELECT DISTINCT c FROM sbtest7 WHERE id BETWEEN 5416739 AND 5416748 ORDER BY c
	Unique  (cost=39.90..39.94 rows=9 width=121)
	  ->  Sort  (cost=39.90..39.92 rows=9 width=121)
	        Sort Key: c
	        ->  Index Scan using sbtest7_pkey on sbtest7  (cost=0.43..39.76 rows=9 width=121)
	              Index Cond: ((id >= 5416739) AND (id <= 5416748))

table 8 : explain SELECT DISTINCT c FROM sbtest8 WHERE id BETWEEN 5082507 AND 5082516 ORDER BY c
	Unique  (cost=39.77..39.82 rows=9 width=121)
	  ->  Sort  (cost=39.77..39.79 rows=9 width=121)
	        Sort Key: c
	        ->  Index Scan using sbtest8_pkey on sbtest8  (cost=0.43..39.63 rows=9 width=121)
	              Index Cond: ((id >= 5082507) AND (id <= 5082516))

for: distinct_ranges
table 1 : explain SELECT DISTINCT c FROM sbtest1 WHERE id BETWEEN 262772 AND 262781 ORDER BY c
	Unique  (cost=43.83..43.88 rows=10 width=121)
	  ->  Sort  (cost=43.83..43.86 rows=10 width=121)
	        Sort Key: c
	        ->  Index Scan using sbtest1_pkey on sbtest1  (cost=0.43..43.67 rows=10 width=121)
	              Index Cond: ((id >= 262772) AND (id <= 262781))

table 2 : explain SELECT DISTINCT c FROM sbtest2 WHERE id BETWEEN 4113740 AND 4113749 ORDER BY c
	Unique  (cost=44.12..44.17 rows=10 width=121)
	  ->  Sort  (cost=44.12..44.15 rows=10 width=121)
	        Sort Key: c
	        ->  Index Scan using sbtest2_pkey on sbtest2  (cost=0.43..43.96 rows=10 width=121)
	              Index Cond: ((id >= 4113740) AND (id <= 4113749))

table 3 : explain SELECT DISTINCT c FROM sbtest3 WHERE id BETWEEN 9041566 AND 9041575 ORDER BY c
	Unique  (cost=43.92..43.97 rows=10 width=121)
	  ->  Sort  (cost=43.92..43.95 rows=10 width=121)
	        Sort Key: c
	        ->  Index Scan using sbtest3_pkey on sbtest3  (cost=0.43..43.76 rows=10 width=121)
	              Index Cond: ((id >= 9041566) AND (id <= 9041575))

table 4 : explain SELECT DISTINCT c FROM sbtest4 WHERE id BETWEEN 1278683 AND 1278692 ORDER BY c
	Unique  (cost=43.91..43.96 rows=10 width=121)
	  ->  Sort  (cost=43.91..43.94 rows=10 width=121)
	        Sort Key: c
	        ->  Index Scan using sbtest4_pkey on sbtest4  (cost=0.43..43.74 rows=10 width=121)
	              Index Cond: ((id >= 1278683) AND (id <= 1278692))

table 5 : explain SELECT DISTINCT c FROM sbtest5 WHERE id BETWEEN 8247434 AND 8247443 ORDER BY c
	Unique  (cost=47.86..47.91 rows=11 width=121)
	  ->  Sort  (cost=47.86..47.88 rows=11 width=121)
	        Sort Key: c
	        ->  Index Scan using sbtest5_pkey on sbtest5  (cost=0.43..47.67 rows=11 width=121)
	              Index Cond: ((id >= 8247434) AND (id <= 8247443))

table 6 : explain SELECT DISTINCT c FROM sbtest6 WHERE id BETWEEN 7313840 AND 7313849 ORDER BY c
	Unique  (cost=43.90..43.95 rows=10 width=121)
	  ->  Sort  (cost=43.90..43.93 rows=10 width=121)
	        Sort Key: c
	        ->  Index Scan using sbtest6_pkey on sbtest6  (cost=0.43..43.74 rows=10 width=121)
	              Index Cond: ((id >= 7313840) AND (id <= 7313849))

table 7 : explain SELECT DISTINCT c FROM sbtest7 WHERE id BETWEEN 2286370 AND 2286379 ORDER BY c
	Unique  (cost=43.83..43.88 rows=10 width=121)
	  ->  Sort  (cost=43.83..43.86 rows=10 width=121)
	        Sort Key: c
	        ->  Index Scan using sbtest7_pkey on sbtest7  (cost=0.43..43.67 rows=10 width=121)
	              Index Cond: ((id >= 2286370) AND (id <= 2286379))

table 8 : explain SELECT DISTINCT c FROM sbtest8 WHERE id BETWEEN 4214818 AND 4214827 ORDER BY c
	Unique  (cost=47.61..47.67 rows=11 width=121)
	  ->  Sort  (cost=47.61..47.64 rows=11 width=121)
	        Sort Key: c
	        ->  Index Scan using sbtest8_pkey on sbtest8  (cost=0.43..47.42 rows=11 width=121)
	              Index Cond: ((id >= 4214818) AND (id <= 4214827))

for: distinct_ranges
table 1 : explain SELECT DISTINCT c FROM sbtest1 WHERE id BETWEEN 6922656 AND 6922665 ORDER BY c
	Unique  (cost=43.83..43.88 rows=10 width=121)
	  ->  Sort  (cost=43.83..43.86 rows=10 width=121)
	        Sort Key: c
	        ->  Index Scan using sbtest1_pkey on sbtest1  (cost=0.43..43.67 rows=10 width=121)
	              Index Cond: ((id >= 6922656) AND (id <= 6922665))

table 2 : explain SELECT DISTINCT c FROM sbtest2 WHERE id BETWEEN 6865553 AND 6865562 ORDER BY c
	Unique  (cost=44.12..44.17 rows=10 width=121)
	  ->  Sort  (cost=44.12..44.15 rows=10 width=121)
	        Sort Key: c
	        ->  Index Scan using sbtest2_pkey on sbtest2  (cost=0.43..43.96 rows=10 width=121)
	              Index Cond: ((id >= 6865553) AND (id <= 6865562))

table 3 : explain SELECT DISTINCT c FROM sbtest3 WHERE id BETWEEN 3798099 AND 3798108 ORDER BY c
	Unique  (cost=43.92..43.97 rows=10 width=121)
	  ->  Sort  (cost=43.92..43.95 rows=10 width=121)
	        Sort Key: c
	        ->  Index Scan using sbtest3_pkey on sbtest3  (cost=0.43..43.76 rows=10 width=121)
	              Index Cond: ((id >= 3798099) AND (id <= 3798108))

table 4 : explain SELECT DISTINCT c FROM sbtest4 WHERE id BETWEEN 2695808 AND 2695817 ORDER BY c
	Unique  (cost=43.91..43.96 rows=10 width=121)
	  ->  Sort  (cost=43.91..43.94 rows=10 width=121)
	        Sort Key: c
	        ->  Index Scan using sbtest4_pkey on sbtest4  (cost=0.43..43.74 rows=10 width=121)
	              Index Cond: ((id >= 2695808) AND (id <= 2695817))

table 5 : explain SELECT DISTINCT c FROM sbtest5 WHERE id BETWEEN 9969420 AND 9969429 ORDER BY c
	Unique  (cost=39.97..40.01 rows=9 width=121)
	  ->  Sort  (cost=39.97..39.99 rows=9 width=121)
	        Sort Key: c
	        ->  Index Scan using sbtest5_pkey on sbtest5  (cost=0.43..39.82 rows=9 width=121)
	              Index Cond: ((id >= 9969420) AND (id <= 9969429))

table 6 : explain SELECT DISTINCT c FROM sbtest6 WHERE id BETWEEN 6221425 AND 6221434 ORDER BY c
	Unique  (cost=43.90..43.95 rows=10 width=121)
	  ->  Sort  (cost=43.90..43.93 rows=10 width=121)
	        Sort Key: c
	        ->  Index Scan using sbtest6_pkey on sbtest6  (cost=0.43..43.74 rows=10 width=121)
	              Index Cond: ((id >= 6221425) AND (id <= 6221434))

table 7 : explain SELECT DISTINCT c FROM sbtest7 WHERE id BETWEEN 5621716 AND 5621725 ORDER BY c
	Unique  (cost=43.83..43.88 rows=10 width=121)
	  ->  Sort  (cost=43.83..43.86 rows=10 width=121)
	        Sort Key: c
	        ->  Index Scan using sbtest7_pkey on sbtest7  (cost=0.43..43.67 rows=10 width=121)
	              Index Cond: ((id >= 5621716) AND (id <= 5621725))

table 8 : explain SELECT DISTINCT c FROM sbtest8 WHERE id BETWEEN 4879707 AND 4879716 ORDER BY c
	Unique  (cost=43.69..43.74 rows=10 width=121)
	  ->  Sort  (cost=43.69..43.72 rows=10 width=121)
	        Sort Key: c
	        ->  Index Scan using sbtest8_pkey on sbtest8  (cost=0.43..43.52 rows=10 width=121)
	              Index Cond: ((id >= 4879707) AND (id <= 4879716))

for: distinct_ranges
table 1 : explain SELECT DISTINCT c FROM sbtest1 WHERE id BETWEEN 2716145 AND 2716154 ORDER BY c
	Unique  (cost=43.83..43.88 rows=10 width=121)
	  ->  Sort  (cost=43.83..43.86 rows=10 width=121)
	        Sort Key: c
	        ->  Index Scan using sbtest1_pkey on sbtest1  (cost=0.43..43.67 rows=10 width=121)
	              Index Cond: ((id >= 2716145) AND (id <= 2716154))

table 2 : explain SELECT DISTINCT c FROM sbtest2 WHERE id BETWEEN 5676357 AND 5676366 ORDER BY c
	Unique  (cost=44.12..44.17 rows=10 width=121)
	  ->  Sort  (cost=44.12..44.15 rows=10 width=121)
	        Sort Key: c
	        ->  Index Scan using sbtest2_pkey on sbtest2  (cost=0.43..43.96 rows=10 width=121)
	              Index Cond: ((id >= 5676357) AND (id <= 5676366))

table 3 : explain SELECT DISTINCT c FROM sbtest3 WHERE id BETWEEN 421146 AND 421155 ORDER BY c
	Unique  (cost=43.92..43.97 rows=10 width=121)
	  ->  Sort  (cost=43.92..43.95 rows=10 width=121)
	        Sort Key: c
	        ->  Index Scan using sbtest3_pkey on sbtest3  (cost=0.43..43.76 rows=10 width=121)
	              Index Cond: ((id >= 421146) AND (id <= 421155))

table 4 : explain SELECT DISTINCT c FROM sbtest4 WHERE id BETWEEN 7517113 AND 7517122 ORDER BY c
	Unique  (cost=43.91..43.96 rows=10 width=121)
	  ->  Sort  (cost=43.91..43.94 rows=10 width=121)
	        Sort Key: c
	        ->  Index Scan using sbtest4_pkey on sbtest4  (cost=0.43..43.74 rows=10 width=121)
	              Index Cond: ((id >= 7517113) AND (id <= 7517122))

table 5 : explain SELECT DISTINCT c FROM sbtest5 WHERE id BETWEEN 5017438 AND 5017447 ORDER BY c
	Unique  (cost=43.91..43.96 rows=10 width=121)
	  ->  Sort  (cost=43.91..43.94 rows=10 width=121)
	        Sort Key: c
	        ->  Index Scan using sbtest5_pkey on sbtest5  (cost=0.43..43.74 rows=10 width=121)
	              Index Cond: ((id >= 5017438) AND (id <= 5017447))

table 6 : explain SELECT DISTINCT c FROM sbtest6 WHERE id BETWEEN 9645513 AND 9645522 ORDER BY c
	Unique  (cost=43.90..43.95 rows=10 width=121)
	  ->  Sort  (cost=43.90..43.93 rows=10 width=121)
	        Sort Key: c
	        ->  Index Scan using sbtest6_pkey on sbtest6  (cost=0.43..43.74 rows=10 width=121)
	              Index Cond: ((id >= 9645513) AND (id <= 9645522))

table 7 : explain SELECT DISTINCT c FROM sbtest7 WHERE id BETWEEN 1127436 AND 1127445 ORDER BY c
	Unique  (cost=43.83..43.88 rows=10 width=121)
	  ->  Sort  (cost=43.83..43.86 rows=10 width=121)
	        Sort Key: c
	        ->  Index Scan using sbtest7_pkey on sbtest7  (cost=0.43..43.67 rows=10 width=121)
	              Index Cond: ((id >= 1127436) AND (id <= 1127445))

table 8 : explain SELECT DISTINCT c FROM sbtest8 WHERE id BETWEEN 9765315 AND 9765324 ORDER BY c
	Unique  (cost=39.77..39.82 rows=9 width=121)
	  ->  Sort  (cost=39.77..39.79 rows=9 width=121)
	        Sort Key: c
	        ->  Index Scan using sbtest8_pkey on sbtest8  (cost=0.43..39.63 rows=9 width=121)
	              Index Cond: ((id >= 9765315) AND (id <= 9765324))

for: distinct_ranges
table 1 : explain SELECT DISTINCT c FROM sbtest1 WHERE id BETWEEN 3993883 AND 3993892 ORDER BY c
	Unique  (cost=39.90..39.94 rows=9 width=121)
	  ->  Sort  (cost=39.90..39.92 rows=9 width=121)
	        Sort Key: c
	        ->  Index Scan using sbtest1_pkey on sbtest1  (cost=0.43..39.75 rows=9 width=121)
	              Index Cond: ((id >= 3993883) AND (id <= 3993892))

table 2 : explain SELECT DISTINCT c FROM sbtest2 WHERE id BETWEEN 7052970 AND 7052979 ORDER BY c
	Unique  (cost=44.12..44.17 rows=10 width=121)
	  ->  Sort  (cost=44.12..44.15 rows=10 width=121)
	        Sort Key: c
	        ->  Index Scan using sbtest2_pkey on sbtest2  (cost=0.43..43.96 rows=10 width=121)
	              Index Cond: ((id >= 7052970) AND (id <= 7052979))

table 3 : explain SELECT DISTINCT c FROM sbtest3 WHERE id BETWEEN 1407884 AND 1407893 ORDER BY c
	Unique  (cost=43.92..43.97 rows=10 width=121)
	  ->  Sort  (cost=43.92..43.95 rows=10 width=121)
	        Sort Key: c
	        ->  Index Scan using sbtest3_pkey on sbtest3  (cost=0.43..43.76 rows=10 width=121)
	              Index Cond: ((id >= 1407884) AND (id <= 1407893))

table 4 : explain SELECT DISTINCT c FROM sbtest4 WHERE id BETWEEN 3509739 AND 3509748 ORDER BY c
	Unique  (cost=43.91..43.96 rows=10 width=121)
	  ->  Sort  (cost=43.91..43.94 rows=10 width=121)
	        Sort Key: c
	        ->  Index Scan using sbtest4_pkey on sbtest4  (cost=0.43..43.74 rows=10 width=121)
	              Index Cond: ((id >= 3509739) AND (id <= 3509748))

table 5 : explain SELECT DISTINCT c FROM sbtest5 WHERE id BETWEEN 6444491 AND 6444500 ORDER BY c
	Unique  (cost=43.91..43.96 rows=10 width=121)
	  ->  Sort  (cost=43.91..43.94 rows=10 width=121)
	        Sort Key: c
	        ->  Index Scan using sbtest5_pkey on sbtest5  (cost=0.43..43.74 rows=10 width=121)
	              Index Cond: ((id >= 6444491) AND (id <= 6444500))

table 6 : explain SELECT DISTINCT c FROM sbtest6 WHERE id BETWEEN 5656325 AND 5656334 ORDER BY c
	Unique  (cost=43.90..43.95 rows=10 width=121)
	  ->  Sort  (cost=43.90..43.93 rows=10 width=121)
	        Sort Key: c
	        ->  Index Scan using sbtest6_pkey on sbtest6  (cost=0.43..43.74 rows=10 width=121)
	              Index Cond: ((id >= 5656325) AND (id <= 5656334))

table 7 : explain SELECT DISTINCT c FROM sbtest7 WHERE id BETWEEN 1659617 AND 1659626 ORDER BY c
	Unique  (cost=43.83..43.88 rows=10 width=121)
	  ->  Sort  (cost=43.83..43.86 rows=10 width=121)
	        Sort Key: c
	        ->  Index Scan using sbtest7_pkey on sbtest7  (cost=0.43..43.67 rows=10 width=121)
	              Index Cond: ((id >= 1659617) AND (id <= 1659626))

table 8 : explain SELECT DISTINCT c FROM sbtest8 WHERE id BETWEEN 4274486 AND 4274495 ORDER BY c
	Unique  (cost=43.69..43.74 rows=10 width=121)
	  ->  Sort  (cost=43.69..43.72 rows=10 width=121)
	        Sort Key: c
	        ->  Index Scan using sbtest8_pkey on sbtest8  (cost=0.43..43.52 rows=10 width=121)
	              Index Cond: ((id >= 4274486) AND (id <= 4274495))

for: distinct_ranges
table 1 : explain SELECT DISTINCT c FROM sbtest1 WHERE id BETWEEN 2529471 AND 2529480 ORDER BY c
	Unique  (cost=43.83..43.88 rows=10 width=121)
	  ->  Sort  (cost=43.83..43.86 rows=10 width=121)
	        Sort Key: c
	        ->  Index Scan using sbtest1_pkey on sbtest1  (cost=0.43..43.67 rows=10 width=121)
	              Index Cond: ((id >= 2529471) AND (id <= 2529480))

table 2 : explain SELECT DISTINCT c FROM sbtest2 WHERE id BETWEEN 4205597 AND 4205606 ORDER BY c
	Unique  (cost=44.12..44.17 rows=10 width=121)
	  ->  Sort  (cost=44.12..44.15 rows=10 width=121)
	        Sort Key: c
	        ->  Index Scan using sbtest2_pkey on sbtest2  (cost=0.43..43.96 rows=10 width=121)
	              Index Cond: ((id >= 4205597) AND (id <= 4205606))

table 3 : explain SELECT DISTINCT c FROM sbtest3 WHERE id BETWEEN 308399 AND 308408 ORDER BY c
	Unique  (cost=47.87..47.93 rows=11 width=121)
	  ->  Sort  (cost=47.87..47.90 rows=11 width=121)
	        Sort Key: c
	        ->  Index Scan using sbtest3_pkey on sbtest3  (cost=0.43..47.68 rows=11 width=121)
	              Index Cond: ((id >= 308399) AND (id <= 308408))

table 4 : explain SELECT DISTINCT c FROM sbtest4 WHERE id BETWEEN 3877185 AND 3877194 ORDER BY c
	Unique  (cost=43.91..43.96 rows=10 width=121)
	  ->  Sort  (cost=43.91..43.94 rows=10 width=121)
	        Sort Key: c
	        ->  Index Scan using sbtest4_pkey on sbtest4  (cost=0.43..43.74 rows=10 width=121)
	              Index Cond: ((id >= 3877185) AND (id <= 3877194))

table 5 : explain SELECT DISTINCT c FROM sbtest5 WHERE id BETWEEN 8456788 AND 8456797 ORDER BY c
	Unique  (cost=43.91..43.96 rows=10 width=121)
	  ->  Sort  (cost=43.91..43.94 rows=10 width=121)
	        Sort Key: c
	        ->  Index Scan using sbtest5_pkey on sbtest5  (cost=0.43..43.74 rows=10 width=121)
	              Index Cond: ((id >= 8456788) AND (id <= 8456797))

table 6 : explain SELECT DISTINCT c FROM sbtest6 WHERE id BETWEEN 9237374 AND 9237383 ORDER BY c
	Unique  (cost=43.90..43.95 rows=10 width=121)
	  ->  Sort  (cost=43.90..43.93 rows=10 width=121)
	        Sort Key: c
	        ->  Index Scan using sbtest6_pkey on sbtest6  (cost=0.43..43.74 rows=10 width=121)
	              Index Cond: ((id >= 9237374) AND (id <= 9237383))

table 7 : explain SELECT DISTINCT c FROM sbtest7 WHERE id BETWEEN 2837111 AND 2837120 ORDER BY c
	Unique  (cost=47.77..47.83 rows=11 width=121)
	  ->  Sort  (cost=47.77..47.80 rows=11 width=121)
	        Sort Key: c
	        ->  Index Scan using sbtest7_pkey on sbtest7  (cost=0.43..47.58 rows=11 width=121)
	              Index Cond: ((id >= 2837111) AND (id <= 2837120))

table 8 : explain SELECT DISTINCT c FROM sbtest8 WHERE id BETWEEN 7440405 AND 7440414 ORDER BY c
	Unique  (cost=43.69..43.74 rows=10 width=121)
	  ->  Sort  (cost=43.69..43.72 rows=10 width=121)
	        Sort Key: c
	        ->  Index Scan using sbtest8_pkey on sbtest8  (cost=0.43..43.52 rows=10 width=121)
	              Index Cond: ((id >= 7440405) AND (id <= 7440414))

for: distinct_ranges
table 1 : explain SELECT DISTINCT c FROM sbtest1 WHERE id BETWEEN 902436 AND 902445 ORDER BY c
	Unique  (cost=43.83..43.88 rows=10 width=121)
	  ->  Sort  (cost=43.83..43.86 rows=10 width=121)
	        Sort Key: c
	        ->  Index Scan using sbtest1_pkey on sbtest1  (cost=0.43..43.67 rows=10 width=121)
	              Index Cond: ((id >= 902436) AND (id <= 902445))

table 2 : explain SELECT DISTINCT c FROM sbtest2 WHERE id BETWEEN 9200404 AND 9200413 ORDER BY c
	Unique  (cost=44.12..44.17 rows=10 width=121)
	  ->  Sort  (cost=44.12..44.15 rows=10 width=121)
	        Sort Key: c
	        ->  Index Scan using sbtest2_pkey on sbtest2  (cost=0.43..43.96 rows=10 width=121)
	              Index Cond: ((id >= 9200404) AND (id <= 9200413))

table 3 : explain SELECT DISTINCT c FROM sbtest3 WHERE id BETWEEN 2113297 AND 2113306 ORDER BY c
	Unique  (cost=43.92..43.97 rows=10 width=121)
	  ->  Sort  (cost=43.92..43.95 rows=10 width=121)
	        Sort Key: c
	        ->  Index Scan using sbtest3_pkey on sbtest3  (cost=0.43..43.76 rows=10 width=121)
	              Index Cond: ((id >= 2113297) AND (id <= 2113306))

table 4 : explain SELECT DISTINCT c FROM sbtest4 WHERE id BETWEEN 5071885 AND 5071894 ORDER BY c
	Unique  (cost=43.91..43.96 rows=10 width=121)
	  ->  Sort  (cost=43.91..43.94 rows=10 width=121)
	        Sort Key: c
	        ->  Index Scan using sbtest4_pkey on sbtest4  (cost=0.43..43.74 rows=10 width=121)
	              Index Cond: ((id >= 5071885) AND (id <= 5071894))

table 5 : explain SELECT DISTINCT c FROM sbtest5 WHERE id BETWEEN 8603773 AND 8603782 ORDER BY c
	Unique  (cost=43.91..43.96 rows=10 width=121)
	  ->  Sort  (cost=43.91..43.94 rows=10 width=121)
	        Sort Key: c
	        ->  Index Scan using sbtest5_pkey on sbtest5  (cost=0.43..43.74 rows=10 width=121)
	              Index Cond: ((id >= 8603773) AND (id <= 8603782))

table 6 : explain SELECT DISTINCT c FROM sbtest6 WHERE id BETWEEN 9820166 AND 9820175 ORDER BY c
	Unique  (cost=47.85..47.90 rows=11 width=121)
	  ->  Sort  (cost=47.85..47.87 rows=11 width=121)
	        Sort Key: c
	        ->  Index Scan using sbtest6_pkey on sbtest6  (cost=0.43..47.66 rows=11 width=121)
	              Index Cond: ((id >= 9820166) AND (id <= 9820175))

table 7 : explain SELECT DISTINCT c FROM sbtest7 WHERE id BETWEEN 5713708 AND 5713717 ORDER BY c
	Unique  (cost=43.83..43.88 rows=10 width=121)
	  ->  Sort  (cost=43.83..43.86 rows=10 width=121)
	        Sort Key: c
	        ->  Index Scan using sbtest7_pkey on sbtest7  (cost=0.43..43.67 rows=10 width=121)
	              Index Cond: ((id >= 5713708) AND (id <= 5713717))

table 8 : explain SELECT DISTINCT c FROM sbtest8 WHERE id BETWEEN 5232069 AND 5232078 ORDER BY c
	Unique  (cost=47.61..47.67 rows=11 width=121)
	  ->  Sort  (cost=47.61..47.64 rows=11 width=121)
	        Sort Key: c
	        ->  Index Scan using sbtest8_pkey on sbtest8  (cost=0.43..47.42 rows=11 width=121)
	              Index Cond: ((id >= 5232069) AND (id <= 5232078))

Threads started!

Warming up for 5 seconds...

SQL statistics:
    queries performed:
        read:                            461505727
        write:                           0
        other:                           65929398
        total:                           527435125
    transactions:                        32964719 (52324.31 per sec.)
    queries:                             527435125 (837188.33 per sec.)
    ignored errors:                      0      (0.00 per sec.)
    reconnects:                          0      (0.00 per sec.)

Throughput:
    events/s (eps):                      52324.3081
    time elapsed:                        630.0079s
    total number of events:              32964719

Latency (ms):
         min:                                    0.68
         avg:                                    0.76
         max:                                   16.83
         95th percentile:                        0.83
         sum:                             25169578.86

Threads fairness:
    events (avg/stddev):           824117.1000/4914.25
    execution time (avg/stddev):   629.2395/0.01

