LUA_PATH=/home/mdcallag/git/mytools/bench/sysbench.lua/lua/?.lua /home/mdcallag/git/mytools/bench/sysbench.lua/lua/sysbench --db-driver=pgsql --range-size=100 --table-size=10000000 --tables=8 --threads=40 --events=0 --warmup-time=5 --time=630 --pgsql_conn_id=true /home/mdcallag/git/mytools/bench/sysbench.lua/lua/oltp_range_covered.lua run --pgsql-user=root --pgsql-password=pw --pgsql-host=127.0.0.1 --pgsql-db=ib --rand-type=uniform --random-points=100 --skip-trx --on-id=false
48 CPUs
sysbench 1.1.0-9072687 (using bundled LuaJIT 2.1.0-beta3)

Running the test with following options:
Number of threads: 40
Warmup time: 5s
Initializing random number generator from current time


Initializing worker threads...

explain: for range-covered :: explain SELECT k FROM sbtest%d WHERE k BETWEEN 7889854 AND 7889954
explain: for range-covered :: explain SELECT k FROM sbtest%d WHERE k BETWEEN 1395895 AND 1395995
explain: for range-covered :: explain SELECT k FROM sbtest%d WHERE k BETWEEN 4644317 AND 4644417
explain: for range-covered :: explain SELECT k FROM sbtest%d WHERE k BETWEEN 6204236 AND 6204336
explain: for range-covered :: explain SELECT k FROM sbtest%d WHERE k BETWEEN 5924019 AND 5924119
explain: for range-covered :: explain SELECT k FROM sbtest%d WHERE k BETWEEN 7724753 AND 7724853
explain: for range-covered :: explain SELECT k FROM sbtest%d WHERE k BETWEEN 6225321 AND 6225421
for range-covered
table 1 : explain SELECT k FROM sbtest1 WHERE k BETWEEN 7889854 AND 7889954
	Index Only Scan using k_1 on sbtest1  (cost=0.43..10.44 rows=100 width=4)
	  Index Cond: ((k >= 7889854) AND (k <= 7889954))

table 2 : explain SELECT k FROM sbtest2 WHERE k BETWEEN 7889854 AND 7889954
	Index Only Scan using k_2 on sbtest2  (cost=0.43..10.54 rows=105 width=4)
	  Index Cond: ((k >= 7889854) AND (k <= 7889954))

table 3 : explain SELECT k FROM sbtest3 WHERE k BETWEEN 7889854 AND 7889954
	Index Only Scan using k_3 on sbtest3  (cost=0.43..10.40 rows=98 width=4)
	  Index Cond: ((k >= 7889854) AND (k <= 7889954))

table 4 : explain SELECT k FROM sbtest4 WHERE k BETWEEN 7889854 AND 7889954
	Index Only Scan using k_4 on sbtest4  (cost=0.43..10.36 rows=96 width=4)
	  Index Cond: ((k >= 7889854) AND (k <= 7889954))

table 5 : explain SELECT k FROM sbtest5 WHERE k BETWEEN 7889854 AND 7889954
	Index Only Scan using k_5 on sbtest5  (cost=0.43..10.56 rows=106 width=4)
	  Index Cond: ((k >= 7889854) AND (k <= 7889954))

table 6 : explain SELECT k FROM sbtest6 WHERE k BETWEEN 7889854 AND 7889954
	Index Only Scan using k_6 on sbtest6  (cost=0.43..10.62 rows=109 width=4)
	  Index Cond: ((k >= 7889854) AND (k <= 7889954))

table 7 : explain SELECT k FROM sbtest7 WHERE k BETWEEN 7889854 AND 7889954
	Index Only Scan using k_7 on sbtest7  (cost=0.43..10.60 rows=108 width=4)
	  Index Cond: ((k >= 7889854) AND (k <= 7889954))

table 8 : explain SELECT k FROM sbtest8 WHERE k BETWEEN 7889854 AND 7889954
	Index Only Scan using k_8 on sbtest8  (cost=0.43..10.33 rows=95 width=4)
	  Index Cond: ((k >= 7889854) AND (k <= 7889954))

explain: for range-covered :: explain SELECT k FROM sbtest%d WHERE k BETWEEN 7889854 AND 7889954
for range-covered
table 1 : explain SELECT k FROM sbtest1 WHERE k BETWEEN 7889854 AND 7889954
	Index Only Scan using k_1 on sbtest1  (cost=0.43..10.44 rows=100 width=4)
	  Index Cond: ((k >= 7889854) AND (k <= 7889954))

table 2 : explain SELECT k FROM sbtest2 WHERE k BETWEEN 7889854 AND 7889954
	Index Only Scan using k_2 on sbtest2  (cost=0.43..10.54 rows=105 width=4)
	  Index Cond: ((k >= 7889854) AND (k <= 7889954))

table 3 : explain SELECT k FROM sbtest3 WHERE k BETWEEN 7889854 AND 7889954
	Index Only Scan using k_3 on sbtest3  (cost=0.43..10.40 rows=98 width=4)
	  Index Cond: ((k >= 7889854) AND (k <= 7889954))

table 4 : explain SELECT k FROM sbtest4 WHERE k BETWEEN 7889854 AND 7889954
	Index Only Scan using k_4 on sbtest4  (cost=0.43..10.36 rows=96 width=4)
	  Index Cond: ((k >= 7889854) AND (k <= 7889954))

table 5 : explain SELECT k FROM sbtest5 WHERE k BETWEEN 7889854 AND 7889954
	Index Only Scan using k_5 on sbtest5  (cost=0.43..10.56 rows=106 width=4)
	  Index Cond: ((k >= 7889854) AND (k <= 7889954))

table 6 : explain SELECT k FROM sbtest6 WHERE k BETWEEN 7889854 AND 7889954
	Index Only Scan using k_6 on sbtest6  (cost=0.43..10.62 rows=109 width=4)
	  Index Cond: ((k >= 7889854) AND (k <= 7889954))

table 7 : explain SELECT k FROM sbtest7 WHERE k BETWEEN 7889854 AND 7889954
	Index Only Scan using k_7 on sbtest7  (cost=0.43..10.60 rows=108 width=4)
	  Index Cond: ((k >= 7889854) AND (k <= 7889954))

table 8 : explain SELECT k FROM sbtest8 WHERE k BETWEEN 7889854 AND 7889954
	Index Only Scan using k_8 on sbtest8  (cost=0.43..10.33 rows=95 width=4)
	  Index Cond: ((k >= 7889854) AND (k <= 7889954))

explain: for range-covered :: explain SELECT k FROM sbtest%d WHERE k BETWEEN 7889854 AND 7889954
for range-covered
table 1 : explain SELECT k FROM sbtest1 WHERE k BETWEEN 4644317 AND 4644417
	Index Only Scan using k_1 on sbtest1  (cost=0.43..10.56 rows=106 width=4)
	  Index Cond: ((k >= 4644317) AND (k <= 4644417))

table 2 : explain SELECT k FROM sbtest2 WHERE k BETWEEN 4644317 AND 4644417
	Index Only Scan using k_2 on sbtest2  (cost=0.43..10.44 rows=100 width=4)
	  Index Cond: ((k >= 4644317) AND (k <= 4644417))

table 3 : explain SELECT k FROM sbtest3 WHERE k BETWEEN 4644317 AND 4644417
	Index Only Scan using k_3 on sbtest3  (cost=0.43..10.70 rows=113 width=4)
	  Index Cond: ((k >= 4644317) AND (k <= 4644417))

table 4 : explain SELECT k FROM sbtest4 WHERE k BETWEEN 4644317 AND 4644417
	Index Only Scan using k_4 on sbtest4  (cost=0.43..10.60 rows=108 width=4)
	  Index Cond: ((k >= 4644317) AND (k <= 4644417))

table 5 : explain SELECT k FROM sbtest5 WHERE k BETWEEN 4644317 AND 4644417
	Index Only Scan using k_5 on sbtest5  (cost=0.43..10.51 rows=104 width=4)
	  Index Cond: ((k >= 4644317) AND (k <= 4644417))

table 6 : explain SELECT k FROM sbtest6 WHERE k BETWEEN 4644317 AND 4644417
	Index Only Scan using k_6 on sbtest6  (cost=0.43..10.74 rows=115 width=4)
	  Index Cond: ((k >= 4644317) AND (k <= 4644417))

table 7 : explain SELECT k FROM sbtest7 WHERE k BETWEEN 4644317 AND 4644417
	Index Only Scan using k_7 on sbtest7  (cost=0.43..10.58 rows=107 width=4)
	  Index Cond: ((k >= 4644317) AND (k <= 4644417))

table 8 : explain SELECT k FROM sbtest8 WHERE k BETWEEN 4644317 AND 4644417
	Index Only Scan using k_8 on sbtest8  (cost=0.43..10.76 rows=116 width=4)
	  Index Cond: ((k >= 4644317) AND (k <= 4644417))

explain: for range-covered :: explain SELECT k FROM sbtest%d WHERE k BETWEEN 4644317 AND 4644417
for range-covered
table 1 : explain SELECT k FROM sbtest1 WHERE k BETWEEN 7889854 AND 7889954
	Index Only Scan using k_1 on sbtest1  (cost=0.43..10.44 rows=100 width=4)
	  Index Cond: ((k >= 7889854) AND (k <= 7889954))

table 2 : explain SELECT k FROM sbtest2 WHERE k BETWEEN 7889854 AND 7889954
	Index Only Scan using k_2 on sbtest2  (cost=0.43..10.54 rows=105 width=4)
	  Index Cond: ((k >= 7889854) AND (k <= 7889954))

table 3 : explain SELECT k FROM sbtest3 WHERE k BETWEEN 7889854 AND 7889954
	Index Only Scan using k_3 on sbtest3  (cost=0.43..10.40 rows=98 width=4)
	  Index Cond: ((k >= 7889854) AND (k <= 7889954))

table 4 : explain SELECT k FROM sbtest4 WHERE k BETWEEN 7889854 AND 7889954
	Index Only Scan using k_4 on sbtest4  (cost=0.43..10.36 rows=96 width=4)
	  Index Cond: ((k >= 7889854) AND (k <= 7889954))

table 5 : explain SELECT k FROM sbtest5 WHERE k BETWEEN 7889854 AND 7889954
	Index Only Scan using k_5 on sbtest5  (cost=0.43..10.56 rows=106 width=4)
	  Index Cond: ((k >= 7889854) AND (k <= 7889954))

table 6 : explain SELECT k FROM sbtest6 WHERE k BETWEEN 7889854 AND 7889954
	Index Only Scan using k_6 on sbtest6  (cost=0.43..10.62 rows=109 width=4)
	  Index Cond: ((k >= 7889854) AND (k <= 7889954))

table 7 : explain SELECT k FROM sbtest7 WHERE k BETWEEN 7889854 AND 7889954
	Index Only Scan using k_7 on sbtest7  (cost=0.43..10.60 rows=108 width=4)
	  Index Cond: ((k >= 7889854) AND (k <= 7889954))

table 8 : explain SELECT k FROM sbtest8 WHERE k BETWEEN 7889854 AND 7889954
	Index Only Scan using k_8 on sbtest8  (cost=0.43..10.33 rows=95 width=4)
	  Index Cond: ((k >= 7889854) AND (k <= 7889954))

explain: for range-covered :: explain SELECT k FROM sbtest%d WHERE k BETWEEN 7889854 AND 7889954
for range-covered
table 1 : explain SELECT k FROM sbtest1 WHERE k BETWEEN 4644317 AND 4644417
	Index Only Scan using k_1 on sbtest1  (cost=0.43..10.56 rows=106 width=4)
	  Index Cond: ((k >= 4644317) AND (k <= 4644417))

table 2 : explain SELECT k FROM sbtest2 WHERE k BETWEEN 4644317 AND 4644417
	Index Only Scan using k_2 on sbtest2  (cost=0.43..10.44 rows=100 width=4)
	  Index Cond: ((k >= 4644317) AND (k <= 4644417))

table 3 : explain SELECT k FROM sbtest3 WHERE k BETWEEN 4644317 AND 4644417
	Index Only Scan using k_3 on sbtest3  (cost=0.43..10.70 rows=113 width=4)
	  Index Cond: ((k >= 4644317) AND (k <= 4644417))

table 4 : explain SELECT k FROM sbtest4 WHERE k BETWEEN 4644317 AND 4644417
	Index Only Scan using k_4 on sbtest4  (cost=0.43..10.60 rows=108 width=4)
	  Index Cond: ((k >= 4644317) AND (k <= 4644417))

table 5 : explain SELECT k FROM sbtest5 WHERE k BETWEEN 4644317 AND 4644417
	Index Only Scan using k_5 on sbtest5  (cost=0.43..10.51 rows=104 width=4)
	  Index Cond: ((k >= 4644317) AND (k <= 4644417))

table 6 : explain SELECT k FROM sbtest6 WHERE k BETWEEN 4644317 AND 4644417
	Index Only Scan using k_6 on sbtest6  (cost=0.43..10.74 rows=115 width=4)
	  Index Cond: ((k >= 4644317) AND (k <= 4644417))

table 7 : explain SELECT k FROM sbtest7 WHERE k BETWEEN 4644317 AND 4644417
	Index Only Scan using k_7 on sbtest7  (cost=0.43..10.58 rows=107 width=4)
	  Index Cond: ((k >= 4644317) AND (k <= 4644417))

table 8 : explain SELECT k FROM sbtest8 WHERE k BETWEEN 4644317 AND 4644417
	Index Only Scan using k_8 on sbtest8  (cost=0.43..10.76 rows=116 width=4)
	  Index Cond: ((k >= 4644317) AND (k <= 4644417))

explain: for range-covered :: explain SELECT k FROM sbtest%d WHERE k BETWEEN 4644317 AND 4644417
for range-covered
table 1 : explain SELECT k FROM sbtest1 WHERE k BETWEEN 6204236 AND 6204336
	Index Only Scan using k_1 on sbtest1  (cost=0.43..10.44 rows=100 width=4)
	  Index Cond: ((k >= 6204236) AND (k <= 6204336))

table 2 : explain SELECT k FROM sbtest2 WHERE k BETWEEN 6204236 AND 6204336
	Index Only Scan using k_2 on sbtest2  (cost=0.43..10.58 rows=107 width=4)
	  Index Cond: ((k >= 6204236) AND (k <= 6204336))

table 3 : explain SELECT k FROM sbtest3 WHERE k BETWEEN 6204236 AND 6204336
	Index Only Scan using k_3 on sbtest3  (cost=0.43..10.36 rows=96 width=4)
	  Index Cond: ((k >= 6204236) AND (k <= 6204336))

table 4 : explain SELECT k FROM sbtest4 WHERE k BETWEEN 6204236 AND 6204336
	Index Only Scan using k_4 on sbtest4  (cost=0.43..10.63 rows=110 width=4)
	  Index Cond: ((k >= 6204236) AND (k <= 6204336))

table 5 : explain SELECT k FROM sbtest5 WHERE k BETWEEN 6204236 AND 6204336
	Index Only Scan using k_5 on sbtest5  (cost=0.43..10.47 rows=102 width=4)
	  Index Cond: ((k >= 6204236) AND (k <= 6204336))

table 6 : explain SELECT k FROM sbtest6 WHERE k BETWEEN 6204236 AND 6204336
	Index Only Scan using k_6 on sbtest6  (cost=0.43..10.47 rows=102 width=4)
	  Index Cond: ((k >= 6204236) AND (k <= 6204336))

table 7 : explain SELECT k FROM sbtest7 WHERE k BETWEEN 6204236 AND 6204336
	Index Only Scan using k_7 on sbtest7  (cost=0.43..10.32 rows=94 width=4)
	  Index Cond: ((k >= 6204236) AND (k <= 6204336))

table 8 : explain SELECT k FROM sbtest8 WHERE k BETWEEN 6204236 AND 6204336
	Index Only Scan using k_8 on sbtest8  (cost=0.43..10.47 rows=102 width=4)
	  Index Cond: ((k >= 6204236) AND (k <= 6204336))

explain: for range-covered :: explain SELECT k FROM sbtest%d WHERE k BETWEEN 6204236 AND 6204336
for range-covered
table 1 : explain SELECT k FROM sbtest1 WHERE k BETWEEN 5924019 AND 5924119
	Index Only Scan using k_1 on sbtest1  (cost=0.43..10.60 rows=108 width=4)
	  Index Cond: ((k >= 5924019) AND (k <= 5924119))

table 2 : explain SELECT k FROM sbtest2 WHERE k BETWEEN 5924019 AND 5924119
	Index Only Scan using k_2 on sbtest2  (cost=0.43..10.40 rows=98 width=4)
	  Index Cond: ((k >= 5924019) AND (k <= 5924119))

table 3 : explain SELECT k FROM sbtest3 WHERE k BETWEEN 5924019 AND 5924119
	Index Only Scan using k_3 on sbtest3  (cost=0.43..10.44 rows=100 width=4)
	  Index Cond: ((k >= 5924019) AND (k <= 5924119))

table 4 : explain SELECT k FROM sbtest4 WHERE k BETWEEN 5924019 AND 5924119
	Index Only Scan using k_4 on sbtest4  (cost=0.43..10.47 rows=102 width=4)
	  Index Cond: ((k >= 5924019) AND (k <= 5924119))

table 5 : explain SELECT k FROM sbtest5 WHERE k BETWEEN 5924019 AND 5924119
	Index Only Scan using k_5 on sbtest5  (cost=0.43..10.33 rows=95 width=4)
	  Index Cond: ((k >= 5924019) AND (k <= 5924119))

table 6 : explain SELECT k FROM sbtest6 WHERE k BETWEEN 5924019 AND 5924119
	Index Only Scan using k_6 on sbtest6  (cost=0.43..10.29 rows=93 width=4)
	  Index Cond: ((k >= 5924019) AND (k <= 5924119))

table 7 : explain SELECT k FROM sbtest7 WHERE k BETWEEN 5924019 AND 5924119
	Index Only Scan using k_7 on sbtest7  (cost=0.43..10.38 rows=97 width=4)
	  Index Cond: ((k >= 5924019) AND (k <= 5924119))

table 8 : explain SELECT k FROM sbtest8 WHERE k BETWEEN 5924019 AND 5924119
	Index Only Scan using k_8 on sbtest8  (cost=0.43..10.44 rows=100 width=4)
	  Index Cond: ((k >= 5924019) AND (k <= 5924119))

for range-covered
table 1 : explain SELECT k FROM sbtest1 WHERE k BETWEEN 7724753 AND 7724853
	Index Only Scan using k_1 on sbtest1  (cost=0.43..10.58 rows=107 width=4)
	  Index Cond: ((k >= 7724753) AND (k <= 7724853))

table 2 : explain SELECT k FROM sbtest2 WHERE k BETWEEN 7724753 AND 7724853
	Index Only Scan using k_2 on sbtest2  (cost=0.43..10.46 rows=101 width=4)
	  Index Cond: ((k >= 7724753) AND (k <= 7724853))

table 3 : explain SELECT k FROM sbtest3 WHERE k BETWEEN 7724753 AND 7724853
	Index Only Scan using k_3 on sbtest3  (cost=0.43..10.54 rows=105 width=4)
	  Index Cond: ((k >= 7724753) AND (k <= 7724853))

table 4 : explain SELECT k FROM sbtest4 WHERE k BETWEEN 7724753 AND 7724853
	Index Only Scan using k_4 on sbtest4  (cost=0.43..10.60 rows=108 width=4)
	  Index Cond: ((k >= 7724753) AND (k <= 7724853))

table 5 : explain SELECT k FROM sbtest5 WHERE k BETWEEN 7724753 AND 7724853
	Index Only Scan using k_5 on sbtest5  (cost=0.43..10.50 rows=103 width=4)
	  Index Cond: ((k >= 7724753) AND (k <= 7724853))

table 6 : explain SELECT k FROM sbtest6 WHERE k BETWEEN 7724753 AND 7724853
	Index Only Scan using k_6 on sbtest6  (cost=0.43..10.81 rows=119 width=4)
	  Index Cond: ((k >= 7724753) AND (k <= 7724853))

table 7 : explain SELECT k FROM sbtest7 WHERE k BETWEEN 7724753 AND 7724853
	Index Only Scan using k_7 on sbtest7  (cost=0.43..10.47 rows=102 width=4)
	  Index Cond: ((k >= 7724753) AND (k <= 7724853))

table 8 : explain SELECT k FROM sbtest8 WHERE k BETWEEN 7724753 AND 7724853
	Index Only Scan using k_8 on sbtest8  (cost=0.43..10.46 rows=101 width=4)
	  Index Cond: ((k >= 7724753) AND (k <= 7724853))

for range-covered
table 1 : explain SELECT k FROM sbtest1 WHERE k BETWEEN 6225321 AND 6225421
	Index Only Scan using k_1 on sbtest1  (cost=0.43..10.44 rows=100 width=4)
	  Index Cond: ((k >= 6225321) AND (k <= 6225421))

table 2 : explain SELECT k FROM sbtest2 WHERE k BETWEEN 6225321 AND 6225421
	Index Only Scan using k_2 on sbtest2  (cost=0.43..10.58 rows=107 width=4)
	  Index Cond: ((k >= 6225321) AND (k <= 6225421))

table 3 : explain SELECT k FROM sbtest3 WHERE k BETWEEN 6225321 AND 6225421
	Index Only Scan using k_3 on sbtest3  (cost=0.43..10.36 rows=96 width=4)
	  Index Cond: ((k >= 6225321) AND (k <= 6225421))

table 4 : explain SELECT k FROM sbtest4 WHERE k BETWEEN 6225321 AND 6225421
	Index Only Scan using k_4 on sbtest4  (cost=0.43..10.50 rows=103 width=4)
	  Index Cond: ((k >= 6225321) AND (k <= 6225421))

table 5 : explain SELECT k FROM sbtest5 WHERE k BETWEEN 6225321 AND 6225421
	Index Only Scan using k_5 on sbtest5  (cost=0.43..10.47 rows=102 width=4)
	  Index Cond: ((k >= 6225321) AND (k <= 6225421))

table 6 : explain SELECT k FROM sbtest6 WHERE k BETWEEN 6225321 AND 6225421
	Index Only Scan using k_6 on sbtest6  (cost=0.43..10.42 rows=99 width=4)
	  Index Cond: ((k >= 6225321) AND (k <= 6225421))

table 7 : explain SELECT k FROM sbtest7 WHERE k BETWEEN 6225321 AND 6225421
	Index Only Scan using k_7 on sbtest7  (cost=0.43..10.36 rows=96 width=4)
	  Index Cond: ((k >= 6225321) AND (k <= 6225421))

table 8 : explain SELECT k FROM sbtest8 WHERE k BETWEEN 6225321 AND 6225421
	Index Only Scan using k_8 on sbtest8  (cost=0.43..10.56 rows=106 width=4)
	  Index Cond: ((k >= 6225321) AND (k <= 6225421))

explain: for range-covered :: explain SELECT k FROM sbtest%d WHERE k BETWEEN 7724753 AND 7724853
explain: for range-covered :: explain SELECT k FROM sbtest%d WHERE k BETWEEN 6225321 AND 6225421
for range-covered
table 1 : explain SELECT k FROM sbtest1 WHERE k BETWEEN 7889854 AND 7889954
	Index Only Scan using k_1 on sbtest1  (cost=0.43..10.44 rows=100 width=4)
	  Index Cond: ((k >= 7889854) AND (k <= 7889954))

table 2 : explain SELECT k FROM sbtest2 WHERE k BETWEEN 7889854 AND 7889954
	Index Only Scan using k_2 on sbtest2  (cost=0.43..10.54 rows=105 width=4)
	  Index Cond: ((k >= 7889854) AND (k <= 7889954))

table 3 : explain SELECT k FROM sbtest3 WHERE k BETWEEN 7889854 AND 7889954
	Index Only Scan using k_3 on sbtest3  (cost=0.43..10.40 rows=98 width=4)
	  Index Cond: ((k >= 7889854) AND (k <= 7889954))

table 4 : explain SELECT k FROM sbtest4 WHERE k BETWEEN 7889854 AND 7889954
	Index Only Scan using k_4 on sbtest4  (cost=0.43..10.36 rows=96 width=4)
	  Index Cond: ((k >= 7889854) AND (k <= 7889954))

table 5 : explain SELECT k FROM sbtest5 WHERE k BETWEEN 7889854 AND 7889954
	Index Only Scan using k_5 on sbtest5  (cost=0.43..10.56 rows=106 width=4)
	  Index Cond: ((k >= 7889854) AND (k <= 7889954))

table 6 : explain SELECT k FROM sbtest6 WHERE k BETWEEN 7889854 AND 7889954
	Index Only Scan using k_6 on sbtest6  (cost=0.43..10.62 rows=109 width=4)
	  Index Cond: ((k >= 7889854) AND (k <= 7889954))

table 7 : explain SELECT k FROM sbtest7 WHERE k BETWEEN 7889854 AND 7889954
	Index Only Scan using k_7 on sbtest7  (cost=0.43..10.60 rows=108 width=4)
	  Index Cond: ((k >= 7889854) AND (k <= 7889954))

table 8 : explain SELECT k FROM sbtest8 WHERE k BETWEEN 7889854 AND 7889954
	Index Only Scan using k_8 on sbtest8  (cost=0.43..10.33 rows=95 width=4)
	  Index Cond: ((k >= 7889854) AND (k <= 7889954))

explain: for range-covered :: explain SELECT k FROM sbtest%d WHERE k BETWEEN 5924019 AND 5924119
for range-covered
table 1 : explain SELECT k FROM sbtest1 WHERE k BETWEEN 6204236 AND 6204336
	Index Only Scan using k_1 on sbtest1  (cost=0.43..10.44 rows=100 width=4)
	  Index Cond: ((k >= 6204236) AND (k <= 6204336))

table 2 : explain SELECT k FROM sbtest2 WHERE k BETWEEN 6204236 AND 6204336
	Index Only Scan using k_2 on sbtest2  (cost=0.43..10.58 rows=107 width=4)
	  Index Cond: ((k >= 6204236) AND (k <= 6204336))

table 3 : explain SELECT k FROM sbtest3 WHERE k BETWEEN 6204236 AND 6204336
	Index Only Scan using k_3 on sbtest3  (cost=0.43..10.36 rows=96 width=4)
	  Index Cond: ((k >= 6204236) AND (k <= 6204336))

table 4 : explain SELECT k FROM sbtest4 WHERE k BETWEEN 6204236 AND 6204336
	Index Only Scan using k_4 on sbtest4  (cost=0.43..10.63 rows=110 width=4)
	  Index Cond: ((k >= 6204236) AND (k <= 6204336))

table 5 : explain SELECT k FROM sbtest5 WHERE k BETWEEN 6204236 AND 6204336
	Index Only Scan using k_5 on sbtest5  (cost=0.43..10.47 rows=102 width=4)
	  Index Cond: ((k >= 6204236) AND (k <= 6204336))

table 6 : explain SELECT k FROM sbtest6 WHERE k BETWEEN 6204236 AND 6204336
	Index Only Scan using k_6 on sbtest6  (cost=0.43..10.47 rows=102 width=4)
	  Index Cond: ((k >= 6204236) AND (k <= 6204336))

table 7 : explain SELECT k FROM sbtest7 WHERE k BETWEEN 6204236 AND 6204336
	Index Only Scan using k_7 on sbtest7  (cost=0.43..10.32 rows=94 width=4)
	  Index Cond: ((k >= 6204236) AND (k <= 6204336))

table 8 : explain SELECT k FROM sbtest8 WHERE k BETWEEN 6204236 AND 6204336
	Index Only Scan using k_8 on sbtest8  (cost=0.43..10.47 rows=102 width=4)
	  Index Cond: ((k >= 6204236) AND (k <= 6204336))

explain: for range-covered :: explain SELECT k FROM sbtest%d WHERE k BETWEEN 6204236 AND 6204336
explain: for range-covered :: explain SELECT k FROM sbtest%d WHERE k BETWEEN 2189601 AND 2189701
for range-covered
table 1 : explain SELECT k FROM sbtest1 WHERE k BETWEEN 6225321 AND 6225421
	Index Only Scan using k_1 on sbtest1  (cost=0.43..10.44 rows=100 width=4)
	  Index Cond: ((k >= 6225321) AND (k <= 6225421))

table 2 : explain SELECT k FROM sbtest2 WHERE k BETWEEN 6225321 AND 6225421
	Index Only Scan using k_2 on sbtest2  (cost=0.43..10.58 rows=107 width=4)
	  Index Cond: ((k >= 6225321) AND (k <= 6225421))

table 3 : explain SELECT k FROM sbtest3 WHERE k BETWEEN 6225321 AND 6225421
	Index Only Scan using k_3 on sbtest3  (cost=0.43..10.36 rows=96 width=4)
	  Index Cond: ((k >= 6225321) AND (k <= 6225421))

table 4 : explain SELECT k FROM sbtest4 WHERE k BETWEEN 6225321 AND 6225421
	Index Only Scan using k_4 on sbtest4  (cost=0.43..10.50 rows=103 width=4)
	  Index Cond: ((k >= 6225321) AND (k <= 6225421))

table 5 : explain SELECT k FROM sbtest5 WHERE k BETWEEN 6225321 AND 6225421
	Index Only Scan using k_5 on sbtest5  (cost=0.43..10.47 rows=102 width=4)
	  Index Cond: ((k >= 6225321) AND (k <= 6225421))

table 6 : explain SELECT k FROM sbtest6 WHERE k BETWEEN 6225321 AND 6225421
	Index Only Scan using k_6 on sbtest6  (cost=0.43..10.42 rows=99 width=4)
	  Index Cond: ((k >= 6225321) AND (k <= 6225421))

table 7 : explain SELECT k FROM sbtest7 WHERE k BETWEEN 6225321 AND 6225421
	Index Only Scan using k_7 on sbtest7  (cost=0.43..10.36 rows=96 width=4)
	  Index Cond: ((k >= 6225321) AND (k <= 6225421))

table 8 : explain SELECT k FROM sbtest8 WHERE k BETWEEN 6225321 AND 6225421
	Index Only Scan using k_8 on sbtest8  (cost=0.43..10.56 rows=106 width=4)
	  Index Cond: ((k >= 6225321) AND (k <= 6225421))

explain: for range-covered :: explain SELECT k FROM sbtest%d WHERE k BETWEEN 7889854 AND 7889954
explain: for range-covered :: explain SELECT k FROM sbtest%d WHERE k BETWEEN 6225321 AND 6225421
for range-covered
table 1 : explain SELECT k FROM sbtest1 WHERE k BETWEEN 4644317 AND 4644417
	Index Only Scan using k_1 on sbtest1  (cost=0.43..10.56 rows=106 width=4)
	  Index Cond: ((k >= 4644317) AND (k <= 4644417))

table 2 : explain SELECT k FROM sbtest2 WHERE k BETWEEN 4644317 AND 4644417
	Index Only Scan using k_2 on sbtest2  (cost=0.43..10.44 rows=100 width=4)
	  Index Cond: ((k >= 4644317) AND (k <= 4644417))

table 3 : explain SELECT k FROM sbtest3 WHERE k BETWEEN 4644317 AND 4644417
	Index Only Scan using k_3 on sbtest3  (cost=0.43..10.70 rows=113 width=4)
	  Index Cond: ((k >= 4644317) AND (k <= 4644417))

table 4 : explain SELECT k FROM sbtest4 WHERE k BETWEEN 4644317 AND 4644417
	Index Only Scan using k_4 on sbtest4  (cost=0.43..10.60 rows=108 width=4)
	  Index Cond: ((k >= 4644317) AND (k <= 4644417))

table 5 : explain SELECT k FROM sbtest5 WHERE k BETWEEN 4644317 AND 4644417
	Index Only Scan using k_5 on sbtest5  (cost=0.43..10.51 rows=104 width=4)
	  Index Cond: ((k >= 4644317) AND (k <= 4644417))

table 6 : explain SELECT k FROM sbtest6 WHERE k BETWEEN 4644317 AND 4644417
	Index Only Scan using k_6 on sbtest6  (cost=0.43..10.74 rows=115 width=4)
	  Index Cond: ((k >= 4644317) AND (k <= 4644417))

table 7 : explain SELECT k FROM sbtest7 WHERE k BETWEEN 4644317 AND 4644417
	Index Only Scan using k_7 on sbtest7  (cost=0.43..10.58 rows=107 width=4)
	  Index Cond: ((k >= 4644317) AND (k <= 4644417))

table 8 : explain SELECT k FROM sbtest8 WHERE k BETWEEN 4644317 AND 4644417
	Index Only Scan using k_8 on sbtest8  (cost=0.43..10.76 rows=116 width=4)
	  Index Cond: ((k >= 4644317) AND (k <= 4644417))

for range-covered
table 1 : explain SELECT k FROM sbtest1 WHERE k BETWEEN 7724753 AND 7724853
	Index Only Scan using k_1 on sbtest1  (cost=0.43..10.58 rows=107 width=4)
	  Index Cond: ((k >= 7724753) AND (k <= 7724853))

table 2 : explain SELECT k FROM sbtest2 WHERE k BETWEEN 7724753 AND 7724853
	Index Only Scan using k_2 on sbtest2  (cost=0.43..10.46 rows=101 width=4)
	  Index Cond: ((k >= 7724753) AND (k <= 7724853))

table 3 : explain SELECT k FROM sbtest3 WHERE k BETWEEN 7724753 AND 7724853
	Index Only Scan using k_3 on sbtest3  (cost=0.43..10.54 rows=105 width=4)
	  Index Cond: ((k >= 7724753) AND (k <= 7724853))

table 4 : explain SELECT k FROM sbtest4 WHERE k BETWEEN 7724753 AND 7724853
	Index Only Scan using k_4 on sbtest4  (cost=0.43..10.60 rows=108 width=4)
	  Index Cond: ((k >= 7724753) AND (k <= 7724853))

table 5 : explain SELECT k FROM sbtest5 WHERE k BETWEEN 7724753 AND 7724853
	Index Only Scan using k_5 on sbtest5  (cost=0.43..10.50 rows=103 width=4)
	  Index Cond: ((k >= 7724753) AND (k <= 7724853))

table 6 : explain SELECT k FROM sbtest6 WHERE k BETWEEN 7724753 AND 7724853
	Index Only Scan using k_6 on sbtest6  (cost=0.43..10.81 rows=119 width=4)
	  Index Cond: ((k >= 7724753) AND (k <= 7724853))

table 7 : explain SELECT k FROM sbtest7 WHERE k BETWEEN 7724753 AND 7724853
	Index Only Scan using k_7 on sbtest7  (cost=0.43..10.47 rows=102 width=4)
	  Index Cond: ((k >= 7724753) AND (k <= 7724853))

table 8 : explain SELECT k FROM sbtest8 WHERE k BETWEEN 7724753 AND 7724853
	Index Only Scan using k_8 on sbtest8  (cost=0.43..10.46 rows=101 width=4)
	  Index Cond: ((k >= 7724753) AND (k <= 7724853))

explain: for range-covered :: explain SELECT k FROM sbtest%d WHERE k BETWEEN 4644317 AND 4644417
for range-covered
table 1 : explain SELECT k FROM sbtest1 WHERE k BETWEEN 6204236 AND 6204336
	Index Only Scan using k_1 on sbtest1  (cost=0.43..10.44 rows=100 width=4)
	  Index Cond: ((k >= 6204236) AND (k <= 6204336))

table 2 : explain SELECT k FROM sbtest2 WHERE k BETWEEN 6204236 AND 6204336
	Index Only Scan using k_2 on sbtest2  (cost=0.43..10.58 rows=107 width=4)
	  Index Cond: ((k >= 6204236) AND (k <= 6204336))

table 3 : explain SELECT k FROM sbtest3 WHERE k BETWEEN 6204236 AND 6204336
	Index Only Scan using k_3 on sbtest3  (cost=0.43..10.36 rows=96 width=4)
	  Index Cond: ((k >= 6204236) AND (k <= 6204336))

table 4 : explain SELECT k FROM sbtest4 WHERE k BETWEEN 6204236 AND 6204336
	Index Only Scan using k_4 on sbtest4  (cost=0.43..10.63 rows=110 width=4)
	  Index Cond: ((k >= 6204236) AND (k <= 6204336))

table 5 : explain SELECT k FROM sbtest5 WHERE k BETWEEN 6204236 AND 6204336
	Index Only Scan using k_5 on sbtest5  (cost=0.43..10.47 rows=102 width=4)
	  Index Cond: ((k >= 6204236) AND (k <= 6204336))

table 6 : explain SELECT k FROM sbtest6 WHERE k BETWEEN 6204236 AND 6204336
	Index Only Scan using k_6 on sbtest6  (cost=0.43..10.47 rows=102 width=4)
	  Index Cond: ((k >= 6204236) AND (k <= 6204336))

table 7 : explain SELECT k FROM sbtest7 WHERE k BETWEEN 6204236 AND 6204336
	Index Only Scan using k_7 on sbtest7  (cost=0.43..10.32 rows=94 width=4)
	  Index Cond: ((k >= 6204236) AND (k <= 6204336))

table 8 : explain SELECT k FROM sbtest8 WHERE k BETWEEN 6204236 AND 6204336
	Index Only Scan using k_8 on sbtest8  (cost=0.43..10.47 rows=102 width=4)
	  Index Cond: ((k >= 6204236) AND (k <= 6204336))

for range-covered
table 1 : explain SELECT k FROM sbtest1 WHERE k BETWEEN 6225321 AND 6225421
	Index Only Scan using k_1 on sbtest1  (cost=0.43..10.44 rows=100 width=4)
	  Index Cond: ((k >= 6225321) AND (k <= 6225421))

table 2 : explain SELECT k FROM sbtest2 WHERE k BETWEEN 6225321 AND 6225421
	Index Only Scan using k_2 on sbtest2  (cost=0.43..10.58 rows=107 width=4)
	  Index Cond: ((k >= 6225321) AND (k <= 6225421))

table 3 : explain SELECT k FROM sbtest3 WHERE k BETWEEN 6225321 AND 6225421
	Index Only Scan using k_3 on sbtest3  (cost=0.43..10.36 rows=96 width=4)
	  Index Cond: ((k >= 6225321) AND (k <= 6225421))

table 4 : explain SELECT k FROM sbtest4 WHERE k BETWEEN 6225321 AND 6225421
	Index Only Scan using k_4 on sbtest4  (cost=0.43..10.50 rows=103 width=4)
	  Index Cond: ((k >= 6225321) AND (k <= 6225421))

table 5 : explain SELECT k FROM sbtest5 WHERE k BETWEEN 6225321 AND 6225421
	Index Only Scan using k_5 on sbtest5  (cost=0.43..10.47 rows=102 width=4)
	  Index Cond: ((k >= 6225321) AND (k <= 6225421))

table 6 : explain SELECT k FROM sbtest6 WHERE k BETWEEN 6225321 AND 6225421
	Index Only Scan using k_6 on sbtest6  (cost=0.43..10.42 rows=99 width=4)
	  Index Cond: ((k >= 6225321) AND (k <= 6225421))

table 7 : explain SELECT k FROM sbtest7 WHERE k BETWEEN 6225321 AND 6225421
	Index Only Scan using k_7 on sbtest7  (cost=0.43..10.36 rows=96 width=4)
	  Index Cond: ((k >= 6225321) AND (k <= 6225421))

table 8 : explain SELECT k FROM sbtest8 WHERE k BETWEEN 6225321 AND 6225421
	Index Only Scan using k_8 on sbtest8  (cost=0.43..10.56 rows=106 width=4)
	  Index Cond: ((k >= 6225321) AND (k <= 6225421))

explain: for range-covered :: explain SELECT k FROM sbtest%d WHERE k BETWEEN 6204236 AND 6204336
explain: for range-covered :: explain SELECT k FROM sbtest%d WHERE k BETWEEN 6225321 AND 6225421
explain: for range-covered :: explain SELECT k FROM sbtest%d WHERE k BETWEEN 7724753 AND 7724853
for range-covered
table 1 : explain SELECT k FROM sbtest1 WHERE k BETWEEN 7889854 AND 7889954
	Index Only Scan using k_1 on sbtest1  (cost=0.43..10.44 rows=100 width=4)
	  Index Cond: ((k >= 7889854) AND (k <= 7889954))

table 2 : explain SELECT k FROM sbtest2 WHERE k BETWEEN 7889854 AND 7889954
	Index Only Scan using k_2 on sbtest2  (cost=0.43..10.54 rows=105 width=4)
	  Index Cond: ((k >= 7889854) AND (k <= 7889954))

table 3 : explain SELECT k FROM sbtest3 WHERE k BETWEEN 7889854 AND 7889954
	Index Only Scan using k_3 on sbtest3  (cost=0.43..10.40 rows=98 width=4)
	  Index Cond: ((k >= 7889854) AND (k <= 7889954))

table 4 : explain SELECT k FROM sbtest4 WHERE k BETWEEN 7889854 AND 7889954
	Index Only Scan using k_4 on sbtest4  (cost=0.43..10.36 rows=96 width=4)
	  Index Cond: ((k >= 7889854) AND (k <= 7889954))

table 5 : explain SELECT k FROM sbtest5 WHERE k BETWEEN 7889854 AND 7889954
	Index Only Scan using k_5 on sbtest5  (cost=0.43..10.56 rows=106 width=4)
	  Index Cond: ((k >= 7889854) AND (k <= 7889954))

table 6 : explain SELECT k FROM sbtest6 WHERE k BETWEEN 7889854 AND 7889954
	Index Only Scan using k_6 on sbtest6  (cost=0.43..10.62 rows=109 width=4)
	  Index Cond: ((k >= 7889854) AND (k <= 7889954))

table 7 : explain SELECT k FROM sbtest7 WHERE k BETWEEN 7889854 AND 7889954
	Index Only Scan using k_7 on sbtest7  (cost=0.43..10.60 rows=108 width=4)
	  Index Cond: ((k >= 7889854) AND (k <= 7889954))

table 8 : explain SELECT k FROM sbtest8 WHERE k BETWEEN 7889854 AND 7889954
	Index Only Scan using k_8 on sbtest8  (cost=0.43..10.33 rows=95 width=4)
	  Index Cond: ((k >= 7889854) AND (k <= 7889954))

for range-covered
table 1 : explain SELECT k FROM sbtest1 WHERE k BETWEEN 5924019 AND 5924119
	Index Only Scan using k_1 on sbtest1  (cost=0.43..10.60 rows=108 width=4)
	  Index Cond: ((k >= 5924019) AND (k <= 5924119))

table 2 : explain SELECT k FROM sbtest2 WHERE k BETWEEN 5924019 AND 5924119
	Index Only Scan using k_2 on sbtest2  (cost=0.43..10.40 rows=98 width=4)
	  Index Cond: ((k >= 5924019) AND (k <= 5924119))

table 3 : explain SELECT k FROM sbtest3 WHERE k BETWEEN 5924019 AND 5924119
	Index Only Scan using k_3 on sbtest3  (cost=0.43..10.44 rows=100 width=4)
	  Index Cond: ((k >= 5924019) AND (k <= 5924119))

table 4 : explain SELECT k FROM sbtest4 WHERE k BETWEEN 5924019 AND 5924119
	Index Only Scan using k_4 on sbtest4  (cost=0.43..10.47 rows=102 width=4)
	  Index Cond: ((k >= 5924019) AND (k <= 5924119))

table 5 : explain SELECT k FROM sbtest5 WHERE k BETWEEN 5924019 AND 5924119
	Index Only Scan using k_5 on sbtest5  (cost=0.43..10.33 rows=95 width=4)
	  Index Cond: ((k >= 5924019) AND (k <= 5924119))

table 6 : explain SELECT k FROM sbtest6 WHERE k BETWEEN 5924019 AND 5924119
	Index Only Scan using k_6 on sbtest6  (cost=0.43..10.29 rows=93 width=4)
	  Index Cond: ((k >= 5924019) AND (k <= 5924119))

table 7 : explain SELECT k FROM sbtest7 WHERE k BETWEEN 5924019 AND 5924119
	Index Only Scan using k_7 on sbtest7  (cost=0.43..10.38 rows=97 width=4)
	  Index Cond: ((k >= 5924019) AND (k <= 5924119))

table 8 : explain SELECT k FROM sbtest8 WHERE k BETWEEN 5924019 AND 5924119
	Index Only Scan using k_8 on sbtest8  (cost=0.43..10.44 rows=100 width=4)
	  Index Cond: ((k >= 5924019) AND (k <= 5924119))

explain: for range-covered :: explain SELECT k FROM sbtest%d WHERE k BETWEEN 7442424 AND 7442524
explain: for range-covered :: explain SELECT k FROM sbtest%d WHERE k BETWEEN 5924019 AND 5924119
explain: for range-covered :: explain SELECT k FROM sbtest%d WHERE k BETWEEN 7426770 AND 7426870
explain: for range-covered :: explain SELECT k FROM sbtest%d WHERE k BETWEEN 7889854 AND 7889954
for range-covered
table 1 : explain SELECT k FROM sbtest1 WHERE k BETWEEN 6225321 AND 6225421
	Index Only Scan using k_1 on sbtest1  (cost=0.43..10.44 rows=100 width=4)
	  Index Cond: ((k >= 6225321) AND (k <= 6225421))

table 2 : explain SELECT k FROM sbtest2 WHERE k BETWEEN 6225321 AND 6225421
	Index Only Scan using k_2 on sbtest2  (cost=0.43..10.58 rows=107 width=4)
	  Index Cond: ((k >= 6225321) AND (k <= 6225421))

table 3 : explain SELECT k FROM sbtest3 WHERE k BETWEEN 6225321 AND 6225421
	Index Only Scan using k_3 on sbtest3  (cost=0.43..10.36 rows=96 width=4)
	  Index Cond: ((k >= 6225321) AND (k <= 6225421))

table 4 : explain SELECT k FROM sbtest4 WHERE k BETWEEN 6225321 AND 6225421
	Index Only Scan using k_4 on sbtest4  (cost=0.43..10.50 rows=103 width=4)
	  Index Cond: ((k >= 6225321) AND (k <= 6225421))

table 5 : explain SELECT k FROM sbtest5 WHERE k BETWEEN 6225321 AND 6225421
	Index Only Scan using k_5 on sbtest5  (cost=0.43..10.47 rows=102 width=4)
	  Index Cond: ((k >= 6225321) AND (k <= 6225421))

table 6 : explain SELECT k FROM sbtest6 WHERE k BETWEEN 6225321 AND 6225421
	Index Only Scan using k_6 on sbtest6  (cost=0.43..10.42 rows=99 width=4)
	  Index Cond: ((k >= 6225321) AND (k <= 6225421))

table 7 : explain SELECT k FROM sbtest7 WHERE k BETWEEN 6225321 AND 6225421
	Index Only Scan using k_7 on sbtest7  (cost=0.43..10.36 rows=96 width=4)
	  Index Cond: ((k >= 6225321) AND (k <= 6225421))

table 8 : explain SELECT k FROM sbtest8 WHERE k BETWEEN 6225321 AND 6225421
	Index Only Scan using k_8 on sbtest8  (cost=0.43..10.56 rows=106 width=4)
	  Index Cond: ((k >= 6225321) AND (k <= 6225421))

explain: for range-covered :: explain SELECT k FROM sbtest%d WHERE k BETWEEN 6225321 AND 6225421
for range-covered
table 1 : explain SELECT k FROM sbtest1 WHERE k BETWEEN 6204236 AND 6204336
	Index Only Scan using k_1 on sbtest1  (cost=0.43..10.44 rows=100 width=4)
	  Index Cond: ((k >= 6204236) AND (k <= 6204336))

table 2 : explain SELECT k FROM sbtest2 WHERE k BETWEEN 6204236 AND 6204336
	Index Only Scan using k_2 on sbtest2  (cost=0.43..10.58 rows=107 width=4)
	  Index Cond: ((k >= 6204236) AND (k <= 6204336))

table 3 : explain SELECT k FROM sbtest3 WHERE k BETWEEN 6204236 AND 6204336
	Index Only Scan using k_3 on sbtest3  (cost=0.43..10.36 rows=96 width=4)
	  Index Cond: ((k >= 6204236) AND (k <= 6204336))

table 4 : explain SELECT k FROM sbtest4 WHERE k BETWEEN 6204236 AND 6204336
	Index Only Scan using k_4 on sbtest4  (cost=0.43..10.63 rows=110 width=4)
	  Index Cond: ((k >= 6204236) AND (k <= 6204336))

table 5 : explain SELECT k FROM sbtest5 WHERE k BETWEEN 6204236 AND 6204336
	Index Only Scan using k_5 on sbtest5  (cost=0.43..10.47 rows=102 width=4)
	  Index Cond: ((k >= 6204236) AND (k <= 6204336))

table 6 : explain SELECT k FROM sbtest6 WHERE k BETWEEN 6204236 AND 6204336
	Index Only Scan using k_6 on sbtest6  (cost=0.43..10.47 rows=102 width=4)
	  Index Cond: ((k >= 6204236) AND (k <= 6204336))

table 7 : explain SELECT k FROM sbtest7 WHERE k BETWEEN 6204236 AND 6204336
	Index Only Scan using k_7 on sbtest7  (cost=0.43..10.32 rows=94 width=4)
	  Index Cond: ((k >= 6204236) AND (k <= 6204336))

table 8 : explain SELECT k FROM sbtest8 WHERE k BETWEEN 6204236 AND 6204336
	Index Only Scan using k_8 on sbtest8  (cost=0.43..10.47 rows=102 width=4)
	  Index Cond: ((k >= 6204236) AND (k <= 6204336))

explain: for range-covered :: explain SELECT k FROM sbtest%d WHERE k BETWEEN 6204236 AND 6204336
for range-covered
table 1 : explain SELECT k FROM sbtest1 WHERE k BETWEEN 4644317 AND 4644417
	Index Only Scan using k_1 on sbtest1  (cost=0.43..10.56 rows=106 width=4)
	  Index Cond: ((k >= 4644317) AND (k <= 4644417))

table 2 : explain SELECT k FROM sbtest2 WHERE k BETWEEN 4644317 AND 4644417
	Index Only Scan using k_2 on sbtest2  (cost=0.43..10.44 rows=100 width=4)
	  Index Cond: ((k >= 4644317) AND (k <= 4644417))

table 3 : explain SELECT k FROM sbtest3 WHERE k BETWEEN 4644317 AND 4644417
	Index Only Scan using k_3 on sbtest3  (cost=0.43..10.70 rows=113 width=4)
	  Index Cond: ((k >= 4644317) AND (k <= 4644417))

table 4 : explain SELECT k FROM sbtest4 WHERE k BETWEEN 4644317 AND 4644417
	Index Only Scan using k_4 on sbtest4  (cost=0.43..10.60 rows=108 width=4)
	  Index Cond: ((k >= 4644317) AND (k <= 4644417))

table 5 : explain SELECT k FROM sbtest5 WHERE k BETWEEN 4644317 AND 4644417
	Index Only Scan using k_5 on sbtest5  (cost=0.43..10.51 rows=104 width=4)
	  Index Cond: ((k >= 4644317) AND (k <= 4644417))

table 6 : explain SELECT k FROM sbtest6 WHERE k BETWEEN 4644317 AND 4644417
	Index Only Scan using k_6 on sbtest6  (cost=0.43..10.74 rows=115 width=4)
	  Index Cond: ((k >= 4644317) AND (k <= 4644417))

table 7 : explain SELECT k FROM sbtest7 WHERE k BETWEEN 4644317 AND 4644417
	Index Only Scan using k_7 on sbtest7  (cost=0.43..10.58 rows=107 width=4)
	  Index Cond: ((k >= 4644317) AND (k <= 4644417))

table 8 : explain SELECT k FROM sbtest8 WHERE k BETWEEN 4644317 AND 4644417
	Index Only Scan using k_8 on sbtest8  (cost=0.43..10.76 rows=116 width=4)
	  Index Cond: ((k >= 4644317) AND (k <= 4644417))

explain: for range-covered :: explain SELECT k FROM sbtest%d WHERE k BETWEEN 4644317 AND 4644417
for range-covered
table 1 : explain SELECT k FROM sbtest1 WHERE k BETWEEN 7724753 AND 7724853
	Index Only Scan using k_1 on sbtest1  (cost=0.43..10.58 rows=107 width=4)
	  Index Cond: ((k >= 7724753) AND (k <= 7724853))

table 2 : explain SELECT k FROM sbtest2 WHERE k BETWEEN 7724753 AND 7724853
	Index Only Scan using k_2 on sbtest2  (cost=0.43..10.46 rows=101 width=4)
	  Index Cond: ((k >= 7724753) AND (k <= 7724853))

table 3 : explain SELECT k FROM sbtest3 WHERE k BETWEEN 7724753 AND 7724853
	Index Only Scan using k_3 on sbtest3  (cost=0.43..10.54 rows=105 width=4)
	  Index Cond: ((k >= 7724753) AND (k <= 7724853))

table 4 : explain SELECT k FROM sbtest4 WHERE k BETWEEN 7724753 AND 7724853
	Index Only Scan using k_4 on sbtest4  (cost=0.43..10.60 rows=108 width=4)
	  Index Cond: ((k >= 7724753) AND (k <= 7724853))

table 5 : explain SELECT k FROM sbtest5 WHERE k BETWEEN 7724753 AND 7724853
	Index Only Scan using k_5 on sbtest5  (cost=0.43..10.50 rows=103 width=4)
	  Index Cond: ((k >= 7724753) AND (k <= 7724853))

table 6 : explain SELECT k FROM sbtest6 WHERE k BETWEEN 7724753 AND 7724853
	Index Only Scan using k_6 on sbtest6  (cost=0.43..10.81 rows=119 width=4)
	  Index Cond: ((k >= 7724753) AND (k <= 7724853))

table 7 : explain SELECT k FROM sbtest7 WHERE k BETWEEN 7724753 AND 7724853
	Index Only Scan using k_7 on sbtest7  (cost=0.43..10.47 rows=102 width=4)
	  Index Cond: ((k >= 7724753) AND (k <= 7724853))

table 8 : explain SELECT k FROM sbtest8 WHERE k BETWEEN 7724753 AND 7724853
	Index Only Scan using k_8 on sbtest8  (cost=0.43..10.46 rows=101 width=4)
	  Index Cond: ((k >= 7724753) AND (k <= 7724853))

for range-covered
table 1 : explain SELECT k FROM sbtest1 WHERE k BETWEEN 6225321 AND 6225421
	Index Only Scan using k_1 on sbtest1  (cost=0.43..10.44 rows=100 width=4)
	  Index Cond: ((k >= 6225321) AND (k <= 6225421))

table 2 : explain SELECT k FROM sbtest2 WHERE k BETWEEN 6225321 AND 6225421
	Index Only Scan using k_2 on sbtest2  (cost=0.43..10.58 rows=107 width=4)
	  Index Cond: ((k >= 6225321) AND (k <= 6225421))

table 3 : explain SELECT k FROM sbtest3 WHERE k BETWEEN 6225321 AND 6225421
	Index Only Scan using k_3 on sbtest3  (cost=0.43..10.36 rows=96 width=4)
	  Index Cond: ((k >= 6225321) AND (k <= 6225421))

table 4 : explain SELECT k FROM sbtest4 WHERE k BETWEEN 6225321 AND 6225421
	Index Only Scan using k_4 on sbtest4  (cost=0.43..10.50 rows=103 width=4)
	  Index Cond: ((k >= 6225321) AND (k <= 6225421))

table 5 : explain SELECT k FROM sbtest5 WHERE k BETWEEN 6225321 AND 6225421
	Index Only Scan using k_5 on sbtest5  (cost=0.43..10.47 rows=102 width=4)
	  Index Cond: ((k >= 6225321) AND (k <= 6225421))

table 6 : explain SELECT k FROM sbtest6 WHERE k BETWEEN 6225321 AND 6225421
	Index Only Scan using k_6 on sbtest6  (cost=0.43..10.42 rows=99 width=4)
	  Index Cond: ((k >= 6225321) AND (k <= 6225421))

table 7 : explain SELECT k FROM sbtest7 WHERE k BETWEEN 6225321 AND 6225421
	Index Only Scan using k_7 on sbtest7  (cost=0.43..10.36 rows=96 width=4)
	  Index Cond: ((k >= 6225321) AND (k <= 6225421))

table 8 : explain SELECT k FROM sbtest8 WHERE k BETWEEN 6225321 AND 6225421
	Index Only Scan using k_8 on sbtest8  (cost=0.43..10.56 rows=106 width=4)
	  Index Cond: ((k >= 6225321) AND (k <= 6225421))

explain: for range-covered :: explain SELECT k FROM sbtest%d WHERE k BETWEEN 6225321 AND 6225421
explain: for range-covered :: explain SELECT k FROM sbtest%d WHERE k BETWEEN 7724753 AND 7724853
for range-covered
table 1 : explain SELECT k FROM sbtest1 WHERE k BETWEEN 7889854 AND 7889954
	Index Only Scan using k_1 on sbtest1  (cost=0.43..10.44 rows=100 width=4)
	  Index Cond: ((k >= 7889854) AND (k <= 7889954))

table 2 : explain SELECT k FROM sbtest2 WHERE k BETWEEN 7889854 AND 7889954
	Index Only Scan using k_2 on sbtest2  (cost=0.43..10.54 rows=105 width=4)
	  Index Cond: ((k >= 7889854) AND (k <= 7889954))

table 3 : explain SELECT k FROM sbtest3 WHERE k BETWEEN 7889854 AND 7889954
	Index Only Scan using k_3 on sbtest3  (cost=0.43..10.40 rows=98 width=4)
	  Index Cond: ((k >= 7889854) AND (k <= 7889954))

table 4 : explain SELECT k FROM sbtest4 WHERE k BETWEEN 7889854 AND 7889954
	Index Only Scan using k_4 on sbtest4  (cost=0.43..10.36 rows=96 width=4)
	  Index Cond: ((k >= 7889854) AND (k <= 7889954))

table 5 : explain SELECT k FROM sbtest5 WHERE k BETWEEN 7889854 AND 7889954
	Index Only Scan using k_5 on sbtest5  (cost=0.43..10.56 rows=106 width=4)
	  Index Cond: ((k >= 7889854) AND (k <= 7889954))

table 6 : explain SELECT k FROM sbtest6 WHERE k BETWEEN 7889854 AND 7889954
	Index Only Scan using k_6 on sbtest6  (cost=0.43..10.62 rows=109 width=4)
	  Index Cond: ((k >= 7889854) AND (k <= 7889954))

table 7 : explain SELECT k FROM sbtest7 WHERE k BETWEEN 7889854 AND 7889954
	Index Only Scan using k_7 on sbtest7  (cost=0.43..10.60 rows=108 width=4)
	  Index Cond: ((k >= 7889854) AND (k <= 7889954))

table 8 : explain SELECT k FROM sbtest8 WHERE k BETWEEN 7889854 AND 7889954
	Index Only Scan using k_8 on sbtest8  (cost=0.43..10.33 rows=95 width=4)
	  Index Cond: ((k >= 7889854) AND (k <= 7889954))

for range-covered
table 1 : explain SELECT k FROM sbtest1 WHERE k BETWEEN 5924019 AND 5924119
	Index Only Scan using k_1 on sbtest1  (cost=0.43..10.60 rows=108 width=4)
	  Index Cond: ((k >= 5924019) AND (k <= 5924119))

table 2 : explain SELECT k FROM sbtest2 WHERE k BETWEEN 5924019 AND 5924119
	Index Only Scan using k_2 on sbtest2  (cost=0.43..10.40 rows=98 width=4)
	  Index Cond: ((k >= 5924019) AND (k <= 5924119))

table 3 : explain SELECT k FROM sbtest3 WHERE k BETWEEN 5924019 AND 5924119
	Index Only Scan using k_3 on sbtest3  (cost=0.43..10.44 rows=100 width=4)
	  Index Cond: ((k >= 5924019) AND (k <= 5924119))

table 4 : explain SELECT k FROM sbtest4 WHERE k BETWEEN 5924019 AND 5924119
	Index Only Scan using k_4 on sbtest4  (cost=0.43..10.47 rows=102 width=4)
	  Index Cond: ((k >= 5924019) AND (k <= 5924119))

table 5 : explain SELECT k FROM sbtest5 WHERE k BETWEEN 5924019 AND 5924119
	Index Only Scan using k_5 on sbtest5  (cost=0.43..10.33 rows=95 width=4)
	  Index Cond: ((k >= 5924019) AND (k <= 5924119))

table 6 : explain SELECT k FROM sbtest6 WHERE k BETWEEN 5924019 AND 5924119
	Index Only Scan using k_6 on sbtest6  (cost=0.43..10.29 rows=93 width=4)
	  Index Cond: ((k >= 5924019) AND (k <= 5924119))

table 7 : explain SELECT k FROM sbtest7 WHERE k BETWEEN 5924019 AND 5924119
	Index Only Scan using k_7 on sbtest7  (cost=0.43..10.38 rows=97 width=4)
	  Index Cond: ((k >= 5924019) AND (k <= 5924119))

table 8 : explain SELECT k FROM sbtest8 WHERE k BETWEEN 5924019 AND 5924119
	Index Only Scan using k_8 on sbtest8  (cost=0.43..10.44 rows=100 width=4)
	  Index Cond: ((k >= 5924019) AND (k <= 5924119))

explain: for range-covered :: explain SELECT k FROM sbtest%d WHERE k BETWEEN 7889854 AND 7889954
for range-covered
table 1 : explain SELECT k FROM sbtest1 WHERE k BETWEEN 6204236 AND 6204336
	Index Only Scan using k_1 on sbtest1  (cost=0.43..10.44 rows=100 width=4)
	  Index Cond: ((k >= 6204236) AND (k <= 6204336))

table 2 : explain SELECT k FROM sbtest2 WHERE k BETWEEN 6204236 AND 6204336
	Index Only Scan using k_2 on sbtest2  (cost=0.43..10.58 rows=107 width=4)
	  Index Cond: ((k >= 6204236) AND (k <= 6204336))

table 3 : explain SELECT k FROM sbtest3 WHERE k BETWEEN 6204236 AND 6204336
	Index Only Scan using k_3 on sbtest3  (cost=0.43..10.36 rows=96 width=4)
	  Index Cond: ((k >= 6204236) AND (k <= 6204336))

table 4 : explain SELECT k FROM sbtest4 WHERE k BETWEEN 6204236 AND 6204336
	Index Only Scan using k_4 on sbtest4  (cost=0.43..10.63 rows=110 width=4)
	  Index Cond: ((k >= 6204236) AND (k <= 6204336))

table 5 : explain SELECT k FROM sbtest5 WHERE k BETWEEN 6204236 AND 6204336
	Index Only Scan using k_5 on sbtest5  (cost=0.43..10.47 rows=102 width=4)
	  Index Cond: ((k >= 6204236) AND (k <= 6204336))

table 6 : explain SELECT k FROM sbtest6 WHERE k BETWEEN 6204236 AND 6204336
	Index Only Scan using k_6 on sbtest6  (cost=0.43..10.47 rows=102 width=4)
	  Index Cond: ((k >= 6204236) AND (k <= 6204336))

table 7 : explain SELECT k FROM sbtest7 WHERE k BETWEEN 6204236 AND 6204336
	Index Only Scan using k_7 on sbtest7  (cost=0.43..10.32 rows=94 width=4)
	  Index Cond: ((k >= 6204236) AND (k <= 6204336))

table 8 : explain SELECT k FROM sbtest8 WHERE k BETWEEN 6204236 AND 6204336
	Index Only Scan using k_8 on sbtest8  (cost=0.43..10.47 rows=102 width=4)
	  Index Cond: ((k >= 6204236) AND (k <= 6204336))

explain: for range-covered :: explain SELECT k FROM sbtest%d WHERE k BETWEEN 5924019 AND 5924119
explain: for range-covered :: explain SELECT k FROM sbtest%d WHERE k BETWEEN 6204236 AND 6204336
for range-covered
table 1 : explain SELECT k FROM sbtest1 WHERE k BETWEEN 6225321 AND 6225421
	Index Only Scan using k_1 on sbtest1  (cost=0.43..10.44 rows=100 width=4)
	  Index Cond: ((k >= 6225321) AND (k <= 6225421))

table 2 : explain SELECT k FROM sbtest2 WHERE k BETWEEN 6225321 AND 6225421
	Index Only Scan using k_2 on sbtest2  (cost=0.43..10.58 rows=107 width=4)
	  Index Cond: ((k >= 6225321) AND (k <= 6225421))

table 3 : explain SELECT k FROM sbtest3 WHERE k BETWEEN 6225321 AND 6225421
	Index Only Scan using k_3 on sbtest3  (cost=0.43..10.36 rows=96 width=4)
	  Index Cond: ((k >= 6225321) AND (k <= 6225421))

table 4 : explain SELECT k FROM sbtest4 WHERE k BETWEEN 6225321 AND 6225421
	Index Only Scan using k_4 on sbtest4  (cost=0.43..10.50 rows=103 width=4)
	  Index Cond: ((k >= 6225321) AND (k <= 6225421))

table 5 : explain SELECT k FROM sbtest5 WHERE k BETWEEN 6225321 AND 6225421
	Index Only Scan using k_5 on sbtest5  (cost=0.43..10.47 rows=102 width=4)
	  Index Cond: ((k >= 6225321) AND (k <= 6225421))

table 6 : explain SELECT k FROM sbtest6 WHERE k BETWEEN 6225321 AND 6225421
	Index Only Scan using k_6 on sbtest6  (cost=0.43..10.42 rows=99 width=4)
	  Index Cond: ((k >= 6225321) AND (k <= 6225421))

table 7 : explain SELECT k FROM sbtest7 WHERE k BETWEEN 6225321 AND 6225421
	Index Only Scan using k_7 on sbtest7  (cost=0.43..10.36 rows=96 width=4)
	  Index Cond: ((k >= 6225321) AND (k <= 6225421))

table 8 : explain SELECT k FROM sbtest8 WHERE k BETWEEN 6225321 AND 6225421
	Index Only Scan using k_8 on sbtest8  (cost=0.43..10.56 rows=106 width=4)
	  Index Cond: ((k >= 6225321) AND (k <= 6225421))

explain: for range-covered :: explain SELECT k FROM sbtest%d WHERE k BETWEEN 6225321 AND 6225421
for range-covered
table 1 : explain SELECT k FROM sbtest1 WHERE k BETWEEN 4644317 AND 4644417
	Index Only Scan using k_1 on sbtest1  (cost=0.43..10.56 rows=106 width=4)
	  Index Cond: ((k >= 4644317) AND (k <= 4644417))

table 2 : explain SELECT k FROM sbtest2 WHERE k BETWEEN 4644317 AND 4644417
	Index Only Scan using k_2 on sbtest2  (cost=0.43..10.44 rows=100 width=4)
	  Index Cond: ((k >= 4644317) AND (k <= 4644417))

table 3 : explain SELECT k FROM sbtest3 WHERE k BETWEEN 4644317 AND 4644417
	Index Only Scan using k_3 on sbtest3  (cost=0.43..10.70 rows=113 width=4)
	  Index Cond: ((k >= 4644317) AND (k <= 4644417))

table 4 : explain SELECT k FROM sbtest4 WHERE k BETWEEN 4644317 AND 4644417
	Index Only Scan using k_4 on sbtest4  (cost=0.43..10.60 rows=108 width=4)
	  Index Cond: ((k >= 4644317) AND (k <= 4644417))

table 5 : explain SELECT k FROM sbtest5 WHERE k BETWEEN 4644317 AND 4644417
	Index Only Scan using k_5 on sbtest5  (cost=0.43..10.51 rows=104 width=4)
	  Index Cond: ((k >= 4644317) AND (k <= 4644417))

table 6 : explain SELECT k FROM sbtest6 WHERE k BETWEEN 4644317 AND 4644417
	Index Only Scan using k_6 on sbtest6  (cost=0.43..10.74 rows=115 width=4)
	  Index Cond: ((k >= 4644317) AND (k <= 4644417))

table 7 : explain SELECT k FROM sbtest7 WHERE k BETWEEN 4644317 AND 4644417
	Index Only Scan using k_7 on sbtest7  (cost=0.43..10.58 rows=107 width=4)
	  Index Cond: ((k >= 4644317) AND (k <= 4644417))

table 8 : explain SELECT k FROM sbtest8 WHERE k BETWEEN 4644317 AND 4644417
	Index Only Scan using k_8 on sbtest8  (cost=0.43..10.76 rows=116 width=4)
	  Index Cond: ((k >= 4644317) AND (k <= 4644417))

explain: for range-covered :: explain SELECT k FROM sbtest%d WHERE k BETWEEN 4644317 AND 4644417
for range-covered
table 1 : explain SELECT k FROM sbtest1 WHERE k BETWEEN 7724753 AND 7724853
	Index Only Scan using k_1 on sbtest1  (cost=0.43..10.58 rows=107 width=4)
	  Index Cond: ((k >= 7724753) AND (k <= 7724853))

table 2 : explain SELECT k FROM sbtest2 WHERE k BETWEEN 7724753 AND 7724853
	Index Only Scan using k_2 on sbtest2  (cost=0.43..10.46 rows=101 width=4)
	  Index Cond: ((k >= 7724753) AND (k <= 7724853))

table 3 : explain SELECT k FROM sbtest3 WHERE k BETWEEN 7724753 AND 7724853
	Index Only Scan using k_3 on sbtest3  (cost=0.43..10.54 rows=105 width=4)
	  Index Cond: ((k >= 7724753) AND (k <= 7724853))

table 4 : explain SELECT k FROM sbtest4 WHERE k BETWEEN 7724753 AND 7724853
	Index Only Scan using k_4 on sbtest4  (cost=0.43..10.60 rows=108 width=4)
	  Index Cond: ((k >= 7724753) AND (k <= 7724853))

table 5 : explain SELECT k FROM sbtest5 WHERE k BETWEEN 7724753 AND 7724853
	Index Only Scan using k_5 on sbtest5  (cost=0.43..10.50 rows=103 width=4)
	  Index Cond: ((k >= 7724753) AND (k <= 7724853))

table 6 : explain SELECT k FROM sbtest6 WHERE k BETWEEN 7724753 AND 7724853
	Index Only Scan using k_6 on sbtest6  (cost=0.43..10.81 rows=119 width=4)
	  Index Cond: ((k >= 7724753) AND (k <= 7724853))

table 7 : explain SELECT k FROM sbtest7 WHERE k BETWEEN 7724753 AND 7724853
	Index Only Scan using k_7 on sbtest7  (cost=0.43..10.47 rows=102 width=4)
	  Index Cond: ((k >= 7724753) AND (k <= 7724853))

table 8 : explain SELECT k FROM sbtest8 WHERE k BETWEEN 7724753 AND 7724853
	Index Only Scan using k_8 on sbtest8  (cost=0.43..10.46 rows=101 width=4)
	  Index Cond: ((k >= 7724753) AND (k <= 7724853))

for range-covered
table 1 : explain SELECT k FROM sbtest1 WHERE k BETWEEN 6225321 AND 6225421
	Index Only Scan using k_1 on sbtest1  (cost=0.43..10.44 rows=100 width=4)
	  Index Cond: ((k >= 6225321) AND (k <= 6225421))

table 2 : explain SELECT k FROM sbtest2 WHERE k BETWEEN 6225321 AND 6225421
	Index Only Scan using k_2 on sbtest2  (cost=0.43..10.58 rows=107 width=4)
	  Index Cond: ((k >= 6225321) AND (k <= 6225421))

table 3 : explain SELECT k FROM sbtest3 WHERE k BETWEEN 6225321 AND 6225421
	Index Only Scan using k_3 on sbtest3  (cost=0.43..10.36 rows=96 width=4)
	  Index Cond: ((k >= 6225321) AND (k <= 6225421))

table 4 : explain SELECT k FROM sbtest4 WHERE k BETWEEN 6225321 AND 6225421
	Index Only Scan using k_4 on sbtest4  (cost=0.43..10.50 rows=103 width=4)
	  Index Cond: ((k >= 6225321) AND (k <= 6225421))

table 5 : explain SELECT k FROM sbtest5 WHERE k BETWEEN 6225321 AND 6225421
	Index Only Scan using k_5 on sbtest5  (cost=0.43..10.47 rows=102 width=4)
	  Index Cond: ((k >= 6225321) AND (k <= 6225421))

table 6 : explain SELECT k FROM sbtest6 WHERE k BETWEEN 6225321 AND 6225421
	Index Only Scan using k_6 on sbtest6  (cost=0.43..10.42 rows=99 width=4)
	  Index Cond: ((k >= 6225321) AND (k <= 6225421))

table 7 : explain SELECT k FROM sbtest7 WHERE k BETWEEN 6225321 AND 6225421
	Index Only Scan using k_7 on sbtest7  (cost=0.43..10.36 rows=96 width=4)
	  Index Cond: ((k >= 6225321) AND (k <= 6225421))

table 8 : explain SELECT k FROM sbtest8 WHERE k BETWEEN 6225321 AND 6225421
	Index Only Scan using k_8 on sbtest8  (cost=0.43..10.56 rows=106 width=4)
	  Index Cond: ((k >= 6225321) AND (k <= 6225421))

explain: for range-covered :: explain SELECT k FROM sbtest%d WHERE k BETWEEN 6225321 AND 6225421
for range-covered
table 1 : explain SELECT k FROM sbtest1 WHERE k BETWEEN 6204236 AND 6204336
	Index Only Scan using k_1 on sbtest1  (cost=0.43..10.44 rows=100 width=4)
	  Index Cond: ((k >= 6204236) AND (k <= 6204336))

table 2 : explain SELECT k FROM sbtest2 WHERE k BETWEEN 6204236 AND 6204336
	Index Only Scan using k_2 on sbtest2  (cost=0.43..10.58 rows=107 width=4)
	  Index Cond: ((k >= 6204236) AND (k <= 6204336))

table 3 : explain SELECT k FROM sbtest3 WHERE k BETWEEN 6204236 AND 6204336
	Index Only Scan using k_3 on sbtest3  (cost=0.43..10.36 rows=96 width=4)
	  Index Cond: ((k >= 6204236) AND (k <= 6204336))

table 4 : explain SELECT k FROM sbtest4 WHERE k BETWEEN 6204236 AND 6204336
	Index Only Scan using k_4 on sbtest4  (cost=0.43..10.63 rows=110 width=4)
	  Index Cond: ((k >= 6204236) AND (k <= 6204336))

table 5 : explain SELECT k FROM sbtest5 WHERE k BETWEEN 6204236 AND 6204336
	Index Only Scan using k_5 on sbtest5  (cost=0.43..10.47 rows=102 width=4)
	  Index Cond: ((k >= 6204236) AND (k <= 6204336))

table 6 : explain SELECT k FROM sbtest6 WHERE k BETWEEN 6204236 AND 6204336
	Index Only Scan using k_6 on sbtest6  (cost=0.43..10.47 rows=102 width=4)
	  Index Cond: ((k >= 6204236) AND (k <= 6204336))

table 7 : explain SELECT k FROM sbtest7 WHERE k BETWEEN 6204236 AND 6204336
	Index Only Scan using k_7 on sbtest7  (cost=0.43..10.32 rows=94 width=4)
	  Index Cond: ((k >= 6204236) AND (k <= 6204336))

table 8 : explain SELECT k FROM sbtest8 WHERE k BETWEEN 6204236 AND 6204336
	Index Only Scan using k_8 on sbtest8  (cost=0.43..10.47 rows=102 width=4)
	  Index Cond: ((k >= 6204236) AND (k <= 6204336))

explain: for range-covered :: explain SELECT k FROM sbtest%d WHERE k BETWEEN 7724753 AND 7724853
explain: for range-covered :: explain SELECT k FROM sbtest%d WHERE k BETWEEN 6204236 AND 6204336
for range-covered
table 1 : explain SELECT k FROM sbtest1 WHERE k BETWEEN 7889854 AND 7889954
	Index Only Scan using k_1 on sbtest1  (cost=0.43..10.44 rows=100 width=4)
	  Index Cond: ((k >= 7889854) AND (k <= 7889954))

table 2 : explain SELECT k FROM sbtest2 WHERE k BETWEEN 7889854 AND 7889954
	Index Only Scan using k_2 on sbtest2  (cost=0.43..10.54 rows=105 width=4)
	  Index Cond: ((k >= 7889854) AND (k <= 7889954))

table 3 : explain SELECT k FROM sbtest3 WHERE k BETWEEN 7889854 AND 7889954
	Index Only Scan using k_3 on sbtest3  (cost=0.43..10.40 rows=98 width=4)
	  Index Cond: ((k >= 7889854) AND (k <= 7889954))

table 4 : explain SELECT k FROM sbtest4 WHERE k BETWEEN 7889854 AND 7889954
	Index Only Scan using k_4 on sbtest4  (cost=0.43..10.36 rows=96 width=4)
	  Index Cond: ((k >= 7889854) AND (k <= 7889954))

table 5 : explain SELECT k FROM sbtest5 WHERE k BETWEEN 7889854 AND 7889954
	Index Only Scan using k_5 on sbtest5  (cost=0.43..10.56 rows=106 width=4)
	  Index Cond: ((k >= 7889854) AND (k <= 7889954))

table 6 : explain SELECT k FROM sbtest6 WHERE k BETWEEN 7889854 AND 7889954
	Index Only Scan using k_6 on sbtest6  (cost=0.43..10.62 rows=109 width=4)
	  Index Cond: ((k >= 7889854) AND (k <= 7889954))

table 7 : explain SELECT k FROM sbtest7 WHERE k BETWEEN 7889854 AND 7889954
	Index Only Scan using k_7 on sbtest7  (cost=0.43..10.60 rows=108 width=4)
	  Index Cond: ((k >= 7889854) AND (k <= 7889954))

table 8 : explain SELECT k FROM sbtest8 WHERE k BETWEEN 7889854 AND 7889954
	Index Only Scan using k_8 on sbtest8  (cost=0.43..10.33 rows=95 width=4)
	  Index Cond: ((k >= 7889854) AND (k <= 7889954))

for range-covered
table 1 : explain SELECT k FROM sbtest1 WHERE k BETWEEN 5924019 AND 5924119
	Index Only Scan using k_1 on sbtest1  (cost=0.43..10.60 rows=108 width=4)
	  Index Cond: ((k >= 5924019) AND (k <= 5924119))

table 2 : explain SELECT k FROM sbtest2 WHERE k BETWEEN 5924019 AND 5924119
	Index Only Scan using k_2 on sbtest2  (cost=0.43..10.40 rows=98 width=4)
	  Index Cond: ((k >= 5924019) AND (k <= 5924119))

table 3 : explain SELECT k FROM sbtest3 WHERE k BETWEEN 5924019 AND 5924119
	Index Only Scan using k_3 on sbtest3  (cost=0.43..10.44 rows=100 width=4)
	  Index Cond: ((k >= 5924019) AND (k <= 5924119))

table 4 : explain SELECT k FROM sbtest4 WHERE k BETWEEN 5924019 AND 5924119
	Index Only Scan using k_4 on sbtest4  (cost=0.43..10.47 rows=102 width=4)
	  Index Cond: ((k >= 5924019) AND (k <= 5924119))

table 5 : explain SELECT k FROM sbtest5 WHERE k BETWEEN 5924019 AND 5924119
	Index Only Scan using k_5 on sbtest5  (cost=0.43..10.33 rows=95 width=4)
	  Index Cond: ((k >= 5924019) AND (k <= 5924119))

table 6 : explain SELECT k FROM sbtest6 WHERE k BETWEEN 5924019 AND 5924119
	Index Only Scan using k_6 on sbtest6  (cost=0.43..10.29 rows=93 width=4)
	  Index Cond: ((k >= 5924019) AND (k <= 5924119))

table 7 : explain SELECT k FROM sbtest7 WHERE k BETWEEN 5924019 AND 5924119
	Index Only Scan using k_7 on sbtest7  (cost=0.43..10.38 rows=97 width=4)
	  Index Cond: ((k >= 5924019) AND (k <= 5924119))

table 8 : explain SELECT k FROM sbtest8 WHERE k BETWEEN 5924019 AND 5924119
	Index Only Scan using k_8 on sbtest8  (cost=0.43..10.44 rows=100 width=4)
	  Index Cond: ((k >= 5924019) AND (k <= 5924119))

explain: for range-covered :: explain SELECT k FROM sbtest%d WHERE k BETWEEN 7889854 AND 7889954
explain: for range-covered :: explain SELECT k FROM sbtest%d WHERE k BETWEEN 5924019 AND 5924119
for range-covered
table 1 : explain SELECT k FROM sbtest1 WHERE k BETWEEN 4644317 AND 4644417
	Index Only Scan using k_1 on sbtest1  (cost=0.43..10.56 rows=106 width=4)
	  Index Cond: ((k >= 4644317) AND (k <= 4644417))

table 2 : explain SELECT k FROM sbtest2 WHERE k BETWEEN 4644317 AND 4644417
	Index Only Scan using k_2 on sbtest2  (cost=0.43..10.44 rows=100 width=4)
	  Index Cond: ((k >= 4644317) AND (k <= 4644417))

table 3 : explain SELECT k FROM sbtest3 WHERE k BETWEEN 4644317 AND 4644417
	Index Only Scan using k_3 on sbtest3  (cost=0.43..10.70 rows=113 width=4)
	  Index Cond: ((k >= 4644317) AND (k <= 4644417))

table 4 : explain SELECT k FROM sbtest4 WHERE k BETWEEN 4644317 AND 4644417
	Index Only Scan using k_4 on sbtest4  (cost=0.43..10.60 rows=108 width=4)
	  Index Cond: ((k >= 4644317) AND (k <= 4644417))

table 5 : explain SELECT k FROM sbtest5 WHERE k BETWEEN 4644317 AND 4644417
	Index Only Scan using k_5 on sbtest5  (cost=0.43..10.51 rows=104 width=4)
	  Index Cond: ((k >= 4644317) AND (k <= 4644417))

table 6 : explain SELECT k FROM sbtest6 WHERE k BETWEEN 4644317 AND 4644417
	Index Only Scan using k_6 on sbtest6  (cost=0.43..10.74 rows=115 width=4)
	  Index Cond: ((k >= 4644317) AND (k <= 4644417))

table 7 : explain SELECT k FROM sbtest7 WHERE k BETWEEN 4644317 AND 4644417
	Index Only Scan using k_7 on sbtest7  (cost=0.43..10.58 rows=107 width=4)
	  Index Cond: ((k >= 4644317) AND (k <= 4644417))

table 8 : explain SELECT k FROM sbtest8 WHERE k BETWEEN 4644317 AND 4644417
	Index Only Scan using k_8 on sbtest8  (cost=0.43..10.76 rows=116 width=4)
	  Index Cond: ((k >= 4644317) AND (k <= 4644417))

explain: for range-covered :: explain SELECT k FROM sbtest%d WHERE k BETWEEN 4644317 AND 4644417
for range-covered
table 1 : explain SELECT k FROM sbtest1 WHERE k BETWEEN 6225321 AND 6225421
	Index Only Scan using k_1 on sbtest1  (cost=0.43..10.44 rows=100 width=4)
	  Index Cond: ((k >= 6225321) AND (k <= 6225421))

table 2 : explain SELECT k FROM sbtest2 WHERE k BETWEEN 6225321 AND 6225421
	Index Only Scan using k_2 on sbtest2  (cost=0.43..10.58 rows=107 width=4)
	  Index Cond: ((k >= 6225321) AND (k <= 6225421))

table 3 : explain SELECT k FROM sbtest3 WHERE k BETWEEN 6225321 AND 6225421
	Index Only Scan using k_3 on sbtest3  (cost=0.43..10.36 rows=96 width=4)
	  Index Cond: ((k >= 6225321) AND (k <= 6225421))

table 4 : explain SELECT k FROM sbtest4 WHERE k BETWEEN 6225321 AND 6225421
	Index Only Scan using k_4 on sbtest4  (cost=0.43..10.50 rows=103 width=4)
	  Index Cond: ((k >= 6225321) AND (k <= 6225421))

table 5 : explain SELECT k FROM sbtest5 WHERE k BETWEEN 6225321 AND 6225421
	Index Only Scan using k_5 on sbtest5  (cost=0.43..10.47 rows=102 width=4)
	  Index Cond: ((k >= 6225321) AND (k <= 6225421))

table 6 : explain SELECT k FROM sbtest6 WHERE k BETWEEN 6225321 AND 6225421
	Index Only Scan using k_6 on sbtest6  (cost=0.43..10.42 rows=99 width=4)
	  Index Cond: ((k >= 6225321) AND (k <= 6225421))

table 7 : explain SELECT k FROM sbtest7 WHERE k BETWEEN 6225321 AND 6225421
	Index Only Scan using k_7 on sbtest7  (cost=0.43..10.36 rows=96 width=4)
	  Index Cond: ((k >= 6225321) AND (k <= 6225421))

table 8 : explain SELECT k FROM sbtest8 WHERE k BETWEEN 6225321 AND 6225421
	Index Only Scan using k_8 on sbtest8  (cost=0.43..10.56 rows=106 width=4)
	  Index Cond: ((k >= 6225321) AND (k <= 6225421))

for range-covered
table 1 : explain SELECT k FROM sbtest1 WHERE k BETWEEN 6204236 AND 6204336
	Index Only Scan using k_1 on sbtest1  (cost=0.43..10.44 rows=100 width=4)
	  Index Cond: ((k >= 6204236) AND (k <= 6204336))

table 2 : explain SELECT k FROM sbtest2 WHERE k BETWEEN 6204236 AND 6204336
	Index Only Scan using k_2 on sbtest2  (cost=0.43..10.58 rows=107 width=4)
	  Index Cond: ((k >= 6204236) AND (k <= 6204336))

table 3 : explain SELECT k FROM sbtest3 WHERE k BETWEEN 6204236 AND 6204336
	Index Only Scan using k_3 on sbtest3  (cost=0.43..10.36 rows=96 width=4)
	  Index Cond: ((k >= 6204236) AND (k <= 6204336))

table 4 : explain SELECT k FROM sbtest4 WHERE k BETWEEN 6204236 AND 6204336
	Index Only Scan using k_4 on sbtest4  (cost=0.43..10.63 rows=110 width=4)
	  Index Cond: ((k >= 6204236) AND (k <= 6204336))

table 5 : explain SELECT k FROM sbtest5 WHERE k BETWEEN 6204236 AND 6204336
	Index Only Scan using k_5 on sbtest5  (cost=0.43..10.47 rows=102 width=4)
	  Index Cond: ((k >= 6204236) AND (k <= 6204336))

table 6 : explain SELECT k FROM sbtest6 WHERE k BETWEEN 6204236 AND 6204336
	Index Only Scan using k_6 on sbtest6  (cost=0.43..10.47 rows=102 width=4)
	  Index Cond: ((k >= 6204236) AND (k <= 6204336))

table 7 : explain SELECT k FROM sbtest7 WHERE k BETWEEN 6204236 AND 6204336
	Index Only Scan using k_7 on sbtest7  (cost=0.43..10.32 rows=94 width=4)
	  Index Cond: ((k >= 6204236) AND (k <= 6204336))

table 8 : explain SELECT k FROM sbtest8 WHERE k BETWEEN 6204236 AND 6204336
	Index Only Scan using k_8 on sbtest8  (cost=0.43..10.47 rows=102 width=4)
	  Index Cond: ((k >= 6204236) AND (k <= 6204336))

explain: for range-covered :: explain SELECT k FROM sbtest%d WHERE k BETWEEN 6204236 AND 6204336
for range-covered
table 1 : explain SELECT k FROM sbtest1 WHERE k BETWEEN 2189601 AND 2189701
	Index Only Scan using k_1 on sbtest1  (cost=0.43..10.44 rows=100 width=4)
	  Index Cond: ((k >= 2189601) AND (k <= 2189701))

table 2 : explain SELECT k FROM sbtest2 WHERE k BETWEEN 2189601 AND 2189701
	Index Only Scan using k_2 on sbtest2  (cost=0.43..10.44 rows=100 width=4)
	  Index Cond: ((k >= 2189601) AND (k <= 2189701))

table 3 : explain SELECT k FROM sbtest3 WHERE k BETWEEN 2189601 AND 2189701
	Index Only Scan using k_3 on sbtest3  (cost=0.43..10.56 rows=106 width=4)
	  Index Cond: ((k >= 2189601) AND (k <= 2189701))

table 4 : explain SELECT k FROM sbtest4 WHERE k BETWEEN 2189601 AND 2189701
	Index Only Scan using k_4 on sbtest4  (cost=0.43..10.40 rows=98 width=4)
	  Index Cond: ((k >= 2189601) AND (k <= 2189701))

table 5 : explain SELECT k FROM sbtest5 WHERE k BETWEEN 2189601 AND 2189701
	Index Only Scan using k_5 on sbtest5  (cost=0.43..10.51 rows=104 width=4)
	  Index Cond: ((k >= 2189601) AND (k <= 2189701))

table 6 : explain SELECT k FROM sbtest6 WHERE k BETWEEN 2189601 AND 2189701
	Index Only Scan using k_6 on sbtest6  (cost=0.43..10.36 rows=96 width=4)
	  Index Cond: ((k >= 2189601) AND (k <= 2189701))

table 7 : explain SELECT k FROM sbtest7 WHERE k BETWEEN 2189601 AND 2189701
	Index Only Scan using k_7 on sbtest7  (cost=0.43..10.38 rows=97 width=4)
	  Index Cond: ((k >= 2189601) AND (k <= 2189701))

table 8 : explain SELECT k FROM sbtest8 WHERE k BETWEEN 2189601 AND 2189701
	Index Only Scan using k_8 on sbtest8  (cost=0.43..10.50 rows=103 width=4)
	  Index Cond: ((k >= 2189601) AND (k <= 2189701))

for range-covered
table 1 : explain SELECT k FROM sbtest1 WHERE k BETWEEN 4644317 AND 4644417
	Index Only Scan using k_1 on sbtest1  (cost=0.43..10.56 rows=106 width=4)
	  Index Cond: ((k >= 4644317) AND (k <= 4644417))

table 2 : explain SELECT k FROM sbtest2 WHERE k BETWEEN 4644317 AND 4644417
	Index Only Scan using k_2 on sbtest2  (cost=0.43..10.44 rows=100 width=4)
	  Index Cond: ((k >= 4644317) AND (k <= 4644417))

table 3 : explain SELECT k FROM sbtest3 WHERE k BETWEEN 4644317 AND 4644417
	Index Only Scan using k_3 on sbtest3  (cost=0.43..10.70 rows=113 width=4)
	  Index Cond: ((k >= 4644317) AND (k <= 4644417))

table 4 : explain SELECT k FROM sbtest4 WHERE k BETWEEN 4644317 AND 4644417
	Index Only Scan using k_4 on sbtest4  (cost=0.43..10.60 rows=108 width=4)
	  Index Cond: ((k >= 4644317) AND (k <= 4644417))

table 5 : explain SELECT k FROM sbtest5 WHERE k BETWEEN 4644317 AND 4644417
	Index Only Scan using k_5 on sbtest5  (cost=0.43..10.51 rows=104 width=4)
	  Index Cond: ((k >= 4644317) AND (k <= 4644417))

table 6 : explain SELECT k FROM sbtest6 WHERE k BETWEEN 4644317 AND 4644417
	Index Only Scan using k_6 on sbtest6  (cost=0.43..10.74 rows=115 width=4)
	  Index Cond: ((k >= 4644317) AND (k <= 4644417))

table 7 : explain SELECT k FROM sbtest7 WHERE k BETWEEN 4644317 AND 4644417
	Index Only Scan using k_7 on sbtest7  (cost=0.43..10.58 rows=107 width=4)
	  Index Cond: ((k >= 4644317) AND (k <= 4644417))

table 8 : explain SELECT k FROM sbtest8 WHERE k BETWEEN 4644317 AND 4644417
	Index Only Scan using k_8 on sbtest8  (cost=0.43..10.76 rows=116 width=4)
	  Index Cond: ((k >= 4644317) AND (k <= 4644417))

explain: for range-covered :: explain SELECT k FROM sbtest%d WHERE k BETWEEN 2189601 AND 2189701
explain: for range-covered :: explain SELECT k FROM sbtest%d WHERE k BETWEEN 4644317 AND 4644417
for range-covered
table 1 : explain SELECT k FROM sbtest1 WHERE k BETWEEN 7724753 AND 7724853
	Index Only Scan using k_1 on sbtest1  (cost=0.43..10.58 rows=107 width=4)
	  Index Cond: ((k >= 7724753) AND (k <= 7724853))

table 2 : explain SELECT k FROM sbtest2 WHERE k BETWEEN 7724753 AND 7724853
	Index Only Scan using k_2 on sbtest2  (cost=0.43..10.46 rows=101 width=4)
	  Index Cond: ((k >= 7724753) AND (k <= 7724853))

table 3 : explain SELECT k FROM sbtest3 WHERE k BETWEEN 7724753 AND 7724853
	Index Only Scan using k_3 on sbtest3  (cost=0.43..10.54 rows=105 width=4)
	  Index Cond: ((k >= 7724753) AND (k <= 7724853))

table 4 : explain SELECT k FROM sbtest4 WHERE k BETWEEN 7724753 AND 7724853
	Index Only Scan using k_4 on sbtest4  (cost=0.43..10.60 rows=108 width=4)
	  Index Cond: ((k >= 7724753) AND (k <= 7724853))

table 5 : explain SELECT k FROM sbtest5 WHERE k BETWEEN 7724753 AND 7724853
	Index Only Scan using k_5 on sbtest5  (cost=0.43..10.50 rows=103 width=4)
	  Index Cond: ((k >= 7724753) AND (k <= 7724853))

table 6 : explain SELECT k FROM sbtest6 WHERE k BETWEEN 7724753 AND 7724853
	Index Only Scan using k_6 on sbtest6  (cost=0.43..10.81 rows=119 width=4)
	  Index Cond: ((k >= 7724753) AND (k <= 7724853))

table 7 : explain SELECT k FROM sbtest7 WHERE k BETWEEN 7724753 AND 7724853
	Index Only Scan using k_7 on sbtest7  (cost=0.43..10.47 rows=102 width=4)
	  Index Cond: ((k >= 7724753) AND (k <= 7724853))

table 8 : explain SELECT k FROM sbtest8 WHERE k BETWEEN 7724753 AND 7724853
	Index Only Scan using k_8 on sbtest8  (cost=0.43..10.46 rows=101 width=4)
	  Index Cond: ((k >= 7724753) AND (k <= 7724853))

explain: for range-covered :: explain SELECT k FROM sbtest%d WHERE k BETWEEN 7724753 AND 7724853
for range-covered
table 1 : explain SELECT k FROM sbtest1 WHERE k BETWEEN 5924019 AND 5924119
	Index Only Scan using k_1 on sbtest1  (cost=0.43..10.60 rows=108 width=4)
	  Index Cond: ((k >= 5924019) AND (k <= 5924119))

table 2 : explain SELECT k FROM sbtest2 WHERE k BETWEEN 5924019 AND 5924119
	Index Only Scan using k_2 on sbtest2  (cost=0.43..10.40 rows=98 width=4)
	  Index Cond: ((k >= 5924019) AND (k <= 5924119))

table 3 : explain SELECT k FROM sbtest3 WHERE k BETWEEN 5924019 AND 5924119
	Index Only Scan using k_3 on sbtest3  (cost=0.43..10.44 rows=100 width=4)
	  Index Cond: ((k >= 5924019) AND (k <= 5924119))

table 4 : explain SELECT k FROM sbtest4 WHERE k BETWEEN 5924019 AND 5924119
	Index Only Scan using k_4 on sbtest4  (cost=0.43..10.47 rows=102 width=4)
	  Index Cond: ((k >= 5924019) AND (k <= 5924119))

table 5 : explain SELECT k FROM sbtest5 WHERE k BETWEEN 5924019 AND 5924119
	Index Only Scan using k_5 on sbtest5  (cost=0.43..10.33 rows=95 width=4)
	  Index Cond: ((k >= 5924019) AND (k <= 5924119))

table 6 : explain SELECT k FROM sbtest6 WHERE k BETWEEN 5924019 AND 5924119
	Index Only Scan using k_6 on sbtest6  (cost=0.43..10.29 rows=93 width=4)
	  Index Cond: ((k >= 5924019) AND (k <= 5924119))

table 7 : explain SELECT k FROM sbtest7 WHERE k BETWEEN 5924019 AND 5924119
	Index Only Scan using k_7 on sbtest7  (cost=0.43..10.38 rows=97 width=4)
	  Index Cond: ((k >= 5924019) AND (k <= 5924119))

table 8 : explain SELECT k FROM sbtest8 WHERE k BETWEEN 5924019 AND 5924119
	Index Only Scan using k_8 on sbtest8  (cost=0.43..10.44 rows=100 width=4)
	  Index Cond: ((k >= 5924019) AND (k <= 5924119))

explain: for range-covered :: explain SELECT k FROM sbtest%d WHERE k BETWEEN 5924019 AND 5924119
for range-covered
table 1 : explain SELECT k FROM sbtest1 WHERE k BETWEEN 7426770 AND 7426870
	Index Only Scan using k_1 on sbtest1  (cost=0.43..10.33 rows=95 width=4)
	  Index Cond: ((k >= 7426770) AND (k <= 7426870))

table 2 : explain SELECT k FROM sbtest2 WHERE k BETWEEN 7426770 AND 7426870
	Index Only Scan using k_2 on sbtest2  (cost=0.43..10.36 rows=96 width=4)
	  Index Cond: ((k >= 7426770) AND (k <= 7426870))

table 3 : explain SELECT k FROM sbtest3 WHERE k BETWEEN 7426770 AND 7426870
	Index Only Scan using k_3 on sbtest3  (cost=0.43..10.63 rows=110 width=4)
	  Index Cond: ((k >= 7426770) AND (k <= 7426870))

table 4 : explain SELECT k FROM sbtest4 WHERE k BETWEEN 7426770 AND 7426870
	Index Only Scan using k_4 on sbtest4  (cost=0.43..10.58 rows=107 width=4)
	  Index Cond: ((k >= 7426770) AND (k <= 7426870))

table 5 : explain SELECT k FROM sbtest5 WHERE k BETWEEN 7426770 AND 7426870
	Index Only Scan using k_5 on sbtest5  (cost=0.43..10.56 rows=106 width=4)
	  Index Cond: ((k >= 7426770) AND (k <= 7426870))

table 6 : explain SELECT k FROM sbtest6 WHERE k BETWEEN 7426770 AND 7426870
	Index Only Scan using k_6 on sbtest6  (cost=0.43..10.47 rows=102 width=4)
	  Index Cond: ((k >= 7426770) AND (k <= 7426870))

table 7 : explain SELECT k FROM sbtest7 WHERE k BETWEEN 7426770 AND 7426870
	Index Only Scan using k_7 on sbtest7  (cost=0.43..10.40 rows=98 width=4)
	  Index Cond: ((k >= 7426770) AND (k <= 7426870))

table 8 : explain SELECT k FROM sbtest8 WHERE k BETWEEN 7426770 AND 7426870
	Index Only Scan using k_8 on sbtest8  (cost=0.43..10.51 rows=104 width=4)
	  Index Cond: ((k >= 7426770) AND (k <= 7426870))

for range-covered
table 1 : explain SELECT k FROM sbtest1 WHERE k BETWEEN 2189601 AND 2189701
	Index Only Scan using k_1 on sbtest1  (cost=0.43..10.44 rows=100 width=4)
	  Index Cond: ((k >= 2189601) AND (k <= 2189701))

table 2 : explain SELECT k FROM sbtest2 WHERE k BETWEEN 2189601 AND 2189701
	Index Only Scan using k_2 on sbtest2  (cost=0.43..10.44 rows=100 width=4)
	  Index Cond: ((k >= 2189601) AND (k <= 2189701))

table 3 : explain SELECT k FROM sbtest3 WHERE k BETWEEN 2189601 AND 2189701
	Index Only Scan using k_3 on sbtest3  (cost=0.43..10.56 rows=106 width=4)
	  Index Cond: ((k >= 2189601) AND (k <= 2189701))

table 4 : explain SELECT k FROM sbtest4 WHERE k BETWEEN 2189601 AND 2189701
	Index Only Scan using k_4 on sbtest4  (cost=0.43..10.40 rows=98 width=4)
	  Index Cond: ((k >= 2189601) AND (k <= 2189701))

table 5 : explain SELECT k FROM sbtest5 WHERE k BETWEEN 2189601 AND 2189701
	Index Only Scan using k_5 on sbtest5  (cost=0.43..10.51 rows=104 width=4)
	  Index Cond: ((k >= 2189601) AND (k <= 2189701))

table 6 : explain SELECT k FROM sbtest6 WHERE k BETWEEN 2189601 AND 2189701
	Index Only Scan using k_6 on sbtest6  (cost=0.43..10.36 rows=96 width=4)
	  Index Cond: ((k >= 2189601) AND (k <= 2189701))

table 7 : explain SELECT k FROM sbtest7 WHERE k BETWEEN 2189601 AND 2189701
	Index Only Scan using k_7 on sbtest7  (cost=0.43..10.38 rows=97 width=4)
	  Index Cond: ((k >= 2189601) AND (k <= 2189701))

table 8 : explain SELECT k FROM sbtest8 WHERE k BETWEEN 2189601 AND 2189701
	Index Only Scan using k_8 on sbtest8  (cost=0.43..10.50 rows=103 width=4)
	  Index Cond: ((k >= 2189601) AND (k <= 2189701))

explain: for range-covered :: explain SELECT k FROM sbtest%d WHERE k BETWEEN 7426770 AND 7426870
for range-covered
table 1 : explain SELECT k FROM sbtest1 WHERE k BETWEEN 1395895 AND 1395995
	Index Only Scan using k_1 on sbtest1  (cost=0.43..10.51 rows=104 width=4)
	  Index Cond: ((k >= 1395895) AND (k <= 1395995))

table 2 : explain SELECT k FROM sbtest2 WHERE k BETWEEN 1395895 AND 1395995
	Index Only Scan using k_2 on sbtest2  (cost=0.43..10.65 rows=111 width=4)
	  Index Cond: ((k >= 1395895) AND (k <= 1395995))

table 3 : explain SELECT k FROM sbtest3 WHERE k BETWEEN 1395895 AND 1395995
	Index Only Scan using k_3 on sbtest3  (cost=0.43..10.36 rows=96 width=4)
	  Index Cond: ((k >= 1395895) AND (k <= 1395995))

table 4 : explain SELECT k FROM sbtest4 WHERE k BETWEEN 1395895 AND 1395995
	Index Only Scan using k_4 on sbtest4  (cost=0.43..10.51 rows=104 width=4)
	  Index Cond: ((k >= 1395895) AND (k <= 1395995))

table 5 : explain SELECT k FROM sbtest5 WHERE k BETWEEN 1395895 AND 1395995
	Index Only Scan using k_5 on sbtest5  (cost=0.43..10.33 rows=95 width=4)
	  Index Cond: ((k >= 1395895) AND (k <= 1395995))

table 6 : explain SELECT k FROM sbtest6 WHERE k BETWEEN 1395895 AND 1395995
	Index Only Scan using k_6 on sbtest6  (cost=0.43..10.46 rows=101 width=4)
	  Index Cond: ((k >= 1395895) AND (k <= 1395995))

table 7 : explain SELECT k FROM sbtest7 WHERE k BETWEEN 1395895 AND 1395995
	Index Only Scan using k_7 on sbtest7  (cost=0.43..10.32 rows=94 width=4)
	  Index Cond: ((k >= 1395895) AND (k <= 1395995))

table 8 : explain SELECT k FROM sbtest8 WHERE k BETWEEN 1395895 AND 1395995
	Index Only Scan using k_8 on sbtest8  (cost=0.43..10.38 rows=97 width=4)
	  Index Cond: ((k >= 1395895) AND (k <= 1395995))

for range-covered
table 1 : explain SELECT k FROM sbtest1 WHERE k BETWEEN 7442424 AND 7442524
	Index Only Scan using k_1 on sbtest1  (cost=0.43..10.33 rows=95 width=4)
	  Index Cond: ((k >= 7442424) AND (k <= 7442524))

table 2 : explain SELECT k FROM sbtest2 WHERE k BETWEEN 7442424 AND 7442524
	Index Only Scan using k_2 on sbtest2  (cost=0.43..10.36 rows=96 width=4)
	  Index Cond: ((k >= 7442424) AND (k <= 7442524))

table 3 : explain SELECT k FROM sbtest3 WHERE k BETWEEN 7442424 AND 7442524
	Index Only Scan using k_3 on sbtest3  (cost=0.43..10.63 rows=110 width=4)
	  Index Cond: ((k >= 7442424) AND (k <= 7442524))

table 4 : explain SELECT k FROM sbtest4 WHERE k BETWEEN 7442424 AND 7442524
	Index Only Scan using k_4 on sbtest4  (cost=0.43..10.58 rows=107 width=4)
	  Index Cond: ((k >= 7442424) AND (k <= 7442524))

table 5 : explain SELECT k FROM sbtest5 WHERE k BETWEEN 7442424 AND 7442524
	Index Only Scan using k_5 on sbtest5  (cost=0.43..10.56 rows=106 width=4)
	  Index Cond: ((k >= 7442424) AND (k <= 7442524))

table 6 : explain SELECT k FROM sbtest6 WHERE k BETWEEN 7442424 AND 7442524
	Index Only Scan using k_6 on sbtest6  (cost=0.43..10.47 rows=102 width=4)
	  Index Cond: ((k >= 7442424) AND (k <= 7442524))

table 7 : explain SELECT k FROM sbtest7 WHERE k BETWEEN 7442424 AND 7442524
	Index Only Scan using k_7 on sbtest7  (cost=0.43..10.76 rows=116 width=4)
	  Index Cond: ((k >= 7442424) AND (k <= 7442524))

table 8 : explain SELECT k FROM sbtest8 WHERE k BETWEEN 7442424 AND 7442524
	Index Only Scan using k_8 on sbtest8  (cost=0.43..10.51 rows=104 width=4)
	  Index Cond: ((k >= 7442424) AND (k <= 7442524))

explain: for range-covered :: explain SELECT k FROM sbtest%d WHERE k BETWEEN 2189601 AND 2189701
explain: for range-covered :: explain SELECT k FROM sbtest%d WHERE k BETWEEN 7442424 AND 7442524
explain: for range-covered :: explain SELECT k FROM sbtest%d WHERE k BETWEEN 1395895 AND 1395995
for range-covered
table 1 : explain SELECT k FROM sbtest1 WHERE k BETWEEN 7724753 AND 7724853
	Index Only Scan using k_1 on sbtest1  (cost=0.43..10.58 rows=107 width=4)
	  Index Cond: ((k >= 7724753) AND (k <= 7724853))

table 2 : explain SELECT k FROM sbtest2 WHERE k BETWEEN 7724753 AND 7724853
	Index Only Scan using k_2 on sbtest2  (cost=0.43..10.46 rows=101 width=4)
	  Index Cond: ((k >= 7724753) AND (k <= 7724853))

table 3 : explain SELECT k FROM sbtest3 WHERE k BETWEEN 7724753 AND 7724853
	Index Only Scan using k_3 on sbtest3  (cost=0.43..10.54 rows=105 width=4)
	  Index Cond: ((k >= 7724753) AND (k <= 7724853))

table 4 : explain SELECT k FROM sbtest4 WHERE k BETWEEN 7724753 AND 7724853
	Index Only Scan using k_4 on sbtest4  (cost=0.43..10.60 rows=108 width=4)
	  Index Cond: ((k >= 7724753) AND (k <= 7724853))

table 5 : explain SELECT k FROM sbtest5 WHERE k BETWEEN 7724753 AND 7724853
	Index Only Scan using k_5 on sbtest5  (cost=0.43..10.50 rows=103 width=4)
	  Index Cond: ((k >= 7724753) AND (k <= 7724853))

table 6 : explain SELECT k FROM sbtest6 WHERE k BETWEEN 7724753 AND 7724853
	Index Only Scan using k_6 on sbtest6  (cost=0.43..10.81 rows=119 width=4)
	  Index Cond: ((k >= 7724753) AND (k <= 7724853))

table 7 : explain SELECT k FROM sbtest7 WHERE k BETWEEN 7724753 AND 7724853
	Index Only Scan using k_7 on sbtest7  (cost=0.43..10.47 rows=102 width=4)
	  Index Cond: ((k >= 7724753) AND (k <= 7724853))

table 8 : explain SELECT k FROM sbtest8 WHERE k BETWEEN 7724753 AND 7724853
	Index Only Scan using k_8 on sbtest8  (cost=0.43..10.46 rows=101 width=4)
	  Index Cond: ((k >= 7724753) AND (k <= 7724853))

for range-covered
table 1 : explain SELECT k FROM sbtest1 WHERE k BETWEEN 2189601 AND 2189701
	Index Only Scan using k_1 on sbtest1  (cost=0.43..10.44 rows=100 width=4)
	  Index Cond: ((k >= 2189601) AND (k <= 2189701))

table 2 : explain SELECT k FROM sbtest2 WHERE k BETWEEN 2189601 AND 2189701
	Index Only Scan using k_2 on sbtest2  (cost=0.43..10.44 rows=100 width=4)
	  Index Cond: ((k >= 2189601) AND (k <= 2189701))

table 3 : explain SELECT k FROM sbtest3 WHERE k BETWEEN 2189601 AND 2189701
	Index Only Scan using k_3 on sbtest3  (cost=0.43..10.56 rows=106 width=4)
	  Index Cond: ((k >= 2189601) AND (k <= 2189701))

table 4 : explain SELECT k FROM sbtest4 WHERE k BETWEEN 2189601 AND 2189701
	Index Only Scan using k_4 on sbtest4  (cost=0.43..10.40 rows=98 width=4)
	  Index Cond: ((k >= 2189601) AND (k <= 2189701))

table 5 : explain SELECT k FROM sbtest5 WHERE k BETWEEN 2189601 AND 2189701
	Index Only Scan using k_5 on sbtest5  (cost=0.43..10.51 rows=104 width=4)
	  Index Cond: ((k >= 2189601) AND (k <= 2189701))

table 6 : explain SELECT k FROM sbtest6 WHERE k BETWEEN 2189601 AND 2189701
	Index Only Scan using k_6 on sbtest6  (cost=0.43..10.36 rows=96 width=4)
	  Index Cond: ((k >= 2189601) AND (k <= 2189701))

table 7 : explain SELECT k FROM sbtest7 WHERE k BETWEEN 2189601 AND 2189701
	Index Only Scan using k_7 on sbtest7  (cost=0.43..10.38 rows=97 width=4)
	  Index Cond: ((k >= 2189601) AND (k <= 2189701))

table 8 : explain SELECT k FROM sbtest8 WHERE k BETWEEN 2189601 AND 2189701
	Index Only Scan using k_8 on sbtest8  (cost=0.43..10.50 rows=103 width=4)
	  Index Cond: ((k >= 2189601) AND (k <= 2189701))

explain: for range-covered :: explain SELECT k FROM sbtest%d WHERE k BETWEEN 7724753 AND 7724853
explain: for range-covered :: explain SELECT k FROM sbtest%d WHERE k BETWEEN 2189601 AND 2189701
for range-covered
table 1 : explain SELECT k FROM sbtest1 WHERE k BETWEEN 7426770 AND 7426870
	Index Only Scan using k_1 on sbtest1  (cost=0.43..10.33 rows=95 width=4)
	  Index Cond: ((k >= 7426770) AND (k <= 7426870))

table 2 : explain SELECT k FROM sbtest2 WHERE k BETWEEN 7426770 AND 7426870
	Index Only Scan using k_2 on sbtest2  (cost=0.43..10.36 rows=96 width=4)
	  Index Cond: ((k >= 7426770) AND (k <= 7426870))

table 3 : explain SELECT k FROM sbtest3 WHERE k BETWEEN 7426770 AND 7426870
	Index Only Scan using k_3 on sbtest3  (cost=0.43..10.63 rows=110 width=4)
	  Index Cond: ((k >= 7426770) AND (k <= 7426870))

table 4 : explain SELECT k FROM sbtest4 WHERE k BETWEEN 7426770 AND 7426870
	Index Only Scan using k_4 on sbtest4  (cost=0.43..10.58 rows=107 width=4)
	  Index Cond: ((k >= 7426770) AND (k <= 7426870))

table 5 : explain SELECT k FROM sbtest5 WHERE k BETWEEN 7426770 AND 7426870
	Index Only Scan using k_5 on sbtest5  (cost=0.43..10.56 rows=106 width=4)
	  Index Cond: ((k >= 7426770) AND (k <= 7426870))

table 6 : explain SELECT k FROM sbtest6 WHERE k BETWEEN 7426770 AND 7426870
	Index Only Scan using k_6 on sbtest6  (cost=0.43..10.47 rows=102 width=4)
	  Index Cond: ((k >= 7426770) AND (k <= 7426870))

table 7 : explain SELECT k FROM sbtest7 WHERE k BETWEEN 7426770 AND 7426870
	Index Only Scan using k_7 on sbtest7  (cost=0.43..10.40 rows=98 width=4)
	  Index Cond: ((k >= 7426770) AND (k <= 7426870))

table 8 : explain SELECT k FROM sbtest8 WHERE k BETWEEN 7426770 AND 7426870
	Index Only Scan using k_8 on sbtest8  (cost=0.43..10.51 rows=104 width=4)
	  Index Cond: ((k >= 7426770) AND (k <= 7426870))

for range-covered
table 1 : explain SELECT k FROM sbtest1 WHERE k BETWEEN 7442424 AND 7442524
	Index Only Scan using k_1 on sbtest1  (cost=0.43..10.33 rows=95 width=4)
	  Index Cond: ((k >= 7442424) AND (k <= 7442524))

table 2 : explain SELECT k FROM sbtest2 WHERE k BETWEEN 7442424 AND 7442524
	Index Only Scan using k_2 on sbtest2  (cost=0.43..10.36 rows=96 width=4)
	  Index Cond: ((k >= 7442424) AND (k <= 7442524))

table 3 : explain SELECT k FROM sbtest3 WHERE k BETWEEN 7442424 AND 7442524
	Index Only Scan using k_3 on sbtest3  (cost=0.43..10.63 rows=110 width=4)
	  Index Cond: ((k >= 7442424) AND (k <= 7442524))

table 4 : explain SELECT k FROM sbtest4 WHERE k BETWEEN 7442424 AND 7442524
	Index Only Scan using k_4 on sbtest4  (cost=0.43..10.58 rows=107 width=4)
	  Index Cond: ((k >= 7442424) AND (k <= 7442524))

table 5 : explain SELECT k FROM sbtest5 WHERE k BETWEEN 7442424 AND 7442524
	Index Only Scan using k_5 on sbtest5  (cost=0.43..10.56 rows=106 width=4)
	  Index Cond: ((k >= 7442424) AND (k <= 7442524))

table 6 : explain SELECT k FROM sbtest6 WHERE k BETWEEN 7442424 AND 7442524
	Index Only Scan using k_6 on sbtest6  (cost=0.43..10.47 rows=102 width=4)
	  Index Cond: ((k >= 7442424) AND (k <= 7442524))

table 7 : explain SELECT k FROM sbtest7 WHERE k BETWEEN 7442424 AND 7442524
	Index Only Scan using k_7 on sbtest7  (cost=0.43..10.76 rows=116 width=4)
	  Index Cond: ((k >= 7442424) AND (k <= 7442524))

table 8 : explain SELECT k FROM sbtest8 WHERE k BETWEEN 7442424 AND 7442524
	Index Only Scan using k_8 on sbtest8  (cost=0.43..10.51 rows=104 width=4)
	  Index Cond: ((k >= 7442424) AND (k <= 7442524))

explain: for range-covered :: explain SELECT k FROM sbtest%d WHERE k BETWEEN 7426770 AND 7426870
for range-covered
table 1 : explain SELECT k FROM sbtest1 WHERE k BETWEEN 5924019 AND 5924119
	Index Only Scan using k_1 on sbtest1  (cost=0.43..10.60 rows=108 width=4)
	  Index Cond: ((k >= 5924019) AND (k <= 5924119))

table 2 : explain SELECT k FROM sbtest2 WHERE k BETWEEN 5924019 AND 5924119
	Index Only Scan using k_2 on sbtest2  (cost=0.43..10.40 rows=98 width=4)
	  Index Cond: ((k >= 5924019) AND (k <= 5924119))

table 3 : explain SELECT k FROM sbtest3 WHERE k BETWEEN 5924019 AND 5924119
	Index Only Scan using k_3 on sbtest3  (cost=0.43..10.44 rows=100 width=4)
	  Index Cond: ((k >= 5924019) AND (k <= 5924119))

table 4 : explain SELECT k FROM sbtest4 WHERE k BETWEEN 5924019 AND 5924119
	Index Only Scan using k_4 on sbtest4  (cost=0.43..10.47 rows=102 width=4)
	  Index Cond: ((k >= 5924019) AND (k <= 5924119))

table 5 : explain SELECT k FROM sbtest5 WHERE k BETWEEN 5924019 AND 5924119
	Index Only Scan using k_5 on sbtest5  (cost=0.43..10.33 rows=95 width=4)
	  Index Cond: ((k >= 5924019) AND (k <= 5924119))

table 6 : explain SELECT k FROM sbtest6 WHERE k BETWEEN 5924019 AND 5924119
	Index Only Scan using k_6 on sbtest6  (cost=0.43..10.29 rows=93 width=4)
	  Index Cond: ((k >= 5924019) AND (k <= 5924119))

table 7 : explain SELECT k FROM sbtest7 WHERE k BETWEEN 5924019 AND 5924119
	Index Only Scan using k_7 on sbtest7  (cost=0.43..10.38 rows=97 width=4)
	  Index Cond: ((k >= 5924019) AND (k <= 5924119))

table 8 : explain SELECT k FROM sbtest8 WHERE k BETWEEN 5924019 AND 5924119
	Index Only Scan using k_8 on sbtest8  (cost=0.43..10.44 rows=100 width=4)
	  Index Cond: ((k >= 5924019) AND (k <= 5924119))

for range-covered
table 1 : explain SELECT k FROM sbtest1 WHERE k BETWEEN 1395895 AND 1395995
	Index Only Scan using k_1 on sbtest1  (cost=0.43..10.51 rows=104 width=4)
	  Index Cond: ((k >= 1395895) AND (k <= 1395995))

table 2 : explain SELECT k FROM sbtest2 WHERE k BETWEEN 1395895 AND 1395995
	Index Only Scan using k_2 on sbtest2  (cost=0.43..10.65 rows=111 width=4)
	  Index Cond: ((k >= 1395895) AND (k <= 1395995))

table 3 : explain SELECT k FROM sbtest3 WHERE k BETWEEN 1395895 AND 1395995
	Index Only Scan using k_3 on sbtest3  (cost=0.43..10.36 rows=96 width=4)
	  Index Cond: ((k >= 1395895) AND (k <= 1395995))

table 4 : explain SELECT k FROM sbtest4 WHERE k BETWEEN 1395895 AND 1395995
	Index Only Scan using k_4 on sbtest4  (cost=0.43..10.51 rows=104 width=4)
	  Index Cond: ((k >= 1395895) AND (k <= 1395995))

table 5 : explain SELECT k FROM sbtest5 WHERE k BETWEEN 1395895 AND 1395995
	Index Only Scan using k_5 on sbtest5  (cost=0.43..10.33 rows=95 width=4)
	  Index Cond: ((k >= 1395895) AND (k <= 1395995))

table 6 : explain SELECT k FROM sbtest6 WHERE k BETWEEN 1395895 AND 1395995
	Index Only Scan using k_6 on sbtest6  (cost=0.43..10.46 rows=101 width=4)
	  Index Cond: ((k >= 1395895) AND (k <= 1395995))

table 7 : explain SELECT k FROM sbtest7 WHERE k BETWEEN 1395895 AND 1395995
	Index Only Scan using k_7 on sbtest7  (cost=0.43..10.32 rows=94 width=4)
	  Index Cond: ((k >= 1395895) AND (k <= 1395995))

table 8 : explain SELECT k FROM sbtest8 WHERE k BETWEEN 1395895 AND 1395995
	Index Only Scan using k_8 on sbtest8  (cost=0.43..10.38 rows=97 width=4)
	  Index Cond: ((k >= 1395895) AND (k <= 1395995))

explain: for range-covered :: explain SELECT k FROM sbtest%d WHERE k BETWEEN 7442424 AND 7442524
explain: for range-covered :: explain SELECT k FROM sbtest%d WHERE k BETWEEN 3852101 AND 3852201
explain: for range-covered :: explain SELECT k FROM sbtest%d WHERE k BETWEEN 1395895 AND 1395995
explain: for range-covered :: explain SELECT k FROM sbtest%d WHERE k BETWEEN 5924019 AND 5924119
for range-covered
table 1 : explain SELECT k FROM sbtest1 WHERE k BETWEEN 2189601 AND 2189701
	Index Only Scan using k_1 on sbtest1  (cost=0.43..10.44 rows=100 width=4)
	  Index Cond: ((k >= 2189601) AND (k <= 2189701))

table 2 : explain SELECT k FROM sbtest2 WHERE k BETWEEN 2189601 AND 2189701
	Index Only Scan using k_2 on sbtest2  (cost=0.43..10.44 rows=100 width=4)
	  Index Cond: ((k >= 2189601) AND (k <= 2189701))

table 3 : explain SELECT k FROM sbtest3 WHERE k BETWEEN 2189601 AND 2189701
	Index Only Scan using k_3 on sbtest3  (cost=0.43..10.56 rows=106 width=4)
	  Index Cond: ((k >= 2189601) AND (k <= 2189701))

table 4 : explain SELECT k FROM sbtest4 WHERE k BETWEEN 2189601 AND 2189701
	Index Only Scan using k_4 on sbtest4  (cost=0.43..10.40 rows=98 width=4)
	  Index Cond: ((k >= 2189601) AND (k <= 2189701))

table 5 : explain SELECT k FROM sbtest5 WHERE k BETWEEN 2189601 AND 2189701
	Index Only Scan using k_5 on sbtest5  (cost=0.43..10.51 rows=104 width=4)
	  Index Cond: ((k >= 2189601) AND (k <= 2189701))

table 6 : explain SELECT k FROM sbtest6 WHERE k BETWEEN 2189601 AND 2189701
	Index Only Scan using k_6 on sbtest6  (cost=0.43..10.36 rows=96 width=4)
	  Index Cond: ((k >= 2189601) AND (k <= 2189701))

table 7 : explain SELECT k FROM sbtest7 WHERE k BETWEEN 2189601 AND 2189701
	Index Only Scan using k_7 on sbtest7  (cost=0.43..10.38 rows=97 width=4)
	  Index Cond: ((k >= 2189601) AND (k <= 2189701))

table 8 : explain SELECT k FROM sbtest8 WHERE k BETWEEN 2189601 AND 2189701
	Index Only Scan using k_8 on sbtest8  (cost=0.43..10.50 rows=103 width=4)
	  Index Cond: ((k >= 2189601) AND (k <= 2189701))

explain: for range-covered :: explain SELECT k FROM sbtest%d WHERE k BETWEEN 2189601 AND 2189701
for range-covered
table 1 : explain SELECT k FROM sbtest1 WHERE k BETWEEN 7426770 AND 7426870
	Index Only Scan using k_1 on sbtest1  (cost=0.43..10.33 rows=95 width=4)
	  Index Cond: ((k >= 7426770) AND (k <= 7426870))

table 2 : explain SELECT k FROM sbtest2 WHERE k BETWEEN 7426770 AND 7426870
	Index Only Scan using k_2 on sbtest2  (cost=0.43..10.36 rows=96 width=4)
	  Index Cond: ((k >= 7426770) AND (k <= 7426870))

table 3 : explain SELECT k FROM sbtest3 WHERE k BETWEEN 7426770 AND 7426870
	Index Only Scan using k_3 on sbtest3  (cost=0.43..10.63 rows=110 width=4)
	  Index Cond: ((k >= 7426770) AND (k <= 7426870))

table 4 : explain SELECT k FROM sbtest4 WHERE k BETWEEN 7426770 AND 7426870
	Index Only Scan using k_4 on sbtest4  (cost=0.43..10.58 rows=107 width=4)
	  Index Cond: ((k >= 7426770) AND (k <= 7426870))

table 5 : explain SELECT k FROM sbtest5 WHERE k BETWEEN 7426770 AND 7426870
	Index Only Scan using k_5 on sbtest5  (cost=0.43..10.56 rows=106 width=4)
	  Index Cond: ((k >= 7426770) AND (k <= 7426870))

table 6 : explain SELECT k FROM sbtest6 WHERE k BETWEEN 7426770 AND 7426870
	Index Only Scan using k_6 on sbtest6  (cost=0.43..10.47 rows=102 width=4)
	  Index Cond: ((k >= 7426770) AND (k <= 7426870))

table 7 : explain SELECT k FROM sbtest7 WHERE k BETWEEN 7426770 AND 7426870
	Index Only Scan using k_7 on sbtest7  (cost=0.43..10.40 rows=98 width=4)
	  Index Cond: ((k >= 7426770) AND (k <= 7426870))

table 8 : explain SELECT k FROM sbtest8 WHERE k BETWEEN 7426770 AND 7426870
	Index Only Scan using k_8 on sbtest8  (cost=0.43..10.51 rows=104 width=4)
	  Index Cond: ((k >= 7426770) AND (k <= 7426870))

explain: for range-covered :: explain SELECT k FROM sbtest%d WHERE k BETWEEN 7426770 AND 7426870
for range-covered
table 1 : explain SELECT k FROM sbtest1 WHERE k BETWEEN 7442424 AND 7442524
	Index Only Scan using k_1 on sbtest1  (cost=0.43..10.33 rows=95 width=4)
	  Index Cond: ((k >= 7442424) AND (k <= 7442524))

table 2 : explain SELECT k FROM sbtest2 WHERE k BETWEEN 7442424 AND 7442524
	Index Only Scan using k_2 on sbtest2  (cost=0.43..10.36 rows=96 width=4)
	  Index Cond: ((k >= 7442424) AND (k <= 7442524))

table 3 : explain SELECT k FROM sbtest3 WHERE k BETWEEN 7442424 AND 7442524
	Index Only Scan using k_3 on sbtest3  (cost=0.43..10.63 rows=110 width=4)
	  Index Cond: ((k >= 7442424) AND (k <= 7442524))

table 4 : explain SELECT k FROM sbtest4 WHERE k BETWEEN 7442424 AND 7442524
	Index Only Scan using k_4 on sbtest4  (cost=0.43..10.58 rows=107 width=4)
	  Index Cond: ((k >= 7442424) AND (k <= 7442524))

table 5 : explain SELECT k FROM sbtest5 WHERE k BETWEEN 7442424 AND 7442524
	Index Only Scan using k_5 on sbtest5  (cost=0.43..10.56 rows=106 width=4)
	  Index Cond: ((k >= 7442424) AND (k <= 7442524))

table 6 : explain SELECT k FROM sbtest6 WHERE k BETWEEN 7442424 AND 7442524
	Index Only Scan using k_6 on sbtest6  (cost=0.43..10.47 rows=102 width=4)
	  Index Cond: ((k >= 7442424) AND (k <= 7442524))

table 7 : explain SELECT k FROM sbtest7 WHERE k BETWEEN 7442424 AND 7442524
	Index Only Scan using k_7 on sbtest7  (cost=0.43..10.76 rows=116 width=4)
	  Index Cond: ((k >= 7442424) AND (k <= 7442524))

table 8 : explain SELECT k FROM sbtest8 WHERE k BETWEEN 7442424 AND 7442524
	Index Only Scan using k_8 on sbtest8  (cost=0.43..10.51 rows=104 width=4)
	  Index Cond: ((k >= 7442424) AND (k <= 7442524))

for range-covered
table 1 : explain SELECT k FROM sbtest1 WHERE k BETWEEN 1395895 AND 1395995
	Index Only Scan using k_1 on sbtest1  (cost=0.43..10.51 rows=104 width=4)
	  Index Cond: ((k >= 1395895) AND (k <= 1395995))

table 2 : explain SELECT k FROM sbtest2 WHERE k BETWEEN 1395895 AND 1395995
	Index Only Scan using k_2 on sbtest2  (cost=0.43..10.65 rows=111 width=4)
	  Index Cond: ((k >= 1395895) AND (k <= 1395995))

table 3 : explain SELECT k FROM sbtest3 WHERE k BETWEEN 1395895 AND 1395995
	Index Only Scan using k_3 on sbtest3  (cost=0.43..10.36 rows=96 width=4)
	  Index Cond: ((k >= 1395895) AND (k <= 1395995))

table 4 : explain SELECT k FROM sbtest4 WHERE k BETWEEN 1395895 AND 1395995
	Index Only Scan using k_4 on sbtest4  (cost=0.43..10.51 rows=104 width=4)
	  Index Cond: ((k >= 1395895) AND (k <= 1395995))

table 5 : explain SELECT k FROM sbtest5 WHERE k BETWEEN 1395895 AND 1395995
	Index Only Scan using k_5 on sbtest5  (cost=0.43..10.33 rows=95 width=4)
	  Index Cond: ((k >= 1395895) AND (k <= 1395995))

table 6 : explain SELECT k FROM sbtest6 WHERE k BETWEEN 1395895 AND 1395995
	Index Only Scan using k_6 on sbtest6  (cost=0.43..10.46 rows=101 width=4)
	  Index Cond: ((k >= 1395895) AND (k <= 1395995))

table 7 : explain SELECT k FROM sbtest7 WHERE k BETWEEN 1395895 AND 1395995
	Index Only Scan using k_7 on sbtest7  (cost=0.43..10.32 rows=94 width=4)
	  Index Cond: ((k >= 1395895) AND (k <= 1395995))

table 8 : explain SELECT k FROM sbtest8 WHERE k BETWEEN 1395895 AND 1395995
	Index Only Scan using k_8 on sbtest8  (cost=0.43..10.38 rows=97 width=4)
	  Index Cond: ((k >= 1395895) AND (k <= 1395995))

explain: for range-covered :: explain SELECT k FROM sbtest%d WHERE k BETWEEN 7442424 AND 7442524
explain: for range-covered :: explain SELECT k FROM sbtest%d WHERE k BETWEEN 1395895 AND 1395995
for range-covered
table 1 : explain SELECT k FROM sbtest1 WHERE k BETWEEN 7724753 AND 7724853
	Index Only Scan using k_1 on sbtest1  (cost=0.43..10.58 rows=107 width=4)
	  Index Cond: ((k >= 7724753) AND (k <= 7724853))

table 2 : explain SELECT k FROM sbtest2 WHERE k BETWEEN 7724753 AND 7724853
	Index Only Scan using k_2 on sbtest2  (cost=0.43..10.46 rows=101 width=4)
	  Index Cond: ((k >= 7724753) AND (k <= 7724853))

table 3 : explain SELECT k FROM sbtest3 WHERE k BETWEEN 7724753 AND 7724853
	Index Only Scan using k_3 on sbtest3  (cost=0.43..10.54 rows=105 width=4)
	  Index Cond: ((k >= 7724753) AND (k <= 7724853))

table 4 : explain SELECT k FROM sbtest4 WHERE k BETWEEN 7724753 AND 7724853
	Index Only Scan using k_4 on sbtest4  (cost=0.43..10.60 rows=108 width=4)
	  Index Cond: ((k >= 7724753) AND (k <= 7724853))

table 5 : explain SELECT k FROM sbtest5 WHERE k BETWEEN 7724753 AND 7724853
	Index Only Scan using k_5 on sbtest5  (cost=0.43..10.50 rows=103 width=4)
	  Index Cond: ((k >= 7724753) AND (k <= 7724853))

table 6 : explain SELECT k FROM sbtest6 WHERE k BETWEEN 7724753 AND 7724853
	Index Only Scan using k_6 on sbtest6  (cost=0.43..10.81 rows=119 width=4)
	  Index Cond: ((k >= 7724753) AND (k <= 7724853))

table 7 : explain SELECT k FROM sbtest7 WHERE k BETWEEN 7724753 AND 7724853
	Index Only Scan using k_7 on sbtest7  (cost=0.43..10.47 rows=102 width=4)
	  Index Cond: ((k >= 7724753) AND (k <= 7724853))

table 8 : explain SELECT k FROM sbtest8 WHERE k BETWEEN 7724753 AND 7724853
	Index Only Scan using k_8 on sbtest8  (cost=0.43..10.46 rows=101 width=4)
	  Index Cond: ((k >= 7724753) AND (k <= 7724853))

for range-covered
table 1 : explain SELECT k FROM sbtest1 WHERE k BETWEEN 2189601 AND 2189701
	Index Only Scan using k_1 on sbtest1  (cost=0.43..10.44 rows=100 width=4)
	  Index Cond: ((k >= 2189601) AND (k <= 2189701))

table 2 : explain SELECT k FROM sbtest2 WHERE k BETWEEN 2189601 AND 2189701
	Index Only Scan using k_2 on sbtest2  (cost=0.43..10.44 rows=100 width=4)
	  Index Cond: ((k >= 2189601) AND (k <= 2189701))

table 3 : explain SELECT k FROM sbtest3 WHERE k BETWEEN 2189601 AND 2189701
	Index Only Scan using k_3 on sbtest3  (cost=0.43..10.56 rows=106 width=4)
	  Index Cond: ((k >= 2189601) AND (k <= 2189701))

table 4 : explain SELECT k FROM sbtest4 WHERE k BETWEEN 2189601 AND 2189701
	Index Only Scan using k_4 on sbtest4  (cost=0.43..10.40 rows=98 width=4)
	  Index Cond: ((k >= 2189601) AND (k <= 2189701))

table 5 : explain SELECT k FROM sbtest5 WHERE k BETWEEN 2189601 AND 2189701
	Index Only Scan using k_5 on sbtest5  (cost=0.43..10.51 rows=104 width=4)
	  Index Cond: ((k >= 2189601) AND (k <= 2189701))

table 6 : explain SELECT k FROM sbtest6 WHERE k BETWEEN 2189601 AND 2189701
	Index Only Scan using k_6 on sbtest6  (cost=0.43..10.36 rows=96 width=4)
	  Index Cond: ((k >= 2189601) AND (k <= 2189701))

table 7 : explain SELECT k FROM sbtest7 WHERE k BETWEEN 2189601 AND 2189701
	Index Only Scan using k_7 on sbtest7  (cost=0.43..10.38 rows=97 width=4)
	  Index Cond: ((k >= 2189601) AND (k <= 2189701))

table 8 : explain SELECT k FROM sbtest8 WHERE k BETWEEN 2189601 AND 2189701
	Index Only Scan using k_8 on sbtest8  (cost=0.43..10.50 rows=103 width=4)
	  Index Cond: ((k >= 2189601) AND (k <= 2189701))

explain: for range-covered :: explain SELECT k FROM sbtest%d WHERE k BETWEEN 2189601 AND 2189701
for range-covered
table 1 : explain SELECT k FROM sbtest1 WHERE k BETWEEN 7426770 AND 7426870
	Index Only Scan using k_1 on sbtest1  (cost=0.43..10.33 rows=95 width=4)
	  Index Cond: ((k >= 7426770) AND (k <= 7426870))

table 2 : explain SELECT k FROM sbtest2 WHERE k BETWEEN 7426770 AND 7426870
	Index Only Scan using k_2 on sbtest2  (cost=0.43..10.36 rows=96 width=4)
	  Index Cond: ((k >= 7426770) AND (k <= 7426870))

table 3 : explain SELECT k FROM sbtest3 WHERE k BETWEEN 7426770 AND 7426870
	Index Only Scan using k_3 on sbtest3  (cost=0.43..10.63 rows=110 width=4)
	  Index Cond: ((k >= 7426770) AND (k <= 7426870))

table 4 : explain SELECT k FROM sbtest4 WHERE k BETWEEN 7426770 AND 7426870
	Index Only Scan using k_4 on sbtest4  (cost=0.43..10.58 rows=107 width=4)
	  Index Cond: ((k >= 7426770) AND (k <= 7426870))

table 5 : explain SELECT k FROM sbtest5 WHERE k BETWEEN 7426770 AND 7426870
	Index Only Scan using k_5 on sbtest5  (cost=0.43..10.56 rows=106 width=4)
	  Index Cond: ((k >= 7426770) AND (k <= 7426870))

table 6 : explain SELECT k FROM sbtest6 WHERE k BETWEEN 7426770 AND 7426870
	Index Only Scan using k_6 on sbtest6  (cost=0.43..10.47 rows=102 width=4)
	  Index Cond: ((k >= 7426770) AND (k <= 7426870))

table 7 : explain SELECT k FROM sbtest7 WHERE k BETWEEN 7426770 AND 7426870
	Index Only Scan using k_7 on sbtest7  (cost=0.43..10.40 rows=98 width=4)
	  Index Cond: ((k >= 7426770) AND (k <= 7426870))

table 8 : explain SELECT k FROM sbtest8 WHERE k BETWEEN 7426770 AND 7426870
	Index Only Scan using k_8 on sbtest8  (cost=0.43..10.51 rows=104 width=4)
	  Index Cond: ((k >= 7426770) AND (k <= 7426870))

explain: for range-covered :: explain SELECT k FROM sbtest%d WHERE k BETWEEN 7724753 AND 7724853
explain: for range-covered :: explain SELECT k FROM sbtest%d WHERE k BETWEEN 7426770 AND 7426870
for range-covered
table 1 : explain SELECT k FROM sbtest1 WHERE k BETWEEN 7442424 AND 7442524
	Index Only Scan using k_1 on sbtest1  (cost=0.43..10.33 rows=95 width=4)
	  Index Cond: ((k >= 7442424) AND (k <= 7442524))

table 2 : explain SELECT k FROM sbtest2 WHERE k BETWEEN 7442424 AND 7442524
	Index Only Scan using k_2 on sbtest2  (cost=0.43..10.36 rows=96 width=4)
	  Index Cond: ((k >= 7442424) AND (k <= 7442524))

table 3 : explain SELECT k FROM sbtest3 WHERE k BETWEEN 7442424 AND 7442524
	Index Only Scan using k_3 on sbtest3  (cost=0.43..10.63 rows=110 width=4)
	  Index Cond: ((k >= 7442424) AND (k <= 7442524))

table 4 : explain SELECT k FROM sbtest4 WHERE k BETWEEN 7442424 AND 7442524
	Index Only Scan using k_4 on sbtest4  (cost=0.43..10.58 rows=107 width=4)
	  Index Cond: ((k >= 7442424) AND (k <= 7442524))

table 5 : explain SELECT k FROM sbtest5 WHERE k BETWEEN 7442424 AND 7442524
	Index Only Scan using k_5 on sbtest5  (cost=0.43..10.56 rows=106 width=4)
	  Index Cond: ((k >= 7442424) AND (k <= 7442524))

table 6 : explain SELECT k FROM sbtest6 WHERE k BETWEEN 7442424 AND 7442524
	Index Only Scan using k_6 on sbtest6  (cost=0.43..10.47 rows=102 width=4)
	  Index Cond: ((k >= 7442424) AND (k <= 7442524))

table 7 : explain SELECT k FROM sbtest7 WHERE k BETWEEN 7442424 AND 7442524
	Index Only Scan using k_7 on sbtest7  (cost=0.43..10.76 rows=116 width=4)
	  Index Cond: ((k >= 7442424) AND (k <= 7442524))

table 8 : explain SELECT k FROM sbtest8 WHERE k BETWEEN 7442424 AND 7442524
	Index Only Scan using k_8 on sbtest8  (cost=0.43..10.51 rows=104 width=4)
	  Index Cond: ((k >= 7442424) AND (k <= 7442524))

for range-covered
table 1 : explain SELECT k FROM sbtest1 WHERE k BETWEEN 7889854 AND 7889954
	Index Only Scan using k_1 on sbtest1  (cost=0.43..10.44 rows=100 width=4)
	  Index Cond: ((k >= 7889854) AND (k <= 7889954))

table 2 : explain SELECT k FROM sbtest2 WHERE k BETWEEN 7889854 AND 7889954
	Index Only Scan using k_2 on sbtest2  (cost=0.43..10.54 rows=105 width=4)
	  Index Cond: ((k >= 7889854) AND (k <= 7889954))

table 3 : explain SELECT k FROM sbtest3 WHERE k BETWEEN 7889854 AND 7889954
	Index Only Scan using k_3 on sbtest3  (cost=0.43..10.40 rows=98 width=4)
	  Index Cond: ((k >= 7889854) AND (k <= 7889954))

table 4 : explain SELECT k FROM sbtest4 WHERE k BETWEEN 7889854 AND 7889954
	Index Only Scan using k_4 on sbtest4  (cost=0.43..10.36 rows=96 width=4)
	  Index Cond: ((k >= 7889854) AND (k <= 7889954))

table 5 : explain SELECT k FROM sbtest5 WHERE k BETWEEN 7889854 AND 7889954
	Index Only Scan using k_5 on sbtest5  (cost=0.43..10.56 rows=106 width=4)
	  Index Cond: ((k >= 7889854) AND (k <= 7889954))

table 6 : explain SELECT k FROM sbtest6 WHERE k BETWEEN 7889854 AND 7889954
	Index Only Scan using k_6 on sbtest6  (cost=0.43..10.62 rows=109 width=4)
	  Index Cond: ((k >= 7889854) AND (k <= 7889954))

table 7 : explain SELECT k FROM sbtest7 WHERE k BETWEEN 7889854 AND 7889954
	Index Only Scan using k_7 on sbtest7  (cost=0.43..10.60 rows=108 width=4)
	  Index Cond: ((k >= 7889854) AND (k <= 7889954))

table 8 : explain SELECT k FROM sbtest8 WHERE k BETWEEN 7889854 AND 7889954
	Index Only Scan using k_8 on sbtest8  (cost=0.43..10.33 rows=95 width=4)
	  Index Cond: ((k >= 7889854) AND (k <= 7889954))

explain: for range-covered :: explain SELECT k FROM sbtest%d WHERE k BETWEEN 7442424 AND 7442524
for range-covered
table 1 : explain SELECT k FROM sbtest1 WHERE k BETWEEN 1395895 AND 1395995
	Index Only Scan using k_1 on sbtest1  (cost=0.43..10.51 rows=104 width=4)
	  Index Cond: ((k >= 1395895) AND (k <= 1395995))

table 2 : explain SELECT k FROM sbtest2 WHERE k BETWEEN 1395895 AND 1395995
	Index Only Scan using k_2 on sbtest2  (cost=0.43..10.65 rows=111 width=4)
	  Index Cond: ((k >= 1395895) AND (k <= 1395995))

table 3 : explain SELECT k FROM sbtest3 WHERE k BETWEEN 1395895 AND 1395995
	Index Only Scan using k_3 on sbtest3  (cost=0.43..10.36 rows=96 width=4)
	  Index Cond: ((k >= 1395895) AND (k <= 1395995))

table 4 : explain SELECT k FROM sbtest4 WHERE k BETWEEN 1395895 AND 1395995
	Index Only Scan using k_4 on sbtest4  (cost=0.43..10.51 rows=104 width=4)
	  Index Cond: ((k >= 1395895) AND (k <= 1395995))

table 5 : explain SELECT k FROM sbtest5 WHERE k BETWEEN 1395895 AND 1395995
	Index Only Scan using k_5 on sbtest5  (cost=0.43..10.33 rows=95 width=4)
	  Index Cond: ((k >= 1395895) AND (k <= 1395995))

table 6 : explain SELECT k FROM sbtest6 WHERE k BETWEEN 1395895 AND 1395995
	Index Only Scan using k_6 on sbtest6  (cost=0.43..10.46 rows=101 width=4)
	  Index Cond: ((k >= 1395895) AND (k <= 1395995))

table 7 : explain SELECT k FROM sbtest7 WHERE k BETWEEN 1395895 AND 1395995
	Index Only Scan using k_7 on sbtest7  (cost=0.43..10.32 rows=94 width=4)
	  Index Cond: ((k >= 1395895) AND (k <= 1395995))

table 8 : explain SELECT k FROM sbtest8 WHERE k BETWEEN 1395895 AND 1395995
	Index Only Scan using k_8 on sbtest8  (cost=0.43..10.38 rows=97 width=4)
	  Index Cond: ((k >= 1395895) AND (k <= 1395995))

explain: for range-covered :: explain SELECT k FROM sbtest%d WHERE k BETWEEN 1395895 AND 1395995
for range-covered
table 1 : explain SELECT k FROM sbtest1 WHERE k BETWEEN 2189601 AND 2189701
	Index Only Scan using k_1 on sbtest1  (cost=0.43..10.44 rows=100 width=4)
	  Index Cond: ((k >= 2189601) AND (k <= 2189701))

table 2 : explain SELECT k FROM sbtest2 WHERE k BETWEEN 2189601 AND 2189701
	Index Only Scan using k_2 on sbtest2  (cost=0.43..10.44 rows=100 width=4)
	  Index Cond: ((k >= 2189601) AND (k <= 2189701))

table 3 : explain SELECT k FROM sbtest3 WHERE k BETWEEN 2189601 AND 2189701
	Index Only Scan using k_3 on sbtest3  (cost=0.43..10.56 rows=106 width=4)
	  Index Cond: ((k >= 2189601) AND (k <= 2189701))

table 4 : explain SELECT k FROM sbtest4 WHERE k BETWEEN 2189601 AND 2189701
	Index Only Scan using k_4 on sbtest4  (cost=0.43..10.40 rows=98 width=4)
	  Index Cond: ((k >= 2189601) AND (k <= 2189701))

table 5 : explain SELECT k FROM sbtest5 WHERE k BETWEEN 2189601 AND 2189701
	Index Only Scan using k_5 on sbtest5  (cost=0.43..10.51 rows=104 width=4)
	  Index Cond: ((k >= 2189601) AND (k <= 2189701))

table 6 : explain SELECT k FROM sbtest6 WHERE k BETWEEN 2189601 AND 2189701
	Index Only Scan using k_6 on sbtest6  (cost=0.43..10.36 rows=96 width=4)
	  Index Cond: ((k >= 2189601) AND (k <= 2189701))

table 7 : explain SELECT k FROM sbtest7 WHERE k BETWEEN 2189601 AND 2189701
	Index Only Scan using k_7 on sbtest7  (cost=0.43..10.38 rows=97 width=4)
	  Index Cond: ((k >= 2189601) AND (k <= 2189701))

table 8 : explain SELECT k FROM sbtest8 WHERE k BETWEEN 2189601 AND 2189701
	Index Only Scan using k_8 on sbtest8  (cost=0.43..10.50 rows=103 width=4)
	  Index Cond: ((k >= 2189601) AND (k <= 2189701))

for range-covered
table 1 : explain SELECT k FROM sbtest1 WHERE k BETWEEN 4644317 AND 4644417
	Index Only Scan using k_1 on sbtest1  (cost=0.43..10.56 rows=106 width=4)
	  Index Cond: ((k >= 4644317) AND (k <= 4644417))

table 2 : explain SELECT k FROM sbtest2 WHERE k BETWEEN 4644317 AND 4644417
	Index Only Scan using k_2 on sbtest2  (cost=0.43..10.44 rows=100 width=4)
	  Index Cond: ((k >= 4644317) AND (k <= 4644417))

table 3 : explain SELECT k FROM sbtest3 WHERE k BETWEEN 4644317 AND 4644417
	Index Only Scan using k_3 on sbtest3  (cost=0.43..10.70 rows=113 width=4)
	  Index Cond: ((k >= 4644317) AND (k <= 4644417))

table 4 : explain SELECT k FROM sbtest4 WHERE k BETWEEN 4644317 AND 4644417
	Index Only Scan using k_4 on sbtest4  (cost=0.43..10.60 rows=108 width=4)
	  Index Cond: ((k >= 4644317) AND (k <= 4644417))

table 5 : explain SELECT k FROM sbtest5 WHERE k BETWEEN 4644317 AND 4644417
	Index Only Scan using k_5 on sbtest5  (cost=0.43..10.51 rows=104 width=4)
	  Index Cond: ((k >= 4644317) AND (k <= 4644417))

table 6 : explain SELECT k FROM sbtest6 WHERE k BETWEEN 4644317 AND 4644417
	Index Only Scan using k_6 on sbtest6  (cost=0.43..10.74 rows=115 width=4)
	  Index Cond: ((k >= 4644317) AND (k <= 4644417))

table 7 : explain SELECT k FROM sbtest7 WHERE k BETWEEN 4644317 AND 4644417
	Index Only Scan using k_7 on sbtest7  (cost=0.43..10.58 rows=107 width=4)
	  Index Cond: ((k >= 4644317) AND (k <= 4644417))

table 8 : explain SELECT k FROM sbtest8 WHERE k BETWEEN 4644317 AND 4644417
	Index Only Scan using k_8 on sbtest8  (cost=0.43..10.76 rows=116 width=4)
	  Index Cond: ((k >= 4644317) AND (k <= 4644417))

for range-covered
table 1 : explain SELECT k FROM sbtest1 WHERE k BETWEEN 7426770 AND 7426870
	Index Only Scan using k_1 on sbtest1  (cost=0.43..10.33 rows=95 width=4)
	  Index Cond: ((k >= 7426770) AND (k <= 7426870))

table 2 : explain SELECT k FROM sbtest2 WHERE k BETWEEN 7426770 AND 7426870
	Index Only Scan using k_2 on sbtest2  (cost=0.43..10.36 rows=96 width=4)
	  Index Cond: ((k >= 7426770) AND (k <= 7426870))

table 3 : explain SELECT k FROM sbtest3 WHERE k BETWEEN 7426770 AND 7426870
	Index Only Scan using k_3 on sbtest3  (cost=0.43..10.63 rows=110 width=4)
	  Index Cond: ((k >= 7426770) AND (k <= 7426870))

table 4 : explain SELECT k FROM sbtest4 WHERE k BETWEEN 7426770 AND 7426870
	Index Only Scan using k_4 on sbtest4  (cost=0.43..10.58 rows=107 width=4)
	  Index Cond: ((k >= 7426770) AND (k <= 7426870))

table 5 : explain SELECT k FROM sbtest5 WHERE k BETWEEN 7426770 AND 7426870
	Index Only Scan using k_5 on sbtest5  (cost=0.43..10.56 rows=106 width=4)
	  Index Cond: ((k >= 7426770) AND (k <= 7426870))

table 6 : explain SELECT k FROM sbtest6 WHERE k BETWEEN 7426770 AND 7426870
	Index Only Scan using k_6 on sbtest6  (cost=0.43..10.47 rows=102 width=4)
	  Index Cond: ((k >= 7426770) AND (k <= 7426870))

table 7 : explain SELECT k FROM sbtest7 WHERE k BETWEEN 7426770 AND 7426870
	Index Only Scan using k_7 on sbtest7  (cost=0.43..10.40 rows=98 width=4)
	  Index Cond: ((k >= 7426770) AND (k <= 7426870))

table 8 : explain SELECT k FROM sbtest8 WHERE k BETWEEN 7426770 AND 7426870
	Index Only Scan using k_8 on sbtest8  (cost=0.43..10.51 rows=104 width=4)
	  Index Cond: ((k >= 7426770) AND (k <= 7426870))

for range-covered
table 1 : explain SELECT k FROM sbtest1 WHERE k BETWEEN 6204236 AND 6204336
	Index Only Scan using k_1 on sbtest1  (cost=0.43..10.44 rows=100 width=4)
	  Index Cond: ((k >= 6204236) AND (k <= 6204336))

table 2 : explain SELECT k FROM sbtest2 WHERE k BETWEEN 6204236 AND 6204336
	Index Only Scan using k_2 on sbtest2  (cost=0.43..10.58 rows=107 width=4)
	  Index Cond: ((k >= 6204236) AND (k <= 6204336))

table 3 : explain SELECT k FROM sbtest3 WHERE k BETWEEN 6204236 AND 6204336
	Index Only Scan using k_3 on sbtest3  (cost=0.43..10.36 rows=96 width=4)
	  Index Cond: ((k >= 6204236) AND (k <= 6204336))

table 4 : explain SELECT k FROM sbtest4 WHERE k BETWEEN 6204236 AND 6204336
	Index Only Scan using k_4 on sbtest4  (cost=0.43..10.63 rows=110 width=4)
	  Index Cond: ((k >= 6204236) AND (k <= 6204336))

table 5 : explain SELECT k FROM sbtest5 WHERE k BETWEEN 6204236 AND 6204336
	Index Only Scan using k_5 on sbtest5  (cost=0.43..10.47 rows=102 width=4)
	  Index Cond: ((k >= 6204236) AND (k <= 6204336))

table 6 : explain SELECT k FROM sbtest6 WHERE k BETWEEN 6204236 AND 6204336
	Index Only Scan using k_6 on sbtest6  (cost=0.43..10.47 rows=102 width=4)
	  Index Cond: ((k >= 6204236) AND (k <= 6204336))

table 7 : explain SELECT k FROM sbtest7 WHERE k BETWEEN 6204236 AND 6204336
	Index Only Scan using k_7 on sbtest7  (cost=0.43..10.32 rows=94 width=4)
	  Index Cond: ((k >= 6204236) AND (k <= 6204336))

table 8 : explain SELECT k FROM sbtest8 WHERE k BETWEEN 6204236 AND 6204336
	Index Only Scan using k_8 on sbtest8  (cost=0.43..10.47 rows=102 width=4)
	  Index Cond: ((k >= 6204236) AND (k <= 6204336))

explain: for range-covered :: explain SELECT k FROM sbtest%d WHERE k BETWEEN 7426770 AND 7426870
for range-covered
table 1 : explain SELECT k FROM sbtest1 WHERE k BETWEEN 7442424 AND 7442524
	Index Only Scan using k_1 on sbtest1  (cost=0.43..10.33 rows=95 width=4)
	  Index Cond: ((k >= 7442424) AND (k <= 7442524))

table 2 : explain SELECT k FROM sbtest2 WHERE k BETWEEN 7442424 AND 7442524
	Index Only Scan using k_2 on sbtest2  (cost=0.43..10.36 rows=96 width=4)
	  Index Cond: ((k >= 7442424) AND (k <= 7442524))

table 3 : explain SELECT k FROM sbtest3 WHERE k BETWEEN 7442424 AND 7442524
	Index Only Scan using k_3 on sbtest3  (cost=0.43..10.63 rows=110 width=4)
	  Index Cond: ((k >= 7442424) AND (k <= 7442524))

table 4 : explain SELECT k FROM sbtest4 WHERE k BETWEEN 7442424 AND 7442524
	Index Only Scan using k_4 on sbtest4  (cost=0.43..10.58 rows=107 width=4)
	  Index Cond: ((k >= 7442424) AND (k <= 7442524))

table 5 : explain SELECT k FROM sbtest5 WHERE k BETWEEN 7442424 AND 7442524
	Index Only Scan using k_5 on sbtest5  (cost=0.43..10.56 rows=106 width=4)
	  Index Cond: ((k >= 7442424) AND (k <= 7442524))

table 6 : explain SELECT k FROM sbtest6 WHERE k BETWEEN 7442424 AND 7442524
	Index Only Scan using k_6 on sbtest6  (cost=0.43..10.47 rows=102 width=4)
	  Index Cond: ((k >= 7442424) AND (k <= 7442524))

table 7 : explain SELECT k FROM sbtest7 WHERE k BETWEEN 7442424 AND 7442524
	Index Only Scan using k_7 on sbtest7  (cost=0.43..10.76 rows=116 width=4)
	  Index Cond: ((k >= 7442424) AND (k <= 7442524))

table 8 : explain SELECT k FROM sbtest8 WHERE k BETWEEN 7442424 AND 7442524
	Index Only Scan using k_8 on sbtest8  (cost=0.43..10.51 rows=104 width=4)
	  Index Cond: ((k >= 7442424) AND (k <= 7442524))

explain: for range-covered :: explain SELECT k FROM sbtest%d WHERE k BETWEEN 7442424 AND 7442524
for range-covered
table 1 : explain SELECT k FROM sbtest1 WHERE k BETWEEN 1395895 AND 1395995
	Index Only Scan using k_1 on sbtest1  (cost=0.43..10.51 rows=104 width=4)
	  Index Cond: ((k >= 1395895) AND (k <= 1395995))

table 2 : explain SELECT k FROM sbtest2 WHERE k BETWEEN 1395895 AND 1395995
	Index Only Scan using k_2 on sbtest2  (cost=0.43..10.65 rows=111 width=4)
	  Index Cond: ((k >= 1395895) AND (k <= 1395995))

table 3 : explain SELECT k FROM sbtest3 WHERE k BETWEEN 1395895 AND 1395995
	Index Only Scan using k_3 on sbtest3  (cost=0.43..10.36 rows=96 width=4)
	  Index Cond: ((k >= 1395895) AND (k <= 1395995))

table 4 : explain SELECT k FROM sbtest4 WHERE k BETWEEN 1395895 AND 1395995
	Index Only Scan using k_4 on sbtest4  (cost=0.43..10.51 rows=104 width=4)
	  Index Cond: ((k >= 1395895) AND (k <= 1395995))

table 5 : explain SELECT k FROM sbtest5 WHERE k BETWEEN 1395895 AND 1395995
	Index Only Scan using k_5 on sbtest5  (cost=0.43..10.33 rows=95 width=4)
	  Index Cond: ((k >= 1395895) AND (k <= 1395995))

table 6 : explain SELECT k FROM sbtest6 WHERE k BETWEEN 1395895 AND 1395995
	Index Only Scan using k_6 on sbtest6  (cost=0.43..10.46 rows=101 width=4)
	  Index Cond: ((k >= 1395895) AND (k <= 1395995))

table 7 : explain SELECT k FROM sbtest7 WHERE k BETWEEN 1395895 AND 1395995
	Index Only Scan using k_7 on sbtest7  (cost=0.43..10.32 rows=94 width=4)
	  Index Cond: ((k >= 1395895) AND (k <= 1395995))

table 8 : explain SELECT k FROM sbtest8 WHERE k BETWEEN 1395895 AND 1395995
	Index Only Scan using k_8 on sbtest8  (cost=0.43..10.38 rows=97 width=4)
	  Index Cond: ((k >= 1395895) AND (k <= 1395995))

for range-covered
table 1 : explain SELECT k FROM sbtest1 WHERE k BETWEEN 5924019 AND 5924119
	Index Only Scan using k_1 on sbtest1  (cost=0.43..10.60 rows=108 width=4)
	  Index Cond: ((k >= 5924019) AND (k <= 5924119))

table 2 : explain SELECT k FROM sbtest2 WHERE k BETWEEN 5924019 AND 5924119
	Index Only Scan using k_2 on sbtest2  (cost=0.43..10.40 rows=98 width=4)
	  Index Cond: ((k >= 5924019) AND (k <= 5924119))

table 3 : explain SELECT k FROM sbtest3 WHERE k BETWEEN 5924019 AND 5924119
	Index Only Scan using k_3 on sbtest3  (cost=0.43..10.44 rows=100 width=4)
	  Index Cond: ((k >= 5924019) AND (k <= 5924119))

table 4 : explain SELECT k FROM sbtest4 WHERE k BETWEEN 5924019 AND 5924119
	Index Only Scan using k_4 on sbtest4  (cost=0.43..10.47 rows=102 width=4)
	  Index Cond: ((k >= 5924019) AND (k <= 5924119))

table 5 : explain SELECT k FROM sbtest5 WHERE k BETWEEN 5924019 AND 5924119
	Index Only Scan using k_5 on sbtest5  (cost=0.43..10.33 rows=95 width=4)
	  Index Cond: ((k >= 5924019) AND (k <= 5924119))

table 6 : explain SELECT k FROM sbtest6 WHERE k BETWEEN 5924019 AND 5924119
	Index Only Scan using k_6 on sbtest6  (cost=0.43..10.29 rows=93 width=4)
	  Index Cond: ((k >= 5924019) AND (k <= 5924119))

table 7 : explain SELECT k FROM sbtest7 WHERE k BETWEEN 5924019 AND 5924119
	Index Only Scan using k_7 on sbtest7  (cost=0.43..10.38 rows=97 width=4)
	  Index Cond: ((k >= 5924019) AND (k <= 5924119))

table 8 : explain SELECT k FROM sbtest8 WHERE k BETWEEN 5924019 AND 5924119
	Index Only Scan using k_8 on sbtest8  (cost=0.43..10.44 rows=100 width=4)
	  Index Cond: ((k >= 5924019) AND (k <= 5924119))

explain: for range-covered :: explain SELECT k FROM sbtest%d WHERE k BETWEEN 2115941 AND 2116041
explain: for range-covered :: explain SELECT k FROM sbtest%d WHERE k BETWEEN 1395895 AND 1395995
explain: for range-covered :: explain SELECT k FROM sbtest%d WHERE k BETWEEN 5924019 AND 5924119
explain: for range-covered :: explain SELECT k FROM sbtest%d WHERE k BETWEEN 3102348 AND 3102448
for range-covered
table 1 : explain SELECT k FROM sbtest1 WHERE k BETWEEN 7426770 AND 7426870
	Index Only Scan using k_1 on sbtest1  (cost=0.43..10.33 rows=95 width=4)
	  Index Cond: ((k >= 7426770) AND (k <= 7426870))

table 2 : explain SELECT k FROM sbtest2 WHERE k BETWEEN 7426770 AND 7426870
	Index Only Scan using k_2 on sbtest2  (cost=0.43..10.36 rows=96 width=4)
	  Index Cond: ((k >= 7426770) AND (k <= 7426870))

table 3 : explain SELECT k FROM sbtest3 WHERE k BETWEEN 7426770 AND 7426870
	Index Only Scan using k_3 on sbtest3  (cost=0.43..10.63 rows=110 width=4)
	  Index Cond: ((k >= 7426770) AND (k <= 7426870))

table 4 : explain SELECT k FROM sbtest4 WHERE k BETWEEN 7426770 AND 7426870
	Index Only Scan using k_4 on sbtest4  (cost=0.43..10.58 rows=107 width=4)
	  Index Cond: ((k >= 7426770) AND (k <= 7426870))

table 5 : explain SELECT k FROM sbtest5 WHERE k BETWEEN 7426770 AND 7426870
	Index Only Scan using k_5 on sbtest5  (cost=0.43..10.56 rows=106 width=4)
	  Index Cond: ((k >= 7426770) AND (k <= 7426870))

table 6 : explain SELECT k FROM sbtest6 WHERE k BETWEEN 7426770 AND 7426870
	Index Only Scan using k_6 on sbtest6  (cost=0.43..10.47 rows=102 width=4)
	  Index Cond: ((k >= 7426770) AND (k <= 7426870))

table 7 : explain SELECT k FROM sbtest7 WHERE k BETWEEN 7426770 AND 7426870
	Index Only Scan using k_7 on sbtest7  (cost=0.43..10.40 rows=98 width=4)
	  Index Cond: ((k >= 7426770) AND (k <= 7426870))

table 8 : explain SELECT k FROM sbtest8 WHERE k BETWEEN 7426770 AND 7426870
	Index Only Scan using k_8 on sbtest8  (cost=0.43..10.51 rows=104 width=4)
	  Index Cond: ((k >= 7426770) AND (k <= 7426870))

for range-covered
table 1 : explain SELECT k FROM sbtest1 WHERE k BETWEEN 7442424 AND 7442524
	Index Only Scan using k_1 on sbtest1  (cost=0.43..10.33 rows=95 width=4)
	  Index Cond: ((k >= 7442424) AND (k <= 7442524))

table 2 : explain SELECT k FROM sbtest2 WHERE k BETWEEN 7442424 AND 7442524
	Index Only Scan using k_2 on sbtest2  (cost=0.43..10.36 rows=96 width=4)
	  Index Cond: ((k >= 7442424) AND (k <= 7442524))

table 3 : explain SELECT k FROM sbtest3 WHERE k BETWEEN 7442424 AND 7442524
	Index Only Scan using k_3 on sbtest3  (cost=0.43..10.63 rows=110 width=4)
	  Index Cond: ((k >= 7442424) AND (k <= 7442524))

table 4 : explain SELECT k FROM sbtest4 WHERE k BETWEEN 7442424 AND 7442524
	Index Only Scan using k_4 on sbtest4  (cost=0.43..10.58 rows=107 width=4)
	  Index Cond: ((k >= 7442424) AND (k <= 7442524))

table 5 : explain SELECT k FROM sbtest5 WHERE k BETWEEN 7442424 AND 7442524
	Index Only Scan using k_5 on sbtest5  (cost=0.43..10.56 rows=106 width=4)
	  Index Cond: ((k >= 7442424) AND (k <= 7442524))

table 6 : explain SELECT k FROM sbtest6 WHERE k BETWEEN 7442424 AND 7442524
	Index Only Scan using k_6 on sbtest6  (cost=0.43..10.47 rows=102 width=4)
	  Index Cond: ((k >= 7442424) AND (k <= 7442524))

table 7 : explain SELECT k FROM sbtest7 WHERE k BETWEEN 7442424 AND 7442524
	Index Only Scan using k_7 on sbtest7  (cost=0.43..10.76 rows=116 width=4)
	  Index Cond: ((k >= 7442424) AND (k <= 7442524))

table 8 : explain SELECT k FROM sbtest8 WHERE k BETWEEN 7442424 AND 7442524
	Index Only Scan using k_8 on sbtest8  (cost=0.43..10.51 rows=104 width=4)
	  Index Cond: ((k >= 7442424) AND (k <= 7442524))

explain: for range-covered :: explain SELECT k FROM sbtest%d WHERE k BETWEEN 7426770 AND 7426870
explain: for range-covered :: explain SELECT k FROM sbtest%d WHERE k BETWEEN 7442424 AND 7442524
for range-covered
table 1 : explain SELECT k FROM sbtest1 WHERE k BETWEEN 1395895 AND 1395995
	Index Only Scan using k_1 on sbtest1  (cost=0.43..10.51 rows=104 width=4)
	  Index Cond: ((k >= 1395895) AND (k <= 1395995))

table 2 : explain SELECT k FROM sbtest2 WHERE k BETWEEN 1395895 AND 1395995
	Index Only Scan using k_2 on sbtest2  (cost=0.43..10.65 rows=111 width=4)
	  Index Cond: ((k >= 1395895) AND (k <= 1395995))

table 3 : explain SELECT k FROM sbtest3 WHERE k BETWEEN 1395895 AND 1395995
	Index Only Scan using k_3 on sbtest3  (cost=0.43..10.36 rows=96 width=4)
	  Index Cond: ((k >= 1395895) AND (k <= 1395995))

table 4 : explain SELECT k FROM sbtest4 WHERE k BETWEEN 1395895 AND 1395995
	Index Only Scan using k_4 on sbtest4  (cost=0.43..10.51 rows=104 width=4)
	  Index Cond: ((k >= 1395895) AND (k <= 1395995))

table 5 : explain SELECT k FROM sbtest5 WHERE k BETWEEN 1395895 AND 1395995
	Index Only Scan using k_5 on sbtest5  (cost=0.43..10.33 rows=95 width=4)
	  Index Cond: ((k >= 1395895) AND (k <= 1395995))

table 6 : explain SELECT k FROM sbtest6 WHERE k BETWEEN 1395895 AND 1395995
	Index Only Scan using k_6 on sbtest6  (cost=0.43..10.46 rows=101 width=4)
	  Index Cond: ((k >= 1395895) AND (k <= 1395995))

table 7 : explain SELECT k FROM sbtest7 WHERE k BETWEEN 1395895 AND 1395995
	Index Only Scan using k_7 on sbtest7  (cost=0.43..10.32 rows=94 width=4)
	  Index Cond: ((k >= 1395895) AND (k <= 1395995))

table 8 : explain SELECT k FROM sbtest8 WHERE k BETWEEN 1395895 AND 1395995
	Index Only Scan using k_8 on sbtest8  (cost=0.43..10.38 rows=97 width=4)
	  Index Cond: ((k >= 1395895) AND (k <= 1395995))

explain: for range-covered :: explain SELECT k FROM sbtest%d WHERE k BETWEEN 1395895 AND 1395995
explain: for range-covered :: explain SELECT k FROM sbtest%d WHERE k BETWEEN 3754099 AND 3754199
explain: for range-covered :: explain SELECT k FROM sbtest%d WHERE k BETWEEN 2189601 AND 2189701
for range-covered
table 1 : explain SELECT k FROM sbtest1 WHERE k BETWEEN 7724753 AND 7724853
	Index Only Scan using k_1 on sbtest1  (cost=0.43..10.58 rows=107 width=4)
	  Index Cond: ((k >= 7724753) AND (k <= 7724853))

table 2 : explain SELECT k FROM sbtest2 WHERE k BETWEEN 7724753 AND 7724853
	Index Only Scan using k_2 on sbtest2  (cost=0.43..10.46 rows=101 width=4)
	  Index Cond: ((k >= 7724753) AND (k <= 7724853))

table 3 : explain SELECT k FROM sbtest3 WHERE k BETWEEN 7724753 AND 7724853
	Index Only Scan using k_3 on sbtest3  (cost=0.43..10.54 rows=105 width=4)
	  Index Cond: ((k >= 7724753) AND (k <= 7724853))

table 4 : explain SELECT k FROM sbtest4 WHERE k BETWEEN 7724753 AND 7724853
	Index Only Scan using k_4 on sbtest4  (cost=0.43..10.60 rows=108 width=4)
	  Index Cond: ((k >= 7724753) AND (k <= 7724853))

table 5 : explain SELECT k FROM sbtest5 WHERE k BETWEEN 7724753 AND 7724853
	Index Only Scan using k_5 on sbtest5  (cost=0.43..10.50 rows=103 width=4)
	  Index Cond: ((k >= 7724753) AND (k <= 7724853))

table 6 : explain SELECT k FROM sbtest6 WHERE k BETWEEN 7724753 AND 7724853
	Index Only Scan using k_6 on sbtest6  (cost=0.43..10.81 rows=119 width=4)
	  Index Cond: ((k >= 7724753) AND (k <= 7724853))

table 7 : explain SELECT k FROM sbtest7 WHERE k BETWEEN 7724753 AND 7724853
	Index Only Scan using k_7 on sbtest7  (cost=0.43..10.47 rows=102 width=4)
	  Index Cond: ((k >= 7724753) AND (k <= 7724853))

table 8 : explain SELECT k FROM sbtest8 WHERE k BETWEEN 7724753 AND 7724853
	Index Only Scan using k_8 on sbtest8  (cost=0.43..10.46 rows=101 width=4)
	  Index Cond: ((k >= 7724753) AND (k <= 7724853))

for range-covered
table 1 : explain SELECT k FROM sbtest1 WHERE k BETWEEN 7442424 AND 7442524
	Index Only Scan using k_1 on sbtest1  (cost=0.43..10.33 rows=95 width=4)
	  Index Cond: ((k >= 7442424) AND (k <= 7442524))

table 2 : explain SELECT k FROM sbtest2 WHERE k BETWEEN 7442424 AND 7442524
	Index Only Scan using k_2 on sbtest2  (cost=0.43..10.36 rows=96 width=4)
	  Index Cond: ((k >= 7442424) AND (k <= 7442524))

table 3 : explain SELECT k FROM sbtest3 WHERE k BETWEEN 7442424 AND 7442524
	Index Only Scan using k_3 on sbtest3  (cost=0.43..10.63 rows=110 width=4)
	  Index Cond: ((k >= 7442424) AND (k <= 7442524))

table 4 : explain SELECT k FROM sbtest4 WHERE k BETWEEN 7442424 AND 7442524
	Index Only Scan using k_4 on sbtest4  (cost=0.43..10.58 rows=107 width=4)
	  Index Cond: ((k >= 7442424) AND (k <= 7442524))

table 5 : explain SELECT k FROM sbtest5 WHERE k BETWEEN 7442424 AND 7442524
	Index Only Scan using k_5 on sbtest5  (cost=0.43..10.56 rows=106 width=4)
	  Index Cond: ((k >= 7442424) AND (k <= 7442524))

table 6 : explain SELECT k FROM sbtest6 WHERE k BETWEEN 7442424 AND 7442524
	Index Only Scan using k_6 on sbtest6  (cost=0.43..10.47 rows=102 width=4)
	  Index Cond: ((k >= 7442424) AND (k <= 7442524))

table 7 : explain SELECT k FROM sbtest7 WHERE k BETWEEN 7442424 AND 7442524
	Index Only Scan using k_7 on sbtest7  (cost=0.43..10.76 rows=116 width=4)
	  Index Cond: ((k >= 7442424) AND (k <= 7442524))

table 8 : explain SELECT k FROM sbtest8 WHERE k BETWEEN 7442424 AND 7442524
	Index Only Scan using k_8 on sbtest8  (cost=0.43..10.51 rows=104 width=4)
	  Index Cond: ((k >= 7442424) AND (k <= 7442524))

for range-covered
table 1 : explain SELECT k FROM sbtest1 WHERE k BETWEEN 7426770 AND 7426870
	Index Only Scan using k_1 on sbtest1  (cost=0.43..10.33 rows=95 width=4)
	  Index Cond: ((k >= 7426770) AND (k <= 7426870))

table 2 : explain SELECT k FROM sbtest2 WHERE k BETWEEN 7426770 AND 7426870
	Index Only Scan using k_2 on sbtest2  (cost=0.43..10.36 rows=96 width=4)
	  Index Cond: ((k >= 7426770) AND (k <= 7426870))

table 3 : explain SELECT k FROM sbtest3 WHERE k BETWEEN 7426770 AND 7426870
	Index Only Scan using k_3 on sbtest3  (cost=0.43..10.63 rows=110 width=4)
	  Index Cond: ((k >= 7426770) AND (k <= 7426870))

table 4 : explain SELECT k FROM sbtest4 WHERE k BETWEEN 7426770 AND 7426870
	Index Only Scan using k_4 on sbtest4  (cost=0.43..10.58 rows=107 width=4)
	  Index Cond: ((k >= 7426770) AND (k <= 7426870))

table 5 : explain SELECT k FROM sbtest5 WHERE k BETWEEN 7426770 AND 7426870
	Index Only Scan using k_5 on sbtest5  (cost=0.43..10.56 rows=106 width=4)
	  Index Cond: ((k >= 7426770) AND (k <= 7426870))

table 6 : explain SELECT k FROM sbtest6 WHERE k BETWEEN 7426770 AND 7426870
	Index Only Scan using k_6 on sbtest6  (cost=0.43..10.47 rows=102 width=4)
	  Index Cond: ((k >= 7426770) AND (k <= 7426870))

table 7 : explain SELECT k FROM sbtest7 WHERE k BETWEEN 7426770 AND 7426870
	Index Only Scan using k_7 on sbtest7  (cost=0.43..10.40 rows=98 width=4)
	  Index Cond: ((k >= 7426770) AND (k <= 7426870))

table 8 : explain SELECT k FROM sbtest8 WHERE k BETWEEN 7426770 AND 7426870
	Index Only Scan using k_8 on sbtest8  (cost=0.43..10.51 rows=104 width=4)
	  Index Cond: ((k >= 7426770) AND (k <= 7426870))

for range-covered
table 1 : explain SELECT k FROM sbtest1 WHERE k BETWEEN 5924019 AND 5924119
	Index Only Scan using k_1 on sbtest1  (cost=0.43..10.60 rows=108 width=4)
	  Index Cond: ((k >= 5924019) AND (k <= 5924119))

table 2 : explain SELECT k FROM sbtest2 WHERE k BETWEEN 5924019 AND 5924119
	Index Only Scan using k_2 on sbtest2  (cost=0.43..10.40 rows=98 width=4)
	  Index Cond: ((k >= 5924019) AND (k <= 5924119))

table 3 : explain SELECT k FROM sbtest3 WHERE k BETWEEN 5924019 AND 5924119
	Index Only Scan using k_3 on sbtest3  (cost=0.43..10.44 rows=100 width=4)
	  Index Cond: ((k >= 5924019) AND (k <= 5924119))

table 4 : explain SELECT k FROM sbtest4 WHERE k BETWEEN 5924019 AND 5924119
	Index Only Scan using k_4 on sbtest4  (cost=0.43..10.47 rows=102 width=4)
	  Index Cond: ((k >= 5924019) AND (k <= 5924119))

table 5 : explain SELECT k FROM sbtest5 WHERE k BETWEEN 5924019 AND 5924119
	Index Only Scan using k_5 on sbtest5  (cost=0.43..10.33 rows=95 width=4)
	  Index Cond: ((k >= 5924019) AND (k <= 5924119))

table 6 : explain SELECT k FROM sbtest6 WHERE k BETWEEN 5924019 AND 5924119
	Index Only Scan using k_6 on sbtest6  (cost=0.43..10.29 rows=93 width=4)
	  Index Cond: ((k >= 5924019) AND (k <= 5924119))

table 7 : explain SELECT k FROM sbtest7 WHERE k BETWEEN 5924019 AND 5924119
	Index Only Scan using k_7 on sbtest7  (cost=0.43..10.38 rows=97 width=4)
	  Index Cond: ((k >= 5924019) AND (k <= 5924119))

table 8 : explain SELECT k FROM sbtest8 WHERE k BETWEEN 5924019 AND 5924119
	Index Only Scan using k_8 on sbtest8  (cost=0.43..10.44 rows=100 width=4)
	  Index Cond: ((k >= 5924019) AND (k <= 5924119))

explain: for range-covered :: explain SELECT k FROM sbtest%d WHERE k BETWEEN 7442424 AND 7442524
explain: for range-covered :: explain SELECT k FROM sbtest%d WHERE k BETWEEN 7426770 AND 7426870
for range-covered
table 1 : explain SELECT k FROM sbtest1 WHERE k BETWEEN 1395895 AND 1395995
	Index Only Scan using k_1 on sbtest1  (cost=0.43..10.51 rows=104 width=4)
	  Index Cond: ((k >= 1395895) AND (k <= 1395995))

table 2 : explain SELECT k FROM sbtest2 WHERE k BETWEEN 1395895 AND 1395995
	Index Only Scan using k_2 on sbtest2  (cost=0.43..10.65 rows=111 width=4)
	  Index Cond: ((k >= 1395895) AND (k <= 1395995))

table 3 : explain SELECT k FROM sbtest3 WHERE k BETWEEN 1395895 AND 1395995
	Index Only Scan using k_3 on sbtest3  (cost=0.43..10.36 rows=96 width=4)
	  Index Cond: ((k >= 1395895) AND (k <= 1395995))

table 4 : explain SELECT k FROM sbtest4 WHERE k BETWEEN 1395895 AND 1395995
	Index Only Scan using k_4 on sbtest4  (cost=0.43..10.51 rows=104 width=4)
	  Index Cond: ((k >= 1395895) AND (k <= 1395995))

table 5 : explain SELECT k FROM sbtest5 WHERE k BETWEEN 1395895 AND 1395995
	Index Only Scan using k_5 on sbtest5  (cost=0.43..10.33 rows=95 width=4)
	  Index Cond: ((k >= 1395895) AND (k <= 1395995))

table 6 : explain SELECT k FROM sbtest6 WHERE k BETWEEN 1395895 AND 1395995
	Index Only Scan using k_6 on sbtest6  (cost=0.43..10.46 rows=101 width=4)
	  Index Cond: ((k >= 1395895) AND (k <= 1395995))

table 7 : explain SELECT k FROM sbtest7 WHERE k BETWEEN 1395895 AND 1395995
	Index Only Scan using k_7 on sbtest7  (cost=0.43..10.32 rows=94 width=4)
	  Index Cond: ((k >= 1395895) AND (k <= 1395995))

table 8 : explain SELECT k FROM sbtest8 WHERE k BETWEEN 1395895 AND 1395995
	Index Only Scan using k_8 on sbtest8  (cost=0.43..10.38 rows=97 width=4)
	  Index Cond: ((k >= 1395895) AND (k <= 1395995))

explain: for range-covered :: explain SELECT k FROM sbtest%d WHERE k BETWEEN 1395895 AND 1395995
for range-covered
table 1 : explain SELECT k FROM sbtest1 WHERE k BETWEEN 2189601 AND 2189701
	Index Only Scan using k_1 on sbtest1  (cost=0.43..10.44 rows=100 width=4)
	  Index Cond: ((k >= 2189601) AND (k <= 2189701))

table 2 : explain SELECT k FROM sbtest2 WHERE k BETWEEN 2189601 AND 2189701
	Index Only Scan using k_2 on sbtest2  (cost=0.43..10.44 rows=100 width=4)
	  Index Cond: ((k >= 2189601) AND (k <= 2189701))

table 3 : explain SELECT k FROM sbtest3 WHERE k BETWEEN 2189601 AND 2189701
	Index Only Scan using k_3 on sbtest3  (cost=0.43..10.56 rows=106 width=4)
	  Index Cond: ((k >= 2189601) AND (k <= 2189701))

table 4 : explain SELECT k FROM sbtest4 WHERE k BETWEEN 2189601 AND 2189701
	Index Only Scan using k_4 on sbtest4  (cost=0.43..10.40 rows=98 width=4)
	  Index Cond: ((k >= 2189601) AND (k <= 2189701))

table 5 : explain SELECT k FROM sbtest5 WHERE k BETWEEN 2189601 AND 2189701
	Index Only Scan using k_5 on sbtest5  (cost=0.43..10.51 rows=104 width=4)
	  Index Cond: ((k >= 2189601) AND (k <= 2189701))

table 6 : explain SELECT k FROM sbtest6 WHERE k BETWEEN 2189601 AND 2189701
	Index Only Scan using k_6 on sbtest6  (cost=0.43..10.36 rows=96 width=4)
	  Index Cond: ((k >= 2189601) AND (k <= 2189701))

table 7 : explain SELECT k FROM sbtest7 WHERE k BETWEEN 2189601 AND 2189701
	Index Only Scan using k_7 on sbtest7  (cost=0.43..10.38 rows=97 width=4)
	  Index Cond: ((k >= 2189601) AND (k <= 2189701))

table 8 : explain SELECT k FROM sbtest8 WHERE k BETWEEN 2189601 AND 2189701
	Index Only Scan using k_8 on sbtest8  (cost=0.43..10.50 rows=103 width=4)
	  Index Cond: ((k >= 2189601) AND (k <= 2189701))

explain: for range-covered :: explain SELECT k FROM sbtest%d WHERE k BETWEEN 2189601 AND 2189701
for range-covered
table 1 : explain SELECT k FROM sbtest1 WHERE k BETWEEN 7442424 AND 7442524
	Index Only Scan using k_1 on sbtest1  (cost=0.43..10.33 rows=95 width=4)
	  Index Cond: ((k >= 7442424) AND (k <= 7442524))

table 2 : explain SELECT k FROM sbtest2 WHERE k BETWEEN 7442424 AND 7442524
	Index Only Scan using k_2 on sbtest2  (cost=0.43..10.36 rows=96 width=4)
	  Index Cond: ((k >= 7442424) AND (k <= 7442524))

table 3 : explain SELECT k FROM sbtest3 WHERE k BETWEEN 7442424 AND 7442524
	Index Only Scan using k_3 on sbtest3  (cost=0.43..10.63 rows=110 width=4)
	  Index Cond: ((k >= 7442424) AND (k <= 7442524))

table 4 : explain SELECT k FROM sbtest4 WHERE k BETWEEN 7442424 AND 7442524
	Index Only Scan using k_4 on sbtest4  (cost=0.43..10.58 rows=107 width=4)
	  Index Cond: ((k >= 7442424) AND (k <= 7442524))

table 5 : explain SELECT k FROM sbtest5 WHERE k BETWEEN 7442424 AND 7442524
	Index Only Scan using k_5 on sbtest5  (cost=0.43..10.56 rows=106 width=4)
	  Index Cond: ((k >= 7442424) AND (k <= 7442524))

table 6 : explain SELECT k FROM sbtest6 WHERE k BETWEEN 7442424 AND 7442524
	Index Only Scan using k_6 on sbtest6  (cost=0.43..10.47 rows=102 width=4)
	  Index Cond: ((k >= 7442424) AND (k <= 7442524))

table 7 : explain SELECT k FROM sbtest7 WHERE k BETWEEN 7442424 AND 7442524
	Index Only Scan using k_7 on sbtest7  (cost=0.43..10.76 rows=116 width=4)
	  Index Cond: ((k >= 7442424) AND (k <= 7442524))

table 8 : explain SELECT k FROM sbtest8 WHERE k BETWEEN 7442424 AND 7442524
	Index Only Scan using k_8 on sbtest8  (cost=0.43..10.51 rows=104 width=4)
	  Index Cond: ((k >= 7442424) AND (k <= 7442524))

for range-covered
table 1 : explain SELECT k FROM sbtest1 WHERE k BETWEEN 7426770 AND 7426870
	Index Only Scan using k_1 on sbtest1  (cost=0.43..10.33 rows=95 width=4)
	  Index Cond: ((k >= 7426770) AND (k <= 7426870))

table 2 : explain SELECT k FROM sbtest2 WHERE k BETWEEN 7426770 AND 7426870
	Index Only Scan using k_2 on sbtest2  (cost=0.43..10.36 rows=96 width=4)
	  Index Cond: ((k >= 7426770) AND (k <= 7426870))

table 3 : explain SELECT k FROM sbtest3 WHERE k BETWEEN 7426770 AND 7426870
	Index Only Scan using k_3 on sbtest3  (cost=0.43..10.63 rows=110 width=4)
	  Index Cond: ((k >= 7426770) AND (k <= 7426870))

table 4 : explain SELECT k FROM sbtest4 WHERE k BETWEEN 7426770 AND 7426870
	Index Only Scan using k_4 on sbtest4  (cost=0.43..10.58 rows=107 width=4)
	  Index Cond: ((k >= 7426770) AND (k <= 7426870))

table 5 : explain SELECT k FROM sbtest5 WHERE k BETWEEN 7426770 AND 7426870
	Index Only Scan using k_5 on sbtest5  (cost=0.43..10.56 rows=106 width=4)
	  Index Cond: ((k >= 7426770) AND (k <= 7426870))

table 6 : explain SELECT k FROM sbtest6 WHERE k BETWEEN 7426770 AND 7426870
	Index Only Scan using k_6 on sbtest6  (cost=0.43..10.47 rows=102 width=4)
	  Index Cond: ((k >= 7426770) AND (k <= 7426870))

table 7 : explain SELECT k FROM sbtest7 WHERE k BETWEEN 7426770 AND 7426870
	Index Only Scan using k_7 on sbtest7  (cost=0.43..10.40 rows=98 width=4)
	  Index Cond: ((k >= 7426770) AND (k <= 7426870))

table 8 : explain SELECT k FROM sbtest8 WHERE k BETWEEN 7426770 AND 7426870
	Index Only Scan using k_8 on sbtest8  (cost=0.43..10.51 rows=104 width=4)
	  Index Cond: ((k >= 7426770) AND (k <= 7426870))

for range-covered
table 1 : explain SELECT k FROM sbtest1 WHERE k BETWEEN 1395895 AND 1395995
	Index Only Scan using k_1 on sbtest1  (cost=0.43..10.51 rows=104 width=4)
	  Index Cond: ((k >= 1395895) AND (k <= 1395995))

table 2 : explain SELECT k FROM sbtest2 WHERE k BETWEEN 1395895 AND 1395995
	Index Only Scan using k_2 on sbtest2  (cost=0.43..10.65 rows=111 width=4)
	  Index Cond: ((k >= 1395895) AND (k <= 1395995))

table 3 : explain SELECT k FROM sbtest3 WHERE k BETWEEN 1395895 AND 1395995
	Index Only Scan using k_3 on sbtest3  (cost=0.43..10.36 rows=96 width=4)
	  Index Cond: ((k >= 1395895) AND (k <= 1395995))

table 4 : explain SELECT k FROM sbtest4 WHERE k BETWEEN 1395895 AND 1395995
	Index Only Scan using k_4 on sbtest4  (cost=0.43..10.51 rows=104 width=4)
	  Index Cond: ((k >= 1395895) AND (k <= 1395995))

table 5 : explain SELECT k FROM sbtest5 WHERE k BETWEEN 1395895 AND 1395995
	Index Only Scan using k_5 on sbtest5  (cost=0.43..10.33 rows=95 width=4)
	  Index Cond: ((k >= 1395895) AND (k <= 1395995))

table 6 : explain SELECT k FROM sbtest6 WHERE k BETWEEN 1395895 AND 1395995
	Index Only Scan using k_6 on sbtest6  (cost=0.43..10.46 rows=101 width=4)
	  Index Cond: ((k >= 1395895) AND (k <= 1395995))

table 7 : explain SELECT k FROM sbtest7 WHERE k BETWEEN 1395895 AND 1395995
	Index Only Scan using k_7 on sbtest7  (cost=0.43..10.32 rows=94 width=4)
	  Index Cond: ((k >= 1395895) AND (k <= 1395995))

table 8 : explain SELECT k FROM sbtest8 WHERE k BETWEEN 1395895 AND 1395995
	Index Only Scan using k_8 on sbtest8  (cost=0.43..10.38 rows=97 width=4)
	  Index Cond: ((k >= 1395895) AND (k <= 1395995))

for range-covered
table 1 : explain SELECT k FROM sbtest1 WHERE k BETWEEN 2189601 AND 2189701
	Index Only Scan using k_1 on sbtest1  (cost=0.43..10.44 rows=100 width=4)
	  Index Cond: ((k >= 2189601) AND (k <= 2189701))

table 2 : explain SELECT k FROM sbtest2 WHERE k BETWEEN 2189601 AND 2189701
	Index Only Scan using k_2 on sbtest2  (cost=0.43..10.44 rows=100 width=4)
	  Index Cond: ((k >= 2189601) AND (k <= 2189701))

table 3 : explain SELECT k FROM sbtest3 WHERE k BETWEEN 2189601 AND 2189701
	Index Only Scan using k_3 on sbtest3  (cost=0.43..10.56 rows=106 width=4)
	  Index Cond: ((k >= 2189601) AND (k <= 2189701))

table 4 : explain SELECT k FROM sbtest4 WHERE k BETWEEN 2189601 AND 2189701
	Index Only Scan using k_4 on sbtest4  (cost=0.43..10.40 rows=98 width=4)
	  Index Cond: ((k >= 2189601) AND (k <= 2189701))

table 5 : explain SELECT k FROM sbtest5 WHERE k BETWEEN 2189601 AND 2189701
	Index Only Scan using k_5 on sbtest5  (cost=0.43..10.51 rows=104 width=4)
	  Index Cond: ((k >= 2189601) AND (k <= 2189701))

table 6 : explain SELECT k FROM sbtest6 WHERE k BETWEEN 2189601 AND 2189701
	Index Only Scan using k_6 on sbtest6  (cost=0.43..10.36 rows=96 width=4)
	  Index Cond: ((k >= 2189601) AND (k <= 2189701))

table 7 : explain SELECT k FROM sbtest7 WHERE k BETWEEN 2189601 AND 2189701
	Index Only Scan using k_7 on sbtest7  (cost=0.43..10.38 rows=97 width=4)
	  Index Cond: ((k >= 2189601) AND (k <= 2189701))

table 8 : explain SELECT k FROM sbtest8 WHERE k BETWEEN 2189601 AND 2189701
	Index Only Scan using k_8 on sbtest8  (cost=0.43..10.50 rows=103 width=4)
	  Index Cond: ((k >= 2189601) AND (k <= 2189701))

for range-covered
table 1 : explain SELECT k FROM sbtest1 WHERE k BETWEEN 2115941 AND 2116041
	Index Only Scan using k_1 on sbtest1  (cost=0.43..10.60 rows=108 width=4)
	  Index Cond: ((k >= 2115941) AND (k <= 2116041))

table 2 : explain SELECT k FROM sbtest2 WHERE k BETWEEN 2115941 AND 2116041
	Index Only Scan using k_2 on sbtest2  (cost=0.43..10.46 rows=101 width=4)
	  Index Cond: ((k >= 2115941) AND (k <= 2116041))

table 3 : explain SELECT k FROM sbtest3 WHERE k BETWEEN 2115941 AND 2116041
	Index Only Scan using k_3 on sbtest3  (cost=0.43..10.56 rows=106 width=4)
	  Index Cond: ((k >= 2115941) AND (k <= 2116041))

table 4 : explain SELECT k FROM sbtest4 WHERE k BETWEEN 2115941 AND 2116041
	Index Only Scan using k_4 on sbtest4  (cost=0.43..10.40 rows=98 width=4)
	  Index Cond: ((k >= 2115941) AND (k <= 2116041))

table 5 : explain SELECT k FROM sbtest5 WHERE k BETWEEN 2115941 AND 2116041
	Index Only Scan using k_5 on sbtest5  (cost=0.43..10.51 rows=104 width=4)
	  Index Cond: ((k >= 2115941) AND (k <= 2116041))

table 6 : explain SELECT k FROM sbtest6 WHERE k BETWEEN 2115941 AND 2116041
	Index Only Scan using k_6 on sbtest6  (cost=0.43..10.36 rows=96 width=4)
	  Index Cond: ((k >= 2115941) AND (k <= 2116041))

table 7 : explain SELECT k FROM sbtest7 WHERE k BETWEEN 2115941 AND 2116041
	Index Only Scan using k_7 on sbtest7  (cost=0.43..10.38 rows=97 width=4)
	  Index Cond: ((k >= 2115941) AND (k <= 2116041))

table 8 : explain SELECT k FROM sbtest8 WHERE k BETWEEN 2115941 AND 2116041
	Index Only Scan using k_8 on sbtest8  (cost=0.43..10.50 rows=103 width=4)
	  Index Cond: ((k >= 2115941) AND (k <= 2116041))

explain: for range-covered :: explain SELECT k FROM sbtest%d WHERE k BETWEEN 2115941 AND 2116041
for range-covered
table 1 : explain SELECT k FROM sbtest1 WHERE k BETWEEN 3102348 AND 3102448
	Index Only Scan using k_1 on sbtest1  (cost=0.43..10.62 rows=109 width=4)
	  Index Cond: ((k >= 3102348) AND (k <= 3102448))

table 2 : explain SELECT k FROM sbtest2 WHERE k BETWEEN 3102348 AND 3102448
	Index Only Scan using k_2 on sbtest2  (cost=0.43..10.56 rows=106 width=4)
	  Index Cond: ((k >= 3102348) AND (k <= 3102448))

table 3 : explain SELECT k FROM sbtest3 WHERE k BETWEEN 3102348 AND 3102448
	Index Only Scan using k_3 on sbtest3  (cost=0.43..10.44 rows=100 width=4)
	  Index Cond: ((k >= 3102348) AND (k <= 3102448))

table 4 : explain SELECT k FROM sbtest4 WHERE k BETWEEN 3102348 AND 3102448
	Index Only Scan using k_4 on sbtest4  (cost=0.43..10.60 rows=108 width=4)
	  Index Cond: ((k >= 3102348) AND (k <= 3102448))

table 5 : explain SELECT k FROM sbtest5 WHERE k BETWEEN 3102348 AND 3102448
	Index Only Scan using k_5 on sbtest5  (cost=0.43..10.51 rows=104 width=4)
	  Index Cond: ((k >= 3102348) AND (k <= 3102448))

table 6 : explain SELECT k FROM sbtest6 WHERE k BETWEEN 3102348 AND 3102448
	Index Only Scan using k_6 on sbtest6  (cost=0.43..10.68 rows=112 width=4)
	  Index Cond: ((k >= 3102348) AND (k <= 3102448))

table 7 : explain SELECT k FROM sbtest7 WHERE k BETWEEN 3102348 AND 3102448
	Index Only Scan using k_7 on sbtest7  (cost=0.43..10.50 rows=103 width=4)
	  Index Cond: ((k >= 3102348) AND (k <= 3102448))

table 8 : explain SELECT k FROM sbtest8 WHERE k BETWEEN 3102348 AND 3102448
	Index Only Scan using k_8 on sbtest8  (cost=0.43..10.38 rows=97 width=4)
	  Index Cond: ((k >= 3102348) AND (k <= 3102448))

explain: for range-covered :: explain SELECT k FROM sbtest%d WHERE k BETWEEN 3102348 AND 3102448
for range-covered
table 1 : explain SELECT k FROM sbtest1 WHERE k BETWEEN 2115941 AND 2116041
	Index Only Scan using k_1 on sbtest1  (cost=0.43..10.60 rows=108 width=4)
	  Index Cond: ((k >= 2115941) AND (k <= 2116041))

table 2 : explain SELECT k FROM sbtest2 WHERE k BETWEEN 2115941 AND 2116041
	Index Only Scan using k_2 on sbtest2  (cost=0.43..10.46 rows=101 width=4)
	  Index Cond: ((k >= 2115941) AND (k <= 2116041))

table 3 : explain SELECT k FROM sbtest3 WHERE k BETWEEN 2115941 AND 2116041
	Index Only Scan using k_3 on sbtest3  (cost=0.43..10.56 rows=106 width=4)
	  Index Cond: ((k >= 2115941) AND (k <= 2116041))

table 4 : explain SELECT k FROM sbtest4 WHERE k BETWEEN 2115941 AND 2116041
	Index Only Scan using k_4 on sbtest4  (cost=0.43..10.40 rows=98 width=4)
	  Index Cond: ((k >= 2115941) AND (k <= 2116041))

table 5 : explain SELECT k FROM sbtest5 WHERE k BETWEEN 2115941 AND 2116041
	Index Only Scan using k_5 on sbtest5  (cost=0.43..10.51 rows=104 width=4)
	  Index Cond: ((k >= 2115941) AND (k <= 2116041))

table 6 : explain SELECT k FROM sbtest6 WHERE k BETWEEN 2115941 AND 2116041
	Index Only Scan using k_6 on sbtest6  (cost=0.43..10.36 rows=96 width=4)
	  Index Cond: ((k >= 2115941) AND (k <= 2116041))

table 7 : explain SELECT k FROM sbtest7 WHERE k BETWEEN 2115941 AND 2116041
	Index Only Scan using k_7 on sbtest7  (cost=0.43..10.38 rows=97 width=4)
	  Index Cond: ((k >= 2115941) AND (k <= 2116041))

table 8 : explain SELECT k FROM sbtest8 WHERE k BETWEEN 2115941 AND 2116041
	Index Only Scan using k_8 on sbtest8  (cost=0.43..10.50 rows=103 width=4)
	  Index Cond: ((k >= 2115941) AND (k <= 2116041))

explain: for range-covered :: explain SELECT k FROM sbtest%d WHERE k BETWEEN 1148837 AND 1148937
for range-covered
table 1 : explain SELECT k FROM sbtest1 WHERE k BETWEEN 3754099 AND 3754199
	Index Only Scan using k_1 on sbtest1  (cost=0.43..10.26 rows=91 width=4)
	  Index Cond: ((k >= 3754099) AND (k <= 3754199))

table 2 : explain SELECT k FROM sbtest2 WHERE k BETWEEN 3754099 AND 3754199
	Index Only Scan using k_2 on sbtest2  (cost=0.43..10.62 rows=109 width=4)
	  Index Cond: ((k >= 3754099) AND (k <= 3754199))

table 3 : explain SELECT k FROM sbtest3 WHERE k BETWEEN 3754099 AND 3754199
	Index Only Scan using k_3 on sbtest3  (cost=0.43..10.32 rows=94 width=4)
	  Index Cond: ((k >= 3754099) AND (k <= 3754199))

table 4 : explain SELECT k FROM sbtest4 WHERE k BETWEEN 3754099 AND 3754199
	Index Only Scan using k_4 on sbtest4  (cost=0.43..10.47 rows=102 width=4)
	  Index Cond: ((k >= 3754099) AND (k <= 3754199))

table 5 : explain SELECT k FROM sbtest5 WHERE k BETWEEN 3754099 AND 3754199
	Index Only Scan using k_5 on sbtest5  (cost=0.43..10.60 rows=108 width=4)
	  Index Cond: ((k >= 3754099) AND (k <= 3754199))

table 6 : explain SELECT k FROM sbtest6 WHERE k BETWEEN 3754099 AND 3754199
	Index Only Scan using k_6 on sbtest6  (cost=0.43..10.51 rows=104 width=4)
	  Index Cond: ((k >= 3754099) AND (k <= 3754199))

table 7 : explain SELECT k FROM sbtest7 WHERE k BETWEEN 3754099 AND 3754199
	Index Only Scan using k_7 on sbtest7  (cost=0.43..10.44 rows=100 width=4)
	  Index Cond: ((k >= 3754099) AND (k <= 3754199))

table 8 : explain SELECT k FROM sbtest8 WHERE k BETWEEN 3754099 AND 3754199
	Index Only Scan using k_8 on sbtest8  (cost=0.43..10.58 rows=107 width=4)
	  Index Cond: ((k >= 3754099) AND (k <= 3754199))

explain: for range-covered :: explain SELECT k FROM sbtest%d WHERE k BETWEEN 2115941 AND 2116041
explain: for range-covered :: explain SELECT k FROM sbtest%d WHERE k BETWEEN 3754099 AND 3754199
for range-covered
table 1 : explain SELECT k FROM sbtest1 WHERE k BETWEEN 3102348 AND 3102448
	Index Only Scan using k_1 on sbtest1  (cost=0.43..10.62 rows=109 width=4)
	  Index Cond: ((k >= 3102348) AND (k <= 3102448))

table 2 : explain SELECT k FROM sbtest2 WHERE k BETWEEN 3102348 AND 3102448
	Index Only Scan using k_2 on sbtest2  (cost=0.43..10.56 rows=106 width=4)
	  Index Cond: ((k >= 3102348) AND (k <= 3102448))

table 3 : explain SELECT k FROM sbtest3 WHERE k BETWEEN 3102348 AND 3102448
	Index Only Scan using k_3 on sbtest3  (cost=0.43..10.44 rows=100 width=4)
	  Index Cond: ((k >= 3102348) AND (k <= 3102448))

table 4 : explain SELECT k FROM sbtest4 WHERE k BETWEEN 3102348 AND 3102448
	Index Only Scan using k_4 on sbtest4  (cost=0.43..10.60 rows=108 width=4)
	  Index Cond: ((k >= 3102348) AND (k <= 3102448))

table 5 : explain SELECT k FROM sbtest5 WHERE k BETWEEN 3102348 AND 3102448
	Index Only Scan using k_5 on sbtest5  (cost=0.43..10.51 rows=104 width=4)
	  Index Cond: ((k >= 3102348) AND (k <= 3102448))

table 6 : explain SELECT k FROM sbtest6 WHERE k BETWEEN 3102348 AND 3102448
	Index Only Scan using k_6 on sbtest6  (cost=0.43..10.68 rows=112 width=4)
	  Index Cond: ((k >= 3102348) AND (k <= 3102448))

table 7 : explain SELECT k FROM sbtest7 WHERE k BETWEEN 3102348 AND 3102448
	Index Only Scan using k_7 on sbtest7  (cost=0.43..10.50 rows=103 width=4)
	  Index Cond: ((k >= 3102348) AND (k <= 3102448))

table 8 : explain SELECT k FROM sbtest8 WHERE k BETWEEN 3102348 AND 3102448
	Index Only Scan using k_8 on sbtest8  (cost=0.43..10.38 rows=97 width=4)
	  Index Cond: ((k >= 3102348) AND (k <= 3102448))

explain: for range-covered :: explain SELECT k FROM sbtest%d WHERE k BETWEEN 3102348 AND 3102448
for range-covered
table 1 : explain SELECT k FROM sbtest1 WHERE k BETWEEN 3102348 AND 3102448
	Index Only Scan using k_1 on sbtest1  (cost=0.43..10.62 rows=109 width=4)
	  Index Cond: ((k >= 3102348) AND (k <= 3102448))

table 2 : explain SELECT k FROM sbtest2 WHERE k BETWEEN 3102348 AND 3102448
	Index Only Scan using k_2 on sbtest2  (cost=0.43..10.56 rows=106 width=4)
	  Index Cond: ((k >= 3102348) AND (k <= 3102448))

table 3 : explain SELECT k FROM sbtest3 WHERE k BETWEEN 3102348 AND 3102448
	Index Only Scan using k_3 on sbtest3  (cost=0.43..10.44 rows=100 width=4)
	  Index Cond: ((k >= 3102348) AND (k <= 3102448))

table 4 : explain SELECT k FROM sbtest4 WHERE k BETWEEN 3102348 AND 3102448
	Index Only Scan using k_4 on sbtest4  (cost=0.43..10.60 rows=108 width=4)
	  Index Cond: ((k >= 3102348) AND (k <= 3102448))

table 5 : explain SELECT k FROM sbtest5 WHERE k BETWEEN 3102348 AND 3102448
	Index Only Scan using k_5 on sbtest5  (cost=0.43..10.51 rows=104 width=4)
	  Index Cond: ((k >= 3102348) AND (k <= 3102448))

table 6 : explain SELECT k FROM sbtest6 WHERE k BETWEEN 3102348 AND 3102448
	Index Only Scan using k_6 on sbtest6  (cost=0.43..10.68 rows=112 width=4)
	  Index Cond: ((k >= 3102348) AND (k <= 3102448))

table 7 : explain SELECT k FROM sbtest7 WHERE k BETWEEN 3102348 AND 3102448
	Index Only Scan using k_7 on sbtest7  (cost=0.43..10.50 rows=103 width=4)
	  Index Cond: ((k >= 3102348) AND (k <= 3102448))

table 8 : explain SELECT k FROM sbtest8 WHERE k BETWEEN 3102348 AND 3102448
	Index Only Scan using k_8 on sbtest8  (cost=0.43..10.38 rows=97 width=4)
	  Index Cond: ((k >= 3102348) AND (k <= 3102448))

explain: for range-covered :: explain SELECT k FROM sbtest%d WHERE k BETWEEN 3102348 AND 3102448
for range-covered
table 1 : explain SELECT k FROM sbtest1 WHERE k BETWEEN 2115941 AND 2116041
	Index Only Scan using k_1 on sbtest1  (cost=0.43..10.60 rows=108 width=4)
	  Index Cond: ((k >= 2115941) AND (k <= 2116041))

table 2 : explain SELECT k FROM sbtest2 WHERE k BETWEEN 2115941 AND 2116041
	Index Only Scan using k_2 on sbtest2  (cost=0.43..10.46 rows=101 width=4)
	  Index Cond: ((k >= 2115941) AND (k <= 2116041))

table 3 : explain SELECT k FROM sbtest3 WHERE k BETWEEN 2115941 AND 2116041
	Index Only Scan using k_3 on sbtest3  (cost=0.43..10.56 rows=106 width=4)
	  Index Cond: ((k >= 2115941) AND (k <= 2116041))

table 4 : explain SELECT k FROM sbtest4 WHERE k BETWEEN 2115941 AND 2116041
	Index Only Scan using k_4 on sbtest4  (cost=0.43..10.40 rows=98 width=4)
	  Index Cond: ((k >= 2115941) AND (k <= 2116041))

table 5 : explain SELECT k FROM sbtest5 WHERE k BETWEEN 2115941 AND 2116041
	Index Only Scan using k_5 on sbtest5  (cost=0.43..10.51 rows=104 width=4)
	  Index Cond: ((k >= 2115941) AND (k <= 2116041))

table 6 : explain SELECT k FROM sbtest6 WHERE k BETWEEN 2115941 AND 2116041
	Index Only Scan using k_6 on sbtest6  (cost=0.43..10.36 rows=96 width=4)
	  Index Cond: ((k >= 2115941) AND (k <= 2116041))

table 7 : explain SELECT k FROM sbtest7 WHERE k BETWEEN 2115941 AND 2116041
	Index Only Scan using k_7 on sbtest7  (cost=0.43..10.38 rows=97 width=4)
	  Index Cond: ((k >= 2115941) AND (k <= 2116041))

table 8 : explain SELECT k FROM sbtest8 WHERE k BETWEEN 2115941 AND 2116041
	Index Only Scan using k_8 on sbtest8  (cost=0.43..10.50 rows=103 width=4)
	  Index Cond: ((k >= 2115941) AND (k <= 2116041))

for range-covered
table 1 : explain SELECT k FROM sbtest1 WHERE k BETWEEN 3754099 AND 3754199
	Index Only Scan using k_1 on sbtest1  (cost=0.43..10.26 rows=91 width=4)
	  Index Cond: ((k >= 3754099) AND (k <= 3754199))

table 2 : explain SELECT k FROM sbtest2 WHERE k BETWEEN 3754099 AND 3754199
	Index Only Scan using k_2 on sbtest2  (cost=0.43..10.62 rows=109 width=4)
	  Index Cond: ((k >= 3754099) AND (k <= 3754199))

table 3 : explain SELECT k FROM sbtest3 WHERE k BETWEEN 3754099 AND 3754199
	Index Only Scan using k_3 on sbtest3  (cost=0.43..10.32 rows=94 width=4)
	  Index Cond: ((k >= 3754099) AND (k <= 3754199))

table 4 : explain SELECT k FROM sbtest4 WHERE k BETWEEN 3754099 AND 3754199
	Index Only Scan using k_4 on sbtest4  (cost=0.43..10.47 rows=102 width=4)
	  Index Cond: ((k >= 3754099) AND (k <= 3754199))

table 5 : explain SELECT k FROM sbtest5 WHERE k BETWEEN 3754099 AND 3754199
	Index Only Scan using k_5 on sbtest5  (cost=0.43..10.60 rows=108 width=4)
	  Index Cond: ((k >= 3754099) AND (k <= 3754199))

table 6 : explain SELECT k FROM sbtest6 WHERE k BETWEEN 3754099 AND 3754199
	Index Only Scan using k_6 on sbtest6  (cost=0.43..10.51 rows=104 width=4)
	  Index Cond: ((k >= 3754099) AND (k <= 3754199))

table 7 : explain SELECT k FROM sbtest7 WHERE k BETWEEN 3754099 AND 3754199
	Index Only Scan using k_7 on sbtest7  (cost=0.43..10.44 rows=100 width=4)
	  Index Cond: ((k >= 3754099) AND (k <= 3754199))

table 8 : explain SELECT k FROM sbtest8 WHERE k BETWEEN 3754099 AND 3754199
	Index Only Scan using k_8 on sbtest8  (cost=0.43..10.58 rows=107 width=4)
	  Index Cond: ((k >= 3754099) AND (k <= 3754199))

explain: for range-covered :: explain SELECT k FROM sbtest%d WHERE k BETWEEN 2115941 AND 2116041
explain: for range-covered :: explain SELECT k FROM sbtest%d WHERE k BETWEEN 3754099 AND 3754199
for range-covered
table 1 : explain SELECT k FROM sbtest1 WHERE k BETWEEN 3852101 AND 3852201
	Index Only Scan using k_1 on sbtest1  (cost=0.43..10.72 rows=114 width=4)
	  Index Cond: ((k >= 3852101) AND (k <= 3852201))

table 2 : explain SELECT k FROM sbtest2 WHERE k BETWEEN 3852101 AND 3852201
	Index Only Scan using k_2 on sbtest2  (cost=0.43..10.51 rows=104 width=4)
	  Index Cond: ((k >= 3852101) AND (k <= 3852201))

table 3 : explain SELECT k FROM sbtest3 WHERE k BETWEEN 3852101 AND 3852201
	Index Only Scan using k_3 on sbtest3  (cost=0.43..10.60 rows=108 width=4)
	  Index Cond: ((k >= 3852101) AND (k <= 3852201))

table 4 : explain SELECT k FROM sbtest4 WHERE k BETWEEN 3852101 AND 3852201
	Index Only Scan using k_4 on sbtest4  (cost=0.43..10.65 rows=111 width=4)
	  Index Cond: ((k >= 3852101) AND (k <= 3852201))

table 5 : explain SELECT k FROM sbtest5 WHERE k BETWEEN 3852101 AND 3852201
	Index Only Scan using k_5 on sbtest5  (cost=0.43..10.24 rows=90 width=4)
	  Index Cond: ((k >= 3852101) AND (k <= 3852201))

table 6 : explain SELECT k FROM sbtest6 WHERE k BETWEEN 3852101 AND 3852201
	Index Only Scan using k_6 on sbtest6  (cost=0.43..10.70 rows=113 width=4)
	  Index Cond: ((k >= 3852101) AND (k <= 3852201))

table 7 : explain SELECT k FROM sbtest7 WHERE k BETWEEN 3852101 AND 3852201
	Index Only Scan using k_7 on sbtest7  (cost=0.43..10.58 rows=107 width=4)
	  Index Cond: ((k >= 3852101) AND (k <= 3852201))

table 8 : explain SELECT k FROM sbtest8 WHERE k BETWEEN 3852101 AND 3852201
	Index Only Scan using k_8 on sbtest8  (cost=0.43..10.42 rows=99 width=4)
	  Index Cond: ((k >= 3852101) AND (k <= 3852201))

explain: for range-covered :: explain SELECT k FROM sbtest%d WHERE k BETWEEN 3281656 AND 3281756
explain: for range-covered :: explain SELECT k FROM sbtest%d WHERE k BETWEEN 4727151 AND 4727251
explain: for range-covered :: explain SELECT k FROM sbtest%d WHERE k BETWEEN 3852101 AND 3852201
explain: for range-covered :: explain SELECT k FROM sbtest%d WHERE k BETWEEN 5308518 AND 5308618
for range-covered
table 1 : explain SELECT k FROM sbtest1 WHERE k BETWEEN 3102348 AND 3102448
	Index Only Scan using k_1 on sbtest1  (cost=0.43..10.62 rows=109 width=4)
	  Index Cond: ((k >= 3102348) AND (k <= 3102448))

table 2 : explain SELECT k FROM sbtest2 WHERE k BETWEEN 3102348 AND 3102448
	Index Only Scan using k_2 on sbtest2  (cost=0.43..10.56 rows=106 width=4)
	  Index Cond: ((k >= 3102348) AND (k <= 3102448))

table 3 : explain SELECT k FROM sbtest3 WHERE k BETWEEN 3102348 AND 3102448
	Index Only Scan using k_3 on sbtest3  (cost=0.43..10.44 rows=100 width=4)
	  Index Cond: ((k >= 3102348) AND (k <= 3102448))

table 4 : explain SELECT k FROM sbtest4 WHERE k BETWEEN 3102348 AND 3102448
	Index Only Scan using k_4 on sbtest4  (cost=0.43..10.60 rows=108 width=4)
	  Index Cond: ((k >= 3102348) AND (k <= 3102448))

table 5 : explain SELECT k FROM sbtest5 WHERE k BETWEEN 3102348 AND 3102448
	Index Only Scan using k_5 on sbtest5  (cost=0.43..10.51 rows=104 width=4)
	  Index Cond: ((k >= 3102348) AND (k <= 3102448))

table 6 : explain SELECT k FROM sbtest6 WHERE k BETWEEN 3102348 AND 3102448
	Index Only Scan using k_6 on sbtest6  (cost=0.43..10.68 rows=112 width=4)
	  Index Cond: ((k >= 3102348) AND (k <= 3102448))

table 7 : explain SELECT k FROM sbtest7 WHERE k BETWEEN 3102348 AND 3102448
	Index Only Scan using k_7 on sbtest7  (cost=0.43..10.50 rows=103 width=4)
	  Index Cond: ((k >= 3102348) AND (k <= 3102448))

table 8 : explain SELECT k FROM sbtest8 WHERE k BETWEEN 3102348 AND 3102448
	Index Only Scan using k_8 on sbtest8  (cost=0.43..10.38 rows=97 width=4)
	  Index Cond: ((k >= 3102348) AND (k <= 3102448))

explain: for range-covered :: explain SELECT k FROM sbtest%d WHERE k BETWEEN 3102348 AND 3102448
for range-covered
table 1 : explain SELECT k FROM sbtest1 WHERE k BETWEEN 2115941 AND 2116041
	Index Only Scan using k_1 on sbtest1  (cost=0.43..10.60 rows=108 width=4)
	  Index Cond: ((k >= 2115941) AND (k <= 2116041))

table 2 : explain SELECT k FROM sbtest2 WHERE k BETWEEN 2115941 AND 2116041
	Index Only Scan using k_2 on sbtest2  (cost=0.43..10.46 rows=101 width=4)
	  Index Cond: ((k >= 2115941) AND (k <= 2116041))

table 3 : explain SELECT k FROM sbtest3 WHERE k BETWEEN 2115941 AND 2116041
	Index Only Scan using k_3 on sbtest3  (cost=0.43..10.56 rows=106 width=4)
	  Index Cond: ((k >= 2115941) AND (k <= 2116041))

table 4 : explain SELECT k FROM sbtest4 WHERE k BETWEEN 2115941 AND 2116041
	Index Only Scan using k_4 on sbtest4  (cost=0.43..10.40 rows=98 width=4)
	  Index Cond: ((k >= 2115941) AND (k <= 2116041))

table 5 : explain SELECT k FROM sbtest5 WHERE k BETWEEN 2115941 AND 2116041
	Index Only Scan using k_5 on sbtest5  (cost=0.43..10.51 rows=104 width=4)
	  Index Cond: ((k >= 2115941) AND (k <= 2116041))

table 6 : explain SELECT k FROM sbtest6 WHERE k BETWEEN 2115941 AND 2116041
	Index Only Scan using k_6 on sbtest6  (cost=0.43..10.36 rows=96 width=4)
	  Index Cond: ((k >= 2115941) AND (k <= 2116041))

table 7 : explain SELECT k FROM sbtest7 WHERE k BETWEEN 2115941 AND 2116041
	Index Only Scan using k_7 on sbtest7  (cost=0.43..10.38 rows=97 width=4)
	  Index Cond: ((k >= 2115941) AND (k <= 2116041))

table 8 : explain SELECT k FROM sbtest8 WHERE k BETWEEN 2115941 AND 2116041
	Index Only Scan using k_8 on sbtest8  (cost=0.43..10.50 rows=103 width=4)
	  Index Cond: ((k >= 2115941) AND (k <= 2116041))

explain: for range-covered :: explain SELECT k FROM sbtest%d WHERE k BETWEEN 2115941 AND 2116041
for range-covered
table 1 : explain SELECT k FROM sbtest1 WHERE k BETWEEN 3852101 AND 3852201
	Index Only Scan using k_1 on sbtest1  (cost=0.43..10.72 rows=114 width=4)
	  Index Cond: ((k >= 3852101) AND (k <= 3852201))

table 2 : explain SELECT k FROM sbtest2 WHERE k BETWEEN 3852101 AND 3852201
	Index Only Scan using k_2 on sbtest2  (cost=0.43..10.51 rows=104 width=4)
	  Index Cond: ((k >= 3852101) AND (k <= 3852201))

table 3 : explain SELECT k FROM sbtest3 WHERE k BETWEEN 3852101 AND 3852201
	Index Only Scan using k_3 on sbtest3  (cost=0.43..10.60 rows=108 width=4)
	  Index Cond: ((k >= 3852101) AND (k <= 3852201))

table 4 : explain SELECT k FROM sbtest4 WHERE k BETWEEN 3852101 AND 3852201
	Index Only Scan using k_4 on sbtest4  (cost=0.43..10.65 rows=111 width=4)
	  Index Cond: ((k >= 3852101) AND (k <= 3852201))

table 5 : explain SELECT k FROM sbtest5 WHERE k BETWEEN 3852101 AND 3852201
	Index Only Scan using k_5 on sbtest5  (cost=0.43..10.24 rows=90 width=4)
	  Index Cond: ((k >= 3852101) AND (k <= 3852201))

table 6 : explain SELECT k FROM sbtest6 WHERE k BETWEEN 3852101 AND 3852201
	Index Only Scan using k_6 on sbtest6  (cost=0.43..10.70 rows=113 width=4)
	  Index Cond: ((k >= 3852101) AND (k <= 3852201))

table 7 : explain SELECT k FROM sbtest7 WHERE k BETWEEN 3852101 AND 3852201
	Index Only Scan using k_7 on sbtest7  (cost=0.43..10.58 rows=107 width=4)
	  Index Cond: ((k >= 3852101) AND (k <= 3852201))

table 8 : explain SELECT k FROM sbtest8 WHERE k BETWEEN 3852101 AND 3852201
	Index Only Scan using k_8 on sbtest8  (cost=0.43..10.42 rows=99 width=4)
	  Index Cond: ((k >= 3852101) AND (k <= 3852201))

explain: for range-covered :: explain SELECT k FROM sbtest%d WHERE k BETWEEN 3852101 AND 3852201
for range-covered
table 1 : explain SELECT k FROM sbtest1 WHERE k BETWEEN 3754099 AND 3754199
	Index Only Scan using k_1 on sbtest1  (cost=0.43..10.26 rows=91 width=4)
	  Index Cond: ((k >= 3754099) AND (k <= 3754199))

table 2 : explain SELECT k FROM sbtest2 WHERE k BETWEEN 3754099 AND 3754199
	Index Only Scan using k_2 on sbtest2  (cost=0.43..10.62 rows=109 width=4)
	  Index Cond: ((k >= 3754099) AND (k <= 3754199))

table 3 : explain SELECT k FROM sbtest3 WHERE k BETWEEN 3754099 AND 3754199
	Index Only Scan using k_3 on sbtest3  (cost=0.43..10.32 rows=94 width=4)
	  Index Cond: ((k >= 3754099) AND (k <= 3754199))

table 4 : explain SELECT k FROM sbtest4 WHERE k BETWEEN 3754099 AND 3754199
	Index Only Scan using k_4 on sbtest4  (cost=0.43..10.47 rows=102 width=4)
	  Index Cond: ((k >= 3754099) AND (k <= 3754199))

table 5 : explain SELECT k FROM sbtest5 WHERE k BETWEEN 3754099 AND 3754199
	Index Only Scan using k_5 on sbtest5  (cost=0.43..10.60 rows=108 width=4)
	  Index Cond: ((k >= 3754099) AND (k <= 3754199))

table 6 : explain SELECT k FROM sbtest6 WHERE k BETWEEN 3754099 AND 3754199
	Index Only Scan using k_6 on sbtest6  (cost=0.43..10.51 rows=104 width=4)
	  Index Cond: ((k >= 3754099) AND (k <= 3754199))

table 7 : explain SELECT k FROM sbtest7 WHERE k BETWEEN 3754099 AND 3754199
	Index Only Scan using k_7 on sbtest7  (cost=0.43..10.44 rows=100 width=4)
	  Index Cond: ((k >= 3754099) AND (k <= 3754199))

table 8 : explain SELECT k FROM sbtest8 WHERE k BETWEEN 3754099 AND 3754199
	Index Only Scan using k_8 on sbtest8  (cost=0.43..10.58 rows=107 width=4)
	  Index Cond: ((k >= 3754099) AND (k <= 3754199))
for range-covered
table 1 : explain SELECT k FROM sbtest1 WHERE k BETWEEN 3102348 AND 3102448
	Index Only Scan using k_1 on sbtest1  (cost=0.43..10.62 rows=109 width=4)
	  Index Cond: ((k >= 3102348) AND (k <= 3102448))

table 2 : explain SELECT k FROM sbtest2 WHERE k BETWEEN 3102348 AND 3102448
	Index Only Scan using k_2 on sbtest2  (cost=0.43..10.56 rows=106 width=4)
	  Index Cond: ((k >= 3102348) AND (k <= 3102448))

table 3 : explain SELECT k FROM sbtest3 WHERE k BETWEEN 3102348 AND 3102448
	Index Only Scan using k_3 on sbtest3  (cost=0.43..10.44 rows=100 width=4)
	  Index Cond: ((k >= 3102348) AND (k <= 3102448))

table 4 : explain SELECT k FROM sbtest4 WHERE k BETWEEN 3102348 AND 3102448
	Index Only Scan using k_4 on sbtest4  (cost=0.43..10.60 rows=108 width=4)
	  Index Cond: ((k >= 3102348) AND (k <= 3102448))

table 5 : explain SELECT k FROM sbtest5 WHERE k BETWEEN 3102348 AND 3102448
	Index Only Scan using k_5 on sbtest5  (cost=0.43..10.51 rows=104 width=4)
	  Index Cond: ((k >= 3102348) AND (k <= 3102448))

table 6 : explain SELECT k FROM sbtest6 WHERE k BETWEEN 3102348 AND 3102448
	Index Only Scan using k_6 on sbtest6  (cost=0.43..10.68 rows=112 width=4)
	  Index Cond: ((k >= 3102348) AND (k <= 3102448))

table 7 : explain SELECT k FROM sbtest7 WHERE k BETWEEN 3102348 AND 3102448
	Index Only Scan using k_7 on sbtest7  (cost=0.43..10.50 rows=103 width=4)
	  Index Cond: ((k >= 3102348) AND (k <= 3102448))

table 8 : explain SELECT k FROM sbtest8 WHERE k BETWEEN 3102348 AND 3102448
	Index Only Scan using k_8 on sbtest8  (cost=0.43..10.38 rows=97 width=4)
	  Index Cond: ((k >= 3102348) AND (k <= 3102448))


explain: for range-covered :: explain SELECT k FROM sbtest%d WHERE k BETWEEN 3102348 AND 3102448
explain: for range-covered :: explain SELECT k FROM sbtest%d WHERE k BETWEEN 3754099 AND 3754199
for range-covered
table 1 : explain SELECT k FROM sbtest1 WHERE k BETWEEN 2115941 AND 2116041
	Index Only Scan using k_1 on sbtest1  (cost=0.43..10.60 rows=108 width=4)
	  Index Cond: ((k >= 2115941) AND (k <= 2116041))

table 2 : explain SELECT k FROM sbtest2 WHERE k BETWEEN 2115941 AND 2116041
	Index Only Scan using k_2 on sbtest2  (cost=0.43..10.46 rows=101 width=4)
	  Index Cond: ((k >= 2115941) AND (k <= 2116041))

table 3 : explain SELECT k FROM sbtest3 WHERE k BETWEEN 2115941 AND 2116041
	Index Only Scan using k_3 on sbtest3  (cost=0.43..10.56 rows=106 width=4)
	  Index Cond: ((k >= 2115941) AND (k <= 2116041))

table 4 : explain SELECT k FROM sbtest4 WHERE k BETWEEN 2115941 AND 2116041
	Index Only Scan using k_4 on sbtest4  (cost=0.43..10.40 rows=98 width=4)
	  Index Cond: ((k >= 2115941) AND (k <= 2116041))

table 5 : explain SELECT k FROM sbtest5 WHERE k BETWEEN 2115941 AND 2116041
	Index Only Scan using k_5 on sbtest5  (cost=0.43..10.51 rows=104 width=4)
	  Index Cond: ((k >= 2115941) AND (k <= 2116041))

table 6 : explain SELECT k FROM sbtest6 WHERE k BETWEEN 2115941 AND 2116041
	Index Only Scan using k_6 on sbtest6  (cost=0.43..10.36 rows=96 width=4)
	  Index Cond: ((k >= 2115941) AND (k <= 2116041))

table 7 : explain SELECT k FROM sbtest7 WHERE k BETWEEN 2115941 AND 2116041
	Index Only Scan using k_7 on sbtest7  (cost=0.43..10.38 rows=97 width=4)
	  Index Cond: ((k >= 2115941) AND (k <= 2116041))

table 8 : explain SELECT k FROM sbtest8 WHERE k BETWEEN 2115941 AND 2116041
	Index Only Scan using k_8 on sbtest8  (cost=0.43..10.50 rows=103 width=4)
	  Index Cond: ((k >= 2115941) AND (k <= 2116041))

explain: for range-covered :: explain SELECT k FROM sbtest%d WHERE k BETWEEN 2115941 AND 2116041
for range-covered
table 1 : explain SELECT k FROM sbtest1 WHERE k BETWEEN 1148837 AND 1148937
	Index Only Scan using k_1 on sbtest1  (cost=0.43..10.60 rows=108 width=4)
	  Index Cond: ((k >= 1148837) AND (k <= 1148937))

table 2 : explain SELECT k FROM sbtest2 WHERE k BETWEEN 1148837 AND 1148937
	Index Only Scan using k_2 on sbtest2  (cost=0.43..10.47 rows=102 width=4)
	  Index Cond: ((k >= 1148837) AND (k <= 1148937))

table 3 : explain SELECT k FROM sbtest3 WHERE k BETWEEN 1148837 AND 1148937
	Index Only Scan using k_3 on sbtest3  (cost=0.43..10.22 rows=89 width=4)
	  Index Cond: ((k >= 1148837) AND (k <= 1148937))

table 4 : explain SELECT k FROM sbtest4 WHERE k BETWEEN 1148837 AND 1148937
	Index Only Scan using k_4 on sbtest4  (cost=0.43..10.44 rows=100 width=4)
	  Index Cond: ((k >= 1148837) AND (k <= 1148937))

table 5 : explain SELECT k FROM sbtest5 WHERE k BETWEEN 1148837 AND 1148937
	Index Only Scan using k_5 on sbtest5  (cost=0.43..10.42 rows=99 width=4)
	  Index Cond: ((k >= 1148837) AND (k <= 1148937))

table 6 : explain SELECT k FROM sbtest6 WHERE k BETWEEN 1148837 AND 1148937
	Index Only Scan using k_6 on sbtest6  (cost=0.43..10.47 rows=102 width=4)
	  Index Cond: ((k >= 1148837) AND (k <= 1148937))

table 7 : explain SELECT k FROM sbtest7 WHERE k BETWEEN 1148837 AND 1148937
	Index Only Scan using k_7 on sbtest7  (cost=0.43..10.68 rows=112 width=4)
	  Index Cond: ((k >= 1148837) AND (k <= 1148937))

table 8 : explain SELECT k FROM sbtest8 WHERE k BETWEEN 1148837 AND 1148937
	Index Only Scan using k_8 on sbtest8  (cost=0.43..10.47 rows=102 width=4)
	  Index Cond: ((k >= 1148837) AND (k <= 1148937))

for range-covered
table 1 : explain SELECT k FROM sbtest1 WHERE k BETWEEN 3852101 AND 3852201
	Index Only Scan using k_1 on sbtest1  (cost=0.43..10.72 rows=114 width=4)
	  Index Cond: ((k >= 3852101) AND (k <= 3852201))

table 2 : explain SELECT k FROM sbtest2 WHERE k BETWEEN 3852101 AND 3852201
	Index Only Scan using k_2 on sbtest2  (cost=0.43..10.51 rows=104 width=4)
	  Index Cond: ((k >= 3852101) AND (k <= 3852201))

table 3 : explain SELECT k FROM sbtest3 WHERE k BETWEEN 3852101 AND 3852201
	Index Only Scan using k_3 on sbtest3  (cost=0.43..10.60 rows=108 width=4)
	  Index Cond: ((k >= 3852101) AND (k <= 3852201))

table 4 : explain SELECT k FROM sbtest4 WHERE k BETWEEN 3852101 AND 3852201
	Index Only Scan using k_4 on sbtest4  (cost=0.43..10.65 rows=111 width=4)
	  Index Cond: ((k >= 3852101) AND (k <= 3852201))

table 5 : explain SELECT k FROM sbtest5 WHERE k BETWEEN 3852101 AND 3852201
	Index Only Scan using k_5 on sbtest5  (cost=0.43..10.24 rows=90 width=4)
	  Index Cond: ((k >= 3852101) AND (k <= 3852201))

table 6 : explain SELECT k FROM sbtest6 WHERE k BETWEEN 3852101 AND 3852201
	Index Only Scan using k_6 on sbtest6  (cost=0.43..10.70 rows=113 width=4)
	  Index Cond: ((k >= 3852101) AND (k <= 3852201))

table 7 : explain SELECT k FROM sbtest7 WHERE k BETWEEN 3852101 AND 3852201
	Index Only Scan using k_7 on sbtest7  (cost=0.43..10.58 rows=107 width=4)
	  Index Cond: ((k >= 3852101) AND (k <= 3852201))

table 8 : explain SELECT k FROM sbtest8 WHERE k BETWEEN 3852101 AND 3852201
	Index Only Scan using k_8 on sbtest8  (cost=0.43..10.42 rows=99 width=4)
	  Index Cond: ((k >= 3852101) AND (k <= 3852201))

explain: for range-covered :: explain SELECT k FROM sbtest%d WHERE k BETWEEN 3852101 AND 3852201
for range-covered
table 1 : explain SELECT k FROM sbtest1 WHERE k BETWEEN 3102348 AND 3102448
	Index Only Scan using k_1 on sbtest1  (cost=0.43..10.62 rows=109 width=4)
	  Index Cond: ((k >= 3102348) AND (k <= 3102448))

table 2 : explain SELECT k FROM sbtest2 WHERE k BETWEEN 3102348 AND 3102448
	Index Only Scan using k_2 on sbtest2  (cost=0.43..10.56 rows=106 width=4)
	  Index Cond: ((k >= 3102348) AND (k <= 3102448))

table 3 : explain SELECT k FROM sbtest3 WHERE k BETWEEN 3102348 AND 3102448
	Index Only Scan using k_3 on sbtest3  (cost=0.43..10.44 rows=100 width=4)
	  Index Cond: ((k >= 3102348) AND (k <= 3102448))

table 4 : explain SELECT k FROM sbtest4 WHERE k BETWEEN 3102348 AND 3102448
	Index Only Scan using k_4 on sbtest4  (cost=0.43..10.60 rows=108 width=4)
	  Index Cond: ((k >= 3102348) AND (k <= 3102448))

table 5 : explain SELECT k FROM sbtest5 WHERE k BETWEEN 3102348 AND 3102448
	Index Only Scan using k_5 on sbtest5  (cost=0.43..10.51 rows=104 width=4)
	  Index Cond: ((k >= 3102348) AND (k <= 3102448))

table 6 : explain SELECT k FROM sbtest6 WHERE k BETWEEN 3102348 AND 3102448
	Index Only Scan using k_6 on sbtest6  (cost=0.43..10.68 rows=112 width=4)
	  Index Cond: ((k >= 3102348) AND (k <= 3102448))

table 7 : explain SELECT k FROM sbtest7 WHERE k BETWEEN 3102348 AND 3102448
	Index Only Scan using k_7 on sbtest7  (cost=0.43..10.50 rows=103 width=4)
	  Index Cond: ((k >= 3102348) AND (k <= 3102448))

table 8 : explain SELECT k FROM sbtest8 WHERE k BETWEEN 3102348 AND 3102448
	Index Only Scan using k_8 on sbtest8  (cost=0.43..10.38 rows=97 width=4)
	  Index Cond: ((k >= 3102348) AND (k <= 3102448))

explain: for range-covered :: explain SELECT k FROM sbtest%d WHERE k BETWEEN 1148837 AND 1148937
explain: for range-covered :: explain SELECT k FROM sbtest%d WHERE k BETWEEN 3102348 AND 3102448
for range-covered
table 1 : explain SELECT k FROM sbtest1 WHERE k BETWEEN 2115941 AND 2116041
	Index Only Scan using k_1 on sbtest1  (cost=0.43..10.60 rows=108 width=4)
	  Index Cond: ((k >= 2115941) AND (k <= 2116041))

table 2 : explain SELECT k FROM sbtest2 WHERE k BETWEEN 2115941 AND 2116041
	Index Only Scan using k_2 on sbtest2  (cost=0.43..10.46 rows=101 width=4)
	  Index Cond: ((k >= 2115941) AND (k <= 2116041))

table 3 : explain SELECT k FROM sbtest3 WHERE k BETWEEN 2115941 AND 2116041
	Index Only Scan using k_3 on sbtest3  (cost=0.43..10.56 rows=106 width=4)
	  Index Cond: ((k >= 2115941) AND (k <= 2116041))

table 4 : explain SELECT k FROM sbtest4 WHERE k BETWEEN 2115941 AND 2116041
	Index Only Scan using k_4 on sbtest4  (cost=0.43..10.40 rows=98 width=4)
	  Index Cond: ((k >= 2115941) AND (k <= 2116041))

table 5 : explain SELECT k FROM sbtest5 WHERE k BETWEEN 2115941 AND 2116041
	Index Only Scan using k_5 on sbtest5  (cost=0.43..10.51 rows=104 width=4)
	  Index Cond: ((k >= 2115941) AND (k <= 2116041))

table 6 : explain SELECT k FROM sbtest6 WHERE k BETWEEN 2115941 AND 2116041
	Index Only Scan using k_6 on sbtest6  (cost=0.43..10.36 rows=96 width=4)
	  Index Cond: ((k >= 2115941) AND (k <= 2116041))

table 7 : explain SELECT k FROM sbtest7 WHERE k BETWEEN 2115941 AND 2116041
	Index Only Scan using k_7 on sbtest7  (cost=0.43..10.38 rows=97 width=4)
	  Index Cond: ((k >= 2115941) AND (k <= 2116041))

table 8 : explain SELECT k FROM sbtest8 WHERE k BETWEEN 2115941 AND 2116041
	Index Only Scan using k_8 on sbtest8  (cost=0.43..10.50 rows=103 width=4)
	  Index Cond: ((k >= 2115941) AND (k <= 2116041))

explain: for range-covered :: explain SELECT k FROM sbtest%d WHERE k BETWEEN 2115941 AND 2116041
for range-covered
table 1 : explain SELECT k FROM sbtest1 WHERE k BETWEEN 3754099 AND 3754199
	Index Only Scan using k_1 on sbtest1  (cost=0.43..10.26 rows=91 width=4)
	  Index Cond: ((k >= 3754099) AND (k <= 3754199))

table 2 : explain SELECT k FROM sbtest2 WHERE k BETWEEN 3754099 AND 3754199
	Index Only Scan using k_2 on sbtest2  (cost=0.43..10.62 rows=109 width=4)
	  Index Cond: ((k >= 3754099) AND (k <= 3754199))

table 3 : explain SELECT k FROM sbtest3 WHERE k BETWEEN 3754099 AND 3754199
	Index Only Scan using k_3 on sbtest3  (cost=0.43..10.32 rows=94 width=4)
	  Index Cond: ((k >= 3754099) AND (k <= 3754199))

table 4 : explain SELECT k FROM sbtest4 WHERE k BETWEEN 3754099 AND 3754199
	Index Only Scan using k_4 on sbtest4  (cost=0.43..10.47 rows=102 width=4)
	  Index Cond: ((k >= 3754099) AND (k <= 3754199))

table 5 : explain SELECT k FROM sbtest5 WHERE k BETWEEN 3754099 AND 3754199
	Index Only Scan using k_5 on sbtest5  (cost=0.43..10.60 rows=108 width=4)
	  Index Cond: ((k >= 3754099) AND (k <= 3754199))

table 6 : explain SELECT k FROM sbtest6 WHERE k BETWEEN 3754099 AND 3754199
	Index Only Scan using k_6 on sbtest6  (cost=0.43..10.51 rows=104 width=4)
	  Index Cond: ((k >= 3754099) AND (k <= 3754199))

table 7 : explain SELECT k FROM sbtest7 WHERE k BETWEEN 3754099 AND 3754199
	Index Only Scan using k_7 on sbtest7  (cost=0.43..10.44 rows=100 width=4)
	  Index Cond: ((k >= 3754099) AND (k <= 3754199))

table 8 : explain SELECT k FROM sbtest8 WHERE k BETWEEN 3754099 AND 3754199
	Index Only Scan using k_8 on sbtest8  (cost=0.43..10.58 rows=107 width=4)
	  Index Cond: ((k >= 3754099) AND (k <= 3754199))

for range-covered
table 1 : explain SELECT k FROM sbtest1 WHERE k BETWEEN 3852101 AND 3852201
	Index Only Scan using k_1 on sbtest1  (cost=0.43..10.72 rows=114 width=4)
	  Index Cond: ((k >= 3852101) AND (k <= 3852201))

table 2 : explain SELECT k FROM sbtest2 WHERE k BETWEEN 3852101 AND 3852201
	Index Only Scan using k_2 on sbtest2  (cost=0.43..10.51 rows=104 width=4)
	  Index Cond: ((k >= 3852101) AND (k <= 3852201))

table 3 : explain SELECT k FROM sbtest3 WHERE k BETWEEN 3852101 AND 3852201
	Index Only Scan using k_3 on sbtest3  (cost=0.43..10.60 rows=108 width=4)
	  Index Cond: ((k >= 3852101) AND (k <= 3852201))

table 4 : explain SELECT k FROM sbtest4 WHERE k BETWEEN 3852101 AND 3852201
	Index Only Scan using k_4 on sbtest4  (cost=0.43..10.65 rows=111 width=4)
	  Index Cond: ((k >= 3852101) AND (k <= 3852201))

table 5 : explain SELECT k FROM sbtest5 WHERE k BETWEEN 3852101 AND 3852201
	Index Only Scan using k_5 on sbtest5  (cost=0.43..10.24 rows=90 width=4)
	  Index Cond: ((k >= 3852101) AND (k <= 3852201))

table 6 : explain SELECT k FROM sbtest6 WHERE k BETWEEN 3852101 AND 3852201
	Index Only Scan using k_6 on sbtest6  (cost=0.43..10.70 rows=113 width=4)
	  Index Cond: ((k >= 3852101) AND (k <= 3852201))

table 7 : explain SELECT k FROM sbtest7 WHERE k BETWEEN 3852101 AND 3852201
	Index Only Scan using k_7 on sbtest7  (cost=0.43..10.58 rows=107 width=4)
	  Index Cond: ((k >= 3852101) AND (k <= 3852201))

table 8 : explain SELECT k FROM sbtest8 WHERE k BETWEEN 3852101 AND 3852201
	Index Only Scan using k_8 on sbtest8  (cost=0.43..10.42 rows=99 width=4)
	  Index Cond: ((k >= 3852101) AND (k <= 3852201))

explain: for range-covered :: explain SELECT k FROM sbtest%d WHERE k BETWEEN 3754099 AND 3754199
explain: for range-covered :: explain SELECT k FROM sbtest%d WHERE k BETWEEN 3852101 AND 3852201
for range-covered
table 1 : explain SELECT k FROM sbtest1 WHERE k BETWEEN 3281656 AND 3281756
	Index Only Scan using k_1 on sbtest1  (cost=0.43..10.42 rows=99 width=4)
	  Index Cond: ((k >= 3281656) AND (k <= 3281756))

table 2 : explain SELECT k FROM sbtest2 WHERE k BETWEEN 3281656 AND 3281756
	Index Only Scan using k_2 on sbtest2  (cost=0.43..10.42 rows=99 width=4)
	  Index Cond: ((k >= 3281656) AND (k <= 3281756))

table 3 : explain SELECT k FROM sbtest3 WHERE k BETWEEN 3281656 AND 3281756
	Index Only Scan using k_3 on sbtest3  (cost=0.43..10.56 rows=106 width=4)
	  Index Cond: ((k >= 3281656) AND (k <= 3281756))

table 4 : explain SELECT k FROM sbtest4 WHERE k BETWEEN 3281656 AND 3281756
	Index Only Scan using k_4 on sbtest4  (cost=0.43..10.50 rows=103 width=4)
	  Index Cond: ((k >= 3281656) AND (k <= 3281756))

table 5 : explain SELECT k FROM sbtest5 WHERE k BETWEEN 3281656 AND 3281756
	Index Only Scan using k_5 on sbtest5  (cost=0.43..10.44 rows=100 width=4)
	  Index Cond: ((k >= 3281656) AND (k <= 3281756))

table 6 : explain SELECT k FROM sbtest6 WHERE k BETWEEN 3281656 AND 3281756
	Index Only Scan using k_6 on sbtest6  (cost=0.43..10.60 rows=108 width=4)
	  Index Cond: ((k >= 3281656) AND (k <= 3281756))

table 7 : explain SELECT k FROM sbtest7 WHERE k BETWEEN 3281656 AND 3281756
	Index Only Scan using k_7 on sbtest7  (cost=0.43..10.62 rows=109 width=4)
	  Index Cond: ((k >= 3281656) AND (k <= 3281756))

table 8 : explain SELECT k FROM sbtest8 WHERE k BETWEEN 3281656 AND 3281756
	Index Only Scan using k_8 on sbtest8  (cost=0.43..10.36 rows=96 width=4)
	  Index Cond: ((k >= 3281656) AND (k <= 3281756))

explain: for range-covered :: explain SELECT k FROM sbtest%d WHERE k BETWEEN 3281656 AND 3281756
for range-covered
table 1 : explain SELECT k FROM sbtest1 WHERE k BETWEEN 5308518 AND 5308618
	Index Only Scan using k_1 on sbtest1  (cost=0.43..10.70 rows=113 width=4)
	  Index Cond: ((k >= 5308518) AND (k <= 5308618))

table 2 : explain SELECT k FROM sbtest2 WHERE k BETWEEN 5308518 AND 5308618
	Index Only Scan using k_2 on sbtest2  (cost=0.43..10.42 rows=99 width=4)
	  Index Cond: ((k >= 5308518) AND (k <= 5308618))

table 3 : explain SELECT k FROM sbtest3 WHERE k BETWEEN 5308518 AND 5308618
	Index Only Scan using k_3 on sbtest3  (cost=0.43..10.33 rows=95 width=4)
	  Index Cond: ((k >= 5308518) AND (k <= 5308618))

table 4 : explain SELECT k FROM sbtest4 WHERE k BETWEEN 5308518 AND 5308618
	Index Only Scan using k_4 on sbtest4  (cost=0.43..10.47 rows=102 width=4)
	  Index Cond: ((k >= 5308518) AND (k <= 5308618))

table 5 : explain SELECT k FROM sbtest5 WHERE k BETWEEN 5308518 AND 5308618
	Index Only Scan using k_5 on sbtest5  (cost=0.43..10.54 rows=105 width=4)
	  Index Cond: ((k >= 5308518) AND (k <= 5308618))

table 6 : explain SELECT k FROM sbtest6 WHERE k BETWEEN 5308518 AND 5308618
	Index Only Scan using k_6 on sbtest6  (cost=0.43..10.33 rows=95 width=4)
	  Index Cond: ((k >= 5308518) AND (k <= 5308618))

table 7 : explain SELECT k FROM sbtest7 WHERE k BETWEEN 5308518 AND 5308618
	Index Only Scan using k_7 on sbtest7  (cost=0.43..10.33 rows=95 width=4)
	  Index Cond: ((k >= 5308518) AND (k <= 5308618))

table 8 : explain SELECT k FROM sbtest8 WHERE k BETWEEN 5308518 AND 5308618
	Index Only Scan using k_8 on sbtest8  (cost=0.43..10.44 rows=100 width=4)
	  Index Cond: ((k >= 5308518) AND (k <= 5308618))

for range-covered
table 1 : explain SELECT k FROM sbtest1 WHERE k BETWEEN 2115941 AND 2116041
	Index Only Scan using k_1 on sbtest1  (cost=0.43..10.60 rows=108 width=4)
	  Index Cond: ((k >= 2115941) AND (k <= 2116041))

table 2 : explain SELECT k FROM sbtest2 WHERE k BETWEEN 2115941 AND 2116041
	Index Only Scan using k_2 on sbtest2  (cost=0.43..10.46 rows=101 width=4)
	  Index Cond: ((k >= 2115941) AND (k <= 2116041))

table 3 : explain SELECT k FROM sbtest3 WHERE k BETWEEN 2115941 AND 2116041
	Index Only Scan using k_3 on sbtest3  (cost=0.43..10.56 rows=106 width=4)
	  Index Cond: ((k >= 2115941) AND (k <= 2116041))

table 4 : explain SELECT k FROM sbtest4 WHERE k BETWEEN 2115941 AND 2116041
	Index Only Scan using k_4 on sbtest4  (cost=0.43..10.40 rows=98 width=4)
	  Index Cond: ((k >= 2115941) AND (k <= 2116041))

table 5 : explain SELECT k FROM sbtest5 WHERE k BETWEEN 2115941 AND 2116041
	Index Only Scan using k_5 on sbtest5  (cost=0.43..10.51 rows=104 width=4)
	  Index Cond: ((k >= 2115941) AND (k <= 2116041))

table 6 : explain SELECT k FROM sbtest6 WHERE k BETWEEN 2115941 AND 2116041
	Index Only Scan using k_6 on sbtest6  (cost=0.43..10.36 rows=96 width=4)
	  Index Cond: ((k >= 2115941) AND (k <= 2116041))

table 7 : explain SELECT k FROM sbtest7 WHERE k BETWEEN 2115941 AND 2116041
	Index Only Scan using k_7 on sbtest7  (cost=0.43..10.38 rows=97 width=4)
	  Index Cond: ((k >= 2115941) AND (k <= 2116041))

table 8 : explain SELECT k FROM sbtest8 WHERE k BETWEEN 2115941 AND 2116041
	Index Only Scan using k_8 on sbtest8  (cost=0.43..10.50 rows=103 width=4)
	  Index Cond: ((k >= 2115941) AND (k <= 2116041))

explain: for range-covered :: explain SELECT k FROM sbtest%d WHERE k BETWEEN 5308518 AND 5308618
explain: for range-covered :: explain SELECT k FROM sbtest%d WHERE k BETWEEN 2115941 AND 2116041
for range-covered
table 1 : explain SELECT k FROM sbtest1 WHERE k BETWEEN 3852101 AND 3852201
	Index Only Scan using k_1 on sbtest1  (cost=0.43..10.72 rows=114 width=4)
	  Index Cond: ((k >= 3852101) AND (k <= 3852201))

table 2 : explain SELECT k FROM sbtest2 WHERE k BETWEEN 3852101 AND 3852201
	Index Only Scan using k_2 on sbtest2  (cost=0.43..10.51 rows=104 width=4)
	  Index Cond: ((k >= 3852101) AND (k <= 3852201))

table 3 : explain SELECT k FROM sbtest3 WHERE k BETWEEN 3852101 AND 3852201
	Index Only Scan using k_3 on sbtest3  (cost=0.43..10.60 rows=108 width=4)
	  Index Cond: ((k >= 3852101) AND (k <= 3852201))

table 4 : explain SELECT k FROM sbtest4 WHERE k BETWEEN 3852101 AND 3852201
	Index Only Scan using k_4 on sbtest4  (cost=0.43..10.65 rows=111 width=4)
	  Index Cond: ((k >= 3852101) AND (k <= 3852201))

table 5 : explain SELECT k FROM sbtest5 WHERE k BETWEEN 3852101 AND 3852201
	Index Only Scan using k_5 on sbtest5  (cost=0.43..10.24 rows=90 width=4)
	  Index Cond: ((k >= 3852101) AND (k <= 3852201))

table 6 : explain SELECT k FROM sbtest6 WHERE k BETWEEN 3852101 AND 3852201
	Index Only Scan using k_6 on sbtest6  (cost=0.43..10.70 rows=113 width=4)
	  Index Cond: ((k >= 3852101) AND (k <= 3852201))

table 7 : explain SELECT k FROM sbtest7 WHERE k BETWEEN 3852101 AND 3852201
	Index Only Scan using k_7 on sbtest7  (cost=0.43..10.58 rows=107 width=4)
	  Index Cond: ((k >= 3852101) AND (k <= 3852201))

table 8 : explain SELECT k FROM sbtest8 WHERE k BETWEEN 3852101 AND 3852201
	Index Only Scan using k_8 on sbtest8  (cost=0.43..10.42 rows=99 width=4)
	  Index Cond: ((k >= 3852101) AND (k <= 3852201))

explain: for range-covered :: explain SELECT k FROM sbtest%d WHERE k BETWEEN 3852101 AND 3852201
for range-covered
table 1 : explain SELECT k FROM sbtest1 WHERE k BETWEEN 1148837 AND 1148937
	Index Only Scan using k_1 on sbtest1  (cost=0.43..10.60 rows=108 width=4)
	  Index Cond: ((k >= 1148837) AND (k <= 1148937))

table 2 : explain SELECT k FROM sbtest2 WHERE k BETWEEN 1148837 AND 1148937
	Index Only Scan using k_2 on sbtest2  (cost=0.43..10.47 rows=102 width=4)
	  Index Cond: ((k >= 1148837) AND (k <= 1148937))

table 3 : explain SELECT k FROM sbtest3 WHERE k BETWEEN 1148837 AND 1148937
	Index Only Scan using k_3 on sbtest3  (cost=0.43..10.22 rows=89 width=4)
	  Index Cond: ((k >= 1148837) AND (k <= 1148937))

table 4 : explain SELECT k FROM sbtest4 WHERE k BETWEEN 1148837 AND 1148937
	Index Only Scan using k_4 on sbtest4  (cost=0.43..10.44 rows=100 width=4)
	  Index Cond: ((k >= 1148837) AND (k <= 1148937))

table 5 : explain SELECT k FROM sbtest5 WHERE k BETWEEN 1148837 AND 1148937
	Index Only Scan using k_5 on sbtest5  (cost=0.43..10.42 rows=99 width=4)
	  Index Cond: ((k >= 1148837) AND (k <= 1148937))

table 6 : explain SELECT k FROM sbtest6 WHERE k BETWEEN 1148837 AND 1148937
	Index Only Scan using k_6 on sbtest6  (cost=0.43..10.47 rows=102 width=4)
	  Index Cond: ((k >= 1148837) AND (k <= 1148937))

table 7 : explain SELECT k FROM sbtest7 WHERE k BETWEEN 1148837 AND 1148937
	Index Only Scan using k_7 on sbtest7  (cost=0.43..10.68 rows=112 width=4)
	  Index Cond: ((k >= 1148837) AND (k <= 1148937))

table 8 : explain SELECT k FROM sbtest8 WHERE k BETWEEN 1148837 AND 1148937
	Index Only Scan using k_8 on sbtest8  (cost=0.43..10.47 rows=102 width=4)
	  Index Cond: ((k >= 1148837) AND (k <= 1148937))

explain: for range-covered :: explain SELECT k FROM sbtest%d WHERE k BETWEEN 1148837 AND 1148937
for range-covered
table 1 : explain SELECT k FROM sbtest1 WHERE k BETWEEN 3281656 AND 3281756
	Index Only Scan using k_1 on sbtest1  (cost=0.43..10.42 rows=99 width=4)
	  Index Cond: ((k >= 3281656) AND (k <= 3281756))

table 2 : explain SELECT k FROM sbtest2 WHERE k BETWEEN 3281656 AND 3281756
	Index Only Scan using k_2 on sbtest2  (cost=0.43..10.42 rows=99 width=4)
	  Index Cond: ((k >= 3281656) AND (k <= 3281756))

table 3 : explain SELECT k FROM sbtest3 WHERE k BETWEEN 3281656 AND 3281756
	Index Only Scan using k_3 on sbtest3  (cost=0.43..10.56 rows=106 width=4)
	  Index Cond: ((k >= 3281656) AND (k <= 3281756))

table 4 : explain SELECT k FROM sbtest4 WHERE k BETWEEN 3281656 AND 3281756
	Index Only Scan using k_4 on sbtest4  (cost=0.43..10.50 rows=103 width=4)
	  Index Cond: ((k >= 3281656) AND (k <= 3281756))

table 5 : explain SELECT k FROM sbtest5 WHERE k BETWEEN 3281656 AND 3281756
	Index Only Scan using k_5 on sbtest5  (cost=0.43..10.44 rows=100 width=4)
	  Index Cond: ((k >= 3281656) AND (k <= 3281756))

table 6 : explain SELECT k FROM sbtest6 WHERE k BETWEEN 3281656 AND 3281756
	Index Only Scan using k_6 on sbtest6  (cost=0.43..10.60 rows=108 width=4)
	  Index Cond: ((k >= 3281656) AND (k <= 3281756))

table 7 : explain SELECT k FROM sbtest7 WHERE k BETWEEN 3281656 AND 3281756
	Index Only Scan using k_7 on sbtest7  (cost=0.43..10.62 rows=109 width=4)
	  Index Cond: ((k >= 3281656) AND (k <= 3281756))

table 8 : explain SELECT k FROM sbtest8 WHERE k BETWEEN 3281656 AND 3281756
	Index Only Scan using k_8 on sbtest8  (cost=0.43..10.36 rows=96 width=4)
	  Index Cond: ((k >= 3281656) AND (k <= 3281756))

explain: for range-covered :: explain SELECT k FROM sbtest%d WHERE k BETWEEN 3281656 AND 3281756
for range-covered
table 1 : explain SELECT k FROM sbtest1 WHERE k BETWEEN 3754099 AND 3754199
	Index Only Scan using k_1 on sbtest1  (cost=0.43..10.26 rows=91 width=4)
	  Index Cond: ((k >= 3754099) AND (k <= 3754199))

table 2 : explain SELECT k FROM sbtest2 WHERE k BETWEEN 3754099 AND 3754199
	Index Only Scan using k_2 on sbtest2  (cost=0.43..10.62 rows=109 width=4)
	  Index Cond: ((k >= 3754099) AND (k <= 3754199))

table 3 : explain SELECT k FROM sbtest3 WHERE k BETWEEN 3754099 AND 3754199
	Index Only Scan using k_3 on sbtest3  (cost=0.43..10.32 rows=94 width=4)
	  Index Cond: ((k >= 3754099) AND (k <= 3754199))

table 4 : explain SELECT k FROM sbtest4 WHERE k BETWEEN 3754099 AND 3754199
	Index Only Scan using k_4 on sbtest4  (cost=0.43..10.47 rows=102 width=4)
	  Index Cond: ((k >= 3754099) AND (k <= 3754199))

table 5 : explain SELECT k FROM sbtest5 WHERE k BETWEEN 3754099 AND 3754199
	Index Only Scan using k_5 on sbtest5  (cost=0.43..10.60 rows=108 width=4)
	  Index Cond: ((k >= 3754099) AND (k <= 3754199))

table 6 : explain SELECT k FROM sbtest6 WHERE k BETWEEN 3754099 AND 3754199
	Index Only Scan using k_6 on sbtest6  (cost=0.43..10.51 rows=104 width=4)
	  Index Cond: ((k >= 3754099) AND (k <= 3754199))

table 7 : explain SELECT k FROM sbtest7 WHERE k BETWEEN 3754099 AND 3754199
	Index Only Scan using k_7 on sbtest7  (cost=0.43..10.44 rows=100 width=4)
	  Index Cond: ((k >= 3754099) AND (k <= 3754199))

table 8 : explain SELECT k FROM sbtest8 WHERE k BETWEEN 3754099 AND 3754199
	Index Only Scan using k_8 on sbtest8  (cost=0.43..10.58 rows=107 width=4)
	  Index Cond: ((k >= 3754099) AND (k <= 3754199))

for range-covered
table 1 : explain SELECT k FROM sbtest1 WHERE k BETWEEN 2115941 AND 2116041
	Index Only Scan using k_1 on sbtest1  (cost=0.43..10.60 rows=108 width=4)
	  Index Cond: ((k >= 2115941) AND (k <= 2116041))

table 2 : explain SELECT k FROM sbtest2 WHERE k BETWEEN 2115941 AND 2116041
	Index Only Scan using k_2 on sbtest2  (cost=0.43..10.46 rows=101 width=4)
	  Index Cond: ((k >= 2115941) AND (k <= 2116041))

table 3 : explain SELECT k FROM sbtest3 WHERE k BETWEEN 2115941 AND 2116041
	Index Only Scan using k_3 on sbtest3  (cost=0.43..10.56 rows=106 width=4)
	  Index Cond: ((k >= 2115941) AND (k <= 2116041))

table 4 : explain SELECT k FROM sbtest4 WHERE k BETWEEN 2115941 AND 2116041
	Index Only Scan using k_4 on sbtest4  (cost=0.43..10.40 rows=98 width=4)
	  Index Cond: ((k >= 2115941) AND (k <= 2116041))

table 5 : explain SELECT k FROM sbtest5 WHERE k BETWEEN 2115941 AND 2116041
	Index Only Scan using k_5 on sbtest5  (cost=0.43..10.51 rows=104 width=4)
	  Index Cond: ((k >= 2115941) AND (k <= 2116041))

table 6 : explain SELECT k FROM sbtest6 WHERE k BETWEEN 2115941 AND 2116041
	Index Only Scan using k_6 on sbtest6  (cost=0.43..10.36 rows=96 width=4)
	  Index Cond: ((k >= 2115941) AND (k <= 2116041))

table 7 : explain SELECT k FROM sbtest7 WHERE k BETWEEN 2115941 AND 2116041
	Index Only Scan using k_7 on sbtest7  (cost=0.43..10.38 rows=97 width=4)
	  Index Cond: ((k >= 2115941) AND (k <= 2116041))

table 8 : explain SELECT k FROM sbtest8 WHERE k BETWEEN 2115941 AND 2116041
	Index Only Scan using k_8 on sbtest8  (cost=0.43..10.50 rows=103 width=4)
	  Index Cond: ((k >= 2115941) AND (k <= 2116041))

for range-covered
table 1 : explain SELECT k FROM sbtest1 WHERE k BETWEEN 5308518 AND 5308618
	Index Only Scan using k_1 on sbtest1  (cost=0.43..10.70 rows=113 width=4)
	  Index Cond: ((k >= 5308518) AND (k <= 5308618))

table 2 : explain SELECT k FROM sbtest2 WHERE k BETWEEN 5308518 AND 5308618
	Index Only Scan using k_2 on sbtest2  (cost=0.43..10.42 rows=99 width=4)
	  Index Cond: ((k >= 5308518) AND (k <= 5308618))

table 3 : explain SELECT k FROM sbtest3 WHERE k BETWEEN 5308518 AND 5308618
	Index Only Scan using k_3 on sbtest3  (cost=0.43..10.33 rows=95 width=4)
	  Index Cond: ((k >= 5308518) AND (k <= 5308618))

table 4 : explain SELECT k FROM sbtest4 WHERE k BETWEEN 5308518 AND 5308618
	Index Only Scan using k_4 on sbtest4  (cost=0.43..10.47 rows=102 width=4)
	  Index Cond: ((k >= 5308518) AND (k <= 5308618))

table 5 : explain SELECT k FROM sbtest5 WHERE k BETWEEN 5308518 AND 5308618
	Index Only Scan using k_5 on sbtest5  (cost=0.43..10.54 rows=105 width=4)
	  Index Cond: ((k >= 5308518) AND (k <= 5308618))

table 6 : explain SELECT k FROM sbtest6 WHERE k BETWEEN 5308518 AND 5308618
	Index Only Scan using k_6 on sbtest6  (cost=0.43..10.33 rows=95 width=4)
	  Index Cond: ((k >= 5308518) AND (k <= 5308618))

table 7 : explain SELECT k FROM sbtest7 WHERE k BETWEEN 5308518 AND 5308618
	Index Only Scan using k_7 on sbtest7  (cost=0.43..10.33 rows=95 width=4)
	  Index Cond: ((k >= 5308518) AND (k <= 5308618))

table 8 : explain SELECT k FROM sbtest8 WHERE k BETWEEN 5308518 AND 5308618
	Index Only Scan using k_8 on sbtest8  (cost=0.43..10.44 rows=100 width=4)
	  Index Cond: ((k >= 5308518) AND (k <= 5308618))

explain: for range-covered :: explain SELECT k FROM sbtest%d WHERE k BETWEEN 3754099 AND 3754199
explain: for range-covered :: explain SELECT k FROM sbtest%d WHERE k BETWEEN 5308518 AND 5308618
for range-covered
table 1 : explain SELECT k FROM sbtest1 WHERE k BETWEEN 3852101 AND 3852201
	Index Only Scan using k_1 on sbtest1  (cost=0.43..10.72 rows=114 width=4)
	  Index Cond: ((k >= 3852101) AND (k <= 3852201))

table 2 : explain SELECT k FROM sbtest2 WHERE k BETWEEN 3852101 AND 3852201
	Index Only Scan using k_2 on sbtest2  (cost=0.43..10.51 rows=104 width=4)
	  Index Cond: ((k >= 3852101) AND (k <= 3852201))

table 3 : explain SELECT k FROM sbtest3 WHERE k BETWEEN 3852101 AND 3852201
	Index Only Scan using k_3 on sbtest3  (cost=0.43..10.60 rows=108 width=4)
	  Index Cond: ((k >= 3852101) AND (k <= 3852201))

table 4 : explain SELECT k FROM sbtest4 WHERE k BETWEEN 3852101 AND 3852201
	Index Only Scan using k_4 on sbtest4  (cost=0.43..10.65 rows=111 width=4)
	  Index Cond: ((k >= 3852101) AND (k <= 3852201))

table 5 : explain SELECT k FROM sbtest5 WHERE k BETWEEN 3852101 AND 3852201
	Index Only Scan using k_5 on sbtest5  (cost=0.43..10.24 rows=90 width=4)
	  Index Cond: ((k >= 3852101) AND (k <= 3852201))

table 6 : explain SELECT k FROM sbtest6 WHERE k BETWEEN 3852101 AND 3852201
	Index Only Scan using k_6 on sbtest6  (cost=0.43..10.70 rows=113 width=4)
	  Index Cond: ((k >= 3852101) AND (k <= 3852201))

table 7 : explain SELECT k FROM sbtest7 WHERE k BETWEEN 3852101 AND 3852201
	Index Only Scan using k_7 on sbtest7  (cost=0.43..10.58 rows=107 width=4)
	  Index Cond: ((k >= 3852101) AND (k <= 3852201))

table 8 : explain SELECT k FROM sbtest8 WHERE k BETWEEN 3852101 AND 3852201
	Index Only Scan using k_8 on sbtest8  (cost=0.43..10.42 rows=99 width=4)
	  Index Cond: ((k >= 3852101) AND (k <= 3852201))

explain: for range-covered :: explain SELECT k FROM sbtest%d WHERE k BETWEEN 3852101 AND 3852201
for range-covered
table 1 : explain SELECT k FROM sbtest1 WHERE k BETWEEN 3281656 AND 3281756
	Index Only Scan using k_1 on sbtest1  (cost=0.43..10.42 rows=99 width=4)
	  Index Cond: ((k >= 3281656) AND (k <= 3281756))

table 2 : explain SELECT k FROM sbtest2 WHERE k BETWEEN 3281656 AND 3281756
	Index Only Scan using k_2 on sbtest2  (cost=0.43..10.42 rows=99 width=4)
	  Index Cond: ((k >= 3281656) AND (k <= 3281756))

table 3 : explain SELECT k FROM sbtest3 WHERE k BETWEEN 3281656 AND 3281756
	Index Only Scan using k_3 on sbtest3  (cost=0.43..10.56 rows=106 width=4)
	  Index Cond: ((k >= 3281656) AND (k <= 3281756))

table 4 : explain SELECT k FROM sbtest4 WHERE k BETWEEN 3281656 AND 3281756
	Index Only Scan using k_4 on sbtest4  (cost=0.43..10.50 rows=103 width=4)
	  Index Cond: ((k >= 3281656) AND (k <= 3281756))

table 5 : explain SELECT k FROM sbtest5 WHERE k BETWEEN 3281656 AND 3281756
	Index Only Scan using k_5 on sbtest5  (cost=0.43..10.44 rows=100 width=4)
	  Index Cond: ((k >= 3281656) AND (k <= 3281756))

table 6 : explain SELECT k FROM sbtest6 WHERE k BETWEEN 3281656 AND 3281756
	Index Only Scan using k_6 on sbtest6  (cost=0.43..10.60 rows=108 width=4)
	  Index Cond: ((k >= 3281656) AND (k <= 3281756))

table 7 : explain SELECT k FROM sbtest7 WHERE k BETWEEN 3281656 AND 3281756
	Index Only Scan using k_7 on sbtest7  (cost=0.43..10.62 rows=109 width=4)
	  Index Cond: ((k >= 3281656) AND (k <= 3281756))

table 8 : explain SELECT k FROM sbtest8 WHERE k BETWEEN 3281656 AND 3281756
	Index Only Scan using k_8 on sbtest8  (cost=0.43..10.36 rows=96 width=4)
	  Index Cond: ((k >= 3281656) AND (k <= 3281756))

explain: for range-covered :: explain SELECT k FROM sbtest%d WHERE k BETWEEN 3281656 AND 3281756
for range-covered
table 1 : explain SELECT k FROM sbtest1 WHERE k BETWEEN 3102348 AND 3102448
	Index Only Scan using k_1 on sbtest1  (cost=0.43..10.62 rows=109 width=4)
	  Index Cond: ((k >= 3102348) AND (k <= 3102448))

table 2 : explain SELECT k FROM sbtest2 WHERE k BETWEEN 3102348 AND 3102448
	Index Only Scan using k_2 on sbtest2  (cost=0.43..10.56 rows=106 width=4)
	  Index Cond: ((k >= 3102348) AND (k <= 3102448))

table 3 : explain SELECT k FROM sbtest3 WHERE k BETWEEN 3102348 AND 3102448
	Index Only Scan using k_3 on sbtest3  (cost=0.43..10.44 rows=100 width=4)
	  Index Cond: ((k >= 3102348) AND (k <= 3102448))

table 4 : explain SELECT k FROM sbtest4 WHERE k BETWEEN 3102348 AND 3102448
	Index Only Scan using k_4 on sbtest4  (cost=0.43..10.60 rows=108 width=4)
	  Index Cond: ((k >= 3102348) AND (k <= 3102448))

table 5 : explain SELECT k FROM sbtest5 WHERE k BETWEEN 3102348 AND 3102448
	Index Only Scan using k_5 on sbtest5  (cost=0.43..10.51 rows=104 width=4)
	  Index Cond: ((k >= 3102348) AND (k <= 3102448))

table 6 : explain SELECT k FROM sbtest6 WHERE k BETWEEN 3102348 AND 3102448
	Index Only Scan using k_6 on sbtest6  (cost=0.43..10.68 rows=112 width=4)
	  Index Cond: ((k >= 3102348) AND (k <= 3102448))

table 7 : explain SELECT k FROM sbtest7 WHERE k BETWEEN 3102348 AND 3102448
	Index Only Scan using k_7 on sbtest7  (cost=0.43..10.50 rows=103 width=4)
	  Index Cond: ((k >= 3102348) AND (k <= 3102448))

table 8 : explain SELECT k FROM sbtest8 WHERE k BETWEEN 3102348 AND 3102448
	Index Only Scan using k_8 on sbtest8  (cost=0.43..10.38 rows=97 width=4)
	  Index Cond: ((k >= 3102348) AND (k <= 3102448))

explain: for range-covered :: explain SELECT k FROM sbtest%d WHERE k BETWEEN 5170462 AND 5170562
explain: for range-covered :: explain SELECT k FROM sbtest%d WHERE k BETWEEN 3102348 AND 3102448
for range-covered
table 1 : explain SELECT k FROM sbtest1 WHERE k BETWEEN 5308518 AND 5308618
	Index Only Scan using k_1 on sbtest1  (cost=0.43..10.70 rows=113 width=4)
	  Index Cond: ((k >= 5308518) AND (k <= 5308618))

table 2 : explain SELECT k FROM sbtest2 WHERE k BETWEEN 5308518 AND 5308618
	Index Only Scan using k_2 on sbtest2  (cost=0.43..10.42 rows=99 width=4)
	  Index Cond: ((k >= 5308518) AND (k <= 5308618))

table 3 : explain SELECT k FROM sbtest3 WHERE k BETWEEN 5308518 AND 5308618
	Index Only Scan using k_3 on sbtest3  (cost=0.43..10.33 rows=95 width=4)
	  Index Cond: ((k >= 5308518) AND (k <= 5308618))

table 4 : explain SELECT k FROM sbtest4 WHERE k BETWEEN 5308518 AND 5308618
	Index Only Scan using k_4 on sbtest4  (cost=0.43..10.47 rows=102 width=4)
	  Index Cond: ((k >= 5308518) AND (k <= 5308618))

table 5 : explain SELECT k FROM sbtest5 WHERE k BETWEEN 5308518 AND 5308618
	Index Only Scan using k_5 on sbtest5  (cost=0.43..10.54 rows=105 width=4)
	  Index Cond: ((k >= 5308518) AND (k <= 5308618))

table 6 : explain SELECT k FROM sbtest6 WHERE k BETWEEN 5308518 AND 5308618
	Index Only Scan using k_6 on sbtest6  (cost=0.43..10.33 rows=95 width=4)
	  Index Cond: ((k >= 5308518) AND (k <= 5308618))

table 7 : explain SELECT k FROM sbtest7 WHERE k BETWEEN 5308518 AND 5308618
	Index Only Scan using k_7 on sbtest7  (cost=0.43..10.33 rows=95 width=4)
	  Index Cond: ((k >= 5308518) AND (k <= 5308618))

table 8 : explain SELECT k FROM sbtest8 WHERE k BETWEEN 5308518 AND 5308618
	Index Only Scan using k_8 on sbtest8  (cost=0.43..10.44 rows=100 width=4)
	  Index Cond: ((k >= 5308518) AND (k <= 5308618))

explain: for range-covered :: explain SELECT k FROM sbtest%d WHERE k BETWEEN 5308518 AND 5308618
for range-covered
table 1 : explain SELECT k FROM sbtest1 WHERE k BETWEEN 3852101 AND 3852201
	Index Only Scan using k_1 on sbtest1  (cost=0.43..10.72 rows=114 width=4)
	  Index Cond: ((k >= 3852101) AND (k <= 3852201))

table 2 : explain SELECT k FROM sbtest2 WHERE k BETWEEN 3852101 AND 3852201
	Index Only Scan using k_2 on sbtest2  (cost=0.43..10.51 rows=104 width=4)
	  Index Cond: ((k >= 3852101) AND (k <= 3852201))

table 3 : explain SELECT k FROM sbtest3 WHERE k BETWEEN 3852101 AND 3852201
	Index Only Scan using k_3 on sbtest3  (cost=0.43..10.60 rows=108 width=4)
	  Index Cond: ((k >= 3852101) AND (k <= 3852201))

table 4 : explain SELECT k FROM sbtest4 WHERE k BETWEEN 3852101 AND 3852201
	Index Only Scan using k_4 on sbtest4  (cost=0.43..10.65 rows=111 width=4)
	  Index Cond: ((k >= 3852101) AND (k <= 3852201))

table 5 : explain SELECT k FROM sbtest5 WHERE k BETWEEN 3852101 AND 3852201
	Index Only Scan using k_5 on sbtest5  (cost=0.43..10.24 rows=90 width=4)
	  Index Cond: ((k >= 3852101) AND (k <= 3852201))

table 6 : explain SELECT k FROM sbtest6 WHERE k BETWEEN 3852101 AND 3852201
	Index Only Scan using k_6 on sbtest6  (cost=0.43..10.70 rows=113 width=4)
	  Index Cond: ((k >= 3852101) AND (k <= 3852201))

table 7 : explain SELECT k FROM sbtest7 WHERE k BETWEEN 3852101 AND 3852201
	Index Only Scan using k_7 on sbtest7  (cost=0.43..10.58 rows=107 width=4)
	  Index Cond: ((k >= 3852101) AND (k <= 3852201))

table 8 : explain SELECT k FROM sbtest8 WHERE k BETWEEN 3852101 AND 3852201
	Index Only Scan using k_8 on sbtest8  (cost=0.43..10.42 rows=99 width=4)
	  Index Cond: ((k >= 3852101) AND (k <= 3852201))

for range-covered
table 1 : explain SELECT k FROM sbtest1 WHERE k BETWEEN 3754099 AND 3754199
	Index Only Scan using k_1 on sbtest1  (cost=0.43..10.26 rows=91 width=4)
	  Index Cond: ((k >= 3754099) AND (k <= 3754199))

table 2 : explain SELECT k FROM sbtest2 WHERE k BETWEEN 3754099 AND 3754199
	Index Only Scan using k_2 on sbtest2  (cost=0.43..10.62 rows=109 width=4)
	  Index Cond: ((k >= 3754099) AND (k <= 3754199))

table 3 : explain SELECT k FROM sbtest3 WHERE k BETWEEN 3754099 AND 3754199
	Index Only Scan using k_3 on sbtest3  (cost=0.43..10.32 rows=94 width=4)
	  Index Cond: ((k >= 3754099) AND (k <= 3754199))

table 4 : explain SELECT k FROM sbtest4 WHERE k BETWEEN 3754099 AND 3754199
	Index Only Scan using k_4 on sbtest4  (cost=0.43..10.47 rows=102 width=4)
	  Index Cond: ((k >= 3754099) AND (k <= 3754199))

table 5 : explain SELECT k FROM sbtest5 WHERE k BETWEEN 3754099 AND 3754199
	Index Only Scan using k_5 on sbtest5  (cost=0.43..10.60 rows=108 width=4)
	  Index Cond: ((k >= 3754099) AND (k <= 3754199))

table 6 : explain SELECT k FROM sbtest6 WHERE k BETWEEN 3754099 AND 3754199
	Index Only Scan using k_6 on sbtest6  (cost=0.43..10.51 rows=104 width=4)
	  Index Cond: ((k >= 3754099) AND (k <= 3754199))

table 7 : explain SELECT k FROM sbtest7 WHERE k BETWEEN 3754099 AND 3754199
	Index Only Scan using k_7 on sbtest7  (cost=0.43..10.44 rows=100 width=4)
	  Index Cond: ((k >= 3754099) AND (k <= 3754199))

table 8 : explain SELECT k FROM sbtest8 WHERE k BETWEEN 3754099 AND 3754199
	Index Only Scan using k_8 on sbtest8  (cost=0.43..10.58 rows=107 width=4)
	  Index Cond: ((k >= 3754099) AND (k <= 3754199))

explain: for range-covered :: explain SELECT k FROM sbtest%d WHERE k BETWEEN 3852101 AND 3852201
explain: for range-covered :: explain SELECT k FROM sbtest%d WHERE k BETWEEN 3754099 AND 3754199
for range-covered
table 1 : explain SELECT k FROM sbtest1 WHERE k BETWEEN 4727151 AND 4727251
	Index Only Scan using k_1 on sbtest1  (cost=0.43..10.36 rows=96 width=4)
	  Index Cond: ((k >= 4727151) AND (k <= 4727251))

table 2 : explain SELECT k FROM sbtest2 WHERE k BETWEEN 4727151 AND 4727251
	Index Only Scan using k_2 on sbtest2  (cost=0.43..10.44 rows=100 width=4)
	  Index Cond: ((k >= 4727151) AND (k <= 4727251))

table 3 : explain SELECT k FROM sbtest3 WHERE k BETWEEN 4727151 AND 4727251
	Index Only Scan using k_3 on sbtest3  (cost=0.43..10.47 rows=102 width=4)
	  Index Cond: ((k >= 4727151) AND (k <= 4727251))

table 4 : explain SELECT k FROM sbtest4 WHERE k BETWEEN 4727151 AND 4727251
	Index Only Scan using k_4 on sbtest4  (cost=0.43..10.47 rows=102 width=4)
	  Index Cond: ((k >= 4727151) AND (k <= 4727251))

table 5 : explain SELECT k FROM sbtest5 WHERE k BETWEEN 4727151 AND 4727251
	Index Only Scan using k_5 on sbtest5  (cost=0.43..10.83 rows=120 width=4)
	  Index Cond: ((k >= 4727151) AND (k <= 4727251))

table 6 : explain SELECT k FROM sbtest6 WHERE k BETWEEN 4727151 AND 4727251
	Index Only Scan using k_6 on sbtest6  (cost=0.43..10.65 rows=111 width=4)
	  Index Cond: ((k >= 4727151) AND (k <= 4727251))

table 7 : explain SELECT k FROM sbtest7 WHERE k BETWEEN 4727151 AND 4727251
	Index Only Scan using k_7 on sbtest7  (cost=0.43..10.54 rows=105 width=4)
	  Index Cond: ((k >= 4727151) AND (k <= 4727251))

table 8 : explain SELECT k FROM sbtest8 WHERE k BETWEEN 4727151 AND 4727251
	Index Only Scan using k_8 on sbtest8  (cost=0.43..10.54 rows=105 width=4)
	  Index Cond: ((k >= 4727151) AND (k <= 4727251))

explain: for range-covered :: explain SELECT k FROM sbtest%d WHERE k BETWEEN 4727151 AND 4727251
for range-covered
table 1 : explain SELECT k FROM sbtest1 WHERE k BETWEEN 3281656 AND 3281756
	Index Only Scan using k_1 on sbtest1  (cost=0.43..10.42 rows=99 width=4)
	  Index Cond: ((k >= 3281656) AND (k <= 3281756))

table 2 : explain SELECT k FROM sbtest2 WHERE k BETWEEN 3281656 AND 3281756
	Index Only Scan using k_2 on sbtest2  (cost=0.43..10.42 rows=99 width=4)
	  Index Cond: ((k >= 3281656) AND (k <= 3281756))

table 3 : explain SELECT k FROM sbtest3 WHERE k BETWEEN 3281656 AND 3281756
	Index Only Scan using k_3 on sbtest3  (cost=0.43..10.56 rows=106 width=4)
	  Index Cond: ((k >= 3281656) AND (k <= 3281756))

table 4 : explain SELECT k FROM sbtest4 WHERE k BETWEEN 3281656 AND 3281756
	Index Only Scan using k_4 on sbtest4  (cost=0.43..10.50 rows=103 width=4)
	  Index Cond: ((k >= 3281656) AND (k <= 3281756))

table 5 : explain SELECT k FROM sbtest5 WHERE k BETWEEN 3281656 AND 3281756
	Index Only Scan using k_5 on sbtest5  (cost=0.43..10.44 rows=100 width=4)
	  Index Cond: ((k >= 3281656) AND (k <= 3281756))

table 6 : explain SELECT k FROM sbtest6 WHERE k BETWEEN 3281656 AND 3281756
	Index Only Scan using k_6 on sbtest6  (cost=0.43..10.60 rows=108 width=4)
	  Index Cond: ((k >= 3281656) AND (k <= 3281756))

table 7 : explain SELECT k FROM sbtest7 WHERE k BETWEEN 3281656 AND 3281756
	Index Only Scan using k_7 on sbtest7  (cost=0.43..10.62 rows=109 width=4)
	  Index Cond: ((k >= 3281656) AND (k <= 3281756))

table 8 : explain SELECT k FROM sbtest8 WHERE k BETWEEN 3281656 AND 3281756
	Index Only Scan using k_8 on sbtest8  (cost=0.43..10.36 rows=96 width=4)
	  Index Cond: ((k >= 3281656) AND (k <= 3281756))

explain: for range-covered :: explain SELECT k FROM sbtest%d WHERE k BETWEEN 8598798 AND 8598898
explain: for range-covered :: explain SELECT k FROM sbtest%d WHERE k BETWEEN 3281656 AND 3281756
for range-covered
table 1 : explain SELECT k FROM sbtest1 WHERE k BETWEEN 3102348 AND 3102448
	Index Only Scan using k_1 on sbtest1  (cost=0.43..10.62 rows=109 width=4)
	  Index Cond: ((k >= 3102348) AND (k <= 3102448))

table 2 : explain SELECT k FROM sbtest2 WHERE k BETWEEN 3102348 AND 3102448
	Index Only Scan using k_2 on sbtest2  (cost=0.43..10.56 rows=106 width=4)
	  Index Cond: ((k >= 3102348) AND (k <= 3102448))

table 3 : explain SELECT k FROM sbtest3 WHERE k BETWEEN 3102348 AND 3102448
	Index Only Scan using k_3 on sbtest3  (cost=0.43..10.44 rows=100 width=4)
	  Index Cond: ((k >= 3102348) AND (k <= 3102448))

table 4 : explain SELECT k FROM sbtest4 WHERE k BETWEEN 3102348 AND 3102448
	Index Only Scan using k_4 on sbtest4  (cost=0.43..10.60 rows=108 width=4)
	  Index Cond: ((k >= 3102348) AND (k <= 3102448))

table 5 : explain SELECT k FROM sbtest5 WHERE k BETWEEN 3102348 AND 3102448
	Index Only Scan using k_5 on sbtest5  (cost=0.43..10.51 rows=104 width=4)
	  Index Cond: ((k >= 3102348) AND (k <= 3102448))

table 6 : explain SELECT k FROM sbtest6 WHERE k BETWEEN 3102348 AND 3102448
	Index Only Scan using k_6 on sbtest6  (cost=0.43..10.68 rows=112 width=4)
	  Index Cond: ((k >= 3102348) AND (k <= 3102448))

table 7 : explain SELECT k FROM sbtest7 WHERE k BETWEEN 3102348 AND 3102448
	Index Only Scan using k_7 on sbtest7  (cost=0.43..10.50 rows=103 width=4)
	  Index Cond: ((k >= 3102348) AND (k <= 3102448))

table 8 : explain SELECT k FROM sbtest8 WHERE k BETWEEN 3102348 AND 3102448
	Index Only Scan using k_8 on sbtest8  (cost=0.43..10.38 rows=97 width=4)
	  Index Cond: ((k >= 3102348) AND (k <= 3102448))

for range-covered
table 1 : explain SELECT k FROM sbtest1 WHERE k BETWEEN 5308518 AND 5308618
	Index Only Scan using k_1 on sbtest1  (cost=0.43..10.70 rows=113 width=4)
	  Index Cond: ((k >= 5308518) AND (k <= 5308618))

table 2 : explain SELECT k FROM sbtest2 WHERE k BETWEEN 5308518 AND 5308618
	Index Only Scan using k_2 on sbtest2  (cost=0.43..10.42 rows=99 width=4)
	  Index Cond: ((k >= 5308518) AND (k <= 5308618))

table 3 : explain SELECT k FROM sbtest3 WHERE k BETWEEN 5308518 AND 5308618
	Index Only Scan using k_3 on sbtest3  (cost=0.43..10.33 rows=95 width=4)
	  Index Cond: ((k >= 5308518) AND (k <= 5308618))

table 4 : explain SELECT k FROM sbtest4 WHERE k BETWEEN 5308518 AND 5308618
	Index Only Scan using k_4 on sbtest4  (cost=0.43..10.47 rows=102 width=4)
	  Index Cond: ((k >= 5308518) AND (k <= 5308618))

table 5 : explain SELECT k FROM sbtest5 WHERE k BETWEEN 5308518 AND 5308618
	Index Only Scan using k_5 on sbtest5  (cost=0.43..10.54 rows=105 width=4)
	  Index Cond: ((k >= 5308518) AND (k <= 5308618))

table 6 : explain SELECT k FROM sbtest6 WHERE k BETWEEN 5308518 AND 5308618
	Index Only Scan using k_6 on sbtest6  (cost=0.43..10.33 rows=95 width=4)
	  Index Cond: ((k >= 5308518) AND (k <= 5308618))

table 7 : explain SELECT k FROM sbtest7 WHERE k BETWEEN 5308518 AND 5308618
	Index Only Scan using k_7 on sbtest7  (cost=0.43..10.33 rows=95 width=4)
	  Index Cond: ((k >= 5308518) AND (k <= 5308618))

table 8 : explain SELECT k FROM sbtest8 WHERE k BETWEEN 5308518 AND 5308618
	Index Only Scan using k_8 on sbtest8  (cost=0.43..10.44 rows=100 width=4)
	  Index Cond: ((k >= 5308518) AND (k <= 5308618))

explain: for range-covered :: explain SELECT k FROM sbtest%d WHERE k BETWEEN 5308518 AND 5308618
for range-covered
table 1 : explain SELECT k FROM sbtest1 WHERE k BETWEEN 1148837 AND 1148937
	Index Only Scan using k_1 on sbtest1  (cost=0.43..10.60 rows=108 width=4)
	  Index Cond: ((k >= 1148837) AND (k <= 1148937))

table 2 : explain SELECT k FROM sbtest2 WHERE k BETWEEN 1148837 AND 1148937
	Index Only Scan using k_2 on sbtest2  (cost=0.43..10.47 rows=102 width=4)
	  Index Cond: ((k >= 1148837) AND (k <= 1148937))

table 3 : explain SELECT k FROM sbtest3 WHERE k BETWEEN 1148837 AND 1148937
	Index Only Scan using k_3 on sbtest3  (cost=0.43..10.22 rows=89 width=4)
	  Index Cond: ((k >= 1148837) AND (k <= 1148937))

table 4 : explain SELECT k FROM sbtest4 WHERE k BETWEEN 1148837 AND 1148937
	Index Only Scan using k_4 on sbtest4  (cost=0.43..10.44 rows=100 width=4)
	  Index Cond: ((k >= 1148837) AND (k <= 1148937))

table 5 : explain SELECT k FROM sbtest5 WHERE k BETWEEN 1148837 AND 1148937
	Index Only Scan using k_5 on sbtest5  (cost=0.43..10.42 rows=99 width=4)
	  Index Cond: ((k >= 1148837) AND (k <= 1148937))

table 6 : explain SELECT k FROM sbtest6 WHERE k BETWEEN 1148837 AND 1148937
	Index Only Scan using k_6 on sbtest6  (cost=0.43..10.47 rows=102 width=4)
	  Index Cond: ((k >= 1148837) AND (k <= 1148937))

table 7 : explain SELECT k FROM sbtest7 WHERE k BETWEEN 1148837 AND 1148937
	Index Only Scan using k_7 on sbtest7  (cost=0.43..10.68 rows=112 width=4)
	  Index Cond: ((k >= 1148837) AND (k <= 1148937))

table 8 : explain SELECT k FROM sbtest8 WHERE k BETWEEN 1148837 AND 1148937
	Index Only Scan using k_8 on sbtest8  (cost=0.43..10.47 rows=102 width=4)
	  Index Cond: ((k >= 1148837) AND (k <= 1148937))

explain: for range-covered :: explain SELECT k FROM sbtest%d WHERE k BETWEEN 1148837 AND 1148937
for range-covered
table 1 : explain SELECT k FROM sbtest1 WHERE k BETWEEN 3754099 AND 3754199
	Index Only Scan using k_1 on sbtest1  (cost=0.43..10.26 rows=91 width=4)
	  Index Cond: ((k >= 3754099) AND (k <= 3754199))

table 2 : explain SELECT k FROM sbtest2 WHERE k BETWEEN 3754099 AND 3754199
	Index Only Scan using k_2 on sbtest2  (cost=0.43..10.62 rows=109 width=4)
	  Index Cond: ((k >= 3754099) AND (k <= 3754199))

table 3 : explain SELECT k FROM sbtest3 WHERE k BETWEEN 3754099 AND 3754199
	Index Only Scan using k_3 on sbtest3  (cost=0.43..10.32 rows=94 width=4)
	  Index Cond: ((k >= 3754099) AND (k <= 3754199))

table 4 : explain SELECT k FROM sbtest4 WHERE k BETWEEN 3754099 AND 3754199
	Index Only Scan using k_4 on sbtest4  (cost=0.43..10.47 rows=102 width=4)
	  Index Cond: ((k >= 3754099) AND (k <= 3754199))

table 5 : explain SELECT k FROM sbtest5 WHERE k BETWEEN 3754099 AND 3754199
	Index Only Scan using k_5 on sbtest5  (cost=0.43..10.60 rows=108 width=4)
	  Index Cond: ((k >= 3754099) AND (k <= 3754199))

table 6 : explain SELECT k FROM sbtest6 WHERE k BETWEEN 3754099 AND 3754199
	Index Only Scan using k_6 on sbtest6  (cost=0.43..10.51 rows=104 width=4)
	  Index Cond: ((k >= 3754099) AND (k <= 3754199))

table 7 : explain SELECT k FROM sbtest7 WHERE k BETWEEN 3754099 AND 3754199
	Index Only Scan using k_7 on sbtest7  (cost=0.43..10.44 rows=100 width=4)
	  Index Cond: ((k >= 3754099) AND (k <= 3754199))

table 8 : explain SELECT k FROM sbtest8 WHERE k BETWEEN 3754099 AND 3754199
	Index Only Scan using k_8 on sbtest8  (cost=0.43..10.58 rows=107 width=4)
	  Index Cond: ((k >= 3754099) AND (k <= 3754199))

explain: for range-covered :: explain SELECT k FROM sbtest%d WHERE k BETWEEN 3754099 AND 3754199
for range-covered
table 1 : explain SELECT k FROM sbtest1 WHERE k BETWEEN 3281656 AND 3281756
	Index Only Scan using k_1 on sbtest1  (cost=0.43..10.42 rows=99 width=4)
	  Index Cond: ((k >= 3281656) AND (k <= 3281756))

table 2 : explain SELECT k FROM sbtest2 WHERE k BETWEEN 3281656 AND 3281756
	Index Only Scan using k_2 on sbtest2  (cost=0.43..10.42 rows=99 width=4)
	  Index Cond: ((k >= 3281656) AND (k <= 3281756))

table 3 : explain SELECT k FROM sbtest3 WHERE k BETWEEN 3281656 AND 3281756
	Index Only Scan using k_3 on sbtest3  (cost=0.43..10.56 rows=106 width=4)
	  Index Cond: ((k >= 3281656) AND (k <= 3281756))

table 4 : explain SELECT k FROM sbtest4 WHERE k BETWEEN 3281656 AND 3281756
	Index Only Scan using k_4 on sbtest4  (cost=0.43..10.50 rows=103 width=4)
	  Index Cond: ((k >= 3281656) AND (k <= 3281756))

table 5 : explain SELECT k FROM sbtest5 WHERE k BETWEEN 3281656 AND 3281756
	Index Only Scan using k_5 on sbtest5  (cost=0.43..10.44 rows=100 width=4)
	  Index Cond: ((k >= 3281656) AND (k <= 3281756))

table 6 : explain SELECT k FROM sbtest6 WHERE k BETWEEN 3281656 AND 3281756
	Index Only Scan using k_6 on sbtest6  (cost=0.43..10.60 rows=108 width=4)
	  Index Cond: ((k >= 3281656) AND (k <= 3281756))

table 7 : explain SELECT k FROM sbtest7 WHERE k BETWEEN 3281656 AND 3281756
	Index Only Scan using k_7 on sbtest7  (cost=0.43..10.62 rows=109 width=4)
	  Index Cond: ((k >= 3281656) AND (k <= 3281756))

table 8 : explain SELECT k FROM sbtest8 WHERE k BETWEEN 3281656 AND 3281756
	Index Only Scan using k_8 on sbtest8  (cost=0.43..10.36 rows=96 width=4)
	  Index Cond: ((k >= 3281656) AND (k <= 3281756))

explain: for range-covered :: explain SELECT k FROM sbtest%d WHERE k BETWEEN 3281656 AND 3281756
for range-covered
table 1 : explain SELECT k FROM sbtest1 WHERE k BETWEEN 5308518 AND 5308618
	Index Only Scan using k_1 on sbtest1  (cost=0.43..10.70 rows=113 width=4)
	  Index Cond: ((k >= 5308518) AND (k <= 5308618))

table 2 : explain SELECT k FROM sbtest2 WHERE k BETWEEN 5308518 AND 5308618
	Index Only Scan using k_2 on sbtest2  (cost=0.43..10.42 rows=99 width=4)
	  Index Cond: ((k >= 5308518) AND (k <= 5308618))

table 3 : explain SELECT k FROM sbtest3 WHERE k BETWEEN 5308518 AND 5308618
	Index Only Scan using k_3 on sbtest3  (cost=0.43..10.33 rows=95 width=4)
	  Index Cond: ((k >= 5308518) AND (k <= 5308618))

table 4 : explain SELECT k FROM sbtest4 WHERE k BETWEEN 5308518 AND 5308618
	Index Only Scan using k_4 on sbtest4  (cost=0.43..10.47 rows=102 width=4)
	  Index Cond: ((k >= 5308518) AND (k <= 5308618))

table 5 : explain SELECT k FROM sbtest5 WHERE k BETWEEN 5308518 AND 5308618
	Index Only Scan using k_5 on sbtest5  (cost=0.43..10.54 rows=105 width=4)
	  Index Cond: ((k >= 5308518) AND (k <= 5308618))

table 6 : explain SELECT k FROM sbtest6 WHERE k BETWEEN 5308518 AND 5308618
	Index Only Scan using k_6 on sbtest6  (cost=0.43..10.33 rows=95 width=4)
	  Index Cond: ((k >= 5308518) AND (k <= 5308618))

table 7 : explain SELECT k FROM sbtest7 WHERE k BETWEEN 5308518 AND 5308618
	Index Only Scan using k_7 on sbtest7  (cost=0.43..10.33 rows=95 width=4)
	  Index Cond: ((k >= 5308518) AND (k <= 5308618))

table 8 : explain SELECT k FROM sbtest8 WHERE k BETWEEN 5308518 AND 5308618
	Index Only Scan using k_8 on sbtest8  (cost=0.43..10.44 rows=100 width=4)
	  Index Cond: ((k >= 5308518) AND (k <= 5308618))

explain: for range-covered :: explain SELECT k FROM sbtest%d WHERE k BETWEEN 5308518 AND 5308618
for range-covered
table 1 : explain SELECT k FROM sbtest1 WHERE k BETWEEN 1148837 AND 1148937
	Index Only Scan using k_1 on sbtest1  (cost=0.43..10.60 rows=108 width=4)
	  Index Cond: ((k >= 1148837) AND (k <= 1148937))

table 2 : explain SELECT k FROM sbtest2 WHERE k BETWEEN 1148837 AND 1148937
	Index Only Scan using k_2 on sbtest2  (cost=0.43..10.47 rows=102 width=4)
	  Index Cond: ((k >= 1148837) AND (k <= 1148937))

table 3 : explain SELECT k FROM sbtest3 WHERE k BETWEEN 1148837 AND 1148937
	Index Only Scan using k_3 on sbtest3  (cost=0.43..10.22 rows=89 width=4)
	  Index Cond: ((k >= 1148837) AND (k <= 1148937))

table 4 : explain SELECT k FROM sbtest4 WHERE k BETWEEN 1148837 AND 1148937
	Index Only Scan using k_4 on sbtest4  (cost=0.43..10.44 rows=100 width=4)
	  Index Cond: ((k >= 1148837) AND (k <= 1148937))

table 5 : explain SELECT k FROM sbtest5 WHERE k BETWEEN 1148837 AND 1148937
	Index Only Scan using k_5 on sbtest5  (cost=0.43..10.42 rows=99 width=4)
	  Index Cond: ((k >= 1148837) AND (k <= 1148937))

table 6 : explain SELECT k FROM sbtest6 WHERE k BETWEEN 1148837 AND 1148937
	Index Only Scan using k_6 on sbtest6  (cost=0.43..10.47 rows=102 width=4)
	  Index Cond: ((k >= 1148837) AND (k <= 1148937))

table 7 : explain SELECT k FROM sbtest7 WHERE k BETWEEN 1148837 AND 1148937
	Index Only Scan using k_7 on sbtest7  (cost=0.43..10.68 rows=112 width=4)
	  Index Cond: ((k >= 1148837) AND (k <= 1148937))

table 8 : explain SELECT k FROM sbtest8 WHERE k BETWEEN 1148837 AND 1148937
	Index Only Scan using k_8 on sbtest8  (cost=0.43..10.47 rows=102 width=4)
	  Index Cond: ((k >= 1148837) AND (k <= 1148937))

explain: for range-covered :: explain SELECT k FROM sbtest%d WHERE k BETWEEN 1148837 AND 1148937
for range-covered
table 1 : explain SELECT k FROM sbtest1 WHERE k BETWEEN 3754099 AND 3754199
	Index Only Scan using k_1 on sbtest1  (cost=0.43..10.26 rows=91 width=4)
	  Index Cond: ((k >= 3754099) AND (k <= 3754199))

table 2 : explain SELECT k FROM sbtest2 WHERE k BETWEEN 3754099 AND 3754199
	Index Only Scan using k_2 on sbtest2  (cost=0.43..10.62 rows=109 width=4)
	  Index Cond: ((k >= 3754099) AND (k <= 3754199))

table 3 : explain SELECT k FROM sbtest3 WHERE k BETWEEN 3754099 AND 3754199
	Index Only Scan using k_3 on sbtest3  (cost=0.43..10.32 rows=94 width=4)
	  Index Cond: ((k >= 3754099) AND (k <= 3754199))

table 4 : explain SELECT k FROM sbtest4 WHERE k BETWEEN 3754099 AND 3754199
	Index Only Scan using k_4 on sbtest4  (cost=0.43..10.47 rows=102 width=4)
	  Index Cond: ((k >= 3754099) AND (k <= 3754199))

table 5 : explain SELECT k FROM sbtest5 WHERE k BETWEEN 3754099 AND 3754199
	Index Only Scan using k_5 on sbtest5  (cost=0.43..10.60 rows=108 width=4)
	  Index Cond: ((k >= 3754099) AND (k <= 3754199))

table 6 : explain SELECT k FROM sbtest6 WHERE k BETWEEN 3754099 AND 3754199
	Index Only Scan using k_6 on sbtest6  (cost=0.43..10.51 rows=104 width=4)
	  Index Cond: ((k >= 3754099) AND (k <= 3754199))

table 7 : explain SELECT k FROM sbtest7 WHERE k BETWEEN 3754099 AND 3754199
	Index Only Scan using k_7 on sbtest7  (cost=0.43..10.44 rows=100 width=4)
	  Index Cond: ((k >= 3754099) AND (k <= 3754199))

table 8 : explain SELECT k FROM sbtest8 WHERE k BETWEEN 3754099 AND 3754199
	Index Only Scan using k_8 on sbtest8  (cost=0.43..10.58 rows=107 width=4)
	  Index Cond: ((k >= 3754099) AND (k <= 3754199))

explain: for range-covered :: explain SELECT k FROM sbtest%d WHERE k BETWEEN 7436671 AND 7436771
for range-covered
table 1 : explain SELECT k FROM sbtest1 WHERE k BETWEEN 4727151 AND 4727251
	Index Only Scan using k_1 on sbtest1  (cost=0.43..10.36 rows=96 width=4)
	  Index Cond: ((k >= 4727151) AND (k <= 4727251))

table 2 : explain SELECT k FROM sbtest2 WHERE k BETWEEN 4727151 AND 4727251
	Index Only Scan using k_2 on sbtest2  (cost=0.43..10.44 rows=100 width=4)
	  Index Cond: ((k >= 4727151) AND (k <= 4727251))

table 3 : explain SELECT k FROM sbtest3 WHERE k BETWEEN 4727151 AND 4727251
	Index Only Scan using k_3 on sbtest3  (cost=0.43..10.47 rows=102 width=4)
	  Index Cond: ((k >= 4727151) AND (k <= 4727251))

table 4 : explain SELECT k FROM sbtest4 WHERE k BETWEEN 4727151 AND 4727251
	Index Only Scan using k_4 on sbtest4  (cost=0.43..10.47 rows=102 width=4)
	  Index Cond: ((k >= 4727151) AND (k <= 4727251))

table 5 : explain SELECT k FROM sbtest5 WHERE k BETWEEN 4727151 AND 4727251
	Index Only Scan using k_5 on sbtest5  (cost=0.43..10.83 rows=120 width=4)
	  Index Cond: ((k >= 4727151) AND (k <= 4727251))

table 6 : explain SELECT k FROM sbtest6 WHERE k BETWEEN 4727151 AND 4727251
	Index Only Scan using k_6 on sbtest6  (cost=0.43..10.65 rows=111 width=4)
	  Index Cond: ((k >= 4727151) AND (k <= 4727251))

table 7 : explain SELECT k FROM sbtest7 WHERE k BETWEEN 4727151 AND 4727251
	Index Only Scan using k_7 on sbtest7  (cost=0.43..10.54 rows=105 width=4)
	  Index Cond: ((k >= 4727151) AND (k <= 4727251))

table 8 : explain SELECT k FROM sbtest8 WHERE k BETWEEN 4727151 AND 4727251
	Index Only Scan using k_8 on sbtest8  (cost=0.43..10.54 rows=105 width=4)
	  Index Cond: ((k >= 4727151) AND (k <= 4727251))

for range-covered
table 1 : explain SELECT k FROM sbtest1 WHERE k BETWEEN 3852101 AND 3852201
	Index Only Scan using k_1 on sbtest1  (cost=0.43..10.72 rows=114 width=4)
	  Index Cond: ((k >= 3852101) AND (k <= 3852201))

table 2 : explain SELECT k FROM sbtest2 WHERE k BETWEEN 3852101 AND 3852201
	Index Only Scan using k_2 on sbtest2  (cost=0.43..10.51 rows=104 width=4)
	  Index Cond: ((k >= 3852101) AND (k <= 3852201))

table 3 : explain SELECT k FROM sbtest3 WHERE k BETWEEN 3852101 AND 3852201
	Index Only Scan using k_3 on sbtest3  (cost=0.43..10.60 rows=108 width=4)
	  Index Cond: ((k >= 3852101) AND (k <= 3852201))

table 4 : explain SELECT k FROM sbtest4 WHERE k BETWEEN 3852101 AND 3852201
	Index Only Scan using k_4 on sbtest4  (cost=0.43..10.65 rows=111 width=4)
	  Index Cond: ((k >= 3852101) AND (k <= 3852201))

table 5 : explain SELECT k FROM sbtest5 WHERE k BETWEEN 3852101 AND 3852201
	Index Only Scan using k_5 on sbtest5  (cost=0.43..10.24 rows=90 width=4)
	  Index Cond: ((k >= 3852101) AND (k <= 3852201))

table 6 : explain SELECT k FROM sbtest6 WHERE k BETWEEN 3852101 AND 3852201
	Index Only Scan using k_6 on sbtest6  (cost=0.43..10.70 rows=113 width=4)
	  Index Cond: ((k >= 3852101) AND (k <= 3852201))

table 7 : explain SELECT k FROM sbtest7 WHERE k BETWEEN 3852101 AND 3852201
	Index Only Scan using k_7 on sbtest7  (cost=0.43..10.58 rows=107 width=4)
	  Index Cond: ((k >= 3852101) AND (k <= 3852201))

table 8 : explain SELECT k FROM sbtest8 WHERE k BETWEEN 3852101 AND 3852201
	Index Only Scan using k_8 on sbtest8  (cost=0.43..10.42 rows=99 width=4)
	  Index Cond: ((k >= 3852101) AND (k <= 3852201))

explain: for range-covered :: explain SELECT k FROM sbtest%d WHERE k BETWEEN 4727151 AND 4727251
for range-covered
table 1 : explain SELECT k FROM sbtest1 WHERE k BETWEEN 3281656 AND 3281756
	Index Only Scan using k_1 on sbtest1  (cost=0.43..10.42 rows=99 width=4)
	  Index Cond: ((k >= 3281656) AND (k <= 3281756))

table 2 : explain SELECT k FROM sbtest2 WHERE k BETWEEN 3281656 AND 3281756
	Index Only Scan using k_2 on sbtest2  (cost=0.43..10.42 rows=99 width=4)
	  Index Cond: ((k >= 3281656) AND (k <= 3281756))

table 3 : explain SELECT k FROM sbtest3 WHERE k BETWEEN 3281656 AND 3281756
	Index Only Scan using k_3 on sbtest3  (cost=0.43..10.56 rows=106 width=4)
	  Index Cond: ((k >= 3281656) AND (k <= 3281756))

table 4 : explain SELECT k FROM sbtest4 WHERE k BETWEEN 3281656 AND 3281756
	Index Only Scan using k_4 on sbtest4  (cost=0.43..10.50 rows=103 width=4)
	  Index Cond: ((k >= 3281656) AND (k <= 3281756))

table 5 : explain SELECT k FROM sbtest5 WHERE k BETWEEN 3281656 AND 3281756
	Index Only Scan using k_5 on sbtest5  (cost=0.43..10.44 rows=100 width=4)
	  Index Cond: ((k >= 3281656) AND (k <= 3281756))

table 6 : explain SELECT k FROM sbtest6 WHERE k BETWEEN 3281656 AND 3281756
	Index Only Scan using k_6 on sbtest6  (cost=0.43..10.60 rows=108 width=4)
	  Index Cond: ((k >= 3281656) AND (k <= 3281756))

table 7 : explain SELECT k FROM sbtest7 WHERE k BETWEEN 3281656 AND 3281756
	Index Only Scan using k_7 on sbtest7  (cost=0.43..10.62 rows=109 width=4)
	  Index Cond: ((k >= 3281656) AND (k <= 3281756))

table 8 : explain SELECT k FROM sbtest8 WHERE k BETWEEN 3281656 AND 3281756
	Index Only Scan using k_8 on sbtest8  (cost=0.43..10.36 rows=96 width=4)
	  Index Cond: ((k >= 3281656) AND (k <= 3281756))

explain: for range-covered :: explain SELECT k FROM sbtest%d WHERE k BETWEEN 3281656 AND 3281756
for range-covered
table 1 : explain SELECT k FROM sbtest1 WHERE k BETWEEN 5308518 AND 5308618
	Index Only Scan using k_1 on sbtest1  (cost=0.43..10.70 rows=113 width=4)
	  Index Cond: ((k >= 5308518) AND (k <= 5308618))

table 2 : explain SELECT k FROM sbtest2 WHERE k BETWEEN 5308518 AND 5308618
	Index Only Scan using k_2 on sbtest2  (cost=0.43..10.42 rows=99 width=4)
	  Index Cond: ((k >= 5308518) AND (k <= 5308618))

table 3 : explain SELECT k FROM sbtest3 WHERE k BETWEEN 5308518 AND 5308618
	Index Only Scan using k_3 on sbtest3  (cost=0.43..10.33 rows=95 width=4)
	  Index Cond: ((k >= 5308518) AND (k <= 5308618))

table 4 : explain SELECT k FROM sbtest4 WHERE k BETWEEN 5308518 AND 5308618
	Index Only Scan using k_4 on sbtest4  (cost=0.43..10.47 rows=102 width=4)
	  Index Cond: ((k >= 5308518) AND (k <= 5308618))

table 5 : explain SELECT k FROM sbtest5 WHERE k BETWEEN 5308518 AND 5308618
	Index Only Scan using k_5 on sbtest5  (cost=0.43..10.54 rows=105 width=4)
	  Index Cond: ((k >= 5308518) AND (k <= 5308618))

table 6 : explain SELECT k FROM sbtest6 WHERE k BETWEEN 5308518 AND 5308618
	Index Only Scan using k_6 on sbtest6  (cost=0.43..10.33 rows=95 width=4)
	  Index Cond: ((k >= 5308518) AND (k <= 5308618))

table 7 : explain SELECT k FROM sbtest7 WHERE k BETWEEN 5308518 AND 5308618
	Index Only Scan using k_7 on sbtest7  (cost=0.43..10.33 rows=95 width=4)
	  Index Cond: ((k >= 5308518) AND (k <= 5308618))

table 8 : explain SELECT k FROM sbtest8 WHERE k BETWEEN 5308518 AND 5308618
	Index Only Scan using k_8 on sbtest8  (cost=0.43..10.44 rows=100 width=4)
	  Index Cond: ((k >= 5308518) AND (k <= 5308618))

explain: for range-covered :: explain SELECT k FROM sbtest%d WHERE k BETWEEN 5308518 AND 5308618
explain: for range-covered :: explain SELECT k FROM sbtest%d WHERE k BETWEEN 5507851 AND 5507951
for range-covered
table 1 : explain SELECT k FROM sbtest1 WHERE k BETWEEN 4727151 AND 4727251
	Index Only Scan using k_1 on sbtest1  (cost=0.43..10.36 rows=96 width=4)
	  Index Cond: ((k >= 4727151) AND (k <= 4727251))

table 2 : explain SELECT k FROM sbtest2 WHERE k BETWEEN 4727151 AND 4727251
	Index Only Scan using k_2 on sbtest2  (cost=0.43..10.44 rows=100 width=4)
	  Index Cond: ((k >= 4727151) AND (k <= 4727251))

table 3 : explain SELECT k FROM sbtest3 WHERE k BETWEEN 4727151 AND 4727251
	Index Only Scan using k_3 on sbtest3  (cost=0.43..10.47 rows=102 width=4)
	  Index Cond: ((k >= 4727151) AND (k <= 4727251))

table 4 : explain SELECT k FROM sbtest4 WHERE k BETWEEN 4727151 AND 4727251
	Index Only Scan using k_4 on sbtest4  (cost=0.43..10.47 rows=102 width=4)
	  Index Cond: ((k >= 4727151) AND (k <= 4727251))

table 5 : explain SELECT k FROM sbtest5 WHERE k BETWEEN 4727151 AND 4727251
	Index Only Scan using k_5 on sbtest5  (cost=0.43..10.83 rows=120 width=4)
	  Index Cond: ((k >= 4727151) AND (k <= 4727251))

table 6 : explain SELECT k FROM sbtest6 WHERE k BETWEEN 4727151 AND 4727251
	Index Only Scan using k_6 on sbtest6  (cost=0.43..10.65 rows=111 width=4)
	  Index Cond: ((k >= 4727151) AND (k <= 4727251))

table 7 : explain SELECT k FROM sbtest7 WHERE k BETWEEN 4727151 AND 4727251
	Index Only Scan using k_7 on sbtest7  (cost=0.43..10.54 rows=105 width=4)
	  Index Cond: ((k >= 4727151) AND (k <= 4727251))

table 8 : explain SELECT k FROM sbtest8 WHERE k BETWEEN 4727151 AND 4727251
	Index Only Scan using k_8 on sbtest8  (cost=0.43..10.54 rows=105 width=4)
	  Index Cond: ((k >= 4727151) AND (k <= 4727251))

explain: for range-covered :: explain SELECT k FROM sbtest%d WHERE k BETWEEN 4727151 AND 4727251
for range-covered
table 1 : explain SELECT k FROM sbtest1 WHERE k BETWEEN 3281656 AND 3281756
	Index Only Scan using k_1 on sbtest1  (cost=0.43..10.42 rows=99 width=4)
	  Index Cond: ((k >= 3281656) AND (k <= 3281756))

table 2 : explain SELECT k FROM sbtest2 WHERE k BETWEEN 3281656 AND 3281756
	Index Only Scan using k_2 on sbtest2  (cost=0.43..10.42 rows=99 width=4)
	  Index Cond: ((k >= 3281656) AND (k <= 3281756))

table 3 : explain SELECT k FROM sbtest3 WHERE k BETWEEN 3281656 AND 3281756
	Index Only Scan using k_3 on sbtest3  (cost=0.43..10.56 rows=106 width=4)
	  Index Cond: ((k >= 3281656) AND (k <= 3281756))

table 4 : explain SELECT k FROM sbtest4 WHERE k BETWEEN 3281656 AND 3281756
	Index Only Scan using k_4 on sbtest4  (cost=0.43..10.50 rows=103 width=4)
	  Index Cond: ((k >= 3281656) AND (k <= 3281756))

table 5 : explain SELECT k FROM sbtest5 WHERE k BETWEEN 3281656 AND 3281756
	Index Only Scan using k_5 on sbtest5  (cost=0.43..10.44 rows=100 width=4)
	  Index Cond: ((k >= 3281656) AND (k <= 3281756))

table 6 : explain SELECT k FROM sbtest6 WHERE k BETWEEN 3281656 AND 3281756
	Index Only Scan using k_6 on sbtest6  (cost=0.43..10.60 rows=108 width=4)
	  Index Cond: ((k >= 3281656) AND (k <= 3281756))

table 7 : explain SELECT k FROM sbtest7 WHERE k BETWEEN 3281656 AND 3281756
	Index Only Scan using k_7 on sbtest7  (cost=0.43..10.62 rows=109 width=4)
	  Index Cond: ((k >= 3281656) AND (k <= 3281756))

table 8 : explain SELECT k FROM sbtest8 WHERE k BETWEEN 3281656 AND 3281756
	Index Only Scan using k_8 on sbtest8  (cost=0.43..10.36 rows=96 width=4)
	  Index Cond: ((k >= 3281656) AND (k <= 3281756))

explain: for range-covered :: explain SELECT k FROM sbtest%d WHERE k BETWEEN 3281656 AND 3281756
for range-covered
table 1 : explain SELECT k FROM sbtest1 WHERE k BETWEEN 5308518 AND 5308618
	Index Only Scan using k_1 on sbtest1  (cost=0.43..10.70 rows=113 width=4)
	  Index Cond: ((k >= 5308518) AND (k <= 5308618))

table 2 : explain SELECT k FROM sbtest2 WHERE k BETWEEN 5308518 AND 5308618
	Index Only Scan using k_2 on sbtest2  (cost=0.43..10.42 rows=99 width=4)
	  Index Cond: ((k >= 5308518) AND (k <= 5308618))

table 3 : explain SELECT k FROM sbtest3 WHERE k BETWEEN 5308518 AND 5308618
	Index Only Scan using k_3 on sbtest3  (cost=0.43..10.33 rows=95 width=4)
	  Index Cond: ((k >= 5308518) AND (k <= 5308618))

table 4 : explain SELECT k FROM sbtest4 WHERE k BETWEEN 5308518 AND 5308618
	Index Only Scan using k_4 on sbtest4  (cost=0.43..10.47 rows=102 width=4)
	  Index Cond: ((k >= 5308518) AND (k <= 5308618))

table 5 : explain SELECT k FROM sbtest5 WHERE k BETWEEN 5308518 AND 5308618
	Index Only Scan using k_5 on sbtest5  (cost=0.43..10.54 rows=105 width=4)
	  Index Cond: ((k >= 5308518) AND (k <= 5308618))

table 6 : explain SELECT k FROM sbtest6 WHERE k BETWEEN 5308518 AND 5308618
	Index Only Scan using k_6 on sbtest6  (cost=0.43..10.33 rows=95 width=4)
	  Index Cond: ((k >= 5308518) AND (k <= 5308618))

table 7 : explain SELECT k FROM sbtest7 WHERE k BETWEEN 5308518 AND 5308618
	Index Only Scan using k_7 on sbtest7  (cost=0.43..10.33 rows=95 width=4)
	  Index Cond: ((k >= 5308518) AND (k <= 5308618))

table 8 : explain SELECT k FROM sbtest8 WHERE k BETWEEN 5308518 AND 5308618
	Index Only Scan using k_8 on sbtest8  (cost=0.43..10.44 rows=100 width=4)
	  Index Cond: ((k >= 5308518) AND (k <= 5308618))

explain: for range-covered :: explain SELECT k FROM sbtest%d WHERE k BETWEEN 5308518 AND 5308618for range-covered
table 1 : explain SELECT k FROM sbtest1 WHERE k BETWEEN 1148837 AND 1148937
	Index Only Scan using k_1 on sbtest1  (cost=0.43..10.60 rows=108 width=4)
	  Index Cond: ((k >= 1148837) AND (k <= 1148937))

table 2 : explain SELECT k FROM sbtest2 WHERE k BETWEEN 1148837 AND 1148937
	Index Only Scan using k_2 on sbtest2  (cost=0.43..10.47 rows=102 width=4)
	  Index Cond: ((k >= 1148837) AND (k <= 1148937))

table 3 : explain SELECT k FROM sbtest3 WHERE k BETWEEN 1148837 AND 1148937
	Index Only Scan using k_3 on sbtest3  (cost=0.43..10.22 rows=89 width=4)
	  Index Cond: ((k >= 1148837) AND (k <= 1148937))

table 4 : explain SELECT k FROM sbtest4 WHERE k BETWEEN 1148837 AND 1148937
	Index Only Scan using k_4 on sbtest4  (cost=0.43..10.44 rows=100 width=4)
	  Index Cond: ((k >= 1148837) AND (k <= 1148937))

table 5 : explain SELECT k FROM sbtest5 WHERE k BETWEEN 1148837 AND 1148937
	Index Only Scan using k_5 on sbtest5  (cost=0.43..10.42 rows=99 width=4)
	  Index Cond: ((k >= 1148837) AND (k <= 1148937))

table 6 : explain SELECT k FROM sbtest6 WHERE k BETWEEN 1148837 AND 1148937
	Index Only Scan using k_6 on sbtest6  (cost=0.43..10.47 rows=102 width=4)
	  Index Cond: ((k >= 1148837) AND (k <= 1148937))

table 7 : explain SELECT k FROM sbtest7 WHERE k BETWEEN 1148837 AND 1148937
	Index Only Scan using k_7 on sbtest7  (cost=0.43..10.68 rows=112 width=4)
	  Index Cond: ((k >= 1148837) AND (k <= 1148937))

table 8 : explain SELECT k FROM sbtest8 WHERE k BETWEEN 1148837 AND 1148937
	Index Only Scan using k_8 on sbtest8  (cost=0.43..10.47 rows=102 width=4)
	  Index Cond: ((k >= 1148837) AND (k <= 1148937))


for range-covered
table 1 : explain SELECT k FROM sbtest1 WHERE k BETWEEN 5170462 AND 5170562
	Index Only Scan using k_1 on sbtest1  (cost=0.43..10.72 rows=114 width=4)
	  Index Cond: ((k >= 5170462) AND (k <= 5170562))

table 2 : explain SELECT k FROM sbtest2 WHERE k BETWEEN 5170462 AND 5170562
	Index Only Scan using k_2 on sbtest2  (cost=0.43..10.42 rows=99 width=4)
	  Index Cond: ((k >= 5170462) AND (k <= 5170562))

table 3 : explain SELECT k FROM sbtest3 WHERE k BETWEEN 5170462 AND 5170562
	Index Only Scan using k_3 on sbtest3  (cost=0.43..10.50 rows=103 width=4)
	  Index Cond: ((k >= 5170462) AND (k <= 5170562))

table 4 : explain SELECT k FROM sbtest4 WHERE k BETWEEN 5170462 AND 5170562
	Index Only Scan using k_4 on sbtest4  (cost=0.43..10.29 rows=93 width=4)
	  Index Cond: ((k >= 5170462) AND (k <= 5170562))

table 5 : explain SELECT k FROM sbtest5 WHERE k BETWEEN 5170462 AND 5170562
	Index Only Scan using k_5 on sbtest5  (cost=0.43..10.38 rows=97 width=4)
	  Index Cond: ((k >= 5170462) AND (k <= 5170562))

table 6 : explain SELECT k FROM sbtest6 WHERE k BETWEEN 5170462 AND 5170562
	Index Only Scan using k_6 on sbtest6  (cost=0.43..10.29 rows=93 width=4)
	  Index Cond: ((k >= 5170462) AND (k <= 5170562))

table 7 : explain SELECT k FROM sbtest7 WHERE k BETWEEN 5170462 AND 5170562
	Index Only Scan using k_7 on sbtest7  (cost=0.43..10.42 rows=99 width=4)
	  Index Cond: ((k >= 5170462) AND (k <= 5170562))

table 8 : explain SELECT k FROM sbtest8 WHERE k BETWEEN 5170462 AND 5170562
	Index Only Scan using k_8 on sbtest8  (cost=0.43..10.29 rows=93 width=4)
	  Index Cond: ((k >= 5170462) AND (k <= 5170562))

explain: for range-covered :: explain SELECT k FROM sbtest%d WHERE k BETWEEN 1148837 AND 1148937
explain: for range-covered :: explain SELECT k FROM sbtest%d WHERE k BETWEEN 5170462 AND 5170562
for range-covered
table 1 : explain SELECT k FROM sbtest1 WHERE k BETWEEN 4727151 AND 4727251
	Index Only Scan using k_1 on sbtest1  (cost=0.43..10.36 rows=96 width=4)
	  Index Cond: ((k >= 4727151) AND (k <= 4727251))

table 2 : explain SELECT k FROM sbtest2 WHERE k BETWEEN 4727151 AND 4727251
	Index Only Scan using k_2 on sbtest2  (cost=0.43..10.44 rows=100 width=4)
	  Index Cond: ((k >= 4727151) AND (k <= 4727251))

table 3 : explain SELECT k FROM sbtest3 WHERE k BETWEEN 4727151 AND 4727251
	Index Only Scan using k_3 on sbtest3  (cost=0.43..10.47 rows=102 width=4)
	  Index Cond: ((k >= 4727151) AND (k <= 4727251))

table 4 : explain SELECT k FROM sbtest4 WHERE k BETWEEN 4727151 AND 4727251
	Index Only Scan using k_4 on sbtest4  (cost=0.43..10.47 rows=102 width=4)
	  Index Cond: ((k >= 4727151) AND (k <= 4727251))

table 5 : explain SELECT k FROM sbtest5 WHERE k BETWEEN 4727151 AND 4727251
	Index Only Scan using k_5 on sbtest5  (cost=0.43..10.83 rows=120 width=4)
	  Index Cond: ((k >= 4727151) AND (k <= 4727251))

table 6 : explain SELECT k FROM sbtest6 WHERE k BETWEEN 4727151 AND 4727251
	Index Only Scan using k_6 on sbtest6  (cost=0.43..10.65 rows=111 width=4)
	  Index Cond: ((k >= 4727151) AND (k <= 4727251))

table 7 : explain SELECT k FROM sbtest7 WHERE k BETWEEN 4727151 AND 4727251
	Index Only Scan using k_7 on sbtest7  (cost=0.43..10.54 rows=105 width=4)
	  Index Cond: ((k >= 4727151) AND (k <= 4727251))

table 8 : explain SELECT k FROM sbtest8 WHERE k BETWEEN 4727151 AND 4727251
	Index Only Scan using k_8 on sbtest8  (cost=0.43..10.54 rows=105 width=4)
	  Index Cond: ((k >= 4727151) AND (k <= 4727251))

explain: for range-covered :: explain SELECT k FROM sbtest%d WHERE k BETWEEN 4727151 AND 4727251
for range-covered
table 1 : explain SELECT k FROM sbtest1 WHERE k BETWEEN 3281656 AND 3281756
	Index Only Scan using k_1 on sbtest1  (cost=0.43..10.42 rows=99 width=4)
	  Index Cond: ((k >= 3281656) AND (k <= 3281756))

table 2 : explain SELECT k FROM sbtest2 WHERE k BETWEEN 3281656 AND 3281756
	Index Only Scan using k_2 on sbtest2  (cost=0.43..10.42 rows=99 width=4)
	  Index Cond: ((k >= 3281656) AND (k <= 3281756))

table 3 : explain SELECT k FROM sbtest3 WHERE k BETWEEN 3281656 AND 3281756
	Index Only Scan using k_3 on sbtest3  (cost=0.43..10.56 rows=106 width=4)
	  Index Cond: ((k >= 3281656) AND (k <= 3281756))

table 4 : explain SELECT k FROM sbtest4 WHERE k BETWEEN 3281656 AND 3281756
	Index Only Scan using k_4 on sbtest4  (cost=0.43..10.50 rows=103 width=4)
	  Index Cond: ((k >= 3281656) AND (k <= 3281756))

table 5 : explain SELECT k FROM sbtest5 WHERE k BETWEEN 3281656 AND 3281756
	Index Only Scan using k_5 on sbtest5  (cost=0.43..10.44 rows=100 width=4)
	  Index Cond: ((k >= 3281656) AND (k <= 3281756))

table 6 : explain SELECT k FROM sbtest6 WHERE k BETWEEN 3281656 AND 3281756
	Index Only Scan using k_6 on sbtest6  (cost=0.43..10.60 rows=108 width=4)
	  Index Cond: ((k >= 3281656) AND (k <= 3281756))

table 7 : explain SELECT k FROM sbtest7 WHERE k BETWEEN 3281656 AND 3281756
	Index Only Scan using k_7 on sbtest7  (cost=0.43..10.62 rows=109 width=4)
	  Index Cond: ((k >= 3281656) AND (k <= 3281756))

table 8 : explain SELECT k FROM sbtest8 WHERE k BETWEEN 3281656 AND 3281756
	Index Only Scan using k_8 on sbtest8  (cost=0.43..10.36 rows=96 width=4)
	  Index Cond: ((k >= 3281656) AND (k <= 3281756))

explain: for range-covered :: explain SELECT k FROM sbtest%d WHERE k BETWEEN 9034750 AND 9034850
explain: for range-covered :: explain SELECT k FROM sbtest%d WHERE k BETWEEN 3510058 AND 3510158
for range-covered
table 1 : explain SELECT k FROM sbtest1 WHERE k BETWEEN 5170462 AND 5170562
	Index Only Scan using k_1 on sbtest1  (cost=0.43..10.72 rows=114 width=4)
	  Index Cond: ((k >= 5170462) AND (k <= 5170562))

table 2 : explain SELECT k FROM sbtest2 WHERE k BETWEEN 5170462 AND 5170562
	Index Only Scan using k_2 on sbtest2  (cost=0.43..10.42 rows=99 width=4)
	  Index Cond: ((k >= 5170462) AND (k <= 5170562))

table 3 : explain SELECT k FROM sbtest3 WHERE k BETWEEN 5170462 AND 5170562
	Index Only Scan using k_3 on sbtest3  (cost=0.43..10.50 rows=103 width=4)
	  Index Cond: ((k >= 5170462) AND (k <= 5170562))

table 4 : explain SELECT k FROM sbtest4 WHERE k BETWEEN 5170462 AND 5170562
	Index Only Scan using k_4 on sbtest4  (cost=0.43..10.29 rows=93 width=4)
	  Index Cond: ((k >= 5170462) AND (k <= 5170562))

table 5 : explain SELECT k FROM sbtest5 WHERE k BETWEEN 5170462 AND 5170562
	Index Only Scan using k_5 on sbtest5  (cost=0.43..10.38 rows=97 width=4)
	  Index Cond: ((k >= 5170462) AND (k <= 5170562))

table 6 : explain SELECT k FROM sbtest6 WHERE k BETWEEN 5170462 AND 5170562
	Index Only Scan using k_6 on sbtest6  (cost=0.43..10.29 rows=93 width=4)
	  Index Cond: ((k >= 5170462) AND (k <= 5170562))

table 7 : explain SELECT k FROM sbtest7 WHERE k BETWEEN 5170462 AND 5170562
	Index Only Scan using k_7 on sbtest7  (cost=0.43..10.42 rows=99 width=4)
	  Index Cond: ((k >= 5170462) AND (k <= 5170562))

table 8 : explain SELECT k FROM sbtest8 WHERE k BETWEEN 5170462 AND 5170562
	Index Only Scan using k_8 on sbtest8  (cost=0.43..10.29 rows=93 width=4)
	  Index Cond: ((k >= 5170462) AND (k <= 5170562))

explain: for range-covered :: explain SELECT k FROM sbtest%d WHERE k BETWEEN 5170462 AND 5170562
explain: for range-covered :: explain SELECT k FROM sbtest%d WHERE k BETWEEN 8111209 AND 8111309
for range-covered
table 1 : explain SELECT k FROM sbtest1 WHERE k BETWEEN 7436671 AND 7436771
	Index Only Scan using k_1 on sbtest1  (cost=0.43..10.33 rows=95 width=4)
	  Index Cond: ((k >= 7436671) AND (k <= 7436771))

table 2 : explain SELECT k FROM sbtest2 WHERE k BETWEEN 7436671 AND 7436771
	Index Only Scan using k_2 on sbtest2  (cost=0.43..10.36 rows=96 width=4)
	  Index Cond: ((k >= 7436671) AND (k <= 7436771))

table 3 : explain SELECT k FROM sbtest3 WHERE k BETWEEN 7436671 AND 7436771
	Index Only Scan using k_3 on sbtest3  (cost=0.43..10.63 rows=110 width=4)
	  Index Cond: ((k >= 7436671) AND (k <= 7436771))

table 4 : explain SELECT k FROM sbtest4 WHERE k BETWEEN 7436671 AND 7436771
	Index Only Scan using k_4 on sbtest4  (cost=0.43..10.58 rows=107 width=4)
	  Index Cond: ((k >= 7436671) AND (k <= 7436771))

table 5 : explain SELECT k FROM sbtest5 WHERE k BETWEEN 7436671 AND 7436771
	Index Only Scan using k_5 on sbtest5  (cost=0.43..10.56 rows=106 width=4)
	  Index Cond: ((k >= 7436671) AND (k <= 7436771))

table 6 : explain SELECT k FROM sbtest6 WHERE k BETWEEN 7436671 AND 7436771
	Index Only Scan using k_6 on sbtest6  (cost=0.43..10.47 rows=102 width=4)
	  Index Cond: ((k >= 7436671) AND (k <= 7436771))

table 7 : explain SELECT k FROM sbtest7 WHERE k BETWEEN 7436671 AND 7436771
	Index Only Scan using k_7 on sbtest7  (cost=0.43..10.76 rows=116 width=4)
	  Index Cond: ((k >= 7436671) AND (k <= 7436771))

table 8 : explain SELECT k FROM sbtest8 WHERE k BETWEEN 7436671 AND 7436771
	Index Only Scan using k_8 on sbtest8  (cost=0.43..10.51 rows=104 width=4)
	  Index Cond: ((k >= 7436671) AND (k <= 7436771))

for range-covered
table 1 : explain SELECT k FROM sbtest1 WHERE k BETWEEN 4727151 AND 4727251
	Index Only Scan using k_1 on sbtest1  (cost=0.43..10.36 rows=96 width=4)
	  Index Cond: ((k >= 4727151) AND (k <= 4727251))

table 2 : explain SELECT k FROM sbtest2 WHERE k BETWEEN 4727151 AND 4727251
	Index Only Scan using k_2 on sbtest2  (cost=0.43..10.44 rows=100 width=4)
	  Index Cond: ((k >= 4727151) AND (k <= 4727251))

table 3 : explain SELECT k FROM sbtest3 WHERE k BETWEEN 4727151 AND 4727251
	Index Only Scan using k_3 on sbtest3  (cost=0.43..10.47 rows=102 width=4)
	  Index Cond: ((k >= 4727151) AND (k <= 4727251))

table 4 : explain SELECT k FROM sbtest4 WHERE k BETWEEN 4727151 AND 4727251
	Index Only Scan using k_4 on sbtest4  (cost=0.43..10.47 rows=102 width=4)
	  Index Cond: ((k >= 4727151) AND (k <= 4727251))

table 5 : explain SELECT k FROM sbtest5 WHERE k BETWEEN 4727151 AND 4727251
	Index Only Scan using k_5 on sbtest5  (cost=0.43..10.83 rows=120 width=4)
	  Index Cond: ((k >= 4727151) AND (k <= 4727251))

table 6 : explain SELECT k FROM sbtest6 WHERE k BETWEEN 4727151 AND 4727251
	Index Only Scan using k_6 on sbtest6  (cost=0.43..10.65 rows=111 width=4)
	  Index Cond: ((k >= 4727151) AND (k <= 4727251))

table 7 : explain SELECT k FROM sbtest7 WHERE k BETWEEN 4727151 AND 4727251
	Index Only Scan using k_7 on sbtest7  (cost=0.43..10.54 rows=105 width=4)
	  Index Cond: ((k >= 4727151) AND (k <= 4727251))

table 8 : explain SELECT k FROM sbtest8 WHERE k BETWEEN 4727151 AND 4727251
	Index Only Scan using k_8 on sbtest8  (cost=0.43..10.54 rows=105 width=4)
	  Index Cond: ((k >= 4727151) AND (k <= 4727251))

explain: for range-covered :: explain SELECT k FROM sbtest%d WHERE k BETWEEN 7436671 AND 7436771
explain: for range-covered :: explain SELECT k FROM sbtest%d WHERE k BETWEEN 5270764 AND 5270864
explain: for range-covered :: explain SELECT k FROM sbtest%d WHERE k BETWEEN 4727151 AND 4727251
for range-covered
table 1 : explain SELECT k FROM sbtest1 WHERE k BETWEEN 1148837 AND 1148937
	Index Only Scan using k_1 on sbtest1  (cost=0.43..10.60 rows=108 width=4)
	  Index Cond: ((k >= 1148837) AND (k <= 1148937))

table 2 : explain SELECT k FROM sbtest2 WHERE k BETWEEN 1148837 AND 1148937
	Index Only Scan using k_2 on sbtest2  (cost=0.43..10.47 rows=102 width=4)
	  Index Cond: ((k >= 1148837) AND (k <= 1148937))

table 3 : explain SELECT k FROM sbtest3 WHERE k BETWEEN 1148837 AND 1148937
	Index Only Scan using k_3 on sbtest3  (cost=0.43..10.22 rows=89 width=4)
	  Index Cond: ((k >= 1148837) AND (k <= 1148937))

table 4 : explain SELECT k FROM sbtest4 WHERE k BETWEEN 1148837 AND 1148937
	Index Only Scan using k_4 on sbtest4  (cost=0.43..10.44 rows=100 width=4)
	  Index Cond: ((k >= 1148837) AND (k <= 1148937))

table 5 : explain SELECT k FROM sbtest5 WHERE k BETWEEN 1148837 AND 1148937
	Index Only Scan using k_5 on sbtest5  (cost=0.43..10.42 rows=99 width=4)
	  Index Cond: ((k >= 1148837) AND (k <= 1148937))

table 6 : explain SELECT k FROM sbtest6 WHERE k BETWEEN 1148837 AND 1148937
	Index Only Scan using k_6 on sbtest6  (cost=0.43..10.47 rows=102 width=4)
	  Index Cond: ((k >= 1148837) AND (k <= 1148937))

table 7 : explain SELECT k FROM sbtest7 WHERE k BETWEEN 1148837 AND 1148937
	Index Only Scan using k_7 on sbtest7  (cost=0.43..10.68 rows=112 width=4)
	  Index Cond: ((k >= 1148837) AND (k <= 1148937))

table 8 : explain SELECT k FROM sbtest8 WHERE k BETWEEN 1148837 AND 1148937
	Index Only Scan using k_8 on sbtest8  (cost=0.43..10.47 rows=102 width=4)
	  Index Cond: ((k >= 1148837) AND (k <= 1148937))

explain: for range-covered :: explain SELECT k FROM sbtest%d WHERE k BETWEEN 1148837 AND 1148937
for range-covered
table 1 : explain SELECT k FROM sbtest1 WHERE k BETWEEN 5170462 AND 5170562
	Index Only Scan using k_1 on sbtest1  (cost=0.43..10.72 rows=114 width=4)
	  Index Cond: ((k >= 5170462) AND (k <= 5170562))

table 2 : explain SELECT k FROM sbtest2 WHERE k BETWEEN 5170462 AND 5170562
	Index Only Scan using k_2 on sbtest2  (cost=0.43..10.42 rows=99 width=4)
	  Index Cond: ((k >= 5170462) AND (k <= 5170562))

table 3 : explain SELECT k FROM sbtest3 WHERE k BETWEEN 5170462 AND 5170562
	Index Only Scan using k_3 on sbtest3  (cost=0.43..10.50 rows=103 width=4)
	  Index Cond: ((k >= 5170462) AND (k <= 5170562))

table 4 : explain SELECT k FROM sbtest4 WHERE k BETWEEN 5170462 AND 5170562
	Index Only Scan using k_4 on sbtest4  (cost=0.43..10.29 rows=93 width=4)
	  Index Cond: ((k >= 5170462) AND (k <= 5170562))

table 5 : explain SELECT k FROM sbtest5 WHERE k BETWEEN 5170462 AND 5170562
	Index Only Scan using k_5 on sbtest5  (cost=0.43..10.38 rows=97 width=4)
	  Index Cond: ((k >= 5170462) AND (k <= 5170562))

table 6 : explain SELECT k FROM sbtest6 WHERE k BETWEEN 5170462 AND 5170562
	Index Only Scan using k_6 on sbtest6  (cost=0.43..10.29 rows=93 width=4)
	  Index Cond: ((k >= 5170462) AND (k <= 5170562))

table 7 : explain SELECT k FROM sbtest7 WHERE k BETWEEN 5170462 AND 5170562
	Index Only Scan using k_7 on sbtest7  (cost=0.43..10.42 rows=99 width=4)
	  Index Cond: ((k >= 5170462) AND (k <= 5170562))

table 8 : explain SELECT k FROM sbtest8 WHERE k BETWEEN 5170462 AND 5170562
	Index Only Scan using k_8 on sbtest8  (cost=0.43..10.29 rows=93 width=4)
	  Index Cond: ((k >= 5170462) AND (k <= 5170562))

explain: for range-covered :: explain SELECT k FROM sbtest%d WHERE k BETWEEN 5170462 AND 5170562
explain: for range-covered :: explain SELECT k FROM sbtest%d WHERE k BETWEEN 7373866 AND 7373966
for range-covered
table 1 : explain SELECT k FROM sbtest1 WHERE k BETWEEN 7436671 AND 7436771
	Index Only Scan using k_1 on sbtest1  (cost=0.43..10.33 rows=95 width=4)
	  Index Cond: ((k >= 7436671) AND (k <= 7436771))

table 2 : explain SELECT k FROM sbtest2 WHERE k BETWEEN 7436671 AND 7436771
	Index Only Scan using k_2 on sbtest2  (cost=0.43..10.36 rows=96 width=4)
	  Index Cond: ((k >= 7436671) AND (k <= 7436771))

table 3 : explain SELECT k FROM sbtest3 WHERE k BETWEEN 7436671 AND 7436771
	Index Only Scan using k_3 on sbtest3  (cost=0.43..10.63 rows=110 width=4)
	  Index Cond: ((k >= 7436671) AND (k <= 7436771))

table 4 : explain SELECT k FROM sbtest4 WHERE k BETWEEN 7436671 AND 7436771
	Index Only Scan using k_4 on sbtest4  (cost=0.43..10.58 rows=107 width=4)
	  Index Cond: ((k >= 7436671) AND (k <= 7436771))

table 5 : explain SELECT k FROM sbtest5 WHERE k BETWEEN 7436671 AND 7436771
	Index Only Scan using k_5 on sbtest5  (cost=0.43..10.56 rows=106 width=4)
	  Index Cond: ((k >= 7436671) AND (k <= 7436771))

table 6 : explain SELECT k FROM sbtest6 WHERE k BETWEEN 7436671 AND 7436771
	Index Only Scan using k_6 on sbtest6  (cost=0.43..10.47 rows=102 width=4)
	  Index Cond: ((k >= 7436671) AND (k <= 7436771))

table 7 : explain SELECT k FROM sbtest7 WHERE k BETWEEN 7436671 AND 7436771
	Index Only Scan using k_7 on sbtest7  (cost=0.43..10.76 rows=116 width=4)
	  Index Cond: ((k >= 7436671) AND (k <= 7436771))

table 8 : explain SELECT k FROM sbtest8 WHERE k BETWEEN 7436671 AND 7436771
	Index Only Scan using k_8 on sbtest8  (cost=0.43..10.51 rows=104 width=4)
	  Index Cond: ((k >= 7436671) AND (k <= 7436771))

for range-covered
table 1 : explain SELECT k FROM sbtest1 WHERE k BETWEEN 4727151 AND 4727251
	Index Only Scan using k_1 on sbtest1  (cost=0.43..10.36 rows=96 width=4)
	  Index Cond: ((k >= 4727151) AND (k <= 4727251))

table 2 : explain SELECT k FROM sbtest2 WHERE k BETWEEN 4727151 AND 4727251
	Index Only Scan using k_2 on sbtest2  (cost=0.43..10.44 rows=100 width=4)
	  Index Cond: ((k >= 4727151) AND (k <= 4727251))

table 3 : explain SELECT k FROM sbtest3 WHERE k BETWEEN 4727151 AND 4727251
	Index Only Scan using k_3 on sbtest3  (cost=0.43..10.47 rows=102 width=4)
	  Index Cond: ((k >= 4727151) AND (k <= 4727251))

table 4 : explain SELECT k FROM sbtest4 WHERE k BETWEEN 4727151 AND 4727251
	Index Only Scan using k_4 on sbtest4  (cost=0.43..10.47 rows=102 width=4)
	  Index Cond: ((k >= 4727151) AND (k <= 4727251))

table 5 : explain SELECT k FROM sbtest5 WHERE k BETWEEN 4727151 AND 4727251
	Index Only Scan using k_5 on sbtest5  (cost=0.43..10.83 rows=120 width=4)
	  Index Cond: ((k >= 4727151) AND (k <= 4727251))

table 6 : explain SELECT k FROM sbtest6 WHERE k BETWEEN 4727151 AND 4727251
	Index Only Scan using k_6 on sbtest6  (cost=0.43..10.65 rows=111 width=4)
	  Index Cond: ((k >= 4727151) AND (k <= 4727251))

table 7 : explain SELECT k FROM sbtest7 WHERE k BETWEEN 4727151 AND 4727251
	Index Only Scan using k_7 on sbtest7  (cost=0.43..10.54 rows=105 width=4)
	  Index Cond: ((k >= 4727151) AND (k <= 4727251))

table 8 : explain SELECT k FROM sbtest8 WHERE k BETWEEN 4727151 AND 4727251
	Index Only Scan using k_8 on sbtest8  (cost=0.43..10.54 rows=105 width=4)
	  Index Cond: ((k >= 4727151) AND (k <= 4727251))

explain: for range-covered :: explain SELECT k FROM sbtest%d WHERE k BETWEEN 7436671 AND 7436771
explain: for range-covered :: explain SELECT k FROM sbtest%d WHERE k BETWEEN 4727151 AND 4727251
for range-covered
table 1 : explain SELECT k FROM sbtest1 WHERE k BETWEEN 5170462 AND 5170562
	Index Only Scan using k_1 on sbtest1  (cost=0.43..10.72 rows=114 width=4)
	  Index Cond: ((k >= 5170462) AND (k <= 5170562))

table 2 : explain SELECT k FROM sbtest2 WHERE k BETWEEN 5170462 AND 5170562
	Index Only Scan using k_2 on sbtest2  (cost=0.43..10.42 rows=99 width=4)
	  Index Cond: ((k >= 5170462) AND (k <= 5170562))

table 3 : explain SELECT k FROM sbtest3 WHERE k BETWEEN 5170462 AND 5170562
	Index Only Scan using k_3 on sbtest3  (cost=0.43..10.50 rows=103 width=4)
	  Index Cond: ((k >= 5170462) AND (k <= 5170562))

table 4 : explain SELECT k FROM sbtest4 WHERE k BETWEEN 5170462 AND 5170562
	Index Only Scan using k_4 on sbtest4  (cost=0.43..10.29 rows=93 width=4)
	  Index Cond: ((k >= 5170462) AND (k <= 5170562))

table 5 : explain SELECT k FROM sbtest5 WHERE k BETWEEN 5170462 AND 5170562
	Index Only Scan using k_5 on sbtest5  (cost=0.43..10.38 rows=97 width=4)
	  Index Cond: ((k >= 5170462) AND (k <= 5170562))

table 6 : explain SELECT k FROM sbtest6 WHERE k BETWEEN 5170462 AND 5170562
	Index Only Scan using k_6 on sbtest6  (cost=0.43..10.29 rows=93 width=4)
	  Index Cond: ((k >= 5170462) AND (k <= 5170562))

table 7 : explain SELECT k FROM sbtest7 WHERE k BETWEEN 5170462 AND 5170562
	Index Only Scan using k_7 on sbtest7  (cost=0.43..10.42 rows=99 width=4)
	  Index Cond: ((k >= 5170462) AND (k <= 5170562))

table 8 : explain SELECT k FROM sbtest8 WHERE k BETWEEN 5170462 AND 5170562
	Index Only Scan using k_8 on sbtest8  (cost=0.43..10.29 rows=93 width=4)
	  Index Cond: ((k >= 5170462) AND (k <= 5170562))

explain: for range-covered :: explain SELECT k FROM sbtest%d WHERE k BETWEEN 5170462 AND 5170562
for range-covered
table 1 : explain SELECT k FROM sbtest1 WHERE k BETWEEN 1148837 AND 1148937
	Index Only Scan using k_1 on sbtest1  (cost=0.43..10.60 rows=108 width=4)
	  Index Cond: ((k >= 1148837) AND (k <= 1148937))

table 2 : explain SELECT k FROM sbtest2 WHERE k BETWEEN 1148837 AND 1148937
	Index Only Scan using k_2 on sbtest2  (cost=0.43..10.47 rows=102 width=4)
	  Index Cond: ((k >= 1148837) AND (k <= 1148937))

table 3 : explain SELECT k FROM sbtest3 WHERE k BETWEEN 1148837 AND 1148937
	Index Only Scan using k_3 on sbtest3  (cost=0.43..10.22 rows=89 width=4)
	  Index Cond: ((k >= 1148837) AND (k <= 1148937))

table 4 : explain SELECT k FROM sbtest4 WHERE k BETWEEN 1148837 AND 1148937
	Index Only Scan using k_4 on sbtest4  (cost=0.43..10.44 rows=100 width=4)
	  Index Cond: ((k >= 1148837) AND (k <= 1148937))

table 5 : explain SELECT k FROM sbtest5 WHERE k BETWEEN 1148837 AND 1148937
	Index Only Scan using k_5 on sbtest5  (cost=0.43..10.42 rows=99 width=4)
	  Index Cond: ((k >= 1148837) AND (k <= 1148937))

table 6 : explain SELECT k FROM sbtest6 WHERE k BETWEEN 1148837 AND 1148937
	Index Only Scan using k_6 on sbtest6  (cost=0.43..10.47 rows=102 width=4)
	  Index Cond: ((k >= 1148837) AND (k <= 1148937))

table 7 : explain SELECT k FROM sbtest7 WHERE k BETWEEN 1148837 AND 1148937
	Index Only Scan using k_7 on sbtest7  (cost=0.43..10.68 rows=112 width=4)
	  Index Cond: ((k >= 1148837) AND (k <= 1148937))

table 8 : explain SELECT k FROM sbtest8 WHERE k BETWEEN 1148837 AND 1148937
	Index Only Scan using k_8 on sbtest8  (cost=0.43..10.47 rows=102 width=4)
	  Index Cond: ((k >= 1148837) AND (k <= 1148937))

for range-covered
table 1 : explain SELECT k FROM sbtest1 WHERE k BETWEEN 7436671 AND 7436771
	Index Only Scan using k_1 on sbtest1  (cost=0.43..10.33 rows=95 width=4)
	  Index Cond: ((k >= 7436671) AND (k <= 7436771))

table 2 : explain SELECT k FROM sbtest2 WHERE k BETWEEN 7436671 AND 7436771
	Index Only Scan using k_2 on sbtest2  (cost=0.43..10.36 rows=96 width=4)
	  Index Cond: ((k >= 7436671) AND (k <= 7436771))

table 3 : explain SELECT k FROM sbtest3 WHERE k BETWEEN 7436671 AND 7436771
	Index Only Scan using k_3 on sbtest3  (cost=0.43..10.63 rows=110 width=4)
	  Index Cond: ((k >= 7436671) AND (k <= 7436771))

table 4 : explain SELECT k FROM sbtest4 WHERE k BETWEEN 7436671 AND 7436771
	Index Only Scan using k_4 on sbtest4  (cost=0.43..10.58 rows=107 width=4)
	  Index Cond: ((k >= 7436671) AND (k <= 7436771))

table 5 : explain SELECT k FROM sbtest5 WHERE k BETWEEN 7436671 AND 7436771
	Index Only Scan using k_5 on sbtest5  (cost=0.43..10.56 rows=106 width=4)
	  Index Cond: ((k >= 7436671) AND (k <= 7436771))

table 6 : explain SELECT k FROM sbtest6 WHERE k BETWEEN 7436671 AND 7436771
	Index Only Scan using k_6 on sbtest6  (cost=0.43..10.47 rows=102 width=4)
	  Index Cond: ((k >= 7436671) AND (k <= 7436771))

table 7 : explain SELECT k FROM sbtest7 WHERE k BETWEEN 7436671 AND 7436771
	Index Only Scan using k_7 on sbtest7  (cost=0.43..10.76 rows=116 width=4)
	  Index Cond: ((k >= 7436671) AND (k <= 7436771))

table 8 : explain SELECT k FROM sbtest8 WHERE k BETWEEN 7436671 AND 7436771
	Index Only Scan using k_8 on sbtest8  (cost=0.43..10.51 rows=104 width=4)
	  Index Cond: ((k >= 7436671) AND (k <= 7436771))

for range-covered
table 1 : explain SELECT k FROM sbtest1 WHERE k BETWEEN 4727151 AND 4727251
	Index Only Scan using k_1 on sbtest1  (cost=0.43..10.36 rows=96 width=4)
	  Index Cond: ((k >= 4727151) AND (k <= 4727251))

table 2 : explain SELECT k FROM sbtest2 WHERE k BETWEEN 4727151 AND 4727251
	Index Only Scan using k_2 on sbtest2  (cost=0.43..10.44 rows=100 width=4)
	  Index Cond: ((k >= 4727151) AND (k <= 4727251))

table 3 : explain SELECT k FROM sbtest3 WHERE k BETWEEN 4727151 AND 4727251
	Index Only Scan using k_3 on sbtest3  (cost=0.43..10.47 rows=102 width=4)
	  Index Cond: ((k >= 4727151) AND (k <= 4727251))

table 4 : explain SELECT k FROM sbtest4 WHERE k BETWEEN 4727151 AND 4727251
	Index Only Scan using k_4 on sbtest4  (cost=0.43..10.47 rows=102 width=4)
	  Index Cond: ((k >= 4727151) AND (k <= 4727251))

table 5 : explain SELECT k FROM sbtest5 WHERE k BETWEEN 4727151 AND 4727251
	Index Only Scan using k_5 on sbtest5  (cost=0.43..10.83 rows=120 width=4)
	  Index Cond: ((k >= 4727151) AND (k <= 4727251))

table 6 : explain SELECT k FROM sbtest6 WHERE k BETWEEN 4727151 AND 4727251
	Index Only Scan using k_6 on sbtest6  (cost=0.43..10.65 rows=111 width=4)
	  Index Cond: ((k >= 4727151) AND (k <= 4727251))

table 7 : explain SELECT k FROM sbtest7 WHERE k BETWEEN 4727151 AND 4727251
	Index Only Scan using k_7 on sbtest7  (cost=0.43..10.54 rows=105 width=4)
	  Index Cond: ((k >= 4727151) AND (k <= 4727251))

table 8 : explain SELECT k FROM sbtest8 WHERE k BETWEEN 4727151 AND 4727251
	Index Only Scan using k_8 on sbtest8  (cost=0.43..10.54 rows=105 width=4)
	  Index Cond: ((k >= 4727151) AND (k <= 4727251))

explain: for range-covered :: explain SELECT k FROM sbtest%d WHERE k BETWEEN 7436671 AND 7436771
explain: for range-covered :: explain SELECT k FROM sbtest%d WHERE k BETWEEN 4727151 AND 4727251
for range-covered
table 1 : explain SELECT k FROM sbtest1 WHERE k BETWEEN 5308518 AND 5308618
	Index Only Scan using k_1 on sbtest1  (cost=0.43..10.70 rows=113 width=4)
	  Index Cond: ((k >= 5308518) AND (k <= 5308618))

table 2 : explain SELECT k FROM sbtest2 WHERE k BETWEEN 5308518 AND 5308618
	Index Only Scan using k_2 on sbtest2  (cost=0.43..10.42 rows=99 width=4)
	  Index Cond: ((k >= 5308518) AND (k <= 5308618))

table 3 : explain SELECT k FROM sbtest3 WHERE k BETWEEN 5308518 AND 5308618
	Index Only Scan using k_3 on sbtest3  (cost=0.43..10.33 rows=95 width=4)
	  Index Cond: ((k >= 5308518) AND (k <= 5308618))

table 4 : explain SELECT k FROM sbtest4 WHERE k BETWEEN 5308518 AND 5308618
	Index Only Scan using k_4 on sbtest4  (cost=0.43..10.47 rows=102 width=4)
	  Index Cond: ((k >= 5308518) AND (k <= 5308618))

table 5 : explain SELECT k FROM sbtest5 WHERE k BETWEEN 5308518 AND 5308618
	Index Only Scan using k_5 on sbtest5  (cost=0.43..10.54 rows=105 width=4)
	  Index Cond: ((k >= 5308518) AND (k <= 5308618))

table 6 : explain SELECT k FROM sbtest6 WHERE k BETWEEN 5308518 AND 5308618
	Index Only Scan using k_6 on sbtest6  (cost=0.43..10.33 rows=95 width=4)
	  Index Cond: ((k >= 5308518) AND (k <= 5308618))

table 7 : explain SELECT k FROM sbtest7 WHERE k BETWEEN 5308518 AND 5308618
	Index Only Scan using k_7 on sbtest7  (cost=0.43..10.33 rows=95 width=4)
	  Index Cond: ((k >= 5308518) AND (k <= 5308618))

table 8 : explain SELECT k FROM sbtest8 WHERE k BETWEEN 5308518 AND 5308618
	Index Only Scan using k_8 on sbtest8  (cost=0.43..10.44 rows=100 width=4)
	  Index Cond: ((k >= 5308518) AND (k <= 5308618))

explain: for range-covered :: explain SELECT k FROM sbtest%d WHERE k BETWEEN 1148837 AND 1148937
for range-covered
table 1 : explain SELECT k FROM sbtest1 WHERE k BETWEEN 9034750 AND 9034850
	Index Only Scan using k_1 on sbtest1  (cost=0.43..10.44 rows=100 width=4)
	  Index Cond: ((k >= 9034750) AND (k <= 9034850))

table 2 : explain SELECT k FROM sbtest2 WHERE k BETWEEN 9034750 AND 9034850
	Index Only Scan using k_2 on sbtest2  (cost=0.43..10.42 rows=99 width=4)
	  Index Cond: ((k >= 9034750) AND (k <= 9034850))

table 3 : explain SELECT k FROM sbtest3 WHERE k BETWEEN 9034750 AND 9034850
	Index Only Scan using k_3 on sbtest3  (cost=0.43..10.68 rows=112 width=4)
	  Index Cond: ((k >= 9034750) AND (k <= 9034850))

table 4 : explain SELECT k FROM sbtest4 WHERE k BETWEEN 9034750 AND 9034850
	Index Only Scan using k_4 on sbtest4  (cost=0.43..10.29 rows=93 width=4)
	  Index Cond: ((k >= 9034750) AND (k <= 9034850))

table 5 : explain SELECT k FROM sbtest5 WHERE k BETWEEN 9034750 AND 9034850
	Index Only Scan using k_5 on sbtest5  (cost=0.43..10.44 rows=100 width=4)
	  Index Cond: ((k >= 9034750) AND (k <= 9034850))

table 6 : explain SELECT k FROM sbtest6 WHERE k BETWEEN 9034750 AND 9034850
	Index Only Scan using k_6 on sbtest6  (cost=0.43..10.46 rows=101 width=4)
	  Index Cond: ((k >= 9034750) AND (k <= 9034850))

table 7 : explain SELECT k FROM sbtest7 WHERE k BETWEEN 9034750 AND 9034850
	Index Only Scan using k_7 on sbtest7  (cost=0.43..10.46 rows=101 width=4)
	  Index Cond: ((k >= 9034750) AND (k <= 9034850))

table 8 : explain SELECT k FROM sbtest8 WHERE k BETWEEN 9034750 AND 9034850
	Index Only Scan using k_8 on sbtest8  (cost=0.43..10.44 rows=100 width=4)
	  Index Cond: ((k >= 9034750) AND (k <= 9034850))

explain: for range-covered :: explain SELECT k FROM sbtest%d WHERE k BETWEEN 9034750 AND 9034850
for range-covered
table 1 : explain SELECT k FROM sbtest1 WHERE k BETWEEN 5170462 AND 5170562
	Index Only Scan using k_1 on sbtest1  (cost=0.43..10.72 rows=114 width=4)
	  Index Cond: ((k >= 5170462) AND (k <= 5170562))

table 2 : explain SELECT k FROM sbtest2 WHERE k BETWEEN 5170462 AND 5170562
	Index Only Scan using k_2 on sbtest2  (cost=0.43..10.42 rows=99 width=4)
	  Index Cond: ((k >= 5170462) AND (k <= 5170562))

table 3 : explain SELECT k FROM sbtest3 WHERE k BETWEEN 5170462 AND 5170562
	Index Only Scan using k_3 on sbtest3  (cost=0.43..10.50 rows=103 width=4)
	  Index Cond: ((k >= 5170462) AND (k <= 5170562))

table 4 : explain SELECT k FROM sbtest4 WHERE k BETWEEN 5170462 AND 5170562
	Index Only Scan using k_4 on sbtest4  (cost=0.43..10.29 rows=93 width=4)
	  Index Cond: ((k >= 5170462) AND (k <= 5170562))

table 5 : explain SELECT k FROM sbtest5 WHERE k BETWEEN 5170462 AND 5170562
	Index Only Scan using k_5 on sbtest5  (cost=0.43..10.38 rows=97 width=4)
	  Index Cond: ((k >= 5170462) AND (k <= 5170562))

table 6 : explain SELECT k FROM sbtest6 WHERE k BETWEEN 5170462 AND 5170562
	Index Only Scan using k_6 on sbtest6  (cost=0.43..10.29 rows=93 width=4)
	  Index Cond: ((k >= 5170462) AND (k <= 5170562))

table 7 : explain SELECT k FROM sbtest7 WHERE k BETWEEN 5170462 AND 5170562
	Index Only Scan using k_7 on sbtest7  (cost=0.43..10.42 rows=99 width=4)
	  Index Cond: ((k >= 5170462) AND (k <= 5170562))

table 8 : explain SELECT k FROM sbtest8 WHERE k BETWEEN 5170462 AND 5170562
	Index Only Scan using k_8 on sbtest8  (cost=0.43..10.29 rows=93 width=4)
	  Index Cond: ((k >= 5170462) AND (k <= 5170562))

explain: for range-covered :: explain SELECT k FROM sbtest%d WHERE k BETWEEN 5170462 AND 5170562
for range-covered
table 1 : explain SELECT k FROM sbtest1 WHERE k BETWEEN 3510058 AND 3510158
	Index Only Scan using k_1 on sbtest1  (cost=0.43..10.40 rows=98 width=4)
	  Index Cond: ((k >= 3510058) AND (k <= 3510158))

table 2 : explain SELECT k FROM sbtest2 WHERE k BETWEEN 3510058 AND 3510158
	Index Only Scan using k_2 on sbtest2  (cost=0.43..10.38 rows=97 width=4)
	  Index Cond: ((k >= 3510058) AND (k <= 3510158))

table 3 : explain SELECT k FROM sbtest3 WHERE k BETWEEN 3510058 AND 3510158
	Index Only Scan using k_3 on sbtest3  (cost=0.43..10.47 rows=102 width=4)
	  Index Cond: ((k >= 3510058) AND (k <= 3510158))

table 4 : explain SELECT k FROM sbtest4 WHERE k BETWEEN 3510058 AND 3510158
	Index Only Scan using k_4 on sbtest4  (cost=0.43..10.47 rows=102 width=4)
	  Index Cond: ((k >= 3510058) AND (k <= 3510158))

table 5 : explain SELECT k FROM sbtest5 WHERE k BETWEEN 3510058 AND 3510158
	Index Only Scan using k_5 on sbtest5  (cost=0.43..10.42 rows=99 width=4)
	  Index Cond: ((k >= 3510058) AND (k <= 3510158))

table 6 : explain SELECT k FROM sbtest6 WHERE k BETWEEN 3510058 AND 3510158
	Index Only Scan using k_6 on sbtest6  (cost=0.43..10.60 rows=108 width=4)
	  Index Cond: ((k >= 3510058) AND (k <= 3510158))

table 7 : explain SELECT k FROM sbtest7 WHERE k BETWEEN 3510058 AND 3510158
	Index Only Scan using k_7 on sbtest7  (cost=0.43..10.76 rows=116 width=4)
	  Index Cond: ((k >= 3510058) AND (k <= 3510158))

table 8 : explain SELECT k FROM sbtest8 WHERE k BETWEEN 3510058 AND 3510158
	Index Only Scan using k_8 on sbtest8  (cost=0.43..10.40 rows=98 width=4)
	  Index Cond: ((k >= 3510058) AND (k <= 3510158))

explain: for range-covered :: explain SELECT k FROM sbtest%d WHERE k BETWEEN 3510058 AND 3510158
for range-covered
table 1 : explain SELECT k FROM sbtest1 WHERE k BETWEEN 7436671 AND 7436771
	Index Only Scan using k_1 on sbtest1  (cost=0.43..10.33 rows=95 width=4)
	  Index Cond: ((k >= 7436671) AND (k <= 7436771))

table 2 : explain SELECT k FROM sbtest2 WHERE k BETWEEN 7436671 AND 7436771
	Index Only Scan using k_2 on sbtest2  (cost=0.43..10.36 rows=96 width=4)
	  Index Cond: ((k >= 7436671) AND (k <= 7436771))

table 3 : explain SELECT k FROM sbtest3 WHERE k BETWEEN 7436671 AND 7436771
	Index Only Scan using k_3 on sbtest3  (cost=0.43..10.63 rows=110 width=4)
	  Index Cond: ((k >= 7436671) AND (k <= 7436771))

table 4 : explain SELECT k FROM sbtest4 WHERE k BETWEEN 7436671 AND 7436771
	Index Only Scan using k_4 on sbtest4  (cost=0.43..10.58 rows=107 width=4)
	  Index Cond: ((k >= 7436671) AND (k <= 7436771))

table 5 : explain SELECT k FROM sbtest5 WHERE k BETWEEN 7436671 AND 7436771
	Index Only Scan using k_5 on sbtest5  (cost=0.43..10.56 rows=106 width=4)
	  Index Cond: ((k >= 7436671) AND (k <= 7436771))

table 6 : explain SELECT k FROM sbtest6 WHERE k BETWEEN 7436671 AND 7436771
	Index Only Scan using k_6 on sbtest6  (cost=0.43..10.47 rows=102 width=4)
	  Index Cond: ((k >= 7436671) AND (k <= 7436771))

table 7 : explain SELECT k FROM sbtest7 WHERE k BETWEEN 7436671 AND 7436771
	Index Only Scan using k_7 on sbtest7  (cost=0.43..10.76 rows=116 width=4)
	  Index Cond: ((k >= 7436671) AND (k <= 7436771))

table 8 : explain SELECT k FROM sbtest8 WHERE k BETWEEN 7436671 AND 7436771
	Index Only Scan using k_8 on sbtest8  (cost=0.43..10.51 rows=104 width=4)
	  Index Cond: ((k >= 7436671) AND (k <= 7436771))

for range-covered
table 1 : explain SELECT k FROM sbtest1 WHERE k BETWEEN 8111209 AND 8111309
	Index Only Scan using k_1 on sbtest1  (cost=0.43..10.42 rows=99 width=4)
	  Index Cond: ((k >= 8111209) AND (k <= 8111309))

table 2 : explain SELECT k FROM sbtest2 WHERE k BETWEEN 8111209 AND 8111309
	Index Only Scan using k_2 on sbtest2  (cost=0.43..10.54 rows=105 width=4)
	  Index Cond: ((k >= 8111209) AND (k <= 8111309))

table 3 : explain SELECT k FROM sbtest3 WHERE k BETWEEN 8111209 AND 8111309
	Index Only Scan using k_3 on sbtest3  (cost=0.43..10.51 rows=104 width=4)
	  Index Cond: ((k >= 8111209) AND (k <= 8111309))

table 4 : explain SELECT k FROM sbtest4 WHERE k BETWEEN 8111209 AND 8111309
	Index Only Scan using k_4 on sbtest4  (cost=0.43..10.47 rows=102 width=4)
	  Index Cond: ((k >= 8111209) AND (k <= 8111309))

table 5 : explain SELECT k FROM sbtest5 WHERE k BETWEEN 8111209 AND 8111309
	Index Only Scan using k_5 on sbtest5  (cost=0.43..10.51 rows=104 width=4)
	  Index Cond: ((k >= 8111209) AND (k <= 8111309))

table 6 : explain SELECT k FROM sbtest6 WHERE k BETWEEN 8111209 AND 8111309
	Index Only Scan using k_6 on sbtest6  (cost=0.43..10.50 rows=103 width=4)
	  Index Cond: ((k >= 8111209) AND (k <= 8111309))

table 7 : explain SELECT k FROM sbtest7 WHERE k BETWEEN 8111209 AND 8111309
	Index Only Scan using k_7 on sbtest7  (cost=0.43..10.46 rows=101 width=4)
	  Index Cond: ((k >= 8111209) AND (k <= 8111309))

table 8 : explain SELECT k FROM sbtest8 WHERE k BETWEEN 8111209 AND 8111309
	Index Only Scan using k_8 on sbtest8  (cost=0.43..10.50 rows=103 width=4)
	  Index Cond: ((k >= 8111209) AND (k <= 8111309))

explain: for range-covered :: explain SELECT k FROM sbtest%d WHERE k BETWEEN 7436671 AND 7436771
explain: for range-covered :: explain SELECT k FROM sbtest%d WHERE k BETWEEN 8111209 AND 8111309
for range-covered
table 1 : explain SELECT k FROM sbtest1 WHERE k BETWEEN 4727151 AND 4727251
	Index Only Scan using k_1 on sbtest1  (cost=0.43..10.36 rows=96 width=4)
	  Index Cond: ((k >= 4727151) AND (k <= 4727251))

table 2 : explain SELECT k FROM sbtest2 WHERE k BETWEEN 4727151 AND 4727251
	Index Only Scan using k_2 on sbtest2  (cost=0.43..10.44 rows=100 width=4)
	  Index Cond: ((k >= 4727151) AND (k <= 4727251))

table 3 : explain SELECT k FROM sbtest3 WHERE k BETWEEN 4727151 AND 4727251
	Index Only Scan using k_3 on sbtest3  (cost=0.43..10.47 rows=102 width=4)
	  Index Cond: ((k >= 4727151) AND (k <= 4727251))

table 4 : explain SELECT k FROM sbtest4 WHERE k BETWEEN 4727151 AND 4727251
	Index Only Scan using k_4 on sbtest4  (cost=0.43..10.47 rows=102 width=4)
	  Index Cond: ((k >= 4727151) AND (k <= 4727251))

table 5 : explain SELECT k FROM sbtest5 WHERE k BETWEEN 4727151 AND 4727251
	Index Only Scan using k_5 on sbtest5  (cost=0.43..10.83 rows=120 width=4)
	  Index Cond: ((k >= 4727151) AND (k <= 4727251))

table 6 : explain SELECT k FROM sbtest6 WHERE k BETWEEN 4727151 AND 4727251
	Index Only Scan using k_6 on sbtest6  (cost=0.43..10.65 rows=111 width=4)
	  Index Cond: ((k >= 4727151) AND (k <= 4727251))

table 7 : explain SELECT k FROM sbtest7 WHERE k BETWEEN 4727151 AND 4727251
	Index Only Scan using k_7 on sbtest7  (cost=0.43..10.54 rows=105 width=4)
	  Index Cond: ((k >= 4727151) AND (k <= 4727251))

table 8 : explain SELECT k FROM sbtest8 WHERE k BETWEEN 4727151 AND 4727251
	Index Only Scan using k_8 on sbtest8  (cost=0.43..10.54 rows=105 width=4)
	  Index Cond: ((k >= 4727151) AND (k <= 4727251))

for range-covered
table 1 : explain SELECT k FROM sbtest1 WHERE k BETWEEN 5270764 AND 5270864
	Index Only Scan using k_1 on sbtest1  (cost=0.43..10.36 rows=96 width=4)
	  Index Cond: ((k >= 5270764) AND (k <= 5270864))

table 2 : explain SELECT k FROM sbtest2 WHERE k BETWEEN 5270764 AND 5270864
	Index Only Scan using k_2 on sbtest2  (cost=0.43..10.42 rows=99 width=4)
	  Index Cond: ((k >= 5270764) AND (k <= 5270864))

table 3 : explain SELECT k FROM sbtest3 WHERE k BETWEEN 5270764 AND 5270864
	Index Only Scan using k_3 on sbtest3  (cost=0.43..10.33 rows=95 width=4)
	  Index Cond: ((k >= 5270764) AND (k <= 5270864))

table 4 : explain SELECT k FROM sbtest4 WHERE k BETWEEN 5270764 AND 5270864
	Index Only Scan using k_4 on sbtest4  (cost=0.43..10.47 rows=102 width=4)
	  Index Cond: ((k >= 5270764) AND (k <= 5270864))

table 5 : explain SELECT k FROM sbtest5 WHERE k BETWEEN 5270764 AND 5270864
	Index Only Scan using k_5 on sbtest5  (cost=0.43..10.42 rows=99 width=4)
	  Index Cond: ((k >= 5270764) AND (k <= 5270864))

table 6 : explain SELECT k FROM sbtest6 WHERE k BETWEEN 5270764 AND 5270864
	Index Only Scan using k_6 on sbtest6  (cost=0.43..10.51 rows=104 width=4)
	  Index Cond: ((k >= 5270764) AND (k <= 5270864))

table 7 : explain SELECT k FROM sbtest7 WHERE k BETWEEN 5270764 AND 5270864
	Index Only Scan using k_7 on sbtest7  (cost=0.43..10.47 rows=102 width=4)
	  Index Cond: ((k >= 5270764) AND (k <= 5270864))

table 8 : explain SELECT k FROM sbtest8 WHERE k BETWEEN 5270764 AND 5270864
	Index Only Scan using k_8 on sbtest8  (cost=0.43..10.42 rows=99 width=4)
	  Index Cond: ((k >= 5270764) AND (k <= 5270864))

explain: for range-covered :: explain SELECT k FROM sbtest%d WHERE k BETWEEN 5106050 AND 5106150
explain: for range-covered :: explain SELECT k FROM sbtest%d WHERE k BETWEEN 5270764 AND 5270864
for range-covered
table 1 : explain SELECT k FROM sbtest1 WHERE k BETWEEN 9034750 AND 9034850
	Index Only Scan using k_1 on sbtest1  (cost=0.43..10.44 rows=100 width=4)
	  Index Cond: ((k >= 9034750) AND (k <= 9034850))

table 2 : explain SELECT k FROM sbtest2 WHERE k BETWEEN 9034750 AND 9034850
	Index Only Scan using k_2 on sbtest2  (cost=0.43..10.42 rows=99 width=4)
	  Index Cond: ((k >= 9034750) AND (k <= 9034850))

table 3 : explain SELECT k FROM sbtest3 WHERE k BETWEEN 9034750 AND 9034850
	Index Only Scan using k_3 on sbtest3  (cost=0.43..10.68 rows=112 width=4)
	  Index Cond: ((k >= 9034750) AND (k <= 9034850))

table 4 : explain SELECT k FROM sbtest4 WHERE k BETWEEN 9034750 AND 9034850
	Index Only Scan using k_4 on sbtest4  (cost=0.43..10.29 rows=93 width=4)
	  Index Cond: ((k >= 9034750) AND (k <= 9034850))

table 5 : explain SELECT k FROM sbtest5 WHERE k BETWEEN 9034750 AND 9034850
	Index Only Scan using k_5 on sbtest5  (cost=0.43..10.44 rows=100 width=4)
	  Index Cond: ((k >= 9034750) AND (k <= 9034850))

table 6 : explain SELECT k FROM sbtest6 WHERE k BETWEEN 9034750 AND 9034850
	Index Only Scan using k_6 on sbtest6  (cost=0.43..10.46 rows=101 width=4)
	  Index Cond: ((k >= 9034750) AND (k <= 9034850))

table 7 : explain SELECT k FROM sbtest7 WHERE k BETWEEN 9034750 AND 9034850
	Index Only Scan using k_7 on sbtest7  (cost=0.43..10.46 rows=101 width=4)
	  Index Cond: ((k >= 9034750) AND (k <= 9034850))

table 8 : explain SELECT k FROM sbtest8 WHERE k BETWEEN 9034750 AND 9034850
	Index Only Scan using k_8 on sbtest8  (cost=0.43..10.44 rows=100 width=4)
	  Index Cond: ((k >= 9034750) AND (k <= 9034850))

for range-covered
table 1 : explain SELECT k FROM sbtest1 WHERE k BETWEEN 5170462 AND 5170562
	Index Only Scan using k_1 on sbtest1  (cost=0.43..10.72 rows=114 width=4)
	  Index Cond: ((k >= 5170462) AND (k <= 5170562))

table 2 : explain SELECT k FROM sbtest2 WHERE k BETWEEN 5170462 AND 5170562
	Index Only Scan using k_2 on sbtest2  (cost=0.43..10.42 rows=99 width=4)
	  Index Cond: ((k >= 5170462) AND (k <= 5170562))

table 3 : explain SELECT k FROM sbtest3 WHERE k BETWEEN 5170462 AND 5170562
	Index Only Scan using k_3 on sbtest3  (cost=0.43..10.50 rows=103 width=4)
	  Index Cond: ((k >= 5170462) AND (k <= 5170562))

table 4 : explain SELECT k FROM sbtest4 WHERE k BETWEEN 5170462 AND 5170562
	Index Only Scan using k_4 on sbtest4  (cost=0.43..10.29 rows=93 width=4)
	  Index Cond: ((k >= 5170462) AND (k <= 5170562))

table 5 : explain SELECT k FROM sbtest5 WHERE k BETWEEN 5170462 AND 5170562
	Index Only Scan using k_5 on sbtest5  (cost=0.43..10.38 rows=97 width=4)
	  Index Cond: ((k >= 5170462) AND (k <= 5170562))

table 6 : explain SELECT k FROM sbtest6 WHERE k BETWEEN 5170462 AND 5170562
	Index Only Scan using k_6 on sbtest6  (cost=0.43..10.29 rows=93 width=4)
	  Index Cond: ((k >= 5170462) AND (k <= 5170562))

table 7 : explain SELECT k FROM sbtest7 WHERE k BETWEEN 5170462 AND 5170562
	Index Only Scan using k_7 on sbtest7  (cost=0.43..10.42 rows=99 width=4)
	  Index Cond: ((k >= 5170462) AND (k <= 5170562))

table 8 : explain SELECT k FROM sbtest8 WHERE k BETWEEN 5170462 AND 5170562
	Index Only Scan using k_8 on sbtest8  (cost=0.43..10.29 rows=93 width=4)
	  Index Cond: ((k >= 5170462) AND (k <= 5170562))

explain: for range-covered :: explain SELECT k FROM sbtest%d WHERE k BETWEEN 9034750 AND 9034850
explain: for range-covered :: explain SELECT k FROM sbtest%d WHERE k BETWEEN 5170462 AND 5170562
for range-covered
table 1 : explain SELECT k FROM sbtest1 WHERE k BETWEEN 3510058 AND 3510158
	Index Only Scan using k_1 on sbtest1  (cost=0.43..10.40 rows=98 width=4)
	  Index Cond: ((k >= 3510058) AND (k <= 3510158))

table 2 : explain SELECT k FROM sbtest2 WHERE k BETWEEN 3510058 AND 3510158
	Index Only Scan using k_2 on sbtest2  (cost=0.43..10.38 rows=97 width=4)
	  Index Cond: ((k >= 3510058) AND (k <= 3510158))

table 3 : explain SELECT k FROM sbtest3 WHERE k BETWEEN 3510058 AND 3510158
	Index Only Scan using k_3 on sbtest3  (cost=0.43..10.47 rows=102 width=4)
	  Index Cond: ((k >= 3510058) AND (k <= 3510158))

table 4 : explain SELECT k FROM sbtest4 WHERE k BETWEEN 3510058 AND 3510158
	Index Only Scan using k_4 on sbtest4  (cost=0.43..10.47 rows=102 width=4)
	  Index Cond: ((k >= 3510058) AND (k <= 3510158))

table 5 : explain SELECT k FROM sbtest5 WHERE k BETWEEN 3510058 AND 3510158
	Index Only Scan using k_5 on sbtest5  (cost=0.43..10.42 rows=99 width=4)
	  Index Cond: ((k >= 3510058) AND (k <= 3510158))

table 6 : explain SELECT k FROM sbtest6 WHERE k BETWEEN 3510058 AND 3510158
	Index Only Scan using k_6 on sbtest6  (cost=0.43..10.60 rows=108 width=4)
	  Index Cond: ((k >= 3510058) AND (k <= 3510158))

table 7 : explain SELECT k FROM sbtest7 WHERE k BETWEEN 3510058 AND 3510158
	Index Only Scan using k_7 on sbtest7  (cost=0.43..10.76 rows=116 width=4)
	  Index Cond: ((k >= 3510058) AND (k <= 3510158))

table 8 : explain SELECT k FROM sbtest8 WHERE k BETWEEN 3510058 AND 3510158
	Index Only Scan using k_8 on sbtest8  (cost=0.43..10.40 rows=98 width=4)
	  Index Cond: ((k >= 3510058) AND (k <= 3510158))

explain: for range-covered :: explain SELECT k FROM sbtest%d WHERE k BETWEEN 3510058 AND 3510158
for range-covered
table 1 : explain SELECT k FROM sbtest1 WHERE k BETWEEN 7436671 AND 7436771
	Index Only Scan using k_1 on sbtest1  (cost=0.43..10.33 rows=95 width=4)
	  Index Cond: ((k >= 7436671) AND (k <= 7436771))

table 2 : explain SELECT k FROM sbtest2 WHERE k BETWEEN 7436671 AND 7436771
	Index Only Scan using k_2 on sbtest2  (cost=0.43..10.36 rows=96 width=4)
	  Index Cond: ((k >= 7436671) AND (k <= 7436771))

table 3 : explain SELECT k FROM sbtest3 WHERE k BETWEEN 7436671 AND 7436771
	Index Only Scan using k_3 on sbtest3  (cost=0.43..10.63 rows=110 width=4)
	  Index Cond: ((k >= 7436671) AND (k <= 7436771))

table 4 : explain SELECT k FROM sbtest4 WHERE k BETWEEN 7436671 AND 7436771
	Index Only Scan using k_4 on sbtest4  (cost=0.43..10.58 rows=107 width=4)
	  Index Cond: ((k >= 7436671) AND (k <= 7436771))

table 5 : explain SELECT k FROM sbtest5 WHERE k BETWEEN 7436671 AND 7436771
	Index Only Scan using k_5 on sbtest5  (cost=0.43..10.56 rows=106 width=4)
	  Index Cond: ((k >= 7436671) AND (k <= 7436771))

table 6 : explain SELECT k FROM sbtest6 WHERE k BETWEEN 7436671 AND 7436771
	Index Only Scan using k_6 on sbtest6  (cost=0.43..10.47 rows=102 width=4)
	  Index Cond: ((k >= 7436671) AND (k <= 7436771))

table 7 : explain SELECT k FROM sbtest7 WHERE k BETWEEN 7436671 AND 7436771
	Index Only Scan using k_7 on sbtest7  (cost=0.43..10.76 rows=116 width=4)
	  Index Cond: ((k >= 7436671) AND (k <= 7436771))

table 8 : explain SELECT k FROM sbtest8 WHERE k BETWEEN 7436671 AND 7436771
	Index Only Scan using k_8 on sbtest8  (cost=0.43..10.51 rows=104 width=4)
	  Index Cond: ((k >= 7436671) AND (k <= 7436771))

explain: for range-covered :: explain SELECT k FROM sbtest%d WHERE k BETWEEN 7436671 AND 7436771
for range-covered
table 1 : explain SELECT k FROM sbtest1 WHERE k BETWEEN 8111209 AND 8111309
	Index Only Scan using k_1 on sbtest1  (cost=0.43..10.42 rows=99 width=4)
	  Index Cond: ((k >= 8111209) AND (k <= 8111309))

table 2 : explain SELECT k FROM sbtest2 WHERE k BETWEEN 8111209 AND 8111309
	Index Only Scan using k_2 on sbtest2  (cost=0.43..10.54 rows=105 width=4)
	  Index Cond: ((k >= 8111209) AND (k <= 8111309))

table 3 : explain SELECT k FROM sbtest3 WHERE k BETWEEN 8111209 AND 8111309
	Index Only Scan using k_3 on sbtest3  (cost=0.43..10.51 rows=104 width=4)
	  Index Cond: ((k >= 8111209) AND (k <= 8111309))

table 4 : explain SELECT k FROM sbtest4 WHERE k BETWEEN 8111209 AND 8111309
	Index Only Scan using k_4 on sbtest4  (cost=0.43..10.47 rows=102 width=4)
	  Index Cond: ((k >= 8111209) AND (k <= 8111309))

table 5 : explain SELECT k FROM sbtest5 WHERE k BETWEEN 8111209 AND 8111309
	Index Only Scan using k_5 on sbtest5  (cost=0.43..10.51 rows=104 width=4)
	  Index Cond: ((k >= 8111209) AND (k <= 8111309))

table 6 : explain SELECT k FROM sbtest6 WHERE k BETWEEN 8111209 AND 8111309
	Index Only Scan using k_6 on sbtest6  (cost=0.43..10.50 rows=103 width=4)
	  Index Cond: ((k >= 8111209) AND (k <= 8111309))

table 7 : explain SELECT k FROM sbtest7 WHERE k BETWEEN 8111209 AND 8111309
	Index Only Scan using k_7 on sbtest7  (cost=0.43..10.46 rows=101 width=4)
	  Index Cond: ((k >= 8111209) AND (k <= 8111309))

table 8 : explain SELECT k FROM sbtest8 WHERE k BETWEEN 8111209 AND 8111309
	Index Only Scan using k_8 on sbtest8  (cost=0.43..10.50 rows=103 width=4)
	  Index Cond: ((k >= 8111209) AND (k <= 8111309))

explain: for range-covered :: explain SELECT k FROM sbtest%d WHERE k BETWEEN 8111209 AND 8111309
for range-covered
table 1 : explain SELECT k FROM sbtest1 WHERE k BETWEEN 7373866 AND 7373966
	Index Only Scan using k_1 on sbtest1  (cost=0.43..10.56 rows=106 width=4)
	  Index Cond: ((k >= 7373866) AND (k <= 7373966))

table 2 : explain SELECT k FROM sbtest2 WHERE k BETWEEN 7373866 AND 7373966
	Index Only Scan using k_2 on sbtest2  (cost=0.43..10.44 rows=100 width=4)
	  Index Cond: ((k >= 7373866) AND (k <= 7373966))

table 3 : explain SELECT k FROM sbtest3 WHERE k BETWEEN 7373866 AND 7373966
	Index Only Scan using k_3 on sbtest3  (cost=0.43..10.51 rows=104 width=4)
	  Index Cond: ((k >= 7373866) AND (k <= 7373966))

table 4 : explain SELECT k FROM sbtest4 WHERE k BETWEEN 7373866 AND 7373966
	Index Only Scan using k_4 on sbtest4  (cost=0.43..10.36 rows=96 width=4)
	  Index Cond: ((k >= 7373866) AND (k <= 7373966))

table 5 : explain SELECT k FROM sbtest5 WHERE k BETWEEN 7373866 AND 7373966
	Index Only Scan using k_5 on sbtest5  (cost=0.43..10.58 rows=107 width=4)
	  Index Cond: ((k >= 7373866) AND (k <= 7373966))

table 6 : explain SELECT k FROM sbtest6 WHERE k BETWEEN 7373866 AND 7373966
	Index Only Scan using k_6 on sbtest6  (cost=0.43..10.63 rows=110 width=4)
	  Index Cond: ((k >= 7373866) AND (k <= 7373966))

table 7 : explain SELECT k FROM sbtest7 WHERE k BETWEEN 7373866 AND 7373966
	Index Only Scan using k_7 on sbtest7  (cost=0.43..10.40 rows=98 width=4)
	  Index Cond: ((k >= 7373866) AND (k <= 7373966))

table 8 : explain SELECT k FROM sbtest8 WHERE k BETWEEN 7373866 AND 7373966
	Index Only Scan using k_8 on sbtest8  (cost=0.43..10.51 rows=104 width=4)
	  Index Cond: ((k >= 7373866) AND (k <= 7373966))

explain: for range-covered :: explain SELECT k FROM sbtest%d WHERE k BETWEEN 7373866 AND 7373966
for range-covered
table 1 : explain SELECT k FROM sbtest1 WHERE k BETWEEN 5270764 AND 5270864
	Index Only Scan using k_1 on sbtest1  (cost=0.43..10.36 rows=96 width=4)
	  Index Cond: ((k >= 5270764) AND (k <= 5270864))

table 2 : explain SELECT k FROM sbtest2 WHERE k BETWEEN 5270764 AND 5270864
	Index Only Scan using k_2 on sbtest2  (cost=0.43..10.42 rows=99 width=4)
	  Index Cond: ((k >= 5270764) AND (k <= 5270864))

table 3 : explain SELECT k FROM sbtest3 WHERE k BETWEEN 5270764 AND 5270864
	Index Only Scan using k_3 on sbtest3  (cost=0.43..10.33 rows=95 width=4)
	  Index Cond: ((k >= 5270764) AND (k <= 5270864))

table 4 : explain SELECT k FROM sbtest4 WHERE k BETWEEN 5270764 AND 5270864
	Index Only Scan using k_4 on sbtest4  (cost=0.43..10.47 rows=102 width=4)
	  Index Cond: ((k >= 5270764) AND (k <= 5270864))

table 5 : explain SELECT k FROM sbtest5 WHERE k BETWEEN 5270764 AND 5270864
	Index Only Scan using k_5 on sbtest5  (cost=0.43..10.42 rows=99 width=4)
	  Index Cond: ((k >= 5270764) AND (k <= 5270864))

table 6 : explain SELECT k FROM sbtest6 WHERE k BETWEEN 5270764 AND 5270864
	Index Only Scan using k_6 on sbtest6  (cost=0.43..10.51 rows=104 width=4)
	  Index Cond: ((k >= 5270764) AND (k <= 5270864))

table 7 : explain SELECT k FROM sbtest7 WHERE k BETWEEN 5270764 AND 5270864
	Index Only Scan using k_7 on sbtest7  (cost=0.43..10.47 rows=102 width=4)
	  Index Cond: ((k >= 5270764) AND (k <= 5270864))

table 8 : explain SELECT k FROM sbtest8 WHERE k BETWEEN 5270764 AND 5270864
	Index Only Scan using k_8 on sbtest8  (cost=0.43..10.42 rows=99 width=4)
	  Index Cond: ((k >= 5270764) AND (k <= 5270864))

for range-covered
table 1 : explain SELECT k FROM sbtest1 WHERE k BETWEEN 9034750 AND 9034850
	Index Only Scan using k_1 on sbtest1  (cost=0.43..10.44 rows=100 width=4)
	  Index Cond: ((k >= 9034750) AND (k <= 9034850))

table 2 : explain SELECT k FROM sbtest2 WHERE k BETWEEN 9034750 AND 9034850
	Index Only Scan using k_2 on sbtest2  (cost=0.43..10.42 rows=99 width=4)
	  Index Cond: ((k >= 9034750) AND (k <= 9034850))

table 3 : explain SELECT k FROM sbtest3 WHERE k BETWEEN 9034750 AND 9034850
	Index Only Scan using k_3 on sbtest3  (cost=0.43..10.68 rows=112 width=4)
	  Index Cond: ((k >= 9034750) AND (k <= 9034850))

table 4 : explain SELECT k FROM sbtest4 WHERE k BETWEEN 9034750 AND 9034850
	Index Only Scan using k_4 on sbtest4  (cost=0.43..10.29 rows=93 width=4)
	  Index Cond: ((k >= 9034750) AND (k <= 9034850))

table 5 : explain SELECT k FROM sbtest5 WHERE k BETWEEN 9034750 AND 9034850
	Index Only Scan using k_5 on sbtest5  (cost=0.43..10.44 rows=100 width=4)
	  Index Cond: ((k >= 9034750) AND (k <= 9034850))

table 6 : explain SELECT k FROM sbtest6 WHERE k BETWEEN 9034750 AND 9034850
	Index Only Scan using k_6 on sbtest6  (cost=0.43..10.46 rows=101 width=4)
	  Index Cond: ((k >= 9034750) AND (k <= 9034850))

table 7 : explain SELECT k FROM sbtest7 WHERE k BETWEEN 9034750 AND 9034850
	Index Only Scan using k_7 on sbtest7  (cost=0.43..10.46 rows=101 width=4)
	  Index Cond: ((k >= 9034750) AND (k <= 9034850))

table 8 : explain SELECT k FROM sbtest8 WHERE k BETWEEN 9034750 AND 9034850
	Index Only Scan using k_8 on sbtest8  (cost=0.43..10.44 rows=100 width=4)
	  Index Cond: ((k >= 9034750) AND (k <= 9034850))

for range-covered
table 1 : explain SELECT k FROM sbtest1 WHERE k BETWEEN 5170462 AND 5170562
	Index Only Scan using k_1 on sbtest1  (cost=0.43..10.72 rows=114 width=4)
	  Index Cond: ((k >= 5170462) AND (k <= 5170562))

table 2 : explain SELECT k FROM sbtest2 WHERE k BETWEEN 5170462 AND 5170562
	Index Only Scan using k_2 on sbtest2  (cost=0.43..10.42 rows=99 width=4)
	  Index Cond: ((k >= 5170462) AND (k <= 5170562))

table 3 : explain SELECT k FROM sbtest3 WHERE k BETWEEN 5170462 AND 5170562
	Index Only Scan using k_3 on sbtest3  (cost=0.43..10.50 rows=103 width=4)
	  Index Cond: ((k >= 5170462) AND (k <= 5170562))

table 4 : explain SELECT k FROM sbtest4 WHERE k BETWEEN 5170462 AND 5170562
	Index Only Scan using k_4 on sbtest4  (cost=0.43..10.29 rows=93 width=4)
	  Index Cond: ((k >= 5170462) AND (k <= 5170562))

table 5 : explain SELECT k FROM sbtest5 WHERE k BETWEEN 5170462 AND 5170562
	Index Only Scan using k_5 on sbtest5  (cost=0.43..10.38 rows=97 width=4)
	  Index Cond: ((k >= 5170462) AND (k <= 5170562))

table 6 : explain SELECT k FROM sbtest6 WHERE k BETWEEN 5170462 AND 5170562
	Index Only Scan using k_6 on sbtest6  (cost=0.43..10.29 rows=93 width=4)
	  Index Cond: ((k >= 5170462) AND (k <= 5170562))

table 7 : explain SELECT k FROM sbtest7 WHERE k BETWEEN 5170462 AND 5170562
	Index Only Scan using k_7 on sbtest7  (cost=0.43..10.42 rows=99 width=4)
	  Index Cond: ((k >= 5170462) AND (k <= 5170562))

table 8 : explain SELECT k FROM sbtest8 WHERE k BETWEEN 5170462 AND 5170562
	Index Only Scan using k_8 on sbtest8  (cost=0.43..10.29 rows=93 width=4)
	  Index Cond: ((k >= 5170462) AND (k <= 5170562))

explain: for range-covered :: explain SELECT k FROM sbtest%d WHERE k BETWEEN 5270764 AND 5270864
explain: for range-covered :: explain SELECT k FROM sbtest%d WHERE k BETWEEN 9034750 AND 9034850
for range-covered
table 1 : explain SELECT k FROM sbtest1 WHERE k BETWEEN 1148837 AND 1148937
	Index Only Scan using k_1 on sbtest1  (cost=0.43..10.60 rows=108 width=4)
	  Index Cond: ((k >= 1148837) AND (k <= 1148937))

table 2 : explain SELECT k FROM sbtest2 WHERE k BETWEEN 1148837 AND 1148937
	Index Only Scan using k_2 on sbtest2  (cost=0.43..10.47 rows=102 width=4)
	  Index Cond: ((k >= 1148837) AND (k <= 1148937))

table 3 : explain SELECT k FROM sbtest3 WHERE k BETWEEN 1148837 AND 1148937
	Index Only Scan using k_3 on sbtest3  (cost=0.43..10.22 rows=89 width=4)
	  Index Cond: ((k >= 1148837) AND (k <= 1148937))

table 4 : explain SELECT k FROM sbtest4 WHERE k BETWEEN 1148837 AND 1148937
	Index Only Scan using k_4 on sbtest4  (cost=0.43..10.44 rows=100 width=4)
	  Index Cond: ((k >= 1148837) AND (k <= 1148937))

table 5 : explain SELECT k FROM sbtest5 WHERE k BETWEEN 1148837 AND 1148937
	Index Only Scan using k_5 on sbtest5  (cost=0.43..10.42 rows=99 width=4)
	  Index Cond: ((k >= 1148837) AND (k <= 1148937))

table 6 : explain SELECT k FROM sbtest6 WHERE k BETWEEN 1148837 AND 1148937
	Index Only Scan using k_6 on sbtest6  (cost=0.43..10.47 rows=102 width=4)
	  Index Cond: ((k >= 1148837) AND (k <= 1148937))

table 7 : explain SELECT k FROM sbtest7 WHERE k BETWEEN 1148837 AND 1148937
	Index Only Scan using k_7 on sbtest7  (cost=0.43..10.68 rows=112 width=4)
	  Index Cond: ((k >= 1148837) AND (k <= 1148937))

table 8 : explain SELECT k FROM sbtest8 WHERE k BETWEEN 1148837 AND 1148937
	Index Only Scan using k_8 on sbtest8  (cost=0.43..10.47 rows=102 width=4)
	  Index Cond: ((k >= 1148837) AND (k <= 1148937))

explain: for range-covered :: explain SELECT k FROM sbtest%d WHERE k BETWEEN 5170462 AND 5170562
for range-covered
table 1 : explain SELECT k FROM sbtest1 WHERE k BETWEEN 3510058 AND 3510158
	Index Only Scan using k_1 on sbtest1  (cost=0.43..10.40 rows=98 width=4)
	  Index Cond: ((k >= 3510058) AND (k <= 3510158))

table 2 : explain SELECT k FROM sbtest2 WHERE k BETWEEN 3510058 AND 3510158
	Index Only Scan using k_2 on sbtest2  (cost=0.43..10.38 rows=97 width=4)
	  Index Cond: ((k >= 3510058) AND (k <= 3510158))

table 3 : explain SELECT k FROM sbtest3 WHERE k BETWEEN 3510058 AND 3510158
	Index Only Scan using k_3 on sbtest3  (cost=0.43..10.47 rows=102 width=4)
	  Index Cond: ((k >= 3510058) AND (k <= 3510158))

table 4 : explain SELECT k FROM sbtest4 WHERE k BETWEEN 3510058 AND 3510158
	Index Only Scan using k_4 on sbtest4  (cost=0.43..10.47 rows=102 width=4)
	  Index Cond: ((k >= 3510058) AND (k <= 3510158))

table 5 : explain SELECT k FROM sbtest5 WHERE k BETWEEN 3510058 AND 3510158
	Index Only Scan using k_5 on sbtest5  (cost=0.43..10.42 rows=99 width=4)
	  Index Cond: ((k >= 3510058) AND (k <= 3510158))

table 6 : explain SELECT k FROM sbtest6 WHERE k BETWEEN 3510058 AND 3510158
	Index Only Scan using k_6 on sbtest6  (cost=0.43..10.60 rows=108 width=4)
	  Index Cond: ((k >= 3510058) AND (k <= 3510158))

table 7 : explain SELECT k FROM sbtest7 WHERE k BETWEEN 3510058 AND 3510158
	Index Only Scan using k_7 on sbtest7  (cost=0.43..10.76 rows=116 width=4)
	  Index Cond: ((k >= 3510058) AND (k <= 3510158))

table 8 : explain SELECT k FROM sbtest8 WHERE k BETWEEN 3510058 AND 3510158
	Index Only Scan using k_8 on sbtest8  (cost=0.43..10.40 rows=98 width=4)
	  Index Cond: ((k >= 3510058) AND (k <= 3510158))

explain: for range-covered :: explain SELECT k FROM sbtest%d WHERE k BETWEEN 5031911 AND 5032011
explain: for range-covered :: explain SELECT k FROM sbtest%d WHERE k BETWEEN 3510058 AND 3510158
explain: for range-covered :: explain SELECT k FROM sbtest%d WHERE k BETWEEN 7037838 AND 7037938
for range-covered
table 1 : explain SELECT k FROM sbtest1 WHERE k BETWEEN 7436671 AND 7436771
	Index Only Scan using k_1 on sbtest1  (cost=0.43..10.33 rows=95 width=4)
	  Index Cond: ((k >= 7436671) AND (k <= 7436771))

table 2 : explain SELECT k FROM sbtest2 WHERE k BETWEEN 7436671 AND 7436771
	Index Only Scan using k_2 on sbtest2  (cost=0.43..10.36 rows=96 width=4)
	  Index Cond: ((k >= 7436671) AND (k <= 7436771))

table 3 : explain SELECT k FROM sbtest3 WHERE k BETWEEN 7436671 AND 7436771
	Index Only Scan using k_3 on sbtest3  (cost=0.43..10.63 rows=110 width=4)
	  Index Cond: ((k >= 7436671) AND (k <= 7436771))

table 4 : explain SELECT k FROM sbtest4 WHERE k BETWEEN 7436671 AND 7436771
	Index Only Scan using k_4 on sbtest4  (cost=0.43..10.58 rows=107 width=4)
	  Index Cond: ((k >= 7436671) AND (k <= 7436771))

table 5 : explain SELECT k FROM sbtest5 WHERE k BETWEEN 7436671 AND 7436771
	Index Only Scan using k_5 on sbtest5  (cost=0.43..10.56 rows=106 width=4)
	  Index Cond: ((k >= 7436671) AND (k <= 7436771))

table 6 : explain SELECT k FROM sbtest6 WHERE k BETWEEN 7436671 AND 7436771
	Index Only Scan using k_6 on sbtest6  (cost=0.43..10.47 rows=102 width=4)
	  Index Cond: ((k >= 7436671) AND (k <= 7436771))

table 7 : explain SELECT k FROM sbtest7 WHERE k BETWEEN 7436671 AND 7436771
	Index Only Scan using k_7 on sbtest7  (cost=0.43..10.76 rows=116 width=4)
	  Index Cond: ((k >= 7436671) AND (k <= 7436771))

table 8 : explain SELECT k FROM sbtest8 WHERE k BETWEEN 7436671 AND 7436771
	Index Only Scan using k_8 on sbtest8  (cost=0.43..10.51 rows=104 width=4)
	  Index Cond: ((k >= 7436671) AND (k <= 7436771))

explain: for range-covered :: explain SELECT k FROM sbtest%d WHERE k BETWEEN 7436671 AND 7436771
for range-covered
table 1 : explain SELECT k FROM sbtest1 WHERE k BETWEEN 8111209 AND 8111309
	Index Only Scan using k_1 on sbtest1  (cost=0.43..10.42 rows=99 width=4)
	  Index Cond: ((k >= 8111209) AND (k <= 8111309))

table 2 : explain SELECT k FROM sbtest2 WHERE k BETWEEN 8111209 AND 8111309
	Index Only Scan using k_2 on sbtest2  (cost=0.43..10.54 rows=105 width=4)
	  Index Cond: ((k >= 8111209) AND (k <= 8111309))

table 3 : explain SELECT k FROM sbtest3 WHERE k BETWEEN 8111209 AND 8111309
	Index Only Scan using k_3 on sbtest3  (cost=0.43..10.51 rows=104 width=4)
	  Index Cond: ((k >= 8111209) AND (k <= 8111309))

table 4 : explain SELECT k FROM sbtest4 WHERE k BETWEEN 8111209 AND 8111309
	Index Only Scan using k_4 on sbtest4  (cost=0.43..10.47 rows=102 width=4)
	  Index Cond: ((k >= 8111209) AND (k <= 8111309))

table 5 : explain SELECT k FROM sbtest5 WHERE k BETWEEN 8111209 AND 8111309
	Index Only Scan using k_5 on sbtest5  (cost=0.43..10.51 rows=104 width=4)
	  Index Cond: ((k >= 8111209) AND (k <= 8111309))

table 6 : explain SELECT k FROM sbtest6 WHERE k BETWEEN 8111209 AND 8111309
	Index Only Scan using k_6 on sbtest6  (cost=0.43..10.50 rows=103 width=4)
	  Index Cond: ((k >= 8111209) AND (k <= 8111309))

table 7 : explain SELECT k FROM sbtest7 WHERE k BETWEEN 8111209 AND 8111309
	Index Only Scan using k_7 on sbtest7  (cost=0.43..10.46 rows=101 width=4)
	  Index Cond: ((k >= 8111209) AND (k <= 8111309))

table 8 : explain SELECT k FROM sbtest8 WHERE k BETWEEN 8111209 AND 8111309
	Index Only Scan using k_8 on sbtest8  (cost=0.43..10.50 rows=103 width=4)
	  Index Cond: ((k >= 8111209) AND (k <= 8111309))

explain: for range-covered :: explain SELECT k FROM sbtest%d WHERE k BETWEEN 8111209 AND 8111309
for range-covered
table 1 : explain SELECT k FROM sbtest1 WHERE k BETWEEN 7373866 AND 7373966
	Index Only Scan using k_1 on sbtest1  (cost=0.43..10.56 rows=106 width=4)
	  Index Cond: ((k >= 7373866) AND (k <= 7373966))

table 2 : explain SELECT k FROM sbtest2 WHERE k BETWEEN 7373866 AND 7373966
	Index Only Scan using k_2 on sbtest2  (cost=0.43..10.44 rows=100 width=4)
	  Index Cond: ((k >= 7373866) AND (k <= 7373966))

table 3 : explain SELECT k FROM sbtest3 WHERE k BETWEEN 7373866 AND 7373966
	Index Only Scan using k_3 on sbtest3  (cost=0.43..10.51 rows=104 width=4)
	  Index Cond: ((k >= 7373866) AND (k <= 7373966))

table 4 : explain SELECT k FROM sbtest4 WHERE k BETWEEN 7373866 AND 7373966
	Index Only Scan using k_4 on sbtest4  (cost=0.43..10.36 rows=96 width=4)
	  Index Cond: ((k >= 7373866) AND (k <= 7373966))

table 5 : explain SELECT k FROM sbtest5 WHERE k BETWEEN 7373866 AND 7373966
	Index Only Scan using k_5 on sbtest5  (cost=0.43..10.58 rows=107 width=4)
	  Index Cond: ((k >= 7373866) AND (k <= 7373966))

table 6 : explain SELECT k FROM sbtest6 WHERE k BETWEEN 7373866 AND 7373966
	Index Only Scan using k_6 on sbtest6  (cost=0.43..10.63 rows=110 width=4)
	  Index Cond: ((k >= 7373866) AND (k <= 7373966))

table 7 : explain SELECT k FROM sbtest7 WHERE k BETWEEN 7373866 AND 7373966
	Index Only Scan using k_7 on sbtest7  (cost=0.43..10.40 rows=98 width=4)
	  Index Cond: ((k >= 7373866) AND (k <= 7373966))

table 8 : explain SELECT k FROM sbtest8 WHERE k BETWEEN 7373866 AND 7373966
	Index Only Scan using k_8 on sbtest8  (cost=0.43..10.51 rows=104 width=4)
	  Index Cond: ((k >= 7373866) AND (k <= 7373966))

for range-covered
table 1 : explain SELECT k FROM sbtest1 WHERE k BETWEEN 5270764 AND 5270864
	Index Only Scan using k_1 on sbtest1  (cost=0.43..10.36 rows=96 width=4)
	  Index Cond: ((k >= 5270764) AND (k <= 5270864))

table 2 : explain SELECT k FROM sbtest2 WHERE k BETWEEN 5270764 AND 5270864
	Index Only Scan using k_2 on sbtest2  (cost=0.43..10.42 rows=99 width=4)
	  Index Cond: ((k >= 5270764) AND (k <= 5270864))

table 3 : explain SELECT k FROM sbtest3 WHERE k BETWEEN 5270764 AND 5270864
	Index Only Scan using k_3 on sbtest3  (cost=0.43..10.33 rows=95 width=4)
	  Index Cond: ((k >= 5270764) AND (k <= 5270864))

table 4 : explain SELECT k FROM sbtest4 WHERE k BETWEEN 5270764 AND 5270864
	Index Only Scan using k_4 on sbtest4  (cost=0.43..10.47 rows=102 width=4)
	  Index Cond: ((k >= 5270764) AND (k <= 5270864))

table 5 : explain SELECT k FROM sbtest5 WHERE k BETWEEN 5270764 AND 5270864
	Index Only Scan using k_5 on sbtest5  (cost=0.43..10.42 rows=99 width=4)
	  Index Cond: ((k >= 5270764) AND (k <= 5270864))

table 6 : explain SELECT k FROM sbtest6 WHERE k BETWEEN 5270764 AND 5270864
	Index Only Scan using k_6 on sbtest6  (cost=0.43..10.51 rows=104 width=4)
	  Index Cond: ((k >= 5270764) AND (k <= 5270864))

table 7 : explain SELECT k FROM sbtest7 WHERE k BETWEEN 5270764 AND 5270864
	Index Only Scan using k_7 on sbtest7  (cost=0.43..10.47 rows=102 width=4)
	  Index Cond: ((k >= 5270764) AND (k <= 5270864))

table 8 : explain SELECT k FROM sbtest8 WHERE k BETWEEN 5270764 AND 5270864
	Index Only Scan using k_8 on sbtest8  (cost=0.43..10.42 rows=99 width=4)
	  Index Cond: ((k >= 5270764) AND (k <= 5270864))

for range-covered
table 1 : explain SELECT k FROM sbtest1 WHERE k BETWEEN 9034750 AND 9034850
	Index Only Scan using k_1 on sbtest1  (cost=0.43..10.44 rows=100 width=4)
	  Index Cond: ((k >= 9034750) AND (k <= 9034850))

table 2 : explain SELECT k FROM sbtest2 WHERE k BETWEEN 9034750 AND 9034850
	Index Only Scan using k_2 on sbtest2  (cost=0.43..10.42 rows=99 width=4)
	  Index Cond: ((k >= 9034750) AND (k <= 9034850))

table 3 : explain SELECT k FROM sbtest3 WHERE k BETWEEN 9034750 AND 9034850
	Index Only Scan using k_3 on sbtest3  (cost=0.43..10.68 rows=112 width=4)
	  Index Cond: ((k >= 9034750) AND (k <= 9034850))

table 4 : explain SELECT k FROM sbtest4 WHERE k BETWEEN 9034750 AND 9034850
	Index Only Scan using k_4 on sbtest4  (cost=0.43..10.29 rows=93 width=4)
	  Index Cond: ((k >= 9034750) AND (k <= 9034850))

table 5 : explain SELECT k FROM sbtest5 WHERE k BETWEEN 9034750 AND 9034850
	Index Only Scan using k_5 on sbtest5  (cost=0.43..10.44 rows=100 width=4)
	  Index Cond: ((k >= 9034750) AND (k <= 9034850))

table 6 : explain SELECT k FROM sbtest6 WHERE k BETWEEN 9034750 AND 9034850
	Index Only Scan using k_6 on sbtest6  (cost=0.43..10.46 rows=101 width=4)
	  Index Cond: ((k >= 9034750) AND (k <= 9034850))

table 7 : explain SELECT k FROM sbtest7 WHERE k BETWEEN 9034750 AND 9034850
	Index Only Scan using k_7 on sbtest7  (cost=0.43..10.46 rows=101 width=4)
	  Index Cond: ((k >= 9034750) AND (k <= 9034850))

table 8 : explain SELECT k FROM sbtest8 WHERE k BETWEEN 9034750 AND 9034850
	Index Only Scan using k_8 on sbtest8  (cost=0.43..10.44 rows=100 width=4)
	  Index Cond: ((k >= 9034750) AND (k <= 9034850))

explain: for range-covered :: explain SELECT k FROM sbtest%d WHERE k BETWEEN 7373866 AND 7373966explain: for range-covered :: explain SELECT k FROM sbtest%d WHERE k BETWEEN 5270764 AND 5270864for range-covered
table 1 : explain SELECT k FROM sbtest1 WHERE k BETWEEN 5170462 AND 5170562
	Index Only Scan using k_1 on sbtest1  (cost=0.43..10.72 rows=114 width=4)
	  Index Cond: ((k >= 5170462) AND (k <= 5170562))

table 2 : explain SELECT k FROM sbtest2 WHERE k BETWEEN 5170462 AND 5170562
	Index Only Scan using k_2 on sbtest2  (cost=0.43..10.42 rows=99 width=4)
	  Index Cond: ((k >= 5170462) AND (k <= 5170562))

table 3 : explain SELECT k FROM sbtest3 WHERE k BETWEEN 5170462 AND 5170562
	Index Only Scan using k_3 on sbtest3  (cost=0.43..10.50 rows=103 width=4)
	  Index Cond: ((k >= 5170462) AND (k <= 5170562))

table 4 : explain SELECT k FROM sbtest4 WHERE k BETWEEN 5170462 AND 5170562
	Index Only Scan using k_4 on sbtest4  (cost=0.43..10.29 rows=93 width=4)
	  Index Cond: ((k >= 5170462) AND (k <= 5170562))

table 5 : explain SELECT k FROM sbtest5 WHERE k BETWEEN 5170462 AND 5170562
	Index Only Scan using k_5 on sbtest5  (cost=0.43..10.38 rows=97 width=4)
	  Index Cond: ((k >= 5170462) AND (k <= 5170562))

table 6 : explain SELECT k FROM sbtest6 WHERE k BETWEEN 5170462 AND 5170562
	Index Only Scan using k_6 on sbtest6  (cost=0.43..10.29 rows=93 width=4)
	  Index Cond: ((k >= 5170462) AND (k <= 5170562))

table 7 : explain SELECT k FROM sbtest7 WHERE k BETWEEN 5170462 AND 5170562
	Index Only Scan using k_7 on sbtest7  (cost=0.43..10.42 rows=99 width=4)
	  Index Cond: ((k >= 5170462) AND (k <= 5170562))

table 8 : explain SELECT k FROM sbtest8 WHERE k BETWEEN 5170462 AND 5170562
	Index Only Scan using k_8 on sbtest8  (cost=0.43..10.29 rows=93 width=4)
	  Index Cond: ((k >= 5170462) AND (k <= 5170562))


explain: for range-covered :: explain SELECT k FROM sbtest%d WHERE k BETWEEN 5186438 AND 5186538
explain: for range-covered :: explain SELECT k FROM sbtest%d WHERE k BETWEEN 9034750 AND 9034850

for range-covered
table 1 : explain SELECT k FROM sbtest1 WHERE k BETWEEN 3510058 AND 3510158
	Index Only Scan using k_1 on sbtest1  (cost=0.43..10.40 rows=98 width=4)
	  Index Cond: ((k >= 3510058) AND (k <= 3510158))

table 2 : explain SELECT k FROM sbtest2 WHERE k BETWEEN 3510058 AND 3510158
	Index Only Scan using k_2 on sbtest2  (cost=0.43..10.38 rows=97 width=4)
	  Index Cond: ((k >= 3510058) AND (k <= 3510158))

table 3 : explain SELECT k FROM sbtest3 WHERE k BETWEEN 3510058 AND 3510158
	Index Only Scan using k_3 on sbtest3  (cost=0.43..10.47 rows=102 width=4)
	  Index Cond: ((k >= 3510058) AND (k <= 3510158))

table 4 : explain SELECT k FROM sbtest4 WHERE k BETWEEN 3510058 AND 3510158
	Index Only Scan using k_4 on sbtest4  (cost=0.43..10.47 rows=102 width=4)
	  Index Cond: ((k >= 3510058) AND (k <= 3510158))

table 5 : explain SELECT k FROM sbtest5 WHERE k BETWEEN 3510058 AND 3510158
	Index Only Scan using k_5 on sbtest5  (cost=0.43..10.42 rows=99 width=4)
	  Index Cond: ((k >= 3510058) AND (k <= 3510158))

table 6 : explain SELECT k FROM sbtest6 WHERE k BETWEEN 3510058 AND 3510158
	Index Only Scan using k_6 on sbtest6  (cost=0.43..10.60 rows=108 width=4)
	  Index Cond: ((k >= 3510058) AND (k <= 3510158))

table 7 : explain SELECT k FROM sbtest7 WHERE k BETWEEN 3510058 AND 3510158
	Index Only Scan using k_7 on sbtest7  (cost=0.43..10.76 rows=116 width=4)
	  Index Cond: ((k >= 3510058) AND (k <= 3510158))

table 8 : explain SELECT k FROM sbtest8 WHERE k BETWEEN 3510058 AND 3510158
	Index Only Scan using k_8 on sbtest8  (cost=0.43..10.40 rows=98 width=4)
	  Index Cond: ((k >= 3510058) AND (k <= 3510158))

explain: for range-covered :: explain SELECT k FROM sbtest%d WHERE k BETWEEN 3510058 AND 3510158
for range-covered
table 1 : explain SELECT k FROM sbtest1 WHERE k BETWEEN 7436671 AND 7436771
	Index Only Scan using k_1 on sbtest1  (cost=0.43..10.33 rows=95 width=4)
	  Index Cond: ((k >= 7436671) AND (k <= 7436771))

table 2 : explain SELECT k FROM sbtest2 WHERE k BETWEEN 7436671 AND 7436771
	Index Only Scan using k_2 on sbtest2  (cost=0.43..10.36 rows=96 width=4)
	  Index Cond: ((k >= 7436671) AND (k <= 7436771))

table 3 : explain SELECT k FROM sbtest3 WHERE k BETWEEN 7436671 AND 7436771
	Index Only Scan using k_3 on sbtest3  (cost=0.43..10.63 rows=110 width=4)
	  Index Cond: ((k >= 7436671) AND (k <= 7436771))

table 4 : explain SELECT k FROM sbtest4 WHERE k BETWEEN 7436671 AND 7436771
	Index Only Scan using k_4 on sbtest4  (cost=0.43..10.58 rows=107 width=4)
	  Index Cond: ((k >= 7436671) AND (k <= 7436771))

table 5 : explain SELECT k FROM sbtest5 WHERE k BETWEEN 7436671 AND 7436771
	Index Only Scan using k_5 on sbtest5  (cost=0.43..10.56 rows=106 width=4)
	  Index Cond: ((k >= 7436671) AND (k <= 7436771))

table 6 : explain SELECT k FROM sbtest6 WHERE k BETWEEN 7436671 AND 7436771
	Index Only Scan using k_6 on sbtest6  (cost=0.43..10.47 rows=102 width=4)
	  Index Cond: ((k >= 7436671) AND (k <= 7436771))

table 7 : explain SELECT k FROM sbtest7 WHERE k BETWEEN 7436671 AND 7436771
	Index Only Scan using k_7 on sbtest7  (cost=0.43..10.76 rows=116 width=4)
	  Index Cond: ((k >= 7436671) AND (k <= 7436771))

table 8 : explain SELECT k FROM sbtest8 WHERE k BETWEEN 7436671 AND 7436771
	Index Only Scan using k_8 on sbtest8  (cost=0.43..10.51 rows=104 width=4)
	  Index Cond: ((k >= 7436671) AND (k <= 7436771))

explain: for range-covered :: explain SELECT k FROM sbtest%d WHERE k BETWEEN 7436671 AND 7436771
for range-covered
table 1 : explain SELECT k FROM sbtest1 WHERE k BETWEEN 5507851 AND 5507951
	Index Only Scan using k_1 on sbtest1  (cost=0.43..10.46 rows=101 width=4)
	  Index Cond: ((k >= 5507851) AND (k <= 5507951))

table 2 : explain SELECT k FROM sbtest2 WHERE k BETWEEN 5507851 AND 5507951
	Index Only Scan using k_2 on sbtest2  (cost=0.43..10.47 rows=102 width=4)
	  Index Cond: ((k >= 5507851) AND (k <= 5507951))

table 3 : explain SELECT k FROM sbtest3 WHERE k BETWEEN 5507851 AND 5507951
	Index Only Scan using k_3 on sbtest3  (cost=0.43..10.68 rows=112 width=4)
	  Index Cond: ((k >= 5507851) AND (k <= 5507951))

table 4 : explain SELECT k FROM sbtest4 WHERE k BETWEEN 5507851 AND 5507951
	Index Only Scan using k_4 on sbtest4  (cost=0.43..10.58 rows=107 width=4)
	  Index Cond: ((k >= 5507851) AND (k <= 5507951))

table 5 : explain SELECT k FROM sbtest5 WHERE k BETWEEN 5507851 AND 5507951
	Index Only Scan using k_5 on sbtest5  (cost=0.43..10.68 rows=112 width=4)
	  Index Cond: ((k >= 5507851) AND (k <= 5507951))

table 6 : explain SELECT k FROM sbtest6 WHERE k BETWEEN 5507851 AND 5507951
	Index Only Scan using k_6 on sbtest6  (cost=0.43..10.60 rows=108 width=4)
	  Index Cond: ((k >= 5507851) AND (k <= 5507951))

table 7 : explain SELECT k FROM sbtest7 WHERE k BETWEEN 5507851 AND 5507951
	Index Only Scan using k_7 on sbtest7  (cost=0.43..10.40 rows=98 width=4)
	  Index Cond: ((k >= 5507851) AND (k <= 5507951))

table 8 : explain SELECT k FROM sbtest8 WHERE k BETWEEN 5507851 AND 5507951
	Index Only Scan using k_8 on sbtest8  (cost=0.43..10.32 rows=94 width=4)
	  Index Cond: ((k >= 5507851) AND (k <= 5507951))

for range-covered
table 1 : explain SELECT k FROM sbtest1 WHERE k BETWEEN 8111209 AND 8111309
	Index Only Scan using k_1 on sbtest1  (cost=0.43..10.42 rows=99 width=4)
	  Index Cond: ((k >= 8111209) AND (k <= 8111309))

table 2 : explain SELECT k FROM sbtest2 WHERE k BETWEEN 8111209 AND 8111309
	Index Only Scan using k_2 on sbtest2  (cost=0.43..10.54 rows=105 width=4)
	  Index Cond: ((k >= 8111209) AND (k <= 8111309))

table 3 : explain SELECT k FROM sbtest3 WHERE k BETWEEN 8111209 AND 8111309
	Index Only Scan using k_3 on sbtest3  (cost=0.43..10.51 rows=104 width=4)
	  Index Cond: ((k >= 8111209) AND (k <= 8111309))

table 4 : explain SELECT k FROM sbtest4 WHERE k BETWEEN 8111209 AND 8111309
	Index Only Scan using k_4 on sbtest4  (cost=0.43..10.47 rows=102 width=4)
	  Index Cond: ((k >= 8111209) AND (k <= 8111309))

table 5 : explain SELECT k FROM sbtest5 WHERE k BETWEEN 8111209 AND 8111309
	Index Only Scan using k_5 on sbtest5  (cost=0.43..10.51 rows=104 width=4)
	  Index Cond: ((k >= 8111209) AND (k <= 8111309))

table 6 : explain SELECT k FROM sbtest6 WHERE k BETWEEN 8111209 AND 8111309
	Index Only Scan using k_6 on sbtest6  (cost=0.43..10.50 rows=103 width=4)
	  Index Cond: ((k >= 8111209) AND (k <= 8111309))

table 7 : explain SELECT k FROM sbtest7 WHERE k BETWEEN 8111209 AND 8111309
	Index Only Scan using k_7 on sbtest7  (cost=0.43..10.46 rows=101 width=4)
	  Index Cond: ((k >= 8111209) AND (k <= 8111309))

table 8 : explain SELECT k FROM sbtest8 WHERE k BETWEEN 8111209 AND 8111309
	Index Only Scan using k_8 on sbtest8  (cost=0.43..10.50 rows=103 width=4)
	  Index Cond: ((k >= 8111209) AND (k <= 8111309))

explain: for range-covered :: explain SELECT k FROM sbtest%d WHERE k BETWEEN 5507851 AND 5507951
explain: for range-covered :: explain SELECT k FROM sbtest%d WHERE k BETWEEN 8111209 AND 8111309
for range-covered
table 1 : explain SELECT k FROM sbtest1 WHERE k BETWEEN 5270764 AND 5270864
	Index Only Scan using k_1 on sbtest1  (cost=0.43..10.36 rows=96 width=4)
	  Index Cond: ((k >= 5270764) AND (k <= 5270864))

table 2 : explain SELECT k FROM sbtest2 WHERE k BETWEEN 5270764 AND 5270864
	Index Only Scan using k_2 on sbtest2  (cost=0.43..10.42 rows=99 width=4)
	  Index Cond: ((k >= 5270764) AND (k <= 5270864))

table 3 : explain SELECT k FROM sbtest3 WHERE k BETWEEN 5270764 AND 5270864
	Index Only Scan using k_3 on sbtest3  (cost=0.43..10.33 rows=95 width=4)
	  Index Cond: ((k >= 5270764) AND (k <= 5270864))

table 4 : explain SELECT k FROM sbtest4 WHERE k BETWEEN 5270764 AND 5270864
	Index Only Scan using k_4 on sbtest4  (cost=0.43..10.47 rows=102 width=4)
	  Index Cond: ((k >= 5270764) AND (k <= 5270864))

table 5 : explain SELECT k FROM sbtest5 WHERE k BETWEEN 5270764 AND 5270864
	Index Only Scan using k_5 on sbtest5  (cost=0.43..10.42 rows=99 width=4)
	  Index Cond: ((k >= 5270764) AND (k <= 5270864))

table 6 : explain SELECT k FROM sbtest6 WHERE k BETWEEN 5270764 AND 5270864
	Index Only Scan using k_6 on sbtest6  (cost=0.43..10.51 rows=104 width=4)
	  Index Cond: ((k >= 5270764) AND (k <= 5270864))

table 7 : explain SELECT k FROM sbtest7 WHERE k BETWEEN 5270764 AND 5270864
	Index Only Scan using k_7 on sbtest7  (cost=0.43..10.47 rows=102 width=4)
	  Index Cond: ((k >= 5270764) AND (k <= 5270864))

table 8 : explain SELECT k FROM sbtest8 WHERE k BETWEEN 5270764 AND 5270864
	Index Only Scan using k_8 on sbtest8  (cost=0.43..10.42 rows=99 width=4)
	  Index Cond: ((k >= 5270764) AND (k <= 5270864))

explain: for range-covered :: explain SELECT k FROM sbtest%d WHERE k BETWEEN 5270764 AND 5270864
for range-covered
table 1 : explain SELECT k FROM sbtest1 WHERE k BETWEEN 7373866 AND 7373966
	Index Only Scan using k_1 on sbtest1  (cost=0.43..10.56 rows=106 width=4)
	  Index Cond: ((k >= 7373866) AND (k <= 7373966))

table 2 : explain SELECT k FROM sbtest2 WHERE k BETWEEN 7373866 AND 7373966
	Index Only Scan using k_2 on sbtest2  (cost=0.43..10.44 rows=100 width=4)
	  Index Cond: ((k >= 7373866) AND (k <= 7373966))

table 3 : explain SELECT k FROM sbtest3 WHERE k BETWEEN 7373866 AND 7373966
	Index Only Scan using k_3 on sbtest3  (cost=0.43..10.51 rows=104 width=4)
	  Index Cond: ((k >= 7373866) AND (k <= 7373966))

table 4 : explain SELECT k FROM sbtest4 WHERE k BETWEEN 7373866 AND 7373966
	Index Only Scan using k_4 on sbtest4  (cost=0.43..10.36 rows=96 width=4)
	  Index Cond: ((k >= 7373866) AND (k <= 7373966))

table 5 : explain SELECT k FROM sbtest5 WHERE k BETWEEN 7373866 AND 7373966
	Index Only Scan using k_5 on sbtest5  (cost=0.43..10.58 rows=107 width=4)
	  Index Cond: ((k >= 7373866) AND (k <= 7373966))

table 6 : explain SELECT k FROM sbtest6 WHERE k BETWEEN 7373866 AND 7373966
	Index Only Scan using k_6 on sbtest6  (cost=0.43..10.63 rows=110 width=4)
	  Index Cond: ((k >= 7373866) AND (k <= 7373966))

table 7 : explain SELECT k FROM sbtest7 WHERE k BETWEEN 7373866 AND 7373966
	Index Only Scan using k_7 on sbtest7  (cost=0.43..10.40 rows=98 width=4)
	  Index Cond: ((k >= 7373866) AND (k <= 7373966))

table 8 : explain SELECT k FROM sbtest8 WHERE k BETWEEN 7373866 AND 7373966
	Index Only Scan using k_8 on sbtest8  (cost=0.43..10.51 rows=104 width=4)
	  Index Cond: ((k >= 7373866) AND (k <= 7373966))

for range-covered
table 1 : explain SELECT k FROM sbtest1 WHERE k BETWEEN 5106050 AND 5106150
	Index Only Scan using k_1 on sbtest1  (cost=0.43..10.72 rows=114 width=4)
	  Index Cond: ((k >= 5106050) AND (k <= 5106150))

table 2 : explain SELECT k FROM sbtest2 WHERE k BETWEEN 5106050 AND 5106150
	Index Only Scan using k_2 on sbtest2  (cost=0.43..10.44 rows=100 width=4)
	  Index Cond: ((k >= 5106050) AND (k <= 5106150))

table 3 : explain SELECT k FROM sbtest3 WHERE k BETWEEN 5106050 AND 5106150
	Index Only Scan using k_3 on sbtest3  (cost=0.43..10.50 rows=103 width=4)
	  Index Cond: ((k >= 5106050) AND (k <= 5106150))

table 4 : explain SELECT k FROM sbtest4 WHERE k BETWEEN 5106050 AND 5106150
	Index Only Scan using k_4 on sbtest4  (cost=0.43..10.29 rows=93 width=4)
	  Index Cond: ((k >= 5106050) AND (k <= 5106150))

table 5 : explain SELECT k FROM sbtest5 WHERE k BETWEEN 5106050 AND 5106150
	Index Only Scan using k_5 on sbtest5  (cost=0.43..10.38 rows=97 width=4)
	  Index Cond: ((k >= 5106050) AND (k <= 5106150))

table 6 : explain SELECT k FROM sbtest6 WHERE k BETWEEN 5106050 AND 5106150
	Index Only Scan using k_6 on sbtest6  (cost=0.43..10.29 rows=93 width=4)
	  Index Cond: ((k >= 5106050) AND (k <= 5106150))

table 7 : explain SELECT k FROM sbtest7 WHERE k BETWEEN 5106050 AND 5106150
	Index Only Scan using k_7 on sbtest7  (cost=0.43..10.42 rows=99 width=4)
	  Index Cond: ((k >= 5106050) AND (k <= 5106150))

table 8 : explain SELECT k FROM sbtest8 WHERE k BETWEEN 5106050 AND 5106150
	Index Only Scan using k_8 on sbtest8  (cost=0.43..10.29 rows=93 width=4)
	  Index Cond: ((k >= 5106050) AND (k <= 5106150))

explain: for range-covered :: explain SELECT k FROM sbtest%d WHERE k BETWEEN 7373866 AND 7373966
for range-covered
table 1 : explain SELECT k FROM sbtest1 WHERE k BETWEEN 3510058 AND 3510158
	Index Only Scan using k_1 on sbtest1  (cost=0.43..10.40 rows=98 width=4)
	  Index Cond: ((k >= 3510058) AND (k <= 3510158))

table 2 : explain SELECT k FROM sbtest2 WHERE k BETWEEN 3510058 AND 3510158
	Index Only Scan using k_2 on sbtest2  (cost=0.43..10.38 rows=97 width=4)
	  Index Cond: ((k >= 3510058) AND (k <= 3510158))

table 3 : explain SELECT k FROM sbtest3 WHERE k BETWEEN 3510058 AND 3510158
	Index Only Scan using k_3 on sbtest3  (cost=0.43..10.47 rows=102 width=4)
	  Index Cond: ((k >= 3510058) AND (k <= 3510158))

table 4 : explain SELECT k FROM sbtest4 WHERE k BETWEEN 3510058 AND 3510158
	Index Only Scan using k_4 on sbtest4  (cost=0.43..10.47 rows=102 width=4)
	  Index Cond: ((k >= 3510058) AND (k <= 3510158))

table 5 : explain SELECT k FROM sbtest5 WHERE k BETWEEN 3510058 AND 3510158
	Index Only Scan using k_5 on sbtest5  (cost=0.43..10.42 rows=99 width=4)
	  Index Cond: ((k >= 3510058) AND (k <= 3510158))

table 6 : explain SELECT k FROM sbtest6 WHERE k BETWEEN 3510058 AND 3510158
	Index Only Scan using k_6 on sbtest6  (cost=0.43..10.60 rows=108 width=4)
	  Index Cond: ((k >= 3510058) AND (k <= 3510158))

table 7 : explain SELECT k FROM sbtest7 WHERE k BETWEEN 3510058 AND 3510158
	Index Only Scan using k_7 on sbtest7  (cost=0.43..10.76 rows=116 width=4)
	  Index Cond: ((k >= 3510058) AND (k <= 3510158))

table 8 : explain SELECT k FROM sbtest8 WHERE k BETWEEN 3510058 AND 3510158
	Index Only Scan using k_8 on sbtest8  (cost=0.43..10.40 rows=98 width=4)
	  Index Cond: ((k >= 3510058) AND (k <= 3510158))

explain: for range-covered :: explain SELECT k FROM sbtest%d WHERE k BETWEEN 5106050 AND 5106150
explain: for range-covered :: explain SELECT k FROM sbtest%d WHERE k BETWEEN 3510058 AND 3510158
for range-covered
table 1 : explain SELECT k FROM sbtest1 WHERE k BETWEEN 7436671 AND 7436771
	Index Only Scan using k_1 on sbtest1  (cost=0.43..10.33 rows=95 width=4)
	  Index Cond: ((k >= 7436671) AND (k <= 7436771))

table 2 : explain SELECT k FROM sbtest2 WHERE k BETWEEN 7436671 AND 7436771
	Index Only Scan using k_2 on sbtest2  (cost=0.43..10.36 rows=96 width=4)
	  Index Cond: ((k >= 7436671) AND (k <= 7436771))

table 3 : explain SELECT k FROM sbtest3 WHERE k BETWEEN 7436671 AND 7436771
	Index Only Scan using k_3 on sbtest3  (cost=0.43..10.63 rows=110 width=4)
	  Index Cond: ((k >= 7436671) AND (k <= 7436771))

table 4 : explain SELECT k FROM sbtest4 WHERE k BETWEEN 7436671 AND 7436771
	Index Only Scan using k_4 on sbtest4  (cost=0.43..10.58 rows=107 width=4)
	  Index Cond: ((k >= 7436671) AND (k <= 7436771))

table 5 : explain SELECT k FROM sbtest5 WHERE k BETWEEN 7436671 AND 7436771
	Index Only Scan using k_5 on sbtest5  (cost=0.43..10.56 rows=106 width=4)
	  Index Cond: ((k >= 7436671) AND (k <= 7436771))

table 6 : explain SELECT k FROM sbtest6 WHERE k BETWEEN 7436671 AND 7436771
	Index Only Scan using k_6 on sbtest6  (cost=0.43..10.47 rows=102 width=4)
	  Index Cond: ((k >= 7436671) AND (k <= 7436771))

table 7 : explain SELECT k FROM sbtest7 WHERE k BETWEEN 7436671 AND 7436771
	Index Only Scan using k_7 on sbtest7  (cost=0.43..10.76 rows=116 width=4)
	  Index Cond: ((k >= 7436671) AND (k <= 7436771))

table 8 : explain SELECT k FROM sbtest8 WHERE k BETWEEN 7436671 AND 7436771
	Index Only Scan using k_8 on sbtest8  (cost=0.43..10.51 rows=104 width=4)
	  Index Cond: ((k >= 7436671) AND (k <= 7436771))

for range-covered
table 1 : explain SELECT k FROM sbtest1 WHERE k BETWEEN 9034750 AND 9034850
	Index Only Scan using k_1 on sbtest1  (cost=0.43..10.44 rows=100 width=4)
	  Index Cond: ((k >= 9034750) AND (k <= 9034850))

table 2 : explain SELECT k FROM sbtest2 WHERE k BETWEEN 9034750 AND 9034850
	Index Only Scan using k_2 on sbtest2  (cost=0.43..10.42 rows=99 width=4)
	  Index Cond: ((k >= 9034750) AND (k <= 9034850))

table 3 : explain SELECT k FROM sbtest3 WHERE k BETWEEN 9034750 AND 9034850
	Index Only Scan using k_3 on sbtest3  (cost=0.43..10.68 rows=112 width=4)
	  Index Cond: ((k >= 9034750) AND (k <= 9034850))

table 4 : explain SELECT k FROM sbtest4 WHERE k BETWEEN 9034750 AND 9034850
	Index Only Scan using k_4 on sbtest4  (cost=0.43..10.29 rows=93 width=4)
	  Index Cond: ((k >= 9034750) AND (k <= 9034850))

table 5 : explain SELECT k FROM sbtest5 WHERE k BETWEEN 9034750 AND 9034850
	Index Only Scan using k_5 on sbtest5  (cost=0.43..10.44 rows=100 width=4)
	  Index Cond: ((k >= 9034750) AND (k <= 9034850))

table 6 : explain SELECT k FROM sbtest6 WHERE k BETWEEN 9034750 AND 9034850
	Index Only Scan using k_6 on sbtest6  (cost=0.43..10.46 rows=101 width=4)
	  Index Cond: ((k >= 9034750) AND (k <= 9034850))

table 7 : explain SELECT k FROM sbtest7 WHERE k BETWEEN 9034750 AND 9034850
	Index Only Scan using k_7 on sbtest7  (cost=0.43..10.46 rows=101 width=4)
	  Index Cond: ((k >= 9034750) AND (k <= 9034850))

table 8 : explain SELECT k FROM sbtest8 WHERE k BETWEEN 9034750 AND 9034850
	Index Only Scan using k_8 on sbtest8  (cost=0.43..10.44 rows=100 width=4)
	  Index Cond: ((k >= 9034750) AND (k <= 9034850))

for range-covered
table 1 : explain SELECT k FROM sbtest1 WHERE k BETWEEN 8111209 AND 8111309
	Index Only Scan using k_1 on sbtest1  (cost=0.43..10.42 rows=99 width=4)
	  Index Cond: ((k >= 8111209) AND (k <= 8111309))

table 2 : explain SELECT k FROM sbtest2 WHERE k BETWEEN 8111209 AND 8111309
	Index Only Scan using k_2 on sbtest2  (cost=0.43..10.54 rows=105 width=4)
	  Index Cond: ((k >= 8111209) AND (k <= 8111309))

table 3 : explain SELECT k FROM sbtest3 WHERE k BETWEEN 8111209 AND 8111309
	Index Only Scan using k_3 on sbtest3  (cost=0.43..10.51 rows=104 width=4)
	  Index Cond: ((k >= 8111209) AND (k <= 8111309))

table 4 : explain SELECT k FROM sbtest4 WHERE k BETWEEN 8111209 AND 8111309
	Index Only Scan using k_4 on sbtest4  (cost=0.43..10.47 rows=102 width=4)
	  Index Cond: ((k >= 8111209) AND (k <= 8111309))

table 5 : explain SELECT k FROM sbtest5 WHERE k BETWEEN 8111209 AND 8111309
	Index Only Scan using k_5 on sbtest5  (cost=0.43..10.51 rows=104 width=4)
	  Index Cond: ((k >= 8111209) AND (k <= 8111309))

table 6 : explain SELECT k FROM sbtest6 WHERE k BETWEEN 8111209 AND 8111309
	Index Only Scan using k_6 on sbtest6  (cost=0.43..10.50 rows=103 width=4)
	  Index Cond: ((k >= 8111209) AND (k <= 8111309))

table 7 : explain SELECT k FROM sbtest7 WHERE k BETWEEN 8111209 AND 8111309
	Index Only Scan using k_7 on sbtest7  (cost=0.43..10.46 rows=101 width=4)
	  Index Cond: ((k >= 8111209) AND (k <= 8111309))

table 8 : explain SELECT k FROM sbtest8 WHERE k BETWEEN 8111209 AND 8111309
	Index Only Scan using k_8 on sbtest8  (cost=0.43..10.50 rows=103 width=4)
	  Index Cond: ((k >= 8111209) AND (k <= 8111309))

for range-covered
table 1 : explain SELECT k FROM sbtest1 WHERE k BETWEEN 5507851 AND 5507951
	Index Only Scan using k_1 on sbtest1  (cost=0.43..10.46 rows=101 width=4)
	  Index Cond: ((k >= 5507851) AND (k <= 5507951))

table 2 : explain SELECT k FROM sbtest2 WHERE k BETWEEN 5507851 AND 5507951
	Index Only Scan using k_2 on sbtest2  (cost=0.43..10.47 rows=102 width=4)
	  Index Cond: ((k >= 5507851) AND (k <= 5507951))

table 3 : explain SELECT k FROM sbtest3 WHERE k BETWEEN 5507851 AND 5507951
	Index Only Scan using k_3 on sbtest3  (cost=0.43..10.68 rows=112 width=4)
	  Index Cond: ((k >= 5507851) AND (k <= 5507951))

table 4 : explain SELECT k FROM sbtest4 WHERE k BETWEEN 5507851 AND 5507951
	Index Only Scan using k_4 on sbtest4  (cost=0.43..10.58 rows=107 width=4)
	  Index Cond: ((k >= 5507851) AND (k <= 5507951))

table 5 : explain SELECT k FROM sbtest5 WHERE k BETWEEN 5507851 AND 5507951
	Index Only Scan using k_5 on sbtest5  (cost=0.43..10.68 rows=112 width=4)
	  Index Cond: ((k >= 5507851) AND (k <= 5507951))

table 6 : explain SELECT k FROM sbtest6 WHERE k BETWEEN 5507851 AND 5507951
	Index Only Scan using k_6 on sbtest6  (cost=0.43..10.60 rows=108 width=4)
	  Index Cond: ((k >= 5507851) AND (k <= 5507951))

table 7 : explain SELECT k FROM sbtest7 WHERE k BETWEEN 5507851 AND 5507951
	Index Only Scan using k_7 on sbtest7  (cost=0.43..10.40 rows=98 width=4)
	  Index Cond: ((k >= 5507851) AND (k <= 5507951))

table 8 : explain SELECT k FROM sbtest8 WHERE k BETWEEN 5507851 AND 5507951
	Index Only Scan using k_8 on sbtest8  (cost=0.43..10.32 rows=94 width=4)
	  Index Cond: ((k >= 5507851) AND (k <= 5507951))

explain: for range-covered :: explain SELECT k FROM sbtest%d WHERE k BETWEEN 8111209 AND 8111309
explain: for range-covered :: explain SELECT k FROM sbtest%d WHERE k BETWEEN 5507851 AND 5507951
for range-covered
table 1 : explain SELECT k FROM sbtest1 WHERE k BETWEEN 5270764 AND 5270864
	Index Only Scan using k_1 on sbtest1  (cost=0.43..10.36 rows=96 width=4)
	  Index Cond: ((k >= 5270764) AND (k <= 5270864))

table 2 : explain SELECT k FROM sbtest2 WHERE k BETWEEN 5270764 AND 5270864
	Index Only Scan using k_2 on sbtest2  (cost=0.43..10.42 rows=99 width=4)
	  Index Cond: ((k >= 5270764) AND (k <= 5270864))

table 3 : explain SELECT k FROM sbtest3 WHERE k BETWEEN 5270764 AND 5270864
	Index Only Scan using k_3 on sbtest3  (cost=0.43..10.33 rows=95 width=4)
	  Index Cond: ((k >= 5270764) AND (k <= 5270864))

table 4 : explain SELECT k FROM sbtest4 WHERE k BETWEEN 5270764 AND 5270864
	Index Only Scan using k_4 on sbtest4  (cost=0.43..10.47 rows=102 width=4)
	  Index Cond: ((k >= 5270764) AND (k <= 5270864))

table 5 : explain SELECT k FROM sbtest5 WHERE k BETWEEN 5270764 AND 5270864
	Index Only Scan using k_5 on sbtest5  (cost=0.43..10.42 rows=99 width=4)
	  Index Cond: ((k >= 5270764) AND (k <= 5270864))

table 6 : explain SELECT k FROM sbtest6 WHERE k BETWEEN 5270764 AND 5270864
	Index Only Scan using k_6 on sbtest6  (cost=0.43..10.51 rows=104 width=4)
	  Index Cond: ((k >= 5270764) AND (k <= 5270864))

table 7 : explain SELECT k FROM sbtest7 WHERE k BETWEEN 5270764 AND 5270864
	Index Only Scan using k_7 on sbtest7  (cost=0.43..10.47 rows=102 width=4)
	  Index Cond: ((k >= 5270764) AND (k <= 5270864))

table 8 : explain SELECT k FROM sbtest8 WHERE k BETWEEN 5270764 AND 5270864
	Index Only Scan using k_8 on sbtest8  (cost=0.43..10.42 rows=99 width=4)
	  Index Cond: ((k >= 5270764) AND (k <= 5270864))

for range-covered
table 1 : explain SELECT k FROM sbtest1 WHERE k BETWEEN 8598798 AND 8598898
	Index Only Scan using k_1 on sbtest1  (cost=0.43..10.47 rows=102 width=4)
	  Index Cond: ((k >= 8598798) AND (k <= 8598898))

table 2 : explain SELECT k FROM sbtest2 WHERE k BETWEEN 8598798 AND 8598898
	Index Only Scan using k_2 on sbtest2  (cost=0.43..10.56 rows=106 width=4)
	  Index Cond: ((k >= 8598798) AND (k <= 8598898))

table 3 : explain SELECT k FROM sbtest3 WHERE k BETWEEN 8598798 AND 8598898
	Index Only Scan using k_3 on sbtest3  (cost=0.43..10.44 rows=100 width=4)
	  Index Cond: ((k >= 8598798) AND (k <= 8598898))

table 4 : explain SELECT k FROM sbtest4 WHERE k BETWEEN 8598798 AND 8598898
	Index Only Scan using k_4 on sbtest4  (cost=0.43..10.38 rows=97 width=4)
	  Index Cond: ((k >= 8598798) AND (k <= 8598898))

table 5 : explain SELECT k FROM sbtest5 WHERE k BETWEEN 8598798 AND 8598898
	Index Only Scan using k_5 on sbtest5  (cost=0.43..10.60 rows=108 width=4)
	  Index Cond: ((k >= 8598798) AND (k <= 8598898))

table 6 : explain SELECT k FROM sbtest6 WHERE k BETWEEN 8598798 AND 8598898
	Index Only Scan using k_6 on sbtest6  (cost=0.43..10.36 rows=96 width=4)
	  Index Cond: ((k >= 8598798) AND (k <= 8598898))

table 7 : explain SELECT k FROM sbtest7 WHERE k BETWEEN 8598798 AND 8598898
	Index Only Scan using k_7 on sbtest7  (cost=0.43..10.32 rows=94 width=4)
	  Index Cond: ((k >= 8598798) AND (k <= 8598898))

table 8 : explain SELECT k FROM sbtest8 WHERE k BETWEEN 8598798 AND 8598898
	Index Only Scan using k_8 on sbtest8  (cost=0.43..10.47 rows=102 width=4)
	  Index Cond: ((k >= 8598798) AND (k <= 8598898))

explain: for range-covered :: explain SELECT k FROM sbtest%d WHERE k BETWEEN 5270764 AND 5270864
explain: for range-covered :: explain SELECT k FROM sbtest%d WHERE k BETWEEN 8598798 AND 8598898
for range-covered
table 1 : explain SELECT k FROM sbtest1 WHERE k BETWEEN 7373866 AND 7373966
	Index Only Scan using k_1 on sbtest1  (cost=0.43..10.56 rows=106 width=4)
	  Index Cond: ((k >= 7373866) AND (k <= 7373966))

table 2 : explain SELECT k FROM sbtest2 WHERE k BETWEEN 7373866 AND 7373966
	Index Only Scan using k_2 on sbtest2  (cost=0.43..10.44 rows=100 width=4)
	  Index Cond: ((k >= 7373866) AND (k <= 7373966))

table 3 : explain SELECT k FROM sbtest3 WHERE k BETWEEN 7373866 AND 7373966
	Index Only Scan using k_3 on sbtest3  (cost=0.43..10.51 rows=104 width=4)
	  Index Cond: ((k >= 7373866) AND (k <= 7373966))

table 4 : explain SELECT k FROM sbtest4 WHERE k BETWEEN 7373866 AND 7373966
	Index Only Scan using k_4 on sbtest4  (cost=0.43..10.36 rows=96 width=4)
	  Index Cond: ((k >= 7373866) AND (k <= 7373966))

table 5 : explain SELECT k FROM sbtest5 WHERE k BETWEEN 7373866 AND 7373966
	Index Only Scan using k_5 on sbtest5  (cost=0.43..10.58 rows=107 width=4)
	  Index Cond: ((k >= 7373866) AND (k <= 7373966))

table 6 : explain SELECT k FROM sbtest6 WHERE k BETWEEN 7373866 AND 7373966
	Index Only Scan using k_6 on sbtest6  (cost=0.43..10.63 rows=110 width=4)
	  Index Cond: ((k >= 7373866) AND (k <= 7373966))

table 7 : explain SELECT k FROM sbtest7 WHERE k BETWEEN 7373866 AND 7373966
	Index Only Scan using k_7 on sbtest7  (cost=0.43..10.40 rows=98 width=4)
	  Index Cond: ((k >= 7373866) AND (k <= 7373966))

table 8 : explain SELECT k FROM sbtest8 WHERE k BETWEEN 7373866 AND 7373966
	Index Only Scan using k_8 on sbtest8  (cost=0.43..10.51 rows=104 width=4)
	  Index Cond: ((k >= 7373866) AND (k <= 7373966))

for range-covered
table 1 : explain SELECT k FROM sbtest1 WHERE k BETWEEN 3510058 AND 3510158
	Index Only Scan using k_1 on sbtest1  (cost=0.43..10.40 rows=98 width=4)
	  Index Cond: ((k >= 3510058) AND (k <= 3510158))

table 2 : explain SELECT k FROM sbtest2 WHERE k BETWEEN 3510058 AND 3510158
	Index Only Scan using k_2 on sbtest2  (cost=0.43..10.38 rows=97 width=4)
	  Index Cond: ((k >= 3510058) AND (k <= 3510158))

table 3 : explain SELECT k FROM sbtest3 WHERE k BETWEEN 3510058 AND 3510158
	Index Only Scan using k_3 on sbtest3  (cost=0.43..10.47 rows=102 width=4)
	  Index Cond: ((k >= 3510058) AND (k <= 3510158))

table 4 : explain SELECT k FROM sbtest4 WHERE k BETWEEN 3510058 AND 3510158
	Index Only Scan using k_4 on sbtest4  (cost=0.43..10.47 rows=102 width=4)
	  Index Cond: ((k >= 3510058) AND (k <= 3510158))

table 5 : explain SELECT k FROM sbtest5 WHERE k BETWEEN 3510058 AND 3510158
	Index Only Scan using k_5 on sbtest5  (cost=0.43..10.42 rows=99 width=4)
	  Index Cond: ((k >= 3510058) AND (k <= 3510158))

table 6 : explain SELECT k FROM sbtest6 WHERE k BETWEEN 3510058 AND 3510158
	Index Only Scan using k_6 on sbtest6  (cost=0.43..10.60 rows=108 width=4)
	  Index Cond: ((k >= 3510058) AND (k <= 3510158))

table 7 : explain SELECT k FROM sbtest7 WHERE k BETWEEN 3510058 AND 3510158
	Index Only Scan using k_7 on sbtest7  (cost=0.43..10.76 rows=116 width=4)
	  Index Cond: ((k >= 3510058) AND (k <= 3510158))

table 8 : explain SELECT k FROM sbtest8 WHERE k BETWEEN 3510058 AND 3510158
	Index Only Scan using k_8 on sbtest8  (cost=0.43..10.40 rows=98 width=4)
	  Index Cond: ((k >= 3510058) AND (k <= 3510158))

explain: for range-covered :: explain SELECT k FROM sbtest%d WHERE k BETWEEN 7373866 AND 7373966
explain: for range-covered :: explain SELECT k FROM sbtest%d WHERE k BETWEEN 3510058 AND 3510158
for range-covered
table 1 : explain SELECT k FROM sbtest1 WHERE k BETWEEN 5031911 AND 5032011
	Index Only Scan using k_1 on sbtest1  (cost=0.43..10.58 rows=107 width=4)
	  Index Cond: ((k >= 5031911) AND (k <= 5032011))

table 2 : explain SELECT k FROM sbtest2 WHERE k BETWEEN 5031911 AND 5032011
	Index Only Scan using k_2 on sbtest2  (cost=0.43..10.44 rows=100 width=4)
	  Index Cond: ((k >= 5031911) AND (k <= 5032011))

table 3 : explain SELECT k FROM sbtest3 WHERE k BETWEEN 5031911 AND 5032011
	Index Only Scan using k_3 on sbtest3  (cost=0.43..10.38 rows=97 width=4)
	  Index Cond: ((k >= 5031911) AND (k <= 5032011))

table 4 : explain SELECT k FROM sbtest4 WHERE k BETWEEN 5031911 AND 5032011
	Index Only Scan using k_4 on sbtest4  (cost=0.43..10.29 rows=93 width=4)
	  Index Cond: ((k >= 5031911) AND (k <= 5032011))

table 5 : explain SELECT k FROM sbtest5 WHERE k BETWEEN 5031911 AND 5032011
	Index Only Scan using k_5 on sbtest5  (cost=0.43..10.62 rows=109 width=4)
	  Index Cond: ((k >= 5031911) AND (k <= 5032011))

table 6 : explain SELECT k FROM sbtest6 WHERE k BETWEEN 5031911 AND 5032011
	Index Only Scan using k_6 on sbtest6  (cost=0.43..10.50 rows=103 width=4)
	  Index Cond: ((k >= 5031911) AND (k <= 5032011))

table 7 : explain SELECT k FROM sbtest7 WHERE k BETWEEN 5031911 AND 5032011
	Index Only Scan using k_7 on sbtest7  (cost=0.43..10.60 rows=108 width=4)
	  Index Cond: ((k >= 5031911) AND (k <= 5032011))

table 8 : explain SELECT k FROM sbtest8 WHERE k BETWEEN 5031911 AND 5032011
	Index Only Scan using k_8 on sbtest8  (cost=0.43..10.44 rows=100 width=4)
	  Index Cond: ((k >= 5031911) AND (k <= 5032011))

for range-covered
table 1 : explain SELECT k FROM sbtest1 WHERE k BETWEEN 5106050 AND 5106150
	Index Only Scan using k_1 on sbtest1  (cost=0.43..10.72 rows=114 width=4)
	  Index Cond: ((k >= 5106050) AND (k <= 5106150))

table 2 : explain SELECT k FROM sbtest2 WHERE k BETWEEN 5106050 AND 5106150
	Index Only Scan using k_2 on sbtest2  (cost=0.43..10.44 rows=100 width=4)
	  Index Cond: ((k >= 5106050) AND (k <= 5106150))

table 3 : explain SELECT k FROM sbtest3 WHERE k BETWEEN 5106050 AND 5106150
	Index Only Scan using k_3 on sbtest3  (cost=0.43..10.50 rows=103 width=4)
	  Index Cond: ((k >= 5106050) AND (k <= 5106150))

table 4 : explain SELECT k FROM sbtest4 WHERE k BETWEEN 5106050 AND 5106150
	Index Only Scan using k_4 on sbtest4  (cost=0.43..10.29 rows=93 width=4)
	  Index Cond: ((k >= 5106050) AND (k <= 5106150))

table 5 : explain SELECT k FROM sbtest5 WHERE k BETWEEN 5106050 AND 5106150
	Index Only Scan using k_5 on sbtest5  (cost=0.43..10.38 rows=97 width=4)
	  Index Cond: ((k >= 5106050) AND (k <= 5106150))

table 6 : explain SELECT k FROM sbtest6 WHERE k BETWEEN 5106050 AND 5106150
	Index Only Scan using k_6 on sbtest6  (cost=0.43..10.29 rows=93 width=4)
	  Index Cond: ((k >= 5106050) AND (k <= 5106150))

table 7 : explain SELECT k FROM sbtest7 WHERE k BETWEEN 5106050 AND 5106150
	Index Only Scan using k_7 on sbtest7  (cost=0.43..10.42 rows=99 width=4)
	  Index Cond: ((k >= 5106050) AND (k <= 5106150))

table 8 : explain SELECT k FROM sbtest8 WHERE k BETWEEN 5106050 AND 5106150
	Index Only Scan using k_8 on sbtest8  (cost=0.43..10.29 rows=93 width=4)
	  Index Cond: ((k >= 5106050) AND (k <= 5106150))

explain: for range-covered :: explain SELECT k FROM sbtest%d WHERE k BETWEEN 5031911 AND 5032011
for range-covered
table 1 : explain SELECT k FROM sbtest1 WHERE k BETWEEN 7037838 AND 7037938
	Index Only Scan using k_1 on sbtest1  (cost=0.43..10.51 rows=104 width=4)
	  Index Cond: ((k >= 7037838) AND (k <= 7037938))

table 2 : explain SELECT k FROM sbtest2 WHERE k BETWEEN 7037838 AND 7037938
	Index Only Scan using k_2 on sbtest2  (cost=0.43..10.40 rows=98 width=4)
	  Index Cond: ((k >= 7037838) AND (k <= 7037938))

table 3 : explain SELECT k FROM sbtest3 WHERE k BETWEEN 7037838 AND 7037938
	Index Only Scan using k_3 on sbtest3  (cost=0.43..10.40 rows=98 width=4)
	  Index Cond: ((k >= 7037838) AND (k <= 7037938))

table 4 : explain SELECT k FROM sbtest4 WHERE k BETWEEN 7037838 AND 7037938
	Index Only Scan using k_4 on sbtest4  (cost=0.43..10.50 rows=103 width=4)
	  Index Cond: ((k >= 7037838) AND (k <= 7037938))

table 5 : explain SELECT k FROM sbtest5 WHERE k BETWEEN 7037838 AND 7037938
	Index Only Scan using k_5 on sbtest5  (cost=0.43..10.60 rows=108 width=4)
	  Index Cond: ((k >= 7037838) AND (k <= 7037938))

table 6 : explain SELECT k FROM sbtest6 WHERE k BETWEEN 7037838 AND 7037938
	Index Only Scan using k_6 on sbtest6  (cost=0.43..10.40 rows=98 width=4)
	  Index Cond: ((k >= 7037838) AND (k <= 7037938))

table 7 : explain SELECT k FROM sbtest7 WHERE k BETWEEN 7037838 AND 7037938
	Index Only Scan using k_7 on sbtest7  (cost=0.43..10.60 rows=108 width=4)
	  Index Cond: ((k >= 7037838) AND (k <= 7037938))

table 8 : explain SELECT k FROM sbtest8 WHERE k BETWEEN 7037838 AND 7037938
	Index Only Scan using k_8 on sbtest8  (cost=0.43..10.46 rows=101 width=4)
	  Index Cond: ((k >= 7037838) AND (k <= 7037938))

explain: for range-covered :: explain SELECT k FROM sbtest%d WHERE k BETWEEN 5106050 AND 5106150
for range-covered
table 1 : explain SELECT k FROM sbtest1 WHERE k BETWEEN 5507851 AND 5507951
	Index Only Scan using k_1 on sbtest1  (cost=0.43..10.46 rows=101 width=4)
	  Index Cond: ((k >= 5507851) AND (k <= 5507951))

table 2 : explain SELECT k FROM sbtest2 WHERE k BETWEEN 5507851 AND 5507951
	Index Only Scan using k_2 on sbtest2  (cost=0.43..10.47 rows=102 width=4)
	  Index Cond: ((k >= 5507851) AND (k <= 5507951))

table 3 : explain SELECT k FROM sbtest3 WHERE k BETWEEN 5507851 AND 5507951
	Index Only Scan using k_3 on sbtest3  (cost=0.43..10.68 rows=112 width=4)
	  Index Cond: ((k >= 5507851) AND (k <= 5507951))

table 4 : explain SELECT k FROM sbtest4 WHERE k BETWEEN 5507851 AND 5507951
	Index Only Scan using k_4 on sbtest4  (cost=0.43..10.58 rows=107 width=4)
	  Index Cond: ((k >= 5507851) AND (k <= 5507951))

table 5 : explain SELECT k FROM sbtest5 WHERE k BETWEEN 5507851 AND 5507951
	Index Only Scan using k_5 on sbtest5  (cost=0.43..10.68 rows=112 width=4)
	  Index Cond: ((k >= 5507851) AND (k <= 5507951))

table 6 : explain SELECT k FROM sbtest6 WHERE k BETWEEN 5507851 AND 5507951
	Index Only Scan using k_6 on sbtest6  (cost=0.43..10.60 rows=108 width=4)
	  Index Cond: ((k >= 5507851) AND (k <= 5507951))

table 7 : explain SELECT k FROM sbtest7 WHERE k BETWEEN 5507851 AND 5507951
	Index Only Scan using k_7 on sbtest7  (cost=0.43..10.40 rows=98 width=4)
	  Index Cond: ((k >= 5507851) AND (k <= 5507951))

table 8 : explain SELECT k FROM sbtest8 WHERE k BETWEEN 5507851 AND 5507951
	Index Only Scan using k_8 on sbtest8  (cost=0.43..10.32 rows=94 width=4)
	  Index Cond: ((k >= 5507851) AND (k <= 5507951))

for range-covered
table 1 : explain SELECT k FROM sbtest1 WHERE k BETWEEN 8111209 AND 8111309
	Index Only Scan using k_1 on sbtest1  (cost=0.43..10.42 rows=99 width=4)
	  Index Cond: ((k >= 8111209) AND (k <= 8111309))

table 2 : explain SELECT k FROM sbtest2 WHERE k BETWEEN 8111209 AND 8111309
	Index Only Scan using k_2 on sbtest2  (cost=0.43..10.54 rows=105 width=4)
	  Index Cond: ((k >= 8111209) AND (k <= 8111309))

table 3 : explain SELECT k FROM sbtest3 WHERE k BETWEEN 8111209 AND 8111309
	Index Only Scan using k_3 on sbtest3  (cost=0.43..10.51 rows=104 width=4)
	  Index Cond: ((k >= 8111209) AND (k <= 8111309))

table 4 : explain SELECT k FROM sbtest4 WHERE k BETWEEN 8111209 AND 8111309
	Index Only Scan using k_4 on sbtest4  (cost=0.43..10.47 rows=102 width=4)
	  Index Cond: ((k >= 8111209) AND (k <= 8111309))

table 5 : explain SELECT k FROM sbtest5 WHERE k BETWEEN 8111209 AND 8111309
	Index Only Scan using k_5 on sbtest5  (cost=0.43..10.51 rows=104 width=4)
	  Index Cond: ((k >= 8111209) AND (k <= 8111309))

table 6 : explain SELECT k FROM sbtest6 WHERE k BETWEEN 8111209 AND 8111309
	Index Only Scan using k_6 on sbtest6  (cost=0.43..10.50 rows=103 width=4)
	  Index Cond: ((k >= 8111209) AND (k <= 8111309))

table 7 : explain SELECT k FROM sbtest7 WHERE k BETWEEN 8111209 AND 8111309
	Index Only Scan using k_7 on sbtest7  (cost=0.43..10.46 rows=101 width=4)
	  Index Cond: ((k >= 8111209) AND (k <= 8111309))

table 8 : explain SELECT k FROM sbtest8 WHERE k BETWEEN 8111209 AND 8111309
	Index Only Scan using k_8 on sbtest8  (cost=0.43..10.50 rows=103 width=4)
	  Index Cond: ((k >= 8111209) AND (k <= 8111309))

explain: for range-covered :: explain SELECT k FROM sbtest%d WHERE k BETWEEN 7037838 AND 7037938
explain: for range-covered :: explain SELECT k FROM sbtest%d WHERE k BETWEEN 5507851 AND 5507951
explain: for range-covered :: explain SELECT k FROM sbtest%d WHERE k BETWEEN 8111209 AND 8111309
for range-covered
table 1 : explain SELECT k FROM sbtest1 WHERE k BETWEEN 5270764 AND 5270864
	Index Only Scan using k_1 on sbtest1  (cost=0.43..10.36 rows=96 width=4)
	  Index Cond: ((k >= 5270764) AND (k <= 5270864))

table 2 : explain SELECT k FROM sbtest2 WHERE k BETWEEN 5270764 AND 5270864
	Index Only Scan using k_2 on sbtest2  (cost=0.43..10.42 rows=99 width=4)
	  Index Cond: ((k >= 5270764) AND (k <= 5270864))

table 3 : explain SELECT k FROM sbtest3 WHERE k BETWEEN 5270764 AND 5270864
	Index Only Scan using k_3 on sbtest3  (cost=0.43..10.33 rows=95 width=4)
	  Index Cond: ((k >= 5270764) AND (k <= 5270864))

table 4 : explain SELECT k FROM sbtest4 WHERE k BETWEEN 5270764 AND 5270864
	Index Only Scan using k_4 on sbtest4  (cost=0.43..10.47 rows=102 width=4)
	  Index Cond: ((k >= 5270764) AND (k <= 5270864))

table 5 : explain SELECT k FROM sbtest5 WHERE k BETWEEN 5270764 AND 5270864
	Index Only Scan using k_5 on sbtest5  (cost=0.43..10.42 rows=99 width=4)
	  Index Cond: ((k >= 5270764) AND (k <= 5270864))

table 6 : explain SELECT k FROM sbtest6 WHERE k BETWEEN 5270764 AND 5270864
	Index Only Scan using k_6 on sbtest6  (cost=0.43..10.51 rows=104 width=4)
	  Index Cond: ((k >= 5270764) AND (k <= 5270864))

table 7 : explain SELECT k FROM sbtest7 WHERE k BETWEEN 5270764 AND 5270864
	Index Only Scan using k_7 on sbtest7  (cost=0.43..10.47 rows=102 width=4)
	  Index Cond: ((k >= 5270764) AND (k <= 5270864))

table 8 : explain SELECT k FROM sbtest8 WHERE k BETWEEN 5270764 AND 5270864
	Index Only Scan using k_8 on sbtest8  (cost=0.43..10.42 rows=99 width=4)
	  Index Cond: ((k >= 5270764) AND (k <= 5270864))

explain: for range-covered :: explain SELECT k FROM sbtest%d WHERE k BETWEEN 5270764 AND 5270864
for range-covered
table 1 : explain SELECT k FROM sbtest1 WHERE k BETWEEN 8598798 AND 8598898
	Index Only Scan using k_1 on sbtest1  (cost=0.43..10.47 rows=102 width=4)
	  Index Cond: ((k >= 8598798) AND (k <= 8598898))

table 2 : explain SELECT k FROM sbtest2 WHERE k BETWEEN 8598798 AND 8598898
	Index Only Scan using k_2 on sbtest2  (cost=0.43..10.56 rows=106 width=4)
	  Index Cond: ((k >= 8598798) AND (k <= 8598898))

table 3 : explain SELECT k FROM sbtest3 WHERE k BETWEEN 8598798 AND 8598898
	Index Only Scan using k_3 on sbtest3  (cost=0.43..10.44 rows=100 width=4)
	  Index Cond: ((k >= 8598798) AND (k <= 8598898))

table 4 : explain SELECT k FROM sbtest4 WHERE k BETWEEN 8598798 AND 8598898
	Index Only Scan using k_4 on sbtest4  (cost=0.43..10.38 rows=97 width=4)
	  Index Cond: ((k >= 8598798) AND (k <= 8598898))

table 5 : explain SELECT k FROM sbtest5 WHERE k BETWEEN 8598798 AND 8598898
	Index Only Scan using k_5 on sbtest5  (cost=0.43..10.60 rows=108 width=4)
	  Index Cond: ((k >= 8598798) AND (k <= 8598898))

table 6 : explain SELECT k FROM sbtest6 WHERE k BETWEEN 8598798 AND 8598898
	Index Only Scan using k_6 on sbtest6  (cost=0.43..10.36 rows=96 width=4)
	  Index Cond: ((k >= 8598798) AND (k <= 8598898))

table 7 : explain SELECT k FROM sbtest7 WHERE k BETWEEN 8598798 AND 8598898
	Index Only Scan using k_7 on sbtest7  (cost=0.43..10.32 rows=94 width=4)
	  Index Cond: ((k >= 8598798) AND (k <= 8598898))

table 8 : explain SELECT k FROM sbtest8 WHERE k BETWEEN 8598798 AND 8598898
	Index Only Scan using k_8 on sbtest8  (cost=0.43..10.47 rows=102 width=4)
	  Index Cond: ((k >= 8598798) AND (k <= 8598898))

for range-covered
table 1 : explain SELECT k FROM sbtest1 WHERE k BETWEEN 3510058 AND 3510158
	Index Only Scan using k_1 on sbtest1  (cost=0.43..10.40 rows=98 width=4)
	  Index Cond: ((k >= 3510058) AND (k <= 3510158))

table 2 : explain SELECT k FROM sbtest2 WHERE k BETWEEN 3510058 AND 3510158
	Index Only Scan using k_2 on sbtest2  (cost=0.43..10.38 rows=97 width=4)
	  Index Cond: ((k >= 3510058) AND (k <= 3510158))

table 3 : explain SELECT k FROM sbtest3 WHERE k BETWEEN 3510058 AND 3510158
	Index Only Scan using k_3 on sbtest3  (cost=0.43..10.47 rows=102 width=4)
	  Index Cond: ((k >= 3510058) AND (k <= 3510158))

table 4 : explain SELECT k FROM sbtest4 WHERE k BETWEEN 3510058 AND 3510158
	Index Only Scan using k_4 on sbtest4  (cost=0.43..10.47 rows=102 width=4)
	  Index Cond: ((k >= 3510058) AND (k <= 3510158))

table 5 : explain SELECT k FROM sbtest5 WHERE k BETWEEN 3510058 AND 3510158
	Index Only Scan using k_5 on sbtest5  (cost=0.43..10.42 rows=99 width=4)
	  Index Cond: ((k >= 3510058) AND (k <= 3510158))

table 6 : explain SELECT k FROM sbtest6 WHERE k BETWEEN 3510058 AND 3510158
	Index Only Scan using k_6 on sbtest6  (cost=0.43..10.60 rows=108 width=4)
	  Index Cond: ((k >= 3510058) AND (k <= 3510158))

table 7 : explain SELECT k FROM sbtest7 WHERE k BETWEEN 3510058 AND 3510158
	Index Only Scan using k_7 on sbtest7  (cost=0.43..10.76 rows=116 width=4)
	  Index Cond: ((k >= 3510058) AND (k <= 3510158))

table 8 : explain SELECT k FROM sbtest8 WHERE k BETWEEN 3510058 AND 3510158
	Index Only Scan using k_8 on sbtest8  (cost=0.43..10.40 rows=98 width=4)
	  Index Cond: ((k >= 3510058) AND (k <= 3510158))

explain: for range-covered :: explain SELECT k FROM sbtest%d WHERE k BETWEEN 8598798 AND 8598898
explain: for range-covered :: explain SELECT k FROM sbtest%d WHERE k BETWEEN 3510058 AND 3510158
for range-covered
table 1 : explain SELECT k FROM sbtest1 WHERE k BETWEEN 7373866 AND 7373966
	Index Only Scan using k_1 on sbtest1  (cost=0.43..10.56 rows=106 width=4)
	  Index Cond: ((k >= 7373866) AND (k <= 7373966))

table 2 : explain SELECT k FROM sbtest2 WHERE k BETWEEN 7373866 AND 7373966
	Index Only Scan using k_2 on sbtest2  (cost=0.43..10.44 rows=100 width=4)
	  Index Cond: ((k >= 7373866) AND (k <= 7373966))

table 3 : explain SELECT k FROM sbtest3 WHERE k BETWEEN 7373866 AND 7373966
	Index Only Scan using k_3 on sbtest3  (cost=0.43..10.51 rows=104 width=4)
	  Index Cond: ((k >= 7373866) AND (k <= 7373966))

table 4 : explain SELECT k FROM sbtest4 WHERE k BETWEEN 7373866 AND 7373966
	Index Only Scan using k_4 on sbtest4  (cost=0.43..10.36 rows=96 width=4)
	  Index Cond: ((k >= 7373866) AND (k <= 7373966))

table 5 : explain SELECT k FROM sbtest5 WHERE k BETWEEN 7373866 AND 7373966
	Index Only Scan using k_5 on sbtest5  (cost=0.43..10.58 rows=107 width=4)
	  Index Cond: ((k >= 7373866) AND (k <= 7373966))

table 6 : explain SELECT k FROM sbtest6 WHERE k BETWEEN 7373866 AND 7373966
	Index Only Scan using k_6 on sbtest6  (cost=0.43..10.63 rows=110 width=4)
	  Index Cond: ((k >= 7373866) AND (k <= 7373966))

table 7 : explain SELECT k FROM sbtest7 WHERE k BETWEEN 7373866 AND 7373966
	Index Only Scan using k_7 on sbtest7  (cost=0.43..10.40 rows=98 width=4)
	  Index Cond: ((k >= 7373866) AND (k <= 7373966))

table 8 : explain SELECT k FROM sbtest8 WHERE k BETWEEN 7373866 AND 7373966
	Index Only Scan using k_8 on sbtest8  (cost=0.43..10.51 rows=104 width=4)
	  Index Cond: ((k >= 7373866) AND (k <= 7373966))

for range-covered
table 1 : explain SELECT k FROM sbtest1 WHERE k BETWEEN 5186438 AND 5186538
	Index Only Scan using k_1 on sbtest1  (cost=0.43..10.36 rows=96 width=4)
	  Index Cond: ((k >= 5186438) AND (k <= 5186538))

table 2 : explain SELECT k FROM sbtest2 WHERE k BETWEEN 5186438 AND 5186538
	Index Only Scan using k_2 on sbtest2  (cost=0.43..10.42 rows=99 width=4)
	  Index Cond: ((k >= 5186438) AND (k <= 5186538))

table 3 : explain SELECT k FROM sbtest3 WHERE k BETWEEN 5186438 AND 5186538
	Index Only Scan using k_3 on sbtest3  (cost=0.43..10.50 rows=103 width=4)
	  Index Cond: ((k >= 5186438) AND (k <= 5186538))

table 4 : explain SELECT k FROM sbtest4 WHERE k BETWEEN 5186438 AND 5186538
	Index Only Scan using k_4 on sbtest4  (cost=0.43..10.29 rows=93 width=4)
	  Index Cond: ((k >= 5186438) AND (k <= 5186538))

table 5 : explain SELECT k FROM sbtest5 WHERE k BETWEEN 5186438 AND 5186538
	Index Only Scan using k_5 on sbtest5  (cost=0.43..10.38 rows=97 width=4)
	  Index Cond: ((k >= 5186438) AND (k <= 5186538))

table 6 : explain SELECT k FROM sbtest6 WHERE k BETWEEN 5186438 AND 5186538
	Index Only Scan using k_6 on sbtest6  (cost=0.43..10.29 rows=93 width=4)
	  Index Cond: ((k >= 5186438) AND (k <= 5186538))

table 7 : explain SELECT k FROM sbtest7 WHERE k BETWEEN 5186438 AND 5186538
	Index Only Scan using k_7 on sbtest7  (cost=0.43..10.47 rows=102 width=4)
	  Index Cond: ((k >= 5186438) AND (k <= 5186538))

table 8 : explain SELECT k FROM sbtest8 WHERE k BETWEEN 5186438 AND 5186538
	Index Only Scan using k_8 on sbtest8  (cost=0.43..10.42 rows=99 width=4)
	  Index Cond: ((k >= 5186438) AND (k <= 5186538))

explain: for range-covered :: explain SELECT k FROM sbtest%d WHERE k BETWEEN 7373866 AND 7373966
for range-covered
table 1 : explain SELECT k FROM sbtest1 WHERE k BETWEEN 5106050 AND 5106150
	Index Only Scan using k_1 on sbtest1  (cost=0.43..10.72 rows=114 width=4)
	  Index Cond: ((k >= 5106050) AND (k <= 5106150))

table 2 : explain SELECT k FROM sbtest2 WHERE k BETWEEN 5106050 AND 5106150
	Index Only Scan using k_2 on sbtest2  (cost=0.43..10.44 rows=100 width=4)
	  Index Cond: ((k >= 5106050) AND (k <= 5106150))

table 3 : explain SELECT k FROM sbtest3 WHERE k BETWEEN 5106050 AND 5106150
	Index Only Scan using k_3 on sbtest3  (cost=0.43..10.50 rows=103 width=4)
	  Index Cond: ((k >= 5106050) AND (k <= 5106150))

table 4 : explain SELECT k FROM sbtest4 WHERE k BETWEEN 5106050 AND 5106150
	Index Only Scan using k_4 on sbtest4  (cost=0.43..10.29 rows=93 width=4)
	  Index Cond: ((k >= 5106050) AND (k <= 5106150))

table 5 : explain SELECT k FROM sbtest5 WHERE k BETWEEN 5106050 AND 5106150
	Index Only Scan using k_5 on sbtest5  (cost=0.43..10.38 rows=97 width=4)
	  Index Cond: ((k >= 5106050) AND (k <= 5106150))

table 6 : explain SELECT k FROM sbtest6 WHERE k BETWEEN 5106050 AND 5106150
	Index Only Scan using k_6 on sbtest6  (cost=0.43..10.29 rows=93 width=4)
	  Index Cond: ((k >= 5106050) AND (k <= 5106150))

table 7 : explain SELECT k FROM sbtest7 WHERE k BETWEEN 5106050 AND 5106150
	Index Only Scan using k_7 on sbtest7  (cost=0.43..10.42 rows=99 width=4)
	  Index Cond: ((k >= 5106050) AND (k <= 5106150))

table 8 : explain SELECT k FROM sbtest8 WHERE k BETWEEN 5106050 AND 5106150
	Index Only Scan using k_8 on sbtest8  (cost=0.43..10.29 rows=93 width=4)
	  Index Cond: ((k >= 5106050) AND (k <= 5106150))

for range-covered
table 1 : explain SELECT k FROM sbtest1 WHERE k BETWEEN 5031911 AND 5032011
	Index Only Scan using k_1 on sbtest1  (cost=0.43..10.58 rows=107 width=4)
	  Index Cond: ((k >= 5031911) AND (k <= 5032011))

table 2 : explain SELECT k FROM sbtest2 WHERE k BETWEEN 5031911 AND 5032011
	Index Only Scan using k_2 on sbtest2  (cost=0.43..10.44 rows=100 width=4)
	  Index Cond: ((k >= 5031911) AND (k <= 5032011))

table 3 : explain SELECT k FROM sbtest3 WHERE k BETWEEN 5031911 AND 5032011
	Index Only Scan using k_3 on sbtest3  (cost=0.43..10.38 rows=97 width=4)
	  Index Cond: ((k >= 5031911) AND (k <= 5032011))

table 4 : explain SELECT k FROM sbtest4 WHERE k BETWEEN 5031911 AND 5032011
	Index Only Scan using k_4 on sbtest4  (cost=0.43..10.29 rows=93 width=4)
	  Index Cond: ((k >= 5031911) AND (k <= 5032011))

table 5 : explain SELECT k FROM sbtest5 WHERE k BETWEEN 5031911 AND 5032011
	Index Only Scan using k_5 on sbtest5  (cost=0.43..10.62 rows=109 width=4)
	  Index Cond: ((k >= 5031911) AND (k <= 5032011))

table 6 : explain SELECT k FROM sbtest6 WHERE k BETWEEN 5031911 AND 5032011
	Index Only Scan using k_6 on sbtest6  (cost=0.43..10.50 rows=103 width=4)
	  Index Cond: ((k >= 5031911) AND (k <= 5032011))

table 7 : explain SELECT k FROM sbtest7 WHERE k BETWEEN 5031911 AND 5032011
	Index Only Scan using k_7 on sbtest7  (cost=0.43..10.60 rows=108 width=4)
	  Index Cond: ((k >= 5031911) AND (k <= 5032011))

table 8 : explain SELECT k FROM sbtest8 WHERE k BETWEEN 5031911 AND 5032011
	Index Only Scan using k_8 on sbtest8  (cost=0.43..10.44 rows=100 width=4)
	  Index Cond: ((k >= 5031911) AND (k <= 5032011))

explain: for range-covered :: explain SELECT k FROM sbtest%d WHERE k BETWEEN 5186438 AND 5186538
explain: for range-covered :: explain SELECT k FROM sbtest%d WHERE k BETWEEN 5106050 AND 5106150
explain: for range-covered :: explain SELECT k FROM sbtest%d WHERE k BETWEEN 5031911 AND 5032011
for range-covered
table 1 : explain SELECT k FROM sbtest1 WHERE k BETWEEN 5507851 AND 5507951
	Index Only Scan using k_1 on sbtest1  (cost=0.43..10.46 rows=101 width=4)
	  Index Cond: ((k >= 5507851) AND (k <= 5507951))

table 2 : explain SELECT k FROM sbtest2 WHERE k BETWEEN 5507851 AND 5507951
	Index Only Scan using k_2 on sbtest2  (cost=0.43..10.47 rows=102 width=4)
	  Index Cond: ((k >= 5507851) AND (k <= 5507951))

table 3 : explain SELECT k FROM sbtest3 WHERE k BETWEEN 5507851 AND 5507951
	Index Only Scan using k_3 on sbtest3  (cost=0.43..10.68 rows=112 width=4)
	  Index Cond: ((k >= 5507851) AND (k <= 5507951))

table 4 : explain SELECT k FROM sbtest4 WHERE k BETWEEN 5507851 AND 5507951
	Index Only Scan using k_4 on sbtest4  (cost=0.43..10.58 rows=107 width=4)
	  Index Cond: ((k >= 5507851) AND (k <= 5507951))

table 5 : explain SELECT k FROM sbtest5 WHERE k BETWEEN 5507851 AND 5507951
	Index Only Scan using k_5 on sbtest5  (cost=0.43..10.68 rows=112 width=4)
	  Index Cond: ((k >= 5507851) AND (k <= 5507951))

table 6 : explain SELECT k FROM sbtest6 WHERE k BETWEEN 5507851 AND 5507951
	Index Only Scan using k_6 on sbtest6  (cost=0.43..10.60 rows=108 width=4)
	  Index Cond: ((k >= 5507851) AND (k <= 5507951))

table 7 : explain SELECT k FROM sbtest7 WHERE k BETWEEN 5507851 AND 5507951
	Index Only Scan using k_7 on sbtest7  (cost=0.43..10.40 rows=98 width=4)
	  Index Cond: ((k >= 5507851) AND (k <= 5507951))

table 8 : explain SELECT k FROM sbtest8 WHERE k BETWEEN 5507851 AND 5507951
	Index Only Scan using k_8 on sbtest8  (cost=0.43..10.32 rows=94 width=4)
	  Index Cond: ((k >= 5507851) AND (k <= 5507951))

for range-covered
table 1 : explain SELECT k FROM sbtest1 WHERE k BETWEEN 8111209 AND 8111309
	Index Only Scan using k_1 on sbtest1  (cost=0.43..10.42 rows=99 width=4)
	  Index Cond: ((k >= 8111209) AND (k <= 8111309))

table 2 : explain SELECT k FROM sbtest2 WHERE k BETWEEN 8111209 AND 8111309
	Index Only Scan using k_2 on sbtest2  (cost=0.43..10.54 rows=105 width=4)
	  Index Cond: ((k >= 8111209) AND (k <= 8111309))

table 3 : explain SELECT k FROM sbtest3 WHERE k BETWEEN 8111209 AND 8111309
	Index Only Scan using k_3 on sbtest3  (cost=0.43..10.51 rows=104 width=4)
	  Index Cond: ((k >= 8111209) AND (k <= 8111309))

table 4 : explain SELECT k FROM sbtest4 WHERE k BETWEEN 8111209 AND 8111309
	Index Only Scan using k_4 on sbtest4  (cost=0.43..10.47 rows=102 width=4)
	  Index Cond: ((k >= 8111209) AND (k <= 8111309))

table 5 : explain SELECT k FROM sbtest5 WHERE k BETWEEN 8111209 AND 8111309
	Index Only Scan using k_5 on sbtest5  (cost=0.43..10.51 rows=104 width=4)
	  Index Cond: ((k >= 8111209) AND (k <= 8111309))

table 6 : explain SELECT k FROM sbtest6 WHERE k BETWEEN 8111209 AND 8111309
	Index Only Scan using k_6 on sbtest6  (cost=0.43..10.50 rows=103 width=4)
	  Index Cond: ((k >= 8111209) AND (k <= 8111309))

table 7 : explain SELECT k FROM sbtest7 WHERE k BETWEEN 8111209 AND 8111309
	Index Only Scan using k_7 on sbtest7  (cost=0.43..10.46 rows=101 width=4)
	  Index Cond: ((k >= 8111209) AND (k <= 8111309))

table 8 : explain SELECT k FROM sbtest8 WHERE k BETWEEN 8111209 AND 8111309
	Index Only Scan using k_8 on sbtest8  (cost=0.43..10.50 rows=103 width=4)
	  Index Cond: ((k >= 8111209) AND (k <= 8111309))

for range-covered
table 1 : explain SELECT k FROM sbtest1 WHERE k BETWEEN 7037838 AND 7037938
	Index Only Scan using k_1 on sbtest1  (cost=0.43..10.51 rows=104 width=4)
	  Index Cond: ((k >= 7037838) AND (k <= 7037938))

table 2 : explain SELECT k FROM sbtest2 WHERE k BETWEEN 7037838 AND 7037938
	Index Only Scan using k_2 on sbtest2  (cost=0.43..10.40 rows=98 width=4)
	  Index Cond: ((k >= 7037838) AND (k <= 7037938))

table 3 : explain SELECT k FROM sbtest3 WHERE k BETWEEN 7037838 AND 7037938
	Index Only Scan using k_3 on sbtest3  (cost=0.43..10.40 rows=98 width=4)
	  Index Cond: ((k >= 7037838) AND (k <= 7037938))

table 4 : explain SELECT k FROM sbtest4 WHERE k BETWEEN 7037838 AND 7037938
	Index Only Scan using k_4 on sbtest4  (cost=0.43..10.50 rows=103 width=4)
	  Index Cond: ((k >= 7037838) AND (k <= 7037938))

table 5 : explain SELECT k FROM sbtest5 WHERE k BETWEEN 7037838 AND 7037938
	Index Only Scan using k_5 on sbtest5  (cost=0.43..10.60 rows=108 width=4)
	  Index Cond: ((k >= 7037838) AND (k <= 7037938))

table 6 : explain SELECT k FROM sbtest6 WHERE k BETWEEN 7037838 AND 7037938
	Index Only Scan using k_6 on sbtest6  (cost=0.43..10.40 rows=98 width=4)
	  Index Cond: ((k >= 7037838) AND (k <= 7037938))

table 7 : explain SELECT k FROM sbtest7 WHERE k BETWEEN 7037838 AND 7037938
	Index Only Scan using k_7 on sbtest7  (cost=0.43..10.60 rows=108 width=4)
	  Index Cond: ((k >= 7037838) AND (k <= 7037938))

table 8 : explain SELECT k FROM sbtest8 WHERE k BETWEEN 7037838 AND 7037938
	Index Only Scan using k_8 on sbtest8  (cost=0.43..10.46 rows=101 width=4)
	  Index Cond: ((k >= 7037838) AND (k <= 7037938))

explain: for range-covered :: explain SELECT k FROM sbtest%d WHERE k BETWEEN 5507851 AND 5507951
explain: for range-covered :: explain SELECT k FROM sbtest%d WHERE k BETWEEN 8111209 AND 8111309
explain: for range-covered :: explain SELECT k FROM sbtest%d WHERE k BETWEEN 7037838 AND 7037938
for range-covered
table 1 : explain SELECT k FROM sbtest1 WHERE k BETWEEN 5270764 AND 5270864
	Index Only Scan using k_1 on sbtest1  (cost=0.43..10.36 rows=96 width=4)
	  Index Cond: ((k >= 5270764) AND (k <= 5270864))

table 2 : explain SELECT k FROM sbtest2 WHERE k BETWEEN 5270764 AND 5270864
	Index Only Scan using k_2 on sbtest2  (cost=0.43..10.42 rows=99 width=4)
	  Index Cond: ((k >= 5270764) AND (k <= 5270864))

table 3 : explain SELECT k FROM sbtest3 WHERE k BETWEEN 5270764 AND 5270864
	Index Only Scan using k_3 on sbtest3  (cost=0.43..10.33 rows=95 width=4)
	  Index Cond: ((k >= 5270764) AND (k <= 5270864))

table 4 : explain SELECT k FROM sbtest4 WHERE k BETWEEN 5270764 AND 5270864
	Index Only Scan using k_4 on sbtest4  (cost=0.43..10.47 rows=102 width=4)
	  Index Cond: ((k >= 5270764) AND (k <= 5270864))

table 5 : explain SELECT k FROM sbtest5 WHERE k BETWEEN 5270764 AND 5270864
	Index Only Scan using k_5 on sbtest5  (cost=0.43..10.42 rows=99 width=4)
	  Index Cond: ((k >= 5270764) AND (k <= 5270864))

table 6 : explain SELECT k FROM sbtest6 WHERE k BETWEEN 5270764 AND 5270864
	Index Only Scan using k_6 on sbtest6  (cost=0.43..10.51 rows=104 width=4)
	  Index Cond: ((k >= 5270764) AND (k <= 5270864))

table 7 : explain SELECT k FROM sbtest7 WHERE k BETWEEN 5270764 AND 5270864
	Index Only Scan using k_7 on sbtest7  (cost=0.43..10.47 rows=102 width=4)
	  Index Cond: ((k >= 5270764) AND (k <= 5270864))

table 8 : explain SELECT k FROM sbtest8 WHERE k BETWEEN 5270764 AND 5270864
	Index Only Scan using k_8 on sbtest8  (cost=0.43..10.42 rows=99 width=4)
	  Index Cond: ((k >= 5270764) AND (k <= 5270864))

explain: for range-covered :: explain SELECT k FROM sbtest%d WHERE k BETWEEN 3227300 AND 3227400
explain: for range-covered :: explain SELECT k FROM sbtest%d WHERE k BETWEEN 5270764 AND 5270864
for range-covered
table 1 : explain SELECT k FROM sbtest1 WHERE k BETWEEN 8598798 AND 8598898
	Index Only Scan using k_1 on sbtest1  (cost=0.43..10.47 rows=102 width=4)
	  Index Cond: ((k >= 8598798) AND (k <= 8598898))

table 2 : explain SELECT k FROM sbtest2 WHERE k BETWEEN 8598798 AND 8598898
	Index Only Scan using k_2 on sbtest2  (cost=0.43..10.56 rows=106 width=4)
	  Index Cond: ((k >= 8598798) AND (k <= 8598898))

table 3 : explain SELECT k FROM sbtest3 WHERE k BETWEEN 8598798 AND 8598898
	Index Only Scan using k_3 on sbtest3  (cost=0.43..10.44 rows=100 width=4)
	  Index Cond: ((k >= 8598798) AND (k <= 8598898))

table 4 : explain SELECT k FROM sbtest4 WHERE k BETWEEN 8598798 AND 8598898
	Index Only Scan using k_4 on sbtest4  (cost=0.43..10.38 rows=97 width=4)
	  Index Cond: ((k >= 8598798) AND (k <= 8598898))

table 5 : explain SELECT k FROM sbtest5 WHERE k BETWEEN 8598798 AND 8598898
	Index Only Scan using k_5 on sbtest5  (cost=0.43..10.60 rows=108 width=4)
	  Index Cond: ((k >= 8598798) AND (k <= 8598898))

table 6 : explain SELECT k FROM sbtest6 WHERE k BETWEEN 8598798 AND 8598898
	Index Only Scan using k_6 on sbtest6  (cost=0.43..10.36 rows=96 width=4)
	  Index Cond: ((k >= 8598798) AND (k <= 8598898))

table 7 : explain SELECT k FROM sbtest7 WHERE k BETWEEN 8598798 AND 8598898
	Index Only Scan using k_7 on sbtest7  (cost=0.43..10.32 rows=94 width=4)
	  Index Cond: ((k >= 8598798) AND (k <= 8598898))

table 8 : explain SELECT k FROM sbtest8 WHERE k BETWEEN 8598798 AND 8598898
	Index Only Scan using k_8 on sbtest8  (cost=0.43..10.47 rows=102 width=4)
	  Index Cond: ((k >= 8598798) AND (k <= 8598898))

for range-covered
table 1 : explain SELECT k FROM sbtest1 WHERE k BETWEEN 3510058 AND 3510158
	Index Only Scan using k_1 on sbtest1  (cost=0.43..10.40 rows=98 width=4)
	  Index Cond: ((k >= 3510058) AND (k <= 3510158))

table 2 : explain SELECT k FROM sbtest2 WHERE k BETWEEN 3510058 AND 3510158
	Index Only Scan using k_2 on sbtest2  (cost=0.43..10.38 rows=97 width=4)
	  Index Cond: ((k >= 3510058) AND (k <= 3510158))

table 3 : explain SELECT k FROM sbtest3 WHERE k BETWEEN 3510058 AND 3510158
	Index Only Scan using k_3 on sbtest3  (cost=0.43..10.47 rows=102 width=4)
	  Index Cond: ((k >= 3510058) AND (k <= 3510158))

table 4 : explain SELECT k FROM sbtest4 WHERE k BETWEEN 3510058 AND 3510158
	Index Only Scan using k_4 on sbtest4  (cost=0.43..10.47 rows=102 width=4)
	  Index Cond: ((k >= 3510058) AND (k <= 3510158))

table 5 : explain SELECT k FROM sbtest5 WHERE k BETWEEN 3510058 AND 3510158
	Index Only Scan using k_5 on sbtest5  (cost=0.43..10.42 rows=99 width=4)
	  Index Cond: ((k >= 3510058) AND (k <= 3510158))

table 6 : explain SELECT k FROM sbtest6 WHERE k BETWEEN 3510058 AND 3510158
	Index Only Scan using k_6 on sbtest6  (cost=0.43..10.60 rows=108 width=4)
	  Index Cond: ((k >= 3510058) AND (k <= 3510158))

table 7 : explain SELECT k FROM sbtest7 WHERE k BETWEEN 3510058 AND 3510158
	Index Only Scan using k_7 on sbtest7  (cost=0.43..10.76 rows=116 width=4)
	  Index Cond: ((k >= 3510058) AND (k <= 3510158))

table 8 : explain SELECT k FROM sbtest8 WHERE k BETWEEN 3510058 AND 3510158
	Index Only Scan using k_8 on sbtest8  (cost=0.43..10.40 rows=98 width=4)
	  Index Cond: ((k >= 3510058) AND (k <= 3510158))

explain: for range-covered :: explain SELECT k FROM sbtest%d WHERE k BETWEEN 8598798 AND 8598898
explain: for range-covered :: explain SELECT k FROM sbtest%d WHERE k BETWEEN 3220071 AND 3220171
for range-covered
table 1 : explain SELECT k FROM sbtest1 WHERE k BETWEEN 7373866 AND 7373966
	Index Only Scan using k_1 on sbtest1  (cost=0.43..10.56 rows=106 width=4)
	  Index Cond: ((k >= 7373866) AND (k <= 7373966))

table 2 : explain SELECT k FROM sbtest2 WHERE k BETWEEN 7373866 AND 7373966
	Index Only Scan using k_2 on sbtest2  (cost=0.43..10.44 rows=100 width=4)
	  Index Cond: ((k >= 7373866) AND (k <= 7373966))

table 3 : explain SELECT k FROM sbtest3 WHERE k BETWEEN 7373866 AND 7373966
	Index Only Scan using k_3 on sbtest3  (cost=0.43..10.51 rows=104 width=4)
	  Index Cond: ((k >= 7373866) AND (k <= 7373966))

table 4 : explain SELECT k FROM sbtest4 WHERE k BETWEEN 7373866 AND 7373966
	Index Only Scan using k_4 on sbtest4  (cost=0.43..10.36 rows=96 width=4)
	  Index Cond: ((k >= 7373866) AND (k <= 7373966))

table 5 : explain SELECT k FROM sbtest5 WHERE k BETWEEN 7373866 AND 7373966
	Index Only Scan using k_5 on sbtest5  (cost=0.43..10.58 rows=107 width=4)
	  Index Cond: ((k >= 7373866) AND (k <= 7373966))

table 6 : explain SELECT k FROM sbtest6 WHERE k BETWEEN 7373866 AND 7373966
	Index Only Scan using k_6 on sbtest6  (cost=0.43..10.63 rows=110 width=4)
	  Index Cond: ((k >= 7373866) AND (k <= 7373966))

table 7 : explain SELECT k FROM sbtest7 WHERE k BETWEEN 7373866 AND 7373966
	Index Only Scan using k_7 on sbtest7  (cost=0.43..10.40 rows=98 width=4)
	  Index Cond: ((k >= 7373866) AND (k <= 7373966))

table 8 : explain SELECT k FROM sbtest8 WHERE k BETWEEN 7373866 AND 7373966
	Index Only Scan using k_8 on sbtest8  (cost=0.43..10.51 rows=104 width=4)
	  Index Cond: ((k >= 7373866) AND (k <= 7373966))

for range-covered
table 1 : explain SELECT k FROM sbtest1 WHERE k BETWEEN 5106050 AND 5106150
	Index Only Scan using k_1 on sbtest1  (cost=0.43..10.72 rows=114 width=4)
	  Index Cond: ((k >= 5106050) AND (k <= 5106150))

table 2 : explain SELECT k FROM sbtest2 WHERE k BETWEEN 5106050 AND 5106150
	Index Only Scan using k_2 on sbtest2  (cost=0.43..10.44 rows=100 width=4)
	  Index Cond: ((k >= 5106050) AND (k <= 5106150))

table 3 : explain SELECT k FROM sbtest3 WHERE k BETWEEN 5106050 AND 5106150
	Index Only Scan using k_3 on sbtest3  (cost=0.43..10.50 rows=103 width=4)
	  Index Cond: ((k >= 5106050) AND (k <= 5106150))

table 4 : explain SELECT k FROM sbtest4 WHERE k BETWEEN 5106050 AND 5106150
	Index Only Scan using k_4 on sbtest4  (cost=0.43..10.29 rows=93 width=4)
	  Index Cond: ((k >= 5106050) AND (k <= 5106150))

table 5 : explain SELECT k FROM sbtest5 WHERE k BETWEEN 5106050 AND 5106150
	Index Only Scan using k_5 on sbtest5  (cost=0.43..10.38 rows=97 width=4)
	  Index Cond: ((k >= 5106050) AND (k <= 5106150))

table 6 : explain SELECT k FROM sbtest6 WHERE k BETWEEN 5106050 AND 5106150
	Index Only Scan using k_6 on sbtest6  (cost=0.43..10.29 rows=93 width=4)
	  Index Cond: ((k >= 5106050) AND (k <= 5106150))

table 7 : explain SELECT k FROM sbtest7 WHERE k BETWEEN 5106050 AND 5106150
	Index Only Scan using k_7 on sbtest7  (cost=0.43..10.42 rows=99 width=4)
	  Index Cond: ((k >= 5106050) AND (k <= 5106150))

table 8 : explain SELECT k FROM sbtest8 WHERE k BETWEEN 5106050 AND 5106150
	Index Only Scan using k_8 on sbtest8  (cost=0.43..10.29 rows=93 width=4)
	  Index Cond: ((k >= 5106050) AND (k <= 5106150))

explain: for range-covered :: explain SELECT k FROM sbtest%d WHERE k BETWEEN 7373866 AND 7373966
for range-covered
table 1 : explain SELECT k FROM sbtest1 WHERE k BETWEEN 5031911 AND 5032011
	Index Only Scan using k_1 on sbtest1  (cost=0.43..10.58 rows=107 width=4)
	  Index Cond: ((k >= 5031911) AND (k <= 5032011))

table 2 : explain SELECT k FROM sbtest2 WHERE k BETWEEN 5031911 AND 5032011
	Index Only Scan using k_2 on sbtest2  (cost=0.43..10.44 rows=100 width=4)
	  Index Cond: ((k >= 5031911) AND (k <= 5032011))

table 3 : explain SELECT k FROM sbtest3 WHERE k BETWEEN 5031911 AND 5032011
	Index Only Scan using k_3 on sbtest3  (cost=0.43..10.38 rows=97 width=4)
	  Index Cond: ((k >= 5031911) AND (k <= 5032011))

table 4 : explain SELECT k FROM sbtest4 WHERE k BETWEEN 5031911 AND 5032011
	Index Only Scan using k_4 on sbtest4  (cost=0.43..10.29 rows=93 width=4)
	  Index Cond: ((k >= 5031911) AND (k <= 5032011))

table 5 : explain SELECT k FROM sbtest5 WHERE k BETWEEN 5031911 AND 5032011
	Index Only Scan using k_5 on sbtest5  (cost=0.43..10.62 rows=109 width=4)
	  Index Cond: ((k >= 5031911) AND (k <= 5032011))

table 6 : explain SELECT k FROM sbtest6 WHERE k BETWEEN 5031911 AND 5032011
	Index Only Scan using k_6 on sbtest6  (cost=0.43..10.50 rows=103 width=4)
	  Index Cond: ((k >= 5031911) AND (k <= 5032011))

table 7 : explain SELECT k FROM sbtest7 WHERE k BETWEEN 5031911 AND 5032011
	Index Only Scan using k_7 on sbtest7  (cost=0.43..10.60 rows=108 width=4)
	  Index Cond: ((k >= 5031911) AND (k <= 5032011))

table 8 : explain SELECT k FROM sbtest8 WHERE k BETWEEN 5031911 AND 5032011
	Index Only Scan using k_8 on sbtest8  (cost=0.43..10.44 rows=100 width=4)
	  Index Cond: ((k >= 5031911) AND (k <= 5032011))

explain: for range-covered :: explain SELECT k FROM sbtest%d WHERE k BETWEEN 5106050 AND 5106150
for range-covered
table 1 : explain SELECT k FROM sbtest1 WHERE k BETWEEN 5186438 AND 5186538
	Index Only Scan using k_1 on sbtest1  (cost=0.43..10.36 rows=96 width=4)
	  Index Cond: ((k >= 5186438) AND (k <= 5186538))

table 2 : explain SELECT k FROM sbtest2 WHERE k BETWEEN 5186438 AND 5186538
	Index Only Scan using k_2 on sbtest2  (cost=0.43..10.42 rows=99 width=4)
	  Index Cond: ((k >= 5186438) AND (k <= 5186538))

table 3 : explain SELECT k FROM sbtest3 WHERE k BETWEEN 5186438 AND 5186538
	Index Only Scan using k_3 on sbtest3  (cost=0.43..10.50 rows=103 width=4)
	  Index Cond: ((k >= 5186438) AND (k <= 5186538))

table 4 : explain SELECT k FROM sbtest4 WHERE k BETWEEN 5186438 AND 5186538
	Index Only Scan using k_4 on sbtest4  (cost=0.43..10.29 rows=93 width=4)
	  Index Cond: ((k >= 5186438) AND (k <= 5186538))

table 5 : explain SELECT k FROM sbtest5 WHERE k BETWEEN 5186438 AND 5186538
	Index Only Scan using k_5 on sbtest5  (cost=0.43..10.38 rows=97 width=4)
	  Index Cond: ((k >= 5186438) AND (k <= 5186538))

table 6 : explain SELECT k FROM sbtest6 WHERE k BETWEEN 5186438 AND 5186538
	Index Only Scan using k_6 on sbtest6  (cost=0.43..10.29 rows=93 width=4)
	  Index Cond: ((k >= 5186438) AND (k <= 5186538))

table 7 : explain SELECT k FROM sbtest7 WHERE k BETWEEN 5186438 AND 5186538
	Index Only Scan using k_7 on sbtest7  (cost=0.43..10.47 rows=102 width=4)
	  Index Cond: ((k >= 5186438) AND (k <= 5186538))

table 8 : explain SELECT k FROM sbtest8 WHERE k BETWEEN 5186438 AND 5186538
	Index Only Scan using k_8 on sbtest8  (cost=0.43..10.42 rows=99 width=4)
	  Index Cond: ((k >= 5186438) AND (k <= 5186538))

for range-covered
table 1 : explain SELECT k FROM sbtest1 WHERE k BETWEEN 5507851 AND 5507951
	Index Only Scan using k_1 on sbtest1  (cost=0.43..10.46 rows=101 width=4)
	  Index Cond: ((k >= 5507851) AND (k <= 5507951))

table 2 : explain SELECT k FROM sbtest2 WHERE k BETWEEN 5507851 AND 5507951
	Index Only Scan using k_2 on sbtest2  (cost=0.43..10.47 rows=102 width=4)
	  Index Cond: ((k >= 5507851) AND (k <= 5507951))

table 3 : explain SELECT k FROM sbtest3 WHERE k BETWEEN 5507851 AND 5507951
	Index Only Scan using k_3 on sbtest3  (cost=0.43..10.68 rows=112 width=4)
	  Index Cond: ((k >= 5507851) AND (k <= 5507951))

table 4 : explain SELECT k FROM sbtest4 WHERE k BETWEEN 5507851 AND 5507951
	Index Only Scan using k_4 on sbtest4  (cost=0.43..10.58 rows=107 width=4)
	  Index Cond: ((k >= 5507851) AND (k <= 5507951))

table 5 : explain SELECT k FROM sbtest5 WHERE k BETWEEN 5507851 AND 5507951
	Index Only Scan using k_5 on sbtest5  (cost=0.43..10.68 rows=112 width=4)
	  Index Cond: ((k >= 5507851) AND (k <= 5507951))

table 6 : explain SELECT k FROM sbtest6 WHERE k BETWEEN 5507851 AND 5507951
	Index Only Scan using k_6 on sbtest6  (cost=0.43..10.60 rows=108 width=4)
	  Index Cond: ((k >= 5507851) AND (k <= 5507951))

table 7 : explain SELECT k FROM sbtest7 WHERE k BETWEEN 5507851 AND 5507951
	Index Only Scan using k_7 on sbtest7  (cost=0.43..10.40 rows=98 width=4)
	  Index Cond: ((k >= 5507851) AND (k <= 5507951))

table 8 : explain SELECT k FROM sbtest8 WHERE k BETWEEN 5507851 AND 5507951
	Index Only Scan using k_8 on sbtest8  (cost=0.43..10.32 rows=94 width=4)
	  Index Cond: ((k >= 5507851) AND (k <= 5507951))

explain: for range-covered :: explain SELECT k FROM sbtest%d WHERE k BETWEEN 5031911 AND 5032011
for range-covered
table 1 : explain SELECT k FROM sbtest1 WHERE k BETWEEN 7037838 AND 7037938
	Index Only Scan using k_1 on sbtest1  (cost=0.43..10.51 rows=104 width=4)
	  Index Cond: ((k >= 7037838) AND (k <= 7037938))

table 2 : explain SELECT k FROM sbtest2 WHERE k BETWEEN 7037838 AND 7037938
	Index Only Scan using k_2 on sbtest2  (cost=0.43..10.40 rows=98 width=4)
	  Index Cond: ((k >= 7037838) AND (k <= 7037938))

table 3 : explain SELECT k FROM sbtest3 WHERE k BETWEEN 7037838 AND 7037938
	Index Only Scan using k_3 on sbtest3  (cost=0.43..10.40 rows=98 width=4)
	  Index Cond: ((k >= 7037838) AND (k <= 7037938))

table 4 : explain SELECT k FROM sbtest4 WHERE k BETWEEN 7037838 AND 7037938
	Index Only Scan using k_4 on sbtest4  (cost=0.43..10.50 rows=103 width=4)
	  Index Cond: ((k >= 7037838) AND (k <= 7037938))

table 5 : explain SELECT k FROM sbtest5 WHERE k BETWEEN 7037838 AND 7037938
	Index Only Scan using k_5 on sbtest5  (cost=0.43..10.60 rows=108 width=4)
	  Index Cond: ((k >= 7037838) AND (k <= 7037938))

table 6 : explain SELECT k FROM sbtest6 WHERE k BETWEEN 7037838 AND 7037938
	Index Only Scan using k_6 on sbtest6  (cost=0.43..10.40 rows=98 width=4)
	  Index Cond: ((k >= 7037838) AND (k <= 7037938))

table 7 : explain SELECT k FROM sbtest7 WHERE k BETWEEN 7037838 AND 7037938
	Index Only Scan using k_7 on sbtest7  (cost=0.43..10.60 rows=108 width=4)
	  Index Cond: ((k >= 7037838) AND (k <= 7037938))

table 8 : explain SELECT k FROM sbtest8 WHERE k BETWEEN 7037838 AND 7037938
	Index Only Scan using k_8 on sbtest8  (cost=0.43..10.46 rows=101 width=4)
	  Index Cond: ((k >= 7037838) AND (k <= 7037938))
for range-covered
table 1 : explain SELECT k FROM sbtest1 WHERE k BETWEEN 8111209 AND 8111309
	Index Only Scan using k_1 on sbtest1  (cost=0.43..10.42 rows=99 width=4)
	  Index Cond: ((k >= 8111209) AND (k <= 8111309))

table 2 : explain SELECT k FROM sbtest2 WHERE k BETWEEN 8111209 AND 8111309
	Index Only Scan using k_2 on sbtest2  (cost=0.43..10.54 rows=105 width=4)
	  Index Cond: ((k >= 8111209) AND (k <= 8111309))

table 3 : explain SELECT k FROM sbtest3 WHERE k BETWEEN 8111209 AND 8111309
	Index Only Scan using k_3 on sbtest3  (cost=0.43..10.51 rows=104 width=4)
	  Index Cond: ((k >= 8111209) AND (k <= 8111309))

table 4 : explain SELECT k FROM sbtest4 WHERE k BETWEEN 8111209 AND 8111309
	Index Only Scan using k_4 on sbtest4  (cost=0.43..10.47 rows=102 width=4)
	  Index Cond: ((k >= 8111209) AND (k <= 8111309))

table 5 : explain SELECT k FROM sbtest5 WHERE k BETWEEN 8111209 AND 8111309
	Index Only Scan using k_5 on sbtest5  (cost=0.43..10.51 rows=104 width=4)
	  Index Cond: ((k >= 8111209) AND (k <= 8111309))

table 6 : explain SELECT k FROM sbtest6 WHERE k BETWEEN 8111209 AND 8111309
	Index Only Scan using k_6 on sbtest6  (cost=0.43..10.50 rows=103 width=4)
	  Index Cond: ((k >= 8111209) AND (k <= 8111309))

table 7 : explain SELECT k FROM sbtest7 WHERE k BETWEEN 8111209 AND 8111309
	Index Only Scan using k_7 on sbtest7  (cost=0.43..10.46 rows=101 width=4)
	  Index Cond: ((k >= 8111209) AND (k <= 8111309))

table 8 : explain SELECT k FROM sbtest8 WHERE k BETWEEN 8111209 AND 8111309
	Index Only Scan using k_8 on sbtest8  (cost=0.43..10.50 rows=103 width=4)
	  Index Cond: ((k >= 8111209) AND (k <= 8111309))


explain: for range-covered :: explain SELECT k FROM sbtest%d WHERE k BETWEEN 5186438 AND 5186538explain: for range-covered :: explain SELECT k FROM sbtest%d WHERE k BETWEEN 5507851 AND 5507951

explain: for range-covered :: explain SELECT k FROM sbtest%d WHERE k BETWEEN 7037838 AND 7037938
for range-covered
table 1 : explain SELECT k FROM sbtest1 WHERE k BETWEEN 5270764 AND 5270864
	Index Only Scan using k_1 on sbtest1  (cost=0.43..10.36 rows=96 width=4)
	  Index Cond: ((k >= 5270764) AND (k <= 5270864))

table 2 : explain SELECT k FROM sbtest2 WHERE k BETWEEN 5270764 AND 5270864
	Index Only Scan using k_2 on sbtest2  (cost=0.43..10.42 rows=99 width=4)
	  Index Cond: ((k >= 5270764) AND (k <= 5270864))

table 3 : explain SELECT k FROM sbtest3 WHERE k BETWEEN 5270764 AND 5270864
	Index Only Scan using k_3 on sbtest3  (cost=0.43..10.33 rows=95 width=4)
	  Index Cond: ((k >= 5270764) AND (k <= 5270864))

table 4 : explain SELECT k FROM sbtest4 WHERE k BETWEEN 5270764 AND 5270864
	Index Only Scan using k_4 on sbtest4  (cost=0.43..10.47 rows=102 width=4)
	  Index Cond: ((k >= 5270764) AND (k <= 5270864))

table 5 : explain SELECT k FROM sbtest5 WHERE k BETWEEN 5270764 AND 5270864
	Index Only Scan using k_5 on sbtest5  (cost=0.43..10.42 rows=99 width=4)
	  Index Cond: ((k >= 5270764) AND (k <= 5270864))

table 6 : explain SELECT k FROM sbtest6 WHERE k BETWEEN 5270764 AND 5270864
	Index Only Scan using k_6 on sbtest6  (cost=0.43..10.51 rows=104 width=4)
	  Index Cond: ((k >= 5270764) AND (k <= 5270864))

table 7 : explain SELECT k FROM sbtest7 WHERE k BETWEEN 5270764 AND 5270864
	Index Only Scan using k_7 on sbtest7  (cost=0.43..10.47 rows=102 width=4)
	  Index Cond: ((k >= 5270764) AND (k <= 5270864))

table 8 : explain SELECT k FROM sbtest8 WHERE k BETWEEN 5270764 AND 5270864
	Index Only Scan using k_8 on sbtest8  (cost=0.43..10.42 rows=99 width=4)
	  Index Cond: ((k >= 5270764) AND (k <= 5270864))

for range-covered
table 1 : explain SELECT k FROM sbtest1 WHERE k BETWEEN 8598798 AND 8598898
	Index Only Scan using k_1 on sbtest1  (cost=0.43..10.47 rows=102 width=4)
	  Index Cond: ((k >= 8598798) AND (k <= 8598898))

table 2 : explain SELECT k FROM sbtest2 WHERE k BETWEEN 8598798 AND 8598898
	Index Only Scan using k_2 on sbtest2  (cost=0.43..10.56 rows=106 width=4)
	  Index Cond: ((k >= 8598798) AND (k <= 8598898))

table 3 : explain SELECT k FROM sbtest3 WHERE k BETWEEN 8598798 AND 8598898
	Index Only Scan using k_3 on sbtest3  (cost=0.43..10.44 rows=100 width=4)
	  Index Cond: ((k >= 8598798) AND (k <= 8598898))

table 4 : explain SELECT k FROM sbtest4 WHERE k BETWEEN 8598798 AND 8598898
	Index Only Scan using k_4 on sbtest4  (cost=0.43..10.38 rows=97 width=4)
	  Index Cond: ((k >= 8598798) AND (k <= 8598898))

table 5 : explain SELECT k FROM sbtest5 WHERE k BETWEEN 8598798 AND 8598898
	Index Only Scan using k_5 on sbtest5  (cost=0.43..10.60 rows=108 width=4)
	  Index Cond: ((k >= 8598798) AND (k <= 8598898))

table 6 : explain SELECT k FROM sbtest6 WHERE k BETWEEN 8598798 AND 8598898
	Index Only Scan using k_6 on sbtest6  (cost=0.43..10.36 rows=96 width=4)
	  Index Cond: ((k >= 8598798) AND (k <= 8598898))

table 7 : explain SELECT k FROM sbtest7 WHERE k BETWEEN 8598798 AND 8598898
	Index Only Scan using k_7 on sbtest7  (cost=0.43..10.32 rows=94 width=4)
	  Index Cond: ((k >= 8598798) AND (k <= 8598898))

table 8 : explain SELECT k FROM sbtest8 WHERE k BETWEEN 8598798 AND 8598898
	Index Only Scan using k_8 on sbtest8  (cost=0.43..10.47 rows=102 width=4)
	  Index Cond: ((k >= 8598798) AND (k <= 8598898))

explain: for range-covered :: explain SELECT k FROM sbtest%d WHERE k BETWEEN 8598798 AND 8598898
for range-covered
table 1 : explain SELECT k FROM sbtest1 WHERE k BETWEEN 5106050 AND 5106150
	Index Only Scan using k_1 on sbtest1  (cost=0.43..10.72 rows=114 width=4)
	  Index Cond: ((k >= 5106050) AND (k <= 5106150))

table 2 : explain SELECT k FROM sbtest2 WHERE k BETWEEN 5106050 AND 5106150
	Index Only Scan using k_2 on sbtest2  (cost=0.43..10.44 rows=100 width=4)
	  Index Cond: ((k >= 5106050) AND (k <= 5106150))

table 3 : explain SELECT k FROM sbtest3 WHERE k BETWEEN 5106050 AND 5106150
	Index Only Scan using k_3 on sbtest3  (cost=0.43..10.50 rows=103 width=4)
	  Index Cond: ((k >= 5106050) AND (k <= 5106150))

table 4 : explain SELECT k FROM sbtest4 WHERE k BETWEEN 5106050 AND 5106150
	Index Only Scan using k_4 on sbtest4  (cost=0.43..10.29 rows=93 width=4)
	  Index Cond: ((k >= 5106050) AND (k <= 5106150))

table 5 : explain SELECT k FROM sbtest5 WHERE k BETWEEN 5106050 AND 5106150
	Index Only Scan using k_5 on sbtest5  (cost=0.43..10.38 rows=97 width=4)
	  Index Cond: ((k >= 5106050) AND (k <= 5106150))

table 6 : explain SELECT k FROM sbtest6 WHERE k BETWEEN 5106050 AND 5106150
	Index Only Scan using k_6 on sbtest6  (cost=0.43..10.29 rows=93 width=4)
	  Index Cond: ((k >= 5106050) AND (k <= 5106150))

table 7 : explain SELECT k FROM sbtest7 WHERE k BETWEEN 5106050 AND 5106150
	Index Only Scan using k_7 on sbtest7  (cost=0.43..10.42 rows=99 width=4)
	  Index Cond: ((k >= 5106050) AND (k <= 5106150))

table 8 : explain SELECT k FROM sbtest8 WHERE k BETWEEN 5106050 AND 5106150
	Index Only Scan using k_8 on sbtest8  (cost=0.43..10.29 rows=93 width=4)
	  Index Cond: ((k >= 5106050) AND (k <= 5106150))

for range-covered
table 1 : explain SELECT k FROM sbtest1 WHERE k BETWEEN 7373866 AND 7373966
	Index Only Scan using k_1 on sbtest1  (cost=0.43..10.56 rows=106 width=4)
	  Index Cond: ((k >= 7373866) AND (k <= 7373966))

table 2 : explain SELECT k FROM sbtest2 WHERE k BETWEEN 7373866 AND 7373966
	Index Only Scan using k_2 on sbtest2  (cost=0.43..10.44 rows=100 width=4)
	  Index Cond: ((k >= 7373866) AND (k <= 7373966))

table 3 : explain SELECT k FROM sbtest3 WHERE k BETWEEN 7373866 AND 7373966
	Index Only Scan using k_3 on sbtest3  (cost=0.43..10.51 rows=104 width=4)
	  Index Cond: ((k >= 7373866) AND (k <= 7373966))

table 4 : explain SELECT k FROM sbtest4 WHERE k BETWEEN 7373866 AND 7373966
	Index Only Scan using k_4 on sbtest4  (cost=0.43..10.36 rows=96 width=4)
	  Index Cond: ((k >= 7373866) AND (k <= 7373966))

table 5 : explain SELECT k FROM sbtest5 WHERE k BETWEEN 7373866 AND 7373966
	Index Only Scan using k_5 on sbtest5  (cost=0.43..10.58 rows=107 width=4)
	  Index Cond: ((k >= 7373866) AND (k <= 7373966))

table 6 : explain SELECT k FROM sbtest6 WHERE k BETWEEN 7373866 AND 7373966
	Index Only Scan using k_6 on sbtest6  (cost=0.43..10.63 rows=110 width=4)
	  Index Cond: ((k >= 7373866) AND (k <= 7373966))

table 7 : explain SELECT k FROM sbtest7 WHERE k BETWEEN 7373866 AND 7373966
	Index Only Scan using k_7 on sbtest7  (cost=0.43..10.40 rows=98 width=4)
	  Index Cond: ((k >= 7373866) AND (k <= 7373966))

table 8 : explain SELECT k FROM sbtest8 WHERE k BETWEEN 7373866 AND 7373966
	Index Only Scan using k_8 on sbtest8  (cost=0.43..10.51 rows=104 width=4)
	  Index Cond: ((k >= 7373866) AND (k <= 7373966))

explain: for range-covered :: explain SELECT k FROM sbtest%d WHERE k BETWEEN 5106050 AND 5106150
explain: for range-covered :: explain SELECT k FROM sbtest%d WHERE k BETWEEN 7373866 AND 7373966
for range-covered
table 1 : explain SELECT k FROM sbtest1 WHERE k BETWEEN 5507851 AND 5507951
	Index Only Scan using k_1 on sbtest1  (cost=0.43..10.46 rows=101 width=4)
	  Index Cond: ((k >= 5507851) AND (k <= 5507951))

table 2 : explain SELECT k FROM sbtest2 WHERE k BETWEEN 5507851 AND 5507951
	Index Only Scan using k_2 on sbtest2  (cost=0.43..10.47 rows=102 width=4)
	  Index Cond: ((k >= 5507851) AND (k <= 5507951))

table 3 : explain SELECT k FROM sbtest3 WHERE k BETWEEN 5507851 AND 5507951
	Index Only Scan using k_3 on sbtest3  (cost=0.43..10.68 rows=112 width=4)
	  Index Cond: ((k >= 5507851) AND (k <= 5507951))

table 4 : explain SELECT k FROM sbtest4 WHERE k BETWEEN 5507851 AND 5507951
	Index Only Scan using k_4 on sbtest4  (cost=0.43..10.58 rows=107 width=4)
	  Index Cond: ((k >= 5507851) AND (k <= 5507951))

table 5 : explain SELECT k FROM sbtest5 WHERE k BETWEEN 5507851 AND 5507951
	Index Only Scan using k_5 on sbtest5  (cost=0.43..10.68 rows=112 width=4)
	  Index Cond: ((k >= 5507851) AND (k <= 5507951))

table 6 : explain SELECT k FROM sbtest6 WHERE k BETWEEN 5507851 AND 5507951
	Index Only Scan using k_6 on sbtest6  (cost=0.43..10.60 rows=108 width=4)
	  Index Cond: ((k >= 5507851) AND (k <= 5507951))

table 7 : explain SELECT k FROM sbtest7 WHERE k BETWEEN 5507851 AND 5507951
	Index Only Scan using k_7 on sbtest7  (cost=0.43..10.40 rows=98 width=4)
	  Index Cond: ((k >= 5507851) AND (k <= 5507951))

table 8 : explain SELECT k FROM sbtest8 WHERE k BETWEEN 5507851 AND 5507951
	Index Only Scan using k_8 on sbtest8  (cost=0.43..10.32 rows=94 width=4)
	  Index Cond: ((k >= 5507851) AND (k <= 5507951))

for range-covered
table 1 : explain SELECT k FROM sbtest1 WHERE k BETWEEN 5186438 AND 5186538
	Index Only Scan using k_1 on sbtest1  (cost=0.43..10.36 rows=96 width=4)
	  Index Cond: ((k >= 5186438) AND (k <= 5186538))

table 2 : explain SELECT k FROM sbtest2 WHERE k BETWEEN 5186438 AND 5186538
	Index Only Scan using k_2 on sbtest2  (cost=0.43..10.42 rows=99 width=4)
	  Index Cond: ((k >= 5186438) AND (k <= 5186538))

table 3 : explain SELECT k FROM sbtest3 WHERE k BETWEEN 5186438 AND 5186538
	Index Only Scan using k_3 on sbtest3  (cost=0.43..10.50 rows=103 width=4)
	  Index Cond: ((k >= 5186438) AND (k <= 5186538))

table 4 : explain SELECT k FROM sbtest4 WHERE k BETWEEN 5186438 AND 5186538
	Index Only Scan using k_4 on sbtest4  (cost=0.43..10.29 rows=93 width=4)
	  Index Cond: ((k >= 5186438) AND (k <= 5186538))

table 5 : explain SELECT k FROM sbtest5 WHERE k BETWEEN 5186438 AND 5186538
	Index Only Scan using k_5 on sbtest5  (cost=0.43..10.38 rows=97 width=4)
	  Index Cond: ((k >= 5186438) AND (k <= 5186538))

table 6 : explain SELECT k FROM sbtest6 WHERE k BETWEEN 5186438 AND 5186538
	Index Only Scan using k_6 on sbtest6  (cost=0.43..10.29 rows=93 width=4)
	  Index Cond: ((k >= 5186438) AND (k <= 5186538))

table 7 : explain SELECT k FROM sbtest7 WHERE k BETWEEN 5186438 AND 5186538
	Index Only Scan using k_7 on sbtest7  (cost=0.43..10.47 rows=102 width=4)
	  Index Cond: ((k >= 5186438) AND (k <= 5186538))

table 8 : explain SELECT k FROM sbtest8 WHERE k BETWEEN 5186438 AND 5186538
	Index Only Scan using k_8 on sbtest8  (cost=0.43..10.42 rows=99 width=4)
	  Index Cond: ((k >= 5186438) AND (k <= 5186538))

for range-covered
table 1 : explain SELECT k FROM sbtest1 WHERE k BETWEEN 7037838 AND 7037938
	Index Only Scan using k_1 on sbtest1  (cost=0.43..10.51 rows=104 width=4)
	  Index Cond: ((k >= 7037838) AND (k <= 7037938))

table 2 : explain SELECT k FROM sbtest2 WHERE k BETWEEN 7037838 AND 7037938
	Index Only Scan using k_2 on sbtest2  (cost=0.43..10.40 rows=98 width=4)
	  Index Cond: ((k >= 7037838) AND (k <= 7037938))

table 3 : explain SELECT k FROM sbtest3 WHERE k BETWEEN 7037838 AND 7037938
	Index Only Scan using k_3 on sbtest3  (cost=0.43..10.40 rows=98 width=4)
	  Index Cond: ((k >= 7037838) AND (k <= 7037938))

table 4 : explain SELECT k FROM sbtest4 WHERE k BETWEEN 7037838 AND 7037938
	Index Only Scan using k_4 on sbtest4  (cost=0.43..10.50 rows=103 width=4)
	  Index Cond: ((k >= 7037838) AND (k <= 7037938))

table 5 : explain SELECT k FROM sbtest5 WHERE k BETWEEN 7037838 AND 7037938
	Index Only Scan using k_5 on sbtest5  (cost=0.43..10.60 rows=108 width=4)
	  Index Cond: ((k >= 7037838) AND (k <= 7037938))

table 6 : explain SELECT k FROM sbtest6 WHERE k BETWEEN 7037838 AND 7037938
	Index Only Scan using k_6 on sbtest6  (cost=0.43..10.40 rows=98 width=4)
	  Index Cond: ((k >= 7037838) AND (k <= 7037938))

table 7 : explain SELECT k FROM sbtest7 WHERE k BETWEEN 7037838 AND 7037938
	Index Only Scan using k_7 on sbtest7  (cost=0.43..10.60 rows=108 width=4)
	  Index Cond: ((k >= 7037838) AND (k <= 7037938))

table 8 : explain SELECT k FROM sbtest8 WHERE k BETWEEN 7037838 AND 7037938
	Index Only Scan using k_8 on sbtest8  (cost=0.43..10.46 rows=101 width=4)
	  Index Cond: ((k >= 7037838) AND (k <= 7037938))

explain: for range-covered :: explain SELECT k FROM sbtest%d WHERE k BETWEEN 5507851 AND 5507951
explain: for range-covered :: explain SELECT k FROM sbtest%d WHERE k BETWEEN 5186438 AND 5186538
explain: for range-covered :: explain SELECT k FROM sbtest%d WHERE k BETWEEN 7037838 AND 7037938
for range-covered
table 1 : explain SELECT k FROM sbtest1 WHERE k BETWEEN 5031911 AND 5032011
	Index Only Scan using k_1 on sbtest1  (cost=0.43..10.58 rows=107 width=4)
	  Index Cond: ((k >= 5031911) AND (k <= 5032011))

table 2 : explain SELECT k FROM sbtest2 WHERE k BETWEEN 5031911 AND 5032011
	Index Only Scan using k_2 on sbtest2  (cost=0.43..10.44 rows=100 width=4)
	  Index Cond: ((k >= 5031911) AND (k <= 5032011))

table 3 : explain SELECT k FROM sbtest3 WHERE k BETWEEN 5031911 AND 5032011
	Index Only Scan using k_3 on sbtest3  (cost=0.43..10.38 rows=97 width=4)
	  Index Cond: ((k >= 5031911) AND (k <= 5032011))

table 4 : explain SELECT k FROM sbtest4 WHERE k BETWEEN 5031911 AND 5032011
	Index Only Scan using k_4 on sbtest4  (cost=0.43..10.29 rows=93 width=4)
	  Index Cond: ((k >= 5031911) AND (k <= 5032011))

table 5 : explain SELECT k FROM sbtest5 WHERE k BETWEEN 5031911 AND 5032011
	Index Only Scan using k_5 on sbtest5  (cost=0.43..10.62 rows=109 width=4)
	  Index Cond: ((k >= 5031911) AND (k <= 5032011))

table 6 : explain SELECT k FROM sbtest6 WHERE k BETWEEN 5031911 AND 5032011
	Index Only Scan using k_6 on sbtest6  (cost=0.43..10.50 rows=103 width=4)
	  Index Cond: ((k >= 5031911) AND (k <= 5032011))

table 7 : explain SELECT k FROM sbtest7 WHERE k BETWEEN 5031911 AND 5032011
	Index Only Scan using k_7 on sbtest7  (cost=0.43..10.60 rows=108 width=4)
	  Index Cond: ((k >= 5031911) AND (k <= 5032011))

table 8 : explain SELECT k FROM sbtest8 WHERE k BETWEEN 5031911 AND 5032011
	Index Only Scan using k_8 on sbtest8  (cost=0.43..10.44 rows=100 width=4)
	  Index Cond: ((k >= 5031911) AND (k <= 5032011))

explain: for range-covered :: explain SELECT k FROM sbtest%d WHERE k BETWEEN 5031911 AND 5032011
for range-covered
table 1 : explain SELECT k FROM sbtest1 WHERE k BETWEEN 8598798 AND 8598898
	Index Only Scan using k_1 on sbtest1  (cost=0.43..10.47 rows=102 width=4)
	  Index Cond: ((k >= 8598798) AND (k <= 8598898))

table 2 : explain SELECT k FROM sbtest2 WHERE k BETWEEN 8598798 AND 8598898
	Index Only Scan using k_2 on sbtest2  (cost=0.43..10.56 rows=106 width=4)
	  Index Cond: ((k >= 8598798) AND (k <= 8598898))

table 3 : explain SELECT k FROM sbtest3 WHERE k BETWEEN 8598798 AND 8598898
	Index Only Scan using k_3 on sbtest3  (cost=0.43..10.44 rows=100 width=4)
	  Index Cond: ((k >= 8598798) AND (k <= 8598898))

table 4 : explain SELECT k FROM sbtest4 WHERE k BETWEEN 8598798 AND 8598898
	Index Only Scan using k_4 on sbtest4  (cost=0.43..10.38 rows=97 width=4)
	  Index Cond: ((k >= 8598798) AND (k <= 8598898))

table 5 : explain SELECT k FROM sbtest5 WHERE k BETWEEN 8598798 AND 8598898
	Index Only Scan using k_5 on sbtest5  (cost=0.43..10.60 rows=108 width=4)
	  Index Cond: ((k >= 8598798) AND (k <= 8598898))

table 6 : explain SELECT k FROM sbtest6 WHERE k BETWEEN 8598798 AND 8598898
	Index Only Scan using k_6 on sbtest6  (cost=0.43..10.36 rows=96 width=4)
	  Index Cond: ((k >= 8598798) AND (k <= 8598898))

table 7 : explain SELECT k FROM sbtest7 WHERE k BETWEEN 8598798 AND 8598898
	Index Only Scan using k_7 on sbtest7  (cost=0.43..10.32 rows=94 width=4)
	  Index Cond: ((k >= 8598798) AND (k <= 8598898))

table 8 : explain SELECT k FROM sbtest8 WHERE k BETWEEN 8598798 AND 8598898
	Index Only Scan using k_8 on sbtest8  (cost=0.43..10.47 rows=102 width=4)
	  Index Cond: ((k >= 8598798) AND (k <= 8598898))

explain: for range-covered :: explain SELECT k FROM sbtest%d WHERE k BETWEEN 8598798 AND 8598898
for range-covered
table 1 : explain SELECT k FROM sbtest1 WHERE k BETWEEN 5106050 AND 5106150
	Index Only Scan using k_1 on sbtest1  (cost=0.43..10.72 rows=114 width=4)
	  Index Cond: ((k >= 5106050) AND (k <= 5106150))

table 2 : explain SELECT k FROM sbtest2 WHERE k BETWEEN 5106050 AND 5106150
	Index Only Scan using k_2 on sbtest2  (cost=0.43..10.44 rows=100 width=4)
	  Index Cond: ((k >= 5106050) AND (k <= 5106150))

table 3 : explain SELECT k FROM sbtest3 WHERE k BETWEEN 5106050 AND 5106150
	Index Only Scan using k_3 on sbtest3  (cost=0.43..10.50 rows=103 width=4)
	  Index Cond: ((k >= 5106050) AND (k <= 5106150))

table 4 : explain SELECT k FROM sbtest4 WHERE k BETWEEN 5106050 AND 5106150
	Index Only Scan using k_4 on sbtest4  (cost=0.43..10.29 rows=93 width=4)
	  Index Cond: ((k >= 5106050) AND (k <= 5106150))

table 5 : explain SELECT k FROM sbtest5 WHERE k BETWEEN 5106050 AND 5106150
	Index Only Scan using k_5 on sbtest5  (cost=0.43..10.38 rows=97 width=4)
	  Index Cond: ((k >= 5106050) AND (k <= 5106150))

table 6 : explain SELECT k FROM sbtest6 WHERE k BETWEEN 5106050 AND 5106150
	Index Only Scan using k_6 on sbtest6  (cost=0.43..10.29 rows=93 width=4)
	  Index Cond: ((k >= 5106050) AND (k <= 5106150))

table 7 : explain SELECT k FROM sbtest7 WHERE k BETWEEN 5106050 AND 5106150
	Index Only Scan using k_7 on sbtest7  (cost=0.43..10.42 rows=99 width=4)
	  Index Cond: ((k >= 5106050) AND (k <= 5106150))

table 8 : explain SELECT k FROM sbtest8 WHERE k BETWEEN 5106050 AND 5106150
	Index Only Scan using k_8 on sbtest8  (cost=0.43..10.29 rows=93 width=4)
	  Index Cond: ((k >= 5106050) AND (k <= 5106150))

for range-covered
table 1 : explain SELECT k FROM sbtest1 WHERE k BETWEEN 7373866 AND 7373966
	Index Only Scan using k_1 on sbtest1  (cost=0.43..10.56 rows=106 width=4)
	  Index Cond: ((k >= 7373866) AND (k <= 7373966))

table 2 : explain SELECT k FROM sbtest2 WHERE k BETWEEN 7373866 AND 7373966
	Index Only Scan using k_2 on sbtest2  (cost=0.43..10.44 rows=100 width=4)
	  Index Cond: ((k >= 7373866) AND (k <= 7373966))

table 3 : explain SELECT k FROM sbtest3 WHERE k BETWEEN 7373866 AND 7373966
	Index Only Scan using k_3 on sbtest3  (cost=0.43..10.51 rows=104 width=4)
	  Index Cond: ((k >= 7373866) AND (k <= 7373966))

table 4 : explain SELECT k FROM sbtest4 WHERE k BETWEEN 7373866 AND 7373966
	Index Only Scan using k_4 on sbtest4  (cost=0.43..10.36 rows=96 width=4)
	  Index Cond: ((k >= 7373866) AND (k <= 7373966))

table 5 : explain SELECT k FROM sbtest5 WHERE k BETWEEN 7373866 AND 7373966
	Index Only Scan using k_5 on sbtest5  (cost=0.43..10.58 rows=107 width=4)
	  Index Cond: ((k >= 7373866) AND (k <= 7373966))

table 6 : explain SELECT k FROM sbtest6 WHERE k BETWEEN 7373866 AND 7373966
	Index Only Scan using k_6 on sbtest6  (cost=0.43..10.63 rows=110 width=4)
	  Index Cond: ((k >= 7373866) AND (k <= 7373966))

table 7 : explain SELECT k FROM sbtest7 WHERE k BETWEEN 7373866 AND 7373966
	Index Only Scan using k_7 on sbtest7  (cost=0.43..10.40 rows=98 width=4)
	  Index Cond: ((k >= 7373866) AND (k <= 7373966))

table 8 : explain SELECT k FROM sbtest8 WHERE k BETWEEN 7373866 AND 7373966
	Index Only Scan using k_8 on sbtest8  (cost=0.43..10.51 rows=104 width=4)
	  Index Cond: ((k >= 7373866) AND (k <= 7373966))

explain: for range-covered :: explain SELECT k FROM sbtest%d WHERE k BETWEEN 5106050 AND 5106150
for range-covered
table 1 : explain SELECT k FROM sbtest1 WHERE k BETWEEN 5507851 AND 5507951
	Index Only Scan using k_1 on sbtest1  (cost=0.43..10.46 rows=101 width=4)
	  Index Cond: ((k >= 5507851) AND (k <= 5507951))

table 2 : explain SELECT k FROM sbtest2 WHERE k BETWEEN 5507851 AND 5507951
	Index Only Scan using k_2 on sbtest2  (cost=0.43..10.47 rows=102 width=4)
	  Index Cond: ((k >= 5507851) AND (k <= 5507951))

table 3 : explain SELECT k FROM sbtest3 WHERE k BETWEEN 5507851 AND 5507951
	Index Only Scan using k_3 on sbtest3  (cost=0.43..10.68 rows=112 width=4)
	  Index Cond: ((k >= 5507851) AND (k <= 5507951))

table 4 : explain SELECT k FROM sbtest4 WHERE k BETWEEN 5507851 AND 5507951
	Index Only Scan using k_4 on sbtest4  (cost=0.43..10.58 rows=107 width=4)
	  Index Cond: ((k >= 5507851) AND (k <= 5507951))

table 5 : explain SELECT k FROM sbtest5 WHERE k BETWEEN 5507851 AND 5507951
	Index Only Scan using k_5 on sbtest5  (cost=0.43..10.68 rows=112 width=4)
	  Index Cond: ((k >= 5507851) AND (k <= 5507951))

table 6 : explain SELECT k FROM sbtest6 WHERE k BETWEEN 5507851 AND 5507951
	Index Only Scan using k_6 on sbtest6  (cost=0.43..10.60 rows=108 width=4)
	  Index Cond: ((k >= 5507851) AND (k <= 5507951))

table 7 : explain SELECT k FROM sbtest7 WHERE k BETWEEN 5507851 AND 5507951
	Index Only Scan using k_7 on sbtest7  (cost=0.43..10.40 rows=98 width=4)
	  Index Cond: ((k >= 5507851) AND (k <= 5507951))

table 8 : explain SELECT k FROM sbtest8 WHERE k BETWEEN 5507851 AND 5507951
	Index Only Scan using k_8 on sbtest8  (cost=0.43..10.32 rows=94 width=4)
	  Index Cond: ((k >= 5507851) AND (k <= 5507951))

for range-covered
table 1 : explain SELECT k FROM sbtest1 WHERE k BETWEEN 5186438 AND 5186538
	Index Only Scan using k_1 on sbtest1  (cost=0.43..10.36 rows=96 width=4)
	  Index Cond: ((k >= 5186438) AND (k <= 5186538))

table 2 : explain SELECT k FROM sbtest2 WHERE k BETWEEN 5186438 AND 5186538
	Index Only Scan using k_2 on sbtest2  (cost=0.43..10.42 rows=99 width=4)
	  Index Cond: ((k >= 5186438) AND (k <= 5186538))

table 3 : explain SELECT k FROM sbtest3 WHERE k BETWEEN 5186438 AND 5186538
	Index Only Scan using k_3 on sbtest3  (cost=0.43..10.50 rows=103 width=4)
	  Index Cond: ((k >= 5186438) AND (k <= 5186538))

table 4 : explain SELECT k FROM sbtest4 WHERE k BETWEEN 5186438 AND 5186538
	Index Only Scan using k_4 on sbtest4  (cost=0.43..10.29 rows=93 width=4)
	  Index Cond: ((k >= 5186438) AND (k <= 5186538))

table 5 : explain SELECT k FROM sbtest5 WHERE k BETWEEN 5186438 AND 5186538
	Index Only Scan using k_5 on sbtest5  (cost=0.43..10.38 rows=97 width=4)
	  Index Cond: ((k >= 5186438) AND (k <= 5186538))

table 6 : explain SELECT k FROM sbtest6 WHERE k BETWEEN 5186438 AND 5186538
	Index Only Scan using k_6 on sbtest6  (cost=0.43..10.29 rows=93 width=4)
	  Index Cond: ((k >= 5186438) AND (k <= 5186538))

table 7 : explain SELECT k FROM sbtest7 WHERE k BETWEEN 5186438 AND 5186538
	Index Only Scan using k_7 on sbtest7  (cost=0.43..10.47 rows=102 width=4)
	  Index Cond: ((k >= 5186438) AND (k <= 5186538))

table 8 : explain SELECT k FROM sbtest8 WHERE k BETWEEN 5186438 AND 5186538
	Index Only Scan using k_8 on sbtest8  (cost=0.43..10.42 rows=99 width=4)
	  Index Cond: ((k >= 5186438) AND (k <= 5186538))

explain: for range-covered :: explain SELECT k FROM sbtest%d WHERE k BETWEEN 5507851 AND 5507951
explain: for range-covered :: explain SELECT k FROM sbtest%d WHERE k BETWEEN 5186438 AND 5186538
for range-covered
table 1 : explain SELECT k FROM sbtest1 WHERE k BETWEEN 7037838 AND 7037938
	Index Only Scan using k_1 on sbtest1  (cost=0.43..10.51 rows=104 width=4)
	  Index Cond: ((k >= 7037838) AND (k <= 7037938))

table 2 : explain SELECT k FROM sbtest2 WHERE k BETWEEN 7037838 AND 7037938
	Index Only Scan using k_2 on sbtest2  (cost=0.43..10.40 rows=98 width=4)
	  Index Cond: ((k >= 7037838) AND (k <= 7037938))

table 3 : explain SELECT k FROM sbtest3 WHERE k BETWEEN 7037838 AND 7037938
	Index Only Scan using k_3 on sbtest3  (cost=0.43..10.40 rows=98 width=4)
	  Index Cond: ((k >= 7037838) AND (k <= 7037938))

table 4 : explain SELECT k FROM sbtest4 WHERE k BETWEEN 7037838 AND 7037938
	Index Only Scan using k_4 on sbtest4  (cost=0.43..10.50 rows=103 width=4)
	  Index Cond: ((k >= 7037838) AND (k <= 7037938))

table 5 : explain SELECT k FROM sbtest5 WHERE k BETWEEN 7037838 AND 7037938
	Index Only Scan using k_5 on sbtest5  (cost=0.43..10.60 rows=108 width=4)
	  Index Cond: ((k >= 7037838) AND (k <= 7037938))

table 6 : explain SELECT k FROM sbtest6 WHERE k BETWEEN 7037838 AND 7037938
	Index Only Scan using k_6 on sbtest6  (cost=0.43..10.40 rows=98 width=4)
	  Index Cond: ((k >= 7037838) AND (k <= 7037938))

table 7 : explain SELECT k FROM sbtest7 WHERE k BETWEEN 7037838 AND 7037938
	Index Only Scan using k_7 on sbtest7  (cost=0.43..10.60 rows=108 width=4)
	  Index Cond: ((k >= 7037838) AND (k <= 7037938))

table 8 : explain SELECT k FROM sbtest8 WHERE k BETWEEN 7037838 AND 7037938
	Index Only Scan using k_8 on sbtest8  (cost=0.43..10.46 rows=101 width=4)
	  Index Cond: ((k >= 7037838) AND (k <= 7037938))

explain: for range-covered :: explain SELECT k FROM sbtest%d WHERE k BETWEEN 7037838 AND 7037938
for range-covered
table 1 : explain SELECT k FROM sbtest1 WHERE k BETWEEN 5031911 AND 5032011
	Index Only Scan using k_1 on sbtest1  (cost=0.43..10.58 rows=107 width=4)
	  Index Cond: ((k >= 5031911) AND (k <= 5032011))

table 2 : explain SELECT k FROM sbtest2 WHERE k BETWEEN 5031911 AND 5032011
	Index Only Scan using k_2 on sbtest2  (cost=0.43..10.44 rows=100 width=4)
	  Index Cond: ((k >= 5031911) AND (k <= 5032011))

table 3 : explain SELECT k FROM sbtest3 WHERE k BETWEEN 5031911 AND 5032011
	Index Only Scan using k_3 on sbtest3  (cost=0.43..10.38 rows=97 width=4)
	  Index Cond: ((k >= 5031911) AND (k <= 5032011))

table 4 : explain SELECT k FROM sbtest4 WHERE k BETWEEN 5031911 AND 5032011
	Index Only Scan using k_4 on sbtest4  (cost=0.43..10.29 rows=93 width=4)
	  Index Cond: ((k >= 5031911) AND (k <= 5032011))

table 5 : explain SELECT k FROM sbtest5 WHERE k BETWEEN 5031911 AND 5032011
	Index Only Scan using k_5 on sbtest5  (cost=0.43..10.62 rows=109 width=4)
	  Index Cond: ((k >= 5031911) AND (k <= 5032011))

table 6 : explain SELECT k FROM sbtest6 WHERE k BETWEEN 5031911 AND 5032011
	Index Only Scan using k_6 on sbtest6  (cost=0.43..10.50 rows=103 width=4)
	  Index Cond: ((k >= 5031911) AND (k <= 5032011))

table 7 : explain SELECT k FROM sbtest7 WHERE k BETWEEN 5031911 AND 5032011
	Index Only Scan using k_7 on sbtest7  (cost=0.43..10.60 rows=108 width=4)
	  Index Cond: ((k >= 5031911) AND (k <= 5032011))

table 8 : explain SELECT k FROM sbtest8 WHERE k BETWEEN 5031911 AND 5032011
	Index Only Scan using k_8 on sbtest8  (cost=0.43..10.44 rows=100 width=4)
	  Index Cond: ((k >= 5031911) AND (k <= 5032011))

explain: for range-covered :: explain SELECT k FROM sbtest%d WHERE k BETWEEN 9034750 AND 9034850
explain: for range-covered :: explain SELECT k FROM sbtest%d WHERE k BETWEEN 5031911 AND 5032011
for range-covered
table 1 : explain SELECT k FROM sbtest1 WHERE k BETWEEN 8598798 AND 8598898
	Index Only Scan using k_1 on sbtest1  (cost=0.43..10.47 rows=102 width=4)
	  Index Cond: ((k >= 8598798) AND (k <= 8598898))

table 2 : explain SELECT k FROM sbtest2 WHERE k BETWEEN 8598798 AND 8598898
	Index Only Scan using k_2 on sbtest2  (cost=0.43..10.56 rows=106 width=4)
	  Index Cond: ((k >= 8598798) AND (k <= 8598898))

table 3 : explain SELECT k FROM sbtest3 WHERE k BETWEEN 8598798 AND 8598898
	Index Only Scan using k_3 on sbtest3  (cost=0.43..10.44 rows=100 width=4)
	  Index Cond: ((k >= 8598798) AND (k <= 8598898))

table 4 : explain SELECT k FROM sbtest4 WHERE k BETWEEN 8598798 AND 8598898
	Index Only Scan using k_4 on sbtest4  (cost=0.43..10.38 rows=97 width=4)
	  Index Cond: ((k >= 8598798) AND (k <= 8598898))

table 5 : explain SELECT k FROM sbtest5 WHERE k BETWEEN 8598798 AND 8598898
	Index Only Scan using k_5 on sbtest5  (cost=0.43..10.60 rows=108 width=4)
	  Index Cond: ((k >= 8598798) AND (k <= 8598898))

table 6 : explain SELECT k FROM sbtest6 WHERE k BETWEEN 8598798 AND 8598898
	Index Only Scan using k_6 on sbtest6  (cost=0.43..10.36 rows=96 width=4)
	  Index Cond: ((k >= 8598798) AND (k <= 8598898))

table 7 : explain SELECT k FROM sbtest7 WHERE k BETWEEN 8598798 AND 8598898
	Index Only Scan using k_7 on sbtest7  (cost=0.43..10.32 rows=94 width=4)
	  Index Cond: ((k >= 8598798) AND (k <= 8598898))

table 8 : explain SELECT k FROM sbtest8 WHERE k BETWEEN 8598798 AND 8598898
	Index Only Scan using k_8 on sbtest8  (cost=0.43..10.47 rows=102 width=4)
	  Index Cond: ((k >= 8598798) AND (k <= 8598898))

explain: for range-covered :: explain SELECT k FROM sbtest%d WHERE k BETWEEN 8598798 AND 8598898
for range-covered
table 1 : explain SELECT k FROM sbtest1 WHERE k BETWEEN 3227300 AND 3227400
	Index Only Scan using k_1 on sbtest1  (cost=0.43..10.38 rows=97 width=4)
	  Index Cond: ((k >= 3227300) AND (k <= 3227400))

table 2 : explain SELECT k FROM sbtest2 WHERE k BETWEEN 3227300 AND 3227400
	Index Only Scan using k_2 on sbtest2  (cost=0.43..10.51 rows=104 width=4)
	  Index Cond: ((k >= 3227300) AND (k <= 3227400))

table 3 : explain SELECT k FROM sbtest3 WHERE k BETWEEN 3227300 AND 3227400
	Index Only Scan using k_3 on sbtest3  (cost=0.43..10.56 rows=106 width=4)
	  Index Cond: ((k >= 3227300) AND (k <= 3227400))

table 4 : explain SELECT k FROM sbtest4 WHERE k BETWEEN 3227300 AND 3227400
	Index Only Scan using k_4 on sbtest4  (cost=0.43..10.50 rows=103 width=4)
	  Index Cond: ((k >= 3227300) AND (k <= 3227400))

table 5 : explain SELECT k FROM sbtest5 WHERE k BETWEEN 3227300 AND 3227400
	Index Only Scan using k_5 on sbtest5  (cost=0.43..10.44 rows=100 width=4)
	  Index Cond: ((k >= 3227300) AND (k <= 3227400))

table 6 : explain SELECT k FROM sbtest6 WHERE k BETWEEN 3227300 AND 3227400
	Index Only Scan using k_6 on sbtest6  (cost=0.43..10.46 rows=101 width=4)
	  Index Cond: ((k >= 3227300) AND (k <= 3227400))

table 7 : explain SELECT k FROM sbtest7 WHERE k BETWEEN 3227300 AND 3227400
	Index Only Scan using k_7 on sbtest7  (cost=0.43..10.62 rows=109 width=4)
	  Index Cond: ((k >= 3227300) AND (k <= 3227400))

table 8 : explain SELECT k FROM sbtest8 WHERE k BETWEEN 3227300 AND 3227400
	Index Only Scan using k_8 on sbtest8  (cost=0.43..10.36 rows=96 width=4)
	  Index Cond: ((k >= 3227300) AND (k <= 3227400))

explain: for range-covered :: explain SELECT k FROM sbtest%d WHERE k BETWEEN 3227300 AND 3227400
for range-covered
table 1 : explain SELECT k FROM sbtest1 WHERE k BETWEEN 5106050 AND 5106150
	Index Only Scan using k_1 on sbtest1  (cost=0.43..10.72 rows=114 width=4)
	  Index Cond: ((k >= 5106050) AND (k <= 5106150))

table 2 : explain SELECT k FROM sbtest2 WHERE k BETWEEN 5106050 AND 5106150
	Index Only Scan using k_2 on sbtest2  (cost=0.43..10.44 rows=100 width=4)
	  Index Cond: ((k >= 5106050) AND (k <= 5106150))

table 3 : explain SELECT k FROM sbtest3 WHERE k BETWEEN 5106050 AND 5106150
	Index Only Scan using k_3 on sbtest3  (cost=0.43..10.50 rows=103 width=4)
	  Index Cond: ((k >= 5106050) AND (k <= 5106150))

table 4 : explain SELECT k FROM sbtest4 WHERE k BETWEEN 5106050 AND 5106150
	Index Only Scan using k_4 on sbtest4  (cost=0.43..10.29 rows=93 width=4)
	  Index Cond: ((k >= 5106050) AND (k <= 5106150))

table 5 : explain SELECT k FROM sbtest5 WHERE k BETWEEN 5106050 AND 5106150
	Index Only Scan using k_5 on sbtest5  (cost=0.43..10.38 rows=97 width=4)
	  Index Cond: ((k >= 5106050) AND (k <= 5106150))

table 6 : explain SELECT k FROM sbtest6 WHERE k BETWEEN 5106050 AND 5106150
	Index Only Scan using k_6 on sbtest6  (cost=0.43..10.29 rows=93 width=4)
	  Index Cond: ((k >= 5106050) AND (k <= 5106150))

table 7 : explain SELECT k FROM sbtest7 WHERE k BETWEEN 5106050 AND 5106150
	Index Only Scan using k_7 on sbtest7  (cost=0.43..10.42 rows=99 width=4)
	  Index Cond: ((k >= 5106050) AND (k <= 5106150))

table 8 : explain SELECT k FROM sbtest8 WHERE k BETWEEN 5106050 AND 5106150
	Index Only Scan using k_8 on sbtest8  (cost=0.43..10.29 rows=93 width=4)
	  Index Cond: ((k >= 5106050) AND (k <= 5106150))

for range-covered
table 1 : explain SELECT k FROM sbtest1 WHERE k BETWEEN 3220071 AND 3220171
	Index Only Scan using k_1 on sbtest1  (cost=0.43..10.38 rows=97 width=4)
	  Index Cond: ((k >= 3220071) AND (k <= 3220171))

table 2 : explain SELECT k FROM sbtest2 WHERE k BETWEEN 3220071 AND 3220171
	Index Only Scan using k_2 on sbtest2  (cost=0.43..10.51 rows=104 width=4)
	  Index Cond: ((k >= 3220071) AND (k <= 3220171))

table 3 : explain SELECT k FROM sbtest3 WHERE k BETWEEN 3220071 AND 3220171
	Index Only Scan using k_3 on sbtest3  (cost=0.43..10.56 rows=106 width=4)
	  Index Cond: ((k >= 3220071) AND (k <= 3220171))

table 4 : explain SELECT k FROM sbtest4 WHERE k BETWEEN 3220071 AND 3220171
	Index Only Scan using k_4 on sbtest4  (cost=0.43..10.50 rows=103 width=4)
	  Index Cond: ((k >= 3220071) AND (k <= 3220171))

table 5 : explain SELECT k FROM sbtest5 WHERE k BETWEEN 3220071 AND 3220171
	Index Only Scan using k_5 on sbtest5  (cost=0.43..10.44 rows=100 width=4)
	  Index Cond: ((k >= 3220071) AND (k <= 3220171))

table 6 : explain SELECT k FROM sbtest6 WHERE k BETWEEN 3220071 AND 3220171
	Index Only Scan using k_6 on sbtest6  (cost=0.43..10.46 rows=101 width=4)
	  Index Cond: ((k >= 3220071) AND (k <= 3220171))

table 7 : explain SELECT k FROM sbtest7 WHERE k BETWEEN 3220071 AND 3220171
	Index Only Scan using k_7 on sbtest7  (cost=0.43..10.62 rows=109 width=4)
	  Index Cond: ((k >= 3220071) AND (k <= 3220171))

table 8 : explain SELECT k FROM sbtest8 WHERE k BETWEEN 3220071 AND 3220171
	Index Only Scan using k_8 on sbtest8  (cost=0.43..10.36 rows=96 width=4)
	  Index Cond: ((k >= 3220071) AND (k <= 3220171))

explain: for range-covered :: explain SELECT k FROM sbtest%d WHERE k BETWEEN 5106050 AND 5106150
explain: for range-covered :: explain SELECT k FROM sbtest%d WHERE k BETWEEN 3220071 AND 3220171
for range-covered
table 1 : explain SELECT k FROM sbtest1 WHERE k BETWEEN 5507851 AND 5507951
	Index Only Scan using k_1 on sbtest1  (cost=0.43..10.46 rows=101 width=4)
	  Index Cond: ((k >= 5507851) AND (k <= 5507951))

table 2 : explain SELECT k FROM sbtest2 WHERE k BETWEEN 5507851 AND 5507951
	Index Only Scan using k_2 on sbtest2  (cost=0.43..10.47 rows=102 width=4)
	  Index Cond: ((k >= 5507851) AND (k <= 5507951))

table 3 : explain SELECT k FROM sbtest3 WHERE k BETWEEN 5507851 AND 5507951
	Index Only Scan using k_3 on sbtest3  (cost=0.43..10.68 rows=112 width=4)
	  Index Cond: ((k >= 5507851) AND (k <= 5507951))

table 4 : explain SELECT k FROM sbtest4 WHERE k BETWEEN 5507851 AND 5507951
	Index Only Scan using k_4 on sbtest4  (cost=0.43..10.58 rows=107 width=4)
	  Index Cond: ((k >= 5507851) AND (k <= 5507951))

table 5 : explain SELECT k FROM sbtest5 WHERE k BETWEEN 5507851 AND 5507951
	Index Only Scan using k_5 on sbtest5  (cost=0.43..10.68 rows=112 width=4)
	  Index Cond: ((k >= 5507851) AND (k <= 5507951))

table 6 : explain SELECT k FROM sbtest6 WHERE k BETWEEN 5507851 AND 5507951
	Index Only Scan using k_6 on sbtest6  (cost=0.43..10.60 rows=108 width=4)
	  Index Cond: ((k >= 5507851) AND (k <= 5507951))

table 7 : explain SELECT k FROM sbtest7 WHERE k BETWEEN 5507851 AND 5507951
	Index Only Scan using k_7 on sbtest7  (cost=0.43..10.40 rows=98 width=4)
	  Index Cond: ((k >= 5507851) AND (k <= 5507951))

table 8 : explain SELECT k FROM sbtest8 WHERE k BETWEEN 5507851 AND 5507951
	Index Only Scan using k_8 on sbtest8  (cost=0.43..10.32 rows=94 width=4)
	  Index Cond: ((k >= 5507851) AND (k <= 5507951))

for range-covered
table 1 : explain SELECT k FROM sbtest1 WHERE k BETWEEN 5186438 AND 5186538
	Index Only Scan using k_1 on sbtest1  (cost=0.43..10.36 rows=96 width=4)
	  Index Cond: ((k >= 5186438) AND (k <= 5186538))

table 2 : explain SELECT k FROM sbtest2 WHERE k BETWEEN 5186438 AND 5186538
	Index Only Scan using k_2 on sbtest2  (cost=0.43..10.42 rows=99 width=4)
	  Index Cond: ((k >= 5186438) AND (k <= 5186538))

table 3 : explain SELECT k FROM sbtest3 WHERE k BETWEEN 5186438 AND 5186538
	Index Only Scan using k_3 on sbtest3  (cost=0.43..10.50 rows=103 width=4)
	  Index Cond: ((k >= 5186438) AND (k <= 5186538))

table 4 : explain SELECT k FROM sbtest4 WHERE k BETWEEN 5186438 AND 5186538
	Index Only Scan using k_4 on sbtest4  (cost=0.43..10.29 rows=93 width=4)
	  Index Cond: ((k >= 5186438) AND (k <= 5186538))

table 5 : explain SELECT k FROM sbtest5 WHERE k BETWEEN 5186438 AND 5186538
	Index Only Scan using k_5 on sbtest5  (cost=0.43..10.38 rows=97 width=4)
	  Index Cond: ((k >= 5186438) AND (k <= 5186538))

table 6 : explain SELECT k FROM sbtest6 WHERE k BETWEEN 5186438 AND 5186538
	Index Only Scan using k_6 on sbtest6  (cost=0.43..10.29 rows=93 width=4)
	  Index Cond: ((k >= 5186438) AND (k <= 5186538))

table 7 : explain SELECT k FROM sbtest7 WHERE k BETWEEN 5186438 AND 5186538
	Index Only Scan using k_7 on sbtest7  (cost=0.43..10.47 rows=102 width=4)
	  Index Cond: ((k >= 5186438) AND (k <= 5186538))

table 8 : explain SELECT k FROM sbtest8 WHERE k BETWEEN 5186438 AND 5186538
	Index Only Scan using k_8 on sbtest8  (cost=0.43..10.42 rows=99 width=4)
	  Index Cond: ((k >= 5186438) AND (k <= 5186538))

explain: for range-covered :: explain SELECT k FROM sbtest%d WHERE k BETWEEN 5186438 AND 5186538
for range-covered
table 1 : explain SELECT k FROM sbtest1 WHERE k BETWEEN 7037838 AND 7037938
	Index Only Scan using k_1 on sbtest1  (cost=0.43..10.51 rows=104 width=4)
	  Index Cond: ((k >= 7037838) AND (k <= 7037938))

table 2 : explain SELECT k FROM sbtest2 WHERE k BETWEEN 7037838 AND 7037938
	Index Only Scan using k_2 on sbtest2  (cost=0.43..10.40 rows=98 width=4)
	  Index Cond: ((k >= 7037838) AND (k <= 7037938))

table 3 : explain SELECT k FROM sbtest3 WHERE k BETWEEN 7037838 AND 7037938
	Index Only Scan using k_3 on sbtest3  (cost=0.43..10.40 rows=98 width=4)
	  Index Cond: ((k >= 7037838) AND (k <= 7037938))

table 4 : explain SELECT k FROM sbtest4 WHERE k BETWEEN 7037838 AND 7037938
	Index Only Scan using k_4 on sbtest4  (cost=0.43..10.50 rows=103 width=4)
	  Index Cond: ((k >= 7037838) AND (k <= 7037938))

table 5 : explain SELECT k FROM sbtest5 WHERE k BETWEEN 7037838 AND 7037938
	Index Only Scan using k_5 on sbtest5  (cost=0.43..10.60 rows=108 width=4)
	  Index Cond: ((k >= 7037838) AND (k <= 7037938))

table 6 : explain SELECT k FROM sbtest6 WHERE k BETWEEN 7037838 AND 7037938
	Index Only Scan using k_6 on sbtest6  (cost=0.43..10.40 rows=98 width=4)
	  Index Cond: ((k >= 7037838) AND (k <= 7037938))

table 7 : explain SELECT k FROM sbtest7 WHERE k BETWEEN 7037838 AND 7037938
	Index Only Scan using k_7 on sbtest7  (cost=0.43..10.60 rows=108 width=4)
	  Index Cond: ((k >= 7037838) AND (k <= 7037938))

table 8 : explain SELECT k FROM sbtest8 WHERE k BETWEEN 7037838 AND 7037938
	Index Only Scan using k_8 on sbtest8  (cost=0.43..10.46 rows=101 width=4)
	  Index Cond: ((k >= 7037838) AND (k <= 7037938))

explain: for range-covered :: explain SELECT k FROM sbtest%d WHERE k BETWEEN 2976783 AND 2976883
explain: for range-covered :: explain SELECT k FROM sbtest%d WHERE k BETWEEN 7037838 AND 7037938
for range-covered
table 1 : explain SELECT k FROM sbtest1 WHERE k BETWEEN 8598798 AND 8598898
	Index Only Scan using k_1 on sbtest1  (cost=0.43..10.47 rows=102 width=4)
	  Index Cond: ((k >= 8598798) AND (k <= 8598898))

table 2 : explain SELECT k FROM sbtest2 WHERE k BETWEEN 8598798 AND 8598898
	Index Only Scan using k_2 on sbtest2  (cost=0.43..10.56 rows=106 width=4)
	  Index Cond: ((k >= 8598798) AND (k <= 8598898))

table 3 : explain SELECT k FROM sbtest3 WHERE k BETWEEN 8598798 AND 8598898
	Index Only Scan using k_3 on sbtest3  (cost=0.43..10.44 rows=100 width=4)
	  Index Cond: ((k >= 8598798) AND (k <= 8598898))

table 4 : explain SELECT k FROM sbtest4 WHERE k BETWEEN 8598798 AND 8598898
	Index Only Scan using k_4 on sbtest4  (cost=0.43..10.38 rows=97 width=4)
	  Index Cond: ((k >= 8598798) AND (k <= 8598898))

table 5 : explain SELECT k FROM sbtest5 WHERE k BETWEEN 8598798 AND 8598898
	Index Only Scan using k_5 on sbtest5  (cost=0.43..10.60 rows=108 width=4)
	  Index Cond: ((k >= 8598798) AND (k <= 8598898))

table 6 : explain SELECT k FROM sbtest6 WHERE k BETWEEN 8598798 AND 8598898
	Index Only Scan using k_6 on sbtest6  (cost=0.43..10.36 rows=96 width=4)
	  Index Cond: ((k >= 8598798) AND (k <= 8598898))

table 7 : explain SELECT k FROM sbtest7 WHERE k BETWEEN 8598798 AND 8598898
	Index Only Scan using k_7 on sbtest7  (cost=0.43..10.32 rows=94 width=4)
	  Index Cond: ((k >= 8598798) AND (k <= 8598898))

table 8 : explain SELECT k FROM sbtest8 WHERE k BETWEEN 8598798 AND 8598898
	Index Only Scan using k_8 on sbtest8  (cost=0.43..10.47 rows=102 width=4)
	  Index Cond: ((k >= 8598798) AND (k <= 8598898))

for range-covered
table 1 : explain SELECT k FROM sbtest1 WHERE k BETWEEN 5031911 AND 5032011
	Index Only Scan using k_1 on sbtest1  (cost=0.43..10.58 rows=107 width=4)
	  Index Cond: ((k >= 5031911) AND (k <= 5032011))

table 2 : explain SELECT k FROM sbtest2 WHERE k BETWEEN 5031911 AND 5032011
	Index Only Scan using k_2 on sbtest2  (cost=0.43..10.44 rows=100 width=4)
	  Index Cond: ((k >= 5031911) AND (k <= 5032011))

table 3 : explain SELECT k FROM sbtest3 WHERE k BETWEEN 5031911 AND 5032011
	Index Only Scan using k_3 on sbtest3  (cost=0.43..10.38 rows=97 width=4)
	  Index Cond: ((k >= 5031911) AND (k <= 5032011))

table 4 : explain SELECT k FROM sbtest4 WHERE k BETWEEN 5031911 AND 5032011
	Index Only Scan using k_4 on sbtest4  (cost=0.43..10.29 rows=93 width=4)
	  Index Cond: ((k >= 5031911) AND (k <= 5032011))

table 5 : explain SELECT k FROM sbtest5 WHERE k BETWEEN 5031911 AND 5032011
	Index Only Scan using k_5 on sbtest5  (cost=0.43..10.62 rows=109 width=4)
	  Index Cond: ((k >= 5031911) AND (k <= 5032011))

table 6 : explain SELECT k FROM sbtest6 WHERE k BETWEEN 5031911 AND 5032011
	Index Only Scan using k_6 on sbtest6  (cost=0.43..10.50 rows=103 width=4)
	  Index Cond: ((k >= 5031911) AND (k <= 5032011))

table 7 : explain SELECT k FROM sbtest7 WHERE k BETWEEN 5031911 AND 5032011
	Index Only Scan using k_7 on sbtest7  (cost=0.43..10.60 rows=108 width=4)
	  Index Cond: ((k >= 5031911) AND (k <= 5032011))

table 8 : explain SELECT k FROM sbtest8 WHERE k BETWEEN 5031911 AND 5032011
	Index Only Scan using k_8 on sbtest8  (cost=0.43..10.44 rows=100 width=4)
	  Index Cond: ((k >= 5031911) AND (k <= 5032011))

for range-covered
table 1 : explain SELECT k FROM sbtest1 WHERE k BETWEEN 9034750 AND 9034850
	Index Only Scan using k_1 on sbtest1  (cost=0.43..10.44 rows=100 width=4)
	  Index Cond: ((k >= 9034750) AND (k <= 9034850))

table 2 : explain SELECT k FROM sbtest2 WHERE k BETWEEN 9034750 AND 9034850
	Index Only Scan using k_2 on sbtest2  (cost=0.43..10.42 rows=99 width=4)
	  Index Cond: ((k >= 9034750) AND (k <= 9034850))

table 3 : explain SELECT k FROM sbtest3 WHERE k BETWEEN 9034750 AND 9034850
	Index Only Scan using k_3 on sbtest3  (cost=0.43..10.68 rows=112 width=4)
	  Index Cond: ((k >= 9034750) AND (k <= 9034850))

table 4 : explain SELECT k FROM sbtest4 WHERE k BETWEEN 9034750 AND 9034850
	Index Only Scan using k_4 on sbtest4  (cost=0.43..10.29 rows=93 width=4)
	  Index Cond: ((k >= 9034750) AND (k <= 9034850))

table 5 : explain SELECT k FROM sbtest5 WHERE k BETWEEN 9034750 AND 9034850
	Index Only Scan using k_5 on sbtest5  (cost=0.43..10.44 rows=100 width=4)
	  Index Cond: ((k >= 9034750) AND (k <= 9034850))

table 6 : explain SELECT k FROM sbtest6 WHERE k BETWEEN 9034750 AND 9034850
	Index Only Scan using k_6 on sbtest6  (cost=0.43..10.46 rows=101 width=4)
	  Index Cond: ((k >= 9034750) AND (k <= 9034850))

table 7 : explain SELECT k FROM sbtest7 WHERE k BETWEEN 9034750 AND 9034850
	Index Only Scan using k_7 on sbtest7  (cost=0.43..10.46 rows=101 width=4)
	  Index Cond: ((k >= 9034750) AND (k <= 9034850))

table 8 : explain SELECT k FROM sbtest8 WHERE k BETWEEN 9034750 AND 9034850
	Index Only Scan using k_8 on sbtest8  (cost=0.43..10.44 rows=100 width=4)
	  Index Cond: ((k >= 9034750) AND (k <= 9034850))

explain: for range-covered :: explain SELECT k FROM sbtest%d WHERE k BETWEEN 8598798 AND 8598898
explain: for range-covered :: explain SELECT k FROM sbtest%d WHERE k BETWEEN 3079812 AND 3079912
explain: for range-covered :: explain SELECT k FROM sbtest%d WHERE k BETWEEN 5031911 AND 5032011
explain: for range-covered :: explain SELECT k FROM sbtest%d WHERE k BETWEEN 9034750 AND 9034850
for range-covered
table 1 : explain SELECT k FROM sbtest1 WHERE k BETWEEN 3227300 AND 3227400
	Index Only Scan using k_1 on sbtest1  (cost=0.43..10.38 rows=97 width=4)
	  Index Cond: ((k >= 3227300) AND (k <= 3227400))

table 2 : explain SELECT k FROM sbtest2 WHERE k BETWEEN 3227300 AND 3227400
	Index Only Scan using k_2 on sbtest2  (cost=0.43..10.51 rows=104 width=4)
	  Index Cond: ((k >= 3227300) AND (k <= 3227400))

table 3 : explain SELECT k FROM sbtest3 WHERE k BETWEEN 3227300 AND 3227400
	Index Only Scan using k_3 on sbtest3  (cost=0.43..10.56 rows=106 width=4)
	  Index Cond: ((k >= 3227300) AND (k <= 3227400))

table 4 : explain SELECT k FROM sbtest4 WHERE k BETWEEN 3227300 AND 3227400
	Index Only Scan using k_4 on sbtest4  (cost=0.43..10.50 rows=103 width=4)
	  Index Cond: ((k >= 3227300) AND (k <= 3227400))

table 5 : explain SELECT k FROM sbtest5 WHERE k BETWEEN 3227300 AND 3227400
	Index Only Scan using k_5 on sbtest5  (cost=0.43..10.44 rows=100 width=4)
	  Index Cond: ((k >= 3227300) AND (k <= 3227400))

table 6 : explain SELECT k FROM sbtest6 WHERE k BETWEEN 3227300 AND 3227400
	Index Only Scan using k_6 on sbtest6  (cost=0.43..10.46 rows=101 width=4)
	  Index Cond: ((k >= 3227300) AND (k <= 3227400))

table 7 : explain SELECT k FROM sbtest7 WHERE k BETWEEN 3227300 AND 3227400
	Index Only Scan using k_7 on sbtest7  (cost=0.43..10.62 rows=109 width=4)
	  Index Cond: ((k >= 3227300) AND (k <= 3227400))

table 8 : explain SELECT k FROM sbtest8 WHERE k BETWEEN 3227300 AND 3227400
	Index Only Scan using k_8 on sbtest8  (cost=0.43..10.36 rows=96 width=4)
	  Index Cond: ((k >= 3227300) AND (k <= 3227400))

for range-covered
table 1 : explain SELECT k FROM sbtest1 WHERE k BETWEEN 5106050 AND 5106150
	Index Only Scan using k_1 on sbtest1  (cost=0.43..10.72 rows=114 width=4)
	  Index Cond: ((k >= 5106050) AND (k <= 5106150))

table 2 : explain SELECT k FROM sbtest2 WHERE k BETWEEN 5106050 AND 5106150
	Index Only Scan using k_2 on sbtest2  (cost=0.43..10.44 rows=100 width=4)
	  Index Cond: ((k >= 5106050) AND (k <= 5106150))

table 3 : explain SELECT k FROM sbtest3 WHERE k BETWEEN 5106050 AND 5106150
	Index Only Scan using k_3 on sbtest3  (cost=0.43..10.50 rows=103 width=4)
	  Index Cond: ((k >= 5106050) AND (k <= 5106150))

table 4 : explain SELECT k FROM sbtest4 WHERE k BETWEEN 5106050 AND 5106150
	Index Only Scan using k_4 on sbtest4  (cost=0.43..10.29 rows=93 width=4)
	  Index Cond: ((k >= 5106050) AND (k <= 5106150))

table 5 : explain SELECT k FROM sbtest5 WHERE k BETWEEN 5106050 AND 5106150
	Index Only Scan using k_5 on sbtest5  (cost=0.43..10.38 rows=97 width=4)
	  Index Cond: ((k >= 5106050) AND (k <= 5106150))

table 6 : explain SELECT k FROM sbtest6 WHERE k BETWEEN 5106050 AND 5106150
	Index Only Scan using k_6 on sbtest6  (cost=0.43..10.29 rows=93 width=4)
	  Index Cond: ((k >= 5106050) AND (k <= 5106150))

table 7 : explain SELECT k FROM sbtest7 WHERE k BETWEEN 5106050 AND 5106150
	Index Only Scan using k_7 on sbtest7  (cost=0.43..10.42 rows=99 width=4)
	  Index Cond: ((k >= 5106050) AND (k <= 5106150))

table 8 : explain SELECT k FROM sbtest8 WHERE k BETWEEN 5106050 AND 5106150
	Index Only Scan using k_8 on sbtest8  (cost=0.43..10.29 rows=93 width=4)
	  Index Cond: ((k >= 5106050) AND (k <= 5106150))

explain: for range-covered :: explain SELECT k FROM sbtest%d WHERE k BETWEEN 3227300 AND 3227400
for range-covered
table 1 : explain SELECT k FROM sbtest1 WHERE k BETWEEN 3220071 AND 3220171
	Index Only Scan using k_1 on sbtest1  (cost=0.43..10.38 rows=97 width=4)
	  Index Cond: ((k >= 3220071) AND (k <= 3220171))

table 2 : explain SELECT k FROM sbtest2 WHERE k BETWEEN 3220071 AND 3220171
	Index Only Scan using k_2 on sbtest2  (cost=0.43..10.51 rows=104 width=4)
	  Index Cond: ((k >= 3220071) AND (k <= 3220171))

table 3 : explain SELECT k FROM sbtest3 WHERE k BETWEEN 3220071 AND 3220171
	Index Only Scan using k_3 on sbtest3  (cost=0.43..10.56 rows=106 width=4)
	  Index Cond: ((k >= 3220071) AND (k <= 3220171))

table 4 : explain SELECT k FROM sbtest4 WHERE k BETWEEN 3220071 AND 3220171
	Index Only Scan using k_4 on sbtest4  (cost=0.43..10.50 rows=103 width=4)
	  Index Cond: ((k >= 3220071) AND (k <= 3220171))

table 5 : explain SELECT k FROM sbtest5 WHERE k BETWEEN 3220071 AND 3220171
	Index Only Scan using k_5 on sbtest5  (cost=0.43..10.44 rows=100 width=4)
	  Index Cond: ((k >= 3220071) AND (k <= 3220171))

table 6 : explain SELECT k FROM sbtest6 WHERE k BETWEEN 3220071 AND 3220171
	Index Only Scan using k_6 on sbtest6  (cost=0.43..10.46 rows=101 width=4)
	  Index Cond: ((k >= 3220071) AND (k <= 3220171))

table 7 : explain SELECT k FROM sbtest7 WHERE k BETWEEN 3220071 AND 3220171
	Index Only Scan using k_7 on sbtest7  (cost=0.43..10.62 rows=109 width=4)
	  Index Cond: ((k >= 3220071) AND (k <= 3220171))

table 8 : explain SELECT k FROM sbtest8 WHERE k BETWEEN 3220071 AND 3220171
	Index Only Scan using k_8 on sbtest8  (cost=0.43..10.36 rows=96 width=4)
	  Index Cond: ((k >= 3220071) AND (k <= 3220171))

explain: for range-covered :: explain SELECT k FROM sbtest%d WHERE k BETWEEN 3220071 AND 3220171
for range-covered
table 1 : explain SELECT k FROM sbtest1 WHERE k BETWEEN 5186438 AND 5186538
	Index Only Scan using k_1 on sbtest1  (cost=0.43..10.36 rows=96 width=4)
	  Index Cond: ((k >= 5186438) AND (k <= 5186538))

table 2 : explain SELECT k FROM sbtest2 WHERE k BETWEEN 5186438 AND 5186538
	Index Only Scan using k_2 on sbtest2  (cost=0.43..10.42 rows=99 width=4)
	  Index Cond: ((k >= 5186438) AND (k <= 5186538))

table 3 : explain SELECT k FROM sbtest3 WHERE k BETWEEN 5186438 AND 5186538
	Index Only Scan using k_3 on sbtest3  (cost=0.43..10.50 rows=103 width=4)
	  Index Cond: ((k >= 5186438) AND (k <= 5186538))

table 4 : explain SELECT k FROM sbtest4 WHERE k BETWEEN 5186438 AND 5186538
	Index Only Scan using k_4 on sbtest4  (cost=0.43..10.29 rows=93 width=4)
	  Index Cond: ((k >= 5186438) AND (k <= 5186538))

table 5 : explain SELECT k FROM sbtest5 WHERE k BETWEEN 5186438 AND 5186538
	Index Only Scan using k_5 on sbtest5  (cost=0.43..10.38 rows=97 width=4)
	  Index Cond: ((k >= 5186438) AND (k <= 5186538))

table 6 : explain SELECT k FROM sbtest6 WHERE k BETWEEN 5186438 AND 5186538
	Index Only Scan using k_6 on sbtest6  (cost=0.43..10.29 rows=93 width=4)
	  Index Cond: ((k >= 5186438) AND (k <= 5186538))

table 7 : explain SELECT k FROM sbtest7 WHERE k BETWEEN 5186438 AND 5186538
	Index Only Scan using k_7 on sbtest7  (cost=0.43..10.47 rows=102 width=4)
	  Index Cond: ((k >= 5186438) AND (k <= 5186538))

table 8 : explain SELECT k FROM sbtest8 WHERE k BETWEEN 5186438 AND 5186538
	Index Only Scan using k_8 on sbtest8  (cost=0.43..10.42 rows=99 width=4)
	  Index Cond: ((k >= 5186438) AND (k <= 5186538))

explain: for range-covered :: explain SELECT k FROM sbtest%d WHERE k BETWEEN 5186438 AND 5186538
for range-covered
table 1 : explain SELECT k FROM sbtest1 WHERE k BETWEEN 7037838 AND 7037938
	Index Only Scan using k_1 on sbtest1  (cost=0.43..10.51 rows=104 width=4)
	  Index Cond: ((k >= 7037838) AND (k <= 7037938))

table 2 : explain SELECT k FROM sbtest2 WHERE k BETWEEN 7037838 AND 7037938
	Index Only Scan using k_2 on sbtest2  (cost=0.43..10.40 rows=98 width=4)
	  Index Cond: ((k >= 7037838) AND (k <= 7037938))

table 3 : explain SELECT k FROM sbtest3 WHERE k BETWEEN 7037838 AND 7037938
	Index Only Scan using k_3 on sbtest3  (cost=0.43..10.40 rows=98 width=4)
	  Index Cond: ((k >= 7037838) AND (k <= 7037938))

table 4 : explain SELECT k FROM sbtest4 WHERE k BETWEEN 7037838 AND 7037938
	Index Only Scan using k_4 on sbtest4  (cost=0.43..10.50 rows=103 width=4)
	  Index Cond: ((k >= 7037838) AND (k <= 7037938))

table 5 : explain SELECT k FROM sbtest5 WHERE k BETWEEN 7037838 AND 7037938
	Index Only Scan using k_5 on sbtest5  (cost=0.43..10.60 rows=108 width=4)
	  Index Cond: ((k >= 7037838) AND (k <= 7037938))

table 6 : explain SELECT k FROM sbtest6 WHERE k BETWEEN 7037838 AND 7037938
	Index Only Scan using k_6 on sbtest6  (cost=0.43..10.40 rows=98 width=4)
	  Index Cond: ((k >= 7037838) AND (k <= 7037938))

table 7 : explain SELECT k FROM sbtest7 WHERE k BETWEEN 7037838 AND 7037938
	Index Only Scan using k_7 on sbtest7  (cost=0.43..10.60 rows=108 width=4)
	  Index Cond: ((k >= 7037838) AND (k <= 7037938))

table 8 : explain SELECT k FROM sbtest8 WHERE k BETWEEN 7037838 AND 7037938
	Index Only Scan using k_8 on sbtest8  (cost=0.43..10.46 rows=101 width=4)
	  Index Cond: ((k >= 7037838) AND (k <= 7037938))

explain: for range-covered :: explain SELECT k FROM sbtest%d WHERE k BETWEEN 5908128 AND 5908228
explain: for range-covered :: explain SELECT k FROM sbtest%d WHERE k BETWEEN 7037838 AND 7037938
for range-covered
table 1 : explain SELECT k FROM sbtest1 WHERE k BETWEEN 8598798 AND 8598898
	Index Only Scan using k_1 on sbtest1  (cost=0.43..10.47 rows=102 width=4)
	  Index Cond: ((k >= 8598798) AND (k <= 8598898))

table 2 : explain SELECT k FROM sbtest2 WHERE k BETWEEN 8598798 AND 8598898
	Index Only Scan using k_2 on sbtest2  (cost=0.43..10.56 rows=106 width=4)
	  Index Cond: ((k >= 8598798) AND (k <= 8598898))

table 3 : explain SELECT k FROM sbtest3 WHERE k BETWEEN 8598798 AND 8598898
	Index Only Scan using k_3 on sbtest3  (cost=0.43..10.44 rows=100 width=4)
	  Index Cond: ((k >= 8598798) AND (k <= 8598898))

table 4 : explain SELECT k FROM sbtest4 WHERE k BETWEEN 8598798 AND 8598898
	Index Only Scan using k_4 on sbtest4  (cost=0.43..10.38 rows=97 width=4)
	  Index Cond: ((k >= 8598798) AND (k <= 8598898))

table 5 : explain SELECT k FROM sbtest5 WHERE k BETWEEN 8598798 AND 8598898
	Index Only Scan using k_5 on sbtest5  (cost=0.43..10.60 rows=108 width=4)
	  Index Cond: ((k >= 8598798) AND (k <= 8598898))

table 6 : explain SELECT k FROM sbtest6 WHERE k BETWEEN 8598798 AND 8598898
	Index Only Scan using k_6 on sbtest6  (cost=0.43..10.36 rows=96 width=4)
	  Index Cond: ((k >= 8598798) AND (k <= 8598898))

table 7 : explain SELECT k FROM sbtest7 WHERE k BETWEEN 8598798 AND 8598898
	Index Only Scan using k_7 on sbtest7  (cost=0.43..10.32 rows=94 width=4)
	  Index Cond: ((k >= 8598798) AND (k <= 8598898))

table 8 : explain SELECT k FROM sbtest8 WHERE k BETWEEN 8598798 AND 8598898
	Index Only Scan using k_8 on sbtest8  (cost=0.43..10.47 rows=102 width=4)
	  Index Cond: ((k >= 8598798) AND (k <= 8598898))

for range-covered
table 1 : explain SELECT k FROM sbtest1 WHERE k BETWEEN 5031911 AND 5032011
	Index Only Scan using k_1 on sbtest1  (cost=0.43..10.58 rows=107 width=4)
	  Index Cond: ((k >= 5031911) AND (k <= 5032011))

table 2 : explain SELECT k FROM sbtest2 WHERE k BETWEEN 5031911 AND 5032011
	Index Only Scan using k_2 on sbtest2  (cost=0.43..10.44 rows=100 width=4)
	  Index Cond: ((k >= 5031911) AND (k <= 5032011))

table 3 : explain SELECT k FROM sbtest3 WHERE k BETWEEN 5031911 AND 5032011
	Index Only Scan using k_3 on sbtest3  (cost=0.43..10.38 rows=97 width=4)
	  Index Cond: ((k >= 5031911) AND (k <= 5032011))

table 4 : explain SELECT k FROM sbtest4 WHERE k BETWEEN 5031911 AND 5032011
	Index Only Scan using k_4 on sbtest4  (cost=0.43..10.29 rows=93 width=4)
	  Index Cond: ((k >= 5031911) AND (k <= 5032011))

table 5 : explain SELECT k FROM sbtest5 WHERE k BETWEEN 5031911 AND 5032011
	Index Only Scan using k_5 on sbtest5  (cost=0.43..10.62 rows=109 width=4)
	  Index Cond: ((k >= 5031911) AND (k <= 5032011))

table 6 : explain SELECT k FROM sbtest6 WHERE k BETWEEN 5031911 AND 5032011
	Index Only Scan using k_6 on sbtest6  (cost=0.43..10.50 rows=103 width=4)
	  Index Cond: ((k >= 5031911) AND (k <= 5032011))

table 7 : explain SELECT k FROM sbtest7 WHERE k BETWEEN 5031911 AND 5032011
	Index Only Scan using k_7 on sbtest7  (cost=0.43..10.60 rows=108 width=4)
	  Index Cond: ((k >= 5031911) AND (k <= 5032011))

table 8 : explain SELECT k FROM sbtest8 WHERE k BETWEEN 5031911 AND 5032011
	Index Only Scan using k_8 on sbtest8  (cost=0.43..10.44 rows=100 width=4)
	  Index Cond: ((k >= 5031911) AND (k <= 5032011))

for range-covered
table 1 : explain SELECT k FROM sbtest1 WHERE k BETWEEN 9034750 AND 9034850
	Index Only Scan using k_1 on sbtest1  (cost=0.43..10.44 rows=100 width=4)
	  Index Cond: ((k >= 9034750) AND (k <= 9034850))

table 2 : explain SELECT k FROM sbtest2 WHERE k BETWEEN 9034750 AND 9034850
	Index Only Scan using k_2 on sbtest2  (cost=0.43..10.42 rows=99 width=4)
	  Index Cond: ((k >= 9034750) AND (k <= 9034850))

table 3 : explain SELECT k FROM sbtest3 WHERE k BETWEEN 9034750 AND 9034850
	Index Only Scan using k_3 on sbtest3  (cost=0.43..10.68 rows=112 width=4)
	  Index Cond: ((k >= 9034750) AND (k <= 9034850))

table 4 : explain SELECT k FROM sbtest4 WHERE k BETWEEN 9034750 AND 9034850
	Index Only Scan using k_4 on sbtest4  (cost=0.43..10.29 rows=93 width=4)
	  Index Cond: ((k >= 9034750) AND (k <= 9034850))

table 5 : explain SELECT k FROM sbtest5 WHERE k BETWEEN 9034750 AND 9034850
	Index Only Scan using k_5 on sbtest5  (cost=0.43..10.44 rows=100 width=4)
	  Index Cond: ((k >= 9034750) AND (k <= 9034850))

table 6 : explain SELECT k FROM sbtest6 WHERE k BETWEEN 9034750 AND 9034850
	Index Only Scan using k_6 on sbtest6  (cost=0.43..10.46 rows=101 width=4)
	  Index Cond: ((k >= 9034750) AND (k <= 9034850))

table 7 : explain SELECT k FROM sbtest7 WHERE k BETWEEN 9034750 AND 9034850
	Index Only Scan using k_7 on sbtest7  (cost=0.43..10.46 rows=101 width=4)
	  Index Cond: ((k >= 9034750) AND (k <= 9034850))

table 8 : explain SELECT k FROM sbtest8 WHERE k BETWEEN 9034750 AND 9034850
	Index Only Scan using k_8 on sbtest8  (cost=0.43..10.44 rows=100 width=4)
	  Index Cond: ((k >= 9034750) AND (k <= 9034850))

explain: for range-covered :: explain SELECT k FROM sbtest%d WHERE k BETWEEN 5031911 AND 5032011
explain: for range-covered :: explain SELECT k FROM sbtest%d WHERE k BETWEEN 9034750 AND 9034850
explain: for range-covered :: explain SELECT k FROM sbtest%d WHERE k BETWEEN 6383390 AND 6383490
for range-covered
table 1 : explain SELECT k FROM sbtest1 WHERE k BETWEEN 3227300 AND 3227400
	Index Only Scan using k_1 on sbtest1  (cost=0.43..10.38 rows=97 width=4)
	  Index Cond: ((k >= 3227300) AND (k <= 3227400))

table 2 : explain SELECT k FROM sbtest2 WHERE k BETWEEN 3227300 AND 3227400
	Index Only Scan using k_2 on sbtest2  (cost=0.43..10.51 rows=104 width=4)
	  Index Cond: ((k >= 3227300) AND (k <= 3227400))

table 3 : explain SELECT k FROM sbtest3 WHERE k BETWEEN 3227300 AND 3227400
	Index Only Scan using k_3 on sbtest3  (cost=0.43..10.56 rows=106 width=4)
	  Index Cond: ((k >= 3227300) AND (k <= 3227400))

table 4 : explain SELECT k FROM sbtest4 WHERE k BETWEEN 3227300 AND 3227400
	Index Only Scan using k_4 on sbtest4  (cost=0.43..10.50 rows=103 width=4)
	  Index Cond: ((k >= 3227300) AND (k <= 3227400))

table 5 : explain SELECT k FROM sbtest5 WHERE k BETWEEN 3227300 AND 3227400
	Index Only Scan using k_5 on sbtest5  (cost=0.43..10.44 rows=100 width=4)
	  Index Cond: ((k >= 3227300) AND (k <= 3227400))

table 6 : explain SELECT k FROM sbtest6 WHERE k BETWEEN 3227300 AND 3227400
	Index Only Scan using k_6 on sbtest6  (cost=0.43..10.46 rows=101 width=4)
	  Index Cond: ((k >= 3227300) AND (k <= 3227400))

table 7 : explain SELECT k FROM sbtest7 WHERE k BETWEEN 3227300 AND 3227400
	Index Only Scan using k_7 on sbtest7  (cost=0.43..10.62 rows=109 width=4)
	  Index Cond: ((k >= 3227300) AND (k <= 3227400))

table 8 : explain SELECT k FROM sbtest8 WHERE k BETWEEN 3227300 AND 3227400
	Index Only Scan using k_8 on sbtest8  (cost=0.43..10.36 rows=96 width=4)
	  Index Cond: ((k >= 3227300) AND (k <= 3227400))

for range-covered
table 1 : explain SELECT k FROM sbtest1 WHERE k BETWEEN 3220071 AND 3220171
	Index Only Scan using k_1 on sbtest1  (cost=0.43..10.38 rows=97 width=4)
	  Index Cond: ((k >= 3220071) AND (k <= 3220171))

table 2 : explain SELECT k FROM sbtest2 WHERE k BETWEEN 3220071 AND 3220171
	Index Only Scan using k_2 on sbtest2  (cost=0.43..10.51 rows=104 width=4)
	  Index Cond: ((k >= 3220071) AND (k <= 3220171))

table 3 : explain SELECT k FROM sbtest3 WHERE k BETWEEN 3220071 AND 3220171
	Index Only Scan using k_3 on sbtest3  (cost=0.43..10.56 rows=106 width=4)
	  Index Cond: ((k >= 3220071) AND (k <= 3220171))

table 4 : explain SELECT k FROM sbtest4 WHERE k BETWEEN 3220071 AND 3220171
	Index Only Scan using k_4 on sbtest4  (cost=0.43..10.50 rows=103 width=4)
	  Index Cond: ((k >= 3220071) AND (k <= 3220171))

table 5 : explain SELECT k FROM sbtest5 WHERE k BETWEEN 3220071 AND 3220171
	Index Only Scan using k_5 on sbtest5  (cost=0.43..10.44 rows=100 width=4)
	  Index Cond: ((k >= 3220071) AND (k <= 3220171))

table 6 : explain SELECT k FROM sbtest6 WHERE k BETWEEN 3220071 AND 3220171
	Index Only Scan using k_6 on sbtest6  (cost=0.43..10.46 rows=101 width=4)
	  Index Cond: ((k >= 3220071) AND (k <= 3220171))

table 7 : explain SELECT k FROM sbtest7 WHERE k BETWEEN 3220071 AND 3220171
	Index Only Scan using k_7 on sbtest7  (cost=0.43..10.62 rows=109 width=4)
	  Index Cond: ((k >= 3220071) AND (k <= 3220171))

table 8 : explain SELECT k FROM sbtest8 WHERE k BETWEEN 3220071 AND 3220171
	Index Only Scan using k_8 on sbtest8  (cost=0.43..10.36 rows=96 width=4)
	  Index Cond: ((k >= 3220071) AND (k <= 3220171))

explain: for range-covered :: explain SELECT k FROM sbtest%d WHERE k BETWEEN 3227300 AND 3227400
explain: for range-covered :: explain SELECT k FROM sbtest%d WHERE k BETWEEN 3220071 AND 3220171
for range-covered
table 1 : explain SELECT k FROM sbtest1 WHERE k BETWEEN 5186438 AND 5186538
	Index Only Scan using k_1 on sbtest1  (cost=0.43..10.36 rows=96 width=4)
	  Index Cond: ((k >= 5186438) AND (k <= 5186538))

table 2 : explain SELECT k FROM sbtest2 WHERE k BETWEEN 5186438 AND 5186538
	Index Only Scan using k_2 on sbtest2  (cost=0.43..10.42 rows=99 width=4)
	  Index Cond: ((k >= 5186438) AND (k <= 5186538))

table 3 : explain SELECT k FROM sbtest3 WHERE k BETWEEN 5186438 AND 5186538
	Index Only Scan using k_3 on sbtest3  (cost=0.43..10.50 rows=103 width=4)
	  Index Cond: ((k >= 5186438) AND (k <= 5186538))

table 4 : explain SELECT k FROM sbtest4 WHERE k BETWEEN 5186438 AND 5186538
	Index Only Scan using k_4 on sbtest4  (cost=0.43..10.29 rows=93 width=4)
	  Index Cond: ((k >= 5186438) AND (k <= 5186538))

table 5 : explain SELECT k FROM sbtest5 WHERE k BETWEEN 5186438 AND 5186538
	Index Only Scan using k_5 on sbtest5  (cost=0.43..10.38 rows=97 width=4)
	  Index Cond: ((k >= 5186438) AND (k <= 5186538))

table 6 : explain SELECT k FROM sbtest6 WHERE k BETWEEN 5186438 AND 5186538
	Index Only Scan using k_6 on sbtest6  (cost=0.43..10.29 rows=93 width=4)
	  Index Cond: ((k >= 5186438) AND (k <= 5186538))

table 7 : explain SELECT k FROM sbtest7 WHERE k BETWEEN 5186438 AND 5186538
	Index Only Scan using k_7 on sbtest7  (cost=0.43..10.47 rows=102 width=4)
	  Index Cond: ((k >= 5186438) AND (k <= 5186538))

table 8 : explain SELECT k FROM sbtest8 WHERE k BETWEEN 5186438 AND 5186538
	Index Only Scan using k_8 on sbtest8  (cost=0.43..10.42 rows=99 width=4)
	  Index Cond: ((k >= 5186438) AND (k <= 5186538))

explain: for range-covered :: explain SELECT k FROM sbtest%d WHERE k BETWEEN 5186438 AND 5186538
for range-covered
table 1 : explain SELECT k FROM sbtest1 WHERE k BETWEEN 7037838 AND 7037938
	Index Only Scan using k_1 on sbtest1  (cost=0.43..10.51 rows=104 width=4)
	  Index Cond: ((k >= 7037838) AND (k <= 7037938))

table 2 : explain SELECT k FROM sbtest2 WHERE k BETWEEN 7037838 AND 7037938
	Index Only Scan using k_2 on sbtest2  (cost=0.43..10.40 rows=98 width=4)
	  Index Cond: ((k >= 7037838) AND (k <= 7037938))

table 3 : explain SELECT k FROM sbtest3 WHERE k BETWEEN 7037838 AND 7037938
	Index Only Scan using k_3 on sbtest3  (cost=0.43..10.40 rows=98 width=4)
	  Index Cond: ((k >= 7037838) AND (k <= 7037938))

table 4 : explain SELECT k FROM sbtest4 WHERE k BETWEEN 7037838 AND 7037938
	Index Only Scan using k_4 on sbtest4  (cost=0.43..10.50 rows=103 width=4)
	  Index Cond: ((k >= 7037838) AND (k <= 7037938))

table 5 : explain SELECT k FROM sbtest5 WHERE k BETWEEN 7037838 AND 7037938
	Index Only Scan using k_5 on sbtest5  (cost=0.43..10.60 rows=108 width=4)
	  Index Cond: ((k >= 7037838) AND (k <= 7037938))

table 6 : explain SELECT k FROM sbtest6 WHERE k BETWEEN 7037838 AND 7037938
	Index Only Scan using k_6 on sbtest6  (cost=0.43..10.40 rows=98 width=4)
	  Index Cond: ((k >= 7037838) AND (k <= 7037938))

table 7 : explain SELECT k FROM sbtest7 WHERE k BETWEEN 7037838 AND 7037938
	Index Only Scan using k_7 on sbtest7  (cost=0.43..10.60 rows=108 width=4)
	  Index Cond: ((k >= 7037838) AND (k <= 7037938))

table 8 : explain SELECT k FROM sbtest8 WHERE k BETWEEN 7037838 AND 7037938
	Index Only Scan using k_8 on sbtest8  (cost=0.43..10.46 rows=101 width=4)
	  Index Cond: ((k >= 7037838) AND (k <= 7037938))

for range-covered
table 1 : explain SELECT k FROM sbtest1 WHERE k BETWEEN 5031911 AND 5032011
	Index Only Scan using k_1 on sbtest1  (cost=0.43..10.58 rows=107 width=4)
	  Index Cond: ((k >= 5031911) AND (k <= 5032011))

table 2 : explain SELECT k FROM sbtest2 WHERE k BETWEEN 5031911 AND 5032011
	Index Only Scan using k_2 on sbtest2  (cost=0.43..10.44 rows=100 width=4)
	  Index Cond: ((k >= 5031911) AND (k <= 5032011))

table 3 : explain SELECT k FROM sbtest3 WHERE k BETWEEN 5031911 AND 5032011
	Index Only Scan using k_3 on sbtest3  (cost=0.43..10.38 rows=97 width=4)
	  Index Cond: ((k >= 5031911) AND (k <= 5032011))

table 4 : explain SELECT k FROM sbtest4 WHERE k BETWEEN 5031911 AND 5032011
	Index Only Scan using k_4 on sbtest4  (cost=0.43..10.29 rows=93 width=4)
	  Index Cond: ((k >= 5031911) AND (k <= 5032011))

table 5 : explain SELECT k FROM sbtest5 WHERE k BETWEEN 5031911 AND 5032011
	Index Only Scan using k_5 on sbtest5  (cost=0.43..10.62 rows=109 width=4)
	  Index Cond: ((k >= 5031911) AND (k <= 5032011))

table 6 : explain SELECT k FROM sbtest6 WHERE k BETWEEN 5031911 AND 5032011
	Index Only Scan using k_6 on sbtest6  (cost=0.43..10.50 rows=103 width=4)
	  Index Cond: ((k >= 5031911) AND (k <= 5032011))

table 7 : explain SELECT k FROM sbtest7 WHERE k BETWEEN 5031911 AND 5032011
	Index Only Scan using k_7 on sbtest7  (cost=0.43..10.60 rows=108 width=4)
	  Index Cond: ((k >= 5031911) AND (k <= 5032011))

table 8 : explain SELECT k FROM sbtest8 WHERE k BETWEEN 5031911 AND 5032011
	Index Only Scan using k_8 on sbtest8  (cost=0.43..10.44 rows=100 width=4)
	  Index Cond: ((k >= 5031911) AND (k <= 5032011))

for range-covered
table 1 : explain SELECT k FROM sbtest1 WHERE k BETWEEN 9034750 AND 9034850
	Index Only Scan using k_1 on sbtest1  (cost=0.43..10.44 rows=100 width=4)
	  Index Cond: ((k >= 9034750) AND (k <= 9034850))

table 2 : explain SELECT k FROM sbtest2 WHERE k BETWEEN 9034750 AND 9034850
	Index Only Scan using k_2 on sbtest2  (cost=0.43..10.42 rows=99 width=4)
	  Index Cond: ((k >= 9034750) AND (k <= 9034850))

table 3 : explain SELECT k FROM sbtest3 WHERE k BETWEEN 9034750 AND 9034850
	Index Only Scan using k_3 on sbtest3  (cost=0.43..10.68 rows=112 width=4)
	  Index Cond: ((k >= 9034750) AND (k <= 9034850))

table 4 : explain SELECT k FROM sbtest4 WHERE k BETWEEN 9034750 AND 9034850
	Index Only Scan using k_4 on sbtest4  (cost=0.43..10.29 rows=93 width=4)
	  Index Cond: ((k >= 9034750) AND (k <= 9034850))

table 5 : explain SELECT k FROM sbtest5 WHERE k BETWEEN 9034750 AND 9034850
	Index Only Scan using k_5 on sbtest5  (cost=0.43..10.44 rows=100 width=4)
	  Index Cond: ((k >= 9034750) AND (k <= 9034850))

table 6 : explain SELECT k FROM sbtest6 WHERE k BETWEEN 9034750 AND 9034850
	Index Only Scan using k_6 on sbtest6  (cost=0.43..10.46 rows=101 width=4)
	  Index Cond: ((k >= 9034750) AND (k <= 9034850))

table 7 : explain SELECT k FROM sbtest7 WHERE k BETWEEN 9034750 AND 9034850
	Index Only Scan using k_7 on sbtest7  (cost=0.43..10.46 rows=101 width=4)
	  Index Cond: ((k >= 9034750) AND (k <= 9034850))

table 8 : explain SELECT k FROM sbtest8 WHERE k BETWEEN 9034750 AND 9034850
	Index Only Scan using k_8 on sbtest8  (cost=0.43..10.44 rows=100 width=4)
	  Index Cond: ((k >= 9034750) AND (k <= 9034850))

for range-covered
table 1 : explain SELECT k FROM sbtest1 WHERE k BETWEEN 3227300 AND 3227400
	Index Only Scan using k_1 on sbtest1  (cost=0.43..10.38 rows=97 width=4)
	  Index Cond: ((k >= 3227300) AND (k <= 3227400))

table 2 : explain SELECT k FROM sbtest2 WHERE k BETWEEN 3227300 AND 3227400
	Index Only Scan using k_2 on sbtest2  (cost=0.43..10.51 rows=104 width=4)
	  Index Cond: ((k >= 3227300) AND (k <= 3227400))

table 3 : explain SELECT k FROM sbtest3 WHERE k BETWEEN 3227300 AND 3227400
	Index Only Scan using k_3 on sbtest3  (cost=0.43..10.56 rows=106 width=4)
	  Index Cond: ((k >= 3227300) AND (k <= 3227400))

table 4 : explain SELECT k FROM sbtest4 WHERE k BETWEEN 3227300 AND 3227400
	Index Only Scan using k_4 on sbtest4  (cost=0.43..10.50 rows=103 width=4)
	  Index Cond: ((k >= 3227300) AND (k <= 3227400))

table 5 : explain SELECT k FROM sbtest5 WHERE k BETWEEN 3227300 AND 3227400
	Index Only Scan using k_5 on sbtest5  (cost=0.43..10.44 rows=100 width=4)
	  Index Cond: ((k >= 3227300) AND (k <= 3227400))

table 6 : explain SELECT k FROM sbtest6 WHERE k BETWEEN 3227300 AND 3227400
	Index Only Scan using k_6 on sbtest6  (cost=0.43..10.46 rows=101 width=4)
	  Index Cond: ((k >= 3227300) AND (k <= 3227400))

table 7 : explain SELECT k FROM sbtest7 WHERE k BETWEEN 3227300 AND 3227400
	Index Only Scan using k_7 on sbtest7  (cost=0.43..10.62 rows=109 width=4)
	  Index Cond: ((k >= 3227300) AND (k <= 3227400))

table 8 : explain SELECT k FROM sbtest8 WHERE k BETWEEN 3227300 AND 3227400
	Index Only Scan using k_8 on sbtest8  (cost=0.43..10.36 rows=96 width=4)
	  Index Cond: ((k >= 3227300) AND (k <= 3227400))

for range-covered
table 1 : explain SELECT k FROM sbtest1 WHERE k BETWEEN 3220071 AND 3220171
	Index Only Scan using k_1 on sbtest1  (cost=0.43..10.38 rows=97 width=4)
	  Index Cond: ((k >= 3220071) AND (k <= 3220171))

table 2 : explain SELECT k FROM sbtest2 WHERE k BETWEEN 3220071 AND 3220171
	Index Only Scan using k_2 on sbtest2  (cost=0.43..10.51 rows=104 width=4)
	  Index Cond: ((k >= 3220071) AND (k <= 3220171))

table 3 : explain SELECT k FROM sbtest3 WHERE k BETWEEN 3220071 AND 3220171
	Index Only Scan using k_3 on sbtest3  (cost=0.43..10.56 rows=106 width=4)
	  Index Cond: ((k >= 3220071) AND (k <= 3220171))

table 4 : explain SELECT k FROM sbtest4 WHERE k BETWEEN 3220071 AND 3220171
	Index Only Scan using k_4 on sbtest4  (cost=0.43..10.50 rows=103 width=4)
	  Index Cond: ((k >= 3220071) AND (k <= 3220171))

table 5 : explain SELECT k FROM sbtest5 WHERE k BETWEEN 3220071 AND 3220171
	Index Only Scan using k_5 on sbtest5  (cost=0.43..10.44 rows=100 width=4)
	  Index Cond: ((k >= 3220071) AND (k <= 3220171))

table 6 : explain SELECT k FROM sbtest6 WHERE k BETWEEN 3220071 AND 3220171
	Index Only Scan using k_6 on sbtest6  (cost=0.43..10.46 rows=101 width=4)
	  Index Cond: ((k >= 3220071) AND (k <= 3220171))

table 7 : explain SELECT k FROM sbtest7 WHERE k BETWEEN 3220071 AND 3220171
	Index Only Scan using k_7 on sbtest7  (cost=0.43..10.62 rows=109 width=4)
	  Index Cond: ((k >= 3220071) AND (k <= 3220171))

table 8 : explain SELECT k FROM sbtest8 WHERE k BETWEEN 3220071 AND 3220171
	Index Only Scan using k_8 on sbtest8  (cost=0.43..10.36 rows=96 width=4)
	  Index Cond: ((k >= 3220071) AND (k <= 3220171))

explain: for range-covered :: explain SELECT k FROM sbtest%d WHERE k BETWEEN 3227300 AND 3227400
explain: for range-covered :: explain SELECT k FROM sbtest%d WHERE k BETWEEN 3220071 AND 3220171
explain: for range-covered :: explain SELECT k FROM sbtest%d WHERE k BETWEEN 4656753 AND 4656853
for range-covered
table 1 : explain SELECT k FROM sbtest1 WHERE k BETWEEN 5186438 AND 5186538
	Index Only Scan using k_1 on sbtest1  (cost=0.43..10.36 rows=96 width=4)
	  Index Cond: ((k >= 5186438) AND (k <= 5186538))

table 2 : explain SELECT k FROM sbtest2 WHERE k BETWEEN 5186438 AND 5186538
	Index Only Scan using k_2 on sbtest2  (cost=0.43..10.42 rows=99 width=4)
	  Index Cond: ((k >= 5186438) AND (k <= 5186538))

table 3 : explain SELECT k FROM sbtest3 WHERE k BETWEEN 5186438 AND 5186538
	Index Only Scan using k_3 on sbtest3  (cost=0.43..10.50 rows=103 width=4)
	  Index Cond: ((k >= 5186438) AND (k <= 5186538))

table 4 : explain SELECT k FROM sbtest4 WHERE k BETWEEN 5186438 AND 5186538
	Index Only Scan using k_4 on sbtest4  (cost=0.43..10.29 rows=93 width=4)
	  Index Cond: ((k >= 5186438) AND (k <= 5186538))

table 5 : explain SELECT k FROM sbtest5 WHERE k BETWEEN 5186438 AND 5186538
	Index Only Scan using k_5 on sbtest5  (cost=0.43..10.38 rows=97 width=4)
	  Index Cond: ((k >= 5186438) AND (k <= 5186538))

table 6 : explain SELECT k FROM sbtest6 WHERE k BETWEEN 5186438 AND 5186538
	Index Only Scan using k_6 on sbtest6  (cost=0.43..10.29 rows=93 width=4)
	  Index Cond: ((k >= 5186438) AND (k <= 5186538))

table 7 : explain SELECT k FROM sbtest7 WHERE k BETWEEN 5186438 AND 5186538
	Index Only Scan using k_7 on sbtest7  (cost=0.43..10.47 rows=102 width=4)
	  Index Cond: ((k >= 5186438) AND (k <= 5186538))

table 8 : explain SELECT k FROM sbtest8 WHERE k BETWEEN 5186438 AND 5186538
	Index Only Scan using k_8 on sbtest8  (cost=0.43..10.42 rows=99 width=4)
	  Index Cond: ((k >= 5186438) AND (k <= 5186538))

for range-covered
table 1 : explain SELECT k FROM sbtest1 WHERE k BETWEEN 2976783 AND 2976883
	Index Only Scan using k_1 on sbtest1  (cost=0.43..10.68 rows=112 width=4)
	  Index Cond: ((k >= 2976783) AND (k <= 2976883))

table 2 : explain SELECT k FROM sbtest2 WHERE k BETWEEN 2976783 AND 2976883
	Index Only Scan using k_2 on sbtest2  (cost=0.43..10.50 rows=103 width=4)
	  Index Cond: ((k >= 2976783) AND (k <= 2976883))

table 3 : explain SELECT k FROM sbtest3 WHERE k BETWEEN 2976783 AND 2976883
	Index Only Scan using k_3 on sbtest3  (cost=0.43..10.33 rows=95 width=4)
	  Index Cond: ((k >= 2976783) AND (k <= 2976883))

table 4 : explain SELECT k FROM sbtest4 WHERE k BETWEEN 2976783 AND 2976883
	Index Only Scan using k_4 on sbtest4  (cost=0.43..10.56 rows=106 width=4)
	  Index Cond: ((k >= 2976783) AND (k <= 2976883))

table 5 : explain SELECT k FROM sbtest5 WHERE k BETWEEN 2976783 AND 2976883
	Index Only Scan using k_5 on sbtest5  (cost=0.43..10.46 rows=101 width=4)
	  Index Cond: ((k >= 2976783) AND (k <= 2976883))

table 6 : explain SELECT k FROM sbtest6 WHERE k BETWEEN 2976783 AND 2976883
	Index Only Scan using k_6 on sbtest6  (cost=0.43..10.78 rows=117 width=4)
	  Index Cond: ((k >= 2976783) AND (k <= 2976883))

table 7 : explain SELECT k FROM sbtest7 WHERE k BETWEEN 2976783 AND 2976883
	Index Only Scan using k_7 on sbtest7  (cost=0.43..10.63 rows=110 width=4)
	  Index Cond: ((k >= 2976783) AND (k <= 2976883))

table 8 : explain SELECT k FROM sbtest8 WHERE k BETWEEN 2976783 AND 2976883
	Index Only Scan using k_8 on sbtest8  (cost=0.43..10.51 rows=104 width=4)
	  Index Cond: ((k >= 2976783) AND (k <= 2976883))

explain: for range-covered :: explain SELECT k FROM sbtest%d WHERE k BETWEEN 2976783 AND 2976883
for range-covered
table 1 : explain SELECT k FROM sbtest1 WHERE k BETWEEN 3079812 AND 3079912
	Index Only Scan using k_1 on sbtest1  (cost=0.43..10.62 rows=109 width=4)
	  Index Cond: ((k >= 3079812) AND (k <= 3079912))

table 2 : explain SELECT k FROM sbtest2 WHERE k BETWEEN 3079812 AND 3079912
	Index Only Scan using k_2 on sbtest2  (cost=0.43..10.56 rows=106 width=4)
	  Index Cond: ((k >= 3079812) AND (k <= 3079912))

table 3 : explain SELECT k FROM sbtest3 WHERE k BETWEEN 3079812 AND 3079912
	Index Only Scan using k_3 on sbtest3  (cost=0.43..10.65 rows=111 width=4)
	  Index Cond: ((k >= 3079812) AND (k <= 3079912))

table 4 : explain SELECT k FROM sbtest4 WHERE k BETWEEN 3079812 AND 3079912
	Index Only Scan using k_4 on sbtest4  (cost=0.43..10.60 rows=108 width=4)
	  Index Cond: ((k >= 3079812) AND (k <= 3079912))

table 5 : explain SELECT k FROM sbtest5 WHERE k BETWEEN 3079812 AND 3079912
	Index Only Scan using k_5 on sbtest5  (cost=0.43..10.51 rows=104 width=4)
	  Index Cond: ((k >= 3079812) AND (k <= 3079912))

table 6 : explain SELECT k FROM sbtest6 WHERE k BETWEEN 3079812 AND 3079912
	Index Only Scan using k_6 on sbtest6  (cost=0.43..10.68 rows=112 width=4)
	  Index Cond: ((k >= 3079812) AND (k <= 3079912))

table 7 : explain SELECT k FROM sbtest7 WHERE k BETWEEN 3079812 AND 3079912
	Index Only Scan using k_7 on sbtest7  (cost=0.43..10.50 rows=103 width=4)
	  Index Cond: ((k >= 3079812) AND (k <= 3079912))

table 8 : explain SELECT k FROM sbtest8 WHERE k BETWEEN 3079812 AND 3079912
	Index Only Scan using k_8 on sbtest8  (cost=0.43..10.50 rows=103 width=4)
	  Index Cond: ((k >= 3079812) AND (k <= 3079912))

for range-covered
table 1 : explain SELECT k FROM sbtest1 WHERE k BETWEEN 3227300 AND 3227400
	Index Only Scan using k_1 on sbtest1  (cost=0.43..10.38 rows=97 width=4)
	  Index Cond: ((k >= 3227300) AND (k <= 3227400))

table 2 : explain SELECT k FROM sbtest2 WHERE k BETWEEN 3227300 AND 3227400
	Index Only Scan using k_2 on sbtest2  (cost=0.43..10.51 rows=104 width=4)
	  Index Cond: ((k >= 3227300) AND (k <= 3227400))

table 3 : explain SELECT k FROM sbtest3 WHERE k BETWEEN 3227300 AND 3227400
	Index Only Scan using k_3 on sbtest3  (cost=0.43..10.56 rows=106 width=4)
	  Index Cond: ((k >= 3227300) AND (k <= 3227400))

table 4 : explain SELECT k FROM sbtest4 WHERE k BETWEEN 3227300 AND 3227400
	Index Only Scan using k_4 on sbtest4  (cost=0.43..10.50 rows=103 width=4)
	  Index Cond: ((k >= 3227300) AND (k <= 3227400))

table 5 : explain SELECT k FROM sbtest5 WHERE k BETWEEN 3227300 AND 3227400
	Index Only Scan using k_5 on sbtest5  (cost=0.43..10.44 rows=100 width=4)
	  Index Cond: ((k >= 3227300) AND (k <= 3227400))

table 6 : explain SELECT k FROM sbtest6 WHERE k BETWEEN 3227300 AND 3227400
	Index Only Scan using k_6 on sbtest6  (cost=0.43..10.46 rows=101 width=4)
	  Index Cond: ((k >= 3227300) AND (k <= 3227400))

table 7 : explain SELECT k FROM sbtest7 WHERE k BETWEEN 3227300 AND 3227400
	Index Only Scan using k_7 on sbtest7  (cost=0.43..10.62 rows=109 width=4)
	  Index Cond: ((k >= 3227300) AND (k <= 3227400))

table 8 : explain SELECT k FROM sbtest8 WHERE k BETWEEN 3227300 AND 3227400
	Index Only Scan using k_8 on sbtest8  (cost=0.43..10.36 rows=96 width=4)
	  Index Cond: ((k >= 3227300) AND (k <= 3227400))

explain: for range-covered :: explain SELECT k FROM sbtest%d WHERE k BETWEEN 3079812 AND 3079912
explain: for range-covered :: explain SELECT k FROM sbtest%d WHERE k BETWEEN 3227300 AND 3227400for range-covered
table 1 : explain SELECT k FROM sbtest1 WHERE k BETWEEN 3220071 AND 3220171
	Index Only Scan using k_1 on sbtest1  (cost=0.43..10.38 rows=97 width=4)
	  Index Cond: ((k >= 3220071) AND (k <= 3220171))

table 2 : explain SELECT k FROM sbtest2 WHERE k BETWEEN 3220071 AND 3220171
	Index Only Scan using k_2 on sbtest2  (cost=0.43..10.51 rows=104 width=4)
	  Index Cond: ((k >= 3220071) AND (k <= 3220171))

table 3 : explain SELECT k FROM sbtest3 WHERE k BETWEEN 3220071 AND 3220171
	Index Only Scan using k_3 on sbtest3  (cost=0.43..10.56 rows=106 width=4)
	  Index Cond: ((k >= 3220071) AND (k <= 3220171))

table 4 : explain SELECT k FROM sbtest4 WHERE k BETWEEN 3220071 AND 3220171
	Index Only Scan using k_4 on sbtest4  (cost=0.43..10.50 rows=103 width=4)
	  Index Cond: ((k >= 3220071) AND (k <= 3220171))

table 5 : explain SELECT k FROM sbtest5 WHERE k BETWEEN 3220071 AND 3220171
	Index Only Scan using k_5 on sbtest5  (cost=0.43..10.44 rows=100 width=4)
	  Index Cond: ((k >= 3220071) AND (k <= 3220171))

table 6 : explain SELECT k FROM sbtest6 WHERE k BETWEEN 3220071 AND 3220171
	Index Only Scan using k_6 on sbtest6  (cost=0.43..10.46 rows=101 width=4)
	  Index Cond: ((k >= 3220071) AND (k <= 3220171))

table 7 : explain SELECT k FROM sbtest7 WHERE k BETWEEN 3220071 AND 3220171
	Index Only Scan using k_7 on sbtest7  (cost=0.43..10.62 rows=109 width=4)
	  Index Cond: ((k >= 3220071) AND (k <= 3220171))

table 8 : explain SELECT k FROM sbtest8 WHERE k BETWEEN 3220071 AND 3220171
	Index Only Scan using k_8 on sbtest8  (cost=0.43..10.36 rows=96 width=4)
	  Index Cond: ((k >= 3220071) AND (k <= 3220171))


explain: for range-covered :: explain SELECT k FROM sbtest%d WHERE k BETWEEN 3220071 AND 3220171
for range-covered
table 1 : explain SELECT k FROM sbtest1 WHERE k BETWEEN 2976783 AND 2976883
	Index Only Scan using k_1 on sbtest1  (cost=0.43..10.68 rows=112 width=4)
	  Index Cond: ((k >= 2976783) AND (k <= 2976883))

table 2 : explain SELECT k FROM sbtest2 WHERE k BETWEEN 2976783 AND 2976883
	Index Only Scan using k_2 on sbtest2  (cost=0.43..10.50 rows=103 width=4)
	  Index Cond: ((k >= 2976783) AND (k <= 2976883))

table 3 : explain SELECT k FROM sbtest3 WHERE k BETWEEN 2976783 AND 2976883
	Index Only Scan using k_3 on sbtest3  (cost=0.43..10.33 rows=95 width=4)
	  Index Cond: ((k >= 2976783) AND (k <= 2976883))

table 4 : explain SELECT k FROM sbtest4 WHERE k BETWEEN 2976783 AND 2976883
	Index Only Scan using k_4 on sbtest4  (cost=0.43..10.56 rows=106 width=4)
	  Index Cond: ((k >= 2976783) AND (k <= 2976883))

table 5 : explain SELECT k FROM sbtest5 WHERE k BETWEEN 2976783 AND 2976883
	Index Only Scan using k_5 on sbtest5  (cost=0.43..10.46 rows=101 width=4)
	  Index Cond: ((k >= 2976783) AND (k <= 2976883))

table 6 : explain SELECT k FROM sbtest6 WHERE k BETWEEN 2976783 AND 2976883
	Index Only Scan using k_6 on sbtest6  (cost=0.43..10.78 rows=117 width=4)
	  Index Cond: ((k >= 2976783) AND (k <= 2976883))

table 7 : explain SELECT k FROM sbtest7 WHERE k BETWEEN 2976783 AND 2976883
	Index Only Scan using k_7 on sbtest7  (cost=0.43..10.63 rows=110 width=4)
	  Index Cond: ((k >= 2976783) AND (k <= 2976883))

table 8 : explain SELECT k FROM sbtest8 WHERE k BETWEEN 2976783 AND 2976883
	Index Only Scan using k_8 on sbtest8  (cost=0.43..10.51 rows=104 width=4)
	  Index Cond: ((k >= 2976783) AND (k <= 2976883))

for range-covered
table 1 : explain SELECT k FROM sbtest1 WHERE k BETWEEN 5908128 AND 5908228
	Index Only Scan using k_1 on sbtest1  (cost=0.43..10.60 rows=108 width=4)
	  Index Cond: ((k >= 5908128) AND (k <= 5908228))

table 2 : explain SELECT k FROM sbtest2 WHERE k BETWEEN 5908128 AND 5908228
	Index Only Scan using k_2 on sbtest2  (cost=0.43..10.46 rows=101 width=4)
	  Index Cond: ((k >= 5908128) AND (k <= 5908228))

table 3 : explain SELECT k FROM sbtest3 WHERE k BETWEEN 5908128 AND 5908228
	Index Only Scan using k_3 on sbtest3  (cost=0.43..10.44 rows=100 width=4)
	  Index Cond: ((k >= 5908128) AND (k <= 5908228))

table 4 : explain SELECT k FROM sbtest4 WHERE k BETWEEN 5908128 AND 5908228
	Index Only Scan using k_4 on sbtest4  (cost=0.43..10.70 rows=113 width=4)
	  Index Cond: ((k >= 5908128) AND (k <= 5908228))

table 5 : explain SELECT k FROM sbtest5 WHERE k BETWEEN 5908128 AND 5908228
	Index Only Scan using k_5 on sbtest5  (cost=0.43..10.33 rows=95 width=4)
	  Index Cond: ((k >= 5908128) AND (k <= 5908228))

table 6 : explain SELECT k FROM sbtest6 WHERE k BETWEEN 5908128 AND 5908228
	Index Only Scan using k_6 on sbtest6  (cost=0.43..10.29 rows=93 width=4)
	  Index Cond: ((k >= 5908128) AND (k <= 5908228))

table 7 : explain SELECT k FROM sbtest7 WHERE k BETWEEN 5908128 AND 5908228
	Index Only Scan using k_7 on sbtest7  (cost=0.43..10.38 rows=97 width=4)
	  Index Cond: ((k >= 5908128) AND (k <= 5908228))

table 8 : explain SELECT k FROM sbtest8 WHERE k BETWEEN 5908128 AND 5908228
	Index Only Scan using k_8 on sbtest8  (cost=0.43..10.38 rows=97 width=4)
	  Index Cond: ((k >= 5908128) AND (k <= 5908228))

explain: for range-covered :: explain SELECT k FROM sbtest%d WHERE k BETWEEN 2976783 AND 2976883
explain: for range-covered :: explain SELECT k FROM sbtest%d WHERE k BETWEEN 5908128 AND 5908228
for range-covered
table 1 : explain SELECT k FROM sbtest1 WHERE k BETWEEN 6383390 AND 6383490
	Index Only Scan using k_1 on sbtest1  (cost=0.43..10.42 rows=99 width=4)
	  Index Cond: ((k >= 6383390) AND (k <= 6383490))

table 2 : explain SELECT k FROM sbtest2 WHERE k BETWEEN 6383390 AND 6383490
	Index Only Scan using k_2 on sbtest2  (cost=0.43..10.42 rows=99 width=4)
	  Index Cond: ((k >= 6383390) AND (k <= 6383490))

table 3 : explain SELECT k FROM sbtest3 WHERE k BETWEEN 6383390 AND 6383490
	Index Only Scan using k_3 on sbtest3  (cost=0.43..10.42 rows=99 width=4)
	  Index Cond: ((k >= 6383390) AND (k <= 6383490))

table 4 : explain SELECT k FROM sbtest4 WHERE k BETWEEN 6383390 AND 6383490
	Index Only Scan using k_4 on sbtest4  (cost=0.43..10.42 rows=99 width=4)
	  Index Cond: ((k >= 6383390) AND (k <= 6383490))

table 5 : explain SELECT k FROM sbtest5 WHERE k BETWEEN 6383390 AND 6383490
	Index Only Scan using k_5 on sbtest5  (cost=0.43..10.47 rows=102 width=4)
	  Index Cond: ((k >= 6383390) AND (k <= 6383490))

table 6 : explain SELECT k FROM sbtest6 WHERE k BETWEEN 6383390 AND 6383490
	Index Only Scan using k_6 on sbtest6  (cost=0.43..10.65 rows=111 width=4)
	  Index Cond: ((k >= 6383390) AND (k <= 6383490))

table 7 : explain SELECT k FROM sbtest7 WHERE k BETWEEN 6383390 AND 6383490
	Index Only Scan using k_7 on sbtest7  (cost=0.43..10.56 rows=106 width=4)
	  Index Cond: ((k >= 6383390) AND (k <= 6383490))

table 8 : explain SELECT k FROM sbtest8 WHERE k BETWEEN 6383390 AND 6383490
	Index Only Scan using k_8 on sbtest8  (cost=0.43..10.51 rows=104 width=4)
	  Index Cond: ((k >= 6383390) AND (k <= 6383490))

explain: for range-covered :: explain SELECT k FROM sbtest%d WHERE k BETWEEN 6383390 AND 6383490
for range-covered
table 1 : explain SELECT k FROM sbtest1 WHERE k BETWEEN 3079812 AND 3079912
	Index Only Scan using k_1 on sbtest1  (cost=0.43..10.62 rows=109 width=4)
	  Index Cond: ((k >= 3079812) AND (k <= 3079912))

table 2 : explain SELECT k FROM sbtest2 WHERE k BETWEEN 3079812 AND 3079912
	Index Only Scan using k_2 on sbtest2  (cost=0.43..10.56 rows=106 width=4)
	  Index Cond: ((k >= 3079812) AND (k <= 3079912))

table 3 : explain SELECT k FROM sbtest3 WHERE k BETWEEN 3079812 AND 3079912
	Index Only Scan using k_3 on sbtest3  (cost=0.43..10.65 rows=111 width=4)
	  Index Cond: ((k >= 3079812) AND (k <= 3079912))

table 4 : explain SELECT k FROM sbtest4 WHERE k BETWEEN 3079812 AND 3079912
	Index Only Scan using k_4 on sbtest4  (cost=0.43..10.60 rows=108 width=4)
	  Index Cond: ((k >= 3079812) AND (k <= 3079912))

table 5 : explain SELECT k FROM sbtest5 WHERE k BETWEEN 3079812 AND 3079912
	Index Only Scan using k_5 on sbtest5  (cost=0.43..10.51 rows=104 width=4)
	  Index Cond: ((k >= 3079812) AND (k <= 3079912))

table 6 : explain SELECT k FROM sbtest6 WHERE k BETWEEN 3079812 AND 3079912
	Index Only Scan using k_6 on sbtest6  (cost=0.43..10.68 rows=112 width=4)
	  Index Cond: ((k >= 3079812) AND (k <= 3079912))

table 7 : explain SELECT k FROM sbtest7 WHERE k BETWEEN 3079812 AND 3079912
	Index Only Scan using k_7 on sbtest7  (cost=0.43..10.50 rows=103 width=4)
	  Index Cond: ((k >= 3079812) AND (k <= 3079912))

table 8 : explain SELECT k FROM sbtest8 WHERE k BETWEEN 3079812 AND 3079912
	Index Only Scan using k_8 on sbtest8  (cost=0.43..10.50 rows=103 width=4)
	  Index Cond: ((k >= 3079812) AND (k <= 3079912))

for range-covered
table 1 : explain SELECT k FROM sbtest1 WHERE k BETWEEN 3227300 AND 3227400
	Index Only Scan using k_1 on sbtest1  (cost=0.43..10.38 rows=97 width=4)
	  Index Cond: ((k >= 3227300) AND (k <= 3227400))

table 2 : explain SELECT k FROM sbtest2 WHERE k BETWEEN 3227300 AND 3227400
	Index Only Scan using k_2 on sbtest2  (cost=0.43..10.51 rows=104 width=4)
	  Index Cond: ((k >= 3227300) AND (k <= 3227400))

table 3 : explain SELECT k FROM sbtest3 WHERE k BETWEEN 3227300 AND 3227400
	Index Only Scan using k_3 on sbtest3  (cost=0.43..10.56 rows=106 width=4)
	  Index Cond: ((k >= 3227300) AND (k <= 3227400))

table 4 : explain SELECT k FROM sbtest4 WHERE k BETWEEN 3227300 AND 3227400
	Index Only Scan using k_4 on sbtest4  (cost=0.43..10.50 rows=103 width=4)
	  Index Cond: ((k >= 3227300) AND (k <= 3227400))

table 5 : explain SELECT k FROM sbtest5 WHERE k BETWEEN 3227300 AND 3227400
	Index Only Scan using k_5 on sbtest5  (cost=0.43..10.44 rows=100 width=4)
	  Index Cond: ((k >= 3227300) AND (k <= 3227400))

table 6 : explain SELECT k FROM sbtest6 WHERE k BETWEEN 3227300 AND 3227400
	Index Only Scan using k_6 on sbtest6  (cost=0.43..10.46 rows=101 width=4)
	  Index Cond: ((k >= 3227300) AND (k <= 3227400))

table 7 : explain SELECT k FROM sbtest7 WHERE k BETWEEN 3227300 AND 3227400
	Index Only Scan using k_7 on sbtest7  (cost=0.43..10.62 rows=109 width=4)
	  Index Cond: ((k >= 3227300) AND (k <= 3227400))

table 8 : explain SELECT k FROM sbtest8 WHERE k BETWEEN 3227300 AND 3227400
	Index Only Scan using k_8 on sbtest8  (cost=0.43..10.36 rows=96 width=4)
	  Index Cond: ((k >= 3227300) AND (k <= 3227400))

for range-covered
table 1 : explain SELECT k FROM sbtest1 WHERE k BETWEEN 3220071 AND 3220171
	Index Only Scan using k_1 on sbtest1  (cost=0.43..10.38 rows=97 width=4)
	  Index Cond: ((k >= 3220071) AND (k <= 3220171))

table 2 : explain SELECT k FROM sbtest2 WHERE k BETWEEN 3220071 AND 3220171
	Index Only Scan using k_2 on sbtest2  (cost=0.43..10.51 rows=104 width=4)
	  Index Cond: ((k >= 3220071) AND (k <= 3220171))

table 3 : explain SELECT k FROM sbtest3 WHERE k BETWEEN 3220071 AND 3220171
	Index Only Scan using k_3 on sbtest3  (cost=0.43..10.56 rows=106 width=4)
	  Index Cond: ((k >= 3220071) AND (k <= 3220171))

table 4 : explain SELECT k FROM sbtest4 WHERE k BETWEEN 3220071 AND 3220171
	Index Only Scan using k_4 on sbtest4  (cost=0.43..10.50 rows=103 width=4)
	  Index Cond: ((k >= 3220071) AND (k <= 3220171))

table 5 : explain SELECT k FROM sbtest5 WHERE k BETWEEN 3220071 AND 3220171
	Index Only Scan using k_5 on sbtest5  (cost=0.43..10.44 rows=100 width=4)
	  Index Cond: ((k >= 3220071) AND (k <= 3220171))

table 6 : explain SELECT k FROM sbtest6 WHERE k BETWEEN 3220071 AND 3220171
	Index Only Scan using k_6 on sbtest6  (cost=0.43..10.46 rows=101 width=4)
	  Index Cond: ((k >= 3220071) AND (k <= 3220171))

table 7 : explain SELECT k FROM sbtest7 WHERE k BETWEEN 3220071 AND 3220171
	Index Only Scan using k_7 on sbtest7  (cost=0.43..10.62 rows=109 width=4)
	  Index Cond: ((k >= 3220071) AND (k <= 3220171))

table 8 : explain SELECT k FROM sbtest8 WHERE k BETWEEN 3220071 AND 3220171
	Index Only Scan using k_8 on sbtest8  (cost=0.43..10.36 rows=96 width=4)
	  Index Cond: ((k >= 3220071) AND (k <= 3220171))

explain: for range-covered :: explain SELECT k FROM sbtest%d WHERE k BETWEEN 3079812 AND 3079912
explain: for range-covered :: explain SELECT k FROM sbtest%d WHERE k BETWEEN 3227300 AND 3227400
explain: for range-covered :: explain SELECT k FROM sbtest%d WHERE k BETWEEN 3220071 AND 3220171
for range-covered
table 1 : explain SELECT k FROM sbtest1 WHERE k BETWEEN 2976783 AND 2976883
	Index Only Scan using k_1 on sbtest1  (cost=0.43..10.68 rows=112 width=4)
	  Index Cond: ((k >= 2976783) AND (k <= 2976883))

table 2 : explain SELECT k FROM sbtest2 WHERE k BETWEEN 2976783 AND 2976883
	Index Only Scan using k_2 on sbtest2  (cost=0.43..10.50 rows=103 width=4)
	  Index Cond: ((k >= 2976783) AND (k <= 2976883))

table 3 : explain SELECT k FROM sbtest3 WHERE k BETWEEN 2976783 AND 2976883
	Index Only Scan using k_3 on sbtest3  (cost=0.43..10.33 rows=95 width=4)
	  Index Cond: ((k >= 2976783) AND (k <= 2976883))

table 4 : explain SELECT k FROM sbtest4 WHERE k BETWEEN 2976783 AND 2976883
	Index Only Scan using k_4 on sbtest4  (cost=0.43..10.56 rows=106 width=4)
	  Index Cond: ((k >= 2976783) AND (k <= 2976883))

table 5 : explain SELECT k FROM sbtest5 WHERE k BETWEEN 2976783 AND 2976883
	Index Only Scan using k_5 on sbtest5  (cost=0.43..10.46 rows=101 width=4)
	  Index Cond: ((k >= 2976783) AND (k <= 2976883))

table 6 : explain SELECT k FROM sbtest6 WHERE k BETWEEN 2976783 AND 2976883
	Index Only Scan using k_6 on sbtest6  (cost=0.43..10.78 rows=117 width=4)
	  Index Cond: ((k >= 2976783) AND (k <= 2976883))

table 7 : explain SELECT k FROM sbtest7 WHERE k BETWEEN 2976783 AND 2976883
	Index Only Scan using k_7 on sbtest7  (cost=0.43..10.63 rows=110 width=4)
	  Index Cond: ((k >= 2976783) AND (k <= 2976883))

table 8 : explain SELECT k FROM sbtest8 WHERE k BETWEEN 2976783 AND 2976883
	Index Only Scan using k_8 on sbtest8  (cost=0.43..10.51 rows=104 width=4)
	  Index Cond: ((k >= 2976783) AND (k <= 2976883))

explain: for range-covered :: explain SELECT k FROM sbtest%d WHERE k BETWEEN 2976783 AND 2976883
for range-covered
table 1 : explain SELECT k FROM sbtest1 WHERE k BETWEEN 5908128 AND 5908228
	Index Only Scan using k_1 on sbtest1  (cost=0.43..10.60 rows=108 width=4)
	  Index Cond: ((k >= 5908128) AND (k <= 5908228))

table 2 : explain SELECT k FROM sbtest2 WHERE k BETWEEN 5908128 AND 5908228
	Index Only Scan using k_2 on sbtest2  (cost=0.43..10.46 rows=101 width=4)
	  Index Cond: ((k >= 5908128) AND (k <= 5908228))

table 3 : explain SELECT k FROM sbtest3 WHERE k BETWEEN 5908128 AND 5908228
	Index Only Scan using k_3 on sbtest3  (cost=0.43..10.44 rows=100 width=4)
	  Index Cond: ((k >= 5908128) AND (k <= 5908228))

table 4 : explain SELECT k FROM sbtest4 WHERE k BETWEEN 5908128 AND 5908228
	Index Only Scan using k_4 on sbtest4  (cost=0.43..10.70 rows=113 width=4)
	  Index Cond: ((k >= 5908128) AND (k <= 5908228))

table 5 : explain SELECT k FROM sbtest5 WHERE k BETWEEN 5908128 AND 5908228
	Index Only Scan using k_5 on sbtest5  (cost=0.43..10.33 rows=95 width=4)
	  Index Cond: ((k >= 5908128) AND (k <= 5908228))

table 6 : explain SELECT k FROM sbtest6 WHERE k BETWEEN 5908128 AND 5908228
	Index Only Scan using k_6 on sbtest6  (cost=0.43..10.29 rows=93 width=4)
	  Index Cond: ((k >= 5908128) AND (k <= 5908228))

table 7 : explain SELECT k FROM sbtest7 WHERE k BETWEEN 5908128 AND 5908228
	Index Only Scan using k_7 on sbtest7  (cost=0.43..10.38 rows=97 width=4)
	  Index Cond: ((k >= 5908128) AND (k <= 5908228))

table 8 : explain SELECT k FROM sbtest8 WHERE k BETWEEN 5908128 AND 5908228
	Index Only Scan using k_8 on sbtest8  (cost=0.43..10.38 rows=97 width=4)
	  Index Cond: ((k >= 5908128) AND (k <= 5908228))

explain: for range-covered :: explain SELECT k FROM sbtest%d WHERE k BETWEEN 5908128 AND 5908228
for range-covered
table 1 : explain SELECT k FROM sbtest1 WHERE k BETWEEN 6383390 AND 6383490
	Index Only Scan using k_1 on sbtest1  (cost=0.43..10.42 rows=99 width=4)
	  Index Cond: ((k >= 6383390) AND (k <= 6383490))

table 2 : explain SELECT k FROM sbtest2 WHERE k BETWEEN 6383390 AND 6383490
	Index Only Scan using k_2 on sbtest2  (cost=0.43..10.42 rows=99 width=4)
	  Index Cond: ((k >= 6383390) AND (k <= 6383490))

table 3 : explain SELECT k FROM sbtest3 WHERE k BETWEEN 6383390 AND 6383490
	Index Only Scan using k_3 on sbtest3  (cost=0.43..10.42 rows=99 width=4)
	  Index Cond: ((k >= 6383390) AND (k <= 6383490))

table 4 : explain SELECT k FROM sbtest4 WHERE k BETWEEN 6383390 AND 6383490
	Index Only Scan using k_4 on sbtest4  (cost=0.43..10.42 rows=99 width=4)
	  Index Cond: ((k >= 6383390) AND (k <= 6383490))

table 5 : explain SELECT k FROM sbtest5 WHERE k BETWEEN 6383390 AND 6383490
	Index Only Scan using k_5 on sbtest5  (cost=0.43..10.47 rows=102 width=4)
	  Index Cond: ((k >= 6383390) AND (k <= 6383490))

table 6 : explain SELECT k FROM sbtest6 WHERE k BETWEEN 6383390 AND 6383490
	Index Only Scan using k_6 on sbtest6  (cost=0.43..10.65 rows=111 width=4)
	  Index Cond: ((k >= 6383390) AND (k <= 6383490))

table 7 : explain SELECT k FROM sbtest7 WHERE k BETWEEN 6383390 AND 6383490
	Index Only Scan using k_7 on sbtest7  (cost=0.43..10.56 rows=106 width=4)
	  Index Cond: ((k >= 6383390) AND (k <= 6383490))

table 8 : explain SELECT k FROM sbtest8 WHERE k BETWEEN 6383390 AND 6383490
	Index Only Scan using k_8 on sbtest8  (cost=0.43..10.51 rows=104 width=4)
	  Index Cond: ((k >= 6383390) AND (k <= 6383490))

for range-covered
table 1 : explain SELECT k FROM sbtest1 WHERE k BETWEEN 3227300 AND 3227400
	Index Only Scan using k_1 on sbtest1  (cost=0.43..10.38 rows=97 width=4)
	  Index Cond: ((k >= 3227300) AND (k <= 3227400))

table 2 : explain SELECT k FROM sbtest2 WHERE k BETWEEN 3227300 AND 3227400
	Index Only Scan using k_2 on sbtest2  (cost=0.43..10.51 rows=104 width=4)
	  Index Cond: ((k >= 3227300) AND (k <= 3227400))

table 3 : explain SELECT k FROM sbtest3 WHERE k BETWEEN 3227300 AND 3227400
	Index Only Scan using k_3 on sbtest3  (cost=0.43..10.56 rows=106 width=4)
	  Index Cond: ((k >= 3227300) AND (k <= 3227400))

table 4 : explain SELECT k FROM sbtest4 WHERE k BETWEEN 3227300 AND 3227400
	Index Only Scan using k_4 on sbtest4  (cost=0.43..10.50 rows=103 width=4)
	  Index Cond: ((k >= 3227300) AND (k <= 3227400))

table 5 : explain SELECT k FROM sbtest5 WHERE k BETWEEN 3227300 AND 3227400
	Index Only Scan using k_5 on sbtest5  (cost=0.43..10.44 rows=100 width=4)
	  Index Cond: ((k >= 3227300) AND (k <= 3227400))

table 6 : explain SELECT k FROM sbtest6 WHERE k BETWEEN 3227300 AND 3227400
	Index Only Scan using k_6 on sbtest6  (cost=0.43..10.46 rows=101 width=4)
	  Index Cond: ((k >= 3227300) AND (k <= 3227400))

table 7 : explain SELECT k FROM sbtest7 WHERE k BETWEEN 3227300 AND 3227400
	Index Only Scan using k_7 on sbtest7  (cost=0.43..10.62 rows=109 width=4)
	  Index Cond: ((k >= 3227300) AND (k <= 3227400))

table 8 : explain SELECT k FROM sbtest8 WHERE k BETWEEN 3227300 AND 3227400
	Index Only Scan using k_8 on sbtest8  (cost=0.43..10.36 rows=96 width=4)
	  Index Cond: ((k >= 3227300) AND (k <= 3227400))

for range-covered
table 1 : explain SELECT k FROM sbtest1 WHERE k BETWEEN 3220071 AND 3220171
	Index Only Scan using k_1 on sbtest1  (cost=0.43..10.38 rows=97 width=4)
	  Index Cond: ((k >= 3220071) AND (k <= 3220171))

table 2 : explain SELECT k FROM sbtest2 WHERE k BETWEEN 3220071 AND 3220171
	Index Only Scan using k_2 on sbtest2  (cost=0.43..10.51 rows=104 width=4)
	  Index Cond: ((k >= 3220071) AND (k <= 3220171))

table 3 : explain SELECT k FROM sbtest3 WHERE k BETWEEN 3220071 AND 3220171
	Index Only Scan using k_3 on sbtest3  (cost=0.43..10.56 rows=106 width=4)
	  Index Cond: ((k >= 3220071) AND (k <= 3220171))

table 4 : explain SELECT k FROM sbtest4 WHERE k BETWEEN 3220071 AND 3220171
	Index Only Scan using k_4 on sbtest4  (cost=0.43..10.50 rows=103 width=4)
	  Index Cond: ((k >= 3220071) AND (k <= 3220171))

table 5 : explain SELECT k FROM sbtest5 WHERE k BETWEEN 3220071 AND 3220171
	Index Only Scan using k_5 on sbtest5  (cost=0.43..10.44 rows=100 width=4)
	  Index Cond: ((k >= 3220071) AND (k <= 3220171))

table 6 : explain SELECT k FROM sbtest6 WHERE k BETWEEN 3220071 AND 3220171
	Index Only Scan using k_6 on sbtest6  (cost=0.43..10.46 rows=101 width=4)
	  Index Cond: ((k >= 3220071) AND (k <= 3220171))

table 7 : explain SELECT k FROM sbtest7 WHERE k BETWEEN 3220071 AND 3220171
	Index Only Scan using k_7 on sbtest7  (cost=0.43..10.62 rows=109 width=4)
	  Index Cond: ((k >= 3220071) AND (k <= 3220171))

table 8 : explain SELECT k FROM sbtest8 WHERE k BETWEEN 3220071 AND 3220171
	Index Only Scan using k_8 on sbtest8  (cost=0.43..10.36 rows=96 width=4)
	  Index Cond: ((k >= 3220071) AND (k <= 3220171))

explain: for range-covered :: explain SELECT k FROM sbtest%d WHERE k BETWEEN 6383390 AND 6383490
explain: for range-covered :: explain SELECT k FROM sbtest%d WHERE k BETWEEN 3227300 AND 3227400
for range-covered
table 1 : explain SELECT k FROM sbtest1 WHERE k BETWEEN 3079812 AND 3079912
	Index Only Scan using k_1 on sbtest1  (cost=0.43..10.62 rows=109 width=4)
	  Index Cond: ((k >= 3079812) AND (k <= 3079912))

table 2 : explain SELECT k FROM sbtest2 WHERE k BETWEEN 3079812 AND 3079912
	Index Only Scan using k_2 on sbtest2  (cost=0.43..10.56 rows=106 width=4)
	  Index Cond: ((k >= 3079812) AND (k <= 3079912))

table 3 : explain SELECT k FROM sbtest3 WHERE k BETWEEN 3079812 AND 3079912
	Index Only Scan using k_3 on sbtest3  (cost=0.43..10.65 rows=111 width=4)
	  Index Cond: ((k >= 3079812) AND (k <= 3079912))

table 4 : explain SELECT k FROM sbtest4 WHERE k BETWEEN 3079812 AND 3079912
	Index Only Scan using k_4 on sbtest4  (cost=0.43..10.60 rows=108 width=4)
	  Index Cond: ((k >= 3079812) AND (k <= 3079912))

table 5 : explain SELECT k FROM sbtest5 WHERE k BETWEEN 3079812 AND 3079912
	Index Only Scan using k_5 on sbtest5  (cost=0.43..10.51 rows=104 width=4)
	  Index Cond: ((k >= 3079812) AND (k <= 3079912))

table 6 : explain SELECT k FROM sbtest6 WHERE k BETWEEN 3079812 AND 3079912
	Index Only Scan using k_6 on sbtest6  (cost=0.43..10.68 rows=112 width=4)
	  Index Cond: ((k >= 3079812) AND (k <= 3079912))

table 7 : explain SELECT k FROM sbtest7 WHERE k BETWEEN 3079812 AND 3079912
	Index Only Scan using k_7 on sbtest7  (cost=0.43..10.50 rows=103 width=4)
	  Index Cond: ((k >= 3079812) AND (k <= 3079912))

table 8 : explain SELECT k FROM sbtest8 WHERE k BETWEEN 3079812 AND 3079912
	Index Only Scan using k_8 on sbtest8  (cost=0.43..10.50 rows=103 width=4)
	  Index Cond: ((k >= 3079812) AND (k <= 3079912))

explain: for range-covered :: explain SELECT k FROM sbtest%d WHERE k BETWEEN 3220071 AND 3220171
explain: for range-covered :: explain SELECT k FROM sbtest%d WHERE k BETWEEN 2060915 AND 2061015
explain: for range-covered :: explain SELECT k FROM sbtest%d WHERE k BETWEEN 3796231 AND 3796331
explain: for range-covered :: explain SELECT k FROM sbtest%d WHERE k BETWEEN 3079812 AND 3079912
for range-covered
table 1 : explain SELECT k FROM sbtest1 WHERE k BETWEEN 2976783 AND 2976883
	Index Only Scan using k_1 on sbtest1  (cost=0.43..10.68 rows=112 width=4)
	  Index Cond: ((k >= 2976783) AND (k <= 2976883))

table 2 : explain SELECT k FROM sbtest2 WHERE k BETWEEN 2976783 AND 2976883
	Index Only Scan using k_2 on sbtest2  (cost=0.43..10.50 rows=103 width=4)
	  Index Cond: ((k >= 2976783) AND (k <= 2976883))

table 3 : explain SELECT k FROM sbtest3 WHERE k BETWEEN 2976783 AND 2976883
	Index Only Scan using k_3 on sbtest3  (cost=0.43..10.33 rows=95 width=4)
	  Index Cond: ((k >= 2976783) AND (k <= 2976883))

table 4 : explain SELECT k FROM sbtest4 WHERE k BETWEEN 2976783 AND 2976883
	Index Only Scan using k_4 on sbtest4  (cost=0.43..10.56 rows=106 width=4)
	  Index Cond: ((k >= 2976783) AND (k <= 2976883))

table 5 : explain SELECT k FROM sbtest5 WHERE k BETWEEN 2976783 AND 2976883
	Index Only Scan using k_5 on sbtest5  (cost=0.43..10.46 rows=101 width=4)
	  Index Cond: ((k >= 2976783) AND (k <= 2976883))

table 6 : explain SELECT k FROM sbtest6 WHERE k BETWEEN 2976783 AND 2976883
	Index Only Scan using k_6 on sbtest6  (cost=0.43..10.78 rows=117 width=4)
	  Index Cond: ((k >= 2976783) AND (k <= 2976883))

table 7 : explain SELECT k FROM sbtest7 WHERE k BETWEEN 2976783 AND 2976883
	Index Only Scan using k_7 on sbtest7  (cost=0.43..10.63 rows=110 width=4)
	  Index Cond: ((k >= 2976783) AND (k <= 2976883))

table 8 : explain SELECT k FROM sbtest8 WHERE k BETWEEN 2976783 AND 2976883
	Index Only Scan using k_8 on sbtest8  (cost=0.43..10.51 rows=104 width=4)
	  Index Cond: ((k >= 2976783) AND (k <= 2976883))

explain: for range-covered :: explain SELECT k FROM sbtest%d WHERE k BETWEEN 2976783 AND 2976883
for range-covered
table 1 : explain SELECT k FROM sbtest1 WHERE k BETWEEN 4656753 AND 4656853
	Index Only Scan using k_1 on sbtest1  (cost=0.43..10.56 rows=106 width=4)
	  Index Cond: ((k >= 4656753) AND (k <= 4656853))

table 2 : explain SELECT k FROM sbtest2 WHERE k BETWEEN 4656753 AND 4656853
	Index Only Scan using k_2 on sbtest2  (cost=0.43..10.44 rows=100 width=4)
	  Index Cond: ((k >= 4656753) AND (k <= 4656853))

table 3 : explain SELECT k FROM sbtest3 WHERE k BETWEEN 4656753 AND 4656853
	Index Only Scan using k_3 on sbtest3  (cost=0.43..10.70 rows=113 width=4)
	  Index Cond: ((k >= 4656753) AND (k <= 4656853))

table 4 : explain SELECT k FROM sbtest4 WHERE k BETWEEN 4656753 AND 4656853
	Index Only Scan using k_4 on sbtest4  (cost=0.43..10.60 rows=108 width=4)
	  Index Cond: ((k >= 4656753) AND (k <= 4656853))

table 5 : explain SELECT k FROM sbtest5 WHERE k BETWEEN 4656753 AND 4656853
	Index Only Scan using k_5 on sbtest5  (cost=0.43..10.51 rows=104 width=4)
	  Index Cond: ((k >= 4656753) AND (k <= 4656853))

table 6 : explain SELECT k FROM sbtest6 WHERE k BETWEEN 4656753 AND 4656853
	Index Only Scan using k_6 on sbtest6  (cost=0.43..10.74 rows=115 width=4)
	  Index Cond: ((k >= 4656753) AND (k <= 4656853))

table 7 : explain SELECT k FROM sbtest7 WHERE k BETWEEN 4656753 AND 4656853
	Index Only Scan using k_7 on sbtest7  (cost=0.43..10.58 rows=107 width=4)
	  Index Cond: ((k >= 4656753) AND (k <= 4656853))

table 8 : explain SELECT k FROM sbtest8 WHERE k BETWEEN 4656753 AND 4656853
	Index Only Scan using k_8 on sbtest8  (cost=0.43..10.76 rows=116 width=4)
	  Index Cond: ((k >= 4656753) AND (k <= 4656853))

for range-covered
table 1 : explain SELECT k FROM sbtest1 WHERE k BETWEEN 5908128 AND 5908228
	Index Only Scan using k_1 on sbtest1  (cost=0.43..10.60 rows=108 width=4)
	  Index Cond: ((k >= 5908128) AND (k <= 5908228))

table 2 : explain SELECT k FROM sbtest2 WHERE k BETWEEN 5908128 AND 5908228
	Index Only Scan using k_2 on sbtest2  (cost=0.43..10.46 rows=101 width=4)
	  Index Cond: ((k >= 5908128) AND (k <= 5908228))

table 3 : explain SELECT k FROM sbtest3 WHERE k BETWEEN 5908128 AND 5908228
	Index Only Scan using k_3 on sbtest3  (cost=0.43..10.44 rows=100 width=4)
	  Index Cond: ((k >= 5908128) AND (k <= 5908228))

table 4 : explain SELECT k FROM sbtest4 WHERE k BETWEEN 5908128 AND 5908228
	Index Only Scan using k_4 on sbtest4  (cost=0.43..10.70 rows=113 width=4)
	  Index Cond: ((k >= 5908128) AND (k <= 5908228))

table 5 : explain SELECT k FROM sbtest5 WHERE k BETWEEN 5908128 AND 5908228
	Index Only Scan using k_5 on sbtest5  (cost=0.43..10.33 rows=95 width=4)
	  Index Cond: ((k >= 5908128) AND (k <= 5908228))

table 6 : explain SELECT k FROM sbtest6 WHERE k BETWEEN 5908128 AND 5908228
	Index Only Scan using k_6 on sbtest6  (cost=0.43..10.29 rows=93 width=4)
	  Index Cond: ((k >= 5908128) AND (k <= 5908228))

table 7 : explain SELECT k FROM sbtest7 WHERE k BETWEEN 5908128 AND 5908228
	Index Only Scan using k_7 on sbtest7  (cost=0.43..10.38 rows=97 width=4)
	  Index Cond: ((k >= 5908128) AND (k <= 5908228))

table 8 : explain SELECT k FROM sbtest8 WHERE k BETWEEN 5908128 AND 5908228
	Index Only Scan using k_8 on sbtest8  (cost=0.43..10.38 rows=97 width=4)
	  Index Cond: ((k >= 5908128) AND (k <= 5908228))

explain: for range-covered :: explain SELECT k FROM sbtest%d WHERE k BETWEEN 4656753 AND 4656853
explain: for range-covered :: explain SELECT k FROM sbtest%d WHERE k BETWEEN 5908128 AND 5908228
for range-covered
table 1 : explain SELECT k FROM sbtest1 WHERE k BETWEEN 6383390 AND 6383490
	Index Only Scan using k_1 on sbtest1  (cost=0.43..10.42 rows=99 width=4)
	  Index Cond: ((k >= 6383390) AND (k <= 6383490))

table 2 : explain SELECT k FROM sbtest2 WHERE k BETWEEN 6383390 AND 6383490
	Index Only Scan using k_2 on sbtest2  (cost=0.43..10.42 rows=99 width=4)
	  Index Cond: ((k >= 6383390) AND (k <= 6383490))

table 3 : explain SELECT k FROM sbtest3 WHERE k BETWEEN 6383390 AND 6383490
	Index Only Scan using k_3 on sbtest3  (cost=0.43..10.42 rows=99 width=4)
	  Index Cond: ((k >= 6383390) AND (k <= 6383490))

table 4 : explain SELECT k FROM sbtest4 WHERE k BETWEEN 6383390 AND 6383490
	Index Only Scan using k_4 on sbtest4  (cost=0.43..10.42 rows=99 width=4)
	  Index Cond: ((k >= 6383390) AND (k <= 6383490))

table 5 : explain SELECT k FROM sbtest5 WHERE k BETWEEN 6383390 AND 6383490
	Index Only Scan using k_5 on sbtest5  (cost=0.43..10.47 rows=102 width=4)
	  Index Cond: ((k >= 6383390) AND (k <= 6383490))

table 6 : explain SELECT k FROM sbtest6 WHERE k BETWEEN 6383390 AND 6383490
	Index Only Scan using k_6 on sbtest6  (cost=0.43..10.65 rows=111 width=4)
	  Index Cond: ((k >= 6383390) AND (k <= 6383490))

table 7 : explain SELECT k FROM sbtest7 WHERE k BETWEEN 6383390 AND 6383490
	Index Only Scan using k_7 on sbtest7  (cost=0.43..10.56 rows=106 width=4)
	  Index Cond: ((k >= 6383390) AND (k <= 6383490))

table 8 : explain SELECT k FROM sbtest8 WHERE k BETWEEN 6383390 AND 6383490
	Index Only Scan using k_8 on sbtest8  (cost=0.43..10.51 rows=104 width=4)
	  Index Cond: ((k >= 6383390) AND (k <= 6383490))

explain: for range-covered :: explain SELECT k FROM sbtest%d WHERE k BETWEEN 6383390 AND 6383490
for range-covered
table 1 : explain SELECT k FROM sbtest1 WHERE k BETWEEN 3220071 AND 3220171
	Index Only Scan using k_1 on sbtest1  (cost=0.43..10.38 rows=97 width=4)
	  Index Cond: ((k >= 3220071) AND (k <= 3220171))

table 2 : explain SELECT k FROM sbtest2 WHERE k BETWEEN 3220071 AND 3220171
	Index Only Scan using k_2 on sbtest2  (cost=0.43..10.51 rows=104 width=4)
	  Index Cond: ((k >= 3220071) AND (k <= 3220171))

table 3 : explain SELECT k FROM sbtest3 WHERE k BETWEEN 3220071 AND 3220171
	Index Only Scan using k_3 on sbtest3  (cost=0.43..10.56 rows=106 width=4)
	  Index Cond: ((k >= 3220071) AND (k <= 3220171))

table 4 : explain SELECT k FROM sbtest4 WHERE k BETWEEN 3220071 AND 3220171
	Index Only Scan using k_4 on sbtest4  (cost=0.43..10.50 rows=103 width=4)
	  Index Cond: ((k >= 3220071) AND (k <= 3220171))

table 5 : explain SELECT k FROM sbtest5 WHERE k BETWEEN 3220071 AND 3220171
	Index Only Scan using k_5 on sbtest5  (cost=0.43..10.44 rows=100 width=4)
	  Index Cond: ((k >= 3220071) AND (k <= 3220171))

table 6 : explain SELECT k FROM sbtest6 WHERE k BETWEEN 3220071 AND 3220171
	Index Only Scan using k_6 on sbtest6  (cost=0.43..10.46 rows=101 width=4)
	  Index Cond: ((k >= 3220071) AND (k <= 3220171))

table 7 : explain SELECT k FROM sbtest7 WHERE k BETWEEN 3220071 AND 3220171
	Index Only Scan using k_7 on sbtest7  (cost=0.43..10.62 rows=109 width=4)
	  Index Cond: ((k >= 3220071) AND (k <= 3220171))

table 8 : explain SELECT k FROM sbtest8 WHERE k BETWEEN 3220071 AND 3220171
	Index Only Scan using k_8 on sbtest8  (cost=0.43..10.36 rows=96 width=4)
	  Index Cond: ((k >= 3220071) AND (k <= 3220171))

for range-covered
table 1 : explain SELECT k FROM sbtest1 WHERE k BETWEEN 3227300 AND 3227400
	Index Only Scan using k_1 on sbtest1  (cost=0.43..10.38 rows=97 width=4)
	  Index Cond: ((k >= 3227300) AND (k <= 3227400))

table 2 : explain SELECT k FROM sbtest2 WHERE k BETWEEN 3227300 AND 3227400
	Index Only Scan using k_2 on sbtest2  (cost=0.43..10.51 rows=104 width=4)
	  Index Cond: ((k >= 3227300) AND (k <= 3227400))

table 3 : explain SELECT k FROM sbtest3 WHERE k BETWEEN 3227300 AND 3227400
	Index Only Scan using k_3 on sbtest3  (cost=0.43..10.56 rows=106 width=4)
	  Index Cond: ((k >= 3227300) AND (k <= 3227400))

table 4 : explain SELECT k FROM sbtest4 WHERE k BETWEEN 3227300 AND 3227400
	Index Only Scan using k_4 on sbtest4  (cost=0.43..10.50 rows=103 width=4)
	  Index Cond: ((k >= 3227300) AND (k <= 3227400))

table 5 : explain SELECT k FROM sbtest5 WHERE k BETWEEN 3227300 AND 3227400
	Index Only Scan using k_5 on sbtest5  (cost=0.43..10.44 rows=100 width=4)
	  Index Cond: ((k >= 3227300) AND (k <= 3227400))

table 6 : explain SELECT k FROM sbtest6 WHERE k BETWEEN 3227300 AND 3227400
	Index Only Scan using k_6 on sbtest6  (cost=0.43..10.46 rows=101 width=4)
	  Index Cond: ((k >= 3227300) AND (k <= 3227400))

table 7 : explain SELECT k FROM sbtest7 WHERE k BETWEEN 3227300 AND 3227400
	Index Only Scan using k_7 on sbtest7  (cost=0.43..10.62 rows=109 width=4)
	  Index Cond: ((k >= 3227300) AND (k <= 3227400))

table 8 : explain SELECT k FROM sbtest8 WHERE k BETWEEN 3227300 AND 3227400
	Index Only Scan using k_8 on sbtest8  (cost=0.43..10.36 rows=96 width=4)
	  Index Cond: ((k >= 3227300) AND (k <= 3227400))

for range-covered
table 1 : explain SELECT k FROM sbtest1 WHERE k BETWEEN 3079812 AND 3079912
	Index Only Scan using k_1 on sbtest1  (cost=0.43..10.62 rows=109 width=4)
	  Index Cond: ((k >= 3079812) AND (k <= 3079912))

table 2 : explain SELECT k FROM sbtest2 WHERE k BETWEEN 3079812 AND 3079912
	Index Only Scan using k_2 on sbtest2  (cost=0.43..10.56 rows=106 width=4)
	  Index Cond: ((k >= 3079812) AND (k <= 3079912))

table 3 : explain SELECT k FROM sbtest3 WHERE k BETWEEN 3079812 AND 3079912
	Index Only Scan using k_3 on sbtest3  (cost=0.43..10.65 rows=111 width=4)
	  Index Cond: ((k >= 3079812) AND (k <= 3079912))

table 4 : explain SELECT k FROM sbtest4 WHERE k BETWEEN 3079812 AND 3079912
	Index Only Scan using k_4 on sbtest4  (cost=0.43..10.60 rows=108 width=4)
	  Index Cond: ((k >= 3079812) AND (k <= 3079912))

table 5 : explain SELECT k FROM sbtest5 WHERE k BETWEEN 3079812 AND 3079912
	Index Only Scan using k_5 on sbtest5  (cost=0.43..10.51 rows=104 width=4)
	  Index Cond: ((k >= 3079812) AND (k <= 3079912))

table 6 : explain SELECT k FROM sbtest6 WHERE k BETWEEN 3079812 AND 3079912
	Index Only Scan using k_6 on sbtest6  (cost=0.43..10.68 rows=112 width=4)
	  Index Cond: ((k >= 3079812) AND (k <= 3079912))

table 7 : explain SELECT k FROM sbtest7 WHERE k BETWEEN 3079812 AND 3079912
	Index Only Scan using k_7 on sbtest7  (cost=0.43..10.50 rows=103 width=4)
	  Index Cond: ((k >= 3079812) AND (k <= 3079912))

table 8 : explain SELECT k FROM sbtest8 WHERE k BETWEEN 3079812 AND 3079912
	Index Only Scan using k_8 on sbtest8  (cost=0.43..10.50 rows=103 width=4)
	  Index Cond: ((k >= 3079812) AND (k <= 3079912))

explain: for range-covered :: explain SELECT k FROM sbtest%d WHERE k BETWEEN 3079812 AND 3079912
for range-covered
table 1 : explain SELECT k FROM sbtest1 WHERE k BETWEEN 2976783 AND 2976883
	Index Only Scan using k_1 on sbtest1  (cost=0.43..10.68 rows=112 width=4)
	  Index Cond: ((k >= 2976783) AND (k <= 2976883))

table 2 : explain SELECT k FROM sbtest2 WHERE k BETWEEN 2976783 AND 2976883
	Index Only Scan using k_2 on sbtest2  (cost=0.43..10.50 rows=103 width=4)
	  Index Cond: ((k >= 2976783) AND (k <= 2976883))

table 3 : explain SELECT k FROM sbtest3 WHERE k BETWEEN 2976783 AND 2976883
	Index Only Scan using k_3 on sbtest3  (cost=0.43..10.33 rows=95 width=4)
	  Index Cond: ((k >= 2976783) AND (k <= 2976883))

table 4 : explain SELECT k FROM sbtest4 WHERE k BETWEEN 2976783 AND 2976883
	Index Only Scan using k_4 on sbtest4  (cost=0.43..10.56 rows=106 width=4)
	  Index Cond: ((k >= 2976783) AND (k <= 2976883))

table 5 : explain SELECT k FROM sbtest5 WHERE k BETWEEN 2976783 AND 2976883
	Index Only Scan using k_5 on sbtest5  (cost=0.43..10.46 rows=101 width=4)
	  Index Cond: ((k >= 2976783) AND (k <= 2976883))

table 6 : explain SELECT k FROM sbtest6 WHERE k BETWEEN 2976783 AND 2976883
	Index Only Scan using k_6 on sbtest6  (cost=0.43..10.78 rows=117 width=4)
	  Index Cond: ((k >= 2976783) AND (k <= 2976883))

table 7 : explain SELECT k FROM sbtest7 WHERE k BETWEEN 2976783 AND 2976883
	Index Only Scan using k_7 on sbtest7  (cost=0.43..10.63 rows=110 width=4)
	  Index Cond: ((k >= 2976783) AND (k <= 2976883))

table 8 : explain SELECT k FROM sbtest8 WHERE k BETWEEN 2976783 AND 2976883
	Index Only Scan using k_8 on sbtest8  (cost=0.43..10.51 rows=104 width=4)
	  Index Cond: ((k >= 2976783) AND (k <= 2976883))

explain: for range-covered :: explain SELECT k FROM sbtest%d WHERE k BETWEEN 2976783 AND 2976883
for range-covered
table 1 : explain SELECT k FROM sbtest1 WHERE k BETWEEN 5908128 AND 5908228
	Index Only Scan using k_1 on sbtest1  (cost=0.43..10.60 rows=108 width=4)
	  Index Cond: ((k >= 5908128) AND (k <= 5908228))

table 2 : explain SELECT k FROM sbtest2 WHERE k BETWEEN 5908128 AND 5908228
	Index Only Scan using k_2 on sbtest2  (cost=0.43..10.46 rows=101 width=4)
	  Index Cond: ((k >= 5908128) AND (k <= 5908228))

table 3 : explain SELECT k FROM sbtest3 WHERE k BETWEEN 5908128 AND 5908228
	Index Only Scan using k_3 on sbtest3  (cost=0.43..10.44 rows=100 width=4)
	  Index Cond: ((k >= 5908128) AND (k <= 5908228))

table 4 : explain SELECT k FROM sbtest4 WHERE k BETWEEN 5908128 AND 5908228
	Index Only Scan using k_4 on sbtest4  (cost=0.43..10.70 rows=113 width=4)
	  Index Cond: ((k >= 5908128) AND (k <= 5908228))

table 5 : explain SELECT k FROM sbtest5 WHERE k BETWEEN 5908128 AND 5908228
	Index Only Scan using k_5 on sbtest5  (cost=0.43..10.33 rows=95 width=4)
	  Index Cond: ((k >= 5908128) AND (k <= 5908228))

table 6 : explain SELECT k FROM sbtest6 WHERE k BETWEEN 5908128 AND 5908228
	Index Only Scan using k_6 on sbtest6  (cost=0.43..10.29 rows=93 width=4)
	  Index Cond: ((k >= 5908128) AND (k <= 5908228))

table 7 : explain SELECT k FROM sbtest7 WHERE k BETWEEN 5908128 AND 5908228
	Index Only Scan using k_7 on sbtest7  (cost=0.43..10.38 rows=97 width=4)
	  Index Cond: ((k >= 5908128) AND (k <= 5908228))

table 8 : explain SELECT k FROM sbtest8 WHERE k BETWEEN 5908128 AND 5908228
	Index Only Scan using k_8 on sbtest8  (cost=0.43..10.38 rows=97 width=4)
	  Index Cond: ((k >= 5908128) AND (k <= 5908228))

explain: for range-covered :: explain SELECT k FROM sbtest%d WHERE k BETWEEN 5908128 AND 5908228
for range-covered
table 1 : explain SELECT k FROM sbtest1 WHERE k BETWEEN 4656753 AND 4656853
	Index Only Scan using k_1 on sbtest1  (cost=0.43..10.56 rows=106 width=4)
	  Index Cond: ((k >= 4656753) AND (k <= 4656853))

table 2 : explain SELECT k FROM sbtest2 WHERE k BETWEEN 4656753 AND 4656853
	Index Only Scan using k_2 on sbtest2  (cost=0.43..10.44 rows=100 width=4)
	  Index Cond: ((k >= 4656753) AND (k <= 4656853))

table 3 : explain SELECT k FROM sbtest3 WHERE k BETWEEN 4656753 AND 4656853
	Index Only Scan using k_3 on sbtest3  (cost=0.43..10.70 rows=113 width=4)
	  Index Cond: ((k >= 4656753) AND (k <= 4656853))

table 4 : explain SELECT k FROM sbtest4 WHERE k BETWEEN 4656753 AND 4656853
	Index Only Scan using k_4 on sbtest4  (cost=0.43..10.60 rows=108 width=4)
	  Index Cond: ((k >= 4656753) AND (k <= 4656853))

table 5 : explain SELECT k FROM sbtest5 WHERE k BETWEEN 4656753 AND 4656853
	Index Only Scan using k_5 on sbtest5  (cost=0.43..10.51 rows=104 width=4)
	  Index Cond: ((k >= 4656753) AND (k <= 4656853))

table 6 : explain SELECT k FROM sbtest6 WHERE k BETWEEN 4656753 AND 4656853
	Index Only Scan using k_6 on sbtest6  (cost=0.43..10.74 rows=115 width=4)
	  Index Cond: ((k >= 4656753) AND (k <= 4656853))

table 7 : explain SELECT k FROM sbtest7 WHERE k BETWEEN 4656753 AND 4656853
	Index Only Scan using k_7 on sbtest7  (cost=0.43..10.58 rows=107 width=4)
	  Index Cond: ((k >= 4656753) AND (k <= 4656853))

table 8 : explain SELECT k FROM sbtest8 WHERE k BETWEEN 4656753 AND 4656853
	Index Only Scan using k_8 on sbtest8  (cost=0.43..10.76 rows=116 width=4)
	  Index Cond: ((k >= 4656753) AND (k <= 4656853))

explain: for range-covered :: explain SELECT k FROM sbtest%d WHERE k BETWEEN 4656753 AND 4656853
for range-covered
table 1 : explain SELECT k FROM sbtest1 WHERE k BETWEEN 6383390 AND 6383490
	Index Only Scan using k_1 on sbtest1  (cost=0.43..10.42 rows=99 width=4)
	  Index Cond: ((k >= 6383390) AND (k <= 6383490))

table 2 : explain SELECT k FROM sbtest2 WHERE k BETWEEN 6383390 AND 6383490
	Index Only Scan using k_2 on sbtest2  (cost=0.43..10.42 rows=99 width=4)
	  Index Cond: ((k >= 6383390) AND (k <= 6383490))

table 3 : explain SELECT k FROM sbtest3 WHERE k BETWEEN 6383390 AND 6383490
	Index Only Scan using k_3 on sbtest3  (cost=0.43..10.42 rows=99 width=4)
	  Index Cond: ((k >= 6383390) AND (k <= 6383490))

table 4 : explain SELECT k FROM sbtest4 WHERE k BETWEEN 6383390 AND 6383490
	Index Only Scan using k_4 on sbtest4  (cost=0.43..10.42 rows=99 width=4)
	  Index Cond: ((k >= 6383390) AND (k <= 6383490))

table 5 : explain SELECT k FROM sbtest5 WHERE k BETWEEN 6383390 AND 6383490
	Index Only Scan using k_5 on sbtest5  (cost=0.43..10.47 rows=102 width=4)
	  Index Cond: ((k >= 6383390) AND (k <= 6383490))

table 6 : explain SELECT k FROM sbtest6 WHERE k BETWEEN 6383390 AND 6383490
	Index Only Scan using k_6 on sbtest6  (cost=0.43..10.65 rows=111 width=4)
	  Index Cond: ((k >= 6383390) AND (k <= 6383490))

table 7 : explain SELECT k FROM sbtest7 WHERE k BETWEEN 6383390 AND 6383490
	Index Only Scan using k_7 on sbtest7  (cost=0.43..10.56 rows=106 width=4)
	  Index Cond: ((k >= 6383390) AND (k <= 6383490))

table 8 : explain SELECT k FROM sbtest8 WHERE k BETWEEN 6383390 AND 6383490
	Index Only Scan using k_8 on sbtest8  (cost=0.43..10.51 rows=104 width=4)
	  Index Cond: ((k >= 6383390) AND (k <= 6383490))

explain: for range-covered :: explain SELECT k FROM sbtest%d WHERE k BETWEEN 6383390 AND 6383490
for range-covered
table 1 : explain SELECT k FROM sbtest1 WHERE k BETWEEN 3079812 AND 3079912
	Index Only Scan using k_1 on sbtest1  (cost=0.43..10.62 rows=109 width=4)
	  Index Cond: ((k >= 3079812) AND (k <= 3079912))

table 2 : explain SELECT k FROM sbtest2 WHERE k BETWEEN 3079812 AND 3079912
	Index Only Scan using k_2 on sbtest2  (cost=0.43..10.56 rows=106 width=4)
	  Index Cond: ((k >= 3079812) AND (k <= 3079912))

table 3 : explain SELECT k FROM sbtest3 WHERE k BETWEEN 3079812 AND 3079912
	Index Only Scan using k_3 on sbtest3  (cost=0.43..10.65 rows=111 width=4)
	  Index Cond: ((k >= 3079812) AND (k <= 3079912))

table 4 : explain SELECT k FROM sbtest4 WHERE k BETWEEN 3079812 AND 3079912
	Index Only Scan using k_4 on sbtest4  (cost=0.43..10.60 rows=108 width=4)
	  Index Cond: ((k >= 3079812) AND (k <= 3079912))

table 5 : explain SELECT k FROM sbtest5 WHERE k BETWEEN 3079812 AND 3079912
	Index Only Scan using k_5 on sbtest5  (cost=0.43..10.51 rows=104 width=4)
	  Index Cond: ((k >= 3079812) AND (k <= 3079912))

table 6 : explain SELECT k FROM sbtest6 WHERE k BETWEEN 3079812 AND 3079912
	Index Only Scan using k_6 on sbtest6  (cost=0.43..10.68 rows=112 width=4)
	  Index Cond: ((k >= 3079812) AND (k <= 3079912))

table 7 : explain SELECT k FROM sbtest7 WHERE k BETWEEN 3079812 AND 3079912
	Index Only Scan using k_7 on sbtest7  (cost=0.43..10.50 rows=103 width=4)
	  Index Cond: ((k >= 3079812) AND (k <= 3079912))

table 8 : explain SELECT k FROM sbtest8 WHERE k BETWEEN 3079812 AND 3079912
	Index Only Scan using k_8 on sbtest8  (cost=0.43..10.50 rows=103 width=4)
	  Index Cond: ((k >= 3079812) AND (k <= 3079912))

explain: for range-covered :: explain SELECT k FROM sbtest%d WHERE k BETWEEN 3079812 AND 3079912
for range-covered
table 1 : explain SELECT k FROM sbtest1 WHERE k BETWEEN 2976783 AND 2976883
	Index Only Scan using k_1 on sbtest1  (cost=0.43..10.68 rows=112 width=4)
	  Index Cond: ((k >= 2976783) AND (k <= 2976883))

table 2 : explain SELECT k FROM sbtest2 WHERE k BETWEEN 2976783 AND 2976883
	Index Only Scan using k_2 on sbtest2  (cost=0.43..10.50 rows=103 width=4)
	  Index Cond: ((k >= 2976783) AND (k <= 2976883))

table 3 : explain SELECT k FROM sbtest3 WHERE k BETWEEN 2976783 AND 2976883
	Index Only Scan using k_3 on sbtest3  (cost=0.43..10.33 rows=95 width=4)
	  Index Cond: ((k >= 2976783) AND (k <= 2976883))

table 4 : explain SELECT k FROM sbtest4 WHERE k BETWEEN 2976783 AND 2976883
	Index Only Scan using k_4 on sbtest4  (cost=0.43..10.56 rows=106 width=4)
	  Index Cond: ((k >= 2976783) AND (k <= 2976883))

table 5 : explain SELECT k FROM sbtest5 WHERE k BETWEEN 2976783 AND 2976883
	Index Only Scan using k_5 on sbtest5  (cost=0.43..10.46 rows=101 width=4)
	  Index Cond: ((k >= 2976783) AND (k <= 2976883))

table 6 : explain SELECT k FROM sbtest6 WHERE k BETWEEN 2976783 AND 2976883
	Index Only Scan using k_6 on sbtest6  (cost=0.43..10.78 rows=117 width=4)
	  Index Cond: ((k >= 2976783) AND (k <= 2976883))

table 7 : explain SELECT k FROM sbtest7 WHERE k BETWEEN 2976783 AND 2976883
	Index Only Scan using k_7 on sbtest7  (cost=0.43..10.63 rows=110 width=4)
	  Index Cond: ((k >= 2976783) AND (k <= 2976883))

table 8 : explain SELECT k FROM sbtest8 WHERE k BETWEEN 2976783 AND 2976883
	Index Only Scan using k_8 on sbtest8  (cost=0.43..10.51 rows=104 width=4)
	  Index Cond: ((k >= 2976783) AND (k <= 2976883))

explain: for range-covered :: explain SELECT k FROM sbtest%d WHERE k BETWEEN 2976783 AND 2976883
for range-covered
table 1 : explain SELECT k FROM sbtest1 WHERE k BETWEEN 5908128 AND 5908228
	Index Only Scan using k_1 on sbtest1  (cost=0.43..10.60 rows=108 width=4)
	  Index Cond: ((k >= 5908128) AND (k <= 5908228))

table 2 : explain SELECT k FROM sbtest2 WHERE k BETWEEN 5908128 AND 5908228
	Index Only Scan using k_2 on sbtest2  (cost=0.43..10.46 rows=101 width=4)
	  Index Cond: ((k >= 5908128) AND (k <= 5908228))

table 3 : explain SELECT k FROM sbtest3 WHERE k BETWEEN 5908128 AND 5908228
	Index Only Scan using k_3 on sbtest3  (cost=0.43..10.44 rows=100 width=4)
	  Index Cond: ((k >= 5908128) AND (k <= 5908228))

table 4 : explain SELECT k FROM sbtest4 WHERE k BETWEEN 5908128 AND 5908228
	Index Only Scan using k_4 on sbtest4  (cost=0.43..10.70 rows=113 width=4)
	  Index Cond: ((k >= 5908128) AND (k <= 5908228))

table 5 : explain SELECT k FROM sbtest5 WHERE k BETWEEN 5908128 AND 5908228
	Index Only Scan using k_5 on sbtest5  (cost=0.43..10.33 rows=95 width=4)
	  Index Cond: ((k >= 5908128) AND (k <= 5908228))

table 6 : explain SELECT k FROM sbtest6 WHERE k BETWEEN 5908128 AND 5908228
	Index Only Scan using k_6 on sbtest6  (cost=0.43..10.29 rows=93 width=4)
	  Index Cond: ((k >= 5908128) AND (k <= 5908228))

table 7 : explain SELECT k FROM sbtest7 WHERE k BETWEEN 5908128 AND 5908228
	Index Only Scan using k_7 on sbtest7  (cost=0.43..10.38 rows=97 width=4)
	  Index Cond: ((k >= 5908128) AND (k <= 5908228))

table 8 : explain SELECT k FROM sbtest8 WHERE k BETWEEN 5908128 AND 5908228
	Index Only Scan using k_8 on sbtest8  (cost=0.43..10.38 rows=97 width=4)
	  Index Cond: ((k >= 5908128) AND (k <= 5908228))

for range-covered
table 1 : explain SELECT k FROM sbtest1 WHERE k BETWEEN 4656753 AND 4656853
	Index Only Scan using k_1 on sbtest1  (cost=0.43..10.56 rows=106 width=4)
	  Index Cond: ((k >= 4656753) AND (k <= 4656853))

table 2 : explain SELECT k FROM sbtest2 WHERE k BETWEEN 4656753 AND 4656853
	Index Only Scan using k_2 on sbtest2  (cost=0.43..10.44 rows=100 width=4)
	  Index Cond: ((k >= 4656753) AND (k <= 4656853))

table 3 : explain SELECT k FROM sbtest3 WHERE k BETWEEN 4656753 AND 4656853
	Index Only Scan using k_3 on sbtest3  (cost=0.43..10.70 rows=113 width=4)
	  Index Cond: ((k >= 4656753) AND (k <= 4656853))

table 4 : explain SELECT k FROM sbtest4 WHERE k BETWEEN 4656753 AND 4656853
	Index Only Scan using k_4 on sbtest4  (cost=0.43..10.60 rows=108 width=4)
	  Index Cond: ((k >= 4656753) AND (k <= 4656853))

table 5 : explain SELECT k FROM sbtest5 WHERE k BETWEEN 4656753 AND 4656853
	Index Only Scan using k_5 on sbtest5  (cost=0.43..10.51 rows=104 width=4)
	  Index Cond: ((k >= 4656753) AND (k <= 4656853))

table 6 : explain SELECT k FROM sbtest6 WHERE k BETWEEN 4656753 AND 4656853
	Index Only Scan using k_6 on sbtest6  (cost=0.43..10.74 rows=115 width=4)
	  Index Cond: ((k >= 4656753) AND (k <= 4656853))

table 7 : explain SELECT k FROM sbtest7 WHERE k BETWEEN 4656753 AND 4656853
	Index Only Scan using k_7 on sbtest7  (cost=0.43..10.58 rows=107 width=4)
	  Index Cond: ((k >= 4656753) AND (k <= 4656853))

table 8 : explain SELECT k FROM sbtest8 WHERE k BETWEEN 4656753 AND 4656853
	Index Only Scan using k_8 on sbtest8  (cost=0.43..10.76 rows=116 width=4)
	  Index Cond: ((k >= 4656753) AND (k <= 4656853))

explain: for range-covered :: explain SELECT k FROM sbtest%d WHERE k BETWEEN 5908128 AND 5908228
explain: for range-covered :: explain SELECT k FROM sbtest%d WHERE k BETWEEN 4656753 AND 4656853
for range-covered
table 1 : explain SELECT k FROM sbtest1 WHERE k BETWEEN 6383390 AND 6383490
	Index Only Scan using k_1 on sbtest1  (cost=0.43..10.42 rows=99 width=4)
	  Index Cond: ((k >= 6383390) AND (k <= 6383490))

table 2 : explain SELECT k FROM sbtest2 WHERE k BETWEEN 6383390 AND 6383490
	Index Only Scan using k_2 on sbtest2  (cost=0.43..10.42 rows=99 width=4)
	  Index Cond: ((k >= 6383390) AND (k <= 6383490))

table 3 : explain SELECT k FROM sbtest3 WHERE k BETWEEN 6383390 AND 6383490
	Index Only Scan using k_3 on sbtest3  (cost=0.43..10.42 rows=99 width=4)
	  Index Cond: ((k >= 6383390) AND (k <= 6383490))

table 4 : explain SELECT k FROM sbtest4 WHERE k BETWEEN 6383390 AND 6383490
	Index Only Scan using k_4 on sbtest4  (cost=0.43..10.42 rows=99 width=4)
	  Index Cond: ((k >= 6383390) AND (k <= 6383490))

table 5 : explain SELECT k FROM sbtest5 WHERE k BETWEEN 6383390 AND 6383490
	Index Only Scan using k_5 on sbtest5  (cost=0.43..10.47 rows=102 width=4)
	  Index Cond: ((k >= 6383390) AND (k <= 6383490))

table 6 : explain SELECT k FROM sbtest6 WHERE k BETWEEN 6383390 AND 6383490
	Index Only Scan using k_6 on sbtest6  (cost=0.43..10.65 rows=111 width=4)
	  Index Cond: ((k >= 6383390) AND (k <= 6383490))

table 7 : explain SELECT k FROM sbtest7 WHERE k BETWEEN 6383390 AND 6383490
	Index Only Scan using k_7 on sbtest7  (cost=0.43..10.56 rows=106 width=4)
	  Index Cond: ((k >= 6383390) AND (k <= 6383490))

table 8 : explain SELECT k FROM sbtest8 WHERE k BETWEEN 6383390 AND 6383490
	Index Only Scan using k_8 on sbtest8  (cost=0.43..10.51 rows=104 width=4)
	  Index Cond: ((k >= 6383390) AND (k <= 6383490))

explain: for range-covered :: explain SELECT k FROM sbtest%d WHERE k BETWEEN 6383390 AND 6383490
for range-covered
table 1 : explain SELECT k FROM sbtest1 WHERE k BETWEEN 3079812 AND 3079912
	Index Only Scan using k_1 on sbtest1  (cost=0.43..10.62 rows=109 width=4)
	  Index Cond: ((k >= 3079812) AND (k <= 3079912))

table 2 : explain SELECT k FROM sbtest2 WHERE k BETWEEN 3079812 AND 3079912
	Index Only Scan using k_2 on sbtest2  (cost=0.43..10.56 rows=106 width=4)
	  Index Cond: ((k >= 3079812) AND (k <= 3079912))

table 3 : explain SELECT k FROM sbtest3 WHERE k BETWEEN 3079812 AND 3079912
	Index Only Scan using k_3 on sbtest3  (cost=0.43..10.65 rows=111 width=4)
	  Index Cond: ((k >= 3079812) AND (k <= 3079912))

table 4 : explain SELECT k FROM sbtest4 WHERE k BETWEEN 3079812 AND 3079912
	Index Only Scan using k_4 on sbtest4  (cost=0.43..10.60 rows=108 width=4)
	  Index Cond: ((k >= 3079812) AND (k <= 3079912))

table 5 : explain SELECT k FROM sbtest5 WHERE k BETWEEN 3079812 AND 3079912
	Index Only Scan using k_5 on sbtest5  (cost=0.43..10.51 rows=104 width=4)
	  Index Cond: ((k >= 3079812) AND (k <= 3079912))

table 6 : explain SELECT k FROM sbtest6 WHERE k BETWEEN 3079812 AND 3079912
	Index Only Scan using k_6 on sbtest6  (cost=0.43..10.68 rows=112 width=4)
	  Index Cond: ((k >= 3079812) AND (k <= 3079912))

table 7 : explain SELECT k FROM sbtest7 WHERE k BETWEEN 3079812 AND 3079912
	Index Only Scan using k_7 on sbtest7  (cost=0.43..10.50 rows=103 width=4)
	  Index Cond: ((k >= 3079812) AND (k <= 3079912))

table 8 : explain SELECT k FROM sbtest8 WHERE k BETWEEN 3079812 AND 3079912
	Index Only Scan using k_8 on sbtest8  (cost=0.43..10.50 rows=103 width=4)
	  Index Cond: ((k >= 3079812) AND (k <= 3079912))

for range-covered
table 1 : explain SELECT k FROM sbtest1 WHERE k BETWEEN 2060915 AND 2061015
	Index Only Scan using k_1 on sbtest1  (cost=0.43..10.50 rows=103 width=4)
	  Index Cond: ((k >= 2060915) AND (k <= 2061015))

table 2 : explain SELECT k FROM sbtest2 WHERE k BETWEEN 2060915 AND 2061015
	Index Only Scan using k_2 on sbtest2  (cost=0.43..10.46 rows=101 width=4)
	  Index Cond: ((k >= 2060915) AND (k <= 2061015))

table 3 : explain SELECT k FROM sbtest3 WHERE k BETWEEN 2060915 AND 2061015
	Index Only Scan using k_3 on sbtest3  (cost=0.43..10.46 rows=101 width=4)
	  Index Cond: ((k >= 2060915) AND (k <= 2061015))

table 4 : explain SELECT k FROM sbtest4 WHERE k BETWEEN 2060915 AND 2061015
	Index Only Scan using k_4 on sbtest4  (cost=0.43..10.68 rows=112 width=4)
	  Index Cond: ((k >= 2060915) AND (k <= 2061015))

table 5 : explain SELECT k FROM sbtest5 WHERE k BETWEEN 2060915 AND 2061015
	Index Only Scan using k_5 on sbtest5  (cost=0.43..10.32 rows=94 width=4)
	  Index Cond: ((k >= 2060915) AND (k <= 2061015))

table 6 : explain SELECT k FROM sbtest6 WHERE k BETWEEN 2060915 AND 2061015
	Index Only Scan using k_6 on sbtest6  (cost=0.43..10.47 rows=102 width=4)
	  Index Cond: ((k >= 2060915) AND (k <= 2061015))

table 7 : explain SELECT k FROM sbtest7 WHERE k BETWEEN 2060915 AND 2061015
	Index Only Scan using k_7 on sbtest7  (cost=0.43..10.50 rows=103 width=4)
	  Index Cond: ((k >= 2060915) AND (k <= 2061015))

table 8 : explain SELECT k FROM sbtest8 WHERE k BETWEEN 2060915 AND 2061015
	Index Only Scan using k_8 on sbtest8  (cost=0.43..10.62 rows=109 width=4)
	  Index Cond: ((k >= 2060915) AND (k <= 2061015))

explain: for range-covered :: explain SELECT k FROM sbtest%d WHERE k BETWEEN 3079812 AND 3079912
for range-covered
table 1 : explain SELECT k FROM sbtest1 WHERE k BETWEEN 3796231 AND 3796331
	Index Only Scan using k_1 on sbtest1  (cost=0.43..10.72 rows=114 width=4)
	  Index Cond: ((k >= 3796231) AND (k <= 3796331))

table 2 : explain SELECT k FROM sbtest2 WHERE k BETWEEN 3796231 AND 3796331
	Index Only Scan using k_2 on sbtest2  (cost=0.43..10.62 rows=109 width=4)
	  Index Cond: ((k >= 3796231) AND (k <= 3796331))

table 3 : explain SELECT k FROM sbtest3 WHERE k BETWEEN 3796231 AND 3796331
	Index Only Scan using k_3 on sbtest3  (cost=0.43..10.32 rows=94 width=4)
	  Index Cond: ((k >= 3796231) AND (k <= 3796331))

table 4 : explain SELECT k FROM sbtest4 WHERE k BETWEEN 3796231 AND 3796331
	Index Only Scan using k_4 on sbtest4  (cost=0.43..10.47 rows=102 width=4)
	  Index Cond: ((k >= 3796231) AND (k <= 3796331))

table 5 : explain SELECT k FROM sbtest5 WHERE k BETWEEN 3796231 AND 3796331
	Index Only Scan using k_5 on sbtest5  (cost=0.43..10.24 rows=90 width=4)
	  Index Cond: ((k >= 3796231) AND (k <= 3796331))

table 6 : explain SELECT k FROM sbtest6 WHERE k BETWEEN 3796231 AND 3796331
	Index Only Scan using k_6 on sbtest6  (cost=0.43..10.51 rows=104 width=4)
	  Index Cond: ((k >= 3796231) AND (k <= 3796331))

table 7 : explain SELECT k FROM sbtest7 WHERE k BETWEEN 3796231 AND 3796331
	Index Only Scan using k_7 on sbtest7  (cost=0.43..10.58 rows=107 width=4)
	  Index Cond: ((k >= 3796231) AND (k <= 3796331))

table 8 : explain SELECT k FROM sbtest8 WHERE k BETWEEN 3796231 AND 3796331
	Index Only Scan using k_8 on sbtest8  (cost=0.43..10.42 rows=99 width=4)
	  Index Cond: ((k >= 3796231) AND (k <= 3796331))

explain: for range-covered :: explain SELECT k FROM sbtest%d WHERE k BETWEEN 2060915 AND 2061015
explain: for range-covered :: explain SELECT k FROM sbtest%d WHERE k BETWEEN 3796231 AND 3796331
for range-covered
table 1 : explain SELECT k FROM sbtest1 WHERE k BETWEEN 2976783 AND 2976883
	Index Only Scan using k_1 on sbtest1  (cost=0.43..10.68 rows=112 width=4)
	  Index Cond: ((k >= 2976783) AND (k <= 2976883))

table 2 : explain SELECT k FROM sbtest2 WHERE k BETWEEN 2976783 AND 2976883
	Index Only Scan using k_2 on sbtest2  (cost=0.43..10.50 rows=103 width=4)
	  Index Cond: ((k >= 2976783) AND (k <= 2976883))

table 3 : explain SELECT k FROM sbtest3 WHERE k BETWEEN 2976783 AND 2976883
	Index Only Scan using k_3 on sbtest3  (cost=0.43..10.33 rows=95 width=4)
	  Index Cond: ((k >= 2976783) AND (k <= 2976883))

table 4 : explain SELECT k FROM sbtest4 WHERE k BETWEEN 2976783 AND 2976883
	Index Only Scan using k_4 on sbtest4  (cost=0.43..10.56 rows=106 width=4)
	  Index Cond: ((k >= 2976783) AND (k <= 2976883))

table 5 : explain SELECT k FROM sbtest5 WHERE k BETWEEN 2976783 AND 2976883
	Index Only Scan using k_5 on sbtest5  (cost=0.43..10.46 rows=101 width=4)
	  Index Cond: ((k >= 2976783) AND (k <= 2976883))

table 6 : explain SELECT k FROM sbtest6 WHERE k BETWEEN 2976783 AND 2976883
	Index Only Scan using k_6 on sbtest6  (cost=0.43..10.78 rows=117 width=4)
	  Index Cond: ((k >= 2976783) AND (k <= 2976883))

table 7 : explain SELECT k FROM sbtest7 WHERE k BETWEEN 2976783 AND 2976883
	Index Only Scan using k_7 on sbtest7  (cost=0.43..10.63 rows=110 width=4)
	  Index Cond: ((k >= 2976783) AND (k <= 2976883))

table 8 : explain SELECT k FROM sbtest8 WHERE k BETWEEN 2976783 AND 2976883
	Index Only Scan using k_8 on sbtest8  (cost=0.43..10.51 rows=104 width=4)
	  Index Cond: ((k >= 2976783) AND (k <= 2976883))

explain: for range-covered :: explain SELECT k FROM sbtest%d WHERE k BETWEEN 2976783 AND 2976883
for range-covered
table 1 : explain SELECT k FROM sbtest1 WHERE k BETWEEN 5908128 AND 5908228
	Index Only Scan using k_1 on sbtest1  (cost=0.43..10.60 rows=108 width=4)
	  Index Cond: ((k >= 5908128) AND (k <= 5908228))

table 2 : explain SELECT k FROM sbtest2 WHERE k BETWEEN 5908128 AND 5908228
	Index Only Scan using k_2 on sbtest2  (cost=0.43..10.46 rows=101 width=4)
	  Index Cond: ((k >= 5908128) AND (k <= 5908228))

table 3 : explain SELECT k FROM sbtest3 WHERE k BETWEEN 5908128 AND 5908228
	Index Only Scan using k_3 on sbtest3  (cost=0.43..10.44 rows=100 width=4)
	  Index Cond: ((k >= 5908128) AND (k <= 5908228))

table 4 : explain SELECT k FROM sbtest4 WHERE k BETWEEN 5908128 AND 5908228
	Index Only Scan using k_4 on sbtest4  (cost=0.43..10.70 rows=113 width=4)
	  Index Cond: ((k >= 5908128) AND (k <= 5908228))

table 5 : explain SELECT k FROM sbtest5 WHERE k BETWEEN 5908128 AND 5908228
	Index Only Scan using k_5 on sbtest5  (cost=0.43..10.33 rows=95 width=4)
	  Index Cond: ((k >= 5908128) AND (k <= 5908228))

table 6 : explain SELECT k FROM sbtest6 WHERE k BETWEEN 5908128 AND 5908228
	Index Only Scan using k_6 on sbtest6  (cost=0.43..10.29 rows=93 width=4)
	  Index Cond: ((k >= 5908128) AND (k <= 5908228))

table 7 : explain SELECT k FROM sbtest7 WHERE k BETWEEN 5908128 AND 5908228
	Index Only Scan using k_7 on sbtest7  (cost=0.43..10.38 rows=97 width=4)
	  Index Cond: ((k >= 5908128) AND (k <= 5908228))

table 8 : explain SELECT k FROM sbtest8 WHERE k BETWEEN 5908128 AND 5908228
	Index Only Scan using k_8 on sbtest8  (cost=0.43..10.38 rows=97 width=4)
	  Index Cond: ((k >= 5908128) AND (k <= 5908228))

for range-covered
table 1 : explain SELECT k FROM sbtest1 WHERE k BETWEEN 4656753 AND 4656853
	Index Only Scan using k_1 on sbtest1  (cost=0.43..10.56 rows=106 width=4)
	  Index Cond: ((k >= 4656753) AND (k <= 4656853))

table 2 : explain SELECT k FROM sbtest2 WHERE k BETWEEN 4656753 AND 4656853
	Index Only Scan using k_2 on sbtest2  (cost=0.43..10.44 rows=100 width=4)
	  Index Cond: ((k >= 4656753) AND (k <= 4656853))

table 3 : explain SELECT k FROM sbtest3 WHERE k BETWEEN 4656753 AND 4656853
	Index Only Scan using k_3 on sbtest3  (cost=0.43..10.70 rows=113 width=4)
	  Index Cond: ((k >= 4656753) AND (k <= 4656853))

table 4 : explain SELECT k FROM sbtest4 WHERE k BETWEEN 4656753 AND 4656853
	Index Only Scan using k_4 on sbtest4  (cost=0.43..10.60 rows=108 width=4)
	  Index Cond: ((k >= 4656753) AND (k <= 4656853))

table 5 : explain SELECT k FROM sbtest5 WHERE k BETWEEN 4656753 AND 4656853
	Index Only Scan using k_5 on sbtest5  (cost=0.43..10.51 rows=104 width=4)
	  Index Cond: ((k >= 4656753) AND (k <= 4656853))

table 6 : explain SELECT k FROM sbtest6 WHERE k BETWEEN 4656753 AND 4656853
	Index Only Scan using k_6 on sbtest6  (cost=0.43..10.74 rows=115 width=4)
	  Index Cond: ((k >= 4656753) AND (k <= 4656853))

table 7 : explain SELECT k FROM sbtest7 WHERE k BETWEEN 4656753 AND 4656853
	Index Only Scan using k_7 on sbtest7  (cost=0.43..10.58 rows=107 width=4)
	  Index Cond: ((k >= 4656753) AND (k <= 4656853))

table 8 : explain SELECT k FROM sbtest8 WHERE k BETWEEN 4656753 AND 4656853
	Index Only Scan using k_8 on sbtest8  (cost=0.43..10.76 rows=116 width=4)
	  Index Cond: ((k >= 4656753) AND (k <= 4656853))

explain: for range-covered :: explain SELECT k FROM sbtest%d WHERE k BETWEEN 5908128 AND 5908228
explain: for range-covered :: explain SELECT k FROM sbtest%d WHERE k BETWEEN 4656753 AND 4656853
for range-covered
table 1 : explain SELECT k FROM sbtest1 WHERE k BETWEEN 6383390 AND 6383490
	Index Only Scan using k_1 on sbtest1  (cost=0.43..10.42 rows=99 width=4)
	  Index Cond: ((k >= 6383390) AND (k <= 6383490))

table 2 : explain SELECT k FROM sbtest2 WHERE k BETWEEN 6383390 AND 6383490
	Index Only Scan using k_2 on sbtest2  (cost=0.43..10.42 rows=99 width=4)
	  Index Cond: ((k >= 6383390) AND (k <= 6383490))

table 3 : explain SELECT k FROM sbtest3 WHERE k BETWEEN 6383390 AND 6383490
	Index Only Scan using k_3 on sbtest3  (cost=0.43..10.42 rows=99 width=4)
	  Index Cond: ((k >= 6383390) AND (k <= 6383490))

table 4 : explain SELECT k FROM sbtest4 WHERE k BETWEEN 6383390 AND 6383490
	Index Only Scan using k_4 on sbtest4  (cost=0.43..10.42 rows=99 width=4)
	  Index Cond: ((k >= 6383390) AND (k <= 6383490))

table 5 : explain SELECT k FROM sbtest5 WHERE k BETWEEN 6383390 AND 6383490
	Index Only Scan using k_5 on sbtest5  (cost=0.43..10.47 rows=102 width=4)
	  Index Cond: ((k >= 6383390) AND (k <= 6383490))

table 6 : explain SELECT k FROM sbtest6 WHERE k BETWEEN 6383390 AND 6383490
	Index Only Scan using k_6 on sbtest6  (cost=0.43..10.65 rows=111 width=4)
	  Index Cond: ((k >= 6383390) AND (k <= 6383490))

table 7 : explain SELECT k FROM sbtest7 WHERE k BETWEEN 6383390 AND 6383490
	Index Only Scan using k_7 on sbtest7  (cost=0.43..10.56 rows=106 width=4)
	  Index Cond: ((k >= 6383390) AND (k <= 6383490))

table 8 : explain SELECT k FROM sbtest8 WHERE k BETWEEN 6383390 AND 6383490
	Index Only Scan using k_8 on sbtest8  (cost=0.43..10.51 rows=104 width=4)
	  Index Cond: ((k >= 6383390) AND (k <= 6383490))

explain: for range-covered :: explain SELECT k FROM sbtest%d WHERE k BETWEEN 6383390 AND 6383490
for range-covered
table 1 : explain SELECT k FROM sbtest1 WHERE k BETWEEN 3079812 AND 3079912
	Index Only Scan using k_1 on sbtest1  (cost=0.43..10.62 rows=109 width=4)
	  Index Cond: ((k >= 3079812) AND (k <= 3079912))

table 2 : explain SELECT k FROM sbtest2 WHERE k BETWEEN 3079812 AND 3079912
	Index Only Scan using k_2 on sbtest2  (cost=0.43..10.56 rows=106 width=4)
	  Index Cond: ((k >= 3079812) AND (k <= 3079912))

table 3 : explain SELECT k FROM sbtest3 WHERE k BETWEEN 3079812 AND 3079912
	Index Only Scan using k_3 on sbtest3  (cost=0.43..10.65 rows=111 width=4)
	  Index Cond: ((k >= 3079812) AND (k <= 3079912))

table 4 : explain SELECT k FROM sbtest4 WHERE k BETWEEN 3079812 AND 3079912
	Index Only Scan using k_4 on sbtest4  (cost=0.43..10.60 rows=108 width=4)
	  Index Cond: ((k >= 3079812) AND (k <= 3079912))

table 5 : explain SELECT k FROM sbtest5 WHERE k BETWEEN 3079812 AND 3079912
	Index Only Scan using k_5 on sbtest5  (cost=0.43..10.51 rows=104 width=4)
	  Index Cond: ((k >= 3079812) AND (k <= 3079912))

table 6 : explain SELECT k FROM sbtest6 WHERE k BETWEEN 3079812 AND 3079912
	Index Only Scan using k_6 on sbtest6  (cost=0.43..10.68 rows=112 width=4)
	  Index Cond: ((k >= 3079812) AND (k <= 3079912))

table 7 : explain SELECT k FROM sbtest7 WHERE k BETWEEN 3079812 AND 3079912
	Index Only Scan using k_7 on sbtest7  (cost=0.43..10.50 rows=103 width=4)
	  Index Cond: ((k >= 3079812) AND (k <= 3079912))

table 8 : explain SELECT k FROM sbtest8 WHERE k BETWEEN 3079812 AND 3079912
	Index Only Scan using k_8 on sbtest8  (cost=0.43..10.50 rows=103 width=4)
	  Index Cond: ((k >= 3079812) AND (k <= 3079912))

explain: for range-covered :: explain SELECT k FROM sbtest%d WHERE k BETWEEN 3079812 AND 3079912
for range-covered
table 1 : explain SELECT k FROM sbtest1 WHERE k BETWEEN 2060915 AND 2061015
	Index Only Scan using k_1 on sbtest1  (cost=0.43..10.50 rows=103 width=4)
	  Index Cond: ((k >= 2060915) AND (k <= 2061015))

table 2 : explain SELECT k FROM sbtest2 WHERE k BETWEEN 2060915 AND 2061015
	Index Only Scan using k_2 on sbtest2  (cost=0.43..10.46 rows=101 width=4)
	  Index Cond: ((k >= 2060915) AND (k <= 2061015))

table 3 : explain SELECT k FROM sbtest3 WHERE k BETWEEN 2060915 AND 2061015
	Index Only Scan using k_3 on sbtest3  (cost=0.43..10.46 rows=101 width=4)
	  Index Cond: ((k >= 2060915) AND (k <= 2061015))

table 4 : explain SELECT k FROM sbtest4 WHERE k BETWEEN 2060915 AND 2061015
	Index Only Scan using k_4 on sbtest4  (cost=0.43..10.68 rows=112 width=4)
	  Index Cond: ((k >= 2060915) AND (k <= 2061015))

table 5 : explain SELECT k FROM sbtest5 WHERE k BETWEEN 2060915 AND 2061015
	Index Only Scan using k_5 on sbtest5  (cost=0.43..10.32 rows=94 width=4)
	  Index Cond: ((k >= 2060915) AND (k <= 2061015))

table 6 : explain SELECT k FROM sbtest6 WHERE k BETWEEN 2060915 AND 2061015
	Index Only Scan using k_6 on sbtest6  (cost=0.43..10.47 rows=102 width=4)
	  Index Cond: ((k >= 2060915) AND (k <= 2061015))

table 7 : explain SELECT k FROM sbtest7 WHERE k BETWEEN 2060915 AND 2061015
	Index Only Scan using k_7 on sbtest7  (cost=0.43..10.50 rows=103 width=4)
	  Index Cond: ((k >= 2060915) AND (k <= 2061015))

table 8 : explain SELECT k FROM sbtest8 WHERE k BETWEEN 2060915 AND 2061015
	Index Only Scan using k_8 on sbtest8  (cost=0.43..10.62 rows=109 width=4)
	  Index Cond: ((k >= 2060915) AND (k <= 2061015))

for range-covered
table 1 : explain SELECT k FROM sbtest1 WHERE k BETWEEN 2976783 AND 2976883
	Index Only Scan using k_1 on sbtest1  (cost=0.43..10.68 rows=112 width=4)
	  Index Cond: ((k >= 2976783) AND (k <= 2976883))

table 2 : explain SELECT k FROM sbtest2 WHERE k BETWEEN 2976783 AND 2976883
	Index Only Scan using k_2 on sbtest2  (cost=0.43..10.50 rows=103 width=4)
	  Index Cond: ((k >= 2976783) AND (k <= 2976883))

table 3 : explain SELECT k FROM sbtest3 WHERE k BETWEEN 2976783 AND 2976883
	Index Only Scan using k_3 on sbtest3  (cost=0.43..10.33 rows=95 width=4)
	  Index Cond: ((k >= 2976783) AND (k <= 2976883))

table 4 : explain SELECT k FROM sbtest4 WHERE k BETWEEN 2976783 AND 2976883
	Index Only Scan using k_4 on sbtest4  (cost=0.43..10.56 rows=106 width=4)
	  Index Cond: ((k >= 2976783) AND (k <= 2976883))

table 5 : explain SELECT k FROM sbtest5 WHERE k BETWEEN 2976783 AND 2976883
	Index Only Scan using k_5 on sbtest5  (cost=0.43..10.46 rows=101 width=4)
	  Index Cond: ((k >= 2976783) AND (k <= 2976883))

table 6 : explain SELECT k FROM sbtest6 WHERE k BETWEEN 2976783 AND 2976883
	Index Only Scan using k_6 on sbtest6  (cost=0.43..10.78 rows=117 width=4)
	  Index Cond: ((k >= 2976783) AND (k <= 2976883))

table 7 : explain SELECT k FROM sbtest7 WHERE k BETWEEN 2976783 AND 2976883
	Index Only Scan using k_7 on sbtest7  (cost=0.43..10.63 rows=110 width=4)
	  Index Cond: ((k >= 2976783) AND (k <= 2976883))

table 8 : explain SELECT k FROM sbtest8 WHERE k BETWEEN 2976783 AND 2976883
	Index Only Scan using k_8 on sbtest8  (cost=0.43..10.51 rows=104 width=4)
	  Index Cond: ((k >= 2976783) AND (k <= 2976883))
for range-covered
table 1 : explain SELECT k FROM sbtest1 WHERE k BETWEEN 3796231 AND 3796331
	Index Only Scan using k_1 on sbtest1  (cost=0.43..10.72 rows=114 width=4)
	  Index Cond: ((k >= 3796231) AND (k <= 3796331))

table 2 : explain SELECT k FROM sbtest2 WHERE k BETWEEN 3796231 AND 3796331
	Index Only Scan using k_2 on sbtest2  (cost=0.43..10.62 rows=109 width=4)
	  Index Cond: ((k >= 3796231) AND (k <= 3796331))

table 3 : explain SELECT k FROM sbtest3 WHERE k BETWEEN 3796231 AND 3796331
	Index Only Scan using k_3 on sbtest3  (cost=0.43..10.32 rows=94 width=4)
	  Index Cond: ((k >= 3796231) AND (k <= 3796331))

table 4 : explain SELECT k FROM sbtest4 WHERE k BETWEEN 3796231 AND 3796331
	Index Only Scan using k_4 on sbtest4  (cost=0.43..10.47 rows=102 width=4)
	  Index Cond: ((k >= 3796231) AND (k <= 3796331))

table 5 : explain SELECT k FROM sbtest5 WHERE k BETWEEN 3796231 AND 3796331
	Index Only Scan using k_5 on sbtest5  (cost=0.43..10.24 rows=90 width=4)
	  Index Cond: ((k >= 3796231) AND (k <= 3796331))

table 6 : explain SELECT k FROM sbtest6 WHERE k BETWEEN 3796231 AND 3796331
	Index Only Scan using k_6 on sbtest6  (cost=0.43..10.51 rows=104 width=4)
	  Index Cond: ((k >= 3796231) AND (k <= 3796331))

table 7 : explain SELECT k FROM sbtest7 WHERE k BETWEEN 3796231 AND 3796331
	Index Only Scan using k_7 on sbtest7  (cost=0.43..10.58 rows=107 width=4)
	  Index Cond: ((k >= 3796231) AND (k <= 3796331))

table 8 : explain SELECT k FROM sbtest8 WHERE k BETWEEN 3796231 AND 3796331
	Index Only Scan using k_8 on sbtest8  (cost=0.43..10.42 rows=99 width=4)
	  Index Cond: ((k >= 3796231) AND (k <= 3796331))


explain: for range-covered :: explain SELECT k FROM sbtest%d WHERE k BETWEEN 2060915 AND 2061015
for range-covered
table 1 : explain SELECT k FROM sbtest1 WHERE k BETWEEN 5908128 AND 5908228
	Index Only Scan using k_1 on sbtest1  (cost=0.43..10.60 rows=108 width=4)
	  Index Cond: ((k >= 5908128) AND (k <= 5908228))

table 2 : explain SELECT k FROM sbtest2 WHERE k BETWEEN 5908128 AND 5908228
	Index Only Scan using k_2 on sbtest2  (cost=0.43..10.46 rows=101 width=4)
	  Index Cond: ((k >= 5908128) AND (k <= 5908228))

table 3 : explain SELECT k FROM sbtest3 WHERE k BETWEEN 5908128 AND 5908228
	Index Only Scan using k_3 on sbtest3  (cost=0.43..10.44 rows=100 width=4)
	  Index Cond: ((k >= 5908128) AND (k <= 5908228))

table 4 : explain SELECT k FROM sbtest4 WHERE k BETWEEN 5908128 AND 5908228
	Index Only Scan using k_4 on sbtest4  (cost=0.43..10.70 rows=113 width=4)
	  Index Cond: ((k >= 5908128) AND (k <= 5908228))

table 5 : explain SELECT k FROM sbtest5 WHERE k BETWEEN 5908128 AND 5908228
	Index Only Scan using k_5 on sbtest5  (cost=0.43..10.33 rows=95 width=4)
	  Index Cond: ((k >= 5908128) AND (k <= 5908228))

table 6 : explain SELECT k FROM sbtest6 WHERE k BETWEEN 5908128 AND 5908228
	Index Only Scan using k_6 on sbtest6  (cost=0.43..10.29 rows=93 width=4)
	  Index Cond: ((k >= 5908128) AND (k <= 5908228))

table 7 : explain SELECT k FROM sbtest7 WHERE k BETWEEN 5908128 AND 5908228
	Index Only Scan using k_7 on sbtest7  (cost=0.43..10.38 rows=97 width=4)
	  Index Cond: ((k >= 5908128) AND (k <= 5908228))

table 8 : explain SELECT k FROM sbtest8 WHERE k BETWEEN 5908128 AND 5908228
	Index Only Scan using k_8 on sbtest8  (cost=0.43..10.38 rows=97 width=4)
	  Index Cond: ((k >= 5908128) AND (k <= 5908228))

explain: for range-covered :: explain SELECT k FROM sbtest%d WHERE k BETWEEN 3796231 AND 3796331
explain: for range-covered :: explain SELECT k FROM sbtest%d WHERE k BETWEEN 5908128 AND 5908228
for range-covered
table 1 : explain SELECT k FROM sbtest1 WHERE k BETWEEN 4656753 AND 4656853
	Index Only Scan using k_1 on sbtest1  (cost=0.43..10.56 rows=106 width=4)
	  Index Cond: ((k >= 4656753) AND (k <= 4656853))

table 2 : explain SELECT k FROM sbtest2 WHERE k BETWEEN 4656753 AND 4656853
	Index Only Scan using k_2 on sbtest2  (cost=0.43..10.44 rows=100 width=4)
	  Index Cond: ((k >= 4656753) AND (k <= 4656853))

table 3 : explain SELECT k FROM sbtest3 WHERE k BETWEEN 4656753 AND 4656853
	Index Only Scan using k_3 on sbtest3  (cost=0.43..10.70 rows=113 width=4)
	  Index Cond: ((k >= 4656753) AND (k <= 4656853))

table 4 : explain SELECT k FROM sbtest4 WHERE k BETWEEN 4656753 AND 4656853
	Index Only Scan using k_4 on sbtest4  (cost=0.43..10.60 rows=108 width=4)
	  Index Cond: ((k >= 4656753) AND (k <= 4656853))

table 5 : explain SELECT k FROM sbtest5 WHERE k BETWEEN 4656753 AND 4656853
	Index Only Scan using k_5 on sbtest5  (cost=0.43..10.51 rows=104 width=4)
	  Index Cond: ((k >= 4656753) AND (k <= 4656853))

table 6 : explain SELECT k FROM sbtest6 WHERE k BETWEEN 4656753 AND 4656853
	Index Only Scan using k_6 on sbtest6  (cost=0.43..10.74 rows=115 width=4)
	  Index Cond: ((k >= 4656753) AND (k <= 4656853))

table 7 : explain SELECT k FROM sbtest7 WHERE k BETWEEN 4656753 AND 4656853
	Index Only Scan using k_7 on sbtest7  (cost=0.43..10.58 rows=107 width=4)
	  Index Cond: ((k >= 4656753) AND (k <= 4656853))

table 8 : explain SELECT k FROM sbtest8 WHERE k BETWEEN 4656753 AND 4656853
	Index Only Scan using k_8 on sbtest8  (cost=0.43..10.76 rows=116 width=4)
	  Index Cond: ((k >= 4656753) AND (k <= 4656853))

explain: for range-covered :: explain SELECT k FROM sbtest%d WHERE k BETWEEN 4656753 AND 4656853
for range-covered
table 1 : explain SELECT k FROM sbtest1 WHERE k BETWEEN 6383390 AND 6383490
	Index Only Scan using k_1 on sbtest1  (cost=0.43..10.42 rows=99 width=4)
	  Index Cond: ((k >= 6383390) AND (k <= 6383490))

table 2 : explain SELECT k FROM sbtest2 WHERE k BETWEEN 6383390 AND 6383490
	Index Only Scan using k_2 on sbtest2  (cost=0.43..10.42 rows=99 width=4)
	  Index Cond: ((k >= 6383390) AND (k <= 6383490))

table 3 : explain SELECT k FROM sbtest3 WHERE k BETWEEN 6383390 AND 6383490
	Index Only Scan using k_3 on sbtest3  (cost=0.43..10.42 rows=99 width=4)
	  Index Cond: ((k >= 6383390) AND (k <= 6383490))

table 4 : explain SELECT k FROM sbtest4 WHERE k BETWEEN 6383390 AND 6383490
	Index Only Scan using k_4 on sbtest4  (cost=0.43..10.42 rows=99 width=4)
	  Index Cond: ((k >= 6383390) AND (k <= 6383490))

table 5 : explain SELECT k FROM sbtest5 WHERE k BETWEEN 6383390 AND 6383490
	Index Only Scan using k_5 on sbtest5  (cost=0.43..10.47 rows=102 width=4)
	  Index Cond: ((k >= 6383390) AND (k <= 6383490))

table 6 : explain SELECT k FROM sbtest6 WHERE k BETWEEN 6383390 AND 6383490
	Index Only Scan using k_6 on sbtest6  (cost=0.43..10.65 rows=111 width=4)
	  Index Cond: ((k >= 6383390) AND (k <= 6383490))

table 7 : explain SELECT k FROM sbtest7 WHERE k BETWEEN 6383390 AND 6383490
	Index Only Scan using k_7 on sbtest7  (cost=0.43..10.56 rows=106 width=4)
	  Index Cond: ((k >= 6383390) AND (k <= 6383490))

table 8 : explain SELECT k FROM sbtest8 WHERE k BETWEEN 6383390 AND 6383490
	Index Only Scan using k_8 on sbtest8  (cost=0.43..10.51 rows=104 width=4)
	  Index Cond: ((k >= 6383390) AND (k <= 6383490))

explain: for range-covered :: explain SELECT k FROM sbtest%d WHERE k BETWEEN 6383390 AND 6383490
for range-covered
table 1 : explain SELECT k FROM sbtest1 WHERE k BETWEEN 3079812 AND 3079912
	Index Only Scan using k_1 on sbtest1  (cost=0.43..10.62 rows=109 width=4)
	  Index Cond: ((k >= 3079812) AND (k <= 3079912))

table 2 : explain SELECT k FROM sbtest2 WHERE k BETWEEN 3079812 AND 3079912
	Index Only Scan using k_2 on sbtest2  (cost=0.43..10.56 rows=106 width=4)
	  Index Cond: ((k >= 3079812) AND (k <= 3079912))

table 3 : explain SELECT k FROM sbtest3 WHERE k BETWEEN 3079812 AND 3079912
	Index Only Scan using k_3 on sbtest3  (cost=0.43..10.65 rows=111 width=4)
	  Index Cond: ((k >= 3079812) AND (k <= 3079912))

table 4 : explain SELECT k FROM sbtest4 WHERE k BETWEEN 3079812 AND 3079912
	Index Only Scan using k_4 on sbtest4  (cost=0.43..10.60 rows=108 width=4)
	  Index Cond: ((k >= 3079812) AND (k <= 3079912))

table 5 : explain SELECT k FROM sbtest5 WHERE k BETWEEN 3079812 AND 3079912
	Index Only Scan using k_5 on sbtest5  (cost=0.43..10.51 rows=104 width=4)
	  Index Cond: ((k >= 3079812) AND (k <= 3079912))

table 6 : explain SELECT k FROM sbtest6 WHERE k BETWEEN 3079812 AND 3079912
	Index Only Scan using k_6 on sbtest6  (cost=0.43..10.68 rows=112 width=4)
	  Index Cond: ((k >= 3079812) AND (k <= 3079912))

table 7 : explain SELECT k FROM sbtest7 WHERE k BETWEEN 3079812 AND 3079912
	Index Only Scan using k_7 on sbtest7  (cost=0.43..10.50 rows=103 width=4)
	  Index Cond: ((k >= 3079812) AND (k <= 3079912))

table 8 : explain SELECT k FROM sbtest8 WHERE k BETWEEN 3079812 AND 3079912
	Index Only Scan using k_8 on sbtest8  (cost=0.43..10.50 rows=103 width=4)
	  Index Cond: ((k >= 3079812) AND (k <= 3079912))

for range-covered
table 1 : explain SELECT k FROM sbtest1 WHERE k BETWEEN 2060915 AND 2061015
	Index Only Scan using k_1 on sbtest1  (cost=0.43..10.50 rows=103 width=4)
	  Index Cond: ((k >= 2060915) AND (k <= 2061015))

table 2 : explain SELECT k FROM sbtest2 WHERE k BETWEEN 2060915 AND 2061015
	Index Only Scan using k_2 on sbtest2  (cost=0.43..10.46 rows=101 width=4)
	  Index Cond: ((k >= 2060915) AND (k <= 2061015))

table 3 : explain SELECT k FROM sbtest3 WHERE k BETWEEN 2060915 AND 2061015
	Index Only Scan using k_3 on sbtest3  (cost=0.43..10.46 rows=101 width=4)
	  Index Cond: ((k >= 2060915) AND (k <= 2061015))

table 4 : explain SELECT k FROM sbtest4 WHERE k BETWEEN 2060915 AND 2061015
	Index Only Scan using k_4 on sbtest4  (cost=0.43..10.68 rows=112 width=4)
	  Index Cond: ((k >= 2060915) AND (k <= 2061015))

table 5 : explain SELECT k FROM sbtest5 WHERE k BETWEEN 2060915 AND 2061015
	Index Only Scan using k_5 on sbtest5  (cost=0.43..10.32 rows=94 width=4)
	  Index Cond: ((k >= 2060915) AND (k <= 2061015))

table 6 : explain SELECT k FROM sbtest6 WHERE k BETWEEN 2060915 AND 2061015
	Index Only Scan using k_6 on sbtest6  (cost=0.43..10.47 rows=102 width=4)
	  Index Cond: ((k >= 2060915) AND (k <= 2061015))

table 7 : explain SELECT k FROM sbtest7 WHERE k BETWEEN 2060915 AND 2061015
	Index Only Scan using k_7 on sbtest7  (cost=0.43..10.50 rows=103 width=4)
	  Index Cond: ((k >= 2060915) AND (k <= 2061015))

table 8 : explain SELECT k FROM sbtest8 WHERE k BETWEEN 2060915 AND 2061015
	Index Only Scan using k_8 on sbtest8  (cost=0.43..10.62 rows=109 width=4)
	  Index Cond: ((k >= 2060915) AND (k <= 2061015))

for range-covered
table 1 : explain SELECT k FROM sbtest1 WHERE k BETWEEN 3796231 AND 3796331
	Index Only Scan using k_1 on sbtest1  (cost=0.43..10.72 rows=114 width=4)
	  Index Cond: ((k >= 3796231) AND (k <= 3796331))

table 2 : explain SELECT k FROM sbtest2 WHERE k BETWEEN 3796231 AND 3796331
	Index Only Scan using k_2 on sbtest2  (cost=0.43..10.62 rows=109 width=4)
	  Index Cond: ((k >= 3796231) AND (k <= 3796331))

table 3 : explain SELECT k FROM sbtest3 WHERE k BETWEEN 3796231 AND 3796331
	Index Only Scan using k_3 on sbtest3  (cost=0.43..10.32 rows=94 width=4)
	  Index Cond: ((k >= 3796231) AND (k <= 3796331))

table 4 : explain SELECT k FROM sbtest4 WHERE k BETWEEN 3796231 AND 3796331
	Index Only Scan using k_4 on sbtest4  (cost=0.43..10.47 rows=102 width=4)
	  Index Cond: ((k >= 3796231) AND (k <= 3796331))

table 5 : explain SELECT k FROM sbtest5 WHERE k BETWEEN 3796231 AND 3796331
	Index Only Scan using k_5 on sbtest5  (cost=0.43..10.24 rows=90 width=4)
	  Index Cond: ((k >= 3796231) AND (k <= 3796331))

table 6 : explain SELECT k FROM sbtest6 WHERE k BETWEEN 3796231 AND 3796331
	Index Only Scan using k_6 on sbtest6  (cost=0.43..10.51 rows=104 width=4)
	  Index Cond: ((k >= 3796231) AND (k <= 3796331))

table 7 : explain SELECT k FROM sbtest7 WHERE k BETWEEN 3796231 AND 3796331
	Index Only Scan using k_7 on sbtest7  (cost=0.43..10.58 rows=107 width=4)
	  Index Cond: ((k >= 3796231) AND (k <= 3796331))

table 8 : explain SELECT k FROM sbtest8 WHERE k BETWEEN 3796231 AND 3796331
	Index Only Scan using k_8 on sbtest8  (cost=0.43..10.42 rows=99 width=4)
	  Index Cond: ((k >= 3796231) AND (k <= 3796331))

explain: for range-covered :: explain SELECT k FROM sbtest%d WHERE k BETWEEN 2060915 AND 2061015
for range-covered
table 1 : explain SELECT k FROM sbtest1 WHERE k BETWEEN 5908128 AND 5908228
	Index Only Scan using k_1 on sbtest1  (cost=0.43..10.60 rows=108 width=4)
	  Index Cond: ((k >= 5908128) AND (k <= 5908228))

table 2 : explain SELECT k FROM sbtest2 WHERE k BETWEEN 5908128 AND 5908228
	Index Only Scan using k_2 on sbtest2  (cost=0.43..10.46 rows=101 width=4)
	  Index Cond: ((k >= 5908128) AND (k <= 5908228))

table 3 : explain SELECT k FROM sbtest3 WHERE k BETWEEN 5908128 AND 5908228
	Index Only Scan using k_3 on sbtest3  (cost=0.43..10.44 rows=100 width=4)
	  Index Cond: ((k >= 5908128) AND (k <= 5908228))

table 4 : explain SELECT k FROM sbtest4 WHERE k BETWEEN 5908128 AND 5908228
	Index Only Scan using k_4 on sbtest4  (cost=0.43..10.70 rows=113 width=4)
	  Index Cond: ((k >= 5908128) AND (k <= 5908228))

table 5 : explain SELECT k FROM sbtest5 WHERE k BETWEEN 5908128 AND 5908228
	Index Only Scan using k_5 on sbtest5  (cost=0.43..10.33 rows=95 width=4)
	  Index Cond: ((k >= 5908128) AND (k <= 5908228))

table 6 : explain SELECT k FROM sbtest6 WHERE k BETWEEN 5908128 AND 5908228
	Index Only Scan using k_6 on sbtest6  (cost=0.43..10.29 rows=93 width=4)
	  Index Cond: ((k >= 5908128) AND (k <= 5908228))

table 7 : explain SELECT k FROM sbtest7 WHERE k BETWEEN 5908128 AND 5908228
	Index Only Scan using k_7 on sbtest7  (cost=0.43..10.38 rows=97 width=4)
	  Index Cond: ((k >= 5908128) AND (k <= 5908228))

table 8 : explain SELECT k FROM sbtest8 WHERE k BETWEEN 5908128 AND 5908228
	Index Only Scan using k_8 on sbtest8  (cost=0.43..10.38 rows=97 width=4)
	  Index Cond: ((k >= 5908128) AND (k <= 5908228))

explain: for range-covered :: explain SELECT k FROM sbtest%d WHERE k BETWEEN 3796231 AND 3796331
for range-covered
table 1 : explain SELECT k FROM sbtest1 WHERE k BETWEEN 4656753 AND 4656853
	Index Only Scan using k_1 on sbtest1  (cost=0.43..10.56 rows=106 width=4)
	  Index Cond: ((k >= 4656753) AND (k <= 4656853))

table 2 : explain SELECT k FROM sbtest2 WHERE k BETWEEN 4656753 AND 4656853
	Index Only Scan using k_2 on sbtest2  (cost=0.43..10.44 rows=100 width=4)
	  Index Cond: ((k >= 4656753) AND (k <= 4656853))

table 3 : explain SELECT k FROM sbtest3 WHERE k BETWEEN 4656753 AND 4656853
	Index Only Scan using k_3 on sbtest3  (cost=0.43..10.70 rows=113 width=4)
	  Index Cond: ((k >= 4656753) AND (k <= 4656853))

table 4 : explain SELECT k FROM sbtest4 WHERE k BETWEEN 4656753 AND 4656853
	Index Only Scan using k_4 on sbtest4  (cost=0.43..10.60 rows=108 width=4)
	  Index Cond: ((k >= 4656753) AND (k <= 4656853))

table 5 : explain SELECT k FROM sbtest5 WHERE k BETWEEN 4656753 AND 4656853
	Index Only Scan using k_5 on sbtest5  (cost=0.43..10.51 rows=104 width=4)
	  Index Cond: ((k >= 4656753) AND (k <= 4656853))

table 6 : explain SELECT k FROM sbtest6 WHERE k BETWEEN 4656753 AND 4656853
	Index Only Scan using k_6 on sbtest6  (cost=0.43..10.74 rows=115 width=4)
	  Index Cond: ((k >= 4656753) AND (k <= 4656853))

table 7 : explain SELECT k FROM sbtest7 WHERE k BETWEEN 4656753 AND 4656853
	Index Only Scan using k_7 on sbtest7  (cost=0.43..10.58 rows=107 width=4)
	  Index Cond: ((k >= 4656753) AND (k <= 4656853))

table 8 : explain SELECT k FROM sbtest8 WHERE k BETWEEN 4656753 AND 4656853
	Index Only Scan using k_8 on sbtest8  (cost=0.43..10.76 rows=116 width=4)
	  Index Cond: ((k >= 4656753) AND (k <= 4656853))

explain: for range-covered :: explain SELECT k FROM sbtest%d WHERE k BETWEEN 4656753 AND 4656853
for range-covered
table 1 : explain SELECT k FROM sbtest1 WHERE k BETWEEN 6383390 AND 6383490
	Index Only Scan using k_1 on sbtest1  (cost=0.43..10.42 rows=99 width=4)
	  Index Cond: ((k >= 6383390) AND (k <= 6383490))

table 2 : explain SELECT k FROM sbtest2 WHERE k BETWEEN 6383390 AND 6383490
	Index Only Scan using k_2 on sbtest2  (cost=0.43..10.42 rows=99 width=4)
	  Index Cond: ((k >= 6383390) AND (k <= 6383490))

table 3 : explain SELECT k FROM sbtest3 WHERE k BETWEEN 6383390 AND 6383490
	Index Only Scan using k_3 on sbtest3  (cost=0.43..10.42 rows=99 width=4)
	  Index Cond: ((k >= 6383390) AND (k <= 6383490))

table 4 : explain SELECT k FROM sbtest4 WHERE k BETWEEN 6383390 AND 6383490
	Index Only Scan using k_4 on sbtest4  (cost=0.43..10.42 rows=99 width=4)
	  Index Cond: ((k >= 6383390) AND (k <= 6383490))

table 5 : explain SELECT k FROM sbtest5 WHERE k BETWEEN 6383390 AND 6383490
	Index Only Scan using k_5 on sbtest5  (cost=0.43..10.47 rows=102 width=4)
	  Index Cond: ((k >= 6383390) AND (k <= 6383490))

table 6 : explain SELECT k FROM sbtest6 WHERE k BETWEEN 6383390 AND 6383490
	Index Only Scan using k_6 on sbtest6  (cost=0.43..10.65 rows=111 width=4)
	  Index Cond: ((k >= 6383390) AND (k <= 6383490))

table 7 : explain SELECT k FROM sbtest7 WHERE k BETWEEN 6383390 AND 6383490
	Index Only Scan using k_7 on sbtest7  (cost=0.43..10.56 rows=106 width=4)
	  Index Cond: ((k >= 6383390) AND (k <= 6383490))

table 8 : explain SELECT k FROM sbtest8 WHERE k BETWEEN 6383390 AND 6383490
	Index Only Scan using k_8 on sbtest8  (cost=0.43..10.51 rows=104 width=4)
	  Index Cond: ((k >= 6383390) AND (k <= 6383490))

for range-covered
table 1 : explain SELECT k FROM sbtest1 WHERE k BETWEEN 2060915 AND 2061015
	Index Only Scan using k_1 on sbtest1  (cost=0.43..10.50 rows=103 width=4)
	  Index Cond: ((k >= 2060915) AND (k <= 2061015))

table 2 : explain SELECT k FROM sbtest2 WHERE k BETWEEN 2060915 AND 2061015
	Index Only Scan using k_2 on sbtest2  (cost=0.43..10.46 rows=101 width=4)
	  Index Cond: ((k >= 2060915) AND (k <= 2061015))

table 3 : explain SELECT k FROM sbtest3 WHERE k BETWEEN 2060915 AND 2061015
	Index Only Scan using k_3 on sbtest3  (cost=0.43..10.46 rows=101 width=4)
	  Index Cond: ((k >= 2060915) AND (k <= 2061015))

table 4 : explain SELECT k FROM sbtest4 WHERE k BETWEEN 2060915 AND 2061015
	Index Only Scan using k_4 on sbtest4  (cost=0.43..10.68 rows=112 width=4)
	  Index Cond: ((k >= 2060915) AND (k <= 2061015))

table 5 : explain SELECT k FROM sbtest5 WHERE k BETWEEN 2060915 AND 2061015
	Index Only Scan using k_5 on sbtest5  (cost=0.43..10.32 rows=94 width=4)
	  Index Cond: ((k >= 2060915) AND (k <= 2061015))

table 6 : explain SELECT k FROM sbtest6 WHERE k BETWEEN 2060915 AND 2061015
	Index Only Scan using k_6 on sbtest6  (cost=0.43..10.47 rows=102 width=4)
	  Index Cond: ((k >= 2060915) AND (k <= 2061015))

table 7 : explain SELECT k FROM sbtest7 WHERE k BETWEEN 2060915 AND 2061015
	Index Only Scan using k_7 on sbtest7  (cost=0.43..10.50 rows=103 width=4)
	  Index Cond: ((k >= 2060915) AND (k <= 2061015))

table 8 : explain SELECT k FROM sbtest8 WHERE k BETWEEN 2060915 AND 2061015
	Index Only Scan using k_8 on sbtest8  (cost=0.43..10.62 rows=109 width=4)
	  Index Cond: ((k >= 2060915) AND (k <= 2061015))

explain: for range-covered :: explain SELECT k FROM sbtest%d WHERE k BETWEEN 2060915 AND 2061015
for range-covered
table 1 : explain SELECT k FROM sbtest1 WHERE k BETWEEN 3796231 AND 3796331
	Index Only Scan using k_1 on sbtest1  (cost=0.43..10.72 rows=114 width=4)
	  Index Cond: ((k >= 3796231) AND (k <= 3796331))

table 2 : explain SELECT k FROM sbtest2 WHERE k BETWEEN 3796231 AND 3796331
	Index Only Scan using k_2 on sbtest2  (cost=0.43..10.62 rows=109 width=4)
	  Index Cond: ((k >= 3796231) AND (k <= 3796331))

table 3 : explain SELECT k FROM sbtest3 WHERE k BETWEEN 3796231 AND 3796331
	Index Only Scan using k_3 on sbtest3  (cost=0.43..10.32 rows=94 width=4)
	  Index Cond: ((k >= 3796231) AND (k <= 3796331))

table 4 : explain SELECT k FROM sbtest4 WHERE k BETWEEN 3796231 AND 3796331
	Index Only Scan using k_4 on sbtest4  (cost=0.43..10.47 rows=102 width=4)
	  Index Cond: ((k >= 3796231) AND (k <= 3796331))

table 5 : explain SELECT k FROM sbtest5 WHERE k BETWEEN 3796231 AND 3796331
	Index Only Scan using k_5 on sbtest5  (cost=0.43..10.24 rows=90 width=4)
	  Index Cond: ((k >= 3796231) AND (k <= 3796331))

table 6 : explain SELECT k FROM sbtest6 WHERE k BETWEEN 3796231 AND 3796331
	Index Only Scan using k_6 on sbtest6  (cost=0.43..10.51 rows=104 width=4)
	  Index Cond: ((k >= 3796231) AND (k <= 3796331))

table 7 : explain SELECT k FROM sbtest7 WHERE k BETWEEN 3796231 AND 3796331
	Index Only Scan using k_7 on sbtest7  (cost=0.43..10.58 rows=107 width=4)
	  Index Cond: ((k >= 3796231) AND (k <= 3796331))

table 8 : explain SELECT k FROM sbtest8 WHERE k BETWEEN 3796231 AND 3796331
	Index Only Scan using k_8 on sbtest8  (cost=0.43..10.42 rows=99 width=4)
	  Index Cond: ((k >= 3796231) AND (k <= 3796331))

explain: for range-covered :: explain SELECT k FROM sbtest%d WHERE k BETWEEN 3796231 AND 3796331
for range-covered
table 1 : explain SELECT k FROM sbtest1 WHERE k BETWEEN 4656753 AND 4656853
	Index Only Scan using k_1 on sbtest1  (cost=0.43..10.56 rows=106 width=4)
	  Index Cond: ((k >= 4656753) AND (k <= 4656853))

table 2 : explain SELECT k FROM sbtest2 WHERE k BETWEEN 4656753 AND 4656853
	Index Only Scan using k_2 on sbtest2  (cost=0.43..10.44 rows=100 width=4)
	  Index Cond: ((k >= 4656753) AND (k <= 4656853))

table 3 : explain SELECT k FROM sbtest3 WHERE k BETWEEN 4656753 AND 4656853
	Index Only Scan using k_3 on sbtest3  (cost=0.43..10.70 rows=113 width=4)
	  Index Cond: ((k >= 4656753) AND (k <= 4656853))

table 4 : explain SELECT k FROM sbtest4 WHERE k BETWEEN 4656753 AND 4656853
	Index Only Scan using k_4 on sbtest4  (cost=0.43..10.60 rows=108 width=4)
	  Index Cond: ((k >= 4656753) AND (k <= 4656853))

table 5 : explain SELECT k FROM sbtest5 WHERE k BETWEEN 4656753 AND 4656853
	Index Only Scan using k_5 on sbtest5  (cost=0.43..10.51 rows=104 width=4)
	  Index Cond: ((k >= 4656753) AND (k <= 4656853))

table 6 : explain SELECT k FROM sbtest6 WHERE k BETWEEN 4656753 AND 4656853
	Index Only Scan using k_6 on sbtest6  (cost=0.43..10.74 rows=115 width=4)
	  Index Cond: ((k >= 4656753) AND (k <= 4656853))

table 7 : explain SELECT k FROM sbtest7 WHERE k BETWEEN 4656753 AND 4656853
	Index Only Scan using k_7 on sbtest7  (cost=0.43..10.58 rows=107 width=4)
	  Index Cond: ((k >= 4656753) AND (k <= 4656853))

table 8 : explain SELECT k FROM sbtest8 WHERE k BETWEEN 4656753 AND 4656853
	Index Only Scan using k_8 on sbtest8  (cost=0.43..10.76 rows=116 width=4)
	  Index Cond: ((k >= 4656753) AND (k <= 4656853))

explain: for range-covered :: explain SELECT k FROM sbtest%d WHERE k BETWEEN 4656753 AND 4656853
for range-covered
table 1 : explain SELECT k FROM sbtest1 WHERE k BETWEEN 2060915 AND 2061015
	Index Only Scan using k_1 on sbtest1  (cost=0.43..10.50 rows=103 width=4)
	  Index Cond: ((k >= 2060915) AND (k <= 2061015))

table 2 : explain SELECT k FROM sbtest2 WHERE k BETWEEN 2060915 AND 2061015
	Index Only Scan using k_2 on sbtest2  (cost=0.43..10.46 rows=101 width=4)
	  Index Cond: ((k >= 2060915) AND (k <= 2061015))

table 3 : explain SELECT k FROM sbtest3 WHERE k BETWEEN 2060915 AND 2061015
	Index Only Scan using k_3 on sbtest3  (cost=0.43..10.46 rows=101 width=4)
	  Index Cond: ((k >= 2060915) AND (k <= 2061015))

table 4 : explain SELECT k FROM sbtest4 WHERE k BETWEEN 2060915 AND 2061015
	Index Only Scan using k_4 on sbtest4  (cost=0.43..10.68 rows=112 width=4)
	  Index Cond: ((k >= 2060915) AND (k <= 2061015))

table 5 : explain SELECT k FROM sbtest5 WHERE k BETWEEN 2060915 AND 2061015
	Index Only Scan using k_5 on sbtest5  (cost=0.43..10.32 rows=94 width=4)
	  Index Cond: ((k >= 2060915) AND (k <= 2061015))

table 6 : explain SELECT k FROM sbtest6 WHERE k BETWEEN 2060915 AND 2061015
	Index Only Scan using k_6 on sbtest6  (cost=0.43..10.47 rows=102 width=4)
	  Index Cond: ((k >= 2060915) AND (k <= 2061015))

table 7 : explain SELECT k FROM sbtest7 WHERE k BETWEEN 2060915 AND 2061015
	Index Only Scan using k_7 on sbtest7  (cost=0.43..10.50 rows=103 width=4)
	  Index Cond: ((k >= 2060915) AND (k <= 2061015))

table 8 : explain SELECT k FROM sbtest8 WHERE k BETWEEN 2060915 AND 2061015
	Index Only Scan using k_8 on sbtest8  (cost=0.43..10.62 rows=109 width=4)
	  Index Cond: ((k >= 2060915) AND (k <= 2061015))

explain: for range-covered :: explain SELECT k FROM sbtest%d WHERE k BETWEEN 2060915 AND 2061015
for range-covered
table 1 : explain SELECT k FROM sbtest1 WHERE k BETWEEN 3796231 AND 3796331
	Index Only Scan using k_1 on sbtest1  (cost=0.43..10.72 rows=114 width=4)
	  Index Cond: ((k >= 3796231) AND (k <= 3796331))

table 2 : explain SELECT k FROM sbtest2 WHERE k BETWEEN 3796231 AND 3796331
	Index Only Scan using k_2 on sbtest2  (cost=0.43..10.62 rows=109 width=4)
	  Index Cond: ((k >= 3796231) AND (k <= 3796331))

table 3 : explain SELECT k FROM sbtest3 WHERE k BETWEEN 3796231 AND 3796331
	Index Only Scan using k_3 on sbtest3  (cost=0.43..10.32 rows=94 width=4)
	  Index Cond: ((k >= 3796231) AND (k <= 3796331))

table 4 : explain SELECT k FROM sbtest4 WHERE k BETWEEN 3796231 AND 3796331
	Index Only Scan using k_4 on sbtest4  (cost=0.43..10.47 rows=102 width=4)
	  Index Cond: ((k >= 3796231) AND (k <= 3796331))

table 5 : explain SELECT k FROM sbtest5 WHERE k BETWEEN 3796231 AND 3796331
	Index Only Scan using k_5 on sbtest5  (cost=0.43..10.24 rows=90 width=4)
	  Index Cond: ((k >= 3796231) AND (k <= 3796331))

table 6 : explain SELECT k FROM sbtest6 WHERE k BETWEEN 3796231 AND 3796331
	Index Only Scan using k_6 on sbtest6  (cost=0.43..10.51 rows=104 width=4)
	  Index Cond: ((k >= 3796231) AND (k <= 3796331))

table 7 : explain SELECT k FROM sbtest7 WHERE k BETWEEN 3796231 AND 3796331
	Index Only Scan using k_7 on sbtest7  (cost=0.43..10.58 rows=107 width=4)
	  Index Cond: ((k >= 3796231) AND (k <= 3796331))

table 8 : explain SELECT k FROM sbtest8 WHERE k BETWEEN 3796231 AND 3796331
	Index Only Scan using k_8 on sbtest8  (cost=0.43..10.42 rows=99 width=4)
	  Index Cond: ((k >= 3796231) AND (k <= 3796331))

explain: for range-covered :: explain SELECT k FROM sbtest%d WHERE k BETWEEN 3796231 AND 3796331
for range-covered
table 1 : explain SELECT k FROM sbtest1 WHERE k BETWEEN 4656753 AND 4656853
	Index Only Scan using k_1 on sbtest1  (cost=0.43..10.56 rows=106 width=4)
	  Index Cond: ((k >= 4656753) AND (k <= 4656853))

table 2 : explain SELECT k FROM sbtest2 WHERE k BETWEEN 4656753 AND 4656853
	Index Only Scan using k_2 on sbtest2  (cost=0.43..10.44 rows=100 width=4)
	  Index Cond: ((k >= 4656753) AND (k <= 4656853))

table 3 : explain SELECT k FROM sbtest3 WHERE k BETWEEN 4656753 AND 4656853
	Index Only Scan using k_3 on sbtest3  (cost=0.43..10.70 rows=113 width=4)
	  Index Cond: ((k >= 4656753) AND (k <= 4656853))

table 4 : explain SELECT k FROM sbtest4 WHERE k BETWEEN 4656753 AND 4656853
	Index Only Scan using k_4 on sbtest4  (cost=0.43..10.60 rows=108 width=4)
	  Index Cond: ((k >= 4656753) AND (k <= 4656853))

table 5 : explain SELECT k FROM sbtest5 WHERE k BETWEEN 4656753 AND 4656853
	Index Only Scan using k_5 on sbtest5  (cost=0.43..10.51 rows=104 width=4)
	  Index Cond: ((k >= 4656753) AND (k <= 4656853))

table 6 : explain SELECT k FROM sbtest6 WHERE k BETWEEN 4656753 AND 4656853
	Index Only Scan using k_6 on sbtest6  (cost=0.43..10.74 rows=115 width=4)
	  Index Cond: ((k >= 4656753) AND (k <= 4656853))

table 7 : explain SELECT k FROM sbtest7 WHERE k BETWEEN 4656753 AND 4656853
	Index Only Scan using k_7 on sbtest7  (cost=0.43..10.58 rows=107 width=4)
	  Index Cond: ((k >= 4656753) AND (k <= 4656853))

table 8 : explain SELECT k FROM sbtest8 WHERE k BETWEEN 4656753 AND 4656853
	Index Only Scan using k_8 on sbtest8  (cost=0.43..10.76 rows=116 width=4)
	  Index Cond: ((k >= 4656753) AND (k <= 4656853))

for range-covered
table 1 : explain SELECT k FROM sbtest1 WHERE k BETWEEN 2060915 AND 2061015
	Index Only Scan using k_1 on sbtest1  (cost=0.43..10.50 rows=103 width=4)
	  Index Cond: ((k >= 2060915) AND (k <= 2061015))

table 2 : explain SELECT k FROM sbtest2 WHERE k BETWEEN 2060915 AND 2061015
	Index Only Scan using k_2 on sbtest2  (cost=0.43..10.46 rows=101 width=4)
	  Index Cond: ((k >= 2060915) AND (k <= 2061015))

table 3 : explain SELECT k FROM sbtest3 WHERE k BETWEEN 2060915 AND 2061015
	Index Only Scan using k_3 on sbtest3  (cost=0.43..10.46 rows=101 width=4)
	  Index Cond: ((k >= 2060915) AND (k <= 2061015))

table 4 : explain SELECT k FROM sbtest4 WHERE k BETWEEN 2060915 AND 2061015
	Index Only Scan using k_4 on sbtest4  (cost=0.43..10.68 rows=112 width=4)
	  Index Cond: ((k >= 2060915) AND (k <= 2061015))

table 5 : explain SELECT k FROM sbtest5 WHERE k BETWEEN 2060915 AND 2061015
	Index Only Scan using k_5 on sbtest5  (cost=0.43..10.32 rows=94 width=4)
	  Index Cond: ((k >= 2060915) AND (k <= 2061015))

table 6 : explain SELECT k FROM sbtest6 WHERE k BETWEEN 2060915 AND 2061015
	Index Only Scan using k_6 on sbtest6  (cost=0.43..10.47 rows=102 width=4)
	  Index Cond: ((k >= 2060915) AND (k <= 2061015))

table 7 : explain SELECT k FROM sbtest7 WHERE k BETWEEN 2060915 AND 2061015
	Index Only Scan using k_7 on sbtest7  (cost=0.43..10.50 rows=103 width=4)
	  Index Cond: ((k >= 2060915) AND (k <= 2061015))

table 8 : explain SELECT k FROM sbtest8 WHERE k BETWEEN 2060915 AND 2061015
	Index Only Scan using k_8 on sbtest8  (cost=0.43..10.62 rows=109 width=4)
	  Index Cond: ((k >= 2060915) AND (k <= 2061015))

explain: for range-covered :: explain SELECT k FROM sbtest%d WHERE k BETWEEN 2060915 AND 2061015
for range-covered
table 1 : explain SELECT k FROM sbtest1 WHERE k BETWEEN 3796231 AND 3796331
	Index Only Scan using k_1 on sbtest1  (cost=0.43..10.72 rows=114 width=4)
	  Index Cond: ((k >= 3796231) AND (k <= 3796331))

table 2 : explain SELECT k FROM sbtest2 WHERE k BETWEEN 3796231 AND 3796331
	Index Only Scan using k_2 on sbtest2  (cost=0.43..10.62 rows=109 width=4)
	  Index Cond: ((k >= 3796231) AND (k <= 3796331))

table 3 : explain SELECT k FROM sbtest3 WHERE k BETWEEN 3796231 AND 3796331
	Index Only Scan using k_3 on sbtest3  (cost=0.43..10.32 rows=94 width=4)
	  Index Cond: ((k >= 3796231) AND (k <= 3796331))

table 4 : explain SELECT k FROM sbtest4 WHERE k BETWEEN 3796231 AND 3796331
	Index Only Scan using k_4 on sbtest4  (cost=0.43..10.47 rows=102 width=4)
	  Index Cond: ((k >= 3796231) AND (k <= 3796331))

table 5 : explain SELECT k FROM sbtest5 WHERE k BETWEEN 3796231 AND 3796331
	Index Only Scan using k_5 on sbtest5  (cost=0.43..10.24 rows=90 width=4)
	  Index Cond: ((k >= 3796231) AND (k <= 3796331))

table 6 : explain SELECT k FROM sbtest6 WHERE k BETWEEN 3796231 AND 3796331
	Index Only Scan using k_6 on sbtest6  (cost=0.43..10.51 rows=104 width=4)
	  Index Cond: ((k >= 3796231) AND (k <= 3796331))

table 7 : explain SELECT k FROM sbtest7 WHERE k BETWEEN 3796231 AND 3796331
	Index Only Scan using k_7 on sbtest7  (cost=0.43..10.58 rows=107 width=4)
	  Index Cond: ((k >= 3796231) AND (k <= 3796331))

table 8 : explain SELECT k FROM sbtest8 WHERE k BETWEEN 3796231 AND 3796331
	Index Only Scan using k_8 on sbtest8  (cost=0.43..10.42 rows=99 width=4)
	  Index Cond: ((k >= 3796231) AND (k <= 3796331))

explain: for range-covered :: explain SELECT k FROM sbtest%d WHERE k BETWEEN 3796231 AND 3796331
for range-covered
table 1 : explain SELECT k FROM sbtest1 WHERE k BETWEEN 2060915 AND 2061015
	Index Only Scan using k_1 on sbtest1  (cost=0.43..10.50 rows=103 width=4)
	  Index Cond: ((k >= 2060915) AND (k <= 2061015))

table 2 : explain SELECT k FROM sbtest2 WHERE k BETWEEN 2060915 AND 2061015
	Index Only Scan using k_2 on sbtest2  (cost=0.43..10.46 rows=101 width=4)
	  Index Cond: ((k >= 2060915) AND (k <= 2061015))

table 3 : explain SELECT k FROM sbtest3 WHERE k BETWEEN 2060915 AND 2061015
	Index Only Scan using k_3 on sbtest3  (cost=0.43..10.46 rows=101 width=4)
	  Index Cond: ((k >= 2060915) AND (k <= 2061015))

table 4 : explain SELECT k FROM sbtest4 WHERE k BETWEEN 2060915 AND 2061015
	Index Only Scan using k_4 on sbtest4  (cost=0.43..10.68 rows=112 width=4)
	  Index Cond: ((k >= 2060915) AND (k <= 2061015))

table 5 : explain SELECT k FROM sbtest5 WHERE k BETWEEN 2060915 AND 2061015
	Index Only Scan using k_5 on sbtest5  (cost=0.43..10.32 rows=94 width=4)
	  Index Cond: ((k >= 2060915) AND (k <= 2061015))

table 6 : explain SELECT k FROM sbtest6 WHERE k BETWEEN 2060915 AND 2061015
	Index Only Scan using k_6 on sbtest6  (cost=0.43..10.47 rows=102 width=4)
	  Index Cond: ((k >= 2060915) AND (k <= 2061015))

table 7 : explain SELECT k FROM sbtest7 WHERE k BETWEEN 2060915 AND 2061015
	Index Only Scan using k_7 on sbtest7  (cost=0.43..10.50 rows=103 width=4)
	  Index Cond: ((k >= 2060915) AND (k <= 2061015))

table 8 : explain SELECT k FROM sbtest8 WHERE k BETWEEN 2060915 AND 2061015
	Index Only Scan using k_8 on sbtest8  (cost=0.43..10.62 rows=109 width=4)
	  Index Cond: ((k >= 2060915) AND (k <= 2061015))

explain: for range-covered :: explain SELECT k FROM sbtest%d WHERE k BETWEEN 2060915 AND 2061015
for range-covered
table 1 : explain SELECT k FROM sbtest1 WHERE k BETWEEN 3796231 AND 3796331
	Index Only Scan using k_1 on sbtest1  (cost=0.43..10.72 rows=114 width=4)
	  Index Cond: ((k >= 3796231) AND (k <= 3796331))

table 2 : explain SELECT k FROM sbtest2 WHERE k BETWEEN 3796231 AND 3796331
	Index Only Scan using k_2 on sbtest2  (cost=0.43..10.62 rows=109 width=4)
	  Index Cond: ((k >= 3796231) AND (k <= 3796331))

table 3 : explain SELECT k FROM sbtest3 WHERE k BETWEEN 3796231 AND 3796331
	Index Only Scan using k_3 on sbtest3  (cost=0.43..10.32 rows=94 width=4)
	  Index Cond: ((k >= 3796231) AND (k <= 3796331))

table 4 : explain SELECT k FROM sbtest4 WHERE k BETWEEN 3796231 AND 3796331
	Index Only Scan using k_4 on sbtest4  (cost=0.43..10.47 rows=102 width=4)
	  Index Cond: ((k >= 3796231) AND (k <= 3796331))

table 5 : explain SELECT k FROM sbtest5 WHERE k BETWEEN 3796231 AND 3796331
	Index Only Scan using k_5 on sbtest5  (cost=0.43..10.24 rows=90 width=4)
	  Index Cond: ((k >= 3796231) AND (k <= 3796331))

table 6 : explain SELECT k FROM sbtest6 WHERE k BETWEEN 3796231 AND 3796331
	Index Only Scan using k_6 on sbtest6  (cost=0.43..10.51 rows=104 width=4)
	  Index Cond: ((k >= 3796231) AND (k <= 3796331))

table 7 : explain SELECT k FROM sbtest7 WHERE k BETWEEN 3796231 AND 3796331
	Index Only Scan using k_7 on sbtest7  (cost=0.43..10.58 rows=107 width=4)
	  Index Cond: ((k >= 3796231) AND (k <= 3796331))

table 8 : explain SELECT k FROM sbtest8 WHERE k BETWEEN 3796231 AND 3796331
	Index Only Scan using k_8 on sbtest8  (cost=0.43..10.42 rows=99 width=4)
	  Index Cond: ((k >= 3796231) AND (k <= 3796331))

explain: for range-covered :: explain SELECT k FROM sbtest%d WHERE k BETWEEN 3796231 AND 3796331
for range-covered
table 1 : explain SELECT k FROM sbtest1 WHERE k BETWEEN 2060915 AND 2061015
	Index Only Scan using k_1 on sbtest1  (cost=0.43..10.50 rows=103 width=4)
	  Index Cond: ((k >= 2060915) AND (k <= 2061015))

table 2 : explain SELECT k FROM sbtest2 WHERE k BETWEEN 2060915 AND 2061015
	Index Only Scan using k_2 on sbtest2  (cost=0.43..10.46 rows=101 width=4)
	  Index Cond: ((k >= 2060915) AND (k <= 2061015))

table 3 : explain SELECT k FROM sbtest3 WHERE k BETWEEN 2060915 AND 2061015
	Index Only Scan using k_3 on sbtest3  (cost=0.43..10.46 rows=101 width=4)
	  Index Cond: ((k >= 2060915) AND (k <= 2061015))

table 4 : explain SELECT k FROM sbtest4 WHERE k BETWEEN 2060915 AND 2061015
	Index Only Scan using k_4 on sbtest4  (cost=0.43..10.68 rows=112 width=4)
	  Index Cond: ((k >= 2060915) AND (k <= 2061015))

table 5 : explain SELECT k FROM sbtest5 WHERE k BETWEEN 2060915 AND 2061015
	Index Only Scan using k_5 on sbtest5  (cost=0.43..10.32 rows=94 width=4)
	  Index Cond: ((k >= 2060915) AND (k <= 2061015))

table 6 : explain SELECT k FROM sbtest6 WHERE k BETWEEN 2060915 AND 2061015
	Index Only Scan using k_6 on sbtest6  (cost=0.43..10.47 rows=102 width=4)
	  Index Cond: ((k >= 2060915) AND (k <= 2061015))

table 7 : explain SELECT k FROM sbtest7 WHERE k BETWEEN 2060915 AND 2061015
	Index Only Scan using k_7 on sbtest7  (cost=0.43..10.50 rows=103 width=4)
	  Index Cond: ((k >= 2060915) AND (k <= 2061015))

table 8 : explain SELECT k FROM sbtest8 WHERE k BETWEEN 2060915 AND 2061015
	Index Only Scan using k_8 on sbtest8  (cost=0.43..10.62 rows=109 width=4)
	  Index Cond: ((k >= 2060915) AND (k <= 2061015))

for range-covered
table 1 : explain SELECT k FROM sbtest1 WHERE k BETWEEN 3796231 AND 3796331
	Index Only Scan using k_1 on sbtest1  (cost=0.43..10.72 rows=114 width=4)
	  Index Cond: ((k >= 3796231) AND (k <= 3796331))

table 2 : explain SELECT k FROM sbtest2 WHERE k BETWEEN 3796231 AND 3796331
	Index Only Scan using k_2 on sbtest2  (cost=0.43..10.62 rows=109 width=4)
	  Index Cond: ((k >= 3796231) AND (k <= 3796331))

table 3 : explain SELECT k FROM sbtest3 WHERE k BETWEEN 3796231 AND 3796331
	Index Only Scan using k_3 on sbtest3  (cost=0.43..10.32 rows=94 width=4)
	  Index Cond: ((k >= 3796231) AND (k <= 3796331))

table 4 : explain SELECT k FROM sbtest4 WHERE k BETWEEN 3796231 AND 3796331
	Index Only Scan using k_4 on sbtest4  (cost=0.43..10.47 rows=102 width=4)
	  Index Cond: ((k >= 3796231) AND (k <= 3796331))

table 5 : explain SELECT k FROM sbtest5 WHERE k BETWEEN 3796231 AND 3796331
	Index Only Scan using k_5 on sbtest5  (cost=0.43..10.24 rows=90 width=4)
	  Index Cond: ((k >= 3796231) AND (k <= 3796331))

table 6 : explain SELECT k FROM sbtest6 WHERE k BETWEEN 3796231 AND 3796331
	Index Only Scan using k_6 on sbtest6  (cost=0.43..10.51 rows=104 width=4)
	  Index Cond: ((k >= 3796231) AND (k <= 3796331))

table 7 : explain SELECT k FROM sbtest7 WHERE k BETWEEN 3796231 AND 3796331
	Index Only Scan using k_7 on sbtest7  (cost=0.43..10.58 rows=107 width=4)
	  Index Cond: ((k >= 3796231) AND (k <= 3796331))

table 8 : explain SELECT k FROM sbtest8 WHERE k BETWEEN 3796231 AND 3796331
	Index Only Scan using k_8 on sbtest8  (cost=0.43..10.42 rows=99 width=4)
	  Index Cond: ((k >= 3796231) AND (k <= 3796331))

Threads started!

Warming up for 5 seconds...

SQL statistics:
    queries performed:
        read:                            252382828
        write:                           0
        other:                           0
        total:                           252382828
    transactions:                        252382828 (400603.81 per sec.)
    queries:                             252382828 (400603.81 per sec.)
    ignored errors:                      0      (0.00 per sec.)
    reconnects:                          0      (0.00 per sec.)

Throughput:
    events/s (eps):                      400603.8092
    time elapsed:                        630.0062s
    total number of events:              252382828

Latency (ms):
         min:                                    0.06
         avg:                                    0.10
         max:                                   16.14
         95th percentile:                        0.11
         sum:                             25119687.17

Threads fairness:
    events (avg/stddev):           6309563.8250/32907.87
    execution time (avg/stddev):   627.9922/0.05

