LUA_PATH=/home/mdcallag/git/mytools/bench/sysbench.lua/lua/?.lua /home/mdcallag/git/mytools/bench/sysbench.lua/lua/sysbench --db-driver=pgsql --range-size=100 --table-size=10000000 --tables=8 --threads=40 --events=0 --warmup-time=5 --time=630 --pgsql_conn_id=true /home/mdcallag/git/mytools/bench/sysbench.lua/lua/oltp_range_covered.lua run --pgsql-user=root --pgsql-password=pw --pgsql-host=127.0.0.1 --pgsql-db=ib --rand-type=uniform --random-points=100 --skip-trx --on-id=false --covered=false
48 CPUs
sysbench 1.1.0-9072687 (using bundled LuaJIT 2.1.0-beta3)

Running the test with following options:
Number of threads: 40
Warmup time: 5s
Initializing random number generator from current time


Initializing worker threads...

explain: for range-notcovered :: explain SELECT k, c FROM sbtest%d WHERE k BETWEEN 2901047 AND 2901147
explain: for range-notcovered :: explain SELECT k, c FROM sbtest%d WHERE k BETWEEN 6035731 AND 6035831
explain: for range-notcovered :: explain SELECT k, c FROM sbtest%d WHERE k BETWEEN 5449994 AND 5450094
explain: for range-notcovered :: explain SELECT k, c FROM sbtest%d WHERE k BETWEEN 5219904 AND 5220004
explain: for range-notcovered :: explain SELECT k, c FROM sbtest%d WHERE k BETWEEN 4761943 AND 4762043
explain: for range-notcovered :: explain SELECT k, c FROM sbtest%d WHERE k BETWEEN 7475603 AND 7475703
explain: for range-notcovered :: explain SELECT k, c FROM sbtest%d WHERE k BETWEEN 5803081 AND 5803181
explain: for range-notcovered :: explain SELECT k, c FROM sbtest%d WHERE k BETWEEN 4708187 AND 4708287
explain: for range-notcovered :: explain SELECT k, c FROM sbtest%d WHERE k BETWEEN 4807137 AND 4807237
explain: for range-notcovered :: explain SELECT k, c FROM sbtest%d WHERE k BETWEEN 2511771 AND 2511871
explain: for range-notcovered :: explain SELECT k, c FROM sbtest%d WHERE k BETWEEN 5510540 AND 5510640
explain: for range-notcovered :: explain SELECT k, c FROM sbtest%d WHERE k BETWEEN 5510090 AND 5510190
explain: for range-notcovered :: explain SELECT k, c FROM sbtest%d WHERE k BETWEEN 7302808 AND 7302908
explain: for range-notcovered :: explain SELECT k, c FROM sbtest%d WHERE k BETWEEN 8064513 AND 8064613
explain: for range-notcovered :: explain SELECT k, c FROM sbtest%d WHERE k BETWEEN 6715060 AND 6715160
explain: for range-notcovered :: explain SELECT k, c FROM sbtest%d WHERE k BETWEEN 4170254 AND 4170354
explain: for range-notcovered :: explain SELECT k, c FROM sbtest%d WHERE k BETWEEN 3884400 AND 3884500
explain: for range-notcovered :: explain SELECT k, c FROM sbtest%d WHERE k BETWEEN 4244231 AND 4244331
for range-notcovered
table 1 : explain SELECT k, c FROM sbtest1 WHERE k BETWEEN 6035731 AND 6035831
	Bitmap Heap Scan on sbtest1  (cost=5.40..377.97 rows=94 width=125)
	  Recheck Cond: ((k >= 6035731) AND (k <= 6035831))
	  ->  Bitmap Index Scan on k_1  (cost=0.00..5.38 rows=94 width=0)
	        Index Cond: ((k >= 6035731) AND (k <= 6035831))

table 2 : explain SELECT k, c FROM sbtest2 WHERE k BETWEEN 6035731 AND 6035831
	Bitmap Heap Scan on sbtest2  (cost=5.42..385.83 rows=96 width=125)
	  Recheck Cond: ((k >= 6035731) AND (k <= 6035831))
	  ->  Bitmap Index Scan on k_2  (cost=0.00..5.39 rows=96 width=0)
	        Index Cond: ((k >= 6035731) AND (k <= 6035831))

table 3 : explain SELECT k, c FROM sbtest3 WHERE k BETWEEN 6035731 AND 6035831
	Bitmap Heap Scan on sbtest3  (cost=5.46..401.70 rows=100 width=125)
	  Recheck Cond: ((k >= 6035731) AND (k <= 6035831))
	  ->  Bitmap Index Scan on k_3  (cost=0.00..5.43 rows=100 width=0)
	        Index Cond: ((k >= 6035731) AND (k <= 6035831))

table 4 : explain SELECT k, c FROM sbtest4 WHERE k BETWEEN 6035731 AND 6035831
	Bitmap Heap Scan on sbtest4  (cost=5.53..429.41 rows=107 width=125)
	  Recheck Cond: ((k >= 6035731) AND (k <= 6035831))
	  ->  Bitmap Index Scan on k_4  (cost=0.00..5.50 rows=107 width=0)
	        Index Cond: ((k >= 6035731) AND (k <= 6035831))

table 5 : explain SELECT k, c FROM sbtest5 WHERE k BETWEEN 6035731 AND 6035831
	Bitmap Heap Scan on sbtest5  (cost=5.53..429.14 rows=107 width=125)
	  Recheck Cond: ((k >= 6035731) AND (k <= 6035831))
	  ->  Bitmap Index Scan on k_5  (cost=0.00..5.50 rows=107 width=0)
	        Index Cond: ((k >= 6035731) AND (k <= 6035831))

table 6 : explain SELECT k, c FROM sbtest6 WHERE k BETWEEN 6035731 AND 6035831
	Bitmap Heap Scan on sbtest6  (cost=5.49..413.46 rows=103 width=125)
	  Recheck Cond: ((k >= 6035731) AND (k <= 6035831))
	  ->  Bitmap Index Scan on k_6  (cost=0.00..5.46 rows=103 width=0)
	        Index Cond: ((k >= 6035731) AND (k <= 6035831))

table 7 : explain SELECT k, c FROM sbtest7 WHERE k BETWEEN 6035731 AND 6035831
	Bitmap Heap Scan on sbtest7  (cost=5.47..405.76 rows=101 width=125)
	  Recheck Cond: ((k >= 6035731) AND (k <= 6035831))
	  ->  Bitmap Index Scan on k_7  (cost=0.00..5.44 rows=101 width=0)
	        Index Cond: ((k >= 6035731) AND (k <= 6035831))

table 8 : explain SELECT k, c FROM sbtest8 WHERE k BETWEEN 6035731 AND 6035831
	Bitmap Heap Scan on sbtest8  (cost=5.56..441.21 rows=110 width=125)
	  Recheck Cond: ((k >= 6035731) AND (k <= 6035831))
	  ->  Bitmap Index Scan on k_8  (cost=0.00..5.53 rows=110 width=0)
	        Index Cond: ((k >= 6035731) AND (k <= 6035831))

for range-notcovered
table 1 : explain SELECT k, c FROM sbtest1 WHERE k BETWEEN 2901047 AND 2901147
	Bitmap Heap Scan on sbtest1  (cost=5.49..413.48 rows=103 width=125)
	  Recheck Cond: ((k >= 2901047) AND (k <= 2901147))
	  ->  Bitmap Index Scan on k_1  (cost=0.00..5.46 rows=103 width=0)
	        Index Cond: ((k >= 2901047) AND (k <= 2901147))

table 2 : explain SELECT k, c FROM sbtest2 WHERE k BETWEEN 2901047 AND 2901147
	Bitmap Heap Scan on sbtest2  (cost=5.37..366.09 rows=91 width=125)
	  Recheck Cond: ((k >= 2901047) AND (k <= 2901147))
	  ->  Bitmap Index Scan on k_2  (cost=0.00..5.34 rows=91 width=0)
	        Index Cond: ((k >= 2901047) AND (k <= 2901147))

table 3 : explain SELECT k, c FROM sbtest3 WHERE k BETWEEN 2901047 AND 2901147
	Bitmap Heap Scan on sbtest3  (cost=5.41..381.97 rows=95 width=125)
	  Recheck Cond: ((k >= 2901047) AND (k <= 2901147))
	  ->  Bitmap Index Scan on k_3  (cost=0.00..5.38 rows=95 width=0)
	        Index Cond: ((k >= 2901047) AND (k <= 2901147))

table 4 : explain SELECT k, c FROM sbtest4 WHERE k BETWEEN 2901047 AND 2901147
	Bitmap Heap Scan on sbtest4  (cost=5.48..409.68 rows=102 width=125)
	  Recheck Cond: ((k >= 2901047) AND (k <= 2901147))
	  ->  Bitmap Index Scan on k_4  (cost=0.00..5.45 rows=102 width=0)
	        Index Cond: ((k >= 2901047) AND (k <= 2901147))

table 5 : explain SELECT k, c FROM sbtest5 WHERE k BETWEEN 2901047 AND 2901147
	Bitmap Heap Scan on sbtest5  (cost=5.39..373.92 rows=93 width=125)
	  Recheck Cond: ((k >= 2901047) AND (k <= 2901147))
	  ->  Bitmap Index Scan on k_5  (cost=0.00..5.36 rows=93 width=0)
	        Index Cond: ((k >= 2901047) AND (k <= 2901147))

table 6 : explain SELECT k, c FROM sbtest6 WHERE k BETWEEN 2901047 AND 2901147
	Bitmap Heap Scan on sbtest6  (cost=5.37..366.10 rows=91 width=125)
	  Recheck Cond: ((k >= 2901047) AND (k <= 2901147))
	  ->  Bitmap Index Scan on k_6  (cost=0.00..5.34 rows=91 width=0)
	        Index Cond: ((k >= 2901047) AND (k <= 2901147))

table 7 : explain SELECT k, c FROM sbtest7 WHERE k BETWEEN 2901047 AND 2901147
	Bitmap Heap Scan on sbtest7  (cost=5.42..386.01 rows=96 width=125)
	  Recheck Cond: ((k >= 2901047) AND (k <= 2901147))
	  ->  Bitmap Index Scan on k_7  (cost=0.00..5.39 rows=96 width=0)
	        Index Cond: ((k >= 2901047) AND (k <= 2901147))

table 8 : explain SELECT k, c FROM sbtest8 WHERE k BETWEEN 2901047 AND 2901147
	Bitmap Heap Scan on sbtest8  (cost=5.50..417.54 rows=104 width=125)
	  Recheck Cond: ((k >= 2901047) AND (k <= 2901147))
	  ->  Bitmap Index Scan on k_8  (cost=0.00..5.47 rows=104 width=0)
	        Index Cond: ((k >= 2901047) AND (k <= 2901147))

for range-notcovered
table 1 : explain SELECT k, c FROM sbtest1 WHERE k BETWEEN 4708187 AND 4708287
	Bitmap Heap Scan on sbtest1  (cost=5.42..385.86 rows=96 width=125)
	  Recheck Cond: ((k >= 4708187) AND (k <= 4708287))
	  ->  Bitmap Index Scan on k_1  (cost=0.00..5.39 rows=96 width=0)
	        Index Cond: ((k >= 4708187) AND (k <= 4708287))

table 2 : explain SELECT k, c FROM sbtest2 WHERE k BETWEEN 4708187 AND 4708287
	Bitmap Heap Scan on sbtest2  (cost=5.46..401.62 rows=100 width=125)
	  Recheck Cond: ((k >= 4708187) AND (k <= 4708287))
	  ->  Bitmap Index Scan on k_2  (cost=0.00..5.43 rows=100 width=0)
	        Index Cond: ((k >= 4708187) AND (k <= 4708287))

table 3 : explain SELECT k, c FROM sbtest3 WHERE k BETWEEN 4708187 AND 4708287
	Bitmap Heap Scan on sbtest3  (cost=5.48..409.59 rows=102 width=125)
	  Recheck Cond: ((k >= 4708187) AND (k <= 4708287))
	  ->  Bitmap Index Scan on k_3  (cost=0.00..5.45 rows=102 width=0)
	        Index Cond: ((k >= 4708187) AND (k <= 4708287))

table 4 : explain SELECT k, c FROM sbtest4 WHERE k BETWEEN 4708187 AND 4708287
	Bitmap Heap Scan on sbtest4  (cost=5.48..409.68 rows=102 width=125)
	  Recheck Cond: ((k >= 4708187) AND (k <= 4708287))
	  ->  Bitmap Index Scan on k_4  (cost=0.00..5.45 rows=102 width=0)
	        Index Cond: ((k >= 4708187) AND (k <= 4708287))

table 5 : explain SELECT k, c FROM sbtest5 WHERE k BETWEEN 4708187 AND 4708287
	Bitmap Heap Scan on sbtest5  (cost=5.50..417.31 rows=104 width=125)
	  Recheck Cond: ((k >= 4708187) AND (k <= 4708287))
	  ->  Bitmap Index Scan on k_5  (cost=0.00..5.47 rows=104 width=0)
	        Index Cond: ((k >= 4708187) AND (k <= 4708287))

table 6 : explain SELECT k, c FROM sbtest6 WHERE k BETWEEN 4708187 AND 4708287
	Bitmap Heap Scan on sbtest6  (cost=5.57..445.00 rows=111 width=125)
	  Recheck Cond: ((k >= 4708187) AND (k <= 4708287))
	  ->  Bitmap Index Scan on k_6  (cost=0.00..5.54 rows=111 width=0)
	        Index Cond: ((k >= 4708187) AND (k <= 4708287))

table 7 : explain SELECT k, c FROM sbtest7 WHERE k BETWEEN 4708187 AND 4708287
	Bitmap Heap Scan on sbtest7  (cost=5.51..421.54 rows=105 width=125)
	  Recheck Cond: ((k >= 4708187) AND (k <= 4708287))
	  ->  Bitmap Index Scan on k_7  (cost=0.00..5.48 rows=105 width=0)
	        Index Cond: ((k >= 4708187) AND (k <= 4708287))

table 8 : explain SELECT k, c FROM sbtest8 WHERE k BETWEEN 4708187 AND 4708287
	Bitmap Heap Scan on sbtest8  (cost=5.51..421.49 rows=105 width=125)
	  Recheck Cond: ((k >= 4708187) AND (k <= 4708287))
	  ->  Bitmap Index Scan on k_8  (cost=0.00..5.48 rows=105 width=0)
	        Index Cond: ((k >= 4708187) AND (k <= 4708287))

explain: for range-notcovered :: explain SELECT k, c FROM sbtest%d WHERE k BETWEEN 6035731 AND 6035831
explain: for range-notcovered :: explain SELECT k, c FROM sbtest%d WHERE k BETWEEN 4708187 AND 4708287
explain: for range-notcovered :: explain SELECT k, c FROM sbtest%d WHERE k BETWEEN 2901047 AND 2901147
for range-notcovered
table 1 : explain SELECT k, c FROM sbtest1 WHERE k BETWEEN 4761943 AND 4762043
	Bitmap Heap Scan on sbtest1  (cost=5.42..385.86 rows=96 width=125)
	  Recheck Cond: ((k >= 4761943) AND (k <= 4762043))
	  ->  Bitmap Index Scan on k_1  (cost=0.00..5.39 rows=96 width=0)
	        Index Cond: ((k >= 4761943) AND (k <= 4762043))

table 2 : explain SELECT k, c FROM sbtest2 WHERE k BETWEEN 4761943 AND 4762043
	Bitmap Heap Scan on sbtest2  (cost=5.48..409.51 rows=102 width=125)
	  Recheck Cond: ((k >= 4761943) AND (k <= 4762043))
	  ->  Bitmap Index Scan on k_2  (cost=0.00..5.45 rows=102 width=0)
	        Index Cond: ((k >= 4761943) AND (k <= 4762043))

table 3 : explain SELECT k, c FROM sbtest3 WHERE k BETWEEN 4761943 AND 4762043
	Bitmap Heap Scan on sbtest3  (cost=5.48..409.59 rows=102 width=125)
	  Recheck Cond: ((k >= 4761943) AND (k <= 4762043))
	  ->  Bitmap Index Scan on k_3  (cost=0.00..5.45 rows=102 width=0)
	        Index Cond: ((k >= 4761943) AND (k <= 4762043))

table 4 : explain SELECT k, c FROM sbtest4 WHERE k BETWEEN 4761943 AND 4762043
	Bitmap Heap Scan on sbtest4  (cost=5.48..409.68 rows=102 width=125)
	  Recheck Cond: ((k >= 4761943) AND (k <= 4762043))
	  ->  Bitmap Index Scan on k_4  (cost=0.00..5.45 rows=102 width=0)
	        Index Cond: ((k >= 4761943) AND (k <= 4762043))

table 5 : explain SELECT k, c FROM sbtest5 WHERE k BETWEEN 4761943 AND 4762043
	Bitmap Heap Scan on sbtest5  (cost=5.67..480.34 rows=120 width=125)
	  Recheck Cond: ((k >= 4761943) AND (k <= 4762043))
	  ->  Bitmap Index Scan on k_5  (cost=0.00..5.63 rows=120 width=0)
	        Index Cond: ((k >= 4761943) AND (k <= 4762043))

table 6 : explain SELECT k, c FROM sbtest6 WHERE k BETWEEN 4761943 AND 4762043
	Bitmap Heap Scan on sbtest6  (cost=5.57..445.00 rows=111 width=125)
	  Recheck Cond: ((k >= 4761943) AND (k <= 4762043))
	  ->  Bitmap Index Scan on k_6  (cost=0.00..5.54 rows=111 width=0)
	        Index Cond: ((k >= 4761943) AND (k <= 4762043))

table 7 : explain SELECT k, c FROM sbtest7 WHERE k BETWEEN 4761943 AND 4762043
	Bitmap Heap Scan on sbtest7  (cost=5.51..421.54 rows=105 width=125)
	  Recheck Cond: ((k >= 4761943) AND (k <= 4762043))
	  ->  Bitmap Index Scan on k_7  (cost=0.00..5.48 rows=105 width=0)
	        Index Cond: ((k >= 4761943) AND (k <= 4762043))

table 8 : explain SELECT k, c FROM sbtest8 WHERE k BETWEEN 4761943 AND 4762043
	Bitmap Heap Scan on sbtest8  (cost=5.51..421.49 rows=105 width=125)
	  Recheck Cond: ((k >= 4761943) AND (k <= 4762043))
	  ->  Bitmap Index Scan on k_8  (cost=0.00..5.48 rows=105 width=0)
	        Index Cond: ((k >= 4761943) AND (k <= 4762043))

for range-notcovered
table 1 : explain SELECT k, c FROM sbtest1 WHERE k BETWEEN 5803081 AND 5803181
	Bitmap Heap Scan on sbtest1  (cost=5.45..397.70 rows=99 width=125)
	  Recheck Cond: ((k >= 5803081) AND (k <= 5803181))
	  ->  Bitmap Index Scan on k_1  (cost=0.00..5.42 rows=99 width=0)
	        Index Cond: ((k >= 5803081) AND (k <= 5803181))

table 2 : explain SELECT k, c FROM sbtest2 WHERE k BETWEEN 5803081 AND 5803181
	Bitmap Heap Scan on sbtest2  (cost=5.61..460.75 rows=115 width=125)
	  Recheck Cond: ((k >= 5803081) AND (k <= 5803181))
	  ->  Bitmap Index Scan on k_2  (cost=0.00..5.58 rows=115 width=0)
	        Index Cond: ((k >= 5803081) AND (k <= 5803181))

table 3 : explain SELECT k, c FROM sbtest3 WHERE k BETWEEN 5803081 AND 5803181
	Bitmap Heap Scan on sbtest3  (cost=5.65..476.62 rows=119 width=125)
	  Recheck Cond: ((k >= 5803081) AND (k <= 5803181))
	  ->  Bitmap Index Scan on k_3  (cost=0.00..5.62 rows=119 width=0)
	        Index Cond: ((k >= 5803081) AND (k <= 5803181))

table 4 : explain SELECT k, c FROM sbtest4 WHERE k BETWEEN 5803081 AND 5803181
	Bitmap Heap Scan on sbtest4  (cost=5.46..401.79 rows=100 width=125)
	  Recheck Cond: ((k >= 5803081) AND (k <= 5803181))
	  ->  Bitmap Index Scan on k_4  (cost=0.00..5.43 rows=100 width=0)
	        Index Cond: ((k >= 5803081) AND (k <= 5803181))

table 5 : explain SELECT k, c FROM sbtest5 WHERE k BETWEEN 5803081 AND 5803181
	Bitmap Heap Scan on sbtest5  (cost=5.43..389.70 rows=97 width=125)
	  Recheck Cond: ((k >= 5803081) AND (k <= 5803181))
	  ->  Bitmap Index Scan on k_5  (cost=0.00..5.40 rows=97 width=0)
	        Index Cond: ((k >= 5803081) AND (k <= 5803181))

table 6 : explain SELECT k, c FROM sbtest6 WHERE k BETWEEN 5803081 AND 5803181
	Bitmap Heap Scan on sbtest6  (cost=5.46..401.63 rows=100 width=125)
	  Recheck Cond: ((k >= 5803081) AND (k <= 5803181))
	  ->  Bitmap Index Scan on k_6  (cost=0.00..5.43 rows=100 width=0)
	        Index Cond: ((k >= 5803081) AND (k <= 5803181))

table 7 : explain SELECT k, c FROM sbtest7 WHERE k BETWEEN 5803081 AND 5803181
	Bitmap Heap Scan on sbtest7  (cost=5.40..378.11 rows=94 width=125)
	  Recheck Cond: ((k >= 5803081) AND (k <= 5803181))
	  ->  Bitmap Index Scan on k_7  (cost=0.00..5.38 rows=94 width=0)
	        Index Cond: ((k >= 5803081) AND (k <= 5803181))

table 8 : explain SELECT k, c FROM sbtest8 WHERE k BETWEEN 5803081 AND 5803181
	Bitmap Heap Scan on sbtest8  (cost=5.49..413.60 rows=103 width=125)
	  Recheck Cond: ((k >= 5803081) AND (k <= 5803181))
	  ->  Bitmap Index Scan on k_8  (cost=0.00..5.46 rows=103 width=0)
	        Index Cond: ((k >= 5803081) AND (k <= 5803181))

for range-notcovered
table 1 : explain SELECT k, c FROM sbtest1 WHERE k BETWEEN 5510540 AND 5510640
	Bitmap Heap Scan on sbtest1  (cost=5.47..405.59 rows=101 width=125)
	  Recheck Cond: ((k >= 5510540) AND (k <= 5510640))
	  ->  Bitmap Index Scan on k_1  (cost=0.00..5.44 rows=101 width=0)
	        Index Cond: ((k >= 5510540) AND (k <= 5510640))

table 2 : explain SELECT k, c FROM sbtest2 WHERE k BETWEEN 5510540 AND 5510640
	Bitmap Heap Scan on sbtest2  (cost=5.48..409.51 rows=102 width=125)
	  Recheck Cond: ((k >= 5510540) AND (k <= 5510640))
	  ->  Bitmap Index Scan on k_2  (cost=0.00..5.45 rows=102 width=0)
	        Index Cond: ((k >= 5510540) AND (k <= 5510640))

table 3 : explain SELECT k, c FROM sbtest3 WHERE k BETWEEN 5510540 AND 5510640
	Bitmap Heap Scan on sbtest3  (cost=5.58..449.03 rows=112 width=125)
	  Recheck Cond: ((k >= 5510540) AND (k <= 5510640))
	  ->  Bitmap Index Scan on k_3  (cost=0.00..5.55 rows=112 width=0)
	        Index Cond: ((k >= 5510540) AND (k <= 5510640))

table 4 : explain SELECT k, c FROM sbtest4 WHERE k BETWEEN 5510540 AND 5510640
	Bitmap Heap Scan on sbtest4  (cost=5.53..429.41 rows=107 width=125)
	  Recheck Cond: ((k >= 5510540) AND (k <= 5510640))
	  ->  Bitmap Index Scan on k_4  (cost=0.00..5.50 rows=107 width=0)
	        Index Cond: ((k >= 5510540) AND (k <= 5510640))

table 5 : explain SELECT k, c FROM sbtest5 WHERE k BETWEEN 5510540 AND 5510640
	Bitmap Heap Scan on sbtest5  (cost=5.58..448.84 rows=112 width=125)
	  Recheck Cond: ((k >= 5510540) AND (k <= 5510640))
	  ->  Bitmap Index Scan on k_5  (cost=0.00..5.55 rows=112 width=0)
	        Index Cond: ((k >= 5510540) AND (k <= 5510640))

table 6 : explain SELECT k, c FROM sbtest6 WHERE k BETWEEN 5510540 AND 5510640
	Bitmap Heap Scan on sbtest6  (cost=5.54..433.18 rows=108 width=125)
	  Recheck Cond: ((k >= 5510540) AND (k <= 5510640))
	  ->  Bitmap Index Scan on k_6  (cost=0.00..5.51 rows=108 width=0)
	        Index Cond: ((k >= 5510540) AND (k <= 5510640))

table 7 : explain SELECT k, c FROM sbtest7 WHERE k BETWEEN 5510540 AND 5510640
	Bitmap Heap Scan on sbtest7  (cost=5.44..393.91 rows=98 width=125)
	  Recheck Cond: ((k >= 5510540) AND (k <= 5510640))
	  ->  Bitmap Index Scan on k_7  (cost=0.00..5.42 rows=98 width=0)
	        Index Cond: ((k >= 5510540) AND (k <= 5510640))

table 8 : explain SELECT k, c FROM sbtest8 WHERE k BETWEEN 5510540 AND 5510640
	Bitmap Heap Scan on sbtest8  (cost=5.40..378.07 rows=94 width=125)
	  Recheck Cond: ((k >= 5510540) AND (k <= 5510640))
	  ->  Bitmap Index Scan on k_8  (cost=0.00..5.38 rows=94 width=0)
	        Index Cond: ((k >= 5510540) AND (k <= 5510640))

explain: for range-notcovered :: explain SELECT k, c FROM sbtest%d WHERE k BETWEEN 4761943 AND 4762043
explain: for range-notcovered :: explain SELECT k, c FROM sbtest%d WHERE k BETWEEN 5803081 AND 5803181
for range-notcovered
table 1 : explain SELECT k, c FROM sbtest1 WHERE k BETWEEN 5449994 AND 5450094
	Bitmap Heap Scan on sbtest1  (cost=5.51..421.37 rows=105 width=125)
	  Recheck Cond: ((k >= 5449994) AND (k <= 5450094))
	  ->  Bitmap Index Scan on k_1  (cost=0.00..5.48 rows=105 width=0)
	        Index Cond: ((k >= 5449994) AND (k <= 5450094))

table 2 : explain SELECT k, c FROM sbtest2 WHERE k BETWEEN 5449994 AND 5450094
	Bitmap Heap Scan on sbtest2  (cost=5.48..409.51 rows=102 width=125)
	  Recheck Cond: ((k >= 5449994) AND (k <= 5450094))
	  ->  Bitmap Index Scan on k_2  (cost=0.00..5.45 rows=102 width=0)
	        Index Cond: ((k >= 5449994) AND (k <= 5450094))

table 3 : explain SELECT k, c FROM sbtest3 WHERE k BETWEEN 5449994 AND 5450094
	Bitmap Heap Scan on sbtest3  (cost=5.45..397.76 rows=99 width=125)
	  Recheck Cond: ((k >= 5449994) AND (k <= 5450094))
	  ->  Bitmap Index Scan on k_3  (cost=0.00..5.42 rows=99 width=0)
	        Index Cond: ((k >= 5449994) AND (k <= 5450094))

table 4 : explain SELECT k, c FROM sbtest4 WHERE k BETWEEN 5449994 AND 5450094
	Bitmap Heap Scan on sbtest4  (cost=5.53..429.41 rows=107 width=125)
	  Recheck Cond: ((k >= 5449994) AND (k <= 5450094))
	  ->  Bitmap Index Scan on k_4  (cost=0.00..5.50 rows=107 width=0)
	        Index Cond: ((k >= 5449994) AND (k <= 5450094))

table 5 : explain SELECT k, c FROM sbtest5 WHERE k BETWEEN 5449994 AND 5450094
	Bitmap Heap Scan on sbtest5  (cost=5.45..397.59 rows=99 width=125)
	  Recheck Cond: ((k >= 5449994) AND (k <= 5450094))
	  ->  Bitmap Index Scan on k_5  (cost=0.00..5.42 rows=99 width=0)
	        Index Cond: ((k >= 5449994) AND (k <= 5450094))

table 6 : explain SELECT k, c FROM sbtest6 WHERE k BETWEEN 5449994 AND 5450094
	Bitmap Heap Scan on sbtest6  (cost=5.50..417.41 rows=104 width=125)
	  Recheck Cond: ((k >= 5449994) AND (k <= 5450094))
	  ->  Bitmap Index Scan on k_6  (cost=0.00..5.47 rows=104 width=0)
	        Index Cond: ((k >= 5449994) AND (k <= 5450094))

table 7 : explain SELECT k, c FROM sbtest7 WHERE k BETWEEN 5449994 AND 5450094
	Bitmap Heap Scan on sbtest7  (cost=5.43..389.96 rows=97 width=125)
	  Recheck Cond: ((k >= 5449994) AND (k <= 5450094))
	  ->  Bitmap Index Scan on k_7  (cost=0.00..5.40 rows=97 width=0)
	        Index Cond: ((k >= 5449994) AND (k <= 5450094))

table 8 : explain SELECT k, c FROM sbtest8 WHERE k BETWEEN 5449994 AND 5450094
	Bitmap Heap Scan on sbtest8  (cost=5.39..374.12 rows=93 width=125)
	  Recheck Cond: ((k >= 5449994) AND (k <= 5450094))
	  ->  Bitmap Index Scan on k_8  (cost=0.00..5.36 rows=93 width=0)
	        Index Cond: ((k >= 5449994) AND (k <= 5450094))

for range-notcovered
table 1 : explain SELECT k, c FROM sbtest1 WHERE k BETWEEN 5219904 AND 5220004
	Bitmap Heap Scan on sbtest1  (cost=5.42..385.86 rows=96 width=125)
	  Recheck Cond: ((k >= 5219904) AND (k <= 5220004))
	  ->  Bitmap Index Scan on k_1  (cost=0.00..5.39 rows=96 width=0)
	        Index Cond: ((k >= 5219904) AND (k <= 5220004))

table 2 : explain SELECT k, c FROM sbtest2 WHERE k BETWEEN 5219904 AND 5220004
	Bitmap Heap Scan on sbtest2  (cost=5.45..397.67 rows=99 width=125)
	  Recheck Cond: ((k >= 5219904) AND (k <= 5220004))
	  ->  Bitmap Index Scan on k_2  (cost=0.00..5.42 rows=99 width=0)
	        Index Cond: ((k >= 5219904) AND (k <= 5220004))

table 3 : explain SELECT k, c FROM sbtest3 WHERE k BETWEEN 5219904 AND 5220004
	Bitmap Heap Scan on sbtest3  (cost=5.41..381.97 rows=95 width=125)
	  Recheck Cond: ((k >= 5219904) AND (k <= 5220004))
	  ->  Bitmap Index Scan on k_3  (cost=0.00..5.38 rows=95 width=0)
	        Index Cond: ((k >= 5219904) AND (k <= 5220004))

table 4 : explain SELECT k, c FROM sbtest4 WHERE k BETWEEN 5219904 AND 5220004
	Bitmap Heap Scan on sbtest4  (cost=5.39..374.15 rows=93 width=125)
	  Recheck Cond: ((k >= 5219904) AND (k <= 5220004))
	  ->  Bitmap Index Scan on k_4  (cost=0.00..5.36 rows=93 width=0)
	        Index Cond: ((k >= 5219904) AND (k <= 5220004))

table 5 : explain SELECT k, c FROM sbtest5 WHERE k BETWEEN 5219904 AND 5220004
	Bitmap Heap Scan on sbtest5  (cost=5.45..397.59 rows=99 width=125)
	  Recheck Cond: ((k >= 5219904) AND (k <= 5220004))
	  ->  Bitmap Index Scan on k_5  (cost=0.00..5.42 rows=99 width=0)
	        Index Cond: ((k >= 5219904) AND (k <= 5220004))

table 6 : explain SELECT k, c FROM sbtest6 WHERE k BETWEEN 5219904 AND 5220004
	Bitmap Heap Scan on sbtest6  (cost=5.50..417.41 rows=104 width=125)
	  Recheck Cond: ((k >= 5219904) AND (k <= 5220004))
	  ->  Bitmap Index Scan on k_6  (cost=0.00..5.47 rows=104 width=0)
	        Index Cond: ((k >= 5219904) AND (k <= 5220004))

table 7 : explain SELECT k, c FROM sbtest7 WHERE k BETWEEN 5219904 AND 5220004
	Bitmap Heap Scan on sbtest7  (cost=5.48..409.70 rows=102 width=125)
	  Recheck Cond: ((k >= 5219904) AND (k <= 5220004))
	  ->  Bitmap Index Scan on k_7  (cost=0.00..5.45 rows=102 width=0)
	        Index Cond: ((k >= 5219904) AND (k <= 5220004))

table 8 : explain SELECT k, c FROM sbtest8 WHERE k BETWEEN 5219904 AND 5220004
	Bitmap Heap Scan on sbtest8  (cost=5.45..397.81 rows=99 width=125)
	  Recheck Cond: ((k >= 5219904) AND (k <= 5220004))
	  ->  Bitmap Index Scan on k_8  (cost=0.00..5.42 rows=99 width=0)
	        Index Cond: ((k >= 5219904) AND (k <= 5220004))

explain: for range-notcovered :: explain SELECT k, c FROM sbtest%d WHERE k BETWEEN 5510540 AND 5510640
for range-notcovered
table 1 : explain SELECT k, c FROM sbtest1 WHERE k BETWEEN 7475603 AND 7475703
	Bitmap Heap Scan on sbtest1  (cost=5.41..381.91 rows=95 width=125)
	  Recheck Cond: ((k >= 7475603) AND (k <= 7475703))
	  ->  Bitmap Index Scan on k_1  (cost=0.00..5.38 rows=95 width=0)
	        Index Cond: ((k >= 7475603) AND (k <= 7475703))

table 2 : explain SELECT k, c FROM sbtest2 WHERE k BETWEEN 7475603 AND 7475703
	Bitmap Heap Scan on sbtest2  (cost=5.42..385.83 rows=96 width=125)
	  Recheck Cond: ((k >= 7475603) AND (k <= 7475703))
	  ->  Bitmap Index Scan on k_2  (cost=0.00..5.39 rows=96 width=0)
	        Index Cond: ((k >= 7475603) AND (k <= 7475703))

table 3 : explain SELECT k, c FROM sbtest3 WHERE k BETWEEN 7475603 AND 7475703
	Bitmap Heap Scan on sbtest3  (cost=5.56..441.15 rows=110 width=125)
	  Recheck Cond: ((k >= 7475603) AND (k <= 7475703))
	  ->  Bitmap Index Scan on k_3  (cost=0.00..5.53 rows=110 width=0)
	        Index Cond: ((k >= 7475603) AND (k <= 7475703))

table 4 : explain SELECT k, c FROM sbtest4 WHERE k BETWEEN 7475603 AND 7475703
	Bitmap Heap Scan on sbtest4  (cost=5.53..429.41 rows=107 width=125)
	  Recheck Cond: ((k >= 7475603) AND (k <= 7475703))
	  ->  Bitmap Index Scan on k_4  (cost=0.00..5.50 rows=107 width=0)
	        Index Cond: ((k >= 7475603) AND (k <= 7475703))

table 5 : explain SELECT k, c FROM sbtest5 WHERE k BETWEEN 7475603 AND 7475703
	Bitmap Heap Scan on sbtest5  (cost=5.52..425.19 rows=106 width=125)
	  Recheck Cond: ((k >= 7475603) AND (k <= 7475703))
	  ->  Bitmap Index Scan on k_5  (cost=0.00..5.50 rows=106 width=0)
	        Index Cond: ((k >= 7475603) AND (k <= 7475703))

table 6 : explain SELECT k, c FROM sbtest6 WHERE k BETWEEN 7475603 AND 7475703
	Bitmap Heap Scan on sbtest6  (cost=5.48..409.52 rows=102 width=125)
	  Recheck Cond: ((k >= 7475603) AND (k <= 7475703))
	  ->  Bitmap Index Scan on k_6  (cost=0.00..5.45 rows=102 width=0)
	        Index Cond: ((k >= 7475603) AND (k <= 7475703))

table 7 : explain SELECT k, c FROM sbtest7 WHERE k BETWEEN 7475603 AND 7475703
	Bitmap Heap Scan on sbtest7  (cost=5.62..464.93 rows=116 width=125)
	  Recheck Cond: ((k >= 7475603) AND (k <= 7475703))
	  ->  Bitmap Index Scan on k_7  (cost=0.00..5.59 rows=116 width=0)
	        Index Cond: ((k >= 7475603) AND (k <= 7475703))

table 8 : explain SELECT k, c FROM sbtest8 WHERE k BETWEEN 7475603 AND 7475703
	Bitmap Heap Scan on sbtest8  (cost=5.43..389.91 rows=97 width=125)
	  Recheck Cond: ((k >= 7475603) AND (k <= 7475703))
	  ->  Bitmap Index Scan on k_8  (cost=0.00..5.40 rows=97 width=0)
	        Index Cond: ((k >= 7475603) AND (k <= 7475703))

explain: for range-notcovered :: explain SELECT k, c FROM sbtest%d WHERE k BETWEEN 5219904 AND 5220004
explain: for range-notcovered :: explain SELECT k, c FROM sbtest%d WHERE k BETWEEN 5449994 AND 5450094
explain: for range-notcovered :: explain SELECT k, c FROM sbtest%d WHERE k BETWEEN 7475603 AND 7475703
for range-notcovered
table 1 : explain SELECT k, c FROM sbtest1 WHERE k BETWEEN 2511771 AND 2511871
	Bitmap Heap Scan on sbtest1  (cost=5.50..417.43 rows=104 width=125)
	  Recheck Cond: ((k >= 2511771) AND (k <= 2511871))
	  ->  Bitmap Index Scan on k_1  (cost=0.00..5.47 rows=104 width=0)
	        Index Cond: ((k >= 2511771) AND (k <= 2511871))

table 2 : explain SELECT k, c FROM sbtest2 WHERE k BETWEEN 2511771 AND 2511871
	Bitmap Heap Scan on sbtest2  (cost=5.51..421.34 rows=105 width=125)
	  Recheck Cond: ((k >= 2511771) AND (k <= 2511871))
	  ->  Bitmap Index Scan on k_2  (cost=0.00..5.48 rows=105 width=0)
	        Index Cond: ((k >= 2511771) AND (k <= 2511871))

table 3 : explain SELECT k, c FROM sbtest3 WHERE k BETWEEN 2511771 AND 2511871
	Bitmap Heap Scan on sbtest3  (cost=5.50..417.49 rows=104 width=125)
	  Recheck Cond: ((k >= 2511771) AND (k <= 2511871))
	  ->  Bitmap Index Scan on k_3  (cost=0.00..5.47 rows=104 width=0)
	        Index Cond: ((k >= 2511771) AND (k <= 2511871))

table 4 : explain SELECT k, c FROM sbtest4 WHERE k BETWEEN 2511771 AND 2511871
	Bitmap Heap Scan on sbtest4  (cost=5.41..382.05 rows=95 width=125)
	  Recheck Cond: ((k >= 2511771) AND (k <= 2511871))
	  ->  Bitmap Index Scan on k_4  (cost=0.00..5.38 rows=95 width=0)
	        Index Cond: ((k >= 2511771) AND (k <= 2511871))

table 5 : explain SELECT k, c FROM sbtest5 WHERE k BETWEEN 2511771 AND 2511871
	Bitmap Heap Scan on sbtest5  (cost=5.50..417.31 rows=104 width=125)
	  Recheck Cond: ((k >= 2511771) AND (k <= 2511871))
	  ->  Bitmap Index Scan on k_5  (cost=0.00..5.47 rows=104 width=0)
	        Index Cond: ((k >= 2511771) AND (k <= 2511871))

table 6 : explain SELECT k, c FROM sbtest6 WHERE k BETWEEN 2511771 AND 2511871
	Bitmap Heap Scan on sbtest6  (cost=5.42..385.84 rows=96 width=125)
	  Recheck Cond: ((k >= 2511771) AND (k <= 2511871))
	  ->  Bitmap Index Scan on k_6  (cost=0.00..5.39 rows=96 width=0)
	        Index Cond: ((k >= 2511771) AND (k <= 2511871))

table 7 : explain SELECT k, c FROM sbtest7 WHERE k BETWEEN 2511771 AND 2511871
	Bitmap Heap Scan on sbtest7  (cost=5.58..449.16 rows=112 width=125)
	  Recheck Cond: ((k >= 2511771) AND (k <= 2511871))
	  ->  Bitmap Index Scan on k_7  (cost=0.00..5.55 rows=112 width=0)
	        Index Cond: ((k >= 2511771) AND (k <= 2511871))

table 8 : explain SELECT k, c FROM sbtest8 WHERE k BETWEEN 2511771 AND 2511871
	Bitmap Heap Scan on sbtest8  (cost=5.45..397.81 rows=99 width=125)
	  Recheck Cond: ((k >= 2511771) AND (k <= 2511871))
	  ->  Bitmap Index Scan on k_8  (cost=0.00..5.42 rows=99 width=0)
	        Index Cond: ((k >= 2511771) AND (k <= 2511871))

explain: for range-notcovered :: explain SELECT k, c FROM sbtest%d WHERE k BETWEEN 2511771 AND 2511871
for range-notcovered
table 1 : explain SELECT k, c FROM sbtest1 WHERE k BETWEEN 7302808 AND 7302908
	Bitmap Heap Scan on sbtest1  (cost=5.52..425.31 rows=106 width=125)
	  Recheck Cond: ((k >= 7302808) AND (k <= 7302908))
	  ->  Bitmap Index Scan on k_1  (cost=0.00..5.50 rows=106 width=0)
	        Index Cond: ((k >= 7302808) AND (k <= 7302908))

table 2 : explain SELECT k, c FROM sbtest2 WHERE k BETWEEN 7302808 AND 7302908
	Bitmap Heap Scan on sbtest2  (cost=5.48..409.51 rows=102 width=125)
	  Recheck Cond: ((k >= 7302808) AND (k <= 7302908))
	  ->  Bitmap Index Scan on k_2  (cost=0.00..5.45 rows=102 width=0)
	        Index Cond: ((k >= 7302808) AND (k <= 7302908))

table 3 : explain SELECT k, c FROM sbtest3 WHERE k BETWEEN 7302808 AND 7302908
	Bitmap Heap Scan on sbtest3  (cost=5.50..417.49 rows=104 width=125)
	  Recheck Cond: ((k >= 7302808) AND (k <= 7302908))
	  ->  Bitmap Index Scan on k_3  (cost=0.00..5.47 rows=104 width=0)
	        Index Cond: ((k >= 7302808) AND (k <= 7302908))

table 4 : explain SELECT k, c FROM sbtest4 WHERE k BETWEEN 7302808 AND 7302908
	Bitmap Heap Scan on sbtest4  (cost=5.42..385.99 rows=96 width=125)
	  Recheck Cond: ((k >= 7302808) AND (k <= 7302908))
	  ->  Bitmap Index Scan on k_4  (cost=0.00..5.39 rows=96 width=0)
	        Index Cond: ((k >= 7302808) AND (k <= 7302908))

table 5 : explain SELECT k, c FROM sbtest5 WHERE k BETWEEN 7302808 AND 7302908
	Bitmap Heap Scan on sbtest5  (cost=5.53..429.14 rows=107 width=125)
	  Recheck Cond: ((k >= 7302808) AND (k <= 7302908))
	  ->  Bitmap Index Scan on k_5  (cost=0.00..5.50 rows=107 width=0)
	        Index Cond: ((k >= 7302808) AND (k <= 7302908))

table 6 : explain SELECT k, c FROM sbtest6 WHERE k BETWEEN 7302808 AND 7302908
	Bitmap Heap Scan on sbtest6  (cost=5.57..445.00 rows=111 width=125)
	  Recheck Cond: ((k >= 7302808) AND (k <= 7302908))
	  ->  Bitmap Index Scan on k_6  (cost=0.00..5.54 rows=111 width=0)
	        Index Cond: ((k >= 7302808) AND (k <= 7302908))

table 7 : explain SELECT k, c FROM sbtest7 WHERE k BETWEEN 7302808 AND 7302908
	Bitmap Heap Scan on sbtest7  (cost=5.54..433.38 rows=108 width=125)
	  Recheck Cond: ((k >= 7302808) AND (k <= 7302908))
	  ->  Bitmap Index Scan on k_7  (cost=0.00..5.51 rows=108 width=0)
	        Index Cond: ((k >= 7302808) AND (k <= 7302908))

table 8 : explain SELECT k, c FROM sbtest8 WHERE k BETWEEN 7302808 AND 7302908
	Bitmap Heap Scan on sbtest8  (cost=5.55..437.27 rows=109 width=125)
	  Recheck Cond: ((k >= 7302808) AND (k <= 7302908))
	  ->  Bitmap Index Scan on k_8  (cost=0.00..5.52 rows=109 width=0)
	        Index Cond: ((k >= 7302808) AND (k <= 7302908))

for range-notcovered
table 1 : explain SELECT k, c FROM sbtest1 WHERE k BETWEEN 4807137 AND 4807237
	Bitmap Heap Scan on sbtest1  (cost=5.42..385.86 rows=96 width=125)
	  Recheck Cond: ((k >= 4807137) AND (k <= 4807237))
	  ->  Bitmap Index Scan on k_1  (cost=0.00..5.39 rows=96 width=0)
	        Index Cond: ((k >= 4807137) AND (k <= 4807237))

table 2 : explain SELECT k, c FROM sbtest2 WHERE k BETWEEN 4807137 AND 4807237
	Bitmap Heap Scan on sbtest2  (cost=5.48..409.51 rows=102 width=125)
	  Recheck Cond: ((k >= 4807137) AND (k <= 4807237))
	  ->  Bitmap Index Scan on k_2  (cost=0.00..5.45 rows=102 width=0)
	        Index Cond: ((k >= 4807137) AND (k <= 4807237))

table 3 : explain SELECT k, c FROM sbtest3 WHERE k BETWEEN 4807137 AND 4807237
	Bitmap Heap Scan on sbtest3  (cost=5.51..421.43 rows=105 width=125)
	  Recheck Cond: ((k >= 4807137) AND (k <= 4807237))
	  ->  Bitmap Index Scan on k_3  (cost=0.00..5.48 rows=105 width=0)
	        Index Cond: ((k >= 4807137) AND (k <= 4807237))

table 4 : explain SELECT k, c FROM sbtest4 WHERE k BETWEEN 4807137 AND 4807237
	Bitmap Heap Scan on sbtest4  (cost=5.42..385.99 rows=96 width=125)
	  Recheck Cond: ((k >= 4807137) AND (k <= 4807237))
	  ->  Bitmap Index Scan on k_4  (cost=0.00..5.39 rows=96 width=0)
	        Index Cond: ((k >= 4807137) AND (k <= 4807237))

table 5 : explain SELECT k, c FROM sbtest5 WHERE k BETWEEN 4807137 AND 4807237
	Bitmap Heap Scan on sbtest5  (cost=5.50..417.31 rows=104 width=125)
	  Recheck Cond: ((k >= 4807137) AND (k <= 4807237))
	  ->  Bitmap Index Scan on k_5  (cost=0.00..5.47 rows=104 width=0)
	        Index Cond: ((k >= 4807137) AND (k <= 4807237))

table 6 : explain SELECT k, c FROM sbtest6 WHERE k BETWEEN 4807137 AND 4807237
	Bitmap Heap Scan on sbtest6  (cost=5.39..374.00 rows=93 width=125)
	  Recheck Cond: ((k >= 4807137) AND (k <= 4807237))
	  ->  Bitmap Index Scan on k_6  (cost=0.00..5.36 rows=93 width=0)
	        Index Cond: ((k >= 4807137) AND (k <= 4807237))

table 7 : explain SELECT k, c FROM sbtest7 WHERE k BETWEEN 4807137 AND 4807237
	Bitmap Heap Scan on sbtest7  (cost=5.42..386.01 rows=96 width=125)
	  Recheck Cond: ((k >= 4807137) AND (k <= 4807237))
	  ->  Bitmap Index Scan on k_7  (cost=0.00..5.39 rows=96 width=0)
	        Index Cond: ((k >= 4807137) AND (k <= 4807237))

table 8 : explain SELECT k, c FROM sbtest8 WHERE k BETWEEN 4807137 AND 4807237
	Bitmap Heap Scan on sbtest8  (cost=5.50..417.54 rows=104 width=125)
	  Recheck Cond: ((k >= 4807137) AND (k <= 4807237))
	  ->  Bitmap Index Scan on k_8  (cost=0.00..5.47 rows=104 width=0)
	        Index Cond: ((k >= 4807137) AND (k <= 4807237))

explain: for range-notcovered :: explain SELECT k, c FROM sbtest%d WHERE k BETWEEN 7302808 AND 7302908
explain: for range-notcovered :: explain SELECT k, c FROM sbtest%d WHERE k BETWEEN 4807137 AND 4807237
for range-notcovered
table 1 : explain SELECT k, c FROM sbtest1 WHERE k BETWEEN 8064513 AND 8064613
	Bitmap Heap Scan on sbtest1  (cost=5.59..452.91 rows=113 width=125)
	  Recheck Cond: ((k >= 8064513) AND (k <= 8064613))
	  ->  Bitmap Index Scan on k_1  (cost=0.00..5.56 rows=113 width=0)
	        Index Cond: ((k >= 8064513) AND (k <= 8064613))

table 2 : explain SELECT k, c FROM sbtest2 WHERE k BETWEEN 8064513 AND 8064613
	Bitmap Heap Scan on sbtest2  (cost=5.51..421.34 rows=105 width=125)
	  Recheck Cond: ((k >= 8064513) AND (k <= 8064613))
	  ->  Bitmap Index Scan on k_2  (cost=0.00..5.48 rows=105 width=0)
	        Index Cond: ((k >= 8064513) AND (k <= 8064613))

table 3 : explain SELECT k, c FROM sbtest3 WHERE k BETWEEN 8064513 AND 8064613
	Bitmap Heap Scan on sbtest3  (cost=5.36..362.22 rows=90 width=125)
	  Recheck Cond: ((k >= 8064513) AND (k <= 8064613))
	  ->  Bitmap Index Scan on k_3  (cost=0.00..5.33 rows=90 width=0)
	        Index Cond: ((k >= 8064513) AND (k <= 8064613))

table 4 : explain SELECT k, c FROM sbtest4 WHERE k BETWEEN 8064513 AND 8064613
	Bitmap Heap Scan on sbtest4  (cost=5.53..429.41 rows=107 width=125)
	  Recheck Cond: ((k >= 8064513) AND (k <= 8064613))
	  ->  Bitmap Index Scan on k_4  (cost=0.00..5.50 rows=107 width=0)
	        Index Cond: ((k >= 8064513) AND (k <= 8064613))

table 5 : explain SELECT k, c FROM sbtest5 WHERE k BETWEEN 8064513 AND 8064613
	Bitmap Heap Scan on sbtest5  (cost=5.48..409.43 rows=102 width=125)
	  Recheck Cond: ((k >= 8064513) AND (k <= 8064613))
	  ->  Bitmap Index Scan on k_5  (cost=0.00..5.45 rows=102 width=0)
	        Index Cond: ((k >= 8064513) AND (k <= 8064613))

table 6 : explain SELECT k, c FROM sbtest6 WHERE k BETWEEN 8064513 AND 8064613
	Bitmap Heap Scan on sbtest6  (cost=5.49..413.46 rows=103 width=125)
	  Recheck Cond: ((k >= 8064513) AND (k <= 8064613))
	  ->  Bitmap Index Scan on k_6  (cost=0.00..5.46 rows=103 width=0)
	        Index Cond: ((k >= 8064513) AND (k <= 8064613))

table 7 : explain SELECT k, c FROM sbtest7 WHERE k BETWEEN 8064513 AND 8064613
	Bitmap Heap Scan on sbtest7  (cost=5.57..445.21 rows=111 width=125)
	  Recheck Cond: ((k >= 8064513) AND (k <= 8064613))
	  ->  Bitmap Index Scan on k_7  (cost=0.00..5.54 rows=111 width=0)
	        Index Cond: ((k >= 8064513) AND (k <= 8064613))

table 8 : explain SELECT k, c FROM sbtest8 WHERE k BETWEEN 8064513 AND 8064613
	Bitmap Heap Scan on sbtest8  (cost=5.46..401.76 rows=100 width=125)
	  Recheck Cond: ((k >= 8064513) AND (k <= 8064613))
	  ->  Bitmap Index Scan on k_8  (cost=0.00..5.43 rows=100 width=0)
	        Index Cond: ((k >= 8064513) AND (k <= 8064613))

for range-notcovered
table 1 : explain SELECT k, c FROM sbtest1 WHERE k BETWEEN 5510090 AND 5510190
	Bitmap Heap Scan on sbtest1  (cost=5.47..405.59 rows=101 width=125)
	  Recheck Cond: ((k >= 5510090) AND (k <= 5510190))
	  ->  Bitmap Index Scan on k_1  (cost=0.00..5.44 rows=101 width=0)
	        Index Cond: ((k >= 5510090) AND (k <= 5510190))

table 2 : explain SELECT k, c FROM sbtest2 WHERE k BETWEEN 5510090 AND 5510190
	Bitmap Heap Scan on sbtest2  (cost=5.48..409.51 rows=102 width=125)
	  Recheck Cond: ((k >= 5510090) AND (k <= 5510190))
	  ->  Bitmap Index Scan on k_2  (cost=0.00..5.45 rows=102 width=0)
	        Index Cond: ((k >= 5510090) AND (k <= 5510190))

table 3 : explain SELECT k, c FROM sbtest3 WHERE k BETWEEN 5510090 AND 5510190
	Bitmap Heap Scan on sbtest3  (cost=5.58..449.03 rows=112 width=125)
	  Recheck Cond: ((k >= 5510090) AND (k <= 5510190))
	  ->  Bitmap Index Scan on k_3  (cost=0.00..5.55 rows=112 width=0)
	        Index Cond: ((k >= 5510090) AND (k <= 5510190))

table 4 : explain SELECT k, c FROM sbtest4 WHERE k BETWEEN 5510090 AND 5510190
	Bitmap Heap Scan on sbtest4  (cost=5.53..429.41 rows=107 width=125)
	  Recheck Cond: ((k >= 5510090) AND (k <= 5510190))
	  ->  Bitmap Index Scan on k_4  (cost=0.00..5.50 rows=107 width=0)
	        Index Cond: ((k >= 5510090) AND (k <= 5510190))

table 5 : explain SELECT k, c FROM sbtest5 WHERE k BETWEEN 5510090 AND 5510190
	Bitmap Heap Scan on sbtest5  (cost=5.58..448.84 rows=112 width=125)
	  Recheck Cond: ((k >= 5510090) AND (k <= 5510190))
	  ->  Bitmap Index Scan on k_5  (cost=0.00..5.55 rows=112 width=0)
	        Index Cond: ((k >= 5510090) AND (k <= 5510190))

table 6 : explain SELECT k, c FROM sbtest6 WHERE k BETWEEN 5510090 AND 5510190
	Bitmap Heap Scan on sbtest6  (cost=5.54..433.18 rows=108 width=125)
	  Recheck Cond: ((k >= 5510090) AND (k <= 5510190))
	  ->  Bitmap Index Scan on k_6  (cost=0.00..5.51 rows=108 width=0)
	        Index Cond: ((k >= 5510090) AND (k <= 5510190))

table 7 : explain SELECT k, c FROM sbtest7 WHERE k BETWEEN 5510090 AND 5510190
	Bitmap Heap Scan on sbtest7  (cost=5.44..393.91 rows=98 width=125)
	  Recheck Cond: ((k >= 5510090) AND (k <= 5510190))
	  ->  Bitmap Index Scan on k_7  (cost=0.00..5.42 rows=98 width=0)
	        Index Cond: ((k >= 5510090) AND (k <= 5510190))

table 8 : explain SELECT k, c FROM sbtest8 WHERE k BETWEEN 5510090 AND 5510190
	Bitmap Heap Scan on sbtest8  (cost=5.40..378.07 rows=94 width=125)
	  Recheck Cond: ((k >= 5510090) AND (k <= 5510190))
	  ->  Bitmap Index Scan on k_8  (cost=0.00..5.38 rows=94 width=0)
	        Index Cond: ((k >= 5510090) AND (k <= 5510190))

explain: for range-notcovered :: explain SELECT k, c FROM sbtest%d WHERE k BETWEEN 8064513 AND 8064613
for range-notcovered
table 1 : explain SELECT k, c FROM sbtest1 WHERE k BETWEEN 6035731 AND 6035831
	Bitmap Heap Scan on sbtest1  (cost=5.40..377.97 rows=94 width=125)
	  Recheck Cond: ((k >= 6035731) AND (k <= 6035831))
	  ->  Bitmap Index Scan on k_1  (cost=0.00..5.38 rows=94 width=0)
	        Index Cond: ((k >= 6035731) AND (k <= 6035831))

table 2 : explain SELECT k, c FROM sbtest2 WHERE k BETWEEN 6035731 AND 6035831
	Bitmap Heap Scan on sbtest2  (cost=5.42..385.83 rows=96 width=125)
	  Recheck Cond: ((k >= 6035731) AND (k <= 6035831))
	  ->  Bitmap Index Scan on k_2  (cost=0.00..5.39 rows=96 width=0)
	        Index Cond: ((k >= 6035731) AND (k <= 6035831))

table 3 : explain SELECT k, c FROM sbtest3 WHERE k BETWEEN 6035731 AND 6035831
	Bitmap Heap Scan on sbtest3  (cost=5.46..401.70 rows=100 width=125)
	  Recheck Cond: ((k >= 6035731) AND (k <= 6035831))
	  ->  Bitmap Index Scan on k_3  (cost=0.00..5.43 rows=100 width=0)
	        Index Cond: ((k >= 6035731) AND (k <= 6035831))

table 4 : explain SELECT k, c FROM sbtest4 WHERE k BETWEEN 6035731 AND 6035831
	Bitmap Heap Scan on sbtest4  (cost=5.53..429.41 rows=107 width=125)
	  Recheck Cond: ((k >= 6035731) AND (k <= 6035831))
	  ->  Bitmap Index Scan on k_4  (cost=0.00..5.50 rows=107 width=0)
	        Index Cond: ((k >= 6035731) AND (k <= 6035831))

table 5 : explain SELECT k, c FROM sbtest5 WHERE k BETWEEN 6035731 AND 6035831
	Bitmap Heap Scan on sbtest5  (cost=5.53..429.14 rows=107 width=125)
	  Recheck Cond: ((k >= 6035731) AND (k <= 6035831))
	  ->  Bitmap Index Scan on k_5  (cost=0.00..5.50 rows=107 width=0)
	        Index Cond: ((k >= 6035731) AND (k <= 6035831))

table 6 : explain SELECT k, c FROM sbtest6 WHERE k BETWEEN 6035731 AND 6035831
	Bitmap Heap Scan on sbtest6  (cost=5.49..413.46 rows=103 width=125)
	  Recheck Cond: ((k >= 6035731) AND (k <= 6035831))
	  ->  Bitmap Index Scan on k_6  (cost=0.00..5.46 rows=103 width=0)
	        Index Cond: ((k >= 6035731) AND (k <= 6035831))

table 7 : explain SELECT k, c FROM sbtest7 WHERE k BETWEEN 6035731 AND 6035831
	Bitmap Heap Scan on sbtest7  (cost=5.47..405.76 rows=101 width=125)
	  Recheck Cond: ((k >= 6035731) AND (k <= 6035831))
	  ->  Bitmap Index Scan on k_7  (cost=0.00..5.44 rows=101 width=0)
	        Index Cond: ((k >= 6035731) AND (k <= 6035831))

table 8 : explain SELECT k, c FROM sbtest8 WHERE k BETWEEN 6035731 AND 6035831
	Bitmap Heap Scan on sbtest8  (cost=5.56..441.21 rows=110 width=125)
	  Recheck Cond: ((k >= 6035731) AND (k <= 6035831))
	  ->  Bitmap Index Scan on k_8  (cost=0.00..5.53 rows=110 width=0)
	        Index Cond: ((k >= 6035731) AND (k <= 6035831))

for range-notcovered
table 1 : explain SELECT k, c FROM sbtest1 WHERE k BETWEEN 4708187 AND 4708287
	Bitmap Heap Scan on sbtest1  (cost=5.42..385.86 rows=96 width=125)
	  Recheck Cond: ((k >= 4708187) AND (k <= 4708287))
	  ->  Bitmap Index Scan on k_1  (cost=0.00..5.39 rows=96 width=0)
	        Index Cond: ((k >= 4708187) AND (k <= 4708287))

table 2 : explain SELECT k, c FROM sbtest2 WHERE k BETWEEN 4708187 AND 4708287
	Bitmap Heap Scan on sbtest2  (cost=5.46..401.62 rows=100 width=125)
	  Recheck Cond: ((k >= 4708187) AND (k <= 4708287))
	  ->  Bitmap Index Scan on k_2  (cost=0.00..5.43 rows=100 width=0)
	        Index Cond: ((k >= 4708187) AND (k <= 4708287))

table 3 : explain SELECT k, c FROM sbtest3 WHERE k BETWEEN 4708187 AND 4708287
	Bitmap Heap Scan on sbtest3  (cost=5.48..409.59 rows=102 width=125)
	  Recheck Cond: ((k >= 4708187) AND (k <= 4708287))
	  ->  Bitmap Index Scan on k_3  (cost=0.00..5.45 rows=102 width=0)
	        Index Cond: ((k >= 4708187) AND (k <= 4708287))

table 4 : explain SELECT k, c FROM sbtest4 WHERE k BETWEEN 4708187 AND 4708287
	Bitmap Heap Scan on sbtest4  (cost=5.48..409.68 rows=102 width=125)
	  Recheck Cond: ((k >= 4708187) AND (k <= 4708287))
	  ->  Bitmap Index Scan on k_4  (cost=0.00..5.45 rows=102 width=0)
	        Index Cond: ((k >= 4708187) AND (k <= 4708287))

table 5 : explain SELECT k, c FROM sbtest5 WHERE k BETWEEN 4708187 AND 4708287
	Bitmap Heap Scan on sbtest5  (cost=5.50..417.31 rows=104 width=125)
	  Recheck Cond: ((k >= 4708187) AND (k <= 4708287))
	  ->  Bitmap Index Scan on k_5  (cost=0.00..5.47 rows=104 width=0)
	        Index Cond: ((k >= 4708187) AND (k <= 4708287))

table 6 : explain SELECT k, c FROM sbtest6 WHERE k BETWEEN 4708187 AND 4708287
	Bitmap Heap Scan on sbtest6  (cost=5.57..445.00 rows=111 width=125)
	  Recheck Cond: ((k >= 4708187) AND (k <= 4708287))
	  ->  Bitmap Index Scan on k_6  (cost=0.00..5.54 rows=111 width=0)
	        Index Cond: ((k >= 4708187) AND (k <= 4708287))

table 7 : explain SELECT k, c FROM sbtest7 WHERE k BETWEEN 4708187 AND 4708287
	Bitmap Heap Scan on sbtest7  (cost=5.51..421.54 rows=105 width=125)
	  Recheck Cond: ((k >= 4708187) AND (k <= 4708287))
	  ->  Bitmap Index Scan on k_7  (cost=0.00..5.48 rows=105 width=0)
	        Index Cond: ((k >= 4708187) AND (k <= 4708287))

table 8 : explain SELECT k, c FROM sbtest8 WHERE k BETWEEN 4708187 AND 4708287
	Bitmap Heap Scan on sbtest8  (cost=5.51..421.49 rows=105 width=125)
	  Recheck Cond: ((k >= 4708187) AND (k <= 4708287))
	  ->  Bitmap Index Scan on k_8  (cost=0.00..5.48 rows=105 width=0)
	        Index Cond: ((k >= 4708187) AND (k <= 4708287))

for range-notcovered
table 1 : explain SELECT k, c FROM sbtest1 WHERE k BETWEEN 4761943 AND 4762043
	Bitmap Heap Scan on sbtest1  (cost=5.42..385.86 rows=96 width=125)
	  Recheck Cond: ((k >= 4761943) AND (k <= 4762043))
	  ->  Bitmap Index Scan on k_1  (cost=0.00..5.39 rows=96 width=0)
	        Index Cond: ((k >= 4761943) AND (k <= 4762043))

table 2 : explain SELECT k, c FROM sbtest2 WHERE k BETWEEN 4761943 AND 4762043
	Bitmap Heap Scan on sbtest2  (cost=5.48..409.51 rows=102 width=125)
	  Recheck Cond: ((k >= 4761943) AND (k <= 4762043))
	  ->  Bitmap Index Scan on k_2  (cost=0.00..5.45 rows=102 width=0)
	        Index Cond: ((k >= 4761943) AND (k <= 4762043))

table 3 : explain SELECT k, c FROM sbtest3 WHERE k BETWEEN 4761943 AND 4762043
	Bitmap Heap Scan on sbtest3  (cost=5.48..409.59 rows=102 width=125)
	  Recheck Cond: ((k >= 4761943) AND (k <= 4762043))
	  ->  Bitmap Index Scan on k_3  (cost=0.00..5.45 rows=102 width=0)
	        Index Cond: ((k >= 4761943) AND (k <= 4762043))

table 4 : explain SELECT k, c FROM sbtest4 WHERE k BETWEEN 4761943 AND 4762043
	Bitmap Heap Scan on sbtest4  (cost=5.48..409.68 rows=102 width=125)
	  Recheck Cond: ((k >= 4761943) AND (k <= 4762043))
	  ->  Bitmap Index Scan on k_4  (cost=0.00..5.45 rows=102 width=0)
	        Index Cond: ((k >= 4761943) AND (k <= 4762043))

table 5 : explain SELECT k, c FROM sbtest5 WHERE k BETWEEN 4761943 AND 4762043
	Bitmap Heap Scan on sbtest5  (cost=5.67..480.34 rows=120 width=125)
	  Recheck Cond: ((k >= 4761943) AND (k <= 4762043))
	  ->  Bitmap Index Scan on k_5  (cost=0.00..5.63 rows=120 width=0)
	        Index Cond: ((k >= 4761943) AND (k <= 4762043))

table 6 : explain SELECT k, c FROM sbtest6 WHERE k BETWEEN 4761943 AND 4762043
	Bitmap Heap Scan on sbtest6  (cost=5.57..445.00 rows=111 width=125)
	  Recheck Cond: ((k >= 4761943) AND (k <= 4762043))
	  ->  Bitmap Index Scan on k_6  (cost=0.00..5.54 rows=111 width=0)
	        Index Cond: ((k >= 4761943) AND (k <= 4762043))

table 7 : explain SELECT k, c FROM sbtest7 WHERE k BETWEEN 4761943 AND 4762043
	Bitmap Heap Scan on sbtest7  (cost=5.51..421.54 rows=105 width=125)
	  Recheck Cond: ((k >= 4761943) AND (k <= 4762043))
	  ->  Bitmap Index Scan on k_7  (cost=0.00..5.48 rows=105 width=0)
	        Index Cond: ((k >= 4761943) AND (k <= 4762043))

table 8 : explain SELECT k, c FROM sbtest8 WHERE k BETWEEN 4761943 AND 4762043
	Bitmap Heap Scan on sbtest8  (cost=5.51..421.49 rows=105 width=125)
	  Recheck Cond: ((k >= 4761943) AND (k <= 4762043))
	  ->  Bitmap Index Scan on k_8  (cost=0.00..5.48 rows=105 width=0)
	        Index Cond: ((k >= 4761943) AND (k <= 4762043))

for range-notcovered
table 1 : explain SELECT k, c FROM sbtest1 WHERE k BETWEEN 2901047 AND 2901147
	Bitmap Heap Scan on sbtest1  (cost=5.49..413.48 rows=103 width=125)
	  Recheck Cond: ((k >= 2901047) AND (k <= 2901147))
	  ->  Bitmap Index Scan on k_1  (cost=0.00..5.46 rows=103 width=0)
	        Index Cond: ((k >= 2901047) AND (k <= 2901147))

table 2 : explain SELECT k, c FROM sbtest2 WHERE k BETWEEN 2901047 AND 2901147
	Bitmap Heap Scan on sbtest2  (cost=5.37..366.09 rows=91 width=125)
	  Recheck Cond: ((k >= 2901047) AND (k <= 2901147))
	  ->  Bitmap Index Scan on k_2  (cost=0.00..5.34 rows=91 width=0)
	        Index Cond: ((k >= 2901047) AND (k <= 2901147))

table 3 : explain SELECT k, c FROM sbtest3 WHERE k BETWEEN 2901047 AND 2901147
	Bitmap Heap Scan on sbtest3  (cost=5.41..381.97 rows=95 width=125)
	  Recheck Cond: ((k >= 2901047) AND (k <= 2901147))
	  ->  Bitmap Index Scan on k_3  (cost=0.00..5.38 rows=95 width=0)
	        Index Cond: ((k >= 2901047) AND (k <= 2901147))

table 4 : explain SELECT k, c FROM sbtest4 WHERE k BETWEEN 2901047 AND 2901147
	Bitmap Heap Scan on sbtest4  (cost=5.48..409.68 rows=102 width=125)
	  Recheck Cond: ((k >= 2901047) AND (k <= 2901147))
	  ->  Bitmap Index Scan on k_4  (cost=0.00..5.45 rows=102 width=0)
	        Index Cond: ((k >= 2901047) AND (k <= 2901147))

table 5 : explain SELECT k, c FROM sbtest5 WHERE k BETWEEN 2901047 AND 2901147
	Bitmap Heap Scan on sbtest5  (cost=5.39..373.92 rows=93 width=125)
	  Recheck Cond: ((k >= 2901047) AND (k <= 2901147))
	  ->  Bitmap Index Scan on k_5  (cost=0.00..5.36 rows=93 width=0)
	        Index Cond: ((k >= 2901047) AND (k <= 2901147))

table 6 : explain SELECT k, c FROM sbtest6 WHERE k BETWEEN 2901047 AND 2901147
	Bitmap Heap Scan on sbtest6  (cost=5.37..366.10 rows=91 width=125)
	  Recheck Cond: ((k >= 2901047) AND (k <= 2901147))
	  ->  Bitmap Index Scan on k_6  (cost=0.00..5.34 rows=91 width=0)
	        Index Cond: ((k >= 2901047) AND (k <= 2901147))

table 7 : explain SELECT k, c FROM sbtest7 WHERE k BETWEEN 2901047 AND 2901147
	Bitmap Heap Scan on sbtest7  (cost=5.42..386.01 rows=96 width=125)
	  Recheck Cond: ((k >= 2901047) AND (k <= 2901147))
	  ->  Bitmap Index Scan on k_7  (cost=0.00..5.39 rows=96 width=0)
	        Index Cond: ((k >= 2901047) AND (k <= 2901147))

table 8 : explain SELECT k, c FROM sbtest8 WHERE k BETWEEN 2901047 AND 2901147
	Bitmap Heap Scan on sbtest8  (cost=5.50..417.54 rows=104 width=125)
	  Recheck Cond: ((k >= 2901047) AND (k <= 2901147))
	  ->  Bitmap Index Scan on k_8  (cost=0.00..5.47 rows=104 width=0)
	        Index Cond: ((k >= 2901047) AND (k <= 2901147))

explain: for range-notcovered :: explain SELECT k, c FROM sbtest%d WHERE k BETWEEN 5510090 AND 5510190
for range-notcovered
table 1 : explain SELECT k, c FROM sbtest1 WHERE k BETWEEN 5803081 AND 5803181
	Bitmap Heap Scan on sbtest1  (cost=5.45..397.70 rows=99 width=125)
	  Recheck Cond: ((k >= 5803081) AND (k <= 5803181))
	  ->  Bitmap Index Scan on k_1  (cost=0.00..5.42 rows=99 width=0)
	        Index Cond: ((k >= 5803081) AND (k <= 5803181))

table 2 : explain SELECT k, c FROM sbtest2 WHERE k BETWEEN 5803081 AND 5803181
	Bitmap Heap Scan on sbtest2  (cost=5.61..460.75 rows=115 width=125)
	  Recheck Cond: ((k >= 5803081) AND (k <= 5803181))
	  ->  Bitmap Index Scan on k_2  (cost=0.00..5.58 rows=115 width=0)
	        Index Cond: ((k >= 5803081) AND (k <= 5803181))

table 3 : explain SELECT k, c FROM sbtest3 WHERE k BETWEEN 5803081 AND 5803181
	Bitmap Heap Scan on sbtest3  (cost=5.65..476.62 rows=119 width=125)
	  Recheck Cond: ((k >= 5803081) AND (k <= 5803181))
	  ->  Bitmap Index Scan on k_3  (cost=0.00..5.62 rows=119 width=0)
	        Index Cond: ((k >= 5803081) AND (k <= 5803181))

table 4 : explain SELECT k, c FROM sbtest4 WHERE k BETWEEN 5803081 AND 5803181
	Bitmap Heap Scan on sbtest4  (cost=5.46..401.79 rows=100 width=125)
	  Recheck Cond: ((k >= 5803081) AND (k <= 5803181))
	  ->  Bitmap Index Scan on k_4  (cost=0.00..5.43 rows=100 width=0)
	        Index Cond: ((k >= 5803081) AND (k <= 5803181))

table 5 : explain SELECT k, c FROM sbtest5 WHERE k BETWEEN 5803081 AND 5803181
	Bitmap Heap Scan on sbtest5  (cost=5.43..389.70 rows=97 width=125)
	  Recheck Cond: ((k >= 5803081) AND (k <= 5803181))
	  ->  Bitmap Index Scan on k_5  (cost=0.00..5.40 rows=97 width=0)
	        Index Cond: ((k >= 5803081) AND (k <= 5803181))

table 6 : explain SELECT k, c FROM sbtest6 WHERE k BETWEEN 5803081 AND 5803181
	Bitmap Heap Scan on sbtest6  (cost=5.46..401.63 rows=100 width=125)
	  Recheck Cond: ((k >= 5803081) AND (k <= 5803181))
	  ->  Bitmap Index Scan on k_6  (cost=0.00..5.43 rows=100 width=0)
	        Index Cond: ((k >= 5803081) AND (k <= 5803181))

table 7 : explain SELECT k, c FROM sbtest7 WHERE k BETWEEN 5803081 AND 5803181
	Bitmap Heap Scan on sbtest7  (cost=5.40..378.11 rows=94 width=125)
	  Recheck Cond: ((k >= 5803081) AND (k <= 5803181))
	  ->  Bitmap Index Scan on k_7  (cost=0.00..5.38 rows=94 width=0)
	        Index Cond: ((k >= 5803081) AND (k <= 5803181))

table 8 : explain SELECT k, c FROM sbtest8 WHERE k BETWEEN 5803081 AND 5803181
	Bitmap Heap Scan on sbtest8  (cost=5.49..413.60 rows=103 width=125)
	  Recheck Cond: ((k >= 5803081) AND (k <= 5803181))
	  ->  Bitmap Index Scan on k_8  (cost=0.00..5.46 rows=103 width=0)
	        Index Cond: ((k >= 5803081) AND (k <= 5803181))

explain: for range-notcovered :: explain SELECT k, c FROM sbtest%d WHERE k BETWEEN 4708187 AND 4708287explain: for range-notcovered :: explain SELECT k, c FROM sbtest%d WHERE k BETWEEN 4761943 AND 4762043

explain: for range-notcovered :: explain SELECT k, c FROM sbtest%d WHERE k BETWEEN 6035731 AND 6035831
explain: for range-notcovered :: explain SELECT k, c FROM sbtest%d WHERE k BETWEEN 2901047 AND 2901147
for range-notcovered
table 1 : explain SELECT k, c FROM sbtest1 WHERE k BETWEEN 5510540 AND 5510640
	Bitmap Heap Scan on sbtest1  (cost=5.47..405.59 rows=101 width=125)
	  Recheck Cond: ((k >= 5510540) AND (k <= 5510640))
	  ->  Bitmap Index Scan on k_1  (cost=0.00..5.44 rows=101 width=0)
	        Index Cond: ((k >= 5510540) AND (k <= 5510640))

table 2 : explain SELECT k, c FROM sbtest2 WHERE k BETWEEN 5510540 AND 5510640
	Bitmap Heap Scan on sbtest2  (cost=5.48..409.51 rows=102 width=125)
	  Recheck Cond: ((k >= 5510540) AND (k <= 5510640))
	  ->  Bitmap Index Scan on k_2  (cost=0.00..5.45 rows=102 width=0)
	        Index Cond: ((k >= 5510540) AND (k <= 5510640))

table 3 : explain SELECT k, c FROM sbtest3 WHERE k BETWEEN 5510540 AND 5510640
	Bitmap Heap Scan on sbtest3  (cost=5.58..449.03 rows=112 width=125)
	  Recheck Cond: ((k >= 5510540) AND (k <= 5510640))
	  ->  Bitmap Index Scan on k_3  (cost=0.00..5.55 rows=112 width=0)
	        Index Cond: ((k >= 5510540) AND (k <= 5510640))

table 4 : explain SELECT k, c FROM sbtest4 WHERE k BETWEEN 5510540 AND 5510640
	Bitmap Heap Scan on sbtest4  (cost=5.53..429.41 rows=107 width=125)
	  Recheck Cond: ((k >= 5510540) AND (k <= 5510640))
	  ->  Bitmap Index Scan on k_4  (cost=0.00..5.50 rows=107 width=0)
	        Index Cond: ((k >= 5510540) AND (k <= 5510640))

table 5 : explain SELECT k, c FROM sbtest5 WHERE k BETWEEN 5510540 AND 5510640
	Bitmap Heap Scan on sbtest5  (cost=5.58..448.84 rows=112 width=125)
	  Recheck Cond: ((k >= 5510540) AND (k <= 5510640))
	  ->  Bitmap Index Scan on k_5  (cost=0.00..5.55 rows=112 width=0)
	        Index Cond: ((k >= 5510540) AND (k <= 5510640))

table 6 : explain SELECT k, c FROM sbtest6 WHERE k BETWEEN 5510540 AND 5510640
	Bitmap Heap Scan on sbtest6  (cost=5.54..433.18 rows=108 width=125)
	  Recheck Cond: ((k >= 5510540) AND (k <= 5510640))
	  ->  Bitmap Index Scan on k_6  (cost=0.00..5.51 rows=108 width=0)
	        Index Cond: ((k >= 5510540) AND (k <= 5510640))

table 7 : explain SELECT k, c FROM sbtest7 WHERE k BETWEEN 5510540 AND 5510640
	Bitmap Heap Scan on sbtest7  (cost=5.44..393.91 rows=98 width=125)
	  Recheck Cond: ((k >= 5510540) AND (k <= 5510640))
	  ->  Bitmap Index Scan on k_7  (cost=0.00..5.42 rows=98 width=0)
	        Index Cond: ((k >= 5510540) AND (k <= 5510640))

table 8 : explain SELECT k, c FROM sbtest8 WHERE k BETWEEN 5510540 AND 5510640
	Bitmap Heap Scan on sbtest8  (cost=5.40..378.07 rows=94 width=125)
	  Recheck Cond: ((k >= 5510540) AND (k <= 5510640))
	  ->  Bitmap Index Scan on k_8  (cost=0.00..5.38 rows=94 width=0)
	        Index Cond: ((k >= 5510540) AND (k <= 5510640))

explain: for range-notcovered :: explain SELECT k, c FROM sbtest%d WHERE k BETWEEN 5803081 AND 5803181
explain: for range-notcovered :: explain SELECT k, c FROM sbtest%d WHERE k BETWEEN 5510540 AND 5510640
for range-notcovered
table 1 : explain SELECT k, c FROM sbtest1 WHERE k BETWEEN 5219904 AND 5220004
	Bitmap Heap Scan on sbtest1  (cost=5.42..385.86 rows=96 width=125)
	  Recheck Cond: ((k >= 5219904) AND (k <= 5220004))
	  ->  Bitmap Index Scan on k_1  (cost=0.00..5.39 rows=96 width=0)
	        Index Cond: ((k >= 5219904) AND (k <= 5220004))

table 2 : explain SELECT k, c FROM sbtest2 WHERE k BETWEEN 5219904 AND 5220004
	Bitmap Heap Scan on sbtest2  (cost=5.45..397.67 rows=99 width=125)
	  Recheck Cond: ((k >= 5219904) AND (k <= 5220004))
	  ->  Bitmap Index Scan on k_2  (cost=0.00..5.42 rows=99 width=0)
	        Index Cond: ((k >= 5219904) AND (k <= 5220004))

table 3 : explain SELECT k, c FROM sbtest3 WHERE k BETWEEN 5219904 AND 5220004
	Bitmap Heap Scan on sbtest3  (cost=5.41..381.97 rows=95 width=125)
	  Recheck Cond: ((k >= 5219904) AND (k <= 5220004))
	  ->  Bitmap Index Scan on k_3  (cost=0.00..5.38 rows=95 width=0)
	        Index Cond: ((k >= 5219904) AND (k <= 5220004))

table 4 : explain SELECT k, c FROM sbtest4 WHERE k BETWEEN 5219904 AND 5220004
	Bitmap Heap Scan on sbtest4  (cost=5.39..374.15 rows=93 width=125)
	  Recheck Cond: ((k >= 5219904) AND (k <= 5220004))
	  ->  Bitmap Index Scan on k_4  (cost=0.00..5.36 rows=93 width=0)
	        Index Cond: ((k >= 5219904) AND (k <= 5220004))

table 5 : explain SELECT k, c FROM sbtest5 WHERE k BETWEEN 5219904 AND 5220004
	Bitmap Heap Scan on sbtest5  (cost=5.45..397.59 rows=99 width=125)
	  Recheck Cond: ((k >= 5219904) AND (k <= 5220004))
	  ->  Bitmap Index Scan on k_5  (cost=0.00..5.42 rows=99 width=0)
	        Index Cond: ((k >= 5219904) AND (k <= 5220004))

table 6 : explain SELECT k, c FROM sbtest6 WHERE k BETWEEN 5219904 AND 5220004
	Bitmap Heap Scan on sbtest6  (cost=5.50..417.41 rows=104 width=125)
	  Recheck Cond: ((k >= 5219904) AND (k <= 5220004))
	  ->  Bitmap Index Scan on k_6  (cost=0.00..5.47 rows=104 width=0)
	        Index Cond: ((k >= 5219904) AND (k <= 5220004))

table 7 : explain SELECT k, c FROM sbtest7 WHERE k BETWEEN 5219904 AND 5220004
	Bitmap Heap Scan on sbtest7  (cost=5.48..409.70 rows=102 width=125)
	  Recheck Cond: ((k >= 5219904) AND (k <= 5220004))
	  ->  Bitmap Index Scan on k_7  (cost=0.00..5.45 rows=102 width=0)
	        Index Cond: ((k >= 5219904) AND (k <= 5220004))

table 8 : explain SELECT k, c FROM sbtest8 WHERE k BETWEEN 5219904 AND 5220004
	Bitmap Heap Scan on sbtest8  (cost=5.45..397.81 rows=99 width=125)
	  Recheck Cond: ((k >= 5219904) AND (k <= 5220004))
	  ->  Bitmap Index Scan on k_8  (cost=0.00..5.42 rows=99 width=0)
	        Index Cond: ((k >= 5219904) AND (k <= 5220004))

for range-notcovered
table 1 : explain SELECT k, c FROM sbtest1 WHERE k BETWEEN 5449994 AND 5450094
	Bitmap Heap Scan on sbtest1  (cost=5.51..421.37 rows=105 width=125)
	  Recheck Cond: ((k >= 5449994) AND (k <= 5450094))
	  ->  Bitmap Index Scan on k_1  (cost=0.00..5.48 rows=105 width=0)
	        Index Cond: ((k >= 5449994) AND (k <= 5450094))

table 2 : explain SELECT k, c FROM sbtest2 WHERE k BETWEEN 5449994 AND 5450094
	Bitmap Heap Scan on sbtest2  (cost=5.48..409.51 rows=102 width=125)
	  Recheck Cond: ((k >= 5449994) AND (k <= 5450094))
	  ->  Bitmap Index Scan on k_2  (cost=0.00..5.45 rows=102 width=0)
	        Index Cond: ((k >= 5449994) AND (k <= 5450094))

table 3 : explain SELECT k, c FROM sbtest3 WHERE k BETWEEN 5449994 AND 5450094
	Bitmap Heap Scan on sbtest3  (cost=5.45..397.76 rows=99 width=125)
	  Recheck Cond: ((k >= 5449994) AND (k <= 5450094))
	  ->  Bitmap Index Scan on k_3  (cost=0.00..5.42 rows=99 width=0)
	        Index Cond: ((k >= 5449994) AND (k <= 5450094))

table 4 : explain SELECT k, c FROM sbtest4 WHERE k BETWEEN 5449994 AND 5450094
	Bitmap Heap Scan on sbtest4  (cost=5.53..429.41 rows=107 width=125)
	  Recheck Cond: ((k >= 5449994) AND (k <= 5450094))
	  ->  Bitmap Index Scan on k_4  (cost=0.00..5.50 rows=107 width=0)
	        Index Cond: ((k >= 5449994) AND (k <= 5450094))

table 5 : explain SELECT k, c FROM sbtest5 WHERE k BETWEEN 5449994 AND 5450094
	Bitmap Heap Scan on sbtest5  (cost=5.45..397.59 rows=99 width=125)
	  Recheck Cond: ((k >= 5449994) AND (k <= 5450094))
	  ->  Bitmap Index Scan on k_5  (cost=0.00..5.42 rows=99 width=0)
	        Index Cond: ((k >= 5449994) AND (k <= 5450094))

table 6 : explain SELECT k, c FROM sbtest6 WHERE k BETWEEN 5449994 AND 5450094
	Bitmap Heap Scan on sbtest6  (cost=5.50..417.41 rows=104 width=125)
	  Recheck Cond: ((k >= 5449994) AND (k <= 5450094))
	  ->  Bitmap Index Scan on k_6  (cost=0.00..5.47 rows=104 width=0)
	        Index Cond: ((k >= 5449994) AND (k <= 5450094))

table 7 : explain SELECT k, c FROM sbtest7 WHERE k BETWEEN 5449994 AND 5450094
	Bitmap Heap Scan on sbtest7  (cost=5.43..389.96 rows=97 width=125)
	  Recheck Cond: ((k >= 5449994) AND (k <= 5450094))
	  ->  Bitmap Index Scan on k_7  (cost=0.00..5.40 rows=97 width=0)
	        Index Cond: ((k >= 5449994) AND (k <= 5450094))

table 8 : explain SELECT k, c FROM sbtest8 WHERE k BETWEEN 5449994 AND 5450094
	Bitmap Heap Scan on sbtest8  (cost=5.39..374.12 rows=93 width=125)
	  Recheck Cond: ((k >= 5449994) AND (k <= 5450094))
	  ->  Bitmap Index Scan on k_8  (cost=0.00..5.36 rows=93 width=0)
	        Index Cond: ((k >= 5449994) AND (k <= 5450094))

explain: for range-notcovered :: explain SELECT k, c FROM sbtest%d WHERE k BETWEEN 3055672 AND 3055772
for range-notcovered
table 1 : explain SELECT k, c FROM sbtest1 WHERE k BETWEEN 7475603 AND 7475703
	Bitmap Heap Scan on sbtest1  (cost=5.41..381.91 rows=95 width=125)
	  Recheck Cond: ((k >= 7475603) AND (k <= 7475703))
	  ->  Bitmap Index Scan on k_1  (cost=0.00..5.38 rows=95 width=0)
	        Index Cond: ((k >= 7475603) AND (k <= 7475703))

table 2 : explain SELECT k, c FROM sbtest2 WHERE k BETWEEN 7475603 AND 7475703
	Bitmap Heap Scan on sbtest2  (cost=5.42..385.83 rows=96 width=125)
	  Recheck Cond: ((k >= 7475603) AND (k <= 7475703))
	  ->  Bitmap Index Scan on k_2  (cost=0.00..5.39 rows=96 width=0)
	        Index Cond: ((k >= 7475603) AND (k <= 7475703))

table 3 : explain SELECT k, c FROM sbtest3 WHERE k BETWEEN 7475603 AND 7475703
	Bitmap Heap Scan on sbtest3  (cost=5.56..441.15 rows=110 width=125)
	  Recheck Cond: ((k >= 7475603) AND (k <= 7475703))
	  ->  Bitmap Index Scan on k_3  (cost=0.00..5.53 rows=110 width=0)
	        Index Cond: ((k >= 7475603) AND (k <= 7475703))

table 4 : explain SELECT k, c FROM sbtest4 WHERE k BETWEEN 7475603 AND 7475703
	Bitmap Heap Scan on sbtest4  (cost=5.53..429.41 rows=107 width=125)
	  Recheck Cond: ((k >= 7475603) AND (k <= 7475703))
	  ->  Bitmap Index Scan on k_4  (cost=0.00..5.50 rows=107 width=0)
	        Index Cond: ((k >= 7475603) AND (k <= 7475703))

table 5 : explain SELECT k, c FROM sbtest5 WHERE k BETWEEN 7475603 AND 7475703
	Bitmap Heap Scan on sbtest5  (cost=5.52..425.19 rows=106 width=125)
	  Recheck Cond: ((k >= 7475603) AND (k <= 7475703))
	  ->  Bitmap Index Scan on k_5  (cost=0.00..5.50 rows=106 width=0)
	        Index Cond: ((k >= 7475603) AND (k <= 7475703))

table 6 : explain SELECT k, c FROM sbtest6 WHERE k BETWEEN 7475603 AND 7475703
	Bitmap Heap Scan on sbtest6  (cost=5.48..409.52 rows=102 width=125)
	  Recheck Cond: ((k >= 7475603) AND (k <= 7475703))
	  ->  Bitmap Index Scan on k_6  (cost=0.00..5.45 rows=102 width=0)
	        Index Cond: ((k >= 7475603) AND (k <= 7475703))

table 7 : explain SELECT k, c FROM sbtest7 WHERE k BETWEEN 7475603 AND 7475703
	Bitmap Heap Scan on sbtest7  (cost=5.62..464.93 rows=116 width=125)
	  Recheck Cond: ((k >= 7475603) AND (k <= 7475703))
	  ->  Bitmap Index Scan on k_7  (cost=0.00..5.59 rows=116 width=0)
	        Index Cond: ((k >= 7475603) AND (k <= 7475703))

table 8 : explain SELECT k, c FROM sbtest8 WHERE k BETWEEN 7475603 AND 7475703
	Bitmap Heap Scan on sbtest8  (cost=5.43..389.91 rows=97 width=125)
	  Recheck Cond: ((k >= 7475603) AND (k <= 7475703))
	  ->  Bitmap Index Scan on k_8  (cost=0.00..5.40 rows=97 width=0)
	        Index Cond: ((k >= 7475603) AND (k <= 7475703))

explain: for range-notcovered :: explain SELECT k, c FROM sbtest%d WHERE k BETWEEN 5219904 AND 5220004
explain: for range-notcovered :: explain SELECT k, c FROM sbtest%d WHERE k BETWEEN 5449994 AND 5450094
explain: for range-notcovered :: explain SELECT k, c FROM sbtest%d WHERE k BETWEEN 7475603 AND 7475703
for range-notcovered
table 1 : explain SELECT k, c FROM sbtest1 WHERE k BETWEEN 2511771 AND 2511871
	Bitmap Heap Scan on sbtest1  (cost=5.50..417.43 rows=104 width=125)
	  Recheck Cond: ((k >= 2511771) AND (k <= 2511871))
	  ->  Bitmap Index Scan on k_1  (cost=0.00..5.47 rows=104 width=0)
	        Index Cond: ((k >= 2511771) AND (k <= 2511871))

table 2 : explain SELECT k, c FROM sbtest2 WHERE k BETWEEN 2511771 AND 2511871
	Bitmap Heap Scan on sbtest2  (cost=5.51..421.34 rows=105 width=125)
	  Recheck Cond: ((k >= 2511771) AND (k <= 2511871))
	  ->  Bitmap Index Scan on k_2  (cost=0.00..5.48 rows=105 width=0)
	        Index Cond: ((k >= 2511771) AND (k <= 2511871))

table 3 : explain SELECT k, c FROM sbtest3 WHERE k BETWEEN 2511771 AND 2511871
	Bitmap Heap Scan on sbtest3  (cost=5.50..417.49 rows=104 width=125)
	  Recheck Cond: ((k >= 2511771) AND (k <= 2511871))
	  ->  Bitmap Index Scan on k_3  (cost=0.00..5.47 rows=104 width=0)
	        Index Cond: ((k >= 2511771) AND (k <= 2511871))

table 4 : explain SELECT k, c FROM sbtest4 WHERE k BETWEEN 2511771 AND 2511871
	Bitmap Heap Scan on sbtest4  (cost=5.41..382.05 rows=95 width=125)
	  Recheck Cond: ((k >= 2511771) AND (k <= 2511871))
	  ->  Bitmap Index Scan on k_4  (cost=0.00..5.38 rows=95 width=0)
	        Index Cond: ((k >= 2511771) AND (k <= 2511871))

table 5 : explain SELECT k, c FROM sbtest5 WHERE k BETWEEN 2511771 AND 2511871
	Bitmap Heap Scan on sbtest5  (cost=5.50..417.31 rows=104 width=125)
	  Recheck Cond: ((k >= 2511771) AND (k <= 2511871))
	  ->  Bitmap Index Scan on k_5  (cost=0.00..5.47 rows=104 width=0)
	        Index Cond: ((k >= 2511771) AND (k <= 2511871))

table 6 : explain SELECT k, c FROM sbtest6 WHERE k BETWEEN 2511771 AND 2511871
	Bitmap Heap Scan on sbtest6  (cost=5.42..385.84 rows=96 width=125)
	  Recheck Cond: ((k >= 2511771) AND (k <= 2511871))
	  ->  Bitmap Index Scan on k_6  (cost=0.00..5.39 rows=96 width=0)
	        Index Cond: ((k >= 2511771) AND (k <= 2511871))

table 7 : explain SELECT k, c FROM sbtest7 WHERE k BETWEEN 2511771 AND 2511871
	Bitmap Heap Scan on sbtest7  (cost=5.58..449.16 rows=112 width=125)
	  Recheck Cond: ((k >= 2511771) AND (k <= 2511871))
	  ->  Bitmap Index Scan on k_7  (cost=0.00..5.55 rows=112 width=0)
	        Index Cond: ((k >= 2511771) AND (k <= 2511871))

table 8 : explain SELECT k, c FROM sbtest8 WHERE k BETWEEN 2511771 AND 2511871
	Bitmap Heap Scan on sbtest8  (cost=5.45..397.81 rows=99 width=125)
	  Recheck Cond: ((k >= 2511771) AND (k <= 2511871))
	  ->  Bitmap Index Scan on k_8  (cost=0.00..5.42 rows=99 width=0)
	        Index Cond: ((k >= 2511771) AND (k <= 2511871))

explain: for range-notcovered :: explain SELECT k, c FROM sbtest%d WHERE k BETWEEN 2511771 AND 2511871
for range-notcovered
table 1 : explain SELECT k, c FROM sbtest1 WHERE k BETWEEN 7302808 AND 7302908
	Bitmap Heap Scan on sbtest1  (cost=5.52..425.31 rows=106 width=125)
	  Recheck Cond: ((k >= 7302808) AND (k <= 7302908))
	  ->  Bitmap Index Scan on k_1  (cost=0.00..5.50 rows=106 width=0)
	        Index Cond: ((k >= 7302808) AND (k <= 7302908))

table 2 : explain SELECT k, c FROM sbtest2 WHERE k BETWEEN 7302808 AND 7302908
	Bitmap Heap Scan on sbtest2  (cost=5.48..409.51 rows=102 width=125)
	  Recheck Cond: ((k >= 7302808) AND (k <= 7302908))
	  ->  Bitmap Index Scan on k_2  (cost=0.00..5.45 rows=102 width=0)
	        Index Cond: ((k >= 7302808) AND (k <= 7302908))

table 3 : explain SELECT k, c FROM sbtest3 WHERE k BETWEEN 7302808 AND 7302908
	Bitmap Heap Scan on sbtest3  (cost=5.50..417.49 rows=104 width=125)
	  Recheck Cond: ((k >= 7302808) AND (k <= 7302908))
	  ->  Bitmap Index Scan on k_3  (cost=0.00..5.47 rows=104 width=0)
	        Index Cond: ((k >= 7302808) AND (k <= 7302908))

table 4 : explain SELECT k, c FROM sbtest4 WHERE k BETWEEN 7302808 AND 7302908
	Bitmap Heap Scan on sbtest4  (cost=5.42..385.99 rows=96 width=125)
	  Recheck Cond: ((k >= 7302808) AND (k <= 7302908))
	  ->  Bitmap Index Scan on k_4  (cost=0.00..5.39 rows=96 width=0)
	        Index Cond: ((k >= 7302808) AND (k <= 7302908))

table 5 : explain SELECT k, c FROM sbtest5 WHERE k BETWEEN 7302808 AND 7302908
	Bitmap Heap Scan on sbtest5  (cost=5.53..429.14 rows=107 width=125)
	  Recheck Cond: ((k >= 7302808) AND (k <= 7302908))
	  ->  Bitmap Index Scan on k_5  (cost=0.00..5.50 rows=107 width=0)
	        Index Cond: ((k >= 7302808) AND (k <= 7302908))

table 6 : explain SELECT k, c FROM sbtest6 WHERE k BETWEEN 7302808 AND 7302908
	Bitmap Heap Scan on sbtest6  (cost=5.57..445.00 rows=111 width=125)
	  Recheck Cond: ((k >= 7302808) AND (k <= 7302908))
	  ->  Bitmap Index Scan on k_6  (cost=0.00..5.54 rows=111 width=0)
	        Index Cond: ((k >= 7302808) AND (k <= 7302908))

table 7 : explain SELECT k, c FROM sbtest7 WHERE k BETWEEN 7302808 AND 7302908
	Bitmap Heap Scan on sbtest7  (cost=5.54..433.38 rows=108 width=125)
	  Recheck Cond: ((k >= 7302808) AND (k <= 7302908))
	  ->  Bitmap Index Scan on k_7  (cost=0.00..5.51 rows=108 width=0)
	        Index Cond: ((k >= 7302808) AND (k <= 7302908))

table 8 : explain SELECT k, c FROM sbtest8 WHERE k BETWEEN 7302808 AND 7302908
	Bitmap Heap Scan on sbtest8  (cost=5.55..437.27 rows=109 width=125)
	  Recheck Cond: ((k >= 7302808) AND (k <= 7302908))
	  ->  Bitmap Index Scan on k_8  (cost=0.00..5.52 rows=109 width=0)
	        Index Cond: ((k >= 7302808) AND (k <= 7302908))

explain: for range-notcovered :: explain SELECT k, c FROM sbtest%d WHERE k BETWEEN 7302808 AND 7302908
for range-notcovered
table 1 : explain SELECT k, c FROM sbtest1 WHERE k BETWEEN 8064513 AND 8064613
	Bitmap Heap Scan on sbtest1  (cost=5.59..452.91 rows=113 width=125)
	  Recheck Cond: ((k >= 8064513) AND (k <= 8064613))
	  ->  Bitmap Index Scan on k_1  (cost=0.00..5.56 rows=113 width=0)
	        Index Cond: ((k >= 8064513) AND (k <= 8064613))

table 2 : explain SELECT k, c FROM sbtest2 WHERE k BETWEEN 8064513 AND 8064613
	Bitmap Heap Scan on sbtest2  (cost=5.51..421.34 rows=105 width=125)
	  Recheck Cond: ((k >= 8064513) AND (k <= 8064613))
	  ->  Bitmap Index Scan on k_2  (cost=0.00..5.48 rows=105 width=0)
	        Index Cond: ((k >= 8064513) AND (k <= 8064613))

table 3 : explain SELECT k, c FROM sbtest3 WHERE k BETWEEN 8064513 AND 8064613
	Bitmap Heap Scan on sbtest3  (cost=5.36..362.22 rows=90 width=125)
	  Recheck Cond: ((k >= 8064513) AND (k <= 8064613))
	  ->  Bitmap Index Scan on k_3  (cost=0.00..5.33 rows=90 width=0)
	        Index Cond: ((k >= 8064513) AND (k <= 8064613))

table 4 : explain SELECT k, c FROM sbtest4 WHERE k BETWEEN 8064513 AND 8064613
	Bitmap Heap Scan on sbtest4  (cost=5.53..429.41 rows=107 width=125)
	  Recheck Cond: ((k >= 8064513) AND (k <= 8064613))
	  ->  Bitmap Index Scan on k_4  (cost=0.00..5.50 rows=107 width=0)
	        Index Cond: ((k >= 8064513) AND (k <= 8064613))

table 5 : explain SELECT k, c FROM sbtest5 WHERE k BETWEEN 8064513 AND 8064613
	Bitmap Heap Scan on sbtest5  (cost=5.48..409.43 rows=102 width=125)
	  Recheck Cond: ((k >= 8064513) AND (k <= 8064613))
	  ->  Bitmap Index Scan on k_5  (cost=0.00..5.45 rows=102 width=0)
	        Index Cond: ((k >= 8064513) AND (k <= 8064613))

table 6 : explain SELECT k, c FROM sbtest6 WHERE k BETWEEN 8064513 AND 8064613
	Bitmap Heap Scan on sbtest6  (cost=5.49..413.46 rows=103 width=125)
	  Recheck Cond: ((k >= 8064513) AND (k <= 8064613))
	  ->  Bitmap Index Scan on k_6  (cost=0.00..5.46 rows=103 width=0)
	        Index Cond: ((k >= 8064513) AND (k <= 8064613))

table 7 : explain SELECT k, c FROM sbtest7 WHERE k BETWEEN 8064513 AND 8064613
	Bitmap Heap Scan on sbtest7  (cost=5.57..445.21 rows=111 width=125)
	  Recheck Cond: ((k >= 8064513) AND (k <= 8064613))
	  ->  Bitmap Index Scan on k_7  (cost=0.00..5.54 rows=111 width=0)
	        Index Cond: ((k >= 8064513) AND (k <= 8064613))

table 8 : explain SELECT k, c FROM sbtest8 WHERE k BETWEEN 8064513 AND 8064613
	Bitmap Heap Scan on sbtest8  (cost=5.46..401.76 rows=100 width=125)
	  Recheck Cond: ((k >= 8064513) AND (k <= 8064613))
	  ->  Bitmap Index Scan on k_8  (cost=0.00..5.43 rows=100 width=0)
	        Index Cond: ((k >= 8064513) AND (k <= 8064613))

explain: for range-notcovered :: explain SELECT k, c FROM sbtest%d WHERE k BETWEEN 8064513 AND 8064613
for range-notcovered
table 1 : explain SELECT k, c FROM sbtest1 WHERE k BETWEEN 5803081 AND 5803181
	Bitmap Heap Scan on sbtest1  (cost=5.45..397.70 rows=99 width=125)
	  Recheck Cond: ((k >= 5803081) AND (k <= 5803181))
	  ->  Bitmap Index Scan on k_1  (cost=0.00..5.42 rows=99 width=0)
	        Index Cond: ((k >= 5803081) AND (k <= 5803181))

table 2 : explain SELECT k, c FROM sbtest2 WHERE k BETWEEN 5803081 AND 5803181
	Bitmap Heap Scan on sbtest2  (cost=5.61..460.75 rows=115 width=125)
	  Recheck Cond: ((k >= 5803081) AND (k <= 5803181))
	  ->  Bitmap Index Scan on k_2  (cost=0.00..5.58 rows=115 width=0)
	        Index Cond: ((k >= 5803081) AND (k <= 5803181))

table 3 : explain SELECT k, c FROM sbtest3 WHERE k BETWEEN 5803081 AND 5803181
	Bitmap Heap Scan on sbtest3  (cost=5.65..476.62 rows=119 width=125)
	  Recheck Cond: ((k >= 5803081) AND (k <= 5803181))
	  ->  Bitmap Index Scan on k_3  (cost=0.00..5.62 rows=119 width=0)
	        Index Cond: ((k >= 5803081) AND (k <= 5803181))

table 4 : explain SELECT k, c FROM sbtest4 WHERE k BETWEEN 5803081 AND 5803181
	Bitmap Heap Scan on sbtest4  (cost=5.46..401.79 rows=100 width=125)
	  Recheck Cond: ((k >= 5803081) AND (k <= 5803181))
	  ->  Bitmap Index Scan on k_4  (cost=0.00..5.43 rows=100 width=0)
	        Index Cond: ((k >= 5803081) AND (k <= 5803181))

table 5 : explain SELECT k, c FROM sbtest5 WHERE k BETWEEN 5803081 AND 5803181
	Bitmap Heap Scan on sbtest5  (cost=5.43..389.70 rows=97 width=125)
	  Recheck Cond: ((k >= 5803081) AND (k <= 5803181))
	  ->  Bitmap Index Scan on k_5  (cost=0.00..5.40 rows=97 width=0)
	        Index Cond: ((k >= 5803081) AND (k <= 5803181))

table 6 : explain SELECT k, c FROM sbtest6 WHERE k BETWEEN 5803081 AND 5803181
	Bitmap Heap Scan on sbtest6  (cost=5.46..401.63 rows=100 width=125)
	  Recheck Cond: ((k >= 5803081) AND (k <= 5803181))
	  ->  Bitmap Index Scan on k_6  (cost=0.00..5.43 rows=100 width=0)
	        Index Cond: ((k >= 5803081) AND (k <= 5803181))

table 7 : explain SELECT k, c FROM sbtest7 WHERE k BETWEEN 5803081 AND 5803181
	Bitmap Heap Scan on sbtest7  (cost=5.40..378.11 rows=94 width=125)
	  Recheck Cond: ((k >= 5803081) AND (k <= 5803181))
	  ->  Bitmap Index Scan on k_7  (cost=0.00..5.38 rows=94 width=0)
	        Index Cond: ((k >= 5803081) AND (k <= 5803181))

table 8 : explain SELECT k, c FROM sbtest8 WHERE k BETWEEN 5803081 AND 5803181
	Bitmap Heap Scan on sbtest8  (cost=5.49..413.60 rows=103 width=125)
	  Recheck Cond: ((k >= 5803081) AND (k <= 5803181))
	  ->  Bitmap Index Scan on k_8  (cost=0.00..5.46 rows=103 width=0)
	        Index Cond: ((k >= 5803081) AND (k <= 5803181))

for range-notcovered
table 1 : explain SELECT k, c FROM sbtest1 WHERE k BETWEEN 4708187 AND 4708287
	Bitmap Heap Scan on sbtest1  (cost=5.42..385.86 rows=96 width=125)
	  Recheck Cond: ((k >= 4708187) AND (k <= 4708287))
	  ->  Bitmap Index Scan on k_1  (cost=0.00..5.39 rows=96 width=0)
	        Index Cond: ((k >= 4708187) AND (k <= 4708287))

table 2 : explain SELECT k, c FROM sbtest2 WHERE k BETWEEN 4708187 AND 4708287
	Bitmap Heap Scan on sbtest2  (cost=5.46..401.62 rows=100 width=125)
	  Recheck Cond: ((k >= 4708187) AND (k <= 4708287))
	  ->  Bitmap Index Scan on k_2  (cost=0.00..5.43 rows=100 width=0)
	        Index Cond: ((k >= 4708187) AND (k <= 4708287))

table 3 : explain SELECT k, c FROM sbtest3 WHERE k BETWEEN 4708187 AND 4708287
	Bitmap Heap Scan on sbtest3  (cost=5.48..409.59 rows=102 width=125)
	  Recheck Cond: ((k >= 4708187) AND (k <= 4708287))
	  ->  Bitmap Index Scan on k_3  (cost=0.00..5.45 rows=102 width=0)
	        Index Cond: ((k >= 4708187) AND (k <= 4708287))

table 4 : explain SELECT k, c FROM sbtest4 WHERE k BETWEEN 4708187 AND 4708287
	Bitmap Heap Scan on sbtest4  (cost=5.48..409.68 rows=102 width=125)
	  Recheck Cond: ((k >= 4708187) AND (k <= 4708287))
	  ->  Bitmap Index Scan on k_4  (cost=0.00..5.45 rows=102 width=0)
	        Index Cond: ((k >= 4708187) AND (k <= 4708287))

table 5 : explain SELECT k, c FROM sbtest5 WHERE k BETWEEN 4708187 AND 4708287
	Bitmap Heap Scan on sbtest5  (cost=5.50..417.31 rows=104 width=125)
	  Recheck Cond: ((k >= 4708187) AND (k <= 4708287))
	  ->  Bitmap Index Scan on k_5  (cost=0.00..5.47 rows=104 width=0)
	        Index Cond: ((k >= 4708187) AND (k <= 4708287))

table 6 : explain SELECT k, c FROM sbtest6 WHERE k BETWEEN 4708187 AND 4708287
	Bitmap Heap Scan on sbtest6  (cost=5.57..445.00 rows=111 width=125)
	  Recheck Cond: ((k >= 4708187) AND (k <= 4708287))
	  ->  Bitmap Index Scan on k_6  (cost=0.00..5.54 rows=111 width=0)
	        Index Cond: ((k >= 4708187) AND (k <= 4708287))

table 7 : explain SELECT k, c FROM sbtest7 WHERE k BETWEEN 4708187 AND 4708287
	Bitmap Heap Scan on sbtest7  (cost=5.51..421.54 rows=105 width=125)
	  Recheck Cond: ((k >= 4708187) AND (k <= 4708287))
	  ->  Bitmap Index Scan on k_7  (cost=0.00..5.48 rows=105 width=0)
	        Index Cond: ((k >= 4708187) AND (k <= 4708287))

table 8 : explain SELECT k, c FROM sbtest8 WHERE k BETWEEN 4708187 AND 4708287
	Bitmap Heap Scan on sbtest8  (cost=5.51..421.49 rows=105 width=125)
	  Recheck Cond: ((k >= 4708187) AND (k <= 4708287))
	  ->  Bitmap Index Scan on k_8  (cost=0.00..5.48 rows=105 width=0)
	        Index Cond: ((k >= 4708187) AND (k <= 4708287))

for range-notcovered
table 1 : explain SELECT k, c FROM sbtest1 WHERE k BETWEEN 5510090 AND 5510190
	Bitmap Heap Scan on sbtest1  (cost=5.47..405.59 rows=101 width=125)
	  Recheck Cond: ((k >= 5510090) AND (k <= 5510190))
	  ->  Bitmap Index Scan on k_1  (cost=0.00..5.44 rows=101 width=0)
	        Index Cond: ((k >= 5510090) AND (k <= 5510190))

table 2 : explain SELECT k, c FROM sbtest2 WHERE k BETWEEN 5510090 AND 5510190
	Bitmap Heap Scan on sbtest2  (cost=5.48..409.51 rows=102 width=125)
	  Recheck Cond: ((k >= 5510090) AND (k <= 5510190))
	  ->  Bitmap Index Scan on k_2  (cost=0.00..5.45 rows=102 width=0)
	        Index Cond: ((k >= 5510090) AND (k <= 5510190))

table 3 : explain SELECT k, c FROM sbtest3 WHERE k BETWEEN 5510090 AND 5510190
	Bitmap Heap Scan on sbtest3  (cost=5.58..449.03 rows=112 width=125)
	  Recheck Cond: ((k >= 5510090) AND (k <= 5510190))
	  ->  Bitmap Index Scan on k_3  (cost=0.00..5.55 rows=112 width=0)
	        Index Cond: ((k >= 5510090) AND (k <= 5510190))

table 4 : explain SELECT k, c FROM sbtest4 WHERE k BETWEEN 5510090 AND 5510190
	Bitmap Heap Scan on sbtest4  (cost=5.53..429.41 rows=107 width=125)
	  Recheck Cond: ((k >= 5510090) AND (k <= 5510190))
	  ->  Bitmap Index Scan on k_4  (cost=0.00..5.50 rows=107 width=0)
	        Index Cond: ((k >= 5510090) AND (k <= 5510190))

table 5 : explain SELECT k, c FROM sbtest5 WHERE k BETWEEN 5510090 AND 5510190
	Bitmap Heap Scan on sbtest5  (cost=5.58..448.84 rows=112 width=125)
	  Recheck Cond: ((k >= 5510090) AND (k <= 5510190))
	  ->  Bitmap Index Scan on k_5  (cost=0.00..5.55 rows=112 width=0)
	        Index Cond: ((k >= 5510090) AND (k <= 5510190))

table 6 : explain SELECT k, c FROM sbtest6 WHERE k BETWEEN 5510090 AND 5510190
	Bitmap Heap Scan on sbtest6  (cost=5.54..433.18 rows=108 width=125)
	  Recheck Cond: ((k >= 5510090) AND (k <= 5510190))
	  ->  Bitmap Index Scan on k_6  (cost=0.00..5.51 rows=108 width=0)
	        Index Cond: ((k >= 5510090) AND (k <= 5510190))

table 7 : explain SELECT k, c FROM sbtest7 WHERE k BETWEEN 5510090 AND 5510190
	Bitmap Heap Scan on sbtest7  (cost=5.44..393.91 rows=98 width=125)
	  Recheck Cond: ((k >= 5510090) AND (k <= 5510190))
	  ->  Bitmap Index Scan on k_7  (cost=0.00..5.42 rows=98 width=0)
	        Index Cond: ((k >= 5510090) AND (k <= 5510190))

table 8 : explain SELECT k, c FROM sbtest8 WHERE k BETWEEN 5510090 AND 5510190
	Bitmap Heap Scan on sbtest8  (cost=5.40..378.07 rows=94 width=125)
	  Recheck Cond: ((k >= 5510090) AND (k <= 5510190))
	  ->  Bitmap Index Scan on k_8  (cost=0.00..5.38 rows=94 width=0)
	        Index Cond: ((k >= 5510090) AND (k <= 5510190))

explain: for range-notcovered :: explain SELECT k, c FROM sbtest%d WHERE k BETWEEN 5803081 AND 5803181
for range-notcovered
table 1 : explain SELECT k, c FROM sbtest1 WHERE k BETWEEN 6035731 AND 6035831
	Bitmap Heap Scan on sbtest1  (cost=5.40..377.97 rows=94 width=125)
	  Recheck Cond: ((k >= 6035731) AND (k <= 6035831))
	  ->  Bitmap Index Scan on k_1  (cost=0.00..5.38 rows=94 width=0)
	        Index Cond: ((k >= 6035731) AND (k <= 6035831))

table 2 : explain SELECT k, c FROM sbtest2 WHERE k BETWEEN 6035731 AND 6035831
	Bitmap Heap Scan on sbtest2  (cost=5.42..385.83 rows=96 width=125)
	  Recheck Cond: ((k >= 6035731) AND (k <= 6035831))
	  ->  Bitmap Index Scan on k_2  (cost=0.00..5.39 rows=96 width=0)
	        Index Cond: ((k >= 6035731) AND (k <= 6035831))

table 3 : explain SELECT k, c FROM sbtest3 WHERE k BETWEEN 6035731 AND 6035831
	Bitmap Heap Scan on sbtest3  (cost=5.46..401.70 rows=100 width=125)
	  Recheck Cond: ((k >= 6035731) AND (k <= 6035831))
	  ->  Bitmap Index Scan on k_3  (cost=0.00..5.43 rows=100 width=0)
	        Index Cond: ((k >= 6035731) AND (k <= 6035831))

table 4 : explain SELECT k, c FROM sbtest4 WHERE k BETWEEN 6035731 AND 6035831
	Bitmap Heap Scan on sbtest4  (cost=5.53..429.41 rows=107 width=125)
	  Recheck Cond: ((k >= 6035731) AND (k <= 6035831))
	  ->  Bitmap Index Scan on k_4  (cost=0.00..5.50 rows=107 width=0)
	        Index Cond: ((k >= 6035731) AND (k <= 6035831))

table 5 : explain SELECT k, c FROM sbtest5 WHERE k BETWEEN 6035731 AND 6035831
	Bitmap Heap Scan on sbtest5  (cost=5.53..429.14 rows=107 width=125)
	  Recheck Cond: ((k >= 6035731) AND (k <= 6035831))
	  ->  Bitmap Index Scan on k_5  (cost=0.00..5.50 rows=107 width=0)
	        Index Cond: ((k >= 6035731) AND (k <= 6035831))

table 6 : explain SELECT k, c FROM sbtest6 WHERE k BETWEEN 6035731 AND 6035831
	Bitmap Heap Scan on sbtest6  (cost=5.49..413.46 rows=103 width=125)
	  Recheck Cond: ((k >= 6035731) AND (k <= 6035831))
	  ->  Bitmap Index Scan on k_6  (cost=0.00..5.46 rows=103 width=0)
	        Index Cond: ((k >= 6035731) AND (k <= 6035831))

table 7 : explain SELECT k, c FROM sbtest7 WHERE k BETWEEN 6035731 AND 6035831
	Bitmap Heap Scan on sbtest7  (cost=5.47..405.76 rows=101 width=125)
	  Recheck Cond: ((k >= 6035731) AND (k <= 6035831))
	  ->  Bitmap Index Scan on k_7  (cost=0.00..5.44 rows=101 width=0)
	        Index Cond: ((k >= 6035731) AND (k <= 6035831))

table 8 : explain SELECT k, c FROM sbtest8 WHERE k BETWEEN 6035731 AND 6035831
	Bitmap Heap Scan on sbtest8  (cost=5.56..441.21 rows=110 width=125)
	  Recheck Cond: ((k >= 6035731) AND (k <= 6035831))
	  ->  Bitmap Index Scan on k_8  (cost=0.00..5.53 rows=110 width=0)
	        Index Cond: ((k >= 6035731) AND (k <= 6035831))

explain: for range-notcovered :: explain SELECT k, c FROM sbtest%d WHERE k BETWEEN 4708187 AND 4708287explain: for range-notcovered :: explain SELECT k, c FROM sbtest%d WHERE k BETWEEN 5510090 AND 5510190for range-notcovered
table 1 : explain SELECT k, c FROM sbtest1 WHERE k BETWEEN 2901047 AND 2901147
	Bitmap Heap Scan on sbtest1  (cost=5.49..413.48 rows=103 width=125)
	  Recheck Cond: ((k >= 2901047) AND (k <= 2901147))
	  ->  Bitmap Index Scan on k_1  (cost=0.00..5.46 rows=103 width=0)
	        Index Cond: ((k >= 2901047) AND (k <= 2901147))

table 2 : explain SELECT k, c FROM sbtest2 WHERE k BETWEEN 2901047 AND 2901147
	Bitmap Heap Scan on sbtest2  (cost=5.37..366.09 rows=91 width=125)
	  Recheck Cond: ((k >= 2901047) AND (k <= 2901147))
	  ->  Bitmap Index Scan on k_2  (cost=0.00..5.34 rows=91 width=0)
	        Index Cond: ((k >= 2901047) AND (k <= 2901147))

table 3 : explain SELECT k, c FROM sbtest3 WHERE k BETWEEN 2901047 AND 2901147
	Bitmap Heap Scan on sbtest3  (cost=5.41..381.97 rows=95 width=125)
	  Recheck Cond: ((k >= 2901047) AND (k <= 2901147))
	  ->  Bitmap Index Scan on k_3  (cost=0.00..5.38 rows=95 width=0)
	        Index Cond: ((k >= 2901047) AND (k <= 2901147))

table 4 : explain SELECT k, c FROM sbtest4 WHERE k BETWEEN 2901047 AND 2901147
	Bitmap Heap Scan on sbtest4  (cost=5.48..409.68 rows=102 width=125)
	  Recheck Cond: ((k >= 2901047) AND (k <= 2901147))
	  ->  Bitmap Index Scan on k_4  (cost=0.00..5.45 rows=102 width=0)
	        Index Cond: ((k >= 2901047) AND (k <= 2901147))

table 5 : explain SELECT k, c FROM sbtest5 WHERE k BETWEEN 2901047 AND 2901147
	Bitmap Heap Scan on sbtest5  (cost=5.39..373.92 rows=93 width=125)
	  Recheck Cond: ((k >= 2901047) AND (k <= 2901147))
	  ->  Bitmap Index Scan on k_5  (cost=0.00..5.36 rows=93 width=0)
	        Index Cond: ((k >= 2901047) AND (k <= 2901147))

table 6 : explain SELECT k, c FROM sbtest6 WHERE k BETWEEN 2901047 AND 2901147
	Bitmap Heap Scan on sbtest6  (cost=5.37..366.10 rows=91 width=125)
	  Recheck Cond: ((k >= 2901047) AND (k <= 2901147))
	  ->  Bitmap Index Scan on k_6  (cost=0.00..5.34 rows=91 width=0)
	        Index Cond: ((k >= 2901047) AND (k <= 2901147))

table 7 : explain SELECT k, c FROM sbtest7 WHERE k BETWEEN 2901047 AND 2901147
	Bitmap Heap Scan on sbtest7  (cost=5.42..386.01 rows=96 width=125)
	  Recheck Cond: ((k >= 2901047) AND (k <= 2901147))
	  ->  Bitmap Index Scan on k_7  (cost=0.00..5.39 rows=96 width=0)
	        Index Cond: ((k >= 2901047) AND (k <= 2901147))

table 8 : explain SELECT k, c FROM sbtest8 WHERE k BETWEEN 2901047 AND 2901147
	Bitmap Heap Scan on sbtest8  (cost=5.50..417.54 rows=104 width=125)
	  Recheck Cond: ((k >= 2901047) AND (k <= 2901147))
	  ->  Bitmap Index Scan on k_8  (cost=0.00..5.47 rows=104 width=0)
	        Index Cond: ((k >= 2901047) AND (k <= 2901147))
for range-notcovered
table 1 : explain SELECT k, c FROM sbtest1 WHERE k BETWEEN 5510540 AND 5510640
	Bitmap Heap Scan on sbtest1  (cost=5.47..405.59 rows=101 width=125)
	  Recheck Cond: ((k >= 5510540) AND (k <= 5510640))
	  ->  Bitmap Index Scan on k_1  (cost=0.00..5.44 rows=101 width=0)
	        Index Cond: ((k >= 5510540) AND (k <= 5510640))

table 2 : explain SELECT k, c FROM sbtest2 WHERE k BETWEEN 5510540 AND 5510640
	Bitmap Heap Scan on sbtest2  (cost=5.48..409.51 rows=102 width=125)
	  Recheck Cond: ((k >= 5510540) AND (k <= 5510640))
	  ->  Bitmap Index Scan on k_2  (cost=0.00..5.45 rows=102 width=0)
	        Index Cond: ((k >= 5510540) AND (k <= 5510640))

table 3 : explain SELECT k, c FROM sbtest3 WHERE k BETWEEN 5510540 AND 5510640
	Bitmap Heap Scan on sbtest3  (cost=5.58..449.03 rows=112 width=125)
	  Recheck Cond: ((k >= 5510540) AND (k <= 5510640))
	  ->  Bitmap Index Scan on k_3  (cost=0.00..5.55 rows=112 width=0)
	        Index Cond: ((k >= 5510540) AND (k <= 5510640))

table 4 : explain SELECT k, c FROM sbtest4 WHERE k BETWEEN 5510540 AND 5510640
	Bitmap Heap Scan on sbtest4  (cost=5.53..429.41 rows=107 width=125)
	  Recheck Cond: ((k >= 5510540) AND (k <= 5510640))
	  ->  Bitmap Index Scan on k_4  (cost=0.00..5.50 rows=107 width=0)
	        Index Cond: ((k >= 5510540) AND (k <= 5510640))

table 5 : explain SELECT k, c FROM sbtest5 WHERE k BETWEEN 5510540 AND 5510640
	Bitmap Heap Scan on sbtest5  (cost=5.58..448.84 rows=112 width=125)
	  Recheck Cond: ((k >= 5510540) AND (k <= 5510640))
	  ->  Bitmap Index Scan on k_5  (cost=0.00..5.55 rows=112 width=0)
	        Index Cond: ((k >= 5510540) AND (k <= 5510640))

table 6 : explain SELECT k, c FROM sbtest6 WHERE k BETWEEN 5510540 AND 5510640
	Bitmap Heap Scan on sbtest6  (cost=5.54..433.18 rows=108 width=125)
	  Recheck Cond: ((k >= 5510540) AND (k <= 5510640))
	  ->  Bitmap Index Scan on k_6  (cost=0.00..5.51 rows=108 width=0)
	        Index Cond: ((k >= 5510540) AND (k <= 5510640))

table 7 : explain SELECT k, c FROM sbtest7 WHERE k BETWEEN 5510540 AND 5510640
	Bitmap Heap Scan on sbtest7  (cost=5.44..393.91 rows=98 width=125)
	  Recheck Cond: ((k >= 5510540) AND (k <= 5510640))
	  ->  Bitmap Index Scan on k_7  (cost=0.00..5.42 rows=98 width=0)
	        Index Cond: ((k >= 5510540) AND (k <= 5510640))

table 8 : explain SELECT k, c FROM sbtest8 WHERE k BETWEEN 5510540 AND 5510640
	Bitmap Heap Scan on sbtest8  (cost=5.40..378.07 rows=94 width=125)
	  Recheck Cond: ((k >= 5510540) AND (k <= 5510640))
	  ->  Bitmap Index Scan on k_8  (cost=0.00..5.38 rows=94 width=0)
	        Index Cond: ((k >= 5510540) AND (k <= 5510640))



explain: for range-notcovered :: explain SELECT k, c FROM sbtest%d WHERE k BETWEEN 6035731 AND 6035831

for range-notcovered
table 1 : explain SELECT k, c FROM sbtest1 WHERE k BETWEEN 4761943 AND 4762043
	Bitmap Heap Scan on sbtest1  (cost=5.42..385.86 rows=96 width=125)
	  Recheck Cond: ((k >= 4761943) AND (k <= 4762043))
	  ->  Bitmap Index Scan on k_1  (cost=0.00..5.39 rows=96 width=0)
	        Index Cond: ((k >= 4761943) AND (k <= 4762043))

table 2 : explain SELECT k, c FROM sbtest2 WHERE k BETWEEN 4761943 AND 4762043
	Bitmap Heap Scan on sbtest2  (cost=5.48..409.51 rows=102 width=125)
	  Recheck Cond: ((k >= 4761943) AND (k <= 4762043))
	  ->  Bitmap Index Scan on k_2  (cost=0.00..5.45 rows=102 width=0)
	        Index Cond: ((k >= 4761943) AND (k <= 4762043))

table 3 : explain SELECT k, c FROM sbtest3 WHERE k BETWEEN 4761943 AND 4762043
	Bitmap Heap Scan on sbtest3  (cost=5.48..409.59 rows=102 width=125)
	  Recheck Cond: ((k >= 4761943) AND (k <= 4762043))
	  ->  Bitmap Index Scan on k_3  (cost=0.00..5.45 rows=102 width=0)
	        Index Cond: ((k >= 4761943) AND (k <= 4762043))

table 4 : explain SELECT k, c FROM sbtest4 WHERE k BETWEEN 4761943 AND 4762043
	Bitmap Heap Scan on sbtest4  (cost=5.48..409.68 rows=102 width=125)
	  Recheck Cond: ((k >= 4761943) AND (k <= 4762043))
	  ->  Bitmap Index Scan on k_4  (cost=0.00..5.45 rows=102 width=0)
	        Index Cond: ((k >= 4761943) AND (k <= 4762043))

table 5 : explain SELECT k, c FROM sbtest5 WHERE k BETWEEN 4761943 AND 4762043
	Bitmap Heap Scan on sbtest5  (cost=5.67..480.34 rows=120 width=125)
	  Recheck Cond: ((k >= 4761943) AND (k <= 4762043))
	  ->  Bitmap Index Scan on k_5  (cost=0.00..5.63 rows=120 width=0)
	        Index Cond: ((k >= 4761943) AND (k <= 4762043))

table 6 : explain SELECT k, c FROM sbtest6 WHERE k BETWEEN 4761943 AND 4762043
	Bitmap Heap Scan on sbtest6  (cost=5.57..445.00 rows=111 width=125)
	  Recheck Cond: ((k >= 4761943) AND (k <= 4762043))
	  ->  Bitmap Index Scan on k_6  (cost=0.00..5.54 rows=111 width=0)
	        Index Cond: ((k >= 4761943) AND (k <= 4762043))

table 7 : explain SELECT k, c FROM sbtest7 WHERE k BETWEEN 4761943 AND 4762043
	Bitmap Heap Scan on sbtest7  (cost=5.51..421.54 rows=105 width=125)
	  Recheck Cond: ((k >= 4761943) AND (k <= 4762043))
	  ->  Bitmap Index Scan on k_7  (cost=0.00..5.48 rows=105 width=0)
	        Index Cond: ((k >= 4761943) AND (k <= 4762043))

table 8 : explain SELECT k, c FROM sbtest8 WHERE k BETWEEN 4761943 AND 4762043
	Bitmap Heap Scan on sbtest8  (cost=5.51..421.49 rows=105 width=125)
	  Recheck Cond: ((k >= 4761943) AND (k <= 4762043))
	  ->  Bitmap Index Scan on k_8  (cost=0.00..5.48 rows=105 width=0)
	        Index Cond: ((k >= 4761943) AND (k <= 4762043))
explain: for range-notcovered :: explain SELECT k, c FROM sbtest%d WHERE k BETWEEN 5510540 AND 5510640for range-notcovered
table 1 : explain SELECT k, c FROM sbtest1 WHERE k BETWEEN 4170254 AND 4170354
	Bitmap Heap Scan on sbtest1  (cost=5.46..401.65 rows=100 width=125)
	  Recheck Cond: ((k >= 4170254) AND (k <= 4170354))
	  ->  Bitmap Index Scan on k_1  (cost=0.00..5.43 rows=100 width=0)
	        Index Cond: ((k >= 4170254) AND (k <= 4170354))

table 2 : explain SELECT k, c FROM sbtest2 WHERE k BETWEEN 4170254 AND 4170354
	Bitmap Heap Scan on sbtest2  (cost=5.49..413.45 rows=103 width=125)
	  Recheck Cond: ((k >= 4170254) AND (k <= 4170354))
	  ->  Bitmap Index Scan on k_2  (cost=0.00..5.46 rows=103 width=0)
	        Index Cond: ((k >= 4170254) AND (k <= 4170354))

table 3 : explain SELECT k, c FROM sbtest3 WHERE k BETWEEN 4170254 AND 4170354
	Bitmap Heap Scan on sbtest3  (cost=5.47..405.65 rows=101 width=125)
	  Recheck Cond: ((k >= 4170254) AND (k <= 4170354))
	  ->  Bitmap Index Scan on k_3  (cost=0.00..5.44 rows=101 width=0)
	        Index Cond: ((k >= 4170254) AND (k <= 4170354))

table 4 : explain SELECT k, c FROM sbtest4 WHERE k BETWEEN 4170254 AND 4170354
	Bitmap Heap Scan on sbtest4  (cost=5.58..449.13 rows=112 width=125)
	  Recheck Cond: ((k >= 4170254) AND (k <= 4170354))
	  ->  Bitmap Index Scan on k_4  (cost=0.00..5.55 rows=112 width=0)
	        Index Cond: ((k >= 4170254) AND (k <= 4170354))

table 5 : explain SELECT k, c FROM sbtest5 WHERE k BETWEEN 4170254 AND 4170354
	Bitmap Heap Scan on sbtest5  (cost=5.48..409.43 rows=102 width=125)
	  Recheck Cond: ((k >= 4170254) AND (k <= 4170354))
	  ->  Bitmap Index Scan on k_5  (cost=0.00..5.45 rows=102 width=0)
	        Index Cond: ((k >= 4170254) AND (k <= 4170354))

table 6 : explain SELECT k, c FROM sbtest6 WHERE k BETWEEN 4170254 AND 4170354
	Bitmap Heap Scan on sbtest6  (cost=5.54..433.18 rows=108 width=125)
	  Recheck Cond: ((k >= 4170254) AND (k <= 4170354))
	  ->  Bitmap Index Scan on k_6  (cost=0.00..5.51 rows=108 width=0)
	        Index Cond: ((k >= 4170254) AND (k <= 4170354))

table 7 : explain SELECT k, c FROM sbtest7 WHERE k BETWEEN 4170254 AND 4170354
	Bitmap Heap Scan on sbtest7  (cost=5.55..437.33 rows=109 width=125)
	  Recheck Cond: ((k >= 4170254) AND (k <= 4170354))
	  ->  Bitmap Index Scan on k_7  (cost=0.00..5.52 rows=109 width=0)
	        Index Cond: ((k >= 4170254) AND (k <= 4170354))

table 8 : explain SELECT k, c FROM sbtest8 WHERE k BETWEEN 4170254 AND 4170354
	Bitmap Heap Scan on sbtest8  (cost=5.45..397.81 rows=99 width=125)
	  Recheck Cond: ((k >= 4170254) AND (k <= 4170354))
	  ->  Bitmap Index Scan on k_8  (cost=0.00..5.42 rows=99 width=0)
	        Index Cond: ((k >= 4170254) AND (k <= 4170354))


for range-notcovered
table 1 : explain SELECT k, c FROM sbtest1 WHERE k BETWEEN 5219904 AND 5220004
	Bitmap Heap Scan on sbtest1  (cost=5.42..385.86 rows=96 width=125)
	  Recheck Cond: ((k >= 5219904) AND (k <= 5220004))
	  ->  Bitmap Index Scan on k_1  (cost=0.00..5.39 rows=96 width=0)
	        Index Cond: ((k >= 5219904) AND (k <= 5220004))

table 2 : explain SELECT k, c FROM sbtest2 WHERE k BETWEEN 5219904 AND 5220004
	Bitmap Heap Scan on sbtest2  (cost=5.45..397.67 rows=99 width=125)
	  Recheck Cond: ((k >= 5219904) AND (k <= 5220004))
	  ->  Bitmap Index Scan on k_2  (cost=0.00..5.42 rows=99 width=0)
	        Index Cond: ((k >= 5219904) AND (k <= 5220004))

table 3 : explain SELECT k, c FROM sbtest3 WHERE k BETWEEN 5219904 AND 5220004
	Bitmap Heap Scan on sbtest3  (cost=5.41..381.97 rows=95 width=125)
	  Recheck Cond: ((k >= 5219904) AND (k <= 5220004))
	  ->  Bitmap Index Scan on k_3  (cost=0.00..5.38 rows=95 width=0)
	        Index Cond: ((k >= 5219904) AND (k <= 5220004))

table 4 : explain SELECT k, c FROM sbtest4 WHERE k BETWEEN 5219904 AND 5220004
	Bitmap Heap Scan on sbtest4  (cost=5.39..374.15 rows=93 width=125)
	  Recheck Cond: ((k >= 5219904) AND (k <= 5220004))
	  ->  Bitmap Index Scan on k_4  (cost=0.00..5.36 rows=93 width=0)
	        Index Cond: ((k >= 5219904) AND (k <= 5220004))

table 5 : explain SELECT k, c FROM sbtest5 WHERE k BETWEEN 5219904 AND 5220004
	Bitmap Heap Scan on sbtest5  (cost=5.45..397.59 rows=99 width=125)
	  Recheck Cond: ((k >= 5219904) AND (k <= 5220004))
	  ->  Bitmap Index Scan on k_5  (cost=0.00..5.42 rows=99 width=0)
	        Index Cond: ((k >= 5219904) AND (k <= 5220004))

table 6 : explain SELECT k, c FROM sbtest6 WHERE k BETWEEN 5219904 AND 5220004
	Bitmap Heap Scan on sbtest6  (cost=5.50..417.41 rows=104 width=125)
	  Recheck Cond: ((k >= 5219904) AND (k <= 5220004))
	  ->  Bitmap Index Scan on k_6  (cost=0.00..5.47 rows=104 width=0)
	        Index Cond: ((k >= 5219904) AND (k <= 5220004))

table 7 : explain SELECT k, c FROM sbtest7 WHERE k BETWEEN 5219904 AND 5220004
	Bitmap Heap Scan on sbtest7  (cost=5.48..409.70 rows=102 width=125)
	  Recheck Cond: ((k >= 5219904) AND (k <= 5220004))
	  ->  Bitmap Index Scan on k_7  (cost=0.00..5.45 rows=102 width=0)
	        Index Cond: ((k >= 5219904) AND (k <= 5220004))

table 8 : explain SELECT k, c FROM sbtest8 WHERE k BETWEEN 5219904 AND 5220004
	Bitmap Heap Scan on sbtest8  (cost=5.45..397.81 rows=99 width=125)
	  Recheck Cond: ((k >= 5219904) AND (k <= 5220004))
	  ->  Bitmap Index Scan on k_8  (cost=0.00..5.42 rows=99 width=0)
	        Index Cond: ((k >= 5219904) AND (k <= 5220004))


explain: for range-notcovered :: explain SELECT k, c FROM sbtest%d WHERE k BETWEEN 2901047 AND 2901147
for range-notcovered
table 1 : explain SELECT k, c FROM sbtest1 WHERE k BETWEEN 5449994 AND 5450094
	Bitmap Heap Scan on sbtest1  (cost=5.51..421.37 rows=105 width=125)
	  Recheck Cond: ((k >= 5449994) AND (k <= 5450094))
	  ->  Bitmap Index Scan on k_1  (cost=0.00..5.48 rows=105 width=0)
	        Index Cond: ((k >= 5449994) AND (k <= 5450094))

table 2 : explain SELECT k, c FROM sbtest2 WHERE k BETWEEN 5449994 AND 5450094
	Bitmap Heap Scan on sbtest2  (cost=5.48..409.51 rows=102 width=125)
	  Recheck Cond: ((k >= 5449994) AND (k <= 5450094))
	  ->  Bitmap Index Scan on k_2  (cost=0.00..5.45 rows=102 width=0)
	        Index Cond: ((k >= 5449994) AND (k <= 5450094))

table 3 : explain SELECT k, c FROM sbtest3 WHERE k BETWEEN 5449994 AND 5450094
	Bitmap Heap Scan on sbtest3  (cost=5.45..397.76 rows=99 width=125)
	  Recheck Cond: ((k >= 5449994) AND (k <= 5450094))
	  ->  Bitmap Index Scan on k_3  (cost=0.00..5.42 rows=99 width=0)
	        Index Cond: ((k >= 5449994) AND (k <= 5450094))

table 4 : explain SELECT k, c FROM sbtest4 WHERE k BETWEEN 5449994 AND 5450094
	Bitmap Heap Scan on sbtest4  (cost=5.53..429.41 rows=107 width=125)
	  Recheck Cond: ((k >= 5449994) AND (k <= 5450094))
	  ->  Bitmap Index Scan on k_4  (cost=0.00..5.50 rows=107 width=0)
	        Index Cond: ((k >= 5449994) AND (k <= 5450094))

table 5 : explain SELECT k, c FROM sbtest5 WHERE k BETWEEN 5449994 AND 5450094
	Bitmap Heap Scan on sbtest5  (cost=5.45..397.59 rows=99 width=125)
	  Recheck Cond: ((k >= 5449994) AND (k <= 5450094))
	  ->  Bitmap Index Scan on k_5  (cost=0.00..5.42 rows=99 width=0)
	        Index Cond: ((k >= 5449994) AND (k <= 5450094))

table 6 : explain SELECT k, c FROM sbtest6 WHERE k BETWEEN 5449994 AND 5450094
	Bitmap Heap Scan on sbtest6  (cost=5.50..417.41 rows=104 width=125)
	  Recheck Cond: ((k >= 5449994) AND (k <= 5450094))
	  ->  Bitmap Index Scan on k_6  (cost=0.00..5.47 rows=104 width=0)
	        Index Cond: ((k >= 5449994) AND (k <= 5450094))

table 7 : explain SELECT k, c FROM sbtest7 WHERE k BETWEEN 5449994 AND 5450094
	Bitmap Heap Scan on sbtest7  (cost=5.43..389.96 rows=97 width=125)
	  Recheck Cond: ((k >= 5449994) AND (k <= 5450094))
	  ->  Bitmap Index Scan on k_7  (cost=0.00..5.40 rows=97 width=0)
	        Index Cond: ((k >= 5449994) AND (k <= 5450094))

table 8 : explain SELECT k, c FROM sbtest8 WHERE k BETWEEN 5449994 AND 5450094
	Bitmap Heap Scan on sbtest8  (cost=5.39..374.12 rows=93 width=125)
	  Recheck Cond: ((k >= 5449994) AND (k <= 5450094))
	  ->  Bitmap Index Scan on k_8  (cost=0.00..5.36 rows=93 width=0)
	        Index Cond: ((k >= 5449994) AND (k <= 5450094))

for range-notcovered
table 1 : explain SELECT k, c FROM sbtest1 WHERE k BETWEEN 4807137 AND 4807237
	Bitmap Heap Scan on sbtest1  (cost=5.42..385.86 rows=96 width=125)
	  Recheck Cond: ((k >= 4807137) AND (k <= 4807237))
	  ->  Bitmap Index Scan on k_1  (cost=0.00..5.39 rows=96 width=0)
	        Index Cond: ((k >= 4807137) AND (k <= 4807237))

table 2 : explain SELECT k, c FROM sbtest2 WHERE k BETWEEN 4807137 AND 4807237
	Bitmap Heap Scan on sbtest2  (cost=5.48..409.51 rows=102 width=125)
	  Recheck Cond: ((k >= 4807137) AND (k <= 4807237))
	  ->  Bitmap Index Scan on k_2  (cost=0.00..5.45 rows=102 width=0)
	        Index Cond: ((k >= 4807137) AND (k <= 4807237))

table 3 : explain SELECT k, c FROM sbtest3 WHERE k BETWEEN 4807137 AND 4807237
	Bitmap Heap Scan on sbtest3  (cost=5.51..421.43 rows=105 width=125)
	  Recheck Cond: ((k >= 4807137) AND (k <= 4807237))
	  ->  Bitmap Index Scan on k_3  (cost=0.00..5.48 rows=105 width=0)
	        Index Cond: ((k >= 4807137) AND (k <= 4807237))

table 4 : explain SELECT k, c FROM sbtest4 WHERE k BETWEEN 4807137 AND 4807237
	Bitmap Heap Scan on sbtest4  (cost=5.42..385.99 rows=96 width=125)
	  Recheck Cond: ((k >= 4807137) AND (k <= 4807237))
	  ->  Bitmap Index Scan on k_4  (cost=0.00..5.39 rows=96 width=0)
	        Index Cond: ((k >= 4807137) AND (k <= 4807237))

table 5 : explain SELECT k, c FROM sbtest5 WHERE k BETWEEN 4807137 AND 4807237
	Bitmap Heap Scan on sbtest5  (cost=5.50..417.31 rows=104 width=125)
	  Recheck Cond: ((k >= 4807137) AND (k <= 4807237))
	  ->  Bitmap Index Scan on k_5  (cost=0.00..5.47 rows=104 width=0)
	        Index Cond: ((k >= 4807137) AND (k <= 4807237))

table 6 : explain SELECT k, c FROM sbtest6 WHERE k BETWEEN 4807137 AND 4807237
	Bitmap Heap Scan on sbtest6  (cost=5.39..374.00 rows=93 width=125)
	  Recheck Cond: ((k >= 4807137) AND (k <= 4807237))
	  ->  Bitmap Index Scan on k_6  (cost=0.00..5.36 rows=93 width=0)
	        Index Cond: ((k >= 4807137) AND (k <= 4807237))

table 7 : explain SELECT k, c FROM sbtest7 WHERE k BETWEEN 4807137 AND 4807237
	Bitmap Heap Scan on sbtest7  (cost=5.42..386.01 rows=96 width=125)
	  Recheck Cond: ((k >= 4807137) AND (k <= 4807237))
	  ->  Bitmap Index Scan on k_7  (cost=0.00..5.39 rows=96 width=0)
	        Index Cond: ((k >= 4807137) AND (k <= 4807237))

table 8 : explain SELECT k, c FROM sbtest8 WHERE k BETWEEN 4807137 AND 4807237
	Bitmap Heap Scan on sbtest8  (cost=5.50..417.54 rows=104 width=125)
	  Recheck Cond: ((k >= 4807137) AND (k <= 4807237))
	  ->  Bitmap Index Scan on k_8  (cost=0.00..5.47 rows=104 width=0)
	        Index Cond: ((k >= 4807137) AND (k <= 4807237))

for range-notcovered
table 1 : explain SELECT k, c FROM sbtest1 WHERE k BETWEEN 7475603 AND 7475703
	Bitmap Heap Scan on sbtest1  (cost=5.41..381.91 rows=95 width=125)
	  Recheck Cond: ((k >= 7475603) AND (k <= 7475703))
	  ->  Bitmap Index Scan on k_1  (cost=0.00..5.38 rows=95 width=0)
	        Index Cond: ((k >= 7475603) AND (k <= 7475703))

table 2 : explain SELECT k, c FROM sbtest2 WHERE k BETWEEN 7475603 AND 7475703
	Bitmap Heap Scan on sbtest2  (cost=5.42..385.83 rows=96 width=125)
	  Recheck Cond: ((k >= 7475603) AND (k <= 7475703))
	  ->  Bitmap Index Scan on k_2  (cost=0.00..5.39 rows=96 width=0)
	        Index Cond: ((k >= 7475603) AND (k <= 7475703))

table 3 : explain SELECT k, c FROM sbtest3 WHERE k BETWEEN 7475603 AND 7475703
	Bitmap Heap Scan on sbtest3  (cost=5.56..441.15 rows=110 width=125)
	  Recheck Cond: ((k >= 7475603) AND (k <= 7475703))
	  ->  Bitmap Index Scan on k_3  (cost=0.00..5.53 rows=110 width=0)
	        Index Cond: ((k >= 7475603) AND (k <= 7475703))

table 4 : explain SELECT k, c FROM sbtest4 WHERE k BETWEEN 7475603 AND 7475703
	Bitmap Heap Scan on sbtest4  (cost=5.53..429.41 rows=107 width=125)
	  Recheck Cond: ((k >= 7475603) AND (k <= 7475703))
	  ->  Bitmap Index Scan on k_4  (cost=0.00..5.50 rows=107 width=0)
	        Index Cond: ((k >= 7475603) AND (k <= 7475703))

table 5 : explain SELECT k, c FROM sbtest5 WHERE k BETWEEN 7475603 AND 7475703
	Bitmap Heap Scan on sbtest5  (cost=5.52..425.19 rows=106 width=125)
	  Recheck Cond: ((k >= 7475603) AND (k <= 7475703))
	  ->  Bitmap Index Scan on k_5  (cost=0.00..5.50 rows=106 width=0)
	        Index Cond: ((k >= 7475603) AND (k <= 7475703))

table 6 : explain SELECT k, c FROM sbtest6 WHERE k BETWEEN 7475603 AND 7475703
	Bitmap Heap Scan on sbtest6  (cost=5.48..409.52 rows=102 width=125)
	  Recheck Cond: ((k >= 7475603) AND (k <= 7475703))
	  ->  Bitmap Index Scan on k_6  (cost=0.00..5.45 rows=102 width=0)
	        Index Cond: ((k >= 7475603) AND (k <= 7475703))

table 7 : explain SELECT k, c FROM sbtest7 WHERE k BETWEEN 7475603 AND 7475703
	Bitmap Heap Scan on sbtest7  (cost=5.62..464.93 rows=116 width=125)
	  Recheck Cond: ((k >= 7475603) AND (k <= 7475703))
	  ->  Bitmap Index Scan on k_7  (cost=0.00..5.59 rows=116 width=0)
	        Index Cond: ((k >= 7475603) AND (k <= 7475703))

table 8 : explain SELECT k, c FROM sbtest8 WHERE k BETWEEN 7475603 AND 7475703
	Bitmap Heap Scan on sbtest8  (cost=5.43..389.91 rows=97 width=125)
	  Recheck Cond: ((k >= 7475603) AND (k <= 7475703))
	  ->  Bitmap Index Scan on k_8  (cost=0.00..5.40 rows=97 width=0)
	        Index Cond: ((k >= 7475603) AND (k <= 7475703))

explain: for range-notcovered :: explain SELECT k, c FROM sbtest%d WHERE k BETWEEN 4170254 AND 4170354
explain: for range-notcovered :: explain SELECT k, c FROM sbtest%d WHERE k BETWEEN 5219904 AND 5220004
explain: for range-notcovered :: explain SELECT k, c FROM sbtest%d WHERE k BETWEEN 5449994 AND 5450094
explain: for range-notcovered :: explain SELECT k, c FROM sbtest%d WHERE k BETWEEN 4807137 AND 4807237
explain: for range-notcovered :: explain SELECT k, c FROM sbtest%d WHERE k BETWEEN 7475603 AND 7475703
explain: for range-notcovered :: explain SELECT k, c FROM sbtest%d WHERE k BETWEEN 4761943 AND 4762043
for range-notcovered
table 1 : explain SELECT k, c FROM sbtest1 WHERE k BETWEEN 2511771 AND 2511871
	Bitmap Heap Scan on sbtest1  (cost=5.50..417.43 rows=104 width=125)
	  Recheck Cond: ((k >= 2511771) AND (k <= 2511871))
	  ->  Bitmap Index Scan on k_1  (cost=0.00..5.47 rows=104 width=0)
	        Index Cond: ((k >= 2511771) AND (k <= 2511871))

table 2 : explain SELECT k, c FROM sbtest2 WHERE k BETWEEN 2511771 AND 2511871
	Bitmap Heap Scan on sbtest2  (cost=5.51..421.34 rows=105 width=125)
	  Recheck Cond: ((k >= 2511771) AND (k <= 2511871))
	  ->  Bitmap Index Scan on k_2  (cost=0.00..5.48 rows=105 width=0)
	        Index Cond: ((k >= 2511771) AND (k <= 2511871))

table 3 : explain SELECT k, c FROM sbtest3 WHERE k BETWEEN 2511771 AND 2511871
	Bitmap Heap Scan on sbtest3  (cost=5.50..417.49 rows=104 width=125)
	  Recheck Cond: ((k >= 2511771) AND (k <= 2511871))
	  ->  Bitmap Index Scan on k_3  (cost=0.00..5.47 rows=104 width=0)
	        Index Cond: ((k >= 2511771) AND (k <= 2511871))

table 4 : explain SELECT k, c FROM sbtest4 WHERE k BETWEEN 2511771 AND 2511871
	Bitmap Heap Scan on sbtest4  (cost=5.41..382.05 rows=95 width=125)
	  Recheck Cond: ((k >= 2511771) AND (k <= 2511871))
	  ->  Bitmap Index Scan on k_4  (cost=0.00..5.38 rows=95 width=0)
	        Index Cond: ((k >= 2511771) AND (k <= 2511871))

table 5 : explain SELECT k, c FROM sbtest5 WHERE k BETWEEN 2511771 AND 2511871
	Bitmap Heap Scan on sbtest5  (cost=5.50..417.31 rows=104 width=125)
	  Recheck Cond: ((k >= 2511771) AND (k <= 2511871))
	  ->  Bitmap Index Scan on k_5  (cost=0.00..5.47 rows=104 width=0)
	        Index Cond: ((k >= 2511771) AND (k <= 2511871))

table 6 : explain SELECT k, c FROM sbtest6 WHERE k BETWEEN 2511771 AND 2511871
	Bitmap Heap Scan on sbtest6  (cost=5.42..385.84 rows=96 width=125)
	  Recheck Cond: ((k >= 2511771) AND (k <= 2511871))
	  ->  Bitmap Index Scan on k_6  (cost=0.00..5.39 rows=96 width=0)
	        Index Cond: ((k >= 2511771) AND (k <= 2511871))

table 7 : explain SELECT k, c FROM sbtest7 WHERE k BETWEEN 2511771 AND 2511871
	Bitmap Heap Scan on sbtest7  (cost=5.58..449.16 rows=112 width=125)
	  Recheck Cond: ((k >= 2511771) AND (k <= 2511871))
	  ->  Bitmap Index Scan on k_7  (cost=0.00..5.55 rows=112 width=0)
	        Index Cond: ((k >= 2511771) AND (k <= 2511871))

table 8 : explain SELECT k, c FROM sbtest8 WHERE k BETWEEN 2511771 AND 2511871
	Bitmap Heap Scan on sbtest8  (cost=5.45..397.81 rows=99 width=125)
	  Recheck Cond: ((k >= 2511771) AND (k <= 2511871))
	  ->  Bitmap Index Scan on k_8  (cost=0.00..5.42 rows=99 width=0)
	        Index Cond: ((k >= 2511771) AND (k <= 2511871))

explain: for range-notcovered :: explain SELECT k, c FROM sbtest%d WHERE k BETWEEN 2511771 AND 2511871
for range-notcovered
table 1 : explain SELECT k, c FROM sbtest1 WHERE k BETWEEN 7302808 AND 7302908
	Bitmap Heap Scan on sbtest1  (cost=5.52..425.31 rows=106 width=125)
	  Recheck Cond: ((k >= 7302808) AND (k <= 7302908))
	  ->  Bitmap Index Scan on k_1  (cost=0.00..5.50 rows=106 width=0)
	        Index Cond: ((k >= 7302808) AND (k <= 7302908))

table 2 : explain SELECT k, c FROM sbtest2 WHERE k BETWEEN 7302808 AND 7302908
	Bitmap Heap Scan on sbtest2  (cost=5.48..409.51 rows=102 width=125)
	  Recheck Cond: ((k >= 7302808) AND (k <= 7302908))
	  ->  Bitmap Index Scan on k_2  (cost=0.00..5.45 rows=102 width=0)
	        Index Cond: ((k >= 7302808) AND (k <= 7302908))

table 3 : explain SELECT k, c FROM sbtest3 WHERE k BETWEEN 7302808 AND 7302908
	Bitmap Heap Scan on sbtest3  (cost=5.50..417.49 rows=104 width=125)
	  Recheck Cond: ((k >= 7302808) AND (k <= 7302908))
	  ->  Bitmap Index Scan on k_3  (cost=0.00..5.47 rows=104 width=0)
	        Index Cond: ((k >= 7302808) AND (k <= 7302908))

table 4 : explain SELECT k, c FROM sbtest4 WHERE k BETWEEN 7302808 AND 7302908
	Bitmap Heap Scan on sbtest4  (cost=5.42..385.99 rows=96 width=125)
	  Recheck Cond: ((k >= 7302808) AND (k <= 7302908))
	  ->  Bitmap Index Scan on k_4  (cost=0.00..5.39 rows=96 width=0)
	        Index Cond: ((k >= 7302808) AND (k <= 7302908))

table 5 : explain SELECT k, c FROM sbtest5 WHERE k BETWEEN 7302808 AND 7302908
	Bitmap Heap Scan on sbtest5  (cost=5.53..429.14 rows=107 width=125)
	  Recheck Cond: ((k >= 7302808) AND (k <= 7302908))
	  ->  Bitmap Index Scan on k_5  (cost=0.00..5.50 rows=107 width=0)
	        Index Cond: ((k >= 7302808) AND (k <= 7302908))

table 6 : explain SELECT k, c FROM sbtest6 WHERE k BETWEEN 7302808 AND 7302908
	Bitmap Heap Scan on sbtest6  (cost=5.57..445.00 rows=111 width=125)
	  Recheck Cond: ((k >= 7302808) AND (k <= 7302908))
	  ->  Bitmap Index Scan on k_6  (cost=0.00..5.54 rows=111 width=0)
	        Index Cond: ((k >= 7302808) AND (k <= 7302908))

table 7 : explain SELECT k, c FROM sbtest7 WHERE k BETWEEN 7302808 AND 7302908
	Bitmap Heap Scan on sbtest7  (cost=5.54..433.38 rows=108 width=125)
	  Recheck Cond: ((k >= 7302808) AND (k <= 7302908))
	  ->  Bitmap Index Scan on k_7  (cost=0.00..5.51 rows=108 width=0)
	        Index Cond: ((k >= 7302808) AND (k <= 7302908))

table 8 : explain SELECT k, c FROM sbtest8 WHERE k BETWEEN 7302808 AND 7302908
	Bitmap Heap Scan on sbtest8  (cost=5.55..437.27 rows=109 width=125)
	  Recheck Cond: ((k >= 7302808) AND (k <= 7302908))
	  ->  Bitmap Index Scan on k_8  (cost=0.00..5.52 rows=109 width=0)
	        Index Cond: ((k >= 7302808) AND (k <= 7302908))

for range-notcovered
table 1 : explain SELECT k, c FROM sbtest1 WHERE k BETWEEN 8064513 AND 8064613
	Bitmap Heap Scan on sbtest1  (cost=5.59..452.91 rows=113 width=125)
	  Recheck Cond: ((k >= 8064513) AND (k <= 8064613))
	  ->  Bitmap Index Scan on k_1  (cost=0.00..5.56 rows=113 width=0)
	        Index Cond: ((k >= 8064513) AND (k <= 8064613))

table 2 : explain SELECT k, c FROM sbtest2 WHERE k BETWEEN 8064513 AND 8064613
	Bitmap Heap Scan on sbtest2  (cost=5.51..421.34 rows=105 width=125)
	  Recheck Cond: ((k >= 8064513) AND (k <= 8064613))
	  ->  Bitmap Index Scan on k_2  (cost=0.00..5.48 rows=105 width=0)
	        Index Cond: ((k >= 8064513) AND (k <= 8064613))

table 3 : explain SELECT k, c FROM sbtest3 WHERE k BETWEEN 8064513 AND 8064613
	Bitmap Heap Scan on sbtest3  (cost=5.36..362.22 rows=90 width=125)
	  Recheck Cond: ((k >= 8064513) AND (k <= 8064613))
	  ->  Bitmap Index Scan on k_3  (cost=0.00..5.33 rows=90 width=0)
	        Index Cond: ((k >= 8064513) AND (k <= 8064613))

table 4 : explain SELECT k, c FROM sbtest4 WHERE k BETWEEN 8064513 AND 8064613
	Bitmap Heap Scan on sbtest4  (cost=5.53..429.41 rows=107 width=125)
	  Recheck Cond: ((k >= 8064513) AND (k <= 8064613))
	  ->  Bitmap Index Scan on k_4  (cost=0.00..5.50 rows=107 width=0)
	        Index Cond: ((k >= 8064513) AND (k <= 8064613))

table 5 : explain SELECT k, c FROM sbtest5 WHERE k BETWEEN 8064513 AND 8064613
	Bitmap Heap Scan on sbtest5  (cost=5.48..409.43 rows=102 width=125)
	  Recheck Cond: ((k >= 8064513) AND (k <= 8064613))
	  ->  Bitmap Index Scan on k_5  (cost=0.00..5.45 rows=102 width=0)
	        Index Cond: ((k >= 8064513) AND (k <= 8064613))

table 6 : explain SELECT k, c FROM sbtest6 WHERE k BETWEEN 8064513 AND 8064613
	Bitmap Heap Scan on sbtest6  (cost=5.49..413.46 rows=103 width=125)
	  Recheck Cond: ((k >= 8064513) AND (k <= 8064613))
	  ->  Bitmap Index Scan on k_6  (cost=0.00..5.46 rows=103 width=0)
	        Index Cond: ((k >= 8064513) AND (k <= 8064613))

table 7 : explain SELECT k, c FROM sbtest7 WHERE k BETWEEN 8064513 AND 8064613
	Bitmap Heap Scan on sbtest7  (cost=5.57..445.21 rows=111 width=125)
	  Recheck Cond: ((k >= 8064513) AND (k <= 8064613))
	  ->  Bitmap Index Scan on k_7  (cost=0.00..5.54 rows=111 width=0)
	        Index Cond: ((k >= 8064513) AND (k <= 8064613))

table 8 : explain SELECT k, c FROM sbtest8 WHERE k BETWEEN 8064513 AND 8064613
	Bitmap Heap Scan on sbtest8  (cost=5.46..401.76 rows=100 width=125)
	  Recheck Cond: ((k >= 8064513) AND (k <= 8064613))
	  ->  Bitmap Index Scan on k_8  (cost=0.00..5.43 rows=100 width=0)
	        Index Cond: ((k >= 8064513) AND (k <= 8064613))

explain: for range-notcovered :: explain SELECT k, c FROM sbtest%d WHERE k BETWEEN 7302808 AND 7302908
explain: for range-notcovered :: explain SELECT k, c FROM sbtest%d WHERE k BETWEEN 406143 AND 406243
explain: for range-notcovered :: explain SELECT k, c FROM sbtest%d WHERE k BETWEEN 8064513 AND 8064613
for range-notcovered
table 1 : explain SELECT k, c FROM sbtest1 WHERE k BETWEEN 5510090 AND 5510190
	Bitmap Heap Scan on sbtest1  (cost=5.47..405.59 rows=101 width=125)
	  Recheck Cond: ((k >= 5510090) AND (k <= 5510190))
	  ->  Bitmap Index Scan on k_1  (cost=0.00..5.44 rows=101 width=0)
	        Index Cond: ((k >= 5510090) AND (k <= 5510190))

table 2 : explain SELECT k, c FROM sbtest2 WHERE k BETWEEN 5510090 AND 5510190
	Bitmap Heap Scan on sbtest2  (cost=5.48..409.51 rows=102 width=125)
	  Recheck Cond: ((k >= 5510090) AND (k <= 5510190))
	  ->  Bitmap Index Scan on k_2  (cost=0.00..5.45 rows=102 width=0)
	        Index Cond: ((k >= 5510090) AND (k <= 5510190))

table 3 : explain SELECT k, c FROM sbtest3 WHERE k BETWEEN 5510090 AND 5510190
	Bitmap Heap Scan on sbtest3  (cost=5.58..449.03 rows=112 width=125)
	  Recheck Cond: ((k >= 5510090) AND (k <= 5510190))
	  ->  Bitmap Index Scan on k_3  (cost=0.00..5.55 rows=112 width=0)
	        Index Cond: ((k >= 5510090) AND (k <= 5510190))

table 4 : explain SELECT k, c FROM sbtest4 WHERE k BETWEEN 5510090 AND 5510190
	Bitmap Heap Scan on sbtest4  (cost=5.53..429.41 rows=107 width=125)
	  Recheck Cond: ((k >= 5510090) AND (k <= 5510190))
	  ->  Bitmap Index Scan on k_4  (cost=0.00..5.50 rows=107 width=0)
	        Index Cond: ((k >= 5510090) AND (k <= 5510190))

table 5 : explain SELECT k, c FROM sbtest5 WHERE k BETWEEN 5510090 AND 5510190
	Bitmap Heap Scan on sbtest5  (cost=5.58..448.84 rows=112 width=125)
	  Recheck Cond: ((k >= 5510090) AND (k <= 5510190))
	  ->  Bitmap Index Scan on k_5  (cost=0.00..5.55 rows=112 width=0)
	        Index Cond: ((k >= 5510090) AND (k <= 5510190))

table 6 : explain SELECT k, c FROM sbtest6 WHERE k BETWEEN 5510090 AND 5510190
	Bitmap Heap Scan on sbtest6  (cost=5.54..433.18 rows=108 width=125)
	  Recheck Cond: ((k >= 5510090) AND (k <= 5510190))
	  ->  Bitmap Index Scan on k_6  (cost=0.00..5.51 rows=108 width=0)
	        Index Cond: ((k >= 5510090) AND (k <= 5510190))

table 7 : explain SELECT k, c FROM sbtest7 WHERE k BETWEEN 5510090 AND 5510190
	Bitmap Heap Scan on sbtest7  (cost=5.44..393.91 rows=98 width=125)
	  Recheck Cond: ((k >= 5510090) AND (k <= 5510190))
	  ->  Bitmap Index Scan on k_7  (cost=0.00..5.42 rows=98 width=0)
	        Index Cond: ((k >= 5510090) AND (k <= 5510190))

table 8 : explain SELECT k, c FROM sbtest8 WHERE k BETWEEN 5510090 AND 5510190
	Bitmap Heap Scan on sbtest8  (cost=5.40..378.07 rows=94 width=125)
	  Recheck Cond: ((k >= 5510090) AND (k <= 5510190))
	  ->  Bitmap Index Scan on k_8  (cost=0.00..5.38 rows=94 width=0)
	        Index Cond: ((k >= 5510090) AND (k <= 5510190))

explain: for range-notcovered :: explain SELECT k, c FROM sbtest%d WHERE k BETWEEN 5510090 AND 5510190
for range-notcovered
table 1 : explain SELECT k, c FROM sbtest1 WHERE k BETWEEN 4170254 AND 4170354
	Bitmap Heap Scan on sbtest1  (cost=5.46..401.65 rows=100 width=125)
	  Recheck Cond: ((k >= 4170254) AND (k <= 4170354))
	  ->  Bitmap Index Scan on k_1  (cost=0.00..5.43 rows=100 width=0)
	        Index Cond: ((k >= 4170254) AND (k <= 4170354))

table 2 : explain SELECT k, c FROM sbtest2 WHERE k BETWEEN 4170254 AND 4170354
	Bitmap Heap Scan on sbtest2  (cost=5.49..413.45 rows=103 width=125)
	  Recheck Cond: ((k >= 4170254) AND (k <= 4170354))
	  ->  Bitmap Index Scan on k_2  (cost=0.00..5.46 rows=103 width=0)
	        Index Cond: ((k >= 4170254) AND (k <= 4170354))

table 3 : explain SELECT k, c FROM sbtest3 WHERE k BETWEEN 4170254 AND 4170354
	Bitmap Heap Scan on sbtest3  (cost=5.47..405.65 rows=101 width=125)
	  Recheck Cond: ((k >= 4170254) AND (k <= 4170354))
	  ->  Bitmap Index Scan on k_3  (cost=0.00..5.44 rows=101 width=0)
	        Index Cond: ((k >= 4170254) AND (k <= 4170354))

table 4 : explain SELECT k, c FROM sbtest4 WHERE k BETWEEN 4170254 AND 4170354
	Bitmap Heap Scan on sbtest4  (cost=5.58..449.13 rows=112 width=125)
	  Recheck Cond: ((k >= 4170254) AND (k <= 4170354))
	  ->  Bitmap Index Scan on k_4  (cost=0.00..5.55 rows=112 width=0)
	        Index Cond: ((k >= 4170254) AND (k <= 4170354))

table 5 : explain SELECT k, c FROM sbtest5 WHERE k BETWEEN 4170254 AND 4170354
	Bitmap Heap Scan on sbtest5  (cost=5.48..409.43 rows=102 width=125)
	  Recheck Cond: ((k >= 4170254) AND (k <= 4170354))
	  ->  Bitmap Index Scan on k_5  (cost=0.00..5.45 rows=102 width=0)
	        Index Cond: ((k >= 4170254) AND (k <= 4170354))

table 6 : explain SELECT k, c FROM sbtest6 WHERE k BETWEEN 4170254 AND 4170354
	Bitmap Heap Scan on sbtest6  (cost=5.54..433.18 rows=108 width=125)
	  Recheck Cond: ((k >= 4170254) AND (k <= 4170354))
	  ->  Bitmap Index Scan on k_6  (cost=0.00..5.51 rows=108 width=0)
	        Index Cond: ((k >= 4170254) AND (k <= 4170354))

table 7 : explain SELECT k, c FROM sbtest7 WHERE k BETWEEN 4170254 AND 4170354
	Bitmap Heap Scan on sbtest7  (cost=5.55..437.33 rows=109 width=125)
	  Recheck Cond: ((k >= 4170254) AND (k <= 4170354))
	  ->  Bitmap Index Scan on k_7  (cost=0.00..5.52 rows=109 width=0)
	        Index Cond: ((k >= 4170254) AND (k <= 4170354))

table 8 : explain SELECT k, c FROM sbtest8 WHERE k BETWEEN 4170254 AND 4170354
	Bitmap Heap Scan on sbtest8  (cost=5.45..397.81 rows=99 width=125)
	  Recheck Cond: ((k >= 4170254) AND (k <= 4170354))
	  ->  Bitmap Index Scan on k_8  (cost=0.00..5.42 rows=99 width=0)
	        Index Cond: ((k >= 4170254) AND (k <= 4170354))

for range-notcovered
table 1 : explain SELECT k, c FROM sbtest1 WHERE k BETWEEN 4807137 AND 4807237
	Bitmap Heap Scan on sbtest1  (cost=5.42..385.86 rows=96 width=125)
	  Recheck Cond: ((k >= 4807137) AND (k <= 4807237))
	  ->  Bitmap Index Scan on k_1  (cost=0.00..5.39 rows=96 width=0)
	        Index Cond: ((k >= 4807137) AND (k <= 4807237))

table 2 : explain SELECT k, c FROM sbtest2 WHERE k BETWEEN 4807137 AND 4807237
	Bitmap Heap Scan on sbtest2  (cost=5.48..409.51 rows=102 width=125)
	  Recheck Cond: ((k >= 4807137) AND (k <= 4807237))
	  ->  Bitmap Index Scan on k_2  (cost=0.00..5.45 rows=102 width=0)
	        Index Cond: ((k >= 4807137) AND (k <= 4807237))

table 3 : explain SELECT k, c FROM sbtest3 WHERE k BETWEEN 4807137 AND 4807237
	Bitmap Heap Scan on sbtest3  (cost=5.51..421.43 rows=105 width=125)
	  Recheck Cond: ((k >= 4807137) AND (k <= 4807237))
	  ->  Bitmap Index Scan on k_3  (cost=0.00..5.48 rows=105 width=0)
	        Index Cond: ((k >= 4807137) AND (k <= 4807237))

table 4 : explain SELECT k, c FROM sbtest4 WHERE k BETWEEN 4807137 AND 4807237
	Bitmap Heap Scan on sbtest4  (cost=5.42..385.99 rows=96 width=125)
	  Recheck Cond: ((k >= 4807137) AND (k <= 4807237))
	  ->  Bitmap Index Scan on k_4  (cost=0.00..5.39 rows=96 width=0)
	        Index Cond: ((k >= 4807137) AND (k <= 4807237))

table 5 : explain SELECT k, c FROM sbtest5 WHERE k BETWEEN 4807137 AND 4807237
	Bitmap Heap Scan on sbtest5  (cost=5.50..417.31 rows=104 width=125)
	  Recheck Cond: ((k >= 4807137) AND (k <= 4807237))
	  ->  Bitmap Index Scan on k_5  (cost=0.00..5.47 rows=104 width=0)
	        Index Cond: ((k >= 4807137) AND (k <= 4807237))

table 6 : explain SELECT k, c FROM sbtest6 WHERE k BETWEEN 4807137 AND 4807237
	Bitmap Heap Scan on sbtest6  (cost=5.39..374.00 rows=93 width=125)
	  Recheck Cond: ((k >= 4807137) AND (k <= 4807237))
	  ->  Bitmap Index Scan on k_6  (cost=0.00..5.36 rows=93 width=0)
	        Index Cond: ((k >= 4807137) AND (k <= 4807237))

table 7 : explain SELECT k, c FROM sbtest7 WHERE k BETWEEN 4807137 AND 4807237
	Bitmap Heap Scan on sbtest7  (cost=5.42..386.01 rows=96 width=125)
	  Recheck Cond: ((k >= 4807137) AND (k <= 4807237))
	  ->  Bitmap Index Scan on k_7  (cost=0.00..5.39 rows=96 width=0)
	        Index Cond: ((k >= 4807137) AND (k <= 4807237))

table 8 : explain SELECT k, c FROM sbtest8 WHERE k BETWEEN 4807137 AND 4807237
	Bitmap Heap Scan on sbtest8  (cost=5.50..417.54 rows=104 width=125)
	  Recheck Cond: ((k >= 4807137) AND (k <= 4807237))
	  ->  Bitmap Index Scan on k_8  (cost=0.00..5.47 rows=104 width=0)
	        Index Cond: ((k >= 4807137) AND (k <= 4807237))

explain: for range-notcovered :: explain SELECT k, c FROM sbtest%d WHERE k BETWEEN 4170254 AND 4170354
explain: for range-notcovered :: explain SELECT k, c FROM sbtest%d WHERE k BETWEEN 4807137 AND 4807237
for range-notcovered
table 1 : explain SELECT k, c FROM sbtest1 WHERE k BETWEEN 5449994 AND 5450094
	Bitmap Heap Scan on sbtest1  (cost=5.51..421.37 rows=105 width=125)
	  Recheck Cond: ((k >= 5449994) AND (k <= 5450094))
	  ->  Bitmap Index Scan on k_1  (cost=0.00..5.48 rows=105 width=0)
	        Index Cond: ((k >= 5449994) AND (k <= 5450094))

table 2 : explain SELECT k, c FROM sbtest2 WHERE k BETWEEN 5449994 AND 5450094
	Bitmap Heap Scan on sbtest2  (cost=5.48..409.51 rows=102 width=125)
	  Recheck Cond: ((k >= 5449994) AND (k <= 5450094))
	  ->  Bitmap Index Scan on k_2  (cost=0.00..5.45 rows=102 width=0)
	        Index Cond: ((k >= 5449994) AND (k <= 5450094))

table 3 : explain SELECT k, c FROM sbtest3 WHERE k BETWEEN 5449994 AND 5450094
	Bitmap Heap Scan on sbtest3  (cost=5.45..397.76 rows=99 width=125)
	  Recheck Cond: ((k >= 5449994) AND (k <= 5450094))
	  ->  Bitmap Index Scan on k_3  (cost=0.00..5.42 rows=99 width=0)
	        Index Cond: ((k >= 5449994) AND (k <= 5450094))

table 4 : explain SELECT k, c FROM sbtest4 WHERE k BETWEEN 5449994 AND 5450094
	Bitmap Heap Scan on sbtest4  (cost=5.53..429.41 rows=107 width=125)
	  Recheck Cond: ((k >= 5449994) AND (k <= 5450094))
	  ->  Bitmap Index Scan on k_4  (cost=0.00..5.50 rows=107 width=0)
	        Index Cond: ((k >= 5449994) AND (k <= 5450094))

table 5 : explain SELECT k, c FROM sbtest5 WHERE k BETWEEN 5449994 AND 5450094
	Bitmap Heap Scan on sbtest5  (cost=5.45..397.59 rows=99 width=125)
	  Recheck Cond: ((k >= 5449994) AND (k <= 5450094))
	  ->  Bitmap Index Scan on k_5  (cost=0.00..5.42 rows=99 width=0)
	        Index Cond: ((k >= 5449994) AND (k <= 5450094))

table 6 : explain SELECT k, c FROM sbtest6 WHERE k BETWEEN 5449994 AND 5450094
	Bitmap Heap Scan on sbtest6  (cost=5.50..417.41 rows=104 width=125)
	  Recheck Cond: ((k >= 5449994) AND (k <= 5450094))
	  ->  Bitmap Index Scan on k_6  (cost=0.00..5.47 rows=104 width=0)
	        Index Cond: ((k >= 5449994) AND (k <= 5450094))

table 7 : explain SELECT k, c FROM sbtest7 WHERE k BETWEEN 5449994 AND 5450094
	Bitmap Heap Scan on sbtest7  (cost=5.43..389.96 rows=97 width=125)
	  Recheck Cond: ((k >= 5449994) AND (k <= 5450094))
	  ->  Bitmap Index Scan on k_7  (cost=0.00..5.40 rows=97 width=0)
	        Index Cond: ((k >= 5449994) AND (k <= 5450094))

table 8 : explain SELECT k, c FROM sbtest8 WHERE k BETWEEN 5449994 AND 5450094
	Bitmap Heap Scan on sbtest8  (cost=5.39..374.12 rows=93 width=125)
	  Recheck Cond: ((k >= 5449994) AND (k <= 5450094))
	  ->  Bitmap Index Scan on k_8  (cost=0.00..5.36 rows=93 width=0)
	        Index Cond: ((k >= 5449994) AND (k <= 5450094))

explain: for range-notcovered :: explain SELECT k, c FROM sbtest%d WHERE k BETWEEN 5449994 AND 5450094
for range-notcovered
table 1 : explain SELECT k, c FROM sbtest1 WHERE k BETWEEN 5219904 AND 5220004
	Bitmap Heap Scan on sbtest1  (cost=5.42..385.86 rows=96 width=125)
	  Recheck Cond: ((k >= 5219904) AND (k <= 5220004))
	  ->  Bitmap Index Scan on k_1  (cost=0.00..5.39 rows=96 width=0)
	        Index Cond: ((k >= 5219904) AND (k <= 5220004))

table 2 : explain SELECT k, c FROM sbtest2 WHERE k BETWEEN 5219904 AND 5220004
	Bitmap Heap Scan on sbtest2  (cost=5.45..397.67 rows=99 width=125)
	  Recheck Cond: ((k >= 5219904) AND (k <= 5220004))
	  ->  Bitmap Index Scan on k_2  (cost=0.00..5.42 rows=99 width=0)
	        Index Cond: ((k >= 5219904) AND (k <= 5220004))

table 3 : explain SELECT k, c FROM sbtest3 WHERE k BETWEEN 5219904 AND 5220004
	Bitmap Heap Scan on sbtest3  (cost=5.41..381.97 rows=95 width=125)
	  Recheck Cond: ((k >= 5219904) AND (k <= 5220004))
	  ->  Bitmap Index Scan on k_3  (cost=0.00..5.38 rows=95 width=0)
	        Index Cond: ((k >= 5219904) AND (k <= 5220004))

table 4 : explain SELECT k, c FROM sbtest4 WHERE k BETWEEN 5219904 AND 5220004
	Bitmap Heap Scan on sbtest4  (cost=5.39..374.15 rows=93 width=125)
	  Recheck Cond: ((k >= 5219904) AND (k <= 5220004))
	  ->  Bitmap Index Scan on k_4  (cost=0.00..5.36 rows=93 width=0)
	        Index Cond: ((k >= 5219904) AND (k <= 5220004))

table 5 : explain SELECT k, c FROM sbtest5 WHERE k BETWEEN 5219904 AND 5220004
	Bitmap Heap Scan on sbtest5  (cost=5.45..397.59 rows=99 width=125)
	  Recheck Cond: ((k >= 5219904) AND (k <= 5220004))
	  ->  Bitmap Index Scan on k_5  (cost=0.00..5.42 rows=99 width=0)
	        Index Cond: ((k >= 5219904) AND (k <= 5220004))

table 6 : explain SELECT k, c FROM sbtest6 WHERE k BETWEEN 5219904 AND 5220004
	Bitmap Heap Scan on sbtest6  (cost=5.50..417.41 rows=104 width=125)
	  Recheck Cond: ((k >= 5219904) AND (k <= 5220004))
	  ->  Bitmap Index Scan on k_6  (cost=0.00..5.47 rows=104 width=0)
	        Index Cond: ((k >= 5219904) AND (k <= 5220004))

table 7 : explain SELECT k, c FROM sbtest7 WHERE k BETWEEN 5219904 AND 5220004
	Bitmap Heap Scan on sbtest7  (cost=5.48..409.70 rows=102 width=125)
	  Recheck Cond: ((k >= 5219904) AND (k <= 5220004))
	  ->  Bitmap Index Scan on k_7  (cost=0.00..5.45 rows=102 width=0)
	        Index Cond: ((k >= 5219904) AND (k <= 5220004))

table 8 : explain SELECT k, c FROM sbtest8 WHERE k BETWEEN 5219904 AND 5220004
	Bitmap Heap Scan on sbtest8  (cost=5.45..397.81 rows=99 width=125)
	  Recheck Cond: ((k >= 5219904) AND (k <= 5220004))
	  ->  Bitmap Index Scan on k_8  (cost=0.00..5.42 rows=99 width=0)
	        Index Cond: ((k >= 5219904) AND (k <= 5220004))

for range-notcovered
table 1 : explain SELECT k, c FROM sbtest1 WHERE k BETWEEN 7475603 AND 7475703
	Bitmap Heap Scan on sbtest1  (cost=5.41..381.91 rows=95 width=125)
	  Recheck Cond: ((k >= 7475603) AND (k <= 7475703))
	  ->  Bitmap Index Scan on k_1  (cost=0.00..5.38 rows=95 width=0)
	        Index Cond: ((k >= 7475603) AND (k <= 7475703))

table 2 : explain SELECT k, c FROM sbtest2 WHERE k BETWEEN 7475603 AND 7475703
	Bitmap Heap Scan on sbtest2  (cost=5.42..385.83 rows=96 width=125)
	  Recheck Cond: ((k >= 7475603) AND (k <= 7475703))
	  ->  Bitmap Index Scan on k_2  (cost=0.00..5.39 rows=96 width=0)
	        Index Cond: ((k >= 7475603) AND (k <= 7475703))

table 3 : explain SELECT k, c FROM sbtest3 WHERE k BETWEEN 7475603 AND 7475703
	Bitmap Heap Scan on sbtest3  (cost=5.56..441.15 rows=110 width=125)
	  Recheck Cond: ((k >= 7475603) AND (k <= 7475703))
	  ->  Bitmap Index Scan on k_3  (cost=0.00..5.53 rows=110 width=0)
	        Index Cond: ((k >= 7475603) AND (k <= 7475703))

table 4 : explain SELECT k, c FROM sbtest4 WHERE k BETWEEN 7475603 AND 7475703
	Bitmap Heap Scan on sbtest4  (cost=5.53..429.41 rows=107 width=125)
	  Recheck Cond: ((k >= 7475603) AND (k <= 7475703))
	  ->  Bitmap Index Scan on k_4  (cost=0.00..5.50 rows=107 width=0)
	        Index Cond: ((k >= 7475603) AND (k <= 7475703))

table 5 : explain SELECT k, c FROM sbtest5 WHERE k BETWEEN 7475603 AND 7475703
	Bitmap Heap Scan on sbtest5  (cost=5.52..425.19 rows=106 width=125)
	  Recheck Cond: ((k >= 7475603) AND (k <= 7475703))
	  ->  Bitmap Index Scan on k_5  (cost=0.00..5.50 rows=106 width=0)
	        Index Cond: ((k >= 7475603) AND (k <= 7475703))

table 6 : explain SELECT k, c FROM sbtest6 WHERE k BETWEEN 7475603 AND 7475703
	Bitmap Heap Scan on sbtest6  (cost=5.48..409.52 rows=102 width=125)
	  Recheck Cond: ((k >= 7475603) AND (k <= 7475703))
	  ->  Bitmap Index Scan on k_6  (cost=0.00..5.45 rows=102 width=0)
	        Index Cond: ((k >= 7475603) AND (k <= 7475703))

table 7 : explain SELECT k, c FROM sbtest7 WHERE k BETWEEN 7475603 AND 7475703
	Bitmap Heap Scan on sbtest7  (cost=5.62..464.93 rows=116 width=125)
	  Recheck Cond: ((k >= 7475603) AND (k <= 7475703))
	  ->  Bitmap Index Scan on k_7  (cost=0.00..5.59 rows=116 width=0)
	        Index Cond: ((k >= 7475603) AND (k <= 7475703))

table 8 : explain SELECT k, c FROM sbtest8 WHERE k BETWEEN 7475603 AND 7475703
	Bitmap Heap Scan on sbtest8  (cost=5.43..389.91 rows=97 width=125)
	  Recheck Cond: ((k >= 7475603) AND (k <= 7475703))
	  ->  Bitmap Index Scan on k_8  (cost=0.00..5.40 rows=97 width=0)
	        Index Cond: ((k >= 7475603) AND (k <= 7475703))

explain: for range-notcovered :: explain SELECT k, c FROM sbtest%d WHERE k BETWEEN 5219904 AND 5220004
explain: for range-notcovered :: explain SELECT k, c FROM sbtest%d WHERE k BETWEEN 7475603 AND 7475703
for range-notcovered
table 1 : explain SELECT k, c FROM sbtest1 WHERE k BETWEEN 5510540 AND 5510640
	Bitmap Heap Scan on sbtest1  (cost=5.47..405.59 rows=101 width=125)
	  Recheck Cond: ((k >= 5510540) AND (k <= 5510640))
	  ->  Bitmap Index Scan on k_1  (cost=0.00..5.44 rows=101 width=0)
	        Index Cond: ((k >= 5510540) AND (k <= 5510640))

table 2 : explain SELECT k, c FROM sbtest2 WHERE k BETWEEN 5510540 AND 5510640
	Bitmap Heap Scan on sbtest2  (cost=5.48..409.51 rows=102 width=125)
	  Recheck Cond: ((k >= 5510540) AND (k <= 5510640))
	  ->  Bitmap Index Scan on k_2  (cost=0.00..5.45 rows=102 width=0)
	        Index Cond: ((k >= 5510540) AND (k <= 5510640))

table 3 : explain SELECT k, c FROM sbtest3 WHERE k BETWEEN 5510540 AND 5510640
	Bitmap Heap Scan on sbtest3  (cost=5.58..449.03 rows=112 width=125)
	  Recheck Cond: ((k >= 5510540) AND (k <= 5510640))
	  ->  Bitmap Index Scan on k_3  (cost=0.00..5.55 rows=112 width=0)
	        Index Cond: ((k >= 5510540) AND (k <= 5510640))

table 4 : explain SELECT k, c FROM sbtest4 WHERE k BETWEEN 5510540 AND 5510640
	Bitmap Heap Scan on sbtest4  (cost=5.53..429.41 rows=107 width=125)
	  Recheck Cond: ((k >= 5510540) AND (k <= 5510640))
	  ->  Bitmap Index Scan on k_4  (cost=0.00..5.50 rows=107 width=0)
	        Index Cond: ((k >= 5510540) AND (k <= 5510640))

table 5 : explain SELECT k, c FROM sbtest5 WHERE k BETWEEN 5510540 AND 5510640
	Bitmap Heap Scan on sbtest5  (cost=5.58..448.84 rows=112 width=125)
	  Recheck Cond: ((k >= 5510540) AND (k <= 5510640))
	  ->  Bitmap Index Scan on k_5  (cost=0.00..5.55 rows=112 width=0)
	        Index Cond: ((k >= 5510540) AND (k <= 5510640))

table 6 : explain SELECT k, c FROM sbtest6 WHERE k BETWEEN 5510540 AND 5510640
	Bitmap Heap Scan on sbtest6  (cost=5.54..433.18 rows=108 width=125)
	  Recheck Cond: ((k >= 5510540) AND (k <= 5510640))
	  ->  Bitmap Index Scan on k_6  (cost=0.00..5.51 rows=108 width=0)
	        Index Cond: ((k >= 5510540) AND (k <= 5510640))

table 7 : explain SELECT k, c FROM sbtest7 WHERE k BETWEEN 5510540 AND 5510640
	Bitmap Heap Scan on sbtest7  (cost=5.44..393.91 rows=98 width=125)
	  Recheck Cond: ((k >= 5510540) AND (k <= 5510640))
	  ->  Bitmap Index Scan on k_7  (cost=0.00..5.42 rows=98 width=0)
	        Index Cond: ((k >= 5510540) AND (k <= 5510640))

table 8 : explain SELECT k, c FROM sbtest8 WHERE k BETWEEN 5510540 AND 5510640
	Bitmap Heap Scan on sbtest8  (cost=5.40..378.07 rows=94 width=125)
	  Recheck Cond: ((k >= 5510540) AND (k <= 5510640))
	  ->  Bitmap Index Scan on k_8  (cost=0.00..5.38 rows=94 width=0)
	        Index Cond: ((k >= 5510540) AND (k <= 5510640))

for range-notcovered
table 1 : explain SELECT k, c FROM sbtest1 WHERE k BETWEEN 4170254 AND 4170354
	Bitmap Heap Scan on sbtest1  (cost=5.46..401.65 rows=100 width=125)
	  Recheck Cond: ((k >= 4170254) AND (k <= 4170354))
	  ->  Bitmap Index Scan on k_1  (cost=0.00..5.43 rows=100 width=0)
	        Index Cond: ((k >= 4170254) AND (k <= 4170354))

table 2 : explain SELECT k, c FROM sbtest2 WHERE k BETWEEN 4170254 AND 4170354
	Bitmap Heap Scan on sbtest2  (cost=5.49..413.45 rows=103 width=125)
	  Recheck Cond: ((k >= 4170254) AND (k <= 4170354))
	  ->  Bitmap Index Scan on k_2  (cost=0.00..5.46 rows=103 width=0)
	        Index Cond: ((k >= 4170254) AND (k <= 4170354))

table 3 : explain SELECT k, c FROM sbtest3 WHERE k BETWEEN 4170254 AND 4170354
	Bitmap Heap Scan on sbtest3  (cost=5.47..405.65 rows=101 width=125)
	  Recheck Cond: ((k >= 4170254) AND (k <= 4170354))
	  ->  Bitmap Index Scan on k_3  (cost=0.00..5.44 rows=101 width=0)
	        Index Cond: ((k >= 4170254) AND (k <= 4170354))

table 4 : explain SELECT k, c FROM sbtest4 WHERE k BETWEEN 4170254 AND 4170354
	Bitmap Heap Scan on sbtest4  (cost=5.58..449.13 rows=112 width=125)
	  Recheck Cond: ((k >= 4170254) AND (k <= 4170354))
	  ->  Bitmap Index Scan on k_4  (cost=0.00..5.55 rows=112 width=0)
	        Index Cond: ((k >= 4170254) AND (k <= 4170354))

table 5 : explain SELECT k, c FROM sbtest5 WHERE k BETWEEN 4170254 AND 4170354
	Bitmap Heap Scan on sbtest5  (cost=5.48..409.43 rows=102 width=125)
	  Recheck Cond: ((k >= 4170254) AND (k <= 4170354))
	  ->  Bitmap Index Scan on k_5  (cost=0.00..5.45 rows=102 width=0)
	        Index Cond: ((k >= 4170254) AND (k <= 4170354))

table 6 : explain SELECT k, c FROM sbtest6 WHERE k BETWEEN 4170254 AND 4170354
	Bitmap Heap Scan on sbtest6  (cost=5.54..433.18 rows=108 width=125)
	  Recheck Cond: ((k >= 4170254) AND (k <= 4170354))
	  ->  Bitmap Index Scan on k_6  (cost=0.00..5.51 rows=108 width=0)
	        Index Cond: ((k >= 4170254) AND (k <= 4170354))

table 7 : explain SELECT k, c FROM sbtest7 WHERE k BETWEEN 4170254 AND 4170354
	Bitmap Heap Scan on sbtest7  (cost=5.55..437.33 rows=109 width=125)
	  Recheck Cond: ((k >= 4170254) AND (k <= 4170354))
	  ->  Bitmap Index Scan on k_7  (cost=0.00..5.52 rows=109 width=0)
	        Index Cond: ((k >= 4170254) AND (k <= 4170354))

table 8 : explain SELECT k, c FROM sbtest8 WHERE k BETWEEN 4170254 AND 4170354
	Bitmap Heap Scan on sbtest8  (cost=5.45..397.81 rows=99 width=125)
	  Recheck Cond: ((k >= 4170254) AND (k <= 4170354))
	  ->  Bitmap Index Scan on k_8  (cost=0.00..5.42 rows=99 width=0)
	        Index Cond: ((k >= 4170254) AND (k <= 4170354))

explain: for range-notcovered :: explain SELECT k, c FROM sbtest%d WHERE k BETWEEN 5510540 AND 5510640
explain: for range-notcovered :: explain SELECT k, c FROM sbtest%d WHERE k BETWEEN 4170254 AND 4170354
for range-notcovered
table 1 : explain SELECT k, c FROM sbtest1 WHERE k BETWEEN 3884400 AND 3884500
	Bitmap Heap Scan on sbtest1  (cost=5.53..429.26 rows=107 width=125)
	  Recheck Cond: ((k >= 3884400) AND (k <= 3884500))
	  ->  Bitmap Index Scan on k_1  (cost=0.00..5.50 rows=107 width=0)
	        Index Cond: ((k >= 3884400) AND (k <= 3884500))

table 2 : explain SELECT k, c FROM sbtest2 WHERE k BETWEEN 3884400 AND 3884500
	Bitmap Heap Scan on sbtest2  (cost=5.50..417.39 rows=104 width=125)
	  Recheck Cond: ((k >= 3884400) AND (k <= 3884500))
	  ->  Bitmap Index Scan on k_2  (cost=0.00..5.47 rows=104 width=0)
	        Index Cond: ((k >= 3884400) AND (k <= 3884500))

table 3 : explain SELECT k, c FROM sbtest3 WHERE k BETWEEN 3884400 AND 3884500
	Bitmap Heap Scan on sbtest3  (cost=5.54..433.26 rows=108 width=125)
	  Recheck Cond: ((k >= 3884400) AND (k <= 3884500))
	  ->  Bitmap Index Scan on k_3  (cost=0.00..5.51 rows=108 width=0)
	        Index Cond: ((k >= 3884400) AND (k <= 3884500))

table 4 : explain SELECT k, c FROM sbtest4 WHERE k BETWEEN 3884400 AND 3884500
	Bitmap Heap Scan on sbtest4  (cost=5.57..445.19 rows=111 width=125)
	  Recheck Cond: ((k >= 3884400) AND (k <= 3884500))
	  ->  Bitmap Index Scan on k_4  (cost=0.00..5.54 rows=111 width=0)
	        Index Cond: ((k >= 3884400) AND (k <= 3884500))

table 5 : explain SELECT k, c FROM sbtest5 WHERE k BETWEEN 3884400 AND 3884500
	Bitmap Heap Scan on sbtest5  (cost=5.36..362.08 rows=90 width=125)
	  Recheck Cond: ((k >= 3884400) AND (k <= 3884500))
	  ->  Bitmap Index Scan on k_5  (cost=0.00..5.33 rows=90 width=0)
	        Index Cond: ((k >= 3884400) AND (k <= 3884500))

table 6 : explain SELECT k, c FROM sbtest6 WHERE k BETWEEN 3884400 AND 3884500
	Bitmap Heap Scan on sbtest6  (cost=5.59..452.88 rows=113 width=125)
	  Recheck Cond: ((k >= 3884400) AND (k <= 3884500))
	  ->  Bitmap Index Scan on k_6  (cost=0.00..5.56 rows=113 width=0)
	        Index Cond: ((k >= 3884400) AND (k <= 3884500))

table 7 : explain SELECT k, c FROM sbtest7 WHERE k BETWEEN 3884400 AND 3884500
	Bitmap Heap Scan on sbtest7  (cost=5.53..429.44 rows=107 width=125)
	  Recheck Cond: ((k >= 3884400) AND (k <= 3884500))
	  ->  Bitmap Index Scan on k_7  (cost=0.00..5.50 rows=107 width=0)
	        Index Cond: ((k >= 3884400) AND (k <= 3884500))

table 8 : explain SELECT k, c FROM sbtest8 WHERE k BETWEEN 3884400 AND 3884500
	Bitmap Heap Scan on sbtest8  (cost=5.45..397.81 rows=99 width=125)
	  Recheck Cond: ((k >= 3884400) AND (k <= 3884500))
	  ->  Bitmap Index Scan on k_8  (cost=0.00..5.42 rows=99 width=0)
	        Index Cond: ((k >= 3884400) AND (k <= 3884500))

for range-notcovered
table 1 : explain SELECT k, c FROM sbtest1 WHERE k BETWEEN 6715060 AND 6715160
	Bitmap Heap Scan on sbtest1  (cost=5.43..389.81 rows=97 width=125)
	  Recheck Cond: ((k >= 6715060) AND (k <= 6715160))
	  ->  Bitmap Index Scan on k_1  (cost=0.00..5.40 rows=97 width=0)
	        Index Cond: ((k >= 6715060) AND (k <= 6715160))

table 2 : explain SELECT k, c FROM sbtest2 WHERE k BETWEEN 6715060 AND 6715160
	Bitmap Heap Scan on sbtest2  (cost=5.52..425.28 rows=106 width=125)
	  Recheck Cond: ((k >= 6715060) AND (k <= 6715160))
	  ->  Bitmap Index Scan on k_2  (cost=0.00..5.50 rows=106 width=0)
	        Index Cond: ((k >= 6715060) AND (k <= 6715160))

table 3 : explain SELECT k, c FROM sbtest3 WHERE k BETWEEN 6715060 AND 6715160
	Bitmap Heap Scan on sbtest3  (cost=5.55..437.20 rows=109 width=125)
	  Recheck Cond: ((k >= 6715060) AND (k <= 6715160))
	  ->  Bitmap Index Scan on k_3  (cost=0.00..5.52 rows=109 width=0)
	        Index Cond: ((k >= 6715060) AND (k <= 6715160))

table 4 : explain SELECT k, c FROM sbtest4 WHERE k BETWEEN 6715060 AND 6715160
	Bitmap Heap Scan on sbtest4  (cost=5.44..393.89 rows=98 width=125)
	  Recheck Cond: ((k >= 6715060) AND (k <= 6715160))
	  ->  Bitmap Index Scan on k_4  (cost=0.00..5.42 rows=98 width=0)
	        Index Cond: ((k >= 6715060) AND (k <= 6715160))

table 5 : explain SELECT k, c FROM sbtest5 WHERE k BETWEEN 6715060 AND 6715160
	Bitmap Heap Scan on sbtest5  (cost=5.44..393.65 rows=98 width=125)
	  Recheck Cond: ((k >= 6715060) AND (k <= 6715160))
	  ->  Bitmap Index Scan on k_5  (cost=0.00..5.42 rows=98 width=0)
	        Index Cond: ((k >= 6715060) AND (k <= 6715160))

table 6 : explain SELECT k, c FROM sbtest6 WHERE k BETWEEN 6715060 AND 6715160
	Bitmap Heap Scan on sbtest6  (cost=5.49..413.46 rows=103 width=125)
	  Recheck Cond: ((k >= 6715060) AND (k <= 6715160))
	  ->  Bitmap Index Scan on k_6  (cost=0.00..5.46 rows=103 width=0)
	        Index Cond: ((k >= 6715060) AND (k <= 6715160))

table 7 : explain SELECT k, c FROM sbtest7 WHERE k BETWEEN 6715060 AND 6715160
	Bitmap Heap Scan on sbtest7  (cost=5.50..417.60 rows=104 width=125)
	  Recheck Cond: ((k >= 6715060) AND (k <= 6715160))
	  ->  Bitmap Index Scan on k_7  (cost=0.00..5.47 rows=104 width=0)
	        Index Cond: ((k >= 6715060) AND (k <= 6715160))

table 8 : explain SELECT k, c FROM sbtest8 WHERE k BETWEEN 6715060 AND 6715160
	Bitmap Heap Scan on sbtest8  (cost=5.56..441.21 rows=110 width=125)
	  Recheck Cond: ((k >= 6715060) AND (k <= 6715160))
	  ->  Bitmap Index Scan on k_8  (cost=0.00..5.53 rows=110 width=0)
	        Index Cond: ((k >= 6715060) AND (k <= 6715160))

explain: for range-notcovered :: explain SELECT k, c FROM sbtest%d WHERE k BETWEEN 3884400 AND 3884500
explain: for range-notcovered :: explain SELECT k, c FROM sbtest%d WHERE k BETWEEN 6715060 AND 6715160
explain: for range-notcovered :: explain SELECT k, c FROM sbtest%d WHERE k BETWEEN 2537438 AND 2537538
for range-notcovered
table 1 : explain SELECT k, c FROM sbtest1 WHERE k BETWEEN 5449994 AND 5450094
	Bitmap Heap Scan on sbtest1  (cost=5.51..421.37 rows=105 width=125)
	  Recheck Cond: ((k >= 5449994) AND (k <= 5450094))
	  ->  Bitmap Index Scan on k_1  (cost=0.00..5.48 rows=105 width=0)
	        Index Cond: ((k >= 5449994) AND (k <= 5450094))

table 2 : explain SELECT k, c FROM sbtest2 WHERE k BETWEEN 5449994 AND 5450094
	Bitmap Heap Scan on sbtest2  (cost=5.48..409.51 rows=102 width=125)
	  Recheck Cond: ((k >= 5449994) AND (k <= 5450094))
	  ->  Bitmap Index Scan on k_2  (cost=0.00..5.45 rows=102 width=0)
	        Index Cond: ((k >= 5449994) AND (k <= 5450094))

table 3 : explain SELECT k, c FROM sbtest3 WHERE k BETWEEN 5449994 AND 5450094
	Bitmap Heap Scan on sbtest3  (cost=5.45..397.76 rows=99 width=125)
	  Recheck Cond: ((k >= 5449994) AND (k <= 5450094))
	  ->  Bitmap Index Scan on k_3  (cost=0.00..5.42 rows=99 width=0)
	        Index Cond: ((k >= 5449994) AND (k <= 5450094))

table 4 : explain SELECT k, c FROM sbtest4 WHERE k BETWEEN 5449994 AND 5450094
	Bitmap Heap Scan on sbtest4  (cost=5.53..429.41 rows=107 width=125)
	  Recheck Cond: ((k >= 5449994) AND (k <= 5450094))
	  ->  Bitmap Index Scan on k_4  (cost=0.00..5.50 rows=107 width=0)
	        Index Cond: ((k >= 5449994) AND (k <= 5450094))

table 5 : explain SELECT k, c FROM sbtest5 WHERE k BETWEEN 5449994 AND 5450094
	Bitmap Heap Scan on sbtest5  (cost=5.45..397.59 rows=99 width=125)
	  Recheck Cond: ((k >= 5449994) AND (k <= 5450094))
	  ->  Bitmap Index Scan on k_5  (cost=0.00..5.42 rows=99 width=0)
	        Index Cond: ((k >= 5449994) AND (k <= 5450094))

table 6 : explain SELECT k, c FROM sbtest6 WHERE k BETWEEN 5449994 AND 5450094
	Bitmap Heap Scan on sbtest6  (cost=5.50..417.41 rows=104 width=125)
	  Recheck Cond: ((k >= 5449994) AND (k <= 5450094))
	  ->  Bitmap Index Scan on k_6  (cost=0.00..5.47 rows=104 width=0)
	        Index Cond: ((k >= 5449994) AND (k <= 5450094))

table 7 : explain SELECT k, c FROM sbtest7 WHERE k BETWEEN 5449994 AND 5450094
	Bitmap Heap Scan on sbtest7  (cost=5.43..389.96 rows=97 width=125)
	  Recheck Cond: ((k >= 5449994) AND (k <= 5450094))
	  ->  Bitmap Index Scan on k_7  (cost=0.00..5.40 rows=97 width=0)
	        Index Cond: ((k >= 5449994) AND (k <= 5450094))

table 8 : explain SELECT k, c FROM sbtest8 WHERE k BETWEEN 5449994 AND 5450094
	Bitmap Heap Scan on sbtest8  (cost=5.39..374.12 rows=93 width=125)
	  Recheck Cond: ((k >= 5449994) AND (k <= 5450094))
	  ->  Bitmap Index Scan on k_8  (cost=0.00..5.36 rows=93 width=0)
	        Index Cond: ((k >= 5449994) AND (k <= 5450094))

explain: for range-notcovered :: explain SELECT k, c FROM sbtest%d WHERE k BETWEEN 5449994 AND 5450094
for range-notcovered
table 1 : explain SELECT k, c FROM sbtest1 WHERE k BETWEEN 5219904 AND 5220004
	Bitmap Heap Scan on sbtest1  (cost=5.42..385.86 rows=96 width=125)
	  Recheck Cond: ((k >= 5219904) AND (k <= 5220004))
	  ->  Bitmap Index Scan on k_1  (cost=0.00..5.39 rows=96 width=0)
	        Index Cond: ((k >= 5219904) AND (k <= 5220004))

table 2 : explain SELECT k, c FROM sbtest2 WHERE k BETWEEN 5219904 AND 5220004
	Bitmap Heap Scan on sbtest2  (cost=5.45..397.67 rows=99 width=125)
	  Recheck Cond: ((k >= 5219904) AND (k <= 5220004))
	  ->  Bitmap Index Scan on k_2  (cost=0.00..5.42 rows=99 width=0)
	        Index Cond: ((k >= 5219904) AND (k <= 5220004))

table 3 : explain SELECT k, c FROM sbtest3 WHERE k BETWEEN 5219904 AND 5220004
	Bitmap Heap Scan on sbtest3  (cost=5.41..381.97 rows=95 width=125)
	  Recheck Cond: ((k >= 5219904) AND (k <= 5220004))
	  ->  Bitmap Index Scan on k_3  (cost=0.00..5.38 rows=95 width=0)
	        Index Cond: ((k >= 5219904) AND (k <= 5220004))

table 4 : explain SELECT k, c FROM sbtest4 WHERE k BETWEEN 5219904 AND 5220004
	Bitmap Heap Scan on sbtest4  (cost=5.39..374.15 rows=93 width=125)
	  Recheck Cond: ((k >= 5219904) AND (k <= 5220004))
	  ->  Bitmap Index Scan on k_4  (cost=0.00..5.36 rows=93 width=0)
	        Index Cond: ((k >= 5219904) AND (k <= 5220004))

table 5 : explain SELECT k, c FROM sbtest5 WHERE k BETWEEN 5219904 AND 5220004
	Bitmap Heap Scan on sbtest5  (cost=5.45..397.59 rows=99 width=125)
	  Recheck Cond: ((k >= 5219904) AND (k <= 5220004))
	  ->  Bitmap Index Scan on k_5  (cost=0.00..5.42 rows=99 width=0)
	        Index Cond: ((k >= 5219904) AND (k <= 5220004))

table 6 : explain SELECT k, c FROM sbtest6 WHERE k BETWEEN 5219904 AND 5220004
	Bitmap Heap Scan on sbtest6  (cost=5.50..417.41 rows=104 width=125)
	  Recheck Cond: ((k >= 5219904) AND (k <= 5220004))
	  ->  Bitmap Index Scan on k_6  (cost=0.00..5.47 rows=104 width=0)
	        Index Cond: ((k >= 5219904) AND (k <= 5220004))

table 7 : explain SELECT k, c FROM sbtest7 WHERE k BETWEEN 5219904 AND 5220004
	Bitmap Heap Scan on sbtest7  (cost=5.48..409.70 rows=102 width=125)
	  Recheck Cond: ((k >= 5219904) AND (k <= 5220004))
	  ->  Bitmap Index Scan on k_7  (cost=0.00..5.45 rows=102 width=0)
	        Index Cond: ((k >= 5219904) AND (k <= 5220004))

table 8 : explain SELECT k, c FROM sbtest8 WHERE k BETWEEN 5219904 AND 5220004
	Bitmap Heap Scan on sbtest8  (cost=5.45..397.81 rows=99 width=125)
	  Recheck Cond: ((k >= 5219904) AND (k <= 5220004))
	  ->  Bitmap Index Scan on k_8  (cost=0.00..5.42 rows=99 width=0)
	        Index Cond: ((k >= 5219904) AND (k <= 5220004))

for range-notcovered
table 1 : explain SELECT k, c FROM sbtest1 WHERE k BETWEEN 7475603 AND 7475703
	Bitmap Heap Scan on sbtest1  (cost=5.41..381.91 rows=95 width=125)
	  Recheck Cond: ((k >= 7475603) AND (k <= 7475703))
	  ->  Bitmap Index Scan on k_1  (cost=0.00..5.38 rows=95 width=0)
	        Index Cond: ((k >= 7475603) AND (k <= 7475703))

table 2 : explain SELECT k, c FROM sbtest2 WHERE k BETWEEN 7475603 AND 7475703
	Bitmap Heap Scan on sbtest2  (cost=5.42..385.83 rows=96 width=125)
	  Recheck Cond: ((k >= 7475603) AND (k <= 7475703))
	  ->  Bitmap Index Scan on k_2  (cost=0.00..5.39 rows=96 width=0)
	        Index Cond: ((k >= 7475603) AND (k <= 7475703))

table 3 : explain SELECT k, c FROM sbtest3 WHERE k BETWEEN 7475603 AND 7475703
	Bitmap Heap Scan on sbtest3  (cost=5.56..441.15 rows=110 width=125)
	  Recheck Cond: ((k >= 7475603) AND (k <= 7475703))
	  ->  Bitmap Index Scan on k_3  (cost=0.00..5.53 rows=110 width=0)
	        Index Cond: ((k >= 7475603) AND (k <= 7475703))

table 4 : explain SELECT k, c FROM sbtest4 WHERE k BETWEEN 7475603 AND 7475703
	Bitmap Heap Scan on sbtest4  (cost=5.53..429.41 rows=107 width=125)
	  Recheck Cond: ((k >= 7475603) AND (k <= 7475703))
	  ->  Bitmap Index Scan on k_4  (cost=0.00..5.50 rows=107 width=0)
	        Index Cond: ((k >= 7475603) AND (k <= 7475703))

table 5 : explain SELECT k, c FROM sbtest5 WHERE k BETWEEN 7475603 AND 7475703
	Bitmap Heap Scan on sbtest5  (cost=5.52..425.19 rows=106 width=125)
	  Recheck Cond: ((k >= 7475603) AND (k <= 7475703))
	  ->  Bitmap Index Scan on k_5  (cost=0.00..5.50 rows=106 width=0)
	        Index Cond: ((k >= 7475603) AND (k <= 7475703))

table 6 : explain SELECT k, c FROM sbtest6 WHERE k BETWEEN 7475603 AND 7475703
	Bitmap Heap Scan on sbtest6  (cost=5.48..409.52 rows=102 width=125)
	  Recheck Cond: ((k >= 7475603) AND (k <= 7475703))
	  ->  Bitmap Index Scan on k_6  (cost=0.00..5.45 rows=102 width=0)
	        Index Cond: ((k >= 7475603) AND (k <= 7475703))

table 7 : explain SELECT k, c FROM sbtest7 WHERE k BETWEEN 7475603 AND 7475703
	Bitmap Heap Scan on sbtest7  (cost=5.62..464.93 rows=116 width=125)
	  Recheck Cond: ((k >= 7475603) AND (k <= 7475703))
	  ->  Bitmap Index Scan on k_7  (cost=0.00..5.59 rows=116 width=0)
	        Index Cond: ((k >= 7475603) AND (k <= 7475703))

table 8 : explain SELECT k, c FROM sbtest8 WHERE k BETWEEN 7475603 AND 7475703
	Bitmap Heap Scan on sbtest8  (cost=5.43..389.91 rows=97 width=125)
	  Recheck Cond: ((k >= 7475603) AND (k <= 7475703))
	  ->  Bitmap Index Scan on k_8  (cost=0.00..5.40 rows=97 width=0)
	        Index Cond: ((k >= 7475603) AND (k <= 7475703))

explain: for range-notcovered :: explain SELECT k, c FROM sbtest%d WHERE k BETWEEN 5219904 AND 5220004
explain: for range-notcovered :: explain SELECT k, c FROM sbtest%d WHERE k BETWEEN 7475603 AND 7475703
for range-notcovered
table 1 : explain SELECT k, c FROM sbtest1 WHERE k BETWEEN 5510540 AND 5510640
	Bitmap Heap Scan on sbtest1  (cost=5.47..405.59 rows=101 width=125)
	  Recheck Cond: ((k >= 5510540) AND (k <= 5510640))
	  ->  Bitmap Index Scan on k_1  (cost=0.00..5.44 rows=101 width=0)
	        Index Cond: ((k >= 5510540) AND (k <= 5510640))

table 2 : explain SELECT k, c FROM sbtest2 WHERE k BETWEEN 5510540 AND 5510640
	Bitmap Heap Scan on sbtest2  (cost=5.48..409.51 rows=102 width=125)
	  Recheck Cond: ((k >= 5510540) AND (k <= 5510640))
	  ->  Bitmap Index Scan on k_2  (cost=0.00..5.45 rows=102 width=0)
	        Index Cond: ((k >= 5510540) AND (k <= 5510640))

table 3 : explain SELECT k, c FROM sbtest3 WHERE k BETWEEN 5510540 AND 5510640
	Bitmap Heap Scan on sbtest3  (cost=5.58..449.03 rows=112 width=125)
	  Recheck Cond: ((k >= 5510540) AND (k <= 5510640))
	  ->  Bitmap Index Scan on k_3  (cost=0.00..5.55 rows=112 width=0)
	        Index Cond: ((k >= 5510540) AND (k <= 5510640))

table 4 : explain SELECT k, c FROM sbtest4 WHERE k BETWEEN 5510540 AND 5510640
	Bitmap Heap Scan on sbtest4  (cost=5.53..429.41 rows=107 width=125)
	  Recheck Cond: ((k >= 5510540) AND (k <= 5510640))
	  ->  Bitmap Index Scan on k_4  (cost=0.00..5.50 rows=107 width=0)
	        Index Cond: ((k >= 5510540) AND (k <= 5510640))

table 5 : explain SELECT k, c FROM sbtest5 WHERE k BETWEEN 5510540 AND 5510640
	Bitmap Heap Scan on sbtest5  (cost=5.58..448.84 rows=112 width=125)
	  Recheck Cond: ((k >= 5510540) AND (k <= 5510640))
	  ->  Bitmap Index Scan on k_5  (cost=0.00..5.55 rows=112 width=0)
	        Index Cond: ((k >= 5510540) AND (k <= 5510640))

table 6 : explain SELECT k, c FROM sbtest6 WHERE k BETWEEN 5510540 AND 5510640
	Bitmap Heap Scan on sbtest6  (cost=5.54..433.18 rows=108 width=125)
	  Recheck Cond: ((k >= 5510540) AND (k <= 5510640))
	  ->  Bitmap Index Scan on k_6  (cost=0.00..5.51 rows=108 width=0)
	        Index Cond: ((k >= 5510540) AND (k <= 5510640))

table 7 : explain SELECT k, c FROM sbtest7 WHERE k BETWEEN 5510540 AND 5510640
	Bitmap Heap Scan on sbtest7  (cost=5.44..393.91 rows=98 width=125)
	  Recheck Cond: ((k >= 5510540) AND (k <= 5510640))
	  ->  Bitmap Index Scan on k_7  (cost=0.00..5.42 rows=98 width=0)
	        Index Cond: ((k >= 5510540) AND (k <= 5510640))

table 8 : explain SELECT k, c FROM sbtest8 WHERE k BETWEEN 5510540 AND 5510640
	Bitmap Heap Scan on sbtest8  (cost=5.40..378.07 rows=94 width=125)
	  Recheck Cond: ((k >= 5510540) AND (k <= 5510640))
	  ->  Bitmap Index Scan on k_8  (cost=0.00..5.38 rows=94 width=0)
	        Index Cond: ((k >= 5510540) AND (k <= 5510640))

explain: for range-notcovered :: explain SELECT k, c FROM sbtest%d WHERE k BETWEEN 5510540 AND 5510640
for range-notcovered
table 1 : explain SELECT k, c FROM sbtest1 WHERE k BETWEEN 6715060 AND 6715160
	Bitmap Heap Scan on sbtest1  (cost=5.43..389.81 rows=97 width=125)
	  Recheck Cond: ((k >= 6715060) AND (k <= 6715160))
	  ->  Bitmap Index Scan on k_1  (cost=0.00..5.40 rows=97 width=0)
	        Index Cond: ((k >= 6715060) AND (k <= 6715160))

table 2 : explain SELECT k, c FROM sbtest2 WHERE k BETWEEN 6715060 AND 6715160
	Bitmap Heap Scan on sbtest2  (cost=5.52..425.28 rows=106 width=125)
	  Recheck Cond: ((k >= 6715060) AND (k <= 6715160))
	  ->  Bitmap Index Scan on k_2  (cost=0.00..5.50 rows=106 width=0)
	        Index Cond: ((k >= 6715060) AND (k <= 6715160))

table 3 : explain SELECT k, c FROM sbtest3 WHERE k BETWEEN 6715060 AND 6715160
	Bitmap Heap Scan on sbtest3  (cost=5.55..437.20 rows=109 width=125)
	  Recheck Cond: ((k >= 6715060) AND (k <= 6715160))
	  ->  Bitmap Index Scan on k_3  (cost=0.00..5.52 rows=109 width=0)
	        Index Cond: ((k >= 6715060) AND (k <= 6715160))

table 4 : explain SELECT k, c FROM sbtest4 WHERE k BETWEEN 6715060 AND 6715160
	Bitmap Heap Scan on sbtest4  (cost=5.44..393.89 rows=98 width=125)
	  Recheck Cond: ((k >= 6715060) AND (k <= 6715160))
	  ->  Bitmap Index Scan on k_4  (cost=0.00..5.42 rows=98 width=0)
	        Index Cond: ((k >= 6715060) AND (k <= 6715160))

table 5 : explain SELECT k, c FROM sbtest5 WHERE k BETWEEN 6715060 AND 6715160
	Bitmap Heap Scan on sbtest5  (cost=5.44..393.65 rows=98 width=125)
	  Recheck Cond: ((k >= 6715060) AND (k <= 6715160))
	  ->  Bitmap Index Scan on k_5  (cost=0.00..5.42 rows=98 width=0)
	        Index Cond: ((k >= 6715060) AND (k <= 6715160))

table 6 : explain SELECT k, c FROM sbtest6 WHERE k BETWEEN 6715060 AND 6715160
	Bitmap Heap Scan on sbtest6  (cost=5.49..413.46 rows=103 width=125)
	  Recheck Cond: ((k >= 6715060) AND (k <= 6715160))
	  ->  Bitmap Index Scan on k_6  (cost=0.00..5.46 rows=103 width=0)
	        Index Cond: ((k >= 6715060) AND (k <= 6715160))

table 7 : explain SELECT k, c FROM sbtest7 WHERE k BETWEEN 6715060 AND 6715160
	Bitmap Heap Scan on sbtest7  (cost=5.50..417.60 rows=104 width=125)
	  Recheck Cond: ((k >= 6715060) AND (k <= 6715160))
	  ->  Bitmap Index Scan on k_7  (cost=0.00..5.47 rows=104 width=0)
	        Index Cond: ((k >= 6715060) AND (k <= 6715160))

table 8 : explain SELECT k, c FROM sbtest8 WHERE k BETWEEN 6715060 AND 6715160
	Bitmap Heap Scan on sbtest8  (cost=5.56..441.21 rows=110 width=125)
	  Recheck Cond: ((k >= 6715060) AND (k <= 6715160))
	  ->  Bitmap Index Scan on k_8  (cost=0.00..5.53 rows=110 width=0)
	        Index Cond: ((k >= 6715060) AND (k <= 6715160))

for range-notcovered
table 1 : explain SELECT k, c FROM sbtest1 WHERE k BETWEEN 3884400 AND 3884500
	Bitmap Heap Scan on sbtest1  (cost=5.53..429.26 rows=107 width=125)
	  Recheck Cond: ((k >= 3884400) AND (k <= 3884500))
	  ->  Bitmap Index Scan on k_1  (cost=0.00..5.50 rows=107 width=0)
	        Index Cond: ((k >= 3884400) AND (k <= 3884500))

table 2 : explain SELECT k, c FROM sbtest2 WHERE k BETWEEN 3884400 AND 3884500
	Bitmap Heap Scan on sbtest2  (cost=5.50..417.39 rows=104 width=125)
	  Recheck Cond: ((k >= 3884400) AND (k <= 3884500))
	  ->  Bitmap Index Scan on k_2  (cost=0.00..5.47 rows=104 width=0)
	        Index Cond: ((k >= 3884400) AND (k <= 3884500))

table 3 : explain SELECT k, c FROM sbtest3 WHERE k BETWEEN 3884400 AND 3884500
	Bitmap Heap Scan on sbtest3  (cost=5.54..433.26 rows=108 width=125)
	  Recheck Cond: ((k >= 3884400) AND (k <= 3884500))
	  ->  Bitmap Index Scan on k_3  (cost=0.00..5.51 rows=108 width=0)
	        Index Cond: ((k >= 3884400) AND (k <= 3884500))

table 4 : explain SELECT k, c FROM sbtest4 WHERE k BETWEEN 3884400 AND 3884500
	Bitmap Heap Scan on sbtest4  (cost=5.57..445.19 rows=111 width=125)
	  Recheck Cond: ((k >= 3884400) AND (k <= 3884500))
	  ->  Bitmap Index Scan on k_4  (cost=0.00..5.54 rows=111 width=0)
	        Index Cond: ((k >= 3884400) AND (k <= 3884500))

table 5 : explain SELECT k, c FROM sbtest5 WHERE k BETWEEN 3884400 AND 3884500
	Bitmap Heap Scan on sbtest5  (cost=5.36..362.08 rows=90 width=125)
	  Recheck Cond: ((k >= 3884400) AND (k <= 3884500))
	  ->  Bitmap Index Scan on k_5  (cost=0.00..5.33 rows=90 width=0)
	        Index Cond: ((k >= 3884400) AND (k <= 3884500))

table 6 : explain SELECT k, c FROM sbtest6 WHERE k BETWEEN 3884400 AND 3884500
	Bitmap Heap Scan on sbtest6  (cost=5.59..452.88 rows=113 width=125)
	  Recheck Cond: ((k >= 3884400) AND (k <= 3884500))
	  ->  Bitmap Index Scan on k_6  (cost=0.00..5.56 rows=113 width=0)
	        Index Cond: ((k >= 3884400) AND (k <= 3884500))

table 7 : explain SELECT k, c FROM sbtest7 WHERE k BETWEEN 3884400 AND 3884500
	Bitmap Heap Scan on sbtest7  (cost=5.53..429.44 rows=107 width=125)
	  Recheck Cond: ((k >= 3884400) AND (k <= 3884500))
	  ->  Bitmap Index Scan on k_7  (cost=0.00..5.50 rows=107 width=0)
	        Index Cond: ((k >= 3884400) AND (k <= 3884500))

table 8 : explain SELECT k, c FROM sbtest8 WHERE k BETWEEN 3884400 AND 3884500
	Bitmap Heap Scan on sbtest8  (cost=5.45..397.81 rows=99 width=125)
	  Recheck Cond: ((k >= 3884400) AND (k <= 3884500))
	  ->  Bitmap Index Scan on k_8  (cost=0.00..5.42 rows=99 width=0)
	        Index Cond: ((k >= 3884400) AND (k <= 3884500))

explain: for range-notcovered :: explain SELECT k, c FROM sbtest%d WHERE k BETWEEN 6715060 AND 6715160
explain: for range-notcovered :: explain SELECT k, c FROM sbtest%d WHERE k BETWEEN 3884400 AND 3884500
for range-notcovered
table 1 : explain SELECT k, c FROM sbtest1 WHERE k BETWEEN 5449994 AND 5450094
	Bitmap Heap Scan on sbtest1  (cost=5.51..421.37 rows=105 width=125)
	  Recheck Cond: ((k >= 5449994) AND (k <= 5450094))
	  ->  Bitmap Index Scan on k_1  (cost=0.00..5.48 rows=105 width=0)
	        Index Cond: ((k >= 5449994) AND (k <= 5450094))

table 2 : explain SELECT k, c FROM sbtest2 WHERE k BETWEEN 5449994 AND 5450094
	Bitmap Heap Scan on sbtest2  (cost=5.48..409.51 rows=102 width=125)
	  Recheck Cond: ((k >= 5449994) AND (k <= 5450094))
	  ->  Bitmap Index Scan on k_2  (cost=0.00..5.45 rows=102 width=0)
	        Index Cond: ((k >= 5449994) AND (k <= 5450094))

table 3 : explain SELECT k, c FROM sbtest3 WHERE k BETWEEN 5449994 AND 5450094
	Bitmap Heap Scan on sbtest3  (cost=5.45..397.76 rows=99 width=125)
	  Recheck Cond: ((k >= 5449994) AND (k <= 5450094))
	  ->  Bitmap Index Scan on k_3  (cost=0.00..5.42 rows=99 width=0)
	        Index Cond: ((k >= 5449994) AND (k <= 5450094))

table 4 : explain SELECT k, c FROM sbtest4 WHERE k BETWEEN 5449994 AND 5450094
	Bitmap Heap Scan on sbtest4  (cost=5.53..429.41 rows=107 width=125)
	  Recheck Cond: ((k >= 5449994) AND (k <= 5450094))
	  ->  Bitmap Index Scan on k_4  (cost=0.00..5.50 rows=107 width=0)
	        Index Cond: ((k >= 5449994) AND (k <= 5450094))

table 5 : explain SELECT k, c FROM sbtest5 WHERE k BETWEEN 5449994 AND 5450094
	Bitmap Heap Scan on sbtest5  (cost=5.45..397.59 rows=99 width=125)
	  Recheck Cond: ((k >= 5449994) AND (k <= 5450094))
	  ->  Bitmap Index Scan on k_5  (cost=0.00..5.42 rows=99 width=0)
	        Index Cond: ((k >= 5449994) AND (k <= 5450094))

table 6 : explain SELECT k, c FROM sbtest6 WHERE k BETWEEN 5449994 AND 5450094
	Bitmap Heap Scan on sbtest6  (cost=5.50..417.41 rows=104 width=125)
	  Recheck Cond: ((k >= 5449994) AND (k <= 5450094))
	  ->  Bitmap Index Scan on k_6  (cost=0.00..5.47 rows=104 width=0)
	        Index Cond: ((k >= 5449994) AND (k <= 5450094))

table 7 : explain SELECT k, c FROM sbtest7 WHERE k BETWEEN 5449994 AND 5450094
	Bitmap Heap Scan on sbtest7  (cost=5.43..389.96 rows=97 width=125)
	  Recheck Cond: ((k >= 5449994) AND (k <= 5450094))
	  ->  Bitmap Index Scan on k_7  (cost=0.00..5.40 rows=97 width=0)
	        Index Cond: ((k >= 5449994) AND (k <= 5450094))

table 8 : explain SELECT k, c FROM sbtest8 WHERE k BETWEEN 5449994 AND 5450094
	Bitmap Heap Scan on sbtest8  (cost=5.39..374.12 rows=93 width=125)
	  Recheck Cond: ((k >= 5449994) AND (k <= 5450094))
	  ->  Bitmap Index Scan on k_8  (cost=0.00..5.36 rows=93 width=0)
	        Index Cond: ((k >= 5449994) AND (k <= 5450094))

for range-notcovered
table 1 : explain SELECT k, c FROM sbtest1 WHERE k BETWEEN 5219904 AND 5220004
	Bitmap Heap Scan on sbtest1  (cost=5.42..385.86 rows=96 width=125)
	  Recheck Cond: ((k >= 5219904) AND (k <= 5220004))
	  ->  Bitmap Index Scan on k_1  (cost=0.00..5.39 rows=96 width=0)
	        Index Cond: ((k >= 5219904) AND (k <= 5220004))

table 2 : explain SELECT k, c FROM sbtest2 WHERE k BETWEEN 5219904 AND 5220004
	Bitmap Heap Scan on sbtest2  (cost=5.45..397.67 rows=99 width=125)
	  Recheck Cond: ((k >= 5219904) AND (k <= 5220004))
	  ->  Bitmap Index Scan on k_2  (cost=0.00..5.42 rows=99 width=0)
	        Index Cond: ((k >= 5219904) AND (k <= 5220004))

table 3 : explain SELECT k, c FROM sbtest3 WHERE k BETWEEN 5219904 AND 5220004
	Bitmap Heap Scan on sbtest3  (cost=5.41..381.97 rows=95 width=125)
	  Recheck Cond: ((k >= 5219904) AND (k <= 5220004))
	  ->  Bitmap Index Scan on k_3  (cost=0.00..5.38 rows=95 width=0)
	        Index Cond: ((k >= 5219904) AND (k <= 5220004))

table 4 : explain SELECT k, c FROM sbtest4 WHERE k BETWEEN 5219904 AND 5220004
	Bitmap Heap Scan on sbtest4  (cost=5.39..374.15 rows=93 width=125)
	  Recheck Cond: ((k >= 5219904) AND (k <= 5220004))
	  ->  Bitmap Index Scan on k_4  (cost=0.00..5.36 rows=93 width=0)
	        Index Cond: ((k >= 5219904) AND (k <= 5220004))

table 5 : explain SELECT k, c FROM sbtest5 WHERE k BETWEEN 5219904 AND 5220004
	Bitmap Heap Scan on sbtest5  (cost=5.45..397.59 rows=99 width=125)
	  Recheck Cond: ((k >= 5219904) AND (k <= 5220004))
	  ->  Bitmap Index Scan on k_5  (cost=0.00..5.42 rows=99 width=0)
	        Index Cond: ((k >= 5219904) AND (k <= 5220004))

table 6 : explain SELECT k, c FROM sbtest6 WHERE k BETWEEN 5219904 AND 5220004
	Bitmap Heap Scan on sbtest6  (cost=5.50..417.41 rows=104 width=125)
	  Recheck Cond: ((k >= 5219904) AND (k <= 5220004))
	  ->  Bitmap Index Scan on k_6  (cost=0.00..5.47 rows=104 width=0)
	        Index Cond: ((k >= 5219904) AND (k <= 5220004))

table 7 : explain SELECT k, c FROM sbtest7 WHERE k BETWEEN 5219904 AND 5220004
	Bitmap Heap Scan on sbtest7  (cost=5.48..409.70 rows=102 width=125)
	  Recheck Cond: ((k >= 5219904) AND (k <= 5220004))
	  ->  Bitmap Index Scan on k_7  (cost=0.00..5.45 rows=102 width=0)
	        Index Cond: ((k >= 5219904) AND (k <= 5220004))

table 8 : explain SELECT k, c FROM sbtest8 WHERE k BETWEEN 5219904 AND 5220004
	Bitmap Heap Scan on sbtest8  (cost=5.45..397.81 rows=99 width=125)
	  Recheck Cond: ((k >= 5219904) AND (k <= 5220004))
	  ->  Bitmap Index Scan on k_8  (cost=0.00..5.42 rows=99 width=0)
	        Index Cond: ((k >= 5219904) AND (k <= 5220004))

for range-notcovered
table 1 : explain SELECT k, c FROM sbtest1 WHERE k BETWEEN 7475603 AND 7475703
	Bitmap Heap Scan on sbtest1  (cost=5.41..381.91 rows=95 width=125)
	  Recheck Cond: ((k >= 7475603) AND (k <= 7475703))
	  ->  Bitmap Index Scan on k_1  (cost=0.00..5.38 rows=95 width=0)
	        Index Cond: ((k >= 7475603) AND (k <= 7475703))

table 2 : explain SELECT k, c FROM sbtest2 WHERE k BETWEEN 7475603 AND 7475703
	Bitmap Heap Scan on sbtest2  (cost=5.42..385.83 rows=96 width=125)
	  Recheck Cond: ((k >= 7475603) AND (k <= 7475703))
	  ->  Bitmap Index Scan on k_2  (cost=0.00..5.39 rows=96 width=0)
	        Index Cond: ((k >= 7475603) AND (k <= 7475703))

table 3 : explain SELECT k, c FROM sbtest3 WHERE k BETWEEN 7475603 AND 7475703
	Bitmap Heap Scan on sbtest3  (cost=5.56..441.15 rows=110 width=125)
	  Recheck Cond: ((k >= 7475603) AND (k <= 7475703))
	  ->  Bitmap Index Scan on k_3  (cost=0.00..5.53 rows=110 width=0)
	        Index Cond: ((k >= 7475603) AND (k <= 7475703))

table 4 : explain SELECT k, c FROM sbtest4 WHERE k BETWEEN 7475603 AND 7475703
	Bitmap Heap Scan on sbtest4  (cost=5.53..429.41 rows=107 width=125)
	  Recheck Cond: ((k >= 7475603) AND (k <= 7475703))
	  ->  Bitmap Index Scan on k_4  (cost=0.00..5.50 rows=107 width=0)
	        Index Cond: ((k >= 7475603) AND (k <= 7475703))

table 5 : explain SELECT k, c FROM sbtest5 WHERE k BETWEEN 7475603 AND 7475703
	Bitmap Heap Scan on sbtest5  (cost=5.52..425.19 rows=106 width=125)
	  Recheck Cond: ((k >= 7475603) AND (k <= 7475703))
	  ->  Bitmap Index Scan on k_5  (cost=0.00..5.50 rows=106 width=0)
	        Index Cond: ((k >= 7475603) AND (k <= 7475703))

table 6 : explain SELECT k, c FROM sbtest6 WHERE k BETWEEN 7475603 AND 7475703
	Bitmap Heap Scan on sbtest6  (cost=5.48..409.52 rows=102 width=125)
	  Recheck Cond: ((k >= 7475603) AND (k <= 7475703))
	  ->  Bitmap Index Scan on k_6  (cost=0.00..5.45 rows=102 width=0)
	        Index Cond: ((k >= 7475603) AND (k <= 7475703))

table 7 : explain SELECT k, c FROM sbtest7 WHERE k BETWEEN 7475603 AND 7475703
	Bitmap Heap Scan on sbtest7  (cost=5.62..464.93 rows=116 width=125)
	  Recheck Cond: ((k >= 7475603) AND (k <= 7475703))
	  ->  Bitmap Index Scan on k_7  (cost=0.00..5.59 rows=116 width=0)
	        Index Cond: ((k >= 7475603) AND (k <= 7475703))

table 8 : explain SELECT k, c FROM sbtest8 WHERE k BETWEEN 7475603 AND 7475703
	Bitmap Heap Scan on sbtest8  (cost=5.43..389.91 rows=97 width=125)
	  Recheck Cond: ((k >= 7475603) AND (k <= 7475703))
	  ->  Bitmap Index Scan on k_8  (cost=0.00..5.40 rows=97 width=0)
	        Index Cond: ((k >= 7475603) AND (k <= 7475703))

for range-notcovered
table 1 : explain SELECT k, c FROM sbtest1 WHERE k BETWEEN 5803081 AND 5803181
	Bitmap Heap Scan on sbtest1  (cost=5.45..397.70 rows=99 width=125)
	  Recheck Cond: ((k >= 5803081) AND (k <= 5803181))
	  ->  Bitmap Index Scan on k_1  (cost=0.00..5.42 rows=99 width=0)
	        Index Cond: ((k >= 5803081) AND (k <= 5803181))

table 2 : explain SELECT k, c FROM sbtest2 WHERE k BETWEEN 5803081 AND 5803181
	Bitmap Heap Scan on sbtest2  (cost=5.61..460.75 rows=115 width=125)
	  Recheck Cond: ((k >= 5803081) AND (k <= 5803181))
	  ->  Bitmap Index Scan on k_2  (cost=0.00..5.58 rows=115 width=0)
	        Index Cond: ((k >= 5803081) AND (k <= 5803181))

table 3 : explain SELECT k, c FROM sbtest3 WHERE k BETWEEN 5803081 AND 5803181
	Bitmap Heap Scan on sbtest3  (cost=5.65..476.62 rows=119 width=125)
	  Recheck Cond: ((k >= 5803081) AND (k <= 5803181))
	  ->  Bitmap Index Scan on k_3  (cost=0.00..5.62 rows=119 width=0)
	        Index Cond: ((k >= 5803081) AND (k <= 5803181))

table 4 : explain SELECT k, c FROM sbtest4 WHERE k BETWEEN 5803081 AND 5803181
	Bitmap Heap Scan on sbtest4  (cost=5.46..401.79 rows=100 width=125)
	  Recheck Cond: ((k >= 5803081) AND (k <= 5803181))
	  ->  Bitmap Index Scan on k_4  (cost=0.00..5.43 rows=100 width=0)
	        Index Cond: ((k >= 5803081) AND (k <= 5803181))

table 5 : explain SELECT k, c FROM sbtest5 WHERE k BETWEEN 5803081 AND 5803181
	Bitmap Heap Scan on sbtest5  (cost=5.43..389.70 rows=97 width=125)
	  Recheck Cond: ((k >= 5803081) AND (k <= 5803181))
	  ->  Bitmap Index Scan on k_5  (cost=0.00..5.40 rows=97 width=0)
	        Index Cond: ((k >= 5803081) AND (k <= 5803181))

table 6 : explain SELECT k, c FROM sbtest6 WHERE k BETWEEN 5803081 AND 5803181
	Bitmap Heap Scan on sbtest6  (cost=5.46..401.63 rows=100 width=125)
	  Recheck Cond: ((k >= 5803081) AND (k <= 5803181))
	  ->  Bitmap Index Scan on k_6  (cost=0.00..5.43 rows=100 width=0)
	        Index Cond: ((k >= 5803081) AND (k <= 5803181))

table 7 : explain SELECT k, c FROM sbtest7 WHERE k BETWEEN 5803081 AND 5803181
	Bitmap Heap Scan on sbtest7  (cost=5.40..378.11 rows=94 width=125)
	  Recheck Cond: ((k >= 5803081) AND (k <= 5803181))
	  ->  Bitmap Index Scan on k_7  (cost=0.00..5.38 rows=94 width=0)
	        Index Cond: ((k >= 5803081) AND (k <= 5803181))

table 8 : explain SELECT k, c FROM sbtest8 WHERE k BETWEEN 5803081 AND 5803181
	Bitmap Heap Scan on sbtest8  (cost=5.49..413.60 rows=103 width=125)
	  Recheck Cond: ((k >= 5803081) AND (k <= 5803181))
	  ->  Bitmap Index Scan on k_8  (cost=0.00..5.46 rows=103 width=0)
	        Index Cond: ((k >= 5803081) AND (k <= 5803181))

explain: for range-notcovered :: explain SELECT k, c FROM sbtest%d WHERE k BETWEEN 5219904 AND 5220004
for range-notcovered
table 1 : explain SELECT k, c FROM sbtest1 WHERE k BETWEEN 4708187 AND 4708287
	Bitmap Heap Scan on sbtest1  (cost=5.42..385.86 rows=96 width=125)
	  Recheck Cond: ((k >= 4708187) AND (k <= 4708287))
	  ->  Bitmap Index Scan on k_1  (cost=0.00..5.39 rows=96 width=0)
	        Index Cond: ((k >= 4708187) AND (k <= 4708287))

table 2 : explain SELECT k, c FROM sbtest2 WHERE k BETWEEN 4708187 AND 4708287
	Bitmap Heap Scan on sbtest2  (cost=5.46..401.62 rows=100 width=125)
	  Recheck Cond: ((k >= 4708187) AND (k <= 4708287))
	  ->  Bitmap Index Scan on k_2  (cost=0.00..5.43 rows=100 width=0)
	        Index Cond: ((k >= 4708187) AND (k <= 4708287))

table 3 : explain SELECT k, c FROM sbtest3 WHERE k BETWEEN 4708187 AND 4708287
	Bitmap Heap Scan on sbtest3  (cost=5.48..409.59 rows=102 width=125)
	  Recheck Cond: ((k >= 4708187) AND (k <= 4708287))
	  ->  Bitmap Index Scan on k_3  (cost=0.00..5.45 rows=102 width=0)
	        Index Cond: ((k >= 4708187) AND (k <= 4708287))

table 4 : explain SELECT k, c FROM sbtest4 WHERE k BETWEEN 4708187 AND 4708287
	Bitmap Heap Scan on sbtest4  (cost=5.48..409.68 rows=102 width=125)
	  Recheck Cond: ((k >= 4708187) AND (k <= 4708287))
	  ->  Bitmap Index Scan on k_4  (cost=0.00..5.45 rows=102 width=0)
	        Index Cond: ((k >= 4708187) AND (k <= 4708287))

table 5 : explain SELECT k, c FROM sbtest5 WHERE k BETWEEN 4708187 AND 4708287
	Bitmap Heap Scan on sbtest5  (cost=5.50..417.31 rows=104 width=125)
	  Recheck Cond: ((k >= 4708187) AND (k <= 4708287))
	  ->  Bitmap Index Scan on k_5  (cost=0.00..5.47 rows=104 width=0)
	        Index Cond: ((k >= 4708187) AND (k <= 4708287))

table 6 : explain SELECT k, c FROM sbtest6 WHERE k BETWEEN 4708187 AND 4708287
	Bitmap Heap Scan on sbtest6  (cost=5.57..445.00 rows=111 width=125)
	  Recheck Cond: ((k >= 4708187) AND (k <= 4708287))
	  ->  Bitmap Index Scan on k_6  (cost=0.00..5.54 rows=111 width=0)
	        Index Cond: ((k >= 4708187) AND (k <= 4708287))

table 7 : explain SELECT k, c FROM sbtest7 WHERE k BETWEEN 4708187 AND 4708287
	Bitmap Heap Scan on sbtest7  (cost=5.51..421.54 rows=105 width=125)
	  Recheck Cond: ((k >= 4708187) AND (k <= 4708287))
	  ->  Bitmap Index Scan on k_7  (cost=0.00..5.48 rows=105 width=0)
	        Index Cond: ((k >= 4708187) AND (k <= 4708287))

table 8 : explain SELECT k, c FROM sbtest8 WHERE k BETWEEN 4708187 AND 4708287
	Bitmap Heap Scan on sbtest8  (cost=5.51..421.49 rows=105 width=125)
	  Recheck Cond: ((k >= 4708187) AND (k <= 4708287))
	  ->  Bitmap Index Scan on k_8  (cost=0.00..5.48 rows=105 width=0)
	        Index Cond: ((k >= 4708187) AND (k <= 4708287))

explain: for range-notcovered :: explain SELECT k, c FROM sbtest%d WHERE k BETWEEN 5803081 AND 5803181
explain: for range-notcovered :: explain SELECT k, c FROM sbtest%d WHERE k BETWEEN 4708187 AND 4708287
explain: for range-notcovered :: explain SELECT k, c FROM sbtest%d WHERE k BETWEEN 5449994 AND 5450094
for range-notcovered
table 1 : explain SELECT k, c FROM sbtest1 WHERE k BETWEEN 4761943 AND 4762043
	Bitmap Heap Scan on sbtest1  (cost=5.42..385.86 rows=96 width=125)
	  Recheck Cond: ((k >= 4761943) AND (k <= 4762043))
	  ->  Bitmap Index Scan on k_1  (cost=0.00..5.39 rows=96 width=0)
	        Index Cond: ((k >= 4761943) AND (k <= 4762043))

table 2 : explain SELECT k, c FROM sbtest2 WHERE k BETWEEN 4761943 AND 4762043
	Bitmap Heap Scan on sbtest2  (cost=5.48..409.51 rows=102 width=125)
	  Recheck Cond: ((k >= 4761943) AND (k <= 4762043))
	  ->  Bitmap Index Scan on k_2  (cost=0.00..5.45 rows=102 width=0)
	        Index Cond: ((k >= 4761943) AND (k <= 4762043))

table 3 : explain SELECT k, c FROM sbtest3 WHERE k BETWEEN 4761943 AND 4762043
	Bitmap Heap Scan on sbtest3  (cost=5.48..409.59 rows=102 width=125)
	  Recheck Cond: ((k >= 4761943) AND (k <= 4762043))
	  ->  Bitmap Index Scan on k_3  (cost=0.00..5.45 rows=102 width=0)
	        Index Cond: ((k >= 4761943) AND (k <= 4762043))

table 4 : explain SELECT k, c FROM sbtest4 WHERE k BETWEEN 4761943 AND 4762043
	Bitmap Heap Scan on sbtest4  (cost=5.48..409.68 rows=102 width=125)
	  Recheck Cond: ((k >= 4761943) AND (k <= 4762043))
	  ->  Bitmap Index Scan on k_4  (cost=0.00..5.45 rows=102 width=0)
	        Index Cond: ((k >= 4761943) AND (k <= 4762043))

table 5 : explain SELECT k, c FROM sbtest5 WHERE k BETWEEN 4761943 AND 4762043
	Bitmap Heap Scan on sbtest5  (cost=5.67..480.34 rows=120 width=125)
	  Recheck Cond: ((k >= 4761943) AND (k <= 4762043))
	  ->  Bitmap Index Scan on k_5  (cost=0.00..5.63 rows=120 width=0)
	        Index Cond: ((k >= 4761943) AND (k <= 4762043))

table 6 : explain SELECT k, c FROM sbtest6 WHERE k BETWEEN 4761943 AND 4762043
	Bitmap Heap Scan on sbtest6  (cost=5.57..445.00 rows=111 width=125)
	  Recheck Cond: ((k >= 4761943) AND (k <= 4762043))
	  ->  Bitmap Index Scan on k_6  (cost=0.00..5.54 rows=111 width=0)
	        Index Cond: ((k >= 4761943) AND (k <= 4762043))

table 7 : explain SELECT k, c FROM sbtest7 WHERE k BETWEEN 4761943 AND 4762043
	Bitmap Heap Scan on sbtest7  (cost=5.51..421.54 rows=105 width=125)
	  Recheck Cond: ((k >= 4761943) AND (k <= 4762043))
	  ->  Bitmap Index Scan on k_7  (cost=0.00..5.48 rows=105 width=0)
	        Index Cond: ((k >= 4761943) AND (k <= 4762043))

table 8 : explain SELECT k, c FROM sbtest8 WHERE k BETWEEN 4761943 AND 4762043
	Bitmap Heap Scan on sbtest8  (cost=5.51..421.49 rows=105 width=125)
	  Recheck Cond: ((k >= 4761943) AND (k <= 4762043))
	  ->  Bitmap Index Scan on k_8  (cost=0.00..5.48 rows=105 width=0)
	        Index Cond: ((k >= 4761943) AND (k <= 4762043))

explain: for range-notcovered :: explain SELECT k, c FROM sbtest%d WHERE k BETWEEN 8328877 AND 8328977
explain: for range-notcovered :: explain SELECT k, c FROM sbtest%d WHERE k BETWEEN 7475603 AND 7475703
explain: for range-notcovered :: explain SELECT k, c FROM sbtest%d WHERE k BETWEEN 4761943 AND 4762043
for range-notcovered
table 1 : explain SELECT k, c FROM sbtest1 WHERE k BETWEEN 6715060 AND 6715160
	Bitmap Heap Scan on sbtest1  (cost=5.43..389.81 rows=97 width=125)
	  Recheck Cond: ((k >= 6715060) AND (k <= 6715160))
	  ->  Bitmap Index Scan on k_1  (cost=0.00..5.40 rows=97 width=0)
	        Index Cond: ((k >= 6715060) AND (k <= 6715160))

table 2 : explain SELECT k, c FROM sbtest2 WHERE k BETWEEN 6715060 AND 6715160
	Bitmap Heap Scan on sbtest2  (cost=5.52..425.28 rows=106 width=125)
	  Recheck Cond: ((k >= 6715060) AND (k <= 6715160))
	  ->  Bitmap Index Scan on k_2  (cost=0.00..5.50 rows=106 width=0)
	        Index Cond: ((k >= 6715060) AND (k <= 6715160))

table 3 : explain SELECT k, c FROM sbtest3 WHERE k BETWEEN 6715060 AND 6715160
	Bitmap Heap Scan on sbtest3  (cost=5.55..437.20 rows=109 width=125)
	  Recheck Cond: ((k >= 6715060) AND (k <= 6715160))
	  ->  Bitmap Index Scan on k_3  (cost=0.00..5.52 rows=109 width=0)
	        Index Cond: ((k >= 6715060) AND (k <= 6715160))

table 4 : explain SELECT k, c FROM sbtest4 WHERE k BETWEEN 6715060 AND 6715160
	Bitmap Heap Scan on sbtest4  (cost=5.44..393.89 rows=98 width=125)
	  Recheck Cond: ((k >= 6715060) AND (k <= 6715160))
	  ->  Bitmap Index Scan on k_4  (cost=0.00..5.42 rows=98 width=0)
	        Index Cond: ((k >= 6715060) AND (k <= 6715160))

table 5 : explain SELECT k, c FROM sbtest5 WHERE k BETWEEN 6715060 AND 6715160
	Bitmap Heap Scan on sbtest5  (cost=5.44..393.65 rows=98 width=125)
	  Recheck Cond: ((k >= 6715060) AND (k <= 6715160))
	  ->  Bitmap Index Scan on k_5  (cost=0.00..5.42 rows=98 width=0)
	        Index Cond: ((k >= 6715060) AND (k <= 6715160))

table 6 : explain SELECT k, c FROM sbtest6 WHERE k BETWEEN 6715060 AND 6715160
	Bitmap Heap Scan on sbtest6  (cost=5.49..413.46 rows=103 width=125)
	  Recheck Cond: ((k >= 6715060) AND (k <= 6715160))
	  ->  Bitmap Index Scan on k_6  (cost=0.00..5.46 rows=103 width=0)
	        Index Cond: ((k >= 6715060) AND (k <= 6715160))

table 7 : explain SELECT k, c FROM sbtest7 WHERE k BETWEEN 6715060 AND 6715160
	Bitmap Heap Scan on sbtest7  (cost=5.50..417.60 rows=104 width=125)
	  Recheck Cond: ((k >= 6715060) AND (k <= 6715160))
	  ->  Bitmap Index Scan on k_7  (cost=0.00..5.47 rows=104 width=0)
	        Index Cond: ((k >= 6715060) AND (k <= 6715160))

table 8 : explain SELECT k, c FROM sbtest8 WHERE k BETWEEN 6715060 AND 6715160
	Bitmap Heap Scan on sbtest8  (cost=5.56..441.21 rows=110 width=125)
	  Recheck Cond: ((k >= 6715060) AND (k <= 6715160))
	  ->  Bitmap Index Scan on k_8  (cost=0.00..5.53 rows=110 width=0)
	        Index Cond: ((k >= 6715060) AND (k <= 6715160))

for range-notcovered
table 1 : explain SELECT k, c FROM sbtest1 WHERE k BETWEEN 2901047 AND 2901147
	Bitmap Heap Scan on sbtest1  (cost=5.49..413.48 rows=103 width=125)
	  Recheck Cond: ((k >= 2901047) AND (k <= 2901147))
	  ->  Bitmap Index Scan on k_1  (cost=0.00..5.46 rows=103 width=0)
	        Index Cond: ((k >= 2901047) AND (k <= 2901147))

table 2 : explain SELECT k, c FROM sbtest2 WHERE k BETWEEN 2901047 AND 2901147
	Bitmap Heap Scan on sbtest2  (cost=5.37..366.09 rows=91 width=125)
	  Recheck Cond: ((k >= 2901047) AND (k <= 2901147))
	  ->  Bitmap Index Scan on k_2  (cost=0.00..5.34 rows=91 width=0)
	        Index Cond: ((k >= 2901047) AND (k <= 2901147))

table 3 : explain SELECT k, c FROM sbtest3 WHERE k BETWEEN 2901047 AND 2901147
	Bitmap Heap Scan on sbtest3  (cost=5.41..381.97 rows=95 width=125)
	  Recheck Cond: ((k >= 2901047) AND (k <= 2901147))
	  ->  Bitmap Index Scan on k_3  (cost=0.00..5.38 rows=95 width=0)
	        Index Cond: ((k >= 2901047) AND (k <= 2901147))

table 4 : explain SELECT k, c FROM sbtest4 WHERE k BETWEEN 2901047 AND 2901147
	Bitmap Heap Scan on sbtest4  (cost=5.48..409.68 rows=102 width=125)
	  Recheck Cond: ((k >= 2901047) AND (k <= 2901147))
	  ->  Bitmap Index Scan on k_4  (cost=0.00..5.45 rows=102 width=0)
	        Index Cond: ((k >= 2901047) AND (k <= 2901147))

table 5 : explain SELECT k, c FROM sbtest5 WHERE k BETWEEN 2901047 AND 2901147
	Bitmap Heap Scan on sbtest5  (cost=5.39..373.92 rows=93 width=125)
	  Recheck Cond: ((k >= 2901047) AND (k <= 2901147))
	  ->  Bitmap Index Scan on k_5  (cost=0.00..5.36 rows=93 width=0)
	        Index Cond: ((k >= 2901047) AND (k <= 2901147))

table 6 : explain SELECT k, c FROM sbtest6 WHERE k BETWEEN 2901047 AND 2901147
	Bitmap Heap Scan on sbtest6  (cost=5.37..366.10 rows=91 width=125)
	  Recheck Cond: ((k >= 2901047) AND (k <= 2901147))
	  ->  Bitmap Index Scan on k_6  (cost=0.00..5.34 rows=91 width=0)
	        Index Cond: ((k >= 2901047) AND (k <= 2901147))

table 7 : explain SELECT k, c FROM sbtest7 WHERE k BETWEEN 2901047 AND 2901147
	Bitmap Heap Scan on sbtest7  (cost=5.42..386.01 rows=96 width=125)
	  Recheck Cond: ((k >= 2901047) AND (k <= 2901147))
	  ->  Bitmap Index Scan on k_7  (cost=0.00..5.39 rows=96 width=0)
	        Index Cond: ((k >= 2901047) AND (k <= 2901147))

table 8 : explain SELECT k, c FROM sbtest8 WHERE k BETWEEN 2901047 AND 2901147
	Bitmap Heap Scan on sbtest8  (cost=5.50..417.54 rows=104 width=125)
	  Recheck Cond: ((k >= 2901047) AND (k <= 2901147))
	  ->  Bitmap Index Scan on k_8  (cost=0.00..5.47 rows=104 width=0)
	        Index Cond: ((k >= 2901047) AND (k <= 2901147))
for range-notcovered
table 1 : explain SELECT k, c FROM sbtest1 WHERE k BETWEEN 3884400 AND 3884500
	Bitmap Heap Scan on sbtest1  (cost=5.53..429.26 rows=107 width=125)
	  Recheck Cond: ((k >= 3884400) AND (k <= 3884500))
	  ->  Bitmap Index Scan on k_1  (cost=0.00..5.50 rows=107 width=0)
	        Index Cond: ((k >= 3884400) AND (k <= 3884500))

table 2 : explain SELECT k, c FROM sbtest2 WHERE k BETWEEN 3884400 AND 3884500
	Bitmap Heap Scan on sbtest2  (cost=5.50..417.39 rows=104 width=125)
	  Recheck Cond: ((k >= 3884400) AND (k <= 3884500))
	  ->  Bitmap Index Scan on k_2  (cost=0.00..5.47 rows=104 width=0)
	        Index Cond: ((k >= 3884400) AND (k <= 3884500))

table 3 : explain SELECT k, c FROM sbtest3 WHERE k BETWEEN 3884400 AND 3884500
	Bitmap Heap Scan on sbtest3  (cost=5.54..433.26 rows=108 width=125)
	  Recheck Cond: ((k >= 3884400) AND (k <= 3884500))
	  ->  Bitmap Index Scan on k_3  (cost=0.00..5.51 rows=108 width=0)
	        Index Cond: ((k >= 3884400) AND (k <= 3884500))

table 4 : explain SELECT k, c FROM sbtest4 WHERE k BETWEEN 3884400 AND 3884500
	Bitmap Heap Scan on sbtest4  (cost=5.57..445.19 rows=111 width=125)
	  Recheck Cond: ((k >= 3884400) AND (k <= 3884500))
	  ->  Bitmap Index Scan on k_4  (cost=0.00..5.54 rows=111 width=0)
	        Index Cond: ((k >= 3884400) AND (k <= 3884500))

table 5 : explain SELECT k, c FROM sbtest5 WHERE k BETWEEN 3884400 AND 3884500
	Bitmap Heap Scan on sbtest5  (cost=5.36..362.08 rows=90 width=125)
	  Recheck Cond: ((k >= 3884400) AND (k <= 3884500))
	  ->  Bitmap Index Scan on k_5  (cost=0.00..5.33 rows=90 width=0)
	        Index Cond: ((k >= 3884400) AND (k <= 3884500))

table 6 : explain SELECT k, c FROM sbtest6 WHERE k BETWEEN 3884400 AND 3884500
	Bitmap Heap Scan on sbtest6  (cost=5.59..452.88 rows=113 width=125)
	  Recheck Cond: ((k >= 3884400) AND (k <= 3884500))
	  ->  Bitmap Index Scan on k_6  (cost=0.00..5.56 rows=113 width=0)
	        Index Cond: ((k >= 3884400) AND (k <= 3884500))

table 7 : explain SELECT k, c FROM sbtest7 WHERE k BETWEEN 3884400 AND 3884500
	Bitmap Heap Scan on sbtest7  (cost=5.53..429.44 rows=107 width=125)
	  Recheck Cond: ((k >= 3884400) AND (k <= 3884500))
	  ->  Bitmap Index Scan on k_7  (cost=0.00..5.50 rows=107 width=0)
	        Index Cond: ((k >= 3884400) AND (k <= 3884500))

table 8 : explain SELECT k, c FROM sbtest8 WHERE k BETWEEN 3884400 AND 3884500
	Bitmap Heap Scan on sbtest8  (cost=5.45..397.81 rows=99 width=125)
	  Recheck Cond: ((k >= 3884400) AND (k <= 3884500))
	  ->  Bitmap Index Scan on k_8  (cost=0.00..5.42 rows=99 width=0)
	        Index Cond: ((k >= 3884400) AND (k <= 3884500))

for range-notcovered
table 1 : explain SELECT k, c FROM sbtest1 WHERE k BETWEEN 8064513 AND 8064613
	Bitmap Heap Scan on sbtest1  (cost=5.59..452.91 rows=113 width=125)
	  Recheck Cond: ((k >= 8064513) AND (k <= 8064613))
	  ->  Bitmap Index Scan on k_1  (cost=0.00..5.56 rows=113 width=0)
	        Index Cond: ((k >= 8064513) AND (k <= 8064613))

table 2 : explain SELECT k, c FROM sbtest2 WHERE k BETWEEN 8064513 AND 8064613
	Bitmap Heap Scan on sbtest2  (cost=5.51..421.34 rows=105 width=125)
	  Recheck Cond: ((k >= 8064513) AND (k <= 8064613))
	  ->  Bitmap Index Scan on k_2  (cost=0.00..5.48 rows=105 width=0)
	        Index Cond: ((k >= 8064513) AND (k <= 8064613))

table 3 : explain SELECT k, c FROM sbtest3 WHERE k BETWEEN 8064513 AND 8064613
	Bitmap Heap Scan on sbtest3  (cost=5.36..362.22 rows=90 width=125)
	  Recheck Cond: ((k >= 8064513) AND (k <= 8064613))
	  ->  Bitmap Index Scan on k_3  (cost=0.00..5.33 rows=90 width=0)
	        Index Cond: ((k >= 8064513) AND (k <= 8064613))

table 4 : explain SELECT k, c FROM sbtest4 WHERE k BETWEEN 8064513 AND 8064613
	Bitmap Heap Scan on sbtest4  (cost=5.53..429.41 rows=107 width=125)
	  Recheck Cond: ((k >= 8064513) AND (k <= 8064613))
	  ->  Bitmap Index Scan on k_4  (cost=0.00..5.50 rows=107 width=0)
	        Index Cond: ((k >= 8064513) AND (k <= 8064613))

table 5 : explain SELECT k, c FROM sbtest5 WHERE k BETWEEN 8064513 AND 8064613
	Bitmap Heap Scan on sbtest5  (cost=5.48..409.43 rows=102 width=125)
	  Recheck Cond: ((k >= 8064513) AND (k <= 8064613))
	  ->  Bitmap Index Scan on k_5  (cost=0.00..5.45 rows=102 width=0)
	        Index Cond: ((k >= 8064513) AND (k <= 8064613))

table 6 : explain SELECT k, c FROM sbtest6 WHERE k BETWEEN 8064513 AND 8064613
	Bitmap Heap Scan on sbtest6  (cost=5.49..413.46 rows=103 width=125)
	  Recheck Cond: ((k >= 8064513) AND (k <= 8064613))
	  ->  Bitmap Index Scan on k_6  (cost=0.00..5.46 rows=103 width=0)
	        Index Cond: ((k >= 8064513) AND (k <= 8064613))

table 7 : explain SELECT k, c FROM sbtest7 WHERE k BETWEEN 8064513 AND 8064613
	Bitmap Heap Scan on sbtest7  (cost=5.57..445.21 rows=111 width=125)
	  Recheck Cond: ((k >= 8064513) AND (k <= 8064613))
	  ->  Bitmap Index Scan on k_7  (cost=0.00..5.54 rows=111 width=0)
	        Index Cond: ((k >= 8064513) AND (k <= 8064613))

table 8 : explain SELECT k, c FROM sbtest8 WHERE k BETWEEN 8064513 AND 8064613
	Bitmap Heap Scan on sbtest8  (cost=5.46..401.76 rows=100 width=125)
	  Recheck Cond: ((k >= 8064513) AND (k <= 8064613))
	  ->  Bitmap Index Scan on k_8  (cost=0.00..5.43 rows=100 width=0)
	        Index Cond: ((k >= 8064513) AND (k <= 8064613))

for range-notcovered
table 1 : explain SELECT k, c FROM sbtest1 WHERE k BETWEEN 5510090 AND 5510190
	Bitmap Heap Scan on sbtest1  (cost=5.47..405.59 rows=101 width=125)
	  Recheck Cond: ((k >= 5510090) AND (k <= 5510190))
	  ->  Bitmap Index Scan on k_1  (cost=0.00..5.44 rows=101 width=0)
	        Index Cond: ((k >= 5510090) AND (k <= 5510190))

table 2 : explain SELECT k, c FROM sbtest2 WHERE k BETWEEN 5510090 AND 5510190
	Bitmap Heap Scan on sbtest2  (cost=5.48..409.51 rows=102 width=125)
	  Recheck Cond: ((k >= 5510090) AND (k <= 5510190))
	  ->  Bitmap Index Scan on k_2  (cost=0.00..5.45 rows=102 width=0)
	        Index Cond: ((k >= 5510090) AND (k <= 5510190))

table 3 : explain SELECT k, c FROM sbtest3 WHERE k BETWEEN 5510090 AND 5510190
	Bitmap Heap Scan on sbtest3  (cost=5.58..449.03 rows=112 width=125)
	  Recheck Cond: ((k >= 5510090) AND (k <= 5510190))
	  ->  Bitmap Index Scan on k_3  (cost=0.00..5.55 rows=112 width=0)
	        Index Cond: ((k >= 5510090) AND (k <= 5510190))

table 4 : explain SELECT k, c FROM sbtest4 WHERE k BETWEEN 5510090 AND 5510190
	Bitmap Heap Scan on sbtest4  (cost=5.53..429.41 rows=107 width=125)
	  Recheck Cond: ((k >= 5510090) AND (k <= 5510190))
	  ->  Bitmap Index Scan on k_4  (cost=0.00..5.50 rows=107 width=0)
	        Index Cond: ((k >= 5510090) AND (k <= 5510190))

table 5 : explain SELECT k, c FROM sbtest5 WHERE k BETWEEN 5510090 AND 5510190
	Bitmap Heap Scan on sbtest5  (cost=5.58..448.84 rows=112 width=125)
	  Recheck Cond: ((k >= 5510090) AND (k <= 5510190))
	  ->  Bitmap Index Scan on k_5  (cost=0.00..5.55 rows=112 width=0)
	        Index Cond: ((k >= 5510090) AND (k <= 5510190))

table 6 : explain SELECT k, c FROM sbtest6 WHERE k BETWEEN 5510090 AND 5510190
	Bitmap Heap Scan on sbtest6  (cost=5.54..433.18 rows=108 width=125)
	  Recheck Cond: ((k >= 5510090) AND (k <= 5510190))
	  ->  Bitmap Index Scan on k_6  (cost=0.00..5.51 rows=108 width=0)
	        Index Cond: ((k >= 5510090) AND (k <= 5510190))

table 7 : explain SELECT k, c FROM sbtest7 WHERE k BETWEEN 5510090 AND 5510190
	Bitmap Heap Scan on sbtest7  (cost=5.44..393.91 rows=98 width=125)
	  Recheck Cond: ((k >= 5510090) AND (k <= 5510190))
	  ->  Bitmap Index Scan on k_7  (cost=0.00..5.42 rows=98 width=0)
	        Index Cond: ((k >= 5510090) AND (k <= 5510190))

table 8 : explain SELECT k, c FROM sbtest8 WHERE k BETWEEN 5510090 AND 5510190
	Bitmap Heap Scan on sbtest8  (cost=5.40..378.07 rows=94 width=125)
	  Recheck Cond: ((k >= 5510090) AND (k <= 5510190))
	  ->  Bitmap Index Scan on k_8  (cost=0.00..5.38 rows=94 width=0)
	        Index Cond: ((k >= 5510090) AND (k <= 5510190))


explain: for range-notcovered :: explain SELECT k, c FROM sbtest%d WHERE k BETWEEN 2672780 AND 2672880
explain: for range-notcovered :: explain SELECT k, c FROM sbtest%d WHERE k BETWEEN 6715060 AND 6715160explain: for range-notcovered :: explain SELECT k, c FROM sbtest%d WHERE k BETWEEN 3884400 AND 3884500
for range-notcovered
table 1 : explain SELECT k, c FROM sbtest1 WHERE k BETWEEN 4807137 AND 4807237
	Bitmap Heap Scan on sbtest1  (cost=5.42..385.86 rows=96 width=125)
	  Recheck Cond: ((k >= 4807137) AND (k <= 4807237))
	  ->  Bitmap Index Scan on k_1  (cost=0.00..5.39 rows=96 width=0)
	        Index Cond: ((k >= 4807137) AND (k <= 4807237))

table 2 : explain SELECT k, c FROM sbtest2 WHERE k BETWEEN 4807137 AND 4807237
	Bitmap Heap Scan on sbtest2  (cost=5.48..409.51 rows=102 width=125)
	  Recheck Cond: ((k >= 4807137) AND (k <= 4807237))
	  ->  Bitmap Index Scan on k_2  (cost=0.00..5.45 rows=102 width=0)
	        Index Cond: ((k >= 4807137) AND (k <= 4807237))

table 3 : explain SELECT k, c FROM sbtest3 WHERE k BETWEEN 4807137 AND 4807237
	Bitmap Heap Scan on sbtest3  (cost=5.51..421.43 rows=105 width=125)
	  Recheck Cond: ((k >= 4807137) AND (k <= 4807237))
	  ->  Bitmap Index Scan on k_3  (cost=0.00..5.48 rows=105 width=0)
	        Index Cond: ((k >= 4807137) AND (k <= 4807237))

table 4 : explain SELECT k, c FROM sbtest4 WHERE k BETWEEN 4807137 AND 4807237
	Bitmap Heap Scan on sbtest4  (cost=5.42..385.99 rows=96 width=125)
	  Recheck Cond: ((k >= 4807137) AND (k <= 4807237))
	  ->  Bitmap Index Scan on k_4  (cost=0.00..5.39 rows=96 width=0)
	        Index Cond: ((k >= 4807137) AND (k <= 4807237))

table 5 : explain SELECT k, c FROM sbtest5 WHERE k BETWEEN 4807137 AND 4807237
	Bitmap Heap Scan on sbtest5  (cost=5.50..417.31 rows=104 width=125)
	  Recheck Cond: ((k >= 4807137) AND (k <= 4807237))
	  ->  Bitmap Index Scan on k_5  (cost=0.00..5.47 rows=104 width=0)
	        Index Cond: ((k >= 4807137) AND (k <= 4807237))

table 6 : explain SELECT k, c FROM sbtest6 WHERE k BETWEEN 4807137 AND 4807237
	Bitmap Heap Scan on sbtest6  (cost=5.39..374.00 rows=93 width=125)
	  Recheck Cond: ((k >= 4807137) AND (k <= 4807237))
	  ->  Bitmap Index Scan on k_6  (cost=0.00..5.36 rows=93 width=0)
	        Index Cond: ((k >= 4807137) AND (k <= 4807237))

table 7 : explain SELECT k, c FROM sbtest7 WHERE k BETWEEN 4807137 AND 4807237
	Bitmap Heap Scan on sbtest7  (cost=5.42..386.01 rows=96 width=125)
	  Recheck Cond: ((k >= 4807137) AND (k <= 4807237))
	  ->  Bitmap Index Scan on k_7  (cost=0.00..5.39 rows=96 width=0)
	        Index Cond: ((k >= 4807137) AND (k <= 4807237))

table 8 : explain SELECT k, c FROM sbtest8 WHERE k BETWEEN 4807137 AND 4807237
	Bitmap Heap Scan on sbtest8  (cost=5.50..417.54 rows=104 width=125)
	  Recheck Cond: ((k >= 4807137) AND (k <= 4807237))
	  ->  Bitmap Index Scan on k_8  (cost=0.00..5.47 rows=104 width=0)
	        Index Cond: ((k >= 4807137) AND (k <= 4807237))

explain: for range-notcovered :: explain SELECT k, c FROM sbtest%d WHERE k BETWEEN 8064513 AND 8064613

for range-notcovered
table 1 : explain SELECT k, c FROM sbtest1 WHERE k BETWEEN 5510540 AND 5510640
	Bitmap Heap Scan on sbtest1  (cost=5.47..405.59 rows=101 width=125)
	  Recheck Cond: ((k >= 5510540) AND (k <= 5510640))
	  ->  Bitmap Index Scan on k_1  (cost=0.00..5.44 rows=101 width=0)
	        Index Cond: ((k >= 5510540) AND (k <= 5510640))

table 2 : explain SELECT k, c FROM sbtest2 WHERE k BETWEEN 5510540 AND 5510640
	Bitmap Heap Scan on sbtest2  (cost=5.48..409.51 rows=102 width=125)
	  Recheck Cond: ((k >= 5510540) AND (k <= 5510640))
	  ->  Bitmap Index Scan on k_2  (cost=0.00..5.45 rows=102 width=0)
	        Index Cond: ((k >= 5510540) AND (k <= 5510640))

table 3 : explain SELECT k, c FROM sbtest3 WHERE k BETWEEN 5510540 AND 5510640
	Bitmap Heap Scan on sbtest3  (cost=5.58..449.03 rows=112 width=125)
	  Recheck Cond: ((k >= 5510540) AND (k <= 5510640))
	  ->  Bitmap Index Scan on k_3  (cost=0.00..5.55 rows=112 width=0)
	        Index Cond: ((k >= 5510540) AND (k <= 5510640))

table 4 : explain SELECT k, c FROM sbtest4 WHERE k BETWEEN 5510540 AND 5510640
	Bitmap Heap Scan on sbtest4  (cost=5.53..429.41 rows=107 width=125)
	  Recheck Cond: ((k >= 5510540) AND (k <= 5510640))
	  ->  Bitmap Index Scan on k_4  (cost=0.00..5.50 rows=107 width=0)
	        Index Cond: ((k >= 5510540) AND (k <= 5510640))

table 5 : explain SELECT k, c FROM sbtest5 WHERE k BETWEEN 5510540 AND 5510640
	Bitmap Heap Scan on sbtest5  (cost=5.58..448.84 rows=112 width=125)
	  Recheck Cond: ((k >= 5510540) AND (k <= 5510640))
	  ->  Bitmap Index Scan on k_5  (cost=0.00..5.55 rows=112 width=0)
	        Index Cond: ((k >= 5510540) AND (k <= 5510640))

table 6 : explain SELECT k, c FROM sbtest6 WHERE k BETWEEN 5510540 AND 5510640
	Bitmap Heap Scan on sbtest6  (cost=5.54..433.18 rows=108 width=125)
	  Recheck Cond: ((k >= 5510540) AND (k <= 5510640))
	  ->  Bitmap Index Scan on k_6  (cost=0.00..5.51 rows=108 width=0)
	        Index Cond: ((k >= 5510540) AND (k <= 5510640))

table 7 : explain SELECT k, c FROM sbtest7 WHERE k BETWEEN 5510540 AND 5510640
	Bitmap Heap Scan on sbtest7  (cost=5.44..393.91 rows=98 width=125)
	  Recheck Cond: ((k >= 5510540) AND (k <= 5510640))
	  ->  Bitmap Index Scan on k_7  (cost=0.00..5.42 rows=98 width=0)
	        Index Cond: ((k >= 5510540) AND (k <= 5510640))

table 8 : explain SELECT k, c FROM sbtest8 WHERE k BETWEEN 5510540 AND 5510640
	Bitmap Heap Scan on sbtest8  (cost=5.40..378.07 rows=94 width=125)
	  Recheck Cond: ((k >= 5510540) AND (k <= 5510640))
	  ->  Bitmap Index Scan on k_8  (cost=0.00..5.38 rows=94 width=0)
	        Index Cond: ((k >= 5510540) AND (k <= 5510640))

explain: for range-notcovered :: explain SELECT k, c FROM sbtest%d WHERE k BETWEEN 5510090 AND 5510190
explain: for range-notcovered :: explain SELECT k, c FROM sbtest%d WHERE k BETWEEN 2901047 AND 2901147
for range-notcovered
table 1 : explain SELECT k, c FROM sbtest1 WHERE k BETWEEN 6035731 AND 6035831
	Bitmap Heap Scan on sbtest1  (cost=5.40..377.97 rows=94 width=125)
	  Recheck Cond: ((k >= 6035731) AND (k <= 6035831))
	  ->  Bitmap Index Scan on k_1  (cost=0.00..5.38 rows=94 width=0)
	        Index Cond: ((k >= 6035731) AND (k <= 6035831))

table 2 : explain SELECT k, c FROM sbtest2 WHERE k BETWEEN 6035731 AND 6035831
	Bitmap Heap Scan on sbtest2  (cost=5.42..385.83 rows=96 width=125)
	  Recheck Cond: ((k >= 6035731) AND (k <= 6035831))
	  ->  Bitmap Index Scan on k_2  (cost=0.00..5.39 rows=96 width=0)
	        Index Cond: ((k >= 6035731) AND (k <= 6035831))

table 3 : explain SELECT k, c FROM sbtest3 WHERE k BETWEEN 6035731 AND 6035831
	Bitmap Heap Scan on sbtest3  (cost=5.46..401.70 rows=100 width=125)
	  Recheck Cond: ((k >= 6035731) AND (k <= 6035831))
	  ->  Bitmap Index Scan on k_3  (cost=0.00..5.43 rows=100 width=0)
	        Index Cond: ((k >= 6035731) AND (k <= 6035831))

table 4 : explain SELECT k, c FROM sbtest4 WHERE k BETWEEN 6035731 AND 6035831
	Bitmap Heap Scan on sbtest4  (cost=5.53..429.41 rows=107 width=125)
	  Recheck Cond: ((k >= 6035731) AND (k <= 6035831))
	  ->  Bitmap Index Scan on k_4  (cost=0.00..5.50 rows=107 width=0)
	        Index Cond: ((k >= 6035731) AND (k <= 6035831))

table 5 : explain SELECT k, c FROM sbtest5 WHERE k BETWEEN 6035731 AND 6035831
	Bitmap Heap Scan on sbtest5  (cost=5.53..429.14 rows=107 width=125)
	  Recheck Cond: ((k >= 6035731) AND (k <= 6035831))
	  ->  Bitmap Index Scan on k_5  (cost=0.00..5.50 rows=107 width=0)
	        Index Cond: ((k >= 6035731) AND (k <= 6035831))

table 6 : explain SELECT k, c FROM sbtest6 WHERE k BETWEEN 6035731 AND 6035831
	Bitmap Heap Scan on sbtest6  (cost=5.49..413.46 rows=103 width=125)
	  Recheck Cond: ((k >= 6035731) AND (k <= 6035831))
	  ->  Bitmap Index Scan on k_6  (cost=0.00..5.46 rows=103 width=0)
	        Index Cond: ((k >= 6035731) AND (k <= 6035831))

table 7 : explain SELECT k, c FROM sbtest7 WHERE k BETWEEN 6035731 AND 6035831
	Bitmap Heap Scan on sbtest7  (cost=5.47..405.76 rows=101 width=125)
	  Recheck Cond: ((k >= 6035731) AND (k <= 6035831))
	  ->  Bitmap Index Scan on k_7  (cost=0.00..5.44 rows=101 width=0)
	        Index Cond: ((k >= 6035731) AND (k <= 6035831))

table 8 : explain SELECT k, c FROM sbtest8 WHERE k BETWEEN 6035731 AND 6035831
	Bitmap Heap Scan on sbtest8  (cost=5.56..441.21 rows=110 width=125)
	  Recheck Cond: ((k >= 6035731) AND (k <= 6035831))
	  ->  Bitmap Index Scan on k_8  (cost=0.00..5.53 rows=110 width=0)
	        Index Cond: ((k >= 6035731) AND (k <= 6035831))

explain: for range-notcovered :: explain SELECT k, c FROM sbtest%d WHERE k BETWEEN 4807137 AND 4807237
explain: for range-notcovered :: explain SELECT k, c FROM sbtest%d WHERE k BETWEEN 6035731 AND 6035831
for range-notcovered
table 1 : explain SELECT k, c FROM sbtest1 WHERE k BETWEEN 5803081 AND 5803181
	Bitmap Heap Scan on sbtest1  (cost=5.45..397.70 rows=99 width=125)
	  Recheck Cond: ((k >= 5803081) AND (k <= 5803181))
	  ->  Bitmap Index Scan on k_1  (cost=0.00..5.42 rows=99 width=0)
	        Index Cond: ((k >= 5803081) AND (k <= 5803181))

table 2 : explain SELECT k, c FROM sbtest2 WHERE k BETWEEN 5803081 AND 5803181
	Bitmap Heap Scan on sbtest2  (cost=5.61..460.75 rows=115 width=125)
	  Recheck Cond: ((k >= 5803081) AND (k <= 5803181))
	  ->  Bitmap Index Scan on k_2  (cost=0.00..5.58 rows=115 width=0)
	        Index Cond: ((k >= 5803081) AND (k <= 5803181))

table 3 : explain SELECT k, c FROM sbtest3 WHERE k BETWEEN 5803081 AND 5803181
	Bitmap Heap Scan on sbtest3  (cost=5.65..476.62 rows=119 width=125)
	  Recheck Cond: ((k >= 5803081) AND (k <= 5803181))
	  ->  Bitmap Index Scan on k_3  (cost=0.00..5.62 rows=119 width=0)
	        Index Cond: ((k >= 5803081) AND (k <= 5803181))

table 4 : explain SELECT k, c FROM sbtest4 WHERE k BETWEEN 5803081 AND 5803181
	Bitmap Heap Scan on sbtest4  (cost=5.46..401.79 rows=100 width=125)
	  Recheck Cond: ((k >= 5803081) AND (k <= 5803181))
	  ->  Bitmap Index Scan on k_4  (cost=0.00..5.43 rows=100 width=0)
	        Index Cond: ((k >= 5803081) AND (k <= 5803181))

table 5 : explain SELECT k, c FROM sbtest5 WHERE k BETWEEN 5803081 AND 5803181
	Bitmap Heap Scan on sbtest5  (cost=5.43..389.70 rows=97 width=125)
	  Recheck Cond: ((k >= 5803081) AND (k <= 5803181))
	  ->  Bitmap Index Scan on k_5  (cost=0.00..5.40 rows=97 width=0)
	        Index Cond: ((k >= 5803081) AND (k <= 5803181))

table 6 : explain SELECT k, c FROM sbtest6 WHERE k BETWEEN 5803081 AND 5803181
	Bitmap Heap Scan on sbtest6  (cost=5.46..401.63 rows=100 width=125)
	  Recheck Cond: ((k >= 5803081) AND (k <= 5803181))
	  ->  Bitmap Index Scan on k_6  (cost=0.00..5.43 rows=100 width=0)
	        Index Cond: ((k >= 5803081) AND (k <= 5803181))

table 7 : explain SELECT k, c FROM sbtest7 WHERE k BETWEEN 5803081 AND 5803181
	Bitmap Heap Scan on sbtest7  (cost=5.40..378.11 rows=94 width=125)
	  Recheck Cond: ((k >= 5803081) AND (k <= 5803181))
	  ->  Bitmap Index Scan on k_7  (cost=0.00..5.38 rows=94 width=0)
	        Index Cond: ((k >= 5803081) AND (k <= 5803181))

table 8 : explain SELECT k, c FROM sbtest8 WHERE k BETWEEN 5803081 AND 5803181
	Bitmap Heap Scan on sbtest8  (cost=5.49..413.60 rows=103 width=125)
	  Recheck Cond: ((k >= 5803081) AND (k <= 5803181))
	  ->  Bitmap Index Scan on k_8  (cost=0.00..5.46 rows=103 width=0)
	        Index Cond: ((k >= 5803081) AND (k <= 5803181))

for range-notcovered
table 1 : explain SELECT k, c FROM sbtest1 WHERE k BETWEEN 4708187 AND 4708287
	Bitmap Heap Scan on sbtest1  (cost=5.42..385.86 rows=96 width=125)
	  Recheck Cond: ((k >= 4708187) AND (k <= 4708287))
	  ->  Bitmap Index Scan on k_1  (cost=0.00..5.39 rows=96 width=0)
	        Index Cond: ((k >= 4708187) AND (k <= 4708287))

table 2 : explain SELECT k, c FROM sbtest2 WHERE k BETWEEN 4708187 AND 4708287
	Bitmap Heap Scan on sbtest2  (cost=5.46..401.62 rows=100 width=125)
	  Recheck Cond: ((k >= 4708187) AND (k <= 4708287))
	  ->  Bitmap Index Scan on k_2  (cost=0.00..5.43 rows=100 width=0)
	        Index Cond: ((k >= 4708187) AND (k <= 4708287))

table 3 : explain SELECT k, c FROM sbtest3 WHERE k BETWEEN 4708187 AND 4708287
	Bitmap Heap Scan on sbtest3  (cost=5.48..409.59 rows=102 width=125)
	  Recheck Cond: ((k >= 4708187) AND (k <= 4708287))
	  ->  Bitmap Index Scan on k_3  (cost=0.00..5.45 rows=102 width=0)
	        Index Cond: ((k >= 4708187) AND (k <= 4708287))

table 4 : explain SELECT k, c FROM sbtest4 WHERE k BETWEEN 4708187 AND 4708287
	Bitmap Heap Scan on sbtest4  (cost=5.48..409.68 rows=102 width=125)
	  Recheck Cond: ((k >= 4708187) AND (k <= 4708287))
	  ->  Bitmap Index Scan on k_4  (cost=0.00..5.45 rows=102 width=0)
	        Index Cond: ((k >= 4708187) AND (k <= 4708287))

table 5 : explain SELECT k, c FROM sbtest5 WHERE k BETWEEN 4708187 AND 4708287
	Bitmap Heap Scan on sbtest5  (cost=5.50..417.31 rows=104 width=125)
	  Recheck Cond: ((k >= 4708187) AND (k <= 4708287))
	  ->  Bitmap Index Scan on k_5  (cost=0.00..5.47 rows=104 width=0)
	        Index Cond: ((k >= 4708187) AND (k <= 4708287))

table 6 : explain SELECT k, c FROM sbtest6 WHERE k BETWEEN 4708187 AND 4708287
	Bitmap Heap Scan on sbtest6  (cost=5.57..445.00 rows=111 width=125)
	  Recheck Cond: ((k >= 4708187) AND (k <= 4708287))
	  ->  Bitmap Index Scan on k_6  (cost=0.00..5.54 rows=111 width=0)
	        Index Cond: ((k >= 4708187) AND (k <= 4708287))

table 7 : explain SELECT k, c FROM sbtest7 WHERE k BETWEEN 4708187 AND 4708287
	Bitmap Heap Scan on sbtest7  (cost=5.51..421.54 rows=105 width=125)
	  Recheck Cond: ((k >= 4708187) AND (k <= 4708287))
	  ->  Bitmap Index Scan on k_7  (cost=0.00..5.48 rows=105 width=0)
	        Index Cond: ((k >= 4708187) AND (k <= 4708287))

table 8 : explain SELECT k, c FROM sbtest8 WHERE k BETWEEN 4708187 AND 4708287
	Bitmap Heap Scan on sbtest8  (cost=5.51..421.49 rows=105 width=125)
	  Recheck Cond: ((k >= 4708187) AND (k <= 4708287))
	  ->  Bitmap Index Scan on k_8  (cost=0.00..5.48 rows=105 width=0)
	        Index Cond: ((k >= 4708187) AND (k <= 4708287))

explain: for range-notcovered :: explain SELECT k, c FROM sbtest%d WHERE k BETWEEN 5803081 AND 5803181
explain: for range-notcovered :: explain SELECT k, c FROM sbtest%d WHERE k BETWEEN 4708187 AND 4708287
for range-notcovered
table 1 : explain SELECT k, c FROM sbtest1 WHERE k BETWEEN 4761943 AND 4762043
	Bitmap Heap Scan on sbtest1  (cost=5.42..385.86 rows=96 width=125)
	  Recheck Cond: ((k >= 4761943) AND (k <= 4762043))
	  ->  Bitmap Index Scan on k_1  (cost=0.00..5.39 rows=96 width=0)
	        Index Cond: ((k >= 4761943) AND (k <= 4762043))

table 2 : explain SELECT k, c FROM sbtest2 WHERE k BETWEEN 4761943 AND 4762043
	Bitmap Heap Scan on sbtest2  (cost=5.48..409.51 rows=102 width=125)
	  Recheck Cond: ((k >= 4761943) AND (k <= 4762043))
	  ->  Bitmap Index Scan on k_2  (cost=0.00..5.45 rows=102 width=0)
	        Index Cond: ((k >= 4761943) AND (k <= 4762043))

table 3 : explain SELECT k, c FROM sbtest3 WHERE k BETWEEN 4761943 AND 4762043
	Bitmap Heap Scan on sbtest3  (cost=5.48..409.59 rows=102 width=125)
	  Recheck Cond: ((k >= 4761943) AND (k <= 4762043))
	  ->  Bitmap Index Scan on k_3  (cost=0.00..5.45 rows=102 width=0)
	        Index Cond: ((k >= 4761943) AND (k <= 4762043))

table 4 : explain SELECT k, c FROM sbtest4 WHERE k BETWEEN 4761943 AND 4762043
	Bitmap Heap Scan on sbtest4  (cost=5.48..409.68 rows=102 width=125)
	  Recheck Cond: ((k >= 4761943) AND (k <= 4762043))
	  ->  Bitmap Index Scan on k_4  (cost=0.00..5.45 rows=102 width=0)
	        Index Cond: ((k >= 4761943) AND (k <= 4762043))

table 5 : explain SELECT k, c FROM sbtest5 WHERE k BETWEEN 4761943 AND 4762043
	Bitmap Heap Scan on sbtest5  (cost=5.67..480.34 rows=120 width=125)
	  Recheck Cond: ((k >= 4761943) AND (k <= 4762043))
	  ->  Bitmap Index Scan on k_5  (cost=0.00..5.63 rows=120 width=0)
	        Index Cond: ((k >= 4761943) AND (k <= 4762043))

table 6 : explain SELECT k, c FROM sbtest6 WHERE k BETWEEN 4761943 AND 4762043
	Bitmap Heap Scan on sbtest6  (cost=5.57..445.00 rows=111 width=125)
	  Recheck Cond: ((k >= 4761943) AND (k <= 4762043))
	  ->  Bitmap Index Scan on k_6  (cost=0.00..5.54 rows=111 width=0)
	        Index Cond: ((k >= 4761943) AND (k <= 4762043))

table 7 : explain SELECT k, c FROM sbtest7 WHERE k BETWEEN 4761943 AND 4762043
	Bitmap Heap Scan on sbtest7  (cost=5.51..421.54 rows=105 width=125)
	  Recheck Cond: ((k >= 4761943) AND (k <= 4762043))
	  ->  Bitmap Index Scan on k_7  (cost=0.00..5.48 rows=105 width=0)
	        Index Cond: ((k >= 4761943) AND (k <= 4762043))

table 8 : explain SELECT k, c FROM sbtest8 WHERE k BETWEEN 4761943 AND 4762043
	Bitmap Heap Scan on sbtest8  (cost=5.51..421.49 rows=105 width=125)
	  Recheck Cond: ((k >= 4761943) AND (k <= 4762043))
	  ->  Bitmap Index Scan on k_8  (cost=0.00..5.48 rows=105 width=0)
	        Index Cond: ((k >= 4761943) AND (k <= 4762043))

explain: for range-notcovered :: explain SELECT k, c FROM sbtest%d WHERE k BETWEEN 4761943 AND 4762043
for range-notcovered
table 1 : explain SELECT k, c FROM sbtest1 WHERE k BETWEEN 8064513 AND 8064613
	Bitmap Heap Scan on sbtest1  (cost=5.59..452.91 rows=113 width=125)
	  Recheck Cond: ((k >= 8064513) AND (k <= 8064613))
	  ->  Bitmap Index Scan on k_1  (cost=0.00..5.56 rows=113 width=0)
	        Index Cond: ((k >= 8064513) AND (k <= 8064613))

table 2 : explain SELECT k, c FROM sbtest2 WHERE k BETWEEN 8064513 AND 8064613
	Bitmap Heap Scan on sbtest2  (cost=5.51..421.34 rows=105 width=125)
	  Recheck Cond: ((k >= 8064513) AND (k <= 8064613))
	  ->  Bitmap Index Scan on k_2  (cost=0.00..5.48 rows=105 width=0)
	        Index Cond: ((k >= 8064513) AND (k <= 8064613))

table 3 : explain SELECT k, c FROM sbtest3 WHERE k BETWEEN 8064513 AND 8064613
	Bitmap Heap Scan on sbtest3  (cost=5.36..362.22 rows=90 width=125)
	  Recheck Cond: ((k >= 8064513) AND (k <= 8064613))
	  ->  Bitmap Index Scan on k_3  (cost=0.00..5.33 rows=90 width=0)
	        Index Cond: ((k >= 8064513) AND (k <= 8064613))

table 4 : explain SELECT k, c FROM sbtest4 WHERE k BETWEEN 8064513 AND 8064613
	Bitmap Heap Scan on sbtest4  (cost=5.53..429.41 rows=107 width=125)
	  Recheck Cond: ((k >= 8064513) AND (k <= 8064613))
	  ->  Bitmap Index Scan on k_4  (cost=0.00..5.50 rows=107 width=0)
	        Index Cond: ((k >= 8064513) AND (k <= 8064613))

table 5 : explain SELECT k, c FROM sbtest5 WHERE k BETWEEN 8064513 AND 8064613
	Bitmap Heap Scan on sbtest5  (cost=5.48..409.43 rows=102 width=125)
	  Recheck Cond: ((k >= 8064513) AND (k <= 8064613))
	  ->  Bitmap Index Scan on k_5  (cost=0.00..5.45 rows=102 width=0)
	        Index Cond: ((k >= 8064513) AND (k <= 8064613))

table 6 : explain SELECT k, c FROM sbtest6 WHERE k BETWEEN 8064513 AND 8064613
	Bitmap Heap Scan on sbtest6  (cost=5.49..413.46 rows=103 width=125)
	  Recheck Cond: ((k >= 8064513) AND (k <= 8064613))
	  ->  Bitmap Index Scan on k_6  (cost=0.00..5.46 rows=103 width=0)
	        Index Cond: ((k >= 8064513) AND (k <= 8064613))

table 7 : explain SELECT k, c FROM sbtest7 WHERE k BETWEEN 8064513 AND 8064613
	Bitmap Heap Scan on sbtest7  (cost=5.57..445.21 rows=111 width=125)
	  Recheck Cond: ((k >= 8064513) AND (k <= 8064613))
	  ->  Bitmap Index Scan on k_7  (cost=0.00..5.54 rows=111 width=0)
	        Index Cond: ((k >= 8064513) AND (k <= 8064613))

table 8 : explain SELECT k, c FROM sbtest8 WHERE k BETWEEN 8064513 AND 8064613
	Bitmap Heap Scan on sbtest8  (cost=5.46..401.76 rows=100 width=125)
	  Recheck Cond: ((k >= 8064513) AND (k <= 8064613))
	  ->  Bitmap Index Scan on k_8  (cost=0.00..5.43 rows=100 width=0)
	        Index Cond: ((k >= 8064513) AND (k <= 8064613))

for range-notcovered
table 1 : explain SELECT k, c FROM sbtest1 WHERE k BETWEEN 5510090 AND 5510190
	Bitmap Heap Scan on sbtest1  (cost=5.47..405.59 rows=101 width=125)
	  Recheck Cond: ((k >= 5510090) AND (k <= 5510190))
	  ->  Bitmap Index Scan on k_1  (cost=0.00..5.44 rows=101 width=0)
	        Index Cond: ((k >= 5510090) AND (k <= 5510190))

table 2 : explain SELECT k, c FROM sbtest2 WHERE k BETWEEN 5510090 AND 5510190
	Bitmap Heap Scan on sbtest2  (cost=5.48..409.51 rows=102 width=125)
	  Recheck Cond: ((k >= 5510090) AND (k <= 5510190))
	  ->  Bitmap Index Scan on k_2  (cost=0.00..5.45 rows=102 width=0)
	        Index Cond: ((k >= 5510090) AND (k <= 5510190))

table 3 : explain SELECT k, c FROM sbtest3 WHERE k BETWEEN 5510090 AND 5510190
	Bitmap Heap Scan on sbtest3  (cost=5.58..449.03 rows=112 width=125)
	  Recheck Cond: ((k >= 5510090) AND (k <= 5510190))
	  ->  Bitmap Index Scan on k_3  (cost=0.00..5.55 rows=112 width=0)
	        Index Cond: ((k >= 5510090) AND (k <= 5510190))

table 4 : explain SELECT k, c FROM sbtest4 WHERE k BETWEEN 5510090 AND 5510190
	Bitmap Heap Scan on sbtest4  (cost=5.53..429.41 rows=107 width=125)
	  Recheck Cond: ((k >= 5510090) AND (k <= 5510190))
	  ->  Bitmap Index Scan on k_4  (cost=0.00..5.50 rows=107 width=0)
	        Index Cond: ((k >= 5510090) AND (k <= 5510190))

table 5 : explain SELECT k, c FROM sbtest5 WHERE k BETWEEN 5510090 AND 5510190
	Bitmap Heap Scan on sbtest5  (cost=5.58..448.84 rows=112 width=125)
	  Recheck Cond: ((k >= 5510090) AND (k <= 5510190))
	  ->  Bitmap Index Scan on k_5  (cost=0.00..5.55 rows=112 width=0)
	        Index Cond: ((k >= 5510090) AND (k <= 5510190))

table 6 : explain SELECT k, c FROM sbtest6 WHERE k BETWEEN 5510090 AND 5510190
	Bitmap Heap Scan on sbtest6  (cost=5.54..433.18 rows=108 width=125)
	  Recheck Cond: ((k >= 5510090) AND (k <= 5510190))
	  ->  Bitmap Index Scan on k_6  (cost=0.00..5.51 rows=108 width=0)
	        Index Cond: ((k >= 5510090) AND (k <= 5510190))

table 7 : explain SELECT k, c FROM sbtest7 WHERE k BETWEEN 5510090 AND 5510190
	Bitmap Heap Scan on sbtest7  (cost=5.44..393.91 rows=98 width=125)
	  Recheck Cond: ((k >= 5510090) AND (k <= 5510190))
	  ->  Bitmap Index Scan on k_7  (cost=0.00..5.42 rows=98 width=0)
	        Index Cond: ((k >= 5510090) AND (k <= 5510190))

table 8 : explain SELECT k, c FROM sbtest8 WHERE k BETWEEN 5510090 AND 5510190
	Bitmap Heap Scan on sbtest8  (cost=5.40..378.07 rows=94 width=125)
	  Recheck Cond: ((k >= 5510090) AND (k <= 5510190))
	  ->  Bitmap Index Scan on k_8  (cost=0.00..5.38 rows=94 width=0)
	        Index Cond: ((k >= 5510090) AND (k <= 5510190))

explain: for range-notcovered :: explain SELECT k, c FROM sbtest%d WHERE k BETWEEN 8064513 AND 8064613
explain: for range-notcovered :: explain SELECT k, c FROM sbtest%d WHERE k BETWEEN 5510090 AND 5510190
for range-notcovered
table 1 : explain SELECT k, c FROM sbtest1 WHERE k BETWEEN 2901047 AND 2901147
	Bitmap Heap Scan on sbtest1  (cost=5.49..413.48 rows=103 width=125)
	  Recheck Cond: ((k >= 2901047) AND (k <= 2901147))
	  ->  Bitmap Index Scan on k_1  (cost=0.00..5.46 rows=103 width=0)
	        Index Cond: ((k >= 2901047) AND (k <= 2901147))

table 2 : explain SELECT k, c FROM sbtest2 WHERE k BETWEEN 2901047 AND 2901147
	Bitmap Heap Scan on sbtest2  (cost=5.37..366.09 rows=91 width=125)
	  Recheck Cond: ((k >= 2901047) AND (k <= 2901147))
	  ->  Bitmap Index Scan on k_2  (cost=0.00..5.34 rows=91 width=0)
	        Index Cond: ((k >= 2901047) AND (k <= 2901147))

table 3 : explain SELECT k, c FROM sbtest3 WHERE k BETWEEN 2901047 AND 2901147
	Bitmap Heap Scan on sbtest3  (cost=5.41..381.97 rows=95 width=125)
	  Recheck Cond: ((k >= 2901047) AND (k <= 2901147))
	  ->  Bitmap Index Scan on k_3  (cost=0.00..5.38 rows=95 width=0)
	        Index Cond: ((k >= 2901047) AND (k <= 2901147))

table 4 : explain SELECT k, c FROM sbtest4 WHERE k BETWEEN 2901047 AND 2901147
	Bitmap Heap Scan on sbtest4  (cost=5.48..409.68 rows=102 width=125)
	  Recheck Cond: ((k >= 2901047) AND (k <= 2901147))
	  ->  Bitmap Index Scan on k_4  (cost=0.00..5.45 rows=102 width=0)
	        Index Cond: ((k >= 2901047) AND (k <= 2901147))

table 5 : explain SELECT k, c FROM sbtest5 WHERE k BETWEEN 2901047 AND 2901147
	Bitmap Heap Scan on sbtest5  (cost=5.39..373.92 rows=93 width=125)
	  Recheck Cond: ((k >= 2901047) AND (k <= 2901147))
	  ->  Bitmap Index Scan on k_5  (cost=0.00..5.36 rows=93 width=0)
	        Index Cond: ((k >= 2901047) AND (k <= 2901147))

table 6 : explain SELECT k, c FROM sbtest6 WHERE k BETWEEN 2901047 AND 2901147
	Bitmap Heap Scan on sbtest6  (cost=5.37..366.10 rows=91 width=125)
	  Recheck Cond: ((k >= 2901047) AND (k <= 2901147))
	  ->  Bitmap Index Scan on k_6  (cost=0.00..5.34 rows=91 width=0)
	        Index Cond: ((k >= 2901047) AND (k <= 2901147))

table 7 : explain SELECT k, c FROM sbtest7 WHERE k BETWEEN 2901047 AND 2901147
	Bitmap Heap Scan on sbtest7  (cost=5.42..386.01 rows=96 width=125)
	  Recheck Cond: ((k >= 2901047) AND (k <= 2901147))
	  ->  Bitmap Index Scan on k_7  (cost=0.00..5.39 rows=96 width=0)
	        Index Cond: ((k >= 2901047) AND (k <= 2901147))

table 8 : explain SELECT k, c FROM sbtest8 WHERE k BETWEEN 2901047 AND 2901147
	Bitmap Heap Scan on sbtest8  (cost=5.50..417.54 rows=104 width=125)
	  Recheck Cond: ((k >= 2901047) AND (k <= 2901147))
	  ->  Bitmap Index Scan on k_8  (cost=0.00..5.47 rows=104 width=0)
	        Index Cond: ((k >= 2901047) AND (k <= 2901147))

for range-notcovered
table 1 : explain SELECT k, c FROM sbtest1 WHERE k BETWEEN 4807137 AND 4807237
	Bitmap Heap Scan on sbtest1  (cost=5.42..385.86 rows=96 width=125)
	  Recheck Cond: ((k >= 4807137) AND (k <= 4807237))
	  ->  Bitmap Index Scan on k_1  (cost=0.00..5.39 rows=96 width=0)
	        Index Cond: ((k >= 4807137) AND (k <= 4807237))

table 2 : explain SELECT k, c FROM sbtest2 WHERE k BETWEEN 4807137 AND 4807237
	Bitmap Heap Scan on sbtest2  (cost=5.48..409.51 rows=102 width=125)
	  Recheck Cond: ((k >= 4807137) AND (k <= 4807237))
	  ->  Bitmap Index Scan on k_2  (cost=0.00..5.45 rows=102 width=0)
	        Index Cond: ((k >= 4807137) AND (k <= 4807237))

table 3 : explain SELECT k, c FROM sbtest3 WHERE k BETWEEN 4807137 AND 4807237
	Bitmap Heap Scan on sbtest3  (cost=5.51..421.43 rows=105 width=125)
	  Recheck Cond: ((k >= 4807137) AND (k <= 4807237))
	  ->  Bitmap Index Scan on k_3  (cost=0.00..5.48 rows=105 width=0)
	        Index Cond: ((k >= 4807137) AND (k <= 4807237))

table 4 : explain SELECT k, c FROM sbtest4 WHERE k BETWEEN 4807137 AND 4807237
	Bitmap Heap Scan on sbtest4  (cost=5.42..385.99 rows=96 width=125)
	  Recheck Cond: ((k >= 4807137) AND (k <= 4807237))
	  ->  Bitmap Index Scan on k_4  (cost=0.00..5.39 rows=96 width=0)
	        Index Cond: ((k >= 4807137) AND (k <= 4807237))

table 5 : explain SELECT k, c FROM sbtest5 WHERE k BETWEEN 4807137 AND 4807237
	Bitmap Heap Scan on sbtest5  (cost=5.50..417.31 rows=104 width=125)
	  Recheck Cond: ((k >= 4807137) AND (k <= 4807237))
	  ->  Bitmap Index Scan on k_5  (cost=0.00..5.47 rows=104 width=0)
	        Index Cond: ((k >= 4807137) AND (k <= 4807237))

table 6 : explain SELECT k, c FROM sbtest6 WHERE k BETWEEN 4807137 AND 4807237
	Bitmap Heap Scan on sbtest6  (cost=5.39..374.00 rows=93 width=125)
	  Recheck Cond: ((k >= 4807137) AND (k <= 4807237))
	  ->  Bitmap Index Scan on k_6  (cost=0.00..5.36 rows=93 width=0)
	        Index Cond: ((k >= 4807137) AND (k <= 4807237))

table 7 : explain SELECT k, c FROM sbtest7 WHERE k BETWEEN 4807137 AND 4807237
	Bitmap Heap Scan on sbtest7  (cost=5.42..386.01 rows=96 width=125)
	  Recheck Cond: ((k >= 4807137) AND (k <= 4807237))
	  ->  Bitmap Index Scan on k_7  (cost=0.00..5.39 rows=96 width=0)
	        Index Cond: ((k >= 4807137) AND (k <= 4807237))

table 8 : explain SELECT k, c FROM sbtest8 WHERE k BETWEEN 4807137 AND 4807237
	Bitmap Heap Scan on sbtest8  (cost=5.50..417.54 rows=104 width=125)
	  Recheck Cond: ((k >= 4807137) AND (k <= 4807237))
	  ->  Bitmap Index Scan on k_8  (cost=0.00..5.47 rows=104 width=0)
	        Index Cond: ((k >= 4807137) AND (k <= 4807237))

explain: for range-notcovered :: explain SELECT k, c FROM sbtest%d WHERE k BETWEEN 2901047 AND 2901147
explain: for range-notcovered :: explain SELECT k, c FROM sbtest%d WHERE k BETWEEN 4807137 AND 4807237
for range-notcovered
table 1 : explain SELECT k, c FROM sbtest1 WHERE k BETWEEN 5803081 AND 5803181
	Bitmap Heap Scan on sbtest1  (cost=5.45..397.70 rows=99 width=125)
	  Recheck Cond: ((k >= 5803081) AND (k <= 5803181))
	  ->  Bitmap Index Scan on k_1  (cost=0.00..5.42 rows=99 width=0)
	        Index Cond: ((k >= 5803081) AND (k <= 5803181))

table 2 : explain SELECT k, c FROM sbtest2 WHERE k BETWEEN 5803081 AND 5803181
	Bitmap Heap Scan on sbtest2  (cost=5.61..460.75 rows=115 width=125)
	  Recheck Cond: ((k >= 5803081) AND (k <= 5803181))
	  ->  Bitmap Index Scan on k_2  (cost=0.00..5.58 rows=115 width=0)
	        Index Cond: ((k >= 5803081) AND (k <= 5803181))

table 3 : explain SELECT k, c FROM sbtest3 WHERE k BETWEEN 5803081 AND 5803181
	Bitmap Heap Scan on sbtest3  (cost=5.65..476.62 rows=119 width=125)
	  Recheck Cond: ((k >= 5803081) AND (k <= 5803181))
	  ->  Bitmap Index Scan on k_3  (cost=0.00..5.62 rows=119 width=0)
	        Index Cond: ((k >= 5803081) AND (k <= 5803181))

table 4 : explain SELECT k, c FROM sbtest4 WHERE k BETWEEN 5803081 AND 5803181
	Bitmap Heap Scan on sbtest4  (cost=5.46..401.79 rows=100 width=125)
	  Recheck Cond: ((k >= 5803081) AND (k <= 5803181))
	  ->  Bitmap Index Scan on k_4  (cost=0.00..5.43 rows=100 width=0)
	        Index Cond: ((k >= 5803081) AND (k <= 5803181))

table 5 : explain SELECT k, c FROM sbtest5 WHERE k BETWEEN 5803081 AND 5803181
	Bitmap Heap Scan on sbtest5  (cost=5.43..389.70 rows=97 width=125)
	  Recheck Cond: ((k >= 5803081) AND (k <= 5803181))
	  ->  Bitmap Index Scan on k_5  (cost=0.00..5.40 rows=97 width=0)
	        Index Cond: ((k >= 5803081) AND (k <= 5803181))

table 6 : explain SELECT k, c FROM sbtest6 WHERE k BETWEEN 5803081 AND 5803181
	Bitmap Heap Scan on sbtest6  (cost=5.46..401.63 rows=100 width=125)
	  Recheck Cond: ((k >= 5803081) AND (k <= 5803181))
	  ->  Bitmap Index Scan on k_6  (cost=0.00..5.43 rows=100 width=0)
	        Index Cond: ((k >= 5803081) AND (k <= 5803181))

table 7 : explain SELECT k, c FROM sbtest7 WHERE k BETWEEN 5803081 AND 5803181
	Bitmap Heap Scan on sbtest7  (cost=5.40..378.11 rows=94 width=125)
	  Recheck Cond: ((k >= 5803081) AND (k <= 5803181))
	  ->  Bitmap Index Scan on k_7  (cost=0.00..5.38 rows=94 width=0)
	        Index Cond: ((k >= 5803081) AND (k <= 5803181))

table 8 : explain SELECT k, c FROM sbtest8 WHERE k BETWEEN 5803081 AND 5803181
	Bitmap Heap Scan on sbtest8  (cost=5.49..413.60 rows=103 width=125)
	  Recheck Cond: ((k >= 5803081) AND (k <= 5803181))
	  ->  Bitmap Index Scan on k_8  (cost=0.00..5.46 rows=103 width=0)
	        Index Cond: ((k >= 5803081) AND (k <= 5803181))

for range-notcovered
table 1 : explain SELECT k, c FROM sbtest1 WHERE k BETWEEN 6035731 AND 6035831
	Bitmap Heap Scan on sbtest1  (cost=5.40..377.97 rows=94 width=125)
	  Recheck Cond: ((k >= 6035731) AND (k <= 6035831))
	  ->  Bitmap Index Scan on k_1  (cost=0.00..5.38 rows=94 width=0)
	        Index Cond: ((k >= 6035731) AND (k <= 6035831))

table 2 : explain SELECT k, c FROM sbtest2 WHERE k BETWEEN 6035731 AND 6035831
	Bitmap Heap Scan on sbtest2  (cost=5.42..385.83 rows=96 width=125)
	  Recheck Cond: ((k >= 6035731) AND (k <= 6035831))
	  ->  Bitmap Index Scan on k_2  (cost=0.00..5.39 rows=96 width=0)
	        Index Cond: ((k >= 6035731) AND (k <= 6035831))

table 3 : explain SELECT k, c FROM sbtest3 WHERE k BETWEEN 6035731 AND 6035831
	Bitmap Heap Scan on sbtest3  (cost=5.46..401.70 rows=100 width=125)
	  Recheck Cond: ((k >= 6035731) AND (k <= 6035831))
	  ->  Bitmap Index Scan on k_3  (cost=0.00..5.43 rows=100 width=0)
	        Index Cond: ((k >= 6035731) AND (k <= 6035831))

table 4 : explain SELECT k, c FROM sbtest4 WHERE k BETWEEN 6035731 AND 6035831
	Bitmap Heap Scan on sbtest4  (cost=5.53..429.41 rows=107 width=125)
	  Recheck Cond: ((k >= 6035731) AND (k <= 6035831))
	  ->  Bitmap Index Scan on k_4  (cost=0.00..5.50 rows=107 width=0)
	        Index Cond: ((k >= 6035731) AND (k <= 6035831))

table 5 : explain SELECT k, c FROM sbtest5 WHERE k BETWEEN 6035731 AND 6035831
	Bitmap Heap Scan on sbtest5  (cost=5.53..429.14 rows=107 width=125)
	  Recheck Cond: ((k >= 6035731) AND (k <= 6035831))
	  ->  Bitmap Index Scan on k_5  (cost=0.00..5.50 rows=107 width=0)
	        Index Cond: ((k >= 6035731) AND (k <= 6035831))

table 6 : explain SELECT k, c FROM sbtest6 WHERE k BETWEEN 6035731 AND 6035831
	Bitmap Heap Scan on sbtest6  (cost=5.49..413.46 rows=103 width=125)
	  Recheck Cond: ((k >= 6035731) AND (k <= 6035831))
	  ->  Bitmap Index Scan on k_6  (cost=0.00..5.46 rows=103 width=0)
	        Index Cond: ((k >= 6035731) AND (k <= 6035831))

table 7 : explain SELECT k, c FROM sbtest7 WHERE k BETWEEN 6035731 AND 6035831
	Bitmap Heap Scan on sbtest7  (cost=5.47..405.76 rows=101 width=125)
	  Recheck Cond: ((k >= 6035731) AND (k <= 6035831))
	  ->  Bitmap Index Scan on k_7  (cost=0.00..5.44 rows=101 width=0)
	        Index Cond: ((k >= 6035731) AND (k <= 6035831))

table 8 : explain SELECT k, c FROM sbtest8 WHERE k BETWEEN 6035731 AND 6035831
	Bitmap Heap Scan on sbtest8  (cost=5.56..441.21 rows=110 width=125)
	  Recheck Cond: ((k >= 6035731) AND (k <= 6035831))
	  ->  Bitmap Index Scan on k_8  (cost=0.00..5.53 rows=110 width=0)
	        Index Cond: ((k >= 6035731) AND (k <= 6035831))

for range-notcovered
table 1 : explain SELECT k, c FROM sbtest1 WHERE k BETWEEN 4708187 AND 4708287
	Bitmap Heap Scan on sbtest1  (cost=5.42..385.86 rows=96 width=125)
	  Recheck Cond: ((k >= 4708187) AND (k <= 4708287))
	  ->  Bitmap Index Scan on k_1  (cost=0.00..5.39 rows=96 width=0)
	        Index Cond: ((k >= 4708187) AND (k <= 4708287))

table 2 : explain SELECT k, c FROM sbtest2 WHERE k BETWEEN 4708187 AND 4708287
	Bitmap Heap Scan on sbtest2  (cost=5.46..401.62 rows=100 width=125)
	  Recheck Cond: ((k >= 4708187) AND (k <= 4708287))
	  ->  Bitmap Index Scan on k_2  (cost=0.00..5.43 rows=100 width=0)
	        Index Cond: ((k >= 4708187) AND (k <= 4708287))

table 3 : explain SELECT k, c FROM sbtest3 WHERE k BETWEEN 4708187 AND 4708287
	Bitmap Heap Scan on sbtest3  (cost=5.48..409.59 rows=102 width=125)
	  Recheck Cond: ((k >= 4708187) AND (k <= 4708287))
	  ->  Bitmap Index Scan on k_3  (cost=0.00..5.45 rows=102 width=0)
	        Index Cond: ((k >= 4708187) AND (k <= 4708287))

table 4 : explain SELECT k, c FROM sbtest4 WHERE k BETWEEN 4708187 AND 4708287
	Bitmap Heap Scan on sbtest4  (cost=5.48..409.68 rows=102 width=125)
	  Recheck Cond: ((k >= 4708187) AND (k <= 4708287))
	  ->  Bitmap Index Scan on k_4  (cost=0.00..5.45 rows=102 width=0)
	        Index Cond: ((k >= 4708187) AND (k <= 4708287))

table 5 : explain SELECT k, c FROM sbtest5 WHERE k BETWEEN 4708187 AND 4708287
	Bitmap Heap Scan on sbtest5  (cost=5.50..417.31 rows=104 width=125)
	  Recheck Cond: ((k >= 4708187) AND (k <= 4708287))
	  ->  Bitmap Index Scan on k_5  (cost=0.00..5.47 rows=104 width=0)
	        Index Cond: ((k >= 4708187) AND (k <= 4708287))

table 6 : explain SELECT k, c FROM sbtest6 WHERE k BETWEEN 4708187 AND 4708287
	Bitmap Heap Scan on sbtest6  (cost=5.57..445.00 rows=111 width=125)
	  Recheck Cond: ((k >= 4708187) AND (k <= 4708287))
	  ->  Bitmap Index Scan on k_6  (cost=0.00..5.54 rows=111 width=0)
	        Index Cond: ((k >= 4708187) AND (k <= 4708287))

table 7 : explain SELECT k, c FROM sbtest7 WHERE k BETWEEN 4708187 AND 4708287
	Bitmap Heap Scan on sbtest7  (cost=5.51..421.54 rows=105 width=125)
	  Recheck Cond: ((k >= 4708187) AND (k <= 4708287))
	  ->  Bitmap Index Scan on k_7  (cost=0.00..5.48 rows=105 width=0)
	        Index Cond: ((k >= 4708187) AND (k <= 4708287))

table 8 : explain SELECT k, c FROM sbtest8 WHERE k BETWEEN 4708187 AND 4708287
	Bitmap Heap Scan on sbtest8  (cost=5.51..421.49 rows=105 width=125)
	  Recheck Cond: ((k >= 4708187) AND (k <= 4708287))
	  ->  Bitmap Index Scan on k_8  (cost=0.00..5.48 rows=105 width=0)
	        Index Cond: ((k >= 4708187) AND (k <= 4708287))

for range-notcovered
table 1 : explain SELECT k, c FROM sbtest1 WHERE k BETWEEN 7475603 AND 7475703
	Bitmap Heap Scan on sbtest1  (cost=5.41..381.91 rows=95 width=125)
	  Recheck Cond: ((k >= 7475603) AND (k <= 7475703))
	  ->  Bitmap Index Scan on k_1  (cost=0.00..5.38 rows=95 width=0)
	        Index Cond: ((k >= 7475603) AND (k <= 7475703))

table 2 : explain SELECT k, c FROM sbtest2 WHERE k BETWEEN 7475603 AND 7475703
	Bitmap Heap Scan on sbtest2  (cost=5.42..385.83 rows=96 width=125)
	  Recheck Cond: ((k >= 7475603) AND (k <= 7475703))
	  ->  Bitmap Index Scan on k_2  (cost=0.00..5.39 rows=96 width=0)
	        Index Cond: ((k >= 7475603) AND (k <= 7475703))

table 3 : explain SELECT k, c FROM sbtest3 WHERE k BETWEEN 7475603 AND 7475703
	Bitmap Heap Scan on sbtest3  (cost=5.56..441.15 rows=110 width=125)
	  Recheck Cond: ((k >= 7475603) AND (k <= 7475703))
	  ->  Bitmap Index Scan on k_3  (cost=0.00..5.53 rows=110 width=0)
	        Index Cond: ((k >= 7475603) AND (k <= 7475703))

table 4 : explain SELECT k, c FROM sbtest4 WHERE k BETWEEN 7475603 AND 7475703
	Bitmap Heap Scan on sbtest4  (cost=5.53..429.41 rows=107 width=125)
	  Recheck Cond: ((k >= 7475603) AND (k <= 7475703))
	  ->  Bitmap Index Scan on k_4  (cost=0.00..5.50 rows=107 width=0)
	        Index Cond: ((k >= 7475603) AND (k <= 7475703))

table 5 : explain SELECT k, c FROM sbtest5 WHERE k BETWEEN 7475603 AND 7475703
	Bitmap Heap Scan on sbtest5  (cost=5.52..425.19 rows=106 width=125)
	  Recheck Cond: ((k >= 7475603) AND (k <= 7475703))
	  ->  Bitmap Index Scan on k_5  (cost=0.00..5.50 rows=106 width=0)
	        Index Cond: ((k >= 7475603) AND (k <= 7475703))

table 6 : explain SELECT k, c FROM sbtest6 WHERE k BETWEEN 7475603 AND 7475703
	Bitmap Heap Scan on sbtest6  (cost=5.48..409.52 rows=102 width=125)
	  Recheck Cond: ((k >= 7475603) AND (k <= 7475703))
	  ->  Bitmap Index Scan on k_6  (cost=0.00..5.45 rows=102 width=0)
	        Index Cond: ((k >= 7475603) AND (k <= 7475703))

table 7 : explain SELECT k, c FROM sbtest7 WHERE k BETWEEN 7475603 AND 7475703
	Bitmap Heap Scan on sbtest7  (cost=5.62..464.93 rows=116 width=125)
	  Recheck Cond: ((k >= 7475603) AND (k <= 7475703))
	  ->  Bitmap Index Scan on k_7  (cost=0.00..5.59 rows=116 width=0)
	        Index Cond: ((k >= 7475603) AND (k <= 7475703))

table 8 : explain SELECT k, c FROM sbtest8 WHERE k BETWEEN 7475603 AND 7475703
	Bitmap Heap Scan on sbtest8  (cost=5.43..389.91 rows=97 width=125)
	  Recheck Cond: ((k >= 7475603) AND (k <= 7475703))
	  ->  Bitmap Index Scan on k_8  (cost=0.00..5.40 rows=97 width=0)
	        Index Cond: ((k >= 7475603) AND (k <= 7475703))

explain: for range-notcovered :: explain SELECT k, c FROM sbtest%d WHERE k BETWEEN 4708187 AND 4708287explain: for range-notcovered :: explain SELECT k, c FROM sbtest%d WHERE k BETWEEN 6035731 AND 6035831for range-notcovered
table 1 : explain SELECT k, c FROM sbtest1 WHERE k BETWEEN 5219904 AND 5220004
	Bitmap Heap Scan on sbtest1  (cost=5.42..385.86 rows=96 width=125)
	  Recheck Cond: ((k >= 5219904) AND (k <= 5220004))
	  ->  Bitmap Index Scan on k_1  (cost=0.00..5.39 rows=96 width=0)
	        Index Cond: ((k >= 5219904) AND (k <= 5220004))

table 2 : explain SELECT k, c FROM sbtest2 WHERE k BETWEEN 5219904 AND 5220004
	Bitmap Heap Scan on sbtest2  (cost=5.45..397.67 rows=99 width=125)
	  Recheck Cond: ((k >= 5219904) AND (k <= 5220004))
	  ->  Bitmap Index Scan on k_2  (cost=0.00..5.42 rows=99 width=0)
	        Index Cond: ((k >= 5219904) AND (k <= 5220004))

table 3 : explain SELECT k, c FROM sbtest3 WHERE k BETWEEN 5219904 AND 5220004
	Bitmap Heap Scan on sbtest3  (cost=5.41..381.97 rows=95 width=125)
	  Recheck Cond: ((k >= 5219904) AND (k <= 5220004))
	  ->  Bitmap Index Scan on k_3  (cost=0.00..5.38 rows=95 width=0)
	        Index Cond: ((k >= 5219904) AND (k <= 5220004))

table 4 : explain SELECT k, c FROM sbtest4 WHERE k BETWEEN 5219904 AND 5220004
	Bitmap Heap Scan on sbtest4  (cost=5.39..374.15 rows=93 width=125)
	  Recheck Cond: ((k >= 5219904) AND (k <= 5220004))
	  ->  Bitmap Index Scan on k_4  (cost=0.00..5.36 rows=93 width=0)
	        Index Cond: ((k >= 5219904) AND (k <= 5220004))

table 5 : explain SELECT k, c FROM sbtest5 WHERE k BETWEEN 5219904 AND 5220004
	Bitmap Heap Scan on sbtest5  (cost=5.45..397.59 rows=99 width=125)
	  Recheck Cond: ((k >= 5219904) AND (k <= 5220004))
	  ->  Bitmap Index Scan on k_5  (cost=0.00..5.42 rows=99 width=0)
	        Index Cond: ((k >= 5219904) AND (k <= 5220004))

table 6 : explain SELECT k, c FROM sbtest6 WHERE k BETWEEN 5219904 AND 5220004
	Bitmap Heap Scan on sbtest6  (cost=5.50..417.41 rows=104 width=125)
	  Recheck Cond: ((k >= 5219904) AND (k <= 5220004))
	  ->  Bitmap Index Scan on k_6  (cost=0.00..5.47 rows=104 width=0)
	        Index Cond: ((k >= 5219904) AND (k <= 5220004))

table 7 : explain SELECT k, c FROM sbtest7 WHERE k BETWEEN 5219904 AND 5220004
	Bitmap Heap Scan on sbtest7  (cost=5.48..409.70 rows=102 width=125)
	  Recheck Cond: ((k >= 5219904) AND (k <= 5220004))
	  ->  Bitmap Index Scan on k_7  (cost=0.00..5.45 rows=102 width=0)
	        Index Cond: ((k >= 5219904) AND (k <= 5220004))

table 8 : explain SELECT k, c FROM sbtest8 WHERE k BETWEEN 5219904 AND 5220004
	Bitmap Heap Scan on sbtest8  (cost=5.45..397.81 rows=99 width=125)
	  Recheck Cond: ((k >= 5219904) AND (k <= 5220004))
	  ->  Bitmap Index Scan on k_8  (cost=0.00..5.42 rows=99 width=0)
	        Index Cond: ((k >= 5219904) AND (k <= 5220004))



explain: for range-notcovered :: explain SELECT k, c FROM sbtest%d WHERE k BETWEEN 7475603 AND 7475703
for range-notcovered
table 1 : explain SELECT k, c FROM sbtest1 WHERE k BETWEEN 5449994 AND 5450094
	Bitmap Heap Scan on sbtest1  (cost=5.51..421.37 rows=105 width=125)
	  Recheck Cond: ((k >= 5449994) AND (k <= 5450094))
	  ->  Bitmap Index Scan on k_1  (cost=0.00..5.48 rows=105 width=0)
	        Index Cond: ((k >= 5449994) AND (k <= 5450094))

table 2 : explain SELECT k, c FROM sbtest2 WHERE k BETWEEN 5449994 AND 5450094
	Bitmap Heap Scan on sbtest2  (cost=5.48..409.51 rows=102 width=125)
	  Recheck Cond: ((k >= 5449994) AND (k <= 5450094))
	  ->  Bitmap Index Scan on k_2  (cost=0.00..5.45 rows=102 width=0)
	        Index Cond: ((k >= 5449994) AND (k <= 5450094))

table 3 : explain SELECT k, c FROM sbtest3 WHERE k BETWEEN 5449994 AND 5450094
	Bitmap Heap Scan on sbtest3  (cost=5.45..397.76 rows=99 width=125)
	  Recheck Cond: ((k >= 5449994) AND (k <= 5450094))
	  ->  Bitmap Index Scan on k_3  (cost=0.00..5.42 rows=99 width=0)
	        Index Cond: ((k >= 5449994) AND (k <= 5450094))

table 4 : explain SELECT k, c FROM sbtest4 WHERE k BETWEEN 5449994 AND 5450094
	Bitmap Heap Scan on sbtest4  (cost=5.53..429.41 rows=107 width=125)
	  Recheck Cond: ((k >= 5449994) AND (k <= 5450094))
	  ->  Bitmap Index Scan on k_4  (cost=0.00..5.50 rows=107 width=0)
	        Index Cond: ((k >= 5449994) AND (k <= 5450094))

table 5 : explain SELECT k, c FROM sbtest5 WHERE k BETWEEN 5449994 AND 5450094
	Bitmap Heap Scan on sbtest5  (cost=5.45..397.59 rows=99 width=125)
	  Recheck Cond: ((k >= 5449994) AND (k <= 5450094))
	  ->  Bitmap Index Scan on k_5  (cost=0.00..5.42 rows=99 width=0)
	        Index Cond: ((k >= 5449994) AND (k <= 5450094))

table 6 : explain SELECT k, c FROM sbtest6 WHERE k BETWEEN 5449994 AND 5450094
	Bitmap Heap Scan on sbtest6  (cost=5.50..417.41 rows=104 width=125)
	  Recheck Cond: ((k >= 5449994) AND (k <= 5450094))
	  ->  Bitmap Index Scan on k_6  (cost=0.00..5.47 rows=104 width=0)
	        Index Cond: ((k >= 5449994) AND (k <= 5450094))

table 7 : explain SELECT k, c FROM sbtest7 WHERE k BETWEEN 5449994 AND 5450094
	Bitmap Heap Scan on sbtest7  (cost=5.43..389.96 rows=97 width=125)
	  Recheck Cond: ((k >= 5449994) AND (k <= 5450094))
	  ->  Bitmap Index Scan on k_7  (cost=0.00..5.40 rows=97 width=0)
	        Index Cond: ((k >= 5449994) AND (k <= 5450094))

table 8 : explain SELECT k, c FROM sbtest8 WHERE k BETWEEN 5449994 AND 5450094
	Bitmap Heap Scan on sbtest8  (cost=5.39..374.12 rows=93 width=125)
	  Recheck Cond: ((k >= 5449994) AND (k <= 5450094))
	  ->  Bitmap Index Scan on k_8  (cost=0.00..5.36 rows=93 width=0)
	        Index Cond: ((k >= 5449994) AND (k <= 5450094))

explain: for range-notcovered :: explain SELECT k, c FROM sbtest%d WHERE k BETWEEN 5219904 AND 5220004
explain: for range-notcovered :: explain SELECT k, c FROM sbtest%d WHERE k BETWEEN 5449994 AND 5450094
explain: for range-notcovered :: explain SELECT k, c FROM sbtest%d WHERE k BETWEEN 5510540 AND 5510640
for range-notcovered
table 1 : explain SELECT k, c FROM sbtest1 WHERE k BETWEEN 4761943 AND 4762043
	Bitmap Heap Scan on sbtest1  (cost=5.42..385.86 rows=96 width=125)
	  Recheck Cond: ((k >= 4761943) AND (k <= 4762043))
	  ->  Bitmap Index Scan on k_1  (cost=0.00..5.39 rows=96 width=0)
	        Index Cond: ((k >= 4761943) AND (k <= 4762043))

table 2 : explain SELECT k, c FROM sbtest2 WHERE k BETWEEN 4761943 AND 4762043
	Bitmap Heap Scan on sbtest2  (cost=5.48..409.51 rows=102 width=125)
	  Recheck Cond: ((k >= 4761943) AND (k <= 4762043))
	  ->  Bitmap Index Scan on k_2  (cost=0.00..5.45 rows=102 width=0)
	        Index Cond: ((k >= 4761943) AND (k <= 4762043))

table 3 : explain SELECT k, c FROM sbtest3 WHERE k BETWEEN 4761943 AND 4762043
	Bitmap Heap Scan on sbtest3  (cost=5.48..409.59 rows=102 width=125)
	  Recheck Cond: ((k >= 4761943) AND (k <= 4762043))
	  ->  Bitmap Index Scan on k_3  (cost=0.00..5.45 rows=102 width=0)
	        Index Cond: ((k >= 4761943) AND (k <= 4762043))

table 4 : explain SELECT k, c FROM sbtest4 WHERE k BETWEEN 4761943 AND 4762043
	Bitmap Heap Scan on sbtest4  (cost=5.48..409.68 rows=102 width=125)
	  Recheck Cond: ((k >= 4761943) AND (k <= 4762043))
	  ->  Bitmap Index Scan on k_4  (cost=0.00..5.45 rows=102 width=0)
	        Index Cond: ((k >= 4761943) AND (k <= 4762043))

table 5 : explain SELECT k, c FROM sbtest5 WHERE k BETWEEN 4761943 AND 4762043
	Bitmap Heap Scan on sbtest5  (cost=5.67..480.34 rows=120 width=125)
	  Recheck Cond: ((k >= 4761943) AND (k <= 4762043))
	  ->  Bitmap Index Scan on k_5  (cost=0.00..5.63 rows=120 width=0)
	        Index Cond: ((k >= 4761943) AND (k <= 4762043))

table 6 : explain SELECT k, c FROM sbtest6 WHERE k BETWEEN 4761943 AND 4762043
	Bitmap Heap Scan on sbtest6  (cost=5.57..445.00 rows=111 width=125)
	  Recheck Cond: ((k >= 4761943) AND (k <= 4762043))
	  ->  Bitmap Index Scan on k_6  (cost=0.00..5.54 rows=111 width=0)
	        Index Cond: ((k >= 4761943) AND (k <= 4762043))

table 7 : explain SELECT k, c FROM sbtest7 WHERE k BETWEEN 4761943 AND 4762043
	Bitmap Heap Scan on sbtest7  (cost=5.51..421.54 rows=105 width=125)
	  Recheck Cond: ((k >= 4761943) AND (k <= 4762043))
	  ->  Bitmap Index Scan on k_7  (cost=0.00..5.48 rows=105 width=0)
	        Index Cond: ((k >= 4761943) AND (k <= 4762043))

table 8 : explain SELECT k, c FROM sbtest8 WHERE k BETWEEN 4761943 AND 4762043
	Bitmap Heap Scan on sbtest8  (cost=5.51..421.49 rows=105 width=125)
	  Recheck Cond: ((k >= 4761943) AND (k <= 4762043))
	  ->  Bitmap Index Scan on k_8  (cost=0.00..5.48 rows=105 width=0)
	        Index Cond: ((k >= 4761943) AND (k <= 4762043))

for range-notcovered
table 1 : explain SELECT k, c FROM sbtest1 WHERE k BETWEEN 7302808 AND 7302908
	Bitmap Heap Scan on sbtest1  (cost=5.52..425.31 rows=106 width=125)
	  Recheck Cond: ((k >= 7302808) AND (k <= 7302908))
	  ->  Bitmap Index Scan on k_1  (cost=0.00..5.50 rows=106 width=0)
	        Index Cond: ((k >= 7302808) AND (k <= 7302908))

table 2 : explain SELECT k, c FROM sbtest2 WHERE k BETWEEN 7302808 AND 7302908
	Bitmap Heap Scan on sbtest2  (cost=5.48..409.51 rows=102 width=125)
	  Recheck Cond: ((k >= 7302808) AND (k <= 7302908))
	  ->  Bitmap Index Scan on k_2  (cost=0.00..5.45 rows=102 width=0)
	        Index Cond: ((k >= 7302808) AND (k <= 7302908))

table 3 : explain SELECT k, c FROM sbtest3 WHERE k BETWEEN 7302808 AND 7302908
	Bitmap Heap Scan on sbtest3  (cost=5.50..417.49 rows=104 width=125)
	  Recheck Cond: ((k >= 7302808) AND (k <= 7302908))
	  ->  Bitmap Index Scan on k_3  (cost=0.00..5.47 rows=104 width=0)
	        Index Cond: ((k >= 7302808) AND (k <= 7302908))

table 4 : explain SELECT k, c FROM sbtest4 WHERE k BETWEEN 7302808 AND 7302908
	Bitmap Heap Scan on sbtest4  (cost=5.42..385.99 rows=96 width=125)
	  Recheck Cond: ((k >= 7302808) AND (k <= 7302908))
	  ->  Bitmap Index Scan on k_4  (cost=0.00..5.39 rows=96 width=0)
	        Index Cond: ((k >= 7302808) AND (k <= 7302908))

table 5 : explain SELECT k, c FROM sbtest5 WHERE k BETWEEN 7302808 AND 7302908
	Bitmap Heap Scan on sbtest5  (cost=5.53..429.14 rows=107 width=125)
	  Recheck Cond: ((k >= 7302808) AND (k <= 7302908))
	  ->  Bitmap Index Scan on k_5  (cost=0.00..5.50 rows=107 width=0)
	        Index Cond: ((k >= 7302808) AND (k <= 7302908))

table 6 : explain SELECT k, c FROM sbtest6 WHERE k BETWEEN 7302808 AND 7302908
	Bitmap Heap Scan on sbtest6  (cost=5.57..445.00 rows=111 width=125)
	  Recheck Cond: ((k >= 7302808) AND (k <= 7302908))
	  ->  Bitmap Index Scan on k_6  (cost=0.00..5.54 rows=111 width=0)
	        Index Cond: ((k >= 7302808) AND (k <= 7302908))

table 7 : explain SELECT k, c FROM sbtest7 WHERE k BETWEEN 7302808 AND 7302908
	Bitmap Heap Scan on sbtest7  (cost=5.54..433.38 rows=108 width=125)
	  Recheck Cond: ((k >= 7302808) AND (k <= 7302908))
	  ->  Bitmap Index Scan on k_7  (cost=0.00..5.51 rows=108 width=0)
	        Index Cond: ((k >= 7302808) AND (k <= 7302908))

table 8 : explain SELECT k, c FROM sbtest8 WHERE k BETWEEN 7302808 AND 7302908
	Bitmap Heap Scan on sbtest8  (cost=5.55..437.27 rows=109 width=125)
	  Recheck Cond: ((k >= 7302808) AND (k <= 7302908))
	  ->  Bitmap Index Scan on k_8  (cost=0.00..5.52 rows=109 width=0)
	        Index Cond: ((k >= 7302808) AND (k <= 7302908))

for range-notcovered
table 1 : explain SELECT k, c FROM sbtest1 WHERE k BETWEEN 2511771 AND 2511871
	Bitmap Heap Scan on sbtest1  (cost=5.50..417.43 rows=104 width=125)
	  Recheck Cond: ((k >= 2511771) AND (k <= 2511871))
	  ->  Bitmap Index Scan on k_1  (cost=0.00..5.47 rows=104 width=0)
	        Index Cond: ((k >= 2511771) AND (k <= 2511871))

table 2 : explain SELECT k, c FROM sbtest2 WHERE k BETWEEN 2511771 AND 2511871
	Bitmap Heap Scan on sbtest2  (cost=5.51..421.34 rows=105 width=125)
	  Recheck Cond: ((k >= 2511771) AND (k <= 2511871))
	  ->  Bitmap Index Scan on k_2  (cost=0.00..5.48 rows=105 width=0)
	        Index Cond: ((k >= 2511771) AND (k <= 2511871))

table 3 : explain SELECT k, c FROM sbtest3 WHERE k BETWEEN 2511771 AND 2511871
	Bitmap Heap Scan on sbtest3  (cost=5.50..417.49 rows=104 width=125)
	  Recheck Cond: ((k >= 2511771) AND (k <= 2511871))
	  ->  Bitmap Index Scan on k_3  (cost=0.00..5.47 rows=104 width=0)
	        Index Cond: ((k >= 2511771) AND (k <= 2511871))

table 4 : explain SELECT k, c FROM sbtest4 WHERE k BETWEEN 2511771 AND 2511871
	Bitmap Heap Scan on sbtest4  (cost=5.41..382.05 rows=95 width=125)
	  Recheck Cond: ((k >= 2511771) AND (k <= 2511871))
	  ->  Bitmap Index Scan on k_4  (cost=0.00..5.38 rows=95 width=0)
	        Index Cond: ((k >= 2511771) AND (k <= 2511871))

table 5 : explain SELECT k, c FROM sbtest5 WHERE k BETWEEN 2511771 AND 2511871
	Bitmap Heap Scan on sbtest5  (cost=5.50..417.31 rows=104 width=125)
	  Recheck Cond: ((k >= 2511771) AND (k <= 2511871))
	  ->  Bitmap Index Scan on k_5  (cost=0.00..5.47 rows=104 width=0)
	        Index Cond: ((k >= 2511771) AND (k <= 2511871))

table 6 : explain SELECT k, c FROM sbtest6 WHERE k BETWEEN 2511771 AND 2511871
	Bitmap Heap Scan on sbtest6  (cost=5.42..385.84 rows=96 width=125)
	  Recheck Cond: ((k >= 2511771) AND (k <= 2511871))
	  ->  Bitmap Index Scan on k_6  (cost=0.00..5.39 rows=96 width=0)
	        Index Cond: ((k >= 2511771) AND (k <= 2511871))

table 7 : explain SELECT k, c FROM sbtest7 WHERE k BETWEEN 2511771 AND 2511871
	Bitmap Heap Scan on sbtest7  (cost=5.58..449.16 rows=112 width=125)
	  Recheck Cond: ((k >= 2511771) AND (k <= 2511871))
	  ->  Bitmap Index Scan on k_7  (cost=0.00..5.55 rows=112 width=0)
	        Index Cond: ((k >= 2511771) AND (k <= 2511871))

table 8 : explain SELECT k, c FROM sbtest8 WHERE k BETWEEN 2511771 AND 2511871
	Bitmap Heap Scan on sbtest8  (cost=5.45..397.81 rows=99 width=125)
	  Recheck Cond: ((k >= 2511771) AND (k <= 2511871))
	  ->  Bitmap Index Scan on k_8  (cost=0.00..5.42 rows=99 width=0)
	        Index Cond: ((k >= 2511771) AND (k <= 2511871))

for range-notcovered
table 1 : explain SELECT k, c FROM sbtest1 WHERE k BETWEEN 4170254 AND 4170354
	Bitmap Heap Scan on sbtest1  (cost=5.46..401.65 rows=100 width=125)
	  Recheck Cond: ((k >= 4170254) AND (k <= 4170354))
	  ->  Bitmap Index Scan on k_1  (cost=0.00..5.43 rows=100 width=0)
	        Index Cond: ((k >= 4170254) AND (k <= 4170354))

table 2 : explain SELECT k, c FROM sbtest2 WHERE k BETWEEN 4170254 AND 4170354
	Bitmap Heap Scan on sbtest2  (cost=5.49..413.45 rows=103 width=125)
	  Recheck Cond: ((k >= 4170254) AND (k <= 4170354))
	  ->  Bitmap Index Scan on k_2  (cost=0.00..5.46 rows=103 width=0)
	        Index Cond: ((k >= 4170254) AND (k <= 4170354))

table 3 : explain SELECT k, c FROM sbtest3 WHERE k BETWEEN 4170254 AND 4170354
	Bitmap Heap Scan on sbtest3  (cost=5.47..405.65 rows=101 width=125)
	  Recheck Cond: ((k >= 4170254) AND (k <= 4170354))
	  ->  Bitmap Index Scan on k_3  (cost=0.00..5.44 rows=101 width=0)
	        Index Cond: ((k >= 4170254) AND (k <= 4170354))

table 4 : explain SELECT k, c FROM sbtest4 WHERE k BETWEEN 4170254 AND 4170354
	Bitmap Heap Scan on sbtest4  (cost=5.58..449.13 rows=112 width=125)
	  Recheck Cond: ((k >= 4170254) AND (k <= 4170354))
	  ->  Bitmap Index Scan on k_4  (cost=0.00..5.55 rows=112 width=0)
	        Index Cond: ((k >= 4170254) AND (k <= 4170354))

table 5 : explain SELECT k, c FROM sbtest5 WHERE k BETWEEN 4170254 AND 4170354
	Bitmap Heap Scan on sbtest5  (cost=5.48..409.43 rows=102 width=125)
	  Recheck Cond: ((k >= 4170254) AND (k <= 4170354))
	  ->  Bitmap Index Scan on k_5  (cost=0.00..5.45 rows=102 width=0)
	        Index Cond: ((k >= 4170254) AND (k <= 4170354))

table 6 : explain SELECT k, c FROM sbtest6 WHERE k BETWEEN 4170254 AND 4170354
	Bitmap Heap Scan on sbtest6  (cost=5.54..433.18 rows=108 width=125)
	  Recheck Cond: ((k >= 4170254) AND (k <= 4170354))
	  ->  Bitmap Index Scan on k_6  (cost=0.00..5.51 rows=108 width=0)
	        Index Cond: ((k >= 4170254) AND (k <= 4170354))

table 7 : explain SELECT k, c FROM sbtest7 WHERE k BETWEEN 4170254 AND 4170354
	Bitmap Heap Scan on sbtest7  (cost=5.55..437.33 rows=109 width=125)
	  Recheck Cond: ((k >= 4170254) AND (k <= 4170354))
	  ->  Bitmap Index Scan on k_7  (cost=0.00..5.52 rows=109 width=0)
	        Index Cond: ((k >= 4170254) AND (k <= 4170354))

table 8 : explain SELECT k, c FROM sbtest8 WHERE k BETWEEN 4170254 AND 4170354
	Bitmap Heap Scan on sbtest8  (cost=5.45..397.81 rows=99 width=125)
	  Recheck Cond: ((k >= 4170254) AND (k <= 4170354))
	  ->  Bitmap Index Scan on k_8  (cost=0.00..5.42 rows=99 width=0)
	        Index Cond: ((k >= 4170254) AND (k <= 4170354))

for range-notcovered
table 1 : explain SELECT k, c FROM sbtest1 WHERE k BETWEEN 8064513 AND 8064613
	Bitmap Heap Scan on sbtest1  (cost=5.59..452.91 rows=113 width=125)
	  Recheck Cond: ((k >= 8064513) AND (k <= 8064613))
	  ->  Bitmap Index Scan on k_1  (cost=0.00..5.56 rows=113 width=0)
	        Index Cond: ((k >= 8064513) AND (k <= 8064613))

table 2 : explain SELECT k, c FROM sbtest2 WHERE k BETWEEN 8064513 AND 8064613
	Bitmap Heap Scan on sbtest2  (cost=5.51..421.34 rows=105 width=125)
	  Recheck Cond: ((k >= 8064513) AND (k <= 8064613))
	  ->  Bitmap Index Scan on k_2  (cost=0.00..5.48 rows=105 width=0)
	        Index Cond: ((k >= 8064513) AND (k <= 8064613))

table 3 : explain SELECT k, c FROM sbtest3 WHERE k BETWEEN 8064513 AND 8064613
	Bitmap Heap Scan on sbtest3  (cost=5.36..362.22 rows=90 width=125)
	  Recheck Cond: ((k >= 8064513) AND (k <= 8064613))
	  ->  Bitmap Index Scan on k_3  (cost=0.00..5.33 rows=90 width=0)
	        Index Cond: ((k >= 8064513) AND (k <= 8064613))

table 4 : explain SELECT k, c FROM sbtest4 WHERE k BETWEEN 8064513 AND 8064613
	Bitmap Heap Scan on sbtest4  (cost=5.53..429.41 rows=107 width=125)
	  Recheck Cond: ((k >= 8064513) AND (k <= 8064613))
	  ->  Bitmap Index Scan on k_4  (cost=0.00..5.50 rows=107 width=0)
	        Index Cond: ((k >= 8064513) AND (k <= 8064613))

table 5 : explain SELECT k, c FROM sbtest5 WHERE k BETWEEN 8064513 AND 8064613
	Bitmap Heap Scan on sbtest5  (cost=5.48..409.43 rows=102 width=125)
	  Recheck Cond: ((k >= 8064513) AND (k <= 8064613))
	  ->  Bitmap Index Scan on k_5  (cost=0.00..5.45 rows=102 width=0)
	        Index Cond: ((k >= 8064513) AND (k <= 8064613))

table 6 : explain SELECT k, c FROM sbtest6 WHERE k BETWEEN 8064513 AND 8064613
	Bitmap Heap Scan on sbtest6  (cost=5.49..413.46 rows=103 width=125)
	  Recheck Cond: ((k >= 8064513) AND (k <= 8064613))
	  ->  Bitmap Index Scan on k_6  (cost=0.00..5.46 rows=103 width=0)
	        Index Cond: ((k >= 8064513) AND (k <= 8064613))

table 7 : explain SELECT k, c FROM sbtest7 WHERE k BETWEEN 8064513 AND 8064613
	Bitmap Heap Scan on sbtest7  (cost=5.57..445.21 rows=111 width=125)
	  Recheck Cond: ((k >= 8064513) AND (k <= 8064613))
	  ->  Bitmap Index Scan on k_7  (cost=0.00..5.54 rows=111 width=0)
	        Index Cond: ((k >= 8064513) AND (k <= 8064613))

table 8 : explain SELECT k, c FROM sbtest8 WHERE k BETWEEN 8064513 AND 8064613
	Bitmap Heap Scan on sbtest8  (cost=5.46..401.76 rows=100 width=125)
	  Recheck Cond: ((k >= 8064513) AND (k <= 8064613))
	  ->  Bitmap Index Scan on k_8  (cost=0.00..5.43 rows=100 width=0)
	        Index Cond: ((k >= 8064513) AND (k <= 8064613))

explain: for range-notcovered :: explain SELECT k, c FROM sbtest%d WHERE k BETWEEN 2511771 AND 2511871
explain: for range-notcovered :: explain SELECT k, c FROM sbtest%d WHERE k BETWEEN 7302808 AND 7302908
for range-notcovered
table 1 : explain SELECT k, c FROM sbtest1 WHERE k BETWEEN 5510090 AND 5510190
	Bitmap Heap Scan on sbtest1  (cost=5.47..405.59 rows=101 width=125)
	  Recheck Cond: ((k >= 5510090) AND (k <= 5510190))
	  ->  Bitmap Index Scan on k_1  (cost=0.00..5.44 rows=101 width=0)
	        Index Cond: ((k >= 5510090) AND (k <= 5510190))

table 2 : explain SELECT k, c FROM sbtest2 WHERE k BETWEEN 5510090 AND 5510190
	Bitmap Heap Scan on sbtest2  (cost=5.48..409.51 rows=102 width=125)
	  Recheck Cond: ((k >= 5510090) AND (k <= 5510190))
	  ->  Bitmap Index Scan on k_2  (cost=0.00..5.45 rows=102 width=0)
	        Index Cond: ((k >= 5510090) AND (k <= 5510190))

table 3 : explain SELECT k, c FROM sbtest3 WHERE k BETWEEN 5510090 AND 5510190
	Bitmap Heap Scan on sbtest3  (cost=5.58..449.03 rows=112 width=125)
	  Recheck Cond: ((k >= 5510090) AND (k <= 5510190))
	  ->  Bitmap Index Scan on k_3  (cost=0.00..5.55 rows=112 width=0)
	        Index Cond: ((k >= 5510090) AND (k <= 5510190))

table 4 : explain SELECT k, c FROM sbtest4 WHERE k BETWEEN 5510090 AND 5510190
	Bitmap Heap Scan on sbtest4  (cost=5.53..429.41 rows=107 width=125)
	  Recheck Cond: ((k >= 5510090) AND (k <= 5510190))
	  ->  Bitmap Index Scan on k_4  (cost=0.00..5.50 rows=107 width=0)
	        Index Cond: ((k >= 5510090) AND (k <= 5510190))

table 5 : explain SELECT k, c FROM sbtest5 WHERE k BETWEEN 5510090 AND 5510190
	Bitmap Heap Scan on sbtest5  (cost=5.58..448.84 rows=112 width=125)
	  Recheck Cond: ((k >= 5510090) AND (k <= 5510190))
	  ->  Bitmap Index Scan on k_5  (cost=0.00..5.55 rows=112 width=0)
	        Index Cond: ((k >= 5510090) AND (k <= 5510190))

table 6 : explain SELECT k, c FROM sbtest6 WHERE k BETWEEN 5510090 AND 5510190
	Bitmap Heap Scan on sbtest6  (cost=5.54..433.18 rows=108 width=125)
	  Recheck Cond: ((k >= 5510090) AND (k <= 5510190))
	  ->  Bitmap Index Scan on k_6  (cost=0.00..5.51 rows=108 width=0)
	        Index Cond: ((k >= 5510090) AND (k <= 5510190))

table 7 : explain SELECT k, c FROM sbtest7 WHERE k BETWEEN 5510090 AND 5510190
	Bitmap Heap Scan on sbtest7  (cost=5.44..393.91 rows=98 width=125)
	  Recheck Cond: ((k >= 5510090) AND (k <= 5510190))
	  ->  Bitmap Index Scan on k_7  (cost=0.00..5.42 rows=98 width=0)
	        Index Cond: ((k >= 5510090) AND (k <= 5510190))

table 8 : explain SELECT k, c FROM sbtest8 WHERE k BETWEEN 5510090 AND 5510190
	Bitmap Heap Scan on sbtest8  (cost=5.40..378.07 rows=94 width=125)
	  Recheck Cond: ((k >= 5510090) AND (k <= 5510190))
	  ->  Bitmap Index Scan on k_8  (cost=0.00..5.38 rows=94 width=0)
	        Index Cond: ((k >= 5510090) AND (k <= 5510190))

explain: for range-notcovered :: explain SELECT k, c FROM sbtest%d WHERE k BETWEEN 4170254 AND 4170354
for range-notcovered
table 1 : explain SELECT k, c FROM sbtest1 WHERE k BETWEEN 2901047 AND 2901147
	Bitmap Heap Scan on sbtest1  (cost=5.49..413.48 rows=103 width=125)
	  Recheck Cond: ((k >= 2901047) AND (k <= 2901147))
	  ->  Bitmap Index Scan on k_1  (cost=0.00..5.46 rows=103 width=0)
	        Index Cond: ((k >= 2901047) AND (k <= 2901147))

table 2 : explain SELECT k, c FROM sbtest2 WHERE k BETWEEN 2901047 AND 2901147
	Bitmap Heap Scan on sbtest2  (cost=5.37..366.09 rows=91 width=125)
	  Recheck Cond: ((k >= 2901047) AND (k <= 2901147))
	  ->  Bitmap Index Scan on k_2  (cost=0.00..5.34 rows=91 width=0)
	        Index Cond: ((k >= 2901047) AND (k <= 2901147))

table 3 : explain SELECT k, c FROM sbtest3 WHERE k BETWEEN 2901047 AND 2901147
	Bitmap Heap Scan on sbtest3  (cost=5.41..381.97 rows=95 width=125)
	  Recheck Cond: ((k >= 2901047) AND (k <= 2901147))
	  ->  Bitmap Index Scan on k_3  (cost=0.00..5.38 rows=95 width=0)
	        Index Cond: ((k >= 2901047) AND (k <= 2901147))

table 4 : explain SELECT k, c FROM sbtest4 WHERE k BETWEEN 2901047 AND 2901147
	Bitmap Heap Scan on sbtest4  (cost=5.48..409.68 rows=102 width=125)
	  Recheck Cond: ((k >= 2901047) AND (k <= 2901147))
	  ->  Bitmap Index Scan on k_4  (cost=0.00..5.45 rows=102 width=0)
	        Index Cond: ((k >= 2901047) AND (k <= 2901147))

table 5 : explain SELECT k, c FROM sbtest5 WHERE k BETWEEN 2901047 AND 2901147
	Bitmap Heap Scan on sbtest5  (cost=5.39..373.92 rows=93 width=125)
	  Recheck Cond: ((k >= 2901047) AND (k <= 2901147))
	  ->  Bitmap Index Scan on k_5  (cost=0.00..5.36 rows=93 width=0)
	        Index Cond: ((k >= 2901047) AND (k <= 2901147))

table 6 : explain SELECT k, c FROM sbtest6 WHERE k BETWEEN 2901047 AND 2901147
	Bitmap Heap Scan on sbtest6  (cost=5.37..366.10 rows=91 width=125)
	  Recheck Cond: ((k >= 2901047) AND (k <= 2901147))
	  ->  Bitmap Index Scan on k_6  (cost=0.00..5.34 rows=91 width=0)
	        Index Cond: ((k >= 2901047) AND (k <= 2901147))

table 7 : explain SELECT k, c FROM sbtest7 WHERE k BETWEEN 2901047 AND 2901147
	Bitmap Heap Scan on sbtest7  (cost=5.42..386.01 rows=96 width=125)
	  Recheck Cond: ((k >= 2901047) AND (k <= 2901147))
	  ->  Bitmap Index Scan on k_7  (cost=0.00..5.39 rows=96 width=0)
	        Index Cond: ((k >= 2901047) AND (k <= 2901147))

table 8 : explain SELECT k, c FROM sbtest8 WHERE k BETWEEN 2901047 AND 2901147
	Bitmap Heap Scan on sbtest8  (cost=5.50..417.54 rows=104 width=125)
	  Recheck Cond: ((k >= 2901047) AND (k <= 2901147))
	  ->  Bitmap Index Scan on k_8  (cost=0.00..5.47 rows=104 width=0)
	        Index Cond: ((k >= 2901047) AND (k <= 2901147))

for range-notcovered
table 1 : explain SELECT k, c FROM sbtest1 WHERE k BETWEEN 4708187 AND 4708287
	Bitmap Heap Scan on sbtest1  (cost=5.42..385.86 rows=96 width=125)
	  Recheck Cond: ((k >= 4708187) AND (k <= 4708287))
	  ->  Bitmap Index Scan on k_1  (cost=0.00..5.39 rows=96 width=0)
	        Index Cond: ((k >= 4708187) AND (k <= 4708287))

table 2 : explain SELECT k, c FROM sbtest2 WHERE k BETWEEN 4708187 AND 4708287
	Bitmap Heap Scan on sbtest2  (cost=5.46..401.62 rows=100 width=125)
	  Recheck Cond: ((k >= 4708187) AND (k <= 4708287))
	  ->  Bitmap Index Scan on k_2  (cost=0.00..5.43 rows=100 width=0)
	        Index Cond: ((k >= 4708187) AND (k <= 4708287))

table 3 : explain SELECT k, c FROM sbtest3 WHERE k BETWEEN 4708187 AND 4708287
	Bitmap Heap Scan on sbtest3  (cost=5.48..409.59 rows=102 width=125)
	  Recheck Cond: ((k >= 4708187) AND (k <= 4708287))
	  ->  Bitmap Index Scan on k_3  (cost=0.00..5.45 rows=102 width=0)
	        Index Cond: ((k >= 4708187) AND (k <= 4708287))

table 4 : explain SELECT k, c FROM sbtest4 WHERE k BETWEEN 4708187 AND 4708287
	Bitmap Heap Scan on sbtest4  (cost=5.48..409.68 rows=102 width=125)
	  Recheck Cond: ((k >= 4708187) AND (k <= 4708287))
	  ->  Bitmap Index Scan on k_4  (cost=0.00..5.45 rows=102 width=0)
	        Index Cond: ((k >= 4708187) AND (k <= 4708287))

table 5 : explain SELECT k, c FROM sbtest5 WHERE k BETWEEN 4708187 AND 4708287
	Bitmap Heap Scan on sbtest5  (cost=5.50..417.31 rows=104 width=125)
	  Recheck Cond: ((k >= 4708187) AND (k <= 4708287))
	  ->  Bitmap Index Scan on k_5  (cost=0.00..5.47 rows=104 width=0)
	        Index Cond: ((k >= 4708187) AND (k <= 4708287))

table 6 : explain SELECT k, c FROM sbtest6 WHERE k BETWEEN 4708187 AND 4708287
	Bitmap Heap Scan on sbtest6  (cost=5.57..445.00 rows=111 width=125)
	  Recheck Cond: ((k >= 4708187) AND (k <= 4708287))
	  ->  Bitmap Index Scan on k_6  (cost=0.00..5.54 rows=111 width=0)
	        Index Cond: ((k >= 4708187) AND (k <= 4708287))

table 7 : explain SELECT k, c FROM sbtest7 WHERE k BETWEEN 4708187 AND 4708287
	Bitmap Heap Scan on sbtest7  (cost=5.51..421.54 rows=105 width=125)
	  Recheck Cond: ((k >= 4708187) AND (k <= 4708287))
	  ->  Bitmap Index Scan on k_7  (cost=0.00..5.48 rows=105 width=0)
	        Index Cond: ((k >= 4708187) AND (k <= 4708287))

table 8 : explain SELECT k, c FROM sbtest8 WHERE k BETWEEN 4708187 AND 4708287
	Bitmap Heap Scan on sbtest8  (cost=5.51..421.49 rows=105 width=125)
	  Recheck Cond: ((k >= 4708187) AND (k <= 4708287))
	  ->  Bitmap Index Scan on k_8  (cost=0.00..5.48 rows=105 width=0)
	        Index Cond: ((k >= 4708187) AND (k <= 4708287))

for range-notcovered
table 1 : explain SELECT k, c FROM sbtest1 WHERE k BETWEEN 6035731 AND 6035831
	Bitmap Heap Scan on sbtest1  (cost=5.40..377.97 rows=94 width=125)
	  Recheck Cond: ((k >= 6035731) AND (k <= 6035831))
	  ->  Bitmap Index Scan on k_1  (cost=0.00..5.38 rows=94 width=0)
	        Index Cond: ((k >= 6035731) AND (k <= 6035831))

table 2 : explain SELECT k, c FROM sbtest2 WHERE k BETWEEN 6035731 AND 6035831
	Bitmap Heap Scan on sbtest2  (cost=5.42..385.83 rows=96 width=125)
	  Recheck Cond: ((k >= 6035731) AND (k <= 6035831))
	  ->  Bitmap Index Scan on k_2  (cost=0.00..5.39 rows=96 width=0)
	        Index Cond: ((k >= 6035731) AND (k <= 6035831))

table 3 : explain SELECT k, c FROM sbtest3 WHERE k BETWEEN 6035731 AND 6035831
	Bitmap Heap Scan on sbtest3  (cost=5.46..401.70 rows=100 width=125)
	  Recheck Cond: ((k >= 6035731) AND (k <= 6035831))
	  ->  Bitmap Index Scan on k_3  (cost=0.00..5.43 rows=100 width=0)
	        Index Cond: ((k >= 6035731) AND (k <= 6035831))

table 4 : explain SELECT k, c FROM sbtest4 WHERE k BETWEEN 6035731 AND 6035831
	Bitmap Heap Scan on sbtest4  (cost=5.53..429.41 rows=107 width=125)
	  Recheck Cond: ((k >= 6035731) AND (k <= 6035831))
	  ->  Bitmap Index Scan on k_4  (cost=0.00..5.50 rows=107 width=0)
	        Index Cond: ((k >= 6035731) AND (k <= 6035831))

table 5 : explain SELECT k, c FROM sbtest5 WHERE k BETWEEN 6035731 AND 6035831
	Bitmap Heap Scan on sbtest5  (cost=5.53..429.14 rows=107 width=125)
	  Recheck Cond: ((k >= 6035731) AND (k <= 6035831))
	  ->  Bitmap Index Scan on k_5  (cost=0.00..5.50 rows=107 width=0)
	        Index Cond: ((k >= 6035731) AND (k <= 6035831))

table 6 : explain SELECT k, c FROM sbtest6 WHERE k BETWEEN 6035731 AND 6035831
	Bitmap Heap Scan on sbtest6  (cost=5.49..413.46 rows=103 width=125)
	  Recheck Cond: ((k >= 6035731) AND (k <= 6035831))
	  ->  Bitmap Index Scan on k_6  (cost=0.00..5.46 rows=103 width=0)
	        Index Cond: ((k >= 6035731) AND (k <= 6035831))

table 7 : explain SELECT k, c FROM sbtest7 WHERE k BETWEEN 6035731 AND 6035831
	Bitmap Heap Scan on sbtest7  (cost=5.47..405.76 rows=101 width=125)
	  Recheck Cond: ((k >= 6035731) AND (k <= 6035831))
	  ->  Bitmap Index Scan on k_7  (cost=0.00..5.44 rows=101 width=0)
	        Index Cond: ((k >= 6035731) AND (k <= 6035831))

table 8 : explain SELECT k, c FROM sbtest8 WHERE k BETWEEN 6035731 AND 6035831
	Bitmap Heap Scan on sbtest8  (cost=5.56..441.21 rows=110 width=125)
	  Recheck Cond: ((k >= 6035731) AND (k <= 6035831))
	  ->  Bitmap Index Scan on k_8  (cost=0.00..5.53 rows=110 width=0)
	        Index Cond: ((k >= 6035731) AND (k <= 6035831))

for range-notcovered
table 1 : explain SELECT k, c FROM sbtest1 WHERE k BETWEEN 4807137 AND 4807237
	Bitmap Heap Scan on sbtest1  (cost=5.42..385.86 rows=96 width=125)
	  Recheck Cond: ((k >= 4807137) AND (k <= 4807237))
	  ->  Bitmap Index Scan on k_1  (cost=0.00..5.39 rows=96 width=0)
	        Index Cond: ((k >= 4807137) AND (k <= 4807237))

table 2 : explain SELECT k, c FROM sbtest2 WHERE k BETWEEN 4807137 AND 4807237
	Bitmap Heap Scan on sbtest2  (cost=5.48..409.51 rows=102 width=125)
	  Recheck Cond: ((k >= 4807137) AND (k <= 4807237))
	  ->  Bitmap Index Scan on k_2  (cost=0.00..5.45 rows=102 width=0)
	        Index Cond: ((k >= 4807137) AND (k <= 4807237))

table 3 : explain SELECT k, c FROM sbtest3 WHERE k BETWEEN 4807137 AND 4807237
	Bitmap Heap Scan on sbtest3  (cost=5.51..421.43 rows=105 width=125)
	  Recheck Cond: ((k >= 4807137) AND (k <= 4807237))
	  ->  Bitmap Index Scan on k_3  (cost=0.00..5.48 rows=105 width=0)
	        Index Cond: ((k >= 4807137) AND (k <= 4807237))

table 4 : explain SELECT k, c FROM sbtest4 WHERE k BETWEEN 4807137 AND 4807237
	Bitmap Heap Scan on sbtest4  (cost=5.42..385.99 rows=96 width=125)
	  Recheck Cond: ((k >= 4807137) AND (k <= 4807237))
	  ->  Bitmap Index Scan on k_4  (cost=0.00..5.39 rows=96 width=0)
	        Index Cond: ((k >= 4807137) AND (k <= 4807237))

table 5 : explain SELECT k, c FROM sbtest5 WHERE k BETWEEN 4807137 AND 4807237
	Bitmap Heap Scan on sbtest5  (cost=5.50..417.31 rows=104 width=125)
	  Recheck Cond: ((k >= 4807137) AND (k <= 4807237))
	  ->  Bitmap Index Scan on k_5  (cost=0.00..5.47 rows=104 width=0)
	        Index Cond: ((k >= 4807137) AND (k <= 4807237))

table 6 : explain SELECT k, c FROM sbtest6 WHERE k BETWEEN 4807137 AND 4807237
	Bitmap Heap Scan on sbtest6  (cost=5.39..374.00 rows=93 width=125)
	  Recheck Cond: ((k >= 4807137) AND (k <= 4807237))
	  ->  Bitmap Index Scan on k_6  (cost=0.00..5.36 rows=93 width=0)
	        Index Cond: ((k >= 4807137) AND (k <= 4807237))

table 7 : explain SELECT k, c FROM sbtest7 WHERE k BETWEEN 4807137 AND 4807237
	Bitmap Heap Scan on sbtest7  (cost=5.42..386.01 rows=96 width=125)
	  Recheck Cond: ((k >= 4807137) AND (k <= 4807237))
	  ->  Bitmap Index Scan on k_7  (cost=0.00..5.39 rows=96 width=0)
	        Index Cond: ((k >= 4807137) AND (k <= 4807237))

table 8 : explain SELECT k, c FROM sbtest8 WHERE k BETWEEN 4807137 AND 4807237
	Bitmap Heap Scan on sbtest8  (cost=5.50..417.54 rows=104 width=125)
	  Recheck Cond: ((k >= 4807137) AND (k <= 4807237))
	  ->  Bitmap Index Scan on k_8  (cost=0.00..5.47 rows=104 width=0)
	        Index Cond: ((k >= 4807137) AND (k <= 4807237))

for range-notcovered
table 1 : explain SELECT k, c FROM sbtest1 WHERE k BETWEEN 4244231 AND 4244331
	Bitmap Heap Scan on sbtest1  (cost=5.45..397.70 rows=99 width=125)
	  Recheck Cond: ((k >= 4244231) AND (k <= 4244331))
	  ->  Bitmap Index Scan on k_1  (cost=0.00..5.42 rows=99 width=0)
	        Index Cond: ((k >= 4244231) AND (k <= 4244331))

table 2 : explain SELECT k, c FROM sbtest2 WHERE k BETWEEN 4244231 AND 4244331
	Bitmap Heap Scan on sbtest2  (cost=5.58..448.93 rows=112 width=125)
	  Recheck Cond: ((k >= 4244231) AND (k <= 4244331))
	  ->  Bitmap Index Scan on k_2  (cost=0.00..5.55 rows=112 width=0)
	        Index Cond: ((k >= 4244231) AND (k <= 4244331))

table 3 : explain SELECT k, c FROM sbtest3 WHERE k BETWEEN 4244231 AND 4244331
	Bitmap Heap Scan on sbtest3  (cost=5.40..378.02 rows=94 width=125)
	  Recheck Cond: ((k >= 4244231) AND (k <= 4244331))
	  ->  Bitmap Index Scan on k_3  (cost=0.00..5.38 rows=94 width=0)
	        Index Cond: ((k >= 4244231) AND (k <= 4244331))

table 4 : explain SELECT k, c FROM sbtest4 WHERE k BETWEEN 4244231 AND 4244331
	Bitmap Heap Scan on sbtest4  (cost=5.48..409.68 rows=102 width=125)
	  Recheck Cond: ((k >= 4244231) AND (k <= 4244331))
	  ->  Bitmap Index Scan on k_4  (cost=0.00..5.45 rows=102 width=0)
	        Index Cond: ((k >= 4244231) AND (k <= 4244331))

table 5 : explain SELECT k, c FROM sbtest5 WHERE k BETWEEN 4244231 AND 4244331
	Bitmap Heap Scan on sbtest5  (cost=5.58..448.84 rows=112 width=125)
	  Recheck Cond: ((k >= 4244231) AND (k <= 4244331))
	  ->  Bitmap Index Scan on k_5  (cost=0.00..5.55 rows=112 width=0)
	        Index Cond: ((k >= 4244231) AND (k <= 4244331))

table 6 : explain SELECT k, c FROM sbtest6 WHERE k BETWEEN 4244231 AND 4244331
	Bitmap Heap Scan on sbtest6  (cost=5.50..417.41 rows=104 width=125)
	  Recheck Cond: ((k >= 4244231) AND (k <= 4244331))
	  ->  Bitmap Index Scan on k_6  (cost=0.00..5.47 rows=104 width=0)
	        Index Cond: ((k >= 4244231) AND (k <= 4244331))

table 7 : explain SELECT k, c FROM sbtest7 WHERE k BETWEEN 4244231 AND 4244331
	Bitmap Heap Scan on sbtest7  (cost=5.45..397.86 rows=99 width=125)
	  Recheck Cond: ((k >= 4244231) AND (k <= 4244331))
	  ->  Bitmap Index Scan on k_7  (cost=0.00..5.42 rows=99 width=0)
	        Index Cond: ((k >= 4244231) AND (k <= 4244331))

table 8 : explain SELECT k, c FROM sbtest8 WHERE k BETWEEN 4244231 AND 4244331
	Bitmap Heap Scan on sbtest8  (cost=5.40..378.07 rows=94 width=125)
	  Recheck Cond: ((k >= 4244231) AND (k <= 4244331))
	  ->  Bitmap Index Scan on k_8  (cost=0.00..5.38 rows=94 width=0)
	        Index Cond: ((k >= 4244231) AND (k <= 4244331))

explain: for range-notcovered :: explain SELECT k, c FROM sbtest%d WHERE k BETWEEN 4244231 AND 4244331
for range-notcovered
table 1 : explain SELECT k, c FROM sbtest1 WHERE k BETWEEN 2511771 AND 2511871
	Bitmap Heap Scan on sbtest1  (cost=5.50..417.43 rows=104 width=125)
	  Recheck Cond: ((k >= 2511771) AND (k <= 2511871))
	  ->  Bitmap Index Scan on k_1  (cost=0.00..5.47 rows=104 width=0)
	        Index Cond: ((k >= 2511771) AND (k <= 2511871))

table 2 : explain SELECT k, c FROM sbtest2 WHERE k BETWEEN 2511771 AND 2511871
	Bitmap Heap Scan on sbtest2  (cost=5.51..421.34 rows=105 width=125)
	  Recheck Cond: ((k >= 2511771) AND (k <= 2511871))
	  ->  Bitmap Index Scan on k_2  (cost=0.00..5.48 rows=105 width=0)
	        Index Cond: ((k >= 2511771) AND (k <= 2511871))

table 3 : explain SELECT k, c FROM sbtest3 WHERE k BETWEEN 2511771 AND 2511871
	Bitmap Heap Scan on sbtest3  (cost=5.50..417.49 rows=104 width=125)
	  Recheck Cond: ((k >= 2511771) AND (k <= 2511871))
	  ->  Bitmap Index Scan on k_3  (cost=0.00..5.47 rows=104 width=0)
	        Index Cond: ((k >= 2511771) AND (k <= 2511871))

table 4 : explain SELECT k, c FROM sbtest4 WHERE k BETWEEN 2511771 AND 2511871
	Bitmap Heap Scan on sbtest4  (cost=5.41..382.05 rows=95 width=125)
	  Recheck Cond: ((k >= 2511771) AND (k <= 2511871))
	  ->  Bitmap Index Scan on k_4  (cost=0.00..5.38 rows=95 width=0)
	        Index Cond: ((k >= 2511771) AND (k <= 2511871))

table 5 : explain SELECT k, c FROM sbtest5 WHERE k BETWEEN 2511771 AND 2511871
	Bitmap Heap Scan on sbtest5  (cost=5.50..417.31 rows=104 width=125)
	  Recheck Cond: ((k >= 2511771) AND (k <= 2511871))
	  ->  Bitmap Index Scan on k_5  (cost=0.00..5.47 rows=104 width=0)
	        Index Cond: ((k >= 2511771) AND (k <= 2511871))

table 6 : explain SELECT k, c FROM sbtest6 WHERE k BETWEEN 2511771 AND 2511871
	Bitmap Heap Scan on sbtest6  (cost=5.42..385.84 rows=96 width=125)
	  Recheck Cond: ((k >= 2511771) AND (k <= 2511871))
	  ->  Bitmap Index Scan on k_6  (cost=0.00..5.39 rows=96 width=0)
	        Index Cond: ((k >= 2511771) AND (k <= 2511871))

table 7 : explain SELECT k, c FROM sbtest7 WHERE k BETWEEN 2511771 AND 2511871
	Bitmap Heap Scan on sbtest7  (cost=5.58..449.16 rows=112 width=125)
	  Recheck Cond: ((k >= 2511771) AND (k <= 2511871))
	  ->  Bitmap Index Scan on k_7  (cost=0.00..5.55 rows=112 width=0)
	        Index Cond: ((k >= 2511771) AND (k <= 2511871))

table 8 : explain SELECT k, c FROM sbtest8 WHERE k BETWEEN 2511771 AND 2511871
	Bitmap Heap Scan on sbtest8  (cost=5.45..397.81 rows=99 width=125)
	  Recheck Cond: ((k >= 2511771) AND (k <= 2511871))
	  ->  Bitmap Index Scan on k_8  (cost=0.00..5.42 rows=99 width=0)
	        Index Cond: ((k >= 2511771) AND (k <= 2511871))

for range-notcovered
table 1 : explain SELECT k, c FROM sbtest1 WHERE k BETWEEN 7302808 AND 7302908
	Bitmap Heap Scan on sbtest1  (cost=5.52..425.31 rows=106 width=125)
	  Recheck Cond: ((k >= 7302808) AND (k <= 7302908))
	  ->  Bitmap Index Scan on k_1  (cost=0.00..5.50 rows=106 width=0)
	        Index Cond: ((k >= 7302808) AND (k <= 7302908))

table 2 : explain SELECT k, c FROM sbtest2 WHERE k BETWEEN 7302808 AND 7302908
	Bitmap Heap Scan on sbtest2  (cost=5.48..409.51 rows=102 width=125)
	  Recheck Cond: ((k >= 7302808) AND (k <= 7302908))
	  ->  Bitmap Index Scan on k_2  (cost=0.00..5.45 rows=102 width=0)
	        Index Cond: ((k >= 7302808) AND (k <= 7302908))

table 3 : explain SELECT k, c FROM sbtest3 WHERE k BETWEEN 7302808 AND 7302908
	Bitmap Heap Scan on sbtest3  (cost=5.50..417.49 rows=104 width=125)
	  Recheck Cond: ((k >= 7302808) AND (k <= 7302908))
	  ->  Bitmap Index Scan on k_3  (cost=0.00..5.47 rows=104 width=0)
	        Index Cond: ((k >= 7302808) AND (k <= 7302908))

table 4 : explain SELECT k, c FROM sbtest4 WHERE k BETWEEN 7302808 AND 7302908
	Bitmap Heap Scan on sbtest4  (cost=5.42..385.99 rows=96 width=125)
	  Recheck Cond: ((k >= 7302808) AND (k <= 7302908))
	  ->  Bitmap Index Scan on k_4  (cost=0.00..5.39 rows=96 width=0)
	        Index Cond: ((k >= 7302808) AND (k <= 7302908))

table 5 : explain SELECT k, c FROM sbtest5 WHERE k BETWEEN 7302808 AND 7302908
	Bitmap Heap Scan on sbtest5  (cost=5.53..429.14 rows=107 width=125)
	  Recheck Cond: ((k >= 7302808) AND (k <= 7302908))
	  ->  Bitmap Index Scan on k_5  (cost=0.00..5.50 rows=107 width=0)
	        Index Cond: ((k >= 7302808) AND (k <= 7302908))

table 6 : explain SELECT k, c FROM sbtest6 WHERE k BETWEEN 7302808 AND 7302908
	Bitmap Heap Scan on sbtest6  (cost=5.57..445.00 rows=111 width=125)
	  Recheck Cond: ((k >= 7302808) AND (k <= 7302908))
	  ->  Bitmap Index Scan on k_6  (cost=0.00..5.54 rows=111 width=0)
	        Index Cond: ((k >= 7302808) AND (k <= 7302908))

table 7 : explain SELECT k, c FROM sbtest7 WHERE k BETWEEN 7302808 AND 7302908
	Bitmap Heap Scan on sbtest7  (cost=5.54..433.38 rows=108 width=125)
	  Recheck Cond: ((k >= 7302808) AND (k <= 7302908))
	  ->  Bitmap Index Scan on k_7  (cost=0.00..5.51 rows=108 width=0)
	        Index Cond: ((k >= 7302808) AND (k <= 7302908))

table 8 : explain SELECT k, c FROM sbtest8 WHERE k BETWEEN 7302808 AND 7302908
	Bitmap Heap Scan on sbtest8  (cost=5.55..437.27 rows=109 width=125)
	  Recheck Cond: ((k >= 7302808) AND (k <= 7302908))
	  ->  Bitmap Index Scan on k_8  (cost=0.00..5.52 rows=109 width=0)
	        Index Cond: ((k >= 7302808) AND (k <= 7302908))

for range-notcovered
table 1 : explain SELECT k, c FROM sbtest1 WHERE k BETWEEN 4170254 AND 4170354
	Bitmap Heap Scan on sbtest1  (cost=5.46..401.65 rows=100 width=125)
	  Recheck Cond: ((k >= 4170254) AND (k <= 4170354))
	  ->  Bitmap Index Scan on k_1  (cost=0.00..5.43 rows=100 width=0)
	        Index Cond: ((k >= 4170254) AND (k <= 4170354))

table 2 : explain SELECT k, c FROM sbtest2 WHERE k BETWEEN 4170254 AND 4170354
	Bitmap Heap Scan on sbtest2  (cost=5.49..413.45 rows=103 width=125)
	  Recheck Cond: ((k >= 4170254) AND (k <= 4170354))
	  ->  Bitmap Index Scan on k_2  (cost=0.00..5.46 rows=103 width=0)
	        Index Cond: ((k >= 4170254) AND (k <= 4170354))

table 3 : explain SELECT k, c FROM sbtest3 WHERE k BETWEEN 4170254 AND 4170354
	Bitmap Heap Scan on sbtest3  (cost=5.47..405.65 rows=101 width=125)
	  Recheck Cond: ((k >= 4170254) AND (k <= 4170354))
	  ->  Bitmap Index Scan on k_3  (cost=0.00..5.44 rows=101 width=0)
	        Index Cond: ((k >= 4170254) AND (k <= 4170354))

table 4 : explain SELECT k, c FROM sbtest4 WHERE k BETWEEN 4170254 AND 4170354
	Bitmap Heap Scan on sbtest4  (cost=5.58..449.13 rows=112 width=125)
	  Recheck Cond: ((k >= 4170254) AND (k <= 4170354))
	  ->  Bitmap Index Scan on k_4  (cost=0.00..5.55 rows=112 width=0)
	        Index Cond: ((k >= 4170254) AND (k <= 4170354))

table 5 : explain SELECT k, c FROM sbtest5 WHERE k BETWEEN 4170254 AND 4170354
	Bitmap Heap Scan on sbtest5  (cost=5.48..409.43 rows=102 width=125)
	  Recheck Cond: ((k >= 4170254) AND (k <= 4170354))
	  ->  Bitmap Index Scan on k_5  (cost=0.00..5.45 rows=102 width=0)
	        Index Cond: ((k >= 4170254) AND (k <= 4170354))

table 6 : explain SELECT k, c FROM sbtest6 WHERE k BETWEEN 4170254 AND 4170354
	Bitmap Heap Scan on sbtest6  (cost=5.54..433.18 rows=108 width=125)
	  Recheck Cond: ((k >= 4170254) AND (k <= 4170354))
	  ->  Bitmap Index Scan on k_6  (cost=0.00..5.51 rows=108 width=0)
	        Index Cond: ((k >= 4170254) AND (k <= 4170354))

table 7 : explain SELECT k, c FROM sbtest7 WHERE k BETWEEN 4170254 AND 4170354
	Bitmap Heap Scan on sbtest7  (cost=5.55..437.33 rows=109 width=125)
	  Recheck Cond: ((k >= 4170254) AND (k <= 4170354))
	  ->  Bitmap Index Scan on k_7  (cost=0.00..5.52 rows=109 width=0)
	        Index Cond: ((k >= 4170254) AND (k <= 4170354))

table 8 : explain SELECT k, c FROM sbtest8 WHERE k BETWEEN 4170254 AND 4170354
	Bitmap Heap Scan on sbtest8  (cost=5.45..397.81 rows=99 width=125)
	  Recheck Cond: ((k >= 4170254) AND (k <= 4170354))
	  ->  Bitmap Index Scan on k_8  (cost=0.00..5.42 rows=99 width=0)
	        Index Cond: ((k >= 4170254) AND (k <= 4170354))

explain: for range-notcovered :: explain SELECT k, c FROM sbtest%d WHERE k BETWEEN 2511771 AND 2511871
explain: for range-notcovered :: explain SELECT k, c FROM sbtest%d WHERE k BETWEEN 7302808 AND 7302908
explain: for range-notcovered :: explain SELECT k, c FROM sbtest%d WHERE k BETWEEN 4170254 AND 4170354
explain: for range-notcovered :: explain SELECT k, c FROM sbtest%d WHERE k BETWEEN 2498134 AND 2498234
for range-notcovered
table 1 : explain SELECT k, c FROM sbtest1 WHERE k BETWEEN 4244231 AND 4244331
	Bitmap Heap Scan on sbtest1  (cost=5.45..397.70 rows=99 width=125)
	  Recheck Cond: ((k >= 4244231) AND (k <= 4244331))
	  ->  Bitmap Index Scan on k_1  (cost=0.00..5.42 rows=99 width=0)
	        Index Cond: ((k >= 4244231) AND (k <= 4244331))

table 2 : explain SELECT k, c FROM sbtest2 WHERE k BETWEEN 4244231 AND 4244331
	Bitmap Heap Scan on sbtest2  (cost=5.58..448.93 rows=112 width=125)
	  Recheck Cond: ((k >= 4244231) AND (k <= 4244331))
	  ->  Bitmap Index Scan on k_2  (cost=0.00..5.55 rows=112 width=0)
	        Index Cond: ((k >= 4244231) AND (k <= 4244331))

table 3 : explain SELECT k, c FROM sbtest3 WHERE k BETWEEN 4244231 AND 4244331
	Bitmap Heap Scan on sbtest3  (cost=5.40..378.02 rows=94 width=125)
	  Recheck Cond: ((k >= 4244231) AND (k <= 4244331))
	  ->  Bitmap Index Scan on k_3  (cost=0.00..5.38 rows=94 width=0)
	        Index Cond: ((k >= 4244231) AND (k <= 4244331))

table 4 : explain SELECT k, c FROM sbtest4 WHERE k BETWEEN 4244231 AND 4244331
	Bitmap Heap Scan on sbtest4  (cost=5.48..409.68 rows=102 width=125)
	  Recheck Cond: ((k >= 4244231) AND (k <= 4244331))
	  ->  Bitmap Index Scan on k_4  (cost=0.00..5.45 rows=102 width=0)
	        Index Cond: ((k >= 4244231) AND (k <= 4244331))

table 5 : explain SELECT k, c FROM sbtest5 WHERE k BETWEEN 4244231 AND 4244331
	Bitmap Heap Scan on sbtest5  (cost=5.58..448.84 rows=112 width=125)
	  Recheck Cond: ((k >= 4244231) AND (k <= 4244331))
	  ->  Bitmap Index Scan on k_5  (cost=0.00..5.55 rows=112 width=0)
	        Index Cond: ((k >= 4244231) AND (k <= 4244331))

table 6 : explain SELECT k, c FROM sbtest6 WHERE k BETWEEN 4244231 AND 4244331
	Bitmap Heap Scan on sbtest6  (cost=5.50..417.41 rows=104 width=125)
	  Recheck Cond: ((k >= 4244231) AND (k <= 4244331))
	  ->  Bitmap Index Scan on k_6  (cost=0.00..5.47 rows=104 width=0)
	        Index Cond: ((k >= 4244231) AND (k <= 4244331))

table 7 : explain SELECT k, c FROM sbtest7 WHERE k BETWEEN 4244231 AND 4244331
	Bitmap Heap Scan on sbtest7  (cost=5.45..397.86 rows=99 width=125)
	  Recheck Cond: ((k >= 4244231) AND (k <= 4244331))
	  ->  Bitmap Index Scan on k_7  (cost=0.00..5.42 rows=99 width=0)
	        Index Cond: ((k >= 4244231) AND (k <= 4244331))

table 8 : explain SELECT k, c FROM sbtest8 WHERE k BETWEEN 4244231 AND 4244331
	Bitmap Heap Scan on sbtest8  (cost=5.40..378.07 rows=94 width=125)
	  Recheck Cond: ((k >= 4244231) AND (k <= 4244331))
	  ->  Bitmap Index Scan on k_8  (cost=0.00..5.38 rows=94 width=0)
	        Index Cond: ((k >= 4244231) AND (k <= 4244331))

for range-notcovered
table 1 : explain SELECT k, c FROM sbtest1 WHERE k BETWEEN 2511771 AND 2511871
	Bitmap Heap Scan on sbtest1  (cost=5.50..417.43 rows=104 width=125)
	  Recheck Cond: ((k >= 2511771) AND (k <= 2511871))
	  ->  Bitmap Index Scan on k_1  (cost=0.00..5.47 rows=104 width=0)
	        Index Cond: ((k >= 2511771) AND (k <= 2511871))

table 2 : explain SELECT k, c FROM sbtest2 WHERE k BETWEEN 2511771 AND 2511871
	Bitmap Heap Scan on sbtest2  (cost=5.51..421.34 rows=105 width=125)
	  Recheck Cond: ((k >= 2511771) AND (k <= 2511871))
	  ->  Bitmap Index Scan on k_2  (cost=0.00..5.48 rows=105 width=0)
	        Index Cond: ((k >= 2511771) AND (k <= 2511871))

table 3 : explain SELECT k, c FROM sbtest3 WHERE k BETWEEN 2511771 AND 2511871
	Bitmap Heap Scan on sbtest3  (cost=5.50..417.49 rows=104 width=125)
	  Recheck Cond: ((k >= 2511771) AND (k <= 2511871))
	  ->  Bitmap Index Scan on k_3  (cost=0.00..5.47 rows=104 width=0)
	        Index Cond: ((k >= 2511771) AND (k <= 2511871))

table 4 : explain SELECT k, c FROM sbtest4 WHERE k BETWEEN 2511771 AND 2511871
	Bitmap Heap Scan on sbtest4  (cost=5.41..382.05 rows=95 width=125)
	  Recheck Cond: ((k >= 2511771) AND (k <= 2511871))
	  ->  Bitmap Index Scan on k_4  (cost=0.00..5.38 rows=95 width=0)
	        Index Cond: ((k >= 2511771) AND (k <= 2511871))

table 5 : explain SELECT k, c FROM sbtest5 WHERE k BETWEEN 2511771 AND 2511871
	Bitmap Heap Scan on sbtest5  (cost=5.50..417.31 rows=104 width=125)
	  Recheck Cond: ((k >= 2511771) AND (k <= 2511871))
	  ->  Bitmap Index Scan on k_5  (cost=0.00..5.47 rows=104 width=0)
	        Index Cond: ((k >= 2511771) AND (k <= 2511871))

table 6 : explain SELECT k, c FROM sbtest6 WHERE k BETWEEN 2511771 AND 2511871
	Bitmap Heap Scan on sbtest6  (cost=5.42..385.84 rows=96 width=125)
	  Recheck Cond: ((k >= 2511771) AND (k <= 2511871))
	  ->  Bitmap Index Scan on k_6  (cost=0.00..5.39 rows=96 width=0)
	        Index Cond: ((k >= 2511771) AND (k <= 2511871))

table 7 : explain SELECT k, c FROM sbtest7 WHERE k BETWEEN 2511771 AND 2511871
	Bitmap Heap Scan on sbtest7  (cost=5.58..449.16 rows=112 width=125)
	  Recheck Cond: ((k >= 2511771) AND (k <= 2511871))
	  ->  Bitmap Index Scan on k_7  (cost=0.00..5.55 rows=112 width=0)
	        Index Cond: ((k >= 2511771) AND (k <= 2511871))

table 8 : explain SELECT k, c FROM sbtest8 WHERE k BETWEEN 2511771 AND 2511871
	Bitmap Heap Scan on sbtest8  (cost=5.45..397.81 rows=99 width=125)
	  Recheck Cond: ((k >= 2511771) AND (k <= 2511871))
	  ->  Bitmap Index Scan on k_8  (cost=0.00..5.42 rows=99 width=0)
	        Index Cond: ((k >= 2511771) AND (k <= 2511871))

explain: for range-notcovered :: explain SELECT k, c FROM sbtest%d WHERE k BETWEEN 4244231 AND 4244331
for range-notcovered
table 1 : explain SELECT k, c FROM sbtest1 WHERE k BETWEEN 7302808 AND 7302908
	Bitmap Heap Scan on sbtest1  (cost=5.52..425.31 rows=106 width=125)
	  Recheck Cond: ((k >= 7302808) AND (k <= 7302908))
	  ->  Bitmap Index Scan on k_1  (cost=0.00..5.50 rows=106 width=0)
	        Index Cond: ((k >= 7302808) AND (k <= 7302908))

table 2 : explain SELECT k, c FROM sbtest2 WHERE k BETWEEN 7302808 AND 7302908
	Bitmap Heap Scan on sbtest2  (cost=5.48..409.51 rows=102 width=125)
	  Recheck Cond: ((k >= 7302808) AND (k <= 7302908))
	  ->  Bitmap Index Scan on k_2  (cost=0.00..5.45 rows=102 width=0)
	        Index Cond: ((k >= 7302808) AND (k <= 7302908))

table 3 : explain SELECT k, c FROM sbtest3 WHERE k BETWEEN 7302808 AND 7302908
	Bitmap Heap Scan on sbtest3  (cost=5.50..417.49 rows=104 width=125)
	  Recheck Cond: ((k >= 7302808) AND (k <= 7302908))
	  ->  Bitmap Index Scan on k_3  (cost=0.00..5.47 rows=104 width=0)
	        Index Cond: ((k >= 7302808) AND (k <= 7302908))

table 4 : explain SELECT k, c FROM sbtest4 WHERE k BETWEEN 7302808 AND 7302908
	Bitmap Heap Scan on sbtest4  (cost=5.42..385.99 rows=96 width=125)
	  Recheck Cond: ((k >= 7302808) AND (k <= 7302908))
	  ->  Bitmap Index Scan on k_4  (cost=0.00..5.39 rows=96 width=0)
	        Index Cond: ((k >= 7302808) AND (k <= 7302908))

table 5 : explain SELECT k, c FROM sbtest5 WHERE k BETWEEN 7302808 AND 7302908
	Bitmap Heap Scan on sbtest5  (cost=5.53..429.14 rows=107 width=125)
	  Recheck Cond: ((k >= 7302808) AND (k <= 7302908))
	  ->  Bitmap Index Scan on k_5  (cost=0.00..5.50 rows=107 width=0)
	        Index Cond: ((k >= 7302808) AND (k <= 7302908))

table 6 : explain SELECT k, c FROM sbtest6 WHERE k BETWEEN 7302808 AND 7302908
	Bitmap Heap Scan on sbtest6  (cost=5.57..445.00 rows=111 width=125)
	  Recheck Cond: ((k >= 7302808) AND (k <= 7302908))
	  ->  Bitmap Index Scan on k_6  (cost=0.00..5.54 rows=111 width=0)
	        Index Cond: ((k >= 7302808) AND (k <= 7302908))

table 7 : explain SELECT k, c FROM sbtest7 WHERE k BETWEEN 7302808 AND 7302908
	Bitmap Heap Scan on sbtest7  (cost=5.54..433.38 rows=108 width=125)
	  Recheck Cond: ((k >= 7302808) AND (k <= 7302908))
	  ->  Bitmap Index Scan on k_7  (cost=0.00..5.51 rows=108 width=0)
	        Index Cond: ((k >= 7302808) AND (k <= 7302908))

table 8 : explain SELECT k, c FROM sbtest8 WHERE k BETWEEN 7302808 AND 7302908
	Bitmap Heap Scan on sbtest8  (cost=5.55..437.27 rows=109 width=125)
	  Recheck Cond: ((k >= 7302808) AND (k <= 7302908))
	  ->  Bitmap Index Scan on k_8  (cost=0.00..5.52 rows=109 width=0)
	        Index Cond: ((k >= 7302808) AND (k <= 7302908))

for range-notcovered
table 1 : explain SELECT k, c FROM sbtest1 WHERE k BETWEEN 4170254 AND 4170354
	Bitmap Heap Scan on sbtest1  (cost=5.46..401.65 rows=100 width=125)
	  Recheck Cond: ((k >= 4170254) AND (k <= 4170354))
	  ->  Bitmap Index Scan on k_1  (cost=0.00..5.43 rows=100 width=0)
	        Index Cond: ((k >= 4170254) AND (k <= 4170354))

table 2 : explain SELECT k, c FROM sbtest2 WHERE k BETWEEN 4170254 AND 4170354
	Bitmap Heap Scan on sbtest2  (cost=5.49..413.45 rows=103 width=125)
	  Recheck Cond: ((k >= 4170254) AND (k <= 4170354))
	  ->  Bitmap Index Scan on k_2  (cost=0.00..5.46 rows=103 width=0)
	        Index Cond: ((k >= 4170254) AND (k <= 4170354))

table 3 : explain SELECT k, c FROM sbtest3 WHERE k BETWEEN 4170254 AND 4170354
	Bitmap Heap Scan on sbtest3  (cost=5.47..405.65 rows=101 width=125)
	  Recheck Cond: ((k >= 4170254) AND (k <= 4170354))
	  ->  Bitmap Index Scan on k_3  (cost=0.00..5.44 rows=101 width=0)
	        Index Cond: ((k >= 4170254) AND (k <= 4170354))

table 4 : explain SELECT k, c FROM sbtest4 WHERE k BETWEEN 4170254 AND 4170354
	Bitmap Heap Scan on sbtest4  (cost=5.58..449.13 rows=112 width=125)
	  Recheck Cond: ((k >= 4170254) AND (k <= 4170354))
	  ->  Bitmap Index Scan on k_4  (cost=0.00..5.55 rows=112 width=0)
	        Index Cond: ((k >= 4170254) AND (k <= 4170354))

table 5 : explain SELECT k, c FROM sbtest5 WHERE k BETWEEN 4170254 AND 4170354
	Bitmap Heap Scan on sbtest5  (cost=5.48..409.43 rows=102 width=125)
	  Recheck Cond: ((k >= 4170254) AND (k <= 4170354))
	  ->  Bitmap Index Scan on k_5  (cost=0.00..5.45 rows=102 width=0)
	        Index Cond: ((k >= 4170254) AND (k <= 4170354))

table 6 : explain SELECT k, c FROM sbtest6 WHERE k BETWEEN 4170254 AND 4170354
	Bitmap Heap Scan on sbtest6  (cost=5.54..433.18 rows=108 width=125)
	  Recheck Cond: ((k >= 4170254) AND (k <= 4170354))
	  ->  Bitmap Index Scan on k_6  (cost=0.00..5.51 rows=108 width=0)
	        Index Cond: ((k >= 4170254) AND (k <= 4170354))

table 7 : explain SELECT k, c FROM sbtest7 WHERE k BETWEEN 4170254 AND 4170354
	Bitmap Heap Scan on sbtest7  (cost=5.55..437.33 rows=109 width=125)
	  Recheck Cond: ((k >= 4170254) AND (k <= 4170354))
	  ->  Bitmap Index Scan on k_7  (cost=0.00..5.52 rows=109 width=0)
	        Index Cond: ((k >= 4170254) AND (k <= 4170354))

table 8 : explain SELECT k, c FROM sbtest8 WHERE k BETWEEN 4170254 AND 4170354
	Bitmap Heap Scan on sbtest8  (cost=5.45..397.81 rows=99 width=125)
	  Recheck Cond: ((k >= 4170254) AND (k <= 4170354))
	  ->  Bitmap Index Scan on k_8  (cost=0.00..5.42 rows=99 width=0)
	        Index Cond: ((k >= 4170254) AND (k <= 4170354))

explain: for range-notcovered :: explain SELECT k, c FROM sbtest%d WHERE k BETWEEN 8064513 AND 8064613
explain: for range-notcovered :: explain SELECT k, c FROM sbtest%d WHERE k BETWEEN 5803081 AND 5803181
explain: for range-notcovered :: explain SELECT k, c FROM sbtest%d WHERE k BETWEEN 4708187 AND 4708287
for range-notcovered
table 1 : explain SELECT k, c FROM sbtest1 WHERE k BETWEEN 5510540 AND 5510640
	Bitmap Heap Scan on sbtest1  (cost=5.47..405.59 rows=101 width=125)
	  Recheck Cond: ((k >= 5510540) AND (k <= 5510640))
	  ->  Bitmap Index Scan on k_1  (cost=0.00..5.44 rows=101 width=0)
	        Index Cond: ((k >= 5510540) AND (k <= 5510640))

table 2 : explain SELECT k, c FROM sbtest2 WHERE k BETWEEN 5510540 AND 5510640
	Bitmap Heap Scan on sbtest2  (cost=5.48..409.51 rows=102 width=125)
	  Recheck Cond: ((k >= 5510540) AND (k <= 5510640))
	  ->  Bitmap Index Scan on k_2  (cost=0.00..5.45 rows=102 width=0)
	        Index Cond: ((k >= 5510540) AND (k <= 5510640))

table 3 : explain SELECT k, c FROM sbtest3 WHERE k BETWEEN 5510540 AND 5510640
	Bitmap Heap Scan on sbtest3  (cost=5.58..449.03 rows=112 width=125)
	  Recheck Cond: ((k >= 5510540) AND (k <= 5510640))
	  ->  Bitmap Index Scan on k_3  (cost=0.00..5.55 rows=112 width=0)
	        Index Cond: ((k >= 5510540) AND (k <= 5510640))

table 4 : explain SELECT k, c FROM sbtest4 WHERE k BETWEEN 5510540 AND 5510640
	Bitmap Heap Scan on sbtest4  (cost=5.53..429.41 rows=107 width=125)
	  Recheck Cond: ((k >= 5510540) AND (k <= 5510640))
	  ->  Bitmap Index Scan on k_4  (cost=0.00..5.50 rows=107 width=0)
	        Index Cond: ((k >= 5510540) AND (k <= 5510640))

table 5 : explain SELECT k, c FROM sbtest5 WHERE k BETWEEN 5510540 AND 5510640
	Bitmap Heap Scan on sbtest5  (cost=5.58..448.84 rows=112 width=125)
	  Recheck Cond: ((k >= 5510540) AND (k <= 5510640))
	  ->  Bitmap Index Scan on k_5  (cost=0.00..5.55 rows=112 width=0)
	        Index Cond: ((k >= 5510540) AND (k <= 5510640))

table 6 : explain SELECT k, c FROM sbtest6 WHERE k BETWEEN 5510540 AND 5510640
	Bitmap Heap Scan on sbtest6  (cost=5.54..433.18 rows=108 width=125)
	  Recheck Cond: ((k >= 5510540) AND (k <= 5510640))
	  ->  Bitmap Index Scan on k_6  (cost=0.00..5.51 rows=108 width=0)
	        Index Cond: ((k >= 5510540) AND (k <= 5510640))

table 7 : explain SELECT k, c FROM sbtest7 WHERE k BETWEEN 5510540 AND 5510640
	Bitmap Heap Scan on sbtest7  (cost=5.44..393.91 rows=98 width=125)
	  Recheck Cond: ((k >= 5510540) AND (k <= 5510640))
	  ->  Bitmap Index Scan on k_7  (cost=0.00..5.42 rows=98 width=0)
	        Index Cond: ((k >= 5510540) AND (k <= 5510640))

table 8 : explain SELECT k, c FROM sbtest8 WHERE k BETWEEN 5510540 AND 5510640
	Bitmap Heap Scan on sbtest8  (cost=5.40..378.07 rows=94 width=125)
	  Recheck Cond: ((k >= 5510540) AND (k <= 5510640))
	  ->  Bitmap Index Scan on k_8  (cost=0.00..5.38 rows=94 width=0)
	        Index Cond: ((k >= 5510540) AND (k <= 5510640))

explain: for range-notcovered :: explain SELECT k, c FROM sbtest%d WHERE k BETWEEN 5510540 AND 5510640
for range-notcovered
table 1 : explain SELECT k, c FROM sbtest1 WHERE k BETWEEN 3884400 AND 3884500
	Bitmap Heap Scan on sbtest1  (cost=5.53..429.26 rows=107 width=125)
	  Recheck Cond: ((k >= 3884400) AND (k <= 3884500))
	  ->  Bitmap Index Scan on k_1  (cost=0.00..5.50 rows=107 width=0)
	        Index Cond: ((k >= 3884400) AND (k <= 3884500))

table 2 : explain SELECT k, c FROM sbtest2 WHERE k BETWEEN 3884400 AND 3884500
	Bitmap Heap Scan on sbtest2  (cost=5.50..417.39 rows=104 width=125)
	  Recheck Cond: ((k >= 3884400) AND (k <= 3884500))
	  ->  Bitmap Index Scan on k_2  (cost=0.00..5.47 rows=104 width=0)
	        Index Cond: ((k >= 3884400) AND (k <= 3884500))

table 3 : explain SELECT k, c FROM sbtest3 WHERE k BETWEEN 3884400 AND 3884500
	Bitmap Heap Scan on sbtest3  (cost=5.54..433.26 rows=108 width=125)
	  Recheck Cond: ((k >= 3884400) AND (k <= 3884500))
	  ->  Bitmap Index Scan on k_3  (cost=0.00..5.51 rows=108 width=0)
	        Index Cond: ((k >= 3884400) AND (k <= 3884500))

table 4 : explain SELECT k, c FROM sbtest4 WHERE k BETWEEN 3884400 AND 3884500
	Bitmap Heap Scan on sbtest4  (cost=5.57..445.19 rows=111 width=125)
	  Recheck Cond: ((k >= 3884400) AND (k <= 3884500))
	  ->  Bitmap Index Scan on k_4  (cost=0.00..5.54 rows=111 width=0)
	        Index Cond: ((k >= 3884400) AND (k <= 3884500))

table 5 : explain SELECT k, c FROM sbtest5 WHERE k BETWEEN 3884400 AND 3884500
	Bitmap Heap Scan on sbtest5  (cost=5.36..362.08 rows=90 width=125)
	  Recheck Cond: ((k >= 3884400) AND (k <= 3884500))
	  ->  Bitmap Index Scan on k_5  (cost=0.00..5.33 rows=90 width=0)
	        Index Cond: ((k >= 3884400) AND (k <= 3884500))

table 6 : explain SELECT k, c FROM sbtest6 WHERE k BETWEEN 3884400 AND 3884500
	Bitmap Heap Scan on sbtest6  (cost=5.59..452.88 rows=113 width=125)
	  Recheck Cond: ((k >= 3884400) AND (k <= 3884500))
	  ->  Bitmap Index Scan on k_6  (cost=0.00..5.56 rows=113 width=0)
	        Index Cond: ((k >= 3884400) AND (k <= 3884500))

table 7 : explain SELECT k, c FROM sbtest7 WHERE k BETWEEN 3884400 AND 3884500
	Bitmap Heap Scan on sbtest7  (cost=5.53..429.44 rows=107 width=125)
	  Recheck Cond: ((k >= 3884400) AND (k <= 3884500))
	  ->  Bitmap Index Scan on k_7  (cost=0.00..5.50 rows=107 width=0)
	        Index Cond: ((k >= 3884400) AND (k <= 3884500))

table 8 : explain SELECT k, c FROM sbtest8 WHERE k BETWEEN 3884400 AND 3884500
	Bitmap Heap Scan on sbtest8  (cost=5.45..397.81 rows=99 width=125)
	  Recheck Cond: ((k >= 3884400) AND (k <= 3884500))
	  ->  Bitmap Index Scan on k_8  (cost=0.00..5.42 rows=99 width=0)
	        Index Cond: ((k >= 3884400) AND (k <= 3884500))

explain: for range-notcovered :: explain SELECT k, c FROM sbtest%d WHERE k BETWEEN 3884400 AND 3884500
explain: for range-notcovered :: explain SELECT k, c FROM sbtest%d WHERE k BETWEEN 2901047 AND 2901147
explain: for range-notcovered :: explain SELECT k, c FROM sbtest%d WHERE k BETWEEN 4807137 AND 4807237
explain: for range-notcovered :: explain SELECT k, c FROM sbtest%d WHERE k BETWEEN 2511771 AND 2511871
explain: for range-notcovered :: explain SELECT k, c FROM sbtest%d WHERE k BETWEEN 7302808 AND 7302908
explain: for range-notcovered :: explain SELECT k, c FROM sbtest%d WHERE k BETWEEN 6035731 AND 6035831
explain: for range-notcovered :: explain SELECT k, c FROM sbtest%d WHERE k BETWEEN 4761943 AND 4762043
for range-notcovered
table 1 : explain SELECT k, c FROM sbtest1 WHERE k BETWEEN 6715060 AND 6715160
	Bitmap Heap Scan on sbtest1  (cost=5.43..389.81 rows=97 width=125)
	  Recheck Cond: ((k >= 6715060) AND (k <= 6715160))
	  ->  Bitmap Index Scan on k_1  (cost=0.00..5.40 rows=97 width=0)
	        Index Cond: ((k >= 6715060) AND (k <= 6715160))

table 2 : explain SELECT k, c FROM sbtest2 WHERE k BETWEEN 6715060 AND 6715160
	Bitmap Heap Scan on sbtest2  (cost=5.52..425.28 rows=106 width=125)
	  Recheck Cond: ((k >= 6715060) AND (k <= 6715160))
	  ->  Bitmap Index Scan on k_2  (cost=0.00..5.50 rows=106 width=0)
	        Index Cond: ((k >= 6715060) AND (k <= 6715160))

table 3 : explain SELECT k, c FROM sbtest3 WHERE k BETWEEN 6715060 AND 6715160
	Bitmap Heap Scan on sbtest3  (cost=5.55..437.20 rows=109 width=125)
	  Recheck Cond: ((k >= 6715060) AND (k <= 6715160))
	  ->  Bitmap Index Scan on k_3  (cost=0.00..5.52 rows=109 width=0)
	        Index Cond: ((k >= 6715060) AND (k <= 6715160))

table 4 : explain SELECT k, c FROM sbtest4 WHERE k BETWEEN 6715060 AND 6715160
	Bitmap Heap Scan on sbtest4  (cost=5.44..393.89 rows=98 width=125)
	  Recheck Cond: ((k >= 6715060) AND (k <= 6715160))
	  ->  Bitmap Index Scan on k_4  (cost=0.00..5.42 rows=98 width=0)
	        Index Cond: ((k >= 6715060) AND (k <= 6715160))

table 5 : explain SELECT k, c FROM sbtest5 WHERE k BETWEEN 6715060 AND 6715160
	Bitmap Heap Scan on sbtest5  (cost=5.44..393.65 rows=98 width=125)
	  Recheck Cond: ((k >= 6715060) AND (k <= 6715160))
	  ->  Bitmap Index Scan on k_5  (cost=0.00..5.42 rows=98 width=0)
	        Index Cond: ((k >= 6715060) AND (k <= 6715160))

table 6 : explain SELECT k, c FROM sbtest6 WHERE k BETWEEN 6715060 AND 6715160
	Bitmap Heap Scan on sbtest6  (cost=5.49..413.46 rows=103 width=125)
	  Recheck Cond: ((k >= 6715060) AND (k <= 6715160))
	  ->  Bitmap Index Scan on k_6  (cost=0.00..5.46 rows=103 width=0)
	        Index Cond: ((k >= 6715060) AND (k <= 6715160))

table 7 : explain SELECT k, c FROM sbtest7 WHERE k BETWEEN 6715060 AND 6715160
	Bitmap Heap Scan on sbtest7  (cost=5.50..417.60 rows=104 width=125)
	  Recheck Cond: ((k >= 6715060) AND (k <= 6715160))
	  ->  Bitmap Index Scan on k_7  (cost=0.00..5.47 rows=104 width=0)
	        Index Cond: ((k >= 6715060) AND (k <= 6715160))

table 8 : explain SELECT k, c FROM sbtest8 WHERE k BETWEEN 6715060 AND 6715160
	Bitmap Heap Scan on sbtest8  (cost=5.56..441.21 rows=110 width=125)
	  Recheck Cond: ((k >= 6715060) AND (k <= 6715160))
	  ->  Bitmap Index Scan on k_8  (cost=0.00..5.53 rows=110 width=0)
	        Index Cond: ((k >= 6715060) AND (k <= 6715160))

for range-notcovered
table 1 : explain SELECT k, c FROM sbtest1 WHERE k BETWEEN 4244231 AND 4244331
	Bitmap Heap Scan on sbtest1  (cost=5.45..397.70 rows=99 width=125)
	  Recheck Cond: ((k >= 4244231) AND (k <= 4244331))
	  ->  Bitmap Index Scan on k_1  (cost=0.00..5.42 rows=99 width=0)
	        Index Cond: ((k >= 4244231) AND (k <= 4244331))

table 2 : explain SELECT k, c FROM sbtest2 WHERE k BETWEEN 4244231 AND 4244331
	Bitmap Heap Scan on sbtest2  (cost=5.58..448.93 rows=112 width=125)
	  Recheck Cond: ((k >= 4244231) AND (k <= 4244331))
	  ->  Bitmap Index Scan on k_2  (cost=0.00..5.55 rows=112 width=0)
	        Index Cond: ((k >= 4244231) AND (k <= 4244331))

table 3 : explain SELECT k, c FROM sbtest3 WHERE k BETWEEN 4244231 AND 4244331
	Bitmap Heap Scan on sbtest3  (cost=5.40..378.02 rows=94 width=125)
	  Recheck Cond: ((k >= 4244231) AND (k <= 4244331))
	  ->  Bitmap Index Scan on k_3  (cost=0.00..5.38 rows=94 width=0)
	        Index Cond: ((k >= 4244231) AND (k <= 4244331))

table 4 : explain SELECT k, c FROM sbtest4 WHERE k BETWEEN 4244231 AND 4244331
	Bitmap Heap Scan on sbtest4  (cost=5.48..409.68 rows=102 width=125)
	  Recheck Cond: ((k >= 4244231) AND (k <= 4244331))
	  ->  Bitmap Index Scan on k_4  (cost=0.00..5.45 rows=102 width=0)
	        Index Cond: ((k >= 4244231) AND (k <= 4244331))

table 5 : explain SELECT k, c FROM sbtest5 WHERE k BETWEEN 4244231 AND 4244331
	Bitmap Heap Scan on sbtest5  (cost=5.58..448.84 rows=112 width=125)
	  Recheck Cond: ((k >= 4244231) AND (k <= 4244331))
	  ->  Bitmap Index Scan on k_5  (cost=0.00..5.55 rows=112 width=0)
	        Index Cond: ((k >= 4244231) AND (k <= 4244331))

table 6 : explain SELECT k, c FROM sbtest6 WHERE k BETWEEN 4244231 AND 4244331
	Bitmap Heap Scan on sbtest6  (cost=5.50..417.41 rows=104 width=125)
	  Recheck Cond: ((k >= 4244231) AND (k <= 4244331))
	  ->  Bitmap Index Scan on k_6  (cost=0.00..5.47 rows=104 width=0)
	        Index Cond: ((k >= 4244231) AND (k <= 4244331))

table 7 : explain SELECT k, c FROM sbtest7 WHERE k BETWEEN 4244231 AND 4244331
	Bitmap Heap Scan on sbtest7  (cost=5.45..397.86 rows=99 width=125)
	  Recheck Cond: ((k >= 4244231) AND (k <= 4244331))
	  ->  Bitmap Index Scan on k_7  (cost=0.00..5.42 rows=99 width=0)
	        Index Cond: ((k >= 4244231) AND (k <= 4244331))

table 8 : explain SELECT k, c FROM sbtest8 WHERE k BETWEEN 4244231 AND 4244331
	Bitmap Heap Scan on sbtest8  (cost=5.40..378.07 rows=94 width=125)
	  Recheck Cond: ((k >= 4244231) AND (k <= 4244331))
	  ->  Bitmap Index Scan on k_8  (cost=0.00..5.38 rows=94 width=0)
	        Index Cond: ((k >= 4244231) AND (k <= 4244331))

explain: for range-notcovered :: explain SELECT k, c FROM sbtest%d WHERE k BETWEEN 6715060 AND 6715160
explain: for range-notcovered :: explain SELECT k, c FROM sbtest%d WHERE k BETWEEN 4678691 AND 4678791
for range-notcovered
table 1 : explain SELECT k, c FROM sbtest1 WHERE k BETWEEN 4708187 AND 4708287
	Bitmap Heap Scan on sbtest1  (cost=5.42..385.86 rows=96 width=125)
	  Recheck Cond: ((k >= 4708187) AND (k <= 4708287))
	  ->  Bitmap Index Scan on k_1  (cost=0.00..5.39 rows=96 width=0)
	        Index Cond: ((k >= 4708187) AND (k <= 4708287))

table 2 : explain SELECT k, c FROM sbtest2 WHERE k BETWEEN 4708187 AND 4708287
	Bitmap Heap Scan on sbtest2  (cost=5.46..401.62 rows=100 width=125)
	  Recheck Cond: ((k >= 4708187) AND (k <= 4708287))
	  ->  Bitmap Index Scan on k_2  (cost=0.00..5.43 rows=100 width=0)
	        Index Cond: ((k >= 4708187) AND (k <= 4708287))

table 3 : explain SELECT k, c FROM sbtest3 WHERE k BETWEEN 4708187 AND 4708287
	Bitmap Heap Scan on sbtest3  (cost=5.48..409.59 rows=102 width=125)
	  Recheck Cond: ((k >= 4708187) AND (k <= 4708287))
	  ->  Bitmap Index Scan on k_3  (cost=0.00..5.45 rows=102 width=0)
	        Index Cond: ((k >= 4708187) AND (k <= 4708287))

table 4 : explain SELECT k, c FROM sbtest4 WHERE k BETWEEN 4708187 AND 4708287
	Bitmap Heap Scan on sbtest4  (cost=5.48..409.68 rows=102 width=125)
	  Recheck Cond: ((k >= 4708187) AND (k <= 4708287))
	  ->  Bitmap Index Scan on k_4  (cost=0.00..5.45 rows=102 width=0)
	        Index Cond: ((k >= 4708187) AND (k <= 4708287))

table 5 : explain SELECT k, c FROM sbtest5 WHERE k BETWEEN 4708187 AND 4708287
	Bitmap Heap Scan on sbtest5  (cost=5.50..417.31 rows=104 width=125)
	  Recheck Cond: ((k >= 4708187) AND (k <= 4708287))
	  ->  Bitmap Index Scan on k_5  (cost=0.00..5.47 rows=104 width=0)
	        Index Cond: ((k >= 4708187) AND (k <= 4708287))

table 6 : explain SELECT k, c FROM sbtest6 WHERE k BETWEEN 4708187 AND 4708287
	Bitmap Heap Scan on sbtest6  (cost=5.57..445.00 rows=111 width=125)
	  Recheck Cond: ((k >= 4708187) AND (k <= 4708287))
	  ->  Bitmap Index Scan on k_6  (cost=0.00..5.54 rows=111 width=0)
	        Index Cond: ((k >= 4708187) AND (k <= 4708287))

table 7 : explain SELECT k, c FROM sbtest7 WHERE k BETWEEN 4708187 AND 4708287
	Bitmap Heap Scan on sbtest7  (cost=5.51..421.54 rows=105 width=125)
	  Recheck Cond: ((k >= 4708187) AND (k <= 4708287))
	  ->  Bitmap Index Scan on k_7  (cost=0.00..5.48 rows=105 width=0)
	        Index Cond: ((k >= 4708187) AND (k <= 4708287))

table 8 : explain SELECT k, c FROM sbtest8 WHERE k BETWEEN 4708187 AND 4708287
	Bitmap Heap Scan on sbtest8  (cost=5.51..421.49 rows=105 width=125)
	  Recheck Cond: ((k >= 4708187) AND (k <= 4708287))
	  ->  Bitmap Index Scan on k_8  (cost=0.00..5.48 rows=105 width=0)
	        Index Cond: ((k >= 4708187) AND (k <= 4708287))

explain: for range-notcovered :: explain SELECT k, c FROM sbtest%d WHERE k BETWEEN 4244231 AND 4244331
for range-notcovered
table 1 : explain SELECT k, c FROM sbtest1 WHERE k BETWEEN 5803081 AND 5803181
	Bitmap Heap Scan on sbtest1  (cost=5.45..397.70 rows=99 width=125)
	  Recheck Cond: ((k >= 5803081) AND (k <= 5803181))
	  ->  Bitmap Index Scan on k_1  (cost=0.00..5.42 rows=99 width=0)
	        Index Cond: ((k >= 5803081) AND (k <= 5803181))

table 2 : explain SELECT k, c FROM sbtest2 WHERE k BETWEEN 5803081 AND 5803181
	Bitmap Heap Scan on sbtest2  (cost=5.61..460.75 rows=115 width=125)
	  Recheck Cond: ((k >= 5803081) AND (k <= 5803181))
	  ->  Bitmap Index Scan on k_2  (cost=0.00..5.58 rows=115 width=0)
	        Index Cond: ((k >= 5803081) AND (k <= 5803181))

table 3 : explain SELECT k, c FROM sbtest3 WHERE k BETWEEN 5803081 AND 5803181
	Bitmap Heap Scan on sbtest3  (cost=5.65..476.62 rows=119 width=125)
	  Recheck Cond: ((k >= 5803081) AND (k <= 5803181))
	  ->  Bitmap Index Scan on k_3  (cost=0.00..5.62 rows=119 width=0)
	        Index Cond: ((k >= 5803081) AND (k <= 5803181))

table 4 : explain SELECT k, c FROM sbtest4 WHERE k BETWEEN 5803081 AND 5803181
	Bitmap Heap Scan on sbtest4  (cost=5.46..401.79 rows=100 width=125)
	  Recheck Cond: ((k >= 5803081) AND (k <= 5803181))
	  ->  Bitmap Index Scan on k_4  (cost=0.00..5.43 rows=100 width=0)
	        Index Cond: ((k >= 5803081) AND (k <= 5803181))

table 5 : explain SELECT k, c FROM sbtest5 WHERE k BETWEEN 5803081 AND 5803181
	Bitmap Heap Scan on sbtest5  (cost=5.43..389.70 rows=97 width=125)
	  Recheck Cond: ((k >= 5803081) AND (k <= 5803181))
	  ->  Bitmap Index Scan on k_5  (cost=0.00..5.40 rows=97 width=0)
	        Index Cond: ((k >= 5803081) AND (k <= 5803181))

table 6 : explain SELECT k, c FROM sbtest6 WHERE k BETWEEN 5803081 AND 5803181
	Bitmap Heap Scan on sbtest6  (cost=5.46..401.63 rows=100 width=125)
	  Recheck Cond: ((k >= 5803081) AND (k <= 5803181))
	  ->  Bitmap Index Scan on k_6  (cost=0.00..5.43 rows=100 width=0)
	        Index Cond: ((k >= 5803081) AND (k <= 5803181))

table 7 : explain SELECT k, c FROM sbtest7 WHERE k BETWEEN 5803081 AND 5803181
	Bitmap Heap Scan on sbtest7  (cost=5.40..378.11 rows=94 width=125)
	  Recheck Cond: ((k >= 5803081) AND (k <= 5803181))
	  ->  Bitmap Index Scan on k_7  (cost=0.00..5.38 rows=94 width=0)
	        Index Cond: ((k >= 5803081) AND (k <= 5803181))

table 8 : explain SELECT k, c FROM sbtest8 WHERE k BETWEEN 5803081 AND 5803181
	Bitmap Heap Scan on sbtest8  (cost=5.49..413.60 rows=103 width=125)
	  Recheck Cond: ((k >= 5803081) AND (k <= 5803181))
	  ->  Bitmap Index Scan on k_8  (cost=0.00..5.46 rows=103 width=0)
	        Index Cond: ((k >= 5803081) AND (k <= 5803181))

explain: for range-notcovered :: explain SELECT k, c FROM sbtest%d WHERE k BETWEEN 5803081 AND 5803181
for range-notcovered
table 1 : explain SELECT k, c FROM sbtest1 WHERE k BETWEEN 3055672 AND 3055772
	Bitmap Heap Scan on sbtest1  (cost=5.58..448.96 rows=112 width=125)
	  Recheck Cond: ((k >= 3055672) AND (k <= 3055772))
	  ->  Bitmap Index Scan on k_1  (cost=0.00..5.55 rows=112 width=0)
	        Index Cond: ((k >= 3055672) AND (k <= 3055772))

table 2 : explain SELECT k, c FROM sbtest2 WHERE k BETWEEN 3055672 AND 3055772
	Bitmap Heap Scan on sbtest2  (cost=5.52..425.28 rows=106 width=125)
	  Recheck Cond: ((k >= 3055672) AND (k <= 3055772))
	  ->  Bitmap Index Scan on k_2  (cost=0.00..5.50 rows=106 width=0)
	        Index Cond: ((k >= 3055672) AND (k <= 3055772))

table 3 : explain SELECT k, c FROM sbtest3 WHERE k BETWEEN 3055672 AND 3055772
	Bitmap Heap Scan on sbtest3  (cost=5.57..445.09 rows=111 width=125)
	  Recheck Cond: ((k >= 3055672) AND (k <= 3055772))
	  ->  Bitmap Index Scan on k_3  (cost=0.00..5.54 rows=111 width=0)
	        Index Cond: ((k >= 3055672) AND (k <= 3055772))

table 4 : explain SELECT k, c FROM sbtest4 WHERE k BETWEEN 3055672 AND 3055772
	Bitmap Heap Scan on sbtest4  (cost=5.54..433.36 rows=108 width=125)
	  Recheck Cond: ((k >= 3055672) AND (k <= 3055772))
	  ->  Bitmap Index Scan on k_4  (cost=0.00..5.51 rows=108 width=0)
	        Index Cond: ((k >= 3055672) AND (k <= 3055772))

table 5 : explain SELECT k, c FROM sbtest5 WHERE k BETWEEN 3055672 AND 3055772
	Bitmap Heap Scan on sbtest5  (cost=5.50..417.31 rows=104 width=125)
	  Recheck Cond: ((k >= 3055672) AND (k <= 3055772))
	  ->  Bitmap Index Scan on k_5  (cost=0.00..5.47 rows=104 width=0)
	        Index Cond: ((k >= 3055672) AND (k <= 3055772))

table 6 : explain SELECT k, c FROM sbtest6 WHERE k BETWEEN 3055672 AND 3055772
	Bitmap Heap Scan on sbtest6  (cost=5.58..448.94 rows=112 width=125)
	  Recheck Cond: ((k >= 3055672) AND (k <= 3055772))
	  ->  Bitmap Index Scan on k_6  (cost=0.00..5.55 rows=112 width=0)
	        Index Cond: ((k >= 3055672) AND (k <= 3055772))

table 7 : explain SELECT k, c FROM sbtest7 WHERE k BETWEEN 3055672 AND 3055772
	Bitmap Heap Scan on sbtest7  (cost=5.49..413.65 rows=103 width=125)
	  Recheck Cond: ((k >= 3055672) AND (k <= 3055772))
	  ->  Bitmap Index Scan on k_7  (cost=0.00..5.46 rows=103 width=0)
	        Index Cond: ((k >= 3055672) AND (k <= 3055772))

table 8 : explain SELECT k, c FROM sbtest8 WHERE k BETWEEN 3055672 AND 3055772
	Bitmap Heap Scan on sbtest8  (cost=5.49..413.60 rows=103 width=125)
	  Recheck Cond: ((k >= 3055672) AND (k <= 3055772))
	  ->  Bitmap Index Scan on k_8  (cost=0.00..5.46 rows=103 width=0)
	        Index Cond: ((k >= 3055672) AND (k <= 3055772))

for range-notcovered
table 1 : explain SELECT k, c FROM sbtest1 WHERE k BETWEEN 8064513 AND 8064613
	Bitmap Heap Scan on sbtest1  (cost=5.59..452.91 rows=113 width=125)
	  Recheck Cond: ((k >= 8064513) AND (k <= 8064613))
	  ->  Bitmap Index Scan on k_1  (cost=0.00..5.56 rows=113 width=0)
	        Index Cond: ((k >= 8064513) AND (k <= 8064613))

table 2 : explain SELECT k, c FROM sbtest2 WHERE k BETWEEN 8064513 AND 8064613
	Bitmap Heap Scan on sbtest2  (cost=5.51..421.34 rows=105 width=125)
	  Recheck Cond: ((k >= 8064513) AND (k <= 8064613))
	  ->  Bitmap Index Scan on k_2  (cost=0.00..5.48 rows=105 width=0)
	        Index Cond: ((k >= 8064513) AND (k <= 8064613))

table 3 : explain SELECT k, c FROM sbtest3 WHERE k BETWEEN 8064513 AND 8064613
	Bitmap Heap Scan on sbtest3  (cost=5.36..362.22 rows=90 width=125)
	  Recheck Cond: ((k >= 8064513) AND (k <= 8064613))
	  ->  Bitmap Index Scan on k_3  (cost=0.00..5.33 rows=90 width=0)
	        Index Cond: ((k >= 8064513) AND (k <= 8064613))

table 4 : explain SELECT k, c FROM sbtest4 WHERE k BETWEEN 8064513 AND 8064613
	Bitmap Heap Scan on sbtest4  (cost=5.53..429.41 rows=107 width=125)
	  Recheck Cond: ((k >= 8064513) AND (k <= 8064613))
	  ->  Bitmap Index Scan on k_4  (cost=0.00..5.50 rows=107 width=0)
	        Index Cond: ((k >= 8064513) AND (k <= 8064613))

table 5 : explain SELECT k, c FROM sbtest5 WHERE k BETWEEN 8064513 AND 8064613
	Bitmap Heap Scan on sbtest5  (cost=5.48..409.43 rows=102 width=125)
	  Recheck Cond: ((k >= 8064513) AND (k <= 8064613))
	  ->  Bitmap Index Scan on k_5  (cost=0.00..5.45 rows=102 width=0)
	        Index Cond: ((k >= 8064513) AND (k <= 8064613))

table 6 : explain SELECT k, c FROM sbtest6 WHERE k BETWEEN 8064513 AND 8064613
	Bitmap Heap Scan on sbtest6  (cost=5.49..413.46 rows=103 width=125)
	  Recheck Cond: ((k >= 8064513) AND (k <= 8064613))
	  ->  Bitmap Index Scan on k_6  (cost=0.00..5.46 rows=103 width=0)
	        Index Cond: ((k >= 8064513) AND (k <= 8064613))

table 7 : explain SELECT k, c FROM sbtest7 WHERE k BETWEEN 8064513 AND 8064613
	Bitmap Heap Scan on sbtest7  (cost=5.57..445.21 rows=111 width=125)
	  Recheck Cond: ((k >= 8064513) AND (k <= 8064613))
	  ->  Bitmap Index Scan on k_7  (cost=0.00..5.54 rows=111 width=0)
	        Index Cond: ((k >= 8064513) AND (k <= 8064613))

table 8 : explain SELECT k, c FROM sbtest8 WHERE k BETWEEN 8064513 AND 8064613
	Bitmap Heap Scan on sbtest8  (cost=5.46..401.76 rows=100 width=125)
	  Recheck Cond: ((k >= 8064513) AND (k <= 8064613))
	  ->  Bitmap Index Scan on k_8  (cost=0.00..5.43 rows=100 width=0)
	        Index Cond: ((k >= 8064513) AND (k <= 8064613))

explain: for range-notcovered :: explain SELECT k, c FROM sbtest%d WHERE k BETWEEN 5510090 AND 5510190
explain: for range-notcovered :: explain SELECT k, c FROM sbtest%d WHERE k BETWEEN 3055672 AND 3055772
for range-notcovered
table 1 : explain SELECT k, c FROM sbtest1 WHERE k BETWEEN 3884400 AND 3884500
	Bitmap Heap Scan on sbtest1  (cost=5.53..429.26 rows=107 width=125)
	  Recheck Cond: ((k >= 3884400) AND (k <= 3884500))
	  ->  Bitmap Index Scan on k_1  (cost=0.00..5.50 rows=107 width=0)
	        Index Cond: ((k >= 3884400) AND (k <= 3884500))

table 2 : explain SELECT k, c FROM sbtest2 WHERE k BETWEEN 3884400 AND 3884500
	Bitmap Heap Scan on sbtest2  (cost=5.50..417.39 rows=104 width=125)
	  Recheck Cond: ((k >= 3884400) AND (k <= 3884500))
	  ->  Bitmap Index Scan on k_2  (cost=0.00..5.47 rows=104 width=0)
	        Index Cond: ((k >= 3884400) AND (k <= 3884500))

table 3 : explain SELECT k, c FROM sbtest3 WHERE k BETWEEN 3884400 AND 3884500
	Bitmap Heap Scan on sbtest3  (cost=5.54..433.26 rows=108 width=125)
	  Recheck Cond: ((k >= 3884400) AND (k <= 3884500))
	  ->  Bitmap Index Scan on k_3  (cost=0.00..5.51 rows=108 width=0)
	        Index Cond: ((k >= 3884400) AND (k <= 3884500))

table 4 : explain SELECT k, c FROM sbtest4 WHERE k BETWEEN 3884400 AND 3884500
	Bitmap Heap Scan on sbtest4  (cost=5.57..445.19 rows=111 width=125)
	  Recheck Cond: ((k >= 3884400) AND (k <= 3884500))
	  ->  Bitmap Index Scan on k_4  (cost=0.00..5.54 rows=111 width=0)
	        Index Cond: ((k >= 3884400) AND (k <= 3884500))

table 5 : explain SELECT k, c FROM sbtest5 WHERE k BETWEEN 3884400 AND 3884500
	Bitmap Heap Scan on sbtest5  (cost=5.36..362.08 rows=90 width=125)
	  Recheck Cond: ((k >= 3884400) AND (k <= 3884500))
	  ->  Bitmap Index Scan on k_5  (cost=0.00..5.33 rows=90 width=0)
	        Index Cond: ((k >= 3884400) AND (k <= 3884500))

table 6 : explain SELECT k, c FROM sbtest6 WHERE k BETWEEN 3884400 AND 3884500
	Bitmap Heap Scan on sbtest6  (cost=5.59..452.88 rows=113 width=125)
	  Recheck Cond: ((k >= 3884400) AND (k <= 3884500))
	  ->  Bitmap Index Scan on k_6  (cost=0.00..5.56 rows=113 width=0)
	        Index Cond: ((k >= 3884400) AND (k <= 3884500))

table 7 : explain SELECT k, c FROM sbtest7 WHERE k BETWEEN 3884400 AND 3884500
	Bitmap Heap Scan on sbtest7  (cost=5.53..429.44 rows=107 width=125)
	  Recheck Cond: ((k >= 3884400) AND (k <= 3884500))
	  ->  Bitmap Index Scan on k_7  (cost=0.00..5.50 rows=107 width=0)
	        Index Cond: ((k >= 3884400) AND (k <= 3884500))

table 8 : explain SELECT k, c FROM sbtest8 WHERE k BETWEEN 3884400 AND 3884500
	Bitmap Heap Scan on sbtest8  (cost=5.45..397.81 rows=99 width=125)
	  Recheck Cond: ((k >= 3884400) AND (k <= 3884500))
	  ->  Bitmap Index Scan on k_8  (cost=0.00..5.42 rows=99 width=0)
	        Index Cond: ((k >= 3884400) AND (k <= 3884500))

explain: for range-notcovered :: explain SELECT k, c FROM sbtest%d WHERE k BETWEEN 3884400 AND 3884500
for range-notcovered
table 1 : explain SELECT k, c FROM sbtest1 WHERE k BETWEEN 406143 AND 406243
	Bitmap Heap Scan on sbtest1  (cost=5.44..393.75 rows=98 width=125)
	  Recheck Cond: ((k >= 406143) AND (k <= 406243))
	  ->  Bitmap Index Scan on k_1  (cost=0.00..5.42 rows=98 width=0)
	        Index Cond: ((k >= 406143) AND (k <= 406243))

table 2 : explain SELECT k, c FROM sbtest2 WHERE k BETWEEN 406143 AND 406243
	Bitmap Heap Scan on sbtest2  (cost=5.46..401.62 rows=100 width=125)
	  Recheck Cond: ((k >= 406143) AND (k <= 406243))
	  ->  Bitmap Index Scan on k_2  (cost=0.00..5.43 rows=100 width=0)
	        Index Cond: ((k >= 406143) AND (k <= 406243))

table 3 : explain SELECT k, c FROM sbtest3 WHERE k BETWEEN 406143 AND 406243
	Bitmap Heap Scan on sbtest3  (cost=5.48..409.59 rows=102 width=125)
	  Recheck Cond: ((k >= 406143) AND (k <= 406243))
	  ->  Bitmap Index Scan on k_3  (cost=0.00..5.45 rows=102 width=0)
	        Index Cond: ((k >= 406143) AND (k <= 406243))

table 4 : explain SELECT k, c FROM sbtest4 WHERE k BETWEEN 406143 AND 406243
	Bitmap Heap Scan on sbtest4  (cost=5.41..382.05 rows=95 width=125)
	  Recheck Cond: ((k >= 406143) AND (k <= 406243))
	  ->  Bitmap Index Scan on k_4  (cost=0.00..5.38 rows=95 width=0)
	        Index Cond: ((k >= 406143) AND (k <= 406243))

table 5 : explain SELECT k, c FROM sbtest5 WHERE k BETWEEN 406143 AND 406243
	Bitmap Heap Scan on sbtest5  (cost=5.47..405.48 rows=101 width=125)
	  Recheck Cond: ((k >= 406143) AND (k <= 406243))
	  ->  Bitmap Index Scan on k_5  (cost=0.00..5.44 rows=101 width=0)
	        Index Cond: ((k >= 406143) AND (k <= 406243))

table 6 : explain SELECT k, c FROM sbtest6 WHERE k BETWEEN 406143 AND 406243
	Bitmap Heap Scan on sbtest6  (cost=5.48..409.52 rows=102 width=125)
	  Recheck Cond: ((k >= 406143) AND (k <= 406243))
	  ->  Bitmap Index Scan on k_6  (cost=0.00..5.45 rows=102 width=0)
	        Index Cond: ((k >= 406143) AND (k <= 406243))

table 7 : explain SELECT k, c FROM sbtest7 WHERE k BETWEEN 406143 AND 406243
	Bitmap Heap Scan on sbtest7  (cost=5.51..421.54 rows=105 width=125)
	  Recheck Cond: ((k >= 406143) AND (k <= 406243))
	  ->  Bitmap Index Scan on k_7  (cost=0.00..5.48 rows=105 width=0)
	        Index Cond: ((k >= 406143) AND (k <= 406243))

table 8 : explain SELECT k, c FROM sbtest8 WHERE k BETWEEN 406143 AND 406243
	Bitmap Heap Scan on sbtest8  (cost=5.48..409.65 rows=102 width=125)
	  Recheck Cond: ((k >= 406143) AND (k <= 406243))
	  ->  Bitmap Index Scan on k_8  (cost=0.00..5.45 rows=102 width=0)
	        Index Cond: ((k >= 406143) AND (k <= 406243))

explain: for range-notcovered :: explain SELECT k, c FROM sbtest%d WHERE k BETWEEN 406143 AND 406243
for range-notcovered
table 1 : explain SELECT k, c FROM sbtest1 WHERE k BETWEEN 6715060 AND 6715160
	Bitmap Heap Scan on sbtest1  (cost=5.43..389.81 rows=97 width=125)
	  Recheck Cond: ((k >= 6715060) AND (k <= 6715160))
	  ->  Bitmap Index Scan on k_1  (cost=0.00..5.40 rows=97 width=0)
	        Index Cond: ((k >= 6715060) AND (k <= 6715160))

table 2 : explain SELECT k, c FROM sbtest2 WHERE k BETWEEN 6715060 AND 6715160
	Bitmap Heap Scan on sbtest2  (cost=5.52..425.28 rows=106 width=125)
	  Recheck Cond: ((k >= 6715060) AND (k <= 6715160))
	  ->  Bitmap Index Scan on k_2  (cost=0.00..5.50 rows=106 width=0)
	        Index Cond: ((k >= 6715060) AND (k <= 6715160))

table 3 : explain SELECT k, c FROM sbtest3 WHERE k BETWEEN 6715060 AND 6715160
	Bitmap Heap Scan on sbtest3  (cost=5.55..437.20 rows=109 width=125)
	  Recheck Cond: ((k >= 6715060) AND (k <= 6715160))
	  ->  Bitmap Index Scan on k_3  (cost=0.00..5.52 rows=109 width=0)
	        Index Cond: ((k >= 6715060) AND (k <= 6715160))

table 4 : explain SELECT k, c FROM sbtest4 WHERE k BETWEEN 6715060 AND 6715160
	Bitmap Heap Scan on sbtest4  (cost=5.44..393.89 rows=98 width=125)
	  Recheck Cond: ((k >= 6715060) AND (k <= 6715160))
	  ->  Bitmap Index Scan on k_4  (cost=0.00..5.42 rows=98 width=0)
	        Index Cond: ((k >= 6715060) AND (k <= 6715160))

table 5 : explain SELECT k, c FROM sbtest5 WHERE k BETWEEN 6715060 AND 6715160
	Bitmap Heap Scan on sbtest5  (cost=5.44..393.65 rows=98 width=125)
	  Recheck Cond: ((k >= 6715060) AND (k <= 6715160))
	  ->  Bitmap Index Scan on k_5  (cost=0.00..5.42 rows=98 width=0)
	        Index Cond: ((k >= 6715060) AND (k <= 6715160))

table 6 : explain SELECT k, c FROM sbtest6 WHERE k BETWEEN 6715060 AND 6715160
	Bitmap Heap Scan on sbtest6  (cost=5.49..413.46 rows=103 width=125)
	  Recheck Cond: ((k >= 6715060) AND (k <= 6715160))
	  ->  Bitmap Index Scan on k_6  (cost=0.00..5.46 rows=103 width=0)
	        Index Cond: ((k >= 6715060) AND (k <= 6715160))

table 7 : explain SELECT k, c FROM sbtest7 WHERE k BETWEEN 6715060 AND 6715160
	Bitmap Heap Scan on sbtest7  (cost=5.50..417.60 rows=104 width=125)
	  Recheck Cond: ((k >= 6715060) AND (k <= 6715160))
	  ->  Bitmap Index Scan on k_7  (cost=0.00..5.47 rows=104 width=0)
	        Index Cond: ((k >= 6715060) AND (k <= 6715160))

table 8 : explain SELECT k, c FROM sbtest8 WHERE k BETWEEN 6715060 AND 6715160
	Bitmap Heap Scan on sbtest8  (cost=5.56..441.21 rows=110 width=125)
	  Recheck Cond: ((k >= 6715060) AND (k <= 6715160))
	  ->  Bitmap Index Scan on k_8  (cost=0.00..5.53 rows=110 width=0)
	        Index Cond: ((k >= 6715060) AND (k <= 6715160))

explain: for range-notcovered :: explain SELECT k, c FROM sbtest%d WHERE k BETWEEN 6715060 AND 6715160
for range-notcovered
table 1 : explain SELECT k, c FROM sbtest1 WHERE k BETWEEN 6035731 AND 6035831
	Bitmap Heap Scan on sbtest1  (cost=5.40..377.97 rows=94 width=125)
	  Recheck Cond: ((k >= 6035731) AND (k <= 6035831))
	  ->  Bitmap Index Scan on k_1  (cost=0.00..5.38 rows=94 width=0)
	        Index Cond: ((k >= 6035731) AND (k <= 6035831))

table 2 : explain SELECT k, c FROM sbtest2 WHERE k BETWEEN 6035731 AND 6035831
	Bitmap Heap Scan on sbtest2  (cost=5.42..385.83 rows=96 width=125)
	  Recheck Cond: ((k >= 6035731) AND (k <= 6035831))
	  ->  Bitmap Index Scan on k_2  (cost=0.00..5.39 rows=96 width=0)
	        Index Cond: ((k >= 6035731) AND (k <= 6035831))

table 3 : explain SELECT k, c FROM sbtest3 WHERE k BETWEEN 6035731 AND 6035831
	Bitmap Heap Scan on sbtest3  (cost=5.46..401.70 rows=100 width=125)
	  Recheck Cond: ((k >= 6035731) AND (k <= 6035831))
	  ->  Bitmap Index Scan on k_3  (cost=0.00..5.43 rows=100 width=0)
	        Index Cond: ((k >= 6035731) AND (k <= 6035831))

table 4 : explain SELECT k, c FROM sbtest4 WHERE k BETWEEN 6035731 AND 6035831
	Bitmap Heap Scan on sbtest4  (cost=5.53..429.41 rows=107 width=125)
	  Recheck Cond: ((k >= 6035731) AND (k <= 6035831))
	  ->  Bitmap Index Scan on k_4  (cost=0.00..5.50 rows=107 width=0)
	        Index Cond: ((k >= 6035731) AND (k <= 6035831))

table 5 : explain SELECT k, c FROM sbtest5 WHERE k BETWEEN 6035731 AND 6035831
	Bitmap Heap Scan on sbtest5  (cost=5.53..429.14 rows=107 width=125)
	  Recheck Cond: ((k >= 6035731) AND (k <= 6035831))
	  ->  Bitmap Index Scan on k_5  (cost=0.00..5.50 rows=107 width=0)
	        Index Cond: ((k >= 6035731) AND (k <= 6035831))

table 6 : explain SELECT k, c FROM sbtest6 WHERE k BETWEEN 6035731 AND 6035831
	Bitmap Heap Scan on sbtest6  (cost=5.49..413.46 rows=103 width=125)
	  Recheck Cond: ((k >= 6035731) AND (k <= 6035831))
	  ->  Bitmap Index Scan on k_6  (cost=0.00..5.46 rows=103 width=0)
	        Index Cond: ((k >= 6035731) AND (k <= 6035831))

table 7 : explain SELECT k, c FROM sbtest7 WHERE k BETWEEN 6035731 AND 6035831
	Bitmap Heap Scan on sbtest7  (cost=5.47..405.76 rows=101 width=125)
	  Recheck Cond: ((k >= 6035731) AND (k <= 6035831))
	  ->  Bitmap Index Scan on k_7  (cost=0.00..5.44 rows=101 width=0)
	        Index Cond: ((k >= 6035731) AND (k <= 6035831))

table 8 : explain SELECT k, c FROM sbtest8 WHERE k BETWEEN 6035731 AND 6035831
	Bitmap Heap Scan on sbtest8  (cost=5.56..441.21 rows=110 width=125)
	  Recheck Cond: ((k >= 6035731) AND (k <= 6035831))
	  ->  Bitmap Index Scan on k_8  (cost=0.00..5.53 rows=110 width=0)
	        Index Cond: ((k >= 6035731) AND (k <= 6035831))

for range-notcovered
table 1 : explain SELECT k, c FROM sbtest1 WHERE k BETWEEN 4807137 AND 4807237
	Bitmap Heap Scan on sbtest1  (cost=5.42..385.86 rows=96 width=125)
	  Recheck Cond: ((k >= 4807137) AND (k <= 4807237))
	  ->  Bitmap Index Scan on k_1  (cost=0.00..5.39 rows=96 width=0)
	        Index Cond: ((k >= 4807137) AND (k <= 4807237))

table 2 : explain SELECT k, c FROM sbtest2 WHERE k BETWEEN 4807137 AND 4807237
	Bitmap Heap Scan on sbtest2  (cost=5.48..409.51 rows=102 width=125)
	  Recheck Cond: ((k >= 4807137) AND (k <= 4807237))
	  ->  Bitmap Index Scan on k_2  (cost=0.00..5.45 rows=102 width=0)
	        Index Cond: ((k >= 4807137) AND (k <= 4807237))

table 3 : explain SELECT k, c FROM sbtest3 WHERE k BETWEEN 4807137 AND 4807237
	Bitmap Heap Scan on sbtest3  (cost=5.51..421.43 rows=105 width=125)
	  Recheck Cond: ((k >= 4807137) AND (k <= 4807237))
	  ->  Bitmap Index Scan on k_3  (cost=0.00..5.48 rows=105 width=0)
	        Index Cond: ((k >= 4807137) AND (k <= 4807237))

table 4 : explain SELECT k, c FROM sbtest4 WHERE k BETWEEN 4807137 AND 4807237
	Bitmap Heap Scan on sbtest4  (cost=5.42..385.99 rows=96 width=125)
	  Recheck Cond: ((k >= 4807137) AND (k <= 4807237))
	  ->  Bitmap Index Scan on k_4  (cost=0.00..5.39 rows=96 width=0)
	        Index Cond: ((k >= 4807137) AND (k <= 4807237))

table 5 : explain SELECT k, c FROM sbtest5 WHERE k BETWEEN 4807137 AND 4807237
	Bitmap Heap Scan on sbtest5  (cost=5.50..417.31 rows=104 width=125)
	  Recheck Cond: ((k >= 4807137) AND (k <= 4807237))
	  ->  Bitmap Index Scan on k_5  (cost=0.00..5.47 rows=104 width=0)
	        Index Cond: ((k >= 4807137) AND (k <= 4807237))

table 6 : explain SELECT k, c FROM sbtest6 WHERE k BETWEEN 4807137 AND 4807237
	Bitmap Heap Scan on sbtest6  (cost=5.39..374.00 rows=93 width=125)
	  Recheck Cond: ((k >= 4807137) AND (k <= 4807237))
	  ->  Bitmap Index Scan on k_6  (cost=0.00..5.36 rows=93 width=0)
	        Index Cond: ((k >= 4807137) AND (k <= 4807237))

table 7 : explain SELECT k, c FROM sbtest7 WHERE k BETWEEN 4807137 AND 4807237
	Bitmap Heap Scan on sbtest7  (cost=5.42..386.01 rows=96 width=125)
	  Recheck Cond: ((k >= 4807137) AND (k <= 4807237))
	  ->  Bitmap Index Scan on k_7  (cost=0.00..5.39 rows=96 width=0)
	        Index Cond: ((k >= 4807137) AND (k <= 4807237))

table 8 : explain SELECT k, c FROM sbtest8 WHERE k BETWEEN 4807137 AND 4807237
	Bitmap Heap Scan on sbtest8  (cost=5.50..417.54 rows=104 width=125)
	  Recheck Cond: ((k >= 4807137) AND (k <= 4807237))
	  ->  Bitmap Index Scan on k_8  (cost=0.00..5.47 rows=104 width=0)
	        Index Cond: ((k >= 4807137) AND (k <= 4807237))
explain: for range-notcovered :: explain SELECT k, c FROM sbtest%d WHERE k BETWEEN 8064513 AND 8064613
for range-notcovered
table 1 : explain SELECT k, c FROM sbtest1 WHERE k BETWEEN 2511771 AND 2511871
	Bitmap Heap Scan on sbtest1  (cost=5.50..417.43 rows=104 width=125)
	  Recheck Cond: ((k >= 2511771) AND (k <= 2511871))
	  ->  Bitmap Index Scan on k_1  (cost=0.00..5.47 rows=104 width=0)
	        Index Cond: ((k >= 2511771) AND (k <= 2511871))

table 2 : explain SELECT k, c FROM sbtest2 WHERE k BETWEEN 2511771 AND 2511871
	Bitmap Heap Scan on sbtest2  (cost=5.51..421.34 rows=105 width=125)
	  Recheck Cond: ((k >= 2511771) AND (k <= 2511871))
	  ->  Bitmap Index Scan on k_2  (cost=0.00..5.48 rows=105 width=0)
	        Index Cond: ((k >= 2511771) AND (k <= 2511871))

table 3 : explain SELECT k, c FROM sbtest3 WHERE k BETWEEN 2511771 AND 2511871
	Bitmap Heap Scan on sbtest3  (cost=5.50..417.49 rows=104 width=125)
	  Recheck Cond: ((k >= 2511771) AND (k <= 2511871))
	  ->  Bitmap Index Scan on k_3  (cost=0.00..5.47 rows=104 width=0)
	        Index Cond: ((k >= 2511771) AND (k <= 2511871))

table 4 : explain SELECT k, c FROM sbtest4 WHERE k BETWEEN 2511771 AND 2511871
	Bitmap Heap Scan on sbtest4  (cost=5.41..382.05 rows=95 width=125)
	  Recheck Cond: ((k >= 2511771) AND (k <= 2511871))
	  ->  Bitmap Index Scan on k_4  (cost=0.00..5.38 rows=95 width=0)
	        Index Cond: ((k >= 2511771) AND (k <= 2511871))

table 5 : explain SELECT k, c FROM sbtest5 WHERE k BETWEEN 2511771 AND 2511871
	Bitmap Heap Scan on sbtest5  (cost=5.50..417.31 rows=104 width=125)
	  Recheck Cond: ((k >= 2511771) AND (k <= 2511871))
	  ->  Bitmap Index Scan on k_5  (cost=0.00..5.47 rows=104 width=0)
	        Index Cond: ((k >= 2511771) AND (k <= 2511871))

table 6 : explain SELECT k, c FROM sbtest6 WHERE k BETWEEN 2511771 AND 2511871
	Bitmap Heap Scan on sbtest6  (cost=5.42..385.84 rows=96 width=125)
	  Recheck Cond: ((k >= 2511771) AND (k <= 2511871))
	  ->  Bitmap Index Scan on k_6  (cost=0.00..5.39 rows=96 width=0)
	        Index Cond: ((k >= 2511771) AND (k <= 2511871))

table 7 : explain SELECT k, c FROM sbtest7 WHERE k BETWEEN 2511771 AND 2511871
	Bitmap Heap Scan on sbtest7  (cost=5.58..449.16 rows=112 width=125)
	  Recheck Cond: ((k >= 2511771) AND (k <= 2511871))
	  ->  Bitmap Index Scan on k_7  (cost=0.00..5.55 rows=112 width=0)
	        Index Cond: ((k >= 2511771) AND (k <= 2511871))

table 8 : explain SELECT k, c FROM sbtest8 WHERE k BETWEEN 2511771 AND 2511871
	Bitmap Heap Scan on sbtest8  (cost=5.45..397.81 rows=99 width=125)
	  Recheck Cond: ((k >= 2511771) AND (k <= 2511871))
	  ->  Bitmap Index Scan on k_8  (cost=0.00..5.42 rows=99 width=0)
	        Index Cond: ((k >= 2511771) AND (k <= 2511871))
for range-notcovered
table 1 : explain SELECT k, c FROM sbtest1 WHERE k BETWEEN 7302808 AND 7302908
	Bitmap Heap Scan on sbtest1  (cost=5.52..425.31 rows=106 width=125)
	  Recheck Cond: ((k >= 7302808) AND (k <= 7302908))
	  ->  Bitmap Index Scan on k_1  (cost=0.00..5.50 rows=106 width=0)
	        Index Cond: ((k >= 7302808) AND (k <= 7302908))

table 2 : explain SELECT k, c FROM sbtest2 WHERE k BETWEEN 7302808 AND 7302908
	Bitmap Heap Scan on sbtest2  (cost=5.48..409.51 rows=102 width=125)
	  Recheck Cond: ((k >= 7302808) AND (k <= 7302908))
	  ->  Bitmap Index Scan on k_2  (cost=0.00..5.45 rows=102 width=0)
	        Index Cond: ((k >= 7302808) AND (k <= 7302908))

table 3 : explain SELECT k, c FROM sbtest3 WHERE k BETWEEN 7302808 AND 7302908
	Bitmap Heap Scan on sbtest3  (cost=5.50..417.49 rows=104 width=125)
	  Recheck Cond: ((k >= 7302808) AND (k <= 7302908))
	  ->  Bitmap Index Scan on k_3  (cost=0.00..5.47 rows=104 width=0)
	        Index Cond: ((k >= 7302808) AND (k <= 7302908))

table 4 : explain SELECT k, c FROM sbtest4 WHERE k BETWEEN 7302808 AND 7302908
	Bitmap Heap Scan on sbtest4  (cost=5.42..385.99 rows=96 width=125)
	  Recheck Cond: ((k >= 7302808) AND (k <= 7302908))
	  ->  Bitmap Index Scan on k_4  (cost=0.00..5.39 rows=96 width=0)
	        Index Cond: ((k >= 7302808) AND (k <= 7302908))

table 5 : explain SELECT k, c FROM sbtest5 WHERE k BETWEEN 7302808 AND 7302908
	Bitmap Heap Scan on sbtest5  (cost=5.53..429.14 rows=107 width=125)
	  Recheck Cond: ((k >= 7302808) AND (k <= 7302908))
	  ->  Bitmap Index Scan on k_5  (cost=0.00..5.50 rows=107 width=0)
	        Index Cond: ((k >= 7302808) AND (k <= 7302908))

table 6 : explain SELECT k, c FROM sbtest6 WHERE k BETWEEN 7302808 AND 7302908
	Bitmap Heap Scan on sbtest6  (cost=5.57..445.00 rows=111 width=125)
	  Recheck Cond: ((k >= 7302808) AND (k <= 7302908))
	  ->  Bitmap Index Scan on k_6  (cost=0.00..5.54 rows=111 width=0)
	        Index Cond: ((k >= 7302808) AND (k <= 7302908))

table 7 : explain SELECT k, c FROM sbtest7 WHERE k BETWEEN 7302808 AND 7302908
	Bitmap Heap Scan on sbtest7  (cost=5.54..433.38 rows=108 width=125)
	  Recheck Cond: ((k >= 7302808) AND (k <= 7302908))
	  ->  Bitmap Index Scan on k_7  (cost=0.00..5.51 rows=108 width=0)
	        Index Cond: ((k >= 7302808) AND (k <= 7302908))

table 8 : explain SELECT k, c FROM sbtest8 WHERE k BETWEEN 7302808 AND 7302908
	Bitmap Heap Scan on sbtest8  (cost=5.55..437.27 rows=109 width=125)
	  Recheck Cond: ((k >= 7302808) AND (k <= 7302908))
	  ->  Bitmap Index Scan on k_8  (cost=0.00..5.52 rows=109 width=0)
	        Index Cond: ((k >= 7302808) AND (k <= 7302908))
for range-notcovered
table 1 : explain SELECT k, c FROM sbtest1 WHERE k BETWEEN 2901047 AND 2901147
	Bitmap Heap Scan on sbtest1  (cost=5.49..413.48 rows=103 width=125)
	  Recheck Cond: ((k >= 2901047) AND (k <= 2901147))
	  ->  Bitmap Index Scan on k_1  (cost=0.00..5.46 rows=103 width=0)
	        Index Cond: ((k >= 2901047) AND (k <= 2901147))

table 2 : explain SELECT k, c FROM sbtest2 WHERE k BETWEEN 2901047 AND 2901147
	Bitmap Heap Scan on sbtest2  (cost=5.37..366.09 rows=91 width=125)
	  Recheck Cond: ((k >= 2901047) AND (k <= 2901147))
	  ->  Bitmap Index Scan on k_2  (cost=0.00..5.34 rows=91 width=0)
	        Index Cond: ((k >= 2901047) AND (k <= 2901147))

table 3 : explain SELECT k, c FROM sbtest3 WHERE k BETWEEN 2901047 AND 2901147
	Bitmap Heap Scan on sbtest3  (cost=5.41..381.97 rows=95 width=125)
	  Recheck Cond: ((k >= 2901047) AND (k <= 2901147))
	  ->  Bitmap Index Scan on k_3  (cost=0.00..5.38 rows=95 width=0)
	        Index Cond: ((k >= 2901047) AND (k <= 2901147))

table 4 : explain SELECT k, c FROM sbtest4 WHERE k BETWEEN 2901047 AND 2901147
	Bitmap Heap Scan on sbtest4  (cost=5.48..409.68 rows=102 width=125)
	  Recheck Cond: ((k >= 2901047) AND (k <= 2901147))
	  ->  Bitmap Index Scan on k_4  (cost=0.00..5.45 rows=102 width=0)
	        Index Cond: ((k >= 2901047) AND (k <= 2901147))

table 5 : explain SELECT k, c FROM sbtest5 WHERE k BETWEEN 2901047 AND 2901147
	Bitmap Heap Scan on sbtest5  (cost=5.39..373.92 rows=93 width=125)
	  Recheck Cond: ((k >= 2901047) AND (k <= 2901147))
	  ->  Bitmap Index Scan on k_5  (cost=0.00..5.36 rows=93 width=0)
	        Index Cond: ((k >= 2901047) AND (k <= 2901147))

table 6 : explain SELECT k, c FROM sbtest6 WHERE k BETWEEN 2901047 AND 2901147
	Bitmap Heap Scan on sbtest6  (cost=5.37..366.10 rows=91 width=125)
	  Recheck Cond: ((k >= 2901047) AND (k <= 2901147))
	  ->  Bitmap Index Scan on k_6  (cost=0.00..5.34 rows=91 width=0)
	        Index Cond: ((k >= 2901047) AND (k <= 2901147))

table 7 : explain SELECT k, c FROM sbtest7 WHERE k BETWEEN 2901047 AND 2901147
	Bitmap Heap Scan on sbtest7  (cost=5.42..386.01 rows=96 width=125)
	  Recheck Cond: ((k >= 2901047) AND (k <= 2901147))
	  ->  Bitmap Index Scan on k_7  (cost=0.00..5.39 rows=96 width=0)
	        Index Cond: ((k >= 2901047) AND (k <= 2901147))

table 8 : explain SELECT k, c FROM sbtest8 WHERE k BETWEEN 2901047 AND 2901147
	Bitmap Heap Scan on sbtest8  (cost=5.50..417.54 rows=104 width=125)
	  Recheck Cond: ((k >= 2901047) AND (k <= 2901147))
	  ->  Bitmap Index Scan on k_8  (cost=0.00..5.47 rows=104 width=0)
	        Index Cond: ((k >= 2901047) AND (k <= 2901147))


for range-notcovered
table 1 : explain SELECT k, c FROM sbtest1 WHERE k BETWEEN 4761943 AND 4762043
	Bitmap Heap Scan on sbtest1  (cost=5.42..385.86 rows=96 width=125)
	  Recheck Cond: ((k >= 4761943) AND (k <= 4762043))
	  ->  Bitmap Index Scan on k_1  (cost=0.00..5.39 rows=96 width=0)
	        Index Cond: ((k >= 4761943) AND (k <= 4762043))

table 2 : explain SELECT k, c FROM sbtest2 WHERE k BETWEEN 4761943 AND 4762043
	Bitmap Heap Scan on sbtest2  (cost=5.48..409.51 rows=102 width=125)
	  Recheck Cond: ((k >= 4761943) AND (k <= 4762043))
	  ->  Bitmap Index Scan on k_2  (cost=0.00..5.45 rows=102 width=0)
	        Index Cond: ((k >= 4761943) AND (k <= 4762043))

table 3 : explain SELECT k, c FROM sbtest3 WHERE k BETWEEN 4761943 AND 4762043
	Bitmap Heap Scan on sbtest3  (cost=5.48..409.59 rows=102 width=125)
	  Recheck Cond: ((k >= 4761943) AND (k <= 4762043))
	  ->  Bitmap Index Scan on k_3  (cost=0.00..5.45 rows=102 width=0)
	        Index Cond: ((k >= 4761943) AND (k <= 4762043))

table 4 : explain SELECT k, c FROM sbtest4 WHERE k BETWEEN 4761943 AND 4762043
	Bitmap Heap Scan on sbtest4  (cost=5.48..409.68 rows=102 width=125)
	  Recheck Cond: ((k >= 4761943) AND (k <= 4762043))
	  ->  Bitmap Index Scan on k_4  (cost=0.00..5.45 rows=102 width=0)
	        Index Cond: ((k >= 4761943) AND (k <= 4762043))

table 5 : explain SELECT k, c FROM sbtest5 WHERE k BETWEEN 4761943 AND 4762043
	Bitmap Heap Scan on sbtest5  (cost=5.67..480.34 rows=120 width=125)
	  Recheck Cond: ((k >= 4761943) AND (k <= 4762043))
	  ->  Bitmap Index Scan on k_5  (cost=0.00..5.63 rows=120 width=0)
	        Index Cond: ((k >= 4761943) AND (k <= 4762043))

table 6 : explain SELECT k, c FROM sbtest6 WHERE k BETWEEN 4761943 AND 4762043
	Bitmap Heap Scan on sbtest6  (cost=5.57..445.00 rows=111 width=125)
	  Recheck Cond: ((k >= 4761943) AND (k <= 4762043))
	  ->  Bitmap Index Scan on k_6  (cost=0.00..5.54 rows=111 width=0)
	        Index Cond: ((k >= 4761943) AND (k <= 4762043))

table 7 : explain SELECT k, c FROM sbtest7 WHERE k BETWEEN 4761943 AND 4762043
	Bitmap Heap Scan on sbtest7  (cost=5.51..421.54 rows=105 width=125)
	  Recheck Cond: ((k >= 4761943) AND (k <= 4762043))
	  ->  Bitmap Index Scan on k_7  (cost=0.00..5.48 rows=105 width=0)
	        Index Cond: ((k >= 4761943) AND (k <= 4762043))

table 8 : explain SELECT k, c FROM sbtest8 WHERE k BETWEEN 4761943 AND 4762043
	Bitmap Heap Scan on sbtest8  (cost=5.51..421.49 rows=105 width=125)
	  Recheck Cond: ((k >= 4761943) AND (k <= 4762043))
	  ->  Bitmap Index Scan on k_8  (cost=0.00..5.48 rows=105 width=0)
	        Index Cond: ((k >= 4761943) AND (k <= 4762043))



explain: for range-notcovered :: explain SELECT k, c FROM sbtest%d WHERE k BETWEEN 4170254 AND 4170354
for range-notcovered
table 1 : explain SELECT k, c FROM sbtest1 WHERE k BETWEEN 3055672 AND 3055772
	Bitmap Heap Scan on sbtest1  (cost=5.58..448.96 rows=112 width=125)
	  Recheck Cond: ((k >= 3055672) AND (k <= 3055772))
	  ->  Bitmap Index Scan on k_1  (cost=0.00..5.55 rows=112 width=0)
	        Index Cond: ((k >= 3055672) AND (k <= 3055772))

table 2 : explain SELECT k, c FROM sbtest2 WHERE k BETWEEN 3055672 AND 3055772
	Bitmap Heap Scan on sbtest2  (cost=5.52..425.28 rows=106 width=125)
	  Recheck Cond: ((k >= 3055672) AND (k <= 3055772))
	  ->  Bitmap Index Scan on k_2  (cost=0.00..5.50 rows=106 width=0)
	        Index Cond: ((k >= 3055672) AND (k <= 3055772))

table 3 : explain SELECT k, c FROM sbtest3 WHERE k BETWEEN 3055672 AND 3055772
	Bitmap Heap Scan on sbtest3  (cost=5.57..445.09 rows=111 width=125)
	  Recheck Cond: ((k >= 3055672) AND (k <= 3055772))
	  ->  Bitmap Index Scan on k_3  (cost=0.00..5.54 rows=111 width=0)
	        Index Cond: ((k >= 3055672) AND (k <= 3055772))

table 4 : explain SELECT k, c FROM sbtest4 WHERE k BETWEEN 3055672 AND 3055772
	Bitmap Heap Scan on sbtest4  (cost=5.54..433.36 rows=108 width=125)
	  Recheck Cond: ((k >= 3055672) AND (k <= 3055772))
	  ->  Bitmap Index Scan on k_4  (cost=0.00..5.51 rows=108 width=0)
	        Index Cond: ((k >= 3055672) AND (k <= 3055772))

table 5 : explain SELECT k, c FROM sbtest5 WHERE k BETWEEN 3055672 AND 3055772
	Bitmap Heap Scan on sbtest5  (cost=5.50..417.31 rows=104 width=125)
	  Recheck Cond: ((k >= 3055672) AND (k <= 3055772))
	  ->  Bitmap Index Scan on k_5  (cost=0.00..5.47 rows=104 width=0)
	        Index Cond: ((k >= 3055672) AND (k <= 3055772))

table 6 : explain SELECT k, c FROM sbtest6 WHERE k BETWEEN 3055672 AND 3055772
	Bitmap Heap Scan on sbtest6  (cost=5.58..448.94 rows=112 width=125)
	  Recheck Cond: ((k >= 3055672) AND (k <= 3055772))
	  ->  Bitmap Index Scan on k_6  (cost=0.00..5.55 rows=112 width=0)
	        Index Cond: ((k >= 3055672) AND (k <= 3055772))

table 7 : explain SELECT k, c FROM sbtest7 WHERE k BETWEEN 3055672 AND 3055772
	Bitmap Heap Scan on sbtest7  (cost=5.49..413.65 rows=103 width=125)
	  Recheck Cond: ((k >= 3055672) AND (k <= 3055772))
	  ->  Bitmap Index Scan on k_7  (cost=0.00..5.46 rows=103 width=0)
	        Index Cond: ((k >= 3055672) AND (k <= 3055772))

table 8 : explain SELECT k, c FROM sbtest8 WHERE k BETWEEN 3055672 AND 3055772
	Bitmap Heap Scan on sbtest8  (cost=5.49..413.60 rows=103 width=125)
	  Recheck Cond: ((k >= 3055672) AND (k <= 3055772))
	  ->  Bitmap Index Scan on k_8  (cost=0.00..5.46 rows=103 width=0)
	        Index Cond: ((k >= 3055672) AND (k <= 3055772))

for range-notcovered
table 1 : explain SELECT k, c FROM sbtest1 WHERE k BETWEEN 3884400 AND 3884500
	Bitmap Heap Scan on sbtest1  (cost=5.53..429.26 rows=107 width=125)
	  Recheck Cond: ((k >= 3884400) AND (k <= 3884500))
	  ->  Bitmap Index Scan on k_1  (cost=0.00..5.50 rows=107 width=0)
	        Index Cond: ((k >= 3884400) AND (k <= 3884500))

table 2 : explain SELECT k, c FROM sbtest2 WHERE k BETWEEN 3884400 AND 3884500
	Bitmap Heap Scan on sbtest2  (cost=5.50..417.39 rows=104 width=125)
	  Recheck Cond: ((k >= 3884400) AND (k <= 3884500))
	  ->  Bitmap Index Scan on k_2  (cost=0.00..5.47 rows=104 width=0)
	        Index Cond: ((k >= 3884400) AND (k <= 3884500))

table 3 : explain SELECT k, c FROM sbtest3 WHERE k BETWEEN 3884400 AND 3884500
	Bitmap Heap Scan on sbtest3  (cost=5.54..433.26 rows=108 width=125)
	  Recheck Cond: ((k >= 3884400) AND (k <= 3884500))
	  ->  Bitmap Index Scan on k_3  (cost=0.00..5.51 rows=108 width=0)
	        Index Cond: ((k >= 3884400) AND (k <= 3884500))

table 4 : explain SELECT k, c FROM sbtest4 WHERE k BETWEEN 3884400 AND 3884500
	Bitmap Heap Scan on sbtest4  (cost=5.57..445.19 rows=111 width=125)
	  Recheck Cond: ((k >= 3884400) AND (k <= 3884500))
	  ->  Bitmap Index Scan on k_4  (cost=0.00..5.54 rows=111 width=0)
	        Index Cond: ((k >= 3884400) AND (k <= 3884500))

table 5 : explain SELECT k, c FROM sbtest5 WHERE k BETWEEN 3884400 AND 3884500
	Bitmap Heap Scan on sbtest5  (cost=5.36..362.08 rows=90 width=125)
	  Recheck Cond: ((k >= 3884400) AND (k <= 3884500))
	  ->  Bitmap Index Scan on k_5  (cost=0.00..5.33 rows=90 width=0)
	        Index Cond: ((k >= 3884400) AND (k <= 3884500))

table 6 : explain SELECT k, c FROM sbtest6 WHERE k BETWEEN 3884400 AND 3884500
	Bitmap Heap Scan on sbtest6  (cost=5.59..452.88 rows=113 width=125)
	  Recheck Cond: ((k >= 3884400) AND (k <= 3884500))
	  ->  Bitmap Index Scan on k_6  (cost=0.00..5.56 rows=113 width=0)
	        Index Cond: ((k >= 3884400) AND (k <= 3884500))

table 7 : explain SELECT k, c FROM sbtest7 WHERE k BETWEEN 3884400 AND 3884500
	Bitmap Heap Scan on sbtest7  (cost=5.53..429.44 rows=107 width=125)
	  Recheck Cond: ((k >= 3884400) AND (k <= 3884500))
	  ->  Bitmap Index Scan on k_7  (cost=0.00..5.50 rows=107 width=0)
	        Index Cond: ((k >= 3884400) AND (k <= 3884500))

table 8 : explain SELECT k, c FROM sbtest8 WHERE k BETWEEN 3884400 AND 3884500
	Bitmap Heap Scan on sbtest8  (cost=5.45..397.81 rows=99 width=125)
	  Recheck Cond: ((k >= 3884400) AND (k <= 3884500))
	  ->  Bitmap Index Scan on k_8  (cost=0.00..5.42 rows=99 width=0)
	        Index Cond: ((k >= 3884400) AND (k <= 3884500))

for range-notcovered
table 1 : explain SELECT k, c FROM sbtest1 WHERE k BETWEEN 5219904 AND 5220004
	Bitmap Heap Scan on sbtest1  (cost=5.42..385.86 rows=96 width=125)
	  Recheck Cond: ((k >= 5219904) AND (k <= 5220004))
	  ->  Bitmap Index Scan on k_1  (cost=0.00..5.39 rows=96 width=0)
	        Index Cond: ((k >= 5219904) AND (k <= 5220004))

table 2 : explain SELECT k, c FROM sbtest2 WHERE k BETWEEN 5219904 AND 5220004
	Bitmap Heap Scan on sbtest2  (cost=5.45..397.67 rows=99 width=125)
	  Recheck Cond: ((k >= 5219904) AND (k <= 5220004))
	  ->  Bitmap Index Scan on k_2  (cost=0.00..5.42 rows=99 width=0)
	        Index Cond: ((k >= 5219904) AND (k <= 5220004))

table 3 : explain SELECT k, c FROM sbtest3 WHERE k BETWEEN 5219904 AND 5220004
	Bitmap Heap Scan on sbtest3  (cost=5.41..381.97 rows=95 width=125)
	  Recheck Cond: ((k >= 5219904) AND (k <= 5220004))
	  ->  Bitmap Index Scan on k_3  (cost=0.00..5.38 rows=95 width=0)
	        Index Cond: ((k >= 5219904) AND (k <= 5220004))

table 4 : explain SELECT k, c FROM sbtest4 WHERE k BETWEEN 5219904 AND 5220004
	Bitmap Heap Scan on sbtest4  (cost=5.39..374.15 rows=93 width=125)
	  Recheck Cond: ((k >= 5219904) AND (k <= 5220004))
	  ->  Bitmap Index Scan on k_4  (cost=0.00..5.36 rows=93 width=0)
	        Index Cond: ((k >= 5219904) AND (k <= 5220004))

table 5 : explain SELECT k, c FROM sbtest5 WHERE k BETWEEN 5219904 AND 5220004
	Bitmap Heap Scan on sbtest5  (cost=5.45..397.59 rows=99 width=125)
	  Recheck Cond: ((k >= 5219904) AND (k <= 5220004))
	  ->  Bitmap Index Scan on k_5  (cost=0.00..5.42 rows=99 width=0)
	        Index Cond: ((k >= 5219904) AND (k <= 5220004))

table 6 : explain SELECT k, c FROM sbtest6 WHERE k BETWEEN 5219904 AND 5220004
	Bitmap Heap Scan on sbtest6  (cost=5.50..417.41 rows=104 width=125)
	  Recheck Cond: ((k >= 5219904) AND (k <= 5220004))
	  ->  Bitmap Index Scan on k_6  (cost=0.00..5.47 rows=104 width=0)
	        Index Cond: ((k >= 5219904) AND (k <= 5220004))

table 7 : explain SELECT k, c FROM sbtest7 WHERE k BETWEEN 5219904 AND 5220004
	Bitmap Heap Scan on sbtest7  (cost=5.48..409.70 rows=102 width=125)
	  Recheck Cond: ((k >= 5219904) AND (k <= 5220004))
	  ->  Bitmap Index Scan on k_7  (cost=0.00..5.45 rows=102 width=0)
	        Index Cond: ((k >= 5219904) AND (k <= 5220004))

table 8 : explain SELECT k, c FROM sbtest8 WHERE k BETWEEN 5219904 AND 5220004
	Bitmap Heap Scan on sbtest8  (cost=5.45..397.81 rows=99 width=125)
	  Recheck Cond: ((k >= 5219904) AND (k <= 5220004))
	  ->  Bitmap Index Scan on k_8  (cost=0.00..5.42 rows=99 width=0)
	        Index Cond: ((k >= 5219904) AND (k <= 5220004))
explain: for range-notcovered :: explain SELECT k, c FROM sbtest%d WHERE k BETWEEN 4761943 AND 4762043

explain: for range-notcovered :: explain SELECT k, c FROM sbtest%d WHERE k BETWEEN 7302808 AND 7302908
for range-notcovered
table 1 : explain SELECT k, c FROM sbtest1 WHERE k BETWEEN 5510090 AND 5510190
	Bitmap Heap Scan on sbtest1  (cost=5.47..405.59 rows=101 width=125)
	  Recheck Cond: ((k >= 5510090) AND (k <= 5510190))
	  ->  Bitmap Index Scan on k_1  (cost=0.00..5.44 rows=101 width=0)
	        Index Cond: ((k >= 5510090) AND (k <= 5510190))

table 2 : explain SELECT k, c FROM sbtest2 WHERE k BETWEEN 5510090 AND 5510190
	Bitmap Heap Scan on sbtest2  (cost=5.48..409.51 rows=102 width=125)
	  Recheck Cond: ((k >= 5510090) AND (k <= 5510190))
	  ->  Bitmap Index Scan on k_2  (cost=0.00..5.45 rows=102 width=0)
	        Index Cond: ((k >= 5510090) AND (k <= 5510190))

table 3 : explain SELECT k, c FROM sbtest3 WHERE k BETWEEN 5510090 AND 5510190
	Bitmap Heap Scan on sbtest3  (cost=5.58..449.03 rows=112 width=125)
	  Recheck Cond: ((k >= 5510090) AND (k <= 5510190))
	  ->  Bitmap Index Scan on k_3  (cost=0.00..5.55 rows=112 width=0)
	        Index Cond: ((k >= 5510090) AND (k <= 5510190))

table 4 : explain SELECT k, c FROM sbtest4 WHERE k BETWEEN 5510090 AND 5510190
	Bitmap Heap Scan on sbtest4  (cost=5.53..429.41 rows=107 width=125)
	  Recheck Cond: ((k >= 5510090) AND (k <= 5510190))
	  ->  Bitmap Index Scan on k_4  (cost=0.00..5.50 rows=107 width=0)
	        Index Cond: ((k >= 5510090) AND (k <= 5510190))

table 5 : explain SELECT k, c FROM sbtest5 WHERE k BETWEEN 5510090 AND 5510190
	Bitmap Heap Scan on sbtest5  (cost=5.58..448.84 rows=112 width=125)
	  Recheck Cond: ((k >= 5510090) AND (k <= 5510190))
	  ->  Bitmap Index Scan on k_5  (cost=0.00..5.55 rows=112 width=0)
	        Index Cond: ((k >= 5510090) AND (k <= 5510190))

table 6 : explain SELECT k, c FROM sbtest6 WHERE k BETWEEN 5510090 AND 5510190
	Bitmap Heap Scan on sbtest6  (cost=5.54..433.18 rows=108 width=125)
	  Recheck Cond: ((k >= 5510090) AND (k <= 5510190))
	  ->  Bitmap Index Scan on k_6  (cost=0.00..5.51 rows=108 width=0)
	        Index Cond: ((k >= 5510090) AND (k <= 5510190))

table 7 : explain SELECT k, c FROM sbtest7 WHERE k BETWEEN 5510090 AND 5510190
	Bitmap Heap Scan on sbtest7  (cost=5.44..393.91 rows=98 width=125)
	  Recheck Cond: ((k >= 5510090) AND (k <= 5510190))
	  ->  Bitmap Index Scan on k_7  (cost=0.00..5.42 rows=98 width=0)
	        Index Cond: ((k >= 5510090) AND (k <= 5510190))

table 8 : explain SELECT k, c FROM sbtest8 WHERE k BETWEEN 5510090 AND 5510190
	Bitmap Heap Scan on sbtest8  (cost=5.40..378.07 rows=94 width=125)
	  Recheck Cond: ((k >= 5510090) AND (k <= 5510190))
	  ->  Bitmap Index Scan on k_8  (cost=0.00..5.38 rows=94 width=0)
	        Index Cond: ((k >= 5510090) AND (k <= 5510190))

for range-notcovered
table 1 : explain SELECT k, c FROM sbtest1 WHERE k BETWEEN 7475603 AND 7475703
	Bitmap Heap Scan on sbtest1  (cost=5.41..381.91 rows=95 width=125)
	  Recheck Cond: ((k >= 7475603) AND (k <= 7475703))
	  ->  Bitmap Index Scan on k_1  (cost=0.00..5.38 rows=95 width=0)
	        Index Cond: ((k >= 7475603) AND (k <= 7475703))

table 2 : explain SELECT k, c FROM sbtest2 WHERE k BETWEEN 7475603 AND 7475703
	Bitmap Heap Scan on sbtest2  (cost=5.42..385.83 rows=96 width=125)
	  Recheck Cond: ((k >= 7475603) AND (k <= 7475703))
	  ->  Bitmap Index Scan on k_2  (cost=0.00..5.39 rows=96 width=0)
	        Index Cond: ((k >= 7475603) AND (k <= 7475703))

table 3 : explain SELECT k, c FROM sbtest3 WHERE k BETWEEN 7475603 AND 7475703
	Bitmap Heap Scan on sbtest3  (cost=5.56..441.15 rows=110 width=125)
	  Recheck Cond: ((k >= 7475603) AND (k <= 7475703))
	  ->  Bitmap Index Scan on k_3  (cost=0.00..5.53 rows=110 width=0)
	        Index Cond: ((k >= 7475603) AND (k <= 7475703))

table 4 : explain SELECT k, c FROM sbtest4 WHERE k BETWEEN 7475603 AND 7475703
	Bitmap Heap Scan on sbtest4  (cost=5.53..429.41 rows=107 width=125)
	  Recheck Cond: ((k >= 7475603) AND (k <= 7475703))
	  ->  Bitmap Index Scan on k_4  (cost=0.00..5.50 rows=107 width=0)
	        Index Cond: ((k >= 7475603) AND (k <= 7475703))

table 5 : explain SELECT k, c FROM sbtest5 WHERE k BETWEEN 7475603 AND 7475703
	Bitmap Heap Scan on sbtest5  (cost=5.52..425.19 rows=106 width=125)
	  Recheck Cond: ((k >= 7475603) AND (k <= 7475703))
	  ->  Bitmap Index Scan on k_5  (cost=0.00..5.50 rows=106 width=0)
	        Index Cond: ((k >= 7475603) AND (k <= 7475703))

table 6 : explain SELECT k, c FROM sbtest6 WHERE k BETWEEN 7475603 AND 7475703
	Bitmap Heap Scan on sbtest6  (cost=5.48..409.52 rows=102 width=125)
	  Recheck Cond: ((k >= 7475603) AND (k <= 7475703))
	  ->  Bitmap Index Scan on k_6  (cost=0.00..5.45 rows=102 width=0)
	        Index Cond: ((k >= 7475603) AND (k <= 7475703))

table 7 : explain SELECT k, c FROM sbtest7 WHERE k BETWEEN 7475603 AND 7475703
	Bitmap Heap Scan on sbtest7  (cost=5.62..464.93 rows=116 width=125)
	  Recheck Cond: ((k >= 7475603) AND (k <= 7475703))
	  ->  Bitmap Index Scan on k_7  (cost=0.00..5.59 rows=116 width=0)
	        Index Cond: ((k >= 7475603) AND (k <= 7475703))

table 8 : explain SELECT k, c FROM sbtest8 WHERE k BETWEEN 7475603 AND 7475703
	Bitmap Heap Scan on sbtest8  (cost=5.43..389.91 rows=97 width=125)
	  Recheck Cond: ((k >= 7475603) AND (k <= 7475703))
	  ->  Bitmap Index Scan on k_8  (cost=0.00..5.40 rows=97 width=0)
	        Index Cond: ((k >= 7475603) AND (k <= 7475703))

explain: for range-notcovered :: explain SELECT k, c FROM sbtest%d WHERE k BETWEEN 6035731 AND 6035831
explain: for range-notcovered :: explain SELECT k, c FROM sbtest%d WHERE k BETWEEN 4807137 AND 4807237
explain: for range-notcovered :: explain SELECT k, c FROM sbtest%d WHERE k BETWEEN 2511771 AND 2511871
explain: for range-notcovered :: explain SELECT k, c FROM sbtest%d WHERE k BETWEEN 2901047 AND 2901147
explain: for range-notcovered :: explain SELECT k, c FROM sbtest%d WHERE k BETWEEN 3055672 AND 3055772
for range-notcovered
table 1 : explain SELECT k, c FROM sbtest1 WHERE k BETWEEN 406143 AND 406243
	Bitmap Heap Scan on sbtest1  (cost=5.44..393.75 rows=98 width=125)
	  Recheck Cond: ((k >= 406143) AND (k <= 406243))
	  ->  Bitmap Index Scan on k_1  (cost=0.00..5.42 rows=98 width=0)
	        Index Cond: ((k >= 406143) AND (k <= 406243))

table 2 : explain SELECT k, c FROM sbtest2 WHERE k BETWEEN 406143 AND 406243
	Bitmap Heap Scan on sbtest2  (cost=5.46..401.62 rows=100 width=125)
	  Recheck Cond: ((k >= 406143) AND (k <= 406243))
	  ->  Bitmap Index Scan on k_2  (cost=0.00..5.43 rows=100 width=0)
	        Index Cond: ((k >= 406143) AND (k <= 406243))

table 3 : explain SELECT k, c FROM sbtest3 WHERE k BETWEEN 406143 AND 406243
	Bitmap Heap Scan on sbtest3  (cost=5.48..409.59 rows=102 width=125)
	  Recheck Cond: ((k >= 406143) AND (k <= 406243))
	  ->  Bitmap Index Scan on k_3  (cost=0.00..5.45 rows=102 width=0)
	        Index Cond: ((k >= 406143) AND (k <= 406243))

table 4 : explain SELECT k, c FROM sbtest4 WHERE k BETWEEN 406143 AND 406243
	Bitmap Heap Scan on sbtest4  (cost=5.41..382.05 rows=95 width=125)
	  Recheck Cond: ((k >= 406143) AND (k <= 406243))
	  ->  Bitmap Index Scan on k_4  (cost=0.00..5.38 rows=95 width=0)
	        Index Cond: ((k >= 406143) AND (k <= 406243))

table 5 : explain SELECT k, c FROM sbtest5 WHERE k BETWEEN 406143 AND 406243
	Bitmap Heap Scan on sbtest5  (cost=5.47..405.48 rows=101 width=125)
	  Recheck Cond: ((k >= 406143) AND (k <= 406243))
	  ->  Bitmap Index Scan on k_5  (cost=0.00..5.44 rows=101 width=0)
	        Index Cond: ((k >= 406143) AND (k <= 406243))

table 6 : explain SELECT k, c FROM sbtest6 WHERE k BETWEEN 406143 AND 406243
	Bitmap Heap Scan on sbtest6  (cost=5.48..409.52 rows=102 width=125)
	  Recheck Cond: ((k >= 406143) AND (k <= 406243))
	  ->  Bitmap Index Scan on k_6  (cost=0.00..5.45 rows=102 width=0)
	        Index Cond: ((k >= 406143) AND (k <= 406243))

table 7 : explain SELECT k, c FROM sbtest7 WHERE k BETWEEN 406143 AND 406243
	Bitmap Heap Scan on sbtest7  (cost=5.51..421.54 rows=105 width=125)
	  Recheck Cond: ((k >= 406143) AND (k <= 406243))
	  ->  Bitmap Index Scan on k_7  (cost=0.00..5.48 rows=105 width=0)
	        Index Cond: ((k >= 406143) AND (k <= 406243))

table 8 : explain SELECT k, c FROM sbtest8 WHERE k BETWEEN 406143 AND 406243
	Bitmap Heap Scan on sbtest8  (cost=5.48..409.65 rows=102 width=125)
	  Recheck Cond: ((k >= 406143) AND (k <= 406243))
	  ->  Bitmap Index Scan on k_8  (cost=0.00..5.45 rows=102 width=0)
	        Index Cond: ((k >= 406143) AND (k <= 406243))

explain: for range-notcovered :: explain SELECT k, c FROM sbtest%d WHERE k BETWEEN 406143 AND 406243
for range-notcovered
table 1 : explain SELECT k, c FROM sbtest1 WHERE k BETWEEN 6715060 AND 6715160
	Bitmap Heap Scan on sbtest1  (cost=5.43..389.81 rows=97 width=125)
	  Recheck Cond: ((k >= 6715060) AND (k <= 6715160))
	  ->  Bitmap Index Scan on k_1  (cost=0.00..5.40 rows=97 width=0)
	        Index Cond: ((k >= 6715060) AND (k <= 6715160))

table 2 : explain SELECT k, c FROM sbtest2 WHERE k BETWEEN 6715060 AND 6715160
	Bitmap Heap Scan on sbtest2  (cost=5.52..425.28 rows=106 width=125)
	  Recheck Cond: ((k >= 6715060) AND (k <= 6715160))
	  ->  Bitmap Index Scan on k_2  (cost=0.00..5.50 rows=106 width=0)
	        Index Cond: ((k >= 6715060) AND (k <= 6715160))

table 3 : explain SELECT k, c FROM sbtest3 WHERE k BETWEEN 6715060 AND 6715160
	Bitmap Heap Scan on sbtest3  (cost=5.55..437.20 rows=109 width=125)
	  Recheck Cond: ((k >= 6715060) AND (k <= 6715160))
	  ->  Bitmap Index Scan on k_3  (cost=0.00..5.52 rows=109 width=0)
	        Index Cond: ((k >= 6715060) AND (k <= 6715160))

table 4 : explain SELECT k, c FROM sbtest4 WHERE k BETWEEN 6715060 AND 6715160
	Bitmap Heap Scan on sbtest4  (cost=5.44..393.89 rows=98 width=125)
	  Recheck Cond: ((k >= 6715060) AND (k <= 6715160))
	  ->  Bitmap Index Scan on k_4  (cost=0.00..5.42 rows=98 width=0)
	        Index Cond: ((k >= 6715060) AND (k <= 6715160))

table 5 : explain SELECT k, c FROM sbtest5 WHERE k BETWEEN 6715060 AND 6715160
	Bitmap Heap Scan on sbtest5  (cost=5.44..393.65 rows=98 width=125)
	  Recheck Cond: ((k >= 6715060) AND (k <= 6715160))
	  ->  Bitmap Index Scan on k_5  (cost=0.00..5.42 rows=98 width=0)
	        Index Cond: ((k >= 6715060) AND (k <= 6715160))

table 6 : explain SELECT k, c FROM sbtest6 WHERE k BETWEEN 6715060 AND 6715160
	Bitmap Heap Scan on sbtest6  (cost=5.49..413.46 rows=103 width=125)
	  Recheck Cond: ((k >= 6715060) AND (k <= 6715160))
	  ->  Bitmap Index Scan on k_6  (cost=0.00..5.46 rows=103 width=0)
	        Index Cond: ((k >= 6715060) AND (k <= 6715160))

table 7 : explain SELECT k, c FROM sbtest7 WHERE k BETWEEN 6715060 AND 6715160
	Bitmap Heap Scan on sbtest7  (cost=5.50..417.60 rows=104 width=125)
	  Recheck Cond: ((k >= 6715060) AND (k <= 6715160))
	  ->  Bitmap Index Scan on k_7  (cost=0.00..5.47 rows=104 width=0)
	        Index Cond: ((k >= 6715060) AND (k <= 6715160))

table 8 : explain SELECT k, c FROM sbtest8 WHERE k BETWEEN 6715060 AND 6715160
	Bitmap Heap Scan on sbtest8  (cost=5.56..441.21 rows=110 width=125)
	  Recheck Cond: ((k >= 6715060) AND (k <= 6715160))
	  ->  Bitmap Index Scan on k_8  (cost=0.00..5.53 rows=110 width=0)
	        Index Cond: ((k >= 6715060) AND (k <= 6715160))

explain: for range-notcovered :: explain SELECT k, c FROM sbtest%d WHERE k BETWEEN 5605207 AND 5605307
for range-notcovered
table 1 : explain SELECT k, c FROM sbtest1 WHERE k BETWEEN 3055672 AND 3055772
	Bitmap Heap Scan on sbtest1  (cost=5.58..448.96 rows=112 width=125)
	  Recheck Cond: ((k >= 3055672) AND (k <= 3055772))
	  ->  Bitmap Index Scan on k_1  (cost=0.00..5.55 rows=112 width=0)
	        Index Cond: ((k >= 3055672) AND (k <= 3055772))

table 2 : explain SELECT k, c FROM sbtest2 WHERE k BETWEEN 3055672 AND 3055772
	Bitmap Heap Scan on sbtest2  (cost=5.52..425.28 rows=106 width=125)
	  Recheck Cond: ((k >= 3055672) AND (k <= 3055772))
	  ->  Bitmap Index Scan on k_2  (cost=0.00..5.50 rows=106 width=0)
	        Index Cond: ((k >= 3055672) AND (k <= 3055772))

table 3 : explain SELECT k, c FROM sbtest3 WHERE k BETWEEN 3055672 AND 3055772
	Bitmap Heap Scan on sbtest3  (cost=5.57..445.09 rows=111 width=125)
	  Recheck Cond: ((k >= 3055672) AND (k <= 3055772))
	  ->  Bitmap Index Scan on k_3  (cost=0.00..5.54 rows=111 width=0)
	        Index Cond: ((k >= 3055672) AND (k <= 3055772))

table 4 : explain SELECT k, c FROM sbtest4 WHERE k BETWEEN 3055672 AND 3055772
	Bitmap Heap Scan on sbtest4  (cost=5.54..433.36 rows=108 width=125)
	  Recheck Cond: ((k >= 3055672) AND (k <= 3055772))
	  ->  Bitmap Index Scan on k_4  (cost=0.00..5.51 rows=108 width=0)
	        Index Cond: ((k >= 3055672) AND (k <= 3055772))

table 5 : explain SELECT k, c FROM sbtest5 WHERE k BETWEEN 3055672 AND 3055772
	Bitmap Heap Scan on sbtest5  (cost=5.50..417.31 rows=104 width=125)
	  Recheck Cond: ((k >= 3055672) AND (k <= 3055772))
	  ->  Bitmap Index Scan on k_5  (cost=0.00..5.47 rows=104 width=0)
	        Index Cond: ((k >= 3055672) AND (k <= 3055772))

table 6 : explain SELECT k, c FROM sbtest6 WHERE k BETWEEN 3055672 AND 3055772
	Bitmap Heap Scan on sbtest6  (cost=5.58..448.94 rows=112 width=125)
	  Recheck Cond: ((k >= 3055672) AND (k <= 3055772))
	  ->  Bitmap Index Scan on k_6  (cost=0.00..5.55 rows=112 width=0)
	        Index Cond: ((k >= 3055672) AND (k <= 3055772))

table 7 : explain SELECT k, c FROM sbtest7 WHERE k BETWEEN 3055672 AND 3055772
	Bitmap Heap Scan on sbtest7  (cost=5.49..413.65 rows=103 width=125)
	  Recheck Cond: ((k >= 3055672) AND (k <= 3055772))
	  ->  Bitmap Index Scan on k_7  (cost=0.00..5.46 rows=103 width=0)
	        Index Cond: ((k >= 3055672) AND (k <= 3055772))

table 8 : explain SELECT k, c FROM sbtest8 WHERE k BETWEEN 3055672 AND 3055772
	Bitmap Heap Scan on sbtest8  (cost=5.49..413.60 rows=103 width=125)
	  Recheck Cond: ((k >= 3055672) AND (k <= 3055772))
	  ->  Bitmap Index Scan on k_8  (cost=0.00..5.46 rows=103 width=0)
	        Index Cond: ((k >= 3055672) AND (k <= 3055772))

explain: for range-notcovered :: explain SELECT k, c FROM sbtest%d WHERE k BETWEEN 3055672 AND 3055772
for range-notcovered
table 1 : explain SELECT k, c FROM sbtest1 WHERE k BETWEEN 406143 AND 406243
	Bitmap Heap Scan on sbtest1  (cost=5.44..393.75 rows=98 width=125)
	  Recheck Cond: ((k >= 406143) AND (k <= 406243))
	  ->  Bitmap Index Scan on k_1  (cost=0.00..5.42 rows=98 width=0)
	        Index Cond: ((k >= 406143) AND (k <= 406243))

table 2 : explain SELECT k, c FROM sbtest2 WHERE k BETWEEN 406143 AND 406243
	Bitmap Heap Scan on sbtest2  (cost=5.46..401.62 rows=100 width=125)
	  Recheck Cond: ((k >= 406143) AND (k <= 406243))
	  ->  Bitmap Index Scan on k_2  (cost=0.00..5.43 rows=100 width=0)
	        Index Cond: ((k >= 406143) AND (k <= 406243))

table 3 : explain SELECT k, c FROM sbtest3 WHERE k BETWEEN 406143 AND 406243
	Bitmap Heap Scan on sbtest3  (cost=5.48..409.59 rows=102 width=125)
	  Recheck Cond: ((k >= 406143) AND (k <= 406243))
	  ->  Bitmap Index Scan on k_3  (cost=0.00..5.45 rows=102 width=0)
	        Index Cond: ((k >= 406143) AND (k <= 406243))

table 4 : explain SELECT k, c FROM sbtest4 WHERE k BETWEEN 406143 AND 406243
	Bitmap Heap Scan on sbtest4  (cost=5.41..382.05 rows=95 width=125)
	  Recheck Cond: ((k >= 406143) AND (k <= 406243))
	  ->  Bitmap Index Scan on k_4  (cost=0.00..5.38 rows=95 width=0)
	        Index Cond: ((k >= 406143) AND (k <= 406243))

table 5 : explain SELECT k, c FROM sbtest5 WHERE k BETWEEN 406143 AND 406243
	Bitmap Heap Scan on sbtest5  (cost=5.47..405.48 rows=101 width=125)
	  Recheck Cond: ((k >= 406143) AND (k <= 406243))
	  ->  Bitmap Index Scan on k_5  (cost=0.00..5.44 rows=101 width=0)
	        Index Cond: ((k >= 406143) AND (k <= 406243))

table 6 : explain SELECT k, c FROM sbtest6 WHERE k BETWEEN 406143 AND 406243
	Bitmap Heap Scan on sbtest6  (cost=5.48..409.52 rows=102 width=125)
	  Recheck Cond: ((k >= 406143) AND (k <= 406243))
	  ->  Bitmap Index Scan on k_6  (cost=0.00..5.45 rows=102 width=0)
	        Index Cond: ((k >= 406143) AND (k <= 406243))

table 7 : explain SELECT k, c FROM sbtest7 WHERE k BETWEEN 406143 AND 406243
	Bitmap Heap Scan on sbtest7  (cost=5.51..421.54 rows=105 width=125)
	  Recheck Cond: ((k >= 406143) AND (k <= 406243))
	  ->  Bitmap Index Scan on k_7  (cost=0.00..5.48 rows=105 width=0)
	        Index Cond: ((k >= 406143) AND (k <= 406243))

table 8 : explain SELECT k, c FROM sbtest8 WHERE k BETWEEN 406143 AND 406243
	Bitmap Heap Scan on sbtest8  (cost=5.48..409.65 rows=102 width=125)
	  Recheck Cond: ((k >= 406143) AND (k <= 406243))
	  ->  Bitmap Index Scan on k_8  (cost=0.00..5.45 rows=102 width=0)
	        Index Cond: ((k >= 406143) AND (k <= 406243))

explain: for range-notcovered :: explain SELECT k, c FROM sbtest%d WHERE k BETWEEN 406143 AND 406243
for range-notcovered
table 1 : explain SELECT k, c FROM sbtest1 WHERE k BETWEEN 5449994 AND 5450094
	Bitmap Heap Scan on sbtest1  (cost=5.51..421.37 rows=105 width=125)
	  Recheck Cond: ((k >= 5449994) AND (k <= 5450094))
	  ->  Bitmap Index Scan on k_1  (cost=0.00..5.48 rows=105 width=0)
	        Index Cond: ((k >= 5449994) AND (k <= 5450094))

table 2 : explain SELECT k, c FROM sbtest2 WHERE k BETWEEN 5449994 AND 5450094
	Bitmap Heap Scan on sbtest2  (cost=5.48..409.51 rows=102 width=125)
	  Recheck Cond: ((k >= 5449994) AND (k <= 5450094))
	  ->  Bitmap Index Scan on k_2  (cost=0.00..5.45 rows=102 width=0)
	        Index Cond: ((k >= 5449994) AND (k <= 5450094))

table 3 : explain SELECT k, c FROM sbtest3 WHERE k BETWEEN 5449994 AND 5450094
	Bitmap Heap Scan on sbtest3  (cost=5.45..397.76 rows=99 width=125)
	  Recheck Cond: ((k >= 5449994) AND (k <= 5450094))
	  ->  Bitmap Index Scan on k_3  (cost=0.00..5.42 rows=99 width=0)
	        Index Cond: ((k >= 5449994) AND (k <= 5450094))

table 4 : explain SELECT k, c FROM sbtest4 WHERE k BETWEEN 5449994 AND 5450094
	Bitmap Heap Scan on sbtest4  (cost=5.53..429.41 rows=107 width=125)
	  Recheck Cond: ((k >= 5449994) AND (k <= 5450094))
	  ->  Bitmap Index Scan on k_4  (cost=0.00..5.50 rows=107 width=0)
	        Index Cond: ((k >= 5449994) AND (k <= 5450094))

table 5 : explain SELECT k, c FROM sbtest5 WHERE k BETWEEN 5449994 AND 5450094
	Bitmap Heap Scan on sbtest5  (cost=5.45..397.59 rows=99 width=125)
	  Recheck Cond: ((k >= 5449994) AND (k <= 5450094))
	  ->  Bitmap Index Scan on k_5  (cost=0.00..5.42 rows=99 width=0)
	        Index Cond: ((k >= 5449994) AND (k <= 5450094))

table 6 : explain SELECT k, c FROM sbtest6 WHERE k BETWEEN 5449994 AND 5450094
	Bitmap Heap Scan on sbtest6  (cost=5.50..417.41 rows=104 width=125)
	  Recheck Cond: ((k >= 5449994) AND (k <= 5450094))
	  ->  Bitmap Index Scan on k_6  (cost=0.00..5.47 rows=104 width=0)
	        Index Cond: ((k >= 5449994) AND (k <= 5450094))

table 7 : explain SELECT k, c FROM sbtest7 WHERE k BETWEEN 5449994 AND 5450094
	Bitmap Heap Scan on sbtest7  (cost=5.43..389.96 rows=97 width=125)
	  Recheck Cond: ((k >= 5449994) AND (k <= 5450094))
	  ->  Bitmap Index Scan on k_7  (cost=0.00..5.40 rows=97 width=0)
	        Index Cond: ((k >= 5449994) AND (k <= 5450094))

table 8 : explain SELECT k, c FROM sbtest8 WHERE k BETWEEN 5449994 AND 5450094
	Bitmap Heap Scan on sbtest8  (cost=5.39..374.12 rows=93 width=125)
	  Recheck Cond: ((k >= 5449994) AND (k <= 5450094))
	  ->  Bitmap Index Scan on k_8  (cost=0.00..5.36 rows=93 width=0)
	        Index Cond: ((k >= 5449994) AND (k <= 5450094))

for range-notcovered
table 1 : explain SELECT k, c FROM sbtest1 WHERE k BETWEEN 4170254 AND 4170354
	Bitmap Heap Scan on sbtest1  (cost=5.46..401.65 rows=100 width=125)
	  Recheck Cond: ((k >= 4170254) AND (k <= 4170354))
	  ->  Bitmap Index Scan on k_1  (cost=0.00..5.43 rows=100 width=0)
	        Index Cond: ((k >= 4170254) AND (k <= 4170354))

table 2 : explain SELECT k, c FROM sbtest2 WHERE k BETWEEN 4170254 AND 4170354
	Bitmap Heap Scan on sbtest2  (cost=5.49..413.45 rows=103 width=125)
	  Recheck Cond: ((k >= 4170254) AND (k <= 4170354))
	  ->  Bitmap Index Scan on k_2  (cost=0.00..5.46 rows=103 width=0)
	        Index Cond: ((k >= 4170254) AND (k <= 4170354))

table 3 : explain SELECT k, c FROM sbtest3 WHERE k BETWEEN 4170254 AND 4170354
	Bitmap Heap Scan on sbtest3  (cost=5.47..405.65 rows=101 width=125)
	  Recheck Cond: ((k >= 4170254) AND (k <= 4170354))
	  ->  Bitmap Index Scan on k_3  (cost=0.00..5.44 rows=101 width=0)
	        Index Cond: ((k >= 4170254) AND (k <= 4170354))

table 4 : explain SELECT k, c FROM sbtest4 WHERE k BETWEEN 4170254 AND 4170354
	Bitmap Heap Scan on sbtest4  (cost=5.58..449.13 rows=112 width=125)
	  Recheck Cond: ((k >= 4170254) AND (k <= 4170354))
	  ->  Bitmap Index Scan on k_4  (cost=0.00..5.55 rows=112 width=0)
	        Index Cond: ((k >= 4170254) AND (k <= 4170354))

table 5 : explain SELECT k, c FROM sbtest5 WHERE k BETWEEN 4170254 AND 4170354
	Bitmap Heap Scan on sbtest5  (cost=5.48..409.43 rows=102 width=125)
	  Recheck Cond: ((k >= 4170254) AND (k <= 4170354))
	  ->  Bitmap Index Scan on k_5  (cost=0.00..5.45 rows=102 width=0)
	        Index Cond: ((k >= 4170254) AND (k <= 4170354))

table 6 : explain SELECT k, c FROM sbtest6 WHERE k BETWEEN 4170254 AND 4170354
	Bitmap Heap Scan on sbtest6  (cost=5.54..433.18 rows=108 width=125)
	  Recheck Cond: ((k >= 4170254) AND (k <= 4170354))
	  ->  Bitmap Index Scan on k_6  (cost=0.00..5.51 rows=108 width=0)
	        Index Cond: ((k >= 4170254) AND (k <= 4170354))

table 7 : explain SELECT k, c FROM sbtest7 WHERE k BETWEEN 4170254 AND 4170354
	Bitmap Heap Scan on sbtest7  (cost=5.55..437.33 rows=109 width=125)
	  Recheck Cond: ((k >= 4170254) AND (k <= 4170354))
	  ->  Bitmap Index Scan on k_7  (cost=0.00..5.52 rows=109 width=0)
	        Index Cond: ((k >= 4170254) AND (k <= 4170354))

table 8 : explain SELECT k, c FROM sbtest8 WHERE k BETWEEN 4170254 AND 4170354
	Bitmap Heap Scan on sbtest8  (cost=5.45..397.81 rows=99 width=125)
	  Recheck Cond: ((k >= 4170254) AND (k <= 4170354))
	  ->  Bitmap Index Scan on k_8  (cost=0.00..5.42 rows=99 width=0)
	        Index Cond: ((k >= 4170254) AND (k <= 4170354))

for range-notcovered
table 1 : explain SELECT k, c FROM sbtest1 WHERE k BETWEEN 5803081 AND 5803181
	Bitmap Heap Scan on sbtest1  (cost=5.45..397.70 rows=99 width=125)
	  Recheck Cond: ((k >= 5803081) AND (k <= 5803181))
	  ->  Bitmap Index Scan on k_1  (cost=0.00..5.42 rows=99 width=0)
	        Index Cond: ((k >= 5803081) AND (k <= 5803181))

table 2 : explain SELECT k, c FROM sbtest2 WHERE k BETWEEN 5803081 AND 5803181
	Bitmap Heap Scan on sbtest2  (cost=5.61..460.75 rows=115 width=125)
	  Recheck Cond: ((k >= 5803081) AND (k <= 5803181))
	  ->  Bitmap Index Scan on k_2  (cost=0.00..5.58 rows=115 width=0)
	        Index Cond: ((k >= 5803081) AND (k <= 5803181))

table 3 : explain SELECT k, c FROM sbtest3 WHERE k BETWEEN 5803081 AND 5803181
	Bitmap Heap Scan on sbtest3  (cost=5.65..476.62 rows=119 width=125)
	  Recheck Cond: ((k >= 5803081) AND (k <= 5803181))
	  ->  Bitmap Index Scan on k_3  (cost=0.00..5.62 rows=119 width=0)
	        Index Cond: ((k >= 5803081) AND (k <= 5803181))

table 4 : explain SELECT k, c FROM sbtest4 WHERE k BETWEEN 5803081 AND 5803181
	Bitmap Heap Scan on sbtest4  (cost=5.46..401.79 rows=100 width=125)
	  Recheck Cond: ((k >= 5803081) AND (k <= 5803181))
	  ->  Bitmap Index Scan on k_4  (cost=0.00..5.43 rows=100 width=0)
	        Index Cond: ((k >= 5803081) AND (k <= 5803181))

table 5 : explain SELECT k, c FROM sbtest5 WHERE k BETWEEN 5803081 AND 5803181
	Bitmap Heap Scan on sbtest5  (cost=5.43..389.70 rows=97 width=125)
	  Recheck Cond: ((k >= 5803081) AND (k <= 5803181))
	  ->  Bitmap Index Scan on k_5  (cost=0.00..5.40 rows=97 width=0)
	        Index Cond: ((k >= 5803081) AND (k <= 5803181))

table 6 : explain SELECT k, c FROM sbtest6 WHERE k BETWEEN 5803081 AND 5803181
	Bitmap Heap Scan on sbtest6  (cost=5.46..401.63 rows=100 width=125)
	  Recheck Cond: ((k >= 5803081) AND (k <= 5803181))
	  ->  Bitmap Index Scan on k_6  (cost=0.00..5.43 rows=100 width=0)
	        Index Cond: ((k >= 5803081) AND (k <= 5803181))

table 7 : explain SELECT k, c FROM sbtest7 WHERE k BETWEEN 5803081 AND 5803181
	Bitmap Heap Scan on sbtest7  (cost=5.40..378.11 rows=94 width=125)
	  Recheck Cond: ((k >= 5803081) AND (k <= 5803181))
	  ->  Bitmap Index Scan on k_7  (cost=0.00..5.38 rows=94 width=0)
	        Index Cond: ((k >= 5803081) AND (k <= 5803181))

table 8 : explain SELECT k, c FROM sbtest8 WHERE k BETWEEN 5803081 AND 5803181
	Bitmap Heap Scan on sbtest8  (cost=5.49..413.60 rows=103 width=125)
	  Recheck Cond: ((k >= 5803081) AND (k <= 5803181))
	  ->  Bitmap Index Scan on k_8  (cost=0.00..5.46 rows=103 width=0)
	        Index Cond: ((k >= 5803081) AND (k <= 5803181))

for range-notcovered
table 1 : explain SELECT k, c FROM sbtest1 WHERE k BETWEEN 5510540 AND 5510640
	Bitmap Heap Scan on sbtest1  (cost=5.47..405.59 rows=101 width=125)
	  Recheck Cond: ((k >= 5510540) AND (k <= 5510640))
	  ->  Bitmap Index Scan on k_1  (cost=0.00..5.44 rows=101 width=0)
	        Index Cond: ((k >= 5510540) AND (k <= 5510640))

table 2 : explain SELECT k, c FROM sbtest2 WHERE k BETWEEN 5510540 AND 5510640
	Bitmap Heap Scan on sbtest2  (cost=5.48..409.51 rows=102 width=125)
	  Recheck Cond: ((k >= 5510540) AND (k <= 5510640))
	  ->  Bitmap Index Scan on k_2  (cost=0.00..5.45 rows=102 width=0)
	        Index Cond: ((k >= 5510540) AND (k <= 5510640))

table 3 : explain SELECT k, c FROM sbtest3 WHERE k BETWEEN 5510540 AND 5510640
	Bitmap Heap Scan on sbtest3  (cost=5.58..449.03 rows=112 width=125)
	  Recheck Cond: ((k >= 5510540) AND (k <= 5510640))
	  ->  Bitmap Index Scan on k_3  (cost=0.00..5.55 rows=112 width=0)
	        Index Cond: ((k >= 5510540) AND (k <= 5510640))

table 4 : explain SELECT k, c FROM sbtest4 WHERE k BETWEEN 5510540 AND 5510640
	Bitmap Heap Scan on sbtest4  (cost=5.53..429.41 rows=107 width=125)
	  Recheck Cond: ((k >= 5510540) AND (k <= 5510640))
	  ->  Bitmap Index Scan on k_4  (cost=0.00..5.50 rows=107 width=0)
	        Index Cond: ((k >= 5510540) AND (k <= 5510640))

table 5 : explain SELECT k, c FROM sbtest5 WHERE k BETWEEN 5510540 AND 5510640
	Bitmap Heap Scan on sbtest5  (cost=5.58..448.84 rows=112 width=125)
	  Recheck Cond: ((k >= 5510540) AND (k <= 5510640))
	  ->  Bitmap Index Scan on k_5  (cost=0.00..5.55 rows=112 width=0)
	        Index Cond: ((k >= 5510540) AND (k <= 5510640))

table 6 : explain SELECT k, c FROM sbtest6 WHERE k BETWEEN 5510540 AND 5510640
	Bitmap Heap Scan on sbtest6  (cost=5.54..433.18 rows=108 width=125)
	  Recheck Cond: ((k >= 5510540) AND (k <= 5510640))
	  ->  Bitmap Index Scan on k_6  (cost=0.00..5.51 rows=108 width=0)
	        Index Cond: ((k >= 5510540) AND (k <= 5510640))

table 7 : explain SELECT k, c FROM sbtest7 WHERE k BETWEEN 5510540 AND 5510640
	Bitmap Heap Scan on sbtest7  (cost=5.44..393.91 rows=98 width=125)
	  Recheck Cond: ((k >= 5510540) AND (k <= 5510640))
	  ->  Bitmap Index Scan on k_7  (cost=0.00..5.42 rows=98 width=0)
	        Index Cond: ((k >= 5510540) AND (k <= 5510640))

table 8 : explain SELECT k, c FROM sbtest8 WHERE k BETWEEN 5510540 AND 5510640
	Bitmap Heap Scan on sbtest8  (cost=5.40..378.07 rows=94 width=125)
	  Recheck Cond: ((k >= 5510540) AND (k <= 5510640))
	  ->  Bitmap Index Scan on k_8  (cost=0.00..5.38 rows=94 width=0)
	        Index Cond: ((k >= 5510540) AND (k <= 5510640))

explain: for range-notcovered :: explain SELECT k, c FROM sbtest%d WHERE k BETWEEN 4170254 AND 4170354
explain: for range-notcovered :: explain SELECT k, c FROM sbtest%d WHERE k BETWEEN 5510090 AND 5510190
explain: for range-notcovered :: explain SELECT k, c FROM sbtest%d WHERE k BETWEEN 6715060 AND 6715160
explain: for range-notcovered :: explain SELECT k, c FROM sbtest%d WHERE k BETWEEN 3884400 AND 3884500
for range-notcovered
table 1 : explain SELECT k, c FROM sbtest1 WHERE k BETWEEN 6035731 AND 6035831
	Bitmap Heap Scan on sbtest1  (cost=5.40..377.97 rows=94 width=125)
	  Recheck Cond: ((k >= 6035731) AND (k <= 6035831))
	  ->  Bitmap Index Scan on k_1  (cost=0.00..5.38 rows=94 width=0)
	        Index Cond: ((k >= 6035731) AND (k <= 6035831))

table 2 : explain SELECT k, c FROM sbtest2 WHERE k BETWEEN 6035731 AND 6035831
	Bitmap Heap Scan on sbtest2  (cost=5.42..385.83 rows=96 width=125)
	  Recheck Cond: ((k >= 6035731) AND (k <= 6035831))
	  ->  Bitmap Index Scan on k_2  (cost=0.00..5.39 rows=96 width=0)
	        Index Cond: ((k >= 6035731) AND (k <= 6035831))

table 3 : explain SELECT k, c FROM sbtest3 WHERE k BETWEEN 6035731 AND 6035831
	Bitmap Heap Scan on sbtest3  (cost=5.46..401.70 rows=100 width=125)
	  Recheck Cond: ((k >= 6035731) AND (k <= 6035831))
	  ->  Bitmap Index Scan on k_3  (cost=0.00..5.43 rows=100 width=0)
	        Index Cond: ((k >= 6035731) AND (k <= 6035831))

table 4 : explain SELECT k, c FROM sbtest4 WHERE k BETWEEN 6035731 AND 6035831
	Bitmap Heap Scan on sbtest4  (cost=5.53..429.41 rows=107 width=125)
	  Recheck Cond: ((k >= 6035731) AND (k <= 6035831))
	  ->  Bitmap Index Scan on k_4  (cost=0.00..5.50 rows=107 width=0)
	        Index Cond: ((k >= 6035731) AND (k <= 6035831))

table 5 : explain SELECT k, c FROM sbtest5 WHERE k BETWEEN 6035731 AND 6035831
	Bitmap Heap Scan on sbtest5  (cost=5.53..429.14 rows=107 width=125)
	  Recheck Cond: ((k >= 6035731) AND (k <= 6035831))
	  ->  Bitmap Index Scan on k_5  (cost=0.00..5.50 rows=107 width=0)
	        Index Cond: ((k >= 6035731) AND (k <= 6035831))

table 6 : explain SELECT k, c FROM sbtest6 WHERE k BETWEEN 6035731 AND 6035831
	Bitmap Heap Scan on sbtest6  (cost=5.49..413.46 rows=103 width=125)
	  Recheck Cond: ((k >= 6035731) AND (k <= 6035831))
	  ->  Bitmap Index Scan on k_6  (cost=0.00..5.46 rows=103 width=0)
	        Index Cond: ((k >= 6035731) AND (k <= 6035831))

table 7 : explain SELECT k, c FROM sbtest7 WHERE k BETWEEN 6035731 AND 6035831
	Bitmap Heap Scan on sbtest7  (cost=5.47..405.76 rows=101 width=125)
	  Recheck Cond: ((k >= 6035731) AND (k <= 6035831))
	  ->  Bitmap Index Scan on k_7  (cost=0.00..5.44 rows=101 width=0)
	        Index Cond: ((k >= 6035731) AND (k <= 6035831))

table 8 : explain SELECT k, c FROM sbtest8 WHERE k BETWEEN 6035731 AND 6035831
	Bitmap Heap Scan on sbtest8  (cost=5.56..441.21 rows=110 width=125)
	  Recheck Cond: ((k >= 6035731) AND (k <= 6035831))
	  ->  Bitmap Index Scan on k_8  (cost=0.00..5.53 rows=110 width=0)
	        Index Cond: ((k >= 6035731) AND (k <= 6035831))

for range-notcovered
table 1 : explain SELECT k, c FROM sbtest1 WHERE k BETWEEN 8064513 AND 8064613
	Bitmap Heap Scan on sbtest1  (cost=5.59..452.91 rows=113 width=125)
	  Recheck Cond: ((k >= 8064513) AND (k <= 8064613))
	  ->  Bitmap Index Scan on k_1  (cost=0.00..5.56 rows=113 width=0)
	        Index Cond: ((k >= 8064513) AND (k <= 8064613))

table 2 : explain SELECT k, c FROM sbtest2 WHERE k BETWEEN 8064513 AND 8064613
	Bitmap Heap Scan on sbtest2  (cost=5.51..421.34 rows=105 width=125)
	  Recheck Cond: ((k >= 8064513) AND (k <= 8064613))
	  ->  Bitmap Index Scan on k_2  (cost=0.00..5.48 rows=105 width=0)
	        Index Cond: ((k >= 8064513) AND (k <= 8064613))

table 3 : explain SELECT k, c FROM sbtest3 WHERE k BETWEEN 8064513 AND 8064613
	Bitmap Heap Scan on sbtest3  (cost=5.36..362.22 rows=90 width=125)
	  Recheck Cond: ((k >= 8064513) AND (k <= 8064613))
	  ->  Bitmap Index Scan on k_3  (cost=0.00..5.33 rows=90 width=0)
	        Index Cond: ((k >= 8064513) AND (k <= 8064613))

table 4 : explain SELECT k, c FROM sbtest4 WHERE k BETWEEN 8064513 AND 8064613
	Bitmap Heap Scan on sbtest4  (cost=5.53..429.41 rows=107 width=125)
	  Recheck Cond: ((k >= 8064513) AND (k <= 8064613))
	  ->  Bitmap Index Scan on k_4  (cost=0.00..5.50 rows=107 width=0)
	        Index Cond: ((k >= 8064513) AND (k <= 8064613))

table 5 : explain SELECT k, c FROM sbtest5 WHERE k BETWEEN 8064513 AND 8064613
	Bitmap Heap Scan on sbtest5  (cost=5.48..409.43 rows=102 width=125)
	  Recheck Cond: ((k >= 8064513) AND (k <= 8064613))
	  ->  Bitmap Index Scan on k_5  (cost=0.00..5.45 rows=102 width=0)
	        Index Cond: ((k >= 8064513) AND (k <= 8064613))

table 6 : explain SELECT k, c FROM sbtest6 WHERE k BETWEEN 8064513 AND 8064613
	Bitmap Heap Scan on sbtest6  (cost=5.49..413.46 rows=103 width=125)
	  Recheck Cond: ((k >= 8064513) AND (k <= 8064613))
	  ->  Bitmap Index Scan on k_6  (cost=0.00..5.46 rows=103 width=0)
	        Index Cond: ((k >= 8064513) AND (k <= 8064613))

table 7 : explain SELECT k, c FROM sbtest7 WHERE k BETWEEN 8064513 AND 8064613
	Bitmap Heap Scan on sbtest7  (cost=5.57..445.21 rows=111 width=125)
	  Recheck Cond: ((k >= 8064513) AND (k <= 8064613))
	  ->  Bitmap Index Scan on k_7  (cost=0.00..5.54 rows=111 width=0)
	        Index Cond: ((k >= 8064513) AND (k <= 8064613))

table 8 : explain SELECT k, c FROM sbtest8 WHERE k BETWEEN 8064513 AND 8064613
	Bitmap Heap Scan on sbtest8  (cost=5.46..401.76 rows=100 width=125)
	  Recheck Cond: ((k >= 8064513) AND (k <= 8064613))
	  ->  Bitmap Index Scan on k_8  (cost=0.00..5.43 rows=100 width=0)
	        Index Cond: ((k >= 8064513) AND (k <= 8064613))

for range-notcovered
table 1 : explain SELECT k, c FROM sbtest1 WHERE k BETWEEN 2901047 AND 2901147
	Bitmap Heap Scan on sbtest1  (cost=5.49..413.48 rows=103 width=125)
	  Recheck Cond: ((k >= 2901047) AND (k <= 2901147))
	  ->  Bitmap Index Scan on k_1  (cost=0.00..5.46 rows=103 width=0)
	        Index Cond: ((k >= 2901047) AND (k <= 2901147))

table 2 : explain SELECT k, c FROM sbtest2 WHERE k BETWEEN 2901047 AND 2901147
	Bitmap Heap Scan on sbtest2  (cost=5.37..366.09 rows=91 width=125)
	  Recheck Cond: ((k >= 2901047) AND (k <= 2901147))
	  ->  Bitmap Index Scan on k_2  (cost=0.00..5.34 rows=91 width=0)
	        Index Cond: ((k >= 2901047) AND (k <= 2901147))

table 3 : explain SELECT k, c FROM sbtest3 WHERE k BETWEEN 2901047 AND 2901147
	Bitmap Heap Scan on sbtest3  (cost=5.41..381.97 rows=95 width=125)
	  Recheck Cond: ((k >= 2901047) AND (k <= 2901147))
	  ->  Bitmap Index Scan on k_3  (cost=0.00..5.38 rows=95 width=0)
	        Index Cond: ((k >= 2901047) AND (k <= 2901147))

table 4 : explain SELECT k, c FROM sbtest4 WHERE k BETWEEN 2901047 AND 2901147
	Bitmap Heap Scan on sbtest4  (cost=5.48..409.68 rows=102 width=125)
	  Recheck Cond: ((k >= 2901047) AND (k <= 2901147))
	  ->  Bitmap Index Scan on k_4  (cost=0.00..5.45 rows=102 width=0)
	        Index Cond: ((k >= 2901047) AND (k <= 2901147))

table 5 : explain SELECT k, c FROM sbtest5 WHERE k BETWEEN 2901047 AND 2901147
	Bitmap Heap Scan on sbtest5  (cost=5.39..373.92 rows=93 width=125)
	  Recheck Cond: ((k >= 2901047) AND (k <= 2901147))
	  ->  Bitmap Index Scan on k_5  (cost=0.00..5.36 rows=93 width=0)
	        Index Cond: ((k >= 2901047) AND (k <= 2901147))

table 6 : explain SELECT k, c FROM sbtest6 WHERE k BETWEEN 2901047 AND 2901147
	Bitmap Heap Scan on sbtest6  (cost=5.37..366.10 rows=91 width=125)
	  Recheck Cond: ((k >= 2901047) AND (k <= 2901147))
	  ->  Bitmap Index Scan on k_6  (cost=0.00..5.34 rows=91 width=0)
	        Index Cond: ((k >= 2901047) AND (k <= 2901147))

table 7 : explain SELECT k, c FROM sbtest7 WHERE k BETWEEN 2901047 AND 2901147
	Bitmap Heap Scan on sbtest7  (cost=5.42..386.01 rows=96 width=125)
	  Recheck Cond: ((k >= 2901047) AND (k <= 2901147))
	  ->  Bitmap Index Scan on k_7  (cost=0.00..5.39 rows=96 width=0)
	        Index Cond: ((k >= 2901047) AND (k <= 2901147))

table 8 : explain SELECT k, c FROM sbtest8 WHERE k BETWEEN 2901047 AND 2901147
	Bitmap Heap Scan on sbtest8  (cost=5.50..417.54 rows=104 width=125)
	  Recheck Cond: ((k >= 2901047) AND (k <= 2901147))
	  ->  Bitmap Index Scan on k_8  (cost=0.00..5.47 rows=104 width=0)
	        Index Cond: ((k >= 2901047) AND (k <= 2901147))

for range-notcovered
table 1 : explain SELECT k, c FROM sbtest1 WHERE k BETWEEN 2511771 AND 2511871
	Bitmap Heap Scan on sbtest1  (cost=5.50..417.43 rows=104 width=125)
	  Recheck Cond: ((k >= 2511771) AND (k <= 2511871))
	  ->  Bitmap Index Scan on k_1  (cost=0.00..5.47 rows=104 width=0)
	        Index Cond: ((k >= 2511771) AND (k <= 2511871))

table 2 : explain SELECT k, c FROM sbtest2 WHERE k BETWEEN 2511771 AND 2511871
	Bitmap Heap Scan on sbtest2  (cost=5.51..421.34 rows=105 width=125)
	  Recheck Cond: ((k >= 2511771) AND (k <= 2511871))
	  ->  Bitmap Index Scan on k_2  (cost=0.00..5.48 rows=105 width=0)
	        Index Cond: ((k >= 2511771) AND (k <= 2511871))

table 3 : explain SELECT k, c FROM sbtest3 WHERE k BETWEEN 2511771 AND 2511871
	Bitmap Heap Scan on sbtest3  (cost=5.50..417.49 rows=104 width=125)
	  Recheck Cond: ((k >= 2511771) AND (k <= 2511871))
	  ->  Bitmap Index Scan on k_3  (cost=0.00..5.47 rows=104 width=0)
	        Index Cond: ((k >= 2511771) AND (k <= 2511871))

table 4 : explain SELECT k, c FROM sbtest4 WHERE k BETWEEN 2511771 AND 2511871
	Bitmap Heap Scan on sbtest4  (cost=5.41..382.05 rows=95 width=125)
	  Recheck Cond: ((k >= 2511771) AND (k <= 2511871))
	  ->  Bitmap Index Scan on k_4  (cost=0.00..5.38 rows=95 width=0)
	        Index Cond: ((k >= 2511771) AND (k <= 2511871))

table 5 : explain SELECT k, c FROM sbtest5 WHERE k BETWEEN 2511771 AND 2511871
	Bitmap Heap Scan on sbtest5  (cost=5.50..417.31 rows=104 width=125)
	  Recheck Cond: ((k >= 2511771) AND (k <= 2511871))
	  ->  Bitmap Index Scan on k_5  (cost=0.00..5.47 rows=104 width=0)
	        Index Cond: ((k >= 2511771) AND (k <= 2511871))

table 6 : explain SELECT k, c FROM sbtest6 WHERE k BETWEEN 2511771 AND 2511871
	Bitmap Heap Scan on sbtest6  (cost=5.42..385.84 rows=96 width=125)
	  Recheck Cond: ((k >= 2511771) AND (k <= 2511871))
	  ->  Bitmap Index Scan on k_6  (cost=0.00..5.39 rows=96 width=0)
	        Index Cond: ((k >= 2511771) AND (k <= 2511871))

table 7 : explain SELECT k, c FROM sbtest7 WHERE k BETWEEN 2511771 AND 2511871
	Bitmap Heap Scan on sbtest7  (cost=5.58..449.16 rows=112 width=125)
	  Recheck Cond: ((k >= 2511771) AND (k <= 2511871))
	  ->  Bitmap Index Scan on k_7  (cost=0.00..5.55 rows=112 width=0)
	        Index Cond: ((k >= 2511771) AND (k <= 2511871))

table 8 : explain SELECT k, c FROM sbtest8 WHERE k BETWEEN 2511771 AND 2511871
	Bitmap Heap Scan on sbtest8  (cost=5.45..397.81 rows=99 width=125)
	  Recheck Cond: ((k >= 2511771) AND (k <= 2511871))
	  ->  Bitmap Index Scan on k_8  (cost=0.00..5.42 rows=99 width=0)
	        Index Cond: ((k >= 2511771) AND (k <= 2511871))

for range-notcovered
table 1 : explain SELECT k, c FROM sbtest1 WHERE k BETWEEN 4807137 AND 4807237
	Bitmap Heap Scan on sbtest1  (cost=5.42..385.86 rows=96 width=125)
	  Recheck Cond: ((k >= 4807137) AND (k <= 4807237))
	  ->  Bitmap Index Scan on k_1  (cost=0.00..5.39 rows=96 width=0)
	        Index Cond: ((k >= 4807137) AND (k <= 4807237))

table 2 : explain SELECT k, c FROM sbtest2 WHERE k BETWEEN 4807137 AND 4807237
	Bitmap Heap Scan on sbtest2  (cost=5.48..409.51 rows=102 width=125)
	  Recheck Cond: ((k >= 4807137) AND (k <= 4807237))
	  ->  Bitmap Index Scan on k_2  (cost=0.00..5.45 rows=102 width=0)
	        Index Cond: ((k >= 4807137) AND (k <= 4807237))

table 3 : explain SELECT k, c FROM sbtest3 WHERE k BETWEEN 4807137 AND 4807237
	Bitmap Heap Scan on sbtest3  (cost=5.51..421.43 rows=105 width=125)
	  Recheck Cond: ((k >= 4807137) AND (k <= 4807237))
	  ->  Bitmap Index Scan on k_3  (cost=0.00..5.48 rows=105 width=0)
	        Index Cond: ((k >= 4807137) AND (k <= 4807237))

table 4 : explain SELECT k, c FROM sbtest4 WHERE k BETWEEN 4807137 AND 4807237
	Bitmap Heap Scan on sbtest4  (cost=5.42..385.99 rows=96 width=125)
	  Recheck Cond: ((k >= 4807137) AND (k <= 4807237))
	  ->  Bitmap Index Scan on k_4  (cost=0.00..5.39 rows=96 width=0)
	        Index Cond: ((k >= 4807137) AND (k <= 4807237))

table 5 : explain SELECT k, c FROM sbtest5 WHERE k BETWEEN 4807137 AND 4807237
	Bitmap Heap Scan on sbtest5  (cost=5.50..417.31 rows=104 width=125)
	  Recheck Cond: ((k >= 4807137) AND (k <= 4807237))
	  ->  Bitmap Index Scan on k_5  (cost=0.00..5.47 rows=104 width=0)
	        Index Cond: ((k >= 4807137) AND (k <= 4807237))

table 6 : explain SELECT k, c FROM sbtest6 WHERE k BETWEEN 4807137 AND 4807237
	Bitmap Heap Scan on sbtest6  (cost=5.39..374.00 rows=93 width=125)
	  Recheck Cond: ((k >= 4807137) AND (k <= 4807237))
	  ->  Bitmap Index Scan on k_6  (cost=0.00..5.36 rows=93 width=0)
	        Index Cond: ((k >= 4807137) AND (k <= 4807237))

table 7 : explain SELECT k, c FROM sbtest7 WHERE k BETWEEN 4807137 AND 4807237
	Bitmap Heap Scan on sbtest7  (cost=5.42..386.01 rows=96 width=125)
	  Recheck Cond: ((k >= 4807137) AND (k <= 4807237))
	  ->  Bitmap Index Scan on k_7  (cost=0.00..5.39 rows=96 width=0)
	        Index Cond: ((k >= 4807137) AND (k <= 4807237))

table 8 : explain SELECT k, c FROM sbtest8 WHERE k BETWEEN 4807137 AND 4807237
	Bitmap Heap Scan on sbtest8  (cost=5.50..417.54 rows=104 width=125)
	  Recheck Cond: ((k >= 4807137) AND (k <= 4807237))
	  ->  Bitmap Index Scan on k_8  (cost=0.00..5.47 rows=104 width=0)
	        Index Cond: ((k >= 4807137) AND (k <= 4807237))

for range-notcovered
table 1 : explain SELECT k, c FROM sbtest1 WHERE k BETWEEN 2537438 AND 2537538
	Bitmap Heap Scan on sbtest1  (cost=5.50..417.43 rows=104 width=125)
	  Recheck Cond: ((k >= 2537438) AND (k <= 2537538))
	  ->  Bitmap Index Scan on k_1  (cost=0.00..5.47 rows=104 width=0)
	        Index Cond: ((k >= 2537438) AND (k <= 2537538))

table 2 : explain SELECT k, c FROM sbtest2 WHERE k BETWEEN 2537438 AND 2537538
	Bitmap Heap Scan on sbtest2  (cost=5.48..409.51 rows=102 width=125)
	  Recheck Cond: ((k >= 2537438) AND (k <= 2537538))
	  ->  Bitmap Index Scan on k_2  (cost=0.00..5.45 rows=102 width=0)
	        Index Cond: ((k >= 2537438) AND (k <= 2537538))

table 3 : explain SELECT k, c FROM sbtest3 WHERE k BETWEEN 2537438 AND 2537538
	Bitmap Heap Scan on sbtest3  (cost=5.50..417.49 rows=104 width=125)
	  Recheck Cond: ((k >= 2537438) AND (k <= 2537538))
	  ->  Bitmap Index Scan on k_3  (cost=0.00..5.47 rows=104 width=0)
	        Index Cond: ((k >= 2537438) AND (k <= 2537538))

table 4 : explain SELECT k, c FROM sbtest4 WHERE k BETWEEN 2537438 AND 2537538
	Bitmap Heap Scan on sbtest4  (cost=5.42..385.99 rows=96 width=125)
	  Recheck Cond: ((k >= 2537438) AND (k <= 2537538))
	  ->  Bitmap Index Scan on k_4  (cost=0.00..5.39 rows=96 width=0)
	        Index Cond: ((k >= 2537438) AND (k <= 2537538))

table 5 : explain SELECT k, c FROM sbtest5 WHERE k BETWEEN 2537438 AND 2537538
	Bitmap Heap Scan on sbtest5  (cost=5.50..417.31 rows=104 width=125)
	  Recheck Cond: ((k >= 2537438) AND (k <= 2537538))
	  ->  Bitmap Index Scan on k_5  (cost=0.00..5.47 rows=104 width=0)
	        Index Cond: ((k >= 2537438) AND (k <= 2537538))

table 6 : explain SELECT k, c FROM sbtest6 WHERE k BETWEEN 2537438 AND 2537538
	Bitmap Heap Scan on sbtest6  (cost=5.45..397.68 rows=99 width=125)
	  Recheck Cond: ((k >= 2537438) AND (k <= 2537538))
	  ->  Bitmap Index Scan on k_6  (cost=0.00..5.42 rows=99 width=0)
	        Index Cond: ((k >= 2537438) AND (k <= 2537538))

table 7 : explain SELECT k, c FROM sbtest7 WHERE k BETWEEN 2537438 AND 2537538
	Bitmap Heap Scan on sbtest7  (cost=5.47..405.76 rows=101 width=125)
	  Recheck Cond: ((k >= 2537438) AND (k <= 2537538))
	  ->  Bitmap Index Scan on k_7  (cost=0.00..5.44 rows=101 width=0)
	        Index Cond: ((k >= 2537438) AND (k <= 2537538))

table 8 : explain SELECT k, c FROM sbtest8 WHERE k BETWEEN 2537438 AND 2537538
	Bitmap Heap Scan on sbtest8  (cost=5.45..397.81 rows=99 width=125)
	  Recheck Cond: ((k >= 2537438) AND (k <= 2537538))
	  ->  Bitmap Index Scan on k_8  (cost=0.00..5.42 rows=99 width=0)
	        Index Cond: ((k >= 2537438) AND (k <= 2537538))

explain: for range-notcovered :: explain SELECT k, c FROM sbtest%d WHERE k BETWEEN 7375345 AND 7375445
explain: for range-notcovered :: explain SELECT k, c FROM sbtest%d WHERE k BETWEEN 2537438 AND 2537538
for range-notcovered
table 1 : explain SELECT k, c FROM sbtest1 WHERE k BETWEEN 4761943 AND 4762043
	Bitmap Heap Scan on sbtest1  (cost=5.42..385.86 rows=96 width=125)
	  Recheck Cond: ((k >= 4761943) AND (k <= 4762043))
	  ->  Bitmap Index Scan on k_1  (cost=0.00..5.39 rows=96 width=0)
	        Index Cond: ((k >= 4761943) AND (k <= 4762043))

table 2 : explain SELECT k, c FROM sbtest2 WHERE k BETWEEN 4761943 AND 4762043
	Bitmap Heap Scan on sbtest2  (cost=5.48..409.51 rows=102 width=125)
	  Recheck Cond: ((k >= 4761943) AND (k <= 4762043))
	  ->  Bitmap Index Scan on k_2  (cost=0.00..5.45 rows=102 width=0)
	        Index Cond: ((k >= 4761943) AND (k <= 4762043))

table 3 : explain SELECT k, c FROM sbtest3 WHERE k BETWEEN 4761943 AND 4762043
	Bitmap Heap Scan on sbtest3  (cost=5.48..409.59 rows=102 width=125)
	  Recheck Cond: ((k >= 4761943) AND (k <= 4762043))
	  ->  Bitmap Index Scan on k_3  (cost=0.00..5.45 rows=102 width=0)
	        Index Cond: ((k >= 4761943) AND (k <= 4762043))

table 4 : explain SELECT k, c FROM sbtest4 WHERE k BETWEEN 4761943 AND 4762043
	Bitmap Heap Scan on sbtest4  (cost=5.48..409.68 rows=102 width=125)
	  Recheck Cond: ((k >= 4761943) AND (k <= 4762043))
	  ->  Bitmap Index Scan on k_4  (cost=0.00..5.45 rows=102 width=0)
	        Index Cond: ((k >= 4761943) AND (k <= 4762043))

table 5 : explain SELECT k, c FROM sbtest5 WHERE k BETWEEN 4761943 AND 4762043
	Bitmap Heap Scan on sbtest5  (cost=5.67..480.34 rows=120 width=125)
	  Recheck Cond: ((k >= 4761943) AND (k <= 4762043))
	  ->  Bitmap Index Scan on k_5  (cost=0.00..5.63 rows=120 width=0)
	        Index Cond: ((k >= 4761943) AND (k <= 4762043))

table 6 : explain SELECT k, c FROM sbtest6 WHERE k BETWEEN 4761943 AND 4762043
	Bitmap Heap Scan on sbtest6  (cost=5.57..445.00 rows=111 width=125)
	  Recheck Cond: ((k >= 4761943) AND (k <= 4762043))
	  ->  Bitmap Index Scan on k_6  (cost=0.00..5.54 rows=111 width=0)
	        Index Cond: ((k >= 4761943) AND (k <= 4762043))

table 7 : explain SELECT k, c FROM sbtest7 WHERE k BETWEEN 4761943 AND 4762043
	Bitmap Heap Scan on sbtest7  (cost=5.51..421.54 rows=105 width=125)
	  Recheck Cond: ((k >= 4761943) AND (k <= 4762043))
	  ->  Bitmap Index Scan on k_7  (cost=0.00..5.48 rows=105 width=0)
	        Index Cond: ((k >= 4761943) AND (k <= 4762043))

table 8 : explain SELECT k, c FROM sbtest8 WHERE k BETWEEN 4761943 AND 4762043
	Bitmap Heap Scan on sbtest8  (cost=5.51..421.49 rows=105 width=125)
	  Recheck Cond: ((k >= 4761943) AND (k <= 4762043))
	  ->  Bitmap Index Scan on k_8  (cost=0.00..5.48 rows=105 width=0)
	        Index Cond: ((k >= 4761943) AND (k <= 4762043))

for range-notcovered
table 1 : explain SELECT k, c FROM sbtest1 WHERE k BETWEEN 6715060 AND 6715160
	Bitmap Heap Scan on sbtest1  (cost=5.43..389.81 rows=97 width=125)
	  Recheck Cond: ((k >= 6715060) AND (k <= 6715160))
	  ->  Bitmap Index Scan on k_1  (cost=0.00..5.40 rows=97 width=0)
	        Index Cond: ((k >= 6715060) AND (k <= 6715160))

table 2 : explain SELECT k, c FROM sbtest2 WHERE k BETWEEN 6715060 AND 6715160
	Bitmap Heap Scan on sbtest2  (cost=5.52..425.28 rows=106 width=125)
	  Recheck Cond: ((k >= 6715060) AND (k <= 6715160))
	  ->  Bitmap Index Scan on k_2  (cost=0.00..5.50 rows=106 width=0)
	        Index Cond: ((k >= 6715060) AND (k <= 6715160))

table 3 : explain SELECT k, c FROM sbtest3 WHERE k BETWEEN 6715060 AND 6715160
	Bitmap Heap Scan on sbtest3  (cost=5.55..437.20 rows=109 width=125)
	  Recheck Cond: ((k >= 6715060) AND (k <= 6715160))
	  ->  Bitmap Index Scan on k_3  (cost=0.00..5.52 rows=109 width=0)
	        Index Cond: ((k >= 6715060) AND (k <= 6715160))

table 4 : explain SELECT k, c FROM sbtest4 WHERE k BETWEEN 6715060 AND 6715160
	Bitmap Heap Scan on sbtest4  (cost=5.44..393.89 rows=98 width=125)
	  Recheck Cond: ((k >= 6715060) AND (k <= 6715160))
	  ->  Bitmap Index Scan on k_4  (cost=0.00..5.42 rows=98 width=0)
	        Index Cond: ((k >= 6715060) AND (k <= 6715160))

table 5 : explain SELECT k, c FROM sbtest5 WHERE k BETWEEN 6715060 AND 6715160
	Bitmap Heap Scan on sbtest5  (cost=5.44..393.65 rows=98 width=125)
	  Recheck Cond: ((k >= 6715060) AND (k <= 6715160))
	  ->  Bitmap Index Scan on k_5  (cost=0.00..5.42 rows=98 width=0)
	        Index Cond: ((k >= 6715060) AND (k <= 6715160))

table 6 : explain SELECT k, c FROM sbtest6 WHERE k BETWEEN 6715060 AND 6715160
	Bitmap Heap Scan on sbtest6  (cost=5.49..413.46 rows=103 width=125)
	  Recheck Cond: ((k >= 6715060) AND (k <= 6715160))
	  ->  Bitmap Index Scan on k_6  (cost=0.00..5.46 rows=103 width=0)
	        Index Cond: ((k >= 6715060) AND (k <= 6715160))

table 7 : explain SELECT k, c FROM sbtest7 WHERE k BETWEEN 6715060 AND 6715160
	Bitmap Heap Scan on sbtest7  (cost=5.50..417.60 rows=104 width=125)
	  Recheck Cond: ((k >= 6715060) AND (k <= 6715160))
	  ->  Bitmap Index Scan on k_7  (cost=0.00..5.47 rows=104 width=0)
	        Index Cond: ((k >= 6715060) AND (k <= 6715160))

table 8 : explain SELECT k, c FROM sbtest8 WHERE k BETWEEN 6715060 AND 6715160
	Bitmap Heap Scan on sbtest8  (cost=5.56..441.21 rows=110 width=125)
	  Recheck Cond: ((k >= 6715060) AND (k <= 6715160))
	  ->  Bitmap Index Scan on k_8  (cost=0.00..5.53 rows=110 width=0)
	        Index Cond: ((k >= 6715060) AND (k <= 6715160))

for range-notcovered
table 1 : explain SELECT k, c FROM sbtest1 WHERE k BETWEEN 7302808 AND 7302908
	Bitmap Heap Scan on sbtest1  (cost=5.52..425.31 rows=106 width=125)
	  Recheck Cond: ((k >= 7302808) AND (k <= 7302908))
	  ->  Bitmap Index Scan on k_1  (cost=0.00..5.50 rows=106 width=0)
	        Index Cond: ((k >= 7302808) AND (k <= 7302908))

table 2 : explain SELECT k, c FROM sbtest2 WHERE k BETWEEN 7302808 AND 7302908
	Bitmap Heap Scan on sbtest2  (cost=5.48..409.51 rows=102 width=125)
	  Recheck Cond: ((k >= 7302808) AND (k <= 7302908))
	  ->  Bitmap Index Scan on k_2  (cost=0.00..5.45 rows=102 width=0)
	        Index Cond: ((k >= 7302808) AND (k <= 7302908))

table 3 : explain SELECT k, c FROM sbtest3 WHERE k BETWEEN 7302808 AND 7302908
	Bitmap Heap Scan on sbtest3  (cost=5.50..417.49 rows=104 width=125)
	  Recheck Cond: ((k >= 7302808) AND (k <= 7302908))
	  ->  Bitmap Index Scan on k_3  (cost=0.00..5.47 rows=104 width=0)
	        Index Cond: ((k >= 7302808) AND (k <= 7302908))

table 4 : explain SELECT k, c FROM sbtest4 WHERE k BETWEEN 7302808 AND 7302908
	Bitmap Heap Scan on sbtest4  (cost=5.42..385.99 rows=96 width=125)
	  Recheck Cond: ((k >= 7302808) AND (k <= 7302908))
	  ->  Bitmap Index Scan on k_4  (cost=0.00..5.39 rows=96 width=0)
	        Index Cond: ((k >= 7302808) AND (k <= 7302908))

table 5 : explain SELECT k, c FROM sbtest5 WHERE k BETWEEN 7302808 AND 7302908
	Bitmap Heap Scan on sbtest5  (cost=5.53..429.14 rows=107 width=125)
	  Recheck Cond: ((k >= 7302808) AND (k <= 7302908))
	  ->  Bitmap Index Scan on k_5  (cost=0.00..5.50 rows=107 width=0)
	        Index Cond: ((k >= 7302808) AND (k <= 7302908))

table 6 : explain SELECT k, c FROM sbtest6 WHERE k BETWEEN 7302808 AND 7302908
	Bitmap Heap Scan on sbtest6  (cost=5.57..445.00 rows=111 width=125)
	  Recheck Cond: ((k >= 7302808) AND (k <= 7302908))
	  ->  Bitmap Index Scan on k_6  (cost=0.00..5.54 rows=111 width=0)
	        Index Cond: ((k >= 7302808) AND (k <= 7302908))

table 7 : explain SELECT k, c FROM sbtest7 WHERE k BETWEEN 7302808 AND 7302908
	Bitmap Heap Scan on sbtest7  (cost=5.54..433.38 rows=108 width=125)
	  Recheck Cond: ((k >= 7302808) AND (k <= 7302908))
	  ->  Bitmap Index Scan on k_7  (cost=0.00..5.51 rows=108 width=0)
	        Index Cond: ((k >= 7302808) AND (k <= 7302908))

table 8 : explain SELECT k, c FROM sbtest8 WHERE k BETWEEN 7302808 AND 7302908
	Bitmap Heap Scan on sbtest8  (cost=5.55..437.27 rows=109 width=125)
	  Recheck Cond: ((k >= 7302808) AND (k <= 7302908))
	  ->  Bitmap Index Scan on k_8  (cost=0.00..5.52 rows=109 width=0)
	        Index Cond: ((k >= 7302808) AND (k <= 7302908))

explain: for range-notcovered :: explain SELECT k, c FROM sbtest%d WHERE k BETWEEN 6715060 AND 6715160
for range-notcovered
table 1 : explain SELECT k, c FROM sbtest1 WHERE k BETWEEN 3884400 AND 3884500
	Bitmap Heap Scan on sbtest1  (cost=5.53..429.26 rows=107 width=125)
	  Recheck Cond: ((k >= 3884400) AND (k <= 3884500))
	  ->  Bitmap Index Scan on k_1  (cost=0.00..5.50 rows=107 width=0)
	        Index Cond: ((k >= 3884400) AND (k <= 3884500))

table 2 : explain SELECT k, c FROM sbtest2 WHERE k BETWEEN 3884400 AND 3884500
	Bitmap Heap Scan on sbtest2  (cost=5.50..417.39 rows=104 width=125)
	  Recheck Cond: ((k >= 3884400) AND (k <= 3884500))
	  ->  Bitmap Index Scan on k_2  (cost=0.00..5.47 rows=104 width=0)
	        Index Cond: ((k >= 3884400) AND (k <= 3884500))

table 3 : explain SELECT k, c FROM sbtest3 WHERE k BETWEEN 3884400 AND 3884500
	Bitmap Heap Scan on sbtest3  (cost=5.54..433.26 rows=108 width=125)
	  Recheck Cond: ((k >= 3884400) AND (k <= 3884500))
	  ->  Bitmap Index Scan on k_3  (cost=0.00..5.51 rows=108 width=0)
	        Index Cond: ((k >= 3884400) AND (k <= 3884500))

table 4 : explain SELECT k, c FROM sbtest4 WHERE k BETWEEN 3884400 AND 3884500
	Bitmap Heap Scan on sbtest4  (cost=5.57..445.19 rows=111 width=125)
	  Recheck Cond: ((k >= 3884400) AND (k <= 3884500))
	  ->  Bitmap Index Scan on k_4  (cost=0.00..5.54 rows=111 width=0)
	        Index Cond: ((k >= 3884400) AND (k <= 3884500))

table 5 : explain SELECT k, c FROM sbtest5 WHERE k BETWEEN 3884400 AND 3884500
	Bitmap Heap Scan on sbtest5  (cost=5.36..362.08 rows=90 width=125)
	  Recheck Cond: ((k >= 3884400) AND (k <= 3884500))
	  ->  Bitmap Index Scan on k_5  (cost=0.00..5.33 rows=90 width=0)
	        Index Cond: ((k >= 3884400) AND (k <= 3884500))

table 6 : explain SELECT k, c FROM sbtest6 WHERE k BETWEEN 3884400 AND 3884500
	Bitmap Heap Scan on sbtest6  (cost=5.59..452.88 rows=113 width=125)
	  Recheck Cond: ((k >= 3884400) AND (k <= 3884500))
	  ->  Bitmap Index Scan on k_6  (cost=0.00..5.56 rows=113 width=0)
	        Index Cond: ((k >= 3884400) AND (k <= 3884500))

table 7 : explain SELECT k, c FROM sbtest7 WHERE k BETWEEN 3884400 AND 3884500
	Bitmap Heap Scan on sbtest7  (cost=5.53..429.44 rows=107 width=125)
	  Recheck Cond: ((k >= 3884400) AND (k <= 3884500))
	  ->  Bitmap Index Scan on k_7  (cost=0.00..5.50 rows=107 width=0)
	        Index Cond: ((k >= 3884400) AND (k <= 3884500))

table 8 : explain SELECT k, c FROM sbtest8 WHERE k BETWEEN 3884400 AND 3884500
	Bitmap Heap Scan on sbtest8  (cost=5.45..397.81 rows=99 width=125)
	  Recheck Cond: ((k >= 3884400) AND (k <= 3884500))
	  ->  Bitmap Index Scan on k_8  (cost=0.00..5.42 rows=99 width=0)
	        Index Cond: ((k >= 3884400) AND (k <= 3884500))

for range-notcovered
table 1 : explain SELECT k, c FROM sbtest1 WHERE k BETWEEN 8328877 AND 8328977
	Bitmap Heap Scan on sbtest1  (cost=5.50..417.43 rows=104 width=125)
	  Recheck Cond: ((k >= 8328877) AND (k <= 8328977))
	  ->  Bitmap Index Scan on k_1  (cost=0.00..5.47 rows=104 width=0)
	        Index Cond: ((k >= 8328877) AND (k <= 8328977))

table 2 : explain SELECT k, c FROM sbtest2 WHERE k BETWEEN 8328877 AND 8328977
	Bitmap Heap Scan on sbtest2  (cost=5.47..405.56 rows=101 width=125)
	  Recheck Cond: ((k >= 8328877) AND (k <= 8328977))
	  ->  Bitmap Index Scan on k_2  (cost=0.00..5.44 rows=101 width=0)
	        Index Cond: ((k >= 8328877) AND (k <= 8328977))

table 3 : explain SELECT k, c FROM sbtest3 WHERE k BETWEEN 8328877 AND 8328977
	Bitmap Heap Scan on sbtest3  (cost=5.39..374.07 rows=93 width=125)
	  Recheck Cond: ((k >= 8328877) AND (k <= 8328977))
	  ->  Bitmap Index Scan on k_3  (cost=0.00..5.36 rows=93 width=0)
	        Index Cond: ((k >= 8328877) AND (k <= 8328977))

table 4 : explain SELECT k, c FROM sbtest4 WHERE k BETWEEN 8328877 AND 8328977
	Bitmap Heap Scan on sbtest4  (cost=5.46..401.79 rows=100 width=125)
	  Recheck Cond: ((k >= 8328877) AND (k <= 8328977))
	  ->  Bitmap Index Scan on k_4  (cost=0.00..5.43 rows=100 width=0)
	        Index Cond: ((k >= 8328877) AND (k <= 8328977))

table 5 : explain SELECT k, c FROM sbtest5 WHERE k BETWEEN 8328877 AND 8328977
	Bitmap Heap Scan on sbtest5  (cost=5.47..405.48 rows=101 width=125)
	  Recheck Cond: ((k >= 8328877) AND (k <= 8328977))
	  ->  Bitmap Index Scan on k_5  (cost=0.00..5.44 rows=101 width=0)
	        Index Cond: ((k >= 8328877) AND (k <= 8328977))

table 6 : explain SELECT k, c FROM sbtest6 WHERE k BETWEEN 8328877 AND 8328977
	Bitmap Heap Scan on sbtest6  (cost=5.53..429.23 rows=107 width=125)
	  Recheck Cond: ((k >= 8328877) AND (k <= 8328977))
	  ->  Bitmap Index Scan on k_6  (cost=0.00..5.50 rows=107 width=0)
	        Index Cond: ((k >= 8328877) AND (k <= 8328977))

table 7 : explain SELECT k, c FROM sbtest7 WHERE k BETWEEN 8328877 AND 8328977
	Bitmap Heap Scan on sbtest7  (cost=5.42..386.01 rows=96 width=125)
	  Recheck Cond: ((k >= 8328877) AND (k <= 8328977))
	  ->  Bitmap Index Scan on k_7  (cost=0.00..5.39 rows=96 width=0)
	        Index Cond: ((k >= 8328877) AND (k <= 8328977))

table 8 : explain SELECT k, c FROM sbtest8 WHERE k BETWEEN 8328877 AND 8328977
	Bitmap Heap Scan on sbtest8  (cost=5.43..389.91 rows=97 width=125)
	  Recheck Cond: ((k >= 8328877) AND (k <= 8328977))
	  ->  Bitmap Index Scan on k_8  (cost=0.00..5.40 rows=97 width=0)
	        Index Cond: ((k >= 8328877) AND (k <= 8328977))

explain: for range-notcovered :: explain SELECT k, c FROM sbtest%d WHERE k BETWEEN 3884400 AND 3884500
explain: for range-notcovered :: explain SELECT k, c FROM sbtest%d WHERE k BETWEEN 8328877 AND 8328977
for range-notcovered
table 1 : explain SELECT k, c FROM sbtest1 WHERE k BETWEEN 4244231 AND 4244331
	Bitmap Heap Scan on sbtest1  (cost=5.45..397.70 rows=99 width=125)
	  Recheck Cond: ((k >= 4244231) AND (k <= 4244331))
	  ->  Bitmap Index Scan on k_1  (cost=0.00..5.42 rows=99 width=0)
	        Index Cond: ((k >= 4244231) AND (k <= 4244331))

table 2 : explain SELECT k, c FROM sbtest2 WHERE k BETWEEN 4244231 AND 4244331
	Bitmap Heap Scan on sbtest2  (cost=5.58..448.93 rows=112 width=125)
	  Recheck Cond: ((k >= 4244231) AND (k <= 4244331))
	  ->  Bitmap Index Scan on k_2  (cost=0.00..5.55 rows=112 width=0)
	        Index Cond: ((k >= 4244231) AND (k <= 4244331))

table 3 : explain SELECT k, c FROM sbtest3 WHERE k BETWEEN 4244231 AND 4244331
	Bitmap Heap Scan on sbtest3  (cost=5.40..378.02 rows=94 width=125)
	  Recheck Cond: ((k >= 4244231) AND (k <= 4244331))
	  ->  Bitmap Index Scan on k_3  (cost=0.00..5.38 rows=94 width=0)
	        Index Cond: ((k >= 4244231) AND (k <= 4244331))

table 4 : explain SELECT k, c FROM sbtest4 WHERE k BETWEEN 4244231 AND 4244331
	Bitmap Heap Scan on sbtest4  (cost=5.48..409.68 rows=102 width=125)
	  Recheck Cond: ((k >= 4244231) AND (k <= 4244331))
	  ->  Bitmap Index Scan on k_4  (cost=0.00..5.45 rows=102 width=0)
	        Index Cond: ((k >= 4244231) AND (k <= 4244331))

table 5 : explain SELECT k, c FROM sbtest5 WHERE k BETWEEN 4244231 AND 4244331
	Bitmap Heap Scan on sbtest5  (cost=5.58..448.84 rows=112 width=125)
	  Recheck Cond: ((k >= 4244231) AND (k <= 4244331))
	  ->  Bitmap Index Scan on k_5  (cost=0.00..5.55 rows=112 width=0)
	        Index Cond: ((k >= 4244231) AND (k <= 4244331))

table 6 : explain SELECT k, c FROM sbtest6 WHERE k BETWEEN 4244231 AND 4244331
	Bitmap Heap Scan on sbtest6  (cost=5.50..417.41 rows=104 width=125)
	  Recheck Cond: ((k >= 4244231) AND (k <= 4244331))
	  ->  Bitmap Index Scan on k_6  (cost=0.00..5.47 rows=104 width=0)
	        Index Cond: ((k >= 4244231) AND (k <= 4244331))

table 7 : explain SELECT k, c FROM sbtest7 WHERE k BETWEEN 4244231 AND 4244331
	Bitmap Heap Scan on sbtest7  (cost=5.45..397.86 rows=99 width=125)
	  Recheck Cond: ((k >= 4244231) AND (k <= 4244331))
	  ->  Bitmap Index Scan on k_7  (cost=0.00..5.42 rows=99 width=0)
	        Index Cond: ((k >= 4244231) AND (k <= 4244331))

table 8 : explain SELECT k, c FROM sbtest8 WHERE k BETWEEN 4244231 AND 4244331
	Bitmap Heap Scan on sbtest8  (cost=5.40..378.07 rows=94 width=125)
	  Recheck Cond: ((k >= 4244231) AND (k <= 4244331))
	  ->  Bitmap Index Scan on k_8  (cost=0.00..5.38 rows=94 width=0)
	        Index Cond: ((k >= 4244231) AND (k <= 4244331))

explain: for range-notcovered :: explain SELECT k, c FROM sbtest%d WHERE k BETWEEN 4244231 AND 4244331
for range-notcovered
table 1 : explain SELECT k, c FROM sbtest1 WHERE k BETWEEN 4170254 AND 4170354
	Bitmap Heap Scan on sbtest1  (cost=5.46..401.65 rows=100 width=125)
	  Recheck Cond: ((k >= 4170254) AND (k <= 4170354))
	  ->  Bitmap Index Scan on k_1  (cost=0.00..5.43 rows=100 width=0)
	        Index Cond: ((k >= 4170254) AND (k <= 4170354))

table 2 : explain SELECT k, c FROM sbtest2 WHERE k BETWEEN 4170254 AND 4170354
	Bitmap Heap Scan on sbtest2  (cost=5.49..413.45 rows=103 width=125)
	  Recheck Cond: ((k >= 4170254) AND (k <= 4170354))
	  ->  Bitmap Index Scan on k_2  (cost=0.00..5.46 rows=103 width=0)
	        Index Cond: ((k >= 4170254) AND (k <= 4170354))

table 3 : explain SELECT k, c FROM sbtest3 WHERE k BETWEEN 4170254 AND 4170354
	Bitmap Heap Scan on sbtest3  (cost=5.47..405.65 rows=101 width=125)
	  Recheck Cond: ((k >= 4170254) AND (k <= 4170354))
	  ->  Bitmap Index Scan on k_3  (cost=0.00..5.44 rows=101 width=0)
	        Index Cond: ((k >= 4170254) AND (k <= 4170354))

table 4 : explain SELECT k, c FROM sbtest4 WHERE k BETWEEN 4170254 AND 4170354
	Bitmap Heap Scan on sbtest4  (cost=5.58..449.13 rows=112 width=125)
	  Recheck Cond: ((k >= 4170254) AND (k <= 4170354))
	  ->  Bitmap Index Scan on k_4  (cost=0.00..5.55 rows=112 width=0)
	        Index Cond: ((k >= 4170254) AND (k <= 4170354))

table 5 : explain SELECT k, c FROM sbtest5 WHERE k BETWEEN 4170254 AND 4170354
	Bitmap Heap Scan on sbtest5  (cost=5.48..409.43 rows=102 width=125)
	  Recheck Cond: ((k >= 4170254) AND (k <= 4170354))
	  ->  Bitmap Index Scan on k_5  (cost=0.00..5.45 rows=102 width=0)
	        Index Cond: ((k >= 4170254) AND (k <= 4170354))

table 6 : explain SELECT k, c FROM sbtest6 WHERE k BETWEEN 4170254 AND 4170354
	Bitmap Heap Scan on sbtest6  (cost=5.54..433.18 rows=108 width=125)
	  Recheck Cond: ((k >= 4170254) AND (k <= 4170354))
	  ->  Bitmap Index Scan on k_6  (cost=0.00..5.51 rows=108 width=0)
	        Index Cond: ((k >= 4170254) AND (k <= 4170354))

table 7 : explain SELECT k, c FROM sbtest7 WHERE k BETWEEN 4170254 AND 4170354
	Bitmap Heap Scan on sbtest7  (cost=5.55..437.33 rows=109 width=125)
	  Recheck Cond: ((k >= 4170254) AND (k <= 4170354))
	  ->  Bitmap Index Scan on k_7  (cost=0.00..5.52 rows=109 width=0)
	        Index Cond: ((k >= 4170254) AND (k <= 4170354))

table 8 : explain SELECT k, c FROM sbtest8 WHERE k BETWEEN 4170254 AND 4170354
	Bitmap Heap Scan on sbtest8  (cost=5.45..397.81 rows=99 width=125)
	  Recheck Cond: ((k >= 4170254) AND (k <= 4170354))
	  ->  Bitmap Index Scan on k_8  (cost=0.00..5.42 rows=99 width=0)
	        Index Cond: ((k >= 4170254) AND (k <= 4170354))

for range-notcovered
table 1 : explain SELECT k, c FROM sbtest1 WHERE k BETWEEN 5510090 AND 5510190
	Bitmap Heap Scan on sbtest1  (cost=5.47..405.59 rows=101 width=125)
	  Recheck Cond: ((k >= 5510090) AND (k <= 5510190))
	  ->  Bitmap Index Scan on k_1  (cost=0.00..5.44 rows=101 width=0)
	        Index Cond: ((k >= 5510090) AND (k <= 5510190))

table 2 : explain SELECT k, c FROM sbtest2 WHERE k BETWEEN 5510090 AND 5510190
	Bitmap Heap Scan on sbtest2  (cost=5.48..409.51 rows=102 width=125)
	  Recheck Cond: ((k >= 5510090) AND (k <= 5510190))
	  ->  Bitmap Index Scan on k_2  (cost=0.00..5.45 rows=102 width=0)
	        Index Cond: ((k >= 5510090) AND (k <= 5510190))

table 3 : explain SELECT k, c FROM sbtest3 WHERE k BETWEEN 5510090 AND 5510190
	Bitmap Heap Scan on sbtest3  (cost=5.58..449.03 rows=112 width=125)
	  Recheck Cond: ((k >= 5510090) AND (k <= 5510190))
	  ->  Bitmap Index Scan on k_3  (cost=0.00..5.55 rows=112 width=0)
	        Index Cond: ((k >= 5510090) AND (k <= 5510190))

table 4 : explain SELECT k, c FROM sbtest4 WHERE k BETWEEN 5510090 AND 5510190
	Bitmap Heap Scan on sbtest4  (cost=5.53..429.41 rows=107 width=125)
	  Recheck Cond: ((k >= 5510090) AND (k <= 5510190))
	  ->  Bitmap Index Scan on k_4  (cost=0.00..5.50 rows=107 width=0)
	        Index Cond: ((k >= 5510090) AND (k <= 5510190))

table 5 : explain SELECT k, c FROM sbtest5 WHERE k BETWEEN 5510090 AND 5510190
	Bitmap Heap Scan on sbtest5  (cost=5.58..448.84 rows=112 width=125)
	  Recheck Cond: ((k >= 5510090) AND (k <= 5510190))
	  ->  Bitmap Index Scan on k_5  (cost=0.00..5.55 rows=112 width=0)
	        Index Cond: ((k >= 5510090) AND (k <= 5510190))

table 6 : explain SELECT k, c FROM sbtest6 WHERE k BETWEEN 5510090 AND 5510190
	Bitmap Heap Scan on sbtest6  (cost=5.54..433.18 rows=108 width=125)
	  Recheck Cond: ((k >= 5510090) AND (k <= 5510190))
	  ->  Bitmap Index Scan on k_6  (cost=0.00..5.51 rows=108 width=0)
	        Index Cond: ((k >= 5510090) AND (k <= 5510190))

table 7 : explain SELECT k, c FROM sbtest7 WHERE k BETWEEN 5510090 AND 5510190
	Bitmap Heap Scan on sbtest7  (cost=5.44..393.91 rows=98 width=125)
	  Recheck Cond: ((k >= 5510090) AND (k <= 5510190))
	  ->  Bitmap Index Scan on k_7  (cost=0.00..5.42 rows=98 width=0)
	        Index Cond: ((k >= 5510090) AND (k <= 5510190))

table 8 : explain SELECT k, c FROM sbtest8 WHERE k BETWEEN 5510090 AND 5510190
	Bitmap Heap Scan on sbtest8  (cost=5.40..378.07 rows=94 width=125)
	  Recheck Cond: ((k >= 5510090) AND (k <= 5510190))
	  ->  Bitmap Index Scan on k_8  (cost=0.00..5.38 rows=94 width=0)
	        Index Cond: ((k >= 5510090) AND (k <= 5510190))

for range-notcovered
table 1 : explain SELECT k, c FROM sbtest1 WHERE k BETWEEN 3055672 AND 3055772
	Bitmap Heap Scan on sbtest1  (cost=5.58..448.96 rows=112 width=125)
	  Recheck Cond: ((k >= 3055672) AND (k <= 3055772))
	  ->  Bitmap Index Scan on k_1  (cost=0.00..5.55 rows=112 width=0)
	        Index Cond: ((k >= 3055672) AND (k <= 3055772))

table 2 : explain SELECT k, c FROM sbtest2 WHERE k BETWEEN 3055672 AND 3055772
	Bitmap Heap Scan on sbtest2  (cost=5.52..425.28 rows=106 width=125)
	  Recheck Cond: ((k >= 3055672) AND (k <= 3055772))
	  ->  Bitmap Index Scan on k_2  (cost=0.00..5.50 rows=106 width=0)
	        Index Cond: ((k >= 3055672) AND (k <= 3055772))

table 3 : explain SELECT k, c FROM sbtest3 WHERE k BETWEEN 3055672 AND 3055772
	Bitmap Heap Scan on sbtest3  (cost=5.57..445.09 rows=111 width=125)
	  Recheck Cond: ((k >= 3055672) AND (k <= 3055772))
	  ->  Bitmap Index Scan on k_3  (cost=0.00..5.54 rows=111 width=0)
	        Index Cond: ((k >= 3055672) AND (k <= 3055772))

table 4 : explain SELECT k, c FROM sbtest4 WHERE k BETWEEN 3055672 AND 3055772
	Bitmap Heap Scan on sbtest4  (cost=5.54..433.36 rows=108 width=125)
	  Recheck Cond: ((k >= 3055672) AND (k <= 3055772))
	  ->  Bitmap Index Scan on k_4  (cost=0.00..5.51 rows=108 width=0)
	        Index Cond: ((k >= 3055672) AND (k <= 3055772))

table 5 : explain SELECT k, c FROM sbtest5 WHERE k BETWEEN 3055672 AND 3055772
	Bitmap Heap Scan on sbtest5  (cost=5.50..417.31 rows=104 width=125)
	  Recheck Cond: ((k >= 3055672) AND (k <= 3055772))
	  ->  Bitmap Index Scan on k_5  (cost=0.00..5.47 rows=104 width=0)
	        Index Cond: ((k >= 3055672) AND (k <= 3055772))

table 6 : explain SELECT k, c FROM sbtest6 WHERE k BETWEEN 3055672 AND 3055772
	Bitmap Heap Scan on sbtest6  (cost=5.58..448.94 rows=112 width=125)
	  Recheck Cond: ((k >= 3055672) AND (k <= 3055772))
	  ->  Bitmap Index Scan on k_6  (cost=0.00..5.55 rows=112 width=0)
	        Index Cond: ((k >= 3055672) AND (k <= 3055772))

table 7 : explain SELECT k, c FROM sbtest7 WHERE k BETWEEN 3055672 AND 3055772
	Bitmap Heap Scan on sbtest7  (cost=5.49..413.65 rows=103 width=125)
	  Recheck Cond: ((k >= 3055672) AND (k <= 3055772))
	  ->  Bitmap Index Scan on k_7  (cost=0.00..5.46 rows=103 width=0)
	        Index Cond: ((k >= 3055672) AND (k <= 3055772))

table 8 : explain SELECT k, c FROM sbtest8 WHERE k BETWEEN 3055672 AND 3055772
	Bitmap Heap Scan on sbtest8  (cost=5.49..413.60 rows=103 width=125)
	  Recheck Cond: ((k >= 3055672) AND (k <= 3055772))
	  ->  Bitmap Index Scan on k_8  (cost=0.00..5.46 rows=103 width=0)
	        Index Cond: ((k >= 3055672) AND (k <= 3055772))

for range-notcovered
table 1 : explain SELECT k, c FROM sbtest1 WHERE k BETWEEN 406143 AND 406243
	Bitmap Heap Scan on sbtest1  (cost=5.44..393.75 rows=98 width=125)
	  Recheck Cond: ((k >= 406143) AND (k <= 406243))
	  ->  Bitmap Index Scan on k_1  (cost=0.00..5.42 rows=98 width=0)
	        Index Cond: ((k >= 406143) AND (k <= 406243))

table 2 : explain SELECT k, c FROM sbtest2 WHERE k BETWEEN 406143 AND 406243
	Bitmap Heap Scan on sbtest2  (cost=5.46..401.62 rows=100 width=125)
	  Recheck Cond: ((k >= 406143) AND (k <= 406243))
	  ->  Bitmap Index Scan on k_2  (cost=0.00..5.43 rows=100 width=0)
	        Index Cond: ((k >= 406143) AND (k <= 406243))

table 3 : explain SELECT k, c FROM sbtest3 WHERE k BETWEEN 406143 AND 406243
	Bitmap Heap Scan on sbtest3  (cost=5.48..409.59 rows=102 width=125)
	  Recheck Cond: ((k >= 406143) AND (k <= 406243))
	  ->  Bitmap Index Scan on k_3  (cost=0.00..5.45 rows=102 width=0)
	        Index Cond: ((k >= 406143) AND (k <= 406243))

table 4 : explain SELECT k, c FROM sbtest4 WHERE k BETWEEN 406143 AND 406243
	Bitmap Heap Scan on sbtest4  (cost=5.41..382.05 rows=95 width=125)
	  Recheck Cond: ((k >= 406143) AND (k <= 406243))
	  ->  Bitmap Index Scan on k_4  (cost=0.00..5.38 rows=95 width=0)
	        Index Cond: ((k >= 406143) AND (k <= 406243))

table 5 : explain SELECT k, c FROM sbtest5 WHERE k BETWEEN 406143 AND 406243
	Bitmap Heap Scan on sbtest5  (cost=5.47..405.48 rows=101 width=125)
	  Recheck Cond: ((k >= 406143) AND (k <= 406243))
	  ->  Bitmap Index Scan on k_5  (cost=0.00..5.44 rows=101 width=0)
	        Index Cond: ((k >= 406143) AND (k <= 406243))

table 6 : explain SELECT k, c FROM sbtest6 WHERE k BETWEEN 406143 AND 406243
	Bitmap Heap Scan on sbtest6  (cost=5.48..409.52 rows=102 width=125)
	  Recheck Cond: ((k >= 406143) AND (k <= 406243))
	  ->  Bitmap Index Scan on k_6  (cost=0.00..5.45 rows=102 width=0)
	        Index Cond: ((k >= 406143) AND (k <= 406243))

table 7 : explain SELECT k, c FROM sbtest7 WHERE k BETWEEN 406143 AND 406243
	Bitmap Heap Scan on sbtest7  (cost=5.51..421.54 rows=105 width=125)
	  Recheck Cond: ((k >= 406143) AND (k <= 406243))
	  ->  Bitmap Index Scan on k_7  (cost=0.00..5.48 rows=105 width=0)
	        Index Cond: ((k >= 406143) AND (k <= 406243))

table 8 : explain SELECT k, c FROM sbtest8 WHERE k BETWEEN 406143 AND 406243
	Bitmap Heap Scan on sbtest8  (cost=5.48..409.65 rows=102 width=125)
	  Recheck Cond: ((k >= 406143) AND (k <= 406243))
	  ->  Bitmap Index Scan on k_8  (cost=0.00..5.45 rows=102 width=0)
	        Index Cond: ((k >= 406143) AND (k <= 406243))

for range-notcovered
table 1 : explain SELECT k, c FROM sbtest1 WHERE k BETWEEN 2672780 AND 2672880
	Bitmap Heap Scan on sbtest1  (cost=5.49..413.48 rows=103 width=125)
	  Recheck Cond: ((k >= 2672780) AND (k <= 2672880))
	  ->  Bitmap Index Scan on k_1  (cost=0.00..5.46 rows=103 width=0)
	        Index Cond: ((k >= 2672780) AND (k <= 2672880))

table 2 : explain SELECT k, c FROM sbtest2 WHERE k BETWEEN 2672780 AND 2672880
	Bitmap Heap Scan on sbtest2  (cost=5.48..409.51 rows=102 width=125)
	  Recheck Cond: ((k >= 2672780) AND (k <= 2672880))
	  ->  Bitmap Index Scan on k_2  (cost=0.00..5.45 rows=102 width=0)
	        Index Cond: ((k >= 2672780) AND (k <= 2672880))

table 3 : explain SELECT k, c FROM sbtest3 WHERE k BETWEEN 2672780 AND 2672880
	Bitmap Heap Scan on sbtest3  (cost=5.45..397.76 rows=99 width=125)
	  Recheck Cond: ((k >= 2672780) AND (k <= 2672880))
	  ->  Bitmap Index Scan on k_3  (cost=0.00..5.42 rows=99 width=0)
	        Index Cond: ((k >= 2672780) AND (k <= 2672880))

table 4 : explain SELECT k, c FROM sbtest4 WHERE k BETWEEN 2672780 AND 2672880
	Bitmap Heap Scan on sbtest4  (cost=5.50..417.58 rows=104 width=125)
	  Recheck Cond: ((k >= 2672780) AND (k <= 2672880))
	  ->  Bitmap Index Scan on k_4  (cost=0.00..5.47 rows=104 width=0)
	        Index Cond: ((k >= 2672780) AND (k <= 2672880))

table 5 : explain SELECT k, c FROM sbtest5 WHERE k BETWEEN 2672780 AND 2672880
	Bitmap Heap Scan on sbtest5  (cost=5.40..377.87 rows=94 width=125)
	  Recheck Cond: ((k >= 2672780) AND (k <= 2672880))
	  ->  Bitmap Index Scan on k_5  (cost=0.00..5.38 rows=94 width=0)
	        Index Cond: ((k >= 2672780) AND (k <= 2672880))

table 6 : explain SELECT k, c FROM sbtest6 WHERE k BETWEEN 2672780 AND 2672880
	Bitmap Heap Scan on sbtest6  (cost=5.45..397.68 rows=99 width=125)
	  Recheck Cond: ((k >= 2672780) AND (k <= 2672880))
	  ->  Bitmap Index Scan on k_6  (cost=0.00..5.42 rows=99 width=0)
	        Index Cond: ((k >= 2672780) AND (k <= 2672880))

table 7 : explain SELECT k, c FROM sbtest7 WHERE k BETWEEN 2672780 AND 2672880
	Bitmap Heap Scan on sbtest7  (cost=5.52..425.49 rows=106 width=125)
	  Recheck Cond: ((k >= 2672780) AND (k <= 2672880))
	  ->  Bitmap Index Scan on k_7  (cost=0.00..5.50 rows=106 width=0)
	        Index Cond: ((k >= 2672780) AND (k <= 2672880))

table 8 : explain SELECT k, c FROM sbtest8 WHERE k BETWEEN 2672780 AND 2672880
	Bitmap Heap Scan on sbtest8  (cost=5.54..433.32 rows=108 width=125)
	  Recheck Cond: ((k >= 2672780) AND (k <= 2672880))
	  ->  Bitmap Index Scan on k_8  (cost=0.00..5.51 rows=108 width=0)
	        Index Cond: ((k >= 2672780) AND (k <= 2672880))

explain: for range-notcovered :: explain SELECT k, c FROM sbtest%d WHERE k BETWEEN 406143 AND 406243
explain: for range-notcovered :: explain SELECT k, c FROM sbtest%d WHERE k BETWEEN 3055672 AND 3055772
explain: for range-notcovered :: explain SELECT k, c FROM sbtest%d WHERE k BETWEEN 2672780 AND 2672880
for range-notcovered
table 1 : explain SELECT k, c FROM sbtest1 WHERE k BETWEEN 8328877 AND 8328977
	Bitmap Heap Scan on sbtest1  (cost=5.50..417.43 rows=104 width=125)
	  Recheck Cond: ((k >= 8328877) AND (k <= 8328977))
	  ->  Bitmap Index Scan on k_1  (cost=0.00..5.47 rows=104 width=0)
	        Index Cond: ((k >= 8328877) AND (k <= 8328977))

table 2 : explain SELECT k, c FROM sbtest2 WHERE k BETWEEN 8328877 AND 8328977
	Bitmap Heap Scan on sbtest2  (cost=5.47..405.56 rows=101 width=125)
	  Recheck Cond: ((k >= 8328877) AND (k <= 8328977))
	  ->  Bitmap Index Scan on k_2  (cost=0.00..5.44 rows=101 width=0)
	        Index Cond: ((k >= 8328877) AND (k <= 8328977))

table 3 : explain SELECT k, c FROM sbtest3 WHERE k BETWEEN 8328877 AND 8328977
	Bitmap Heap Scan on sbtest3  (cost=5.39..374.07 rows=93 width=125)
	  Recheck Cond: ((k >= 8328877) AND (k <= 8328977))
	  ->  Bitmap Index Scan on k_3  (cost=0.00..5.36 rows=93 width=0)
	        Index Cond: ((k >= 8328877) AND (k <= 8328977))

table 4 : explain SELECT k, c FROM sbtest4 WHERE k BETWEEN 8328877 AND 8328977
	Bitmap Heap Scan on sbtest4  (cost=5.46..401.79 rows=100 width=125)
	  Recheck Cond: ((k >= 8328877) AND (k <= 8328977))
	  ->  Bitmap Index Scan on k_4  (cost=0.00..5.43 rows=100 width=0)
	        Index Cond: ((k >= 8328877) AND (k <= 8328977))

table 5 : explain SELECT k, c FROM sbtest5 WHERE k BETWEEN 8328877 AND 8328977
	Bitmap Heap Scan on sbtest5  (cost=5.47..405.48 rows=101 width=125)
	  Recheck Cond: ((k >= 8328877) AND (k <= 8328977))
	  ->  Bitmap Index Scan on k_5  (cost=0.00..5.44 rows=101 width=0)
	        Index Cond: ((k >= 8328877) AND (k <= 8328977))

table 6 : explain SELECT k, c FROM sbtest6 WHERE k BETWEEN 8328877 AND 8328977
	Bitmap Heap Scan on sbtest6  (cost=5.53..429.23 rows=107 width=125)
	  Recheck Cond: ((k >= 8328877) AND (k <= 8328977))
	  ->  Bitmap Index Scan on k_6  (cost=0.00..5.50 rows=107 width=0)
	        Index Cond: ((k >= 8328877) AND (k <= 8328977))

table 7 : explain SELECT k, c FROM sbtest7 WHERE k BETWEEN 8328877 AND 8328977
	Bitmap Heap Scan on sbtest7  (cost=5.42..386.01 rows=96 width=125)
	  Recheck Cond: ((k >= 8328877) AND (k <= 8328977))
	  ->  Bitmap Index Scan on k_7  (cost=0.00..5.39 rows=96 width=0)
	        Index Cond: ((k >= 8328877) AND (k <= 8328977))

table 8 : explain SELECT k, c FROM sbtest8 WHERE k BETWEEN 8328877 AND 8328977
	Bitmap Heap Scan on sbtest8  (cost=5.43..389.91 rows=97 width=125)
	  Recheck Cond: ((k >= 8328877) AND (k <= 8328977))
	  ->  Bitmap Index Scan on k_8  (cost=0.00..5.40 rows=97 width=0)
	        Index Cond: ((k >= 8328877) AND (k <= 8328977))

explain: for range-notcovered :: explain SELECT k, c FROM sbtest%d WHERE k BETWEEN 8328877 AND 8328977
for range-notcovered
table 1 : explain SELECT k, c FROM sbtest1 WHERE k BETWEEN 2537438 AND 2537538
	Bitmap Heap Scan on sbtest1  (cost=5.50..417.43 rows=104 width=125)
	  Recheck Cond: ((k >= 2537438) AND (k <= 2537538))
	  ->  Bitmap Index Scan on k_1  (cost=0.00..5.47 rows=104 width=0)
	        Index Cond: ((k >= 2537438) AND (k <= 2537538))

table 2 : explain SELECT k, c FROM sbtest2 WHERE k BETWEEN 2537438 AND 2537538
	Bitmap Heap Scan on sbtest2  (cost=5.48..409.51 rows=102 width=125)
	  Recheck Cond: ((k >= 2537438) AND (k <= 2537538))
	  ->  Bitmap Index Scan on k_2  (cost=0.00..5.45 rows=102 width=0)
	        Index Cond: ((k >= 2537438) AND (k <= 2537538))

table 3 : explain SELECT k, c FROM sbtest3 WHERE k BETWEEN 2537438 AND 2537538
	Bitmap Heap Scan on sbtest3  (cost=5.50..417.49 rows=104 width=125)
	  Recheck Cond: ((k >= 2537438) AND (k <= 2537538))
	  ->  Bitmap Index Scan on k_3  (cost=0.00..5.47 rows=104 width=0)
	        Index Cond: ((k >= 2537438) AND (k <= 2537538))

table 4 : explain SELECT k, c FROM sbtest4 WHERE k BETWEEN 2537438 AND 2537538
	Bitmap Heap Scan on sbtest4  (cost=5.42..385.99 rows=96 width=125)
	  Recheck Cond: ((k >= 2537438) AND (k <= 2537538))
	  ->  Bitmap Index Scan on k_4  (cost=0.00..5.39 rows=96 width=0)
	        Index Cond: ((k >= 2537438) AND (k <= 2537538))

table 5 : explain SELECT k, c FROM sbtest5 WHERE k BETWEEN 2537438 AND 2537538
	Bitmap Heap Scan on sbtest5  (cost=5.50..417.31 rows=104 width=125)
	  Recheck Cond: ((k >= 2537438) AND (k <= 2537538))
	  ->  Bitmap Index Scan on k_5  (cost=0.00..5.47 rows=104 width=0)
	        Index Cond: ((k >= 2537438) AND (k <= 2537538))

table 6 : explain SELECT k, c FROM sbtest6 WHERE k BETWEEN 2537438 AND 2537538
	Bitmap Heap Scan on sbtest6  (cost=5.45..397.68 rows=99 width=125)
	  Recheck Cond: ((k >= 2537438) AND (k <= 2537538))
	  ->  Bitmap Index Scan on k_6  (cost=0.00..5.42 rows=99 width=0)
	        Index Cond: ((k >= 2537438) AND (k <= 2537538))

table 7 : explain SELECT k, c FROM sbtest7 WHERE k BETWEEN 2537438 AND 2537538
	Bitmap Heap Scan on sbtest7  (cost=5.47..405.76 rows=101 width=125)
	  Recheck Cond: ((k >= 2537438) AND (k <= 2537538))
	  ->  Bitmap Index Scan on k_7  (cost=0.00..5.44 rows=101 width=0)
	        Index Cond: ((k >= 2537438) AND (k <= 2537538))

table 8 : explain SELECT k, c FROM sbtest8 WHERE k BETWEEN 2537438 AND 2537538
	Bitmap Heap Scan on sbtest8  (cost=5.45..397.81 rows=99 width=125)
	  Recheck Cond: ((k >= 2537438) AND (k <= 2537538))
	  ->  Bitmap Index Scan on k_8  (cost=0.00..5.42 rows=99 width=0)
	        Index Cond: ((k >= 2537438) AND (k <= 2537538))

explain: for range-notcovered :: explain SELECT k, c FROM sbtest%d WHERE k BETWEEN 2537438 AND 2537538
for range-notcovered
table 1 : explain SELECT k, c FROM sbtest1 WHERE k BETWEEN 4244231 AND 4244331
	Bitmap Heap Scan on sbtest1  (cost=5.45..397.70 rows=99 width=125)
	  Recheck Cond: ((k >= 4244231) AND (k <= 4244331))
	  ->  Bitmap Index Scan on k_1  (cost=0.00..5.42 rows=99 width=0)
	        Index Cond: ((k >= 4244231) AND (k <= 4244331))

table 2 : explain SELECT k, c FROM sbtest2 WHERE k BETWEEN 4244231 AND 4244331
	Bitmap Heap Scan on sbtest2  (cost=5.58..448.93 rows=112 width=125)
	  Recheck Cond: ((k >= 4244231) AND (k <= 4244331))
	  ->  Bitmap Index Scan on k_2  (cost=0.00..5.55 rows=112 width=0)
	        Index Cond: ((k >= 4244231) AND (k <= 4244331))

table 3 : explain SELECT k, c FROM sbtest3 WHERE k BETWEEN 4244231 AND 4244331
	Bitmap Heap Scan on sbtest3  (cost=5.40..378.02 rows=94 width=125)
	  Recheck Cond: ((k >= 4244231) AND (k <= 4244331))
	  ->  Bitmap Index Scan on k_3  (cost=0.00..5.38 rows=94 width=0)
	        Index Cond: ((k >= 4244231) AND (k <= 4244331))

table 4 : explain SELECT k, c FROM sbtest4 WHERE k BETWEEN 4244231 AND 4244331
	Bitmap Heap Scan on sbtest4  (cost=5.48..409.68 rows=102 width=125)
	  Recheck Cond: ((k >= 4244231) AND (k <= 4244331))
	  ->  Bitmap Index Scan on k_4  (cost=0.00..5.45 rows=102 width=0)
	        Index Cond: ((k >= 4244231) AND (k <= 4244331))

table 5 : explain SELECT k, c FROM sbtest5 WHERE k BETWEEN 4244231 AND 4244331
	Bitmap Heap Scan on sbtest5  (cost=5.58..448.84 rows=112 width=125)
	  Recheck Cond: ((k >= 4244231) AND (k <= 4244331))
	  ->  Bitmap Index Scan on k_5  (cost=0.00..5.55 rows=112 width=0)
	        Index Cond: ((k >= 4244231) AND (k <= 4244331))

table 6 : explain SELECT k, c FROM sbtest6 WHERE k BETWEEN 4244231 AND 4244331
	Bitmap Heap Scan on sbtest6  (cost=5.50..417.41 rows=104 width=125)
	  Recheck Cond: ((k >= 4244231) AND (k <= 4244331))
	  ->  Bitmap Index Scan on k_6  (cost=0.00..5.47 rows=104 width=0)
	        Index Cond: ((k >= 4244231) AND (k <= 4244331))

table 7 : explain SELECT k, c FROM sbtest7 WHERE k BETWEEN 4244231 AND 4244331
	Bitmap Heap Scan on sbtest7  (cost=5.45..397.86 rows=99 width=125)
	  Recheck Cond: ((k >= 4244231) AND (k <= 4244331))
	  ->  Bitmap Index Scan on k_7  (cost=0.00..5.42 rows=99 width=0)
	        Index Cond: ((k >= 4244231) AND (k <= 4244331))

table 8 : explain SELECT k, c FROM sbtest8 WHERE k BETWEEN 4244231 AND 4244331
	Bitmap Heap Scan on sbtest8  (cost=5.40..378.07 rows=94 width=125)
	  Recheck Cond: ((k >= 4244231) AND (k <= 4244331))
	  ->  Bitmap Index Scan on k_8  (cost=0.00..5.38 rows=94 width=0)
	        Index Cond: ((k >= 4244231) AND (k <= 4244331))

explain: for range-notcovered :: explain SELECT k, c FROM sbtest%d WHERE k BETWEEN 4244231 AND 4244331
for range-notcovered
table 1 : explain SELECT k, c FROM sbtest1 WHERE k BETWEEN 3055672 AND 3055772
	Bitmap Heap Scan on sbtest1  (cost=5.58..448.96 rows=112 width=125)
	  Recheck Cond: ((k >= 3055672) AND (k <= 3055772))
	  ->  Bitmap Index Scan on k_1  (cost=0.00..5.55 rows=112 width=0)
	        Index Cond: ((k >= 3055672) AND (k <= 3055772))

table 2 : explain SELECT k, c FROM sbtest2 WHERE k BETWEEN 3055672 AND 3055772
	Bitmap Heap Scan on sbtest2  (cost=5.52..425.28 rows=106 width=125)
	  Recheck Cond: ((k >= 3055672) AND (k <= 3055772))
	  ->  Bitmap Index Scan on k_2  (cost=0.00..5.50 rows=106 width=0)
	        Index Cond: ((k >= 3055672) AND (k <= 3055772))

table 3 : explain SELECT k, c FROM sbtest3 WHERE k BETWEEN 3055672 AND 3055772
	Bitmap Heap Scan on sbtest3  (cost=5.57..445.09 rows=111 width=125)
	  Recheck Cond: ((k >= 3055672) AND (k <= 3055772))
	  ->  Bitmap Index Scan on k_3  (cost=0.00..5.54 rows=111 width=0)
	        Index Cond: ((k >= 3055672) AND (k <= 3055772))

table 4 : explain SELECT k, c FROM sbtest4 WHERE k BETWEEN 3055672 AND 3055772
	Bitmap Heap Scan on sbtest4  (cost=5.54..433.36 rows=108 width=125)
	  Recheck Cond: ((k >= 3055672) AND (k <= 3055772))
	  ->  Bitmap Index Scan on k_4  (cost=0.00..5.51 rows=108 width=0)
	        Index Cond: ((k >= 3055672) AND (k <= 3055772))

table 5 : explain SELECT k, c FROM sbtest5 WHERE k BETWEEN 3055672 AND 3055772
	Bitmap Heap Scan on sbtest5  (cost=5.50..417.31 rows=104 width=125)
	  Recheck Cond: ((k >= 3055672) AND (k <= 3055772))
	  ->  Bitmap Index Scan on k_5  (cost=0.00..5.47 rows=104 width=0)
	        Index Cond: ((k >= 3055672) AND (k <= 3055772))

table 6 : explain SELECT k, c FROM sbtest6 WHERE k BETWEEN 3055672 AND 3055772
	Bitmap Heap Scan on sbtest6  (cost=5.58..448.94 rows=112 width=125)
	  Recheck Cond: ((k >= 3055672) AND (k <= 3055772))
	  ->  Bitmap Index Scan on k_6  (cost=0.00..5.55 rows=112 width=0)
	        Index Cond: ((k >= 3055672) AND (k <= 3055772))

table 7 : explain SELECT k, c FROM sbtest7 WHERE k BETWEEN 3055672 AND 3055772
	Bitmap Heap Scan on sbtest7  (cost=5.49..413.65 rows=103 width=125)
	  Recheck Cond: ((k >= 3055672) AND (k <= 3055772))
	  ->  Bitmap Index Scan on k_7  (cost=0.00..5.46 rows=103 width=0)
	        Index Cond: ((k >= 3055672) AND (k <= 3055772))

table 8 : explain SELECT k, c FROM sbtest8 WHERE k BETWEEN 3055672 AND 3055772
	Bitmap Heap Scan on sbtest8  (cost=5.49..413.60 rows=103 width=125)
	  Recheck Cond: ((k >= 3055672) AND (k <= 3055772))
	  ->  Bitmap Index Scan on k_8  (cost=0.00..5.46 rows=103 width=0)
	        Index Cond: ((k >= 3055672) AND (k <= 3055772))

explain: for range-notcovered :: explain SELECT k, c FROM sbtest%d WHERE k BETWEEN 3055672 AND 3055772
for range-notcovered
table 1 : explain SELECT k, c FROM sbtest1 WHERE k BETWEEN 406143 AND 406243
	Bitmap Heap Scan on sbtest1  (cost=5.44..393.75 rows=98 width=125)
	  Recheck Cond: ((k >= 406143) AND (k <= 406243))
	  ->  Bitmap Index Scan on k_1  (cost=0.00..5.42 rows=98 width=0)
	        Index Cond: ((k >= 406143) AND (k <= 406243))

table 2 : explain SELECT k, c FROM sbtest2 WHERE k BETWEEN 406143 AND 406243
	Bitmap Heap Scan on sbtest2  (cost=5.46..401.62 rows=100 width=125)
	  Recheck Cond: ((k >= 406143) AND (k <= 406243))
	  ->  Bitmap Index Scan on k_2  (cost=0.00..5.43 rows=100 width=0)
	        Index Cond: ((k >= 406143) AND (k <= 406243))

table 3 : explain SELECT k, c FROM sbtest3 WHERE k BETWEEN 406143 AND 406243
	Bitmap Heap Scan on sbtest3  (cost=5.48..409.59 rows=102 width=125)
	  Recheck Cond: ((k >= 406143) AND (k <= 406243))
	  ->  Bitmap Index Scan on k_3  (cost=0.00..5.45 rows=102 width=0)
	        Index Cond: ((k >= 406143) AND (k <= 406243))

table 4 : explain SELECT k, c FROM sbtest4 WHERE k BETWEEN 406143 AND 406243
	Bitmap Heap Scan on sbtest4  (cost=5.41..382.05 rows=95 width=125)
	  Recheck Cond: ((k >= 406143) AND (k <= 406243))
	  ->  Bitmap Index Scan on k_4  (cost=0.00..5.38 rows=95 width=0)
	        Index Cond: ((k >= 406143) AND (k <= 406243))

table 5 : explain SELECT k, c FROM sbtest5 WHERE k BETWEEN 406143 AND 406243
	Bitmap Heap Scan on sbtest5  (cost=5.47..405.48 rows=101 width=125)
	  Recheck Cond: ((k >= 406143) AND (k <= 406243))
	  ->  Bitmap Index Scan on k_5  (cost=0.00..5.44 rows=101 width=0)
	        Index Cond: ((k >= 406143) AND (k <= 406243))

table 6 : explain SELECT k, c FROM sbtest6 WHERE k BETWEEN 406143 AND 406243
	Bitmap Heap Scan on sbtest6  (cost=5.48..409.52 rows=102 width=125)
	  Recheck Cond: ((k >= 406143) AND (k <= 406243))
	  ->  Bitmap Index Scan on k_6  (cost=0.00..5.45 rows=102 width=0)
	        Index Cond: ((k >= 406143) AND (k <= 406243))

table 7 : explain SELECT k, c FROM sbtest7 WHERE k BETWEEN 406143 AND 406243
	Bitmap Heap Scan on sbtest7  (cost=5.51..421.54 rows=105 width=125)
	  Recheck Cond: ((k >= 406143) AND (k <= 406243))
	  ->  Bitmap Index Scan on k_7  (cost=0.00..5.48 rows=105 width=0)
	        Index Cond: ((k >= 406143) AND (k <= 406243))

table 8 : explain SELECT k, c FROM sbtest8 WHERE k BETWEEN 406143 AND 406243
	Bitmap Heap Scan on sbtest8  (cost=5.48..409.65 rows=102 width=125)
	  Recheck Cond: ((k >= 406143) AND (k <= 406243))
	  ->  Bitmap Index Scan on k_8  (cost=0.00..5.45 rows=102 width=0)
	        Index Cond: ((k >= 406143) AND (k <= 406243))

for range-notcovered
table 1 : explain SELECT k, c FROM sbtest1 WHERE k BETWEEN 8328877 AND 8328977
	Bitmap Heap Scan on sbtest1  (cost=5.50..417.43 rows=104 width=125)
	  Recheck Cond: ((k >= 8328877) AND (k <= 8328977))
	  ->  Bitmap Index Scan on k_1  (cost=0.00..5.47 rows=104 width=0)
	        Index Cond: ((k >= 8328877) AND (k <= 8328977))

table 2 : explain SELECT k, c FROM sbtest2 WHERE k BETWEEN 8328877 AND 8328977
	Bitmap Heap Scan on sbtest2  (cost=5.47..405.56 rows=101 width=125)
	  Recheck Cond: ((k >= 8328877) AND (k <= 8328977))
	  ->  Bitmap Index Scan on k_2  (cost=0.00..5.44 rows=101 width=0)
	        Index Cond: ((k >= 8328877) AND (k <= 8328977))

table 3 : explain SELECT k, c FROM sbtest3 WHERE k BETWEEN 8328877 AND 8328977
	Bitmap Heap Scan on sbtest3  (cost=5.39..374.07 rows=93 width=125)
	  Recheck Cond: ((k >= 8328877) AND (k <= 8328977))
	  ->  Bitmap Index Scan on k_3  (cost=0.00..5.36 rows=93 width=0)
	        Index Cond: ((k >= 8328877) AND (k <= 8328977))

table 4 : explain SELECT k, c FROM sbtest4 WHERE k BETWEEN 8328877 AND 8328977
	Bitmap Heap Scan on sbtest4  (cost=5.46..401.79 rows=100 width=125)
	  Recheck Cond: ((k >= 8328877) AND (k <= 8328977))
	  ->  Bitmap Index Scan on k_4  (cost=0.00..5.43 rows=100 width=0)
	        Index Cond: ((k >= 8328877) AND (k <= 8328977))

table 5 : explain SELECT k, c FROM sbtest5 WHERE k BETWEEN 8328877 AND 8328977
	Bitmap Heap Scan on sbtest5  (cost=5.47..405.48 rows=101 width=125)
	  Recheck Cond: ((k >= 8328877) AND (k <= 8328977))
	  ->  Bitmap Index Scan on k_5  (cost=0.00..5.44 rows=101 width=0)
	        Index Cond: ((k >= 8328877) AND (k <= 8328977))

table 6 : explain SELECT k, c FROM sbtest6 WHERE k BETWEEN 8328877 AND 8328977
	Bitmap Heap Scan on sbtest6  (cost=5.53..429.23 rows=107 width=125)
	  Recheck Cond: ((k >= 8328877) AND (k <= 8328977))
	  ->  Bitmap Index Scan on k_6  (cost=0.00..5.50 rows=107 width=0)
	        Index Cond: ((k >= 8328877) AND (k <= 8328977))

table 7 : explain SELECT k, c FROM sbtest7 WHERE k BETWEEN 8328877 AND 8328977
	Bitmap Heap Scan on sbtest7  (cost=5.42..386.01 rows=96 width=125)
	  Recheck Cond: ((k >= 8328877) AND (k <= 8328977))
	  ->  Bitmap Index Scan on k_7  (cost=0.00..5.39 rows=96 width=0)
	        Index Cond: ((k >= 8328877) AND (k <= 8328977))

table 8 : explain SELECT k, c FROM sbtest8 WHERE k BETWEEN 8328877 AND 8328977
	Bitmap Heap Scan on sbtest8  (cost=5.43..389.91 rows=97 width=125)
	  Recheck Cond: ((k >= 8328877) AND (k <= 8328977))
	  ->  Bitmap Index Scan on k_8  (cost=0.00..5.40 rows=97 width=0)
	        Index Cond: ((k >= 8328877) AND (k <= 8328977))

for range-notcovered
table 1 : explain SELECT k, c FROM sbtest1 WHERE k BETWEEN 2672780 AND 2672880
	Bitmap Heap Scan on sbtest1  (cost=5.49..413.48 rows=103 width=125)
	  Recheck Cond: ((k >= 2672780) AND (k <= 2672880))
	  ->  Bitmap Index Scan on k_1  (cost=0.00..5.46 rows=103 width=0)
	        Index Cond: ((k >= 2672780) AND (k <= 2672880))

table 2 : explain SELECT k, c FROM sbtest2 WHERE k BETWEEN 2672780 AND 2672880
	Bitmap Heap Scan on sbtest2  (cost=5.48..409.51 rows=102 width=125)
	  Recheck Cond: ((k >= 2672780) AND (k <= 2672880))
	  ->  Bitmap Index Scan on k_2  (cost=0.00..5.45 rows=102 width=0)
	        Index Cond: ((k >= 2672780) AND (k <= 2672880))

table 3 : explain SELECT k, c FROM sbtest3 WHERE k BETWEEN 2672780 AND 2672880
	Bitmap Heap Scan on sbtest3  (cost=5.45..397.76 rows=99 width=125)
	  Recheck Cond: ((k >= 2672780) AND (k <= 2672880))
	  ->  Bitmap Index Scan on k_3  (cost=0.00..5.42 rows=99 width=0)
	        Index Cond: ((k >= 2672780) AND (k <= 2672880))

table 4 : explain SELECT k, c FROM sbtest4 WHERE k BETWEEN 2672780 AND 2672880
	Bitmap Heap Scan on sbtest4  (cost=5.50..417.58 rows=104 width=125)
	  Recheck Cond: ((k >= 2672780) AND (k <= 2672880))
	  ->  Bitmap Index Scan on k_4  (cost=0.00..5.47 rows=104 width=0)
	        Index Cond: ((k >= 2672780) AND (k <= 2672880))

table 5 : explain SELECT k, c FROM sbtest5 WHERE k BETWEEN 2672780 AND 2672880
	Bitmap Heap Scan on sbtest5  (cost=5.40..377.87 rows=94 width=125)
	  Recheck Cond: ((k >= 2672780) AND (k <= 2672880))
	  ->  Bitmap Index Scan on k_5  (cost=0.00..5.38 rows=94 width=0)
	        Index Cond: ((k >= 2672780) AND (k <= 2672880))

table 6 : explain SELECT k, c FROM sbtest6 WHERE k BETWEEN 2672780 AND 2672880
	Bitmap Heap Scan on sbtest6  (cost=5.45..397.68 rows=99 width=125)
	  Recheck Cond: ((k >= 2672780) AND (k <= 2672880))
	  ->  Bitmap Index Scan on k_6  (cost=0.00..5.42 rows=99 width=0)
	        Index Cond: ((k >= 2672780) AND (k <= 2672880))

table 7 : explain SELECT k, c FROM sbtest7 WHERE k BETWEEN 2672780 AND 2672880
	Bitmap Heap Scan on sbtest7  (cost=5.52..425.49 rows=106 width=125)
	  Recheck Cond: ((k >= 2672780) AND (k <= 2672880))
	  ->  Bitmap Index Scan on k_7  (cost=0.00..5.50 rows=106 width=0)
	        Index Cond: ((k >= 2672780) AND (k <= 2672880))

table 8 : explain SELECT k, c FROM sbtest8 WHERE k BETWEEN 2672780 AND 2672880
	Bitmap Heap Scan on sbtest8  (cost=5.54..433.32 rows=108 width=125)
	  Recheck Cond: ((k >= 2672780) AND (k <= 2672880))
	  ->  Bitmap Index Scan on k_8  (cost=0.00..5.51 rows=108 width=0)
	        Index Cond: ((k >= 2672780) AND (k <= 2672880))

explain: for range-notcovered :: explain SELECT k, c FROM sbtest%d WHERE k BETWEEN 406143 AND 406243
explain: for range-notcovered :: explain SELECT k, c FROM sbtest%d WHERE k BETWEEN 8328877 AND 8328977
explain: for range-notcovered :: explain SELECT k, c FROM sbtest%d WHERE k BETWEEN 2672780 AND 2672880
for range-notcovered
table 1 : explain SELECT k, c FROM sbtest1 WHERE k BETWEEN 2537438 AND 2537538
	Bitmap Heap Scan on sbtest1  (cost=5.50..417.43 rows=104 width=125)
	  Recheck Cond: ((k >= 2537438) AND (k <= 2537538))
	  ->  Bitmap Index Scan on k_1  (cost=0.00..5.47 rows=104 width=0)
	        Index Cond: ((k >= 2537438) AND (k <= 2537538))

table 2 : explain SELECT k, c FROM sbtest2 WHERE k BETWEEN 2537438 AND 2537538
	Bitmap Heap Scan on sbtest2  (cost=5.48..409.51 rows=102 width=125)
	  Recheck Cond: ((k >= 2537438) AND (k <= 2537538))
	  ->  Bitmap Index Scan on k_2  (cost=0.00..5.45 rows=102 width=0)
	        Index Cond: ((k >= 2537438) AND (k <= 2537538))

table 3 : explain SELECT k, c FROM sbtest3 WHERE k BETWEEN 2537438 AND 2537538
	Bitmap Heap Scan on sbtest3  (cost=5.50..417.49 rows=104 width=125)
	  Recheck Cond: ((k >= 2537438) AND (k <= 2537538))
	  ->  Bitmap Index Scan on k_3  (cost=0.00..5.47 rows=104 width=0)
	        Index Cond: ((k >= 2537438) AND (k <= 2537538))

table 4 : explain SELECT k, c FROM sbtest4 WHERE k BETWEEN 2537438 AND 2537538
	Bitmap Heap Scan on sbtest4  (cost=5.42..385.99 rows=96 width=125)
	  Recheck Cond: ((k >= 2537438) AND (k <= 2537538))
	  ->  Bitmap Index Scan on k_4  (cost=0.00..5.39 rows=96 width=0)
	        Index Cond: ((k >= 2537438) AND (k <= 2537538))

table 5 : explain SELECT k, c FROM sbtest5 WHERE k BETWEEN 2537438 AND 2537538
	Bitmap Heap Scan on sbtest5  (cost=5.50..417.31 rows=104 width=125)
	  Recheck Cond: ((k >= 2537438) AND (k <= 2537538))
	  ->  Bitmap Index Scan on k_5  (cost=0.00..5.47 rows=104 width=0)
	        Index Cond: ((k >= 2537438) AND (k <= 2537538))

table 6 : explain SELECT k, c FROM sbtest6 WHERE k BETWEEN 2537438 AND 2537538
	Bitmap Heap Scan on sbtest6  (cost=5.45..397.68 rows=99 width=125)
	  Recheck Cond: ((k >= 2537438) AND (k <= 2537538))
	  ->  Bitmap Index Scan on k_6  (cost=0.00..5.42 rows=99 width=0)
	        Index Cond: ((k >= 2537438) AND (k <= 2537538))

table 7 : explain SELECT k, c FROM sbtest7 WHERE k BETWEEN 2537438 AND 2537538
	Bitmap Heap Scan on sbtest7  (cost=5.47..405.76 rows=101 width=125)
	  Recheck Cond: ((k >= 2537438) AND (k <= 2537538))
	  ->  Bitmap Index Scan on k_7  (cost=0.00..5.44 rows=101 width=0)
	        Index Cond: ((k >= 2537438) AND (k <= 2537538))

table 8 : explain SELECT k, c FROM sbtest8 WHERE k BETWEEN 2537438 AND 2537538
	Bitmap Heap Scan on sbtest8  (cost=5.45..397.81 rows=99 width=125)
	  Recheck Cond: ((k >= 2537438) AND (k <= 2537538))
	  ->  Bitmap Index Scan on k_8  (cost=0.00..5.42 rows=99 width=0)
	        Index Cond: ((k >= 2537438) AND (k <= 2537538))

explain: for range-notcovered :: explain SELECT k, c FROM sbtest%d WHERE k BETWEEN 2537438 AND 2537538
for range-notcovered
table 1 : explain SELECT k, c FROM sbtest1 WHERE k BETWEEN 4244231 AND 4244331
	Bitmap Heap Scan on sbtest1  (cost=5.45..397.70 rows=99 width=125)
	  Recheck Cond: ((k >= 4244231) AND (k <= 4244331))
	  ->  Bitmap Index Scan on k_1  (cost=0.00..5.42 rows=99 width=0)
	        Index Cond: ((k >= 4244231) AND (k <= 4244331))

table 2 : explain SELECT k, c FROM sbtest2 WHERE k BETWEEN 4244231 AND 4244331
	Bitmap Heap Scan on sbtest2  (cost=5.58..448.93 rows=112 width=125)
	  Recheck Cond: ((k >= 4244231) AND (k <= 4244331))
	  ->  Bitmap Index Scan on k_2  (cost=0.00..5.55 rows=112 width=0)
	        Index Cond: ((k >= 4244231) AND (k <= 4244331))

table 3 : explain SELECT k, c FROM sbtest3 WHERE k BETWEEN 4244231 AND 4244331
	Bitmap Heap Scan on sbtest3  (cost=5.40..378.02 rows=94 width=125)
	  Recheck Cond: ((k >= 4244231) AND (k <= 4244331))
	  ->  Bitmap Index Scan on k_3  (cost=0.00..5.38 rows=94 width=0)
	        Index Cond: ((k >= 4244231) AND (k <= 4244331))

table 4 : explain SELECT k, c FROM sbtest4 WHERE k BETWEEN 4244231 AND 4244331
	Bitmap Heap Scan on sbtest4  (cost=5.48..409.68 rows=102 width=125)
	  Recheck Cond: ((k >= 4244231) AND (k <= 4244331))
	  ->  Bitmap Index Scan on k_4  (cost=0.00..5.45 rows=102 width=0)
	        Index Cond: ((k >= 4244231) AND (k <= 4244331))

table 5 : explain SELECT k, c FROM sbtest5 WHERE k BETWEEN 4244231 AND 4244331
	Bitmap Heap Scan on sbtest5  (cost=5.58..448.84 rows=112 width=125)
	  Recheck Cond: ((k >= 4244231) AND (k <= 4244331))
	  ->  Bitmap Index Scan on k_5  (cost=0.00..5.55 rows=112 width=0)
	        Index Cond: ((k >= 4244231) AND (k <= 4244331))

table 6 : explain SELECT k, c FROM sbtest6 WHERE k BETWEEN 4244231 AND 4244331
	Bitmap Heap Scan on sbtest6  (cost=5.50..417.41 rows=104 width=125)
	  Recheck Cond: ((k >= 4244231) AND (k <= 4244331))
	  ->  Bitmap Index Scan on k_6  (cost=0.00..5.47 rows=104 width=0)
	        Index Cond: ((k >= 4244231) AND (k <= 4244331))

table 7 : explain SELECT k, c FROM sbtest7 WHERE k BETWEEN 4244231 AND 4244331
	Bitmap Heap Scan on sbtest7  (cost=5.45..397.86 rows=99 width=125)
	  Recheck Cond: ((k >= 4244231) AND (k <= 4244331))
	  ->  Bitmap Index Scan on k_7  (cost=0.00..5.42 rows=99 width=0)
	        Index Cond: ((k >= 4244231) AND (k <= 4244331))

table 8 : explain SELECT k, c FROM sbtest8 WHERE k BETWEEN 4244231 AND 4244331
	Bitmap Heap Scan on sbtest8  (cost=5.40..378.07 rows=94 width=125)
	  Recheck Cond: ((k >= 4244231) AND (k <= 4244331))
	  ->  Bitmap Index Scan on k_8  (cost=0.00..5.38 rows=94 width=0)
	        Index Cond: ((k >= 4244231) AND (k <= 4244331))

for range-notcovered
table 1 : explain SELECT k, c FROM sbtest1 WHERE k BETWEEN 3055672 AND 3055772
	Bitmap Heap Scan on sbtest1  (cost=5.58..448.96 rows=112 width=125)
	  Recheck Cond: ((k >= 3055672) AND (k <= 3055772))
	  ->  Bitmap Index Scan on k_1  (cost=0.00..5.55 rows=112 width=0)
	        Index Cond: ((k >= 3055672) AND (k <= 3055772))

table 2 : explain SELECT k, c FROM sbtest2 WHERE k BETWEEN 3055672 AND 3055772
	Bitmap Heap Scan on sbtest2  (cost=5.52..425.28 rows=106 width=125)
	  Recheck Cond: ((k >= 3055672) AND (k <= 3055772))
	  ->  Bitmap Index Scan on k_2  (cost=0.00..5.50 rows=106 width=0)
	        Index Cond: ((k >= 3055672) AND (k <= 3055772))

table 3 : explain SELECT k, c FROM sbtest3 WHERE k BETWEEN 3055672 AND 3055772
	Bitmap Heap Scan on sbtest3  (cost=5.57..445.09 rows=111 width=125)
	  Recheck Cond: ((k >= 3055672) AND (k <= 3055772))
	  ->  Bitmap Index Scan on k_3  (cost=0.00..5.54 rows=111 width=0)
	        Index Cond: ((k >= 3055672) AND (k <= 3055772))

table 4 : explain SELECT k, c FROM sbtest4 WHERE k BETWEEN 3055672 AND 3055772
	Bitmap Heap Scan on sbtest4  (cost=5.54..433.36 rows=108 width=125)
	  Recheck Cond: ((k >= 3055672) AND (k <= 3055772))
	  ->  Bitmap Index Scan on k_4  (cost=0.00..5.51 rows=108 width=0)
	        Index Cond: ((k >= 3055672) AND (k <= 3055772))

table 5 : explain SELECT k, c FROM sbtest5 WHERE k BETWEEN 3055672 AND 3055772
	Bitmap Heap Scan on sbtest5  (cost=5.50..417.31 rows=104 width=125)
	  Recheck Cond: ((k >= 3055672) AND (k <= 3055772))
	  ->  Bitmap Index Scan on k_5  (cost=0.00..5.47 rows=104 width=0)
	        Index Cond: ((k >= 3055672) AND (k <= 3055772))

table 6 : explain SELECT k, c FROM sbtest6 WHERE k BETWEEN 3055672 AND 3055772
	Bitmap Heap Scan on sbtest6  (cost=5.58..448.94 rows=112 width=125)
	  Recheck Cond: ((k >= 3055672) AND (k <= 3055772))
	  ->  Bitmap Index Scan on k_6  (cost=0.00..5.55 rows=112 width=0)
	        Index Cond: ((k >= 3055672) AND (k <= 3055772))

table 7 : explain SELECT k, c FROM sbtest7 WHERE k BETWEEN 3055672 AND 3055772
	Bitmap Heap Scan on sbtest7  (cost=5.49..413.65 rows=103 width=125)
	  Recheck Cond: ((k >= 3055672) AND (k <= 3055772))
	  ->  Bitmap Index Scan on k_7  (cost=0.00..5.46 rows=103 width=0)
	        Index Cond: ((k >= 3055672) AND (k <= 3055772))

table 8 : explain SELECT k, c FROM sbtest8 WHERE k BETWEEN 3055672 AND 3055772
	Bitmap Heap Scan on sbtest8  (cost=5.49..413.60 rows=103 width=125)
	  Recheck Cond: ((k >= 3055672) AND (k <= 3055772))
	  ->  Bitmap Index Scan on k_8  (cost=0.00..5.46 rows=103 width=0)
	        Index Cond: ((k >= 3055672) AND (k <= 3055772))

for range-notcovered
table 1 : explain SELECT k, c FROM sbtest1 WHERE k BETWEEN 3884400 AND 3884500
	Bitmap Heap Scan on sbtest1  (cost=5.53..429.26 rows=107 width=125)
	  Recheck Cond: ((k >= 3884400) AND (k <= 3884500))
	  ->  Bitmap Index Scan on k_1  (cost=0.00..5.50 rows=107 width=0)
	        Index Cond: ((k >= 3884400) AND (k <= 3884500))

table 2 : explain SELECT k, c FROM sbtest2 WHERE k BETWEEN 3884400 AND 3884500
	Bitmap Heap Scan on sbtest2  (cost=5.50..417.39 rows=104 width=125)
	  Recheck Cond: ((k >= 3884400) AND (k <= 3884500))
	  ->  Bitmap Index Scan on k_2  (cost=0.00..5.47 rows=104 width=0)
	        Index Cond: ((k >= 3884400) AND (k <= 3884500))

table 3 : explain SELECT k, c FROM sbtest3 WHERE k BETWEEN 3884400 AND 3884500
	Bitmap Heap Scan on sbtest3  (cost=5.54..433.26 rows=108 width=125)
	  Recheck Cond: ((k >= 3884400) AND (k <= 3884500))
	  ->  Bitmap Index Scan on k_3  (cost=0.00..5.51 rows=108 width=0)
	        Index Cond: ((k >= 3884400) AND (k <= 3884500))

table 4 : explain SELECT k, c FROM sbtest4 WHERE k BETWEEN 3884400 AND 3884500
	Bitmap Heap Scan on sbtest4  (cost=5.57..445.19 rows=111 width=125)
	  Recheck Cond: ((k >= 3884400) AND (k <= 3884500))
	  ->  Bitmap Index Scan on k_4  (cost=0.00..5.54 rows=111 width=0)
	        Index Cond: ((k >= 3884400) AND (k <= 3884500))

table 5 : explain SELECT k, c FROM sbtest5 WHERE k BETWEEN 3884400 AND 3884500
	Bitmap Heap Scan on sbtest5  (cost=5.36..362.08 rows=90 width=125)
	  Recheck Cond: ((k >= 3884400) AND (k <= 3884500))
	  ->  Bitmap Index Scan on k_5  (cost=0.00..5.33 rows=90 width=0)
	        Index Cond: ((k >= 3884400) AND (k <= 3884500))

table 6 : explain SELECT k, c FROM sbtest6 WHERE k BETWEEN 3884400 AND 3884500
	Bitmap Heap Scan on sbtest6  (cost=5.59..452.88 rows=113 width=125)
	  Recheck Cond: ((k >= 3884400) AND (k <= 3884500))
	  ->  Bitmap Index Scan on k_6  (cost=0.00..5.56 rows=113 width=0)
	        Index Cond: ((k >= 3884400) AND (k <= 3884500))

table 7 : explain SELECT k, c FROM sbtest7 WHERE k BETWEEN 3884400 AND 3884500
	Bitmap Heap Scan on sbtest7  (cost=5.53..429.44 rows=107 width=125)
	  Recheck Cond: ((k >= 3884400) AND (k <= 3884500))
	  ->  Bitmap Index Scan on k_7  (cost=0.00..5.50 rows=107 width=0)
	        Index Cond: ((k >= 3884400) AND (k <= 3884500))

table 8 : explain SELECT k, c FROM sbtest8 WHERE k BETWEEN 3884400 AND 3884500
	Bitmap Heap Scan on sbtest8  (cost=5.45..397.81 rows=99 width=125)
	  Recheck Cond: ((k >= 3884400) AND (k <= 3884500))
	  ->  Bitmap Index Scan on k_8  (cost=0.00..5.42 rows=99 width=0)
	        Index Cond: ((k >= 3884400) AND (k <= 3884500))

for range-notcovered
table 1 : explain SELECT k, c FROM sbtest1 WHERE k BETWEEN 8328877 AND 8328977
	Bitmap Heap Scan on sbtest1  (cost=5.50..417.43 rows=104 width=125)
	  Recheck Cond: ((k >= 8328877) AND (k <= 8328977))
	  ->  Bitmap Index Scan on k_1  (cost=0.00..5.47 rows=104 width=0)
	        Index Cond: ((k >= 8328877) AND (k <= 8328977))

table 2 : explain SELECT k, c FROM sbtest2 WHERE k BETWEEN 8328877 AND 8328977
	Bitmap Heap Scan on sbtest2  (cost=5.47..405.56 rows=101 width=125)
	  Recheck Cond: ((k >= 8328877) AND (k <= 8328977))
	  ->  Bitmap Index Scan on k_2  (cost=0.00..5.44 rows=101 width=0)
	        Index Cond: ((k >= 8328877) AND (k <= 8328977))

table 3 : explain SELECT k, c FROM sbtest3 WHERE k BETWEEN 8328877 AND 8328977
	Bitmap Heap Scan on sbtest3  (cost=5.39..374.07 rows=93 width=125)
	  Recheck Cond: ((k >= 8328877) AND (k <= 8328977))
	  ->  Bitmap Index Scan on k_3  (cost=0.00..5.36 rows=93 width=0)
	        Index Cond: ((k >= 8328877) AND (k <= 8328977))

table 4 : explain SELECT k, c FROM sbtest4 WHERE k BETWEEN 8328877 AND 8328977
	Bitmap Heap Scan on sbtest4  (cost=5.46..401.79 rows=100 width=125)
	  Recheck Cond: ((k >= 8328877) AND (k <= 8328977))
	  ->  Bitmap Index Scan on k_4  (cost=0.00..5.43 rows=100 width=0)
	        Index Cond: ((k >= 8328877) AND (k <= 8328977))

table 5 : explain SELECT k, c FROM sbtest5 WHERE k BETWEEN 8328877 AND 8328977
	Bitmap Heap Scan on sbtest5  (cost=5.47..405.48 rows=101 width=125)
	  Recheck Cond: ((k >= 8328877) AND (k <= 8328977))
	  ->  Bitmap Index Scan on k_5  (cost=0.00..5.44 rows=101 width=0)
	        Index Cond: ((k >= 8328877) AND (k <= 8328977))

table 6 : explain SELECT k, c FROM sbtest6 WHERE k BETWEEN 8328877 AND 8328977
	Bitmap Heap Scan on sbtest6  (cost=5.53..429.23 rows=107 width=125)
	  Recheck Cond: ((k >= 8328877) AND (k <= 8328977))
	  ->  Bitmap Index Scan on k_6  (cost=0.00..5.50 rows=107 width=0)
	        Index Cond: ((k >= 8328877) AND (k <= 8328977))

table 7 : explain SELECT k, c FROM sbtest7 WHERE k BETWEEN 8328877 AND 8328977
	Bitmap Heap Scan on sbtest7  (cost=5.42..386.01 rows=96 width=125)
	  Recheck Cond: ((k >= 8328877) AND (k <= 8328977))
	  ->  Bitmap Index Scan on k_7  (cost=0.00..5.39 rows=96 width=0)
	        Index Cond: ((k >= 8328877) AND (k <= 8328977))

table 8 : explain SELECT k, c FROM sbtest8 WHERE k BETWEEN 8328877 AND 8328977
	Bitmap Heap Scan on sbtest8  (cost=5.43..389.91 rows=97 width=125)
	  Recheck Cond: ((k >= 8328877) AND (k <= 8328977))
	  ->  Bitmap Index Scan on k_8  (cost=0.00..5.40 rows=97 width=0)
	        Index Cond: ((k >= 8328877) AND (k <= 8328977))

explain: for range-notcovered :: explain SELECT k, c FROM sbtest%d WHERE k BETWEEN 8328877 AND 8328977
for range-notcovered
table 1 : explain SELECT k, c FROM sbtest1 WHERE k BETWEEN 6715060 AND 6715160
	Bitmap Heap Scan on sbtest1  (cost=5.43..389.81 rows=97 width=125)
	  Recheck Cond: ((k >= 6715060) AND (k <= 6715160))
	  ->  Bitmap Index Scan on k_1  (cost=0.00..5.40 rows=97 width=0)
	        Index Cond: ((k >= 6715060) AND (k <= 6715160))

table 2 : explain SELECT k, c FROM sbtest2 WHERE k BETWEEN 6715060 AND 6715160
	Bitmap Heap Scan on sbtest2  (cost=5.52..425.28 rows=106 width=125)
	  Recheck Cond: ((k >= 6715060) AND (k <= 6715160))
	  ->  Bitmap Index Scan on k_2  (cost=0.00..5.50 rows=106 width=0)
	        Index Cond: ((k >= 6715060) AND (k <= 6715160))

table 3 : explain SELECT k, c FROM sbtest3 WHERE k BETWEEN 6715060 AND 6715160
	Bitmap Heap Scan on sbtest3  (cost=5.55..437.20 rows=109 width=125)
	  Recheck Cond: ((k >= 6715060) AND (k <= 6715160))
	  ->  Bitmap Index Scan on k_3  (cost=0.00..5.52 rows=109 width=0)
	        Index Cond: ((k >= 6715060) AND (k <= 6715160))

table 4 : explain SELECT k, c FROM sbtest4 WHERE k BETWEEN 6715060 AND 6715160
	Bitmap Heap Scan on sbtest4  (cost=5.44..393.89 rows=98 width=125)
	  Recheck Cond: ((k >= 6715060) AND (k <= 6715160))
	  ->  Bitmap Index Scan on k_4  (cost=0.00..5.42 rows=98 width=0)
	        Index Cond: ((k >= 6715060) AND (k <= 6715160))

table 5 : explain SELECT k, c FROM sbtest5 WHERE k BETWEEN 6715060 AND 6715160
	Bitmap Heap Scan on sbtest5  (cost=5.44..393.65 rows=98 width=125)
	  Recheck Cond: ((k >= 6715060) AND (k <= 6715160))
	  ->  Bitmap Index Scan on k_5  (cost=0.00..5.42 rows=98 width=0)
	        Index Cond: ((k >= 6715060) AND (k <= 6715160))

table 6 : explain SELECT k, c FROM sbtest6 WHERE k BETWEEN 6715060 AND 6715160
	Bitmap Heap Scan on sbtest6  (cost=5.49..413.46 rows=103 width=125)
	  Recheck Cond: ((k >= 6715060) AND (k <= 6715160))
	  ->  Bitmap Index Scan on k_6  (cost=0.00..5.46 rows=103 width=0)
	        Index Cond: ((k >= 6715060) AND (k <= 6715160))

table 7 : explain SELECT k, c FROM sbtest7 WHERE k BETWEEN 6715060 AND 6715160
	Bitmap Heap Scan on sbtest7  (cost=5.50..417.60 rows=104 width=125)
	  Recheck Cond: ((k >= 6715060) AND (k <= 6715160))
	  ->  Bitmap Index Scan on k_7  (cost=0.00..5.47 rows=104 width=0)
	        Index Cond: ((k >= 6715060) AND (k <= 6715160))

table 8 : explain SELECT k, c FROM sbtest8 WHERE k BETWEEN 6715060 AND 6715160
	Bitmap Heap Scan on sbtest8  (cost=5.56..441.21 rows=110 width=125)
	  Recheck Cond: ((k >= 6715060) AND (k <= 6715160))
	  ->  Bitmap Index Scan on k_8  (cost=0.00..5.53 rows=110 width=0)
	        Index Cond: ((k >= 6715060) AND (k <= 6715160))

explain: for range-notcovered :: explain SELECT k, c FROM sbtest%d WHERE k BETWEEN 3055672 AND 3055772
for range-notcovered
table 1 : explain SELECT k, c FROM sbtest1 WHERE k BETWEEN 406143 AND 406243
	Bitmap Heap Scan on sbtest1  (cost=5.44..393.75 rows=98 width=125)
	  Recheck Cond: ((k >= 406143) AND (k <= 406243))
	  ->  Bitmap Index Scan on k_1  (cost=0.00..5.42 rows=98 width=0)
	        Index Cond: ((k >= 406143) AND (k <= 406243))

table 2 : explain SELECT k, c FROM sbtest2 WHERE k BETWEEN 406143 AND 406243
	Bitmap Heap Scan on sbtest2  (cost=5.46..401.62 rows=100 width=125)
	  Recheck Cond: ((k >= 406143) AND (k <= 406243))
	  ->  Bitmap Index Scan on k_2  (cost=0.00..5.43 rows=100 width=0)
	        Index Cond: ((k >= 406143) AND (k <= 406243))

table 3 : explain SELECT k, c FROM sbtest3 WHERE k BETWEEN 406143 AND 406243
	Bitmap Heap Scan on sbtest3  (cost=5.48..409.59 rows=102 width=125)
	  Recheck Cond: ((k >= 406143) AND (k <= 406243))
	  ->  Bitmap Index Scan on k_3  (cost=0.00..5.45 rows=102 width=0)
	        Index Cond: ((k >= 406143) AND (k <= 406243))

table 4 : explain SELECT k, c FROM sbtest4 WHERE k BETWEEN 406143 AND 406243
	Bitmap Heap Scan on sbtest4  (cost=5.41..382.05 rows=95 width=125)
	  Recheck Cond: ((k >= 406143) AND (k <= 406243))
	  ->  Bitmap Index Scan on k_4  (cost=0.00..5.38 rows=95 width=0)
	        Index Cond: ((k >= 406143) AND (k <= 406243))

table 5 : explain SELECT k, c FROM sbtest5 WHERE k BETWEEN 406143 AND 406243
	Bitmap Heap Scan on sbtest5  (cost=5.47..405.48 rows=101 width=125)
	  Recheck Cond: ((k >= 406143) AND (k <= 406243))
	  ->  Bitmap Index Scan on k_5  (cost=0.00..5.44 rows=101 width=0)
	        Index Cond: ((k >= 406143) AND (k <= 406243))

table 6 : explain SELECT k, c FROM sbtest6 WHERE k BETWEEN 406143 AND 406243
	Bitmap Heap Scan on sbtest6  (cost=5.48..409.52 rows=102 width=125)
	  Recheck Cond: ((k >= 406143) AND (k <= 406243))
	  ->  Bitmap Index Scan on k_6  (cost=0.00..5.45 rows=102 width=0)
	        Index Cond: ((k >= 406143) AND (k <= 406243))

table 7 : explain SELECT k, c FROM sbtest7 WHERE k BETWEEN 406143 AND 406243
	Bitmap Heap Scan on sbtest7  (cost=5.51..421.54 rows=105 width=125)
	  Recheck Cond: ((k >= 406143) AND (k <= 406243))
	  ->  Bitmap Index Scan on k_7  (cost=0.00..5.48 rows=105 width=0)
	        Index Cond: ((k >= 406143) AND (k <= 406243))

table 8 : explain SELECT k, c FROM sbtest8 WHERE k BETWEEN 406143 AND 406243
	Bitmap Heap Scan on sbtest8  (cost=5.48..409.65 rows=102 width=125)
	  Recheck Cond: ((k >= 406143) AND (k <= 406243))
	  ->  Bitmap Index Scan on k_8  (cost=0.00..5.45 rows=102 width=0)
	        Index Cond: ((k >= 406143) AND (k <= 406243))

for range-notcovered
table 1 : explain SELECT k, c FROM sbtest1 WHERE k BETWEEN 4678691 AND 4678791
	Bitmap Heap Scan on sbtest1  (cost=5.52..425.31 rows=106 width=125)
	  Recheck Cond: ((k >= 4678691) AND (k <= 4678791))
	  ->  Bitmap Index Scan on k_1  (cost=0.00..5.50 rows=106 width=0)
	        Index Cond: ((k >= 4678691) AND (k <= 4678791))

table 2 : explain SELECT k, c FROM sbtest2 WHERE k BETWEEN 4678691 AND 4678791
	Bitmap Heap Scan on sbtest2  (cost=5.46..401.62 rows=100 width=125)
	  Recheck Cond: ((k >= 4678691) AND (k <= 4678791))
	  ->  Bitmap Index Scan on k_2  (cost=0.00..5.43 rows=100 width=0)
	        Index Cond: ((k >= 4678691) AND (k <= 4678791))

table 3 : explain SELECT k, c FROM sbtest3 WHERE k BETWEEN 4678691 AND 4678791
	Bitmap Heap Scan on sbtest3  (cost=5.59..452.97 rows=113 width=125)
	  Recheck Cond: ((k >= 4678691) AND (k <= 4678791))
	  ->  Bitmap Index Scan on k_3  (cost=0.00..5.56 rows=113 width=0)
	        Index Cond: ((k >= 4678691) AND (k <= 4678791))

table 4 : explain SELECT k, c FROM sbtest4 WHERE k BETWEEN 4678691 AND 4678791
	Bitmap Heap Scan on sbtest4  (cost=5.54..433.36 rows=108 width=125)
	  Recheck Cond: ((k >= 4678691) AND (k <= 4678791))
	  ->  Bitmap Index Scan on k_4  (cost=0.00..5.51 rows=108 width=0)
	        Index Cond: ((k >= 4678691) AND (k <= 4678791))

table 5 : explain SELECT k, c FROM sbtest5 WHERE k BETWEEN 4678691 AND 4678791
	Bitmap Heap Scan on sbtest5  (cost=5.50..417.31 rows=104 width=125)
	  Recheck Cond: ((k >= 4678691) AND (k <= 4678791))
	  ->  Bitmap Index Scan on k_5  (cost=0.00..5.47 rows=104 width=0)
	        Index Cond: ((k >= 4678691) AND (k <= 4678791))

table 6 : explain SELECT k, c FROM sbtest6 WHERE k BETWEEN 4678691 AND 4678791
	Bitmap Heap Scan on sbtest6  (cost=5.61..460.76 rows=115 width=125)
	  Recheck Cond: ((k >= 4678691) AND (k <= 4678791))
	  ->  Bitmap Index Scan on k_6  (cost=0.00..5.58 rows=115 width=0)
	        Index Cond: ((k >= 4678691) AND (k <= 4678791))

table 7 : explain SELECT k, c FROM sbtest7 WHERE k BETWEEN 4678691 AND 4678791
	Bitmap Heap Scan on sbtest7  (cost=5.51..421.54 rows=105 width=125)
	  Recheck Cond: ((k >= 4678691) AND (k <= 4678791))
	  ->  Bitmap Index Scan on k_7  (cost=0.00..5.48 rows=105 width=0)
	        Index Cond: ((k >= 4678691) AND (k <= 4678791))

table 8 : explain SELECT k, c FROM sbtest8 WHERE k BETWEEN 4678691 AND 4678791
	Bitmap Heap Scan on sbtest8  (cost=5.51..421.49 rows=105 width=125)
	  Recheck Cond: ((k >= 4678691) AND (k <= 4678791))
	  ->  Bitmap Index Scan on k_8  (cost=0.00..5.48 rows=105 width=0)
	        Index Cond: ((k >= 4678691) AND (k <= 4678791))

for range-notcovered
table 1 : explain SELECT k, c FROM sbtest1 WHERE k BETWEEN 2672780 AND 2672880
	Bitmap Heap Scan on sbtest1  (cost=5.49..413.48 rows=103 width=125)
	  Recheck Cond: ((k >= 2672780) AND (k <= 2672880))
	  ->  Bitmap Index Scan on k_1  (cost=0.00..5.46 rows=103 width=0)
	        Index Cond: ((k >= 2672780) AND (k <= 2672880))

table 2 : explain SELECT k, c FROM sbtest2 WHERE k BETWEEN 2672780 AND 2672880
	Bitmap Heap Scan on sbtest2  (cost=5.48..409.51 rows=102 width=125)
	  Recheck Cond: ((k >= 2672780) AND (k <= 2672880))
	  ->  Bitmap Index Scan on k_2  (cost=0.00..5.45 rows=102 width=0)
	        Index Cond: ((k >= 2672780) AND (k <= 2672880))

table 3 : explain SELECT k, c FROM sbtest3 WHERE k BETWEEN 2672780 AND 2672880
	Bitmap Heap Scan on sbtest3  (cost=5.45..397.76 rows=99 width=125)
	  Recheck Cond: ((k >= 2672780) AND (k <= 2672880))
	  ->  Bitmap Index Scan on k_3  (cost=0.00..5.42 rows=99 width=0)
	        Index Cond: ((k >= 2672780) AND (k <= 2672880))

table 4 : explain SELECT k, c FROM sbtest4 WHERE k BETWEEN 2672780 AND 2672880
	Bitmap Heap Scan on sbtest4  (cost=5.50..417.58 rows=104 width=125)
	  Recheck Cond: ((k >= 2672780) AND (k <= 2672880))
	  ->  Bitmap Index Scan on k_4  (cost=0.00..5.47 rows=104 width=0)
	        Index Cond: ((k >= 2672780) AND (k <= 2672880))

table 5 : explain SELECT k, c FROM sbtest5 WHERE k BETWEEN 2672780 AND 2672880
	Bitmap Heap Scan on sbtest5  (cost=5.40..377.87 rows=94 width=125)
	  Recheck Cond: ((k >= 2672780) AND (k <= 2672880))
	  ->  Bitmap Index Scan on k_5  (cost=0.00..5.38 rows=94 width=0)
	        Index Cond: ((k >= 2672780) AND (k <= 2672880))

table 6 : explain SELECT k, c FROM sbtest6 WHERE k BETWEEN 2672780 AND 2672880
	Bitmap Heap Scan on sbtest6  (cost=5.45..397.68 rows=99 width=125)
	  Recheck Cond: ((k >= 2672780) AND (k <= 2672880))
	  ->  Bitmap Index Scan on k_6  (cost=0.00..5.42 rows=99 width=0)
	        Index Cond: ((k >= 2672780) AND (k <= 2672880))

table 7 : explain SELECT k, c FROM sbtest7 WHERE k BETWEEN 2672780 AND 2672880
	Bitmap Heap Scan on sbtest7  (cost=5.52..425.49 rows=106 width=125)
	  Recheck Cond: ((k >= 2672780) AND (k <= 2672880))
	  ->  Bitmap Index Scan on k_7  (cost=0.00..5.50 rows=106 width=0)
	        Index Cond: ((k >= 2672780) AND (k <= 2672880))

table 8 : explain SELECT k, c FROM sbtest8 WHERE k BETWEEN 2672780 AND 2672880
	Bitmap Heap Scan on sbtest8  (cost=5.54..433.32 rows=108 width=125)
	  Recheck Cond: ((k >= 2672780) AND (k <= 2672880))
	  ->  Bitmap Index Scan on k_8  (cost=0.00..5.51 rows=108 width=0)
	        Index Cond: ((k >= 2672780) AND (k <= 2672880))

explain: for range-notcovered :: explain SELECT k, c FROM sbtest%d WHERE k BETWEEN 406143 AND 406243
for range-notcovered
table 1 : explain SELECT k, c FROM sbtest1 WHERE k BETWEEN 5605207 AND 5605307
	Bitmap Heap Scan on sbtest1  (cost=5.48..409.54 rows=102 width=125)
	  Recheck Cond: ((k >= 5605207) AND (k <= 5605307))
	  ->  Bitmap Index Scan on k_1  (cost=0.00..5.45 rows=102 width=0)
	        Index Cond: ((k >= 5605207) AND (k <= 5605307))

table 2 : explain SELECT k, c FROM sbtest2 WHERE k BETWEEN 5605207 AND 5605307
	Bitmap Heap Scan on sbtest2  (cost=5.52..425.28 rows=106 width=125)
	  Recheck Cond: ((k >= 5605207) AND (k <= 5605307))
	  ->  Bitmap Index Scan on k_2  (cost=0.00..5.50 rows=106 width=0)
	        Index Cond: ((k >= 5605207) AND (k <= 5605307))

table 3 : explain SELECT k, c FROM sbtest3 WHERE k BETWEEN 5605207 AND 5605307
	Bitmap Heap Scan on sbtest3  (cost=5.51..421.43 rows=105 width=125)
	  Recheck Cond: ((k >= 5605207) AND (k <= 5605307))
	  ->  Bitmap Index Scan on k_3  (cost=0.00..5.48 rows=105 width=0)
	        Index Cond: ((k >= 5605207) AND (k <= 5605307))

table 4 : explain SELECT k, c FROM sbtest4 WHERE k BETWEEN 5605207 AND 5605307
	Bitmap Heap Scan on sbtest4  (cost=5.49..413.63 rows=103 width=125)
	  Recheck Cond: ((k >= 5605207) AND (k <= 5605307))
	  ->  Bitmap Index Scan on k_4  (cost=0.00..5.46 rows=103 width=0)
	        Index Cond: ((k >= 5605207) AND (k <= 5605307))

table 5 : explain SELECT k, c FROM sbtest5 WHERE k BETWEEN 5605207 AND 5605307
	Bitmap Heap Scan on sbtest5  (cost=5.54..433.08 rows=108 width=125)
	  Recheck Cond: ((k >= 5605207) AND (k <= 5605307))
	  ->  Bitmap Index Scan on k_5  (cost=0.00..5.51 rows=108 width=0)
	        Index Cond: ((k >= 5605207) AND (k <= 5605307))

table 6 : explain SELECT k, c FROM sbtest6 WHERE k BETWEEN 5605207 AND 5605307
	Bitmap Heap Scan on sbtest6  (cost=5.42..385.84 rows=96 width=125)
	  Recheck Cond: ((k >= 5605207) AND (k <= 5605307))
	  ->  Bitmap Index Scan on k_6  (cost=0.00..5.39 rows=96 width=0)
	        Index Cond: ((k >= 5605207) AND (k <= 5605307))

table 7 : explain SELECT k, c FROM sbtest7 WHERE k BETWEEN 5605207 AND 5605307
	Bitmap Heap Scan on sbtest7  (cost=5.46..401.81 rows=100 width=125)
	  Recheck Cond: ((k >= 5605207) AND (k <= 5605307))
	  ->  Bitmap Index Scan on k_7  (cost=0.00..5.43 rows=100 width=0)
	        Index Cond: ((k >= 5605207) AND (k <= 5605307))

table 8 : explain SELECT k, c FROM sbtest8 WHERE k BETWEEN 5605207 AND 5605307
	Bitmap Heap Scan on sbtest8  (cost=5.40..378.07 rows=94 width=125)
	  Recheck Cond: ((k >= 5605207) AND (k <= 5605307))
	  ->  Bitmap Index Scan on k_8  (cost=0.00..5.38 rows=94 width=0)
	        Index Cond: ((k >= 5605207) AND (k <= 5605307))

explain: for range-notcovered :: explain SELECT k, c FROM sbtest%d WHERE k BETWEEN 4678691 AND 4678791
explain: for range-notcovered :: explain SELECT k, c FROM sbtest%d WHERE k BETWEEN 2672780 AND 2672880
explain: for range-notcovered :: explain SELECT k, c FROM sbtest%d WHERE k BETWEEN 5605207 AND 5605307
explain: for range-notcovered :: explain SELECT k, c FROM sbtest%d WHERE k BETWEEN 4244231 AND 4244331
for range-notcovered
table 1 : explain SELECT k, c FROM sbtest1 WHERE k BETWEEN 2537438 AND 2537538
	Bitmap Heap Scan on sbtest1  (cost=5.50..417.43 rows=104 width=125)
	  Recheck Cond: ((k >= 2537438) AND (k <= 2537538))
	  ->  Bitmap Index Scan on k_1  (cost=0.00..5.47 rows=104 width=0)
	        Index Cond: ((k >= 2537438) AND (k <= 2537538))

table 2 : explain SELECT k, c FROM sbtest2 WHERE k BETWEEN 2537438 AND 2537538
	Bitmap Heap Scan on sbtest2  (cost=5.48..409.51 rows=102 width=125)
	  Recheck Cond: ((k >= 2537438) AND (k <= 2537538))
	  ->  Bitmap Index Scan on k_2  (cost=0.00..5.45 rows=102 width=0)
	        Index Cond: ((k >= 2537438) AND (k <= 2537538))

table 3 : explain SELECT k, c FROM sbtest3 WHERE k BETWEEN 2537438 AND 2537538
	Bitmap Heap Scan on sbtest3  (cost=5.50..417.49 rows=104 width=125)
	  Recheck Cond: ((k >= 2537438) AND (k <= 2537538))
	  ->  Bitmap Index Scan on k_3  (cost=0.00..5.47 rows=104 width=0)
	        Index Cond: ((k >= 2537438) AND (k <= 2537538))

table 4 : explain SELECT k, c FROM sbtest4 WHERE k BETWEEN 2537438 AND 2537538
	Bitmap Heap Scan on sbtest4  (cost=5.42..385.99 rows=96 width=125)
	  Recheck Cond: ((k >= 2537438) AND (k <= 2537538))
	  ->  Bitmap Index Scan on k_4  (cost=0.00..5.39 rows=96 width=0)
	        Index Cond: ((k >= 2537438) AND (k <= 2537538))

table 5 : explain SELECT k, c FROM sbtest5 WHERE k BETWEEN 2537438 AND 2537538
	Bitmap Heap Scan on sbtest5  (cost=5.50..417.31 rows=104 width=125)
	  Recheck Cond: ((k >= 2537438) AND (k <= 2537538))
	  ->  Bitmap Index Scan on k_5  (cost=0.00..5.47 rows=104 width=0)
	        Index Cond: ((k >= 2537438) AND (k <= 2537538))

table 6 : explain SELECT k, c FROM sbtest6 WHERE k BETWEEN 2537438 AND 2537538
	Bitmap Heap Scan on sbtest6  (cost=5.45..397.68 rows=99 width=125)
	  Recheck Cond: ((k >= 2537438) AND (k <= 2537538))
	  ->  Bitmap Index Scan on k_6  (cost=0.00..5.42 rows=99 width=0)
	        Index Cond: ((k >= 2537438) AND (k <= 2537538))

table 7 : explain SELECT k, c FROM sbtest7 WHERE k BETWEEN 2537438 AND 2537538
	Bitmap Heap Scan on sbtest7  (cost=5.47..405.76 rows=101 width=125)
	  Recheck Cond: ((k >= 2537438) AND (k <= 2537538))
	  ->  Bitmap Index Scan on k_7  (cost=0.00..5.44 rows=101 width=0)
	        Index Cond: ((k >= 2537438) AND (k <= 2537538))

table 8 : explain SELECT k, c FROM sbtest8 WHERE k BETWEEN 2537438 AND 2537538
	Bitmap Heap Scan on sbtest8  (cost=5.45..397.81 rows=99 width=125)
	  Recheck Cond: ((k >= 2537438) AND (k <= 2537538))
	  ->  Bitmap Index Scan on k_8  (cost=0.00..5.42 rows=99 width=0)
	        Index Cond: ((k >= 2537438) AND (k <= 2537538))

explain: for range-notcovered :: explain SELECT k, c FROM sbtest%d WHERE k BETWEEN 2537438 AND 2537538
explain: for range-notcovered :: explain SELECT k, c FROM sbtest%d WHERE k BETWEEN 4737451 AND 4737551
for range-notcovered
table 1 : explain SELECT k, c FROM sbtest1 WHERE k BETWEEN 8328877 AND 8328977
	Bitmap Heap Scan on sbtest1  (cost=5.50..417.43 rows=104 width=125)
	  Recheck Cond: ((k >= 8328877) AND (k <= 8328977))
	  ->  Bitmap Index Scan on k_1  (cost=0.00..5.47 rows=104 width=0)
	        Index Cond: ((k >= 8328877) AND (k <= 8328977))

table 2 : explain SELECT k, c FROM sbtest2 WHERE k BETWEEN 8328877 AND 8328977
	Bitmap Heap Scan on sbtest2  (cost=5.47..405.56 rows=101 width=125)
	  Recheck Cond: ((k >= 8328877) AND (k <= 8328977))
	  ->  Bitmap Index Scan on k_2  (cost=0.00..5.44 rows=101 width=0)
	        Index Cond: ((k >= 8328877) AND (k <= 8328977))

table 3 : explain SELECT k, c FROM sbtest3 WHERE k BETWEEN 8328877 AND 8328977
	Bitmap Heap Scan on sbtest3  (cost=5.39..374.07 rows=93 width=125)
	  Recheck Cond: ((k >= 8328877) AND (k <= 8328977))
	  ->  Bitmap Index Scan on k_3  (cost=0.00..5.36 rows=93 width=0)
	        Index Cond: ((k >= 8328877) AND (k <= 8328977))

table 4 : explain SELECT k, c FROM sbtest4 WHERE k BETWEEN 8328877 AND 8328977
	Bitmap Heap Scan on sbtest4  (cost=5.46..401.79 rows=100 width=125)
	  Recheck Cond: ((k >= 8328877) AND (k <= 8328977))
	  ->  Bitmap Index Scan on k_4  (cost=0.00..5.43 rows=100 width=0)
	        Index Cond: ((k >= 8328877) AND (k <= 8328977))

table 5 : explain SELECT k, c FROM sbtest5 WHERE k BETWEEN 8328877 AND 8328977
	Bitmap Heap Scan on sbtest5  (cost=5.47..405.48 rows=101 width=125)
	  Recheck Cond: ((k >= 8328877) AND (k <= 8328977))
	  ->  Bitmap Index Scan on k_5  (cost=0.00..5.44 rows=101 width=0)
	        Index Cond: ((k >= 8328877) AND (k <= 8328977))

table 6 : explain SELECT k, c FROM sbtest6 WHERE k BETWEEN 8328877 AND 8328977
	Bitmap Heap Scan on sbtest6  (cost=5.53..429.23 rows=107 width=125)
	  Recheck Cond: ((k >= 8328877) AND (k <= 8328977))
	  ->  Bitmap Index Scan on k_6  (cost=0.00..5.50 rows=107 width=0)
	        Index Cond: ((k >= 8328877) AND (k <= 8328977))

table 7 : explain SELECT k, c FROM sbtest7 WHERE k BETWEEN 8328877 AND 8328977
	Bitmap Heap Scan on sbtest7  (cost=5.42..386.01 rows=96 width=125)
	  Recheck Cond: ((k >= 8328877) AND (k <= 8328977))
	  ->  Bitmap Index Scan on k_7  (cost=0.00..5.39 rows=96 width=0)
	        Index Cond: ((k >= 8328877) AND (k <= 8328977))

table 8 : explain SELECT k, c FROM sbtest8 WHERE k BETWEEN 8328877 AND 8328977
	Bitmap Heap Scan on sbtest8  (cost=5.43..389.91 rows=97 width=125)
	  Recheck Cond: ((k >= 8328877) AND (k <= 8328977))
	  ->  Bitmap Index Scan on k_8  (cost=0.00..5.40 rows=97 width=0)
	        Index Cond: ((k >= 8328877) AND (k <= 8328977))

for range-notcovered
table 1 : explain SELECT k, c FROM sbtest1 WHERE k BETWEEN 3055672 AND 3055772
	Bitmap Heap Scan on sbtest1  (cost=5.58..448.96 rows=112 width=125)
	  Recheck Cond: ((k >= 3055672) AND (k <= 3055772))
	  ->  Bitmap Index Scan on k_1  (cost=0.00..5.55 rows=112 width=0)
	        Index Cond: ((k >= 3055672) AND (k <= 3055772))

table 2 : explain SELECT k, c FROM sbtest2 WHERE k BETWEEN 3055672 AND 3055772
	Bitmap Heap Scan on sbtest2  (cost=5.52..425.28 rows=106 width=125)
	  Recheck Cond: ((k >= 3055672) AND (k <= 3055772))
	  ->  Bitmap Index Scan on k_2  (cost=0.00..5.50 rows=106 width=0)
	        Index Cond: ((k >= 3055672) AND (k <= 3055772))

table 3 : explain SELECT k, c FROM sbtest3 WHERE k BETWEEN 3055672 AND 3055772
	Bitmap Heap Scan on sbtest3  (cost=5.57..445.09 rows=111 width=125)
	  Recheck Cond: ((k >= 3055672) AND (k <= 3055772))
	  ->  Bitmap Index Scan on k_3  (cost=0.00..5.54 rows=111 width=0)
	        Index Cond: ((k >= 3055672) AND (k <= 3055772))

table 4 : explain SELECT k, c FROM sbtest4 WHERE k BETWEEN 3055672 AND 3055772
	Bitmap Heap Scan on sbtest4  (cost=5.54..433.36 rows=108 width=125)
	  Recheck Cond: ((k >= 3055672) AND (k <= 3055772))
	  ->  Bitmap Index Scan on k_4  (cost=0.00..5.51 rows=108 width=0)
	        Index Cond: ((k >= 3055672) AND (k <= 3055772))

table 5 : explain SELECT k, c FROM sbtest5 WHERE k BETWEEN 3055672 AND 3055772
	Bitmap Heap Scan on sbtest5  (cost=5.50..417.31 rows=104 width=125)
	  Recheck Cond: ((k >= 3055672) AND (k <= 3055772))
	  ->  Bitmap Index Scan on k_5  (cost=0.00..5.47 rows=104 width=0)
	        Index Cond: ((k >= 3055672) AND (k <= 3055772))

table 6 : explain SELECT k, c FROM sbtest6 WHERE k BETWEEN 3055672 AND 3055772
	Bitmap Heap Scan on sbtest6  (cost=5.58..448.94 rows=112 width=125)
	  Recheck Cond: ((k >= 3055672) AND (k <= 3055772))
	  ->  Bitmap Index Scan on k_6  (cost=0.00..5.55 rows=112 width=0)
	        Index Cond: ((k >= 3055672) AND (k <= 3055772))

table 7 : explain SELECT k, c FROM sbtest7 WHERE k BETWEEN 3055672 AND 3055772
	Bitmap Heap Scan on sbtest7  (cost=5.49..413.65 rows=103 width=125)
	  Recheck Cond: ((k >= 3055672) AND (k <= 3055772))
	  ->  Bitmap Index Scan on k_7  (cost=0.00..5.46 rows=103 width=0)
	        Index Cond: ((k >= 3055672) AND (k <= 3055772))

table 8 : explain SELECT k, c FROM sbtest8 WHERE k BETWEEN 3055672 AND 3055772
	Bitmap Heap Scan on sbtest8  (cost=5.49..413.60 rows=103 width=125)
	  Recheck Cond: ((k >= 3055672) AND (k <= 3055772))
	  ->  Bitmap Index Scan on k_8  (cost=0.00..5.46 rows=103 width=0)
	        Index Cond: ((k >= 3055672) AND (k <= 3055772))

explain: for range-notcovered :: explain SELECT k, c FROM sbtest%d WHERE k BETWEEN 8328877 AND 8328977
explain: for range-notcovered :: explain SELECT k, c FROM sbtest%d WHERE k BETWEEN 3055672 AND 3055772
for range-notcovered
table 1 : explain SELECT k, c FROM sbtest1 WHERE k BETWEEN 2498134 AND 2498234
	Bitmap Heap Scan on sbtest1  (cost=5.50..417.43 rows=104 width=125)
	  Recheck Cond: ((k >= 2498134) AND (k <= 2498234))
	  ->  Bitmap Index Scan on k_1  (cost=0.00..5.47 rows=104 width=0)
	        Index Cond: ((k >= 2498134) AND (k <= 2498234))

table 2 : explain SELECT k, c FROM sbtest2 WHERE k BETWEEN 2498134 AND 2498234
	Bitmap Heap Scan on sbtest2  (cost=5.51..421.34 rows=105 width=125)
	  Recheck Cond: ((k >= 2498134) AND (k <= 2498234))
	  ->  Bitmap Index Scan on k_2  (cost=0.00..5.48 rows=105 width=0)
	        Index Cond: ((k >= 2498134) AND (k <= 2498234))

table 3 : explain SELECT k, c FROM sbtest3 WHERE k BETWEEN 2498134 AND 2498234
	Bitmap Heap Scan on sbtest3  (cost=5.53..429.32 rows=107 width=125)
	  Recheck Cond: ((k >= 2498134) AND (k <= 2498234))
	  ->  Bitmap Index Scan on k_3  (cost=0.00..5.50 rows=107 width=0)
	        Index Cond: ((k >= 2498134) AND (k <= 2498234))

table 4 : explain SELECT k, c FROM sbtest4 WHERE k BETWEEN 2498134 AND 2498234
	Bitmap Heap Scan on sbtest4  (cost=5.41..382.05 rows=95 width=125)
	  Recheck Cond: ((k >= 2498134) AND (k <= 2498234))
	  ->  Bitmap Index Scan on k_4  (cost=0.00..5.38 rows=95 width=0)
	        Index Cond: ((k >= 2498134) AND (k <= 2498234))

table 5 : explain SELECT k, c FROM sbtest5 WHERE k BETWEEN 2498134 AND 2498234
	Bitmap Heap Scan on sbtest5  (cost=5.50..417.31 rows=104 width=125)
	  Recheck Cond: ((k >= 2498134) AND (k <= 2498234))
	  ->  Bitmap Index Scan on k_5  (cost=0.00..5.47 rows=104 width=0)
	        Index Cond: ((k >= 2498134) AND (k <= 2498234))

table 6 : explain SELECT k, c FROM sbtest6 WHERE k BETWEEN 2498134 AND 2498234
	Bitmap Heap Scan on sbtest6  (cost=5.42..385.84 rows=96 width=125)
	  Recheck Cond: ((k >= 2498134) AND (k <= 2498234))
	  ->  Bitmap Index Scan on k_6  (cost=0.00..5.39 rows=96 width=0)
	        Index Cond: ((k >= 2498134) AND (k <= 2498234))

table 7 : explain SELECT k, c FROM sbtest7 WHERE k BETWEEN 2498134 AND 2498234
	Bitmap Heap Scan on sbtest7  (cost=5.58..449.16 rows=112 width=125)
	  Recheck Cond: ((k >= 2498134) AND (k <= 2498234))
	  ->  Bitmap Index Scan on k_7  (cost=0.00..5.55 rows=112 width=0)
	        Index Cond: ((k >= 2498134) AND (k <= 2498234))

table 8 : explain SELECT k, c FROM sbtest8 WHERE k BETWEEN 2498134 AND 2498234
	Bitmap Heap Scan on sbtest8  (cost=5.45..397.81 rows=99 width=125)
	  Recheck Cond: ((k >= 2498134) AND (k <= 2498234))
	  ->  Bitmap Index Scan on k_8  (cost=0.00..5.42 rows=99 width=0)
	        Index Cond: ((k >= 2498134) AND (k <= 2498234))

for range-notcovered
table 1 : explain SELECT k, c FROM sbtest1 WHERE k BETWEEN 406143 AND 406243
	Bitmap Heap Scan on sbtest1  (cost=5.44..393.75 rows=98 width=125)
	  Recheck Cond: ((k >= 406143) AND (k <= 406243))
	  ->  Bitmap Index Scan on k_1  (cost=0.00..5.42 rows=98 width=0)
	        Index Cond: ((k >= 406143) AND (k <= 406243))

table 2 : explain SELECT k, c FROM sbtest2 WHERE k BETWEEN 406143 AND 406243
	Bitmap Heap Scan on sbtest2  (cost=5.46..401.62 rows=100 width=125)
	  Recheck Cond: ((k >= 406143) AND (k <= 406243))
	  ->  Bitmap Index Scan on k_2  (cost=0.00..5.43 rows=100 width=0)
	        Index Cond: ((k >= 406143) AND (k <= 406243))

table 3 : explain SELECT k, c FROM sbtest3 WHERE k BETWEEN 406143 AND 406243
	Bitmap Heap Scan on sbtest3  (cost=5.48..409.59 rows=102 width=125)
	  Recheck Cond: ((k >= 406143) AND (k <= 406243))
	  ->  Bitmap Index Scan on k_3  (cost=0.00..5.45 rows=102 width=0)
	        Index Cond: ((k >= 406143) AND (k <= 406243))

table 4 : explain SELECT k, c FROM sbtest4 WHERE k BETWEEN 406143 AND 406243
	Bitmap Heap Scan on sbtest4  (cost=5.41..382.05 rows=95 width=125)
	  Recheck Cond: ((k >= 406143) AND (k <= 406243))
	  ->  Bitmap Index Scan on k_4  (cost=0.00..5.38 rows=95 width=0)
	        Index Cond: ((k >= 406143) AND (k <= 406243))

table 5 : explain SELECT k, c FROM sbtest5 WHERE k BETWEEN 406143 AND 406243
	Bitmap Heap Scan on sbtest5  (cost=5.47..405.48 rows=101 width=125)
	  Recheck Cond: ((k >= 406143) AND (k <= 406243))
	  ->  Bitmap Index Scan on k_5  (cost=0.00..5.44 rows=101 width=0)
	        Index Cond: ((k >= 406143) AND (k <= 406243))

table 6 : explain SELECT k, c FROM sbtest6 WHERE k BETWEEN 406143 AND 406243
	Bitmap Heap Scan on sbtest6  (cost=5.48..409.52 rows=102 width=125)
	  Recheck Cond: ((k >= 406143) AND (k <= 406243))
	  ->  Bitmap Index Scan on k_6  (cost=0.00..5.45 rows=102 width=0)
	        Index Cond: ((k >= 406143) AND (k <= 406243))

table 7 : explain SELECT k, c FROM sbtest7 WHERE k BETWEEN 406143 AND 406243
	Bitmap Heap Scan on sbtest7  (cost=5.51..421.54 rows=105 width=125)
	  Recheck Cond: ((k >= 406143) AND (k <= 406243))
	  ->  Bitmap Index Scan on k_7  (cost=0.00..5.48 rows=105 width=0)
	        Index Cond: ((k >= 406143) AND (k <= 406243))

table 8 : explain SELECT k, c FROM sbtest8 WHERE k BETWEEN 406143 AND 406243
	Bitmap Heap Scan on sbtest8  (cost=5.48..409.65 rows=102 width=125)
	  Recheck Cond: ((k >= 406143) AND (k <= 406243))
	  ->  Bitmap Index Scan on k_8  (cost=0.00..5.45 rows=102 width=0)
	        Index Cond: ((k >= 406143) AND (k <= 406243))

for range-notcovered
table 1 : explain SELECT k, c FROM sbtest1 WHERE k BETWEEN 4678691 AND 4678791
	Bitmap Heap Scan on sbtest1  (cost=5.52..425.31 rows=106 width=125)
	  Recheck Cond: ((k >= 4678691) AND (k <= 4678791))
	  ->  Bitmap Index Scan on k_1  (cost=0.00..5.50 rows=106 width=0)
	        Index Cond: ((k >= 4678691) AND (k <= 4678791))

table 2 : explain SELECT k, c FROM sbtest2 WHERE k BETWEEN 4678691 AND 4678791
	Bitmap Heap Scan on sbtest2  (cost=5.46..401.62 rows=100 width=125)
	  Recheck Cond: ((k >= 4678691) AND (k <= 4678791))
	  ->  Bitmap Index Scan on k_2  (cost=0.00..5.43 rows=100 width=0)
	        Index Cond: ((k >= 4678691) AND (k <= 4678791))

table 3 : explain SELECT k, c FROM sbtest3 WHERE k BETWEEN 4678691 AND 4678791
	Bitmap Heap Scan on sbtest3  (cost=5.59..452.97 rows=113 width=125)
	  Recheck Cond: ((k >= 4678691) AND (k <= 4678791))
	  ->  Bitmap Index Scan on k_3  (cost=0.00..5.56 rows=113 width=0)
	        Index Cond: ((k >= 4678691) AND (k <= 4678791))

table 4 : explain SELECT k, c FROM sbtest4 WHERE k BETWEEN 4678691 AND 4678791
	Bitmap Heap Scan on sbtest4  (cost=5.54..433.36 rows=108 width=125)
	  Recheck Cond: ((k >= 4678691) AND (k <= 4678791))
	  ->  Bitmap Index Scan on k_4  (cost=0.00..5.51 rows=108 width=0)
	        Index Cond: ((k >= 4678691) AND (k <= 4678791))

table 5 : explain SELECT k, c FROM sbtest5 WHERE k BETWEEN 4678691 AND 4678791
	Bitmap Heap Scan on sbtest5  (cost=5.50..417.31 rows=104 width=125)
	  Recheck Cond: ((k >= 4678691) AND (k <= 4678791))
	  ->  Bitmap Index Scan on k_5  (cost=0.00..5.47 rows=104 width=0)
	        Index Cond: ((k >= 4678691) AND (k <= 4678791))

table 6 : explain SELECT k, c FROM sbtest6 WHERE k BETWEEN 4678691 AND 4678791
	Bitmap Heap Scan on sbtest6  (cost=5.61..460.76 rows=115 width=125)
	  Recheck Cond: ((k >= 4678691) AND (k <= 4678791))
	  ->  Bitmap Index Scan on k_6  (cost=0.00..5.58 rows=115 width=0)
	        Index Cond: ((k >= 4678691) AND (k <= 4678791))

table 7 : explain SELECT k, c FROM sbtest7 WHERE k BETWEEN 4678691 AND 4678791
	Bitmap Heap Scan on sbtest7  (cost=5.51..421.54 rows=105 width=125)
	  Recheck Cond: ((k >= 4678691) AND (k <= 4678791))
	  ->  Bitmap Index Scan on k_7  (cost=0.00..5.48 rows=105 width=0)
	        Index Cond: ((k >= 4678691) AND (k <= 4678791))

table 8 : explain SELECT k, c FROM sbtest8 WHERE k BETWEEN 4678691 AND 4678791
	Bitmap Heap Scan on sbtest8  (cost=5.51..421.49 rows=105 width=125)
	  Recheck Cond: ((k >= 4678691) AND (k <= 4678791))
	  ->  Bitmap Index Scan on k_8  (cost=0.00..5.48 rows=105 width=0)
	        Index Cond: ((k >= 4678691) AND (k <= 4678791))

explain: for range-notcovered :: explain SELECT k, c FROM sbtest%d WHERE k BETWEEN 406143 AND 406243explain: for range-notcovered :: explain SELECT k, c FROM sbtest%d WHERE k BETWEEN 2498134 AND 2498234for range-notcovered
table 1 : explain SELECT k, c FROM sbtest1 WHERE k BETWEEN 2672780 AND 2672880
	Bitmap Heap Scan on sbtest1  (cost=5.49..413.48 rows=103 width=125)
	  Recheck Cond: ((k >= 2672780) AND (k <= 2672880))
	  ->  Bitmap Index Scan on k_1  (cost=0.00..5.46 rows=103 width=0)
	        Index Cond: ((k >= 2672780) AND (k <= 2672880))

table 2 : explain SELECT k, c FROM sbtest2 WHERE k BETWEEN 2672780 AND 2672880
	Bitmap Heap Scan on sbtest2  (cost=5.48..409.51 rows=102 width=125)
	  Recheck Cond: ((k >= 2672780) AND (k <= 2672880))
	  ->  Bitmap Index Scan on k_2  (cost=0.00..5.45 rows=102 width=0)
	        Index Cond: ((k >= 2672780) AND (k <= 2672880))

table 3 : explain SELECT k, c FROM sbtest3 WHERE k BETWEEN 2672780 AND 2672880
	Bitmap Heap Scan on sbtest3  (cost=5.45..397.76 rows=99 width=125)
	  Recheck Cond: ((k >= 2672780) AND (k <= 2672880))
	  ->  Bitmap Index Scan on k_3  (cost=0.00..5.42 rows=99 width=0)
	        Index Cond: ((k >= 2672780) AND (k <= 2672880))

table 4 : explain SELECT k, c FROM sbtest4 WHERE k BETWEEN 2672780 AND 2672880
	Bitmap Heap Scan on sbtest4  (cost=5.50..417.58 rows=104 width=125)
	  Recheck Cond: ((k >= 2672780) AND (k <= 2672880))
	  ->  Bitmap Index Scan on k_4  (cost=0.00..5.47 rows=104 width=0)
	        Index Cond: ((k >= 2672780) AND (k <= 2672880))

table 5 : explain SELECT k, c FROM sbtest5 WHERE k BETWEEN 2672780 AND 2672880
	Bitmap Heap Scan on sbtest5  (cost=5.40..377.87 rows=94 width=125)
	  Recheck Cond: ((k >= 2672780) AND (k <= 2672880))
	  ->  Bitmap Index Scan on k_5  (cost=0.00..5.38 rows=94 width=0)
	        Index Cond: ((k >= 2672780) AND (k <= 2672880))

table 6 : explain SELECT k, c FROM sbtest6 WHERE k BETWEEN 2672780 AND 2672880
	Bitmap Heap Scan on sbtest6  (cost=5.45..397.68 rows=99 width=125)
	  Recheck Cond: ((k >= 2672780) AND (k <= 2672880))
	  ->  Bitmap Index Scan on k_6  (cost=0.00..5.42 rows=99 width=0)
	        Index Cond: ((k >= 2672780) AND (k <= 2672880))

table 7 : explain SELECT k, c FROM sbtest7 WHERE k BETWEEN 2672780 AND 2672880
	Bitmap Heap Scan on sbtest7  (cost=5.52..425.49 rows=106 width=125)
	  Recheck Cond: ((k >= 2672780) AND (k <= 2672880))
	  ->  Bitmap Index Scan on k_7  (cost=0.00..5.50 rows=106 width=0)
	        Index Cond: ((k >= 2672780) AND (k <= 2672880))

table 8 : explain SELECT k, c FROM sbtest8 WHERE k BETWEEN 2672780 AND 2672880
	Bitmap Heap Scan on sbtest8  (cost=5.54..433.32 rows=108 width=125)
	  Recheck Cond: ((k >= 2672780) AND (k <= 2672880))
	  ->  Bitmap Index Scan on k_8  (cost=0.00..5.51 rows=108 width=0)
	        Index Cond: ((k >= 2672780) AND (k <= 2672880))



for range-notcovered
table 1 : explain SELECT k, c FROM sbtest1 WHERE k BETWEEN 5605207 AND 5605307
	Bitmap Heap Scan on sbtest1  (cost=5.48..409.54 rows=102 width=125)
	  Recheck Cond: ((k >= 5605207) AND (k <= 5605307))
	  ->  Bitmap Index Scan on k_1  (cost=0.00..5.45 rows=102 width=0)
	        Index Cond: ((k >= 5605207) AND (k <= 5605307))

table 2 : explain SELECT k, c FROM sbtest2 WHERE k BETWEEN 5605207 AND 5605307
	Bitmap Heap Scan on sbtest2  (cost=5.52..425.28 rows=106 width=125)
	  Recheck Cond: ((k >= 5605207) AND (k <= 5605307))
	  ->  Bitmap Index Scan on k_2  (cost=0.00..5.50 rows=106 width=0)
	        Index Cond: ((k >= 5605207) AND (k <= 5605307))

table 3 : explain SELECT k, c FROM sbtest3 WHERE k BETWEEN 5605207 AND 5605307
	Bitmap Heap Scan on sbtest3  (cost=5.51..421.43 rows=105 width=125)
	  Recheck Cond: ((k >= 5605207) AND (k <= 5605307))
	  ->  Bitmap Index Scan on k_3  (cost=0.00..5.48 rows=105 width=0)
	        Index Cond: ((k >= 5605207) AND (k <= 5605307))

table 4 : explain SELECT k, c FROM sbtest4 WHERE k BETWEEN 5605207 AND 5605307
	Bitmap Heap Scan on sbtest4  (cost=5.49..413.63 rows=103 width=125)
	  Recheck Cond: ((k >= 5605207) AND (k <= 5605307))
	  ->  Bitmap Index Scan on k_4  (cost=0.00..5.46 rows=103 width=0)
	        Index Cond: ((k >= 5605207) AND (k <= 5605307))

table 5 : explain SELECT k, c FROM sbtest5 WHERE k BETWEEN 5605207 AND 5605307
	Bitmap Heap Scan on sbtest5  (cost=5.54..433.08 rows=108 width=125)
	  Recheck Cond: ((k >= 5605207) AND (k <= 5605307))
	  ->  Bitmap Index Scan on k_5  (cost=0.00..5.51 rows=108 width=0)
	        Index Cond: ((k >= 5605207) AND (k <= 5605307))

table 6 : explain SELECT k, c FROM sbtest6 WHERE k BETWEEN 5605207 AND 5605307
	Bitmap Heap Scan on sbtest6  (cost=5.42..385.84 rows=96 width=125)
	  Recheck Cond: ((k >= 5605207) AND (k <= 5605307))
	  ->  Bitmap Index Scan on k_6  (cost=0.00..5.39 rows=96 width=0)
	        Index Cond: ((k >= 5605207) AND (k <= 5605307))

table 7 : explain SELECT k, c FROM sbtest7 WHERE k BETWEEN 5605207 AND 5605307
	Bitmap Heap Scan on sbtest7  (cost=5.46..401.81 rows=100 width=125)
	  Recheck Cond: ((k >= 5605207) AND (k <= 5605307))
	  ->  Bitmap Index Scan on k_7  (cost=0.00..5.43 rows=100 width=0)
	        Index Cond: ((k >= 5605207) AND (k <= 5605307))

table 8 : explain SELECT k, c FROM sbtest8 WHERE k BETWEEN 5605207 AND 5605307
	Bitmap Heap Scan on sbtest8  (cost=5.40..378.07 rows=94 width=125)
	  Recheck Cond: ((k >= 5605207) AND (k <= 5605307))
	  ->  Bitmap Index Scan on k_8  (cost=0.00..5.38 rows=94 width=0)
	        Index Cond: ((k >= 5605207) AND (k <= 5605307))

explain: for range-notcovered :: explain SELECT k, c FROM sbtest%d WHERE k BETWEEN 2672780 AND 2672880
explain: for range-notcovered :: explain SELECT k, c FROM sbtest%d WHERE k BETWEEN 4678691 AND 4678791
for range-notcovered
table 1 : explain SELECT k, c FROM sbtest1 WHERE k BETWEEN 4244231 AND 4244331
	Bitmap Heap Scan on sbtest1  (cost=5.45..397.70 rows=99 width=125)
	  Recheck Cond: ((k >= 4244231) AND (k <= 4244331))
	  ->  Bitmap Index Scan on k_1  (cost=0.00..5.42 rows=99 width=0)
	        Index Cond: ((k >= 4244231) AND (k <= 4244331))

table 2 : explain SELECT k, c FROM sbtest2 WHERE k BETWEEN 4244231 AND 4244331
	Bitmap Heap Scan on sbtest2  (cost=5.58..448.93 rows=112 width=125)
	  Recheck Cond: ((k >= 4244231) AND (k <= 4244331))
	  ->  Bitmap Index Scan on k_2  (cost=0.00..5.55 rows=112 width=0)
	        Index Cond: ((k >= 4244231) AND (k <= 4244331))

table 3 : explain SELECT k, c FROM sbtest3 WHERE k BETWEEN 4244231 AND 4244331
	Bitmap Heap Scan on sbtest3  (cost=5.40..378.02 rows=94 width=125)
	  Recheck Cond: ((k >= 4244231) AND (k <= 4244331))
	  ->  Bitmap Index Scan on k_3  (cost=0.00..5.38 rows=94 width=0)
	        Index Cond: ((k >= 4244231) AND (k <= 4244331))

table 4 : explain SELECT k, c FROM sbtest4 WHERE k BETWEEN 4244231 AND 4244331
	Bitmap Heap Scan on sbtest4  (cost=5.48..409.68 rows=102 width=125)
	  Recheck Cond: ((k >= 4244231) AND (k <= 4244331))
	  ->  Bitmap Index Scan on k_4  (cost=0.00..5.45 rows=102 width=0)
	        Index Cond: ((k >= 4244231) AND (k <= 4244331))

table 5 : explain SELECT k, c FROM sbtest5 WHERE k BETWEEN 4244231 AND 4244331
	Bitmap Heap Scan on sbtest5  (cost=5.58..448.84 rows=112 width=125)
	  Recheck Cond: ((k >= 4244231) AND (k <= 4244331))
	  ->  Bitmap Index Scan on k_5  (cost=0.00..5.55 rows=112 width=0)
	        Index Cond: ((k >= 4244231) AND (k <= 4244331))

table 6 : explain SELECT k, c FROM sbtest6 WHERE k BETWEEN 4244231 AND 4244331
	Bitmap Heap Scan on sbtest6  (cost=5.50..417.41 rows=104 width=125)
	  Recheck Cond: ((k >= 4244231) AND (k <= 4244331))
	  ->  Bitmap Index Scan on k_6  (cost=0.00..5.47 rows=104 width=0)
	        Index Cond: ((k >= 4244231) AND (k <= 4244331))

table 7 : explain SELECT k, c FROM sbtest7 WHERE k BETWEEN 4244231 AND 4244331
	Bitmap Heap Scan on sbtest7  (cost=5.45..397.86 rows=99 width=125)
	  Recheck Cond: ((k >= 4244231) AND (k <= 4244331))
	  ->  Bitmap Index Scan on k_7  (cost=0.00..5.42 rows=99 width=0)
	        Index Cond: ((k >= 4244231) AND (k <= 4244331))

table 8 : explain SELECT k, c FROM sbtest8 WHERE k BETWEEN 4244231 AND 4244331
	Bitmap Heap Scan on sbtest8  (cost=5.40..378.07 rows=94 width=125)
	  Recheck Cond: ((k >= 4244231) AND (k <= 4244331))
	  ->  Bitmap Index Scan on k_8  (cost=0.00..5.38 rows=94 width=0)
	        Index Cond: ((k >= 4244231) AND (k <= 4244331))

explain: for range-notcovered :: explain SELECT k, c FROM sbtest%d WHERE k BETWEEN 5605207 AND 5605307
explain: for range-notcovered :: explain SELECT k, c FROM sbtest%d WHERE k BETWEEN 5737215 AND 5737315
for range-notcovered
table 1 : explain SELECT k, c FROM sbtest1 WHERE k BETWEEN 7375345 AND 7375445
	Bitmap Heap Scan on sbtest1  (cost=5.52..425.31 rows=106 width=125)
	  Recheck Cond: ((k >= 7375345) AND (k <= 7375445))
	  ->  Bitmap Index Scan on k_1  (cost=0.00..5.50 rows=106 width=0)
	        Index Cond: ((k >= 7375345) AND (k <= 7375445))

table 2 : explain SELECT k, c FROM sbtest2 WHERE k BETWEEN 7375345 AND 7375445
	Bitmap Heap Scan on sbtest2  (cost=5.46..401.62 rows=100 width=125)
	  Recheck Cond: ((k >= 7375345) AND (k <= 7375445))
	  ->  Bitmap Index Scan on k_2  (cost=0.00..5.43 rows=100 width=0)
	        Index Cond: ((k >= 7375345) AND (k <= 7375445))

table 3 : explain SELECT k, c FROM sbtest3 WHERE k BETWEEN 7375345 AND 7375445
	Bitmap Heap Scan on sbtest3  (cost=5.50..417.49 rows=104 width=125)
	  Recheck Cond: ((k >= 7375345) AND (k <= 7375445))
	  ->  Bitmap Index Scan on k_3  (cost=0.00..5.47 rows=104 width=0)
	        Index Cond: ((k >= 7375345) AND (k <= 7375445))

table 4 : explain SELECT k, c FROM sbtest4 WHERE k BETWEEN 7375345 AND 7375445
	Bitmap Heap Scan on sbtest4  (cost=5.42..385.99 rows=96 width=125)
	  Recheck Cond: ((k >= 7375345) AND (k <= 7375445))
	  ->  Bitmap Index Scan on k_4  (cost=0.00..5.39 rows=96 width=0)
	        Index Cond: ((k >= 7375345) AND (k <= 7375445))

table 5 : explain SELECT k, c FROM sbtest5 WHERE k BETWEEN 7375345 AND 7375445
	Bitmap Heap Scan on sbtest5  (cost=5.53..429.14 rows=107 width=125)
	  Recheck Cond: ((k >= 7375345) AND (k <= 7375445))
	  ->  Bitmap Index Scan on k_5  (cost=0.00..5.50 rows=107 width=0)
	        Index Cond: ((k >= 7375345) AND (k <= 7375445))

table 6 : explain SELECT k, c FROM sbtest6 WHERE k BETWEEN 7375345 AND 7375445
	Bitmap Heap Scan on sbtest6  (cost=5.56..441.06 rows=110 width=125)
	  Recheck Cond: ((k >= 7375345) AND (k <= 7375445))
	  ->  Bitmap Index Scan on k_6  (cost=0.00..5.53 rows=110 width=0)
	        Index Cond: ((k >= 7375345) AND (k <= 7375445))

table 7 : explain SELECT k, c FROM sbtest7 WHERE k BETWEEN 7375345 AND 7375445
	Bitmap Heap Scan on sbtest7  (cost=5.44..393.91 rows=98 width=125)
	  Recheck Cond: ((k >= 7375345) AND (k <= 7375445))
	  ->  Bitmap Index Scan on k_7  (cost=0.00..5.42 rows=98 width=0)
	        Index Cond: ((k >= 7375345) AND (k <= 7375445))

table 8 : explain SELECT k, c FROM sbtest8 WHERE k BETWEEN 7375345 AND 7375445
	Bitmap Heap Scan on sbtest8  (cost=5.50..417.54 rows=104 width=125)
	  Recheck Cond: ((k >= 7375345) AND (k <= 7375445))
	  ->  Bitmap Index Scan on k_8  (cost=0.00..5.47 rows=104 width=0)
	        Index Cond: ((k >= 7375345) AND (k <= 7375445))

explain: for range-notcovered :: explain SELECT k, c FROM sbtest%d WHERE k BETWEEN 4244231 AND 4244331
explain: for range-notcovered :: explain SELECT k, c FROM sbtest%d WHERE k BETWEEN 7375345 AND 7375445
for range-notcovered
table 1 : explain SELECT k, c FROM sbtest1 WHERE k BETWEEN 2537438 AND 2537538
	Bitmap Heap Scan on sbtest1  (cost=5.50..417.43 rows=104 width=125)
	  Recheck Cond: ((k >= 2537438) AND (k <= 2537538))
	  ->  Bitmap Index Scan on k_1  (cost=0.00..5.47 rows=104 width=0)
	        Index Cond: ((k >= 2537438) AND (k <= 2537538))

table 2 : explain SELECT k, c FROM sbtest2 WHERE k BETWEEN 2537438 AND 2537538
	Bitmap Heap Scan on sbtest2  (cost=5.48..409.51 rows=102 width=125)
	  Recheck Cond: ((k >= 2537438) AND (k <= 2537538))
	  ->  Bitmap Index Scan on k_2  (cost=0.00..5.45 rows=102 width=0)
	        Index Cond: ((k >= 2537438) AND (k <= 2537538))

table 3 : explain SELECT k, c FROM sbtest3 WHERE k BETWEEN 2537438 AND 2537538
	Bitmap Heap Scan on sbtest3  (cost=5.50..417.49 rows=104 width=125)
	  Recheck Cond: ((k >= 2537438) AND (k <= 2537538))
	  ->  Bitmap Index Scan on k_3  (cost=0.00..5.47 rows=104 width=0)
	        Index Cond: ((k >= 2537438) AND (k <= 2537538))

table 4 : explain SELECT k, c FROM sbtest4 WHERE k BETWEEN 2537438 AND 2537538
	Bitmap Heap Scan on sbtest4  (cost=5.42..385.99 rows=96 width=125)
	  Recheck Cond: ((k >= 2537438) AND (k <= 2537538))
	  ->  Bitmap Index Scan on k_4  (cost=0.00..5.39 rows=96 width=0)
	        Index Cond: ((k >= 2537438) AND (k <= 2537538))

table 5 : explain SELECT k, c FROM sbtest5 WHERE k BETWEEN 2537438 AND 2537538
	Bitmap Heap Scan on sbtest5  (cost=5.50..417.31 rows=104 width=125)
	  Recheck Cond: ((k >= 2537438) AND (k <= 2537538))
	  ->  Bitmap Index Scan on k_5  (cost=0.00..5.47 rows=104 width=0)
	        Index Cond: ((k >= 2537438) AND (k <= 2537538))

table 6 : explain SELECT k, c FROM sbtest6 WHERE k BETWEEN 2537438 AND 2537538
	Bitmap Heap Scan on sbtest6  (cost=5.45..397.68 rows=99 width=125)
	  Recheck Cond: ((k >= 2537438) AND (k <= 2537538))
	  ->  Bitmap Index Scan on k_6  (cost=0.00..5.42 rows=99 width=0)
	        Index Cond: ((k >= 2537438) AND (k <= 2537538))

table 7 : explain SELECT k, c FROM sbtest7 WHERE k BETWEEN 2537438 AND 2537538
	Bitmap Heap Scan on sbtest7  (cost=5.47..405.76 rows=101 width=125)
	  Recheck Cond: ((k >= 2537438) AND (k <= 2537538))
	  ->  Bitmap Index Scan on k_7  (cost=0.00..5.44 rows=101 width=0)
	        Index Cond: ((k >= 2537438) AND (k <= 2537538))

table 8 : explain SELECT k, c FROM sbtest8 WHERE k BETWEEN 2537438 AND 2537538
	Bitmap Heap Scan on sbtest8  (cost=5.45..397.81 rows=99 width=125)
	  Recheck Cond: ((k >= 2537438) AND (k <= 2537538))
	  ->  Bitmap Index Scan on k_8  (cost=0.00..5.42 rows=99 width=0)
	        Index Cond: ((k >= 2537438) AND (k <= 2537538))

explain: for range-notcovered :: explain SELECT k, c FROM sbtest%d WHERE k BETWEEN 2537438 AND 2537538
for range-notcovered
table 1 : explain SELECT k, c FROM sbtest1 WHERE k BETWEEN 8328877 AND 8328977
	Bitmap Heap Scan on sbtest1  (cost=5.50..417.43 rows=104 width=125)
	  Recheck Cond: ((k >= 8328877) AND (k <= 8328977))
	  ->  Bitmap Index Scan on k_1  (cost=0.00..5.47 rows=104 width=0)
	        Index Cond: ((k >= 8328877) AND (k <= 8328977))

table 2 : explain SELECT k, c FROM sbtest2 WHERE k BETWEEN 8328877 AND 8328977
	Bitmap Heap Scan on sbtest2  (cost=5.47..405.56 rows=101 width=125)
	  Recheck Cond: ((k >= 8328877) AND (k <= 8328977))
	  ->  Bitmap Index Scan on k_2  (cost=0.00..5.44 rows=101 width=0)
	        Index Cond: ((k >= 8328877) AND (k <= 8328977))

table 3 : explain SELECT k, c FROM sbtest3 WHERE k BETWEEN 8328877 AND 8328977
	Bitmap Heap Scan on sbtest3  (cost=5.39..374.07 rows=93 width=125)
	  Recheck Cond: ((k >= 8328877) AND (k <= 8328977))
	  ->  Bitmap Index Scan on k_3  (cost=0.00..5.36 rows=93 width=0)
	        Index Cond: ((k >= 8328877) AND (k <= 8328977))

table 4 : explain SELECT k, c FROM sbtest4 WHERE k BETWEEN 8328877 AND 8328977
	Bitmap Heap Scan on sbtest4  (cost=5.46..401.79 rows=100 width=125)
	  Recheck Cond: ((k >= 8328877) AND (k <= 8328977))
	  ->  Bitmap Index Scan on k_4  (cost=0.00..5.43 rows=100 width=0)
	        Index Cond: ((k >= 8328877) AND (k <= 8328977))

table 5 : explain SELECT k, c FROM sbtest5 WHERE k BETWEEN 8328877 AND 8328977
	Bitmap Heap Scan on sbtest5  (cost=5.47..405.48 rows=101 width=125)
	  Recheck Cond: ((k >= 8328877) AND (k <= 8328977))
	  ->  Bitmap Index Scan on k_5  (cost=0.00..5.44 rows=101 width=0)
	        Index Cond: ((k >= 8328877) AND (k <= 8328977))

table 6 : explain SELECT k, c FROM sbtest6 WHERE k BETWEEN 8328877 AND 8328977
	Bitmap Heap Scan on sbtest6  (cost=5.53..429.23 rows=107 width=125)
	  Recheck Cond: ((k >= 8328877) AND (k <= 8328977))
	  ->  Bitmap Index Scan on k_6  (cost=0.00..5.50 rows=107 width=0)
	        Index Cond: ((k >= 8328877) AND (k <= 8328977))

table 7 : explain SELECT k, c FROM sbtest7 WHERE k BETWEEN 8328877 AND 8328977
	Bitmap Heap Scan on sbtest7  (cost=5.42..386.01 rows=96 width=125)
	  Recheck Cond: ((k >= 8328877) AND (k <= 8328977))
	  ->  Bitmap Index Scan on k_7  (cost=0.00..5.39 rows=96 width=0)
	        Index Cond: ((k >= 8328877) AND (k <= 8328977))

table 8 : explain SELECT k, c FROM sbtest8 WHERE k BETWEEN 8328877 AND 8328977
	Bitmap Heap Scan on sbtest8  (cost=5.43..389.91 rows=97 width=125)
	  Recheck Cond: ((k >= 8328877) AND (k <= 8328977))
	  ->  Bitmap Index Scan on k_8  (cost=0.00..5.40 rows=97 width=0)
	        Index Cond: ((k >= 8328877) AND (k <= 8328977))
for range-notcovered
table 1 : explain SELECT k, c FROM sbtest1 WHERE k BETWEEN 3055672 AND 3055772
	Bitmap Heap Scan on sbtest1  (cost=5.58..448.96 rows=112 width=125)
	  Recheck Cond: ((k >= 3055672) AND (k <= 3055772))
	  ->  Bitmap Index Scan on k_1  (cost=0.00..5.55 rows=112 width=0)
	        Index Cond: ((k >= 3055672) AND (k <= 3055772))

table 2 : explain SELECT k, c FROM sbtest2 WHERE k BETWEEN 3055672 AND 3055772
	Bitmap Heap Scan on sbtest2  (cost=5.52..425.28 rows=106 width=125)
	  Recheck Cond: ((k >= 3055672) AND (k <= 3055772))
	  ->  Bitmap Index Scan on k_2  (cost=0.00..5.50 rows=106 width=0)
	        Index Cond: ((k >= 3055672) AND (k <= 3055772))

table 3 : explain SELECT k, c FROM sbtest3 WHERE k BETWEEN 3055672 AND 3055772
	Bitmap Heap Scan on sbtest3  (cost=5.57..445.09 rows=111 width=125)
	  Recheck Cond: ((k >= 3055672) AND (k <= 3055772))
	  ->  Bitmap Index Scan on k_3  (cost=0.00..5.54 rows=111 width=0)
	        Index Cond: ((k >= 3055672) AND (k <= 3055772))

table 4 : explain SELECT k, c FROM sbtest4 WHERE k BETWEEN 3055672 AND 3055772
	Bitmap Heap Scan on sbtest4  (cost=5.54..433.36 rows=108 width=125)
	  Recheck Cond: ((k >= 3055672) AND (k <= 3055772))
	  ->  Bitmap Index Scan on k_4  (cost=0.00..5.51 rows=108 width=0)
	        Index Cond: ((k >= 3055672) AND (k <= 3055772))

table 5 : explain SELECT k, c FROM sbtest5 WHERE k BETWEEN 3055672 AND 3055772
	Bitmap Heap Scan on sbtest5  (cost=5.50..417.31 rows=104 width=125)
	  Recheck Cond: ((k >= 3055672) AND (k <= 3055772))
	  ->  Bitmap Index Scan on k_5  (cost=0.00..5.47 rows=104 width=0)
	        Index Cond: ((k >= 3055672) AND (k <= 3055772))

table 6 : explain SELECT k, c FROM sbtest6 WHERE k BETWEEN 3055672 AND 3055772
	Bitmap Heap Scan on sbtest6  (cost=5.58..448.94 rows=112 width=125)
	  Recheck Cond: ((k >= 3055672) AND (k <= 3055772))
	  ->  Bitmap Index Scan on k_6  (cost=0.00..5.55 rows=112 width=0)
	        Index Cond: ((k >= 3055672) AND (k <= 3055772))

table 7 : explain SELECT k, c FROM sbtest7 WHERE k BETWEEN 3055672 AND 3055772
	Bitmap Heap Scan on sbtest7  (cost=5.49..413.65 rows=103 width=125)
	  Recheck Cond: ((k >= 3055672) AND (k <= 3055772))
	  ->  Bitmap Index Scan on k_7  (cost=0.00..5.46 rows=103 width=0)
	        Index Cond: ((k >= 3055672) AND (k <= 3055772))

table 8 : explain SELECT k, c FROM sbtest8 WHERE k BETWEEN 3055672 AND 3055772
	Bitmap Heap Scan on sbtest8  (cost=5.49..413.60 rows=103 width=125)
	  Recheck Cond: ((k >= 3055672) AND (k <= 3055772))
	  ->  Bitmap Index Scan on k_8  (cost=0.00..5.46 rows=103 width=0)
	        Index Cond: ((k >= 3055672) AND (k <= 3055772))

for range-notcovered
table 1 : explain SELECT k, c FROM sbtest1 WHERE k BETWEEN 406143 AND 406243
	Bitmap Heap Scan on sbtest1  (cost=5.44..393.75 rows=98 width=125)
	  Recheck Cond: ((k >= 406143) AND (k <= 406243))
	  ->  Bitmap Index Scan on k_1  (cost=0.00..5.42 rows=98 width=0)
	        Index Cond: ((k >= 406143) AND (k <= 406243))

table 2 : explain SELECT k, c FROM sbtest2 WHERE k BETWEEN 406143 AND 406243
	Bitmap Heap Scan on sbtest2  (cost=5.46..401.62 rows=100 width=125)
	  Recheck Cond: ((k >= 406143) AND (k <= 406243))
	  ->  Bitmap Index Scan on k_2  (cost=0.00..5.43 rows=100 width=0)
	        Index Cond: ((k >= 406143) AND (k <= 406243))

table 3 : explain SELECT k, c FROM sbtest3 WHERE k BETWEEN 406143 AND 406243
	Bitmap Heap Scan on sbtest3  (cost=5.48..409.59 rows=102 width=125)
	  Recheck Cond: ((k >= 406143) AND (k <= 406243))
	  ->  Bitmap Index Scan on k_3  (cost=0.00..5.45 rows=102 width=0)
	        Index Cond: ((k >= 406143) AND (k <= 406243))

table 4 : explain SELECT k, c FROM sbtest4 WHERE k BETWEEN 406143 AND 406243
	Bitmap Heap Scan on sbtest4  (cost=5.41..382.05 rows=95 width=125)
	  Recheck Cond: ((k >= 406143) AND (k <= 406243))
	  ->  Bitmap Index Scan on k_4  (cost=0.00..5.38 rows=95 width=0)
	        Index Cond: ((k >= 406143) AND (k <= 406243))

table 5 : explain SELECT k, c FROM sbtest5 WHERE k BETWEEN 406143 AND 406243
	Bitmap Heap Scan on sbtest5  (cost=5.47..405.48 rows=101 width=125)
	  Recheck Cond: ((k >= 406143) AND (k <= 406243))
	  ->  Bitmap Index Scan on k_5  (cost=0.00..5.44 rows=101 width=0)
	        Index Cond: ((k >= 406143) AND (k <= 406243))

table 6 : explain SELECT k, c FROM sbtest6 WHERE k BETWEEN 406143 AND 406243
	Bitmap Heap Scan on sbtest6  (cost=5.48..409.52 rows=102 width=125)
	  Recheck Cond: ((k >= 406143) AND (k <= 406243))
	  ->  Bitmap Index Scan on k_6  (cost=0.00..5.45 rows=102 width=0)
	        Index Cond: ((k >= 406143) AND (k <= 406243))

table 7 : explain SELECT k, c FROM sbtest7 WHERE k BETWEEN 406143 AND 406243
	Bitmap Heap Scan on sbtest7  (cost=5.51..421.54 rows=105 width=125)
	  Recheck Cond: ((k >= 406143) AND (k <= 406243))
	  ->  Bitmap Index Scan on k_7  (cost=0.00..5.48 rows=105 width=0)
	        Index Cond: ((k >= 406143) AND (k <= 406243))

table 8 : explain SELECT k, c FROM sbtest8 WHERE k BETWEEN 406143 AND 406243
	Bitmap Heap Scan on sbtest8  (cost=5.48..409.65 rows=102 width=125)
	  Recheck Cond: ((k >= 406143) AND (k <= 406243))
	  ->  Bitmap Index Scan on k_8  (cost=0.00..5.45 rows=102 width=0)
	        Index Cond: ((k >= 406143) AND (k <= 406243))

for range-notcovered
table 1 : explain SELECT k, c FROM sbtest1 WHERE k BETWEEN 2672780 AND 2672880
	Bitmap Heap Scan on sbtest1  (cost=5.49..413.48 rows=103 width=125)
	  Recheck Cond: ((k >= 2672780) AND (k <= 2672880))
	  ->  Bitmap Index Scan on k_1  (cost=0.00..5.46 rows=103 width=0)
	        Index Cond: ((k >= 2672780) AND (k <= 2672880))

table 2 : explain SELECT k, c FROM sbtest2 WHERE k BETWEEN 2672780 AND 2672880
	Bitmap Heap Scan on sbtest2  (cost=5.48..409.51 rows=102 width=125)
	  Recheck Cond: ((k >= 2672780) AND (k <= 2672880))
	  ->  Bitmap Index Scan on k_2  (cost=0.00..5.45 rows=102 width=0)
	        Index Cond: ((k >= 2672780) AND (k <= 2672880))

table 3 : explain SELECT k, c FROM sbtest3 WHERE k BETWEEN 2672780 AND 2672880
	Bitmap Heap Scan on sbtest3  (cost=5.45..397.76 rows=99 width=125)
	  Recheck Cond: ((k >= 2672780) AND (k <= 2672880))
	  ->  Bitmap Index Scan on k_3  (cost=0.00..5.42 rows=99 width=0)
	        Index Cond: ((k >= 2672780) AND (k <= 2672880))

table 4 : explain SELECT k, c FROM sbtest4 WHERE k BETWEEN 2672780 AND 2672880
	Bitmap Heap Scan on sbtest4  (cost=5.50..417.58 rows=104 width=125)
	  Recheck Cond: ((k >= 2672780) AND (k <= 2672880))
	  ->  Bitmap Index Scan on k_4  (cost=0.00..5.47 rows=104 width=0)
	        Index Cond: ((k >= 2672780) AND (k <= 2672880))

table 5 : explain SELECT k, c FROM sbtest5 WHERE k BETWEEN 2672780 AND 2672880
	Bitmap Heap Scan on sbtest5  (cost=5.40..377.87 rows=94 width=125)
	  Recheck Cond: ((k >= 2672780) AND (k <= 2672880))
	  ->  Bitmap Index Scan on k_5  (cost=0.00..5.38 rows=94 width=0)
	        Index Cond: ((k >= 2672780) AND (k <= 2672880))

table 6 : explain SELECT k, c FROM sbtest6 WHERE k BETWEEN 2672780 AND 2672880
	Bitmap Heap Scan on sbtest6  (cost=5.45..397.68 rows=99 width=125)
	  Recheck Cond: ((k >= 2672780) AND (k <= 2672880))
	  ->  Bitmap Index Scan on k_6  (cost=0.00..5.42 rows=99 width=0)
	        Index Cond: ((k >= 2672780) AND (k <= 2672880))

table 7 : explain SELECT k, c FROM sbtest7 WHERE k BETWEEN 2672780 AND 2672880
	Bitmap Heap Scan on sbtest7  (cost=5.52..425.49 rows=106 width=125)
	  Recheck Cond: ((k >= 2672780) AND (k <= 2672880))
	  ->  Bitmap Index Scan on k_7  (cost=0.00..5.50 rows=106 width=0)
	        Index Cond: ((k >= 2672780) AND (k <= 2672880))

table 8 : explain SELECT k, c FROM sbtest8 WHERE k BETWEEN 2672780 AND 2672880
	Bitmap Heap Scan on sbtest8  (cost=5.54..433.32 rows=108 width=125)
	  Recheck Cond: ((k >= 2672780) AND (k <= 2672880))
	  ->  Bitmap Index Scan on k_8  (cost=0.00..5.51 rows=108 width=0)
	        Index Cond: ((k >= 2672780) AND (k <= 2672880))


explain: for range-notcovered :: explain SELECT k, c FROM sbtest%d WHERE k BETWEEN 2672780 AND 2672880
for range-notcovered
table 1 : explain SELECT k, c FROM sbtest1 WHERE k BETWEEN 2498134 AND 2498234
	Bitmap Heap Scan on sbtest1  (cost=5.50..417.43 rows=104 width=125)
	  Recheck Cond: ((k >= 2498134) AND (k <= 2498234))
	  ->  Bitmap Index Scan on k_1  (cost=0.00..5.47 rows=104 width=0)
	        Index Cond: ((k >= 2498134) AND (k <= 2498234))

table 2 : explain SELECT k, c FROM sbtest2 WHERE k BETWEEN 2498134 AND 2498234
	Bitmap Heap Scan on sbtest2  (cost=5.51..421.34 rows=105 width=125)
	  Recheck Cond: ((k >= 2498134) AND (k <= 2498234))
	  ->  Bitmap Index Scan on k_2  (cost=0.00..5.48 rows=105 width=0)
	        Index Cond: ((k >= 2498134) AND (k <= 2498234))

table 3 : explain SELECT k, c FROM sbtest3 WHERE k BETWEEN 2498134 AND 2498234
	Bitmap Heap Scan on sbtest3  (cost=5.53..429.32 rows=107 width=125)
	  Recheck Cond: ((k >= 2498134) AND (k <= 2498234))
	  ->  Bitmap Index Scan on k_3  (cost=0.00..5.50 rows=107 width=0)
	        Index Cond: ((k >= 2498134) AND (k <= 2498234))

table 4 : explain SELECT k, c FROM sbtest4 WHERE k BETWEEN 2498134 AND 2498234
	Bitmap Heap Scan on sbtest4  (cost=5.41..382.05 rows=95 width=125)
	  Recheck Cond: ((k >= 2498134) AND (k <= 2498234))
	  ->  Bitmap Index Scan on k_4  (cost=0.00..5.38 rows=95 width=0)
	        Index Cond: ((k >= 2498134) AND (k <= 2498234))

table 5 : explain SELECT k, c FROM sbtest5 WHERE k BETWEEN 2498134 AND 2498234
	Bitmap Heap Scan on sbtest5  (cost=5.50..417.31 rows=104 width=125)
	  Recheck Cond: ((k >= 2498134) AND (k <= 2498234))
	  ->  Bitmap Index Scan on k_5  (cost=0.00..5.47 rows=104 width=0)
	        Index Cond: ((k >= 2498134) AND (k <= 2498234))

table 6 : explain SELECT k, c FROM sbtest6 WHERE k BETWEEN 2498134 AND 2498234
	Bitmap Heap Scan on sbtest6  (cost=5.42..385.84 rows=96 width=125)
	  Recheck Cond: ((k >= 2498134) AND (k <= 2498234))
	  ->  Bitmap Index Scan on k_6  (cost=0.00..5.39 rows=96 width=0)
	        Index Cond: ((k >= 2498134) AND (k <= 2498234))

table 7 : explain SELECT k, c FROM sbtest7 WHERE k BETWEEN 2498134 AND 2498234
	Bitmap Heap Scan on sbtest7  (cost=5.58..449.16 rows=112 width=125)
	  Recheck Cond: ((k >= 2498134) AND (k <= 2498234))
	  ->  Bitmap Index Scan on k_7  (cost=0.00..5.55 rows=112 width=0)
	        Index Cond: ((k >= 2498134) AND (k <= 2498234))

table 8 : explain SELECT k, c FROM sbtest8 WHERE k BETWEEN 2498134 AND 2498234
	Bitmap Heap Scan on sbtest8  (cost=5.45..397.81 rows=99 width=125)
	  Recheck Cond: ((k >= 2498134) AND (k <= 2498234))
	  ->  Bitmap Index Scan on k_8  (cost=0.00..5.42 rows=99 width=0)
	        Index Cond: ((k >= 2498134) AND (k <= 2498234))

explain: for range-notcovered :: explain SELECT k, c FROM sbtest%d WHERE k BETWEEN 6233800 AND 6233900
explain: for range-notcovered :: explain SELECT k, c FROM sbtest%d WHERE k BETWEEN 8328877 AND 8328977
for range-notcovered
table 1 : explain SELECT k, c FROM sbtest1 WHERE k BETWEEN 5605207 AND 5605307
	Bitmap Heap Scan on sbtest1  (cost=5.48..409.54 rows=102 width=125)
	  Recheck Cond: ((k >= 5605207) AND (k <= 5605307))
	  ->  Bitmap Index Scan on k_1  (cost=0.00..5.45 rows=102 width=0)
	        Index Cond: ((k >= 5605207) AND (k <= 5605307))

table 2 : explain SELECT k, c FROM sbtest2 WHERE k BETWEEN 5605207 AND 5605307
	Bitmap Heap Scan on sbtest2  (cost=5.52..425.28 rows=106 width=125)
	  Recheck Cond: ((k >= 5605207) AND (k <= 5605307))
	  ->  Bitmap Index Scan on k_2  (cost=0.00..5.50 rows=106 width=0)
	        Index Cond: ((k >= 5605207) AND (k <= 5605307))

table 3 : explain SELECT k, c FROM sbtest3 WHERE k BETWEEN 5605207 AND 5605307
	Bitmap Heap Scan on sbtest3  (cost=5.51..421.43 rows=105 width=125)
	  Recheck Cond: ((k >= 5605207) AND (k <= 5605307))
	  ->  Bitmap Index Scan on k_3  (cost=0.00..5.48 rows=105 width=0)
	        Index Cond: ((k >= 5605207) AND (k <= 5605307))

table 4 : explain SELECT k, c FROM sbtest4 WHERE k BETWEEN 5605207 AND 5605307
	Bitmap Heap Scan on sbtest4  (cost=5.49..413.63 rows=103 width=125)
	  Recheck Cond: ((k >= 5605207) AND (k <= 5605307))
	  ->  Bitmap Index Scan on k_4  (cost=0.00..5.46 rows=103 width=0)
	        Index Cond: ((k >= 5605207) AND (k <= 5605307))

table 5 : explain SELECT k, c FROM sbtest5 WHERE k BETWEEN 5605207 AND 5605307
	Bitmap Heap Scan on sbtest5  (cost=5.54..433.08 rows=108 width=125)
	  Recheck Cond: ((k >= 5605207) AND (k <= 5605307))
	  ->  Bitmap Index Scan on k_5  (cost=0.00..5.51 rows=108 width=0)
	        Index Cond: ((k >= 5605207) AND (k <= 5605307))

table 6 : explain SELECT k, c FROM sbtest6 WHERE k BETWEEN 5605207 AND 5605307
	Bitmap Heap Scan on sbtest6  (cost=5.42..385.84 rows=96 width=125)
	  Recheck Cond: ((k >= 5605207) AND (k <= 5605307))
	  ->  Bitmap Index Scan on k_6  (cost=0.00..5.39 rows=96 width=0)
	        Index Cond: ((k >= 5605207) AND (k <= 5605307))

table 7 : explain SELECT k, c FROM sbtest7 WHERE k BETWEEN 5605207 AND 5605307
	Bitmap Heap Scan on sbtest7  (cost=5.46..401.81 rows=100 width=125)
	  Recheck Cond: ((k >= 5605207) AND (k <= 5605307))
	  ->  Bitmap Index Scan on k_7  (cost=0.00..5.43 rows=100 width=0)
	        Index Cond: ((k >= 5605207) AND (k <= 5605307))

table 8 : explain SELECT k, c FROM sbtest8 WHERE k BETWEEN 5605207 AND 5605307
	Bitmap Heap Scan on sbtest8  (cost=5.40..378.07 rows=94 width=125)
	  Recheck Cond: ((k >= 5605207) AND (k <= 5605307))
	  ->  Bitmap Index Scan on k_8  (cost=0.00..5.38 rows=94 width=0)
	        Index Cond: ((k >= 5605207) AND (k <= 5605307))

for range-notcovered
table 1 : explain SELECT k, c FROM sbtest1 WHERE k BETWEEN 4244231 AND 4244331
	Bitmap Heap Scan on sbtest1  (cost=5.45..397.70 rows=99 width=125)
	  Recheck Cond: ((k >= 4244231) AND (k <= 4244331))
	  ->  Bitmap Index Scan on k_1  (cost=0.00..5.42 rows=99 width=0)
	        Index Cond: ((k >= 4244231) AND (k <= 4244331))

table 2 : explain SELECT k, c FROM sbtest2 WHERE k BETWEEN 4244231 AND 4244331
	Bitmap Heap Scan on sbtest2  (cost=5.58..448.93 rows=112 width=125)
	  Recheck Cond: ((k >= 4244231) AND (k <= 4244331))
	  ->  Bitmap Index Scan on k_2  (cost=0.00..5.55 rows=112 width=0)
	        Index Cond: ((k >= 4244231) AND (k <= 4244331))

table 3 : explain SELECT k, c FROM sbtest3 WHERE k BETWEEN 4244231 AND 4244331
	Bitmap Heap Scan on sbtest3  (cost=5.40..378.02 rows=94 width=125)
	  Recheck Cond: ((k >= 4244231) AND (k <= 4244331))
	  ->  Bitmap Index Scan on k_3  (cost=0.00..5.38 rows=94 width=0)
	        Index Cond: ((k >= 4244231) AND (k <= 4244331))

table 4 : explain SELECT k, c FROM sbtest4 WHERE k BETWEEN 4244231 AND 4244331
	Bitmap Heap Scan on sbtest4  (cost=5.48..409.68 rows=102 width=125)
	  Recheck Cond: ((k >= 4244231) AND (k <= 4244331))
	  ->  Bitmap Index Scan on k_4  (cost=0.00..5.45 rows=102 width=0)
	        Index Cond: ((k >= 4244231) AND (k <= 4244331))

table 5 : explain SELECT k, c FROM sbtest5 WHERE k BETWEEN 4244231 AND 4244331
	Bitmap Heap Scan on sbtest5  (cost=5.58..448.84 rows=112 width=125)
	  Recheck Cond: ((k >= 4244231) AND (k <= 4244331))
	  ->  Bitmap Index Scan on k_5  (cost=0.00..5.55 rows=112 width=0)
	        Index Cond: ((k >= 4244231) AND (k <= 4244331))

table 6 : explain SELECT k, c FROM sbtest6 WHERE k BETWEEN 4244231 AND 4244331
	Bitmap Heap Scan on sbtest6  (cost=5.50..417.41 rows=104 width=125)
	  Recheck Cond: ((k >= 4244231) AND (k <= 4244331))
	  ->  Bitmap Index Scan on k_6  (cost=0.00..5.47 rows=104 width=0)
	        Index Cond: ((k >= 4244231) AND (k <= 4244331))

table 7 : explain SELECT k, c FROM sbtest7 WHERE k BETWEEN 4244231 AND 4244331
	Bitmap Heap Scan on sbtest7  (cost=5.45..397.86 rows=99 width=125)
	  Recheck Cond: ((k >= 4244231) AND (k <= 4244331))
	  ->  Bitmap Index Scan on k_7  (cost=0.00..5.42 rows=99 width=0)
	        Index Cond: ((k >= 4244231) AND (k <= 4244331))

table 8 : explain SELECT k, c FROM sbtest8 WHERE k BETWEEN 4244231 AND 4244331
	Bitmap Heap Scan on sbtest8  (cost=5.40..378.07 rows=94 width=125)
	  Recheck Cond: ((k >= 4244231) AND (k <= 4244331))
	  ->  Bitmap Index Scan on k_8  (cost=0.00..5.38 rows=94 width=0)
	        Index Cond: ((k >= 4244231) AND (k <= 4244331))

explain: for range-notcovered :: explain SELECT k, c FROM sbtest%d WHERE k BETWEEN 2498134 AND 2498234
explain: for range-notcovered :: explain SELECT k, c FROM sbtest%d WHERE k BETWEEN 5605207 AND 5605307
for range-notcovered
table 1 : explain SELECT k, c FROM sbtest1 WHERE k BETWEEN 2537438 AND 2537538
	Bitmap Heap Scan on sbtest1  (cost=5.50..417.43 rows=104 width=125)
	  Recheck Cond: ((k >= 2537438) AND (k <= 2537538))
	  ->  Bitmap Index Scan on k_1  (cost=0.00..5.47 rows=104 width=0)
	        Index Cond: ((k >= 2537438) AND (k <= 2537538))

table 2 : explain SELECT k, c FROM sbtest2 WHERE k BETWEEN 2537438 AND 2537538
	Bitmap Heap Scan on sbtest2  (cost=5.48..409.51 rows=102 width=125)
	  Recheck Cond: ((k >= 2537438) AND (k <= 2537538))
	  ->  Bitmap Index Scan on k_2  (cost=0.00..5.45 rows=102 width=0)
	        Index Cond: ((k >= 2537438) AND (k <= 2537538))

table 3 : explain SELECT k, c FROM sbtest3 WHERE k BETWEEN 2537438 AND 2537538
	Bitmap Heap Scan on sbtest3  (cost=5.50..417.49 rows=104 width=125)
	  Recheck Cond: ((k >= 2537438) AND (k <= 2537538))
	  ->  Bitmap Index Scan on k_3  (cost=0.00..5.47 rows=104 width=0)
	        Index Cond: ((k >= 2537438) AND (k <= 2537538))

table 4 : explain SELECT k, c FROM sbtest4 WHERE k BETWEEN 2537438 AND 2537538
	Bitmap Heap Scan on sbtest4  (cost=5.42..385.99 rows=96 width=125)
	  Recheck Cond: ((k >= 2537438) AND (k <= 2537538))
	  ->  Bitmap Index Scan on k_4  (cost=0.00..5.39 rows=96 width=0)
	        Index Cond: ((k >= 2537438) AND (k <= 2537538))

table 5 : explain SELECT k, c FROM sbtest5 WHERE k BETWEEN 2537438 AND 2537538
	Bitmap Heap Scan on sbtest5  (cost=5.50..417.31 rows=104 width=125)
	  Recheck Cond: ((k >= 2537438) AND (k <= 2537538))
	  ->  Bitmap Index Scan on k_5  (cost=0.00..5.47 rows=104 width=0)
	        Index Cond: ((k >= 2537438) AND (k <= 2537538))

table 6 : explain SELECT k, c FROM sbtest6 WHERE k BETWEEN 2537438 AND 2537538
	Bitmap Heap Scan on sbtest6  (cost=5.45..397.68 rows=99 width=125)
	  Recheck Cond: ((k >= 2537438) AND (k <= 2537538))
	  ->  Bitmap Index Scan on k_6  (cost=0.00..5.42 rows=99 width=0)
	        Index Cond: ((k >= 2537438) AND (k <= 2537538))

table 7 : explain SELECT k, c FROM sbtest7 WHERE k BETWEEN 2537438 AND 2537538
	Bitmap Heap Scan on sbtest7  (cost=5.47..405.76 rows=101 width=125)
	  Recheck Cond: ((k >= 2537438) AND (k <= 2537538))
	  ->  Bitmap Index Scan on k_7  (cost=0.00..5.44 rows=101 width=0)
	        Index Cond: ((k >= 2537438) AND (k <= 2537538))

table 8 : explain SELECT k, c FROM sbtest8 WHERE k BETWEEN 2537438 AND 2537538
	Bitmap Heap Scan on sbtest8  (cost=5.45..397.81 rows=99 width=125)
	  Recheck Cond: ((k >= 2537438) AND (k <= 2537538))
	  ->  Bitmap Index Scan on k_8  (cost=0.00..5.42 rows=99 width=0)
	        Index Cond: ((k >= 2537438) AND (k <= 2537538))

for range-notcovered
table 1 : explain SELECT k, c FROM sbtest1 WHERE k BETWEEN 7375345 AND 7375445
	Bitmap Heap Scan on sbtest1  (cost=5.52..425.31 rows=106 width=125)
	  Recheck Cond: ((k >= 7375345) AND (k <= 7375445))
	  ->  Bitmap Index Scan on k_1  (cost=0.00..5.50 rows=106 width=0)
	        Index Cond: ((k >= 7375345) AND (k <= 7375445))

table 2 : explain SELECT k, c FROM sbtest2 WHERE k BETWEEN 7375345 AND 7375445
	Bitmap Heap Scan on sbtest2  (cost=5.46..401.62 rows=100 width=125)
	  Recheck Cond: ((k >= 7375345) AND (k <= 7375445))
	  ->  Bitmap Index Scan on k_2  (cost=0.00..5.43 rows=100 width=0)
	        Index Cond: ((k >= 7375345) AND (k <= 7375445))

table 3 : explain SELECT k, c FROM sbtest3 WHERE k BETWEEN 7375345 AND 7375445
	Bitmap Heap Scan on sbtest3  (cost=5.50..417.49 rows=104 width=125)
	  Recheck Cond: ((k >= 7375345) AND (k <= 7375445))
	  ->  Bitmap Index Scan on k_3  (cost=0.00..5.47 rows=104 width=0)
	        Index Cond: ((k >= 7375345) AND (k <= 7375445))

table 4 : explain SELECT k, c FROM sbtest4 WHERE k BETWEEN 7375345 AND 7375445
	Bitmap Heap Scan on sbtest4  (cost=5.42..385.99 rows=96 width=125)
	  Recheck Cond: ((k >= 7375345) AND (k <= 7375445))
	  ->  Bitmap Index Scan on k_4  (cost=0.00..5.39 rows=96 width=0)
	        Index Cond: ((k >= 7375345) AND (k <= 7375445))

table 5 : explain SELECT k, c FROM sbtest5 WHERE k BETWEEN 7375345 AND 7375445
	Bitmap Heap Scan on sbtest5  (cost=5.53..429.14 rows=107 width=125)
	  Recheck Cond: ((k >= 7375345) AND (k <= 7375445))
	  ->  Bitmap Index Scan on k_5  (cost=0.00..5.50 rows=107 width=0)
	        Index Cond: ((k >= 7375345) AND (k <= 7375445))

table 6 : explain SELECT k, c FROM sbtest6 WHERE k BETWEEN 7375345 AND 7375445
	Bitmap Heap Scan on sbtest6  (cost=5.56..441.06 rows=110 width=125)
	  Recheck Cond: ((k >= 7375345) AND (k <= 7375445))
	  ->  Bitmap Index Scan on k_6  (cost=0.00..5.53 rows=110 width=0)
	        Index Cond: ((k >= 7375345) AND (k <= 7375445))

table 7 : explain SELECT k, c FROM sbtest7 WHERE k BETWEEN 7375345 AND 7375445
	Bitmap Heap Scan on sbtest7  (cost=5.44..393.91 rows=98 width=125)
	  Recheck Cond: ((k >= 7375345) AND (k <= 7375445))
	  ->  Bitmap Index Scan on k_7  (cost=0.00..5.42 rows=98 width=0)
	        Index Cond: ((k >= 7375345) AND (k <= 7375445))

table 8 : explain SELECT k, c FROM sbtest8 WHERE k BETWEEN 7375345 AND 7375445
	Bitmap Heap Scan on sbtest8  (cost=5.50..417.54 rows=104 width=125)
	  Recheck Cond: ((k >= 7375345) AND (k <= 7375445))
	  ->  Bitmap Index Scan on k_8  (cost=0.00..5.47 rows=104 width=0)
	        Index Cond: ((k >= 7375345) AND (k <= 7375445))

explain: for range-notcovered :: explain SELECT k, c FROM sbtest%d WHERE k BETWEEN 7375345 AND 7375445
explain: for range-notcovered :: explain SELECT k, c FROM sbtest%d WHERE k BETWEEN 2537438 AND 2537538
for range-notcovered
table 1 : explain SELECT k, c FROM sbtest1 WHERE k BETWEEN 4678691 AND 4678791
	Bitmap Heap Scan on sbtest1  (cost=5.52..425.31 rows=106 width=125)
	  Recheck Cond: ((k >= 4678691) AND (k <= 4678791))
	  ->  Bitmap Index Scan on k_1  (cost=0.00..5.50 rows=106 width=0)
	        Index Cond: ((k >= 4678691) AND (k <= 4678791))

table 2 : explain SELECT k, c FROM sbtest2 WHERE k BETWEEN 4678691 AND 4678791
	Bitmap Heap Scan on sbtest2  (cost=5.46..401.62 rows=100 width=125)
	  Recheck Cond: ((k >= 4678691) AND (k <= 4678791))
	  ->  Bitmap Index Scan on k_2  (cost=0.00..5.43 rows=100 width=0)
	        Index Cond: ((k >= 4678691) AND (k <= 4678791))

table 3 : explain SELECT k, c FROM sbtest3 WHERE k BETWEEN 4678691 AND 4678791
	Bitmap Heap Scan on sbtest3  (cost=5.59..452.97 rows=113 width=125)
	  Recheck Cond: ((k >= 4678691) AND (k <= 4678791))
	  ->  Bitmap Index Scan on k_3  (cost=0.00..5.56 rows=113 width=0)
	        Index Cond: ((k >= 4678691) AND (k <= 4678791))

table 4 : explain SELECT k, c FROM sbtest4 WHERE k BETWEEN 4678691 AND 4678791
	Bitmap Heap Scan on sbtest4  (cost=5.54..433.36 rows=108 width=125)
	  Recheck Cond: ((k >= 4678691) AND (k <= 4678791))
	  ->  Bitmap Index Scan on k_4  (cost=0.00..5.51 rows=108 width=0)
	        Index Cond: ((k >= 4678691) AND (k <= 4678791))

table 5 : explain SELECT k, c FROM sbtest5 WHERE k BETWEEN 4678691 AND 4678791
	Bitmap Heap Scan on sbtest5  (cost=5.50..417.31 rows=104 width=125)
	  Recheck Cond: ((k >= 4678691) AND (k <= 4678791))
	  ->  Bitmap Index Scan on k_5  (cost=0.00..5.47 rows=104 width=0)
	        Index Cond: ((k >= 4678691) AND (k <= 4678791))

table 6 : explain SELECT k, c FROM sbtest6 WHERE k BETWEEN 4678691 AND 4678791
	Bitmap Heap Scan on sbtest6  (cost=5.61..460.76 rows=115 width=125)
	  Recheck Cond: ((k >= 4678691) AND (k <= 4678791))
	  ->  Bitmap Index Scan on k_6  (cost=0.00..5.58 rows=115 width=0)
	        Index Cond: ((k >= 4678691) AND (k <= 4678791))

table 7 : explain SELECT k, c FROM sbtest7 WHERE k BETWEEN 4678691 AND 4678791
	Bitmap Heap Scan on sbtest7  (cost=5.51..421.54 rows=105 width=125)
	  Recheck Cond: ((k >= 4678691) AND (k <= 4678791))
	  ->  Bitmap Index Scan on k_7  (cost=0.00..5.48 rows=105 width=0)
	        Index Cond: ((k >= 4678691) AND (k <= 4678791))

table 8 : explain SELECT k, c FROM sbtest8 WHERE k BETWEEN 4678691 AND 4678791
	Bitmap Heap Scan on sbtest8  (cost=5.51..421.49 rows=105 width=125)
	  Recheck Cond: ((k >= 4678691) AND (k <= 4678791))
	  ->  Bitmap Index Scan on k_8  (cost=0.00..5.48 rows=105 width=0)
	        Index Cond: ((k >= 4678691) AND (k <= 4678791))

explain: for range-notcovered :: explain SELECT k, c FROM sbtest%d WHERE k BETWEEN 4678691 AND 4678791
explain: for range-notcovered :: explain SELECT k, c FROM sbtest%d WHERE k BETWEEN 5523118 AND 5523218
for range-notcovered
table 1 : explain SELECT k, c FROM sbtest1 WHERE k BETWEEN 2672780 AND 2672880
	Bitmap Heap Scan on sbtest1  (cost=5.49..413.48 rows=103 width=125)
	  Recheck Cond: ((k >= 2672780) AND (k <= 2672880))
	  ->  Bitmap Index Scan on k_1  (cost=0.00..5.46 rows=103 width=0)
	        Index Cond: ((k >= 2672780) AND (k <= 2672880))

table 2 : explain SELECT k, c FROM sbtest2 WHERE k BETWEEN 2672780 AND 2672880
	Bitmap Heap Scan on sbtest2  (cost=5.48..409.51 rows=102 width=125)
	  Recheck Cond: ((k >= 2672780) AND (k <= 2672880))
	  ->  Bitmap Index Scan on k_2  (cost=0.00..5.45 rows=102 width=0)
	        Index Cond: ((k >= 2672780) AND (k <= 2672880))

table 3 : explain SELECT k, c FROM sbtest3 WHERE k BETWEEN 2672780 AND 2672880
	Bitmap Heap Scan on sbtest3  (cost=5.45..397.76 rows=99 width=125)
	  Recheck Cond: ((k >= 2672780) AND (k <= 2672880))
	  ->  Bitmap Index Scan on k_3  (cost=0.00..5.42 rows=99 width=0)
	        Index Cond: ((k >= 2672780) AND (k <= 2672880))

table 4 : explain SELECT k, c FROM sbtest4 WHERE k BETWEEN 2672780 AND 2672880
	Bitmap Heap Scan on sbtest4  (cost=5.50..417.58 rows=104 width=125)
	  Recheck Cond: ((k >= 2672780) AND (k <= 2672880))
	  ->  Bitmap Index Scan on k_4  (cost=0.00..5.47 rows=104 width=0)
	        Index Cond: ((k >= 2672780) AND (k <= 2672880))

table 5 : explain SELECT k, c FROM sbtest5 WHERE k BETWEEN 2672780 AND 2672880
	Bitmap Heap Scan on sbtest5  (cost=5.40..377.87 rows=94 width=125)
	  Recheck Cond: ((k >= 2672780) AND (k <= 2672880))
	  ->  Bitmap Index Scan on k_5  (cost=0.00..5.38 rows=94 width=0)
	        Index Cond: ((k >= 2672780) AND (k <= 2672880))

table 6 : explain SELECT k, c FROM sbtest6 WHERE k BETWEEN 2672780 AND 2672880
	Bitmap Heap Scan on sbtest6  (cost=5.45..397.68 rows=99 width=125)
	  Recheck Cond: ((k >= 2672780) AND (k <= 2672880))
	  ->  Bitmap Index Scan on k_6  (cost=0.00..5.42 rows=99 width=0)
	        Index Cond: ((k >= 2672780) AND (k <= 2672880))

table 7 : explain SELECT k, c FROM sbtest7 WHERE k BETWEEN 2672780 AND 2672880
	Bitmap Heap Scan on sbtest7  (cost=5.52..425.49 rows=106 width=125)
	  Recheck Cond: ((k >= 2672780) AND (k <= 2672880))
	  ->  Bitmap Index Scan on k_7  (cost=0.00..5.50 rows=106 width=0)
	        Index Cond: ((k >= 2672780) AND (k <= 2672880))

table 8 : explain SELECT k, c FROM sbtest8 WHERE k BETWEEN 2672780 AND 2672880
	Bitmap Heap Scan on sbtest8  (cost=5.54..433.32 rows=108 width=125)
	  Recheck Cond: ((k >= 2672780) AND (k <= 2672880))
	  ->  Bitmap Index Scan on k_8  (cost=0.00..5.51 rows=108 width=0)
	        Index Cond: ((k >= 2672780) AND (k <= 2672880))

for range-notcovered
table 1 : explain SELECT k, c FROM sbtest1 WHERE k BETWEEN 8328877 AND 8328977
	Bitmap Heap Scan on sbtest1  (cost=5.50..417.43 rows=104 width=125)
	  Recheck Cond: ((k >= 8328877) AND (k <= 8328977))
	  ->  Bitmap Index Scan on k_1  (cost=0.00..5.47 rows=104 width=0)
	        Index Cond: ((k >= 8328877) AND (k <= 8328977))

table 2 : explain SELECT k, c FROM sbtest2 WHERE k BETWEEN 8328877 AND 8328977
	Bitmap Heap Scan on sbtest2  (cost=5.47..405.56 rows=101 width=125)
	  Recheck Cond: ((k >= 8328877) AND (k <= 8328977))
	  ->  Bitmap Index Scan on k_2  (cost=0.00..5.44 rows=101 width=0)
	        Index Cond: ((k >= 8328877) AND (k <= 8328977))

table 3 : explain SELECT k, c FROM sbtest3 WHERE k BETWEEN 8328877 AND 8328977
	Bitmap Heap Scan on sbtest3  (cost=5.39..374.07 rows=93 width=125)
	  Recheck Cond: ((k >= 8328877) AND (k <= 8328977))
	  ->  Bitmap Index Scan on k_3  (cost=0.00..5.36 rows=93 width=0)
	        Index Cond: ((k >= 8328877) AND (k <= 8328977))

table 4 : explain SELECT k, c FROM sbtest4 WHERE k BETWEEN 8328877 AND 8328977
	Bitmap Heap Scan on sbtest4  (cost=5.46..401.79 rows=100 width=125)
	  Recheck Cond: ((k >= 8328877) AND (k <= 8328977))
	  ->  Bitmap Index Scan on k_4  (cost=0.00..5.43 rows=100 width=0)
	        Index Cond: ((k >= 8328877) AND (k <= 8328977))

table 5 : explain SELECT k, c FROM sbtest5 WHERE k BETWEEN 8328877 AND 8328977
	Bitmap Heap Scan on sbtest5  (cost=5.47..405.48 rows=101 width=125)
	  Recheck Cond: ((k >= 8328877) AND (k <= 8328977))
	  ->  Bitmap Index Scan on k_5  (cost=0.00..5.44 rows=101 width=0)
	        Index Cond: ((k >= 8328877) AND (k <= 8328977))

table 6 : explain SELECT k, c FROM sbtest6 WHERE k BETWEEN 8328877 AND 8328977
	Bitmap Heap Scan on sbtest6  (cost=5.53..429.23 rows=107 width=125)
	  Recheck Cond: ((k >= 8328877) AND (k <= 8328977))
	  ->  Bitmap Index Scan on k_6  (cost=0.00..5.50 rows=107 width=0)
	        Index Cond: ((k >= 8328877) AND (k <= 8328977))

table 7 : explain SELECT k, c FROM sbtest7 WHERE k BETWEEN 8328877 AND 8328977
	Bitmap Heap Scan on sbtest7  (cost=5.42..386.01 rows=96 width=125)
	  Recheck Cond: ((k >= 8328877) AND (k <= 8328977))
	  ->  Bitmap Index Scan on k_7  (cost=0.00..5.39 rows=96 width=0)
	        Index Cond: ((k >= 8328877) AND (k <= 8328977))

table 8 : explain SELECT k, c FROM sbtest8 WHERE k BETWEEN 8328877 AND 8328977
	Bitmap Heap Scan on sbtest8  (cost=5.43..389.91 rows=97 width=125)
	  Recheck Cond: ((k >= 8328877) AND (k <= 8328977))
	  ->  Bitmap Index Scan on k_8  (cost=0.00..5.40 rows=97 width=0)
	        Index Cond: ((k >= 8328877) AND (k <= 8328977))
explain: for range-notcovered :: explain SELECT k, c FROM sbtest%d WHERE k BETWEEN 2672780 AND 2672880

explain: for range-notcovered :: explain SELECT k, c FROM sbtest%d WHERE k BETWEEN 8565714 AND 8565814
for range-notcovered
table 1 : explain SELECT k, c FROM sbtest1 WHERE k BETWEEN 2498134 AND 2498234
	Bitmap Heap Scan on sbtest1  (cost=5.50..417.43 rows=104 width=125)
	  Recheck Cond: ((k >= 2498134) AND (k <= 2498234))
	  ->  Bitmap Index Scan on k_1  (cost=0.00..5.47 rows=104 width=0)
	        Index Cond: ((k >= 2498134) AND (k <= 2498234))

table 2 : explain SELECT k, c FROM sbtest2 WHERE k BETWEEN 2498134 AND 2498234
	Bitmap Heap Scan on sbtest2  (cost=5.51..421.34 rows=105 width=125)
	  Recheck Cond: ((k >= 2498134) AND (k <= 2498234))
	  ->  Bitmap Index Scan on k_2  (cost=0.00..5.48 rows=105 width=0)
	        Index Cond: ((k >= 2498134) AND (k <= 2498234))

table 3 : explain SELECT k, c FROM sbtest3 WHERE k BETWEEN 2498134 AND 2498234
	Bitmap Heap Scan on sbtest3  (cost=5.53..429.32 rows=107 width=125)
	  Recheck Cond: ((k >= 2498134) AND (k <= 2498234))
	  ->  Bitmap Index Scan on k_3  (cost=0.00..5.50 rows=107 width=0)
	        Index Cond: ((k >= 2498134) AND (k <= 2498234))

table 4 : explain SELECT k, c FROM sbtest4 WHERE k BETWEEN 2498134 AND 2498234
	Bitmap Heap Scan on sbtest4  (cost=5.41..382.05 rows=95 width=125)
	  Recheck Cond: ((k >= 2498134) AND (k <= 2498234))
	  ->  Bitmap Index Scan on k_4  (cost=0.00..5.38 rows=95 width=0)
	        Index Cond: ((k >= 2498134) AND (k <= 2498234))

table 5 : explain SELECT k, c FROM sbtest5 WHERE k BETWEEN 2498134 AND 2498234
	Bitmap Heap Scan on sbtest5  (cost=5.50..417.31 rows=104 width=125)
	  Recheck Cond: ((k >= 2498134) AND (k <= 2498234))
	  ->  Bitmap Index Scan on k_5  (cost=0.00..5.47 rows=104 width=0)
	        Index Cond: ((k >= 2498134) AND (k <= 2498234))

table 6 : explain SELECT k, c FROM sbtest6 WHERE k BETWEEN 2498134 AND 2498234
	Bitmap Heap Scan on sbtest6  (cost=5.42..385.84 rows=96 width=125)
	  Recheck Cond: ((k >= 2498134) AND (k <= 2498234))
	  ->  Bitmap Index Scan on k_6  (cost=0.00..5.39 rows=96 width=0)
	        Index Cond: ((k >= 2498134) AND (k <= 2498234))

table 7 : explain SELECT k, c FROM sbtest7 WHERE k BETWEEN 2498134 AND 2498234
	Bitmap Heap Scan on sbtest7  (cost=5.58..449.16 rows=112 width=125)
	  Recheck Cond: ((k >= 2498134) AND (k <= 2498234))
	  ->  Bitmap Index Scan on k_7  (cost=0.00..5.55 rows=112 width=0)
	        Index Cond: ((k >= 2498134) AND (k <= 2498234))

table 8 : explain SELECT k, c FROM sbtest8 WHERE k BETWEEN 2498134 AND 2498234
	Bitmap Heap Scan on sbtest8  (cost=5.45..397.81 rows=99 width=125)
	  Recheck Cond: ((k >= 2498134) AND (k <= 2498234))
	  ->  Bitmap Index Scan on k_8  (cost=0.00..5.42 rows=99 width=0)
	        Index Cond: ((k >= 2498134) AND (k <= 2498234))

explain: for range-notcovered :: explain SELECT k, c FROM sbtest%d WHERE k BETWEEN 8328877 AND 8328977
for range-notcovered
table 1 : explain SELECT k, c FROM sbtest1 WHERE k BETWEEN 5605207 AND 5605307
	Bitmap Heap Scan on sbtest1  (cost=5.48..409.54 rows=102 width=125)
	  Recheck Cond: ((k >= 5605207) AND (k <= 5605307))
	  ->  Bitmap Index Scan on k_1  (cost=0.00..5.45 rows=102 width=0)
	        Index Cond: ((k >= 5605207) AND (k <= 5605307))

table 2 : explain SELECT k, c FROM sbtest2 WHERE k BETWEEN 5605207 AND 5605307
	Bitmap Heap Scan on sbtest2  (cost=5.52..425.28 rows=106 width=125)
	  Recheck Cond: ((k >= 5605207) AND (k <= 5605307))
	  ->  Bitmap Index Scan on k_2  (cost=0.00..5.50 rows=106 width=0)
	        Index Cond: ((k >= 5605207) AND (k <= 5605307))

table 3 : explain SELECT k, c FROM sbtest3 WHERE k BETWEEN 5605207 AND 5605307
	Bitmap Heap Scan on sbtest3  (cost=5.51..421.43 rows=105 width=125)
	  Recheck Cond: ((k >= 5605207) AND (k <= 5605307))
	  ->  Bitmap Index Scan on k_3  (cost=0.00..5.48 rows=105 width=0)
	        Index Cond: ((k >= 5605207) AND (k <= 5605307))

table 4 : explain SELECT k, c FROM sbtest4 WHERE k BETWEEN 5605207 AND 5605307
	Bitmap Heap Scan on sbtest4  (cost=5.49..413.63 rows=103 width=125)
	  Recheck Cond: ((k >= 5605207) AND (k <= 5605307))
	  ->  Bitmap Index Scan on k_4  (cost=0.00..5.46 rows=103 width=0)
	        Index Cond: ((k >= 5605207) AND (k <= 5605307))

table 5 : explain SELECT k, c FROM sbtest5 WHERE k BETWEEN 5605207 AND 5605307
	Bitmap Heap Scan on sbtest5  (cost=5.54..433.08 rows=108 width=125)
	  Recheck Cond: ((k >= 5605207) AND (k <= 5605307))
	  ->  Bitmap Index Scan on k_5  (cost=0.00..5.51 rows=108 width=0)
	        Index Cond: ((k >= 5605207) AND (k <= 5605307))

table 6 : explain SELECT k, c FROM sbtest6 WHERE k BETWEEN 5605207 AND 5605307
	Bitmap Heap Scan on sbtest6  (cost=5.42..385.84 rows=96 width=125)
	  Recheck Cond: ((k >= 5605207) AND (k <= 5605307))
	  ->  Bitmap Index Scan on k_6  (cost=0.00..5.39 rows=96 width=0)
	        Index Cond: ((k >= 5605207) AND (k <= 5605307))

table 7 : explain SELECT k, c FROM sbtest7 WHERE k BETWEEN 5605207 AND 5605307
	Bitmap Heap Scan on sbtest7  (cost=5.46..401.81 rows=100 width=125)
	  Recheck Cond: ((k >= 5605207) AND (k <= 5605307))
	  ->  Bitmap Index Scan on k_7  (cost=0.00..5.43 rows=100 width=0)
	        Index Cond: ((k >= 5605207) AND (k <= 5605307))

table 8 : explain SELECT k, c FROM sbtest8 WHERE k BETWEEN 5605207 AND 5605307
	Bitmap Heap Scan on sbtest8  (cost=5.40..378.07 rows=94 width=125)
	  Recheck Cond: ((k >= 5605207) AND (k <= 5605307))
	  ->  Bitmap Index Scan on k_8  (cost=0.00..5.38 rows=94 width=0)
	        Index Cond: ((k >= 5605207) AND (k <= 5605307))

for range-notcovered
table 1 : explain SELECT k, c FROM sbtest1 WHERE k BETWEEN 7375345 AND 7375445
	Bitmap Heap Scan on sbtest1  (cost=5.52..425.31 rows=106 width=125)
	  Recheck Cond: ((k >= 7375345) AND (k <= 7375445))
	  ->  Bitmap Index Scan on k_1  (cost=0.00..5.50 rows=106 width=0)
	        Index Cond: ((k >= 7375345) AND (k <= 7375445))

table 2 : explain SELECT k, c FROM sbtest2 WHERE k BETWEEN 7375345 AND 7375445
	Bitmap Heap Scan on sbtest2  (cost=5.46..401.62 rows=100 width=125)
	  Recheck Cond: ((k >= 7375345) AND (k <= 7375445))
	  ->  Bitmap Index Scan on k_2  (cost=0.00..5.43 rows=100 width=0)
	        Index Cond: ((k >= 7375345) AND (k <= 7375445))

table 3 : explain SELECT k, c FROM sbtest3 WHERE k BETWEEN 7375345 AND 7375445
	Bitmap Heap Scan on sbtest3  (cost=5.50..417.49 rows=104 width=125)
	  Recheck Cond: ((k >= 7375345) AND (k <= 7375445))
	  ->  Bitmap Index Scan on k_3  (cost=0.00..5.47 rows=104 width=0)
	        Index Cond: ((k >= 7375345) AND (k <= 7375445))

table 4 : explain SELECT k, c FROM sbtest4 WHERE k BETWEEN 7375345 AND 7375445
	Bitmap Heap Scan on sbtest4  (cost=5.42..385.99 rows=96 width=125)
	  Recheck Cond: ((k >= 7375345) AND (k <= 7375445))
	  ->  Bitmap Index Scan on k_4  (cost=0.00..5.39 rows=96 width=0)
	        Index Cond: ((k >= 7375345) AND (k <= 7375445))

table 5 : explain SELECT k, c FROM sbtest5 WHERE k BETWEEN 7375345 AND 7375445
	Bitmap Heap Scan on sbtest5  (cost=5.53..429.14 rows=107 width=125)
	  Recheck Cond: ((k >= 7375345) AND (k <= 7375445))
	  ->  Bitmap Index Scan on k_5  (cost=0.00..5.50 rows=107 width=0)
	        Index Cond: ((k >= 7375345) AND (k <= 7375445))

table 6 : explain SELECT k, c FROM sbtest6 WHERE k BETWEEN 7375345 AND 7375445
	Bitmap Heap Scan on sbtest6  (cost=5.56..441.06 rows=110 width=125)
	  Recheck Cond: ((k >= 7375345) AND (k <= 7375445))
	  ->  Bitmap Index Scan on k_6  (cost=0.00..5.53 rows=110 width=0)
	        Index Cond: ((k >= 7375345) AND (k <= 7375445))

table 7 : explain SELECT k, c FROM sbtest7 WHERE k BETWEEN 7375345 AND 7375445
	Bitmap Heap Scan on sbtest7  (cost=5.44..393.91 rows=98 width=125)
	  Recheck Cond: ((k >= 7375345) AND (k <= 7375445))
	  ->  Bitmap Index Scan on k_7  (cost=0.00..5.42 rows=98 width=0)
	        Index Cond: ((k >= 7375345) AND (k <= 7375445))

table 8 : explain SELECT k, c FROM sbtest8 WHERE k BETWEEN 7375345 AND 7375445
	Bitmap Heap Scan on sbtest8  (cost=5.50..417.54 rows=104 width=125)
	  Recheck Cond: ((k >= 7375345) AND (k <= 7375445))
	  ->  Bitmap Index Scan on k_8  (cost=0.00..5.47 rows=104 width=0)
	        Index Cond: ((k >= 7375345) AND (k <= 7375445))

explain: for range-notcovered :: explain SELECT k, c FROM sbtest%d WHERE k BETWEEN 2498134 AND 2498234
for range-notcovered
table 1 : explain SELECT k, c FROM sbtest1 WHERE k BETWEEN 2537438 AND 2537538
	Bitmap Heap Scan on sbtest1  (cost=5.50..417.43 rows=104 width=125)
	  Recheck Cond: ((k >= 2537438) AND (k <= 2537538))
	  ->  Bitmap Index Scan on k_1  (cost=0.00..5.47 rows=104 width=0)
	        Index Cond: ((k >= 2537438) AND (k <= 2537538))

table 2 : explain SELECT k, c FROM sbtest2 WHERE k BETWEEN 2537438 AND 2537538
	Bitmap Heap Scan on sbtest2  (cost=5.48..409.51 rows=102 width=125)
	  Recheck Cond: ((k >= 2537438) AND (k <= 2537538))
	  ->  Bitmap Index Scan on k_2  (cost=0.00..5.45 rows=102 width=0)
	        Index Cond: ((k >= 2537438) AND (k <= 2537538))

table 3 : explain SELECT k, c FROM sbtest3 WHERE k BETWEEN 2537438 AND 2537538
	Bitmap Heap Scan on sbtest3  (cost=5.50..417.49 rows=104 width=125)
	  Recheck Cond: ((k >= 2537438) AND (k <= 2537538))
	  ->  Bitmap Index Scan on k_3  (cost=0.00..5.47 rows=104 width=0)
	        Index Cond: ((k >= 2537438) AND (k <= 2537538))

table 4 : explain SELECT k, c FROM sbtest4 WHERE k BETWEEN 2537438 AND 2537538
	Bitmap Heap Scan on sbtest4  (cost=5.42..385.99 rows=96 width=125)
	  Recheck Cond: ((k >= 2537438) AND (k <= 2537538))
	  ->  Bitmap Index Scan on k_4  (cost=0.00..5.39 rows=96 width=0)
	        Index Cond: ((k >= 2537438) AND (k <= 2537538))

table 5 : explain SELECT k, c FROM sbtest5 WHERE k BETWEEN 2537438 AND 2537538
	Bitmap Heap Scan on sbtest5  (cost=5.50..417.31 rows=104 width=125)
	  Recheck Cond: ((k >= 2537438) AND (k <= 2537538))
	  ->  Bitmap Index Scan on k_5  (cost=0.00..5.47 rows=104 width=0)
	        Index Cond: ((k >= 2537438) AND (k <= 2537538))

table 6 : explain SELECT k, c FROM sbtest6 WHERE k BETWEEN 2537438 AND 2537538
	Bitmap Heap Scan on sbtest6  (cost=5.45..397.68 rows=99 width=125)
	  Recheck Cond: ((k >= 2537438) AND (k <= 2537538))
	  ->  Bitmap Index Scan on k_6  (cost=0.00..5.42 rows=99 width=0)
	        Index Cond: ((k >= 2537438) AND (k <= 2537538))

table 7 : explain SELECT k, c FROM sbtest7 WHERE k BETWEEN 2537438 AND 2537538
	Bitmap Heap Scan on sbtest7  (cost=5.47..405.76 rows=101 width=125)
	  Recheck Cond: ((k >= 2537438) AND (k <= 2537538))
	  ->  Bitmap Index Scan on k_7  (cost=0.00..5.44 rows=101 width=0)
	        Index Cond: ((k >= 2537438) AND (k <= 2537538))

table 8 : explain SELECT k, c FROM sbtest8 WHERE k BETWEEN 2537438 AND 2537538
	Bitmap Heap Scan on sbtest8  (cost=5.45..397.81 rows=99 width=125)
	  Recheck Cond: ((k >= 2537438) AND (k <= 2537538))
	  ->  Bitmap Index Scan on k_8  (cost=0.00..5.42 rows=99 width=0)
	        Index Cond: ((k >= 2537438) AND (k <= 2537538))

explain: for range-notcovered :: explain SELECT k, c FROM sbtest%d WHERE k BETWEEN 5605207 AND 5605307
explain: for range-notcovered :: explain SELECT k, c FROM sbtest%d WHERE k BETWEEN 7375345 AND 7375445
explain: for range-notcovered :: explain SELECT k, c FROM sbtest%d WHERE k BETWEEN 2537438 AND 2537538
for range-notcovered
table 1 : explain SELECT k, c FROM sbtest1 WHERE k BETWEEN 4678691 AND 4678791
	Bitmap Heap Scan on sbtest1  (cost=5.52..425.31 rows=106 width=125)
	  Recheck Cond: ((k >= 4678691) AND (k <= 4678791))
	  ->  Bitmap Index Scan on k_1  (cost=0.00..5.50 rows=106 width=0)
	        Index Cond: ((k >= 4678691) AND (k <= 4678791))

table 2 : explain SELECT k, c FROM sbtest2 WHERE k BETWEEN 4678691 AND 4678791
	Bitmap Heap Scan on sbtest2  (cost=5.46..401.62 rows=100 width=125)
	  Recheck Cond: ((k >= 4678691) AND (k <= 4678791))
	  ->  Bitmap Index Scan on k_2  (cost=0.00..5.43 rows=100 width=0)
	        Index Cond: ((k >= 4678691) AND (k <= 4678791))

table 3 : explain SELECT k, c FROM sbtest3 WHERE k BETWEEN 4678691 AND 4678791
	Bitmap Heap Scan on sbtest3  (cost=5.59..452.97 rows=113 width=125)
	  Recheck Cond: ((k >= 4678691) AND (k <= 4678791))
	  ->  Bitmap Index Scan on k_3  (cost=0.00..5.56 rows=113 width=0)
	        Index Cond: ((k >= 4678691) AND (k <= 4678791))

table 4 : explain SELECT k, c FROM sbtest4 WHERE k BETWEEN 4678691 AND 4678791
	Bitmap Heap Scan on sbtest4  (cost=5.54..433.36 rows=108 width=125)
	  Recheck Cond: ((k >= 4678691) AND (k <= 4678791))
	  ->  Bitmap Index Scan on k_4  (cost=0.00..5.51 rows=108 width=0)
	        Index Cond: ((k >= 4678691) AND (k <= 4678791))

table 5 : explain SELECT k, c FROM sbtest5 WHERE k BETWEEN 4678691 AND 4678791
	Bitmap Heap Scan on sbtest5  (cost=5.50..417.31 rows=104 width=125)
	  Recheck Cond: ((k >= 4678691) AND (k <= 4678791))
	  ->  Bitmap Index Scan on k_5  (cost=0.00..5.47 rows=104 width=0)
	        Index Cond: ((k >= 4678691) AND (k <= 4678791))

table 6 : explain SELECT k, c FROM sbtest6 WHERE k BETWEEN 4678691 AND 4678791
	Bitmap Heap Scan on sbtest6  (cost=5.61..460.76 rows=115 width=125)
	  Recheck Cond: ((k >= 4678691) AND (k <= 4678791))
	  ->  Bitmap Index Scan on k_6  (cost=0.00..5.58 rows=115 width=0)
	        Index Cond: ((k >= 4678691) AND (k <= 4678791))

table 7 : explain SELECT k, c FROM sbtest7 WHERE k BETWEEN 4678691 AND 4678791
	Bitmap Heap Scan on sbtest7  (cost=5.51..421.54 rows=105 width=125)
	  Recheck Cond: ((k >= 4678691) AND (k <= 4678791))
	  ->  Bitmap Index Scan on k_7  (cost=0.00..5.48 rows=105 width=0)
	        Index Cond: ((k >= 4678691) AND (k <= 4678791))

table 8 : explain SELECT k, c FROM sbtest8 WHERE k BETWEEN 4678691 AND 4678791
	Bitmap Heap Scan on sbtest8  (cost=5.51..421.49 rows=105 width=125)
	  Recheck Cond: ((k >= 4678691) AND (k <= 4678791))
	  ->  Bitmap Index Scan on k_8  (cost=0.00..5.48 rows=105 width=0)
	        Index Cond: ((k >= 4678691) AND (k <= 4678791))

explain: for range-notcovered :: explain SELECT k, c FROM sbtest%d WHERE k BETWEEN 4678691 AND 4678791
explain: for range-notcovered :: explain SELECT k, c FROM sbtest%d WHERE k BETWEEN 5016461 AND 5016561
for range-notcovered
table 1 : explain SELECT k, c FROM sbtest1 WHERE k BETWEEN 2672780 AND 2672880
	Bitmap Heap Scan on sbtest1  (cost=5.49..413.48 rows=103 width=125)
	  Recheck Cond: ((k >= 2672780) AND (k <= 2672880))
	  ->  Bitmap Index Scan on k_1  (cost=0.00..5.46 rows=103 width=0)
	        Index Cond: ((k >= 2672780) AND (k <= 2672880))

table 2 : explain SELECT k, c FROM sbtest2 WHERE k BETWEEN 2672780 AND 2672880
	Bitmap Heap Scan on sbtest2  (cost=5.48..409.51 rows=102 width=125)
	  Recheck Cond: ((k >= 2672780) AND (k <= 2672880))
	  ->  Bitmap Index Scan on k_2  (cost=0.00..5.45 rows=102 width=0)
	        Index Cond: ((k >= 2672780) AND (k <= 2672880))

table 3 : explain SELECT k, c FROM sbtest3 WHERE k BETWEEN 2672780 AND 2672880
	Bitmap Heap Scan on sbtest3  (cost=5.45..397.76 rows=99 width=125)
	  Recheck Cond: ((k >= 2672780) AND (k <= 2672880))
	  ->  Bitmap Index Scan on k_3  (cost=0.00..5.42 rows=99 width=0)
	        Index Cond: ((k >= 2672780) AND (k <= 2672880))

table 4 : explain SELECT k, c FROM sbtest4 WHERE k BETWEEN 2672780 AND 2672880
	Bitmap Heap Scan on sbtest4  (cost=5.50..417.58 rows=104 width=125)
	  Recheck Cond: ((k >= 2672780) AND (k <= 2672880))
	  ->  Bitmap Index Scan on k_4  (cost=0.00..5.47 rows=104 width=0)
	        Index Cond: ((k >= 2672780) AND (k <= 2672880))

table 5 : explain SELECT k, c FROM sbtest5 WHERE k BETWEEN 2672780 AND 2672880
	Bitmap Heap Scan on sbtest5  (cost=5.40..377.87 rows=94 width=125)
	  Recheck Cond: ((k >= 2672780) AND (k <= 2672880))
	  ->  Bitmap Index Scan on k_5  (cost=0.00..5.38 rows=94 width=0)
	        Index Cond: ((k >= 2672780) AND (k <= 2672880))

table 6 : explain SELECT k, c FROM sbtest6 WHERE k BETWEEN 2672780 AND 2672880
	Bitmap Heap Scan on sbtest6  (cost=5.45..397.68 rows=99 width=125)
	  Recheck Cond: ((k >= 2672780) AND (k <= 2672880))
	  ->  Bitmap Index Scan on k_6  (cost=0.00..5.42 rows=99 width=0)
	        Index Cond: ((k >= 2672780) AND (k <= 2672880))

table 7 : explain SELECT k, c FROM sbtest7 WHERE k BETWEEN 2672780 AND 2672880
	Bitmap Heap Scan on sbtest7  (cost=5.52..425.49 rows=106 width=125)
	  Recheck Cond: ((k >= 2672780) AND (k <= 2672880))
	  ->  Bitmap Index Scan on k_7  (cost=0.00..5.50 rows=106 width=0)
	        Index Cond: ((k >= 2672780) AND (k <= 2672880))

table 8 : explain SELECT k, c FROM sbtest8 WHERE k BETWEEN 2672780 AND 2672880
	Bitmap Heap Scan on sbtest8  (cost=5.54..433.32 rows=108 width=125)
	  Recheck Cond: ((k >= 2672780) AND (k <= 2672880))
	  ->  Bitmap Index Scan on k_8  (cost=0.00..5.51 rows=108 width=0)
	        Index Cond: ((k >= 2672780) AND (k <= 2672880))

explain: for range-notcovered :: explain SELECT k, c FROM sbtest%d WHERE k BETWEEN 2672780 AND 2672880
explain: for range-notcovered :: explain SELECT k, c FROM sbtest%d WHERE k BETWEEN 4672954 AND 4673054
for range-notcovered
table 1 : explain SELECT k, c FROM sbtest1 WHERE k BETWEEN 8328877 AND 8328977
	Bitmap Heap Scan on sbtest1  (cost=5.50..417.43 rows=104 width=125)
	  Recheck Cond: ((k >= 8328877) AND (k <= 8328977))
	  ->  Bitmap Index Scan on k_1  (cost=0.00..5.47 rows=104 width=0)
	        Index Cond: ((k >= 8328877) AND (k <= 8328977))

table 2 : explain SELECT k, c FROM sbtest2 WHERE k BETWEEN 8328877 AND 8328977
	Bitmap Heap Scan on sbtest2  (cost=5.47..405.56 rows=101 width=125)
	  Recheck Cond: ((k >= 8328877) AND (k <= 8328977))
	  ->  Bitmap Index Scan on k_2  (cost=0.00..5.44 rows=101 width=0)
	        Index Cond: ((k >= 8328877) AND (k <= 8328977))

table 3 : explain SELECT k, c FROM sbtest3 WHERE k BETWEEN 8328877 AND 8328977
	Bitmap Heap Scan on sbtest3  (cost=5.39..374.07 rows=93 width=125)
	  Recheck Cond: ((k >= 8328877) AND (k <= 8328977))
	  ->  Bitmap Index Scan on k_3  (cost=0.00..5.36 rows=93 width=0)
	        Index Cond: ((k >= 8328877) AND (k <= 8328977))

table 4 : explain SELECT k, c FROM sbtest4 WHERE k BETWEEN 8328877 AND 8328977
	Bitmap Heap Scan on sbtest4  (cost=5.46..401.79 rows=100 width=125)
	  Recheck Cond: ((k >= 8328877) AND (k <= 8328977))
	  ->  Bitmap Index Scan on k_4  (cost=0.00..5.43 rows=100 width=0)
	        Index Cond: ((k >= 8328877) AND (k <= 8328977))

table 5 : explain SELECT k, c FROM sbtest5 WHERE k BETWEEN 8328877 AND 8328977
	Bitmap Heap Scan on sbtest5  (cost=5.47..405.48 rows=101 width=125)
	  Recheck Cond: ((k >= 8328877) AND (k <= 8328977))
	  ->  Bitmap Index Scan on k_5  (cost=0.00..5.44 rows=101 width=0)
	        Index Cond: ((k >= 8328877) AND (k <= 8328977))

table 6 : explain SELECT k, c FROM sbtest6 WHERE k BETWEEN 8328877 AND 8328977
	Bitmap Heap Scan on sbtest6  (cost=5.53..429.23 rows=107 width=125)
	  Recheck Cond: ((k >= 8328877) AND (k <= 8328977))
	  ->  Bitmap Index Scan on k_6  (cost=0.00..5.50 rows=107 width=0)
	        Index Cond: ((k >= 8328877) AND (k <= 8328977))

table 7 : explain SELECT k, c FROM sbtest7 WHERE k BETWEEN 8328877 AND 8328977
	Bitmap Heap Scan on sbtest7  (cost=5.42..386.01 rows=96 width=125)
	  Recheck Cond: ((k >= 8328877) AND (k <= 8328977))
	  ->  Bitmap Index Scan on k_7  (cost=0.00..5.39 rows=96 width=0)
	        Index Cond: ((k >= 8328877) AND (k <= 8328977))

table 8 : explain SELECT k, c FROM sbtest8 WHERE k BETWEEN 8328877 AND 8328977
	Bitmap Heap Scan on sbtest8  (cost=5.43..389.91 rows=97 width=125)
	  Recheck Cond: ((k >= 8328877) AND (k <= 8328977))
	  ->  Bitmap Index Scan on k_8  (cost=0.00..5.40 rows=97 width=0)
	        Index Cond: ((k >= 8328877) AND (k <= 8328977))

for range-notcovered
table 1 : explain SELECT k, c FROM sbtest1 WHERE k BETWEEN 4737451 AND 4737551
	Bitmap Heap Scan on sbtest1  (cost=5.42..385.86 rows=96 width=125)
	  Recheck Cond: ((k >= 4737451) AND (k <= 4737551))
	  ->  Bitmap Index Scan on k_1  (cost=0.00..5.39 rows=96 width=0)
	        Index Cond: ((k >= 4737451) AND (k <= 4737551))

table 2 : explain SELECT k, c FROM sbtest2 WHERE k BETWEEN 4737451 AND 4737551
	Bitmap Heap Scan on sbtest2  (cost=5.46..401.62 rows=100 width=125)
	  Recheck Cond: ((k >= 4737451) AND (k <= 4737551))
	  ->  Bitmap Index Scan on k_2  (cost=0.00..5.43 rows=100 width=0)
	        Index Cond: ((k >= 4737451) AND (k <= 4737551))

table 3 : explain SELECT k, c FROM sbtest3 WHERE k BETWEEN 4737451 AND 4737551
	Bitmap Heap Scan on sbtest3  (cost=5.48..409.59 rows=102 width=125)
	  Recheck Cond: ((k >= 4737451) AND (k <= 4737551))
	  ->  Bitmap Index Scan on k_3  (cost=0.00..5.45 rows=102 width=0)
	        Index Cond: ((k >= 4737451) AND (k <= 4737551))

table 4 : explain SELECT k, c FROM sbtest4 WHERE k BETWEEN 4737451 AND 4737551
	Bitmap Heap Scan on sbtest4  (cost=5.48..409.68 rows=102 width=125)
	  Recheck Cond: ((k >= 4737451) AND (k <= 4737551))
	  ->  Bitmap Index Scan on k_4  (cost=0.00..5.45 rows=102 width=0)
	        Index Cond: ((k >= 4737451) AND (k <= 4737551))

table 5 : explain SELECT k, c FROM sbtest5 WHERE k BETWEEN 4737451 AND 4737551
	Bitmap Heap Scan on sbtest5  (cost=5.67..480.34 rows=120 width=125)
	  Recheck Cond: ((k >= 4737451) AND (k <= 4737551))
	  ->  Bitmap Index Scan on k_5  (cost=0.00..5.63 rows=120 width=0)
	        Index Cond: ((k >= 4737451) AND (k <= 4737551))

table 6 : explain SELECT k, c FROM sbtest6 WHERE k BETWEEN 4737451 AND 4737551
	Bitmap Heap Scan on sbtest6  (cost=5.57..445.00 rows=111 width=125)
	  Recheck Cond: ((k >= 4737451) AND (k <= 4737551))
	  ->  Bitmap Index Scan on k_6  (cost=0.00..5.54 rows=111 width=0)
	        Index Cond: ((k >= 4737451) AND (k <= 4737551))

table 7 : explain SELECT k, c FROM sbtest7 WHERE k BETWEEN 4737451 AND 4737551
	Bitmap Heap Scan on sbtest7  (cost=5.51..421.54 rows=105 width=125)
	  Recheck Cond: ((k >= 4737451) AND (k <= 4737551))
	  ->  Bitmap Index Scan on k_7  (cost=0.00..5.48 rows=105 width=0)
	        Index Cond: ((k >= 4737451) AND (k <= 4737551))

table 8 : explain SELECT k, c FROM sbtest8 WHERE k BETWEEN 4737451 AND 4737551
	Bitmap Heap Scan on sbtest8  (cost=5.51..421.49 rows=105 width=125)
	  Recheck Cond: ((k >= 4737451) AND (k <= 4737551))
	  ->  Bitmap Index Scan on k_8  (cost=0.00..5.48 rows=105 width=0)
	        Index Cond: ((k >= 4737451) AND (k <= 4737551))

for range-notcovered
table 1 : explain SELECT k, c FROM sbtest1 WHERE k BETWEEN 5605207 AND 5605307
	Bitmap Heap Scan on sbtest1  (cost=5.48..409.54 rows=102 width=125)
	  Recheck Cond: ((k >= 5605207) AND (k <= 5605307))
	  ->  Bitmap Index Scan on k_1  (cost=0.00..5.45 rows=102 width=0)
	        Index Cond: ((k >= 5605207) AND (k <= 5605307))

table 2 : explain SELECT k, c FROM sbtest2 WHERE k BETWEEN 5605207 AND 5605307
	Bitmap Heap Scan on sbtest2  (cost=5.52..425.28 rows=106 width=125)
	  Recheck Cond: ((k >= 5605207) AND (k <= 5605307))
	  ->  Bitmap Index Scan on k_2  (cost=0.00..5.50 rows=106 width=0)
	        Index Cond: ((k >= 5605207) AND (k <= 5605307))

table 3 : explain SELECT k, c FROM sbtest3 WHERE k BETWEEN 5605207 AND 5605307
	Bitmap Heap Scan on sbtest3  (cost=5.51..421.43 rows=105 width=125)
	  Recheck Cond: ((k >= 5605207) AND (k <= 5605307))
	  ->  Bitmap Index Scan on k_3  (cost=0.00..5.48 rows=105 width=0)
	        Index Cond: ((k >= 5605207) AND (k <= 5605307))

table 4 : explain SELECT k, c FROM sbtest4 WHERE k BETWEEN 5605207 AND 5605307
	Bitmap Heap Scan on sbtest4  (cost=5.49..413.63 rows=103 width=125)
	  Recheck Cond: ((k >= 5605207) AND (k <= 5605307))
	  ->  Bitmap Index Scan on k_4  (cost=0.00..5.46 rows=103 width=0)
	        Index Cond: ((k >= 5605207) AND (k <= 5605307))

table 5 : explain SELECT k, c FROM sbtest5 WHERE k BETWEEN 5605207 AND 5605307
	Bitmap Heap Scan on sbtest5  (cost=5.54..433.08 rows=108 width=125)
	  Recheck Cond: ((k >= 5605207) AND (k <= 5605307))
	  ->  Bitmap Index Scan on k_5  (cost=0.00..5.51 rows=108 width=0)
	        Index Cond: ((k >= 5605207) AND (k <= 5605307))

table 6 : explain SELECT k, c FROM sbtest6 WHERE k BETWEEN 5605207 AND 5605307
	Bitmap Heap Scan on sbtest6  (cost=5.42..385.84 rows=96 width=125)
	  Recheck Cond: ((k >= 5605207) AND (k <= 5605307))
	  ->  Bitmap Index Scan on k_6  (cost=0.00..5.39 rows=96 width=0)
	        Index Cond: ((k >= 5605207) AND (k <= 5605307))

table 7 : explain SELECT k, c FROM sbtest7 WHERE k BETWEEN 5605207 AND 5605307
	Bitmap Heap Scan on sbtest7  (cost=5.46..401.81 rows=100 width=125)
	  Recheck Cond: ((k >= 5605207) AND (k <= 5605307))
	  ->  Bitmap Index Scan on k_7  (cost=0.00..5.43 rows=100 width=0)
	        Index Cond: ((k >= 5605207) AND (k <= 5605307))

table 8 : explain SELECT k, c FROM sbtest8 WHERE k BETWEEN 5605207 AND 5605307
	Bitmap Heap Scan on sbtest8  (cost=5.40..378.07 rows=94 width=125)
	  Recheck Cond: ((k >= 5605207) AND (k <= 5605307))
	  ->  Bitmap Index Scan on k_8  (cost=0.00..5.38 rows=94 width=0)
	        Index Cond: ((k >= 5605207) AND (k <= 5605307))

for range-notcovered
table 1 : explain SELECT k, c FROM sbtest1 WHERE k BETWEEN 2537438 AND 2537538
	Bitmap Heap Scan on sbtest1  (cost=5.50..417.43 rows=104 width=125)
	  Recheck Cond: ((k >= 2537438) AND (k <= 2537538))
	  ->  Bitmap Index Scan on k_1  (cost=0.00..5.47 rows=104 width=0)
	        Index Cond: ((k >= 2537438) AND (k <= 2537538))

table 2 : explain SELECT k, c FROM sbtest2 WHERE k BETWEEN 2537438 AND 2537538
	Bitmap Heap Scan on sbtest2  (cost=5.48..409.51 rows=102 width=125)
	  Recheck Cond: ((k >= 2537438) AND (k <= 2537538))
	  ->  Bitmap Index Scan on k_2  (cost=0.00..5.45 rows=102 width=0)
	        Index Cond: ((k >= 2537438) AND (k <= 2537538))

table 3 : explain SELECT k, c FROM sbtest3 WHERE k BETWEEN 2537438 AND 2537538
	Bitmap Heap Scan on sbtest3  (cost=5.50..417.49 rows=104 width=125)
	  Recheck Cond: ((k >= 2537438) AND (k <= 2537538))
	  ->  Bitmap Index Scan on k_3  (cost=0.00..5.47 rows=104 width=0)
	        Index Cond: ((k >= 2537438) AND (k <= 2537538))

table 4 : explain SELECT k, c FROM sbtest4 WHERE k BETWEEN 2537438 AND 2537538
	Bitmap Heap Scan on sbtest4  (cost=5.42..385.99 rows=96 width=125)
	  Recheck Cond: ((k >= 2537438) AND (k <= 2537538))
	  ->  Bitmap Index Scan on k_4  (cost=0.00..5.39 rows=96 width=0)
	        Index Cond: ((k >= 2537438) AND (k <= 2537538))

table 5 : explain SELECT k, c FROM sbtest5 WHERE k BETWEEN 2537438 AND 2537538
	Bitmap Heap Scan on sbtest5  (cost=5.50..417.31 rows=104 width=125)
	  Recheck Cond: ((k >= 2537438) AND (k <= 2537538))
	  ->  Bitmap Index Scan on k_5  (cost=0.00..5.47 rows=104 width=0)
	        Index Cond: ((k >= 2537438) AND (k <= 2537538))

table 6 : explain SELECT k, c FROM sbtest6 WHERE k BETWEEN 2537438 AND 2537538
	Bitmap Heap Scan on sbtest6  (cost=5.45..397.68 rows=99 width=125)
	  Recheck Cond: ((k >= 2537438) AND (k <= 2537538))
	  ->  Bitmap Index Scan on k_6  (cost=0.00..5.42 rows=99 width=0)
	        Index Cond: ((k >= 2537438) AND (k <= 2537538))

table 7 : explain SELECT k, c FROM sbtest7 WHERE k BETWEEN 2537438 AND 2537538
	Bitmap Heap Scan on sbtest7  (cost=5.47..405.76 rows=101 width=125)
	  Recheck Cond: ((k >= 2537438) AND (k <= 2537538))
	  ->  Bitmap Index Scan on k_7  (cost=0.00..5.44 rows=101 width=0)
	        Index Cond: ((k >= 2537438) AND (k <= 2537538))

table 8 : explain SELECT k, c FROM sbtest8 WHERE k BETWEEN 2537438 AND 2537538
	Bitmap Heap Scan on sbtest8  (cost=5.45..397.81 rows=99 width=125)
	  Recheck Cond: ((k >= 2537438) AND (k <= 2537538))
	  ->  Bitmap Index Scan on k_8  (cost=0.00..5.42 rows=99 width=0)
	        Index Cond: ((k >= 2537438) AND (k <= 2537538))

explain: for range-notcovered :: explain SELECT k, c FROM sbtest%d WHERE k BETWEEN 4737451 AND 4737551
for range-notcovered
table 1 : explain SELECT k, c FROM sbtest1 WHERE k BETWEEN 2498134 AND 2498234
	Bitmap Heap Scan on sbtest1  (cost=5.50..417.43 rows=104 width=125)
	  Recheck Cond: ((k >= 2498134) AND (k <= 2498234))
	  ->  Bitmap Index Scan on k_1  (cost=0.00..5.47 rows=104 width=0)
	        Index Cond: ((k >= 2498134) AND (k <= 2498234))

table 2 : explain SELECT k, c FROM sbtest2 WHERE k BETWEEN 2498134 AND 2498234
	Bitmap Heap Scan on sbtest2  (cost=5.51..421.34 rows=105 width=125)
	  Recheck Cond: ((k >= 2498134) AND (k <= 2498234))
	  ->  Bitmap Index Scan on k_2  (cost=0.00..5.48 rows=105 width=0)
	        Index Cond: ((k >= 2498134) AND (k <= 2498234))

table 3 : explain SELECT k, c FROM sbtest3 WHERE k BETWEEN 2498134 AND 2498234
	Bitmap Heap Scan on sbtest3  (cost=5.53..429.32 rows=107 width=125)
	  Recheck Cond: ((k >= 2498134) AND (k <= 2498234))
	  ->  Bitmap Index Scan on k_3  (cost=0.00..5.50 rows=107 width=0)
	        Index Cond: ((k >= 2498134) AND (k <= 2498234))

table 4 : explain SELECT k, c FROM sbtest4 WHERE k BETWEEN 2498134 AND 2498234
	Bitmap Heap Scan on sbtest4  (cost=5.41..382.05 rows=95 width=125)
	  Recheck Cond: ((k >= 2498134) AND (k <= 2498234))
	  ->  Bitmap Index Scan on k_4  (cost=0.00..5.38 rows=95 width=0)
	        Index Cond: ((k >= 2498134) AND (k <= 2498234))

table 5 : explain SELECT k, c FROM sbtest5 WHERE k BETWEEN 2498134 AND 2498234
	Bitmap Heap Scan on sbtest5  (cost=5.50..417.31 rows=104 width=125)
	  Recheck Cond: ((k >= 2498134) AND (k <= 2498234))
	  ->  Bitmap Index Scan on k_5  (cost=0.00..5.47 rows=104 width=0)
	        Index Cond: ((k >= 2498134) AND (k <= 2498234))

table 6 : explain SELECT k, c FROM sbtest6 WHERE k BETWEEN 2498134 AND 2498234
	Bitmap Heap Scan on sbtest6  (cost=5.42..385.84 rows=96 width=125)
	  Recheck Cond: ((k >= 2498134) AND (k <= 2498234))
	  ->  Bitmap Index Scan on k_6  (cost=0.00..5.39 rows=96 width=0)
	        Index Cond: ((k >= 2498134) AND (k <= 2498234))

table 7 : explain SELECT k, c FROM sbtest7 WHERE k BETWEEN 2498134 AND 2498234
	Bitmap Heap Scan on sbtest7  (cost=5.58..449.16 rows=112 width=125)
	  Recheck Cond: ((k >= 2498134) AND (k <= 2498234))
	  ->  Bitmap Index Scan on k_7  (cost=0.00..5.55 rows=112 width=0)
	        Index Cond: ((k >= 2498134) AND (k <= 2498234))

table 8 : explain SELECT k, c FROM sbtest8 WHERE k BETWEEN 2498134 AND 2498234
	Bitmap Heap Scan on sbtest8  (cost=5.45..397.81 rows=99 width=125)
	  Recheck Cond: ((k >= 2498134) AND (k <= 2498234))
	  ->  Bitmap Index Scan on k_8  (cost=0.00..5.42 rows=99 width=0)
	        Index Cond: ((k >= 2498134) AND (k <= 2498234))

explain: for range-notcovered :: explain SELECT k, c FROM sbtest%d WHERE k BETWEEN 5605207 AND 5605307
for range-notcovered
table 1 : explain SELECT k, c FROM sbtest1 WHERE k BETWEEN 7375345 AND 7375445
	Bitmap Heap Scan on sbtest1  (cost=5.52..425.31 rows=106 width=125)
	  Recheck Cond: ((k >= 7375345) AND (k <= 7375445))
	  ->  Bitmap Index Scan on k_1  (cost=0.00..5.50 rows=106 width=0)
	        Index Cond: ((k >= 7375345) AND (k <= 7375445))

table 2 : explain SELECT k, c FROM sbtest2 WHERE k BETWEEN 7375345 AND 7375445
	Bitmap Heap Scan on sbtest2  (cost=5.46..401.62 rows=100 width=125)
	  Recheck Cond: ((k >= 7375345) AND (k <= 7375445))
	  ->  Bitmap Index Scan on k_2  (cost=0.00..5.43 rows=100 width=0)
	        Index Cond: ((k >= 7375345) AND (k <= 7375445))

table 3 : explain SELECT k, c FROM sbtest3 WHERE k BETWEEN 7375345 AND 7375445
	Bitmap Heap Scan on sbtest3  (cost=5.50..417.49 rows=104 width=125)
	  Recheck Cond: ((k >= 7375345) AND (k <= 7375445))
	  ->  Bitmap Index Scan on k_3  (cost=0.00..5.47 rows=104 width=0)
	        Index Cond: ((k >= 7375345) AND (k <= 7375445))

table 4 : explain SELECT k, c FROM sbtest4 WHERE k BETWEEN 7375345 AND 7375445
	Bitmap Heap Scan on sbtest4  (cost=5.42..385.99 rows=96 width=125)
	  Recheck Cond: ((k >= 7375345) AND (k <= 7375445))
	  ->  Bitmap Index Scan on k_4  (cost=0.00..5.39 rows=96 width=0)
	        Index Cond: ((k >= 7375345) AND (k <= 7375445))

table 5 : explain SELECT k, c FROM sbtest5 WHERE k BETWEEN 7375345 AND 7375445
	Bitmap Heap Scan on sbtest5  (cost=5.53..429.14 rows=107 width=125)
	  Recheck Cond: ((k >= 7375345) AND (k <= 7375445))
	  ->  Bitmap Index Scan on k_5  (cost=0.00..5.50 rows=107 width=0)
	        Index Cond: ((k >= 7375345) AND (k <= 7375445))

table 6 : explain SELECT k, c FROM sbtest6 WHERE k BETWEEN 7375345 AND 7375445
	Bitmap Heap Scan on sbtest6  (cost=5.56..441.06 rows=110 width=125)
	  Recheck Cond: ((k >= 7375345) AND (k <= 7375445))
	  ->  Bitmap Index Scan on k_6  (cost=0.00..5.53 rows=110 width=0)
	        Index Cond: ((k >= 7375345) AND (k <= 7375445))

table 7 : explain SELECT k, c FROM sbtest7 WHERE k BETWEEN 7375345 AND 7375445
	Bitmap Heap Scan on sbtest7  (cost=5.44..393.91 rows=98 width=125)
	  Recheck Cond: ((k >= 7375345) AND (k <= 7375445))
	  ->  Bitmap Index Scan on k_7  (cost=0.00..5.42 rows=98 width=0)
	        Index Cond: ((k >= 7375345) AND (k <= 7375445))

table 8 : explain SELECT k, c FROM sbtest8 WHERE k BETWEEN 7375345 AND 7375445
	Bitmap Heap Scan on sbtest8  (cost=5.50..417.54 rows=104 width=125)
	  Recheck Cond: ((k >= 7375345) AND (k <= 7375445))
	  ->  Bitmap Index Scan on k_8  (cost=0.00..5.47 rows=104 width=0)
	        Index Cond: ((k >= 7375345) AND (k <= 7375445))

explain: for range-notcovered :: explain SELECT k, c FROM sbtest%d WHERE k BETWEEN 3678828 AND 3678928
explain: for range-notcovered :: explain SELECT k, c FROM sbtest%d WHERE k BETWEEN 2498134 AND 2498234
explain: for range-notcovered :: explain SELECT k, c FROM sbtest%d WHERE k BETWEEN 7109743 AND 7109843
explain: for range-notcovered :: explain SELECT k, c FROM sbtest%d WHERE k BETWEEN 7375345 AND 7375445
explain: for range-notcovered :: explain SELECT k, c FROM sbtest%d WHERE k BETWEEN 3899892 AND 3899992
explain: for range-notcovered :: explain SELECT k, c FROM sbtest%d WHERE k BETWEEN 7343446 AND 7343546
explain: for range-notcovered :: explain SELECT k, c FROM sbtest%d WHERE k BETWEEN 5027005 AND 5027105
for range-notcovered
table 1 : explain SELECT k, c FROM sbtest1 WHERE k BETWEEN 4678691 AND 4678791
	Bitmap Heap Scan on sbtest1  (cost=5.52..425.31 rows=106 width=125)
	  Recheck Cond: ((k >= 4678691) AND (k <= 4678791))
	  ->  Bitmap Index Scan on k_1  (cost=0.00..5.50 rows=106 width=0)
	        Index Cond: ((k >= 4678691) AND (k <= 4678791))

table 2 : explain SELECT k, c FROM sbtest2 WHERE k BETWEEN 4678691 AND 4678791
	Bitmap Heap Scan on sbtest2  (cost=5.46..401.62 rows=100 width=125)
	  Recheck Cond: ((k >= 4678691) AND (k <= 4678791))
	  ->  Bitmap Index Scan on k_2  (cost=0.00..5.43 rows=100 width=0)
	        Index Cond: ((k >= 4678691) AND (k <= 4678791))

table 3 : explain SELECT k, c FROM sbtest3 WHERE k BETWEEN 4678691 AND 4678791
	Bitmap Heap Scan on sbtest3  (cost=5.59..452.97 rows=113 width=125)
	  Recheck Cond: ((k >= 4678691) AND (k <= 4678791))
	  ->  Bitmap Index Scan on k_3  (cost=0.00..5.56 rows=113 width=0)
	        Index Cond: ((k >= 4678691) AND (k <= 4678791))

table 4 : explain SELECT k, c FROM sbtest4 WHERE k BETWEEN 4678691 AND 4678791
	Bitmap Heap Scan on sbtest4  (cost=5.54..433.36 rows=108 width=125)
	  Recheck Cond: ((k >= 4678691) AND (k <= 4678791))
	  ->  Bitmap Index Scan on k_4  (cost=0.00..5.51 rows=108 width=0)
	        Index Cond: ((k >= 4678691) AND (k <= 4678791))

table 5 : explain SELECT k, c FROM sbtest5 WHERE k BETWEEN 4678691 AND 4678791
	Bitmap Heap Scan on sbtest5  (cost=5.50..417.31 rows=104 width=125)
	  Recheck Cond: ((k >= 4678691) AND (k <= 4678791))
	  ->  Bitmap Index Scan on k_5  (cost=0.00..5.47 rows=104 width=0)
	        Index Cond: ((k >= 4678691) AND (k <= 4678791))

table 6 : explain SELECT k, c FROM sbtest6 WHERE k BETWEEN 4678691 AND 4678791
	Bitmap Heap Scan on sbtest6  (cost=5.61..460.76 rows=115 width=125)
	  Recheck Cond: ((k >= 4678691) AND (k <= 4678791))
	  ->  Bitmap Index Scan on k_6  (cost=0.00..5.58 rows=115 width=0)
	        Index Cond: ((k >= 4678691) AND (k <= 4678791))

table 7 : explain SELECT k, c FROM sbtest7 WHERE k BETWEEN 4678691 AND 4678791
	Bitmap Heap Scan on sbtest7  (cost=5.51..421.54 rows=105 width=125)
	  Recheck Cond: ((k >= 4678691) AND (k <= 4678791))
	  ->  Bitmap Index Scan on k_7  (cost=0.00..5.48 rows=105 width=0)
	        Index Cond: ((k >= 4678691) AND (k <= 4678791))

table 8 : explain SELECT k, c FROM sbtest8 WHERE k BETWEEN 4678691 AND 4678791
	Bitmap Heap Scan on sbtest8  (cost=5.51..421.49 rows=105 width=125)
	  Recheck Cond: ((k >= 4678691) AND (k <= 4678791))
	  ->  Bitmap Index Scan on k_8  (cost=0.00..5.48 rows=105 width=0)
	        Index Cond: ((k >= 4678691) AND (k <= 4678791))

explain: for range-notcovered :: explain SELECT k, c FROM sbtest%d WHERE k BETWEEN 4678691 AND 4678791
for range-notcovered
table 1 : explain SELECT k, c FROM sbtest1 WHERE k BETWEEN 5737215 AND 5737315
	Bitmap Heap Scan on sbtest1  (cost=5.45..397.70 rows=99 width=125)
	  Recheck Cond: ((k >= 5737215) AND (k <= 5737315))
	  ->  Bitmap Index Scan on k_1  (cost=0.00..5.42 rows=99 width=0)
	        Index Cond: ((k >= 5737215) AND (k <= 5737315))

table 2 : explain SELECT k, c FROM sbtest2 WHERE k BETWEEN 5737215 AND 5737315
	Bitmap Heap Scan on sbtest2  (cost=5.61..460.75 rows=115 width=125)
	  Recheck Cond: ((k >= 5737215) AND (k <= 5737315))
	  ->  Bitmap Index Scan on k_2  (cost=0.00..5.58 rows=115 width=0)
	        Index Cond: ((k >= 5737215) AND (k <= 5737315))

table 3 : explain SELECT k, c FROM sbtest3 WHERE k BETWEEN 5737215 AND 5737315
	Bitmap Heap Scan on sbtest3  (cost=5.43..389.86 rows=97 width=125)
	  Recheck Cond: ((k >= 5737215) AND (k <= 5737315))
	  ->  Bitmap Index Scan on k_3  (cost=0.00..5.40 rows=97 width=0)
	        Index Cond: ((k >= 5737215) AND (k <= 5737315))

table 4 : explain SELECT k, c FROM sbtest4 WHERE k BETWEEN 5737215 AND 5737315
	Bitmap Heap Scan on sbtest4  (cost=5.46..401.79 rows=100 width=125)
	  Recheck Cond: ((k >= 5737215) AND (k <= 5737315))
	  ->  Bitmap Index Scan on k_4  (cost=0.00..5.43 rows=100 width=0)
	        Index Cond: ((k >= 5737215) AND (k <= 5737315))

table 5 : explain SELECT k, c FROM sbtest5 WHERE k BETWEEN 5737215 AND 5737315
	Bitmap Heap Scan on sbtest5  (cost=5.48..409.43 rows=102 width=125)
	  Recheck Cond: ((k >= 5737215) AND (k <= 5737315))
	  ->  Bitmap Index Scan on k_5  (cost=0.00..5.45 rows=102 width=0)
	        Index Cond: ((k >= 5737215) AND (k <= 5737315))

table 6 : explain SELECT k, c FROM sbtest6 WHERE k BETWEEN 5737215 AND 5737315
	Bitmap Heap Scan on sbtest6  (cost=5.56..441.06 rows=110 width=125)
	  Recheck Cond: ((k >= 5737215) AND (k <= 5737315))
	  ->  Bitmap Index Scan on k_6  (cost=0.00..5.53 rows=110 width=0)
	        Index Cond: ((k >= 5737215) AND (k <= 5737315))

table 7 : explain SELECT k, c FROM sbtest7 WHERE k BETWEEN 5737215 AND 5737315
	Bitmap Heap Scan on sbtest7  (cost=5.40..378.11 rows=94 width=125)
	  Recheck Cond: ((k >= 5737215) AND (k <= 5737315))
	  ->  Bitmap Index Scan on k_7  (cost=0.00..5.38 rows=94 width=0)
	        Index Cond: ((k >= 5737215) AND (k <= 5737315))

table 8 : explain SELECT k, c FROM sbtest8 WHERE k BETWEEN 5737215 AND 5737315
	Bitmap Heap Scan on sbtest8  (cost=5.49..413.60 rows=103 width=125)
	  Recheck Cond: ((k >= 5737215) AND (k <= 5737315))
	  ->  Bitmap Index Scan on k_8  (cost=0.00..5.46 rows=103 width=0)
	        Index Cond: ((k >= 5737215) AND (k <= 5737315))

explain: for range-notcovered :: explain SELECT k, c FROM sbtest%d WHERE k BETWEEN 5737215 AND 5737315
for range-notcovered
table 1 : explain SELECT k, c FROM sbtest1 WHERE k BETWEEN 2672780 AND 2672880
	Bitmap Heap Scan on sbtest1  (cost=5.49..413.48 rows=103 width=125)
	  Recheck Cond: ((k >= 2672780) AND (k <= 2672880))
	  ->  Bitmap Index Scan on k_1  (cost=0.00..5.46 rows=103 width=0)
	        Index Cond: ((k >= 2672780) AND (k <= 2672880))

table 2 : explain SELECT k, c FROM sbtest2 WHERE k BETWEEN 2672780 AND 2672880
	Bitmap Heap Scan on sbtest2  (cost=5.48..409.51 rows=102 width=125)
	  Recheck Cond: ((k >= 2672780) AND (k <= 2672880))
	  ->  Bitmap Index Scan on k_2  (cost=0.00..5.45 rows=102 width=0)
	        Index Cond: ((k >= 2672780) AND (k <= 2672880))

table 3 : explain SELECT k, c FROM sbtest3 WHERE k BETWEEN 2672780 AND 2672880
	Bitmap Heap Scan on sbtest3  (cost=5.45..397.76 rows=99 width=125)
	  Recheck Cond: ((k >= 2672780) AND (k <= 2672880))
	  ->  Bitmap Index Scan on k_3  (cost=0.00..5.42 rows=99 width=0)
	        Index Cond: ((k >= 2672780) AND (k <= 2672880))

table 4 : explain SELECT k, c FROM sbtest4 WHERE k BETWEEN 2672780 AND 2672880
	Bitmap Heap Scan on sbtest4  (cost=5.50..417.58 rows=104 width=125)
	  Recheck Cond: ((k >= 2672780) AND (k <= 2672880))
	  ->  Bitmap Index Scan on k_4  (cost=0.00..5.47 rows=104 width=0)
	        Index Cond: ((k >= 2672780) AND (k <= 2672880))

table 5 : explain SELECT k, c FROM sbtest5 WHERE k BETWEEN 2672780 AND 2672880
	Bitmap Heap Scan on sbtest5  (cost=5.40..377.87 rows=94 width=125)
	  Recheck Cond: ((k >= 2672780) AND (k <= 2672880))
	  ->  Bitmap Index Scan on k_5  (cost=0.00..5.38 rows=94 width=0)
	        Index Cond: ((k >= 2672780) AND (k <= 2672880))

table 6 : explain SELECT k, c FROM sbtest6 WHERE k BETWEEN 2672780 AND 2672880
	Bitmap Heap Scan on sbtest6  (cost=5.45..397.68 rows=99 width=125)
	  Recheck Cond: ((k >= 2672780) AND (k <= 2672880))
	  ->  Bitmap Index Scan on k_6  (cost=0.00..5.42 rows=99 width=0)
	        Index Cond: ((k >= 2672780) AND (k <= 2672880))

table 7 : explain SELECT k, c FROM sbtest7 WHERE k BETWEEN 2672780 AND 2672880
	Bitmap Heap Scan on sbtest7  (cost=5.52..425.49 rows=106 width=125)
	  Recheck Cond: ((k >= 2672780) AND (k <= 2672880))
	  ->  Bitmap Index Scan on k_7  (cost=0.00..5.50 rows=106 width=0)
	        Index Cond: ((k >= 2672780) AND (k <= 2672880))

table 8 : explain SELECT k, c FROM sbtest8 WHERE k BETWEEN 2672780 AND 2672880
	Bitmap Heap Scan on sbtest8  (cost=5.54..433.32 rows=108 width=125)
	  Recheck Cond: ((k >= 2672780) AND (k <= 2672880))
	  ->  Bitmap Index Scan on k_8  (cost=0.00..5.51 rows=108 width=0)
	        Index Cond: ((k >= 2672780) AND (k <= 2672880))

for range-notcovered
table 1 : explain SELECT k, c FROM sbtest1 WHERE k BETWEEN 7375345 AND 7375445
	Bitmap Heap Scan on sbtest1  (cost=5.52..425.31 rows=106 width=125)
	  Recheck Cond: ((k >= 7375345) AND (k <= 7375445))
	  ->  Bitmap Index Scan on k_1  (cost=0.00..5.50 rows=106 width=0)
	        Index Cond: ((k >= 7375345) AND (k <= 7375445))

table 2 : explain SELECT k, c FROM sbtest2 WHERE k BETWEEN 7375345 AND 7375445
	Bitmap Heap Scan on sbtest2  (cost=5.46..401.62 rows=100 width=125)
	  Recheck Cond: ((k >= 7375345) AND (k <= 7375445))
	  ->  Bitmap Index Scan on k_2  (cost=0.00..5.43 rows=100 width=0)
	        Index Cond: ((k >= 7375345) AND (k <= 7375445))

table 3 : explain SELECT k, c FROM sbtest3 WHERE k BETWEEN 7375345 AND 7375445
	Bitmap Heap Scan on sbtest3  (cost=5.50..417.49 rows=104 width=125)
	  Recheck Cond: ((k >= 7375345) AND (k <= 7375445))
	  ->  Bitmap Index Scan on k_3  (cost=0.00..5.47 rows=104 width=0)
	        Index Cond: ((k >= 7375345) AND (k <= 7375445))

table 4 : explain SELECT k, c FROM sbtest4 WHERE k BETWEEN 7375345 AND 7375445
	Bitmap Heap Scan on sbtest4  (cost=5.42..385.99 rows=96 width=125)
	  Recheck Cond: ((k >= 7375345) AND (k <= 7375445))
	  ->  Bitmap Index Scan on k_4  (cost=0.00..5.39 rows=96 width=0)
	        Index Cond: ((k >= 7375345) AND (k <= 7375445))

table 5 : explain SELECT k, c FROM sbtest5 WHERE k BETWEEN 7375345 AND 7375445
	Bitmap Heap Scan on sbtest5  (cost=5.53..429.14 rows=107 width=125)
	  Recheck Cond: ((k >= 7375345) AND (k <= 7375445))
	  ->  Bitmap Index Scan on k_5  (cost=0.00..5.50 rows=107 width=0)
	        Index Cond: ((k >= 7375345) AND (k <= 7375445))

table 6 : explain SELECT k, c FROM sbtest6 WHERE k BETWEEN 7375345 AND 7375445
	Bitmap Heap Scan on sbtest6  (cost=5.56..441.06 rows=110 width=125)
	  Recheck Cond: ((k >= 7375345) AND (k <= 7375445))
	  ->  Bitmap Index Scan on k_6  (cost=0.00..5.53 rows=110 width=0)
	        Index Cond: ((k >= 7375345) AND (k <= 7375445))

table 7 : explain SELECT k, c FROM sbtest7 WHERE k BETWEEN 7375345 AND 7375445
	Bitmap Heap Scan on sbtest7  (cost=5.44..393.91 rows=98 width=125)
	  Recheck Cond: ((k >= 7375345) AND (k <= 7375445))
	  ->  Bitmap Index Scan on k_7  (cost=0.00..5.42 rows=98 width=0)
	        Index Cond: ((k >= 7375345) AND (k <= 7375445))

table 8 : explain SELECT k, c FROM sbtest8 WHERE k BETWEEN 7375345 AND 7375445
	Bitmap Heap Scan on sbtest8  (cost=5.50..417.54 rows=104 width=125)
	  Recheck Cond: ((k >= 7375345) AND (k <= 7375445))
	  ->  Bitmap Index Scan on k_8  (cost=0.00..5.47 rows=104 width=0)
	        Index Cond: ((k >= 7375345) AND (k <= 7375445))

for range-notcovered
table 1 : explain SELECT k, c FROM sbtest1 WHERE k BETWEEN 2498134 AND 2498234
	Bitmap Heap Scan on sbtest1  (cost=5.50..417.43 rows=104 width=125)
	  Recheck Cond: ((k >= 2498134) AND (k <= 2498234))
	  ->  Bitmap Index Scan on k_1  (cost=0.00..5.47 rows=104 width=0)
	        Index Cond: ((k >= 2498134) AND (k <= 2498234))

table 2 : explain SELECT k, c FROM sbtest2 WHERE k BETWEEN 2498134 AND 2498234
	Bitmap Heap Scan on sbtest2  (cost=5.51..421.34 rows=105 width=125)
	  Recheck Cond: ((k >= 2498134) AND (k <= 2498234))
	  ->  Bitmap Index Scan on k_2  (cost=0.00..5.48 rows=105 width=0)
	        Index Cond: ((k >= 2498134) AND (k <= 2498234))

table 3 : explain SELECT k, c FROM sbtest3 WHERE k BETWEEN 2498134 AND 2498234
	Bitmap Heap Scan on sbtest3  (cost=5.53..429.32 rows=107 width=125)
	  Recheck Cond: ((k >= 2498134) AND (k <= 2498234))
	  ->  Bitmap Index Scan on k_3  (cost=0.00..5.50 rows=107 width=0)
	        Index Cond: ((k >= 2498134) AND (k <= 2498234))

table 4 : explain SELECT k, c FROM sbtest4 WHERE k BETWEEN 2498134 AND 2498234
	Bitmap Heap Scan on sbtest4  (cost=5.41..382.05 rows=95 width=125)
	  Recheck Cond: ((k >= 2498134) AND (k <= 2498234))
	  ->  Bitmap Index Scan on k_4  (cost=0.00..5.38 rows=95 width=0)
	        Index Cond: ((k >= 2498134) AND (k <= 2498234))

table 5 : explain SELECT k, c FROM sbtest5 WHERE k BETWEEN 2498134 AND 2498234
	Bitmap Heap Scan on sbtest5  (cost=5.50..417.31 rows=104 width=125)
	  Recheck Cond: ((k >= 2498134) AND (k <= 2498234))
	  ->  Bitmap Index Scan on k_5  (cost=0.00..5.47 rows=104 width=0)
	        Index Cond: ((k >= 2498134) AND (k <= 2498234))

table 6 : explain SELECT k, c FROM sbtest6 WHERE k BETWEEN 2498134 AND 2498234
	Bitmap Heap Scan on sbtest6  (cost=5.42..385.84 rows=96 width=125)
	  Recheck Cond: ((k >= 2498134) AND (k <= 2498234))
	  ->  Bitmap Index Scan on k_6  (cost=0.00..5.39 rows=96 width=0)
	        Index Cond: ((k >= 2498134) AND (k <= 2498234))

table 7 : explain SELECT k, c FROM sbtest7 WHERE k BETWEEN 2498134 AND 2498234
	Bitmap Heap Scan on sbtest7  (cost=5.58..449.16 rows=112 width=125)
	  Recheck Cond: ((k >= 2498134) AND (k <= 2498234))
	  ->  Bitmap Index Scan on k_7  (cost=0.00..5.55 rows=112 width=0)
	        Index Cond: ((k >= 2498134) AND (k <= 2498234))

table 8 : explain SELECT k, c FROM sbtest8 WHERE k BETWEEN 2498134 AND 2498234
	Bitmap Heap Scan on sbtest8  (cost=5.45..397.81 rows=99 width=125)
	  Recheck Cond: ((k >= 2498134) AND (k <= 2498234))
	  ->  Bitmap Index Scan on k_8  (cost=0.00..5.42 rows=99 width=0)
	        Index Cond: ((k >= 2498134) AND (k <= 2498234))

for range-notcovered
table 1 : explain SELECT k, c FROM sbtest1 WHERE k BETWEEN 5605207 AND 5605307
	Bitmap Heap Scan on sbtest1  (cost=5.48..409.54 rows=102 width=125)
	  Recheck Cond: ((k >= 5605207) AND (k <= 5605307))
	  ->  Bitmap Index Scan on k_1  (cost=0.00..5.45 rows=102 width=0)
	        Index Cond: ((k >= 5605207) AND (k <= 5605307))

table 2 : explain SELECT k, c FROM sbtest2 WHERE k BETWEEN 5605207 AND 5605307
	Bitmap Heap Scan on sbtest2  (cost=5.52..425.28 rows=106 width=125)
	  Recheck Cond: ((k >= 5605207) AND (k <= 5605307))
	  ->  Bitmap Index Scan on k_2  (cost=0.00..5.50 rows=106 width=0)
	        Index Cond: ((k >= 5605207) AND (k <= 5605307))

table 3 : explain SELECT k, c FROM sbtest3 WHERE k BETWEEN 5605207 AND 5605307
	Bitmap Heap Scan on sbtest3  (cost=5.51..421.43 rows=105 width=125)
	  Recheck Cond: ((k >= 5605207) AND (k <= 5605307))
	  ->  Bitmap Index Scan on k_3  (cost=0.00..5.48 rows=105 width=0)
	        Index Cond: ((k >= 5605207) AND (k <= 5605307))

table 4 : explain SELECT k, c FROM sbtest4 WHERE k BETWEEN 5605207 AND 5605307
	Bitmap Heap Scan on sbtest4  (cost=5.49..413.63 rows=103 width=125)
	  Recheck Cond: ((k >= 5605207) AND (k <= 5605307))
	  ->  Bitmap Index Scan on k_4  (cost=0.00..5.46 rows=103 width=0)
	        Index Cond: ((k >= 5605207) AND (k <= 5605307))

table 5 : explain SELECT k, c FROM sbtest5 WHERE k BETWEEN 5605207 AND 5605307
	Bitmap Heap Scan on sbtest5  (cost=5.54..433.08 rows=108 width=125)
	  Recheck Cond: ((k >= 5605207) AND (k <= 5605307))
	  ->  Bitmap Index Scan on k_5  (cost=0.00..5.51 rows=108 width=0)
	        Index Cond: ((k >= 5605207) AND (k <= 5605307))

table 6 : explain SELECT k, c FROM sbtest6 WHERE k BETWEEN 5605207 AND 5605307
	Bitmap Heap Scan on sbtest6  (cost=5.42..385.84 rows=96 width=125)
	  Recheck Cond: ((k >= 5605207) AND (k <= 5605307))
	  ->  Bitmap Index Scan on k_6  (cost=0.00..5.39 rows=96 width=0)
	        Index Cond: ((k >= 5605207) AND (k <= 5605307))

table 7 : explain SELECT k, c FROM sbtest7 WHERE k BETWEEN 5605207 AND 5605307
	Bitmap Heap Scan on sbtest7  (cost=5.46..401.81 rows=100 width=125)
	  Recheck Cond: ((k >= 5605207) AND (k <= 5605307))
	  ->  Bitmap Index Scan on k_7  (cost=0.00..5.43 rows=100 width=0)
	        Index Cond: ((k >= 5605207) AND (k <= 5605307))

table 8 : explain SELECT k, c FROM sbtest8 WHERE k BETWEEN 5605207 AND 5605307
	Bitmap Heap Scan on sbtest8  (cost=5.40..378.07 rows=94 width=125)
	  Recheck Cond: ((k >= 5605207) AND (k <= 5605307))
	  ->  Bitmap Index Scan on k_8  (cost=0.00..5.38 rows=94 width=0)
	        Index Cond: ((k >= 5605207) AND (k <= 5605307))

for range-notcovered
table 1 : explain SELECT k, c FROM sbtest1 WHERE k BETWEEN 4737451 AND 4737551
	Bitmap Heap Scan on sbtest1  (cost=5.42..385.86 rows=96 width=125)
	  Recheck Cond: ((k >= 4737451) AND (k <= 4737551))
	  ->  Bitmap Index Scan on k_1  (cost=0.00..5.39 rows=96 width=0)
	        Index Cond: ((k >= 4737451) AND (k <= 4737551))

table 2 : explain SELECT k, c FROM sbtest2 WHERE k BETWEEN 4737451 AND 4737551
	Bitmap Heap Scan on sbtest2  (cost=5.46..401.62 rows=100 width=125)
	  Recheck Cond: ((k >= 4737451) AND (k <= 4737551))
	  ->  Bitmap Index Scan on k_2  (cost=0.00..5.43 rows=100 width=0)
	        Index Cond: ((k >= 4737451) AND (k <= 4737551))

table 3 : explain SELECT k, c FROM sbtest3 WHERE k BETWEEN 4737451 AND 4737551
	Bitmap Heap Scan on sbtest3  (cost=5.48..409.59 rows=102 width=125)
	  Recheck Cond: ((k >= 4737451) AND (k <= 4737551))
	  ->  Bitmap Index Scan on k_3  (cost=0.00..5.45 rows=102 width=0)
	        Index Cond: ((k >= 4737451) AND (k <= 4737551))

table 4 : explain SELECT k, c FROM sbtest4 WHERE k BETWEEN 4737451 AND 4737551
	Bitmap Heap Scan on sbtest4  (cost=5.48..409.68 rows=102 width=125)
	  Recheck Cond: ((k >= 4737451) AND (k <= 4737551))
	  ->  Bitmap Index Scan on k_4  (cost=0.00..5.45 rows=102 width=0)
	        Index Cond: ((k >= 4737451) AND (k <= 4737551))

table 5 : explain SELECT k, c FROM sbtest5 WHERE k BETWEEN 4737451 AND 4737551
	Bitmap Heap Scan on sbtest5  (cost=5.67..480.34 rows=120 width=125)
	  Recheck Cond: ((k >= 4737451) AND (k <= 4737551))
	  ->  Bitmap Index Scan on k_5  (cost=0.00..5.63 rows=120 width=0)
	        Index Cond: ((k >= 4737451) AND (k <= 4737551))

table 6 : explain SELECT k, c FROM sbtest6 WHERE k BETWEEN 4737451 AND 4737551
	Bitmap Heap Scan on sbtest6  (cost=5.57..445.00 rows=111 width=125)
	  Recheck Cond: ((k >= 4737451) AND (k <= 4737551))
	  ->  Bitmap Index Scan on k_6  (cost=0.00..5.54 rows=111 width=0)
	        Index Cond: ((k >= 4737451) AND (k <= 4737551))

table 7 : explain SELECT k, c FROM sbtest7 WHERE k BETWEEN 4737451 AND 4737551
	Bitmap Heap Scan on sbtest7  (cost=5.51..421.54 rows=105 width=125)
	  Recheck Cond: ((k >= 4737451) AND (k <= 4737551))
	  ->  Bitmap Index Scan on k_7  (cost=0.00..5.48 rows=105 width=0)
	        Index Cond: ((k >= 4737451) AND (k <= 4737551))

table 8 : explain SELECT k, c FROM sbtest8 WHERE k BETWEEN 4737451 AND 4737551
	Bitmap Heap Scan on sbtest8  (cost=5.51..421.49 rows=105 width=125)
	  Recheck Cond: ((k >= 4737451) AND (k <= 4737551))
	  ->  Bitmap Index Scan on k_8  (cost=0.00..5.48 rows=105 width=0)
	        Index Cond: ((k >= 4737451) AND (k <= 4737551))

explain: for range-notcovered :: explain SELECT k, c FROM sbtest%d WHERE k BETWEEN 7375345 AND 7375445
explain: for range-notcovered :: explain SELECT k, c FROM sbtest%d WHERE k BETWEEN 2498134 AND 2498234
explain: for range-notcovered :: explain SELECT k, c FROM sbtest%d WHERE k BETWEEN 5605207 AND 5605307
explain: for range-notcovered :: explain SELECT k, c FROM sbtest%d WHERE k BETWEEN 4737451 AND 4737551
for range-notcovered
table 1 : explain SELECT k, c FROM sbtest1 WHERE k BETWEEN 6233800 AND 6233900
	Bitmap Heap Scan on sbtest1  (cost=5.46..401.65 rows=100 width=125)
	  Recheck Cond: ((k >= 6233800) AND (k <= 6233900))
	  ->  Bitmap Index Scan on k_1  (cost=0.00..5.43 rows=100 width=0)
	        Index Cond: ((k >= 6233800) AND (k <= 6233900))

table 2 : explain SELECT k, c FROM sbtest2 WHERE k BETWEEN 6233800 AND 6233900
	Bitmap Heap Scan on sbtest2  (cost=5.55..437.11 rows=109 width=125)
	  Recheck Cond: ((k >= 6233800) AND (k <= 6233900))
	  ->  Bitmap Index Scan on k_2  (cost=0.00..5.52 rows=109 width=0)
	        Index Cond: ((k >= 6233800) AND (k <= 6233900))

table 3 : explain SELECT k, c FROM sbtest3 WHERE k BETWEEN 6233800 AND 6233900
	Bitmap Heap Scan on sbtest3  (cost=5.42..385.91 rows=96 width=125)
	  Recheck Cond: ((k >= 6233800) AND (k <= 6233900))
	  ->  Bitmap Index Scan on k_3  (cost=0.00..5.39 rows=96 width=0)
	        Index Cond: ((k >= 6233800) AND (k <= 6233900))

table 4 : explain SELECT k, c FROM sbtest4 WHERE k BETWEEN 6233800 AND 6233900
	Bitmap Heap Scan on sbtest4  (cost=5.49..413.63 rows=103 width=125)
	  Recheck Cond: ((k >= 6233800) AND (k <= 6233900))
	  ->  Bitmap Index Scan on k_4  (cost=0.00..5.46 rows=103 width=0)
	        Index Cond: ((k >= 6233800) AND (k <= 6233900))

table 5 : explain SELECT k, c FROM sbtest5 WHERE k BETWEEN 6233800 AND 6233900
	Bitmap Heap Scan on sbtest5  (cost=5.48..409.43 rows=102 width=125)
	  Recheck Cond: ((k >= 6233800) AND (k <= 6233900))
	  ->  Bitmap Index Scan on k_5  (cost=0.00..5.45 rows=102 width=0)
	        Index Cond: ((k >= 6233800) AND (k <= 6233900))

table 6 : explain SELECT k, c FROM sbtest6 WHERE k BETWEEN 6233800 AND 6233900
	Bitmap Heap Scan on sbtest6  (cost=5.45..397.68 rows=99 width=125)
	  Recheck Cond: ((k >= 6233800) AND (k <= 6233900))
	  ->  Bitmap Index Scan on k_6  (cost=0.00..5.42 rows=99 width=0)
	        Index Cond: ((k >= 6233800) AND (k <= 6233900))

table 7 : explain SELECT k, c FROM sbtest7 WHERE k BETWEEN 6233800 AND 6233900
	Bitmap Heap Scan on sbtest7  (cost=5.42..386.01 rows=96 width=125)
	  Recheck Cond: ((k >= 6233800) AND (k <= 6233900))
	  ->  Bitmap Index Scan on k_7  (cost=0.00..5.39 rows=96 width=0)
	        Index Cond: ((k >= 6233800) AND (k <= 6233900))

table 8 : explain SELECT k, c FROM sbtest8 WHERE k BETWEEN 6233800 AND 6233900
	Bitmap Heap Scan on sbtest8  (cost=5.52..425.43 rows=106 width=125)
	  Recheck Cond: ((k >= 6233800) AND (k <= 6233900))
	  ->  Bitmap Index Scan on k_8  (cost=0.00..5.50 rows=106 width=0)
	        Index Cond: ((k >= 6233800) AND (k <= 6233900))

explain: for range-notcovered :: explain SELECT k, c FROM sbtest%d WHERE k BETWEEN 6233800 AND 6233900
for range-notcovered
table 1 : explain SELECT k, c FROM sbtest1 WHERE k BETWEEN 4678691 AND 4678791
	Bitmap Heap Scan on sbtest1  (cost=5.52..425.31 rows=106 width=125)
	  Recheck Cond: ((k >= 4678691) AND (k <= 4678791))
	  ->  Bitmap Index Scan on k_1  (cost=0.00..5.50 rows=106 width=0)
	        Index Cond: ((k >= 4678691) AND (k <= 4678791))

table 2 : explain SELECT k, c FROM sbtest2 WHERE k BETWEEN 4678691 AND 4678791
	Bitmap Heap Scan on sbtest2  (cost=5.46..401.62 rows=100 width=125)
	  Recheck Cond: ((k >= 4678691) AND (k <= 4678791))
	  ->  Bitmap Index Scan on k_2  (cost=0.00..5.43 rows=100 width=0)
	        Index Cond: ((k >= 4678691) AND (k <= 4678791))

table 3 : explain SELECT k, c FROM sbtest3 WHERE k BETWEEN 4678691 AND 4678791
	Bitmap Heap Scan on sbtest3  (cost=5.59..452.97 rows=113 width=125)
	  Recheck Cond: ((k >= 4678691) AND (k <= 4678791))
	  ->  Bitmap Index Scan on k_3  (cost=0.00..5.56 rows=113 width=0)
	        Index Cond: ((k >= 4678691) AND (k <= 4678791))

table 4 : explain SELECT k, c FROM sbtest4 WHERE k BETWEEN 4678691 AND 4678791
	Bitmap Heap Scan on sbtest4  (cost=5.54..433.36 rows=108 width=125)
	  Recheck Cond: ((k >= 4678691) AND (k <= 4678791))
	  ->  Bitmap Index Scan on k_4  (cost=0.00..5.51 rows=108 width=0)
	        Index Cond: ((k >= 4678691) AND (k <= 4678791))

table 5 : explain SELECT k, c FROM sbtest5 WHERE k BETWEEN 4678691 AND 4678791
	Bitmap Heap Scan on sbtest5  (cost=5.50..417.31 rows=104 width=125)
	  Recheck Cond: ((k >= 4678691) AND (k <= 4678791))
	  ->  Bitmap Index Scan on k_5  (cost=0.00..5.47 rows=104 width=0)
	        Index Cond: ((k >= 4678691) AND (k <= 4678791))

table 6 : explain SELECT k, c FROM sbtest6 WHERE k BETWEEN 4678691 AND 4678791
	Bitmap Heap Scan on sbtest6  (cost=5.61..460.76 rows=115 width=125)
	  Recheck Cond: ((k >= 4678691) AND (k <= 4678791))
	  ->  Bitmap Index Scan on k_6  (cost=0.00..5.58 rows=115 width=0)
	        Index Cond: ((k >= 4678691) AND (k <= 4678791))

table 7 : explain SELECT k, c FROM sbtest7 WHERE k BETWEEN 4678691 AND 4678791
	Bitmap Heap Scan on sbtest7  (cost=5.51..421.54 rows=105 width=125)
	  Recheck Cond: ((k >= 4678691) AND (k <= 4678791))
	  ->  Bitmap Index Scan on k_7  (cost=0.00..5.48 rows=105 width=0)
	        Index Cond: ((k >= 4678691) AND (k <= 4678791))

table 8 : explain SELECT k, c FROM sbtest8 WHERE k BETWEEN 4678691 AND 4678791
	Bitmap Heap Scan on sbtest8  (cost=5.51..421.49 rows=105 width=125)
	  Recheck Cond: ((k >= 4678691) AND (k <= 4678791))
	  ->  Bitmap Index Scan on k_8  (cost=0.00..5.48 rows=105 width=0)
	        Index Cond: ((k >= 4678691) AND (k <= 4678791))

explain: for range-notcovered :: explain SELECT k, c FROM sbtest%d WHERE k BETWEEN 4678691 AND 4678791
for range-notcovered
table 1 : explain SELECT k, c FROM sbtest1 WHERE k BETWEEN 5737215 AND 5737315
	Bitmap Heap Scan on sbtest1  (cost=5.45..397.70 rows=99 width=125)
	  Recheck Cond: ((k >= 5737215) AND (k <= 5737315))
	  ->  Bitmap Index Scan on k_1  (cost=0.00..5.42 rows=99 width=0)
	        Index Cond: ((k >= 5737215) AND (k <= 5737315))

table 2 : explain SELECT k, c FROM sbtest2 WHERE k BETWEEN 5737215 AND 5737315
	Bitmap Heap Scan on sbtest2  (cost=5.61..460.75 rows=115 width=125)
	  Recheck Cond: ((k >= 5737215) AND (k <= 5737315))
	  ->  Bitmap Index Scan on k_2  (cost=0.00..5.58 rows=115 width=0)
	        Index Cond: ((k >= 5737215) AND (k <= 5737315))

table 3 : explain SELECT k, c FROM sbtest3 WHERE k BETWEEN 5737215 AND 5737315
	Bitmap Heap Scan on sbtest3  (cost=5.43..389.86 rows=97 width=125)
	  Recheck Cond: ((k >= 5737215) AND (k <= 5737315))
	  ->  Bitmap Index Scan on k_3  (cost=0.00..5.40 rows=97 width=0)
	        Index Cond: ((k >= 5737215) AND (k <= 5737315))

table 4 : explain SELECT k, c FROM sbtest4 WHERE k BETWEEN 5737215 AND 5737315
	Bitmap Heap Scan on sbtest4  (cost=5.46..401.79 rows=100 width=125)
	  Recheck Cond: ((k >= 5737215) AND (k <= 5737315))
	  ->  Bitmap Index Scan on k_4  (cost=0.00..5.43 rows=100 width=0)
	        Index Cond: ((k >= 5737215) AND (k <= 5737315))

table 5 : explain SELECT k, c FROM sbtest5 WHERE k BETWEEN 5737215 AND 5737315
	Bitmap Heap Scan on sbtest5  (cost=5.48..409.43 rows=102 width=125)
	  Recheck Cond: ((k >= 5737215) AND (k <= 5737315))
	  ->  Bitmap Index Scan on k_5  (cost=0.00..5.45 rows=102 width=0)
	        Index Cond: ((k >= 5737215) AND (k <= 5737315))

table 6 : explain SELECT k, c FROM sbtest6 WHERE k BETWEEN 5737215 AND 5737315
	Bitmap Heap Scan on sbtest6  (cost=5.56..441.06 rows=110 width=125)
	  Recheck Cond: ((k >= 5737215) AND (k <= 5737315))
	  ->  Bitmap Index Scan on k_6  (cost=0.00..5.53 rows=110 width=0)
	        Index Cond: ((k >= 5737215) AND (k <= 5737315))

table 7 : explain SELECT k, c FROM sbtest7 WHERE k BETWEEN 5737215 AND 5737315
	Bitmap Heap Scan on sbtest7  (cost=5.40..378.11 rows=94 width=125)
	  Recheck Cond: ((k >= 5737215) AND (k <= 5737315))
	  ->  Bitmap Index Scan on k_7  (cost=0.00..5.38 rows=94 width=0)
	        Index Cond: ((k >= 5737215) AND (k <= 5737315))

table 8 : explain SELECT k, c FROM sbtest8 WHERE k BETWEEN 5737215 AND 5737315
	Bitmap Heap Scan on sbtest8  (cost=5.49..413.60 rows=103 width=125)
	  Recheck Cond: ((k >= 5737215) AND (k <= 5737315))
	  ->  Bitmap Index Scan on k_8  (cost=0.00..5.46 rows=103 width=0)
	        Index Cond: ((k >= 5737215) AND (k <= 5737315))

explain: for range-notcovered :: explain SELECT k, c FROM sbtest%d WHERE k BETWEEN 5737215 AND 5737315
explain: for range-notcovered :: explain SELECT k, c FROM sbtest%d WHERE k BETWEEN 4955123 AND 4955223
for range-notcovered
table 1 : explain SELECT k, c FROM sbtest1 WHERE k BETWEEN 7375345 AND 7375445
	Bitmap Heap Scan on sbtest1  (cost=5.52..425.31 rows=106 width=125)
	  Recheck Cond: ((k >= 7375345) AND (k <= 7375445))
	  ->  Bitmap Index Scan on k_1  (cost=0.00..5.50 rows=106 width=0)
	        Index Cond: ((k >= 7375345) AND (k <= 7375445))

table 2 : explain SELECT k, c FROM sbtest2 WHERE k BETWEEN 7375345 AND 7375445
	Bitmap Heap Scan on sbtest2  (cost=5.46..401.62 rows=100 width=125)
	  Recheck Cond: ((k >= 7375345) AND (k <= 7375445))
	  ->  Bitmap Index Scan on k_2  (cost=0.00..5.43 rows=100 width=0)
	        Index Cond: ((k >= 7375345) AND (k <= 7375445))

table 3 : explain SELECT k, c FROM sbtest3 WHERE k BETWEEN 7375345 AND 7375445
	Bitmap Heap Scan on sbtest3  (cost=5.50..417.49 rows=104 width=125)
	  Recheck Cond: ((k >= 7375345) AND (k <= 7375445))
	  ->  Bitmap Index Scan on k_3  (cost=0.00..5.47 rows=104 width=0)
	        Index Cond: ((k >= 7375345) AND (k <= 7375445))

table 4 : explain SELECT k, c FROM sbtest4 WHERE k BETWEEN 7375345 AND 7375445
	Bitmap Heap Scan on sbtest4  (cost=5.42..385.99 rows=96 width=125)
	  Recheck Cond: ((k >= 7375345) AND (k <= 7375445))
	  ->  Bitmap Index Scan on k_4  (cost=0.00..5.39 rows=96 width=0)
	        Index Cond: ((k >= 7375345) AND (k <= 7375445))

table 5 : explain SELECT k, c FROM sbtest5 WHERE k BETWEEN 7375345 AND 7375445
	Bitmap Heap Scan on sbtest5  (cost=5.53..429.14 rows=107 width=125)
	  Recheck Cond: ((k >= 7375345) AND (k <= 7375445))
	  ->  Bitmap Index Scan on k_5  (cost=0.00..5.50 rows=107 width=0)
	        Index Cond: ((k >= 7375345) AND (k <= 7375445))

table 6 : explain SELECT k, c FROM sbtest6 WHERE k BETWEEN 7375345 AND 7375445
	Bitmap Heap Scan on sbtest6  (cost=5.56..441.06 rows=110 width=125)
	  Recheck Cond: ((k >= 7375345) AND (k <= 7375445))
	  ->  Bitmap Index Scan on k_6  (cost=0.00..5.53 rows=110 width=0)
	        Index Cond: ((k >= 7375345) AND (k <= 7375445))

table 7 : explain SELECT k, c FROM sbtest7 WHERE k BETWEEN 7375345 AND 7375445
	Bitmap Heap Scan on sbtest7  (cost=5.44..393.91 rows=98 width=125)
	  Recheck Cond: ((k >= 7375345) AND (k <= 7375445))
	  ->  Bitmap Index Scan on k_7  (cost=0.00..5.42 rows=98 width=0)
	        Index Cond: ((k >= 7375345) AND (k <= 7375445))

table 8 : explain SELECT k, c FROM sbtest8 WHERE k BETWEEN 7375345 AND 7375445
	Bitmap Heap Scan on sbtest8  (cost=5.50..417.54 rows=104 width=125)
	  Recheck Cond: ((k >= 7375345) AND (k <= 7375445))
	  ->  Bitmap Index Scan on k_8  (cost=0.00..5.47 rows=104 width=0)
	        Index Cond: ((k >= 7375345) AND (k <= 7375445))

for range-notcovered
table 1 : explain SELECT k, c FROM sbtest1 WHERE k BETWEEN 2498134 AND 2498234
	Bitmap Heap Scan on sbtest1  (cost=5.50..417.43 rows=104 width=125)
	  Recheck Cond: ((k >= 2498134) AND (k <= 2498234))
	  ->  Bitmap Index Scan on k_1  (cost=0.00..5.47 rows=104 width=0)
	        Index Cond: ((k >= 2498134) AND (k <= 2498234))

table 2 : explain SELECT k, c FROM sbtest2 WHERE k BETWEEN 2498134 AND 2498234
	Bitmap Heap Scan on sbtest2  (cost=5.51..421.34 rows=105 width=125)
	  Recheck Cond: ((k >= 2498134) AND (k <= 2498234))
	  ->  Bitmap Index Scan on k_2  (cost=0.00..5.48 rows=105 width=0)
	        Index Cond: ((k >= 2498134) AND (k <= 2498234))

table 3 : explain SELECT k, c FROM sbtest3 WHERE k BETWEEN 2498134 AND 2498234
	Bitmap Heap Scan on sbtest3  (cost=5.53..429.32 rows=107 width=125)
	  Recheck Cond: ((k >= 2498134) AND (k <= 2498234))
	  ->  Bitmap Index Scan on k_3  (cost=0.00..5.50 rows=107 width=0)
	        Index Cond: ((k >= 2498134) AND (k <= 2498234))

table 4 : explain SELECT k, c FROM sbtest4 WHERE k BETWEEN 2498134 AND 2498234
	Bitmap Heap Scan on sbtest4  (cost=5.41..382.05 rows=95 width=125)
	  Recheck Cond: ((k >= 2498134) AND (k <= 2498234))
	  ->  Bitmap Index Scan on k_4  (cost=0.00..5.38 rows=95 width=0)
	        Index Cond: ((k >= 2498134) AND (k <= 2498234))

table 5 : explain SELECT k, c FROM sbtest5 WHERE k BETWEEN 2498134 AND 2498234
	Bitmap Heap Scan on sbtest5  (cost=5.50..417.31 rows=104 width=125)
	  Recheck Cond: ((k >= 2498134) AND (k <= 2498234))
	  ->  Bitmap Index Scan on k_5  (cost=0.00..5.47 rows=104 width=0)
	        Index Cond: ((k >= 2498134) AND (k <= 2498234))

table 6 : explain SELECT k, c FROM sbtest6 WHERE k BETWEEN 2498134 AND 2498234
	Bitmap Heap Scan on sbtest6  (cost=5.42..385.84 rows=96 width=125)
	  Recheck Cond: ((k >= 2498134) AND (k <= 2498234))
	  ->  Bitmap Index Scan on k_6  (cost=0.00..5.39 rows=96 width=0)
	        Index Cond: ((k >= 2498134) AND (k <= 2498234))

table 7 : explain SELECT k, c FROM sbtest7 WHERE k BETWEEN 2498134 AND 2498234
	Bitmap Heap Scan on sbtest7  (cost=5.58..449.16 rows=112 width=125)
	  Recheck Cond: ((k >= 2498134) AND (k <= 2498234))
	  ->  Bitmap Index Scan on k_7  (cost=0.00..5.55 rows=112 width=0)
	        Index Cond: ((k >= 2498134) AND (k <= 2498234))

table 8 : explain SELECT k, c FROM sbtest8 WHERE k BETWEEN 2498134 AND 2498234
	Bitmap Heap Scan on sbtest8  (cost=5.45..397.81 rows=99 width=125)
	  Recheck Cond: ((k >= 2498134) AND (k <= 2498234))
	  ->  Bitmap Index Scan on k_8  (cost=0.00..5.42 rows=99 width=0)
	        Index Cond: ((k >= 2498134) AND (k <= 2498234))

for range-notcovered
table 1 : explain SELECT k, c FROM sbtest1 WHERE k BETWEEN 5605207 AND 5605307
	Bitmap Heap Scan on sbtest1  (cost=5.48..409.54 rows=102 width=125)
	  Recheck Cond: ((k >= 5605207) AND (k <= 5605307))
	  ->  Bitmap Index Scan on k_1  (cost=0.00..5.45 rows=102 width=0)
	        Index Cond: ((k >= 5605207) AND (k <= 5605307))

table 2 : explain SELECT k, c FROM sbtest2 WHERE k BETWEEN 5605207 AND 5605307
	Bitmap Heap Scan on sbtest2  (cost=5.52..425.28 rows=106 width=125)
	  Recheck Cond: ((k >= 5605207) AND (k <= 5605307))
	  ->  Bitmap Index Scan on k_2  (cost=0.00..5.50 rows=106 width=0)
	        Index Cond: ((k >= 5605207) AND (k <= 5605307))

table 3 : explain SELECT k, c FROM sbtest3 WHERE k BETWEEN 5605207 AND 5605307
	Bitmap Heap Scan on sbtest3  (cost=5.51..421.43 rows=105 width=125)
	  Recheck Cond: ((k >= 5605207) AND (k <= 5605307))
	  ->  Bitmap Index Scan on k_3  (cost=0.00..5.48 rows=105 width=0)
	        Index Cond: ((k >= 5605207) AND (k <= 5605307))

table 4 : explain SELECT k, c FROM sbtest4 WHERE k BETWEEN 5605207 AND 5605307
	Bitmap Heap Scan on sbtest4  (cost=5.49..413.63 rows=103 width=125)
	  Recheck Cond: ((k >= 5605207) AND (k <= 5605307))
	  ->  Bitmap Index Scan on k_4  (cost=0.00..5.46 rows=103 width=0)
	        Index Cond: ((k >= 5605207) AND (k <= 5605307))

table 5 : explain SELECT k, c FROM sbtest5 WHERE k BETWEEN 5605207 AND 5605307
	Bitmap Heap Scan on sbtest5  (cost=5.54..433.08 rows=108 width=125)
	  Recheck Cond: ((k >= 5605207) AND (k <= 5605307))
	  ->  Bitmap Index Scan on k_5  (cost=0.00..5.51 rows=108 width=0)
	        Index Cond: ((k >= 5605207) AND (k <= 5605307))

table 6 : explain SELECT k, c FROM sbtest6 WHERE k BETWEEN 5605207 AND 5605307
	Bitmap Heap Scan on sbtest6  (cost=5.42..385.84 rows=96 width=125)
	  Recheck Cond: ((k >= 5605207) AND (k <= 5605307))
	  ->  Bitmap Index Scan on k_6  (cost=0.00..5.39 rows=96 width=0)
	        Index Cond: ((k >= 5605207) AND (k <= 5605307))

table 7 : explain SELECT k, c FROM sbtest7 WHERE k BETWEEN 5605207 AND 5605307
	Bitmap Heap Scan on sbtest7  (cost=5.46..401.81 rows=100 width=125)
	  Recheck Cond: ((k >= 5605207) AND (k <= 5605307))
	  ->  Bitmap Index Scan on k_7  (cost=0.00..5.43 rows=100 width=0)
	        Index Cond: ((k >= 5605207) AND (k <= 5605307))

table 8 : explain SELECT k, c FROM sbtest8 WHERE k BETWEEN 5605207 AND 5605307
	Bitmap Heap Scan on sbtest8  (cost=5.40..378.07 rows=94 width=125)
	  Recheck Cond: ((k >= 5605207) AND (k <= 5605307))
	  ->  Bitmap Index Scan on k_8  (cost=0.00..5.38 rows=94 width=0)
	        Index Cond: ((k >= 5605207) AND (k <= 5605307))

for range-notcovered
table 1 : explain SELECT k, c FROM sbtest1 WHERE k BETWEEN 6233800 AND 6233900
	Bitmap Heap Scan on sbtest1  (cost=5.46..401.65 rows=100 width=125)
	  Recheck Cond: ((k >= 6233800) AND (k <= 6233900))
	  ->  Bitmap Index Scan on k_1  (cost=0.00..5.43 rows=100 width=0)
	        Index Cond: ((k >= 6233800) AND (k <= 6233900))

table 2 : explain SELECT k, c FROM sbtest2 WHERE k BETWEEN 6233800 AND 6233900
	Bitmap Heap Scan on sbtest2  (cost=5.55..437.11 rows=109 width=125)
	  Recheck Cond: ((k >= 6233800) AND (k <= 6233900))
	  ->  Bitmap Index Scan on k_2  (cost=0.00..5.52 rows=109 width=0)
	        Index Cond: ((k >= 6233800) AND (k <= 6233900))

table 3 : explain SELECT k, c FROM sbtest3 WHERE k BETWEEN 6233800 AND 6233900
	Bitmap Heap Scan on sbtest3  (cost=5.42..385.91 rows=96 width=125)
	  Recheck Cond: ((k >= 6233800) AND (k <= 6233900))
	  ->  Bitmap Index Scan on k_3  (cost=0.00..5.39 rows=96 width=0)
	        Index Cond: ((k >= 6233800) AND (k <= 6233900))

table 4 : explain SELECT k, c FROM sbtest4 WHERE k BETWEEN 6233800 AND 6233900
	Bitmap Heap Scan on sbtest4  (cost=5.49..413.63 rows=103 width=125)
	  Recheck Cond: ((k >= 6233800) AND (k <= 6233900))
	  ->  Bitmap Index Scan on k_4  (cost=0.00..5.46 rows=103 width=0)
	        Index Cond: ((k >= 6233800) AND (k <= 6233900))

table 5 : explain SELECT k, c FROM sbtest5 WHERE k BETWEEN 6233800 AND 6233900
	Bitmap Heap Scan on sbtest5  (cost=5.48..409.43 rows=102 width=125)
	  Recheck Cond: ((k >= 6233800) AND (k <= 6233900))
	  ->  Bitmap Index Scan on k_5  (cost=0.00..5.45 rows=102 width=0)
	        Index Cond: ((k >= 6233800) AND (k <= 6233900))

table 6 : explain SELECT k, c FROM sbtest6 WHERE k BETWEEN 6233800 AND 6233900
	Bitmap Heap Scan on sbtest6  (cost=5.45..397.68 rows=99 width=125)
	  Recheck Cond: ((k >= 6233800) AND (k <= 6233900))
	  ->  Bitmap Index Scan on k_6  (cost=0.00..5.42 rows=99 width=0)
	        Index Cond: ((k >= 6233800) AND (k <= 6233900))

table 7 : explain SELECT k, c FROM sbtest7 WHERE k BETWEEN 6233800 AND 6233900
	Bitmap Heap Scan on sbtest7  (cost=5.42..386.01 rows=96 width=125)
	  Recheck Cond: ((k >= 6233800) AND (k <= 6233900))
	  ->  Bitmap Index Scan on k_7  (cost=0.00..5.39 rows=96 width=0)
	        Index Cond: ((k >= 6233800) AND (k <= 6233900))

table 8 : explain SELECT k, c FROM sbtest8 WHERE k BETWEEN 6233800 AND 6233900
	Bitmap Heap Scan on sbtest8  (cost=5.52..425.43 rows=106 width=125)
	  Recheck Cond: ((k >= 6233800) AND (k <= 6233900))
	  ->  Bitmap Index Scan on k_8  (cost=0.00..5.50 rows=106 width=0)
	        Index Cond: ((k >= 6233800) AND (k <= 6233900))

explain: for range-notcovered :: explain SELECT k, c FROM sbtest%d WHERE k BETWEEN 7375345 AND 7375445
explain: for range-notcovered :: explain SELECT k, c FROM sbtest%d WHERE k BETWEEN 2498134 AND 2498234
for range-notcovered
table 1 : explain SELECT k, c FROM sbtest1 WHERE k BETWEEN 4737451 AND 4737551
	Bitmap Heap Scan on sbtest1  (cost=5.42..385.86 rows=96 width=125)
	  Recheck Cond: ((k >= 4737451) AND (k <= 4737551))
	  ->  Bitmap Index Scan on k_1  (cost=0.00..5.39 rows=96 width=0)
	        Index Cond: ((k >= 4737451) AND (k <= 4737551))

table 2 : explain SELECT k, c FROM sbtest2 WHERE k BETWEEN 4737451 AND 4737551
	Bitmap Heap Scan on sbtest2  (cost=5.46..401.62 rows=100 width=125)
	  Recheck Cond: ((k >= 4737451) AND (k <= 4737551))
	  ->  Bitmap Index Scan on k_2  (cost=0.00..5.43 rows=100 width=0)
	        Index Cond: ((k >= 4737451) AND (k <= 4737551))

table 3 : explain SELECT k, c FROM sbtest3 WHERE k BETWEEN 4737451 AND 4737551
	Bitmap Heap Scan on sbtest3  (cost=5.48..409.59 rows=102 width=125)
	  Recheck Cond: ((k >= 4737451) AND (k <= 4737551))
	  ->  Bitmap Index Scan on k_3  (cost=0.00..5.45 rows=102 width=0)
	        Index Cond: ((k >= 4737451) AND (k <= 4737551))

table 4 : explain SELECT k, c FROM sbtest4 WHERE k BETWEEN 4737451 AND 4737551
	Bitmap Heap Scan on sbtest4  (cost=5.48..409.68 rows=102 width=125)
	  Recheck Cond: ((k >= 4737451) AND (k <= 4737551))
	  ->  Bitmap Index Scan on k_4  (cost=0.00..5.45 rows=102 width=0)
	        Index Cond: ((k >= 4737451) AND (k <= 4737551))

table 5 : explain SELECT k, c FROM sbtest5 WHERE k BETWEEN 4737451 AND 4737551
	Bitmap Heap Scan on sbtest5  (cost=5.67..480.34 rows=120 width=125)
	  Recheck Cond: ((k >= 4737451) AND (k <= 4737551))
	  ->  Bitmap Index Scan on k_5  (cost=0.00..5.63 rows=120 width=0)
	        Index Cond: ((k >= 4737451) AND (k <= 4737551))

table 6 : explain SELECT k, c FROM sbtest6 WHERE k BETWEEN 4737451 AND 4737551
	Bitmap Heap Scan on sbtest6  (cost=5.57..445.00 rows=111 width=125)
	  Recheck Cond: ((k >= 4737451) AND (k <= 4737551))
	  ->  Bitmap Index Scan on k_6  (cost=0.00..5.54 rows=111 width=0)
	        Index Cond: ((k >= 4737451) AND (k <= 4737551))

table 7 : explain SELECT k, c FROM sbtest7 WHERE k BETWEEN 4737451 AND 4737551
	Bitmap Heap Scan on sbtest7  (cost=5.51..421.54 rows=105 width=125)
	  Recheck Cond: ((k >= 4737451) AND (k <= 4737551))
	  ->  Bitmap Index Scan on k_7  (cost=0.00..5.48 rows=105 width=0)
	        Index Cond: ((k >= 4737451) AND (k <= 4737551))

table 8 : explain SELECT k, c FROM sbtest8 WHERE k BETWEEN 4737451 AND 4737551
	Bitmap Heap Scan on sbtest8  (cost=5.51..421.49 rows=105 width=125)
	  Recheck Cond: ((k >= 4737451) AND (k <= 4737551))
	  ->  Bitmap Index Scan on k_8  (cost=0.00..5.48 rows=105 width=0)
	        Index Cond: ((k >= 4737451) AND (k <= 4737551))
for range-notcovered
table 1 : explain SELECT k, c FROM sbtest1 WHERE k BETWEEN 4678691 AND 4678791
	Bitmap Heap Scan on sbtest1  (cost=5.52..425.31 rows=106 width=125)
	  Recheck Cond: ((k >= 4678691) AND (k <= 4678791))
	  ->  Bitmap Index Scan on k_1  (cost=0.00..5.50 rows=106 width=0)
	        Index Cond: ((k >= 4678691) AND (k <= 4678791))

table 2 : explain SELECT k, c FROM sbtest2 WHERE k BETWEEN 4678691 AND 4678791
	Bitmap Heap Scan on sbtest2  (cost=5.46..401.62 rows=100 width=125)
	  Recheck Cond: ((k >= 4678691) AND (k <= 4678791))
	  ->  Bitmap Index Scan on k_2  (cost=0.00..5.43 rows=100 width=0)
	        Index Cond: ((k >= 4678691) AND (k <= 4678791))

table 3 : explain SELECT k, c FROM sbtest3 WHERE k BETWEEN 4678691 AND 4678791
	Bitmap Heap Scan on sbtest3  (cost=5.59..452.97 rows=113 width=125)
	  Recheck Cond: ((k >= 4678691) AND (k <= 4678791))
	  ->  Bitmap Index Scan on k_3  (cost=0.00..5.56 rows=113 width=0)
	        Index Cond: ((k >= 4678691) AND (k <= 4678791))

table 4 : explain SELECT k, c FROM sbtest4 WHERE k BETWEEN 4678691 AND 4678791
	Bitmap Heap Scan on sbtest4  (cost=5.54..433.36 rows=108 width=125)
	  Recheck Cond: ((k >= 4678691) AND (k <= 4678791))
	  ->  Bitmap Index Scan on k_4  (cost=0.00..5.51 rows=108 width=0)
	        Index Cond: ((k >= 4678691) AND (k <= 4678791))

table 5 : explain SELECT k, c FROM sbtest5 WHERE k BETWEEN 4678691 AND 4678791
	Bitmap Heap Scan on sbtest5  (cost=5.50..417.31 rows=104 width=125)
	  Recheck Cond: ((k >= 4678691) AND (k <= 4678791))
	  ->  Bitmap Index Scan on k_5  (cost=0.00..5.47 rows=104 width=0)
	        Index Cond: ((k >= 4678691) AND (k <= 4678791))

table 6 : explain SELECT k, c FROM sbtest6 WHERE k BETWEEN 4678691 AND 4678791
	Bitmap Heap Scan on sbtest6  (cost=5.61..460.76 rows=115 width=125)
	  Recheck Cond: ((k >= 4678691) AND (k <= 4678791))
	  ->  Bitmap Index Scan on k_6  (cost=0.00..5.58 rows=115 width=0)
	        Index Cond: ((k >= 4678691) AND (k <= 4678791))

table 7 : explain SELECT k, c FROM sbtest7 WHERE k BETWEEN 4678691 AND 4678791
	Bitmap Heap Scan on sbtest7  (cost=5.51..421.54 rows=105 width=125)
	  Recheck Cond: ((k >= 4678691) AND (k <= 4678791))
	  ->  Bitmap Index Scan on k_7  (cost=0.00..5.48 rows=105 width=0)
	        Index Cond: ((k >= 4678691) AND (k <= 4678791))

table 8 : explain SELECT k, c FROM sbtest8 WHERE k BETWEEN 4678691 AND 4678791
	Bitmap Heap Scan on sbtest8  (cost=5.51..421.49 rows=105 width=125)
	  Recheck Cond: ((k >= 4678691) AND (k <= 4678791))
	  ->  Bitmap Index Scan on k_8  (cost=0.00..5.48 rows=105 width=0)
	        Index Cond: ((k >= 4678691) AND (k <= 4678791))
explain: for range-notcovered :: explain SELECT k, c FROM sbtest%d WHERE k BETWEEN 6233800 AND 6233900
explain: for range-notcovered :: explain SELECT k, c FROM sbtest%d WHERE k BETWEEN 5605207 AND 5605307


explain: for range-notcovered :: explain SELECT k, c FROM sbtest%d WHERE k BETWEEN 4737451 AND 4737551
explain: for range-notcovered :: explain SELECT k, c FROM sbtest%d WHERE k BETWEEN 4678691 AND 4678791
for range-notcovered
table 1 : explain SELECT k, c FROM sbtest1 WHERE k BETWEEN 5523118 AND 5523218
	Bitmap Heap Scan on sbtest1  (cost=5.47..405.59 rows=101 width=125)
	  Recheck Cond: ((k >= 5523118) AND (k <= 5523218))
	  ->  Bitmap Index Scan on k_1  (cost=0.00..5.44 rows=101 width=0)
	        Index Cond: ((k >= 5523118) AND (k <= 5523218))

table 2 : explain SELECT k, c FROM sbtest2 WHERE k BETWEEN 5523118 AND 5523218
	Bitmap Heap Scan on sbtest2  (cost=5.48..409.51 rows=102 width=125)
	  Recheck Cond: ((k >= 5523118) AND (k <= 5523218))
	  ->  Bitmap Index Scan on k_2  (cost=0.00..5.45 rows=102 width=0)
	        Index Cond: ((k >= 5523118) AND (k <= 5523218))

table 3 : explain SELECT k, c FROM sbtest3 WHERE k BETWEEN 5523118 AND 5523218
	Bitmap Heap Scan on sbtest3  (cost=5.58..449.03 rows=112 width=125)
	  Recheck Cond: ((k >= 5523118) AND (k <= 5523218))
	  ->  Bitmap Index Scan on k_3  (cost=0.00..5.55 rows=112 width=0)
	        Index Cond: ((k >= 5523118) AND (k <= 5523218))

table 4 : explain SELECT k, c FROM sbtest4 WHERE k BETWEEN 5523118 AND 5523218
	Bitmap Heap Scan on sbtest4  (cost=5.49..413.63 rows=103 width=125)
	  Recheck Cond: ((k >= 5523118) AND (k <= 5523218))
	  ->  Bitmap Index Scan on k_4  (cost=0.00..5.46 rows=103 width=0)
	        Index Cond: ((k >= 5523118) AND (k <= 5523218))

table 5 : explain SELECT k, c FROM sbtest5 WHERE k BETWEEN 5523118 AND 5523218
	Bitmap Heap Scan on sbtest5  (cost=5.58..448.84 rows=112 width=125)
	  Recheck Cond: ((k >= 5523118) AND (k <= 5523218))
	  ->  Bitmap Index Scan on k_5  (cost=0.00..5.55 rows=112 width=0)
	        Index Cond: ((k >= 5523118) AND (k <= 5523218))

table 6 : explain SELECT k, c FROM sbtest6 WHERE k BETWEEN 5523118 AND 5523218
	Bitmap Heap Scan on sbtest6  (cost=5.54..433.18 rows=108 width=125)
	  Recheck Cond: ((k >= 5523118) AND (k <= 5523218))
	  ->  Bitmap Index Scan on k_6  (cost=0.00..5.51 rows=108 width=0)
	        Index Cond: ((k >= 5523118) AND (k <= 5523218))

table 7 : explain SELECT k, c FROM sbtest7 WHERE k BETWEEN 5523118 AND 5523218
	Bitmap Heap Scan on sbtest7  (cost=5.44..393.91 rows=98 width=125)
	  Recheck Cond: ((k >= 5523118) AND (k <= 5523218))
	  ->  Bitmap Index Scan on k_7  (cost=0.00..5.42 rows=98 width=0)
	        Index Cond: ((k >= 5523118) AND (k <= 5523218))

table 8 : explain SELECT k, c FROM sbtest8 WHERE k BETWEEN 5523118 AND 5523218
	Bitmap Heap Scan on sbtest8  (cost=5.40..378.07 rows=94 width=125)
	  Recheck Cond: ((k >= 5523118) AND (k <= 5523218))
	  ->  Bitmap Index Scan on k_8  (cost=0.00..5.38 rows=94 width=0)
	        Index Cond: ((k >= 5523118) AND (k <= 5523218))

for range-notcovered
table 1 : explain SELECT k, c FROM sbtest1 WHERE k BETWEEN 5737215 AND 5737315
	Bitmap Heap Scan on sbtest1  (cost=5.45..397.70 rows=99 width=125)
	  Recheck Cond: ((k >= 5737215) AND (k <= 5737315))
	  ->  Bitmap Index Scan on k_1  (cost=0.00..5.42 rows=99 width=0)
	        Index Cond: ((k >= 5737215) AND (k <= 5737315))

table 2 : explain SELECT k, c FROM sbtest2 WHERE k BETWEEN 5737215 AND 5737315
	Bitmap Heap Scan on sbtest2  (cost=5.61..460.75 rows=115 width=125)
	  Recheck Cond: ((k >= 5737215) AND (k <= 5737315))
	  ->  Bitmap Index Scan on k_2  (cost=0.00..5.58 rows=115 width=0)
	        Index Cond: ((k >= 5737215) AND (k <= 5737315))

table 3 : explain SELECT k, c FROM sbtest3 WHERE k BETWEEN 5737215 AND 5737315
	Bitmap Heap Scan on sbtest3  (cost=5.43..389.86 rows=97 width=125)
	  Recheck Cond: ((k >= 5737215) AND (k <= 5737315))
	  ->  Bitmap Index Scan on k_3  (cost=0.00..5.40 rows=97 width=0)
	        Index Cond: ((k >= 5737215) AND (k <= 5737315))

table 4 : explain SELECT k, c FROM sbtest4 WHERE k BETWEEN 5737215 AND 5737315
	Bitmap Heap Scan on sbtest4  (cost=5.46..401.79 rows=100 width=125)
	  Recheck Cond: ((k >= 5737215) AND (k <= 5737315))
	  ->  Bitmap Index Scan on k_4  (cost=0.00..5.43 rows=100 width=0)
	        Index Cond: ((k >= 5737215) AND (k <= 5737315))

table 5 : explain SELECT k, c FROM sbtest5 WHERE k BETWEEN 5737215 AND 5737315
	Bitmap Heap Scan on sbtest5  (cost=5.48..409.43 rows=102 width=125)
	  Recheck Cond: ((k >= 5737215) AND (k <= 5737315))
	  ->  Bitmap Index Scan on k_5  (cost=0.00..5.45 rows=102 width=0)
	        Index Cond: ((k >= 5737215) AND (k <= 5737315))

table 6 : explain SELECT k, c FROM sbtest6 WHERE k BETWEEN 5737215 AND 5737315
	Bitmap Heap Scan on sbtest6  (cost=5.56..441.06 rows=110 width=125)
	  Recheck Cond: ((k >= 5737215) AND (k <= 5737315))
	  ->  Bitmap Index Scan on k_6  (cost=0.00..5.53 rows=110 width=0)
	        Index Cond: ((k >= 5737215) AND (k <= 5737315))

table 7 : explain SELECT k, c FROM sbtest7 WHERE k BETWEEN 5737215 AND 5737315
	Bitmap Heap Scan on sbtest7  (cost=5.40..378.11 rows=94 width=125)
	  Recheck Cond: ((k >= 5737215) AND (k <= 5737315))
	  ->  Bitmap Index Scan on k_7  (cost=0.00..5.38 rows=94 width=0)
	        Index Cond: ((k >= 5737215) AND (k <= 5737315))

table 8 : explain SELECT k, c FROM sbtest8 WHERE k BETWEEN 5737215 AND 5737315
	Bitmap Heap Scan on sbtest8  (cost=5.49..413.60 rows=103 width=125)
	  Recheck Cond: ((k >= 5737215) AND (k <= 5737315))
	  ->  Bitmap Index Scan on k_8  (cost=0.00..5.46 rows=103 width=0)
	        Index Cond: ((k >= 5737215) AND (k <= 5737315))

explain: for range-notcovered :: explain SELECT k, c FROM sbtest%d WHERE k BETWEEN 5523118 AND 5523218
explain: for range-notcovered :: explain SELECT k, c FROM sbtest%d WHERE k BETWEEN 5737215 AND 5737315
for range-notcovered
table 1 : explain SELECT k, c FROM sbtest1 WHERE k BETWEEN 8565714 AND 8565814
	Bitmap Heap Scan on sbtest1  (cost=5.45..397.70 rows=99 width=125)
	  Recheck Cond: ((k >= 8565714) AND (k <= 8565814))
	  ->  Bitmap Index Scan on k_1  (cost=0.00..5.42 rows=99 width=0)
	        Index Cond: ((k >= 8565714) AND (k <= 8565814))

table 2 : explain SELECT k, c FROM sbtest2 WHERE k BETWEEN 8565714 AND 8565814
	Bitmap Heap Scan on sbtest2  (cost=5.52..425.28 rows=106 width=125)
	  Recheck Cond: ((k >= 8565714) AND (k <= 8565814))
	  ->  Bitmap Index Scan on k_2  (cost=0.00..5.50 rows=106 width=0)
	        Index Cond: ((k >= 8565714) AND (k <= 8565814))

table 3 : explain SELECT k, c FROM sbtest3 WHERE k BETWEEN 8565714 AND 8565814
	Bitmap Heap Scan on sbtest3  (cost=5.59..452.97 rows=113 width=125)
	  Recheck Cond: ((k >= 8565714) AND (k <= 8565814))
	  ->  Bitmap Index Scan on k_3  (cost=0.00..5.56 rows=113 width=0)
	        Index Cond: ((k >= 8565714) AND (k <= 8565814))

table 4 : explain SELECT k, c FROM sbtest4 WHERE k BETWEEN 8565714 AND 8565814
	Bitmap Heap Scan on sbtest4  (cost=5.43..389.94 rows=97 width=125)
	  Recheck Cond: ((k >= 8565714) AND (k <= 8565814))
	  ->  Bitmap Index Scan on k_4  (cost=0.00..5.40 rows=97 width=0)
	        Index Cond: ((k >= 8565714) AND (k <= 8565814))

table 5 : explain SELECT k, c FROM sbtest5 WHERE k BETWEEN 8565714 AND 8565814
	Bitmap Heap Scan on sbtest5  (cost=5.47..405.48 rows=101 width=125)
	  Recheck Cond: ((k >= 8565714) AND (k <= 8565814))
	  ->  Bitmap Index Scan on k_5  (cost=0.00..5.44 rows=101 width=0)
	        Index Cond: ((k >= 8565714) AND (k <= 8565814))

table 6 : explain SELECT k, c FROM sbtest6 WHERE k BETWEEN 8565714 AND 8565814
	Bitmap Heap Scan on sbtest6  (cost=5.42..385.84 rows=96 width=125)
	  Recheck Cond: ((k >= 8565714) AND (k <= 8565814))
	  ->  Bitmap Index Scan on k_6  (cost=0.00..5.39 rows=96 width=0)
	        Index Cond: ((k >= 8565714) AND (k <= 8565814))

table 7 : explain SELECT k, c FROM sbtest7 WHERE k BETWEEN 8565714 AND 8565814
	Bitmap Heap Scan on sbtest7  (cost=5.40..378.11 rows=94 width=125)
	  Recheck Cond: ((k >= 8565714) AND (k <= 8565814))
	  ->  Bitmap Index Scan on k_7  (cost=0.00..5.38 rows=94 width=0)
	        Index Cond: ((k >= 8565714) AND (k <= 8565814))

table 8 : explain SELECT k, c FROM sbtest8 WHERE k BETWEEN 8565714 AND 8565814
	Bitmap Heap Scan on sbtest8  (cost=5.46..401.76 rows=100 width=125)
	  Recheck Cond: ((k >= 8565714) AND (k <= 8565814))
	  ->  Bitmap Index Scan on k_8  (cost=0.00..5.43 rows=100 width=0)
	        Index Cond: ((k >= 8565714) AND (k <= 8565814))

explain: for range-notcovered :: explain SELECT k, c FROM sbtest%d WHERE k BETWEEN 8565714 AND 8565814
for range-notcovered
table 1 : explain SELECT k, c FROM sbtest1 WHERE k BETWEEN 7375345 AND 7375445
	Bitmap Heap Scan on sbtest1  (cost=5.52..425.31 rows=106 width=125)
	  Recheck Cond: ((k >= 7375345) AND (k <= 7375445))
	  ->  Bitmap Index Scan on k_1  (cost=0.00..5.50 rows=106 width=0)
	        Index Cond: ((k >= 7375345) AND (k <= 7375445))

table 2 : explain SELECT k, c FROM sbtest2 WHERE k BETWEEN 7375345 AND 7375445
	Bitmap Heap Scan on sbtest2  (cost=5.46..401.62 rows=100 width=125)
	  Recheck Cond: ((k >= 7375345) AND (k <= 7375445))
	  ->  Bitmap Index Scan on k_2  (cost=0.00..5.43 rows=100 width=0)
	        Index Cond: ((k >= 7375345) AND (k <= 7375445))

table 3 : explain SELECT k, c FROM sbtest3 WHERE k BETWEEN 7375345 AND 7375445
	Bitmap Heap Scan on sbtest3  (cost=5.50..417.49 rows=104 width=125)
	  Recheck Cond: ((k >= 7375345) AND (k <= 7375445))
	  ->  Bitmap Index Scan on k_3  (cost=0.00..5.47 rows=104 width=0)
	        Index Cond: ((k >= 7375345) AND (k <= 7375445))

table 4 : explain SELECT k, c FROM sbtest4 WHERE k BETWEEN 7375345 AND 7375445
	Bitmap Heap Scan on sbtest4  (cost=5.42..385.99 rows=96 width=125)
	  Recheck Cond: ((k >= 7375345) AND (k <= 7375445))
	  ->  Bitmap Index Scan on k_4  (cost=0.00..5.39 rows=96 width=0)
	        Index Cond: ((k >= 7375345) AND (k <= 7375445))

table 5 : explain SELECT k, c FROM sbtest5 WHERE k BETWEEN 7375345 AND 7375445
	Bitmap Heap Scan on sbtest5  (cost=5.53..429.14 rows=107 width=125)
	  Recheck Cond: ((k >= 7375345) AND (k <= 7375445))
	  ->  Bitmap Index Scan on k_5  (cost=0.00..5.50 rows=107 width=0)
	        Index Cond: ((k >= 7375345) AND (k <= 7375445))

table 6 : explain SELECT k, c FROM sbtest6 WHERE k BETWEEN 7375345 AND 7375445
	Bitmap Heap Scan on sbtest6  (cost=5.56..441.06 rows=110 width=125)
	  Recheck Cond: ((k >= 7375345) AND (k <= 7375445))
	  ->  Bitmap Index Scan on k_6  (cost=0.00..5.53 rows=110 width=0)
	        Index Cond: ((k >= 7375345) AND (k <= 7375445))

table 7 : explain SELECT k, c FROM sbtest7 WHERE k BETWEEN 7375345 AND 7375445
	Bitmap Heap Scan on sbtest7  (cost=5.44..393.91 rows=98 width=125)
	  Recheck Cond: ((k >= 7375345) AND (k <= 7375445))
	  ->  Bitmap Index Scan on k_7  (cost=0.00..5.42 rows=98 width=0)
	        Index Cond: ((k >= 7375345) AND (k <= 7375445))

table 8 : explain SELECT k, c FROM sbtest8 WHERE k BETWEEN 7375345 AND 7375445
	Bitmap Heap Scan on sbtest8  (cost=5.50..417.54 rows=104 width=125)
	  Recheck Cond: ((k >= 7375345) AND (k <= 7375445))
	  ->  Bitmap Index Scan on k_8  (cost=0.00..5.47 rows=104 width=0)
	        Index Cond: ((k >= 7375345) AND (k <= 7375445))

for range-notcovered
table 1 : explain SELECT k, c FROM sbtest1 WHERE k BETWEEN 6233800 AND 6233900
	Bitmap Heap Scan on sbtest1  (cost=5.46..401.65 rows=100 width=125)
	  Recheck Cond: ((k >= 6233800) AND (k <= 6233900))
	  ->  Bitmap Index Scan on k_1  (cost=0.00..5.43 rows=100 width=0)
	        Index Cond: ((k >= 6233800) AND (k <= 6233900))

table 2 : explain SELECT k, c FROM sbtest2 WHERE k BETWEEN 6233800 AND 6233900
	Bitmap Heap Scan on sbtest2  (cost=5.55..437.11 rows=109 width=125)
	  Recheck Cond: ((k >= 6233800) AND (k <= 6233900))
	  ->  Bitmap Index Scan on k_2  (cost=0.00..5.52 rows=109 width=0)
	        Index Cond: ((k >= 6233800) AND (k <= 6233900))

table 3 : explain SELECT k, c FROM sbtest3 WHERE k BETWEEN 6233800 AND 6233900
	Bitmap Heap Scan on sbtest3  (cost=5.42..385.91 rows=96 width=125)
	  Recheck Cond: ((k >= 6233800) AND (k <= 6233900))
	  ->  Bitmap Index Scan on k_3  (cost=0.00..5.39 rows=96 width=0)
	        Index Cond: ((k >= 6233800) AND (k <= 6233900))

table 4 : explain SELECT k, c FROM sbtest4 WHERE k BETWEEN 6233800 AND 6233900
	Bitmap Heap Scan on sbtest4  (cost=5.49..413.63 rows=103 width=125)
	  Recheck Cond: ((k >= 6233800) AND (k <= 6233900))
	  ->  Bitmap Index Scan on k_4  (cost=0.00..5.46 rows=103 width=0)
	        Index Cond: ((k >= 6233800) AND (k <= 6233900))

table 5 : explain SELECT k, c FROM sbtest5 WHERE k BETWEEN 6233800 AND 6233900
	Bitmap Heap Scan on sbtest5  (cost=5.48..409.43 rows=102 width=125)
	  Recheck Cond: ((k >= 6233800) AND (k <= 6233900))
	  ->  Bitmap Index Scan on k_5  (cost=0.00..5.45 rows=102 width=0)
	        Index Cond: ((k >= 6233800) AND (k <= 6233900))

table 6 : explain SELECT k, c FROM sbtest6 WHERE k BETWEEN 6233800 AND 6233900
	Bitmap Heap Scan on sbtest6  (cost=5.45..397.68 rows=99 width=125)
	  Recheck Cond: ((k >= 6233800) AND (k <= 6233900))
	  ->  Bitmap Index Scan on k_6  (cost=0.00..5.42 rows=99 width=0)
	        Index Cond: ((k >= 6233800) AND (k <= 6233900))

table 7 : explain SELECT k, c FROM sbtest7 WHERE k BETWEEN 6233800 AND 6233900
	Bitmap Heap Scan on sbtest7  (cost=5.42..386.01 rows=96 width=125)
	  Recheck Cond: ((k >= 6233800) AND (k <= 6233900))
	  ->  Bitmap Index Scan on k_7  (cost=0.00..5.39 rows=96 width=0)
	        Index Cond: ((k >= 6233800) AND (k <= 6233900))

table 8 : explain SELECT k, c FROM sbtest8 WHERE k BETWEEN 6233800 AND 6233900
	Bitmap Heap Scan on sbtest8  (cost=5.52..425.43 rows=106 width=125)
	  Recheck Cond: ((k >= 6233800) AND (k <= 6233900))
	  ->  Bitmap Index Scan on k_8  (cost=0.00..5.50 rows=106 width=0)
	        Index Cond: ((k >= 6233800) AND (k <= 6233900))

explain: for range-notcovered :: explain SELECT k, c FROM sbtest%d WHERE k BETWEEN 7375345 AND 7375445
for range-notcovered
table 1 : explain SELECT k, c FROM sbtest1 WHERE k BETWEEN 2498134 AND 2498234
	Bitmap Heap Scan on sbtest1  (cost=5.50..417.43 rows=104 width=125)
	  Recheck Cond: ((k >= 2498134) AND (k <= 2498234))
	  ->  Bitmap Index Scan on k_1  (cost=0.00..5.47 rows=104 width=0)
	        Index Cond: ((k >= 2498134) AND (k <= 2498234))

table 2 : explain SELECT k, c FROM sbtest2 WHERE k BETWEEN 2498134 AND 2498234
	Bitmap Heap Scan on sbtest2  (cost=5.51..421.34 rows=105 width=125)
	  Recheck Cond: ((k >= 2498134) AND (k <= 2498234))
	  ->  Bitmap Index Scan on k_2  (cost=0.00..5.48 rows=105 width=0)
	        Index Cond: ((k >= 2498134) AND (k <= 2498234))

table 3 : explain SELECT k, c FROM sbtest3 WHERE k BETWEEN 2498134 AND 2498234
	Bitmap Heap Scan on sbtest3  (cost=5.53..429.32 rows=107 width=125)
	  Recheck Cond: ((k >= 2498134) AND (k <= 2498234))
	  ->  Bitmap Index Scan on k_3  (cost=0.00..5.50 rows=107 width=0)
	        Index Cond: ((k >= 2498134) AND (k <= 2498234))

table 4 : explain SELECT k, c FROM sbtest4 WHERE k BETWEEN 2498134 AND 2498234
	Bitmap Heap Scan on sbtest4  (cost=5.41..382.05 rows=95 width=125)
	  Recheck Cond: ((k >= 2498134) AND (k <= 2498234))
	  ->  Bitmap Index Scan on k_4  (cost=0.00..5.38 rows=95 width=0)
	        Index Cond: ((k >= 2498134) AND (k <= 2498234))

table 5 : explain SELECT k, c FROM sbtest5 WHERE k BETWEEN 2498134 AND 2498234
	Bitmap Heap Scan on sbtest5  (cost=5.50..417.31 rows=104 width=125)
	  Recheck Cond: ((k >= 2498134) AND (k <= 2498234))
	  ->  Bitmap Index Scan on k_5  (cost=0.00..5.47 rows=104 width=0)
	        Index Cond: ((k >= 2498134) AND (k <= 2498234))

table 6 : explain SELECT k, c FROM sbtest6 WHERE k BETWEEN 2498134 AND 2498234
	Bitmap Heap Scan on sbtest6  (cost=5.42..385.84 rows=96 width=125)
	  Recheck Cond: ((k >= 2498134) AND (k <= 2498234))
	  ->  Bitmap Index Scan on k_6  (cost=0.00..5.39 rows=96 width=0)
	        Index Cond: ((k >= 2498134) AND (k <= 2498234))

table 7 : explain SELECT k, c FROM sbtest7 WHERE k BETWEEN 2498134 AND 2498234
	Bitmap Heap Scan on sbtest7  (cost=5.58..449.16 rows=112 width=125)
	  Recheck Cond: ((k >= 2498134) AND (k <= 2498234))
	  ->  Bitmap Index Scan on k_7  (cost=0.00..5.55 rows=112 width=0)
	        Index Cond: ((k >= 2498134) AND (k <= 2498234))

table 8 : explain SELECT k, c FROM sbtest8 WHERE k BETWEEN 2498134 AND 2498234
	Bitmap Heap Scan on sbtest8  (cost=5.45..397.81 rows=99 width=125)
	  Recheck Cond: ((k >= 2498134) AND (k <= 2498234))
	  ->  Bitmap Index Scan on k_8  (cost=0.00..5.42 rows=99 width=0)
	        Index Cond: ((k >= 2498134) AND (k <= 2498234))

for range-notcovered
table 1 : explain SELECT k, c FROM sbtest1 WHERE k BETWEEN 4678691 AND 4678791
	Bitmap Heap Scan on sbtest1  (cost=5.52..425.31 rows=106 width=125)
	  Recheck Cond: ((k >= 4678691) AND (k <= 4678791))
	  ->  Bitmap Index Scan on k_1  (cost=0.00..5.50 rows=106 width=0)
	        Index Cond: ((k >= 4678691) AND (k <= 4678791))

table 2 : explain SELECT k, c FROM sbtest2 WHERE k BETWEEN 4678691 AND 4678791
	Bitmap Heap Scan on sbtest2  (cost=5.46..401.62 rows=100 width=125)
	  Recheck Cond: ((k >= 4678691) AND (k <= 4678791))
	  ->  Bitmap Index Scan on k_2  (cost=0.00..5.43 rows=100 width=0)
	        Index Cond: ((k >= 4678691) AND (k <= 4678791))

table 3 : explain SELECT k, c FROM sbtest3 WHERE k BETWEEN 4678691 AND 4678791
	Bitmap Heap Scan on sbtest3  (cost=5.59..452.97 rows=113 width=125)
	  Recheck Cond: ((k >= 4678691) AND (k <= 4678791))
	  ->  Bitmap Index Scan on k_3  (cost=0.00..5.56 rows=113 width=0)
	        Index Cond: ((k >= 4678691) AND (k <= 4678791))

table 4 : explain SELECT k, c FROM sbtest4 WHERE k BETWEEN 4678691 AND 4678791
	Bitmap Heap Scan on sbtest4  (cost=5.54..433.36 rows=108 width=125)
	  Recheck Cond: ((k >= 4678691) AND (k <= 4678791))
	  ->  Bitmap Index Scan on k_4  (cost=0.00..5.51 rows=108 width=0)
	        Index Cond: ((k >= 4678691) AND (k <= 4678791))

table 5 : explain SELECT k, c FROM sbtest5 WHERE k BETWEEN 4678691 AND 4678791
	Bitmap Heap Scan on sbtest5  (cost=5.50..417.31 rows=104 width=125)
	  Recheck Cond: ((k >= 4678691) AND (k <= 4678791))
	  ->  Bitmap Index Scan on k_5  (cost=0.00..5.47 rows=104 width=0)
	        Index Cond: ((k >= 4678691) AND (k <= 4678791))

table 6 : explain SELECT k, c FROM sbtest6 WHERE k BETWEEN 4678691 AND 4678791
	Bitmap Heap Scan on sbtest6  (cost=5.61..460.76 rows=115 width=125)
	  Recheck Cond: ((k >= 4678691) AND (k <= 4678791))
	  ->  Bitmap Index Scan on k_6  (cost=0.00..5.58 rows=115 width=0)
	        Index Cond: ((k >= 4678691) AND (k <= 4678791))

table 7 : explain SELECT k, c FROM sbtest7 WHERE k BETWEEN 4678691 AND 4678791
	Bitmap Heap Scan on sbtest7  (cost=5.51..421.54 rows=105 width=125)
	  Recheck Cond: ((k >= 4678691) AND (k <= 4678791))
	  ->  Bitmap Index Scan on k_7  (cost=0.00..5.48 rows=105 width=0)
	        Index Cond: ((k >= 4678691) AND (k <= 4678791))

table 8 : explain SELECT k, c FROM sbtest8 WHERE k BETWEEN 4678691 AND 4678791
	Bitmap Heap Scan on sbtest8  (cost=5.51..421.49 rows=105 width=125)
	  Recheck Cond: ((k >= 4678691) AND (k <= 4678791))
	  ->  Bitmap Index Scan on k_8  (cost=0.00..5.48 rows=105 width=0)
	        Index Cond: ((k >= 4678691) AND (k <= 4678791))
explain: for range-notcovered :: explain SELECT k, c FROM sbtest%d WHERE k BETWEEN 6233800 AND 6233900

for range-notcovered
table 1 : explain SELECT k, c FROM sbtest1 WHERE k BETWEEN 5605207 AND 5605307
	Bitmap Heap Scan on sbtest1  (cost=5.48..409.54 rows=102 width=125)
	  Recheck Cond: ((k >= 5605207) AND (k <= 5605307))
	  ->  Bitmap Index Scan on k_1  (cost=0.00..5.45 rows=102 width=0)
	        Index Cond: ((k >= 5605207) AND (k <= 5605307))

table 2 : explain SELECT k, c FROM sbtest2 WHERE k BETWEEN 5605207 AND 5605307
	Bitmap Heap Scan on sbtest2  (cost=5.52..425.28 rows=106 width=125)
	  Recheck Cond: ((k >= 5605207) AND (k <= 5605307))
	  ->  Bitmap Index Scan on k_2  (cost=0.00..5.50 rows=106 width=0)
	        Index Cond: ((k >= 5605207) AND (k <= 5605307))

table 3 : explain SELECT k, c FROM sbtest3 WHERE k BETWEEN 5605207 AND 5605307
	Bitmap Heap Scan on sbtest3  (cost=5.51..421.43 rows=105 width=125)
	  Recheck Cond: ((k >= 5605207) AND (k <= 5605307))
	  ->  Bitmap Index Scan on k_3  (cost=0.00..5.48 rows=105 width=0)
	        Index Cond: ((k >= 5605207) AND (k <= 5605307))

table 4 : explain SELECT k, c FROM sbtest4 WHERE k BETWEEN 5605207 AND 5605307
	Bitmap Heap Scan on sbtest4  (cost=5.49..413.63 rows=103 width=125)
	  Recheck Cond: ((k >= 5605207) AND (k <= 5605307))
	  ->  Bitmap Index Scan on k_4  (cost=0.00..5.46 rows=103 width=0)
	        Index Cond: ((k >= 5605207) AND (k <= 5605307))

table 5 : explain SELECT k, c FROM sbtest5 WHERE k BETWEEN 5605207 AND 5605307
	Bitmap Heap Scan on sbtest5  (cost=5.54..433.08 rows=108 width=125)
	  Recheck Cond: ((k >= 5605207) AND (k <= 5605307))
	  ->  Bitmap Index Scan on k_5  (cost=0.00..5.51 rows=108 width=0)
	        Index Cond: ((k >= 5605207) AND (k <= 5605307))

table 6 : explain SELECT k, c FROM sbtest6 WHERE k BETWEEN 5605207 AND 5605307
	Bitmap Heap Scan on sbtest6  (cost=5.42..385.84 rows=96 width=125)
	  Recheck Cond: ((k >= 5605207) AND (k <= 5605307))
	  ->  Bitmap Index Scan on k_6  (cost=0.00..5.39 rows=96 width=0)
	        Index Cond: ((k >= 5605207) AND (k <= 5605307))

table 7 : explain SELECT k, c FROM sbtest7 WHERE k BETWEEN 5605207 AND 5605307
	Bitmap Heap Scan on sbtest7  (cost=5.46..401.81 rows=100 width=125)
	  Recheck Cond: ((k >= 5605207) AND (k <= 5605307))
	  ->  Bitmap Index Scan on k_7  (cost=0.00..5.43 rows=100 width=0)
	        Index Cond: ((k >= 5605207) AND (k <= 5605307))

table 8 : explain SELECT k, c FROM sbtest8 WHERE k BETWEEN 5605207 AND 5605307
	Bitmap Heap Scan on sbtest8  (cost=5.40..378.07 rows=94 width=125)
	  Recheck Cond: ((k >= 5605207) AND (k <= 5605307))
	  ->  Bitmap Index Scan on k_8  (cost=0.00..5.38 rows=94 width=0)
	        Index Cond: ((k >= 5605207) AND (k <= 5605307))

explain: for range-notcovered :: explain SELECT k, c FROM sbtest%d WHERE k BETWEEN 2498134 AND 2498234
for range-notcovered
table 1 : explain SELECT k, c FROM sbtest1 WHERE k BETWEEN 4737451 AND 4737551
	Bitmap Heap Scan on sbtest1  (cost=5.42..385.86 rows=96 width=125)
	  Recheck Cond: ((k >= 4737451) AND (k <= 4737551))
	  ->  Bitmap Index Scan on k_1  (cost=0.00..5.39 rows=96 width=0)
	        Index Cond: ((k >= 4737451) AND (k <= 4737551))

table 2 : explain SELECT k, c FROM sbtest2 WHERE k BETWEEN 4737451 AND 4737551
	Bitmap Heap Scan on sbtest2  (cost=5.46..401.62 rows=100 width=125)
	  Recheck Cond: ((k >= 4737451) AND (k <= 4737551))
	  ->  Bitmap Index Scan on k_2  (cost=0.00..5.43 rows=100 width=0)
	        Index Cond: ((k >= 4737451) AND (k <= 4737551))

table 3 : explain SELECT k, c FROM sbtest3 WHERE k BETWEEN 4737451 AND 4737551
	Bitmap Heap Scan on sbtest3  (cost=5.48..409.59 rows=102 width=125)
	  Recheck Cond: ((k >= 4737451) AND (k <= 4737551))
	  ->  Bitmap Index Scan on k_3  (cost=0.00..5.45 rows=102 width=0)
	        Index Cond: ((k >= 4737451) AND (k <= 4737551))

table 4 : explain SELECT k, c FROM sbtest4 WHERE k BETWEEN 4737451 AND 4737551
	Bitmap Heap Scan on sbtest4  (cost=5.48..409.68 rows=102 width=125)
	  Recheck Cond: ((k >= 4737451) AND (k <= 4737551))
	  ->  Bitmap Index Scan on k_4  (cost=0.00..5.45 rows=102 width=0)
	        Index Cond: ((k >= 4737451) AND (k <= 4737551))

table 5 : explain SELECT k, c FROM sbtest5 WHERE k BETWEEN 4737451 AND 4737551
	Bitmap Heap Scan on sbtest5  (cost=5.67..480.34 rows=120 width=125)
	  Recheck Cond: ((k >= 4737451) AND (k <= 4737551))
	  ->  Bitmap Index Scan on k_5  (cost=0.00..5.63 rows=120 width=0)
	        Index Cond: ((k >= 4737451) AND (k <= 4737551))

table 6 : explain SELECT k, c FROM sbtest6 WHERE k BETWEEN 4737451 AND 4737551
	Bitmap Heap Scan on sbtest6  (cost=5.57..445.00 rows=111 width=125)
	  Recheck Cond: ((k >= 4737451) AND (k <= 4737551))
	  ->  Bitmap Index Scan on k_6  (cost=0.00..5.54 rows=111 width=0)
	        Index Cond: ((k >= 4737451) AND (k <= 4737551))

table 7 : explain SELECT k, c FROM sbtest7 WHERE k BETWEEN 4737451 AND 4737551
	Bitmap Heap Scan on sbtest7  (cost=5.51..421.54 rows=105 width=125)
	  Recheck Cond: ((k >= 4737451) AND (k <= 4737551))
	  ->  Bitmap Index Scan on k_7  (cost=0.00..5.48 rows=105 width=0)
	        Index Cond: ((k >= 4737451) AND (k <= 4737551))

table 8 : explain SELECT k, c FROM sbtest8 WHERE k BETWEEN 4737451 AND 4737551
	Bitmap Heap Scan on sbtest8  (cost=5.51..421.49 rows=105 width=125)
	  Recheck Cond: ((k >= 4737451) AND (k <= 4737551))
	  ->  Bitmap Index Scan on k_8  (cost=0.00..5.48 rows=105 width=0)
	        Index Cond: ((k >= 4737451) AND (k <= 4737551))
for range-notcovered
table 1 : explain SELECT k, c FROM sbtest1 WHERE k BETWEEN 5737215 AND 5737315
	Bitmap Heap Scan on sbtest1  (cost=5.45..397.70 rows=99 width=125)
	  Recheck Cond: ((k >= 5737215) AND (k <= 5737315))
	  ->  Bitmap Index Scan on k_1  (cost=0.00..5.42 rows=99 width=0)
	        Index Cond: ((k >= 5737215) AND (k <= 5737315))

table 2 : explain SELECT k, c FROM sbtest2 WHERE k BETWEEN 5737215 AND 5737315
	Bitmap Heap Scan on sbtest2  (cost=5.61..460.75 rows=115 width=125)
	  Recheck Cond: ((k >= 5737215) AND (k <= 5737315))
	  ->  Bitmap Index Scan on k_2  (cost=0.00..5.58 rows=115 width=0)
	        Index Cond: ((k >= 5737215) AND (k <= 5737315))

table 3 : explain SELECT k, c FROM sbtest3 WHERE k BETWEEN 5737215 AND 5737315
	Bitmap Heap Scan on sbtest3  (cost=5.43..389.86 rows=97 width=125)
	  Recheck Cond: ((k >= 5737215) AND (k <= 5737315))
	  ->  Bitmap Index Scan on k_3  (cost=0.00..5.40 rows=97 width=0)
	        Index Cond: ((k >= 5737215) AND (k <= 5737315))

table 4 : explain SELECT k, c FROM sbtest4 WHERE k BETWEEN 5737215 AND 5737315
	Bitmap Heap Scan on sbtest4  (cost=5.46..401.79 rows=100 width=125)
	  Recheck Cond: ((k >= 5737215) AND (k <= 5737315))
	  ->  Bitmap Index Scan on k_4  (cost=0.00..5.43 rows=100 width=0)
	        Index Cond: ((k >= 5737215) AND (k <= 5737315))

table 5 : explain SELECT k, c FROM sbtest5 WHERE k BETWEEN 5737215 AND 5737315
	Bitmap Heap Scan on sbtest5  (cost=5.48..409.43 rows=102 width=125)
	  Recheck Cond: ((k >= 5737215) AND (k <= 5737315))
	  ->  Bitmap Index Scan on k_5  (cost=0.00..5.45 rows=102 width=0)
	        Index Cond: ((k >= 5737215) AND (k <= 5737315))

table 6 : explain SELECT k, c FROM sbtest6 WHERE k BETWEEN 5737215 AND 5737315
	Bitmap Heap Scan on sbtest6  (cost=5.56..441.06 rows=110 width=125)
	  Recheck Cond: ((k >= 5737215) AND (k <= 5737315))
	  ->  Bitmap Index Scan on k_6  (cost=0.00..5.53 rows=110 width=0)
	        Index Cond: ((k >= 5737215) AND (k <= 5737315))

table 7 : explain SELECT k, c FROM sbtest7 WHERE k BETWEEN 5737215 AND 5737315
	Bitmap Heap Scan on sbtest7  (cost=5.40..378.11 rows=94 width=125)
	  Recheck Cond: ((k >= 5737215) AND (k <= 5737315))
	  ->  Bitmap Index Scan on k_7  (cost=0.00..5.38 rows=94 width=0)
	        Index Cond: ((k >= 5737215) AND (k <= 5737315))

table 8 : explain SELECT k, c FROM sbtest8 WHERE k BETWEEN 5737215 AND 5737315
	Bitmap Heap Scan on sbtest8  (cost=5.49..413.60 rows=103 width=125)
	  Recheck Cond: ((k >= 5737215) AND (k <= 5737315))
	  ->  Bitmap Index Scan on k_8  (cost=0.00..5.46 rows=103 width=0)
	        Index Cond: ((k >= 5737215) AND (k <= 5737315))

for range-notcovered
table 1 : explain SELECT k, c FROM sbtest1 WHERE k BETWEEN 5523118 AND 5523218
	Bitmap Heap Scan on sbtest1  (cost=5.47..405.59 rows=101 width=125)
	  Recheck Cond: ((k >= 5523118) AND (k <= 5523218))
	  ->  Bitmap Index Scan on k_1  (cost=0.00..5.44 rows=101 width=0)
	        Index Cond: ((k >= 5523118) AND (k <= 5523218))

table 2 : explain SELECT k, c FROM sbtest2 WHERE k BETWEEN 5523118 AND 5523218
	Bitmap Heap Scan on sbtest2  (cost=5.48..409.51 rows=102 width=125)
	  Recheck Cond: ((k >= 5523118) AND (k <= 5523218))
	  ->  Bitmap Index Scan on k_2  (cost=0.00..5.45 rows=102 width=0)
	        Index Cond: ((k >= 5523118) AND (k <= 5523218))

table 3 : explain SELECT k, c FROM sbtest3 WHERE k BETWEEN 5523118 AND 5523218
	Bitmap Heap Scan on sbtest3  (cost=5.58..449.03 rows=112 width=125)
	  Recheck Cond: ((k >= 5523118) AND (k <= 5523218))
	  ->  Bitmap Index Scan on k_3  (cost=0.00..5.55 rows=112 width=0)
	        Index Cond: ((k >= 5523118) AND (k <= 5523218))

table 4 : explain SELECT k, c FROM sbtest4 WHERE k BETWEEN 5523118 AND 5523218
	Bitmap Heap Scan on sbtest4  (cost=5.49..413.63 rows=103 width=125)
	  Recheck Cond: ((k >= 5523118) AND (k <= 5523218))
	  ->  Bitmap Index Scan on k_4  (cost=0.00..5.46 rows=103 width=0)
	        Index Cond: ((k >= 5523118) AND (k <= 5523218))

table 5 : explain SELECT k, c FROM sbtest5 WHERE k BETWEEN 5523118 AND 5523218
	Bitmap Heap Scan on sbtest5  (cost=5.58..448.84 rows=112 width=125)
	  Recheck Cond: ((k >= 5523118) AND (k <= 5523218))
	  ->  Bitmap Index Scan on k_5  (cost=0.00..5.55 rows=112 width=0)
	        Index Cond: ((k >= 5523118) AND (k <= 5523218))

table 6 : explain SELECT k, c FROM sbtest6 WHERE k BETWEEN 5523118 AND 5523218
	Bitmap Heap Scan on sbtest6  (cost=5.54..433.18 rows=108 width=125)
	  Recheck Cond: ((k >= 5523118) AND (k <= 5523218))
	  ->  Bitmap Index Scan on k_6  (cost=0.00..5.51 rows=108 width=0)
	        Index Cond: ((k >= 5523118) AND (k <= 5523218))

table 7 : explain SELECT k, c FROM sbtest7 WHERE k BETWEEN 5523118 AND 5523218
	Bitmap Heap Scan on sbtest7  (cost=5.44..393.91 rows=98 width=125)
	  Recheck Cond: ((k >= 5523118) AND (k <= 5523218))
	  ->  Bitmap Index Scan on k_7  (cost=0.00..5.42 rows=98 width=0)
	        Index Cond: ((k >= 5523118) AND (k <= 5523218))

table 8 : explain SELECT k, c FROM sbtest8 WHERE k BETWEEN 5523118 AND 5523218
	Bitmap Heap Scan on sbtest8  (cost=5.40..378.07 rows=94 width=125)
	  Recheck Cond: ((k >= 5523118) AND (k <= 5523218))
	  ->  Bitmap Index Scan on k_8  (cost=0.00..5.38 rows=94 width=0)
	        Index Cond: ((k >= 5523118) AND (k <= 5523218))


explain: for range-notcovered :: explain SELECT k, c FROM sbtest%d WHERE k BETWEEN 5523118 AND 5523218
explain: for range-notcovered :: explain SELECT k, c FROM sbtest%d WHERE k BETWEEN 4737451 AND 4737551
for range-notcovered
table 1 : explain SELECT k, c FROM sbtest1 WHERE k BETWEEN 5016461 AND 5016561
	Bitmap Heap Scan on sbtest1  (cost=5.53..429.26 rows=107 width=125)
	  Recheck Cond: ((k >= 5016461) AND (k <= 5016561))
	  ->  Bitmap Index Scan on k_1  (cost=0.00..5.50 rows=107 width=0)
	        Index Cond: ((k >= 5016461) AND (k <= 5016561))

table 2 : explain SELECT k, c FROM sbtest2 WHERE k BETWEEN 5016461 AND 5016561
	Bitmap Heap Scan on sbtest2  (cost=5.51..421.34 rows=105 width=125)
	  Recheck Cond: ((k >= 5016461) AND (k <= 5016561))
	  ->  Bitmap Index Scan on k_2  (cost=0.00..5.48 rows=105 width=0)
	        Index Cond: ((k >= 5016461) AND (k <= 5016561))

table 3 : explain SELECT k, c FROM sbtest3 WHERE k BETWEEN 5016461 AND 5016561
	Bitmap Heap Scan on sbtest3  (cost=5.43..389.86 rows=97 width=125)
	  Recheck Cond: ((k >= 5016461) AND (k <= 5016561))
	  ->  Bitmap Index Scan on k_3  (cost=0.00..5.40 rows=97 width=0)
	        Index Cond: ((k >= 5016461) AND (k <= 5016561))

table 4 : explain SELECT k, c FROM sbtest4 WHERE k BETWEEN 5016461 AND 5016561
	Bitmap Heap Scan on sbtest4  (cost=5.39..374.15 rows=93 width=125)
	  Recheck Cond: ((k >= 5016461) AND (k <= 5016561))
	  ->  Bitmap Index Scan on k_4  (cost=0.00..5.36 rows=93 width=0)
	        Index Cond: ((k >= 5016461) AND (k <= 5016561))

table 5 : explain SELECT k, c FROM sbtest5 WHERE k BETWEEN 5016461 AND 5016561
	Bitmap Heap Scan on sbtest5  (cost=5.55..437.02 rows=109 width=125)
	  Recheck Cond: ((k >= 5016461) AND (k <= 5016561))
	  ->  Bitmap Index Scan on k_5  (cost=0.00..5.52 rows=109 width=0)
	        Index Cond: ((k >= 5016461) AND (k <= 5016561))

table 6 : explain SELECT k, c FROM sbtest6 WHERE k BETWEEN 5016461 AND 5016561
	Bitmap Heap Scan on sbtest6  (cost=5.49..413.46 rows=103 width=125)
	  Recheck Cond: ((k >= 5016461) AND (k <= 5016561))
	  ->  Bitmap Index Scan on k_6  (cost=0.00..5.46 rows=103 width=0)
	        Index Cond: ((k >= 5016461) AND (k <= 5016561))

table 7 : explain SELECT k, c FROM sbtest7 WHERE k BETWEEN 5016461 AND 5016561
	Bitmap Heap Scan on sbtest7  (cost=5.54..433.38 rows=108 width=125)
	  Recheck Cond: ((k >= 5016461) AND (k <= 5016561))
	  ->  Bitmap Index Scan on k_7  (cost=0.00..5.51 rows=108 width=0)
	        Index Cond: ((k >= 5016461) AND (k <= 5016561))

table 8 : explain SELECT k, c FROM sbtest8 WHERE k BETWEEN 5016461 AND 5016561
	Bitmap Heap Scan on sbtest8  (cost=5.46..401.76 rows=100 width=125)
	  Recheck Cond: ((k >= 5016461) AND (k <= 5016561))
	  ->  Bitmap Index Scan on k_8  (cost=0.00..5.43 rows=100 width=0)
	        Index Cond: ((k >= 5016461) AND (k <= 5016561))

explain: for range-notcovered :: explain SELECT k, c FROM sbtest%d WHERE k BETWEEN 5737215 AND 5737315
for range-notcovered
table 1 : explain SELECT k, c FROM sbtest1 WHERE k BETWEEN 4672954 AND 4673054
	Bitmap Heap Scan on sbtest1  (cost=5.52..425.31 rows=106 width=125)
	  Recheck Cond: ((k >= 4672954) AND (k <= 4673054))
	  ->  Bitmap Index Scan on k_1  (cost=0.00..5.50 rows=106 width=0)
	        Index Cond: ((k >= 4672954) AND (k <= 4673054))

table 2 : explain SELECT k, c FROM sbtest2 WHERE k BETWEEN 4672954 AND 4673054
	Bitmap Heap Scan on sbtest2  (cost=5.46..401.62 rows=100 width=125)
	  Recheck Cond: ((k >= 4672954) AND (k <= 4673054))
	  ->  Bitmap Index Scan on k_2  (cost=0.00..5.43 rows=100 width=0)
	        Index Cond: ((k >= 4672954) AND (k <= 4673054))

table 3 : explain SELECT k, c FROM sbtest3 WHERE k BETWEEN 4672954 AND 4673054
	Bitmap Heap Scan on sbtest3  (cost=5.59..452.97 rows=113 width=125)
	  Recheck Cond: ((k >= 4672954) AND (k <= 4673054))
	  ->  Bitmap Index Scan on k_3  (cost=0.00..5.56 rows=113 width=0)
	        Index Cond: ((k >= 4672954) AND (k <= 4673054))

table 4 : explain SELECT k, c FROM sbtest4 WHERE k BETWEEN 4672954 AND 4673054
	Bitmap Heap Scan on sbtest4  (cost=5.54..433.36 rows=108 width=125)
	  Recheck Cond: ((k >= 4672954) AND (k <= 4673054))
	  ->  Bitmap Index Scan on k_4  (cost=0.00..5.51 rows=108 width=0)
	        Index Cond: ((k >= 4672954) AND (k <= 4673054))

table 5 : explain SELECT k, c FROM sbtest5 WHERE k BETWEEN 4672954 AND 4673054
	Bitmap Heap Scan on sbtest5  (cost=5.50..417.31 rows=104 width=125)
	  Recheck Cond: ((k >= 4672954) AND (k <= 4673054))
	  ->  Bitmap Index Scan on k_5  (cost=0.00..5.47 rows=104 width=0)
	        Index Cond: ((k >= 4672954) AND (k <= 4673054))

table 6 : explain SELECT k, c FROM sbtest6 WHERE k BETWEEN 4672954 AND 4673054
	Bitmap Heap Scan on sbtest6  (cost=5.61..460.76 rows=115 width=125)
	  Recheck Cond: ((k >= 4672954) AND (k <= 4673054))
	  ->  Bitmap Index Scan on k_6  (cost=0.00..5.58 rows=115 width=0)
	        Index Cond: ((k >= 4672954) AND (k <= 4673054))

table 7 : explain SELECT k, c FROM sbtest7 WHERE k BETWEEN 4672954 AND 4673054
	Bitmap Heap Scan on sbtest7  (cost=5.53..429.44 rows=107 width=125)
	  Recheck Cond: ((k >= 4672954) AND (k <= 4673054))
	  ->  Bitmap Index Scan on k_7  (cost=0.00..5.50 rows=107 width=0)
	        Index Cond: ((k >= 4672954) AND (k <= 4673054))

table 8 : explain SELECT k, c FROM sbtest8 WHERE k BETWEEN 4672954 AND 4673054
	Bitmap Heap Scan on sbtest8  (cost=5.51..421.49 rows=105 width=125)
	  Recheck Cond: ((k >= 4672954) AND (k <= 4673054))
	  ->  Bitmap Index Scan on k_8  (cost=0.00..5.48 rows=105 width=0)
	        Index Cond: ((k >= 4672954) AND (k <= 4673054))

explain: for range-notcovered :: explain SELECT k, c FROM sbtest%d WHERE k BETWEEN 5016461 AND 5016561
explain: for range-notcovered :: explain SELECT k, c FROM sbtest%d WHERE k BETWEEN 4672954 AND 4673054
for range-notcovered
table 1 : explain SELECT k, c FROM sbtest1 WHERE k BETWEEN 3678828 AND 3678928
	Bitmap Heap Scan on sbtest1  (cost=5.37..366.12 rows=91 width=125)
	  Recheck Cond: ((k >= 3678828) AND (k <= 3678928))
	  ->  Bitmap Index Scan on k_1  (cost=0.00..5.34 rows=91 width=0)
	        Index Cond: ((k >= 3678828) AND (k <= 3678928))

table 2 : explain SELECT k, c FROM sbtest2 WHERE k BETWEEN 3678828 AND 3678928
	Bitmap Heap Scan on sbtest2  (cost=5.59..452.87 rows=113 width=125)
	  Recheck Cond: ((k >= 3678828) AND (k <= 3678928))
	  ->  Bitmap Index Scan on k_2  (cost=0.00..5.56 rows=113 width=0)
	        Index Cond: ((k >= 3678828) AND (k <= 3678928))

table 3 : explain SELECT k, c FROM sbtest3 WHERE k BETWEEN 3678828 AND 3678928
	Bitmap Heap Scan on sbtest3  (cost=5.49..413.54 rows=103 width=125)
	  Recheck Cond: ((k >= 3678828) AND (k <= 3678928))
	  ->  Bitmap Index Scan on k_3  (cost=0.00..5.46 rows=103 width=0)
	        Index Cond: ((k >= 3678828) AND (k <= 3678928))

table 4 : explain SELECT k, c FROM sbtest4 WHERE k BETWEEN 3678828 AND 3678928
	Bitmap Heap Scan on sbtest4  (cost=5.42..385.99 rows=96 width=125)
	  Recheck Cond: ((k >= 3678828) AND (k <= 3678928))
	  ->  Bitmap Index Scan on k_4  (cost=0.00..5.39 rows=96 width=0)
	        Index Cond: ((k >= 3678828) AND (k <= 3678928))

table 5 : explain SELECT k, c FROM sbtest5 WHERE k BETWEEN 3678828 AND 3678928
	Bitmap Heap Scan on sbtest5  (cost=5.58..448.84 rows=112 width=125)
	  Recheck Cond: ((k >= 3678828) AND (k <= 3678928))
	  ->  Bitmap Index Scan on k_5  (cost=0.00..5.55 rows=112 width=0)
	        Index Cond: ((k >= 3678828) AND (k <= 3678928))

table 6 : explain SELECT k, c FROM sbtest6 WHERE k BETWEEN 3678828 AND 3678928
	Bitmap Heap Scan on sbtest6  (cost=5.48..409.52 rows=102 width=125)
	  Recheck Cond: ((k >= 3678828) AND (k <= 3678928))
	  ->  Bitmap Index Scan on k_6  (cost=0.00..5.45 rows=102 width=0)
	        Index Cond: ((k >= 3678828) AND (k <= 3678928))

table 7 : explain SELECT k, c FROM sbtest7 WHERE k BETWEEN 3678828 AND 3678928
	Bitmap Heap Scan on sbtest7  (cost=5.49..413.65 rows=103 width=125)
	  Recheck Cond: ((k >= 3678828) AND (k <= 3678928))
	  ->  Bitmap Index Scan on k_7  (cost=0.00..5.46 rows=103 width=0)
	        Index Cond: ((k >= 3678828) AND (k <= 3678928))

table 8 : explain SELECT k, c FROM sbtest8 WHERE k BETWEEN 3678828 AND 3678928
	Bitmap Heap Scan on sbtest8  (cost=5.50..417.54 rows=104 width=125)
	  Recheck Cond: ((k >= 3678828) AND (k <= 3678928))
	  ->  Bitmap Index Scan on k_8  (cost=0.00..5.47 rows=104 width=0)
	        Index Cond: ((k >= 3678828) AND (k <= 3678928))

for range-notcovered
table 1 : explain SELECT k, c FROM sbtest1 WHERE k BETWEEN 7375345 AND 7375445
	Bitmap Heap Scan on sbtest1  (cost=5.52..425.31 rows=106 width=125)
	  Recheck Cond: ((k >= 7375345) AND (k <= 7375445))
	  ->  Bitmap Index Scan on k_1  (cost=0.00..5.50 rows=106 width=0)
	        Index Cond: ((k >= 7375345) AND (k <= 7375445))

table 2 : explain SELECT k, c FROM sbtest2 WHERE k BETWEEN 7375345 AND 7375445
	Bitmap Heap Scan on sbtest2  (cost=5.46..401.62 rows=100 width=125)
	  Recheck Cond: ((k >= 7375345) AND (k <= 7375445))
	  ->  Bitmap Index Scan on k_2  (cost=0.00..5.43 rows=100 width=0)
	        Index Cond: ((k >= 7375345) AND (k <= 7375445))

table 3 : explain SELECT k, c FROM sbtest3 WHERE k BETWEEN 7375345 AND 7375445
	Bitmap Heap Scan on sbtest3  (cost=5.50..417.49 rows=104 width=125)
	  Recheck Cond: ((k >= 7375345) AND (k <= 7375445))
	  ->  Bitmap Index Scan on k_3  (cost=0.00..5.47 rows=104 width=0)
	        Index Cond: ((k >= 7375345) AND (k <= 7375445))

table 4 : explain SELECT k, c FROM sbtest4 WHERE k BETWEEN 7375345 AND 7375445
	Bitmap Heap Scan on sbtest4  (cost=5.42..385.99 rows=96 width=125)
	  Recheck Cond: ((k >= 7375345) AND (k <= 7375445))
	  ->  Bitmap Index Scan on k_4  (cost=0.00..5.39 rows=96 width=0)
	        Index Cond: ((k >= 7375345) AND (k <= 7375445))

table 5 : explain SELECT k, c FROM sbtest5 WHERE k BETWEEN 7375345 AND 7375445
	Bitmap Heap Scan on sbtest5  (cost=5.53..429.14 rows=107 width=125)
	  Recheck Cond: ((k >= 7375345) AND (k <= 7375445))
	  ->  Bitmap Index Scan on k_5  (cost=0.00..5.50 rows=107 width=0)
	        Index Cond: ((k >= 7375345) AND (k <= 7375445))

table 6 : explain SELECT k, c FROM sbtest6 WHERE k BETWEEN 7375345 AND 7375445
	Bitmap Heap Scan on sbtest6  (cost=5.56..441.06 rows=110 width=125)
	  Recheck Cond: ((k >= 7375345) AND (k <= 7375445))
	  ->  Bitmap Index Scan on k_6  (cost=0.00..5.53 rows=110 width=0)
	        Index Cond: ((k >= 7375345) AND (k <= 7375445))

table 7 : explain SELECT k, c FROM sbtest7 WHERE k BETWEEN 7375345 AND 7375445
	Bitmap Heap Scan on sbtest7  (cost=5.44..393.91 rows=98 width=125)
	  Recheck Cond: ((k >= 7375345) AND (k <= 7375445))
	  ->  Bitmap Index Scan on k_7  (cost=0.00..5.42 rows=98 width=0)
	        Index Cond: ((k >= 7375345) AND (k <= 7375445))

table 8 : explain SELECT k, c FROM sbtest8 WHERE k BETWEEN 7375345 AND 7375445
	Bitmap Heap Scan on sbtest8  (cost=5.50..417.54 rows=104 width=125)
	  Recheck Cond: ((k >= 7375345) AND (k <= 7375445))
	  ->  Bitmap Index Scan on k_8  (cost=0.00..5.47 rows=104 width=0)
	        Index Cond: ((k >= 7375345) AND (k <= 7375445))

for range-notcovered
table 1 : explain SELECT k, c FROM sbtest1 WHERE k BETWEEN 8565714 AND 8565814
	Bitmap Heap Scan on sbtest1  (cost=5.45..397.70 rows=99 width=125)
	  Recheck Cond: ((k >= 8565714) AND (k <= 8565814))
	  ->  Bitmap Index Scan on k_1  (cost=0.00..5.42 rows=99 width=0)
	        Index Cond: ((k >= 8565714) AND (k <= 8565814))

table 2 : explain SELECT k, c FROM sbtest2 WHERE k BETWEEN 8565714 AND 8565814
	Bitmap Heap Scan on sbtest2  (cost=5.52..425.28 rows=106 width=125)
	  Recheck Cond: ((k >= 8565714) AND (k <= 8565814))
	  ->  Bitmap Index Scan on k_2  (cost=0.00..5.50 rows=106 width=0)
	        Index Cond: ((k >= 8565714) AND (k <= 8565814))

table 3 : explain SELECT k, c FROM sbtest3 WHERE k BETWEEN 8565714 AND 8565814
	Bitmap Heap Scan on sbtest3  (cost=5.59..452.97 rows=113 width=125)
	  Recheck Cond: ((k >= 8565714) AND (k <= 8565814))
	  ->  Bitmap Index Scan on k_3  (cost=0.00..5.56 rows=113 width=0)
	        Index Cond: ((k >= 8565714) AND (k <= 8565814))

table 4 : explain SELECT k, c FROM sbtest4 WHERE k BETWEEN 8565714 AND 8565814
	Bitmap Heap Scan on sbtest4  (cost=5.43..389.94 rows=97 width=125)
	  Recheck Cond: ((k >= 8565714) AND (k <= 8565814))
	  ->  Bitmap Index Scan on k_4  (cost=0.00..5.40 rows=97 width=0)
	        Index Cond: ((k >= 8565714) AND (k <= 8565814))

table 5 : explain SELECT k, c FROM sbtest5 WHERE k BETWEEN 8565714 AND 8565814
	Bitmap Heap Scan on sbtest5  (cost=5.47..405.48 rows=101 width=125)
	  Recheck Cond: ((k >= 8565714) AND (k <= 8565814))
	  ->  Bitmap Index Scan on k_5  (cost=0.00..5.44 rows=101 width=0)
	        Index Cond: ((k >= 8565714) AND (k <= 8565814))

table 6 : explain SELECT k, c FROM sbtest6 WHERE k BETWEEN 8565714 AND 8565814
	Bitmap Heap Scan on sbtest6  (cost=5.42..385.84 rows=96 width=125)
	  Recheck Cond: ((k >= 8565714) AND (k <= 8565814))
	  ->  Bitmap Index Scan on k_6  (cost=0.00..5.39 rows=96 width=0)
	        Index Cond: ((k >= 8565714) AND (k <= 8565814))

table 7 : explain SELECT k, c FROM sbtest7 WHERE k BETWEEN 8565714 AND 8565814
	Bitmap Heap Scan on sbtest7  (cost=5.40..378.11 rows=94 width=125)
	  Recheck Cond: ((k >= 8565714) AND (k <= 8565814))
	  ->  Bitmap Index Scan on k_7  (cost=0.00..5.38 rows=94 width=0)
	        Index Cond: ((k >= 8565714) AND (k <= 8565814))

table 8 : explain SELECT k, c FROM sbtest8 WHERE k BETWEEN 8565714 AND 8565814
	Bitmap Heap Scan on sbtest8  (cost=5.46..401.76 rows=100 width=125)
	  Recheck Cond: ((k >= 8565714) AND (k <= 8565814))
	  ->  Bitmap Index Scan on k_8  (cost=0.00..5.43 rows=100 width=0)
	        Index Cond: ((k >= 8565714) AND (k <= 8565814))

for range-notcovered
table 1 : explain SELECT k, c FROM sbtest1 WHERE k BETWEEN 6233800 AND 6233900
	Bitmap Heap Scan on sbtest1  (cost=5.46..401.65 rows=100 width=125)
	  Recheck Cond: ((k >= 6233800) AND (k <= 6233900))
	  ->  Bitmap Index Scan on k_1  (cost=0.00..5.43 rows=100 width=0)
	        Index Cond: ((k >= 6233800) AND (k <= 6233900))

table 2 : explain SELECT k, c FROM sbtest2 WHERE k BETWEEN 6233800 AND 6233900
	Bitmap Heap Scan on sbtest2  (cost=5.55..437.11 rows=109 width=125)
	  Recheck Cond: ((k >= 6233800) AND (k <= 6233900))
	  ->  Bitmap Index Scan on k_2  (cost=0.00..5.52 rows=109 width=0)
	        Index Cond: ((k >= 6233800) AND (k <= 6233900))

table 3 : explain SELECT k, c FROM sbtest3 WHERE k BETWEEN 6233800 AND 6233900
	Bitmap Heap Scan on sbtest3  (cost=5.42..385.91 rows=96 width=125)
	  Recheck Cond: ((k >= 6233800) AND (k <= 6233900))
	  ->  Bitmap Index Scan on k_3  (cost=0.00..5.39 rows=96 width=0)
	        Index Cond: ((k >= 6233800) AND (k <= 6233900))

table 4 : explain SELECT k, c FROM sbtest4 WHERE k BETWEEN 6233800 AND 6233900
	Bitmap Heap Scan on sbtest4  (cost=5.49..413.63 rows=103 width=125)
	  Recheck Cond: ((k >= 6233800) AND (k <= 6233900))
	  ->  Bitmap Index Scan on k_4  (cost=0.00..5.46 rows=103 width=0)
	        Index Cond: ((k >= 6233800) AND (k <= 6233900))

table 5 : explain SELECT k, c FROM sbtest5 WHERE k BETWEEN 6233800 AND 6233900
	Bitmap Heap Scan on sbtest5  (cost=5.48..409.43 rows=102 width=125)
	  Recheck Cond: ((k >= 6233800) AND (k <= 6233900))
	  ->  Bitmap Index Scan on k_5  (cost=0.00..5.45 rows=102 width=0)
	        Index Cond: ((k >= 6233800) AND (k <= 6233900))

table 6 : explain SELECT k, c FROM sbtest6 WHERE k BETWEEN 6233800 AND 6233900
	Bitmap Heap Scan on sbtest6  (cost=5.45..397.68 rows=99 width=125)
	  Recheck Cond: ((k >= 6233800) AND (k <= 6233900))
	  ->  Bitmap Index Scan on k_6  (cost=0.00..5.42 rows=99 width=0)
	        Index Cond: ((k >= 6233800) AND (k <= 6233900))

table 7 : explain SELECT k, c FROM sbtest7 WHERE k BETWEEN 6233800 AND 6233900
	Bitmap Heap Scan on sbtest7  (cost=5.42..386.01 rows=96 width=125)
	  Recheck Cond: ((k >= 6233800) AND (k <= 6233900))
	  ->  Bitmap Index Scan on k_7  (cost=0.00..5.39 rows=96 width=0)
	        Index Cond: ((k >= 6233800) AND (k <= 6233900))

table 8 : explain SELECT k, c FROM sbtest8 WHERE k BETWEEN 6233800 AND 6233900
	Bitmap Heap Scan on sbtest8  (cost=5.52..425.43 rows=106 width=125)
	  Recheck Cond: ((k >= 6233800) AND (k <= 6233900))
	  ->  Bitmap Index Scan on k_8  (cost=0.00..5.50 rows=106 width=0)
	        Index Cond: ((k >= 6233800) AND (k <= 6233900))
explain: for range-notcovered :: explain SELECT k, c FROM sbtest%d WHERE k BETWEEN 3678828 AND 3678928explain: for range-notcovered :: explain SELECT k, c FROM sbtest%d WHERE k BETWEEN 8565714 AND 8565814


for range-notcovered
table 1 : explain SELECT k, c FROM sbtest1 WHERE k BETWEEN 5027005 AND 5027105
	Bitmap Heap Scan on sbtest1  (cost=5.53..429.26 rows=107 width=125)
	  Recheck Cond: ((k >= 5027005) AND (k <= 5027105))
	  ->  Bitmap Index Scan on k_1  (cost=0.00..5.50 rows=107 width=0)
	        Index Cond: ((k >= 5027005) AND (k <= 5027105))

table 2 : explain SELECT k, c FROM sbtest2 WHERE k BETWEEN 5027005 AND 5027105
	Bitmap Heap Scan on sbtest2  (cost=5.51..421.34 rows=105 width=125)
	  Recheck Cond: ((k >= 5027005) AND (k <= 5027105))
	  ->  Bitmap Index Scan on k_2  (cost=0.00..5.48 rows=105 width=0)
	        Index Cond: ((k >= 5027005) AND (k <= 5027105))

table 3 : explain SELECT k, c FROM sbtest3 WHERE k BETWEEN 5027005 AND 5027105
	Bitmap Heap Scan on sbtest3  (cost=5.43..389.86 rows=97 width=125)
	  Recheck Cond: ((k >= 5027005) AND (k <= 5027105))
	  ->  Bitmap Index Scan on k_3  (cost=0.00..5.40 rows=97 width=0)
	        Index Cond: ((k >= 5027005) AND (k <= 5027105))

table 4 : explain SELECT k, c FROM sbtest4 WHERE k BETWEEN 5027005 AND 5027105
	Bitmap Heap Scan on sbtest4  (cost=5.39..374.15 rows=93 width=125)
	  Recheck Cond: ((k >= 5027005) AND (k <= 5027105))
	  ->  Bitmap Index Scan on k_4  (cost=0.00..5.36 rows=93 width=0)
	        Index Cond: ((k >= 5027005) AND (k <= 5027105))

table 5 : explain SELECT k, c FROM sbtest5 WHERE k BETWEEN 5027005 AND 5027105
	Bitmap Heap Scan on sbtest5  (cost=5.55..437.02 rows=109 width=125)
	  Recheck Cond: ((k >= 5027005) AND (k <= 5027105))
	  ->  Bitmap Index Scan on k_5  (cost=0.00..5.52 rows=109 width=0)
	        Index Cond: ((k >= 5027005) AND (k <= 5027105))

table 6 : explain SELECT k, c FROM sbtest6 WHERE k BETWEEN 5027005 AND 5027105
	Bitmap Heap Scan on sbtest6  (cost=5.49..413.46 rows=103 width=125)
	  Recheck Cond: ((k >= 5027005) AND (k <= 5027105))
	  ->  Bitmap Index Scan on k_6  (cost=0.00..5.46 rows=103 width=0)
	        Index Cond: ((k >= 5027005) AND (k <= 5027105))

table 7 : explain SELECT k, c FROM sbtest7 WHERE k BETWEEN 5027005 AND 5027105
	Bitmap Heap Scan on sbtest7  (cost=5.54..433.38 rows=108 width=125)
	  Recheck Cond: ((k >= 5027005) AND (k <= 5027105))
	  ->  Bitmap Index Scan on k_7  (cost=0.00..5.51 rows=108 width=0)
	        Index Cond: ((k >= 5027005) AND (k <= 5027105))

table 8 : explain SELECT k, c FROM sbtest8 WHERE k BETWEEN 5027005 AND 5027105
	Bitmap Heap Scan on sbtest8  (cost=5.46..401.76 rows=100 width=125)
	  Recheck Cond: ((k >= 5027005) AND (k <= 5027105))
	  ->  Bitmap Index Scan on k_8  (cost=0.00..5.43 rows=100 width=0)
	        Index Cond: ((k >= 5027005) AND (k <= 5027105))

explain: for range-notcovered :: explain SELECT k, c FROM sbtest%d WHERE k BETWEEN 6233800 AND 6233900
for range-notcovered
table 1 : explain SELECT k, c FROM sbtest1 WHERE k BETWEEN 2498134 AND 2498234
	Bitmap Heap Scan on sbtest1  (cost=5.50..417.43 rows=104 width=125)
	  Recheck Cond: ((k >= 2498134) AND (k <= 2498234))
	  ->  Bitmap Index Scan on k_1  (cost=0.00..5.47 rows=104 width=0)
	        Index Cond: ((k >= 2498134) AND (k <= 2498234))

table 2 : explain SELECT k, c FROM sbtest2 WHERE k BETWEEN 2498134 AND 2498234
	Bitmap Heap Scan on sbtest2  (cost=5.51..421.34 rows=105 width=125)
	  Recheck Cond: ((k >= 2498134) AND (k <= 2498234))
	  ->  Bitmap Index Scan on k_2  (cost=0.00..5.48 rows=105 width=0)
	        Index Cond: ((k >= 2498134) AND (k <= 2498234))

table 3 : explain SELECT k, c FROM sbtest3 WHERE k BETWEEN 2498134 AND 2498234
	Bitmap Heap Scan on sbtest3  (cost=5.53..429.32 rows=107 width=125)
	  Recheck Cond: ((k >= 2498134) AND (k <= 2498234))
	  ->  Bitmap Index Scan on k_3  (cost=0.00..5.50 rows=107 width=0)
	        Index Cond: ((k >= 2498134) AND (k <= 2498234))

table 4 : explain SELECT k, c FROM sbtest4 WHERE k BETWEEN 2498134 AND 2498234
	Bitmap Heap Scan on sbtest4  (cost=5.41..382.05 rows=95 width=125)
	  Recheck Cond: ((k >= 2498134) AND (k <= 2498234))
	  ->  Bitmap Index Scan on k_4  (cost=0.00..5.38 rows=95 width=0)
	        Index Cond: ((k >= 2498134) AND (k <= 2498234))

table 5 : explain SELECT k, c FROM sbtest5 WHERE k BETWEEN 2498134 AND 2498234
	Bitmap Heap Scan on sbtest5  (cost=5.50..417.31 rows=104 width=125)
	  Recheck Cond: ((k >= 2498134) AND (k <= 2498234))
	  ->  Bitmap Index Scan on k_5  (cost=0.00..5.47 rows=104 width=0)
	        Index Cond: ((k >= 2498134) AND (k <= 2498234))

table 6 : explain SELECT k, c FROM sbtest6 WHERE k BETWEEN 2498134 AND 2498234
	Bitmap Heap Scan on sbtest6  (cost=5.42..385.84 rows=96 width=125)
	  Recheck Cond: ((k >= 2498134) AND (k <= 2498234))
	  ->  Bitmap Index Scan on k_6  (cost=0.00..5.39 rows=96 width=0)
	        Index Cond: ((k >= 2498134) AND (k <= 2498234))

table 7 : explain SELECT k, c FROM sbtest7 WHERE k BETWEEN 2498134 AND 2498234
	Bitmap Heap Scan on sbtest7  (cost=5.58..449.16 rows=112 width=125)
	  Recheck Cond: ((k >= 2498134) AND (k <= 2498234))
	  ->  Bitmap Index Scan on k_7  (cost=0.00..5.55 rows=112 width=0)
	        Index Cond: ((k >= 2498134) AND (k <= 2498234))

table 8 : explain SELECT k, c FROM sbtest8 WHERE k BETWEEN 2498134 AND 2498234
	Bitmap Heap Scan on sbtest8  (cost=5.45..397.81 rows=99 width=125)
	  Recheck Cond: ((k >= 2498134) AND (k <= 2498234))
	  ->  Bitmap Index Scan on k_8  (cost=0.00..5.42 rows=99 width=0)
	        Index Cond: ((k >= 2498134) AND (k <= 2498234))

explain: for range-notcovered :: explain SELECT k, c FROM sbtest%d WHERE k BETWEEN 5027005 AND 5027105
for range-notcovered
table 1 : explain SELECT k, c FROM sbtest1 WHERE k BETWEEN 3899892 AND 3899992
	Bitmap Heap Scan on sbtest1  (cost=5.53..429.26 rows=107 width=125)
	  Recheck Cond: ((k >= 3899892) AND (k <= 3899992))
	  ->  Bitmap Index Scan on k_1  (cost=0.00..5.50 rows=107 width=0)
	        Index Cond: ((k >= 3899892) AND (k <= 3899992))

table 2 : explain SELECT k, c FROM sbtest2 WHERE k BETWEEN 3899892 AND 3899992
	Bitmap Heap Scan on sbtest2  (cost=5.50..417.39 rows=104 width=125)
	  Recheck Cond: ((k >= 3899892) AND (k <= 3899992))
	  ->  Bitmap Index Scan on k_2  (cost=0.00..5.47 rows=104 width=0)
	        Index Cond: ((k >= 3899892) AND (k <= 3899992))

table 3 : explain SELECT k, c FROM sbtest3 WHERE k BETWEEN 3899892 AND 3899992
	Bitmap Heap Scan on sbtest3  (cost=5.51..421.43 rows=105 width=125)
	  Recheck Cond: ((k >= 3899892) AND (k <= 3899992))
	  ->  Bitmap Index Scan on k_3  (cost=0.00..5.48 rows=105 width=0)
	        Index Cond: ((k >= 3899892) AND (k <= 3899992))

table 4 : explain SELECT k, c FROM sbtest4 WHERE k BETWEEN 3899892 AND 3899992
	Bitmap Heap Scan on sbtest4  (cost=5.57..445.19 rows=111 width=125)
	  Recheck Cond: ((k >= 3899892) AND (k <= 3899992))
	  ->  Bitmap Index Scan on k_4  (cost=0.00..5.54 rows=111 width=0)
	        Index Cond: ((k >= 3899892) AND (k <= 3899992))

table 5 : explain SELECT k, c FROM sbtest5 WHERE k BETWEEN 3899892 AND 3899992
	Bitmap Heap Scan on sbtest5  (cost=5.36..362.08 rows=90 width=125)
	  Recheck Cond: ((k >= 3899892) AND (k <= 3899992))
	  ->  Bitmap Index Scan on k_5  (cost=0.00..5.33 rows=90 width=0)
	        Index Cond: ((k >= 3899892) AND (k <= 3899992))

table 6 : explain SELECT k, c FROM sbtest6 WHERE k BETWEEN 3899892 AND 3899992
	Bitmap Heap Scan on sbtest6  (cost=5.59..452.88 rows=113 width=125)
	  Recheck Cond: ((k >= 3899892) AND (k <= 3899992))
	  ->  Bitmap Index Scan on k_6  (cost=0.00..5.56 rows=113 width=0)
	        Index Cond: ((k >= 3899892) AND (k <= 3899992))

table 7 : explain SELECT k, c FROM sbtest7 WHERE k BETWEEN 3899892 AND 3899992
	Bitmap Heap Scan on sbtest7  (cost=5.56..441.27 rows=110 width=125)
	  Recheck Cond: ((k >= 3899892) AND (k <= 3899992))
	  ->  Bitmap Index Scan on k_7  (cost=0.00..5.53 rows=110 width=0)
	        Index Cond: ((k >= 3899892) AND (k <= 3899992))

table 8 : explain SELECT k, c FROM sbtest8 WHERE k BETWEEN 3899892 AND 3899992
	Bitmap Heap Scan on sbtest8  (cost=5.58..449.10 rows=112 width=125)
	  Recheck Cond: ((k >= 3899892) AND (k <= 3899992))
	  ->  Bitmap Index Scan on k_8  (cost=0.00..5.55 rows=112 width=0)
	        Index Cond: ((k >= 3899892) AND (k <= 3899992))

for range-notcovered
table 1 : explain SELECT k, c FROM sbtest1 WHERE k BETWEEN 7109743 AND 7109843
	Bitmap Heap Scan on sbtest1  (cost=5.51..421.37 rows=105 width=125)
	  Recheck Cond: ((k >= 7109743) AND (k <= 7109843))
	  ->  Bitmap Index Scan on k_1  (cost=0.00..5.48 rows=105 width=0)
	        Index Cond: ((k >= 7109743) AND (k <= 7109843))

table 2 : explain SELECT k, c FROM sbtest2 WHERE k BETWEEN 7109743 AND 7109843
	Bitmap Heap Scan on sbtest2  (cost=5.44..393.73 rows=98 width=125)
	  Recheck Cond: ((k >= 7109743) AND (k <= 7109843))
	  ->  Bitmap Index Scan on k_2  (cost=0.00..5.42 rows=98 width=0)
	        Index Cond: ((k >= 7109743) AND (k <= 7109843))

table 3 : explain SELECT k, c FROM sbtest3 WHERE k BETWEEN 7109743 AND 7109843
	Bitmap Heap Scan on sbtest3  (cost=5.47..405.65 rows=101 width=125)
	  Recheck Cond: ((k >= 7109743) AND (k <= 7109843))
	  ->  Bitmap Index Scan on k_3  (cost=0.00..5.44 rows=101 width=0)
	        Index Cond: ((k >= 7109743) AND (k <= 7109843))

table 4 : explain SELECT k, c FROM sbtest4 WHERE k BETWEEN 7109743 AND 7109843
	Bitmap Heap Scan on sbtest4  (cost=5.49..413.63 rows=103 width=125)
	  Recheck Cond: ((k >= 7109743) AND (k <= 7109843))
	  ->  Bitmap Index Scan on k_4  (cost=0.00..5.46 rows=103 width=0)
	        Index Cond: ((k >= 7109743) AND (k <= 7109843))

table 5 : explain SELECT k, c FROM sbtest5 WHERE k BETWEEN 7109743 AND 7109843
	Bitmap Heap Scan on sbtest5  (cost=5.50..417.31 rows=104 width=125)
	  Recheck Cond: ((k >= 7109743) AND (k <= 7109843))
	  ->  Bitmap Index Scan on k_5  (cost=0.00..5.47 rows=104 width=0)
	        Index Cond: ((k >= 7109743) AND (k <= 7109843))

table 6 : explain SELECT k, c FROM sbtest6 WHERE k BETWEEN 7109743 AND 7109843
	Bitmap Heap Scan on sbtest6  (cost=5.44..393.74 rows=98 width=125)
	  Recheck Cond: ((k >= 7109743) AND (k <= 7109843))
	  ->  Bitmap Index Scan on k_6  (cost=0.00..5.42 rows=98 width=0)
	        Index Cond: ((k >= 7109743) AND (k <= 7109843))

table 7 : explain SELECT k, c FROM sbtest7 WHERE k BETWEEN 7109743 AND 7109843
	Bitmap Heap Scan on sbtest7  (cost=5.54..433.38 rows=108 width=125)
	  Recheck Cond: ((k >= 7109743) AND (k <= 7109843))
	  ->  Bitmap Index Scan on k_7  (cost=0.00..5.51 rows=108 width=0)
	        Index Cond: ((k >= 7109743) AND (k <= 7109843))

table 8 : explain SELECT k, c FROM sbtest8 WHERE k BETWEEN 7109743 AND 7109843
	Bitmap Heap Scan on sbtest8  (cost=5.50..417.54 rows=104 width=125)
	  Recheck Cond: ((k >= 7109743) AND (k <= 7109843))
	  ->  Bitmap Index Scan on k_8  (cost=0.00..5.47 rows=104 width=0)
	        Index Cond: ((k >= 7109743) AND (k <= 7109843))

explain: for range-notcovered :: explain SELECT k, c FROM sbtest%d WHERE k BETWEEN 3899892 AND 3899992
for range-notcovered
table 1 : explain SELECT k, c FROM sbtest1 WHERE k BETWEEN 5737215 AND 5737315
	Bitmap Heap Scan on sbtest1  (cost=5.45..397.70 rows=99 width=125)
	  Recheck Cond: ((k >= 5737215) AND (k <= 5737315))
	  ->  Bitmap Index Scan on k_1  (cost=0.00..5.42 rows=99 width=0)
	        Index Cond: ((k >= 5737215) AND (k <= 5737315))

table 2 : explain SELECT k, c FROM sbtest2 WHERE k BETWEEN 5737215 AND 5737315
	Bitmap Heap Scan on sbtest2  (cost=5.61..460.75 rows=115 width=125)
	  Recheck Cond: ((k >= 5737215) AND (k <= 5737315))
	  ->  Bitmap Index Scan on k_2  (cost=0.00..5.58 rows=115 width=0)
	        Index Cond: ((k >= 5737215) AND (k <= 5737315))

table 3 : explain SELECT k, c FROM sbtest3 WHERE k BETWEEN 5737215 AND 5737315
	Bitmap Heap Scan on sbtest3  (cost=5.43..389.86 rows=97 width=125)
	  Recheck Cond: ((k >= 5737215) AND (k <= 5737315))
	  ->  Bitmap Index Scan on k_3  (cost=0.00..5.40 rows=97 width=0)
	        Index Cond: ((k >= 5737215) AND (k <= 5737315))

table 4 : explain SELECT k, c FROM sbtest4 WHERE k BETWEEN 5737215 AND 5737315
	Bitmap Heap Scan on sbtest4  (cost=5.46..401.79 rows=100 width=125)
	  Recheck Cond: ((k >= 5737215) AND (k <= 5737315))
	  ->  Bitmap Index Scan on k_4  (cost=0.00..5.43 rows=100 width=0)
	        Index Cond: ((k >= 5737215) AND (k <= 5737315))

table 5 : explain SELECT k, c FROM sbtest5 WHERE k BETWEEN 5737215 AND 5737315
	Bitmap Heap Scan on sbtest5  (cost=5.48..409.43 rows=102 width=125)
	  Recheck Cond: ((k >= 5737215) AND (k <= 5737315))
	  ->  Bitmap Index Scan on k_5  (cost=0.00..5.45 rows=102 width=0)
	        Index Cond: ((k >= 5737215) AND (k <= 5737315))

table 6 : explain SELECT k, c FROM sbtest6 WHERE k BETWEEN 5737215 AND 5737315
	Bitmap Heap Scan on sbtest6  (cost=5.56..441.06 rows=110 width=125)
	  Recheck Cond: ((k >= 5737215) AND (k <= 5737315))
	  ->  Bitmap Index Scan on k_6  (cost=0.00..5.53 rows=110 width=0)
	        Index Cond: ((k >= 5737215) AND (k <= 5737315))

table 7 : explain SELECT k, c FROM sbtest7 WHERE k BETWEEN 5737215 AND 5737315
	Bitmap Heap Scan on sbtest7  (cost=5.40..378.11 rows=94 width=125)
	  Recheck Cond: ((k >= 5737215) AND (k <= 5737315))
	  ->  Bitmap Index Scan on k_7  (cost=0.00..5.38 rows=94 width=0)
	        Index Cond: ((k >= 5737215) AND (k <= 5737315))

table 8 : explain SELECT k, c FROM sbtest8 WHERE k BETWEEN 5737215 AND 5737315
	Bitmap Heap Scan on sbtest8  (cost=5.49..413.60 rows=103 width=125)
	  Recheck Cond: ((k >= 5737215) AND (k <= 5737315))
	  ->  Bitmap Index Scan on k_8  (cost=0.00..5.46 rows=103 width=0)
	        Index Cond: ((k >= 5737215) AND (k <= 5737315))

for range-notcovered
table 1 : explain SELECT k, c FROM sbtest1 WHERE k BETWEEN 7343446 AND 7343546
	Bitmap Heap Scan on sbtest1  (cost=5.52..425.31 rows=106 width=125)
	  Recheck Cond: ((k >= 7343446) AND (k <= 7343546))
	  ->  Bitmap Index Scan on k_1  (cost=0.00..5.50 rows=106 width=0)
	        Index Cond: ((k >= 7343446) AND (k <= 7343546))

table 2 : explain SELECT k, c FROM sbtest2 WHERE k BETWEEN 7343446 AND 7343546
	Bitmap Heap Scan on sbtest2  (cost=5.46..401.62 rows=100 width=125)
	  Recheck Cond: ((k >= 7343446) AND (k <= 7343546))
	  ->  Bitmap Index Scan on k_2  (cost=0.00..5.43 rows=100 width=0)
	        Index Cond: ((k >= 7343446) AND (k <= 7343546))

table 3 : explain SELECT k, c FROM sbtest3 WHERE k BETWEEN 7343446 AND 7343546
	Bitmap Heap Scan on sbtest3  (cost=5.50..417.49 rows=104 width=125)
	  Recheck Cond: ((k >= 7343446) AND (k <= 7343546))
	  ->  Bitmap Index Scan on k_3  (cost=0.00..5.47 rows=104 width=0)
	        Index Cond: ((k >= 7343446) AND (k <= 7343546))

table 4 : explain SELECT k, c FROM sbtest4 WHERE k BETWEEN 7343446 AND 7343546
	Bitmap Heap Scan on sbtest4  (cost=5.42..385.99 rows=96 width=125)
	  Recheck Cond: ((k >= 7343446) AND (k <= 7343546))
	  ->  Bitmap Index Scan on k_4  (cost=0.00..5.39 rows=96 width=0)
	        Index Cond: ((k >= 7343446) AND (k <= 7343546))

table 5 : explain SELECT k, c FROM sbtest5 WHERE k BETWEEN 7343446 AND 7343546
	Bitmap Heap Scan on sbtest5  (cost=5.53..429.14 rows=107 width=125)
	  Recheck Cond: ((k >= 7343446) AND (k <= 7343546))
	  ->  Bitmap Index Scan on k_5  (cost=0.00..5.50 rows=107 width=0)
	        Index Cond: ((k >= 7343446) AND (k <= 7343546))

table 6 : explain SELECT k, c FROM sbtest6 WHERE k BETWEEN 7343446 AND 7343546
	Bitmap Heap Scan on sbtest6  (cost=5.56..441.06 rows=110 width=125)
	  Recheck Cond: ((k >= 7343446) AND (k <= 7343546))
	  ->  Bitmap Index Scan on k_6  (cost=0.00..5.53 rows=110 width=0)
	        Index Cond: ((k >= 7343446) AND (k <= 7343546))

table 7 : explain SELECT k, c FROM sbtest7 WHERE k BETWEEN 7343446 AND 7343546
	Bitmap Heap Scan on sbtest7  (cost=5.44..393.91 rows=98 width=125)
	  Recheck Cond: ((k >= 7343446) AND (k <= 7343546))
	  ->  Bitmap Index Scan on k_7  (cost=0.00..5.42 rows=98 width=0)
	        Index Cond: ((k >= 7343446) AND (k <= 7343546))

table 8 : explain SELECT k, c FROM sbtest8 WHERE k BETWEEN 7343446 AND 7343546
	Bitmap Heap Scan on sbtest8  (cost=5.55..437.27 rows=109 width=125)
	  Recheck Cond: ((k >= 7343446) AND (k <= 7343546))
	  ->  Bitmap Index Scan on k_8  (cost=0.00..5.52 rows=109 width=0)
	        Index Cond: ((k >= 7343446) AND (k <= 7343546))

explain: for range-notcovered :: explain SELECT k, c FROM sbtest%d WHERE k BETWEEN 7109743 AND 7109843
explain: for range-notcovered :: explain SELECT k, c FROM sbtest%d WHERE k BETWEEN 5737215 AND 5737315
explain: for range-notcovered :: explain SELECT k, c FROM sbtest%d WHERE k BETWEEN 7343446 AND 7343546
for range-notcovered
table 1 : explain SELECT k, c FROM sbtest1 WHERE k BETWEEN 4737451 AND 4737551
	Bitmap Heap Scan on sbtest1  (cost=5.42..385.86 rows=96 width=125)
	  Recheck Cond: ((k >= 4737451) AND (k <= 4737551))
	  ->  Bitmap Index Scan on k_1  (cost=0.00..5.39 rows=96 width=0)
	        Index Cond: ((k >= 4737451) AND (k <= 4737551))

table 2 : explain SELECT k, c FROM sbtest2 WHERE k BETWEEN 4737451 AND 4737551
	Bitmap Heap Scan on sbtest2  (cost=5.46..401.62 rows=100 width=125)
	  Recheck Cond: ((k >= 4737451) AND (k <= 4737551))
	  ->  Bitmap Index Scan on k_2  (cost=0.00..5.43 rows=100 width=0)
	        Index Cond: ((k >= 4737451) AND (k <= 4737551))

table 3 : explain SELECT k, c FROM sbtest3 WHERE k BETWEEN 4737451 AND 4737551
	Bitmap Heap Scan on sbtest3  (cost=5.48..409.59 rows=102 width=125)
	  Recheck Cond: ((k >= 4737451) AND (k <= 4737551))
	  ->  Bitmap Index Scan on k_3  (cost=0.00..5.45 rows=102 width=0)
	        Index Cond: ((k >= 4737451) AND (k <= 4737551))

table 4 : explain SELECT k, c FROM sbtest4 WHERE k BETWEEN 4737451 AND 4737551
	Bitmap Heap Scan on sbtest4  (cost=5.48..409.68 rows=102 width=125)
	  Recheck Cond: ((k >= 4737451) AND (k <= 4737551))
	  ->  Bitmap Index Scan on k_4  (cost=0.00..5.45 rows=102 width=0)
	        Index Cond: ((k >= 4737451) AND (k <= 4737551))

table 5 : explain SELECT k, c FROM sbtest5 WHERE k BETWEEN 4737451 AND 4737551
	Bitmap Heap Scan on sbtest5  (cost=5.67..480.34 rows=120 width=125)
	  Recheck Cond: ((k >= 4737451) AND (k <= 4737551))
	  ->  Bitmap Index Scan on k_5  (cost=0.00..5.63 rows=120 width=0)
	        Index Cond: ((k >= 4737451) AND (k <= 4737551))

table 6 : explain SELECT k, c FROM sbtest6 WHERE k BETWEEN 4737451 AND 4737551
	Bitmap Heap Scan on sbtest6  (cost=5.57..445.00 rows=111 width=125)
	  Recheck Cond: ((k >= 4737451) AND (k <= 4737551))
	  ->  Bitmap Index Scan on k_6  (cost=0.00..5.54 rows=111 width=0)
	        Index Cond: ((k >= 4737451) AND (k <= 4737551))

table 7 : explain SELECT k, c FROM sbtest7 WHERE k BETWEEN 4737451 AND 4737551
	Bitmap Heap Scan on sbtest7  (cost=5.51..421.54 rows=105 width=125)
	  Recheck Cond: ((k >= 4737451) AND (k <= 4737551))
	  ->  Bitmap Index Scan on k_7  (cost=0.00..5.48 rows=105 width=0)
	        Index Cond: ((k >= 4737451) AND (k <= 4737551))

table 8 : explain SELECT k, c FROM sbtest8 WHERE k BETWEEN 4737451 AND 4737551
	Bitmap Heap Scan on sbtest8  (cost=5.51..421.49 rows=105 width=125)
	  Recheck Cond: ((k >= 4737451) AND (k <= 4737551))
	  ->  Bitmap Index Scan on k_8  (cost=0.00..5.48 rows=105 width=0)
	        Index Cond: ((k >= 4737451) AND (k <= 4737551))

explain: for range-notcovered :: explain SELECT k, c FROM sbtest%d WHERE k BETWEEN 4737451 AND 4737551
for range-notcovered
table 1 : explain SELECT k, c FROM sbtest1 WHERE k BETWEEN 5523118 AND 5523218
	Bitmap Heap Scan on sbtest1  (cost=5.47..405.59 rows=101 width=125)
	  Recheck Cond: ((k >= 5523118) AND (k <= 5523218))
	  ->  Bitmap Index Scan on k_1  (cost=0.00..5.44 rows=101 width=0)
	        Index Cond: ((k >= 5523118) AND (k <= 5523218))

table 2 : explain SELECT k, c FROM sbtest2 WHERE k BETWEEN 5523118 AND 5523218
	Bitmap Heap Scan on sbtest2  (cost=5.48..409.51 rows=102 width=125)
	  Recheck Cond: ((k >= 5523118) AND (k <= 5523218))
	  ->  Bitmap Index Scan on k_2  (cost=0.00..5.45 rows=102 width=0)
	        Index Cond: ((k >= 5523118) AND (k <= 5523218))

table 3 : explain SELECT k, c FROM sbtest3 WHERE k BETWEEN 5523118 AND 5523218
	Bitmap Heap Scan on sbtest3  (cost=5.58..449.03 rows=112 width=125)
	  Recheck Cond: ((k >= 5523118) AND (k <= 5523218))
	  ->  Bitmap Index Scan on k_3  (cost=0.00..5.55 rows=112 width=0)
	        Index Cond: ((k >= 5523118) AND (k <= 5523218))

table 4 : explain SELECT k, c FROM sbtest4 WHERE k BETWEEN 5523118 AND 5523218
	Bitmap Heap Scan on sbtest4  (cost=5.49..413.63 rows=103 width=125)
	  Recheck Cond: ((k >= 5523118) AND (k <= 5523218))
	  ->  Bitmap Index Scan on k_4  (cost=0.00..5.46 rows=103 width=0)
	        Index Cond: ((k >= 5523118) AND (k <= 5523218))

table 5 : explain SELECT k, c FROM sbtest5 WHERE k BETWEEN 5523118 AND 5523218
	Bitmap Heap Scan on sbtest5  (cost=5.58..448.84 rows=112 width=125)
	  Recheck Cond: ((k >= 5523118) AND (k <= 5523218))
	  ->  Bitmap Index Scan on k_5  (cost=0.00..5.55 rows=112 width=0)
	        Index Cond: ((k >= 5523118) AND (k <= 5523218))

table 6 : explain SELECT k, c FROM sbtest6 WHERE k BETWEEN 5523118 AND 5523218
	Bitmap Heap Scan on sbtest6  (cost=5.54..433.18 rows=108 width=125)
	  Recheck Cond: ((k >= 5523118) AND (k <= 5523218))
	  ->  Bitmap Index Scan on k_6  (cost=0.00..5.51 rows=108 width=0)
	        Index Cond: ((k >= 5523118) AND (k <= 5523218))

table 7 : explain SELECT k, c FROM sbtest7 WHERE k BETWEEN 5523118 AND 5523218
	Bitmap Heap Scan on sbtest7  (cost=5.44..393.91 rows=98 width=125)
	  Recheck Cond: ((k >= 5523118) AND (k <= 5523218))
	  ->  Bitmap Index Scan on k_7  (cost=0.00..5.42 rows=98 width=0)
	        Index Cond: ((k >= 5523118) AND (k <= 5523218))

table 8 : explain SELECT k, c FROM sbtest8 WHERE k BETWEEN 5523118 AND 5523218
	Bitmap Heap Scan on sbtest8  (cost=5.40..378.07 rows=94 width=125)
	  Recheck Cond: ((k >= 5523118) AND (k <= 5523218))
	  ->  Bitmap Index Scan on k_8  (cost=0.00..5.38 rows=94 width=0)
	        Index Cond: ((k >= 5523118) AND (k <= 5523218))

explain: for range-notcovered :: explain SELECT k, c FROM sbtest%d WHERE k BETWEEN 5523118 AND 5523218
for range-notcovered
table 1 : explain SELECT k, c FROM sbtest1 WHERE k BETWEEN 5016461 AND 5016561
	Bitmap Heap Scan on sbtest1  (cost=5.53..429.26 rows=107 width=125)
	  Recheck Cond: ((k >= 5016461) AND (k <= 5016561))
	  ->  Bitmap Index Scan on k_1  (cost=0.00..5.50 rows=107 width=0)
	        Index Cond: ((k >= 5016461) AND (k <= 5016561))

table 2 : explain SELECT k, c FROM sbtest2 WHERE k BETWEEN 5016461 AND 5016561
	Bitmap Heap Scan on sbtest2  (cost=5.51..421.34 rows=105 width=125)
	  Recheck Cond: ((k >= 5016461) AND (k <= 5016561))
	  ->  Bitmap Index Scan on k_2  (cost=0.00..5.48 rows=105 width=0)
	        Index Cond: ((k >= 5016461) AND (k <= 5016561))

table 3 : explain SELECT k, c FROM sbtest3 WHERE k BETWEEN 5016461 AND 5016561
	Bitmap Heap Scan on sbtest3  (cost=5.43..389.86 rows=97 width=125)
	  Recheck Cond: ((k >= 5016461) AND (k <= 5016561))
	  ->  Bitmap Index Scan on k_3  (cost=0.00..5.40 rows=97 width=0)
	        Index Cond: ((k >= 5016461) AND (k <= 5016561))

table 4 : explain SELECT k, c FROM sbtest4 WHERE k BETWEEN 5016461 AND 5016561
	Bitmap Heap Scan on sbtest4  (cost=5.39..374.15 rows=93 width=125)
	  Recheck Cond: ((k >= 5016461) AND (k <= 5016561))
	  ->  Bitmap Index Scan on k_4  (cost=0.00..5.36 rows=93 width=0)
	        Index Cond: ((k >= 5016461) AND (k <= 5016561))

table 5 : explain SELECT k, c FROM sbtest5 WHERE k BETWEEN 5016461 AND 5016561
	Bitmap Heap Scan on sbtest5  (cost=5.55..437.02 rows=109 width=125)
	  Recheck Cond: ((k >= 5016461) AND (k <= 5016561))
	  ->  Bitmap Index Scan on k_5  (cost=0.00..5.52 rows=109 width=0)
	        Index Cond: ((k >= 5016461) AND (k <= 5016561))

table 6 : explain SELECT k, c FROM sbtest6 WHERE k BETWEEN 5016461 AND 5016561
	Bitmap Heap Scan on sbtest6  (cost=5.49..413.46 rows=103 width=125)
	  Recheck Cond: ((k >= 5016461) AND (k <= 5016561))
	  ->  Bitmap Index Scan on k_6  (cost=0.00..5.46 rows=103 width=0)
	        Index Cond: ((k >= 5016461) AND (k <= 5016561))

table 7 : explain SELECT k, c FROM sbtest7 WHERE k BETWEEN 5016461 AND 5016561
	Bitmap Heap Scan on sbtest7  (cost=5.54..433.38 rows=108 width=125)
	  Recheck Cond: ((k >= 5016461) AND (k <= 5016561))
	  ->  Bitmap Index Scan on k_7  (cost=0.00..5.51 rows=108 width=0)
	        Index Cond: ((k >= 5016461) AND (k <= 5016561))

table 8 : explain SELECT k, c FROM sbtest8 WHERE k BETWEEN 5016461 AND 5016561
	Bitmap Heap Scan on sbtest8  (cost=5.46..401.76 rows=100 width=125)
	  Recheck Cond: ((k >= 5016461) AND (k <= 5016561))
	  ->  Bitmap Index Scan on k_8  (cost=0.00..5.43 rows=100 width=0)
	        Index Cond: ((k >= 5016461) AND (k <= 5016561))

for range-notcovered
table 1 : explain SELECT k, c FROM sbtest1 WHERE k BETWEEN 4672954 AND 4673054
	Bitmap Heap Scan on sbtest1  (cost=5.52..425.31 rows=106 width=125)
	  Recheck Cond: ((k >= 4672954) AND (k <= 4673054))
	  ->  Bitmap Index Scan on k_1  (cost=0.00..5.50 rows=106 width=0)
	        Index Cond: ((k >= 4672954) AND (k <= 4673054))

table 2 : explain SELECT k, c FROM sbtest2 WHERE k BETWEEN 4672954 AND 4673054
	Bitmap Heap Scan on sbtest2  (cost=5.46..401.62 rows=100 width=125)
	  Recheck Cond: ((k >= 4672954) AND (k <= 4673054))
	  ->  Bitmap Index Scan on k_2  (cost=0.00..5.43 rows=100 width=0)
	        Index Cond: ((k >= 4672954) AND (k <= 4673054))

table 3 : explain SELECT k, c FROM sbtest3 WHERE k BETWEEN 4672954 AND 4673054
	Bitmap Heap Scan on sbtest3  (cost=5.59..452.97 rows=113 width=125)
	  Recheck Cond: ((k >= 4672954) AND (k <= 4673054))
	  ->  Bitmap Index Scan on k_3  (cost=0.00..5.56 rows=113 width=0)
	        Index Cond: ((k >= 4672954) AND (k <= 4673054))

table 4 : explain SELECT k, c FROM sbtest4 WHERE k BETWEEN 4672954 AND 4673054
	Bitmap Heap Scan on sbtest4  (cost=5.54..433.36 rows=108 width=125)
	  Recheck Cond: ((k >= 4672954) AND (k <= 4673054))
	  ->  Bitmap Index Scan on k_4  (cost=0.00..5.51 rows=108 width=0)
	        Index Cond: ((k >= 4672954) AND (k <= 4673054))

table 5 : explain SELECT k, c FROM sbtest5 WHERE k BETWEEN 4672954 AND 4673054
	Bitmap Heap Scan on sbtest5  (cost=5.50..417.31 rows=104 width=125)
	  Recheck Cond: ((k >= 4672954) AND (k <= 4673054))
	  ->  Bitmap Index Scan on k_5  (cost=0.00..5.47 rows=104 width=0)
	        Index Cond: ((k >= 4672954) AND (k <= 4673054))

table 6 : explain SELECT k, c FROM sbtest6 WHERE k BETWEEN 4672954 AND 4673054
	Bitmap Heap Scan on sbtest6  (cost=5.61..460.76 rows=115 width=125)
	  Recheck Cond: ((k >= 4672954) AND (k <= 4673054))
	  ->  Bitmap Index Scan on k_6  (cost=0.00..5.58 rows=115 width=0)
	        Index Cond: ((k >= 4672954) AND (k <= 4673054))

table 7 : explain SELECT k, c FROM sbtest7 WHERE k BETWEEN 4672954 AND 4673054
	Bitmap Heap Scan on sbtest7  (cost=5.53..429.44 rows=107 width=125)
	  Recheck Cond: ((k >= 4672954) AND (k <= 4673054))
	  ->  Bitmap Index Scan on k_7  (cost=0.00..5.50 rows=107 width=0)
	        Index Cond: ((k >= 4672954) AND (k <= 4673054))

table 8 : explain SELECT k, c FROM sbtest8 WHERE k BETWEEN 4672954 AND 4673054
	Bitmap Heap Scan on sbtest8  (cost=5.51..421.49 rows=105 width=125)
	  Recheck Cond: ((k >= 4672954) AND (k <= 4673054))
	  ->  Bitmap Index Scan on k_8  (cost=0.00..5.48 rows=105 width=0)
	        Index Cond: ((k >= 4672954) AND (k <= 4673054))

for range-notcovered
table 1 : explain SELECT k, c FROM sbtest1 WHERE k BETWEEN 6233800 AND 6233900
	Bitmap Heap Scan on sbtest1  (cost=5.46..401.65 rows=100 width=125)
	  Recheck Cond: ((k >= 6233800) AND (k <= 6233900))
	  ->  Bitmap Index Scan on k_1  (cost=0.00..5.43 rows=100 width=0)
	        Index Cond: ((k >= 6233800) AND (k <= 6233900))

table 2 : explain SELECT k, c FROM sbtest2 WHERE k BETWEEN 6233800 AND 6233900
	Bitmap Heap Scan on sbtest2  (cost=5.55..437.11 rows=109 width=125)
	  Recheck Cond: ((k >= 6233800) AND (k <= 6233900))
	  ->  Bitmap Index Scan on k_2  (cost=0.00..5.52 rows=109 width=0)
	        Index Cond: ((k >= 6233800) AND (k <= 6233900))

table 3 : explain SELECT k, c FROM sbtest3 WHERE k BETWEEN 6233800 AND 6233900
	Bitmap Heap Scan on sbtest3  (cost=5.42..385.91 rows=96 width=125)
	  Recheck Cond: ((k >= 6233800) AND (k <= 6233900))
	  ->  Bitmap Index Scan on k_3  (cost=0.00..5.39 rows=96 width=0)
	        Index Cond: ((k >= 6233800) AND (k <= 6233900))

table 4 : explain SELECT k, c FROM sbtest4 WHERE k BETWEEN 6233800 AND 6233900
	Bitmap Heap Scan on sbtest4  (cost=5.49..413.63 rows=103 width=125)
	  Recheck Cond: ((k >= 6233800) AND (k <= 6233900))
	  ->  Bitmap Index Scan on k_4  (cost=0.00..5.46 rows=103 width=0)
	        Index Cond: ((k >= 6233800) AND (k <= 6233900))

table 5 : explain SELECT k, c FROM sbtest5 WHERE k BETWEEN 6233800 AND 6233900
	Bitmap Heap Scan on sbtest5  (cost=5.48..409.43 rows=102 width=125)
	  Recheck Cond: ((k >= 6233800) AND (k <= 6233900))
	  ->  Bitmap Index Scan on k_5  (cost=0.00..5.45 rows=102 width=0)
	        Index Cond: ((k >= 6233800) AND (k <= 6233900))

table 6 : explain SELECT k, c FROM sbtest6 WHERE k BETWEEN 6233800 AND 6233900
	Bitmap Heap Scan on sbtest6  (cost=5.45..397.68 rows=99 width=125)
	  Recheck Cond: ((k >= 6233800) AND (k <= 6233900))
	  ->  Bitmap Index Scan on k_6  (cost=0.00..5.42 rows=99 width=0)
	        Index Cond: ((k >= 6233800) AND (k <= 6233900))

table 7 : explain SELECT k, c FROM sbtest7 WHERE k BETWEEN 6233800 AND 6233900
	Bitmap Heap Scan on sbtest7  (cost=5.42..386.01 rows=96 width=125)
	  Recheck Cond: ((k >= 6233800) AND (k <= 6233900))
	  ->  Bitmap Index Scan on k_7  (cost=0.00..5.39 rows=96 width=0)
	        Index Cond: ((k >= 6233800) AND (k <= 6233900))

table 8 : explain SELECT k, c FROM sbtest8 WHERE k BETWEEN 6233800 AND 6233900
	Bitmap Heap Scan on sbtest8  (cost=5.52..425.43 rows=106 width=125)
	  Recheck Cond: ((k >= 6233800) AND (k <= 6233900))
	  ->  Bitmap Index Scan on k_8  (cost=0.00..5.50 rows=106 width=0)
	        Index Cond: ((k >= 6233800) AND (k <= 6233900))

explain: for range-notcovered :: explain SELECT k, c FROM sbtest%d WHERE k BETWEEN 5016461 AND 5016561
for range-notcovered
table 1 : explain SELECT k, c FROM sbtest1 WHERE k BETWEEN 3678828 AND 3678928
	Bitmap Heap Scan on sbtest1  (cost=5.37..366.12 rows=91 width=125)
	  Recheck Cond: ((k >= 3678828) AND (k <= 3678928))
	  ->  Bitmap Index Scan on k_1  (cost=0.00..5.34 rows=91 width=0)
	        Index Cond: ((k >= 3678828) AND (k <= 3678928))

table 2 : explain SELECT k, c FROM sbtest2 WHERE k BETWEEN 3678828 AND 3678928
	Bitmap Heap Scan on sbtest2  (cost=5.59..452.87 rows=113 width=125)
	  Recheck Cond: ((k >= 3678828) AND (k <= 3678928))
	  ->  Bitmap Index Scan on k_2  (cost=0.00..5.56 rows=113 width=0)
	        Index Cond: ((k >= 3678828) AND (k <= 3678928))

table 3 : explain SELECT k, c FROM sbtest3 WHERE k BETWEEN 3678828 AND 3678928
	Bitmap Heap Scan on sbtest3  (cost=5.49..413.54 rows=103 width=125)
	  Recheck Cond: ((k >= 3678828) AND (k <= 3678928))
	  ->  Bitmap Index Scan on k_3  (cost=0.00..5.46 rows=103 width=0)
	        Index Cond: ((k >= 3678828) AND (k <= 3678928))

table 4 : explain SELECT k, c FROM sbtest4 WHERE k BETWEEN 3678828 AND 3678928
	Bitmap Heap Scan on sbtest4  (cost=5.42..385.99 rows=96 width=125)
	  Recheck Cond: ((k >= 3678828) AND (k <= 3678928))
	  ->  Bitmap Index Scan on k_4  (cost=0.00..5.39 rows=96 width=0)
	        Index Cond: ((k >= 3678828) AND (k <= 3678928))

table 5 : explain SELECT k, c FROM sbtest5 WHERE k BETWEEN 3678828 AND 3678928
	Bitmap Heap Scan on sbtest5  (cost=5.58..448.84 rows=112 width=125)
	  Recheck Cond: ((k >= 3678828) AND (k <= 3678928))
	  ->  Bitmap Index Scan on k_5  (cost=0.00..5.55 rows=112 width=0)
	        Index Cond: ((k >= 3678828) AND (k <= 3678928))

table 6 : explain SELECT k, c FROM sbtest6 WHERE k BETWEEN 3678828 AND 3678928
	Bitmap Heap Scan on sbtest6  (cost=5.48..409.52 rows=102 width=125)
	  Recheck Cond: ((k >= 3678828) AND (k <= 3678928))
	  ->  Bitmap Index Scan on k_6  (cost=0.00..5.45 rows=102 width=0)
	        Index Cond: ((k >= 3678828) AND (k <= 3678928))

table 7 : explain SELECT k, c FROM sbtest7 WHERE k BETWEEN 3678828 AND 3678928
	Bitmap Heap Scan on sbtest7  (cost=5.49..413.65 rows=103 width=125)
	  Recheck Cond: ((k >= 3678828) AND (k <= 3678928))
	  ->  Bitmap Index Scan on k_7  (cost=0.00..5.46 rows=103 width=0)
	        Index Cond: ((k >= 3678828) AND (k <= 3678928))

table 8 : explain SELECT k, c FROM sbtest8 WHERE k BETWEEN 3678828 AND 3678928
	Bitmap Heap Scan on sbtest8  (cost=5.50..417.54 rows=104 width=125)
	  Recheck Cond: ((k >= 3678828) AND (k <= 3678928))
	  ->  Bitmap Index Scan on k_8  (cost=0.00..5.47 rows=104 width=0)
	        Index Cond: ((k >= 3678828) AND (k <= 3678928))

explain: for range-notcovered :: explain SELECT k, c FROM sbtest%d WHERE k BETWEEN 4672954 AND 4673054
explain: for range-notcovered :: explain SELECT k, c FROM sbtest%d WHERE k BETWEEN 6233800 AND 6233900
explain: for range-notcovered :: explain SELECT k, c FROM sbtest%d WHERE k BETWEEN 3678828 AND 3678928
for range-notcovered
table 1 : explain SELECT k, c FROM sbtest1 WHERE k BETWEEN 8565714 AND 8565814
	Bitmap Heap Scan on sbtest1  (cost=5.45..397.70 rows=99 width=125)
	  Recheck Cond: ((k >= 8565714) AND (k <= 8565814))
	  ->  Bitmap Index Scan on k_1  (cost=0.00..5.42 rows=99 width=0)
	        Index Cond: ((k >= 8565714) AND (k <= 8565814))

table 2 : explain SELECT k, c FROM sbtest2 WHERE k BETWEEN 8565714 AND 8565814
	Bitmap Heap Scan on sbtest2  (cost=5.52..425.28 rows=106 width=125)
	  Recheck Cond: ((k >= 8565714) AND (k <= 8565814))
	  ->  Bitmap Index Scan on k_2  (cost=0.00..5.50 rows=106 width=0)
	        Index Cond: ((k >= 8565714) AND (k <= 8565814))

table 3 : explain SELECT k, c FROM sbtest3 WHERE k BETWEEN 8565714 AND 8565814
	Bitmap Heap Scan on sbtest3  (cost=5.59..452.97 rows=113 width=125)
	  Recheck Cond: ((k >= 8565714) AND (k <= 8565814))
	  ->  Bitmap Index Scan on k_3  (cost=0.00..5.56 rows=113 width=0)
	        Index Cond: ((k >= 8565714) AND (k <= 8565814))

table 4 : explain SELECT k, c FROM sbtest4 WHERE k BETWEEN 8565714 AND 8565814
	Bitmap Heap Scan on sbtest4  (cost=5.43..389.94 rows=97 width=125)
	  Recheck Cond: ((k >= 8565714) AND (k <= 8565814))
	  ->  Bitmap Index Scan on k_4  (cost=0.00..5.40 rows=97 width=0)
	        Index Cond: ((k >= 8565714) AND (k <= 8565814))

table 5 : explain SELECT k, c FROM sbtest5 WHERE k BETWEEN 8565714 AND 8565814
	Bitmap Heap Scan on sbtest5  (cost=5.47..405.48 rows=101 width=125)
	  Recheck Cond: ((k >= 8565714) AND (k <= 8565814))
	  ->  Bitmap Index Scan on k_5  (cost=0.00..5.44 rows=101 width=0)
	        Index Cond: ((k >= 8565714) AND (k <= 8565814))

table 6 : explain SELECT k, c FROM sbtest6 WHERE k BETWEEN 8565714 AND 8565814
	Bitmap Heap Scan on sbtest6  (cost=5.42..385.84 rows=96 width=125)
	  Recheck Cond: ((k >= 8565714) AND (k <= 8565814))
	  ->  Bitmap Index Scan on k_6  (cost=0.00..5.39 rows=96 width=0)
	        Index Cond: ((k >= 8565714) AND (k <= 8565814))

table 7 : explain SELECT k, c FROM sbtest7 WHERE k BETWEEN 8565714 AND 8565814
	Bitmap Heap Scan on sbtest7  (cost=5.40..378.11 rows=94 width=125)
	  Recheck Cond: ((k >= 8565714) AND (k <= 8565814))
	  ->  Bitmap Index Scan on k_7  (cost=0.00..5.38 rows=94 width=0)
	        Index Cond: ((k >= 8565714) AND (k <= 8565814))

table 8 : explain SELECT k, c FROM sbtest8 WHERE k BETWEEN 8565714 AND 8565814
	Bitmap Heap Scan on sbtest8  (cost=5.46..401.76 rows=100 width=125)
	  Recheck Cond: ((k >= 8565714) AND (k <= 8565814))
	  ->  Bitmap Index Scan on k_8  (cost=0.00..5.43 rows=100 width=0)
	        Index Cond: ((k >= 8565714) AND (k <= 8565814))

for range-notcovered
table 1 : explain SELECT k, c FROM sbtest1 WHERE k BETWEEN 5027005 AND 5027105
	Bitmap Heap Scan on sbtest1  (cost=5.53..429.26 rows=107 width=125)
	  Recheck Cond: ((k >= 5027005) AND (k <= 5027105))
	  ->  Bitmap Index Scan on k_1  (cost=0.00..5.50 rows=107 width=0)
	        Index Cond: ((k >= 5027005) AND (k <= 5027105))

table 2 : explain SELECT k, c FROM sbtest2 WHERE k BETWEEN 5027005 AND 5027105
	Bitmap Heap Scan on sbtest2  (cost=5.51..421.34 rows=105 width=125)
	  Recheck Cond: ((k >= 5027005) AND (k <= 5027105))
	  ->  Bitmap Index Scan on k_2  (cost=0.00..5.48 rows=105 width=0)
	        Index Cond: ((k >= 5027005) AND (k <= 5027105))

table 3 : explain SELECT k, c FROM sbtest3 WHERE k BETWEEN 5027005 AND 5027105
	Bitmap Heap Scan on sbtest3  (cost=5.43..389.86 rows=97 width=125)
	  Recheck Cond: ((k >= 5027005) AND (k <= 5027105))
	  ->  Bitmap Index Scan on k_3  (cost=0.00..5.40 rows=97 width=0)
	        Index Cond: ((k >= 5027005) AND (k <= 5027105))

table 4 : explain SELECT k, c FROM sbtest4 WHERE k BETWEEN 5027005 AND 5027105
	Bitmap Heap Scan on sbtest4  (cost=5.39..374.15 rows=93 width=125)
	  Recheck Cond: ((k >= 5027005) AND (k <= 5027105))
	  ->  Bitmap Index Scan on k_4  (cost=0.00..5.36 rows=93 width=0)
	        Index Cond: ((k >= 5027005) AND (k <= 5027105))

table 5 : explain SELECT k, c FROM sbtest5 WHERE k BETWEEN 5027005 AND 5027105
	Bitmap Heap Scan on sbtest5  (cost=5.55..437.02 rows=109 width=125)
	  Recheck Cond: ((k >= 5027005) AND (k <= 5027105))
	  ->  Bitmap Index Scan on k_5  (cost=0.00..5.52 rows=109 width=0)
	        Index Cond: ((k >= 5027005) AND (k <= 5027105))

table 6 : explain SELECT k, c FROM sbtest6 WHERE k BETWEEN 5027005 AND 5027105
	Bitmap Heap Scan on sbtest6  (cost=5.49..413.46 rows=103 width=125)
	  Recheck Cond: ((k >= 5027005) AND (k <= 5027105))
	  ->  Bitmap Index Scan on k_6  (cost=0.00..5.46 rows=103 width=0)
	        Index Cond: ((k >= 5027005) AND (k <= 5027105))

table 7 : explain SELECT k, c FROM sbtest7 WHERE k BETWEEN 5027005 AND 5027105
	Bitmap Heap Scan on sbtest7  (cost=5.54..433.38 rows=108 width=125)
	  Recheck Cond: ((k >= 5027005) AND (k <= 5027105))
	  ->  Bitmap Index Scan on k_7  (cost=0.00..5.51 rows=108 width=0)
	        Index Cond: ((k >= 5027005) AND (k <= 5027105))

table 8 : explain SELECT k, c FROM sbtest8 WHERE k BETWEEN 5027005 AND 5027105
	Bitmap Heap Scan on sbtest8  (cost=5.46..401.76 rows=100 width=125)
	  Recheck Cond: ((k >= 5027005) AND (k <= 5027105))
	  ->  Bitmap Index Scan on k_8  (cost=0.00..5.43 rows=100 width=0)
	        Index Cond: ((k >= 5027005) AND (k <= 5027105))

explain: for range-notcovered :: explain SELECT k, c FROM sbtest%d WHERE k BETWEEN 8565714 AND 8565814
for range-notcovered
table 1 : explain SELECT k, c FROM sbtest1 WHERE k BETWEEN 3899892 AND 3899992
	Bitmap Heap Scan on sbtest1  (cost=5.53..429.26 rows=107 width=125)
	  Recheck Cond: ((k >= 3899892) AND (k <= 3899992))
	  ->  Bitmap Index Scan on k_1  (cost=0.00..5.50 rows=107 width=0)
	        Index Cond: ((k >= 3899892) AND (k <= 3899992))

table 2 : explain SELECT k, c FROM sbtest2 WHERE k BETWEEN 3899892 AND 3899992
	Bitmap Heap Scan on sbtest2  (cost=5.50..417.39 rows=104 width=125)
	  Recheck Cond: ((k >= 3899892) AND (k <= 3899992))
	  ->  Bitmap Index Scan on k_2  (cost=0.00..5.47 rows=104 width=0)
	        Index Cond: ((k >= 3899892) AND (k <= 3899992))

table 3 : explain SELECT k, c FROM sbtest3 WHERE k BETWEEN 3899892 AND 3899992
	Bitmap Heap Scan on sbtest3  (cost=5.51..421.43 rows=105 width=125)
	  Recheck Cond: ((k >= 3899892) AND (k <= 3899992))
	  ->  Bitmap Index Scan on k_3  (cost=0.00..5.48 rows=105 width=0)
	        Index Cond: ((k >= 3899892) AND (k <= 3899992))

table 4 : explain SELECT k, c FROM sbtest4 WHERE k BETWEEN 3899892 AND 3899992
	Bitmap Heap Scan on sbtest4  (cost=5.57..445.19 rows=111 width=125)
	  Recheck Cond: ((k >= 3899892) AND (k <= 3899992))
	  ->  Bitmap Index Scan on k_4  (cost=0.00..5.54 rows=111 width=0)
	        Index Cond: ((k >= 3899892) AND (k <= 3899992))

table 5 : explain SELECT k, c FROM sbtest5 WHERE k BETWEEN 3899892 AND 3899992
	Bitmap Heap Scan on sbtest5  (cost=5.36..362.08 rows=90 width=125)
	  Recheck Cond: ((k >= 3899892) AND (k <= 3899992))
	  ->  Bitmap Index Scan on k_5  (cost=0.00..5.33 rows=90 width=0)
	        Index Cond: ((k >= 3899892) AND (k <= 3899992))

table 6 : explain SELECT k, c FROM sbtest6 WHERE k BETWEEN 3899892 AND 3899992
	Bitmap Heap Scan on sbtest6  (cost=5.59..452.88 rows=113 width=125)
	  Recheck Cond: ((k >= 3899892) AND (k <= 3899992))
	  ->  Bitmap Index Scan on k_6  (cost=0.00..5.56 rows=113 width=0)
	        Index Cond: ((k >= 3899892) AND (k <= 3899992))

table 7 : explain SELECT k, c FROM sbtest7 WHERE k BETWEEN 3899892 AND 3899992
	Bitmap Heap Scan on sbtest7  (cost=5.56..441.27 rows=110 width=125)
	  Recheck Cond: ((k >= 3899892) AND (k <= 3899992))
	  ->  Bitmap Index Scan on k_7  (cost=0.00..5.53 rows=110 width=0)
	        Index Cond: ((k >= 3899892) AND (k <= 3899992))

table 8 : explain SELECT k, c FROM sbtest8 WHERE k BETWEEN 3899892 AND 3899992
	Bitmap Heap Scan on sbtest8  (cost=5.58..449.10 rows=112 width=125)
	  Recheck Cond: ((k >= 3899892) AND (k <= 3899992))
	  ->  Bitmap Index Scan on k_8  (cost=0.00..5.55 rows=112 width=0)
	        Index Cond: ((k >= 3899892) AND (k <= 3899992))

explain: for range-notcovered :: explain SELECT k, c FROM sbtest%d WHERE k BETWEEN 5027005 AND 5027105
for range-notcovered
table 1 : explain SELECT k, c FROM sbtest1 WHERE k BETWEEN 5737215 AND 5737315
	Bitmap Heap Scan on sbtest1  (cost=5.45..397.70 rows=99 width=125)
	  Recheck Cond: ((k >= 5737215) AND (k <= 5737315))
	  ->  Bitmap Index Scan on k_1  (cost=0.00..5.42 rows=99 width=0)
	        Index Cond: ((k >= 5737215) AND (k <= 5737315))

table 2 : explain SELECT k, c FROM sbtest2 WHERE k BETWEEN 5737215 AND 5737315
	Bitmap Heap Scan on sbtest2  (cost=5.61..460.75 rows=115 width=125)
	  Recheck Cond: ((k >= 5737215) AND (k <= 5737315))
	  ->  Bitmap Index Scan on k_2  (cost=0.00..5.58 rows=115 width=0)
	        Index Cond: ((k >= 5737215) AND (k <= 5737315))

table 3 : explain SELECT k, c FROM sbtest3 WHERE k BETWEEN 5737215 AND 5737315
	Bitmap Heap Scan on sbtest3  (cost=5.43..389.86 rows=97 width=125)
	  Recheck Cond: ((k >= 5737215) AND (k <= 5737315))
	  ->  Bitmap Index Scan on k_3  (cost=0.00..5.40 rows=97 width=0)
	        Index Cond: ((k >= 5737215) AND (k <= 5737315))

table 4 : explain SELECT k, c FROM sbtest4 WHERE k BETWEEN 5737215 AND 5737315
	Bitmap Heap Scan on sbtest4  (cost=5.46..401.79 rows=100 width=125)
	  Recheck Cond: ((k >= 5737215) AND (k <= 5737315))
	  ->  Bitmap Index Scan on k_4  (cost=0.00..5.43 rows=100 width=0)
	        Index Cond: ((k >= 5737215) AND (k <= 5737315))

table 5 : explain SELECT k, c FROM sbtest5 WHERE k BETWEEN 5737215 AND 5737315
	Bitmap Heap Scan on sbtest5  (cost=5.48..409.43 rows=102 width=125)
	  Recheck Cond: ((k >= 5737215) AND (k <= 5737315))
	  ->  Bitmap Index Scan on k_5  (cost=0.00..5.45 rows=102 width=0)
	        Index Cond: ((k >= 5737215) AND (k <= 5737315))

table 6 : explain SELECT k, c FROM sbtest6 WHERE k BETWEEN 5737215 AND 5737315
	Bitmap Heap Scan on sbtest6  (cost=5.56..441.06 rows=110 width=125)
	  Recheck Cond: ((k >= 5737215) AND (k <= 5737315))
	  ->  Bitmap Index Scan on k_6  (cost=0.00..5.53 rows=110 width=0)
	        Index Cond: ((k >= 5737215) AND (k <= 5737315))

table 7 : explain SELECT k, c FROM sbtest7 WHERE k BETWEEN 5737215 AND 5737315
	Bitmap Heap Scan on sbtest7  (cost=5.40..378.11 rows=94 width=125)
	  Recheck Cond: ((k >= 5737215) AND (k <= 5737315))
	  ->  Bitmap Index Scan on k_7  (cost=0.00..5.38 rows=94 width=0)
	        Index Cond: ((k >= 5737215) AND (k <= 5737315))

table 8 : explain SELECT k, c FROM sbtest8 WHERE k BETWEEN 5737215 AND 5737315
	Bitmap Heap Scan on sbtest8  (cost=5.49..413.60 rows=103 width=125)
	  Recheck Cond: ((k >= 5737215) AND (k <= 5737315))
	  ->  Bitmap Index Scan on k_8  (cost=0.00..5.46 rows=103 width=0)
	        Index Cond: ((k >= 5737215) AND (k <= 5737315))

explain: for range-notcovered :: explain SELECT k, c FROM sbtest%d WHERE k BETWEEN 3899892 AND 3899992
explain: for range-notcovered :: explain SELECT k, c FROM sbtest%d WHERE k BETWEEN 5737215 AND 5737315
for range-notcovered
table 1 : explain SELECT k, c FROM sbtest1 WHERE k BETWEEN 7109743 AND 7109843
	Bitmap Heap Scan on sbtest1  (cost=5.51..421.37 rows=105 width=125)
	  Recheck Cond: ((k >= 7109743) AND (k <= 7109843))
	  ->  Bitmap Index Scan on k_1  (cost=0.00..5.48 rows=105 width=0)
	        Index Cond: ((k >= 7109743) AND (k <= 7109843))

table 2 : explain SELECT k, c FROM sbtest2 WHERE k BETWEEN 7109743 AND 7109843
	Bitmap Heap Scan on sbtest2  (cost=5.44..393.73 rows=98 width=125)
	  Recheck Cond: ((k >= 7109743) AND (k <= 7109843))
	  ->  Bitmap Index Scan on k_2  (cost=0.00..5.42 rows=98 width=0)
	        Index Cond: ((k >= 7109743) AND (k <= 7109843))

table 3 : explain SELECT k, c FROM sbtest3 WHERE k BETWEEN 7109743 AND 7109843
	Bitmap Heap Scan on sbtest3  (cost=5.47..405.65 rows=101 width=125)
	  Recheck Cond: ((k >= 7109743) AND (k <= 7109843))
	  ->  Bitmap Index Scan on k_3  (cost=0.00..5.44 rows=101 width=0)
	        Index Cond: ((k >= 7109743) AND (k <= 7109843))

table 4 : explain SELECT k, c FROM sbtest4 WHERE k BETWEEN 7109743 AND 7109843
	Bitmap Heap Scan on sbtest4  (cost=5.49..413.63 rows=103 width=125)
	  Recheck Cond: ((k >= 7109743) AND (k <= 7109843))
	  ->  Bitmap Index Scan on k_4  (cost=0.00..5.46 rows=103 width=0)
	        Index Cond: ((k >= 7109743) AND (k <= 7109843))

table 5 : explain SELECT k, c FROM sbtest5 WHERE k BETWEEN 7109743 AND 7109843
	Bitmap Heap Scan on sbtest5  (cost=5.50..417.31 rows=104 width=125)
	  Recheck Cond: ((k >= 7109743) AND (k <= 7109843))
	  ->  Bitmap Index Scan on k_5  (cost=0.00..5.47 rows=104 width=0)
	        Index Cond: ((k >= 7109743) AND (k <= 7109843))

table 6 : explain SELECT k, c FROM sbtest6 WHERE k BETWEEN 7109743 AND 7109843
	Bitmap Heap Scan on sbtest6  (cost=5.44..393.74 rows=98 width=125)
	  Recheck Cond: ((k >= 7109743) AND (k <= 7109843))
	  ->  Bitmap Index Scan on k_6  (cost=0.00..5.42 rows=98 width=0)
	        Index Cond: ((k >= 7109743) AND (k <= 7109843))

table 7 : explain SELECT k, c FROM sbtest7 WHERE k BETWEEN 7109743 AND 7109843
	Bitmap Heap Scan on sbtest7  (cost=5.54..433.38 rows=108 width=125)
	  Recheck Cond: ((k >= 7109743) AND (k <= 7109843))
	  ->  Bitmap Index Scan on k_7  (cost=0.00..5.51 rows=108 width=0)
	        Index Cond: ((k >= 7109743) AND (k <= 7109843))

table 8 : explain SELECT k, c FROM sbtest8 WHERE k BETWEEN 7109743 AND 7109843
	Bitmap Heap Scan on sbtest8  (cost=5.50..417.54 rows=104 width=125)
	  Recheck Cond: ((k >= 7109743) AND (k <= 7109843))
	  ->  Bitmap Index Scan on k_8  (cost=0.00..5.47 rows=104 width=0)
	        Index Cond: ((k >= 7109743) AND (k <= 7109843))

for range-notcovered
table 1 : explain SELECT k, c FROM sbtest1 WHERE k BETWEEN 4955123 AND 4955223
	Bitmap Heap Scan on sbtest1  (cost=5.53..429.26 rows=107 width=125)
	  Recheck Cond: ((k >= 4955123) AND (k <= 4955223))
	  ->  Bitmap Index Scan on k_1  (cost=0.00..5.50 rows=107 width=0)
	        Index Cond: ((k >= 4955123) AND (k <= 4955223))

table 2 : explain SELECT k, c FROM sbtest2 WHERE k BETWEEN 4955123 AND 4955223
	Bitmap Heap Scan on sbtest2  (cost=5.51..421.34 rows=105 width=125)
	  Recheck Cond: ((k >= 4955123) AND (k <= 4955223))
	  ->  Bitmap Index Scan on k_2  (cost=0.00..5.48 rows=105 width=0)
	        Index Cond: ((k >= 4955123) AND (k <= 4955223))

table 3 : explain SELECT k, c FROM sbtest3 WHERE k BETWEEN 4955123 AND 4955223
	Bitmap Heap Scan on sbtest3  (cost=5.41..381.97 rows=95 width=125)
	  Recheck Cond: ((k >= 4955123) AND (k <= 4955223))
	  ->  Bitmap Index Scan on k_3  (cost=0.00..5.38 rows=95 width=0)
	        Index Cond: ((k >= 4955123) AND (k <= 4955223))

table 4 : explain SELECT k, c FROM sbtest4 WHERE k BETWEEN 4955123 AND 4955223
	Bitmap Heap Scan on sbtest4  (cost=5.40..378.10 rows=94 width=125)
	  Recheck Cond: ((k >= 4955123) AND (k <= 4955223))
	  ->  Bitmap Index Scan on k_4  (cost=0.00..5.38 rows=94 width=0)
	        Index Cond: ((k >= 4955123) AND (k <= 4955223))

table 5 : explain SELECT k, c FROM sbtest5 WHERE k BETWEEN 4955123 AND 4955223
	Bitmap Heap Scan on sbtest5  (cost=5.49..413.37 rows=103 width=125)
	  Recheck Cond: ((k >= 4955123) AND (k <= 4955223))
	  ->  Bitmap Index Scan on k_5  (cost=0.00..5.46 rows=103 width=0)
	        Index Cond: ((k >= 4955123) AND (k <= 4955223))

table 6 : explain SELECT k, c FROM sbtest6 WHERE k BETWEEN 4955123 AND 4955223
	Bitmap Heap Scan on sbtest6  (cost=5.46..401.63 rows=100 width=125)
	  Recheck Cond: ((k >= 4955123) AND (k <= 4955223))
	  ->  Bitmap Index Scan on k_6  (cost=0.00..5.43 rows=100 width=0)
	        Index Cond: ((k >= 4955123) AND (k <= 4955223))

table 7 : explain SELECT k, c FROM sbtest7 WHERE k BETWEEN 4955123 AND 4955223
	Bitmap Heap Scan on sbtest7  (cost=5.47..405.76 rows=101 width=125)
	  Recheck Cond: ((k >= 4955123) AND (k <= 4955223))
	  ->  Bitmap Index Scan on k_7  (cost=0.00..5.44 rows=101 width=0)
	        Index Cond: ((k >= 4955123) AND (k <= 4955223))

table 8 : explain SELECT k, c FROM sbtest8 WHERE k BETWEEN 4955123 AND 4955223
	Bitmap Heap Scan on sbtest8  (cost=5.37..366.22 rows=91 width=125)
	  Recheck Cond: ((k >= 4955123) AND (k <= 4955223))
	  ->  Bitmap Index Scan on k_8  (cost=0.00..5.34 rows=91 width=0)
	        Index Cond: ((k >= 4955123) AND (k <= 4955223))

for range-notcovered
table 1 : explain SELECT k, c FROM sbtest1 WHERE k BETWEEN 4737451 AND 4737551
	Bitmap Heap Scan on sbtest1  (cost=5.42..385.86 rows=96 width=125)
	  Recheck Cond: ((k >= 4737451) AND (k <= 4737551))
	  ->  Bitmap Index Scan on k_1  (cost=0.00..5.39 rows=96 width=0)
	        Index Cond: ((k >= 4737451) AND (k <= 4737551))

table 2 : explain SELECT k, c FROM sbtest2 WHERE k BETWEEN 4737451 AND 4737551
	Bitmap Heap Scan on sbtest2  (cost=5.46..401.62 rows=100 width=125)
	  Recheck Cond: ((k >= 4737451) AND (k <= 4737551))
	  ->  Bitmap Index Scan on k_2  (cost=0.00..5.43 rows=100 width=0)
	        Index Cond: ((k >= 4737451) AND (k <= 4737551))

table 3 : explain SELECT k, c FROM sbtest3 WHERE k BETWEEN 4737451 AND 4737551
	Bitmap Heap Scan on sbtest3  (cost=5.48..409.59 rows=102 width=125)
	  Recheck Cond: ((k >= 4737451) AND (k <= 4737551))
	  ->  Bitmap Index Scan on k_3  (cost=0.00..5.45 rows=102 width=0)
	        Index Cond: ((k >= 4737451) AND (k <= 4737551))

table 4 : explain SELECT k, c FROM sbtest4 WHERE k BETWEEN 4737451 AND 4737551
	Bitmap Heap Scan on sbtest4  (cost=5.48..409.68 rows=102 width=125)
	  Recheck Cond: ((k >= 4737451) AND (k <= 4737551))
	  ->  Bitmap Index Scan on k_4  (cost=0.00..5.45 rows=102 width=0)
	        Index Cond: ((k >= 4737451) AND (k <= 4737551))

table 5 : explain SELECT k, c FROM sbtest5 WHERE k BETWEEN 4737451 AND 4737551
	Bitmap Heap Scan on sbtest5  (cost=5.67..480.34 rows=120 width=125)
	  Recheck Cond: ((k >= 4737451) AND (k <= 4737551))
	  ->  Bitmap Index Scan on k_5  (cost=0.00..5.63 rows=120 width=0)
	        Index Cond: ((k >= 4737451) AND (k <= 4737551))

table 6 : explain SELECT k, c FROM sbtest6 WHERE k BETWEEN 4737451 AND 4737551
	Bitmap Heap Scan on sbtest6  (cost=5.57..445.00 rows=111 width=125)
	  Recheck Cond: ((k >= 4737451) AND (k <= 4737551))
	  ->  Bitmap Index Scan on k_6  (cost=0.00..5.54 rows=111 width=0)
	        Index Cond: ((k >= 4737451) AND (k <= 4737551))

table 7 : explain SELECT k, c FROM sbtest7 WHERE k BETWEEN 4737451 AND 4737551
	Bitmap Heap Scan on sbtest7  (cost=5.51..421.54 rows=105 width=125)
	  Recheck Cond: ((k >= 4737451) AND (k <= 4737551))
	  ->  Bitmap Index Scan on k_7  (cost=0.00..5.48 rows=105 width=0)
	        Index Cond: ((k >= 4737451) AND (k <= 4737551))

table 8 : explain SELECT k, c FROM sbtest8 WHERE k BETWEEN 4737451 AND 4737551
	Bitmap Heap Scan on sbtest8  (cost=5.51..421.49 rows=105 width=125)
	  Recheck Cond: ((k >= 4737451) AND (k <= 4737551))
	  ->  Bitmap Index Scan on k_8  (cost=0.00..5.48 rows=105 width=0)
	        Index Cond: ((k >= 4737451) AND (k <= 4737551))

explain: for range-notcovered :: explain SELECT k, c FROM sbtest%d WHERE k BETWEEN 7109743 AND 7109843for range-notcovered
table 1 : explain SELECT k, c FROM sbtest1 WHERE k BETWEEN 7343446 AND 7343546
	Bitmap Heap Scan on sbtest1  (cost=5.52..425.31 rows=106 width=125)
	  Recheck Cond: ((k >= 7343446) AND (k <= 7343546))
	  ->  Bitmap Index Scan on k_1  (cost=0.00..5.50 rows=106 width=0)
	        Index Cond: ((k >= 7343446) AND (k <= 7343546))

table 2 : explain SELECT k, c FROM sbtest2 WHERE k BETWEEN 7343446 AND 7343546
	Bitmap Heap Scan on sbtest2  (cost=5.46..401.62 rows=100 width=125)
	  Recheck Cond: ((k >= 7343446) AND (k <= 7343546))
	  ->  Bitmap Index Scan on k_2  (cost=0.00..5.43 rows=100 width=0)
	        Index Cond: ((k >= 7343446) AND (k <= 7343546))

table 3 : explain SELECT k, c FROM sbtest3 WHERE k BETWEEN 7343446 AND 7343546
	Bitmap Heap Scan on sbtest3  (cost=5.50..417.49 rows=104 width=125)
	  Recheck Cond: ((k >= 7343446) AND (k <= 7343546))
	  ->  Bitmap Index Scan on k_3  (cost=0.00..5.47 rows=104 width=0)
	        Index Cond: ((k >= 7343446) AND (k <= 7343546))

table 4 : explain SELECT k, c FROM sbtest4 WHERE k BETWEEN 7343446 AND 7343546
	Bitmap Heap Scan on sbtest4  (cost=5.42..385.99 rows=96 width=125)
	  Recheck Cond: ((k >= 7343446) AND (k <= 7343546))
	  ->  Bitmap Index Scan on k_4  (cost=0.00..5.39 rows=96 width=0)
	        Index Cond: ((k >= 7343446) AND (k <= 7343546))

table 5 : explain SELECT k, c FROM sbtest5 WHERE k BETWEEN 7343446 AND 7343546
	Bitmap Heap Scan on sbtest5  (cost=5.53..429.14 rows=107 width=125)
	  Recheck Cond: ((k >= 7343446) AND (k <= 7343546))
	  ->  Bitmap Index Scan on k_5  (cost=0.00..5.50 rows=107 width=0)
	        Index Cond: ((k >= 7343446) AND (k <= 7343546))

table 6 : explain SELECT k, c FROM sbtest6 WHERE k BETWEEN 7343446 AND 7343546
	Bitmap Heap Scan on sbtest6  (cost=5.56..441.06 rows=110 width=125)
	  Recheck Cond: ((k >= 7343446) AND (k <= 7343546))
	  ->  Bitmap Index Scan on k_6  (cost=0.00..5.53 rows=110 width=0)
	        Index Cond: ((k >= 7343446) AND (k <= 7343546))

table 7 : explain SELECT k, c FROM sbtest7 WHERE k BETWEEN 7343446 AND 7343546
	Bitmap Heap Scan on sbtest7  (cost=5.44..393.91 rows=98 width=125)
	  Recheck Cond: ((k >= 7343446) AND (k <= 7343546))
	  ->  Bitmap Index Scan on k_7  (cost=0.00..5.42 rows=98 width=0)
	        Index Cond: ((k >= 7343446) AND (k <= 7343546))

table 8 : explain SELECT k, c FROM sbtest8 WHERE k BETWEEN 7343446 AND 7343546
	Bitmap Heap Scan on sbtest8  (cost=5.55..437.27 rows=109 width=125)
	  Recheck Cond: ((k >= 7343446) AND (k <= 7343546))
	  ->  Bitmap Index Scan on k_8  (cost=0.00..5.52 rows=109 width=0)
	        Index Cond: ((k >= 7343446) AND (k <= 7343546))


explain: for range-notcovered :: explain SELECT k, c FROM sbtest%d WHERE k BETWEEN 4955123 AND 4955223
explain: for range-notcovered :: explain SELECT k, c FROM sbtest%d WHERE k BETWEEN 7343446 AND 7343546
explain: for range-notcovered :: explain SELECT k, c FROM sbtest%d WHERE k BETWEEN 4737451 AND 4737551
for range-notcovered
table 1 : explain SELECT k, c FROM sbtest1 WHERE k BETWEEN 6233800 AND 6233900
	Bitmap Heap Scan on sbtest1  (cost=5.46..401.65 rows=100 width=125)
	  Recheck Cond: ((k >= 6233800) AND (k <= 6233900))
	  ->  Bitmap Index Scan on k_1  (cost=0.00..5.43 rows=100 width=0)
	        Index Cond: ((k >= 6233800) AND (k <= 6233900))

table 2 : explain SELECT k, c FROM sbtest2 WHERE k BETWEEN 6233800 AND 6233900
	Bitmap Heap Scan on sbtest2  (cost=5.55..437.11 rows=109 width=125)
	  Recheck Cond: ((k >= 6233800) AND (k <= 6233900))
	  ->  Bitmap Index Scan on k_2  (cost=0.00..5.52 rows=109 width=0)
	        Index Cond: ((k >= 6233800) AND (k <= 6233900))

table 3 : explain SELECT k, c FROM sbtest3 WHERE k BETWEEN 6233800 AND 6233900
	Bitmap Heap Scan on sbtest3  (cost=5.42..385.91 rows=96 width=125)
	  Recheck Cond: ((k >= 6233800) AND (k <= 6233900))
	  ->  Bitmap Index Scan on k_3  (cost=0.00..5.39 rows=96 width=0)
	        Index Cond: ((k >= 6233800) AND (k <= 6233900))

table 4 : explain SELECT k, c FROM sbtest4 WHERE k BETWEEN 6233800 AND 6233900
	Bitmap Heap Scan on sbtest4  (cost=5.49..413.63 rows=103 width=125)
	  Recheck Cond: ((k >= 6233800) AND (k <= 6233900))
	  ->  Bitmap Index Scan on k_4  (cost=0.00..5.46 rows=103 width=0)
	        Index Cond: ((k >= 6233800) AND (k <= 6233900))

table 5 : explain SELECT k, c FROM sbtest5 WHERE k BETWEEN 6233800 AND 6233900
	Bitmap Heap Scan on sbtest5  (cost=5.48..409.43 rows=102 width=125)
	  Recheck Cond: ((k >= 6233800) AND (k <= 6233900))
	  ->  Bitmap Index Scan on k_5  (cost=0.00..5.45 rows=102 width=0)
	        Index Cond: ((k >= 6233800) AND (k <= 6233900))

table 6 : explain SELECT k, c FROM sbtest6 WHERE k BETWEEN 6233800 AND 6233900
	Bitmap Heap Scan on sbtest6  (cost=5.45..397.68 rows=99 width=125)
	  Recheck Cond: ((k >= 6233800) AND (k <= 6233900))
	  ->  Bitmap Index Scan on k_6  (cost=0.00..5.42 rows=99 width=0)
	        Index Cond: ((k >= 6233800) AND (k <= 6233900))

table 7 : explain SELECT k, c FROM sbtest7 WHERE k BETWEEN 6233800 AND 6233900
	Bitmap Heap Scan on sbtest7  (cost=5.42..386.01 rows=96 width=125)
	  Recheck Cond: ((k >= 6233800) AND (k <= 6233900))
	  ->  Bitmap Index Scan on k_7  (cost=0.00..5.39 rows=96 width=0)
	        Index Cond: ((k >= 6233800) AND (k <= 6233900))

table 8 : explain SELECT k, c FROM sbtest8 WHERE k BETWEEN 6233800 AND 6233900
	Bitmap Heap Scan on sbtest8  (cost=5.52..425.43 rows=106 width=125)
	  Recheck Cond: ((k >= 6233800) AND (k <= 6233900))
	  ->  Bitmap Index Scan on k_8  (cost=0.00..5.50 rows=106 width=0)
	        Index Cond: ((k >= 6233800) AND (k <= 6233900))

for range-notcovered
table 1 : explain SELECT k, c FROM sbtest1 WHERE k BETWEEN 5523118 AND 5523218
	Bitmap Heap Scan on sbtest1  (cost=5.47..405.59 rows=101 width=125)
	  Recheck Cond: ((k >= 5523118) AND (k <= 5523218))
	  ->  Bitmap Index Scan on k_1  (cost=0.00..5.44 rows=101 width=0)
	        Index Cond: ((k >= 5523118) AND (k <= 5523218))

table 2 : explain SELECT k, c FROM sbtest2 WHERE k BETWEEN 5523118 AND 5523218
	Bitmap Heap Scan on sbtest2  (cost=5.48..409.51 rows=102 width=125)
	  Recheck Cond: ((k >= 5523118) AND (k <= 5523218))
	  ->  Bitmap Index Scan on k_2  (cost=0.00..5.45 rows=102 width=0)
	        Index Cond: ((k >= 5523118) AND (k <= 5523218))

table 3 : explain SELECT k, c FROM sbtest3 WHERE k BETWEEN 5523118 AND 5523218
	Bitmap Heap Scan on sbtest3  (cost=5.58..449.03 rows=112 width=125)
	  Recheck Cond: ((k >= 5523118) AND (k <= 5523218))
	  ->  Bitmap Index Scan on k_3  (cost=0.00..5.55 rows=112 width=0)
	        Index Cond: ((k >= 5523118) AND (k <= 5523218))

table 4 : explain SELECT k, c FROM sbtest4 WHERE k BETWEEN 5523118 AND 5523218
	Bitmap Heap Scan on sbtest4  (cost=5.49..413.63 rows=103 width=125)
	  Recheck Cond: ((k >= 5523118) AND (k <= 5523218))
	  ->  Bitmap Index Scan on k_4  (cost=0.00..5.46 rows=103 width=0)
	        Index Cond: ((k >= 5523118) AND (k <= 5523218))

table 5 : explain SELECT k, c FROM sbtest5 WHERE k BETWEEN 5523118 AND 5523218
	Bitmap Heap Scan on sbtest5  (cost=5.58..448.84 rows=112 width=125)
	  Recheck Cond: ((k >= 5523118) AND (k <= 5523218))
	  ->  Bitmap Index Scan on k_5  (cost=0.00..5.55 rows=112 width=0)
	        Index Cond: ((k >= 5523118) AND (k <= 5523218))

table 6 : explain SELECT k, c FROM sbtest6 WHERE k BETWEEN 5523118 AND 5523218
	Bitmap Heap Scan on sbtest6  (cost=5.54..433.18 rows=108 width=125)
	  Recheck Cond: ((k >= 5523118) AND (k <= 5523218))
	  ->  Bitmap Index Scan on k_6  (cost=0.00..5.51 rows=108 width=0)
	        Index Cond: ((k >= 5523118) AND (k <= 5523218))

table 7 : explain SELECT k, c FROM sbtest7 WHERE k BETWEEN 5523118 AND 5523218
	Bitmap Heap Scan on sbtest7  (cost=5.44..393.91 rows=98 width=125)
	  Recheck Cond: ((k >= 5523118) AND (k <= 5523218))
	  ->  Bitmap Index Scan on k_7  (cost=0.00..5.42 rows=98 width=0)
	        Index Cond: ((k >= 5523118) AND (k <= 5523218))

table 8 : explain SELECT k, c FROM sbtest8 WHERE k BETWEEN 5523118 AND 5523218
	Bitmap Heap Scan on sbtest8  (cost=5.40..378.07 rows=94 width=125)
	  Recheck Cond: ((k >= 5523118) AND (k <= 5523218))
	  ->  Bitmap Index Scan on k_8  (cost=0.00..5.38 rows=94 width=0)
	        Index Cond: ((k >= 5523118) AND (k <= 5523218))

explain: for range-notcovered :: explain SELECT k, c FROM sbtest%d WHERE k BETWEEN 6233800 AND 6233900
for range-notcovered
table 1 : explain SELECT k, c FROM sbtest1 WHERE k BETWEEN 5016461 AND 5016561
	Bitmap Heap Scan on sbtest1  (cost=5.53..429.26 rows=107 width=125)
	  Recheck Cond: ((k >= 5016461) AND (k <= 5016561))
	  ->  Bitmap Index Scan on k_1  (cost=0.00..5.50 rows=107 width=0)
	        Index Cond: ((k >= 5016461) AND (k <= 5016561))

table 2 : explain SELECT k, c FROM sbtest2 WHERE k BETWEEN 5016461 AND 5016561
	Bitmap Heap Scan on sbtest2  (cost=5.51..421.34 rows=105 width=125)
	  Recheck Cond: ((k >= 5016461) AND (k <= 5016561))
	  ->  Bitmap Index Scan on k_2  (cost=0.00..5.48 rows=105 width=0)
	        Index Cond: ((k >= 5016461) AND (k <= 5016561))

table 3 : explain SELECT k, c FROM sbtest3 WHERE k BETWEEN 5016461 AND 5016561
	Bitmap Heap Scan on sbtest3  (cost=5.43..389.86 rows=97 width=125)
	  Recheck Cond: ((k >= 5016461) AND (k <= 5016561))
	  ->  Bitmap Index Scan on k_3  (cost=0.00..5.40 rows=97 width=0)
	        Index Cond: ((k >= 5016461) AND (k <= 5016561))

table 4 : explain SELECT k, c FROM sbtest4 WHERE k BETWEEN 5016461 AND 5016561
	Bitmap Heap Scan on sbtest4  (cost=5.39..374.15 rows=93 width=125)
	  Recheck Cond: ((k >= 5016461) AND (k <= 5016561))
	  ->  Bitmap Index Scan on k_4  (cost=0.00..5.36 rows=93 width=0)
	        Index Cond: ((k >= 5016461) AND (k <= 5016561))

table 5 : explain SELECT k, c FROM sbtest5 WHERE k BETWEEN 5016461 AND 5016561
	Bitmap Heap Scan on sbtest5  (cost=5.55..437.02 rows=109 width=125)
	  Recheck Cond: ((k >= 5016461) AND (k <= 5016561))
	  ->  Bitmap Index Scan on k_5  (cost=0.00..5.52 rows=109 width=0)
	        Index Cond: ((k >= 5016461) AND (k <= 5016561))

table 6 : explain SELECT k, c FROM sbtest6 WHERE k BETWEEN 5016461 AND 5016561
	Bitmap Heap Scan on sbtest6  (cost=5.49..413.46 rows=103 width=125)
	  Recheck Cond: ((k >= 5016461) AND (k <= 5016561))
	  ->  Bitmap Index Scan on k_6  (cost=0.00..5.46 rows=103 width=0)
	        Index Cond: ((k >= 5016461) AND (k <= 5016561))

table 7 : explain SELECT k, c FROM sbtest7 WHERE k BETWEEN 5016461 AND 5016561
	Bitmap Heap Scan on sbtest7  (cost=5.54..433.38 rows=108 width=125)
	  Recheck Cond: ((k >= 5016461) AND (k <= 5016561))
	  ->  Bitmap Index Scan on k_7  (cost=0.00..5.51 rows=108 width=0)
	        Index Cond: ((k >= 5016461) AND (k <= 5016561))

table 8 : explain SELECT k, c FROM sbtest8 WHERE k BETWEEN 5016461 AND 5016561
	Bitmap Heap Scan on sbtest8  (cost=5.46..401.76 rows=100 width=125)
	  Recheck Cond: ((k >= 5016461) AND (k <= 5016561))
	  ->  Bitmap Index Scan on k_8  (cost=0.00..5.43 rows=100 width=0)
	        Index Cond: ((k >= 5016461) AND (k <= 5016561))

explain: for range-notcovered :: explain SELECT k, c FROM sbtest%d WHERE k BETWEEN 5523118 AND 5523218
for range-notcovered
table 1 : explain SELECT k, c FROM sbtest1 WHERE k BETWEEN 4672954 AND 4673054
	Bitmap Heap Scan on sbtest1  (cost=5.52..425.31 rows=106 width=125)
	  Recheck Cond: ((k >= 4672954) AND (k <= 4673054))
	  ->  Bitmap Index Scan on k_1  (cost=0.00..5.50 rows=106 width=0)
	        Index Cond: ((k >= 4672954) AND (k <= 4673054))

table 2 : explain SELECT k, c FROM sbtest2 WHERE k BETWEEN 4672954 AND 4673054
	Bitmap Heap Scan on sbtest2  (cost=5.46..401.62 rows=100 width=125)
	  Recheck Cond: ((k >= 4672954) AND (k <= 4673054))
	  ->  Bitmap Index Scan on k_2  (cost=0.00..5.43 rows=100 width=0)
	        Index Cond: ((k >= 4672954) AND (k <= 4673054))

table 3 : explain SELECT k, c FROM sbtest3 WHERE k BETWEEN 4672954 AND 4673054
	Bitmap Heap Scan on sbtest3  (cost=5.59..452.97 rows=113 width=125)
	  Recheck Cond: ((k >= 4672954) AND (k <= 4673054))
	  ->  Bitmap Index Scan on k_3  (cost=0.00..5.56 rows=113 width=0)
	        Index Cond: ((k >= 4672954) AND (k <= 4673054))

table 4 : explain SELECT k, c FROM sbtest4 WHERE k BETWEEN 4672954 AND 4673054
	Bitmap Heap Scan on sbtest4  (cost=5.54..433.36 rows=108 width=125)
	  Recheck Cond: ((k >= 4672954) AND (k <= 4673054))
	  ->  Bitmap Index Scan on k_4  (cost=0.00..5.51 rows=108 width=0)
	        Index Cond: ((k >= 4672954) AND (k <= 4673054))

table 5 : explain SELECT k, c FROM sbtest5 WHERE k BETWEEN 4672954 AND 4673054
	Bitmap Heap Scan on sbtest5  (cost=5.50..417.31 rows=104 width=125)
	  Recheck Cond: ((k >= 4672954) AND (k <= 4673054))
	  ->  Bitmap Index Scan on k_5  (cost=0.00..5.47 rows=104 width=0)
	        Index Cond: ((k >= 4672954) AND (k <= 4673054))

table 6 : explain SELECT k, c FROM sbtest6 WHERE k BETWEEN 4672954 AND 4673054
	Bitmap Heap Scan on sbtest6  (cost=5.61..460.76 rows=115 width=125)
	  Recheck Cond: ((k >= 4672954) AND (k <= 4673054))
	  ->  Bitmap Index Scan on k_6  (cost=0.00..5.58 rows=115 width=0)
	        Index Cond: ((k >= 4672954) AND (k <= 4673054))

table 7 : explain SELECT k, c FROM sbtest7 WHERE k BETWEEN 4672954 AND 4673054
	Bitmap Heap Scan on sbtest7  (cost=5.53..429.44 rows=107 width=125)
	  Recheck Cond: ((k >= 4672954) AND (k <= 4673054))
	  ->  Bitmap Index Scan on k_7  (cost=0.00..5.50 rows=107 width=0)
	        Index Cond: ((k >= 4672954) AND (k <= 4673054))

table 8 : explain SELECT k, c FROM sbtest8 WHERE k BETWEEN 4672954 AND 4673054
	Bitmap Heap Scan on sbtest8  (cost=5.51..421.49 rows=105 width=125)
	  Recheck Cond: ((k >= 4672954) AND (k <= 4673054))
	  ->  Bitmap Index Scan on k_8  (cost=0.00..5.48 rows=105 width=0)
	        Index Cond: ((k >= 4672954) AND (k <= 4673054))

explain: for range-notcovered :: explain SELECT k, c FROM sbtest%d WHERE k BETWEEN 5016461 AND 5016561
for range-notcovered
table 1 : explain SELECT k, c FROM sbtest1 WHERE k BETWEEN 3899892 AND 3899992
	Bitmap Heap Scan on sbtest1  (cost=5.53..429.26 rows=107 width=125)
	  Recheck Cond: ((k >= 3899892) AND (k <= 3899992))
	  ->  Bitmap Index Scan on k_1  (cost=0.00..5.50 rows=107 width=0)
	        Index Cond: ((k >= 3899892) AND (k <= 3899992))

table 2 : explain SELECT k, c FROM sbtest2 WHERE k BETWEEN 3899892 AND 3899992
	Bitmap Heap Scan on sbtest2  (cost=5.50..417.39 rows=104 width=125)
	  Recheck Cond: ((k >= 3899892) AND (k <= 3899992))
	  ->  Bitmap Index Scan on k_2  (cost=0.00..5.47 rows=104 width=0)
	        Index Cond: ((k >= 3899892) AND (k <= 3899992))

table 3 : explain SELECT k, c FROM sbtest3 WHERE k BETWEEN 3899892 AND 3899992
	Bitmap Heap Scan on sbtest3  (cost=5.51..421.43 rows=105 width=125)
	  Recheck Cond: ((k >= 3899892) AND (k <= 3899992))
	  ->  Bitmap Index Scan on k_3  (cost=0.00..5.48 rows=105 width=0)
	        Index Cond: ((k >= 3899892) AND (k <= 3899992))

table 4 : explain SELECT k, c FROM sbtest4 WHERE k BETWEEN 3899892 AND 3899992
	Bitmap Heap Scan on sbtest4  (cost=5.57..445.19 rows=111 width=125)
	  Recheck Cond: ((k >= 3899892) AND (k <= 3899992))
	  ->  Bitmap Index Scan on k_4  (cost=0.00..5.54 rows=111 width=0)
	        Index Cond: ((k >= 3899892) AND (k <= 3899992))

table 5 : explain SELECT k, c FROM sbtest5 WHERE k BETWEEN 3899892 AND 3899992
	Bitmap Heap Scan on sbtest5  (cost=5.36..362.08 rows=90 width=125)
	  Recheck Cond: ((k >= 3899892) AND (k <= 3899992))
	  ->  Bitmap Index Scan on k_5  (cost=0.00..5.33 rows=90 width=0)
	        Index Cond: ((k >= 3899892) AND (k <= 3899992))

table 6 : explain SELECT k, c FROM sbtest6 WHERE k BETWEEN 3899892 AND 3899992
	Bitmap Heap Scan on sbtest6  (cost=5.59..452.88 rows=113 width=125)
	  Recheck Cond: ((k >= 3899892) AND (k <= 3899992))
	  ->  Bitmap Index Scan on k_6  (cost=0.00..5.56 rows=113 width=0)
	        Index Cond: ((k >= 3899892) AND (k <= 3899992))

table 7 : explain SELECT k, c FROM sbtest7 WHERE k BETWEEN 3899892 AND 3899992
	Bitmap Heap Scan on sbtest7  (cost=5.56..441.27 rows=110 width=125)
	  Recheck Cond: ((k >= 3899892) AND (k <= 3899992))
	  ->  Bitmap Index Scan on k_7  (cost=0.00..5.53 rows=110 width=0)
	        Index Cond: ((k >= 3899892) AND (k <= 3899992))

table 8 : explain SELECT k, c FROM sbtest8 WHERE k BETWEEN 3899892 AND 3899992
	Bitmap Heap Scan on sbtest8  (cost=5.58..449.10 rows=112 width=125)
	  Recheck Cond: ((k >= 3899892) AND (k <= 3899992))
	  ->  Bitmap Index Scan on k_8  (cost=0.00..5.55 rows=112 width=0)
	        Index Cond: ((k >= 3899892) AND (k <= 3899992))

for range-notcovered
table 1 : explain SELECT k, c FROM sbtest1 WHERE k BETWEEN 5737215 AND 5737315
	Bitmap Heap Scan on sbtest1  (cost=5.45..397.70 rows=99 width=125)
	  Recheck Cond: ((k >= 5737215) AND (k <= 5737315))
	  ->  Bitmap Index Scan on k_1  (cost=0.00..5.42 rows=99 width=0)
	        Index Cond: ((k >= 5737215) AND (k <= 5737315))

table 2 : explain SELECT k, c FROM sbtest2 WHERE k BETWEEN 5737215 AND 5737315
	Bitmap Heap Scan on sbtest2  (cost=5.61..460.75 rows=115 width=125)
	  Recheck Cond: ((k >= 5737215) AND (k <= 5737315))
	  ->  Bitmap Index Scan on k_2  (cost=0.00..5.58 rows=115 width=0)
	        Index Cond: ((k >= 5737215) AND (k <= 5737315))

table 3 : explain SELECT k, c FROM sbtest3 WHERE k BETWEEN 5737215 AND 5737315
	Bitmap Heap Scan on sbtest3  (cost=5.43..389.86 rows=97 width=125)
	  Recheck Cond: ((k >= 5737215) AND (k <= 5737315))
	  ->  Bitmap Index Scan on k_3  (cost=0.00..5.40 rows=97 width=0)
	        Index Cond: ((k >= 5737215) AND (k <= 5737315))

table 4 : explain SELECT k, c FROM sbtest4 WHERE k BETWEEN 5737215 AND 5737315
	Bitmap Heap Scan on sbtest4  (cost=5.46..401.79 rows=100 width=125)
	  Recheck Cond: ((k >= 5737215) AND (k <= 5737315))
	  ->  Bitmap Index Scan on k_4  (cost=0.00..5.43 rows=100 width=0)
	        Index Cond: ((k >= 5737215) AND (k <= 5737315))

table 5 : explain SELECT k, c FROM sbtest5 WHERE k BETWEEN 5737215 AND 5737315
	Bitmap Heap Scan on sbtest5  (cost=5.48..409.43 rows=102 width=125)
	  Recheck Cond: ((k >= 5737215) AND (k <= 5737315))
	  ->  Bitmap Index Scan on k_5  (cost=0.00..5.45 rows=102 width=0)
	        Index Cond: ((k >= 5737215) AND (k <= 5737315))

table 6 : explain SELECT k, c FROM sbtest6 WHERE k BETWEEN 5737215 AND 5737315
	Bitmap Heap Scan on sbtest6  (cost=5.56..441.06 rows=110 width=125)
	  Recheck Cond: ((k >= 5737215) AND (k <= 5737315))
	  ->  Bitmap Index Scan on k_6  (cost=0.00..5.53 rows=110 width=0)
	        Index Cond: ((k >= 5737215) AND (k <= 5737315))

table 7 : explain SELECT k, c FROM sbtest7 WHERE k BETWEEN 5737215 AND 5737315
	Bitmap Heap Scan on sbtest7  (cost=5.40..378.11 rows=94 width=125)
	  Recheck Cond: ((k >= 5737215) AND (k <= 5737315))
	  ->  Bitmap Index Scan on k_7  (cost=0.00..5.38 rows=94 width=0)
	        Index Cond: ((k >= 5737215) AND (k <= 5737315))

table 8 : explain SELECT k, c FROM sbtest8 WHERE k BETWEEN 5737215 AND 5737315
	Bitmap Heap Scan on sbtest8  (cost=5.49..413.60 rows=103 width=125)
	  Recheck Cond: ((k >= 5737215) AND (k <= 5737315))
	  ->  Bitmap Index Scan on k_8  (cost=0.00..5.46 rows=103 width=0)
	        Index Cond: ((k >= 5737215) AND (k <= 5737315))

for range-notcovered
table 1 : explain SELECT k, c FROM sbtest1 WHERE k BETWEEN 3678828 AND 3678928
	Bitmap Heap Scan on sbtest1  (cost=5.37..366.12 rows=91 width=125)
	  Recheck Cond: ((k >= 3678828) AND (k <= 3678928))
	  ->  Bitmap Index Scan on k_1  (cost=0.00..5.34 rows=91 width=0)
	        Index Cond: ((k >= 3678828) AND (k <= 3678928))

table 2 : explain SELECT k, c FROM sbtest2 WHERE k BETWEEN 3678828 AND 3678928
	Bitmap Heap Scan on sbtest2  (cost=5.59..452.87 rows=113 width=125)
	  Recheck Cond: ((k >= 3678828) AND (k <= 3678928))
	  ->  Bitmap Index Scan on k_2  (cost=0.00..5.56 rows=113 width=0)
	        Index Cond: ((k >= 3678828) AND (k <= 3678928))

table 3 : explain SELECT k, c FROM sbtest3 WHERE k BETWEEN 3678828 AND 3678928
	Bitmap Heap Scan on sbtest3  (cost=5.49..413.54 rows=103 width=125)
	  Recheck Cond: ((k >= 3678828) AND (k <= 3678928))
	  ->  Bitmap Index Scan on k_3  (cost=0.00..5.46 rows=103 width=0)
	        Index Cond: ((k >= 3678828) AND (k <= 3678928))

table 4 : explain SELECT k, c FROM sbtest4 WHERE k BETWEEN 3678828 AND 3678928
	Bitmap Heap Scan on sbtest4  (cost=5.42..385.99 rows=96 width=125)
	  Recheck Cond: ((k >= 3678828) AND (k <= 3678928))
	  ->  Bitmap Index Scan on k_4  (cost=0.00..5.39 rows=96 width=0)
	        Index Cond: ((k >= 3678828) AND (k <= 3678928))

table 5 : explain SELECT k, c FROM sbtest5 WHERE k BETWEEN 3678828 AND 3678928
	Bitmap Heap Scan on sbtest5  (cost=5.58..448.84 rows=112 width=125)
	  Recheck Cond: ((k >= 3678828) AND (k <= 3678928))
	  ->  Bitmap Index Scan on k_5  (cost=0.00..5.55 rows=112 width=0)
	        Index Cond: ((k >= 3678828) AND (k <= 3678928))

table 6 : explain SELECT k, c FROM sbtest6 WHERE k BETWEEN 3678828 AND 3678928
	Bitmap Heap Scan on sbtest6  (cost=5.48..409.52 rows=102 width=125)
	  Recheck Cond: ((k >= 3678828) AND (k <= 3678928))
	  ->  Bitmap Index Scan on k_6  (cost=0.00..5.45 rows=102 width=0)
	        Index Cond: ((k >= 3678828) AND (k <= 3678928))

table 7 : explain SELECT k, c FROM sbtest7 WHERE k BETWEEN 3678828 AND 3678928
	Bitmap Heap Scan on sbtest7  (cost=5.49..413.65 rows=103 width=125)
	  Recheck Cond: ((k >= 3678828) AND (k <= 3678928))
	  ->  Bitmap Index Scan on k_7  (cost=0.00..5.46 rows=103 width=0)
	        Index Cond: ((k >= 3678828) AND (k <= 3678928))

table 8 : explain SELECT k, c FROM sbtest8 WHERE k BETWEEN 3678828 AND 3678928
	Bitmap Heap Scan on sbtest8  (cost=5.50..417.54 rows=104 width=125)
	  Recheck Cond: ((k >= 3678828) AND (k <= 3678928))
	  ->  Bitmap Index Scan on k_8  (cost=0.00..5.47 rows=104 width=0)
	        Index Cond: ((k >= 3678828) AND (k <= 3678928))

explain: for range-notcovered :: explain SELECT k, c FROM sbtest%d WHERE k BETWEEN 4672954 AND 4673054for range-notcovered
table 1 : explain SELECT k, c FROM sbtest1 WHERE k BETWEEN 5027005 AND 5027105
	Bitmap Heap Scan on sbtest1  (cost=5.53..429.26 rows=107 width=125)
	  Recheck Cond: ((k >= 5027005) AND (k <= 5027105))
	  ->  Bitmap Index Scan on k_1  (cost=0.00..5.50 rows=107 width=0)
	        Index Cond: ((k >= 5027005) AND (k <= 5027105))

table 2 : explain SELECT k, c FROM sbtest2 WHERE k BETWEEN 5027005 AND 5027105
	Bitmap Heap Scan on sbtest2  (cost=5.51..421.34 rows=105 width=125)
	  Recheck Cond: ((k >= 5027005) AND (k <= 5027105))
	  ->  Bitmap Index Scan on k_2  (cost=0.00..5.48 rows=105 width=0)
	        Index Cond: ((k >= 5027005) AND (k <= 5027105))

table 3 : explain SELECT k, c FROM sbtest3 WHERE k BETWEEN 5027005 AND 5027105
	Bitmap Heap Scan on sbtest3  (cost=5.43..389.86 rows=97 width=125)
	  Recheck Cond: ((k >= 5027005) AND (k <= 5027105))
	  ->  Bitmap Index Scan on k_3  (cost=0.00..5.40 rows=97 width=0)
	        Index Cond: ((k >= 5027005) AND (k <= 5027105))

table 4 : explain SELECT k, c FROM sbtest4 WHERE k BETWEEN 5027005 AND 5027105
	Bitmap Heap Scan on sbtest4  (cost=5.39..374.15 rows=93 width=125)
	  Recheck Cond: ((k >= 5027005) AND (k <= 5027105))
	  ->  Bitmap Index Scan on k_4  (cost=0.00..5.36 rows=93 width=0)
	        Index Cond: ((k >= 5027005) AND (k <= 5027105))

table 5 : explain SELECT k, c FROM sbtest5 WHERE k BETWEEN 5027005 AND 5027105
	Bitmap Heap Scan on sbtest5  (cost=5.55..437.02 rows=109 width=125)
	  Recheck Cond: ((k >= 5027005) AND (k <= 5027105))
	  ->  Bitmap Index Scan on k_5  (cost=0.00..5.52 rows=109 width=0)
	        Index Cond: ((k >= 5027005) AND (k <= 5027105))

table 6 : explain SELECT k, c FROM sbtest6 WHERE k BETWEEN 5027005 AND 5027105
	Bitmap Heap Scan on sbtest6  (cost=5.49..413.46 rows=103 width=125)
	  Recheck Cond: ((k >= 5027005) AND (k <= 5027105))
	  ->  Bitmap Index Scan on k_6  (cost=0.00..5.46 rows=103 width=0)
	        Index Cond: ((k >= 5027005) AND (k <= 5027105))

table 7 : explain SELECT k, c FROM sbtest7 WHERE k BETWEEN 5027005 AND 5027105
	Bitmap Heap Scan on sbtest7  (cost=5.54..433.38 rows=108 width=125)
	  Recheck Cond: ((k >= 5027005) AND (k <= 5027105))
	  ->  Bitmap Index Scan on k_7  (cost=0.00..5.51 rows=108 width=0)
	        Index Cond: ((k >= 5027005) AND (k <= 5027105))

table 8 : explain SELECT k, c FROM sbtest8 WHERE k BETWEEN 5027005 AND 5027105
	Bitmap Heap Scan on sbtest8  (cost=5.46..401.76 rows=100 width=125)
	  Recheck Cond: ((k >= 5027005) AND (k <= 5027105))
	  ->  Bitmap Index Scan on k_8  (cost=0.00..5.43 rows=100 width=0)
	        Index Cond: ((k >= 5027005) AND (k <= 5027105))
explain: for range-notcovered :: explain SELECT k, c FROM sbtest%d WHERE k BETWEEN 5737215 AND 5737315
explain: for range-notcovered :: explain SELECT k, c FROM sbtest%d WHERE k BETWEEN 3899892 AND 3899992
for range-notcovered
table 1 : explain SELECT k, c FROM sbtest1 WHERE k BETWEEN 8565714 AND 8565814
	Bitmap Heap Scan on sbtest1  (cost=5.45..397.70 rows=99 width=125)
	  Recheck Cond: ((k >= 8565714) AND (k <= 8565814))
	  ->  Bitmap Index Scan on k_1  (cost=0.00..5.42 rows=99 width=0)
	        Index Cond: ((k >= 8565714) AND (k <= 8565814))

table 2 : explain SELECT k, c FROM sbtest2 WHERE k BETWEEN 8565714 AND 8565814
	Bitmap Heap Scan on sbtest2  (cost=5.52..425.28 rows=106 width=125)
	  Recheck Cond: ((k >= 8565714) AND (k <= 8565814))
	  ->  Bitmap Index Scan on k_2  (cost=0.00..5.50 rows=106 width=0)
	        Index Cond: ((k >= 8565714) AND (k <= 8565814))

table 3 : explain SELECT k, c FROM sbtest3 WHERE k BETWEEN 8565714 AND 8565814
	Bitmap Heap Scan on sbtest3  (cost=5.59..452.97 rows=113 width=125)
	  Recheck Cond: ((k >= 8565714) AND (k <= 8565814))
	  ->  Bitmap Index Scan on k_3  (cost=0.00..5.56 rows=113 width=0)
	        Index Cond: ((k >= 8565714) AND (k <= 8565814))

table 4 : explain SELECT k, c FROM sbtest4 WHERE k BETWEEN 8565714 AND 8565814
	Bitmap Heap Scan on sbtest4  (cost=5.43..389.94 rows=97 width=125)
	  Recheck Cond: ((k >= 8565714) AND (k <= 8565814))
	  ->  Bitmap Index Scan on k_4  (cost=0.00..5.40 rows=97 width=0)
	        Index Cond: ((k >= 8565714) AND (k <= 8565814))

table 5 : explain SELECT k, c FROM sbtest5 WHERE k BETWEEN 8565714 AND 8565814
	Bitmap Heap Scan on sbtest5  (cost=5.47..405.48 rows=101 width=125)
	  Recheck Cond: ((k >= 8565714) AND (k <= 8565814))
	  ->  Bitmap Index Scan on k_5  (cost=0.00..5.44 rows=101 width=0)
	        Index Cond: ((k >= 8565714) AND (k <= 8565814))

table 6 : explain SELECT k, c FROM sbtest6 WHERE k BETWEEN 8565714 AND 8565814
	Bitmap Heap Scan on sbtest6  (cost=5.42..385.84 rows=96 width=125)
	  Recheck Cond: ((k >= 8565714) AND (k <= 8565814))
	  ->  Bitmap Index Scan on k_6  (cost=0.00..5.39 rows=96 width=0)
	        Index Cond: ((k >= 8565714) AND (k <= 8565814))

table 7 : explain SELECT k, c FROM sbtest7 WHERE k BETWEEN 8565714 AND 8565814
	Bitmap Heap Scan on sbtest7  (cost=5.40..378.11 rows=94 width=125)
	  Recheck Cond: ((k >= 8565714) AND (k <= 8565814))
	  ->  Bitmap Index Scan on k_7  (cost=0.00..5.38 rows=94 width=0)
	        Index Cond: ((k >= 8565714) AND (k <= 8565814))

table 8 : explain SELECT k, c FROM sbtest8 WHERE k BETWEEN 8565714 AND 8565814
	Bitmap Heap Scan on sbtest8  (cost=5.46..401.76 rows=100 width=125)
	  Recheck Cond: ((k >= 8565714) AND (k <= 8565814))
	  ->  Bitmap Index Scan on k_8  (cost=0.00..5.43 rows=100 width=0)
	        Index Cond: ((k >= 8565714) AND (k <= 8565814))



explain: for range-notcovered :: explain SELECT k, c FROM sbtest%d WHERE k BETWEEN 3678828 AND 3678928
explain: for range-notcovered :: explain SELECT k, c FROM sbtest%d WHERE k BETWEEN 5027005 AND 5027105
explain: for range-notcovered :: explain SELECT k, c FROM sbtest%d WHERE k BETWEEN 8565714 AND 8565814
for range-notcovered
table 1 : explain SELECT k, c FROM sbtest1 WHERE k BETWEEN 4955123 AND 4955223
	Bitmap Heap Scan on sbtest1  (cost=5.53..429.26 rows=107 width=125)
	  Recheck Cond: ((k >= 4955123) AND (k <= 4955223))
	  ->  Bitmap Index Scan on k_1  (cost=0.00..5.50 rows=107 width=0)
	        Index Cond: ((k >= 4955123) AND (k <= 4955223))

table 2 : explain SELECT k, c FROM sbtest2 WHERE k BETWEEN 4955123 AND 4955223
	Bitmap Heap Scan on sbtest2  (cost=5.51..421.34 rows=105 width=125)
	  Recheck Cond: ((k >= 4955123) AND (k <= 4955223))
	  ->  Bitmap Index Scan on k_2  (cost=0.00..5.48 rows=105 width=0)
	        Index Cond: ((k >= 4955123) AND (k <= 4955223))

table 3 : explain SELECT k, c FROM sbtest3 WHERE k BETWEEN 4955123 AND 4955223
	Bitmap Heap Scan on sbtest3  (cost=5.41..381.97 rows=95 width=125)
	  Recheck Cond: ((k >= 4955123) AND (k <= 4955223))
	  ->  Bitmap Index Scan on k_3  (cost=0.00..5.38 rows=95 width=0)
	        Index Cond: ((k >= 4955123) AND (k <= 4955223))

table 4 : explain SELECT k, c FROM sbtest4 WHERE k BETWEEN 4955123 AND 4955223
	Bitmap Heap Scan on sbtest4  (cost=5.40..378.10 rows=94 width=125)
	  Recheck Cond: ((k >= 4955123) AND (k <= 4955223))
	  ->  Bitmap Index Scan on k_4  (cost=0.00..5.38 rows=94 width=0)
	        Index Cond: ((k >= 4955123) AND (k <= 4955223))

table 5 : explain SELECT k, c FROM sbtest5 WHERE k BETWEEN 4955123 AND 4955223
	Bitmap Heap Scan on sbtest5  (cost=5.49..413.37 rows=103 width=125)
	  Recheck Cond: ((k >= 4955123) AND (k <= 4955223))
	  ->  Bitmap Index Scan on k_5  (cost=0.00..5.46 rows=103 width=0)
	        Index Cond: ((k >= 4955123) AND (k <= 4955223))

table 6 : explain SELECT k, c FROM sbtest6 WHERE k BETWEEN 4955123 AND 4955223
	Bitmap Heap Scan on sbtest6  (cost=5.46..401.63 rows=100 width=125)
	  Recheck Cond: ((k >= 4955123) AND (k <= 4955223))
	  ->  Bitmap Index Scan on k_6  (cost=0.00..5.43 rows=100 width=0)
	        Index Cond: ((k >= 4955123) AND (k <= 4955223))

table 7 : explain SELECT k, c FROM sbtest7 WHERE k BETWEEN 4955123 AND 4955223
	Bitmap Heap Scan on sbtest7  (cost=5.47..405.76 rows=101 width=125)
	  Recheck Cond: ((k >= 4955123) AND (k <= 4955223))
	  ->  Bitmap Index Scan on k_7  (cost=0.00..5.44 rows=101 width=0)
	        Index Cond: ((k >= 4955123) AND (k <= 4955223))

table 8 : explain SELECT k, c FROM sbtest8 WHERE k BETWEEN 4955123 AND 4955223
	Bitmap Heap Scan on sbtest8  (cost=5.37..366.22 rows=91 width=125)
	  Recheck Cond: ((k >= 4955123) AND (k <= 4955223))
	  ->  Bitmap Index Scan on k_8  (cost=0.00..5.34 rows=91 width=0)
	        Index Cond: ((k >= 4955123) AND (k <= 4955223))

explain: for range-notcovered :: explain SELECT k, c FROM sbtest%d WHERE k BETWEEN 4955123 AND 4955223
for range-notcovered
table 1 : explain SELECT k, c FROM sbtest1 WHERE k BETWEEN 7109743 AND 7109843
	Bitmap Heap Scan on sbtest1  (cost=5.51..421.37 rows=105 width=125)
	  Recheck Cond: ((k >= 7109743) AND (k <= 7109843))
	  ->  Bitmap Index Scan on k_1  (cost=0.00..5.48 rows=105 width=0)
	        Index Cond: ((k >= 7109743) AND (k <= 7109843))

table 2 : explain SELECT k, c FROM sbtest2 WHERE k BETWEEN 7109743 AND 7109843
	Bitmap Heap Scan on sbtest2  (cost=5.44..393.73 rows=98 width=125)
	  Recheck Cond: ((k >= 7109743) AND (k <= 7109843))
	  ->  Bitmap Index Scan on k_2  (cost=0.00..5.42 rows=98 width=0)
	        Index Cond: ((k >= 7109743) AND (k <= 7109843))

table 3 : explain SELECT k, c FROM sbtest3 WHERE k BETWEEN 7109743 AND 7109843
	Bitmap Heap Scan on sbtest3  (cost=5.47..405.65 rows=101 width=125)
	  Recheck Cond: ((k >= 7109743) AND (k <= 7109843))
	  ->  Bitmap Index Scan on k_3  (cost=0.00..5.44 rows=101 width=0)
	        Index Cond: ((k >= 7109743) AND (k <= 7109843))

table 4 : explain SELECT k, c FROM sbtest4 WHERE k BETWEEN 7109743 AND 7109843
	Bitmap Heap Scan on sbtest4  (cost=5.49..413.63 rows=103 width=125)
	  Recheck Cond: ((k >= 7109743) AND (k <= 7109843))
	  ->  Bitmap Index Scan on k_4  (cost=0.00..5.46 rows=103 width=0)
	        Index Cond: ((k >= 7109743) AND (k <= 7109843))

table 5 : explain SELECT k, c FROM sbtest5 WHERE k BETWEEN 7109743 AND 7109843
	Bitmap Heap Scan on sbtest5  (cost=5.50..417.31 rows=104 width=125)
	  Recheck Cond: ((k >= 7109743) AND (k <= 7109843))
	  ->  Bitmap Index Scan on k_5  (cost=0.00..5.47 rows=104 width=0)
	        Index Cond: ((k >= 7109743) AND (k <= 7109843))

table 6 : explain SELECT k, c FROM sbtest6 WHERE k BETWEEN 7109743 AND 7109843
	Bitmap Heap Scan on sbtest6  (cost=5.44..393.74 rows=98 width=125)
	  Recheck Cond: ((k >= 7109743) AND (k <= 7109843))
	  ->  Bitmap Index Scan on k_6  (cost=0.00..5.42 rows=98 width=0)
	        Index Cond: ((k >= 7109743) AND (k <= 7109843))

table 7 : explain SELECT k, c FROM sbtest7 WHERE k BETWEEN 7109743 AND 7109843
	Bitmap Heap Scan on sbtest7  (cost=5.54..433.38 rows=108 width=125)
	  Recheck Cond: ((k >= 7109743) AND (k <= 7109843))
	  ->  Bitmap Index Scan on k_7  (cost=0.00..5.51 rows=108 width=0)
	        Index Cond: ((k >= 7109743) AND (k <= 7109843))

table 8 : explain SELECT k, c FROM sbtest8 WHERE k BETWEEN 7109743 AND 7109843
	Bitmap Heap Scan on sbtest8  (cost=5.50..417.54 rows=104 width=125)
	  Recheck Cond: ((k >= 7109743) AND (k <= 7109843))
	  ->  Bitmap Index Scan on k_8  (cost=0.00..5.47 rows=104 width=0)
	        Index Cond: ((k >= 7109743) AND (k <= 7109843))

for range-notcovered
table 1 : explain SELECT k, c FROM sbtest1 WHERE k BETWEEN 4737451 AND 4737551
	Bitmap Heap Scan on sbtest1  (cost=5.42..385.86 rows=96 width=125)
	  Recheck Cond: ((k >= 4737451) AND (k <= 4737551))
	  ->  Bitmap Index Scan on k_1  (cost=0.00..5.39 rows=96 width=0)
	        Index Cond: ((k >= 4737451) AND (k <= 4737551))

table 2 : explain SELECT k, c FROM sbtest2 WHERE k BETWEEN 4737451 AND 4737551
	Bitmap Heap Scan on sbtest2  (cost=5.46..401.62 rows=100 width=125)
	  Recheck Cond: ((k >= 4737451) AND (k <= 4737551))
	  ->  Bitmap Index Scan on k_2  (cost=0.00..5.43 rows=100 width=0)
	        Index Cond: ((k >= 4737451) AND (k <= 4737551))

table 3 : explain SELECT k, c FROM sbtest3 WHERE k BETWEEN 4737451 AND 4737551
	Bitmap Heap Scan on sbtest3  (cost=5.48..409.59 rows=102 width=125)
	  Recheck Cond: ((k >= 4737451) AND (k <= 4737551))
	  ->  Bitmap Index Scan on k_3  (cost=0.00..5.45 rows=102 width=0)
	        Index Cond: ((k >= 4737451) AND (k <= 4737551))

table 4 : explain SELECT k, c FROM sbtest4 WHERE k BETWEEN 4737451 AND 4737551
	Bitmap Heap Scan on sbtest4  (cost=5.48..409.68 rows=102 width=125)
	  Recheck Cond: ((k >= 4737451) AND (k <= 4737551))
	  ->  Bitmap Index Scan on k_4  (cost=0.00..5.45 rows=102 width=0)
	        Index Cond: ((k >= 4737451) AND (k <= 4737551))

table 5 : explain SELECT k, c FROM sbtest5 WHERE k BETWEEN 4737451 AND 4737551
	Bitmap Heap Scan on sbtest5  (cost=5.67..480.34 rows=120 width=125)
	  Recheck Cond: ((k >= 4737451) AND (k <= 4737551))
	  ->  Bitmap Index Scan on k_5  (cost=0.00..5.63 rows=120 width=0)
	        Index Cond: ((k >= 4737451) AND (k <= 4737551))

table 6 : explain SELECT k, c FROM sbtest6 WHERE k BETWEEN 4737451 AND 4737551
	Bitmap Heap Scan on sbtest6  (cost=5.57..445.00 rows=111 width=125)
	  Recheck Cond: ((k >= 4737451) AND (k <= 4737551))
	  ->  Bitmap Index Scan on k_6  (cost=0.00..5.54 rows=111 width=0)
	        Index Cond: ((k >= 4737451) AND (k <= 4737551))

table 7 : explain SELECT k, c FROM sbtest7 WHERE k BETWEEN 4737451 AND 4737551
	Bitmap Heap Scan on sbtest7  (cost=5.51..421.54 rows=105 width=125)
	  Recheck Cond: ((k >= 4737451) AND (k <= 4737551))
	  ->  Bitmap Index Scan on k_7  (cost=0.00..5.48 rows=105 width=0)
	        Index Cond: ((k >= 4737451) AND (k <= 4737551))

table 8 : explain SELECT k, c FROM sbtest8 WHERE k BETWEEN 4737451 AND 4737551
	Bitmap Heap Scan on sbtest8  (cost=5.51..421.49 rows=105 width=125)
	  Recheck Cond: ((k >= 4737451) AND (k <= 4737551))
	  ->  Bitmap Index Scan on k_8  (cost=0.00..5.48 rows=105 width=0)
	        Index Cond: ((k >= 4737451) AND (k <= 4737551))

for range-notcovered
table 1 : explain SELECT k, c FROM sbtest1 WHERE k BETWEEN 6233800 AND 6233900
	Bitmap Heap Scan on sbtest1  (cost=5.46..401.65 rows=100 width=125)
	  Recheck Cond: ((k >= 6233800) AND (k <= 6233900))
	  ->  Bitmap Index Scan on k_1  (cost=0.00..5.43 rows=100 width=0)
	        Index Cond: ((k >= 6233800) AND (k <= 6233900))

table 2 : explain SELECT k, c FROM sbtest2 WHERE k BETWEEN 6233800 AND 6233900
	Bitmap Heap Scan on sbtest2  (cost=5.55..437.11 rows=109 width=125)
	  Recheck Cond: ((k >= 6233800) AND (k <= 6233900))
	  ->  Bitmap Index Scan on k_2  (cost=0.00..5.52 rows=109 width=0)
	        Index Cond: ((k >= 6233800) AND (k <= 6233900))

table 3 : explain SELECT k, c FROM sbtest3 WHERE k BETWEEN 6233800 AND 6233900
	Bitmap Heap Scan on sbtest3  (cost=5.42..385.91 rows=96 width=125)
	  Recheck Cond: ((k >= 6233800) AND (k <= 6233900))
	  ->  Bitmap Index Scan on k_3  (cost=0.00..5.39 rows=96 width=0)
	        Index Cond: ((k >= 6233800) AND (k <= 6233900))

table 4 : explain SELECT k, c FROM sbtest4 WHERE k BETWEEN 6233800 AND 6233900
	Bitmap Heap Scan on sbtest4  (cost=5.49..413.63 rows=103 width=125)
	  Recheck Cond: ((k >= 6233800) AND (k <= 6233900))
	  ->  Bitmap Index Scan on k_4  (cost=0.00..5.46 rows=103 width=0)
	        Index Cond: ((k >= 6233800) AND (k <= 6233900))

table 5 : explain SELECT k, c FROM sbtest5 WHERE k BETWEEN 6233800 AND 6233900
	Bitmap Heap Scan on sbtest5  (cost=5.48..409.43 rows=102 width=125)
	  Recheck Cond: ((k >= 6233800) AND (k <= 6233900))
	  ->  Bitmap Index Scan on k_5  (cost=0.00..5.45 rows=102 width=0)
	        Index Cond: ((k >= 6233800) AND (k <= 6233900))

table 6 : explain SELECT k, c FROM sbtest6 WHERE k BETWEEN 6233800 AND 6233900
	Bitmap Heap Scan on sbtest6  (cost=5.45..397.68 rows=99 width=125)
	  Recheck Cond: ((k >= 6233800) AND (k <= 6233900))
	  ->  Bitmap Index Scan on k_6  (cost=0.00..5.42 rows=99 width=0)
	        Index Cond: ((k >= 6233800) AND (k <= 6233900))

table 7 : explain SELECT k, c FROM sbtest7 WHERE k BETWEEN 6233800 AND 6233900
	Bitmap Heap Scan on sbtest7  (cost=5.42..386.01 rows=96 width=125)
	  Recheck Cond: ((k >= 6233800) AND (k <= 6233900))
	  ->  Bitmap Index Scan on k_7  (cost=0.00..5.39 rows=96 width=0)
	        Index Cond: ((k >= 6233800) AND (k <= 6233900))

table 8 : explain SELECT k, c FROM sbtest8 WHERE k BETWEEN 6233800 AND 6233900
	Bitmap Heap Scan on sbtest8  (cost=5.52..425.43 rows=106 width=125)
	  Recheck Cond: ((k >= 6233800) AND (k <= 6233900))
	  ->  Bitmap Index Scan on k_8  (cost=0.00..5.50 rows=106 width=0)
	        Index Cond: ((k >= 6233800) AND (k <= 6233900))

for range-notcovered
table 1 : explain SELECT k, c FROM sbtest1 WHERE k BETWEEN 7343446 AND 7343546
	Bitmap Heap Scan on sbtest1  (cost=5.52..425.31 rows=106 width=125)
	  Recheck Cond: ((k >= 7343446) AND (k <= 7343546))
	  ->  Bitmap Index Scan on k_1  (cost=0.00..5.50 rows=106 width=0)
	        Index Cond: ((k >= 7343446) AND (k <= 7343546))

table 2 : explain SELECT k, c FROM sbtest2 WHERE k BETWEEN 7343446 AND 7343546
	Bitmap Heap Scan on sbtest2  (cost=5.46..401.62 rows=100 width=125)
	  Recheck Cond: ((k >= 7343446) AND (k <= 7343546))
	  ->  Bitmap Index Scan on k_2  (cost=0.00..5.43 rows=100 width=0)
	        Index Cond: ((k >= 7343446) AND (k <= 7343546))

table 3 : explain SELECT k, c FROM sbtest3 WHERE k BETWEEN 7343446 AND 7343546
	Bitmap Heap Scan on sbtest3  (cost=5.50..417.49 rows=104 width=125)
	  Recheck Cond: ((k >= 7343446) AND (k <= 7343546))
	  ->  Bitmap Index Scan on k_3  (cost=0.00..5.47 rows=104 width=0)
	        Index Cond: ((k >= 7343446) AND (k <= 7343546))

table 4 : explain SELECT k, c FROM sbtest4 WHERE k BETWEEN 7343446 AND 7343546
	Bitmap Heap Scan on sbtest4  (cost=5.42..385.99 rows=96 width=125)
	  Recheck Cond: ((k >= 7343446) AND (k <= 7343546))
	  ->  Bitmap Index Scan on k_4  (cost=0.00..5.39 rows=96 width=0)
	        Index Cond: ((k >= 7343446) AND (k <= 7343546))

table 5 : explain SELECT k, c FROM sbtest5 WHERE k BETWEEN 7343446 AND 7343546
	Bitmap Heap Scan on sbtest5  (cost=5.53..429.14 rows=107 width=125)
	  Recheck Cond: ((k >= 7343446) AND (k <= 7343546))
	  ->  Bitmap Index Scan on k_5  (cost=0.00..5.50 rows=107 width=0)
	        Index Cond: ((k >= 7343446) AND (k <= 7343546))

table 6 : explain SELECT k, c FROM sbtest6 WHERE k BETWEEN 7343446 AND 7343546
	Bitmap Heap Scan on sbtest6  (cost=5.56..441.06 rows=110 width=125)
	  Recheck Cond: ((k >= 7343446) AND (k <= 7343546))
	  ->  Bitmap Index Scan on k_6  (cost=0.00..5.53 rows=110 width=0)
	        Index Cond: ((k >= 7343446) AND (k <= 7343546))

table 7 : explain SELECT k, c FROM sbtest7 WHERE k BETWEEN 7343446 AND 7343546
	Bitmap Heap Scan on sbtest7  (cost=5.44..393.91 rows=98 width=125)
	  Recheck Cond: ((k >= 7343446) AND (k <= 7343546))
	  ->  Bitmap Index Scan on k_7  (cost=0.00..5.42 rows=98 width=0)
	        Index Cond: ((k >= 7343446) AND (k <= 7343546))

table 8 : explain SELECT k, c FROM sbtest8 WHERE k BETWEEN 7343446 AND 7343546
	Bitmap Heap Scan on sbtest8  (cost=5.55..437.27 rows=109 width=125)
	  Recheck Cond: ((k >= 7343446) AND (k <= 7343546))
	  ->  Bitmap Index Scan on k_8  (cost=0.00..5.52 rows=109 width=0)
	        Index Cond: ((k >= 7343446) AND (k <= 7343546))

explain: for range-notcovered :: explain SELECT k, c FROM sbtest%d WHERE k BETWEEN 7109743 AND 7109843
explain: for range-notcovered :: explain SELECT k, c FROM sbtest%d WHERE k BETWEEN 4737451 AND 4737551
explain: for range-notcovered :: explain SELECT k, c FROM sbtest%d WHERE k BETWEEN 6233800 AND 6233900
for range-notcovered
table 1 : explain SELECT k, c FROM sbtest1 WHERE k BETWEEN 5523118 AND 5523218
	Bitmap Heap Scan on sbtest1  (cost=5.47..405.59 rows=101 width=125)
	  Recheck Cond: ((k >= 5523118) AND (k <= 5523218))
	  ->  Bitmap Index Scan on k_1  (cost=0.00..5.44 rows=101 width=0)
	        Index Cond: ((k >= 5523118) AND (k <= 5523218))

table 2 : explain SELECT k, c FROM sbtest2 WHERE k BETWEEN 5523118 AND 5523218
	Bitmap Heap Scan on sbtest2  (cost=5.48..409.51 rows=102 width=125)
	  Recheck Cond: ((k >= 5523118) AND (k <= 5523218))
	  ->  Bitmap Index Scan on k_2  (cost=0.00..5.45 rows=102 width=0)
	        Index Cond: ((k >= 5523118) AND (k <= 5523218))

table 3 : explain SELECT k, c FROM sbtest3 WHERE k BETWEEN 5523118 AND 5523218
	Bitmap Heap Scan on sbtest3  (cost=5.58..449.03 rows=112 width=125)
	  Recheck Cond: ((k >= 5523118) AND (k <= 5523218))
	  ->  Bitmap Index Scan on k_3  (cost=0.00..5.55 rows=112 width=0)
	        Index Cond: ((k >= 5523118) AND (k <= 5523218))

table 4 : explain SELECT k, c FROM sbtest4 WHERE k BETWEEN 5523118 AND 5523218
	Bitmap Heap Scan on sbtest4  (cost=5.49..413.63 rows=103 width=125)
	  Recheck Cond: ((k >= 5523118) AND (k <= 5523218))
	  ->  Bitmap Index Scan on k_4  (cost=0.00..5.46 rows=103 width=0)
	        Index Cond: ((k >= 5523118) AND (k <= 5523218))

table 5 : explain SELECT k, c FROM sbtest5 WHERE k BETWEEN 5523118 AND 5523218
	Bitmap Heap Scan on sbtest5  (cost=5.58..448.84 rows=112 width=125)
	  Recheck Cond: ((k >= 5523118) AND (k <= 5523218))
	  ->  Bitmap Index Scan on k_5  (cost=0.00..5.55 rows=112 width=0)
	        Index Cond: ((k >= 5523118) AND (k <= 5523218))

table 6 : explain SELECT k, c FROM sbtest6 WHERE k BETWEEN 5523118 AND 5523218
	Bitmap Heap Scan on sbtest6  (cost=5.54..433.18 rows=108 width=125)
	  Recheck Cond: ((k >= 5523118) AND (k <= 5523218))
	  ->  Bitmap Index Scan on k_6  (cost=0.00..5.51 rows=108 width=0)
	        Index Cond: ((k >= 5523118) AND (k <= 5523218))

table 7 : explain SELECT k, c FROM sbtest7 WHERE k BETWEEN 5523118 AND 5523218
	Bitmap Heap Scan on sbtest7  (cost=5.44..393.91 rows=98 width=125)
	  Recheck Cond: ((k >= 5523118) AND (k <= 5523218))
	  ->  Bitmap Index Scan on k_7  (cost=0.00..5.42 rows=98 width=0)
	        Index Cond: ((k >= 5523118) AND (k <= 5523218))

table 8 : explain SELECT k, c FROM sbtest8 WHERE k BETWEEN 5523118 AND 5523218
	Bitmap Heap Scan on sbtest8  (cost=5.40..378.07 rows=94 width=125)
	  Recheck Cond: ((k >= 5523118) AND (k <= 5523218))
	  ->  Bitmap Index Scan on k_8  (cost=0.00..5.38 rows=94 width=0)
	        Index Cond: ((k >= 5523118) AND (k <= 5523218))

explain: for range-notcovered :: explain SELECT k, c FROM sbtest%d WHERE k BETWEEN 7343446 AND 7343546
explain: for range-notcovered :: explain SELECT k, c FROM sbtest%d WHERE k BETWEEN 5523118 AND 5523218
for range-notcovered
table 1 : explain SELECT k, c FROM sbtest1 WHERE k BETWEEN 5737215 AND 5737315
	Bitmap Heap Scan on sbtest1  (cost=5.45..397.70 rows=99 width=125)
	  Recheck Cond: ((k >= 5737215) AND (k <= 5737315))
	  ->  Bitmap Index Scan on k_1  (cost=0.00..5.42 rows=99 width=0)
	        Index Cond: ((k >= 5737215) AND (k <= 5737315))

table 2 : explain SELECT k, c FROM sbtest2 WHERE k BETWEEN 5737215 AND 5737315
	Bitmap Heap Scan on sbtest2  (cost=5.61..460.75 rows=115 width=125)
	  Recheck Cond: ((k >= 5737215) AND (k <= 5737315))
	  ->  Bitmap Index Scan on k_2  (cost=0.00..5.58 rows=115 width=0)
	        Index Cond: ((k >= 5737215) AND (k <= 5737315))

table 3 : explain SELECT k, c FROM sbtest3 WHERE k BETWEEN 5737215 AND 5737315
	Bitmap Heap Scan on sbtest3  (cost=5.43..389.86 rows=97 width=125)
	  Recheck Cond: ((k >= 5737215) AND (k <= 5737315))
	  ->  Bitmap Index Scan on k_3  (cost=0.00..5.40 rows=97 width=0)
	        Index Cond: ((k >= 5737215) AND (k <= 5737315))

table 4 : explain SELECT k, c FROM sbtest4 WHERE k BETWEEN 5737215 AND 5737315
	Bitmap Heap Scan on sbtest4  (cost=5.46..401.79 rows=100 width=125)
	  Recheck Cond: ((k >= 5737215) AND (k <= 5737315))
	  ->  Bitmap Index Scan on k_4  (cost=0.00..5.43 rows=100 width=0)
	        Index Cond: ((k >= 5737215) AND (k <= 5737315))

table 5 : explain SELECT k, c FROM sbtest5 WHERE k BETWEEN 5737215 AND 5737315
	Bitmap Heap Scan on sbtest5  (cost=5.48..409.43 rows=102 width=125)
	  Recheck Cond: ((k >= 5737215) AND (k <= 5737315))
	  ->  Bitmap Index Scan on k_5  (cost=0.00..5.45 rows=102 width=0)
	        Index Cond: ((k >= 5737215) AND (k <= 5737315))

table 6 : explain SELECT k, c FROM sbtest6 WHERE k BETWEEN 5737215 AND 5737315
	Bitmap Heap Scan on sbtest6  (cost=5.56..441.06 rows=110 width=125)
	  Recheck Cond: ((k >= 5737215) AND (k <= 5737315))
	  ->  Bitmap Index Scan on k_6  (cost=0.00..5.53 rows=110 width=0)
	        Index Cond: ((k >= 5737215) AND (k <= 5737315))

table 7 : explain SELECT k, c FROM sbtest7 WHERE k BETWEEN 5737215 AND 5737315
	Bitmap Heap Scan on sbtest7  (cost=5.40..378.11 rows=94 width=125)
	  Recheck Cond: ((k >= 5737215) AND (k <= 5737315))
	  ->  Bitmap Index Scan on k_7  (cost=0.00..5.38 rows=94 width=0)
	        Index Cond: ((k >= 5737215) AND (k <= 5737315))

table 8 : explain SELECT k, c FROM sbtest8 WHERE k BETWEEN 5737215 AND 5737315
	Bitmap Heap Scan on sbtest8  (cost=5.49..413.60 rows=103 width=125)
	  Recheck Cond: ((k >= 5737215) AND (k <= 5737315))
	  ->  Bitmap Index Scan on k_8  (cost=0.00..5.46 rows=103 width=0)
	        Index Cond: ((k >= 5737215) AND (k <= 5737315))

for range-notcovered
table 1 : explain SELECT k, c FROM sbtest1 WHERE k BETWEEN 5016461 AND 5016561
	Bitmap Heap Scan on sbtest1  (cost=5.53..429.26 rows=107 width=125)
	  Recheck Cond: ((k >= 5016461) AND (k <= 5016561))
	  ->  Bitmap Index Scan on k_1  (cost=0.00..5.50 rows=107 width=0)
	        Index Cond: ((k >= 5016461) AND (k <= 5016561))

table 2 : explain SELECT k, c FROM sbtest2 WHERE k BETWEEN 5016461 AND 5016561
	Bitmap Heap Scan on sbtest2  (cost=5.51..421.34 rows=105 width=125)
	  Recheck Cond: ((k >= 5016461) AND (k <= 5016561))
	  ->  Bitmap Index Scan on k_2  (cost=0.00..5.48 rows=105 width=0)
	        Index Cond: ((k >= 5016461) AND (k <= 5016561))

table 3 : explain SELECT k, c FROM sbtest3 WHERE k BETWEEN 5016461 AND 5016561
	Bitmap Heap Scan on sbtest3  (cost=5.43..389.86 rows=97 width=125)
	  Recheck Cond: ((k >= 5016461) AND (k <= 5016561))
	  ->  Bitmap Index Scan on k_3  (cost=0.00..5.40 rows=97 width=0)
	        Index Cond: ((k >= 5016461) AND (k <= 5016561))

table 4 : explain SELECT k, c FROM sbtest4 WHERE k BETWEEN 5016461 AND 5016561
	Bitmap Heap Scan on sbtest4  (cost=5.39..374.15 rows=93 width=125)
	  Recheck Cond: ((k >= 5016461) AND (k <= 5016561))
	  ->  Bitmap Index Scan on k_4  (cost=0.00..5.36 rows=93 width=0)
	        Index Cond: ((k >= 5016461) AND (k <= 5016561))

table 5 : explain SELECT k, c FROM sbtest5 WHERE k BETWEEN 5016461 AND 5016561
	Bitmap Heap Scan on sbtest5  (cost=5.55..437.02 rows=109 width=125)
	  Recheck Cond: ((k >= 5016461) AND (k <= 5016561))
	  ->  Bitmap Index Scan on k_5  (cost=0.00..5.52 rows=109 width=0)
	        Index Cond: ((k >= 5016461) AND (k <= 5016561))

table 6 : explain SELECT k, c FROM sbtest6 WHERE k BETWEEN 5016461 AND 5016561
	Bitmap Heap Scan on sbtest6  (cost=5.49..413.46 rows=103 width=125)
	  Recheck Cond: ((k >= 5016461) AND (k <= 5016561))
	  ->  Bitmap Index Scan on k_6  (cost=0.00..5.46 rows=103 width=0)
	        Index Cond: ((k >= 5016461) AND (k <= 5016561))

table 7 : explain SELECT k, c FROM sbtest7 WHERE k BETWEEN 5016461 AND 5016561
	Bitmap Heap Scan on sbtest7  (cost=5.54..433.38 rows=108 width=125)
	  Recheck Cond: ((k >= 5016461) AND (k <= 5016561))
	  ->  Bitmap Index Scan on k_7  (cost=0.00..5.51 rows=108 width=0)
	        Index Cond: ((k >= 5016461) AND (k <= 5016561))

table 8 : explain SELECT k, c FROM sbtest8 WHERE k BETWEEN 5016461 AND 5016561
	Bitmap Heap Scan on sbtest8  (cost=5.46..401.76 rows=100 width=125)
	  Recheck Cond: ((k >= 5016461) AND (k <= 5016561))
	  ->  Bitmap Index Scan on k_8  (cost=0.00..5.43 rows=100 width=0)
	        Index Cond: ((k >= 5016461) AND (k <= 5016561))

for range-notcovered
table 1 : explain SELECT k, c FROM sbtest1 WHERE k BETWEEN 3899892 AND 3899992
	Bitmap Heap Scan on sbtest1  (cost=5.53..429.26 rows=107 width=125)
	  Recheck Cond: ((k >= 3899892) AND (k <= 3899992))
	  ->  Bitmap Index Scan on k_1  (cost=0.00..5.50 rows=107 width=0)
	        Index Cond: ((k >= 3899892) AND (k <= 3899992))

table 2 : explain SELECT k, c FROM sbtest2 WHERE k BETWEEN 3899892 AND 3899992
	Bitmap Heap Scan on sbtest2  (cost=5.50..417.39 rows=104 width=125)
	  Recheck Cond: ((k >= 3899892) AND (k <= 3899992))
	  ->  Bitmap Index Scan on k_2  (cost=0.00..5.47 rows=104 width=0)
	        Index Cond: ((k >= 3899892) AND (k <= 3899992))

table 3 : explain SELECT k, c FROM sbtest3 WHERE k BETWEEN 3899892 AND 3899992
	Bitmap Heap Scan on sbtest3  (cost=5.51..421.43 rows=105 width=125)
	  Recheck Cond: ((k >= 3899892) AND (k <= 3899992))
	  ->  Bitmap Index Scan on k_3  (cost=0.00..5.48 rows=105 width=0)
	        Index Cond: ((k >= 3899892) AND (k <= 3899992))

table 4 : explain SELECT k, c FROM sbtest4 WHERE k BETWEEN 3899892 AND 3899992
	Bitmap Heap Scan on sbtest4  (cost=5.57..445.19 rows=111 width=125)
	  Recheck Cond: ((k >= 3899892) AND (k <= 3899992))
	  ->  Bitmap Index Scan on k_4  (cost=0.00..5.54 rows=111 width=0)
	        Index Cond: ((k >= 3899892) AND (k <= 3899992))

table 5 : explain SELECT k, c FROM sbtest5 WHERE k BETWEEN 3899892 AND 3899992
	Bitmap Heap Scan on sbtest5  (cost=5.36..362.08 rows=90 width=125)
	  Recheck Cond: ((k >= 3899892) AND (k <= 3899992))
	  ->  Bitmap Index Scan on k_5  (cost=0.00..5.33 rows=90 width=0)
	        Index Cond: ((k >= 3899892) AND (k <= 3899992))

table 6 : explain SELECT k, c FROM sbtest6 WHERE k BETWEEN 3899892 AND 3899992
	Bitmap Heap Scan on sbtest6  (cost=5.59..452.88 rows=113 width=125)
	  Recheck Cond: ((k >= 3899892) AND (k <= 3899992))
	  ->  Bitmap Index Scan on k_6  (cost=0.00..5.56 rows=113 width=0)
	        Index Cond: ((k >= 3899892) AND (k <= 3899992))

table 7 : explain SELECT k, c FROM sbtest7 WHERE k BETWEEN 3899892 AND 3899992
	Bitmap Heap Scan on sbtest7  (cost=5.56..441.27 rows=110 width=125)
	  Recheck Cond: ((k >= 3899892) AND (k <= 3899992))
	  ->  Bitmap Index Scan on k_7  (cost=0.00..5.53 rows=110 width=0)
	        Index Cond: ((k >= 3899892) AND (k <= 3899992))

table 8 : explain SELECT k, c FROM sbtest8 WHERE k BETWEEN 3899892 AND 3899992
	Bitmap Heap Scan on sbtest8  (cost=5.58..449.10 rows=112 width=125)
	  Recheck Cond: ((k >= 3899892) AND (k <= 3899992))
	  ->  Bitmap Index Scan on k_8  (cost=0.00..5.55 rows=112 width=0)
	        Index Cond: ((k >= 3899892) AND (k <= 3899992))

explain: for range-notcovered :: explain SELECT k, c FROM sbtest%d WHERE k BETWEEN 3899892 AND 3899992
explain: for range-notcovered :: explain SELECT k, c FROM sbtest%d WHERE k BETWEEN 5016461 AND 5016561
for range-notcovered
table 1 : explain SELECT k, c FROM sbtest1 WHERE k BETWEEN 4672954 AND 4673054
	Bitmap Heap Scan on sbtest1  (cost=5.52..425.31 rows=106 width=125)
	  Recheck Cond: ((k >= 4672954) AND (k <= 4673054))
	  ->  Bitmap Index Scan on k_1  (cost=0.00..5.50 rows=106 width=0)
	        Index Cond: ((k >= 4672954) AND (k <= 4673054))

table 2 : explain SELECT k, c FROM sbtest2 WHERE k BETWEEN 4672954 AND 4673054
	Bitmap Heap Scan on sbtest2  (cost=5.46..401.62 rows=100 width=125)
	  Recheck Cond: ((k >= 4672954) AND (k <= 4673054))
	  ->  Bitmap Index Scan on k_2  (cost=0.00..5.43 rows=100 width=0)
	        Index Cond: ((k >= 4672954) AND (k <= 4673054))

table 3 : explain SELECT k, c FROM sbtest3 WHERE k BETWEEN 4672954 AND 4673054
	Bitmap Heap Scan on sbtest3  (cost=5.59..452.97 rows=113 width=125)
	  Recheck Cond: ((k >= 4672954) AND (k <= 4673054))
	  ->  Bitmap Index Scan on k_3  (cost=0.00..5.56 rows=113 width=0)
	        Index Cond: ((k >= 4672954) AND (k <= 4673054))

table 4 : explain SELECT k, c FROM sbtest4 WHERE k BETWEEN 4672954 AND 4673054
	Bitmap Heap Scan on sbtest4  (cost=5.54..433.36 rows=108 width=125)
	  Recheck Cond: ((k >= 4672954) AND (k <= 4673054))
	  ->  Bitmap Index Scan on k_4  (cost=0.00..5.51 rows=108 width=0)
	        Index Cond: ((k >= 4672954) AND (k <= 4673054))

table 5 : explain SELECT k, c FROM sbtest5 WHERE k BETWEEN 4672954 AND 4673054
	Bitmap Heap Scan on sbtest5  (cost=5.50..417.31 rows=104 width=125)
	  Recheck Cond: ((k >= 4672954) AND (k <= 4673054))
	  ->  Bitmap Index Scan on k_5  (cost=0.00..5.47 rows=104 width=0)
	        Index Cond: ((k >= 4672954) AND (k <= 4673054))

table 6 : explain SELECT k, c FROM sbtest6 WHERE k BETWEEN 4672954 AND 4673054
	Bitmap Heap Scan on sbtest6  (cost=5.61..460.76 rows=115 width=125)
	  Recheck Cond: ((k >= 4672954) AND (k <= 4673054))
	  ->  Bitmap Index Scan on k_6  (cost=0.00..5.58 rows=115 width=0)
	        Index Cond: ((k >= 4672954) AND (k <= 4673054))

table 7 : explain SELECT k, c FROM sbtest7 WHERE k BETWEEN 4672954 AND 4673054
	Bitmap Heap Scan on sbtest7  (cost=5.53..429.44 rows=107 width=125)
	  Recheck Cond: ((k >= 4672954) AND (k <= 4673054))
	  ->  Bitmap Index Scan on k_7  (cost=0.00..5.50 rows=107 width=0)
	        Index Cond: ((k >= 4672954) AND (k <= 4673054))

table 8 : explain SELECT k, c FROM sbtest8 WHERE k BETWEEN 4672954 AND 4673054
	Bitmap Heap Scan on sbtest8  (cost=5.51..421.49 rows=105 width=125)
	  Recheck Cond: ((k >= 4672954) AND (k <= 4673054))
	  ->  Bitmap Index Scan on k_8  (cost=0.00..5.48 rows=105 width=0)
	        Index Cond: ((k >= 4672954) AND (k <= 4673054))

for range-notcovered
table 1 : explain SELECT k, c FROM sbtest1 WHERE k BETWEEN 4955123 AND 4955223
	Bitmap Heap Scan on sbtest1  (cost=5.53..429.26 rows=107 width=125)
	  Recheck Cond: ((k >= 4955123) AND (k <= 4955223))
	  ->  Bitmap Index Scan on k_1  (cost=0.00..5.50 rows=107 width=0)
	        Index Cond: ((k >= 4955123) AND (k <= 4955223))

table 2 : explain SELECT k, c FROM sbtest2 WHERE k BETWEEN 4955123 AND 4955223
	Bitmap Heap Scan on sbtest2  (cost=5.51..421.34 rows=105 width=125)
	  Recheck Cond: ((k >= 4955123) AND (k <= 4955223))
	  ->  Bitmap Index Scan on k_2  (cost=0.00..5.48 rows=105 width=0)
	        Index Cond: ((k >= 4955123) AND (k <= 4955223))

table 3 : explain SELECT k, c FROM sbtest3 WHERE k BETWEEN 4955123 AND 4955223
	Bitmap Heap Scan on sbtest3  (cost=5.41..381.97 rows=95 width=125)
	  Recheck Cond: ((k >= 4955123) AND (k <= 4955223))
	  ->  Bitmap Index Scan on k_3  (cost=0.00..5.38 rows=95 width=0)
	        Index Cond: ((k >= 4955123) AND (k <= 4955223))

table 4 : explain SELECT k, c FROM sbtest4 WHERE k BETWEEN 4955123 AND 4955223
	Bitmap Heap Scan on sbtest4  (cost=5.40..378.10 rows=94 width=125)
	  Recheck Cond: ((k >= 4955123) AND (k <= 4955223))
	  ->  Bitmap Index Scan on k_4  (cost=0.00..5.38 rows=94 width=0)
	        Index Cond: ((k >= 4955123) AND (k <= 4955223))

table 5 : explain SELECT k, c FROM sbtest5 WHERE k BETWEEN 4955123 AND 4955223
	Bitmap Heap Scan on sbtest5  (cost=5.49..413.37 rows=103 width=125)
	  Recheck Cond: ((k >= 4955123) AND (k <= 4955223))
	  ->  Bitmap Index Scan on k_5  (cost=0.00..5.46 rows=103 width=0)
	        Index Cond: ((k >= 4955123) AND (k <= 4955223))

table 6 : explain SELECT k, c FROM sbtest6 WHERE k BETWEEN 4955123 AND 4955223
	Bitmap Heap Scan on sbtest6  (cost=5.46..401.63 rows=100 width=125)
	  Recheck Cond: ((k >= 4955123) AND (k <= 4955223))
	  ->  Bitmap Index Scan on k_6  (cost=0.00..5.43 rows=100 width=0)
	        Index Cond: ((k >= 4955123) AND (k <= 4955223))

table 7 : explain SELECT k, c FROM sbtest7 WHERE k BETWEEN 4955123 AND 4955223
	Bitmap Heap Scan on sbtest7  (cost=5.47..405.76 rows=101 width=125)
	  Recheck Cond: ((k >= 4955123) AND (k <= 4955223))
	  ->  Bitmap Index Scan on k_7  (cost=0.00..5.44 rows=101 width=0)
	        Index Cond: ((k >= 4955123) AND (k <= 4955223))

table 8 : explain SELECT k, c FROM sbtest8 WHERE k BETWEEN 4955123 AND 4955223
	Bitmap Heap Scan on sbtest8  (cost=5.37..366.22 rows=91 width=125)
	  Recheck Cond: ((k >= 4955123) AND (k <= 4955223))
	  ->  Bitmap Index Scan on k_8  (cost=0.00..5.34 rows=91 width=0)
	        Index Cond: ((k >= 4955123) AND (k <= 4955223))

for range-notcovered
table 1 : explain SELECT k, c FROM sbtest1 WHERE k BETWEEN 5027005 AND 5027105
	Bitmap Heap Scan on sbtest1  (cost=5.53..429.26 rows=107 width=125)
	  Recheck Cond: ((k >= 5027005) AND (k <= 5027105))
	  ->  Bitmap Index Scan on k_1  (cost=0.00..5.50 rows=107 width=0)
	        Index Cond: ((k >= 5027005) AND (k <= 5027105))

table 2 : explain SELECT k, c FROM sbtest2 WHERE k BETWEEN 5027005 AND 5027105
	Bitmap Heap Scan on sbtest2  (cost=5.51..421.34 rows=105 width=125)
	  Recheck Cond: ((k >= 5027005) AND (k <= 5027105))
	  ->  Bitmap Index Scan on k_2  (cost=0.00..5.48 rows=105 width=0)
	        Index Cond: ((k >= 5027005) AND (k <= 5027105))

table 3 : explain SELECT k, c FROM sbtest3 WHERE k BETWEEN 5027005 AND 5027105
	Bitmap Heap Scan on sbtest3  (cost=5.43..389.86 rows=97 width=125)
	  Recheck Cond: ((k >= 5027005) AND (k <= 5027105))
	  ->  Bitmap Index Scan on k_3  (cost=0.00..5.40 rows=97 width=0)
	        Index Cond: ((k >= 5027005) AND (k <= 5027105))

table 4 : explain SELECT k, c FROM sbtest4 WHERE k BETWEEN 5027005 AND 5027105
	Bitmap Heap Scan on sbtest4  (cost=5.39..374.15 rows=93 width=125)
	  Recheck Cond: ((k >= 5027005) AND (k <= 5027105))
	  ->  Bitmap Index Scan on k_4  (cost=0.00..5.36 rows=93 width=0)
	        Index Cond: ((k >= 5027005) AND (k <= 5027105))

table 5 : explain SELECT k, c FROM sbtest5 WHERE k BETWEEN 5027005 AND 5027105
	Bitmap Heap Scan on sbtest5  (cost=5.55..437.02 rows=109 width=125)
	  Recheck Cond: ((k >= 5027005) AND (k <= 5027105))
	  ->  Bitmap Index Scan on k_5  (cost=0.00..5.52 rows=109 width=0)
	        Index Cond: ((k >= 5027005) AND (k <= 5027105))

table 6 : explain SELECT k, c FROM sbtest6 WHERE k BETWEEN 5027005 AND 5027105
	Bitmap Heap Scan on sbtest6  (cost=5.49..413.46 rows=103 width=125)
	  Recheck Cond: ((k >= 5027005) AND (k <= 5027105))
	  ->  Bitmap Index Scan on k_6  (cost=0.00..5.46 rows=103 width=0)
	        Index Cond: ((k >= 5027005) AND (k <= 5027105))

table 7 : explain SELECT k, c FROM sbtest7 WHERE k BETWEEN 5027005 AND 5027105
	Bitmap Heap Scan on sbtest7  (cost=5.54..433.38 rows=108 width=125)
	  Recheck Cond: ((k >= 5027005) AND (k <= 5027105))
	  ->  Bitmap Index Scan on k_7  (cost=0.00..5.51 rows=108 width=0)
	        Index Cond: ((k >= 5027005) AND (k <= 5027105))

table 8 : explain SELECT k, c FROM sbtest8 WHERE k BETWEEN 5027005 AND 5027105
	Bitmap Heap Scan on sbtest8  (cost=5.46..401.76 rows=100 width=125)
	  Recheck Cond: ((k >= 5027005) AND (k <= 5027105))
	  ->  Bitmap Index Scan on k_8  (cost=0.00..5.43 rows=100 width=0)
	        Index Cond: ((k >= 5027005) AND (k <= 5027105))

for range-notcovered
table 1 : explain SELECT k, c FROM sbtest1 WHERE k BETWEEN 3678828 AND 3678928
	Bitmap Heap Scan on sbtest1  (cost=5.37..366.12 rows=91 width=125)
	  Recheck Cond: ((k >= 3678828) AND (k <= 3678928))
	  ->  Bitmap Index Scan on k_1  (cost=0.00..5.34 rows=91 width=0)
	        Index Cond: ((k >= 3678828) AND (k <= 3678928))

table 2 : explain SELECT k, c FROM sbtest2 WHERE k BETWEEN 3678828 AND 3678928
	Bitmap Heap Scan on sbtest2  (cost=5.59..452.87 rows=113 width=125)
	  Recheck Cond: ((k >= 3678828) AND (k <= 3678928))
	  ->  Bitmap Index Scan on k_2  (cost=0.00..5.56 rows=113 width=0)
	        Index Cond: ((k >= 3678828) AND (k <= 3678928))

table 3 : explain SELECT k, c FROM sbtest3 WHERE k BETWEEN 3678828 AND 3678928
	Bitmap Heap Scan on sbtest3  (cost=5.49..413.54 rows=103 width=125)
	  Recheck Cond: ((k >= 3678828) AND (k <= 3678928))
	  ->  Bitmap Index Scan on k_3  (cost=0.00..5.46 rows=103 width=0)
	        Index Cond: ((k >= 3678828) AND (k <= 3678928))

table 4 : explain SELECT k, c FROM sbtest4 WHERE k BETWEEN 3678828 AND 3678928
	Bitmap Heap Scan on sbtest4  (cost=5.42..385.99 rows=96 width=125)
	  Recheck Cond: ((k >= 3678828) AND (k <= 3678928))
	  ->  Bitmap Index Scan on k_4  (cost=0.00..5.39 rows=96 width=0)
	        Index Cond: ((k >= 3678828) AND (k <= 3678928))

table 5 : explain SELECT k, c FROM sbtest5 WHERE k BETWEEN 3678828 AND 3678928
	Bitmap Heap Scan on sbtest5  (cost=5.58..448.84 rows=112 width=125)
	  Recheck Cond: ((k >= 3678828) AND (k <= 3678928))
	  ->  Bitmap Index Scan on k_5  (cost=0.00..5.55 rows=112 width=0)
	        Index Cond: ((k >= 3678828) AND (k <= 3678928))

table 6 : explain SELECT k, c FROM sbtest6 WHERE k BETWEEN 3678828 AND 3678928
	Bitmap Heap Scan on sbtest6  (cost=5.48..409.52 rows=102 width=125)
	  Recheck Cond: ((k >= 3678828) AND (k <= 3678928))
	  ->  Bitmap Index Scan on k_6  (cost=0.00..5.45 rows=102 width=0)
	        Index Cond: ((k >= 3678828) AND (k <= 3678928))

table 7 : explain SELECT k, c FROM sbtest7 WHERE k BETWEEN 3678828 AND 3678928
	Bitmap Heap Scan on sbtest7  (cost=5.49..413.65 rows=103 width=125)
	  Recheck Cond: ((k >= 3678828) AND (k <= 3678928))
	  ->  Bitmap Index Scan on k_7  (cost=0.00..5.46 rows=103 width=0)
	        Index Cond: ((k >= 3678828) AND (k <= 3678928))

table 8 : explain SELECT k, c FROM sbtest8 WHERE k BETWEEN 3678828 AND 3678928
	Bitmap Heap Scan on sbtest8  (cost=5.50..417.54 rows=104 width=125)
	  Recheck Cond: ((k >= 3678828) AND (k <= 3678928))
	  ->  Bitmap Index Scan on k_8  (cost=0.00..5.47 rows=104 width=0)
	        Index Cond: ((k >= 3678828) AND (k <= 3678928))
explain: for range-notcovered :: explain SELECT k, c FROM sbtest%d WHERE k BETWEEN 4672954 AND 4673054

explain: for range-notcovered :: explain SELECT k, c FROM sbtest%d WHERE k BETWEEN 4955123 AND 4955223
for range-notcovered
table 1 : explain SELECT k, c FROM sbtest1 WHERE k BETWEEN 8565714 AND 8565814
	Bitmap Heap Scan on sbtest1  (cost=5.45..397.70 rows=99 width=125)
	  Recheck Cond: ((k >= 8565714) AND (k <= 8565814))
	  ->  Bitmap Index Scan on k_1  (cost=0.00..5.42 rows=99 width=0)
	        Index Cond: ((k >= 8565714) AND (k <= 8565814))

table 2 : explain SELECT k, c FROM sbtest2 WHERE k BETWEEN 8565714 AND 8565814
	Bitmap Heap Scan on sbtest2  (cost=5.52..425.28 rows=106 width=125)
	  Recheck Cond: ((k >= 8565714) AND (k <= 8565814))
	  ->  Bitmap Index Scan on k_2  (cost=0.00..5.50 rows=106 width=0)
	        Index Cond: ((k >= 8565714) AND (k <= 8565814))

table 3 : explain SELECT k, c FROM sbtest3 WHERE k BETWEEN 8565714 AND 8565814
	Bitmap Heap Scan on sbtest3  (cost=5.59..452.97 rows=113 width=125)
	  Recheck Cond: ((k >= 8565714) AND (k <= 8565814))
	  ->  Bitmap Index Scan on k_3  (cost=0.00..5.56 rows=113 width=0)
	        Index Cond: ((k >= 8565714) AND (k <= 8565814))

table 4 : explain SELECT k, c FROM sbtest4 WHERE k BETWEEN 8565714 AND 8565814
	Bitmap Heap Scan on sbtest4  (cost=5.43..389.94 rows=97 width=125)
	  Recheck Cond: ((k >= 8565714) AND (k <= 8565814))
	  ->  Bitmap Index Scan on k_4  (cost=0.00..5.40 rows=97 width=0)
	        Index Cond: ((k >= 8565714) AND (k <= 8565814))

table 5 : explain SELECT k, c FROM sbtest5 WHERE k BETWEEN 8565714 AND 8565814
	Bitmap Heap Scan on sbtest5  (cost=5.47..405.48 rows=101 width=125)
	  Recheck Cond: ((k >= 8565714) AND (k <= 8565814))
	  ->  Bitmap Index Scan on k_5  (cost=0.00..5.44 rows=101 width=0)
	        Index Cond: ((k >= 8565714) AND (k <= 8565814))

table 6 : explain SELECT k, c FROM sbtest6 WHERE k BETWEEN 8565714 AND 8565814
	Bitmap Heap Scan on sbtest6  (cost=5.42..385.84 rows=96 width=125)
	  Recheck Cond: ((k >= 8565714) AND (k <= 8565814))
	  ->  Bitmap Index Scan on k_6  (cost=0.00..5.39 rows=96 width=0)
	        Index Cond: ((k >= 8565714) AND (k <= 8565814))

table 7 : explain SELECT k, c FROM sbtest7 WHERE k BETWEEN 8565714 AND 8565814
	Bitmap Heap Scan on sbtest7  (cost=5.40..378.11 rows=94 width=125)
	  Recheck Cond: ((k >= 8565714) AND (k <= 8565814))
	  ->  Bitmap Index Scan on k_7  (cost=0.00..5.38 rows=94 width=0)
	        Index Cond: ((k >= 8565714) AND (k <= 8565814))

table 8 : explain SELECT k, c FROM sbtest8 WHERE k BETWEEN 8565714 AND 8565814
	Bitmap Heap Scan on sbtest8  (cost=5.46..401.76 rows=100 width=125)
	  Recheck Cond: ((k >= 8565714) AND (k <= 8565814))
	  ->  Bitmap Index Scan on k_8  (cost=0.00..5.43 rows=100 width=0)
	        Index Cond: ((k >= 8565714) AND (k <= 8565814))

explain: for range-notcovered :: explain SELECT k, c FROM sbtest%d WHERE k BETWEEN 5027005 AND 5027105
explain: for range-notcovered :: explain SELECT k, c FROM sbtest%d WHERE k BETWEEN 3678828 AND 3678928
for range-notcovered
table 1 : explain SELECT k, c FROM sbtest1 WHERE k BETWEEN 6233800 AND 6233900
	Bitmap Heap Scan on sbtest1  (cost=5.46..401.65 rows=100 width=125)
	  Recheck Cond: ((k >= 6233800) AND (k <= 6233900))
	  ->  Bitmap Index Scan on k_1  (cost=0.00..5.43 rows=100 width=0)
	        Index Cond: ((k >= 6233800) AND (k <= 6233900))

table 2 : explain SELECT k, c FROM sbtest2 WHERE k BETWEEN 6233800 AND 6233900
	Bitmap Heap Scan on sbtest2  (cost=5.55..437.11 rows=109 width=125)
	  Recheck Cond: ((k >= 6233800) AND (k <= 6233900))
	  ->  Bitmap Index Scan on k_2  (cost=0.00..5.52 rows=109 width=0)
	        Index Cond: ((k >= 6233800) AND (k <= 6233900))

table 3 : explain SELECT k, c FROM sbtest3 WHERE k BETWEEN 6233800 AND 6233900
	Bitmap Heap Scan on sbtest3  (cost=5.42..385.91 rows=96 width=125)
	  Recheck Cond: ((k >= 6233800) AND (k <= 6233900))
	  ->  Bitmap Index Scan on k_3  (cost=0.00..5.39 rows=96 width=0)
	        Index Cond: ((k >= 6233800) AND (k <= 6233900))

table 4 : explain SELECT k, c FROM sbtest4 WHERE k BETWEEN 6233800 AND 6233900
	Bitmap Heap Scan on sbtest4  (cost=5.49..413.63 rows=103 width=125)
	  Recheck Cond: ((k >= 6233800) AND (k <= 6233900))
	  ->  Bitmap Index Scan on k_4  (cost=0.00..5.46 rows=103 width=0)
	        Index Cond: ((k >= 6233800) AND (k <= 6233900))

table 5 : explain SELECT k, c FROM sbtest5 WHERE k BETWEEN 6233800 AND 6233900
	Bitmap Heap Scan on sbtest5  (cost=5.48..409.43 rows=102 width=125)
	  Recheck Cond: ((k >= 6233800) AND (k <= 6233900))
	  ->  Bitmap Index Scan on k_5  (cost=0.00..5.45 rows=102 width=0)
	        Index Cond: ((k >= 6233800) AND (k <= 6233900))

table 6 : explain SELECT k, c FROM sbtest6 WHERE k BETWEEN 6233800 AND 6233900
	Bitmap Heap Scan on sbtest6  (cost=5.45..397.68 rows=99 width=125)
	  Recheck Cond: ((k >= 6233800) AND (k <= 6233900))
	  ->  Bitmap Index Scan on k_6  (cost=0.00..5.42 rows=99 width=0)
	        Index Cond: ((k >= 6233800) AND (k <= 6233900))

table 7 : explain SELECT k, c FROM sbtest7 WHERE k BETWEEN 6233800 AND 6233900
	Bitmap Heap Scan on sbtest7  (cost=5.42..386.01 rows=96 width=125)
	  Recheck Cond: ((k >= 6233800) AND (k <= 6233900))
	  ->  Bitmap Index Scan on k_7  (cost=0.00..5.39 rows=96 width=0)
	        Index Cond: ((k >= 6233800) AND (k <= 6233900))

table 8 : explain SELECT k, c FROM sbtest8 WHERE k BETWEEN 6233800 AND 6233900
	Bitmap Heap Scan on sbtest8  (cost=5.52..425.43 rows=106 width=125)
	  Recheck Cond: ((k >= 6233800) AND (k <= 6233900))
	  ->  Bitmap Index Scan on k_8  (cost=0.00..5.50 rows=106 width=0)
	        Index Cond: ((k >= 6233800) AND (k <= 6233900))

for range-notcovered
table 1 : explain SELECT k, c FROM sbtest1 WHERE k BETWEEN 4737451 AND 4737551
	Bitmap Heap Scan on sbtest1  (cost=5.42..385.86 rows=96 width=125)
	  Recheck Cond: ((k >= 4737451) AND (k <= 4737551))
	  ->  Bitmap Index Scan on k_1  (cost=0.00..5.39 rows=96 width=0)
	        Index Cond: ((k >= 4737451) AND (k <= 4737551))

table 2 : explain SELECT k, c FROM sbtest2 WHERE k BETWEEN 4737451 AND 4737551
	Bitmap Heap Scan on sbtest2  (cost=5.46..401.62 rows=100 width=125)
	  Recheck Cond: ((k >= 4737451) AND (k <= 4737551))
	  ->  Bitmap Index Scan on k_2  (cost=0.00..5.43 rows=100 width=0)
	        Index Cond: ((k >= 4737451) AND (k <= 4737551))

table 3 : explain SELECT k, c FROM sbtest3 WHERE k BETWEEN 4737451 AND 4737551
	Bitmap Heap Scan on sbtest3  (cost=5.48..409.59 rows=102 width=125)
	  Recheck Cond: ((k >= 4737451) AND (k <= 4737551))
	  ->  Bitmap Index Scan on k_3  (cost=0.00..5.45 rows=102 width=0)
	        Index Cond: ((k >= 4737451) AND (k <= 4737551))

table 4 : explain SELECT k, c FROM sbtest4 WHERE k BETWEEN 4737451 AND 4737551
	Bitmap Heap Scan on sbtest4  (cost=5.48..409.68 rows=102 width=125)
	  Recheck Cond: ((k >= 4737451) AND (k <= 4737551))
	  ->  Bitmap Index Scan on k_4  (cost=0.00..5.45 rows=102 width=0)
	        Index Cond: ((k >= 4737451) AND (k <= 4737551))

table 5 : explain SELECT k, c FROM sbtest5 WHERE k BETWEEN 4737451 AND 4737551
	Bitmap Heap Scan on sbtest5  (cost=5.67..480.34 rows=120 width=125)
	  Recheck Cond: ((k >= 4737451) AND (k <= 4737551))
	  ->  Bitmap Index Scan on k_5  (cost=0.00..5.63 rows=120 width=0)
	        Index Cond: ((k >= 4737451) AND (k <= 4737551))

table 6 : explain SELECT k, c FROM sbtest6 WHERE k BETWEEN 4737451 AND 4737551
	Bitmap Heap Scan on sbtest6  (cost=5.57..445.00 rows=111 width=125)
	  Recheck Cond: ((k >= 4737451) AND (k <= 4737551))
	  ->  Bitmap Index Scan on k_6  (cost=0.00..5.54 rows=111 width=0)
	        Index Cond: ((k >= 4737451) AND (k <= 4737551))

table 7 : explain SELECT k, c FROM sbtest7 WHERE k BETWEEN 4737451 AND 4737551
	Bitmap Heap Scan on sbtest7  (cost=5.51..421.54 rows=105 width=125)
	  Recheck Cond: ((k >= 4737451) AND (k <= 4737551))
	  ->  Bitmap Index Scan on k_7  (cost=0.00..5.48 rows=105 width=0)
	        Index Cond: ((k >= 4737451) AND (k <= 4737551))

table 8 : explain SELECT k, c FROM sbtest8 WHERE k BETWEEN 4737451 AND 4737551
	Bitmap Heap Scan on sbtest8  (cost=5.51..421.49 rows=105 width=125)
	  Recheck Cond: ((k >= 4737451) AND (k <= 4737551))
	  ->  Bitmap Index Scan on k_8  (cost=0.00..5.48 rows=105 width=0)
	        Index Cond: ((k >= 4737451) AND (k <= 4737551))

explain: for range-notcovered :: explain SELECT k, c FROM sbtest%d WHERE k BETWEEN 8565714 AND 8565814
for range-notcovered
table 1 : explain SELECT k, c FROM sbtest1 WHERE k BETWEEN 5523118 AND 5523218
	Bitmap Heap Scan on sbtest1  (cost=5.47..405.59 rows=101 width=125)
	  Recheck Cond: ((k >= 5523118) AND (k <= 5523218))
	  ->  Bitmap Index Scan on k_1  (cost=0.00..5.44 rows=101 width=0)
	        Index Cond: ((k >= 5523118) AND (k <= 5523218))

table 2 : explain SELECT k, c FROM sbtest2 WHERE k BETWEEN 5523118 AND 5523218
	Bitmap Heap Scan on sbtest2  (cost=5.48..409.51 rows=102 width=125)
	  Recheck Cond: ((k >= 5523118) AND (k <= 5523218))
	  ->  Bitmap Index Scan on k_2  (cost=0.00..5.45 rows=102 width=0)
	        Index Cond: ((k >= 5523118) AND (k <= 5523218))

table 3 : explain SELECT k, c FROM sbtest3 WHERE k BETWEEN 5523118 AND 5523218
	Bitmap Heap Scan on sbtest3  (cost=5.58..449.03 rows=112 width=125)
	  Recheck Cond: ((k >= 5523118) AND (k <= 5523218))
	  ->  Bitmap Index Scan on k_3  (cost=0.00..5.55 rows=112 width=0)
	        Index Cond: ((k >= 5523118) AND (k <= 5523218))

table 4 : explain SELECT k, c FROM sbtest4 WHERE k BETWEEN 5523118 AND 5523218
	Bitmap Heap Scan on sbtest4  (cost=5.49..413.63 rows=103 width=125)
	  Recheck Cond: ((k >= 5523118) AND (k <= 5523218))
	  ->  Bitmap Index Scan on k_4  (cost=0.00..5.46 rows=103 width=0)
	        Index Cond: ((k >= 5523118) AND (k <= 5523218))

table 5 : explain SELECT k, c FROM sbtest5 WHERE k BETWEEN 5523118 AND 5523218
	Bitmap Heap Scan on sbtest5  (cost=5.58..448.84 rows=112 width=125)
	  Recheck Cond: ((k >= 5523118) AND (k <= 5523218))
	  ->  Bitmap Index Scan on k_5  (cost=0.00..5.55 rows=112 width=0)
	        Index Cond: ((k >= 5523118) AND (k <= 5523218))

table 6 : explain SELECT k, c FROM sbtest6 WHERE k BETWEEN 5523118 AND 5523218
	Bitmap Heap Scan on sbtest6  (cost=5.54..433.18 rows=108 width=125)
	  Recheck Cond: ((k >= 5523118) AND (k <= 5523218))
	  ->  Bitmap Index Scan on k_6  (cost=0.00..5.51 rows=108 width=0)
	        Index Cond: ((k >= 5523118) AND (k <= 5523218))

table 7 : explain SELECT k, c FROM sbtest7 WHERE k BETWEEN 5523118 AND 5523218
	Bitmap Heap Scan on sbtest7  (cost=5.44..393.91 rows=98 width=125)
	  Recheck Cond: ((k >= 5523118) AND (k <= 5523218))
	  ->  Bitmap Index Scan on k_7  (cost=0.00..5.42 rows=98 width=0)
	        Index Cond: ((k >= 5523118) AND (k <= 5523218))

table 8 : explain SELECT k, c FROM sbtest8 WHERE k BETWEEN 5523118 AND 5523218
	Bitmap Heap Scan on sbtest8  (cost=5.40..378.07 rows=94 width=125)
	  Recheck Cond: ((k >= 5523118) AND (k <= 5523218))
	  ->  Bitmap Index Scan on k_8  (cost=0.00..5.38 rows=94 width=0)
	        Index Cond: ((k >= 5523118) AND (k <= 5523218))

for range-notcovered
table 1 : explain SELECT k, c FROM sbtest1 WHERE k BETWEEN 7109743 AND 7109843
	Bitmap Heap Scan on sbtest1  (cost=5.51..421.37 rows=105 width=125)
	  Recheck Cond: ((k >= 7109743) AND (k <= 7109843))
	  ->  Bitmap Index Scan on k_1  (cost=0.00..5.48 rows=105 width=0)
	        Index Cond: ((k >= 7109743) AND (k <= 7109843))

table 2 : explain SELECT k, c FROM sbtest2 WHERE k BETWEEN 7109743 AND 7109843
	Bitmap Heap Scan on sbtest2  (cost=5.44..393.73 rows=98 width=125)
	  Recheck Cond: ((k >= 7109743) AND (k <= 7109843))
	  ->  Bitmap Index Scan on k_2  (cost=0.00..5.42 rows=98 width=0)
	        Index Cond: ((k >= 7109743) AND (k <= 7109843))

table 3 : explain SELECT k, c FROM sbtest3 WHERE k BETWEEN 7109743 AND 7109843
	Bitmap Heap Scan on sbtest3  (cost=5.47..405.65 rows=101 width=125)
	  Recheck Cond: ((k >= 7109743) AND (k <= 7109843))
	  ->  Bitmap Index Scan on k_3  (cost=0.00..5.44 rows=101 width=0)
	        Index Cond: ((k >= 7109743) AND (k <= 7109843))

table 4 : explain SELECT k, c FROM sbtest4 WHERE k BETWEEN 7109743 AND 7109843
	Bitmap Heap Scan on sbtest4  (cost=5.49..413.63 rows=103 width=125)
	  Recheck Cond: ((k >= 7109743) AND (k <= 7109843))
	  ->  Bitmap Index Scan on k_4  (cost=0.00..5.46 rows=103 width=0)
	        Index Cond: ((k >= 7109743) AND (k <= 7109843))

table 5 : explain SELECT k, c FROM sbtest5 WHERE k BETWEEN 7109743 AND 7109843
	Bitmap Heap Scan on sbtest5  (cost=5.50..417.31 rows=104 width=125)
	  Recheck Cond: ((k >= 7109743) AND (k <= 7109843))
	  ->  Bitmap Index Scan on k_5  (cost=0.00..5.47 rows=104 width=0)
	        Index Cond: ((k >= 7109743) AND (k <= 7109843))

table 6 : explain SELECT k, c FROM sbtest6 WHERE k BETWEEN 7109743 AND 7109843
	Bitmap Heap Scan on sbtest6  (cost=5.44..393.74 rows=98 width=125)
	  Recheck Cond: ((k >= 7109743) AND (k <= 7109843))
	  ->  Bitmap Index Scan on k_6  (cost=0.00..5.42 rows=98 width=0)
	        Index Cond: ((k >= 7109743) AND (k <= 7109843))

table 7 : explain SELECT k, c FROM sbtest7 WHERE k BETWEEN 7109743 AND 7109843
	Bitmap Heap Scan on sbtest7  (cost=5.54..433.38 rows=108 width=125)
	  Recheck Cond: ((k >= 7109743) AND (k <= 7109843))
	  ->  Bitmap Index Scan on k_7  (cost=0.00..5.51 rows=108 width=0)
	        Index Cond: ((k >= 7109743) AND (k <= 7109843))

table 8 : explain SELECT k, c FROM sbtest8 WHERE k BETWEEN 7109743 AND 7109843
	Bitmap Heap Scan on sbtest8  (cost=5.50..417.54 rows=104 width=125)
	  Recheck Cond: ((k >= 7109743) AND (k <= 7109843))
	  ->  Bitmap Index Scan on k_8  (cost=0.00..5.47 rows=104 width=0)
	        Index Cond: ((k >= 7109743) AND (k <= 7109843))

explain: for range-notcovered :: explain SELECT k, c FROM sbtest%d WHERE k BETWEEN 5523118 AND 5523218
for range-notcovered
table 1 : explain SELECT k, c FROM sbtest1 WHERE k BETWEEN 7343446 AND 7343546
	Bitmap Heap Scan on sbtest1  (cost=5.52..425.31 rows=106 width=125)
	  Recheck Cond: ((k >= 7343446) AND (k <= 7343546))
	  ->  Bitmap Index Scan on k_1  (cost=0.00..5.50 rows=106 width=0)
	        Index Cond: ((k >= 7343446) AND (k <= 7343546))

table 2 : explain SELECT k, c FROM sbtest2 WHERE k BETWEEN 7343446 AND 7343546
	Bitmap Heap Scan on sbtest2  (cost=5.46..401.62 rows=100 width=125)
	  Recheck Cond: ((k >= 7343446) AND (k <= 7343546))
	  ->  Bitmap Index Scan on k_2  (cost=0.00..5.43 rows=100 width=0)
	        Index Cond: ((k >= 7343446) AND (k <= 7343546))

table 3 : explain SELECT k, c FROM sbtest3 WHERE k BETWEEN 7343446 AND 7343546
	Bitmap Heap Scan on sbtest3  (cost=5.50..417.49 rows=104 width=125)
	  Recheck Cond: ((k >= 7343446) AND (k <= 7343546))
	  ->  Bitmap Index Scan on k_3  (cost=0.00..5.47 rows=104 width=0)
	        Index Cond: ((k >= 7343446) AND (k <= 7343546))

table 4 : explain SELECT k, c FROM sbtest4 WHERE k BETWEEN 7343446 AND 7343546
	Bitmap Heap Scan on sbtest4  (cost=5.42..385.99 rows=96 width=125)
	  Recheck Cond: ((k >= 7343446) AND (k <= 7343546))
	  ->  Bitmap Index Scan on k_4  (cost=0.00..5.39 rows=96 width=0)
	        Index Cond: ((k >= 7343446) AND (k <= 7343546))

table 5 : explain SELECT k, c FROM sbtest5 WHERE k BETWEEN 7343446 AND 7343546
	Bitmap Heap Scan on sbtest5  (cost=5.53..429.14 rows=107 width=125)
	  Recheck Cond: ((k >= 7343446) AND (k <= 7343546))
	  ->  Bitmap Index Scan on k_5  (cost=0.00..5.50 rows=107 width=0)
	        Index Cond: ((k >= 7343446) AND (k <= 7343546))

table 6 : explain SELECT k, c FROM sbtest6 WHERE k BETWEEN 7343446 AND 7343546
	Bitmap Heap Scan on sbtest6  (cost=5.56..441.06 rows=110 width=125)
	  Recheck Cond: ((k >= 7343446) AND (k <= 7343546))
	  ->  Bitmap Index Scan on k_6  (cost=0.00..5.53 rows=110 width=0)
	        Index Cond: ((k >= 7343446) AND (k <= 7343546))

table 7 : explain SELECT k, c FROM sbtest7 WHERE k BETWEEN 7343446 AND 7343546
	Bitmap Heap Scan on sbtest7  (cost=5.44..393.91 rows=98 width=125)
	  Recheck Cond: ((k >= 7343446) AND (k <= 7343546))
	  ->  Bitmap Index Scan on k_7  (cost=0.00..5.42 rows=98 width=0)
	        Index Cond: ((k >= 7343446) AND (k <= 7343546))

table 8 : explain SELECT k, c FROM sbtest8 WHERE k BETWEEN 7343446 AND 7343546
	Bitmap Heap Scan on sbtest8  (cost=5.55..437.27 rows=109 width=125)
	  Recheck Cond: ((k >= 7343446) AND (k <= 7343546))
	  ->  Bitmap Index Scan on k_8  (cost=0.00..5.52 rows=109 width=0)
	        Index Cond: ((k >= 7343446) AND (k <= 7343546))

explain: for range-notcovered :: explain SELECT k, c FROM sbtest%d WHERE k BETWEEN 7109743 AND 7109843
explain: for range-notcovered :: explain SELECT k, c FROM sbtest%d WHERE k BETWEEN 7343446 AND 7343546
for range-notcovered
table 1 : explain SELECT k, c FROM sbtest1 WHERE k BETWEEN 3899892 AND 3899992
	Bitmap Heap Scan on sbtest1  (cost=5.53..429.26 rows=107 width=125)
	  Recheck Cond: ((k >= 3899892) AND (k <= 3899992))
	  ->  Bitmap Index Scan on k_1  (cost=0.00..5.50 rows=107 width=0)
	        Index Cond: ((k >= 3899892) AND (k <= 3899992))

table 2 : explain SELECT k, c FROM sbtest2 WHERE k BETWEEN 3899892 AND 3899992
	Bitmap Heap Scan on sbtest2  (cost=5.50..417.39 rows=104 width=125)
	  Recheck Cond: ((k >= 3899892) AND (k <= 3899992))
	  ->  Bitmap Index Scan on k_2  (cost=0.00..5.47 rows=104 width=0)
	        Index Cond: ((k >= 3899892) AND (k <= 3899992))

table 3 : explain SELECT k, c FROM sbtest3 WHERE k BETWEEN 3899892 AND 3899992
	Bitmap Heap Scan on sbtest3  (cost=5.51..421.43 rows=105 width=125)
	  Recheck Cond: ((k >= 3899892) AND (k <= 3899992))
	  ->  Bitmap Index Scan on k_3  (cost=0.00..5.48 rows=105 width=0)
	        Index Cond: ((k >= 3899892) AND (k <= 3899992))

table 4 : explain SELECT k, c FROM sbtest4 WHERE k BETWEEN 3899892 AND 3899992
	Bitmap Heap Scan on sbtest4  (cost=5.57..445.19 rows=111 width=125)
	  Recheck Cond: ((k >= 3899892) AND (k <= 3899992))
	  ->  Bitmap Index Scan on k_4  (cost=0.00..5.54 rows=111 width=0)
	        Index Cond: ((k >= 3899892) AND (k <= 3899992))

table 5 : explain SELECT k, c FROM sbtest5 WHERE k BETWEEN 3899892 AND 3899992
	Bitmap Heap Scan on sbtest5  (cost=5.36..362.08 rows=90 width=125)
	  Recheck Cond: ((k >= 3899892) AND (k <= 3899992))
	  ->  Bitmap Index Scan on k_5  (cost=0.00..5.33 rows=90 width=0)
	        Index Cond: ((k >= 3899892) AND (k <= 3899992))

table 6 : explain SELECT k, c FROM sbtest6 WHERE k BETWEEN 3899892 AND 3899992
	Bitmap Heap Scan on sbtest6  (cost=5.59..452.88 rows=113 width=125)
	  Recheck Cond: ((k >= 3899892) AND (k <= 3899992))
	  ->  Bitmap Index Scan on k_6  (cost=0.00..5.56 rows=113 width=0)
	        Index Cond: ((k >= 3899892) AND (k <= 3899992))

table 7 : explain SELECT k, c FROM sbtest7 WHERE k BETWEEN 3899892 AND 3899992
	Bitmap Heap Scan on sbtest7  (cost=5.56..441.27 rows=110 width=125)
	  Recheck Cond: ((k >= 3899892) AND (k <= 3899992))
	  ->  Bitmap Index Scan on k_7  (cost=0.00..5.53 rows=110 width=0)
	        Index Cond: ((k >= 3899892) AND (k <= 3899992))

table 8 : explain SELECT k, c FROM sbtest8 WHERE k BETWEEN 3899892 AND 3899992
	Bitmap Heap Scan on sbtest8  (cost=5.58..449.10 rows=112 width=125)
	  Recheck Cond: ((k >= 3899892) AND (k <= 3899992))
	  ->  Bitmap Index Scan on k_8  (cost=0.00..5.55 rows=112 width=0)
	        Index Cond: ((k >= 3899892) AND (k <= 3899992))

for range-notcovered
table 1 : explain SELECT k, c FROM sbtest1 WHERE k BETWEEN 5016461 AND 5016561
	Bitmap Heap Scan on sbtest1  (cost=5.53..429.26 rows=107 width=125)
	  Recheck Cond: ((k >= 5016461) AND (k <= 5016561))
	  ->  Bitmap Index Scan on k_1  (cost=0.00..5.50 rows=107 width=0)
	        Index Cond: ((k >= 5016461) AND (k <= 5016561))

table 2 : explain SELECT k, c FROM sbtest2 WHERE k BETWEEN 5016461 AND 5016561
	Bitmap Heap Scan on sbtest2  (cost=5.51..421.34 rows=105 width=125)
	  Recheck Cond: ((k >= 5016461) AND (k <= 5016561))
	  ->  Bitmap Index Scan on k_2  (cost=0.00..5.48 rows=105 width=0)
	        Index Cond: ((k >= 5016461) AND (k <= 5016561))

table 3 : explain SELECT k, c FROM sbtest3 WHERE k BETWEEN 5016461 AND 5016561
	Bitmap Heap Scan on sbtest3  (cost=5.43..389.86 rows=97 width=125)
	  Recheck Cond: ((k >= 5016461) AND (k <= 5016561))
	  ->  Bitmap Index Scan on k_3  (cost=0.00..5.40 rows=97 width=0)
	        Index Cond: ((k >= 5016461) AND (k <= 5016561))

table 4 : explain SELECT k, c FROM sbtest4 WHERE k BETWEEN 5016461 AND 5016561
	Bitmap Heap Scan on sbtest4  (cost=5.39..374.15 rows=93 width=125)
	  Recheck Cond: ((k >= 5016461) AND (k <= 5016561))
	  ->  Bitmap Index Scan on k_4  (cost=0.00..5.36 rows=93 width=0)
	        Index Cond: ((k >= 5016461) AND (k <= 5016561))

table 5 : explain SELECT k, c FROM sbtest5 WHERE k BETWEEN 5016461 AND 5016561
	Bitmap Heap Scan on sbtest5  (cost=5.55..437.02 rows=109 width=125)
	  Recheck Cond: ((k >= 5016461) AND (k <= 5016561))
	  ->  Bitmap Index Scan on k_5  (cost=0.00..5.52 rows=109 width=0)
	        Index Cond: ((k >= 5016461) AND (k <= 5016561))

table 6 : explain SELECT k, c FROM sbtest6 WHERE k BETWEEN 5016461 AND 5016561
	Bitmap Heap Scan on sbtest6  (cost=5.49..413.46 rows=103 width=125)
	  Recheck Cond: ((k >= 5016461) AND (k <= 5016561))
	  ->  Bitmap Index Scan on k_6  (cost=0.00..5.46 rows=103 width=0)
	        Index Cond: ((k >= 5016461) AND (k <= 5016561))

table 7 : explain SELECT k, c FROM sbtest7 WHERE k BETWEEN 5016461 AND 5016561
	Bitmap Heap Scan on sbtest7  (cost=5.54..433.38 rows=108 width=125)
	  Recheck Cond: ((k >= 5016461) AND (k <= 5016561))
	  ->  Bitmap Index Scan on k_7  (cost=0.00..5.51 rows=108 width=0)
	        Index Cond: ((k >= 5016461) AND (k <= 5016561))

table 8 : explain SELECT k, c FROM sbtest8 WHERE k BETWEEN 5016461 AND 5016561
	Bitmap Heap Scan on sbtest8  (cost=5.46..401.76 rows=100 width=125)
	  Recheck Cond: ((k >= 5016461) AND (k <= 5016561))
	  ->  Bitmap Index Scan on k_8  (cost=0.00..5.43 rows=100 width=0)
	        Index Cond: ((k >= 5016461) AND (k <= 5016561))

for range-notcovered
table 1 : explain SELECT k, c FROM sbtest1 WHERE k BETWEEN 5027005 AND 5027105
	Bitmap Heap Scan on sbtest1  (cost=5.53..429.26 rows=107 width=125)
	  Recheck Cond: ((k >= 5027005) AND (k <= 5027105))
	  ->  Bitmap Index Scan on k_1  (cost=0.00..5.50 rows=107 width=0)
	        Index Cond: ((k >= 5027005) AND (k <= 5027105))

table 2 : explain SELECT k, c FROM sbtest2 WHERE k BETWEEN 5027005 AND 5027105
	Bitmap Heap Scan on sbtest2  (cost=5.51..421.34 rows=105 width=125)
	  Recheck Cond: ((k >= 5027005) AND (k <= 5027105))
	  ->  Bitmap Index Scan on k_2  (cost=0.00..5.48 rows=105 width=0)
	        Index Cond: ((k >= 5027005) AND (k <= 5027105))

table 3 : explain SELECT k, c FROM sbtest3 WHERE k BETWEEN 5027005 AND 5027105
	Bitmap Heap Scan on sbtest3  (cost=5.43..389.86 rows=97 width=125)
	  Recheck Cond: ((k >= 5027005) AND (k <= 5027105))
	  ->  Bitmap Index Scan on k_3  (cost=0.00..5.40 rows=97 width=0)
	        Index Cond: ((k >= 5027005) AND (k <= 5027105))

table 4 : explain SELECT k, c FROM sbtest4 WHERE k BETWEEN 5027005 AND 5027105
	Bitmap Heap Scan on sbtest4  (cost=5.39..374.15 rows=93 width=125)
	  Recheck Cond: ((k >= 5027005) AND (k <= 5027105))
	  ->  Bitmap Index Scan on k_4  (cost=0.00..5.36 rows=93 width=0)
	        Index Cond: ((k >= 5027005) AND (k <= 5027105))

table 5 : explain SELECT k, c FROM sbtest5 WHERE k BETWEEN 5027005 AND 5027105
	Bitmap Heap Scan on sbtest5  (cost=5.55..437.02 rows=109 width=125)
	  Recheck Cond: ((k >= 5027005) AND (k <= 5027105))
	  ->  Bitmap Index Scan on k_5  (cost=0.00..5.52 rows=109 width=0)
	        Index Cond: ((k >= 5027005) AND (k <= 5027105))

table 6 : explain SELECT k, c FROM sbtest6 WHERE k BETWEEN 5027005 AND 5027105
	Bitmap Heap Scan on sbtest6  (cost=5.49..413.46 rows=103 width=125)
	  Recheck Cond: ((k >= 5027005) AND (k <= 5027105))
	  ->  Bitmap Index Scan on k_6  (cost=0.00..5.46 rows=103 width=0)
	        Index Cond: ((k >= 5027005) AND (k <= 5027105))

table 7 : explain SELECT k, c FROM sbtest7 WHERE k BETWEEN 5027005 AND 5027105
	Bitmap Heap Scan on sbtest7  (cost=5.54..433.38 rows=108 width=125)
	  Recheck Cond: ((k >= 5027005) AND (k <= 5027105))
	  ->  Bitmap Index Scan on k_7  (cost=0.00..5.51 rows=108 width=0)
	        Index Cond: ((k >= 5027005) AND (k <= 5027105))

table 8 : explain SELECT k, c FROM sbtest8 WHERE k BETWEEN 5027005 AND 5027105
	Bitmap Heap Scan on sbtest8  (cost=5.46..401.76 rows=100 width=125)
	  Recheck Cond: ((k >= 5027005) AND (k <= 5027105))
	  ->  Bitmap Index Scan on k_8  (cost=0.00..5.43 rows=100 width=0)
	        Index Cond: ((k >= 5027005) AND (k <= 5027105))

explain: for range-notcovered :: explain SELECT k, c FROM sbtest%d WHERE k BETWEEN 3899892 AND 3899992
explain: for range-notcovered :: explain SELECT k, c FROM sbtest%d WHERE k BETWEEN 5016461 AND 5016561
explain: for range-notcovered :: explain SELECT k, c FROM sbtest%d WHERE k BETWEEN 5027005 AND 5027105
for range-notcovered
table 1 : explain SELECT k, c FROM sbtest1 WHERE k BETWEEN 3678828 AND 3678928
	Bitmap Heap Scan on sbtest1  (cost=5.37..366.12 rows=91 width=125)
	  Recheck Cond: ((k >= 3678828) AND (k <= 3678928))
	  ->  Bitmap Index Scan on k_1  (cost=0.00..5.34 rows=91 width=0)
	        Index Cond: ((k >= 3678828) AND (k <= 3678928))

table 2 : explain SELECT k, c FROM sbtest2 WHERE k BETWEEN 3678828 AND 3678928
	Bitmap Heap Scan on sbtest2  (cost=5.59..452.87 rows=113 width=125)
	  Recheck Cond: ((k >= 3678828) AND (k <= 3678928))
	  ->  Bitmap Index Scan on k_2  (cost=0.00..5.56 rows=113 width=0)
	        Index Cond: ((k >= 3678828) AND (k <= 3678928))

table 3 : explain SELECT k, c FROM sbtest3 WHERE k BETWEEN 3678828 AND 3678928
	Bitmap Heap Scan on sbtest3  (cost=5.49..413.54 rows=103 width=125)
	  Recheck Cond: ((k >= 3678828) AND (k <= 3678928))
	  ->  Bitmap Index Scan on k_3  (cost=0.00..5.46 rows=103 width=0)
	        Index Cond: ((k >= 3678828) AND (k <= 3678928))

table 4 : explain SELECT k, c FROM sbtest4 WHERE k BETWEEN 3678828 AND 3678928
	Bitmap Heap Scan on sbtest4  (cost=5.42..385.99 rows=96 width=125)
	  Recheck Cond: ((k >= 3678828) AND (k <= 3678928))
	  ->  Bitmap Index Scan on k_4  (cost=0.00..5.39 rows=96 width=0)
	        Index Cond: ((k >= 3678828) AND (k <= 3678928))

table 5 : explain SELECT k, c FROM sbtest5 WHERE k BETWEEN 3678828 AND 3678928
	Bitmap Heap Scan on sbtest5  (cost=5.58..448.84 rows=112 width=125)
	  Recheck Cond: ((k >= 3678828) AND (k <= 3678928))
	  ->  Bitmap Index Scan on k_5  (cost=0.00..5.55 rows=112 width=0)
	        Index Cond: ((k >= 3678828) AND (k <= 3678928))

table 6 : explain SELECT k, c FROM sbtest6 WHERE k BETWEEN 3678828 AND 3678928
	Bitmap Heap Scan on sbtest6  (cost=5.48..409.52 rows=102 width=125)
	  Recheck Cond: ((k >= 3678828) AND (k <= 3678928))
	  ->  Bitmap Index Scan on k_6  (cost=0.00..5.45 rows=102 width=0)
	        Index Cond: ((k >= 3678828) AND (k <= 3678928))

table 7 : explain SELECT k, c FROM sbtest7 WHERE k BETWEEN 3678828 AND 3678928
	Bitmap Heap Scan on sbtest7  (cost=5.49..413.65 rows=103 width=125)
	  Recheck Cond: ((k >= 3678828) AND (k <= 3678928))
	  ->  Bitmap Index Scan on k_7  (cost=0.00..5.46 rows=103 width=0)
	        Index Cond: ((k >= 3678828) AND (k <= 3678928))

table 8 : explain SELECT k, c FROM sbtest8 WHERE k BETWEEN 3678828 AND 3678928
	Bitmap Heap Scan on sbtest8  (cost=5.50..417.54 rows=104 width=125)
	  Recheck Cond: ((k >= 3678828) AND (k <= 3678928))
	  ->  Bitmap Index Scan on k_8  (cost=0.00..5.47 rows=104 width=0)
	        Index Cond: ((k >= 3678828) AND (k <= 3678928))

for range-notcovered
table 1 : explain SELECT k, c FROM sbtest1 WHERE k BETWEEN 4955123 AND 4955223
	Bitmap Heap Scan on sbtest1  (cost=5.53..429.26 rows=107 width=125)
	  Recheck Cond: ((k >= 4955123) AND (k <= 4955223))
	  ->  Bitmap Index Scan on k_1  (cost=0.00..5.50 rows=107 width=0)
	        Index Cond: ((k >= 4955123) AND (k <= 4955223))

table 2 : explain SELECT k, c FROM sbtest2 WHERE k BETWEEN 4955123 AND 4955223
	Bitmap Heap Scan on sbtest2  (cost=5.51..421.34 rows=105 width=125)
	  Recheck Cond: ((k >= 4955123) AND (k <= 4955223))
	  ->  Bitmap Index Scan on k_2  (cost=0.00..5.48 rows=105 width=0)
	        Index Cond: ((k >= 4955123) AND (k <= 4955223))

table 3 : explain SELECT k, c FROM sbtest3 WHERE k BETWEEN 4955123 AND 4955223
	Bitmap Heap Scan on sbtest3  (cost=5.41..381.97 rows=95 width=125)
	  Recheck Cond: ((k >= 4955123) AND (k <= 4955223))
	  ->  Bitmap Index Scan on k_3  (cost=0.00..5.38 rows=95 width=0)
	        Index Cond: ((k >= 4955123) AND (k <= 4955223))

table 4 : explain SELECT k, c FROM sbtest4 WHERE k BETWEEN 4955123 AND 4955223
	Bitmap Heap Scan on sbtest4  (cost=5.40..378.10 rows=94 width=125)
	  Recheck Cond: ((k >= 4955123) AND (k <= 4955223))
	  ->  Bitmap Index Scan on k_4  (cost=0.00..5.38 rows=94 width=0)
	        Index Cond: ((k >= 4955123) AND (k <= 4955223))

table 5 : explain SELECT k, c FROM sbtest5 WHERE k BETWEEN 4955123 AND 4955223
	Bitmap Heap Scan on sbtest5  (cost=5.49..413.37 rows=103 width=125)
	  Recheck Cond: ((k >= 4955123) AND (k <= 4955223))
	  ->  Bitmap Index Scan on k_5  (cost=0.00..5.46 rows=103 width=0)
	        Index Cond: ((k >= 4955123) AND (k <= 4955223))

table 6 : explain SELECT k, c FROM sbtest6 WHERE k BETWEEN 4955123 AND 4955223
	Bitmap Heap Scan on sbtest6  (cost=5.46..401.63 rows=100 width=125)
	  Recheck Cond: ((k >= 4955123) AND (k <= 4955223))
	  ->  Bitmap Index Scan on k_6  (cost=0.00..5.43 rows=100 width=0)
	        Index Cond: ((k >= 4955123) AND (k <= 4955223))

table 7 : explain SELECT k, c FROM sbtest7 WHERE k BETWEEN 4955123 AND 4955223
	Bitmap Heap Scan on sbtest7  (cost=5.47..405.76 rows=101 width=125)
	  Recheck Cond: ((k >= 4955123) AND (k <= 4955223))
	  ->  Bitmap Index Scan on k_7  (cost=0.00..5.44 rows=101 width=0)
	        Index Cond: ((k >= 4955123) AND (k <= 4955223))

table 8 : explain SELECT k, c FROM sbtest8 WHERE k BETWEEN 4955123 AND 4955223
	Bitmap Heap Scan on sbtest8  (cost=5.37..366.22 rows=91 width=125)
	  Recheck Cond: ((k >= 4955123) AND (k <= 4955223))
	  ->  Bitmap Index Scan on k_8  (cost=0.00..5.34 rows=91 width=0)
	        Index Cond: ((k >= 4955123) AND (k <= 4955223))

for range-notcovered
table 1 : explain SELECT k, c FROM sbtest1 WHERE k BETWEEN 4672954 AND 4673054
	Bitmap Heap Scan on sbtest1  (cost=5.52..425.31 rows=106 width=125)
	  Recheck Cond: ((k >= 4672954) AND (k <= 4673054))
	  ->  Bitmap Index Scan on k_1  (cost=0.00..5.50 rows=106 width=0)
	        Index Cond: ((k >= 4672954) AND (k <= 4673054))

table 2 : explain SELECT k, c FROM sbtest2 WHERE k BETWEEN 4672954 AND 4673054
	Bitmap Heap Scan on sbtest2  (cost=5.46..401.62 rows=100 width=125)
	  Recheck Cond: ((k >= 4672954) AND (k <= 4673054))
	  ->  Bitmap Index Scan on k_2  (cost=0.00..5.43 rows=100 width=0)
	        Index Cond: ((k >= 4672954) AND (k <= 4673054))

table 3 : explain SELECT k, c FROM sbtest3 WHERE k BETWEEN 4672954 AND 4673054
	Bitmap Heap Scan on sbtest3  (cost=5.59..452.97 rows=113 width=125)
	  Recheck Cond: ((k >= 4672954) AND (k <= 4673054))
	  ->  Bitmap Index Scan on k_3  (cost=0.00..5.56 rows=113 width=0)
	        Index Cond: ((k >= 4672954) AND (k <= 4673054))

table 4 : explain SELECT k, c FROM sbtest4 WHERE k BETWEEN 4672954 AND 4673054
	Bitmap Heap Scan on sbtest4  (cost=5.54..433.36 rows=108 width=125)
	  Recheck Cond: ((k >= 4672954) AND (k <= 4673054))
	  ->  Bitmap Index Scan on k_4  (cost=0.00..5.51 rows=108 width=0)
	        Index Cond: ((k >= 4672954) AND (k <= 4673054))

table 5 : explain SELECT k, c FROM sbtest5 WHERE k BETWEEN 4672954 AND 4673054
	Bitmap Heap Scan on sbtest5  (cost=5.50..417.31 rows=104 width=125)
	  Recheck Cond: ((k >= 4672954) AND (k <= 4673054))
	  ->  Bitmap Index Scan on k_5  (cost=0.00..5.47 rows=104 width=0)
	        Index Cond: ((k >= 4672954) AND (k <= 4673054))

table 6 : explain SELECT k, c FROM sbtest6 WHERE k BETWEEN 4672954 AND 4673054
	Bitmap Heap Scan on sbtest6  (cost=5.61..460.76 rows=115 width=125)
	  Recheck Cond: ((k >= 4672954) AND (k <= 4673054))
	  ->  Bitmap Index Scan on k_6  (cost=0.00..5.58 rows=115 width=0)
	        Index Cond: ((k >= 4672954) AND (k <= 4673054))

table 7 : explain SELECT k, c FROM sbtest7 WHERE k BETWEEN 4672954 AND 4673054
	Bitmap Heap Scan on sbtest7  (cost=5.53..429.44 rows=107 width=125)
	  Recheck Cond: ((k >= 4672954) AND (k <= 4673054))
	  ->  Bitmap Index Scan on k_7  (cost=0.00..5.50 rows=107 width=0)
	        Index Cond: ((k >= 4672954) AND (k <= 4673054))

table 8 : explain SELECT k, c FROM sbtest8 WHERE k BETWEEN 4672954 AND 4673054
	Bitmap Heap Scan on sbtest8  (cost=5.51..421.49 rows=105 width=125)
	  Recheck Cond: ((k >= 4672954) AND (k <= 4673054))
	  ->  Bitmap Index Scan on k_8  (cost=0.00..5.48 rows=105 width=0)
	        Index Cond: ((k >= 4672954) AND (k <= 4673054))

explain: for range-notcovered :: explain SELECT k, c FROM sbtest%d WHERE k BETWEEN 3678828 AND 3678928
explain: for range-notcovered :: explain SELECT k, c FROM sbtest%d WHERE k BETWEEN 4955123 AND 4955223
explain: for range-notcovered :: explain SELECT k, c FROM sbtest%d WHERE k BETWEEN 4672954 AND 4673054
for range-notcovered
table 1 : explain SELECT k, c FROM sbtest1 WHERE k BETWEEN 5523118 AND 5523218
	Bitmap Heap Scan on sbtest1  (cost=5.47..405.59 rows=101 width=125)
	  Recheck Cond: ((k >= 5523118) AND (k <= 5523218))
	  ->  Bitmap Index Scan on k_1  (cost=0.00..5.44 rows=101 width=0)
	        Index Cond: ((k >= 5523118) AND (k <= 5523218))

table 2 : explain SELECT k, c FROM sbtest2 WHERE k BETWEEN 5523118 AND 5523218
	Bitmap Heap Scan on sbtest2  (cost=5.48..409.51 rows=102 width=125)
	  Recheck Cond: ((k >= 5523118) AND (k <= 5523218))
	  ->  Bitmap Index Scan on k_2  (cost=0.00..5.45 rows=102 width=0)
	        Index Cond: ((k >= 5523118) AND (k <= 5523218))

table 3 : explain SELECT k, c FROM sbtest3 WHERE k BETWEEN 5523118 AND 5523218
	Bitmap Heap Scan on sbtest3  (cost=5.58..449.03 rows=112 width=125)
	  Recheck Cond: ((k >= 5523118) AND (k <= 5523218))
	  ->  Bitmap Index Scan on k_3  (cost=0.00..5.55 rows=112 width=0)
	        Index Cond: ((k >= 5523118) AND (k <= 5523218))

table 4 : explain SELECT k, c FROM sbtest4 WHERE k BETWEEN 5523118 AND 5523218
	Bitmap Heap Scan on sbtest4  (cost=5.49..413.63 rows=103 width=125)
	  Recheck Cond: ((k >= 5523118) AND (k <= 5523218))
	  ->  Bitmap Index Scan on k_4  (cost=0.00..5.46 rows=103 width=0)
	        Index Cond: ((k >= 5523118) AND (k <= 5523218))

table 5 : explain SELECT k, c FROM sbtest5 WHERE k BETWEEN 5523118 AND 5523218
	Bitmap Heap Scan on sbtest5  (cost=5.58..448.84 rows=112 width=125)
	  Recheck Cond: ((k >= 5523118) AND (k <= 5523218))
	  ->  Bitmap Index Scan on k_5  (cost=0.00..5.55 rows=112 width=0)
	        Index Cond: ((k >= 5523118) AND (k <= 5523218))

table 6 : explain SELECT k, c FROM sbtest6 WHERE k BETWEEN 5523118 AND 5523218
	Bitmap Heap Scan on sbtest6  (cost=5.54..433.18 rows=108 width=125)
	  Recheck Cond: ((k >= 5523118) AND (k <= 5523218))
	  ->  Bitmap Index Scan on k_6  (cost=0.00..5.51 rows=108 width=0)
	        Index Cond: ((k >= 5523118) AND (k <= 5523218))

table 7 : explain SELECT k, c FROM sbtest7 WHERE k BETWEEN 5523118 AND 5523218
	Bitmap Heap Scan on sbtest7  (cost=5.44..393.91 rows=98 width=125)
	  Recheck Cond: ((k >= 5523118) AND (k <= 5523218))
	  ->  Bitmap Index Scan on k_7  (cost=0.00..5.42 rows=98 width=0)
	        Index Cond: ((k >= 5523118) AND (k <= 5523218))

table 8 : explain SELECT k, c FROM sbtest8 WHERE k BETWEEN 5523118 AND 5523218
	Bitmap Heap Scan on sbtest8  (cost=5.40..378.07 rows=94 width=125)
	  Recheck Cond: ((k >= 5523118) AND (k <= 5523218))
	  ->  Bitmap Index Scan on k_8  (cost=0.00..5.38 rows=94 width=0)
	        Index Cond: ((k >= 5523118) AND (k <= 5523218))

explain: for range-notcovered :: explain SELECT k, c FROM sbtest%d WHERE k BETWEEN 5523118 AND 5523218
for range-notcovered
table 1 : explain SELECT k, c FROM sbtest1 WHERE k BETWEEN 7109743 AND 7109843
	Bitmap Heap Scan on sbtest1  (cost=5.51..421.37 rows=105 width=125)
	  Recheck Cond: ((k >= 7109743) AND (k <= 7109843))
	  ->  Bitmap Index Scan on k_1  (cost=0.00..5.48 rows=105 width=0)
	        Index Cond: ((k >= 7109743) AND (k <= 7109843))

table 2 : explain SELECT k, c FROM sbtest2 WHERE k BETWEEN 7109743 AND 7109843
	Bitmap Heap Scan on sbtest2  (cost=5.44..393.73 rows=98 width=125)
	  Recheck Cond: ((k >= 7109743) AND (k <= 7109843))
	  ->  Bitmap Index Scan on k_2  (cost=0.00..5.42 rows=98 width=0)
	        Index Cond: ((k >= 7109743) AND (k <= 7109843))

table 3 : explain SELECT k, c FROM sbtest3 WHERE k BETWEEN 7109743 AND 7109843
	Bitmap Heap Scan on sbtest3  (cost=5.47..405.65 rows=101 width=125)
	  Recheck Cond: ((k >= 7109743) AND (k <= 7109843))
	  ->  Bitmap Index Scan on k_3  (cost=0.00..5.44 rows=101 width=0)
	        Index Cond: ((k >= 7109743) AND (k <= 7109843))

table 4 : explain SELECT k, c FROM sbtest4 WHERE k BETWEEN 7109743 AND 7109843
	Bitmap Heap Scan on sbtest4  (cost=5.49..413.63 rows=103 width=125)
	  Recheck Cond: ((k >= 7109743) AND (k <= 7109843))
	  ->  Bitmap Index Scan on k_4  (cost=0.00..5.46 rows=103 width=0)
	        Index Cond: ((k >= 7109743) AND (k <= 7109843))

table 5 : explain SELECT k, c FROM sbtest5 WHERE k BETWEEN 7109743 AND 7109843
	Bitmap Heap Scan on sbtest5  (cost=5.50..417.31 rows=104 width=125)
	  Recheck Cond: ((k >= 7109743) AND (k <= 7109843))
	  ->  Bitmap Index Scan on k_5  (cost=0.00..5.47 rows=104 width=0)
	        Index Cond: ((k >= 7109743) AND (k <= 7109843))

table 6 : explain SELECT k, c FROM sbtest6 WHERE k BETWEEN 7109743 AND 7109843
	Bitmap Heap Scan on sbtest6  (cost=5.44..393.74 rows=98 width=125)
	  Recheck Cond: ((k >= 7109743) AND (k <= 7109843))
	  ->  Bitmap Index Scan on k_6  (cost=0.00..5.42 rows=98 width=0)
	        Index Cond: ((k >= 7109743) AND (k <= 7109843))

table 7 : explain SELECT k, c FROM sbtest7 WHERE k BETWEEN 7109743 AND 7109843
	Bitmap Heap Scan on sbtest7  (cost=5.54..433.38 rows=108 width=125)
	  Recheck Cond: ((k >= 7109743) AND (k <= 7109843))
	  ->  Bitmap Index Scan on k_7  (cost=0.00..5.51 rows=108 width=0)
	        Index Cond: ((k >= 7109743) AND (k <= 7109843))

table 8 : explain SELECT k, c FROM sbtest8 WHERE k BETWEEN 7109743 AND 7109843
	Bitmap Heap Scan on sbtest8  (cost=5.50..417.54 rows=104 width=125)
	  Recheck Cond: ((k >= 7109743) AND (k <= 7109843))
	  ->  Bitmap Index Scan on k_8  (cost=0.00..5.47 rows=104 width=0)
	        Index Cond: ((k >= 7109743) AND (k <= 7109843))

for range-notcovered
table 1 : explain SELECT k, c FROM sbtest1 WHERE k BETWEEN 7343446 AND 7343546
	Bitmap Heap Scan on sbtest1  (cost=5.52..425.31 rows=106 width=125)
	  Recheck Cond: ((k >= 7343446) AND (k <= 7343546))
	  ->  Bitmap Index Scan on k_1  (cost=0.00..5.50 rows=106 width=0)
	        Index Cond: ((k >= 7343446) AND (k <= 7343546))

table 2 : explain SELECT k, c FROM sbtest2 WHERE k BETWEEN 7343446 AND 7343546
	Bitmap Heap Scan on sbtest2  (cost=5.46..401.62 rows=100 width=125)
	  Recheck Cond: ((k >= 7343446) AND (k <= 7343546))
	  ->  Bitmap Index Scan on k_2  (cost=0.00..5.43 rows=100 width=0)
	        Index Cond: ((k >= 7343446) AND (k <= 7343546))

table 3 : explain SELECT k, c FROM sbtest3 WHERE k BETWEEN 7343446 AND 7343546
	Bitmap Heap Scan on sbtest3  (cost=5.50..417.49 rows=104 width=125)
	  Recheck Cond: ((k >= 7343446) AND (k <= 7343546))
	  ->  Bitmap Index Scan on k_3  (cost=0.00..5.47 rows=104 width=0)
	        Index Cond: ((k >= 7343446) AND (k <= 7343546))

table 4 : explain SELECT k, c FROM sbtest4 WHERE k BETWEEN 7343446 AND 7343546
	Bitmap Heap Scan on sbtest4  (cost=5.42..385.99 rows=96 width=125)
	  Recheck Cond: ((k >= 7343446) AND (k <= 7343546))
	  ->  Bitmap Index Scan on k_4  (cost=0.00..5.39 rows=96 width=0)
	        Index Cond: ((k >= 7343446) AND (k <= 7343546))

table 5 : explain SELECT k, c FROM sbtest5 WHERE k BETWEEN 7343446 AND 7343546
	Bitmap Heap Scan on sbtest5  (cost=5.53..429.14 rows=107 width=125)
	  Recheck Cond: ((k >= 7343446) AND (k <= 7343546))
	  ->  Bitmap Index Scan on k_5  (cost=0.00..5.50 rows=107 width=0)
	        Index Cond: ((k >= 7343446) AND (k <= 7343546))

table 6 : explain SELECT k, c FROM sbtest6 WHERE k BETWEEN 7343446 AND 7343546
	Bitmap Heap Scan on sbtest6  (cost=5.56..441.06 rows=110 width=125)
	  Recheck Cond: ((k >= 7343446) AND (k <= 7343546))
	  ->  Bitmap Index Scan on k_6  (cost=0.00..5.53 rows=110 width=0)
	        Index Cond: ((k >= 7343446) AND (k <= 7343546))

table 7 : explain SELECT k, c FROM sbtest7 WHERE k BETWEEN 7343446 AND 7343546
	Bitmap Heap Scan on sbtest7  (cost=5.44..393.91 rows=98 width=125)
	  Recheck Cond: ((k >= 7343446) AND (k <= 7343546))
	  ->  Bitmap Index Scan on k_7  (cost=0.00..5.42 rows=98 width=0)
	        Index Cond: ((k >= 7343446) AND (k <= 7343546))

table 8 : explain SELECT k, c FROM sbtest8 WHERE k BETWEEN 7343446 AND 7343546
	Bitmap Heap Scan on sbtest8  (cost=5.55..437.27 rows=109 width=125)
	  Recheck Cond: ((k >= 7343446) AND (k <= 7343546))
	  ->  Bitmap Index Scan on k_8  (cost=0.00..5.52 rows=109 width=0)
	        Index Cond: ((k >= 7343446) AND (k <= 7343546))

for range-notcovered
table 1 : explain SELECT k, c FROM sbtest1 WHERE k BETWEEN 8565714 AND 8565814
	Bitmap Heap Scan on sbtest1  (cost=5.45..397.70 rows=99 width=125)
	  Recheck Cond: ((k >= 8565714) AND (k <= 8565814))
	  ->  Bitmap Index Scan on k_1  (cost=0.00..5.42 rows=99 width=0)
	        Index Cond: ((k >= 8565714) AND (k <= 8565814))

table 2 : explain SELECT k, c FROM sbtest2 WHERE k BETWEEN 8565714 AND 8565814
	Bitmap Heap Scan on sbtest2  (cost=5.52..425.28 rows=106 width=125)
	  Recheck Cond: ((k >= 8565714) AND (k <= 8565814))
	  ->  Bitmap Index Scan on k_2  (cost=0.00..5.50 rows=106 width=0)
	        Index Cond: ((k >= 8565714) AND (k <= 8565814))

table 3 : explain SELECT k, c FROM sbtest3 WHERE k BETWEEN 8565714 AND 8565814
	Bitmap Heap Scan on sbtest3  (cost=5.59..452.97 rows=113 width=125)
	  Recheck Cond: ((k >= 8565714) AND (k <= 8565814))
	  ->  Bitmap Index Scan on k_3  (cost=0.00..5.56 rows=113 width=0)
	        Index Cond: ((k >= 8565714) AND (k <= 8565814))

table 4 : explain SELECT k, c FROM sbtest4 WHERE k BETWEEN 8565714 AND 8565814
	Bitmap Heap Scan on sbtest4  (cost=5.43..389.94 rows=97 width=125)
	  Recheck Cond: ((k >= 8565714) AND (k <= 8565814))
	  ->  Bitmap Index Scan on k_4  (cost=0.00..5.40 rows=97 width=0)
	        Index Cond: ((k >= 8565714) AND (k <= 8565814))

table 5 : explain SELECT k, c FROM sbtest5 WHERE k BETWEEN 8565714 AND 8565814
	Bitmap Heap Scan on sbtest5  (cost=5.47..405.48 rows=101 width=125)
	  Recheck Cond: ((k >= 8565714) AND (k <= 8565814))
	  ->  Bitmap Index Scan on k_5  (cost=0.00..5.44 rows=101 width=0)
	        Index Cond: ((k >= 8565714) AND (k <= 8565814))

table 6 : explain SELECT k, c FROM sbtest6 WHERE k BETWEEN 8565714 AND 8565814
	Bitmap Heap Scan on sbtest6  (cost=5.42..385.84 rows=96 width=125)
	  Recheck Cond: ((k >= 8565714) AND (k <= 8565814))
	  ->  Bitmap Index Scan on k_6  (cost=0.00..5.39 rows=96 width=0)
	        Index Cond: ((k >= 8565714) AND (k <= 8565814))

table 7 : explain SELECT k, c FROM sbtest7 WHERE k BETWEEN 8565714 AND 8565814
	Bitmap Heap Scan on sbtest7  (cost=5.40..378.11 rows=94 width=125)
	  Recheck Cond: ((k >= 8565714) AND (k <= 8565814))
	  ->  Bitmap Index Scan on k_7  (cost=0.00..5.38 rows=94 width=0)
	        Index Cond: ((k >= 8565714) AND (k <= 8565814))

table 8 : explain SELECT k, c FROM sbtest8 WHERE k BETWEEN 8565714 AND 8565814
	Bitmap Heap Scan on sbtest8  (cost=5.46..401.76 rows=100 width=125)
	  Recheck Cond: ((k >= 8565714) AND (k <= 8565814))
	  ->  Bitmap Index Scan on k_8  (cost=0.00..5.43 rows=100 width=0)
	        Index Cond: ((k >= 8565714) AND (k <= 8565814))

explain: for range-notcovered :: explain SELECT k, c FROM sbtest%d WHERE k BETWEEN 7109743 AND 7109843
explain: for range-notcovered :: explain SELECT k, c FROM sbtest%d WHERE k BETWEEN 7343446 AND 7343546
explain: for range-notcovered :: explain SELECT k, c FROM sbtest%d WHERE k BETWEEN 8565714 AND 8565814
for range-notcovered
table 1 : explain SELECT k, c FROM sbtest1 WHERE k BETWEEN 5027005 AND 5027105
	Bitmap Heap Scan on sbtest1  (cost=5.53..429.26 rows=107 width=125)
	  Recheck Cond: ((k >= 5027005) AND (k <= 5027105))
	  ->  Bitmap Index Scan on k_1  (cost=0.00..5.50 rows=107 width=0)
	        Index Cond: ((k >= 5027005) AND (k <= 5027105))

table 2 : explain SELECT k, c FROM sbtest2 WHERE k BETWEEN 5027005 AND 5027105
	Bitmap Heap Scan on sbtest2  (cost=5.51..421.34 rows=105 width=125)
	  Recheck Cond: ((k >= 5027005) AND (k <= 5027105))
	  ->  Bitmap Index Scan on k_2  (cost=0.00..5.48 rows=105 width=0)
	        Index Cond: ((k >= 5027005) AND (k <= 5027105))

table 3 : explain SELECT k, c FROM sbtest3 WHERE k BETWEEN 5027005 AND 5027105
	Bitmap Heap Scan on sbtest3  (cost=5.43..389.86 rows=97 width=125)
	  Recheck Cond: ((k >= 5027005) AND (k <= 5027105))
	  ->  Bitmap Index Scan on k_3  (cost=0.00..5.40 rows=97 width=0)
	        Index Cond: ((k >= 5027005) AND (k <= 5027105))

table 4 : explain SELECT k, c FROM sbtest4 WHERE k BETWEEN 5027005 AND 5027105
	Bitmap Heap Scan on sbtest4  (cost=5.39..374.15 rows=93 width=125)
	  Recheck Cond: ((k >= 5027005) AND (k <= 5027105))
	  ->  Bitmap Index Scan on k_4  (cost=0.00..5.36 rows=93 width=0)
	        Index Cond: ((k >= 5027005) AND (k <= 5027105))

table 5 : explain SELECT k, c FROM sbtest5 WHERE k BETWEEN 5027005 AND 5027105
	Bitmap Heap Scan on sbtest5  (cost=5.55..437.02 rows=109 width=125)
	  Recheck Cond: ((k >= 5027005) AND (k <= 5027105))
	  ->  Bitmap Index Scan on k_5  (cost=0.00..5.52 rows=109 width=0)
	        Index Cond: ((k >= 5027005) AND (k <= 5027105))

table 6 : explain SELECT k, c FROM sbtest6 WHERE k BETWEEN 5027005 AND 5027105
	Bitmap Heap Scan on sbtest6  (cost=5.49..413.46 rows=103 width=125)
	  Recheck Cond: ((k >= 5027005) AND (k <= 5027105))
	  ->  Bitmap Index Scan on k_6  (cost=0.00..5.46 rows=103 width=0)
	        Index Cond: ((k >= 5027005) AND (k <= 5027105))

table 7 : explain SELECT k, c FROM sbtest7 WHERE k BETWEEN 5027005 AND 5027105
	Bitmap Heap Scan on sbtest7  (cost=5.54..433.38 rows=108 width=125)
	  Recheck Cond: ((k >= 5027005) AND (k <= 5027105))
	  ->  Bitmap Index Scan on k_7  (cost=0.00..5.51 rows=108 width=0)
	        Index Cond: ((k >= 5027005) AND (k <= 5027105))

table 8 : explain SELECT k, c FROM sbtest8 WHERE k BETWEEN 5027005 AND 5027105
	Bitmap Heap Scan on sbtest8  (cost=5.46..401.76 rows=100 width=125)
	  Recheck Cond: ((k >= 5027005) AND (k <= 5027105))
	  ->  Bitmap Index Scan on k_8  (cost=0.00..5.43 rows=100 width=0)
	        Index Cond: ((k >= 5027005) AND (k <= 5027105))

explain: for range-notcovered :: explain SELECT k, c FROM sbtest%d WHERE k BETWEEN 5027005 AND 5027105
for range-notcovered
table 1 : explain SELECT k, c FROM sbtest1 WHERE k BETWEEN 3899892 AND 3899992
	Bitmap Heap Scan on sbtest1  (cost=5.53..429.26 rows=107 width=125)
	  Recheck Cond: ((k >= 3899892) AND (k <= 3899992))
	  ->  Bitmap Index Scan on k_1  (cost=0.00..5.50 rows=107 width=0)
	        Index Cond: ((k >= 3899892) AND (k <= 3899992))

table 2 : explain SELECT k, c FROM sbtest2 WHERE k BETWEEN 3899892 AND 3899992
	Bitmap Heap Scan on sbtest2  (cost=5.50..417.39 rows=104 width=125)
	  Recheck Cond: ((k >= 3899892) AND (k <= 3899992))
	  ->  Bitmap Index Scan on k_2  (cost=0.00..5.47 rows=104 width=0)
	        Index Cond: ((k >= 3899892) AND (k <= 3899992))

table 3 : explain SELECT k, c FROM sbtest3 WHERE k BETWEEN 3899892 AND 3899992
	Bitmap Heap Scan on sbtest3  (cost=5.51..421.43 rows=105 width=125)
	  Recheck Cond: ((k >= 3899892) AND (k <= 3899992))
	  ->  Bitmap Index Scan on k_3  (cost=0.00..5.48 rows=105 width=0)
	        Index Cond: ((k >= 3899892) AND (k <= 3899992))

table 4 : explain SELECT k, c FROM sbtest4 WHERE k BETWEEN 3899892 AND 3899992
	Bitmap Heap Scan on sbtest4  (cost=5.57..445.19 rows=111 width=125)
	  Recheck Cond: ((k >= 3899892) AND (k <= 3899992))
	  ->  Bitmap Index Scan on k_4  (cost=0.00..5.54 rows=111 width=0)
	        Index Cond: ((k >= 3899892) AND (k <= 3899992))

table 5 : explain SELECT k, c FROM sbtest5 WHERE k BETWEEN 3899892 AND 3899992
	Bitmap Heap Scan on sbtest5  (cost=5.36..362.08 rows=90 width=125)
	  Recheck Cond: ((k >= 3899892) AND (k <= 3899992))
	  ->  Bitmap Index Scan on k_5  (cost=0.00..5.33 rows=90 width=0)
	        Index Cond: ((k >= 3899892) AND (k <= 3899992))

table 6 : explain SELECT k, c FROM sbtest6 WHERE k BETWEEN 3899892 AND 3899992
	Bitmap Heap Scan on sbtest6  (cost=5.59..452.88 rows=113 width=125)
	  Recheck Cond: ((k >= 3899892) AND (k <= 3899992))
	  ->  Bitmap Index Scan on k_6  (cost=0.00..5.56 rows=113 width=0)
	        Index Cond: ((k >= 3899892) AND (k <= 3899992))

table 7 : explain SELECT k, c FROM sbtest7 WHERE k BETWEEN 3899892 AND 3899992
	Bitmap Heap Scan on sbtest7  (cost=5.56..441.27 rows=110 width=125)
	  Recheck Cond: ((k >= 3899892) AND (k <= 3899992))
	  ->  Bitmap Index Scan on k_7  (cost=0.00..5.53 rows=110 width=0)
	        Index Cond: ((k >= 3899892) AND (k <= 3899992))

table 8 : explain SELECT k, c FROM sbtest8 WHERE k BETWEEN 3899892 AND 3899992
	Bitmap Heap Scan on sbtest8  (cost=5.58..449.10 rows=112 width=125)
	  Recheck Cond: ((k >= 3899892) AND (k <= 3899992))
	  ->  Bitmap Index Scan on k_8  (cost=0.00..5.55 rows=112 width=0)
	        Index Cond: ((k >= 3899892) AND (k <= 3899992))

for range-notcovered
table 1 : explain SELECT k, c FROM sbtest1 WHERE k BETWEEN 5016461 AND 5016561
	Bitmap Heap Scan on sbtest1  (cost=5.53..429.26 rows=107 width=125)
	  Recheck Cond: ((k >= 5016461) AND (k <= 5016561))
	  ->  Bitmap Index Scan on k_1  (cost=0.00..5.50 rows=107 width=0)
	        Index Cond: ((k >= 5016461) AND (k <= 5016561))

table 2 : explain SELECT k, c FROM sbtest2 WHERE k BETWEEN 5016461 AND 5016561
	Bitmap Heap Scan on sbtest2  (cost=5.51..421.34 rows=105 width=125)
	  Recheck Cond: ((k >= 5016461) AND (k <= 5016561))
	  ->  Bitmap Index Scan on k_2  (cost=0.00..5.48 rows=105 width=0)
	        Index Cond: ((k >= 5016461) AND (k <= 5016561))

table 3 : explain SELECT k, c FROM sbtest3 WHERE k BETWEEN 5016461 AND 5016561
	Bitmap Heap Scan on sbtest3  (cost=5.43..389.86 rows=97 width=125)
	  Recheck Cond: ((k >= 5016461) AND (k <= 5016561))
	  ->  Bitmap Index Scan on k_3  (cost=0.00..5.40 rows=97 width=0)
	        Index Cond: ((k >= 5016461) AND (k <= 5016561))

table 4 : explain SELECT k, c FROM sbtest4 WHERE k BETWEEN 5016461 AND 5016561
	Bitmap Heap Scan on sbtest4  (cost=5.39..374.15 rows=93 width=125)
	  Recheck Cond: ((k >= 5016461) AND (k <= 5016561))
	  ->  Bitmap Index Scan on k_4  (cost=0.00..5.36 rows=93 width=0)
	        Index Cond: ((k >= 5016461) AND (k <= 5016561))

table 5 : explain SELECT k, c FROM sbtest5 WHERE k BETWEEN 5016461 AND 5016561
	Bitmap Heap Scan on sbtest5  (cost=5.55..437.02 rows=109 width=125)
	  Recheck Cond: ((k >= 5016461) AND (k <= 5016561))
	  ->  Bitmap Index Scan on k_5  (cost=0.00..5.52 rows=109 width=0)
	        Index Cond: ((k >= 5016461) AND (k <= 5016561))

table 6 : explain SELECT k, c FROM sbtest6 WHERE k BETWEEN 5016461 AND 5016561
	Bitmap Heap Scan on sbtest6  (cost=5.49..413.46 rows=103 width=125)
	  Recheck Cond: ((k >= 5016461) AND (k <= 5016561))
	  ->  Bitmap Index Scan on k_6  (cost=0.00..5.46 rows=103 width=0)
	        Index Cond: ((k >= 5016461) AND (k <= 5016561))

table 7 : explain SELECT k, c FROM sbtest7 WHERE k BETWEEN 5016461 AND 5016561
	Bitmap Heap Scan on sbtest7  (cost=5.54..433.38 rows=108 width=125)
	  Recheck Cond: ((k >= 5016461) AND (k <= 5016561))
	  ->  Bitmap Index Scan on k_7  (cost=0.00..5.51 rows=108 width=0)
	        Index Cond: ((k >= 5016461) AND (k <= 5016561))

table 8 : explain SELECT k, c FROM sbtest8 WHERE k BETWEEN 5016461 AND 5016561
	Bitmap Heap Scan on sbtest8  (cost=5.46..401.76 rows=100 width=125)
	  Recheck Cond: ((k >= 5016461) AND (k <= 5016561))
	  ->  Bitmap Index Scan on k_8  (cost=0.00..5.43 rows=100 width=0)
	        Index Cond: ((k >= 5016461) AND (k <= 5016561))
explain: for range-notcovered :: explain SELECT k, c FROM sbtest%d WHERE k BETWEEN 3899892 AND 3899992for range-notcovered
table 1 : explain SELECT k, c FROM sbtest1 WHERE k BETWEEN 3678828 AND 3678928
	Bitmap Heap Scan on sbtest1  (cost=5.37..366.12 rows=91 width=125)
	  Recheck Cond: ((k >= 3678828) AND (k <= 3678928))
	  ->  Bitmap Index Scan on k_1  (cost=0.00..5.34 rows=91 width=0)
	        Index Cond: ((k >= 3678828) AND (k <= 3678928))

table 2 : explain SELECT k, c FROM sbtest2 WHERE k BETWEEN 3678828 AND 3678928
	Bitmap Heap Scan on sbtest2  (cost=5.59..452.87 rows=113 width=125)
	  Recheck Cond: ((k >= 3678828) AND (k <= 3678928))
	  ->  Bitmap Index Scan on k_2  (cost=0.00..5.56 rows=113 width=0)
	        Index Cond: ((k >= 3678828) AND (k <= 3678928))

table 3 : explain SELECT k, c FROM sbtest3 WHERE k BETWEEN 3678828 AND 3678928
	Bitmap Heap Scan on sbtest3  (cost=5.49..413.54 rows=103 width=125)
	  Recheck Cond: ((k >= 3678828) AND (k <= 3678928))
	  ->  Bitmap Index Scan on k_3  (cost=0.00..5.46 rows=103 width=0)
	        Index Cond: ((k >= 3678828) AND (k <= 3678928))

table 4 : explain SELECT k, c FROM sbtest4 WHERE k BETWEEN 3678828 AND 3678928
	Bitmap Heap Scan on sbtest4  (cost=5.42..385.99 rows=96 width=125)
	  Recheck Cond: ((k >= 3678828) AND (k <= 3678928))
	  ->  Bitmap Index Scan on k_4  (cost=0.00..5.39 rows=96 width=0)
	        Index Cond: ((k >= 3678828) AND (k <= 3678928))

table 5 : explain SELECT k, c FROM sbtest5 WHERE k BETWEEN 3678828 AND 3678928
	Bitmap Heap Scan on sbtest5  (cost=5.58..448.84 rows=112 width=125)
	  Recheck Cond: ((k >= 3678828) AND (k <= 3678928))
	  ->  Bitmap Index Scan on k_5  (cost=0.00..5.55 rows=112 width=0)
	        Index Cond: ((k >= 3678828) AND (k <= 3678928))

table 6 : explain SELECT k, c FROM sbtest6 WHERE k BETWEEN 3678828 AND 3678928
	Bitmap Heap Scan on sbtest6  (cost=5.48..409.52 rows=102 width=125)
	  Recheck Cond: ((k >= 3678828) AND (k <= 3678928))
	  ->  Bitmap Index Scan on k_6  (cost=0.00..5.45 rows=102 width=0)
	        Index Cond: ((k >= 3678828) AND (k <= 3678928))

table 7 : explain SELECT k, c FROM sbtest7 WHERE k BETWEEN 3678828 AND 3678928
	Bitmap Heap Scan on sbtest7  (cost=5.49..413.65 rows=103 width=125)
	  Recheck Cond: ((k >= 3678828) AND (k <= 3678928))
	  ->  Bitmap Index Scan on k_7  (cost=0.00..5.46 rows=103 width=0)
	        Index Cond: ((k >= 3678828) AND (k <= 3678928))

table 8 : explain SELECT k, c FROM sbtest8 WHERE k BETWEEN 3678828 AND 3678928
	Bitmap Heap Scan on sbtest8  (cost=5.50..417.54 rows=104 width=125)
	  Recheck Cond: ((k >= 3678828) AND (k <= 3678928))
	  ->  Bitmap Index Scan on k_8  (cost=0.00..5.47 rows=104 width=0)
	        Index Cond: ((k >= 3678828) AND (k <= 3678928))

for range-notcovered
table 1 : explain SELECT k, c FROM sbtest1 WHERE k BETWEEN 4955123 AND 4955223
	Bitmap Heap Scan on sbtest1  (cost=5.53..429.26 rows=107 width=125)
	  Recheck Cond: ((k >= 4955123) AND (k <= 4955223))
	  ->  Bitmap Index Scan on k_1  (cost=0.00..5.50 rows=107 width=0)
	        Index Cond: ((k >= 4955123) AND (k <= 4955223))

table 2 : explain SELECT k, c FROM sbtest2 WHERE k BETWEEN 4955123 AND 4955223
	Bitmap Heap Scan on sbtest2  (cost=5.51..421.34 rows=105 width=125)
	  Recheck Cond: ((k >= 4955123) AND (k <= 4955223))
	  ->  Bitmap Index Scan on k_2  (cost=0.00..5.48 rows=105 width=0)
	        Index Cond: ((k >= 4955123) AND (k <= 4955223))

table 3 : explain SELECT k, c FROM sbtest3 WHERE k BETWEEN 4955123 AND 4955223
	Bitmap Heap Scan on sbtest3  (cost=5.41..381.97 rows=95 width=125)
	  Recheck Cond: ((k >= 4955123) AND (k <= 4955223))
	  ->  Bitmap Index Scan on k_3  (cost=0.00..5.38 rows=95 width=0)
	        Index Cond: ((k >= 4955123) AND (k <= 4955223))

table 4 : explain SELECT k, c FROM sbtest4 WHERE k BETWEEN 4955123 AND 4955223
	Bitmap Heap Scan on sbtest4  (cost=5.40..378.10 rows=94 width=125)
	  Recheck Cond: ((k >= 4955123) AND (k <= 4955223))
	  ->  Bitmap Index Scan on k_4  (cost=0.00..5.38 rows=94 width=0)
	        Index Cond: ((k >= 4955123) AND (k <= 4955223))

table 5 : explain SELECT k, c FROM sbtest5 WHERE k BETWEEN 4955123 AND 4955223
	Bitmap Heap Scan on sbtest5  (cost=5.49..413.37 rows=103 width=125)
	  Recheck Cond: ((k >= 4955123) AND (k <= 4955223))
	  ->  Bitmap Index Scan on k_5  (cost=0.00..5.46 rows=103 width=0)
	        Index Cond: ((k >= 4955123) AND (k <= 4955223))

table 6 : explain SELECT k, c FROM sbtest6 WHERE k BETWEEN 4955123 AND 4955223
	Bitmap Heap Scan on sbtest6  (cost=5.46..401.63 rows=100 width=125)
	  Recheck Cond: ((k >= 4955123) AND (k <= 4955223))
	  ->  Bitmap Index Scan on k_6  (cost=0.00..5.43 rows=100 width=0)
	        Index Cond: ((k >= 4955123) AND (k <= 4955223))

table 7 : explain SELECT k, c FROM sbtest7 WHERE k BETWEEN 4955123 AND 4955223
	Bitmap Heap Scan on sbtest7  (cost=5.47..405.76 rows=101 width=125)
	  Recheck Cond: ((k >= 4955123) AND (k <= 4955223))
	  ->  Bitmap Index Scan on k_7  (cost=0.00..5.44 rows=101 width=0)
	        Index Cond: ((k >= 4955123) AND (k <= 4955223))

table 8 : explain SELECT k, c FROM sbtest8 WHERE k BETWEEN 4955123 AND 4955223
	Bitmap Heap Scan on sbtest8  (cost=5.37..366.22 rows=91 width=125)
	  Recheck Cond: ((k >= 4955123) AND (k <= 4955223))
	  ->  Bitmap Index Scan on k_8  (cost=0.00..5.34 rows=91 width=0)
	        Index Cond: ((k >= 4955123) AND (k <= 4955223))



explain: for range-notcovered :: explain SELECT k, c FROM sbtest%d WHERE k BETWEEN 3678828 AND 3678928
for range-notcovered
table 1 : explain SELECT k, c FROM sbtest1 WHERE k BETWEEN 5523118 AND 5523218
	Bitmap Heap Scan on sbtest1  (cost=5.47..405.59 rows=101 width=125)
	  Recheck Cond: ((k >= 5523118) AND (k <= 5523218))
	  ->  Bitmap Index Scan on k_1  (cost=0.00..5.44 rows=101 width=0)
	        Index Cond: ((k >= 5523118) AND (k <= 5523218))

table 2 : explain SELECT k, c FROM sbtest2 WHERE k BETWEEN 5523118 AND 5523218
	Bitmap Heap Scan on sbtest2  (cost=5.48..409.51 rows=102 width=125)
	  Recheck Cond: ((k >= 5523118) AND (k <= 5523218))
	  ->  Bitmap Index Scan on k_2  (cost=0.00..5.45 rows=102 width=0)
	        Index Cond: ((k >= 5523118) AND (k <= 5523218))

table 3 : explain SELECT k, c FROM sbtest3 WHERE k BETWEEN 5523118 AND 5523218
	Bitmap Heap Scan on sbtest3  (cost=5.58..449.03 rows=112 width=125)
	  Recheck Cond: ((k >= 5523118) AND (k <= 5523218))
	  ->  Bitmap Index Scan on k_3  (cost=0.00..5.55 rows=112 width=0)
	        Index Cond: ((k >= 5523118) AND (k <= 5523218))

table 4 : explain SELECT k, c FROM sbtest4 WHERE k BETWEEN 5523118 AND 5523218
	Bitmap Heap Scan on sbtest4  (cost=5.49..413.63 rows=103 width=125)
	  Recheck Cond: ((k >= 5523118) AND (k <= 5523218))
	  ->  Bitmap Index Scan on k_4  (cost=0.00..5.46 rows=103 width=0)
	        Index Cond: ((k >= 5523118) AND (k <= 5523218))

table 5 : explain SELECT k, c FROM sbtest5 WHERE k BETWEEN 5523118 AND 5523218
	Bitmap Heap Scan on sbtest5  (cost=5.58..448.84 rows=112 width=125)
	  Recheck Cond: ((k >= 5523118) AND (k <= 5523218))
	  ->  Bitmap Index Scan on k_5  (cost=0.00..5.55 rows=112 width=0)
	        Index Cond: ((k >= 5523118) AND (k <= 5523218))

table 6 : explain SELECT k, c FROM sbtest6 WHERE k BETWEEN 5523118 AND 5523218
	Bitmap Heap Scan on sbtest6  (cost=5.54..433.18 rows=108 width=125)
	  Recheck Cond: ((k >= 5523118) AND (k <= 5523218))
	  ->  Bitmap Index Scan on k_6  (cost=0.00..5.51 rows=108 width=0)
	        Index Cond: ((k >= 5523118) AND (k <= 5523218))

table 7 : explain SELECT k, c FROM sbtest7 WHERE k BETWEEN 5523118 AND 5523218
	Bitmap Heap Scan on sbtest7  (cost=5.44..393.91 rows=98 width=125)
	  Recheck Cond: ((k >= 5523118) AND (k <= 5523218))
	  ->  Bitmap Index Scan on k_7  (cost=0.00..5.42 rows=98 width=0)
	        Index Cond: ((k >= 5523118) AND (k <= 5523218))

table 8 : explain SELECT k, c FROM sbtest8 WHERE k BETWEEN 5523118 AND 5523218
	Bitmap Heap Scan on sbtest8  (cost=5.40..378.07 rows=94 width=125)
	  Recheck Cond: ((k >= 5523118) AND (k <= 5523218))
	  ->  Bitmap Index Scan on k_8  (cost=0.00..5.38 rows=94 width=0)
	        Index Cond: ((k >= 5523118) AND (k <= 5523218))

explain: for range-notcovered :: explain SELECT k, c FROM sbtest%d WHERE k BETWEEN 4955123 AND 4955223
explain: for range-notcovered :: explain SELECT k, c FROM sbtest%d WHERE k BETWEEN 5016461 AND 5016561
for range-notcovered
table 1 : explain SELECT k, c FROM sbtest1 WHERE k BETWEEN 4672954 AND 4673054
	Bitmap Heap Scan on sbtest1  (cost=5.52..425.31 rows=106 width=125)
	  Recheck Cond: ((k >= 4672954) AND (k <= 4673054))
	  ->  Bitmap Index Scan on k_1  (cost=0.00..5.50 rows=106 width=0)
	        Index Cond: ((k >= 4672954) AND (k <= 4673054))

table 2 : explain SELECT k, c FROM sbtest2 WHERE k BETWEEN 4672954 AND 4673054
	Bitmap Heap Scan on sbtest2  (cost=5.46..401.62 rows=100 width=125)
	  Recheck Cond: ((k >= 4672954) AND (k <= 4673054))
	  ->  Bitmap Index Scan on k_2  (cost=0.00..5.43 rows=100 width=0)
	        Index Cond: ((k >= 4672954) AND (k <= 4673054))

table 3 : explain SELECT k, c FROM sbtest3 WHERE k BETWEEN 4672954 AND 4673054
	Bitmap Heap Scan on sbtest3  (cost=5.59..452.97 rows=113 width=125)
	  Recheck Cond: ((k >= 4672954) AND (k <= 4673054))
	  ->  Bitmap Index Scan on k_3  (cost=0.00..5.56 rows=113 width=0)
	        Index Cond: ((k >= 4672954) AND (k <= 4673054))

table 4 : explain SELECT k, c FROM sbtest4 WHERE k BETWEEN 4672954 AND 4673054
	Bitmap Heap Scan on sbtest4  (cost=5.54..433.36 rows=108 width=125)
	  Recheck Cond: ((k >= 4672954) AND (k <= 4673054))
	  ->  Bitmap Index Scan on k_4  (cost=0.00..5.51 rows=108 width=0)
	        Index Cond: ((k >= 4672954) AND (k <= 4673054))

table 5 : explain SELECT k, c FROM sbtest5 WHERE k BETWEEN 4672954 AND 4673054
	Bitmap Heap Scan on sbtest5  (cost=5.50..417.31 rows=104 width=125)
	  Recheck Cond: ((k >= 4672954) AND (k <= 4673054))
	  ->  Bitmap Index Scan on k_5  (cost=0.00..5.47 rows=104 width=0)
	        Index Cond: ((k >= 4672954) AND (k <= 4673054))

table 6 : explain SELECT k, c FROM sbtest6 WHERE k BETWEEN 4672954 AND 4673054
	Bitmap Heap Scan on sbtest6  (cost=5.61..460.76 rows=115 width=125)
	  Recheck Cond: ((k >= 4672954) AND (k <= 4673054))
	  ->  Bitmap Index Scan on k_6  (cost=0.00..5.58 rows=115 width=0)
	        Index Cond: ((k >= 4672954) AND (k <= 4673054))

table 7 : explain SELECT k, c FROM sbtest7 WHERE k BETWEEN 4672954 AND 4673054
	Bitmap Heap Scan on sbtest7  (cost=5.53..429.44 rows=107 width=125)
	  Recheck Cond: ((k >= 4672954) AND (k <= 4673054))
	  ->  Bitmap Index Scan on k_7  (cost=0.00..5.50 rows=107 width=0)
	        Index Cond: ((k >= 4672954) AND (k <= 4673054))

table 8 : explain SELECT k, c FROM sbtest8 WHERE k BETWEEN 4672954 AND 4673054
	Bitmap Heap Scan on sbtest8  (cost=5.51..421.49 rows=105 width=125)
	  Recheck Cond: ((k >= 4672954) AND (k <= 4673054))
	  ->  Bitmap Index Scan on k_8  (cost=0.00..5.48 rows=105 width=0)
	        Index Cond: ((k >= 4672954) AND (k <= 4673054))

explain: for range-notcovered :: explain SELECT k, c FROM sbtest%d WHERE k BETWEEN 4672954 AND 4673054
for range-notcovered
table 1 : explain SELECT k, c FROM sbtest1 WHERE k BETWEEN 7343446 AND 7343546
	Bitmap Heap Scan on sbtest1  (cost=5.52..425.31 rows=106 width=125)
	  Recheck Cond: ((k >= 7343446) AND (k <= 7343546))
	  ->  Bitmap Index Scan on k_1  (cost=0.00..5.50 rows=106 width=0)
	        Index Cond: ((k >= 7343446) AND (k <= 7343546))

table 2 : explain SELECT k, c FROM sbtest2 WHERE k BETWEEN 7343446 AND 7343546
	Bitmap Heap Scan on sbtest2  (cost=5.46..401.62 rows=100 width=125)
	  Recheck Cond: ((k >= 7343446) AND (k <= 7343546))
	  ->  Bitmap Index Scan on k_2  (cost=0.00..5.43 rows=100 width=0)
	        Index Cond: ((k >= 7343446) AND (k <= 7343546))

table 3 : explain SELECT k, c FROM sbtest3 WHERE k BETWEEN 7343446 AND 7343546
	Bitmap Heap Scan on sbtest3  (cost=5.50..417.49 rows=104 width=125)
	  Recheck Cond: ((k >= 7343446) AND (k <= 7343546))
	  ->  Bitmap Index Scan on k_3  (cost=0.00..5.47 rows=104 width=0)
	        Index Cond: ((k >= 7343446) AND (k <= 7343546))

table 4 : explain SELECT k, c FROM sbtest4 WHERE k BETWEEN 7343446 AND 7343546
	Bitmap Heap Scan on sbtest4  (cost=5.42..385.99 rows=96 width=125)
	  Recheck Cond: ((k >= 7343446) AND (k <= 7343546))
	  ->  Bitmap Index Scan on k_4  (cost=0.00..5.39 rows=96 width=0)
	        Index Cond: ((k >= 7343446) AND (k <= 7343546))

table 5 : explain SELECT k, c FROM sbtest5 WHERE k BETWEEN 7343446 AND 7343546
	Bitmap Heap Scan on sbtest5  (cost=5.53..429.14 rows=107 width=125)
	  Recheck Cond: ((k >= 7343446) AND (k <= 7343546))
	  ->  Bitmap Index Scan on k_5  (cost=0.00..5.50 rows=107 width=0)
	        Index Cond: ((k >= 7343446) AND (k <= 7343546))

table 6 : explain SELECT k, c FROM sbtest6 WHERE k BETWEEN 7343446 AND 7343546
	Bitmap Heap Scan on sbtest6  (cost=5.56..441.06 rows=110 width=125)
	  Recheck Cond: ((k >= 7343446) AND (k <= 7343546))
	  ->  Bitmap Index Scan on k_6  (cost=0.00..5.53 rows=110 width=0)
	        Index Cond: ((k >= 7343446) AND (k <= 7343546))

table 7 : explain SELECT k, c FROM sbtest7 WHERE k BETWEEN 7343446 AND 7343546
	Bitmap Heap Scan on sbtest7  (cost=5.44..393.91 rows=98 width=125)
	  Recheck Cond: ((k >= 7343446) AND (k <= 7343546))
	  ->  Bitmap Index Scan on k_7  (cost=0.00..5.42 rows=98 width=0)
	        Index Cond: ((k >= 7343446) AND (k <= 7343546))

table 8 : explain SELECT k, c FROM sbtest8 WHERE k BETWEEN 7343446 AND 7343546
	Bitmap Heap Scan on sbtest8  (cost=5.55..437.27 rows=109 width=125)
	  Recheck Cond: ((k >= 7343446) AND (k <= 7343546))
	  ->  Bitmap Index Scan on k_8  (cost=0.00..5.52 rows=109 width=0)
	        Index Cond: ((k >= 7343446) AND (k <= 7343546))

explain: for range-notcovered :: explain SELECT k, c FROM sbtest%d WHERE k BETWEEN 7343446 AND 7343546
for range-notcovered
table 1 : explain SELECT k, c FROM sbtest1 WHERE k BETWEEN 7109743 AND 7109843
	Bitmap Heap Scan on sbtest1  (cost=5.51..421.37 rows=105 width=125)
	  Recheck Cond: ((k >= 7109743) AND (k <= 7109843))
	  ->  Bitmap Index Scan on k_1  (cost=0.00..5.48 rows=105 width=0)
	        Index Cond: ((k >= 7109743) AND (k <= 7109843))

table 2 : explain SELECT k, c FROM sbtest2 WHERE k BETWEEN 7109743 AND 7109843
	Bitmap Heap Scan on sbtest2  (cost=5.44..393.73 rows=98 width=125)
	  Recheck Cond: ((k >= 7109743) AND (k <= 7109843))
	  ->  Bitmap Index Scan on k_2  (cost=0.00..5.42 rows=98 width=0)
	        Index Cond: ((k >= 7109743) AND (k <= 7109843))

table 3 : explain SELECT k, c FROM sbtest3 WHERE k BETWEEN 7109743 AND 7109843
	Bitmap Heap Scan on sbtest3  (cost=5.47..405.65 rows=101 width=125)
	  Recheck Cond: ((k >= 7109743) AND (k <= 7109843))
	  ->  Bitmap Index Scan on k_3  (cost=0.00..5.44 rows=101 width=0)
	        Index Cond: ((k >= 7109743) AND (k <= 7109843))

table 4 : explain SELECT k, c FROM sbtest4 WHERE k BETWEEN 7109743 AND 7109843
	Bitmap Heap Scan on sbtest4  (cost=5.49..413.63 rows=103 width=125)
	  Recheck Cond: ((k >= 7109743) AND (k <= 7109843))
	  ->  Bitmap Index Scan on k_4  (cost=0.00..5.46 rows=103 width=0)
	        Index Cond: ((k >= 7109743) AND (k <= 7109843))

table 5 : explain SELECT k, c FROM sbtest5 WHERE k BETWEEN 7109743 AND 7109843
	Bitmap Heap Scan on sbtest5  (cost=5.50..417.31 rows=104 width=125)
	  Recheck Cond: ((k >= 7109743) AND (k <= 7109843))
	  ->  Bitmap Index Scan on k_5  (cost=0.00..5.47 rows=104 width=0)
	        Index Cond: ((k >= 7109743) AND (k <= 7109843))

table 6 : explain SELECT k, c FROM sbtest6 WHERE k BETWEEN 7109743 AND 7109843
	Bitmap Heap Scan on sbtest6  (cost=5.44..393.74 rows=98 width=125)
	  Recheck Cond: ((k >= 7109743) AND (k <= 7109843))
	  ->  Bitmap Index Scan on k_6  (cost=0.00..5.42 rows=98 width=0)
	        Index Cond: ((k >= 7109743) AND (k <= 7109843))

table 7 : explain SELECT k, c FROM sbtest7 WHERE k BETWEEN 7109743 AND 7109843
	Bitmap Heap Scan on sbtest7  (cost=5.54..433.38 rows=108 width=125)
	  Recheck Cond: ((k >= 7109743) AND (k <= 7109843))
	  ->  Bitmap Index Scan on k_7  (cost=0.00..5.51 rows=108 width=0)
	        Index Cond: ((k >= 7109743) AND (k <= 7109843))

table 8 : explain SELECT k, c FROM sbtest8 WHERE k BETWEEN 7109743 AND 7109843
	Bitmap Heap Scan on sbtest8  (cost=5.50..417.54 rows=104 width=125)
	  Recheck Cond: ((k >= 7109743) AND (k <= 7109843))
	  ->  Bitmap Index Scan on k_8  (cost=0.00..5.47 rows=104 width=0)
	        Index Cond: ((k >= 7109743) AND (k <= 7109843))

for range-notcovered
table 1 : explain SELECT k, c FROM sbtest1 WHERE k BETWEEN 5027005 AND 5027105
	Bitmap Heap Scan on sbtest1  (cost=5.53..429.26 rows=107 width=125)
	  Recheck Cond: ((k >= 5027005) AND (k <= 5027105))
	  ->  Bitmap Index Scan on k_1  (cost=0.00..5.50 rows=107 width=0)
	        Index Cond: ((k >= 5027005) AND (k <= 5027105))

table 2 : explain SELECT k, c FROM sbtest2 WHERE k BETWEEN 5027005 AND 5027105
	Bitmap Heap Scan on sbtest2  (cost=5.51..421.34 rows=105 width=125)
	  Recheck Cond: ((k >= 5027005) AND (k <= 5027105))
	  ->  Bitmap Index Scan on k_2  (cost=0.00..5.48 rows=105 width=0)
	        Index Cond: ((k >= 5027005) AND (k <= 5027105))

table 3 : explain SELECT k, c FROM sbtest3 WHERE k BETWEEN 5027005 AND 5027105
	Bitmap Heap Scan on sbtest3  (cost=5.43..389.86 rows=97 width=125)
	  Recheck Cond: ((k >= 5027005) AND (k <= 5027105))
	  ->  Bitmap Index Scan on k_3  (cost=0.00..5.40 rows=97 width=0)
	        Index Cond: ((k >= 5027005) AND (k <= 5027105))

table 4 : explain SELECT k, c FROM sbtest4 WHERE k BETWEEN 5027005 AND 5027105
	Bitmap Heap Scan on sbtest4  (cost=5.39..374.15 rows=93 width=125)
	  Recheck Cond: ((k >= 5027005) AND (k <= 5027105))
	  ->  Bitmap Index Scan on k_4  (cost=0.00..5.36 rows=93 width=0)
	        Index Cond: ((k >= 5027005) AND (k <= 5027105))

table 5 : explain SELECT k, c FROM sbtest5 WHERE k BETWEEN 5027005 AND 5027105
	Bitmap Heap Scan on sbtest5  (cost=5.55..437.02 rows=109 width=125)
	  Recheck Cond: ((k >= 5027005) AND (k <= 5027105))
	  ->  Bitmap Index Scan on k_5  (cost=0.00..5.52 rows=109 width=0)
	        Index Cond: ((k >= 5027005) AND (k <= 5027105))

table 6 : explain SELECT k, c FROM sbtest6 WHERE k BETWEEN 5027005 AND 5027105
	Bitmap Heap Scan on sbtest6  (cost=5.49..413.46 rows=103 width=125)
	  Recheck Cond: ((k >= 5027005) AND (k <= 5027105))
	  ->  Bitmap Index Scan on k_6  (cost=0.00..5.46 rows=103 width=0)
	        Index Cond: ((k >= 5027005) AND (k <= 5027105))

table 7 : explain SELECT k, c FROM sbtest7 WHERE k BETWEEN 5027005 AND 5027105
	Bitmap Heap Scan on sbtest7  (cost=5.54..433.38 rows=108 width=125)
	  Recheck Cond: ((k >= 5027005) AND (k <= 5027105))
	  ->  Bitmap Index Scan on k_7  (cost=0.00..5.51 rows=108 width=0)
	        Index Cond: ((k >= 5027005) AND (k <= 5027105))

table 8 : explain SELECT k, c FROM sbtest8 WHERE k BETWEEN 5027005 AND 5027105
	Bitmap Heap Scan on sbtest8  (cost=5.46..401.76 rows=100 width=125)
	  Recheck Cond: ((k >= 5027005) AND (k <= 5027105))
	  ->  Bitmap Index Scan on k_8  (cost=0.00..5.43 rows=100 width=0)
	        Index Cond: ((k >= 5027005) AND (k <= 5027105))

explain: for range-notcovered :: explain SELECT k, c FROM sbtest%d WHERE k BETWEEN 7109743 AND 7109843
explain: for range-notcovered :: explain SELECT k, c FROM sbtest%d WHERE k BETWEEN 5027005 AND 5027105
for range-notcovered
table 1 : explain SELECT k, c FROM sbtest1 WHERE k BETWEEN 8565714 AND 8565814
	Bitmap Heap Scan on sbtest1  (cost=5.45..397.70 rows=99 width=125)
	  Recheck Cond: ((k >= 8565714) AND (k <= 8565814))
	  ->  Bitmap Index Scan on k_1  (cost=0.00..5.42 rows=99 width=0)
	        Index Cond: ((k >= 8565714) AND (k <= 8565814))

table 2 : explain SELECT k, c FROM sbtest2 WHERE k BETWEEN 8565714 AND 8565814
	Bitmap Heap Scan on sbtest2  (cost=5.52..425.28 rows=106 width=125)
	  Recheck Cond: ((k >= 8565714) AND (k <= 8565814))
	  ->  Bitmap Index Scan on k_2  (cost=0.00..5.50 rows=106 width=0)
	        Index Cond: ((k >= 8565714) AND (k <= 8565814))

table 3 : explain SELECT k, c FROM sbtest3 WHERE k BETWEEN 8565714 AND 8565814
	Bitmap Heap Scan on sbtest3  (cost=5.59..452.97 rows=113 width=125)
	  Recheck Cond: ((k >= 8565714) AND (k <= 8565814))
	  ->  Bitmap Index Scan on k_3  (cost=0.00..5.56 rows=113 width=0)
	        Index Cond: ((k >= 8565714) AND (k <= 8565814))

table 4 : explain SELECT k, c FROM sbtest4 WHERE k BETWEEN 8565714 AND 8565814
	Bitmap Heap Scan on sbtest4  (cost=5.43..389.94 rows=97 width=125)
	  Recheck Cond: ((k >= 8565714) AND (k <= 8565814))
	  ->  Bitmap Index Scan on k_4  (cost=0.00..5.40 rows=97 width=0)
	        Index Cond: ((k >= 8565714) AND (k <= 8565814))

table 5 : explain SELECT k, c FROM sbtest5 WHERE k BETWEEN 8565714 AND 8565814
	Bitmap Heap Scan on sbtest5  (cost=5.47..405.48 rows=101 width=125)
	  Recheck Cond: ((k >= 8565714) AND (k <= 8565814))
	  ->  Bitmap Index Scan on k_5  (cost=0.00..5.44 rows=101 width=0)
	        Index Cond: ((k >= 8565714) AND (k <= 8565814))

table 6 : explain SELECT k, c FROM sbtest6 WHERE k BETWEEN 8565714 AND 8565814
	Bitmap Heap Scan on sbtest6  (cost=5.42..385.84 rows=96 width=125)
	  Recheck Cond: ((k >= 8565714) AND (k <= 8565814))
	  ->  Bitmap Index Scan on k_6  (cost=0.00..5.39 rows=96 width=0)
	        Index Cond: ((k >= 8565714) AND (k <= 8565814))

table 7 : explain SELECT k, c FROM sbtest7 WHERE k BETWEEN 8565714 AND 8565814
	Bitmap Heap Scan on sbtest7  (cost=5.40..378.11 rows=94 width=125)
	  Recheck Cond: ((k >= 8565714) AND (k <= 8565814))
	  ->  Bitmap Index Scan on k_7  (cost=0.00..5.38 rows=94 width=0)
	        Index Cond: ((k >= 8565714) AND (k <= 8565814))

table 8 : explain SELECT k, c FROM sbtest8 WHERE k BETWEEN 8565714 AND 8565814
	Bitmap Heap Scan on sbtest8  (cost=5.46..401.76 rows=100 width=125)
	  Recheck Cond: ((k >= 8565714) AND (k <= 8565814))
	  ->  Bitmap Index Scan on k_8  (cost=0.00..5.43 rows=100 width=0)
	        Index Cond: ((k >= 8565714) AND (k <= 8565814))

explain: for range-notcovered :: explain SELECT k, c FROM sbtest%d WHERE k BETWEEN 8565714 AND 8565814
for range-notcovered
table 1 : explain SELECT k, c FROM sbtest1 WHERE k BETWEEN 3899892 AND 3899992
	Bitmap Heap Scan on sbtest1  (cost=5.53..429.26 rows=107 width=125)
	  Recheck Cond: ((k >= 3899892) AND (k <= 3899992))
	  ->  Bitmap Index Scan on k_1  (cost=0.00..5.50 rows=107 width=0)
	        Index Cond: ((k >= 3899892) AND (k <= 3899992))

table 2 : explain SELECT k, c FROM sbtest2 WHERE k BETWEEN 3899892 AND 3899992
	Bitmap Heap Scan on sbtest2  (cost=5.50..417.39 rows=104 width=125)
	  Recheck Cond: ((k >= 3899892) AND (k <= 3899992))
	  ->  Bitmap Index Scan on k_2  (cost=0.00..5.47 rows=104 width=0)
	        Index Cond: ((k >= 3899892) AND (k <= 3899992))

table 3 : explain SELECT k, c FROM sbtest3 WHERE k BETWEEN 3899892 AND 3899992
	Bitmap Heap Scan on sbtest3  (cost=5.51..421.43 rows=105 width=125)
	  Recheck Cond: ((k >= 3899892) AND (k <= 3899992))
	  ->  Bitmap Index Scan on k_3  (cost=0.00..5.48 rows=105 width=0)
	        Index Cond: ((k >= 3899892) AND (k <= 3899992))

table 4 : explain SELECT k, c FROM sbtest4 WHERE k BETWEEN 3899892 AND 3899992
	Bitmap Heap Scan on sbtest4  (cost=5.57..445.19 rows=111 width=125)
	  Recheck Cond: ((k >= 3899892) AND (k <= 3899992))
	  ->  Bitmap Index Scan on k_4  (cost=0.00..5.54 rows=111 width=0)
	        Index Cond: ((k >= 3899892) AND (k <= 3899992))

table 5 : explain SELECT k, c FROM sbtest5 WHERE k BETWEEN 3899892 AND 3899992
	Bitmap Heap Scan on sbtest5  (cost=5.36..362.08 rows=90 width=125)
	  Recheck Cond: ((k >= 3899892) AND (k <= 3899992))
	  ->  Bitmap Index Scan on k_5  (cost=0.00..5.33 rows=90 width=0)
	        Index Cond: ((k >= 3899892) AND (k <= 3899992))

table 6 : explain SELECT k, c FROM sbtest6 WHERE k BETWEEN 3899892 AND 3899992
	Bitmap Heap Scan on sbtest6  (cost=5.59..452.88 rows=113 width=125)
	  Recheck Cond: ((k >= 3899892) AND (k <= 3899992))
	  ->  Bitmap Index Scan on k_6  (cost=0.00..5.56 rows=113 width=0)
	        Index Cond: ((k >= 3899892) AND (k <= 3899992))

table 7 : explain SELECT k, c FROM sbtest7 WHERE k BETWEEN 3899892 AND 3899992
	Bitmap Heap Scan on sbtest7  (cost=5.56..441.27 rows=110 width=125)
	  Recheck Cond: ((k >= 3899892) AND (k <= 3899992))
	  ->  Bitmap Index Scan on k_7  (cost=0.00..5.53 rows=110 width=0)
	        Index Cond: ((k >= 3899892) AND (k <= 3899992))

table 8 : explain SELECT k, c FROM sbtest8 WHERE k BETWEEN 3899892 AND 3899992
	Bitmap Heap Scan on sbtest8  (cost=5.58..449.10 rows=112 width=125)
	  Recheck Cond: ((k >= 3899892) AND (k <= 3899992))
	  ->  Bitmap Index Scan on k_8  (cost=0.00..5.55 rows=112 width=0)
	        Index Cond: ((k >= 3899892) AND (k <= 3899992))

for range-notcovered
table 1 : explain SELECT k, c FROM sbtest1 WHERE k BETWEEN 3678828 AND 3678928
	Bitmap Heap Scan on sbtest1  (cost=5.37..366.12 rows=91 width=125)
	  Recheck Cond: ((k >= 3678828) AND (k <= 3678928))
	  ->  Bitmap Index Scan on k_1  (cost=0.00..5.34 rows=91 width=0)
	        Index Cond: ((k >= 3678828) AND (k <= 3678928))

table 2 : explain SELECT k, c FROM sbtest2 WHERE k BETWEEN 3678828 AND 3678928
	Bitmap Heap Scan on sbtest2  (cost=5.59..452.87 rows=113 width=125)
	  Recheck Cond: ((k >= 3678828) AND (k <= 3678928))
	  ->  Bitmap Index Scan on k_2  (cost=0.00..5.56 rows=113 width=0)
	        Index Cond: ((k >= 3678828) AND (k <= 3678928))

table 3 : explain SELECT k, c FROM sbtest3 WHERE k BETWEEN 3678828 AND 3678928
	Bitmap Heap Scan on sbtest3  (cost=5.49..413.54 rows=103 width=125)
	  Recheck Cond: ((k >= 3678828) AND (k <= 3678928))
	  ->  Bitmap Index Scan on k_3  (cost=0.00..5.46 rows=103 width=0)
	        Index Cond: ((k >= 3678828) AND (k <= 3678928))

table 4 : explain SELECT k, c FROM sbtest4 WHERE k BETWEEN 3678828 AND 3678928
	Bitmap Heap Scan on sbtest4  (cost=5.42..385.99 rows=96 width=125)
	  Recheck Cond: ((k >= 3678828) AND (k <= 3678928))
	  ->  Bitmap Index Scan on k_4  (cost=0.00..5.39 rows=96 width=0)
	        Index Cond: ((k >= 3678828) AND (k <= 3678928))

table 5 : explain SELECT k, c FROM sbtest5 WHERE k BETWEEN 3678828 AND 3678928
	Bitmap Heap Scan on sbtest5  (cost=5.58..448.84 rows=112 width=125)
	  Recheck Cond: ((k >= 3678828) AND (k <= 3678928))
	  ->  Bitmap Index Scan on k_5  (cost=0.00..5.55 rows=112 width=0)
	        Index Cond: ((k >= 3678828) AND (k <= 3678928))

table 6 : explain SELECT k, c FROM sbtest6 WHERE k BETWEEN 3678828 AND 3678928
	Bitmap Heap Scan on sbtest6  (cost=5.48..409.52 rows=102 width=125)
	  Recheck Cond: ((k >= 3678828) AND (k <= 3678928))
	  ->  Bitmap Index Scan on k_6  (cost=0.00..5.45 rows=102 width=0)
	        Index Cond: ((k >= 3678828) AND (k <= 3678928))

table 7 : explain SELECT k, c FROM sbtest7 WHERE k BETWEEN 3678828 AND 3678928
	Bitmap Heap Scan on sbtest7  (cost=5.49..413.65 rows=103 width=125)
	  Recheck Cond: ((k >= 3678828) AND (k <= 3678928))
	  ->  Bitmap Index Scan on k_7  (cost=0.00..5.46 rows=103 width=0)
	        Index Cond: ((k >= 3678828) AND (k <= 3678928))

table 8 : explain SELECT k, c FROM sbtest8 WHERE k BETWEEN 3678828 AND 3678928
	Bitmap Heap Scan on sbtest8  (cost=5.50..417.54 rows=104 width=125)
	  Recheck Cond: ((k >= 3678828) AND (k <= 3678928))
	  ->  Bitmap Index Scan on k_8  (cost=0.00..5.47 rows=104 width=0)
	        Index Cond: ((k >= 3678828) AND (k <= 3678928))

for range-notcovered
table 1 : explain SELECT k, c FROM sbtest1 WHERE k BETWEEN 4672954 AND 4673054
	Bitmap Heap Scan on sbtest1  (cost=5.52..425.31 rows=106 width=125)
	  Recheck Cond: ((k >= 4672954) AND (k <= 4673054))
	  ->  Bitmap Index Scan on k_1  (cost=0.00..5.50 rows=106 width=0)
	        Index Cond: ((k >= 4672954) AND (k <= 4673054))

table 2 : explain SELECT k, c FROM sbtest2 WHERE k BETWEEN 4672954 AND 4673054
	Bitmap Heap Scan on sbtest2  (cost=5.46..401.62 rows=100 width=125)
	  Recheck Cond: ((k >= 4672954) AND (k <= 4673054))
	  ->  Bitmap Index Scan on k_2  (cost=0.00..5.43 rows=100 width=0)
	        Index Cond: ((k >= 4672954) AND (k <= 4673054))

table 3 : explain SELECT k, c FROM sbtest3 WHERE k BETWEEN 4672954 AND 4673054
	Bitmap Heap Scan on sbtest3  (cost=5.59..452.97 rows=113 width=125)
	  Recheck Cond: ((k >= 4672954) AND (k <= 4673054))
	  ->  Bitmap Index Scan on k_3  (cost=0.00..5.56 rows=113 width=0)
	        Index Cond: ((k >= 4672954) AND (k <= 4673054))

table 4 : explain SELECT k, c FROM sbtest4 WHERE k BETWEEN 4672954 AND 4673054
	Bitmap Heap Scan on sbtest4  (cost=5.54..433.36 rows=108 width=125)
	  Recheck Cond: ((k >= 4672954) AND (k <= 4673054))
	  ->  Bitmap Index Scan on k_4  (cost=0.00..5.51 rows=108 width=0)
	        Index Cond: ((k >= 4672954) AND (k <= 4673054))

table 5 : explain SELECT k, c FROM sbtest5 WHERE k BETWEEN 4672954 AND 4673054
	Bitmap Heap Scan on sbtest5  (cost=5.50..417.31 rows=104 width=125)
	  Recheck Cond: ((k >= 4672954) AND (k <= 4673054))
	  ->  Bitmap Index Scan on k_5  (cost=0.00..5.47 rows=104 width=0)
	        Index Cond: ((k >= 4672954) AND (k <= 4673054))

table 6 : explain SELECT k, c FROM sbtest6 WHERE k BETWEEN 4672954 AND 4673054
	Bitmap Heap Scan on sbtest6  (cost=5.61..460.76 rows=115 width=125)
	  Recheck Cond: ((k >= 4672954) AND (k <= 4673054))
	  ->  Bitmap Index Scan on k_6  (cost=0.00..5.58 rows=115 width=0)
	        Index Cond: ((k >= 4672954) AND (k <= 4673054))

table 7 : explain SELECT k, c FROM sbtest7 WHERE k BETWEEN 4672954 AND 4673054
	Bitmap Heap Scan on sbtest7  (cost=5.53..429.44 rows=107 width=125)
	  Recheck Cond: ((k >= 4672954) AND (k <= 4673054))
	  ->  Bitmap Index Scan on k_7  (cost=0.00..5.50 rows=107 width=0)
	        Index Cond: ((k >= 4672954) AND (k <= 4673054))

table 8 : explain SELECT k, c FROM sbtest8 WHERE k BETWEEN 4672954 AND 4673054
	Bitmap Heap Scan on sbtest8  (cost=5.51..421.49 rows=105 width=125)
	  Recheck Cond: ((k >= 4672954) AND (k <= 4673054))
	  ->  Bitmap Index Scan on k_8  (cost=0.00..5.48 rows=105 width=0)
	        Index Cond: ((k >= 4672954) AND (k <= 4673054))

explain: for range-notcovered :: explain SELECT k, c FROM sbtest%d WHERE k BETWEEN 3899892 AND 3899992
explain: for range-notcovered :: explain SELECT k, c FROM sbtest%d WHERE k BETWEEN 3678828 AND 3678928
explain: for range-notcovered :: explain SELECT k, c FROM sbtest%d WHERE k BETWEEN 4672954 AND 4673054
for range-notcovered
table 1 : explain SELECT k, c FROM sbtest1 WHERE k BETWEEN 5016461 AND 5016561
	Bitmap Heap Scan on sbtest1  (cost=5.53..429.26 rows=107 width=125)
	  Recheck Cond: ((k >= 5016461) AND (k <= 5016561))
	  ->  Bitmap Index Scan on k_1  (cost=0.00..5.50 rows=107 width=0)
	        Index Cond: ((k >= 5016461) AND (k <= 5016561))

table 2 : explain SELECT k, c FROM sbtest2 WHERE k BETWEEN 5016461 AND 5016561
	Bitmap Heap Scan on sbtest2  (cost=5.51..421.34 rows=105 width=125)
	  Recheck Cond: ((k >= 5016461) AND (k <= 5016561))
	  ->  Bitmap Index Scan on k_2  (cost=0.00..5.48 rows=105 width=0)
	        Index Cond: ((k >= 5016461) AND (k <= 5016561))

table 3 : explain SELECT k, c FROM sbtest3 WHERE k BETWEEN 5016461 AND 5016561
	Bitmap Heap Scan on sbtest3  (cost=5.43..389.86 rows=97 width=125)
	  Recheck Cond: ((k >= 5016461) AND (k <= 5016561))
	  ->  Bitmap Index Scan on k_3  (cost=0.00..5.40 rows=97 width=0)
	        Index Cond: ((k >= 5016461) AND (k <= 5016561))

table 4 : explain SELECT k, c FROM sbtest4 WHERE k BETWEEN 5016461 AND 5016561
	Bitmap Heap Scan on sbtest4  (cost=5.39..374.15 rows=93 width=125)
	  Recheck Cond: ((k >= 5016461) AND (k <= 5016561))
	  ->  Bitmap Index Scan on k_4  (cost=0.00..5.36 rows=93 width=0)
	        Index Cond: ((k >= 5016461) AND (k <= 5016561))

table 5 : explain SELECT k, c FROM sbtest5 WHERE k BETWEEN 5016461 AND 5016561
	Bitmap Heap Scan on sbtest5  (cost=5.55..437.02 rows=109 width=125)
	  Recheck Cond: ((k >= 5016461) AND (k <= 5016561))
	  ->  Bitmap Index Scan on k_5  (cost=0.00..5.52 rows=109 width=0)
	        Index Cond: ((k >= 5016461) AND (k <= 5016561))

table 6 : explain SELECT k, c FROM sbtest6 WHERE k BETWEEN 5016461 AND 5016561
	Bitmap Heap Scan on sbtest6  (cost=5.49..413.46 rows=103 width=125)
	  Recheck Cond: ((k >= 5016461) AND (k <= 5016561))
	  ->  Bitmap Index Scan on k_6  (cost=0.00..5.46 rows=103 width=0)
	        Index Cond: ((k >= 5016461) AND (k <= 5016561))

table 7 : explain SELECT k, c FROM sbtest7 WHERE k BETWEEN 5016461 AND 5016561
	Bitmap Heap Scan on sbtest7  (cost=5.54..433.38 rows=108 width=125)
	  Recheck Cond: ((k >= 5016461) AND (k <= 5016561))
	  ->  Bitmap Index Scan on k_7  (cost=0.00..5.51 rows=108 width=0)
	        Index Cond: ((k >= 5016461) AND (k <= 5016561))

table 8 : explain SELECT k, c FROM sbtest8 WHERE k BETWEEN 5016461 AND 5016561
	Bitmap Heap Scan on sbtest8  (cost=5.46..401.76 rows=100 width=125)
	  Recheck Cond: ((k >= 5016461) AND (k <= 5016561))
	  ->  Bitmap Index Scan on k_8  (cost=0.00..5.43 rows=100 width=0)
	        Index Cond: ((k >= 5016461) AND (k <= 5016561))

for range-notcovered
table 1 : explain SELECT k, c FROM sbtest1 WHERE k BETWEEN 7343446 AND 7343546
	Bitmap Heap Scan on sbtest1  (cost=5.52..425.31 rows=106 width=125)
	  Recheck Cond: ((k >= 7343446) AND (k <= 7343546))
	  ->  Bitmap Index Scan on k_1  (cost=0.00..5.50 rows=106 width=0)
	        Index Cond: ((k >= 7343446) AND (k <= 7343546))

table 2 : explain SELECT k, c FROM sbtest2 WHERE k BETWEEN 7343446 AND 7343546
	Bitmap Heap Scan on sbtest2  (cost=5.46..401.62 rows=100 width=125)
	  Recheck Cond: ((k >= 7343446) AND (k <= 7343546))
	  ->  Bitmap Index Scan on k_2  (cost=0.00..5.43 rows=100 width=0)
	        Index Cond: ((k >= 7343446) AND (k <= 7343546))

table 3 : explain SELECT k, c FROM sbtest3 WHERE k BETWEEN 7343446 AND 7343546
	Bitmap Heap Scan on sbtest3  (cost=5.50..417.49 rows=104 width=125)
	  Recheck Cond: ((k >= 7343446) AND (k <= 7343546))
	  ->  Bitmap Index Scan on k_3  (cost=0.00..5.47 rows=104 width=0)
	        Index Cond: ((k >= 7343446) AND (k <= 7343546))

table 4 : explain SELECT k, c FROM sbtest4 WHERE k BETWEEN 7343446 AND 7343546
	Bitmap Heap Scan on sbtest4  (cost=5.42..385.99 rows=96 width=125)
	  Recheck Cond: ((k >= 7343446) AND (k <= 7343546))
	  ->  Bitmap Index Scan on k_4  (cost=0.00..5.39 rows=96 width=0)
	        Index Cond: ((k >= 7343446) AND (k <= 7343546))

table 5 : explain SELECT k, c FROM sbtest5 WHERE k BETWEEN 7343446 AND 7343546
	Bitmap Heap Scan on sbtest5  (cost=5.53..429.14 rows=107 width=125)
	  Recheck Cond: ((k >= 7343446) AND (k <= 7343546))
	  ->  Bitmap Index Scan on k_5  (cost=0.00..5.50 rows=107 width=0)
	        Index Cond: ((k >= 7343446) AND (k <= 7343546))

table 6 : explain SELECT k, c FROM sbtest6 WHERE k BETWEEN 7343446 AND 7343546
	Bitmap Heap Scan on sbtest6  (cost=5.56..441.06 rows=110 width=125)
	  Recheck Cond: ((k >= 7343446) AND (k <= 7343546))
	  ->  Bitmap Index Scan on k_6  (cost=0.00..5.53 rows=110 width=0)
	        Index Cond: ((k >= 7343446) AND (k <= 7343546))

table 7 : explain SELECT k, c FROM sbtest7 WHERE k BETWEEN 7343446 AND 7343546
	Bitmap Heap Scan on sbtest7  (cost=5.44..393.91 rows=98 width=125)
	  Recheck Cond: ((k >= 7343446) AND (k <= 7343546))
	  ->  Bitmap Index Scan on k_7  (cost=0.00..5.42 rows=98 width=0)
	        Index Cond: ((k >= 7343446) AND (k <= 7343546))

table 8 : explain SELECT k, c FROM sbtest8 WHERE k BETWEEN 7343446 AND 7343546
	Bitmap Heap Scan on sbtest8  (cost=5.55..437.27 rows=109 width=125)
	  Recheck Cond: ((k >= 7343446) AND (k <= 7343546))
	  ->  Bitmap Index Scan on k_8  (cost=0.00..5.52 rows=109 width=0)
	        Index Cond: ((k >= 7343446) AND (k <= 7343546))

for range-notcovered
table 1 : explain SELECT k, c FROM sbtest1 WHERE k BETWEEN 4955123 AND 4955223
	Bitmap Heap Scan on sbtest1  (cost=5.53..429.26 rows=107 width=125)
	  Recheck Cond: ((k >= 4955123) AND (k <= 4955223))
	  ->  Bitmap Index Scan on k_1  (cost=0.00..5.50 rows=107 width=0)
	        Index Cond: ((k >= 4955123) AND (k <= 4955223))

table 2 : explain SELECT k, c FROM sbtest2 WHERE k BETWEEN 4955123 AND 4955223
	Bitmap Heap Scan on sbtest2  (cost=5.51..421.34 rows=105 width=125)
	  Recheck Cond: ((k >= 4955123) AND (k <= 4955223))
	  ->  Bitmap Index Scan on k_2  (cost=0.00..5.48 rows=105 width=0)
	        Index Cond: ((k >= 4955123) AND (k <= 4955223))

table 3 : explain SELECT k, c FROM sbtest3 WHERE k BETWEEN 4955123 AND 4955223
	Bitmap Heap Scan on sbtest3  (cost=5.41..381.97 rows=95 width=125)
	  Recheck Cond: ((k >= 4955123) AND (k <= 4955223))
	  ->  Bitmap Index Scan on k_3  (cost=0.00..5.38 rows=95 width=0)
	        Index Cond: ((k >= 4955123) AND (k <= 4955223))

table 4 : explain SELECT k, c FROM sbtest4 WHERE k BETWEEN 4955123 AND 4955223
	Bitmap Heap Scan on sbtest4  (cost=5.40..378.10 rows=94 width=125)
	  Recheck Cond: ((k >= 4955123) AND (k <= 4955223))
	  ->  Bitmap Index Scan on k_4  (cost=0.00..5.38 rows=94 width=0)
	        Index Cond: ((k >= 4955123) AND (k <= 4955223))

table 5 : explain SELECT k, c FROM sbtest5 WHERE k BETWEEN 4955123 AND 4955223
	Bitmap Heap Scan on sbtest5  (cost=5.49..413.37 rows=103 width=125)
	  Recheck Cond: ((k >= 4955123) AND (k <= 4955223))
	  ->  Bitmap Index Scan on k_5  (cost=0.00..5.46 rows=103 width=0)
	        Index Cond: ((k >= 4955123) AND (k <= 4955223))

table 6 : explain SELECT k, c FROM sbtest6 WHERE k BETWEEN 4955123 AND 4955223
	Bitmap Heap Scan on sbtest6  (cost=5.46..401.63 rows=100 width=125)
	  Recheck Cond: ((k >= 4955123) AND (k <= 4955223))
	  ->  Bitmap Index Scan on k_6  (cost=0.00..5.43 rows=100 width=0)
	        Index Cond: ((k >= 4955123) AND (k <= 4955223))

table 7 : explain SELECT k, c FROM sbtest7 WHERE k BETWEEN 4955123 AND 4955223
	Bitmap Heap Scan on sbtest7  (cost=5.47..405.76 rows=101 width=125)
	  Recheck Cond: ((k >= 4955123) AND (k <= 4955223))
	  ->  Bitmap Index Scan on k_7  (cost=0.00..5.44 rows=101 width=0)
	        Index Cond: ((k >= 4955123) AND (k <= 4955223))

table 8 : explain SELECT k, c FROM sbtest8 WHERE k BETWEEN 4955123 AND 4955223
	Bitmap Heap Scan on sbtest8  (cost=5.37..366.22 rows=91 width=125)
	  Recheck Cond: ((k >= 4955123) AND (k <= 4955223))
	  ->  Bitmap Index Scan on k_8  (cost=0.00..5.34 rows=91 width=0)
	        Index Cond: ((k >= 4955123) AND (k <= 4955223))

explain: for range-notcovered :: explain SELECT k, c FROM sbtest%d WHERE k BETWEEN 7343446 AND 7343546
explain: for range-notcovered :: explain SELECT k, c FROM sbtest%d WHERE k BETWEEN 5016461 AND 5016561
explain: for range-notcovered :: explain SELECT k, c FROM sbtest%d WHERE k BETWEEN 4955123 AND 4955223
for range-notcovered
table 1 : explain SELECT k, c FROM sbtest1 WHERE k BETWEEN 5027005 AND 5027105
	Bitmap Heap Scan on sbtest1  (cost=5.53..429.26 rows=107 width=125)
	  Recheck Cond: ((k >= 5027005) AND (k <= 5027105))
	  ->  Bitmap Index Scan on k_1  (cost=0.00..5.50 rows=107 width=0)
	        Index Cond: ((k >= 5027005) AND (k <= 5027105))

table 2 : explain SELECT k, c FROM sbtest2 WHERE k BETWEEN 5027005 AND 5027105
	Bitmap Heap Scan on sbtest2  (cost=5.51..421.34 rows=105 width=125)
	  Recheck Cond: ((k >= 5027005) AND (k <= 5027105))
	  ->  Bitmap Index Scan on k_2  (cost=0.00..5.48 rows=105 width=0)
	        Index Cond: ((k >= 5027005) AND (k <= 5027105))

table 3 : explain SELECT k, c FROM sbtest3 WHERE k BETWEEN 5027005 AND 5027105
	Bitmap Heap Scan on sbtest3  (cost=5.43..389.86 rows=97 width=125)
	  Recheck Cond: ((k >= 5027005) AND (k <= 5027105))
	  ->  Bitmap Index Scan on k_3  (cost=0.00..5.40 rows=97 width=0)
	        Index Cond: ((k >= 5027005) AND (k <= 5027105))

table 4 : explain SELECT k, c FROM sbtest4 WHERE k BETWEEN 5027005 AND 5027105
	Bitmap Heap Scan on sbtest4  (cost=5.39..374.15 rows=93 width=125)
	  Recheck Cond: ((k >= 5027005) AND (k <= 5027105))
	  ->  Bitmap Index Scan on k_4  (cost=0.00..5.36 rows=93 width=0)
	        Index Cond: ((k >= 5027005) AND (k <= 5027105))

table 5 : explain SELECT k, c FROM sbtest5 WHERE k BETWEEN 5027005 AND 5027105
	Bitmap Heap Scan on sbtest5  (cost=5.55..437.02 rows=109 width=125)
	  Recheck Cond: ((k >= 5027005) AND (k <= 5027105))
	  ->  Bitmap Index Scan on k_5  (cost=0.00..5.52 rows=109 width=0)
	        Index Cond: ((k >= 5027005) AND (k <= 5027105))

table 6 : explain SELECT k, c FROM sbtest6 WHERE k BETWEEN 5027005 AND 5027105
	Bitmap Heap Scan on sbtest6  (cost=5.49..413.46 rows=103 width=125)
	  Recheck Cond: ((k >= 5027005) AND (k <= 5027105))
	  ->  Bitmap Index Scan on k_6  (cost=0.00..5.46 rows=103 width=0)
	        Index Cond: ((k >= 5027005) AND (k <= 5027105))

table 7 : explain SELECT k, c FROM sbtest7 WHERE k BETWEEN 5027005 AND 5027105
	Bitmap Heap Scan on sbtest7  (cost=5.54..433.38 rows=108 width=125)
	  Recheck Cond: ((k >= 5027005) AND (k <= 5027105))
	  ->  Bitmap Index Scan on k_7  (cost=0.00..5.51 rows=108 width=0)
	        Index Cond: ((k >= 5027005) AND (k <= 5027105))

table 8 : explain SELECT k, c FROM sbtest8 WHERE k BETWEEN 5027005 AND 5027105
	Bitmap Heap Scan on sbtest8  (cost=5.46..401.76 rows=100 width=125)
	  Recheck Cond: ((k >= 5027005) AND (k <= 5027105))
	  ->  Bitmap Index Scan on k_8  (cost=0.00..5.43 rows=100 width=0)
	        Index Cond: ((k >= 5027005) AND (k <= 5027105))

for range-notcovered
table 1 : explain SELECT k, c FROM sbtest1 WHERE k BETWEEN 7109743 AND 7109843
	Bitmap Heap Scan on sbtest1  (cost=5.51..421.37 rows=105 width=125)
	  Recheck Cond: ((k >= 7109743) AND (k <= 7109843))
	  ->  Bitmap Index Scan on k_1  (cost=0.00..5.48 rows=105 width=0)
	        Index Cond: ((k >= 7109743) AND (k <= 7109843))

table 2 : explain SELECT k, c FROM sbtest2 WHERE k BETWEEN 7109743 AND 7109843
	Bitmap Heap Scan on sbtest2  (cost=5.44..393.73 rows=98 width=125)
	  Recheck Cond: ((k >= 7109743) AND (k <= 7109843))
	  ->  Bitmap Index Scan on k_2  (cost=0.00..5.42 rows=98 width=0)
	        Index Cond: ((k >= 7109743) AND (k <= 7109843))

table 3 : explain SELECT k, c FROM sbtest3 WHERE k BETWEEN 7109743 AND 7109843
	Bitmap Heap Scan on sbtest3  (cost=5.47..405.65 rows=101 width=125)
	  Recheck Cond: ((k >= 7109743) AND (k <= 7109843))
	  ->  Bitmap Index Scan on k_3  (cost=0.00..5.44 rows=101 width=0)
	        Index Cond: ((k >= 7109743) AND (k <= 7109843))

table 4 : explain SELECT k, c FROM sbtest4 WHERE k BETWEEN 7109743 AND 7109843
	Bitmap Heap Scan on sbtest4  (cost=5.49..413.63 rows=103 width=125)
	  Recheck Cond: ((k >= 7109743) AND (k <= 7109843))
	  ->  Bitmap Index Scan on k_4  (cost=0.00..5.46 rows=103 width=0)
	        Index Cond: ((k >= 7109743) AND (k <= 7109843))

table 5 : explain SELECT k, c FROM sbtest5 WHERE k BETWEEN 7109743 AND 7109843
	Bitmap Heap Scan on sbtest5  (cost=5.50..417.31 rows=104 width=125)
	  Recheck Cond: ((k >= 7109743) AND (k <= 7109843))
	  ->  Bitmap Index Scan on k_5  (cost=0.00..5.47 rows=104 width=0)
	        Index Cond: ((k >= 7109743) AND (k <= 7109843))

table 6 : explain SELECT k, c FROM sbtest6 WHERE k BETWEEN 7109743 AND 7109843
	Bitmap Heap Scan on sbtest6  (cost=5.44..393.74 rows=98 width=125)
	  Recheck Cond: ((k >= 7109743) AND (k <= 7109843))
	  ->  Bitmap Index Scan on k_6  (cost=0.00..5.42 rows=98 width=0)
	        Index Cond: ((k >= 7109743) AND (k <= 7109843))

table 7 : explain SELECT k, c FROM sbtest7 WHERE k BETWEEN 7109743 AND 7109843
	Bitmap Heap Scan on sbtest7  (cost=5.54..433.38 rows=108 width=125)
	  Recheck Cond: ((k >= 7109743) AND (k <= 7109843))
	  ->  Bitmap Index Scan on k_7  (cost=0.00..5.51 rows=108 width=0)
	        Index Cond: ((k >= 7109743) AND (k <= 7109843))

table 8 : explain SELECT k, c FROM sbtest8 WHERE k BETWEEN 7109743 AND 7109843
	Bitmap Heap Scan on sbtest8  (cost=5.50..417.54 rows=104 width=125)
	  Recheck Cond: ((k >= 7109743) AND (k <= 7109843))
	  ->  Bitmap Index Scan on k_8  (cost=0.00..5.47 rows=104 width=0)
	        Index Cond: ((k >= 7109743) AND (k <= 7109843))

explain: for range-notcovered :: explain SELECT k, c FROM sbtest%d WHERE k BETWEEN 7109743 AND 7109843
for range-notcovered
table 1 : explain SELECT k, c FROM sbtest1 WHERE k BETWEEN 8565714 AND 8565814
	Bitmap Heap Scan on sbtest1  (cost=5.45..397.70 rows=99 width=125)
	  Recheck Cond: ((k >= 8565714) AND (k <= 8565814))
	  ->  Bitmap Index Scan on k_1  (cost=0.00..5.42 rows=99 width=0)
	        Index Cond: ((k >= 8565714) AND (k <= 8565814))

table 2 : explain SELECT k, c FROM sbtest2 WHERE k BETWEEN 8565714 AND 8565814
	Bitmap Heap Scan on sbtest2  (cost=5.52..425.28 rows=106 width=125)
	  Recheck Cond: ((k >= 8565714) AND (k <= 8565814))
	  ->  Bitmap Index Scan on k_2  (cost=0.00..5.50 rows=106 width=0)
	        Index Cond: ((k >= 8565714) AND (k <= 8565814))

table 3 : explain SELECT k, c FROM sbtest3 WHERE k BETWEEN 8565714 AND 8565814
	Bitmap Heap Scan on sbtest3  (cost=5.59..452.97 rows=113 width=125)
	  Recheck Cond: ((k >= 8565714) AND (k <= 8565814))
	  ->  Bitmap Index Scan on k_3  (cost=0.00..5.56 rows=113 width=0)
	        Index Cond: ((k >= 8565714) AND (k <= 8565814))

table 4 : explain SELECT k, c FROM sbtest4 WHERE k BETWEEN 8565714 AND 8565814
	Bitmap Heap Scan on sbtest4  (cost=5.43..389.94 rows=97 width=125)
	  Recheck Cond: ((k >= 8565714) AND (k <= 8565814))
	  ->  Bitmap Index Scan on k_4  (cost=0.00..5.40 rows=97 width=0)
	        Index Cond: ((k >= 8565714) AND (k <= 8565814))

table 5 : explain SELECT k, c FROM sbtest5 WHERE k BETWEEN 8565714 AND 8565814
	Bitmap Heap Scan on sbtest5  (cost=5.47..405.48 rows=101 width=125)
	  Recheck Cond: ((k >= 8565714) AND (k <= 8565814))
	  ->  Bitmap Index Scan on k_5  (cost=0.00..5.44 rows=101 width=0)
	        Index Cond: ((k >= 8565714) AND (k <= 8565814))

table 6 : explain SELECT k, c FROM sbtest6 WHERE k BETWEEN 8565714 AND 8565814
	Bitmap Heap Scan on sbtest6  (cost=5.42..385.84 rows=96 width=125)
	  Recheck Cond: ((k >= 8565714) AND (k <= 8565814))
	  ->  Bitmap Index Scan on k_6  (cost=0.00..5.39 rows=96 width=0)
	        Index Cond: ((k >= 8565714) AND (k <= 8565814))

table 7 : explain SELECT k, c FROM sbtest7 WHERE k BETWEEN 8565714 AND 8565814
	Bitmap Heap Scan on sbtest7  (cost=5.40..378.11 rows=94 width=125)
	  Recheck Cond: ((k >= 8565714) AND (k <= 8565814))
	  ->  Bitmap Index Scan on k_7  (cost=0.00..5.38 rows=94 width=0)
	        Index Cond: ((k >= 8565714) AND (k <= 8565814))

table 8 : explain SELECT k, c FROM sbtest8 WHERE k BETWEEN 8565714 AND 8565814
	Bitmap Heap Scan on sbtest8  (cost=5.46..401.76 rows=100 width=125)
	  Recheck Cond: ((k >= 8565714) AND (k <= 8565814))
	  ->  Bitmap Index Scan on k_8  (cost=0.00..5.43 rows=100 width=0)
	        Index Cond: ((k >= 8565714) AND (k <= 8565814))

for range-notcovered
table 1 : explain SELECT k, c FROM sbtest1 WHERE k BETWEEN 4672954 AND 4673054
	Bitmap Heap Scan on sbtest1  (cost=5.52..425.31 rows=106 width=125)
	  Recheck Cond: ((k >= 4672954) AND (k <= 4673054))
	  ->  Bitmap Index Scan on k_1  (cost=0.00..5.50 rows=106 width=0)
	        Index Cond: ((k >= 4672954) AND (k <= 4673054))

table 2 : explain SELECT k, c FROM sbtest2 WHERE k BETWEEN 4672954 AND 4673054
	Bitmap Heap Scan on sbtest2  (cost=5.46..401.62 rows=100 width=125)
	  Recheck Cond: ((k >= 4672954) AND (k <= 4673054))
	  ->  Bitmap Index Scan on k_2  (cost=0.00..5.43 rows=100 width=0)
	        Index Cond: ((k >= 4672954) AND (k <= 4673054))

table 3 : explain SELECT k, c FROM sbtest3 WHERE k BETWEEN 4672954 AND 4673054
	Bitmap Heap Scan on sbtest3  (cost=5.59..452.97 rows=113 width=125)
	  Recheck Cond: ((k >= 4672954) AND (k <= 4673054))
	  ->  Bitmap Index Scan on k_3  (cost=0.00..5.56 rows=113 width=0)
	        Index Cond: ((k >= 4672954) AND (k <= 4673054))

table 4 : explain SELECT k, c FROM sbtest4 WHERE k BETWEEN 4672954 AND 4673054
	Bitmap Heap Scan on sbtest4  (cost=5.54..433.36 rows=108 width=125)
	  Recheck Cond: ((k >= 4672954) AND (k <= 4673054))
	  ->  Bitmap Index Scan on k_4  (cost=0.00..5.51 rows=108 width=0)
	        Index Cond: ((k >= 4672954) AND (k <= 4673054))

table 5 : explain SELECT k, c FROM sbtest5 WHERE k BETWEEN 4672954 AND 4673054
	Bitmap Heap Scan on sbtest5  (cost=5.50..417.31 rows=104 width=125)
	  Recheck Cond: ((k >= 4672954) AND (k <= 4673054))
	  ->  Bitmap Index Scan on k_5  (cost=0.00..5.47 rows=104 width=0)
	        Index Cond: ((k >= 4672954) AND (k <= 4673054))

table 6 : explain SELECT k, c FROM sbtest6 WHERE k BETWEEN 4672954 AND 4673054
	Bitmap Heap Scan on sbtest6  (cost=5.61..460.76 rows=115 width=125)
	  Recheck Cond: ((k >= 4672954) AND (k <= 4673054))
	  ->  Bitmap Index Scan on k_6  (cost=0.00..5.58 rows=115 width=0)
	        Index Cond: ((k >= 4672954) AND (k <= 4673054))

table 7 : explain SELECT k, c FROM sbtest7 WHERE k BETWEEN 4672954 AND 4673054
	Bitmap Heap Scan on sbtest7  (cost=5.53..429.44 rows=107 width=125)
	  Recheck Cond: ((k >= 4672954) AND (k <= 4673054))
	  ->  Bitmap Index Scan on k_7  (cost=0.00..5.50 rows=107 width=0)
	        Index Cond: ((k >= 4672954) AND (k <= 4673054))

table 8 : explain SELECT k, c FROM sbtest8 WHERE k BETWEEN 4672954 AND 4673054
	Bitmap Heap Scan on sbtest8  (cost=5.51..421.49 rows=105 width=125)
	  Recheck Cond: ((k >= 4672954) AND (k <= 4673054))
	  ->  Bitmap Index Scan on k_8  (cost=0.00..5.48 rows=105 width=0)
	        Index Cond: ((k >= 4672954) AND (k <= 4673054))

for range-notcovered
table 1 : explain SELECT k, c FROM sbtest1 WHERE k BETWEEN 3899892 AND 3899992
	Bitmap Heap Scan on sbtest1  (cost=5.53..429.26 rows=107 width=125)
	  Recheck Cond: ((k >= 3899892) AND (k <= 3899992))
	  ->  Bitmap Index Scan on k_1  (cost=0.00..5.50 rows=107 width=0)
	        Index Cond: ((k >= 3899892) AND (k <= 3899992))

table 2 : explain SELECT k, c FROM sbtest2 WHERE k BETWEEN 3899892 AND 3899992
	Bitmap Heap Scan on sbtest2  (cost=5.50..417.39 rows=104 width=125)
	  Recheck Cond: ((k >= 3899892) AND (k <= 3899992))
	  ->  Bitmap Index Scan on k_2  (cost=0.00..5.47 rows=104 width=0)
	        Index Cond: ((k >= 3899892) AND (k <= 3899992))

table 3 : explain SELECT k, c FROM sbtest3 WHERE k BETWEEN 3899892 AND 3899992
	Bitmap Heap Scan on sbtest3  (cost=5.51..421.43 rows=105 width=125)
	  Recheck Cond: ((k >= 3899892) AND (k <= 3899992))
	  ->  Bitmap Index Scan on k_3  (cost=0.00..5.48 rows=105 width=0)
	        Index Cond: ((k >= 3899892) AND (k <= 3899992))

table 4 : explain SELECT k, c FROM sbtest4 WHERE k BETWEEN 3899892 AND 3899992
	Bitmap Heap Scan on sbtest4  (cost=5.57..445.19 rows=111 width=125)
	  Recheck Cond: ((k >= 3899892) AND (k <= 3899992))
	  ->  Bitmap Index Scan on k_4  (cost=0.00..5.54 rows=111 width=0)
	        Index Cond: ((k >= 3899892) AND (k <= 3899992))

table 5 : explain SELECT k, c FROM sbtest5 WHERE k BETWEEN 3899892 AND 3899992
	Bitmap Heap Scan on sbtest5  (cost=5.36..362.08 rows=90 width=125)
	  Recheck Cond: ((k >= 3899892) AND (k <= 3899992))
	  ->  Bitmap Index Scan on k_5  (cost=0.00..5.33 rows=90 width=0)
	        Index Cond: ((k >= 3899892) AND (k <= 3899992))

table 6 : explain SELECT k, c FROM sbtest6 WHERE k BETWEEN 3899892 AND 3899992
	Bitmap Heap Scan on sbtest6  (cost=5.59..452.88 rows=113 width=125)
	  Recheck Cond: ((k >= 3899892) AND (k <= 3899992))
	  ->  Bitmap Index Scan on k_6  (cost=0.00..5.56 rows=113 width=0)
	        Index Cond: ((k >= 3899892) AND (k <= 3899992))

table 7 : explain SELECT k, c FROM sbtest7 WHERE k BETWEEN 3899892 AND 3899992
	Bitmap Heap Scan on sbtest7  (cost=5.56..441.27 rows=110 width=125)
	  Recheck Cond: ((k >= 3899892) AND (k <= 3899992))
	  ->  Bitmap Index Scan on k_7  (cost=0.00..5.53 rows=110 width=0)
	        Index Cond: ((k >= 3899892) AND (k <= 3899992))

table 8 : explain SELECT k, c FROM sbtest8 WHERE k BETWEEN 3899892 AND 3899992
	Bitmap Heap Scan on sbtest8  (cost=5.58..449.10 rows=112 width=125)
	  Recheck Cond: ((k >= 3899892) AND (k <= 3899992))
	  ->  Bitmap Index Scan on k_8  (cost=0.00..5.55 rows=112 width=0)
	        Index Cond: ((k >= 3899892) AND (k <= 3899992))

for range-notcovered
table 1 : explain SELECT k, c FROM sbtest1 WHERE k BETWEEN 7343446 AND 7343546
	Bitmap Heap Scan on sbtest1  (cost=5.52..425.31 rows=106 width=125)
	  Recheck Cond: ((k >= 7343446) AND (k <= 7343546))
	  ->  Bitmap Index Scan on k_1  (cost=0.00..5.50 rows=106 width=0)
	        Index Cond: ((k >= 7343446) AND (k <= 7343546))

table 2 : explain SELECT k, c FROM sbtest2 WHERE k BETWEEN 7343446 AND 7343546
	Bitmap Heap Scan on sbtest2  (cost=5.46..401.62 rows=100 width=125)
	  Recheck Cond: ((k >= 7343446) AND (k <= 7343546))
	  ->  Bitmap Index Scan on k_2  (cost=0.00..5.43 rows=100 width=0)
	        Index Cond: ((k >= 7343446) AND (k <= 7343546))

table 3 : explain SELECT k, c FROM sbtest3 WHERE k BETWEEN 7343446 AND 7343546
	Bitmap Heap Scan on sbtest3  (cost=5.50..417.49 rows=104 width=125)
	  Recheck Cond: ((k >= 7343446) AND (k <= 7343546))
	  ->  Bitmap Index Scan on k_3  (cost=0.00..5.47 rows=104 width=0)
	        Index Cond: ((k >= 7343446) AND (k <= 7343546))

table 4 : explain SELECT k, c FROM sbtest4 WHERE k BETWEEN 7343446 AND 7343546
	Bitmap Heap Scan on sbtest4  (cost=5.42..385.99 rows=96 width=125)
	  Recheck Cond: ((k >= 7343446) AND (k <= 7343546))
	  ->  Bitmap Index Scan on k_4  (cost=0.00..5.39 rows=96 width=0)
	        Index Cond: ((k >= 7343446) AND (k <= 7343546))

table 5 : explain SELECT k, c FROM sbtest5 WHERE k BETWEEN 7343446 AND 7343546
	Bitmap Heap Scan on sbtest5  (cost=5.53..429.14 rows=107 width=125)
	  Recheck Cond: ((k >= 7343446) AND (k <= 7343546))
	  ->  Bitmap Index Scan on k_5  (cost=0.00..5.50 rows=107 width=0)
	        Index Cond: ((k >= 7343446) AND (k <= 7343546))

table 6 : explain SELECT k, c FROM sbtest6 WHERE k BETWEEN 7343446 AND 7343546
	Bitmap Heap Scan on sbtest6  (cost=5.56..441.06 rows=110 width=125)
	  Recheck Cond: ((k >= 7343446) AND (k <= 7343546))
	  ->  Bitmap Index Scan on k_6  (cost=0.00..5.53 rows=110 width=0)
	        Index Cond: ((k >= 7343446) AND (k <= 7343546))

table 7 : explain SELECT k, c FROM sbtest7 WHERE k BETWEEN 7343446 AND 7343546
	Bitmap Heap Scan on sbtest7  (cost=5.44..393.91 rows=98 width=125)
	  Recheck Cond: ((k >= 7343446) AND (k <= 7343546))
	  ->  Bitmap Index Scan on k_7  (cost=0.00..5.42 rows=98 width=0)
	        Index Cond: ((k >= 7343446) AND (k <= 7343546))

table 8 : explain SELECT k, c FROM sbtest8 WHERE k BETWEEN 7343446 AND 7343546
	Bitmap Heap Scan on sbtest8  (cost=5.55..437.27 rows=109 width=125)
	  Recheck Cond: ((k >= 7343446) AND (k <= 7343546))
	  ->  Bitmap Index Scan on k_8  (cost=0.00..5.52 rows=109 width=0)
	        Index Cond: ((k >= 7343446) AND (k <= 7343546))

for range-notcovered
table 1 : explain SELECT k, c FROM sbtest1 WHERE k BETWEEN 3678828 AND 3678928
	Bitmap Heap Scan on sbtest1  (cost=5.37..366.12 rows=91 width=125)
	  Recheck Cond: ((k >= 3678828) AND (k <= 3678928))
	  ->  Bitmap Index Scan on k_1  (cost=0.00..5.34 rows=91 width=0)
	        Index Cond: ((k >= 3678828) AND (k <= 3678928))

table 2 : explain SELECT k, c FROM sbtest2 WHERE k BETWEEN 3678828 AND 3678928
	Bitmap Heap Scan on sbtest2  (cost=5.59..452.87 rows=113 width=125)
	  Recheck Cond: ((k >= 3678828) AND (k <= 3678928))
	  ->  Bitmap Index Scan on k_2  (cost=0.00..5.56 rows=113 width=0)
	        Index Cond: ((k >= 3678828) AND (k <= 3678928))

table 3 : explain SELECT k, c FROM sbtest3 WHERE k BETWEEN 3678828 AND 3678928
	Bitmap Heap Scan on sbtest3  (cost=5.49..413.54 rows=103 width=125)
	  Recheck Cond: ((k >= 3678828) AND (k <= 3678928))
	  ->  Bitmap Index Scan on k_3  (cost=0.00..5.46 rows=103 width=0)
	        Index Cond: ((k >= 3678828) AND (k <= 3678928))

table 4 : explain SELECT k, c FROM sbtest4 WHERE k BETWEEN 3678828 AND 3678928
	Bitmap Heap Scan on sbtest4  (cost=5.42..385.99 rows=96 width=125)
	  Recheck Cond: ((k >= 3678828) AND (k <= 3678928))
	  ->  Bitmap Index Scan on k_4  (cost=0.00..5.39 rows=96 width=0)
	        Index Cond: ((k >= 3678828) AND (k <= 3678928))

table 5 : explain SELECT k, c FROM sbtest5 WHERE k BETWEEN 3678828 AND 3678928
	Bitmap Heap Scan on sbtest5  (cost=5.58..448.84 rows=112 width=125)
	  Recheck Cond: ((k >= 3678828) AND (k <= 3678928))
	  ->  Bitmap Index Scan on k_5  (cost=0.00..5.55 rows=112 width=0)
	        Index Cond: ((k >= 3678828) AND (k <= 3678928))

table 6 : explain SELECT k, c FROM sbtest6 WHERE k BETWEEN 3678828 AND 3678928
	Bitmap Heap Scan on sbtest6  (cost=5.48..409.52 rows=102 width=125)
	  Recheck Cond: ((k >= 3678828) AND (k <= 3678928))
	  ->  Bitmap Index Scan on k_6  (cost=0.00..5.45 rows=102 width=0)
	        Index Cond: ((k >= 3678828) AND (k <= 3678928))

table 7 : explain SELECT k, c FROM sbtest7 WHERE k BETWEEN 3678828 AND 3678928
	Bitmap Heap Scan on sbtest7  (cost=5.49..413.65 rows=103 width=125)
	  Recheck Cond: ((k >= 3678828) AND (k <= 3678928))
	  ->  Bitmap Index Scan on k_7  (cost=0.00..5.46 rows=103 width=0)
	        Index Cond: ((k >= 3678828) AND (k <= 3678928))

table 8 : explain SELECT k, c FROM sbtest8 WHERE k BETWEEN 3678828 AND 3678928
	Bitmap Heap Scan on sbtest8  (cost=5.50..417.54 rows=104 width=125)
	  Recheck Cond: ((k >= 3678828) AND (k <= 3678928))
	  ->  Bitmap Index Scan on k_8  (cost=0.00..5.47 rows=104 width=0)
	        Index Cond: ((k >= 3678828) AND (k <= 3678928))

for range-notcovered
table 1 : explain SELECT k, c FROM sbtest1 WHERE k BETWEEN 5016461 AND 5016561
	Bitmap Heap Scan on sbtest1  (cost=5.53..429.26 rows=107 width=125)
	  Recheck Cond: ((k >= 5016461) AND (k <= 5016561))
	  ->  Bitmap Index Scan on k_1  (cost=0.00..5.50 rows=107 width=0)
	        Index Cond: ((k >= 5016461) AND (k <= 5016561))

table 2 : explain SELECT k, c FROM sbtest2 WHERE k BETWEEN 5016461 AND 5016561
	Bitmap Heap Scan on sbtest2  (cost=5.51..421.34 rows=105 width=125)
	  Recheck Cond: ((k >= 5016461) AND (k <= 5016561))
	  ->  Bitmap Index Scan on k_2  (cost=0.00..5.48 rows=105 width=0)
	        Index Cond: ((k >= 5016461) AND (k <= 5016561))

table 3 : explain SELECT k, c FROM sbtest3 WHERE k BETWEEN 5016461 AND 5016561
	Bitmap Heap Scan on sbtest3  (cost=5.43..389.86 rows=97 width=125)
	  Recheck Cond: ((k >= 5016461) AND (k <= 5016561))
	  ->  Bitmap Index Scan on k_3  (cost=0.00..5.40 rows=97 width=0)
	        Index Cond: ((k >= 5016461) AND (k <= 5016561))

table 4 : explain SELECT k, c FROM sbtest4 WHERE k BETWEEN 5016461 AND 5016561
	Bitmap Heap Scan on sbtest4  (cost=5.39..374.15 rows=93 width=125)
	  Recheck Cond: ((k >= 5016461) AND (k <= 5016561))
	  ->  Bitmap Index Scan on k_4  (cost=0.00..5.36 rows=93 width=0)
	        Index Cond: ((k >= 5016461) AND (k <= 5016561))

table 5 : explain SELECT k, c FROM sbtest5 WHERE k BETWEEN 5016461 AND 5016561
	Bitmap Heap Scan on sbtest5  (cost=5.55..437.02 rows=109 width=125)
	  Recheck Cond: ((k >= 5016461) AND (k <= 5016561))
	  ->  Bitmap Index Scan on k_5  (cost=0.00..5.52 rows=109 width=0)
	        Index Cond: ((k >= 5016461) AND (k <= 5016561))

table 6 : explain SELECT k, c FROM sbtest6 WHERE k BETWEEN 5016461 AND 5016561
	Bitmap Heap Scan on sbtest6  (cost=5.49..413.46 rows=103 width=125)
	  Recheck Cond: ((k >= 5016461) AND (k <= 5016561))
	  ->  Bitmap Index Scan on k_6  (cost=0.00..5.46 rows=103 width=0)
	        Index Cond: ((k >= 5016461) AND (k <= 5016561))

table 7 : explain SELECT k, c FROM sbtest7 WHERE k BETWEEN 5016461 AND 5016561
	Bitmap Heap Scan on sbtest7  (cost=5.54..433.38 rows=108 width=125)
	  Recheck Cond: ((k >= 5016461) AND (k <= 5016561))
	  ->  Bitmap Index Scan on k_7  (cost=0.00..5.51 rows=108 width=0)
	        Index Cond: ((k >= 5016461) AND (k <= 5016561))

table 8 : explain SELECT k, c FROM sbtest8 WHERE k BETWEEN 5016461 AND 5016561
	Bitmap Heap Scan on sbtest8  (cost=5.46..401.76 rows=100 width=125)
	  Recheck Cond: ((k >= 5016461) AND (k <= 5016561))
	  ->  Bitmap Index Scan on k_8  (cost=0.00..5.43 rows=100 width=0)
	        Index Cond: ((k >= 5016461) AND (k <= 5016561))

for range-notcovered
table 1 : explain SELECT k, c FROM sbtest1 WHERE k BETWEEN 4955123 AND 4955223
	Bitmap Heap Scan on sbtest1  (cost=5.53..429.26 rows=107 width=125)
	  Recheck Cond: ((k >= 4955123) AND (k <= 4955223))
	  ->  Bitmap Index Scan on k_1  (cost=0.00..5.50 rows=107 width=0)
	        Index Cond: ((k >= 4955123) AND (k <= 4955223))

table 2 : explain SELECT k, c FROM sbtest2 WHERE k BETWEEN 4955123 AND 4955223
	Bitmap Heap Scan on sbtest2  (cost=5.51..421.34 rows=105 width=125)
	  Recheck Cond: ((k >= 4955123) AND (k <= 4955223))
	  ->  Bitmap Index Scan on k_2  (cost=0.00..5.48 rows=105 width=0)
	        Index Cond: ((k >= 4955123) AND (k <= 4955223))

table 3 : explain SELECT k, c FROM sbtest3 WHERE k BETWEEN 4955123 AND 4955223
	Bitmap Heap Scan on sbtest3  (cost=5.41..381.97 rows=95 width=125)
	  Recheck Cond: ((k >= 4955123) AND (k <= 4955223))
	  ->  Bitmap Index Scan on k_3  (cost=0.00..5.38 rows=95 width=0)
	        Index Cond: ((k >= 4955123) AND (k <= 4955223))

table 4 : explain SELECT k, c FROM sbtest4 WHERE k BETWEEN 4955123 AND 4955223
	Bitmap Heap Scan on sbtest4  (cost=5.40..378.10 rows=94 width=125)
	  Recheck Cond: ((k >= 4955123) AND (k <= 4955223))
	  ->  Bitmap Index Scan on k_4  (cost=0.00..5.38 rows=94 width=0)
	        Index Cond: ((k >= 4955123) AND (k <= 4955223))

table 5 : explain SELECT k, c FROM sbtest5 WHERE k BETWEEN 4955123 AND 4955223
	Bitmap Heap Scan on sbtest5  (cost=5.49..413.37 rows=103 width=125)
	  Recheck Cond: ((k >= 4955123) AND (k <= 4955223))
	  ->  Bitmap Index Scan on k_5  (cost=0.00..5.46 rows=103 width=0)
	        Index Cond: ((k >= 4955123) AND (k <= 4955223))

table 6 : explain SELECT k, c FROM sbtest6 WHERE k BETWEEN 4955123 AND 4955223
	Bitmap Heap Scan on sbtest6  (cost=5.46..401.63 rows=100 width=125)
	  Recheck Cond: ((k >= 4955123) AND (k <= 4955223))
	  ->  Bitmap Index Scan on k_6  (cost=0.00..5.43 rows=100 width=0)
	        Index Cond: ((k >= 4955123) AND (k <= 4955223))

table 7 : explain SELECT k, c FROM sbtest7 WHERE k BETWEEN 4955123 AND 4955223
	Bitmap Heap Scan on sbtest7  (cost=5.47..405.76 rows=101 width=125)
	  Recheck Cond: ((k >= 4955123) AND (k <= 4955223))
	  ->  Bitmap Index Scan on k_7  (cost=0.00..5.44 rows=101 width=0)
	        Index Cond: ((k >= 4955123) AND (k <= 4955223))

table 8 : explain SELECT k, c FROM sbtest8 WHERE k BETWEEN 4955123 AND 4955223
	Bitmap Heap Scan on sbtest8  (cost=5.37..366.22 rows=91 width=125)
	  Recheck Cond: ((k >= 4955123) AND (k <= 4955223))
	  ->  Bitmap Index Scan on k_8  (cost=0.00..5.34 rows=91 width=0)
	        Index Cond: ((k >= 4955123) AND (k <= 4955223))

explain: for range-notcovered :: explain SELECT k, c FROM sbtest%d WHERE k BETWEEN 4955123 AND 4955223
for range-notcovered
table 1 : explain SELECT k, c FROM sbtest1 WHERE k BETWEEN 7109743 AND 7109843
	Bitmap Heap Scan on sbtest1  (cost=5.51..421.37 rows=105 width=125)
	  Recheck Cond: ((k >= 7109743) AND (k <= 7109843))
	  ->  Bitmap Index Scan on k_1  (cost=0.00..5.48 rows=105 width=0)
	        Index Cond: ((k >= 7109743) AND (k <= 7109843))

table 2 : explain SELECT k, c FROM sbtest2 WHERE k BETWEEN 7109743 AND 7109843
	Bitmap Heap Scan on sbtest2  (cost=5.44..393.73 rows=98 width=125)
	  Recheck Cond: ((k >= 7109743) AND (k <= 7109843))
	  ->  Bitmap Index Scan on k_2  (cost=0.00..5.42 rows=98 width=0)
	        Index Cond: ((k >= 7109743) AND (k <= 7109843))

table 3 : explain SELECT k, c FROM sbtest3 WHERE k BETWEEN 7109743 AND 7109843
	Bitmap Heap Scan on sbtest3  (cost=5.47..405.65 rows=101 width=125)
	  Recheck Cond: ((k >= 7109743) AND (k <= 7109843))
	  ->  Bitmap Index Scan on k_3  (cost=0.00..5.44 rows=101 width=0)
	        Index Cond: ((k >= 7109743) AND (k <= 7109843))

table 4 : explain SELECT k, c FROM sbtest4 WHERE k BETWEEN 7109743 AND 7109843
	Bitmap Heap Scan on sbtest4  (cost=5.49..413.63 rows=103 width=125)
	  Recheck Cond: ((k >= 7109743) AND (k <= 7109843))
	  ->  Bitmap Index Scan on k_4  (cost=0.00..5.46 rows=103 width=0)
	        Index Cond: ((k >= 7109743) AND (k <= 7109843))

table 5 : explain SELECT k, c FROM sbtest5 WHERE k BETWEEN 7109743 AND 7109843
	Bitmap Heap Scan on sbtest5  (cost=5.50..417.31 rows=104 width=125)
	  Recheck Cond: ((k >= 7109743) AND (k <= 7109843))
	  ->  Bitmap Index Scan on k_5  (cost=0.00..5.47 rows=104 width=0)
	        Index Cond: ((k >= 7109743) AND (k <= 7109843))

table 6 : explain SELECT k, c FROM sbtest6 WHERE k BETWEEN 7109743 AND 7109843
	Bitmap Heap Scan on sbtest6  (cost=5.44..393.74 rows=98 width=125)
	  Recheck Cond: ((k >= 7109743) AND (k <= 7109843))
	  ->  Bitmap Index Scan on k_6  (cost=0.00..5.42 rows=98 width=0)
	        Index Cond: ((k >= 7109743) AND (k <= 7109843))

table 7 : explain SELECT k, c FROM sbtest7 WHERE k BETWEEN 7109743 AND 7109843
	Bitmap Heap Scan on sbtest7  (cost=5.54..433.38 rows=108 width=125)
	  Recheck Cond: ((k >= 7109743) AND (k <= 7109843))
	  ->  Bitmap Index Scan on k_7  (cost=0.00..5.51 rows=108 width=0)
	        Index Cond: ((k >= 7109743) AND (k <= 7109843))

table 8 : explain SELECT k, c FROM sbtest8 WHERE k BETWEEN 7109743 AND 7109843
	Bitmap Heap Scan on sbtest8  (cost=5.50..417.54 rows=104 width=125)
	  Recheck Cond: ((k >= 7109743) AND (k <= 7109843))
	  ->  Bitmap Index Scan on k_8  (cost=0.00..5.47 rows=104 width=0)
	        Index Cond: ((k >= 7109743) AND (k <= 7109843))

for range-notcovered
table 1 : explain SELECT k, c FROM sbtest1 WHERE k BETWEEN 4955123 AND 4955223
	Bitmap Heap Scan on sbtest1  (cost=5.53..429.26 rows=107 width=125)
	  Recheck Cond: ((k >= 4955123) AND (k <= 4955223))
	  ->  Bitmap Index Scan on k_1  (cost=0.00..5.50 rows=107 width=0)
	        Index Cond: ((k >= 4955123) AND (k <= 4955223))

table 2 : explain SELECT k, c FROM sbtest2 WHERE k BETWEEN 4955123 AND 4955223
	Bitmap Heap Scan on sbtest2  (cost=5.51..421.34 rows=105 width=125)
	  Recheck Cond: ((k >= 4955123) AND (k <= 4955223))
	  ->  Bitmap Index Scan on k_2  (cost=0.00..5.48 rows=105 width=0)
	        Index Cond: ((k >= 4955123) AND (k <= 4955223))

table 3 : explain SELECT k, c FROM sbtest3 WHERE k BETWEEN 4955123 AND 4955223
	Bitmap Heap Scan on sbtest3  (cost=5.41..381.97 rows=95 width=125)
	  Recheck Cond: ((k >= 4955123) AND (k <= 4955223))
	  ->  Bitmap Index Scan on k_3  (cost=0.00..5.38 rows=95 width=0)
	        Index Cond: ((k >= 4955123) AND (k <= 4955223))

table 4 : explain SELECT k, c FROM sbtest4 WHERE k BETWEEN 4955123 AND 4955223
	Bitmap Heap Scan on sbtest4  (cost=5.40..378.10 rows=94 width=125)
	  Recheck Cond: ((k >= 4955123) AND (k <= 4955223))
	  ->  Bitmap Index Scan on k_4  (cost=0.00..5.38 rows=94 width=0)
	        Index Cond: ((k >= 4955123) AND (k <= 4955223))

table 5 : explain SELECT k, c FROM sbtest5 WHERE k BETWEEN 4955123 AND 4955223
	Bitmap Heap Scan on sbtest5  (cost=5.49..413.37 rows=103 width=125)
	  Recheck Cond: ((k >= 4955123) AND (k <= 4955223))
	  ->  Bitmap Index Scan on k_5  (cost=0.00..5.46 rows=103 width=0)
	        Index Cond: ((k >= 4955123) AND (k <= 4955223))

table 6 : explain SELECT k, c FROM sbtest6 WHERE k BETWEEN 4955123 AND 4955223
	Bitmap Heap Scan on sbtest6  (cost=5.46..401.63 rows=100 width=125)
	  Recheck Cond: ((k >= 4955123) AND (k <= 4955223))
	  ->  Bitmap Index Scan on k_6  (cost=0.00..5.43 rows=100 width=0)
	        Index Cond: ((k >= 4955123) AND (k <= 4955223))

table 7 : explain SELECT k, c FROM sbtest7 WHERE k BETWEEN 4955123 AND 4955223
	Bitmap Heap Scan on sbtest7  (cost=5.47..405.76 rows=101 width=125)
	  Recheck Cond: ((k >= 4955123) AND (k <= 4955223))
	  ->  Bitmap Index Scan on k_7  (cost=0.00..5.44 rows=101 width=0)
	        Index Cond: ((k >= 4955123) AND (k <= 4955223))

table 8 : explain SELECT k, c FROM sbtest8 WHERE k BETWEEN 4955123 AND 4955223
	Bitmap Heap Scan on sbtest8  (cost=5.37..366.22 rows=91 width=125)
	  Recheck Cond: ((k >= 4955123) AND (k <= 4955223))
	  ->  Bitmap Index Scan on k_8  (cost=0.00..5.34 rows=91 width=0)
	        Index Cond: ((k >= 4955123) AND (k <= 4955223))

Threads started!

Warming up for 5 seconds...

SQL statistics:
    queries performed:
        read:                            102034771
        write:                           0
        other:                           0
        total:                           102034771
    transactions:                        102034771 (161958.37 per sec.)
    queries:                             102034771 (161958.37 per sec.)
    ignored errors:                      0      (0.00 per sec.)
    reconnects:                          0      (0.00 per sec.)

Throughput:
    events/s (eps):                      161958.3665
    time elapsed:                        630.0062s
    total number of events:              102034771

Latency (ms):
         min:                                    0.07
         avg:                                    0.25
         max:                                   16.33
         95th percentile:                        0.28
         sum:                             25161967.55

Threads fairness:
    events (avg/stddev):           2550865.9750/9646.58
    execution time (avg/stddev):   629.0492/0.03

