LUA_PATH=/home/mdcallag/git/mytools/bench/sysbench.lua/lua/?.lua /home/mdcallag/git/mytools/bench/sysbench.lua/lua/sysbench --db-driver=pgsql --range-size=100 --table-size=10000000 --tables=8 --threads=40 --events=0 --warmup-time=5 --time=930 --pgsql_conn_id=true /home/mdcallag/git/mytools/bench/sysbench.lua/lua/oltp_inlist_update.lua run --pgsql-user=root --pgsql-password=pw --pgsql-host=127.0.0.1 --pgsql-db=ib --rand-type=uniform
48 CPUs
sysbench 1.1.0-9072687 (using bundled LuaJIT 2.1.0-beta3)

Running the test with following options:
Number of threads: 40
Warmup time: 5s
Initializing random number generator from current time


Initializing worker threads...

explain: for update-inlist :: explain UPDATE sbtest%d set c=7 WHERE id IN ( 2253007, 8416439, 1529435, 9469140, 1457888, 1800215, 4298138, 7843372, 7081533, 6429742)
explain: for update-inlist :: explain UPDATE sbtest%d set c=7 WHERE id IN ( 5197937, 5057930, 2201551, 193158, 2221417, 8781357, 503182, 8917851, 7629491, 2386857)
explain: for update-inlist :: explain UPDATE sbtest%d set c=7 WHERE id IN ( 6648770, 5447313, 8401704, 2509670, 7589111, 2268302, 2378963, 271908, 640217, 8221973)
explain: for update-inlist :: explain UPDATE sbtest%d set c=7 WHERE id IN ( 381835, 6112893, 8064191, 275153, 499120, 2145135, 8586975, 417934, 1714795, 3732560)
for update-inlist
table 1 : explain UPDATE sbtest1 set c=7 WHERE id IN ( 2253007, 8416439, 1529435, 9469140, 1457888, 1800215, 4298138, 7843372, 7081533, 6429742)
	Update on sbtest1  (cost=0.43..48.53 rows=10 width=559)
	  ->  Index Scan using sbtest1_pkey on sbtest1  (cost=0.43..48.53 rows=10 width=559)
	        Index Cond: (id = ANY ('{2253007,8416439,1529435,9469140,1457888,1800215,4298138,7843372,7081533,6429742}'::integer[]))

table 2 : explain UPDATE sbtest2 set c=7 WHERE id IN ( 2253007, 8416439, 1529435, 9469140, 1457888, 1800215, 4298138, 7843372, 7081533, 6429742)
	Update on sbtest2  (cost=0.43..48.53 rows=10 width=559)
	  ->  Index Scan using sbtest2_pkey on sbtest2  (cost=0.43..48.53 rows=10 width=559)
	        Index Cond: (id = ANY ('{2253007,8416439,1529435,9469140,1457888,1800215,4298138,7843372,7081533,6429742}'::integer[]))

table 3 : explain UPDATE sbtest3 set c=7 WHERE id IN ( 2253007, 8416439, 1529435, 9469140, 1457888, 1800215, 4298138, 7843372, 7081533, 6429742)
	Update on sbtest3  (cost=0.43..48.53 rows=10 width=559)
	  ->  Index Scan using sbtest3_pkey on sbtest3  (cost=0.43..48.53 rows=10 width=559)
	        Index Cond: (id = ANY ('{2253007,8416439,1529435,9469140,1457888,1800215,4298138,7843372,7081533,6429742}'::integer[]))

table 4 : explain UPDATE sbtest4 set c=7 WHERE id IN ( 2253007, 8416439, 1529435, 9469140, 1457888, 1800215, 4298138, 7843372, 7081533, 6429742)
	Update on sbtest4  (cost=0.43..48.53 rows=10 width=559)
	  ->  Index Scan using sbtest4_pkey on sbtest4  (cost=0.43..48.53 rows=10 width=559)
	        Index Cond: (id = ANY ('{2253007,8416439,1529435,9469140,1457888,1800215,4298138,7843372,7081533,6429742}'::integer[]))

table 5 : explain UPDATE sbtest5 set c=7 WHERE id IN ( 2253007, 8416439, 1529435, 9469140, 1457888, 1800215, 4298138, 7843372, 7081533, 6429742)
	Update on sbtest5  (cost=0.43..48.53 rows=10 width=559)
	  ->  Index Scan using sbtest5_pkey on sbtest5  (cost=0.43..48.53 rows=10 width=559)
	        Index Cond: (id = ANY ('{2253007,8416439,1529435,9469140,1457888,1800215,4298138,7843372,7081533,6429742}'::integer[]))

table 6 : explain UPDATE sbtest6 set c=7 WHERE id IN ( 2253007, 8416439, 1529435, 9469140, 1457888, 1800215, 4298138, 7843372, 7081533, 6429742)
	Update on sbtest6  (cost=0.43..48.53 rows=10 width=559)
	  ->  Index Scan using sbtest6_pkey on sbtest6  (cost=0.43..48.53 rows=10 width=559)
	        Index Cond: (id = ANY ('{2253007,8416439,1529435,9469140,1457888,1800215,4298138,7843372,7081533,6429742}'::integer[]))

table 7 : explain UPDATE sbtest7 set c=7 WHERE id IN ( 2253007, 8416439, 1529435, 9469140, 1457888, 1800215, 4298138, 7843372, 7081533, 6429742)
	Update on sbtest7  (cost=0.43..48.53 rows=10 width=559)
	  ->  Index Scan using sbtest7_pkey on sbtest7  (cost=0.43..48.53 rows=10 width=559)
	        Index Cond: (id = ANY ('{2253007,8416439,1529435,9469140,1457888,1800215,4298138,7843372,7081533,6429742}'::integer[]))

table 8 : explain UPDATE sbtest8 set c=7 WHERE id IN ( 2253007, 8416439, 1529435, 9469140, 1457888, 1800215, 4298138, 7843372, 7081533, 6429742)
	Update on sbtest8  (cost=0.43..48.53 rows=10 width=559)
	  ->  Index Scan using sbtest8_pkey on sbtest8  (cost=0.43..48.53 rows=10 width=559)
	        Index Cond: (id = ANY ('{2253007,8416439,1529435,9469140,1457888,1800215,4298138,7843372,7081533,6429742}'::integer[]))

explain: for update-inlist :: explain UPDATE sbtest%d set c=7 WHERE id IN ( 9015289, 3129381, 7749115, 9614301, 1287165, 866690, 2689561, 6636886, 8455172, 8528107)
for update-inlist
table 1 : explain UPDATE sbtest1 set c=7 WHERE id IN ( 381835, 6112893, 8064191, 275153, 499120, 2145135, 8586975, 417934, 1714795, 3732560)
	Update on sbtest1  (cost=0.43..48.53 rows=10 width=559)
	  ->  Index Scan using sbtest1_pkey on sbtest1  (cost=0.43..48.53 rows=10 width=559)
	        Index Cond: (id = ANY ('{381835,6112893,8064191,275153,499120,2145135,8586975,417934,1714795,3732560}'::integer[]))

table 2 : explain UPDATE sbtest2 set c=7 WHERE id IN ( 381835, 6112893, 8064191, 275153, 499120, 2145135, 8586975, 417934, 1714795, 3732560)
	Update on sbtest2  (cost=0.43..48.53 rows=10 width=559)
	  ->  Index Scan using sbtest2_pkey on sbtest2  (cost=0.43..48.53 rows=10 width=559)
	        Index Cond: (id = ANY ('{381835,6112893,8064191,275153,499120,2145135,8586975,417934,1714795,3732560}'::integer[]))

table 3 : explain UPDATE sbtest3 set c=7 WHERE id IN ( 381835, 6112893, 8064191, 275153, 499120, 2145135, 8586975, 417934, 1714795, 3732560)
	Update on sbtest3  (cost=0.43..48.53 rows=10 width=559)
	  ->  Index Scan using sbtest3_pkey on sbtest3  (cost=0.43..48.53 rows=10 width=559)
	        Index Cond: (id = ANY ('{381835,6112893,8064191,275153,499120,2145135,8586975,417934,1714795,3732560}'::integer[]))

table 4 : explain UPDATE sbtest4 set c=7 WHERE id IN ( 381835, 6112893, 8064191, 275153, 499120, 2145135, 8586975, 417934, 1714795, 3732560)
	Update on sbtest4  (cost=0.43..48.53 rows=10 width=559)
	  ->  Index Scan using sbtest4_pkey on sbtest4  (cost=0.43..48.53 rows=10 width=559)
	        Index Cond: (id = ANY ('{381835,6112893,8064191,275153,499120,2145135,8586975,417934,1714795,3732560}'::integer[]))

table 5 : explain UPDATE sbtest5 set c=7 WHERE id IN ( 381835, 6112893, 8064191, 275153, 499120, 2145135, 8586975, 417934, 1714795, 3732560)
	Update on sbtest5  (cost=0.43..48.53 rows=10 width=559)
	  ->  Index Scan using sbtest5_pkey on sbtest5  (cost=0.43..48.53 rows=10 width=559)
	        Index Cond: (id = ANY ('{381835,6112893,8064191,275153,499120,2145135,8586975,417934,1714795,3732560}'::integer[]))

table 6 : explain UPDATE sbtest6 set c=7 WHERE id IN ( 381835, 6112893, 8064191, 275153, 499120, 2145135, 8586975, 417934, 1714795, 3732560)
	Update on sbtest6  (cost=0.43..48.53 rows=10 width=559)
	  ->  Index Scan using sbtest6_pkey on sbtest6  (cost=0.43..48.53 rows=10 width=559)
	        Index Cond: (id = ANY ('{381835,6112893,8064191,275153,499120,2145135,8586975,417934,1714795,3732560}'::integer[]))

table 7 : explain UPDATE sbtest7 set c=7 WHERE id IN ( 381835, 6112893, 8064191, 275153, 499120, 2145135, 8586975, 417934, 1714795, 3732560)
	Update on sbtest7  (cost=0.43..48.53 rows=10 width=559)
	  ->  Index Scan using sbtest7_pkey on sbtest7  (cost=0.43..48.53 rows=10 width=559)
	        Index Cond: (id = ANY ('{381835,6112893,8064191,275153,499120,2145135,8586975,417934,1714795,3732560}'::integer[]))

table 8 : explain UPDATE sbtest8 set c=7 WHERE id IN ( 381835, 6112893, 8064191, 275153, 499120, 2145135, 8586975, 417934, 1714795, 3732560)
	Update on sbtest8  (cost=0.43..48.53 rows=10 width=559)
	  ->  Index Scan using sbtest8_pkey on sbtest8  (cost=0.43..48.53 rows=10 width=559)
	        Index Cond: (id = ANY ('{381835,6112893,8064191,275153,499120,2145135,8586975,417934,1714795,3732560}'::integer[]))

for update-inlist
table 1 : explain UPDATE sbtest1 set c=7 WHERE id IN ( 6648770, 5447313, 8401704, 2509670, 7589111, 2268302, 2378963, 271908, 640217, 8221973)
	Update on sbtest1  (cost=0.43..48.53 rows=10 width=559)
	  ->  Index Scan using sbtest1_pkey on sbtest1  (cost=0.43..48.53 rows=10 width=559)
	        Index Cond: (id = ANY ('{6648770,5447313,8401704,2509670,7589111,2268302,2378963,271908,640217,8221973}'::integer[]))

table 2 : explain UPDATE sbtest2 set c=7 WHERE id IN ( 6648770, 5447313, 8401704, 2509670, 7589111, 2268302, 2378963, 271908, 640217, 8221973)
	Update on sbtest2  (cost=0.43..48.53 rows=10 width=559)
	  ->  Index Scan using sbtest2_pkey on sbtest2  (cost=0.43..48.53 rows=10 width=559)
	        Index Cond: (id = ANY ('{6648770,5447313,8401704,2509670,7589111,2268302,2378963,271908,640217,8221973}'::integer[]))

table 3 : explain UPDATE sbtest3 set c=7 WHERE id IN ( 6648770, 5447313, 8401704, 2509670, 7589111, 2268302, 2378963, 271908, 640217, 8221973)
	Update on sbtest3  (cost=0.43..48.53 rows=10 width=559)
	  ->  Index Scan using sbtest3_pkey on sbtest3  (cost=0.43..48.53 rows=10 width=559)
	        Index Cond: (id = ANY ('{6648770,5447313,8401704,2509670,7589111,2268302,2378963,271908,640217,8221973}'::integer[]))

table 4 : explain UPDATE sbtest4 set c=7 WHERE id IN ( 6648770, 5447313, 8401704, 2509670, 7589111, 2268302, 2378963, 271908, 640217, 8221973)
	Update on sbtest4  (cost=0.43..48.53 rows=10 width=559)
	  ->  Index Scan using sbtest4_pkey on sbtest4  (cost=0.43..48.53 rows=10 width=559)
	        Index Cond: (id = ANY ('{6648770,5447313,8401704,2509670,7589111,2268302,2378963,271908,640217,8221973}'::integer[]))

table 5 : explain UPDATE sbtest5 set c=7 WHERE id IN ( 6648770, 5447313, 8401704, 2509670, 7589111, 2268302, 2378963, 271908, 640217, 8221973)
	Update on sbtest5  (cost=0.43..48.53 rows=10 width=559)
	  ->  Index Scan using sbtest5_pkey on sbtest5  (cost=0.43..48.53 rows=10 width=559)
	        Index Cond: (id = ANY ('{6648770,5447313,8401704,2509670,7589111,2268302,2378963,271908,640217,8221973}'::integer[]))

table 6 : explain UPDATE sbtest6 set c=7 WHERE id IN ( 6648770, 5447313, 8401704, 2509670, 7589111, 2268302, 2378963, 271908, 640217, 8221973)
	Update on sbtest6  (cost=0.43..48.53 rows=10 width=559)
	  ->  Index Scan using sbtest6_pkey on sbtest6  (cost=0.43..48.53 rows=10 width=559)
	        Index Cond: (id = ANY ('{6648770,5447313,8401704,2509670,7589111,2268302,2378963,271908,640217,8221973}'::integer[]))

table 7 : explain UPDATE sbtest7 set c=7 WHERE id IN ( 6648770, 5447313, 8401704, 2509670, 7589111, 2268302, 2378963, 271908, 640217, 8221973)
	Update on sbtest7  (cost=0.43..48.53 rows=10 width=559)
	  ->  Index Scan using sbtest7_pkey on sbtest7  (cost=0.43..48.53 rows=10 width=559)
	        Index Cond: (id = ANY ('{6648770,5447313,8401704,2509670,7589111,2268302,2378963,271908,640217,8221973}'::integer[]))

table 8 : explain UPDATE sbtest8 set c=7 WHERE id IN ( 6648770, 5447313, 8401704, 2509670, 7589111, 2268302, 2378963, 271908, 640217, 8221973)
	Update on sbtest8  (cost=0.43..48.53 rows=10 width=559)
	  ->  Index Scan using sbtest8_pkey on sbtest8  (cost=0.43..48.53 rows=10 width=559)
	        Index Cond: (id = ANY ('{6648770,5447313,8401704,2509670,7589111,2268302,2378963,271908,640217,8221973}'::integer[]))

explain: for update-inlist :: explain UPDATE sbtest%d set c=7 WHERE id IN ( 3265183, 3369695, 504521, 1406281, 5566469, 3176705, 3964459, 936138, 1767941, 7166947)
explain: for update-inlist :: explain UPDATE sbtest%d set c=7 WHERE id IN ( 2414335, 6276788, 2303495, 5905825, 5337415, 2711793, 2174496, 5639472, 2482763, 7921959)
explain: for update-inlist :: explain UPDATE sbtest%d set c=7 WHERE id IN ( 5694766, 3823354, 9029093, 8684865, 1571538, 3609857, 5845782, 8687631, 9808094, 2281736)
explain: for update-inlist :: explain UPDATE sbtest%d set c=7 WHERE id IN ( 7118428, 6766407, 6934889, 9554149, 1784590, 1430784, 2552979, 5785153, 2336158, 1278947)
explain: for update-inlist :: explain UPDATE sbtest%d set c=7 WHERE id IN ( 2854148, 8244397, 2978010, 8046595, 3346222, 6998785, 3948371, 8347244, 3672671, 5061424)
explain: for update-inlist :: explain UPDATE sbtest%d set c=7 WHERE id IN ( 2425493, 178472, 2131009, 6617435, 8942139, 6725038, 2919572, 6734345, 3254845, 9471627)
explain: for update-inlist :: explain UPDATE sbtest%d set c=7 WHERE id IN ( 5902464, 5490277, 9645474, 3586661, 2237765, 4078943, 7470114, 5883768, 2745510, 8825380)
for update-inlist
table 1 : explain UPDATE sbtest1 set c=7 WHERE id IN ( 5197937, 5057930, 2201551, 193158, 2221417, 8781357, 503182, 8917851, 7629491, 2386857)
	Update on sbtest1  (cost=0.43..48.53 rows=10 width=559)
	  ->  Index Scan using sbtest1_pkey on sbtest1  (cost=0.43..48.53 rows=10 width=559)
	        Index Cond: (id = ANY ('{5197937,5057930,2201551,193158,2221417,8781357,503182,8917851,7629491,2386857}'::integer[]))

table 2 : explain UPDATE sbtest2 set c=7 WHERE id IN ( 5197937, 5057930, 2201551, 193158, 2221417, 8781357, 503182, 8917851, 7629491, 2386857)
	Update on sbtest2  (cost=0.43..48.53 rows=10 width=559)
	  ->  Index Scan using sbtest2_pkey on sbtest2  (cost=0.43..48.53 rows=10 width=559)
	        Index Cond: (id = ANY ('{5197937,5057930,2201551,193158,2221417,8781357,503182,8917851,7629491,2386857}'::integer[]))

table 3 : explain UPDATE sbtest3 set c=7 WHERE id IN ( 5197937, 5057930, 2201551, 193158, 2221417, 8781357, 503182, 8917851, 7629491, 2386857)
	Update on sbtest3  (cost=0.43..48.53 rows=10 width=559)
	  ->  Index Scan using sbtest3_pkey on sbtest3  (cost=0.43..48.53 rows=10 width=559)
	        Index Cond: (id = ANY ('{5197937,5057930,2201551,193158,2221417,8781357,503182,8917851,7629491,2386857}'::integer[]))

table 4 : explain UPDATE sbtest4 set c=7 WHERE id IN ( 5197937, 5057930, 2201551, 193158, 2221417, 8781357, 503182, 8917851, 7629491, 2386857)
	Update on sbtest4  (cost=0.43..48.53 rows=10 width=559)
	  ->  Index Scan using sbtest4_pkey on sbtest4  (cost=0.43..48.53 rows=10 width=559)
	        Index Cond: (id = ANY ('{5197937,5057930,2201551,193158,2221417,8781357,503182,8917851,7629491,2386857}'::integer[]))

table 5 : explain UPDATE sbtest5 set c=7 WHERE id IN ( 5197937, 5057930, 2201551, 193158, 2221417, 8781357, 503182, 8917851, 7629491, 2386857)
	Update on sbtest5  (cost=0.43..48.53 rows=10 width=559)
	  ->  Index Scan using sbtest5_pkey on sbtest5  (cost=0.43..48.53 rows=10 width=559)
	        Index Cond: (id = ANY ('{5197937,5057930,2201551,193158,2221417,8781357,503182,8917851,7629491,2386857}'::integer[]))

table 6 : explain UPDATE sbtest6 set c=7 WHERE id IN ( 5197937, 5057930, 2201551, 193158, 2221417, 8781357, 503182, 8917851, 7629491, 2386857)
	Update on sbtest6  (cost=0.43..48.53 rows=10 width=559)
	  ->  Index Scan using sbtest6_pkey on sbtest6  (cost=0.43..48.53 rows=10 width=559)
	        Index Cond: (id = ANY ('{5197937,5057930,2201551,193158,2221417,8781357,503182,8917851,7629491,2386857}'::integer[]))

table 7 : explain UPDATE sbtest7 set c=7 WHERE id IN ( 5197937, 5057930, 2201551, 193158, 2221417, 8781357, 503182, 8917851, 7629491, 2386857)
	Update on sbtest7  (cost=0.43..48.53 rows=10 width=559)
	  ->  Index Scan using sbtest7_pkey on sbtest7  (cost=0.43..48.53 rows=10 width=559)
	        Index Cond: (id = ANY ('{5197937,5057930,2201551,193158,2221417,8781357,503182,8917851,7629491,2386857}'::integer[]))

table 8 : explain UPDATE sbtest8 set c=7 WHERE id IN ( 5197937, 5057930, 2201551, 193158, 2221417, 8781357, 503182, 8917851, 7629491, 2386857)
	Update on sbtest8  (cost=0.43..48.53 rows=10 width=559)
	  ->  Index Scan using sbtest8_pkey on sbtest8  (cost=0.43..48.53 rows=10 width=559)
	        Index Cond: (id = ANY ('{5197937,5057930,2201551,193158,2221417,8781357,503182,8917851,7629491,2386857}'::integer[]))

explain: for update-inlist :: explain UPDATE sbtest%d set c=7 WHERE id IN ( 7687664, 6491339, 6621425, 780786, 7120198, 3648842, 6633095, 735791, 3502380, 4972167)
explain: for update-inlist :: explain UPDATE sbtest%d set c=7 WHERE id IN ( 3680280, 5117562, 5273087, 9082107, 4749069, 8085082, 8343157, 766485, 8895054, 2297046)
explain: for update-inlist :: explain UPDATE sbtest%d set c=7 WHERE id IN ( 5151172, 7341576, 2339142, 2540823, 8716074, 8637639, 3510958, 2127306, 6331833, 6090694)
for update-inlist
table 1 : explain UPDATE sbtest1 set c=7 WHERE id IN ( 9015289, 3129381, 7749115, 9614301, 1287165, 866690, 2689561, 6636886, 8455172, 8528107)
	Update on sbtest1  (cost=0.43..48.53 rows=10 width=559)
	  ->  Index Scan using sbtest1_pkey on sbtest1  (cost=0.43..48.53 rows=10 width=559)
	        Index Cond: (id = ANY ('{9015289,3129381,7749115,9614301,1287165,866690,2689561,6636886,8455172,8528107}'::integer[]))

table 2 : explain UPDATE sbtest2 set c=7 WHERE id IN ( 9015289, 3129381, 7749115, 9614301, 1287165, 866690, 2689561, 6636886, 8455172, 8528107)
	Update on sbtest2  (cost=0.43..48.53 rows=10 width=559)
	  ->  Index Scan using sbtest2_pkey on sbtest2  (cost=0.43..48.53 rows=10 width=559)
	        Index Cond: (id = ANY ('{9015289,3129381,7749115,9614301,1287165,866690,2689561,6636886,8455172,8528107}'::integer[]))

table 3 : explain UPDATE sbtest3 set c=7 WHERE id IN ( 9015289, 3129381, 7749115, 9614301, 1287165, 866690, 2689561, 6636886, 8455172, 8528107)
	Update on sbtest3  (cost=0.43..48.53 rows=10 width=559)
	  ->  Index Scan using sbtest3_pkey on sbtest3  (cost=0.43..48.53 rows=10 width=559)
	        Index Cond: (id = ANY ('{9015289,3129381,7749115,9614301,1287165,866690,2689561,6636886,8455172,8528107}'::integer[]))

table 4 : explain UPDATE sbtest4 set c=7 WHERE id IN ( 9015289, 3129381, 7749115, 9614301, 1287165, 866690, 2689561, 6636886, 8455172, 8528107)
	Update on sbtest4  (cost=0.43..48.53 rows=10 width=559)
	  ->  Index Scan using sbtest4_pkey on sbtest4  (cost=0.43..48.53 rows=10 width=559)
	        Index Cond: (id = ANY ('{9015289,3129381,7749115,9614301,1287165,866690,2689561,6636886,8455172,8528107}'::integer[]))

table 5 : explain UPDATE sbtest5 set c=7 WHERE id IN ( 9015289, 3129381, 7749115, 9614301, 1287165, 866690, 2689561, 6636886, 8455172, 8528107)
	Update on sbtest5  (cost=0.43..48.53 rows=10 width=559)
	  ->  Index Scan using sbtest5_pkey on sbtest5  (cost=0.43..48.53 rows=10 width=559)
	        Index Cond: (id = ANY ('{9015289,3129381,7749115,9614301,1287165,866690,2689561,6636886,8455172,8528107}'::integer[]))

table 6 : explain UPDATE sbtest6 set c=7 WHERE id IN ( 9015289, 3129381, 7749115, 9614301, 1287165, 866690, 2689561, 6636886, 8455172, 8528107)
	Update on sbtest6  (cost=0.43..48.53 rows=10 width=559)
	  ->  Index Scan using sbtest6_pkey on sbtest6  (cost=0.43..48.53 rows=10 width=559)
	        Index Cond: (id = ANY ('{9015289,3129381,7749115,9614301,1287165,866690,2689561,6636886,8455172,8528107}'::integer[]))

table 7 : explain UPDATE sbtest7 set c=7 WHERE id IN ( 9015289, 3129381, 7749115, 9614301, 1287165, 866690, 2689561, 6636886, 8455172, 8528107)
	Update on sbtest7  (cost=0.43..48.53 rows=10 width=559)
	  ->  Index Scan using sbtest7_pkey on sbtest7  (cost=0.43..48.53 rows=10 width=559)
	        Index Cond: (id = ANY ('{9015289,3129381,7749115,9614301,1287165,866690,2689561,6636886,8455172,8528107}'::integer[]))

table 8 : explain UPDATE sbtest8 set c=7 WHERE id IN ( 9015289, 3129381, 7749115, 9614301, 1287165, 866690, 2689561, 6636886, 8455172, 8528107)
	Update on sbtest8  (cost=0.43..48.53 rows=10 width=559)
	  ->  Index Scan using sbtest8_pkey on sbtest8  (cost=0.43..48.53 rows=10 width=559)
	        Index Cond: (id = ANY ('{9015289,3129381,7749115,9614301,1287165,866690,2689561,6636886,8455172,8528107}'::integer[]))

explain: for update-inlist :: explain UPDATE sbtest%d set c=7 WHERE id IN ( 1529050, 5885618, 5600366, 9097273, 1811990, 6212434, 3826803, 9308707, 8708773, 8271456)
for update-inlist
table 1 : explain UPDATE sbtest1 set c=7 WHERE id IN ( 3265183, 3369695, 504521, 1406281, 5566469, 3176705, 3964459, 936138, 1767941, 7166947)
	Update on sbtest1  (cost=0.43..48.53 rows=10 width=559)
	  ->  Index Scan using sbtest1_pkey on sbtest1  (cost=0.43..48.53 rows=10 width=559)
	        Index Cond: (id = ANY ('{3265183,3369695,504521,1406281,5566469,3176705,3964459,936138,1767941,7166947}'::integer[]))

table 2 : explain UPDATE sbtest2 set c=7 WHERE id IN ( 3265183, 3369695, 504521, 1406281, 5566469, 3176705, 3964459, 936138, 1767941, 7166947)
	Update on sbtest2  (cost=0.43..48.53 rows=10 width=559)
	  ->  Index Scan using sbtest2_pkey on sbtest2  (cost=0.43..48.53 rows=10 width=559)
	        Index Cond: (id = ANY ('{3265183,3369695,504521,1406281,5566469,3176705,3964459,936138,1767941,7166947}'::integer[]))

table 3 : explain UPDATE sbtest3 set c=7 WHERE id IN ( 3265183, 3369695, 504521, 1406281, 5566469, 3176705, 3964459, 936138, 1767941, 7166947)
	Update on sbtest3  (cost=0.43..48.53 rows=10 width=559)
	  ->  Index Scan using sbtest3_pkey on sbtest3  (cost=0.43..48.53 rows=10 width=559)
	        Index Cond: (id = ANY ('{3265183,3369695,504521,1406281,5566469,3176705,3964459,936138,1767941,7166947}'::integer[]))

table 4 : explain UPDATE sbtest4 set c=7 WHERE id IN ( 3265183, 3369695, 504521, 1406281, 5566469, 3176705, 3964459, 936138, 1767941, 7166947)
	Update on sbtest4  (cost=0.43..48.53 rows=10 width=559)
	  ->  Index Scan using sbtest4_pkey on sbtest4  (cost=0.43..48.53 rows=10 width=559)
	        Index Cond: (id = ANY ('{3265183,3369695,504521,1406281,5566469,3176705,3964459,936138,1767941,7166947}'::integer[]))

table 5 : explain UPDATE sbtest5 set c=7 WHERE id IN ( 3265183, 3369695, 504521, 1406281, 5566469, 3176705, 3964459, 936138, 1767941, 7166947)
	Update on sbtest5  (cost=0.43..48.53 rows=10 width=559)
	  ->  Index Scan using sbtest5_pkey on sbtest5  (cost=0.43..48.53 rows=10 width=559)
	        Index Cond: (id = ANY ('{3265183,3369695,504521,1406281,5566469,3176705,3964459,936138,1767941,7166947}'::integer[]))

table 6 : explain UPDATE sbtest6 set c=7 WHERE id IN ( 3265183, 3369695, 504521, 1406281, 5566469, 3176705, 3964459, 936138, 1767941, 7166947)
	Update on sbtest6  (cost=0.43..48.53 rows=10 width=559)
	  ->  Index Scan using sbtest6_pkey on sbtest6  (cost=0.43..48.53 rows=10 width=559)
	        Index Cond: (id = ANY ('{3265183,3369695,504521,1406281,5566469,3176705,3964459,936138,1767941,7166947}'::integer[]))

table 7 : explain UPDATE sbtest7 set c=7 WHERE id IN ( 3265183, 3369695, 504521, 1406281, 5566469, 3176705, 3964459, 936138, 1767941, 7166947)
	Update on sbtest7  (cost=0.43..48.53 rows=10 width=559)
	  ->  Index Scan using sbtest7_pkey on sbtest7  (cost=0.43..48.53 rows=10 width=559)
	        Index Cond: (id = ANY ('{3265183,3369695,504521,1406281,5566469,3176705,3964459,936138,1767941,7166947}'::integer[]))

table 8 : explain UPDATE sbtest8 set c=7 WHERE id IN ( 3265183, 3369695, 504521, 1406281, 5566469, 3176705, 3964459, 936138, 1767941, 7166947)
	Update on sbtest8  (cost=0.43..48.53 rows=10 width=559)
	  ->  Index Scan using sbtest8_pkey on sbtest8  (cost=0.43..48.53 rows=10 width=559)
	        Index Cond: (id = ANY ('{3265183,3369695,504521,1406281,5566469,3176705,3964459,936138,1767941,7166947}'::integer[]))

for update-inlist
table 1 : explain UPDATE sbtest1 set c=7 WHERE id IN ( 2854148, 8244397, 2978010, 8046595, 3346222, 6998785, 3948371, 8347244, 3672671, 5061424)
	Update on sbtest1  (cost=0.43..48.53 rows=10 width=559)
	  ->  Index Scan using sbtest1_pkey on sbtest1  (cost=0.43..48.53 rows=10 width=559)
	        Index Cond: (id = ANY ('{2854148,8244397,2978010,8046595,3346222,6998785,3948371,8347244,3672671,5061424}'::integer[]))

table 2 : explain UPDATE sbtest2 set c=7 WHERE id IN ( 2854148, 8244397, 2978010, 8046595, 3346222, 6998785, 3948371, 8347244, 3672671, 5061424)
	Update on sbtest2  (cost=0.43..48.53 rows=10 width=559)
	  ->  Index Scan using sbtest2_pkey on sbtest2  (cost=0.43..48.53 rows=10 width=559)
	        Index Cond: (id = ANY ('{2854148,8244397,2978010,8046595,3346222,6998785,3948371,8347244,3672671,5061424}'::integer[]))

table 3 : explain UPDATE sbtest3 set c=7 WHERE id IN ( 2854148, 8244397, 2978010, 8046595, 3346222, 6998785, 3948371, 8347244, 3672671, 5061424)
	Update on sbtest3  (cost=0.43..48.53 rows=10 width=559)
	  ->  Index Scan using sbtest3_pkey on sbtest3  (cost=0.43..48.53 rows=10 width=559)
	        Index Cond: (id = ANY ('{2854148,8244397,2978010,8046595,3346222,6998785,3948371,8347244,3672671,5061424}'::integer[]))

table 4 : explain UPDATE sbtest4 set c=7 WHERE id IN ( 2854148, 8244397, 2978010, 8046595, 3346222, 6998785, 3948371, 8347244, 3672671, 5061424)
	Update on sbtest4  (cost=0.43..48.53 rows=10 width=559)
	  ->  Index Scan using sbtest4_pkey on sbtest4  (cost=0.43..48.53 rows=10 width=559)
	        Index Cond: (id = ANY ('{2854148,8244397,2978010,8046595,3346222,6998785,3948371,8347244,3672671,5061424}'::integer[]))

table 5 : explain UPDATE sbtest5 set c=7 WHERE id IN ( 2854148, 8244397, 2978010, 8046595, 3346222, 6998785, 3948371, 8347244, 3672671, 5061424)
	Update on sbtest5  (cost=0.43..48.53 rows=10 width=559)
	  ->  Index Scan using sbtest5_pkey on sbtest5  (cost=0.43..48.53 rows=10 width=559)
	        Index Cond: (id = ANY ('{2854148,8244397,2978010,8046595,3346222,6998785,3948371,8347244,3672671,5061424}'::integer[]))

table 6 : explain UPDATE sbtest6 set c=7 WHERE id IN ( 2854148, 8244397, 2978010, 8046595, 3346222, 6998785, 3948371, 8347244, 3672671, 5061424)
	Update on sbtest6  (cost=0.43..48.53 rows=10 width=559)
	  ->  Index Scan using sbtest6_pkey on sbtest6  (cost=0.43..48.53 rows=10 width=559)
	        Index Cond: (id = ANY ('{2854148,8244397,2978010,8046595,3346222,6998785,3948371,8347244,3672671,5061424}'::integer[]))

table 7 : explain UPDATE sbtest7 set c=7 WHERE id IN ( 2854148, 8244397, 2978010, 8046595, 3346222, 6998785, 3948371, 8347244, 3672671, 5061424)
	Update on sbtest7  (cost=0.43..48.53 rows=10 width=559)
	  ->  Index Scan using sbtest7_pkey on sbtest7  (cost=0.43..48.53 rows=10 width=559)
	        Index Cond: (id = ANY ('{2854148,8244397,2978010,8046595,3346222,6998785,3948371,8347244,3672671,5061424}'::integer[]))

table 8 : explain UPDATE sbtest8 set c=7 WHERE id IN ( 2854148, 8244397, 2978010, 8046595, 3346222, 6998785, 3948371, 8347244, 3672671, 5061424)
	Update on sbtest8  (cost=0.43..48.53 rows=10 width=559)
	  ->  Index Scan using sbtest8_pkey on sbtest8  (cost=0.43..48.53 rows=10 width=559)
	        Index Cond: (id = ANY ('{2854148,8244397,2978010,8046595,3346222,6998785,3948371,8347244,3672671,5061424}'::integer[]))

explain: for update-inlist :: explain UPDATE sbtest%d set c=7 WHERE id IN ( 5114427, 1745641, 6006359, 4876421, 1613183, 9751350, 9071214, 91855, 4122631, 128678)
for update-inlist
table 1 : explain UPDATE sbtest1 set c=7 WHERE id IN ( 5902464, 5490277, 9645474, 3586661, 2237765, 4078943, 7470114, 5883768, 2745510, 8825380)
	Update on sbtest1  (cost=0.43..48.53 rows=10 width=559)
	  ->  Index Scan using sbtest1_pkey on sbtest1  (cost=0.43..48.53 rows=10 width=559)
	        Index Cond: (id = ANY ('{5902464,5490277,9645474,3586661,2237765,4078943,7470114,5883768,2745510,8825380}'::integer[]))

table 2 : explain UPDATE sbtest2 set c=7 WHERE id IN ( 5902464, 5490277, 9645474, 3586661, 2237765, 4078943, 7470114, 5883768, 2745510, 8825380)
	Update on sbtest2  (cost=0.43..48.53 rows=10 width=559)
	  ->  Index Scan using sbtest2_pkey on sbtest2  (cost=0.43..48.53 rows=10 width=559)
	        Index Cond: (id = ANY ('{5902464,5490277,9645474,3586661,2237765,4078943,7470114,5883768,2745510,8825380}'::integer[]))

table 3 : explain UPDATE sbtest3 set c=7 WHERE id IN ( 5902464, 5490277, 9645474, 3586661, 2237765, 4078943, 7470114, 5883768, 2745510, 8825380)
	Update on sbtest3  (cost=0.43..48.53 rows=10 width=559)
	  ->  Index Scan using sbtest3_pkey on sbtest3  (cost=0.43..48.53 rows=10 width=559)
	        Index Cond: (id = ANY ('{5902464,5490277,9645474,3586661,2237765,4078943,7470114,5883768,2745510,8825380}'::integer[]))

table 4 : explain UPDATE sbtest4 set c=7 WHERE id IN ( 5902464, 5490277, 9645474, 3586661, 2237765, 4078943, 7470114, 5883768, 2745510, 8825380)
	Update on sbtest4  (cost=0.43..48.53 rows=10 width=559)
	  ->  Index Scan using sbtest4_pkey on sbtest4  (cost=0.43..48.53 rows=10 width=559)
	        Index Cond: (id = ANY ('{5902464,5490277,9645474,3586661,2237765,4078943,7470114,5883768,2745510,8825380}'::integer[]))

table 5 : explain UPDATE sbtest5 set c=7 WHERE id IN ( 5902464, 5490277, 9645474, 3586661, 2237765, 4078943, 7470114, 5883768, 2745510, 8825380)
	Update on sbtest5  (cost=0.43..48.53 rows=10 width=559)
	  ->  Index Scan using sbtest5_pkey on sbtest5  (cost=0.43..48.53 rows=10 width=559)
	        Index Cond: (id = ANY ('{5902464,5490277,9645474,3586661,2237765,4078943,7470114,5883768,2745510,8825380}'::integer[]))

table 6 : explain UPDATE sbtest6 set c=7 WHERE id IN ( 5902464, 5490277, 9645474, 3586661, 2237765, 4078943, 7470114, 5883768, 2745510, 8825380)
	Update on sbtest6  (cost=0.43..48.53 rows=10 width=559)
	  ->  Index Scan using sbtest6_pkey on sbtest6  (cost=0.43..48.53 rows=10 width=559)
	        Index Cond: (id = ANY ('{5902464,5490277,9645474,3586661,2237765,4078943,7470114,5883768,2745510,8825380}'::integer[]))

table 7 : explain UPDATE sbtest7 set c=7 WHERE id IN ( 5902464, 5490277, 9645474, 3586661, 2237765, 4078943, 7470114, 5883768, 2745510, 8825380)
	Update on sbtest7  (cost=0.43..48.53 rows=10 width=559)
	  ->  Index Scan using sbtest7_pkey on sbtest7  (cost=0.43..48.53 rows=10 width=559)
	        Index Cond: (id = ANY ('{5902464,5490277,9645474,3586661,2237765,4078943,7470114,5883768,2745510,8825380}'::integer[]))

table 8 : explain UPDATE sbtest8 set c=7 WHERE id IN ( 5902464, 5490277, 9645474, 3586661, 2237765, 4078943, 7470114, 5883768, 2745510, 8825380)
	Update on sbtest8  (cost=0.43..48.53 rows=10 width=559)
	  ->  Index Scan using sbtest8_pkey on sbtest8  (cost=0.43..48.53 rows=10 width=559)
	        Index Cond: (id = ANY ('{5902464,5490277,9645474,3586661,2237765,4078943,7470114,5883768,2745510,8825380}'::integer[]))

for update-inlist
table 1 : explain UPDATE sbtest1 set c=7 WHERE id IN ( 5694766, 3823354, 9029093, 8684865, 1571538, 3609857, 5845782, 8687631, 9808094, 2281736)
	Update on sbtest1  (cost=0.43..48.53 rows=10 width=559)
	  ->  Index Scan using sbtest1_pkey on sbtest1  (cost=0.43..48.53 rows=10 width=559)
	        Index Cond: (id = ANY ('{5694766,3823354,9029093,8684865,1571538,3609857,5845782,8687631,9808094,2281736}'::integer[]))

table 2 : explain UPDATE sbtest2 set c=7 WHERE id IN ( 5694766, 3823354, 9029093, 8684865, 1571538, 3609857, 5845782, 8687631, 9808094, 2281736)
	Update on sbtest2  (cost=0.43..48.53 rows=10 width=559)
	  ->  Index Scan using sbtest2_pkey on sbtest2  (cost=0.43..48.53 rows=10 width=559)
	        Index Cond: (id = ANY ('{5694766,3823354,9029093,8684865,1571538,3609857,5845782,8687631,9808094,2281736}'::integer[]))

table 3 : explain UPDATE sbtest3 set c=7 WHERE id IN ( 5694766, 3823354, 9029093, 8684865, 1571538, 3609857, 5845782, 8687631, 9808094, 2281736)
	Update on sbtest3  (cost=0.43..48.53 rows=10 width=559)
	  ->  Index Scan using sbtest3_pkey on sbtest3  (cost=0.43..48.53 rows=10 width=559)
	        Index Cond: (id = ANY ('{5694766,3823354,9029093,8684865,1571538,3609857,5845782,8687631,9808094,2281736}'::integer[]))

table 4 : explain UPDATE sbtest4 set c=7 WHERE id IN ( 5694766, 3823354, 9029093, 8684865, 1571538, 3609857, 5845782, 8687631, 9808094, 2281736)
	Update on sbtest4  (cost=0.43..48.53 rows=10 width=559)
	  ->  Index Scan using sbtest4_pkey on sbtest4  (cost=0.43..48.53 rows=10 width=559)
	        Index Cond: (id = ANY ('{5694766,3823354,9029093,8684865,1571538,3609857,5845782,8687631,9808094,2281736}'::integer[]))

table 5 : explain UPDATE sbtest5 set c=7 WHERE id IN ( 5694766, 3823354, 9029093, 8684865, 1571538, 3609857, 5845782, 8687631, 9808094, 2281736)
	Update on sbtest5  (cost=0.43..48.53 rows=10 width=559)
	  ->  Index Scan using sbtest5_pkey on sbtest5  (cost=0.43..48.53 rows=10 width=559)
	        Index Cond: (id = ANY ('{5694766,3823354,9029093,8684865,1571538,3609857,5845782,8687631,9808094,2281736}'::integer[]))

table 6 : explain UPDATE sbtest6 set c=7 WHERE id IN ( 5694766, 3823354, 9029093, 8684865, 1571538, 3609857, 5845782, 8687631, 9808094, 2281736)
	Update on sbtest6  (cost=0.43..48.53 rows=10 width=559)
	  ->  Index Scan using sbtest6_pkey on sbtest6  (cost=0.43..48.53 rows=10 width=559)
	        Index Cond: (id = ANY ('{5694766,3823354,9029093,8684865,1571538,3609857,5845782,8687631,9808094,2281736}'::integer[]))

table 7 : explain UPDATE sbtest7 set c=7 WHERE id IN ( 5694766, 3823354, 9029093, 8684865, 1571538, 3609857, 5845782, 8687631, 9808094, 2281736)
	Update on sbtest7  (cost=0.43..48.53 rows=10 width=559)
	  ->  Index Scan using sbtest7_pkey on sbtest7  (cost=0.43..48.53 rows=10 width=559)
	        Index Cond: (id = ANY ('{5694766,3823354,9029093,8684865,1571538,3609857,5845782,8687631,9808094,2281736}'::integer[]))

table 8 : explain UPDATE sbtest8 set c=7 WHERE id IN ( 5694766, 3823354, 9029093, 8684865, 1571538, 3609857, 5845782, 8687631, 9808094, 2281736)
	Update on sbtest8  (cost=0.43..48.53 rows=10 width=559)
	  ->  Index Scan using sbtest8_pkey on sbtest8  (cost=0.43..48.53 rows=10 width=559)
	        Index Cond: (id = ANY ('{5694766,3823354,9029093,8684865,1571538,3609857,5845782,8687631,9808094,2281736}'::integer[]))

for update-inlist
table 1 : explain UPDATE sbtest1 set c=7 WHERE id IN ( 7118428, 6766407, 6934889, 9554149, 1784590, 1430784, 2552979, 5785153, 2336158, 1278947)
	Update on sbtest1  (cost=0.43..48.53 rows=10 width=559)
	  ->  Index Scan using sbtest1_pkey on sbtest1  (cost=0.43..48.53 rows=10 width=559)
	        Index Cond: (id = ANY ('{7118428,6766407,6934889,9554149,1784590,1430784,2552979,5785153,2336158,1278947}'::integer[]))

table 2 : explain UPDATE sbtest2 set c=7 WHERE id IN ( 7118428, 6766407, 6934889, 9554149, 1784590, 1430784, 2552979, 5785153, 2336158, 1278947)
	Update on sbtest2  (cost=0.43..48.53 rows=10 width=559)
	  ->  Index Scan using sbtest2_pkey on sbtest2  (cost=0.43..48.53 rows=10 width=559)
	        Index Cond: (id = ANY ('{7118428,6766407,6934889,9554149,1784590,1430784,2552979,5785153,2336158,1278947}'::integer[]))

table 3 : explain UPDATE sbtest3 set c=7 WHERE id IN ( 7118428, 6766407, 6934889, 9554149, 1784590, 1430784, 2552979, 5785153, 2336158, 1278947)
	Update on sbtest3  (cost=0.43..48.53 rows=10 width=559)
	  ->  Index Scan using sbtest3_pkey on sbtest3  (cost=0.43..48.53 rows=10 width=559)
	        Index Cond: (id = ANY ('{7118428,6766407,6934889,9554149,1784590,1430784,2552979,5785153,2336158,1278947}'::integer[]))

table 4 : explain UPDATE sbtest4 set c=7 WHERE id IN ( 7118428, 6766407, 6934889, 9554149, 1784590, 1430784, 2552979, 5785153, 2336158, 1278947)
	Update on sbtest4  (cost=0.43..48.53 rows=10 width=559)
	  ->  Index Scan using sbtest4_pkey on sbtest4  (cost=0.43..48.53 rows=10 width=559)
	        Index Cond: (id = ANY ('{7118428,6766407,6934889,9554149,1784590,1430784,2552979,5785153,2336158,1278947}'::integer[]))

table 5 : explain UPDATE sbtest5 set c=7 WHERE id IN ( 7118428, 6766407, 6934889, 9554149, 1784590, 1430784, 2552979, 5785153, 2336158, 1278947)
	Update on sbtest5  (cost=0.43..48.53 rows=10 width=559)
	  ->  Index Scan using sbtest5_pkey on sbtest5  (cost=0.43..48.53 rows=10 width=559)
	        Index Cond: (id = ANY ('{7118428,6766407,6934889,9554149,1784590,1430784,2552979,5785153,2336158,1278947}'::integer[]))

table 6 : explain UPDATE sbtest6 set c=7 WHERE id IN ( 7118428, 6766407, 6934889, 9554149, 1784590, 1430784, 2552979, 5785153, 2336158, 1278947)
	Update on sbtest6  (cost=0.43..48.53 rows=10 width=559)
	  ->  Index Scan using sbtest6_pkey on sbtest6  (cost=0.43..48.53 rows=10 width=559)
	        Index Cond: (id = ANY ('{7118428,6766407,6934889,9554149,1784590,1430784,2552979,5785153,2336158,1278947}'::integer[]))

table 7 : explain UPDATE sbtest7 set c=7 WHERE id IN ( 7118428, 6766407, 6934889, 9554149, 1784590, 1430784, 2552979, 5785153, 2336158, 1278947)
	Update on sbtest7  (cost=0.43..48.53 rows=10 width=559)
	  ->  Index Scan using sbtest7_pkey on sbtest7  (cost=0.43..48.53 rows=10 width=559)
	        Index Cond: (id = ANY ('{7118428,6766407,6934889,9554149,1784590,1430784,2552979,5785153,2336158,1278947}'::integer[]))

table 8 : explain UPDATE sbtest8 set c=7 WHERE id IN ( 7118428, 6766407, 6934889, 9554149, 1784590, 1430784, 2552979, 5785153, 2336158, 1278947)
	Update on sbtest8  (cost=0.43..48.53 rows=10 width=559)
	  ->  Index Scan using sbtest8_pkey on sbtest8  (cost=0.43..48.53 rows=10 width=559)
	        Index Cond: (id = ANY ('{7118428,6766407,6934889,9554149,1784590,1430784,2552979,5785153,2336158,1278947}'::integer[]))

for update-inlist
table 1 : explain UPDATE sbtest1 set c=7 WHERE id IN ( 2425493, 178472, 2131009, 6617435, 8942139, 6725038, 2919572, 6734345, 3254845, 9471627)
	Update on sbtest1  (cost=0.43..48.53 rows=10 width=559)
	  ->  Index Scan using sbtest1_pkey on sbtest1  (cost=0.43..48.53 rows=10 width=559)
	        Index Cond: (id = ANY ('{2425493,178472,2131009,6617435,8942139,6725038,2919572,6734345,3254845,9471627}'::integer[]))

table 2 : explain UPDATE sbtest2 set c=7 WHERE id IN ( 2425493, 178472, 2131009, 6617435, 8942139, 6725038, 2919572, 6734345, 3254845, 9471627)
	Update on sbtest2  (cost=0.43..48.53 rows=10 width=559)
	  ->  Index Scan using sbtest2_pkey on sbtest2  (cost=0.43..48.53 rows=10 width=559)
	        Index Cond: (id = ANY ('{2425493,178472,2131009,6617435,8942139,6725038,2919572,6734345,3254845,9471627}'::integer[]))

table 3 : explain UPDATE sbtest3 set c=7 WHERE id IN ( 2425493, 178472, 2131009, 6617435, 8942139, 6725038, 2919572, 6734345, 3254845, 9471627)
	Update on sbtest3  (cost=0.43..48.53 rows=10 width=559)
	  ->  Index Scan using sbtest3_pkey on sbtest3  (cost=0.43..48.53 rows=10 width=559)
	        Index Cond: (id = ANY ('{2425493,178472,2131009,6617435,8942139,6725038,2919572,6734345,3254845,9471627}'::integer[]))

table 4 : explain UPDATE sbtest4 set c=7 WHERE id IN ( 2425493, 178472, 2131009, 6617435, 8942139, 6725038, 2919572, 6734345, 3254845, 9471627)
	Update on sbtest4  (cost=0.43..48.53 rows=10 width=559)
	  ->  Index Scan using sbtest4_pkey on sbtest4  (cost=0.43..48.53 rows=10 width=559)
	        Index Cond: (id = ANY ('{2425493,178472,2131009,6617435,8942139,6725038,2919572,6734345,3254845,9471627}'::integer[]))

table 5 : explain UPDATE sbtest5 set c=7 WHERE id IN ( 2425493, 178472, 2131009, 6617435, 8942139, 6725038, 2919572, 6734345, 3254845, 9471627)
	Update on sbtest5  (cost=0.43..48.53 rows=10 width=559)
	  ->  Index Scan using sbtest5_pkey on sbtest5  (cost=0.43..48.53 rows=10 width=559)
	        Index Cond: (id = ANY ('{2425493,178472,2131009,6617435,8942139,6725038,2919572,6734345,3254845,9471627}'::integer[]))

table 6 : explain UPDATE sbtest6 set c=7 WHERE id IN ( 2425493, 178472, 2131009, 6617435, 8942139, 6725038, 2919572, 6734345, 3254845, 9471627)
	Update on sbtest6  (cost=0.43..48.53 rows=10 width=559)
	  ->  Index Scan using sbtest6_pkey on sbtest6  (cost=0.43..48.53 rows=10 width=559)
	        Index Cond: (id = ANY ('{2425493,178472,2131009,6617435,8942139,6725038,2919572,6734345,3254845,9471627}'::integer[]))

table 7 : explain UPDATE sbtest7 set c=7 WHERE id IN ( 2425493, 178472, 2131009, 6617435, 8942139, 6725038, 2919572, 6734345, 3254845, 9471627)
	Update on sbtest7  (cost=0.43..48.53 rows=10 width=559)
	  ->  Index Scan using sbtest7_pkey on sbtest7  (cost=0.43..48.53 rows=10 width=559)
	        Index Cond: (id = ANY ('{2425493,178472,2131009,6617435,8942139,6725038,2919572,6734345,3254845,9471627}'::integer[]))

table 8 : explain UPDATE sbtest8 set c=7 WHERE id IN ( 2425493, 178472, 2131009, 6617435, 8942139, 6725038, 2919572, 6734345, 3254845, 9471627)
	Update on sbtest8  (cost=0.43..48.53 rows=10 width=559)
	  ->  Index Scan using sbtest8_pkey on sbtest8  (cost=0.43..48.53 rows=10 width=559)
	        Index Cond: (id = ANY ('{2425493,178472,2131009,6617435,8942139,6725038,2919572,6734345,3254845,9471627}'::integer[]))

for update-inlist
table 1 : explain UPDATE sbtest1 set c=7 WHERE id IN ( 3680280, 5117562, 5273087, 9082107, 4749069, 8085082, 8343157, 766485, 8895054, 2297046)
	Update on sbtest1  (cost=0.43..48.53 rows=10 width=559)
	  ->  Index Scan using sbtest1_pkey on sbtest1  (cost=0.43..48.53 rows=10 width=559)
	        Index Cond: (id = ANY ('{3680280,5117562,5273087,9082107,4749069,8085082,8343157,766485,8895054,2297046}'::integer[]))

table 2 : explain UPDATE sbtest2 set c=7 WHERE id IN ( 3680280, 5117562, 5273087, 9082107, 4749069, 8085082, 8343157, 766485, 8895054, 2297046)
	Update on sbtest2  (cost=0.43..48.53 rows=10 width=559)
	  ->  Index Scan using sbtest2_pkey on sbtest2  (cost=0.43..48.53 rows=10 width=559)
	        Index Cond: (id = ANY ('{3680280,5117562,5273087,9082107,4749069,8085082,8343157,766485,8895054,2297046}'::integer[]))

table 3 : explain UPDATE sbtest3 set c=7 WHERE id IN ( 3680280, 5117562, 5273087, 9082107, 4749069, 8085082, 8343157, 766485, 8895054, 2297046)
	Update on sbtest3  (cost=0.43..48.53 rows=10 width=559)
	  ->  Index Scan using sbtest3_pkey on sbtest3  (cost=0.43..48.53 rows=10 width=559)
	        Index Cond: (id = ANY ('{3680280,5117562,5273087,9082107,4749069,8085082,8343157,766485,8895054,2297046}'::integer[]))

table 4 : explain UPDATE sbtest4 set c=7 WHERE id IN ( 3680280, 5117562, 5273087, 9082107, 4749069, 8085082, 8343157, 766485, 8895054, 2297046)
	Update on sbtest4  (cost=0.43..48.53 rows=10 width=559)
	  ->  Index Scan using sbtest4_pkey on sbtest4  (cost=0.43..48.53 rows=10 width=559)
	        Index Cond: (id = ANY ('{3680280,5117562,5273087,9082107,4749069,8085082,8343157,766485,8895054,2297046}'::integer[]))

table 5 : explain UPDATE sbtest5 set c=7 WHERE id IN ( 3680280, 5117562, 5273087, 9082107, 4749069, 8085082, 8343157, 766485, 8895054, 2297046)
	Update on sbtest5  (cost=0.43..48.53 rows=10 width=559)
	  ->  Index Scan using sbtest5_pkey on sbtest5  (cost=0.43..48.53 rows=10 width=559)
	        Index Cond: (id = ANY ('{3680280,5117562,5273087,9082107,4749069,8085082,8343157,766485,8895054,2297046}'::integer[]))

table 6 : explain UPDATE sbtest6 set c=7 WHERE id IN ( 3680280, 5117562, 5273087, 9082107, 4749069, 8085082, 8343157, 766485, 8895054, 2297046)
	Update on sbtest6  (cost=0.43..48.53 rows=10 width=559)
	  ->  Index Scan using sbtest6_pkey on sbtest6  (cost=0.43..48.53 rows=10 width=559)
	        Index Cond: (id = ANY ('{3680280,5117562,5273087,9082107,4749069,8085082,8343157,766485,8895054,2297046}'::integer[]))

table 7 : explain UPDATE sbtest7 set c=7 WHERE id IN ( 3680280, 5117562, 5273087, 9082107, 4749069, 8085082, 8343157, 766485, 8895054, 2297046)
	Update on sbtest7  (cost=0.43..48.53 rows=10 width=559)
	  ->  Index Scan using sbtest7_pkey on sbtest7  (cost=0.43..48.53 rows=10 width=559)
	        Index Cond: (id = ANY ('{3680280,5117562,5273087,9082107,4749069,8085082,8343157,766485,8895054,2297046}'::integer[]))

table 8 : explain UPDATE sbtest8 set c=7 WHERE id IN ( 3680280, 5117562, 5273087, 9082107, 4749069, 8085082, 8343157, 766485, 8895054, 2297046)
	Update on sbtest8  (cost=0.43..48.53 rows=10 width=559)
	  ->  Index Scan using sbtest8_pkey on sbtest8  (cost=0.43..48.53 rows=10 width=559)
	        Index Cond: (id = ANY ('{3680280,5117562,5273087,9082107,4749069,8085082,8343157,766485,8895054,2297046}'::integer[]))

for update-inlist
table 1 : explain UPDATE sbtest1 set c=7 WHERE id IN ( 5151172, 7341576, 2339142, 2540823, 8716074, 8637639, 3510958, 2127306, 6331833, 6090694)
	Update on sbtest1  (cost=0.43..48.53 rows=10 width=559)
	  ->  Index Scan using sbtest1_pkey on sbtest1  (cost=0.43..48.53 rows=10 width=559)
	        Index Cond: (id = ANY ('{5151172,7341576,2339142,2540823,8716074,8637639,3510958,2127306,6331833,6090694}'::integer[]))

table 2 : explain UPDATE sbtest2 set c=7 WHERE id IN ( 5151172, 7341576, 2339142, 2540823, 8716074, 8637639, 3510958, 2127306, 6331833, 6090694)
	Update on sbtest2  (cost=0.43..48.53 rows=10 width=559)
	  ->  Index Scan using sbtest2_pkey on sbtest2  (cost=0.43..48.53 rows=10 width=559)
	        Index Cond: (id = ANY ('{5151172,7341576,2339142,2540823,8716074,8637639,3510958,2127306,6331833,6090694}'::integer[]))

table 3 : explain UPDATE sbtest3 set c=7 WHERE id IN ( 5151172, 7341576, 2339142, 2540823, 8716074, 8637639, 3510958, 2127306, 6331833, 6090694)
	Update on sbtest3  (cost=0.43..48.53 rows=10 width=559)
	  ->  Index Scan using sbtest3_pkey on sbtest3  (cost=0.43..48.53 rows=10 width=559)
	        Index Cond: (id = ANY ('{5151172,7341576,2339142,2540823,8716074,8637639,3510958,2127306,6331833,6090694}'::integer[]))

table 4 : explain UPDATE sbtest4 set c=7 WHERE id IN ( 5151172, 7341576, 2339142, 2540823, 8716074, 8637639, 3510958, 2127306, 6331833, 6090694)
	Update on sbtest4  (cost=0.43..48.53 rows=10 width=559)
	  ->  Index Scan using sbtest4_pkey on sbtest4  (cost=0.43..48.53 rows=10 width=559)
	        Index Cond: (id = ANY ('{5151172,7341576,2339142,2540823,8716074,8637639,3510958,2127306,6331833,6090694}'::integer[]))

table 5 : explain UPDATE sbtest5 set c=7 WHERE id IN ( 5151172, 7341576, 2339142, 2540823, 8716074, 8637639, 3510958, 2127306, 6331833, 6090694)
	Update on sbtest5  (cost=0.43..48.53 rows=10 width=559)
	  ->  Index Scan using sbtest5_pkey on sbtest5  (cost=0.43..48.53 rows=10 width=559)
	        Index Cond: (id = ANY ('{5151172,7341576,2339142,2540823,8716074,8637639,3510958,2127306,6331833,6090694}'::integer[]))

table 6 : explain UPDATE sbtest6 set c=7 WHERE id IN ( 5151172, 7341576, 2339142, 2540823, 8716074, 8637639, 3510958, 2127306, 6331833, 6090694)
	Update on sbtest6  (cost=0.43..48.53 rows=10 width=559)
	  ->  Index Scan using sbtest6_pkey on sbtest6  (cost=0.43..48.53 rows=10 width=559)
	        Index Cond: (id = ANY ('{5151172,7341576,2339142,2540823,8716074,8637639,3510958,2127306,6331833,6090694}'::integer[]))

table 7 : explain UPDATE sbtest7 set c=7 WHERE id IN ( 5151172, 7341576, 2339142, 2540823, 8716074, 8637639, 3510958, 2127306, 6331833, 6090694)
	Update on sbtest7  (cost=0.43..48.53 rows=10 width=559)
	  ->  Index Scan using sbtest7_pkey on sbtest7  (cost=0.43..48.53 rows=10 width=559)
	        Index Cond: (id = ANY ('{5151172,7341576,2339142,2540823,8716074,8637639,3510958,2127306,6331833,6090694}'::integer[]))

table 8 : explain UPDATE sbtest8 set c=7 WHERE id IN ( 5151172, 7341576, 2339142, 2540823, 8716074, 8637639, 3510958, 2127306, 6331833, 6090694)
	Update on sbtest8  (cost=0.43..48.53 rows=10 width=559)
	  ->  Index Scan using sbtest8_pkey on sbtest8  (cost=0.43..48.53 rows=10 width=559)
	        Index Cond: (id = ANY ('{5151172,7341576,2339142,2540823,8716074,8637639,3510958,2127306,6331833,6090694}'::integer[]))

for update-inlist
table 1 : explain UPDATE sbtest1 set c=7 WHERE id IN ( 2414335, 6276788, 2303495, 5905825, 5337415, 2711793, 2174496, 5639472, 2482763, 7921959)
	Update on sbtest1  (cost=0.43..48.53 rows=10 width=559)
	  ->  Index Scan using sbtest1_pkey on sbtest1  (cost=0.43..48.53 rows=10 width=559)
	        Index Cond: (id = ANY ('{2414335,6276788,2303495,5905825,5337415,2711793,2174496,5639472,2482763,7921959}'::integer[]))

table 2 : explain UPDATE sbtest2 set c=7 WHERE id IN ( 2414335, 6276788, 2303495, 5905825, 5337415, 2711793, 2174496, 5639472, 2482763, 7921959)
	Update on sbtest2  (cost=0.43..48.53 rows=10 width=559)
	  ->  Index Scan using sbtest2_pkey on sbtest2  (cost=0.43..48.53 rows=10 width=559)
	        Index Cond: (id = ANY ('{2414335,6276788,2303495,5905825,5337415,2711793,2174496,5639472,2482763,7921959}'::integer[]))

table 3 : explain UPDATE sbtest3 set c=7 WHERE id IN ( 2414335, 6276788, 2303495, 5905825, 5337415, 2711793, 2174496, 5639472, 2482763, 7921959)
	Update on sbtest3  (cost=0.43..48.53 rows=10 width=559)
	  ->  Index Scan using sbtest3_pkey on sbtest3  (cost=0.43..48.53 rows=10 width=559)
	        Index Cond: (id = ANY ('{2414335,6276788,2303495,5905825,5337415,2711793,2174496,5639472,2482763,7921959}'::integer[]))

table 4 : explain UPDATE sbtest4 set c=7 WHERE id IN ( 2414335, 6276788, 2303495, 5905825, 5337415, 2711793, 2174496, 5639472, 2482763, 7921959)
	Update on sbtest4  (cost=0.43..48.53 rows=10 width=559)
	  ->  Index Scan using sbtest4_pkey on sbtest4  (cost=0.43..48.53 rows=10 width=559)
	        Index Cond: (id = ANY ('{2414335,6276788,2303495,5905825,5337415,2711793,2174496,5639472,2482763,7921959}'::integer[]))

table 5 : explain UPDATE sbtest5 set c=7 WHERE id IN ( 2414335, 6276788, 2303495, 5905825, 5337415, 2711793, 2174496, 5639472, 2482763, 7921959)
	Update on sbtest5  (cost=0.43..48.53 rows=10 width=559)
	  ->  Index Scan using sbtest5_pkey on sbtest5  (cost=0.43..48.53 rows=10 width=559)
	        Index Cond: (id = ANY ('{2414335,6276788,2303495,5905825,5337415,2711793,2174496,5639472,2482763,7921959}'::integer[]))

table 6 : explain UPDATE sbtest6 set c=7 WHERE id IN ( 2414335, 6276788, 2303495, 5905825, 5337415, 2711793, 2174496, 5639472, 2482763, 7921959)
	Update on sbtest6  (cost=0.43..48.53 rows=10 width=559)
	  ->  Index Scan using sbtest6_pkey on sbtest6  (cost=0.43..48.53 rows=10 width=559)
	        Index Cond: (id = ANY ('{2414335,6276788,2303495,5905825,5337415,2711793,2174496,5639472,2482763,7921959}'::integer[]))

table 7 : explain UPDATE sbtest7 set c=7 WHERE id IN ( 2414335, 6276788, 2303495, 5905825, 5337415, 2711793, 2174496, 5639472, 2482763, 7921959)
	Update on sbtest7  (cost=0.43..48.53 rows=10 width=559)
	  ->  Index Scan using sbtest7_pkey on sbtest7  (cost=0.43..48.53 rows=10 width=559)
	        Index Cond: (id = ANY ('{2414335,6276788,2303495,5905825,5337415,2711793,2174496,5639472,2482763,7921959}'::integer[]))

table 8 : explain UPDATE sbtest8 set c=7 WHERE id IN ( 2414335, 6276788, 2303495, 5905825, 5337415, 2711793, 2174496, 5639472, 2482763, 7921959)
	Update on sbtest8  (cost=0.43..48.53 rows=10 width=559)
	  ->  Index Scan using sbtest8_pkey on sbtest8  (cost=0.43..48.53 rows=10 width=559)
	        Index Cond: (id = ANY ('{2414335,6276788,2303495,5905825,5337415,2711793,2174496,5639472,2482763,7921959}'::integer[]))

for update-inlist
table 1 : explain UPDATE sbtest1 set c=7 WHERE id IN ( 1529050, 5885618, 5600366, 9097273, 1811990, 6212434, 3826803, 9308707, 8708773, 8271456)
	Update on sbtest1  (cost=0.43..48.53 rows=10 width=559)
	  ->  Index Scan using sbtest1_pkey on sbtest1  (cost=0.43..48.53 rows=10 width=559)
	        Index Cond: (id = ANY ('{1529050,5885618,5600366,9097273,1811990,6212434,3826803,9308707,8708773,8271456}'::integer[]))

table 2 : explain UPDATE sbtest2 set c=7 WHERE id IN ( 1529050, 5885618, 5600366, 9097273, 1811990, 6212434, 3826803, 9308707, 8708773, 8271456)
	Update on sbtest2  (cost=0.43..48.53 rows=10 width=559)
	  ->  Index Scan using sbtest2_pkey on sbtest2  (cost=0.43..48.53 rows=10 width=559)
	        Index Cond: (id = ANY ('{1529050,5885618,5600366,9097273,1811990,6212434,3826803,9308707,8708773,8271456}'::integer[]))

table 3 : explain UPDATE sbtest3 set c=7 WHERE id IN ( 1529050, 5885618, 5600366, 9097273, 1811990, 6212434, 3826803, 9308707, 8708773, 8271456)
	Update on sbtest3  (cost=0.43..48.53 rows=10 width=559)
	  ->  Index Scan using sbtest3_pkey on sbtest3  (cost=0.43..48.53 rows=10 width=559)
	        Index Cond: (id = ANY ('{1529050,5885618,5600366,9097273,1811990,6212434,3826803,9308707,8708773,8271456}'::integer[]))

table 4 : explain UPDATE sbtest4 set c=7 WHERE id IN ( 1529050, 5885618, 5600366, 9097273, 1811990, 6212434, 3826803, 9308707, 8708773, 8271456)
	Update on sbtest4  (cost=0.43..48.53 rows=10 width=559)
	  ->  Index Scan using sbtest4_pkey on sbtest4  (cost=0.43..48.53 rows=10 width=559)
	        Index Cond: (id = ANY ('{1529050,5885618,5600366,9097273,1811990,6212434,3826803,9308707,8708773,8271456}'::integer[]))

table 5 : explain UPDATE sbtest5 set c=7 WHERE id IN ( 1529050, 5885618, 5600366, 9097273, 1811990, 6212434, 3826803, 9308707, 8708773, 8271456)
	Update on sbtest5  (cost=0.43..48.53 rows=10 width=559)
	  ->  Index Scan using sbtest5_pkey on sbtest5  (cost=0.43..48.53 rows=10 width=559)
	        Index Cond: (id = ANY ('{1529050,5885618,5600366,9097273,1811990,6212434,3826803,9308707,8708773,8271456}'::integer[]))

table 6 : explain UPDATE sbtest6 set c=7 WHERE id IN ( 1529050, 5885618, 5600366, 9097273, 1811990, 6212434, 3826803, 9308707, 8708773, 8271456)
	Update on sbtest6  (cost=0.43..48.53 rows=10 width=559)
	  ->  Index Scan using sbtest6_pkey on sbtest6  (cost=0.43..48.53 rows=10 width=559)
	        Index Cond: (id = ANY ('{1529050,5885618,5600366,9097273,1811990,6212434,3826803,9308707,8708773,8271456}'::integer[]))

table 7 : explain UPDATE sbtest7 set c=7 WHERE id IN ( 1529050, 5885618, 5600366, 9097273, 1811990, 6212434, 3826803, 9308707, 8708773, 8271456)
	Update on sbtest7  (cost=0.43..48.53 rows=10 width=559)
	  ->  Index Scan using sbtest7_pkey on sbtest7  (cost=0.43..48.53 rows=10 width=559)
	        Index Cond: (id = ANY ('{1529050,5885618,5600366,9097273,1811990,6212434,3826803,9308707,8708773,8271456}'::integer[]))

table 8 : explain UPDATE sbtest8 set c=7 WHERE id IN ( 1529050, 5885618, 5600366, 9097273, 1811990, 6212434, 3826803, 9308707, 8708773, 8271456)
	Update on sbtest8  (cost=0.43..48.53 rows=10 width=559)
	  ->  Index Scan using sbtest8_pkey on sbtest8  (cost=0.43..48.53 rows=10 width=559)
	        Index Cond: (id = ANY ('{1529050,5885618,5600366,9097273,1811990,6212434,3826803,9308707,8708773,8271456}'::integer[]))

explain: for update-inlist :: explain UPDATE sbtest%d set c=7 WHERE id IN ( 9641496, 3125138, 3711183, 1553363, 1882580, 423225, 3856644, 4661112, 1716567, 1119059)
explain: for update-inlist :: explain UPDATE sbtest%d set c=7 WHERE id IN ( 9240049, 8756100, 7373678, 7013489, 8022646, 4312550, 7108817, 8093742, 2978741, 6633032)
for update-inlist
table 1 : explain UPDATE sbtest1 set c=7 WHERE id IN ( 7687664, 6491339, 6621425, 780786, 7120198, 3648842, 6633095, 735791, 3502380, 4972167)
	Update on sbtest1  (cost=0.43..48.53 rows=10 width=559)
	  ->  Index Scan using sbtest1_pkey on sbtest1  (cost=0.43..48.53 rows=10 width=559)
	        Index Cond: (id = ANY ('{7687664,6491339,6621425,780786,7120198,3648842,6633095,735791,3502380,4972167}'::integer[]))

table 2 : explain UPDATE sbtest2 set c=7 WHERE id IN ( 7687664, 6491339, 6621425, 780786, 7120198, 3648842, 6633095, 735791, 3502380, 4972167)
	Update on sbtest2  (cost=0.43..48.53 rows=10 width=559)
	  ->  Index Scan using sbtest2_pkey on sbtest2  (cost=0.43..48.53 rows=10 width=559)
	        Index Cond: (id = ANY ('{7687664,6491339,6621425,780786,7120198,3648842,6633095,735791,3502380,4972167}'::integer[]))

table 3 : explain UPDATE sbtest3 set c=7 WHERE id IN ( 7687664, 6491339, 6621425, 780786, 7120198, 3648842, 6633095, 735791, 3502380, 4972167)
	Update on sbtest3  (cost=0.43..48.53 rows=10 width=559)
	  ->  Index Scan using sbtest3_pkey on sbtest3  (cost=0.43..48.53 rows=10 width=559)
	        Index Cond: (id = ANY ('{7687664,6491339,6621425,780786,7120198,3648842,6633095,735791,3502380,4972167}'::integer[]))

table 4 : explain UPDATE sbtest4 set c=7 WHERE id IN ( 7687664, 6491339, 6621425, 780786, 7120198, 3648842, 6633095, 735791, 3502380, 4972167)
	Update on sbtest4  (cost=0.43..48.53 rows=10 width=559)
	  ->  Index Scan using sbtest4_pkey on sbtest4  (cost=0.43..48.53 rows=10 width=559)
	        Index Cond: (id = ANY ('{7687664,6491339,6621425,780786,7120198,3648842,6633095,735791,3502380,4972167}'::integer[]))

table 5 : explain UPDATE sbtest5 set c=7 WHERE id IN ( 7687664, 6491339, 6621425, 780786, 7120198, 3648842, 6633095, 735791, 3502380, 4972167)
	Update on sbtest5  (cost=0.43..48.53 rows=10 width=559)
	  ->  Index Scan using sbtest5_pkey on sbtest5  (cost=0.43..48.53 rows=10 width=559)
	        Index Cond: (id = ANY ('{7687664,6491339,6621425,780786,7120198,3648842,6633095,735791,3502380,4972167}'::integer[]))

table 6 : explain UPDATE sbtest6 set c=7 WHERE id IN ( 7687664, 6491339, 6621425, 780786, 7120198, 3648842, 6633095, 735791, 3502380, 4972167)
	Update on sbtest6  (cost=0.43..48.53 rows=10 width=559)
	  ->  Index Scan using sbtest6_pkey on sbtest6  (cost=0.43..48.53 rows=10 width=559)
	        Index Cond: (id = ANY ('{7687664,6491339,6621425,780786,7120198,3648842,6633095,735791,3502380,4972167}'::integer[]))

table 7 : explain UPDATE sbtest7 set c=7 WHERE id IN ( 7687664, 6491339, 6621425, 780786, 7120198, 3648842, 6633095, 735791, 3502380, 4972167)
	Update on sbtest7  (cost=0.43..48.53 rows=10 width=559)
	  ->  Index Scan using sbtest7_pkey on sbtest7  (cost=0.43..48.53 rows=10 width=559)
	        Index Cond: (id = ANY ('{7687664,6491339,6621425,780786,7120198,3648842,6633095,735791,3502380,4972167}'::integer[]))

table 8 : explain UPDATE sbtest8 set c=7 WHERE id IN ( 7687664, 6491339, 6621425, 780786, 7120198, 3648842, 6633095, 735791, 3502380, 4972167)
	Update on sbtest8  (cost=0.43..48.53 rows=10 width=559)
	  ->  Index Scan using sbtest8_pkey on sbtest8  (cost=0.43..48.53 rows=10 width=559)
	        Index Cond: (id = ANY ('{7687664,6491339,6621425,780786,7120198,3648842,6633095,735791,3502380,4972167}'::integer[]))

for update-inlist
table 1 : explain UPDATE sbtest1 set c=7 WHERE id IN ( 5114427, 1745641, 6006359, 4876421, 1613183, 9751350, 9071214, 91855, 4122631, 128678)
	Update on sbtest1  (cost=0.43..48.53 rows=10 width=559)
	  ->  Index Scan using sbtest1_pkey on sbtest1  (cost=0.43..48.53 rows=10 width=559)
	        Index Cond: (id = ANY ('{5114427,1745641,6006359,4876421,1613183,9751350,9071214,91855,4122631,128678}'::integer[]))

table 2 : explain UPDATE sbtest2 set c=7 WHERE id IN ( 5114427, 1745641, 6006359, 4876421, 1613183, 9751350, 9071214, 91855, 4122631, 128678)
	Update on sbtest2  (cost=0.43..48.53 rows=10 width=559)
	  ->  Index Scan using sbtest2_pkey on sbtest2  (cost=0.43..48.53 rows=10 width=559)
	        Index Cond: (id = ANY ('{5114427,1745641,6006359,4876421,1613183,9751350,9071214,91855,4122631,128678}'::integer[]))

table 3 : explain UPDATE sbtest3 set c=7 WHERE id IN ( 5114427, 1745641, 6006359, 4876421, 1613183, 9751350, 9071214, 91855, 4122631, 128678)
	Update on sbtest3  (cost=0.43..48.53 rows=10 width=559)
	  ->  Index Scan using sbtest3_pkey on sbtest3  (cost=0.43..48.53 rows=10 width=559)
	        Index Cond: (id = ANY ('{5114427,1745641,6006359,4876421,1613183,9751350,9071214,91855,4122631,128678}'::integer[]))

table 4 : explain UPDATE sbtest4 set c=7 WHERE id IN ( 5114427, 1745641, 6006359, 4876421, 1613183, 9751350, 9071214, 91855, 4122631, 128678)
	Update on sbtest4  (cost=0.43..48.53 rows=10 width=559)
	  ->  Index Scan using sbtest4_pkey on sbtest4  (cost=0.43..48.53 rows=10 width=559)
	        Index Cond: (id = ANY ('{5114427,1745641,6006359,4876421,1613183,9751350,9071214,91855,4122631,128678}'::integer[]))

table 5 : explain UPDATE sbtest5 set c=7 WHERE id IN ( 5114427, 1745641, 6006359, 4876421, 1613183, 9751350, 9071214, 91855, 4122631, 128678)
	Update on sbtest5  (cost=0.43..48.53 rows=10 width=559)
	  ->  Index Scan using sbtest5_pkey on sbtest5  (cost=0.43..48.53 rows=10 width=559)
	        Index Cond: (id = ANY ('{5114427,1745641,6006359,4876421,1613183,9751350,9071214,91855,4122631,128678}'::integer[]))

table 6 : explain UPDATE sbtest6 set c=7 WHERE id IN ( 5114427, 1745641, 6006359, 4876421, 1613183, 9751350, 9071214, 91855, 4122631, 128678)
	Update on sbtest6  (cost=0.43..48.53 rows=10 width=559)
	  ->  Index Scan using sbtest6_pkey on sbtest6  (cost=0.43..48.53 rows=10 width=559)
	        Index Cond: (id = ANY ('{5114427,1745641,6006359,4876421,1613183,9751350,9071214,91855,4122631,128678}'::integer[]))

table 7 : explain UPDATE sbtest7 set c=7 WHERE id IN ( 5114427, 1745641, 6006359, 4876421, 1613183, 9751350, 9071214, 91855, 4122631, 128678)
	Update on sbtest7  (cost=0.43..48.53 rows=10 width=559)
	  ->  Index Scan using sbtest7_pkey on sbtest7  (cost=0.43..48.53 rows=10 width=559)
	        Index Cond: (id = ANY ('{5114427,1745641,6006359,4876421,1613183,9751350,9071214,91855,4122631,128678}'::integer[]))

table 8 : explain UPDATE sbtest8 set c=7 WHERE id IN ( 5114427, 1745641, 6006359, 4876421, 1613183, 9751350, 9071214, 91855, 4122631, 128678)
	Update on sbtest8  (cost=0.43..48.53 rows=10 width=559)
	  ->  Index Scan using sbtest8_pkey on sbtest8  (cost=0.43..48.53 rows=10 width=559)
	        Index Cond: (id = ANY ('{5114427,1745641,6006359,4876421,1613183,9751350,9071214,91855,4122631,128678}'::integer[]))

explain: for update-inlist :: explain UPDATE sbtest%d set c=7 WHERE id IN ( 2696960, 3424021, 9507026, 5818280, 2093141, 7081486, 4446392, 2712, 3645694, 4574257)
for update-inlist
table 1 : explain UPDATE sbtest1 set c=7 WHERE id IN ( 9641496, 3125138, 3711183, 1553363, 1882580, 423225, 3856644, 4661112, 1716567, 1119059)
	Update on sbtest1  (cost=0.43..48.53 rows=10 width=559)
	  ->  Index Scan using sbtest1_pkey on sbtest1  (cost=0.43..48.53 rows=10 width=559)
	        Index Cond: (id = ANY ('{9641496,3125138,3711183,1553363,1882580,423225,3856644,4661112,1716567,1119059}'::integer[]))

table 2 : explain UPDATE sbtest2 set c=7 WHERE id IN ( 9641496, 3125138, 3711183, 1553363, 1882580, 423225, 3856644, 4661112, 1716567, 1119059)
	Update on sbtest2  (cost=0.43..48.53 rows=10 width=559)
	  ->  Index Scan using sbtest2_pkey on sbtest2  (cost=0.43..48.53 rows=10 width=559)
	        Index Cond: (id = ANY ('{9641496,3125138,3711183,1553363,1882580,423225,3856644,4661112,1716567,1119059}'::integer[]))

table 3 : explain UPDATE sbtest3 set c=7 WHERE id IN ( 9641496, 3125138, 3711183, 1553363, 1882580, 423225, 3856644, 4661112, 1716567, 1119059)
	Update on sbtest3  (cost=0.43..48.53 rows=10 width=559)
	  ->  Index Scan using sbtest3_pkey on sbtest3  (cost=0.43..48.53 rows=10 width=559)
	        Index Cond: (id = ANY ('{9641496,3125138,3711183,1553363,1882580,423225,3856644,4661112,1716567,1119059}'::integer[]))

table 4 : explain UPDATE sbtest4 set c=7 WHERE id IN ( 9641496, 3125138, 3711183, 1553363, 1882580, 423225, 3856644, 4661112, 1716567, 1119059)
	Update on sbtest4  (cost=0.43..48.53 rows=10 width=559)
	  ->  Index Scan using sbtest4_pkey on sbtest4  (cost=0.43..48.53 rows=10 width=559)
	        Index Cond: (id = ANY ('{9641496,3125138,3711183,1553363,1882580,423225,3856644,4661112,1716567,1119059}'::integer[]))

table 5 : explain UPDATE sbtest5 set c=7 WHERE id IN ( 9641496, 3125138, 3711183, 1553363, 1882580, 423225, 3856644, 4661112, 1716567, 1119059)
	Update on sbtest5  (cost=0.43..48.53 rows=10 width=559)
	  ->  Index Scan using sbtest5_pkey on sbtest5  (cost=0.43..48.53 rows=10 width=559)
	        Index Cond: (id = ANY ('{9641496,3125138,3711183,1553363,1882580,423225,3856644,4661112,1716567,1119059}'::integer[]))

table 6 : explain UPDATE sbtest6 set c=7 WHERE id IN ( 9641496, 3125138, 3711183, 1553363, 1882580, 423225, 3856644, 4661112, 1716567, 1119059)
	Update on sbtest6  (cost=0.43..48.53 rows=10 width=559)
	  ->  Index Scan using sbtest6_pkey on sbtest6  (cost=0.43..48.53 rows=10 width=559)
	        Index Cond: (id = ANY ('{9641496,3125138,3711183,1553363,1882580,423225,3856644,4661112,1716567,1119059}'::integer[]))

table 7 : explain UPDATE sbtest7 set c=7 WHERE id IN ( 9641496, 3125138, 3711183, 1553363, 1882580, 423225, 3856644, 4661112, 1716567, 1119059)
	Update on sbtest7  (cost=0.43..48.53 rows=10 width=559)
	  ->  Index Scan using sbtest7_pkey on sbtest7  (cost=0.43..48.53 rows=10 width=559)
	        Index Cond: (id = ANY ('{9641496,3125138,3711183,1553363,1882580,423225,3856644,4661112,1716567,1119059}'::integer[]))

table 8 : explain UPDATE sbtest8 set c=7 WHERE id IN ( 9641496, 3125138, 3711183, 1553363, 1882580, 423225, 3856644, 4661112, 1716567, 1119059)
	Update on sbtest8  (cost=0.43..48.53 rows=10 width=559)
	  ->  Index Scan using sbtest8_pkey on sbtest8  (cost=0.43..48.53 rows=10 width=559)
	        Index Cond: (id = ANY ('{9641496,3125138,3711183,1553363,1882580,423225,3856644,4661112,1716567,1119059}'::integer[]))

explain: for update-inlist :: explain UPDATE sbtest%d set c=7 WHERE id IN ( 7264027, 6506317, 2562899, 2641114, 5905767, 7500244, 8001256, 2829974, 8612052, 249709)
explain: for update-inlist :: explain UPDATE sbtest%d set c=7 WHERE id IN ( 9439307, 7553160, 5817660, 8962153, 7480771, 5369529, 4442523, 7311928, 8618449, 6370789)
explain: for update-inlist :: explain UPDATE sbtest%d set c=7 WHERE id IN ( 4326179, 3623047, 8371755, 7167019, 6894274, 7662431, 2189431, 4711245, 2836372, 6154131)
explain: for update-inlist :: explain UPDATE sbtest%d set c=7 WHERE id IN ( 9019334, 7359551, 1276133, 8041262, 9722684, 2477277, 2976426, 1153124, 3855737, 8978525)
for update-inlist
table 1 : explain UPDATE sbtest1 set c=7 WHERE id IN ( 9240049, 8756100, 7373678, 7013489, 8022646, 4312550, 7108817, 8093742, 2978741, 6633032)
	Update on sbtest1  (cost=0.43..48.53 rows=10 width=559)
	  ->  Index Scan using sbtest1_pkey on sbtest1  (cost=0.43..48.53 rows=10 width=559)
	        Index Cond: (id = ANY ('{9240049,8756100,7373678,7013489,8022646,4312550,7108817,8093742,2978741,6633032}'::integer[]))

table 2 : explain UPDATE sbtest2 set c=7 WHERE id IN ( 9240049, 8756100, 7373678, 7013489, 8022646, 4312550, 7108817, 8093742, 2978741, 6633032)
	Update on sbtest2  (cost=0.43..48.53 rows=10 width=559)
	  ->  Index Scan using sbtest2_pkey on sbtest2  (cost=0.43..48.53 rows=10 width=559)
	        Index Cond: (id = ANY ('{9240049,8756100,7373678,7013489,8022646,4312550,7108817,8093742,2978741,6633032}'::integer[]))

table 3 : explain UPDATE sbtest3 set c=7 WHERE id IN ( 9240049, 8756100, 7373678, 7013489, 8022646, 4312550, 7108817, 8093742, 2978741, 6633032)
	Update on sbtest3  (cost=0.43..48.53 rows=10 width=559)
	  ->  Index Scan using sbtest3_pkey on sbtest3  (cost=0.43..48.53 rows=10 width=559)
	        Index Cond: (id = ANY ('{9240049,8756100,7373678,7013489,8022646,4312550,7108817,8093742,2978741,6633032}'::integer[]))

table 4 : explain UPDATE sbtest4 set c=7 WHERE id IN ( 9240049, 8756100, 7373678, 7013489, 8022646, 4312550, 7108817, 8093742, 2978741, 6633032)
	Update on sbtest4  (cost=0.43..48.53 rows=10 width=559)
	  ->  Index Scan using sbtest4_pkey on sbtest4  (cost=0.43..48.53 rows=10 width=559)
	        Index Cond: (id = ANY ('{9240049,8756100,7373678,7013489,8022646,4312550,7108817,8093742,2978741,6633032}'::integer[]))

table 5 : explain UPDATE sbtest5 set c=7 WHERE id IN ( 9240049, 8756100, 7373678, 7013489, 8022646, 4312550, 7108817, 8093742, 2978741, 6633032)
	Update on sbtest5  (cost=0.43..48.53 rows=10 width=559)
	  ->  Index Scan using sbtest5_pkey on sbtest5  (cost=0.43..48.53 rows=10 width=559)
	        Index Cond: (id = ANY ('{9240049,8756100,7373678,7013489,8022646,4312550,7108817,8093742,2978741,6633032}'::integer[]))

table 6 : explain UPDATE sbtest6 set c=7 WHERE id IN ( 9240049, 8756100, 7373678, 7013489, 8022646, 4312550, 7108817, 8093742, 2978741, 6633032)
	Update on sbtest6  (cost=0.43..48.53 rows=10 width=559)
	  ->  Index Scan using sbtest6_pkey on sbtest6  (cost=0.43..48.53 rows=10 width=559)
	        Index Cond: (id = ANY ('{9240049,8756100,7373678,7013489,8022646,4312550,7108817,8093742,2978741,6633032}'::integer[]))

table 7 : explain UPDATE sbtest7 set c=7 WHERE id IN ( 9240049, 8756100, 7373678, 7013489, 8022646, 4312550, 7108817, 8093742, 2978741, 6633032)
	Update on sbtest7  (cost=0.43..48.53 rows=10 width=559)
	  ->  Index Scan using sbtest7_pkey on sbtest7  (cost=0.43..48.53 rows=10 width=559)
	        Index Cond: (id = ANY ('{9240049,8756100,7373678,7013489,8022646,4312550,7108817,8093742,2978741,6633032}'::integer[]))

table 8 : explain UPDATE sbtest8 set c=7 WHERE id IN ( 9240049, 8756100, 7373678, 7013489, 8022646, 4312550, 7108817, 8093742, 2978741, 6633032)
	Update on sbtest8  (cost=0.43..48.53 rows=10 width=559)
	  ->  Index Scan using sbtest8_pkey on sbtest8  (cost=0.43..48.53 rows=10 width=559)
	        Index Cond: (id = ANY ('{9240049,8756100,7373678,7013489,8022646,4312550,7108817,8093742,2978741,6633032}'::integer[]))

explain: for update-inlist :: explain UPDATE sbtest%d set c=7 WHERE id IN ( 4575809, 798707, 709829, 3126826, 9667581, 3641921, 2176480, 3802322, 6517217, 3002620)
explain: for update-inlist :: explain UPDATE sbtest%d set c=7 WHERE id IN ( 9575560, 9386994, 1053942, 9957095, 7916562, 6347180, 1640833, 4299118, 3295801, 5413912)
explain: for update-inlist :: explain UPDATE sbtest%d set c=7 WHERE id IN ( 4664393, 1101788, 8214622, 3458147, 7156639, 6273981, 1506740, 6127849, 5727144, 5582169)
for update-inlist
table 1 : explain UPDATE sbtest1 set c=7 WHERE id IN ( 4326179, 3623047, 8371755, 7167019, 6894274, 7662431, 2189431, 4711245, 2836372, 6154131)
	Update on sbtest1  (cost=0.43..48.53 rows=10 width=559)
	  ->  Index Scan using sbtest1_pkey on sbtest1  (cost=0.43..48.53 rows=10 width=559)
	        Index Cond: (id = ANY ('{4326179,3623047,8371755,7167019,6894274,7662431,2189431,4711245,2836372,6154131}'::integer[]))

table 2 : explain UPDATE sbtest2 set c=7 WHERE id IN ( 4326179, 3623047, 8371755, 7167019, 6894274, 7662431, 2189431, 4711245, 2836372, 6154131)
	Update on sbtest2  (cost=0.43..48.53 rows=10 width=559)
	  ->  Index Scan using sbtest2_pkey on sbtest2  (cost=0.43..48.53 rows=10 width=559)
	        Index Cond: (id = ANY ('{4326179,3623047,8371755,7167019,6894274,7662431,2189431,4711245,2836372,6154131}'::integer[]))

table 3 : explain UPDATE sbtest3 set c=7 WHERE id IN ( 4326179, 3623047, 8371755, 7167019, 6894274, 7662431, 2189431, 4711245, 2836372, 6154131)
	Update on sbtest3  (cost=0.43..48.53 rows=10 width=559)
	  ->  Index Scan using sbtest3_pkey on sbtest3  (cost=0.43..48.53 rows=10 width=559)
	        Index Cond: (id = ANY ('{4326179,3623047,8371755,7167019,6894274,7662431,2189431,4711245,2836372,6154131}'::integer[]))

table 4 : explain UPDATE sbtest4 set c=7 WHERE id IN ( 4326179, 3623047, 8371755, 7167019, 6894274, 7662431, 2189431, 4711245, 2836372, 6154131)
	Update on sbtest4  (cost=0.43..48.53 rows=10 width=559)
	  ->  Index Scan using sbtest4_pkey on sbtest4  (cost=0.43..48.53 rows=10 width=559)
	        Index Cond: (id = ANY ('{4326179,3623047,8371755,7167019,6894274,7662431,2189431,4711245,2836372,6154131}'::integer[]))

table 5 : explain UPDATE sbtest5 set c=7 WHERE id IN ( 4326179, 3623047, 8371755, 7167019, 6894274, 7662431, 2189431, 4711245, 2836372, 6154131)
	Update on sbtest5  (cost=0.43..48.53 rows=10 width=559)
	  ->  Index Scan using sbtest5_pkey on sbtest5  (cost=0.43..48.53 rows=10 width=559)
	        Index Cond: (id = ANY ('{4326179,3623047,8371755,7167019,6894274,7662431,2189431,4711245,2836372,6154131}'::integer[]))

table 6 : explain UPDATE sbtest6 set c=7 WHERE id IN ( 4326179, 3623047, 8371755, 7167019, 6894274, 7662431, 2189431, 4711245, 2836372, 6154131)
	Update on sbtest6  (cost=0.43..48.53 rows=10 width=559)
	  ->  Index Scan using sbtest6_pkey on sbtest6  (cost=0.43..48.53 rows=10 width=559)
	        Index Cond: (id = ANY ('{4326179,3623047,8371755,7167019,6894274,7662431,2189431,4711245,2836372,6154131}'::integer[]))

table 7 : explain UPDATE sbtest7 set c=7 WHERE id IN ( 4326179, 3623047, 8371755, 7167019, 6894274, 7662431, 2189431, 4711245, 2836372, 6154131)
	Update on sbtest7  (cost=0.43..48.53 rows=10 width=559)
	  ->  Index Scan using sbtest7_pkey on sbtest7  (cost=0.43..48.53 rows=10 width=559)
	        Index Cond: (id = ANY ('{4326179,3623047,8371755,7167019,6894274,7662431,2189431,4711245,2836372,6154131}'::integer[]))

table 8 : explain UPDATE sbtest8 set c=7 WHERE id IN ( 4326179, 3623047, 8371755, 7167019, 6894274, 7662431, 2189431, 4711245, 2836372, 6154131)
	Update on sbtest8  (cost=0.43..48.53 rows=10 width=559)
	  ->  Index Scan using sbtest8_pkey on sbtest8  (cost=0.43..48.53 rows=10 width=559)
	        Index Cond: (id = ANY ('{4326179,3623047,8371755,7167019,6894274,7662431,2189431,4711245,2836372,6154131}'::integer[]))

for update-inlist
table 1 : explain UPDATE sbtest1 set c=7 WHERE id IN ( 7264027, 6506317, 2562899, 2641114, 5905767, 7500244, 8001256, 2829974, 8612052, 249709)
	Update on sbtest1  (cost=0.43..48.53 rows=10 width=559)
	  ->  Index Scan using sbtest1_pkey on sbtest1  (cost=0.43..48.53 rows=10 width=559)
	        Index Cond: (id = ANY ('{7264027,6506317,2562899,2641114,5905767,7500244,8001256,2829974,8612052,249709}'::integer[]))

table 2 : explain UPDATE sbtest2 set c=7 WHERE id IN ( 7264027, 6506317, 2562899, 2641114, 5905767, 7500244, 8001256, 2829974, 8612052, 249709)
	Update on sbtest2  (cost=0.43..48.53 rows=10 width=559)
	  ->  Index Scan using sbtest2_pkey on sbtest2  (cost=0.43..48.53 rows=10 width=559)
	        Index Cond: (id = ANY ('{7264027,6506317,2562899,2641114,5905767,7500244,8001256,2829974,8612052,249709}'::integer[]))

table 3 : explain UPDATE sbtest3 set c=7 WHERE id IN ( 7264027, 6506317, 2562899, 2641114, 5905767, 7500244, 8001256, 2829974, 8612052, 249709)
	Update on sbtest3  (cost=0.43..48.53 rows=10 width=559)
	  ->  Index Scan using sbtest3_pkey on sbtest3  (cost=0.43..48.53 rows=10 width=559)
	        Index Cond: (id = ANY ('{7264027,6506317,2562899,2641114,5905767,7500244,8001256,2829974,8612052,249709}'::integer[]))

table 4 : explain UPDATE sbtest4 set c=7 WHERE id IN ( 7264027, 6506317, 2562899, 2641114, 5905767, 7500244, 8001256, 2829974, 8612052, 249709)
	Update on sbtest4  (cost=0.43..48.53 rows=10 width=559)
	  ->  Index Scan using sbtest4_pkey on sbtest4  (cost=0.43..48.53 rows=10 width=559)
	        Index Cond: (id = ANY ('{7264027,6506317,2562899,2641114,5905767,7500244,8001256,2829974,8612052,249709}'::integer[]))

table 5 : explain UPDATE sbtest5 set c=7 WHERE id IN ( 7264027, 6506317, 2562899, 2641114, 5905767, 7500244, 8001256, 2829974, 8612052, 249709)
	Update on sbtest5  (cost=0.43..48.53 rows=10 width=559)
	  ->  Index Scan using sbtest5_pkey on sbtest5  (cost=0.43..48.53 rows=10 width=559)
	        Index Cond: (id = ANY ('{7264027,6506317,2562899,2641114,5905767,7500244,8001256,2829974,8612052,249709}'::integer[]))

table 6 : explain UPDATE sbtest6 set c=7 WHERE id IN ( 7264027, 6506317, 2562899, 2641114, 5905767, 7500244, 8001256, 2829974, 8612052, 249709)
	Update on sbtest6  (cost=0.43..48.53 rows=10 width=559)
	  ->  Index Scan using sbtest6_pkey on sbtest6  (cost=0.43..48.53 rows=10 width=559)
	        Index Cond: (id = ANY ('{7264027,6506317,2562899,2641114,5905767,7500244,8001256,2829974,8612052,249709}'::integer[]))

table 7 : explain UPDATE sbtest7 set c=7 WHERE id IN ( 7264027, 6506317, 2562899, 2641114, 5905767, 7500244, 8001256, 2829974, 8612052, 249709)
	Update on sbtest7  (cost=0.43..48.53 rows=10 width=559)
	  ->  Index Scan using sbtest7_pkey on sbtest7  (cost=0.43..48.53 rows=10 width=559)
	        Index Cond: (id = ANY ('{7264027,6506317,2562899,2641114,5905767,7500244,8001256,2829974,8612052,249709}'::integer[]))

table 8 : explain UPDATE sbtest8 set c=7 WHERE id IN ( 7264027, 6506317, 2562899, 2641114, 5905767, 7500244, 8001256, 2829974, 8612052, 249709)
	Update on sbtest8  (cost=0.43..48.53 rows=10 width=559)
	  ->  Index Scan using sbtest8_pkey on sbtest8  (cost=0.43..48.53 rows=10 width=559)
	        Index Cond: (id = ANY ('{7264027,6506317,2562899,2641114,5905767,7500244,8001256,2829974,8612052,249709}'::integer[]))

explain: for update-inlist :: explain UPDATE sbtest%d set c=7 WHERE id IN ( 5598477, 3096870, 6046890, 8558378, 2803888, 7579881, 2759709, 3738887, 2480545, 314605)
explain: for update-inlist :: explain UPDATE sbtest%d set c=7 WHERE id IN ( 5821978, 5005808, 9488770, 1744164, 8152087, 5636455, 742040, 5691475, 5281362, 1185020)
explain: for update-inlist :: explain UPDATE sbtest%d set c=7 WHERE id IN ( 1784205, 2118810, 8186592, 1725628, 7073230, 4914453, 6659212, 5789003, 8463582, 9850346)
explain: for update-inlist :: explain UPDATE sbtest%d set c=7 WHERE id IN ( 8957468, 5888907, 1991314, 133773, 7179188, 8033724, 7762103, 6309126, 1698378, 2154311)
explain: for update-inlist :: explain UPDATE sbtest%d set c=7 WHERE id IN ( 3511799, 1973994, 1541021, 5527729, 6681173, 1787230, 8619154, 5448259, 3218025, 5681062)
explain: for update-inlist :: explain UPDATE sbtest%d set c=7 WHERE id IN ( 9960032, 6424728, 2283117, 6564143, 6220068, 333077, 80203, 4628247, 995803, 8122276)
explain: for update-inlist :: explain UPDATE sbtest%d set c=7 WHERE id IN ( 5886874, 5929445, 7303112, 8221961, 9039102, 3214799, 4403809, 9151391, 4007890, 2471807)
for update-inlist
table 1 : explain UPDATE sbtest1 set c=7 WHERE id IN ( 4575809, 798707, 709829, 3126826, 9667581, 3641921, 2176480, 3802322, 6517217, 3002620)
	Update on sbtest1  (cost=0.43..48.53 rows=10 width=559)
	  ->  Index Scan using sbtest1_pkey on sbtest1  (cost=0.43..48.53 rows=10 width=559)
	        Index Cond: (id = ANY ('{4575809,798707,709829,3126826,9667581,3641921,2176480,3802322,6517217,3002620}'::integer[]))

table 2 : explain UPDATE sbtest2 set c=7 WHERE id IN ( 4575809, 798707, 709829, 3126826, 9667581, 3641921, 2176480, 3802322, 6517217, 3002620)
	Update on sbtest2  (cost=0.43..48.53 rows=10 width=559)
	  ->  Index Scan using sbtest2_pkey on sbtest2  (cost=0.43..48.53 rows=10 width=559)
	        Index Cond: (id = ANY ('{4575809,798707,709829,3126826,9667581,3641921,2176480,3802322,6517217,3002620}'::integer[]))

table 3 : explain UPDATE sbtest3 set c=7 WHERE id IN ( 4575809, 798707, 709829, 3126826, 9667581, 3641921, 2176480, 3802322, 6517217, 3002620)
	Update on sbtest3  (cost=0.43..48.53 rows=10 width=559)
	  ->  Index Scan using sbtest3_pkey on sbtest3  (cost=0.43..48.53 rows=10 width=559)
	        Index Cond: (id = ANY ('{4575809,798707,709829,3126826,9667581,3641921,2176480,3802322,6517217,3002620}'::integer[]))

table 4 : explain UPDATE sbtest4 set c=7 WHERE id IN ( 4575809, 798707, 709829, 3126826, 9667581, 3641921, 2176480, 3802322, 6517217, 3002620)
	Update on sbtest4  (cost=0.43..48.53 rows=10 width=559)
	  ->  Index Scan using sbtest4_pkey on sbtest4  (cost=0.43..48.53 rows=10 width=559)
	        Index Cond: (id = ANY ('{4575809,798707,709829,3126826,9667581,3641921,2176480,3802322,6517217,3002620}'::integer[]))

table 5 : explain UPDATE sbtest5 set c=7 WHERE id IN ( 4575809, 798707, 709829, 3126826, 9667581, 3641921, 2176480, 3802322, 6517217, 3002620)
	Update on sbtest5  (cost=0.43..48.53 rows=10 width=559)
	  ->  Index Scan using sbtest5_pkey on sbtest5  (cost=0.43..48.53 rows=10 width=559)
	        Index Cond: (id = ANY ('{4575809,798707,709829,3126826,9667581,3641921,2176480,3802322,6517217,3002620}'::integer[]))

table 6 : explain UPDATE sbtest6 set c=7 WHERE id IN ( 4575809, 798707, 709829, 3126826, 9667581, 3641921, 2176480, 3802322, 6517217, 3002620)
	Update on sbtest6  (cost=0.43..48.53 rows=10 width=559)
	  ->  Index Scan using sbtest6_pkey on sbtest6  (cost=0.43..48.53 rows=10 width=559)
	        Index Cond: (id = ANY ('{4575809,798707,709829,3126826,9667581,3641921,2176480,3802322,6517217,3002620}'::integer[]))

table 7 : explain UPDATE sbtest7 set c=7 WHERE id IN ( 4575809, 798707, 709829, 3126826, 9667581, 3641921, 2176480, 3802322, 6517217, 3002620)
	Update on sbtest7  (cost=0.43..48.53 rows=10 width=559)
	  ->  Index Scan using sbtest7_pkey on sbtest7  (cost=0.43..48.53 rows=10 width=559)
	        Index Cond: (id = ANY ('{4575809,798707,709829,3126826,9667581,3641921,2176480,3802322,6517217,3002620}'::integer[]))

table 8 : explain UPDATE sbtest8 set c=7 WHERE id IN ( 4575809, 798707, 709829, 3126826, 9667581, 3641921, 2176480, 3802322, 6517217, 3002620)
	Update on sbtest8  (cost=0.43..48.53 rows=10 width=559)
	  ->  Index Scan using sbtest8_pkey on sbtest8  (cost=0.43..48.53 rows=10 width=559)
	        Index Cond: (id = ANY ('{4575809,798707,709829,3126826,9667581,3641921,2176480,3802322,6517217,3002620}'::integer[]))

explain: for update-inlist :: explain UPDATE sbtest%d set c=7 WHERE id IN ( 919698, 7797343, 8616163, 2872241, 1825873, 6572257, 6563847, 199979, 1095735, 4784874)
explain: for update-inlist :: explain UPDATE sbtest%d set c=7 WHERE id IN ( 6302889, 8485401, 782738, 3360181, 1069740, 8086082, 978912, 3564421, 4834281, 2236604)
for update-inlist
table 1 : explain UPDATE sbtest1 set c=7 WHERE id IN ( 4664393, 1101788, 8214622, 3458147, 7156639, 6273981, 1506740, 6127849, 5727144, 5582169)
	Update on sbtest1  (cost=0.43..48.53 rows=10 width=559)
	  ->  Index Scan using sbtest1_pkey on sbtest1  (cost=0.43..48.53 rows=10 width=559)
	        Index Cond: (id = ANY ('{4664393,1101788,8214622,3458147,7156639,6273981,1506740,6127849,5727144,5582169}'::integer[]))

table 2 : explain UPDATE sbtest2 set c=7 WHERE id IN ( 4664393, 1101788, 8214622, 3458147, 7156639, 6273981, 1506740, 6127849, 5727144, 5582169)
	Update on sbtest2  (cost=0.43..48.53 rows=10 width=559)
	  ->  Index Scan using sbtest2_pkey on sbtest2  (cost=0.43..48.53 rows=10 width=559)
	        Index Cond: (id = ANY ('{4664393,1101788,8214622,3458147,7156639,6273981,1506740,6127849,5727144,5582169}'::integer[]))

table 3 : explain UPDATE sbtest3 set c=7 WHERE id IN ( 4664393, 1101788, 8214622, 3458147, 7156639, 6273981, 1506740, 6127849, 5727144, 5582169)
	Update on sbtest3  (cost=0.43..48.53 rows=10 width=559)
	  ->  Index Scan using sbtest3_pkey on sbtest3  (cost=0.43..48.53 rows=10 width=559)
	        Index Cond: (id = ANY ('{4664393,1101788,8214622,3458147,7156639,6273981,1506740,6127849,5727144,5582169}'::integer[]))

table 4 : explain UPDATE sbtest4 set c=7 WHERE id IN ( 4664393, 1101788, 8214622, 3458147, 7156639, 6273981, 1506740, 6127849, 5727144, 5582169)
	Update on sbtest4  (cost=0.43..48.53 rows=10 width=559)
	  ->  Index Scan using sbtest4_pkey on sbtest4  (cost=0.43..48.53 rows=10 width=559)
	        Index Cond: (id = ANY ('{4664393,1101788,8214622,3458147,7156639,6273981,1506740,6127849,5727144,5582169}'::integer[]))

table 5 : explain UPDATE sbtest5 set c=7 WHERE id IN ( 4664393, 1101788, 8214622, 3458147, 7156639, 6273981, 1506740, 6127849, 5727144, 5582169)
	Update on sbtest5  (cost=0.43..48.53 rows=10 width=559)
	  ->  Index Scan using sbtest5_pkey on sbtest5  (cost=0.43..48.53 rows=10 width=559)
	        Index Cond: (id = ANY ('{4664393,1101788,8214622,3458147,7156639,6273981,1506740,6127849,5727144,5582169}'::integer[]))

table 6 : explain UPDATE sbtest6 set c=7 WHERE id IN ( 4664393, 1101788, 8214622, 3458147, 7156639, 6273981, 1506740, 6127849, 5727144, 5582169)
	Update on sbtest6  (cost=0.43..48.53 rows=10 width=559)
	  ->  Index Scan using sbtest6_pkey on sbtest6  (cost=0.43..48.53 rows=10 width=559)
	        Index Cond: (id = ANY ('{4664393,1101788,8214622,3458147,7156639,6273981,1506740,6127849,5727144,5582169}'::integer[]))

table 7 : explain UPDATE sbtest7 set c=7 WHERE id IN ( 4664393, 1101788, 8214622, 3458147, 7156639, 6273981, 1506740, 6127849, 5727144, 5582169)
	Update on sbtest7  (cost=0.43..48.53 rows=10 width=559)
	  ->  Index Scan using sbtest7_pkey on sbtest7  (cost=0.43..48.53 rows=10 width=559)
	        Index Cond: (id = ANY ('{4664393,1101788,8214622,3458147,7156639,6273981,1506740,6127849,5727144,5582169}'::integer[]))

table 8 : explain UPDATE sbtest8 set c=7 WHERE id IN ( 4664393, 1101788, 8214622, 3458147, 7156639, 6273981, 1506740, 6127849, 5727144, 5582169)
	Update on sbtest8  (cost=0.43..48.53 rows=10 width=559)
	  ->  Index Scan using sbtest8_pkey on sbtest8  (cost=0.43..48.53 rows=10 width=559)
	        Index Cond: (id = ANY ('{4664393,1101788,8214622,3458147,7156639,6273981,1506740,6127849,5727144,5582169}'::integer[]))

for update-inlist
table 1 : explain UPDATE sbtest1 set c=7 WHERE id IN ( 9439307, 7553160, 5817660, 8962153, 7480771, 5369529, 4442523, 7311928, 8618449, 6370789)
	Update on sbtest1  (cost=0.43..48.53 rows=10 width=559)
	  ->  Index Scan using sbtest1_pkey on sbtest1  (cost=0.43..48.53 rows=10 width=559)
	        Index Cond: (id = ANY ('{9439307,7553160,5817660,8962153,7480771,5369529,4442523,7311928,8618449,6370789}'::integer[]))

table 2 : explain UPDATE sbtest2 set c=7 WHERE id IN ( 9439307, 7553160, 5817660, 8962153, 7480771, 5369529, 4442523, 7311928, 8618449, 6370789)
	Update on sbtest2  (cost=0.43..48.53 rows=10 width=559)
	  ->  Index Scan using sbtest2_pkey on sbtest2  (cost=0.43..48.53 rows=10 width=559)
	        Index Cond: (id = ANY ('{9439307,7553160,5817660,8962153,7480771,5369529,4442523,7311928,8618449,6370789}'::integer[]))

table 3 : explain UPDATE sbtest3 set c=7 WHERE id IN ( 9439307, 7553160, 5817660, 8962153, 7480771, 5369529, 4442523, 7311928, 8618449, 6370789)
	Update on sbtest3  (cost=0.43..48.53 rows=10 width=559)
	  ->  Index Scan using sbtest3_pkey on sbtest3  (cost=0.43..48.53 rows=10 width=559)
	        Index Cond: (id = ANY ('{9439307,7553160,5817660,8962153,7480771,5369529,4442523,7311928,8618449,6370789}'::integer[]))

table 4 : explain UPDATE sbtest4 set c=7 WHERE id IN ( 9439307, 7553160, 5817660, 8962153, 7480771, 5369529, 4442523, 7311928, 8618449, 6370789)
	Update on sbtest4  (cost=0.43..48.53 rows=10 width=559)
	  ->  Index Scan using sbtest4_pkey on sbtest4  (cost=0.43..48.53 rows=10 width=559)
	        Index Cond: (id = ANY ('{9439307,7553160,5817660,8962153,7480771,5369529,4442523,7311928,8618449,6370789}'::integer[]))

table 5 : explain UPDATE sbtest5 set c=7 WHERE id IN ( 9439307, 7553160, 5817660, 8962153, 7480771, 5369529, 4442523, 7311928, 8618449, 6370789)
	Update on sbtest5  (cost=0.43..48.53 rows=10 width=559)
	  ->  Index Scan using sbtest5_pkey on sbtest5  (cost=0.43..48.53 rows=10 width=559)
	        Index Cond: (id = ANY ('{9439307,7553160,5817660,8962153,7480771,5369529,4442523,7311928,8618449,6370789}'::integer[]))

table 6 : explain UPDATE sbtest6 set c=7 WHERE id IN ( 9439307, 7553160, 5817660, 8962153, 7480771, 5369529, 4442523, 7311928, 8618449, 6370789)
	Update on sbtest6  (cost=0.43..48.53 rows=10 width=559)
	  ->  Index Scan using sbtest6_pkey on sbtest6  (cost=0.43..48.53 rows=10 width=559)
	        Index Cond: (id = ANY ('{9439307,7553160,5817660,8962153,7480771,5369529,4442523,7311928,8618449,6370789}'::integer[]))

table 7 : explain UPDATE sbtest7 set c=7 WHERE id IN ( 9439307, 7553160, 5817660, 8962153, 7480771, 5369529, 4442523, 7311928, 8618449, 6370789)
	Update on sbtest7  (cost=0.43..48.53 rows=10 width=559)
	  ->  Index Scan using sbtest7_pkey on sbtest7  (cost=0.43..48.53 rows=10 width=559)
	        Index Cond: (id = ANY ('{9439307,7553160,5817660,8962153,7480771,5369529,4442523,7311928,8618449,6370789}'::integer[]))

table 8 : explain UPDATE sbtest8 set c=7 WHERE id IN ( 9439307, 7553160, 5817660, 8962153, 7480771, 5369529, 4442523, 7311928, 8618449, 6370789)
	Update on sbtest8  (cost=0.43..48.53 rows=10 width=559)
	  ->  Index Scan using sbtest8_pkey on sbtest8  (cost=0.43..48.53 rows=10 width=559)
	        Index Cond: (id = ANY ('{9439307,7553160,5817660,8962153,7480771,5369529,4442523,7311928,8618449,6370789}'::integer[]))

for update-inlist
table 1 : explain UPDATE sbtest1 set c=7 WHERE id IN ( 2696960, 3424021, 9507026, 5818280, 2093141, 7081486, 4446392, 2712, 3645694, 4574257)
	Update on sbtest1  (cost=0.43..48.53 rows=10 width=559)
	  ->  Index Scan using sbtest1_pkey on sbtest1  (cost=0.43..48.53 rows=10 width=559)
	        Index Cond: (id = ANY ('{2696960,3424021,9507026,5818280,2093141,7081486,4446392,2712,3645694,4574257}'::integer[]))

table 2 : explain UPDATE sbtest2 set c=7 WHERE id IN ( 2696960, 3424021, 9507026, 5818280, 2093141, 7081486, 4446392, 2712, 3645694, 4574257)
	Update on sbtest2  (cost=0.43..48.53 rows=10 width=559)
	  ->  Index Scan using sbtest2_pkey on sbtest2  (cost=0.43..48.53 rows=10 width=559)
	        Index Cond: (id = ANY ('{2696960,3424021,9507026,5818280,2093141,7081486,4446392,2712,3645694,4574257}'::integer[]))

table 3 : explain UPDATE sbtest3 set c=7 WHERE id IN ( 2696960, 3424021, 9507026, 5818280, 2093141, 7081486, 4446392, 2712, 3645694, 4574257)
	Update on sbtest3  (cost=0.43..48.53 rows=10 width=559)
	  ->  Index Scan using sbtest3_pkey on sbtest3  (cost=0.43..48.53 rows=10 width=559)
	        Index Cond: (id = ANY ('{2696960,3424021,9507026,5818280,2093141,7081486,4446392,2712,3645694,4574257}'::integer[]))

table 4 : explain UPDATE sbtest4 set c=7 WHERE id IN ( 2696960, 3424021, 9507026, 5818280, 2093141, 7081486, 4446392, 2712, 3645694, 4574257)
	Update on sbtest4  (cost=0.43..48.53 rows=10 width=559)
	  ->  Index Scan using sbtest4_pkey on sbtest4  (cost=0.43..48.53 rows=10 width=559)
	        Index Cond: (id = ANY ('{2696960,3424021,9507026,5818280,2093141,7081486,4446392,2712,3645694,4574257}'::integer[]))

table 5 : explain UPDATE sbtest5 set c=7 WHERE id IN ( 2696960, 3424021, 9507026, 5818280, 2093141, 7081486, 4446392, 2712, 3645694, 4574257)
	Update on sbtest5  (cost=0.43..48.53 rows=10 width=559)
	  ->  Index Scan using sbtest5_pkey on sbtest5  (cost=0.43..48.53 rows=10 width=559)
	        Index Cond: (id = ANY ('{2696960,3424021,9507026,5818280,2093141,7081486,4446392,2712,3645694,4574257}'::integer[]))

table 6 : explain UPDATE sbtest6 set c=7 WHERE id IN ( 2696960, 3424021, 9507026, 5818280, 2093141, 7081486, 4446392, 2712, 3645694, 4574257)
	Update on sbtest6  (cost=0.43..48.53 rows=10 width=559)
	  ->  Index Scan using sbtest6_pkey on sbtest6  (cost=0.43..48.53 rows=10 width=559)
	        Index Cond: (id = ANY ('{2696960,3424021,9507026,5818280,2093141,7081486,4446392,2712,3645694,4574257}'::integer[]))

table 7 : explain UPDATE sbtest7 set c=7 WHERE id IN ( 2696960, 3424021, 9507026, 5818280, 2093141, 7081486, 4446392, 2712, 3645694, 4574257)
	Update on sbtest7  (cost=0.43..48.53 rows=10 width=559)
	  ->  Index Scan using sbtest7_pkey on sbtest7  (cost=0.43..48.53 rows=10 width=559)
	        Index Cond: (id = ANY ('{2696960,3424021,9507026,5818280,2093141,7081486,4446392,2712,3645694,4574257}'::integer[]))

table 8 : explain UPDATE sbtest8 set c=7 WHERE id IN ( 2696960, 3424021, 9507026, 5818280, 2093141, 7081486, 4446392, 2712, 3645694, 4574257)
	Update on sbtest8  (cost=0.43..48.53 rows=10 width=559)
	  ->  Index Scan using sbtest8_pkey on sbtest8  (cost=0.43..48.53 rows=10 width=559)
	        Index Cond: (id = ANY ('{2696960,3424021,9507026,5818280,2093141,7081486,4446392,2712,3645694,4574257}'::integer[]))

for update-inlist
table 1 : explain UPDATE sbtest1 set c=7 WHERE id IN ( 5821978, 5005808, 9488770, 1744164, 8152087, 5636455, 742040, 5691475, 5281362, 1185020)
	Update on sbtest1  (cost=0.43..48.53 rows=10 width=559)
	  ->  Index Scan using sbtest1_pkey on sbtest1  (cost=0.43..48.53 rows=10 width=559)
	        Index Cond: (id = ANY ('{5821978,5005808,9488770,1744164,8152087,5636455,742040,5691475,5281362,1185020}'::integer[]))

table 2 : explain UPDATE sbtest2 set c=7 WHERE id IN ( 5821978, 5005808, 9488770, 1744164, 8152087, 5636455, 742040, 5691475, 5281362, 1185020)
	Update on sbtest2  (cost=0.43..48.53 rows=10 width=559)
	  ->  Index Scan using sbtest2_pkey on sbtest2  (cost=0.43..48.53 rows=10 width=559)
	        Index Cond: (id = ANY ('{5821978,5005808,9488770,1744164,8152087,5636455,742040,5691475,5281362,1185020}'::integer[]))

table 3 : explain UPDATE sbtest3 set c=7 WHERE id IN ( 5821978, 5005808, 9488770, 1744164, 8152087, 5636455, 742040, 5691475, 5281362, 1185020)
	Update on sbtest3  (cost=0.43..48.53 rows=10 width=559)
	  ->  Index Scan using sbtest3_pkey on sbtest3  (cost=0.43..48.53 rows=10 width=559)
	        Index Cond: (id = ANY ('{5821978,5005808,9488770,1744164,8152087,5636455,742040,5691475,5281362,1185020}'::integer[]))

table 4 : explain UPDATE sbtest4 set c=7 WHERE id IN ( 5821978, 5005808, 9488770, 1744164, 8152087, 5636455, 742040, 5691475, 5281362, 1185020)
	Update on sbtest4  (cost=0.43..48.53 rows=10 width=559)
	  ->  Index Scan using sbtest4_pkey on sbtest4  (cost=0.43..48.53 rows=10 width=559)
	        Index Cond: (id = ANY ('{5821978,5005808,9488770,1744164,8152087,5636455,742040,5691475,5281362,1185020}'::integer[]))

table 5 : explain UPDATE sbtest5 set c=7 WHERE id IN ( 5821978, 5005808, 9488770, 1744164, 8152087, 5636455, 742040, 5691475, 5281362, 1185020)
	Update on sbtest5  (cost=0.43..48.53 rows=10 width=559)
	  ->  Index Scan using sbtest5_pkey on sbtest5  (cost=0.43..48.53 rows=10 width=559)
	        Index Cond: (id = ANY ('{5821978,5005808,9488770,1744164,8152087,5636455,742040,5691475,5281362,1185020}'::integer[]))

table 6 : explain UPDATE sbtest6 set c=7 WHERE id IN ( 5821978, 5005808, 9488770, 1744164, 8152087, 5636455, 742040, 5691475, 5281362, 1185020)
	Update on sbtest6  (cost=0.43..48.53 rows=10 width=559)
	  ->  Index Scan using sbtest6_pkey on sbtest6  (cost=0.43..48.53 rows=10 width=559)
	        Index Cond: (id = ANY ('{5821978,5005808,9488770,1744164,8152087,5636455,742040,5691475,5281362,1185020}'::integer[]))

table 7 : explain UPDATE sbtest7 set c=7 WHERE id IN ( 5821978, 5005808, 9488770, 1744164, 8152087, 5636455, 742040, 5691475, 5281362, 1185020)
	Update on sbtest7  (cost=0.43..48.53 rows=10 width=559)
	  ->  Index Scan using sbtest7_pkey on sbtest7  (cost=0.43..48.53 rows=10 width=559)
	        Index Cond: (id = ANY ('{5821978,5005808,9488770,1744164,8152087,5636455,742040,5691475,5281362,1185020}'::integer[]))

table 8 : explain UPDATE sbtest8 set c=7 WHERE id IN ( 5821978, 5005808, 9488770, 1744164, 8152087, 5636455, 742040, 5691475, 5281362, 1185020)
	Update on sbtest8  (cost=0.43..48.53 rows=10 width=559)
	  ->  Index Scan using sbtest8_pkey on sbtest8  (cost=0.43..48.53 rows=10 width=559)
	        Index Cond: (id = ANY ('{5821978,5005808,9488770,1744164,8152087,5636455,742040,5691475,5281362,1185020}'::integer[]))

for update-inlist
table 1 : explain UPDATE sbtest1 set c=7 WHERE id IN ( 8957468, 5888907, 1991314, 133773, 7179188, 8033724, 7762103, 6309126, 1698378, 2154311)
	Update on sbtest1  (cost=0.43..48.53 rows=10 width=559)
	  ->  Index Scan using sbtest1_pkey on sbtest1  (cost=0.43..48.53 rows=10 width=559)
	        Index Cond: (id = ANY ('{8957468,5888907,1991314,133773,7179188,8033724,7762103,6309126,1698378,2154311}'::integer[]))

table 2 : explain UPDATE sbtest2 set c=7 WHERE id IN ( 8957468, 5888907, 1991314, 133773, 7179188, 8033724, 7762103, 6309126, 1698378, 2154311)
	Update on sbtest2  (cost=0.43..48.53 rows=10 width=559)
	  ->  Index Scan using sbtest2_pkey on sbtest2  (cost=0.43..48.53 rows=10 width=559)
	        Index Cond: (id = ANY ('{8957468,5888907,1991314,133773,7179188,8033724,7762103,6309126,1698378,2154311}'::integer[]))

table 3 : explain UPDATE sbtest3 set c=7 WHERE id IN ( 8957468, 5888907, 1991314, 133773, 7179188, 8033724, 7762103, 6309126, 1698378, 2154311)
	Update on sbtest3  (cost=0.43..48.53 rows=10 width=559)
	  ->  Index Scan using sbtest3_pkey on sbtest3  (cost=0.43..48.53 rows=10 width=559)
	        Index Cond: (id = ANY ('{8957468,5888907,1991314,133773,7179188,8033724,7762103,6309126,1698378,2154311}'::integer[]))

table 4 : explain UPDATE sbtest4 set c=7 WHERE id IN ( 8957468, 5888907, 1991314, 133773, 7179188, 8033724, 7762103, 6309126, 1698378, 2154311)
	Update on sbtest4  (cost=0.43..48.53 rows=10 width=559)
	  ->  Index Scan using sbtest4_pkey on sbtest4  (cost=0.43..48.53 rows=10 width=559)
	        Index Cond: (id = ANY ('{8957468,5888907,1991314,133773,7179188,8033724,7762103,6309126,1698378,2154311}'::integer[]))

table 5 : explain UPDATE sbtest5 set c=7 WHERE id IN ( 8957468, 5888907, 1991314, 133773, 7179188, 8033724, 7762103, 6309126, 1698378, 2154311)
	Update on sbtest5  (cost=0.43..48.53 rows=10 width=559)
	  ->  Index Scan using sbtest5_pkey on sbtest5  (cost=0.43..48.53 rows=10 width=559)
	        Index Cond: (id = ANY ('{8957468,5888907,1991314,133773,7179188,8033724,7762103,6309126,1698378,2154311}'::integer[]))

table 6 : explain UPDATE sbtest6 set c=7 WHERE id IN ( 8957468, 5888907, 1991314, 133773, 7179188, 8033724, 7762103, 6309126, 1698378, 2154311)
	Update on sbtest6  (cost=0.43..48.53 rows=10 width=559)
	  ->  Index Scan using sbtest6_pkey on sbtest6  (cost=0.43..48.53 rows=10 width=559)
	        Index Cond: (id = ANY ('{8957468,5888907,1991314,133773,7179188,8033724,7762103,6309126,1698378,2154311}'::integer[]))

table 7 : explain UPDATE sbtest7 set c=7 WHERE id IN ( 8957468, 5888907, 1991314, 133773, 7179188, 8033724, 7762103, 6309126, 1698378, 2154311)
	Update on sbtest7  (cost=0.43..48.53 rows=10 width=559)
	  ->  Index Scan using sbtest7_pkey on sbtest7  (cost=0.43..48.53 rows=10 width=559)
	        Index Cond: (id = ANY ('{8957468,5888907,1991314,133773,7179188,8033724,7762103,6309126,1698378,2154311}'::integer[]))

table 8 : explain UPDATE sbtest8 set c=7 WHERE id IN ( 8957468, 5888907, 1991314, 133773, 7179188, 8033724, 7762103, 6309126, 1698378, 2154311)
	Update on sbtest8  (cost=0.43..48.53 rows=10 width=559)
	  ->  Index Scan using sbtest8_pkey on sbtest8  (cost=0.43..48.53 rows=10 width=559)
	        Index Cond: (id = ANY ('{8957468,5888907,1991314,133773,7179188,8033724,7762103,6309126,1698378,2154311}'::integer[]))

explain: for update-inlist :: explain UPDATE sbtest%d set c=7 WHERE id IN ( 6078763, 9007518, 2243660, 910923, 3798740, 138083, 3469244, 6533968, 7180599, 6652827)
for update-inlist
table 1 : explain UPDATE sbtest1 set c=7 WHERE id IN ( 1784205, 2118810, 8186592, 1725628, 7073230, 4914453, 6659212, 5789003, 8463582, 9850346)
	Update on sbtest1  (cost=0.43..48.53 rows=10 width=559)
	  ->  Index Scan using sbtest1_pkey on sbtest1  (cost=0.43..48.53 rows=10 width=559)
	        Index Cond: (id = ANY ('{1784205,2118810,8186592,1725628,7073230,4914453,6659212,5789003,8463582,9850346}'::integer[]))

table 2 : explain UPDATE sbtest2 set c=7 WHERE id IN ( 1784205, 2118810, 8186592, 1725628, 7073230, 4914453, 6659212, 5789003, 8463582, 9850346)
	Update on sbtest2  (cost=0.43..48.53 rows=10 width=559)
	  ->  Index Scan using sbtest2_pkey on sbtest2  (cost=0.43..48.53 rows=10 width=559)
	        Index Cond: (id = ANY ('{1784205,2118810,8186592,1725628,7073230,4914453,6659212,5789003,8463582,9850346}'::integer[]))

table 3 : explain UPDATE sbtest3 set c=7 WHERE id IN ( 1784205, 2118810, 8186592, 1725628, 7073230, 4914453, 6659212, 5789003, 8463582, 9850346)
	Update on sbtest3  (cost=0.43..48.53 rows=10 width=559)
	  ->  Index Scan using sbtest3_pkey on sbtest3  (cost=0.43..48.53 rows=10 width=559)
	        Index Cond: (id = ANY ('{1784205,2118810,8186592,1725628,7073230,4914453,6659212,5789003,8463582,9850346}'::integer[]))

table 4 : explain UPDATE sbtest4 set c=7 WHERE id IN ( 1784205, 2118810, 8186592, 1725628, 7073230, 4914453, 6659212, 5789003, 8463582, 9850346)
	Update on sbtest4  (cost=0.43..48.53 rows=10 width=559)
	  ->  Index Scan using sbtest4_pkey on sbtest4  (cost=0.43..48.53 rows=10 width=559)
	        Index Cond: (id = ANY ('{1784205,2118810,8186592,1725628,7073230,4914453,6659212,5789003,8463582,9850346}'::integer[]))

table 5 : explain UPDATE sbtest5 set c=7 WHERE id IN ( 1784205, 2118810, 8186592, 1725628, 7073230, 4914453, 6659212, 5789003, 8463582, 9850346)
	Update on sbtest5  (cost=0.43..48.53 rows=10 width=559)
	  ->  Index Scan using sbtest5_pkey on sbtest5  (cost=0.43..48.53 rows=10 width=559)
	        Index Cond: (id = ANY ('{1784205,2118810,8186592,1725628,7073230,4914453,6659212,5789003,8463582,9850346}'::integer[]))

table 6 : explain UPDATE sbtest6 set c=7 WHERE id IN ( 1784205, 2118810, 8186592, 1725628, 7073230, 4914453, 6659212, 5789003, 8463582, 9850346)
	Update on sbtest6  (cost=0.43..48.53 rows=10 width=559)
	  ->  Index Scan using sbtest6_pkey on sbtest6  (cost=0.43..48.53 rows=10 width=559)
	        Index Cond: (id = ANY ('{1784205,2118810,8186592,1725628,7073230,4914453,6659212,5789003,8463582,9850346}'::integer[]))

table 7 : explain UPDATE sbtest7 set c=7 WHERE id IN ( 1784205, 2118810, 8186592, 1725628, 7073230, 4914453, 6659212, 5789003, 8463582, 9850346)
	Update on sbtest7  (cost=0.43..48.53 rows=10 width=559)
	  ->  Index Scan using sbtest7_pkey on sbtest7  (cost=0.43..48.53 rows=10 width=559)
	        Index Cond: (id = ANY ('{1784205,2118810,8186592,1725628,7073230,4914453,6659212,5789003,8463582,9850346}'::integer[]))

table 8 : explain UPDATE sbtest8 set c=7 WHERE id IN ( 1784205, 2118810, 8186592, 1725628, 7073230, 4914453, 6659212, 5789003, 8463582, 9850346)
	Update on sbtest8  (cost=0.43..48.53 rows=10 width=559)
	  ->  Index Scan using sbtest8_pkey on sbtest8  (cost=0.43..48.53 rows=10 width=559)
	        Index Cond: (id = ANY ('{1784205,2118810,8186592,1725628,7073230,4914453,6659212,5789003,8463582,9850346}'::integer[]))

explain: for update-inlist :: explain UPDATE sbtest%d set c=7 WHERE id IN ( 4672819, 4366697, 9106509, 8854953, 2390921, 8097728, 3898993, 2540147, 3873336, 5091239)
for update-inlist
table 1 : explain UPDATE sbtest1 set c=7 WHERE id IN ( 9019334, 7359551, 1276133, 8041262, 9722684, 2477277, 2976426, 1153124, 3855737, 8978525)
	Update on sbtest1  (cost=0.43..48.53 rows=10 width=559)
	  ->  Index Scan using sbtest1_pkey on sbtest1  (cost=0.43..48.53 rows=10 width=559)
	        Index Cond: (id = ANY ('{9019334,7359551,1276133,8041262,9722684,2477277,2976426,1153124,3855737,8978525}'::integer[]))

table 2 : explain UPDATE sbtest2 set c=7 WHERE id IN ( 9019334, 7359551, 1276133, 8041262, 9722684, 2477277, 2976426, 1153124, 3855737, 8978525)
	Update on sbtest2  (cost=0.43..48.53 rows=10 width=559)
	  ->  Index Scan using sbtest2_pkey on sbtest2  (cost=0.43..48.53 rows=10 width=559)
	        Index Cond: (id = ANY ('{9019334,7359551,1276133,8041262,9722684,2477277,2976426,1153124,3855737,8978525}'::integer[]))

table 3 : explain UPDATE sbtest3 set c=7 WHERE id IN ( 9019334, 7359551, 1276133, 8041262, 9722684, 2477277, 2976426, 1153124, 3855737, 8978525)
	Update on sbtest3  (cost=0.43..48.53 rows=10 width=559)
	  ->  Index Scan using sbtest3_pkey on sbtest3  (cost=0.43..48.53 rows=10 width=559)
	        Index Cond: (id = ANY ('{9019334,7359551,1276133,8041262,9722684,2477277,2976426,1153124,3855737,8978525}'::integer[]))

table 4 : explain UPDATE sbtest4 set c=7 WHERE id IN ( 9019334, 7359551, 1276133, 8041262, 9722684, 2477277, 2976426, 1153124, 3855737, 8978525)
	Update on sbtest4  (cost=0.43..48.53 rows=10 width=559)
	  ->  Index Scan using sbtest4_pkey on sbtest4  (cost=0.43..48.53 rows=10 width=559)
	        Index Cond: (id = ANY ('{9019334,7359551,1276133,8041262,9722684,2477277,2976426,1153124,3855737,8978525}'::integer[]))

table 5 : explain UPDATE sbtest5 set c=7 WHERE id IN ( 9019334, 7359551, 1276133, 8041262, 9722684, 2477277, 2976426, 1153124, 3855737, 8978525)
	Update on sbtest5  (cost=0.43..48.53 rows=10 width=559)
	  ->  Index Scan using sbtest5_pkey on sbtest5  (cost=0.43..48.53 rows=10 width=559)
	        Index Cond: (id = ANY ('{9019334,7359551,1276133,8041262,9722684,2477277,2976426,1153124,3855737,8978525}'::integer[]))

table 6 : explain UPDATE sbtest6 set c=7 WHERE id IN ( 9019334, 7359551, 1276133, 8041262, 9722684, 2477277, 2976426, 1153124, 3855737, 8978525)
	Update on sbtest6  (cost=0.43..48.53 rows=10 width=559)
	  ->  Index Scan using sbtest6_pkey on sbtest6  (cost=0.43..48.53 rows=10 width=559)
	        Index Cond: (id = ANY ('{9019334,7359551,1276133,8041262,9722684,2477277,2976426,1153124,3855737,8978525}'::integer[]))

table 7 : explain UPDATE sbtest7 set c=7 WHERE id IN ( 9019334, 7359551, 1276133, 8041262, 9722684, 2477277, 2976426, 1153124, 3855737, 8978525)
	Update on sbtest7  (cost=0.43..48.53 rows=10 width=559)
	  ->  Index Scan using sbtest7_pkey on sbtest7  (cost=0.43..48.53 rows=10 width=559)
	        Index Cond: (id = ANY ('{9019334,7359551,1276133,8041262,9722684,2477277,2976426,1153124,3855737,8978525}'::integer[]))

table 8 : explain UPDATE sbtest8 set c=7 WHERE id IN ( 9019334, 7359551, 1276133, 8041262, 9722684, 2477277, 2976426, 1153124, 3855737, 8978525)
	Update on sbtest8  (cost=0.43..48.53 rows=10 width=559)
	  ->  Index Scan using sbtest8_pkey on sbtest8  (cost=0.43..48.53 rows=10 width=559)
	        Index Cond: (id = ANY ('{9019334,7359551,1276133,8041262,9722684,2477277,2976426,1153124,3855737,8978525}'::integer[]))

for update-inlist
table 1 : explain UPDATE sbtest1 set c=7 WHERE id IN ( 6302889, 8485401, 782738, 3360181, 1069740, 8086082, 978912, 3564421, 4834281, 2236604)
	Update on sbtest1  (cost=0.43..48.53 rows=10 width=559)
	  ->  Index Scan using sbtest1_pkey on sbtest1  (cost=0.43..48.53 rows=10 width=559)
	        Index Cond: (id = ANY ('{6302889,8485401,782738,3360181,1069740,8086082,978912,3564421,4834281,2236604}'::integer[]))

table 2 : explain UPDATE sbtest2 set c=7 WHERE id IN ( 6302889, 8485401, 782738, 3360181, 1069740, 8086082, 978912, 3564421, 4834281, 2236604)
	Update on sbtest2  (cost=0.43..48.53 rows=10 width=559)
	  ->  Index Scan using sbtest2_pkey on sbtest2  (cost=0.43..48.53 rows=10 width=559)
	        Index Cond: (id = ANY ('{6302889,8485401,782738,3360181,1069740,8086082,978912,3564421,4834281,2236604}'::integer[]))

table 3 : explain UPDATE sbtest3 set c=7 WHERE id IN ( 6302889, 8485401, 782738, 3360181, 1069740, 8086082, 978912, 3564421, 4834281, 2236604)
	Update on sbtest3  (cost=0.43..48.53 rows=10 width=559)
	  ->  Index Scan using sbtest3_pkey on sbtest3  (cost=0.43..48.53 rows=10 width=559)
	        Index Cond: (id = ANY ('{6302889,8485401,782738,3360181,1069740,8086082,978912,3564421,4834281,2236604}'::integer[]))

table 4 : explain UPDATE sbtest4 set c=7 WHERE id IN ( 6302889, 8485401, 782738, 3360181, 1069740, 8086082, 978912, 3564421, 4834281, 2236604)
	Update on sbtest4  (cost=0.43..48.53 rows=10 width=559)
	  ->  Index Scan using sbtest4_pkey on sbtest4  (cost=0.43..48.53 rows=10 width=559)
	        Index Cond: (id = ANY ('{6302889,8485401,782738,3360181,1069740,8086082,978912,3564421,4834281,2236604}'::integer[]))

table 5 : explain UPDATE sbtest5 set c=7 WHERE id IN ( 6302889, 8485401, 782738, 3360181, 1069740, 8086082, 978912, 3564421, 4834281, 2236604)
	Update on sbtest5  (cost=0.43..48.53 rows=10 width=559)
	  ->  Index Scan using sbtest5_pkey on sbtest5  (cost=0.43..48.53 rows=10 width=559)
	        Index Cond: (id = ANY ('{6302889,8485401,782738,3360181,1069740,8086082,978912,3564421,4834281,2236604}'::integer[]))

table 6 : explain UPDATE sbtest6 set c=7 WHERE id IN ( 6302889, 8485401, 782738, 3360181, 1069740, 8086082, 978912, 3564421, 4834281, 2236604)
	Update on sbtest6  (cost=0.43..48.53 rows=10 width=559)
	  ->  Index Scan using sbtest6_pkey on sbtest6  (cost=0.43..48.53 rows=10 width=559)
	        Index Cond: (id = ANY ('{6302889,8485401,782738,3360181,1069740,8086082,978912,3564421,4834281,2236604}'::integer[]))

table 7 : explain UPDATE sbtest7 set c=7 WHERE id IN ( 6302889, 8485401, 782738, 3360181, 1069740, 8086082, 978912, 3564421, 4834281, 2236604)
	Update on sbtest7  (cost=0.43..48.53 rows=10 width=559)
	  ->  Index Scan using sbtest7_pkey on sbtest7  (cost=0.43..48.53 rows=10 width=559)
	        Index Cond: (id = ANY ('{6302889,8485401,782738,3360181,1069740,8086082,978912,3564421,4834281,2236604}'::integer[]))

table 8 : explain UPDATE sbtest8 set c=7 WHERE id IN ( 6302889, 8485401, 782738, 3360181, 1069740, 8086082, 978912, 3564421, 4834281, 2236604)
	Update on sbtest8  (cost=0.43..48.53 rows=10 width=559)
	  ->  Index Scan using sbtest8_pkey on sbtest8  (cost=0.43..48.53 rows=10 width=559)
	        Index Cond: (id = ANY ('{6302889,8485401,782738,3360181,1069740,8086082,978912,3564421,4834281,2236604}'::integer[]))

for update-inlist
table 1 : explain UPDATE sbtest1 set c=7 WHERE id IN ( 3511799, 1973994, 1541021, 5527729, 6681173, 1787230, 8619154, 5448259, 3218025, 5681062)
	Update on sbtest1  (cost=0.43..48.53 rows=10 width=559)
	  ->  Index Scan using sbtest1_pkey on sbtest1  (cost=0.43..48.53 rows=10 width=559)
	        Index Cond: (id = ANY ('{3511799,1973994,1541021,5527729,6681173,1787230,8619154,5448259,3218025,5681062}'::integer[]))

table 2 : explain UPDATE sbtest2 set c=7 WHERE id IN ( 3511799, 1973994, 1541021, 5527729, 6681173, 1787230, 8619154, 5448259, 3218025, 5681062)
	Update on sbtest2  (cost=0.43..48.53 rows=10 width=559)
	  ->  Index Scan using sbtest2_pkey on sbtest2  (cost=0.43..48.53 rows=10 width=559)
	        Index Cond: (id = ANY ('{3511799,1973994,1541021,5527729,6681173,1787230,8619154,5448259,3218025,5681062}'::integer[]))

table 3 : explain UPDATE sbtest3 set c=7 WHERE id IN ( 3511799, 1973994, 1541021, 5527729, 6681173, 1787230, 8619154, 5448259, 3218025, 5681062)
	Update on sbtest3  (cost=0.43..48.53 rows=10 width=559)
	  ->  Index Scan using sbtest3_pkey on sbtest3  (cost=0.43..48.53 rows=10 width=559)
	        Index Cond: (id = ANY ('{3511799,1973994,1541021,5527729,6681173,1787230,8619154,5448259,3218025,5681062}'::integer[]))

table 4 : explain UPDATE sbtest4 set c=7 WHERE id IN ( 3511799, 1973994, 1541021, 5527729, 6681173, 1787230, 8619154, 5448259, 3218025, 5681062)
	Update on sbtest4  (cost=0.43..48.53 rows=10 width=559)
	  ->  Index Scan using sbtest4_pkey on sbtest4  (cost=0.43..48.53 rows=10 width=559)
	        Index Cond: (id = ANY ('{3511799,1973994,1541021,5527729,6681173,1787230,8619154,5448259,3218025,5681062}'::integer[]))

table 5 : explain UPDATE sbtest5 set c=7 WHERE id IN ( 3511799, 1973994, 1541021, 5527729, 6681173, 1787230, 8619154, 5448259, 3218025, 5681062)
	Update on sbtest5  (cost=0.43..48.53 rows=10 width=559)
	  ->  Index Scan using sbtest5_pkey on sbtest5  (cost=0.43..48.53 rows=10 width=559)
	        Index Cond: (id = ANY ('{3511799,1973994,1541021,5527729,6681173,1787230,8619154,5448259,3218025,5681062}'::integer[]))

table 6 : explain UPDATE sbtest6 set c=7 WHERE id IN ( 3511799, 1973994, 1541021, 5527729, 6681173, 1787230, 8619154, 5448259, 3218025, 5681062)
	Update on sbtest6  (cost=0.43..48.53 rows=10 width=559)
	  ->  Index Scan using sbtest6_pkey on sbtest6  (cost=0.43..48.53 rows=10 width=559)
	        Index Cond: (id = ANY ('{3511799,1973994,1541021,5527729,6681173,1787230,8619154,5448259,3218025,5681062}'::integer[]))

table 7 : explain UPDATE sbtest7 set c=7 WHERE id IN ( 3511799, 1973994, 1541021, 5527729, 6681173, 1787230, 8619154, 5448259, 3218025, 5681062)
	Update on sbtest7  (cost=0.43..48.53 rows=10 width=559)
	  ->  Index Scan using sbtest7_pkey on sbtest7  (cost=0.43..48.53 rows=10 width=559)
	        Index Cond: (id = ANY ('{3511799,1973994,1541021,5527729,6681173,1787230,8619154,5448259,3218025,5681062}'::integer[]))

table 8 : explain UPDATE sbtest8 set c=7 WHERE id IN ( 3511799, 1973994, 1541021, 5527729, 6681173, 1787230, 8619154, 5448259, 3218025, 5681062)
	Update on sbtest8  (cost=0.43..48.53 rows=10 width=559)
	  ->  Index Scan using sbtest8_pkey on sbtest8  (cost=0.43..48.53 rows=10 width=559)
	        Index Cond: (id = ANY ('{3511799,1973994,1541021,5527729,6681173,1787230,8619154,5448259,3218025,5681062}'::integer[]))

for update-inlist
table 1 : explain UPDATE sbtest1 set c=7 WHERE id IN ( 5886874, 5929445, 7303112, 8221961, 9039102, 3214799, 4403809, 9151391, 4007890, 2471807)
	Update on sbtest1  (cost=0.43..48.53 rows=10 width=559)
	  ->  Index Scan using sbtest1_pkey on sbtest1  (cost=0.43..48.53 rows=10 width=559)
	        Index Cond: (id = ANY ('{5886874,5929445,7303112,8221961,9039102,3214799,4403809,9151391,4007890,2471807}'::integer[]))

table 2 : explain UPDATE sbtest2 set c=7 WHERE id IN ( 5886874, 5929445, 7303112, 8221961, 9039102, 3214799, 4403809, 9151391, 4007890, 2471807)
	Update on sbtest2  (cost=0.43..48.53 rows=10 width=559)
	  ->  Index Scan using sbtest2_pkey on sbtest2  (cost=0.43..48.53 rows=10 width=559)
	        Index Cond: (id = ANY ('{5886874,5929445,7303112,8221961,9039102,3214799,4403809,9151391,4007890,2471807}'::integer[]))

table 3 : explain UPDATE sbtest3 set c=7 WHERE id IN ( 5886874, 5929445, 7303112, 8221961, 9039102, 3214799, 4403809, 9151391, 4007890, 2471807)
	Update on sbtest3  (cost=0.43..48.53 rows=10 width=559)
	  ->  Index Scan using sbtest3_pkey on sbtest3  (cost=0.43..48.53 rows=10 width=559)
	        Index Cond: (id = ANY ('{5886874,5929445,7303112,8221961,9039102,3214799,4403809,9151391,4007890,2471807}'::integer[]))

table 4 : explain UPDATE sbtest4 set c=7 WHERE id IN ( 5886874, 5929445, 7303112, 8221961, 9039102, 3214799, 4403809, 9151391, 4007890, 2471807)
	Update on sbtest4  (cost=0.43..48.53 rows=10 width=559)
	  ->  Index Scan using sbtest4_pkey on sbtest4  (cost=0.43..48.53 rows=10 width=559)
	        Index Cond: (id = ANY ('{5886874,5929445,7303112,8221961,9039102,3214799,4403809,9151391,4007890,2471807}'::integer[]))

table 5 : explain UPDATE sbtest5 set c=7 WHERE id IN ( 5886874, 5929445, 7303112, 8221961, 9039102, 3214799, 4403809, 9151391, 4007890, 2471807)
	Update on sbtest5  (cost=0.43..48.53 rows=10 width=559)
	  ->  Index Scan using sbtest5_pkey on sbtest5  (cost=0.43..48.53 rows=10 width=559)
	        Index Cond: (id = ANY ('{5886874,5929445,7303112,8221961,9039102,3214799,4403809,9151391,4007890,2471807}'::integer[]))

table 6 : explain UPDATE sbtest6 set c=7 WHERE id IN ( 5886874, 5929445, 7303112, 8221961, 9039102, 3214799, 4403809, 9151391, 4007890, 2471807)
	Update on sbtest6  (cost=0.43..48.53 rows=10 width=559)
	  ->  Index Scan using sbtest6_pkey on sbtest6  (cost=0.43..48.53 rows=10 width=559)
	        Index Cond: (id = ANY ('{5886874,5929445,7303112,8221961,9039102,3214799,4403809,9151391,4007890,2471807}'::integer[]))

table 7 : explain UPDATE sbtest7 set c=7 WHERE id IN ( 5886874, 5929445, 7303112, 8221961, 9039102, 3214799, 4403809, 9151391, 4007890, 2471807)
	Update on sbtest7  (cost=0.43..48.53 rows=10 width=559)
	  ->  Index Scan using sbtest7_pkey on sbtest7  (cost=0.43..48.53 rows=10 width=559)
	        Index Cond: (id = ANY ('{5886874,5929445,7303112,8221961,9039102,3214799,4403809,9151391,4007890,2471807}'::integer[]))

table 8 : explain UPDATE sbtest8 set c=7 WHERE id IN ( 5886874, 5929445, 7303112, 8221961, 9039102, 3214799, 4403809, 9151391, 4007890, 2471807)
	Update on sbtest8  (cost=0.43..48.53 rows=10 width=559)
	  ->  Index Scan using sbtest8_pkey on sbtest8  (cost=0.43..48.53 rows=10 width=559)
	        Index Cond: (id = ANY ('{5886874,5929445,7303112,8221961,9039102,3214799,4403809,9151391,4007890,2471807}'::integer[]))

for update-inlist
table 1 : explain UPDATE sbtest1 set c=7 WHERE id IN ( 5598477, 3096870, 6046890, 8558378, 2803888, 7579881, 2759709, 3738887, 2480545, 314605)
	Update on sbtest1  (cost=0.43..48.53 rows=10 width=559)
	  ->  Index Scan using sbtest1_pkey on sbtest1  (cost=0.43..48.53 rows=10 width=559)
	        Index Cond: (id = ANY ('{5598477,3096870,6046890,8558378,2803888,7579881,2759709,3738887,2480545,314605}'::integer[]))

table 2 : explain UPDATE sbtest2 set c=7 WHERE id IN ( 5598477, 3096870, 6046890, 8558378, 2803888, 7579881, 2759709, 3738887, 2480545, 314605)
	Update on sbtest2  (cost=0.43..48.53 rows=10 width=559)
	  ->  Index Scan using sbtest2_pkey on sbtest2  (cost=0.43..48.53 rows=10 width=559)
	        Index Cond: (id = ANY ('{5598477,3096870,6046890,8558378,2803888,7579881,2759709,3738887,2480545,314605}'::integer[]))

table 3 : explain UPDATE sbtest3 set c=7 WHERE id IN ( 5598477, 3096870, 6046890, 8558378, 2803888, 7579881, 2759709, 3738887, 2480545, 314605)
	Update on sbtest3  (cost=0.43..48.53 rows=10 width=559)
	  ->  Index Scan using sbtest3_pkey on sbtest3  (cost=0.43..48.53 rows=10 width=559)
	        Index Cond: (id = ANY ('{5598477,3096870,6046890,8558378,2803888,7579881,2759709,3738887,2480545,314605}'::integer[]))

table 4 : explain UPDATE sbtest4 set c=7 WHERE id IN ( 5598477, 3096870, 6046890, 8558378, 2803888, 7579881, 2759709, 3738887, 2480545, 314605)
	Update on sbtest4  (cost=0.43..48.53 rows=10 width=559)
	  ->  Index Scan using sbtest4_pkey on sbtest4  (cost=0.43..48.53 rows=10 width=559)
	        Index Cond: (id = ANY ('{5598477,3096870,6046890,8558378,2803888,7579881,2759709,3738887,2480545,314605}'::integer[]))

table 5 : explain UPDATE sbtest5 set c=7 WHERE id IN ( 5598477, 3096870, 6046890, 8558378, 2803888, 7579881, 2759709, 3738887, 2480545, 314605)
	Update on sbtest5  (cost=0.43..48.53 rows=10 width=559)
	  ->  Index Scan using sbtest5_pkey on sbtest5  (cost=0.43..48.53 rows=10 width=559)
	        Index Cond: (id = ANY ('{5598477,3096870,6046890,8558378,2803888,7579881,2759709,3738887,2480545,314605}'::integer[]))

table 6 : explain UPDATE sbtest6 set c=7 WHERE id IN ( 5598477, 3096870, 6046890, 8558378, 2803888, 7579881, 2759709, 3738887, 2480545, 314605)
	Update on sbtest6  (cost=0.43..48.53 rows=10 width=559)
	  ->  Index Scan using sbtest6_pkey on sbtest6  (cost=0.43..48.53 rows=10 width=559)
	        Index Cond: (id = ANY ('{5598477,3096870,6046890,8558378,2803888,7579881,2759709,3738887,2480545,314605}'::integer[]))

table 7 : explain UPDATE sbtest7 set c=7 WHERE id IN ( 5598477, 3096870, 6046890, 8558378, 2803888, 7579881, 2759709, 3738887, 2480545, 314605)
	Update on sbtest7  (cost=0.43..48.53 rows=10 width=559)
	  ->  Index Scan using sbtest7_pkey on sbtest7  (cost=0.43..48.53 rows=10 width=559)
	        Index Cond: (id = ANY ('{5598477,3096870,6046890,8558378,2803888,7579881,2759709,3738887,2480545,314605}'::integer[]))

table 8 : explain UPDATE sbtest8 set c=7 WHERE id IN ( 5598477, 3096870, 6046890, 8558378, 2803888, 7579881, 2759709, 3738887, 2480545, 314605)
	Update on sbtest8  (cost=0.43..48.53 rows=10 width=559)
	  ->  Index Scan using sbtest8_pkey on sbtest8  (cost=0.43..48.53 rows=10 width=559)
	        Index Cond: (id = ANY ('{5598477,3096870,6046890,8558378,2803888,7579881,2759709,3738887,2480545,314605}'::integer[]))

for update-inlist
table 1 : explain UPDATE sbtest1 set c=7 WHERE id IN ( 4672819, 4366697, 9106509, 8854953, 2390921, 8097728, 3898993, 2540147, 3873336, 5091239)
	Update on sbtest1  (cost=0.43..48.53 rows=10 width=559)
	  ->  Index Scan using sbtest1_pkey on sbtest1  (cost=0.43..48.53 rows=10 width=559)
	        Index Cond: (id = ANY ('{4672819,4366697,9106509,8854953,2390921,8097728,3898993,2540147,3873336,5091239}'::integer[]))

table 2 : explain UPDATE sbtest2 set c=7 WHERE id IN ( 4672819, 4366697, 9106509, 8854953, 2390921, 8097728, 3898993, 2540147, 3873336, 5091239)
	Update on sbtest2  (cost=0.43..48.53 rows=10 width=559)
	  ->  Index Scan using sbtest2_pkey on sbtest2  (cost=0.43..48.53 rows=10 width=559)
	        Index Cond: (id = ANY ('{4672819,4366697,9106509,8854953,2390921,8097728,3898993,2540147,3873336,5091239}'::integer[]))

table 3 : explain UPDATE sbtest3 set c=7 WHERE id IN ( 4672819, 4366697, 9106509, 8854953, 2390921, 8097728, 3898993, 2540147, 3873336, 5091239)
	Update on sbtest3  (cost=0.43..48.53 rows=10 width=559)
	  ->  Index Scan using sbtest3_pkey on sbtest3  (cost=0.43..48.53 rows=10 width=559)
	        Index Cond: (id = ANY ('{4672819,4366697,9106509,8854953,2390921,8097728,3898993,2540147,3873336,5091239}'::integer[]))

table 4 : explain UPDATE sbtest4 set c=7 WHERE id IN ( 4672819, 4366697, 9106509, 8854953, 2390921, 8097728, 3898993, 2540147, 3873336, 5091239)
	Update on sbtest4  (cost=0.43..48.53 rows=10 width=559)
	  ->  Index Scan using sbtest4_pkey on sbtest4  (cost=0.43..48.53 rows=10 width=559)
	        Index Cond: (id = ANY ('{4672819,4366697,9106509,8854953,2390921,8097728,3898993,2540147,3873336,5091239}'::integer[]))

table 5 : explain UPDATE sbtest5 set c=7 WHERE id IN ( 4672819, 4366697, 9106509, 8854953, 2390921, 8097728, 3898993, 2540147, 3873336, 5091239)
	Update on sbtest5  (cost=0.43..48.53 rows=10 width=559)
	  ->  Index Scan using sbtest5_pkey on sbtest5  (cost=0.43..48.53 rows=10 width=559)
	        Index Cond: (id = ANY ('{4672819,4366697,9106509,8854953,2390921,8097728,3898993,2540147,3873336,5091239}'::integer[]))

table 6 : explain UPDATE sbtest6 set c=7 WHERE id IN ( 4672819, 4366697, 9106509, 8854953, 2390921, 8097728, 3898993, 2540147, 3873336, 5091239)
	Update on sbtest6  (cost=0.43..48.53 rows=10 width=559)
	  ->  Index Scan using sbtest6_pkey on sbtest6  (cost=0.43..48.53 rows=10 width=559)
	        Index Cond: (id = ANY ('{4672819,4366697,9106509,8854953,2390921,8097728,3898993,2540147,3873336,5091239}'::integer[]))

table 7 : explain UPDATE sbtest7 set c=7 WHERE id IN ( 4672819, 4366697, 9106509, 8854953, 2390921, 8097728, 3898993, 2540147, 3873336, 5091239)
	Update on sbtest7  (cost=0.43..48.53 rows=10 width=559)
	  ->  Index Scan using sbtest7_pkey on sbtest7  (cost=0.43..48.53 rows=10 width=559)
	        Index Cond: (id = ANY ('{4672819,4366697,9106509,8854953,2390921,8097728,3898993,2540147,3873336,5091239}'::integer[]))

table 8 : explain UPDATE sbtest8 set c=7 WHERE id IN ( 4672819, 4366697, 9106509, 8854953, 2390921, 8097728, 3898993, 2540147, 3873336, 5091239)
	Update on sbtest8  (cost=0.43..48.53 rows=10 width=559)
	  ->  Index Scan using sbtest8_pkey on sbtest8  (cost=0.43..48.53 rows=10 width=559)
	        Index Cond: (id = ANY ('{4672819,4366697,9106509,8854953,2390921,8097728,3898993,2540147,3873336,5091239}'::integer[]))

explain: for update-inlist :: explain UPDATE sbtest%d set c=7 WHERE id IN ( 4812717, 1361640, 7646144, 5771088, 5431826, 4657455, 7725710, 1435051, 3183554, 625166)
for update-inlist
table 1 : explain UPDATE sbtest1 set c=7 WHERE id IN ( 919698, 7797343, 8616163, 2872241, 1825873, 6572257, 6563847, 199979, 1095735, 4784874)
	Update on sbtest1  (cost=0.43..48.53 rows=10 width=559)
	  ->  Index Scan using sbtest1_pkey on sbtest1  (cost=0.43..48.53 rows=10 width=559)
	        Index Cond: (id = ANY ('{919698,7797343,8616163,2872241,1825873,6572257,6563847,199979,1095735,4784874}'::integer[]))

table 2 : explain UPDATE sbtest2 set c=7 WHERE id IN ( 919698, 7797343, 8616163, 2872241, 1825873, 6572257, 6563847, 199979, 1095735, 4784874)
	Update on sbtest2  (cost=0.43..48.53 rows=10 width=559)
	  ->  Index Scan using sbtest2_pkey on sbtest2  (cost=0.43..48.53 rows=10 width=559)
	        Index Cond: (id = ANY ('{919698,7797343,8616163,2872241,1825873,6572257,6563847,199979,1095735,4784874}'::integer[]))

table 3 : explain UPDATE sbtest3 set c=7 WHERE id IN ( 919698, 7797343, 8616163, 2872241, 1825873, 6572257, 6563847, 199979, 1095735, 4784874)
	Update on sbtest3  (cost=0.43..48.53 rows=10 width=559)
	  ->  Index Scan using sbtest3_pkey on sbtest3  (cost=0.43..48.53 rows=10 width=559)
	        Index Cond: (id = ANY ('{919698,7797343,8616163,2872241,1825873,6572257,6563847,199979,1095735,4784874}'::integer[]))

table 4 : explain UPDATE sbtest4 set c=7 WHERE id IN ( 919698, 7797343, 8616163, 2872241, 1825873, 6572257, 6563847, 199979, 1095735, 4784874)
	Update on sbtest4  (cost=0.43..48.53 rows=10 width=559)
	  ->  Index Scan using sbtest4_pkey on sbtest4  (cost=0.43..48.53 rows=10 width=559)
	        Index Cond: (id = ANY ('{919698,7797343,8616163,2872241,1825873,6572257,6563847,199979,1095735,4784874}'::integer[]))

table 5 : explain UPDATE sbtest5 set c=7 WHERE id IN ( 919698, 7797343, 8616163, 2872241, 1825873, 6572257, 6563847, 199979, 1095735, 4784874)
	Update on sbtest5  (cost=0.43..48.53 rows=10 width=559)
	  ->  Index Scan using sbtest5_pkey on sbtest5  (cost=0.43..48.53 rows=10 width=559)
	        Index Cond: (id = ANY ('{919698,7797343,8616163,2872241,1825873,6572257,6563847,199979,1095735,4784874}'::integer[]))

table 6 : explain UPDATE sbtest6 set c=7 WHERE id IN ( 919698, 7797343, 8616163, 2872241, 1825873, 6572257, 6563847, 199979, 1095735, 4784874)
	Update on sbtest6  (cost=0.43..48.53 rows=10 width=559)
	  ->  Index Scan using sbtest6_pkey on sbtest6  (cost=0.43..48.53 rows=10 width=559)
	        Index Cond: (id = ANY ('{919698,7797343,8616163,2872241,1825873,6572257,6563847,199979,1095735,4784874}'::integer[]))

table 7 : explain UPDATE sbtest7 set c=7 WHERE id IN ( 919698, 7797343, 8616163, 2872241, 1825873, 6572257, 6563847, 199979, 1095735, 4784874)
	Update on sbtest7  (cost=0.43..48.53 rows=10 width=559)
	  ->  Index Scan using sbtest7_pkey on sbtest7  (cost=0.43..48.53 rows=10 width=559)
	        Index Cond: (id = ANY ('{919698,7797343,8616163,2872241,1825873,6572257,6563847,199979,1095735,4784874}'::integer[]))

table 8 : explain UPDATE sbtest8 set c=7 WHERE id IN ( 919698, 7797343, 8616163, 2872241, 1825873, 6572257, 6563847, 199979, 1095735, 4784874)
	Update on sbtest8  (cost=0.43..48.53 rows=10 width=559)
	  ->  Index Scan using sbtest8_pkey on sbtest8  (cost=0.43..48.53 rows=10 width=559)
	        Index Cond: (id = ANY ('{919698,7797343,8616163,2872241,1825873,6572257,6563847,199979,1095735,4784874}'::integer[]))

for update-inlist
table 1 : explain UPDATE sbtest1 set c=7 WHERE id IN ( 9960032, 6424728, 2283117, 6564143, 6220068, 333077, 80203, 4628247, 995803, 8122276)
	Update on sbtest1  (cost=0.43..48.53 rows=10 width=559)
	  ->  Index Scan using sbtest1_pkey on sbtest1  (cost=0.43..48.53 rows=10 width=559)
	        Index Cond: (id = ANY ('{9960032,6424728,2283117,6564143,6220068,333077,80203,4628247,995803,8122276}'::integer[]))

table 2 : explain UPDATE sbtest2 set c=7 WHERE id IN ( 9960032, 6424728, 2283117, 6564143, 6220068, 333077, 80203, 4628247, 995803, 8122276)
	Update on sbtest2  (cost=0.43..48.53 rows=10 width=559)
	  ->  Index Scan using sbtest2_pkey on sbtest2  (cost=0.43..48.53 rows=10 width=559)
	        Index Cond: (id = ANY ('{9960032,6424728,2283117,6564143,6220068,333077,80203,4628247,995803,8122276}'::integer[]))

table 3 : explain UPDATE sbtest3 set c=7 WHERE id IN ( 9960032, 6424728, 2283117, 6564143, 6220068, 333077, 80203, 4628247, 995803, 8122276)
	Update on sbtest3  (cost=0.43..48.53 rows=10 width=559)
	  ->  Index Scan using sbtest3_pkey on sbtest3  (cost=0.43..48.53 rows=10 width=559)
	        Index Cond: (id = ANY ('{9960032,6424728,2283117,6564143,6220068,333077,80203,4628247,995803,8122276}'::integer[]))

table 4 : explain UPDATE sbtest4 set c=7 WHERE id IN ( 9960032, 6424728, 2283117, 6564143, 6220068, 333077, 80203, 4628247, 995803, 8122276)
	Update on sbtest4  (cost=0.43..48.53 rows=10 width=559)
	  ->  Index Scan using sbtest4_pkey on sbtest4  (cost=0.43..48.53 rows=10 width=559)
	        Index Cond: (id = ANY ('{9960032,6424728,2283117,6564143,6220068,333077,80203,4628247,995803,8122276}'::integer[]))

table 5 : explain UPDATE sbtest5 set c=7 WHERE id IN ( 9960032, 6424728, 2283117, 6564143, 6220068, 333077, 80203, 4628247, 995803, 8122276)
	Update on sbtest5  (cost=0.43..48.53 rows=10 width=559)
	  ->  Index Scan using sbtest5_pkey on sbtest5  (cost=0.43..48.53 rows=10 width=559)
	        Index Cond: (id = ANY ('{9960032,6424728,2283117,6564143,6220068,333077,80203,4628247,995803,8122276}'::integer[]))

table 6 : explain UPDATE sbtest6 set c=7 WHERE id IN ( 9960032, 6424728, 2283117, 6564143, 6220068, 333077, 80203, 4628247, 995803, 8122276)
	Update on sbtest6  (cost=0.43..48.53 rows=10 width=559)
	  ->  Index Scan using sbtest6_pkey on sbtest6  (cost=0.43..48.53 rows=10 width=559)
	        Index Cond: (id = ANY ('{9960032,6424728,2283117,6564143,6220068,333077,80203,4628247,995803,8122276}'::integer[]))

table 7 : explain UPDATE sbtest7 set c=7 WHERE id IN ( 9960032, 6424728, 2283117, 6564143, 6220068, 333077, 80203, 4628247, 995803, 8122276)
	Update on sbtest7  (cost=0.43..48.53 rows=10 width=559)
	  ->  Index Scan using sbtest7_pkey on sbtest7  (cost=0.43..48.53 rows=10 width=559)
	        Index Cond: (id = ANY ('{9960032,6424728,2283117,6564143,6220068,333077,80203,4628247,995803,8122276}'::integer[]))

table 8 : explain UPDATE sbtest8 set c=7 WHERE id IN ( 9960032, 6424728, 2283117, 6564143, 6220068, 333077, 80203, 4628247, 995803, 8122276)
	Update on sbtest8  (cost=0.43..48.53 rows=10 width=559)
	  ->  Index Scan using sbtest8_pkey on sbtest8  (cost=0.43..48.53 rows=10 width=559)
	        Index Cond: (id = ANY ('{9960032,6424728,2283117,6564143,6220068,333077,80203,4628247,995803,8122276}'::integer[]))

explain: for update-inlist :: explain UPDATE sbtest%d set c=7 WHERE id IN ( 9359867, 2087761, 6503963, 9436579, 4189406, 4458014, 4062588, 4526690, 8038066, 8353880)
for update-inlist
table 1 : explain UPDATE sbtest1 set c=7 WHERE id IN ( 6078763, 9007518, 2243660, 910923, 3798740, 138083, 3469244, 6533968, 7180599, 6652827)
	Update on sbtest1  (cost=0.43..48.53 rows=10 width=559)
	  ->  Index Scan using sbtest1_pkey on sbtest1  (cost=0.43..48.53 rows=10 width=559)
	        Index Cond: (id = ANY ('{6078763,9007518,2243660,910923,3798740,138083,3469244,6533968,7180599,6652827}'::integer[]))

table 2 : explain UPDATE sbtest2 set c=7 WHERE id IN ( 6078763, 9007518, 2243660, 910923, 3798740, 138083, 3469244, 6533968, 7180599, 6652827)
	Update on sbtest2  (cost=0.43..48.53 rows=10 width=559)
	  ->  Index Scan using sbtest2_pkey on sbtest2  (cost=0.43..48.53 rows=10 width=559)
	        Index Cond: (id = ANY ('{6078763,9007518,2243660,910923,3798740,138083,3469244,6533968,7180599,6652827}'::integer[]))

table 3 : explain UPDATE sbtest3 set c=7 WHERE id IN ( 6078763, 9007518, 2243660, 910923, 3798740, 138083, 3469244, 6533968, 7180599, 6652827)
	Update on sbtest3  (cost=0.43..48.53 rows=10 width=559)
	  ->  Index Scan using sbtest3_pkey on sbtest3  (cost=0.43..48.53 rows=10 width=559)
	        Index Cond: (id = ANY ('{6078763,9007518,2243660,910923,3798740,138083,3469244,6533968,7180599,6652827}'::integer[]))

table 4 : explain UPDATE sbtest4 set c=7 WHERE id IN ( 6078763, 9007518, 2243660, 910923, 3798740, 138083, 3469244, 6533968, 7180599, 6652827)
	Update on sbtest4  (cost=0.43..48.53 rows=10 width=559)
	  ->  Index Scan using sbtest4_pkey on sbtest4  (cost=0.43..48.53 rows=10 width=559)
	        Index Cond: (id = ANY ('{6078763,9007518,2243660,910923,3798740,138083,3469244,6533968,7180599,6652827}'::integer[]))

table 5 : explain UPDATE sbtest5 set c=7 WHERE id IN ( 6078763, 9007518, 2243660, 910923, 3798740, 138083, 3469244, 6533968, 7180599, 6652827)
	Update on sbtest5  (cost=0.43..48.53 rows=10 width=559)
	  ->  Index Scan using sbtest5_pkey on sbtest5  (cost=0.43..48.53 rows=10 width=559)
	        Index Cond: (id = ANY ('{6078763,9007518,2243660,910923,3798740,138083,3469244,6533968,7180599,6652827}'::integer[]))

table 6 : explain UPDATE sbtest6 set c=7 WHERE id IN ( 6078763, 9007518, 2243660, 910923, 3798740, 138083, 3469244, 6533968, 7180599, 6652827)
	Update on sbtest6  (cost=0.43..48.53 rows=10 width=559)
	  ->  Index Scan using sbtest6_pkey on sbtest6  (cost=0.43..48.53 rows=10 width=559)
	        Index Cond: (id = ANY ('{6078763,9007518,2243660,910923,3798740,138083,3469244,6533968,7180599,6652827}'::integer[]))

table 7 : explain UPDATE sbtest7 set c=7 WHERE id IN ( 6078763, 9007518, 2243660, 910923, 3798740, 138083, 3469244, 6533968, 7180599, 6652827)
	Update on sbtest7  (cost=0.43..48.53 rows=10 width=559)
	  ->  Index Scan using sbtest7_pkey on sbtest7  (cost=0.43..48.53 rows=10 width=559)
	        Index Cond: (id = ANY ('{6078763,9007518,2243660,910923,3798740,138083,3469244,6533968,7180599,6652827}'::integer[]))

table 8 : explain UPDATE sbtest8 set c=7 WHERE id IN ( 6078763, 9007518, 2243660, 910923, 3798740, 138083, 3469244, 6533968, 7180599, 6652827)
	Update on sbtest8  (cost=0.43..48.53 rows=10 width=559)
	  ->  Index Scan using sbtest8_pkey on sbtest8  (cost=0.43..48.53 rows=10 width=559)
	        Index Cond: (id = ANY ('{6078763,9007518,2243660,910923,3798740,138083,3469244,6533968,7180599,6652827}'::integer[]))

for update-inlist
table 1 : explain UPDATE sbtest1 set c=7 WHERE id IN ( 9575560, 9386994, 1053942, 9957095, 7916562, 6347180, 1640833, 4299118, 3295801, 5413912)
	Update on sbtest1  (cost=0.43..48.53 rows=10 width=559)
	  ->  Index Scan using sbtest1_pkey on sbtest1  (cost=0.43..48.53 rows=10 width=559)
	        Index Cond: (id = ANY ('{9575560,9386994,1053942,9957095,7916562,6347180,1640833,4299118,3295801,5413912}'::integer[]))

table 2 : explain UPDATE sbtest2 set c=7 WHERE id IN ( 9575560, 9386994, 1053942, 9957095, 7916562, 6347180, 1640833, 4299118, 3295801, 5413912)
	Update on sbtest2  (cost=0.43..48.53 rows=10 width=559)
	  ->  Index Scan using sbtest2_pkey on sbtest2  (cost=0.43..48.53 rows=10 width=559)
	        Index Cond: (id = ANY ('{9575560,9386994,1053942,9957095,7916562,6347180,1640833,4299118,3295801,5413912}'::integer[]))

table 3 : explain UPDATE sbtest3 set c=7 WHERE id IN ( 9575560, 9386994, 1053942, 9957095, 7916562, 6347180, 1640833, 4299118, 3295801, 5413912)
	Update on sbtest3  (cost=0.43..48.53 rows=10 width=559)
	  ->  Index Scan using sbtest3_pkey on sbtest3  (cost=0.43..48.53 rows=10 width=559)
	        Index Cond: (id = ANY ('{9575560,9386994,1053942,9957095,7916562,6347180,1640833,4299118,3295801,5413912}'::integer[]))

table 4 : explain UPDATE sbtest4 set c=7 WHERE id IN ( 9575560, 9386994, 1053942, 9957095, 7916562, 6347180, 1640833, 4299118, 3295801, 5413912)
	Update on sbtest4  (cost=0.43..48.53 rows=10 width=559)
	  ->  Index Scan using sbtest4_pkey on sbtest4  (cost=0.43..48.53 rows=10 width=559)
	        Index Cond: (id = ANY ('{9575560,9386994,1053942,9957095,7916562,6347180,1640833,4299118,3295801,5413912}'::integer[]))

table 5 : explain UPDATE sbtest5 set c=7 WHERE id IN ( 9575560, 9386994, 1053942, 9957095, 7916562, 6347180, 1640833, 4299118, 3295801, 5413912)
	Update on sbtest5  (cost=0.43..48.53 rows=10 width=559)
	  ->  Index Scan using sbtest5_pkey on sbtest5  (cost=0.43..48.53 rows=10 width=559)
	        Index Cond: (id = ANY ('{9575560,9386994,1053942,9957095,7916562,6347180,1640833,4299118,3295801,5413912}'::integer[]))

table 6 : explain UPDATE sbtest6 set c=7 WHERE id IN ( 9575560, 9386994, 1053942, 9957095, 7916562, 6347180, 1640833, 4299118, 3295801, 5413912)
	Update on sbtest6  (cost=0.43..48.53 rows=10 width=559)
	  ->  Index Scan using sbtest6_pkey on sbtest6  (cost=0.43..48.53 rows=10 width=559)
	        Index Cond: (id = ANY ('{9575560,9386994,1053942,9957095,7916562,6347180,1640833,4299118,3295801,5413912}'::integer[]))

table 7 : explain UPDATE sbtest7 set c=7 WHERE id IN ( 9575560, 9386994, 1053942, 9957095, 7916562, 6347180, 1640833, 4299118, 3295801, 5413912)
	Update on sbtest7  (cost=0.43..48.53 rows=10 width=559)
	  ->  Index Scan using sbtest7_pkey on sbtest7  (cost=0.43..48.53 rows=10 width=559)
	        Index Cond: (id = ANY ('{9575560,9386994,1053942,9957095,7916562,6347180,1640833,4299118,3295801,5413912}'::integer[]))

table 8 : explain UPDATE sbtest8 set c=7 WHERE id IN ( 9575560, 9386994, 1053942, 9957095, 7916562, 6347180, 1640833, 4299118, 3295801, 5413912)
	Update on sbtest8  (cost=0.43..48.53 rows=10 width=559)
	  ->  Index Scan using sbtest8_pkey on sbtest8  (cost=0.43..48.53 rows=10 width=559)
	        Index Cond: (id = ANY ('{9575560,9386994,1053942,9957095,7916562,6347180,1640833,4299118,3295801,5413912}'::integer[]))

for update-inlist
table 1 : explain UPDATE sbtest1 set c=7 WHERE id IN ( 4812717, 1361640, 7646144, 5771088, 5431826, 4657455, 7725710, 1435051, 3183554, 625166)
	Update on sbtest1  (cost=0.43..48.53 rows=10 width=559)
	  ->  Index Scan using sbtest1_pkey on sbtest1  (cost=0.43..48.53 rows=10 width=559)
	        Index Cond: (id = ANY ('{4812717,1361640,7646144,5771088,5431826,4657455,7725710,1435051,3183554,625166}'::integer[]))

table 2 : explain UPDATE sbtest2 set c=7 WHERE id IN ( 4812717, 1361640, 7646144, 5771088, 5431826, 4657455, 7725710, 1435051, 3183554, 625166)
	Update on sbtest2  (cost=0.43..48.53 rows=10 width=559)
	  ->  Index Scan using sbtest2_pkey on sbtest2  (cost=0.43..48.53 rows=10 width=559)
	        Index Cond: (id = ANY ('{4812717,1361640,7646144,5771088,5431826,4657455,7725710,1435051,3183554,625166}'::integer[]))

table 3 : explain UPDATE sbtest3 set c=7 WHERE id IN ( 4812717, 1361640, 7646144, 5771088, 5431826, 4657455, 7725710, 1435051, 3183554, 625166)
	Update on sbtest3  (cost=0.43..48.53 rows=10 width=559)
	  ->  Index Scan using sbtest3_pkey on sbtest3  (cost=0.43..48.53 rows=10 width=559)
	        Index Cond: (id = ANY ('{4812717,1361640,7646144,5771088,5431826,4657455,7725710,1435051,3183554,625166}'::integer[]))

table 4 : explain UPDATE sbtest4 set c=7 WHERE id IN ( 4812717, 1361640, 7646144, 5771088, 5431826, 4657455, 7725710, 1435051, 3183554, 625166)
	Update on sbtest4  (cost=0.43..48.53 rows=10 width=559)
	  ->  Index Scan using sbtest4_pkey on sbtest4  (cost=0.43..48.53 rows=10 width=559)
	        Index Cond: (id = ANY ('{4812717,1361640,7646144,5771088,5431826,4657455,7725710,1435051,3183554,625166}'::integer[]))

table 5 : explain UPDATE sbtest5 set c=7 WHERE id IN ( 4812717, 1361640, 7646144, 5771088, 5431826, 4657455, 7725710, 1435051, 3183554, 625166)
	Update on sbtest5  (cost=0.43..48.53 rows=10 width=559)
	  ->  Index Scan using sbtest5_pkey on sbtest5  (cost=0.43..48.53 rows=10 width=559)
	        Index Cond: (id = ANY ('{4812717,1361640,7646144,5771088,5431826,4657455,7725710,1435051,3183554,625166}'::integer[]))

table 6 : explain UPDATE sbtest6 set c=7 WHERE id IN ( 4812717, 1361640, 7646144, 5771088, 5431826, 4657455, 7725710, 1435051, 3183554, 625166)
	Update on sbtest6  (cost=0.43..48.53 rows=10 width=559)
	  ->  Index Scan using sbtest6_pkey on sbtest6  (cost=0.43..48.53 rows=10 width=559)
	        Index Cond: (id = ANY ('{4812717,1361640,7646144,5771088,5431826,4657455,7725710,1435051,3183554,625166}'::integer[]))

table 7 : explain UPDATE sbtest7 set c=7 WHERE id IN ( 4812717, 1361640, 7646144, 5771088, 5431826, 4657455, 7725710, 1435051, 3183554, 625166)
	Update on sbtest7  (cost=0.43..48.53 rows=10 width=559)
	  ->  Index Scan using sbtest7_pkey on sbtest7  (cost=0.43..48.53 rows=10 width=559)
	        Index Cond: (id = ANY ('{4812717,1361640,7646144,5771088,5431826,4657455,7725710,1435051,3183554,625166}'::integer[]))

table 8 : explain UPDATE sbtest8 set c=7 WHERE id IN ( 4812717, 1361640, 7646144, 5771088, 5431826, 4657455, 7725710, 1435051, 3183554, 625166)
	Update on sbtest8  (cost=0.43..48.53 rows=10 width=559)
	  ->  Index Scan using sbtest8_pkey on sbtest8  (cost=0.43..48.53 rows=10 width=559)
	        Index Cond: (id = ANY ('{4812717,1361640,7646144,5771088,5431826,4657455,7725710,1435051,3183554,625166}'::integer[]))

for update-inlist
table 1 : explain UPDATE sbtest1 set c=7 WHERE id IN ( 9359867, 2087761, 6503963, 9436579, 4189406, 4458014, 4062588, 4526690, 8038066, 8353880)
	Update on sbtest1  (cost=0.43..48.53 rows=10 width=559)
	  ->  Index Scan using sbtest1_pkey on sbtest1  (cost=0.43..48.53 rows=10 width=559)
	        Index Cond: (id = ANY ('{9359867,2087761,6503963,9436579,4189406,4458014,4062588,4526690,8038066,8353880}'::integer[]))

table 2 : explain UPDATE sbtest2 set c=7 WHERE id IN ( 9359867, 2087761, 6503963, 9436579, 4189406, 4458014, 4062588, 4526690, 8038066, 8353880)
	Update on sbtest2  (cost=0.43..48.53 rows=10 width=559)
	  ->  Index Scan using sbtest2_pkey on sbtest2  (cost=0.43..48.53 rows=10 width=559)
	        Index Cond: (id = ANY ('{9359867,2087761,6503963,9436579,4189406,4458014,4062588,4526690,8038066,8353880}'::integer[]))

table 3 : explain UPDATE sbtest3 set c=7 WHERE id IN ( 9359867, 2087761, 6503963, 9436579, 4189406, 4458014, 4062588, 4526690, 8038066, 8353880)
	Update on sbtest3  (cost=0.43..48.53 rows=10 width=559)
	  ->  Index Scan using sbtest3_pkey on sbtest3  (cost=0.43..48.53 rows=10 width=559)
	        Index Cond: (id = ANY ('{9359867,2087761,6503963,9436579,4189406,4458014,4062588,4526690,8038066,8353880}'::integer[]))

table 4 : explain UPDATE sbtest4 set c=7 WHERE id IN ( 9359867, 2087761, 6503963, 9436579, 4189406, 4458014, 4062588, 4526690, 8038066, 8353880)
	Update on sbtest4  (cost=0.43..48.53 rows=10 width=559)
	  ->  Index Scan using sbtest4_pkey on sbtest4  (cost=0.43..48.53 rows=10 width=559)
	        Index Cond: (id = ANY ('{9359867,2087761,6503963,9436579,4189406,4458014,4062588,4526690,8038066,8353880}'::integer[]))

table 5 : explain UPDATE sbtest5 set c=7 WHERE id IN ( 9359867, 2087761, 6503963, 9436579, 4189406, 4458014, 4062588, 4526690, 8038066, 8353880)
	Update on sbtest5  (cost=0.43..48.53 rows=10 width=559)
	  ->  Index Scan using sbtest5_pkey on sbtest5  (cost=0.43..48.53 rows=10 width=559)
	        Index Cond: (id = ANY ('{9359867,2087761,6503963,9436579,4189406,4458014,4062588,4526690,8038066,8353880}'::integer[]))

table 6 : explain UPDATE sbtest6 set c=7 WHERE id IN ( 9359867, 2087761, 6503963, 9436579, 4189406, 4458014, 4062588, 4526690, 8038066, 8353880)
	Update on sbtest6  (cost=0.43..48.53 rows=10 width=559)
	  ->  Index Scan using sbtest6_pkey on sbtest6  (cost=0.43..48.53 rows=10 width=559)
	        Index Cond: (id = ANY ('{9359867,2087761,6503963,9436579,4189406,4458014,4062588,4526690,8038066,8353880}'::integer[]))

table 7 : explain UPDATE sbtest7 set c=7 WHERE id IN ( 9359867, 2087761, 6503963, 9436579, 4189406, 4458014, 4062588, 4526690, 8038066, 8353880)
	Update on sbtest7  (cost=0.43..48.53 rows=10 width=559)
	  ->  Index Scan using sbtest7_pkey on sbtest7  (cost=0.43..48.53 rows=10 width=559)
	        Index Cond: (id = ANY ('{9359867,2087761,6503963,9436579,4189406,4458014,4062588,4526690,8038066,8353880}'::integer[]))

table 8 : explain UPDATE sbtest8 set c=7 WHERE id IN ( 9359867, 2087761, 6503963, 9436579, 4189406, 4458014, 4062588, 4526690, 8038066, 8353880)
	Update on sbtest8  (cost=0.43..48.53 rows=10 width=559)
	  ->  Index Scan using sbtest8_pkey on sbtest8  (cost=0.43..48.53 rows=10 width=559)
	        Index Cond: (id = ANY ('{9359867,2087761,6503963,9436579,4189406,4458014,4062588,4526690,8038066,8353880}'::integer[]))

Threads started!

Warming up for 5 seconds...

SQL statistics:
    queries performed:
        read:                            0
        write:                           102240613
        other:                           0
        total:                           102240613
    transactions:                        102240613 (109935.15 per sec.)
    queries:                             102240613 (109935.15 per sec.)
    ignored errors:                      0      (0.00 per sec.)
    reconnects:                          0      (0.00 per sec.)

Throughput:
    events/s (eps):                      109935.1513
    time elapsed:                        930.0085s
    total number of events:              102240613

Latency (ms):
         min:                                    0.12
         avg:                                    0.36
         max:                                  126.37
         95th percentile:                        0.56
         sum:                             37135377.72

Threads fairness:
    events (avg/stddev):           2556015.3250/7232.50
    execution time (avg/stddev):   928.3844/0.03

