LUA_PATH=/home/mdcallag/git/mytools/bench/sysbench.lua/lua/?.lua /home/mdcallag/git/mytools/bench/sysbench.lua/lua/sysbench --db-driver=pgsql --range-size=100 --table-size=10000000 --tables=8 --threads=40 --events=0 --warmup-time=5 --time=630 --pgsql_conn_id=true /home/mdcallag/git/mytools/bench/sysbench.lua/lua/oltp_point_select.lua run --pgsql-user=root --pgsql-password=pw --pgsql-host=127.0.0.1 --pgsql-db=ib --rand-type=uniform --skip-trx
48 CPUs
sysbench 1.1.0-9072687 (using bundled LuaJIT 2.1.0-beta3)

Running the test with following options:
Number of threads: 40
Warmup time: 5s
Initializing random number generator from current time


Initializing worker threads...

explain: for point_selects :: explain SELECT c FROM sbtest%u WHERE id=%u
explain: for point_selects :: explain SELECT c FROM sbtest%u WHERE id=%u
explain: for point_selects :: explain SELECT c FROM sbtest%u WHERE id=%u
explain: for point_selects :: explain SELECT c FROM sbtest%u WHERE id=%u
explain: for point_selects :: explain SELECT c FROM sbtest%u WHERE id=%u
explain: for point_selects :: explain SELECT c FROM sbtest%u WHERE id=%u
explain: for point_selects :: explain SELECT c FROM sbtest%u WHERE id=%u
explain: for point_selects :: explain SELECT c FROM sbtest%u WHERE id=%u
explain: for point_selects :: explain SELECT c FROM sbtest%u WHERE id=%u
explain: for point_selects :: explain SELECT c FROM sbtest%u WHERE id=%u
explain: for point_selects :: explain SELECT c FROM sbtest%u WHERE id=%u
explain: for point_selects :: explain SELECT c FROM sbtest%u WHERE id=%u
explain: for point_selects :: explain SELECT c FROM sbtest%u WHERE id=%u
explain: for point_selects :: explain SELECT c FROM sbtest%u WHERE id=%u
explain: for point_selects :: explain SELECT c FROM sbtest%u WHERE id=%u
explain: for point_selects :: explain SELECT c FROM sbtest%u WHERE id=%u
explain: for point_selects :: explain SELECT c FROM sbtest%u WHERE id=%u
explain: for point_selects :: explain SELECT c FROM sbtest%u WHERE id=%u
explain: for point_selects :: explain SELECT c FROM sbtest%u WHERE id=%u
explain: for point_selects :: explain SELECT c FROM sbtest%u WHERE id=%u
explain: for point_selects :: explain SELECT c FROM sbtest%u WHERE id=%u
explain: for point_selects :: explain SELECT c FROM sbtest%u WHERE id=%u
explain: for point_selects :: explain SELECT c FROM sbtest%u WHERE id=%u
explain: for point_selects :: explain SELECT c FROM sbtest%u WHERE id=%u
explain: for point_selects :: explain SELECT c FROM sbtest%u WHERE id=%u
explain: for point_selects :: explain SELECT c FROM sbtest%u WHERE id=%u
explain: for point_selects :: explain SELECT c FROM sbtest%u WHERE id=%u
for point_selects
table 1 : explain SELECT c FROM sbtest1 WHERE id=2336449
	Index Scan using sbtest1_pkey on sbtest1  (cost=0.43..8.45 rows=1 width=121)
	  Index Cond: (id = 2336449)

table 2 : explain SELECT c FROM sbtest2 WHERE id=8538652
	Index Scan using sbtest2_pkey on sbtest2  (cost=0.43..8.45 rows=1 width=121)
	  Index Cond: (id = 8538652)

table 3 : explain SELECT c FROM sbtest3 WHERE id=2077056
	Index Scan using sbtest3_pkey on sbtest3  (cost=0.43..8.45 rows=1 width=121)
	  Index Cond: (id = 2077056)

table 4 : explain SELECT c FROM sbtest4 WHERE id=8393474
	Index Scan using sbtest4_pkey on sbtest4  (cost=0.43..8.45 rows=1 width=121)
	  Index Cond: (id = 8393474)

table 5 : explain SELECT c FROM sbtest5 WHERE id=6704644
	Index Scan using sbtest5_pkey on sbtest5  (cost=0.43..8.45 rows=1 width=121)
	  Index Cond: (id = 6704644)

table 6 : explain SELECT c FROM sbtest6 WHERE id=268575
	Index Scan using sbtest6_pkey on sbtest6  (cost=0.43..8.45 rows=1 width=121)
	  Index Cond: (id = 268575)

table 7 : explain SELECT c FROM sbtest7 WHERE id=2630934
	Index Scan using sbtest7_pkey on sbtest7  (cost=0.43..8.45 rows=1 width=121)
	  Index Cond: (id = 2630934)

table 8 : explain SELECT c FROM sbtest8 WHERE id=3067566
	Index Scan using sbtest8_pkey on sbtest8  (cost=0.43..8.45 rows=1 width=121)
	  Index Cond: (id = 3067566)

explain: for point_selects :: explain SELECT c FROM sbtest%u WHERE id=%u
for point_selects
table 1 : explain SELECT c FROM sbtest1 WHERE id=299225
	Index Scan using sbtest1_pkey on sbtest1  (cost=0.43..8.45 rows=1 width=121)
	  Index Cond: (id = 299225)

table 2 : explain SELECT c FROM sbtest2 WHERE id=5182989
	Index Scan using sbtest2_pkey on sbtest2  (cost=0.43..8.45 rows=1 width=121)
	  Index Cond: (id = 5182989)

table 3 : explain SELECT c FROM sbtest3 WHERE id=2307390
	Index Scan using sbtest3_pkey on sbtest3  (cost=0.43..8.45 rows=1 width=121)
	  Index Cond: (id = 2307390)

table 4 : explain SELECT c FROM sbtest4 WHERE id=3169012
	Index Scan using sbtest4_pkey on sbtest4  (cost=0.43..8.45 rows=1 width=121)
	  Index Cond: (id = 3169012)

table 5 : explain SELECT c FROM sbtest5 WHERE id=226471
	Index Scan using sbtest5_pkey on sbtest5  (cost=0.43..8.45 rows=1 width=121)
	  Index Cond: (id = 226471)

table 6 : explain SELECT c FROM sbtest6 WHERE id=3328190
	Index Scan using sbtest6_pkey on sbtest6  (cost=0.43..8.45 rows=1 width=121)
	  Index Cond: (id = 3328190)

table 7 : explain SELECT c FROM sbtest7 WHERE id=2551958
	Index Scan using sbtest7_pkey on sbtest7  (cost=0.43..8.45 rows=1 width=121)
	  Index Cond: (id = 2551958)

table 8 : explain SELECT c FROM sbtest8 WHERE id=9816878
	Index Scan using sbtest8_pkey on sbtest8  (cost=0.43..8.45 rows=1 width=121)
	  Index Cond: (id = 9816878)

explain: for point_selects :: explain SELECT c FROM sbtest%u WHERE id=%u
explain: for point_selects :: explain SELECT c FROM sbtest%u WHERE id=%u
explain: for point_selects :: explain SELECT c FROM sbtest%u WHERE id=%u
for point_selects
table 1 : explain SELECT c FROM sbtest1 WHERE id=7010113
	Index Scan using sbtest1_pkey on sbtest1  (cost=0.43..8.45 rows=1 width=121)
	  Index Cond: (id = 7010113)

table 2 : explain SELECT c FROM sbtest2 WHERE id=4006626
	Index Scan using sbtest2_pkey on sbtest2  (cost=0.43..8.45 rows=1 width=121)
	  Index Cond: (id = 4006626)

table 3 : explain SELECT c FROM sbtest3 WHERE id=1648142
	Index Scan using sbtest3_pkey on sbtest3  (cost=0.43..8.45 rows=1 width=121)
	  Index Cond: (id = 1648142)

table 4 : explain SELECT c FROM sbtest4 WHERE id=3233053
	Index Scan using sbtest4_pkey on sbtest4  (cost=0.43..8.45 rows=1 width=121)
	  Index Cond: (id = 3233053)

table 5 : explain SELECT c FROM sbtest5 WHERE id=108300
	Index Scan using sbtest5_pkey on sbtest5  (cost=0.43..8.45 rows=1 width=121)
	  Index Cond: (id = 108300)

table 6 : explain SELECT c FROM sbtest6 WHERE id=584017
	Index Scan using sbtest6_pkey on sbtest6  (cost=0.43..8.45 rows=1 width=121)
	  Index Cond: (id = 584017)

table 7 : explain SELECT c FROM sbtest7 WHERE id=746239
	Index Scan using sbtest7_pkey on sbtest7  (cost=0.43..8.45 rows=1 width=121)
	  Index Cond: (id = 746239)

table 8 : explain SELECT c FROM sbtest8 WHERE id=2094408
	Index Scan using sbtest8_pkey on sbtest8  (cost=0.43..8.45 rows=1 width=121)
	  Index Cond: (id = 2094408)

explain: for point_selects :: explain SELECT c FROM sbtest%u WHERE id=%u
explain: for point_selects :: explain SELECT c FROM sbtest%u WHERE id=%u
for point_selects
table 1 : explain SELECT c FROM sbtest1 WHERE id=3204333
	Index Scan using sbtest1_pkey on sbtest1  (cost=0.43..8.45 rows=1 width=121)
	  Index Cond: (id = 3204333)

table 2 : explain SELECT c FROM sbtest2 WHERE id=8615337
	Index Scan using sbtest2_pkey on sbtest2  (cost=0.43..8.45 rows=1 width=121)
	  Index Cond: (id = 8615337)

table 3 : explain SELECT c FROM sbtest3 WHERE id=8442286
	Index Scan using sbtest3_pkey on sbtest3  (cost=0.43..8.45 rows=1 width=121)
	  Index Cond: (id = 8442286)

table 4 : explain SELECT c FROM sbtest4 WHERE id=5432508
	Index Scan using sbtest4_pkey on sbtest4  (cost=0.43..8.45 rows=1 width=121)
	  Index Cond: (id = 5432508)

table 5 : explain SELECT c FROM sbtest5 WHERE id=6619508
	Index Scan using sbtest5_pkey on sbtest5  (cost=0.43..8.45 rows=1 width=121)
	  Index Cond: (id = 6619508)

table 6 : explain SELECT c FROM sbtest6 WHERE id=7152962
	Index Scan using sbtest6_pkey on sbtest6  (cost=0.43..8.45 rows=1 width=121)
	  Index Cond: (id = 7152962)

table 7 : explain SELECT c FROM sbtest7 WHERE id=2414956
	Index Scan using sbtest7_pkey on sbtest7  (cost=0.43..8.45 rows=1 width=121)
	  Index Cond: (id = 2414956)

table 8 : explain SELECT c FROM sbtest8 WHERE id=3571331
	Index Scan using sbtest8_pkey on sbtest8  (cost=0.43..8.45 rows=1 width=121)
	  Index Cond: (id = 3571331)
for point_selects
table 1 : explain SELECT c FROM sbtest1 WHERE id=1176515
	Index Scan using sbtest1_pkey on sbtest1  (cost=0.43..8.45 rows=1 width=121)
	  Index Cond: (id = 1176515)

table 2 : explain SELECT c FROM sbtest2 WHERE id=736105
	Index Scan using sbtest2_pkey on sbtest2  (cost=0.43..8.45 rows=1 width=121)
	  Index Cond: (id = 736105)

table 3 : explain SELECT c FROM sbtest3 WHERE id=9900333
	Index Scan using sbtest3_pkey on sbtest3  (cost=0.43..8.45 rows=1 width=121)
	  Index Cond: (id = 9900333)

table 4 : explain SELECT c FROM sbtest4 WHERE id=3497288
	Index Scan using sbtest4_pkey on sbtest4  (cost=0.43..8.45 rows=1 width=121)
	  Index Cond: (id = 3497288)

table 5 : explain SELECT c FROM sbtest5 WHERE id=4821536
	Index Scan using sbtest5_pkey on sbtest5  (cost=0.43..8.45 rows=1 width=121)
	  Index Cond: (id = 4821536)

table 6 : explain SELECT c FROM sbtest6 WHERE id=6771979
	Index Scan using sbtest6_pkey on sbtest6  (cost=0.43..8.45 rows=1 width=121)
	  Index Cond: (id = 6771979)

table 7 : explain SELECT c FROM sbtest7 WHERE id=6537486
	Index Scan using sbtest7_pkey on sbtest7  (cost=0.43..8.45 rows=1 width=121)
	  Index Cond: (id = 6537486)

table 8 : explain SELECT c FROM sbtest8 WHERE id=9280122
	Index Scan using sbtest8_pkey on sbtest8  (cost=0.43..8.45 rows=1 width=121)
	  Index Cond: (id = 9280122)
for point_selects
table 1 : explain SELECT c FROM sbtest1 WHERE id=7804605
	Index Scan using sbtest1_pkey on sbtest1  (cost=0.43..8.45 rows=1 width=121)
	  Index Cond: (id = 7804605)

table 2 : explain SELECT c FROM sbtest2 WHERE id=1335930
	Index Scan using sbtest2_pkey on sbtest2  (cost=0.43..8.45 rows=1 width=121)
	  Index Cond: (id = 1335930)

table 3 : explain SELECT c FROM sbtest3 WHERE id=1676719
	Index Scan using sbtest3_pkey on sbtest3  (cost=0.43..8.45 rows=1 width=121)
	  Index Cond: (id = 1676719)

table 4 : explain SELECT c FROM sbtest4 WHERE id=2689979
	Index Scan using sbtest4_pkey on sbtest4  (cost=0.43..8.45 rows=1 width=121)
	  Index Cond: (id = 2689979)

table 5 : explain SELECT c FROM sbtest5 WHERE id=3757947
	Index Scan using sbtest5_pkey on sbtest5  (cost=0.43..8.45 rows=1 width=121)
	  Index Cond: (id = 3757947)

table 6 : explain SELECT c FROM sbtest6 WHERE id=6842092
	Index Scan using sbtest6_pkey on sbtest6  (cost=0.43..8.45 rows=1 width=121)
	  Index Cond: (id = 6842092)

table 7 : explain SELECT c FROM sbtest7 WHERE id=3587155
	Index Scan using sbtest7_pkey on sbtest7  (cost=0.43..8.45 rows=1 width=121)
	  Index Cond: (id = 3587155)

table 8 : explain SELECT c FROM sbtest8 WHERE id=3992154
	Index Scan using sbtest8_pkey on sbtest8  (cost=0.43..8.45 rows=1 width=121)
	  Index Cond: (id = 3992154)


explain: for point_selects :: explain SELECT c FROM sbtest%u WHERE id=%u
for point_selects
table 1 : explain SELECT c FROM sbtest1 WHERE id=9113398
	Index Scan using sbtest1_pkey on sbtest1  (cost=0.43..8.45 rows=1 width=121)
	  Index Cond: (id = 9113398)

table 2 : explain SELECT c FROM sbtest2 WHERE id=3570423
	Index Scan using sbtest2_pkey on sbtest2  (cost=0.43..8.45 rows=1 width=121)
	  Index Cond: (id = 3570423)

table 3 : explain SELECT c FROM sbtest3 WHERE id=1516623
	Index Scan using sbtest3_pkey on sbtest3  (cost=0.43..8.45 rows=1 width=121)
	  Index Cond: (id = 1516623)

table 4 : explain SELECT c FROM sbtest4 WHERE id=8190362
	Index Scan using sbtest4_pkey on sbtest4  (cost=0.43..8.45 rows=1 width=121)
	  Index Cond: (id = 8190362)

table 5 : explain SELECT c FROM sbtest5 WHERE id=1751923
	Index Scan using sbtest5_pkey on sbtest5  (cost=0.43..8.45 rows=1 width=121)
	  Index Cond: (id = 1751923)

table 6 : explain SELECT c FROM sbtest6 WHERE id=9288093
	Index Scan using sbtest6_pkey on sbtest6  (cost=0.43..8.45 rows=1 width=121)
	  Index Cond: (id = 9288093)

table 7 : explain SELECT c FROM sbtest7 WHERE id=239303
	Index Scan using sbtest7_pkey on sbtest7  (cost=0.43..8.45 rows=1 width=121)
	  Index Cond: (id = 239303)

table 8 : explain SELECT c FROM sbtest8 WHERE id=5171541
	Index Scan using sbtest8_pkey on sbtest8  (cost=0.43..8.45 rows=1 width=121)
	  Index Cond: (id = 5171541)


for point_selects
table 1 : explain SELECT c FROM sbtest1 WHERE id=8652113
	Index Scan using sbtest1_pkey on sbtest1  (cost=0.43..8.45 rows=1 width=121)
	  Index Cond: (id = 8652113)

table 2 : explain SELECT c FROM sbtest2 WHERE id=6990109
	Index Scan using sbtest2_pkey on sbtest2  (cost=0.43..8.45 rows=1 width=121)
	  Index Cond: (id = 6990109)

table 3 : explain SELECT c FROM sbtest3 WHERE id=4891322
	Index Scan using sbtest3_pkey on sbtest3  (cost=0.43..8.45 rows=1 width=121)
	  Index Cond: (id = 4891322)

table 4 : explain SELECT c FROM sbtest4 WHERE id=8870415
	Index Scan using sbtest4_pkey on sbtest4  (cost=0.43..8.45 rows=1 width=121)
	  Index Cond: (id = 8870415)

table 5 : explain SELECT c FROM sbtest5 WHERE id=3626817
	Index Scan using sbtest5_pkey on sbtest5  (cost=0.43..8.45 rows=1 width=121)
	  Index Cond: (id = 3626817)

table 6 : explain SELECT c FROM sbtest6 WHERE id=3940377
	Index Scan using sbtest6_pkey on sbtest6  (cost=0.43..8.45 rows=1 width=121)
	  Index Cond: (id = 3940377)

table 7 : explain SELECT c FROM sbtest7 WHERE id=4466536
	Index Scan using sbtest7_pkey on sbtest7  (cost=0.43..8.45 rows=1 width=121)
	  Index Cond: (id = 4466536)

table 8 : explain SELECT c FROM sbtest8 WHERE id=4135940
	Index Scan using sbtest8_pkey on sbtest8  (cost=0.43..8.45 rows=1 width=121)
	  Index Cond: (id = 4135940)

for point_selects
table 1 : explain SELECT c FROM sbtest1 WHERE id=7429715
	Index Scan using sbtest1_pkey on sbtest1  (cost=0.43..8.45 rows=1 width=121)
	  Index Cond: (id = 7429715)

table 2 : explain SELECT c FROM sbtest2 WHERE id=5061737
	Index Scan using sbtest2_pkey on sbtest2  (cost=0.43..8.45 rows=1 width=121)
	  Index Cond: (id = 5061737)

table 3 : explain SELECT c FROM sbtest3 WHERE id=5504102
	Index Scan using sbtest3_pkey on sbtest3  (cost=0.43..8.45 rows=1 width=121)
	  Index Cond: (id = 5504102)

table 4 : explain SELECT c FROM sbtest4 WHERE id=1763559
	Index Scan using sbtest4_pkey on sbtest4  (cost=0.43..8.45 rows=1 width=121)
	  Index Cond: (id = 1763559)

table 5 : explain SELECT c FROM sbtest5 WHERE id=7118945
	Index Scan using sbtest5_pkey on sbtest5  (cost=0.43..8.45 rows=1 width=121)
	  Index Cond: (id = 7118945)

table 6 : explain SELECT c FROM sbtest6 WHERE id=2719476
	Index Scan using sbtest6_pkey on sbtest6  (cost=0.43..8.45 rows=1 width=121)
	  Index Cond: (id = 2719476)

table 7 : explain SELECT c FROM sbtest7 WHERE id=7611567
	Index Scan using sbtest7_pkey on sbtest7  (cost=0.43..8.45 rows=1 width=121)
	  Index Cond: (id = 7611567)

table 8 : explain SELECT c FROM sbtest8 WHERE id=3460740
	Index Scan using sbtest8_pkey on sbtest8  (cost=0.43..8.45 rows=1 width=121)
	  Index Cond: (id = 3460740)

for point_selects
table 1 : explain SELECT c FROM sbtest1 WHERE id=2044415
	Index Scan using sbtest1_pkey on sbtest1  (cost=0.43..8.45 rows=1 width=121)
	  Index Cond: (id = 2044415)

table 2 : explain SELECT c FROM sbtest2 WHERE id=9690962
	Index Scan using sbtest2_pkey on sbtest2  (cost=0.43..8.45 rows=1 width=121)
	  Index Cond: (id = 9690962)

table 3 : explain SELECT c FROM sbtest3 WHERE id=1918963
	Index Scan using sbtest3_pkey on sbtest3  (cost=0.43..8.45 rows=1 width=121)
	  Index Cond: (id = 1918963)

table 4 : explain SELECT c FROM sbtest4 WHERE id=6327802
	Index Scan using sbtest4_pkey on sbtest4  (cost=0.43..8.45 rows=1 width=121)
	  Index Cond: (id = 6327802)

table 5 : explain SELECT c FROM sbtest5 WHERE id=9014825
	Index Scan using sbtest5_pkey on sbtest5  (cost=0.43..8.45 rows=1 width=121)
	  Index Cond: (id = 9014825)

table 6 : explain SELECT c FROM sbtest6 WHERE id=2978617
	Index Scan using sbtest6_pkey on sbtest6  (cost=0.43..8.45 rows=1 width=121)
	  Index Cond: (id = 2978617)

table 7 : explain SELECT c FROM sbtest7 WHERE id=1750560
	Index Scan using sbtest7_pkey on sbtest7  (cost=0.43..8.45 rows=1 width=121)
	  Index Cond: (id = 1750560)

table 8 : explain SELECT c FROM sbtest8 WHERE id=3089218
	Index Scan using sbtest8_pkey on sbtest8  (cost=0.43..8.45 rows=1 width=121)
	  Index Cond: (id = 3089218)

for point_selects
table 1 : explain SELECT c FROM sbtest1 WHERE id=6701888
	Index Scan using sbtest1_pkey on sbtest1  (cost=0.43..8.45 rows=1 width=121)
	  Index Cond: (id = 6701888)

table 2 : explain SELECT c FROM sbtest2 WHERE id=9644949
	Index Scan using sbtest2_pkey on sbtest2  (cost=0.43..8.45 rows=1 width=121)
	  Index Cond: (id = 9644949)

table 3 : explain SELECT c FROM sbtest3 WHERE id=3689764
	Index Scan using sbtest3_pkey on sbtest3  (cost=0.43..8.45 rows=1 width=121)
	  Index Cond: (id = 3689764)

table 4 : explain SELECT c FROM sbtest4 WHERE id=4064924
	Index Scan using sbtest4_pkey on sbtest4  (cost=0.43..8.45 rows=1 width=121)
	  Index Cond: (id = 4064924)

table 5 : explain SELECT c FROM sbtest5 WHERE id=1650560
	Index Scan using sbtest5_pkey on sbtest5  (cost=0.43..8.45 rows=1 width=121)
	  Index Cond: (id = 1650560)

table 6 : explain SELECT c FROM sbtest6 WHERE id=8380758
	Index Scan using sbtest6_pkey on sbtest6  (cost=0.43..8.45 rows=1 width=121)
	  Index Cond: (id = 8380758)

table 7 : explain SELECT c FROM sbtest7 WHERE id=8350179
	Index Scan using sbtest7_pkey on sbtest7  (cost=0.43..8.45 rows=1 width=121)
	  Index Cond: (id = 8350179)

table 8 : explain SELECT c FROM sbtest8 WHERE id=4797026
	Index Scan using sbtest8_pkey on sbtest8  (cost=0.43..8.45 rows=1 width=121)
	  Index Cond: (id = 4797026)

for point_selects
table 1 : explain SELECT c FROM sbtest1 WHERE id=6633626
	Index Scan using sbtest1_pkey on sbtest1  (cost=0.43..8.45 rows=1 width=121)
	  Index Cond: (id = 6633626)

table 2 : explain SELECT c FROM sbtest2 WHERE id=8414454
	Index Scan using sbtest2_pkey on sbtest2  (cost=0.43..8.45 rows=1 width=121)
	  Index Cond: (id = 8414454)

table 3 : explain SELECT c FROM sbtest3 WHERE id=4039568
	Index Scan using sbtest3_pkey on sbtest3  (cost=0.43..8.45 rows=1 width=121)
	  Index Cond: (id = 4039568)

table 4 : explain SELECT c FROM sbtest4 WHERE id=4804532
	Index Scan using sbtest4_pkey on sbtest4  (cost=0.43..8.45 rows=1 width=121)
	  Index Cond: (id = 4804532)

table 5 : explain SELECT c FROM sbtest5 WHERE id=6422022
	Index Scan using sbtest5_pkey on sbtest5  (cost=0.43..8.45 rows=1 width=121)
	  Index Cond: (id = 6422022)

table 6 : explain SELECT c FROM sbtest6 WHERE id=9788354
	Index Scan using sbtest6_pkey on sbtest6  (cost=0.43..8.45 rows=1 width=121)
	  Index Cond: (id = 9788354)

table 7 : explain SELECT c FROM sbtest7 WHERE id=1767499
	Index Scan using sbtest7_pkey on sbtest7  (cost=0.43..8.45 rows=1 width=121)
	  Index Cond: (id = 1767499)

table 8 : explain SELECT c FROM sbtest8 WHERE id=1237583
	Index Scan using sbtest8_pkey on sbtest8  (cost=0.43..8.45 rows=1 width=121)
	  Index Cond: (id = 1237583)

for point_selects
table 1 : explain SELECT c FROM sbtest1 WHERE id=4332997
	Index Scan using sbtest1_pkey on sbtest1  (cost=0.43..8.45 rows=1 width=121)
	  Index Cond: (id = 4332997)

table 2 : explain SELECT c FROM sbtest2 WHERE id=5333668
	Index Scan using sbtest2_pkey on sbtest2  (cost=0.43..8.45 rows=1 width=121)
	  Index Cond: (id = 5333668)

table 3 : explain SELECT c FROM sbtest3 WHERE id=4837250
	Index Scan using sbtest3_pkey on sbtest3  (cost=0.43..8.45 rows=1 width=121)
	  Index Cond: (id = 4837250)

table 4 : explain SELECT c FROM sbtest4 WHERE id=4258599
	Index Scan using sbtest4_pkey on sbtest4  (cost=0.43..8.45 rows=1 width=121)
	  Index Cond: (id = 4258599)

table 5 : explain SELECT c FROM sbtest5 WHERE id=4516717
	Index Scan using sbtest5_pkey on sbtest5  (cost=0.43..8.45 rows=1 width=121)
	  Index Cond: (id = 4516717)

table 6 : explain SELECT c FROM sbtest6 WHERE id=8396986
	Index Scan using sbtest6_pkey on sbtest6  (cost=0.43..8.45 rows=1 width=121)
	  Index Cond: (id = 8396986)

table 7 : explain SELECT c FROM sbtest7 WHERE id=3277604
	Index Scan using sbtest7_pkey on sbtest7  (cost=0.43..8.45 rows=1 width=121)
	  Index Cond: (id = 3277604)

table 8 : explain SELECT c FROM sbtest8 WHERE id=196142
	Index Scan using sbtest8_pkey on sbtest8  (cost=0.43..8.45 rows=1 width=121)
	  Index Cond: (id = 196142)

for point_selects
table 1 : explain SELECT c FROM sbtest1 WHERE id=6413532
	Index Scan using sbtest1_pkey on sbtest1  (cost=0.43..8.45 rows=1 width=121)
	  Index Cond: (id = 6413532)

table 2 : explain SELECT c FROM sbtest2 WHERE id=6355442
	Index Scan using sbtest2_pkey on sbtest2  (cost=0.43..8.45 rows=1 width=121)
	  Index Cond: (id = 6355442)

table 3 : explain SELECT c FROM sbtest3 WHERE id=983374
	Index Scan using sbtest3_pkey on sbtest3  (cost=0.43..8.45 rows=1 width=121)
	  Index Cond: (id = 983374)

table 4 : explain SELECT c FROM sbtest4 WHERE id=8758446
	Index Scan using sbtest4_pkey on sbtest4  (cost=0.43..8.45 rows=1 width=121)
	  Index Cond: (id = 8758446)

table 5 : explain SELECT c FROM sbtest5 WHERE id=355077
	Index Scan using sbtest5_pkey on sbtest5  (cost=0.43..8.45 rows=1 width=121)
	  Index Cond: (id = 355077)

table 6 : explain SELECT c FROM sbtest6 WHERE id=818480
	Index Scan using sbtest6_pkey on sbtest6  (cost=0.43..8.45 rows=1 width=121)
	  Index Cond: (id = 818480)

table 7 : explain SELECT c FROM sbtest7 WHERE id=6409047
	Index Scan using sbtest7_pkey on sbtest7  (cost=0.43..8.45 rows=1 width=121)
	  Index Cond: (id = 6409047)

table 8 : explain SELECT c FROM sbtest8 WHERE id=9885431
	Index Scan using sbtest8_pkey on sbtest8  (cost=0.43..8.45 rows=1 width=121)
	  Index Cond: (id = 9885431)

for point_selects
table 1 : explain SELECT c FROM sbtest1 WHERE id=9538780
	Index Scan using sbtest1_pkey on sbtest1  (cost=0.43..8.45 rows=1 width=121)
	  Index Cond: (id = 9538780)

table 2 : explain SELECT c FROM sbtest2 WHERE id=6352527
	Index Scan using sbtest2_pkey on sbtest2  (cost=0.43..8.45 rows=1 width=121)
	  Index Cond: (id = 6352527)

table 3 : explain SELECT c FROM sbtest3 WHERE id=4478760
	Index Scan using sbtest3_pkey on sbtest3  (cost=0.43..8.45 rows=1 width=121)
	  Index Cond: (id = 4478760)

table 4 : explain SELECT c FROM sbtest4 WHERE id=9334015
	Index Scan using sbtest4_pkey on sbtest4  (cost=0.43..8.45 rows=1 width=121)
	  Index Cond: (id = 9334015)

table 5 : explain SELECT c FROM sbtest5 WHERE id=8042204
	Index Scan using sbtest5_pkey on sbtest5  (cost=0.43..8.45 rows=1 width=121)
	  Index Cond: (id = 8042204)

table 6 : explain SELECT c FROM sbtest6 WHERE id=1018697
	Index Scan using sbtest6_pkey on sbtest6  (cost=0.43..8.45 rows=1 width=121)
	  Index Cond: (id = 1018697)

table 7 : explain SELECT c FROM sbtest7 WHERE id=660923
	Index Scan using sbtest7_pkey on sbtest7  (cost=0.43..8.45 rows=1 width=121)
	  Index Cond: (id = 660923)

table 8 : explain SELECT c FROM sbtest8 WHERE id=431350
	Index Scan using sbtest8_pkey on sbtest8  (cost=0.43..8.45 rows=1 width=121)
	  Index Cond: (id = 431350)

for point_selects
table 1 : explain SELECT c FROM sbtest1 WHERE id=340332
	Index Scan using sbtest1_pkey on sbtest1  (cost=0.43..8.45 rows=1 width=121)
	  Index Cond: (id = 340332)

table 2 : explain SELECT c FROM sbtest2 WHERE id=2629113
	Index Scan using sbtest2_pkey on sbtest2  (cost=0.43..8.45 rows=1 width=121)
	  Index Cond: (id = 2629113)

table 3 : explain SELECT c FROM sbtest3 WHERE id=4136799
	Index Scan using sbtest3_pkey on sbtest3  (cost=0.43..8.45 rows=1 width=121)
	  Index Cond: (id = 4136799)

table 4 : explain SELECT c FROM sbtest4 WHERE id=8936627
	Index Scan using sbtest4_pkey on sbtest4  (cost=0.43..8.45 rows=1 width=121)
	  Index Cond: (id = 8936627)

table 5 : explain SELECT c FROM sbtest5 WHERE id=546864
	Index Scan using sbtest5_pkey on sbtest5  (cost=0.43..8.45 rows=1 width=121)
	  Index Cond: (id = 546864)

table 6 : explain SELECT c FROM sbtest6 WHERE id=2625532
	Index Scan using sbtest6_pkey on sbtest6  (cost=0.43..8.45 rows=1 width=121)
	  Index Cond: (id = 2625532)

table 7 : explain SELECT c FROM sbtest7 WHERE id=3059386
	Index Scan using sbtest7_pkey on sbtest7  (cost=0.43..8.45 rows=1 width=121)
	  Index Cond: (id = 3059386)

table 8 : explain SELECT c FROM sbtest8 WHERE id=1046151
	Index Scan using sbtest8_pkey on sbtest8  (cost=0.43..8.45 rows=1 width=121)
	  Index Cond: (id = 1046151)

explain: for point_selects :: explain SELECT c FROM sbtest%u WHERE id=%u
explain: for point_selects :: explain SELECT c FROM sbtest%u WHERE id=%u
explain: for point_selects :: explain SELECT c FROM sbtest%u WHERE id=%u
explain: for point_selects :: explain SELECT c FROM sbtest%u WHERE id=%u
for point_selects
table 1 : explain SELECT c FROM sbtest1 WHERE id=6764205
	Index Scan using sbtest1_pkey on sbtest1  (cost=0.43..8.45 rows=1 width=121)
	  Index Cond: (id = 6764205)

table 2 : explain SELECT c FROM sbtest2 WHERE id=7342096
	Index Scan using sbtest2_pkey on sbtest2  (cost=0.43..8.45 rows=1 width=121)
	  Index Cond: (id = 7342096)

table 3 : explain SELECT c FROM sbtest3 WHERE id=4159481
	Index Scan using sbtest3_pkey on sbtest3  (cost=0.43..8.45 rows=1 width=121)
	  Index Cond: (id = 4159481)

table 4 : explain SELECT c FROM sbtest4 WHERE id=6650298
	Index Scan using sbtest4_pkey on sbtest4  (cost=0.43..8.45 rows=1 width=121)
	  Index Cond: (id = 6650298)

table 5 : explain SELECT c FROM sbtest5 WHERE id=1911206
	Index Scan using sbtest5_pkey on sbtest5  (cost=0.43..8.45 rows=1 width=121)
	  Index Cond: (id = 1911206)

table 6 : explain SELECT c FROM sbtest6 WHERE id=6045578
	Index Scan using sbtest6_pkey on sbtest6  (cost=0.43..8.45 rows=1 width=121)
	  Index Cond: (id = 6045578)

table 7 : explain SELECT c FROM sbtest7 WHERE id=7792140
	Index Scan using sbtest7_pkey on sbtest7  (cost=0.43..8.45 rows=1 width=121)
	  Index Cond: (id = 7792140)

table 8 : explain SELECT c FROM sbtest8 WHERE id=3908670
	Index Scan using sbtest8_pkey on sbtest8  (cost=0.43..8.45 rows=1 width=121)
	  Index Cond: (id = 3908670)

for point_selects
table 1 : explain SELECT c FROM sbtest1 WHERE id=9738820
	Index Scan using sbtest1_pkey on sbtest1  (cost=0.43..8.45 rows=1 width=121)
	  Index Cond: (id = 9738820)

table 2 : explain SELECT c FROM sbtest2 WHERE id=269608
	Index Scan using sbtest2_pkey on sbtest2  (cost=0.43..8.45 rows=1 width=121)
	  Index Cond: (id = 269608)

table 3 : explain SELECT c FROM sbtest3 WHERE id=6228158
	Index Scan using sbtest3_pkey on sbtest3  (cost=0.43..8.45 rows=1 width=121)
	  Index Cond: (id = 6228158)

table 4 : explain SELECT c FROM sbtest4 WHERE id=6404198
	Index Scan using sbtest4_pkey on sbtest4  (cost=0.43..8.45 rows=1 width=121)
	  Index Cond: (id = 6404198)

table 5 : explain SELECT c FROM sbtest5 WHERE id=909932
	Index Scan using sbtest5_pkey on sbtest5  (cost=0.43..8.45 rows=1 width=121)
	  Index Cond: (id = 909932)

table 6 : explain SELECT c FROM sbtest6 WHERE id=892642
	Index Scan using sbtest6_pkey on sbtest6  (cost=0.43..8.45 rows=1 width=121)
	  Index Cond: (id = 892642)

table 7 : explain SELECT c FROM sbtest7 WHERE id=573451
	Index Scan using sbtest7_pkey on sbtest7  (cost=0.43..8.45 rows=1 width=121)
	  Index Cond: (id = 573451)

table 8 : explain SELECT c FROM sbtest8 WHERE id=1582478
	Index Scan using sbtest8_pkey on sbtest8  (cost=0.43..8.45 rows=1 width=121)
	  Index Cond: (id = 1582478)

explain: for point_selects :: explain SELECT c FROM sbtest%u WHERE id=%u
for point_selects
table 1 : explain SELECT c FROM sbtest1 WHERE id=9219232
	Index Scan using sbtest1_pkey on sbtest1  (cost=0.43..8.45 rows=1 width=121)
	  Index Cond: (id = 9219232)

table 2 : explain SELECT c FROM sbtest2 WHERE id=387370
	Index Scan using sbtest2_pkey on sbtest2  (cost=0.43..8.45 rows=1 width=121)
	  Index Cond: (id = 387370)

table 3 : explain SELECT c FROM sbtest3 WHERE id=2813004
	Index Scan using sbtest3_pkey on sbtest3  (cost=0.43..8.45 rows=1 width=121)
	  Index Cond: (id = 2813004)

table 4 : explain SELECT c FROM sbtest4 WHERE id=3799916
	Index Scan using sbtest4_pkey on sbtest4  (cost=0.43..8.45 rows=1 width=121)
	  Index Cond: (id = 3799916)

table 5 : explain SELECT c FROM sbtest5 WHERE id=9499952
	Index Scan using sbtest5_pkey on sbtest5  (cost=0.43..8.45 rows=1 width=121)
	  Index Cond: (id = 9499952)

table 6 : explain SELECT c FROM sbtest6 WHERE id=3360140
	Index Scan using sbtest6_pkey on sbtest6  (cost=0.43..8.45 rows=1 width=121)
	  Index Cond: (id = 3360140)

table 7 : explain SELECT c FROM sbtest7 WHERE id=4928227
	Index Scan using sbtest7_pkey on sbtest7  (cost=0.43..8.45 rows=1 width=121)
	  Index Cond: (id = 4928227)

table 8 : explain SELECT c FROM sbtest8 WHERE id=5854357
	Index Scan using sbtest8_pkey on sbtest8  (cost=0.43..8.45 rows=1 width=121)
	  Index Cond: (id = 5854357)

explain: for point_selects :: explain SELECT c FROM sbtest%u WHERE id=%u
for point_selects
table 1 : explain SELECT c FROM sbtest1 WHERE id=8782949
	Index Scan using sbtest1_pkey on sbtest1  (cost=0.43..8.45 rows=1 width=121)
	  Index Cond: (id = 8782949)

table 2 : explain SELECT c FROM sbtest2 WHERE id=896275
	Index Scan using sbtest2_pkey on sbtest2  (cost=0.43..8.45 rows=1 width=121)
	  Index Cond: (id = 896275)

table 3 : explain SELECT c FROM sbtest3 WHERE id=896911
	Index Scan using sbtest3_pkey on sbtest3  (cost=0.43..8.45 rows=1 width=121)
	  Index Cond: (id = 896911)

table 4 : explain SELECT c FROM sbtest4 WHERE id=3968617
	Index Scan using sbtest4_pkey on sbtest4  (cost=0.43..8.45 rows=1 width=121)
	  Index Cond: (id = 3968617)

table 5 : explain SELECT c FROM sbtest5 WHERE id=7860203
	Index Scan using sbtest5_pkey on sbtest5  (cost=0.43..8.45 rows=1 width=121)
	  Index Cond: (id = 7860203)

table 6 : explain SELECT c FROM sbtest6 WHERE id=8974608
	Index Scan using sbtest6_pkey on sbtest6  (cost=0.43..8.45 rows=1 width=121)
	  Index Cond: (id = 8974608)

table 7 : explain SELECT c FROM sbtest7 WHERE id=7373691
	Index Scan using sbtest7_pkey on sbtest7  (cost=0.43..8.45 rows=1 width=121)
	  Index Cond: (id = 7373691)

table 8 : explain SELECT c FROM sbtest8 WHERE id=256885
	Index Scan using sbtest8_pkey on sbtest8  (cost=0.43..8.45 rows=1 width=121)
	  Index Cond: (id = 256885)

for point_selects
table 1 : explain SELECT c FROM sbtest1 WHERE id=9430688
	Index Scan using sbtest1_pkey on sbtest1  (cost=0.43..8.45 rows=1 width=121)
	  Index Cond: (id = 9430688)

table 2 : explain SELECT c FROM sbtest2 WHERE id=3297785
	Index Scan using sbtest2_pkey on sbtest2  (cost=0.43..8.45 rows=1 width=121)
	  Index Cond: (id = 3297785)

table 3 : explain SELECT c FROM sbtest3 WHERE id=4501378
	Index Scan using sbtest3_pkey on sbtest3  (cost=0.43..8.45 rows=1 width=121)
	  Index Cond: (id = 4501378)

table 4 : explain SELECT c FROM sbtest4 WHERE id=3572301
	Index Scan using sbtest4_pkey on sbtest4  (cost=0.43..8.45 rows=1 width=121)
	  Index Cond: (id = 3572301)

table 5 : explain SELECT c FROM sbtest5 WHERE id=6020614
	Index Scan using sbtest5_pkey on sbtest5  (cost=0.43..8.45 rows=1 width=121)
	  Index Cond: (id = 6020614)

table 6 : explain SELECT c FROM sbtest6 WHERE id=7399433
	Index Scan using sbtest6_pkey on sbtest6  (cost=0.43..8.45 rows=1 width=121)
	  Index Cond: (id = 7399433)

table 7 : explain SELECT c FROM sbtest7 WHERE id=5601022
	Index Scan using sbtest7_pkey on sbtest7  (cost=0.43..8.45 rows=1 width=121)
	  Index Cond: (id = 5601022)

table 8 : explain SELECT c FROM sbtest8 WHERE id=4609408
	Index Scan using sbtest8_pkey on sbtest8  (cost=0.43..8.45 rows=1 width=121)
	  Index Cond: (id = 4609408)

for point_selects
table 1 : explain SELECT c FROM sbtest1 WHERE id=8155795
	Index Scan using sbtest1_pkey on sbtest1  (cost=0.43..8.45 rows=1 width=121)
	  Index Cond: (id = 8155795)

table 2 : explain SELECT c FROM sbtest2 WHERE id=1127433
	Index Scan using sbtest2_pkey on sbtest2  (cost=0.43..8.45 rows=1 width=121)
	  Index Cond: (id = 1127433)

table 3 : explain SELECT c FROM sbtest3 WHERE id=6400140
	Index Scan using sbtest3_pkey on sbtest3  (cost=0.43..8.45 rows=1 width=121)
	  Index Cond: (id = 6400140)

table 4 : explain SELECT c FROM sbtest4 WHERE id=7688797
	Index Scan using sbtest4_pkey on sbtest4  (cost=0.43..8.45 rows=1 width=121)
	  Index Cond: (id = 7688797)

table 5 : explain SELECT c FROM sbtest5 WHERE id=4406455
	Index Scan using sbtest5_pkey on sbtest5  (cost=0.43..8.45 rows=1 width=121)
	  Index Cond: (id = 4406455)

table 6 : explain SELECT c FROM sbtest6 WHERE id=6130710
	Index Scan using sbtest6_pkey on sbtest6  (cost=0.43..8.45 rows=1 width=121)
	  Index Cond: (id = 6130710)

table 7 : explain SELECT c FROM sbtest7 WHERE id=3521013
	Index Scan using sbtest7_pkey on sbtest7  (cost=0.43..8.45 rows=1 width=121)
	  Index Cond: (id = 3521013)

table 8 : explain SELECT c FROM sbtest8 WHERE id=3219801
	Index Scan using sbtest8_pkey on sbtest8  (cost=0.43..8.45 rows=1 width=121)
	  Index Cond: (id = 3219801)

for point_selects
table 1 : explain SELECT c FROM sbtest1 WHERE id=4381680
	Index Scan using sbtest1_pkey on sbtest1  (cost=0.43..8.45 rows=1 width=121)
	  Index Cond: (id = 4381680)

table 2 : explain SELECT c FROM sbtest2 WHERE id=3812807
	Index Scan using sbtest2_pkey on sbtest2  (cost=0.43..8.45 rows=1 width=121)
	  Index Cond: (id = 3812807)

table 3 : explain SELECT c FROM sbtest3 WHERE id=5385143
	Index Scan using sbtest3_pkey on sbtest3  (cost=0.43..8.45 rows=1 width=121)
	  Index Cond: (id = 5385143)

table 4 : explain SELECT c FROM sbtest4 WHERE id=8458252
	Index Scan using sbtest4_pkey on sbtest4  (cost=0.43..8.45 rows=1 width=121)
	  Index Cond: (id = 8458252)

table 5 : explain SELECT c FROM sbtest5 WHERE id=4636373
	Index Scan using sbtest5_pkey on sbtest5  (cost=0.43..8.45 rows=1 width=121)
	  Index Cond: (id = 4636373)

table 6 : explain SELECT c FROM sbtest6 WHERE id=2142693
	Index Scan using sbtest6_pkey on sbtest6  (cost=0.43..8.45 rows=1 width=121)
	  Index Cond: (id = 2142693)

table 7 : explain SELECT c FROM sbtest7 WHERE id=6903943
	Index Scan using sbtest7_pkey on sbtest7  (cost=0.43..8.45 rows=1 width=121)
	  Index Cond: (id = 6903943)

table 8 : explain SELECT c FROM sbtest8 WHERE id=6709052
	Index Scan using sbtest8_pkey on sbtest8  (cost=0.43..8.45 rows=1 width=121)
	  Index Cond: (id = 6709052)

for point_selects
table 1 : explain SELECT c FROM sbtest1 WHERE id=1290492
	Index Scan using sbtest1_pkey on sbtest1  (cost=0.43..8.45 rows=1 width=121)
	  Index Cond: (id = 1290492)

table 2 : explain SELECT c FROM sbtest2 WHERE id=9402766
	Index Scan using sbtest2_pkey on sbtest2  (cost=0.43..8.45 rows=1 width=121)
	  Index Cond: (id = 9402766)

table 3 : explain SELECT c FROM sbtest3 WHERE id=4999793
	Index Scan using sbtest3_pkey on sbtest3  (cost=0.43..8.45 rows=1 width=121)
	  Index Cond: (id = 4999793)

table 4 : explain SELECT c FROM sbtest4 WHERE id=7399678
	Index Scan using sbtest4_pkey on sbtest4  (cost=0.43..8.45 rows=1 width=121)
	  Index Cond: (id = 7399678)

table 5 : explain SELECT c FROM sbtest5 WHERE id=803036
	Index Scan using sbtest5_pkey on sbtest5  (cost=0.43..8.45 rows=1 width=121)
	  Index Cond: (id = 803036)

table 6 : explain SELECT c FROM sbtest6 WHERE id=2378284
	Index Scan using sbtest6_pkey on sbtest6  (cost=0.43..8.45 rows=1 width=121)
	  Index Cond: (id = 2378284)

table 7 : explain SELECT c FROM sbtest7 WHERE id=7566224
	Index Scan using sbtest7_pkey on sbtest7  (cost=0.43..8.45 rows=1 width=121)
	  Index Cond: (id = 7566224)

table 8 : explain SELECT c FROM sbtest8 WHERE id=5228687
	Index Scan using sbtest8_pkey on sbtest8  (cost=0.43..8.45 rows=1 width=121)
	  Index Cond: (id = 5228687)

for point_selects
table 1 : explain SELECT c FROM sbtest1 WHERE id=4130137
	Index Scan using sbtest1_pkey on sbtest1  (cost=0.43..8.45 rows=1 width=121)
	  Index Cond: (id = 4130137)

table 2 : explain SELECT c FROM sbtest2 WHERE id=8551274
	Index Scan using sbtest2_pkey on sbtest2  (cost=0.43..8.45 rows=1 width=121)
	  Index Cond: (id = 8551274)

table 3 : explain SELECT c FROM sbtest3 WHERE id=6896168
	Index Scan using sbtest3_pkey on sbtest3  (cost=0.43..8.45 rows=1 width=121)
	  Index Cond: (id = 6896168)

table 4 : explain SELECT c FROM sbtest4 WHERE id=1296531
	Index Scan using sbtest4_pkey on sbtest4  (cost=0.43..8.45 rows=1 width=121)
	  Index Cond: (id = 1296531)

table 5 : explain SELECT c FROM sbtest5 WHERE id=9963059
	Index Scan using sbtest5_pkey on sbtest5  (cost=0.43..8.45 rows=1 width=121)
	  Index Cond: (id = 9963059)

table 6 : explain SELECT c FROM sbtest6 WHERE id=5813672
	Index Scan using sbtest6_pkey on sbtest6  (cost=0.43..8.45 rows=1 width=121)
	  Index Cond: (id = 5813672)

table 7 : explain SELECT c FROM sbtest7 WHERE id=8191842
	Index Scan using sbtest7_pkey on sbtest7  (cost=0.43..8.45 rows=1 width=121)
	  Index Cond: (id = 8191842)

table 8 : explain SELECT c FROM sbtest8 WHERE id=5400377
	Index Scan using sbtest8_pkey on sbtest8  (cost=0.43..8.45 rows=1 width=121)
	  Index Cond: (id = 5400377)

for point_selects
table 1 : explain SELECT c FROM sbtest1 WHERE id=7261914
	Index Scan using sbtest1_pkey on sbtest1  (cost=0.43..8.45 rows=1 width=121)
	  Index Cond: (id = 7261914)

table 2 : explain SELECT c FROM sbtest2 WHERE id=9815933
	Index Scan using sbtest2_pkey on sbtest2  (cost=0.43..8.45 rows=1 width=121)
	  Index Cond: (id = 9815933)

table 3 : explain SELECT c FROM sbtest3 WHERE id=605477
	Index Scan using sbtest3_pkey on sbtest3  (cost=0.43..8.45 rows=1 width=121)
	  Index Cond: (id = 605477)

table 4 : explain SELECT c FROM sbtest4 WHERE id=9809317
	Index Scan using sbtest4_pkey on sbtest4  (cost=0.43..8.45 rows=1 width=121)
	  Index Cond: (id = 9809317)

table 5 : explain SELECT c FROM sbtest5 WHERE id=6612809
	Index Scan using sbtest5_pkey on sbtest5  (cost=0.43..8.45 rows=1 width=121)
	  Index Cond: (id = 6612809)

table 6 : explain SELECT c FROM sbtest6 WHERE id=3466496
	Index Scan using sbtest6_pkey on sbtest6  (cost=0.43..8.45 rows=1 width=121)
	  Index Cond: (id = 3466496)

table 7 : explain SELECT c FROM sbtest7 WHERE id=636536
	Index Scan using sbtest7_pkey on sbtest7  (cost=0.43..8.45 rows=1 width=121)
	  Index Cond: (id = 636536)

table 8 : explain SELECT c FROM sbtest8 WHERE id=4785498
	Index Scan using sbtest8_pkey on sbtest8  (cost=0.43..8.45 rows=1 width=121)
	  Index Cond: (id = 4785498)

for point_selects
table 1 : explain SELECT c FROM sbtest1 WHERE id=3406630
	Index Scan using sbtest1_pkey on sbtest1  (cost=0.43..8.45 rows=1 width=121)
	  Index Cond: (id = 3406630)

table 2 : explain SELECT c FROM sbtest2 WHERE id=6323104
	Index Scan using sbtest2_pkey on sbtest2  (cost=0.43..8.45 rows=1 width=121)
	  Index Cond: (id = 6323104)

table 3 : explain SELECT c FROM sbtest3 WHERE id=7114613
	Index Scan using sbtest3_pkey on sbtest3  (cost=0.43..8.45 rows=1 width=121)
	  Index Cond: (id = 7114613)

table 4 : explain SELECT c FROM sbtest4 WHERE id=3312793
	Index Scan using sbtest4_pkey on sbtest4  (cost=0.43..8.45 rows=1 width=121)
	  Index Cond: (id = 3312793)

table 5 : explain SELECT c FROM sbtest5 WHERE id=6555039
	Index Scan using sbtest5_pkey on sbtest5  (cost=0.43..8.45 rows=1 width=121)
	  Index Cond: (id = 6555039)

table 6 : explain SELECT c FROM sbtest6 WHERE id=5647802
	Index Scan using sbtest6_pkey on sbtest6  (cost=0.43..8.45 rows=1 width=121)
	  Index Cond: (id = 5647802)

table 7 : explain SELECT c FROM sbtest7 WHERE id=1597902
	Index Scan using sbtest7_pkey on sbtest7  (cost=0.43..8.45 rows=1 width=121)
	  Index Cond: (id = 1597902)

table 8 : explain SELECT c FROM sbtest8 WHERE id=1565831
	Index Scan using sbtest8_pkey on sbtest8  (cost=0.43..8.45 rows=1 width=121)
	  Index Cond: (id = 1565831)

for point_selects
table 1 : explain SELECT c FROM sbtest1 WHERE id=8684758
	Index Scan using sbtest1_pkey on sbtest1  (cost=0.43..8.45 rows=1 width=121)
	  Index Cond: (id = 8684758)

table 2 : explain SELECT c FROM sbtest2 WHERE id=4680126
	Index Scan using sbtest2_pkey on sbtest2  (cost=0.43..8.45 rows=1 width=121)
	  Index Cond: (id = 4680126)

table 3 : explain SELECT c FROM sbtest3 WHERE id=7316664
	Index Scan using sbtest3_pkey on sbtest3  (cost=0.43..8.45 rows=1 width=121)
	  Index Cond: (id = 7316664)

table 4 : explain SELECT c FROM sbtest4 WHERE id=3369414
	Index Scan using sbtest4_pkey on sbtest4  (cost=0.43..8.45 rows=1 width=121)
	  Index Cond: (id = 3369414)

table 5 : explain SELECT c FROM sbtest5 WHERE id=5411297
	Index Scan using sbtest5_pkey on sbtest5  (cost=0.43..8.45 rows=1 width=121)
	  Index Cond: (id = 5411297)

table 6 : explain SELECT c FROM sbtest6 WHERE id=4535066
	Index Scan using sbtest6_pkey on sbtest6  (cost=0.43..8.45 rows=1 width=121)
	  Index Cond: (id = 4535066)

table 7 : explain SELECT c FROM sbtest7 WHERE id=5533535
	Index Scan using sbtest7_pkey on sbtest7  (cost=0.43..8.45 rows=1 width=121)
	  Index Cond: (id = 5533535)

table 8 : explain SELECT c FROM sbtest8 WHERE id=1473526
	Index Scan using sbtest8_pkey on sbtest8  (cost=0.43..8.45 rows=1 width=121)
	  Index Cond: (id = 1473526)

for point_selects
table 1 : explain SELECT c FROM sbtest1 WHERE id=212525
	Index Scan using sbtest1_pkey on sbtest1  (cost=0.43..8.45 rows=1 width=121)
	  Index Cond: (id = 212525)

table 2 : explain SELECT c FROM sbtest2 WHERE id=2084753
	Index Scan using sbtest2_pkey on sbtest2  (cost=0.43..8.45 rows=1 width=121)
	  Index Cond: (id = 2084753)

table 3 : explain SELECT c FROM sbtest3 WHERE id=8321798
	Index Scan using sbtest3_pkey on sbtest3  (cost=0.43..8.45 rows=1 width=121)
	  Index Cond: (id = 8321798)

table 4 : explain SELECT c FROM sbtest4 WHERE id=1080026
	Index Scan using sbtest4_pkey on sbtest4  (cost=0.43..8.45 rows=1 width=121)
	  Index Cond: (id = 1080026)

table 5 : explain SELECT c FROM sbtest5 WHERE id=9212928
	Index Scan using sbtest5_pkey on sbtest5  (cost=0.43..8.45 rows=1 width=121)
	  Index Cond: (id = 9212928)

table 6 : explain SELECT c FROM sbtest6 WHERE id=4042327
	Index Scan using sbtest6_pkey on sbtest6  (cost=0.43..8.45 rows=1 width=121)
	  Index Cond: (id = 4042327)

table 7 : explain SELECT c FROM sbtest7 WHERE id=7171436
	Index Scan using sbtest7_pkey on sbtest7  (cost=0.43..8.45 rows=1 width=121)
	  Index Cond: (id = 7171436)

table 8 : explain SELECT c FROM sbtest8 WHERE id=758911
	Index Scan using sbtest8_pkey on sbtest8  (cost=0.43..8.45 rows=1 width=121)
	  Index Cond: (id = 758911)

for point_selects
table 1 : explain SELECT c FROM sbtest1 WHERE id=5315156
	Index Scan using sbtest1_pkey on sbtest1  (cost=0.43..8.45 rows=1 width=121)
	  Index Cond: (id = 5315156)

table 2 : explain SELECT c FROM sbtest2 WHERE id=4062841
	Index Scan using sbtest2_pkey on sbtest2  (cost=0.43..8.45 rows=1 width=121)
	  Index Cond: (id = 4062841)

table 3 : explain SELECT c FROM sbtest3 WHERE id=1184900
	Index Scan using sbtest3_pkey on sbtest3  (cost=0.43..8.45 rows=1 width=121)
	  Index Cond: (id = 1184900)

table 4 : explain SELECT c FROM sbtest4 WHERE id=9466186
	Index Scan using sbtest4_pkey on sbtest4  (cost=0.43..8.45 rows=1 width=121)
	  Index Cond: (id = 9466186)

table 5 : explain SELECT c FROM sbtest5 WHERE id=8797217
	Index Scan using sbtest5_pkey on sbtest5  (cost=0.43..8.45 rows=1 width=121)
	  Index Cond: (id = 8797217)

table 6 : explain SELECT c FROM sbtest6 WHERE id=6530296
	Index Scan using sbtest6_pkey on sbtest6  (cost=0.43..8.45 rows=1 width=121)
	  Index Cond: (id = 6530296)

table 7 : explain SELECT c FROM sbtest7 WHERE id=2359285
	Index Scan using sbtest7_pkey on sbtest7  (cost=0.43..8.45 rows=1 width=121)
	  Index Cond: (id = 2359285)

table 8 : explain SELECT c FROM sbtest8 WHERE id=5608728
	Index Scan using sbtest8_pkey on sbtest8  (cost=0.43..8.45 rows=1 width=121)
	  Index Cond: (id = 5608728)

for point_selects
table 1 : explain SELECT c FROM sbtest1 WHERE id=2310694
	Index Scan using sbtest1_pkey on sbtest1  (cost=0.43..8.45 rows=1 width=121)
	  Index Cond: (id = 2310694)

table 2 : explain SELECT c FROM sbtest2 WHERE id=4691744
	Index Scan using sbtest2_pkey on sbtest2  (cost=0.43..8.45 rows=1 width=121)
	  Index Cond: (id = 4691744)

table 3 : explain SELECT c FROM sbtest3 WHERE id=9278396
	Index Scan using sbtest3_pkey on sbtest3  (cost=0.43..8.45 rows=1 width=121)
	  Index Cond: (id = 9278396)

table 4 : explain SELECT c FROM sbtest4 WHERE id=1455867
	Index Scan using sbtest4_pkey on sbtest4  (cost=0.43..8.45 rows=1 width=121)
	  Index Cond: (id = 1455867)

table 5 : explain SELECT c FROM sbtest5 WHERE id=5236072
	Index Scan using sbtest5_pkey on sbtest5  (cost=0.43..8.45 rows=1 width=121)
	  Index Cond: (id = 5236072)

table 6 : explain SELECT c FROM sbtest6 WHERE id=1683034
	Index Scan using sbtest6_pkey on sbtest6  (cost=0.43..8.45 rows=1 width=121)
	  Index Cond: (id = 1683034)

table 7 : explain SELECT c FROM sbtest7 WHERE id=2233035
	Index Scan using sbtest7_pkey on sbtest7  (cost=0.43..8.45 rows=1 width=121)
	  Index Cond: (id = 2233035)

table 8 : explain SELECT c FROM sbtest8 WHERE id=1538413
	Index Scan using sbtest8_pkey on sbtest8  (cost=0.43..8.45 rows=1 width=121)
	  Index Cond: (id = 1538413)

for point_selects
table 1 : explain SELECT c FROM sbtest1 WHERE id=1306117
	Index Scan using sbtest1_pkey on sbtest1  (cost=0.43..8.45 rows=1 width=121)
	  Index Cond: (id = 1306117)

table 2 : explain SELECT c FROM sbtest2 WHERE id=2717697
	Index Scan using sbtest2_pkey on sbtest2  (cost=0.43..8.45 rows=1 width=121)
	  Index Cond: (id = 2717697)

table 3 : explain SELECT c FROM sbtest3 WHERE id=4408984
	Index Scan using sbtest3_pkey on sbtest3  (cost=0.43..8.45 rows=1 width=121)
	  Index Cond: (id = 4408984)

table 4 : explain SELECT c FROM sbtest4 WHERE id=8687509
	Index Scan using sbtest4_pkey on sbtest4  (cost=0.43..8.45 rows=1 width=121)
	  Index Cond: (id = 8687509)

table 5 : explain SELECT c FROM sbtest5 WHERE id=4252946
	Index Scan using sbtest5_pkey on sbtest5  (cost=0.43..8.45 rows=1 width=121)
	  Index Cond: (id = 4252946)

table 6 : explain SELECT c FROM sbtest6 WHERE id=6863126
	Index Scan using sbtest6_pkey on sbtest6  (cost=0.43..8.45 rows=1 width=121)
	  Index Cond: (id = 6863126)

table 7 : explain SELECT c FROM sbtest7 WHERE id=902288
	Index Scan using sbtest7_pkey on sbtest7  (cost=0.43..8.45 rows=1 width=121)
	  Index Cond: (id = 902288)

table 8 : explain SELECT c FROM sbtest8 WHERE id=3813260
	Index Scan using sbtest8_pkey on sbtest8  (cost=0.43..8.45 rows=1 width=121)
	  Index Cond: (id = 3813260)

for point_selects
table 1 : explain SELECT c FROM sbtest1 WHERE id=5459064
	Index Scan using sbtest1_pkey on sbtest1  (cost=0.43..8.45 rows=1 width=121)
	  Index Cond: (id = 5459064)

table 2 : explain SELECT c FROM sbtest2 WHERE id=7544965
	Index Scan using sbtest2_pkey on sbtest2  (cost=0.43..8.45 rows=1 width=121)
	  Index Cond: (id = 7544965)

table 3 : explain SELECT c FROM sbtest3 WHERE id=8629719
	Index Scan using sbtest3_pkey on sbtest3  (cost=0.43..8.45 rows=1 width=121)
	  Index Cond: (id = 8629719)

table 4 : explain SELECT c FROM sbtest4 WHERE id=2478485
	Index Scan using sbtest4_pkey on sbtest4  (cost=0.43..8.45 rows=1 width=121)
	  Index Cond: (id = 2478485)

table 5 : explain SELECT c FROM sbtest5 WHERE id=5672052
	Index Scan using sbtest5_pkey on sbtest5  (cost=0.43..8.45 rows=1 width=121)
	  Index Cond: (id = 5672052)

table 6 : explain SELECT c FROM sbtest6 WHERE id=6367237
	Index Scan using sbtest6_pkey on sbtest6  (cost=0.43..8.45 rows=1 width=121)
	  Index Cond: (id = 6367237)

table 7 : explain SELECT c FROM sbtest7 WHERE id=2504020
	Index Scan using sbtest7_pkey on sbtest7  (cost=0.43..8.45 rows=1 width=121)
	  Index Cond: (id = 2504020)

table 8 : explain SELECT c FROM sbtest8 WHERE id=7490097
	Index Scan using sbtest8_pkey on sbtest8  (cost=0.43..8.45 rows=1 width=121)
	  Index Cond: (id = 7490097)

for point_selects
table 1 : explain SELECT c FROM sbtest1 WHERE id=431067
	Index Scan using sbtest1_pkey on sbtest1  (cost=0.43..8.45 rows=1 width=121)
	  Index Cond: (id = 431067)

table 2 : explain SELECT c FROM sbtest2 WHERE id=1753940
	Index Scan using sbtest2_pkey on sbtest2  (cost=0.43..8.45 rows=1 width=121)
	  Index Cond: (id = 1753940)

table 3 : explain SELECT c FROM sbtest3 WHERE id=210932
	Index Scan using sbtest3_pkey on sbtest3  (cost=0.43..8.45 rows=1 width=121)
	  Index Cond: (id = 210932)

table 4 : explain SELECT c FROM sbtest4 WHERE id=8407848
	Index Scan using sbtest4_pkey on sbtest4  (cost=0.43..8.45 rows=1 width=121)
	  Index Cond: (id = 8407848)

table 5 : explain SELECT c FROM sbtest5 WHERE id=1912118
	Index Scan using sbtest5_pkey on sbtest5  (cost=0.43..8.45 rows=1 width=121)
	  Index Cond: (id = 1912118)

table 6 : explain SELECT c FROM sbtest6 WHERE id=6145289
	Index Scan using sbtest6_pkey on sbtest6  (cost=0.43..8.45 rows=1 width=121)
	  Index Cond: (id = 6145289)

table 7 : explain SELECT c FROM sbtest7 WHERE id=7904153
	Index Scan using sbtest7_pkey on sbtest7  (cost=0.43..8.45 rows=1 width=121)
	  Index Cond: (id = 7904153)

table 8 : explain SELECT c FROM sbtest8 WHERE id=9320140
	Index Scan using sbtest8_pkey on sbtest8  (cost=0.43..8.45 rows=1 width=121)
	  Index Cond: (id = 9320140)

for point_selects
table 1 : explain SELECT c FROM sbtest1 WHERE id=6513888
	Index Scan using sbtest1_pkey on sbtest1  (cost=0.43..8.45 rows=1 width=121)
	  Index Cond: (id = 6513888)

table 2 : explain SELECT c FROM sbtest2 WHERE id=853857
	Index Scan using sbtest2_pkey on sbtest2  (cost=0.43..8.45 rows=1 width=121)
	  Index Cond: (id = 853857)

table 3 : explain SELECT c FROM sbtest3 WHERE id=9727724
	Index Scan using sbtest3_pkey on sbtest3  (cost=0.43..8.45 rows=1 width=121)
	  Index Cond: (id = 9727724)

table 4 : explain SELECT c FROM sbtest4 WHERE id=3389356
	Index Scan using sbtest4_pkey on sbtest4  (cost=0.43..8.45 rows=1 width=121)
	  Index Cond: (id = 3389356)

table 5 : explain SELECT c FROM sbtest5 WHERE id=9305461
	Index Scan using sbtest5_pkey on sbtest5  (cost=0.43..8.45 rows=1 width=121)
	  Index Cond: (id = 9305461)

table 6 : explain SELECT c FROM sbtest6 WHERE id=1770044
	Index Scan using sbtest6_pkey on sbtest6  (cost=0.43..8.45 rows=1 width=121)
	  Index Cond: (id = 1770044)

table 7 : explain SELECT c FROM sbtest7 WHERE id=7704256
	Index Scan using sbtest7_pkey on sbtest7  (cost=0.43..8.45 rows=1 width=121)
	  Index Cond: (id = 7704256)

table 8 : explain SELECT c FROM sbtest8 WHERE id=2707019
	Index Scan using sbtest8_pkey on sbtest8  (cost=0.43..8.45 rows=1 width=121)
	  Index Cond: (id = 2707019)

for point_selects
table 1 : explain SELECT c FROM sbtest1 WHERE id=4435749
	Index Scan using sbtest1_pkey on sbtest1  (cost=0.43..8.45 rows=1 width=121)
	  Index Cond: (id = 4435749)

table 2 : explain SELECT c FROM sbtest2 WHERE id=8826402
	Index Scan using sbtest2_pkey on sbtest2  (cost=0.43..8.45 rows=1 width=121)
	  Index Cond: (id = 8826402)

table 3 : explain SELECT c FROM sbtest3 WHERE id=1992680
	Index Scan using sbtest3_pkey on sbtest3  (cost=0.43..8.45 rows=1 width=121)
	  Index Cond: (id = 1992680)

table 4 : explain SELECT c FROM sbtest4 WHERE id=1371280
	Index Scan using sbtest4_pkey on sbtest4  (cost=0.43..8.45 rows=1 width=121)
	  Index Cond: (id = 1371280)

table 5 : explain SELECT c FROM sbtest5 WHERE id=2629408
	Index Scan using sbtest5_pkey on sbtest5  (cost=0.43..8.45 rows=1 width=121)
	  Index Cond: (id = 2629408)

table 6 : explain SELECT c FROM sbtest6 WHERE id=6789147
	Index Scan using sbtest6_pkey on sbtest6  (cost=0.43..8.45 rows=1 width=121)
	  Index Cond: (id = 6789147)

table 7 : explain SELECT c FROM sbtest7 WHERE id=5176979
	Index Scan using sbtest7_pkey on sbtest7  (cost=0.43..8.45 rows=1 width=121)
	  Index Cond: (id = 5176979)

table 8 : explain SELECT c FROM sbtest8 WHERE id=5510617
	Index Scan using sbtest8_pkey on sbtest8  (cost=0.43..8.45 rows=1 width=121)
	  Index Cond: (id = 5510617)

for point_selects
table 1 : explain SELECT c FROM sbtest1 WHERE id=1880928
	Index Scan using sbtest1_pkey on sbtest1  (cost=0.43..8.45 rows=1 width=121)
	  Index Cond: (id = 1880928)

table 2 : explain SELECT c FROM sbtest2 WHERE id=9709146
	Index Scan using sbtest2_pkey on sbtest2  (cost=0.43..8.45 rows=1 width=121)
	  Index Cond: (id = 9709146)

table 3 : explain SELECT c FROM sbtest3 WHERE id=1531603
	Index Scan using sbtest3_pkey on sbtest3  (cost=0.43..8.45 rows=1 width=121)
	  Index Cond: (id = 1531603)

table 4 : explain SELECT c FROM sbtest4 WHERE id=3766740
	Index Scan using sbtest4_pkey on sbtest4  (cost=0.43..8.45 rows=1 width=121)
	  Index Cond: (id = 3766740)

table 5 : explain SELECT c FROM sbtest5 WHERE id=6008603
	Index Scan using sbtest5_pkey on sbtest5  (cost=0.43..8.45 rows=1 width=121)
	  Index Cond: (id = 6008603)

table 6 : explain SELECT c FROM sbtest6 WHERE id=4805870
	Index Scan using sbtest6_pkey on sbtest6  (cost=0.43..8.45 rows=1 width=121)
	  Index Cond: (id = 4805870)

table 7 : explain SELECT c FROM sbtest7 WHERE id=5261299
	Index Scan using sbtest7_pkey on sbtest7  (cost=0.43..8.45 rows=1 width=121)
	  Index Cond: (id = 5261299)

table 8 : explain SELECT c FROM sbtest8 WHERE id=6074700
	Index Scan using sbtest8_pkey on sbtest8  (cost=0.43..8.45 rows=1 width=121)
	  Index Cond: (id = 6074700)

for point_selects
table 1 : explain SELECT c FROM sbtest1 WHERE id=8423046
	Index Scan using sbtest1_pkey on sbtest1  (cost=0.43..8.45 rows=1 width=121)
	  Index Cond: (id = 8423046)

table 2 : explain SELECT c FROM sbtest2 WHERE id=9693958
	Index Scan using sbtest2_pkey on sbtest2  (cost=0.43..8.45 rows=1 width=121)
	  Index Cond: (id = 9693958)

table 3 : explain SELECT c FROM sbtest3 WHERE id=4388832
	Index Scan using sbtest3_pkey on sbtest3  (cost=0.43..8.45 rows=1 width=121)
	  Index Cond: (id = 4388832)

table 4 : explain SELECT c FROM sbtest4 WHERE id=8095556
	Index Scan using sbtest4_pkey on sbtest4  (cost=0.43..8.45 rows=1 width=121)
	  Index Cond: (id = 8095556)

table 5 : explain SELECT c FROM sbtest5 WHERE id=8300192
	Index Scan using sbtest5_pkey on sbtest5  (cost=0.43..8.45 rows=1 width=121)
	  Index Cond: (id = 8300192)

table 6 : explain SELECT c FROM sbtest6 WHERE id=8331686
	Index Scan using sbtest6_pkey on sbtest6  (cost=0.43..8.45 rows=1 width=121)
	  Index Cond: (id = 8331686)

table 7 : explain SELECT c FROM sbtest7 WHERE id=1367531
	Index Scan using sbtest7_pkey on sbtest7  (cost=0.43..8.45 rows=1 width=121)
	  Index Cond: (id = 1367531)

table 8 : explain SELECT c FROM sbtest8 WHERE id=8904686
	Index Scan using sbtest8_pkey on sbtest8  (cost=0.43..8.45 rows=1 width=121)
	  Index Cond: (id = 8904686)

for point_selects
table 1 : explain SELECT c FROM sbtest1 WHERE id=4135666
	Index Scan using sbtest1_pkey on sbtest1  (cost=0.43..8.45 rows=1 width=121)
	  Index Cond: (id = 4135666)

table 2 : explain SELECT c FROM sbtest2 WHERE id=6714081
	Index Scan using sbtest2_pkey on sbtest2  (cost=0.43..8.45 rows=1 width=121)
	  Index Cond: (id = 6714081)

table 3 : explain SELECT c FROM sbtest3 WHERE id=238705
	Index Scan using sbtest3_pkey on sbtest3  (cost=0.43..8.45 rows=1 width=121)
	  Index Cond: (id = 238705)

table 4 : explain SELECT c FROM sbtest4 WHERE id=8091123
	Index Scan using sbtest4_pkey on sbtest4  (cost=0.43..8.45 rows=1 width=121)
	  Index Cond: (id = 8091123)

table 5 : explain SELECT c FROM sbtest5 WHERE id=3644515
	Index Scan using sbtest5_pkey on sbtest5  (cost=0.43..8.45 rows=1 width=121)
	  Index Cond: (id = 3644515)

table 6 : explain SELECT c FROM sbtest6 WHERE id=2251394
	Index Scan using sbtest6_pkey on sbtest6  (cost=0.43..8.45 rows=1 width=121)
	  Index Cond: (id = 2251394)

table 7 : explain SELECT c FROM sbtest7 WHERE id=2003611
	Index Scan using sbtest7_pkey on sbtest7  (cost=0.43..8.45 rows=1 width=121)
	  Index Cond: (id = 2003611)

table 8 : explain SELECT c FROM sbtest8 WHERE id=1720810
	Index Scan using sbtest8_pkey on sbtest8  (cost=0.43..8.45 rows=1 width=121)
	  Index Cond: (id = 1720810)

for point_selects
table 1 : explain SELECT c FROM sbtest1 WHERE id=8152991
	Index Scan using sbtest1_pkey on sbtest1  (cost=0.43..8.45 rows=1 width=121)
	  Index Cond: (id = 8152991)

table 2 : explain SELECT c FROM sbtest2 WHERE id=3410467
	Index Scan using sbtest2_pkey on sbtest2  (cost=0.43..8.45 rows=1 width=121)
	  Index Cond: (id = 3410467)

table 3 : explain SELECT c FROM sbtest3 WHERE id=4069031
	Index Scan using sbtest3_pkey on sbtest3  (cost=0.43..8.45 rows=1 width=121)
	  Index Cond: (id = 4069031)

table 4 : explain SELECT c FROM sbtest4 WHERE id=2521513
	Index Scan using sbtest4_pkey on sbtest4  (cost=0.43..8.45 rows=1 width=121)
	  Index Cond: (id = 2521513)

table 5 : explain SELECT c FROM sbtest5 WHERE id=5539086
	Index Scan using sbtest5_pkey on sbtest5  (cost=0.43..8.45 rows=1 width=121)
	  Index Cond: (id = 5539086)

table 6 : explain SELECT c FROM sbtest6 WHERE id=9415407
	Index Scan using sbtest6_pkey on sbtest6  (cost=0.43..8.45 rows=1 width=121)
	  Index Cond: (id = 9415407)

table 7 : explain SELECT c FROM sbtest7 WHERE id=4102325
	Index Scan using sbtest7_pkey on sbtest7  (cost=0.43..8.45 rows=1 width=121)
	  Index Cond: (id = 4102325)

table 8 : explain SELECT c FROM sbtest8 WHERE id=2041525
	Index Scan using sbtest8_pkey on sbtest8  (cost=0.43..8.45 rows=1 width=121)
	  Index Cond: (id = 2041525)

Threads started!

Warming up for 5 seconds...

SQL statistics:
    queries performed:
        read:                            662509422
        write:                           0
        other:                           0
        total:                           662509422
    transactions:                        662509422 (1051575.33 per sec.)
    queries:                             662509422 (1051575.33 per sec.)
    ignored errors:                      0      (0.00 per sec.)
    reconnects:                          0      (0.00 per sec.)

Throughput:
    events/s (eps):                      1051575.3260
    time elapsed:                        630.0162s
    total number of events:              662509422

Latency (ms):
         min:                                    0.03
         avg:                                    0.04
         max:                                    8.06
         95th percentile:                        0.04
         sum:                             25027400.64

Threads fairness:
    events (avg/stddev):           16562714.1000/148038.61
    execution time (avg/stddev):   625.6850/0.07

