LUA_PATH=/home/mdcallag/git/mytools/bench/sysbench.lua/lua/?.lua /home/mdcallag/git/mytools/bench/sysbench.lua/lua/sysbench --db-driver=pgsql --range-size=100 --table-size=10000000 --tables=8 --threads=40 --events=0 --warmup-time=5 --time=630 --pgsql_conn_id=true /home/mdcallag/git/mytools/bench/sysbench.lua/lua/oltp_range_covered.lua run --pgsql-user=root --pgsql-password=pw --pgsql-host=127.0.0.1 --pgsql-db=ib --rand-type=uniform --random-points=100 --skip-trx --on-id=false --covered=false
48 CPUs
sysbench 1.1.0-9072687 (using bundled LuaJIT 2.1.0-beta3)

Running the test with following options:
Number of threads: 40
Warmup time: 5s
Initializing random number generator from current time


Initializing worker threads...

explain: for range-notcovered :: explain SELECT k, c FROM sbtest%d WHERE k BETWEEN 3311464 AND 3311564
explain: for range-notcovered :: explain SELECT k, c FROM sbtest%d WHERE k BETWEEN 7156597 AND 7156697
explain: for range-notcovered :: explain SELECT k, c FROM sbtest%d WHERE k BETWEEN 7223023 AND 7223123
explain: for range-notcovered :: explain SELECT k, c FROM sbtest%d WHERE k BETWEEN 8174023 AND 8174123
for range-notcovered
table 1 : explain SELECT k, c FROM sbtest1 WHERE k BETWEEN 3311464 AND 3311564
	Bitmap Heap Scan on sbtest1  (cost=5.48..409.07 rows=102 width=125)
	  Recheck Cond: ((k >= 3311464) AND (k <= 3311564))
	  ->  Bitmap Index Scan on k_1  (cost=0.00..5.45 rows=102 width=0)
	        Index Cond: ((k >= 3311464) AND (k <= 3311564))

table 2 : explain SELECT k, c FROM sbtest2 WHERE k BETWEEN 3311464 AND 3311564
	Bitmap Heap Scan on sbtest2  (cost=5.51..420.88 rows=105 width=125)
	  Recheck Cond: ((k >= 3311464) AND (k <= 3311564))
	  ->  Bitmap Index Scan on k_2  (cost=0.00..5.48 rows=105 width=0)
	        Index Cond: ((k >= 3311464) AND (k <= 3311564))

table 3 : explain SELECT k, c FROM sbtest3 WHERE k BETWEEN 3311464 AND 3311564
	Bitmap Heap Scan on sbtest3  (cost=5.45..397.25 rows=99 width=125)
	  Recheck Cond: ((k >= 3311464) AND (k <= 3311564))
	  ->  Bitmap Index Scan on k_3  (cost=0.00..5.42 rows=99 width=0)
	        Index Cond: ((k >= 3311464) AND (k <= 3311564))

table 4 : explain SELECT k, c FROM sbtest4 WHERE k BETWEEN 3311464 AND 3311564
	Bitmap Heap Scan on sbtest4  (cost=5.51..420.88 rows=105 width=125)
	  Recheck Cond: ((k >= 3311464) AND (k <= 3311564))
	  ->  Bitmap Index Scan on k_4  (cost=0.00..5.48 rows=105 width=0)
	        Index Cond: ((k >= 3311464) AND (k <= 3311564))

table 5 : explain SELECT k, c FROM sbtest5 WHERE k BETWEEN 3311464 AND 3311564
	Bitmap Heap Scan on sbtest5  (cost=5.49..413.00 rows=103 width=125)
	  Recheck Cond: ((k >= 3311464) AND (k <= 3311564))
	  ->  Bitmap Index Scan on k_5  (cost=0.00..5.46 rows=103 width=0)
	        Index Cond: ((k >= 3311464) AND (k <= 3311564))

table 6 : explain SELECT k, c FROM sbtest6 WHERE k BETWEEN 3311464 AND 3311564
	Bitmap Heap Scan on sbtest6  (cost=5.36..361.78 rows=90 width=125)
	  Recheck Cond: ((k >= 3311464) AND (k <= 3311564))
	  ->  Bitmap Index Scan on k_6  (cost=0.00..5.33 rows=90 width=0)
	        Index Cond: ((k >= 3311464) AND (k <= 3311564))

table 7 : explain SELECT k, c FROM sbtest7 WHERE k BETWEEN 3311464 AND 3311564
	Bitmap Heap Scan on sbtest7  (cost=5.42..385.43 rows=96 width=125)
	  Recheck Cond: ((k >= 3311464) AND (k <= 3311564))
	  ->  Bitmap Index Scan on k_7  (cost=0.00..5.39 rows=96 width=0)
	        Index Cond: ((k >= 3311464) AND (k <= 3311564))

table 8 : explain SELECT k, c FROM sbtest8 WHERE k BETWEEN 3311464 AND 3311564
	Bitmap Heap Scan on sbtest8  (cost=5.46..401.19 rows=100 width=125)
	  Recheck Cond: ((k >= 3311464) AND (k <= 3311564))
	  ->  Bitmap Index Scan on k_8  (cost=0.00..5.43 rows=100 width=0)
	        Index Cond: ((k >= 3311464) AND (k <= 3311564))

explain: for range-notcovered :: explain SELECT k, c FROM sbtest%d WHERE k BETWEEN 4251088 AND 4251188
explain: for range-notcovered :: explain SELECT k, c FROM sbtest%d WHERE k BETWEEN 3311464 AND 3311564
for range-notcovered
table 1 : explain SELECT k, c FROM sbtest1 WHERE k BETWEEN 3311464 AND 3311564
	Bitmap Heap Scan on sbtest1  (cost=5.48..409.07 rows=102 width=125)
	  Recheck Cond: ((k >= 3311464) AND (k <= 3311564))
	  ->  Bitmap Index Scan on k_1  (cost=0.00..5.45 rows=102 width=0)
	        Index Cond: ((k >= 3311464) AND (k <= 3311564))

table 2 : explain SELECT k, c FROM sbtest2 WHERE k BETWEEN 3311464 AND 3311564
	Bitmap Heap Scan on sbtest2  (cost=5.51..420.88 rows=105 width=125)
	  Recheck Cond: ((k >= 3311464) AND (k <= 3311564))
	  ->  Bitmap Index Scan on k_2  (cost=0.00..5.48 rows=105 width=0)
	        Index Cond: ((k >= 3311464) AND (k <= 3311564))

table 3 : explain SELECT k, c FROM sbtest3 WHERE k BETWEEN 3311464 AND 3311564
	Bitmap Heap Scan on sbtest3  (cost=5.45..397.25 rows=99 width=125)
	  Recheck Cond: ((k >= 3311464) AND (k <= 3311564))
	  ->  Bitmap Index Scan on k_3  (cost=0.00..5.42 rows=99 width=0)
	        Index Cond: ((k >= 3311464) AND (k <= 3311564))

table 4 : explain SELECT k, c FROM sbtest4 WHERE k BETWEEN 3311464 AND 3311564
	Bitmap Heap Scan on sbtest4  (cost=5.51..420.88 rows=105 width=125)
	  Recheck Cond: ((k >= 3311464) AND (k <= 3311564))
	  ->  Bitmap Index Scan on k_4  (cost=0.00..5.48 rows=105 width=0)
	        Index Cond: ((k >= 3311464) AND (k <= 3311564))

table 5 : explain SELECT k, c FROM sbtest5 WHERE k BETWEEN 3311464 AND 3311564
	Bitmap Heap Scan on sbtest5  (cost=5.49..413.00 rows=103 width=125)
	  Recheck Cond: ((k >= 3311464) AND (k <= 3311564))
	  ->  Bitmap Index Scan on k_5  (cost=0.00..5.46 rows=103 width=0)
	        Index Cond: ((k >= 3311464) AND (k <= 3311564))

table 6 : explain SELECT k, c FROM sbtest6 WHERE k BETWEEN 3311464 AND 3311564
	Bitmap Heap Scan on sbtest6  (cost=5.36..361.78 rows=90 width=125)
	  Recheck Cond: ((k >= 3311464) AND (k <= 3311564))
	  ->  Bitmap Index Scan on k_6  (cost=0.00..5.33 rows=90 width=0)
	        Index Cond: ((k >= 3311464) AND (k <= 3311564))

table 7 : explain SELECT k, c FROM sbtest7 WHERE k BETWEEN 3311464 AND 3311564
	Bitmap Heap Scan on sbtest7  (cost=5.42..385.43 rows=96 width=125)
	  Recheck Cond: ((k >= 3311464) AND (k <= 3311564))
	  ->  Bitmap Index Scan on k_7  (cost=0.00..5.39 rows=96 width=0)
	        Index Cond: ((k >= 3311464) AND (k <= 3311564))

table 8 : explain SELECT k, c FROM sbtest8 WHERE k BETWEEN 3311464 AND 3311564
	Bitmap Heap Scan on sbtest8  (cost=5.46..401.19 rows=100 width=125)
	  Recheck Cond: ((k >= 3311464) AND (k <= 3311564))
	  ->  Bitmap Index Scan on k_8  (cost=0.00..5.43 rows=100 width=0)
	        Index Cond: ((k >= 3311464) AND (k <= 3311564))

explain: for range-notcovered :: explain SELECT k, c FROM sbtest%d WHERE k BETWEEN 3311464 AND 3311564
for range-notcovered
table 1 : explain SELECT k, c FROM sbtest1 WHERE k BETWEEN 7156597 AND 7156697
	Bitmap Heap Scan on sbtest1  (cost=5.45..397.25 rows=99 width=125)
	  Recheck Cond: ((k >= 7156597) AND (k <= 7156697))
	  ->  Bitmap Index Scan on k_1  (cost=0.00..5.42 rows=99 width=0)
	        Index Cond: ((k >= 7156597) AND (k <= 7156697))

table 2 : explain SELECT k, c FROM sbtest2 WHERE k BETWEEN 7156597 AND 7156697
	Bitmap Heap Scan on sbtest2  (cost=5.49..413.00 rows=103 width=125)
	  Recheck Cond: ((k >= 7156597) AND (k <= 7156697))
	  ->  Bitmap Index Scan on k_2  (cost=0.00..5.46 rows=103 width=0)
	        Index Cond: ((k >= 7156597) AND (k <= 7156697))

table 3 : explain SELECT k, c FROM sbtest3 WHERE k BETWEEN 7156597 AND 7156697
	Bitmap Heap Scan on sbtest3  (cost=5.55..436.62 rows=109 width=125)
	  Recheck Cond: ((k >= 7156597) AND (k <= 7156697))
	  ->  Bitmap Index Scan on k_3  (cost=0.00..5.52 rows=109 width=0)
	        Index Cond: ((k >= 7156597) AND (k <= 7156697))

table 4 : explain SELECT k, c FROM sbtest4 WHERE k BETWEEN 7156597 AND 7156697
	Bitmap Heap Scan on sbtest4  (cost=5.42..385.43 rows=96 width=125)
	  Recheck Cond: ((k >= 7156597) AND (k <= 7156697))
	  ->  Bitmap Index Scan on k_4  (cost=0.00..5.39 rows=96 width=0)
	        Index Cond: ((k >= 7156597) AND (k <= 7156697))

table 5 : explain SELECT k, c FROM sbtest5 WHERE k BETWEEN 7156597 AND 7156697
	Bitmap Heap Scan on sbtest5  (cost=5.49..413.00 rows=103 width=125)
	  Recheck Cond: ((k >= 7156597) AND (k <= 7156697))
	  ->  Bitmap Index Scan on k_5  (cost=0.00..5.46 rows=103 width=0)
	        Index Cond: ((k >= 7156597) AND (k <= 7156697))

table 6 : explain SELECT k, c FROM sbtest6 WHERE k BETWEEN 7156597 AND 7156697
	Bitmap Heap Scan on sbtest6  (cost=5.49..413.00 rows=103 width=125)
	  Recheck Cond: ((k >= 7156597) AND (k <= 7156697))
	  ->  Bitmap Index Scan on k_6  (cost=0.00..5.46 rows=103 width=0)
	        Index Cond: ((k >= 7156597) AND (k <= 7156697))

table 7 : explain SELECT k, c FROM sbtest7 WHERE k BETWEEN 7156597 AND 7156697
	Bitmap Heap Scan on sbtest7  (cost=5.51..420.88 rows=105 width=125)
	  Recheck Cond: ((k >= 7156597) AND (k <= 7156697))
	  ->  Bitmap Index Scan on k_7  (cost=0.00..5.48 rows=105 width=0)
	        Index Cond: ((k >= 7156597) AND (k <= 7156697))

table 8 : explain SELECT k, c FROM sbtest8 WHERE k BETWEEN 7156597 AND 7156697
	Bitmap Heap Scan on sbtest8  (cost=5.46..401.19 rows=100 width=125)
	  Recheck Cond: ((k >= 7156597) AND (k <= 7156697))
	  ->  Bitmap Index Scan on k_8  (cost=0.00..5.43 rows=100 width=0)
	        Index Cond: ((k >= 7156597) AND (k <= 7156697))

explain: for range-notcovered :: explain SELECT k, c FROM sbtest%d WHERE k BETWEEN 7156597 AND 7156697
for range-notcovered
table 1 : explain SELECT k, c FROM sbtest1 WHERE k BETWEEN 3311464 AND 3311564
	Bitmap Heap Scan on sbtest1  (cost=5.48..409.07 rows=102 width=125)
	  Recheck Cond: ((k >= 3311464) AND (k <= 3311564))
	  ->  Bitmap Index Scan on k_1  (cost=0.00..5.45 rows=102 width=0)
	        Index Cond: ((k >= 3311464) AND (k <= 3311564))

table 2 : explain SELECT k, c FROM sbtest2 WHERE k BETWEEN 3311464 AND 3311564
	Bitmap Heap Scan on sbtest2  (cost=5.51..420.88 rows=105 width=125)
	  Recheck Cond: ((k >= 3311464) AND (k <= 3311564))
	  ->  Bitmap Index Scan on k_2  (cost=0.00..5.48 rows=105 width=0)
	        Index Cond: ((k >= 3311464) AND (k <= 3311564))

table 3 : explain SELECT k, c FROM sbtest3 WHERE k BETWEEN 3311464 AND 3311564
	Bitmap Heap Scan on sbtest3  (cost=5.45..397.25 rows=99 width=125)
	  Recheck Cond: ((k >= 3311464) AND (k <= 3311564))
	  ->  Bitmap Index Scan on k_3  (cost=0.00..5.42 rows=99 width=0)
	        Index Cond: ((k >= 3311464) AND (k <= 3311564))

table 4 : explain SELECT k, c FROM sbtest4 WHERE k BETWEEN 3311464 AND 3311564
	Bitmap Heap Scan on sbtest4  (cost=5.51..420.88 rows=105 width=125)
	  Recheck Cond: ((k >= 3311464) AND (k <= 3311564))
	  ->  Bitmap Index Scan on k_4  (cost=0.00..5.48 rows=105 width=0)
	        Index Cond: ((k >= 3311464) AND (k <= 3311564))

table 5 : explain SELECT k, c FROM sbtest5 WHERE k BETWEEN 3311464 AND 3311564
	Bitmap Heap Scan on sbtest5  (cost=5.49..413.00 rows=103 width=125)
	  Recheck Cond: ((k >= 3311464) AND (k <= 3311564))
	  ->  Bitmap Index Scan on k_5  (cost=0.00..5.46 rows=103 width=0)
	        Index Cond: ((k >= 3311464) AND (k <= 3311564))

table 6 : explain SELECT k, c FROM sbtest6 WHERE k BETWEEN 3311464 AND 3311564
	Bitmap Heap Scan on sbtest6  (cost=5.36..361.78 rows=90 width=125)
	  Recheck Cond: ((k >= 3311464) AND (k <= 3311564))
	  ->  Bitmap Index Scan on k_6  (cost=0.00..5.33 rows=90 width=0)
	        Index Cond: ((k >= 3311464) AND (k <= 3311564))

table 7 : explain SELECT k, c FROM sbtest7 WHERE k BETWEEN 3311464 AND 3311564
	Bitmap Heap Scan on sbtest7  (cost=5.42..385.43 rows=96 width=125)
	  Recheck Cond: ((k >= 3311464) AND (k <= 3311564))
	  ->  Bitmap Index Scan on k_7  (cost=0.00..5.39 rows=96 width=0)
	        Index Cond: ((k >= 3311464) AND (k <= 3311564))

table 8 : explain SELECT k, c FROM sbtest8 WHERE k BETWEEN 3311464 AND 3311564
	Bitmap Heap Scan on sbtest8  (cost=5.46..401.19 rows=100 width=125)
	  Recheck Cond: ((k >= 3311464) AND (k <= 3311564))
	  ->  Bitmap Index Scan on k_8  (cost=0.00..5.43 rows=100 width=0)
	        Index Cond: ((k >= 3311464) AND (k <= 3311564))

explain: for range-notcovered :: explain SELECT k, c FROM sbtest%d WHERE k BETWEEN 3311464 AND 3311564
for range-notcovered
table 1 : explain SELECT k, c FROM sbtest1 WHERE k BETWEEN 7223023 AND 7223123
	Bitmap Heap Scan on sbtest1  (cost=5.50..416.94 rows=104 width=125)
	  Recheck Cond: ((k >= 7223023) AND (k <= 7223123))
	  ->  Bitmap Index Scan on k_1  (cost=0.00..5.47 rows=104 width=0)
	        Index Cond: ((k >= 7223023) AND (k <= 7223123))

table 2 : explain SELECT k, c FROM sbtest2 WHERE k BETWEEN 7223023 AND 7223123
	Bitmap Heap Scan on sbtest2  (cost=5.46..401.19 rows=100 width=125)
	  Recheck Cond: ((k >= 7223023) AND (k <= 7223123))
	  ->  Bitmap Index Scan on k_2  (cost=0.00..5.43 rows=100 width=0)
	        Index Cond: ((k >= 7223023) AND (k <= 7223123))

table 3 : explain SELECT k, c FROM sbtest3 WHERE k BETWEEN 7223023 AND 7223123
	Bitmap Heap Scan on sbtest3  (cost=5.40..377.55 rows=94 width=125)
	  Recheck Cond: ((k >= 7223023) AND (k <= 7223123))
	  ->  Bitmap Index Scan on k_3  (cost=0.00..5.38 rows=94 width=0)
	        Index Cond: ((k >= 7223023) AND (k <= 7223123))

table 4 : explain SELECT k, c FROM sbtest4 WHERE k BETWEEN 7223023 AND 7223123
	Bitmap Heap Scan on sbtest4  (cost=5.48..409.07 rows=102 width=125)
	  Recheck Cond: ((k >= 7223023) AND (k <= 7223123))
	  ->  Bitmap Index Scan on k_4  (cost=0.00..5.45 rows=102 width=0)
	        Index Cond: ((k >= 7223023) AND (k <= 7223123))

table 5 : explain SELECT k, c FROM sbtest5 WHERE k BETWEEN 7223023 AND 7223123
	Bitmap Heap Scan on sbtest5  (cost=5.50..416.94 rows=104 width=125)
	  Recheck Cond: ((k >= 7223023) AND (k <= 7223123))
	  ->  Bitmap Index Scan on k_5  (cost=0.00..5.47 rows=104 width=0)
	        Index Cond: ((k >= 7223023) AND (k <= 7223123))

table 6 : explain SELECT k, c FROM sbtest6 WHERE k BETWEEN 7223023 AND 7223123
	Bitmap Heap Scan on sbtest6  (cost=5.41..381.49 rows=95 width=125)
	  Recheck Cond: ((k >= 7223023) AND (k <= 7223123))
	  ->  Bitmap Index Scan on k_6  (cost=0.00..5.38 rows=95 width=0)
	        Index Cond: ((k >= 7223023) AND (k <= 7223123))

table 7 : explain SELECT k, c FROM sbtest7 WHERE k BETWEEN 7223023 AND 7223123
	Bitmap Heap Scan on sbtest7  (cost=5.51..420.88 rows=105 width=125)
	  Recheck Cond: ((k >= 7223023) AND (k <= 7223123))
	  ->  Bitmap Index Scan on k_7  (cost=0.00..5.48 rows=105 width=0)
	        Index Cond: ((k >= 7223023) AND (k <= 7223123))

table 8 : explain SELECT k, c FROM sbtest8 WHERE k BETWEEN 7223023 AND 7223123
	Bitmap Heap Scan on sbtest8  (cost=5.46..401.19 rows=100 width=125)
	  Recheck Cond: ((k >= 7223023) AND (k <= 7223123))
	  ->  Bitmap Index Scan on k_8  (cost=0.00..5.43 rows=100 width=0)
	        Index Cond: ((k >= 7223023) AND (k <= 7223123))

explain: for range-notcovered :: explain SELECT k, c FROM sbtest%d WHERE k BETWEEN 7223023 AND 7223123
for range-notcovered
table 1 : explain SELECT k, c FROM sbtest1 WHERE k BETWEEN 7156597 AND 7156697
	Bitmap Heap Scan on sbtest1  (cost=5.45..397.25 rows=99 width=125)
	  Recheck Cond: ((k >= 7156597) AND (k <= 7156697))
	  ->  Bitmap Index Scan on k_1  (cost=0.00..5.42 rows=99 width=0)
	        Index Cond: ((k >= 7156597) AND (k <= 7156697))

table 2 : explain SELECT k, c FROM sbtest2 WHERE k BETWEEN 7156597 AND 7156697
	Bitmap Heap Scan on sbtest2  (cost=5.49..413.00 rows=103 width=125)
	  Recheck Cond: ((k >= 7156597) AND (k <= 7156697))
	  ->  Bitmap Index Scan on k_2  (cost=0.00..5.46 rows=103 width=0)
	        Index Cond: ((k >= 7156597) AND (k <= 7156697))

table 3 : explain SELECT k, c FROM sbtest3 WHERE k BETWEEN 7156597 AND 7156697
	Bitmap Heap Scan on sbtest3  (cost=5.55..436.62 rows=109 width=125)
	  Recheck Cond: ((k >= 7156597) AND (k <= 7156697))
	  ->  Bitmap Index Scan on k_3  (cost=0.00..5.52 rows=109 width=0)
	        Index Cond: ((k >= 7156597) AND (k <= 7156697))

table 4 : explain SELECT k, c FROM sbtest4 WHERE k BETWEEN 7156597 AND 7156697
	Bitmap Heap Scan on sbtest4  (cost=5.42..385.43 rows=96 width=125)
	  Recheck Cond: ((k >= 7156597) AND (k <= 7156697))
	  ->  Bitmap Index Scan on k_4  (cost=0.00..5.39 rows=96 width=0)
	        Index Cond: ((k >= 7156597) AND (k <= 7156697))

table 5 : explain SELECT k, c FROM sbtest5 WHERE k BETWEEN 7156597 AND 7156697
	Bitmap Heap Scan on sbtest5  (cost=5.49..413.00 rows=103 width=125)
	  Recheck Cond: ((k >= 7156597) AND (k <= 7156697))
	  ->  Bitmap Index Scan on k_5  (cost=0.00..5.46 rows=103 width=0)
	        Index Cond: ((k >= 7156597) AND (k <= 7156697))

table 6 : explain SELECT k, c FROM sbtest6 WHERE k BETWEEN 7156597 AND 7156697
	Bitmap Heap Scan on sbtest6  (cost=5.49..413.00 rows=103 width=125)
	  Recheck Cond: ((k >= 7156597) AND (k <= 7156697))
	  ->  Bitmap Index Scan on k_6  (cost=0.00..5.46 rows=103 width=0)
	        Index Cond: ((k >= 7156597) AND (k <= 7156697))

table 7 : explain SELECT k, c FROM sbtest7 WHERE k BETWEEN 7156597 AND 7156697
	Bitmap Heap Scan on sbtest7  (cost=5.51..420.88 rows=105 width=125)
	  Recheck Cond: ((k >= 7156597) AND (k <= 7156697))
	  ->  Bitmap Index Scan on k_7  (cost=0.00..5.48 rows=105 width=0)
	        Index Cond: ((k >= 7156597) AND (k <= 7156697))

table 8 : explain SELECT k, c FROM sbtest8 WHERE k BETWEEN 7156597 AND 7156697
	Bitmap Heap Scan on sbtest8  (cost=5.46..401.19 rows=100 width=125)
	  Recheck Cond: ((k >= 7156597) AND (k <= 7156697))
	  ->  Bitmap Index Scan on k_8  (cost=0.00..5.43 rows=100 width=0)
	        Index Cond: ((k >= 7156597) AND (k <= 7156697))

explain: for range-notcovered :: explain SELECT k, c FROM sbtest%d WHERE k BETWEEN 7156597 AND 7156697
explain: for range-notcovered :: explain SELECT k, c FROM sbtest%d WHERE k BETWEEN 8139180 AND 8139280
for range-notcovered
table 1 : explain SELECT k, c FROM sbtest1 WHERE k BETWEEN 3311464 AND 3311564
	Bitmap Heap Scan on sbtest1  (cost=5.48..409.07 rows=102 width=125)
	  Recheck Cond: ((k >= 3311464) AND (k <= 3311564))
	  ->  Bitmap Index Scan on k_1  (cost=0.00..5.45 rows=102 width=0)
	        Index Cond: ((k >= 3311464) AND (k <= 3311564))

table 2 : explain SELECT k, c FROM sbtest2 WHERE k BETWEEN 3311464 AND 3311564
	Bitmap Heap Scan on sbtest2  (cost=5.51..420.88 rows=105 width=125)
	  Recheck Cond: ((k >= 3311464) AND (k <= 3311564))
	  ->  Bitmap Index Scan on k_2  (cost=0.00..5.48 rows=105 width=0)
	        Index Cond: ((k >= 3311464) AND (k <= 3311564))

table 3 : explain SELECT k, c FROM sbtest3 WHERE k BETWEEN 3311464 AND 3311564
	Bitmap Heap Scan on sbtest3  (cost=5.45..397.25 rows=99 width=125)
	  Recheck Cond: ((k >= 3311464) AND (k <= 3311564))
	  ->  Bitmap Index Scan on k_3  (cost=0.00..5.42 rows=99 width=0)
	        Index Cond: ((k >= 3311464) AND (k <= 3311564))

table 4 : explain SELECT k, c FROM sbtest4 WHERE k BETWEEN 3311464 AND 3311564
	Bitmap Heap Scan on sbtest4  (cost=5.51..420.88 rows=105 width=125)
	  Recheck Cond: ((k >= 3311464) AND (k <= 3311564))
	  ->  Bitmap Index Scan on k_4  (cost=0.00..5.48 rows=105 width=0)
	        Index Cond: ((k >= 3311464) AND (k <= 3311564))

table 5 : explain SELECT k, c FROM sbtest5 WHERE k BETWEEN 3311464 AND 3311564
	Bitmap Heap Scan on sbtest5  (cost=5.49..413.00 rows=103 width=125)
	  Recheck Cond: ((k >= 3311464) AND (k <= 3311564))
	  ->  Bitmap Index Scan on k_5  (cost=0.00..5.46 rows=103 width=0)
	        Index Cond: ((k >= 3311464) AND (k <= 3311564))

table 6 : explain SELECT k, c FROM sbtest6 WHERE k BETWEEN 3311464 AND 3311564
	Bitmap Heap Scan on sbtest6  (cost=5.36..361.78 rows=90 width=125)
	  Recheck Cond: ((k >= 3311464) AND (k <= 3311564))
	  ->  Bitmap Index Scan on k_6  (cost=0.00..5.33 rows=90 width=0)
	        Index Cond: ((k >= 3311464) AND (k <= 3311564))

table 7 : explain SELECT k, c FROM sbtest7 WHERE k BETWEEN 3311464 AND 3311564
	Bitmap Heap Scan on sbtest7  (cost=5.42..385.43 rows=96 width=125)
	  Recheck Cond: ((k >= 3311464) AND (k <= 3311564))
	  ->  Bitmap Index Scan on k_7  (cost=0.00..5.39 rows=96 width=0)
	        Index Cond: ((k >= 3311464) AND (k <= 3311564))

table 8 : explain SELECT k, c FROM sbtest8 WHERE k BETWEEN 3311464 AND 3311564
	Bitmap Heap Scan on sbtest8  (cost=5.46..401.19 rows=100 width=125)
	  Recheck Cond: ((k >= 3311464) AND (k <= 3311564))
	  ->  Bitmap Index Scan on k_8  (cost=0.00..5.43 rows=100 width=0)
	        Index Cond: ((k >= 3311464) AND (k <= 3311564))

explain: for range-notcovered :: explain SELECT k, c FROM sbtest%d WHERE k BETWEEN 3311464 AND 3311564
for range-notcovered
table 1 : explain SELECT k, c FROM sbtest1 WHERE k BETWEEN 7223023 AND 7223123
	Bitmap Heap Scan on sbtest1  (cost=5.50..416.94 rows=104 width=125)
	  Recheck Cond: ((k >= 7223023) AND (k <= 7223123))
	  ->  Bitmap Index Scan on k_1  (cost=0.00..5.47 rows=104 width=0)
	        Index Cond: ((k >= 7223023) AND (k <= 7223123))

table 2 : explain SELECT k, c FROM sbtest2 WHERE k BETWEEN 7223023 AND 7223123
	Bitmap Heap Scan on sbtest2  (cost=5.46..401.19 rows=100 width=125)
	  Recheck Cond: ((k >= 7223023) AND (k <= 7223123))
	  ->  Bitmap Index Scan on k_2  (cost=0.00..5.43 rows=100 width=0)
	        Index Cond: ((k >= 7223023) AND (k <= 7223123))

table 3 : explain SELECT k, c FROM sbtest3 WHERE k BETWEEN 7223023 AND 7223123
	Bitmap Heap Scan on sbtest3  (cost=5.40..377.55 rows=94 width=125)
	  Recheck Cond: ((k >= 7223023) AND (k <= 7223123))
	  ->  Bitmap Index Scan on k_3  (cost=0.00..5.38 rows=94 width=0)
	        Index Cond: ((k >= 7223023) AND (k <= 7223123))

table 4 : explain SELECT k, c FROM sbtest4 WHERE k BETWEEN 7223023 AND 7223123
	Bitmap Heap Scan on sbtest4  (cost=5.48..409.07 rows=102 width=125)
	  Recheck Cond: ((k >= 7223023) AND (k <= 7223123))
	  ->  Bitmap Index Scan on k_4  (cost=0.00..5.45 rows=102 width=0)
	        Index Cond: ((k >= 7223023) AND (k <= 7223123))

table 5 : explain SELECT k, c FROM sbtest5 WHERE k BETWEEN 7223023 AND 7223123
	Bitmap Heap Scan on sbtest5  (cost=5.50..416.94 rows=104 width=125)
	  Recheck Cond: ((k >= 7223023) AND (k <= 7223123))
	  ->  Bitmap Index Scan on k_5  (cost=0.00..5.47 rows=104 width=0)
	        Index Cond: ((k >= 7223023) AND (k <= 7223123))

table 6 : explain SELECT k, c FROM sbtest6 WHERE k BETWEEN 7223023 AND 7223123
	Bitmap Heap Scan on sbtest6  (cost=5.41..381.49 rows=95 width=125)
	  Recheck Cond: ((k >= 7223023) AND (k <= 7223123))
	  ->  Bitmap Index Scan on k_6  (cost=0.00..5.38 rows=95 width=0)
	        Index Cond: ((k >= 7223023) AND (k <= 7223123))

table 7 : explain SELECT k, c FROM sbtest7 WHERE k BETWEEN 7223023 AND 7223123
	Bitmap Heap Scan on sbtest7  (cost=5.51..420.88 rows=105 width=125)
	  Recheck Cond: ((k >= 7223023) AND (k <= 7223123))
	  ->  Bitmap Index Scan on k_7  (cost=0.00..5.48 rows=105 width=0)
	        Index Cond: ((k >= 7223023) AND (k <= 7223123))

table 8 : explain SELECT k, c FROM sbtest8 WHERE k BETWEEN 7223023 AND 7223123
	Bitmap Heap Scan on sbtest8  (cost=5.46..401.19 rows=100 width=125)
	  Recheck Cond: ((k >= 7223023) AND (k <= 7223123))
	  ->  Bitmap Index Scan on k_8  (cost=0.00..5.43 rows=100 width=0)
	        Index Cond: ((k >= 7223023) AND (k <= 7223123))

explain: for range-notcovered :: explain SELECT k, c FROM sbtest%d WHERE k BETWEEN 7223023 AND 7223123
for range-notcovered
table 1 : explain SELECT k, c FROM sbtest1 WHERE k BETWEEN 8174023 AND 8174123
	Bitmap Heap Scan on sbtest1  (cost=5.59..452.36 rows=113 width=125)
	  Recheck Cond: ((k >= 8174023) AND (k <= 8174123))
	  ->  Bitmap Index Scan on k_1  (cost=0.00..5.56 rows=113 width=0)
	        Index Cond: ((k >= 8174023) AND (k <= 8174123))

table 2 : explain SELECT k, c FROM sbtest2 WHERE k BETWEEN 8174023 AND 8174123
	Bitmap Heap Scan on sbtest2  (cost=5.50..416.94 rows=104 width=125)
	  Recheck Cond: ((k >= 8174023) AND (k <= 8174123))
	  ->  Bitmap Index Scan on k_2  (cost=0.00..5.47 rows=104 width=0)
	        Index Cond: ((k >= 8174023) AND (k <= 8174123))

table 3 : explain SELECT k, c FROM sbtest3 WHERE k BETWEEN 8174023 AND 8174123
	Bitmap Heap Scan on sbtest3  (cost=5.51..420.88 rows=105 width=125)
	  Recheck Cond: ((k >= 8174023) AND (k <= 8174123))
	  ->  Bitmap Index Scan on k_3  (cost=0.00..5.48 rows=105 width=0)
	        Index Cond: ((k >= 8174023) AND (k <= 8174123))

table 4 : explain SELECT k, c FROM sbtest4 WHERE k BETWEEN 8174023 AND 8174123
	Bitmap Heap Scan on sbtest4  (cost=5.46..401.19 rows=100 width=125)
	  Recheck Cond: ((k >= 8174023) AND (k <= 8174123))
	  ->  Bitmap Index Scan on k_4  (cost=0.00..5.43 rows=100 width=0)
	        Index Cond: ((k >= 8174023) AND (k <= 8174123))

table 5 : explain SELECT k, c FROM sbtest5 WHERE k BETWEEN 8174023 AND 8174123
	Bitmap Heap Scan on sbtest5  (cost=5.54..432.69 rows=108 width=125)
	  Recheck Cond: ((k >= 8174023) AND (k <= 8174123))
	  ->  Bitmap Index Scan on k_5  (cost=0.00..5.51 rows=108 width=0)
	        Index Cond: ((k >= 8174023) AND (k <= 8174123))

table 6 : explain SELECT k, c FROM sbtest6 WHERE k BETWEEN 8174023 AND 8174123
	Bitmap Heap Scan on sbtest6  (cost=5.49..413.00 rows=103 width=125)
	  Recheck Cond: ((k >= 8174023) AND (k <= 8174123))
	  ->  Bitmap Index Scan on k_6  (cost=0.00..5.46 rows=103 width=0)
	        Index Cond: ((k >= 8174023) AND (k <= 8174123))

table 7 : explain SELECT k, c FROM sbtest7 WHERE k BETWEEN 8174023 AND 8174123
	Bitmap Heap Scan on sbtest7  (cost=5.50..416.94 rows=104 width=125)
	  Recheck Cond: ((k >= 8174023) AND (k <= 8174123))
	  ->  Bitmap Index Scan on k_7  (cost=0.00..5.47 rows=104 width=0)
	        Index Cond: ((k >= 8174023) AND (k <= 8174123))

table 8 : explain SELECT k, c FROM sbtest8 WHERE k BETWEEN 8174023 AND 8174123
	Bitmap Heap Scan on sbtest8  (cost=5.41..381.49 rows=95 width=125)
	  Recheck Cond: ((k >= 8174023) AND (k <= 8174123))
	  ->  Bitmap Index Scan on k_8  (cost=0.00..5.38 rows=95 width=0)
	        Index Cond: ((k >= 8174023) AND (k <= 8174123))

explain: for range-notcovered :: explain SELECT k, c FROM sbtest%d WHERE k BETWEEN 8174023 AND 8174123
for range-notcovered
table 1 : explain SELECT k, c FROM sbtest1 WHERE k BETWEEN 7156597 AND 7156697
	Bitmap Heap Scan on sbtest1  (cost=5.45..397.25 rows=99 width=125)
	  Recheck Cond: ((k >= 7156597) AND (k <= 7156697))
	  ->  Bitmap Index Scan on k_1  (cost=0.00..5.42 rows=99 width=0)
	        Index Cond: ((k >= 7156597) AND (k <= 7156697))

table 2 : explain SELECT k, c FROM sbtest2 WHERE k BETWEEN 7156597 AND 7156697
	Bitmap Heap Scan on sbtest2  (cost=5.49..413.00 rows=103 width=125)
	  Recheck Cond: ((k >= 7156597) AND (k <= 7156697))
	  ->  Bitmap Index Scan on k_2  (cost=0.00..5.46 rows=103 width=0)
	        Index Cond: ((k >= 7156597) AND (k <= 7156697))

table 3 : explain SELECT k, c FROM sbtest3 WHERE k BETWEEN 7156597 AND 7156697
	Bitmap Heap Scan on sbtest3  (cost=5.55..436.62 rows=109 width=125)
	  Recheck Cond: ((k >= 7156597) AND (k <= 7156697))
	  ->  Bitmap Index Scan on k_3  (cost=0.00..5.52 rows=109 width=0)
	        Index Cond: ((k >= 7156597) AND (k <= 7156697))

table 4 : explain SELECT k, c FROM sbtest4 WHERE k BETWEEN 7156597 AND 7156697
	Bitmap Heap Scan on sbtest4  (cost=5.42..385.43 rows=96 width=125)
	  Recheck Cond: ((k >= 7156597) AND (k <= 7156697))
	  ->  Bitmap Index Scan on k_4  (cost=0.00..5.39 rows=96 width=0)
	        Index Cond: ((k >= 7156597) AND (k <= 7156697))

table 5 : explain SELECT k, c FROM sbtest5 WHERE k BETWEEN 7156597 AND 7156697
	Bitmap Heap Scan on sbtest5  (cost=5.49..413.00 rows=103 width=125)
	  Recheck Cond: ((k >= 7156597) AND (k <= 7156697))
	  ->  Bitmap Index Scan on k_5  (cost=0.00..5.46 rows=103 width=0)
	        Index Cond: ((k >= 7156597) AND (k <= 7156697))

table 6 : explain SELECT k, c FROM sbtest6 WHERE k BETWEEN 7156597 AND 7156697
	Bitmap Heap Scan on sbtest6  (cost=5.49..413.00 rows=103 width=125)
	  Recheck Cond: ((k >= 7156597) AND (k <= 7156697))
	  ->  Bitmap Index Scan on k_6  (cost=0.00..5.46 rows=103 width=0)
	        Index Cond: ((k >= 7156597) AND (k <= 7156697))

table 7 : explain SELECT k, c FROM sbtest7 WHERE k BETWEEN 7156597 AND 7156697
	Bitmap Heap Scan on sbtest7  (cost=5.51..420.88 rows=105 width=125)
	  Recheck Cond: ((k >= 7156597) AND (k <= 7156697))
	  ->  Bitmap Index Scan on k_7  (cost=0.00..5.48 rows=105 width=0)
	        Index Cond: ((k >= 7156597) AND (k <= 7156697))

table 8 : explain SELECT k, c FROM sbtest8 WHERE k BETWEEN 7156597 AND 7156697
	Bitmap Heap Scan on sbtest8  (cost=5.46..401.19 rows=100 width=125)
	  Recheck Cond: ((k >= 7156597) AND (k <= 7156697))
	  ->  Bitmap Index Scan on k_8  (cost=0.00..5.43 rows=100 width=0)
	        Index Cond: ((k >= 7156597) AND (k <= 7156697))

explain: for range-notcovered :: explain SELECT k, c FROM sbtest%d WHERE k BETWEEN 7156597 AND 7156697
for range-notcovered
table 1 : explain SELECT k, c FROM sbtest1 WHERE k BETWEEN 3311464 AND 3311564
	Bitmap Heap Scan on sbtest1  (cost=5.48..409.07 rows=102 width=125)
	  Recheck Cond: ((k >= 3311464) AND (k <= 3311564))
	  ->  Bitmap Index Scan on k_1  (cost=0.00..5.45 rows=102 width=0)
	        Index Cond: ((k >= 3311464) AND (k <= 3311564))

table 2 : explain SELECT k, c FROM sbtest2 WHERE k BETWEEN 3311464 AND 3311564
	Bitmap Heap Scan on sbtest2  (cost=5.51..420.88 rows=105 width=125)
	  Recheck Cond: ((k >= 3311464) AND (k <= 3311564))
	  ->  Bitmap Index Scan on k_2  (cost=0.00..5.48 rows=105 width=0)
	        Index Cond: ((k >= 3311464) AND (k <= 3311564))

table 3 : explain SELECT k, c FROM sbtest3 WHERE k BETWEEN 3311464 AND 3311564
	Bitmap Heap Scan on sbtest3  (cost=5.45..397.25 rows=99 width=125)
	  Recheck Cond: ((k >= 3311464) AND (k <= 3311564))
	  ->  Bitmap Index Scan on k_3  (cost=0.00..5.42 rows=99 width=0)
	        Index Cond: ((k >= 3311464) AND (k <= 3311564))

table 4 : explain SELECT k, c FROM sbtest4 WHERE k BETWEEN 3311464 AND 3311564
	Bitmap Heap Scan on sbtest4  (cost=5.51..420.88 rows=105 width=125)
	  Recheck Cond: ((k >= 3311464) AND (k <= 3311564))
	  ->  Bitmap Index Scan on k_4  (cost=0.00..5.48 rows=105 width=0)
	        Index Cond: ((k >= 3311464) AND (k <= 3311564))

table 5 : explain SELECT k, c FROM sbtest5 WHERE k BETWEEN 3311464 AND 3311564
	Bitmap Heap Scan on sbtest5  (cost=5.49..413.00 rows=103 width=125)
	  Recheck Cond: ((k >= 3311464) AND (k <= 3311564))
	  ->  Bitmap Index Scan on k_5  (cost=0.00..5.46 rows=103 width=0)
	        Index Cond: ((k >= 3311464) AND (k <= 3311564))

table 6 : explain SELECT k, c FROM sbtest6 WHERE k BETWEEN 3311464 AND 3311564
	Bitmap Heap Scan on sbtest6  (cost=5.36..361.78 rows=90 width=125)
	  Recheck Cond: ((k >= 3311464) AND (k <= 3311564))
	  ->  Bitmap Index Scan on k_6  (cost=0.00..5.33 rows=90 width=0)
	        Index Cond: ((k >= 3311464) AND (k <= 3311564))

table 7 : explain SELECT k, c FROM sbtest7 WHERE k BETWEEN 3311464 AND 3311564
	Bitmap Heap Scan on sbtest7  (cost=5.42..385.43 rows=96 width=125)
	  Recheck Cond: ((k >= 3311464) AND (k <= 3311564))
	  ->  Bitmap Index Scan on k_7  (cost=0.00..5.39 rows=96 width=0)
	        Index Cond: ((k >= 3311464) AND (k <= 3311564))

table 8 : explain SELECT k, c FROM sbtest8 WHERE k BETWEEN 3311464 AND 3311564
	Bitmap Heap Scan on sbtest8  (cost=5.46..401.19 rows=100 width=125)
	  Recheck Cond: ((k >= 3311464) AND (k <= 3311564))
	  ->  Bitmap Index Scan on k_8  (cost=0.00..5.43 rows=100 width=0)
	        Index Cond: ((k >= 3311464) AND (k <= 3311564))

explain: for range-notcovered :: explain SELECT k, c FROM sbtest%d WHERE k BETWEEN 3311464 AND 3311564
for range-notcovered
table 1 : explain SELECT k, c FROM sbtest1 WHERE k BETWEEN 7223023 AND 7223123
	Bitmap Heap Scan on sbtest1  (cost=5.50..416.94 rows=104 width=125)
	  Recheck Cond: ((k >= 7223023) AND (k <= 7223123))
	  ->  Bitmap Index Scan on k_1  (cost=0.00..5.47 rows=104 width=0)
	        Index Cond: ((k >= 7223023) AND (k <= 7223123))

table 2 : explain SELECT k, c FROM sbtest2 WHERE k BETWEEN 7223023 AND 7223123
	Bitmap Heap Scan on sbtest2  (cost=5.46..401.19 rows=100 width=125)
	  Recheck Cond: ((k >= 7223023) AND (k <= 7223123))
	  ->  Bitmap Index Scan on k_2  (cost=0.00..5.43 rows=100 width=0)
	        Index Cond: ((k >= 7223023) AND (k <= 7223123))

table 3 : explain SELECT k, c FROM sbtest3 WHERE k BETWEEN 7223023 AND 7223123
	Bitmap Heap Scan on sbtest3  (cost=5.40..377.55 rows=94 width=125)
	  Recheck Cond: ((k >= 7223023) AND (k <= 7223123))
	  ->  Bitmap Index Scan on k_3  (cost=0.00..5.38 rows=94 width=0)
	        Index Cond: ((k >= 7223023) AND (k <= 7223123))

table 4 : explain SELECT k, c FROM sbtest4 WHERE k BETWEEN 7223023 AND 7223123
	Bitmap Heap Scan on sbtest4  (cost=5.48..409.07 rows=102 width=125)
	  Recheck Cond: ((k >= 7223023) AND (k <= 7223123))
	  ->  Bitmap Index Scan on k_4  (cost=0.00..5.45 rows=102 width=0)
	        Index Cond: ((k >= 7223023) AND (k <= 7223123))

table 5 : explain SELECT k, c FROM sbtest5 WHERE k BETWEEN 7223023 AND 7223123
	Bitmap Heap Scan on sbtest5  (cost=5.50..416.94 rows=104 width=125)
	  Recheck Cond: ((k >= 7223023) AND (k <= 7223123))
	  ->  Bitmap Index Scan on k_5  (cost=0.00..5.47 rows=104 width=0)
	        Index Cond: ((k >= 7223023) AND (k <= 7223123))

table 6 : explain SELECT k, c FROM sbtest6 WHERE k BETWEEN 7223023 AND 7223123
	Bitmap Heap Scan on sbtest6  (cost=5.41..381.49 rows=95 width=125)
	  Recheck Cond: ((k >= 7223023) AND (k <= 7223123))
	  ->  Bitmap Index Scan on k_6  (cost=0.00..5.38 rows=95 width=0)
	        Index Cond: ((k >= 7223023) AND (k <= 7223123))

table 7 : explain SELECT k, c FROM sbtest7 WHERE k BETWEEN 7223023 AND 7223123
	Bitmap Heap Scan on sbtest7  (cost=5.51..420.88 rows=105 width=125)
	  Recheck Cond: ((k >= 7223023) AND (k <= 7223123))
	  ->  Bitmap Index Scan on k_7  (cost=0.00..5.48 rows=105 width=0)
	        Index Cond: ((k >= 7223023) AND (k <= 7223123))

table 8 : explain SELECT k, c FROM sbtest8 WHERE k BETWEEN 7223023 AND 7223123
	Bitmap Heap Scan on sbtest8  (cost=5.46..401.19 rows=100 width=125)
	  Recheck Cond: ((k >= 7223023) AND (k <= 7223123))
	  ->  Bitmap Index Scan on k_8  (cost=0.00..5.43 rows=100 width=0)
	        Index Cond: ((k >= 7223023) AND (k <= 7223123))

explain: for range-notcovered :: explain SELECT k, c FROM sbtest%d WHERE k BETWEEN 7223023 AND 7223123
for range-notcovered
table 1 : explain SELECT k, c FROM sbtest1 WHERE k BETWEEN 8174023 AND 8174123
	Bitmap Heap Scan on sbtest1  (cost=5.59..452.36 rows=113 width=125)
	  Recheck Cond: ((k >= 8174023) AND (k <= 8174123))
	  ->  Bitmap Index Scan on k_1  (cost=0.00..5.56 rows=113 width=0)
	        Index Cond: ((k >= 8174023) AND (k <= 8174123))

table 2 : explain SELECT k, c FROM sbtest2 WHERE k BETWEEN 8174023 AND 8174123
	Bitmap Heap Scan on sbtest2  (cost=5.50..416.94 rows=104 width=125)
	  Recheck Cond: ((k >= 8174023) AND (k <= 8174123))
	  ->  Bitmap Index Scan on k_2  (cost=0.00..5.47 rows=104 width=0)
	        Index Cond: ((k >= 8174023) AND (k <= 8174123))

table 3 : explain SELECT k, c FROM sbtest3 WHERE k BETWEEN 8174023 AND 8174123
	Bitmap Heap Scan on sbtest3  (cost=5.51..420.88 rows=105 width=125)
	  Recheck Cond: ((k >= 8174023) AND (k <= 8174123))
	  ->  Bitmap Index Scan on k_3  (cost=0.00..5.48 rows=105 width=0)
	        Index Cond: ((k >= 8174023) AND (k <= 8174123))

table 4 : explain SELECT k, c FROM sbtest4 WHERE k BETWEEN 8174023 AND 8174123
	Bitmap Heap Scan on sbtest4  (cost=5.46..401.19 rows=100 width=125)
	  Recheck Cond: ((k >= 8174023) AND (k <= 8174123))
	  ->  Bitmap Index Scan on k_4  (cost=0.00..5.43 rows=100 width=0)
	        Index Cond: ((k >= 8174023) AND (k <= 8174123))

table 5 : explain SELECT k, c FROM sbtest5 WHERE k BETWEEN 8174023 AND 8174123
	Bitmap Heap Scan on sbtest5  (cost=5.54..432.69 rows=108 width=125)
	  Recheck Cond: ((k >= 8174023) AND (k <= 8174123))
	  ->  Bitmap Index Scan on k_5  (cost=0.00..5.51 rows=108 width=0)
	        Index Cond: ((k >= 8174023) AND (k <= 8174123))

table 6 : explain SELECT k, c FROM sbtest6 WHERE k BETWEEN 8174023 AND 8174123
	Bitmap Heap Scan on sbtest6  (cost=5.49..413.00 rows=103 width=125)
	  Recheck Cond: ((k >= 8174023) AND (k <= 8174123))
	  ->  Bitmap Index Scan on k_6  (cost=0.00..5.46 rows=103 width=0)
	        Index Cond: ((k >= 8174023) AND (k <= 8174123))

table 7 : explain SELECT k, c FROM sbtest7 WHERE k BETWEEN 8174023 AND 8174123
	Bitmap Heap Scan on sbtest7  (cost=5.50..416.94 rows=104 width=125)
	  Recheck Cond: ((k >= 8174023) AND (k <= 8174123))
	  ->  Bitmap Index Scan on k_7  (cost=0.00..5.47 rows=104 width=0)
	        Index Cond: ((k >= 8174023) AND (k <= 8174123))

table 8 : explain SELECT k, c FROM sbtest8 WHERE k BETWEEN 8174023 AND 8174123
	Bitmap Heap Scan on sbtest8  (cost=5.41..381.49 rows=95 width=125)
	  Recheck Cond: ((k >= 8174023) AND (k <= 8174123))
	  ->  Bitmap Index Scan on k_8  (cost=0.00..5.38 rows=95 width=0)
	        Index Cond: ((k >= 8174023) AND (k <= 8174123))

explain: for range-notcovered :: explain SELECT k, c FROM sbtest%d WHERE k BETWEEN 8174023 AND 8174123
for range-notcovered
table 1 : explain SELECT k, c FROM sbtest1 WHERE k BETWEEN 3311464 AND 3311564
	Bitmap Heap Scan on sbtest1  (cost=5.48..409.07 rows=102 width=125)
	  Recheck Cond: ((k >= 3311464) AND (k <= 3311564))
	  ->  Bitmap Index Scan on k_1  (cost=0.00..5.45 rows=102 width=0)
	        Index Cond: ((k >= 3311464) AND (k <= 3311564))

table 2 : explain SELECT k, c FROM sbtest2 WHERE k BETWEEN 3311464 AND 3311564
	Bitmap Heap Scan on sbtest2  (cost=5.51..420.88 rows=105 width=125)
	  Recheck Cond: ((k >= 3311464) AND (k <= 3311564))
	  ->  Bitmap Index Scan on k_2  (cost=0.00..5.48 rows=105 width=0)
	        Index Cond: ((k >= 3311464) AND (k <= 3311564))

table 3 : explain SELECT k, c FROM sbtest3 WHERE k BETWEEN 3311464 AND 3311564
	Bitmap Heap Scan on sbtest3  (cost=5.45..397.25 rows=99 width=125)
	  Recheck Cond: ((k >= 3311464) AND (k <= 3311564))
	  ->  Bitmap Index Scan on k_3  (cost=0.00..5.42 rows=99 width=0)
	        Index Cond: ((k >= 3311464) AND (k <= 3311564))

table 4 : explain SELECT k, c FROM sbtest4 WHERE k BETWEEN 3311464 AND 3311564
	Bitmap Heap Scan on sbtest4  (cost=5.51..420.88 rows=105 width=125)
	  Recheck Cond: ((k >= 3311464) AND (k <= 3311564))
	  ->  Bitmap Index Scan on k_4  (cost=0.00..5.48 rows=105 width=0)
	        Index Cond: ((k >= 3311464) AND (k <= 3311564))

table 5 : explain SELECT k, c FROM sbtest5 WHERE k BETWEEN 3311464 AND 3311564
	Bitmap Heap Scan on sbtest5  (cost=5.49..413.00 rows=103 width=125)
	  Recheck Cond: ((k >= 3311464) AND (k <= 3311564))
	  ->  Bitmap Index Scan on k_5  (cost=0.00..5.46 rows=103 width=0)
	        Index Cond: ((k >= 3311464) AND (k <= 3311564))

table 6 : explain SELECT k, c FROM sbtest6 WHERE k BETWEEN 3311464 AND 3311564
	Bitmap Heap Scan on sbtest6  (cost=5.36..361.78 rows=90 width=125)
	  Recheck Cond: ((k >= 3311464) AND (k <= 3311564))
	  ->  Bitmap Index Scan on k_6  (cost=0.00..5.33 rows=90 width=0)
	        Index Cond: ((k >= 3311464) AND (k <= 3311564))

table 7 : explain SELECT k, c FROM sbtest7 WHERE k BETWEEN 3311464 AND 3311564
	Bitmap Heap Scan on sbtest7  (cost=5.42..385.43 rows=96 width=125)
	  Recheck Cond: ((k >= 3311464) AND (k <= 3311564))
	  ->  Bitmap Index Scan on k_7  (cost=0.00..5.39 rows=96 width=0)
	        Index Cond: ((k >= 3311464) AND (k <= 3311564))

table 8 : explain SELECT k, c FROM sbtest8 WHERE k BETWEEN 3311464 AND 3311564
	Bitmap Heap Scan on sbtest8  (cost=5.46..401.19 rows=100 width=125)
	  Recheck Cond: ((k >= 3311464) AND (k <= 3311564))
	  ->  Bitmap Index Scan on k_8  (cost=0.00..5.43 rows=100 width=0)
	        Index Cond: ((k >= 3311464) AND (k <= 3311564))

for range-notcovered
table 1 : explain SELECT k, c FROM sbtest1 WHERE k BETWEEN 8174023 AND 8174123
	Bitmap Heap Scan on sbtest1  (cost=5.59..452.36 rows=113 width=125)
	  Recheck Cond: ((k >= 8174023) AND (k <= 8174123))
	  ->  Bitmap Index Scan on k_1  (cost=0.00..5.56 rows=113 width=0)
	        Index Cond: ((k >= 8174023) AND (k <= 8174123))

table 2 : explain SELECT k, c FROM sbtest2 WHERE k BETWEEN 8174023 AND 8174123
	Bitmap Heap Scan on sbtest2  (cost=5.50..416.94 rows=104 width=125)
	  Recheck Cond: ((k >= 8174023) AND (k <= 8174123))
	  ->  Bitmap Index Scan on k_2  (cost=0.00..5.47 rows=104 width=0)
	        Index Cond: ((k >= 8174023) AND (k <= 8174123))

table 3 : explain SELECT k, c FROM sbtest3 WHERE k BETWEEN 8174023 AND 8174123
	Bitmap Heap Scan on sbtest3  (cost=5.51..420.88 rows=105 width=125)
	  Recheck Cond: ((k >= 8174023) AND (k <= 8174123))
	  ->  Bitmap Index Scan on k_3  (cost=0.00..5.48 rows=105 width=0)
	        Index Cond: ((k >= 8174023) AND (k <= 8174123))

table 4 : explain SELECT k, c FROM sbtest4 WHERE k BETWEEN 8174023 AND 8174123
	Bitmap Heap Scan on sbtest4  (cost=5.46..401.19 rows=100 width=125)
	  Recheck Cond: ((k >= 8174023) AND (k <= 8174123))
	  ->  Bitmap Index Scan on k_4  (cost=0.00..5.43 rows=100 width=0)
	        Index Cond: ((k >= 8174023) AND (k <= 8174123))

table 5 : explain SELECT k, c FROM sbtest5 WHERE k BETWEEN 8174023 AND 8174123
	Bitmap Heap Scan on sbtest5  (cost=5.54..432.69 rows=108 width=125)
	  Recheck Cond: ((k >= 8174023) AND (k <= 8174123))
	  ->  Bitmap Index Scan on k_5  (cost=0.00..5.51 rows=108 width=0)
	        Index Cond: ((k >= 8174023) AND (k <= 8174123))

table 6 : explain SELECT k, c FROM sbtest6 WHERE k BETWEEN 8174023 AND 8174123
	Bitmap Heap Scan on sbtest6  (cost=5.49..413.00 rows=103 width=125)
	  Recheck Cond: ((k >= 8174023) AND (k <= 8174123))
	  ->  Bitmap Index Scan on k_6  (cost=0.00..5.46 rows=103 width=0)
	        Index Cond: ((k >= 8174023) AND (k <= 8174123))

table 7 : explain SELECT k, c FROM sbtest7 WHERE k BETWEEN 8174023 AND 8174123
	Bitmap Heap Scan on sbtest7  (cost=5.50..416.94 rows=104 width=125)
	  Recheck Cond: ((k >= 8174023) AND (k <= 8174123))
	  ->  Bitmap Index Scan on k_7  (cost=0.00..5.47 rows=104 width=0)
	        Index Cond: ((k >= 8174023) AND (k <= 8174123))

table 8 : explain SELECT k, c FROM sbtest8 WHERE k BETWEEN 8174023 AND 8174123
	Bitmap Heap Scan on sbtest8  (cost=5.41..381.49 rows=95 width=125)
	  Recheck Cond: ((k >= 8174023) AND (k <= 8174123))
	  ->  Bitmap Index Scan on k_8  (cost=0.00..5.38 rows=95 width=0)
	        Index Cond: ((k >= 8174023) AND (k <= 8174123))

explain: for range-notcovered :: explain SELECT k, c FROM sbtest%d WHERE k BETWEEN 8174023 AND 8174123
explain: for range-notcovered :: explain SELECT k, c FROM sbtest%d WHERE k BETWEEN 4714262 AND 4714362
explain: for range-notcovered :: explain SELECT k, c FROM sbtest%d WHERE k BETWEEN 4737643 AND 4737743
explain: for range-notcovered :: explain SELECT k, c FROM sbtest%d WHERE k BETWEEN 4719339 AND 4719439
for range-notcovered
table 1 : explain SELECT k, c FROM sbtest1 WHERE k BETWEEN 4251088 AND 4251188
	Bitmap Heap Scan on sbtest1  (cost=5.50..416.94 rows=104 width=125)
	  Recheck Cond: ((k >= 4251088) AND (k <= 4251188))
	  ->  Bitmap Index Scan on k_1  (cost=0.00..5.47 rows=104 width=0)
	        Index Cond: ((k >= 4251088) AND (k <= 4251188))

table 2 : explain SELECT k, c FROM sbtest2 WHERE k BETWEEN 4251088 AND 4251188
	Bitmap Heap Scan on sbtest2  (cost=5.43..389.37 rows=97 width=125)
	  Recheck Cond: ((k >= 4251088) AND (k <= 4251188))
	  ->  Bitmap Index Scan on k_2  (cost=0.00..5.40 rows=97 width=0)
	        Index Cond: ((k >= 4251088) AND (k <= 4251188))

table 3 : explain SELECT k, c FROM sbtest3 WHERE k BETWEEN 4251088 AND 4251188
	Bitmap Heap Scan on sbtest3  (cost=5.55..436.62 rows=109 width=125)
	  Recheck Cond: ((k >= 4251088) AND (k <= 4251188))
	  ->  Bitmap Index Scan on k_3  (cost=0.00..5.52 rows=109 width=0)
	        Index Cond: ((k >= 4251088) AND (k <= 4251188))

table 4 : explain SELECT k, c FROM sbtest4 WHERE k BETWEEN 4251088 AND 4251188
	Bitmap Heap Scan on sbtest4  (cost=5.49..413.00 rows=103 width=125)
	  Recheck Cond: ((k >= 4251088) AND (k <= 4251188))
	  ->  Bitmap Index Scan on k_4  (cost=0.00..5.46 rows=103 width=0)
	        Index Cond: ((k >= 4251088) AND (k <= 4251188))

table 5 : explain SELECT k, c FROM sbtest5 WHERE k BETWEEN 4251088 AND 4251188
	Bitmap Heap Scan on sbtest5  (cost=5.50..416.94 rows=104 width=125)
	  Recheck Cond: ((k >= 4251088) AND (k <= 4251188))
	  ->  Bitmap Index Scan on k_5  (cost=0.00..5.47 rows=104 width=0)
	        Index Cond: ((k >= 4251088) AND (k <= 4251188))

table 6 : explain SELECT k, c FROM sbtest6 WHERE k BETWEEN 4251088 AND 4251188
	Bitmap Heap Scan on sbtest6  (cost=5.54..432.69 rows=108 width=125)
	  Recheck Cond: ((k >= 4251088) AND (k <= 4251188))
	  ->  Bitmap Index Scan on k_6  (cost=0.00..5.51 rows=108 width=0)
	        Index Cond: ((k >= 4251088) AND (k <= 4251188))

table 7 : explain SELECT k, c FROM sbtest7 WHERE k BETWEEN 4251088 AND 4251188
	Bitmap Heap Scan on sbtest7  (cost=5.57..444.49 rows=111 width=125)
	  Recheck Cond: ((k >= 4251088) AND (k <= 4251188))
	  ->  Bitmap Index Scan on k_7  (cost=0.00..5.54 rows=111 width=0)
	        Index Cond: ((k >= 4251088) AND (k <= 4251188))

table 8 : explain SELECT k, c FROM sbtest8 WHERE k BETWEEN 4251088 AND 4251188
	Bitmap Heap Scan on sbtest8  (cost=5.49..413.00 rows=103 width=125)
	  Recheck Cond: ((k >= 4251088) AND (k <= 4251188))
	  ->  Bitmap Index Scan on k_8  (cost=0.00..5.46 rows=103 width=0)
	        Index Cond: ((k >= 4251088) AND (k <= 4251188))

explain: for range-notcovered :: explain SELECT k, c FROM sbtest%d WHERE k BETWEEN 4251088 AND 4251188
explain: for range-notcovered :: explain SELECT k, c FROM sbtest%d WHERE k BETWEEN 4593611 AND 4593711
explain: for range-notcovered :: explain SELECT k, c FROM sbtest%d WHERE k BETWEEN 3311464 AND 3311564
for range-notcovered
table 1 : explain SELECT k, c FROM sbtest1 WHERE k BETWEEN 7156597 AND 7156697
	Bitmap Heap Scan on sbtest1  (cost=5.45..397.25 rows=99 width=125)
	  Recheck Cond: ((k >= 7156597) AND (k <= 7156697))
	  ->  Bitmap Index Scan on k_1  (cost=0.00..5.42 rows=99 width=0)
	        Index Cond: ((k >= 7156597) AND (k <= 7156697))

table 2 : explain SELECT k, c FROM sbtest2 WHERE k BETWEEN 7156597 AND 7156697
	Bitmap Heap Scan on sbtest2  (cost=5.49..413.00 rows=103 width=125)
	  Recheck Cond: ((k >= 7156597) AND (k <= 7156697))
	  ->  Bitmap Index Scan on k_2  (cost=0.00..5.46 rows=103 width=0)
	        Index Cond: ((k >= 7156597) AND (k <= 7156697))

table 3 : explain SELECT k, c FROM sbtest3 WHERE k BETWEEN 7156597 AND 7156697
	Bitmap Heap Scan on sbtest3  (cost=5.55..436.62 rows=109 width=125)
	  Recheck Cond: ((k >= 7156597) AND (k <= 7156697))
	  ->  Bitmap Index Scan on k_3  (cost=0.00..5.52 rows=109 width=0)
	        Index Cond: ((k >= 7156597) AND (k <= 7156697))

table 4 : explain SELECT k, c FROM sbtest4 WHERE k BETWEEN 7156597 AND 7156697
	Bitmap Heap Scan on sbtest4  (cost=5.42..385.43 rows=96 width=125)
	  Recheck Cond: ((k >= 7156597) AND (k <= 7156697))
	  ->  Bitmap Index Scan on k_4  (cost=0.00..5.39 rows=96 width=0)
	        Index Cond: ((k >= 7156597) AND (k <= 7156697))

table 5 : explain SELECT k, c FROM sbtest5 WHERE k BETWEEN 7156597 AND 7156697
	Bitmap Heap Scan on sbtest5  (cost=5.49..413.00 rows=103 width=125)
	  Recheck Cond: ((k >= 7156597) AND (k <= 7156697))
	  ->  Bitmap Index Scan on k_5  (cost=0.00..5.46 rows=103 width=0)
	        Index Cond: ((k >= 7156597) AND (k <= 7156697))

table 6 : explain SELECT k, c FROM sbtest6 WHERE k BETWEEN 7156597 AND 7156697
	Bitmap Heap Scan on sbtest6  (cost=5.49..413.00 rows=103 width=125)
	  Recheck Cond: ((k >= 7156597) AND (k <= 7156697))
	  ->  Bitmap Index Scan on k_6  (cost=0.00..5.46 rows=103 width=0)
	        Index Cond: ((k >= 7156597) AND (k <= 7156697))

table 7 : explain SELECT k, c FROM sbtest7 WHERE k BETWEEN 7156597 AND 7156697
	Bitmap Heap Scan on sbtest7  (cost=5.51..420.88 rows=105 width=125)
	  Recheck Cond: ((k >= 7156597) AND (k <= 7156697))
	  ->  Bitmap Index Scan on k_7  (cost=0.00..5.48 rows=105 width=0)
	        Index Cond: ((k >= 7156597) AND (k <= 7156697))

table 8 : explain SELECT k, c FROM sbtest8 WHERE k BETWEEN 7156597 AND 7156697
	Bitmap Heap Scan on sbtest8  (cost=5.46..401.19 rows=100 width=125)
	  Recheck Cond: ((k >= 7156597) AND (k <= 7156697))
	  ->  Bitmap Index Scan on k_8  (cost=0.00..5.43 rows=100 width=0)
	        Index Cond: ((k >= 7156597) AND (k <= 7156697))

explain: for range-notcovered :: explain SELECT k, c FROM sbtest%d WHERE k BETWEEN 7156597 AND 7156697
for range-notcovered
table 1 : explain SELECT k, c FROM sbtest1 WHERE k BETWEEN 4251088 AND 4251188
	Bitmap Heap Scan on sbtest1  (cost=5.50..416.94 rows=104 width=125)
	  Recheck Cond: ((k >= 4251088) AND (k <= 4251188))
	  ->  Bitmap Index Scan on k_1  (cost=0.00..5.47 rows=104 width=0)
	        Index Cond: ((k >= 4251088) AND (k <= 4251188))

table 2 : explain SELECT k, c FROM sbtest2 WHERE k BETWEEN 4251088 AND 4251188
	Bitmap Heap Scan on sbtest2  (cost=5.43..389.37 rows=97 width=125)
	  Recheck Cond: ((k >= 4251088) AND (k <= 4251188))
	  ->  Bitmap Index Scan on k_2  (cost=0.00..5.40 rows=97 width=0)
	        Index Cond: ((k >= 4251088) AND (k <= 4251188))

table 3 : explain SELECT k, c FROM sbtest3 WHERE k BETWEEN 4251088 AND 4251188
	Bitmap Heap Scan on sbtest3  (cost=5.55..436.62 rows=109 width=125)
	  Recheck Cond: ((k >= 4251088) AND (k <= 4251188))
	  ->  Bitmap Index Scan on k_3  (cost=0.00..5.52 rows=109 width=0)
	        Index Cond: ((k >= 4251088) AND (k <= 4251188))

table 4 : explain SELECT k, c FROM sbtest4 WHERE k BETWEEN 4251088 AND 4251188
	Bitmap Heap Scan on sbtest4  (cost=5.49..413.00 rows=103 width=125)
	  Recheck Cond: ((k >= 4251088) AND (k <= 4251188))
	  ->  Bitmap Index Scan on k_4  (cost=0.00..5.46 rows=103 width=0)
	        Index Cond: ((k >= 4251088) AND (k <= 4251188))

table 5 : explain SELECT k, c FROM sbtest5 WHERE k BETWEEN 4251088 AND 4251188
	Bitmap Heap Scan on sbtest5  (cost=5.50..416.94 rows=104 width=125)
	  Recheck Cond: ((k >= 4251088) AND (k <= 4251188))
	  ->  Bitmap Index Scan on k_5  (cost=0.00..5.47 rows=104 width=0)
	        Index Cond: ((k >= 4251088) AND (k <= 4251188))

table 6 : explain SELECT k, c FROM sbtest6 WHERE k BETWEEN 4251088 AND 4251188
	Bitmap Heap Scan on sbtest6  (cost=5.54..432.69 rows=108 width=125)
	  Recheck Cond: ((k >= 4251088) AND (k <= 4251188))
	  ->  Bitmap Index Scan on k_6  (cost=0.00..5.51 rows=108 width=0)
	        Index Cond: ((k >= 4251088) AND (k <= 4251188))

table 7 : explain SELECT k, c FROM sbtest7 WHERE k BETWEEN 4251088 AND 4251188
	Bitmap Heap Scan on sbtest7  (cost=5.57..444.49 rows=111 width=125)
	  Recheck Cond: ((k >= 4251088) AND (k <= 4251188))
	  ->  Bitmap Index Scan on k_7  (cost=0.00..5.54 rows=111 width=0)
	        Index Cond: ((k >= 4251088) AND (k <= 4251188))

table 8 : explain SELECT k, c FROM sbtest8 WHERE k BETWEEN 4251088 AND 4251188
	Bitmap Heap Scan on sbtest8  (cost=5.49..413.00 rows=103 width=125)
	  Recheck Cond: ((k >= 4251088) AND (k <= 4251188))
	  ->  Bitmap Index Scan on k_8  (cost=0.00..5.46 rows=103 width=0)
	        Index Cond: ((k >= 4251088) AND (k <= 4251188))

explain: for range-notcovered :: explain SELECT k, c FROM sbtest%d WHERE k BETWEEN 4251088 AND 4251188
explain: for range-notcovered :: explain SELECT k, c FROM sbtest%d WHERE k BETWEEN 2829743 AND 2829843
for range-notcovered
table 1 : explain SELECT k, c FROM sbtest1 WHERE k BETWEEN 7156597 AND 7156697
	Bitmap Heap Scan on sbtest1  (cost=5.45..397.25 rows=99 width=125)
	  Recheck Cond: ((k >= 7156597) AND (k <= 7156697))
	  ->  Bitmap Index Scan on k_1  (cost=0.00..5.42 rows=99 width=0)
	        Index Cond: ((k >= 7156597) AND (k <= 7156697))

table 2 : explain SELECT k, c FROM sbtest2 WHERE k BETWEEN 7156597 AND 7156697
	Bitmap Heap Scan on sbtest2  (cost=5.49..413.00 rows=103 width=125)
	  Recheck Cond: ((k >= 7156597) AND (k <= 7156697))
	  ->  Bitmap Index Scan on k_2  (cost=0.00..5.46 rows=103 width=0)
	        Index Cond: ((k >= 7156597) AND (k <= 7156697))

table 3 : explain SELECT k, c FROM sbtest3 WHERE k BETWEEN 7156597 AND 7156697
	Bitmap Heap Scan on sbtest3  (cost=5.55..436.62 rows=109 width=125)
	  Recheck Cond: ((k >= 7156597) AND (k <= 7156697))
	  ->  Bitmap Index Scan on k_3  (cost=0.00..5.52 rows=109 width=0)
	        Index Cond: ((k >= 7156597) AND (k <= 7156697))

table 4 : explain SELECT k, c FROM sbtest4 WHERE k BETWEEN 7156597 AND 7156697
	Bitmap Heap Scan on sbtest4  (cost=5.42..385.43 rows=96 width=125)
	  Recheck Cond: ((k >= 7156597) AND (k <= 7156697))
	  ->  Bitmap Index Scan on k_4  (cost=0.00..5.39 rows=96 width=0)
	        Index Cond: ((k >= 7156597) AND (k <= 7156697))

table 5 : explain SELECT k, c FROM sbtest5 WHERE k BETWEEN 7156597 AND 7156697
	Bitmap Heap Scan on sbtest5  (cost=5.49..413.00 rows=103 width=125)
	  Recheck Cond: ((k >= 7156597) AND (k <= 7156697))
	  ->  Bitmap Index Scan on k_5  (cost=0.00..5.46 rows=103 width=0)
	        Index Cond: ((k >= 7156597) AND (k <= 7156697))

table 6 : explain SELECT k, c FROM sbtest6 WHERE k BETWEEN 7156597 AND 7156697
	Bitmap Heap Scan on sbtest6  (cost=5.49..413.00 rows=103 width=125)
	  Recheck Cond: ((k >= 7156597) AND (k <= 7156697))
	  ->  Bitmap Index Scan on k_6  (cost=0.00..5.46 rows=103 width=0)
	        Index Cond: ((k >= 7156597) AND (k <= 7156697))

table 7 : explain SELECT k, c FROM sbtest7 WHERE k BETWEEN 7156597 AND 7156697
	Bitmap Heap Scan on sbtest7  (cost=5.51..420.88 rows=105 width=125)
	  Recheck Cond: ((k >= 7156597) AND (k <= 7156697))
	  ->  Bitmap Index Scan on k_7  (cost=0.00..5.48 rows=105 width=0)
	        Index Cond: ((k >= 7156597) AND (k <= 7156697))

table 8 : explain SELECT k, c FROM sbtest8 WHERE k BETWEEN 7156597 AND 7156697
	Bitmap Heap Scan on sbtest8  (cost=5.46..401.19 rows=100 width=125)
	  Recheck Cond: ((k >= 7156597) AND (k <= 7156697))
	  ->  Bitmap Index Scan on k_8  (cost=0.00..5.43 rows=100 width=0)
	        Index Cond: ((k >= 7156597) AND (k <= 7156697))

for range-notcovered
table 1 : explain SELECT k, c FROM sbtest1 WHERE k BETWEEN 7223023 AND 7223123
	Bitmap Heap Scan on sbtest1  (cost=5.50..416.94 rows=104 width=125)
	  Recheck Cond: ((k >= 7223023) AND (k <= 7223123))
	  ->  Bitmap Index Scan on k_1  (cost=0.00..5.47 rows=104 width=0)
	        Index Cond: ((k >= 7223023) AND (k <= 7223123))

table 2 : explain SELECT k, c FROM sbtest2 WHERE k BETWEEN 7223023 AND 7223123
	Bitmap Heap Scan on sbtest2  (cost=5.46..401.19 rows=100 width=125)
	  Recheck Cond: ((k >= 7223023) AND (k <= 7223123))
	  ->  Bitmap Index Scan on k_2  (cost=0.00..5.43 rows=100 width=0)
	        Index Cond: ((k >= 7223023) AND (k <= 7223123))

table 3 : explain SELECT k, c FROM sbtest3 WHERE k BETWEEN 7223023 AND 7223123
	Bitmap Heap Scan on sbtest3  (cost=5.40..377.55 rows=94 width=125)
	  Recheck Cond: ((k >= 7223023) AND (k <= 7223123))
	  ->  Bitmap Index Scan on k_3  (cost=0.00..5.38 rows=94 width=0)
	        Index Cond: ((k >= 7223023) AND (k <= 7223123))

table 4 : explain SELECT k, c FROM sbtest4 WHERE k BETWEEN 7223023 AND 7223123
	Bitmap Heap Scan on sbtest4  (cost=5.48..409.07 rows=102 width=125)
	  Recheck Cond: ((k >= 7223023) AND (k <= 7223123))
	  ->  Bitmap Index Scan on k_4  (cost=0.00..5.45 rows=102 width=0)
	        Index Cond: ((k >= 7223023) AND (k <= 7223123))

table 5 : explain SELECT k, c FROM sbtest5 WHERE k BETWEEN 7223023 AND 7223123
	Bitmap Heap Scan on sbtest5  (cost=5.50..416.94 rows=104 width=125)
	  Recheck Cond: ((k >= 7223023) AND (k <= 7223123))
	  ->  Bitmap Index Scan on k_5  (cost=0.00..5.47 rows=104 width=0)
	        Index Cond: ((k >= 7223023) AND (k <= 7223123))

table 6 : explain SELECT k, c FROM sbtest6 WHERE k BETWEEN 7223023 AND 7223123
	Bitmap Heap Scan on sbtest6  (cost=5.41..381.49 rows=95 width=125)
	  Recheck Cond: ((k >= 7223023) AND (k <= 7223123))
	  ->  Bitmap Index Scan on k_6  (cost=0.00..5.38 rows=95 width=0)
	        Index Cond: ((k >= 7223023) AND (k <= 7223123))

table 7 : explain SELECT k, c FROM sbtest7 WHERE k BETWEEN 7223023 AND 7223123
	Bitmap Heap Scan on sbtest7  (cost=5.51..420.88 rows=105 width=125)
	  Recheck Cond: ((k >= 7223023) AND (k <= 7223123))
	  ->  Bitmap Index Scan on k_7  (cost=0.00..5.48 rows=105 width=0)
	        Index Cond: ((k >= 7223023) AND (k <= 7223123))

table 8 : explain SELECT k, c FROM sbtest8 WHERE k BETWEEN 7223023 AND 7223123
	Bitmap Heap Scan on sbtest8  (cost=5.46..401.19 rows=100 width=125)
	  Recheck Cond: ((k >= 7223023) AND (k <= 7223123))
	  ->  Bitmap Index Scan on k_8  (cost=0.00..5.43 rows=100 width=0)
	        Index Cond: ((k >= 7223023) AND (k <= 7223123))

explain: for range-notcovered :: explain SELECT k, c FROM sbtest%d WHERE k BETWEEN 7156597 AND 7156697
explain: for range-notcovered :: explain SELECT k, c FROM sbtest%d WHERE k BETWEEN 7223023 AND 7223123
for range-notcovered
table 1 : explain SELECT k, c FROM sbtest1 WHERE k BETWEEN 4251088 AND 4251188
	Bitmap Heap Scan on sbtest1  (cost=5.50..416.94 rows=104 width=125)
	  Recheck Cond: ((k >= 4251088) AND (k <= 4251188))
	  ->  Bitmap Index Scan on k_1  (cost=0.00..5.47 rows=104 width=0)
	        Index Cond: ((k >= 4251088) AND (k <= 4251188))

table 2 : explain SELECT k, c FROM sbtest2 WHERE k BETWEEN 4251088 AND 4251188
	Bitmap Heap Scan on sbtest2  (cost=5.43..389.37 rows=97 width=125)
	  Recheck Cond: ((k >= 4251088) AND (k <= 4251188))
	  ->  Bitmap Index Scan on k_2  (cost=0.00..5.40 rows=97 width=0)
	        Index Cond: ((k >= 4251088) AND (k <= 4251188))

table 3 : explain SELECT k, c FROM sbtest3 WHERE k BETWEEN 4251088 AND 4251188
	Bitmap Heap Scan on sbtest3  (cost=5.55..436.62 rows=109 width=125)
	  Recheck Cond: ((k >= 4251088) AND (k <= 4251188))
	  ->  Bitmap Index Scan on k_3  (cost=0.00..5.52 rows=109 width=0)
	        Index Cond: ((k >= 4251088) AND (k <= 4251188))

table 4 : explain SELECT k, c FROM sbtest4 WHERE k BETWEEN 4251088 AND 4251188
	Bitmap Heap Scan on sbtest4  (cost=5.49..413.00 rows=103 width=125)
	  Recheck Cond: ((k >= 4251088) AND (k <= 4251188))
	  ->  Bitmap Index Scan on k_4  (cost=0.00..5.46 rows=103 width=0)
	        Index Cond: ((k >= 4251088) AND (k <= 4251188))

table 5 : explain SELECT k, c FROM sbtest5 WHERE k BETWEEN 4251088 AND 4251188
	Bitmap Heap Scan on sbtest5  (cost=5.50..416.94 rows=104 width=125)
	  Recheck Cond: ((k >= 4251088) AND (k <= 4251188))
	  ->  Bitmap Index Scan on k_5  (cost=0.00..5.47 rows=104 width=0)
	        Index Cond: ((k >= 4251088) AND (k <= 4251188))

table 6 : explain SELECT k, c FROM sbtest6 WHERE k BETWEEN 4251088 AND 4251188
	Bitmap Heap Scan on sbtest6  (cost=5.54..432.69 rows=108 width=125)
	  Recheck Cond: ((k >= 4251088) AND (k <= 4251188))
	  ->  Bitmap Index Scan on k_6  (cost=0.00..5.51 rows=108 width=0)
	        Index Cond: ((k >= 4251088) AND (k <= 4251188))

table 7 : explain SELECT k, c FROM sbtest7 WHERE k BETWEEN 4251088 AND 4251188
	Bitmap Heap Scan on sbtest7  (cost=5.57..444.49 rows=111 width=125)
	  Recheck Cond: ((k >= 4251088) AND (k <= 4251188))
	  ->  Bitmap Index Scan on k_7  (cost=0.00..5.54 rows=111 width=0)
	        Index Cond: ((k >= 4251088) AND (k <= 4251188))

table 8 : explain SELECT k, c FROM sbtest8 WHERE k BETWEEN 4251088 AND 4251188
	Bitmap Heap Scan on sbtest8  (cost=5.49..413.00 rows=103 width=125)
	  Recheck Cond: ((k >= 4251088) AND (k <= 4251188))
	  ->  Bitmap Index Scan on k_8  (cost=0.00..5.46 rows=103 width=0)
	        Index Cond: ((k >= 4251088) AND (k <= 4251188))

explain: for range-notcovered :: explain SELECT k, c FROM sbtest%d WHERE k BETWEEN 4251088 AND 4251188
for range-notcovered
table 1 : explain SELECT k, c FROM sbtest1 WHERE k BETWEEN 7156597 AND 7156697
	Bitmap Heap Scan on sbtest1  (cost=5.45..397.25 rows=99 width=125)
	  Recheck Cond: ((k >= 7156597) AND (k <= 7156697))
	  ->  Bitmap Index Scan on k_1  (cost=0.00..5.42 rows=99 width=0)
	        Index Cond: ((k >= 7156597) AND (k <= 7156697))

table 2 : explain SELECT k, c FROM sbtest2 WHERE k BETWEEN 7156597 AND 7156697
	Bitmap Heap Scan on sbtest2  (cost=5.49..413.00 rows=103 width=125)
	  Recheck Cond: ((k >= 7156597) AND (k <= 7156697))
	  ->  Bitmap Index Scan on k_2  (cost=0.00..5.46 rows=103 width=0)
	        Index Cond: ((k >= 7156597) AND (k <= 7156697))

table 3 : explain SELECT k, c FROM sbtest3 WHERE k BETWEEN 7156597 AND 7156697
	Bitmap Heap Scan on sbtest3  (cost=5.55..436.62 rows=109 width=125)
	  Recheck Cond: ((k >= 7156597) AND (k <= 7156697))
	  ->  Bitmap Index Scan on k_3  (cost=0.00..5.52 rows=109 width=0)
	        Index Cond: ((k >= 7156597) AND (k <= 7156697))

table 4 : explain SELECT k, c FROM sbtest4 WHERE k BETWEEN 7156597 AND 7156697
	Bitmap Heap Scan on sbtest4  (cost=5.42..385.43 rows=96 width=125)
	  Recheck Cond: ((k >= 7156597) AND (k <= 7156697))
	  ->  Bitmap Index Scan on k_4  (cost=0.00..5.39 rows=96 width=0)
	        Index Cond: ((k >= 7156597) AND (k <= 7156697))

table 5 : explain SELECT k, c FROM sbtest5 WHERE k BETWEEN 7156597 AND 7156697
	Bitmap Heap Scan on sbtest5  (cost=5.49..413.00 rows=103 width=125)
	  Recheck Cond: ((k >= 7156597) AND (k <= 7156697))
	  ->  Bitmap Index Scan on k_5  (cost=0.00..5.46 rows=103 width=0)
	        Index Cond: ((k >= 7156597) AND (k <= 7156697))

table 6 : explain SELECT k, c FROM sbtest6 WHERE k BETWEEN 7156597 AND 7156697
	Bitmap Heap Scan on sbtest6  (cost=5.49..413.00 rows=103 width=125)
	  Recheck Cond: ((k >= 7156597) AND (k <= 7156697))
	  ->  Bitmap Index Scan on k_6  (cost=0.00..5.46 rows=103 width=0)
	        Index Cond: ((k >= 7156597) AND (k <= 7156697))

table 7 : explain SELECT k, c FROM sbtest7 WHERE k BETWEEN 7156597 AND 7156697
	Bitmap Heap Scan on sbtest7  (cost=5.51..420.88 rows=105 width=125)
	  Recheck Cond: ((k >= 7156597) AND (k <= 7156697))
	  ->  Bitmap Index Scan on k_7  (cost=0.00..5.48 rows=105 width=0)
	        Index Cond: ((k >= 7156597) AND (k <= 7156697))

table 8 : explain SELECT k, c FROM sbtest8 WHERE k BETWEEN 7156597 AND 7156697
	Bitmap Heap Scan on sbtest8  (cost=5.46..401.19 rows=100 width=125)
	  Recheck Cond: ((k >= 7156597) AND (k <= 7156697))
	  ->  Bitmap Index Scan on k_8  (cost=0.00..5.43 rows=100 width=0)
	        Index Cond: ((k >= 7156597) AND (k <= 7156697))

for range-notcovered
table 1 : explain SELECT k, c FROM sbtest1 WHERE k BETWEEN 7223023 AND 7223123
	Bitmap Heap Scan on sbtest1  (cost=5.50..416.94 rows=104 width=125)
	  Recheck Cond: ((k >= 7223023) AND (k <= 7223123))
	  ->  Bitmap Index Scan on k_1  (cost=0.00..5.47 rows=104 width=0)
	        Index Cond: ((k >= 7223023) AND (k <= 7223123))

table 2 : explain SELECT k, c FROM sbtest2 WHERE k BETWEEN 7223023 AND 7223123
	Bitmap Heap Scan on sbtest2  (cost=5.46..401.19 rows=100 width=125)
	  Recheck Cond: ((k >= 7223023) AND (k <= 7223123))
	  ->  Bitmap Index Scan on k_2  (cost=0.00..5.43 rows=100 width=0)
	        Index Cond: ((k >= 7223023) AND (k <= 7223123))

table 3 : explain SELECT k, c FROM sbtest3 WHERE k BETWEEN 7223023 AND 7223123
	Bitmap Heap Scan on sbtest3  (cost=5.40..377.55 rows=94 width=125)
	  Recheck Cond: ((k >= 7223023) AND (k <= 7223123))
	  ->  Bitmap Index Scan on k_3  (cost=0.00..5.38 rows=94 width=0)
	        Index Cond: ((k >= 7223023) AND (k <= 7223123))

table 4 : explain SELECT k, c FROM sbtest4 WHERE k BETWEEN 7223023 AND 7223123
	Bitmap Heap Scan on sbtest4  (cost=5.48..409.07 rows=102 width=125)
	  Recheck Cond: ((k >= 7223023) AND (k <= 7223123))
	  ->  Bitmap Index Scan on k_4  (cost=0.00..5.45 rows=102 width=0)
	        Index Cond: ((k >= 7223023) AND (k <= 7223123))

table 5 : explain SELECT k, c FROM sbtest5 WHERE k BETWEEN 7223023 AND 7223123
	Bitmap Heap Scan on sbtest5  (cost=5.50..416.94 rows=104 width=125)
	  Recheck Cond: ((k >= 7223023) AND (k <= 7223123))
	  ->  Bitmap Index Scan on k_5  (cost=0.00..5.47 rows=104 width=0)
	        Index Cond: ((k >= 7223023) AND (k <= 7223123))

table 6 : explain SELECT k, c FROM sbtest6 WHERE k BETWEEN 7223023 AND 7223123
	Bitmap Heap Scan on sbtest6  (cost=5.41..381.49 rows=95 width=125)
	  Recheck Cond: ((k >= 7223023) AND (k <= 7223123))
	  ->  Bitmap Index Scan on k_6  (cost=0.00..5.38 rows=95 width=0)
	        Index Cond: ((k >= 7223023) AND (k <= 7223123))

table 7 : explain SELECT k, c FROM sbtest7 WHERE k BETWEEN 7223023 AND 7223123
	Bitmap Heap Scan on sbtest7  (cost=5.51..420.88 rows=105 width=125)
	  Recheck Cond: ((k >= 7223023) AND (k <= 7223123))
	  ->  Bitmap Index Scan on k_7  (cost=0.00..5.48 rows=105 width=0)
	        Index Cond: ((k >= 7223023) AND (k <= 7223123))

table 8 : explain SELECT k, c FROM sbtest8 WHERE k BETWEEN 7223023 AND 7223123
	Bitmap Heap Scan on sbtest8  (cost=5.46..401.19 rows=100 width=125)
	  Recheck Cond: ((k >= 7223023) AND (k <= 7223123))
	  ->  Bitmap Index Scan on k_8  (cost=0.00..5.43 rows=100 width=0)
	        Index Cond: ((k >= 7223023) AND (k <= 7223123))

for range-notcovered
table 1 : explain SELECT k, c FROM sbtest1 WHERE k BETWEEN 3311464 AND 3311564
	Bitmap Heap Scan on sbtest1  (cost=5.48..409.07 rows=102 width=125)
	  Recheck Cond: ((k >= 3311464) AND (k <= 3311564))
	  ->  Bitmap Index Scan on k_1  (cost=0.00..5.45 rows=102 width=0)
	        Index Cond: ((k >= 3311464) AND (k <= 3311564))

table 2 : explain SELECT k, c FROM sbtest2 WHERE k BETWEEN 3311464 AND 3311564
	Bitmap Heap Scan on sbtest2  (cost=5.51..420.88 rows=105 width=125)
	  Recheck Cond: ((k >= 3311464) AND (k <= 3311564))
	  ->  Bitmap Index Scan on k_2  (cost=0.00..5.48 rows=105 width=0)
	        Index Cond: ((k >= 3311464) AND (k <= 3311564))

table 3 : explain SELECT k, c FROM sbtest3 WHERE k BETWEEN 3311464 AND 3311564
	Bitmap Heap Scan on sbtest3  (cost=5.45..397.25 rows=99 width=125)
	  Recheck Cond: ((k >= 3311464) AND (k <= 3311564))
	  ->  Bitmap Index Scan on k_3  (cost=0.00..5.42 rows=99 width=0)
	        Index Cond: ((k >= 3311464) AND (k <= 3311564))

table 4 : explain SELECT k, c FROM sbtest4 WHERE k BETWEEN 3311464 AND 3311564
	Bitmap Heap Scan on sbtest4  (cost=5.51..420.88 rows=105 width=125)
	  Recheck Cond: ((k >= 3311464) AND (k <= 3311564))
	  ->  Bitmap Index Scan on k_4  (cost=0.00..5.48 rows=105 width=0)
	        Index Cond: ((k >= 3311464) AND (k <= 3311564))

table 5 : explain SELECT k, c FROM sbtest5 WHERE k BETWEEN 3311464 AND 3311564
	Bitmap Heap Scan on sbtest5  (cost=5.49..413.00 rows=103 width=125)
	  Recheck Cond: ((k >= 3311464) AND (k <= 3311564))
	  ->  Bitmap Index Scan on k_5  (cost=0.00..5.46 rows=103 width=0)
	        Index Cond: ((k >= 3311464) AND (k <= 3311564))

table 6 : explain SELECT k, c FROM sbtest6 WHERE k BETWEEN 3311464 AND 3311564
	Bitmap Heap Scan on sbtest6  (cost=5.36..361.78 rows=90 width=125)
	  Recheck Cond: ((k >= 3311464) AND (k <= 3311564))
	  ->  Bitmap Index Scan on k_6  (cost=0.00..5.33 rows=90 width=0)
	        Index Cond: ((k >= 3311464) AND (k <= 3311564))

table 7 : explain SELECT k, c FROM sbtest7 WHERE k BETWEEN 3311464 AND 3311564
	Bitmap Heap Scan on sbtest7  (cost=5.42..385.43 rows=96 width=125)
	  Recheck Cond: ((k >= 3311464) AND (k <= 3311564))
	  ->  Bitmap Index Scan on k_7  (cost=0.00..5.39 rows=96 width=0)
	        Index Cond: ((k >= 3311464) AND (k <= 3311564))

table 8 : explain SELECT k, c FROM sbtest8 WHERE k BETWEEN 3311464 AND 3311564
	Bitmap Heap Scan on sbtest8  (cost=5.46..401.19 rows=100 width=125)
	  Recheck Cond: ((k >= 3311464) AND (k <= 3311564))
	  ->  Bitmap Index Scan on k_8  (cost=0.00..5.43 rows=100 width=0)
	        Index Cond: ((k >= 3311464) AND (k <= 3311564))

explain: for range-notcovered :: explain SELECT k, c FROM sbtest%d WHERE k BETWEEN 7156597 AND 7156697
explain: for range-notcovered :: explain SELECT k, c FROM sbtest%d WHERE k BETWEEN 7223023 AND 7223123
explain: for range-notcovered :: explain SELECT k, c FROM sbtest%d WHERE k BETWEEN 3311464 AND 3311564
for range-notcovered
table 1 : explain SELECT k, c FROM sbtest1 WHERE k BETWEEN 8174023 AND 8174123
	Bitmap Heap Scan on sbtest1  (cost=5.59..452.36 rows=113 width=125)
	  Recheck Cond: ((k >= 8174023) AND (k <= 8174123))
	  ->  Bitmap Index Scan on k_1  (cost=0.00..5.56 rows=113 width=0)
	        Index Cond: ((k >= 8174023) AND (k <= 8174123))

table 2 : explain SELECT k, c FROM sbtest2 WHERE k BETWEEN 8174023 AND 8174123
	Bitmap Heap Scan on sbtest2  (cost=5.50..416.94 rows=104 width=125)
	  Recheck Cond: ((k >= 8174023) AND (k <= 8174123))
	  ->  Bitmap Index Scan on k_2  (cost=0.00..5.47 rows=104 width=0)
	        Index Cond: ((k >= 8174023) AND (k <= 8174123))

table 3 : explain SELECT k, c FROM sbtest3 WHERE k BETWEEN 8174023 AND 8174123
	Bitmap Heap Scan on sbtest3  (cost=5.51..420.88 rows=105 width=125)
	  Recheck Cond: ((k >= 8174023) AND (k <= 8174123))
	  ->  Bitmap Index Scan on k_3  (cost=0.00..5.48 rows=105 width=0)
	        Index Cond: ((k >= 8174023) AND (k <= 8174123))

table 4 : explain SELECT k, c FROM sbtest4 WHERE k BETWEEN 8174023 AND 8174123
	Bitmap Heap Scan on sbtest4  (cost=5.46..401.19 rows=100 width=125)
	  Recheck Cond: ((k >= 8174023) AND (k <= 8174123))
	  ->  Bitmap Index Scan on k_4  (cost=0.00..5.43 rows=100 width=0)
	        Index Cond: ((k >= 8174023) AND (k <= 8174123))

table 5 : explain SELECT k, c FROM sbtest5 WHERE k BETWEEN 8174023 AND 8174123
	Bitmap Heap Scan on sbtest5  (cost=5.54..432.69 rows=108 width=125)
	  Recheck Cond: ((k >= 8174023) AND (k <= 8174123))
	  ->  Bitmap Index Scan on k_5  (cost=0.00..5.51 rows=108 width=0)
	        Index Cond: ((k >= 8174023) AND (k <= 8174123))

table 6 : explain SELECT k, c FROM sbtest6 WHERE k BETWEEN 8174023 AND 8174123
	Bitmap Heap Scan on sbtest6  (cost=5.49..413.00 rows=103 width=125)
	  Recheck Cond: ((k >= 8174023) AND (k <= 8174123))
	  ->  Bitmap Index Scan on k_6  (cost=0.00..5.46 rows=103 width=0)
	        Index Cond: ((k >= 8174023) AND (k <= 8174123))

table 7 : explain SELECT k, c FROM sbtest7 WHERE k BETWEEN 8174023 AND 8174123
	Bitmap Heap Scan on sbtest7  (cost=5.50..416.94 rows=104 width=125)
	  Recheck Cond: ((k >= 8174023) AND (k <= 8174123))
	  ->  Bitmap Index Scan on k_7  (cost=0.00..5.47 rows=104 width=0)
	        Index Cond: ((k >= 8174023) AND (k <= 8174123))

table 8 : explain SELECT k, c FROM sbtest8 WHERE k BETWEEN 8174023 AND 8174123
	Bitmap Heap Scan on sbtest8  (cost=5.41..381.49 rows=95 width=125)
	  Recheck Cond: ((k >= 8174023) AND (k <= 8174123))
	  ->  Bitmap Index Scan on k_8  (cost=0.00..5.38 rows=95 width=0)
	        Index Cond: ((k >= 8174023) AND (k <= 8174123))

for range-notcovered
table 1 : explain SELECT k, c FROM sbtest1 WHERE k BETWEEN 4251088 AND 4251188
	Bitmap Heap Scan on sbtest1  (cost=5.50..416.94 rows=104 width=125)
	  Recheck Cond: ((k >= 4251088) AND (k <= 4251188))
	  ->  Bitmap Index Scan on k_1  (cost=0.00..5.47 rows=104 width=0)
	        Index Cond: ((k >= 4251088) AND (k <= 4251188))

table 2 : explain SELECT k, c FROM sbtest2 WHERE k BETWEEN 4251088 AND 4251188
	Bitmap Heap Scan on sbtest2  (cost=5.43..389.37 rows=97 width=125)
	  Recheck Cond: ((k >= 4251088) AND (k <= 4251188))
	  ->  Bitmap Index Scan on k_2  (cost=0.00..5.40 rows=97 width=0)
	        Index Cond: ((k >= 4251088) AND (k <= 4251188))

table 3 : explain SELECT k, c FROM sbtest3 WHERE k BETWEEN 4251088 AND 4251188
	Bitmap Heap Scan on sbtest3  (cost=5.55..436.62 rows=109 width=125)
	  Recheck Cond: ((k >= 4251088) AND (k <= 4251188))
	  ->  Bitmap Index Scan on k_3  (cost=0.00..5.52 rows=109 width=0)
	        Index Cond: ((k >= 4251088) AND (k <= 4251188))

table 4 : explain SELECT k, c FROM sbtest4 WHERE k BETWEEN 4251088 AND 4251188
	Bitmap Heap Scan on sbtest4  (cost=5.49..413.00 rows=103 width=125)
	  Recheck Cond: ((k >= 4251088) AND (k <= 4251188))
	  ->  Bitmap Index Scan on k_4  (cost=0.00..5.46 rows=103 width=0)
	        Index Cond: ((k >= 4251088) AND (k <= 4251188))

table 5 : explain SELECT k, c FROM sbtest5 WHERE k BETWEEN 4251088 AND 4251188
	Bitmap Heap Scan on sbtest5  (cost=5.50..416.94 rows=104 width=125)
	  Recheck Cond: ((k >= 4251088) AND (k <= 4251188))
	  ->  Bitmap Index Scan on k_5  (cost=0.00..5.47 rows=104 width=0)
	        Index Cond: ((k >= 4251088) AND (k <= 4251188))

table 6 : explain SELECT k, c FROM sbtest6 WHERE k BETWEEN 4251088 AND 4251188
	Bitmap Heap Scan on sbtest6  (cost=5.54..432.69 rows=108 width=125)
	  Recheck Cond: ((k >= 4251088) AND (k <= 4251188))
	  ->  Bitmap Index Scan on k_6  (cost=0.00..5.51 rows=108 width=0)
	        Index Cond: ((k >= 4251088) AND (k <= 4251188))

table 7 : explain SELECT k, c FROM sbtest7 WHERE k BETWEEN 4251088 AND 4251188
	Bitmap Heap Scan on sbtest7  (cost=5.57..444.49 rows=111 width=125)
	  Recheck Cond: ((k >= 4251088) AND (k <= 4251188))
	  ->  Bitmap Index Scan on k_7  (cost=0.00..5.54 rows=111 width=0)
	        Index Cond: ((k >= 4251088) AND (k <= 4251188))

table 8 : explain SELECT k, c FROM sbtest8 WHERE k BETWEEN 4251088 AND 4251188
	Bitmap Heap Scan on sbtest8  (cost=5.49..413.00 rows=103 width=125)
	  Recheck Cond: ((k >= 4251088) AND (k <= 4251188))
	  ->  Bitmap Index Scan on k_8  (cost=0.00..5.46 rows=103 width=0)
	        Index Cond: ((k >= 4251088) AND (k <= 4251188))

explain: for range-notcovered :: explain SELECT k, c FROM sbtest%d WHERE k BETWEEN 8174023 AND 8174123
explain: for range-notcovered :: explain SELECT k, c FROM sbtest%d WHERE k BETWEEN 4251088 AND 4251188
for range-notcovered
table 1 : explain SELECT k, c FROM sbtest1 WHERE k BETWEEN 7223023 AND 7223123
	Bitmap Heap Scan on sbtest1  (cost=5.50..416.94 rows=104 width=125)
	  Recheck Cond: ((k >= 7223023) AND (k <= 7223123))
	  ->  Bitmap Index Scan on k_1  (cost=0.00..5.47 rows=104 width=0)
	        Index Cond: ((k >= 7223023) AND (k <= 7223123))

table 2 : explain SELECT k, c FROM sbtest2 WHERE k BETWEEN 7223023 AND 7223123
	Bitmap Heap Scan on sbtest2  (cost=5.46..401.19 rows=100 width=125)
	  Recheck Cond: ((k >= 7223023) AND (k <= 7223123))
	  ->  Bitmap Index Scan on k_2  (cost=0.00..5.43 rows=100 width=0)
	        Index Cond: ((k >= 7223023) AND (k <= 7223123))

table 3 : explain SELECT k, c FROM sbtest3 WHERE k BETWEEN 7223023 AND 7223123
	Bitmap Heap Scan on sbtest3  (cost=5.40..377.55 rows=94 width=125)
	  Recheck Cond: ((k >= 7223023) AND (k <= 7223123))
	  ->  Bitmap Index Scan on k_3  (cost=0.00..5.38 rows=94 width=0)
	        Index Cond: ((k >= 7223023) AND (k <= 7223123))

table 4 : explain SELECT k, c FROM sbtest4 WHERE k BETWEEN 7223023 AND 7223123
	Bitmap Heap Scan on sbtest4  (cost=5.48..409.07 rows=102 width=125)
	  Recheck Cond: ((k >= 7223023) AND (k <= 7223123))
	  ->  Bitmap Index Scan on k_4  (cost=0.00..5.45 rows=102 width=0)
	        Index Cond: ((k >= 7223023) AND (k <= 7223123))

table 5 : explain SELECT k, c FROM sbtest5 WHERE k BETWEEN 7223023 AND 7223123
	Bitmap Heap Scan on sbtest5  (cost=5.50..416.94 rows=104 width=125)
	  Recheck Cond: ((k >= 7223023) AND (k <= 7223123))
	  ->  Bitmap Index Scan on k_5  (cost=0.00..5.47 rows=104 width=0)
	        Index Cond: ((k >= 7223023) AND (k <= 7223123))

table 6 : explain SELECT k, c FROM sbtest6 WHERE k BETWEEN 7223023 AND 7223123
	Bitmap Heap Scan on sbtest6  (cost=5.41..381.49 rows=95 width=125)
	  Recheck Cond: ((k >= 7223023) AND (k <= 7223123))
	  ->  Bitmap Index Scan on k_6  (cost=0.00..5.38 rows=95 width=0)
	        Index Cond: ((k >= 7223023) AND (k <= 7223123))

table 7 : explain SELECT k, c FROM sbtest7 WHERE k BETWEEN 7223023 AND 7223123
	Bitmap Heap Scan on sbtest7  (cost=5.51..420.88 rows=105 width=125)
	  Recheck Cond: ((k >= 7223023) AND (k <= 7223123))
	  ->  Bitmap Index Scan on k_7  (cost=0.00..5.48 rows=105 width=0)
	        Index Cond: ((k >= 7223023) AND (k <= 7223123))

table 8 : explain SELECT k, c FROM sbtest8 WHERE k BETWEEN 7223023 AND 7223123
	Bitmap Heap Scan on sbtest8  (cost=5.46..401.19 rows=100 width=125)
	  Recheck Cond: ((k >= 7223023) AND (k <= 7223123))
	  ->  Bitmap Index Scan on k_8  (cost=0.00..5.43 rows=100 width=0)
	        Index Cond: ((k >= 7223023) AND (k <= 7223123))

explain: for range-notcovered :: explain SELECT k, c FROM sbtest%d WHERE k BETWEEN 3201300 AND 3201400
for range-notcovered
table 1 : explain SELECT k, c FROM sbtest1 WHERE k BETWEEN 4251088 AND 4251188
	Bitmap Heap Scan on sbtest1  (cost=5.50..416.94 rows=104 width=125)
	  Recheck Cond: ((k >= 4251088) AND (k <= 4251188))
	  ->  Bitmap Index Scan on k_1  (cost=0.00..5.47 rows=104 width=0)
	        Index Cond: ((k >= 4251088) AND (k <= 4251188))

table 2 : explain SELECT k, c FROM sbtest2 WHERE k BETWEEN 4251088 AND 4251188
	Bitmap Heap Scan on sbtest2  (cost=5.43..389.37 rows=97 width=125)
	  Recheck Cond: ((k >= 4251088) AND (k <= 4251188))
	  ->  Bitmap Index Scan on k_2  (cost=0.00..5.40 rows=97 width=0)
	        Index Cond: ((k >= 4251088) AND (k <= 4251188))

table 3 : explain SELECT k, c FROM sbtest3 WHERE k BETWEEN 4251088 AND 4251188
	Bitmap Heap Scan on sbtest3  (cost=5.55..436.62 rows=109 width=125)
	  Recheck Cond: ((k >= 4251088) AND (k <= 4251188))
	  ->  Bitmap Index Scan on k_3  (cost=0.00..5.52 rows=109 width=0)
	        Index Cond: ((k >= 4251088) AND (k <= 4251188))

table 4 : explain SELECT k, c FROM sbtest4 WHERE k BETWEEN 4251088 AND 4251188
	Bitmap Heap Scan on sbtest4  (cost=5.49..413.00 rows=103 width=125)
	  Recheck Cond: ((k >= 4251088) AND (k <= 4251188))
	  ->  Bitmap Index Scan on k_4  (cost=0.00..5.46 rows=103 width=0)
	        Index Cond: ((k >= 4251088) AND (k <= 4251188))

table 5 : explain SELECT k, c FROM sbtest5 WHERE k BETWEEN 4251088 AND 4251188
	Bitmap Heap Scan on sbtest5  (cost=5.50..416.94 rows=104 width=125)
	  Recheck Cond: ((k >= 4251088) AND (k <= 4251188))
	  ->  Bitmap Index Scan on k_5  (cost=0.00..5.47 rows=104 width=0)
	        Index Cond: ((k >= 4251088) AND (k <= 4251188))

table 6 : explain SELECT k, c FROM sbtest6 WHERE k BETWEEN 4251088 AND 4251188
	Bitmap Heap Scan on sbtest6  (cost=5.54..432.69 rows=108 width=125)
	  Recheck Cond: ((k >= 4251088) AND (k <= 4251188))
	  ->  Bitmap Index Scan on k_6  (cost=0.00..5.51 rows=108 width=0)
	        Index Cond: ((k >= 4251088) AND (k <= 4251188))

table 7 : explain SELECT k, c FROM sbtest7 WHERE k BETWEEN 4251088 AND 4251188
	Bitmap Heap Scan on sbtest7  (cost=5.57..444.49 rows=111 width=125)
	  Recheck Cond: ((k >= 4251088) AND (k <= 4251188))
	  ->  Bitmap Index Scan on k_7  (cost=0.00..5.54 rows=111 width=0)
	        Index Cond: ((k >= 4251088) AND (k <= 4251188))

table 8 : explain SELECT k, c FROM sbtest8 WHERE k BETWEEN 4251088 AND 4251188
	Bitmap Heap Scan on sbtest8  (cost=5.49..413.00 rows=103 width=125)
	  Recheck Cond: ((k >= 4251088) AND (k <= 4251188))
	  ->  Bitmap Index Scan on k_8  (cost=0.00..5.46 rows=103 width=0)
	        Index Cond: ((k >= 4251088) AND (k <= 4251188))

explain: for range-notcovered :: explain SELECT k, c FROM sbtest%d WHERE k BETWEEN 4251088 AND 4251188
for range-notcovered
table 1 : explain SELECT k, c FROM sbtest1 WHERE k BETWEEN 7156597 AND 7156697
	Bitmap Heap Scan on sbtest1  (cost=5.45..397.25 rows=99 width=125)
	  Recheck Cond: ((k >= 7156597) AND (k <= 7156697))
	  ->  Bitmap Index Scan on k_1  (cost=0.00..5.42 rows=99 width=0)
	        Index Cond: ((k >= 7156597) AND (k <= 7156697))

table 2 : explain SELECT k, c FROM sbtest2 WHERE k BETWEEN 7156597 AND 7156697
	Bitmap Heap Scan on sbtest2  (cost=5.49..413.00 rows=103 width=125)
	  Recheck Cond: ((k >= 7156597) AND (k <= 7156697))
	  ->  Bitmap Index Scan on k_2  (cost=0.00..5.46 rows=103 width=0)
	        Index Cond: ((k >= 7156597) AND (k <= 7156697))

table 3 : explain SELECT k, c FROM sbtest3 WHERE k BETWEEN 7156597 AND 7156697
	Bitmap Heap Scan on sbtest3  (cost=5.55..436.62 rows=109 width=125)
	  Recheck Cond: ((k >= 7156597) AND (k <= 7156697))
	  ->  Bitmap Index Scan on k_3  (cost=0.00..5.52 rows=109 width=0)
	        Index Cond: ((k >= 7156597) AND (k <= 7156697))

table 4 : explain SELECT k, c FROM sbtest4 WHERE k BETWEEN 7156597 AND 7156697
	Bitmap Heap Scan on sbtest4  (cost=5.42..385.43 rows=96 width=125)
	  Recheck Cond: ((k >= 7156597) AND (k <= 7156697))
	  ->  Bitmap Index Scan on k_4  (cost=0.00..5.39 rows=96 width=0)
	        Index Cond: ((k >= 7156597) AND (k <= 7156697))

table 5 : explain SELECT k, c FROM sbtest5 WHERE k BETWEEN 7156597 AND 7156697
	Bitmap Heap Scan on sbtest5  (cost=5.49..413.00 rows=103 width=125)
	  Recheck Cond: ((k >= 7156597) AND (k <= 7156697))
	  ->  Bitmap Index Scan on k_5  (cost=0.00..5.46 rows=103 width=0)
	        Index Cond: ((k >= 7156597) AND (k <= 7156697))

table 6 : explain SELECT k, c FROM sbtest6 WHERE k BETWEEN 7156597 AND 7156697
	Bitmap Heap Scan on sbtest6  (cost=5.49..413.00 rows=103 width=125)
	  Recheck Cond: ((k >= 7156597) AND (k <= 7156697))
	  ->  Bitmap Index Scan on k_6  (cost=0.00..5.46 rows=103 width=0)
	        Index Cond: ((k >= 7156597) AND (k <= 7156697))

table 7 : explain SELECT k, c FROM sbtest7 WHERE k BETWEEN 7156597 AND 7156697
	Bitmap Heap Scan on sbtest7  (cost=5.51..420.88 rows=105 width=125)
	  Recheck Cond: ((k >= 7156597) AND (k <= 7156697))
	  ->  Bitmap Index Scan on k_7  (cost=0.00..5.48 rows=105 width=0)
	        Index Cond: ((k >= 7156597) AND (k <= 7156697))

table 8 : explain SELECT k, c FROM sbtest8 WHERE k BETWEEN 7156597 AND 7156697
	Bitmap Heap Scan on sbtest8  (cost=5.46..401.19 rows=100 width=125)
	  Recheck Cond: ((k >= 7156597) AND (k <= 7156697))
	  ->  Bitmap Index Scan on k_8  (cost=0.00..5.43 rows=100 width=0)
	        Index Cond: ((k >= 7156597) AND (k <= 7156697))

for range-notcovered
table 1 : explain SELECT k, c FROM sbtest1 WHERE k BETWEEN 8174023 AND 8174123
	Bitmap Heap Scan on sbtest1  (cost=5.59..452.36 rows=113 width=125)
	  Recheck Cond: ((k >= 8174023) AND (k <= 8174123))
	  ->  Bitmap Index Scan on k_1  (cost=0.00..5.56 rows=113 width=0)
	        Index Cond: ((k >= 8174023) AND (k <= 8174123))

table 2 : explain SELECT k, c FROM sbtest2 WHERE k BETWEEN 8174023 AND 8174123
	Bitmap Heap Scan on sbtest2  (cost=5.50..416.94 rows=104 width=125)
	  Recheck Cond: ((k >= 8174023) AND (k <= 8174123))
	  ->  Bitmap Index Scan on k_2  (cost=0.00..5.47 rows=104 width=0)
	        Index Cond: ((k >= 8174023) AND (k <= 8174123))

table 3 : explain SELECT k, c FROM sbtest3 WHERE k BETWEEN 8174023 AND 8174123
	Bitmap Heap Scan on sbtest3  (cost=5.51..420.88 rows=105 width=125)
	  Recheck Cond: ((k >= 8174023) AND (k <= 8174123))
	  ->  Bitmap Index Scan on k_3  (cost=0.00..5.48 rows=105 width=0)
	        Index Cond: ((k >= 8174023) AND (k <= 8174123))

table 4 : explain SELECT k, c FROM sbtest4 WHERE k BETWEEN 8174023 AND 8174123
	Bitmap Heap Scan on sbtest4  (cost=5.46..401.19 rows=100 width=125)
	  Recheck Cond: ((k >= 8174023) AND (k <= 8174123))
	  ->  Bitmap Index Scan on k_4  (cost=0.00..5.43 rows=100 width=0)
	        Index Cond: ((k >= 8174023) AND (k <= 8174123))

table 5 : explain SELECT k, c FROM sbtest5 WHERE k BETWEEN 8174023 AND 8174123
	Bitmap Heap Scan on sbtest5  (cost=5.54..432.69 rows=108 width=125)
	  Recheck Cond: ((k >= 8174023) AND (k <= 8174123))
	  ->  Bitmap Index Scan on k_5  (cost=0.00..5.51 rows=108 width=0)
	        Index Cond: ((k >= 8174023) AND (k <= 8174123))

table 6 : explain SELECT k, c FROM sbtest6 WHERE k BETWEEN 8174023 AND 8174123
	Bitmap Heap Scan on sbtest6  (cost=5.49..413.00 rows=103 width=125)
	  Recheck Cond: ((k >= 8174023) AND (k <= 8174123))
	  ->  Bitmap Index Scan on k_6  (cost=0.00..5.46 rows=103 width=0)
	        Index Cond: ((k >= 8174023) AND (k <= 8174123))

table 7 : explain SELECT k, c FROM sbtest7 WHERE k BETWEEN 8174023 AND 8174123
	Bitmap Heap Scan on sbtest7  (cost=5.50..416.94 rows=104 width=125)
	  Recheck Cond: ((k >= 8174023) AND (k <= 8174123))
	  ->  Bitmap Index Scan on k_7  (cost=0.00..5.47 rows=104 width=0)
	        Index Cond: ((k >= 8174023) AND (k <= 8174123))

table 8 : explain SELECT k, c FROM sbtest8 WHERE k BETWEEN 8174023 AND 8174123
	Bitmap Heap Scan on sbtest8  (cost=5.41..381.49 rows=95 width=125)
	  Recheck Cond: ((k >= 8174023) AND (k <= 8174123))
	  ->  Bitmap Index Scan on k_8  (cost=0.00..5.38 rows=95 width=0)
	        Index Cond: ((k >= 8174023) AND (k <= 8174123))

explain: for range-notcovered :: explain SELECT k, c FROM sbtest%d WHERE k BETWEEN 7223023 AND 7223123
explain: for range-notcovered :: explain SELECT k, c FROM sbtest%d WHERE k BETWEEN 8174023 AND 8174123
for range-notcovered
table 1 : explain SELECT k, c FROM sbtest1 WHERE k BETWEEN 4251088 AND 4251188
	Bitmap Heap Scan on sbtest1  (cost=5.50..416.94 rows=104 width=125)
	  Recheck Cond: ((k >= 4251088) AND (k <= 4251188))
	  ->  Bitmap Index Scan on k_1  (cost=0.00..5.47 rows=104 width=0)
	        Index Cond: ((k >= 4251088) AND (k <= 4251188))

table 2 : explain SELECT k, c FROM sbtest2 WHERE k BETWEEN 4251088 AND 4251188
	Bitmap Heap Scan on sbtest2  (cost=5.43..389.37 rows=97 width=125)
	  Recheck Cond: ((k >= 4251088) AND (k <= 4251188))
	  ->  Bitmap Index Scan on k_2  (cost=0.00..5.40 rows=97 width=0)
	        Index Cond: ((k >= 4251088) AND (k <= 4251188))

table 3 : explain SELECT k, c FROM sbtest3 WHERE k BETWEEN 4251088 AND 4251188
	Bitmap Heap Scan on sbtest3  (cost=5.55..436.62 rows=109 width=125)
	  Recheck Cond: ((k >= 4251088) AND (k <= 4251188))
	  ->  Bitmap Index Scan on k_3  (cost=0.00..5.52 rows=109 width=0)
	        Index Cond: ((k >= 4251088) AND (k <= 4251188))

table 4 : explain SELECT k, c FROM sbtest4 WHERE k BETWEEN 4251088 AND 4251188
	Bitmap Heap Scan on sbtest4  (cost=5.49..413.00 rows=103 width=125)
	  Recheck Cond: ((k >= 4251088) AND (k <= 4251188))
	  ->  Bitmap Index Scan on k_4  (cost=0.00..5.46 rows=103 width=0)
	        Index Cond: ((k >= 4251088) AND (k <= 4251188))

table 5 : explain SELECT k, c FROM sbtest5 WHERE k BETWEEN 4251088 AND 4251188
	Bitmap Heap Scan on sbtest5  (cost=5.50..416.94 rows=104 width=125)
	  Recheck Cond: ((k >= 4251088) AND (k <= 4251188))
	  ->  Bitmap Index Scan on k_5  (cost=0.00..5.47 rows=104 width=0)
	        Index Cond: ((k >= 4251088) AND (k <= 4251188))

table 6 : explain SELECT k, c FROM sbtest6 WHERE k BETWEEN 4251088 AND 4251188
	Bitmap Heap Scan on sbtest6  (cost=5.54..432.69 rows=108 width=125)
	  Recheck Cond: ((k >= 4251088) AND (k <= 4251188))
	  ->  Bitmap Index Scan on k_6  (cost=0.00..5.51 rows=108 width=0)
	        Index Cond: ((k >= 4251088) AND (k <= 4251188))

table 7 : explain SELECT k, c FROM sbtest7 WHERE k BETWEEN 4251088 AND 4251188
	Bitmap Heap Scan on sbtest7  (cost=5.57..444.49 rows=111 width=125)
	  Recheck Cond: ((k >= 4251088) AND (k <= 4251188))
	  ->  Bitmap Index Scan on k_7  (cost=0.00..5.54 rows=111 width=0)
	        Index Cond: ((k >= 4251088) AND (k <= 4251188))

table 8 : explain SELECT k, c FROM sbtest8 WHERE k BETWEEN 4251088 AND 4251188
	Bitmap Heap Scan on sbtest8  (cost=5.49..413.00 rows=103 width=125)
	  Recheck Cond: ((k >= 4251088) AND (k <= 4251188))
	  ->  Bitmap Index Scan on k_8  (cost=0.00..5.46 rows=103 width=0)
	        Index Cond: ((k >= 4251088) AND (k <= 4251188))

explain: for range-notcovered :: explain SELECT k, c FROM sbtest%d WHERE k BETWEEN 7156597 AND 7156697
for range-notcovered
table 1 : explain SELECT k, c FROM sbtest1 WHERE k BETWEEN 8174023 AND 8174123
	Bitmap Heap Scan on sbtest1  (cost=5.59..452.36 rows=113 width=125)
	  Recheck Cond: ((k >= 8174023) AND (k <= 8174123))
	  ->  Bitmap Index Scan on k_1  (cost=0.00..5.56 rows=113 width=0)
	        Index Cond: ((k >= 8174023) AND (k <= 8174123))

table 2 : explain SELECT k, c FROM sbtest2 WHERE k BETWEEN 8174023 AND 8174123
	Bitmap Heap Scan on sbtest2  (cost=5.50..416.94 rows=104 width=125)
	  Recheck Cond: ((k >= 8174023) AND (k <= 8174123))
	  ->  Bitmap Index Scan on k_2  (cost=0.00..5.47 rows=104 width=0)
	        Index Cond: ((k >= 8174023) AND (k <= 8174123))

table 3 : explain SELECT k, c FROM sbtest3 WHERE k BETWEEN 8174023 AND 8174123
	Bitmap Heap Scan on sbtest3  (cost=5.51..420.88 rows=105 width=125)
	  Recheck Cond: ((k >= 8174023) AND (k <= 8174123))
	  ->  Bitmap Index Scan on k_3  (cost=0.00..5.48 rows=105 width=0)
	        Index Cond: ((k >= 8174023) AND (k <= 8174123))

table 4 : explain SELECT k, c FROM sbtest4 WHERE k BETWEEN 8174023 AND 8174123
	Bitmap Heap Scan on sbtest4  (cost=5.46..401.19 rows=100 width=125)
	  Recheck Cond: ((k >= 8174023) AND (k <= 8174123))
	  ->  Bitmap Index Scan on k_4  (cost=0.00..5.43 rows=100 width=0)
	        Index Cond: ((k >= 8174023) AND (k <= 8174123))

table 5 : explain SELECT k, c FROM sbtest5 WHERE k BETWEEN 8174023 AND 8174123
	Bitmap Heap Scan on sbtest5  (cost=5.54..432.69 rows=108 width=125)
	  Recheck Cond: ((k >= 8174023) AND (k <= 8174123))
	  ->  Bitmap Index Scan on k_5  (cost=0.00..5.51 rows=108 width=0)
	        Index Cond: ((k >= 8174023) AND (k <= 8174123))

table 6 : explain SELECT k, c FROM sbtest6 WHERE k BETWEEN 8174023 AND 8174123
	Bitmap Heap Scan on sbtest6  (cost=5.49..413.00 rows=103 width=125)
	  Recheck Cond: ((k >= 8174023) AND (k <= 8174123))
	  ->  Bitmap Index Scan on k_6  (cost=0.00..5.46 rows=103 width=0)
	        Index Cond: ((k >= 8174023) AND (k <= 8174123))

table 7 : explain SELECT k, c FROM sbtest7 WHERE k BETWEEN 8174023 AND 8174123
	Bitmap Heap Scan on sbtest7  (cost=5.50..416.94 rows=104 width=125)
	  Recheck Cond: ((k >= 8174023) AND (k <= 8174123))
	  ->  Bitmap Index Scan on k_7  (cost=0.00..5.47 rows=104 width=0)
	        Index Cond: ((k >= 8174023) AND (k <= 8174123))

table 8 : explain SELECT k, c FROM sbtest8 WHERE k BETWEEN 8174023 AND 8174123
	Bitmap Heap Scan on sbtest8  (cost=5.41..381.49 rows=95 width=125)
	  Recheck Cond: ((k >= 8174023) AND (k <= 8174123))
	  ->  Bitmap Index Scan on k_8  (cost=0.00..5.38 rows=95 width=0)
	        Index Cond: ((k >= 8174023) AND (k <= 8174123))

for range-notcovered
table 1 : explain SELECT k, c FROM sbtest1 WHERE k BETWEEN 7223023 AND 7223123
	Bitmap Heap Scan on sbtest1  (cost=5.50..416.94 rows=104 width=125)
	  Recheck Cond: ((k >= 7223023) AND (k <= 7223123))
	  ->  Bitmap Index Scan on k_1  (cost=0.00..5.47 rows=104 width=0)
	        Index Cond: ((k >= 7223023) AND (k <= 7223123))

table 2 : explain SELECT k, c FROM sbtest2 WHERE k BETWEEN 7223023 AND 7223123
	Bitmap Heap Scan on sbtest2  (cost=5.46..401.19 rows=100 width=125)
	  Recheck Cond: ((k >= 7223023) AND (k <= 7223123))
	  ->  Bitmap Index Scan on k_2  (cost=0.00..5.43 rows=100 width=0)
	        Index Cond: ((k >= 7223023) AND (k <= 7223123))

table 3 : explain SELECT k, c FROM sbtest3 WHERE k BETWEEN 7223023 AND 7223123
	Bitmap Heap Scan on sbtest3  (cost=5.40..377.55 rows=94 width=125)
	  Recheck Cond: ((k >= 7223023) AND (k <= 7223123))
	  ->  Bitmap Index Scan on k_3  (cost=0.00..5.38 rows=94 width=0)
	        Index Cond: ((k >= 7223023) AND (k <= 7223123))

table 4 : explain SELECT k, c FROM sbtest4 WHERE k BETWEEN 7223023 AND 7223123
	Bitmap Heap Scan on sbtest4  (cost=5.48..409.07 rows=102 width=125)
	  Recheck Cond: ((k >= 7223023) AND (k <= 7223123))
	  ->  Bitmap Index Scan on k_4  (cost=0.00..5.45 rows=102 width=0)
	        Index Cond: ((k >= 7223023) AND (k <= 7223123))

table 5 : explain SELECT k, c FROM sbtest5 WHERE k BETWEEN 7223023 AND 7223123
	Bitmap Heap Scan on sbtest5  (cost=5.50..416.94 rows=104 width=125)
	  Recheck Cond: ((k >= 7223023) AND (k <= 7223123))
	  ->  Bitmap Index Scan on k_5  (cost=0.00..5.47 rows=104 width=0)
	        Index Cond: ((k >= 7223023) AND (k <= 7223123))

table 6 : explain SELECT k, c FROM sbtest6 WHERE k BETWEEN 7223023 AND 7223123
	Bitmap Heap Scan on sbtest6  (cost=5.41..381.49 rows=95 width=125)
	  Recheck Cond: ((k >= 7223023) AND (k <= 7223123))
	  ->  Bitmap Index Scan on k_6  (cost=0.00..5.38 rows=95 width=0)
	        Index Cond: ((k >= 7223023) AND (k <= 7223123))

table 7 : explain SELECT k, c FROM sbtest7 WHERE k BETWEEN 7223023 AND 7223123
	Bitmap Heap Scan on sbtest7  (cost=5.51..420.88 rows=105 width=125)
	  Recheck Cond: ((k >= 7223023) AND (k <= 7223123))
	  ->  Bitmap Index Scan on k_7  (cost=0.00..5.48 rows=105 width=0)
	        Index Cond: ((k >= 7223023) AND (k <= 7223123))

table 8 : explain SELECT k, c FROM sbtest8 WHERE k BETWEEN 7223023 AND 7223123
	Bitmap Heap Scan on sbtest8  (cost=5.46..401.19 rows=100 width=125)
	  Recheck Cond: ((k >= 7223023) AND (k <= 7223123))
	  ->  Bitmap Index Scan on k_8  (cost=0.00..5.43 rows=100 width=0)
	        Index Cond: ((k >= 7223023) AND (k <= 7223123))

explain: for range-notcovered :: explain SELECT k, c FROM sbtest%d WHERE k BETWEEN 7223023 AND 7223123
for range-notcovered
table 1 : explain SELECT k, c FROM sbtest1 WHERE k BETWEEN 7156597 AND 7156697
	Bitmap Heap Scan on sbtest1  (cost=5.45..397.25 rows=99 width=125)
	  Recheck Cond: ((k >= 7156597) AND (k <= 7156697))
	  ->  Bitmap Index Scan on k_1  (cost=0.00..5.42 rows=99 width=0)
	        Index Cond: ((k >= 7156597) AND (k <= 7156697))

table 2 : explain SELECT k, c FROM sbtest2 WHERE k BETWEEN 7156597 AND 7156697
	Bitmap Heap Scan on sbtest2  (cost=5.49..413.00 rows=103 width=125)
	  Recheck Cond: ((k >= 7156597) AND (k <= 7156697))
	  ->  Bitmap Index Scan on k_2  (cost=0.00..5.46 rows=103 width=0)
	        Index Cond: ((k >= 7156597) AND (k <= 7156697))

table 3 : explain SELECT k, c FROM sbtest3 WHERE k BETWEEN 7156597 AND 7156697
	Bitmap Heap Scan on sbtest3  (cost=5.55..436.62 rows=109 width=125)
	  Recheck Cond: ((k >= 7156597) AND (k <= 7156697))
	  ->  Bitmap Index Scan on k_3  (cost=0.00..5.52 rows=109 width=0)
	        Index Cond: ((k >= 7156597) AND (k <= 7156697))

table 4 : explain SELECT k, c FROM sbtest4 WHERE k BETWEEN 7156597 AND 7156697
	Bitmap Heap Scan on sbtest4  (cost=5.42..385.43 rows=96 width=125)
	  Recheck Cond: ((k >= 7156597) AND (k <= 7156697))
	  ->  Bitmap Index Scan on k_4  (cost=0.00..5.39 rows=96 width=0)
	        Index Cond: ((k >= 7156597) AND (k <= 7156697))

table 5 : explain SELECT k, c FROM sbtest5 WHERE k BETWEEN 7156597 AND 7156697
	Bitmap Heap Scan on sbtest5  (cost=5.49..413.00 rows=103 width=125)
	  Recheck Cond: ((k >= 7156597) AND (k <= 7156697))
	  ->  Bitmap Index Scan on k_5  (cost=0.00..5.46 rows=103 width=0)
	        Index Cond: ((k >= 7156597) AND (k <= 7156697))

table 6 : explain SELECT k, c FROM sbtest6 WHERE k BETWEEN 7156597 AND 7156697
	Bitmap Heap Scan on sbtest6  (cost=5.49..413.00 rows=103 width=125)
	  Recheck Cond: ((k >= 7156597) AND (k <= 7156697))
	  ->  Bitmap Index Scan on k_6  (cost=0.00..5.46 rows=103 width=0)
	        Index Cond: ((k >= 7156597) AND (k <= 7156697))

table 7 : explain SELECT k, c FROM sbtest7 WHERE k BETWEEN 7156597 AND 7156697
	Bitmap Heap Scan on sbtest7  (cost=5.51..420.88 rows=105 width=125)
	  Recheck Cond: ((k >= 7156597) AND (k <= 7156697))
	  ->  Bitmap Index Scan on k_7  (cost=0.00..5.48 rows=105 width=0)
	        Index Cond: ((k >= 7156597) AND (k <= 7156697))

table 8 : explain SELECT k, c FROM sbtest8 WHERE k BETWEEN 7156597 AND 7156697
	Bitmap Heap Scan on sbtest8  (cost=5.46..401.19 rows=100 width=125)
	  Recheck Cond: ((k >= 7156597) AND (k <= 7156697))
	  ->  Bitmap Index Scan on k_8  (cost=0.00..5.43 rows=100 width=0)
	        Index Cond: ((k >= 7156597) AND (k <= 7156697))

explain: for range-notcovered :: explain SELECT k, c FROM sbtest%d WHERE k BETWEEN 4251088 AND 4251188
for range-notcovered
table 1 : explain SELECT k, c FROM sbtest1 WHERE k BETWEEN 8139180 AND 8139280
	Bitmap Heap Scan on sbtest1  (cost=5.59..452.36 rows=113 width=125)
	  Recheck Cond: ((k >= 8139180) AND (k <= 8139280))
	  ->  Bitmap Index Scan on k_1  (cost=0.00..5.56 rows=113 width=0)
	        Index Cond: ((k >= 8139180) AND (k <= 8139280))

table 2 : explain SELECT k, c FROM sbtest2 WHERE k BETWEEN 8139180 AND 8139280
	Bitmap Heap Scan on sbtest2  (cost=5.50..416.94 rows=104 width=125)
	  Recheck Cond: ((k >= 8139180) AND (k <= 8139280))
	  ->  Bitmap Index Scan on k_2  (cost=0.00..5.47 rows=104 width=0)
	        Index Cond: ((k >= 8139180) AND (k <= 8139280))

table 3 : explain SELECT k, c FROM sbtest3 WHERE k BETWEEN 8139180 AND 8139280
	Bitmap Heap Scan on sbtest3  (cost=5.51..420.88 rows=105 width=125)
	  Recheck Cond: ((k >= 8139180) AND (k <= 8139280))
	  ->  Bitmap Index Scan on k_3  (cost=0.00..5.48 rows=105 width=0)
	        Index Cond: ((k >= 8139180) AND (k <= 8139280))

table 4 : explain SELECT k, c FROM sbtest4 WHERE k BETWEEN 8139180 AND 8139280
	Bitmap Heap Scan on sbtest4  (cost=5.49..413.00 rows=103 width=125)
	  Recheck Cond: ((k >= 8139180) AND (k <= 8139280))
	  ->  Bitmap Index Scan on k_4  (cost=0.00..5.46 rows=103 width=0)
	        Index Cond: ((k >= 8139180) AND (k <= 8139280))

table 5 : explain SELECT k, c FROM sbtest5 WHERE k BETWEEN 8139180 AND 8139280
	Bitmap Heap Scan on sbtest5  (cost=5.54..432.69 rows=108 width=125)
	  Recheck Cond: ((k >= 8139180) AND (k <= 8139280))
	  ->  Bitmap Index Scan on k_5  (cost=0.00..5.51 rows=108 width=0)
	        Index Cond: ((k >= 8139180) AND (k <= 8139280))

table 6 : explain SELECT k, c FROM sbtest6 WHERE k BETWEEN 8139180 AND 8139280
	Bitmap Heap Scan on sbtest6  (cost=5.49..413.00 rows=103 width=125)
	  Recheck Cond: ((k >= 8139180) AND (k <= 8139280))
	  ->  Bitmap Index Scan on k_6  (cost=0.00..5.46 rows=103 width=0)
	        Index Cond: ((k >= 8139180) AND (k <= 8139280))

table 7 : explain SELECT k, c FROM sbtest7 WHERE k BETWEEN 8139180 AND 8139280
	Bitmap Heap Scan on sbtest7  (cost=5.46..401.19 rows=100 width=125)
	  Recheck Cond: ((k >= 8139180) AND (k <= 8139280))
	  ->  Bitmap Index Scan on k_7  (cost=0.00..5.43 rows=100 width=0)
	        Index Cond: ((k >= 8139180) AND (k <= 8139280))

table 8 : explain SELECT k, c FROM sbtest8 WHERE k BETWEEN 8139180 AND 8139280
	Bitmap Heap Scan on sbtest8  (cost=5.49..413.00 rows=103 width=125)
	  Recheck Cond: ((k >= 8139180) AND (k <= 8139280))
	  ->  Bitmap Index Scan on k_8  (cost=0.00..5.46 rows=103 width=0)
	        Index Cond: ((k >= 8139180) AND (k <= 8139280))

explain: for range-notcovered :: explain SELECT k, c FROM sbtest%d WHERE k BETWEEN 8139180 AND 8139280
for range-notcovered
table 1 : explain SELECT k, c FROM sbtest1 WHERE k BETWEEN 4251088 AND 4251188
	Bitmap Heap Scan on sbtest1  (cost=5.50..416.94 rows=104 width=125)
	  Recheck Cond: ((k >= 4251088) AND (k <= 4251188))
	  ->  Bitmap Index Scan on k_1  (cost=0.00..5.47 rows=104 width=0)
	        Index Cond: ((k >= 4251088) AND (k <= 4251188))

table 2 : explain SELECT k, c FROM sbtest2 WHERE k BETWEEN 4251088 AND 4251188
	Bitmap Heap Scan on sbtest2  (cost=5.43..389.37 rows=97 width=125)
	  Recheck Cond: ((k >= 4251088) AND (k <= 4251188))
	  ->  Bitmap Index Scan on k_2  (cost=0.00..5.40 rows=97 width=0)
	        Index Cond: ((k >= 4251088) AND (k <= 4251188))

table 3 : explain SELECT k, c FROM sbtest3 WHERE k BETWEEN 4251088 AND 4251188
	Bitmap Heap Scan on sbtest3  (cost=5.55..436.62 rows=109 width=125)
	  Recheck Cond: ((k >= 4251088) AND (k <= 4251188))
	  ->  Bitmap Index Scan on k_3  (cost=0.00..5.52 rows=109 width=0)
	        Index Cond: ((k >= 4251088) AND (k <= 4251188))

table 4 : explain SELECT k, c FROM sbtest4 WHERE k BETWEEN 4251088 AND 4251188
	Bitmap Heap Scan on sbtest4  (cost=5.49..413.00 rows=103 width=125)
	  Recheck Cond: ((k >= 4251088) AND (k <= 4251188))
	  ->  Bitmap Index Scan on k_4  (cost=0.00..5.46 rows=103 width=0)
	        Index Cond: ((k >= 4251088) AND (k <= 4251188))

table 5 : explain SELECT k, c FROM sbtest5 WHERE k BETWEEN 4251088 AND 4251188
	Bitmap Heap Scan on sbtest5  (cost=5.50..416.94 rows=104 width=125)
	  Recheck Cond: ((k >= 4251088) AND (k <= 4251188))
	  ->  Bitmap Index Scan on k_5  (cost=0.00..5.47 rows=104 width=0)
	        Index Cond: ((k >= 4251088) AND (k <= 4251188))

table 6 : explain SELECT k, c FROM sbtest6 WHERE k BETWEEN 4251088 AND 4251188
	Bitmap Heap Scan on sbtest6  (cost=5.54..432.69 rows=108 width=125)
	  Recheck Cond: ((k >= 4251088) AND (k <= 4251188))
	  ->  Bitmap Index Scan on k_6  (cost=0.00..5.51 rows=108 width=0)
	        Index Cond: ((k >= 4251088) AND (k <= 4251188))

table 7 : explain SELECT k, c FROM sbtest7 WHERE k BETWEEN 4251088 AND 4251188
	Bitmap Heap Scan on sbtest7  (cost=5.57..444.49 rows=111 width=125)
	  Recheck Cond: ((k >= 4251088) AND (k <= 4251188))
	  ->  Bitmap Index Scan on k_7  (cost=0.00..5.54 rows=111 width=0)
	        Index Cond: ((k >= 4251088) AND (k <= 4251188))

table 8 : explain SELECT k, c FROM sbtest8 WHERE k BETWEEN 4251088 AND 4251188
	Bitmap Heap Scan on sbtest8  (cost=5.49..413.00 rows=103 width=125)
	  Recheck Cond: ((k >= 4251088) AND (k <= 4251188))
	  ->  Bitmap Index Scan on k_8  (cost=0.00..5.46 rows=103 width=0)
	        Index Cond: ((k >= 4251088) AND (k <= 4251188))

explain: for range-notcovered :: explain SELECT k, c FROM sbtest%d WHERE k BETWEEN 4251088 AND 4251188
for range-notcovered
table 1 : explain SELECT k, c FROM sbtest1 WHERE k BETWEEN 8139180 AND 8139280
	Bitmap Heap Scan on sbtest1  (cost=5.59..452.36 rows=113 width=125)
	  Recheck Cond: ((k >= 8139180) AND (k <= 8139280))
	  ->  Bitmap Index Scan on k_1  (cost=0.00..5.56 rows=113 width=0)
	        Index Cond: ((k >= 8139180) AND (k <= 8139280))

table 2 : explain SELECT k, c FROM sbtest2 WHERE k BETWEEN 8139180 AND 8139280
	Bitmap Heap Scan on sbtest2  (cost=5.50..416.94 rows=104 width=125)
	  Recheck Cond: ((k >= 8139180) AND (k <= 8139280))
	  ->  Bitmap Index Scan on k_2  (cost=0.00..5.47 rows=104 width=0)
	        Index Cond: ((k >= 8139180) AND (k <= 8139280))

table 3 : explain SELECT k, c FROM sbtest3 WHERE k BETWEEN 8139180 AND 8139280
	Bitmap Heap Scan on sbtest3  (cost=5.51..420.88 rows=105 width=125)
	  Recheck Cond: ((k >= 8139180) AND (k <= 8139280))
	  ->  Bitmap Index Scan on k_3  (cost=0.00..5.48 rows=105 width=0)
	        Index Cond: ((k >= 8139180) AND (k <= 8139280))

table 4 : explain SELECT k, c FROM sbtest4 WHERE k BETWEEN 8139180 AND 8139280
	Bitmap Heap Scan on sbtest4  (cost=5.49..413.00 rows=103 width=125)
	  Recheck Cond: ((k >= 8139180) AND (k <= 8139280))
	  ->  Bitmap Index Scan on k_4  (cost=0.00..5.46 rows=103 width=0)
	        Index Cond: ((k >= 8139180) AND (k <= 8139280))

table 5 : explain SELECT k, c FROM sbtest5 WHERE k BETWEEN 8139180 AND 8139280
	Bitmap Heap Scan on sbtest5  (cost=5.54..432.69 rows=108 width=125)
	  Recheck Cond: ((k >= 8139180) AND (k <= 8139280))
	  ->  Bitmap Index Scan on k_5  (cost=0.00..5.51 rows=108 width=0)
	        Index Cond: ((k >= 8139180) AND (k <= 8139280))

table 6 : explain SELECT k, c FROM sbtest6 WHERE k BETWEEN 8139180 AND 8139280
	Bitmap Heap Scan on sbtest6  (cost=5.49..413.00 rows=103 width=125)
	  Recheck Cond: ((k >= 8139180) AND (k <= 8139280))
	  ->  Bitmap Index Scan on k_6  (cost=0.00..5.46 rows=103 width=0)
	        Index Cond: ((k >= 8139180) AND (k <= 8139280))

table 7 : explain SELECT k, c FROM sbtest7 WHERE k BETWEEN 8139180 AND 8139280
	Bitmap Heap Scan on sbtest7  (cost=5.46..401.19 rows=100 width=125)
	  Recheck Cond: ((k >= 8139180) AND (k <= 8139280))
	  ->  Bitmap Index Scan on k_7  (cost=0.00..5.43 rows=100 width=0)
	        Index Cond: ((k >= 8139180) AND (k <= 8139280))

table 8 : explain SELECT k, c FROM sbtest8 WHERE k BETWEEN 8139180 AND 8139280
	Bitmap Heap Scan on sbtest8  (cost=5.49..413.00 rows=103 width=125)
	  Recheck Cond: ((k >= 8139180) AND (k <= 8139280))
	  ->  Bitmap Index Scan on k_8  (cost=0.00..5.46 rows=103 width=0)
	        Index Cond: ((k >= 8139180) AND (k <= 8139280))

explain: for range-notcovered :: explain SELECT k, c FROM sbtest%d WHERE k BETWEEN 8139180 AND 8139280
for range-notcovered
table 1 : explain SELECT k, c FROM sbtest1 WHERE k BETWEEN 4251088 AND 4251188
	Bitmap Heap Scan on sbtest1  (cost=5.50..416.94 rows=104 width=125)
	  Recheck Cond: ((k >= 4251088) AND (k <= 4251188))
	  ->  Bitmap Index Scan on k_1  (cost=0.00..5.47 rows=104 width=0)
	        Index Cond: ((k >= 4251088) AND (k <= 4251188))

table 2 : explain SELECT k, c FROM sbtest2 WHERE k BETWEEN 4251088 AND 4251188
	Bitmap Heap Scan on sbtest2  (cost=5.43..389.37 rows=97 width=125)
	  Recheck Cond: ((k >= 4251088) AND (k <= 4251188))
	  ->  Bitmap Index Scan on k_2  (cost=0.00..5.40 rows=97 width=0)
	        Index Cond: ((k >= 4251088) AND (k <= 4251188))

table 3 : explain SELECT k, c FROM sbtest3 WHERE k BETWEEN 4251088 AND 4251188
	Bitmap Heap Scan on sbtest3  (cost=5.55..436.62 rows=109 width=125)
	  Recheck Cond: ((k >= 4251088) AND (k <= 4251188))
	  ->  Bitmap Index Scan on k_3  (cost=0.00..5.52 rows=109 width=0)
	        Index Cond: ((k >= 4251088) AND (k <= 4251188))

table 4 : explain SELECT k, c FROM sbtest4 WHERE k BETWEEN 4251088 AND 4251188
	Bitmap Heap Scan on sbtest4  (cost=5.49..413.00 rows=103 width=125)
	  Recheck Cond: ((k >= 4251088) AND (k <= 4251188))
	  ->  Bitmap Index Scan on k_4  (cost=0.00..5.46 rows=103 width=0)
	        Index Cond: ((k >= 4251088) AND (k <= 4251188))

table 5 : explain SELECT k, c FROM sbtest5 WHERE k BETWEEN 4251088 AND 4251188
	Bitmap Heap Scan on sbtest5  (cost=5.50..416.94 rows=104 width=125)
	  Recheck Cond: ((k >= 4251088) AND (k <= 4251188))
	  ->  Bitmap Index Scan on k_5  (cost=0.00..5.47 rows=104 width=0)
	        Index Cond: ((k >= 4251088) AND (k <= 4251188))

table 6 : explain SELECT k, c FROM sbtest6 WHERE k BETWEEN 4251088 AND 4251188
	Bitmap Heap Scan on sbtest6  (cost=5.54..432.69 rows=108 width=125)
	  Recheck Cond: ((k >= 4251088) AND (k <= 4251188))
	  ->  Bitmap Index Scan on k_6  (cost=0.00..5.51 rows=108 width=0)
	        Index Cond: ((k >= 4251088) AND (k <= 4251188))

table 7 : explain SELECT k, c FROM sbtest7 WHERE k BETWEEN 4251088 AND 4251188
	Bitmap Heap Scan on sbtest7  (cost=5.57..444.49 rows=111 width=125)
	  Recheck Cond: ((k >= 4251088) AND (k <= 4251188))
	  ->  Bitmap Index Scan on k_7  (cost=0.00..5.54 rows=111 width=0)
	        Index Cond: ((k >= 4251088) AND (k <= 4251188))

table 8 : explain SELECT k, c FROM sbtest8 WHERE k BETWEEN 4251088 AND 4251188
	Bitmap Heap Scan on sbtest8  (cost=5.49..413.00 rows=103 width=125)
	  Recheck Cond: ((k >= 4251088) AND (k <= 4251188))
	  ->  Bitmap Index Scan on k_8  (cost=0.00..5.46 rows=103 width=0)
	        Index Cond: ((k >= 4251088) AND (k <= 4251188))

for range-notcovered
table 1 : explain SELECT k, c FROM sbtest1 WHERE k BETWEEN 8139180 AND 8139280
	Bitmap Heap Scan on sbtest1  (cost=5.59..452.36 rows=113 width=125)
	  Recheck Cond: ((k >= 8139180) AND (k <= 8139280))
	  ->  Bitmap Index Scan on k_1  (cost=0.00..5.56 rows=113 width=0)
	        Index Cond: ((k >= 8139180) AND (k <= 8139280))

table 2 : explain SELECT k, c FROM sbtest2 WHERE k BETWEEN 8139180 AND 8139280
	Bitmap Heap Scan on sbtest2  (cost=5.50..416.94 rows=104 width=125)
	  Recheck Cond: ((k >= 8139180) AND (k <= 8139280))
	  ->  Bitmap Index Scan on k_2  (cost=0.00..5.47 rows=104 width=0)
	        Index Cond: ((k >= 8139180) AND (k <= 8139280))

table 3 : explain SELECT k, c FROM sbtest3 WHERE k BETWEEN 8139180 AND 8139280
	Bitmap Heap Scan on sbtest3  (cost=5.51..420.88 rows=105 width=125)
	  Recheck Cond: ((k >= 8139180) AND (k <= 8139280))
	  ->  Bitmap Index Scan on k_3  (cost=0.00..5.48 rows=105 width=0)
	        Index Cond: ((k >= 8139180) AND (k <= 8139280))

table 4 : explain SELECT k, c FROM sbtest4 WHERE k BETWEEN 8139180 AND 8139280
	Bitmap Heap Scan on sbtest4  (cost=5.49..413.00 rows=103 width=125)
	  Recheck Cond: ((k >= 8139180) AND (k <= 8139280))
	  ->  Bitmap Index Scan on k_4  (cost=0.00..5.46 rows=103 width=0)
	        Index Cond: ((k >= 8139180) AND (k <= 8139280))

table 5 : explain SELECT k, c FROM sbtest5 WHERE k BETWEEN 8139180 AND 8139280
	Bitmap Heap Scan on sbtest5  (cost=5.54..432.69 rows=108 width=125)
	  Recheck Cond: ((k >= 8139180) AND (k <= 8139280))
	  ->  Bitmap Index Scan on k_5  (cost=0.00..5.51 rows=108 width=0)
	        Index Cond: ((k >= 8139180) AND (k <= 8139280))

table 6 : explain SELECT k, c FROM sbtest6 WHERE k BETWEEN 8139180 AND 8139280
	Bitmap Heap Scan on sbtest6  (cost=5.49..413.00 rows=103 width=125)
	  Recheck Cond: ((k >= 8139180) AND (k <= 8139280))
	  ->  Bitmap Index Scan on k_6  (cost=0.00..5.46 rows=103 width=0)
	        Index Cond: ((k >= 8139180) AND (k <= 8139280))

table 7 : explain SELECT k, c FROM sbtest7 WHERE k BETWEEN 8139180 AND 8139280
	Bitmap Heap Scan on sbtest7  (cost=5.46..401.19 rows=100 width=125)
	  Recheck Cond: ((k >= 8139180) AND (k <= 8139280))
	  ->  Bitmap Index Scan on k_7  (cost=0.00..5.43 rows=100 width=0)
	        Index Cond: ((k >= 8139180) AND (k <= 8139280))

table 8 : explain SELECT k, c FROM sbtest8 WHERE k BETWEEN 8139180 AND 8139280
	Bitmap Heap Scan on sbtest8  (cost=5.49..413.00 rows=103 width=125)
	  Recheck Cond: ((k >= 8139180) AND (k <= 8139280))
	  ->  Bitmap Index Scan on k_8  (cost=0.00..5.46 rows=103 width=0)
	        Index Cond: ((k >= 8139180) AND (k <= 8139280))

explain: for range-notcovered :: explain SELECT k, c FROM sbtest%d WHERE k BETWEEN 8139180 AND 8139280
for range-notcovered
table 1 : explain SELECT k, c FROM sbtest1 WHERE k BETWEEN 4714262 AND 4714362
	Bitmap Heap Scan on sbtest1  (cost=5.44..393.31 rows=98 width=125)
	  Recheck Cond: ((k >= 4714262) AND (k <= 4714362))
	  ->  Bitmap Index Scan on k_1  (cost=0.00..5.42 rows=98 width=0)
	        Index Cond: ((k >= 4714262) AND (k <= 4714362))

table 2 : explain SELECT k, c FROM sbtest2 WHERE k BETWEEN 4714262 AND 4714362
	Bitmap Heap Scan on sbtest2  (cost=5.48..409.07 rows=102 width=125)
	  Recheck Cond: ((k >= 4714262) AND (k <= 4714362))
	  ->  Bitmap Index Scan on k_2  (cost=0.00..5.45 rows=102 width=0)
	        Index Cond: ((k >= 4714262) AND (k <= 4714362))

table 3 : explain SELECT k, c FROM sbtest3 WHERE k BETWEEN 4714262 AND 4714362
	Bitmap Heap Scan on sbtest3  (cost=5.50..416.94 rows=104 width=125)
	  Recheck Cond: ((k >= 4714262) AND (k <= 4714362))
	  ->  Bitmap Index Scan on k_3  (cost=0.00..5.47 rows=104 width=0)
	        Index Cond: ((k >= 4714262) AND (k <= 4714362))

table 4 : explain SELECT k, c FROM sbtest4 WHERE k BETWEEN 4714262 AND 4714362
	Bitmap Heap Scan on sbtest4  (cost=5.54..432.69 rows=108 width=125)
	  Recheck Cond: ((k >= 4714262) AND (k <= 4714362))
	  ->  Bitmap Index Scan on k_4  (cost=0.00..5.51 rows=108 width=0)
	        Index Cond: ((k >= 4714262) AND (k <= 4714362))

table 5 : explain SELECT k, c FROM sbtest5 WHERE k BETWEEN 4714262 AND 4714362
	Bitmap Heap Scan on sbtest5  (cost=5.46..401.19 rows=100 width=125)
	  Recheck Cond: ((k >= 4714262) AND (k <= 4714362))
	  ->  Bitmap Index Scan on k_5  (cost=0.00..5.43 rows=100 width=0)
	        Index Cond: ((k >= 4714262) AND (k <= 4714362))

table 6 : explain SELECT k, c FROM sbtest6 WHERE k BETWEEN 4714262 AND 4714362
	Bitmap Heap Scan on sbtest6  (cost=5.45..397.25 rows=99 width=125)
	  Recheck Cond: ((k >= 4714262) AND (k <= 4714362))
	  ->  Bitmap Index Scan on k_6  (cost=0.00..5.42 rows=99 width=0)
	        Index Cond: ((k >= 4714262) AND (k <= 4714362))

table 7 : explain SELECT k, c FROM sbtest7 WHERE k BETWEEN 4714262 AND 4714362
	Bitmap Heap Scan on sbtest7  (cost=5.44..393.31 rows=98 width=125)
	  Recheck Cond: ((k >= 4714262) AND (k <= 4714362))
	  ->  Bitmap Index Scan on k_7  (cost=0.00..5.42 rows=98 width=0)
	        Index Cond: ((k >= 4714262) AND (k <= 4714362))

table 8 : explain SELECT k, c FROM sbtest8 WHERE k BETWEEN 4714262 AND 4714362
	Bitmap Heap Scan on sbtest8  (cost=5.50..416.94 rows=104 width=125)
	  Recheck Cond: ((k >= 4714262) AND (k <= 4714362))
	  ->  Bitmap Index Scan on k_8  (cost=0.00..5.47 rows=104 width=0)
	        Index Cond: ((k >= 4714262) AND (k <= 4714362))
for range-notcovered
table 1 : explain SELECT k, c FROM sbtest1 WHERE k BETWEEN 7223023 AND 7223123
	Bitmap Heap Scan on sbtest1  (cost=5.50..416.94 rows=104 width=125)
	  Recheck Cond: ((k >= 7223023) AND (k <= 7223123))
	  ->  Bitmap Index Scan on k_1  (cost=0.00..5.47 rows=104 width=0)
	        Index Cond: ((k >= 7223023) AND (k <= 7223123))

table 2 : explain SELECT k, c FROM sbtest2 WHERE k BETWEEN 7223023 AND 7223123
	Bitmap Heap Scan on sbtest2  (cost=5.46..401.19 rows=100 width=125)
	  Recheck Cond: ((k >= 7223023) AND (k <= 7223123))
	  ->  Bitmap Index Scan on k_2  (cost=0.00..5.43 rows=100 width=0)
	        Index Cond: ((k >= 7223023) AND (k <= 7223123))

table 3 : explain SELECT k, c FROM sbtest3 WHERE k BETWEEN 7223023 AND 7223123
	Bitmap Heap Scan on sbtest3  (cost=5.40..377.55 rows=94 width=125)
	  Recheck Cond: ((k >= 7223023) AND (k <= 7223123))
	  ->  Bitmap Index Scan on k_3  (cost=0.00..5.38 rows=94 width=0)
	        Index Cond: ((k >= 7223023) AND (k <= 7223123))

table 4 : explain SELECT k, c FROM sbtest4 WHERE k BETWEEN 7223023 AND 7223123
	Bitmap Heap Scan on sbtest4  (cost=5.48..409.07 rows=102 width=125)
	  Recheck Cond: ((k >= 7223023) AND (k <= 7223123))
	  ->  Bitmap Index Scan on k_4  (cost=0.00..5.45 rows=102 width=0)
	        Index Cond: ((k >= 7223023) AND (k <= 7223123))

table 5 : explain SELECT k, c FROM sbtest5 WHERE k BETWEEN 7223023 AND 7223123
	Bitmap Heap Scan on sbtest5  (cost=5.50..416.94 rows=104 width=125)
	  Recheck Cond: ((k >= 7223023) AND (k <= 7223123))
	  ->  Bitmap Index Scan on k_5  (cost=0.00..5.47 rows=104 width=0)
	        Index Cond: ((k >= 7223023) AND (k <= 7223123))

table 6 : explain SELECT k, c FROM sbtest6 WHERE k BETWEEN 7223023 AND 7223123
	Bitmap Heap Scan on sbtest6  (cost=5.41..381.49 rows=95 width=125)
	  Recheck Cond: ((k >= 7223023) AND (k <= 7223123))
	  ->  Bitmap Index Scan on k_6  (cost=0.00..5.38 rows=95 width=0)
	        Index Cond: ((k >= 7223023) AND (k <= 7223123))

table 7 : explain SELECT k, c FROM sbtest7 WHERE k BETWEEN 7223023 AND 7223123
	Bitmap Heap Scan on sbtest7  (cost=5.51..420.88 rows=105 width=125)
	  Recheck Cond: ((k >= 7223023) AND (k <= 7223123))
	  ->  Bitmap Index Scan on k_7  (cost=0.00..5.48 rows=105 width=0)
	        Index Cond: ((k >= 7223023) AND (k <= 7223123))

table 8 : explain SELECT k, c FROM sbtest8 WHERE k BETWEEN 7223023 AND 7223123
	Bitmap Heap Scan on sbtest8  (cost=5.46..401.19 rows=100 width=125)
	  Recheck Cond: ((k >= 7223023) AND (k <= 7223123))
	  ->  Bitmap Index Scan on k_8  (cost=0.00..5.43 rows=100 width=0)
	        Index Cond: ((k >= 7223023) AND (k <= 7223123))


for range-notcovered
table 1 : explain SELECT k, c FROM sbtest1 WHERE k BETWEEN 4737643 AND 4737743
	Bitmap Heap Scan on sbtest1  (cost=5.51..420.88 rows=105 width=125)
	  Recheck Cond: ((k >= 4737643) AND (k <= 4737743))
	  ->  Bitmap Index Scan on k_1  (cost=0.00..5.48 rows=105 width=0)
	        Index Cond: ((k >= 4737643) AND (k <= 4737743))

table 2 : explain SELECT k, c FROM sbtest2 WHERE k BETWEEN 4737643 AND 4737743
	Bitmap Heap Scan on sbtest2  (cost=5.48..409.07 rows=102 width=125)
	  Recheck Cond: ((k >= 4737643) AND (k <= 4737743))
	  ->  Bitmap Index Scan on k_2  (cost=0.00..5.45 rows=102 width=0)
	        Index Cond: ((k >= 4737643) AND (k <= 4737743))

table 3 : explain SELECT k, c FROM sbtest3 WHERE k BETWEEN 4737643 AND 4737743
	Bitmap Heap Scan on sbtest3  (cost=5.50..416.94 rows=104 width=125)
	  Recheck Cond: ((k >= 4737643) AND (k <= 4737743))
	  ->  Bitmap Index Scan on k_3  (cost=0.00..5.47 rows=104 width=0)
	        Index Cond: ((k >= 4737643) AND (k <= 4737743))

table 4 : explain SELECT k, c FROM sbtest4 WHERE k BETWEEN 4737643 AND 4737743
	Bitmap Heap Scan on sbtest4  (cost=5.54..432.69 rows=108 width=125)
	  Recheck Cond: ((k >= 4737643) AND (k <= 4737743))
	  ->  Bitmap Index Scan on k_4  (cost=0.00..5.51 rows=108 width=0)
	        Index Cond: ((k >= 4737643) AND (k <= 4737743))

table 5 : explain SELECT k, c FROM sbtest5 WHERE k BETWEEN 4737643 AND 4737743
	Bitmap Heap Scan on sbtest5  (cost=5.46..401.19 rows=100 width=125)
	  Recheck Cond: ((k >= 4737643) AND (k <= 4737743))
	  ->  Bitmap Index Scan on k_5  (cost=0.00..5.43 rows=100 width=0)
	        Index Cond: ((k >= 4737643) AND (k <= 4737743))

table 6 : explain SELECT k, c FROM sbtest6 WHERE k BETWEEN 4737643 AND 4737743
	Bitmap Heap Scan on sbtest6  (cost=5.45..397.25 rows=99 width=125)
	  Recheck Cond: ((k >= 4737643) AND (k <= 4737743))
	  ->  Bitmap Index Scan on k_6  (cost=0.00..5.42 rows=99 width=0)
	        Index Cond: ((k >= 4737643) AND (k <= 4737743))

table 7 : explain SELECT k, c FROM sbtest7 WHERE k BETWEEN 4737643 AND 4737743
	Bitmap Heap Scan on sbtest7  (cost=5.44..393.31 rows=98 width=125)
	  Recheck Cond: ((k >= 4737643) AND (k <= 4737743))
	  ->  Bitmap Index Scan on k_7  (cost=0.00..5.42 rows=98 width=0)
	        Index Cond: ((k >= 4737643) AND (k <= 4737743))

table 8 : explain SELECT k, c FROM sbtest8 WHERE k BETWEEN 4737643 AND 4737743
	Bitmap Heap Scan on sbtest8  (cost=5.50..416.94 rows=104 width=125)
	  Recheck Cond: ((k >= 4737643) AND (k <= 4737743))
	  ->  Bitmap Index Scan on k_8  (cost=0.00..5.47 rows=104 width=0)
	        Index Cond: ((k >= 4737643) AND (k <= 4737743))

explain: for range-notcovered :: explain SELECT k, c FROM sbtest%d WHERE k BETWEEN 4714262 AND 4714362
for range-notcovered
table 1 : explain SELECT k, c FROM sbtest1 WHERE k BETWEEN 3311464 AND 3311564
	Bitmap Heap Scan on sbtest1  (cost=5.48..409.07 rows=102 width=125)
	  Recheck Cond: ((k >= 3311464) AND (k <= 3311564))
	  ->  Bitmap Index Scan on k_1  (cost=0.00..5.45 rows=102 width=0)
	        Index Cond: ((k >= 3311464) AND (k <= 3311564))

table 2 : explain SELECT k, c FROM sbtest2 WHERE k BETWEEN 3311464 AND 3311564
	Bitmap Heap Scan on sbtest2  (cost=5.51..420.88 rows=105 width=125)
	  Recheck Cond: ((k >= 3311464) AND (k <= 3311564))
	  ->  Bitmap Index Scan on k_2  (cost=0.00..5.48 rows=105 width=0)
	        Index Cond: ((k >= 3311464) AND (k <= 3311564))

table 3 : explain SELECT k, c FROM sbtest3 WHERE k BETWEEN 3311464 AND 3311564
	Bitmap Heap Scan on sbtest3  (cost=5.45..397.25 rows=99 width=125)
	  Recheck Cond: ((k >= 3311464) AND (k <= 3311564))
	  ->  Bitmap Index Scan on k_3  (cost=0.00..5.42 rows=99 width=0)
	        Index Cond: ((k >= 3311464) AND (k <= 3311564))

table 4 : explain SELECT k, c FROM sbtest4 WHERE k BETWEEN 3311464 AND 3311564
	Bitmap Heap Scan on sbtest4  (cost=5.51..420.88 rows=105 width=125)
	  Recheck Cond: ((k >= 3311464) AND (k <= 3311564))
	  ->  Bitmap Index Scan on k_4  (cost=0.00..5.48 rows=105 width=0)
	        Index Cond: ((k >= 3311464) AND (k <= 3311564))

table 5 : explain SELECT k, c FROM sbtest5 WHERE k BETWEEN 3311464 AND 3311564
	Bitmap Heap Scan on sbtest5  (cost=5.49..413.00 rows=103 width=125)
	  Recheck Cond: ((k >= 3311464) AND (k <= 3311564))
	  ->  Bitmap Index Scan on k_5  (cost=0.00..5.46 rows=103 width=0)
	        Index Cond: ((k >= 3311464) AND (k <= 3311564))

table 6 : explain SELECT k, c FROM sbtest6 WHERE k BETWEEN 3311464 AND 3311564
	Bitmap Heap Scan on sbtest6  (cost=5.36..361.78 rows=90 width=125)
	  Recheck Cond: ((k >= 3311464) AND (k <= 3311564))
	  ->  Bitmap Index Scan on k_6  (cost=0.00..5.33 rows=90 width=0)
	        Index Cond: ((k >= 3311464) AND (k <= 3311564))

table 7 : explain SELECT k, c FROM sbtest7 WHERE k BETWEEN 3311464 AND 3311564
	Bitmap Heap Scan on sbtest7  (cost=5.42..385.43 rows=96 width=125)
	  Recheck Cond: ((k >= 3311464) AND (k <= 3311564))
	  ->  Bitmap Index Scan on k_7  (cost=0.00..5.39 rows=96 width=0)
	        Index Cond: ((k >= 3311464) AND (k <= 3311564))

table 8 : explain SELECT k, c FROM sbtest8 WHERE k BETWEEN 3311464 AND 3311564
	Bitmap Heap Scan on sbtest8  (cost=5.46..401.19 rows=100 width=125)
	  Recheck Cond: ((k >= 3311464) AND (k <= 3311564))
	  ->  Bitmap Index Scan on k_8  (cost=0.00..5.43 rows=100 width=0)
	        Index Cond: ((k >= 3311464) AND (k <= 3311564))

explain: for range-notcovered :: explain SELECT k, c FROM sbtest%d WHERE k BETWEEN 8174023 AND 8174123
for range-notcovered
table 1 : explain SELECT k, c FROM sbtest1 WHERE k BETWEEN 8139180 AND 8139280
	Bitmap Heap Scan on sbtest1  (cost=5.59..452.36 rows=113 width=125)
	  Recheck Cond: ((k >= 8139180) AND (k <= 8139280))
	  ->  Bitmap Index Scan on k_1  (cost=0.00..5.56 rows=113 width=0)
	        Index Cond: ((k >= 8139180) AND (k <= 8139280))

table 2 : explain SELECT k, c FROM sbtest2 WHERE k BETWEEN 8139180 AND 8139280
	Bitmap Heap Scan on sbtest2  (cost=5.50..416.94 rows=104 width=125)
	  Recheck Cond: ((k >= 8139180) AND (k <= 8139280))
	  ->  Bitmap Index Scan on k_2  (cost=0.00..5.47 rows=104 width=0)
	        Index Cond: ((k >= 8139180) AND (k <= 8139280))

table 3 : explain SELECT k, c FROM sbtest3 WHERE k BETWEEN 8139180 AND 8139280
	Bitmap Heap Scan on sbtest3  (cost=5.51..420.88 rows=105 width=125)
	  Recheck Cond: ((k >= 8139180) AND (k <= 8139280))
	  ->  Bitmap Index Scan on k_3  (cost=0.00..5.48 rows=105 width=0)
	        Index Cond: ((k >= 8139180) AND (k <= 8139280))

table 4 : explain SELECT k, c FROM sbtest4 WHERE k BETWEEN 8139180 AND 8139280
	Bitmap Heap Scan on sbtest4  (cost=5.49..413.00 rows=103 width=125)
	  Recheck Cond: ((k >= 8139180) AND (k <= 8139280))
	  ->  Bitmap Index Scan on k_4  (cost=0.00..5.46 rows=103 width=0)
	        Index Cond: ((k >= 8139180) AND (k <= 8139280))

table 5 : explain SELECT k, c FROM sbtest5 WHERE k BETWEEN 8139180 AND 8139280
	Bitmap Heap Scan on sbtest5  (cost=5.54..432.69 rows=108 width=125)
	  Recheck Cond: ((k >= 8139180) AND (k <= 8139280))
	  ->  Bitmap Index Scan on k_5  (cost=0.00..5.51 rows=108 width=0)
	        Index Cond: ((k >= 8139180) AND (k <= 8139280))

table 6 : explain SELECT k, c FROM sbtest6 WHERE k BETWEEN 8139180 AND 8139280
	Bitmap Heap Scan on sbtest6  (cost=5.49..413.00 rows=103 width=125)
	  Recheck Cond: ((k >= 8139180) AND (k <= 8139280))
	  ->  Bitmap Index Scan on k_6  (cost=0.00..5.46 rows=103 width=0)
	        Index Cond: ((k >= 8139180) AND (k <= 8139280))

table 7 : explain SELECT k, c FROM sbtest7 WHERE k BETWEEN 8139180 AND 8139280
	Bitmap Heap Scan on sbtest7  (cost=5.46..401.19 rows=100 width=125)
	  Recheck Cond: ((k >= 8139180) AND (k <= 8139280))
	  ->  Bitmap Index Scan on k_7  (cost=0.00..5.43 rows=100 width=0)
	        Index Cond: ((k >= 8139180) AND (k <= 8139280))

table 8 : explain SELECT k, c FROM sbtest8 WHERE k BETWEEN 8139180 AND 8139280
	Bitmap Heap Scan on sbtest8  (cost=5.49..413.00 rows=103 width=125)
	  Recheck Cond: ((k >= 8139180) AND (k <= 8139280))
	  ->  Bitmap Index Scan on k_8  (cost=0.00..5.46 rows=103 width=0)
	        Index Cond: ((k >= 8139180) AND (k <= 8139280))

for range-notcovered
table 1 : explain SELECT k, c FROM sbtest1 WHERE k BETWEEN 4719339 AND 4719439
	Bitmap Heap Scan on sbtest1  (cost=5.44..393.31 rows=98 width=125)
	  Recheck Cond: ((k >= 4719339) AND (k <= 4719439))
	  ->  Bitmap Index Scan on k_1  (cost=0.00..5.42 rows=98 width=0)
	        Index Cond: ((k >= 4719339) AND (k <= 4719439))

table 2 : explain SELECT k, c FROM sbtest2 WHERE k BETWEEN 4719339 AND 4719439
	Bitmap Heap Scan on sbtest2  (cost=5.48..409.07 rows=102 width=125)
	  Recheck Cond: ((k >= 4719339) AND (k <= 4719439))
	  ->  Bitmap Index Scan on k_2  (cost=0.00..5.45 rows=102 width=0)
	        Index Cond: ((k >= 4719339) AND (k <= 4719439))

table 3 : explain SELECT k, c FROM sbtest3 WHERE k BETWEEN 4719339 AND 4719439
	Bitmap Heap Scan on sbtest3  (cost=5.50..416.94 rows=104 width=125)
	  Recheck Cond: ((k >= 4719339) AND (k <= 4719439))
	  ->  Bitmap Index Scan on k_3  (cost=0.00..5.47 rows=104 width=0)
	        Index Cond: ((k >= 4719339) AND (k <= 4719439))

table 4 : explain SELECT k, c FROM sbtest4 WHERE k BETWEEN 4719339 AND 4719439
	Bitmap Heap Scan on sbtest4  (cost=5.54..432.69 rows=108 width=125)
	  Recheck Cond: ((k >= 4719339) AND (k <= 4719439))
	  ->  Bitmap Index Scan on k_4  (cost=0.00..5.51 rows=108 width=0)
	        Index Cond: ((k >= 4719339) AND (k <= 4719439))

table 5 : explain SELECT k, c FROM sbtest5 WHERE k BETWEEN 4719339 AND 4719439
	Bitmap Heap Scan on sbtest5  (cost=5.46..401.19 rows=100 width=125)
	  Recheck Cond: ((k >= 4719339) AND (k <= 4719439))
	  ->  Bitmap Index Scan on k_5  (cost=0.00..5.43 rows=100 width=0)
	        Index Cond: ((k >= 4719339) AND (k <= 4719439))

table 6 : explain SELECT k, c FROM sbtest6 WHERE k BETWEEN 4719339 AND 4719439
	Bitmap Heap Scan on sbtest6  (cost=5.45..397.25 rows=99 width=125)
	  Recheck Cond: ((k >= 4719339) AND (k <= 4719439))
	  ->  Bitmap Index Scan on k_6  (cost=0.00..5.42 rows=99 width=0)
	        Index Cond: ((k >= 4719339) AND (k <= 4719439))

table 7 : explain SELECT k, c FROM sbtest7 WHERE k BETWEEN 4719339 AND 4719439
	Bitmap Heap Scan on sbtest7  (cost=5.44..393.31 rows=98 width=125)
	  Recheck Cond: ((k >= 4719339) AND (k <= 4719439))
	  ->  Bitmap Index Scan on k_7  (cost=0.00..5.42 rows=98 width=0)
	        Index Cond: ((k >= 4719339) AND (k <= 4719439))

table 8 : explain SELECT k, c FROM sbtest8 WHERE k BETWEEN 4719339 AND 4719439
	Bitmap Heap Scan on sbtest8  (cost=5.50..416.94 rows=104 width=125)
	  Recheck Cond: ((k >= 4719339) AND (k <= 4719439))
	  ->  Bitmap Index Scan on k_8  (cost=0.00..5.47 rows=104 width=0)
	        Index Cond: ((k >= 4719339) AND (k <= 4719439))

explain: for range-notcovered :: explain SELECT k, c FROM sbtest%d WHERE k BETWEEN 8139180 AND 8139280
explain: for range-notcovered :: explain SELECT k, c FROM sbtest%d WHERE k BETWEEN 4719339 AND 4719439
for range-notcovered
table 1 : explain SELECT k, c FROM sbtest1 WHERE k BETWEEN 4714262 AND 4714362
	Bitmap Heap Scan on sbtest1  (cost=5.44..393.31 rows=98 width=125)
	  Recheck Cond: ((k >= 4714262) AND (k <= 4714362))
	  ->  Bitmap Index Scan on k_1  (cost=0.00..5.42 rows=98 width=0)
	        Index Cond: ((k >= 4714262) AND (k <= 4714362))

table 2 : explain SELECT k, c FROM sbtest2 WHERE k BETWEEN 4714262 AND 4714362
	Bitmap Heap Scan on sbtest2  (cost=5.48..409.07 rows=102 width=125)
	  Recheck Cond: ((k >= 4714262) AND (k <= 4714362))
	  ->  Bitmap Index Scan on k_2  (cost=0.00..5.45 rows=102 width=0)
	        Index Cond: ((k >= 4714262) AND (k <= 4714362))

table 3 : explain SELECT k, c FROM sbtest3 WHERE k BETWEEN 4714262 AND 4714362
	Bitmap Heap Scan on sbtest3  (cost=5.50..416.94 rows=104 width=125)
	  Recheck Cond: ((k >= 4714262) AND (k <= 4714362))
	  ->  Bitmap Index Scan on k_3  (cost=0.00..5.47 rows=104 width=0)
	        Index Cond: ((k >= 4714262) AND (k <= 4714362))

table 4 : explain SELECT k, c FROM sbtest4 WHERE k BETWEEN 4714262 AND 4714362
	Bitmap Heap Scan on sbtest4  (cost=5.54..432.69 rows=108 width=125)
	  Recheck Cond: ((k >= 4714262) AND (k <= 4714362))
	  ->  Bitmap Index Scan on k_4  (cost=0.00..5.51 rows=108 width=0)
	        Index Cond: ((k >= 4714262) AND (k <= 4714362))

table 5 : explain SELECT k, c FROM sbtest5 WHERE k BETWEEN 4714262 AND 4714362
	Bitmap Heap Scan on sbtest5  (cost=5.46..401.19 rows=100 width=125)
	  Recheck Cond: ((k >= 4714262) AND (k <= 4714362))
	  ->  Bitmap Index Scan on k_5  (cost=0.00..5.43 rows=100 width=0)
	        Index Cond: ((k >= 4714262) AND (k <= 4714362))

table 6 : explain SELECT k, c FROM sbtest6 WHERE k BETWEEN 4714262 AND 4714362
	Bitmap Heap Scan on sbtest6  (cost=5.45..397.25 rows=99 width=125)
	  Recheck Cond: ((k >= 4714262) AND (k <= 4714362))
	  ->  Bitmap Index Scan on k_6  (cost=0.00..5.42 rows=99 width=0)
	        Index Cond: ((k >= 4714262) AND (k <= 4714362))

table 7 : explain SELECT k, c FROM sbtest7 WHERE k BETWEEN 4714262 AND 4714362
	Bitmap Heap Scan on sbtest7  (cost=5.44..393.31 rows=98 width=125)
	  Recheck Cond: ((k >= 4714262) AND (k <= 4714362))
	  ->  Bitmap Index Scan on k_7  (cost=0.00..5.42 rows=98 width=0)
	        Index Cond: ((k >= 4714262) AND (k <= 4714362))

table 8 : explain SELECT k, c FROM sbtest8 WHERE k BETWEEN 4714262 AND 4714362
	Bitmap Heap Scan on sbtest8  (cost=5.50..416.94 rows=104 width=125)
	  Recheck Cond: ((k >= 4714262) AND (k <= 4714362))
	  ->  Bitmap Index Scan on k_8  (cost=0.00..5.47 rows=104 width=0)
	        Index Cond: ((k >= 4714262) AND (k <= 4714362))

explain: for range-notcovered :: explain SELECT k, c FROM sbtest%d WHERE k BETWEEN 4714262 AND 4714362
for range-notcovered
table 1 : explain SELECT k, c FROM sbtest1 WHERE k BETWEEN 8174023 AND 8174123
	Bitmap Heap Scan on sbtest1  (cost=5.59..452.36 rows=113 width=125)
	  Recheck Cond: ((k >= 8174023) AND (k <= 8174123))
	  ->  Bitmap Index Scan on k_1  (cost=0.00..5.56 rows=113 width=0)
	        Index Cond: ((k >= 8174023) AND (k <= 8174123))

table 2 : explain SELECT k, c FROM sbtest2 WHERE k BETWEEN 8174023 AND 8174123
	Bitmap Heap Scan on sbtest2  (cost=5.50..416.94 rows=104 width=125)
	  Recheck Cond: ((k >= 8174023) AND (k <= 8174123))
	  ->  Bitmap Index Scan on k_2  (cost=0.00..5.47 rows=104 width=0)
	        Index Cond: ((k >= 8174023) AND (k <= 8174123))

table 3 : explain SELECT k, c FROM sbtest3 WHERE k BETWEEN 8174023 AND 8174123
	Bitmap Heap Scan on sbtest3  (cost=5.51..420.88 rows=105 width=125)
	  Recheck Cond: ((k >= 8174023) AND (k <= 8174123))
	  ->  Bitmap Index Scan on k_3  (cost=0.00..5.48 rows=105 width=0)
	        Index Cond: ((k >= 8174023) AND (k <= 8174123))

table 4 : explain SELECT k, c FROM sbtest4 WHERE k BETWEEN 8174023 AND 8174123
	Bitmap Heap Scan on sbtest4  (cost=5.46..401.19 rows=100 width=125)
	  Recheck Cond: ((k >= 8174023) AND (k <= 8174123))
	  ->  Bitmap Index Scan on k_4  (cost=0.00..5.43 rows=100 width=0)
	        Index Cond: ((k >= 8174023) AND (k <= 8174123))

table 5 : explain SELECT k, c FROM sbtest5 WHERE k BETWEEN 8174023 AND 8174123
	Bitmap Heap Scan on sbtest5  (cost=5.54..432.69 rows=108 width=125)
	  Recheck Cond: ((k >= 8174023) AND (k <= 8174123))
	  ->  Bitmap Index Scan on k_5  (cost=0.00..5.51 rows=108 width=0)
	        Index Cond: ((k >= 8174023) AND (k <= 8174123))

table 6 : explain SELECT k, c FROM sbtest6 WHERE k BETWEEN 8174023 AND 8174123
	Bitmap Heap Scan on sbtest6  (cost=5.49..413.00 rows=103 width=125)
	  Recheck Cond: ((k >= 8174023) AND (k <= 8174123))
	  ->  Bitmap Index Scan on k_6  (cost=0.00..5.46 rows=103 width=0)
	        Index Cond: ((k >= 8174023) AND (k <= 8174123))

table 7 : explain SELECT k, c FROM sbtest7 WHERE k BETWEEN 8174023 AND 8174123
	Bitmap Heap Scan on sbtest7  (cost=5.50..416.94 rows=104 width=125)
	  Recheck Cond: ((k >= 8174023) AND (k <= 8174123))
	  ->  Bitmap Index Scan on k_7  (cost=0.00..5.47 rows=104 width=0)
	        Index Cond: ((k >= 8174023) AND (k <= 8174123))

table 8 : explain SELECT k, c FROM sbtest8 WHERE k BETWEEN 8174023 AND 8174123
	Bitmap Heap Scan on sbtest8  (cost=5.41..381.49 rows=95 width=125)
	  Recheck Cond: ((k >= 8174023) AND (k <= 8174123))
	  ->  Bitmap Index Scan on k_8  (cost=0.00..5.38 rows=95 width=0)
	        Index Cond: ((k >= 8174023) AND (k <= 8174123))

explain: for range-notcovered :: explain SELECT k, c FROM sbtest%d WHERE k BETWEEN 8174023 AND 8174123
for range-notcovered
table 1 : explain SELECT k, c FROM sbtest1 WHERE k BETWEEN 8139180 AND 8139280
	Bitmap Heap Scan on sbtest1  (cost=5.59..452.36 rows=113 width=125)
	  Recheck Cond: ((k >= 8139180) AND (k <= 8139280))
	  ->  Bitmap Index Scan on k_1  (cost=0.00..5.56 rows=113 width=0)
	        Index Cond: ((k >= 8139180) AND (k <= 8139280))

table 2 : explain SELECT k, c FROM sbtest2 WHERE k BETWEEN 8139180 AND 8139280
	Bitmap Heap Scan on sbtest2  (cost=5.50..416.94 rows=104 width=125)
	  Recheck Cond: ((k >= 8139180) AND (k <= 8139280))
	  ->  Bitmap Index Scan on k_2  (cost=0.00..5.47 rows=104 width=0)
	        Index Cond: ((k >= 8139180) AND (k <= 8139280))

table 3 : explain SELECT k, c FROM sbtest3 WHERE k BETWEEN 8139180 AND 8139280
	Bitmap Heap Scan on sbtest3  (cost=5.51..420.88 rows=105 width=125)
	  Recheck Cond: ((k >= 8139180) AND (k <= 8139280))
	  ->  Bitmap Index Scan on k_3  (cost=0.00..5.48 rows=105 width=0)
	        Index Cond: ((k >= 8139180) AND (k <= 8139280))

table 4 : explain SELECT k, c FROM sbtest4 WHERE k BETWEEN 8139180 AND 8139280
	Bitmap Heap Scan on sbtest4  (cost=5.49..413.00 rows=103 width=125)
	  Recheck Cond: ((k >= 8139180) AND (k <= 8139280))
	  ->  Bitmap Index Scan on k_4  (cost=0.00..5.46 rows=103 width=0)
	        Index Cond: ((k >= 8139180) AND (k <= 8139280))

table 5 : explain SELECT k, c FROM sbtest5 WHERE k BETWEEN 8139180 AND 8139280
	Bitmap Heap Scan on sbtest5  (cost=5.54..432.69 rows=108 width=125)
	  Recheck Cond: ((k >= 8139180) AND (k <= 8139280))
	  ->  Bitmap Index Scan on k_5  (cost=0.00..5.51 rows=108 width=0)
	        Index Cond: ((k >= 8139180) AND (k <= 8139280))

table 6 : explain SELECT k, c FROM sbtest6 WHERE k BETWEEN 8139180 AND 8139280
	Bitmap Heap Scan on sbtest6  (cost=5.49..413.00 rows=103 width=125)
	  Recheck Cond: ((k >= 8139180) AND (k <= 8139280))
	  ->  Bitmap Index Scan on k_6  (cost=0.00..5.46 rows=103 width=0)
	        Index Cond: ((k >= 8139180) AND (k <= 8139280))

table 7 : explain SELECT k, c FROM sbtest7 WHERE k BETWEEN 8139180 AND 8139280
	Bitmap Heap Scan on sbtest7  (cost=5.46..401.19 rows=100 width=125)
	  Recheck Cond: ((k >= 8139180) AND (k <= 8139280))
	  ->  Bitmap Index Scan on k_7  (cost=0.00..5.43 rows=100 width=0)
	        Index Cond: ((k >= 8139180) AND (k <= 8139280))

table 8 : explain SELECT k, c FROM sbtest8 WHERE k BETWEEN 8139180 AND 8139280
	Bitmap Heap Scan on sbtest8  (cost=5.49..413.00 rows=103 width=125)
	  Recheck Cond: ((k >= 8139180) AND (k <= 8139280))
	  ->  Bitmap Index Scan on k_8  (cost=0.00..5.46 rows=103 width=0)
	        Index Cond: ((k >= 8139180) AND (k <= 8139280))

explain: for range-notcovered :: explain SELECT k, c FROM sbtest%d WHERE k BETWEEN 8139180 AND 8139280
for range-notcovered
table 1 : explain SELECT k, c FROM sbtest1 WHERE k BETWEEN 4719339 AND 4719439
	Bitmap Heap Scan on sbtest1  (cost=5.44..393.31 rows=98 width=125)
	  Recheck Cond: ((k >= 4719339) AND (k <= 4719439))
	  ->  Bitmap Index Scan on k_1  (cost=0.00..5.42 rows=98 width=0)
	        Index Cond: ((k >= 4719339) AND (k <= 4719439))

table 2 : explain SELECT k, c FROM sbtest2 WHERE k BETWEEN 4719339 AND 4719439
	Bitmap Heap Scan on sbtest2  (cost=5.48..409.07 rows=102 width=125)
	  Recheck Cond: ((k >= 4719339) AND (k <= 4719439))
	  ->  Bitmap Index Scan on k_2  (cost=0.00..5.45 rows=102 width=0)
	        Index Cond: ((k >= 4719339) AND (k <= 4719439))

table 3 : explain SELECT k, c FROM sbtest3 WHERE k BETWEEN 4719339 AND 4719439
	Bitmap Heap Scan on sbtest3  (cost=5.50..416.94 rows=104 width=125)
	  Recheck Cond: ((k >= 4719339) AND (k <= 4719439))
	  ->  Bitmap Index Scan on k_3  (cost=0.00..5.47 rows=104 width=0)
	        Index Cond: ((k >= 4719339) AND (k <= 4719439))

table 4 : explain SELECT k, c FROM sbtest4 WHERE k BETWEEN 4719339 AND 4719439
	Bitmap Heap Scan on sbtest4  (cost=5.54..432.69 rows=108 width=125)
	  Recheck Cond: ((k >= 4719339) AND (k <= 4719439))
	  ->  Bitmap Index Scan on k_4  (cost=0.00..5.51 rows=108 width=0)
	        Index Cond: ((k >= 4719339) AND (k <= 4719439))

table 5 : explain SELECT k, c FROM sbtest5 WHERE k BETWEEN 4719339 AND 4719439
	Bitmap Heap Scan on sbtest5  (cost=5.46..401.19 rows=100 width=125)
	  Recheck Cond: ((k >= 4719339) AND (k <= 4719439))
	  ->  Bitmap Index Scan on k_5  (cost=0.00..5.43 rows=100 width=0)
	        Index Cond: ((k >= 4719339) AND (k <= 4719439))

table 6 : explain SELECT k, c FROM sbtest6 WHERE k BETWEEN 4719339 AND 4719439
	Bitmap Heap Scan on sbtest6  (cost=5.45..397.25 rows=99 width=125)
	  Recheck Cond: ((k >= 4719339) AND (k <= 4719439))
	  ->  Bitmap Index Scan on k_6  (cost=0.00..5.42 rows=99 width=0)
	        Index Cond: ((k >= 4719339) AND (k <= 4719439))

table 7 : explain SELECT k, c FROM sbtest7 WHERE k BETWEEN 4719339 AND 4719439
	Bitmap Heap Scan on sbtest7  (cost=5.44..393.31 rows=98 width=125)
	  Recheck Cond: ((k >= 4719339) AND (k <= 4719439))
	  ->  Bitmap Index Scan on k_7  (cost=0.00..5.42 rows=98 width=0)
	        Index Cond: ((k >= 4719339) AND (k <= 4719439))

table 8 : explain SELECT k, c FROM sbtest8 WHERE k BETWEEN 4719339 AND 4719439
	Bitmap Heap Scan on sbtest8  (cost=5.50..416.94 rows=104 width=125)
	  Recheck Cond: ((k >= 4719339) AND (k <= 4719439))
	  ->  Bitmap Index Scan on k_8  (cost=0.00..5.47 rows=104 width=0)
	        Index Cond: ((k >= 4719339) AND (k <= 4719439))

for range-notcovered
table 1 : explain SELECT k, c FROM sbtest1 WHERE k BETWEEN 4593611 AND 4593711
	Bitmap Heap Scan on sbtest1  (cost=5.50..416.94 rows=104 width=125)
	  Recheck Cond: ((k >= 4593611) AND (k <= 4593711))
	  ->  Bitmap Index Scan on k_1  (cost=0.00..5.47 rows=104 width=0)
	        Index Cond: ((k >= 4593611) AND (k <= 4593711))

table 2 : explain SELECT k, c FROM sbtest2 WHERE k BETWEEN 4593611 AND 4593711
	Bitmap Heap Scan on sbtest2  (cost=5.59..452.36 rows=113 width=125)
	  Recheck Cond: ((k >= 4593611) AND (k <= 4593711))
	  ->  Bitmap Index Scan on k_2  (cost=0.00..5.56 rows=113 width=0)
	        Index Cond: ((k >= 4593611) AND (k <= 4593711))

table 3 : explain SELECT k, c FROM sbtest3 WHERE k BETWEEN 4593611 AND 4593711
	Bitmap Heap Scan on sbtest3  (cost=5.48..409.07 rows=102 width=125)
	  Recheck Cond: ((k >= 4593611) AND (k <= 4593711))
	  ->  Bitmap Index Scan on k_3  (cost=0.00..5.45 rows=102 width=0)
	        Index Cond: ((k >= 4593611) AND (k <= 4593711))

table 4 : explain SELECT k, c FROM sbtest4 WHERE k BETWEEN 4593611 AND 4593711
	Bitmap Heap Scan on sbtest4  (cost=5.42..385.43 rows=96 width=125)
	  Recheck Cond: ((k >= 4593611) AND (k <= 4593711))
	  ->  Bitmap Index Scan on k_4  (cost=0.00..5.39 rows=96 width=0)
	        Index Cond: ((k >= 4593611) AND (k <= 4593711))

table 5 : explain SELECT k, c FROM sbtest5 WHERE k BETWEEN 4593611 AND 4593711
	Bitmap Heap Scan on sbtest5  (cost=5.42..385.43 rows=96 width=125)
	  Recheck Cond: ((k >= 4593611) AND (k <= 4593711))
	  ->  Bitmap Index Scan on k_5  (cost=0.00..5.39 rows=96 width=0)
	        Index Cond: ((k >= 4593611) AND (k <= 4593711))

table 6 : explain SELECT k, c FROM sbtest6 WHERE k BETWEEN 4593611 AND 4593711
	Bitmap Heap Scan on sbtest6  (cost=5.42..385.43 rows=96 width=125)
	  Recheck Cond: ((k >= 4593611) AND (k <= 4593711))
	  ->  Bitmap Index Scan on k_6  (cost=0.00..5.39 rows=96 width=0)
	        Index Cond: ((k >= 4593611) AND (k <= 4593711))

table 7 : explain SELECT k, c FROM sbtest7 WHERE k BETWEEN 4593611 AND 4593711
	Bitmap Heap Scan on sbtest7  (cost=5.41..381.49 rows=95 width=125)
	  Recheck Cond: ((k >= 4593611) AND (k <= 4593711))
	  ->  Bitmap Index Scan on k_7  (cost=0.00..5.38 rows=95 width=0)
	        Index Cond: ((k >= 4593611) AND (k <= 4593711))

table 8 : explain SELECT k, c FROM sbtest8 WHERE k BETWEEN 4593611 AND 4593711
	Bitmap Heap Scan on sbtest8  (cost=5.47..405.13 rows=101 width=125)
	  Recheck Cond: ((k >= 4593611) AND (k <= 4593711))
	  ->  Bitmap Index Scan on k_8  (cost=0.00..5.44 rows=101 width=0)
	        Index Cond: ((k >= 4593611) AND (k <= 4593711))

explain: for range-notcovered :: explain SELECT k, c FROM sbtest%d WHERE k BETWEEN 4719339 AND 4719439
explain: for range-notcovered :: explain SELECT k, c FROM sbtest%d WHERE k BETWEEN 4593611 AND 4593711
for range-notcovered
table 1 : explain SELECT k, c FROM sbtest1 WHERE k BETWEEN 4714262 AND 4714362
	Bitmap Heap Scan on sbtest1  (cost=5.44..393.31 rows=98 width=125)
	  Recheck Cond: ((k >= 4714262) AND (k <= 4714362))
	  ->  Bitmap Index Scan on k_1  (cost=0.00..5.42 rows=98 width=0)
	        Index Cond: ((k >= 4714262) AND (k <= 4714362))

table 2 : explain SELECT k, c FROM sbtest2 WHERE k BETWEEN 4714262 AND 4714362
	Bitmap Heap Scan on sbtest2  (cost=5.48..409.07 rows=102 width=125)
	  Recheck Cond: ((k >= 4714262) AND (k <= 4714362))
	  ->  Bitmap Index Scan on k_2  (cost=0.00..5.45 rows=102 width=0)
	        Index Cond: ((k >= 4714262) AND (k <= 4714362))

table 3 : explain SELECT k, c FROM sbtest3 WHERE k BETWEEN 4714262 AND 4714362
	Bitmap Heap Scan on sbtest3  (cost=5.50..416.94 rows=104 width=125)
	  Recheck Cond: ((k >= 4714262) AND (k <= 4714362))
	  ->  Bitmap Index Scan on k_3  (cost=0.00..5.47 rows=104 width=0)
	        Index Cond: ((k >= 4714262) AND (k <= 4714362))

table 4 : explain SELECT k, c FROM sbtest4 WHERE k BETWEEN 4714262 AND 4714362
	Bitmap Heap Scan on sbtest4  (cost=5.54..432.69 rows=108 width=125)
	  Recheck Cond: ((k >= 4714262) AND (k <= 4714362))
	  ->  Bitmap Index Scan on k_4  (cost=0.00..5.51 rows=108 width=0)
	        Index Cond: ((k >= 4714262) AND (k <= 4714362))

table 5 : explain SELECT k, c FROM sbtest5 WHERE k BETWEEN 4714262 AND 4714362
	Bitmap Heap Scan on sbtest5  (cost=5.46..401.19 rows=100 width=125)
	  Recheck Cond: ((k >= 4714262) AND (k <= 4714362))
	  ->  Bitmap Index Scan on k_5  (cost=0.00..5.43 rows=100 width=0)
	        Index Cond: ((k >= 4714262) AND (k <= 4714362))

table 6 : explain SELECT k, c FROM sbtest6 WHERE k BETWEEN 4714262 AND 4714362
	Bitmap Heap Scan on sbtest6  (cost=5.45..397.25 rows=99 width=125)
	  Recheck Cond: ((k >= 4714262) AND (k <= 4714362))
	  ->  Bitmap Index Scan on k_6  (cost=0.00..5.42 rows=99 width=0)
	        Index Cond: ((k >= 4714262) AND (k <= 4714362))

table 7 : explain SELECT k, c FROM sbtest7 WHERE k BETWEEN 4714262 AND 4714362
	Bitmap Heap Scan on sbtest7  (cost=5.44..393.31 rows=98 width=125)
	  Recheck Cond: ((k >= 4714262) AND (k <= 4714362))
	  ->  Bitmap Index Scan on k_7  (cost=0.00..5.42 rows=98 width=0)
	        Index Cond: ((k >= 4714262) AND (k <= 4714362))

table 8 : explain SELECT k, c FROM sbtest8 WHERE k BETWEEN 4714262 AND 4714362
	Bitmap Heap Scan on sbtest8  (cost=5.50..416.94 rows=104 width=125)
	  Recheck Cond: ((k >= 4714262) AND (k <= 4714362))
	  ->  Bitmap Index Scan on k_8  (cost=0.00..5.47 rows=104 width=0)
	        Index Cond: ((k >= 4714262) AND (k <= 4714362))

explain: for range-notcovered :: explain SELECT k, c FROM sbtest%d WHERE k BETWEEN 4714262 AND 4714362
explain: for range-notcovered :: explain SELECT k, c FROM sbtest%d WHERE k BETWEEN 4701175 AND 4701275
for range-notcovered
table 1 : explain SELECT k, c FROM sbtest1 WHERE k BETWEEN 8139180 AND 8139280
	Bitmap Heap Scan on sbtest1  (cost=5.59..452.36 rows=113 width=125)
	  Recheck Cond: ((k >= 8139180) AND (k <= 8139280))
	  ->  Bitmap Index Scan on k_1  (cost=0.00..5.56 rows=113 width=0)
	        Index Cond: ((k >= 8139180) AND (k <= 8139280))

table 2 : explain SELECT k, c FROM sbtest2 WHERE k BETWEEN 8139180 AND 8139280
	Bitmap Heap Scan on sbtest2  (cost=5.50..416.94 rows=104 width=125)
	  Recheck Cond: ((k >= 8139180) AND (k <= 8139280))
	  ->  Bitmap Index Scan on k_2  (cost=0.00..5.47 rows=104 width=0)
	        Index Cond: ((k >= 8139180) AND (k <= 8139280))

table 3 : explain SELECT k, c FROM sbtest3 WHERE k BETWEEN 8139180 AND 8139280
	Bitmap Heap Scan on sbtest3  (cost=5.51..420.88 rows=105 width=125)
	  Recheck Cond: ((k >= 8139180) AND (k <= 8139280))
	  ->  Bitmap Index Scan on k_3  (cost=0.00..5.48 rows=105 width=0)
	        Index Cond: ((k >= 8139180) AND (k <= 8139280))

table 4 : explain SELECT k, c FROM sbtest4 WHERE k BETWEEN 8139180 AND 8139280
	Bitmap Heap Scan on sbtest4  (cost=5.49..413.00 rows=103 width=125)
	  Recheck Cond: ((k >= 8139180) AND (k <= 8139280))
	  ->  Bitmap Index Scan on k_4  (cost=0.00..5.46 rows=103 width=0)
	        Index Cond: ((k >= 8139180) AND (k <= 8139280))

table 5 : explain SELECT k, c FROM sbtest5 WHERE k BETWEEN 8139180 AND 8139280
	Bitmap Heap Scan on sbtest5  (cost=5.54..432.69 rows=108 width=125)
	  Recheck Cond: ((k >= 8139180) AND (k <= 8139280))
	  ->  Bitmap Index Scan on k_5  (cost=0.00..5.51 rows=108 width=0)
	        Index Cond: ((k >= 8139180) AND (k <= 8139280))

table 6 : explain SELECT k, c FROM sbtest6 WHERE k BETWEEN 8139180 AND 8139280
	Bitmap Heap Scan on sbtest6  (cost=5.49..413.00 rows=103 width=125)
	  Recheck Cond: ((k >= 8139180) AND (k <= 8139280))
	  ->  Bitmap Index Scan on k_6  (cost=0.00..5.46 rows=103 width=0)
	        Index Cond: ((k >= 8139180) AND (k <= 8139280))

table 7 : explain SELECT k, c FROM sbtest7 WHERE k BETWEEN 8139180 AND 8139280
	Bitmap Heap Scan on sbtest7  (cost=5.46..401.19 rows=100 width=125)
	  Recheck Cond: ((k >= 8139180) AND (k <= 8139280))
	  ->  Bitmap Index Scan on k_7  (cost=0.00..5.43 rows=100 width=0)
	        Index Cond: ((k >= 8139180) AND (k <= 8139280))

table 8 : explain SELECT k, c FROM sbtest8 WHERE k BETWEEN 8139180 AND 8139280
	Bitmap Heap Scan on sbtest8  (cost=5.49..413.00 rows=103 width=125)
	  Recheck Cond: ((k >= 8139180) AND (k <= 8139280))
	  ->  Bitmap Index Scan on k_8  (cost=0.00..5.46 rows=103 width=0)
	        Index Cond: ((k >= 8139180) AND (k <= 8139280))

for range-notcovered
table 1 : explain SELECT k, c FROM sbtest1 WHERE k BETWEEN 4719339 AND 4719439
	Bitmap Heap Scan on sbtest1  (cost=5.44..393.31 rows=98 width=125)
	  Recheck Cond: ((k >= 4719339) AND (k <= 4719439))
	  ->  Bitmap Index Scan on k_1  (cost=0.00..5.42 rows=98 width=0)
	        Index Cond: ((k >= 4719339) AND (k <= 4719439))

table 2 : explain SELECT k, c FROM sbtest2 WHERE k BETWEEN 4719339 AND 4719439
	Bitmap Heap Scan on sbtest2  (cost=5.48..409.07 rows=102 width=125)
	  Recheck Cond: ((k >= 4719339) AND (k <= 4719439))
	  ->  Bitmap Index Scan on k_2  (cost=0.00..5.45 rows=102 width=0)
	        Index Cond: ((k >= 4719339) AND (k <= 4719439))

table 3 : explain SELECT k, c FROM sbtest3 WHERE k BETWEEN 4719339 AND 4719439
	Bitmap Heap Scan on sbtest3  (cost=5.50..416.94 rows=104 width=125)
	  Recheck Cond: ((k >= 4719339) AND (k <= 4719439))
	  ->  Bitmap Index Scan on k_3  (cost=0.00..5.47 rows=104 width=0)
	        Index Cond: ((k >= 4719339) AND (k <= 4719439))

table 4 : explain SELECT k, c FROM sbtest4 WHERE k BETWEEN 4719339 AND 4719439
	Bitmap Heap Scan on sbtest4  (cost=5.54..432.69 rows=108 width=125)
	  Recheck Cond: ((k >= 4719339) AND (k <= 4719439))
	  ->  Bitmap Index Scan on k_4  (cost=0.00..5.51 rows=108 width=0)
	        Index Cond: ((k >= 4719339) AND (k <= 4719439))

table 5 : explain SELECT k, c FROM sbtest5 WHERE k BETWEEN 4719339 AND 4719439
	Bitmap Heap Scan on sbtest5  (cost=5.46..401.19 rows=100 width=125)
	  Recheck Cond: ((k >= 4719339) AND (k <= 4719439))
	  ->  Bitmap Index Scan on k_5  (cost=0.00..5.43 rows=100 width=0)
	        Index Cond: ((k >= 4719339) AND (k <= 4719439))

table 6 : explain SELECT k, c FROM sbtest6 WHERE k BETWEEN 4719339 AND 4719439
	Bitmap Heap Scan on sbtest6  (cost=5.45..397.25 rows=99 width=125)
	  Recheck Cond: ((k >= 4719339) AND (k <= 4719439))
	  ->  Bitmap Index Scan on k_6  (cost=0.00..5.42 rows=99 width=0)
	        Index Cond: ((k >= 4719339) AND (k <= 4719439))

table 7 : explain SELECT k, c FROM sbtest7 WHERE k BETWEEN 4719339 AND 4719439
	Bitmap Heap Scan on sbtest7  (cost=5.44..393.31 rows=98 width=125)
	  Recheck Cond: ((k >= 4719339) AND (k <= 4719439))
	  ->  Bitmap Index Scan on k_7  (cost=0.00..5.42 rows=98 width=0)
	        Index Cond: ((k >= 4719339) AND (k <= 4719439))

table 8 : explain SELECT k, c FROM sbtest8 WHERE k BETWEEN 4719339 AND 4719439
	Bitmap Heap Scan on sbtest8  (cost=5.50..416.94 rows=104 width=125)
	  Recheck Cond: ((k >= 4719339) AND (k <= 4719439))
	  ->  Bitmap Index Scan on k_8  (cost=0.00..5.47 rows=104 width=0)
	        Index Cond: ((k >= 4719339) AND (k <= 4719439))

for range-notcovered
table 1 : explain SELECT k, c FROM sbtest1 WHERE k BETWEEN 4593611 AND 4593711
	Bitmap Heap Scan on sbtest1  (cost=5.50..416.94 rows=104 width=125)
	  Recheck Cond: ((k >= 4593611) AND (k <= 4593711))
	  ->  Bitmap Index Scan on k_1  (cost=0.00..5.47 rows=104 width=0)
	        Index Cond: ((k >= 4593611) AND (k <= 4593711))

table 2 : explain SELECT k, c FROM sbtest2 WHERE k BETWEEN 4593611 AND 4593711
	Bitmap Heap Scan on sbtest2  (cost=5.59..452.36 rows=113 width=125)
	  Recheck Cond: ((k >= 4593611) AND (k <= 4593711))
	  ->  Bitmap Index Scan on k_2  (cost=0.00..5.56 rows=113 width=0)
	        Index Cond: ((k >= 4593611) AND (k <= 4593711))

table 3 : explain SELECT k, c FROM sbtest3 WHERE k BETWEEN 4593611 AND 4593711
	Bitmap Heap Scan on sbtest3  (cost=5.48..409.07 rows=102 width=125)
	  Recheck Cond: ((k >= 4593611) AND (k <= 4593711))
	  ->  Bitmap Index Scan on k_3  (cost=0.00..5.45 rows=102 width=0)
	        Index Cond: ((k >= 4593611) AND (k <= 4593711))

table 4 : explain SELECT k, c FROM sbtest4 WHERE k BETWEEN 4593611 AND 4593711
	Bitmap Heap Scan on sbtest4  (cost=5.42..385.43 rows=96 width=125)
	  Recheck Cond: ((k >= 4593611) AND (k <= 4593711))
	  ->  Bitmap Index Scan on k_4  (cost=0.00..5.39 rows=96 width=0)
	        Index Cond: ((k >= 4593611) AND (k <= 4593711))

table 5 : explain SELECT k, c FROM sbtest5 WHERE k BETWEEN 4593611 AND 4593711
	Bitmap Heap Scan on sbtest5  (cost=5.42..385.43 rows=96 width=125)
	  Recheck Cond: ((k >= 4593611) AND (k <= 4593711))
	  ->  Bitmap Index Scan on k_5  (cost=0.00..5.39 rows=96 width=0)
	        Index Cond: ((k >= 4593611) AND (k <= 4593711))

table 6 : explain SELECT k, c FROM sbtest6 WHERE k BETWEEN 4593611 AND 4593711
	Bitmap Heap Scan on sbtest6  (cost=5.42..385.43 rows=96 width=125)
	  Recheck Cond: ((k >= 4593611) AND (k <= 4593711))
	  ->  Bitmap Index Scan on k_6  (cost=0.00..5.39 rows=96 width=0)
	        Index Cond: ((k >= 4593611) AND (k <= 4593711))

table 7 : explain SELECT k, c FROM sbtest7 WHERE k BETWEEN 4593611 AND 4593711
	Bitmap Heap Scan on sbtest7  (cost=5.41..381.49 rows=95 width=125)
	  Recheck Cond: ((k >= 4593611) AND (k <= 4593711))
	  ->  Bitmap Index Scan on k_7  (cost=0.00..5.38 rows=95 width=0)
	        Index Cond: ((k >= 4593611) AND (k <= 4593711))

table 8 : explain SELECT k, c FROM sbtest8 WHERE k BETWEEN 4593611 AND 4593711
	Bitmap Heap Scan on sbtest8  (cost=5.47..405.13 rows=101 width=125)
	  Recheck Cond: ((k >= 4593611) AND (k <= 4593711))
	  ->  Bitmap Index Scan on k_8  (cost=0.00..5.44 rows=101 width=0)
	        Index Cond: ((k >= 4593611) AND (k <= 4593711))

explain: for range-notcovered :: explain SELECT k, c FROM sbtest%d WHERE k BETWEEN 4719339 AND 4719439
explain: for range-notcovered :: explain SELECT k, c FROM sbtest%d WHERE k BETWEEN 4593611 AND 4593711
explain: for range-notcovered :: explain SELECT k, c FROM sbtest%d WHERE k BETWEEN 4737643 AND 4737743
for range-notcovered
table 1 : explain SELECT k, c FROM sbtest1 WHERE k BETWEEN 4593611 AND 4593711
	Bitmap Heap Scan on sbtest1  (cost=5.50..416.94 rows=104 width=125)
	  Recheck Cond: ((k >= 4593611) AND (k <= 4593711))
	  ->  Bitmap Index Scan on k_1  (cost=0.00..5.47 rows=104 width=0)
	        Index Cond: ((k >= 4593611) AND (k <= 4593711))

table 2 : explain SELECT k, c FROM sbtest2 WHERE k BETWEEN 4593611 AND 4593711
	Bitmap Heap Scan on sbtest2  (cost=5.59..452.36 rows=113 width=125)
	  Recheck Cond: ((k >= 4593611) AND (k <= 4593711))
	  ->  Bitmap Index Scan on k_2  (cost=0.00..5.56 rows=113 width=0)
	        Index Cond: ((k >= 4593611) AND (k <= 4593711))

table 3 : explain SELECT k, c FROM sbtest3 WHERE k BETWEEN 4593611 AND 4593711
	Bitmap Heap Scan on sbtest3  (cost=5.48..409.07 rows=102 width=125)
	  Recheck Cond: ((k >= 4593611) AND (k <= 4593711))
	  ->  Bitmap Index Scan on k_3  (cost=0.00..5.45 rows=102 width=0)
	        Index Cond: ((k >= 4593611) AND (k <= 4593711))

table 4 : explain SELECT k, c FROM sbtest4 WHERE k BETWEEN 4593611 AND 4593711
	Bitmap Heap Scan on sbtest4  (cost=5.42..385.43 rows=96 width=125)
	  Recheck Cond: ((k >= 4593611) AND (k <= 4593711))
	  ->  Bitmap Index Scan on k_4  (cost=0.00..5.39 rows=96 width=0)
	        Index Cond: ((k >= 4593611) AND (k <= 4593711))

table 5 : explain SELECT k, c FROM sbtest5 WHERE k BETWEEN 4593611 AND 4593711
	Bitmap Heap Scan on sbtest5  (cost=5.42..385.43 rows=96 width=125)
	  Recheck Cond: ((k >= 4593611) AND (k <= 4593711))
	  ->  Bitmap Index Scan on k_5  (cost=0.00..5.39 rows=96 width=0)
	        Index Cond: ((k >= 4593611) AND (k <= 4593711))

table 6 : explain SELECT k, c FROM sbtest6 WHERE k BETWEEN 4593611 AND 4593711
	Bitmap Heap Scan on sbtest6  (cost=5.42..385.43 rows=96 width=125)
	  Recheck Cond: ((k >= 4593611) AND (k <= 4593711))
	  ->  Bitmap Index Scan on k_6  (cost=0.00..5.39 rows=96 width=0)
	        Index Cond: ((k >= 4593611) AND (k <= 4593711))

table 7 : explain SELECT k, c FROM sbtest7 WHERE k BETWEEN 4593611 AND 4593711
	Bitmap Heap Scan on sbtest7  (cost=5.41..381.49 rows=95 width=125)
	  Recheck Cond: ((k >= 4593611) AND (k <= 4593711))
	  ->  Bitmap Index Scan on k_7  (cost=0.00..5.38 rows=95 width=0)
	        Index Cond: ((k >= 4593611) AND (k <= 4593711))

table 8 : explain SELECT k, c FROM sbtest8 WHERE k BETWEEN 4593611 AND 4593711
	Bitmap Heap Scan on sbtest8  (cost=5.47..405.13 rows=101 width=125)
	  Recheck Cond: ((k >= 4593611) AND (k <= 4593711))
	  ->  Bitmap Index Scan on k_8  (cost=0.00..5.44 rows=101 width=0)
	        Index Cond: ((k >= 4593611) AND (k <= 4593711))

explain: for range-notcovered :: explain SELECT k, c FROM sbtest%d WHERE k BETWEEN 4593611 AND 4593711
for range-notcovered
table 1 : explain SELECT k, c FROM sbtest1 WHERE k BETWEEN 4737643 AND 4737743
	Bitmap Heap Scan on sbtest1  (cost=5.51..420.88 rows=105 width=125)
	  Recheck Cond: ((k >= 4737643) AND (k <= 4737743))
	  ->  Bitmap Index Scan on k_1  (cost=0.00..5.48 rows=105 width=0)
	        Index Cond: ((k >= 4737643) AND (k <= 4737743))

table 2 : explain SELECT k, c FROM sbtest2 WHERE k BETWEEN 4737643 AND 4737743
	Bitmap Heap Scan on sbtest2  (cost=5.48..409.07 rows=102 width=125)
	  Recheck Cond: ((k >= 4737643) AND (k <= 4737743))
	  ->  Bitmap Index Scan on k_2  (cost=0.00..5.45 rows=102 width=0)
	        Index Cond: ((k >= 4737643) AND (k <= 4737743))

table 3 : explain SELECT k, c FROM sbtest3 WHERE k BETWEEN 4737643 AND 4737743
	Bitmap Heap Scan on sbtest3  (cost=5.50..416.94 rows=104 width=125)
	  Recheck Cond: ((k >= 4737643) AND (k <= 4737743))
	  ->  Bitmap Index Scan on k_3  (cost=0.00..5.47 rows=104 width=0)
	        Index Cond: ((k >= 4737643) AND (k <= 4737743))

table 4 : explain SELECT k, c FROM sbtest4 WHERE k BETWEEN 4737643 AND 4737743
	Bitmap Heap Scan on sbtest4  (cost=5.54..432.69 rows=108 width=125)
	  Recheck Cond: ((k >= 4737643) AND (k <= 4737743))
	  ->  Bitmap Index Scan on k_4  (cost=0.00..5.51 rows=108 width=0)
	        Index Cond: ((k >= 4737643) AND (k <= 4737743))

table 5 : explain SELECT k, c FROM sbtest5 WHERE k BETWEEN 4737643 AND 4737743
	Bitmap Heap Scan on sbtest5  (cost=5.46..401.19 rows=100 width=125)
	  Recheck Cond: ((k >= 4737643) AND (k <= 4737743))
	  ->  Bitmap Index Scan on k_5  (cost=0.00..5.43 rows=100 width=0)
	        Index Cond: ((k >= 4737643) AND (k <= 4737743))

table 6 : explain SELECT k, c FROM sbtest6 WHERE k BETWEEN 4737643 AND 4737743
	Bitmap Heap Scan on sbtest6  (cost=5.45..397.25 rows=99 width=125)
	  Recheck Cond: ((k >= 4737643) AND (k <= 4737743))
	  ->  Bitmap Index Scan on k_6  (cost=0.00..5.42 rows=99 width=0)
	        Index Cond: ((k >= 4737643) AND (k <= 4737743))

table 7 : explain SELECT k, c FROM sbtest7 WHERE k BETWEEN 4737643 AND 4737743
	Bitmap Heap Scan on sbtest7  (cost=5.44..393.31 rows=98 width=125)
	  Recheck Cond: ((k >= 4737643) AND (k <= 4737743))
	  ->  Bitmap Index Scan on k_7  (cost=0.00..5.42 rows=98 width=0)
	        Index Cond: ((k >= 4737643) AND (k <= 4737743))

table 8 : explain SELECT k, c FROM sbtest8 WHERE k BETWEEN 4737643 AND 4737743
	Bitmap Heap Scan on sbtest8  (cost=5.50..416.94 rows=104 width=125)
	  Recheck Cond: ((k >= 4737643) AND (k <= 4737743))
	  ->  Bitmap Index Scan on k_8  (cost=0.00..5.47 rows=104 width=0)
	        Index Cond: ((k >= 4737643) AND (k <= 4737743))

explain: for range-notcovered :: explain SELECT k, c FROM sbtest%d WHERE k BETWEEN 4737643 AND 4737743
for range-notcovered
table 1 : explain SELECT k, c FROM sbtest1 WHERE k BETWEEN 8174023 AND 8174123
	Bitmap Heap Scan on sbtest1  (cost=5.59..452.36 rows=113 width=125)
	  Recheck Cond: ((k >= 8174023) AND (k <= 8174123))
	  ->  Bitmap Index Scan on k_1  (cost=0.00..5.56 rows=113 width=0)
	        Index Cond: ((k >= 8174023) AND (k <= 8174123))

table 2 : explain SELECT k, c FROM sbtest2 WHERE k BETWEEN 8174023 AND 8174123
	Bitmap Heap Scan on sbtest2  (cost=5.50..416.94 rows=104 width=125)
	  Recheck Cond: ((k >= 8174023) AND (k <= 8174123))
	  ->  Bitmap Index Scan on k_2  (cost=0.00..5.47 rows=104 width=0)
	        Index Cond: ((k >= 8174023) AND (k <= 8174123))

table 3 : explain SELECT k, c FROM sbtest3 WHERE k BETWEEN 8174023 AND 8174123
	Bitmap Heap Scan on sbtest3  (cost=5.51..420.88 rows=105 width=125)
	  Recheck Cond: ((k >= 8174023) AND (k <= 8174123))
	  ->  Bitmap Index Scan on k_3  (cost=0.00..5.48 rows=105 width=0)
	        Index Cond: ((k >= 8174023) AND (k <= 8174123))

table 4 : explain SELECT k, c FROM sbtest4 WHERE k BETWEEN 8174023 AND 8174123
	Bitmap Heap Scan on sbtest4  (cost=5.46..401.19 rows=100 width=125)
	  Recheck Cond: ((k >= 8174023) AND (k <= 8174123))
	  ->  Bitmap Index Scan on k_4  (cost=0.00..5.43 rows=100 width=0)
	        Index Cond: ((k >= 8174023) AND (k <= 8174123))

table 5 : explain SELECT k, c FROM sbtest5 WHERE k BETWEEN 8174023 AND 8174123
	Bitmap Heap Scan on sbtest5  (cost=5.54..432.69 rows=108 width=125)
	  Recheck Cond: ((k >= 8174023) AND (k <= 8174123))
	  ->  Bitmap Index Scan on k_5  (cost=0.00..5.51 rows=108 width=0)
	        Index Cond: ((k >= 8174023) AND (k <= 8174123))

table 6 : explain SELECT k, c FROM sbtest6 WHERE k BETWEEN 8174023 AND 8174123
	Bitmap Heap Scan on sbtest6  (cost=5.49..413.00 rows=103 width=125)
	  Recheck Cond: ((k >= 8174023) AND (k <= 8174123))
	  ->  Bitmap Index Scan on k_6  (cost=0.00..5.46 rows=103 width=0)
	        Index Cond: ((k >= 8174023) AND (k <= 8174123))

table 7 : explain SELECT k, c FROM sbtest7 WHERE k BETWEEN 8174023 AND 8174123
	Bitmap Heap Scan on sbtest7  (cost=5.50..416.94 rows=104 width=125)
	  Recheck Cond: ((k >= 8174023) AND (k <= 8174123))
	  ->  Bitmap Index Scan on k_7  (cost=0.00..5.47 rows=104 width=0)
	        Index Cond: ((k >= 8174023) AND (k <= 8174123))

table 8 : explain SELECT k, c FROM sbtest8 WHERE k BETWEEN 8174023 AND 8174123
	Bitmap Heap Scan on sbtest8  (cost=5.41..381.49 rows=95 width=125)
	  Recheck Cond: ((k >= 8174023) AND (k <= 8174123))
	  ->  Bitmap Index Scan on k_8  (cost=0.00..5.38 rows=95 width=0)
	        Index Cond: ((k >= 8174023) AND (k <= 8174123))

explain: for range-notcovered :: explain SELECT k, c FROM sbtest%d WHERE k BETWEEN 8139180 AND 8139280
for range-notcovered
table 1 : explain SELECT k, c FROM sbtest1 WHERE k BETWEEN 3201300 AND 3201400
	Bitmap Heap Scan on sbtest1  (cost=5.55..436.62 rows=109 width=125)
	  Recheck Cond: ((k >= 3201300) AND (k <= 3201400))
	  ->  Bitmap Index Scan on k_1  (cost=0.00..5.52 rows=109 width=0)
	        Index Cond: ((k >= 3201300) AND (k <= 3201400))

table 2 : explain SELECT k, c FROM sbtest2 WHERE k BETWEEN 3201300 AND 3201400
	Bitmap Heap Scan on sbtest2  (cost=5.50..416.94 rows=104 width=125)
	  Recheck Cond: ((k >= 3201300) AND (k <= 3201400))
	  ->  Bitmap Index Scan on k_2  (cost=0.00..5.47 rows=104 width=0)
	        Index Cond: ((k >= 3201300) AND (k <= 3201400))

table 3 : explain SELECT k, c FROM sbtest3 WHERE k BETWEEN 3201300 AND 3201400
	Bitmap Heap Scan on sbtest3  (cost=5.48..409.07 rows=102 width=125)
	  Recheck Cond: ((k >= 3201300) AND (k <= 3201400))
	  ->  Bitmap Index Scan on k_3  (cost=0.00..5.45 rows=102 width=0)
	        Index Cond: ((k >= 3201300) AND (k <= 3201400))

table 4 : explain SELECT k, c FROM sbtest4 WHERE k BETWEEN 3201300 AND 3201400
	Bitmap Heap Scan on sbtest4  (cost=5.39..373.61 rows=93 width=125)
	  Recheck Cond: ((k >= 3201300) AND (k <= 3201400))
	  ->  Bitmap Index Scan on k_4  (cost=0.00..5.36 rows=93 width=0)
	        Index Cond: ((k >= 3201300) AND (k <= 3201400))

table 5 : explain SELECT k, c FROM sbtest5 WHERE k BETWEEN 3201300 AND 3201400
	Bitmap Heap Scan on sbtest5  (cost=5.51..420.88 rows=105 width=125)
	  Recheck Cond: ((k >= 3201300) AND (k <= 3201400))
	  ->  Bitmap Index Scan on k_5  (cost=0.00..5.48 rows=105 width=0)
	        Index Cond: ((k >= 3201300) AND (k <= 3201400))

table 6 : explain SELECT k, c FROM sbtest6 WHERE k BETWEEN 3201300 AND 3201400
	Bitmap Heap Scan on sbtest6  (cost=5.45..397.25 rows=99 width=125)
	  Recheck Cond: ((k >= 3201300) AND (k <= 3201400))
	  ->  Bitmap Index Scan on k_6  (cost=0.00..5.42 rows=99 width=0)
	        Index Cond: ((k >= 3201300) AND (k <= 3201400))

table 7 : explain SELECT k, c FROM sbtest7 WHERE k BETWEEN 3201300 AND 3201400
	Bitmap Heap Scan on sbtest7  (cost=5.53..428.75 rows=107 width=125)
	  Recheck Cond: ((k >= 3201300) AND (k <= 3201400))
	  ->  Bitmap Index Scan on k_7  (cost=0.00..5.50 rows=107 width=0)
	        Index Cond: ((k >= 3201300) AND (k <= 3201400))

table 8 : explain SELECT k, c FROM sbtest8 WHERE k BETWEEN 3201300 AND 3201400
	Bitmap Heap Scan on sbtest8  (cost=5.42..385.43 rows=96 width=125)
	  Recheck Cond: ((k >= 3201300) AND (k <= 3201400))
	  ->  Bitmap Index Scan on k_8  (cost=0.00..5.39 rows=96 width=0)
	        Index Cond: ((k >= 3201300) AND (k <= 3201400))

for range-notcovered
table 1 : explain SELECT k, c FROM sbtest1 WHERE k BETWEEN 4714262 AND 4714362
	Bitmap Heap Scan on sbtest1  (cost=5.44..393.31 rows=98 width=125)
	  Recheck Cond: ((k >= 4714262) AND (k <= 4714362))
	  ->  Bitmap Index Scan on k_1  (cost=0.00..5.42 rows=98 width=0)
	        Index Cond: ((k >= 4714262) AND (k <= 4714362))

table 2 : explain SELECT k, c FROM sbtest2 WHERE k BETWEEN 4714262 AND 4714362
	Bitmap Heap Scan on sbtest2  (cost=5.48..409.07 rows=102 width=125)
	  Recheck Cond: ((k >= 4714262) AND (k <= 4714362))
	  ->  Bitmap Index Scan on k_2  (cost=0.00..5.45 rows=102 width=0)
	        Index Cond: ((k >= 4714262) AND (k <= 4714362))

table 3 : explain SELECT k, c FROM sbtest3 WHERE k BETWEEN 4714262 AND 4714362
	Bitmap Heap Scan on sbtest3  (cost=5.50..416.94 rows=104 width=125)
	  Recheck Cond: ((k >= 4714262) AND (k <= 4714362))
	  ->  Bitmap Index Scan on k_3  (cost=0.00..5.47 rows=104 width=0)
	        Index Cond: ((k >= 4714262) AND (k <= 4714362))

table 4 : explain SELECT k, c FROM sbtest4 WHERE k BETWEEN 4714262 AND 4714362
	Bitmap Heap Scan on sbtest4  (cost=5.54..432.69 rows=108 width=125)
	  Recheck Cond: ((k >= 4714262) AND (k <= 4714362))
	  ->  Bitmap Index Scan on k_4  (cost=0.00..5.51 rows=108 width=0)
	        Index Cond: ((k >= 4714262) AND (k <= 4714362))

table 5 : explain SELECT k, c FROM sbtest5 WHERE k BETWEEN 4714262 AND 4714362
	Bitmap Heap Scan on sbtest5  (cost=5.46..401.19 rows=100 width=125)
	  Recheck Cond: ((k >= 4714262) AND (k <= 4714362))
	  ->  Bitmap Index Scan on k_5  (cost=0.00..5.43 rows=100 width=0)
	        Index Cond: ((k >= 4714262) AND (k <= 4714362))

table 6 : explain SELECT k, c FROM sbtest6 WHERE k BETWEEN 4714262 AND 4714362
	Bitmap Heap Scan on sbtest6  (cost=5.45..397.25 rows=99 width=125)
	  Recheck Cond: ((k >= 4714262) AND (k <= 4714362))
	  ->  Bitmap Index Scan on k_6  (cost=0.00..5.42 rows=99 width=0)
	        Index Cond: ((k >= 4714262) AND (k <= 4714362))

table 7 : explain SELECT k, c FROM sbtest7 WHERE k BETWEEN 4714262 AND 4714362
	Bitmap Heap Scan on sbtest7  (cost=5.44..393.31 rows=98 width=125)
	  Recheck Cond: ((k >= 4714262) AND (k <= 4714362))
	  ->  Bitmap Index Scan on k_7  (cost=0.00..5.42 rows=98 width=0)
	        Index Cond: ((k >= 4714262) AND (k <= 4714362))

table 8 : explain SELECT k, c FROM sbtest8 WHERE k BETWEEN 4714262 AND 4714362
	Bitmap Heap Scan on sbtest8  (cost=5.50..416.94 rows=104 width=125)
	  Recheck Cond: ((k >= 4714262) AND (k <= 4714362))
	  ->  Bitmap Index Scan on k_8  (cost=0.00..5.47 rows=104 width=0)
	        Index Cond: ((k >= 4714262) AND (k <= 4714362))

for range-notcovered
table 1 : explain SELECT k, c FROM sbtest1 WHERE k BETWEEN 4593611 AND 4593711
	Bitmap Heap Scan on sbtest1  (cost=5.50..416.94 rows=104 width=125)
	  Recheck Cond: ((k >= 4593611) AND (k <= 4593711))
	  ->  Bitmap Index Scan on k_1  (cost=0.00..5.47 rows=104 width=0)
	        Index Cond: ((k >= 4593611) AND (k <= 4593711))

table 2 : explain SELECT k, c FROM sbtest2 WHERE k BETWEEN 4593611 AND 4593711
	Bitmap Heap Scan on sbtest2  (cost=5.59..452.36 rows=113 width=125)
	  Recheck Cond: ((k >= 4593611) AND (k <= 4593711))
	  ->  Bitmap Index Scan on k_2  (cost=0.00..5.56 rows=113 width=0)
	        Index Cond: ((k >= 4593611) AND (k <= 4593711))

table 3 : explain SELECT k, c FROM sbtest3 WHERE k BETWEEN 4593611 AND 4593711
	Bitmap Heap Scan on sbtest3  (cost=5.48..409.07 rows=102 width=125)
	  Recheck Cond: ((k >= 4593611) AND (k <= 4593711))
	  ->  Bitmap Index Scan on k_3  (cost=0.00..5.45 rows=102 width=0)
	        Index Cond: ((k >= 4593611) AND (k <= 4593711))

table 4 : explain SELECT k, c FROM sbtest4 WHERE k BETWEEN 4593611 AND 4593711
	Bitmap Heap Scan on sbtest4  (cost=5.42..385.43 rows=96 width=125)
	  Recheck Cond: ((k >= 4593611) AND (k <= 4593711))
	  ->  Bitmap Index Scan on k_4  (cost=0.00..5.39 rows=96 width=0)
	        Index Cond: ((k >= 4593611) AND (k <= 4593711))

table 5 : explain SELECT k, c FROM sbtest5 WHERE k BETWEEN 4593611 AND 4593711
	Bitmap Heap Scan on sbtest5  (cost=5.42..385.43 rows=96 width=125)
	  Recheck Cond: ((k >= 4593611) AND (k <= 4593711))
	  ->  Bitmap Index Scan on k_5  (cost=0.00..5.39 rows=96 width=0)
	        Index Cond: ((k >= 4593611) AND (k <= 4593711))

table 6 : explain SELECT k, c FROM sbtest6 WHERE k BETWEEN 4593611 AND 4593711
	Bitmap Heap Scan on sbtest6  (cost=5.42..385.43 rows=96 width=125)
	  Recheck Cond: ((k >= 4593611) AND (k <= 4593711))
	  ->  Bitmap Index Scan on k_6  (cost=0.00..5.39 rows=96 width=0)
	        Index Cond: ((k >= 4593611) AND (k <= 4593711))

table 7 : explain SELECT k, c FROM sbtest7 WHERE k BETWEEN 4593611 AND 4593711
	Bitmap Heap Scan on sbtest7  (cost=5.41..381.49 rows=95 width=125)
	  Recheck Cond: ((k >= 4593611) AND (k <= 4593711))
	  ->  Bitmap Index Scan on k_7  (cost=0.00..5.38 rows=95 width=0)
	        Index Cond: ((k >= 4593611) AND (k <= 4593711))

table 8 : explain SELECT k, c FROM sbtest8 WHERE k BETWEEN 4593611 AND 4593711
	Bitmap Heap Scan on sbtest8  (cost=5.47..405.13 rows=101 width=125)
	  Recheck Cond: ((k >= 4593611) AND (k <= 4593711))
	  ->  Bitmap Index Scan on k_8  (cost=0.00..5.44 rows=101 width=0)
	        Index Cond: ((k >= 4593611) AND (k <= 4593711))

explain: for range-notcovered :: explain SELECT k, c FROM sbtest%d WHERE k BETWEEN 3201300 AND 3201400
explain: for range-notcovered :: explain SELECT k, c FROM sbtest%d WHERE k BETWEEN 4714262 AND 4714362
explain: for range-notcovered :: explain SELECT k, c FROM sbtest%d WHERE k BETWEEN 4593611 AND 4593711
for range-notcovered
table 1 : explain SELECT k, c FROM sbtest1 WHERE k BETWEEN 8139180 AND 8139280
	Bitmap Heap Scan on sbtest1  (cost=5.59..452.36 rows=113 width=125)
	  Recheck Cond: ((k >= 8139180) AND (k <= 8139280))
	  ->  Bitmap Index Scan on k_1  (cost=0.00..5.56 rows=113 width=0)
	        Index Cond: ((k >= 8139180) AND (k <= 8139280))

table 2 : explain SELECT k, c FROM sbtest2 WHERE k BETWEEN 8139180 AND 8139280
	Bitmap Heap Scan on sbtest2  (cost=5.50..416.94 rows=104 width=125)
	  Recheck Cond: ((k >= 8139180) AND (k <= 8139280))
	  ->  Bitmap Index Scan on k_2  (cost=0.00..5.47 rows=104 width=0)
	        Index Cond: ((k >= 8139180) AND (k <= 8139280))

table 3 : explain SELECT k, c FROM sbtest3 WHERE k BETWEEN 8139180 AND 8139280
	Bitmap Heap Scan on sbtest3  (cost=5.51..420.88 rows=105 width=125)
	  Recheck Cond: ((k >= 8139180) AND (k <= 8139280))
	  ->  Bitmap Index Scan on k_3  (cost=0.00..5.48 rows=105 width=0)
	        Index Cond: ((k >= 8139180) AND (k <= 8139280))

table 4 : explain SELECT k, c FROM sbtest4 WHERE k BETWEEN 8139180 AND 8139280
	Bitmap Heap Scan on sbtest4  (cost=5.49..413.00 rows=103 width=125)
	  Recheck Cond: ((k >= 8139180) AND (k <= 8139280))
	  ->  Bitmap Index Scan on k_4  (cost=0.00..5.46 rows=103 width=0)
	        Index Cond: ((k >= 8139180) AND (k <= 8139280))

table 5 : explain SELECT k, c FROM sbtest5 WHERE k BETWEEN 8139180 AND 8139280
	Bitmap Heap Scan on sbtest5  (cost=5.54..432.69 rows=108 width=125)
	  Recheck Cond: ((k >= 8139180) AND (k <= 8139280))
	  ->  Bitmap Index Scan on k_5  (cost=0.00..5.51 rows=108 width=0)
	        Index Cond: ((k >= 8139180) AND (k <= 8139280))

table 6 : explain SELECT k, c FROM sbtest6 WHERE k BETWEEN 8139180 AND 8139280
	Bitmap Heap Scan on sbtest6  (cost=5.49..413.00 rows=103 width=125)
	  Recheck Cond: ((k >= 8139180) AND (k <= 8139280))
	  ->  Bitmap Index Scan on k_6  (cost=0.00..5.46 rows=103 width=0)
	        Index Cond: ((k >= 8139180) AND (k <= 8139280))

table 7 : explain SELECT k, c FROM sbtest7 WHERE k BETWEEN 8139180 AND 8139280
	Bitmap Heap Scan on sbtest7  (cost=5.46..401.19 rows=100 width=125)
	  Recheck Cond: ((k >= 8139180) AND (k <= 8139280))
	  ->  Bitmap Index Scan on k_7  (cost=0.00..5.43 rows=100 width=0)
	        Index Cond: ((k >= 8139180) AND (k <= 8139280))

table 8 : explain SELECT k, c FROM sbtest8 WHERE k BETWEEN 8139180 AND 8139280
	Bitmap Heap Scan on sbtest8  (cost=5.49..413.00 rows=103 width=125)
	  Recheck Cond: ((k >= 8139180) AND (k <= 8139280))
	  ->  Bitmap Index Scan on k_8  (cost=0.00..5.46 rows=103 width=0)
	        Index Cond: ((k >= 8139180) AND (k <= 8139280))

explain: for range-notcovered :: explain SELECT k, c FROM sbtest%d WHERE k BETWEEN 8139180 AND 8139280
for range-notcovered
table 1 : explain SELECT k, c FROM sbtest1 WHERE k BETWEEN 4593611 AND 4593711
	Bitmap Heap Scan on sbtest1  (cost=5.50..416.94 rows=104 width=125)
	  Recheck Cond: ((k >= 4593611) AND (k <= 4593711))
	  ->  Bitmap Index Scan on k_1  (cost=0.00..5.47 rows=104 width=0)
	        Index Cond: ((k >= 4593611) AND (k <= 4593711))

table 2 : explain SELECT k, c FROM sbtest2 WHERE k BETWEEN 4593611 AND 4593711
	Bitmap Heap Scan on sbtest2  (cost=5.59..452.36 rows=113 width=125)
	  Recheck Cond: ((k >= 4593611) AND (k <= 4593711))
	  ->  Bitmap Index Scan on k_2  (cost=0.00..5.56 rows=113 width=0)
	        Index Cond: ((k >= 4593611) AND (k <= 4593711))

table 3 : explain SELECT k, c FROM sbtest3 WHERE k BETWEEN 4593611 AND 4593711
	Bitmap Heap Scan on sbtest3  (cost=5.48..409.07 rows=102 width=125)
	  Recheck Cond: ((k >= 4593611) AND (k <= 4593711))
	  ->  Bitmap Index Scan on k_3  (cost=0.00..5.45 rows=102 width=0)
	        Index Cond: ((k >= 4593611) AND (k <= 4593711))

table 4 : explain SELECT k, c FROM sbtest4 WHERE k BETWEEN 4593611 AND 4593711
	Bitmap Heap Scan on sbtest4  (cost=5.42..385.43 rows=96 width=125)
	  Recheck Cond: ((k >= 4593611) AND (k <= 4593711))
	  ->  Bitmap Index Scan on k_4  (cost=0.00..5.39 rows=96 width=0)
	        Index Cond: ((k >= 4593611) AND (k <= 4593711))

table 5 : explain SELECT k, c FROM sbtest5 WHERE k BETWEEN 4593611 AND 4593711
	Bitmap Heap Scan on sbtest5  (cost=5.42..385.43 rows=96 width=125)
	  Recheck Cond: ((k >= 4593611) AND (k <= 4593711))
	  ->  Bitmap Index Scan on k_5  (cost=0.00..5.39 rows=96 width=0)
	        Index Cond: ((k >= 4593611) AND (k <= 4593711))

table 6 : explain SELECT k, c FROM sbtest6 WHERE k BETWEEN 4593611 AND 4593711
	Bitmap Heap Scan on sbtest6  (cost=5.42..385.43 rows=96 width=125)
	  Recheck Cond: ((k >= 4593611) AND (k <= 4593711))
	  ->  Bitmap Index Scan on k_6  (cost=0.00..5.39 rows=96 width=0)
	        Index Cond: ((k >= 4593611) AND (k <= 4593711))

table 7 : explain SELECT k, c FROM sbtest7 WHERE k BETWEEN 4593611 AND 4593711
	Bitmap Heap Scan on sbtest7  (cost=5.41..381.49 rows=95 width=125)
	  Recheck Cond: ((k >= 4593611) AND (k <= 4593711))
	  ->  Bitmap Index Scan on k_7  (cost=0.00..5.38 rows=95 width=0)
	        Index Cond: ((k >= 4593611) AND (k <= 4593711))

table 8 : explain SELECT k, c FROM sbtest8 WHERE k BETWEEN 4593611 AND 4593711
	Bitmap Heap Scan on sbtest8  (cost=5.47..405.13 rows=101 width=125)
	  Recheck Cond: ((k >= 4593611) AND (k <= 4593711))
	  ->  Bitmap Index Scan on k_8  (cost=0.00..5.44 rows=101 width=0)
	        Index Cond: ((k >= 4593611) AND (k <= 4593711))

for range-notcovered
table 1 : explain SELECT k, c FROM sbtest1 WHERE k BETWEEN 4714262 AND 4714362
	Bitmap Heap Scan on sbtest1  (cost=5.44..393.31 rows=98 width=125)
	  Recheck Cond: ((k >= 4714262) AND (k <= 4714362))
	  ->  Bitmap Index Scan on k_1  (cost=0.00..5.42 rows=98 width=0)
	        Index Cond: ((k >= 4714262) AND (k <= 4714362))

table 2 : explain SELECT k, c FROM sbtest2 WHERE k BETWEEN 4714262 AND 4714362
	Bitmap Heap Scan on sbtest2  (cost=5.48..409.07 rows=102 width=125)
	  Recheck Cond: ((k >= 4714262) AND (k <= 4714362))
	  ->  Bitmap Index Scan on k_2  (cost=0.00..5.45 rows=102 width=0)
	        Index Cond: ((k >= 4714262) AND (k <= 4714362))

table 3 : explain SELECT k, c FROM sbtest3 WHERE k BETWEEN 4714262 AND 4714362
	Bitmap Heap Scan on sbtest3  (cost=5.50..416.94 rows=104 width=125)
	  Recheck Cond: ((k >= 4714262) AND (k <= 4714362))
	  ->  Bitmap Index Scan on k_3  (cost=0.00..5.47 rows=104 width=0)
	        Index Cond: ((k >= 4714262) AND (k <= 4714362))

table 4 : explain SELECT k, c FROM sbtest4 WHERE k BETWEEN 4714262 AND 4714362
	Bitmap Heap Scan on sbtest4  (cost=5.54..432.69 rows=108 width=125)
	  Recheck Cond: ((k >= 4714262) AND (k <= 4714362))
	  ->  Bitmap Index Scan on k_4  (cost=0.00..5.51 rows=108 width=0)
	        Index Cond: ((k >= 4714262) AND (k <= 4714362))

table 5 : explain SELECT k, c FROM sbtest5 WHERE k BETWEEN 4714262 AND 4714362
	Bitmap Heap Scan on sbtest5  (cost=5.46..401.19 rows=100 width=125)
	  Recheck Cond: ((k >= 4714262) AND (k <= 4714362))
	  ->  Bitmap Index Scan on k_5  (cost=0.00..5.43 rows=100 width=0)
	        Index Cond: ((k >= 4714262) AND (k <= 4714362))

table 6 : explain SELECT k, c FROM sbtest6 WHERE k BETWEEN 4714262 AND 4714362
	Bitmap Heap Scan on sbtest6  (cost=5.45..397.25 rows=99 width=125)
	  Recheck Cond: ((k >= 4714262) AND (k <= 4714362))
	  ->  Bitmap Index Scan on k_6  (cost=0.00..5.42 rows=99 width=0)
	        Index Cond: ((k >= 4714262) AND (k <= 4714362))

table 7 : explain SELECT k, c FROM sbtest7 WHERE k BETWEEN 4714262 AND 4714362
	Bitmap Heap Scan on sbtest7  (cost=5.44..393.31 rows=98 width=125)
	  Recheck Cond: ((k >= 4714262) AND (k <= 4714362))
	  ->  Bitmap Index Scan on k_7  (cost=0.00..5.42 rows=98 width=0)
	        Index Cond: ((k >= 4714262) AND (k <= 4714362))

table 8 : explain SELECT k, c FROM sbtest8 WHERE k BETWEEN 4714262 AND 4714362
	Bitmap Heap Scan on sbtest8  (cost=5.50..416.94 rows=104 width=125)
	  Recheck Cond: ((k >= 4714262) AND (k <= 4714362))
	  ->  Bitmap Index Scan on k_8  (cost=0.00..5.47 rows=104 width=0)
	        Index Cond: ((k >= 4714262) AND (k <= 4714362))

explain: for range-notcovered :: explain SELECT k, c FROM sbtest%d WHERE k BETWEEN 4593611 AND 4593711
for range-notcovered
table 1 : explain SELECT k, c FROM sbtest1 WHERE k BETWEEN 3201300 AND 3201400
	Bitmap Heap Scan on sbtest1  (cost=5.55..436.62 rows=109 width=125)
	  Recheck Cond: ((k >= 3201300) AND (k <= 3201400))
	  ->  Bitmap Index Scan on k_1  (cost=0.00..5.52 rows=109 width=0)
	        Index Cond: ((k >= 3201300) AND (k <= 3201400))

table 2 : explain SELECT k, c FROM sbtest2 WHERE k BETWEEN 3201300 AND 3201400
	Bitmap Heap Scan on sbtest2  (cost=5.50..416.94 rows=104 width=125)
	  Recheck Cond: ((k >= 3201300) AND (k <= 3201400))
	  ->  Bitmap Index Scan on k_2  (cost=0.00..5.47 rows=104 width=0)
	        Index Cond: ((k >= 3201300) AND (k <= 3201400))

table 3 : explain SELECT k, c FROM sbtest3 WHERE k BETWEEN 3201300 AND 3201400
	Bitmap Heap Scan on sbtest3  (cost=5.48..409.07 rows=102 width=125)
	  Recheck Cond: ((k >= 3201300) AND (k <= 3201400))
	  ->  Bitmap Index Scan on k_3  (cost=0.00..5.45 rows=102 width=0)
	        Index Cond: ((k >= 3201300) AND (k <= 3201400))

table 4 : explain SELECT k, c FROM sbtest4 WHERE k BETWEEN 3201300 AND 3201400
	Bitmap Heap Scan on sbtest4  (cost=5.39..373.61 rows=93 width=125)
	  Recheck Cond: ((k >= 3201300) AND (k <= 3201400))
	  ->  Bitmap Index Scan on k_4  (cost=0.00..5.36 rows=93 width=0)
	        Index Cond: ((k >= 3201300) AND (k <= 3201400))

table 5 : explain SELECT k, c FROM sbtest5 WHERE k BETWEEN 3201300 AND 3201400
	Bitmap Heap Scan on sbtest5  (cost=5.51..420.88 rows=105 width=125)
	  Recheck Cond: ((k >= 3201300) AND (k <= 3201400))
	  ->  Bitmap Index Scan on k_5  (cost=0.00..5.48 rows=105 width=0)
	        Index Cond: ((k >= 3201300) AND (k <= 3201400))

table 6 : explain SELECT k, c FROM sbtest6 WHERE k BETWEEN 3201300 AND 3201400
	Bitmap Heap Scan on sbtest6  (cost=5.45..397.25 rows=99 width=125)
	  Recheck Cond: ((k >= 3201300) AND (k <= 3201400))
	  ->  Bitmap Index Scan on k_6  (cost=0.00..5.42 rows=99 width=0)
	        Index Cond: ((k >= 3201300) AND (k <= 3201400))

table 7 : explain SELECT k, c FROM sbtest7 WHERE k BETWEEN 3201300 AND 3201400
	Bitmap Heap Scan on sbtest7  (cost=5.53..428.75 rows=107 width=125)
	  Recheck Cond: ((k >= 3201300) AND (k <= 3201400))
	  ->  Bitmap Index Scan on k_7  (cost=0.00..5.50 rows=107 width=0)
	        Index Cond: ((k >= 3201300) AND (k <= 3201400))

table 8 : explain SELECT k, c FROM sbtest8 WHERE k BETWEEN 3201300 AND 3201400
	Bitmap Heap Scan on sbtest8  (cost=5.42..385.43 rows=96 width=125)
	  Recheck Cond: ((k >= 3201300) AND (k <= 3201400))
	  ->  Bitmap Index Scan on k_8  (cost=0.00..5.39 rows=96 width=0)
	        Index Cond: ((k >= 3201300) AND (k <= 3201400))

explain: for range-notcovered :: explain SELECT k, c FROM sbtest%d WHERE k BETWEEN 4714262 AND 4714362
explain: for range-notcovered :: explain SELECT k, c FROM sbtest%d WHERE k BETWEEN 3201300 AND 3201400
for range-notcovered
table 1 : explain SELECT k, c FROM sbtest1 WHERE k BETWEEN 8139180 AND 8139280
	Bitmap Heap Scan on sbtest1  (cost=5.59..452.36 rows=113 width=125)
	  Recheck Cond: ((k >= 8139180) AND (k <= 8139280))
	  ->  Bitmap Index Scan on k_1  (cost=0.00..5.56 rows=113 width=0)
	        Index Cond: ((k >= 8139180) AND (k <= 8139280))

table 2 : explain SELECT k, c FROM sbtest2 WHERE k BETWEEN 8139180 AND 8139280
	Bitmap Heap Scan on sbtest2  (cost=5.50..416.94 rows=104 width=125)
	  Recheck Cond: ((k >= 8139180) AND (k <= 8139280))
	  ->  Bitmap Index Scan on k_2  (cost=0.00..5.47 rows=104 width=0)
	        Index Cond: ((k >= 8139180) AND (k <= 8139280))

table 3 : explain SELECT k, c FROM sbtest3 WHERE k BETWEEN 8139180 AND 8139280
	Bitmap Heap Scan on sbtest3  (cost=5.51..420.88 rows=105 width=125)
	  Recheck Cond: ((k >= 8139180) AND (k <= 8139280))
	  ->  Bitmap Index Scan on k_3  (cost=0.00..5.48 rows=105 width=0)
	        Index Cond: ((k >= 8139180) AND (k <= 8139280))

table 4 : explain SELECT k, c FROM sbtest4 WHERE k BETWEEN 8139180 AND 8139280
	Bitmap Heap Scan on sbtest4  (cost=5.49..413.00 rows=103 width=125)
	  Recheck Cond: ((k >= 8139180) AND (k <= 8139280))
	  ->  Bitmap Index Scan on k_4  (cost=0.00..5.46 rows=103 width=0)
	        Index Cond: ((k >= 8139180) AND (k <= 8139280))

table 5 : explain SELECT k, c FROM sbtest5 WHERE k BETWEEN 8139180 AND 8139280
	Bitmap Heap Scan on sbtest5  (cost=5.54..432.69 rows=108 width=125)
	  Recheck Cond: ((k >= 8139180) AND (k <= 8139280))
	  ->  Bitmap Index Scan on k_5  (cost=0.00..5.51 rows=108 width=0)
	        Index Cond: ((k >= 8139180) AND (k <= 8139280))

table 6 : explain SELECT k, c FROM sbtest6 WHERE k BETWEEN 8139180 AND 8139280
	Bitmap Heap Scan on sbtest6  (cost=5.49..413.00 rows=103 width=125)
	  Recheck Cond: ((k >= 8139180) AND (k <= 8139280))
	  ->  Bitmap Index Scan on k_6  (cost=0.00..5.46 rows=103 width=0)
	        Index Cond: ((k >= 8139180) AND (k <= 8139280))

table 7 : explain SELECT k, c FROM sbtest7 WHERE k BETWEEN 8139180 AND 8139280
	Bitmap Heap Scan on sbtest7  (cost=5.46..401.19 rows=100 width=125)
	  Recheck Cond: ((k >= 8139180) AND (k <= 8139280))
	  ->  Bitmap Index Scan on k_7  (cost=0.00..5.43 rows=100 width=0)
	        Index Cond: ((k >= 8139180) AND (k <= 8139280))

table 8 : explain SELECT k, c FROM sbtest8 WHERE k BETWEEN 8139180 AND 8139280
	Bitmap Heap Scan on sbtest8  (cost=5.49..413.00 rows=103 width=125)
	  Recheck Cond: ((k >= 8139180) AND (k <= 8139280))
	  ->  Bitmap Index Scan on k_8  (cost=0.00..5.46 rows=103 width=0)
	        Index Cond: ((k >= 8139180) AND (k <= 8139280))

for range-notcovered
table 1 : explain SELECT k, c FROM sbtest1 WHERE k BETWEEN 2829743 AND 2829843
	Bitmap Heap Scan on sbtest1  (cost=5.45..397.25 rows=99 width=125)
	  Recheck Cond: ((k >= 2829743) AND (k <= 2829843))
	  ->  Bitmap Index Scan on k_1  (cost=0.00..5.42 rows=99 width=0)
	        Index Cond: ((k >= 2829743) AND (k <= 2829843))

table 2 : explain SELECT k, c FROM sbtest2 WHERE k BETWEEN 2829743 AND 2829843
	Bitmap Heap Scan on sbtest2  (cost=5.44..393.31 rows=98 width=125)
	  Recheck Cond: ((k >= 2829743) AND (k <= 2829843))
	  ->  Bitmap Index Scan on k_2  (cost=0.00..5.42 rows=98 width=0)
	        Index Cond: ((k >= 2829743) AND (k <= 2829843))

table 3 : explain SELECT k, c FROM sbtest3 WHERE k BETWEEN 2829743 AND 2829843
	Bitmap Heap Scan on sbtest3  (cost=5.47..405.13 rows=101 width=125)
	  Recheck Cond: ((k >= 2829743) AND (k <= 2829843))
	  ->  Bitmap Index Scan on k_3  (cost=0.00..5.44 rows=101 width=0)
	        Index Cond: ((k >= 2829743) AND (k <= 2829843))

table 4 : explain SELECT k, c FROM sbtest4 WHERE k BETWEEN 2829743 AND 2829843
	Bitmap Heap Scan on sbtest4  (cost=5.45..397.25 rows=99 width=125)
	  Recheck Cond: ((k >= 2829743) AND (k <= 2829843))
	  ->  Bitmap Index Scan on k_4  (cost=0.00..5.42 rows=99 width=0)
	        Index Cond: ((k >= 2829743) AND (k <= 2829843))

table 5 : explain SELECT k, c FROM sbtest5 WHERE k BETWEEN 2829743 AND 2829843
	Bitmap Heap Scan on sbtest5  (cost=5.38..369.67 rows=92 width=125)
	  Recheck Cond: ((k >= 2829743) AND (k <= 2829843))
	  ->  Bitmap Index Scan on k_5  (cost=0.00..5.35 rows=92 width=0)
	        Index Cond: ((k >= 2829743) AND (k <= 2829843))

table 6 : explain SELECT k, c FROM sbtest6 WHERE k BETWEEN 2829743 AND 2829843
	Bitmap Heap Scan on sbtest6  (cost=5.49..413.00 rows=103 width=125)
	  Recheck Cond: ((k >= 2829743) AND (k <= 2829843))
	  ->  Bitmap Index Scan on k_6  (cost=0.00..5.46 rows=103 width=0)
	        Index Cond: ((k >= 2829743) AND (k <= 2829843))

table 7 : explain SELECT k, c FROM sbtest7 WHERE k BETWEEN 2829743 AND 2829843
	Bitmap Heap Scan on sbtest7  (cost=5.51..420.88 rows=105 width=125)
	  Recheck Cond: ((k >= 2829743) AND (k <= 2829843))
	  ->  Bitmap Index Scan on k_7  (cost=0.00..5.48 rows=105 width=0)
	        Index Cond: ((k >= 2829743) AND (k <= 2829843))

table 8 : explain SELECT k, c FROM sbtest8 WHERE k BETWEEN 2829743 AND 2829843
	Bitmap Heap Scan on sbtest8  (cost=5.52..424.81 rows=106 width=125)
	  Recheck Cond: ((k >= 2829743) AND (k <= 2829843))
	  ->  Bitmap Index Scan on k_8  (cost=0.00..5.50 rows=106 width=0)
	        Index Cond: ((k >= 2829743) AND (k <= 2829843))

explain: for range-notcovered :: explain SELECT k, c FROM sbtest%d WHERE k BETWEEN 6393796 AND 6393896
explain: for range-notcovered :: explain SELECT k, c FROM sbtest%d WHERE k BETWEEN 2829743 AND 2829843
for range-notcovered
table 1 : explain SELECT k, c FROM sbtest1 WHERE k BETWEEN 4714262 AND 4714362
	Bitmap Heap Scan on sbtest1  (cost=5.44..393.31 rows=98 width=125)
	  Recheck Cond: ((k >= 4714262) AND (k <= 4714362))
	  ->  Bitmap Index Scan on k_1  (cost=0.00..5.42 rows=98 width=0)
	        Index Cond: ((k >= 4714262) AND (k <= 4714362))

table 2 : explain SELECT k, c FROM sbtest2 WHERE k BETWEEN 4714262 AND 4714362
	Bitmap Heap Scan on sbtest2  (cost=5.48..409.07 rows=102 width=125)
	  Recheck Cond: ((k >= 4714262) AND (k <= 4714362))
	  ->  Bitmap Index Scan on k_2  (cost=0.00..5.45 rows=102 width=0)
	        Index Cond: ((k >= 4714262) AND (k <= 4714362))

table 3 : explain SELECT k, c FROM sbtest3 WHERE k BETWEEN 4714262 AND 4714362
	Bitmap Heap Scan on sbtest3  (cost=5.50..416.94 rows=104 width=125)
	  Recheck Cond: ((k >= 4714262) AND (k <= 4714362))
	  ->  Bitmap Index Scan on k_3  (cost=0.00..5.47 rows=104 width=0)
	        Index Cond: ((k >= 4714262) AND (k <= 4714362))

table 4 : explain SELECT k, c FROM sbtest4 WHERE k BETWEEN 4714262 AND 4714362
	Bitmap Heap Scan on sbtest4  (cost=5.54..432.69 rows=108 width=125)
	  Recheck Cond: ((k >= 4714262) AND (k <= 4714362))
	  ->  Bitmap Index Scan on k_4  (cost=0.00..5.51 rows=108 width=0)
	        Index Cond: ((k >= 4714262) AND (k <= 4714362))

table 5 : explain SELECT k, c FROM sbtest5 WHERE k BETWEEN 4714262 AND 4714362
	Bitmap Heap Scan on sbtest5  (cost=5.46..401.19 rows=100 width=125)
	  Recheck Cond: ((k >= 4714262) AND (k <= 4714362))
	  ->  Bitmap Index Scan on k_5  (cost=0.00..5.43 rows=100 width=0)
	        Index Cond: ((k >= 4714262) AND (k <= 4714362))

table 6 : explain SELECT k, c FROM sbtest6 WHERE k BETWEEN 4714262 AND 4714362
	Bitmap Heap Scan on sbtest6  (cost=5.45..397.25 rows=99 width=125)
	  Recheck Cond: ((k >= 4714262) AND (k <= 4714362))
	  ->  Bitmap Index Scan on k_6  (cost=0.00..5.42 rows=99 width=0)
	        Index Cond: ((k >= 4714262) AND (k <= 4714362))

table 7 : explain SELECT k, c FROM sbtest7 WHERE k BETWEEN 4714262 AND 4714362
	Bitmap Heap Scan on sbtest7  (cost=5.44..393.31 rows=98 width=125)
	  Recheck Cond: ((k >= 4714262) AND (k <= 4714362))
	  ->  Bitmap Index Scan on k_7  (cost=0.00..5.42 rows=98 width=0)
	        Index Cond: ((k >= 4714262) AND (k <= 4714362))

table 8 : explain SELECT k, c FROM sbtest8 WHERE k BETWEEN 4714262 AND 4714362
	Bitmap Heap Scan on sbtest8  (cost=5.50..416.94 rows=104 width=125)
	  Recheck Cond: ((k >= 4714262) AND (k <= 4714362))
	  ->  Bitmap Index Scan on k_8  (cost=0.00..5.47 rows=104 width=0)
	        Index Cond: ((k >= 4714262) AND (k <= 4714362))

for range-notcovered
table 1 : explain SELECT k, c FROM sbtest1 WHERE k BETWEEN 4737643 AND 4737743
	Bitmap Heap Scan on sbtest1  (cost=5.51..420.88 rows=105 width=125)
	  Recheck Cond: ((k >= 4737643) AND (k <= 4737743))
	  ->  Bitmap Index Scan on k_1  (cost=0.00..5.48 rows=105 width=0)
	        Index Cond: ((k >= 4737643) AND (k <= 4737743))

table 2 : explain SELECT k, c FROM sbtest2 WHERE k BETWEEN 4737643 AND 4737743
	Bitmap Heap Scan on sbtest2  (cost=5.48..409.07 rows=102 width=125)
	  Recheck Cond: ((k >= 4737643) AND (k <= 4737743))
	  ->  Bitmap Index Scan on k_2  (cost=0.00..5.45 rows=102 width=0)
	        Index Cond: ((k >= 4737643) AND (k <= 4737743))

table 3 : explain SELECT k, c FROM sbtest3 WHERE k BETWEEN 4737643 AND 4737743
	Bitmap Heap Scan on sbtest3  (cost=5.50..416.94 rows=104 width=125)
	  Recheck Cond: ((k >= 4737643) AND (k <= 4737743))
	  ->  Bitmap Index Scan on k_3  (cost=0.00..5.47 rows=104 width=0)
	        Index Cond: ((k >= 4737643) AND (k <= 4737743))

table 4 : explain SELECT k, c FROM sbtest4 WHERE k BETWEEN 4737643 AND 4737743
	Bitmap Heap Scan on sbtest4  (cost=5.54..432.69 rows=108 width=125)
	  Recheck Cond: ((k >= 4737643) AND (k <= 4737743))
	  ->  Bitmap Index Scan on k_4  (cost=0.00..5.51 rows=108 width=0)
	        Index Cond: ((k >= 4737643) AND (k <= 4737743))

table 5 : explain SELECT k, c FROM sbtest5 WHERE k BETWEEN 4737643 AND 4737743
	Bitmap Heap Scan on sbtest5  (cost=5.46..401.19 rows=100 width=125)
	  Recheck Cond: ((k >= 4737643) AND (k <= 4737743))
	  ->  Bitmap Index Scan on k_5  (cost=0.00..5.43 rows=100 width=0)
	        Index Cond: ((k >= 4737643) AND (k <= 4737743))

table 6 : explain SELECT k, c FROM sbtest6 WHERE k BETWEEN 4737643 AND 4737743
	Bitmap Heap Scan on sbtest6  (cost=5.45..397.25 rows=99 width=125)
	  Recheck Cond: ((k >= 4737643) AND (k <= 4737743))
	  ->  Bitmap Index Scan on k_6  (cost=0.00..5.42 rows=99 width=0)
	        Index Cond: ((k >= 4737643) AND (k <= 4737743))

table 7 : explain SELECT k, c FROM sbtest7 WHERE k BETWEEN 4737643 AND 4737743
	Bitmap Heap Scan on sbtest7  (cost=5.44..393.31 rows=98 width=125)
	  Recheck Cond: ((k >= 4737643) AND (k <= 4737743))
	  ->  Bitmap Index Scan on k_7  (cost=0.00..5.42 rows=98 width=0)
	        Index Cond: ((k >= 4737643) AND (k <= 4737743))

table 8 : explain SELECT k, c FROM sbtest8 WHERE k BETWEEN 4737643 AND 4737743
	Bitmap Heap Scan on sbtest8  (cost=5.50..416.94 rows=104 width=125)
	  Recheck Cond: ((k >= 4737643) AND (k <= 4737743))
	  ->  Bitmap Index Scan on k_8  (cost=0.00..5.47 rows=104 width=0)
	        Index Cond: ((k >= 4737643) AND (k <= 4737743))

for range-notcovered
table 1 : explain SELECT k, c FROM sbtest1 WHERE k BETWEEN 4593611 AND 4593711
	Bitmap Heap Scan on sbtest1  (cost=5.50..416.94 rows=104 width=125)
	  Recheck Cond: ((k >= 4593611) AND (k <= 4593711))
	  ->  Bitmap Index Scan on k_1  (cost=0.00..5.47 rows=104 width=0)
	        Index Cond: ((k >= 4593611) AND (k <= 4593711))

table 2 : explain SELECT k, c FROM sbtest2 WHERE k BETWEEN 4593611 AND 4593711
	Bitmap Heap Scan on sbtest2  (cost=5.59..452.36 rows=113 width=125)
	  Recheck Cond: ((k >= 4593611) AND (k <= 4593711))
	  ->  Bitmap Index Scan on k_2  (cost=0.00..5.56 rows=113 width=0)
	        Index Cond: ((k >= 4593611) AND (k <= 4593711))

table 3 : explain SELECT k, c FROM sbtest3 WHERE k BETWEEN 4593611 AND 4593711
	Bitmap Heap Scan on sbtest3  (cost=5.48..409.07 rows=102 width=125)
	  Recheck Cond: ((k >= 4593611) AND (k <= 4593711))
	  ->  Bitmap Index Scan on k_3  (cost=0.00..5.45 rows=102 width=0)
	        Index Cond: ((k >= 4593611) AND (k <= 4593711))

table 4 : explain SELECT k, c FROM sbtest4 WHERE k BETWEEN 4593611 AND 4593711
	Bitmap Heap Scan on sbtest4  (cost=5.42..385.43 rows=96 width=125)
	  Recheck Cond: ((k >= 4593611) AND (k <= 4593711))
	  ->  Bitmap Index Scan on k_4  (cost=0.00..5.39 rows=96 width=0)
	        Index Cond: ((k >= 4593611) AND (k <= 4593711))

table 5 : explain SELECT k, c FROM sbtest5 WHERE k BETWEEN 4593611 AND 4593711
	Bitmap Heap Scan on sbtest5  (cost=5.42..385.43 rows=96 width=125)
	  Recheck Cond: ((k >= 4593611) AND (k <= 4593711))
	  ->  Bitmap Index Scan on k_5  (cost=0.00..5.39 rows=96 width=0)
	        Index Cond: ((k >= 4593611) AND (k <= 4593711))

table 6 : explain SELECT k, c FROM sbtest6 WHERE k BETWEEN 4593611 AND 4593711
	Bitmap Heap Scan on sbtest6  (cost=5.42..385.43 rows=96 width=125)
	  Recheck Cond: ((k >= 4593611) AND (k <= 4593711))
	  ->  Bitmap Index Scan on k_6  (cost=0.00..5.39 rows=96 width=0)
	        Index Cond: ((k >= 4593611) AND (k <= 4593711))

table 7 : explain SELECT k, c FROM sbtest7 WHERE k BETWEEN 4593611 AND 4593711
	Bitmap Heap Scan on sbtest7  (cost=5.41..381.49 rows=95 width=125)
	  Recheck Cond: ((k >= 4593611) AND (k <= 4593711))
	  ->  Bitmap Index Scan on k_7  (cost=0.00..5.38 rows=95 width=0)
	        Index Cond: ((k >= 4593611) AND (k <= 4593711))

table 8 : explain SELECT k, c FROM sbtest8 WHERE k BETWEEN 4593611 AND 4593711
	Bitmap Heap Scan on sbtest8  (cost=5.47..405.13 rows=101 width=125)
	  Recheck Cond: ((k >= 4593611) AND (k <= 4593711))
	  ->  Bitmap Index Scan on k_8  (cost=0.00..5.44 rows=101 width=0)
	        Index Cond: ((k >= 4593611) AND (k <= 4593711))

explain: for range-notcovered :: explain SELECT k, c FROM sbtest%d WHERE k BETWEEN 4737643 AND 4737743
for range-notcovered
table 1 : explain SELECT k, c FROM sbtest1 WHERE k BETWEEN 3201300 AND 3201400
	Bitmap Heap Scan on sbtest1  (cost=5.55..436.62 rows=109 width=125)
	  Recheck Cond: ((k >= 3201300) AND (k <= 3201400))
	  ->  Bitmap Index Scan on k_1  (cost=0.00..5.52 rows=109 width=0)
	        Index Cond: ((k >= 3201300) AND (k <= 3201400))

table 2 : explain SELECT k, c FROM sbtest2 WHERE k BETWEEN 3201300 AND 3201400
	Bitmap Heap Scan on sbtest2  (cost=5.50..416.94 rows=104 width=125)
	  Recheck Cond: ((k >= 3201300) AND (k <= 3201400))
	  ->  Bitmap Index Scan on k_2  (cost=0.00..5.47 rows=104 width=0)
	        Index Cond: ((k >= 3201300) AND (k <= 3201400))

table 3 : explain SELECT k, c FROM sbtest3 WHERE k BETWEEN 3201300 AND 3201400
	Bitmap Heap Scan on sbtest3  (cost=5.48..409.07 rows=102 width=125)
	  Recheck Cond: ((k >= 3201300) AND (k <= 3201400))
	  ->  Bitmap Index Scan on k_3  (cost=0.00..5.45 rows=102 width=0)
	        Index Cond: ((k >= 3201300) AND (k <= 3201400))

table 4 : explain SELECT k, c FROM sbtest4 WHERE k BETWEEN 3201300 AND 3201400
	Bitmap Heap Scan on sbtest4  (cost=5.39..373.61 rows=93 width=125)
	  Recheck Cond: ((k >= 3201300) AND (k <= 3201400))
	  ->  Bitmap Index Scan on k_4  (cost=0.00..5.36 rows=93 width=0)
	        Index Cond: ((k >= 3201300) AND (k <= 3201400))

table 5 : explain SELECT k, c FROM sbtest5 WHERE k BETWEEN 3201300 AND 3201400
	Bitmap Heap Scan on sbtest5  (cost=5.51..420.88 rows=105 width=125)
	  Recheck Cond: ((k >= 3201300) AND (k <= 3201400))
	  ->  Bitmap Index Scan on k_5  (cost=0.00..5.48 rows=105 width=0)
	        Index Cond: ((k >= 3201300) AND (k <= 3201400))

table 6 : explain SELECT k, c FROM sbtest6 WHERE k BETWEEN 3201300 AND 3201400
	Bitmap Heap Scan on sbtest6  (cost=5.45..397.25 rows=99 width=125)
	  Recheck Cond: ((k >= 3201300) AND (k <= 3201400))
	  ->  Bitmap Index Scan on k_6  (cost=0.00..5.42 rows=99 width=0)
	        Index Cond: ((k >= 3201300) AND (k <= 3201400))

table 7 : explain SELECT k, c FROM sbtest7 WHERE k BETWEEN 3201300 AND 3201400
	Bitmap Heap Scan on sbtest7  (cost=5.53..428.75 rows=107 width=125)
	  Recheck Cond: ((k >= 3201300) AND (k <= 3201400))
	  ->  Bitmap Index Scan on k_7  (cost=0.00..5.50 rows=107 width=0)
	        Index Cond: ((k >= 3201300) AND (k <= 3201400))

table 8 : explain SELECT k, c FROM sbtest8 WHERE k BETWEEN 3201300 AND 3201400
	Bitmap Heap Scan on sbtest8  (cost=5.42..385.43 rows=96 width=125)
	  Recheck Cond: ((k >= 3201300) AND (k <= 3201400))
	  ->  Bitmap Index Scan on k_8  (cost=0.00..5.39 rows=96 width=0)
	        Index Cond: ((k >= 3201300) AND (k <= 3201400))

explain: for range-notcovered :: explain SELECT k, c FROM sbtest%d WHERE k BETWEEN 4714262 AND 4714362
explain: for range-notcovered :: explain SELECT k, c FROM sbtest%d WHERE k BETWEEN 3201300 AND 3201400
for range-notcovered
table 1 : explain SELECT k, c FROM sbtest1 WHERE k BETWEEN 4719339 AND 4719439
	Bitmap Heap Scan on sbtest1  (cost=5.44..393.31 rows=98 width=125)
	  Recheck Cond: ((k >= 4719339) AND (k <= 4719439))
	  ->  Bitmap Index Scan on k_1  (cost=0.00..5.42 rows=98 width=0)
	        Index Cond: ((k >= 4719339) AND (k <= 4719439))

table 2 : explain SELECT k, c FROM sbtest2 WHERE k BETWEEN 4719339 AND 4719439
	Bitmap Heap Scan on sbtest2  (cost=5.48..409.07 rows=102 width=125)
	  Recheck Cond: ((k >= 4719339) AND (k <= 4719439))
	  ->  Bitmap Index Scan on k_2  (cost=0.00..5.45 rows=102 width=0)
	        Index Cond: ((k >= 4719339) AND (k <= 4719439))

table 3 : explain SELECT k, c FROM sbtest3 WHERE k BETWEEN 4719339 AND 4719439
	Bitmap Heap Scan on sbtest3  (cost=5.50..416.94 rows=104 width=125)
	  Recheck Cond: ((k >= 4719339) AND (k <= 4719439))
	  ->  Bitmap Index Scan on k_3  (cost=0.00..5.47 rows=104 width=0)
	        Index Cond: ((k >= 4719339) AND (k <= 4719439))

table 4 : explain SELECT k, c FROM sbtest4 WHERE k BETWEEN 4719339 AND 4719439
	Bitmap Heap Scan on sbtest4  (cost=5.54..432.69 rows=108 width=125)
	  Recheck Cond: ((k >= 4719339) AND (k <= 4719439))
	  ->  Bitmap Index Scan on k_4  (cost=0.00..5.51 rows=108 width=0)
	        Index Cond: ((k >= 4719339) AND (k <= 4719439))

table 5 : explain SELECT k, c FROM sbtest5 WHERE k BETWEEN 4719339 AND 4719439
	Bitmap Heap Scan on sbtest5  (cost=5.46..401.19 rows=100 width=125)
	  Recheck Cond: ((k >= 4719339) AND (k <= 4719439))
	  ->  Bitmap Index Scan on k_5  (cost=0.00..5.43 rows=100 width=0)
	        Index Cond: ((k >= 4719339) AND (k <= 4719439))

table 6 : explain SELECT k, c FROM sbtest6 WHERE k BETWEEN 4719339 AND 4719439
	Bitmap Heap Scan on sbtest6  (cost=5.45..397.25 rows=99 width=125)
	  Recheck Cond: ((k >= 4719339) AND (k <= 4719439))
	  ->  Bitmap Index Scan on k_6  (cost=0.00..5.42 rows=99 width=0)
	        Index Cond: ((k >= 4719339) AND (k <= 4719439))

table 7 : explain SELECT k, c FROM sbtest7 WHERE k BETWEEN 4719339 AND 4719439
	Bitmap Heap Scan on sbtest7  (cost=5.44..393.31 rows=98 width=125)
	  Recheck Cond: ((k >= 4719339) AND (k <= 4719439))
	  ->  Bitmap Index Scan on k_7  (cost=0.00..5.42 rows=98 width=0)
	        Index Cond: ((k >= 4719339) AND (k <= 4719439))

table 8 : explain SELECT k, c FROM sbtest8 WHERE k BETWEEN 4719339 AND 4719439
	Bitmap Heap Scan on sbtest8  (cost=5.50..416.94 rows=104 width=125)
	  Recheck Cond: ((k >= 4719339) AND (k <= 4719439))
	  ->  Bitmap Index Scan on k_8  (cost=0.00..5.47 rows=104 width=0)
	        Index Cond: ((k >= 4719339) AND (k <= 4719439))

explain: for range-notcovered :: explain SELECT k, c FROM sbtest%d WHERE k BETWEEN 4719339 AND 4719439
explain: for range-notcovered :: explain SELECT k, c FROM sbtest%d WHERE k BETWEEN 4593611 AND 4593711
for range-notcovered
table 1 : explain SELECT k, c FROM sbtest1 WHERE k BETWEEN 4719339 AND 4719439
	Bitmap Heap Scan on sbtest1  (cost=5.44..393.31 rows=98 width=125)
	  Recheck Cond: ((k >= 4719339) AND (k <= 4719439))
	  ->  Bitmap Index Scan on k_1  (cost=0.00..5.42 rows=98 width=0)
	        Index Cond: ((k >= 4719339) AND (k <= 4719439))

table 2 : explain SELECT k, c FROM sbtest2 WHERE k BETWEEN 4719339 AND 4719439
	Bitmap Heap Scan on sbtest2  (cost=5.48..409.07 rows=102 width=125)
	  Recheck Cond: ((k >= 4719339) AND (k <= 4719439))
	  ->  Bitmap Index Scan on k_2  (cost=0.00..5.45 rows=102 width=0)
	        Index Cond: ((k >= 4719339) AND (k <= 4719439))

table 3 : explain SELECT k, c FROM sbtest3 WHERE k BETWEEN 4719339 AND 4719439
	Bitmap Heap Scan on sbtest3  (cost=5.50..416.94 rows=104 width=125)
	  Recheck Cond: ((k >= 4719339) AND (k <= 4719439))
	  ->  Bitmap Index Scan on k_3  (cost=0.00..5.47 rows=104 width=0)
	        Index Cond: ((k >= 4719339) AND (k <= 4719439))

table 4 : explain SELECT k, c FROM sbtest4 WHERE k BETWEEN 4719339 AND 4719439
	Bitmap Heap Scan on sbtest4  (cost=5.54..432.69 rows=108 width=125)
	  Recheck Cond: ((k >= 4719339) AND (k <= 4719439))
	  ->  Bitmap Index Scan on k_4  (cost=0.00..5.51 rows=108 width=0)
	        Index Cond: ((k >= 4719339) AND (k <= 4719439))

table 5 : explain SELECT k, c FROM sbtest5 WHERE k BETWEEN 4719339 AND 4719439
	Bitmap Heap Scan on sbtest5  (cost=5.46..401.19 rows=100 width=125)
	  Recheck Cond: ((k >= 4719339) AND (k <= 4719439))
	  ->  Bitmap Index Scan on k_5  (cost=0.00..5.43 rows=100 width=0)
	        Index Cond: ((k >= 4719339) AND (k <= 4719439))

table 6 : explain SELECT k, c FROM sbtest6 WHERE k BETWEEN 4719339 AND 4719439
	Bitmap Heap Scan on sbtest6  (cost=5.45..397.25 rows=99 width=125)
	  Recheck Cond: ((k >= 4719339) AND (k <= 4719439))
	  ->  Bitmap Index Scan on k_6  (cost=0.00..5.42 rows=99 width=0)
	        Index Cond: ((k >= 4719339) AND (k <= 4719439))

table 7 : explain SELECT k, c FROM sbtest7 WHERE k BETWEEN 4719339 AND 4719439
	Bitmap Heap Scan on sbtest7  (cost=5.44..393.31 rows=98 width=125)
	  Recheck Cond: ((k >= 4719339) AND (k <= 4719439))
	  ->  Bitmap Index Scan on k_7  (cost=0.00..5.42 rows=98 width=0)
	        Index Cond: ((k >= 4719339) AND (k <= 4719439))

table 8 : explain SELECT k, c FROM sbtest8 WHERE k BETWEEN 4719339 AND 4719439
	Bitmap Heap Scan on sbtest8  (cost=5.50..416.94 rows=104 width=125)
	  Recheck Cond: ((k >= 4719339) AND (k <= 4719439))
	  ->  Bitmap Index Scan on k_8  (cost=0.00..5.47 rows=104 width=0)
	        Index Cond: ((k >= 4719339) AND (k <= 4719439))

explain: for range-notcovered :: explain SELECT k, c FROM sbtest%d WHERE k BETWEEN 4719339 AND 4719439for range-notcovered
table 1 : explain SELECT k, c FROM sbtest1 WHERE k BETWEEN 4714262 AND 4714362
	Bitmap Heap Scan on sbtest1  (cost=5.44..393.31 rows=98 width=125)
	  Recheck Cond: ((k >= 4714262) AND (k <= 4714362))
	  ->  Bitmap Index Scan on k_1  (cost=0.00..5.42 rows=98 width=0)
	        Index Cond: ((k >= 4714262) AND (k <= 4714362))

table 2 : explain SELECT k, c FROM sbtest2 WHERE k BETWEEN 4714262 AND 4714362
	Bitmap Heap Scan on sbtest2  (cost=5.48..409.07 rows=102 width=125)
	  Recheck Cond: ((k >= 4714262) AND (k <= 4714362))
	  ->  Bitmap Index Scan on k_2  (cost=0.00..5.45 rows=102 width=0)
	        Index Cond: ((k >= 4714262) AND (k <= 4714362))

table 3 : explain SELECT k, c FROM sbtest3 WHERE k BETWEEN 4714262 AND 4714362
	Bitmap Heap Scan on sbtest3  (cost=5.50..416.94 rows=104 width=125)
	  Recheck Cond: ((k >= 4714262) AND (k <= 4714362))
	  ->  Bitmap Index Scan on k_3  (cost=0.00..5.47 rows=104 width=0)
	        Index Cond: ((k >= 4714262) AND (k <= 4714362))

table 4 : explain SELECT k, c FROM sbtest4 WHERE k BETWEEN 4714262 AND 4714362
	Bitmap Heap Scan on sbtest4  (cost=5.54..432.69 rows=108 width=125)
	  Recheck Cond: ((k >= 4714262) AND (k <= 4714362))
	  ->  Bitmap Index Scan on k_4  (cost=0.00..5.51 rows=108 width=0)
	        Index Cond: ((k >= 4714262) AND (k <= 4714362))

table 5 : explain SELECT k, c FROM sbtest5 WHERE k BETWEEN 4714262 AND 4714362
	Bitmap Heap Scan on sbtest5  (cost=5.46..401.19 rows=100 width=125)
	  Recheck Cond: ((k >= 4714262) AND (k <= 4714362))
	  ->  Bitmap Index Scan on k_5  (cost=0.00..5.43 rows=100 width=0)
	        Index Cond: ((k >= 4714262) AND (k <= 4714362))

table 6 : explain SELECT k, c FROM sbtest6 WHERE k BETWEEN 4714262 AND 4714362
	Bitmap Heap Scan on sbtest6  (cost=5.45..397.25 rows=99 width=125)
	  Recheck Cond: ((k >= 4714262) AND (k <= 4714362))
	  ->  Bitmap Index Scan on k_6  (cost=0.00..5.42 rows=99 width=0)
	        Index Cond: ((k >= 4714262) AND (k <= 4714362))

table 7 : explain SELECT k, c FROM sbtest7 WHERE k BETWEEN 4714262 AND 4714362
	Bitmap Heap Scan on sbtest7  (cost=5.44..393.31 rows=98 width=125)
	  Recheck Cond: ((k >= 4714262) AND (k <= 4714362))
	  ->  Bitmap Index Scan on k_7  (cost=0.00..5.42 rows=98 width=0)
	        Index Cond: ((k >= 4714262) AND (k <= 4714362))

table 8 : explain SELECT k, c FROM sbtest8 WHERE k BETWEEN 4714262 AND 4714362
	Bitmap Heap Scan on sbtest8  (cost=5.50..416.94 rows=104 width=125)
	  Recheck Cond: ((k >= 4714262) AND (k <= 4714362))
	  ->  Bitmap Index Scan on k_8  (cost=0.00..5.47 rows=104 width=0)
	        Index Cond: ((k >= 4714262) AND (k <= 4714362))


explain: for range-notcovered :: explain SELECT k, c FROM sbtest%d WHERE k BETWEEN 4714262 AND 4714362
for range-notcovered
table 1 : explain SELECT k, c FROM sbtest1 WHERE k BETWEEN 4714262 AND 4714362
	Bitmap Heap Scan on sbtest1  (cost=5.44..393.31 rows=98 width=125)
	  Recheck Cond: ((k >= 4714262) AND (k <= 4714362))
	  ->  Bitmap Index Scan on k_1  (cost=0.00..5.42 rows=98 width=0)
	        Index Cond: ((k >= 4714262) AND (k <= 4714362))

table 2 : explain SELECT k, c FROM sbtest2 WHERE k BETWEEN 4714262 AND 4714362
	Bitmap Heap Scan on sbtest2  (cost=5.48..409.07 rows=102 width=125)
	  Recheck Cond: ((k >= 4714262) AND (k <= 4714362))
	  ->  Bitmap Index Scan on k_2  (cost=0.00..5.45 rows=102 width=0)
	        Index Cond: ((k >= 4714262) AND (k <= 4714362))

table 3 : explain SELECT k, c FROM sbtest3 WHERE k BETWEEN 4714262 AND 4714362
	Bitmap Heap Scan on sbtest3  (cost=5.50..416.94 rows=104 width=125)
	  Recheck Cond: ((k >= 4714262) AND (k <= 4714362))
	  ->  Bitmap Index Scan on k_3  (cost=0.00..5.47 rows=104 width=0)
	        Index Cond: ((k >= 4714262) AND (k <= 4714362))

table 4 : explain SELECT k, c FROM sbtest4 WHERE k BETWEEN 4714262 AND 4714362
	Bitmap Heap Scan on sbtest4  (cost=5.54..432.69 rows=108 width=125)
	  Recheck Cond: ((k >= 4714262) AND (k <= 4714362))
	  ->  Bitmap Index Scan on k_4  (cost=0.00..5.51 rows=108 width=0)
	        Index Cond: ((k >= 4714262) AND (k <= 4714362))

table 5 : explain SELECT k, c FROM sbtest5 WHERE k BETWEEN 4714262 AND 4714362
	Bitmap Heap Scan on sbtest5  (cost=5.46..401.19 rows=100 width=125)
	  Recheck Cond: ((k >= 4714262) AND (k <= 4714362))
	  ->  Bitmap Index Scan on k_5  (cost=0.00..5.43 rows=100 width=0)
	        Index Cond: ((k >= 4714262) AND (k <= 4714362))

table 6 : explain SELECT k, c FROM sbtest6 WHERE k BETWEEN 4714262 AND 4714362
	Bitmap Heap Scan on sbtest6  (cost=5.45..397.25 rows=99 width=125)
	  Recheck Cond: ((k >= 4714262) AND (k <= 4714362))
	  ->  Bitmap Index Scan on k_6  (cost=0.00..5.42 rows=99 width=0)
	        Index Cond: ((k >= 4714262) AND (k <= 4714362))

table 7 : explain SELECT k, c FROM sbtest7 WHERE k BETWEEN 4714262 AND 4714362
	Bitmap Heap Scan on sbtest7  (cost=5.44..393.31 rows=98 width=125)
	  Recheck Cond: ((k >= 4714262) AND (k <= 4714362))
	  ->  Bitmap Index Scan on k_7  (cost=0.00..5.42 rows=98 width=0)
	        Index Cond: ((k >= 4714262) AND (k <= 4714362))

table 8 : explain SELECT k, c FROM sbtest8 WHERE k BETWEEN 4714262 AND 4714362
	Bitmap Heap Scan on sbtest8  (cost=5.50..416.94 rows=104 width=125)
	  Recheck Cond: ((k >= 4714262) AND (k <= 4714362))
	  ->  Bitmap Index Scan on k_8  (cost=0.00..5.47 rows=104 width=0)
	        Index Cond: ((k >= 4714262) AND (k <= 4714362))

for range-notcovered
table 1 : explain SELECT k, c FROM sbtest1 WHERE k BETWEEN 4593611 AND 4593711
	Bitmap Heap Scan on sbtest1  (cost=5.50..416.94 rows=104 width=125)
	  Recheck Cond: ((k >= 4593611) AND (k <= 4593711))
	  ->  Bitmap Index Scan on k_1  (cost=0.00..5.47 rows=104 width=0)
	        Index Cond: ((k >= 4593611) AND (k <= 4593711))

table 2 : explain SELECT k, c FROM sbtest2 WHERE k BETWEEN 4593611 AND 4593711
	Bitmap Heap Scan on sbtest2  (cost=5.59..452.36 rows=113 width=125)
	  Recheck Cond: ((k >= 4593611) AND (k <= 4593711))
	  ->  Bitmap Index Scan on k_2  (cost=0.00..5.56 rows=113 width=0)
	        Index Cond: ((k >= 4593611) AND (k <= 4593711))

table 3 : explain SELECT k, c FROM sbtest3 WHERE k BETWEEN 4593611 AND 4593711
	Bitmap Heap Scan on sbtest3  (cost=5.48..409.07 rows=102 width=125)
	  Recheck Cond: ((k >= 4593611) AND (k <= 4593711))
	  ->  Bitmap Index Scan on k_3  (cost=0.00..5.45 rows=102 width=0)
	        Index Cond: ((k >= 4593611) AND (k <= 4593711))

table 4 : explain SELECT k, c FROM sbtest4 WHERE k BETWEEN 4593611 AND 4593711
	Bitmap Heap Scan on sbtest4  (cost=5.42..385.43 rows=96 width=125)
	  Recheck Cond: ((k >= 4593611) AND (k <= 4593711))
	  ->  Bitmap Index Scan on k_4  (cost=0.00..5.39 rows=96 width=0)
	        Index Cond: ((k >= 4593611) AND (k <= 4593711))

table 5 : explain SELECT k, c FROM sbtest5 WHERE k BETWEEN 4593611 AND 4593711
	Bitmap Heap Scan on sbtest5  (cost=5.42..385.43 rows=96 width=125)
	  Recheck Cond: ((k >= 4593611) AND (k <= 4593711))
	  ->  Bitmap Index Scan on k_5  (cost=0.00..5.39 rows=96 width=0)
	        Index Cond: ((k >= 4593611) AND (k <= 4593711))

table 6 : explain SELECT k, c FROM sbtest6 WHERE k BETWEEN 4593611 AND 4593711
	Bitmap Heap Scan on sbtest6  (cost=5.42..385.43 rows=96 width=125)
	  Recheck Cond: ((k >= 4593611) AND (k <= 4593711))
	  ->  Bitmap Index Scan on k_6  (cost=0.00..5.39 rows=96 width=0)
	        Index Cond: ((k >= 4593611) AND (k <= 4593711))

table 7 : explain SELECT k, c FROM sbtest7 WHERE k BETWEEN 4593611 AND 4593711
	Bitmap Heap Scan on sbtest7  (cost=5.41..381.49 rows=95 width=125)
	  Recheck Cond: ((k >= 4593611) AND (k <= 4593711))
	  ->  Bitmap Index Scan on k_7  (cost=0.00..5.38 rows=95 width=0)
	        Index Cond: ((k >= 4593611) AND (k <= 4593711))

table 8 : explain SELECT k, c FROM sbtest8 WHERE k BETWEEN 4593611 AND 4593711
	Bitmap Heap Scan on sbtest8  (cost=5.47..405.13 rows=101 width=125)
	  Recheck Cond: ((k >= 4593611) AND (k <= 4593711))
	  ->  Bitmap Index Scan on k_8  (cost=0.00..5.44 rows=101 width=0)
	        Index Cond: ((k >= 4593611) AND (k <= 4593711))
for range-notcovered
table 1 : explain SELECT k, c FROM sbtest1 WHERE k BETWEEN 4719339 AND 4719439
	Bitmap Heap Scan on sbtest1  (cost=5.44..393.31 rows=98 width=125)
	  Recheck Cond: ((k >= 4719339) AND (k <= 4719439))
	  ->  Bitmap Index Scan on k_1  (cost=0.00..5.42 rows=98 width=0)
	        Index Cond: ((k >= 4719339) AND (k <= 4719439))

table 2 : explain SELECT k, c FROM sbtest2 WHERE k BETWEEN 4719339 AND 4719439
	Bitmap Heap Scan on sbtest2  (cost=5.48..409.07 rows=102 width=125)
	  Recheck Cond: ((k >= 4719339) AND (k <= 4719439))
	  ->  Bitmap Index Scan on k_2  (cost=0.00..5.45 rows=102 width=0)
	        Index Cond: ((k >= 4719339) AND (k <= 4719439))

table 3 : explain SELECT k, c FROM sbtest3 WHERE k BETWEEN 4719339 AND 4719439
	Bitmap Heap Scan on sbtest3  (cost=5.50..416.94 rows=104 width=125)
	  Recheck Cond: ((k >= 4719339) AND (k <= 4719439))
	  ->  Bitmap Index Scan on k_3  (cost=0.00..5.47 rows=104 width=0)
	        Index Cond: ((k >= 4719339) AND (k <= 4719439))

table 4 : explain SELECT k, c FROM sbtest4 WHERE k BETWEEN 4719339 AND 4719439
	Bitmap Heap Scan on sbtest4  (cost=5.54..432.69 rows=108 width=125)
	  Recheck Cond: ((k >= 4719339) AND (k <= 4719439))
	  ->  Bitmap Index Scan on k_4  (cost=0.00..5.51 rows=108 width=0)
	        Index Cond: ((k >= 4719339) AND (k <= 4719439))

table 5 : explain SELECT k, c FROM sbtest5 WHERE k BETWEEN 4719339 AND 4719439
	Bitmap Heap Scan on sbtest5  (cost=5.46..401.19 rows=100 width=125)
	  Recheck Cond: ((k >= 4719339) AND (k <= 4719439))
	  ->  Bitmap Index Scan on k_5  (cost=0.00..5.43 rows=100 width=0)
	        Index Cond: ((k >= 4719339) AND (k <= 4719439))

table 6 : explain SELECT k, c FROM sbtest6 WHERE k BETWEEN 4719339 AND 4719439
	Bitmap Heap Scan on sbtest6  (cost=5.45..397.25 rows=99 width=125)
	  Recheck Cond: ((k >= 4719339) AND (k <= 4719439))
	  ->  Bitmap Index Scan on k_6  (cost=0.00..5.42 rows=99 width=0)
	        Index Cond: ((k >= 4719339) AND (k <= 4719439))

table 7 : explain SELECT k, c FROM sbtest7 WHERE k BETWEEN 4719339 AND 4719439
	Bitmap Heap Scan on sbtest7  (cost=5.44..393.31 rows=98 width=125)
	  Recheck Cond: ((k >= 4719339) AND (k <= 4719439))
	  ->  Bitmap Index Scan on k_7  (cost=0.00..5.42 rows=98 width=0)
	        Index Cond: ((k >= 4719339) AND (k <= 4719439))

table 8 : explain SELECT k, c FROM sbtest8 WHERE k BETWEEN 4719339 AND 4719439
	Bitmap Heap Scan on sbtest8  (cost=5.50..416.94 rows=104 width=125)
	  Recheck Cond: ((k >= 4719339) AND (k <= 4719439))
	  ->  Bitmap Index Scan on k_8  (cost=0.00..5.47 rows=104 width=0)
	        Index Cond: ((k >= 4719339) AND (k <= 4719439))


explain: for range-notcovered :: explain SELECT k, c FROM sbtest%d WHERE k BETWEEN 4593611 AND 4593711
explain: for range-notcovered :: explain SELECT k, c FROM sbtest%d WHERE k BETWEEN 4719339 AND 4719439
for range-notcovered
table 1 : explain SELECT k, c FROM sbtest1 WHERE k BETWEEN 4737643 AND 4737743
	Bitmap Heap Scan on sbtest1  (cost=5.51..420.88 rows=105 width=125)
	  Recheck Cond: ((k >= 4737643) AND (k <= 4737743))
	  ->  Bitmap Index Scan on k_1  (cost=0.00..5.48 rows=105 width=0)
	        Index Cond: ((k >= 4737643) AND (k <= 4737743))

table 2 : explain SELECT k, c FROM sbtest2 WHERE k BETWEEN 4737643 AND 4737743
	Bitmap Heap Scan on sbtest2  (cost=5.48..409.07 rows=102 width=125)
	  Recheck Cond: ((k >= 4737643) AND (k <= 4737743))
	  ->  Bitmap Index Scan on k_2  (cost=0.00..5.45 rows=102 width=0)
	        Index Cond: ((k >= 4737643) AND (k <= 4737743))

table 3 : explain SELECT k, c FROM sbtest3 WHERE k BETWEEN 4737643 AND 4737743
	Bitmap Heap Scan on sbtest3  (cost=5.50..416.94 rows=104 width=125)
	  Recheck Cond: ((k >= 4737643) AND (k <= 4737743))
	  ->  Bitmap Index Scan on k_3  (cost=0.00..5.47 rows=104 width=0)
	        Index Cond: ((k >= 4737643) AND (k <= 4737743))

table 4 : explain SELECT k, c FROM sbtest4 WHERE k BETWEEN 4737643 AND 4737743
	Bitmap Heap Scan on sbtest4  (cost=5.54..432.69 rows=108 width=125)
	  Recheck Cond: ((k >= 4737643) AND (k <= 4737743))
	  ->  Bitmap Index Scan on k_4  (cost=0.00..5.51 rows=108 width=0)
	        Index Cond: ((k >= 4737643) AND (k <= 4737743))

table 5 : explain SELECT k, c FROM sbtest5 WHERE k BETWEEN 4737643 AND 4737743
	Bitmap Heap Scan on sbtest5  (cost=5.46..401.19 rows=100 width=125)
	  Recheck Cond: ((k >= 4737643) AND (k <= 4737743))
	  ->  Bitmap Index Scan on k_5  (cost=0.00..5.43 rows=100 width=0)
	        Index Cond: ((k >= 4737643) AND (k <= 4737743))

table 6 : explain SELECT k, c FROM sbtest6 WHERE k BETWEEN 4737643 AND 4737743
	Bitmap Heap Scan on sbtest6  (cost=5.45..397.25 rows=99 width=125)
	  Recheck Cond: ((k >= 4737643) AND (k <= 4737743))
	  ->  Bitmap Index Scan on k_6  (cost=0.00..5.42 rows=99 width=0)
	        Index Cond: ((k >= 4737643) AND (k <= 4737743))

table 7 : explain SELECT k, c FROM sbtest7 WHERE k BETWEEN 4737643 AND 4737743
	Bitmap Heap Scan on sbtest7  (cost=5.44..393.31 rows=98 width=125)
	  Recheck Cond: ((k >= 4737643) AND (k <= 4737743))
	  ->  Bitmap Index Scan on k_7  (cost=0.00..5.42 rows=98 width=0)
	        Index Cond: ((k >= 4737643) AND (k <= 4737743))

table 8 : explain SELECT k, c FROM sbtest8 WHERE k BETWEEN 4737643 AND 4737743
	Bitmap Heap Scan on sbtest8  (cost=5.50..416.94 rows=104 width=125)
	  Recheck Cond: ((k >= 4737643) AND (k <= 4737743))
	  ->  Bitmap Index Scan on k_8  (cost=0.00..5.47 rows=104 width=0)
	        Index Cond: ((k >= 4737643) AND (k <= 4737743))

for range-notcovered
table 1 : explain SELECT k, c FROM sbtest1 WHERE k BETWEEN 4701175 AND 4701275
	Bitmap Heap Scan on sbtest1  (cost=5.44..393.31 rows=98 width=125)
	  Recheck Cond: ((k >= 4701175) AND (k <= 4701275))
	  ->  Bitmap Index Scan on k_1  (cost=0.00..5.42 rows=98 width=0)
	        Index Cond: ((k >= 4701175) AND (k <= 4701275))

table 2 : explain SELECT k, c FROM sbtest2 WHERE k BETWEEN 4701175 AND 4701275
	Bitmap Heap Scan on sbtest2  (cost=5.56..440.56 rows=110 width=125)
	  Recheck Cond: ((k >= 4701175) AND (k <= 4701275))
	  ->  Bitmap Index Scan on k_2  (cost=0.00..5.53 rows=110 width=0)
	        Index Cond: ((k >= 4701175) AND (k <= 4701275))

table 3 : explain SELECT k, c FROM sbtest3 WHERE k BETWEEN 4701175 AND 4701275
	Bitmap Heap Scan on sbtest3  (cost=5.50..416.94 rows=104 width=125)
	  Recheck Cond: ((k >= 4701175) AND (k <= 4701275))
	  ->  Bitmap Index Scan on k_3  (cost=0.00..5.47 rows=104 width=0)
	        Index Cond: ((k >= 4701175) AND (k <= 4701275))

table 4 : explain SELECT k, c FROM sbtest4 WHERE k BETWEEN 4701175 AND 4701275
	Bitmap Heap Scan on sbtest4  (cost=5.44..393.31 rows=98 width=125)
	  Recheck Cond: ((k >= 4701175) AND (k <= 4701275))
	  ->  Bitmap Index Scan on k_4  (cost=0.00..5.42 rows=98 width=0)
	        Index Cond: ((k >= 4701175) AND (k <= 4701275))

table 5 : explain SELECT k, c FROM sbtest5 WHERE k BETWEEN 4701175 AND 4701275
	Bitmap Heap Scan on sbtest5  (cost=5.46..401.19 rows=100 width=125)
	  Recheck Cond: ((k >= 4701175) AND (k <= 4701275))
	  ->  Bitmap Index Scan on k_5  (cost=0.00..5.43 rows=100 width=0)
	        Index Cond: ((k >= 4701175) AND (k <= 4701275))

table 6 : explain SELECT k, c FROM sbtest6 WHERE k BETWEEN 4701175 AND 4701275
	Bitmap Heap Scan on sbtest6  (cost=5.50..416.94 rows=104 width=125)
	  Recheck Cond: ((k >= 4701175) AND (k <= 4701275))
	  ->  Bitmap Index Scan on k_6  (cost=0.00..5.47 rows=104 width=0)
	        Index Cond: ((k >= 4701175) AND (k <= 4701275))

table 7 : explain SELECT k, c FROM sbtest7 WHERE k BETWEEN 4701175 AND 4701275
	Bitmap Heap Scan on sbtest7  (cost=5.50..416.94 rows=104 width=125)
	  Recheck Cond: ((k >= 4701175) AND (k <= 4701275))
	  ->  Bitmap Index Scan on k_7  (cost=0.00..5.47 rows=104 width=0)
	        Index Cond: ((k >= 4701175) AND (k <= 4701275))

table 8 : explain SELECT k, c FROM sbtest8 WHERE k BETWEEN 4701175 AND 4701275
	Bitmap Heap Scan on sbtest8  (cost=5.50..416.94 rows=104 width=125)
	  Recheck Cond: ((k >= 4701175) AND (k <= 4701275))
	  ->  Bitmap Index Scan on k_8  (cost=0.00..5.47 rows=104 width=0)
	        Index Cond: ((k >= 4701175) AND (k <= 4701275))

for range-notcovered
table 1 : explain SELECT k, c FROM sbtest1 WHERE k BETWEEN 3201300 AND 3201400
	Bitmap Heap Scan on sbtest1  (cost=5.55..436.62 rows=109 width=125)
	  Recheck Cond: ((k >= 3201300) AND (k <= 3201400))
	  ->  Bitmap Index Scan on k_1  (cost=0.00..5.52 rows=109 width=0)
	        Index Cond: ((k >= 3201300) AND (k <= 3201400))

table 2 : explain SELECT k, c FROM sbtest2 WHERE k BETWEEN 3201300 AND 3201400
	Bitmap Heap Scan on sbtest2  (cost=5.50..416.94 rows=104 width=125)
	  Recheck Cond: ((k >= 3201300) AND (k <= 3201400))
	  ->  Bitmap Index Scan on k_2  (cost=0.00..5.47 rows=104 width=0)
	        Index Cond: ((k >= 3201300) AND (k <= 3201400))

table 3 : explain SELECT k, c FROM sbtest3 WHERE k BETWEEN 3201300 AND 3201400
	Bitmap Heap Scan on sbtest3  (cost=5.48..409.07 rows=102 width=125)
	  Recheck Cond: ((k >= 3201300) AND (k <= 3201400))
	  ->  Bitmap Index Scan on k_3  (cost=0.00..5.45 rows=102 width=0)
	        Index Cond: ((k >= 3201300) AND (k <= 3201400))

table 4 : explain SELECT k, c FROM sbtest4 WHERE k BETWEEN 3201300 AND 3201400
	Bitmap Heap Scan on sbtest4  (cost=5.39..373.61 rows=93 width=125)
	  Recheck Cond: ((k >= 3201300) AND (k <= 3201400))
	  ->  Bitmap Index Scan on k_4  (cost=0.00..5.36 rows=93 width=0)
	        Index Cond: ((k >= 3201300) AND (k <= 3201400))

table 5 : explain SELECT k, c FROM sbtest5 WHERE k BETWEEN 3201300 AND 3201400
	Bitmap Heap Scan on sbtest5  (cost=5.51..420.88 rows=105 width=125)
	  Recheck Cond: ((k >= 3201300) AND (k <= 3201400))
	  ->  Bitmap Index Scan on k_5  (cost=0.00..5.48 rows=105 width=0)
	        Index Cond: ((k >= 3201300) AND (k <= 3201400))

table 6 : explain SELECT k, c FROM sbtest6 WHERE k BETWEEN 3201300 AND 3201400
	Bitmap Heap Scan on sbtest6  (cost=5.45..397.25 rows=99 width=125)
	  Recheck Cond: ((k >= 3201300) AND (k <= 3201400))
	  ->  Bitmap Index Scan on k_6  (cost=0.00..5.42 rows=99 width=0)
	        Index Cond: ((k >= 3201300) AND (k <= 3201400))

table 7 : explain SELECT k, c FROM sbtest7 WHERE k BETWEEN 3201300 AND 3201400
	Bitmap Heap Scan on sbtest7  (cost=5.53..428.75 rows=107 width=125)
	  Recheck Cond: ((k >= 3201300) AND (k <= 3201400))
	  ->  Bitmap Index Scan on k_7  (cost=0.00..5.50 rows=107 width=0)
	        Index Cond: ((k >= 3201300) AND (k <= 3201400))

table 8 : explain SELECT k, c FROM sbtest8 WHERE k BETWEEN 3201300 AND 3201400
	Bitmap Heap Scan on sbtest8  (cost=5.42..385.43 rows=96 width=125)
	  Recheck Cond: ((k >= 3201300) AND (k <= 3201400))
	  ->  Bitmap Index Scan on k_8  (cost=0.00..5.39 rows=96 width=0)
	        Index Cond: ((k >= 3201300) AND (k <= 3201400))

explain: for range-notcovered :: explain SELECT k, c FROM sbtest%d WHERE k BETWEEN 4701175 AND 4701275
explain: for range-notcovered :: explain SELECT k, c FROM sbtest%d WHERE k BETWEEN 3201300 AND 3201400
explain: for range-notcovered :: explain SELECT k, c FROM sbtest%d WHERE k BETWEEN 4162706 AND 4162806
explain: for range-notcovered :: explain SELECT k, c FROM sbtest%d WHERE k BETWEEN 4737643 AND 4737743
for range-notcovered
table 1 : explain SELECT k, c FROM sbtest1 WHERE k BETWEEN 4701175 AND 4701275
	Bitmap Heap Scan on sbtest1  (cost=5.44..393.31 rows=98 width=125)
	  Recheck Cond: ((k >= 4701175) AND (k <= 4701275))
	  ->  Bitmap Index Scan on k_1  (cost=0.00..5.42 rows=98 width=0)
	        Index Cond: ((k >= 4701175) AND (k <= 4701275))

table 2 : explain SELECT k, c FROM sbtest2 WHERE k BETWEEN 4701175 AND 4701275
	Bitmap Heap Scan on sbtest2  (cost=5.56..440.56 rows=110 width=125)
	  Recheck Cond: ((k >= 4701175) AND (k <= 4701275))
	  ->  Bitmap Index Scan on k_2  (cost=0.00..5.53 rows=110 width=0)
	        Index Cond: ((k >= 4701175) AND (k <= 4701275))

table 3 : explain SELECT k, c FROM sbtest3 WHERE k BETWEEN 4701175 AND 4701275
	Bitmap Heap Scan on sbtest3  (cost=5.50..416.94 rows=104 width=125)
	  Recheck Cond: ((k >= 4701175) AND (k <= 4701275))
	  ->  Bitmap Index Scan on k_3  (cost=0.00..5.47 rows=104 width=0)
	        Index Cond: ((k >= 4701175) AND (k <= 4701275))

table 4 : explain SELECT k, c FROM sbtest4 WHERE k BETWEEN 4701175 AND 4701275
	Bitmap Heap Scan on sbtest4  (cost=5.44..393.31 rows=98 width=125)
	  Recheck Cond: ((k >= 4701175) AND (k <= 4701275))
	  ->  Bitmap Index Scan on k_4  (cost=0.00..5.42 rows=98 width=0)
	        Index Cond: ((k >= 4701175) AND (k <= 4701275))

table 5 : explain SELECT k, c FROM sbtest5 WHERE k BETWEEN 4701175 AND 4701275
	Bitmap Heap Scan on sbtest5  (cost=5.46..401.19 rows=100 width=125)
	  Recheck Cond: ((k >= 4701175) AND (k <= 4701275))
	  ->  Bitmap Index Scan on k_5  (cost=0.00..5.43 rows=100 width=0)
	        Index Cond: ((k >= 4701175) AND (k <= 4701275))

table 6 : explain SELECT k, c FROM sbtest6 WHERE k BETWEEN 4701175 AND 4701275
	Bitmap Heap Scan on sbtest6  (cost=5.50..416.94 rows=104 width=125)
	  Recheck Cond: ((k >= 4701175) AND (k <= 4701275))
	  ->  Bitmap Index Scan on k_6  (cost=0.00..5.47 rows=104 width=0)
	        Index Cond: ((k >= 4701175) AND (k <= 4701275))

table 7 : explain SELECT k, c FROM sbtest7 WHERE k BETWEEN 4701175 AND 4701275
	Bitmap Heap Scan on sbtest7  (cost=5.50..416.94 rows=104 width=125)
	  Recheck Cond: ((k >= 4701175) AND (k <= 4701275))
	  ->  Bitmap Index Scan on k_7  (cost=0.00..5.47 rows=104 width=0)
	        Index Cond: ((k >= 4701175) AND (k <= 4701275))

table 8 : explain SELECT k, c FROM sbtest8 WHERE k BETWEEN 4701175 AND 4701275
	Bitmap Heap Scan on sbtest8  (cost=5.50..416.94 rows=104 width=125)
	  Recheck Cond: ((k >= 4701175) AND (k <= 4701275))
	  ->  Bitmap Index Scan on k_8  (cost=0.00..5.47 rows=104 width=0)
	        Index Cond: ((k >= 4701175) AND (k <= 4701275))

explain: for range-notcovered :: explain SELECT k, c FROM sbtest%d WHERE k BETWEEN 4701175 AND 4701275
for range-notcovered
table 1 : explain SELECT k, c FROM sbtest1 WHERE k BETWEEN 4719339 AND 4719439
	Bitmap Heap Scan on sbtest1  (cost=5.44..393.31 rows=98 width=125)
	  Recheck Cond: ((k >= 4719339) AND (k <= 4719439))
	  ->  Bitmap Index Scan on k_1  (cost=0.00..5.42 rows=98 width=0)
	        Index Cond: ((k >= 4719339) AND (k <= 4719439))

table 2 : explain SELECT k, c FROM sbtest2 WHERE k BETWEEN 4719339 AND 4719439
	Bitmap Heap Scan on sbtest2  (cost=5.48..409.07 rows=102 width=125)
	  Recheck Cond: ((k >= 4719339) AND (k <= 4719439))
	  ->  Bitmap Index Scan on k_2  (cost=0.00..5.45 rows=102 width=0)
	        Index Cond: ((k >= 4719339) AND (k <= 4719439))

table 3 : explain SELECT k, c FROM sbtest3 WHERE k BETWEEN 4719339 AND 4719439
	Bitmap Heap Scan on sbtest3  (cost=5.50..416.94 rows=104 width=125)
	  Recheck Cond: ((k >= 4719339) AND (k <= 4719439))
	  ->  Bitmap Index Scan on k_3  (cost=0.00..5.47 rows=104 width=0)
	        Index Cond: ((k >= 4719339) AND (k <= 4719439))

table 4 : explain SELECT k, c FROM sbtest4 WHERE k BETWEEN 4719339 AND 4719439
	Bitmap Heap Scan on sbtest4  (cost=5.54..432.69 rows=108 width=125)
	  Recheck Cond: ((k >= 4719339) AND (k <= 4719439))
	  ->  Bitmap Index Scan on k_4  (cost=0.00..5.51 rows=108 width=0)
	        Index Cond: ((k >= 4719339) AND (k <= 4719439))

table 5 : explain SELECT k, c FROM sbtest5 WHERE k BETWEEN 4719339 AND 4719439
	Bitmap Heap Scan on sbtest5  (cost=5.46..401.19 rows=100 width=125)
	  Recheck Cond: ((k >= 4719339) AND (k <= 4719439))
	  ->  Bitmap Index Scan on k_5  (cost=0.00..5.43 rows=100 width=0)
	        Index Cond: ((k >= 4719339) AND (k <= 4719439))

table 6 : explain SELECT k, c FROM sbtest6 WHERE k BETWEEN 4719339 AND 4719439
	Bitmap Heap Scan on sbtest6  (cost=5.45..397.25 rows=99 width=125)
	  Recheck Cond: ((k >= 4719339) AND (k <= 4719439))
	  ->  Bitmap Index Scan on k_6  (cost=0.00..5.42 rows=99 width=0)
	        Index Cond: ((k >= 4719339) AND (k <= 4719439))

table 7 : explain SELECT k, c FROM sbtest7 WHERE k BETWEEN 4719339 AND 4719439
	Bitmap Heap Scan on sbtest7  (cost=5.44..393.31 rows=98 width=125)
	  Recheck Cond: ((k >= 4719339) AND (k <= 4719439))
	  ->  Bitmap Index Scan on k_7  (cost=0.00..5.42 rows=98 width=0)
	        Index Cond: ((k >= 4719339) AND (k <= 4719439))

table 8 : explain SELECT k, c FROM sbtest8 WHERE k BETWEEN 4719339 AND 4719439
	Bitmap Heap Scan on sbtest8  (cost=5.50..416.94 rows=104 width=125)
	  Recheck Cond: ((k >= 4719339) AND (k <= 4719439))
	  ->  Bitmap Index Scan on k_8  (cost=0.00..5.47 rows=104 width=0)
	        Index Cond: ((k >= 4719339) AND (k <= 4719439))

explain: for range-notcovered :: explain SELECT k, c FROM sbtest%d WHERE k BETWEEN 4719339 AND 4719439
for range-notcovered
table 1 : explain SELECT k, c FROM sbtest1 WHERE k BETWEEN 3201300 AND 3201400
	Bitmap Heap Scan on sbtest1  (cost=5.55..436.62 rows=109 width=125)
	  Recheck Cond: ((k >= 3201300) AND (k <= 3201400))
	  ->  Bitmap Index Scan on k_1  (cost=0.00..5.52 rows=109 width=0)
	        Index Cond: ((k >= 3201300) AND (k <= 3201400))

table 2 : explain SELECT k, c FROM sbtest2 WHERE k BETWEEN 3201300 AND 3201400
	Bitmap Heap Scan on sbtest2  (cost=5.50..416.94 rows=104 width=125)
	  Recheck Cond: ((k >= 3201300) AND (k <= 3201400))
	  ->  Bitmap Index Scan on k_2  (cost=0.00..5.47 rows=104 width=0)
	        Index Cond: ((k >= 3201300) AND (k <= 3201400))

table 3 : explain SELECT k, c FROM sbtest3 WHERE k BETWEEN 3201300 AND 3201400
	Bitmap Heap Scan on sbtest3  (cost=5.48..409.07 rows=102 width=125)
	  Recheck Cond: ((k >= 3201300) AND (k <= 3201400))
	  ->  Bitmap Index Scan on k_3  (cost=0.00..5.45 rows=102 width=0)
	        Index Cond: ((k >= 3201300) AND (k <= 3201400))

table 4 : explain SELECT k, c FROM sbtest4 WHERE k BETWEEN 3201300 AND 3201400
	Bitmap Heap Scan on sbtest4  (cost=5.39..373.61 rows=93 width=125)
	  Recheck Cond: ((k >= 3201300) AND (k <= 3201400))
	  ->  Bitmap Index Scan on k_4  (cost=0.00..5.36 rows=93 width=0)
	        Index Cond: ((k >= 3201300) AND (k <= 3201400))

table 5 : explain SELECT k, c FROM sbtest5 WHERE k BETWEEN 3201300 AND 3201400
	Bitmap Heap Scan on sbtest5  (cost=5.51..420.88 rows=105 width=125)
	  Recheck Cond: ((k >= 3201300) AND (k <= 3201400))
	  ->  Bitmap Index Scan on k_5  (cost=0.00..5.48 rows=105 width=0)
	        Index Cond: ((k >= 3201300) AND (k <= 3201400))

table 6 : explain SELECT k, c FROM sbtest6 WHERE k BETWEEN 3201300 AND 3201400
	Bitmap Heap Scan on sbtest6  (cost=5.45..397.25 rows=99 width=125)
	  Recheck Cond: ((k >= 3201300) AND (k <= 3201400))
	  ->  Bitmap Index Scan on k_6  (cost=0.00..5.42 rows=99 width=0)
	        Index Cond: ((k >= 3201300) AND (k <= 3201400))

table 7 : explain SELECT k, c FROM sbtest7 WHERE k BETWEEN 3201300 AND 3201400
	Bitmap Heap Scan on sbtest7  (cost=5.53..428.75 rows=107 width=125)
	  Recheck Cond: ((k >= 3201300) AND (k <= 3201400))
	  ->  Bitmap Index Scan on k_7  (cost=0.00..5.50 rows=107 width=0)
	        Index Cond: ((k >= 3201300) AND (k <= 3201400))

table 8 : explain SELECT k, c FROM sbtest8 WHERE k BETWEEN 3201300 AND 3201400
	Bitmap Heap Scan on sbtest8  (cost=5.42..385.43 rows=96 width=125)
	  Recheck Cond: ((k >= 3201300) AND (k <= 3201400))
	  ->  Bitmap Index Scan on k_8  (cost=0.00..5.39 rows=96 width=0)
	        Index Cond: ((k >= 3201300) AND (k <= 3201400))

explain: for range-notcovered :: explain SELECT k, c FROM sbtest%d WHERE k BETWEEN 3201300 AND 3201400
for range-notcovered
table 1 : explain SELECT k, c FROM sbtest1 WHERE k BETWEEN 4701175 AND 4701275
	Bitmap Heap Scan on sbtest1  (cost=5.44..393.31 rows=98 width=125)
	  Recheck Cond: ((k >= 4701175) AND (k <= 4701275))
	  ->  Bitmap Index Scan on k_1  (cost=0.00..5.42 rows=98 width=0)
	        Index Cond: ((k >= 4701175) AND (k <= 4701275))

table 2 : explain SELECT k, c FROM sbtest2 WHERE k BETWEEN 4701175 AND 4701275
	Bitmap Heap Scan on sbtest2  (cost=5.56..440.56 rows=110 width=125)
	  Recheck Cond: ((k >= 4701175) AND (k <= 4701275))
	  ->  Bitmap Index Scan on k_2  (cost=0.00..5.53 rows=110 width=0)
	        Index Cond: ((k >= 4701175) AND (k <= 4701275))

table 3 : explain SELECT k, c FROM sbtest3 WHERE k BETWEEN 4701175 AND 4701275
	Bitmap Heap Scan on sbtest3  (cost=5.50..416.94 rows=104 width=125)
	  Recheck Cond: ((k >= 4701175) AND (k <= 4701275))
	  ->  Bitmap Index Scan on k_3  (cost=0.00..5.47 rows=104 width=0)
	        Index Cond: ((k >= 4701175) AND (k <= 4701275))

table 4 : explain SELECT k, c FROM sbtest4 WHERE k BETWEEN 4701175 AND 4701275
	Bitmap Heap Scan on sbtest4  (cost=5.44..393.31 rows=98 width=125)
	  Recheck Cond: ((k >= 4701175) AND (k <= 4701275))
	  ->  Bitmap Index Scan on k_4  (cost=0.00..5.42 rows=98 width=0)
	        Index Cond: ((k >= 4701175) AND (k <= 4701275))

table 5 : explain SELECT k, c FROM sbtest5 WHERE k BETWEEN 4701175 AND 4701275
	Bitmap Heap Scan on sbtest5  (cost=5.46..401.19 rows=100 width=125)
	  Recheck Cond: ((k >= 4701175) AND (k <= 4701275))
	  ->  Bitmap Index Scan on k_5  (cost=0.00..5.43 rows=100 width=0)
	        Index Cond: ((k >= 4701175) AND (k <= 4701275))

table 6 : explain SELECT k, c FROM sbtest6 WHERE k BETWEEN 4701175 AND 4701275
	Bitmap Heap Scan on sbtest6  (cost=5.50..416.94 rows=104 width=125)
	  Recheck Cond: ((k >= 4701175) AND (k <= 4701275))
	  ->  Bitmap Index Scan on k_6  (cost=0.00..5.47 rows=104 width=0)
	        Index Cond: ((k >= 4701175) AND (k <= 4701275))

table 7 : explain SELECT k, c FROM sbtest7 WHERE k BETWEEN 4701175 AND 4701275
	Bitmap Heap Scan on sbtest7  (cost=5.50..416.94 rows=104 width=125)
	  Recheck Cond: ((k >= 4701175) AND (k <= 4701275))
	  ->  Bitmap Index Scan on k_7  (cost=0.00..5.47 rows=104 width=0)
	        Index Cond: ((k >= 4701175) AND (k <= 4701275))

table 8 : explain SELECT k, c FROM sbtest8 WHERE k BETWEEN 4701175 AND 4701275
	Bitmap Heap Scan on sbtest8  (cost=5.50..416.94 rows=104 width=125)
	  Recheck Cond: ((k >= 4701175) AND (k <= 4701275))
	  ->  Bitmap Index Scan on k_8  (cost=0.00..5.47 rows=104 width=0)
	        Index Cond: ((k >= 4701175) AND (k <= 4701275))

explain: for range-notcovered :: explain SELECT k, c FROM sbtest%d WHERE k BETWEEN 4701175 AND 4701275
for range-notcovered
table 1 : explain SELECT k, c FROM sbtest1 WHERE k BETWEEN 3201300 AND 3201400
	Bitmap Heap Scan on sbtest1  (cost=5.55..436.62 rows=109 width=125)
	  Recheck Cond: ((k >= 3201300) AND (k <= 3201400))
	  ->  Bitmap Index Scan on k_1  (cost=0.00..5.52 rows=109 width=0)
	        Index Cond: ((k >= 3201300) AND (k <= 3201400))

table 2 : explain SELECT k, c FROM sbtest2 WHERE k BETWEEN 3201300 AND 3201400
	Bitmap Heap Scan on sbtest2  (cost=5.50..416.94 rows=104 width=125)
	  Recheck Cond: ((k >= 3201300) AND (k <= 3201400))
	  ->  Bitmap Index Scan on k_2  (cost=0.00..5.47 rows=104 width=0)
	        Index Cond: ((k >= 3201300) AND (k <= 3201400))

table 3 : explain SELECT k, c FROM sbtest3 WHERE k BETWEEN 3201300 AND 3201400
	Bitmap Heap Scan on sbtest3  (cost=5.48..409.07 rows=102 width=125)
	  Recheck Cond: ((k >= 3201300) AND (k <= 3201400))
	  ->  Bitmap Index Scan on k_3  (cost=0.00..5.45 rows=102 width=0)
	        Index Cond: ((k >= 3201300) AND (k <= 3201400))

table 4 : explain SELECT k, c FROM sbtest4 WHERE k BETWEEN 3201300 AND 3201400
	Bitmap Heap Scan on sbtest4  (cost=5.39..373.61 rows=93 width=125)
	  Recheck Cond: ((k >= 3201300) AND (k <= 3201400))
	  ->  Bitmap Index Scan on k_4  (cost=0.00..5.36 rows=93 width=0)
	        Index Cond: ((k >= 3201300) AND (k <= 3201400))

table 5 : explain SELECT k, c FROM sbtest5 WHERE k BETWEEN 3201300 AND 3201400
	Bitmap Heap Scan on sbtest5  (cost=5.51..420.88 rows=105 width=125)
	  Recheck Cond: ((k >= 3201300) AND (k <= 3201400))
	  ->  Bitmap Index Scan on k_5  (cost=0.00..5.48 rows=105 width=0)
	        Index Cond: ((k >= 3201300) AND (k <= 3201400))

table 6 : explain SELECT k, c FROM sbtest6 WHERE k BETWEEN 3201300 AND 3201400
	Bitmap Heap Scan on sbtest6  (cost=5.45..397.25 rows=99 width=125)
	  Recheck Cond: ((k >= 3201300) AND (k <= 3201400))
	  ->  Bitmap Index Scan on k_6  (cost=0.00..5.42 rows=99 width=0)
	        Index Cond: ((k >= 3201300) AND (k <= 3201400))

table 7 : explain SELECT k, c FROM sbtest7 WHERE k BETWEEN 3201300 AND 3201400
	Bitmap Heap Scan on sbtest7  (cost=5.53..428.75 rows=107 width=125)
	  Recheck Cond: ((k >= 3201300) AND (k <= 3201400))
	  ->  Bitmap Index Scan on k_7  (cost=0.00..5.50 rows=107 width=0)
	        Index Cond: ((k >= 3201300) AND (k <= 3201400))

table 8 : explain SELECT k, c FROM sbtest8 WHERE k BETWEEN 3201300 AND 3201400
	Bitmap Heap Scan on sbtest8  (cost=5.42..385.43 rows=96 width=125)
	  Recheck Cond: ((k >= 3201300) AND (k <= 3201400))
	  ->  Bitmap Index Scan on k_8  (cost=0.00..5.39 rows=96 width=0)
	        Index Cond: ((k >= 3201300) AND (k <= 3201400))

for range-notcovered
table 1 : explain SELECT k, c FROM sbtest1 WHERE k BETWEEN 4737643 AND 4737743
	Bitmap Heap Scan on sbtest1  (cost=5.51..420.88 rows=105 width=125)
	  Recheck Cond: ((k >= 4737643) AND (k <= 4737743))
	  ->  Bitmap Index Scan on k_1  (cost=0.00..5.48 rows=105 width=0)
	        Index Cond: ((k >= 4737643) AND (k <= 4737743))

table 2 : explain SELECT k, c FROM sbtest2 WHERE k BETWEEN 4737643 AND 4737743
	Bitmap Heap Scan on sbtest2  (cost=5.48..409.07 rows=102 width=125)
	  Recheck Cond: ((k >= 4737643) AND (k <= 4737743))
	  ->  Bitmap Index Scan on k_2  (cost=0.00..5.45 rows=102 width=0)
	        Index Cond: ((k >= 4737643) AND (k <= 4737743))

table 3 : explain SELECT k, c FROM sbtest3 WHERE k BETWEEN 4737643 AND 4737743
	Bitmap Heap Scan on sbtest3  (cost=5.50..416.94 rows=104 width=125)
	  Recheck Cond: ((k >= 4737643) AND (k <= 4737743))
	  ->  Bitmap Index Scan on k_3  (cost=0.00..5.47 rows=104 width=0)
	        Index Cond: ((k >= 4737643) AND (k <= 4737743))

table 4 : explain SELECT k, c FROM sbtest4 WHERE k BETWEEN 4737643 AND 4737743
	Bitmap Heap Scan on sbtest4  (cost=5.54..432.69 rows=108 width=125)
	  Recheck Cond: ((k >= 4737643) AND (k <= 4737743))
	  ->  Bitmap Index Scan on k_4  (cost=0.00..5.51 rows=108 width=0)
	        Index Cond: ((k >= 4737643) AND (k <= 4737743))

table 5 : explain SELECT k, c FROM sbtest5 WHERE k BETWEEN 4737643 AND 4737743
	Bitmap Heap Scan on sbtest5  (cost=5.46..401.19 rows=100 width=125)
	  Recheck Cond: ((k >= 4737643) AND (k <= 4737743))
	  ->  Bitmap Index Scan on k_5  (cost=0.00..5.43 rows=100 width=0)
	        Index Cond: ((k >= 4737643) AND (k <= 4737743))

table 6 : explain SELECT k, c FROM sbtest6 WHERE k BETWEEN 4737643 AND 4737743
	Bitmap Heap Scan on sbtest6  (cost=5.45..397.25 rows=99 width=125)
	  Recheck Cond: ((k >= 4737643) AND (k <= 4737743))
	  ->  Bitmap Index Scan on k_6  (cost=0.00..5.42 rows=99 width=0)
	        Index Cond: ((k >= 4737643) AND (k <= 4737743))

table 7 : explain SELECT k, c FROM sbtest7 WHERE k BETWEEN 4737643 AND 4737743
	Bitmap Heap Scan on sbtest7  (cost=5.44..393.31 rows=98 width=125)
	  Recheck Cond: ((k >= 4737643) AND (k <= 4737743))
	  ->  Bitmap Index Scan on k_7  (cost=0.00..5.42 rows=98 width=0)
	        Index Cond: ((k >= 4737643) AND (k <= 4737743))

table 8 : explain SELECT k, c FROM sbtest8 WHERE k BETWEEN 4737643 AND 4737743
	Bitmap Heap Scan on sbtest8  (cost=5.50..416.94 rows=104 width=125)
	  Recheck Cond: ((k >= 4737643) AND (k <= 4737743))
	  ->  Bitmap Index Scan on k_8  (cost=0.00..5.47 rows=104 width=0)
	        Index Cond: ((k >= 4737643) AND (k <= 4737743))

explain: for range-notcovered :: explain SELECT k, c FROM sbtest%d WHERE k BETWEEN 6823463 AND 6823563
explain: for range-notcovered :: explain SELECT k, c FROM sbtest%d WHERE k BETWEEN 4737643 AND 4737743
for range-notcovered
table 1 : explain SELECT k, c FROM sbtest1 WHERE k BETWEEN 4593611 AND 4593711
	Bitmap Heap Scan on sbtest1  (cost=5.50..416.94 rows=104 width=125)
	  Recheck Cond: ((k >= 4593611) AND (k <= 4593711))
	  ->  Bitmap Index Scan on k_1  (cost=0.00..5.47 rows=104 width=0)
	        Index Cond: ((k >= 4593611) AND (k <= 4593711))

table 2 : explain SELECT k, c FROM sbtest2 WHERE k BETWEEN 4593611 AND 4593711
	Bitmap Heap Scan on sbtest2  (cost=5.59..452.36 rows=113 width=125)
	  Recheck Cond: ((k >= 4593611) AND (k <= 4593711))
	  ->  Bitmap Index Scan on k_2  (cost=0.00..5.56 rows=113 width=0)
	        Index Cond: ((k >= 4593611) AND (k <= 4593711))

table 3 : explain SELECT k, c FROM sbtest3 WHERE k BETWEEN 4593611 AND 4593711
	Bitmap Heap Scan on sbtest3  (cost=5.48..409.07 rows=102 width=125)
	  Recheck Cond: ((k >= 4593611) AND (k <= 4593711))
	  ->  Bitmap Index Scan on k_3  (cost=0.00..5.45 rows=102 width=0)
	        Index Cond: ((k >= 4593611) AND (k <= 4593711))

table 4 : explain SELECT k, c FROM sbtest4 WHERE k BETWEEN 4593611 AND 4593711
	Bitmap Heap Scan on sbtest4  (cost=5.42..385.43 rows=96 width=125)
	  Recheck Cond: ((k >= 4593611) AND (k <= 4593711))
	  ->  Bitmap Index Scan on k_4  (cost=0.00..5.39 rows=96 width=0)
	        Index Cond: ((k >= 4593611) AND (k <= 4593711))

table 5 : explain SELECT k, c FROM sbtest5 WHERE k BETWEEN 4593611 AND 4593711
	Bitmap Heap Scan on sbtest5  (cost=5.42..385.43 rows=96 width=125)
	  Recheck Cond: ((k >= 4593611) AND (k <= 4593711))
	  ->  Bitmap Index Scan on k_5  (cost=0.00..5.39 rows=96 width=0)
	        Index Cond: ((k >= 4593611) AND (k <= 4593711))

table 6 : explain SELECT k, c FROM sbtest6 WHERE k BETWEEN 4593611 AND 4593711
	Bitmap Heap Scan on sbtest6  (cost=5.42..385.43 rows=96 width=125)
	  Recheck Cond: ((k >= 4593611) AND (k <= 4593711))
	  ->  Bitmap Index Scan on k_6  (cost=0.00..5.39 rows=96 width=0)
	        Index Cond: ((k >= 4593611) AND (k <= 4593711))

table 7 : explain SELECT k, c FROM sbtest7 WHERE k BETWEEN 4593611 AND 4593711
	Bitmap Heap Scan on sbtest7  (cost=5.41..381.49 rows=95 width=125)
	  Recheck Cond: ((k >= 4593611) AND (k <= 4593711))
	  ->  Bitmap Index Scan on k_7  (cost=0.00..5.38 rows=95 width=0)
	        Index Cond: ((k >= 4593611) AND (k <= 4593711))

table 8 : explain SELECT k, c FROM sbtest8 WHERE k BETWEEN 4593611 AND 4593711
	Bitmap Heap Scan on sbtest8  (cost=5.47..405.13 rows=101 width=125)
	  Recheck Cond: ((k >= 4593611) AND (k <= 4593711))
	  ->  Bitmap Index Scan on k_8  (cost=0.00..5.44 rows=101 width=0)
	        Index Cond: ((k >= 4593611) AND (k <= 4593711))

for range-notcovered
table 1 : explain SELECT k, c FROM sbtest1 WHERE k BETWEEN 4719339 AND 4719439
	Bitmap Heap Scan on sbtest1  (cost=5.44..393.31 rows=98 width=125)
	  Recheck Cond: ((k >= 4719339) AND (k <= 4719439))
	  ->  Bitmap Index Scan on k_1  (cost=0.00..5.42 rows=98 width=0)
	        Index Cond: ((k >= 4719339) AND (k <= 4719439))

table 2 : explain SELECT k, c FROM sbtest2 WHERE k BETWEEN 4719339 AND 4719439
	Bitmap Heap Scan on sbtest2  (cost=5.48..409.07 rows=102 width=125)
	  Recheck Cond: ((k >= 4719339) AND (k <= 4719439))
	  ->  Bitmap Index Scan on k_2  (cost=0.00..5.45 rows=102 width=0)
	        Index Cond: ((k >= 4719339) AND (k <= 4719439))

table 3 : explain SELECT k, c FROM sbtest3 WHERE k BETWEEN 4719339 AND 4719439
	Bitmap Heap Scan on sbtest3  (cost=5.50..416.94 rows=104 width=125)
	  Recheck Cond: ((k >= 4719339) AND (k <= 4719439))
	  ->  Bitmap Index Scan on k_3  (cost=0.00..5.47 rows=104 width=0)
	        Index Cond: ((k >= 4719339) AND (k <= 4719439))

table 4 : explain SELECT k, c FROM sbtest4 WHERE k BETWEEN 4719339 AND 4719439
	Bitmap Heap Scan on sbtest4  (cost=5.54..432.69 rows=108 width=125)
	  Recheck Cond: ((k >= 4719339) AND (k <= 4719439))
	  ->  Bitmap Index Scan on k_4  (cost=0.00..5.51 rows=108 width=0)
	        Index Cond: ((k >= 4719339) AND (k <= 4719439))

table 5 : explain SELECT k, c FROM sbtest5 WHERE k BETWEEN 4719339 AND 4719439
	Bitmap Heap Scan on sbtest5  (cost=5.46..401.19 rows=100 width=125)
	  Recheck Cond: ((k >= 4719339) AND (k <= 4719439))
	  ->  Bitmap Index Scan on k_5  (cost=0.00..5.43 rows=100 width=0)
	        Index Cond: ((k >= 4719339) AND (k <= 4719439))

table 6 : explain SELECT k, c FROM sbtest6 WHERE k BETWEEN 4719339 AND 4719439
	Bitmap Heap Scan on sbtest6  (cost=5.45..397.25 rows=99 width=125)
	  Recheck Cond: ((k >= 4719339) AND (k <= 4719439))
	  ->  Bitmap Index Scan on k_6  (cost=0.00..5.42 rows=99 width=0)
	        Index Cond: ((k >= 4719339) AND (k <= 4719439))

table 7 : explain SELECT k, c FROM sbtest7 WHERE k BETWEEN 4719339 AND 4719439
	Bitmap Heap Scan on sbtest7  (cost=5.44..393.31 rows=98 width=125)
	  Recheck Cond: ((k >= 4719339) AND (k <= 4719439))
	  ->  Bitmap Index Scan on k_7  (cost=0.00..5.42 rows=98 width=0)
	        Index Cond: ((k >= 4719339) AND (k <= 4719439))

table 8 : explain SELECT k, c FROM sbtest8 WHERE k BETWEEN 4719339 AND 4719439
	Bitmap Heap Scan on sbtest8  (cost=5.50..416.94 rows=104 width=125)
	  Recheck Cond: ((k >= 4719339) AND (k <= 4719439))
	  ->  Bitmap Index Scan on k_8  (cost=0.00..5.47 rows=104 width=0)
	        Index Cond: ((k >= 4719339) AND (k <= 4719439))

for range-notcovered
table 1 : explain SELECT k, c FROM sbtest1 WHERE k BETWEEN 2829743 AND 2829843
	Bitmap Heap Scan on sbtest1  (cost=5.45..397.25 rows=99 width=125)
	  Recheck Cond: ((k >= 2829743) AND (k <= 2829843))
	  ->  Bitmap Index Scan on k_1  (cost=0.00..5.42 rows=99 width=0)
	        Index Cond: ((k >= 2829743) AND (k <= 2829843))

table 2 : explain SELECT k, c FROM sbtest2 WHERE k BETWEEN 2829743 AND 2829843
	Bitmap Heap Scan on sbtest2  (cost=5.44..393.31 rows=98 width=125)
	  Recheck Cond: ((k >= 2829743) AND (k <= 2829843))
	  ->  Bitmap Index Scan on k_2  (cost=0.00..5.42 rows=98 width=0)
	        Index Cond: ((k >= 2829743) AND (k <= 2829843))

table 3 : explain SELECT k, c FROM sbtest3 WHERE k BETWEEN 2829743 AND 2829843
	Bitmap Heap Scan on sbtest3  (cost=5.47..405.13 rows=101 width=125)
	  Recheck Cond: ((k >= 2829743) AND (k <= 2829843))
	  ->  Bitmap Index Scan on k_3  (cost=0.00..5.44 rows=101 width=0)
	        Index Cond: ((k >= 2829743) AND (k <= 2829843))

table 4 : explain SELECT k, c FROM sbtest4 WHERE k BETWEEN 2829743 AND 2829843
	Bitmap Heap Scan on sbtest4  (cost=5.45..397.25 rows=99 width=125)
	  Recheck Cond: ((k >= 2829743) AND (k <= 2829843))
	  ->  Bitmap Index Scan on k_4  (cost=0.00..5.42 rows=99 width=0)
	        Index Cond: ((k >= 2829743) AND (k <= 2829843))

table 5 : explain SELECT k, c FROM sbtest5 WHERE k BETWEEN 2829743 AND 2829843
	Bitmap Heap Scan on sbtest5  (cost=5.38..369.67 rows=92 width=125)
	  Recheck Cond: ((k >= 2829743) AND (k <= 2829843))
	  ->  Bitmap Index Scan on k_5  (cost=0.00..5.35 rows=92 width=0)
	        Index Cond: ((k >= 2829743) AND (k <= 2829843))

table 6 : explain SELECT k, c FROM sbtest6 WHERE k BETWEEN 2829743 AND 2829843
	Bitmap Heap Scan on sbtest6  (cost=5.49..413.00 rows=103 width=125)
	  Recheck Cond: ((k >= 2829743) AND (k <= 2829843))
	  ->  Bitmap Index Scan on k_6  (cost=0.00..5.46 rows=103 width=0)
	        Index Cond: ((k >= 2829743) AND (k <= 2829843))

table 7 : explain SELECT k, c FROM sbtest7 WHERE k BETWEEN 2829743 AND 2829843
	Bitmap Heap Scan on sbtest7  (cost=5.51..420.88 rows=105 width=125)
	  Recheck Cond: ((k >= 2829743) AND (k <= 2829843))
	  ->  Bitmap Index Scan on k_7  (cost=0.00..5.48 rows=105 width=0)
	        Index Cond: ((k >= 2829743) AND (k <= 2829843))

table 8 : explain SELECT k, c FROM sbtest8 WHERE k BETWEEN 2829743 AND 2829843
	Bitmap Heap Scan on sbtest8  (cost=5.52..424.81 rows=106 width=125)
	  Recheck Cond: ((k >= 2829743) AND (k <= 2829843))
	  ->  Bitmap Index Scan on k_8  (cost=0.00..5.50 rows=106 width=0)
	        Index Cond: ((k >= 2829743) AND (k <= 2829843))

explain: for range-notcovered :: explain SELECT k, c FROM sbtest%d WHERE k BETWEEN 3201300 AND 3201400
for range-notcovered
table 1 : explain SELECT k, c FROM sbtest1 WHERE k BETWEEN 6393796 AND 6393896
	Bitmap Heap Scan on sbtest1  (cost=5.53..428.75 rows=107 width=125)
	  Recheck Cond: ((k >= 6393796) AND (k <= 6393896))
	  ->  Bitmap Index Scan on k_1  (cost=0.00..5.50 rows=107 width=0)
	        Index Cond: ((k >= 6393796) AND (k <= 6393896))

table 2 : explain SELECT k, c FROM sbtest2 WHERE k BETWEEN 6393796 AND 6393896
	Bitmap Heap Scan on sbtest2  (cost=5.55..436.62 rows=109 width=125)
	  Recheck Cond: ((k >= 6393796) AND (k <= 6393896))
	  ->  Bitmap Index Scan on k_2  (cost=0.00..5.52 rows=109 width=0)
	        Index Cond: ((k >= 6393796) AND (k <= 6393896))

table 3 : explain SELECT k, c FROM sbtest3 WHERE k BETWEEN 6393796 AND 6393896
	Bitmap Heap Scan on sbtest3  (cost=5.41..381.49 rows=95 width=125)
	  Recheck Cond: ((k >= 6393796) AND (k <= 6393896))
	  ->  Bitmap Index Scan on k_3  (cost=0.00..5.38 rows=95 width=0)
	        Index Cond: ((k >= 6393796) AND (k <= 6393896))

table 4 : explain SELECT k, c FROM sbtest4 WHERE k BETWEEN 6393796 AND 6393896
	Bitmap Heap Scan on sbtest4  (cost=5.54..432.69 rows=108 width=125)
	  Recheck Cond: ((k >= 6393796) AND (k <= 6393896))
	  ->  Bitmap Index Scan on k_4  (cost=0.00..5.51 rows=108 width=0)
	        Index Cond: ((k >= 6393796) AND (k <= 6393896))

table 5 : explain SELECT k, c FROM sbtest5 WHERE k BETWEEN 6393796 AND 6393896
	Bitmap Heap Scan on sbtest5  (cost=5.46..401.19 rows=100 width=125)
	  Recheck Cond: ((k >= 6393796) AND (k <= 6393896))
	  ->  Bitmap Index Scan on k_5  (cost=0.00..5.43 rows=100 width=0)
	        Index Cond: ((k >= 6393796) AND (k <= 6393896))

table 6 : explain SELECT k, c FROM sbtest6 WHERE k BETWEEN 6393796 AND 6393896
	Bitmap Heap Scan on sbtest6  (cost=5.58..448.42 rows=112 width=125)
	  Recheck Cond: ((k >= 6393796) AND (k <= 6393896))
	  ->  Bitmap Index Scan on k_6  (cost=0.00..5.55 rows=112 width=0)
	        Index Cond: ((k >= 6393796) AND (k <= 6393896))

table 7 : explain SELECT k, c FROM sbtest7 WHERE k BETWEEN 6393796 AND 6393896
	Bitmap Heap Scan on sbtest7  (cost=5.45..397.25 rows=99 width=125)
	  Recheck Cond: ((k >= 6393796) AND (k <= 6393896))
	  ->  Bitmap Index Scan on k_7  (cost=0.00..5.42 rows=99 width=0)
	        Index Cond: ((k >= 6393796) AND (k <= 6393896))

table 8 : explain SELECT k, c FROM sbtest8 WHERE k BETWEEN 6393796 AND 6393896
	Bitmap Heap Scan on sbtest8  (cost=5.51..420.88 rows=105 width=125)
	  Recheck Cond: ((k >= 6393796) AND (k <= 6393896))
	  ->  Bitmap Index Scan on k_8  (cost=0.00..5.48 rows=105 width=0)
	        Index Cond: ((k >= 6393796) AND (k <= 6393896))

explain: for range-notcovered :: explain SELECT k, c FROM sbtest%d WHERE k BETWEEN 6393796 AND 6393896
for range-notcovered
table 1 : explain SELECT k, c FROM sbtest1 WHERE k BETWEEN 4701175 AND 4701275
	Bitmap Heap Scan on sbtest1  (cost=5.44..393.31 rows=98 width=125)
	  Recheck Cond: ((k >= 4701175) AND (k <= 4701275))
	  ->  Bitmap Index Scan on k_1  (cost=0.00..5.42 rows=98 width=0)
	        Index Cond: ((k >= 4701175) AND (k <= 4701275))

table 2 : explain SELECT k, c FROM sbtest2 WHERE k BETWEEN 4701175 AND 4701275
	Bitmap Heap Scan on sbtest2  (cost=5.56..440.56 rows=110 width=125)
	  Recheck Cond: ((k >= 4701175) AND (k <= 4701275))
	  ->  Bitmap Index Scan on k_2  (cost=0.00..5.53 rows=110 width=0)
	        Index Cond: ((k >= 4701175) AND (k <= 4701275))

table 3 : explain SELECT k, c FROM sbtest3 WHERE k BETWEEN 4701175 AND 4701275
	Bitmap Heap Scan on sbtest3  (cost=5.50..416.94 rows=104 width=125)
	  Recheck Cond: ((k >= 4701175) AND (k <= 4701275))
	  ->  Bitmap Index Scan on k_3  (cost=0.00..5.47 rows=104 width=0)
	        Index Cond: ((k >= 4701175) AND (k <= 4701275))

table 4 : explain SELECT k, c FROM sbtest4 WHERE k BETWEEN 4701175 AND 4701275
	Bitmap Heap Scan on sbtest4  (cost=5.44..393.31 rows=98 width=125)
	  Recheck Cond: ((k >= 4701175) AND (k <= 4701275))
	  ->  Bitmap Index Scan on k_4  (cost=0.00..5.42 rows=98 width=0)
	        Index Cond: ((k >= 4701175) AND (k <= 4701275))

table 5 : explain SELECT k, c FROM sbtest5 WHERE k BETWEEN 4701175 AND 4701275
	Bitmap Heap Scan on sbtest5  (cost=5.46..401.19 rows=100 width=125)
	  Recheck Cond: ((k >= 4701175) AND (k <= 4701275))
	  ->  Bitmap Index Scan on k_5  (cost=0.00..5.43 rows=100 width=0)
	        Index Cond: ((k >= 4701175) AND (k <= 4701275))

table 6 : explain SELECT k, c FROM sbtest6 WHERE k BETWEEN 4701175 AND 4701275
	Bitmap Heap Scan on sbtest6  (cost=5.50..416.94 rows=104 width=125)
	  Recheck Cond: ((k >= 4701175) AND (k <= 4701275))
	  ->  Bitmap Index Scan on k_6  (cost=0.00..5.47 rows=104 width=0)
	        Index Cond: ((k >= 4701175) AND (k <= 4701275))

table 7 : explain SELECT k, c FROM sbtest7 WHERE k BETWEEN 4701175 AND 4701275
	Bitmap Heap Scan on sbtest7  (cost=5.50..416.94 rows=104 width=125)
	  Recheck Cond: ((k >= 4701175) AND (k <= 4701275))
	  ->  Bitmap Index Scan on k_7  (cost=0.00..5.47 rows=104 width=0)
	        Index Cond: ((k >= 4701175) AND (k <= 4701275))

table 8 : explain SELECT k, c FROM sbtest8 WHERE k BETWEEN 4701175 AND 4701275
	Bitmap Heap Scan on sbtest8  (cost=5.50..416.94 rows=104 width=125)
	  Recheck Cond: ((k >= 4701175) AND (k <= 4701275))
	  ->  Bitmap Index Scan on k_8  (cost=0.00..5.47 rows=104 width=0)
	        Index Cond: ((k >= 4701175) AND (k <= 4701275))

explain: for range-notcovered :: explain SELECT k, c FROM sbtest%d WHERE k BETWEEN 2829743 AND 2829843
for range-notcovered
table 1 : explain SELECT k, c FROM sbtest1 WHERE k BETWEEN 4737643 AND 4737743
	Bitmap Heap Scan on sbtest1  (cost=5.51..420.88 rows=105 width=125)
	  Recheck Cond: ((k >= 4737643) AND (k <= 4737743))
	  ->  Bitmap Index Scan on k_1  (cost=0.00..5.48 rows=105 width=0)
	        Index Cond: ((k >= 4737643) AND (k <= 4737743))

table 2 : explain SELECT k, c FROM sbtest2 WHERE k BETWEEN 4737643 AND 4737743
	Bitmap Heap Scan on sbtest2  (cost=5.48..409.07 rows=102 width=125)
	  Recheck Cond: ((k >= 4737643) AND (k <= 4737743))
	  ->  Bitmap Index Scan on k_2  (cost=0.00..5.45 rows=102 width=0)
	        Index Cond: ((k >= 4737643) AND (k <= 4737743))

table 3 : explain SELECT k, c FROM sbtest3 WHERE k BETWEEN 4737643 AND 4737743
	Bitmap Heap Scan on sbtest3  (cost=5.50..416.94 rows=104 width=125)
	  Recheck Cond: ((k >= 4737643) AND (k <= 4737743))
	  ->  Bitmap Index Scan on k_3  (cost=0.00..5.47 rows=104 width=0)
	        Index Cond: ((k >= 4737643) AND (k <= 4737743))

table 4 : explain SELECT k, c FROM sbtest4 WHERE k BETWEEN 4737643 AND 4737743
	Bitmap Heap Scan on sbtest4  (cost=5.54..432.69 rows=108 width=125)
	  Recheck Cond: ((k >= 4737643) AND (k <= 4737743))
	  ->  Bitmap Index Scan on k_4  (cost=0.00..5.51 rows=108 width=0)
	        Index Cond: ((k >= 4737643) AND (k <= 4737743))

table 5 : explain SELECT k, c FROM sbtest5 WHERE k BETWEEN 4737643 AND 4737743
	Bitmap Heap Scan on sbtest5  (cost=5.46..401.19 rows=100 width=125)
	  Recheck Cond: ((k >= 4737643) AND (k <= 4737743))
	  ->  Bitmap Index Scan on k_5  (cost=0.00..5.43 rows=100 width=0)
	        Index Cond: ((k >= 4737643) AND (k <= 4737743))

table 6 : explain SELECT k, c FROM sbtest6 WHERE k BETWEEN 4737643 AND 4737743
	Bitmap Heap Scan on sbtest6  (cost=5.45..397.25 rows=99 width=125)
	  Recheck Cond: ((k >= 4737643) AND (k <= 4737743))
	  ->  Bitmap Index Scan on k_6  (cost=0.00..5.42 rows=99 width=0)
	        Index Cond: ((k >= 4737643) AND (k <= 4737743))

table 7 : explain SELECT k, c FROM sbtest7 WHERE k BETWEEN 4737643 AND 4737743
	Bitmap Heap Scan on sbtest7  (cost=5.44..393.31 rows=98 width=125)
	  Recheck Cond: ((k >= 4737643) AND (k <= 4737743))
	  ->  Bitmap Index Scan on k_7  (cost=0.00..5.42 rows=98 width=0)
	        Index Cond: ((k >= 4737643) AND (k <= 4737743))

table 8 : explain SELECT k, c FROM sbtest8 WHERE k BETWEEN 4737643 AND 4737743
	Bitmap Heap Scan on sbtest8  (cost=5.50..416.94 rows=104 width=125)
	  Recheck Cond: ((k >= 4737643) AND (k <= 4737743))
	  ->  Bitmap Index Scan on k_8  (cost=0.00..5.47 rows=104 width=0)
	        Index Cond: ((k >= 4737643) AND (k <= 4737743))

for range-notcovered
table 1 : explain SELECT k, c FROM sbtest1 WHERE k BETWEEN 6393796 AND 6393896
	Bitmap Heap Scan on sbtest1  (cost=5.53..428.75 rows=107 width=125)
	  Recheck Cond: ((k >= 6393796) AND (k <= 6393896))
	  ->  Bitmap Index Scan on k_1  (cost=0.00..5.50 rows=107 width=0)
	        Index Cond: ((k >= 6393796) AND (k <= 6393896))

table 2 : explain SELECT k, c FROM sbtest2 WHERE k BETWEEN 6393796 AND 6393896
	Bitmap Heap Scan on sbtest2  (cost=5.55..436.62 rows=109 width=125)
	  Recheck Cond: ((k >= 6393796) AND (k <= 6393896))
	  ->  Bitmap Index Scan on k_2  (cost=0.00..5.52 rows=109 width=0)
	        Index Cond: ((k >= 6393796) AND (k <= 6393896))

table 3 : explain SELECT k, c FROM sbtest3 WHERE k BETWEEN 6393796 AND 6393896
	Bitmap Heap Scan on sbtest3  (cost=5.41..381.49 rows=95 width=125)
	  Recheck Cond: ((k >= 6393796) AND (k <= 6393896))
	  ->  Bitmap Index Scan on k_3  (cost=0.00..5.38 rows=95 width=0)
	        Index Cond: ((k >= 6393796) AND (k <= 6393896))

table 4 : explain SELECT k, c FROM sbtest4 WHERE k BETWEEN 6393796 AND 6393896
	Bitmap Heap Scan on sbtest4  (cost=5.54..432.69 rows=108 width=125)
	  Recheck Cond: ((k >= 6393796) AND (k <= 6393896))
	  ->  Bitmap Index Scan on k_4  (cost=0.00..5.51 rows=108 width=0)
	        Index Cond: ((k >= 6393796) AND (k <= 6393896))

table 5 : explain SELECT k, c FROM sbtest5 WHERE k BETWEEN 6393796 AND 6393896
	Bitmap Heap Scan on sbtest5  (cost=5.46..401.19 rows=100 width=125)
	  Recheck Cond: ((k >= 6393796) AND (k <= 6393896))
	  ->  Bitmap Index Scan on k_5  (cost=0.00..5.43 rows=100 width=0)
	        Index Cond: ((k >= 6393796) AND (k <= 6393896))

table 6 : explain SELECT k, c FROM sbtest6 WHERE k BETWEEN 6393796 AND 6393896
	Bitmap Heap Scan on sbtest6  (cost=5.58..448.42 rows=112 width=125)
	  Recheck Cond: ((k >= 6393796) AND (k <= 6393896))
	  ->  Bitmap Index Scan on k_6  (cost=0.00..5.55 rows=112 width=0)
	        Index Cond: ((k >= 6393796) AND (k <= 6393896))

table 7 : explain SELECT k, c FROM sbtest7 WHERE k BETWEEN 6393796 AND 6393896
	Bitmap Heap Scan on sbtest7  (cost=5.45..397.25 rows=99 width=125)
	  Recheck Cond: ((k >= 6393796) AND (k <= 6393896))
	  ->  Bitmap Index Scan on k_7  (cost=0.00..5.42 rows=99 width=0)
	        Index Cond: ((k >= 6393796) AND (k <= 6393896))

table 8 : explain SELECT k, c FROM sbtest8 WHERE k BETWEEN 6393796 AND 6393896
	Bitmap Heap Scan on sbtest8  (cost=5.51..420.88 rows=105 width=125)
	  Recheck Cond: ((k >= 6393796) AND (k <= 6393896))
	  ->  Bitmap Index Scan on k_8  (cost=0.00..5.48 rows=105 width=0)
	        Index Cond: ((k >= 6393796) AND (k <= 6393896))

explain: for range-notcovered :: explain SELECT k, c FROM sbtest%d WHERE k BETWEEN 6393796 AND 6393896
for range-notcovered
table 1 : explain SELECT k, c FROM sbtest1 WHERE k BETWEEN 2829743 AND 2829843
	Bitmap Heap Scan on sbtest1  (cost=5.45..397.25 rows=99 width=125)
	  Recheck Cond: ((k >= 2829743) AND (k <= 2829843))
	  ->  Bitmap Index Scan on k_1  (cost=0.00..5.42 rows=99 width=0)
	        Index Cond: ((k >= 2829743) AND (k <= 2829843))

table 2 : explain SELECT k, c FROM sbtest2 WHERE k BETWEEN 2829743 AND 2829843
	Bitmap Heap Scan on sbtest2  (cost=5.44..393.31 rows=98 width=125)
	  Recheck Cond: ((k >= 2829743) AND (k <= 2829843))
	  ->  Bitmap Index Scan on k_2  (cost=0.00..5.42 rows=98 width=0)
	        Index Cond: ((k >= 2829743) AND (k <= 2829843))

table 3 : explain SELECT k, c FROM sbtest3 WHERE k BETWEEN 2829743 AND 2829843
	Bitmap Heap Scan on sbtest3  (cost=5.47..405.13 rows=101 width=125)
	  Recheck Cond: ((k >= 2829743) AND (k <= 2829843))
	  ->  Bitmap Index Scan on k_3  (cost=0.00..5.44 rows=101 width=0)
	        Index Cond: ((k >= 2829743) AND (k <= 2829843))

table 4 : explain SELECT k, c FROM sbtest4 WHERE k BETWEEN 2829743 AND 2829843
	Bitmap Heap Scan on sbtest4  (cost=5.45..397.25 rows=99 width=125)
	  Recheck Cond: ((k >= 2829743) AND (k <= 2829843))
	  ->  Bitmap Index Scan on k_4  (cost=0.00..5.42 rows=99 width=0)
	        Index Cond: ((k >= 2829743) AND (k <= 2829843))

table 5 : explain SELECT k, c FROM sbtest5 WHERE k BETWEEN 2829743 AND 2829843
	Bitmap Heap Scan on sbtest5  (cost=5.38..369.67 rows=92 width=125)
	  Recheck Cond: ((k >= 2829743) AND (k <= 2829843))
	  ->  Bitmap Index Scan on k_5  (cost=0.00..5.35 rows=92 width=0)
	        Index Cond: ((k >= 2829743) AND (k <= 2829843))

table 6 : explain SELECT k, c FROM sbtest6 WHERE k BETWEEN 2829743 AND 2829843
	Bitmap Heap Scan on sbtest6  (cost=5.49..413.00 rows=103 width=125)
	  Recheck Cond: ((k >= 2829743) AND (k <= 2829843))
	  ->  Bitmap Index Scan on k_6  (cost=0.00..5.46 rows=103 width=0)
	        Index Cond: ((k >= 2829743) AND (k <= 2829843))

table 7 : explain SELECT k, c FROM sbtest7 WHERE k BETWEEN 2829743 AND 2829843
	Bitmap Heap Scan on sbtest7  (cost=5.51..420.88 rows=105 width=125)
	  Recheck Cond: ((k >= 2829743) AND (k <= 2829843))
	  ->  Bitmap Index Scan on k_7  (cost=0.00..5.48 rows=105 width=0)
	        Index Cond: ((k >= 2829743) AND (k <= 2829843))

table 8 : explain SELECT k, c FROM sbtest8 WHERE k BETWEEN 2829743 AND 2829843
	Bitmap Heap Scan on sbtest8  (cost=5.52..424.81 rows=106 width=125)
	  Recheck Cond: ((k >= 2829743) AND (k <= 2829843))
	  ->  Bitmap Index Scan on k_8  (cost=0.00..5.50 rows=106 width=0)
	        Index Cond: ((k >= 2829743) AND (k <= 2829843))

explain: for range-notcovered :: explain SELECT k, c FROM sbtest%d WHERE k BETWEEN 2829743 AND 2829843
explain: for range-notcovered :: explain SELECT k, c FROM sbtest%d WHERE k BETWEEN 4701175 AND 4701275
for range-notcovered
table 1 : explain SELECT k, c FROM sbtest1 WHERE k BETWEEN 6393796 AND 6393896
	Bitmap Heap Scan on sbtest1  (cost=5.53..428.75 rows=107 width=125)
	  Recheck Cond: ((k >= 6393796) AND (k <= 6393896))
	  ->  Bitmap Index Scan on k_1  (cost=0.00..5.50 rows=107 width=0)
	        Index Cond: ((k >= 6393796) AND (k <= 6393896))

table 2 : explain SELECT k, c FROM sbtest2 WHERE k BETWEEN 6393796 AND 6393896
	Bitmap Heap Scan on sbtest2  (cost=5.55..436.62 rows=109 width=125)
	  Recheck Cond: ((k >= 6393796) AND (k <= 6393896))
	  ->  Bitmap Index Scan on k_2  (cost=0.00..5.52 rows=109 width=0)
	        Index Cond: ((k >= 6393796) AND (k <= 6393896))

table 3 : explain SELECT k, c FROM sbtest3 WHERE k BETWEEN 6393796 AND 6393896
	Bitmap Heap Scan on sbtest3  (cost=5.41..381.49 rows=95 width=125)
	  Recheck Cond: ((k >= 6393796) AND (k <= 6393896))
	  ->  Bitmap Index Scan on k_3  (cost=0.00..5.38 rows=95 width=0)
	        Index Cond: ((k >= 6393796) AND (k <= 6393896))

table 4 : explain SELECT k, c FROM sbtest4 WHERE k BETWEEN 6393796 AND 6393896
	Bitmap Heap Scan on sbtest4  (cost=5.54..432.69 rows=108 width=125)
	  Recheck Cond: ((k >= 6393796) AND (k <= 6393896))
	  ->  Bitmap Index Scan on k_4  (cost=0.00..5.51 rows=108 width=0)
	        Index Cond: ((k >= 6393796) AND (k <= 6393896))

table 5 : explain SELECT k, c FROM sbtest5 WHERE k BETWEEN 6393796 AND 6393896
	Bitmap Heap Scan on sbtest5  (cost=5.46..401.19 rows=100 width=125)
	  Recheck Cond: ((k >= 6393796) AND (k <= 6393896))
	  ->  Bitmap Index Scan on k_5  (cost=0.00..5.43 rows=100 width=0)
	        Index Cond: ((k >= 6393796) AND (k <= 6393896))

table 6 : explain SELECT k, c FROM sbtest6 WHERE k BETWEEN 6393796 AND 6393896
	Bitmap Heap Scan on sbtest6  (cost=5.58..448.42 rows=112 width=125)
	  Recheck Cond: ((k >= 6393796) AND (k <= 6393896))
	  ->  Bitmap Index Scan on k_6  (cost=0.00..5.55 rows=112 width=0)
	        Index Cond: ((k >= 6393796) AND (k <= 6393896))

table 7 : explain SELECT k, c FROM sbtest7 WHERE k BETWEEN 6393796 AND 6393896
	Bitmap Heap Scan on sbtest7  (cost=5.45..397.25 rows=99 width=125)
	  Recheck Cond: ((k >= 6393796) AND (k <= 6393896))
	  ->  Bitmap Index Scan on k_7  (cost=0.00..5.42 rows=99 width=0)
	        Index Cond: ((k >= 6393796) AND (k <= 6393896))

table 8 : explain SELECT k, c FROM sbtest8 WHERE k BETWEEN 6393796 AND 6393896
	Bitmap Heap Scan on sbtest8  (cost=5.51..420.88 rows=105 width=125)
	  Recheck Cond: ((k >= 6393796) AND (k <= 6393896))
	  ->  Bitmap Index Scan on k_8  (cost=0.00..5.48 rows=105 width=0)
	        Index Cond: ((k >= 6393796) AND (k <= 6393896))

explain: for range-notcovered :: explain SELECT k, c FROM sbtest%d WHERE k BETWEEN 6393796 AND 6393896
for range-notcovered
table 1 : explain SELECT k, c FROM sbtest1 WHERE k BETWEEN 3201300 AND 3201400
	Bitmap Heap Scan on sbtest1  (cost=5.55..436.62 rows=109 width=125)
	  Recheck Cond: ((k >= 3201300) AND (k <= 3201400))
	  ->  Bitmap Index Scan on k_1  (cost=0.00..5.52 rows=109 width=0)
	        Index Cond: ((k >= 3201300) AND (k <= 3201400))

table 2 : explain SELECT k, c FROM sbtest2 WHERE k BETWEEN 3201300 AND 3201400
	Bitmap Heap Scan on sbtest2  (cost=5.50..416.94 rows=104 width=125)
	  Recheck Cond: ((k >= 3201300) AND (k <= 3201400))
	  ->  Bitmap Index Scan on k_2  (cost=0.00..5.47 rows=104 width=0)
	        Index Cond: ((k >= 3201300) AND (k <= 3201400))

table 3 : explain SELECT k, c FROM sbtest3 WHERE k BETWEEN 3201300 AND 3201400
	Bitmap Heap Scan on sbtest3  (cost=5.48..409.07 rows=102 width=125)
	  Recheck Cond: ((k >= 3201300) AND (k <= 3201400))
	  ->  Bitmap Index Scan on k_3  (cost=0.00..5.45 rows=102 width=0)
	        Index Cond: ((k >= 3201300) AND (k <= 3201400))

table 4 : explain SELECT k, c FROM sbtest4 WHERE k BETWEEN 3201300 AND 3201400
	Bitmap Heap Scan on sbtest4  (cost=5.39..373.61 rows=93 width=125)
	  Recheck Cond: ((k >= 3201300) AND (k <= 3201400))
	  ->  Bitmap Index Scan on k_4  (cost=0.00..5.36 rows=93 width=0)
	        Index Cond: ((k >= 3201300) AND (k <= 3201400))

table 5 : explain SELECT k, c FROM sbtest5 WHERE k BETWEEN 3201300 AND 3201400
	Bitmap Heap Scan on sbtest5  (cost=5.51..420.88 rows=105 width=125)
	  Recheck Cond: ((k >= 3201300) AND (k <= 3201400))
	  ->  Bitmap Index Scan on k_5  (cost=0.00..5.48 rows=105 width=0)
	        Index Cond: ((k >= 3201300) AND (k <= 3201400))

table 6 : explain SELECT k, c FROM sbtest6 WHERE k BETWEEN 3201300 AND 3201400
	Bitmap Heap Scan on sbtest6  (cost=5.45..397.25 rows=99 width=125)
	  Recheck Cond: ((k >= 3201300) AND (k <= 3201400))
	  ->  Bitmap Index Scan on k_6  (cost=0.00..5.42 rows=99 width=0)
	        Index Cond: ((k >= 3201300) AND (k <= 3201400))

table 7 : explain SELECT k, c FROM sbtest7 WHERE k BETWEEN 3201300 AND 3201400
	Bitmap Heap Scan on sbtest7  (cost=5.53..428.75 rows=107 width=125)
	  Recheck Cond: ((k >= 3201300) AND (k <= 3201400))
	  ->  Bitmap Index Scan on k_7  (cost=0.00..5.50 rows=107 width=0)
	        Index Cond: ((k >= 3201300) AND (k <= 3201400))

table 8 : explain SELECT k, c FROM sbtest8 WHERE k BETWEEN 3201300 AND 3201400
	Bitmap Heap Scan on sbtest8  (cost=5.42..385.43 rows=96 width=125)
	  Recheck Cond: ((k >= 3201300) AND (k <= 3201400))
	  ->  Bitmap Index Scan on k_8  (cost=0.00..5.39 rows=96 width=0)
	        Index Cond: ((k >= 3201300) AND (k <= 3201400))

explain: for range-notcovered :: explain SELECT k, c FROM sbtest%d WHERE k BETWEEN 3201300 AND 3201400
for range-notcovered
table 1 : explain SELECT k, c FROM sbtest1 WHERE k BETWEEN 4701175 AND 4701275
	Bitmap Heap Scan on sbtest1  (cost=5.44..393.31 rows=98 width=125)
	  Recheck Cond: ((k >= 4701175) AND (k <= 4701275))
	  ->  Bitmap Index Scan on k_1  (cost=0.00..5.42 rows=98 width=0)
	        Index Cond: ((k >= 4701175) AND (k <= 4701275))

table 2 : explain SELECT k, c FROM sbtest2 WHERE k BETWEEN 4701175 AND 4701275
	Bitmap Heap Scan on sbtest2  (cost=5.56..440.56 rows=110 width=125)
	  Recheck Cond: ((k >= 4701175) AND (k <= 4701275))
	  ->  Bitmap Index Scan on k_2  (cost=0.00..5.53 rows=110 width=0)
	        Index Cond: ((k >= 4701175) AND (k <= 4701275))

table 3 : explain SELECT k, c FROM sbtest3 WHERE k BETWEEN 4701175 AND 4701275
	Bitmap Heap Scan on sbtest3  (cost=5.50..416.94 rows=104 width=125)
	  Recheck Cond: ((k >= 4701175) AND (k <= 4701275))
	  ->  Bitmap Index Scan on k_3  (cost=0.00..5.47 rows=104 width=0)
	        Index Cond: ((k >= 4701175) AND (k <= 4701275))

table 4 : explain SELECT k, c FROM sbtest4 WHERE k BETWEEN 4701175 AND 4701275
	Bitmap Heap Scan on sbtest4  (cost=5.44..393.31 rows=98 width=125)
	  Recheck Cond: ((k >= 4701175) AND (k <= 4701275))
	  ->  Bitmap Index Scan on k_4  (cost=0.00..5.42 rows=98 width=0)
	        Index Cond: ((k >= 4701175) AND (k <= 4701275))

table 5 : explain SELECT k, c FROM sbtest5 WHERE k BETWEEN 4701175 AND 4701275
	Bitmap Heap Scan on sbtest5  (cost=5.46..401.19 rows=100 width=125)
	  Recheck Cond: ((k >= 4701175) AND (k <= 4701275))
	  ->  Bitmap Index Scan on k_5  (cost=0.00..5.43 rows=100 width=0)
	        Index Cond: ((k >= 4701175) AND (k <= 4701275))

table 6 : explain SELECT k, c FROM sbtest6 WHERE k BETWEEN 4701175 AND 4701275
	Bitmap Heap Scan on sbtest6  (cost=5.50..416.94 rows=104 width=125)
	  Recheck Cond: ((k >= 4701175) AND (k <= 4701275))
	  ->  Bitmap Index Scan on k_6  (cost=0.00..5.47 rows=104 width=0)
	        Index Cond: ((k >= 4701175) AND (k <= 4701275))

table 7 : explain SELECT k, c FROM sbtest7 WHERE k BETWEEN 4701175 AND 4701275
	Bitmap Heap Scan on sbtest7  (cost=5.50..416.94 rows=104 width=125)
	  Recheck Cond: ((k >= 4701175) AND (k <= 4701275))
	  ->  Bitmap Index Scan on k_7  (cost=0.00..5.47 rows=104 width=0)
	        Index Cond: ((k >= 4701175) AND (k <= 4701275))

table 8 : explain SELECT k, c FROM sbtest8 WHERE k BETWEEN 4701175 AND 4701275
	Bitmap Heap Scan on sbtest8  (cost=5.50..416.94 rows=104 width=125)
	  Recheck Cond: ((k >= 4701175) AND (k <= 4701275))
	  ->  Bitmap Index Scan on k_8  (cost=0.00..5.47 rows=104 width=0)
	        Index Cond: ((k >= 4701175) AND (k <= 4701275))

explain: for range-notcovered :: explain SELECT k, c FROM sbtest%d WHERE k BETWEEN 4701175 AND 4701275
explain: for range-notcovered :: explain SELECT k, c FROM sbtest%d WHERE k BETWEEN 4737643 AND 4737743
for range-notcovered
table 1 : explain SELECT k, c FROM sbtest1 WHERE k BETWEEN 4701175 AND 4701275
	Bitmap Heap Scan on sbtest1  (cost=5.44..393.31 rows=98 width=125)
	  Recheck Cond: ((k >= 4701175) AND (k <= 4701275))
	  ->  Bitmap Index Scan on k_1  (cost=0.00..5.42 rows=98 width=0)
	        Index Cond: ((k >= 4701175) AND (k <= 4701275))

table 2 : explain SELECT k, c FROM sbtest2 WHERE k BETWEEN 4701175 AND 4701275
	Bitmap Heap Scan on sbtest2  (cost=5.56..440.56 rows=110 width=125)
	  Recheck Cond: ((k >= 4701175) AND (k <= 4701275))
	  ->  Bitmap Index Scan on k_2  (cost=0.00..5.53 rows=110 width=0)
	        Index Cond: ((k >= 4701175) AND (k <= 4701275))

table 3 : explain SELECT k, c FROM sbtest3 WHERE k BETWEEN 4701175 AND 4701275
	Bitmap Heap Scan on sbtest3  (cost=5.50..416.94 rows=104 width=125)
	  Recheck Cond: ((k >= 4701175) AND (k <= 4701275))
	  ->  Bitmap Index Scan on k_3  (cost=0.00..5.47 rows=104 width=0)
	        Index Cond: ((k >= 4701175) AND (k <= 4701275))

table 4 : explain SELECT k, c FROM sbtest4 WHERE k BETWEEN 4701175 AND 4701275
	Bitmap Heap Scan on sbtest4  (cost=5.44..393.31 rows=98 width=125)
	  Recheck Cond: ((k >= 4701175) AND (k <= 4701275))
	  ->  Bitmap Index Scan on k_4  (cost=0.00..5.42 rows=98 width=0)
	        Index Cond: ((k >= 4701175) AND (k <= 4701275))

table 5 : explain SELECT k, c FROM sbtest5 WHERE k BETWEEN 4701175 AND 4701275
	Bitmap Heap Scan on sbtest5  (cost=5.46..401.19 rows=100 width=125)
	  Recheck Cond: ((k >= 4701175) AND (k <= 4701275))
	  ->  Bitmap Index Scan on k_5  (cost=0.00..5.43 rows=100 width=0)
	        Index Cond: ((k >= 4701175) AND (k <= 4701275))

table 6 : explain SELECT k, c FROM sbtest6 WHERE k BETWEEN 4701175 AND 4701275
	Bitmap Heap Scan on sbtest6  (cost=5.50..416.94 rows=104 width=125)
	  Recheck Cond: ((k >= 4701175) AND (k <= 4701275))
	  ->  Bitmap Index Scan on k_6  (cost=0.00..5.47 rows=104 width=0)
	        Index Cond: ((k >= 4701175) AND (k <= 4701275))

table 7 : explain SELECT k, c FROM sbtest7 WHERE k BETWEEN 4701175 AND 4701275
	Bitmap Heap Scan on sbtest7  (cost=5.50..416.94 rows=104 width=125)
	  Recheck Cond: ((k >= 4701175) AND (k <= 4701275))
	  ->  Bitmap Index Scan on k_7  (cost=0.00..5.47 rows=104 width=0)
	        Index Cond: ((k >= 4701175) AND (k <= 4701275))

table 8 : explain SELECT k, c FROM sbtest8 WHERE k BETWEEN 4701175 AND 4701275
	Bitmap Heap Scan on sbtest8  (cost=5.50..416.94 rows=104 width=125)
	  Recheck Cond: ((k >= 4701175) AND (k <= 4701275))
	  ->  Bitmap Index Scan on k_8  (cost=0.00..5.47 rows=104 width=0)
	        Index Cond: ((k >= 4701175) AND (k <= 4701275))

for range-notcovered
table 1 : explain SELECT k, c FROM sbtest1 WHERE k BETWEEN 6393796 AND 6393896
	Bitmap Heap Scan on sbtest1  (cost=5.53..428.75 rows=107 width=125)
	  Recheck Cond: ((k >= 6393796) AND (k <= 6393896))
	  ->  Bitmap Index Scan on k_1  (cost=0.00..5.50 rows=107 width=0)
	        Index Cond: ((k >= 6393796) AND (k <= 6393896))

table 2 : explain SELECT k, c FROM sbtest2 WHERE k BETWEEN 6393796 AND 6393896
	Bitmap Heap Scan on sbtest2  (cost=5.55..436.62 rows=109 width=125)
	  Recheck Cond: ((k >= 6393796) AND (k <= 6393896))
	  ->  Bitmap Index Scan on k_2  (cost=0.00..5.52 rows=109 width=0)
	        Index Cond: ((k >= 6393796) AND (k <= 6393896))

table 3 : explain SELECT k, c FROM sbtest3 WHERE k BETWEEN 6393796 AND 6393896
	Bitmap Heap Scan on sbtest3  (cost=5.41..381.49 rows=95 width=125)
	  Recheck Cond: ((k >= 6393796) AND (k <= 6393896))
	  ->  Bitmap Index Scan on k_3  (cost=0.00..5.38 rows=95 width=0)
	        Index Cond: ((k >= 6393796) AND (k <= 6393896))

table 4 : explain SELECT k, c FROM sbtest4 WHERE k BETWEEN 6393796 AND 6393896
	Bitmap Heap Scan on sbtest4  (cost=5.54..432.69 rows=108 width=125)
	  Recheck Cond: ((k >= 6393796) AND (k <= 6393896))
	  ->  Bitmap Index Scan on k_4  (cost=0.00..5.51 rows=108 width=0)
	        Index Cond: ((k >= 6393796) AND (k <= 6393896))

table 5 : explain SELECT k, c FROM sbtest5 WHERE k BETWEEN 6393796 AND 6393896
	Bitmap Heap Scan on sbtest5  (cost=5.46..401.19 rows=100 width=125)
	  Recheck Cond: ((k >= 6393796) AND (k <= 6393896))
	  ->  Bitmap Index Scan on k_5  (cost=0.00..5.43 rows=100 width=0)
	        Index Cond: ((k >= 6393796) AND (k <= 6393896))

table 6 : explain SELECT k, c FROM sbtest6 WHERE k BETWEEN 6393796 AND 6393896
	Bitmap Heap Scan on sbtest6  (cost=5.58..448.42 rows=112 width=125)
	  Recheck Cond: ((k >= 6393796) AND (k <= 6393896))
	  ->  Bitmap Index Scan on k_6  (cost=0.00..5.55 rows=112 width=0)
	        Index Cond: ((k >= 6393796) AND (k <= 6393896))

table 7 : explain SELECT k, c FROM sbtest7 WHERE k BETWEEN 6393796 AND 6393896
	Bitmap Heap Scan on sbtest7  (cost=5.45..397.25 rows=99 width=125)
	  Recheck Cond: ((k >= 6393796) AND (k <= 6393896))
	  ->  Bitmap Index Scan on k_7  (cost=0.00..5.42 rows=99 width=0)
	        Index Cond: ((k >= 6393796) AND (k <= 6393896))

table 8 : explain SELECT k, c FROM sbtest8 WHERE k BETWEEN 6393796 AND 6393896
	Bitmap Heap Scan on sbtest8  (cost=5.51..420.88 rows=105 width=125)
	  Recheck Cond: ((k >= 6393796) AND (k <= 6393896))
	  ->  Bitmap Index Scan on k_8  (cost=0.00..5.48 rows=105 width=0)
	        Index Cond: ((k >= 6393796) AND (k <= 6393896))

for range-notcovered
table 1 : explain SELECT k, c FROM sbtest1 WHERE k BETWEEN 2829743 AND 2829843
	Bitmap Heap Scan on sbtest1  (cost=5.45..397.25 rows=99 width=125)
	  Recheck Cond: ((k >= 2829743) AND (k <= 2829843))
	  ->  Bitmap Index Scan on k_1  (cost=0.00..5.42 rows=99 width=0)
	        Index Cond: ((k >= 2829743) AND (k <= 2829843))

table 2 : explain SELECT k, c FROM sbtest2 WHERE k BETWEEN 2829743 AND 2829843
	Bitmap Heap Scan on sbtest2  (cost=5.44..393.31 rows=98 width=125)
	  Recheck Cond: ((k >= 2829743) AND (k <= 2829843))
	  ->  Bitmap Index Scan on k_2  (cost=0.00..5.42 rows=98 width=0)
	        Index Cond: ((k >= 2829743) AND (k <= 2829843))

table 3 : explain SELECT k, c FROM sbtest3 WHERE k BETWEEN 2829743 AND 2829843
	Bitmap Heap Scan on sbtest3  (cost=5.47..405.13 rows=101 width=125)
	  Recheck Cond: ((k >= 2829743) AND (k <= 2829843))
	  ->  Bitmap Index Scan on k_3  (cost=0.00..5.44 rows=101 width=0)
	        Index Cond: ((k >= 2829743) AND (k <= 2829843))

table 4 : explain SELECT k, c FROM sbtest4 WHERE k BETWEEN 2829743 AND 2829843
	Bitmap Heap Scan on sbtest4  (cost=5.45..397.25 rows=99 width=125)
	  Recheck Cond: ((k >= 2829743) AND (k <= 2829843))
	  ->  Bitmap Index Scan on k_4  (cost=0.00..5.42 rows=99 width=0)
	        Index Cond: ((k >= 2829743) AND (k <= 2829843))

table 5 : explain SELECT k, c FROM sbtest5 WHERE k BETWEEN 2829743 AND 2829843
	Bitmap Heap Scan on sbtest5  (cost=5.38..369.67 rows=92 width=125)
	  Recheck Cond: ((k >= 2829743) AND (k <= 2829843))
	  ->  Bitmap Index Scan on k_5  (cost=0.00..5.35 rows=92 width=0)
	        Index Cond: ((k >= 2829743) AND (k <= 2829843))

table 6 : explain SELECT k, c FROM sbtest6 WHERE k BETWEEN 2829743 AND 2829843
	Bitmap Heap Scan on sbtest6  (cost=5.49..413.00 rows=103 width=125)
	  Recheck Cond: ((k >= 2829743) AND (k <= 2829843))
	  ->  Bitmap Index Scan on k_6  (cost=0.00..5.46 rows=103 width=0)
	        Index Cond: ((k >= 2829743) AND (k <= 2829843))

table 7 : explain SELECT k, c FROM sbtest7 WHERE k BETWEEN 2829743 AND 2829843
	Bitmap Heap Scan on sbtest7  (cost=5.51..420.88 rows=105 width=125)
	  Recheck Cond: ((k >= 2829743) AND (k <= 2829843))
	  ->  Bitmap Index Scan on k_7  (cost=0.00..5.48 rows=105 width=0)
	        Index Cond: ((k >= 2829743) AND (k <= 2829843))

table 8 : explain SELECT k, c FROM sbtest8 WHERE k BETWEEN 2829743 AND 2829843
	Bitmap Heap Scan on sbtest8  (cost=5.52..424.81 rows=106 width=125)
	  Recheck Cond: ((k >= 2829743) AND (k <= 2829843))
	  ->  Bitmap Index Scan on k_8  (cost=0.00..5.50 rows=106 width=0)
	        Index Cond: ((k >= 2829743) AND (k <= 2829843))

explain: for range-notcovered :: explain SELECT k, c FROM sbtest%d WHERE k BETWEEN 6393796 AND 6393896
explain: for range-notcovered :: explain SELECT k, c FROM sbtest%d WHERE k BETWEEN 2829743 AND 2829843
for range-notcovered
table 1 : explain SELECT k, c FROM sbtest1 WHERE k BETWEEN 4737643 AND 4737743
	Bitmap Heap Scan on sbtest1  (cost=5.51..420.88 rows=105 width=125)
	  Recheck Cond: ((k >= 4737643) AND (k <= 4737743))
	  ->  Bitmap Index Scan on k_1  (cost=0.00..5.48 rows=105 width=0)
	        Index Cond: ((k >= 4737643) AND (k <= 4737743))

table 2 : explain SELECT k, c FROM sbtest2 WHERE k BETWEEN 4737643 AND 4737743
	Bitmap Heap Scan on sbtest2  (cost=5.48..409.07 rows=102 width=125)
	  Recheck Cond: ((k >= 4737643) AND (k <= 4737743))
	  ->  Bitmap Index Scan on k_2  (cost=0.00..5.45 rows=102 width=0)
	        Index Cond: ((k >= 4737643) AND (k <= 4737743))

table 3 : explain SELECT k, c FROM sbtest3 WHERE k BETWEEN 4737643 AND 4737743
	Bitmap Heap Scan on sbtest3  (cost=5.50..416.94 rows=104 width=125)
	  Recheck Cond: ((k >= 4737643) AND (k <= 4737743))
	  ->  Bitmap Index Scan on k_3  (cost=0.00..5.47 rows=104 width=0)
	        Index Cond: ((k >= 4737643) AND (k <= 4737743))

table 4 : explain SELECT k, c FROM sbtest4 WHERE k BETWEEN 4737643 AND 4737743
	Bitmap Heap Scan on sbtest4  (cost=5.54..432.69 rows=108 width=125)
	  Recheck Cond: ((k >= 4737643) AND (k <= 4737743))
	  ->  Bitmap Index Scan on k_4  (cost=0.00..5.51 rows=108 width=0)
	        Index Cond: ((k >= 4737643) AND (k <= 4737743))

table 5 : explain SELECT k, c FROM sbtest5 WHERE k BETWEEN 4737643 AND 4737743
	Bitmap Heap Scan on sbtest5  (cost=5.46..401.19 rows=100 width=125)
	  Recheck Cond: ((k >= 4737643) AND (k <= 4737743))
	  ->  Bitmap Index Scan on k_5  (cost=0.00..5.43 rows=100 width=0)
	        Index Cond: ((k >= 4737643) AND (k <= 4737743))

table 6 : explain SELECT k, c FROM sbtest6 WHERE k BETWEEN 4737643 AND 4737743
	Bitmap Heap Scan on sbtest6  (cost=5.45..397.25 rows=99 width=125)
	  Recheck Cond: ((k >= 4737643) AND (k <= 4737743))
	  ->  Bitmap Index Scan on k_6  (cost=0.00..5.42 rows=99 width=0)
	        Index Cond: ((k >= 4737643) AND (k <= 4737743))

table 7 : explain SELECT k, c FROM sbtest7 WHERE k BETWEEN 4737643 AND 4737743
	Bitmap Heap Scan on sbtest7  (cost=5.44..393.31 rows=98 width=125)
	  Recheck Cond: ((k >= 4737643) AND (k <= 4737743))
	  ->  Bitmap Index Scan on k_7  (cost=0.00..5.42 rows=98 width=0)
	        Index Cond: ((k >= 4737643) AND (k <= 4737743))

table 8 : explain SELECT k, c FROM sbtest8 WHERE k BETWEEN 4737643 AND 4737743
	Bitmap Heap Scan on sbtest8  (cost=5.50..416.94 rows=104 width=125)
	  Recheck Cond: ((k >= 4737643) AND (k <= 4737743))
	  ->  Bitmap Index Scan on k_8  (cost=0.00..5.47 rows=104 width=0)
	        Index Cond: ((k >= 4737643) AND (k <= 4737743))

explain: for range-notcovered :: explain SELECT k, c FROM sbtest%d WHERE k BETWEEN 6130728 AND 6130828
for range-notcovered
table 1 : explain SELECT k, c FROM sbtest1 WHERE k BETWEEN 6393796 AND 6393896
	Bitmap Heap Scan on sbtest1  (cost=5.53..428.75 rows=107 width=125)
	  Recheck Cond: ((k >= 6393796) AND (k <= 6393896))
	  ->  Bitmap Index Scan on k_1  (cost=0.00..5.50 rows=107 width=0)
	        Index Cond: ((k >= 6393796) AND (k <= 6393896))

table 2 : explain SELECT k, c FROM sbtest2 WHERE k BETWEEN 6393796 AND 6393896
	Bitmap Heap Scan on sbtest2  (cost=5.55..436.62 rows=109 width=125)
	  Recheck Cond: ((k >= 6393796) AND (k <= 6393896))
	  ->  Bitmap Index Scan on k_2  (cost=0.00..5.52 rows=109 width=0)
	        Index Cond: ((k >= 6393796) AND (k <= 6393896))

table 3 : explain SELECT k, c FROM sbtest3 WHERE k BETWEEN 6393796 AND 6393896
	Bitmap Heap Scan on sbtest3  (cost=5.41..381.49 rows=95 width=125)
	  Recheck Cond: ((k >= 6393796) AND (k <= 6393896))
	  ->  Bitmap Index Scan on k_3  (cost=0.00..5.38 rows=95 width=0)
	        Index Cond: ((k >= 6393796) AND (k <= 6393896))

table 4 : explain SELECT k, c FROM sbtest4 WHERE k BETWEEN 6393796 AND 6393896
	Bitmap Heap Scan on sbtest4  (cost=5.54..432.69 rows=108 width=125)
	  Recheck Cond: ((k >= 6393796) AND (k <= 6393896))
	  ->  Bitmap Index Scan on k_4  (cost=0.00..5.51 rows=108 width=0)
	        Index Cond: ((k >= 6393796) AND (k <= 6393896))

table 5 : explain SELECT k, c FROM sbtest5 WHERE k BETWEEN 6393796 AND 6393896
	Bitmap Heap Scan on sbtest5  (cost=5.46..401.19 rows=100 width=125)
	  Recheck Cond: ((k >= 6393796) AND (k <= 6393896))
	  ->  Bitmap Index Scan on k_5  (cost=0.00..5.43 rows=100 width=0)
	        Index Cond: ((k >= 6393796) AND (k <= 6393896))

table 6 : explain SELECT k, c FROM sbtest6 WHERE k BETWEEN 6393796 AND 6393896
	Bitmap Heap Scan on sbtest6  (cost=5.58..448.42 rows=112 width=125)
	  Recheck Cond: ((k >= 6393796) AND (k <= 6393896))
	  ->  Bitmap Index Scan on k_6  (cost=0.00..5.55 rows=112 width=0)
	        Index Cond: ((k >= 6393796) AND (k <= 6393896))

table 7 : explain SELECT k, c FROM sbtest7 WHERE k BETWEEN 6393796 AND 6393896
	Bitmap Heap Scan on sbtest7  (cost=5.45..397.25 rows=99 width=125)
	  Recheck Cond: ((k >= 6393796) AND (k <= 6393896))
	  ->  Bitmap Index Scan on k_7  (cost=0.00..5.42 rows=99 width=0)
	        Index Cond: ((k >= 6393796) AND (k <= 6393896))

table 8 : explain SELECT k, c FROM sbtest8 WHERE k BETWEEN 6393796 AND 6393896
	Bitmap Heap Scan on sbtest8  (cost=5.51..420.88 rows=105 width=125)
	  Recheck Cond: ((k >= 6393796) AND (k <= 6393896))
	  ->  Bitmap Index Scan on k_8  (cost=0.00..5.48 rows=105 width=0)
	        Index Cond: ((k >= 6393796) AND (k <= 6393896))

for range-notcovered
table 1 : explain SELECT k, c FROM sbtest1 WHERE k BETWEEN 2829743 AND 2829843
	Bitmap Heap Scan on sbtest1  (cost=5.45..397.25 rows=99 width=125)
	  Recheck Cond: ((k >= 2829743) AND (k <= 2829843))
	  ->  Bitmap Index Scan on k_1  (cost=0.00..5.42 rows=99 width=0)
	        Index Cond: ((k >= 2829743) AND (k <= 2829843))

table 2 : explain SELECT k, c FROM sbtest2 WHERE k BETWEEN 2829743 AND 2829843
	Bitmap Heap Scan on sbtest2  (cost=5.44..393.31 rows=98 width=125)
	  Recheck Cond: ((k >= 2829743) AND (k <= 2829843))
	  ->  Bitmap Index Scan on k_2  (cost=0.00..5.42 rows=98 width=0)
	        Index Cond: ((k >= 2829743) AND (k <= 2829843))

table 3 : explain SELECT k, c FROM sbtest3 WHERE k BETWEEN 2829743 AND 2829843
	Bitmap Heap Scan on sbtest3  (cost=5.47..405.13 rows=101 width=125)
	  Recheck Cond: ((k >= 2829743) AND (k <= 2829843))
	  ->  Bitmap Index Scan on k_3  (cost=0.00..5.44 rows=101 width=0)
	        Index Cond: ((k >= 2829743) AND (k <= 2829843))

table 4 : explain SELECT k, c FROM sbtest4 WHERE k BETWEEN 2829743 AND 2829843
	Bitmap Heap Scan on sbtest4  (cost=5.45..397.25 rows=99 width=125)
	  Recheck Cond: ((k >= 2829743) AND (k <= 2829843))
	  ->  Bitmap Index Scan on k_4  (cost=0.00..5.42 rows=99 width=0)
	        Index Cond: ((k >= 2829743) AND (k <= 2829843))

table 5 : explain SELECT k, c FROM sbtest5 WHERE k BETWEEN 2829743 AND 2829843
	Bitmap Heap Scan on sbtest5  (cost=5.38..369.67 rows=92 width=125)
	  Recheck Cond: ((k >= 2829743) AND (k <= 2829843))
	  ->  Bitmap Index Scan on k_5  (cost=0.00..5.35 rows=92 width=0)
	        Index Cond: ((k >= 2829743) AND (k <= 2829843))

table 6 : explain SELECT k, c FROM sbtest6 WHERE k BETWEEN 2829743 AND 2829843
	Bitmap Heap Scan on sbtest6  (cost=5.49..413.00 rows=103 width=125)
	  Recheck Cond: ((k >= 2829743) AND (k <= 2829843))
	  ->  Bitmap Index Scan on k_6  (cost=0.00..5.46 rows=103 width=0)
	        Index Cond: ((k >= 2829743) AND (k <= 2829843))

table 7 : explain SELECT k, c FROM sbtest7 WHERE k BETWEEN 2829743 AND 2829843
	Bitmap Heap Scan on sbtest7  (cost=5.51..420.88 rows=105 width=125)
	  Recheck Cond: ((k >= 2829743) AND (k <= 2829843))
	  ->  Bitmap Index Scan on k_7  (cost=0.00..5.48 rows=105 width=0)
	        Index Cond: ((k >= 2829743) AND (k <= 2829843))

table 8 : explain SELECT k, c FROM sbtest8 WHERE k BETWEEN 2829743 AND 2829843
	Bitmap Heap Scan on sbtest8  (cost=5.52..424.81 rows=106 width=125)
	  Recheck Cond: ((k >= 2829743) AND (k <= 2829843))
	  ->  Bitmap Index Scan on k_8  (cost=0.00..5.50 rows=106 width=0)
	        Index Cond: ((k >= 2829743) AND (k <= 2829843))

explain: for range-notcovered :: explain SELECT k, c FROM sbtest%d WHERE k BETWEEN 6393796 AND 6393896
explain: for range-notcovered :: explain SELECT k, c FROM sbtest%d WHERE k BETWEEN 4737643 AND 4737743
explain: for range-notcovered :: explain SELECT k, c FROM sbtest%d WHERE k BETWEEN 2829743 AND 2829843
for range-notcovered
table 1 : explain SELECT k, c FROM sbtest1 WHERE k BETWEEN 6393796 AND 6393896
	Bitmap Heap Scan on sbtest1  (cost=5.53..428.75 rows=107 width=125)
	  Recheck Cond: ((k >= 6393796) AND (k <= 6393896))
	  ->  Bitmap Index Scan on k_1  (cost=0.00..5.50 rows=107 width=0)
	        Index Cond: ((k >= 6393796) AND (k <= 6393896))

table 2 : explain SELECT k, c FROM sbtest2 WHERE k BETWEEN 6393796 AND 6393896
	Bitmap Heap Scan on sbtest2  (cost=5.55..436.62 rows=109 width=125)
	  Recheck Cond: ((k >= 6393796) AND (k <= 6393896))
	  ->  Bitmap Index Scan on k_2  (cost=0.00..5.52 rows=109 width=0)
	        Index Cond: ((k >= 6393796) AND (k <= 6393896))

table 3 : explain SELECT k, c FROM sbtest3 WHERE k BETWEEN 6393796 AND 6393896
	Bitmap Heap Scan on sbtest3  (cost=5.41..381.49 rows=95 width=125)
	  Recheck Cond: ((k >= 6393796) AND (k <= 6393896))
	  ->  Bitmap Index Scan on k_3  (cost=0.00..5.38 rows=95 width=0)
	        Index Cond: ((k >= 6393796) AND (k <= 6393896))

table 4 : explain SELECT k, c FROM sbtest4 WHERE k BETWEEN 6393796 AND 6393896
	Bitmap Heap Scan on sbtest4  (cost=5.54..432.69 rows=108 width=125)
	  Recheck Cond: ((k >= 6393796) AND (k <= 6393896))
	  ->  Bitmap Index Scan on k_4  (cost=0.00..5.51 rows=108 width=0)
	        Index Cond: ((k >= 6393796) AND (k <= 6393896))

table 5 : explain SELECT k, c FROM sbtest5 WHERE k BETWEEN 6393796 AND 6393896
	Bitmap Heap Scan on sbtest5  (cost=5.46..401.19 rows=100 width=125)
	  Recheck Cond: ((k >= 6393796) AND (k <= 6393896))
	  ->  Bitmap Index Scan on k_5  (cost=0.00..5.43 rows=100 width=0)
	        Index Cond: ((k >= 6393796) AND (k <= 6393896))

table 6 : explain SELECT k, c FROM sbtest6 WHERE k BETWEEN 6393796 AND 6393896
	Bitmap Heap Scan on sbtest6  (cost=5.58..448.42 rows=112 width=125)
	  Recheck Cond: ((k >= 6393796) AND (k <= 6393896))
	  ->  Bitmap Index Scan on k_6  (cost=0.00..5.55 rows=112 width=0)
	        Index Cond: ((k >= 6393796) AND (k <= 6393896))

table 7 : explain SELECT k, c FROM sbtest7 WHERE k BETWEEN 6393796 AND 6393896
	Bitmap Heap Scan on sbtest7  (cost=5.45..397.25 rows=99 width=125)
	  Recheck Cond: ((k >= 6393796) AND (k <= 6393896))
	  ->  Bitmap Index Scan on k_7  (cost=0.00..5.42 rows=99 width=0)
	        Index Cond: ((k >= 6393796) AND (k <= 6393896))

table 8 : explain SELECT k, c FROM sbtest8 WHERE k BETWEEN 6393796 AND 6393896
	Bitmap Heap Scan on sbtest8  (cost=5.51..420.88 rows=105 width=125)
	  Recheck Cond: ((k >= 6393796) AND (k <= 6393896))
	  ->  Bitmap Index Scan on k_8  (cost=0.00..5.48 rows=105 width=0)
	        Index Cond: ((k >= 6393796) AND (k <= 6393896))

for range-notcovered
table 1 : explain SELECT k, c FROM sbtest1 WHERE k BETWEEN 2829743 AND 2829843
	Bitmap Heap Scan on sbtest1  (cost=5.45..397.25 rows=99 width=125)
	  Recheck Cond: ((k >= 2829743) AND (k <= 2829843))
	  ->  Bitmap Index Scan on k_1  (cost=0.00..5.42 rows=99 width=0)
	        Index Cond: ((k >= 2829743) AND (k <= 2829843))

table 2 : explain SELECT k, c FROM sbtest2 WHERE k BETWEEN 2829743 AND 2829843
	Bitmap Heap Scan on sbtest2  (cost=5.44..393.31 rows=98 width=125)
	  Recheck Cond: ((k >= 2829743) AND (k <= 2829843))
	  ->  Bitmap Index Scan on k_2  (cost=0.00..5.42 rows=98 width=0)
	        Index Cond: ((k >= 2829743) AND (k <= 2829843))

table 3 : explain SELECT k, c FROM sbtest3 WHERE k BETWEEN 2829743 AND 2829843
	Bitmap Heap Scan on sbtest3  (cost=5.47..405.13 rows=101 width=125)
	  Recheck Cond: ((k >= 2829743) AND (k <= 2829843))
	  ->  Bitmap Index Scan on k_3  (cost=0.00..5.44 rows=101 width=0)
	        Index Cond: ((k >= 2829743) AND (k <= 2829843))

table 4 : explain SELECT k, c FROM sbtest4 WHERE k BETWEEN 2829743 AND 2829843
	Bitmap Heap Scan on sbtest4  (cost=5.45..397.25 rows=99 width=125)
	  Recheck Cond: ((k >= 2829743) AND (k <= 2829843))
	  ->  Bitmap Index Scan on k_4  (cost=0.00..5.42 rows=99 width=0)
	        Index Cond: ((k >= 2829743) AND (k <= 2829843))

table 5 : explain SELECT k, c FROM sbtest5 WHERE k BETWEEN 2829743 AND 2829843
	Bitmap Heap Scan on sbtest5  (cost=5.38..369.67 rows=92 width=125)
	  Recheck Cond: ((k >= 2829743) AND (k <= 2829843))
	  ->  Bitmap Index Scan on k_5  (cost=0.00..5.35 rows=92 width=0)
	        Index Cond: ((k >= 2829743) AND (k <= 2829843))

table 6 : explain SELECT k, c FROM sbtest6 WHERE k BETWEEN 2829743 AND 2829843
	Bitmap Heap Scan on sbtest6  (cost=5.49..413.00 rows=103 width=125)
	  Recheck Cond: ((k >= 2829743) AND (k <= 2829843))
	  ->  Bitmap Index Scan on k_6  (cost=0.00..5.46 rows=103 width=0)
	        Index Cond: ((k >= 2829743) AND (k <= 2829843))

table 7 : explain SELECT k, c FROM sbtest7 WHERE k BETWEEN 2829743 AND 2829843
	Bitmap Heap Scan on sbtest7  (cost=5.51..420.88 rows=105 width=125)
	  Recheck Cond: ((k >= 2829743) AND (k <= 2829843))
	  ->  Bitmap Index Scan on k_7  (cost=0.00..5.48 rows=105 width=0)
	        Index Cond: ((k >= 2829743) AND (k <= 2829843))

table 8 : explain SELECT k, c FROM sbtest8 WHERE k BETWEEN 2829743 AND 2829843
	Bitmap Heap Scan on sbtest8  (cost=5.52..424.81 rows=106 width=125)
	  Recheck Cond: ((k >= 2829743) AND (k <= 2829843))
	  ->  Bitmap Index Scan on k_8  (cost=0.00..5.50 rows=106 width=0)
	        Index Cond: ((k >= 2829743) AND (k <= 2829843))

explain: for range-notcovered :: explain SELECT k, c FROM sbtest%d WHERE k BETWEEN 4701175 AND 4701275
for range-notcovered
table 1 : explain SELECT k, c FROM sbtest1 WHERE k BETWEEN 4162706 AND 4162806
	Bitmap Heap Scan on sbtest1  (cost=5.50..416.94 rows=104 width=125)
	  Recheck Cond: ((k >= 4162706) AND (k <= 4162806))
	  ->  Bitmap Index Scan on k_1  (cost=0.00..5.47 rows=104 width=0)
	        Index Cond: ((k >= 4162706) AND (k <= 4162806))

table 2 : explain SELECT k, c FROM sbtest2 WHERE k BETWEEN 4162706 AND 4162806
	Bitmap Heap Scan on sbtest2  (cost=5.63..468.09 rows=117 width=125)
	  Recheck Cond: ((k >= 4162706) AND (k <= 4162806))
	  ->  Bitmap Index Scan on k_2  (cost=0.00..5.60 rows=117 width=0)
	        Index Cond: ((k >= 4162706) AND (k <= 4162806))

table 3 : explain SELECT k, c FROM sbtest3 WHERE k BETWEEN 4162706 AND 4162806
	Bitmap Heap Scan on sbtest3  (cost=5.45..397.25 rows=99 width=125)
	  Recheck Cond: ((k >= 4162706) AND (k <= 4162806))
	  ->  Bitmap Index Scan on k_3  (cost=0.00..5.42 rows=99 width=0)
	        Index Cond: ((k >= 4162706) AND (k <= 4162806))

table 4 : explain SELECT k, c FROM sbtest4 WHERE k BETWEEN 4162706 AND 4162806
	Bitmap Heap Scan on sbtest4  (cost=5.38..369.67 rows=92 width=125)
	  Recheck Cond: ((k >= 4162706) AND (k <= 4162806))
	  ->  Bitmap Index Scan on k_4  (cost=0.00..5.35 rows=92 width=0)
	        Index Cond: ((k >= 4162706) AND (k <= 4162806))

table 5 : explain SELECT k, c FROM sbtest5 WHERE k BETWEEN 4162706 AND 4162806
	Bitmap Heap Scan on sbtest5  (cost=5.50..416.94 rows=104 width=125)
	  Recheck Cond: ((k >= 4162706) AND (k <= 4162806))
	  ->  Bitmap Index Scan on k_5  (cost=0.00..5.47 rows=104 width=0)
	        Index Cond: ((k >= 4162706) AND (k <= 4162806))

table 6 : explain SELECT k, c FROM sbtest6 WHERE k BETWEEN 4162706 AND 4162806
	Bitmap Heap Scan on sbtest6  (cost=5.43..389.37 rows=97 width=125)
	  Recheck Cond: ((k >= 4162706) AND (k <= 4162806))
	  ->  Bitmap Index Scan on k_6  (cost=0.00..5.40 rows=97 width=0)
	        Index Cond: ((k >= 4162706) AND (k <= 4162806))

table 7 : explain SELECT k, c FROM sbtest7 WHERE k BETWEEN 4162706 AND 4162806
	Bitmap Heap Scan on sbtest7  (cost=5.46..401.19 rows=100 width=125)
	  Recheck Cond: ((k >= 4162706) AND (k <= 4162806))
	  ->  Bitmap Index Scan on k_7  (cost=0.00..5.43 rows=100 width=0)
	        Index Cond: ((k >= 4162706) AND (k <= 4162806))

table 8 : explain SELECT k, c FROM sbtest8 WHERE k BETWEEN 4162706 AND 4162806
	Bitmap Heap Scan on sbtest8  (cost=5.47..405.13 rows=101 width=125)
	  Recheck Cond: ((k >= 4162706) AND (k <= 4162806))
	  ->  Bitmap Index Scan on k_8  (cost=0.00..5.44 rows=101 width=0)
	        Index Cond: ((k >= 4162706) AND (k <= 4162806))

explain: for range-notcovered :: explain SELECT k, c FROM sbtest%d WHERE k BETWEEN 4162706 AND 4162806
for range-notcovered
table 1 : explain SELECT k, c FROM sbtest1 WHERE k BETWEEN 4162706 AND 4162806
	Bitmap Heap Scan on sbtest1  (cost=5.50..416.94 rows=104 width=125)
	  Recheck Cond: ((k >= 4162706) AND (k <= 4162806))
	  ->  Bitmap Index Scan on k_1  (cost=0.00..5.47 rows=104 width=0)
	        Index Cond: ((k >= 4162706) AND (k <= 4162806))

table 2 : explain SELECT k, c FROM sbtest2 WHERE k BETWEEN 4162706 AND 4162806
	Bitmap Heap Scan on sbtest2  (cost=5.63..468.09 rows=117 width=125)
	  Recheck Cond: ((k >= 4162706) AND (k <= 4162806))
	  ->  Bitmap Index Scan on k_2  (cost=0.00..5.60 rows=117 width=0)
	        Index Cond: ((k >= 4162706) AND (k <= 4162806))

table 3 : explain SELECT k, c FROM sbtest3 WHERE k BETWEEN 4162706 AND 4162806
	Bitmap Heap Scan on sbtest3  (cost=5.45..397.25 rows=99 width=125)
	  Recheck Cond: ((k >= 4162706) AND (k <= 4162806))
	  ->  Bitmap Index Scan on k_3  (cost=0.00..5.42 rows=99 width=0)
	        Index Cond: ((k >= 4162706) AND (k <= 4162806))

table 4 : explain SELECT k, c FROM sbtest4 WHERE k BETWEEN 4162706 AND 4162806
	Bitmap Heap Scan on sbtest4  (cost=5.38..369.67 rows=92 width=125)
	  Recheck Cond: ((k >= 4162706) AND (k <= 4162806))
	  ->  Bitmap Index Scan on k_4  (cost=0.00..5.35 rows=92 width=0)
	        Index Cond: ((k >= 4162706) AND (k <= 4162806))

table 5 : explain SELECT k, c FROM sbtest5 WHERE k BETWEEN 4162706 AND 4162806
	Bitmap Heap Scan on sbtest5  (cost=5.50..416.94 rows=104 width=125)
	  Recheck Cond: ((k >= 4162706) AND (k <= 4162806))
	  ->  Bitmap Index Scan on k_5  (cost=0.00..5.47 rows=104 width=0)
	        Index Cond: ((k >= 4162706) AND (k <= 4162806))

table 6 : explain SELECT k, c FROM sbtest6 WHERE k BETWEEN 4162706 AND 4162806
	Bitmap Heap Scan on sbtest6  (cost=5.43..389.37 rows=97 width=125)
	  Recheck Cond: ((k >= 4162706) AND (k <= 4162806))
	  ->  Bitmap Index Scan on k_6  (cost=0.00..5.40 rows=97 width=0)
	        Index Cond: ((k >= 4162706) AND (k <= 4162806))

table 7 : explain SELECT k, c FROM sbtest7 WHERE k BETWEEN 4162706 AND 4162806
	Bitmap Heap Scan on sbtest7  (cost=5.46..401.19 rows=100 width=125)
	  Recheck Cond: ((k >= 4162706) AND (k <= 4162806))
	  ->  Bitmap Index Scan on k_7  (cost=0.00..5.43 rows=100 width=0)
	        Index Cond: ((k >= 4162706) AND (k <= 4162806))

table 8 : explain SELECT k, c FROM sbtest8 WHERE k BETWEEN 4162706 AND 4162806
	Bitmap Heap Scan on sbtest8  (cost=5.47..405.13 rows=101 width=125)
	  Recheck Cond: ((k >= 4162706) AND (k <= 4162806))
	  ->  Bitmap Index Scan on k_8  (cost=0.00..5.44 rows=101 width=0)
	        Index Cond: ((k >= 4162706) AND (k <= 4162806))

explain: for range-notcovered :: explain SELECT k, c FROM sbtest%d WHERE k BETWEEN 4162706 AND 4162806
for range-notcovered
table 1 : explain SELECT k, c FROM sbtest1 WHERE k BETWEEN 3201300 AND 3201400
	Bitmap Heap Scan on sbtest1  (cost=5.55..436.62 rows=109 width=125)
	  Recheck Cond: ((k >= 3201300) AND (k <= 3201400))
	  ->  Bitmap Index Scan on k_1  (cost=0.00..5.52 rows=109 width=0)
	        Index Cond: ((k >= 3201300) AND (k <= 3201400))

table 2 : explain SELECT k, c FROM sbtest2 WHERE k BETWEEN 3201300 AND 3201400
	Bitmap Heap Scan on sbtest2  (cost=5.50..416.94 rows=104 width=125)
	  Recheck Cond: ((k >= 3201300) AND (k <= 3201400))
	  ->  Bitmap Index Scan on k_2  (cost=0.00..5.47 rows=104 width=0)
	        Index Cond: ((k >= 3201300) AND (k <= 3201400))

table 3 : explain SELECT k, c FROM sbtest3 WHERE k BETWEEN 3201300 AND 3201400
	Bitmap Heap Scan on sbtest3  (cost=5.48..409.07 rows=102 width=125)
	  Recheck Cond: ((k >= 3201300) AND (k <= 3201400))
	  ->  Bitmap Index Scan on k_3  (cost=0.00..5.45 rows=102 width=0)
	        Index Cond: ((k >= 3201300) AND (k <= 3201400))

table 4 : explain SELECT k, c FROM sbtest4 WHERE k BETWEEN 3201300 AND 3201400
	Bitmap Heap Scan on sbtest4  (cost=5.39..373.61 rows=93 width=125)
	  Recheck Cond: ((k >= 3201300) AND (k <= 3201400))
	  ->  Bitmap Index Scan on k_4  (cost=0.00..5.36 rows=93 width=0)
	        Index Cond: ((k >= 3201300) AND (k <= 3201400))

table 5 : explain SELECT k, c FROM sbtest5 WHERE k BETWEEN 3201300 AND 3201400
	Bitmap Heap Scan on sbtest5  (cost=5.51..420.88 rows=105 width=125)
	  Recheck Cond: ((k >= 3201300) AND (k <= 3201400))
	  ->  Bitmap Index Scan on k_5  (cost=0.00..5.48 rows=105 width=0)
	        Index Cond: ((k >= 3201300) AND (k <= 3201400))

table 6 : explain SELECT k, c FROM sbtest6 WHERE k BETWEEN 3201300 AND 3201400
	Bitmap Heap Scan on sbtest6  (cost=5.45..397.25 rows=99 width=125)
	  Recheck Cond: ((k >= 3201300) AND (k <= 3201400))
	  ->  Bitmap Index Scan on k_6  (cost=0.00..5.42 rows=99 width=0)
	        Index Cond: ((k >= 3201300) AND (k <= 3201400))

table 7 : explain SELECT k, c FROM sbtest7 WHERE k BETWEEN 3201300 AND 3201400
	Bitmap Heap Scan on sbtest7  (cost=5.53..428.75 rows=107 width=125)
	  Recheck Cond: ((k >= 3201300) AND (k <= 3201400))
	  ->  Bitmap Index Scan on k_7  (cost=0.00..5.50 rows=107 width=0)
	        Index Cond: ((k >= 3201300) AND (k <= 3201400))

table 8 : explain SELECT k, c FROM sbtest8 WHERE k BETWEEN 3201300 AND 3201400
	Bitmap Heap Scan on sbtest8  (cost=5.42..385.43 rows=96 width=125)
	  Recheck Cond: ((k >= 3201300) AND (k <= 3201400))
	  ->  Bitmap Index Scan on k_8  (cost=0.00..5.39 rows=96 width=0)
	        Index Cond: ((k >= 3201300) AND (k <= 3201400))

for range-notcovered
table 1 : explain SELECT k, c FROM sbtest1 WHERE k BETWEEN 4701175 AND 4701275
	Bitmap Heap Scan on sbtest1  (cost=5.44..393.31 rows=98 width=125)
	  Recheck Cond: ((k >= 4701175) AND (k <= 4701275))
	  ->  Bitmap Index Scan on k_1  (cost=0.00..5.42 rows=98 width=0)
	        Index Cond: ((k >= 4701175) AND (k <= 4701275))

table 2 : explain SELECT k, c FROM sbtest2 WHERE k BETWEEN 4701175 AND 4701275
	Bitmap Heap Scan on sbtest2  (cost=5.56..440.56 rows=110 width=125)
	  Recheck Cond: ((k >= 4701175) AND (k <= 4701275))
	  ->  Bitmap Index Scan on k_2  (cost=0.00..5.53 rows=110 width=0)
	        Index Cond: ((k >= 4701175) AND (k <= 4701275))

table 3 : explain SELECT k, c FROM sbtest3 WHERE k BETWEEN 4701175 AND 4701275
	Bitmap Heap Scan on sbtest3  (cost=5.50..416.94 rows=104 width=125)
	  Recheck Cond: ((k >= 4701175) AND (k <= 4701275))
	  ->  Bitmap Index Scan on k_3  (cost=0.00..5.47 rows=104 width=0)
	        Index Cond: ((k >= 4701175) AND (k <= 4701275))

table 4 : explain SELECT k, c FROM sbtest4 WHERE k BETWEEN 4701175 AND 4701275
	Bitmap Heap Scan on sbtest4  (cost=5.44..393.31 rows=98 width=125)
	  Recheck Cond: ((k >= 4701175) AND (k <= 4701275))
	  ->  Bitmap Index Scan on k_4  (cost=0.00..5.42 rows=98 width=0)
	        Index Cond: ((k >= 4701175) AND (k <= 4701275))

table 5 : explain SELECT k, c FROM sbtest5 WHERE k BETWEEN 4701175 AND 4701275
	Bitmap Heap Scan on sbtest5  (cost=5.46..401.19 rows=100 width=125)
	  Recheck Cond: ((k >= 4701175) AND (k <= 4701275))
	  ->  Bitmap Index Scan on k_5  (cost=0.00..5.43 rows=100 width=0)
	        Index Cond: ((k >= 4701175) AND (k <= 4701275))

table 6 : explain SELECT k, c FROM sbtest6 WHERE k BETWEEN 4701175 AND 4701275
	Bitmap Heap Scan on sbtest6  (cost=5.50..416.94 rows=104 width=125)
	  Recheck Cond: ((k >= 4701175) AND (k <= 4701275))
	  ->  Bitmap Index Scan on k_6  (cost=0.00..5.47 rows=104 width=0)
	        Index Cond: ((k >= 4701175) AND (k <= 4701275))

table 7 : explain SELECT k, c FROM sbtest7 WHERE k BETWEEN 4701175 AND 4701275
	Bitmap Heap Scan on sbtest7  (cost=5.50..416.94 rows=104 width=125)
	  Recheck Cond: ((k >= 4701175) AND (k <= 4701275))
	  ->  Bitmap Index Scan on k_7  (cost=0.00..5.47 rows=104 width=0)
	        Index Cond: ((k >= 4701175) AND (k <= 4701275))

table 8 : explain SELECT k, c FROM sbtest8 WHERE k BETWEEN 4701175 AND 4701275
	Bitmap Heap Scan on sbtest8  (cost=5.50..416.94 rows=104 width=125)
	  Recheck Cond: ((k >= 4701175) AND (k <= 4701275))
	  ->  Bitmap Index Scan on k_8  (cost=0.00..5.47 rows=104 width=0)
	        Index Cond: ((k >= 4701175) AND (k <= 4701275))

explain: for range-notcovered :: explain SELECT k, c FROM sbtest%d WHERE k BETWEEN 4701175 AND 4701275
for range-notcovered
table 1 : explain SELECT k, c FROM sbtest1 WHERE k BETWEEN 4162706 AND 4162806
	Bitmap Heap Scan on sbtest1  (cost=5.50..416.94 rows=104 width=125)
	  Recheck Cond: ((k >= 4162706) AND (k <= 4162806))
	  ->  Bitmap Index Scan on k_1  (cost=0.00..5.47 rows=104 width=0)
	        Index Cond: ((k >= 4162706) AND (k <= 4162806))

table 2 : explain SELECT k, c FROM sbtest2 WHERE k BETWEEN 4162706 AND 4162806
	Bitmap Heap Scan on sbtest2  (cost=5.63..468.09 rows=117 width=125)
	  Recheck Cond: ((k >= 4162706) AND (k <= 4162806))
	  ->  Bitmap Index Scan on k_2  (cost=0.00..5.60 rows=117 width=0)
	        Index Cond: ((k >= 4162706) AND (k <= 4162806))

table 3 : explain SELECT k, c FROM sbtest3 WHERE k BETWEEN 4162706 AND 4162806
	Bitmap Heap Scan on sbtest3  (cost=5.45..397.25 rows=99 width=125)
	  Recheck Cond: ((k >= 4162706) AND (k <= 4162806))
	  ->  Bitmap Index Scan on k_3  (cost=0.00..5.42 rows=99 width=0)
	        Index Cond: ((k >= 4162706) AND (k <= 4162806))

table 4 : explain SELECT k, c FROM sbtest4 WHERE k BETWEEN 4162706 AND 4162806
	Bitmap Heap Scan on sbtest4  (cost=5.38..369.67 rows=92 width=125)
	  Recheck Cond: ((k >= 4162706) AND (k <= 4162806))
	  ->  Bitmap Index Scan on k_4  (cost=0.00..5.35 rows=92 width=0)
	        Index Cond: ((k >= 4162706) AND (k <= 4162806))

table 5 : explain SELECT k, c FROM sbtest5 WHERE k BETWEEN 4162706 AND 4162806
	Bitmap Heap Scan on sbtest5  (cost=5.50..416.94 rows=104 width=125)
	  Recheck Cond: ((k >= 4162706) AND (k <= 4162806))
	  ->  Bitmap Index Scan on k_5  (cost=0.00..5.47 rows=104 width=0)
	        Index Cond: ((k >= 4162706) AND (k <= 4162806))

table 6 : explain SELECT k, c FROM sbtest6 WHERE k BETWEEN 4162706 AND 4162806
	Bitmap Heap Scan on sbtest6  (cost=5.43..389.37 rows=97 width=125)
	  Recheck Cond: ((k >= 4162706) AND (k <= 4162806))
	  ->  Bitmap Index Scan on k_6  (cost=0.00..5.40 rows=97 width=0)
	        Index Cond: ((k >= 4162706) AND (k <= 4162806))

table 7 : explain SELECT k, c FROM sbtest7 WHERE k BETWEEN 4162706 AND 4162806
	Bitmap Heap Scan on sbtest7  (cost=5.46..401.19 rows=100 width=125)
	  Recheck Cond: ((k >= 4162706) AND (k <= 4162806))
	  ->  Bitmap Index Scan on k_7  (cost=0.00..5.43 rows=100 width=0)
	        Index Cond: ((k >= 4162706) AND (k <= 4162806))

table 8 : explain SELECT k, c FROM sbtest8 WHERE k BETWEEN 4162706 AND 4162806
	Bitmap Heap Scan on sbtest8  (cost=5.47..405.13 rows=101 width=125)
	  Recheck Cond: ((k >= 4162706) AND (k <= 4162806))
	  ->  Bitmap Index Scan on k_8  (cost=0.00..5.44 rows=101 width=0)
	        Index Cond: ((k >= 4162706) AND (k <= 4162806))

explain: for range-notcovered :: explain SELECT k, c FROM sbtest%d WHERE k BETWEEN 4162706 AND 4162806
for range-notcovered
table 1 : explain SELECT k, c FROM sbtest1 WHERE k BETWEEN 6823463 AND 6823563
	Bitmap Heap Scan on sbtest1  (cost=5.54..432.69 rows=108 width=125)
	  Recheck Cond: ((k >= 6823463) AND (k <= 6823563))
	  ->  Bitmap Index Scan on k_1  (cost=0.00..5.51 rows=108 width=0)
	        Index Cond: ((k >= 6823463) AND (k <= 6823563))

table 2 : explain SELECT k, c FROM sbtest2 WHERE k BETWEEN 6823463 AND 6823563
	Bitmap Heap Scan on sbtest2  (cost=5.52..424.81 rows=106 width=125)
	  Recheck Cond: ((k >= 6823463) AND (k <= 6823563))
	  ->  Bitmap Index Scan on k_2  (cost=0.00..5.50 rows=106 width=0)
	        Index Cond: ((k >= 6823463) AND (k <= 6823563))

table 3 : explain SELECT k, c FROM sbtest3 WHERE k BETWEEN 6823463 AND 6823563
	Bitmap Heap Scan on sbtest3  (cost=5.44..393.31 rows=98 width=125)
	  Recheck Cond: ((k >= 6823463) AND (k <= 6823563))
	  ->  Bitmap Index Scan on k_3  (cost=0.00..5.42 rows=98 width=0)
	        Index Cond: ((k >= 6823463) AND (k <= 6823563))

table 4 : explain SELECT k, c FROM sbtest4 WHERE k BETWEEN 6823463 AND 6823563
	Bitmap Heap Scan on sbtest4  (cost=5.43..389.37 rows=97 width=125)
	  Recheck Cond: ((k >= 6823463) AND (k <= 6823563))
	  ->  Bitmap Index Scan on k_4  (cost=0.00..5.40 rows=97 width=0)
	        Index Cond: ((k >= 6823463) AND (k <= 6823563))

table 5 : explain SELECT k, c FROM sbtest5 WHERE k BETWEEN 6823463 AND 6823563
	Bitmap Heap Scan on sbtest5  (cost=5.57..444.49 rows=111 width=125)
	  Recheck Cond: ((k >= 6823463) AND (k <= 6823563))
	  ->  Bitmap Index Scan on k_5  (cost=0.00..5.54 rows=111 width=0)
	        Index Cond: ((k >= 6823463) AND (k <= 6823563))

table 6 : explain SELECT k, c FROM sbtest6 WHERE k BETWEEN 6823463 AND 6823563
	Bitmap Heap Scan on sbtest6  (cost=5.44..393.31 rows=98 width=125)
	  Recheck Cond: ((k >= 6823463) AND (k <= 6823563))
	  ->  Bitmap Index Scan on k_6  (cost=0.00..5.42 rows=98 width=0)
	        Index Cond: ((k >= 6823463) AND (k <= 6823563))

table 7 : explain SELECT k, c FROM sbtest7 WHERE k BETWEEN 6823463 AND 6823563
	Bitmap Heap Scan on sbtest7  (cost=5.51..420.88 rows=105 width=125)
	  Recheck Cond: ((k >= 6823463) AND (k <= 6823563))
	  ->  Bitmap Index Scan on k_7  (cost=0.00..5.48 rows=105 width=0)
	        Index Cond: ((k >= 6823463) AND (k <= 6823563))

table 8 : explain SELECT k, c FROM sbtest8 WHERE k BETWEEN 6823463 AND 6823563
	Bitmap Heap Scan on sbtest8  (cost=5.43..389.37 rows=97 width=125)
	  Recheck Cond: ((k >= 6823463) AND (k <= 6823563))
	  ->  Bitmap Index Scan on k_8  (cost=0.00..5.40 rows=97 width=0)
	        Index Cond: ((k >= 6823463) AND (k <= 6823563))

explain: for range-notcovered :: explain SELECT k, c FROM sbtest%d WHERE k BETWEEN 6823463 AND 6823563
explain: for range-notcovered :: explain SELECT k, c FROM sbtest%d WHERE k BETWEEN 2829743 AND 2829843
explain: for range-notcovered :: explain SELECT k, c FROM sbtest%d WHERE k BETWEEN 6393796 AND 6393896
for range-notcovered
table 1 : explain SELECT k, c FROM sbtest1 WHERE k BETWEEN 4737643 AND 4737743
	Bitmap Heap Scan on sbtest1  (cost=5.51..420.88 rows=105 width=125)
	  Recheck Cond: ((k >= 4737643) AND (k <= 4737743))
	  ->  Bitmap Index Scan on k_1  (cost=0.00..5.48 rows=105 width=0)
	        Index Cond: ((k >= 4737643) AND (k <= 4737743))

table 2 : explain SELECT k, c FROM sbtest2 WHERE k BETWEEN 4737643 AND 4737743
	Bitmap Heap Scan on sbtest2  (cost=5.48..409.07 rows=102 width=125)
	  Recheck Cond: ((k >= 4737643) AND (k <= 4737743))
	  ->  Bitmap Index Scan on k_2  (cost=0.00..5.45 rows=102 width=0)
	        Index Cond: ((k >= 4737643) AND (k <= 4737743))

table 3 : explain SELECT k, c FROM sbtest3 WHERE k BETWEEN 4737643 AND 4737743
	Bitmap Heap Scan on sbtest3  (cost=5.50..416.94 rows=104 width=125)
	  Recheck Cond: ((k >= 4737643) AND (k <= 4737743))
	  ->  Bitmap Index Scan on k_3  (cost=0.00..5.47 rows=104 width=0)
	        Index Cond: ((k >= 4737643) AND (k <= 4737743))

table 4 : explain SELECT k, c FROM sbtest4 WHERE k BETWEEN 4737643 AND 4737743
	Bitmap Heap Scan on sbtest4  (cost=5.54..432.69 rows=108 width=125)
	  Recheck Cond: ((k >= 4737643) AND (k <= 4737743))
	  ->  Bitmap Index Scan on k_4  (cost=0.00..5.51 rows=108 width=0)
	        Index Cond: ((k >= 4737643) AND (k <= 4737743))

table 5 : explain SELECT k, c FROM sbtest5 WHERE k BETWEEN 4737643 AND 4737743
	Bitmap Heap Scan on sbtest5  (cost=5.46..401.19 rows=100 width=125)
	  Recheck Cond: ((k >= 4737643) AND (k <= 4737743))
	  ->  Bitmap Index Scan on k_5  (cost=0.00..5.43 rows=100 width=0)
	        Index Cond: ((k >= 4737643) AND (k <= 4737743))

table 6 : explain SELECT k, c FROM sbtest6 WHERE k BETWEEN 4737643 AND 4737743
	Bitmap Heap Scan on sbtest6  (cost=5.45..397.25 rows=99 width=125)
	  Recheck Cond: ((k >= 4737643) AND (k <= 4737743))
	  ->  Bitmap Index Scan on k_6  (cost=0.00..5.42 rows=99 width=0)
	        Index Cond: ((k >= 4737643) AND (k <= 4737743))

table 7 : explain SELECT k, c FROM sbtest7 WHERE k BETWEEN 4737643 AND 4737743
	Bitmap Heap Scan on sbtest7  (cost=5.44..393.31 rows=98 width=125)
	  Recheck Cond: ((k >= 4737643) AND (k <= 4737743))
	  ->  Bitmap Index Scan on k_7  (cost=0.00..5.42 rows=98 width=0)
	        Index Cond: ((k >= 4737643) AND (k <= 4737743))

table 8 : explain SELECT k, c FROM sbtest8 WHERE k BETWEEN 4737643 AND 4737743
	Bitmap Heap Scan on sbtest8  (cost=5.50..416.94 rows=104 width=125)
	  Recheck Cond: ((k >= 4737643) AND (k <= 4737743))
	  ->  Bitmap Index Scan on k_8  (cost=0.00..5.47 rows=104 width=0)
	        Index Cond: ((k >= 4737643) AND (k <= 4737743))

for range-notcovered
table 1 : explain SELECT k, c FROM sbtest1 WHERE k BETWEEN 6823463 AND 6823563
	Bitmap Heap Scan on sbtest1  (cost=5.54..432.69 rows=108 width=125)
	  Recheck Cond: ((k >= 6823463) AND (k <= 6823563))
	  ->  Bitmap Index Scan on k_1  (cost=0.00..5.51 rows=108 width=0)
	        Index Cond: ((k >= 6823463) AND (k <= 6823563))

table 2 : explain SELECT k, c FROM sbtest2 WHERE k BETWEEN 6823463 AND 6823563
	Bitmap Heap Scan on sbtest2  (cost=5.52..424.81 rows=106 width=125)
	  Recheck Cond: ((k >= 6823463) AND (k <= 6823563))
	  ->  Bitmap Index Scan on k_2  (cost=0.00..5.50 rows=106 width=0)
	        Index Cond: ((k >= 6823463) AND (k <= 6823563))

table 3 : explain SELECT k, c FROM sbtest3 WHERE k BETWEEN 6823463 AND 6823563
	Bitmap Heap Scan on sbtest3  (cost=5.44..393.31 rows=98 width=125)
	  Recheck Cond: ((k >= 6823463) AND (k <= 6823563))
	  ->  Bitmap Index Scan on k_3  (cost=0.00..5.42 rows=98 width=0)
	        Index Cond: ((k >= 6823463) AND (k <= 6823563))

table 4 : explain SELECT k, c FROM sbtest4 WHERE k BETWEEN 6823463 AND 6823563
	Bitmap Heap Scan on sbtest4  (cost=5.43..389.37 rows=97 width=125)
	  Recheck Cond: ((k >= 6823463) AND (k <= 6823563))
	  ->  Bitmap Index Scan on k_4  (cost=0.00..5.40 rows=97 width=0)
	        Index Cond: ((k >= 6823463) AND (k <= 6823563))

table 5 : explain SELECT k, c FROM sbtest5 WHERE k BETWEEN 6823463 AND 6823563
	Bitmap Heap Scan on sbtest5  (cost=5.57..444.49 rows=111 width=125)
	  Recheck Cond: ((k >= 6823463) AND (k <= 6823563))
	  ->  Bitmap Index Scan on k_5  (cost=0.00..5.54 rows=111 width=0)
	        Index Cond: ((k >= 6823463) AND (k <= 6823563))

table 6 : explain SELECT k, c FROM sbtest6 WHERE k BETWEEN 6823463 AND 6823563
	Bitmap Heap Scan on sbtest6  (cost=5.44..393.31 rows=98 width=125)
	  Recheck Cond: ((k >= 6823463) AND (k <= 6823563))
	  ->  Bitmap Index Scan on k_6  (cost=0.00..5.42 rows=98 width=0)
	        Index Cond: ((k >= 6823463) AND (k <= 6823563))

table 7 : explain SELECT k, c FROM sbtest7 WHERE k BETWEEN 6823463 AND 6823563
	Bitmap Heap Scan on sbtest7  (cost=5.51..420.88 rows=105 width=125)
	  Recheck Cond: ((k >= 6823463) AND (k <= 6823563))
	  ->  Bitmap Index Scan on k_7  (cost=0.00..5.48 rows=105 width=0)
	        Index Cond: ((k >= 6823463) AND (k <= 6823563))

table 8 : explain SELECT k, c FROM sbtest8 WHERE k BETWEEN 6823463 AND 6823563
	Bitmap Heap Scan on sbtest8  (cost=5.43..389.37 rows=97 width=125)
	  Recheck Cond: ((k >= 6823463) AND (k <= 6823563))
	  ->  Bitmap Index Scan on k_8  (cost=0.00..5.40 rows=97 width=0)
	        Index Cond: ((k >= 6823463) AND (k <= 6823563))

explain: for range-notcovered :: explain SELECT k, c FROM sbtest%d WHERE k BETWEEN 6823463 AND 6823563
for range-notcovered
table 1 : explain SELECT k, c FROM sbtest1 WHERE k BETWEEN 6393796 AND 6393896
	Bitmap Heap Scan on sbtest1  (cost=5.53..428.75 rows=107 width=125)
	  Recheck Cond: ((k >= 6393796) AND (k <= 6393896))
	  ->  Bitmap Index Scan on k_1  (cost=0.00..5.50 rows=107 width=0)
	        Index Cond: ((k >= 6393796) AND (k <= 6393896))

table 2 : explain SELECT k, c FROM sbtest2 WHERE k BETWEEN 6393796 AND 6393896
	Bitmap Heap Scan on sbtest2  (cost=5.55..436.62 rows=109 width=125)
	  Recheck Cond: ((k >= 6393796) AND (k <= 6393896))
	  ->  Bitmap Index Scan on k_2  (cost=0.00..5.52 rows=109 width=0)
	        Index Cond: ((k >= 6393796) AND (k <= 6393896))

table 3 : explain SELECT k, c FROM sbtest3 WHERE k BETWEEN 6393796 AND 6393896
	Bitmap Heap Scan on sbtest3  (cost=5.41..381.49 rows=95 width=125)
	  Recheck Cond: ((k >= 6393796) AND (k <= 6393896))
	  ->  Bitmap Index Scan on k_3  (cost=0.00..5.38 rows=95 width=0)
	        Index Cond: ((k >= 6393796) AND (k <= 6393896))

table 4 : explain SELECT k, c FROM sbtest4 WHERE k BETWEEN 6393796 AND 6393896
	Bitmap Heap Scan on sbtest4  (cost=5.54..432.69 rows=108 width=125)
	  Recheck Cond: ((k >= 6393796) AND (k <= 6393896))
	  ->  Bitmap Index Scan on k_4  (cost=0.00..5.51 rows=108 width=0)
	        Index Cond: ((k >= 6393796) AND (k <= 6393896))

table 5 : explain SELECT k, c FROM sbtest5 WHERE k BETWEEN 6393796 AND 6393896
	Bitmap Heap Scan on sbtest5  (cost=5.46..401.19 rows=100 width=125)
	  Recheck Cond: ((k >= 6393796) AND (k <= 6393896))
	  ->  Bitmap Index Scan on k_5  (cost=0.00..5.43 rows=100 width=0)
	        Index Cond: ((k >= 6393796) AND (k <= 6393896))

table 6 : explain SELECT k, c FROM sbtest6 WHERE k BETWEEN 6393796 AND 6393896
	Bitmap Heap Scan on sbtest6  (cost=5.58..448.42 rows=112 width=125)
	  Recheck Cond: ((k >= 6393796) AND (k <= 6393896))
	  ->  Bitmap Index Scan on k_6  (cost=0.00..5.55 rows=112 width=0)
	        Index Cond: ((k >= 6393796) AND (k <= 6393896))

table 7 : explain SELECT k, c FROM sbtest7 WHERE k BETWEEN 6393796 AND 6393896
	Bitmap Heap Scan on sbtest7  (cost=5.45..397.25 rows=99 width=125)
	  Recheck Cond: ((k >= 6393796) AND (k <= 6393896))
	  ->  Bitmap Index Scan on k_7  (cost=0.00..5.42 rows=99 width=0)
	        Index Cond: ((k >= 6393796) AND (k <= 6393896))

table 8 : explain SELECT k, c FROM sbtest8 WHERE k BETWEEN 6393796 AND 6393896
	Bitmap Heap Scan on sbtest8  (cost=5.51..420.88 rows=105 width=125)
	  Recheck Cond: ((k >= 6393796) AND (k <= 6393896))
	  ->  Bitmap Index Scan on k_8  (cost=0.00..5.48 rows=105 width=0)
	        Index Cond: ((k >= 6393796) AND (k <= 6393896))

explain: for range-notcovered :: explain SELECT k, c FROM sbtest%d WHERE k BETWEEN 6393796 AND 6393896
for range-notcovered
table 1 : explain SELECT k, c FROM sbtest1 WHERE k BETWEEN 2829743 AND 2829843
	Bitmap Heap Scan on sbtest1  (cost=5.45..397.25 rows=99 width=125)
	  Recheck Cond: ((k >= 2829743) AND (k <= 2829843))
	  ->  Bitmap Index Scan on k_1  (cost=0.00..5.42 rows=99 width=0)
	        Index Cond: ((k >= 2829743) AND (k <= 2829843))

table 2 : explain SELECT k, c FROM sbtest2 WHERE k BETWEEN 2829743 AND 2829843
	Bitmap Heap Scan on sbtest2  (cost=5.44..393.31 rows=98 width=125)
	  Recheck Cond: ((k >= 2829743) AND (k <= 2829843))
	  ->  Bitmap Index Scan on k_2  (cost=0.00..5.42 rows=98 width=0)
	        Index Cond: ((k >= 2829743) AND (k <= 2829843))

table 3 : explain SELECT k, c FROM sbtest3 WHERE k BETWEEN 2829743 AND 2829843
	Bitmap Heap Scan on sbtest3  (cost=5.47..405.13 rows=101 width=125)
	  Recheck Cond: ((k >= 2829743) AND (k <= 2829843))
	  ->  Bitmap Index Scan on k_3  (cost=0.00..5.44 rows=101 width=0)
	        Index Cond: ((k >= 2829743) AND (k <= 2829843))

table 4 : explain SELECT k, c FROM sbtest4 WHERE k BETWEEN 2829743 AND 2829843
	Bitmap Heap Scan on sbtest4  (cost=5.45..397.25 rows=99 width=125)
	  Recheck Cond: ((k >= 2829743) AND (k <= 2829843))
	  ->  Bitmap Index Scan on k_4  (cost=0.00..5.42 rows=99 width=0)
	        Index Cond: ((k >= 2829743) AND (k <= 2829843))

table 5 : explain SELECT k, c FROM sbtest5 WHERE k BETWEEN 2829743 AND 2829843
	Bitmap Heap Scan on sbtest5  (cost=5.38..369.67 rows=92 width=125)
	  Recheck Cond: ((k >= 2829743) AND (k <= 2829843))
	  ->  Bitmap Index Scan on k_5  (cost=0.00..5.35 rows=92 width=0)
	        Index Cond: ((k >= 2829743) AND (k <= 2829843))

table 6 : explain SELECT k, c FROM sbtest6 WHERE k BETWEEN 2829743 AND 2829843
	Bitmap Heap Scan on sbtest6  (cost=5.49..413.00 rows=103 width=125)
	  Recheck Cond: ((k >= 2829743) AND (k <= 2829843))
	  ->  Bitmap Index Scan on k_6  (cost=0.00..5.46 rows=103 width=0)
	        Index Cond: ((k >= 2829743) AND (k <= 2829843))

table 7 : explain SELECT k, c FROM sbtest7 WHERE k BETWEEN 2829743 AND 2829843
	Bitmap Heap Scan on sbtest7  (cost=5.51..420.88 rows=105 width=125)
	  Recheck Cond: ((k >= 2829743) AND (k <= 2829843))
	  ->  Bitmap Index Scan on k_7  (cost=0.00..5.48 rows=105 width=0)
	        Index Cond: ((k >= 2829743) AND (k <= 2829843))

table 8 : explain SELECT k, c FROM sbtest8 WHERE k BETWEEN 2829743 AND 2829843
	Bitmap Heap Scan on sbtest8  (cost=5.52..424.81 rows=106 width=125)
	  Recheck Cond: ((k >= 2829743) AND (k <= 2829843))
	  ->  Bitmap Index Scan on k_8  (cost=0.00..5.50 rows=106 width=0)
	        Index Cond: ((k >= 2829743) AND (k <= 2829843))

for range-notcovered
table 1 : explain SELECT k, c FROM sbtest1 WHERE k BETWEEN 6823463 AND 6823563
	Bitmap Heap Scan on sbtest1  (cost=5.54..432.69 rows=108 width=125)
	  Recheck Cond: ((k >= 6823463) AND (k <= 6823563))
	  ->  Bitmap Index Scan on k_1  (cost=0.00..5.51 rows=108 width=0)
	        Index Cond: ((k >= 6823463) AND (k <= 6823563))

table 2 : explain SELECT k, c FROM sbtest2 WHERE k BETWEEN 6823463 AND 6823563
	Bitmap Heap Scan on sbtest2  (cost=5.52..424.81 rows=106 width=125)
	  Recheck Cond: ((k >= 6823463) AND (k <= 6823563))
	  ->  Bitmap Index Scan on k_2  (cost=0.00..5.50 rows=106 width=0)
	        Index Cond: ((k >= 6823463) AND (k <= 6823563))

table 3 : explain SELECT k, c FROM sbtest3 WHERE k BETWEEN 6823463 AND 6823563
	Bitmap Heap Scan on sbtest3  (cost=5.44..393.31 rows=98 width=125)
	  Recheck Cond: ((k >= 6823463) AND (k <= 6823563))
	  ->  Bitmap Index Scan on k_3  (cost=0.00..5.42 rows=98 width=0)
	        Index Cond: ((k >= 6823463) AND (k <= 6823563))

table 4 : explain SELECT k, c FROM sbtest4 WHERE k BETWEEN 6823463 AND 6823563
	Bitmap Heap Scan on sbtest4  (cost=5.43..389.37 rows=97 width=125)
	  Recheck Cond: ((k >= 6823463) AND (k <= 6823563))
	  ->  Bitmap Index Scan on k_4  (cost=0.00..5.40 rows=97 width=0)
	        Index Cond: ((k >= 6823463) AND (k <= 6823563))

table 5 : explain SELECT k, c FROM sbtest5 WHERE k BETWEEN 6823463 AND 6823563
	Bitmap Heap Scan on sbtest5  (cost=5.57..444.49 rows=111 width=125)
	  Recheck Cond: ((k >= 6823463) AND (k <= 6823563))
	  ->  Bitmap Index Scan on k_5  (cost=0.00..5.54 rows=111 width=0)
	        Index Cond: ((k >= 6823463) AND (k <= 6823563))

table 6 : explain SELECT k, c FROM sbtest6 WHERE k BETWEEN 6823463 AND 6823563
	Bitmap Heap Scan on sbtest6  (cost=5.44..393.31 rows=98 width=125)
	  Recheck Cond: ((k >= 6823463) AND (k <= 6823563))
	  ->  Bitmap Index Scan on k_6  (cost=0.00..5.42 rows=98 width=0)
	        Index Cond: ((k >= 6823463) AND (k <= 6823563))

table 7 : explain SELECT k, c FROM sbtest7 WHERE k BETWEEN 6823463 AND 6823563
	Bitmap Heap Scan on sbtest7  (cost=5.51..420.88 rows=105 width=125)
	  Recheck Cond: ((k >= 6823463) AND (k <= 6823563))
	  ->  Bitmap Index Scan on k_7  (cost=0.00..5.48 rows=105 width=0)
	        Index Cond: ((k >= 6823463) AND (k <= 6823563))

table 8 : explain SELECT k, c FROM sbtest8 WHERE k BETWEEN 6823463 AND 6823563
	Bitmap Heap Scan on sbtest8  (cost=5.43..389.37 rows=97 width=125)
	  Recheck Cond: ((k >= 6823463) AND (k <= 6823563))
	  ->  Bitmap Index Scan on k_8  (cost=0.00..5.40 rows=97 width=0)
	        Index Cond: ((k >= 6823463) AND (k <= 6823563))

explain: for range-notcovered :: explain SELECT k, c FROM sbtest%d WHERE k BETWEEN 2829743 AND 2829843
for range-notcovered
table 1 : explain SELECT k, c FROM sbtest1 WHERE k BETWEEN 4701175 AND 4701275
	Bitmap Heap Scan on sbtest1  (cost=5.44..393.31 rows=98 width=125)
	  Recheck Cond: ((k >= 4701175) AND (k <= 4701275))
	  ->  Bitmap Index Scan on k_1  (cost=0.00..5.42 rows=98 width=0)
	        Index Cond: ((k >= 4701175) AND (k <= 4701275))

table 2 : explain SELECT k, c FROM sbtest2 WHERE k BETWEEN 4701175 AND 4701275
	Bitmap Heap Scan on sbtest2  (cost=5.56..440.56 rows=110 width=125)
	  Recheck Cond: ((k >= 4701175) AND (k <= 4701275))
	  ->  Bitmap Index Scan on k_2  (cost=0.00..5.53 rows=110 width=0)
	        Index Cond: ((k >= 4701175) AND (k <= 4701275))

table 3 : explain SELECT k, c FROM sbtest3 WHERE k BETWEEN 4701175 AND 4701275
	Bitmap Heap Scan on sbtest3  (cost=5.50..416.94 rows=104 width=125)
	  Recheck Cond: ((k >= 4701175) AND (k <= 4701275))
	  ->  Bitmap Index Scan on k_3  (cost=0.00..5.47 rows=104 width=0)
	        Index Cond: ((k >= 4701175) AND (k <= 4701275))

table 4 : explain SELECT k, c FROM sbtest4 WHERE k BETWEEN 4701175 AND 4701275
	Bitmap Heap Scan on sbtest4  (cost=5.44..393.31 rows=98 width=125)
	  Recheck Cond: ((k >= 4701175) AND (k <= 4701275))
	  ->  Bitmap Index Scan on k_4  (cost=0.00..5.42 rows=98 width=0)
	        Index Cond: ((k >= 4701175) AND (k <= 4701275))

table 5 : explain SELECT k, c FROM sbtest5 WHERE k BETWEEN 4701175 AND 4701275
	Bitmap Heap Scan on sbtest5  (cost=5.46..401.19 rows=100 width=125)
	  Recheck Cond: ((k >= 4701175) AND (k <= 4701275))
	  ->  Bitmap Index Scan on k_5  (cost=0.00..5.43 rows=100 width=0)
	        Index Cond: ((k >= 4701175) AND (k <= 4701275))

table 6 : explain SELECT k, c FROM sbtest6 WHERE k BETWEEN 4701175 AND 4701275
	Bitmap Heap Scan on sbtest6  (cost=5.50..416.94 rows=104 width=125)
	  Recheck Cond: ((k >= 4701175) AND (k <= 4701275))
	  ->  Bitmap Index Scan on k_6  (cost=0.00..5.47 rows=104 width=0)
	        Index Cond: ((k >= 4701175) AND (k <= 4701275))

table 7 : explain SELECT k, c FROM sbtest7 WHERE k BETWEEN 4701175 AND 4701275
	Bitmap Heap Scan on sbtest7  (cost=5.50..416.94 rows=104 width=125)
	  Recheck Cond: ((k >= 4701175) AND (k <= 4701275))
	  ->  Bitmap Index Scan on k_7  (cost=0.00..5.47 rows=104 width=0)
	        Index Cond: ((k >= 4701175) AND (k <= 4701275))

table 8 : explain SELECT k, c FROM sbtest8 WHERE k BETWEEN 4701175 AND 4701275
	Bitmap Heap Scan on sbtest8  (cost=5.50..416.94 rows=104 width=125)
	  Recheck Cond: ((k >= 4701175) AND (k <= 4701275))
	  ->  Bitmap Index Scan on k_8  (cost=0.00..5.47 rows=104 width=0)
	        Index Cond: ((k >= 4701175) AND (k <= 4701275))

explain: for range-notcovered :: explain SELECT k, c FROM sbtest%d WHERE k BETWEEN 6823463 AND 6823563
for range-notcovered
table 1 : explain SELECT k, c FROM sbtest1 WHERE k BETWEEN 4162706 AND 4162806
	Bitmap Heap Scan on sbtest1  (cost=5.50..416.94 rows=104 width=125)
	  Recheck Cond: ((k >= 4162706) AND (k <= 4162806))
	  ->  Bitmap Index Scan on k_1  (cost=0.00..5.47 rows=104 width=0)
	        Index Cond: ((k >= 4162706) AND (k <= 4162806))

table 2 : explain SELECT k, c FROM sbtest2 WHERE k BETWEEN 4162706 AND 4162806
	Bitmap Heap Scan on sbtest2  (cost=5.63..468.09 rows=117 width=125)
	  Recheck Cond: ((k >= 4162706) AND (k <= 4162806))
	  ->  Bitmap Index Scan on k_2  (cost=0.00..5.60 rows=117 width=0)
	        Index Cond: ((k >= 4162706) AND (k <= 4162806))

table 3 : explain SELECT k, c FROM sbtest3 WHERE k BETWEEN 4162706 AND 4162806
	Bitmap Heap Scan on sbtest3  (cost=5.45..397.25 rows=99 width=125)
	  Recheck Cond: ((k >= 4162706) AND (k <= 4162806))
	  ->  Bitmap Index Scan on k_3  (cost=0.00..5.42 rows=99 width=0)
	        Index Cond: ((k >= 4162706) AND (k <= 4162806))

table 4 : explain SELECT k, c FROM sbtest4 WHERE k BETWEEN 4162706 AND 4162806
	Bitmap Heap Scan on sbtest4  (cost=5.38..369.67 rows=92 width=125)
	  Recheck Cond: ((k >= 4162706) AND (k <= 4162806))
	  ->  Bitmap Index Scan on k_4  (cost=0.00..5.35 rows=92 width=0)
	        Index Cond: ((k >= 4162706) AND (k <= 4162806))

table 5 : explain SELECT k, c FROM sbtest5 WHERE k BETWEEN 4162706 AND 4162806
	Bitmap Heap Scan on sbtest5  (cost=5.50..416.94 rows=104 width=125)
	  Recheck Cond: ((k >= 4162706) AND (k <= 4162806))
	  ->  Bitmap Index Scan on k_5  (cost=0.00..5.47 rows=104 width=0)
	        Index Cond: ((k >= 4162706) AND (k <= 4162806))

table 6 : explain SELECT k, c FROM sbtest6 WHERE k BETWEEN 4162706 AND 4162806
	Bitmap Heap Scan on sbtest6  (cost=5.43..389.37 rows=97 width=125)
	  Recheck Cond: ((k >= 4162706) AND (k <= 4162806))
	  ->  Bitmap Index Scan on k_6  (cost=0.00..5.40 rows=97 width=0)
	        Index Cond: ((k >= 4162706) AND (k <= 4162806))

table 7 : explain SELECT k, c FROM sbtest7 WHERE k BETWEEN 4162706 AND 4162806
	Bitmap Heap Scan on sbtest7  (cost=5.46..401.19 rows=100 width=125)
	  Recheck Cond: ((k >= 4162706) AND (k <= 4162806))
	  ->  Bitmap Index Scan on k_7  (cost=0.00..5.43 rows=100 width=0)
	        Index Cond: ((k >= 4162706) AND (k <= 4162806))

table 8 : explain SELECT k, c FROM sbtest8 WHERE k BETWEEN 4162706 AND 4162806
	Bitmap Heap Scan on sbtest8  (cost=5.47..405.13 rows=101 width=125)
	  Recheck Cond: ((k >= 4162706) AND (k <= 4162806))
	  ->  Bitmap Index Scan on k_8  (cost=0.00..5.44 rows=101 width=0)
	        Index Cond: ((k >= 4162706) AND (k <= 4162806))

explain: for range-notcovered :: explain SELECT k, c FROM sbtest%d WHERE k BETWEEN 4162706 AND 4162806
for range-notcovered
table 1 : explain SELECT k, c FROM sbtest1 WHERE k BETWEEN 6130728 AND 6130828
	Bitmap Heap Scan on sbtest1  (cost=5.53..428.75 rows=107 width=125)
	  Recheck Cond: ((k >= 6130728) AND (k <= 6130828))
	  ->  Bitmap Index Scan on k_1  (cost=0.00..5.50 rows=107 width=0)
	        Index Cond: ((k >= 6130728) AND (k <= 6130828))

table 2 : explain SELECT k, c FROM sbtest2 WHERE k BETWEEN 6130728 AND 6130828
	Bitmap Heap Scan on sbtest2  (cost=5.45..397.25 rows=99 width=125)
	  Recheck Cond: ((k >= 6130728) AND (k <= 6130828))
	  ->  Bitmap Index Scan on k_2  (cost=0.00..5.42 rows=99 width=0)
	        Index Cond: ((k >= 6130728) AND (k <= 6130828))

table 3 : explain SELECT k, c FROM sbtest3 WHERE k BETWEEN 6130728 AND 6130828
	Bitmap Heap Scan on sbtest3  (cost=5.42..385.43 rows=96 width=125)
	  Recheck Cond: ((k >= 6130728) AND (k <= 6130828))
	  ->  Bitmap Index Scan on k_3  (cost=0.00..5.39 rows=96 width=0)
	        Index Cond: ((k >= 6130728) AND (k <= 6130828))

table 4 : explain SELECT k, c FROM sbtest4 WHERE k BETWEEN 6130728 AND 6130828
	Bitmap Heap Scan on sbtest4  (cost=5.39..373.61 rows=93 width=125)
	  Recheck Cond: ((k >= 6130728) AND (k <= 6130828))
	  ->  Bitmap Index Scan on k_4  (cost=0.00..5.36 rows=93 width=0)
	        Index Cond: ((k >= 6130728) AND (k <= 6130828))

table 5 : explain SELECT k, c FROM sbtest5 WHERE k BETWEEN 6130728 AND 6130828
	Bitmap Heap Scan on sbtest5  (cost=5.45..397.25 rows=99 width=125)
	  Recheck Cond: ((k >= 6130728) AND (k <= 6130828))
	  ->  Bitmap Index Scan on k_5  (cost=0.00..5.42 rows=99 width=0)
	        Index Cond: ((k >= 6130728) AND (k <= 6130828))

table 6 : explain SELECT k, c FROM sbtest6 WHERE k BETWEEN 6130728 AND 6130828
	Bitmap Heap Scan on sbtest6  (cost=5.46..401.19 rows=100 width=125)
	  Recheck Cond: ((k >= 6130728) AND (k <= 6130828))
	  ->  Bitmap Index Scan on k_6  (cost=0.00..5.43 rows=100 width=0)
	        Index Cond: ((k >= 6130728) AND (k <= 6130828))

table 7 : explain SELECT k, c FROM sbtest7 WHERE k BETWEEN 6130728 AND 6130828
	Bitmap Heap Scan on sbtest7  (cost=5.57..444.49 rows=111 width=125)
	  Recheck Cond: ((k >= 6130728) AND (k <= 6130828))
	  ->  Bitmap Index Scan on k_7  (cost=0.00..5.54 rows=111 width=0)
	        Index Cond: ((k >= 6130728) AND (k <= 6130828))

table 8 : explain SELECT k, c FROM sbtest8 WHERE k BETWEEN 6130728 AND 6130828
	Bitmap Heap Scan on sbtest8  (cost=5.52..424.81 rows=106 width=125)
	  Recheck Cond: ((k >= 6130728) AND (k <= 6130828))
	  ->  Bitmap Index Scan on k_8  (cost=0.00..5.50 rows=106 width=0)
	        Index Cond: ((k >= 6130728) AND (k <= 6130828))

explain: for range-notcovered :: explain SELECT k, c FROM sbtest%d WHERE k BETWEEN 6130728 AND 6130828
for range-notcovered
table 1 : explain SELECT k, c FROM sbtest1 WHERE k BETWEEN 4162706 AND 4162806
	Bitmap Heap Scan on sbtest1  (cost=5.50..416.94 rows=104 width=125)
	  Recheck Cond: ((k >= 4162706) AND (k <= 4162806))
	  ->  Bitmap Index Scan on k_1  (cost=0.00..5.47 rows=104 width=0)
	        Index Cond: ((k >= 4162706) AND (k <= 4162806))

table 2 : explain SELECT k, c FROM sbtest2 WHERE k BETWEEN 4162706 AND 4162806
	Bitmap Heap Scan on sbtest2  (cost=5.63..468.09 rows=117 width=125)
	  Recheck Cond: ((k >= 4162706) AND (k <= 4162806))
	  ->  Bitmap Index Scan on k_2  (cost=0.00..5.60 rows=117 width=0)
	        Index Cond: ((k >= 4162706) AND (k <= 4162806))

table 3 : explain SELECT k, c FROM sbtest3 WHERE k BETWEEN 4162706 AND 4162806
	Bitmap Heap Scan on sbtest3  (cost=5.45..397.25 rows=99 width=125)
	  Recheck Cond: ((k >= 4162706) AND (k <= 4162806))
	  ->  Bitmap Index Scan on k_3  (cost=0.00..5.42 rows=99 width=0)
	        Index Cond: ((k >= 4162706) AND (k <= 4162806))

table 4 : explain SELECT k, c FROM sbtest4 WHERE k BETWEEN 4162706 AND 4162806
	Bitmap Heap Scan on sbtest4  (cost=5.38..369.67 rows=92 width=125)
	  Recheck Cond: ((k >= 4162706) AND (k <= 4162806))
	  ->  Bitmap Index Scan on k_4  (cost=0.00..5.35 rows=92 width=0)
	        Index Cond: ((k >= 4162706) AND (k <= 4162806))

table 5 : explain SELECT k, c FROM sbtest5 WHERE k BETWEEN 4162706 AND 4162806
	Bitmap Heap Scan on sbtest5  (cost=5.50..416.94 rows=104 width=125)
	  Recheck Cond: ((k >= 4162706) AND (k <= 4162806))
	  ->  Bitmap Index Scan on k_5  (cost=0.00..5.47 rows=104 width=0)
	        Index Cond: ((k >= 4162706) AND (k <= 4162806))

table 6 : explain SELECT k, c FROM sbtest6 WHERE k BETWEEN 4162706 AND 4162806
	Bitmap Heap Scan on sbtest6  (cost=5.43..389.37 rows=97 width=125)
	  Recheck Cond: ((k >= 4162706) AND (k <= 4162806))
	  ->  Bitmap Index Scan on k_6  (cost=0.00..5.40 rows=97 width=0)
	        Index Cond: ((k >= 4162706) AND (k <= 4162806))

table 7 : explain SELECT k, c FROM sbtest7 WHERE k BETWEEN 4162706 AND 4162806
	Bitmap Heap Scan on sbtest7  (cost=5.46..401.19 rows=100 width=125)
	  Recheck Cond: ((k >= 4162706) AND (k <= 4162806))
	  ->  Bitmap Index Scan on k_7  (cost=0.00..5.43 rows=100 width=0)
	        Index Cond: ((k >= 4162706) AND (k <= 4162806))

table 8 : explain SELECT k, c FROM sbtest8 WHERE k BETWEEN 4162706 AND 4162806
	Bitmap Heap Scan on sbtest8  (cost=5.47..405.13 rows=101 width=125)
	  Recheck Cond: ((k >= 4162706) AND (k <= 4162806))
	  ->  Bitmap Index Scan on k_8  (cost=0.00..5.44 rows=101 width=0)
	        Index Cond: ((k >= 4162706) AND (k <= 4162806))

explain: for range-notcovered :: explain SELECT k, c FROM sbtest%d WHERE k BETWEEN 4162706 AND 4162806
explain: for range-notcovered :: explain SELECT k, c FROM sbtest%d WHERE k BETWEEN 2353618 AND 2353718
for range-notcovered
table 1 : explain SELECT k, c FROM sbtest1 WHERE k BETWEEN 6130728 AND 6130828
	Bitmap Heap Scan on sbtest1  (cost=5.53..428.75 rows=107 width=125)
	  Recheck Cond: ((k >= 6130728) AND (k <= 6130828))
	  ->  Bitmap Index Scan on k_1  (cost=0.00..5.50 rows=107 width=0)
	        Index Cond: ((k >= 6130728) AND (k <= 6130828))

table 2 : explain SELECT k, c FROM sbtest2 WHERE k BETWEEN 6130728 AND 6130828
	Bitmap Heap Scan on sbtest2  (cost=5.45..397.25 rows=99 width=125)
	  Recheck Cond: ((k >= 6130728) AND (k <= 6130828))
	  ->  Bitmap Index Scan on k_2  (cost=0.00..5.42 rows=99 width=0)
	        Index Cond: ((k >= 6130728) AND (k <= 6130828))

table 3 : explain SELECT k, c FROM sbtest3 WHERE k BETWEEN 6130728 AND 6130828
	Bitmap Heap Scan on sbtest3  (cost=5.42..385.43 rows=96 width=125)
	  Recheck Cond: ((k >= 6130728) AND (k <= 6130828))
	  ->  Bitmap Index Scan on k_3  (cost=0.00..5.39 rows=96 width=0)
	        Index Cond: ((k >= 6130728) AND (k <= 6130828))

table 4 : explain SELECT k, c FROM sbtest4 WHERE k BETWEEN 6130728 AND 6130828
	Bitmap Heap Scan on sbtest4  (cost=5.39..373.61 rows=93 width=125)
	  Recheck Cond: ((k >= 6130728) AND (k <= 6130828))
	  ->  Bitmap Index Scan on k_4  (cost=0.00..5.36 rows=93 width=0)
	        Index Cond: ((k >= 6130728) AND (k <= 6130828))

table 5 : explain SELECT k, c FROM sbtest5 WHERE k BETWEEN 6130728 AND 6130828
	Bitmap Heap Scan on sbtest5  (cost=5.45..397.25 rows=99 width=125)
	  Recheck Cond: ((k >= 6130728) AND (k <= 6130828))
	  ->  Bitmap Index Scan on k_5  (cost=0.00..5.42 rows=99 width=0)
	        Index Cond: ((k >= 6130728) AND (k <= 6130828))

table 6 : explain SELECT k, c FROM sbtest6 WHERE k BETWEEN 6130728 AND 6130828
	Bitmap Heap Scan on sbtest6  (cost=5.46..401.19 rows=100 width=125)
	  Recheck Cond: ((k >= 6130728) AND (k <= 6130828))
	  ->  Bitmap Index Scan on k_6  (cost=0.00..5.43 rows=100 width=0)
	        Index Cond: ((k >= 6130728) AND (k <= 6130828))

table 7 : explain SELECT k, c FROM sbtest7 WHERE k BETWEEN 6130728 AND 6130828
	Bitmap Heap Scan on sbtest7  (cost=5.57..444.49 rows=111 width=125)
	  Recheck Cond: ((k >= 6130728) AND (k <= 6130828))
	  ->  Bitmap Index Scan on k_7  (cost=0.00..5.54 rows=111 width=0)
	        Index Cond: ((k >= 6130728) AND (k <= 6130828))

table 8 : explain SELECT k, c FROM sbtest8 WHERE k BETWEEN 6130728 AND 6130828
	Bitmap Heap Scan on sbtest8  (cost=5.52..424.81 rows=106 width=125)
	  Recheck Cond: ((k >= 6130728) AND (k <= 6130828))
	  ->  Bitmap Index Scan on k_8  (cost=0.00..5.50 rows=106 width=0)
	        Index Cond: ((k >= 6130728) AND (k <= 6130828))

explain: for range-notcovered :: explain SELECT k, c FROM sbtest%d WHERE k BETWEEN 4716305 AND 4716405
explain: for range-notcovered :: explain SELECT k, c FROM sbtest%d WHERE k BETWEEN 6130728 AND 6130828
for range-notcovered
table 1 : explain SELECT k, c FROM sbtest1 WHERE k BETWEEN 4162706 AND 4162806
	Bitmap Heap Scan on sbtest1  (cost=5.50..416.94 rows=104 width=125)
	  Recheck Cond: ((k >= 4162706) AND (k <= 4162806))
	  ->  Bitmap Index Scan on k_1  (cost=0.00..5.47 rows=104 width=0)
	        Index Cond: ((k >= 4162706) AND (k <= 4162806))

table 2 : explain SELECT k, c FROM sbtest2 WHERE k BETWEEN 4162706 AND 4162806
	Bitmap Heap Scan on sbtest2  (cost=5.63..468.09 rows=117 width=125)
	  Recheck Cond: ((k >= 4162706) AND (k <= 4162806))
	  ->  Bitmap Index Scan on k_2  (cost=0.00..5.60 rows=117 width=0)
	        Index Cond: ((k >= 4162706) AND (k <= 4162806))

table 3 : explain SELECT k, c FROM sbtest3 WHERE k BETWEEN 4162706 AND 4162806
	Bitmap Heap Scan on sbtest3  (cost=5.45..397.25 rows=99 width=125)
	  Recheck Cond: ((k >= 4162706) AND (k <= 4162806))
	  ->  Bitmap Index Scan on k_3  (cost=0.00..5.42 rows=99 width=0)
	        Index Cond: ((k >= 4162706) AND (k <= 4162806))

table 4 : explain SELECT k, c FROM sbtest4 WHERE k BETWEEN 4162706 AND 4162806
	Bitmap Heap Scan on sbtest4  (cost=5.38..369.67 rows=92 width=125)
	  Recheck Cond: ((k >= 4162706) AND (k <= 4162806))
	  ->  Bitmap Index Scan on k_4  (cost=0.00..5.35 rows=92 width=0)
	        Index Cond: ((k >= 4162706) AND (k <= 4162806))

table 5 : explain SELECT k, c FROM sbtest5 WHERE k BETWEEN 4162706 AND 4162806
	Bitmap Heap Scan on sbtest5  (cost=5.50..416.94 rows=104 width=125)
	  Recheck Cond: ((k >= 4162706) AND (k <= 4162806))
	  ->  Bitmap Index Scan on k_5  (cost=0.00..5.47 rows=104 width=0)
	        Index Cond: ((k >= 4162706) AND (k <= 4162806))

table 6 : explain SELECT k, c FROM sbtest6 WHERE k BETWEEN 4162706 AND 4162806
	Bitmap Heap Scan on sbtest6  (cost=5.43..389.37 rows=97 width=125)
	  Recheck Cond: ((k >= 4162706) AND (k <= 4162806))
	  ->  Bitmap Index Scan on k_6  (cost=0.00..5.40 rows=97 width=0)
	        Index Cond: ((k >= 4162706) AND (k <= 4162806))

table 7 : explain SELECT k, c FROM sbtest7 WHERE k BETWEEN 4162706 AND 4162806
	Bitmap Heap Scan on sbtest7  (cost=5.46..401.19 rows=100 width=125)
	  Recheck Cond: ((k >= 4162706) AND (k <= 4162806))
	  ->  Bitmap Index Scan on k_7  (cost=0.00..5.43 rows=100 width=0)
	        Index Cond: ((k >= 4162706) AND (k <= 4162806))

table 8 : explain SELECT k, c FROM sbtest8 WHERE k BETWEEN 4162706 AND 4162806
	Bitmap Heap Scan on sbtest8  (cost=5.47..405.13 rows=101 width=125)
	  Recheck Cond: ((k >= 4162706) AND (k <= 4162806))
	  ->  Bitmap Index Scan on k_8  (cost=0.00..5.44 rows=101 width=0)
	        Index Cond: ((k >= 4162706) AND (k <= 4162806))

for range-notcovered
table 1 : explain SELECT k, c FROM sbtest1 WHERE k BETWEEN 6393796 AND 6393896
	Bitmap Heap Scan on sbtest1  (cost=5.53..428.75 rows=107 width=125)
	  Recheck Cond: ((k >= 6393796) AND (k <= 6393896))
	  ->  Bitmap Index Scan on k_1  (cost=0.00..5.50 rows=107 width=0)
	        Index Cond: ((k >= 6393796) AND (k <= 6393896))

table 2 : explain SELECT k, c FROM sbtest2 WHERE k BETWEEN 6393796 AND 6393896
	Bitmap Heap Scan on sbtest2  (cost=5.55..436.62 rows=109 width=125)
	  Recheck Cond: ((k >= 6393796) AND (k <= 6393896))
	  ->  Bitmap Index Scan on k_2  (cost=0.00..5.52 rows=109 width=0)
	        Index Cond: ((k >= 6393796) AND (k <= 6393896))

table 3 : explain SELECT k, c FROM sbtest3 WHERE k BETWEEN 6393796 AND 6393896
	Bitmap Heap Scan on sbtest3  (cost=5.41..381.49 rows=95 width=125)
	  Recheck Cond: ((k >= 6393796) AND (k <= 6393896))
	  ->  Bitmap Index Scan on k_3  (cost=0.00..5.38 rows=95 width=0)
	        Index Cond: ((k >= 6393796) AND (k <= 6393896))

table 4 : explain SELECT k, c FROM sbtest4 WHERE k BETWEEN 6393796 AND 6393896
	Bitmap Heap Scan on sbtest4  (cost=5.54..432.69 rows=108 width=125)
	  Recheck Cond: ((k >= 6393796) AND (k <= 6393896))
	  ->  Bitmap Index Scan on k_4  (cost=0.00..5.51 rows=108 width=0)
	        Index Cond: ((k >= 6393796) AND (k <= 6393896))

table 5 : explain SELECT k, c FROM sbtest5 WHERE k BETWEEN 6393796 AND 6393896
	Bitmap Heap Scan on sbtest5  (cost=5.46..401.19 rows=100 width=125)
	  Recheck Cond: ((k >= 6393796) AND (k <= 6393896))
	  ->  Bitmap Index Scan on k_5  (cost=0.00..5.43 rows=100 width=0)
	        Index Cond: ((k >= 6393796) AND (k <= 6393896))

table 6 : explain SELECT k, c FROM sbtest6 WHERE k BETWEEN 6393796 AND 6393896
	Bitmap Heap Scan on sbtest6  (cost=5.58..448.42 rows=112 width=125)
	  Recheck Cond: ((k >= 6393796) AND (k <= 6393896))
	  ->  Bitmap Index Scan on k_6  (cost=0.00..5.55 rows=112 width=0)
	        Index Cond: ((k >= 6393796) AND (k <= 6393896))

table 7 : explain SELECT k, c FROM sbtest7 WHERE k BETWEEN 6393796 AND 6393896
	Bitmap Heap Scan on sbtest7  (cost=5.45..397.25 rows=99 width=125)
	  Recheck Cond: ((k >= 6393796) AND (k <= 6393896))
	  ->  Bitmap Index Scan on k_7  (cost=0.00..5.42 rows=99 width=0)
	        Index Cond: ((k >= 6393796) AND (k <= 6393896))

table 8 : explain SELECT k, c FROM sbtest8 WHERE k BETWEEN 6393796 AND 6393896
	Bitmap Heap Scan on sbtest8  (cost=5.51..420.88 rows=105 width=125)
	  Recheck Cond: ((k >= 6393796) AND (k <= 6393896))
	  ->  Bitmap Index Scan on k_8  (cost=0.00..5.48 rows=105 width=0)
	        Index Cond: ((k >= 6393796) AND (k <= 6393896))

for range-notcovered
table 1 : explain SELECT k, c FROM sbtest1 WHERE k BETWEEN 2829743 AND 2829843
	Bitmap Heap Scan on sbtest1  (cost=5.45..397.25 rows=99 width=125)
	  Recheck Cond: ((k >= 2829743) AND (k <= 2829843))
	  ->  Bitmap Index Scan on k_1  (cost=0.00..5.42 rows=99 width=0)
	        Index Cond: ((k >= 2829743) AND (k <= 2829843))

table 2 : explain SELECT k, c FROM sbtest2 WHERE k BETWEEN 2829743 AND 2829843
	Bitmap Heap Scan on sbtest2  (cost=5.44..393.31 rows=98 width=125)
	  Recheck Cond: ((k >= 2829743) AND (k <= 2829843))
	  ->  Bitmap Index Scan on k_2  (cost=0.00..5.42 rows=98 width=0)
	        Index Cond: ((k >= 2829743) AND (k <= 2829843))

table 3 : explain SELECT k, c FROM sbtest3 WHERE k BETWEEN 2829743 AND 2829843
	Bitmap Heap Scan on sbtest3  (cost=5.47..405.13 rows=101 width=125)
	  Recheck Cond: ((k >= 2829743) AND (k <= 2829843))
	  ->  Bitmap Index Scan on k_3  (cost=0.00..5.44 rows=101 width=0)
	        Index Cond: ((k >= 2829743) AND (k <= 2829843))

table 4 : explain SELECT k, c FROM sbtest4 WHERE k BETWEEN 2829743 AND 2829843
	Bitmap Heap Scan on sbtest4  (cost=5.45..397.25 rows=99 width=125)
	  Recheck Cond: ((k >= 2829743) AND (k <= 2829843))
	  ->  Bitmap Index Scan on k_4  (cost=0.00..5.42 rows=99 width=0)
	        Index Cond: ((k >= 2829743) AND (k <= 2829843))

table 5 : explain SELECT k, c FROM sbtest5 WHERE k BETWEEN 2829743 AND 2829843
	Bitmap Heap Scan on sbtest5  (cost=5.38..369.67 rows=92 width=125)
	  Recheck Cond: ((k >= 2829743) AND (k <= 2829843))
	  ->  Bitmap Index Scan on k_5  (cost=0.00..5.35 rows=92 width=0)
	        Index Cond: ((k >= 2829743) AND (k <= 2829843))

table 6 : explain SELECT k, c FROM sbtest6 WHERE k BETWEEN 2829743 AND 2829843
	Bitmap Heap Scan on sbtest6  (cost=5.49..413.00 rows=103 width=125)
	  Recheck Cond: ((k >= 2829743) AND (k <= 2829843))
	  ->  Bitmap Index Scan on k_6  (cost=0.00..5.46 rows=103 width=0)
	        Index Cond: ((k >= 2829743) AND (k <= 2829843))

table 7 : explain SELECT k, c FROM sbtest7 WHERE k BETWEEN 2829743 AND 2829843
	Bitmap Heap Scan on sbtest7  (cost=5.51..420.88 rows=105 width=125)
	  Recheck Cond: ((k >= 2829743) AND (k <= 2829843))
	  ->  Bitmap Index Scan on k_7  (cost=0.00..5.48 rows=105 width=0)
	        Index Cond: ((k >= 2829743) AND (k <= 2829843))

table 8 : explain SELECT k, c FROM sbtest8 WHERE k BETWEEN 2829743 AND 2829843
	Bitmap Heap Scan on sbtest8  (cost=5.52..424.81 rows=106 width=125)
	  Recheck Cond: ((k >= 2829743) AND (k <= 2829843))
	  ->  Bitmap Index Scan on k_8  (cost=0.00..5.50 rows=106 width=0)
	        Index Cond: ((k >= 2829743) AND (k <= 2829843))

explain: for range-notcovered :: explain SELECT k, c FROM sbtest%d WHERE k BETWEEN 4162706 AND 4162806
for range-notcovered
table 1 : explain SELECT k, c FROM sbtest1 WHERE k BETWEEN 6130728 AND 6130828
	Bitmap Heap Scan on sbtest1  (cost=5.53..428.75 rows=107 width=125)
	  Recheck Cond: ((k >= 6130728) AND (k <= 6130828))
	  ->  Bitmap Index Scan on k_1  (cost=0.00..5.50 rows=107 width=0)
	        Index Cond: ((k >= 6130728) AND (k <= 6130828))

table 2 : explain SELECT k, c FROM sbtest2 WHERE k BETWEEN 6130728 AND 6130828
	Bitmap Heap Scan on sbtest2  (cost=5.45..397.25 rows=99 width=125)
	  Recheck Cond: ((k >= 6130728) AND (k <= 6130828))
	  ->  Bitmap Index Scan on k_2  (cost=0.00..5.42 rows=99 width=0)
	        Index Cond: ((k >= 6130728) AND (k <= 6130828))

table 3 : explain SELECT k, c FROM sbtest3 WHERE k BETWEEN 6130728 AND 6130828
	Bitmap Heap Scan on sbtest3  (cost=5.42..385.43 rows=96 width=125)
	  Recheck Cond: ((k >= 6130728) AND (k <= 6130828))
	  ->  Bitmap Index Scan on k_3  (cost=0.00..5.39 rows=96 width=0)
	        Index Cond: ((k >= 6130728) AND (k <= 6130828))

table 4 : explain SELECT k, c FROM sbtest4 WHERE k BETWEEN 6130728 AND 6130828
	Bitmap Heap Scan on sbtest4  (cost=5.39..373.61 rows=93 width=125)
	  Recheck Cond: ((k >= 6130728) AND (k <= 6130828))
	  ->  Bitmap Index Scan on k_4  (cost=0.00..5.36 rows=93 width=0)
	        Index Cond: ((k >= 6130728) AND (k <= 6130828))

table 5 : explain SELECT k, c FROM sbtest5 WHERE k BETWEEN 6130728 AND 6130828
	Bitmap Heap Scan on sbtest5  (cost=5.45..397.25 rows=99 width=125)
	  Recheck Cond: ((k >= 6130728) AND (k <= 6130828))
	  ->  Bitmap Index Scan on k_5  (cost=0.00..5.42 rows=99 width=0)
	        Index Cond: ((k >= 6130728) AND (k <= 6130828))

table 6 : explain SELECT k, c FROM sbtest6 WHERE k BETWEEN 6130728 AND 6130828
	Bitmap Heap Scan on sbtest6  (cost=5.46..401.19 rows=100 width=125)
	  Recheck Cond: ((k >= 6130728) AND (k <= 6130828))
	  ->  Bitmap Index Scan on k_6  (cost=0.00..5.43 rows=100 width=0)
	        Index Cond: ((k >= 6130728) AND (k <= 6130828))

table 7 : explain SELECT k, c FROM sbtest7 WHERE k BETWEEN 6130728 AND 6130828
	Bitmap Heap Scan on sbtest7  (cost=5.57..444.49 rows=111 width=125)
	  Recheck Cond: ((k >= 6130728) AND (k <= 6130828))
	  ->  Bitmap Index Scan on k_7  (cost=0.00..5.54 rows=111 width=0)
	        Index Cond: ((k >= 6130728) AND (k <= 6130828))

table 8 : explain SELECT k, c FROM sbtest8 WHERE k BETWEEN 6130728 AND 6130828
	Bitmap Heap Scan on sbtest8  (cost=5.52..424.81 rows=106 width=125)
	  Recheck Cond: ((k >= 6130728) AND (k <= 6130828))
	  ->  Bitmap Index Scan on k_8  (cost=0.00..5.50 rows=106 width=0)
	        Index Cond: ((k >= 6130728) AND (k <= 6130828))

for range-notcovered
table 1 : explain SELECT k, c FROM sbtest1 WHERE k BETWEEN 6823463 AND 6823563
	Bitmap Heap Scan on sbtest1  (cost=5.54..432.69 rows=108 width=125)
	  Recheck Cond: ((k >= 6823463) AND (k <= 6823563))
	  ->  Bitmap Index Scan on k_1  (cost=0.00..5.51 rows=108 width=0)
	        Index Cond: ((k >= 6823463) AND (k <= 6823563))

table 2 : explain SELECT k, c FROM sbtest2 WHERE k BETWEEN 6823463 AND 6823563
	Bitmap Heap Scan on sbtest2  (cost=5.52..424.81 rows=106 width=125)
	  Recheck Cond: ((k >= 6823463) AND (k <= 6823563))
	  ->  Bitmap Index Scan on k_2  (cost=0.00..5.50 rows=106 width=0)
	        Index Cond: ((k >= 6823463) AND (k <= 6823563))

table 3 : explain SELECT k, c FROM sbtest3 WHERE k BETWEEN 6823463 AND 6823563
	Bitmap Heap Scan on sbtest3  (cost=5.44..393.31 rows=98 width=125)
	  Recheck Cond: ((k >= 6823463) AND (k <= 6823563))
	  ->  Bitmap Index Scan on k_3  (cost=0.00..5.42 rows=98 width=0)
	        Index Cond: ((k >= 6823463) AND (k <= 6823563))

table 4 : explain SELECT k, c FROM sbtest4 WHERE k BETWEEN 6823463 AND 6823563
	Bitmap Heap Scan on sbtest4  (cost=5.43..389.37 rows=97 width=125)
	  Recheck Cond: ((k >= 6823463) AND (k <= 6823563))
	  ->  Bitmap Index Scan on k_4  (cost=0.00..5.40 rows=97 width=0)
	        Index Cond: ((k >= 6823463) AND (k <= 6823563))

table 5 : explain SELECT k, c FROM sbtest5 WHERE k BETWEEN 6823463 AND 6823563
	Bitmap Heap Scan on sbtest5  (cost=5.57..444.49 rows=111 width=125)
	  Recheck Cond: ((k >= 6823463) AND (k <= 6823563))
	  ->  Bitmap Index Scan on k_5  (cost=0.00..5.54 rows=111 width=0)
	        Index Cond: ((k >= 6823463) AND (k <= 6823563))

table 6 : explain SELECT k, c FROM sbtest6 WHERE k BETWEEN 6823463 AND 6823563
	Bitmap Heap Scan on sbtest6  (cost=5.44..393.31 rows=98 width=125)
	  Recheck Cond: ((k >= 6823463) AND (k <= 6823563))
	  ->  Bitmap Index Scan on k_6  (cost=0.00..5.42 rows=98 width=0)
	        Index Cond: ((k >= 6823463) AND (k <= 6823563))

table 7 : explain SELECT k, c FROM sbtest7 WHERE k BETWEEN 6823463 AND 6823563
	Bitmap Heap Scan on sbtest7  (cost=5.51..420.88 rows=105 width=125)
	  Recheck Cond: ((k >= 6823463) AND (k <= 6823563))
	  ->  Bitmap Index Scan on k_7  (cost=0.00..5.48 rows=105 width=0)
	        Index Cond: ((k >= 6823463) AND (k <= 6823563))

table 8 : explain SELECT k, c FROM sbtest8 WHERE k BETWEEN 6823463 AND 6823563
	Bitmap Heap Scan on sbtest8  (cost=5.43..389.37 rows=97 width=125)
	  Recheck Cond: ((k >= 6823463) AND (k <= 6823563))
	  ->  Bitmap Index Scan on k_8  (cost=0.00..5.40 rows=97 width=0)
	        Index Cond: ((k >= 6823463) AND (k <= 6823563))

explain: for range-notcovered :: explain SELECT k, c FROM sbtest%d WHERE k BETWEEN 6130728 AND 6130828
explain: for range-notcovered :: explain SELECT k, c FROM sbtest%d WHERE k BETWEEN 6823463 AND 6823563
for range-notcovered
table 1 : explain SELECT k, c FROM sbtest1 WHERE k BETWEEN 4162706 AND 4162806
	Bitmap Heap Scan on sbtest1  (cost=5.50..416.94 rows=104 width=125)
	  Recheck Cond: ((k >= 4162706) AND (k <= 4162806))
	  ->  Bitmap Index Scan on k_1  (cost=0.00..5.47 rows=104 width=0)
	        Index Cond: ((k >= 4162706) AND (k <= 4162806))

table 2 : explain SELECT k, c FROM sbtest2 WHERE k BETWEEN 4162706 AND 4162806
	Bitmap Heap Scan on sbtest2  (cost=5.63..468.09 rows=117 width=125)
	  Recheck Cond: ((k >= 4162706) AND (k <= 4162806))
	  ->  Bitmap Index Scan on k_2  (cost=0.00..5.60 rows=117 width=0)
	        Index Cond: ((k >= 4162706) AND (k <= 4162806))

table 3 : explain SELECT k, c FROM sbtest3 WHERE k BETWEEN 4162706 AND 4162806
	Bitmap Heap Scan on sbtest3  (cost=5.45..397.25 rows=99 width=125)
	  Recheck Cond: ((k >= 4162706) AND (k <= 4162806))
	  ->  Bitmap Index Scan on k_3  (cost=0.00..5.42 rows=99 width=0)
	        Index Cond: ((k >= 4162706) AND (k <= 4162806))

table 4 : explain SELECT k, c FROM sbtest4 WHERE k BETWEEN 4162706 AND 4162806
	Bitmap Heap Scan on sbtest4  (cost=5.38..369.67 rows=92 width=125)
	  Recheck Cond: ((k >= 4162706) AND (k <= 4162806))
	  ->  Bitmap Index Scan on k_4  (cost=0.00..5.35 rows=92 width=0)
	        Index Cond: ((k >= 4162706) AND (k <= 4162806))

table 5 : explain SELECT k, c FROM sbtest5 WHERE k BETWEEN 4162706 AND 4162806
	Bitmap Heap Scan on sbtest5  (cost=5.50..416.94 rows=104 width=125)
	  Recheck Cond: ((k >= 4162706) AND (k <= 4162806))
	  ->  Bitmap Index Scan on k_5  (cost=0.00..5.47 rows=104 width=0)
	        Index Cond: ((k >= 4162706) AND (k <= 4162806))

table 6 : explain SELECT k, c FROM sbtest6 WHERE k BETWEEN 4162706 AND 4162806
	Bitmap Heap Scan on sbtest6  (cost=5.43..389.37 rows=97 width=125)
	  Recheck Cond: ((k >= 4162706) AND (k <= 4162806))
	  ->  Bitmap Index Scan on k_6  (cost=0.00..5.40 rows=97 width=0)
	        Index Cond: ((k >= 4162706) AND (k <= 4162806))

table 7 : explain SELECT k, c FROM sbtest7 WHERE k BETWEEN 4162706 AND 4162806
	Bitmap Heap Scan on sbtest7  (cost=5.46..401.19 rows=100 width=125)
	  Recheck Cond: ((k >= 4162706) AND (k <= 4162806))
	  ->  Bitmap Index Scan on k_7  (cost=0.00..5.43 rows=100 width=0)
	        Index Cond: ((k >= 4162706) AND (k <= 4162806))

table 8 : explain SELECT k, c FROM sbtest8 WHERE k BETWEEN 4162706 AND 4162806
	Bitmap Heap Scan on sbtest8  (cost=5.47..405.13 rows=101 width=125)
	  Recheck Cond: ((k >= 4162706) AND (k <= 4162806))
	  ->  Bitmap Index Scan on k_8  (cost=0.00..5.44 rows=101 width=0)
	        Index Cond: ((k >= 4162706) AND (k <= 4162806))

explain: for range-notcovered :: explain SELECT k, c FROM sbtest%d WHERE k BETWEEN 4162706 AND 4162806
for range-notcovered
table 1 : explain SELECT k, c FROM sbtest1 WHERE k BETWEEN 6823463 AND 6823563
	Bitmap Heap Scan on sbtest1  (cost=5.54..432.69 rows=108 width=125)
	  Recheck Cond: ((k >= 6823463) AND (k <= 6823563))
	  ->  Bitmap Index Scan on k_1  (cost=0.00..5.51 rows=108 width=0)
	        Index Cond: ((k >= 6823463) AND (k <= 6823563))

table 2 : explain SELECT k, c FROM sbtest2 WHERE k BETWEEN 6823463 AND 6823563
	Bitmap Heap Scan on sbtest2  (cost=5.52..424.81 rows=106 width=125)
	  Recheck Cond: ((k >= 6823463) AND (k <= 6823563))
	  ->  Bitmap Index Scan on k_2  (cost=0.00..5.50 rows=106 width=0)
	        Index Cond: ((k >= 6823463) AND (k <= 6823563))

table 3 : explain SELECT k, c FROM sbtest3 WHERE k BETWEEN 6823463 AND 6823563
	Bitmap Heap Scan on sbtest3  (cost=5.44..393.31 rows=98 width=125)
	  Recheck Cond: ((k >= 6823463) AND (k <= 6823563))
	  ->  Bitmap Index Scan on k_3  (cost=0.00..5.42 rows=98 width=0)
	        Index Cond: ((k >= 6823463) AND (k <= 6823563))

table 4 : explain SELECT k, c FROM sbtest4 WHERE k BETWEEN 6823463 AND 6823563
	Bitmap Heap Scan on sbtest4  (cost=5.43..389.37 rows=97 width=125)
	  Recheck Cond: ((k >= 6823463) AND (k <= 6823563))
	  ->  Bitmap Index Scan on k_4  (cost=0.00..5.40 rows=97 width=0)
	        Index Cond: ((k >= 6823463) AND (k <= 6823563))

table 5 : explain SELECT k, c FROM sbtest5 WHERE k BETWEEN 6823463 AND 6823563
	Bitmap Heap Scan on sbtest5  (cost=5.57..444.49 rows=111 width=125)
	  Recheck Cond: ((k >= 6823463) AND (k <= 6823563))
	  ->  Bitmap Index Scan on k_5  (cost=0.00..5.54 rows=111 width=0)
	        Index Cond: ((k >= 6823463) AND (k <= 6823563))

table 6 : explain SELECT k, c FROM sbtest6 WHERE k BETWEEN 6823463 AND 6823563
	Bitmap Heap Scan on sbtest6  (cost=5.44..393.31 rows=98 width=125)
	  Recheck Cond: ((k >= 6823463) AND (k <= 6823563))
	  ->  Bitmap Index Scan on k_6  (cost=0.00..5.42 rows=98 width=0)
	        Index Cond: ((k >= 6823463) AND (k <= 6823563))

table 7 : explain SELECT k, c FROM sbtest7 WHERE k BETWEEN 6823463 AND 6823563
	Bitmap Heap Scan on sbtest7  (cost=5.51..420.88 rows=105 width=125)
	  Recheck Cond: ((k >= 6823463) AND (k <= 6823563))
	  ->  Bitmap Index Scan on k_7  (cost=0.00..5.48 rows=105 width=0)
	        Index Cond: ((k >= 6823463) AND (k <= 6823563))

table 8 : explain SELECT k, c FROM sbtest8 WHERE k BETWEEN 6823463 AND 6823563
	Bitmap Heap Scan on sbtest8  (cost=5.43..389.37 rows=97 width=125)
	  Recheck Cond: ((k >= 6823463) AND (k <= 6823563))
	  ->  Bitmap Index Scan on k_8  (cost=0.00..5.40 rows=97 width=0)
	        Index Cond: ((k >= 6823463) AND (k <= 6823563))

explain: for range-notcovered :: explain SELECT k, c FROM sbtest%d WHERE k BETWEEN 6823463 AND 6823563
for range-notcovered
table 1 : explain SELECT k, c FROM sbtest1 WHERE k BETWEEN 6130728 AND 6130828
	Bitmap Heap Scan on sbtest1  (cost=5.53..428.75 rows=107 width=125)
	  Recheck Cond: ((k >= 6130728) AND (k <= 6130828))
	  ->  Bitmap Index Scan on k_1  (cost=0.00..5.50 rows=107 width=0)
	        Index Cond: ((k >= 6130728) AND (k <= 6130828))

table 2 : explain SELECT k, c FROM sbtest2 WHERE k BETWEEN 6130728 AND 6130828
	Bitmap Heap Scan on sbtest2  (cost=5.45..397.25 rows=99 width=125)
	  Recheck Cond: ((k >= 6130728) AND (k <= 6130828))
	  ->  Bitmap Index Scan on k_2  (cost=0.00..5.42 rows=99 width=0)
	        Index Cond: ((k >= 6130728) AND (k <= 6130828))

table 3 : explain SELECT k, c FROM sbtest3 WHERE k BETWEEN 6130728 AND 6130828
	Bitmap Heap Scan on sbtest3  (cost=5.42..385.43 rows=96 width=125)
	  Recheck Cond: ((k >= 6130728) AND (k <= 6130828))
	  ->  Bitmap Index Scan on k_3  (cost=0.00..5.39 rows=96 width=0)
	        Index Cond: ((k >= 6130728) AND (k <= 6130828))

table 4 : explain SELECT k, c FROM sbtest4 WHERE k BETWEEN 6130728 AND 6130828
	Bitmap Heap Scan on sbtest4  (cost=5.39..373.61 rows=93 width=125)
	  Recheck Cond: ((k >= 6130728) AND (k <= 6130828))
	  ->  Bitmap Index Scan on k_4  (cost=0.00..5.36 rows=93 width=0)
	        Index Cond: ((k >= 6130728) AND (k <= 6130828))

table 5 : explain SELECT k, c FROM sbtest5 WHERE k BETWEEN 6130728 AND 6130828
	Bitmap Heap Scan on sbtest5  (cost=5.45..397.25 rows=99 width=125)
	  Recheck Cond: ((k >= 6130728) AND (k <= 6130828))
	  ->  Bitmap Index Scan on k_5  (cost=0.00..5.42 rows=99 width=0)
	        Index Cond: ((k >= 6130728) AND (k <= 6130828))

table 6 : explain SELECT k, c FROM sbtest6 WHERE k BETWEEN 6130728 AND 6130828
	Bitmap Heap Scan on sbtest6  (cost=5.46..401.19 rows=100 width=125)
	  Recheck Cond: ((k >= 6130728) AND (k <= 6130828))
	  ->  Bitmap Index Scan on k_6  (cost=0.00..5.43 rows=100 width=0)
	        Index Cond: ((k >= 6130728) AND (k <= 6130828))

table 7 : explain SELECT k, c FROM sbtest7 WHERE k BETWEEN 6130728 AND 6130828
	Bitmap Heap Scan on sbtest7  (cost=5.57..444.49 rows=111 width=125)
	  Recheck Cond: ((k >= 6130728) AND (k <= 6130828))
	  ->  Bitmap Index Scan on k_7  (cost=0.00..5.54 rows=111 width=0)
	        Index Cond: ((k >= 6130728) AND (k <= 6130828))

table 8 : explain SELECT k, c FROM sbtest8 WHERE k BETWEEN 6130728 AND 6130828
	Bitmap Heap Scan on sbtest8  (cost=5.52..424.81 rows=106 width=125)
	  Recheck Cond: ((k >= 6130728) AND (k <= 6130828))
	  ->  Bitmap Index Scan on k_8  (cost=0.00..5.50 rows=106 width=0)
	        Index Cond: ((k >= 6130728) AND (k <= 6130828))

explain: for range-notcovered :: explain SELECT k, c FROM sbtest%d WHERE k BETWEEN 6130728 AND 6130828
for range-notcovered
table 1 : explain SELECT k, c FROM sbtest1 WHERE k BETWEEN 6130728 AND 6130828
	Bitmap Heap Scan on sbtest1  (cost=5.53..428.75 rows=107 width=125)
	  Recheck Cond: ((k >= 6130728) AND (k <= 6130828))
	  ->  Bitmap Index Scan on k_1  (cost=0.00..5.50 rows=107 width=0)
	        Index Cond: ((k >= 6130728) AND (k <= 6130828))

table 2 : explain SELECT k, c FROM sbtest2 WHERE k BETWEEN 6130728 AND 6130828
	Bitmap Heap Scan on sbtest2  (cost=5.45..397.25 rows=99 width=125)
	  Recheck Cond: ((k >= 6130728) AND (k <= 6130828))
	  ->  Bitmap Index Scan on k_2  (cost=0.00..5.42 rows=99 width=0)
	        Index Cond: ((k >= 6130728) AND (k <= 6130828))

table 3 : explain SELECT k, c FROM sbtest3 WHERE k BETWEEN 6130728 AND 6130828
	Bitmap Heap Scan on sbtest3  (cost=5.42..385.43 rows=96 width=125)
	  Recheck Cond: ((k >= 6130728) AND (k <= 6130828))
	  ->  Bitmap Index Scan on k_3  (cost=0.00..5.39 rows=96 width=0)
	        Index Cond: ((k >= 6130728) AND (k <= 6130828))

table 4 : explain SELECT k, c FROM sbtest4 WHERE k BETWEEN 6130728 AND 6130828
	Bitmap Heap Scan on sbtest4  (cost=5.39..373.61 rows=93 width=125)
	  Recheck Cond: ((k >= 6130728) AND (k <= 6130828))
	  ->  Bitmap Index Scan on k_4  (cost=0.00..5.36 rows=93 width=0)
	        Index Cond: ((k >= 6130728) AND (k <= 6130828))

table 5 : explain SELECT k, c FROM sbtest5 WHERE k BETWEEN 6130728 AND 6130828
	Bitmap Heap Scan on sbtest5  (cost=5.45..397.25 rows=99 width=125)
	  Recheck Cond: ((k >= 6130728) AND (k <= 6130828))
	  ->  Bitmap Index Scan on k_5  (cost=0.00..5.42 rows=99 width=0)
	        Index Cond: ((k >= 6130728) AND (k <= 6130828))

table 6 : explain SELECT k, c FROM sbtest6 WHERE k BETWEEN 6130728 AND 6130828
	Bitmap Heap Scan on sbtest6  (cost=5.46..401.19 rows=100 width=125)
	  Recheck Cond: ((k >= 6130728) AND (k <= 6130828))
	  ->  Bitmap Index Scan on k_6  (cost=0.00..5.43 rows=100 width=0)
	        Index Cond: ((k >= 6130728) AND (k <= 6130828))

table 7 : explain SELECT k, c FROM sbtest7 WHERE k BETWEEN 6130728 AND 6130828
	Bitmap Heap Scan on sbtest7  (cost=5.57..444.49 rows=111 width=125)
	  Recheck Cond: ((k >= 6130728) AND (k <= 6130828))
	  ->  Bitmap Index Scan on k_7  (cost=0.00..5.54 rows=111 width=0)
	        Index Cond: ((k >= 6130728) AND (k <= 6130828))

table 8 : explain SELECT k, c FROM sbtest8 WHERE k BETWEEN 6130728 AND 6130828
	Bitmap Heap Scan on sbtest8  (cost=5.52..424.81 rows=106 width=125)
	  Recheck Cond: ((k >= 6130728) AND (k <= 6130828))
	  ->  Bitmap Index Scan on k_8  (cost=0.00..5.50 rows=106 width=0)
	        Index Cond: ((k >= 6130728) AND (k <= 6130828))

explain: for range-notcovered :: explain SELECT k, c FROM sbtest%d WHERE k BETWEEN 6130728 AND 6130828
for range-notcovered
table 1 : explain SELECT k, c FROM sbtest1 WHERE k BETWEEN 6823463 AND 6823563
	Bitmap Heap Scan on sbtest1  (cost=5.54..432.69 rows=108 width=125)
	  Recheck Cond: ((k >= 6823463) AND (k <= 6823563))
	  ->  Bitmap Index Scan on k_1  (cost=0.00..5.51 rows=108 width=0)
	        Index Cond: ((k >= 6823463) AND (k <= 6823563))

table 2 : explain SELECT k, c FROM sbtest2 WHERE k BETWEEN 6823463 AND 6823563
	Bitmap Heap Scan on sbtest2  (cost=5.52..424.81 rows=106 width=125)
	  Recheck Cond: ((k >= 6823463) AND (k <= 6823563))
	  ->  Bitmap Index Scan on k_2  (cost=0.00..5.50 rows=106 width=0)
	        Index Cond: ((k >= 6823463) AND (k <= 6823563))

table 3 : explain SELECT k, c FROM sbtest3 WHERE k BETWEEN 6823463 AND 6823563
	Bitmap Heap Scan on sbtest3  (cost=5.44..393.31 rows=98 width=125)
	  Recheck Cond: ((k >= 6823463) AND (k <= 6823563))
	  ->  Bitmap Index Scan on k_3  (cost=0.00..5.42 rows=98 width=0)
	        Index Cond: ((k >= 6823463) AND (k <= 6823563))

table 4 : explain SELECT k, c FROM sbtest4 WHERE k BETWEEN 6823463 AND 6823563
	Bitmap Heap Scan on sbtest4  (cost=5.43..389.37 rows=97 width=125)
	  Recheck Cond: ((k >= 6823463) AND (k <= 6823563))
	  ->  Bitmap Index Scan on k_4  (cost=0.00..5.40 rows=97 width=0)
	        Index Cond: ((k >= 6823463) AND (k <= 6823563))

table 5 : explain SELECT k, c FROM sbtest5 WHERE k BETWEEN 6823463 AND 6823563
	Bitmap Heap Scan on sbtest5  (cost=5.57..444.49 rows=111 width=125)
	  Recheck Cond: ((k >= 6823463) AND (k <= 6823563))
	  ->  Bitmap Index Scan on k_5  (cost=0.00..5.54 rows=111 width=0)
	        Index Cond: ((k >= 6823463) AND (k <= 6823563))

table 6 : explain SELECT k, c FROM sbtest6 WHERE k BETWEEN 6823463 AND 6823563
	Bitmap Heap Scan on sbtest6  (cost=5.44..393.31 rows=98 width=125)
	  Recheck Cond: ((k >= 6823463) AND (k <= 6823563))
	  ->  Bitmap Index Scan on k_6  (cost=0.00..5.42 rows=98 width=0)
	        Index Cond: ((k >= 6823463) AND (k <= 6823563))

table 7 : explain SELECT k, c FROM sbtest7 WHERE k BETWEEN 6823463 AND 6823563
	Bitmap Heap Scan on sbtest7  (cost=5.51..420.88 rows=105 width=125)
	  Recheck Cond: ((k >= 6823463) AND (k <= 6823563))
	  ->  Bitmap Index Scan on k_7  (cost=0.00..5.48 rows=105 width=0)
	        Index Cond: ((k >= 6823463) AND (k <= 6823563))

table 8 : explain SELECT k, c FROM sbtest8 WHERE k BETWEEN 6823463 AND 6823563
	Bitmap Heap Scan on sbtest8  (cost=5.43..389.37 rows=97 width=125)
	  Recheck Cond: ((k >= 6823463) AND (k <= 6823563))
	  ->  Bitmap Index Scan on k_8  (cost=0.00..5.40 rows=97 width=0)
	        Index Cond: ((k >= 6823463) AND (k <= 6823563))

for range-notcovered
table 1 : explain SELECT k, c FROM sbtest1 WHERE k BETWEEN 6130728 AND 6130828
	Bitmap Heap Scan on sbtest1  (cost=5.53..428.75 rows=107 width=125)
	  Recheck Cond: ((k >= 6130728) AND (k <= 6130828))
	  ->  Bitmap Index Scan on k_1  (cost=0.00..5.50 rows=107 width=0)
	        Index Cond: ((k >= 6130728) AND (k <= 6130828))

table 2 : explain SELECT k, c FROM sbtest2 WHERE k BETWEEN 6130728 AND 6130828
	Bitmap Heap Scan on sbtest2  (cost=5.45..397.25 rows=99 width=125)
	  Recheck Cond: ((k >= 6130728) AND (k <= 6130828))
	  ->  Bitmap Index Scan on k_2  (cost=0.00..5.42 rows=99 width=0)
	        Index Cond: ((k >= 6130728) AND (k <= 6130828))

table 3 : explain SELECT k, c FROM sbtest3 WHERE k BETWEEN 6130728 AND 6130828
	Bitmap Heap Scan on sbtest3  (cost=5.42..385.43 rows=96 width=125)
	  Recheck Cond: ((k >= 6130728) AND (k <= 6130828))
	  ->  Bitmap Index Scan on k_3  (cost=0.00..5.39 rows=96 width=0)
	        Index Cond: ((k >= 6130728) AND (k <= 6130828))

table 4 : explain SELECT k, c FROM sbtest4 WHERE k BETWEEN 6130728 AND 6130828
	Bitmap Heap Scan on sbtest4  (cost=5.39..373.61 rows=93 width=125)
	  Recheck Cond: ((k >= 6130728) AND (k <= 6130828))
	  ->  Bitmap Index Scan on k_4  (cost=0.00..5.36 rows=93 width=0)
	        Index Cond: ((k >= 6130728) AND (k <= 6130828))

table 5 : explain SELECT k, c FROM sbtest5 WHERE k BETWEEN 6130728 AND 6130828
	Bitmap Heap Scan on sbtest5  (cost=5.45..397.25 rows=99 width=125)
	  Recheck Cond: ((k >= 6130728) AND (k <= 6130828))
	  ->  Bitmap Index Scan on k_5  (cost=0.00..5.42 rows=99 width=0)
	        Index Cond: ((k >= 6130728) AND (k <= 6130828))

table 6 : explain SELECT k, c FROM sbtest6 WHERE k BETWEEN 6130728 AND 6130828
	Bitmap Heap Scan on sbtest6  (cost=5.46..401.19 rows=100 width=125)
	  Recheck Cond: ((k >= 6130728) AND (k <= 6130828))
	  ->  Bitmap Index Scan on k_6  (cost=0.00..5.43 rows=100 width=0)
	        Index Cond: ((k >= 6130728) AND (k <= 6130828))

table 7 : explain SELECT k, c FROM sbtest7 WHERE k BETWEEN 6130728 AND 6130828
	Bitmap Heap Scan on sbtest7  (cost=5.57..444.49 rows=111 width=125)
	  Recheck Cond: ((k >= 6130728) AND (k <= 6130828))
	  ->  Bitmap Index Scan on k_7  (cost=0.00..5.54 rows=111 width=0)
	        Index Cond: ((k >= 6130728) AND (k <= 6130828))

table 8 : explain SELECT k, c FROM sbtest8 WHERE k BETWEEN 6130728 AND 6130828
	Bitmap Heap Scan on sbtest8  (cost=5.52..424.81 rows=106 width=125)
	  Recheck Cond: ((k >= 6130728) AND (k <= 6130828))
	  ->  Bitmap Index Scan on k_8  (cost=0.00..5.50 rows=106 width=0)
	        Index Cond: ((k >= 6130728) AND (k <= 6130828))

explain: for range-notcovered :: explain SELECT k, c FROM sbtest%d WHERE k BETWEEN 6130728 AND 6130828
explain: for range-notcovered :: explain SELECT k, c FROM sbtest%d WHERE k BETWEEN 6823463 AND 6823563
for range-notcovered
table 1 : explain SELECT k, c FROM sbtest1 WHERE k BETWEEN 4162706 AND 4162806
	Bitmap Heap Scan on sbtest1  (cost=5.50..416.94 rows=104 width=125)
	  Recheck Cond: ((k >= 4162706) AND (k <= 4162806))
	  ->  Bitmap Index Scan on k_1  (cost=0.00..5.47 rows=104 width=0)
	        Index Cond: ((k >= 4162706) AND (k <= 4162806))

table 2 : explain SELECT k, c FROM sbtest2 WHERE k BETWEEN 4162706 AND 4162806
	Bitmap Heap Scan on sbtest2  (cost=5.63..468.09 rows=117 width=125)
	  Recheck Cond: ((k >= 4162706) AND (k <= 4162806))
	  ->  Bitmap Index Scan on k_2  (cost=0.00..5.60 rows=117 width=0)
	        Index Cond: ((k >= 4162706) AND (k <= 4162806))

table 3 : explain SELECT k, c FROM sbtest3 WHERE k BETWEEN 4162706 AND 4162806
	Bitmap Heap Scan on sbtest3  (cost=5.45..397.25 rows=99 width=125)
	  Recheck Cond: ((k >= 4162706) AND (k <= 4162806))
	  ->  Bitmap Index Scan on k_3  (cost=0.00..5.42 rows=99 width=0)
	        Index Cond: ((k >= 4162706) AND (k <= 4162806))

table 4 : explain SELECT k, c FROM sbtest4 WHERE k BETWEEN 4162706 AND 4162806
	Bitmap Heap Scan on sbtest4  (cost=5.38..369.67 rows=92 width=125)
	  Recheck Cond: ((k >= 4162706) AND (k <= 4162806))
	  ->  Bitmap Index Scan on k_4  (cost=0.00..5.35 rows=92 width=0)
	        Index Cond: ((k >= 4162706) AND (k <= 4162806))

table 5 : explain SELECT k, c FROM sbtest5 WHERE k BETWEEN 4162706 AND 4162806
	Bitmap Heap Scan on sbtest5  (cost=5.50..416.94 rows=104 width=125)
	  Recheck Cond: ((k >= 4162706) AND (k <= 4162806))
	  ->  Bitmap Index Scan on k_5  (cost=0.00..5.47 rows=104 width=0)
	        Index Cond: ((k >= 4162706) AND (k <= 4162806))

table 6 : explain SELECT k, c FROM sbtest6 WHERE k BETWEEN 4162706 AND 4162806
	Bitmap Heap Scan on sbtest6  (cost=5.43..389.37 rows=97 width=125)
	  Recheck Cond: ((k >= 4162706) AND (k <= 4162806))
	  ->  Bitmap Index Scan on k_6  (cost=0.00..5.40 rows=97 width=0)
	        Index Cond: ((k >= 4162706) AND (k <= 4162806))

table 7 : explain SELECT k, c FROM sbtest7 WHERE k BETWEEN 4162706 AND 4162806
	Bitmap Heap Scan on sbtest7  (cost=5.46..401.19 rows=100 width=125)
	  Recheck Cond: ((k >= 4162706) AND (k <= 4162806))
	  ->  Bitmap Index Scan on k_7  (cost=0.00..5.43 rows=100 width=0)
	        Index Cond: ((k >= 4162706) AND (k <= 4162806))

table 8 : explain SELECT k, c FROM sbtest8 WHERE k BETWEEN 4162706 AND 4162806
	Bitmap Heap Scan on sbtest8  (cost=5.47..405.13 rows=101 width=125)
	  Recheck Cond: ((k >= 4162706) AND (k <= 4162806))
	  ->  Bitmap Index Scan on k_8  (cost=0.00..5.44 rows=101 width=0)
	        Index Cond: ((k >= 4162706) AND (k <= 4162806))

explain: for range-notcovered :: explain SELECT k, c FROM sbtest%d WHERE k BETWEEN 4492873 AND 4492973
for range-notcovered
table 1 : explain SELECT k, c FROM sbtest1 WHERE k BETWEEN 6130728 AND 6130828
	Bitmap Heap Scan on sbtest1  (cost=5.53..428.75 rows=107 width=125)
	  Recheck Cond: ((k >= 6130728) AND (k <= 6130828))
	  ->  Bitmap Index Scan on k_1  (cost=0.00..5.50 rows=107 width=0)
	        Index Cond: ((k >= 6130728) AND (k <= 6130828))

table 2 : explain SELECT k, c FROM sbtest2 WHERE k BETWEEN 6130728 AND 6130828
	Bitmap Heap Scan on sbtest2  (cost=5.45..397.25 rows=99 width=125)
	  Recheck Cond: ((k >= 6130728) AND (k <= 6130828))
	  ->  Bitmap Index Scan on k_2  (cost=0.00..5.42 rows=99 width=0)
	        Index Cond: ((k >= 6130728) AND (k <= 6130828))

table 3 : explain SELECT k, c FROM sbtest3 WHERE k BETWEEN 6130728 AND 6130828
	Bitmap Heap Scan on sbtest3  (cost=5.42..385.43 rows=96 width=125)
	  Recheck Cond: ((k >= 6130728) AND (k <= 6130828))
	  ->  Bitmap Index Scan on k_3  (cost=0.00..5.39 rows=96 width=0)
	        Index Cond: ((k >= 6130728) AND (k <= 6130828))

table 4 : explain SELECT k, c FROM sbtest4 WHERE k BETWEEN 6130728 AND 6130828
	Bitmap Heap Scan on sbtest4  (cost=5.39..373.61 rows=93 width=125)
	  Recheck Cond: ((k >= 6130728) AND (k <= 6130828))
	  ->  Bitmap Index Scan on k_4  (cost=0.00..5.36 rows=93 width=0)
	        Index Cond: ((k >= 6130728) AND (k <= 6130828))

table 5 : explain SELECT k, c FROM sbtest5 WHERE k BETWEEN 6130728 AND 6130828
	Bitmap Heap Scan on sbtest5  (cost=5.45..397.25 rows=99 width=125)
	  Recheck Cond: ((k >= 6130728) AND (k <= 6130828))
	  ->  Bitmap Index Scan on k_5  (cost=0.00..5.42 rows=99 width=0)
	        Index Cond: ((k >= 6130728) AND (k <= 6130828))

table 6 : explain SELECT k, c FROM sbtest6 WHERE k BETWEEN 6130728 AND 6130828
	Bitmap Heap Scan on sbtest6  (cost=5.46..401.19 rows=100 width=125)
	  Recheck Cond: ((k >= 6130728) AND (k <= 6130828))
	  ->  Bitmap Index Scan on k_6  (cost=0.00..5.43 rows=100 width=0)
	        Index Cond: ((k >= 6130728) AND (k <= 6130828))

table 7 : explain SELECT k, c FROM sbtest7 WHERE k BETWEEN 6130728 AND 6130828
	Bitmap Heap Scan on sbtest7  (cost=5.57..444.49 rows=111 width=125)
	  Recheck Cond: ((k >= 6130728) AND (k <= 6130828))
	  ->  Bitmap Index Scan on k_7  (cost=0.00..5.54 rows=111 width=0)
	        Index Cond: ((k >= 6130728) AND (k <= 6130828))

table 8 : explain SELECT k, c FROM sbtest8 WHERE k BETWEEN 6130728 AND 6130828
	Bitmap Heap Scan on sbtest8  (cost=5.52..424.81 rows=106 width=125)
	  Recheck Cond: ((k >= 6130728) AND (k <= 6130828))
	  ->  Bitmap Index Scan on k_8  (cost=0.00..5.50 rows=106 width=0)
	        Index Cond: ((k >= 6130728) AND (k <= 6130828))

explain: for range-notcovered :: explain SELECT k, c FROM sbtest%d WHERE k BETWEEN 6130728 AND 6130828
for range-notcovered
table 1 : explain SELECT k, c FROM sbtest1 WHERE k BETWEEN 4716305 AND 4716405
	Bitmap Heap Scan on sbtest1  (cost=5.44..393.31 rows=98 width=125)
	  Recheck Cond: ((k >= 4716305) AND (k <= 4716405))
	  ->  Bitmap Index Scan on k_1  (cost=0.00..5.42 rows=98 width=0)
	        Index Cond: ((k >= 4716305) AND (k <= 4716405))

table 2 : explain SELECT k, c FROM sbtest2 WHERE k BETWEEN 4716305 AND 4716405
	Bitmap Heap Scan on sbtest2  (cost=5.48..409.07 rows=102 width=125)
	  Recheck Cond: ((k >= 4716305) AND (k <= 4716405))
	  ->  Bitmap Index Scan on k_2  (cost=0.00..5.45 rows=102 width=0)
	        Index Cond: ((k >= 4716305) AND (k <= 4716405))

table 3 : explain SELECT k, c FROM sbtest3 WHERE k BETWEEN 4716305 AND 4716405
	Bitmap Heap Scan on sbtest3  (cost=5.50..416.94 rows=104 width=125)
	  Recheck Cond: ((k >= 4716305) AND (k <= 4716405))
	  ->  Bitmap Index Scan on k_3  (cost=0.00..5.47 rows=104 width=0)
	        Index Cond: ((k >= 4716305) AND (k <= 4716405))

table 4 : explain SELECT k, c FROM sbtest4 WHERE k BETWEEN 4716305 AND 4716405
	Bitmap Heap Scan on sbtest4  (cost=5.54..432.69 rows=108 width=125)
	  Recheck Cond: ((k >= 4716305) AND (k <= 4716405))
	  ->  Bitmap Index Scan on k_4  (cost=0.00..5.51 rows=108 width=0)
	        Index Cond: ((k >= 4716305) AND (k <= 4716405))

table 5 : explain SELECT k, c FROM sbtest5 WHERE k BETWEEN 4716305 AND 4716405
	Bitmap Heap Scan on sbtest5  (cost=5.46..401.19 rows=100 width=125)
	  Recheck Cond: ((k >= 4716305) AND (k <= 4716405))
	  ->  Bitmap Index Scan on k_5  (cost=0.00..5.43 rows=100 width=0)
	        Index Cond: ((k >= 4716305) AND (k <= 4716405))

table 6 : explain SELECT k, c FROM sbtest6 WHERE k BETWEEN 4716305 AND 4716405
	Bitmap Heap Scan on sbtest6  (cost=5.45..397.25 rows=99 width=125)
	  Recheck Cond: ((k >= 4716305) AND (k <= 4716405))
	  ->  Bitmap Index Scan on k_6  (cost=0.00..5.42 rows=99 width=0)
	        Index Cond: ((k >= 4716305) AND (k <= 4716405))

table 7 : explain SELECT k, c FROM sbtest7 WHERE k BETWEEN 4716305 AND 4716405
	Bitmap Heap Scan on sbtest7  (cost=5.44..393.31 rows=98 width=125)
	  Recheck Cond: ((k >= 4716305) AND (k <= 4716405))
	  ->  Bitmap Index Scan on k_7  (cost=0.00..5.42 rows=98 width=0)
	        Index Cond: ((k >= 4716305) AND (k <= 4716405))

table 8 : explain SELECT k, c FROM sbtest8 WHERE k BETWEEN 4716305 AND 4716405
	Bitmap Heap Scan on sbtest8  (cost=5.50..416.94 rows=104 width=125)
	  Recheck Cond: ((k >= 4716305) AND (k <= 4716405))
	  ->  Bitmap Index Scan on k_8  (cost=0.00..5.47 rows=104 width=0)
	        Index Cond: ((k >= 4716305) AND (k <= 4716405))

for range-notcovered
table 1 : explain SELECT k, c FROM sbtest1 WHERE k BETWEEN 6130728 AND 6130828
	Bitmap Heap Scan on sbtest1  (cost=5.53..428.75 rows=107 width=125)
	  Recheck Cond: ((k >= 6130728) AND (k <= 6130828))
	  ->  Bitmap Index Scan on k_1  (cost=0.00..5.50 rows=107 width=0)
	        Index Cond: ((k >= 6130728) AND (k <= 6130828))

table 2 : explain SELECT k, c FROM sbtest2 WHERE k BETWEEN 6130728 AND 6130828
	Bitmap Heap Scan on sbtest2  (cost=5.45..397.25 rows=99 width=125)
	  Recheck Cond: ((k >= 6130728) AND (k <= 6130828))
	  ->  Bitmap Index Scan on k_2  (cost=0.00..5.42 rows=99 width=0)
	        Index Cond: ((k >= 6130728) AND (k <= 6130828))

table 3 : explain SELECT k, c FROM sbtest3 WHERE k BETWEEN 6130728 AND 6130828
	Bitmap Heap Scan on sbtest3  (cost=5.42..385.43 rows=96 width=125)
	  Recheck Cond: ((k >= 6130728) AND (k <= 6130828))
	  ->  Bitmap Index Scan on k_3  (cost=0.00..5.39 rows=96 width=0)
	        Index Cond: ((k >= 6130728) AND (k <= 6130828))

table 4 : explain SELECT k, c FROM sbtest4 WHERE k BETWEEN 6130728 AND 6130828
	Bitmap Heap Scan on sbtest4  (cost=5.39..373.61 rows=93 width=125)
	  Recheck Cond: ((k >= 6130728) AND (k <= 6130828))
	  ->  Bitmap Index Scan on k_4  (cost=0.00..5.36 rows=93 width=0)
	        Index Cond: ((k >= 6130728) AND (k <= 6130828))

table 5 : explain SELECT k, c FROM sbtest5 WHERE k BETWEEN 6130728 AND 6130828
	Bitmap Heap Scan on sbtest5  (cost=5.45..397.25 rows=99 width=125)
	  Recheck Cond: ((k >= 6130728) AND (k <= 6130828))
	  ->  Bitmap Index Scan on k_5  (cost=0.00..5.42 rows=99 width=0)
	        Index Cond: ((k >= 6130728) AND (k <= 6130828))

table 6 : explain SELECT k, c FROM sbtest6 WHERE k BETWEEN 6130728 AND 6130828
	Bitmap Heap Scan on sbtest6  (cost=5.46..401.19 rows=100 width=125)
	  Recheck Cond: ((k >= 6130728) AND (k <= 6130828))
	  ->  Bitmap Index Scan on k_6  (cost=0.00..5.43 rows=100 width=0)
	        Index Cond: ((k >= 6130728) AND (k <= 6130828))

table 7 : explain SELECT k, c FROM sbtest7 WHERE k BETWEEN 6130728 AND 6130828
	Bitmap Heap Scan on sbtest7  (cost=5.57..444.49 rows=111 width=125)
	  Recheck Cond: ((k >= 6130728) AND (k <= 6130828))
	  ->  Bitmap Index Scan on k_7  (cost=0.00..5.54 rows=111 width=0)
	        Index Cond: ((k >= 6130728) AND (k <= 6130828))

table 8 : explain SELECT k, c FROM sbtest8 WHERE k BETWEEN 6130728 AND 6130828
	Bitmap Heap Scan on sbtest8  (cost=5.52..424.81 rows=106 width=125)
	  Recheck Cond: ((k >= 6130728) AND (k <= 6130828))
	  ->  Bitmap Index Scan on k_8  (cost=0.00..5.50 rows=106 width=0)
	        Index Cond: ((k >= 6130728) AND (k <= 6130828))

explain: for range-notcovered :: explain SELECT k, c FROM sbtest%d WHERE k BETWEEN 4716305 AND 4716405
for range-notcovered
table 1 : explain SELECT k, c FROM sbtest1 WHERE k BETWEEN 4716305 AND 4716405
	Bitmap Heap Scan on sbtest1  (cost=5.44..393.31 rows=98 width=125)
	  Recheck Cond: ((k >= 4716305) AND (k <= 4716405))
	  ->  Bitmap Index Scan on k_1  (cost=0.00..5.42 rows=98 width=0)
	        Index Cond: ((k >= 4716305) AND (k <= 4716405))

table 2 : explain SELECT k, c FROM sbtest2 WHERE k BETWEEN 4716305 AND 4716405
	Bitmap Heap Scan on sbtest2  (cost=5.48..409.07 rows=102 width=125)
	  Recheck Cond: ((k >= 4716305) AND (k <= 4716405))
	  ->  Bitmap Index Scan on k_2  (cost=0.00..5.45 rows=102 width=0)
	        Index Cond: ((k >= 4716305) AND (k <= 4716405))

table 3 : explain SELECT k, c FROM sbtest3 WHERE k BETWEEN 4716305 AND 4716405
	Bitmap Heap Scan on sbtest3  (cost=5.50..416.94 rows=104 width=125)
	  Recheck Cond: ((k >= 4716305) AND (k <= 4716405))
	  ->  Bitmap Index Scan on k_3  (cost=0.00..5.47 rows=104 width=0)
	        Index Cond: ((k >= 4716305) AND (k <= 4716405))

table 4 : explain SELECT k, c FROM sbtest4 WHERE k BETWEEN 4716305 AND 4716405
	Bitmap Heap Scan on sbtest4  (cost=5.54..432.69 rows=108 width=125)
	  Recheck Cond: ((k >= 4716305) AND (k <= 4716405))
	  ->  Bitmap Index Scan on k_4  (cost=0.00..5.51 rows=108 width=0)
	        Index Cond: ((k >= 4716305) AND (k <= 4716405))

table 5 : explain SELECT k, c FROM sbtest5 WHERE k BETWEEN 4716305 AND 4716405
	Bitmap Heap Scan on sbtest5  (cost=5.46..401.19 rows=100 width=125)
	  Recheck Cond: ((k >= 4716305) AND (k <= 4716405))
	  ->  Bitmap Index Scan on k_5  (cost=0.00..5.43 rows=100 width=0)
	        Index Cond: ((k >= 4716305) AND (k <= 4716405))

table 6 : explain SELECT k, c FROM sbtest6 WHERE k BETWEEN 4716305 AND 4716405
	Bitmap Heap Scan on sbtest6  (cost=5.45..397.25 rows=99 width=125)
	  Recheck Cond: ((k >= 4716305) AND (k <= 4716405))
	  ->  Bitmap Index Scan on k_6  (cost=0.00..5.42 rows=99 width=0)
	        Index Cond: ((k >= 4716305) AND (k <= 4716405))

table 7 : explain SELECT k, c FROM sbtest7 WHERE k BETWEEN 4716305 AND 4716405
	Bitmap Heap Scan on sbtest7  (cost=5.44..393.31 rows=98 width=125)
	  Recheck Cond: ((k >= 4716305) AND (k <= 4716405))
	  ->  Bitmap Index Scan on k_7  (cost=0.00..5.42 rows=98 width=0)
	        Index Cond: ((k >= 4716305) AND (k <= 4716405))

table 8 : explain SELECT k, c FROM sbtest8 WHERE k BETWEEN 4716305 AND 4716405
	Bitmap Heap Scan on sbtest8  (cost=5.50..416.94 rows=104 width=125)
	  Recheck Cond: ((k >= 4716305) AND (k <= 4716405))
	  ->  Bitmap Index Scan on k_8  (cost=0.00..5.47 rows=104 width=0)
	        Index Cond: ((k >= 4716305) AND (k <= 4716405))

explain: for range-notcovered :: explain SELECT k, c FROM sbtest%d WHERE k BETWEEN 4716305 AND 4716405
for range-notcovered
table 1 : explain SELECT k, c FROM sbtest1 WHERE k BETWEEN 4716305 AND 4716405
	Bitmap Heap Scan on sbtest1  (cost=5.44..393.31 rows=98 width=125)
	  Recheck Cond: ((k >= 4716305) AND (k <= 4716405))
	  ->  Bitmap Index Scan on k_1  (cost=0.00..5.42 rows=98 width=0)
	        Index Cond: ((k >= 4716305) AND (k <= 4716405))

table 2 : explain SELECT k, c FROM sbtest2 WHERE k BETWEEN 4716305 AND 4716405
	Bitmap Heap Scan on sbtest2  (cost=5.48..409.07 rows=102 width=125)
	  Recheck Cond: ((k >= 4716305) AND (k <= 4716405))
	  ->  Bitmap Index Scan on k_2  (cost=0.00..5.45 rows=102 width=0)
	        Index Cond: ((k >= 4716305) AND (k <= 4716405))

table 3 : explain SELECT k, c FROM sbtest3 WHERE k BETWEEN 4716305 AND 4716405
	Bitmap Heap Scan on sbtest3  (cost=5.50..416.94 rows=104 width=125)
	  Recheck Cond: ((k >= 4716305) AND (k <= 4716405))
	  ->  Bitmap Index Scan on k_3  (cost=0.00..5.47 rows=104 width=0)
	        Index Cond: ((k >= 4716305) AND (k <= 4716405))

table 4 : explain SELECT k, c FROM sbtest4 WHERE k BETWEEN 4716305 AND 4716405
	Bitmap Heap Scan on sbtest4  (cost=5.54..432.69 rows=108 width=125)
	  Recheck Cond: ((k >= 4716305) AND (k <= 4716405))
	  ->  Bitmap Index Scan on k_4  (cost=0.00..5.51 rows=108 width=0)
	        Index Cond: ((k >= 4716305) AND (k <= 4716405))

table 5 : explain SELECT k, c FROM sbtest5 WHERE k BETWEEN 4716305 AND 4716405
	Bitmap Heap Scan on sbtest5  (cost=5.46..401.19 rows=100 width=125)
	  Recheck Cond: ((k >= 4716305) AND (k <= 4716405))
	  ->  Bitmap Index Scan on k_5  (cost=0.00..5.43 rows=100 width=0)
	        Index Cond: ((k >= 4716305) AND (k <= 4716405))

table 6 : explain SELECT k, c FROM sbtest6 WHERE k BETWEEN 4716305 AND 4716405
	Bitmap Heap Scan on sbtest6  (cost=5.45..397.25 rows=99 width=125)
	  Recheck Cond: ((k >= 4716305) AND (k <= 4716405))
	  ->  Bitmap Index Scan on k_6  (cost=0.00..5.42 rows=99 width=0)
	        Index Cond: ((k >= 4716305) AND (k <= 4716405))

table 7 : explain SELECT k, c FROM sbtest7 WHERE k BETWEEN 4716305 AND 4716405
	Bitmap Heap Scan on sbtest7  (cost=5.44..393.31 rows=98 width=125)
	  Recheck Cond: ((k >= 4716305) AND (k <= 4716405))
	  ->  Bitmap Index Scan on k_7  (cost=0.00..5.42 rows=98 width=0)
	        Index Cond: ((k >= 4716305) AND (k <= 4716405))

table 8 : explain SELECT k, c FROM sbtest8 WHERE k BETWEEN 4716305 AND 4716405
	Bitmap Heap Scan on sbtest8  (cost=5.50..416.94 rows=104 width=125)
	  Recheck Cond: ((k >= 4716305) AND (k <= 4716405))
	  ->  Bitmap Index Scan on k_8  (cost=0.00..5.47 rows=104 width=0)
	        Index Cond: ((k >= 4716305) AND (k <= 4716405))

explain: for range-notcovered :: explain SELECT k, c FROM sbtest%d WHERE k BETWEEN 4716305 AND 4716405
explain: for range-notcovered :: explain SELECT k, c FROM sbtest%d WHERE k BETWEEN 538505 AND 538605
for range-notcovered
table 1 : explain SELECT k, c FROM sbtest1 WHERE k BETWEEN 4492873 AND 4492973
	Bitmap Heap Scan on sbtest1  (cost=5.59..452.36 rows=113 width=125)
	  Recheck Cond: ((k >= 4492873) AND (k <= 4492973))
	  ->  Bitmap Index Scan on k_1  (cost=0.00..5.56 rows=113 width=0)
	        Index Cond: ((k >= 4492873) AND (k <= 4492973))

table 2 : explain SELECT k, c FROM sbtest2 WHERE k BETWEEN 4492873 AND 4492973
	Bitmap Heap Scan on sbtest2  (cost=5.45..397.25 rows=99 width=125)
	  Recheck Cond: ((k >= 4492873) AND (k <= 4492973))
	  ->  Bitmap Index Scan on k_2  (cost=0.00..5.42 rows=99 width=0)
	        Index Cond: ((k >= 4492873) AND (k <= 4492973))

table 3 : explain SELECT k, c FROM sbtest3 WHERE k BETWEEN 4492873 AND 4492973
	Bitmap Heap Scan on sbtest3  (cost=5.56..440.56 rows=110 width=125)
	  Recheck Cond: ((k >= 4492873) AND (k <= 4492973))
	  ->  Bitmap Index Scan on k_3  (cost=0.00..5.53 rows=110 width=0)
	        Index Cond: ((k >= 4492873) AND (k <= 4492973))

table 4 : explain SELECT k, c FROM sbtest4 WHERE k BETWEEN 4492873 AND 4492973
	Bitmap Heap Scan on sbtest4  (cost=5.49..413.00 rows=103 width=125)
	  Recheck Cond: ((k >= 4492873) AND (k <= 4492973))
	  ->  Bitmap Index Scan on k_4  (cost=0.00..5.46 rows=103 width=0)
	        Index Cond: ((k >= 4492873) AND (k <= 4492973))

table 5 : explain SELECT k, c FROM sbtest5 WHERE k BETWEEN 4492873 AND 4492973
	Bitmap Heap Scan on sbtest5  (cost=5.46..401.19 rows=100 width=125)
	  Recheck Cond: ((k >= 4492873) AND (k <= 4492973))
	  ->  Bitmap Index Scan on k_5  (cost=0.00..5.43 rows=100 width=0)
	        Index Cond: ((k >= 4492873) AND (k <= 4492973))

table 6 : explain SELECT k, c FROM sbtest6 WHERE k BETWEEN 4492873 AND 4492973
	Bitmap Heap Scan on sbtest6  (cost=5.57..444.49 rows=111 width=125)
	  Recheck Cond: ((k >= 4492873) AND (k <= 4492973))
	  ->  Bitmap Index Scan on k_6  (cost=0.00..5.54 rows=111 width=0)
	        Index Cond: ((k >= 4492873) AND (k <= 4492973))

table 7 : explain SELECT k, c FROM sbtest7 WHERE k BETWEEN 4492873 AND 4492973
	Bitmap Heap Scan on sbtest7  (cost=5.44..393.31 rows=98 width=125)
	  Recheck Cond: ((k >= 4492873) AND (k <= 4492973))
	  ->  Bitmap Index Scan on k_7  (cost=0.00..5.42 rows=98 width=0)
	        Index Cond: ((k >= 4492873) AND (k <= 4492973))

table 8 : explain SELECT k, c FROM sbtest8 WHERE k BETWEEN 4492873 AND 4492973
	Bitmap Heap Scan on sbtest8  (cost=5.51..420.88 rows=105 width=125)
	  Recheck Cond: ((k >= 4492873) AND (k <= 4492973))
	  ->  Bitmap Index Scan on k_8  (cost=0.00..5.48 rows=105 width=0)
	        Index Cond: ((k >= 4492873) AND (k <= 4492973))

explain: for range-notcovered :: explain SELECT k, c FROM sbtest%d WHERE k BETWEEN 4866550 AND 4866650
explain: for range-notcovered :: explain SELECT k, c FROM sbtest%d WHERE k BETWEEN 4492873 AND 4492973
for range-notcovered
table 1 : explain SELECT k, c FROM sbtest1 WHERE k BETWEEN 4716305 AND 4716405
	Bitmap Heap Scan on sbtest1  (cost=5.44..393.31 rows=98 width=125)
	  Recheck Cond: ((k >= 4716305) AND (k <= 4716405))
	  ->  Bitmap Index Scan on k_1  (cost=0.00..5.42 rows=98 width=0)
	        Index Cond: ((k >= 4716305) AND (k <= 4716405))

table 2 : explain SELECT k, c FROM sbtest2 WHERE k BETWEEN 4716305 AND 4716405
	Bitmap Heap Scan on sbtest2  (cost=5.48..409.07 rows=102 width=125)
	  Recheck Cond: ((k >= 4716305) AND (k <= 4716405))
	  ->  Bitmap Index Scan on k_2  (cost=0.00..5.45 rows=102 width=0)
	        Index Cond: ((k >= 4716305) AND (k <= 4716405))

table 3 : explain SELECT k, c FROM sbtest3 WHERE k BETWEEN 4716305 AND 4716405
	Bitmap Heap Scan on sbtest3  (cost=5.50..416.94 rows=104 width=125)
	  Recheck Cond: ((k >= 4716305) AND (k <= 4716405))
	  ->  Bitmap Index Scan on k_3  (cost=0.00..5.47 rows=104 width=0)
	        Index Cond: ((k >= 4716305) AND (k <= 4716405))

table 4 : explain SELECT k, c FROM sbtest4 WHERE k BETWEEN 4716305 AND 4716405
	Bitmap Heap Scan on sbtest4  (cost=5.54..432.69 rows=108 width=125)
	  Recheck Cond: ((k >= 4716305) AND (k <= 4716405))
	  ->  Bitmap Index Scan on k_4  (cost=0.00..5.51 rows=108 width=0)
	        Index Cond: ((k >= 4716305) AND (k <= 4716405))

table 5 : explain SELECT k, c FROM sbtest5 WHERE k BETWEEN 4716305 AND 4716405
	Bitmap Heap Scan on sbtest5  (cost=5.46..401.19 rows=100 width=125)
	  Recheck Cond: ((k >= 4716305) AND (k <= 4716405))
	  ->  Bitmap Index Scan on k_5  (cost=0.00..5.43 rows=100 width=0)
	        Index Cond: ((k >= 4716305) AND (k <= 4716405))

table 6 : explain SELECT k, c FROM sbtest6 WHERE k BETWEEN 4716305 AND 4716405
	Bitmap Heap Scan on sbtest6  (cost=5.45..397.25 rows=99 width=125)
	  Recheck Cond: ((k >= 4716305) AND (k <= 4716405))
	  ->  Bitmap Index Scan on k_6  (cost=0.00..5.42 rows=99 width=0)
	        Index Cond: ((k >= 4716305) AND (k <= 4716405))

table 7 : explain SELECT k, c FROM sbtest7 WHERE k BETWEEN 4716305 AND 4716405
	Bitmap Heap Scan on sbtest7  (cost=5.44..393.31 rows=98 width=125)
	  Recheck Cond: ((k >= 4716305) AND (k <= 4716405))
	  ->  Bitmap Index Scan on k_7  (cost=0.00..5.42 rows=98 width=0)
	        Index Cond: ((k >= 4716305) AND (k <= 4716405))

table 8 : explain SELECT k, c FROM sbtest8 WHERE k BETWEEN 4716305 AND 4716405
	Bitmap Heap Scan on sbtest8  (cost=5.50..416.94 rows=104 width=125)
	  Recheck Cond: ((k >= 4716305) AND (k <= 4716405))
	  ->  Bitmap Index Scan on k_8  (cost=0.00..5.47 rows=104 width=0)
	        Index Cond: ((k >= 4716305) AND (k <= 4716405))

explain: for range-notcovered :: explain SELECT k, c FROM sbtest%d WHERE k BETWEEN 4716305 AND 4716405
for range-notcovered
table 1 : explain SELECT k, c FROM sbtest1 WHERE k BETWEEN 4492873 AND 4492973
	Bitmap Heap Scan on sbtest1  (cost=5.59..452.36 rows=113 width=125)
	  Recheck Cond: ((k >= 4492873) AND (k <= 4492973))
	  ->  Bitmap Index Scan on k_1  (cost=0.00..5.56 rows=113 width=0)
	        Index Cond: ((k >= 4492873) AND (k <= 4492973))

table 2 : explain SELECT k, c FROM sbtest2 WHERE k BETWEEN 4492873 AND 4492973
	Bitmap Heap Scan on sbtest2  (cost=5.45..397.25 rows=99 width=125)
	  Recheck Cond: ((k >= 4492873) AND (k <= 4492973))
	  ->  Bitmap Index Scan on k_2  (cost=0.00..5.42 rows=99 width=0)
	        Index Cond: ((k >= 4492873) AND (k <= 4492973))

table 3 : explain SELECT k, c FROM sbtest3 WHERE k BETWEEN 4492873 AND 4492973
	Bitmap Heap Scan on sbtest3  (cost=5.56..440.56 rows=110 width=125)
	  Recheck Cond: ((k >= 4492873) AND (k <= 4492973))
	  ->  Bitmap Index Scan on k_3  (cost=0.00..5.53 rows=110 width=0)
	        Index Cond: ((k >= 4492873) AND (k <= 4492973))

table 4 : explain SELECT k, c FROM sbtest4 WHERE k BETWEEN 4492873 AND 4492973
	Bitmap Heap Scan on sbtest4  (cost=5.49..413.00 rows=103 width=125)
	  Recheck Cond: ((k >= 4492873) AND (k <= 4492973))
	  ->  Bitmap Index Scan on k_4  (cost=0.00..5.46 rows=103 width=0)
	        Index Cond: ((k >= 4492873) AND (k <= 4492973))

table 5 : explain SELECT k, c FROM sbtest5 WHERE k BETWEEN 4492873 AND 4492973
	Bitmap Heap Scan on sbtest5  (cost=5.46..401.19 rows=100 width=125)
	  Recheck Cond: ((k >= 4492873) AND (k <= 4492973))
	  ->  Bitmap Index Scan on k_5  (cost=0.00..5.43 rows=100 width=0)
	        Index Cond: ((k >= 4492873) AND (k <= 4492973))

table 6 : explain SELECT k, c FROM sbtest6 WHERE k BETWEEN 4492873 AND 4492973
	Bitmap Heap Scan on sbtest6  (cost=5.57..444.49 rows=111 width=125)
	  Recheck Cond: ((k >= 4492873) AND (k <= 4492973))
	  ->  Bitmap Index Scan on k_6  (cost=0.00..5.54 rows=111 width=0)
	        Index Cond: ((k >= 4492873) AND (k <= 4492973))

table 7 : explain SELECT k, c FROM sbtest7 WHERE k BETWEEN 4492873 AND 4492973
	Bitmap Heap Scan on sbtest7  (cost=5.44..393.31 rows=98 width=125)
	  Recheck Cond: ((k >= 4492873) AND (k <= 4492973))
	  ->  Bitmap Index Scan on k_7  (cost=0.00..5.42 rows=98 width=0)
	        Index Cond: ((k >= 4492873) AND (k <= 4492973))

table 8 : explain SELECT k, c FROM sbtest8 WHERE k BETWEEN 4492873 AND 4492973
	Bitmap Heap Scan on sbtest8  (cost=5.51..420.88 rows=105 width=125)
	  Recheck Cond: ((k >= 4492873) AND (k <= 4492973))
	  ->  Bitmap Index Scan on k_8  (cost=0.00..5.48 rows=105 width=0)
	        Index Cond: ((k >= 4492873) AND (k <= 4492973))

explain: for range-notcovered :: explain SELECT k, c FROM sbtest%d WHERE k BETWEEN 4492873 AND 4492973
for range-notcovered
table 1 : explain SELECT k, c FROM sbtest1 WHERE k BETWEEN 4716305 AND 4716405
	Bitmap Heap Scan on sbtest1  (cost=5.44..393.31 rows=98 width=125)
	  Recheck Cond: ((k >= 4716305) AND (k <= 4716405))
	  ->  Bitmap Index Scan on k_1  (cost=0.00..5.42 rows=98 width=0)
	        Index Cond: ((k >= 4716305) AND (k <= 4716405))

table 2 : explain SELECT k, c FROM sbtest2 WHERE k BETWEEN 4716305 AND 4716405
	Bitmap Heap Scan on sbtest2  (cost=5.48..409.07 rows=102 width=125)
	  Recheck Cond: ((k >= 4716305) AND (k <= 4716405))
	  ->  Bitmap Index Scan on k_2  (cost=0.00..5.45 rows=102 width=0)
	        Index Cond: ((k >= 4716305) AND (k <= 4716405))

table 3 : explain SELECT k, c FROM sbtest3 WHERE k BETWEEN 4716305 AND 4716405
	Bitmap Heap Scan on sbtest3  (cost=5.50..416.94 rows=104 width=125)
	  Recheck Cond: ((k >= 4716305) AND (k <= 4716405))
	  ->  Bitmap Index Scan on k_3  (cost=0.00..5.47 rows=104 width=0)
	        Index Cond: ((k >= 4716305) AND (k <= 4716405))

table 4 : explain SELECT k, c FROM sbtest4 WHERE k BETWEEN 4716305 AND 4716405
	Bitmap Heap Scan on sbtest4  (cost=5.54..432.69 rows=108 width=125)
	  Recheck Cond: ((k >= 4716305) AND (k <= 4716405))
	  ->  Bitmap Index Scan on k_4  (cost=0.00..5.51 rows=108 width=0)
	        Index Cond: ((k >= 4716305) AND (k <= 4716405))

table 5 : explain SELECT k, c FROM sbtest5 WHERE k BETWEEN 4716305 AND 4716405
	Bitmap Heap Scan on sbtest5  (cost=5.46..401.19 rows=100 width=125)
	  Recheck Cond: ((k >= 4716305) AND (k <= 4716405))
	  ->  Bitmap Index Scan on k_5  (cost=0.00..5.43 rows=100 width=0)
	        Index Cond: ((k >= 4716305) AND (k <= 4716405))

table 6 : explain SELECT k, c FROM sbtest6 WHERE k BETWEEN 4716305 AND 4716405
	Bitmap Heap Scan on sbtest6  (cost=5.45..397.25 rows=99 width=125)
	  Recheck Cond: ((k >= 4716305) AND (k <= 4716405))
	  ->  Bitmap Index Scan on k_6  (cost=0.00..5.42 rows=99 width=0)
	        Index Cond: ((k >= 4716305) AND (k <= 4716405))

table 7 : explain SELECT k, c FROM sbtest7 WHERE k BETWEEN 4716305 AND 4716405
	Bitmap Heap Scan on sbtest7  (cost=5.44..393.31 rows=98 width=125)
	  Recheck Cond: ((k >= 4716305) AND (k <= 4716405))
	  ->  Bitmap Index Scan on k_7  (cost=0.00..5.42 rows=98 width=0)
	        Index Cond: ((k >= 4716305) AND (k <= 4716405))

table 8 : explain SELECT k, c FROM sbtest8 WHERE k BETWEEN 4716305 AND 4716405
	Bitmap Heap Scan on sbtest8  (cost=5.50..416.94 rows=104 width=125)
	  Recheck Cond: ((k >= 4716305) AND (k <= 4716405))
	  ->  Bitmap Index Scan on k_8  (cost=0.00..5.47 rows=104 width=0)
	        Index Cond: ((k >= 4716305) AND (k <= 4716405))

explain: for range-notcovered :: explain SELECT k, c FROM sbtest%d WHERE k BETWEEN 4716305 AND 4716405
for range-notcovered
table 1 : explain SELECT k, c FROM sbtest1 WHERE k BETWEEN 4492873 AND 4492973
	Bitmap Heap Scan on sbtest1  (cost=5.59..452.36 rows=113 width=125)
	  Recheck Cond: ((k >= 4492873) AND (k <= 4492973))
	  ->  Bitmap Index Scan on k_1  (cost=0.00..5.56 rows=113 width=0)
	        Index Cond: ((k >= 4492873) AND (k <= 4492973))

table 2 : explain SELECT k, c FROM sbtest2 WHERE k BETWEEN 4492873 AND 4492973
	Bitmap Heap Scan on sbtest2  (cost=5.45..397.25 rows=99 width=125)
	  Recheck Cond: ((k >= 4492873) AND (k <= 4492973))
	  ->  Bitmap Index Scan on k_2  (cost=0.00..5.42 rows=99 width=0)
	        Index Cond: ((k >= 4492873) AND (k <= 4492973))

table 3 : explain SELECT k, c FROM sbtest3 WHERE k BETWEEN 4492873 AND 4492973
	Bitmap Heap Scan on sbtest3  (cost=5.56..440.56 rows=110 width=125)
	  Recheck Cond: ((k >= 4492873) AND (k <= 4492973))
	  ->  Bitmap Index Scan on k_3  (cost=0.00..5.53 rows=110 width=0)
	        Index Cond: ((k >= 4492873) AND (k <= 4492973))

table 4 : explain SELECT k, c FROM sbtest4 WHERE k BETWEEN 4492873 AND 4492973
	Bitmap Heap Scan on sbtest4  (cost=5.49..413.00 rows=103 width=125)
	  Recheck Cond: ((k >= 4492873) AND (k <= 4492973))
	  ->  Bitmap Index Scan on k_4  (cost=0.00..5.46 rows=103 width=0)
	        Index Cond: ((k >= 4492873) AND (k <= 4492973))

table 5 : explain SELECT k, c FROM sbtest5 WHERE k BETWEEN 4492873 AND 4492973
	Bitmap Heap Scan on sbtest5  (cost=5.46..401.19 rows=100 width=125)
	  Recheck Cond: ((k >= 4492873) AND (k <= 4492973))
	  ->  Bitmap Index Scan on k_5  (cost=0.00..5.43 rows=100 width=0)
	        Index Cond: ((k >= 4492873) AND (k <= 4492973))

table 6 : explain SELECT k, c FROM sbtest6 WHERE k BETWEEN 4492873 AND 4492973
	Bitmap Heap Scan on sbtest6  (cost=5.57..444.49 rows=111 width=125)
	  Recheck Cond: ((k >= 4492873) AND (k <= 4492973))
	  ->  Bitmap Index Scan on k_6  (cost=0.00..5.54 rows=111 width=0)
	        Index Cond: ((k >= 4492873) AND (k <= 4492973))

table 7 : explain SELECT k, c FROM sbtest7 WHERE k BETWEEN 4492873 AND 4492973
	Bitmap Heap Scan on sbtest7  (cost=5.44..393.31 rows=98 width=125)
	  Recheck Cond: ((k >= 4492873) AND (k <= 4492973))
	  ->  Bitmap Index Scan on k_7  (cost=0.00..5.42 rows=98 width=0)
	        Index Cond: ((k >= 4492873) AND (k <= 4492973))

table 8 : explain SELECT k, c FROM sbtest8 WHERE k BETWEEN 4492873 AND 4492973
	Bitmap Heap Scan on sbtest8  (cost=5.51..420.88 rows=105 width=125)
	  Recheck Cond: ((k >= 4492873) AND (k <= 4492973))
	  ->  Bitmap Index Scan on k_8  (cost=0.00..5.48 rows=105 width=0)
	        Index Cond: ((k >= 4492873) AND (k <= 4492973))

explain: for range-notcovered :: explain SELECT k, c FROM sbtest%d WHERE k BETWEEN 4492873 AND 4492973
for range-notcovered
table 1 : explain SELECT k, c FROM sbtest1 WHERE k BETWEEN 4716305 AND 4716405
	Bitmap Heap Scan on sbtest1  (cost=5.44..393.31 rows=98 width=125)
	  Recheck Cond: ((k >= 4716305) AND (k <= 4716405))
	  ->  Bitmap Index Scan on k_1  (cost=0.00..5.42 rows=98 width=0)
	        Index Cond: ((k >= 4716305) AND (k <= 4716405))

table 2 : explain SELECT k, c FROM sbtest2 WHERE k BETWEEN 4716305 AND 4716405
	Bitmap Heap Scan on sbtest2  (cost=5.48..409.07 rows=102 width=125)
	  Recheck Cond: ((k >= 4716305) AND (k <= 4716405))
	  ->  Bitmap Index Scan on k_2  (cost=0.00..5.45 rows=102 width=0)
	        Index Cond: ((k >= 4716305) AND (k <= 4716405))

table 3 : explain SELECT k, c FROM sbtest3 WHERE k BETWEEN 4716305 AND 4716405
	Bitmap Heap Scan on sbtest3  (cost=5.50..416.94 rows=104 width=125)
	  Recheck Cond: ((k >= 4716305) AND (k <= 4716405))
	  ->  Bitmap Index Scan on k_3  (cost=0.00..5.47 rows=104 width=0)
	        Index Cond: ((k >= 4716305) AND (k <= 4716405))

table 4 : explain SELECT k, c FROM sbtest4 WHERE k BETWEEN 4716305 AND 4716405
	Bitmap Heap Scan on sbtest4  (cost=5.54..432.69 rows=108 width=125)
	  Recheck Cond: ((k >= 4716305) AND (k <= 4716405))
	  ->  Bitmap Index Scan on k_4  (cost=0.00..5.51 rows=108 width=0)
	        Index Cond: ((k >= 4716305) AND (k <= 4716405))

table 5 : explain SELECT k, c FROM sbtest5 WHERE k BETWEEN 4716305 AND 4716405
	Bitmap Heap Scan on sbtest5  (cost=5.46..401.19 rows=100 width=125)
	  Recheck Cond: ((k >= 4716305) AND (k <= 4716405))
	  ->  Bitmap Index Scan on k_5  (cost=0.00..5.43 rows=100 width=0)
	        Index Cond: ((k >= 4716305) AND (k <= 4716405))

table 6 : explain SELECT k, c FROM sbtest6 WHERE k BETWEEN 4716305 AND 4716405
	Bitmap Heap Scan on sbtest6  (cost=5.45..397.25 rows=99 width=125)
	  Recheck Cond: ((k >= 4716305) AND (k <= 4716405))
	  ->  Bitmap Index Scan on k_6  (cost=0.00..5.42 rows=99 width=0)
	        Index Cond: ((k >= 4716305) AND (k <= 4716405))

table 7 : explain SELECT k, c FROM sbtest7 WHERE k BETWEEN 4716305 AND 4716405
	Bitmap Heap Scan on sbtest7  (cost=5.44..393.31 rows=98 width=125)
	  Recheck Cond: ((k >= 4716305) AND (k <= 4716405))
	  ->  Bitmap Index Scan on k_7  (cost=0.00..5.42 rows=98 width=0)
	        Index Cond: ((k >= 4716305) AND (k <= 4716405))

table 8 : explain SELECT k, c FROM sbtest8 WHERE k BETWEEN 4716305 AND 4716405
	Bitmap Heap Scan on sbtest8  (cost=5.50..416.94 rows=104 width=125)
	  Recheck Cond: ((k >= 4716305) AND (k <= 4716405))
	  ->  Bitmap Index Scan on k_8  (cost=0.00..5.47 rows=104 width=0)
	        Index Cond: ((k >= 4716305) AND (k <= 4716405))

explain: for range-notcovered :: explain SELECT k, c FROM sbtest%d WHERE k BETWEEN 4716305 AND 4716405
for range-notcovered
table 1 : explain SELECT k, c FROM sbtest1 WHERE k BETWEEN 4492873 AND 4492973
	Bitmap Heap Scan on sbtest1  (cost=5.59..452.36 rows=113 width=125)
	  Recheck Cond: ((k >= 4492873) AND (k <= 4492973))
	  ->  Bitmap Index Scan on k_1  (cost=0.00..5.56 rows=113 width=0)
	        Index Cond: ((k >= 4492873) AND (k <= 4492973))

table 2 : explain SELECT k, c FROM sbtest2 WHERE k BETWEEN 4492873 AND 4492973
	Bitmap Heap Scan on sbtest2  (cost=5.45..397.25 rows=99 width=125)
	  Recheck Cond: ((k >= 4492873) AND (k <= 4492973))
	  ->  Bitmap Index Scan on k_2  (cost=0.00..5.42 rows=99 width=0)
	        Index Cond: ((k >= 4492873) AND (k <= 4492973))

table 3 : explain SELECT k, c FROM sbtest3 WHERE k BETWEEN 4492873 AND 4492973
	Bitmap Heap Scan on sbtest3  (cost=5.56..440.56 rows=110 width=125)
	  Recheck Cond: ((k >= 4492873) AND (k <= 4492973))
	  ->  Bitmap Index Scan on k_3  (cost=0.00..5.53 rows=110 width=0)
	        Index Cond: ((k >= 4492873) AND (k <= 4492973))

table 4 : explain SELECT k, c FROM sbtest4 WHERE k BETWEEN 4492873 AND 4492973
	Bitmap Heap Scan on sbtest4  (cost=5.49..413.00 rows=103 width=125)
	  Recheck Cond: ((k >= 4492873) AND (k <= 4492973))
	  ->  Bitmap Index Scan on k_4  (cost=0.00..5.46 rows=103 width=0)
	        Index Cond: ((k >= 4492873) AND (k <= 4492973))

table 5 : explain SELECT k, c FROM sbtest5 WHERE k BETWEEN 4492873 AND 4492973
	Bitmap Heap Scan on sbtest5  (cost=5.46..401.19 rows=100 width=125)
	  Recheck Cond: ((k >= 4492873) AND (k <= 4492973))
	  ->  Bitmap Index Scan on k_5  (cost=0.00..5.43 rows=100 width=0)
	        Index Cond: ((k >= 4492873) AND (k <= 4492973))

table 6 : explain SELECT k, c FROM sbtest6 WHERE k BETWEEN 4492873 AND 4492973
	Bitmap Heap Scan on sbtest6  (cost=5.57..444.49 rows=111 width=125)
	  Recheck Cond: ((k >= 4492873) AND (k <= 4492973))
	  ->  Bitmap Index Scan on k_6  (cost=0.00..5.54 rows=111 width=0)
	        Index Cond: ((k >= 4492873) AND (k <= 4492973))

table 7 : explain SELECT k, c FROM sbtest7 WHERE k BETWEEN 4492873 AND 4492973
	Bitmap Heap Scan on sbtest7  (cost=5.44..393.31 rows=98 width=125)
	  Recheck Cond: ((k >= 4492873) AND (k <= 4492973))
	  ->  Bitmap Index Scan on k_7  (cost=0.00..5.42 rows=98 width=0)
	        Index Cond: ((k >= 4492873) AND (k <= 4492973))

table 8 : explain SELECT k, c FROM sbtest8 WHERE k BETWEEN 4492873 AND 4492973
	Bitmap Heap Scan on sbtest8  (cost=5.51..420.88 rows=105 width=125)
	  Recheck Cond: ((k >= 4492873) AND (k <= 4492973))
	  ->  Bitmap Index Scan on k_8  (cost=0.00..5.48 rows=105 width=0)
	        Index Cond: ((k >= 4492873) AND (k <= 4492973))

for range-notcovered
table 1 : explain SELECT k, c FROM sbtest1 WHERE k BETWEEN 538505 AND 538605
	Bitmap Heap Scan on sbtest1  (cost=5.49..413.00 rows=103 width=125)
	  Recheck Cond: ((k >= 538505) AND (k <= 538605))
	  ->  Bitmap Index Scan on k_1  (cost=0.00..5.46 rows=103 width=0)
	        Index Cond: ((k >= 538505) AND (k <= 538605))

table 2 : explain SELECT k, c FROM sbtest2 WHERE k BETWEEN 538505 AND 538605
	Bitmap Heap Scan on sbtest2  (cost=5.44..393.31 rows=98 width=125)
	  Recheck Cond: ((k >= 538505) AND (k <= 538605))
	  ->  Bitmap Index Scan on k_2  (cost=0.00..5.42 rows=98 width=0)
	        Index Cond: ((k >= 538505) AND (k <= 538605))

table 3 : explain SELECT k, c FROM sbtest3 WHERE k BETWEEN 538505 AND 538605
	Bitmap Heap Scan on sbtest3  (cost=5.45..397.25 rows=99 width=125)
	  Recheck Cond: ((k >= 538505) AND (k <= 538605))
	  ->  Bitmap Index Scan on k_3  (cost=0.00..5.42 rows=99 width=0)
	        Index Cond: ((k >= 538505) AND (k <= 538605))

table 4 : explain SELECT k, c FROM sbtest4 WHERE k BETWEEN 538505 AND 538605
	Bitmap Heap Scan on sbtest4  (cost=5.44..393.31 rows=98 width=125)
	  Recheck Cond: ((k >= 538505) AND (k <= 538605))
	  ->  Bitmap Index Scan on k_4  (cost=0.00..5.42 rows=98 width=0)
	        Index Cond: ((k >= 538505) AND (k <= 538605))

table 5 : explain SELECT k, c FROM sbtest5 WHERE k BETWEEN 538505 AND 538605
	Bitmap Heap Scan on sbtest5  (cost=5.48..409.07 rows=102 width=125)
	  Recheck Cond: ((k >= 538505) AND (k <= 538605))
	  ->  Bitmap Index Scan on k_5  (cost=0.00..5.45 rows=102 width=0)
	        Index Cond: ((k >= 538505) AND (k <= 538605))

table 6 : explain SELECT k, c FROM sbtest6 WHERE k BETWEEN 538505 AND 538605
	Bitmap Heap Scan on sbtest6  (cost=5.53..428.75 rows=107 width=125)
	  Recheck Cond: ((k >= 538505) AND (k <= 538605))
	  ->  Bitmap Index Scan on k_6  (cost=0.00..5.50 rows=107 width=0)
	        Index Cond: ((k >= 538505) AND (k <= 538605))

table 7 : explain SELECT k, c FROM sbtest7 WHERE k BETWEEN 538505 AND 538605
	Bitmap Heap Scan on sbtest7  (cost=5.53..428.75 rows=107 width=125)
	  Recheck Cond: ((k >= 538505) AND (k <= 538605))
	  ->  Bitmap Index Scan on k_7  (cost=0.00..5.50 rows=107 width=0)
	        Index Cond: ((k >= 538505) AND (k <= 538605))

table 8 : explain SELECT k, c FROM sbtest8 WHERE k BETWEEN 538505 AND 538605
	Bitmap Heap Scan on sbtest8  (cost=5.52..424.81 rows=106 width=125)
	  Recheck Cond: ((k >= 538505) AND (k <= 538605))
	  ->  Bitmap Index Scan on k_8  (cost=0.00..5.50 rows=106 width=0)
	        Index Cond: ((k >= 538505) AND (k <= 538605))

explain: for range-notcovered :: explain SELECT k, c FROM sbtest%d WHERE k BETWEEN 4492873 AND 4492973
explain: for range-notcovered :: explain SELECT k, c FROM sbtest%d WHERE k BETWEEN 538505 AND 538605
for range-notcovered
table 1 : explain SELECT k, c FROM sbtest1 WHERE k BETWEEN 4716305 AND 4716405
	Bitmap Heap Scan on sbtest1  (cost=5.44..393.31 rows=98 width=125)
	  Recheck Cond: ((k >= 4716305) AND (k <= 4716405))
	  ->  Bitmap Index Scan on k_1  (cost=0.00..5.42 rows=98 width=0)
	        Index Cond: ((k >= 4716305) AND (k <= 4716405))

table 2 : explain SELECT k, c FROM sbtest2 WHERE k BETWEEN 4716305 AND 4716405
	Bitmap Heap Scan on sbtest2  (cost=5.48..409.07 rows=102 width=125)
	  Recheck Cond: ((k >= 4716305) AND (k <= 4716405))
	  ->  Bitmap Index Scan on k_2  (cost=0.00..5.45 rows=102 width=0)
	        Index Cond: ((k >= 4716305) AND (k <= 4716405))

table 3 : explain SELECT k, c FROM sbtest3 WHERE k BETWEEN 4716305 AND 4716405
	Bitmap Heap Scan on sbtest3  (cost=5.50..416.94 rows=104 width=125)
	  Recheck Cond: ((k >= 4716305) AND (k <= 4716405))
	  ->  Bitmap Index Scan on k_3  (cost=0.00..5.47 rows=104 width=0)
	        Index Cond: ((k >= 4716305) AND (k <= 4716405))

table 4 : explain SELECT k, c FROM sbtest4 WHERE k BETWEEN 4716305 AND 4716405
	Bitmap Heap Scan on sbtest4  (cost=5.54..432.69 rows=108 width=125)
	  Recheck Cond: ((k >= 4716305) AND (k <= 4716405))
	  ->  Bitmap Index Scan on k_4  (cost=0.00..5.51 rows=108 width=0)
	        Index Cond: ((k >= 4716305) AND (k <= 4716405))

table 5 : explain SELECT k, c FROM sbtest5 WHERE k BETWEEN 4716305 AND 4716405
	Bitmap Heap Scan on sbtest5  (cost=5.46..401.19 rows=100 width=125)
	  Recheck Cond: ((k >= 4716305) AND (k <= 4716405))
	  ->  Bitmap Index Scan on k_5  (cost=0.00..5.43 rows=100 width=0)
	        Index Cond: ((k >= 4716305) AND (k <= 4716405))

table 6 : explain SELECT k, c FROM sbtest6 WHERE k BETWEEN 4716305 AND 4716405
	Bitmap Heap Scan on sbtest6  (cost=5.45..397.25 rows=99 width=125)
	  Recheck Cond: ((k >= 4716305) AND (k <= 4716405))
	  ->  Bitmap Index Scan on k_6  (cost=0.00..5.42 rows=99 width=0)
	        Index Cond: ((k >= 4716305) AND (k <= 4716405))

table 7 : explain SELECT k, c FROM sbtest7 WHERE k BETWEEN 4716305 AND 4716405
	Bitmap Heap Scan on sbtest7  (cost=5.44..393.31 rows=98 width=125)
	  Recheck Cond: ((k >= 4716305) AND (k <= 4716405))
	  ->  Bitmap Index Scan on k_7  (cost=0.00..5.42 rows=98 width=0)
	        Index Cond: ((k >= 4716305) AND (k <= 4716405))

table 8 : explain SELECT k, c FROM sbtest8 WHERE k BETWEEN 4716305 AND 4716405
	Bitmap Heap Scan on sbtest8  (cost=5.50..416.94 rows=104 width=125)
	  Recheck Cond: ((k >= 4716305) AND (k <= 4716405))
	  ->  Bitmap Index Scan on k_8  (cost=0.00..5.47 rows=104 width=0)
	        Index Cond: ((k >= 4716305) AND (k <= 4716405))

explain: for range-notcovered :: explain SELECT k, c FROM sbtest%d WHERE k BETWEEN 4716305 AND 4716405
for range-notcovered
table 1 : explain SELECT k, c FROM sbtest1 WHERE k BETWEEN 538505 AND 538605
	Bitmap Heap Scan on sbtest1  (cost=5.49..413.00 rows=103 width=125)
	  Recheck Cond: ((k >= 538505) AND (k <= 538605))
	  ->  Bitmap Index Scan on k_1  (cost=0.00..5.46 rows=103 width=0)
	        Index Cond: ((k >= 538505) AND (k <= 538605))

table 2 : explain SELECT k, c FROM sbtest2 WHERE k BETWEEN 538505 AND 538605
	Bitmap Heap Scan on sbtest2  (cost=5.44..393.31 rows=98 width=125)
	  Recheck Cond: ((k >= 538505) AND (k <= 538605))
	  ->  Bitmap Index Scan on k_2  (cost=0.00..5.42 rows=98 width=0)
	        Index Cond: ((k >= 538505) AND (k <= 538605))

table 3 : explain SELECT k, c FROM sbtest3 WHERE k BETWEEN 538505 AND 538605
	Bitmap Heap Scan on sbtest3  (cost=5.45..397.25 rows=99 width=125)
	  Recheck Cond: ((k >= 538505) AND (k <= 538605))
	  ->  Bitmap Index Scan on k_3  (cost=0.00..5.42 rows=99 width=0)
	        Index Cond: ((k >= 538505) AND (k <= 538605))

table 4 : explain SELECT k, c FROM sbtest4 WHERE k BETWEEN 538505 AND 538605
	Bitmap Heap Scan on sbtest4  (cost=5.44..393.31 rows=98 width=125)
	  Recheck Cond: ((k >= 538505) AND (k <= 538605))
	  ->  Bitmap Index Scan on k_4  (cost=0.00..5.42 rows=98 width=0)
	        Index Cond: ((k >= 538505) AND (k <= 538605))

table 5 : explain SELECT k, c FROM sbtest5 WHERE k BETWEEN 538505 AND 538605
	Bitmap Heap Scan on sbtest5  (cost=5.48..409.07 rows=102 width=125)
	  Recheck Cond: ((k >= 538505) AND (k <= 538605))
	  ->  Bitmap Index Scan on k_5  (cost=0.00..5.45 rows=102 width=0)
	        Index Cond: ((k >= 538505) AND (k <= 538605))

table 6 : explain SELECT k, c FROM sbtest6 WHERE k BETWEEN 538505 AND 538605
	Bitmap Heap Scan on sbtest6  (cost=5.53..428.75 rows=107 width=125)
	  Recheck Cond: ((k >= 538505) AND (k <= 538605))
	  ->  Bitmap Index Scan on k_6  (cost=0.00..5.50 rows=107 width=0)
	        Index Cond: ((k >= 538505) AND (k <= 538605))

table 7 : explain SELECT k, c FROM sbtest7 WHERE k BETWEEN 538505 AND 538605
	Bitmap Heap Scan on sbtest7  (cost=5.53..428.75 rows=107 width=125)
	  Recheck Cond: ((k >= 538505) AND (k <= 538605))
	  ->  Bitmap Index Scan on k_7  (cost=0.00..5.50 rows=107 width=0)
	        Index Cond: ((k >= 538505) AND (k <= 538605))

table 8 : explain SELECT k, c FROM sbtest8 WHERE k BETWEEN 538505 AND 538605
	Bitmap Heap Scan on sbtest8  (cost=5.52..424.81 rows=106 width=125)
	  Recheck Cond: ((k >= 538505) AND (k <= 538605))
	  ->  Bitmap Index Scan on k_8  (cost=0.00..5.50 rows=106 width=0)
	        Index Cond: ((k >= 538505) AND (k <= 538605))

for range-notcovered
table 1 : explain SELECT k, c FROM sbtest1 WHERE k BETWEEN 4492873 AND 4492973
	Bitmap Heap Scan on sbtest1  (cost=5.59..452.36 rows=113 width=125)
	  Recheck Cond: ((k >= 4492873) AND (k <= 4492973))
	  ->  Bitmap Index Scan on k_1  (cost=0.00..5.56 rows=113 width=0)
	        Index Cond: ((k >= 4492873) AND (k <= 4492973))

table 2 : explain SELECT k, c FROM sbtest2 WHERE k BETWEEN 4492873 AND 4492973
	Bitmap Heap Scan on sbtest2  (cost=5.45..397.25 rows=99 width=125)
	  Recheck Cond: ((k >= 4492873) AND (k <= 4492973))
	  ->  Bitmap Index Scan on k_2  (cost=0.00..5.42 rows=99 width=0)
	        Index Cond: ((k >= 4492873) AND (k <= 4492973))

table 3 : explain SELECT k, c FROM sbtest3 WHERE k BETWEEN 4492873 AND 4492973
	Bitmap Heap Scan on sbtest3  (cost=5.56..440.56 rows=110 width=125)
	  Recheck Cond: ((k >= 4492873) AND (k <= 4492973))
	  ->  Bitmap Index Scan on k_3  (cost=0.00..5.53 rows=110 width=0)
	        Index Cond: ((k >= 4492873) AND (k <= 4492973))

table 4 : explain SELECT k, c FROM sbtest4 WHERE k BETWEEN 4492873 AND 4492973
	Bitmap Heap Scan on sbtest4  (cost=5.49..413.00 rows=103 width=125)
	  Recheck Cond: ((k >= 4492873) AND (k <= 4492973))
	  ->  Bitmap Index Scan on k_4  (cost=0.00..5.46 rows=103 width=0)
	        Index Cond: ((k >= 4492873) AND (k <= 4492973))

table 5 : explain SELECT k, c FROM sbtest5 WHERE k BETWEEN 4492873 AND 4492973
	Bitmap Heap Scan on sbtest5  (cost=5.46..401.19 rows=100 width=125)
	  Recheck Cond: ((k >= 4492873) AND (k <= 4492973))
	  ->  Bitmap Index Scan on k_5  (cost=0.00..5.43 rows=100 width=0)
	        Index Cond: ((k >= 4492873) AND (k <= 4492973))

table 6 : explain SELECT k, c FROM sbtest6 WHERE k BETWEEN 4492873 AND 4492973
	Bitmap Heap Scan on sbtest6  (cost=5.57..444.49 rows=111 width=125)
	  Recheck Cond: ((k >= 4492873) AND (k <= 4492973))
	  ->  Bitmap Index Scan on k_6  (cost=0.00..5.54 rows=111 width=0)
	        Index Cond: ((k >= 4492873) AND (k <= 4492973))

table 7 : explain SELECT k, c FROM sbtest7 WHERE k BETWEEN 4492873 AND 4492973
	Bitmap Heap Scan on sbtest7  (cost=5.44..393.31 rows=98 width=125)
	  Recheck Cond: ((k >= 4492873) AND (k <= 4492973))
	  ->  Bitmap Index Scan on k_7  (cost=0.00..5.42 rows=98 width=0)
	        Index Cond: ((k >= 4492873) AND (k <= 4492973))

table 8 : explain SELECT k, c FROM sbtest8 WHERE k BETWEEN 4492873 AND 4492973
	Bitmap Heap Scan on sbtest8  (cost=5.51..420.88 rows=105 width=125)
	  Recheck Cond: ((k >= 4492873) AND (k <= 4492973))
	  ->  Bitmap Index Scan on k_8  (cost=0.00..5.48 rows=105 width=0)
	        Index Cond: ((k >= 4492873) AND (k <= 4492973))

explain: for range-notcovered :: explain SELECT k, c FROM sbtest%d WHERE k BETWEEN 538505 AND 538605
explain: for range-notcovered :: explain SELECT k, c FROM sbtest%d WHERE k BETWEEN 4492873 AND 4492973
for range-notcovered
table 1 : explain SELECT k, c FROM sbtest1 WHERE k BETWEEN 4716305 AND 4716405
	Bitmap Heap Scan on sbtest1  (cost=5.44..393.31 rows=98 width=125)
	  Recheck Cond: ((k >= 4716305) AND (k <= 4716405))
	  ->  Bitmap Index Scan on k_1  (cost=0.00..5.42 rows=98 width=0)
	        Index Cond: ((k >= 4716305) AND (k <= 4716405))

table 2 : explain SELECT k, c FROM sbtest2 WHERE k BETWEEN 4716305 AND 4716405
	Bitmap Heap Scan on sbtest2  (cost=5.48..409.07 rows=102 width=125)
	  Recheck Cond: ((k >= 4716305) AND (k <= 4716405))
	  ->  Bitmap Index Scan on k_2  (cost=0.00..5.45 rows=102 width=0)
	        Index Cond: ((k >= 4716305) AND (k <= 4716405))

table 3 : explain SELECT k, c FROM sbtest3 WHERE k BETWEEN 4716305 AND 4716405
	Bitmap Heap Scan on sbtest3  (cost=5.50..416.94 rows=104 width=125)
	  Recheck Cond: ((k >= 4716305) AND (k <= 4716405))
	  ->  Bitmap Index Scan on k_3  (cost=0.00..5.47 rows=104 width=0)
	        Index Cond: ((k >= 4716305) AND (k <= 4716405))

table 4 : explain SELECT k, c FROM sbtest4 WHERE k BETWEEN 4716305 AND 4716405
	Bitmap Heap Scan on sbtest4  (cost=5.54..432.69 rows=108 width=125)
	  Recheck Cond: ((k >= 4716305) AND (k <= 4716405))
	  ->  Bitmap Index Scan on k_4  (cost=0.00..5.51 rows=108 width=0)
	        Index Cond: ((k >= 4716305) AND (k <= 4716405))

table 5 : explain SELECT k, c FROM sbtest5 WHERE k BETWEEN 4716305 AND 4716405
	Bitmap Heap Scan on sbtest5  (cost=5.46..401.19 rows=100 width=125)
	  Recheck Cond: ((k >= 4716305) AND (k <= 4716405))
	  ->  Bitmap Index Scan on k_5  (cost=0.00..5.43 rows=100 width=0)
	        Index Cond: ((k >= 4716305) AND (k <= 4716405))

table 6 : explain SELECT k, c FROM sbtest6 WHERE k BETWEEN 4716305 AND 4716405
	Bitmap Heap Scan on sbtest6  (cost=5.45..397.25 rows=99 width=125)
	  Recheck Cond: ((k >= 4716305) AND (k <= 4716405))
	  ->  Bitmap Index Scan on k_6  (cost=0.00..5.42 rows=99 width=0)
	        Index Cond: ((k >= 4716305) AND (k <= 4716405))

table 7 : explain SELECT k, c FROM sbtest7 WHERE k BETWEEN 4716305 AND 4716405
	Bitmap Heap Scan on sbtest7  (cost=5.44..393.31 rows=98 width=125)
	  Recheck Cond: ((k >= 4716305) AND (k <= 4716405))
	  ->  Bitmap Index Scan on k_7  (cost=0.00..5.42 rows=98 width=0)
	        Index Cond: ((k >= 4716305) AND (k <= 4716405))

table 8 : explain SELECT k, c FROM sbtest8 WHERE k BETWEEN 4716305 AND 4716405
	Bitmap Heap Scan on sbtest8  (cost=5.50..416.94 rows=104 width=125)
	  Recheck Cond: ((k >= 4716305) AND (k <= 4716405))
	  ->  Bitmap Index Scan on k_8  (cost=0.00..5.47 rows=104 width=0)
	        Index Cond: ((k >= 4716305) AND (k <= 4716405))

for range-notcovered
table 1 : explain SELECT k, c FROM sbtest1 WHERE k BETWEEN 538505 AND 538605
	Bitmap Heap Scan on sbtest1  (cost=5.49..413.00 rows=103 width=125)
	  Recheck Cond: ((k >= 538505) AND (k <= 538605))
	  ->  Bitmap Index Scan on k_1  (cost=0.00..5.46 rows=103 width=0)
	        Index Cond: ((k >= 538505) AND (k <= 538605))

table 2 : explain SELECT k, c FROM sbtest2 WHERE k BETWEEN 538505 AND 538605
	Bitmap Heap Scan on sbtest2  (cost=5.44..393.31 rows=98 width=125)
	  Recheck Cond: ((k >= 538505) AND (k <= 538605))
	  ->  Bitmap Index Scan on k_2  (cost=0.00..5.42 rows=98 width=0)
	        Index Cond: ((k >= 538505) AND (k <= 538605))

table 3 : explain SELECT k, c FROM sbtest3 WHERE k BETWEEN 538505 AND 538605
	Bitmap Heap Scan on sbtest3  (cost=5.45..397.25 rows=99 width=125)
	  Recheck Cond: ((k >= 538505) AND (k <= 538605))
	  ->  Bitmap Index Scan on k_3  (cost=0.00..5.42 rows=99 width=0)
	        Index Cond: ((k >= 538505) AND (k <= 538605))

table 4 : explain SELECT k, c FROM sbtest4 WHERE k BETWEEN 538505 AND 538605
	Bitmap Heap Scan on sbtest4  (cost=5.44..393.31 rows=98 width=125)
	  Recheck Cond: ((k >= 538505) AND (k <= 538605))
	  ->  Bitmap Index Scan on k_4  (cost=0.00..5.42 rows=98 width=0)
	        Index Cond: ((k >= 538505) AND (k <= 538605))

table 5 : explain SELECT k, c FROM sbtest5 WHERE k BETWEEN 538505 AND 538605
	Bitmap Heap Scan on sbtest5  (cost=5.48..409.07 rows=102 width=125)
	  Recheck Cond: ((k >= 538505) AND (k <= 538605))
	  ->  Bitmap Index Scan on k_5  (cost=0.00..5.45 rows=102 width=0)
	        Index Cond: ((k >= 538505) AND (k <= 538605))

table 6 : explain SELECT k, c FROM sbtest6 WHERE k BETWEEN 538505 AND 538605
	Bitmap Heap Scan on sbtest6  (cost=5.53..428.75 rows=107 width=125)
	  Recheck Cond: ((k >= 538505) AND (k <= 538605))
	  ->  Bitmap Index Scan on k_6  (cost=0.00..5.50 rows=107 width=0)
	        Index Cond: ((k >= 538505) AND (k <= 538605))

table 7 : explain SELECT k, c FROM sbtest7 WHERE k BETWEEN 538505 AND 538605
	Bitmap Heap Scan on sbtest7  (cost=5.53..428.75 rows=107 width=125)
	  Recheck Cond: ((k >= 538505) AND (k <= 538605))
	  ->  Bitmap Index Scan on k_7  (cost=0.00..5.50 rows=107 width=0)
	        Index Cond: ((k >= 538505) AND (k <= 538605))

table 8 : explain SELECT k, c FROM sbtest8 WHERE k BETWEEN 538505 AND 538605
	Bitmap Heap Scan on sbtest8  (cost=5.52..424.81 rows=106 width=125)
	  Recheck Cond: ((k >= 538505) AND (k <= 538605))
	  ->  Bitmap Index Scan on k_8  (cost=0.00..5.50 rows=106 width=0)
	        Index Cond: ((k >= 538505) AND (k <= 538605))

explain: for range-notcovered :: explain SELECT k, c FROM sbtest%d WHERE k BETWEEN 538505 AND 538605
for range-notcovered
table 1 : explain SELECT k, c FROM sbtest1 WHERE k BETWEEN 4492873 AND 4492973
	Bitmap Heap Scan on sbtest1  (cost=5.59..452.36 rows=113 width=125)
	  Recheck Cond: ((k >= 4492873) AND (k <= 4492973))
	  ->  Bitmap Index Scan on k_1  (cost=0.00..5.56 rows=113 width=0)
	        Index Cond: ((k >= 4492873) AND (k <= 4492973))

table 2 : explain SELECT k, c FROM sbtest2 WHERE k BETWEEN 4492873 AND 4492973
	Bitmap Heap Scan on sbtest2  (cost=5.45..397.25 rows=99 width=125)
	  Recheck Cond: ((k >= 4492873) AND (k <= 4492973))
	  ->  Bitmap Index Scan on k_2  (cost=0.00..5.42 rows=99 width=0)
	        Index Cond: ((k >= 4492873) AND (k <= 4492973))

table 3 : explain SELECT k, c FROM sbtest3 WHERE k BETWEEN 4492873 AND 4492973
	Bitmap Heap Scan on sbtest3  (cost=5.56..440.56 rows=110 width=125)
	  Recheck Cond: ((k >= 4492873) AND (k <= 4492973))
	  ->  Bitmap Index Scan on k_3  (cost=0.00..5.53 rows=110 width=0)
	        Index Cond: ((k >= 4492873) AND (k <= 4492973))

table 4 : explain SELECT k, c FROM sbtest4 WHERE k BETWEEN 4492873 AND 4492973
	Bitmap Heap Scan on sbtest4  (cost=5.49..413.00 rows=103 width=125)
	  Recheck Cond: ((k >= 4492873) AND (k <= 4492973))
	  ->  Bitmap Index Scan on k_4  (cost=0.00..5.46 rows=103 width=0)
	        Index Cond: ((k >= 4492873) AND (k <= 4492973))

table 5 : explain SELECT k, c FROM sbtest5 WHERE k BETWEEN 4492873 AND 4492973
	Bitmap Heap Scan on sbtest5  (cost=5.46..401.19 rows=100 width=125)
	  Recheck Cond: ((k >= 4492873) AND (k <= 4492973))
	  ->  Bitmap Index Scan on k_5  (cost=0.00..5.43 rows=100 width=0)
	        Index Cond: ((k >= 4492873) AND (k <= 4492973))

table 6 : explain SELECT k, c FROM sbtest6 WHERE k BETWEEN 4492873 AND 4492973
	Bitmap Heap Scan on sbtest6  (cost=5.57..444.49 rows=111 width=125)
	  Recheck Cond: ((k >= 4492873) AND (k <= 4492973))
	  ->  Bitmap Index Scan on k_6  (cost=0.00..5.54 rows=111 width=0)
	        Index Cond: ((k >= 4492873) AND (k <= 4492973))

table 7 : explain SELECT k, c FROM sbtest7 WHERE k BETWEEN 4492873 AND 4492973
	Bitmap Heap Scan on sbtest7  (cost=5.44..393.31 rows=98 width=125)
	  Recheck Cond: ((k >= 4492873) AND (k <= 4492973))
	  ->  Bitmap Index Scan on k_7  (cost=0.00..5.42 rows=98 width=0)
	        Index Cond: ((k >= 4492873) AND (k <= 4492973))

table 8 : explain SELECT k, c FROM sbtest8 WHERE k BETWEEN 4492873 AND 4492973
	Bitmap Heap Scan on sbtest8  (cost=5.51..420.88 rows=105 width=125)
	  Recheck Cond: ((k >= 4492873) AND (k <= 4492973))
	  ->  Bitmap Index Scan on k_8  (cost=0.00..5.48 rows=105 width=0)
	        Index Cond: ((k >= 4492873) AND (k <= 4492973))

for range-notcovered
table 1 : explain SELECT k, c FROM sbtest1 WHERE k BETWEEN 6823463 AND 6823563
	Bitmap Heap Scan on sbtest1  (cost=5.54..432.69 rows=108 width=125)
	  Recheck Cond: ((k >= 6823463) AND (k <= 6823563))
	  ->  Bitmap Index Scan on k_1  (cost=0.00..5.51 rows=108 width=0)
	        Index Cond: ((k >= 6823463) AND (k <= 6823563))

table 2 : explain SELECT k, c FROM sbtest2 WHERE k BETWEEN 6823463 AND 6823563
	Bitmap Heap Scan on sbtest2  (cost=5.52..424.81 rows=106 width=125)
	  Recheck Cond: ((k >= 6823463) AND (k <= 6823563))
	  ->  Bitmap Index Scan on k_2  (cost=0.00..5.50 rows=106 width=0)
	        Index Cond: ((k >= 6823463) AND (k <= 6823563))

table 3 : explain SELECT k, c FROM sbtest3 WHERE k BETWEEN 6823463 AND 6823563
	Bitmap Heap Scan on sbtest3  (cost=5.44..393.31 rows=98 width=125)
	  Recheck Cond: ((k >= 6823463) AND (k <= 6823563))
	  ->  Bitmap Index Scan on k_3  (cost=0.00..5.42 rows=98 width=0)
	        Index Cond: ((k >= 6823463) AND (k <= 6823563))

table 4 : explain SELECT k, c FROM sbtest4 WHERE k BETWEEN 6823463 AND 6823563
	Bitmap Heap Scan on sbtest4  (cost=5.43..389.37 rows=97 width=125)
	  Recheck Cond: ((k >= 6823463) AND (k <= 6823563))
	  ->  Bitmap Index Scan on k_4  (cost=0.00..5.40 rows=97 width=0)
	        Index Cond: ((k >= 6823463) AND (k <= 6823563))

table 5 : explain SELECT k, c FROM sbtest5 WHERE k BETWEEN 6823463 AND 6823563
	Bitmap Heap Scan on sbtest5  (cost=5.57..444.49 rows=111 width=125)
	  Recheck Cond: ((k >= 6823463) AND (k <= 6823563))
	  ->  Bitmap Index Scan on k_5  (cost=0.00..5.54 rows=111 width=0)
	        Index Cond: ((k >= 6823463) AND (k <= 6823563))

table 6 : explain SELECT k, c FROM sbtest6 WHERE k BETWEEN 6823463 AND 6823563
	Bitmap Heap Scan on sbtest6  (cost=5.44..393.31 rows=98 width=125)
	  Recheck Cond: ((k >= 6823463) AND (k <= 6823563))
	  ->  Bitmap Index Scan on k_6  (cost=0.00..5.42 rows=98 width=0)
	        Index Cond: ((k >= 6823463) AND (k <= 6823563))

table 7 : explain SELECT k, c FROM sbtest7 WHERE k BETWEEN 6823463 AND 6823563
	Bitmap Heap Scan on sbtest7  (cost=5.51..420.88 rows=105 width=125)
	  Recheck Cond: ((k >= 6823463) AND (k <= 6823563))
	  ->  Bitmap Index Scan on k_7  (cost=0.00..5.48 rows=105 width=0)
	        Index Cond: ((k >= 6823463) AND (k <= 6823563))

table 8 : explain SELECT k, c FROM sbtest8 WHERE k BETWEEN 6823463 AND 6823563
	Bitmap Heap Scan on sbtest8  (cost=5.43..389.37 rows=97 width=125)
	  Recheck Cond: ((k >= 6823463) AND (k <= 6823563))
	  ->  Bitmap Index Scan on k_8  (cost=0.00..5.40 rows=97 width=0)
	        Index Cond: ((k >= 6823463) AND (k <= 6823563))

explain: for range-notcovered :: explain SELECT k, c FROM sbtest%d WHERE k BETWEEN 6823463 AND 6823563
for range-notcovered
table 1 : explain SELECT k, c FROM sbtest1 WHERE k BETWEEN 2353618 AND 2353718
	Bitmap Heap Scan on sbtest1  (cost=5.42..385.43 rows=96 width=125)
	  Recheck Cond: ((k >= 2353618) AND (k <= 2353718))
	  ->  Bitmap Index Scan on k_1  (cost=0.00..5.39 rows=96 width=0)
	        Index Cond: ((k >= 2353618) AND (k <= 2353718))

table 2 : explain SELECT k, c FROM sbtest2 WHERE k BETWEEN 2353618 AND 2353718
	Bitmap Heap Scan on sbtest2  (cost=5.39..373.61 rows=93 width=125)
	  Recheck Cond: ((k >= 2353618) AND (k <= 2353718))
	  ->  Bitmap Index Scan on k_2  (cost=0.00..5.36 rows=93 width=0)
	        Index Cond: ((k >= 2353618) AND (k <= 2353718))

table 3 : explain SELECT k, c FROM sbtest3 WHERE k BETWEEN 2353618 AND 2353718
	Bitmap Heap Scan on sbtest3  (cost=5.49..413.00 rows=103 width=125)
	  Recheck Cond: ((k >= 2353618) AND (k <= 2353718))
	  ->  Bitmap Index Scan on k_3  (cost=0.00..5.46 rows=103 width=0)
	        Index Cond: ((k >= 2353618) AND (k <= 2353718))

table 4 : explain SELECT k, c FROM sbtest4 WHERE k BETWEEN 2353618 AND 2353718
	Bitmap Heap Scan on sbtest4  (cost=5.46..401.19 rows=100 width=125)
	  Recheck Cond: ((k >= 2353618) AND (k <= 2353718))
	  ->  Bitmap Index Scan on k_4  (cost=0.00..5.43 rows=100 width=0)
	        Index Cond: ((k >= 2353618) AND (k <= 2353718))

table 5 : explain SELECT k, c FROM sbtest5 WHERE k BETWEEN 2353618 AND 2353718
	Bitmap Heap Scan on sbtest5  (cost=5.37..365.72 rows=91 width=125)
	  Recheck Cond: ((k >= 2353618) AND (k <= 2353718))
	  ->  Bitmap Index Scan on k_5  (cost=0.00..5.34 rows=91 width=0)
	        Index Cond: ((k >= 2353618) AND (k <= 2353718))

table 6 : explain SELECT k, c FROM sbtest6 WHERE k BETWEEN 2353618 AND 2353718
	Bitmap Heap Scan on sbtest6  (cost=5.46..401.19 rows=100 width=125)
	  Recheck Cond: ((k >= 2353618) AND (k <= 2353718))
	  ->  Bitmap Index Scan on k_6  (cost=0.00..5.43 rows=100 width=0)
	        Index Cond: ((k >= 2353618) AND (k <= 2353718))

table 7 : explain SELECT k, c FROM sbtest7 WHERE k BETWEEN 2353618 AND 2353718
	Bitmap Heap Scan on sbtest7  (cost=5.51..420.88 rows=105 width=125)
	  Recheck Cond: ((k >= 2353618) AND (k <= 2353718))
	  ->  Bitmap Index Scan on k_7  (cost=0.00..5.48 rows=105 width=0)
	        Index Cond: ((k >= 2353618) AND (k <= 2353718))

table 8 : explain SELECT k, c FROM sbtest8 WHERE k BETWEEN 2353618 AND 2353718
	Bitmap Heap Scan on sbtest8  (cost=5.45..397.25 rows=99 width=125)
	  Recheck Cond: ((k >= 2353618) AND (k <= 2353718))
	  ->  Bitmap Index Scan on k_8  (cost=0.00..5.42 rows=99 width=0)
	        Index Cond: ((k >= 2353618) AND (k <= 2353718))

for range-notcovered
table 1 : explain SELECT k, c FROM sbtest1 WHERE k BETWEEN 4866550 AND 4866650
	Bitmap Heap Scan on sbtest1  (cost=5.47..405.13 rows=101 width=125)
	  Recheck Cond: ((k >= 4866550) AND (k <= 4866650))
	  ->  Bitmap Index Scan on k_1  (cost=0.00..5.44 rows=101 width=0)
	        Index Cond: ((k >= 4866550) AND (k <= 4866650))

table 2 : explain SELECT k, c FROM sbtest2 WHERE k BETWEEN 4866550 AND 4866650
	Bitmap Heap Scan on sbtest2  (cost=5.46..401.19 rows=100 width=125)
	  Recheck Cond: ((k >= 4866550) AND (k <= 4866650))
	  ->  Bitmap Index Scan on k_2  (cost=0.00..5.43 rows=100 width=0)
	        Index Cond: ((k >= 4866550) AND (k <= 4866650))

table 3 : explain SELECT k, c FROM sbtest3 WHERE k BETWEEN 4866550 AND 4866650
	Bitmap Heap Scan on sbtest3  (cost=5.48..409.07 rows=102 width=125)
	  Recheck Cond: ((k >= 4866550) AND (k <= 4866650))
	  ->  Bitmap Index Scan on k_3  (cost=0.00..5.45 rows=102 width=0)
	        Index Cond: ((k >= 4866550) AND (k <= 4866650))

table 4 : explain SELECT k, c FROM sbtest4 WHERE k BETWEEN 4866550 AND 4866650
	Bitmap Heap Scan on sbtest4  (cost=5.47..405.13 rows=101 width=125)
	  Recheck Cond: ((k >= 4866550) AND (k <= 4866650))
	  ->  Bitmap Index Scan on k_4  (cost=0.00..5.44 rows=101 width=0)
	        Index Cond: ((k >= 4866550) AND (k <= 4866650))

table 5 : explain SELECT k, c FROM sbtest5 WHERE k BETWEEN 4866550 AND 4866650
	Bitmap Heap Scan on sbtest5  (cost=5.45..397.25 rows=99 width=125)
	  Recheck Cond: ((k >= 4866550) AND (k <= 4866650))
	  ->  Bitmap Index Scan on k_5  (cost=0.00..5.42 rows=99 width=0)
	        Index Cond: ((k >= 4866550) AND (k <= 4866650))

table 6 : explain SELECT k, c FROM sbtest6 WHERE k BETWEEN 4866550 AND 4866650
	Bitmap Heap Scan on sbtest6  (cost=5.40..377.55 rows=94 width=125)
	  Recheck Cond: ((k >= 4866550) AND (k <= 4866650))
	  ->  Bitmap Index Scan on k_6  (cost=0.00..5.38 rows=94 width=0)
	        Index Cond: ((k >= 4866550) AND (k <= 4866650))

table 7 : explain SELECT k, c FROM sbtest7 WHERE k BETWEEN 4866550 AND 4866650
	Bitmap Heap Scan on sbtest7  (cost=5.54..432.69 rows=108 width=125)
	  Recheck Cond: ((k >= 4866550) AND (k <= 4866650))
	  ->  Bitmap Index Scan on k_7  (cost=0.00..5.51 rows=108 width=0)
	        Index Cond: ((k >= 4866550) AND (k <= 4866650))

table 8 : explain SELECT k, c FROM sbtest8 WHERE k BETWEEN 4866550 AND 4866650
	Bitmap Heap Scan on sbtest8  (cost=5.41..381.49 rows=95 width=125)
	  Recheck Cond: ((k >= 4866550) AND (k <= 4866650))
	  ->  Bitmap Index Scan on k_8  (cost=0.00..5.38 rows=95 width=0)
	        Index Cond: ((k >= 4866550) AND (k <= 4866650))

explain: for range-notcovered :: explain SELECT k, c FROM sbtest%d WHERE k BETWEEN 2353618 AND 2353718
explain: for range-notcovered :: explain SELECT k, c FROM sbtest%d WHERE k BETWEEN 4866550 AND 4866650
for range-notcovered
table 1 : explain SELECT k, c FROM sbtest1 WHERE k BETWEEN 2353618 AND 2353718
	Bitmap Heap Scan on sbtest1  (cost=5.42..385.43 rows=96 width=125)
	  Recheck Cond: ((k >= 2353618) AND (k <= 2353718))
	  ->  Bitmap Index Scan on k_1  (cost=0.00..5.39 rows=96 width=0)
	        Index Cond: ((k >= 2353618) AND (k <= 2353718))

table 2 : explain SELECT k, c FROM sbtest2 WHERE k BETWEEN 2353618 AND 2353718
	Bitmap Heap Scan on sbtest2  (cost=5.39..373.61 rows=93 width=125)
	  Recheck Cond: ((k >= 2353618) AND (k <= 2353718))
	  ->  Bitmap Index Scan on k_2  (cost=0.00..5.36 rows=93 width=0)
	        Index Cond: ((k >= 2353618) AND (k <= 2353718))

table 3 : explain SELECT k, c FROM sbtest3 WHERE k BETWEEN 2353618 AND 2353718
	Bitmap Heap Scan on sbtest3  (cost=5.49..413.00 rows=103 width=125)
	  Recheck Cond: ((k >= 2353618) AND (k <= 2353718))
	  ->  Bitmap Index Scan on k_3  (cost=0.00..5.46 rows=103 width=0)
	        Index Cond: ((k >= 2353618) AND (k <= 2353718))

table 4 : explain SELECT k, c FROM sbtest4 WHERE k BETWEEN 2353618 AND 2353718
	Bitmap Heap Scan on sbtest4  (cost=5.46..401.19 rows=100 width=125)
	  Recheck Cond: ((k >= 2353618) AND (k <= 2353718))
	  ->  Bitmap Index Scan on k_4  (cost=0.00..5.43 rows=100 width=0)
	        Index Cond: ((k >= 2353618) AND (k <= 2353718))

table 5 : explain SELECT k, c FROM sbtest5 WHERE k BETWEEN 2353618 AND 2353718
	Bitmap Heap Scan on sbtest5  (cost=5.37..365.72 rows=91 width=125)
	  Recheck Cond: ((k >= 2353618) AND (k <= 2353718))
	  ->  Bitmap Index Scan on k_5  (cost=0.00..5.34 rows=91 width=0)
	        Index Cond: ((k >= 2353618) AND (k <= 2353718))

table 6 : explain SELECT k, c FROM sbtest6 WHERE k BETWEEN 2353618 AND 2353718
	Bitmap Heap Scan on sbtest6  (cost=5.46..401.19 rows=100 width=125)
	  Recheck Cond: ((k >= 2353618) AND (k <= 2353718))
	  ->  Bitmap Index Scan on k_6  (cost=0.00..5.43 rows=100 width=0)
	        Index Cond: ((k >= 2353618) AND (k <= 2353718))

table 7 : explain SELECT k, c FROM sbtest7 WHERE k BETWEEN 2353618 AND 2353718
	Bitmap Heap Scan on sbtest7  (cost=5.51..420.88 rows=105 width=125)
	  Recheck Cond: ((k >= 2353618) AND (k <= 2353718))
	  ->  Bitmap Index Scan on k_7  (cost=0.00..5.48 rows=105 width=0)
	        Index Cond: ((k >= 2353618) AND (k <= 2353718))

table 8 : explain SELECT k, c FROM sbtest8 WHERE k BETWEEN 2353618 AND 2353718
	Bitmap Heap Scan on sbtest8  (cost=5.45..397.25 rows=99 width=125)
	  Recheck Cond: ((k >= 2353618) AND (k <= 2353718))
	  ->  Bitmap Index Scan on k_8  (cost=0.00..5.42 rows=99 width=0)
	        Index Cond: ((k >= 2353618) AND (k <= 2353718))

for range-notcovered
table 1 : explain SELECT k, c FROM sbtest1 WHERE k BETWEEN 4866550 AND 4866650
	Bitmap Heap Scan on sbtest1  (cost=5.47..405.13 rows=101 width=125)
	  Recheck Cond: ((k >= 4866550) AND (k <= 4866650))
	  ->  Bitmap Index Scan on k_1  (cost=0.00..5.44 rows=101 width=0)
	        Index Cond: ((k >= 4866550) AND (k <= 4866650))

table 2 : explain SELECT k, c FROM sbtest2 WHERE k BETWEEN 4866550 AND 4866650
	Bitmap Heap Scan on sbtest2  (cost=5.46..401.19 rows=100 width=125)
	  Recheck Cond: ((k >= 4866550) AND (k <= 4866650))
	  ->  Bitmap Index Scan on k_2  (cost=0.00..5.43 rows=100 width=0)
	        Index Cond: ((k >= 4866550) AND (k <= 4866650))

table 3 : explain SELECT k, c FROM sbtest3 WHERE k BETWEEN 4866550 AND 4866650
	Bitmap Heap Scan on sbtest3  (cost=5.48..409.07 rows=102 width=125)
	  Recheck Cond: ((k >= 4866550) AND (k <= 4866650))
	  ->  Bitmap Index Scan on k_3  (cost=0.00..5.45 rows=102 width=0)
	        Index Cond: ((k >= 4866550) AND (k <= 4866650))

table 4 : explain SELECT k, c FROM sbtest4 WHERE k BETWEEN 4866550 AND 4866650
	Bitmap Heap Scan on sbtest4  (cost=5.47..405.13 rows=101 width=125)
	  Recheck Cond: ((k >= 4866550) AND (k <= 4866650))
	  ->  Bitmap Index Scan on k_4  (cost=0.00..5.44 rows=101 width=0)
	        Index Cond: ((k >= 4866550) AND (k <= 4866650))

table 5 : explain SELECT k, c FROM sbtest5 WHERE k BETWEEN 4866550 AND 4866650
	Bitmap Heap Scan on sbtest5  (cost=5.45..397.25 rows=99 width=125)
	  Recheck Cond: ((k >= 4866550) AND (k <= 4866650))
	  ->  Bitmap Index Scan on k_5  (cost=0.00..5.42 rows=99 width=0)
	        Index Cond: ((k >= 4866550) AND (k <= 4866650))

table 6 : explain SELECT k, c FROM sbtest6 WHERE k BETWEEN 4866550 AND 4866650
	Bitmap Heap Scan on sbtest6  (cost=5.40..377.55 rows=94 width=125)
	  Recheck Cond: ((k >= 4866550) AND (k <= 4866650))
	  ->  Bitmap Index Scan on k_6  (cost=0.00..5.38 rows=94 width=0)
	        Index Cond: ((k >= 4866550) AND (k <= 4866650))

table 7 : explain SELECT k, c FROM sbtest7 WHERE k BETWEEN 4866550 AND 4866650
	Bitmap Heap Scan on sbtest7  (cost=5.54..432.69 rows=108 width=125)
	  Recheck Cond: ((k >= 4866550) AND (k <= 4866650))
	  ->  Bitmap Index Scan on k_7  (cost=0.00..5.51 rows=108 width=0)
	        Index Cond: ((k >= 4866550) AND (k <= 4866650))

table 8 : explain SELECT k, c FROM sbtest8 WHERE k BETWEEN 4866550 AND 4866650
	Bitmap Heap Scan on sbtest8  (cost=5.41..381.49 rows=95 width=125)
	  Recheck Cond: ((k >= 4866550) AND (k <= 4866650))
	  ->  Bitmap Index Scan on k_8  (cost=0.00..5.38 rows=95 width=0)
	        Index Cond: ((k >= 4866550) AND (k <= 4866650))

explain: for range-notcovered :: explain SELECT k, c FROM sbtest%d WHERE k BETWEEN 2353618 AND 2353718
explain: for range-notcovered :: explain SELECT k, c FROM sbtest%d WHERE k BETWEEN 4866550 AND 4866650
for range-notcovered
table 1 : explain SELECT k, c FROM sbtest1 WHERE k BETWEEN 6823463 AND 6823563
	Bitmap Heap Scan on sbtest1  (cost=5.54..432.69 rows=108 width=125)
	  Recheck Cond: ((k >= 6823463) AND (k <= 6823563))
	  ->  Bitmap Index Scan on k_1  (cost=0.00..5.51 rows=108 width=0)
	        Index Cond: ((k >= 6823463) AND (k <= 6823563))

table 2 : explain SELECT k, c FROM sbtest2 WHERE k BETWEEN 6823463 AND 6823563
	Bitmap Heap Scan on sbtest2  (cost=5.52..424.81 rows=106 width=125)
	  Recheck Cond: ((k >= 6823463) AND (k <= 6823563))
	  ->  Bitmap Index Scan on k_2  (cost=0.00..5.50 rows=106 width=0)
	        Index Cond: ((k >= 6823463) AND (k <= 6823563))

table 3 : explain SELECT k, c FROM sbtest3 WHERE k BETWEEN 6823463 AND 6823563
	Bitmap Heap Scan on sbtest3  (cost=5.44..393.31 rows=98 width=125)
	  Recheck Cond: ((k >= 6823463) AND (k <= 6823563))
	  ->  Bitmap Index Scan on k_3  (cost=0.00..5.42 rows=98 width=0)
	        Index Cond: ((k >= 6823463) AND (k <= 6823563))

table 4 : explain SELECT k, c FROM sbtest4 WHERE k BETWEEN 6823463 AND 6823563
	Bitmap Heap Scan on sbtest4  (cost=5.43..389.37 rows=97 width=125)
	  Recheck Cond: ((k >= 6823463) AND (k <= 6823563))
	  ->  Bitmap Index Scan on k_4  (cost=0.00..5.40 rows=97 width=0)
	        Index Cond: ((k >= 6823463) AND (k <= 6823563))

table 5 : explain SELECT k, c FROM sbtest5 WHERE k BETWEEN 6823463 AND 6823563
	Bitmap Heap Scan on sbtest5  (cost=5.57..444.49 rows=111 width=125)
	  Recheck Cond: ((k >= 6823463) AND (k <= 6823563))
	  ->  Bitmap Index Scan on k_5  (cost=0.00..5.54 rows=111 width=0)
	        Index Cond: ((k >= 6823463) AND (k <= 6823563))

table 6 : explain SELECT k, c FROM sbtest6 WHERE k BETWEEN 6823463 AND 6823563
	Bitmap Heap Scan on sbtest6  (cost=5.44..393.31 rows=98 width=125)
	  Recheck Cond: ((k >= 6823463) AND (k <= 6823563))
	  ->  Bitmap Index Scan on k_6  (cost=0.00..5.42 rows=98 width=0)
	        Index Cond: ((k >= 6823463) AND (k <= 6823563))

table 7 : explain SELECT k, c FROM sbtest7 WHERE k BETWEEN 6823463 AND 6823563
	Bitmap Heap Scan on sbtest7  (cost=5.51..420.88 rows=105 width=125)
	  Recheck Cond: ((k >= 6823463) AND (k <= 6823563))
	  ->  Bitmap Index Scan on k_7  (cost=0.00..5.48 rows=105 width=0)
	        Index Cond: ((k >= 6823463) AND (k <= 6823563))

table 8 : explain SELECT k, c FROM sbtest8 WHERE k BETWEEN 6823463 AND 6823563
	Bitmap Heap Scan on sbtest8  (cost=5.43..389.37 rows=97 width=125)
	  Recheck Cond: ((k >= 6823463) AND (k <= 6823563))
	  ->  Bitmap Index Scan on k_8  (cost=0.00..5.40 rows=97 width=0)
	        Index Cond: ((k >= 6823463) AND (k <= 6823563))

for range-notcovered
table 1 : explain SELECT k, c FROM sbtest1 WHERE k BETWEEN 2353618 AND 2353718
	Bitmap Heap Scan on sbtest1  (cost=5.42..385.43 rows=96 width=125)
	  Recheck Cond: ((k >= 2353618) AND (k <= 2353718))
	  ->  Bitmap Index Scan on k_1  (cost=0.00..5.39 rows=96 width=0)
	        Index Cond: ((k >= 2353618) AND (k <= 2353718))

table 2 : explain SELECT k, c FROM sbtest2 WHERE k BETWEEN 2353618 AND 2353718
	Bitmap Heap Scan on sbtest2  (cost=5.39..373.61 rows=93 width=125)
	  Recheck Cond: ((k >= 2353618) AND (k <= 2353718))
	  ->  Bitmap Index Scan on k_2  (cost=0.00..5.36 rows=93 width=0)
	        Index Cond: ((k >= 2353618) AND (k <= 2353718))

table 3 : explain SELECT k, c FROM sbtest3 WHERE k BETWEEN 2353618 AND 2353718
	Bitmap Heap Scan on sbtest3  (cost=5.49..413.00 rows=103 width=125)
	  Recheck Cond: ((k >= 2353618) AND (k <= 2353718))
	  ->  Bitmap Index Scan on k_3  (cost=0.00..5.46 rows=103 width=0)
	        Index Cond: ((k >= 2353618) AND (k <= 2353718))

table 4 : explain SELECT k, c FROM sbtest4 WHERE k BETWEEN 2353618 AND 2353718
	Bitmap Heap Scan on sbtest4  (cost=5.46..401.19 rows=100 width=125)
	  Recheck Cond: ((k >= 2353618) AND (k <= 2353718))
	  ->  Bitmap Index Scan on k_4  (cost=0.00..5.43 rows=100 width=0)
	        Index Cond: ((k >= 2353618) AND (k <= 2353718))

table 5 : explain SELECT k, c FROM sbtest5 WHERE k BETWEEN 2353618 AND 2353718
	Bitmap Heap Scan on sbtest5  (cost=5.37..365.72 rows=91 width=125)
	  Recheck Cond: ((k >= 2353618) AND (k <= 2353718))
	  ->  Bitmap Index Scan on k_5  (cost=0.00..5.34 rows=91 width=0)
	        Index Cond: ((k >= 2353618) AND (k <= 2353718))

table 6 : explain SELECT k, c FROM sbtest6 WHERE k BETWEEN 2353618 AND 2353718
	Bitmap Heap Scan on sbtest6  (cost=5.46..401.19 rows=100 width=125)
	  Recheck Cond: ((k >= 2353618) AND (k <= 2353718))
	  ->  Bitmap Index Scan on k_6  (cost=0.00..5.43 rows=100 width=0)
	        Index Cond: ((k >= 2353618) AND (k <= 2353718))

table 7 : explain SELECT k, c FROM sbtest7 WHERE k BETWEEN 2353618 AND 2353718
	Bitmap Heap Scan on sbtest7  (cost=5.51..420.88 rows=105 width=125)
	  Recheck Cond: ((k >= 2353618) AND (k <= 2353718))
	  ->  Bitmap Index Scan on k_7  (cost=0.00..5.48 rows=105 width=0)
	        Index Cond: ((k >= 2353618) AND (k <= 2353718))

table 8 : explain SELECT k, c FROM sbtest8 WHERE k BETWEEN 2353618 AND 2353718
	Bitmap Heap Scan on sbtest8  (cost=5.45..397.25 rows=99 width=125)
	  Recheck Cond: ((k >= 2353618) AND (k <= 2353718))
	  ->  Bitmap Index Scan on k_8  (cost=0.00..5.42 rows=99 width=0)
	        Index Cond: ((k >= 2353618) AND (k <= 2353718))

for range-notcovered
table 1 : explain SELECT k, c FROM sbtest1 WHERE k BETWEEN 4866550 AND 4866650
	Bitmap Heap Scan on sbtest1  (cost=5.47..405.13 rows=101 width=125)
	  Recheck Cond: ((k >= 4866550) AND (k <= 4866650))
	  ->  Bitmap Index Scan on k_1  (cost=0.00..5.44 rows=101 width=0)
	        Index Cond: ((k >= 4866550) AND (k <= 4866650))

table 2 : explain SELECT k, c FROM sbtest2 WHERE k BETWEEN 4866550 AND 4866650
	Bitmap Heap Scan on sbtest2  (cost=5.46..401.19 rows=100 width=125)
	  Recheck Cond: ((k >= 4866550) AND (k <= 4866650))
	  ->  Bitmap Index Scan on k_2  (cost=0.00..5.43 rows=100 width=0)
	        Index Cond: ((k >= 4866550) AND (k <= 4866650))

table 3 : explain SELECT k, c FROM sbtest3 WHERE k BETWEEN 4866550 AND 4866650
	Bitmap Heap Scan on sbtest3  (cost=5.48..409.07 rows=102 width=125)
	  Recheck Cond: ((k >= 4866550) AND (k <= 4866650))
	  ->  Bitmap Index Scan on k_3  (cost=0.00..5.45 rows=102 width=0)
	        Index Cond: ((k >= 4866550) AND (k <= 4866650))

table 4 : explain SELECT k, c FROM sbtest4 WHERE k BETWEEN 4866550 AND 4866650
	Bitmap Heap Scan on sbtest4  (cost=5.47..405.13 rows=101 width=125)
	  Recheck Cond: ((k >= 4866550) AND (k <= 4866650))
	  ->  Bitmap Index Scan on k_4  (cost=0.00..5.44 rows=101 width=0)
	        Index Cond: ((k >= 4866550) AND (k <= 4866650))

table 5 : explain SELECT k, c FROM sbtest5 WHERE k BETWEEN 4866550 AND 4866650
	Bitmap Heap Scan on sbtest5  (cost=5.45..397.25 rows=99 width=125)
	  Recheck Cond: ((k >= 4866550) AND (k <= 4866650))
	  ->  Bitmap Index Scan on k_5  (cost=0.00..5.42 rows=99 width=0)
	        Index Cond: ((k >= 4866550) AND (k <= 4866650))

table 6 : explain SELECT k, c FROM sbtest6 WHERE k BETWEEN 4866550 AND 4866650
	Bitmap Heap Scan on sbtest6  (cost=5.40..377.55 rows=94 width=125)
	  Recheck Cond: ((k >= 4866550) AND (k <= 4866650))
	  ->  Bitmap Index Scan on k_6  (cost=0.00..5.38 rows=94 width=0)
	        Index Cond: ((k >= 4866550) AND (k <= 4866650))

table 7 : explain SELECT k, c FROM sbtest7 WHERE k BETWEEN 4866550 AND 4866650
	Bitmap Heap Scan on sbtest7  (cost=5.54..432.69 rows=108 width=125)
	  Recheck Cond: ((k >= 4866550) AND (k <= 4866650))
	  ->  Bitmap Index Scan on k_7  (cost=0.00..5.51 rows=108 width=0)
	        Index Cond: ((k >= 4866550) AND (k <= 4866650))

table 8 : explain SELECT k, c FROM sbtest8 WHERE k BETWEEN 4866550 AND 4866650
	Bitmap Heap Scan on sbtest8  (cost=5.41..381.49 rows=95 width=125)
	  Recheck Cond: ((k >= 4866550) AND (k <= 4866650))
	  ->  Bitmap Index Scan on k_8  (cost=0.00..5.38 rows=95 width=0)
	        Index Cond: ((k >= 4866550) AND (k <= 4866650))

explain: for range-notcovered :: explain SELECT k, c FROM sbtest%d WHERE k BETWEEN 4492873 AND 4492973
explain: for range-notcovered :: explain SELECT k, c FROM sbtest%d WHERE k BETWEEN 2353618 AND 2353718
explain: for range-notcovered :: explain SELECT k, c FROM sbtest%d WHERE k BETWEEN 4866550 AND 4866650
for range-notcovered
table 1 : explain SELECT k, c FROM sbtest1 WHERE k BETWEEN 538505 AND 538605
	Bitmap Heap Scan on sbtest1  (cost=5.49..413.00 rows=103 width=125)
	  Recheck Cond: ((k >= 538505) AND (k <= 538605))
	  ->  Bitmap Index Scan on k_1  (cost=0.00..5.46 rows=103 width=0)
	        Index Cond: ((k >= 538505) AND (k <= 538605))

table 2 : explain SELECT k, c FROM sbtest2 WHERE k BETWEEN 538505 AND 538605
	Bitmap Heap Scan on sbtest2  (cost=5.44..393.31 rows=98 width=125)
	  Recheck Cond: ((k >= 538505) AND (k <= 538605))
	  ->  Bitmap Index Scan on k_2  (cost=0.00..5.42 rows=98 width=0)
	        Index Cond: ((k >= 538505) AND (k <= 538605))

table 3 : explain SELECT k, c FROM sbtest3 WHERE k BETWEEN 538505 AND 538605
	Bitmap Heap Scan on sbtest3  (cost=5.45..397.25 rows=99 width=125)
	  Recheck Cond: ((k >= 538505) AND (k <= 538605))
	  ->  Bitmap Index Scan on k_3  (cost=0.00..5.42 rows=99 width=0)
	        Index Cond: ((k >= 538505) AND (k <= 538605))

table 4 : explain SELECT k, c FROM sbtest4 WHERE k BETWEEN 538505 AND 538605
	Bitmap Heap Scan on sbtest4  (cost=5.44..393.31 rows=98 width=125)
	  Recheck Cond: ((k >= 538505) AND (k <= 538605))
	  ->  Bitmap Index Scan on k_4  (cost=0.00..5.42 rows=98 width=0)
	        Index Cond: ((k >= 538505) AND (k <= 538605))

table 5 : explain SELECT k, c FROM sbtest5 WHERE k BETWEEN 538505 AND 538605
	Bitmap Heap Scan on sbtest5  (cost=5.48..409.07 rows=102 width=125)
	  Recheck Cond: ((k >= 538505) AND (k <= 538605))
	  ->  Bitmap Index Scan on k_5  (cost=0.00..5.45 rows=102 width=0)
	        Index Cond: ((k >= 538505) AND (k <= 538605))

table 6 : explain SELECT k, c FROM sbtest6 WHERE k BETWEEN 538505 AND 538605
	Bitmap Heap Scan on sbtest6  (cost=5.53..428.75 rows=107 width=125)
	  Recheck Cond: ((k >= 538505) AND (k <= 538605))
	  ->  Bitmap Index Scan on k_6  (cost=0.00..5.50 rows=107 width=0)
	        Index Cond: ((k >= 538505) AND (k <= 538605))

table 7 : explain SELECT k, c FROM sbtest7 WHERE k BETWEEN 538505 AND 538605
	Bitmap Heap Scan on sbtest7  (cost=5.53..428.75 rows=107 width=125)
	  Recheck Cond: ((k >= 538505) AND (k <= 538605))
	  ->  Bitmap Index Scan on k_7  (cost=0.00..5.50 rows=107 width=0)
	        Index Cond: ((k >= 538505) AND (k <= 538605))

table 8 : explain SELECT k, c FROM sbtest8 WHERE k BETWEEN 538505 AND 538605
	Bitmap Heap Scan on sbtest8  (cost=5.52..424.81 rows=106 width=125)
	  Recheck Cond: ((k >= 538505) AND (k <= 538605))
	  ->  Bitmap Index Scan on k_8  (cost=0.00..5.50 rows=106 width=0)
	        Index Cond: ((k >= 538505) AND (k <= 538605))

explain: for range-notcovered :: explain SELECT k, c FROM sbtest%d WHERE k BETWEEN 538505 AND 538605
explain: for range-notcovered :: explain SELECT k, c FROM sbtest%d WHERE k BETWEEN 7257707 AND 7257807
explain: for range-notcovered :: explain SELECT k, c FROM sbtest%d WHERE k BETWEEN 5014615 AND 5014715
explain: for range-notcovered :: explain SELECT k, c FROM sbtest%d WHERE k BETWEEN 2076636 AND 2076736
for range-notcovered
table 1 : explain SELECT k, c FROM sbtest1 WHERE k BETWEEN 538505 AND 538605
	Bitmap Heap Scan on sbtest1  (cost=5.49..413.00 rows=103 width=125)
	  Recheck Cond: ((k >= 538505) AND (k <= 538605))
	  ->  Bitmap Index Scan on k_1  (cost=0.00..5.46 rows=103 width=0)
	        Index Cond: ((k >= 538505) AND (k <= 538605))

table 2 : explain SELECT k, c FROM sbtest2 WHERE k BETWEEN 538505 AND 538605
	Bitmap Heap Scan on sbtest2  (cost=5.44..393.31 rows=98 width=125)
	  Recheck Cond: ((k >= 538505) AND (k <= 538605))
	  ->  Bitmap Index Scan on k_2  (cost=0.00..5.42 rows=98 width=0)
	        Index Cond: ((k >= 538505) AND (k <= 538605))

table 3 : explain SELECT k, c FROM sbtest3 WHERE k BETWEEN 538505 AND 538605
	Bitmap Heap Scan on sbtest3  (cost=5.45..397.25 rows=99 width=125)
	  Recheck Cond: ((k >= 538505) AND (k <= 538605))
	  ->  Bitmap Index Scan on k_3  (cost=0.00..5.42 rows=99 width=0)
	        Index Cond: ((k >= 538505) AND (k <= 538605))

table 4 : explain SELECT k, c FROM sbtest4 WHERE k BETWEEN 538505 AND 538605
	Bitmap Heap Scan on sbtest4  (cost=5.44..393.31 rows=98 width=125)
	  Recheck Cond: ((k >= 538505) AND (k <= 538605))
	  ->  Bitmap Index Scan on k_4  (cost=0.00..5.42 rows=98 width=0)
	        Index Cond: ((k >= 538505) AND (k <= 538605))

table 5 : explain SELECT k, c FROM sbtest5 WHERE k BETWEEN 538505 AND 538605
	Bitmap Heap Scan on sbtest5  (cost=5.48..409.07 rows=102 width=125)
	  Recheck Cond: ((k >= 538505) AND (k <= 538605))
	  ->  Bitmap Index Scan on k_5  (cost=0.00..5.45 rows=102 width=0)
	        Index Cond: ((k >= 538505) AND (k <= 538605))

table 6 : explain SELECT k, c FROM sbtest6 WHERE k BETWEEN 538505 AND 538605
	Bitmap Heap Scan on sbtest6  (cost=5.53..428.75 rows=107 width=125)
	  Recheck Cond: ((k >= 538505) AND (k <= 538605))
	  ->  Bitmap Index Scan on k_6  (cost=0.00..5.50 rows=107 width=0)
	        Index Cond: ((k >= 538505) AND (k <= 538605))

table 7 : explain SELECT k, c FROM sbtest7 WHERE k BETWEEN 538505 AND 538605
	Bitmap Heap Scan on sbtest7  (cost=5.53..428.75 rows=107 width=125)
	  Recheck Cond: ((k >= 538505) AND (k <= 538605))
	  ->  Bitmap Index Scan on k_7  (cost=0.00..5.50 rows=107 width=0)
	        Index Cond: ((k >= 538505) AND (k <= 538605))

table 8 : explain SELECT k, c FROM sbtest8 WHERE k BETWEEN 538505 AND 538605
	Bitmap Heap Scan on sbtest8  (cost=5.52..424.81 rows=106 width=125)
	  Recheck Cond: ((k >= 538505) AND (k <= 538605))
	  ->  Bitmap Index Scan on k_8  (cost=0.00..5.50 rows=106 width=0)
	        Index Cond: ((k >= 538505) AND (k <= 538605))

explain: for range-notcovered :: explain SELECT k, c FROM sbtest%d WHERE k BETWEEN 538505 AND 538605
explain: for range-notcovered :: explain SELECT k, c FROM sbtest%d WHERE k BETWEEN 4712949 AND 4713049
explain: for range-notcovered :: explain SELECT k, c FROM sbtest%d WHERE k BETWEEN 7871046 AND 7871146
for range-notcovered
table 1 : explain SELECT k, c FROM sbtest1 WHERE k BETWEEN 538505 AND 538605
	Bitmap Heap Scan on sbtest1  (cost=5.49..413.00 rows=103 width=125)
	  Recheck Cond: ((k >= 538505) AND (k <= 538605))
	  ->  Bitmap Index Scan on k_1  (cost=0.00..5.46 rows=103 width=0)
	        Index Cond: ((k >= 538505) AND (k <= 538605))

table 2 : explain SELECT k, c FROM sbtest2 WHERE k BETWEEN 538505 AND 538605
	Bitmap Heap Scan on sbtest2  (cost=5.44..393.31 rows=98 width=125)
	  Recheck Cond: ((k >= 538505) AND (k <= 538605))
	  ->  Bitmap Index Scan on k_2  (cost=0.00..5.42 rows=98 width=0)
	        Index Cond: ((k >= 538505) AND (k <= 538605))

table 3 : explain SELECT k, c FROM sbtest3 WHERE k BETWEEN 538505 AND 538605
	Bitmap Heap Scan on sbtest3  (cost=5.45..397.25 rows=99 width=125)
	  Recheck Cond: ((k >= 538505) AND (k <= 538605))
	  ->  Bitmap Index Scan on k_3  (cost=0.00..5.42 rows=99 width=0)
	        Index Cond: ((k >= 538505) AND (k <= 538605))

table 4 : explain SELECT k, c FROM sbtest4 WHERE k BETWEEN 538505 AND 538605
	Bitmap Heap Scan on sbtest4  (cost=5.44..393.31 rows=98 width=125)
	  Recheck Cond: ((k >= 538505) AND (k <= 538605))
	  ->  Bitmap Index Scan on k_4  (cost=0.00..5.42 rows=98 width=0)
	        Index Cond: ((k >= 538505) AND (k <= 538605))

table 5 : explain SELECT k, c FROM sbtest5 WHERE k BETWEEN 538505 AND 538605
	Bitmap Heap Scan on sbtest5  (cost=5.48..409.07 rows=102 width=125)
	  Recheck Cond: ((k >= 538505) AND (k <= 538605))
	  ->  Bitmap Index Scan on k_5  (cost=0.00..5.45 rows=102 width=0)
	        Index Cond: ((k >= 538505) AND (k <= 538605))

table 6 : explain SELECT k, c FROM sbtest6 WHERE k BETWEEN 538505 AND 538605
	Bitmap Heap Scan on sbtest6  (cost=5.53..428.75 rows=107 width=125)
	  Recheck Cond: ((k >= 538505) AND (k <= 538605))
	  ->  Bitmap Index Scan on k_6  (cost=0.00..5.50 rows=107 width=0)
	        Index Cond: ((k >= 538505) AND (k <= 538605))

table 7 : explain SELECT k, c FROM sbtest7 WHERE k BETWEEN 538505 AND 538605
	Bitmap Heap Scan on sbtest7  (cost=5.53..428.75 rows=107 width=125)
	  Recheck Cond: ((k >= 538505) AND (k <= 538605))
	  ->  Bitmap Index Scan on k_7  (cost=0.00..5.50 rows=107 width=0)
	        Index Cond: ((k >= 538505) AND (k <= 538605))

table 8 : explain SELECT k, c FROM sbtest8 WHERE k BETWEEN 538505 AND 538605
	Bitmap Heap Scan on sbtest8  (cost=5.52..424.81 rows=106 width=125)
	  Recheck Cond: ((k >= 538505) AND (k <= 538605))
	  ->  Bitmap Index Scan on k_8  (cost=0.00..5.50 rows=106 width=0)
	        Index Cond: ((k >= 538505) AND (k <= 538605))

explain: for range-notcovered :: explain SELECT k, c FROM sbtest%d WHERE k BETWEEN 538505 AND 538605
explain: for range-notcovered :: explain SELECT k, c FROM sbtest%d WHERE k BETWEEN 7421777 AND 7421877
explain: for range-notcovered :: explain SELECT k, c FROM sbtest%d WHERE k BETWEEN 5049292 AND 5049392
for range-notcovered
table 1 : explain SELECT k, c FROM sbtest1 WHERE k BETWEEN 4492873 AND 4492973
	Bitmap Heap Scan on sbtest1  (cost=5.59..452.36 rows=113 width=125)
	  Recheck Cond: ((k >= 4492873) AND (k <= 4492973))
	  ->  Bitmap Index Scan on k_1  (cost=0.00..5.56 rows=113 width=0)
	        Index Cond: ((k >= 4492873) AND (k <= 4492973))

table 2 : explain SELECT k, c FROM sbtest2 WHERE k BETWEEN 4492873 AND 4492973
	Bitmap Heap Scan on sbtest2  (cost=5.45..397.25 rows=99 width=125)
	  Recheck Cond: ((k >= 4492873) AND (k <= 4492973))
	  ->  Bitmap Index Scan on k_2  (cost=0.00..5.42 rows=99 width=0)
	        Index Cond: ((k >= 4492873) AND (k <= 4492973))

table 3 : explain SELECT k, c FROM sbtest3 WHERE k BETWEEN 4492873 AND 4492973
	Bitmap Heap Scan on sbtest3  (cost=5.56..440.56 rows=110 width=125)
	  Recheck Cond: ((k >= 4492873) AND (k <= 4492973))
	  ->  Bitmap Index Scan on k_3  (cost=0.00..5.53 rows=110 width=0)
	        Index Cond: ((k >= 4492873) AND (k <= 4492973))

table 4 : explain SELECT k, c FROM sbtest4 WHERE k BETWEEN 4492873 AND 4492973
	Bitmap Heap Scan on sbtest4  (cost=5.49..413.00 rows=103 width=125)
	  Recheck Cond: ((k >= 4492873) AND (k <= 4492973))
	  ->  Bitmap Index Scan on k_4  (cost=0.00..5.46 rows=103 width=0)
	        Index Cond: ((k >= 4492873) AND (k <= 4492973))

table 5 : explain SELECT k, c FROM sbtest5 WHERE k BETWEEN 4492873 AND 4492973
	Bitmap Heap Scan on sbtest5  (cost=5.46..401.19 rows=100 width=125)
	  Recheck Cond: ((k >= 4492873) AND (k <= 4492973))
	  ->  Bitmap Index Scan on k_5  (cost=0.00..5.43 rows=100 width=0)
	        Index Cond: ((k >= 4492873) AND (k <= 4492973))

table 6 : explain SELECT k, c FROM sbtest6 WHERE k BETWEEN 4492873 AND 4492973
	Bitmap Heap Scan on sbtest6  (cost=5.57..444.49 rows=111 width=125)
	  Recheck Cond: ((k >= 4492873) AND (k <= 4492973))
	  ->  Bitmap Index Scan on k_6  (cost=0.00..5.54 rows=111 width=0)
	        Index Cond: ((k >= 4492873) AND (k <= 4492973))

table 7 : explain SELECT k, c FROM sbtest7 WHERE k BETWEEN 4492873 AND 4492973
	Bitmap Heap Scan on sbtest7  (cost=5.44..393.31 rows=98 width=125)
	  Recheck Cond: ((k >= 4492873) AND (k <= 4492973))
	  ->  Bitmap Index Scan on k_7  (cost=0.00..5.42 rows=98 width=0)
	        Index Cond: ((k >= 4492873) AND (k <= 4492973))

table 8 : explain SELECT k, c FROM sbtest8 WHERE k BETWEEN 4492873 AND 4492973
	Bitmap Heap Scan on sbtest8  (cost=5.51..420.88 rows=105 width=125)
	  Recheck Cond: ((k >= 4492873) AND (k <= 4492973))
	  ->  Bitmap Index Scan on k_8  (cost=0.00..5.48 rows=105 width=0)
	        Index Cond: ((k >= 4492873) AND (k <= 4492973))

explain: for range-notcovered :: explain SELECT k, c FROM sbtest%d WHERE k BETWEEN 4492873 AND 4492973
for range-notcovered
table 1 : explain SELECT k, c FROM sbtest1 WHERE k BETWEEN 2353618 AND 2353718
	Bitmap Heap Scan on sbtest1  (cost=5.42..385.43 rows=96 width=125)
	  Recheck Cond: ((k >= 2353618) AND (k <= 2353718))
	  ->  Bitmap Index Scan on k_1  (cost=0.00..5.39 rows=96 width=0)
	        Index Cond: ((k >= 2353618) AND (k <= 2353718))

table 2 : explain SELECT k, c FROM sbtest2 WHERE k BETWEEN 2353618 AND 2353718
	Bitmap Heap Scan on sbtest2  (cost=5.39..373.61 rows=93 width=125)
	  Recheck Cond: ((k >= 2353618) AND (k <= 2353718))
	  ->  Bitmap Index Scan on k_2  (cost=0.00..5.36 rows=93 width=0)
	        Index Cond: ((k >= 2353618) AND (k <= 2353718))

table 3 : explain SELECT k, c FROM sbtest3 WHERE k BETWEEN 2353618 AND 2353718
	Bitmap Heap Scan on sbtest3  (cost=5.49..413.00 rows=103 width=125)
	  Recheck Cond: ((k >= 2353618) AND (k <= 2353718))
	  ->  Bitmap Index Scan on k_3  (cost=0.00..5.46 rows=103 width=0)
	        Index Cond: ((k >= 2353618) AND (k <= 2353718))

table 4 : explain SELECT k, c FROM sbtest4 WHERE k BETWEEN 2353618 AND 2353718
	Bitmap Heap Scan on sbtest4  (cost=5.46..401.19 rows=100 width=125)
	  Recheck Cond: ((k >= 2353618) AND (k <= 2353718))
	  ->  Bitmap Index Scan on k_4  (cost=0.00..5.43 rows=100 width=0)
	        Index Cond: ((k >= 2353618) AND (k <= 2353718))

table 5 : explain SELECT k, c FROM sbtest5 WHERE k BETWEEN 2353618 AND 2353718
	Bitmap Heap Scan on sbtest5  (cost=5.37..365.72 rows=91 width=125)
	  Recheck Cond: ((k >= 2353618) AND (k <= 2353718))
	  ->  Bitmap Index Scan on k_5  (cost=0.00..5.34 rows=91 width=0)
	        Index Cond: ((k >= 2353618) AND (k <= 2353718))

table 6 : explain SELECT k, c FROM sbtest6 WHERE k BETWEEN 2353618 AND 2353718
	Bitmap Heap Scan on sbtest6  (cost=5.46..401.19 rows=100 width=125)
	  Recheck Cond: ((k >= 2353618) AND (k <= 2353718))
	  ->  Bitmap Index Scan on k_6  (cost=0.00..5.43 rows=100 width=0)
	        Index Cond: ((k >= 2353618) AND (k <= 2353718))

table 7 : explain SELECT k, c FROM sbtest7 WHERE k BETWEEN 2353618 AND 2353718
	Bitmap Heap Scan on sbtest7  (cost=5.51..420.88 rows=105 width=125)
	  Recheck Cond: ((k >= 2353618) AND (k <= 2353718))
	  ->  Bitmap Index Scan on k_7  (cost=0.00..5.48 rows=105 width=0)
	        Index Cond: ((k >= 2353618) AND (k <= 2353718))

table 8 : explain SELECT k, c FROM sbtest8 WHERE k BETWEEN 2353618 AND 2353718
	Bitmap Heap Scan on sbtest8  (cost=5.45..397.25 rows=99 width=125)
	  Recheck Cond: ((k >= 2353618) AND (k <= 2353718))
	  ->  Bitmap Index Scan on k_8  (cost=0.00..5.42 rows=99 width=0)
	        Index Cond: ((k >= 2353618) AND (k <= 2353718))

explain: for range-notcovered :: explain SELECT k, c FROM sbtest%d WHERE k BETWEEN 2353618 AND 2353718
for range-notcovered
table 1 : explain SELECT k, c FROM sbtest1 WHERE k BETWEEN 4866550 AND 4866650
	Bitmap Heap Scan on sbtest1  (cost=5.47..405.13 rows=101 width=125)
	  Recheck Cond: ((k >= 4866550) AND (k <= 4866650))
	  ->  Bitmap Index Scan on k_1  (cost=0.00..5.44 rows=101 width=0)
	        Index Cond: ((k >= 4866550) AND (k <= 4866650))

table 2 : explain SELECT k, c FROM sbtest2 WHERE k BETWEEN 4866550 AND 4866650
	Bitmap Heap Scan on sbtest2  (cost=5.46..401.19 rows=100 width=125)
	  Recheck Cond: ((k >= 4866550) AND (k <= 4866650))
	  ->  Bitmap Index Scan on k_2  (cost=0.00..5.43 rows=100 width=0)
	        Index Cond: ((k >= 4866550) AND (k <= 4866650))

table 3 : explain SELECT k, c FROM sbtest3 WHERE k BETWEEN 4866550 AND 4866650
	Bitmap Heap Scan on sbtest3  (cost=5.48..409.07 rows=102 width=125)
	  Recheck Cond: ((k >= 4866550) AND (k <= 4866650))
	  ->  Bitmap Index Scan on k_3  (cost=0.00..5.45 rows=102 width=0)
	        Index Cond: ((k >= 4866550) AND (k <= 4866650))

table 4 : explain SELECT k, c FROM sbtest4 WHERE k BETWEEN 4866550 AND 4866650
	Bitmap Heap Scan on sbtest4  (cost=5.47..405.13 rows=101 width=125)
	  Recheck Cond: ((k >= 4866550) AND (k <= 4866650))
	  ->  Bitmap Index Scan on k_4  (cost=0.00..5.44 rows=101 width=0)
	        Index Cond: ((k >= 4866550) AND (k <= 4866650))

table 5 : explain SELECT k, c FROM sbtest5 WHERE k BETWEEN 4866550 AND 4866650
	Bitmap Heap Scan on sbtest5  (cost=5.45..397.25 rows=99 width=125)
	  Recheck Cond: ((k >= 4866550) AND (k <= 4866650))
	  ->  Bitmap Index Scan on k_5  (cost=0.00..5.42 rows=99 width=0)
	        Index Cond: ((k >= 4866550) AND (k <= 4866650))

table 6 : explain SELECT k, c FROM sbtest6 WHERE k BETWEEN 4866550 AND 4866650
	Bitmap Heap Scan on sbtest6  (cost=5.40..377.55 rows=94 width=125)
	  Recheck Cond: ((k >= 4866550) AND (k <= 4866650))
	  ->  Bitmap Index Scan on k_6  (cost=0.00..5.38 rows=94 width=0)
	        Index Cond: ((k >= 4866550) AND (k <= 4866650))

table 7 : explain SELECT k, c FROM sbtest7 WHERE k BETWEEN 4866550 AND 4866650
	Bitmap Heap Scan on sbtest7  (cost=5.54..432.69 rows=108 width=125)
	  Recheck Cond: ((k >= 4866550) AND (k <= 4866650))
	  ->  Bitmap Index Scan on k_7  (cost=0.00..5.51 rows=108 width=0)
	        Index Cond: ((k >= 4866550) AND (k <= 4866650))

table 8 : explain SELECT k, c FROM sbtest8 WHERE k BETWEEN 4866550 AND 4866650
	Bitmap Heap Scan on sbtest8  (cost=5.41..381.49 rows=95 width=125)
	  Recheck Cond: ((k >= 4866550) AND (k <= 4866650))
	  ->  Bitmap Index Scan on k_8  (cost=0.00..5.38 rows=95 width=0)
	        Index Cond: ((k >= 4866550) AND (k <= 4866650))

explain: for range-notcovered :: explain SELECT k, c FROM sbtest%d WHERE k BETWEEN 4866550 AND 4866650
for range-notcovered
table 1 : explain SELECT k, c FROM sbtest1 WHERE k BETWEEN 2353618 AND 2353718
	Bitmap Heap Scan on sbtest1  (cost=5.42..385.43 rows=96 width=125)
	  Recheck Cond: ((k >= 2353618) AND (k <= 2353718))
	  ->  Bitmap Index Scan on k_1  (cost=0.00..5.39 rows=96 width=0)
	        Index Cond: ((k >= 2353618) AND (k <= 2353718))

table 2 : explain SELECT k, c FROM sbtest2 WHERE k BETWEEN 2353618 AND 2353718
	Bitmap Heap Scan on sbtest2  (cost=5.39..373.61 rows=93 width=125)
	  Recheck Cond: ((k >= 2353618) AND (k <= 2353718))
	  ->  Bitmap Index Scan on k_2  (cost=0.00..5.36 rows=93 width=0)
	        Index Cond: ((k >= 2353618) AND (k <= 2353718))

table 3 : explain SELECT k, c FROM sbtest3 WHERE k BETWEEN 2353618 AND 2353718
	Bitmap Heap Scan on sbtest3  (cost=5.49..413.00 rows=103 width=125)
	  Recheck Cond: ((k >= 2353618) AND (k <= 2353718))
	  ->  Bitmap Index Scan on k_3  (cost=0.00..5.46 rows=103 width=0)
	        Index Cond: ((k >= 2353618) AND (k <= 2353718))

table 4 : explain SELECT k, c FROM sbtest4 WHERE k BETWEEN 2353618 AND 2353718
	Bitmap Heap Scan on sbtest4  (cost=5.46..401.19 rows=100 width=125)
	  Recheck Cond: ((k >= 2353618) AND (k <= 2353718))
	  ->  Bitmap Index Scan on k_4  (cost=0.00..5.43 rows=100 width=0)
	        Index Cond: ((k >= 2353618) AND (k <= 2353718))

table 5 : explain SELECT k, c FROM sbtest5 WHERE k BETWEEN 2353618 AND 2353718
	Bitmap Heap Scan on sbtest5  (cost=5.37..365.72 rows=91 width=125)
	  Recheck Cond: ((k >= 2353618) AND (k <= 2353718))
	  ->  Bitmap Index Scan on k_5  (cost=0.00..5.34 rows=91 width=0)
	        Index Cond: ((k >= 2353618) AND (k <= 2353718))

table 6 : explain SELECT k, c FROM sbtest6 WHERE k BETWEEN 2353618 AND 2353718
	Bitmap Heap Scan on sbtest6  (cost=5.46..401.19 rows=100 width=125)
	  Recheck Cond: ((k >= 2353618) AND (k <= 2353718))
	  ->  Bitmap Index Scan on k_6  (cost=0.00..5.43 rows=100 width=0)
	        Index Cond: ((k >= 2353618) AND (k <= 2353718))

table 7 : explain SELECT k, c FROM sbtest7 WHERE k BETWEEN 2353618 AND 2353718
	Bitmap Heap Scan on sbtest7  (cost=5.51..420.88 rows=105 width=125)
	  Recheck Cond: ((k >= 2353618) AND (k <= 2353718))
	  ->  Bitmap Index Scan on k_7  (cost=0.00..5.48 rows=105 width=0)
	        Index Cond: ((k >= 2353618) AND (k <= 2353718))

table 8 : explain SELECT k, c FROM sbtest8 WHERE k BETWEEN 2353618 AND 2353718
	Bitmap Heap Scan on sbtest8  (cost=5.45..397.25 rows=99 width=125)
	  Recheck Cond: ((k >= 2353618) AND (k <= 2353718))
	  ->  Bitmap Index Scan on k_8  (cost=0.00..5.42 rows=99 width=0)
	        Index Cond: ((k >= 2353618) AND (k <= 2353718))

explain: for range-notcovered :: explain SELECT k, c FROM sbtest%d WHERE k BETWEEN 2353618 AND 2353718
explain: for range-notcovered :: explain SELECT k, c FROM sbtest%d WHERE k BETWEEN 1694003 AND 1694103
for range-notcovered
table 1 : explain SELECT k, c FROM sbtest1 WHERE k BETWEEN 2076636 AND 2076736
	Bitmap Heap Scan on sbtest1  (cost=5.52..424.81 rows=106 width=125)
	  Recheck Cond: ((k >= 2076636) AND (k <= 2076736))
	  ->  Bitmap Index Scan on k_1  (cost=0.00..5.50 rows=106 width=0)
	        Index Cond: ((k >= 2076636) AND (k <= 2076736))

table 2 : explain SELECT k, c FROM sbtest2 WHERE k BETWEEN 2076636 AND 2076736
	Bitmap Heap Scan on sbtest2  (cost=5.48..409.07 rows=102 width=125)
	  Recheck Cond: ((k >= 2076636) AND (k <= 2076736))
	  ->  Bitmap Index Scan on k_2  (cost=0.00..5.45 rows=102 width=0)
	        Index Cond: ((k >= 2076636) AND (k <= 2076736))

table 3 : explain SELECT k, c FROM sbtest3 WHERE k BETWEEN 2076636 AND 2076736
	Bitmap Heap Scan on sbtest3  (cost=5.48..409.07 rows=102 width=125)
	  Recheck Cond: ((k >= 2076636) AND (k <= 2076736))
	  ->  Bitmap Index Scan on k_3  (cost=0.00..5.45 rows=102 width=0)
	        Index Cond: ((k >= 2076636) AND (k <= 2076736))

table 4 : explain SELECT k, c FROM sbtest4 WHERE k BETWEEN 2076636 AND 2076736
	Bitmap Heap Scan on sbtest4  (cost=5.50..416.94 rows=104 width=125)
	  Recheck Cond: ((k >= 2076636) AND (k <= 2076736))
	  ->  Bitmap Index Scan on k_4  (cost=0.00..5.47 rows=104 width=0)
	        Index Cond: ((k >= 2076636) AND (k <= 2076736))

table 5 : explain SELECT k, c FROM sbtest5 WHERE k BETWEEN 2076636 AND 2076736
	Bitmap Heap Scan on sbtest5  (cost=5.55..436.62 rows=109 width=125)
	  Recheck Cond: ((k >= 2076636) AND (k <= 2076736))
	  ->  Bitmap Index Scan on k_5  (cost=0.00..5.52 rows=109 width=0)
	        Index Cond: ((k >= 2076636) AND (k <= 2076736))

table 6 : explain SELECT k, c FROM sbtest6 WHERE k BETWEEN 2076636 AND 2076736
	Bitmap Heap Scan on sbtest6  (cost=5.47..405.13 rows=101 width=125)
	  Recheck Cond: ((k >= 2076636) AND (k <= 2076736))
	  ->  Bitmap Index Scan on k_6  (cost=0.00..5.44 rows=101 width=0)
	        Index Cond: ((k >= 2076636) AND (k <= 2076736))

table 7 : explain SELECT k, c FROM sbtest7 WHERE k BETWEEN 2076636 AND 2076736
	Bitmap Heap Scan on sbtest7  (cost=5.43..389.37 rows=97 width=125)
	  Recheck Cond: ((k >= 2076636) AND (k <= 2076736))
	  ->  Bitmap Index Scan on k_7  (cost=0.00..5.40 rows=97 width=0)
	        Index Cond: ((k >= 2076636) AND (k <= 2076736))

table 8 : explain SELECT k, c FROM sbtest8 WHERE k BETWEEN 2076636 AND 2076736
	Bitmap Heap Scan on sbtest8  (cost=5.54..432.69 rows=108 width=125)
	  Recheck Cond: ((k >= 2076636) AND (k <= 2076736))
	  ->  Bitmap Index Scan on k_8  (cost=0.00..5.51 rows=108 width=0)
	        Index Cond: ((k >= 2076636) AND (k <= 2076736))

for range-notcovered
table 1 : explain SELECT k, c FROM sbtest1 WHERE k BETWEEN 7257707 AND 7257807
	Bitmap Heap Scan on sbtest1  (cost=5.50..416.94 rows=104 width=125)
	  Recheck Cond: ((k >= 7257707) AND (k <= 7257807))
	  ->  Bitmap Index Scan on k_1  (cost=0.00..5.47 rows=104 width=0)
	        Index Cond: ((k >= 7257707) AND (k <= 7257807))

table 2 : explain SELECT k, c FROM sbtest2 WHERE k BETWEEN 7257707 AND 7257807
	Bitmap Heap Scan on sbtest2  (cost=5.46..401.19 rows=100 width=125)
	  Recheck Cond: ((k >= 7257707) AND (k <= 7257807))
	  ->  Bitmap Index Scan on k_2  (cost=0.00..5.43 rows=100 width=0)
	        Index Cond: ((k >= 7257707) AND (k <= 7257807))

table 3 : explain SELECT k, c FROM sbtest3 WHERE k BETWEEN 7257707 AND 7257807
	Bitmap Heap Scan on sbtest3  (cost=5.40..377.55 rows=94 width=125)
	  Recheck Cond: ((k >= 7257707) AND (k <= 7257807))
	  ->  Bitmap Index Scan on k_3  (cost=0.00..5.38 rows=94 width=0)
	        Index Cond: ((k >= 7257707) AND (k <= 7257807))

table 4 : explain SELECT k, c FROM sbtest4 WHERE k BETWEEN 7257707 AND 7257807
	Bitmap Heap Scan on sbtest4  (cost=5.48..409.07 rows=102 width=125)
	  Recheck Cond: ((k >= 7257707) AND (k <= 7257807))
	  ->  Bitmap Index Scan on k_4  (cost=0.00..5.45 rows=102 width=0)
	        Index Cond: ((k >= 7257707) AND (k <= 7257807))

table 5 : explain SELECT k, c FROM sbtest5 WHERE k BETWEEN 7257707 AND 7257807
	Bitmap Heap Scan on sbtest5  (cost=5.50..416.94 rows=104 width=125)
	  Recheck Cond: ((k >= 7257707) AND (k <= 7257807))
	  ->  Bitmap Index Scan on k_5  (cost=0.00..5.47 rows=104 width=0)
	        Index Cond: ((k >= 7257707) AND (k <= 7257807))

table 6 : explain SELECT k, c FROM sbtest6 WHERE k BETWEEN 7257707 AND 7257807
	Bitmap Heap Scan on sbtest6  (cost=5.41..381.49 rows=95 width=125)
	  Recheck Cond: ((k >= 7257707) AND (k <= 7257807))
	  ->  Bitmap Index Scan on k_6  (cost=0.00..5.38 rows=95 width=0)
	        Index Cond: ((k >= 7257707) AND (k <= 7257807))

table 7 : explain SELECT k, c FROM sbtest7 WHERE k BETWEEN 7257707 AND 7257807
	Bitmap Heap Scan on sbtest7  (cost=5.51..420.88 rows=105 width=125)
	  Recheck Cond: ((k >= 7257707) AND (k <= 7257807))
	  ->  Bitmap Index Scan on k_7  (cost=0.00..5.48 rows=105 width=0)
	        Index Cond: ((k >= 7257707) AND (k <= 7257807))

table 8 : explain SELECT k, c FROM sbtest8 WHERE k BETWEEN 7257707 AND 7257807
	Bitmap Heap Scan on sbtest8  (cost=5.43..389.37 rows=97 width=125)
	  Recheck Cond: ((k >= 7257707) AND (k <= 7257807))
	  ->  Bitmap Index Scan on k_8  (cost=0.00..5.40 rows=97 width=0)
	        Index Cond: ((k >= 7257707) AND (k <= 7257807))

for range-notcovered
table 1 : explain SELECT k, c FROM sbtest1 WHERE k BETWEEN 5014615 AND 5014715
	Bitmap Heap Scan on sbtest1  (cost=5.46..401.19 rows=100 width=125)
	  Recheck Cond: ((k >= 5014615) AND (k <= 5014715))
	  ->  Bitmap Index Scan on k_1  (cost=0.00..5.43 rows=100 width=0)
	        Index Cond: ((k >= 5014615) AND (k <= 5014715))

table 2 : explain SELECT k, c FROM sbtest2 WHERE k BETWEEN 5014615 AND 5014715
	Bitmap Heap Scan on sbtest2  (cost=5.49..413.00 rows=103 width=125)
	  Recheck Cond: ((k >= 5014615) AND (k <= 5014715))
	  ->  Bitmap Index Scan on k_2  (cost=0.00..5.46 rows=103 width=0)
	        Index Cond: ((k >= 5014615) AND (k <= 5014715))

table 3 : explain SELECT k, c FROM sbtest3 WHERE k BETWEEN 5014615 AND 5014715
	Bitmap Heap Scan on sbtest3  (cost=5.56..440.56 rows=110 width=125)
	  Recheck Cond: ((k >= 5014615) AND (k <= 5014715))
	  ->  Bitmap Index Scan on k_3  (cost=0.00..5.53 rows=110 width=0)
	        Index Cond: ((k >= 5014615) AND (k <= 5014715))

table 4 : explain SELECT k, c FROM sbtest4 WHERE k BETWEEN 5014615 AND 5014715
	Bitmap Heap Scan on sbtest4  (cost=5.62..464.15 rows=116 width=125)
	  Recheck Cond: ((k >= 5014615) AND (k <= 5014715))
	  ->  Bitmap Index Scan on k_4  (cost=0.00..5.59 rows=116 width=0)
	        Index Cond: ((k >= 5014615) AND (k <= 5014715))

table 5 : explain SELECT k, c FROM sbtest5 WHERE k BETWEEN 5014615 AND 5014715
	Bitmap Heap Scan on sbtest5  (cost=5.50..416.94 rows=104 width=125)
	  Recheck Cond: ((k >= 5014615) AND (k <= 5014715))
	  ->  Bitmap Index Scan on k_5  (cost=0.00..5.47 rows=104 width=0)
	        Index Cond: ((k >= 5014615) AND (k <= 5014715))

table 6 : explain SELECT k, c FROM sbtest6 WHERE k BETWEEN 5014615 AND 5014715
	Bitmap Heap Scan on sbtest6  (cost=5.48..409.07 rows=102 width=125)
	  Recheck Cond: ((k >= 5014615) AND (k <= 5014715))
	  ->  Bitmap Index Scan on k_6  (cost=0.00..5.45 rows=102 width=0)
	        Index Cond: ((k >= 5014615) AND (k <= 5014715))

table 7 : explain SELECT k, c FROM sbtest7 WHERE k BETWEEN 5014615 AND 5014715
	Bitmap Heap Scan on sbtest7  (cost=5.63..468.09 rows=117 width=125)
	  Recheck Cond: ((k >= 5014615) AND (k <= 5014715))
	  ->  Bitmap Index Scan on k_7  (cost=0.00..5.60 rows=117 width=0)
	        Index Cond: ((k >= 5014615) AND (k <= 5014715))

table 8 : explain SELECT k, c FROM sbtest8 WHERE k BETWEEN 5014615 AND 5014715
	Bitmap Heap Scan on sbtest8  (cost=5.54..432.69 rows=108 width=125)
	  Recheck Cond: ((k >= 5014615) AND (k <= 5014715))
	  ->  Bitmap Index Scan on k_8  (cost=0.00..5.51 rows=108 width=0)
	        Index Cond: ((k >= 5014615) AND (k <= 5014715))

for range-notcovered
table 1 : explain SELECT k, c FROM sbtest1 WHERE k BETWEEN 4866550 AND 4866650
	Bitmap Heap Scan on sbtest1  (cost=5.47..405.13 rows=101 width=125)
	  Recheck Cond: ((k >= 4866550) AND (k <= 4866650))
	  ->  Bitmap Index Scan on k_1  (cost=0.00..5.44 rows=101 width=0)
	        Index Cond: ((k >= 4866550) AND (k <= 4866650))

table 2 : explain SELECT k, c FROM sbtest2 WHERE k BETWEEN 4866550 AND 4866650
	Bitmap Heap Scan on sbtest2  (cost=5.46..401.19 rows=100 width=125)
	  Recheck Cond: ((k >= 4866550) AND (k <= 4866650))
	  ->  Bitmap Index Scan on k_2  (cost=0.00..5.43 rows=100 width=0)
	        Index Cond: ((k >= 4866550) AND (k <= 4866650))

table 3 : explain SELECT k, c FROM sbtest3 WHERE k BETWEEN 4866550 AND 4866650
	Bitmap Heap Scan on sbtest3  (cost=5.48..409.07 rows=102 width=125)
	  Recheck Cond: ((k >= 4866550) AND (k <= 4866650))
	  ->  Bitmap Index Scan on k_3  (cost=0.00..5.45 rows=102 width=0)
	        Index Cond: ((k >= 4866550) AND (k <= 4866650))

table 4 : explain SELECT k, c FROM sbtest4 WHERE k BETWEEN 4866550 AND 4866650
	Bitmap Heap Scan on sbtest4  (cost=5.47..405.13 rows=101 width=125)
	  Recheck Cond: ((k >= 4866550) AND (k <= 4866650))
	  ->  Bitmap Index Scan on k_4  (cost=0.00..5.44 rows=101 width=0)
	        Index Cond: ((k >= 4866550) AND (k <= 4866650))

table 5 : explain SELECT k, c FROM sbtest5 WHERE k BETWEEN 4866550 AND 4866650
	Bitmap Heap Scan on sbtest5  (cost=5.45..397.25 rows=99 width=125)
	  Recheck Cond: ((k >= 4866550) AND (k <= 4866650))
	  ->  Bitmap Index Scan on k_5  (cost=0.00..5.42 rows=99 width=0)
	        Index Cond: ((k >= 4866550) AND (k <= 4866650))

table 6 : explain SELECT k, c FROM sbtest6 WHERE k BETWEEN 4866550 AND 4866650
	Bitmap Heap Scan on sbtest6  (cost=5.40..377.55 rows=94 width=125)
	  Recheck Cond: ((k >= 4866550) AND (k <= 4866650))
	  ->  Bitmap Index Scan on k_6  (cost=0.00..5.38 rows=94 width=0)
	        Index Cond: ((k >= 4866550) AND (k <= 4866650))

table 7 : explain SELECT k, c FROM sbtest7 WHERE k BETWEEN 4866550 AND 4866650
	Bitmap Heap Scan on sbtest7  (cost=5.54..432.69 rows=108 width=125)
	  Recheck Cond: ((k >= 4866550) AND (k <= 4866650))
	  ->  Bitmap Index Scan on k_7  (cost=0.00..5.51 rows=108 width=0)
	        Index Cond: ((k >= 4866550) AND (k <= 4866650))

table 8 : explain SELECT k, c FROM sbtest8 WHERE k BETWEEN 4866550 AND 4866650
	Bitmap Heap Scan on sbtest8  (cost=5.41..381.49 rows=95 width=125)
	  Recheck Cond: ((k >= 4866550) AND (k <= 4866650))
	  ->  Bitmap Index Scan on k_8  (cost=0.00..5.38 rows=95 width=0)
	        Index Cond: ((k >= 4866550) AND (k <= 4866650))

explain: for range-notcovered :: explain SELECT k, c FROM sbtest%d WHERE k BETWEEN 2076636 AND 2076736
explain: for range-notcovered :: explain SELECT k, c FROM sbtest%d WHERE k BETWEEN 7257707 AND 7257807
explain: for range-notcovered :: explain SELECT k, c FROM sbtest%d WHERE k BETWEEN 5014615 AND 5014715
explain: for range-notcovered :: explain SELECT k, c FROM sbtest%d WHERE k BETWEEN 4866550 AND 4866650
for range-notcovered
table 1 : explain SELECT k, c FROM sbtest1 WHERE k BETWEEN 4492873 AND 4492973
	Bitmap Heap Scan on sbtest1  (cost=5.59..452.36 rows=113 width=125)
	  Recheck Cond: ((k >= 4492873) AND (k <= 4492973))
	  ->  Bitmap Index Scan on k_1  (cost=0.00..5.56 rows=113 width=0)
	        Index Cond: ((k >= 4492873) AND (k <= 4492973))

table 2 : explain SELECT k, c FROM sbtest2 WHERE k BETWEEN 4492873 AND 4492973
	Bitmap Heap Scan on sbtest2  (cost=5.45..397.25 rows=99 width=125)
	  Recheck Cond: ((k >= 4492873) AND (k <= 4492973))
	  ->  Bitmap Index Scan on k_2  (cost=0.00..5.42 rows=99 width=0)
	        Index Cond: ((k >= 4492873) AND (k <= 4492973))

table 3 : explain SELECT k, c FROM sbtest3 WHERE k BETWEEN 4492873 AND 4492973
	Bitmap Heap Scan on sbtest3  (cost=5.56..440.56 rows=110 width=125)
	  Recheck Cond: ((k >= 4492873) AND (k <= 4492973))
	  ->  Bitmap Index Scan on k_3  (cost=0.00..5.53 rows=110 width=0)
	        Index Cond: ((k >= 4492873) AND (k <= 4492973))

table 4 : explain SELECT k, c FROM sbtest4 WHERE k BETWEEN 4492873 AND 4492973
	Bitmap Heap Scan on sbtest4  (cost=5.49..413.00 rows=103 width=125)
	  Recheck Cond: ((k >= 4492873) AND (k <= 4492973))
	  ->  Bitmap Index Scan on k_4  (cost=0.00..5.46 rows=103 width=0)
	        Index Cond: ((k >= 4492873) AND (k <= 4492973))

table 5 : explain SELECT k, c FROM sbtest5 WHERE k BETWEEN 4492873 AND 4492973
	Bitmap Heap Scan on sbtest5  (cost=5.46..401.19 rows=100 width=125)
	  Recheck Cond: ((k >= 4492873) AND (k <= 4492973))
	  ->  Bitmap Index Scan on k_5  (cost=0.00..5.43 rows=100 width=0)
	        Index Cond: ((k >= 4492873) AND (k <= 4492973))

table 6 : explain SELECT k, c FROM sbtest6 WHERE k BETWEEN 4492873 AND 4492973
	Bitmap Heap Scan on sbtest6  (cost=5.57..444.49 rows=111 width=125)
	  Recheck Cond: ((k >= 4492873) AND (k <= 4492973))
	  ->  Bitmap Index Scan on k_6  (cost=0.00..5.54 rows=111 width=0)
	        Index Cond: ((k >= 4492873) AND (k <= 4492973))

table 7 : explain SELECT k, c FROM sbtest7 WHERE k BETWEEN 4492873 AND 4492973
	Bitmap Heap Scan on sbtest7  (cost=5.44..393.31 rows=98 width=125)
	  Recheck Cond: ((k >= 4492873) AND (k <= 4492973))
	  ->  Bitmap Index Scan on k_7  (cost=0.00..5.42 rows=98 width=0)
	        Index Cond: ((k >= 4492873) AND (k <= 4492973))

table 8 : explain SELECT k, c FROM sbtest8 WHERE k BETWEEN 4492873 AND 4492973
	Bitmap Heap Scan on sbtest8  (cost=5.51..420.88 rows=105 width=125)
	  Recheck Cond: ((k >= 4492873) AND (k <= 4492973))
	  ->  Bitmap Index Scan on k_8  (cost=0.00..5.48 rows=105 width=0)
	        Index Cond: ((k >= 4492873) AND (k <= 4492973))

for range-notcovered
table 1 : explain SELECT k, c FROM sbtest1 WHERE k BETWEEN 7871046 AND 7871146
	Bitmap Heap Scan on sbtest1  (cost=5.51..420.88 rows=105 width=125)
	  Recheck Cond: ((k >= 7871046) AND (k <= 7871146))
	  ->  Bitmap Index Scan on k_1  (cost=0.00..5.48 rows=105 width=0)
	        Index Cond: ((k >= 7871046) AND (k <= 7871146))

table 2 : explain SELECT k, c FROM sbtest2 WHERE k BETWEEN 7871046 AND 7871146
	Bitmap Heap Scan on sbtest2  (cost=5.52..424.81 rows=106 width=125)
	  Recheck Cond: ((k >= 7871046) AND (k <= 7871146))
	  ->  Bitmap Index Scan on k_2  (cost=0.00..5.50 rows=106 width=0)
	        Index Cond: ((k >= 7871046) AND (k <= 7871146))

table 3 : explain SELECT k, c FROM sbtest3 WHERE k BETWEEN 7871046 AND 7871146
	Bitmap Heap Scan on sbtest3  (cost=5.56..440.56 rows=110 width=125)
	  Recheck Cond: ((k >= 7871046) AND (k <= 7871146))
	  ->  Bitmap Index Scan on k_3  (cost=0.00..5.53 rows=110 width=0)
	        Index Cond: ((k >= 7871046) AND (k <= 7871146))

table 4 : explain SELECT k, c FROM sbtest4 WHERE k BETWEEN 7871046 AND 7871146
	Bitmap Heap Scan on sbtest4  (cost=5.47..405.13 rows=101 width=125)
	  Recheck Cond: ((k >= 7871046) AND (k <= 7871146))
	  ->  Bitmap Index Scan on k_4  (cost=0.00..5.44 rows=101 width=0)
	        Index Cond: ((k >= 7871046) AND (k <= 7871146))

table 5 : explain SELECT k, c FROM sbtest5 WHERE k BETWEEN 7871046 AND 7871146
	Bitmap Heap Scan on sbtest5  (cost=5.49..413.00 rows=103 width=125)
	  Recheck Cond: ((k >= 7871046) AND (k <= 7871146))
	  ->  Bitmap Index Scan on k_5  (cost=0.00..5.46 rows=103 width=0)
	        Index Cond: ((k >= 7871046) AND (k <= 7871146))

table 6 : explain SELECT k, c FROM sbtest6 WHERE k BETWEEN 7871046 AND 7871146
	Bitmap Heap Scan on sbtest6  (cost=5.46..401.19 rows=100 width=125)
	  Recheck Cond: ((k >= 7871046) AND (k <= 7871146))
	  ->  Bitmap Index Scan on k_6  (cost=0.00..5.43 rows=100 width=0)
	        Index Cond: ((k >= 7871046) AND (k <= 7871146))

table 7 : explain SELECT k, c FROM sbtest7 WHERE k BETWEEN 7871046 AND 7871146
	Bitmap Heap Scan on sbtest7  (cost=5.42..385.43 rows=96 width=125)
	  Recheck Cond: ((k >= 7871046) AND (k <= 7871146))
	  ->  Bitmap Index Scan on k_7  (cost=0.00..5.39 rows=96 width=0)
	        Index Cond: ((k >= 7871046) AND (k <= 7871146))

table 8 : explain SELECT k, c FROM sbtest8 WHERE k BETWEEN 7871046 AND 7871146
	Bitmap Heap Scan on sbtest8  (cost=5.46..401.19 rows=100 width=125)
	  Recheck Cond: ((k >= 7871046) AND (k <= 7871146))
	  ->  Bitmap Index Scan on k_8  (cost=0.00..5.43 rows=100 width=0)
	        Index Cond: ((k >= 7871046) AND (k <= 7871146))

for range-notcovered
table 1 : explain SELECT k, c FROM sbtest1 WHERE k BETWEEN 2353618 AND 2353718
	Bitmap Heap Scan on sbtest1  (cost=5.42..385.43 rows=96 width=125)
	  Recheck Cond: ((k >= 2353618) AND (k <= 2353718))
	  ->  Bitmap Index Scan on k_1  (cost=0.00..5.39 rows=96 width=0)
	        Index Cond: ((k >= 2353618) AND (k <= 2353718))

table 2 : explain SELECT k, c FROM sbtest2 WHERE k BETWEEN 2353618 AND 2353718
	Bitmap Heap Scan on sbtest2  (cost=5.39..373.61 rows=93 width=125)
	  Recheck Cond: ((k >= 2353618) AND (k <= 2353718))
	  ->  Bitmap Index Scan on k_2  (cost=0.00..5.36 rows=93 width=0)
	        Index Cond: ((k >= 2353618) AND (k <= 2353718))

table 3 : explain SELECT k, c FROM sbtest3 WHERE k BETWEEN 2353618 AND 2353718
	Bitmap Heap Scan on sbtest3  (cost=5.49..413.00 rows=103 width=125)
	  Recheck Cond: ((k >= 2353618) AND (k <= 2353718))
	  ->  Bitmap Index Scan on k_3  (cost=0.00..5.46 rows=103 width=0)
	        Index Cond: ((k >= 2353618) AND (k <= 2353718))

table 4 : explain SELECT k, c FROM sbtest4 WHERE k BETWEEN 2353618 AND 2353718
	Bitmap Heap Scan on sbtest4  (cost=5.46..401.19 rows=100 width=125)
	  Recheck Cond: ((k >= 2353618) AND (k <= 2353718))
	  ->  Bitmap Index Scan on k_4  (cost=0.00..5.43 rows=100 width=0)
	        Index Cond: ((k >= 2353618) AND (k <= 2353718))

table 5 : explain SELECT k, c FROM sbtest5 WHERE k BETWEEN 2353618 AND 2353718
	Bitmap Heap Scan on sbtest5  (cost=5.37..365.72 rows=91 width=125)
	  Recheck Cond: ((k >= 2353618) AND (k <= 2353718))
	  ->  Bitmap Index Scan on k_5  (cost=0.00..5.34 rows=91 width=0)
	        Index Cond: ((k >= 2353618) AND (k <= 2353718))

table 6 : explain SELECT k, c FROM sbtest6 WHERE k BETWEEN 2353618 AND 2353718
	Bitmap Heap Scan on sbtest6  (cost=5.46..401.19 rows=100 width=125)
	  Recheck Cond: ((k >= 2353618) AND (k <= 2353718))
	  ->  Bitmap Index Scan on k_6  (cost=0.00..5.43 rows=100 width=0)
	        Index Cond: ((k >= 2353618) AND (k <= 2353718))

table 7 : explain SELECT k, c FROM sbtest7 WHERE k BETWEEN 2353618 AND 2353718
	Bitmap Heap Scan on sbtest7  (cost=5.51..420.88 rows=105 width=125)
	  Recheck Cond: ((k >= 2353618) AND (k <= 2353718))
	  ->  Bitmap Index Scan on k_7  (cost=0.00..5.48 rows=105 width=0)
	        Index Cond: ((k >= 2353618) AND (k <= 2353718))

table 8 : explain SELECT k, c FROM sbtest8 WHERE k BETWEEN 2353618 AND 2353718
	Bitmap Heap Scan on sbtest8  (cost=5.45..397.25 rows=99 width=125)
	  Recheck Cond: ((k >= 2353618) AND (k <= 2353718))
	  ->  Bitmap Index Scan on k_8  (cost=0.00..5.42 rows=99 width=0)
	        Index Cond: ((k >= 2353618) AND (k <= 2353718))

explain: for range-notcovered :: explain SELECT k, c FROM sbtest%d WHERE k BETWEEN 7871046 AND 7871146
explain: for range-notcovered :: explain SELECT k, c FROM sbtest%d WHERE k BETWEEN 2353618 AND 2353718
for range-notcovered
table 1 : explain SELECT k, c FROM sbtest1 WHERE k BETWEEN 2076636 AND 2076736
	Bitmap Heap Scan on sbtest1  (cost=5.52..424.81 rows=106 width=125)
	  Recheck Cond: ((k >= 2076636) AND (k <= 2076736))
	  ->  Bitmap Index Scan on k_1  (cost=0.00..5.50 rows=106 width=0)
	        Index Cond: ((k >= 2076636) AND (k <= 2076736))

table 2 : explain SELECT k, c FROM sbtest2 WHERE k BETWEEN 2076636 AND 2076736
	Bitmap Heap Scan on sbtest2  (cost=5.48..409.07 rows=102 width=125)
	  Recheck Cond: ((k >= 2076636) AND (k <= 2076736))
	  ->  Bitmap Index Scan on k_2  (cost=0.00..5.45 rows=102 width=0)
	        Index Cond: ((k >= 2076636) AND (k <= 2076736))

table 3 : explain SELECT k, c FROM sbtest3 WHERE k BETWEEN 2076636 AND 2076736
	Bitmap Heap Scan on sbtest3  (cost=5.48..409.07 rows=102 width=125)
	  Recheck Cond: ((k >= 2076636) AND (k <= 2076736))
	  ->  Bitmap Index Scan on k_3  (cost=0.00..5.45 rows=102 width=0)
	        Index Cond: ((k >= 2076636) AND (k <= 2076736))

table 4 : explain SELECT k, c FROM sbtest4 WHERE k BETWEEN 2076636 AND 2076736
	Bitmap Heap Scan on sbtest4  (cost=5.50..416.94 rows=104 width=125)
	  Recheck Cond: ((k >= 2076636) AND (k <= 2076736))
	  ->  Bitmap Index Scan on k_4  (cost=0.00..5.47 rows=104 width=0)
	        Index Cond: ((k >= 2076636) AND (k <= 2076736))

table 5 : explain SELECT k, c FROM sbtest5 WHERE k BETWEEN 2076636 AND 2076736
	Bitmap Heap Scan on sbtest5  (cost=5.55..436.62 rows=109 width=125)
	  Recheck Cond: ((k >= 2076636) AND (k <= 2076736))
	  ->  Bitmap Index Scan on k_5  (cost=0.00..5.52 rows=109 width=0)
	        Index Cond: ((k >= 2076636) AND (k <= 2076736))

table 6 : explain SELECT k, c FROM sbtest6 WHERE k BETWEEN 2076636 AND 2076736
	Bitmap Heap Scan on sbtest6  (cost=5.47..405.13 rows=101 width=125)
	  Recheck Cond: ((k >= 2076636) AND (k <= 2076736))
	  ->  Bitmap Index Scan on k_6  (cost=0.00..5.44 rows=101 width=0)
	        Index Cond: ((k >= 2076636) AND (k <= 2076736))

table 7 : explain SELECT k, c FROM sbtest7 WHERE k BETWEEN 2076636 AND 2076736
	Bitmap Heap Scan on sbtest7  (cost=5.43..389.37 rows=97 width=125)
	  Recheck Cond: ((k >= 2076636) AND (k <= 2076736))
	  ->  Bitmap Index Scan on k_7  (cost=0.00..5.40 rows=97 width=0)
	        Index Cond: ((k >= 2076636) AND (k <= 2076736))

table 8 : explain SELECT k, c FROM sbtest8 WHERE k BETWEEN 2076636 AND 2076736
	Bitmap Heap Scan on sbtest8  (cost=5.54..432.69 rows=108 width=125)
	  Recheck Cond: ((k >= 2076636) AND (k <= 2076736))
	  ->  Bitmap Index Scan on k_8  (cost=0.00..5.51 rows=108 width=0)
	        Index Cond: ((k >= 2076636) AND (k <= 2076736))

for range-notcovered
table 1 : explain SELECT k, c FROM sbtest1 WHERE k BETWEEN 7257707 AND 7257807
	Bitmap Heap Scan on sbtest1  (cost=5.50..416.94 rows=104 width=125)
	  Recheck Cond: ((k >= 7257707) AND (k <= 7257807))
	  ->  Bitmap Index Scan on k_1  (cost=0.00..5.47 rows=104 width=0)
	        Index Cond: ((k >= 7257707) AND (k <= 7257807))

table 2 : explain SELECT k, c FROM sbtest2 WHERE k BETWEEN 7257707 AND 7257807
	Bitmap Heap Scan on sbtest2  (cost=5.46..401.19 rows=100 width=125)
	  Recheck Cond: ((k >= 7257707) AND (k <= 7257807))
	  ->  Bitmap Index Scan on k_2  (cost=0.00..5.43 rows=100 width=0)
	        Index Cond: ((k >= 7257707) AND (k <= 7257807))

table 3 : explain SELECT k, c FROM sbtest3 WHERE k BETWEEN 7257707 AND 7257807
	Bitmap Heap Scan on sbtest3  (cost=5.40..377.55 rows=94 width=125)
	  Recheck Cond: ((k >= 7257707) AND (k <= 7257807))
	  ->  Bitmap Index Scan on k_3  (cost=0.00..5.38 rows=94 width=0)
	        Index Cond: ((k >= 7257707) AND (k <= 7257807))

table 4 : explain SELECT k, c FROM sbtest4 WHERE k BETWEEN 7257707 AND 7257807
	Bitmap Heap Scan on sbtest4  (cost=5.48..409.07 rows=102 width=125)
	  Recheck Cond: ((k >= 7257707) AND (k <= 7257807))
	  ->  Bitmap Index Scan on k_4  (cost=0.00..5.45 rows=102 width=0)
	        Index Cond: ((k >= 7257707) AND (k <= 7257807))

table 5 : explain SELECT k, c FROM sbtest5 WHERE k BETWEEN 7257707 AND 7257807
	Bitmap Heap Scan on sbtest5  (cost=5.50..416.94 rows=104 width=125)
	  Recheck Cond: ((k >= 7257707) AND (k <= 7257807))
	  ->  Bitmap Index Scan on k_5  (cost=0.00..5.47 rows=104 width=0)
	        Index Cond: ((k >= 7257707) AND (k <= 7257807))

table 6 : explain SELECT k, c FROM sbtest6 WHERE k BETWEEN 7257707 AND 7257807
	Bitmap Heap Scan on sbtest6  (cost=5.41..381.49 rows=95 width=125)
	  Recheck Cond: ((k >= 7257707) AND (k <= 7257807))
	  ->  Bitmap Index Scan on k_6  (cost=0.00..5.38 rows=95 width=0)
	        Index Cond: ((k >= 7257707) AND (k <= 7257807))

table 7 : explain SELECT k, c FROM sbtest7 WHERE k BETWEEN 7257707 AND 7257807
	Bitmap Heap Scan on sbtest7  (cost=5.51..420.88 rows=105 width=125)
	  Recheck Cond: ((k >= 7257707) AND (k <= 7257807))
	  ->  Bitmap Index Scan on k_7  (cost=0.00..5.48 rows=105 width=0)
	        Index Cond: ((k >= 7257707) AND (k <= 7257807))

table 8 : explain SELECT k, c FROM sbtest8 WHERE k BETWEEN 7257707 AND 7257807
	Bitmap Heap Scan on sbtest8  (cost=5.43..389.37 rows=97 width=125)
	  Recheck Cond: ((k >= 7257707) AND (k <= 7257807))
	  ->  Bitmap Index Scan on k_8  (cost=0.00..5.40 rows=97 width=0)
	        Index Cond: ((k >= 7257707) AND (k <= 7257807))

for range-notcovered
table 1 : explain SELECT k, c FROM sbtest1 WHERE k BETWEEN 5014615 AND 5014715
	Bitmap Heap Scan on sbtest1  (cost=5.46..401.19 rows=100 width=125)
	  Recheck Cond: ((k >= 5014615) AND (k <= 5014715))
	  ->  Bitmap Index Scan on k_1  (cost=0.00..5.43 rows=100 width=0)
	        Index Cond: ((k >= 5014615) AND (k <= 5014715))

table 2 : explain SELECT k, c FROM sbtest2 WHERE k BETWEEN 5014615 AND 5014715
	Bitmap Heap Scan on sbtest2  (cost=5.49..413.00 rows=103 width=125)
	  Recheck Cond: ((k >= 5014615) AND (k <= 5014715))
	  ->  Bitmap Index Scan on k_2  (cost=0.00..5.46 rows=103 width=0)
	        Index Cond: ((k >= 5014615) AND (k <= 5014715))

table 3 : explain SELECT k, c FROM sbtest3 WHERE k BETWEEN 5014615 AND 5014715
	Bitmap Heap Scan on sbtest3  (cost=5.56..440.56 rows=110 width=125)
	  Recheck Cond: ((k >= 5014615) AND (k <= 5014715))
	  ->  Bitmap Index Scan on k_3  (cost=0.00..5.53 rows=110 width=0)
	        Index Cond: ((k >= 5014615) AND (k <= 5014715))

table 4 : explain SELECT k, c FROM sbtest4 WHERE k BETWEEN 5014615 AND 5014715
	Bitmap Heap Scan on sbtest4  (cost=5.62..464.15 rows=116 width=125)
	  Recheck Cond: ((k >= 5014615) AND (k <= 5014715))
	  ->  Bitmap Index Scan on k_4  (cost=0.00..5.59 rows=116 width=0)
	        Index Cond: ((k >= 5014615) AND (k <= 5014715))

table 5 : explain SELECT k, c FROM sbtest5 WHERE k BETWEEN 5014615 AND 5014715
	Bitmap Heap Scan on sbtest5  (cost=5.50..416.94 rows=104 width=125)
	  Recheck Cond: ((k >= 5014615) AND (k <= 5014715))
	  ->  Bitmap Index Scan on k_5  (cost=0.00..5.47 rows=104 width=0)
	        Index Cond: ((k >= 5014615) AND (k <= 5014715))

table 6 : explain SELECT k, c FROM sbtest6 WHERE k BETWEEN 5014615 AND 5014715
	Bitmap Heap Scan on sbtest6  (cost=5.48..409.07 rows=102 width=125)
	  Recheck Cond: ((k >= 5014615) AND (k <= 5014715))
	  ->  Bitmap Index Scan on k_6  (cost=0.00..5.45 rows=102 width=0)
	        Index Cond: ((k >= 5014615) AND (k <= 5014715))

table 7 : explain SELECT k, c FROM sbtest7 WHERE k BETWEEN 5014615 AND 5014715
	Bitmap Heap Scan on sbtest7  (cost=5.63..468.09 rows=117 width=125)
	  Recheck Cond: ((k >= 5014615) AND (k <= 5014715))
	  ->  Bitmap Index Scan on k_7  (cost=0.00..5.60 rows=117 width=0)
	        Index Cond: ((k >= 5014615) AND (k <= 5014715))

table 8 : explain SELECT k, c FROM sbtest8 WHERE k BETWEEN 5014615 AND 5014715
	Bitmap Heap Scan on sbtest8  (cost=5.54..432.69 rows=108 width=125)
	  Recheck Cond: ((k >= 5014615) AND (k <= 5014715))
	  ->  Bitmap Index Scan on k_8  (cost=0.00..5.51 rows=108 width=0)
	        Index Cond: ((k >= 5014615) AND (k <= 5014715))

for range-notcovered
table 1 : explain SELECT k, c FROM sbtest1 WHERE k BETWEEN 4866550 AND 4866650
	Bitmap Heap Scan on sbtest1  (cost=5.47..405.13 rows=101 width=125)
	  Recheck Cond: ((k >= 4866550) AND (k <= 4866650))
	  ->  Bitmap Index Scan on k_1  (cost=0.00..5.44 rows=101 width=0)
	        Index Cond: ((k >= 4866550) AND (k <= 4866650))

table 2 : explain SELECT k, c FROM sbtest2 WHERE k BETWEEN 4866550 AND 4866650
	Bitmap Heap Scan on sbtest2  (cost=5.46..401.19 rows=100 width=125)
	  Recheck Cond: ((k >= 4866550) AND (k <= 4866650))
	  ->  Bitmap Index Scan on k_2  (cost=0.00..5.43 rows=100 width=0)
	        Index Cond: ((k >= 4866550) AND (k <= 4866650))

table 3 : explain SELECT k, c FROM sbtest3 WHERE k BETWEEN 4866550 AND 4866650
	Bitmap Heap Scan on sbtest3  (cost=5.48..409.07 rows=102 width=125)
	  Recheck Cond: ((k >= 4866550) AND (k <= 4866650))
	  ->  Bitmap Index Scan on k_3  (cost=0.00..5.45 rows=102 width=0)
	        Index Cond: ((k >= 4866550) AND (k <= 4866650))

table 4 : explain SELECT k, c FROM sbtest4 WHERE k BETWEEN 4866550 AND 4866650
	Bitmap Heap Scan on sbtest4  (cost=5.47..405.13 rows=101 width=125)
	  Recheck Cond: ((k >= 4866550) AND (k <= 4866650))
	  ->  Bitmap Index Scan on k_4  (cost=0.00..5.44 rows=101 width=0)
	        Index Cond: ((k >= 4866550) AND (k <= 4866650))

table 5 : explain SELECT k, c FROM sbtest5 WHERE k BETWEEN 4866550 AND 4866650
	Bitmap Heap Scan on sbtest5  (cost=5.45..397.25 rows=99 width=125)
	  Recheck Cond: ((k >= 4866550) AND (k <= 4866650))
	  ->  Bitmap Index Scan on k_5  (cost=0.00..5.42 rows=99 width=0)
	        Index Cond: ((k >= 4866550) AND (k <= 4866650))

table 6 : explain SELECT k, c FROM sbtest6 WHERE k BETWEEN 4866550 AND 4866650
	Bitmap Heap Scan on sbtest6  (cost=5.40..377.55 rows=94 width=125)
	  Recheck Cond: ((k >= 4866550) AND (k <= 4866650))
	  ->  Bitmap Index Scan on k_6  (cost=0.00..5.38 rows=94 width=0)
	        Index Cond: ((k >= 4866550) AND (k <= 4866650))

table 7 : explain SELECT k, c FROM sbtest7 WHERE k BETWEEN 4866550 AND 4866650
	Bitmap Heap Scan on sbtest7  (cost=5.54..432.69 rows=108 width=125)
	  Recheck Cond: ((k >= 4866550) AND (k <= 4866650))
	  ->  Bitmap Index Scan on k_7  (cost=0.00..5.51 rows=108 width=0)
	        Index Cond: ((k >= 4866550) AND (k <= 4866650))

table 8 : explain SELECT k, c FROM sbtest8 WHERE k BETWEEN 4866550 AND 4866650
	Bitmap Heap Scan on sbtest8  (cost=5.41..381.49 rows=95 width=125)
	  Recheck Cond: ((k >= 4866550) AND (k <= 4866650))
	  ->  Bitmap Index Scan on k_8  (cost=0.00..5.38 rows=95 width=0)
	        Index Cond: ((k >= 4866550) AND (k <= 4866650))

explain: for range-notcovered :: explain SELECT k, c FROM sbtest%d WHERE k BETWEEN 2076636 AND 2076736
explain: for range-notcovered :: explain SELECT k, c FROM sbtest%d WHERE k BETWEEN 5014615 AND 5014715
explain: for range-notcovered :: explain SELECT k, c FROM sbtest%d WHERE k BETWEEN 7257707 AND 7257807
explain: for range-notcovered :: explain SELECT k, c FROM sbtest%d WHERE k BETWEEN 4866550 AND 4866650
for range-notcovered
table 1 : explain SELECT k, c FROM sbtest1 WHERE k BETWEEN 2353618 AND 2353718
	Bitmap Heap Scan on sbtest1  (cost=5.42..385.43 rows=96 width=125)
	  Recheck Cond: ((k >= 2353618) AND (k <= 2353718))
	  ->  Bitmap Index Scan on k_1  (cost=0.00..5.39 rows=96 width=0)
	        Index Cond: ((k >= 2353618) AND (k <= 2353718))

table 2 : explain SELECT k, c FROM sbtest2 WHERE k BETWEEN 2353618 AND 2353718
	Bitmap Heap Scan on sbtest2  (cost=5.39..373.61 rows=93 width=125)
	  Recheck Cond: ((k >= 2353618) AND (k <= 2353718))
	  ->  Bitmap Index Scan on k_2  (cost=0.00..5.36 rows=93 width=0)
	        Index Cond: ((k >= 2353618) AND (k <= 2353718))

table 3 : explain SELECT k, c FROM sbtest3 WHERE k BETWEEN 2353618 AND 2353718
	Bitmap Heap Scan on sbtest3  (cost=5.49..413.00 rows=103 width=125)
	  Recheck Cond: ((k >= 2353618) AND (k <= 2353718))
	  ->  Bitmap Index Scan on k_3  (cost=0.00..5.46 rows=103 width=0)
	        Index Cond: ((k >= 2353618) AND (k <= 2353718))

table 4 : explain SELECT k, c FROM sbtest4 WHERE k BETWEEN 2353618 AND 2353718
	Bitmap Heap Scan on sbtest4  (cost=5.46..401.19 rows=100 width=125)
	  Recheck Cond: ((k >= 2353618) AND (k <= 2353718))
	  ->  Bitmap Index Scan on k_4  (cost=0.00..5.43 rows=100 width=0)
	        Index Cond: ((k >= 2353618) AND (k <= 2353718))

table 5 : explain SELECT k, c FROM sbtest5 WHERE k BETWEEN 2353618 AND 2353718
	Bitmap Heap Scan on sbtest5  (cost=5.37..365.72 rows=91 width=125)
	  Recheck Cond: ((k >= 2353618) AND (k <= 2353718))
	  ->  Bitmap Index Scan on k_5  (cost=0.00..5.34 rows=91 width=0)
	        Index Cond: ((k >= 2353618) AND (k <= 2353718))

table 6 : explain SELECT k, c FROM sbtest6 WHERE k BETWEEN 2353618 AND 2353718
	Bitmap Heap Scan on sbtest6  (cost=5.46..401.19 rows=100 width=125)
	  Recheck Cond: ((k >= 2353618) AND (k <= 2353718))
	  ->  Bitmap Index Scan on k_6  (cost=0.00..5.43 rows=100 width=0)
	        Index Cond: ((k >= 2353618) AND (k <= 2353718))

table 7 : explain SELECT k, c FROM sbtest7 WHERE k BETWEEN 2353618 AND 2353718
	Bitmap Heap Scan on sbtest7  (cost=5.51..420.88 rows=105 width=125)
	  Recheck Cond: ((k >= 2353618) AND (k <= 2353718))
	  ->  Bitmap Index Scan on k_7  (cost=0.00..5.48 rows=105 width=0)
	        Index Cond: ((k >= 2353618) AND (k <= 2353718))

table 8 : explain SELECT k, c FROM sbtest8 WHERE k BETWEEN 2353618 AND 2353718
	Bitmap Heap Scan on sbtest8  (cost=5.45..397.25 rows=99 width=125)
	  Recheck Cond: ((k >= 2353618) AND (k <= 2353718))
	  ->  Bitmap Index Scan on k_8  (cost=0.00..5.42 rows=99 width=0)
	        Index Cond: ((k >= 2353618) AND (k <= 2353718))

for range-notcovered
table 1 : explain SELECT k, c FROM sbtest1 WHERE k BETWEEN 7871046 AND 7871146
	Bitmap Heap Scan on sbtest1  (cost=5.51..420.88 rows=105 width=125)
	  Recheck Cond: ((k >= 7871046) AND (k <= 7871146))
	  ->  Bitmap Index Scan on k_1  (cost=0.00..5.48 rows=105 width=0)
	        Index Cond: ((k >= 7871046) AND (k <= 7871146))

table 2 : explain SELECT k, c FROM sbtest2 WHERE k BETWEEN 7871046 AND 7871146
	Bitmap Heap Scan on sbtest2  (cost=5.52..424.81 rows=106 width=125)
	  Recheck Cond: ((k >= 7871046) AND (k <= 7871146))
	  ->  Bitmap Index Scan on k_2  (cost=0.00..5.50 rows=106 width=0)
	        Index Cond: ((k >= 7871046) AND (k <= 7871146))

table 3 : explain SELECT k, c FROM sbtest3 WHERE k BETWEEN 7871046 AND 7871146
	Bitmap Heap Scan on sbtest3  (cost=5.56..440.56 rows=110 width=125)
	  Recheck Cond: ((k >= 7871046) AND (k <= 7871146))
	  ->  Bitmap Index Scan on k_3  (cost=0.00..5.53 rows=110 width=0)
	        Index Cond: ((k >= 7871046) AND (k <= 7871146))

table 4 : explain SELECT k, c FROM sbtest4 WHERE k BETWEEN 7871046 AND 7871146
	Bitmap Heap Scan on sbtest4  (cost=5.47..405.13 rows=101 width=125)
	  Recheck Cond: ((k >= 7871046) AND (k <= 7871146))
	  ->  Bitmap Index Scan on k_4  (cost=0.00..5.44 rows=101 width=0)
	        Index Cond: ((k >= 7871046) AND (k <= 7871146))

table 5 : explain SELECT k, c FROM sbtest5 WHERE k BETWEEN 7871046 AND 7871146
	Bitmap Heap Scan on sbtest5  (cost=5.49..413.00 rows=103 width=125)
	  Recheck Cond: ((k >= 7871046) AND (k <= 7871146))
	  ->  Bitmap Index Scan on k_5  (cost=0.00..5.46 rows=103 width=0)
	        Index Cond: ((k >= 7871046) AND (k <= 7871146))

table 6 : explain SELECT k, c FROM sbtest6 WHERE k BETWEEN 7871046 AND 7871146
	Bitmap Heap Scan on sbtest6  (cost=5.46..401.19 rows=100 width=125)
	  Recheck Cond: ((k >= 7871046) AND (k <= 7871146))
	  ->  Bitmap Index Scan on k_6  (cost=0.00..5.43 rows=100 width=0)
	        Index Cond: ((k >= 7871046) AND (k <= 7871146))

table 7 : explain SELECT k, c FROM sbtest7 WHERE k BETWEEN 7871046 AND 7871146
	Bitmap Heap Scan on sbtest7  (cost=5.42..385.43 rows=96 width=125)
	  Recheck Cond: ((k >= 7871046) AND (k <= 7871146))
	  ->  Bitmap Index Scan on k_7  (cost=0.00..5.39 rows=96 width=0)
	        Index Cond: ((k >= 7871046) AND (k <= 7871146))

table 8 : explain SELECT k, c FROM sbtest8 WHERE k BETWEEN 7871046 AND 7871146
	Bitmap Heap Scan on sbtest8  (cost=5.46..401.19 rows=100 width=125)
	  Recheck Cond: ((k >= 7871046) AND (k <= 7871146))
	  ->  Bitmap Index Scan on k_8  (cost=0.00..5.43 rows=100 width=0)
	        Index Cond: ((k >= 7871046) AND (k <= 7871146))

explain: for range-notcovered :: explain SELECT k, c FROM sbtest%d WHERE k BETWEEN 2353618 AND 2353718
explain: for range-notcovered :: explain SELECT k, c FROM sbtest%d WHERE k BETWEEN 7871046 AND 7871146
for range-notcovered
table 1 : explain SELECT k, c FROM sbtest1 WHERE k BETWEEN 2076636 AND 2076736
	Bitmap Heap Scan on sbtest1  (cost=5.52..424.81 rows=106 width=125)
	  Recheck Cond: ((k >= 2076636) AND (k <= 2076736))
	  ->  Bitmap Index Scan on k_1  (cost=0.00..5.50 rows=106 width=0)
	        Index Cond: ((k >= 2076636) AND (k <= 2076736))

table 2 : explain SELECT k, c FROM sbtest2 WHERE k BETWEEN 2076636 AND 2076736
	Bitmap Heap Scan on sbtest2  (cost=5.48..409.07 rows=102 width=125)
	  Recheck Cond: ((k >= 2076636) AND (k <= 2076736))
	  ->  Bitmap Index Scan on k_2  (cost=0.00..5.45 rows=102 width=0)
	        Index Cond: ((k >= 2076636) AND (k <= 2076736))

table 3 : explain SELECT k, c FROM sbtest3 WHERE k BETWEEN 2076636 AND 2076736
	Bitmap Heap Scan on sbtest3  (cost=5.48..409.07 rows=102 width=125)
	  Recheck Cond: ((k >= 2076636) AND (k <= 2076736))
	  ->  Bitmap Index Scan on k_3  (cost=0.00..5.45 rows=102 width=0)
	        Index Cond: ((k >= 2076636) AND (k <= 2076736))

table 4 : explain SELECT k, c FROM sbtest4 WHERE k BETWEEN 2076636 AND 2076736
	Bitmap Heap Scan on sbtest4  (cost=5.50..416.94 rows=104 width=125)
	  Recheck Cond: ((k >= 2076636) AND (k <= 2076736))
	  ->  Bitmap Index Scan on k_4  (cost=0.00..5.47 rows=104 width=0)
	        Index Cond: ((k >= 2076636) AND (k <= 2076736))

table 5 : explain SELECT k, c FROM sbtest5 WHERE k BETWEEN 2076636 AND 2076736
	Bitmap Heap Scan on sbtest5  (cost=5.55..436.62 rows=109 width=125)
	  Recheck Cond: ((k >= 2076636) AND (k <= 2076736))
	  ->  Bitmap Index Scan on k_5  (cost=0.00..5.52 rows=109 width=0)
	        Index Cond: ((k >= 2076636) AND (k <= 2076736))

table 6 : explain SELECT k, c FROM sbtest6 WHERE k BETWEEN 2076636 AND 2076736
	Bitmap Heap Scan on sbtest6  (cost=5.47..405.13 rows=101 width=125)
	  Recheck Cond: ((k >= 2076636) AND (k <= 2076736))
	  ->  Bitmap Index Scan on k_6  (cost=0.00..5.44 rows=101 width=0)
	        Index Cond: ((k >= 2076636) AND (k <= 2076736))

table 7 : explain SELECT k, c FROM sbtest7 WHERE k BETWEEN 2076636 AND 2076736
	Bitmap Heap Scan on sbtest7  (cost=5.43..389.37 rows=97 width=125)
	  Recheck Cond: ((k >= 2076636) AND (k <= 2076736))
	  ->  Bitmap Index Scan on k_7  (cost=0.00..5.40 rows=97 width=0)
	        Index Cond: ((k >= 2076636) AND (k <= 2076736))

table 8 : explain SELECT k, c FROM sbtest8 WHERE k BETWEEN 2076636 AND 2076736
	Bitmap Heap Scan on sbtest8  (cost=5.54..432.69 rows=108 width=125)
	  Recheck Cond: ((k >= 2076636) AND (k <= 2076736))
	  ->  Bitmap Index Scan on k_8  (cost=0.00..5.51 rows=108 width=0)
	        Index Cond: ((k >= 2076636) AND (k <= 2076736))

for range-notcovered
table 1 : explain SELECT k, c FROM sbtest1 WHERE k BETWEEN 5014615 AND 5014715
	Bitmap Heap Scan on sbtest1  (cost=5.46..401.19 rows=100 width=125)
	  Recheck Cond: ((k >= 5014615) AND (k <= 5014715))
	  ->  Bitmap Index Scan on k_1  (cost=0.00..5.43 rows=100 width=0)
	        Index Cond: ((k >= 5014615) AND (k <= 5014715))

table 2 : explain SELECT k, c FROM sbtest2 WHERE k BETWEEN 5014615 AND 5014715
	Bitmap Heap Scan on sbtest2  (cost=5.49..413.00 rows=103 width=125)
	  Recheck Cond: ((k >= 5014615) AND (k <= 5014715))
	  ->  Bitmap Index Scan on k_2  (cost=0.00..5.46 rows=103 width=0)
	        Index Cond: ((k >= 5014615) AND (k <= 5014715))

table 3 : explain SELECT k, c FROM sbtest3 WHERE k BETWEEN 5014615 AND 5014715
	Bitmap Heap Scan on sbtest3  (cost=5.56..440.56 rows=110 width=125)
	  Recheck Cond: ((k >= 5014615) AND (k <= 5014715))
	  ->  Bitmap Index Scan on k_3  (cost=0.00..5.53 rows=110 width=0)
	        Index Cond: ((k >= 5014615) AND (k <= 5014715))

table 4 : explain SELECT k, c FROM sbtest4 WHERE k BETWEEN 5014615 AND 5014715
	Bitmap Heap Scan on sbtest4  (cost=5.62..464.15 rows=116 width=125)
	  Recheck Cond: ((k >= 5014615) AND (k <= 5014715))
	  ->  Bitmap Index Scan on k_4  (cost=0.00..5.59 rows=116 width=0)
	        Index Cond: ((k >= 5014615) AND (k <= 5014715))

table 5 : explain SELECT k, c FROM sbtest5 WHERE k BETWEEN 5014615 AND 5014715
	Bitmap Heap Scan on sbtest5  (cost=5.50..416.94 rows=104 width=125)
	  Recheck Cond: ((k >= 5014615) AND (k <= 5014715))
	  ->  Bitmap Index Scan on k_5  (cost=0.00..5.47 rows=104 width=0)
	        Index Cond: ((k >= 5014615) AND (k <= 5014715))

table 6 : explain SELECT k, c FROM sbtest6 WHERE k BETWEEN 5014615 AND 5014715
	Bitmap Heap Scan on sbtest6  (cost=5.48..409.07 rows=102 width=125)
	  Recheck Cond: ((k >= 5014615) AND (k <= 5014715))
	  ->  Bitmap Index Scan on k_6  (cost=0.00..5.45 rows=102 width=0)
	        Index Cond: ((k >= 5014615) AND (k <= 5014715))

table 7 : explain SELECT k, c FROM sbtest7 WHERE k BETWEEN 5014615 AND 5014715
	Bitmap Heap Scan on sbtest7  (cost=5.63..468.09 rows=117 width=125)
	  Recheck Cond: ((k >= 5014615) AND (k <= 5014715))
	  ->  Bitmap Index Scan on k_7  (cost=0.00..5.60 rows=117 width=0)
	        Index Cond: ((k >= 5014615) AND (k <= 5014715))

table 8 : explain SELECT k, c FROM sbtest8 WHERE k BETWEEN 5014615 AND 5014715
	Bitmap Heap Scan on sbtest8  (cost=5.54..432.69 rows=108 width=125)
	  Recheck Cond: ((k >= 5014615) AND (k <= 5014715))
	  ->  Bitmap Index Scan on k_8  (cost=0.00..5.51 rows=108 width=0)
	        Index Cond: ((k >= 5014615) AND (k <= 5014715))

explain: for range-notcovered :: explain SELECT k, c FROM sbtest%d WHERE k BETWEEN 6751842 AND 6751942
explain: for range-notcovered :: explain SELECT k, c FROM sbtest%d WHERE k BETWEEN 2076636 AND 2076736
explain: for range-notcovered :: explain SELECT k, c FROM sbtest%d WHERE k BETWEEN 5014615 AND 5014715
for range-notcovered
table 1 : explain SELECT k, c FROM sbtest1 WHERE k BETWEEN 7257707 AND 7257807
	Bitmap Heap Scan on sbtest1  (cost=5.50..416.94 rows=104 width=125)
	  Recheck Cond: ((k >= 7257707) AND (k <= 7257807))
	  ->  Bitmap Index Scan on k_1  (cost=0.00..5.47 rows=104 width=0)
	        Index Cond: ((k >= 7257707) AND (k <= 7257807))

table 2 : explain SELECT k, c FROM sbtest2 WHERE k BETWEEN 7257707 AND 7257807
	Bitmap Heap Scan on sbtest2  (cost=5.46..401.19 rows=100 width=125)
	  Recheck Cond: ((k >= 7257707) AND (k <= 7257807))
	  ->  Bitmap Index Scan on k_2  (cost=0.00..5.43 rows=100 width=0)
	        Index Cond: ((k >= 7257707) AND (k <= 7257807))

table 3 : explain SELECT k, c FROM sbtest3 WHERE k BETWEEN 7257707 AND 7257807
	Bitmap Heap Scan on sbtest3  (cost=5.40..377.55 rows=94 width=125)
	  Recheck Cond: ((k >= 7257707) AND (k <= 7257807))
	  ->  Bitmap Index Scan on k_3  (cost=0.00..5.38 rows=94 width=0)
	        Index Cond: ((k >= 7257707) AND (k <= 7257807))

table 4 : explain SELECT k, c FROM sbtest4 WHERE k BETWEEN 7257707 AND 7257807
	Bitmap Heap Scan on sbtest4  (cost=5.48..409.07 rows=102 width=125)
	  Recheck Cond: ((k >= 7257707) AND (k <= 7257807))
	  ->  Bitmap Index Scan on k_4  (cost=0.00..5.45 rows=102 width=0)
	        Index Cond: ((k >= 7257707) AND (k <= 7257807))

table 5 : explain SELECT k, c FROM sbtest5 WHERE k BETWEEN 7257707 AND 7257807
	Bitmap Heap Scan on sbtest5  (cost=5.50..416.94 rows=104 width=125)
	  Recheck Cond: ((k >= 7257707) AND (k <= 7257807))
	  ->  Bitmap Index Scan on k_5  (cost=0.00..5.47 rows=104 width=0)
	        Index Cond: ((k >= 7257707) AND (k <= 7257807))

table 6 : explain SELECT k, c FROM sbtest6 WHERE k BETWEEN 7257707 AND 7257807
	Bitmap Heap Scan on sbtest6  (cost=5.41..381.49 rows=95 width=125)
	  Recheck Cond: ((k >= 7257707) AND (k <= 7257807))
	  ->  Bitmap Index Scan on k_6  (cost=0.00..5.38 rows=95 width=0)
	        Index Cond: ((k >= 7257707) AND (k <= 7257807))

table 7 : explain SELECT k, c FROM sbtest7 WHERE k BETWEEN 7257707 AND 7257807
	Bitmap Heap Scan on sbtest7  (cost=5.51..420.88 rows=105 width=125)
	  Recheck Cond: ((k >= 7257707) AND (k <= 7257807))
	  ->  Bitmap Index Scan on k_7  (cost=0.00..5.48 rows=105 width=0)
	        Index Cond: ((k >= 7257707) AND (k <= 7257807))

table 8 : explain SELECT k, c FROM sbtest8 WHERE k BETWEEN 7257707 AND 7257807
	Bitmap Heap Scan on sbtest8  (cost=5.43..389.37 rows=97 width=125)
	  Recheck Cond: ((k >= 7257707) AND (k <= 7257807))
	  ->  Bitmap Index Scan on k_8  (cost=0.00..5.40 rows=97 width=0)
	        Index Cond: ((k >= 7257707) AND (k <= 7257807))

for range-notcovered
table 1 : explain SELECT k, c FROM sbtest1 WHERE k BETWEEN 4866550 AND 4866650
	Bitmap Heap Scan on sbtest1  (cost=5.47..405.13 rows=101 width=125)
	  Recheck Cond: ((k >= 4866550) AND (k <= 4866650))
	  ->  Bitmap Index Scan on k_1  (cost=0.00..5.44 rows=101 width=0)
	        Index Cond: ((k >= 4866550) AND (k <= 4866650))

table 2 : explain SELECT k, c FROM sbtest2 WHERE k BETWEEN 4866550 AND 4866650
	Bitmap Heap Scan on sbtest2  (cost=5.46..401.19 rows=100 width=125)
	  Recheck Cond: ((k >= 4866550) AND (k <= 4866650))
	  ->  Bitmap Index Scan on k_2  (cost=0.00..5.43 rows=100 width=0)
	        Index Cond: ((k >= 4866550) AND (k <= 4866650))

table 3 : explain SELECT k, c FROM sbtest3 WHERE k BETWEEN 4866550 AND 4866650
	Bitmap Heap Scan on sbtest3  (cost=5.48..409.07 rows=102 width=125)
	  Recheck Cond: ((k >= 4866550) AND (k <= 4866650))
	  ->  Bitmap Index Scan on k_3  (cost=0.00..5.45 rows=102 width=0)
	        Index Cond: ((k >= 4866550) AND (k <= 4866650))

table 4 : explain SELECT k, c FROM sbtest4 WHERE k BETWEEN 4866550 AND 4866650
	Bitmap Heap Scan on sbtest4  (cost=5.47..405.13 rows=101 width=125)
	  Recheck Cond: ((k >= 4866550) AND (k <= 4866650))
	  ->  Bitmap Index Scan on k_4  (cost=0.00..5.44 rows=101 width=0)
	        Index Cond: ((k >= 4866550) AND (k <= 4866650))

table 5 : explain SELECT k, c FROM sbtest5 WHERE k BETWEEN 4866550 AND 4866650
	Bitmap Heap Scan on sbtest5  (cost=5.45..397.25 rows=99 width=125)
	  Recheck Cond: ((k >= 4866550) AND (k <= 4866650))
	  ->  Bitmap Index Scan on k_5  (cost=0.00..5.42 rows=99 width=0)
	        Index Cond: ((k >= 4866550) AND (k <= 4866650))

table 6 : explain SELECT k, c FROM sbtest6 WHERE k BETWEEN 4866550 AND 4866650
	Bitmap Heap Scan on sbtest6  (cost=5.40..377.55 rows=94 width=125)
	  Recheck Cond: ((k >= 4866550) AND (k <= 4866650))
	  ->  Bitmap Index Scan on k_6  (cost=0.00..5.38 rows=94 width=0)
	        Index Cond: ((k >= 4866550) AND (k <= 4866650))

table 7 : explain SELECT k, c FROM sbtest7 WHERE k BETWEEN 4866550 AND 4866650
	Bitmap Heap Scan on sbtest7  (cost=5.54..432.69 rows=108 width=125)
	  Recheck Cond: ((k >= 4866550) AND (k <= 4866650))
	  ->  Bitmap Index Scan on k_7  (cost=0.00..5.51 rows=108 width=0)
	        Index Cond: ((k >= 4866550) AND (k <= 4866650))

table 8 : explain SELECT k, c FROM sbtest8 WHERE k BETWEEN 4866550 AND 4866650
	Bitmap Heap Scan on sbtest8  (cost=5.41..381.49 rows=95 width=125)
	  Recheck Cond: ((k >= 4866550) AND (k <= 4866650))
	  ->  Bitmap Index Scan on k_8  (cost=0.00..5.38 rows=95 width=0)
	        Index Cond: ((k >= 4866550) AND (k <= 4866650))

for range-notcovered
table 1 : explain SELECT k, c FROM sbtest1 WHERE k BETWEEN 2353618 AND 2353718
	Bitmap Heap Scan on sbtest1  (cost=5.42..385.43 rows=96 width=125)
	  Recheck Cond: ((k >= 2353618) AND (k <= 2353718))
	  ->  Bitmap Index Scan on k_1  (cost=0.00..5.39 rows=96 width=0)
	        Index Cond: ((k >= 2353618) AND (k <= 2353718))

table 2 : explain SELECT k, c FROM sbtest2 WHERE k BETWEEN 2353618 AND 2353718
	Bitmap Heap Scan on sbtest2  (cost=5.39..373.61 rows=93 width=125)
	  Recheck Cond: ((k >= 2353618) AND (k <= 2353718))
	  ->  Bitmap Index Scan on k_2  (cost=0.00..5.36 rows=93 width=0)
	        Index Cond: ((k >= 2353618) AND (k <= 2353718))

table 3 : explain SELECT k, c FROM sbtest3 WHERE k BETWEEN 2353618 AND 2353718
	Bitmap Heap Scan on sbtest3  (cost=5.49..413.00 rows=103 width=125)
	  Recheck Cond: ((k >= 2353618) AND (k <= 2353718))
	  ->  Bitmap Index Scan on k_3  (cost=0.00..5.46 rows=103 width=0)
	        Index Cond: ((k >= 2353618) AND (k <= 2353718))

table 4 : explain SELECT k, c FROM sbtest4 WHERE k BETWEEN 2353618 AND 2353718
	Bitmap Heap Scan on sbtest4  (cost=5.46..401.19 rows=100 width=125)
	  Recheck Cond: ((k >= 2353618) AND (k <= 2353718))
	  ->  Bitmap Index Scan on k_4  (cost=0.00..5.43 rows=100 width=0)
	        Index Cond: ((k >= 2353618) AND (k <= 2353718))

table 5 : explain SELECT k, c FROM sbtest5 WHERE k BETWEEN 2353618 AND 2353718
	Bitmap Heap Scan on sbtest5  (cost=5.37..365.72 rows=91 width=125)
	  Recheck Cond: ((k >= 2353618) AND (k <= 2353718))
	  ->  Bitmap Index Scan on k_5  (cost=0.00..5.34 rows=91 width=0)
	        Index Cond: ((k >= 2353618) AND (k <= 2353718))

table 6 : explain SELECT k, c FROM sbtest6 WHERE k BETWEEN 2353618 AND 2353718
	Bitmap Heap Scan on sbtest6  (cost=5.46..401.19 rows=100 width=125)
	  Recheck Cond: ((k >= 2353618) AND (k <= 2353718))
	  ->  Bitmap Index Scan on k_6  (cost=0.00..5.43 rows=100 width=0)
	        Index Cond: ((k >= 2353618) AND (k <= 2353718))

table 7 : explain SELECT k, c FROM sbtest7 WHERE k BETWEEN 2353618 AND 2353718
	Bitmap Heap Scan on sbtest7  (cost=5.51..420.88 rows=105 width=125)
	  Recheck Cond: ((k >= 2353618) AND (k <= 2353718))
	  ->  Bitmap Index Scan on k_7  (cost=0.00..5.48 rows=105 width=0)
	        Index Cond: ((k >= 2353618) AND (k <= 2353718))

table 8 : explain SELECT k, c FROM sbtest8 WHERE k BETWEEN 2353618 AND 2353718
	Bitmap Heap Scan on sbtest8  (cost=5.45..397.25 rows=99 width=125)
	  Recheck Cond: ((k >= 2353618) AND (k <= 2353718))
	  ->  Bitmap Index Scan on k_8  (cost=0.00..5.42 rows=99 width=0)
	        Index Cond: ((k >= 2353618) AND (k <= 2353718))
explain: for range-notcovered :: explain SELECT k, c FROM sbtest%d WHERE k BETWEEN 4866550 AND 4866650

explain: for range-notcovered :: explain SELECT k, c FROM sbtest%d WHERE k BETWEEN 7257707 AND 7257807
for range-notcovered
table 1 : explain SELECT k, c FROM sbtest1 WHERE k BETWEEN 7871046 AND 7871146
	Bitmap Heap Scan on sbtest1  (cost=5.51..420.88 rows=105 width=125)
	  Recheck Cond: ((k >= 7871046) AND (k <= 7871146))
	  ->  Bitmap Index Scan on k_1  (cost=0.00..5.48 rows=105 width=0)
	        Index Cond: ((k >= 7871046) AND (k <= 7871146))

table 2 : explain SELECT k, c FROM sbtest2 WHERE k BETWEEN 7871046 AND 7871146
	Bitmap Heap Scan on sbtest2  (cost=5.52..424.81 rows=106 width=125)
	  Recheck Cond: ((k >= 7871046) AND (k <= 7871146))
	  ->  Bitmap Index Scan on k_2  (cost=0.00..5.50 rows=106 width=0)
	        Index Cond: ((k >= 7871046) AND (k <= 7871146))

table 3 : explain SELECT k, c FROM sbtest3 WHERE k BETWEEN 7871046 AND 7871146
	Bitmap Heap Scan on sbtest3  (cost=5.56..440.56 rows=110 width=125)
	  Recheck Cond: ((k >= 7871046) AND (k <= 7871146))
	  ->  Bitmap Index Scan on k_3  (cost=0.00..5.53 rows=110 width=0)
	        Index Cond: ((k >= 7871046) AND (k <= 7871146))

table 4 : explain SELECT k, c FROM sbtest4 WHERE k BETWEEN 7871046 AND 7871146
	Bitmap Heap Scan on sbtest4  (cost=5.47..405.13 rows=101 width=125)
	  Recheck Cond: ((k >= 7871046) AND (k <= 7871146))
	  ->  Bitmap Index Scan on k_4  (cost=0.00..5.44 rows=101 width=0)
	        Index Cond: ((k >= 7871046) AND (k <= 7871146))

table 5 : explain SELECT k, c FROM sbtest5 WHERE k BETWEEN 7871046 AND 7871146
	Bitmap Heap Scan on sbtest5  (cost=5.49..413.00 rows=103 width=125)
	  Recheck Cond: ((k >= 7871046) AND (k <= 7871146))
	  ->  Bitmap Index Scan on k_5  (cost=0.00..5.46 rows=103 width=0)
	        Index Cond: ((k >= 7871046) AND (k <= 7871146))

table 6 : explain SELECT k, c FROM sbtest6 WHERE k BETWEEN 7871046 AND 7871146
	Bitmap Heap Scan on sbtest6  (cost=5.46..401.19 rows=100 width=125)
	  Recheck Cond: ((k >= 7871046) AND (k <= 7871146))
	  ->  Bitmap Index Scan on k_6  (cost=0.00..5.43 rows=100 width=0)
	        Index Cond: ((k >= 7871046) AND (k <= 7871146))

table 7 : explain SELECT k, c FROM sbtest7 WHERE k BETWEEN 7871046 AND 7871146
	Bitmap Heap Scan on sbtest7  (cost=5.42..385.43 rows=96 width=125)
	  Recheck Cond: ((k >= 7871046) AND (k <= 7871146))
	  ->  Bitmap Index Scan on k_7  (cost=0.00..5.39 rows=96 width=0)
	        Index Cond: ((k >= 7871046) AND (k <= 7871146))

table 8 : explain SELECT k, c FROM sbtest8 WHERE k BETWEEN 7871046 AND 7871146
	Bitmap Heap Scan on sbtest8  (cost=5.46..401.19 rows=100 width=125)
	  Recheck Cond: ((k >= 7871046) AND (k <= 7871146))
	  ->  Bitmap Index Scan on k_8  (cost=0.00..5.43 rows=100 width=0)
	        Index Cond: ((k >= 7871046) AND (k <= 7871146))

explain: for range-notcovered :: explain SELECT k, c FROM sbtest%d WHERE k BETWEEN 7871046 AND 7871146
for range-notcovered
table 1 : explain SELECT k, c FROM sbtest1 WHERE k BETWEEN 2076636 AND 2076736
	Bitmap Heap Scan on sbtest1  (cost=5.52..424.81 rows=106 width=125)
	  Recheck Cond: ((k >= 2076636) AND (k <= 2076736))
	  ->  Bitmap Index Scan on k_1  (cost=0.00..5.50 rows=106 width=0)
	        Index Cond: ((k >= 2076636) AND (k <= 2076736))

table 2 : explain SELECT k, c FROM sbtest2 WHERE k BETWEEN 2076636 AND 2076736
	Bitmap Heap Scan on sbtest2  (cost=5.48..409.07 rows=102 width=125)
	  Recheck Cond: ((k >= 2076636) AND (k <= 2076736))
	  ->  Bitmap Index Scan on k_2  (cost=0.00..5.45 rows=102 width=0)
	        Index Cond: ((k >= 2076636) AND (k <= 2076736))

table 3 : explain SELECT k, c FROM sbtest3 WHERE k BETWEEN 2076636 AND 2076736
	Bitmap Heap Scan on sbtest3  (cost=5.48..409.07 rows=102 width=125)
	  Recheck Cond: ((k >= 2076636) AND (k <= 2076736))
	  ->  Bitmap Index Scan on k_3  (cost=0.00..5.45 rows=102 width=0)
	        Index Cond: ((k >= 2076636) AND (k <= 2076736))

table 4 : explain SELECT k, c FROM sbtest4 WHERE k BETWEEN 2076636 AND 2076736
	Bitmap Heap Scan on sbtest4  (cost=5.50..416.94 rows=104 width=125)
	  Recheck Cond: ((k >= 2076636) AND (k <= 2076736))
	  ->  Bitmap Index Scan on k_4  (cost=0.00..5.47 rows=104 width=0)
	        Index Cond: ((k >= 2076636) AND (k <= 2076736))

table 5 : explain SELECT k, c FROM sbtest5 WHERE k BETWEEN 2076636 AND 2076736
	Bitmap Heap Scan on sbtest5  (cost=5.55..436.62 rows=109 width=125)
	  Recheck Cond: ((k >= 2076636) AND (k <= 2076736))
	  ->  Bitmap Index Scan on k_5  (cost=0.00..5.52 rows=109 width=0)
	        Index Cond: ((k >= 2076636) AND (k <= 2076736))

table 6 : explain SELECT k, c FROM sbtest6 WHERE k BETWEEN 2076636 AND 2076736
	Bitmap Heap Scan on sbtest6  (cost=5.47..405.13 rows=101 width=125)
	  Recheck Cond: ((k >= 2076636) AND (k <= 2076736))
	  ->  Bitmap Index Scan on k_6  (cost=0.00..5.44 rows=101 width=0)
	        Index Cond: ((k >= 2076636) AND (k <= 2076736))

table 7 : explain SELECT k, c FROM sbtest7 WHERE k BETWEEN 2076636 AND 2076736
	Bitmap Heap Scan on sbtest7  (cost=5.43..389.37 rows=97 width=125)
	  Recheck Cond: ((k >= 2076636) AND (k <= 2076736))
	  ->  Bitmap Index Scan on k_7  (cost=0.00..5.40 rows=97 width=0)
	        Index Cond: ((k >= 2076636) AND (k <= 2076736))

table 8 : explain SELECT k, c FROM sbtest8 WHERE k BETWEEN 2076636 AND 2076736
	Bitmap Heap Scan on sbtest8  (cost=5.54..432.69 rows=108 width=125)
	  Recheck Cond: ((k >= 2076636) AND (k <= 2076736))
	  ->  Bitmap Index Scan on k_8  (cost=0.00..5.51 rows=108 width=0)
	        Index Cond: ((k >= 2076636) AND (k <= 2076736))

for range-notcovered
table 1 : explain SELECT k, c FROM sbtest1 WHERE k BETWEEN 5014615 AND 5014715
	Bitmap Heap Scan on sbtest1  (cost=5.46..401.19 rows=100 width=125)
	  Recheck Cond: ((k >= 5014615) AND (k <= 5014715))
	  ->  Bitmap Index Scan on k_1  (cost=0.00..5.43 rows=100 width=0)
	        Index Cond: ((k >= 5014615) AND (k <= 5014715))

table 2 : explain SELECT k, c FROM sbtest2 WHERE k BETWEEN 5014615 AND 5014715
	Bitmap Heap Scan on sbtest2  (cost=5.49..413.00 rows=103 width=125)
	  Recheck Cond: ((k >= 5014615) AND (k <= 5014715))
	  ->  Bitmap Index Scan on k_2  (cost=0.00..5.46 rows=103 width=0)
	        Index Cond: ((k >= 5014615) AND (k <= 5014715))

table 3 : explain SELECT k, c FROM sbtest3 WHERE k BETWEEN 5014615 AND 5014715
	Bitmap Heap Scan on sbtest3  (cost=5.56..440.56 rows=110 width=125)
	  Recheck Cond: ((k >= 5014615) AND (k <= 5014715))
	  ->  Bitmap Index Scan on k_3  (cost=0.00..5.53 rows=110 width=0)
	        Index Cond: ((k >= 5014615) AND (k <= 5014715))

table 4 : explain SELECT k, c FROM sbtest4 WHERE k BETWEEN 5014615 AND 5014715
	Bitmap Heap Scan on sbtest4  (cost=5.62..464.15 rows=116 width=125)
	  Recheck Cond: ((k >= 5014615) AND (k <= 5014715))
	  ->  Bitmap Index Scan on k_4  (cost=0.00..5.59 rows=116 width=0)
	        Index Cond: ((k >= 5014615) AND (k <= 5014715))

table 5 : explain SELECT k, c FROM sbtest5 WHERE k BETWEEN 5014615 AND 5014715
	Bitmap Heap Scan on sbtest5  (cost=5.50..416.94 rows=104 width=125)
	  Recheck Cond: ((k >= 5014615) AND (k <= 5014715))
	  ->  Bitmap Index Scan on k_5  (cost=0.00..5.47 rows=104 width=0)
	        Index Cond: ((k >= 5014615) AND (k <= 5014715))

table 6 : explain SELECT k, c FROM sbtest6 WHERE k BETWEEN 5014615 AND 5014715
	Bitmap Heap Scan on sbtest6  (cost=5.48..409.07 rows=102 width=125)
	  Recheck Cond: ((k >= 5014615) AND (k <= 5014715))
	  ->  Bitmap Index Scan on k_6  (cost=0.00..5.45 rows=102 width=0)
	        Index Cond: ((k >= 5014615) AND (k <= 5014715))

table 7 : explain SELECT k, c FROM sbtest7 WHERE k BETWEEN 5014615 AND 5014715
	Bitmap Heap Scan on sbtest7  (cost=5.63..468.09 rows=117 width=125)
	  Recheck Cond: ((k >= 5014615) AND (k <= 5014715))
	  ->  Bitmap Index Scan on k_7  (cost=0.00..5.60 rows=117 width=0)
	        Index Cond: ((k >= 5014615) AND (k <= 5014715))

table 8 : explain SELECT k, c FROM sbtest8 WHERE k BETWEEN 5014615 AND 5014715
	Bitmap Heap Scan on sbtest8  (cost=5.54..432.69 rows=108 width=125)
	  Recheck Cond: ((k >= 5014615) AND (k <= 5014715))
	  ->  Bitmap Index Scan on k_8  (cost=0.00..5.51 rows=108 width=0)
	        Index Cond: ((k >= 5014615) AND (k <= 5014715))

explain: for range-notcovered :: explain SELECT k, c FROM sbtest%d WHERE k BETWEEN 2076636 AND 2076736
explain: for range-notcovered :: explain SELECT k, c FROM sbtest%d WHERE k BETWEEN 5014615 AND 5014715
for range-notcovered
table 1 : explain SELECT k, c FROM sbtest1 WHERE k BETWEEN 1694003 AND 1694103
	Bitmap Heap Scan on sbtest1  (cost=5.57..444.49 rows=111 width=125)
	  Recheck Cond: ((k >= 1694003) AND (k <= 1694103))
	  ->  Bitmap Index Scan on k_1  (cost=0.00..5.54 rows=111 width=0)
	        Index Cond: ((k >= 1694003) AND (k <= 1694103))

table 2 : explain SELECT k, c FROM sbtest2 WHERE k BETWEEN 1694003 AND 1694103
	Bitmap Heap Scan on sbtest2  (cost=5.46..401.19 rows=100 width=125)
	  Recheck Cond: ((k >= 1694003) AND (k <= 1694103))
	  ->  Bitmap Index Scan on k_2  (cost=0.00..5.43 rows=100 width=0)
	        Index Cond: ((k >= 1694003) AND (k <= 1694103))

table 3 : explain SELECT k, c FROM sbtest3 WHERE k BETWEEN 1694003 AND 1694103
	Bitmap Heap Scan on sbtest3  (cost=5.44..393.31 rows=98 width=125)
	  Recheck Cond: ((k >= 1694003) AND (k <= 1694103))
	  ->  Bitmap Index Scan on k_3  (cost=0.00..5.42 rows=98 width=0)
	        Index Cond: ((k >= 1694003) AND (k <= 1694103))

table 4 : explain SELECT k, c FROM sbtest4 WHERE k BETWEEN 1694003 AND 1694103
	Bitmap Heap Scan on sbtest4  (cost=5.48..409.07 rows=102 width=125)
	  Recheck Cond: ((k >= 1694003) AND (k <= 1694103))
	  ->  Bitmap Index Scan on k_4  (cost=0.00..5.45 rows=102 width=0)
	        Index Cond: ((k >= 1694003) AND (k <= 1694103))

table 5 : explain SELECT k, c FROM sbtest5 WHERE k BETWEEN 1694003 AND 1694103
	Bitmap Heap Scan on sbtest5  (cost=5.45..397.25 rows=99 width=125)
	  Recheck Cond: ((k >= 1694003) AND (k <= 1694103))
	  ->  Bitmap Index Scan on k_5  (cost=0.00..5.42 rows=99 width=0)
	        Index Cond: ((k >= 1694003) AND (k <= 1694103))

table 6 : explain SELECT k, c FROM sbtest6 WHERE k BETWEEN 1694003 AND 1694103
	Bitmap Heap Scan on sbtest6  (cost=5.60..456.29 rows=114 width=125)
	  Recheck Cond: ((k >= 1694003) AND (k <= 1694103))
	  ->  Bitmap Index Scan on k_6  (cost=0.00..5.58 rows=114 width=0)
	        Index Cond: ((k >= 1694003) AND (k <= 1694103))

table 7 : explain SELECT k, c FROM sbtest7 WHERE k BETWEEN 1694003 AND 1694103
	Bitmap Heap Scan on sbtest7  (cost=5.51..420.88 rows=105 width=125)
	  Recheck Cond: ((k >= 1694003) AND (k <= 1694103))
	  ->  Bitmap Index Scan on k_7  (cost=0.00..5.48 rows=105 width=0)
	        Index Cond: ((k >= 1694003) AND (k <= 1694103))

table 8 : explain SELECT k, c FROM sbtest8 WHERE k BETWEEN 1694003 AND 1694103
	Bitmap Heap Scan on sbtest8  (cost=5.43..389.37 rows=97 width=125)
	  Recheck Cond: ((k >= 1694003) AND (k <= 1694103))
	  ->  Bitmap Index Scan on k_8  (cost=0.00..5.40 rows=97 width=0)
	        Index Cond: ((k >= 1694003) AND (k <= 1694103))

explain: for range-notcovered :: explain SELECT k, c FROM sbtest%d WHERE k BETWEEN 1694003 AND 1694103
for range-notcovered
table 1 : explain SELECT k, c FROM sbtest1 WHERE k BETWEEN 4866550 AND 4866650
	Bitmap Heap Scan on sbtest1  (cost=5.47..405.13 rows=101 width=125)
	  Recheck Cond: ((k >= 4866550) AND (k <= 4866650))
	  ->  Bitmap Index Scan on k_1  (cost=0.00..5.44 rows=101 width=0)
	        Index Cond: ((k >= 4866550) AND (k <= 4866650))

table 2 : explain SELECT k, c FROM sbtest2 WHERE k BETWEEN 4866550 AND 4866650
	Bitmap Heap Scan on sbtest2  (cost=5.46..401.19 rows=100 width=125)
	  Recheck Cond: ((k >= 4866550) AND (k <= 4866650))
	  ->  Bitmap Index Scan on k_2  (cost=0.00..5.43 rows=100 width=0)
	        Index Cond: ((k >= 4866550) AND (k <= 4866650))

table 3 : explain SELECT k, c FROM sbtest3 WHERE k BETWEEN 4866550 AND 4866650
	Bitmap Heap Scan on sbtest3  (cost=5.48..409.07 rows=102 width=125)
	  Recheck Cond: ((k >= 4866550) AND (k <= 4866650))
	  ->  Bitmap Index Scan on k_3  (cost=0.00..5.45 rows=102 width=0)
	        Index Cond: ((k >= 4866550) AND (k <= 4866650))

table 4 : explain SELECT k, c FROM sbtest4 WHERE k BETWEEN 4866550 AND 4866650
	Bitmap Heap Scan on sbtest4  (cost=5.47..405.13 rows=101 width=125)
	  Recheck Cond: ((k >= 4866550) AND (k <= 4866650))
	  ->  Bitmap Index Scan on k_4  (cost=0.00..5.44 rows=101 width=0)
	        Index Cond: ((k >= 4866550) AND (k <= 4866650))

table 5 : explain SELECT k, c FROM sbtest5 WHERE k BETWEEN 4866550 AND 4866650
	Bitmap Heap Scan on sbtest5  (cost=5.45..397.25 rows=99 width=125)
	  Recheck Cond: ((k >= 4866550) AND (k <= 4866650))
	  ->  Bitmap Index Scan on k_5  (cost=0.00..5.42 rows=99 width=0)
	        Index Cond: ((k >= 4866550) AND (k <= 4866650))

table 6 : explain SELECT k, c FROM sbtest6 WHERE k BETWEEN 4866550 AND 4866650
	Bitmap Heap Scan on sbtest6  (cost=5.40..377.55 rows=94 width=125)
	  Recheck Cond: ((k >= 4866550) AND (k <= 4866650))
	  ->  Bitmap Index Scan on k_6  (cost=0.00..5.38 rows=94 width=0)
	        Index Cond: ((k >= 4866550) AND (k <= 4866650))

table 7 : explain SELECT k, c FROM sbtest7 WHERE k BETWEEN 4866550 AND 4866650
	Bitmap Heap Scan on sbtest7  (cost=5.54..432.69 rows=108 width=125)
	  Recheck Cond: ((k >= 4866550) AND (k <= 4866650))
	  ->  Bitmap Index Scan on k_7  (cost=0.00..5.51 rows=108 width=0)
	        Index Cond: ((k >= 4866550) AND (k <= 4866650))

table 8 : explain SELECT k, c FROM sbtest8 WHERE k BETWEEN 4866550 AND 4866650
	Bitmap Heap Scan on sbtest8  (cost=5.41..381.49 rows=95 width=125)
	  Recheck Cond: ((k >= 4866550) AND (k <= 4866650))
	  ->  Bitmap Index Scan on k_8  (cost=0.00..5.38 rows=95 width=0)
	        Index Cond: ((k >= 4866550) AND (k <= 4866650))

for range-notcovered
table 1 : explain SELECT k, c FROM sbtest1 WHERE k BETWEEN 7871046 AND 7871146
	Bitmap Heap Scan on sbtest1  (cost=5.51..420.88 rows=105 width=125)
	  Recheck Cond: ((k >= 7871046) AND (k <= 7871146))
	  ->  Bitmap Index Scan on k_1  (cost=0.00..5.48 rows=105 width=0)
	        Index Cond: ((k >= 7871046) AND (k <= 7871146))

table 2 : explain SELECT k, c FROM sbtest2 WHERE k BETWEEN 7871046 AND 7871146
	Bitmap Heap Scan on sbtest2  (cost=5.52..424.81 rows=106 width=125)
	  Recheck Cond: ((k >= 7871046) AND (k <= 7871146))
	  ->  Bitmap Index Scan on k_2  (cost=0.00..5.50 rows=106 width=0)
	        Index Cond: ((k >= 7871046) AND (k <= 7871146))

table 3 : explain SELECT k, c FROM sbtest3 WHERE k BETWEEN 7871046 AND 7871146
	Bitmap Heap Scan on sbtest3  (cost=5.56..440.56 rows=110 width=125)
	  Recheck Cond: ((k >= 7871046) AND (k <= 7871146))
	  ->  Bitmap Index Scan on k_3  (cost=0.00..5.53 rows=110 width=0)
	        Index Cond: ((k >= 7871046) AND (k <= 7871146))

table 4 : explain SELECT k, c FROM sbtest4 WHERE k BETWEEN 7871046 AND 7871146
	Bitmap Heap Scan on sbtest4  (cost=5.47..405.13 rows=101 width=125)
	  Recheck Cond: ((k >= 7871046) AND (k <= 7871146))
	  ->  Bitmap Index Scan on k_4  (cost=0.00..5.44 rows=101 width=0)
	        Index Cond: ((k >= 7871046) AND (k <= 7871146))

table 5 : explain SELECT k, c FROM sbtest5 WHERE k BETWEEN 7871046 AND 7871146
	Bitmap Heap Scan on sbtest5  (cost=5.49..413.00 rows=103 width=125)
	  Recheck Cond: ((k >= 7871046) AND (k <= 7871146))
	  ->  Bitmap Index Scan on k_5  (cost=0.00..5.46 rows=103 width=0)
	        Index Cond: ((k >= 7871046) AND (k <= 7871146))

table 6 : explain SELECT k, c FROM sbtest6 WHERE k BETWEEN 7871046 AND 7871146
	Bitmap Heap Scan on sbtest6  (cost=5.46..401.19 rows=100 width=125)
	  Recheck Cond: ((k >= 7871046) AND (k <= 7871146))
	  ->  Bitmap Index Scan on k_6  (cost=0.00..5.43 rows=100 width=0)
	        Index Cond: ((k >= 7871046) AND (k <= 7871146))

table 7 : explain SELECT k, c FROM sbtest7 WHERE k BETWEEN 7871046 AND 7871146
	Bitmap Heap Scan on sbtest7  (cost=5.42..385.43 rows=96 width=125)
	  Recheck Cond: ((k >= 7871046) AND (k <= 7871146))
	  ->  Bitmap Index Scan on k_7  (cost=0.00..5.39 rows=96 width=0)
	        Index Cond: ((k >= 7871046) AND (k <= 7871146))

table 8 : explain SELECT k, c FROM sbtest8 WHERE k BETWEEN 7871046 AND 7871146
	Bitmap Heap Scan on sbtest8  (cost=5.46..401.19 rows=100 width=125)
	  Recheck Cond: ((k >= 7871046) AND (k <= 7871146))
	  ->  Bitmap Index Scan on k_8  (cost=0.00..5.43 rows=100 width=0)
	        Index Cond: ((k >= 7871046) AND (k <= 7871146))

for range-notcovered
table 1 : explain SELECT k, c FROM sbtest1 WHERE k BETWEEN 7257707 AND 7257807
	Bitmap Heap Scan on sbtest1  (cost=5.50..416.94 rows=104 width=125)
	  Recheck Cond: ((k >= 7257707) AND (k <= 7257807))
	  ->  Bitmap Index Scan on k_1  (cost=0.00..5.47 rows=104 width=0)
	        Index Cond: ((k >= 7257707) AND (k <= 7257807))

table 2 : explain SELECT k, c FROM sbtest2 WHERE k BETWEEN 7257707 AND 7257807
	Bitmap Heap Scan on sbtest2  (cost=5.46..401.19 rows=100 width=125)
	  Recheck Cond: ((k >= 7257707) AND (k <= 7257807))
	  ->  Bitmap Index Scan on k_2  (cost=0.00..5.43 rows=100 width=0)
	        Index Cond: ((k >= 7257707) AND (k <= 7257807))

table 3 : explain SELECT k, c FROM sbtest3 WHERE k BETWEEN 7257707 AND 7257807
	Bitmap Heap Scan on sbtest3  (cost=5.40..377.55 rows=94 width=125)
	  Recheck Cond: ((k >= 7257707) AND (k <= 7257807))
	  ->  Bitmap Index Scan on k_3  (cost=0.00..5.38 rows=94 width=0)
	        Index Cond: ((k >= 7257707) AND (k <= 7257807))

table 4 : explain SELECT k, c FROM sbtest4 WHERE k BETWEEN 7257707 AND 7257807
	Bitmap Heap Scan on sbtest4  (cost=5.48..409.07 rows=102 width=125)
	  Recheck Cond: ((k >= 7257707) AND (k <= 7257807))
	  ->  Bitmap Index Scan on k_4  (cost=0.00..5.45 rows=102 width=0)
	        Index Cond: ((k >= 7257707) AND (k <= 7257807))

table 5 : explain SELECT k, c FROM sbtest5 WHERE k BETWEEN 7257707 AND 7257807
	Bitmap Heap Scan on sbtest5  (cost=5.50..416.94 rows=104 width=125)
	  Recheck Cond: ((k >= 7257707) AND (k <= 7257807))
	  ->  Bitmap Index Scan on k_5  (cost=0.00..5.47 rows=104 width=0)
	        Index Cond: ((k >= 7257707) AND (k <= 7257807))

table 6 : explain SELECT k, c FROM sbtest6 WHERE k BETWEEN 7257707 AND 7257807
	Bitmap Heap Scan on sbtest6  (cost=5.41..381.49 rows=95 width=125)
	  Recheck Cond: ((k >= 7257707) AND (k <= 7257807))
	  ->  Bitmap Index Scan on k_6  (cost=0.00..5.38 rows=95 width=0)
	        Index Cond: ((k >= 7257707) AND (k <= 7257807))

table 7 : explain SELECT k, c FROM sbtest7 WHERE k BETWEEN 7257707 AND 7257807
	Bitmap Heap Scan on sbtest7  (cost=5.51..420.88 rows=105 width=125)
	  Recheck Cond: ((k >= 7257707) AND (k <= 7257807))
	  ->  Bitmap Index Scan on k_7  (cost=0.00..5.48 rows=105 width=0)
	        Index Cond: ((k >= 7257707) AND (k <= 7257807))

table 8 : explain SELECT k, c FROM sbtest8 WHERE k BETWEEN 7257707 AND 7257807
	Bitmap Heap Scan on sbtest8  (cost=5.43..389.37 rows=97 width=125)
	  Recheck Cond: ((k >= 7257707) AND (k <= 7257807))
	  ->  Bitmap Index Scan on k_8  (cost=0.00..5.40 rows=97 width=0)
	        Index Cond: ((k >= 7257707) AND (k <= 7257807))

explain: for range-notcovered :: explain SELECT k, c FROM sbtest%d WHERE k BETWEEN 7871046 AND 7871146
explain: for range-notcovered :: explain SELECT k, c FROM sbtest%d WHERE k BETWEEN 7257707 AND 7257807
for range-notcovered
table 1 : explain SELECT k, c FROM sbtest1 WHERE k BETWEEN 538505 AND 538605
	Bitmap Heap Scan on sbtest1  (cost=5.49..413.00 rows=103 width=125)
	  Recheck Cond: ((k >= 538505) AND (k <= 538605))
	  ->  Bitmap Index Scan on k_1  (cost=0.00..5.46 rows=103 width=0)
	        Index Cond: ((k >= 538505) AND (k <= 538605))

table 2 : explain SELECT k, c FROM sbtest2 WHERE k BETWEEN 538505 AND 538605
	Bitmap Heap Scan on sbtest2  (cost=5.44..393.31 rows=98 width=125)
	  Recheck Cond: ((k >= 538505) AND (k <= 538605))
	  ->  Bitmap Index Scan on k_2  (cost=0.00..5.42 rows=98 width=0)
	        Index Cond: ((k >= 538505) AND (k <= 538605))

table 3 : explain SELECT k, c FROM sbtest3 WHERE k BETWEEN 538505 AND 538605
	Bitmap Heap Scan on sbtest3  (cost=5.45..397.25 rows=99 width=125)
	  Recheck Cond: ((k >= 538505) AND (k <= 538605))
	  ->  Bitmap Index Scan on k_3  (cost=0.00..5.42 rows=99 width=0)
	        Index Cond: ((k >= 538505) AND (k <= 538605))

table 4 : explain SELECT k, c FROM sbtest4 WHERE k BETWEEN 538505 AND 538605
	Bitmap Heap Scan on sbtest4  (cost=5.44..393.31 rows=98 width=125)
	  Recheck Cond: ((k >= 538505) AND (k <= 538605))
	  ->  Bitmap Index Scan on k_4  (cost=0.00..5.42 rows=98 width=0)
	        Index Cond: ((k >= 538505) AND (k <= 538605))

table 5 : explain SELECT k, c FROM sbtest5 WHERE k BETWEEN 538505 AND 538605
	Bitmap Heap Scan on sbtest5  (cost=5.48..409.07 rows=102 width=125)
	  Recheck Cond: ((k >= 538505) AND (k <= 538605))
	  ->  Bitmap Index Scan on k_5  (cost=0.00..5.45 rows=102 width=0)
	        Index Cond: ((k >= 538505) AND (k <= 538605))

table 6 : explain SELECT k, c FROM sbtest6 WHERE k BETWEEN 538505 AND 538605
	Bitmap Heap Scan on sbtest6  (cost=5.53..428.75 rows=107 width=125)
	  Recheck Cond: ((k >= 538505) AND (k <= 538605))
	  ->  Bitmap Index Scan on k_6  (cost=0.00..5.50 rows=107 width=0)
	        Index Cond: ((k >= 538505) AND (k <= 538605))

table 7 : explain SELECT k, c FROM sbtest7 WHERE k BETWEEN 538505 AND 538605
	Bitmap Heap Scan on sbtest7  (cost=5.53..428.75 rows=107 width=125)
	  Recheck Cond: ((k >= 538505) AND (k <= 538605))
	  ->  Bitmap Index Scan on k_7  (cost=0.00..5.50 rows=107 width=0)
	        Index Cond: ((k >= 538505) AND (k <= 538605))

table 8 : explain SELECT k, c FROM sbtest8 WHERE k BETWEEN 538505 AND 538605
	Bitmap Heap Scan on sbtest8  (cost=5.52..424.81 rows=106 width=125)
	  Recheck Cond: ((k >= 538505) AND (k <= 538605))
	  ->  Bitmap Index Scan on k_8  (cost=0.00..5.50 rows=106 width=0)
	        Index Cond: ((k >= 538505) AND (k <= 538605))

for range-notcovered
table 1 : explain SELECT k, c FROM sbtest1 WHERE k BETWEEN 2076636 AND 2076736
	Bitmap Heap Scan on sbtest1  (cost=5.52..424.81 rows=106 width=125)
	  Recheck Cond: ((k >= 2076636) AND (k <= 2076736))
	  ->  Bitmap Index Scan on k_1  (cost=0.00..5.50 rows=106 width=0)
	        Index Cond: ((k >= 2076636) AND (k <= 2076736))

table 2 : explain SELECT k, c FROM sbtest2 WHERE k BETWEEN 2076636 AND 2076736
	Bitmap Heap Scan on sbtest2  (cost=5.48..409.07 rows=102 width=125)
	  Recheck Cond: ((k >= 2076636) AND (k <= 2076736))
	  ->  Bitmap Index Scan on k_2  (cost=0.00..5.45 rows=102 width=0)
	        Index Cond: ((k >= 2076636) AND (k <= 2076736))

table 3 : explain SELECT k, c FROM sbtest3 WHERE k BETWEEN 2076636 AND 2076736
	Bitmap Heap Scan on sbtest3  (cost=5.48..409.07 rows=102 width=125)
	  Recheck Cond: ((k >= 2076636) AND (k <= 2076736))
	  ->  Bitmap Index Scan on k_3  (cost=0.00..5.45 rows=102 width=0)
	        Index Cond: ((k >= 2076636) AND (k <= 2076736))

table 4 : explain SELECT k, c FROM sbtest4 WHERE k BETWEEN 2076636 AND 2076736
	Bitmap Heap Scan on sbtest4  (cost=5.50..416.94 rows=104 width=125)
	  Recheck Cond: ((k >= 2076636) AND (k <= 2076736))
	  ->  Bitmap Index Scan on k_4  (cost=0.00..5.47 rows=104 width=0)
	        Index Cond: ((k >= 2076636) AND (k <= 2076736))

table 5 : explain SELECT k, c FROM sbtest5 WHERE k BETWEEN 2076636 AND 2076736
	Bitmap Heap Scan on sbtest5  (cost=5.55..436.62 rows=109 width=125)
	  Recheck Cond: ((k >= 2076636) AND (k <= 2076736))
	  ->  Bitmap Index Scan on k_5  (cost=0.00..5.52 rows=109 width=0)
	        Index Cond: ((k >= 2076636) AND (k <= 2076736))

table 6 : explain SELECT k, c FROM sbtest6 WHERE k BETWEEN 2076636 AND 2076736
	Bitmap Heap Scan on sbtest6  (cost=5.47..405.13 rows=101 width=125)
	  Recheck Cond: ((k >= 2076636) AND (k <= 2076736))
	  ->  Bitmap Index Scan on k_6  (cost=0.00..5.44 rows=101 width=0)
	        Index Cond: ((k >= 2076636) AND (k <= 2076736))

table 7 : explain SELECT k, c FROM sbtest7 WHERE k BETWEEN 2076636 AND 2076736
	Bitmap Heap Scan on sbtest7  (cost=5.43..389.37 rows=97 width=125)
	  Recheck Cond: ((k >= 2076636) AND (k <= 2076736))
	  ->  Bitmap Index Scan on k_7  (cost=0.00..5.40 rows=97 width=0)
	        Index Cond: ((k >= 2076636) AND (k <= 2076736))

table 8 : explain SELECT k, c FROM sbtest8 WHERE k BETWEEN 2076636 AND 2076736
	Bitmap Heap Scan on sbtest8  (cost=5.54..432.69 rows=108 width=125)
	  Recheck Cond: ((k >= 2076636) AND (k <= 2076736))
	  ->  Bitmap Index Scan on k_8  (cost=0.00..5.51 rows=108 width=0)
	        Index Cond: ((k >= 2076636) AND (k <= 2076736))

explain: for range-notcovered :: explain SELECT k, c FROM sbtest%d WHERE k BETWEEN 538505 AND 538605
for range-notcovered
table 1 : explain SELECT k, c FROM sbtest1 WHERE k BETWEEN 5014615 AND 5014715
	Bitmap Heap Scan on sbtest1  (cost=5.46..401.19 rows=100 width=125)
	  Recheck Cond: ((k >= 5014615) AND (k <= 5014715))
	  ->  Bitmap Index Scan on k_1  (cost=0.00..5.43 rows=100 width=0)
	        Index Cond: ((k >= 5014615) AND (k <= 5014715))

table 2 : explain SELECT k, c FROM sbtest2 WHERE k BETWEEN 5014615 AND 5014715
	Bitmap Heap Scan on sbtest2  (cost=5.49..413.00 rows=103 width=125)
	  Recheck Cond: ((k >= 5014615) AND (k <= 5014715))
	  ->  Bitmap Index Scan on k_2  (cost=0.00..5.46 rows=103 width=0)
	        Index Cond: ((k >= 5014615) AND (k <= 5014715))

table 3 : explain SELECT k, c FROM sbtest3 WHERE k BETWEEN 5014615 AND 5014715
	Bitmap Heap Scan on sbtest3  (cost=5.56..440.56 rows=110 width=125)
	  Recheck Cond: ((k >= 5014615) AND (k <= 5014715))
	  ->  Bitmap Index Scan on k_3  (cost=0.00..5.53 rows=110 width=0)
	        Index Cond: ((k >= 5014615) AND (k <= 5014715))

table 4 : explain SELECT k, c FROM sbtest4 WHERE k BETWEEN 5014615 AND 5014715
	Bitmap Heap Scan on sbtest4  (cost=5.62..464.15 rows=116 width=125)
	  Recheck Cond: ((k >= 5014615) AND (k <= 5014715))
	  ->  Bitmap Index Scan on k_4  (cost=0.00..5.59 rows=116 width=0)
	        Index Cond: ((k >= 5014615) AND (k <= 5014715))

table 5 : explain SELECT k, c FROM sbtest5 WHERE k BETWEEN 5014615 AND 5014715
	Bitmap Heap Scan on sbtest5  (cost=5.50..416.94 rows=104 width=125)
	  Recheck Cond: ((k >= 5014615) AND (k <= 5014715))
	  ->  Bitmap Index Scan on k_5  (cost=0.00..5.47 rows=104 width=0)
	        Index Cond: ((k >= 5014615) AND (k <= 5014715))

table 6 : explain SELECT k, c FROM sbtest6 WHERE k BETWEEN 5014615 AND 5014715
	Bitmap Heap Scan on sbtest6  (cost=5.48..409.07 rows=102 width=125)
	  Recheck Cond: ((k >= 5014615) AND (k <= 5014715))
	  ->  Bitmap Index Scan on k_6  (cost=0.00..5.45 rows=102 width=0)
	        Index Cond: ((k >= 5014615) AND (k <= 5014715))

table 7 : explain SELECT k, c FROM sbtest7 WHERE k BETWEEN 5014615 AND 5014715
	Bitmap Heap Scan on sbtest7  (cost=5.63..468.09 rows=117 width=125)
	  Recheck Cond: ((k >= 5014615) AND (k <= 5014715))
	  ->  Bitmap Index Scan on k_7  (cost=0.00..5.60 rows=117 width=0)
	        Index Cond: ((k >= 5014615) AND (k <= 5014715))

table 8 : explain SELECT k, c FROM sbtest8 WHERE k BETWEEN 5014615 AND 5014715
	Bitmap Heap Scan on sbtest8  (cost=5.54..432.69 rows=108 width=125)
	  Recheck Cond: ((k >= 5014615) AND (k <= 5014715))
	  ->  Bitmap Index Scan on k_8  (cost=0.00..5.51 rows=108 width=0)
	        Index Cond: ((k >= 5014615) AND (k <= 5014715))

explain: for range-notcovered :: explain SELECT k, c FROM sbtest%d WHERE k BETWEEN 2076636 AND 2076736
explain: for range-notcovered :: explain SELECT k, c FROM sbtest%d WHERE k BETWEEN 5014615 AND 5014715
for range-notcovered
table 1 : explain SELECT k, c FROM sbtest1 WHERE k BETWEEN 1694003 AND 1694103
	Bitmap Heap Scan on sbtest1  (cost=5.57..444.49 rows=111 width=125)
	  Recheck Cond: ((k >= 1694003) AND (k <= 1694103))
	  ->  Bitmap Index Scan on k_1  (cost=0.00..5.54 rows=111 width=0)
	        Index Cond: ((k >= 1694003) AND (k <= 1694103))

table 2 : explain SELECT k, c FROM sbtest2 WHERE k BETWEEN 1694003 AND 1694103
	Bitmap Heap Scan on sbtest2  (cost=5.46..401.19 rows=100 width=125)
	  Recheck Cond: ((k >= 1694003) AND (k <= 1694103))
	  ->  Bitmap Index Scan on k_2  (cost=0.00..5.43 rows=100 width=0)
	        Index Cond: ((k >= 1694003) AND (k <= 1694103))

table 3 : explain SELECT k, c FROM sbtest3 WHERE k BETWEEN 1694003 AND 1694103
	Bitmap Heap Scan on sbtest3  (cost=5.44..393.31 rows=98 width=125)
	  Recheck Cond: ((k >= 1694003) AND (k <= 1694103))
	  ->  Bitmap Index Scan on k_3  (cost=0.00..5.42 rows=98 width=0)
	        Index Cond: ((k >= 1694003) AND (k <= 1694103))

table 4 : explain SELECT k, c FROM sbtest4 WHERE k BETWEEN 1694003 AND 1694103
	Bitmap Heap Scan on sbtest4  (cost=5.48..409.07 rows=102 width=125)
	  Recheck Cond: ((k >= 1694003) AND (k <= 1694103))
	  ->  Bitmap Index Scan on k_4  (cost=0.00..5.45 rows=102 width=0)
	        Index Cond: ((k >= 1694003) AND (k <= 1694103))

table 5 : explain SELECT k, c FROM sbtest5 WHERE k BETWEEN 1694003 AND 1694103
	Bitmap Heap Scan on sbtest5  (cost=5.45..397.25 rows=99 width=125)
	  Recheck Cond: ((k >= 1694003) AND (k <= 1694103))
	  ->  Bitmap Index Scan on k_5  (cost=0.00..5.42 rows=99 width=0)
	        Index Cond: ((k >= 1694003) AND (k <= 1694103))

table 6 : explain SELECT k, c FROM sbtest6 WHERE k BETWEEN 1694003 AND 1694103
	Bitmap Heap Scan on sbtest6  (cost=5.60..456.29 rows=114 width=125)
	  Recheck Cond: ((k >= 1694003) AND (k <= 1694103))
	  ->  Bitmap Index Scan on k_6  (cost=0.00..5.58 rows=114 width=0)
	        Index Cond: ((k >= 1694003) AND (k <= 1694103))

table 7 : explain SELECT k, c FROM sbtest7 WHERE k BETWEEN 1694003 AND 1694103
	Bitmap Heap Scan on sbtest7  (cost=5.51..420.88 rows=105 width=125)
	  Recheck Cond: ((k >= 1694003) AND (k <= 1694103))
	  ->  Bitmap Index Scan on k_7  (cost=0.00..5.48 rows=105 width=0)
	        Index Cond: ((k >= 1694003) AND (k <= 1694103))

table 8 : explain SELECT k, c FROM sbtest8 WHERE k BETWEEN 1694003 AND 1694103
	Bitmap Heap Scan on sbtest8  (cost=5.43..389.37 rows=97 width=125)
	  Recheck Cond: ((k >= 1694003) AND (k <= 1694103))
	  ->  Bitmap Index Scan on k_8  (cost=0.00..5.40 rows=97 width=0)
	        Index Cond: ((k >= 1694003) AND (k <= 1694103))

explain: for range-notcovered :: explain SELECT k, c FROM sbtest%d WHERE k BETWEEN 1694003 AND 1694103
for range-notcovered
table 1 : explain SELECT k, c FROM sbtest1 WHERE k BETWEEN 7257707 AND 7257807
	Bitmap Heap Scan on sbtest1  (cost=5.50..416.94 rows=104 width=125)
	  Recheck Cond: ((k >= 7257707) AND (k <= 7257807))
	  ->  Bitmap Index Scan on k_1  (cost=0.00..5.47 rows=104 width=0)
	        Index Cond: ((k >= 7257707) AND (k <= 7257807))

table 2 : explain SELECT k, c FROM sbtest2 WHERE k BETWEEN 7257707 AND 7257807
	Bitmap Heap Scan on sbtest2  (cost=5.46..401.19 rows=100 width=125)
	  Recheck Cond: ((k >= 7257707) AND (k <= 7257807))
	  ->  Bitmap Index Scan on k_2  (cost=0.00..5.43 rows=100 width=0)
	        Index Cond: ((k >= 7257707) AND (k <= 7257807))

table 3 : explain SELECT k, c FROM sbtest3 WHERE k BETWEEN 7257707 AND 7257807
	Bitmap Heap Scan on sbtest3  (cost=5.40..377.55 rows=94 width=125)
	  Recheck Cond: ((k >= 7257707) AND (k <= 7257807))
	  ->  Bitmap Index Scan on k_3  (cost=0.00..5.38 rows=94 width=0)
	        Index Cond: ((k >= 7257707) AND (k <= 7257807))

table 4 : explain SELECT k, c FROM sbtest4 WHERE k BETWEEN 7257707 AND 7257807
	Bitmap Heap Scan on sbtest4  (cost=5.48..409.07 rows=102 width=125)
	  Recheck Cond: ((k >= 7257707) AND (k <= 7257807))
	  ->  Bitmap Index Scan on k_4  (cost=0.00..5.45 rows=102 width=0)
	        Index Cond: ((k >= 7257707) AND (k <= 7257807))

table 5 : explain SELECT k, c FROM sbtest5 WHERE k BETWEEN 7257707 AND 7257807
	Bitmap Heap Scan on sbtest5  (cost=5.50..416.94 rows=104 width=125)
	  Recheck Cond: ((k >= 7257707) AND (k <= 7257807))
	  ->  Bitmap Index Scan on k_5  (cost=0.00..5.47 rows=104 width=0)
	        Index Cond: ((k >= 7257707) AND (k <= 7257807))

table 6 : explain SELECT k, c FROM sbtest6 WHERE k BETWEEN 7257707 AND 7257807
	Bitmap Heap Scan on sbtest6  (cost=5.41..381.49 rows=95 width=125)
	  Recheck Cond: ((k >= 7257707) AND (k <= 7257807))
	  ->  Bitmap Index Scan on k_6  (cost=0.00..5.38 rows=95 width=0)
	        Index Cond: ((k >= 7257707) AND (k <= 7257807))

table 7 : explain SELECT k, c FROM sbtest7 WHERE k BETWEEN 7257707 AND 7257807
	Bitmap Heap Scan on sbtest7  (cost=5.51..420.88 rows=105 width=125)
	  Recheck Cond: ((k >= 7257707) AND (k <= 7257807))
	  ->  Bitmap Index Scan on k_7  (cost=0.00..5.48 rows=105 width=0)
	        Index Cond: ((k >= 7257707) AND (k <= 7257807))

table 8 : explain SELECT k, c FROM sbtest8 WHERE k BETWEEN 7257707 AND 7257807
	Bitmap Heap Scan on sbtest8  (cost=5.43..389.37 rows=97 width=125)
	  Recheck Cond: ((k >= 7257707) AND (k <= 7257807))
	  ->  Bitmap Index Scan on k_8  (cost=0.00..5.40 rows=97 width=0)
	        Index Cond: ((k >= 7257707) AND (k <= 7257807))

explain: for range-notcovered :: explain SELECT k, c FROM sbtest%d WHERE k BETWEEN 7257707 AND 7257807
for range-notcovered
table 1 : explain SELECT k, c FROM sbtest1 WHERE k BETWEEN 538505 AND 538605
	Bitmap Heap Scan on sbtest1  (cost=5.49..413.00 rows=103 width=125)
	  Recheck Cond: ((k >= 538505) AND (k <= 538605))
	  ->  Bitmap Index Scan on k_1  (cost=0.00..5.46 rows=103 width=0)
	        Index Cond: ((k >= 538505) AND (k <= 538605))

table 2 : explain SELECT k, c FROM sbtest2 WHERE k BETWEEN 538505 AND 538605
	Bitmap Heap Scan on sbtest2  (cost=5.44..393.31 rows=98 width=125)
	  Recheck Cond: ((k >= 538505) AND (k <= 538605))
	  ->  Bitmap Index Scan on k_2  (cost=0.00..5.42 rows=98 width=0)
	        Index Cond: ((k >= 538505) AND (k <= 538605))

table 3 : explain SELECT k, c FROM sbtest3 WHERE k BETWEEN 538505 AND 538605
	Bitmap Heap Scan on sbtest3  (cost=5.45..397.25 rows=99 width=125)
	  Recheck Cond: ((k >= 538505) AND (k <= 538605))
	  ->  Bitmap Index Scan on k_3  (cost=0.00..5.42 rows=99 width=0)
	        Index Cond: ((k >= 538505) AND (k <= 538605))

table 4 : explain SELECT k, c FROM sbtest4 WHERE k BETWEEN 538505 AND 538605
	Bitmap Heap Scan on sbtest4  (cost=5.44..393.31 rows=98 width=125)
	  Recheck Cond: ((k >= 538505) AND (k <= 538605))
	  ->  Bitmap Index Scan on k_4  (cost=0.00..5.42 rows=98 width=0)
	        Index Cond: ((k >= 538505) AND (k <= 538605))

table 5 : explain SELECT k, c FROM sbtest5 WHERE k BETWEEN 538505 AND 538605
	Bitmap Heap Scan on sbtest5  (cost=5.48..409.07 rows=102 width=125)
	  Recheck Cond: ((k >= 538505) AND (k <= 538605))
	  ->  Bitmap Index Scan on k_5  (cost=0.00..5.45 rows=102 width=0)
	        Index Cond: ((k >= 538505) AND (k <= 538605))

table 6 : explain SELECT k, c FROM sbtest6 WHERE k BETWEEN 538505 AND 538605
	Bitmap Heap Scan on sbtest6  (cost=5.53..428.75 rows=107 width=125)
	  Recheck Cond: ((k >= 538505) AND (k <= 538605))
	  ->  Bitmap Index Scan on k_6  (cost=0.00..5.50 rows=107 width=0)
	        Index Cond: ((k >= 538505) AND (k <= 538605))

table 7 : explain SELECT k, c FROM sbtest7 WHERE k BETWEEN 538505 AND 538605
	Bitmap Heap Scan on sbtest7  (cost=5.53..428.75 rows=107 width=125)
	  Recheck Cond: ((k >= 538505) AND (k <= 538605))
	  ->  Bitmap Index Scan on k_7  (cost=0.00..5.50 rows=107 width=0)
	        Index Cond: ((k >= 538505) AND (k <= 538605))

table 8 : explain SELECT k, c FROM sbtest8 WHERE k BETWEEN 538505 AND 538605
	Bitmap Heap Scan on sbtest8  (cost=5.52..424.81 rows=106 width=125)
	  Recheck Cond: ((k >= 538505) AND (k <= 538605))
	  ->  Bitmap Index Scan on k_8  (cost=0.00..5.50 rows=106 width=0)
	        Index Cond: ((k >= 538505) AND (k <= 538605))

for range-notcovered
table 1 : explain SELECT k, c FROM sbtest1 WHERE k BETWEEN 2076636 AND 2076736
	Bitmap Heap Scan on sbtest1  (cost=5.52..424.81 rows=106 width=125)
	  Recheck Cond: ((k >= 2076636) AND (k <= 2076736))
	  ->  Bitmap Index Scan on k_1  (cost=0.00..5.50 rows=106 width=0)
	        Index Cond: ((k >= 2076636) AND (k <= 2076736))

table 2 : explain SELECT k, c FROM sbtest2 WHERE k BETWEEN 2076636 AND 2076736
	Bitmap Heap Scan on sbtest2  (cost=5.48..409.07 rows=102 width=125)
	  Recheck Cond: ((k >= 2076636) AND (k <= 2076736))
	  ->  Bitmap Index Scan on k_2  (cost=0.00..5.45 rows=102 width=0)
	        Index Cond: ((k >= 2076636) AND (k <= 2076736))

table 3 : explain SELECT k, c FROM sbtest3 WHERE k BETWEEN 2076636 AND 2076736
	Bitmap Heap Scan on sbtest3  (cost=5.48..409.07 rows=102 width=125)
	  Recheck Cond: ((k >= 2076636) AND (k <= 2076736))
	  ->  Bitmap Index Scan on k_3  (cost=0.00..5.45 rows=102 width=0)
	        Index Cond: ((k >= 2076636) AND (k <= 2076736))

table 4 : explain SELECT k, c FROM sbtest4 WHERE k BETWEEN 2076636 AND 2076736
	Bitmap Heap Scan on sbtest4  (cost=5.50..416.94 rows=104 width=125)
	  Recheck Cond: ((k >= 2076636) AND (k <= 2076736))
	  ->  Bitmap Index Scan on k_4  (cost=0.00..5.47 rows=104 width=0)
	        Index Cond: ((k >= 2076636) AND (k <= 2076736))

table 5 : explain SELECT k, c FROM sbtest5 WHERE k BETWEEN 2076636 AND 2076736
	Bitmap Heap Scan on sbtest5  (cost=5.55..436.62 rows=109 width=125)
	  Recheck Cond: ((k >= 2076636) AND (k <= 2076736))
	  ->  Bitmap Index Scan on k_5  (cost=0.00..5.52 rows=109 width=0)
	        Index Cond: ((k >= 2076636) AND (k <= 2076736))

table 6 : explain SELECT k, c FROM sbtest6 WHERE k BETWEEN 2076636 AND 2076736
	Bitmap Heap Scan on sbtest6  (cost=5.47..405.13 rows=101 width=125)
	  Recheck Cond: ((k >= 2076636) AND (k <= 2076736))
	  ->  Bitmap Index Scan on k_6  (cost=0.00..5.44 rows=101 width=0)
	        Index Cond: ((k >= 2076636) AND (k <= 2076736))

table 7 : explain SELECT k, c FROM sbtest7 WHERE k BETWEEN 2076636 AND 2076736
	Bitmap Heap Scan on sbtest7  (cost=5.43..389.37 rows=97 width=125)
	  Recheck Cond: ((k >= 2076636) AND (k <= 2076736))
	  ->  Bitmap Index Scan on k_7  (cost=0.00..5.40 rows=97 width=0)
	        Index Cond: ((k >= 2076636) AND (k <= 2076736))

table 8 : explain SELECT k, c FROM sbtest8 WHERE k BETWEEN 2076636 AND 2076736
	Bitmap Heap Scan on sbtest8  (cost=5.54..432.69 rows=108 width=125)
	  Recheck Cond: ((k >= 2076636) AND (k <= 2076736))
	  ->  Bitmap Index Scan on k_8  (cost=0.00..5.51 rows=108 width=0)
	        Index Cond: ((k >= 2076636) AND (k <= 2076736))

for range-notcovered
table 1 : explain SELECT k, c FROM sbtest1 WHERE k BETWEEN 5014615 AND 5014715
	Bitmap Heap Scan on sbtest1  (cost=5.46..401.19 rows=100 width=125)
	  Recheck Cond: ((k >= 5014615) AND (k <= 5014715))
	  ->  Bitmap Index Scan on k_1  (cost=0.00..5.43 rows=100 width=0)
	        Index Cond: ((k >= 5014615) AND (k <= 5014715))

table 2 : explain SELECT k, c FROM sbtest2 WHERE k BETWEEN 5014615 AND 5014715
	Bitmap Heap Scan on sbtest2  (cost=5.49..413.00 rows=103 width=125)
	  Recheck Cond: ((k >= 5014615) AND (k <= 5014715))
	  ->  Bitmap Index Scan on k_2  (cost=0.00..5.46 rows=103 width=0)
	        Index Cond: ((k >= 5014615) AND (k <= 5014715))

table 3 : explain SELECT k, c FROM sbtest3 WHERE k BETWEEN 5014615 AND 5014715
	Bitmap Heap Scan on sbtest3  (cost=5.56..440.56 rows=110 width=125)
	  Recheck Cond: ((k >= 5014615) AND (k <= 5014715))
	  ->  Bitmap Index Scan on k_3  (cost=0.00..5.53 rows=110 width=0)
	        Index Cond: ((k >= 5014615) AND (k <= 5014715))

table 4 : explain SELECT k, c FROM sbtest4 WHERE k BETWEEN 5014615 AND 5014715
	Bitmap Heap Scan on sbtest4  (cost=5.62..464.15 rows=116 width=125)
	  Recheck Cond: ((k >= 5014615) AND (k <= 5014715))
	  ->  Bitmap Index Scan on k_4  (cost=0.00..5.59 rows=116 width=0)
	        Index Cond: ((k >= 5014615) AND (k <= 5014715))

table 5 : explain SELECT k, c FROM sbtest5 WHERE k BETWEEN 5014615 AND 5014715
	Bitmap Heap Scan on sbtest5  (cost=5.50..416.94 rows=104 width=125)
	  Recheck Cond: ((k >= 5014615) AND (k <= 5014715))
	  ->  Bitmap Index Scan on k_5  (cost=0.00..5.47 rows=104 width=0)
	        Index Cond: ((k >= 5014615) AND (k <= 5014715))

table 6 : explain SELECT k, c FROM sbtest6 WHERE k BETWEEN 5014615 AND 5014715
	Bitmap Heap Scan on sbtest6  (cost=5.48..409.07 rows=102 width=125)
	  Recheck Cond: ((k >= 5014615) AND (k <= 5014715))
	  ->  Bitmap Index Scan on k_6  (cost=0.00..5.45 rows=102 width=0)
	        Index Cond: ((k >= 5014615) AND (k <= 5014715))

table 7 : explain SELECT k, c FROM sbtest7 WHERE k BETWEEN 5014615 AND 5014715
	Bitmap Heap Scan on sbtest7  (cost=5.63..468.09 rows=117 width=125)
	  Recheck Cond: ((k >= 5014615) AND (k <= 5014715))
	  ->  Bitmap Index Scan on k_7  (cost=0.00..5.60 rows=117 width=0)
	        Index Cond: ((k >= 5014615) AND (k <= 5014715))

table 8 : explain SELECT k, c FROM sbtest8 WHERE k BETWEEN 5014615 AND 5014715
	Bitmap Heap Scan on sbtest8  (cost=5.54..432.69 rows=108 width=125)
	  Recheck Cond: ((k >= 5014615) AND (k <= 5014715))
	  ->  Bitmap Index Scan on k_8  (cost=0.00..5.51 rows=108 width=0)
	        Index Cond: ((k >= 5014615) AND (k <= 5014715))

explain: for range-notcovered :: explain SELECT k, c FROM sbtest%d WHERE k BETWEEN 2076636 AND 2076736
explain: for range-notcovered :: explain SELECT k, c FROM sbtest%d WHERE k BETWEEN 5014615 AND 5014715
for range-notcovered
table 1 : explain SELECT k, c FROM sbtest1 WHERE k BETWEEN 7421777 AND 7421877
	Bitmap Heap Scan on sbtest1  (cost=5.40..377.55 rows=94 width=125)
	  Recheck Cond: ((k >= 7421777) AND (k <= 7421877))
	  ->  Bitmap Index Scan on k_1  (cost=0.00..5.38 rows=94 width=0)
	        Index Cond: ((k >= 7421777) AND (k <= 7421877))

table 2 : explain SELECT k, c FROM sbtest2 WHERE k BETWEEN 7421777 AND 7421877
	Bitmap Heap Scan on sbtest2  (cost=5.48..409.07 rows=102 width=125)
	  Recheck Cond: ((k >= 7421777) AND (k <= 7421877))
	  ->  Bitmap Index Scan on k_2  (cost=0.00..5.45 rows=102 width=0)
	        Index Cond: ((k >= 7421777) AND (k <= 7421877))

table 3 : explain SELECT k, c FROM sbtest3 WHERE k BETWEEN 7421777 AND 7421877
	Bitmap Heap Scan on sbtest3  (cost=5.36..361.78 rows=90 width=125)
	  Recheck Cond: ((k >= 7421777) AND (k <= 7421877))
	  ->  Bitmap Index Scan on k_3  (cost=0.00..5.33 rows=90 width=0)
	        Index Cond: ((k >= 7421777) AND (k <= 7421877))

table 4 : explain SELECT k, c FROM sbtest4 WHERE k BETWEEN 7421777 AND 7421877
	Bitmap Heap Scan on sbtest4  (cost=5.44..393.31 rows=98 width=125)
	  Recheck Cond: ((k >= 7421777) AND (k <= 7421877))
	  ->  Bitmap Index Scan on k_4  (cost=0.00..5.42 rows=98 width=0)
	        Index Cond: ((k >= 7421777) AND (k <= 7421877))

table 5 : explain SELECT k, c FROM sbtest5 WHERE k BETWEEN 7421777 AND 7421877
	Bitmap Heap Scan on sbtest5  (cost=5.49..413.00 rows=103 width=125)
	  Recheck Cond: ((k >= 7421777) AND (k <= 7421877))
	  ->  Bitmap Index Scan on k_5  (cost=0.00..5.46 rows=103 width=0)
	        Index Cond: ((k >= 7421777) AND (k <= 7421877))

table 6 : explain SELECT k, c FROM sbtest6 WHERE k BETWEEN 7421777 AND 7421877
	Bitmap Heap Scan on sbtest6  (cost=5.44..393.31 rows=98 width=125)
	  Recheck Cond: ((k >= 7421777) AND (k <= 7421877))
	  ->  Bitmap Index Scan on k_6  (cost=0.00..5.42 rows=98 width=0)
	        Index Cond: ((k >= 7421777) AND (k <= 7421877))

table 7 : explain SELECT k, c FROM sbtest7 WHERE k BETWEEN 7421777 AND 7421877
	Bitmap Heap Scan on sbtest7  (cost=5.44..393.31 rows=98 width=125)
	  Recheck Cond: ((k >= 7421777) AND (k <= 7421877))
	  ->  Bitmap Index Scan on k_7  (cost=0.00..5.42 rows=98 width=0)
	        Index Cond: ((k >= 7421777) AND (k <= 7421877))

table 8 : explain SELECT k, c FROM sbtest8 WHERE k BETWEEN 7421777 AND 7421877
	Bitmap Heap Scan on sbtest8  (cost=5.45..397.25 rows=99 width=125)
	  Recheck Cond: ((k >= 7421777) AND (k <= 7421877))
	  ->  Bitmap Index Scan on k_8  (cost=0.00..5.42 rows=99 width=0)
	        Index Cond: ((k >= 7421777) AND (k <= 7421877))

for range-notcovered
table 1 : explain SELECT k, c FROM sbtest1 WHERE k BETWEEN 1694003 AND 1694103
	Bitmap Heap Scan on sbtest1  (cost=5.57..444.49 rows=111 width=125)
	  Recheck Cond: ((k >= 1694003) AND (k <= 1694103))
	  ->  Bitmap Index Scan on k_1  (cost=0.00..5.54 rows=111 width=0)
	        Index Cond: ((k >= 1694003) AND (k <= 1694103))

table 2 : explain SELECT k, c FROM sbtest2 WHERE k BETWEEN 1694003 AND 1694103
	Bitmap Heap Scan on sbtest2  (cost=5.46..401.19 rows=100 width=125)
	  Recheck Cond: ((k >= 1694003) AND (k <= 1694103))
	  ->  Bitmap Index Scan on k_2  (cost=0.00..5.43 rows=100 width=0)
	        Index Cond: ((k >= 1694003) AND (k <= 1694103))

table 3 : explain SELECT k, c FROM sbtest3 WHERE k BETWEEN 1694003 AND 1694103
	Bitmap Heap Scan on sbtest3  (cost=5.44..393.31 rows=98 width=125)
	  Recheck Cond: ((k >= 1694003) AND (k <= 1694103))
	  ->  Bitmap Index Scan on k_3  (cost=0.00..5.42 rows=98 width=0)
	        Index Cond: ((k >= 1694003) AND (k <= 1694103))

table 4 : explain SELECT k, c FROM sbtest4 WHERE k BETWEEN 1694003 AND 1694103
	Bitmap Heap Scan on sbtest4  (cost=5.48..409.07 rows=102 width=125)
	  Recheck Cond: ((k >= 1694003) AND (k <= 1694103))
	  ->  Bitmap Index Scan on k_4  (cost=0.00..5.45 rows=102 width=0)
	        Index Cond: ((k >= 1694003) AND (k <= 1694103))

table 5 : explain SELECT k, c FROM sbtest5 WHERE k BETWEEN 1694003 AND 1694103
	Bitmap Heap Scan on sbtest5  (cost=5.45..397.25 rows=99 width=125)
	  Recheck Cond: ((k >= 1694003) AND (k <= 1694103))
	  ->  Bitmap Index Scan on k_5  (cost=0.00..5.42 rows=99 width=0)
	        Index Cond: ((k >= 1694003) AND (k <= 1694103))

table 6 : explain SELECT k, c FROM sbtest6 WHERE k BETWEEN 1694003 AND 1694103
	Bitmap Heap Scan on sbtest6  (cost=5.60..456.29 rows=114 width=125)
	  Recheck Cond: ((k >= 1694003) AND (k <= 1694103))
	  ->  Bitmap Index Scan on k_6  (cost=0.00..5.58 rows=114 width=0)
	        Index Cond: ((k >= 1694003) AND (k <= 1694103))

table 7 : explain SELECT k, c FROM sbtest7 WHERE k BETWEEN 1694003 AND 1694103
	Bitmap Heap Scan on sbtest7  (cost=5.51..420.88 rows=105 width=125)
	  Recheck Cond: ((k >= 1694003) AND (k <= 1694103))
	  ->  Bitmap Index Scan on k_7  (cost=0.00..5.48 rows=105 width=0)
	        Index Cond: ((k >= 1694003) AND (k <= 1694103))

table 8 : explain SELECT k, c FROM sbtest8 WHERE k BETWEEN 1694003 AND 1694103
	Bitmap Heap Scan on sbtest8  (cost=5.43..389.37 rows=97 width=125)
	  Recheck Cond: ((k >= 1694003) AND (k <= 1694103))
	  ->  Bitmap Index Scan on k_8  (cost=0.00..5.40 rows=97 width=0)
	        Index Cond: ((k >= 1694003) AND (k <= 1694103))

explain: for range-notcovered :: explain SELECT k, c FROM sbtest%d WHERE k BETWEEN 7421777 AND 7421877
explain: for range-notcovered :: explain SELECT k, c FROM sbtest%d WHERE k BETWEEN 1694003 AND 1694103
for range-notcovered
table 1 : explain SELECT k, c FROM sbtest1 WHERE k BETWEEN 7871046 AND 7871146
	Bitmap Heap Scan on sbtest1  (cost=5.51..420.88 rows=105 width=125)
	  Recheck Cond: ((k >= 7871046) AND (k <= 7871146))
	  ->  Bitmap Index Scan on k_1  (cost=0.00..5.48 rows=105 width=0)
	        Index Cond: ((k >= 7871046) AND (k <= 7871146))

table 2 : explain SELECT k, c FROM sbtest2 WHERE k BETWEEN 7871046 AND 7871146
	Bitmap Heap Scan on sbtest2  (cost=5.52..424.81 rows=106 width=125)
	  Recheck Cond: ((k >= 7871046) AND (k <= 7871146))
	  ->  Bitmap Index Scan on k_2  (cost=0.00..5.50 rows=106 width=0)
	        Index Cond: ((k >= 7871046) AND (k <= 7871146))

table 3 : explain SELECT k, c FROM sbtest3 WHERE k BETWEEN 7871046 AND 7871146
	Bitmap Heap Scan on sbtest3  (cost=5.56..440.56 rows=110 width=125)
	  Recheck Cond: ((k >= 7871046) AND (k <= 7871146))
	  ->  Bitmap Index Scan on k_3  (cost=0.00..5.53 rows=110 width=0)
	        Index Cond: ((k >= 7871046) AND (k <= 7871146))

table 4 : explain SELECT k, c FROM sbtest4 WHERE k BETWEEN 7871046 AND 7871146
	Bitmap Heap Scan on sbtest4  (cost=5.47..405.13 rows=101 width=125)
	  Recheck Cond: ((k >= 7871046) AND (k <= 7871146))
	  ->  Bitmap Index Scan on k_4  (cost=0.00..5.44 rows=101 width=0)
	        Index Cond: ((k >= 7871046) AND (k <= 7871146))

table 5 : explain SELECT k, c FROM sbtest5 WHERE k BETWEEN 7871046 AND 7871146
	Bitmap Heap Scan on sbtest5  (cost=5.49..413.00 rows=103 width=125)
	  Recheck Cond: ((k >= 7871046) AND (k <= 7871146))
	  ->  Bitmap Index Scan on k_5  (cost=0.00..5.46 rows=103 width=0)
	        Index Cond: ((k >= 7871046) AND (k <= 7871146))

table 6 : explain SELECT k, c FROM sbtest6 WHERE k BETWEEN 7871046 AND 7871146
	Bitmap Heap Scan on sbtest6  (cost=5.46..401.19 rows=100 width=125)
	  Recheck Cond: ((k >= 7871046) AND (k <= 7871146))
	  ->  Bitmap Index Scan on k_6  (cost=0.00..5.43 rows=100 width=0)
	        Index Cond: ((k >= 7871046) AND (k <= 7871146))

table 7 : explain SELECT k, c FROM sbtest7 WHERE k BETWEEN 7871046 AND 7871146
	Bitmap Heap Scan on sbtest7  (cost=5.42..385.43 rows=96 width=125)
	  Recheck Cond: ((k >= 7871046) AND (k <= 7871146))
	  ->  Bitmap Index Scan on k_7  (cost=0.00..5.39 rows=96 width=0)
	        Index Cond: ((k >= 7871046) AND (k <= 7871146))

table 8 : explain SELECT k, c FROM sbtest8 WHERE k BETWEEN 7871046 AND 7871146
	Bitmap Heap Scan on sbtest8  (cost=5.46..401.19 rows=100 width=125)
	  Recheck Cond: ((k >= 7871046) AND (k <= 7871146))
	  ->  Bitmap Index Scan on k_8  (cost=0.00..5.43 rows=100 width=0)
	        Index Cond: ((k >= 7871046) AND (k <= 7871146))

explain: for range-notcovered :: explain SELECT k, c FROM sbtest%d WHERE k BETWEEN 7871046 AND 7871146
for range-notcovered
table 1 : explain SELECT k, c FROM sbtest1 WHERE k BETWEEN 7257707 AND 7257807
	Bitmap Heap Scan on sbtest1  (cost=5.50..416.94 rows=104 width=125)
	  Recheck Cond: ((k >= 7257707) AND (k <= 7257807))
	  ->  Bitmap Index Scan on k_1  (cost=0.00..5.47 rows=104 width=0)
	        Index Cond: ((k >= 7257707) AND (k <= 7257807))

table 2 : explain SELECT k, c FROM sbtest2 WHERE k BETWEEN 7257707 AND 7257807
	Bitmap Heap Scan on sbtest2  (cost=5.46..401.19 rows=100 width=125)
	  Recheck Cond: ((k >= 7257707) AND (k <= 7257807))
	  ->  Bitmap Index Scan on k_2  (cost=0.00..5.43 rows=100 width=0)
	        Index Cond: ((k >= 7257707) AND (k <= 7257807))

table 3 : explain SELECT k, c FROM sbtest3 WHERE k BETWEEN 7257707 AND 7257807
	Bitmap Heap Scan on sbtest3  (cost=5.40..377.55 rows=94 width=125)
	  Recheck Cond: ((k >= 7257707) AND (k <= 7257807))
	  ->  Bitmap Index Scan on k_3  (cost=0.00..5.38 rows=94 width=0)
	        Index Cond: ((k >= 7257707) AND (k <= 7257807))

table 4 : explain SELECT k, c FROM sbtest4 WHERE k BETWEEN 7257707 AND 7257807
	Bitmap Heap Scan on sbtest4  (cost=5.48..409.07 rows=102 width=125)
	  Recheck Cond: ((k >= 7257707) AND (k <= 7257807))
	  ->  Bitmap Index Scan on k_4  (cost=0.00..5.45 rows=102 width=0)
	        Index Cond: ((k >= 7257707) AND (k <= 7257807))

table 5 : explain SELECT k, c FROM sbtest5 WHERE k BETWEEN 7257707 AND 7257807
	Bitmap Heap Scan on sbtest5  (cost=5.50..416.94 rows=104 width=125)
	  Recheck Cond: ((k >= 7257707) AND (k <= 7257807))
	  ->  Bitmap Index Scan on k_5  (cost=0.00..5.47 rows=104 width=0)
	        Index Cond: ((k >= 7257707) AND (k <= 7257807))

table 6 : explain SELECT k, c FROM sbtest6 WHERE k BETWEEN 7257707 AND 7257807
	Bitmap Heap Scan on sbtest6  (cost=5.41..381.49 rows=95 width=125)
	  Recheck Cond: ((k >= 7257707) AND (k <= 7257807))
	  ->  Bitmap Index Scan on k_6  (cost=0.00..5.38 rows=95 width=0)
	        Index Cond: ((k >= 7257707) AND (k <= 7257807))

table 7 : explain SELECT k, c FROM sbtest7 WHERE k BETWEEN 7257707 AND 7257807
	Bitmap Heap Scan on sbtest7  (cost=5.51..420.88 rows=105 width=125)
	  Recheck Cond: ((k >= 7257707) AND (k <= 7257807))
	  ->  Bitmap Index Scan on k_7  (cost=0.00..5.48 rows=105 width=0)
	        Index Cond: ((k >= 7257707) AND (k <= 7257807))

table 8 : explain SELECT k, c FROM sbtest8 WHERE k BETWEEN 7257707 AND 7257807
	Bitmap Heap Scan on sbtest8  (cost=5.43..389.37 rows=97 width=125)
	  Recheck Cond: ((k >= 7257707) AND (k <= 7257807))
	  ->  Bitmap Index Scan on k_8  (cost=0.00..5.40 rows=97 width=0)
	        Index Cond: ((k >= 7257707) AND (k <= 7257807))

explain: for range-notcovered :: explain SELECT k, c FROM sbtest%d WHERE k BETWEEN 7257707 AND 7257807
for range-notcovered
table 1 : explain SELECT k, c FROM sbtest1 WHERE k BETWEEN 2076636 AND 2076736
	Bitmap Heap Scan on sbtest1  (cost=5.52..424.81 rows=106 width=125)
	  Recheck Cond: ((k >= 2076636) AND (k <= 2076736))
	  ->  Bitmap Index Scan on k_1  (cost=0.00..5.50 rows=106 width=0)
	        Index Cond: ((k >= 2076636) AND (k <= 2076736))

table 2 : explain SELECT k, c FROM sbtest2 WHERE k BETWEEN 2076636 AND 2076736
	Bitmap Heap Scan on sbtest2  (cost=5.48..409.07 rows=102 width=125)
	  Recheck Cond: ((k >= 2076636) AND (k <= 2076736))
	  ->  Bitmap Index Scan on k_2  (cost=0.00..5.45 rows=102 width=0)
	        Index Cond: ((k >= 2076636) AND (k <= 2076736))

table 3 : explain SELECT k, c FROM sbtest3 WHERE k BETWEEN 2076636 AND 2076736
	Bitmap Heap Scan on sbtest3  (cost=5.48..409.07 rows=102 width=125)
	  Recheck Cond: ((k >= 2076636) AND (k <= 2076736))
	  ->  Bitmap Index Scan on k_3  (cost=0.00..5.45 rows=102 width=0)
	        Index Cond: ((k >= 2076636) AND (k <= 2076736))

table 4 : explain SELECT k, c FROM sbtest4 WHERE k BETWEEN 2076636 AND 2076736
	Bitmap Heap Scan on sbtest4  (cost=5.50..416.94 rows=104 width=125)
	  Recheck Cond: ((k >= 2076636) AND (k <= 2076736))
	  ->  Bitmap Index Scan on k_4  (cost=0.00..5.47 rows=104 width=0)
	        Index Cond: ((k >= 2076636) AND (k <= 2076736))

table 5 : explain SELECT k, c FROM sbtest5 WHERE k BETWEEN 2076636 AND 2076736
	Bitmap Heap Scan on sbtest5  (cost=5.55..436.62 rows=109 width=125)
	  Recheck Cond: ((k >= 2076636) AND (k <= 2076736))
	  ->  Bitmap Index Scan on k_5  (cost=0.00..5.52 rows=109 width=0)
	        Index Cond: ((k >= 2076636) AND (k <= 2076736))

table 6 : explain SELECT k, c FROM sbtest6 WHERE k BETWEEN 2076636 AND 2076736
	Bitmap Heap Scan on sbtest6  (cost=5.47..405.13 rows=101 width=125)
	  Recheck Cond: ((k >= 2076636) AND (k <= 2076736))
	  ->  Bitmap Index Scan on k_6  (cost=0.00..5.44 rows=101 width=0)
	        Index Cond: ((k >= 2076636) AND (k <= 2076736))

table 7 : explain SELECT k, c FROM sbtest7 WHERE k BETWEEN 2076636 AND 2076736
	Bitmap Heap Scan on sbtest7  (cost=5.43..389.37 rows=97 width=125)
	  Recheck Cond: ((k >= 2076636) AND (k <= 2076736))
	  ->  Bitmap Index Scan on k_7  (cost=0.00..5.40 rows=97 width=0)
	        Index Cond: ((k >= 2076636) AND (k <= 2076736))

table 8 : explain SELECT k, c FROM sbtest8 WHERE k BETWEEN 2076636 AND 2076736
	Bitmap Heap Scan on sbtest8  (cost=5.54..432.69 rows=108 width=125)
	  Recheck Cond: ((k >= 2076636) AND (k <= 2076736))
	  ->  Bitmap Index Scan on k_8  (cost=0.00..5.51 rows=108 width=0)
	        Index Cond: ((k >= 2076636) AND (k <= 2076736))

for range-notcovered
table 1 : explain SELECT k, c FROM sbtest1 WHERE k BETWEEN 5014615 AND 5014715
	Bitmap Heap Scan on sbtest1  (cost=5.46..401.19 rows=100 width=125)
	  Recheck Cond: ((k >= 5014615) AND (k <= 5014715))
	  ->  Bitmap Index Scan on k_1  (cost=0.00..5.43 rows=100 width=0)
	        Index Cond: ((k >= 5014615) AND (k <= 5014715))

table 2 : explain SELECT k, c FROM sbtest2 WHERE k BETWEEN 5014615 AND 5014715
	Bitmap Heap Scan on sbtest2  (cost=5.49..413.00 rows=103 width=125)
	  Recheck Cond: ((k >= 5014615) AND (k <= 5014715))
	  ->  Bitmap Index Scan on k_2  (cost=0.00..5.46 rows=103 width=0)
	        Index Cond: ((k >= 5014615) AND (k <= 5014715))

table 3 : explain SELECT k, c FROM sbtest3 WHERE k BETWEEN 5014615 AND 5014715
	Bitmap Heap Scan on sbtest3  (cost=5.56..440.56 rows=110 width=125)
	  Recheck Cond: ((k >= 5014615) AND (k <= 5014715))
	  ->  Bitmap Index Scan on k_3  (cost=0.00..5.53 rows=110 width=0)
	        Index Cond: ((k >= 5014615) AND (k <= 5014715))

table 4 : explain SELECT k, c FROM sbtest4 WHERE k BETWEEN 5014615 AND 5014715
	Bitmap Heap Scan on sbtest4  (cost=5.62..464.15 rows=116 width=125)
	  Recheck Cond: ((k >= 5014615) AND (k <= 5014715))
	  ->  Bitmap Index Scan on k_4  (cost=0.00..5.59 rows=116 width=0)
	        Index Cond: ((k >= 5014615) AND (k <= 5014715))

table 5 : explain SELECT k, c FROM sbtest5 WHERE k BETWEEN 5014615 AND 5014715
	Bitmap Heap Scan on sbtest5  (cost=5.50..416.94 rows=104 width=125)
	  Recheck Cond: ((k >= 5014615) AND (k <= 5014715))
	  ->  Bitmap Index Scan on k_5  (cost=0.00..5.47 rows=104 width=0)
	        Index Cond: ((k >= 5014615) AND (k <= 5014715))

table 6 : explain SELECT k, c FROM sbtest6 WHERE k BETWEEN 5014615 AND 5014715
	Bitmap Heap Scan on sbtest6  (cost=5.48..409.07 rows=102 width=125)
	  Recheck Cond: ((k >= 5014615) AND (k <= 5014715))
	  ->  Bitmap Index Scan on k_6  (cost=0.00..5.45 rows=102 width=0)
	        Index Cond: ((k >= 5014615) AND (k <= 5014715))

table 7 : explain SELECT k, c FROM sbtest7 WHERE k BETWEEN 5014615 AND 5014715
	Bitmap Heap Scan on sbtest7  (cost=5.63..468.09 rows=117 width=125)
	  Recheck Cond: ((k >= 5014615) AND (k <= 5014715))
	  ->  Bitmap Index Scan on k_7  (cost=0.00..5.60 rows=117 width=0)
	        Index Cond: ((k >= 5014615) AND (k <= 5014715))

table 8 : explain SELECT k, c FROM sbtest8 WHERE k BETWEEN 5014615 AND 5014715
	Bitmap Heap Scan on sbtest8  (cost=5.54..432.69 rows=108 width=125)
	  Recheck Cond: ((k >= 5014615) AND (k <= 5014715))
	  ->  Bitmap Index Scan on k_8  (cost=0.00..5.51 rows=108 width=0)
	        Index Cond: ((k >= 5014615) AND (k <= 5014715))

for range-notcovered
table 1 : explain SELECT k, c FROM sbtest1 WHERE k BETWEEN 6751842 AND 6751942
	Bitmap Heap Scan on sbtest1  (cost=5.49..413.00 rows=103 width=125)
	  Recheck Cond: ((k >= 6751842) AND (k <= 6751942))
	  ->  Bitmap Index Scan on k_1  (cost=0.00..5.46 rows=103 width=0)
	        Index Cond: ((k >= 6751842) AND (k <= 6751942))

table 2 : explain SELECT k, c FROM sbtest2 WHERE k BETWEEN 6751842 AND 6751942
	Bitmap Heap Scan on sbtest2  (cost=5.51..420.88 rows=105 width=125)
	  Recheck Cond: ((k >= 6751842) AND (k <= 6751942))
	  ->  Bitmap Index Scan on k_2  (cost=0.00..5.48 rows=105 width=0)
	        Index Cond: ((k >= 6751842) AND (k <= 6751942))

table 3 : explain SELECT k, c FROM sbtest3 WHERE k BETWEEN 6751842 AND 6751942
	Bitmap Heap Scan on sbtest3  (cost=5.56..440.56 rows=110 width=125)
	  Recheck Cond: ((k >= 6751842) AND (k <= 6751942))
	  ->  Bitmap Index Scan on k_3  (cost=0.00..5.53 rows=110 width=0)
	        Index Cond: ((k >= 6751842) AND (k <= 6751942))

table 4 : explain SELECT k, c FROM sbtest4 WHERE k BETWEEN 6751842 AND 6751942
	Bitmap Heap Scan on sbtest4  (cost=5.59..452.36 rows=113 width=125)
	  Recheck Cond: ((k >= 6751842) AND (k <= 6751942))
	  ->  Bitmap Index Scan on k_4  (cost=0.00..5.56 rows=113 width=0)
	        Index Cond: ((k >= 6751842) AND (k <= 6751942))

table 5 : explain SELECT k, c FROM sbtest5 WHERE k BETWEEN 6751842 AND 6751942
	Bitmap Heap Scan on sbtest5  (cost=5.49..413.00 rows=103 width=125)
	  Recheck Cond: ((k >= 6751842) AND (k <= 6751942))
	  ->  Bitmap Index Scan on k_5  (cost=0.00..5.46 rows=103 width=0)
	        Index Cond: ((k >= 6751842) AND (k <= 6751942))

table 6 : explain SELECT k, c FROM sbtest6 WHERE k BETWEEN 6751842 AND 6751942
	Bitmap Heap Scan on sbtest6  (cost=5.49..413.00 rows=103 width=125)
	  Recheck Cond: ((k >= 6751842) AND (k <= 6751942))
	  ->  Bitmap Index Scan on k_6  (cost=0.00..5.46 rows=103 width=0)
	        Index Cond: ((k >= 6751842) AND (k <= 6751942))

table 7 : explain SELECT k, c FROM sbtest7 WHERE k BETWEEN 6751842 AND 6751942
	Bitmap Heap Scan on sbtest7  (cost=5.39..373.61 rows=93 width=125)
	  Recheck Cond: ((k >= 6751842) AND (k <= 6751942))
	  ->  Bitmap Index Scan on k_7  (cost=0.00..5.36 rows=93 width=0)
	        Index Cond: ((k >= 6751842) AND (k <= 6751942))

table 8 : explain SELECT k, c FROM sbtest8 WHERE k BETWEEN 6751842 AND 6751942
	Bitmap Heap Scan on sbtest8  (cost=5.52..424.81 rows=106 width=125)
	  Recheck Cond: ((k >= 6751842) AND (k <= 6751942))
	  ->  Bitmap Index Scan on k_8  (cost=0.00..5.50 rows=106 width=0)
	        Index Cond: ((k >= 6751842) AND (k <= 6751942))

explain: for range-notcovered :: explain SELECT k, c FROM sbtest%d WHERE k BETWEEN 2076636 AND 2076736
explain: for range-notcovered :: explain SELECT k, c FROM sbtest%d WHERE k BETWEEN 5014615 AND 5014715
explain: for range-notcovered :: explain SELECT k, c FROM sbtest%d WHERE k BETWEEN 6751842 AND 6751942
for range-notcovered
table 1 : explain SELECT k, c FROM sbtest1 WHERE k BETWEEN 5049292 AND 5049392
	Bitmap Heap Scan on sbtest1  (cost=5.50..416.94 rows=104 width=125)
	  Recheck Cond: ((k >= 5049292) AND (k <= 5049392))
	  ->  Bitmap Index Scan on k_1  (cost=0.00..5.47 rows=104 width=0)
	        Index Cond: ((k >= 5049292) AND (k <= 5049392))

table 2 : explain SELECT k, c FROM sbtest2 WHERE k BETWEEN 5049292 AND 5049392
	Bitmap Heap Scan on sbtest2  (cost=5.49..413.00 rows=103 width=125)
	  Recheck Cond: ((k >= 5049292) AND (k <= 5049392))
	  ->  Bitmap Index Scan on k_2  (cost=0.00..5.46 rows=103 width=0)
	        Index Cond: ((k >= 5049292) AND (k <= 5049392))

table 3 : explain SELECT k, c FROM sbtest3 WHERE k BETWEEN 5049292 AND 5049392
	Bitmap Heap Scan on sbtest3  (cost=5.56..440.56 rows=110 width=125)
	  Recheck Cond: ((k >= 5049292) AND (k <= 5049392))
	  ->  Bitmap Index Scan on k_3  (cost=0.00..5.53 rows=110 width=0)
	        Index Cond: ((k >= 5049292) AND (k <= 5049392))

table 4 : explain SELECT k, c FROM sbtest4 WHERE k BETWEEN 5049292 AND 5049392
	Bitmap Heap Scan on sbtest4  (cost=5.62..464.15 rows=116 width=125)
	  Recheck Cond: ((k >= 5049292) AND (k <= 5049392))
	  ->  Bitmap Index Scan on k_4  (cost=0.00..5.59 rows=116 width=0)
	        Index Cond: ((k >= 5049292) AND (k <= 5049392))

table 5 : explain SELECT k, c FROM sbtest5 WHERE k BETWEEN 5049292 AND 5049392
	Bitmap Heap Scan on sbtest5  (cost=5.50..416.94 rows=104 width=125)
	  Recheck Cond: ((k >= 5049292) AND (k <= 5049392))
	  ->  Bitmap Index Scan on k_5  (cost=0.00..5.47 rows=104 width=0)
	        Index Cond: ((k >= 5049292) AND (k <= 5049392))

table 6 : explain SELECT k, c FROM sbtest6 WHERE k BETWEEN 5049292 AND 5049392
	Bitmap Heap Scan on sbtest6  (cost=5.53..428.75 rows=107 width=125)
	  Recheck Cond: ((k >= 5049292) AND (k <= 5049392))
	  ->  Bitmap Index Scan on k_6  (cost=0.00..5.50 rows=107 width=0)
	        Index Cond: ((k >= 5049292) AND (k <= 5049392))

table 7 : explain SELECT k, c FROM sbtest7 WHERE k BETWEEN 5049292 AND 5049392
	Bitmap Heap Scan on sbtest7  (cost=5.63..468.09 rows=117 width=125)
	  Recheck Cond: ((k >= 5049292) AND (k <= 5049392))
	  ->  Bitmap Index Scan on k_7  (cost=0.00..5.60 rows=117 width=0)
	        Index Cond: ((k >= 5049292) AND (k <= 5049392))

table 8 : explain SELECT k, c FROM sbtest8 WHERE k BETWEEN 5049292 AND 5049392
	Bitmap Heap Scan on sbtest8  (cost=5.54..432.69 rows=108 width=125)
	  Recheck Cond: ((k >= 5049292) AND (k <= 5049392))
	  ->  Bitmap Index Scan on k_8  (cost=0.00..5.51 rows=108 width=0)
	        Index Cond: ((k >= 5049292) AND (k <= 5049392))

for range-notcovered
table 1 : explain SELECT k, c FROM sbtest1 WHERE k BETWEEN 7421777 AND 7421877
	Bitmap Heap Scan on sbtest1  (cost=5.40..377.55 rows=94 width=125)
	  Recheck Cond: ((k >= 7421777) AND (k <= 7421877))
	  ->  Bitmap Index Scan on k_1  (cost=0.00..5.38 rows=94 width=0)
	        Index Cond: ((k >= 7421777) AND (k <= 7421877))

table 2 : explain SELECT k, c FROM sbtest2 WHERE k BETWEEN 7421777 AND 7421877
	Bitmap Heap Scan on sbtest2  (cost=5.48..409.07 rows=102 width=125)
	  Recheck Cond: ((k >= 7421777) AND (k <= 7421877))
	  ->  Bitmap Index Scan on k_2  (cost=0.00..5.45 rows=102 width=0)
	        Index Cond: ((k >= 7421777) AND (k <= 7421877))

table 3 : explain SELECT k, c FROM sbtest3 WHERE k BETWEEN 7421777 AND 7421877
	Bitmap Heap Scan on sbtest3  (cost=5.36..361.78 rows=90 width=125)
	  Recheck Cond: ((k >= 7421777) AND (k <= 7421877))
	  ->  Bitmap Index Scan on k_3  (cost=0.00..5.33 rows=90 width=0)
	        Index Cond: ((k >= 7421777) AND (k <= 7421877))

table 4 : explain SELECT k, c FROM sbtest4 WHERE k BETWEEN 7421777 AND 7421877
	Bitmap Heap Scan on sbtest4  (cost=5.44..393.31 rows=98 width=125)
	  Recheck Cond: ((k >= 7421777) AND (k <= 7421877))
	  ->  Bitmap Index Scan on k_4  (cost=0.00..5.42 rows=98 width=0)
	        Index Cond: ((k >= 7421777) AND (k <= 7421877))

table 5 : explain SELECT k, c FROM sbtest5 WHERE k BETWEEN 7421777 AND 7421877
	Bitmap Heap Scan on sbtest5  (cost=5.49..413.00 rows=103 width=125)
	  Recheck Cond: ((k >= 7421777) AND (k <= 7421877))
	  ->  Bitmap Index Scan on k_5  (cost=0.00..5.46 rows=103 width=0)
	        Index Cond: ((k >= 7421777) AND (k <= 7421877))

table 6 : explain SELECT k, c FROM sbtest6 WHERE k BETWEEN 7421777 AND 7421877
	Bitmap Heap Scan on sbtest6  (cost=5.44..393.31 rows=98 width=125)
	  Recheck Cond: ((k >= 7421777) AND (k <= 7421877))
	  ->  Bitmap Index Scan on k_6  (cost=0.00..5.42 rows=98 width=0)
	        Index Cond: ((k >= 7421777) AND (k <= 7421877))

table 7 : explain SELECT k, c FROM sbtest7 WHERE k BETWEEN 7421777 AND 7421877
	Bitmap Heap Scan on sbtest7  (cost=5.44..393.31 rows=98 width=125)
	  Recheck Cond: ((k >= 7421777) AND (k <= 7421877))
	  ->  Bitmap Index Scan on k_7  (cost=0.00..5.42 rows=98 width=0)
	        Index Cond: ((k >= 7421777) AND (k <= 7421877))

table 8 : explain SELECT k, c FROM sbtest8 WHERE k BETWEEN 7421777 AND 7421877
	Bitmap Heap Scan on sbtest8  (cost=5.45..397.25 rows=99 width=125)
	  Recheck Cond: ((k >= 7421777) AND (k <= 7421877))
	  ->  Bitmap Index Scan on k_8  (cost=0.00..5.42 rows=99 width=0)
	        Index Cond: ((k >= 7421777) AND (k <= 7421877))

explain: for range-notcovered :: explain SELECT k, c FROM sbtest%d WHERE k BETWEEN 3016898 AND 3016998explain: for range-notcovered :: explain SELECT k, c FROM sbtest%d WHERE k BETWEEN 7421777 AND 7421877for range-notcovered
table 1 : explain SELECT k, c FROM sbtest1 WHERE k BETWEEN 1694003 AND 1694103
	Bitmap Heap Scan on sbtest1  (cost=5.57..444.49 rows=111 width=125)
	  Recheck Cond: ((k >= 1694003) AND (k <= 1694103))
	  ->  Bitmap Index Scan on k_1  (cost=0.00..5.54 rows=111 width=0)
	        Index Cond: ((k >= 1694003) AND (k <= 1694103))

table 2 : explain SELECT k, c FROM sbtest2 WHERE k BETWEEN 1694003 AND 1694103
	Bitmap Heap Scan on sbtest2  (cost=5.46..401.19 rows=100 width=125)
	  Recheck Cond: ((k >= 1694003) AND (k <= 1694103))
	  ->  Bitmap Index Scan on k_2  (cost=0.00..5.43 rows=100 width=0)
	        Index Cond: ((k >= 1694003) AND (k <= 1694103))

table 3 : explain SELECT k, c FROM sbtest3 WHERE k BETWEEN 1694003 AND 1694103
	Bitmap Heap Scan on sbtest3  (cost=5.44..393.31 rows=98 width=125)
	  Recheck Cond: ((k >= 1694003) AND (k <= 1694103))
	  ->  Bitmap Index Scan on k_3  (cost=0.00..5.42 rows=98 width=0)
	        Index Cond: ((k >= 1694003) AND (k <= 1694103))

table 4 : explain SELECT k, c FROM sbtest4 WHERE k BETWEEN 1694003 AND 1694103
	Bitmap Heap Scan on sbtest4  (cost=5.48..409.07 rows=102 width=125)
	  Recheck Cond: ((k >= 1694003) AND (k <= 1694103))
	  ->  Bitmap Index Scan on k_4  (cost=0.00..5.45 rows=102 width=0)
	        Index Cond: ((k >= 1694003) AND (k <= 1694103))

table 5 : explain SELECT k, c FROM sbtest5 WHERE k BETWEEN 1694003 AND 1694103
	Bitmap Heap Scan on sbtest5  (cost=5.45..397.25 rows=99 width=125)
	  Recheck Cond: ((k >= 1694003) AND (k <= 1694103))
	  ->  Bitmap Index Scan on k_5  (cost=0.00..5.42 rows=99 width=0)
	        Index Cond: ((k >= 1694003) AND (k <= 1694103))

table 6 : explain SELECT k, c FROM sbtest6 WHERE k BETWEEN 1694003 AND 1694103
	Bitmap Heap Scan on sbtest6  (cost=5.60..456.29 rows=114 width=125)
	  Recheck Cond: ((k >= 1694003) AND (k <= 1694103))
	  ->  Bitmap Index Scan on k_6  (cost=0.00..5.58 rows=114 width=0)
	        Index Cond: ((k >= 1694003) AND (k <= 1694103))

table 7 : explain SELECT k, c FROM sbtest7 WHERE k BETWEEN 1694003 AND 1694103
	Bitmap Heap Scan on sbtest7  (cost=5.51..420.88 rows=105 width=125)
	  Recheck Cond: ((k >= 1694003) AND (k <= 1694103))
	  ->  Bitmap Index Scan on k_7  (cost=0.00..5.48 rows=105 width=0)
	        Index Cond: ((k >= 1694003) AND (k <= 1694103))

table 8 : explain SELECT k, c FROM sbtest8 WHERE k BETWEEN 1694003 AND 1694103
	Bitmap Heap Scan on sbtest8  (cost=5.43..389.37 rows=97 width=125)
	  Recheck Cond: ((k >= 1694003) AND (k <= 1694103))
	  ->  Bitmap Index Scan on k_8  (cost=0.00..5.40 rows=97 width=0)
	        Index Cond: ((k >= 1694003) AND (k <= 1694103))



explain: for range-notcovered :: explain SELECT k, c FROM sbtest%d WHERE k BETWEEN 1694003 AND 1694103
explain: for range-notcovered :: explain SELECT k, c FROM sbtest%d WHERE k BETWEEN 5049292 AND 5049392
for range-notcovered
table 1 : explain SELECT k, c FROM sbtest1 WHERE k BETWEEN 7257707 AND 7257807
	Bitmap Heap Scan on sbtest1  (cost=5.50..416.94 rows=104 width=125)
	  Recheck Cond: ((k >= 7257707) AND (k <= 7257807))
	  ->  Bitmap Index Scan on k_1  (cost=0.00..5.47 rows=104 width=0)
	        Index Cond: ((k >= 7257707) AND (k <= 7257807))

table 2 : explain SELECT k, c FROM sbtest2 WHERE k BETWEEN 7257707 AND 7257807
	Bitmap Heap Scan on sbtest2  (cost=5.46..401.19 rows=100 width=125)
	  Recheck Cond: ((k >= 7257707) AND (k <= 7257807))
	  ->  Bitmap Index Scan on k_2  (cost=0.00..5.43 rows=100 width=0)
	        Index Cond: ((k >= 7257707) AND (k <= 7257807))

table 3 : explain SELECT k, c FROM sbtest3 WHERE k BETWEEN 7257707 AND 7257807
	Bitmap Heap Scan on sbtest3  (cost=5.40..377.55 rows=94 width=125)
	  Recheck Cond: ((k >= 7257707) AND (k <= 7257807))
	  ->  Bitmap Index Scan on k_3  (cost=0.00..5.38 rows=94 width=0)
	        Index Cond: ((k >= 7257707) AND (k <= 7257807))

table 4 : explain SELECT k, c FROM sbtest4 WHERE k BETWEEN 7257707 AND 7257807
	Bitmap Heap Scan on sbtest4  (cost=5.48..409.07 rows=102 width=125)
	  Recheck Cond: ((k >= 7257707) AND (k <= 7257807))
	  ->  Bitmap Index Scan on k_4  (cost=0.00..5.45 rows=102 width=0)
	        Index Cond: ((k >= 7257707) AND (k <= 7257807))

table 5 : explain SELECT k, c FROM sbtest5 WHERE k BETWEEN 7257707 AND 7257807
	Bitmap Heap Scan on sbtest5  (cost=5.50..416.94 rows=104 width=125)
	  Recheck Cond: ((k >= 7257707) AND (k <= 7257807))
	  ->  Bitmap Index Scan on k_5  (cost=0.00..5.47 rows=104 width=0)
	        Index Cond: ((k >= 7257707) AND (k <= 7257807))

table 6 : explain SELECT k, c FROM sbtest6 WHERE k BETWEEN 7257707 AND 7257807
	Bitmap Heap Scan on sbtest6  (cost=5.41..381.49 rows=95 width=125)
	  Recheck Cond: ((k >= 7257707) AND (k <= 7257807))
	  ->  Bitmap Index Scan on k_6  (cost=0.00..5.38 rows=95 width=0)
	        Index Cond: ((k >= 7257707) AND (k <= 7257807))

table 7 : explain SELECT k, c FROM sbtest7 WHERE k BETWEEN 7257707 AND 7257807
	Bitmap Heap Scan on sbtest7  (cost=5.51..420.88 rows=105 width=125)
	  Recheck Cond: ((k >= 7257707) AND (k <= 7257807))
	  ->  Bitmap Index Scan on k_7  (cost=0.00..5.48 rows=105 width=0)
	        Index Cond: ((k >= 7257707) AND (k <= 7257807))

table 8 : explain SELECT k, c FROM sbtest8 WHERE k BETWEEN 7257707 AND 7257807
	Bitmap Heap Scan on sbtest8  (cost=5.43..389.37 rows=97 width=125)
	  Recheck Cond: ((k >= 7257707) AND (k <= 7257807))
	  ->  Bitmap Index Scan on k_8  (cost=0.00..5.40 rows=97 width=0)
	        Index Cond: ((k >= 7257707) AND (k <= 7257807))

explain: for range-notcovered :: explain SELECT k, c FROM sbtest%d WHERE k BETWEEN 7257707 AND 7257807
for range-notcovered
table 1 : explain SELECT k, c FROM sbtest1 WHERE k BETWEEN 5014615 AND 5014715
	Bitmap Heap Scan on sbtest1  (cost=5.46..401.19 rows=100 width=125)
	  Recheck Cond: ((k >= 5014615) AND (k <= 5014715))
	  ->  Bitmap Index Scan on k_1  (cost=0.00..5.43 rows=100 width=0)
	        Index Cond: ((k >= 5014615) AND (k <= 5014715))

table 2 : explain SELECT k, c FROM sbtest2 WHERE k BETWEEN 5014615 AND 5014715
	Bitmap Heap Scan on sbtest2  (cost=5.49..413.00 rows=103 width=125)
	  Recheck Cond: ((k >= 5014615) AND (k <= 5014715))
	  ->  Bitmap Index Scan on k_2  (cost=0.00..5.46 rows=103 width=0)
	        Index Cond: ((k >= 5014615) AND (k <= 5014715))

table 3 : explain SELECT k, c FROM sbtest3 WHERE k BETWEEN 5014615 AND 5014715
	Bitmap Heap Scan on sbtest3  (cost=5.56..440.56 rows=110 width=125)
	  Recheck Cond: ((k >= 5014615) AND (k <= 5014715))
	  ->  Bitmap Index Scan on k_3  (cost=0.00..5.53 rows=110 width=0)
	        Index Cond: ((k >= 5014615) AND (k <= 5014715))

table 4 : explain SELECT k, c FROM sbtest4 WHERE k BETWEEN 5014615 AND 5014715
	Bitmap Heap Scan on sbtest4  (cost=5.62..464.15 rows=116 width=125)
	  Recheck Cond: ((k >= 5014615) AND (k <= 5014715))
	  ->  Bitmap Index Scan on k_4  (cost=0.00..5.59 rows=116 width=0)
	        Index Cond: ((k >= 5014615) AND (k <= 5014715))

table 5 : explain SELECT k, c FROM sbtest5 WHERE k BETWEEN 5014615 AND 5014715
	Bitmap Heap Scan on sbtest5  (cost=5.50..416.94 rows=104 width=125)
	  Recheck Cond: ((k >= 5014615) AND (k <= 5014715))
	  ->  Bitmap Index Scan on k_5  (cost=0.00..5.47 rows=104 width=0)
	        Index Cond: ((k >= 5014615) AND (k <= 5014715))

table 6 : explain SELECT k, c FROM sbtest6 WHERE k BETWEEN 5014615 AND 5014715
	Bitmap Heap Scan on sbtest6  (cost=5.48..409.07 rows=102 width=125)
	  Recheck Cond: ((k >= 5014615) AND (k <= 5014715))
	  ->  Bitmap Index Scan on k_6  (cost=0.00..5.45 rows=102 width=0)
	        Index Cond: ((k >= 5014615) AND (k <= 5014715))

table 7 : explain SELECT k, c FROM sbtest7 WHERE k BETWEEN 5014615 AND 5014715
	Bitmap Heap Scan on sbtest7  (cost=5.63..468.09 rows=117 width=125)
	  Recheck Cond: ((k >= 5014615) AND (k <= 5014715))
	  ->  Bitmap Index Scan on k_7  (cost=0.00..5.60 rows=117 width=0)
	        Index Cond: ((k >= 5014615) AND (k <= 5014715))

table 8 : explain SELECT k, c FROM sbtest8 WHERE k BETWEEN 5014615 AND 5014715
	Bitmap Heap Scan on sbtest8  (cost=5.54..432.69 rows=108 width=125)
	  Recheck Cond: ((k >= 5014615) AND (k <= 5014715))
	  ->  Bitmap Index Scan on k_8  (cost=0.00..5.51 rows=108 width=0)
	        Index Cond: ((k >= 5014615) AND (k <= 5014715))

for range-notcovered
table 1 : explain SELECT k, c FROM sbtest1 WHERE k BETWEEN 7871046 AND 7871146
	Bitmap Heap Scan on sbtest1  (cost=5.51..420.88 rows=105 width=125)
	  Recheck Cond: ((k >= 7871046) AND (k <= 7871146))
	  ->  Bitmap Index Scan on k_1  (cost=0.00..5.48 rows=105 width=0)
	        Index Cond: ((k >= 7871046) AND (k <= 7871146))

table 2 : explain SELECT k, c FROM sbtest2 WHERE k BETWEEN 7871046 AND 7871146
	Bitmap Heap Scan on sbtest2  (cost=5.52..424.81 rows=106 width=125)
	  Recheck Cond: ((k >= 7871046) AND (k <= 7871146))
	  ->  Bitmap Index Scan on k_2  (cost=0.00..5.50 rows=106 width=0)
	        Index Cond: ((k >= 7871046) AND (k <= 7871146))

table 3 : explain SELECT k, c FROM sbtest3 WHERE k BETWEEN 7871046 AND 7871146
	Bitmap Heap Scan on sbtest3  (cost=5.56..440.56 rows=110 width=125)
	  Recheck Cond: ((k >= 7871046) AND (k <= 7871146))
	  ->  Bitmap Index Scan on k_3  (cost=0.00..5.53 rows=110 width=0)
	        Index Cond: ((k >= 7871046) AND (k <= 7871146))

table 4 : explain SELECT k, c FROM sbtest4 WHERE k BETWEEN 7871046 AND 7871146
	Bitmap Heap Scan on sbtest4  (cost=5.47..405.13 rows=101 width=125)
	  Recheck Cond: ((k >= 7871046) AND (k <= 7871146))
	  ->  Bitmap Index Scan on k_4  (cost=0.00..5.44 rows=101 width=0)
	        Index Cond: ((k >= 7871046) AND (k <= 7871146))

table 5 : explain SELECT k, c FROM sbtest5 WHERE k BETWEEN 7871046 AND 7871146
	Bitmap Heap Scan on sbtest5  (cost=5.49..413.00 rows=103 width=125)
	  Recheck Cond: ((k >= 7871046) AND (k <= 7871146))
	  ->  Bitmap Index Scan on k_5  (cost=0.00..5.46 rows=103 width=0)
	        Index Cond: ((k >= 7871046) AND (k <= 7871146))

table 6 : explain SELECT k, c FROM sbtest6 WHERE k BETWEEN 7871046 AND 7871146
	Bitmap Heap Scan on sbtest6  (cost=5.46..401.19 rows=100 width=125)
	  Recheck Cond: ((k >= 7871046) AND (k <= 7871146))
	  ->  Bitmap Index Scan on k_6  (cost=0.00..5.43 rows=100 width=0)
	        Index Cond: ((k >= 7871046) AND (k <= 7871146))

table 7 : explain SELECT k, c FROM sbtest7 WHERE k BETWEEN 7871046 AND 7871146
	Bitmap Heap Scan on sbtest7  (cost=5.42..385.43 rows=96 width=125)
	  Recheck Cond: ((k >= 7871046) AND (k <= 7871146))
	  ->  Bitmap Index Scan on k_7  (cost=0.00..5.39 rows=96 width=0)
	        Index Cond: ((k >= 7871046) AND (k <= 7871146))

table 8 : explain SELECT k, c FROM sbtest8 WHERE k BETWEEN 7871046 AND 7871146
	Bitmap Heap Scan on sbtest8  (cost=5.46..401.19 rows=100 width=125)
	  Recheck Cond: ((k >= 7871046) AND (k <= 7871146))
	  ->  Bitmap Index Scan on k_8  (cost=0.00..5.43 rows=100 width=0)
	        Index Cond: ((k >= 7871046) AND (k <= 7871146))

for range-notcovered
table 1 : explain SELECT k, c FROM sbtest1 WHERE k BETWEEN 2076636 AND 2076736
	Bitmap Heap Scan on sbtest1  (cost=5.52..424.81 rows=106 width=125)
	  Recheck Cond: ((k >= 2076636) AND (k <= 2076736))
	  ->  Bitmap Index Scan on k_1  (cost=0.00..5.50 rows=106 width=0)
	        Index Cond: ((k >= 2076636) AND (k <= 2076736))

table 2 : explain SELECT k, c FROM sbtest2 WHERE k BETWEEN 2076636 AND 2076736
	Bitmap Heap Scan on sbtest2  (cost=5.48..409.07 rows=102 width=125)
	  Recheck Cond: ((k >= 2076636) AND (k <= 2076736))
	  ->  Bitmap Index Scan on k_2  (cost=0.00..5.45 rows=102 width=0)
	        Index Cond: ((k >= 2076636) AND (k <= 2076736))

table 3 : explain SELECT k, c FROM sbtest3 WHERE k BETWEEN 2076636 AND 2076736
	Bitmap Heap Scan on sbtest3  (cost=5.48..409.07 rows=102 width=125)
	  Recheck Cond: ((k >= 2076636) AND (k <= 2076736))
	  ->  Bitmap Index Scan on k_3  (cost=0.00..5.45 rows=102 width=0)
	        Index Cond: ((k >= 2076636) AND (k <= 2076736))

table 4 : explain SELECT k, c FROM sbtest4 WHERE k BETWEEN 2076636 AND 2076736
	Bitmap Heap Scan on sbtest4  (cost=5.50..416.94 rows=104 width=125)
	  Recheck Cond: ((k >= 2076636) AND (k <= 2076736))
	  ->  Bitmap Index Scan on k_4  (cost=0.00..5.47 rows=104 width=0)
	        Index Cond: ((k >= 2076636) AND (k <= 2076736))

table 5 : explain SELECT k, c FROM sbtest5 WHERE k BETWEEN 2076636 AND 2076736
	Bitmap Heap Scan on sbtest5  (cost=5.55..436.62 rows=109 width=125)
	  Recheck Cond: ((k >= 2076636) AND (k <= 2076736))
	  ->  Bitmap Index Scan on k_5  (cost=0.00..5.52 rows=109 width=0)
	        Index Cond: ((k >= 2076636) AND (k <= 2076736))

table 6 : explain SELECT k, c FROM sbtest6 WHERE k BETWEEN 2076636 AND 2076736
	Bitmap Heap Scan on sbtest6  (cost=5.47..405.13 rows=101 width=125)
	  Recheck Cond: ((k >= 2076636) AND (k <= 2076736))
	  ->  Bitmap Index Scan on k_6  (cost=0.00..5.44 rows=101 width=0)
	        Index Cond: ((k >= 2076636) AND (k <= 2076736))

table 7 : explain SELECT k, c FROM sbtest7 WHERE k BETWEEN 2076636 AND 2076736
	Bitmap Heap Scan on sbtest7  (cost=5.43..389.37 rows=97 width=125)
	  Recheck Cond: ((k >= 2076636) AND (k <= 2076736))
	  ->  Bitmap Index Scan on k_7  (cost=0.00..5.40 rows=97 width=0)
	        Index Cond: ((k >= 2076636) AND (k <= 2076736))

table 8 : explain SELECT k, c FROM sbtest8 WHERE k BETWEEN 2076636 AND 2076736
	Bitmap Heap Scan on sbtest8  (cost=5.54..432.69 rows=108 width=125)
	  Recheck Cond: ((k >= 2076636) AND (k <= 2076736))
	  ->  Bitmap Index Scan on k_8  (cost=0.00..5.51 rows=108 width=0)
	        Index Cond: ((k >= 2076636) AND (k <= 2076736))

for range-notcovered
table 1 : explain SELECT k, c FROM sbtest1 WHERE k BETWEEN 6751842 AND 6751942
	Bitmap Heap Scan on sbtest1  (cost=5.49..413.00 rows=103 width=125)
	  Recheck Cond: ((k >= 6751842) AND (k <= 6751942))
	  ->  Bitmap Index Scan on k_1  (cost=0.00..5.46 rows=103 width=0)
	        Index Cond: ((k >= 6751842) AND (k <= 6751942))

table 2 : explain SELECT k, c FROM sbtest2 WHERE k BETWEEN 6751842 AND 6751942
	Bitmap Heap Scan on sbtest2  (cost=5.51..420.88 rows=105 width=125)
	  Recheck Cond: ((k >= 6751842) AND (k <= 6751942))
	  ->  Bitmap Index Scan on k_2  (cost=0.00..5.48 rows=105 width=0)
	        Index Cond: ((k >= 6751842) AND (k <= 6751942))

table 3 : explain SELECT k, c FROM sbtest3 WHERE k BETWEEN 6751842 AND 6751942
	Bitmap Heap Scan on sbtest3  (cost=5.56..440.56 rows=110 width=125)
	  Recheck Cond: ((k >= 6751842) AND (k <= 6751942))
	  ->  Bitmap Index Scan on k_3  (cost=0.00..5.53 rows=110 width=0)
	        Index Cond: ((k >= 6751842) AND (k <= 6751942))

table 4 : explain SELECT k, c FROM sbtest4 WHERE k BETWEEN 6751842 AND 6751942
	Bitmap Heap Scan on sbtest4  (cost=5.59..452.36 rows=113 width=125)
	  Recheck Cond: ((k >= 6751842) AND (k <= 6751942))
	  ->  Bitmap Index Scan on k_4  (cost=0.00..5.56 rows=113 width=0)
	        Index Cond: ((k >= 6751842) AND (k <= 6751942))

table 5 : explain SELECT k, c FROM sbtest5 WHERE k BETWEEN 6751842 AND 6751942
	Bitmap Heap Scan on sbtest5  (cost=5.49..413.00 rows=103 width=125)
	  Recheck Cond: ((k >= 6751842) AND (k <= 6751942))
	  ->  Bitmap Index Scan on k_5  (cost=0.00..5.46 rows=103 width=0)
	        Index Cond: ((k >= 6751842) AND (k <= 6751942))

table 6 : explain SELECT k, c FROM sbtest6 WHERE k BETWEEN 6751842 AND 6751942
	Bitmap Heap Scan on sbtest6  (cost=5.49..413.00 rows=103 width=125)
	  Recheck Cond: ((k >= 6751842) AND (k <= 6751942))
	  ->  Bitmap Index Scan on k_6  (cost=0.00..5.46 rows=103 width=0)
	        Index Cond: ((k >= 6751842) AND (k <= 6751942))

table 7 : explain SELECT k, c FROM sbtest7 WHERE k BETWEEN 6751842 AND 6751942
	Bitmap Heap Scan on sbtest7  (cost=5.39..373.61 rows=93 width=125)
	  Recheck Cond: ((k >= 6751842) AND (k <= 6751942))
	  ->  Bitmap Index Scan on k_7  (cost=0.00..5.36 rows=93 width=0)
	        Index Cond: ((k >= 6751842) AND (k <= 6751942))

table 8 : explain SELECT k, c FROM sbtest8 WHERE k BETWEEN 6751842 AND 6751942
	Bitmap Heap Scan on sbtest8  (cost=5.52..424.81 rows=106 width=125)
	  Recheck Cond: ((k >= 6751842) AND (k <= 6751942))
	  ->  Bitmap Index Scan on k_8  (cost=0.00..5.50 rows=106 width=0)
	        Index Cond: ((k >= 6751842) AND (k <= 6751942))

for range-notcovered
table 1 : explain SELECT k, c FROM sbtest1 WHERE k BETWEEN 7421777 AND 7421877
	Bitmap Heap Scan on sbtest1  (cost=5.40..377.55 rows=94 width=125)
	  Recheck Cond: ((k >= 7421777) AND (k <= 7421877))
	  ->  Bitmap Index Scan on k_1  (cost=0.00..5.38 rows=94 width=0)
	        Index Cond: ((k >= 7421777) AND (k <= 7421877))

table 2 : explain SELECT k, c FROM sbtest2 WHERE k BETWEEN 7421777 AND 7421877
	Bitmap Heap Scan on sbtest2  (cost=5.48..409.07 rows=102 width=125)
	  Recheck Cond: ((k >= 7421777) AND (k <= 7421877))
	  ->  Bitmap Index Scan on k_2  (cost=0.00..5.45 rows=102 width=0)
	        Index Cond: ((k >= 7421777) AND (k <= 7421877))

table 3 : explain SELECT k, c FROM sbtest3 WHERE k BETWEEN 7421777 AND 7421877
	Bitmap Heap Scan on sbtest3  (cost=5.36..361.78 rows=90 width=125)
	  Recheck Cond: ((k >= 7421777) AND (k <= 7421877))
	  ->  Bitmap Index Scan on k_3  (cost=0.00..5.33 rows=90 width=0)
	        Index Cond: ((k >= 7421777) AND (k <= 7421877))

table 4 : explain SELECT k, c FROM sbtest4 WHERE k BETWEEN 7421777 AND 7421877
	Bitmap Heap Scan on sbtest4  (cost=5.44..393.31 rows=98 width=125)
	  Recheck Cond: ((k >= 7421777) AND (k <= 7421877))
	  ->  Bitmap Index Scan on k_4  (cost=0.00..5.42 rows=98 width=0)
	        Index Cond: ((k >= 7421777) AND (k <= 7421877))

table 5 : explain SELECT k, c FROM sbtest5 WHERE k BETWEEN 7421777 AND 7421877
	Bitmap Heap Scan on sbtest5  (cost=5.49..413.00 rows=103 width=125)
	  Recheck Cond: ((k >= 7421777) AND (k <= 7421877))
	  ->  Bitmap Index Scan on k_5  (cost=0.00..5.46 rows=103 width=0)
	        Index Cond: ((k >= 7421777) AND (k <= 7421877))

table 6 : explain SELECT k, c FROM sbtest6 WHERE k BETWEEN 7421777 AND 7421877
	Bitmap Heap Scan on sbtest6  (cost=5.44..393.31 rows=98 width=125)
	  Recheck Cond: ((k >= 7421777) AND (k <= 7421877))
	  ->  Bitmap Index Scan on k_6  (cost=0.00..5.42 rows=98 width=0)
	        Index Cond: ((k >= 7421777) AND (k <= 7421877))

table 7 : explain SELECT k, c FROM sbtest7 WHERE k BETWEEN 7421777 AND 7421877
	Bitmap Heap Scan on sbtest7  (cost=5.44..393.31 rows=98 width=125)
	  Recheck Cond: ((k >= 7421777) AND (k <= 7421877))
	  ->  Bitmap Index Scan on k_7  (cost=0.00..5.42 rows=98 width=0)
	        Index Cond: ((k >= 7421777) AND (k <= 7421877))

table 8 : explain SELECT k, c FROM sbtest8 WHERE k BETWEEN 7421777 AND 7421877
	Bitmap Heap Scan on sbtest8  (cost=5.45..397.25 rows=99 width=125)
	  Recheck Cond: ((k >= 7421777) AND (k <= 7421877))
	  ->  Bitmap Index Scan on k_8  (cost=0.00..5.42 rows=99 width=0)
	        Index Cond: ((k >= 7421777) AND (k <= 7421877))

for range-notcovered
table 1 : explain SELECT k, c FROM sbtest1 WHERE k BETWEEN 7257707 AND 7257807
	Bitmap Heap Scan on sbtest1  (cost=5.50..416.94 rows=104 width=125)
	  Recheck Cond: ((k >= 7257707) AND (k <= 7257807))
	  ->  Bitmap Index Scan on k_1  (cost=0.00..5.47 rows=104 width=0)
	        Index Cond: ((k >= 7257707) AND (k <= 7257807))

table 2 : explain SELECT k, c FROM sbtest2 WHERE k BETWEEN 7257707 AND 7257807
	Bitmap Heap Scan on sbtest2  (cost=5.46..401.19 rows=100 width=125)
	  Recheck Cond: ((k >= 7257707) AND (k <= 7257807))
	  ->  Bitmap Index Scan on k_2  (cost=0.00..5.43 rows=100 width=0)
	        Index Cond: ((k >= 7257707) AND (k <= 7257807))

table 3 : explain SELECT k, c FROM sbtest3 WHERE k BETWEEN 7257707 AND 7257807
	Bitmap Heap Scan on sbtest3  (cost=5.40..377.55 rows=94 width=125)
	  Recheck Cond: ((k >= 7257707) AND (k <= 7257807))
	  ->  Bitmap Index Scan on k_3  (cost=0.00..5.38 rows=94 width=0)
	        Index Cond: ((k >= 7257707) AND (k <= 7257807))

table 4 : explain SELECT k, c FROM sbtest4 WHERE k BETWEEN 7257707 AND 7257807
	Bitmap Heap Scan on sbtest4  (cost=5.48..409.07 rows=102 width=125)
	  Recheck Cond: ((k >= 7257707) AND (k <= 7257807))
	  ->  Bitmap Index Scan on k_4  (cost=0.00..5.45 rows=102 width=0)
	        Index Cond: ((k >= 7257707) AND (k <= 7257807))

table 5 : explain SELECT k, c FROM sbtest5 WHERE k BETWEEN 7257707 AND 7257807
	Bitmap Heap Scan on sbtest5  (cost=5.50..416.94 rows=104 width=125)
	  Recheck Cond: ((k >= 7257707) AND (k <= 7257807))
	  ->  Bitmap Index Scan on k_5  (cost=0.00..5.47 rows=104 width=0)
	        Index Cond: ((k >= 7257707) AND (k <= 7257807))

table 6 : explain SELECT k, c FROM sbtest6 WHERE k BETWEEN 7257707 AND 7257807
	Bitmap Heap Scan on sbtest6  (cost=5.41..381.49 rows=95 width=125)
	  Recheck Cond: ((k >= 7257707) AND (k <= 7257807))
	  ->  Bitmap Index Scan on k_6  (cost=0.00..5.38 rows=95 width=0)
	        Index Cond: ((k >= 7257707) AND (k <= 7257807))

table 7 : explain SELECT k, c FROM sbtest7 WHERE k BETWEEN 7257707 AND 7257807
	Bitmap Heap Scan on sbtest7  (cost=5.51..420.88 rows=105 width=125)
	  Recheck Cond: ((k >= 7257707) AND (k <= 7257807))
	  ->  Bitmap Index Scan on k_7  (cost=0.00..5.48 rows=105 width=0)
	        Index Cond: ((k >= 7257707) AND (k <= 7257807))

table 8 : explain SELECT k, c FROM sbtest8 WHERE k BETWEEN 7257707 AND 7257807
	Bitmap Heap Scan on sbtest8  (cost=5.43..389.37 rows=97 width=125)
	  Recheck Cond: ((k >= 7257707) AND (k <= 7257807))
	  ->  Bitmap Index Scan on k_8  (cost=0.00..5.40 rows=97 width=0)
	        Index Cond: ((k >= 7257707) AND (k <= 7257807))

explain: for range-notcovered :: explain SELECT k, c FROM sbtest%d WHERE k BETWEEN 7421777 AND 7421877
explain: for range-notcovered :: explain SELECT k, c FROM sbtest%d WHERE k BETWEEN 6751842 AND 6751942
explain: for range-notcovered :: explain SELECT k, c FROM sbtest%d WHERE k BETWEEN 7871046 AND 7871146
for range-notcovered
table 1 : explain SELECT k, c FROM sbtest1 WHERE k BETWEEN 4712949 AND 4713049
	Bitmap Heap Scan on sbtest1  (cost=5.44..393.31 rows=98 width=125)
	  Recheck Cond: ((k >= 4712949) AND (k <= 4713049))
	  ->  Bitmap Index Scan on k_1  (cost=0.00..5.42 rows=98 width=0)
	        Index Cond: ((k >= 4712949) AND (k <= 4713049))

table 2 : explain SELECT k, c FROM sbtest2 WHERE k BETWEEN 4712949 AND 4713049
	Bitmap Heap Scan on sbtest2  (cost=5.48..409.07 rows=102 width=125)
	  Recheck Cond: ((k >= 4712949) AND (k <= 4713049))
	  ->  Bitmap Index Scan on k_2  (cost=0.00..5.45 rows=102 width=0)
	        Index Cond: ((k >= 4712949) AND (k <= 4713049))

table 3 : explain SELECT k, c FROM sbtest3 WHERE k BETWEEN 4712949 AND 4713049
	Bitmap Heap Scan on sbtest3  (cost=5.50..416.94 rows=104 width=125)
	  Recheck Cond: ((k >= 4712949) AND (k <= 4713049))
	  ->  Bitmap Index Scan on k_3  (cost=0.00..5.47 rows=104 width=0)
	        Index Cond: ((k >= 4712949) AND (k <= 4713049))

table 4 : explain SELECT k, c FROM sbtest4 WHERE k BETWEEN 4712949 AND 4713049
	Bitmap Heap Scan on sbtest4  (cost=5.54..432.69 rows=108 width=125)
	  Recheck Cond: ((k >= 4712949) AND (k <= 4713049))
	  ->  Bitmap Index Scan on k_4  (cost=0.00..5.51 rows=108 width=0)
	        Index Cond: ((k >= 4712949) AND (k <= 4713049))

table 5 : explain SELECT k, c FROM sbtest5 WHERE k BETWEEN 4712949 AND 4713049
	Bitmap Heap Scan on sbtest5  (cost=5.46..401.19 rows=100 width=125)
	  Recheck Cond: ((k >= 4712949) AND (k <= 4713049))
	  ->  Bitmap Index Scan on k_5  (cost=0.00..5.43 rows=100 width=0)
	        Index Cond: ((k >= 4712949) AND (k <= 4713049))

table 6 : explain SELECT k, c FROM sbtest6 WHERE k BETWEEN 4712949 AND 4713049
	Bitmap Heap Scan on sbtest6  (cost=5.45..397.25 rows=99 width=125)
	  Recheck Cond: ((k >= 4712949) AND (k <= 4713049))
	  ->  Bitmap Index Scan on k_6  (cost=0.00..5.42 rows=99 width=0)
	        Index Cond: ((k >= 4712949) AND (k <= 4713049))

table 7 : explain SELECT k, c FROM sbtest7 WHERE k BETWEEN 4712949 AND 4713049
	Bitmap Heap Scan on sbtest7  (cost=5.44..393.31 rows=98 width=125)
	  Recheck Cond: ((k >= 4712949) AND (k <= 4713049))
	  ->  Bitmap Index Scan on k_7  (cost=0.00..5.42 rows=98 width=0)
	        Index Cond: ((k >= 4712949) AND (k <= 4713049))

table 8 : explain SELECT k, c FROM sbtest8 WHERE k BETWEEN 4712949 AND 4713049
	Bitmap Heap Scan on sbtest8  (cost=5.50..416.94 rows=104 width=125)
	  Recheck Cond: ((k >= 4712949) AND (k <= 4713049))
	  ->  Bitmap Index Scan on k_8  (cost=0.00..5.47 rows=104 width=0)
	        Index Cond: ((k >= 4712949) AND (k <= 4713049))

explain: for range-notcovered :: explain SELECT k, c FROM sbtest%d WHERE k BETWEEN 7471722 AND 7471822
for range-notcovered
table 1 : explain SELECT k, c FROM sbtest1 WHERE k BETWEEN 1694003 AND 1694103
	Bitmap Heap Scan on sbtest1  (cost=5.57..444.49 rows=111 width=125)
	  Recheck Cond: ((k >= 1694003) AND (k <= 1694103))
	  ->  Bitmap Index Scan on k_1  (cost=0.00..5.54 rows=111 width=0)
	        Index Cond: ((k >= 1694003) AND (k <= 1694103))

table 2 : explain SELECT k, c FROM sbtest2 WHERE k BETWEEN 1694003 AND 1694103
	Bitmap Heap Scan on sbtest2  (cost=5.46..401.19 rows=100 width=125)
	  Recheck Cond: ((k >= 1694003) AND (k <= 1694103))
	  ->  Bitmap Index Scan on k_2  (cost=0.00..5.43 rows=100 width=0)
	        Index Cond: ((k >= 1694003) AND (k <= 1694103))

table 3 : explain SELECT k, c FROM sbtest3 WHERE k BETWEEN 1694003 AND 1694103
	Bitmap Heap Scan on sbtest3  (cost=5.44..393.31 rows=98 width=125)
	  Recheck Cond: ((k >= 1694003) AND (k <= 1694103))
	  ->  Bitmap Index Scan on k_3  (cost=0.00..5.42 rows=98 width=0)
	        Index Cond: ((k >= 1694003) AND (k <= 1694103))

table 4 : explain SELECT k, c FROM sbtest4 WHERE k BETWEEN 1694003 AND 1694103
	Bitmap Heap Scan on sbtest4  (cost=5.48..409.07 rows=102 width=125)
	  Recheck Cond: ((k >= 1694003) AND (k <= 1694103))
	  ->  Bitmap Index Scan on k_4  (cost=0.00..5.45 rows=102 width=0)
	        Index Cond: ((k >= 1694003) AND (k <= 1694103))

table 5 : explain SELECT k, c FROM sbtest5 WHERE k BETWEEN 1694003 AND 1694103
	Bitmap Heap Scan on sbtest5  (cost=5.45..397.25 rows=99 width=125)
	  Recheck Cond: ((k >= 1694003) AND (k <= 1694103))
	  ->  Bitmap Index Scan on k_5  (cost=0.00..5.42 rows=99 width=0)
	        Index Cond: ((k >= 1694003) AND (k <= 1694103))

table 6 : explain SELECT k, c FROM sbtest6 WHERE k BETWEEN 1694003 AND 1694103
	Bitmap Heap Scan on sbtest6  (cost=5.60..456.29 rows=114 width=125)
	  Recheck Cond: ((k >= 1694003) AND (k <= 1694103))
	  ->  Bitmap Index Scan on k_6  (cost=0.00..5.58 rows=114 width=0)
	        Index Cond: ((k >= 1694003) AND (k <= 1694103))

table 7 : explain SELECT k, c FROM sbtest7 WHERE k BETWEEN 1694003 AND 1694103
	Bitmap Heap Scan on sbtest7  (cost=5.51..420.88 rows=105 width=125)
	  Recheck Cond: ((k >= 1694003) AND (k <= 1694103))
	  ->  Bitmap Index Scan on k_7  (cost=0.00..5.48 rows=105 width=0)
	        Index Cond: ((k >= 1694003) AND (k <= 1694103))

table 8 : explain SELECT k, c FROM sbtest8 WHERE k BETWEEN 1694003 AND 1694103
	Bitmap Heap Scan on sbtest8  (cost=5.43..389.37 rows=97 width=125)
	  Recheck Cond: ((k >= 1694003) AND (k <= 1694103))
	  ->  Bitmap Index Scan on k_8  (cost=0.00..5.40 rows=97 width=0)
	        Index Cond: ((k >= 1694003) AND (k <= 1694103))

explain: for range-notcovered :: explain SELECT k, c FROM sbtest%d WHERE k BETWEEN 4712949 AND 4713049
for range-notcovered
table 1 : explain SELECT k, c FROM sbtest1 WHERE k BETWEEN 5049292 AND 5049392
	Bitmap Heap Scan on sbtest1  (cost=5.50..416.94 rows=104 width=125)
	  Recheck Cond: ((k >= 5049292) AND (k <= 5049392))
	  ->  Bitmap Index Scan on k_1  (cost=0.00..5.47 rows=104 width=0)
	        Index Cond: ((k >= 5049292) AND (k <= 5049392))

table 2 : explain SELECT k, c FROM sbtest2 WHERE k BETWEEN 5049292 AND 5049392
	Bitmap Heap Scan on sbtest2  (cost=5.49..413.00 rows=103 width=125)
	  Recheck Cond: ((k >= 5049292) AND (k <= 5049392))
	  ->  Bitmap Index Scan on k_2  (cost=0.00..5.46 rows=103 width=0)
	        Index Cond: ((k >= 5049292) AND (k <= 5049392))

table 3 : explain SELECT k, c FROM sbtest3 WHERE k BETWEEN 5049292 AND 5049392
	Bitmap Heap Scan on sbtest3  (cost=5.56..440.56 rows=110 width=125)
	  Recheck Cond: ((k >= 5049292) AND (k <= 5049392))
	  ->  Bitmap Index Scan on k_3  (cost=0.00..5.53 rows=110 width=0)
	        Index Cond: ((k >= 5049292) AND (k <= 5049392))

table 4 : explain SELECT k, c FROM sbtest4 WHERE k BETWEEN 5049292 AND 5049392
	Bitmap Heap Scan on sbtest4  (cost=5.62..464.15 rows=116 width=125)
	  Recheck Cond: ((k >= 5049292) AND (k <= 5049392))
	  ->  Bitmap Index Scan on k_4  (cost=0.00..5.59 rows=116 width=0)
	        Index Cond: ((k >= 5049292) AND (k <= 5049392))

table 5 : explain SELECT k, c FROM sbtest5 WHERE k BETWEEN 5049292 AND 5049392
	Bitmap Heap Scan on sbtest5  (cost=5.50..416.94 rows=104 width=125)
	  Recheck Cond: ((k >= 5049292) AND (k <= 5049392))
	  ->  Bitmap Index Scan on k_5  (cost=0.00..5.47 rows=104 width=0)
	        Index Cond: ((k >= 5049292) AND (k <= 5049392))

table 6 : explain SELECT k, c FROM sbtest6 WHERE k BETWEEN 5049292 AND 5049392
	Bitmap Heap Scan on sbtest6  (cost=5.53..428.75 rows=107 width=125)
	  Recheck Cond: ((k >= 5049292) AND (k <= 5049392))
	  ->  Bitmap Index Scan on k_6  (cost=0.00..5.50 rows=107 width=0)
	        Index Cond: ((k >= 5049292) AND (k <= 5049392))

table 7 : explain SELECT k, c FROM sbtest7 WHERE k BETWEEN 5049292 AND 5049392
	Bitmap Heap Scan on sbtest7  (cost=5.63..468.09 rows=117 width=125)
	  Recheck Cond: ((k >= 5049292) AND (k <= 5049392))
	  ->  Bitmap Index Scan on k_7  (cost=0.00..5.60 rows=117 width=0)
	        Index Cond: ((k >= 5049292) AND (k <= 5049392))

table 8 : explain SELECT k, c FROM sbtest8 WHERE k BETWEEN 5049292 AND 5049392
	Bitmap Heap Scan on sbtest8  (cost=5.54..432.69 rows=108 width=125)
	  Recheck Cond: ((k >= 5049292) AND (k <= 5049392))
	  ->  Bitmap Index Scan on k_8  (cost=0.00..5.51 rows=108 width=0)
	        Index Cond: ((k >= 5049292) AND (k <= 5049392))

for range-notcovered
table 1 : explain SELECT k, c FROM sbtest1 WHERE k BETWEEN 7421777 AND 7421877
	Bitmap Heap Scan on sbtest1  (cost=5.40..377.55 rows=94 width=125)
	  Recheck Cond: ((k >= 7421777) AND (k <= 7421877))
	  ->  Bitmap Index Scan on k_1  (cost=0.00..5.38 rows=94 width=0)
	        Index Cond: ((k >= 7421777) AND (k <= 7421877))

table 2 : explain SELECT k, c FROM sbtest2 WHERE k BETWEEN 7421777 AND 7421877
	Bitmap Heap Scan on sbtest2  (cost=5.48..409.07 rows=102 width=125)
	  Recheck Cond: ((k >= 7421777) AND (k <= 7421877))
	  ->  Bitmap Index Scan on k_2  (cost=0.00..5.45 rows=102 width=0)
	        Index Cond: ((k >= 7421777) AND (k <= 7421877))

table 3 : explain SELECT k, c FROM sbtest3 WHERE k BETWEEN 7421777 AND 7421877
	Bitmap Heap Scan on sbtest3  (cost=5.36..361.78 rows=90 width=125)
	  Recheck Cond: ((k >= 7421777) AND (k <= 7421877))
	  ->  Bitmap Index Scan on k_3  (cost=0.00..5.33 rows=90 width=0)
	        Index Cond: ((k >= 7421777) AND (k <= 7421877))

table 4 : explain SELECT k, c FROM sbtest4 WHERE k BETWEEN 7421777 AND 7421877
	Bitmap Heap Scan on sbtest4  (cost=5.44..393.31 rows=98 width=125)
	  Recheck Cond: ((k >= 7421777) AND (k <= 7421877))
	  ->  Bitmap Index Scan on k_4  (cost=0.00..5.42 rows=98 width=0)
	        Index Cond: ((k >= 7421777) AND (k <= 7421877))

table 5 : explain SELECT k, c FROM sbtest5 WHERE k BETWEEN 7421777 AND 7421877
	Bitmap Heap Scan on sbtest5  (cost=5.49..413.00 rows=103 width=125)
	  Recheck Cond: ((k >= 7421777) AND (k <= 7421877))
	  ->  Bitmap Index Scan on k_5  (cost=0.00..5.46 rows=103 width=0)
	        Index Cond: ((k >= 7421777) AND (k <= 7421877))

table 6 : explain SELECT k, c FROM sbtest6 WHERE k BETWEEN 7421777 AND 7421877
	Bitmap Heap Scan on sbtest6  (cost=5.44..393.31 rows=98 width=125)
	  Recheck Cond: ((k >= 7421777) AND (k <= 7421877))
	  ->  Bitmap Index Scan on k_6  (cost=0.00..5.42 rows=98 width=0)
	        Index Cond: ((k >= 7421777) AND (k <= 7421877))

table 7 : explain SELECT k, c FROM sbtest7 WHERE k BETWEEN 7421777 AND 7421877
	Bitmap Heap Scan on sbtest7  (cost=5.44..393.31 rows=98 width=125)
	  Recheck Cond: ((k >= 7421777) AND (k <= 7421877))
	  ->  Bitmap Index Scan on k_7  (cost=0.00..5.42 rows=98 width=0)
	        Index Cond: ((k >= 7421777) AND (k <= 7421877))

table 8 : explain SELECT k, c FROM sbtest8 WHERE k BETWEEN 7421777 AND 7421877
	Bitmap Heap Scan on sbtest8  (cost=5.45..397.25 rows=99 width=125)
	  Recheck Cond: ((k >= 7421777) AND (k <= 7421877))
	  ->  Bitmap Index Scan on k_8  (cost=0.00..5.42 rows=99 width=0)
	        Index Cond: ((k >= 7421777) AND (k <= 7421877))

explain: for range-notcovered :: explain SELECT k, c FROM sbtest%d WHERE k BETWEEN 1694003 AND 1694103
explain: for range-notcovered :: explain SELECT k, c FROM sbtest%d WHERE k BETWEEN 7421777 AND 7421877
explain: for range-notcovered :: explain SELECT k, c FROM sbtest%d WHERE k BETWEEN 5049292 AND 5049392
for range-notcovered
table 1 : explain SELECT k, c FROM sbtest1 WHERE k BETWEEN 6751842 AND 6751942
	Bitmap Heap Scan on sbtest1  (cost=5.49..413.00 rows=103 width=125)
	  Recheck Cond: ((k >= 6751842) AND (k <= 6751942))
	  ->  Bitmap Index Scan on k_1  (cost=0.00..5.46 rows=103 width=0)
	        Index Cond: ((k >= 6751842) AND (k <= 6751942))

table 2 : explain SELECT k, c FROM sbtest2 WHERE k BETWEEN 6751842 AND 6751942
	Bitmap Heap Scan on sbtest2  (cost=5.51..420.88 rows=105 width=125)
	  Recheck Cond: ((k >= 6751842) AND (k <= 6751942))
	  ->  Bitmap Index Scan on k_2  (cost=0.00..5.48 rows=105 width=0)
	        Index Cond: ((k >= 6751842) AND (k <= 6751942))

table 3 : explain SELECT k, c FROM sbtest3 WHERE k BETWEEN 6751842 AND 6751942
	Bitmap Heap Scan on sbtest3  (cost=5.56..440.56 rows=110 width=125)
	  Recheck Cond: ((k >= 6751842) AND (k <= 6751942))
	  ->  Bitmap Index Scan on k_3  (cost=0.00..5.53 rows=110 width=0)
	        Index Cond: ((k >= 6751842) AND (k <= 6751942))

table 4 : explain SELECT k, c FROM sbtest4 WHERE k BETWEEN 6751842 AND 6751942
	Bitmap Heap Scan on sbtest4  (cost=5.59..452.36 rows=113 width=125)
	  Recheck Cond: ((k >= 6751842) AND (k <= 6751942))
	  ->  Bitmap Index Scan on k_4  (cost=0.00..5.56 rows=113 width=0)
	        Index Cond: ((k >= 6751842) AND (k <= 6751942))

table 5 : explain SELECT k, c FROM sbtest5 WHERE k BETWEEN 6751842 AND 6751942
	Bitmap Heap Scan on sbtest5  (cost=5.49..413.00 rows=103 width=125)
	  Recheck Cond: ((k >= 6751842) AND (k <= 6751942))
	  ->  Bitmap Index Scan on k_5  (cost=0.00..5.46 rows=103 width=0)
	        Index Cond: ((k >= 6751842) AND (k <= 6751942))

table 6 : explain SELECT k, c FROM sbtest6 WHERE k BETWEEN 6751842 AND 6751942
	Bitmap Heap Scan on sbtest6  (cost=5.49..413.00 rows=103 width=125)
	  Recheck Cond: ((k >= 6751842) AND (k <= 6751942))
	  ->  Bitmap Index Scan on k_6  (cost=0.00..5.46 rows=103 width=0)
	        Index Cond: ((k >= 6751842) AND (k <= 6751942))

table 7 : explain SELECT k, c FROM sbtest7 WHERE k BETWEEN 6751842 AND 6751942
	Bitmap Heap Scan on sbtest7  (cost=5.39..373.61 rows=93 width=125)
	  Recheck Cond: ((k >= 6751842) AND (k <= 6751942))
	  ->  Bitmap Index Scan on k_7  (cost=0.00..5.36 rows=93 width=0)
	        Index Cond: ((k >= 6751842) AND (k <= 6751942))

table 8 : explain SELECT k, c FROM sbtest8 WHERE k BETWEEN 6751842 AND 6751942
	Bitmap Heap Scan on sbtest8  (cost=5.52..424.81 rows=106 width=125)
	  Recheck Cond: ((k >= 6751842) AND (k <= 6751942))
	  ->  Bitmap Index Scan on k_8  (cost=0.00..5.50 rows=106 width=0)
	        Index Cond: ((k >= 6751842) AND (k <= 6751942))

explain: for range-notcovered :: explain SELECT k, c FROM sbtest%d WHERE k BETWEEN 6751842 AND 6751942
explain: for range-notcovered :: explain SELECT k, c FROM sbtest%d WHERE k BETWEEN 7436501 AND 7436601
for range-notcovered
table 1 : explain SELECT k, c FROM sbtest1 WHERE k BETWEEN 4712949 AND 4713049
	Bitmap Heap Scan on sbtest1  (cost=5.44..393.31 rows=98 width=125)
	  Recheck Cond: ((k >= 4712949) AND (k <= 4713049))
	  ->  Bitmap Index Scan on k_1  (cost=0.00..5.42 rows=98 width=0)
	        Index Cond: ((k >= 4712949) AND (k <= 4713049))

table 2 : explain SELECT k, c FROM sbtest2 WHERE k BETWEEN 4712949 AND 4713049
	Bitmap Heap Scan on sbtest2  (cost=5.48..409.07 rows=102 width=125)
	  Recheck Cond: ((k >= 4712949) AND (k <= 4713049))
	  ->  Bitmap Index Scan on k_2  (cost=0.00..5.45 rows=102 width=0)
	        Index Cond: ((k >= 4712949) AND (k <= 4713049))

table 3 : explain SELECT k, c FROM sbtest3 WHERE k BETWEEN 4712949 AND 4713049
	Bitmap Heap Scan on sbtest3  (cost=5.50..416.94 rows=104 width=125)
	  Recheck Cond: ((k >= 4712949) AND (k <= 4713049))
	  ->  Bitmap Index Scan on k_3  (cost=0.00..5.47 rows=104 width=0)
	        Index Cond: ((k >= 4712949) AND (k <= 4713049))

table 4 : explain SELECT k, c FROM sbtest4 WHERE k BETWEEN 4712949 AND 4713049
	Bitmap Heap Scan on sbtest4  (cost=5.54..432.69 rows=108 width=125)
	  Recheck Cond: ((k >= 4712949) AND (k <= 4713049))
	  ->  Bitmap Index Scan on k_4  (cost=0.00..5.51 rows=108 width=0)
	        Index Cond: ((k >= 4712949) AND (k <= 4713049))

table 5 : explain SELECT k, c FROM sbtest5 WHERE k BETWEEN 4712949 AND 4713049
	Bitmap Heap Scan on sbtest5  (cost=5.46..401.19 rows=100 width=125)
	  Recheck Cond: ((k >= 4712949) AND (k <= 4713049))
	  ->  Bitmap Index Scan on k_5  (cost=0.00..5.43 rows=100 width=0)
	        Index Cond: ((k >= 4712949) AND (k <= 4713049))

table 6 : explain SELECT k, c FROM sbtest6 WHERE k BETWEEN 4712949 AND 4713049
	Bitmap Heap Scan on sbtest6  (cost=5.45..397.25 rows=99 width=125)
	  Recheck Cond: ((k >= 4712949) AND (k <= 4713049))
	  ->  Bitmap Index Scan on k_6  (cost=0.00..5.42 rows=99 width=0)
	        Index Cond: ((k >= 4712949) AND (k <= 4713049))

table 7 : explain SELECT k, c FROM sbtest7 WHERE k BETWEEN 4712949 AND 4713049
	Bitmap Heap Scan on sbtest7  (cost=5.44..393.31 rows=98 width=125)
	  Recheck Cond: ((k >= 4712949) AND (k <= 4713049))
	  ->  Bitmap Index Scan on k_7  (cost=0.00..5.42 rows=98 width=0)
	        Index Cond: ((k >= 4712949) AND (k <= 4713049))

table 8 : explain SELECT k, c FROM sbtest8 WHERE k BETWEEN 4712949 AND 4713049
	Bitmap Heap Scan on sbtest8  (cost=5.50..416.94 rows=104 width=125)
	  Recheck Cond: ((k >= 4712949) AND (k <= 4713049))
	  ->  Bitmap Index Scan on k_8  (cost=0.00..5.47 rows=104 width=0)
	        Index Cond: ((k >= 4712949) AND (k <= 4713049))

explain: for range-notcovered :: explain SELECT k, c FROM sbtest%d WHERE k BETWEEN 4712949 AND 4713049
for range-notcovered
table 1 : explain SELECT k, c FROM sbtest1 WHERE k BETWEEN 7871046 AND 7871146
	Bitmap Heap Scan on sbtest1  (cost=5.51..420.88 rows=105 width=125)
	  Recheck Cond: ((k >= 7871046) AND (k <= 7871146))
	  ->  Bitmap Index Scan on k_1  (cost=0.00..5.48 rows=105 width=0)
	        Index Cond: ((k >= 7871046) AND (k <= 7871146))

table 2 : explain SELECT k, c FROM sbtest2 WHERE k BETWEEN 7871046 AND 7871146
	Bitmap Heap Scan on sbtest2  (cost=5.52..424.81 rows=106 width=125)
	  Recheck Cond: ((k >= 7871046) AND (k <= 7871146))
	  ->  Bitmap Index Scan on k_2  (cost=0.00..5.50 rows=106 width=0)
	        Index Cond: ((k >= 7871046) AND (k <= 7871146))

table 3 : explain SELECT k, c FROM sbtest3 WHERE k BETWEEN 7871046 AND 7871146
	Bitmap Heap Scan on sbtest3  (cost=5.56..440.56 rows=110 width=125)
	  Recheck Cond: ((k >= 7871046) AND (k <= 7871146))
	  ->  Bitmap Index Scan on k_3  (cost=0.00..5.53 rows=110 width=0)
	        Index Cond: ((k >= 7871046) AND (k <= 7871146))

table 4 : explain SELECT k, c FROM sbtest4 WHERE k BETWEEN 7871046 AND 7871146
	Bitmap Heap Scan on sbtest4  (cost=5.47..405.13 rows=101 width=125)
	  Recheck Cond: ((k >= 7871046) AND (k <= 7871146))
	  ->  Bitmap Index Scan on k_4  (cost=0.00..5.44 rows=101 width=0)
	        Index Cond: ((k >= 7871046) AND (k <= 7871146))

table 5 : explain SELECT k, c FROM sbtest5 WHERE k BETWEEN 7871046 AND 7871146
	Bitmap Heap Scan on sbtest5  (cost=5.49..413.00 rows=103 width=125)
	  Recheck Cond: ((k >= 7871046) AND (k <= 7871146))
	  ->  Bitmap Index Scan on k_5  (cost=0.00..5.46 rows=103 width=0)
	        Index Cond: ((k >= 7871046) AND (k <= 7871146))

table 6 : explain SELECT k, c FROM sbtest6 WHERE k BETWEEN 7871046 AND 7871146
	Bitmap Heap Scan on sbtest6  (cost=5.46..401.19 rows=100 width=125)
	  Recheck Cond: ((k >= 7871046) AND (k <= 7871146))
	  ->  Bitmap Index Scan on k_6  (cost=0.00..5.43 rows=100 width=0)
	        Index Cond: ((k >= 7871046) AND (k <= 7871146))

table 7 : explain SELECT k, c FROM sbtest7 WHERE k BETWEEN 7871046 AND 7871146
	Bitmap Heap Scan on sbtest7  (cost=5.42..385.43 rows=96 width=125)
	  Recheck Cond: ((k >= 7871046) AND (k <= 7871146))
	  ->  Bitmap Index Scan on k_7  (cost=0.00..5.39 rows=96 width=0)
	        Index Cond: ((k >= 7871046) AND (k <= 7871146))

table 8 : explain SELECT k, c FROM sbtest8 WHERE k BETWEEN 7871046 AND 7871146
	Bitmap Heap Scan on sbtest8  (cost=5.46..401.19 rows=100 width=125)
	  Recheck Cond: ((k >= 7871046) AND (k <= 7871146))
	  ->  Bitmap Index Scan on k_8  (cost=0.00..5.43 rows=100 width=0)
	        Index Cond: ((k >= 7871046) AND (k <= 7871146))

for range-notcovered
table 1 : explain SELECT k, c FROM sbtest1 WHERE k BETWEEN 3016898 AND 3016998
	Bitmap Heap Scan on sbtest1  (cost=5.47..405.13 rows=101 width=125)
	  Recheck Cond: ((k >= 3016898) AND (k <= 3016998))
	  ->  Bitmap Index Scan on k_1  (cost=0.00..5.44 rows=101 width=0)
	        Index Cond: ((k >= 3016898) AND (k <= 3016998))

table 2 : explain SELECT k, c FROM sbtest2 WHERE k BETWEEN 3016898 AND 3016998
	Bitmap Heap Scan on sbtest2  (cost=5.49..413.00 rows=103 width=125)
	  Recheck Cond: ((k >= 3016898) AND (k <= 3016998))
	  ->  Bitmap Index Scan on k_2  (cost=0.00..5.46 rows=103 width=0)
	        Index Cond: ((k >= 3016898) AND (k <= 3016998))

table 3 : explain SELECT k, c FROM sbtest3 WHERE k BETWEEN 3016898 AND 3016998
	Bitmap Heap Scan on sbtest3  (cost=5.60..456.29 rows=114 width=125)
	  Recheck Cond: ((k >= 3016898) AND (k <= 3016998))
	  ->  Bitmap Index Scan on k_3  (cost=0.00..5.58 rows=114 width=0)
	        Index Cond: ((k >= 3016898) AND (k <= 3016998))

table 4 : explain SELECT k, c FROM sbtest4 WHERE k BETWEEN 3016898 AND 3016998
	Bitmap Heap Scan on sbtest4  (cost=5.41..381.49 rows=95 width=125)
	  Recheck Cond: ((k >= 3016898) AND (k <= 3016998))
	  ->  Bitmap Index Scan on k_4  (cost=0.00..5.38 rows=95 width=0)
	        Index Cond: ((k >= 3016898) AND (k <= 3016998))

table 5 : explain SELECT k, c FROM sbtest5 WHERE k BETWEEN 3016898 AND 3016998
	Bitmap Heap Scan on sbtest5  (cost=5.49..413.00 rows=103 width=125)
	  Recheck Cond: ((k >= 3016898) AND (k <= 3016998))
	  ->  Bitmap Index Scan on k_5  (cost=0.00..5.46 rows=103 width=0)
	        Index Cond: ((k >= 3016898) AND (k <= 3016998))

table 6 : explain SELECT k, c FROM sbtest6 WHERE k BETWEEN 3016898 AND 3016998
	Bitmap Heap Scan on sbtest6  (cost=5.50..416.94 rows=104 width=125)
	  Recheck Cond: ((k >= 3016898) AND (k <= 3016998))
	  ->  Bitmap Index Scan on k_6  (cost=0.00..5.47 rows=104 width=0)
	        Index Cond: ((k >= 3016898) AND (k <= 3016998))

table 7 : explain SELECT k, c FROM sbtest7 WHERE k BETWEEN 3016898 AND 3016998
	Bitmap Heap Scan on sbtest7  (cost=5.48..409.07 rows=102 width=125)
	  Recheck Cond: ((k >= 3016898) AND (k <= 3016998))
	  ->  Bitmap Index Scan on k_7  (cost=0.00..5.45 rows=102 width=0)
	        Index Cond: ((k >= 3016898) AND (k <= 3016998))

table 8 : explain SELECT k, c FROM sbtest8 WHERE k BETWEEN 3016898 AND 3016998
	Bitmap Heap Scan on sbtest8  (cost=5.50..416.94 rows=104 width=125)
	  Recheck Cond: ((k >= 3016898) AND (k <= 3016998))
	  ->  Bitmap Index Scan on k_8  (cost=0.00..5.47 rows=104 width=0)
	        Index Cond: ((k >= 3016898) AND (k <= 3016998))

for range-notcovered
table 1 : explain SELECT k, c FROM sbtest1 WHERE k BETWEEN 6751842 AND 6751942
	Bitmap Heap Scan on sbtest1  (cost=5.49..413.00 rows=103 width=125)
	  Recheck Cond: ((k >= 6751842) AND (k <= 6751942))
	  ->  Bitmap Index Scan on k_1  (cost=0.00..5.46 rows=103 width=0)
	        Index Cond: ((k >= 6751842) AND (k <= 6751942))

table 2 : explain SELECT k, c FROM sbtest2 WHERE k BETWEEN 6751842 AND 6751942
	Bitmap Heap Scan on sbtest2  (cost=5.51..420.88 rows=105 width=125)
	  Recheck Cond: ((k >= 6751842) AND (k <= 6751942))
	  ->  Bitmap Index Scan on k_2  (cost=0.00..5.48 rows=105 width=0)
	        Index Cond: ((k >= 6751842) AND (k <= 6751942))

table 3 : explain SELECT k, c FROM sbtest3 WHERE k BETWEEN 6751842 AND 6751942
	Bitmap Heap Scan on sbtest3  (cost=5.56..440.56 rows=110 width=125)
	  Recheck Cond: ((k >= 6751842) AND (k <= 6751942))
	  ->  Bitmap Index Scan on k_3  (cost=0.00..5.53 rows=110 width=0)
	        Index Cond: ((k >= 6751842) AND (k <= 6751942))

table 4 : explain SELECT k, c FROM sbtest4 WHERE k BETWEEN 6751842 AND 6751942
	Bitmap Heap Scan on sbtest4  (cost=5.59..452.36 rows=113 width=125)
	  Recheck Cond: ((k >= 6751842) AND (k <= 6751942))
	  ->  Bitmap Index Scan on k_4  (cost=0.00..5.56 rows=113 width=0)
	        Index Cond: ((k >= 6751842) AND (k <= 6751942))

table 5 : explain SELECT k, c FROM sbtest5 WHERE k BETWEEN 6751842 AND 6751942
	Bitmap Heap Scan on sbtest5  (cost=5.49..413.00 rows=103 width=125)
	  Recheck Cond: ((k >= 6751842) AND (k <= 6751942))
	  ->  Bitmap Index Scan on k_5  (cost=0.00..5.46 rows=103 width=0)
	        Index Cond: ((k >= 6751842) AND (k <= 6751942))

table 6 : explain SELECT k, c FROM sbtest6 WHERE k BETWEEN 6751842 AND 6751942
	Bitmap Heap Scan on sbtest6  (cost=5.49..413.00 rows=103 width=125)
	  Recheck Cond: ((k >= 6751842) AND (k <= 6751942))
	  ->  Bitmap Index Scan on k_6  (cost=0.00..5.46 rows=103 width=0)
	        Index Cond: ((k >= 6751842) AND (k <= 6751942))

table 7 : explain SELECT k, c FROM sbtest7 WHERE k BETWEEN 6751842 AND 6751942
	Bitmap Heap Scan on sbtest7  (cost=5.39..373.61 rows=93 width=125)
	  Recheck Cond: ((k >= 6751842) AND (k <= 6751942))
	  ->  Bitmap Index Scan on k_7  (cost=0.00..5.36 rows=93 width=0)
	        Index Cond: ((k >= 6751842) AND (k <= 6751942))

table 8 : explain SELECT k, c FROM sbtest8 WHERE k BETWEEN 6751842 AND 6751942
	Bitmap Heap Scan on sbtest8  (cost=5.52..424.81 rows=106 width=125)
	  Recheck Cond: ((k >= 6751842) AND (k <= 6751942))
	  ->  Bitmap Index Scan on k_8  (cost=0.00..5.50 rows=106 width=0)
	        Index Cond: ((k >= 6751842) AND (k <= 6751942))

explain: for range-notcovered :: explain SELECT k, c FROM sbtest%d WHERE k BETWEEN 3016898 AND 3016998
explain: for range-notcovered :: explain SELECT k, c FROM sbtest%d WHERE k BETWEEN 7871046 AND 7871146
for range-notcovered
table 1 : explain SELECT k, c FROM sbtest1 WHERE k BETWEEN 1694003 AND 1694103
	Bitmap Heap Scan on sbtest1  (cost=5.57..444.49 rows=111 width=125)
	  Recheck Cond: ((k >= 1694003) AND (k <= 1694103))
	  ->  Bitmap Index Scan on k_1  (cost=0.00..5.54 rows=111 width=0)
	        Index Cond: ((k >= 1694003) AND (k <= 1694103))

table 2 : explain SELECT k, c FROM sbtest2 WHERE k BETWEEN 1694003 AND 1694103
	Bitmap Heap Scan on sbtest2  (cost=5.46..401.19 rows=100 width=125)
	  Recheck Cond: ((k >= 1694003) AND (k <= 1694103))
	  ->  Bitmap Index Scan on k_2  (cost=0.00..5.43 rows=100 width=0)
	        Index Cond: ((k >= 1694003) AND (k <= 1694103))

table 3 : explain SELECT k, c FROM sbtest3 WHERE k BETWEEN 1694003 AND 1694103
	Bitmap Heap Scan on sbtest3  (cost=5.44..393.31 rows=98 width=125)
	  Recheck Cond: ((k >= 1694003) AND (k <= 1694103))
	  ->  Bitmap Index Scan on k_3  (cost=0.00..5.42 rows=98 width=0)
	        Index Cond: ((k >= 1694003) AND (k <= 1694103))

table 4 : explain SELECT k, c FROM sbtest4 WHERE k BETWEEN 1694003 AND 1694103
	Bitmap Heap Scan on sbtest4  (cost=5.48..409.07 rows=102 width=125)
	  Recheck Cond: ((k >= 1694003) AND (k <= 1694103))
	  ->  Bitmap Index Scan on k_4  (cost=0.00..5.45 rows=102 width=0)
	        Index Cond: ((k >= 1694003) AND (k <= 1694103))

table 5 : explain SELECT k, c FROM sbtest5 WHERE k BETWEEN 1694003 AND 1694103
	Bitmap Heap Scan on sbtest5  (cost=5.45..397.25 rows=99 width=125)
	  Recheck Cond: ((k >= 1694003) AND (k <= 1694103))
	  ->  Bitmap Index Scan on k_5  (cost=0.00..5.42 rows=99 width=0)
	        Index Cond: ((k >= 1694003) AND (k <= 1694103))

table 6 : explain SELECT k, c FROM sbtest6 WHERE k BETWEEN 1694003 AND 1694103
	Bitmap Heap Scan on sbtest6  (cost=5.60..456.29 rows=114 width=125)
	  Recheck Cond: ((k >= 1694003) AND (k <= 1694103))
	  ->  Bitmap Index Scan on k_6  (cost=0.00..5.58 rows=114 width=0)
	        Index Cond: ((k >= 1694003) AND (k <= 1694103))

table 7 : explain SELECT k, c FROM sbtest7 WHERE k BETWEEN 1694003 AND 1694103
	Bitmap Heap Scan on sbtest7  (cost=5.51..420.88 rows=105 width=125)
	  Recheck Cond: ((k >= 1694003) AND (k <= 1694103))
	  ->  Bitmap Index Scan on k_7  (cost=0.00..5.48 rows=105 width=0)
	        Index Cond: ((k >= 1694003) AND (k <= 1694103))

table 8 : explain SELECT k, c FROM sbtest8 WHERE k BETWEEN 1694003 AND 1694103
	Bitmap Heap Scan on sbtest8  (cost=5.43..389.37 rows=97 width=125)
	  Recheck Cond: ((k >= 1694003) AND (k <= 1694103))
	  ->  Bitmap Index Scan on k_8  (cost=0.00..5.40 rows=97 width=0)
	        Index Cond: ((k >= 1694003) AND (k <= 1694103))

explain: for range-notcovered :: explain SELECT k, c FROM sbtest%d WHERE k BETWEEN 6751842 AND 6751942
for range-notcovered
table 1 : explain SELECT k, c FROM sbtest1 WHERE k BETWEEN 5049292 AND 5049392
	Bitmap Heap Scan on sbtest1  (cost=5.50..416.94 rows=104 width=125)
	  Recheck Cond: ((k >= 5049292) AND (k <= 5049392))
	  ->  Bitmap Index Scan on k_1  (cost=0.00..5.47 rows=104 width=0)
	        Index Cond: ((k >= 5049292) AND (k <= 5049392))

table 2 : explain SELECT k, c FROM sbtest2 WHERE k BETWEEN 5049292 AND 5049392
	Bitmap Heap Scan on sbtest2  (cost=5.49..413.00 rows=103 width=125)
	  Recheck Cond: ((k >= 5049292) AND (k <= 5049392))
	  ->  Bitmap Index Scan on k_2  (cost=0.00..5.46 rows=103 width=0)
	        Index Cond: ((k >= 5049292) AND (k <= 5049392))

table 3 : explain SELECT k, c FROM sbtest3 WHERE k BETWEEN 5049292 AND 5049392
	Bitmap Heap Scan on sbtest3  (cost=5.56..440.56 rows=110 width=125)
	  Recheck Cond: ((k >= 5049292) AND (k <= 5049392))
	  ->  Bitmap Index Scan on k_3  (cost=0.00..5.53 rows=110 width=0)
	        Index Cond: ((k >= 5049292) AND (k <= 5049392))

table 4 : explain SELECT k, c FROM sbtest4 WHERE k BETWEEN 5049292 AND 5049392
	Bitmap Heap Scan on sbtest4  (cost=5.62..464.15 rows=116 width=125)
	  Recheck Cond: ((k >= 5049292) AND (k <= 5049392))
	  ->  Bitmap Index Scan on k_4  (cost=0.00..5.59 rows=116 width=0)
	        Index Cond: ((k >= 5049292) AND (k <= 5049392))

table 5 : explain SELECT k, c FROM sbtest5 WHERE k BETWEEN 5049292 AND 5049392
	Bitmap Heap Scan on sbtest5  (cost=5.50..416.94 rows=104 width=125)
	  Recheck Cond: ((k >= 5049292) AND (k <= 5049392))
	  ->  Bitmap Index Scan on k_5  (cost=0.00..5.47 rows=104 width=0)
	        Index Cond: ((k >= 5049292) AND (k <= 5049392))

table 6 : explain SELECT k, c FROM sbtest6 WHERE k BETWEEN 5049292 AND 5049392
	Bitmap Heap Scan on sbtest6  (cost=5.53..428.75 rows=107 width=125)
	  Recheck Cond: ((k >= 5049292) AND (k <= 5049392))
	  ->  Bitmap Index Scan on k_6  (cost=0.00..5.50 rows=107 width=0)
	        Index Cond: ((k >= 5049292) AND (k <= 5049392))

table 7 : explain SELECT k, c FROM sbtest7 WHERE k BETWEEN 5049292 AND 5049392
	Bitmap Heap Scan on sbtest7  (cost=5.63..468.09 rows=117 width=125)
	  Recheck Cond: ((k >= 5049292) AND (k <= 5049392))
	  ->  Bitmap Index Scan on k_7  (cost=0.00..5.60 rows=117 width=0)
	        Index Cond: ((k >= 5049292) AND (k <= 5049392))

table 8 : explain SELECT k, c FROM sbtest8 WHERE k BETWEEN 5049292 AND 5049392
	Bitmap Heap Scan on sbtest8  (cost=5.54..432.69 rows=108 width=125)
	  Recheck Cond: ((k >= 5049292) AND (k <= 5049392))
	  ->  Bitmap Index Scan on k_8  (cost=0.00..5.51 rows=108 width=0)
	        Index Cond: ((k >= 5049292) AND (k <= 5049392))

explain: for range-notcovered :: explain SELECT k, c FROM sbtest%d WHERE k BETWEEN 1694003 AND 1694103
explain: for range-notcovered :: explain SELECT k, c FROM sbtest%d WHERE k BETWEEN 5049292 AND 5049392
for range-notcovered
table 1 : explain SELECT k, c FROM sbtest1 WHERE k BETWEEN 6751842 AND 6751942
	Bitmap Heap Scan on sbtest1  (cost=5.49..413.00 rows=103 width=125)
	  Recheck Cond: ((k >= 6751842) AND (k <= 6751942))
	  ->  Bitmap Index Scan on k_1  (cost=0.00..5.46 rows=103 width=0)
	        Index Cond: ((k >= 6751842) AND (k <= 6751942))

table 2 : explain SELECT k, c FROM sbtest2 WHERE k BETWEEN 6751842 AND 6751942
	Bitmap Heap Scan on sbtest2  (cost=5.51..420.88 rows=105 width=125)
	  Recheck Cond: ((k >= 6751842) AND (k <= 6751942))
	  ->  Bitmap Index Scan on k_2  (cost=0.00..5.48 rows=105 width=0)
	        Index Cond: ((k >= 6751842) AND (k <= 6751942))

table 3 : explain SELECT k, c FROM sbtest3 WHERE k BETWEEN 6751842 AND 6751942
	Bitmap Heap Scan on sbtest3  (cost=5.56..440.56 rows=110 width=125)
	  Recheck Cond: ((k >= 6751842) AND (k <= 6751942))
	  ->  Bitmap Index Scan on k_3  (cost=0.00..5.53 rows=110 width=0)
	        Index Cond: ((k >= 6751842) AND (k <= 6751942))

table 4 : explain SELECT k, c FROM sbtest4 WHERE k BETWEEN 6751842 AND 6751942
	Bitmap Heap Scan on sbtest4  (cost=5.59..452.36 rows=113 width=125)
	  Recheck Cond: ((k >= 6751842) AND (k <= 6751942))
	  ->  Bitmap Index Scan on k_4  (cost=0.00..5.56 rows=113 width=0)
	        Index Cond: ((k >= 6751842) AND (k <= 6751942))

table 5 : explain SELECT k, c FROM sbtest5 WHERE k BETWEEN 6751842 AND 6751942
	Bitmap Heap Scan on sbtest5  (cost=5.49..413.00 rows=103 width=125)
	  Recheck Cond: ((k >= 6751842) AND (k <= 6751942))
	  ->  Bitmap Index Scan on k_5  (cost=0.00..5.46 rows=103 width=0)
	        Index Cond: ((k >= 6751842) AND (k <= 6751942))

table 6 : explain SELECT k, c FROM sbtest6 WHERE k BETWEEN 6751842 AND 6751942
	Bitmap Heap Scan on sbtest6  (cost=5.49..413.00 rows=103 width=125)
	  Recheck Cond: ((k >= 6751842) AND (k <= 6751942))
	  ->  Bitmap Index Scan on k_6  (cost=0.00..5.46 rows=103 width=0)
	        Index Cond: ((k >= 6751842) AND (k <= 6751942))

table 7 : explain SELECT k, c FROM sbtest7 WHERE k BETWEEN 6751842 AND 6751942
	Bitmap Heap Scan on sbtest7  (cost=5.39..373.61 rows=93 width=125)
	  Recheck Cond: ((k >= 6751842) AND (k <= 6751942))
	  ->  Bitmap Index Scan on k_7  (cost=0.00..5.36 rows=93 width=0)
	        Index Cond: ((k >= 6751842) AND (k <= 6751942))

table 8 : explain SELECT k, c FROM sbtest8 WHERE k BETWEEN 6751842 AND 6751942
	Bitmap Heap Scan on sbtest8  (cost=5.52..424.81 rows=106 width=125)
	  Recheck Cond: ((k >= 6751842) AND (k <= 6751942))
	  ->  Bitmap Index Scan on k_8  (cost=0.00..5.50 rows=106 width=0)
	        Index Cond: ((k >= 6751842) AND (k <= 6751942))

explain: for range-notcovered :: explain SELECT k, c FROM sbtest%d WHERE k BETWEEN 6751842 AND 6751942
for range-notcovered
table 1 : explain SELECT k, c FROM sbtest1 WHERE k BETWEEN 7421777 AND 7421877
	Bitmap Heap Scan on sbtest1  (cost=5.40..377.55 rows=94 width=125)
	  Recheck Cond: ((k >= 7421777) AND (k <= 7421877))
	  ->  Bitmap Index Scan on k_1  (cost=0.00..5.38 rows=94 width=0)
	        Index Cond: ((k >= 7421777) AND (k <= 7421877))

table 2 : explain SELECT k, c FROM sbtest2 WHERE k BETWEEN 7421777 AND 7421877
	Bitmap Heap Scan on sbtest2  (cost=5.48..409.07 rows=102 width=125)
	  Recheck Cond: ((k >= 7421777) AND (k <= 7421877))
	  ->  Bitmap Index Scan on k_2  (cost=0.00..5.45 rows=102 width=0)
	        Index Cond: ((k >= 7421777) AND (k <= 7421877))

table 3 : explain SELECT k, c FROM sbtest3 WHERE k BETWEEN 7421777 AND 7421877
	Bitmap Heap Scan on sbtest3  (cost=5.36..361.78 rows=90 width=125)
	  Recheck Cond: ((k >= 7421777) AND (k <= 7421877))
	  ->  Bitmap Index Scan on k_3  (cost=0.00..5.33 rows=90 width=0)
	        Index Cond: ((k >= 7421777) AND (k <= 7421877))

table 4 : explain SELECT k, c FROM sbtest4 WHERE k BETWEEN 7421777 AND 7421877
	Bitmap Heap Scan on sbtest4  (cost=5.44..393.31 rows=98 width=125)
	  Recheck Cond: ((k >= 7421777) AND (k <= 7421877))
	  ->  Bitmap Index Scan on k_4  (cost=0.00..5.42 rows=98 width=0)
	        Index Cond: ((k >= 7421777) AND (k <= 7421877))

table 5 : explain SELECT k, c FROM sbtest5 WHERE k BETWEEN 7421777 AND 7421877
	Bitmap Heap Scan on sbtest5  (cost=5.49..413.00 rows=103 width=125)
	  Recheck Cond: ((k >= 7421777) AND (k <= 7421877))
	  ->  Bitmap Index Scan on k_5  (cost=0.00..5.46 rows=103 width=0)
	        Index Cond: ((k >= 7421777) AND (k <= 7421877))

table 6 : explain SELECT k, c FROM sbtest6 WHERE k BETWEEN 7421777 AND 7421877
	Bitmap Heap Scan on sbtest6  (cost=5.44..393.31 rows=98 width=125)
	  Recheck Cond: ((k >= 7421777) AND (k <= 7421877))
	  ->  Bitmap Index Scan on k_6  (cost=0.00..5.42 rows=98 width=0)
	        Index Cond: ((k >= 7421777) AND (k <= 7421877))

table 7 : explain SELECT k, c FROM sbtest7 WHERE k BETWEEN 7421777 AND 7421877
	Bitmap Heap Scan on sbtest7  (cost=5.44..393.31 rows=98 width=125)
	  Recheck Cond: ((k >= 7421777) AND (k <= 7421877))
	  ->  Bitmap Index Scan on k_7  (cost=0.00..5.42 rows=98 width=0)
	        Index Cond: ((k >= 7421777) AND (k <= 7421877))

table 8 : explain SELECT k, c FROM sbtest8 WHERE k BETWEEN 7421777 AND 7421877
	Bitmap Heap Scan on sbtest8  (cost=5.45..397.25 rows=99 width=125)
	  Recheck Cond: ((k >= 7421777) AND (k <= 7421877))
	  ->  Bitmap Index Scan on k_8  (cost=0.00..5.42 rows=99 width=0)
	        Index Cond: ((k >= 7421777) AND (k <= 7421877))

for range-notcovered
table 1 : explain SELECT k, c FROM sbtest1 WHERE k BETWEEN 3016898 AND 3016998
	Bitmap Heap Scan on sbtest1  (cost=5.47..405.13 rows=101 width=125)
	  Recheck Cond: ((k >= 3016898) AND (k <= 3016998))
	  ->  Bitmap Index Scan on k_1  (cost=0.00..5.44 rows=101 width=0)
	        Index Cond: ((k >= 3016898) AND (k <= 3016998))

table 2 : explain SELECT k, c FROM sbtest2 WHERE k BETWEEN 3016898 AND 3016998
	Bitmap Heap Scan on sbtest2  (cost=5.49..413.00 rows=103 width=125)
	  Recheck Cond: ((k >= 3016898) AND (k <= 3016998))
	  ->  Bitmap Index Scan on k_2  (cost=0.00..5.46 rows=103 width=0)
	        Index Cond: ((k >= 3016898) AND (k <= 3016998))

table 3 : explain SELECT k, c FROM sbtest3 WHERE k BETWEEN 3016898 AND 3016998
	Bitmap Heap Scan on sbtest3  (cost=5.60..456.29 rows=114 width=125)
	  Recheck Cond: ((k >= 3016898) AND (k <= 3016998))
	  ->  Bitmap Index Scan on k_3  (cost=0.00..5.58 rows=114 width=0)
	        Index Cond: ((k >= 3016898) AND (k <= 3016998))

table 4 : explain SELECT k, c FROM sbtest4 WHERE k BETWEEN 3016898 AND 3016998
	Bitmap Heap Scan on sbtest4  (cost=5.41..381.49 rows=95 width=125)
	  Recheck Cond: ((k >= 3016898) AND (k <= 3016998))
	  ->  Bitmap Index Scan on k_4  (cost=0.00..5.38 rows=95 width=0)
	        Index Cond: ((k >= 3016898) AND (k <= 3016998))

table 5 : explain SELECT k, c FROM sbtest5 WHERE k BETWEEN 3016898 AND 3016998
	Bitmap Heap Scan on sbtest5  (cost=5.49..413.00 rows=103 width=125)
	  Recheck Cond: ((k >= 3016898) AND (k <= 3016998))
	  ->  Bitmap Index Scan on k_5  (cost=0.00..5.46 rows=103 width=0)
	        Index Cond: ((k >= 3016898) AND (k <= 3016998))

table 6 : explain SELECT k, c FROM sbtest6 WHERE k BETWEEN 3016898 AND 3016998
	Bitmap Heap Scan on sbtest6  (cost=5.50..416.94 rows=104 width=125)
	  Recheck Cond: ((k >= 3016898) AND (k <= 3016998))
	  ->  Bitmap Index Scan on k_6  (cost=0.00..5.47 rows=104 width=0)
	        Index Cond: ((k >= 3016898) AND (k <= 3016998))

table 7 : explain SELECT k, c FROM sbtest7 WHERE k BETWEEN 3016898 AND 3016998
	Bitmap Heap Scan on sbtest7  (cost=5.48..409.07 rows=102 width=125)
	  Recheck Cond: ((k >= 3016898) AND (k <= 3016998))
	  ->  Bitmap Index Scan on k_7  (cost=0.00..5.45 rows=102 width=0)
	        Index Cond: ((k >= 3016898) AND (k <= 3016998))

table 8 : explain SELECT k, c FROM sbtest8 WHERE k BETWEEN 3016898 AND 3016998
	Bitmap Heap Scan on sbtest8  (cost=5.50..416.94 rows=104 width=125)
	  Recheck Cond: ((k >= 3016898) AND (k <= 3016998))
	  ->  Bitmap Index Scan on k_8  (cost=0.00..5.47 rows=104 width=0)
	        Index Cond: ((k >= 3016898) AND (k <= 3016998))

explain: for range-notcovered :: explain SELECT k, c FROM sbtest%d WHERE k BETWEEN 7421777 AND 7421877
explain: for range-notcovered :: explain SELECT k, c FROM sbtest%d WHERE k BETWEEN 3016898 AND 3016998
for range-notcovered
table 1 : explain SELECT k, c FROM sbtest1 WHERE k BETWEEN 7471722 AND 7471822
	Bitmap Heap Scan on sbtest1  (cost=5.40..377.55 rows=94 width=125)
	  Recheck Cond: ((k >= 7471722) AND (k <= 7471822))
	  ->  Bitmap Index Scan on k_1  (cost=0.00..5.38 rows=94 width=0)
	        Index Cond: ((k >= 7471722) AND (k <= 7471822))

table 2 : explain SELECT k, c FROM sbtest2 WHERE k BETWEEN 7471722 AND 7471822
	Bitmap Heap Scan on sbtest2  (cost=5.48..409.07 rows=102 width=125)
	  Recheck Cond: ((k >= 7471722) AND (k <= 7471822))
	  ->  Bitmap Index Scan on k_2  (cost=0.00..5.45 rows=102 width=0)
	        Index Cond: ((k >= 7471722) AND (k <= 7471822))

table 3 : explain SELECT k, c FROM sbtest3 WHERE k BETWEEN 7471722 AND 7471822
	Bitmap Heap Scan on sbtest3  (cost=5.36..361.78 rows=90 width=125)
	  Recheck Cond: ((k >= 7471722) AND (k <= 7471822))
	  ->  Bitmap Index Scan on k_3  (cost=0.00..5.33 rows=90 width=0)
	        Index Cond: ((k >= 7471722) AND (k <= 7471822))

table 4 : explain SELECT k, c FROM sbtest4 WHERE k BETWEEN 7471722 AND 7471822
	Bitmap Heap Scan on sbtest4  (cost=5.44..393.31 rows=98 width=125)
	  Recheck Cond: ((k >= 7471722) AND (k <= 7471822))
	  ->  Bitmap Index Scan on k_4  (cost=0.00..5.42 rows=98 width=0)
	        Index Cond: ((k >= 7471722) AND (k <= 7471822))

table 5 : explain SELECT k, c FROM sbtest5 WHERE k BETWEEN 7471722 AND 7471822
	Bitmap Heap Scan on sbtest5  (cost=5.49..413.00 rows=103 width=125)
	  Recheck Cond: ((k >= 7471722) AND (k <= 7471822))
	  ->  Bitmap Index Scan on k_5  (cost=0.00..5.46 rows=103 width=0)
	        Index Cond: ((k >= 7471722) AND (k <= 7471822))

table 6 : explain SELECT k, c FROM sbtest6 WHERE k BETWEEN 7471722 AND 7471822
	Bitmap Heap Scan on sbtest6  (cost=5.44..393.31 rows=98 width=125)
	  Recheck Cond: ((k >= 7471722) AND (k <= 7471822))
	  ->  Bitmap Index Scan on k_6  (cost=0.00..5.42 rows=98 width=0)
	        Index Cond: ((k >= 7471722) AND (k <= 7471822))

table 7 : explain SELECT k, c FROM sbtest7 WHERE k BETWEEN 7471722 AND 7471822
	Bitmap Heap Scan on sbtest7  (cost=5.56..440.56 rows=110 width=125)
	  Recheck Cond: ((k >= 7471722) AND (k <= 7471822))
	  ->  Bitmap Index Scan on k_7  (cost=0.00..5.53 rows=110 width=0)
	        Index Cond: ((k >= 7471722) AND (k <= 7471822))

table 8 : explain SELECT k, c FROM sbtest8 WHERE k BETWEEN 7471722 AND 7471822
	Bitmap Heap Scan on sbtest8  (cost=5.51..420.88 rows=105 width=125)
	  Recheck Cond: ((k >= 7471722) AND (k <= 7471822))
	  ->  Bitmap Index Scan on k_8  (cost=0.00..5.48 rows=105 width=0)
	        Index Cond: ((k >= 7471722) AND (k <= 7471822))

explain: for range-notcovered :: explain SELECT k, c FROM sbtest%d WHERE k BETWEEN 7471722 AND 7471822
for range-notcovered
table 1 : explain SELECT k, c FROM sbtest1 WHERE k BETWEEN 5049292 AND 5049392
	Bitmap Heap Scan on sbtest1  (cost=5.50..416.94 rows=104 width=125)
	  Recheck Cond: ((k >= 5049292) AND (k <= 5049392))
	  ->  Bitmap Index Scan on k_1  (cost=0.00..5.47 rows=104 width=0)
	        Index Cond: ((k >= 5049292) AND (k <= 5049392))

table 2 : explain SELECT k, c FROM sbtest2 WHERE k BETWEEN 5049292 AND 5049392
	Bitmap Heap Scan on sbtest2  (cost=5.49..413.00 rows=103 width=125)
	  Recheck Cond: ((k >= 5049292) AND (k <= 5049392))
	  ->  Bitmap Index Scan on k_2  (cost=0.00..5.46 rows=103 width=0)
	        Index Cond: ((k >= 5049292) AND (k <= 5049392))

table 3 : explain SELECT k, c FROM sbtest3 WHERE k BETWEEN 5049292 AND 5049392
	Bitmap Heap Scan on sbtest3  (cost=5.56..440.56 rows=110 width=125)
	  Recheck Cond: ((k >= 5049292) AND (k <= 5049392))
	  ->  Bitmap Index Scan on k_3  (cost=0.00..5.53 rows=110 width=0)
	        Index Cond: ((k >= 5049292) AND (k <= 5049392))

table 4 : explain SELECT k, c FROM sbtest4 WHERE k BETWEEN 5049292 AND 5049392
	Bitmap Heap Scan on sbtest4  (cost=5.62..464.15 rows=116 width=125)
	  Recheck Cond: ((k >= 5049292) AND (k <= 5049392))
	  ->  Bitmap Index Scan on k_4  (cost=0.00..5.59 rows=116 width=0)
	        Index Cond: ((k >= 5049292) AND (k <= 5049392))

table 5 : explain SELECT k, c FROM sbtest5 WHERE k BETWEEN 5049292 AND 5049392
	Bitmap Heap Scan on sbtest5  (cost=5.50..416.94 rows=104 width=125)
	  Recheck Cond: ((k >= 5049292) AND (k <= 5049392))
	  ->  Bitmap Index Scan on k_5  (cost=0.00..5.47 rows=104 width=0)
	        Index Cond: ((k >= 5049292) AND (k <= 5049392))

table 6 : explain SELECT k, c FROM sbtest6 WHERE k BETWEEN 5049292 AND 5049392
	Bitmap Heap Scan on sbtest6  (cost=5.53..428.75 rows=107 width=125)
	  Recheck Cond: ((k >= 5049292) AND (k <= 5049392))
	  ->  Bitmap Index Scan on k_6  (cost=0.00..5.50 rows=107 width=0)
	        Index Cond: ((k >= 5049292) AND (k <= 5049392))

table 7 : explain SELECT k, c FROM sbtest7 WHERE k BETWEEN 5049292 AND 5049392
	Bitmap Heap Scan on sbtest7  (cost=5.63..468.09 rows=117 width=125)
	  Recheck Cond: ((k >= 5049292) AND (k <= 5049392))
	  ->  Bitmap Index Scan on k_7  (cost=0.00..5.60 rows=117 width=0)
	        Index Cond: ((k >= 5049292) AND (k <= 5049392))

table 8 : explain SELECT k, c FROM sbtest8 WHERE k BETWEEN 5049292 AND 5049392
	Bitmap Heap Scan on sbtest8  (cost=5.54..432.69 rows=108 width=125)
	  Recheck Cond: ((k >= 5049292) AND (k <= 5049392))
	  ->  Bitmap Index Scan on k_8  (cost=0.00..5.51 rows=108 width=0)
	        Index Cond: ((k >= 5049292) AND (k <= 5049392))

explain: for range-notcovered :: explain SELECT k, c FROM sbtest%d WHERE k BETWEEN 5049292 AND 5049392
for range-notcovered
table 1 : explain SELECT k, c FROM sbtest1 WHERE k BETWEEN 6751842 AND 6751942
	Bitmap Heap Scan on sbtest1  (cost=5.49..413.00 rows=103 width=125)
	  Recheck Cond: ((k >= 6751842) AND (k <= 6751942))
	  ->  Bitmap Index Scan on k_1  (cost=0.00..5.46 rows=103 width=0)
	        Index Cond: ((k >= 6751842) AND (k <= 6751942))

table 2 : explain SELECT k, c FROM sbtest2 WHERE k BETWEEN 6751842 AND 6751942
	Bitmap Heap Scan on sbtest2  (cost=5.51..420.88 rows=105 width=125)
	  Recheck Cond: ((k >= 6751842) AND (k <= 6751942))
	  ->  Bitmap Index Scan on k_2  (cost=0.00..5.48 rows=105 width=0)
	        Index Cond: ((k >= 6751842) AND (k <= 6751942))

table 3 : explain SELECT k, c FROM sbtest3 WHERE k BETWEEN 6751842 AND 6751942
	Bitmap Heap Scan on sbtest3  (cost=5.56..440.56 rows=110 width=125)
	  Recheck Cond: ((k >= 6751842) AND (k <= 6751942))
	  ->  Bitmap Index Scan on k_3  (cost=0.00..5.53 rows=110 width=0)
	        Index Cond: ((k >= 6751842) AND (k <= 6751942))

table 4 : explain SELECT k, c FROM sbtest4 WHERE k BETWEEN 6751842 AND 6751942
	Bitmap Heap Scan on sbtest4  (cost=5.59..452.36 rows=113 width=125)
	  Recheck Cond: ((k >= 6751842) AND (k <= 6751942))
	  ->  Bitmap Index Scan on k_4  (cost=0.00..5.56 rows=113 width=0)
	        Index Cond: ((k >= 6751842) AND (k <= 6751942))

table 5 : explain SELECT k, c FROM sbtest5 WHERE k BETWEEN 6751842 AND 6751942
	Bitmap Heap Scan on sbtest5  (cost=5.49..413.00 rows=103 width=125)
	  Recheck Cond: ((k >= 6751842) AND (k <= 6751942))
	  ->  Bitmap Index Scan on k_5  (cost=0.00..5.46 rows=103 width=0)
	        Index Cond: ((k >= 6751842) AND (k <= 6751942))

table 6 : explain SELECT k, c FROM sbtest6 WHERE k BETWEEN 6751842 AND 6751942
	Bitmap Heap Scan on sbtest6  (cost=5.49..413.00 rows=103 width=125)
	  Recheck Cond: ((k >= 6751842) AND (k <= 6751942))
	  ->  Bitmap Index Scan on k_6  (cost=0.00..5.46 rows=103 width=0)
	        Index Cond: ((k >= 6751842) AND (k <= 6751942))

table 7 : explain SELECT k, c FROM sbtest7 WHERE k BETWEEN 6751842 AND 6751942
	Bitmap Heap Scan on sbtest7  (cost=5.39..373.61 rows=93 width=125)
	  Recheck Cond: ((k >= 6751842) AND (k <= 6751942))
	  ->  Bitmap Index Scan on k_7  (cost=0.00..5.36 rows=93 width=0)
	        Index Cond: ((k >= 6751842) AND (k <= 6751942))

table 8 : explain SELECT k, c FROM sbtest8 WHERE k BETWEEN 6751842 AND 6751942
	Bitmap Heap Scan on sbtest8  (cost=5.52..424.81 rows=106 width=125)
	  Recheck Cond: ((k >= 6751842) AND (k <= 6751942))
	  ->  Bitmap Index Scan on k_8  (cost=0.00..5.50 rows=106 width=0)
	        Index Cond: ((k >= 6751842) AND (k <= 6751942))

for range-notcovered
table 1 : explain SELECT k, c FROM sbtest1 WHERE k BETWEEN 4712949 AND 4713049
	Bitmap Heap Scan on sbtest1  (cost=5.44..393.31 rows=98 width=125)
	  Recheck Cond: ((k >= 4712949) AND (k <= 4713049))
	  ->  Bitmap Index Scan on k_1  (cost=0.00..5.42 rows=98 width=0)
	        Index Cond: ((k >= 4712949) AND (k <= 4713049))

table 2 : explain SELECT k, c FROM sbtest2 WHERE k BETWEEN 4712949 AND 4713049
	Bitmap Heap Scan on sbtest2  (cost=5.48..409.07 rows=102 width=125)
	  Recheck Cond: ((k >= 4712949) AND (k <= 4713049))
	  ->  Bitmap Index Scan on k_2  (cost=0.00..5.45 rows=102 width=0)
	        Index Cond: ((k >= 4712949) AND (k <= 4713049))

table 3 : explain SELECT k, c FROM sbtest3 WHERE k BETWEEN 4712949 AND 4713049
	Bitmap Heap Scan on sbtest3  (cost=5.50..416.94 rows=104 width=125)
	  Recheck Cond: ((k >= 4712949) AND (k <= 4713049))
	  ->  Bitmap Index Scan on k_3  (cost=0.00..5.47 rows=104 width=0)
	        Index Cond: ((k >= 4712949) AND (k <= 4713049))

table 4 : explain SELECT k, c FROM sbtest4 WHERE k BETWEEN 4712949 AND 4713049
	Bitmap Heap Scan on sbtest4  (cost=5.54..432.69 rows=108 width=125)
	  Recheck Cond: ((k >= 4712949) AND (k <= 4713049))
	  ->  Bitmap Index Scan on k_4  (cost=0.00..5.51 rows=108 width=0)
	        Index Cond: ((k >= 4712949) AND (k <= 4713049))

table 5 : explain SELECT k, c FROM sbtest5 WHERE k BETWEEN 4712949 AND 4713049
	Bitmap Heap Scan on sbtest5  (cost=5.46..401.19 rows=100 width=125)
	  Recheck Cond: ((k >= 4712949) AND (k <= 4713049))
	  ->  Bitmap Index Scan on k_5  (cost=0.00..5.43 rows=100 width=0)
	        Index Cond: ((k >= 4712949) AND (k <= 4713049))

table 6 : explain SELECT k, c FROM sbtest6 WHERE k BETWEEN 4712949 AND 4713049
	Bitmap Heap Scan on sbtest6  (cost=5.45..397.25 rows=99 width=125)
	  Recheck Cond: ((k >= 4712949) AND (k <= 4713049))
	  ->  Bitmap Index Scan on k_6  (cost=0.00..5.42 rows=99 width=0)
	        Index Cond: ((k >= 4712949) AND (k <= 4713049))

table 7 : explain SELECT k, c FROM sbtest7 WHERE k BETWEEN 4712949 AND 4713049
	Bitmap Heap Scan on sbtest7  (cost=5.44..393.31 rows=98 width=125)
	  Recheck Cond: ((k >= 4712949) AND (k <= 4713049))
	  ->  Bitmap Index Scan on k_7  (cost=0.00..5.42 rows=98 width=0)
	        Index Cond: ((k >= 4712949) AND (k <= 4713049))

table 8 : explain SELECT k, c FROM sbtest8 WHERE k BETWEEN 4712949 AND 4713049
	Bitmap Heap Scan on sbtest8  (cost=5.50..416.94 rows=104 width=125)
	  Recheck Cond: ((k >= 4712949) AND (k <= 4713049))
	  ->  Bitmap Index Scan on k_8  (cost=0.00..5.47 rows=104 width=0)
	        Index Cond: ((k >= 4712949) AND (k <= 4713049))

for range-notcovered
table 1 : explain SELECT k, c FROM sbtest1 WHERE k BETWEEN 1694003 AND 1694103
	Bitmap Heap Scan on sbtest1  (cost=5.57..444.49 rows=111 width=125)
	  Recheck Cond: ((k >= 1694003) AND (k <= 1694103))
	  ->  Bitmap Index Scan on k_1  (cost=0.00..5.54 rows=111 width=0)
	        Index Cond: ((k >= 1694003) AND (k <= 1694103))

table 2 : explain SELECT k, c FROM sbtest2 WHERE k BETWEEN 1694003 AND 1694103
	Bitmap Heap Scan on sbtest2  (cost=5.46..401.19 rows=100 width=125)
	  Recheck Cond: ((k >= 1694003) AND (k <= 1694103))
	  ->  Bitmap Index Scan on k_2  (cost=0.00..5.43 rows=100 width=0)
	        Index Cond: ((k >= 1694003) AND (k <= 1694103))

table 3 : explain SELECT k, c FROM sbtest3 WHERE k BETWEEN 1694003 AND 1694103
	Bitmap Heap Scan on sbtest3  (cost=5.44..393.31 rows=98 width=125)
	  Recheck Cond: ((k >= 1694003) AND (k <= 1694103))
	  ->  Bitmap Index Scan on k_3  (cost=0.00..5.42 rows=98 width=0)
	        Index Cond: ((k >= 1694003) AND (k <= 1694103))

table 4 : explain SELECT k, c FROM sbtest4 WHERE k BETWEEN 1694003 AND 1694103
	Bitmap Heap Scan on sbtest4  (cost=5.48..409.07 rows=102 width=125)
	  Recheck Cond: ((k >= 1694003) AND (k <= 1694103))
	  ->  Bitmap Index Scan on k_4  (cost=0.00..5.45 rows=102 width=0)
	        Index Cond: ((k >= 1694003) AND (k <= 1694103))

table 5 : explain SELECT k, c FROM sbtest5 WHERE k BETWEEN 1694003 AND 1694103
	Bitmap Heap Scan on sbtest5  (cost=5.45..397.25 rows=99 width=125)
	  Recheck Cond: ((k >= 1694003) AND (k <= 1694103))
	  ->  Bitmap Index Scan on k_5  (cost=0.00..5.42 rows=99 width=0)
	        Index Cond: ((k >= 1694003) AND (k <= 1694103))

table 6 : explain SELECT k, c FROM sbtest6 WHERE k BETWEEN 1694003 AND 1694103
	Bitmap Heap Scan on sbtest6  (cost=5.60..456.29 rows=114 width=125)
	  Recheck Cond: ((k >= 1694003) AND (k <= 1694103))
	  ->  Bitmap Index Scan on k_6  (cost=0.00..5.58 rows=114 width=0)
	        Index Cond: ((k >= 1694003) AND (k <= 1694103))

table 7 : explain SELECT k, c FROM sbtest7 WHERE k BETWEEN 1694003 AND 1694103
	Bitmap Heap Scan on sbtest7  (cost=5.51..420.88 rows=105 width=125)
	  Recheck Cond: ((k >= 1694003) AND (k <= 1694103))
	  ->  Bitmap Index Scan on k_7  (cost=0.00..5.48 rows=105 width=0)
	        Index Cond: ((k >= 1694003) AND (k <= 1694103))

table 8 : explain SELECT k, c FROM sbtest8 WHERE k BETWEEN 1694003 AND 1694103
	Bitmap Heap Scan on sbtest8  (cost=5.43..389.37 rows=97 width=125)
	  Recheck Cond: ((k >= 1694003) AND (k <= 1694103))
	  ->  Bitmap Index Scan on k_8  (cost=0.00..5.40 rows=97 width=0)
	        Index Cond: ((k >= 1694003) AND (k <= 1694103))

for range-notcovered
table 1 : explain SELECT k, c FROM sbtest1 WHERE k BETWEEN 7421777 AND 7421877
	Bitmap Heap Scan on sbtest1  (cost=5.40..377.55 rows=94 width=125)
	  Recheck Cond: ((k >= 7421777) AND (k <= 7421877))
	  ->  Bitmap Index Scan on k_1  (cost=0.00..5.38 rows=94 width=0)
	        Index Cond: ((k >= 7421777) AND (k <= 7421877))

table 2 : explain SELECT k, c FROM sbtest2 WHERE k BETWEEN 7421777 AND 7421877
	Bitmap Heap Scan on sbtest2  (cost=5.48..409.07 rows=102 width=125)
	  Recheck Cond: ((k >= 7421777) AND (k <= 7421877))
	  ->  Bitmap Index Scan on k_2  (cost=0.00..5.45 rows=102 width=0)
	        Index Cond: ((k >= 7421777) AND (k <= 7421877))

table 3 : explain SELECT k, c FROM sbtest3 WHERE k BETWEEN 7421777 AND 7421877
	Bitmap Heap Scan on sbtest3  (cost=5.36..361.78 rows=90 width=125)
	  Recheck Cond: ((k >= 7421777) AND (k <= 7421877))
	  ->  Bitmap Index Scan on k_3  (cost=0.00..5.33 rows=90 width=0)
	        Index Cond: ((k >= 7421777) AND (k <= 7421877))

table 4 : explain SELECT k, c FROM sbtest4 WHERE k BETWEEN 7421777 AND 7421877
	Bitmap Heap Scan on sbtest4  (cost=5.44..393.31 rows=98 width=125)
	  Recheck Cond: ((k >= 7421777) AND (k <= 7421877))
	  ->  Bitmap Index Scan on k_4  (cost=0.00..5.42 rows=98 width=0)
	        Index Cond: ((k >= 7421777) AND (k <= 7421877))

table 5 : explain SELECT k, c FROM sbtest5 WHERE k BETWEEN 7421777 AND 7421877
	Bitmap Heap Scan on sbtest5  (cost=5.49..413.00 rows=103 width=125)
	  Recheck Cond: ((k >= 7421777) AND (k <= 7421877))
	  ->  Bitmap Index Scan on k_5  (cost=0.00..5.46 rows=103 width=0)
	        Index Cond: ((k >= 7421777) AND (k <= 7421877))

table 6 : explain SELECT k, c FROM sbtest6 WHERE k BETWEEN 7421777 AND 7421877
	Bitmap Heap Scan on sbtest6  (cost=5.44..393.31 rows=98 width=125)
	  Recheck Cond: ((k >= 7421777) AND (k <= 7421877))
	  ->  Bitmap Index Scan on k_6  (cost=0.00..5.42 rows=98 width=0)
	        Index Cond: ((k >= 7421777) AND (k <= 7421877))

table 7 : explain SELECT k, c FROM sbtest7 WHERE k BETWEEN 7421777 AND 7421877
	Bitmap Heap Scan on sbtest7  (cost=5.44..393.31 rows=98 width=125)
	  Recheck Cond: ((k >= 7421777) AND (k <= 7421877))
	  ->  Bitmap Index Scan on k_7  (cost=0.00..5.42 rows=98 width=0)
	        Index Cond: ((k >= 7421777) AND (k <= 7421877))

table 8 : explain SELECT k, c FROM sbtest8 WHERE k BETWEEN 7421777 AND 7421877
	Bitmap Heap Scan on sbtest8  (cost=5.45..397.25 rows=99 width=125)
	  Recheck Cond: ((k >= 7421777) AND (k <= 7421877))
	  ->  Bitmap Index Scan on k_8  (cost=0.00..5.42 rows=99 width=0)
	        Index Cond: ((k >= 7421777) AND (k <= 7421877))

explain: for range-notcovered :: explain SELECT k, c FROM sbtest%d WHERE k BETWEEN 6751842 AND 6751942
explain: for range-notcovered :: explain SELECT k, c FROM sbtest%d WHERE k BETWEEN 1694003 AND 1694103
explain: for range-notcovered :: explain SELECT k, c FROM sbtest%d WHERE k BETWEEN 7421777 AND 7421877
explain: for range-notcovered :: explain SELECT k, c FROM sbtest%d WHERE k BETWEEN 4712949 AND 4713049
for range-notcovered
table 1 : explain SELECT k, c FROM sbtest1 WHERE k BETWEEN 7471722 AND 7471822
	Bitmap Heap Scan on sbtest1  (cost=5.40..377.55 rows=94 width=125)
	  Recheck Cond: ((k >= 7471722) AND (k <= 7471822))
	  ->  Bitmap Index Scan on k_1  (cost=0.00..5.38 rows=94 width=0)
	        Index Cond: ((k >= 7471722) AND (k <= 7471822))

table 2 : explain SELECT k, c FROM sbtest2 WHERE k BETWEEN 7471722 AND 7471822
	Bitmap Heap Scan on sbtest2  (cost=5.48..409.07 rows=102 width=125)
	  Recheck Cond: ((k >= 7471722) AND (k <= 7471822))
	  ->  Bitmap Index Scan on k_2  (cost=0.00..5.45 rows=102 width=0)
	        Index Cond: ((k >= 7471722) AND (k <= 7471822))

table 3 : explain SELECT k, c FROM sbtest3 WHERE k BETWEEN 7471722 AND 7471822
	Bitmap Heap Scan on sbtest3  (cost=5.36..361.78 rows=90 width=125)
	  Recheck Cond: ((k >= 7471722) AND (k <= 7471822))
	  ->  Bitmap Index Scan on k_3  (cost=0.00..5.33 rows=90 width=0)
	        Index Cond: ((k >= 7471722) AND (k <= 7471822))

table 4 : explain SELECT k, c FROM sbtest4 WHERE k BETWEEN 7471722 AND 7471822
	Bitmap Heap Scan on sbtest4  (cost=5.44..393.31 rows=98 width=125)
	  Recheck Cond: ((k >= 7471722) AND (k <= 7471822))
	  ->  Bitmap Index Scan on k_4  (cost=0.00..5.42 rows=98 width=0)
	        Index Cond: ((k >= 7471722) AND (k <= 7471822))

table 5 : explain SELECT k, c FROM sbtest5 WHERE k BETWEEN 7471722 AND 7471822
	Bitmap Heap Scan on sbtest5  (cost=5.49..413.00 rows=103 width=125)
	  Recheck Cond: ((k >= 7471722) AND (k <= 7471822))
	  ->  Bitmap Index Scan on k_5  (cost=0.00..5.46 rows=103 width=0)
	        Index Cond: ((k >= 7471722) AND (k <= 7471822))

table 6 : explain SELECT k, c FROM sbtest6 WHERE k BETWEEN 7471722 AND 7471822
	Bitmap Heap Scan on sbtest6  (cost=5.44..393.31 rows=98 width=125)
	  Recheck Cond: ((k >= 7471722) AND (k <= 7471822))
	  ->  Bitmap Index Scan on k_6  (cost=0.00..5.42 rows=98 width=0)
	        Index Cond: ((k >= 7471722) AND (k <= 7471822))

table 7 : explain SELECT k, c FROM sbtest7 WHERE k BETWEEN 7471722 AND 7471822
	Bitmap Heap Scan on sbtest7  (cost=5.56..440.56 rows=110 width=125)
	  Recheck Cond: ((k >= 7471722) AND (k <= 7471822))
	  ->  Bitmap Index Scan on k_7  (cost=0.00..5.53 rows=110 width=0)
	        Index Cond: ((k >= 7471722) AND (k <= 7471822))

table 8 : explain SELECT k, c FROM sbtest8 WHERE k BETWEEN 7471722 AND 7471822
	Bitmap Heap Scan on sbtest8  (cost=5.51..420.88 rows=105 width=125)
	  Recheck Cond: ((k >= 7471722) AND (k <= 7471822))
	  ->  Bitmap Index Scan on k_8  (cost=0.00..5.48 rows=105 width=0)
	        Index Cond: ((k >= 7471722) AND (k <= 7471822))

for range-notcovered
table 1 : explain SELECT k, c FROM sbtest1 WHERE k BETWEEN 3016898 AND 3016998
	Bitmap Heap Scan on sbtest1  (cost=5.47..405.13 rows=101 width=125)
	  Recheck Cond: ((k >= 3016898) AND (k <= 3016998))
	  ->  Bitmap Index Scan on k_1  (cost=0.00..5.44 rows=101 width=0)
	        Index Cond: ((k >= 3016898) AND (k <= 3016998))

table 2 : explain SELECT k, c FROM sbtest2 WHERE k BETWEEN 3016898 AND 3016998
	Bitmap Heap Scan on sbtest2  (cost=5.49..413.00 rows=103 width=125)
	  Recheck Cond: ((k >= 3016898) AND (k <= 3016998))
	  ->  Bitmap Index Scan on k_2  (cost=0.00..5.46 rows=103 width=0)
	        Index Cond: ((k >= 3016898) AND (k <= 3016998))

table 3 : explain SELECT k, c FROM sbtest3 WHERE k BETWEEN 3016898 AND 3016998
	Bitmap Heap Scan on sbtest3  (cost=5.60..456.29 rows=114 width=125)
	  Recheck Cond: ((k >= 3016898) AND (k <= 3016998))
	  ->  Bitmap Index Scan on k_3  (cost=0.00..5.58 rows=114 width=0)
	        Index Cond: ((k >= 3016898) AND (k <= 3016998))

table 4 : explain SELECT k, c FROM sbtest4 WHERE k BETWEEN 3016898 AND 3016998
	Bitmap Heap Scan on sbtest4  (cost=5.41..381.49 rows=95 width=125)
	  Recheck Cond: ((k >= 3016898) AND (k <= 3016998))
	  ->  Bitmap Index Scan on k_4  (cost=0.00..5.38 rows=95 width=0)
	        Index Cond: ((k >= 3016898) AND (k <= 3016998))

table 5 : explain SELECT k, c FROM sbtest5 WHERE k BETWEEN 3016898 AND 3016998
	Bitmap Heap Scan on sbtest5  (cost=5.49..413.00 rows=103 width=125)
	  Recheck Cond: ((k >= 3016898) AND (k <= 3016998))
	  ->  Bitmap Index Scan on k_5  (cost=0.00..5.46 rows=103 width=0)
	        Index Cond: ((k >= 3016898) AND (k <= 3016998))

table 6 : explain SELECT k, c FROM sbtest6 WHERE k BETWEEN 3016898 AND 3016998
	Bitmap Heap Scan on sbtest6  (cost=5.50..416.94 rows=104 width=125)
	  Recheck Cond: ((k >= 3016898) AND (k <= 3016998))
	  ->  Bitmap Index Scan on k_6  (cost=0.00..5.47 rows=104 width=0)
	        Index Cond: ((k >= 3016898) AND (k <= 3016998))

table 7 : explain SELECT k, c FROM sbtest7 WHERE k BETWEEN 3016898 AND 3016998
	Bitmap Heap Scan on sbtest7  (cost=5.48..409.07 rows=102 width=125)
	  Recheck Cond: ((k >= 3016898) AND (k <= 3016998))
	  ->  Bitmap Index Scan on k_7  (cost=0.00..5.45 rows=102 width=0)
	        Index Cond: ((k >= 3016898) AND (k <= 3016998))

table 8 : explain SELECT k, c FROM sbtest8 WHERE k BETWEEN 3016898 AND 3016998
	Bitmap Heap Scan on sbtest8  (cost=5.50..416.94 rows=104 width=125)
	  Recheck Cond: ((k >= 3016898) AND (k <= 3016998))
	  ->  Bitmap Index Scan on k_8  (cost=0.00..5.47 rows=104 width=0)
	        Index Cond: ((k >= 3016898) AND (k <= 3016998))

explain: for range-notcovered :: explain SELECT k, c FROM sbtest%d WHERE k BETWEEN 7471722 AND 7471822
explain: for range-notcovered :: explain SELECT k, c FROM sbtest%d WHERE k BETWEEN 3016898 AND 3016998
for range-notcovered
table 1 : explain SELECT k, c FROM sbtest1 WHERE k BETWEEN 7436501 AND 7436601
	Bitmap Heap Scan on sbtest1  (cost=5.40..377.55 rows=94 width=125)
	  Recheck Cond: ((k >= 7436501) AND (k <= 7436601))
	  ->  Bitmap Index Scan on k_1  (cost=0.00..5.38 rows=94 width=0)
	        Index Cond: ((k >= 7436501) AND (k <= 7436601))

table 2 : explain SELECT k, c FROM sbtest2 WHERE k BETWEEN 7436501 AND 7436601
	Bitmap Heap Scan on sbtest2  (cost=5.48..409.07 rows=102 width=125)
	  Recheck Cond: ((k >= 7436501) AND (k <= 7436601))
	  ->  Bitmap Index Scan on k_2  (cost=0.00..5.45 rows=102 width=0)
	        Index Cond: ((k >= 7436501) AND (k <= 7436601))

table 3 : explain SELECT k, c FROM sbtest3 WHERE k BETWEEN 7436501 AND 7436601
	Bitmap Heap Scan on sbtest3  (cost=5.36..361.78 rows=90 width=125)
	  Recheck Cond: ((k >= 7436501) AND (k <= 7436601))
	  ->  Bitmap Index Scan on k_3  (cost=0.00..5.33 rows=90 width=0)
	        Index Cond: ((k >= 7436501) AND (k <= 7436601))

table 4 : explain SELECT k, c FROM sbtest4 WHERE k BETWEEN 7436501 AND 7436601
	Bitmap Heap Scan on sbtest4  (cost=5.44..393.31 rows=98 width=125)
	  Recheck Cond: ((k >= 7436501) AND (k <= 7436601))
	  ->  Bitmap Index Scan on k_4  (cost=0.00..5.42 rows=98 width=0)
	        Index Cond: ((k >= 7436501) AND (k <= 7436601))

table 5 : explain SELECT k, c FROM sbtest5 WHERE k BETWEEN 7436501 AND 7436601
	Bitmap Heap Scan on sbtest5  (cost=5.49..413.00 rows=103 width=125)
	  Recheck Cond: ((k >= 7436501) AND (k <= 7436601))
	  ->  Bitmap Index Scan on k_5  (cost=0.00..5.46 rows=103 width=0)
	        Index Cond: ((k >= 7436501) AND (k <= 7436601))

table 6 : explain SELECT k, c FROM sbtest6 WHERE k BETWEEN 7436501 AND 7436601
	Bitmap Heap Scan on sbtest6  (cost=5.44..393.31 rows=98 width=125)
	  Recheck Cond: ((k >= 7436501) AND (k <= 7436601))
	  ->  Bitmap Index Scan on k_6  (cost=0.00..5.42 rows=98 width=0)
	        Index Cond: ((k >= 7436501) AND (k <= 7436601))

table 7 : explain SELECT k, c FROM sbtest7 WHERE k BETWEEN 7436501 AND 7436601
	Bitmap Heap Scan on sbtest7  (cost=5.44..393.31 rows=98 width=125)
	  Recheck Cond: ((k >= 7436501) AND (k <= 7436601))
	  ->  Bitmap Index Scan on k_7  (cost=0.00..5.42 rows=98 width=0)
	        Index Cond: ((k >= 7436501) AND (k <= 7436601))

table 8 : explain SELECT k, c FROM sbtest8 WHERE k BETWEEN 7436501 AND 7436601
	Bitmap Heap Scan on sbtest8  (cost=5.45..397.25 rows=99 width=125)
	  Recheck Cond: ((k >= 7436501) AND (k <= 7436601))
	  ->  Bitmap Index Scan on k_8  (cost=0.00..5.42 rows=99 width=0)
	        Index Cond: ((k >= 7436501) AND (k <= 7436601))

explain: for range-notcovered :: explain SELECT k, c FROM sbtest%d WHERE k BETWEEN 4244530 AND 4244630
explain: for range-notcovered :: explain SELECT k, c FROM sbtest%d WHERE k BETWEEN 7436501 AND 7436601
for range-notcovered
table 1 : explain SELECT k, c FROM sbtest1 WHERE k BETWEEN 7871046 AND 7871146
	Bitmap Heap Scan on sbtest1  (cost=5.51..420.88 rows=105 width=125)
	  Recheck Cond: ((k >= 7871046) AND (k <= 7871146))
	  ->  Bitmap Index Scan on k_1  (cost=0.00..5.48 rows=105 width=0)
	        Index Cond: ((k >= 7871046) AND (k <= 7871146))

table 2 : explain SELECT k, c FROM sbtest2 WHERE k BETWEEN 7871046 AND 7871146
	Bitmap Heap Scan on sbtest2  (cost=5.52..424.81 rows=106 width=125)
	  Recheck Cond: ((k >= 7871046) AND (k <= 7871146))
	  ->  Bitmap Index Scan on k_2  (cost=0.00..5.50 rows=106 width=0)
	        Index Cond: ((k >= 7871046) AND (k <= 7871146))

table 3 : explain SELECT k, c FROM sbtest3 WHERE k BETWEEN 7871046 AND 7871146
	Bitmap Heap Scan on sbtest3  (cost=5.56..440.56 rows=110 width=125)
	  Recheck Cond: ((k >= 7871046) AND (k <= 7871146))
	  ->  Bitmap Index Scan on k_3  (cost=0.00..5.53 rows=110 width=0)
	        Index Cond: ((k >= 7871046) AND (k <= 7871146))

table 4 : explain SELECT k, c FROM sbtest4 WHERE k BETWEEN 7871046 AND 7871146
	Bitmap Heap Scan on sbtest4  (cost=5.47..405.13 rows=101 width=125)
	  Recheck Cond: ((k >= 7871046) AND (k <= 7871146))
	  ->  Bitmap Index Scan on k_4  (cost=0.00..5.44 rows=101 width=0)
	        Index Cond: ((k >= 7871046) AND (k <= 7871146))

table 5 : explain SELECT k, c FROM sbtest5 WHERE k BETWEEN 7871046 AND 7871146
	Bitmap Heap Scan on sbtest5  (cost=5.49..413.00 rows=103 width=125)
	  Recheck Cond: ((k >= 7871046) AND (k <= 7871146))
	  ->  Bitmap Index Scan on k_5  (cost=0.00..5.46 rows=103 width=0)
	        Index Cond: ((k >= 7871046) AND (k <= 7871146))

table 6 : explain SELECT k, c FROM sbtest6 WHERE k BETWEEN 7871046 AND 7871146
	Bitmap Heap Scan on sbtest6  (cost=5.46..401.19 rows=100 width=125)
	  Recheck Cond: ((k >= 7871046) AND (k <= 7871146))
	  ->  Bitmap Index Scan on k_6  (cost=0.00..5.43 rows=100 width=0)
	        Index Cond: ((k >= 7871046) AND (k <= 7871146))

table 7 : explain SELECT k, c FROM sbtest7 WHERE k BETWEEN 7871046 AND 7871146
	Bitmap Heap Scan on sbtest7  (cost=5.42..385.43 rows=96 width=125)
	  Recheck Cond: ((k >= 7871046) AND (k <= 7871146))
	  ->  Bitmap Index Scan on k_7  (cost=0.00..5.39 rows=96 width=0)
	        Index Cond: ((k >= 7871046) AND (k <= 7871146))

table 8 : explain SELECT k, c FROM sbtest8 WHERE k BETWEEN 7871046 AND 7871146
	Bitmap Heap Scan on sbtest8  (cost=5.46..401.19 rows=100 width=125)
	  Recheck Cond: ((k >= 7871046) AND (k <= 7871146))
	  ->  Bitmap Index Scan on k_8  (cost=0.00..5.43 rows=100 width=0)
	        Index Cond: ((k >= 7871046) AND (k <= 7871146))

for range-notcovered
table 1 : explain SELECT k, c FROM sbtest1 WHERE k BETWEEN 7421777 AND 7421877
	Bitmap Heap Scan on sbtest1  (cost=5.40..377.55 rows=94 width=125)
	  Recheck Cond: ((k >= 7421777) AND (k <= 7421877))
	  ->  Bitmap Index Scan on k_1  (cost=0.00..5.38 rows=94 width=0)
	        Index Cond: ((k >= 7421777) AND (k <= 7421877))

table 2 : explain SELECT k, c FROM sbtest2 WHERE k BETWEEN 7421777 AND 7421877
	Bitmap Heap Scan on sbtest2  (cost=5.48..409.07 rows=102 width=125)
	  Recheck Cond: ((k >= 7421777) AND (k <= 7421877))
	  ->  Bitmap Index Scan on k_2  (cost=0.00..5.45 rows=102 width=0)
	        Index Cond: ((k >= 7421777) AND (k <= 7421877))

table 3 : explain SELECT k, c FROM sbtest3 WHERE k BETWEEN 7421777 AND 7421877
	Bitmap Heap Scan on sbtest3  (cost=5.36..361.78 rows=90 width=125)
	  Recheck Cond: ((k >= 7421777) AND (k <= 7421877))
	  ->  Bitmap Index Scan on k_3  (cost=0.00..5.33 rows=90 width=0)
	        Index Cond: ((k >= 7421777) AND (k <= 7421877))

table 4 : explain SELECT k, c FROM sbtest4 WHERE k BETWEEN 7421777 AND 7421877
	Bitmap Heap Scan on sbtest4  (cost=5.44..393.31 rows=98 width=125)
	  Recheck Cond: ((k >= 7421777) AND (k <= 7421877))
	  ->  Bitmap Index Scan on k_4  (cost=0.00..5.42 rows=98 width=0)
	        Index Cond: ((k >= 7421777) AND (k <= 7421877))

table 5 : explain SELECT k, c FROM sbtest5 WHERE k BETWEEN 7421777 AND 7421877
	Bitmap Heap Scan on sbtest5  (cost=5.49..413.00 rows=103 width=125)
	  Recheck Cond: ((k >= 7421777) AND (k <= 7421877))
	  ->  Bitmap Index Scan on k_5  (cost=0.00..5.46 rows=103 width=0)
	        Index Cond: ((k >= 7421777) AND (k <= 7421877))

table 6 : explain SELECT k, c FROM sbtest6 WHERE k BETWEEN 7421777 AND 7421877
	Bitmap Heap Scan on sbtest6  (cost=5.44..393.31 rows=98 width=125)
	  Recheck Cond: ((k >= 7421777) AND (k <= 7421877))
	  ->  Bitmap Index Scan on k_6  (cost=0.00..5.42 rows=98 width=0)
	        Index Cond: ((k >= 7421777) AND (k <= 7421877))

table 7 : explain SELECT k, c FROM sbtest7 WHERE k BETWEEN 7421777 AND 7421877
	Bitmap Heap Scan on sbtest7  (cost=5.44..393.31 rows=98 width=125)
	  Recheck Cond: ((k >= 7421777) AND (k <= 7421877))
	  ->  Bitmap Index Scan on k_7  (cost=0.00..5.42 rows=98 width=0)
	        Index Cond: ((k >= 7421777) AND (k <= 7421877))

table 8 : explain SELECT k, c FROM sbtest8 WHERE k BETWEEN 7421777 AND 7421877
	Bitmap Heap Scan on sbtest8  (cost=5.45..397.25 rows=99 width=125)
	  Recheck Cond: ((k >= 7421777) AND (k <= 7421877))
	  ->  Bitmap Index Scan on k_8  (cost=0.00..5.42 rows=99 width=0)
	        Index Cond: ((k >= 7421777) AND (k <= 7421877))

for range-notcovered
table 1 : explain SELECT k, c FROM sbtest1 WHERE k BETWEEN 5049292 AND 5049392
	Bitmap Heap Scan on sbtest1  (cost=5.50..416.94 rows=104 width=125)
	  Recheck Cond: ((k >= 5049292) AND (k <= 5049392))
	  ->  Bitmap Index Scan on k_1  (cost=0.00..5.47 rows=104 width=0)
	        Index Cond: ((k >= 5049292) AND (k <= 5049392))

table 2 : explain SELECT k, c FROM sbtest2 WHERE k BETWEEN 5049292 AND 5049392
	Bitmap Heap Scan on sbtest2  (cost=5.49..413.00 rows=103 width=125)
	  Recheck Cond: ((k >= 5049292) AND (k <= 5049392))
	  ->  Bitmap Index Scan on k_2  (cost=0.00..5.46 rows=103 width=0)
	        Index Cond: ((k >= 5049292) AND (k <= 5049392))

table 3 : explain SELECT k, c FROM sbtest3 WHERE k BETWEEN 5049292 AND 5049392
	Bitmap Heap Scan on sbtest3  (cost=5.56..440.56 rows=110 width=125)
	  Recheck Cond: ((k >= 5049292) AND (k <= 5049392))
	  ->  Bitmap Index Scan on k_3  (cost=0.00..5.53 rows=110 width=0)
	        Index Cond: ((k >= 5049292) AND (k <= 5049392))

table 4 : explain SELECT k, c FROM sbtest4 WHERE k BETWEEN 5049292 AND 5049392
	Bitmap Heap Scan on sbtest4  (cost=5.62..464.15 rows=116 width=125)
	  Recheck Cond: ((k >= 5049292) AND (k <= 5049392))
	  ->  Bitmap Index Scan on k_4  (cost=0.00..5.59 rows=116 width=0)
	        Index Cond: ((k >= 5049292) AND (k <= 5049392))

table 5 : explain SELECT k, c FROM sbtest5 WHERE k BETWEEN 5049292 AND 5049392
	Bitmap Heap Scan on sbtest5  (cost=5.50..416.94 rows=104 width=125)
	  Recheck Cond: ((k >= 5049292) AND (k <= 5049392))
	  ->  Bitmap Index Scan on k_5  (cost=0.00..5.47 rows=104 width=0)
	        Index Cond: ((k >= 5049292) AND (k <= 5049392))

table 6 : explain SELECT k, c FROM sbtest6 WHERE k BETWEEN 5049292 AND 5049392
	Bitmap Heap Scan on sbtest6  (cost=5.53..428.75 rows=107 width=125)
	  Recheck Cond: ((k >= 5049292) AND (k <= 5049392))
	  ->  Bitmap Index Scan on k_6  (cost=0.00..5.50 rows=107 width=0)
	        Index Cond: ((k >= 5049292) AND (k <= 5049392))

table 7 : explain SELECT k, c FROM sbtest7 WHERE k BETWEEN 5049292 AND 5049392
	Bitmap Heap Scan on sbtest7  (cost=5.63..468.09 rows=117 width=125)
	  Recheck Cond: ((k >= 5049292) AND (k <= 5049392))
	  ->  Bitmap Index Scan on k_7  (cost=0.00..5.60 rows=117 width=0)
	        Index Cond: ((k >= 5049292) AND (k <= 5049392))

table 8 : explain SELECT k, c FROM sbtest8 WHERE k BETWEEN 5049292 AND 5049392
	Bitmap Heap Scan on sbtest8  (cost=5.54..432.69 rows=108 width=125)
	  Recheck Cond: ((k >= 5049292) AND (k <= 5049392))
	  ->  Bitmap Index Scan on k_8  (cost=0.00..5.51 rows=108 width=0)
	        Index Cond: ((k >= 5049292) AND (k <= 5049392))

explain: for range-notcovered :: explain SELECT k, c FROM sbtest%d WHERE k BETWEEN 7421777 AND 7421877
for range-notcovered
table 1 : explain SELECT k, c FROM sbtest1 WHERE k BETWEEN 6751842 AND 6751942
	Bitmap Heap Scan on sbtest1  (cost=5.49..413.00 rows=103 width=125)
	  Recheck Cond: ((k >= 6751842) AND (k <= 6751942))
	  ->  Bitmap Index Scan on k_1  (cost=0.00..5.46 rows=103 width=0)
	        Index Cond: ((k >= 6751842) AND (k <= 6751942))

table 2 : explain SELECT k, c FROM sbtest2 WHERE k BETWEEN 6751842 AND 6751942
	Bitmap Heap Scan on sbtest2  (cost=5.51..420.88 rows=105 width=125)
	  Recheck Cond: ((k >= 6751842) AND (k <= 6751942))
	  ->  Bitmap Index Scan on k_2  (cost=0.00..5.48 rows=105 width=0)
	        Index Cond: ((k >= 6751842) AND (k <= 6751942))

table 3 : explain SELECT k, c FROM sbtest3 WHERE k BETWEEN 6751842 AND 6751942
	Bitmap Heap Scan on sbtest3  (cost=5.56..440.56 rows=110 width=125)
	  Recheck Cond: ((k >= 6751842) AND (k <= 6751942))
	  ->  Bitmap Index Scan on k_3  (cost=0.00..5.53 rows=110 width=0)
	        Index Cond: ((k >= 6751842) AND (k <= 6751942))

table 4 : explain SELECT k, c FROM sbtest4 WHERE k BETWEEN 6751842 AND 6751942
	Bitmap Heap Scan on sbtest4  (cost=5.59..452.36 rows=113 width=125)
	  Recheck Cond: ((k >= 6751842) AND (k <= 6751942))
	  ->  Bitmap Index Scan on k_4  (cost=0.00..5.56 rows=113 width=0)
	        Index Cond: ((k >= 6751842) AND (k <= 6751942))

table 5 : explain SELECT k, c FROM sbtest5 WHERE k BETWEEN 6751842 AND 6751942
	Bitmap Heap Scan on sbtest5  (cost=5.49..413.00 rows=103 width=125)
	  Recheck Cond: ((k >= 6751842) AND (k <= 6751942))
	  ->  Bitmap Index Scan on k_5  (cost=0.00..5.46 rows=103 width=0)
	        Index Cond: ((k >= 6751842) AND (k <= 6751942))

table 6 : explain SELECT k, c FROM sbtest6 WHERE k BETWEEN 6751842 AND 6751942
	Bitmap Heap Scan on sbtest6  (cost=5.49..413.00 rows=103 width=125)
	  Recheck Cond: ((k >= 6751842) AND (k <= 6751942))
	  ->  Bitmap Index Scan on k_6  (cost=0.00..5.46 rows=103 width=0)
	        Index Cond: ((k >= 6751842) AND (k <= 6751942))

table 7 : explain SELECT k, c FROM sbtest7 WHERE k BETWEEN 6751842 AND 6751942
	Bitmap Heap Scan on sbtest7  (cost=5.39..373.61 rows=93 width=125)
	  Recheck Cond: ((k >= 6751842) AND (k <= 6751942))
	  ->  Bitmap Index Scan on k_7  (cost=0.00..5.36 rows=93 width=0)
	        Index Cond: ((k >= 6751842) AND (k <= 6751942))

table 8 : explain SELECT k, c FROM sbtest8 WHERE k BETWEEN 6751842 AND 6751942
	Bitmap Heap Scan on sbtest8  (cost=5.52..424.81 rows=106 width=125)
	  Recheck Cond: ((k >= 6751842) AND (k <= 6751942))
	  ->  Bitmap Index Scan on k_8  (cost=0.00..5.50 rows=106 width=0)
	        Index Cond: ((k >= 6751842) AND (k <= 6751942))

explain: for range-notcovered :: explain SELECT k, c FROM sbtest%d WHERE k BETWEEN 6751842 AND 6751942
explain: for range-notcovered :: explain SELECT k, c FROM sbtest%d WHERE k BETWEEN 5049292 AND 5049392
for range-notcovered
table 1 : explain SELECT k, c FROM sbtest1 WHERE k BETWEEN 7471722 AND 7471822
	Bitmap Heap Scan on sbtest1  (cost=5.40..377.55 rows=94 width=125)
	  Recheck Cond: ((k >= 7471722) AND (k <= 7471822))
	  ->  Bitmap Index Scan on k_1  (cost=0.00..5.38 rows=94 width=0)
	        Index Cond: ((k >= 7471722) AND (k <= 7471822))

table 2 : explain SELECT k, c FROM sbtest2 WHERE k BETWEEN 7471722 AND 7471822
	Bitmap Heap Scan on sbtest2  (cost=5.48..409.07 rows=102 width=125)
	  Recheck Cond: ((k >= 7471722) AND (k <= 7471822))
	  ->  Bitmap Index Scan on k_2  (cost=0.00..5.45 rows=102 width=0)
	        Index Cond: ((k >= 7471722) AND (k <= 7471822))

table 3 : explain SELECT k, c FROM sbtest3 WHERE k BETWEEN 7471722 AND 7471822
	Bitmap Heap Scan on sbtest3  (cost=5.36..361.78 rows=90 width=125)
	  Recheck Cond: ((k >= 7471722) AND (k <= 7471822))
	  ->  Bitmap Index Scan on k_3  (cost=0.00..5.33 rows=90 width=0)
	        Index Cond: ((k >= 7471722) AND (k <= 7471822))

table 4 : explain SELECT k, c FROM sbtest4 WHERE k BETWEEN 7471722 AND 7471822
	Bitmap Heap Scan on sbtest4  (cost=5.44..393.31 rows=98 width=125)
	  Recheck Cond: ((k >= 7471722) AND (k <= 7471822))
	  ->  Bitmap Index Scan on k_4  (cost=0.00..5.42 rows=98 width=0)
	        Index Cond: ((k >= 7471722) AND (k <= 7471822))

table 5 : explain SELECT k, c FROM sbtest5 WHERE k BETWEEN 7471722 AND 7471822
	Bitmap Heap Scan on sbtest5  (cost=5.49..413.00 rows=103 width=125)
	  Recheck Cond: ((k >= 7471722) AND (k <= 7471822))
	  ->  Bitmap Index Scan on k_5  (cost=0.00..5.46 rows=103 width=0)
	        Index Cond: ((k >= 7471722) AND (k <= 7471822))

table 6 : explain SELECT k, c FROM sbtest6 WHERE k BETWEEN 7471722 AND 7471822
	Bitmap Heap Scan on sbtest6  (cost=5.44..393.31 rows=98 width=125)
	  Recheck Cond: ((k >= 7471722) AND (k <= 7471822))
	  ->  Bitmap Index Scan on k_6  (cost=0.00..5.42 rows=98 width=0)
	        Index Cond: ((k >= 7471722) AND (k <= 7471822))

table 7 : explain SELECT k, c FROM sbtest7 WHERE k BETWEEN 7471722 AND 7471822
	Bitmap Heap Scan on sbtest7  (cost=5.56..440.56 rows=110 width=125)
	  Recheck Cond: ((k >= 7471722) AND (k <= 7471822))
	  ->  Bitmap Index Scan on k_7  (cost=0.00..5.53 rows=110 width=0)
	        Index Cond: ((k >= 7471722) AND (k <= 7471822))

table 8 : explain SELECT k, c FROM sbtest8 WHERE k BETWEEN 7471722 AND 7471822
	Bitmap Heap Scan on sbtest8  (cost=5.51..420.88 rows=105 width=125)
	  Recheck Cond: ((k >= 7471722) AND (k <= 7471822))
	  ->  Bitmap Index Scan on k_8  (cost=0.00..5.48 rows=105 width=0)
	        Index Cond: ((k >= 7471722) AND (k <= 7471822))

explain: for range-notcovered :: explain SELECT k, c FROM sbtest%d WHERE k BETWEEN 7471722 AND 7471822
for range-notcovered
table 1 : explain SELECT k, c FROM sbtest1 WHERE k BETWEEN 7436501 AND 7436601
	Bitmap Heap Scan on sbtest1  (cost=5.40..377.55 rows=94 width=125)
	  Recheck Cond: ((k >= 7436501) AND (k <= 7436601))
	  ->  Bitmap Index Scan on k_1  (cost=0.00..5.38 rows=94 width=0)
	        Index Cond: ((k >= 7436501) AND (k <= 7436601))

table 2 : explain SELECT k, c FROM sbtest2 WHERE k BETWEEN 7436501 AND 7436601
	Bitmap Heap Scan on sbtest2  (cost=5.48..409.07 rows=102 width=125)
	  Recheck Cond: ((k >= 7436501) AND (k <= 7436601))
	  ->  Bitmap Index Scan on k_2  (cost=0.00..5.45 rows=102 width=0)
	        Index Cond: ((k >= 7436501) AND (k <= 7436601))

table 3 : explain SELECT k, c FROM sbtest3 WHERE k BETWEEN 7436501 AND 7436601
	Bitmap Heap Scan on sbtest3  (cost=5.36..361.78 rows=90 width=125)
	  Recheck Cond: ((k >= 7436501) AND (k <= 7436601))
	  ->  Bitmap Index Scan on k_3  (cost=0.00..5.33 rows=90 width=0)
	        Index Cond: ((k >= 7436501) AND (k <= 7436601))

table 4 : explain SELECT k, c FROM sbtest4 WHERE k BETWEEN 7436501 AND 7436601
	Bitmap Heap Scan on sbtest4  (cost=5.44..393.31 rows=98 width=125)
	  Recheck Cond: ((k >= 7436501) AND (k <= 7436601))
	  ->  Bitmap Index Scan on k_4  (cost=0.00..5.42 rows=98 width=0)
	        Index Cond: ((k >= 7436501) AND (k <= 7436601))

table 5 : explain SELECT k, c FROM sbtest5 WHERE k BETWEEN 7436501 AND 7436601
	Bitmap Heap Scan on sbtest5  (cost=5.49..413.00 rows=103 width=125)
	  Recheck Cond: ((k >= 7436501) AND (k <= 7436601))
	  ->  Bitmap Index Scan on k_5  (cost=0.00..5.46 rows=103 width=0)
	        Index Cond: ((k >= 7436501) AND (k <= 7436601))

table 6 : explain SELECT k, c FROM sbtest6 WHERE k BETWEEN 7436501 AND 7436601
	Bitmap Heap Scan on sbtest6  (cost=5.44..393.31 rows=98 width=125)
	  Recheck Cond: ((k >= 7436501) AND (k <= 7436601))
	  ->  Bitmap Index Scan on k_6  (cost=0.00..5.42 rows=98 width=0)
	        Index Cond: ((k >= 7436501) AND (k <= 7436601))

table 7 : explain SELECT k, c FROM sbtest7 WHERE k BETWEEN 7436501 AND 7436601
	Bitmap Heap Scan on sbtest7  (cost=5.44..393.31 rows=98 width=125)
	  Recheck Cond: ((k >= 7436501) AND (k <= 7436601))
	  ->  Bitmap Index Scan on k_7  (cost=0.00..5.42 rows=98 width=0)
	        Index Cond: ((k >= 7436501) AND (k <= 7436601))

table 8 : explain SELECT k, c FROM sbtest8 WHERE k BETWEEN 7436501 AND 7436601
	Bitmap Heap Scan on sbtest8  (cost=5.45..397.25 rows=99 width=125)
	  Recheck Cond: ((k >= 7436501) AND (k <= 7436601))
	  ->  Bitmap Index Scan on k_8  (cost=0.00..5.42 rows=99 width=0)
	        Index Cond: ((k >= 7436501) AND (k <= 7436601))

explain: for range-notcovered :: explain SELECT k, c FROM sbtest%d WHERE k BETWEEN 7436501 AND 7436601
for range-notcovered
table 1 : explain SELECT k, c FROM sbtest1 WHERE k BETWEEN 3016898 AND 3016998
	Bitmap Heap Scan on sbtest1  (cost=5.47..405.13 rows=101 width=125)
	  Recheck Cond: ((k >= 3016898) AND (k <= 3016998))
	  ->  Bitmap Index Scan on k_1  (cost=0.00..5.44 rows=101 width=0)
	        Index Cond: ((k >= 3016898) AND (k <= 3016998))

table 2 : explain SELECT k, c FROM sbtest2 WHERE k BETWEEN 3016898 AND 3016998
	Bitmap Heap Scan on sbtest2  (cost=5.49..413.00 rows=103 width=125)
	  Recheck Cond: ((k >= 3016898) AND (k <= 3016998))
	  ->  Bitmap Index Scan on k_2  (cost=0.00..5.46 rows=103 width=0)
	        Index Cond: ((k >= 3016898) AND (k <= 3016998))

table 3 : explain SELECT k, c FROM sbtest3 WHERE k BETWEEN 3016898 AND 3016998
	Bitmap Heap Scan on sbtest3  (cost=5.60..456.29 rows=114 width=125)
	  Recheck Cond: ((k >= 3016898) AND (k <= 3016998))
	  ->  Bitmap Index Scan on k_3  (cost=0.00..5.58 rows=114 width=0)
	        Index Cond: ((k >= 3016898) AND (k <= 3016998))

table 4 : explain SELECT k, c FROM sbtest4 WHERE k BETWEEN 3016898 AND 3016998
	Bitmap Heap Scan on sbtest4  (cost=5.41..381.49 rows=95 width=125)
	  Recheck Cond: ((k >= 3016898) AND (k <= 3016998))
	  ->  Bitmap Index Scan on k_4  (cost=0.00..5.38 rows=95 width=0)
	        Index Cond: ((k >= 3016898) AND (k <= 3016998))

table 5 : explain SELECT k, c FROM sbtest5 WHERE k BETWEEN 3016898 AND 3016998
	Bitmap Heap Scan on sbtest5  (cost=5.49..413.00 rows=103 width=125)
	  Recheck Cond: ((k >= 3016898) AND (k <= 3016998))
	  ->  Bitmap Index Scan on k_5  (cost=0.00..5.46 rows=103 width=0)
	        Index Cond: ((k >= 3016898) AND (k <= 3016998))

table 6 : explain SELECT k, c FROM sbtest6 WHERE k BETWEEN 3016898 AND 3016998
	Bitmap Heap Scan on sbtest6  (cost=5.50..416.94 rows=104 width=125)
	  Recheck Cond: ((k >= 3016898) AND (k <= 3016998))
	  ->  Bitmap Index Scan on k_6  (cost=0.00..5.47 rows=104 width=0)
	        Index Cond: ((k >= 3016898) AND (k <= 3016998))

table 7 : explain SELECT k, c FROM sbtest7 WHERE k BETWEEN 3016898 AND 3016998
	Bitmap Heap Scan on sbtest7  (cost=5.48..409.07 rows=102 width=125)
	  Recheck Cond: ((k >= 3016898) AND (k <= 3016998))
	  ->  Bitmap Index Scan on k_7  (cost=0.00..5.45 rows=102 width=0)
	        Index Cond: ((k >= 3016898) AND (k <= 3016998))

table 8 : explain SELECT k, c FROM sbtest8 WHERE k BETWEEN 3016898 AND 3016998
	Bitmap Heap Scan on sbtest8  (cost=5.50..416.94 rows=104 width=125)
	  Recheck Cond: ((k >= 3016898) AND (k <= 3016998))
	  ->  Bitmap Index Scan on k_8  (cost=0.00..5.47 rows=104 width=0)
	        Index Cond: ((k >= 3016898) AND (k <= 3016998))

for range-notcovered
table 1 : explain SELECT k, c FROM sbtest1 WHERE k BETWEEN 4712949 AND 4713049
	Bitmap Heap Scan on sbtest1  (cost=5.44..393.31 rows=98 width=125)
	  Recheck Cond: ((k >= 4712949) AND (k <= 4713049))
	  ->  Bitmap Index Scan on k_1  (cost=0.00..5.42 rows=98 width=0)
	        Index Cond: ((k >= 4712949) AND (k <= 4713049))

table 2 : explain SELECT k, c FROM sbtest2 WHERE k BETWEEN 4712949 AND 4713049
	Bitmap Heap Scan on sbtest2  (cost=5.48..409.07 rows=102 width=125)
	  Recheck Cond: ((k >= 4712949) AND (k <= 4713049))
	  ->  Bitmap Index Scan on k_2  (cost=0.00..5.45 rows=102 width=0)
	        Index Cond: ((k >= 4712949) AND (k <= 4713049))

table 3 : explain SELECT k, c FROM sbtest3 WHERE k BETWEEN 4712949 AND 4713049
	Bitmap Heap Scan on sbtest3  (cost=5.50..416.94 rows=104 width=125)
	  Recheck Cond: ((k >= 4712949) AND (k <= 4713049))
	  ->  Bitmap Index Scan on k_3  (cost=0.00..5.47 rows=104 width=0)
	        Index Cond: ((k >= 4712949) AND (k <= 4713049))

table 4 : explain SELECT k, c FROM sbtest4 WHERE k BETWEEN 4712949 AND 4713049
	Bitmap Heap Scan on sbtest4  (cost=5.54..432.69 rows=108 width=125)
	  Recheck Cond: ((k >= 4712949) AND (k <= 4713049))
	  ->  Bitmap Index Scan on k_4  (cost=0.00..5.51 rows=108 width=0)
	        Index Cond: ((k >= 4712949) AND (k <= 4713049))

table 5 : explain SELECT k, c FROM sbtest5 WHERE k BETWEEN 4712949 AND 4713049
	Bitmap Heap Scan on sbtest5  (cost=5.46..401.19 rows=100 width=125)
	  Recheck Cond: ((k >= 4712949) AND (k <= 4713049))
	  ->  Bitmap Index Scan on k_5  (cost=0.00..5.43 rows=100 width=0)
	        Index Cond: ((k >= 4712949) AND (k <= 4713049))

table 6 : explain SELECT k, c FROM sbtest6 WHERE k BETWEEN 4712949 AND 4713049
	Bitmap Heap Scan on sbtest6  (cost=5.45..397.25 rows=99 width=125)
	  Recheck Cond: ((k >= 4712949) AND (k <= 4713049))
	  ->  Bitmap Index Scan on k_6  (cost=0.00..5.42 rows=99 width=0)
	        Index Cond: ((k >= 4712949) AND (k <= 4713049))

table 7 : explain SELECT k, c FROM sbtest7 WHERE k BETWEEN 4712949 AND 4713049
	Bitmap Heap Scan on sbtest7  (cost=5.44..393.31 rows=98 width=125)
	  Recheck Cond: ((k >= 4712949) AND (k <= 4713049))
	  ->  Bitmap Index Scan on k_7  (cost=0.00..5.42 rows=98 width=0)
	        Index Cond: ((k >= 4712949) AND (k <= 4713049))

table 8 : explain SELECT k, c FROM sbtest8 WHERE k BETWEEN 4712949 AND 4713049
	Bitmap Heap Scan on sbtest8  (cost=5.50..416.94 rows=104 width=125)
	  Recheck Cond: ((k >= 4712949) AND (k <= 4713049))
	  ->  Bitmap Index Scan on k_8  (cost=0.00..5.47 rows=104 width=0)
	        Index Cond: ((k >= 4712949) AND (k <= 4713049))

explain: for range-notcovered :: explain SELECT k, c FROM sbtest%d WHERE k BETWEEN 3016898 AND 3016998
explain: for range-notcovered :: explain SELECT k, c FROM sbtest%d WHERE k BETWEEN 4712949 AND 4713049
for range-notcovered
table 1 : explain SELECT k, c FROM sbtest1 WHERE k BETWEEN 1694003 AND 1694103
	Bitmap Heap Scan on sbtest1  (cost=5.57..444.49 rows=111 width=125)
	  Recheck Cond: ((k >= 1694003) AND (k <= 1694103))
	  ->  Bitmap Index Scan on k_1  (cost=0.00..5.54 rows=111 width=0)
	        Index Cond: ((k >= 1694003) AND (k <= 1694103))

table 2 : explain SELECT k, c FROM sbtest2 WHERE k BETWEEN 1694003 AND 1694103
	Bitmap Heap Scan on sbtest2  (cost=5.46..401.19 rows=100 width=125)
	  Recheck Cond: ((k >= 1694003) AND (k <= 1694103))
	  ->  Bitmap Index Scan on k_2  (cost=0.00..5.43 rows=100 width=0)
	        Index Cond: ((k >= 1694003) AND (k <= 1694103))

table 3 : explain SELECT k, c FROM sbtest3 WHERE k BETWEEN 1694003 AND 1694103
	Bitmap Heap Scan on sbtest3  (cost=5.44..393.31 rows=98 width=125)
	  Recheck Cond: ((k >= 1694003) AND (k <= 1694103))
	  ->  Bitmap Index Scan on k_3  (cost=0.00..5.42 rows=98 width=0)
	        Index Cond: ((k >= 1694003) AND (k <= 1694103))

table 4 : explain SELECT k, c FROM sbtest4 WHERE k BETWEEN 1694003 AND 1694103
	Bitmap Heap Scan on sbtest4  (cost=5.48..409.07 rows=102 width=125)
	  Recheck Cond: ((k >= 1694003) AND (k <= 1694103))
	  ->  Bitmap Index Scan on k_4  (cost=0.00..5.45 rows=102 width=0)
	        Index Cond: ((k >= 1694003) AND (k <= 1694103))

table 5 : explain SELECT k, c FROM sbtest5 WHERE k BETWEEN 1694003 AND 1694103
	Bitmap Heap Scan on sbtest5  (cost=5.45..397.25 rows=99 width=125)
	  Recheck Cond: ((k >= 1694003) AND (k <= 1694103))
	  ->  Bitmap Index Scan on k_5  (cost=0.00..5.42 rows=99 width=0)
	        Index Cond: ((k >= 1694003) AND (k <= 1694103))

table 6 : explain SELECT k, c FROM sbtest6 WHERE k BETWEEN 1694003 AND 1694103
	Bitmap Heap Scan on sbtest6  (cost=5.60..456.29 rows=114 width=125)
	  Recheck Cond: ((k >= 1694003) AND (k <= 1694103))
	  ->  Bitmap Index Scan on k_6  (cost=0.00..5.58 rows=114 width=0)
	        Index Cond: ((k >= 1694003) AND (k <= 1694103))

table 7 : explain SELECT k, c FROM sbtest7 WHERE k BETWEEN 1694003 AND 1694103
	Bitmap Heap Scan on sbtest7  (cost=5.51..420.88 rows=105 width=125)
	  Recheck Cond: ((k >= 1694003) AND (k <= 1694103))
	  ->  Bitmap Index Scan on k_7  (cost=0.00..5.48 rows=105 width=0)
	        Index Cond: ((k >= 1694003) AND (k <= 1694103))

table 8 : explain SELECT k, c FROM sbtest8 WHERE k BETWEEN 1694003 AND 1694103
	Bitmap Heap Scan on sbtest8  (cost=5.43..389.37 rows=97 width=125)
	  Recheck Cond: ((k >= 1694003) AND (k <= 1694103))
	  ->  Bitmap Index Scan on k_8  (cost=0.00..5.40 rows=97 width=0)
	        Index Cond: ((k >= 1694003) AND (k <= 1694103))

for range-notcovered
table 1 : explain SELECT k, c FROM sbtest1 WHERE k BETWEEN 6751842 AND 6751942
	Bitmap Heap Scan on sbtest1  (cost=5.49..413.00 rows=103 width=125)
	  Recheck Cond: ((k >= 6751842) AND (k <= 6751942))
	  ->  Bitmap Index Scan on k_1  (cost=0.00..5.46 rows=103 width=0)
	        Index Cond: ((k >= 6751842) AND (k <= 6751942))

table 2 : explain SELECT k, c FROM sbtest2 WHERE k BETWEEN 6751842 AND 6751942
	Bitmap Heap Scan on sbtest2  (cost=5.51..420.88 rows=105 width=125)
	  Recheck Cond: ((k >= 6751842) AND (k <= 6751942))
	  ->  Bitmap Index Scan on k_2  (cost=0.00..5.48 rows=105 width=0)
	        Index Cond: ((k >= 6751842) AND (k <= 6751942))

table 3 : explain SELECT k, c FROM sbtest3 WHERE k BETWEEN 6751842 AND 6751942
	Bitmap Heap Scan on sbtest3  (cost=5.56..440.56 rows=110 width=125)
	  Recheck Cond: ((k >= 6751842) AND (k <= 6751942))
	  ->  Bitmap Index Scan on k_3  (cost=0.00..5.53 rows=110 width=0)
	        Index Cond: ((k >= 6751842) AND (k <= 6751942))

table 4 : explain SELECT k, c FROM sbtest4 WHERE k BETWEEN 6751842 AND 6751942
	Bitmap Heap Scan on sbtest4  (cost=5.59..452.36 rows=113 width=125)
	  Recheck Cond: ((k >= 6751842) AND (k <= 6751942))
	  ->  Bitmap Index Scan on k_4  (cost=0.00..5.56 rows=113 width=0)
	        Index Cond: ((k >= 6751842) AND (k <= 6751942))

table 5 : explain SELECT k, c FROM sbtest5 WHERE k BETWEEN 6751842 AND 6751942
	Bitmap Heap Scan on sbtest5  (cost=5.49..413.00 rows=103 width=125)
	  Recheck Cond: ((k >= 6751842) AND (k <= 6751942))
	  ->  Bitmap Index Scan on k_5  (cost=0.00..5.46 rows=103 width=0)
	        Index Cond: ((k >= 6751842) AND (k <= 6751942))

table 6 : explain SELECT k, c FROM sbtest6 WHERE k BETWEEN 6751842 AND 6751942
	Bitmap Heap Scan on sbtest6  (cost=5.49..413.00 rows=103 width=125)
	  Recheck Cond: ((k >= 6751842) AND (k <= 6751942))
	  ->  Bitmap Index Scan on k_6  (cost=0.00..5.46 rows=103 width=0)
	        Index Cond: ((k >= 6751842) AND (k <= 6751942))

table 7 : explain SELECT k, c FROM sbtest7 WHERE k BETWEEN 6751842 AND 6751942
	Bitmap Heap Scan on sbtest7  (cost=5.39..373.61 rows=93 width=125)
	  Recheck Cond: ((k >= 6751842) AND (k <= 6751942))
	  ->  Bitmap Index Scan on k_7  (cost=0.00..5.36 rows=93 width=0)
	        Index Cond: ((k >= 6751842) AND (k <= 6751942))

table 8 : explain SELECT k, c FROM sbtest8 WHERE k BETWEEN 6751842 AND 6751942
	Bitmap Heap Scan on sbtest8  (cost=5.52..424.81 rows=106 width=125)
	  Recheck Cond: ((k >= 6751842) AND (k <= 6751942))
	  ->  Bitmap Index Scan on k_8  (cost=0.00..5.50 rows=106 width=0)
	        Index Cond: ((k >= 6751842) AND (k <= 6751942))

for range-notcovered
table 1 : explain SELECT k, c FROM sbtest1 WHERE k BETWEEN 7471722 AND 7471822
	Bitmap Heap Scan on sbtest1  (cost=5.40..377.55 rows=94 width=125)
	  Recheck Cond: ((k >= 7471722) AND (k <= 7471822))
	  ->  Bitmap Index Scan on k_1  (cost=0.00..5.38 rows=94 width=0)
	        Index Cond: ((k >= 7471722) AND (k <= 7471822))

table 2 : explain SELECT k, c FROM sbtest2 WHERE k BETWEEN 7471722 AND 7471822
	Bitmap Heap Scan on sbtest2  (cost=5.48..409.07 rows=102 width=125)
	  Recheck Cond: ((k >= 7471722) AND (k <= 7471822))
	  ->  Bitmap Index Scan on k_2  (cost=0.00..5.45 rows=102 width=0)
	        Index Cond: ((k >= 7471722) AND (k <= 7471822))

table 3 : explain SELECT k, c FROM sbtest3 WHERE k BETWEEN 7471722 AND 7471822
	Bitmap Heap Scan on sbtest3  (cost=5.36..361.78 rows=90 width=125)
	  Recheck Cond: ((k >= 7471722) AND (k <= 7471822))
	  ->  Bitmap Index Scan on k_3  (cost=0.00..5.33 rows=90 width=0)
	        Index Cond: ((k >= 7471722) AND (k <= 7471822))

table 4 : explain SELECT k, c FROM sbtest4 WHERE k BETWEEN 7471722 AND 7471822
	Bitmap Heap Scan on sbtest4  (cost=5.44..393.31 rows=98 width=125)
	  Recheck Cond: ((k >= 7471722) AND (k <= 7471822))
	  ->  Bitmap Index Scan on k_4  (cost=0.00..5.42 rows=98 width=0)
	        Index Cond: ((k >= 7471722) AND (k <= 7471822))

table 5 : explain SELECT k, c FROM sbtest5 WHERE k BETWEEN 7471722 AND 7471822
	Bitmap Heap Scan on sbtest5  (cost=5.49..413.00 rows=103 width=125)
	  Recheck Cond: ((k >= 7471722) AND (k <= 7471822))
	  ->  Bitmap Index Scan on k_5  (cost=0.00..5.46 rows=103 width=0)
	        Index Cond: ((k >= 7471722) AND (k <= 7471822))

table 6 : explain SELECT k, c FROM sbtest6 WHERE k BETWEEN 7471722 AND 7471822
	Bitmap Heap Scan on sbtest6  (cost=5.44..393.31 rows=98 width=125)
	  Recheck Cond: ((k >= 7471722) AND (k <= 7471822))
	  ->  Bitmap Index Scan on k_6  (cost=0.00..5.42 rows=98 width=0)
	        Index Cond: ((k >= 7471722) AND (k <= 7471822))

table 7 : explain SELECT k, c FROM sbtest7 WHERE k BETWEEN 7471722 AND 7471822
	Bitmap Heap Scan on sbtest7  (cost=5.56..440.56 rows=110 width=125)
	  Recheck Cond: ((k >= 7471722) AND (k <= 7471822))
	  ->  Bitmap Index Scan on k_7  (cost=0.00..5.53 rows=110 width=0)
	        Index Cond: ((k >= 7471722) AND (k <= 7471822))

table 8 : explain SELECT k, c FROM sbtest8 WHERE k BETWEEN 7471722 AND 7471822
	Bitmap Heap Scan on sbtest8  (cost=5.51..420.88 rows=105 width=125)
	  Recheck Cond: ((k >= 7471722) AND (k <= 7471822))
	  ->  Bitmap Index Scan on k_8  (cost=0.00..5.48 rows=105 width=0)
	        Index Cond: ((k >= 7471722) AND (k <= 7471822))

explain: for range-notcovered :: explain SELECT k, c FROM sbtest%d WHERE k BETWEEN 7471722 AND 7471822
explain: for range-notcovered :: explain SELECT k, c FROM sbtest%d WHERE k BETWEEN 5941187 AND 5941287
for range-notcovered
table 1 : explain SELECT k, c FROM sbtest1 WHERE k BETWEEN 5049292 AND 5049392
	Bitmap Heap Scan on sbtest1  (cost=5.50..416.94 rows=104 width=125)
	  Recheck Cond: ((k >= 5049292) AND (k <= 5049392))
	  ->  Bitmap Index Scan on k_1  (cost=0.00..5.47 rows=104 width=0)
	        Index Cond: ((k >= 5049292) AND (k <= 5049392))

table 2 : explain SELECT k, c FROM sbtest2 WHERE k BETWEEN 5049292 AND 5049392
	Bitmap Heap Scan on sbtest2  (cost=5.49..413.00 rows=103 width=125)
	  Recheck Cond: ((k >= 5049292) AND (k <= 5049392))
	  ->  Bitmap Index Scan on k_2  (cost=0.00..5.46 rows=103 width=0)
	        Index Cond: ((k >= 5049292) AND (k <= 5049392))

table 3 : explain SELECT k, c FROM sbtest3 WHERE k BETWEEN 5049292 AND 5049392
	Bitmap Heap Scan on sbtest3  (cost=5.56..440.56 rows=110 width=125)
	  Recheck Cond: ((k >= 5049292) AND (k <= 5049392))
	  ->  Bitmap Index Scan on k_3  (cost=0.00..5.53 rows=110 width=0)
	        Index Cond: ((k >= 5049292) AND (k <= 5049392))

table 4 : explain SELECT k, c FROM sbtest4 WHERE k BETWEEN 5049292 AND 5049392
	Bitmap Heap Scan on sbtest4  (cost=5.62..464.15 rows=116 width=125)
	  Recheck Cond: ((k >= 5049292) AND (k <= 5049392))
	  ->  Bitmap Index Scan on k_4  (cost=0.00..5.59 rows=116 width=0)
	        Index Cond: ((k >= 5049292) AND (k <= 5049392))

table 5 : explain SELECT k, c FROM sbtest5 WHERE k BETWEEN 5049292 AND 5049392
	Bitmap Heap Scan on sbtest5  (cost=5.50..416.94 rows=104 width=125)
	  Recheck Cond: ((k >= 5049292) AND (k <= 5049392))
	  ->  Bitmap Index Scan on k_5  (cost=0.00..5.47 rows=104 width=0)
	        Index Cond: ((k >= 5049292) AND (k <= 5049392))

table 6 : explain SELECT k, c FROM sbtest6 WHERE k BETWEEN 5049292 AND 5049392
	Bitmap Heap Scan on sbtest6  (cost=5.53..428.75 rows=107 width=125)
	  Recheck Cond: ((k >= 5049292) AND (k <= 5049392))
	  ->  Bitmap Index Scan on k_6  (cost=0.00..5.50 rows=107 width=0)
	        Index Cond: ((k >= 5049292) AND (k <= 5049392))

table 7 : explain SELECT k, c FROM sbtest7 WHERE k BETWEEN 5049292 AND 5049392
	Bitmap Heap Scan on sbtest7  (cost=5.63..468.09 rows=117 width=125)
	  Recheck Cond: ((k >= 5049292) AND (k <= 5049392))
	  ->  Bitmap Index Scan on k_7  (cost=0.00..5.60 rows=117 width=0)
	        Index Cond: ((k >= 5049292) AND (k <= 5049392))

table 8 : explain SELECT k, c FROM sbtest8 WHERE k BETWEEN 5049292 AND 5049392
	Bitmap Heap Scan on sbtest8  (cost=5.54..432.69 rows=108 width=125)
	  Recheck Cond: ((k >= 5049292) AND (k <= 5049392))
	  ->  Bitmap Index Scan on k_8  (cost=0.00..5.51 rows=108 width=0)
	        Index Cond: ((k >= 5049292) AND (k <= 5049392))

for range-notcovered
table 1 : explain SELECT k, c FROM sbtest1 WHERE k BETWEEN 7436501 AND 7436601
	Bitmap Heap Scan on sbtest1  (cost=5.40..377.55 rows=94 width=125)
	  Recheck Cond: ((k >= 7436501) AND (k <= 7436601))
	  ->  Bitmap Index Scan on k_1  (cost=0.00..5.38 rows=94 width=0)
	        Index Cond: ((k >= 7436501) AND (k <= 7436601))

table 2 : explain SELECT k, c FROM sbtest2 WHERE k BETWEEN 7436501 AND 7436601
	Bitmap Heap Scan on sbtest2  (cost=5.48..409.07 rows=102 width=125)
	  Recheck Cond: ((k >= 7436501) AND (k <= 7436601))
	  ->  Bitmap Index Scan on k_2  (cost=0.00..5.45 rows=102 width=0)
	        Index Cond: ((k >= 7436501) AND (k <= 7436601))

table 3 : explain SELECT k, c FROM sbtest3 WHERE k BETWEEN 7436501 AND 7436601
	Bitmap Heap Scan on sbtest3  (cost=5.36..361.78 rows=90 width=125)
	  Recheck Cond: ((k >= 7436501) AND (k <= 7436601))
	  ->  Bitmap Index Scan on k_3  (cost=0.00..5.33 rows=90 width=0)
	        Index Cond: ((k >= 7436501) AND (k <= 7436601))

table 4 : explain SELECT k, c FROM sbtest4 WHERE k BETWEEN 7436501 AND 7436601
	Bitmap Heap Scan on sbtest4  (cost=5.44..393.31 rows=98 width=125)
	  Recheck Cond: ((k >= 7436501) AND (k <= 7436601))
	  ->  Bitmap Index Scan on k_4  (cost=0.00..5.42 rows=98 width=0)
	        Index Cond: ((k >= 7436501) AND (k <= 7436601))

table 5 : explain SELECT k, c FROM sbtest5 WHERE k BETWEEN 7436501 AND 7436601
	Bitmap Heap Scan on sbtest5  (cost=5.49..413.00 rows=103 width=125)
	  Recheck Cond: ((k >= 7436501) AND (k <= 7436601))
	  ->  Bitmap Index Scan on k_5  (cost=0.00..5.46 rows=103 width=0)
	        Index Cond: ((k >= 7436501) AND (k <= 7436601))

table 6 : explain SELECT k, c FROM sbtest6 WHERE k BETWEEN 7436501 AND 7436601
	Bitmap Heap Scan on sbtest6  (cost=5.44..393.31 rows=98 width=125)
	  Recheck Cond: ((k >= 7436501) AND (k <= 7436601))
	  ->  Bitmap Index Scan on k_6  (cost=0.00..5.42 rows=98 width=0)
	        Index Cond: ((k >= 7436501) AND (k <= 7436601))

table 7 : explain SELECT k, c FROM sbtest7 WHERE k BETWEEN 7436501 AND 7436601
	Bitmap Heap Scan on sbtest7  (cost=5.44..393.31 rows=98 width=125)
	  Recheck Cond: ((k >= 7436501) AND (k <= 7436601))
	  ->  Bitmap Index Scan on k_7  (cost=0.00..5.42 rows=98 width=0)
	        Index Cond: ((k >= 7436501) AND (k <= 7436601))

table 8 : explain SELECT k, c FROM sbtest8 WHERE k BETWEEN 7436501 AND 7436601
	Bitmap Heap Scan on sbtest8  (cost=5.45..397.25 rows=99 width=125)
	  Recheck Cond: ((k >= 7436501) AND (k <= 7436601))
	  ->  Bitmap Index Scan on k_8  (cost=0.00..5.42 rows=99 width=0)
	        Index Cond: ((k >= 7436501) AND (k <= 7436601))

explain: for range-notcovered :: explain SELECT k, c FROM sbtest%d WHERE k BETWEEN 5049292 AND 5049392
for range-notcovered
table 1 : explain SELECT k, c FROM sbtest1 WHERE k BETWEEN 4712949 AND 4713049
	Bitmap Heap Scan on sbtest1  (cost=5.44..393.31 rows=98 width=125)
	  Recheck Cond: ((k >= 4712949) AND (k <= 4713049))
	  ->  Bitmap Index Scan on k_1  (cost=0.00..5.42 rows=98 width=0)
	        Index Cond: ((k >= 4712949) AND (k <= 4713049))

table 2 : explain SELECT k, c FROM sbtest2 WHERE k BETWEEN 4712949 AND 4713049
	Bitmap Heap Scan on sbtest2  (cost=5.48..409.07 rows=102 width=125)
	  Recheck Cond: ((k >= 4712949) AND (k <= 4713049))
	  ->  Bitmap Index Scan on k_2  (cost=0.00..5.45 rows=102 width=0)
	        Index Cond: ((k >= 4712949) AND (k <= 4713049))

table 3 : explain SELECT k, c FROM sbtest3 WHERE k BETWEEN 4712949 AND 4713049
	Bitmap Heap Scan on sbtest3  (cost=5.50..416.94 rows=104 width=125)
	  Recheck Cond: ((k >= 4712949) AND (k <= 4713049))
	  ->  Bitmap Index Scan on k_3  (cost=0.00..5.47 rows=104 width=0)
	        Index Cond: ((k >= 4712949) AND (k <= 4713049))

table 4 : explain SELECT k, c FROM sbtest4 WHERE k BETWEEN 4712949 AND 4713049
	Bitmap Heap Scan on sbtest4  (cost=5.54..432.69 rows=108 width=125)
	  Recheck Cond: ((k >= 4712949) AND (k <= 4713049))
	  ->  Bitmap Index Scan on k_4  (cost=0.00..5.51 rows=108 width=0)
	        Index Cond: ((k >= 4712949) AND (k <= 4713049))

table 5 : explain SELECT k, c FROM sbtest5 WHERE k BETWEEN 4712949 AND 4713049
	Bitmap Heap Scan on sbtest5  (cost=5.46..401.19 rows=100 width=125)
	  Recheck Cond: ((k >= 4712949) AND (k <= 4713049))
	  ->  Bitmap Index Scan on k_5  (cost=0.00..5.43 rows=100 width=0)
	        Index Cond: ((k >= 4712949) AND (k <= 4713049))

table 6 : explain SELECT k, c FROM sbtest6 WHERE k BETWEEN 4712949 AND 4713049
	Bitmap Heap Scan on sbtest6  (cost=5.45..397.25 rows=99 width=125)
	  Recheck Cond: ((k >= 4712949) AND (k <= 4713049))
	  ->  Bitmap Index Scan on k_6  (cost=0.00..5.42 rows=99 width=0)
	        Index Cond: ((k >= 4712949) AND (k <= 4713049))

table 7 : explain SELECT k, c FROM sbtest7 WHERE k BETWEEN 4712949 AND 4713049
	Bitmap Heap Scan on sbtest7  (cost=5.44..393.31 rows=98 width=125)
	  Recheck Cond: ((k >= 4712949) AND (k <= 4713049))
	  ->  Bitmap Index Scan on k_7  (cost=0.00..5.42 rows=98 width=0)
	        Index Cond: ((k >= 4712949) AND (k <= 4713049))

table 8 : explain SELECT k, c FROM sbtest8 WHERE k BETWEEN 4712949 AND 4713049
	Bitmap Heap Scan on sbtest8  (cost=5.50..416.94 rows=104 width=125)
	  Recheck Cond: ((k >= 4712949) AND (k <= 4713049))
	  ->  Bitmap Index Scan on k_8  (cost=0.00..5.47 rows=104 width=0)
	        Index Cond: ((k >= 4712949) AND (k <= 4713049))

explain: for range-notcovered :: explain SELECT k, c FROM sbtest%d WHERE k BETWEEN 7436501 AND 7436601
explain: for range-notcovered :: explain SELECT k, c FROM sbtest%d WHERE k BETWEEN 4712949 AND 4713049
for range-notcovered
table 1 : explain SELECT k, c FROM sbtest1 WHERE k BETWEEN 3016898 AND 3016998
	Bitmap Heap Scan on sbtest1  (cost=5.47..405.13 rows=101 width=125)
	  Recheck Cond: ((k >= 3016898) AND (k <= 3016998))
	  ->  Bitmap Index Scan on k_1  (cost=0.00..5.44 rows=101 width=0)
	        Index Cond: ((k >= 3016898) AND (k <= 3016998))

table 2 : explain SELECT k, c FROM sbtest2 WHERE k BETWEEN 3016898 AND 3016998
	Bitmap Heap Scan on sbtest2  (cost=5.49..413.00 rows=103 width=125)
	  Recheck Cond: ((k >= 3016898) AND (k <= 3016998))
	  ->  Bitmap Index Scan on k_2  (cost=0.00..5.46 rows=103 width=0)
	        Index Cond: ((k >= 3016898) AND (k <= 3016998))

table 3 : explain SELECT k, c FROM sbtest3 WHERE k BETWEEN 3016898 AND 3016998
	Bitmap Heap Scan on sbtest3  (cost=5.60..456.29 rows=114 width=125)
	  Recheck Cond: ((k >= 3016898) AND (k <= 3016998))
	  ->  Bitmap Index Scan on k_3  (cost=0.00..5.58 rows=114 width=0)
	        Index Cond: ((k >= 3016898) AND (k <= 3016998))

table 4 : explain SELECT k, c FROM sbtest4 WHERE k BETWEEN 3016898 AND 3016998
	Bitmap Heap Scan on sbtest4  (cost=5.41..381.49 rows=95 width=125)
	  Recheck Cond: ((k >= 3016898) AND (k <= 3016998))
	  ->  Bitmap Index Scan on k_4  (cost=0.00..5.38 rows=95 width=0)
	        Index Cond: ((k >= 3016898) AND (k <= 3016998))

table 5 : explain SELECT k, c FROM sbtest5 WHERE k BETWEEN 3016898 AND 3016998
	Bitmap Heap Scan on sbtest5  (cost=5.49..413.00 rows=103 width=125)
	  Recheck Cond: ((k >= 3016898) AND (k <= 3016998))
	  ->  Bitmap Index Scan on k_5  (cost=0.00..5.46 rows=103 width=0)
	        Index Cond: ((k >= 3016898) AND (k <= 3016998))

table 6 : explain SELECT k, c FROM sbtest6 WHERE k BETWEEN 3016898 AND 3016998
	Bitmap Heap Scan on sbtest6  (cost=5.50..416.94 rows=104 width=125)
	  Recheck Cond: ((k >= 3016898) AND (k <= 3016998))
	  ->  Bitmap Index Scan on k_6  (cost=0.00..5.47 rows=104 width=0)
	        Index Cond: ((k >= 3016898) AND (k <= 3016998))

table 7 : explain SELECT k, c FROM sbtest7 WHERE k BETWEEN 3016898 AND 3016998
	Bitmap Heap Scan on sbtest7  (cost=5.48..409.07 rows=102 width=125)
	  Recheck Cond: ((k >= 3016898) AND (k <= 3016998))
	  ->  Bitmap Index Scan on k_7  (cost=0.00..5.45 rows=102 width=0)
	        Index Cond: ((k >= 3016898) AND (k <= 3016998))

table 8 : explain SELECT k, c FROM sbtest8 WHERE k BETWEEN 3016898 AND 3016998
	Bitmap Heap Scan on sbtest8  (cost=5.50..416.94 rows=104 width=125)
	  Recheck Cond: ((k >= 3016898) AND (k <= 3016998))
	  ->  Bitmap Index Scan on k_8  (cost=0.00..5.47 rows=104 width=0)
	        Index Cond: ((k >= 3016898) AND (k <= 3016998))

for range-notcovered
table 1 : explain SELECT k, c FROM sbtest1 WHERE k BETWEEN 7421777 AND 7421877
	Bitmap Heap Scan on sbtest1  (cost=5.40..377.55 rows=94 width=125)
	  Recheck Cond: ((k >= 7421777) AND (k <= 7421877))
	  ->  Bitmap Index Scan on k_1  (cost=0.00..5.38 rows=94 width=0)
	        Index Cond: ((k >= 7421777) AND (k <= 7421877))

table 2 : explain SELECT k, c FROM sbtest2 WHERE k BETWEEN 7421777 AND 7421877
	Bitmap Heap Scan on sbtest2  (cost=5.48..409.07 rows=102 width=125)
	  Recheck Cond: ((k >= 7421777) AND (k <= 7421877))
	  ->  Bitmap Index Scan on k_2  (cost=0.00..5.45 rows=102 width=0)
	        Index Cond: ((k >= 7421777) AND (k <= 7421877))

table 3 : explain SELECT k, c FROM sbtest3 WHERE k BETWEEN 7421777 AND 7421877
	Bitmap Heap Scan on sbtest3  (cost=5.36..361.78 rows=90 width=125)
	  Recheck Cond: ((k >= 7421777) AND (k <= 7421877))
	  ->  Bitmap Index Scan on k_3  (cost=0.00..5.33 rows=90 width=0)
	        Index Cond: ((k >= 7421777) AND (k <= 7421877))

table 4 : explain SELECT k, c FROM sbtest4 WHERE k BETWEEN 7421777 AND 7421877
	Bitmap Heap Scan on sbtest4  (cost=5.44..393.31 rows=98 width=125)
	  Recheck Cond: ((k >= 7421777) AND (k <= 7421877))
	  ->  Bitmap Index Scan on k_4  (cost=0.00..5.42 rows=98 width=0)
	        Index Cond: ((k >= 7421777) AND (k <= 7421877))

table 5 : explain SELECT k, c FROM sbtest5 WHERE k BETWEEN 7421777 AND 7421877
	Bitmap Heap Scan on sbtest5  (cost=5.49..413.00 rows=103 width=125)
	  Recheck Cond: ((k >= 7421777) AND (k <= 7421877))
	  ->  Bitmap Index Scan on k_5  (cost=0.00..5.46 rows=103 width=0)
	        Index Cond: ((k >= 7421777) AND (k <= 7421877))

table 6 : explain SELECT k, c FROM sbtest6 WHERE k BETWEEN 7421777 AND 7421877
	Bitmap Heap Scan on sbtest6  (cost=5.44..393.31 rows=98 width=125)
	  Recheck Cond: ((k >= 7421777) AND (k <= 7421877))
	  ->  Bitmap Index Scan on k_6  (cost=0.00..5.42 rows=98 width=0)
	        Index Cond: ((k >= 7421777) AND (k <= 7421877))

table 7 : explain SELECT k, c FROM sbtest7 WHERE k BETWEEN 7421777 AND 7421877
	Bitmap Heap Scan on sbtest7  (cost=5.44..393.31 rows=98 width=125)
	  Recheck Cond: ((k >= 7421777) AND (k <= 7421877))
	  ->  Bitmap Index Scan on k_7  (cost=0.00..5.42 rows=98 width=0)
	        Index Cond: ((k >= 7421777) AND (k <= 7421877))

table 8 : explain SELECT k, c FROM sbtest8 WHERE k BETWEEN 7421777 AND 7421877
	Bitmap Heap Scan on sbtest8  (cost=5.45..397.25 rows=99 width=125)
	  Recheck Cond: ((k >= 7421777) AND (k <= 7421877))
	  ->  Bitmap Index Scan on k_8  (cost=0.00..5.42 rows=99 width=0)
	        Index Cond: ((k >= 7421777) AND (k <= 7421877))

explain: for range-notcovered :: explain SELECT k, c FROM sbtest%d WHERE k BETWEEN 3016898 AND 3016998
for range-notcovered
table 1 : explain SELECT k, c FROM sbtest1 WHERE k BETWEEN 7471722 AND 7471822
	Bitmap Heap Scan on sbtest1  (cost=5.40..377.55 rows=94 width=125)
	  Recheck Cond: ((k >= 7471722) AND (k <= 7471822))
	  ->  Bitmap Index Scan on k_1  (cost=0.00..5.38 rows=94 width=0)
	        Index Cond: ((k >= 7471722) AND (k <= 7471822))

table 2 : explain SELECT k, c FROM sbtest2 WHERE k BETWEEN 7471722 AND 7471822
	Bitmap Heap Scan on sbtest2  (cost=5.48..409.07 rows=102 width=125)
	  Recheck Cond: ((k >= 7471722) AND (k <= 7471822))
	  ->  Bitmap Index Scan on k_2  (cost=0.00..5.45 rows=102 width=0)
	        Index Cond: ((k >= 7471722) AND (k <= 7471822))

table 3 : explain SELECT k, c FROM sbtest3 WHERE k BETWEEN 7471722 AND 7471822
	Bitmap Heap Scan on sbtest3  (cost=5.36..361.78 rows=90 width=125)
	  Recheck Cond: ((k >= 7471722) AND (k <= 7471822))
	  ->  Bitmap Index Scan on k_3  (cost=0.00..5.33 rows=90 width=0)
	        Index Cond: ((k >= 7471722) AND (k <= 7471822))

table 4 : explain SELECT k, c FROM sbtest4 WHERE k BETWEEN 7471722 AND 7471822
	Bitmap Heap Scan on sbtest4  (cost=5.44..393.31 rows=98 width=125)
	  Recheck Cond: ((k >= 7471722) AND (k <= 7471822))
	  ->  Bitmap Index Scan on k_4  (cost=0.00..5.42 rows=98 width=0)
	        Index Cond: ((k >= 7471722) AND (k <= 7471822))

table 5 : explain SELECT k, c FROM sbtest5 WHERE k BETWEEN 7471722 AND 7471822
	Bitmap Heap Scan on sbtest5  (cost=5.49..413.00 rows=103 width=125)
	  Recheck Cond: ((k >= 7471722) AND (k <= 7471822))
	  ->  Bitmap Index Scan on k_5  (cost=0.00..5.46 rows=103 width=0)
	        Index Cond: ((k >= 7471722) AND (k <= 7471822))

table 6 : explain SELECT k, c FROM sbtest6 WHERE k BETWEEN 7471722 AND 7471822
	Bitmap Heap Scan on sbtest6  (cost=5.44..393.31 rows=98 width=125)
	  Recheck Cond: ((k >= 7471722) AND (k <= 7471822))
	  ->  Bitmap Index Scan on k_6  (cost=0.00..5.42 rows=98 width=0)
	        Index Cond: ((k >= 7471722) AND (k <= 7471822))

table 7 : explain SELECT k, c FROM sbtest7 WHERE k BETWEEN 7471722 AND 7471822
	Bitmap Heap Scan on sbtest7  (cost=5.56..440.56 rows=110 width=125)
	  Recheck Cond: ((k >= 7471722) AND (k <= 7471822))
	  ->  Bitmap Index Scan on k_7  (cost=0.00..5.53 rows=110 width=0)
	        Index Cond: ((k >= 7471722) AND (k <= 7471822))

table 8 : explain SELECT k, c FROM sbtest8 WHERE k BETWEEN 7471722 AND 7471822
	Bitmap Heap Scan on sbtest8  (cost=5.51..420.88 rows=105 width=125)
	  Recheck Cond: ((k >= 7471722) AND (k <= 7471822))
	  ->  Bitmap Index Scan on k_8  (cost=0.00..5.48 rows=105 width=0)
	        Index Cond: ((k >= 7471722) AND (k <= 7471822))

explain: for range-notcovered :: explain SELECT k, c FROM sbtest%d WHERE k BETWEEN 7471722 AND 7471822
for range-notcovered
table 1 : explain SELECT k, c FROM sbtest1 WHERE k BETWEEN 5049292 AND 5049392
	Bitmap Heap Scan on sbtest1  (cost=5.50..416.94 rows=104 width=125)
	  Recheck Cond: ((k >= 5049292) AND (k <= 5049392))
	  ->  Bitmap Index Scan on k_1  (cost=0.00..5.47 rows=104 width=0)
	        Index Cond: ((k >= 5049292) AND (k <= 5049392))

table 2 : explain SELECT k, c FROM sbtest2 WHERE k BETWEEN 5049292 AND 5049392
	Bitmap Heap Scan on sbtest2  (cost=5.49..413.00 rows=103 width=125)
	  Recheck Cond: ((k >= 5049292) AND (k <= 5049392))
	  ->  Bitmap Index Scan on k_2  (cost=0.00..5.46 rows=103 width=0)
	        Index Cond: ((k >= 5049292) AND (k <= 5049392))

table 3 : explain SELECT k, c FROM sbtest3 WHERE k BETWEEN 5049292 AND 5049392
	Bitmap Heap Scan on sbtest3  (cost=5.56..440.56 rows=110 width=125)
	  Recheck Cond: ((k >= 5049292) AND (k <= 5049392))
	  ->  Bitmap Index Scan on k_3  (cost=0.00..5.53 rows=110 width=0)
	        Index Cond: ((k >= 5049292) AND (k <= 5049392))

table 4 : explain SELECT k, c FROM sbtest4 WHERE k BETWEEN 5049292 AND 5049392
	Bitmap Heap Scan on sbtest4  (cost=5.62..464.15 rows=116 width=125)
	  Recheck Cond: ((k >= 5049292) AND (k <= 5049392))
	  ->  Bitmap Index Scan on k_4  (cost=0.00..5.59 rows=116 width=0)
	        Index Cond: ((k >= 5049292) AND (k <= 5049392))

table 5 : explain SELECT k, c FROM sbtest5 WHERE k BETWEEN 5049292 AND 5049392
	Bitmap Heap Scan on sbtest5  (cost=5.50..416.94 rows=104 width=125)
	  Recheck Cond: ((k >= 5049292) AND (k <= 5049392))
	  ->  Bitmap Index Scan on k_5  (cost=0.00..5.47 rows=104 width=0)
	        Index Cond: ((k >= 5049292) AND (k <= 5049392))

table 6 : explain SELECT k, c FROM sbtest6 WHERE k BETWEEN 5049292 AND 5049392
	Bitmap Heap Scan on sbtest6  (cost=5.53..428.75 rows=107 width=125)
	  Recheck Cond: ((k >= 5049292) AND (k <= 5049392))
	  ->  Bitmap Index Scan on k_6  (cost=0.00..5.50 rows=107 width=0)
	        Index Cond: ((k >= 5049292) AND (k <= 5049392))

table 7 : explain SELECT k, c FROM sbtest7 WHERE k BETWEEN 5049292 AND 5049392
	Bitmap Heap Scan on sbtest7  (cost=5.63..468.09 rows=117 width=125)
	  Recheck Cond: ((k >= 5049292) AND (k <= 5049392))
	  ->  Bitmap Index Scan on k_7  (cost=0.00..5.60 rows=117 width=0)
	        Index Cond: ((k >= 5049292) AND (k <= 5049392))

table 8 : explain SELECT k, c FROM sbtest8 WHERE k BETWEEN 5049292 AND 5049392
	Bitmap Heap Scan on sbtest8  (cost=5.54..432.69 rows=108 width=125)
	  Recheck Cond: ((k >= 5049292) AND (k <= 5049392))
	  ->  Bitmap Index Scan on k_8  (cost=0.00..5.51 rows=108 width=0)
	        Index Cond: ((k >= 5049292) AND (k <= 5049392))

explain: for range-notcovered :: explain SELECT k, c FROM sbtest%d WHERE k BETWEEN 5049292 AND 5049392
for range-notcovered
table 1 : explain SELECT k, c FROM sbtest1 WHERE k BETWEEN 4712949 AND 4713049
	Bitmap Heap Scan on sbtest1  (cost=5.44..393.31 rows=98 width=125)
	  Recheck Cond: ((k >= 4712949) AND (k <= 4713049))
	  ->  Bitmap Index Scan on k_1  (cost=0.00..5.42 rows=98 width=0)
	        Index Cond: ((k >= 4712949) AND (k <= 4713049))

table 2 : explain SELECT k, c FROM sbtest2 WHERE k BETWEEN 4712949 AND 4713049
	Bitmap Heap Scan on sbtest2  (cost=5.48..409.07 rows=102 width=125)
	  Recheck Cond: ((k >= 4712949) AND (k <= 4713049))
	  ->  Bitmap Index Scan on k_2  (cost=0.00..5.45 rows=102 width=0)
	        Index Cond: ((k >= 4712949) AND (k <= 4713049))

table 3 : explain SELECT k, c FROM sbtest3 WHERE k BETWEEN 4712949 AND 4713049
	Bitmap Heap Scan on sbtest3  (cost=5.50..416.94 rows=104 width=125)
	  Recheck Cond: ((k >= 4712949) AND (k <= 4713049))
	  ->  Bitmap Index Scan on k_3  (cost=0.00..5.47 rows=104 width=0)
	        Index Cond: ((k >= 4712949) AND (k <= 4713049))

table 4 : explain SELECT k, c FROM sbtest4 WHERE k BETWEEN 4712949 AND 4713049
	Bitmap Heap Scan on sbtest4  (cost=5.54..432.69 rows=108 width=125)
	  Recheck Cond: ((k >= 4712949) AND (k <= 4713049))
	  ->  Bitmap Index Scan on k_4  (cost=0.00..5.51 rows=108 width=0)
	        Index Cond: ((k >= 4712949) AND (k <= 4713049))

table 5 : explain SELECT k, c FROM sbtest5 WHERE k BETWEEN 4712949 AND 4713049
	Bitmap Heap Scan on sbtest5  (cost=5.46..401.19 rows=100 width=125)
	  Recheck Cond: ((k >= 4712949) AND (k <= 4713049))
	  ->  Bitmap Index Scan on k_5  (cost=0.00..5.43 rows=100 width=0)
	        Index Cond: ((k >= 4712949) AND (k <= 4713049))

table 6 : explain SELECT k, c FROM sbtest6 WHERE k BETWEEN 4712949 AND 4713049
	Bitmap Heap Scan on sbtest6  (cost=5.45..397.25 rows=99 width=125)
	  Recheck Cond: ((k >= 4712949) AND (k <= 4713049))
	  ->  Bitmap Index Scan on k_6  (cost=0.00..5.42 rows=99 width=0)
	        Index Cond: ((k >= 4712949) AND (k <= 4713049))

table 7 : explain SELECT k, c FROM sbtest7 WHERE k BETWEEN 4712949 AND 4713049
	Bitmap Heap Scan on sbtest7  (cost=5.44..393.31 rows=98 width=125)
	  Recheck Cond: ((k >= 4712949) AND (k <= 4713049))
	  ->  Bitmap Index Scan on k_7  (cost=0.00..5.42 rows=98 width=0)
	        Index Cond: ((k >= 4712949) AND (k <= 4713049))

table 8 : explain SELECT k, c FROM sbtest8 WHERE k BETWEEN 4712949 AND 4713049
	Bitmap Heap Scan on sbtest8  (cost=5.50..416.94 rows=104 width=125)
	  Recheck Cond: ((k >= 4712949) AND (k <= 4713049))
	  ->  Bitmap Index Scan on k_8  (cost=0.00..5.47 rows=104 width=0)
	        Index Cond: ((k >= 4712949) AND (k <= 4713049))

for range-notcovered
table 1 : explain SELECT k, c FROM sbtest1 WHERE k BETWEEN 7436501 AND 7436601
	Bitmap Heap Scan on sbtest1  (cost=5.40..377.55 rows=94 width=125)
	  Recheck Cond: ((k >= 7436501) AND (k <= 7436601))
	  ->  Bitmap Index Scan on k_1  (cost=0.00..5.38 rows=94 width=0)
	        Index Cond: ((k >= 7436501) AND (k <= 7436601))

table 2 : explain SELECT k, c FROM sbtest2 WHERE k BETWEEN 7436501 AND 7436601
	Bitmap Heap Scan on sbtest2  (cost=5.48..409.07 rows=102 width=125)
	  Recheck Cond: ((k >= 7436501) AND (k <= 7436601))
	  ->  Bitmap Index Scan on k_2  (cost=0.00..5.45 rows=102 width=0)
	        Index Cond: ((k >= 7436501) AND (k <= 7436601))

table 3 : explain SELECT k, c FROM sbtest3 WHERE k BETWEEN 7436501 AND 7436601
	Bitmap Heap Scan on sbtest3  (cost=5.36..361.78 rows=90 width=125)
	  Recheck Cond: ((k >= 7436501) AND (k <= 7436601))
	  ->  Bitmap Index Scan on k_3  (cost=0.00..5.33 rows=90 width=0)
	        Index Cond: ((k >= 7436501) AND (k <= 7436601))

table 4 : explain SELECT k, c FROM sbtest4 WHERE k BETWEEN 7436501 AND 7436601
	Bitmap Heap Scan on sbtest4  (cost=5.44..393.31 rows=98 width=125)
	  Recheck Cond: ((k >= 7436501) AND (k <= 7436601))
	  ->  Bitmap Index Scan on k_4  (cost=0.00..5.42 rows=98 width=0)
	        Index Cond: ((k >= 7436501) AND (k <= 7436601))

table 5 : explain SELECT k, c FROM sbtest5 WHERE k BETWEEN 7436501 AND 7436601
	Bitmap Heap Scan on sbtest5  (cost=5.49..413.00 rows=103 width=125)
	  Recheck Cond: ((k >= 7436501) AND (k <= 7436601))
	  ->  Bitmap Index Scan on k_5  (cost=0.00..5.46 rows=103 width=0)
	        Index Cond: ((k >= 7436501) AND (k <= 7436601))

table 6 : explain SELECT k, c FROM sbtest6 WHERE k BETWEEN 7436501 AND 7436601
	Bitmap Heap Scan on sbtest6  (cost=5.44..393.31 rows=98 width=125)
	  Recheck Cond: ((k >= 7436501) AND (k <= 7436601))
	  ->  Bitmap Index Scan on k_6  (cost=0.00..5.42 rows=98 width=0)
	        Index Cond: ((k >= 7436501) AND (k <= 7436601))

table 7 : explain SELECT k, c FROM sbtest7 WHERE k BETWEEN 7436501 AND 7436601
	Bitmap Heap Scan on sbtest7  (cost=5.44..393.31 rows=98 width=125)
	  Recheck Cond: ((k >= 7436501) AND (k <= 7436601))
	  ->  Bitmap Index Scan on k_7  (cost=0.00..5.42 rows=98 width=0)
	        Index Cond: ((k >= 7436501) AND (k <= 7436601))

table 8 : explain SELECT k, c FROM sbtest8 WHERE k BETWEEN 7436501 AND 7436601
	Bitmap Heap Scan on sbtest8  (cost=5.45..397.25 rows=99 width=125)
	  Recheck Cond: ((k >= 7436501) AND (k <= 7436601))
	  ->  Bitmap Index Scan on k_8  (cost=0.00..5.42 rows=99 width=0)
	        Index Cond: ((k >= 7436501) AND (k <= 7436601))

explain: for range-notcovered :: explain SELECT k, c FROM sbtest%d WHERE k BETWEEN 4712949 AND 4713049
explain: for range-notcovered :: explain SELECT k, c FROM sbtest%d WHERE k BETWEEN 7436501 AND 7436601
for range-notcovered
table 1 : explain SELECT k, c FROM sbtest1 WHERE k BETWEEN 3016898 AND 3016998
	Bitmap Heap Scan on sbtest1  (cost=5.47..405.13 rows=101 width=125)
	  Recheck Cond: ((k >= 3016898) AND (k <= 3016998))
	  ->  Bitmap Index Scan on k_1  (cost=0.00..5.44 rows=101 width=0)
	        Index Cond: ((k >= 3016898) AND (k <= 3016998))

table 2 : explain SELECT k, c FROM sbtest2 WHERE k BETWEEN 3016898 AND 3016998
	Bitmap Heap Scan on sbtest2  (cost=5.49..413.00 rows=103 width=125)
	  Recheck Cond: ((k >= 3016898) AND (k <= 3016998))
	  ->  Bitmap Index Scan on k_2  (cost=0.00..5.46 rows=103 width=0)
	        Index Cond: ((k >= 3016898) AND (k <= 3016998))

table 3 : explain SELECT k, c FROM sbtest3 WHERE k BETWEEN 3016898 AND 3016998
	Bitmap Heap Scan on sbtest3  (cost=5.60..456.29 rows=114 width=125)
	  Recheck Cond: ((k >= 3016898) AND (k <= 3016998))
	  ->  Bitmap Index Scan on k_3  (cost=0.00..5.58 rows=114 width=0)
	        Index Cond: ((k >= 3016898) AND (k <= 3016998))

table 4 : explain SELECT k, c FROM sbtest4 WHERE k BETWEEN 3016898 AND 3016998
	Bitmap Heap Scan on sbtest4  (cost=5.41..381.49 rows=95 width=125)
	  Recheck Cond: ((k >= 3016898) AND (k <= 3016998))
	  ->  Bitmap Index Scan on k_4  (cost=0.00..5.38 rows=95 width=0)
	        Index Cond: ((k >= 3016898) AND (k <= 3016998))

table 5 : explain SELECT k, c FROM sbtest5 WHERE k BETWEEN 3016898 AND 3016998
	Bitmap Heap Scan on sbtest5  (cost=5.49..413.00 rows=103 width=125)
	  Recheck Cond: ((k >= 3016898) AND (k <= 3016998))
	  ->  Bitmap Index Scan on k_5  (cost=0.00..5.46 rows=103 width=0)
	        Index Cond: ((k >= 3016898) AND (k <= 3016998))

table 6 : explain SELECT k, c FROM sbtest6 WHERE k BETWEEN 3016898 AND 3016998
	Bitmap Heap Scan on sbtest6  (cost=5.50..416.94 rows=104 width=125)
	  Recheck Cond: ((k >= 3016898) AND (k <= 3016998))
	  ->  Bitmap Index Scan on k_6  (cost=0.00..5.47 rows=104 width=0)
	        Index Cond: ((k >= 3016898) AND (k <= 3016998))

table 7 : explain SELECT k, c FROM sbtest7 WHERE k BETWEEN 3016898 AND 3016998
	Bitmap Heap Scan on sbtest7  (cost=5.48..409.07 rows=102 width=125)
	  Recheck Cond: ((k >= 3016898) AND (k <= 3016998))
	  ->  Bitmap Index Scan on k_7  (cost=0.00..5.45 rows=102 width=0)
	        Index Cond: ((k >= 3016898) AND (k <= 3016998))

table 8 : explain SELECT k, c FROM sbtest8 WHERE k BETWEEN 3016898 AND 3016998
	Bitmap Heap Scan on sbtest8  (cost=5.50..416.94 rows=104 width=125)
	  Recheck Cond: ((k >= 3016898) AND (k <= 3016998))
	  ->  Bitmap Index Scan on k_8  (cost=0.00..5.47 rows=104 width=0)
	        Index Cond: ((k >= 3016898) AND (k <= 3016998))

explain: for range-notcovered :: explain SELECT k, c FROM sbtest%d WHERE k BETWEEN 3016898 AND 3016998
for range-notcovered
table 1 : explain SELECT k, c FROM sbtest1 WHERE k BETWEEN 4244530 AND 4244630
	Bitmap Heap Scan on sbtest1  (cost=5.50..416.94 rows=104 width=125)
	  Recheck Cond: ((k >= 4244530) AND (k <= 4244630))
	  ->  Bitmap Index Scan on k_1  (cost=0.00..5.47 rows=104 width=0)
	        Index Cond: ((k >= 4244530) AND (k <= 4244630))

table 2 : explain SELECT k, c FROM sbtest2 WHERE k BETWEEN 4244530 AND 4244630
	Bitmap Heap Scan on sbtest2  (cost=5.43..389.37 rows=97 width=125)
	  Recheck Cond: ((k >= 4244530) AND (k <= 4244630))
	  ->  Bitmap Index Scan on k_2  (cost=0.00..5.40 rows=97 width=0)
	        Index Cond: ((k >= 4244530) AND (k <= 4244630))

table 3 : explain SELECT k, c FROM sbtest3 WHERE k BETWEEN 4244530 AND 4244630
	Bitmap Heap Scan on sbtest3  (cost=5.55..436.62 rows=109 width=125)
	  Recheck Cond: ((k >= 4244530) AND (k <= 4244630))
	  ->  Bitmap Index Scan on k_3  (cost=0.00..5.52 rows=109 width=0)
	        Index Cond: ((k >= 4244530) AND (k <= 4244630))

table 4 : explain SELECT k, c FROM sbtest4 WHERE k BETWEEN 4244530 AND 4244630
	Bitmap Heap Scan on sbtest4  (cost=5.49..413.00 rows=103 width=125)
	  Recheck Cond: ((k >= 4244530) AND (k <= 4244630))
	  ->  Bitmap Index Scan on k_4  (cost=0.00..5.46 rows=103 width=0)
	        Index Cond: ((k >= 4244530) AND (k <= 4244630))

table 5 : explain SELECT k, c FROM sbtest5 WHERE k BETWEEN 4244530 AND 4244630
	Bitmap Heap Scan on sbtest5  (cost=5.50..416.94 rows=104 width=125)
	  Recheck Cond: ((k >= 4244530) AND (k <= 4244630))
	  ->  Bitmap Index Scan on k_5  (cost=0.00..5.47 rows=104 width=0)
	        Index Cond: ((k >= 4244530) AND (k <= 4244630))

table 6 : explain SELECT k, c FROM sbtest6 WHERE k BETWEEN 4244530 AND 4244630
	Bitmap Heap Scan on sbtest6  (cost=5.54..432.69 rows=108 width=125)
	  Recheck Cond: ((k >= 4244530) AND (k <= 4244630))
	  ->  Bitmap Index Scan on k_6  (cost=0.00..5.51 rows=108 width=0)
	        Index Cond: ((k >= 4244530) AND (k <= 4244630))

table 7 : explain SELECT k, c FROM sbtest7 WHERE k BETWEEN 4244530 AND 4244630
	Bitmap Heap Scan on sbtest7  (cost=5.57..444.49 rows=111 width=125)
	  Recheck Cond: ((k >= 4244530) AND (k <= 4244630))
	  ->  Bitmap Index Scan on k_7  (cost=0.00..5.54 rows=111 width=0)
	        Index Cond: ((k >= 4244530) AND (k <= 4244630))

table 8 : explain SELECT k, c FROM sbtest8 WHERE k BETWEEN 4244530 AND 4244630
	Bitmap Heap Scan on sbtest8  (cost=5.49..413.00 rows=103 width=125)
	  Recheck Cond: ((k >= 4244530) AND (k <= 4244630))
	  ->  Bitmap Index Scan on k_8  (cost=0.00..5.46 rows=103 width=0)
	        Index Cond: ((k >= 4244530) AND (k <= 4244630))

explain: for range-notcovered :: explain SELECT k, c FROM sbtest%d WHERE k BETWEEN 1382970 AND 1383070
explain: for range-notcovered :: explain SELECT k, c FROM sbtest%d WHERE k BETWEEN 4244530 AND 4244630
for range-notcovered
table 1 : explain SELECT k, c FROM sbtest1 WHERE k BETWEEN 7471722 AND 7471822
	Bitmap Heap Scan on sbtest1  (cost=5.40..377.55 rows=94 width=125)
	  Recheck Cond: ((k >= 7471722) AND (k <= 7471822))
	  ->  Bitmap Index Scan on k_1  (cost=0.00..5.38 rows=94 width=0)
	        Index Cond: ((k >= 7471722) AND (k <= 7471822))

table 2 : explain SELECT k, c FROM sbtest2 WHERE k BETWEEN 7471722 AND 7471822
	Bitmap Heap Scan on sbtest2  (cost=5.48..409.07 rows=102 width=125)
	  Recheck Cond: ((k >= 7471722) AND (k <= 7471822))
	  ->  Bitmap Index Scan on k_2  (cost=0.00..5.45 rows=102 width=0)
	        Index Cond: ((k >= 7471722) AND (k <= 7471822))

table 3 : explain SELECT k, c FROM sbtest3 WHERE k BETWEEN 7471722 AND 7471822
	Bitmap Heap Scan on sbtest3  (cost=5.36..361.78 rows=90 width=125)
	  Recheck Cond: ((k >= 7471722) AND (k <= 7471822))
	  ->  Bitmap Index Scan on k_3  (cost=0.00..5.33 rows=90 width=0)
	        Index Cond: ((k >= 7471722) AND (k <= 7471822))

table 4 : explain SELECT k, c FROM sbtest4 WHERE k BETWEEN 7471722 AND 7471822
	Bitmap Heap Scan on sbtest4  (cost=5.44..393.31 rows=98 width=125)
	  Recheck Cond: ((k >= 7471722) AND (k <= 7471822))
	  ->  Bitmap Index Scan on k_4  (cost=0.00..5.42 rows=98 width=0)
	        Index Cond: ((k >= 7471722) AND (k <= 7471822))

table 5 : explain SELECT k, c FROM sbtest5 WHERE k BETWEEN 7471722 AND 7471822
	Bitmap Heap Scan on sbtest5  (cost=5.49..413.00 rows=103 width=125)
	  Recheck Cond: ((k >= 7471722) AND (k <= 7471822))
	  ->  Bitmap Index Scan on k_5  (cost=0.00..5.46 rows=103 width=0)
	        Index Cond: ((k >= 7471722) AND (k <= 7471822))

table 6 : explain SELECT k, c FROM sbtest6 WHERE k BETWEEN 7471722 AND 7471822
	Bitmap Heap Scan on sbtest6  (cost=5.44..393.31 rows=98 width=125)
	  Recheck Cond: ((k >= 7471722) AND (k <= 7471822))
	  ->  Bitmap Index Scan on k_6  (cost=0.00..5.42 rows=98 width=0)
	        Index Cond: ((k >= 7471722) AND (k <= 7471822))

table 7 : explain SELECT k, c FROM sbtest7 WHERE k BETWEEN 7471722 AND 7471822
	Bitmap Heap Scan on sbtest7  (cost=5.56..440.56 rows=110 width=125)
	  Recheck Cond: ((k >= 7471722) AND (k <= 7471822))
	  ->  Bitmap Index Scan on k_7  (cost=0.00..5.53 rows=110 width=0)
	        Index Cond: ((k >= 7471722) AND (k <= 7471822))

table 8 : explain SELECT k, c FROM sbtest8 WHERE k BETWEEN 7471722 AND 7471822
	Bitmap Heap Scan on sbtest8  (cost=5.51..420.88 rows=105 width=125)
	  Recheck Cond: ((k >= 7471722) AND (k <= 7471822))
	  ->  Bitmap Index Scan on k_8  (cost=0.00..5.48 rows=105 width=0)
	        Index Cond: ((k >= 7471722) AND (k <= 7471822))

explain: for range-notcovered :: explain SELECT k, c FROM sbtest%d WHERE k BETWEEN 7471722 AND 7471822
for range-notcovered
table 1 : explain SELECT k, c FROM sbtest1 WHERE k BETWEEN 5049292 AND 5049392
	Bitmap Heap Scan on sbtest1  (cost=5.50..416.94 rows=104 width=125)
	  Recheck Cond: ((k >= 5049292) AND (k <= 5049392))
	  ->  Bitmap Index Scan on k_1  (cost=0.00..5.47 rows=104 width=0)
	        Index Cond: ((k >= 5049292) AND (k <= 5049392))

table 2 : explain SELECT k, c FROM sbtest2 WHERE k BETWEEN 5049292 AND 5049392
	Bitmap Heap Scan on sbtest2  (cost=5.49..413.00 rows=103 width=125)
	  Recheck Cond: ((k >= 5049292) AND (k <= 5049392))
	  ->  Bitmap Index Scan on k_2  (cost=0.00..5.46 rows=103 width=0)
	        Index Cond: ((k >= 5049292) AND (k <= 5049392))

table 3 : explain SELECT k, c FROM sbtest3 WHERE k BETWEEN 5049292 AND 5049392
	Bitmap Heap Scan on sbtest3  (cost=5.56..440.56 rows=110 width=125)
	  Recheck Cond: ((k >= 5049292) AND (k <= 5049392))
	  ->  Bitmap Index Scan on k_3  (cost=0.00..5.53 rows=110 width=0)
	        Index Cond: ((k >= 5049292) AND (k <= 5049392))

table 4 : explain SELECT k, c FROM sbtest4 WHERE k BETWEEN 5049292 AND 5049392
	Bitmap Heap Scan on sbtest4  (cost=5.62..464.15 rows=116 width=125)
	  Recheck Cond: ((k >= 5049292) AND (k <= 5049392))
	  ->  Bitmap Index Scan on k_4  (cost=0.00..5.59 rows=116 width=0)
	        Index Cond: ((k >= 5049292) AND (k <= 5049392))

table 5 : explain SELECT k, c FROM sbtest5 WHERE k BETWEEN 5049292 AND 5049392
	Bitmap Heap Scan on sbtest5  (cost=5.50..416.94 rows=104 width=125)
	  Recheck Cond: ((k >= 5049292) AND (k <= 5049392))
	  ->  Bitmap Index Scan on k_5  (cost=0.00..5.47 rows=104 width=0)
	        Index Cond: ((k >= 5049292) AND (k <= 5049392))

table 6 : explain SELECT k, c FROM sbtest6 WHERE k BETWEEN 5049292 AND 5049392
	Bitmap Heap Scan on sbtest6  (cost=5.53..428.75 rows=107 width=125)
	  Recheck Cond: ((k >= 5049292) AND (k <= 5049392))
	  ->  Bitmap Index Scan on k_6  (cost=0.00..5.50 rows=107 width=0)
	        Index Cond: ((k >= 5049292) AND (k <= 5049392))

table 7 : explain SELECT k, c FROM sbtest7 WHERE k BETWEEN 5049292 AND 5049392
	Bitmap Heap Scan on sbtest7  (cost=5.63..468.09 rows=117 width=125)
	  Recheck Cond: ((k >= 5049292) AND (k <= 5049392))
	  ->  Bitmap Index Scan on k_7  (cost=0.00..5.60 rows=117 width=0)
	        Index Cond: ((k >= 5049292) AND (k <= 5049392))

table 8 : explain SELECT k, c FROM sbtest8 WHERE k BETWEEN 5049292 AND 5049392
	Bitmap Heap Scan on sbtest8  (cost=5.54..432.69 rows=108 width=125)
	  Recheck Cond: ((k >= 5049292) AND (k <= 5049392))
	  ->  Bitmap Index Scan on k_8  (cost=0.00..5.51 rows=108 width=0)
	        Index Cond: ((k >= 5049292) AND (k <= 5049392))

for range-notcovered
table 1 : explain SELECT k, c FROM sbtest1 WHERE k BETWEEN 4712949 AND 4713049
	Bitmap Heap Scan on sbtest1  (cost=5.44..393.31 rows=98 width=125)
	  Recheck Cond: ((k >= 4712949) AND (k <= 4713049))
	  ->  Bitmap Index Scan on k_1  (cost=0.00..5.42 rows=98 width=0)
	        Index Cond: ((k >= 4712949) AND (k <= 4713049))

table 2 : explain SELECT k, c FROM sbtest2 WHERE k BETWEEN 4712949 AND 4713049
	Bitmap Heap Scan on sbtest2  (cost=5.48..409.07 rows=102 width=125)
	  Recheck Cond: ((k >= 4712949) AND (k <= 4713049))
	  ->  Bitmap Index Scan on k_2  (cost=0.00..5.45 rows=102 width=0)
	        Index Cond: ((k >= 4712949) AND (k <= 4713049))

table 3 : explain SELECT k, c FROM sbtest3 WHERE k BETWEEN 4712949 AND 4713049
	Bitmap Heap Scan on sbtest3  (cost=5.50..416.94 rows=104 width=125)
	  Recheck Cond: ((k >= 4712949) AND (k <= 4713049))
	  ->  Bitmap Index Scan on k_3  (cost=0.00..5.47 rows=104 width=0)
	        Index Cond: ((k >= 4712949) AND (k <= 4713049))

table 4 : explain SELECT k, c FROM sbtest4 WHERE k BETWEEN 4712949 AND 4713049
	Bitmap Heap Scan on sbtest4  (cost=5.54..432.69 rows=108 width=125)
	  Recheck Cond: ((k >= 4712949) AND (k <= 4713049))
	  ->  Bitmap Index Scan on k_4  (cost=0.00..5.51 rows=108 width=0)
	        Index Cond: ((k >= 4712949) AND (k <= 4713049))

table 5 : explain SELECT k, c FROM sbtest5 WHERE k BETWEEN 4712949 AND 4713049
	Bitmap Heap Scan on sbtest5  (cost=5.46..401.19 rows=100 width=125)
	  Recheck Cond: ((k >= 4712949) AND (k <= 4713049))
	  ->  Bitmap Index Scan on k_5  (cost=0.00..5.43 rows=100 width=0)
	        Index Cond: ((k >= 4712949) AND (k <= 4713049))

table 6 : explain SELECT k, c FROM sbtest6 WHERE k BETWEEN 4712949 AND 4713049
	Bitmap Heap Scan on sbtest6  (cost=5.45..397.25 rows=99 width=125)
	  Recheck Cond: ((k >= 4712949) AND (k <= 4713049))
	  ->  Bitmap Index Scan on k_6  (cost=0.00..5.42 rows=99 width=0)
	        Index Cond: ((k >= 4712949) AND (k <= 4713049))

table 7 : explain SELECT k, c FROM sbtest7 WHERE k BETWEEN 4712949 AND 4713049
	Bitmap Heap Scan on sbtest7  (cost=5.44..393.31 rows=98 width=125)
	  Recheck Cond: ((k >= 4712949) AND (k <= 4713049))
	  ->  Bitmap Index Scan on k_7  (cost=0.00..5.42 rows=98 width=0)
	        Index Cond: ((k >= 4712949) AND (k <= 4713049))

table 8 : explain SELECT k, c FROM sbtest8 WHERE k BETWEEN 4712949 AND 4713049
	Bitmap Heap Scan on sbtest8  (cost=5.50..416.94 rows=104 width=125)
	  Recheck Cond: ((k >= 4712949) AND (k <= 4713049))
	  ->  Bitmap Index Scan on k_8  (cost=0.00..5.47 rows=104 width=0)
	        Index Cond: ((k >= 4712949) AND (k <= 4713049))

for range-notcovered
table 1 : explain SELECT k, c FROM sbtest1 WHERE k BETWEEN 7436501 AND 7436601
	Bitmap Heap Scan on sbtest1  (cost=5.40..377.55 rows=94 width=125)
	  Recheck Cond: ((k >= 7436501) AND (k <= 7436601))
	  ->  Bitmap Index Scan on k_1  (cost=0.00..5.38 rows=94 width=0)
	        Index Cond: ((k >= 7436501) AND (k <= 7436601))

table 2 : explain SELECT k, c FROM sbtest2 WHERE k BETWEEN 7436501 AND 7436601
	Bitmap Heap Scan on sbtest2  (cost=5.48..409.07 rows=102 width=125)
	  Recheck Cond: ((k >= 7436501) AND (k <= 7436601))
	  ->  Bitmap Index Scan on k_2  (cost=0.00..5.45 rows=102 width=0)
	        Index Cond: ((k >= 7436501) AND (k <= 7436601))

table 3 : explain SELECT k, c FROM sbtest3 WHERE k BETWEEN 7436501 AND 7436601
	Bitmap Heap Scan on sbtest3  (cost=5.36..361.78 rows=90 width=125)
	  Recheck Cond: ((k >= 7436501) AND (k <= 7436601))
	  ->  Bitmap Index Scan on k_3  (cost=0.00..5.33 rows=90 width=0)
	        Index Cond: ((k >= 7436501) AND (k <= 7436601))

table 4 : explain SELECT k, c FROM sbtest4 WHERE k BETWEEN 7436501 AND 7436601
	Bitmap Heap Scan on sbtest4  (cost=5.44..393.31 rows=98 width=125)
	  Recheck Cond: ((k >= 7436501) AND (k <= 7436601))
	  ->  Bitmap Index Scan on k_4  (cost=0.00..5.42 rows=98 width=0)
	        Index Cond: ((k >= 7436501) AND (k <= 7436601))

table 5 : explain SELECT k, c FROM sbtest5 WHERE k BETWEEN 7436501 AND 7436601
	Bitmap Heap Scan on sbtest5  (cost=5.49..413.00 rows=103 width=125)
	  Recheck Cond: ((k >= 7436501) AND (k <= 7436601))
	  ->  Bitmap Index Scan on k_5  (cost=0.00..5.46 rows=103 width=0)
	        Index Cond: ((k >= 7436501) AND (k <= 7436601))

table 6 : explain SELECT k, c FROM sbtest6 WHERE k BETWEEN 7436501 AND 7436601
	Bitmap Heap Scan on sbtest6  (cost=5.44..393.31 rows=98 width=125)
	  Recheck Cond: ((k >= 7436501) AND (k <= 7436601))
	  ->  Bitmap Index Scan on k_6  (cost=0.00..5.42 rows=98 width=0)
	        Index Cond: ((k >= 7436501) AND (k <= 7436601))

table 7 : explain SELECT k, c FROM sbtest7 WHERE k BETWEEN 7436501 AND 7436601
	Bitmap Heap Scan on sbtest7  (cost=5.44..393.31 rows=98 width=125)
	  Recheck Cond: ((k >= 7436501) AND (k <= 7436601))
	  ->  Bitmap Index Scan on k_7  (cost=0.00..5.42 rows=98 width=0)
	        Index Cond: ((k >= 7436501) AND (k <= 7436601))

table 8 : explain SELECT k, c FROM sbtest8 WHERE k BETWEEN 7436501 AND 7436601
	Bitmap Heap Scan on sbtest8  (cost=5.45..397.25 rows=99 width=125)
	  Recheck Cond: ((k >= 7436501) AND (k <= 7436601))
	  ->  Bitmap Index Scan on k_8  (cost=0.00..5.42 rows=99 width=0)
	        Index Cond: ((k >= 7436501) AND (k <= 7436601))

explain: for range-notcovered :: explain SELECT k, c FROM sbtest%d WHERE k BETWEEN 4712949 AND 4713049
explain: for range-notcovered :: explain SELECT k, c FROM sbtest%d WHERE k BETWEEN 7436501 AND 7436601
for range-notcovered
table 1 : explain SELECT k, c FROM sbtest1 WHERE k BETWEEN 3016898 AND 3016998
	Bitmap Heap Scan on sbtest1  (cost=5.47..405.13 rows=101 width=125)
	  Recheck Cond: ((k >= 3016898) AND (k <= 3016998))
	  ->  Bitmap Index Scan on k_1  (cost=0.00..5.44 rows=101 width=0)
	        Index Cond: ((k >= 3016898) AND (k <= 3016998))

table 2 : explain SELECT k, c FROM sbtest2 WHERE k BETWEEN 3016898 AND 3016998
	Bitmap Heap Scan on sbtest2  (cost=5.49..413.00 rows=103 width=125)
	  Recheck Cond: ((k >= 3016898) AND (k <= 3016998))
	  ->  Bitmap Index Scan on k_2  (cost=0.00..5.46 rows=103 width=0)
	        Index Cond: ((k >= 3016898) AND (k <= 3016998))

table 3 : explain SELECT k, c FROM sbtest3 WHERE k BETWEEN 3016898 AND 3016998
	Bitmap Heap Scan on sbtest3  (cost=5.60..456.29 rows=114 width=125)
	  Recheck Cond: ((k >= 3016898) AND (k <= 3016998))
	  ->  Bitmap Index Scan on k_3  (cost=0.00..5.58 rows=114 width=0)
	        Index Cond: ((k >= 3016898) AND (k <= 3016998))

table 4 : explain SELECT k, c FROM sbtest4 WHERE k BETWEEN 3016898 AND 3016998
	Bitmap Heap Scan on sbtest4  (cost=5.41..381.49 rows=95 width=125)
	  Recheck Cond: ((k >= 3016898) AND (k <= 3016998))
	  ->  Bitmap Index Scan on k_4  (cost=0.00..5.38 rows=95 width=0)
	        Index Cond: ((k >= 3016898) AND (k <= 3016998))

table 5 : explain SELECT k, c FROM sbtest5 WHERE k BETWEEN 3016898 AND 3016998
	Bitmap Heap Scan on sbtest5  (cost=5.49..413.00 rows=103 width=125)
	  Recheck Cond: ((k >= 3016898) AND (k <= 3016998))
	  ->  Bitmap Index Scan on k_5  (cost=0.00..5.46 rows=103 width=0)
	        Index Cond: ((k >= 3016898) AND (k <= 3016998))

table 6 : explain SELECT k, c FROM sbtest6 WHERE k BETWEEN 3016898 AND 3016998
	Bitmap Heap Scan on sbtest6  (cost=5.50..416.94 rows=104 width=125)
	  Recheck Cond: ((k >= 3016898) AND (k <= 3016998))
	  ->  Bitmap Index Scan on k_6  (cost=0.00..5.47 rows=104 width=0)
	        Index Cond: ((k >= 3016898) AND (k <= 3016998))

table 7 : explain SELECT k, c FROM sbtest7 WHERE k BETWEEN 3016898 AND 3016998
	Bitmap Heap Scan on sbtest7  (cost=5.48..409.07 rows=102 width=125)
	  Recheck Cond: ((k >= 3016898) AND (k <= 3016998))
	  ->  Bitmap Index Scan on k_7  (cost=0.00..5.45 rows=102 width=0)
	        Index Cond: ((k >= 3016898) AND (k <= 3016998))

table 8 : explain SELECT k, c FROM sbtest8 WHERE k BETWEEN 3016898 AND 3016998
	Bitmap Heap Scan on sbtest8  (cost=5.50..416.94 rows=104 width=125)
	  Recheck Cond: ((k >= 3016898) AND (k <= 3016998))
	  ->  Bitmap Index Scan on k_8  (cost=0.00..5.47 rows=104 width=0)
	        Index Cond: ((k >= 3016898) AND (k <= 3016998))

explain: for range-notcovered :: explain SELECT k, c FROM sbtest%d WHERE k BETWEEN 3016898 AND 3016998
for range-notcovered
table 1 : explain SELECT k, c FROM sbtest1 WHERE k BETWEEN 4244530 AND 4244630
	Bitmap Heap Scan on sbtest1  (cost=5.50..416.94 rows=104 width=125)
	  Recheck Cond: ((k >= 4244530) AND (k <= 4244630))
	  ->  Bitmap Index Scan on k_1  (cost=0.00..5.47 rows=104 width=0)
	        Index Cond: ((k >= 4244530) AND (k <= 4244630))

table 2 : explain SELECT k, c FROM sbtest2 WHERE k BETWEEN 4244530 AND 4244630
	Bitmap Heap Scan on sbtest2  (cost=5.43..389.37 rows=97 width=125)
	  Recheck Cond: ((k >= 4244530) AND (k <= 4244630))
	  ->  Bitmap Index Scan on k_2  (cost=0.00..5.40 rows=97 width=0)
	        Index Cond: ((k >= 4244530) AND (k <= 4244630))

table 3 : explain SELECT k, c FROM sbtest3 WHERE k BETWEEN 4244530 AND 4244630
	Bitmap Heap Scan on sbtest3  (cost=5.55..436.62 rows=109 width=125)
	  Recheck Cond: ((k >= 4244530) AND (k <= 4244630))
	  ->  Bitmap Index Scan on k_3  (cost=0.00..5.52 rows=109 width=0)
	        Index Cond: ((k >= 4244530) AND (k <= 4244630))

table 4 : explain SELECT k, c FROM sbtest4 WHERE k BETWEEN 4244530 AND 4244630
	Bitmap Heap Scan on sbtest4  (cost=5.49..413.00 rows=103 width=125)
	  Recheck Cond: ((k >= 4244530) AND (k <= 4244630))
	  ->  Bitmap Index Scan on k_4  (cost=0.00..5.46 rows=103 width=0)
	        Index Cond: ((k >= 4244530) AND (k <= 4244630))

table 5 : explain SELECT k, c FROM sbtest5 WHERE k BETWEEN 4244530 AND 4244630
	Bitmap Heap Scan on sbtest5  (cost=5.50..416.94 rows=104 width=125)
	  Recheck Cond: ((k >= 4244530) AND (k <= 4244630))
	  ->  Bitmap Index Scan on k_5  (cost=0.00..5.47 rows=104 width=0)
	        Index Cond: ((k >= 4244530) AND (k <= 4244630))

table 6 : explain SELECT k, c FROM sbtest6 WHERE k BETWEEN 4244530 AND 4244630
	Bitmap Heap Scan on sbtest6  (cost=5.54..432.69 rows=108 width=125)
	  Recheck Cond: ((k >= 4244530) AND (k <= 4244630))
	  ->  Bitmap Index Scan on k_6  (cost=0.00..5.51 rows=108 width=0)
	        Index Cond: ((k >= 4244530) AND (k <= 4244630))

table 7 : explain SELECT k, c FROM sbtest7 WHERE k BETWEEN 4244530 AND 4244630
	Bitmap Heap Scan on sbtest7  (cost=5.57..444.49 rows=111 width=125)
	  Recheck Cond: ((k >= 4244530) AND (k <= 4244630))
	  ->  Bitmap Index Scan on k_7  (cost=0.00..5.54 rows=111 width=0)
	        Index Cond: ((k >= 4244530) AND (k <= 4244630))

table 8 : explain SELECT k, c FROM sbtest8 WHERE k BETWEEN 4244530 AND 4244630
	Bitmap Heap Scan on sbtest8  (cost=5.49..413.00 rows=103 width=125)
	  Recheck Cond: ((k >= 4244530) AND (k <= 4244630))
	  ->  Bitmap Index Scan on k_8  (cost=0.00..5.46 rows=103 width=0)
	        Index Cond: ((k >= 4244530) AND (k <= 4244630))

explain: for range-notcovered :: explain SELECT k, c FROM sbtest%d WHERE k BETWEEN 4244530 AND 4244630
for range-notcovered
table 1 : explain SELECT k, c FROM sbtest1 WHERE k BETWEEN 7471722 AND 7471822
	Bitmap Heap Scan on sbtest1  (cost=5.40..377.55 rows=94 width=125)
	  Recheck Cond: ((k >= 7471722) AND (k <= 7471822))
	  ->  Bitmap Index Scan on k_1  (cost=0.00..5.38 rows=94 width=0)
	        Index Cond: ((k >= 7471722) AND (k <= 7471822))

table 2 : explain SELECT k, c FROM sbtest2 WHERE k BETWEEN 7471722 AND 7471822
	Bitmap Heap Scan on sbtest2  (cost=5.48..409.07 rows=102 width=125)
	  Recheck Cond: ((k >= 7471722) AND (k <= 7471822))
	  ->  Bitmap Index Scan on k_2  (cost=0.00..5.45 rows=102 width=0)
	        Index Cond: ((k >= 7471722) AND (k <= 7471822))

table 3 : explain SELECT k, c FROM sbtest3 WHERE k BETWEEN 7471722 AND 7471822
	Bitmap Heap Scan on sbtest3  (cost=5.36..361.78 rows=90 width=125)
	  Recheck Cond: ((k >= 7471722) AND (k <= 7471822))
	  ->  Bitmap Index Scan on k_3  (cost=0.00..5.33 rows=90 width=0)
	        Index Cond: ((k >= 7471722) AND (k <= 7471822))

table 4 : explain SELECT k, c FROM sbtest4 WHERE k BETWEEN 7471722 AND 7471822
	Bitmap Heap Scan on sbtest4  (cost=5.44..393.31 rows=98 width=125)
	  Recheck Cond: ((k >= 7471722) AND (k <= 7471822))
	  ->  Bitmap Index Scan on k_4  (cost=0.00..5.42 rows=98 width=0)
	        Index Cond: ((k >= 7471722) AND (k <= 7471822))

table 5 : explain SELECT k, c FROM sbtest5 WHERE k BETWEEN 7471722 AND 7471822
	Bitmap Heap Scan on sbtest5  (cost=5.49..413.00 rows=103 width=125)
	  Recheck Cond: ((k >= 7471722) AND (k <= 7471822))
	  ->  Bitmap Index Scan on k_5  (cost=0.00..5.46 rows=103 width=0)
	        Index Cond: ((k >= 7471722) AND (k <= 7471822))

table 6 : explain SELECT k, c FROM sbtest6 WHERE k BETWEEN 7471722 AND 7471822
	Bitmap Heap Scan on sbtest6  (cost=5.44..393.31 rows=98 width=125)
	  Recheck Cond: ((k >= 7471722) AND (k <= 7471822))
	  ->  Bitmap Index Scan on k_6  (cost=0.00..5.42 rows=98 width=0)
	        Index Cond: ((k >= 7471722) AND (k <= 7471822))

table 7 : explain SELECT k, c FROM sbtest7 WHERE k BETWEEN 7471722 AND 7471822
	Bitmap Heap Scan on sbtest7  (cost=5.56..440.56 rows=110 width=125)
	  Recheck Cond: ((k >= 7471722) AND (k <= 7471822))
	  ->  Bitmap Index Scan on k_7  (cost=0.00..5.53 rows=110 width=0)
	        Index Cond: ((k >= 7471722) AND (k <= 7471822))

table 8 : explain SELECT k, c FROM sbtest8 WHERE k BETWEEN 7471722 AND 7471822
	Bitmap Heap Scan on sbtest8  (cost=5.51..420.88 rows=105 width=125)
	  Recheck Cond: ((k >= 7471722) AND (k <= 7471822))
	  ->  Bitmap Index Scan on k_8  (cost=0.00..5.48 rows=105 width=0)
	        Index Cond: ((k >= 7471722) AND (k <= 7471822))

explain: for range-notcovered :: explain SELECT k, c FROM sbtest%d WHERE k BETWEEN 7471722 AND 7471822
for range-notcovered
table 1 : explain SELECT k, c FROM sbtest1 WHERE k BETWEEN 4712949 AND 4713049
	Bitmap Heap Scan on sbtest1  (cost=5.44..393.31 rows=98 width=125)
	  Recheck Cond: ((k >= 4712949) AND (k <= 4713049))
	  ->  Bitmap Index Scan on k_1  (cost=0.00..5.42 rows=98 width=0)
	        Index Cond: ((k >= 4712949) AND (k <= 4713049))

table 2 : explain SELECT k, c FROM sbtest2 WHERE k BETWEEN 4712949 AND 4713049
	Bitmap Heap Scan on sbtest2  (cost=5.48..409.07 rows=102 width=125)
	  Recheck Cond: ((k >= 4712949) AND (k <= 4713049))
	  ->  Bitmap Index Scan on k_2  (cost=0.00..5.45 rows=102 width=0)
	        Index Cond: ((k >= 4712949) AND (k <= 4713049))

table 3 : explain SELECT k, c FROM sbtest3 WHERE k BETWEEN 4712949 AND 4713049
	Bitmap Heap Scan on sbtest3  (cost=5.50..416.94 rows=104 width=125)
	  Recheck Cond: ((k >= 4712949) AND (k <= 4713049))
	  ->  Bitmap Index Scan on k_3  (cost=0.00..5.47 rows=104 width=0)
	        Index Cond: ((k >= 4712949) AND (k <= 4713049))

table 4 : explain SELECT k, c FROM sbtest4 WHERE k BETWEEN 4712949 AND 4713049
	Bitmap Heap Scan on sbtest4  (cost=5.54..432.69 rows=108 width=125)
	  Recheck Cond: ((k >= 4712949) AND (k <= 4713049))
	  ->  Bitmap Index Scan on k_4  (cost=0.00..5.51 rows=108 width=0)
	        Index Cond: ((k >= 4712949) AND (k <= 4713049))

table 5 : explain SELECT k, c FROM sbtest5 WHERE k BETWEEN 4712949 AND 4713049
	Bitmap Heap Scan on sbtest5  (cost=5.46..401.19 rows=100 width=125)
	  Recheck Cond: ((k >= 4712949) AND (k <= 4713049))
	  ->  Bitmap Index Scan on k_5  (cost=0.00..5.43 rows=100 width=0)
	        Index Cond: ((k >= 4712949) AND (k <= 4713049))

table 6 : explain SELECT k, c FROM sbtest6 WHERE k BETWEEN 4712949 AND 4713049
	Bitmap Heap Scan on sbtest6  (cost=5.45..397.25 rows=99 width=125)
	  Recheck Cond: ((k >= 4712949) AND (k <= 4713049))
	  ->  Bitmap Index Scan on k_6  (cost=0.00..5.42 rows=99 width=0)
	        Index Cond: ((k >= 4712949) AND (k <= 4713049))

table 7 : explain SELECT k, c FROM sbtest7 WHERE k BETWEEN 4712949 AND 4713049
	Bitmap Heap Scan on sbtest7  (cost=5.44..393.31 rows=98 width=125)
	  Recheck Cond: ((k >= 4712949) AND (k <= 4713049))
	  ->  Bitmap Index Scan on k_7  (cost=0.00..5.42 rows=98 width=0)
	        Index Cond: ((k >= 4712949) AND (k <= 4713049))

table 8 : explain SELECT k, c FROM sbtest8 WHERE k BETWEEN 4712949 AND 4713049
	Bitmap Heap Scan on sbtest8  (cost=5.50..416.94 rows=104 width=125)
	  Recheck Cond: ((k >= 4712949) AND (k <= 4713049))
	  ->  Bitmap Index Scan on k_8  (cost=0.00..5.47 rows=104 width=0)
	        Index Cond: ((k >= 4712949) AND (k <= 4713049))

for range-notcovered
table 1 : explain SELECT k, c FROM sbtest1 WHERE k BETWEEN 7436501 AND 7436601
	Bitmap Heap Scan on sbtest1  (cost=5.40..377.55 rows=94 width=125)
	  Recheck Cond: ((k >= 7436501) AND (k <= 7436601))
	  ->  Bitmap Index Scan on k_1  (cost=0.00..5.38 rows=94 width=0)
	        Index Cond: ((k >= 7436501) AND (k <= 7436601))

table 2 : explain SELECT k, c FROM sbtest2 WHERE k BETWEEN 7436501 AND 7436601
	Bitmap Heap Scan on sbtest2  (cost=5.48..409.07 rows=102 width=125)
	  Recheck Cond: ((k >= 7436501) AND (k <= 7436601))
	  ->  Bitmap Index Scan on k_2  (cost=0.00..5.45 rows=102 width=0)
	        Index Cond: ((k >= 7436501) AND (k <= 7436601))

table 3 : explain SELECT k, c FROM sbtest3 WHERE k BETWEEN 7436501 AND 7436601
	Bitmap Heap Scan on sbtest3  (cost=5.36..361.78 rows=90 width=125)
	  Recheck Cond: ((k >= 7436501) AND (k <= 7436601))
	  ->  Bitmap Index Scan on k_3  (cost=0.00..5.33 rows=90 width=0)
	        Index Cond: ((k >= 7436501) AND (k <= 7436601))

table 4 : explain SELECT k, c FROM sbtest4 WHERE k BETWEEN 7436501 AND 7436601
	Bitmap Heap Scan on sbtest4  (cost=5.44..393.31 rows=98 width=125)
	  Recheck Cond: ((k >= 7436501) AND (k <= 7436601))
	  ->  Bitmap Index Scan on k_4  (cost=0.00..5.42 rows=98 width=0)
	        Index Cond: ((k >= 7436501) AND (k <= 7436601))

table 5 : explain SELECT k, c FROM sbtest5 WHERE k BETWEEN 7436501 AND 7436601
	Bitmap Heap Scan on sbtest5  (cost=5.49..413.00 rows=103 width=125)
	  Recheck Cond: ((k >= 7436501) AND (k <= 7436601))
	  ->  Bitmap Index Scan on k_5  (cost=0.00..5.46 rows=103 width=0)
	        Index Cond: ((k >= 7436501) AND (k <= 7436601))

table 6 : explain SELECT k, c FROM sbtest6 WHERE k BETWEEN 7436501 AND 7436601
	Bitmap Heap Scan on sbtest6  (cost=5.44..393.31 rows=98 width=125)
	  Recheck Cond: ((k >= 7436501) AND (k <= 7436601))
	  ->  Bitmap Index Scan on k_6  (cost=0.00..5.42 rows=98 width=0)
	        Index Cond: ((k >= 7436501) AND (k <= 7436601))

table 7 : explain SELECT k, c FROM sbtest7 WHERE k BETWEEN 7436501 AND 7436601
	Bitmap Heap Scan on sbtest7  (cost=5.44..393.31 rows=98 width=125)
	  Recheck Cond: ((k >= 7436501) AND (k <= 7436601))
	  ->  Bitmap Index Scan on k_7  (cost=0.00..5.42 rows=98 width=0)
	        Index Cond: ((k >= 7436501) AND (k <= 7436601))

table 8 : explain SELECT k, c FROM sbtest8 WHERE k BETWEEN 7436501 AND 7436601
	Bitmap Heap Scan on sbtest8  (cost=5.45..397.25 rows=99 width=125)
	  Recheck Cond: ((k >= 7436501) AND (k <= 7436601))
	  ->  Bitmap Index Scan on k_8  (cost=0.00..5.42 rows=99 width=0)
	        Index Cond: ((k >= 7436501) AND (k <= 7436601))

explain: for range-notcovered :: explain SELECT k, c FROM sbtest%d WHERE k BETWEEN 7436501 AND 7436601
for range-notcovered
table 1 : explain SELECT k, c FROM sbtest1 WHERE k BETWEEN 3016898 AND 3016998
	Bitmap Heap Scan on sbtest1  (cost=5.47..405.13 rows=101 width=125)
	  Recheck Cond: ((k >= 3016898) AND (k <= 3016998))
	  ->  Bitmap Index Scan on k_1  (cost=0.00..5.44 rows=101 width=0)
	        Index Cond: ((k >= 3016898) AND (k <= 3016998))

table 2 : explain SELECT k, c FROM sbtest2 WHERE k BETWEEN 3016898 AND 3016998
	Bitmap Heap Scan on sbtest2  (cost=5.49..413.00 rows=103 width=125)
	  Recheck Cond: ((k >= 3016898) AND (k <= 3016998))
	  ->  Bitmap Index Scan on k_2  (cost=0.00..5.46 rows=103 width=0)
	        Index Cond: ((k >= 3016898) AND (k <= 3016998))

table 3 : explain SELECT k, c FROM sbtest3 WHERE k BETWEEN 3016898 AND 3016998
	Bitmap Heap Scan on sbtest3  (cost=5.60..456.29 rows=114 width=125)
	  Recheck Cond: ((k >= 3016898) AND (k <= 3016998))
	  ->  Bitmap Index Scan on k_3  (cost=0.00..5.58 rows=114 width=0)
	        Index Cond: ((k >= 3016898) AND (k <= 3016998))

table 4 : explain SELECT k, c FROM sbtest4 WHERE k BETWEEN 3016898 AND 3016998
	Bitmap Heap Scan on sbtest4  (cost=5.41..381.49 rows=95 width=125)
	  Recheck Cond: ((k >= 3016898) AND (k <= 3016998))
	  ->  Bitmap Index Scan on k_4  (cost=0.00..5.38 rows=95 width=0)
	        Index Cond: ((k >= 3016898) AND (k <= 3016998))

table 5 : explain SELECT k, c FROM sbtest5 WHERE k BETWEEN 3016898 AND 3016998
	Bitmap Heap Scan on sbtest5  (cost=5.49..413.00 rows=103 width=125)
	  Recheck Cond: ((k >= 3016898) AND (k <= 3016998))
	  ->  Bitmap Index Scan on k_5  (cost=0.00..5.46 rows=103 width=0)
	        Index Cond: ((k >= 3016898) AND (k <= 3016998))

table 6 : explain SELECT k, c FROM sbtest6 WHERE k BETWEEN 3016898 AND 3016998
	Bitmap Heap Scan on sbtest6  (cost=5.50..416.94 rows=104 width=125)
	  Recheck Cond: ((k >= 3016898) AND (k <= 3016998))
	  ->  Bitmap Index Scan on k_6  (cost=0.00..5.47 rows=104 width=0)
	        Index Cond: ((k >= 3016898) AND (k <= 3016998))

table 7 : explain SELECT k, c FROM sbtest7 WHERE k BETWEEN 3016898 AND 3016998
	Bitmap Heap Scan on sbtest7  (cost=5.48..409.07 rows=102 width=125)
	  Recheck Cond: ((k >= 3016898) AND (k <= 3016998))
	  ->  Bitmap Index Scan on k_7  (cost=0.00..5.45 rows=102 width=0)
	        Index Cond: ((k >= 3016898) AND (k <= 3016998))

table 8 : explain SELECT k, c FROM sbtest8 WHERE k BETWEEN 3016898 AND 3016998
	Bitmap Heap Scan on sbtest8  (cost=5.50..416.94 rows=104 width=125)
	  Recheck Cond: ((k >= 3016898) AND (k <= 3016998))
	  ->  Bitmap Index Scan on k_8  (cost=0.00..5.47 rows=104 width=0)
	        Index Cond: ((k >= 3016898) AND (k <= 3016998))

for range-notcovered
table 1 : explain SELECT k, c FROM sbtest1 WHERE k BETWEEN 4244530 AND 4244630
	Bitmap Heap Scan on sbtest1  (cost=5.50..416.94 rows=104 width=125)
	  Recheck Cond: ((k >= 4244530) AND (k <= 4244630))
	  ->  Bitmap Index Scan on k_1  (cost=0.00..5.47 rows=104 width=0)
	        Index Cond: ((k >= 4244530) AND (k <= 4244630))

table 2 : explain SELECT k, c FROM sbtest2 WHERE k BETWEEN 4244530 AND 4244630
	Bitmap Heap Scan on sbtest2  (cost=5.43..389.37 rows=97 width=125)
	  Recheck Cond: ((k >= 4244530) AND (k <= 4244630))
	  ->  Bitmap Index Scan on k_2  (cost=0.00..5.40 rows=97 width=0)
	        Index Cond: ((k >= 4244530) AND (k <= 4244630))

table 3 : explain SELECT k, c FROM sbtest3 WHERE k BETWEEN 4244530 AND 4244630
	Bitmap Heap Scan on sbtest3  (cost=5.55..436.62 rows=109 width=125)
	  Recheck Cond: ((k >= 4244530) AND (k <= 4244630))
	  ->  Bitmap Index Scan on k_3  (cost=0.00..5.52 rows=109 width=0)
	        Index Cond: ((k >= 4244530) AND (k <= 4244630))

table 4 : explain SELECT k, c FROM sbtest4 WHERE k BETWEEN 4244530 AND 4244630
	Bitmap Heap Scan on sbtest4  (cost=5.49..413.00 rows=103 width=125)
	  Recheck Cond: ((k >= 4244530) AND (k <= 4244630))
	  ->  Bitmap Index Scan on k_4  (cost=0.00..5.46 rows=103 width=0)
	        Index Cond: ((k >= 4244530) AND (k <= 4244630))

table 5 : explain SELECT k, c FROM sbtest5 WHERE k BETWEEN 4244530 AND 4244630
	Bitmap Heap Scan on sbtest5  (cost=5.50..416.94 rows=104 width=125)
	  Recheck Cond: ((k >= 4244530) AND (k <= 4244630))
	  ->  Bitmap Index Scan on k_5  (cost=0.00..5.47 rows=104 width=0)
	        Index Cond: ((k >= 4244530) AND (k <= 4244630))

table 6 : explain SELECT k, c FROM sbtest6 WHERE k BETWEEN 4244530 AND 4244630
	Bitmap Heap Scan on sbtest6  (cost=5.54..432.69 rows=108 width=125)
	  Recheck Cond: ((k >= 4244530) AND (k <= 4244630))
	  ->  Bitmap Index Scan on k_6  (cost=0.00..5.51 rows=108 width=0)
	        Index Cond: ((k >= 4244530) AND (k <= 4244630))

table 7 : explain SELECT k, c FROM sbtest7 WHERE k BETWEEN 4244530 AND 4244630
	Bitmap Heap Scan on sbtest7  (cost=5.57..444.49 rows=111 width=125)
	  Recheck Cond: ((k >= 4244530) AND (k <= 4244630))
	  ->  Bitmap Index Scan on k_7  (cost=0.00..5.54 rows=111 width=0)
	        Index Cond: ((k >= 4244530) AND (k <= 4244630))

table 8 : explain SELECT k, c FROM sbtest8 WHERE k BETWEEN 4244530 AND 4244630
	Bitmap Heap Scan on sbtest8  (cost=5.49..413.00 rows=103 width=125)
	  Recheck Cond: ((k >= 4244530) AND (k <= 4244630))
	  ->  Bitmap Index Scan on k_8  (cost=0.00..5.46 rows=103 width=0)
	        Index Cond: ((k >= 4244530) AND (k <= 4244630))

for range-notcovered
table 1 : explain SELECT k, c FROM sbtest1 WHERE k BETWEEN 7471722 AND 7471822
	Bitmap Heap Scan on sbtest1  (cost=5.40..377.55 rows=94 width=125)
	  Recheck Cond: ((k >= 7471722) AND (k <= 7471822))
	  ->  Bitmap Index Scan on k_1  (cost=0.00..5.38 rows=94 width=0)
	        Index Cond: ((k >= 7471722) AND (k <= 7471822))

table 2 : explain SELECT k, c FROM sbtest2 WHERE k BETWEEN 7471722 AND 7471822
	Bitmap Heap Scan on sbtest2  (cost=5.48..409.07 rows=102 width=125)
	  Recheck Cond: ((k >= 7471722) AND (k <= 7471822))
	  ->  Bitmap Index Scan on k_2  (cost=0.00..5.45 rows=102 width=0)
	        Index Cond: ((k >= 7471722) AND (k <= 7471822))

table 3 : explain SELECT k, c FROM sbtest3 WHERE k BETWEEN 7471722 AND 7471822
	Bitmap Heap Scan on sbtest3  (cost=5.36..361.78 rows=90 width=125)
	  Recheck Cond: ((k >= 7471722) AND (k <= 7471822))
	  ->  Bitmap Index Scan on k_3  (cost=0.00..5.33 rows=90 width=0)
	        Index Cond: ((k >= 7471722) AND (k <= 7471822))

table 4 : explain SELECT k, c FROM sbtest4 WHERE k BETWEEN 7471722 AND 7471822
	Bitmap Heap Scan on sbtest4  (cost=5.44..393.31 rows=98 width=125)
	  Recheck Cond: ((k >= 7471722) AND (k <= 7471822))
	  ->  Bitmap Index Scan on k_4  (cost=0.00..5.42 rows=98 width=0)
	        Index Cond: ((k >= 7471722) AND (k <= 7471822))

table 5 : explain SELECT k, c FROM sbtest5 WHERE k BETWEEN 7471722 AND 7471822
	Bitmap Heap Scan on sbtest5  (cost=5.49..413.00 rows=103 width=125)
	  Recheck Cond: ((k >= 7471722) AND (k <= 7471822))
	  ->  Bitmap Index Scan on k_5  (cost=0.00..5.46 rows=103 width=0)
	        Index Cond: ((k >= 7471722) AND (k <= 7471822))

table 6 : explain SELECT k, c FROM sbtest6 WHERE k BETWEEN 7471722 AND 7471822
	Bitmap Heap Scan on sbtest6  (cost=5.44..393.31 rows=98 width=125)
	  Recheck Cond: ((k >= 7471722) AND (k <= 7471822))
	  ->  Bitmap Index Scan on k_6  (cost=0.00..5.42 rows=98 width=0)
	        Index Cond: ((k >= 7471722) AND (k <= 7471822))

table 7 : explain SELECT k, c FROM sbtest7 WHERE k BETWEEN 7471722 AND 7471822
	Bitmap Heap Scan on sbtest7  (cost=5.56..440.56 rows=110 width=125)
	  Recheck Cond: ((k >= 7471722) AND (k <= 7471822))
	  ->  Bitmap Index Scan on k_7  (cost=0.00..5.53 rows=110 width=0)
	        Index Cond: ((k >= 7471722) AND (k <= 7471822))

table 8 : explain SELECT k, c FROM sbtest8 WHERE k BETWEEN 7471722 AND 7471822
	Bitmap Heap Scan on sbtest8  (cost=5.51..420.88 rows=105 width=125)
	  Recheck Cond: ((k >= 7471722) AND (k <= 7471822))
	  ->  Bitmap Index Scan on k_8  (cost=0.00..5.48 rows=105 width=0)
	        Index Cond: ((k >= 7471722) AND (k <= 7471822))

explain: for range-notcovered :: explain SELECT k, c FROM sbtest%d WHERE k BETWEEN 4244530 AND 4244630
explain: for range-notcovered :: explain SELECT k, c FROM sbtest%d WHERE k BETWEEN 8765191 AND 8765291
for range-notcovered
table 1 : explain SELECT k, c FROM sbtest1 WHERE k BETWEEN 7436501 AND 7436601
	Bitmap Heap Scan on sbtest1  (cost=5.40..377.55 rows=94 width=125)
	  Recheck Cond: ((k >= 7436501) AND (k <= 7436601))
	  ->  Bitmap Index Scan on k_1  (cost=0.00..5.38 rows=94 width=0)
	        Index Cond: ((k >= 7436501) AND (k <= 7436601))

table 2 : explain SELECT k, c FROM sbtest2 WHERE k BETWEEN 7436501 AND 7436601
	Bitmap Heap Scan on sbtest2  (cost=5.48..409.07 rows=102 width=125)
	  Recheck Cond: ((k >= 7436501) AND (k <= 7436601))
	  ->  Bitmap Index Scan on k_2  (cost=0.00..5.45 rows=102 width=0)
	        Index Cond: ((k >= 7436501) AND (k <= 7436601))

table 3 : explain SELECT k, c FROM sbtest3 WHERE k BETWEEN 7436501 AND 7436601
	Bitmap Heap Scan on sbtest3  (cost=5.36..361.78 rows=90 width=125)
	  Recheck Cond: ((k >= 7436501) AND (k <= 7436601))
	  ->  Bitmap Index Scan on k_3  (cost=0.00..5.33 rows=90 width=0)
	        Index Cond: ((k >= 7436501) AND (k <= 7436601))

table 4 : explain SELECT k, c FROM sbtest4 WHERE k BETWEEN 7436501 AND 7436601
	Bitmap Heap Scan on sbtest4  (cost=5.44..393.31 rows=98 width=125)
	  Recheck Cond: ((k >= 7436501) AND (k <= 7436601))
	  ->  Bitmap Index Scan on k_4  (cost=0.00..5.42 rows=98 width=0)
	        Index Cond: ((k >= 7436501) AND (k <= 7436601))

table 5 : explain SELECT k, c FROM sbtest5 WHERE k BETWEEN 7436501 AND 7436601
	Bitmap Heap Scan on sbtest5  (cost=5.49..413.00 rows=103 width=125)
	  Recheck Cond: ((k >= 7436501) AND (k <= 7436601))
	  ->  Bitmap Index Scan on k_5  (cost=0.00..5.46 rows=103 width=0)
	        Index Cond: ((k >= 7436501) AND (k <= 7436601))

table 6 : explain SELECT k, c FROM sbtest6 WHERE k BETWEEN 7436501 AND 7436601
	Bitmap Heap Scan on sbtest6  (cost=5.44..393.31 rows=98 width=125)
	  Recheck Cond: ((k >= 7436501) AND (k <= 7436601))
	  ->  Bitmap Index Scan on k_6  (cost=0.00..5.42 rows=98 width=0)
	        Index Cond: ((k >= 7436501) AND (k <= 7436601))

table 7 : explain SELECT k, c FROM sbtest7 WHERE k BETWEEN 7436501 AND 7436601
	Bitmap Heap Scan on sbtest7  (cost=5.44..393.31 rows=98 width=125)
	  Recheck Cond: ((k >= 7436501) AND (k <= 7436601))
	  ->  Bitmap Index Scan on k_7  (cost=0.00..5.42 rows=98 width=0)
	        Index Cond: ((k >= 7436501) AND (k <= 7436601))

table 8 : explain SELECT k, c FROM sbtest8 WHERE k BETWEEN 7436501 AND 7436601
	Bitmap Heap Scan on sbtest8  (cost=5.45..397.25 rows=99 width=125)
	  Recheck Cond: ((k >= 7436501) AND (k <= 7436601))
	  ->  Bitmap Index Scan on k_8  (cost=0.00..5.42 rows=99 width=0)
	        Index Cond: ((k >= 7436501) AND (k <= 7436601))

explain: for range-notcovered :: explain SELECT k, c FROM sbtest%d WHERE k BETWEEN 7436501 AND 7436601
for range-notcovered
table 1 : explain SELECT k, c FROM sbtest1 WHERE k BETWEEN 5941187 AND 5941287
	Bitmap Heap Scan on sbtest1  (cost=5.52..424.81 rows=106 width=125)
	  Recheck Cond: ((k >= 5941187) AND (k <= 5941287))
	  ->  Bitmap Index Scan on k_1  (cost=0.00..5.50 rows=106 width=0)
	        Index Cond: ((k >= 5941187) AND (k <= 5941287))

table 2 : explain SELECT k, c FROM sbtest2 WHERE k BETWEEN 5941187 AND 5941287
	Bitmap Heap Scan on sbtest2  (cost=5.54..432.69 rows=108 width=125)
	  Recheck Cond: ((k >= 5941187) AND (k <= 5941287))
	  ->  Bitmap Index Scan on k_2  (cost=0.00..5.51 rows=108 width=0)
	        Index Cond: ((k >= 5941187) AND (k <= 5941287))

table 3 : explain SELECT k, c FROM sbtest3 WHERE k BETWEEN 5941187 AND 5941287
	Bitmap Heap Scan on sbtest3  (cost=5.45..397.25 rows=99 width=125)
	  Recheck Cond: ((k >= 5941187) AND (k <= 5941287))
	  ->  Bitmap Index Scan on k_3  (cost=0.00..5.42 rows=99 width=0)
	        Index Cond: ((k >= 5941187) AND (k <= 5941287))

table 4 : explain SELECT k, c FROM sbtest4 WHERE k BETWEEN 5941187 AND 5941287
	Bitmap Heap Scan on sbtest4  (cost=5.49..413.00 rows=103 width=125)
	  Recheck Cond: ((k >= 5941187) AND (k <= 5941287))
	  ->  Bitmap Index Scan on k_4  (cost=0.00..5.46 rows=103 width=0)
	        Index Cond: ((k >= 5941187) AND (k <= 5941287))

table 5 : explain SELECT k, c FROM sbtest5 WHERE k BETWEEN 5941187 AND 5941287
	Bitmap Heap Scan on sbtest5  (cost=5.52..424.81 rows=106 width=125)
	  Recheck Cond: ((k >= 5941187) AND (k <= 5941287))
	  ->  Bitmap Index Scan on k_5  (cost=0.00..5.50 rows=106 width=0)
	        Index Cond: ((k >= 5941187) AND (k <= 5941287))

table 6 : explain SELECT k, c FROM sbtest6 WHERE k BETWEEN 5941187 AND 5941287
	Bitmap Heap Scan on sbtest6  (cost=5.54..432.69 rows=108 width=125)
	  Recheck Cond: ((k >= 5941187) AND (k <= 5941287))
	  ->  Bitmap Index Scan on k_6  (cost=0.00..5.51 rows=108 width=0)
	        Index Cond: ((k >= 5941187) AND (k <= 5941287))

table 7 : explain SELECT k, c FROM sbtest7 WHERE k BETWEEN 5941187 AND 5941287
	Bitmap Heap Scan on sbtest7  (cost=5.55..436.62 rows=109 width=125)
	  Recheck Cond: ((k >= 5941187) AND (k <= 5941287))
	  ->  Bitmap Index Scan on k_7  (cost=0.00..5.52 rows=109 width=0)
	        Index Cond: ((k >= 5941187) AND (k <= 5941287))

table 8 : explain SELECT k, c FROM sbtest8 WHERE k BETWEEN 5941187 AND 5941287
	Bitmap Heap Scan on sbtest8  (cost=5.48..409.07 rows=102 width=125)
	  Recheck Cond: ((k >= 5941187) AND (k <= 5941287))
	  ->  Bitmap Index Scan on k_8  (cost=0.00..5.45 rows=102 width=0)
	        Index Cond: ((k >= 5941187) AND (k <= 5941287))
for range-notcovered
table 1 : explain SELECT k, c FROM sbtest1 WHERE k BETWEEN 4244530 AND 4244630
	Bitmap Heap Scan on sbtest1  (cost=5.50..416.94 rows=104 width=125)
	  Recheck Cond: ((k >= 4244530) AND (k <= 4244630))
	  ->  Bitmap Index Scan on k_1  (cost=0.00..5.47 rows=104 width=0)
	        Index Cond: ((k >= 4244530) AND (k <= 4244630))

table 2 : explain SELECT k, c FROM sbtest2 WHERE k BETWEEN 4244530 AND 4244630
	Bitmap Heap Scan on sbtest2  (cost=5.43..389.37 rows=97 width=125)
	  Recheck Cond: ((k >= 4244530) AND (k <= 4244630))
	  ->  Bitmap Index Scan on k_2  (cost=0.00..5.40 rows=97 width=0)
	        Index Cond: ((k >= 4244530) AND (k <= 4244630))

table 3 : explain SELECT k, c FROM sbtest3 WHERE k BETWEEN 4244530 AND 4244630
	Bitmap Heap Scan on sbtest3  (cost=5.55..436.62 rows=109 width=125)
	  Recheck Cond: ((k >= 4244530) AND (k <= 4244630))
	  ->  Bitmap Index Scan on k_3  (cost=0.00..5.52 rows=109 width=0)
	        Index Cond: ((k >= 4244530) AND (k <= 4244630))

table 4 : explain SELECT k, c FROM sbtest4 WHERE k BETWEEN 4244530 AND 4244630
	Bitmap Heap Scan on sbtest4  (cost=5.49..413.00 rows=103 width=125)
	  Recheck Cond: ((k >= 4244530) AND (k <= 4244630))
	  ->  Bitmap Index Scan on k_4  (cost=0.00..5.46 rows=103 width=0)
	        Index Cond: ((k >= 4244530) AND (k <= 4244630))

table 5 : explain SELECT k, c FROM sbtest5 WHERE k BETWEEN 4244530 AND 4244630
	Bitmap Heap Scan on sbtest5  (cost=5.50..416.94 rows=104 width=125)
	  Recheck Cond: ((k >= 4244530) AND (k <= 4244630))
	  ->  Bitmap Index Scan on k_5  (cost=0.00..5.47 rows=104 width=0)
	        Index Cond: ((k >= 4244530) AND (k <= 4244630))

table 6 : explain SELECT k, c FROM sbtest6 WHERE k BETWEEN 4244530 AND 4244630
	Bitmap Heap Scan on sbtest6  (cost=5.54..432.69 rows=108 width=125)
	  Recheck Cond: ((k >= 4244530) AND (k <= 4244630))
	  ->  Bitmap Index Scan on k_6  (cost=0.00..5.51 rows=108 width=0)
	        Index Cond: ((k >= 4244530) AND (k <= 4244630))

table 7 : explain SELECT k, c FROM sbtest7 WHERE k BETWEEN 4244530 AND 4244630
	Bitmap Heap Scan on sbtest7  (cost=5.57..444.49 rows=111 width=125)
	  Recheck Cond: ((k >= 4244530) AND (k <= 4244630))
	  ->  Bitmap Index Scan on k_7  (cost=0.00..5.54 rows=111 width=0)
	        Index Cond: ((k >= 4244530) AND (k <= 4244630))

table 8 : explain SELECT k, c FROM sbtest8 WHERE k BETWEEN 4244530 AND 4244630
	Bitmap Heap Scan on sbtest8  (cost=5.49..413.00 rows=103 width=125)
	  Recheck Cond: ((k >= 4244530) AND (k <= 4244630))
	  ->  Bitmap Index Scan on k_8  (cost=0.00..5.46 rows=103 width=0)
	        Index Cond: ((k >= 4244530) AND (k <= 4244630))


explain: for range-notcovered :: explain SELECT k, c FROM sbtest%d WHERE k BETWEEN 4244530 AND 4244630
explain: for range-notcovered :: explain SELECT k, c FROM sbtest%d WHERE k BETWEEN 5941187 AND 5941287
for range-notcovered
table 1 : explain SELECT k, c FROM sbtest1 WHERE k BETWEEN 7436501 AND 7436601
	Bitmap Heap Scan on sbtest1  (cost=5.40..377.55 rows=94 width=125)
	  Recheck Cond: ((k >= 7436501) AND (k <= 7436601))
	  ->  Bitmap Index Scan on k_1  (cost=0.00..5.38 rows=94 width=0)
	        Index Cond: ((k >= 7436501) AND (k <= 7436601))

table 2 : explain SELECT k, c FROM sbtest2 WHERE k BETWEEN 7436501 AND 7436601
	Bitmap Heap Scan on sbtest2  (cost=5.48..409.07 rows=102 width=125)
	  Recheck Cond: ((k >= 7436501) AND (k <= 7436601))
	  ->  Bitmap Index Scan on k_2  (cost=0.00..5.45 rows=102 width=0)
	        Index Cond: ((k >= 7436501) AND (k <= 7436601))

table 3 : explain SELECT k, c FROM sbtest3 WHERE k BETWEEN 7436501 AND 7436601
	Bitmap Heap Scan on sbtest3  (cost=5.36..361.78 rows=90 width=125)
	  Recheck Cond: ((k >= 7436501) AND (k <= 7436601))
	  ->  Bitmap Index Scan on k_3  (cost=0.00..5.33 rows=90 width=0)
	        Index Cond: ((k >= 7436501) AND (k <= 7436601))

table 4 : explain SELECT k, c FROM sbtest4 WHERE k BETWEEN 7436501 AND 7436601
	Bitmap Heap Scan on sbtest4  (cost=5.44..393.31 rows=98 width=125)
	  Recheck Cond: ((k >= 7436501) AND (k <= 7436601))
	  ->  Bitmap Index Scan on k_4  (cost=0.00..5.42 rows=98 width=0)
	        Index Cond: ((k >= 7436501) AND (k <= 7436601))

table 5 : explain SELECT k, c FROM sbtest5 WHERE k BETWEEN 7436501 AND 7436601
	Bitmap Heap Scan on sbtest5  (cost=5.49..413.00 rows=103 width=125)
	  Recheck Cond: ((k >= 7436501) AND (k <= 7436601))
	  ->  Bitmap Index Scan on k_5  (cost=0.00..5.46 rows=103 width=0)
	        Index Cond: ((k >= 7436501) AND (k <= 7436601))

table 6 : explain SELECT k, c FROM sbtest6 WHERE k BETWEEN 7436501 AND 7436601
	Bitmap Heap Scan on sbtest6  (cost=5.44..393.31 rows=98 width=125)
	  Recheck Cond: ((k >= 7436501) AND (k <= 7436601))
	  ->  Bitmap Index Scan on k_6  (cost=0.00..5.42 rows=98 width=0)
	        Index Cond: ((k >= 7436501) AND (k <= 7436601))

table 7 : explain SELECT k, c FROM sbtest7 WHERE k BETWEEN 7436501 AND 7436601
	Bitmap Heap Scan on sbtest7  (cost=5.44..393.31 rows=98 width=125)
	  Recheck Cond: ((k >= 7436501) AND (k <= 7436601))
	  ->  Bitmap Index Scan on k_7  (cost=0.00..5.42 rows=98 width=0)
	        Index Cond: ((k >= 7436501) AND (k <= 7436601))

table 8 : explain SELECT k, c FROM sbtest8 WHERE k BETWEEN 7436501 AND 7436601
	Bitmap Heap Scan on sbtest8  (cost=5.45..397.25 rows=99 width=125)
	  Recheck Cond: ((k >= 7436501) AND (k <= 7436601))
	  ->  Bitmap Index Scan on k_8  (cost=0.00..5.42 rows=99 width=0)
	        Index Cond: ((k >= 7436501) AND (k <= 7436601))

for range-notcovered
table 1 : explain SELECT k, c FROM sbtest1 WHERE k BETWEEN 1382970 AND 1383070
	Bitmap Heap Scan on sbtest1  (cost=5.52..424.81 rows=106 width=125)
	  Recheck Cond: ((k >= 1382970) AND (k <= 1383070))
	  ->  Bitmap Index Scan on k_1  (cost=0.00..5.50 rows=106 width=0)
	        Index Cond: ((k >= 1382970) AND (k <= 1383070))

table 2 : explain SELECT k, c FROM sbtest2 WHERE k BETWEEN 1382970 AND 1383070
	Bitmap Heap Scan on sbtest2  (cost=5.42..385.43 rows=96 width=125)
	  Recheck Cond: ((k >= 1382970) AND (k <= 1383070))
	  ->  Bitmap Index Scan on k_2  (cost=0.00..5.39 rows=96 width=0)
	        Index Cond: ((k >= 1382970) AND (k <= 1383070))

table 3 : explain SELECT k, c FROM sbtest3 WHERE k BETWEEN 1382970 AND 1383070
	Bitmap Heap Scan on sbtest3  (cost=5.54..432.69 rows=108 width=125)
	  Recheck Cond: ((k >= 1382970) AND (k <= 1383070))
	  ->  Bitmap Index Scan on k_3  (cost=0.00..5.51 rows=108 width=0)
	        Index Cond: ((k >= 1382970) AND (k <= 1383070))

table 4 : explain SELECT k, c FROM sbtest4 WHERE k BETWEEN 1382970 AND 1383070
	Bitmap Heap Scan on sbtest4  (cost=5.49..413.00 rows=103 width=125)
	  Recheck Cond: ((k >= 1382970) AND (k <= 1383070))
	  ->  Bitmap Index Scan on k_4  (cost=0.00..5.46 rows=103 width=0)
	        Index Cond: ((k >= 1382970) AND (k <= 1383070))

table 5 : explain SELECT k, c FROM sbtest5 WHERE k BETWEEN 1382970 AND 1383070
	Bitmap Heap Scan on sbtest5  (cost=5.49..413.00 rows=103 width=125)
	  Recheck Cond: ((k >= 1382970) AND (k <= 1383070))
	  ->  Bitmap Index Scan on k_5  (cost=0.00..5.46 rows=103 width=0)
	        Index Cond: ((k >= 1382970) AND (k <= 1383070))

table 6 : explain SELECT k, c FROM sbtest6 WHERE k BETWEEN 1382970 AND 1383070
	Bitmap Heap Scan on sbtest6  (cost=5.44..393.31 rows=98 width=125)
	  Recheck Cond: ((k >= 1382970) AND (k <= 1383070))
	  ->  Bitmap Index Scan on k_6  (cost=0.00..5.42 rows=98 width=0)
	        Index Cond: ((k >= 1382970) AND (k <= 1383070))

table 7 : explain SELECT k, c FROM sbtest7 WHERE k BETWEEN 1382970 AND 1383070
	Bitmap Heap Scan on sbtest7  (cost=5.40..377.55 rows=94 width=125)
	  Recheck Cond: ((k >= 1382970) AND (k <= 1383070))
	  ->  Bitmap Index Scan on k_7  (cost=0.00..5.38 rows=94 width=0)
	        Index Cond: ((k >= 1382970) AND (k <= 1383070))

table 8 : explain SELECT k, c FROM sbtest8 WHERE k BETWEEN 1382970 AND 1383070
	Bitmap Heap Scan on sbtest8  (cost=5.56..440.56 rows=110 width=125)
	  Recheck Cond: ((k >= 1382970) AND (k <= 1383070))
	  ->  Bitmap Index Scan on k_8  (cost=0.00..5.53 rows=110 width=0)
	        Index Cond: ((k >= 1382970) AND (k <= 1383070))

explain: for range-notcovered :: explain SELECT k, c FROM sbtest%d WHERE k BETWEEN 1382970 AND 1383070
for range-notcovered
table 1 : explain SELECT k, c FROM sbtest1 WHERE k BETWEEN 4244530 AND 4244630
	Bitmap Heap Scan on sbtest1  (cost=5.50..416.94 rows=104 width=125)
	  Recheck Cond: ((k >= 4244530) AND (k <= 4244630))
	  ->  Bitmap Index Scan on k_1  (cost=0.00..5.47 rows=104 width=0)
	        Index Cond: ((k >= 4244530) AND (k <= 4244630))

table 2 : explain SELECT k, c FROM sbtest2 WHERE k BETWEEN 4244530 AND 4244630
	Bitmap Heap Scan on sbtest2  (cost=5.43..389.37 rows=97 width=125)
	  Recheck Cond: ((k >= 4244530) AND (k <= 4244630))
	  ->  Bitmap Index Scan on k_2  (cost=0.00..5.40 rows=97 width=0)
	        Index Cond: ((k >= 4244530) AND (k <= 4244630))

table 3 : explain SELECT k, c FROM sbtest3 WHERE k BETWEEN 4244530 AND 4244630
	Bitmap Heap Scan on sbtest3  (cost=5.55..436.62 rows=109 width=125)
	  Recheck Cond: ((k >= 4244530) AND (k <= 4244630))
	  ->  Bitmap Index Scan on k_3  (cost=0.00..5.52 rows=109 width=0)
	        Index Cond: ((k >= 4244530) AND (k <= 4244630))

table 4 : explain SELECT k, c FROM sbtest4 WHERE k BETWEEN 4244530 AND 4244630
	Bitmap Heap Scan on sbtest4  (cost=5.49..413.00 rows=103 width=125)
	  Recheck Cond: ((k >= 4244530) AND (k <= 4244630))
	  ->  Bitmap Index Scan on k_4  (cost=0.00..5.46 rows=103 width=0)
	        Index Cond: ((k >= 4244530) AND (k <= 4244630))

table 5 : explain SELECT k, c FROM sbtest5 WHERE k BETWEEN 4244530 AND 4244630
	Bitmap Heap Scan on sbtest5  (cost=5.50..416.94 rows=104 width=125)
	  Recheck Cond: ((k >= 4244530) AND (k <= 4244630))
	  ->  Bitmap Index Scan on k_5  (cost=0.00..5.47 rows=104 width=0)
	        Index Cond: ((k >= 4244530) AND (k <= 4244630))

table 6 : explain SELECT k, c FROM sbtest6 WHERE k BETWEEN 4244530 AND 4244630
	Bitmap Heap Scan on sbtest6  (cost=5.54..432.69 rows=108 width=125)
	  Recheck Cond: ((k >= 4244530) AND (k <= 4244630))
	  ->  Bitmap Index Scan on k_6  (cost=0.00..5.51 rows=108 width=0)
	        Index Cond: ((k >= 4244530) AND (k <= 4244630))

table 7 : explain SELECT k, c FROM sbtest7 WHERE k BETWEEN 4244530 AND 4244630
	Bitmap Heap Scan on sbtest7  (cost=5.57..444.49 rows=111 width=125)
	  Recheck Cond: ((k >= 4244530) AND (k <= 4244630))
	  ->  Bitmap Index Scan on k_7  (cost=0.00..5.54 rows=111 width=0)
	        Index Cond: ((k >= 4244530) AND (k <= 4244630))

table 8 : explain SELECT k, c FROM sbtest8 WHERE k BETWEEN 4244530 AND 4244630
	Bitmap Heap Scan on sbtest8  (cost=5.49..413.00 rows=103 width=125)
	  Recheck Cond: ((k >= 4244530) AND (k <= 4244630))
	  ->  Bitmap Index Scan on k_8  (cost=0.00..5.46 rows=103 width=0)
	        Index Cond: ((k >= 4244530) AND (k <= 4244630))

explain: for range-notcovered :: explain SELECT k, c FROM sbtest%d WHERE k BETWEEN 4244530 AND 4244630
for range-notcovered
table 1 : explain SELECT k, c FROM sbtest1 WHERE k BETWEEN 5941187 AND 5941287
	Bitmap Heap Scan on sbtest1  (cost=5.52..424.81 rows=106 width=125)
	  Recheck Cond: ((k >= 5941187) AND (k <= 5941287))
	  ->  Bitmap Index Scan on k_1  (cost=0.00..5.50 rows=106 width=0)
	        Index Cond: ((k >= 5941187) AND (k <= 5941287))

table 2 : explain SELECT k, c FROM sbtest2 WHERE k BETWEEN 5941187 AND 5941287
	Bitmap Heap Scan on sbtest2  (cost=5.54..432.69 rows=108 width=125)
	  Recheck Cond: ((k >= 5941187) AND (k <= 5941287))
	  ->  Bitmap Index Scan on k_2  (cost=0.00..5.51 rows=108 width=0)
	        Index Cond: ((k >= 5941187) AND (k <= 5941287))

table 3 : explain SELECT k, c FROM sbtest3 WHERE k BETWEEN 5941187 AND 5941287
	Bitmap Heap Scan on sbtest3  (cost=5.45..397.25 rows=99 width=125)
	  Recheck Cond: ((k >= 5941187) AND (k <= 5941287))
	  ->  Bitmap Index Scan on k_3  (cost=0.00..5.42 rows=99 width=0)
	        Index Cond: ((k >= 5941187) AND (k <= 5941287))

table 4 : explain SELECT k, c FROM sbtest4 WHERE k BETWEEN 5941187 AND 5941287
	Bitmap Heap Scan on sbtest4  (cost=5.49..413.00 rows=103 width=125)
	  Recheck Cond: ((k >= 5941187) AND (k <= 5941287))
	  ->  Bitmap Index Scan on k_4  (cost=0.00..5.46 rows=103 width=0)
	        Index Cond: ((k >= 5941187) AND (k <= 5941287))

table 5 : explain SELECT k, c FROM sbtest5 WHERE k BETWEEN 5941187 AND 5941287
	Bitmap Heap Scan on sbtest5  (cost=5.52..424.81 rows=106 width=125)
	  Recheck Cond: ((k >= 5941187) AND (k <= 5941287))
	  ->  Bitmap Index Scan on k_5  (cost=0.00..5.50 rows=106 width=0)
	        Index Cond: ((k >= 5941187) AND (k <= 5941287))

table 6 : explain SELECT k, c FROM sbtest6 WHERE k BETWEEN 5941187 AND 5941287
	Bitmap Heap Scan on sbtest6  (cost=5.54..432.69 rows=108 width=125)
	  Recheck Cond: ((k >= 5941187) AND (k <= 5941287))
	  ->  Bitmap Index Scan on k_6  (cost=0.00..5.51 rows=108 width=0)
	        Index Cond: ((k >= 5941187) AND (k <= 5941287))

table 7 : explain SELECT k, c FROM sbtest7 WHERE k BETWEEN 5941187 AND 5941287
	Bitmap Heap Scan on sbtest7  (cost=5.55..436.62 rows=109 width=125)
	  Recheck Cond: ((k >= 5941187) AND (k <= 5941287))
	  ->  Bitmap Index Scan on k_7  (cost=0.00..5.52 rows=109 width=0)
	        Index Cond: ((k >= 5941187) AND (k <= 5941287))

table 8 : explain SELECT k, c FROM sbtest8 WHERE k BETWEEN 5941187 AND 5941287
	Bitmap Heap Scan on sbtest8  (cost=5.48..409.07 rows=102 width=125)
	  Recheck Cond: ((k >= 5941187) AND (k <= 5941287))
	  ->  Bitmap Index Scan on k_8  (cost=0.00..5.45 rows=102 width=0)
	        Index Cond: ((k >= 5941187) AND (k <= 5941287))

explain: for range-notcovered :: explain SELECT k, c FROM sbtest%d WHERE k BETWEEN 5941187 AND 5941287
for range-notcovered
table 1 : explain SELECT k, c FROM sbtest1 WHERE k BETWEEN 1382970 AND 1383070
	Bitmap Heap Scan on sbtest1  (cost=5.52..424.81 rows=106 width=125)
	  Recheck Cond: ((k >= 1382970) AND (k <= 1383070))
	  ->  Bitmap Index Scan on k_1  (cost=0.00..5.50 rows=106 width=0)
	        Index Cond: ((k >= 1382970) AND (k <= 1383070))

table 2 : explain SELECT k, c FROM sbtest2 WHERE k BETWEEN 1382970 AND 1383070
	Bitmap Heap Scan on sbtest2  (cost=5.42..385.43 rows=96 width=125)
	  Recheck Cond: ((k >= 1382970) AND (k <= 1383070))
	  ->  Bitmap Index Scan on k_2  (cost=0.00..5.39 rows=96 width=0)
	        Index Cond: ((k >= 1382970) AND (k <= 1383070))

table 3 : explain SELECT k, c FROM sbtest3 WHERE k BETWEEN 1382970 AND 1383070
	Bitmap Heap Scan on sbtest3  (cost=5.54..432.69 rows=108 width=125)
	  Recheck Cond: ((k >= 1382970) AND (k <= 1383070))
	  ->  Bitmap Index Scan on k_3  (cost=0.00..5.51 rows=108 width=0)
	        Index Cond: ((k >= 1382970) AND (k <= 1383070))

table 4 : explain SELECT k, c FROM sbtest4 WHERE k BETWEEN 1382970 AND 1383070
	Bitmap Heap Scan on sbtest4  (cost=5.49..413.00 rows=103 width=125)
	  Recheck Cond: ((k >= 1382970) AND (k <= 1383070))
	  ->  Bitmap Index Scan on k_4  (cost=0.00..5.46 rows=103 width=0)
	        Index Cond: ((k >= 1382970) AND (k <= 1383070))

table 5 : explain SELECT k, c FROM sbtest5 WHERE k BETWEEN 1382970 AND 1383070
	Bitmap Heap Scan on sbtest5  (cost=5.49..413.00 rows=103 width=125)
	  Recheck Cond: ((k >= 1382970) AND (k <= 1383070))
	  ->  Bitmap Index Scan on k_5  (cost=0.00..5.46 rows=103 width=0)
	        Index Cond: ((k >= 1382970) AND (k <= 1383070))

table 6 : explain SELECT k, c FROM sbtest6 WHERE k BETWEEN 1382970 AND 1383070
	Bitmap Heap Scan on sbtest6  (cost=5.44..393.31 rows=98 width=125)
	  Recheck Cond: ((k >= 1382970) AND (k <= 1383070))
	  ->  Bitmap Index Scan on k_6  (cost=0.00..5.42 rows=98 width=0)
	        Index Cond: ((k >= 1382970) AND (k <= 1383070))

table 7 : explain SELECT k, c FROM sbtest7 WHERE k BETWEEN 1382970 AND 1383070
	Bitmap Heap Scan on sbtest7  (cost=5.40..377.55 rows=94 width=125)
	  Recheck Cond: ((k >= 1382970) AND (k <= 1383070))
	  ->  Bitmap Index Scan on k_7  (cost=0.00..5.38 rows=94 width=0)
	        Index Cond: ((k >= 1382970) AND (k <= 1383070))

table 8 : explain SELECT k, c FROM sbtest8 WHERE k BETWEEN 1382970 AND 1383070
	Bitmap Heap Scan on sbtest8  (cost=5.56..440.56 rows=110 width=125)
	  Recheck Cond: ((k >= 1382970) AND (k <= 1383070))
	  ->  Bitmap Index Scan on k_8  (cost=0.00..5.53 rows=110 width=0)
	        Index Cond: ((k >= 1382970) AND (k <= 1383070))

explain: for range-notcovered :: explain SELECT k, c FROM sbtest%d WHERE k BETWEEN 1382970 AND 1383070
for range-notcovered
table 1 : explain SELECT k, c FROM sbtest1 WHERE k BETWEEN 4244530 AND 4244630
	Bitmap Heap Scan on sbtest1  (cost=5.50..416.94 rows=104 width=125)
	  Recheck Cond: ((k >= 4244530) AND (k <= 4244630))
	  ->  Bitmap Index Scan on k_1  (cost=0.00..5.47 rows=104 width=0)
	        Index Cond: ((k >= 4244530) AND (k <= 4244630))

table 2 : explain SELECT k, c FROM sbtest2 WHERE k BETWEEN 4244530 AND 4244630
	Bitmap Heap Scan on sbtest2  (cost=5.43..389.37 rows=97 width=125)
	  Recheck Cond: ((k >= 4244530) AND (k <= 4244630))
	  ->  Bitmap Index Scan on k_2  (cost=0.00..5.40 rows=97 width=0)
	        Index Cond: ((k >= 4244530) AND (k <= 4244630))

table 3 : explain SELECT k, c FROM sbtest3 WHERE k BETWEEN 4244530 AND 4244630
	Bitmap Heap Scan on sbtest3  (cost=5.55..436.62 rows=109 width=125)
	  Recheck Cond: ((k >= 4244530) AND (k <= 4244630))
	  ->  Bitmap Index Scan on k_3  (cost=0.00..5.52 rows=109 width=0)
	        Index Cond: ((k >= 4244530) AND (k <= 4244630))

table 4 : explain SELECT k, c FROM sbtest4 WHERE k BETWEEN 4244530 AND 4244630
	Bitmap Heap Scan on sbtest4  (cost=5.49..413.00 rows=103 width=125)
	  Recheck Cond: ((k >= 4244530) AND (k <= 4244630))
	  ->  Bitmap Index Scan on k_4  (cost=0.00..5.46 rows=103 width=0)
	        Index Cond: ((k >= 4244530) AND (k <= 4244630))

table 5 : explain SELECT k, c FROM sbtest5 WHERE k BETWEEN 4244530 AND 4244630
	Bitmap Heap Scan on sbtest5  (cost=5.50..416.94 rows=104 width=125)
	  Recheck Cond: ((k >= 4244530) AND (k <= 4244630))
	  ->  Bitmap Index Scan on k_5  (cost=0.00..5.47 rows=104 width=0)
	        Index Cond: ((k >= 4244530) AND (k <= 4244630))

table 6 : explain SELECT k, c FROM sbtest6 WHERE k BETWEEN 4244530 AND 4244630
	Bitmap Heap Scan on sbtest6  (cost=5.54..432.69 rows=108 width=125)
	  Recheck Cond: ((k >= 4244530) AND (k <= 4244630))
	  ->  Bitmap Index Scan on k_6  (cost=0.00..5.51 rows=108 width=0)
	        Index Cond: ((k >= 4244530) AND (k <= 4244630))

table 7 : explain SELECT k, c FROM sbtest7 WHERE k BETWEEN 4244530 AND 4244630
	Bitmap Heap Scan on sbtest7  (cost=5.57..444.49 rows=111 width=125)
	  Recheck Cond: ((k >= 4244530) AND (k <= 4244630))
	  ->  Bitmap Index Scan on k_7  (cost=0.00..5.54 rows=111 width=0)
	        Index Cond: ((k >= 4244530) AND (k <= 4244630))

table 8 : explain SELECT k, c FROM sbtest8 WHERE k BETWEEN 4244530 AND 4244630
	Bitmap Heap Scan on sbtest8  (cost=5.49..413.00 rows=103 width=125)
	  Recheck Cond: ((k >= 4244530) AND (k <= 4244630))
	  ->  Bitmap Index Scan on k_8  (cost=0.00..5.46 rows=103 width=0)
	        Index Cond: ((k >= 4244530) AND (k <= 4244630))

explain: for range-notcovered :: explain SELECT k, c FROM sbtest%d WHERE k BETWEEN 4244530 AND 4244630
for range-notcovered
table 1 : explain SELECT k, c FROM sbtest1 WHERE k BETWEEN 5941187 AND 5941287
	Bitmap Heap Scan on sbtest1  (cost=5.52..424.81 rows=106 width=125)
	  Recheck Cond: ((k >= 5941187) AND (k <= 5941287))
	  ->  Bitmap Index Scan on k_1  (cost=0.00..5.50 rows=106 width=0)
	        Index Cond: ((k >= 5941187) AND (k <= 5941287))

table 2 : explain SELECT k, c FROM sbtest2 WHERE k BETWEEN 5941187 AND 5941287
	Bitmap Heap Scan on sbtest2  (cost=5.54..432.69 rows=108 width=125)
	  Recheck Cond: ((k >= 5941187) AND (k <= 5941287))
	  ->  Bitmap Index Scan on k_2  (cost=0.00..5.51 rows=108 width=0)
	        Index Cond: ((k >= 5941187) AND (k <= 5941287))

table 3 : explain SELECT k, c FROM sbtest3 WHERE k BETWEEN 5941187 AND 5941287
	Bitmap Heap Scan on sbtest3  (cost=5.45..397.25 rows=99 width=125)
	  Recheck Cond: ((k >= 5941187) AND (k <= 5941287))
	  ->  Bitmap Index Scan on k_3  (cost=0.00..5.42 rows=99 width=0)
	        Index Cond: ((k >= 5941187) AND (k <= 5941287))

table 4 : explain SELECT k, c FROM sbtest4 WHERE k BETWEEN 5941187 AND 5941287
	Bitmap Heap Scan on sbtest4  (cost=5.49..413.00 rows=103 width=125)
	  Recheck Cond: ((k >= 5941187) AND (k <= 5941287))
	  ->  Bitmap Index Scan on k_4  (cost=0.00..5.46 rows=103 width=0)
	        Index Cond: ((k >= 5941187) AND (k <= 5941287))

table 5 : explain SELECT k, c FROM sbtest5 WHERE k BETWEEN 5941187 AND 5941287
	Bitmap Heap Scan on sbtest5  (cost=5.52..424.81 rows=106 width=125)
	  Recheck Cond: ((k >= 5941187) AND (k <= 5941287))
	  ->  Bitmap Index Scan on k_5  (cost=0.00..5.50 rows=106 width=0)
	        Index Cond: ((k >= 5941187) AND (k <= 5941287))

table 6 : explain SELECT k, c FROM sbtest6 WHERE k BETWEEN 5941187 AND 5941287
	Bitmap Heap Scan on sbtest6  (cost=5.54..432.69 rows=108 width=125)
	  Recheck Cond: ((k >= 5941187) AND (k <= 5941287))
	  ->  Bitmap Index Scan on k_6  (cost=0.00..5.51 rows=108 width=0)
	        Index Cond: ((k >= 5941187) AND (k <= 5941287))

table 7 : explain SELECT k, c FROM sbtest7 WHERE k BETWEEN 5941187 AND 5941287
	Bitmap Heap Scan on sbtest7  (cost=5.55..436.62 rows=109 width=125)
	  Recheck Cond: ((k >= 5941187) AND (k <= 5941287))
	  ->  Bitmap Index Scan on k_7  (cost=0.00..5.52 rows=109 width=0)
	        Index Cond: ((k >= 5941187) AND (k <= 5941287))

table 8 : explain SELECT k, c FROM sbtest8 WHERE k BETWEEN 5941187 AND 5941287
	Bitmap Heap Scan on sbtest8  (cost=5.48..409.07 rows=102 width=125)
	  Recheck Cond: ((k >= 5941187) AND (k <= 5941287))
	  ->  Bitmap Index Scan on k_8  (cost=0.00..5.45 rows=102 width=0)
	        Index Cond: ((k >= 5941187) AND (k <= 5941287))

explain: for range-notcovered :: explain SELECT k, c FROM sbtest%d WHERE k BETWEEN 5941187 AND 5941287
explain: for range-notcovered :: explain SELECT k, c FROM sbtest%d WHERE k BETWEEN 7797365 AND 7797465
for range-notcovered
table 1 : explain SELECT k, c FROM sbtest1 WHERE k BETWEEN 1382970 AND 1383070
	Bitmap Heap Scan on sbtest1  (cost=5.52..424.81 rows=106 width=125)
	  Recheck Cond: ((k >= 1382970) AND (k <= 1383070))
	  ->  Bitmap Index Scan on k_1  (cost=0.00..5.50 rows=106 width=0)
	        Index Cond: ((k >= 1382970) AND (k <= 1383070))

table 2 : explain SELECT k, c FROM sbtest2 WHERE k BETWEEN 1382970 AND 1383070
	Bitmap Heap Scan on sbtest2  (cost=5.42..385.43 rows=96 width=125)
	  Recheck Cond: ((k >= 1382970) AND (k <= 1383070))
	  ->  Bitmap Index Scan on k_2  (cost=0.00..5.39 rows=96 width=0)
	        Index Cond: ((k >= 1382970) AND (k <= 1383070))

table 3 : explain SELECT k, c FROM sbtest3 WHERE k BETWEEN 1382970 AND 1383070
	Bitmap Heap Scan on sbtest3  (cost=5.54..432.69 rows=108 width=125)
	  Recheck Cond: ((k >= 1382970) AND (k <= 1383070))
	  ->  Bitmap Index Scan on k_3  (cost=0.00..5.51 rows=108 width=0)
	        Index Cond: ((k >= 1382970) AND (k <= 1383070))

table 4 : explain SELECT k, c FROM sbtest4 WHERE k BETWEEN 1382970 AND 1383070
	Bitmap Heap Scan on sbtest4  (cost=5.49..413.00 rows=103 width=125)
	  Recheck Cond: ((k >= 1382970) AND (k <= 1383070))
	  ->  Bitmap Index Scan on k_4  (cost=0.00..5.46 rows=103 width=0)
	        Index Cond: ((k >= 1382970) AND (k <= 1383070))

table 5 : explain SELECT k, c FROM sbtest5 WHERE k BETWEEN 1382970 AND 1383070
	Bitmap Heap Scan on sbtest5  (cost=5.49..413.00 rows=103 width=125)
	  Recheck Cond: ((k >= 1382970) AND (k <= 1383070))
	  ->  Bitmap Index Scan on k_5  (cost=0.00..5.46 rows=103 width=0)
	        Index Cond: ((k >= 1382970) AND (k <= 1383070))

table 6 : explain SELECT k, c FROM sbtest6 WHERE k BETWEEN 1382970 AND 1383070
	Bitmap Heap Scan on sbtest6  (cost=5.44..393.31 rows=98 width=125)
	  Recheck Cond: ((k >= 1382970) AND (k <= 1383070))
	  ->  Bitmap Index Scan on k_6  (cost=0.00..5.42 rows=98 width=0)
	        Index Cond: ((k >= 1382970) AND (k <= 1383070))

table 7 : explain SELECT k, c FROM sbtest7 WHERE k BETWEEN 1382970 AND 1383070
	Bitmap Heap Scan on sbtest7  (cost=5.40..377.55 rows=94 width=125)
	  Recheck Cond: ((k >= 1382970) AND (k <= 1383070))
	  ->  Bitmap Index Scan on k_7  (cost=0.00..5.38 rows=94 width=0)
	        Index Cond: ((k >= 1382970) AND (k <= 1383070))

table 8 : explain SELECT k, c FROM sbtest8 WHERE k BETWEEN 1382970 AND 1383070
	Bitmap Heap Scan on sbtest8  (cost=5.56..440.56 rows=110 width=125)
	  Recheck Cond: ((k >= 1382970) AND (k <= 1383070))
	  ->  Bitmap Index Scan on k_8  (cost=0.00..5.53 rows=110 width=0)
	        Index Cond: ((k >= 1382970) AND (k <= 1383070))

for range-notcovered
table 1 : explain SELECT k, c FROM sbtest1 WHERE k BETWEEN 8765191 AND 8765291
	Bitmap Heap Scan on sbtest1  (cost=5.49..413.00 rows=103 width=125)
	  Recheck Cond: ((k >= 8765191) AND (k <= 8765291))
	  ->  Bitmap Index Scan on k_1  (cost=0.00..5.46 rows=103 width=0)
	        Index Cond: ((k >= 8765191) AND (k <= 8765291))

table 2 : explain SELECT k, c FROM sbtest2 WHERE k BETWEEN 8765191 AND 8765291
	Bitmap Heap Scan on sbtest2  (cost=5.44..393.31 rows=98 width=125)
	  Recheck Cond: ((k >= 8765191) AND (k <= 8765291))
	  ->  Bitmap Index Scan on k_2  (cost=0.00..5.42 rows=98 width=0)
	        Index Cond: ((k >= 8765191) AND (k <= 8765291))

table 3 : explain SELECT k, c FROM sbtest3 WHERE k BETWEEN 8765191 AND 8765291
	Bitmap Heap Scan on sbtest3  (cost=5.44..393.31 rows=98 width=125)
	  Recheck Cond: ((k >= 8765191) AND (k <= 8765291))
	  ->  Bitmap Index Scan on k_3  (cost=0.00..5.42 rows=98 width=0)
	        Index Cond: ((k >= 8765191) AND (k <= 8765291))

table 4 : explain SELECT k, c FROM sbtest4 WHERE k BETWEEN 8765191 AND 8765291
	Bitmap Heap Scan on sbtest4  (cost=5.50..416.94 rows=104 width=125)
	  Recheck Cond: ((k >= 8765191) AND (k <= 8765291))
	  ->  Bitmap Index Scan on k_4  (cost=0.00..5.47 rows=104 width=0)
	        Index Cond: ((k >= 8765191) AND (k <= 8765291))

table 5 : explain SELECT k, c FROM sbtest5 WHERE k BETWEEN 8765191 AND 8765291
	Bitmap Heap Scan on sbtest5  (cost=5.53..428.75 rows=107 width=125)
	  Recheck Cond: ((k >= 8765191) AND (k <= 8765291))
	  ->  Bitmap Index Scan on k_5  (cost=0.00..5.50 rows=107 width=0)
	        Index Cond: ((k >= 8765191) AND (k <= 8765291))

table 6 : explain SELECT k, c FROM sbtest6 WHERE k BETWEEN 8765191 AND 8765291
	Bitmap Heap Scan on sbtest6  (cost=5.49..413.00 rows=103 width=125)
	  Recheck Cond: ((k >= 8765191) AND (k <= 8765291))
	  ->  Bitmap Index Scan on k_6  (cost=0.00..5.46 rows=103 width=0)
	        Index Cond: ((k >= 8765191) AND (k <= 8765291))

table 7 : explain SELECT k, c FROM sbtest7 WHERE k BETWEEN 8765191 AND 8765291
	Bitmap Heap Scan on sbtest7  (cost=5.47..405.13 rows=101 width=125)
	  Recheck Cond: ((k >= 8765191) AND (k <= 8765291))
	  ->  Bitmap Index Scan on k_7  (cost=0.00..5.44 rows=101 width=0)
	        Index Cond: ((k >= 8765191) AND (k <= 8765291))

table 8 : explain SELECT k, c FROM sbtest8 WHERE k BETWEEN 8765191 AND 8765291
	Bitmap Heap Scan on sbtest8  (cost=5.39..373.61 rows=93 width=125)
	  Recheck Cond: ((k >= 8765191) AND (k <= 8765291))
	  ->  Bitmap Index Scan on k_8  (cost=0.00..5.36 rows=93 width=0)
	        Index Cond: ((k >= 8765191) AND (k <= 8765291))

explain: for range-notcovered :: explain SELECT k, c FROM sbtest%d WHERE k BETWEEN 1382970 AND 1383070
explain: for range-notcovered :: explain SELECT k, c FROM sbtest%d WHERE k BETWEEN 8765191 AND 8765291
for range-notcovered
table 1 : explain SELECT k, c FROM sbtest1 WHERE k BETWEEN 4244530 AND 4244630
	Bitmap Heap Scan on sbtest1  (cost=5.50..416.94 rows=104 width=125)
	  Recheck Cond: ((k >= 4244530) AND (k <= 4244630))
	  ->  Bitmap Index Scan on k_1  (cost=0.00..5.47 rows=104 width=0)
	        Index Cond: ((k >= 4244530) AND (k <= 4244630))

table 2 : explain SELECT k, c FROM sbtest2 WHERE k BETWEEN 4244530 AND 4244630
	Bitmap Heap Scan on sbtest2  (cost=5.43..389.37 rows=97 width=125)
	  Recheck Cond: ((k >= 4244530) AND (k <= 4244630))
	  ->  Bitmap Index Scan on k_2  (cost=0.00..5.40 rows=97 width=0)
	        Index Cond: ((k >= 4244530) AND (k <= 4244630))

table 3 : explain SELECT k, c FROM sbtest3 WHERE k BETWEEN 4244530 AND 4244630
	Bitmap Heap Scan on sbtest3  (cost=5.55..436.62 rows=109 width=125)
	  Recheck Cond: ((k >= 4244530) AND (k <= 4244630))
	  ->  Bitmap Index Scan on k_3  (cost=0.00..5.52 rows=109 width=0)
	        Index Cond: ((k >= 4244530) AND (k <= 4244630))

table 4 : explain SELECT k, c FROM sbtest4 WHERE k BETWEEN 4244530 AND 4244630
	Bitmap Heap Scan on sbtest4  (cost=5.49..413.00 rows=103 width=125)
	  Recheck Cond: ((k >= 4244530) AND (k <= 4244630))
	  ->  Bitmap Index Scan on k_4  (cost=0.00..5.46 rows=103 width=0)
	        Index Cond: ((k >= 4244530) AND (k <= 4244630))

table 5 : explain SELECT k, c FROM sbtest5 WHERE k BETWEEN 4244530 AND 4244630
	Bitmap Heap Scan on sbtest5  (cost=5.50..416.94 rows=104 width=125)
	  Recheck Cond: ((k >= 4244530) AND (k <= 4244630))
	  ->  Bitmap Index Scan on k_5  (cost=0.00..5.47 rows=104 width=0)
	        Index Cond: ((k >= 4244530) AND (k <= 4244630))

table 6 : explain SELECT k, c FROM sbtest6 WHERE k BETWEEN 4244530 AND 4244630
	Bitmap Heap Scan on sbtest6  (cost=5.54..432.69 rows=108 width=125)
	  Recheck Cond: ((k >= 4244530) AND (k <= 4244630))
	  ->  Bitmap Index Scan on k_6  (cost=0.00..5.51 rows=108 width=0)
	        Index Cond: ((k >= 4244530) AND (k <= 4244630))

table 7 : explain SELECT k, c FROM sbtest7 WHERE k BETWEEN 4244530 AND 4244630
	Bitmap Heap Scan on sbtest7  (cost=5.57..444.49 rows=111 width=125)
	  Recheck Cond: ((k >= 4244530) AND (k <= 4244630))
	  ->  Bitmap Index Scan on k_7  (cost=0.00..5.54 rows=111 width=0)
	        Index Cond: ((k >= 4244530) AND (k <= 4244630))

table 8 : explain SELECT k, c FROM sbtest8 WHERE k BETWEEN 4244530 AND 4244630
	Bitmap Heap Scan on sbtest8  (cost=5.49..413.00 rows=103 width=125)
	  Recheck Cond: ((k >= 4244530) AND (k <= 4244630))
	  ->  Bitmap Index Scan on k_8  (cost=0.00..5.46 rows=103 width=0)
	        Index Cond: ((k >= 4244530) AND (k <= 4244630))

explain: for range-notcovered :: explain SELECT k, c FROM sbtest%d WHERE k BETWEEN 4244530 AND 4244630
for range-notcovered
table 1 : explain SELECT k, c FROM sbtest1 WHERE k BETWEEN 5941187 AND 5941287
	Bitmap Heap Scan on sbtest1  (cost=5.52..424.81 rows=106 width=125)
	  Recheck Cond: ((k >= 5941187) AND (k <= 5941287))
	  ->  Bitmap Index Scan on k_1  (cost=0.00..5.50 rows=106 width=0)
	        Index Cond: ((k >= 5941187) AND (k <= 5941287))

table 2 : explain SELECT k, c FROM sbtest2 WHERE k BETWEEN 5941187 AND 5941287
	Bitmap Heap Scan on sbtest2  (cost=5.54..432.69 rows=108 width=125)
	  Recheck Cond: ((k >= 5941187) AND (k <= 5941287))
	  ->  Bitmap Index Scan on k_2  (cost=0.00..5.51 rows=108 width=0)
	        Index Cond: ((k >= 5941187) AND (k <= 5941287))

table 3 : explain SELECT k, c FROM sbtest3 WHERE k BETWEEN 5941187 AND 5941287
	Bitmap Heap Scan on sbtest3  (cost=5.45..397.25 rows=99 width=125)
	  Recheck Cond: ((k >= 5941187) AND (k <= 5941287))
	  ->  Bitmap Index Scan on k_3  (cost=0.00..5.42 rows=99 width=0)
	        Index Cond: ((k >= 5941187) AND (k <= 5941287))

table 4 : explain SELECT k, c FROM sbtest4 WHERE k BETWEEN 5941187 AND 5941287
	Bitmap Heap Scan on sbtest4  (cost=5.49..413.00 rows=103 width=125)
	  Recheck Cond: ((k >= 5941187) AND (k <= 5941287))
	  ->  Bitmap Index Scan on k_4  (cost=0.00..5.46 rows=103 width=0)
	        Index Cond: ((k >= 5941187) AND (k <= 5941287))

table 5 : explain SELECT k, c FROM sbtest5 WHERE k BETWEEN 5941187 AND 5941287
	Bitmap Heap Scan on sbtest5  (cost=5.52..424.81 rows=106 width=125)
	  Recheck Cond: ((k >= 5941187) AND (k <= 5941287))
	  ->  Bitmap Index Scan on k_5  (cost=0.00..5.50 rows=106 width=0)
	        Index Cond: ((k >= 5941187) AND (k <= 5941287))

table 6 : explain SELECT k, c FROM sbtest6 WHERE k BETWEEN 5941187 AND 5941287
	Bitmap Heap Scan on sbtest6  (cost=5.54..432.69 rows=108 width=125)
	  Recheck Cond: ((k >= 5941187) AND (k <= 5941287))
	  ->  Bitmap Index Scan on k_6  (cost=0.00..5.51 rows=108 width=0)
	        Index Cond: ((k >= 5941187) AND (k <= 5941287))

table 7 : explain SELECT k, c FROM sbtest7 WHERE k BETWEEN 5941187 AND 5941287
	Bitmap Heap Scan on sbtest7  (cost=5.55..436.62 rows=109 width=125)
	  Recheck Cond: ((k >= 5941187) AND (k <= 5941287))
	  ->  Bitmap Index Scan on k_7  (cost=0.00..5.52 rows=109 width=0)
	        Index Cond: ((k >= 5941187) AND (k <= 5941287))

table 8 : explain SELECT k, c FROM sbtest8 WHERE k BETWEEN 5941187 AND 5941287
	Bitmap Heap Scan on sbtest8  (cost=5.48..409.07 rows=102 width=125)
	  Recheck Cond: ((k >= 5941187) AND (k <= 5941287))
	  ->  Bitmap Index Scan on k_8  (cost=0.00..5.45 rows=102 width=0)
	        Index Cond: ((k >= 5941187) AND (k <= 5941287))

explain: for range-notcovered :: explain SELECT k, c FROM sbtest%d WHERE k BETWEEN 5941187 AND 5941287
for range-notcovered
table 1 : explain SELECT k, c FROM sbtest1 WHERE k BETWEEN 1382970 AND 1383070
	Bitmap Heap Scan on sbtest1  (cost=5.52..424.81 rows=106 width=125)
	  Recheck Cond: ((k >= 1382970) AND (k <= 1383070))
	  ->  Bitmap Index Scan on k_1  (cost=0.00..5.50 rows=106 width=0)
	        Index Cond: ((k >= 1382970) AND (k <= 1383070))

table 2 : explain SELECT k, c FROM sbtest2 WHERE k BETWEEN 1382970 AND 1383070
	Bitmap Heap Scan on sbtest2  (cost=5.42..385.43 rows=96 width=125)
	  Recheck Cond: ((k >= 1382970) AND (k <= 1383070))
	  ->  Bitmap Index Scan on k_2  (cost=0.00..5.39 rows=96 width=0)
	        Index Cond: ((k >= 1382970) AND (k <= 1383070))

table 3 : explain SELECT k, c FROM sbtest3 WHERE k BETWEEN 1382970 AND 1383070
	Bitmap Heap Scan on sbtest3  (cost=5.54..432.69 rows=108 width=125)
	  Recheck Cond: ((k >= 1382970) AND (k <= 1383070))
	  ->  Bitmap Index Scan on k_3  (cost=0.00..5.51 rows=108 width=0)
	        Index Cond: ((k >= 1382970) AND (k <= 1383070))

table 4 : explain SELECT k, c FROM sbtest4 WHERE k BETWEEN 1382970 AND 1383070
	Bitmap Heap Scan on sbtest4  (cost=5.49..413.00 rows=103 width=125)
	  Recheck Cond: ((k >= 1382970) AND (k <= 1383070))
	  ->  Bitmap Index Scan on k_4  (cost=0.00..5.46 rows=103 width=0)
	        Index Cond: ((k >= 1382970) AND (k <= 1383070))

table 5 : explain SELECT k, c FROM sbtest5 WHERE k BETWEEN 1382970 AND 1383070
	Bitmap Heap Scan on sbtest5  (cost=5.49..413.00 rows=103 width=125)
	  Recheck Cond: ((k >= 1382970) AND (k <= 1383070))
	  ->  Bitmap Index Scan on k_5  (cost=0.00..5.46 rows=103 width=0)
	        Index Cond: ((k >= 1382970) AND (k <= 1383070))

table 6 : explain SELECT k, c FROM sbtest6 WHERE k BETWEEN 1382970 AND 1383070
	Bitmap Heap Scan on sbtest6  (cost=5.44..393.31 rows=98 width=125)
	  Recheck Cond: ((k >= 1382970) AND (k <= 1383070))
	  ->  Bitmap Index Scan on k_6  (cost=0.00..5.42 rows=98 width=0)
	        Index Cond: ((k >= 1382970) AND (k <= 1383070))

table 7 : explain SELECT k, c FROM sbtest7 WHERE k BETWEEN 1382970 AND 1383070
	Bitmap Heap Scan on sbtest7  (cost=5.40..377.55 rows=94 width=125)
	  Recheck Cond: ((k >= 1382970) AND (k <= 1383070))
	  ->  Bitmap Index Scan on k_7  (cost=0.00..5.38 rows=94 width=0)
	        Index Cond: ((k >= 1382970) AND (k <= 1383070))

table 8 : explain SELECT k, c FROM sbtest8 WHERE k BETWEEN 1382970 AND 1383070
	Bitmap Heap Scan on sbtest8  (cost=5.56..440.56 rows=110 width=125)
	  Recheck Cond: ((k >= 1382970) AND (k <= 1383070))
	  ->  Bitmap Index Scan on k_8  (cost=0.00..5.53 rows=110 width=0)
	        Index Cond: ((k >= 1382970) AND (k <= 1383070))

for range-notcovered
table 1 : explain SELECT k, c FROM sbtest1 WHERE k BETWEEN 8765191 AND 8765291
	Bitmap Heap Scan on sbtest1  (cost=5.49..413.00 rows=103 width=125)
	  Recheck Cond: ((k >= 8765191) AND (k <= 8765291))
	  ->  Bitmap Index Scan on k_1  (cost=0.00..5.46 rows=103 width=0)
	        Index Cond: ((k >= 8765191) AND (k <= 8765291))

table 2 : explain SELECT k, c FROM sbtest2 WHERE k BETWEEN 8765191 AND 8765291
	Bitmap Heap Scan on sbtest2  (cost=5.44..393.31 rows=98 width=125)
	  Recheck Cond: ((k >= 8765191) AND (k <= 8765291))
	  ->  Bitmap Index Scan on k_2  (cost=0.00..5.42 rows=98 width=0)
	        Index Cond: ((k >= 8765191) AND (k <= 8765291))

table 3 : explain SELECT k, c FROM sbtest3 WHERE k BETWEEN 8765191 AND 8765291
	Bitmap Heap Scan on sbtest3  (cost=5.44..393.31 rows=98 width=125)
	  Recheck Cond: ((k >= 8765191) AND (k <= 8765291))
	  ->  Bitmap Index Scan on k_3  (cost=0.00..5.42 rows=98 width=0)
	        Index Cond: ((k >= 8765191) AND (k <= 8765291))

table 4 : explain SELECT k, c FROM sbtest4 WHERE k BETWEEN 8765191 AND 8765291
	Bitmap Heap Scan on sbtest4  (cost=5.50..416.94 rows=104 width=125)
	  Recheck Cond: ((k >= 8765191) AND (k <= 8765291))
	  ->  Bitmap Index Scan on k_4  (cost=0.00..5.47 rows=104 width=0)
	        Index Cond: ((k >= 8765191) AND (k <= 8765291))

table 5 : explain SELECT k, c FROM sbtest5 WHERE k BETWEEN 8765191 AND 8765291
	Bitmap Heap Scan on sbtest5  (cost=5.53..428.75 rows=107 width=125)
	  Recheck Cond: ((k >= 8765191) AND (k <= 8765291))
	  ->  Bitmap Index Scan on k_5  (cost=0.00..5.50 rows=107 width=0)
	        Index Cond: ((k >= 8765191) AND (k <= 8765291))

table 6 : explain SELECT k, c FROM sbtest6 WHERE k BETWEEN 8765191 AND 8765291
	Bitmap Heap Scan on sbtest6  (cost=5.49..413.00 rows=103 width=125)
	  Recheck Cond: ((k >= 8765191) AND (k <= 8765291))
	  ->  Bitmap Index Scan on k_6  (cost=0.00..5.46 rows=103 width=0)
	        Index Cond: ((k >= 8765191) AND (k <= 8765291))

table 7 : explain SELECT k, c FROM sbtest7 WHERE k BETWEEN 8765191 AND 8765291
	Bitmap Heap Scan on sbtest7  (cost=5.47..405.13 rows=101 width=125)
	  Recheck Cond: ((k >= 8765191) AND (k <= 8765291))
	  ->  Bitmap Index Scan on k_7  (cost=0.00..5.44 rows=101 width=0)
	        Index Cond: ((k >= 8765191) AND (k <= 8765291))

table 8 : explain SELECT k, c FROM sbtest8 WHERE k BETWEEN 8765191 AND 8765291
	Bitmap Heap Scan on sbtest8  (cost=5.39..373.61 rows=93 width=125)
	  Recheck Cond: ((k >= 8765191) AND (k <= 8765291))
	  ->  Bitmap Index Scan on k_8  (cost=0.00..5.36 rows=93 width=0)
	        Index Cond: ((k >= 8765191) AND (k <= 8765291))

explain: for range-notcovered :: explain SELECT k, c FROM sbtest%d WHERE k BETWEEN 1382970 AND 1383070
explain: for range-notcovered :: explain SELECT k, c FROM sbtest%d WHERE k BETWEEN 8765191 AND 8765291
for range-notcovered
table 1 : explain SELECT k, c FROM sbtest1 WHERE k BETWEEN 4244530 AND 4244630
	Bitmap Heap Scan on sbtest1  (cost=5.50..416.94 rows=104 width=125)
	  Recheck Cond: ((k >= 4244530) AND (k <= 4244630))
	  ->  Bitmap Index Scan on k_1  (cost=0.00..5.47 rows=104 width=0)
	        Index Cond: ((k >= 4244530) AND (k <= 4244630))

table 2 : explain SELECT k, c FROM sbtest2 WHERE k BETWEEN 4244530 AND 4244630
	Bitmap Heap Scan on sbtest2  (cost=5.43..389.37 rows=97 width=125)
	  Recheck Cond: ((k >= 4244530) AND (k <= 4244630))
	  ->  Bitmap Index Scan on k_2  (cost=0.00..5.40 rows=97 width=0)
	        Index Cond: ((k >= 4244530) AND (k <= 4244630))

table 3 : explain SELECT k, c FROM sbtest3 WHERE k BETWEEN 4244530 AND 4244630
	Bitmap Heap Scan on sbtest3  (cost=5.55..436.62 rows=109 width=125)
	  Recheck Cond: ((k >= 4244530) AND (k <= 4244630))
	  ->  Bitmap Index Scan on k_3  (cost=0.00..5.52 rows=109 width=0)
	        Index Cond: ((k >= 4244530) AND (k <= 4244630))

table 4 : explain SELECT k, c FROM sbtest4 WHERE k BETWEEN 4244530 AND 4244630
	Bitmap Heap Scan on sbtest4  (cost=5.49..413.00 rows=103 width=125)
	  Recheck Cond: ((k >= 4244530) AND (k <= 4244630))
	  ->  Bitmap Index Scan on k_4  (cost=0.00..5.46 rows=103 width=0)
	        Index Cond: ((k >= 4244530) AND (k <= 4244630))

table 5 : explain SELECT k, c FROM sbtest5 WHERE k BETWEEN 4244530 AND 4244630
	Bitmap Heap Scan on sbtest5  (cost=5.50..416.94 rows=104 width=125)
	  Recheck Cond: ((k >= 4244530) AND (k <= 4244630))
	  ->  Bitmap Index Scan on k_5  (cost=0.00..5.47 rows=104 width=0)
	        Index Cond: ((k >= 4244530) AND (k <= 4244630))

table 6 : explain SELECT k, c FROM sbtest6 WHERE k BETWEEN 4244530 AND 4244630
	Bitmap Heap Scan on sbtest6  (cost=5.54..432.69 rows=108 width=125)
	  Recheck Cond: ((k >= 4244530) AND (k <= 4244630))
	  ->  Bitmap Index Scan on k_6  (cost=0.00..5.51 rows=108 width=0)
	        Index Cond: ((k >= 4244530) AND (k <= 4244630))

table 7 : explain SELECT k, c FROM sbtest7 WHERE k BETWEEN 4244530 AND 4244630
	Bitmap Heap Scan on sbtest7  (cost=5.57..444.49 rows=111 width=125)
	  Recheck Cond: ((k >= 4244530) AND (k <= 4244630))
	  ->  Bitmap Index Scan on k_7  (cost=0.00..5.54 rows=111 width=0)
	        Index Cond: ((k >= 4244530) AND (k <= 4244630))

table 8 : explain SELECT k, c FROM sbtest8 WHERE k BETWEEN 4244530 AND 4244630
	Bitmap Heap Scan on sbtest8  (cost=5.49..413.00 rows=103 width=125)
	  Recheck Cond: ((k >= 4244530) AND (k <= 4244630))
	  ->  Bitmap Index Scan on k_8  (cost=0.00..5.46 rows=103 width=0)
	        Index Cond: ((k >= 4244530) AND (k <= 4244630))

for range-notcovered
table 1 : explain SELECT k, c FROM sbtest1 WHERE k BETWEEN 5941187 AND 5941287
	Bitmap Heap Scan on sbtest1  (cost=5.52..424.81 rows=106 width=125)
	  Recheck Cond: ((k >= 5941187) AND (k <= 5941287))
	  ->  Bitmap Index Scan on k_1  (cost=0.00..5.50 rows=106 width=0)
	        Index Cond: ((k >= 5941187) AND (k <= 5941287))

table 2 : explain SELECT k, c FROM sbtest2 WHERE k BETWEEN 5941187 AND 5941287
	Bitmap Heap Scan on sbtest2  (cost=5.54..432.69 rows=108 width=125)
	  Recheck Cond: ((k >= 5941187) AND (k <= 5941287))
	  ->  Bitmap Index Scan on k_2  (cost=0.00..5.51 rows=108 width=0)
	        Index Cond: ((k >= 5941187) AND (k <= 5941287))

table 3 : explain SELECT k, c FROM sbtest3 WHERE k BETWEEN 5941187 AND 5941287
	Bitmap Heap Scan on sbtest3  (cost=5.45..397.25 rows=99 width=125)
	  Recheck Cond: ((k >= 5941187) AND (k <= 5941287))
	  ->  Bitmap Index Scan on k_3  (cost=0.00..5.42 rows=99 width=0)
	        Index Cond: ((k >= 5941187) AND (k <= 5941287))

table 4 : explain SELECT k, c FROM sbtest4 WHERE k BETWEEN 5941187 AND 5941287
	Bitmap Heap Scan on sbtest4  (cost=5.49..413.00 rows=103 width=125)
	  Recheck Cond: ((k >= 5941187) AND (k <= 5941287))
	  ->  Bitmap Index Scan on k_4  (cost=0.00..5.46 rows=103 width=0)
	        Index Cond: ((k >= 5941187) AND (k <= 5941287))

table 5 : explain SELECT k, c FROM sbtest5 WHERE k BETWEEN 5941187 AND 5941287
	Bitmap Heap Scan on sbtest5  (cost=5.52..424.81 rows=106 width=125)
	  Recheck Cond: ((k >= 5941187) AND (k <= 5941287))
	  ->  Bitmap Index Scan on k_5  (cost=0.00..5.50 rows=106 width=0)
	        Index Cond: ((k >= 5941187) AND (k <= 5941287))

table 6 : explain SELECT k, c FROM sbtest6 WHERE k BETWEEN 5941187 AND 5941287
	Bitmap Heap Scan on sbtest6  (cost=5.54..432.69 rows=108 width=125)
	  Recheck Cond: ((k >= 5941187) AND (k <= 5941287))
	  ->  Bitmap Index Scan on k_6  (cost=0.00..5.51 rows=108 width=0)
	        Index Cond: ((k >= 5941187) AND (k <= 5941287))

table 7 : explain SELECT k, c FROM sbtest7 WHERE k BETWEEN 5941187 AND 5941287
	Bitmap Heap Scan on sbtest7  (cost=5.55..436.62 rows=109 width=125)
	  Recheck Cond: ((k >= 5941187) AND (k <= 5941287))
	  ->  Bitmap Index Scan on k_7  (cost=0.00..5.52 rows=109 width=0)
	        Index Cond: ((k >= 5941187) AND (k <= 5941287))

table 8 : explain SELECT k, c FROM sbtest8 WHERE k BETWEEN 5941187 AND 5941287
	Bitmap Heap Scan on sbtest8  (cost=5.48..409.07 rows=102 width=125)
	  Recheck Cond: ((k >= 5941187) AND (k <= 5941287))
	  ->  Bitmap Index Scan on k_8  (cost=0.00..5.45 rows=102 width=0)
	        Index Cond: ((k >= 5941187) AND (k <= 5941287))

explain: for range-notcovered :: explain SELECT k, c FROM sbtest%d WHERE k BETWEEN 5941187 AND 5941287
explain: for range-notcovered :: explain SELECT k, c FROM sbtest%d WHERE k BETWEEN 6512982 AND 6513082
for range-notcovered
table 1 : explain SELECT k, c FROM sbtest1 WHERE k BETWEEN 1382970 AND 1383070
	Bitmap Heap Scan on sbtest1  (cost=5.52..424.81 rows=106 width=125)
	  Recheck Cond: ((k >= 1382970) AND (k <= 1383070))
	  ->  Bitmap Index Scan on k_1  (cost=0.00..5.50 rows=106 width=0)
	        Index Cond: ((k >= 1382970) AND (k <= 1383070))

table 2 : explain SELECT k, c FROM sbtest2 WHERE k BETWEEN 1382970 AND 1383070
	Bitmap Heap Scan on sbtest2  (cost=5.42..385.43 rows=96 width=125)
	  Recheck Cond: ((k >= 1382970) AND (k <= 1383070))
	  ->  Bitmap Index Scan on k_2  (cost=0.00..5.39 rows=96 width=0)
	        Index Cond: ((k >= 1382970) AND (k <= 1383070))

table 3 : explain SELECT k, c FROM sbtest3 WHERE k BETWEEN 1382970 AND 1383070
	Bitmap Heap Scan on sbtest3  (cost=5.54..432.69 rows=108 width=125)
	  Recheck Cond: ((k >= 1382970) AND (k <= 1383070))
	  ->  Bitmap Index Scan on k_3  (cost=0.00..5.51 rows=108 width=0)
	        Index Cond: ((k >= 1382970) AND (k <= 1383070))

table 4 : explain SELECT k, c FROM sbtest4 WHERE k BETWEEN 1382970 AND 1383070
	Bitmap Heap Scan on sbtest4  (cost=5.49..413.00 rows=103 width=125)
	  Recheck Cond: ((k >= 1382970) AND (k <= 1383070))
	  ->  Bitmap Index Scan on k_4  (cost=0.00..5.46 rows=103 width=0)
	        Index Cond: ((k >= 1382970) AND (k <= 1383070))

table 5 : explain SELECT k, c FROM sbtest5 WHERE k BETWEEN 1382970 AND 1383070
	Bitmap Heap Scan on sbtest5  (cost=5.49..413.00 rows=103 width=125)
	  Recheck Cond: ((k >= 1382970) AND (k <= 1383070))
	  ->  Bitmap Index Scan on k_5  (cost=0.00..5.46 rows=103 width=0)
	        Index Cond: ((k >= 1382970) AND (k <= 1383070))

table 6 : explain SELECT k, c FROM sbtest6 WHERE k BETWEEN 1382970 AND 1383070
	Bitmap Heap Scan on sbtest6  (cost=5.44..393.31 rows=98 width=125)
	  Recheck Cond: ((k >= 1382970) AND (k <= 1383070))
	  ->  Bitmap Index Scan on k_6  (cost=0.00..5.42 rows=98 width=0)
	        Index Cond: ((k >= 1382970) AND (k <= 1383070))

table 7 : explain SELECT k, c FROM sbtest7 WHERE k BETWEEN 1382970 AND 1383070
	Bitmap Heap Scan on sbtest7  (cost=5.40..377.55 rows=94 width=125)
	  Recheck Cond: ((k >= 1382970) AND (k <= 1383070))
	  ->  Bitmap Index Scan on k_7  (cost=0.00..5.38 rows=94 width=0)
	        Index Cond: ((k >= 1382970) AND (k <= 1383070))

table 8 : explain SELECT k, c FROM sbtest8 WHERE k BETWEEN 1382970 AND 1383070
	Bitmap Heap Scan on sbtest8  (cost=5.56..440.56 rows=110 width=125)
	  Recheck Cond: ((k >= 1382970) AND (k <= 1383070))
	  ->  Bitmap Index Scan on k_8  (cost=0.00..5.53 rows=110 width=0)
	        Index Cond: ((k >= 1382970) AND (k <= 1383070))

explain: for range-notcovered :: explain SELECT k, c FROM sbtest%d WHERE k BETWEEN 1382970 AND 1383070
for range-notcovered
table 1 : explain SELECT k, c FROM sbtest1 WHERE k BETWEEN 8765191 AND 8765291
	Bitmap Heap Scan on sbtest1  (cost=5.49..413.00 rows=103 width=125)
	  Recheck Cond: ((k >= 8765191) AND (k <= 8765291))
	  ->  Bitmap Index Scan on k_1  (cost=0.00..5.46 rows=103 width=0)
	        Index Cond: ((k >= 8765191) AND (k <= 8765291))

table 2 : explain SELECT k, c FROM sbtest2 WHERE k BETWEEN 8765191 AND 8765291
	Bitmap Heap Scan on sbtest2  (cost=5.44..393.31 rows=98 width=125)
	  Recheck Cond: ((k >= 8765191) AND (k <= 8765291))
	  ->  Bitmap Index Scan on k_2  (cost=0.00..5.42 rows=98 width=0)
	        Index Cond: ((k >= 8765191) AND (k <= 8765291))

table 3 : explain SELECT k, c FROM sbtest3 WHERE k BETWEEN 8765191 AND 8765291
	Bitmap Heap Scan on sbtest3  (cost=5.44..393.31 rows=98 width=125)
	  Recheck Cond: ((k >= 8765191) AND (k <= 8765291))
	  ->  Bitmap Index Scan on k_3  (cost=0.00..5.42 rows=98 width=0)
	        Index Cond: ((k >= 8765191) AND (k <= 8765291))

table 4 : explain SELECT k, c FROM sbtest4 WHERE k BETWEEN 8765191 AND 8765291
	Bitmap Heap Scan on sbtest4  (cost=5.50..416.94 rows=104 width=125)
	  Recheck Cond: ((k >= 8765191) AND (k <= 8765291))
	  ->  Bitmap Index Scan on k_4  (cost=0.00..5.47 rows=104 width=0)
	        Index Cond: ((k >= 8765191) AND (k <= 8765291))

table 5 : explain SELECT k, c FROM sbtest5 WHERE k BETWEEN 8765191 AND 8765291
	Bitmap Heap Scan on sbtest5  (cost=5.53..428.75 rows=107 width=125)
	  Recheck Cond: ((k >= 8765191) AND (k <= 8765291))
	  ->  Bitmap Index Scan on k_5  (cost=0.00..5.50 rows=107 width=0)
	        Index Cond: ((k >= 8765191) AND (k <= 8765291))

table 6 : explain SELECT k, c FROM sbtest6 WHERE k BETWEEN 8765191 AND 8765291
	Bitmap Heap Scan on sbtest6  (cost=5.49..413.00 rows=103 width=125)
	  Recheck Cond: ((k >= 8765191) AND (k <= 8765291))
	  ->  Bitmap Index Scan on k_6  (cost=0.00..5.46 rows=103 width=0)
	        Index Cond: ((k >= 8765191) AND (k <= 8765291))

table 7 : explain SELECT k, c FROM sbtest7 WHERE k BETWEEN 8765191 AND 8765291
	Bitmap Heap Scan on sbtest7  (cost=5.47..405.13 rows=101 width=125)
	  Recheck Cond: ((k >= 8765191) AND (k <= 8765291))
	  ->  Bitmap Index Scan on k_7  (cost=0.00..5.44 rows=101 width=0)
	        Index Cond: ((k >= 8765191) AND (k <= 8765291))

table 8 : explain SELECT k, c FROM sbtest8 WHERE k BETWEEN 8765191 AND 8765291
	Bitmap Heap Scan on sbtest8  (cost=5.39..373.61 rows=93 width=125)
	  Recheck Cond: ((k >= 8765191) AND (k <= 8765291))
	  ->  Bitmap Index Scan on k_8  (cost=0.00..5.36 rows=93 width=0)
	        Index Cond: ((k >= 8765191) AND (k <= 8765291))

explain: for range-notcovered :: explain SELECT k, c FROM sbtest%d WHERE k BETWEEN 8765191 AND 8765291
for range-notcovered
table 1 : explain SELECT k, c FROM sbtest1 WHERE k BETWEEN 5941187 AND 5941287
	Bitmap Heap Scan on sbtest1  (cost=5.52..424.81 rows=106 width=125)
	  Recheck Cond: ((k >= 5941187) AND (k <= 5941287))
	  ->  Bitmap Index Scan on k_1  (cost=0.00..5.50 rows=106 width=0)
	        Index Cond: ((k >= 5941187) AND (k <= 5941287))

table 2 : explain SELECT k, c FROM sbtest2 WHERE k BETWEEN 5941187 AND 5941287
	Bitmap Heap Scan on sbtest2  (cost=5.54..432.69 rows=108 width=125)
	  Recheck Cond: ((k >= 5941187) AND (k <= 5941287))
	  ->  Bitmap Index Scan on k_2  (cost=0.00..5.51 rows=108 width=0)
	        Index Cond: ((k >= 5941187) AND (k <= 5941287))

table 3 : explain SELECT k, c FROM sbtest3 WHERE k BETWEEN 5941187 AND 5941287
	Bitmap Heap Scan on sbtest3  (cost=5.45..397.25 rows=99 width=125)
	  Recheck Cond: ((k >= 5941187) AND (k <= 5941287))
	  ->  Bitmap Index Scan on k_3  (cost=0.00..5.42 rows=99 width=0)
	        Index Cond: ((k >= 5941187) AND (k <= 5941287))

table 4 : explain SELECT k, c FROM sbtest4 WHERE k BETWEEN 5941187 AND 5941287
	Bitmap Heap Scan on sbtest4  (cost=5.49..413.00 rows=103 width=125)
	  Recheck Cond: ((k >= 5941187) AND (k <= 5941287))
	  ->  Bitmap Index Scan on k_4  (cost=0.00..5.46 rows=103 width=0)
	        Index Cond: ((k >= 5941187) AND (k <= 5941287))

table 5 : explain SELECT k, c FROM sbtest5 WHERE k BETWEEN 5941187 AND 5941287
	Bitmap Heap Scan on sbtest5  (cost=5.52..424.81 rows=106 width=125)
	  Recheck Cond: ((k >= 5941187) AND (k <= 5941287))
	  ->  Bitmap Index Scan on k_5  (cost=0.00..5.50 rows=106 width=0)
	        Index Cond: ((k >= 5941187) AND (k <= 5941287))

table 6 : explain SELECT k, c FROM sbtest6 WHERE k BETWEEN 5941187 AND 5941287
	Bitmap Heap Scan on sbtest6  (cost=5.54..432.69 rows=108 width=125)
	  Recheck Cond: ((k >= 5941187) AND (k <= 5941287))
	  ->  Bitmap Index Scan on k_6  (cost=0.00..5.51 rows=108 width=0)
	        Index Cond: ((k >= 5941187) AND (k <= 5941287))

table 7 : explain SELECT k, c FROM sbtest7 WHERE k BETWEEN 5941187 AND 5941287
	Bitmap Heap Scan on sbtest7  (cost=5.55..436.62 rows=109 width=125)
	  Recheck Cond: ((k >= 5941187) AND (k <= 5941287))
	  ->  Bitmap Index Scan on k_7  (cost=0.00..5.52 rows=109 width=0)
	        Index Cond: ((k >= 5941187) AND (k <= 5941287))

table 8 : explain SELECT k, c FROM sbtest8 WHERE k BETWEEN 5941187 AND 5941287
	Bitmap Heap Scan on sbtest8  (cost=5.48..409.07 rows=102 width=125)
	  Recheck Cond: ((k >= 5941187) AND (k <= 5941287))
	  ->  Bitmap Index Scan on k_8  (cost=0.00..5.45 rows=102 width=0)
	        Index Cond: ((k >= 5941187) AND (k <= 5941287))

explain: for range-notcovered :: explain SELECT k, c FROM sbtest%d WHERE k BETWEEN 5941187 AND 5941287
for range-notcovered
table 1 : explain SELECT k, c FROM sbtest1 WHERE k BETWEEN 1382970 AND 1383070
	Bitmap Heap Scan on sbtest1  (cost=5.52..424.81 rows=106 width=125)
	  Recheck Cond: ((k >= 1382970) AND (k <= 1383070))
	  ->  Bitmap Index Scan on k_1  (cost=0.00..5.50 rows=106 width=0)
	        Index Cond: ((k >= 1382970) AND (k <= 1383070))

table 2 : explain SELECT k, c FROM sbtest2 WHERE k BETWEEN 1382970 AND 1383070
	Bitmap Heap Scan on sbtest2  (cost=5.42..385.43 rows=96 width=125)
	  Recheck Cond: ((k >= 1382970) AND (k <= 1383070))
	  ->  Bitmap Index Scan on k_2  (cost=0.00..5.39 rows=96 width=0)
	        Index Cond: ((k >= 1382970) AND (k <= 1383070))

table 3 : explain SELECT k, c FROM sbtest3 WHERE k BETWEEN 1382970 AND 1383070
	Bitmap Heap Scan on sbtest3  (cost=5.54..432.69 rows=108 width=125)
	  Recheck Cond: ((k >= 1382970) AND (k <= 1383070))
	  ->  Bitmap Index Scan on k_3  (cost=0.00..5.51 rows=108 width=0)
	        Index Cond: ((k >= 1382970) AND (k <= 1383070))

table 4 : explain SELECT k, c FROM sbtest4 WHERE k BETWEEN 1382970 AND 1383070
	Bitmap Heap Scan on sbtest4  (cost=5.49..413.00 rows=103 width=125)
	  Recheck Cond: ((k >= 1382970) AND (k <= 1383070))
	  ->  Bitmap Index Scan on k_4  (cost=0.00..5.46 rows=103 width=0)
	        Index Cond: ((k >= 1382970) AND (k <= 1383070))

table 5 : explain SELECT k, c FROM sbtest5 WHERE k BETWEEN 1382970 AND 1383070
	Bitmap Heap Scan on sbtest5  (cost=5.49..413.00 rows=103 width=125)
	  Recheck Cond: ((k >= 1382970) AND (k <= 1383070))
	  ->  Bitmap Index Scan on k_5  (cost=0.00..5.46 rows=103 width=0)
	        Index Cond: ((k >= 1382970) AND (k <= 1383070))

table 6 : explain SELECT k, c FROM sbtest6 WHERE k BETWEEN 1382970 AND 1383070
	Bitmap Heap Scan on sbtest6  (cost=5.44..393.31 rows=98 width=125)
	  Recheck Cond: ((k >= 1382970) AND (k <= 1383070))
	  ->  Bitmap Index Scan on k_6  (cost=0.00..5.42 rows=98 width=0)
	        Index Cond: ((k >= 1382970) AND (k <= 1383070))

table 7 : explain SELECT k, c FROM sbtest7 WHERE k BETWEEN 1382970 AND 1383070
	Bitmap Heap Scan on sbtest7  (cost=5.40..377.55 rows=94 width=125)
	  Recheck Cond: ((k >= 1382970) AND (k <= 1383070))
	  ->  Bitmap Index Scan on k_7  (cost=0.00..5.38 rows=94 width=0)
	        Index Cond: ((k >= 1382970) AND (k <= 1383070))

table 8 : explain SELECT k, c FROM sbtest8 WHERE k BETWEEN 1382970 AND 1383070
	Bitmap Heap Scan on sbtest8  (cost=5.56..440.56 rows=110 width=125)
	  Recheck Cond: ((k >= 1382970) AND (k <= 1383070))
	  ->  Bitmap Index Scan on k_8  (cost=0.00..5.53 rows=110 width=0)
	        Index Cond: ((k >= 1382970) AND (k <= 1383070))

explain: for range-notcovered :: explain SELECT k, c FROM sbtest%d WHERE k BETWEEN 1382970 AND 1383070
for range-notcovered
table 1 : explain SELECT k, c FROM sbtest1 WHERE k BETWEEN 8765191 AND 8765291
	Bitmap Heap Scan on sbtest1  (cost=5.49..413.00 rows=103 width=125)
	  Recheck Cond: ((k >= 8765191) AND (k <= 8765291))
	  ->  Bitmap Index Scan on k_1  (cost=0.00..5.46 rows=103 width=0)
	        Index Cond: ((k >= 8765191) AND (k <= 8765291))

table 2 : explain SELECT k, c FROM sbtest2 WHERE k BETWEEN 8765191 AND 8765291
	Bitmap Heap Scan on sbtest2  (cost=5.44..393.31 rows=98 width=125)
	  Recheck Cond: ((k >= 8765191) AND (k <= 8765291))
	  ->  Bitmap Index Scan on k_2  (cost=0.00..5.42 rows=98 width=0)
	        Index Cond: ((k >= 8765191) AND (k <= 8765291))

table 3 : explain SELECT k, c FROM sbtest3 WHERE k BETWEEN 8765191 AND 8765291
	Bitmap Heap Scan on sbtest3  (cost=5.44..393.31 rows=98 width=125)
	  Recheck Cond: ((k >= 8765191) AND (k <= 8765291))
	  ->  Bitmap Index Scan on k_3  (cost=0.00..5.42 rows=98 width=0)
	        Index Cond: ((k >= 8765191) AND (k <= 8765291))

table 4 : explain SELECT k, c FROM sbtest4 WHERE k BETWEEN 8765191 AND 8765291
	Bitmap Heap Scan on sbtest4  (cost=5.50..416.94 rows=104 width=125)
	  Recheck Cond: ((k >= 8765191) AND (k <= 8765291))
	  ->  Bitmap Index Scan on k_4  (cost=0.00..5.47 rows=104 width=0)
	        Index Cond: ((k >= 8765191) AND (k <= 8765291))

table 5 : explain SELECT k, c FROM sbtest5 WHERE k BETWEEN 8765191 AND 8765291
	Bitmap Heap Scan on sbtest5  (cost=5.53..428.75 rows=107 width=125)
	  Recheck Cond: ((k >= 8765191) AND (k <= 8765291))
	  ->  Bitmap Index Scan on k_5  (cost=0.00..5.50 rows=107 width=0)
	        Index Cond: ((k >= 8765191) AND (k <= 8765291))

table 6 : explain SELECT k, c FROM sbtest6 WHERE k BETWEEN 8765191 AND 8765291
	Bitmap Heap Scan on sbtest6  (cost=5.49..413.00 rows=103 width=125)
	  Recheck Cond: ((k >= 8765191) AND (k <= 8765291))
	  ->  Bitmap Index Scan on k_6  (cost=0.00..5.46 rows=103 width=0)
	        Index Cond: ((k >= 8765191) AND (k <= 8765291))

table 7 : explain SELECT k, c FROM sbtest7 WHERE k BETWEEN 8765191 AND 8765291
	Bitmap Heap Scan on sbtest7  (cost=5.47..405.13 rows=101 width=125)
	  Recheck Cond: ((k >= 8765191) AND (k <= 8765291))
	  ->  Bitmap Index Scan on k_7  (cost=0.00..5.44 rows=101 width=0)
	        Index Cond: ((k >= 8765191) AND (k <= 8765291))

table 8 : explain SELECT k, c FROM sbtest8 WHERE k BETWEEN 8765191 AND 8765291
	Bitmap Heap Scan on sbtest8  (cost=5.39..373.61 rows=93 width=125)
	  Recheck Cond: ((k >= 8765191) AND (k <= 8765291))
	  ->  Bitmap Index Scan on k_8  (cost=0.00..5.36 rows=93 width=0)
	        Index Cond: ((k >= 8765191) AND (k <= 8765291))

explain: for range-notcovered :: explain SELECT k, c FROM sbtest%d WHERE k BETWEEN 8765191 AND 8765291
for range-notcovered
table 1 : explain SELECT k, c FROM sbtest1 WHERE k BETWEEN 5941187 AND 5941287
	Bitmap Heap Scan on sbtest1  (cost=5.52..424.81 rows=106 width=125)
	  Recheck Cond: ((k >= 5941187) AND (k <= 5941287))
	  ->  Bitmap Index Scan on k_1  (cost=0.00..5.50 rows=106 width=0)
	        Index Cond: ((k >= 5941187) AND (k <= 5941287))

table 2 : explain SELECT k, c FROM sbtest2 WHERE k BETWEEN 5941187 AND 5941287
	Bitmap Heap Scan on sbtest2  (cost=5.54..432.69 rows=108 width=125)
	  Recheck Cond: ((k >= 5941187) AND (k <= 5941287))
	  ->  Bitmap Index Scan on k_2  (cost=0.00..5.51 rows=108 width=0)
	        Index Cond: ((k >= 5941187) AND (k <= 5941287))

table 3 : explain SELECT k, c FROM sbtest3 WHERE k BETWEEN 5941187 AND 5941287
	Bitmap Heap Scan on sbtest3  (cost=5.45..397.25 rows=99 width=125)
	  Recheck Cond: ((k >= 5941187) AND (k <= 5941287))
	  ->  Bitmap Index Scan on k_3  (cost=0.00..5.42 rows=99 width=0)
	        Index Cond: ((k >= 5941187) AND (k <= 5941287))

table 4 : explain SELECT k, c FROM sbtest4 WHERE k BETWEEN 5941187 AND 5941287
	Bitmap Heap Scan on sbtest4  (cost=5.49..413.00 rows=103 width=125)
	  Recheck Cond: ((k >= 5941187) AND (k <= 5941287))
	  ->  Bitmap Index Scan on k_4  (cost=0.00..5.46 rows=103 width=0)
	        Index Cond: ((k >= 5941187) AND (k <= 5941287))

table 5 : explain SELECT k, c FROM sbtest5 WHERE k BETWEEN 5941187 AND 5941287
	Bitmap Heap Scan on sbtest5  (cost=5.52..424.81 rows=106 width=125)
	  Recheck Cond: ((k >= 5941187) AND (k <= 5941287))
	  ->  Bitmap Index Scan on k_5  (cost=0.00..5.50 rows=106 width=0)
	        Index Cond: ((k >= 5941187) AND (k <= 5941287))

table 6 : explain SELECT k, c FROM sbtest6 WHERE k BETWEEN 5941187 AND 5941287
	Bitmap Heap Scan on sbtest6  (cost=5.54..432.69 rows=108 width=125)
	  Recheck Cond: ((k >= 5941187) AND (k <= 5941287))
	  ->  Bitmap Index Scan on k_6  (cost=0.00..5.51 rows=108 width=0)
	        Index Cond: ((k >= 5941187) AND (k <= 5941287))

table 7 : explain SELECT k, c FROM sbtest7 WHERE k BETWEEN 5941187 AND 5941287
	Bitmap Heap Scan on sbtest7  (cost=5.55..436.62 rows=109 width=125)
	  Recheck Cond: ((k >= 5941187) AND (k <= 5941287))
	  ->  Bitmap Index Scan on k_7  (cost=0.00..5.52 rows=109 width=0)
	        Index Cond: ((k >= 5941187) AND (k <= 5941287))

table 8 : explain SELECT k, c FROM sbtest8 WHERE k BETWEEN 5941187 AND 5941287
	Bitmap Heap Scan on sbtest8  (cost=5.48..409.07 rows=102 width=125)
	  Recheck Cond: ((k >= 5941187) AND (k <= 5941287))
	  ->  Bitmap Index Scan on k_8  (cost=0.00..5.45 rows=102 width=0)
	        Index Cond: ((k >= 5941187) AND (k <= 5941287))

for range-notcovered
table 1 : explain SELECT k, c FROM sbtest1 WHERE k BETWEEN 7797365 AND 7797465
	Bitmap Heap Scan on sbtest1  (cost=5.50..416.94 rows=104 width=125)
	  Recheck Cond: ((k >= 7797365) AND (k <= 7797465))
	  ->  Bitmap Index Scan on k_1  (cost=0.00..5.47 rows=104 width=0)
	        Index Cond: ((k >= 7797365) AND (k <= 7797465))

table 2 : explain SELECT k, c FROM sbtest2 WHERE k BETWEEN 7797365 AND 7797465
	Bitmap Heap Scan on sbtest2  (cost=5.44..393.31 rows=98 width=125)
	  Recheck Cond: ((k >= 7797365) AND (k <= 7797465))
	  ->  Bitmap Index Scan on k_2  (cost=0.00..5.42 rows=98 width=0)
	        Index Cond: ((k >= 7797365) AND (k <= 7797465))

table 3 : explain SELECT k, c FROM sbtest3 WHERE k BETWEEN 7797365 AND 7797465
	Bitmap Heap Scan on sbtest3  (cost=5.43..389.37 rows=97 width=125)
	  Recheck Cond: ((k >= 7797365) AND (k <= 7797465))
	  ->  Bitmap Index Scan on k_3  (cost=0.00..5.40 rows=97 width=0)
	        Index Cond: ((k >= 7797365) AND (k <= 7797465))

table 4 : explain SELECT k, c FROM sbtest4 WHERE k BETWEEN 7797365 AND 7797465
	Bitmap Heap Scan on sbtest4  (cost=5.54..432.69 rows=108 width=125)
	  Recheck Cond: ((k >= 7797365) AND (k <= 7797465))
	  ->  Bitmap Index Scan on k_4  (cost=0.00..5.51 rows=108 width=0)
	        Index Cond: ((k >= 7797365) AND (k <= 7797465))

table 5 : explain SELECT k, c FROM sbtest5 WHERE k BETWEEN 7797365 AND 7797465
	Bitmap Heap Scan on sbtest5  (cost=5.49..413.00 rows=103 width=125)
	  Recheck Cond: ((k >= 7797365) AND (k <= 7797465))
	  ->  Bitmap Index Scan on k_5  (cost=0.00..5.46 rows=103 width=0)
	        Index Cond: ((k >= 7797365) AND (k <= 7797465))

table 6 : explain SELECT k, c FROM sbtest6 WHERE k BETWEEN 7797365 AND 7797465
	Bitmap Heap Scan on sbtest6  (cost=5.46..401.19 rows=100 width=125)
	  Recheck Cond: ((k >= 7797365) AND (k <= 7797465))
	  ->  Bitmap Index Scan on k_6  (cost=0.00..5.43 rows=100 width=0)
	        Index Cond: ((k >= 7797365) AND (k <= 7797465))

table 7 : explain SELECT k, c FROM sbtest7 WHERE k BETWEEN 7797365 AND 7797465
	Bitmap Heap Scan on sbtest7  (cost=5.39..373.61 rows=93 width=125)
	  Recheck Cond: ((k >= 7797365) AND (k <= 7797465))
	  ->  Bitmap Index Scan on k_7  (cost=0.00..5.36 rows=93 width=0)
	        Index Cond: ((k >= 7797365) AND (k <= 7797465))

table 8 : explain SELECT k, c FROM sbtest8 WHERE k BETWEEN 7797365 AND 7797465
	Bitmap Heap Scan on sbtest8  (cost=5.41..381.49 rows=95 width=125)
	  Recheck Cond: ((k >= 7797365) AND (k <= 7797465))
	  ->  Bitmap Index Scan on k_8  (cost=0.00..5.38 rows=95 width=0)
	        Index Cond: ((k >= 7797365) AND (k <= 7797465))

explain: for range-notcovered :: explain SELECT k, c FROM sbtest%d WHERE k BETWEEN 5941187 AND 5941287
explain: for range-notcovered :: explain SELECT k, c FROM sbtest%d WHERE k BETWEEN 7797365 AND 7797465
for range-notcovered
table 1 : explain SELECT k, c FROM sbtest1 WHERE k BETWEEN 1382970 AND 1383070
	Bitmap Heap Scan on sbtest1  (cost=5.52..424.81 rows=106 width=125)
	  Recheck Cond: ((k >= 1382970) AND (k <= 1383070))
	  ->  Bitmap Index Scan on k_1  (cost=0.00..5.50 rows=106 width=0)
	        Index Cond: ((k >= 1382970) AND (k <= 1383070))

table 2 : explain SELECT k, c FROM sbtest2 WHERE k BETWEEN 1382970 AND 1383070
	Bitmap Heap Scan on sbtest2  (cost=5.42..385.43 rows=96 width=125)
	  Recheck Cond: ((k >= 1382970) AND (k <= 1383070))
	  ->  Bitmap Index Scan on k_2  (cost=0.00..5.39 rows=96 width=0)
	        Index Cond: ((k >= 1382970) AND (k <= 1383070))

table 3 : explain SELECT k, c FROM sbtest3 WHERE k BETWEEN 1382970 AND 1383070
	Bitmap Heap Scan on sbtest3  (cost=5.54..432.69 rows=108 width=125)
	  Recheck Cond: ((k >= 1382970) AND (k <= 1383070))
	  ->  Bitmap Index Scan on k_3  (cost=0.00..5.51 rows=108 width=0)
	        Index Cond: ((k >= 1382970) AND (k <= 1383070))

table 4 : explain SELECT k, c FROM sbtest4 WHERE k BETWEEN 1382970 AND 1383070
	Bitmap Heap Scan on sbtest4  (cost=5.49..413.00 rows=103 width=125)
	  Recheck Cond: ((k >= 1382970) AND (k <= 1383070))
	  ->  Bitmap Index Scan on k_4  (cost=0.00..5.46 rows=103 width=0)
	        Index Cond: ((k >= 1382970) AND (k <= 1383070))

table 5 : explain SELECT k, c FROM sbtest5 WHERE k BETWEEN 1382970 AND 1383070
	Bitmap Heap Scan on sbtest5  (cost=5.49..413.00 rows=103 width=125)
	  Recheck Cond: ((k >= 1382970) AND (k <= 1383070))
	  ->  Bitmap Index Scan on k_5  (cost=0.00..5.46 rows=103 width=0)
	        Index Cond: ((k >= 1382970) AND (k <= 1383070))

table 6 : explain SELECT k, c FROM sbtest6 WHERE k BETWEEN 1382970 AND 1383070
	Bitmap Heap Scan on sbtest6  (cost=5.44..393.31 rows=98 width=125)
	  Recheck Cond: ((k >= 1382970) AND (k <= 1383070))
	  ->  Bitmap Index Scan on k_6  (cost=0.00..5.42 rows=98 width=0)
	        Index Cond: ((k >= 1382970) AND (k <= 1383070))

table 7 : explain SELECT k, c FROM sbtest7 WHERE k BETWEEN 1382970 AND 1383070
	Bitmap Heap Scan on sbtest7  (cost=5.40..377.55 rows=94 width=125)
	  Recheck Cond: ((k >= 1382970) AND (k <= 1383070))
	  ->  Bitmap Index Scan on k_7  (cost=0.00..5.38 rows=94 width=0)
	        Index Cond: ((k >= 1382970) AND (k <= 1383070))

table 8 : explain SELECT k, c FROM sbtest8 WHERE k BETWEEN 1382970 AND 1383070
	Bitmap Heap Scan on sbtest8  (cost=5.56..440.56 rows=110 width=125)
	  Recheck Cond: ((k >= 1382970) AND (k <= 1383070))
	  ->  Bitmap Index Scan on k_8  (cost=0.00..5.53 rows=110 width=0)
	        Index Cond: ((k >= 1382970) AND (k <= 1383070))

explain: for range-notcovered :: explain SELECT k, c FROM sbtest%d WHERE k BETWEEN 1382970 AND 1383070
for range-notcovered
table 1 : explain SELECT k, c FROM sbtest1 WHERE k BETWEEN 8765191 AND 8765291
	Bitmap Heap Scan on sbtest1  (cost=5.49..413.00 rows=103 width=125)
	  Recheck Cond: ((k >= 8765191) AND (k <= 8765291))
	  ->  Bitmap Index Scan on k_1  (cost=0.00..5.46 rows=103 width=0)
	        Index Cond: ((k >= 8765191) AND (k <= 8765291))

table 2 : explain SELECT k, c FROM sbtest2 WHERE k BETWEEN 8765191 AND 8765291
	Bitmap Heap Scan on sbtest2  (cost=5.44..393.31 rows=98 width=125)
	  Recheck Cond: ((k >= 8765191) AND (k <= 8765291))
	  ->  Bitmap Index Scan on k_2  (cost=0.00..5.42 rows=98 width=0)
	        Index Cond: ((k >= 8765191) AND (k <= 8765291))

table 3 : explain SELECT k, c FROM sbtest3 WHERE k BETWEEN 8765191 AND 8765291
	Bitmap Heap Scan on sbtest3  (cost=5.44..393.31 rows=98 width=125)
	  Recheck Cond: ((k >= 8765191) AND (k <= 8765291))
	  ->  Bitmap Index Scan on k_3  (cost=0.00..5.42 rows=98 width=0)
	        Index Cond: ((k >= 8765191) AND (k <= 8765291))

table 4 : explain SELECT k, c FROM sbtest4 WHERE k BETWEEN 8765191 AND 8765291
	Bitmap Heap Scan on sbtest4  (cost=5.50..416.94 rows=104 width=125)
	  Recheck Cond: ((k >= 8765191) AND (k <= 8765291))
	  ->  Bitmap Index Scan on k_4  (cost=0.00..5.47 rows=104 width=0)
	        Index Cond: ((k >= 8765191) AND (k <= 8765291))

table 5 : explain SELECT k, c FROM sbtest5 WHERE k BETWEEN 8765191 AND 8765291
	Bitmap Heap Scan on sbtest5  (cost=5.53..428.75 rows=107 width=125)
	  Recheck Cond: ((k >= 8765191) AND (k <= 8765291))
	  ->  Bitmap Index Scan on k_5  (cost=0.00..5.50 rows=107 width=0)
	        Index Cond: ((k >= 8765191) AND (k <= 8765291))

table 6 : explain SELECT k, c FROM sbtest6 WHERE k BETWEEN 8765191 AND 8765291
	Bitmap Heap Scan on sbtest6  (cost=5.49..413.00 rows=103 width=125)
	  Recheck Cond: ((k >= 8765191) AND (k <= 8765291))
	  ->  Bitmap Index Scan on k_6  (cost=0.00..5.46 rows=103 width=0)
	        Index Cond: ((k >= 8765191) AND (k <= 8765291))

table 7 : explain SELECT k, c FROM sbtest7 WHERE k BETWEEN 8765191 AND 8765291
	Bitmap Heap Scan on sbtest7  (cost=5.47..405.13 rows=101 width=125)
	  Recheck Cond: ((k >= 8765191) AND (k <= 8765291))
	  ->  Bitmap Index Scan on k_7  (cost=0.00..5.44 rows=101 width=0)
	        Index Cond: ((k >= 8765191) AND (k <= 8765291))

table 8 : explain SELECT k, c FROM sbtest8 WHERE k BETWEEN 8765191 AND 8765291
	Bitmap Heap Scan on sbtest8  (cost=5.39..373.61 rows=93 width=125)
	  Recheck Cond: ((k >= 8765191) AND (k <= 8765291))
	  ->  Bitmap Index Scan on k_8  (cost=0.00..5.36 rows=93 width=0)
	        Index Cond: ((k >= 8765191) AND (k <= 8765291))

explain: for range-notcovered :: explain SELECT k, c FROM sbtest%d WHERE k BETWEEN 8765191 AND 8765291
for range-notcovered
table 1 : explain SELECT k, c FROM sbtest1 WHERE k BETWEEN 5941187 AND 5941287
	Bitmap Heap Scan on sbtest1  (cost=5.52..424.81 rows=106 width=125)
	  Recheck Cond: ((k >= 5941187) AND (k <= 5941287))
	  ->  Bitmap Index Scan on k_1  (cost=0.00..5.50 rows=106 width=0)
	        Index Cond: ((k >= 5941187) AND (k <= 5941287))

table 2 : explain SELECT k, c FROM sbtest2 WHERE k BETWEEN 5941187 AND 5941287
	Bitmap Heap Scan on sbtest2  (cost=5.54..432.69 rows=108 width=125)
	  Recheck Cond: ((k >= 5941187) AND (k <= 5941287))
	  ->  Bitmap Index Scan on k_2  (cost=0.00..5.51 rows=108 width=0)
	        Index Cond: ((k >= 5941187) AND (k <= 5941287))

table 3 : explain SELECT k, c FROM sbtest3 WHERE k BETWEEN 5941187 AND 5941287
	Bitmap Heap Scan on sbtest3  (cost=5.45..397.25 rows=99 width=125)
	  Recheck Cond: ((k >= 5941187) AND (k <= 5941287))
	  ->  Bitmap Index Scan on k_3  (cost=0.00..5.42 rows=99 width=0)
	        Index Cond: ((k >= 5941187) AND (k <= 5941287))

table 4 : explain SELECT k, c FROM sbtest4 WHERE k BETWEEN 5941187 AND 5941287
	Bitmap Heap Scan on sbtest4  (cost=5.49..413.00 rows=103 width=125)
	  Recheck Cond: ((k >= 5941187) AND (k <= 5941287))
	  ->  Bitmap Index Scan on k_4  (cost=0.00..5.46 rows=103 width=0)
	        Index Cond: ((k >= 5941187) AND (k <= 5941287))

table 5 : explain SELECT k, c FROM sbtest5 WHERE k BETWEEN 5941187 AND 5941287
	Bitmap Heap Scan on sbtest5  (cost=5.52..424.81 rows=106 width=125)
	  Recheck Cond: ((k >= 5941187) AND (k <= 5941287))
	  ->  Bitmap Index Scan on k_5  (cost=0.00..5.50 rows=106 width=0)
	        Index Cond: ((k >= 5941187) AND (k <= 5941287))

table 6 : explain SELECT k, c FROM sbtest6 WHERE k BETWEEN 5941187 AND 5941287
	Bitmap Heap Scan on sbtest6  (cost=5.54..432.69 rows=108 width=125)
	  Recheck Cond: ((k >= 5941187) AND (k <= 5941287))
	  ->  Bitmap Index Scan on k_6  (cost=0.00..5.51 rows=108 width=0)
	        Index Cond: ((k >= 5941187) AND (k <= 5941287))

table 7 : explain SELECT k, c FROM sbtest7 WHERE k BETWEEN 5941187 AND 5941287
	Bitmap Heap Scan on sbtest7  (cost=5.55..436.62 rows=109 width=125)
	  Recheck Cond: ((k >= 5941187) AND (k <= 5941287))
	  ->  Bitmap Index Scan on k_7  (cost=0.00..5.52 rows=109 width=0)
	        Index Cond: ((k >= 5941187) AND (k <= 5941287))

table 8 : explain SELECT k, c FROM sbtest8 WHERE k BETWEEN 5941187 AND 5941287
	Bitmap Heap Scan on sbtest8  (cost=5.48..409.07 rows=102 width=125)
	  Recheck Cond: ((k >= 5941187) AND (k <= 5941287))
	  ->  Bitmap Index Scan on k_8  (cost=0.00..5.45 rows=102 width=0)
	        Index Cond: ((k >= 5941187) AND (k <= 5941287))

for range-notcovered
table 1 : explain SELECT k, c FROM sbtest1 WHERE k BETWEEN 7797365 AND 7797465
	Bitmap Heap Scan on sbtest1  (cost=5.50..416.94 rows=104 width=125)
	  Recheck Cond: ((k >= 7797365) AND (k <= 7797465))
	  ->  Bitmap Index Scan on k_1  (cost=0.00..5.47 rows=104 width=0)
	        Index Cond: ((k >= 7797365) AND (k <= 7797465))

table 2 : explain SELECT k, c FROM sbtest2 WHERE k BETWEEN 7797365 AND 7797465
	Bitmap Heap Scan on sbtest2  (cost=5.44..393.31 rows=98 width=125)
	  Recheck Cond: ((k >= 7797365) AND (k <= 7797465))
	  ->  Bitmap Index Scan on k_2  (cost=0.00..5.42 rows=98 width=0)
	        Index Cond: ((k >= 7797365) AND (k <= 7797465))

table 3 : explain SELECT k, c FROM sbtest3 WHERE k BETWEEN 7797365 AND 7797465
	Bitmap Heap Scan on sbtest3  (cost=5.43..389.37 rows=97 width=125)
	  Recheck Cond: ((k >= 7797365) AND (k <= 7797465))
	  ->  Bitmap Index Scan on k_3  (cost=0.00..5.40 rows=97 width=0)
	        Index Cond: ((k >= 7797365) AND (k <= 7797465))

table 4 : explain SELECT k, c FROM sbtest4 WHERE k BETWEEN 7797365 AND 7797465
	Bitmap Heap Scan on sbtest4  (cost=5.54..432.69 rows=108 width=125)
	  Recheck Cond: ((k >= 7797365) AND (k <= 7797465))
	  ->  Bitmap Index Scan on k_4  (cost=0.00..5.51 rows=108 width=0)
	        Index Cond: ((k >= 7797365) AND (k <= 7797465))

table 5 : explain SELECT k, c FROM sbtest5 WHERE k BETWEEN 7797365 AND 7797465
	Bitmap Heap Scan on sbtest5  (cost=5.49..413.00 rows=103 width=125)
	  Recheck Cond: ((k >= 7797365) AND (k <= 7797465))
	  ->  Bitmap Index Scan on k_5  (cost=0.00..5.46 rows=103 width=0)
	        Index Cond: ((k >= 7797365) AND (k <= 7797465))

table 6 : explain SELECT k, c FROM sbtest6 WHERE k BETWEEN 7797365 AND 7797465
	Bitmap Heap Scan on sbtest6  (cost=5.46..401.19 rows=100 width=125)
	  Recheck Cond: ((k >= 7797365) AND (k <= 7797465))
	  ->  Bitmap Index Scan on k_6  (cost=0.00..5.43 rows=100 width=0)
	        Index Cond: ((k >= 7797365) AND (k <= 7797465))

table 7 : explain SELECT k, c FROM sbtest7 WHERE k BETWEEN 7797365 AND 7797465
	Bitmap Heap Scan on sbtest7  (cost=5.39..373.61 rows=93 width=125)
	  Recheck Cond: ((k >= 7797365) AND (k <= 7797465))
	  ->  Bitmap Index Scan on k_7  (cost=0.00..5.36 rows=93 width=0)
	        Index Cond: ((k >= 7797365) AND (k <= 7797465))

table 8 : explain SELECT k, c FROM sbtest8 WHERE k BETWEEN 7797365 AND 7797465
	Bitmap Heap Scan on sbtest8  (cost=5.41..381.49 rows=95 width=125)
	  Recheck Cond: ((k >= 7797365) AND (k <= 7797465))
	  ->  Bitmap Index Scan on k_8  (cost=0.00..5.38 rows=95 width=0)
	        Index Cond: ((k >= 7797365) AND (k <= 7797465))

explain: for range-notcovered :: explain SELECT k, c FROM sbtest%d WHERE k BETWEEN 7797365 AND 7797465
for range-notcovered
table 1 : explain SELECT k, c FROM sbtest1 WHERE k BETWEEN 1382970 AND 1383070
	Bitmap Heap Scan on sbtest1  (cost=5.52..424.81 rows=106 width=125)
	  Recheck Cond: ((k >= 1382970) AND (k <= 1383070))
	  ->  Bitmap Index Scan on k_1  (cost=0.00..5.50 rows=106 width=0)
	        Index Cond: ((k >= 1382970) AND (k <= 1383070))

table 2 : explain SELECT k, c FROM sbtest2 WHERE k BETWEEN 1382970 AND 1383070
	Bitmap Heap Scan on sbtest2  (cost=5.42..385.43 rows=96 width=125)
	  Recheck Cond: ((k >= 1382970) AND (k <= 1383070))
	  ->  Bitmap Index Scan on k_2  (cost=0.00..5.39 rows=96 width=0)
	        Index Cond: ((k >= 1382970) AND (k <= 1383070))

table 3 : explain SELECT k, c FROM sbtest3 WHERE k BETWEEN 1382970 AND 1383070
	Bitmap Heap Scan on sbtest3  (cost=5.54..432.69 rows=108 width=125)
	  Recheck Cond: ((k >= 1382970) AND (k <= 1383070))
	  ->  Bitmap Index Scan on k_3  (cost=0.00..5.51 rows=108 width=0)
	        Index Cond: ((k >= 1382970) AND (k <= 1383070))

table 4 : explain SELECT k, c FROM sbtest4 WHERE k BETWEEN 1382970 AND 1383070
	Bitmap Heap Scan on sbtest4  (cost=5.49..413.00 rows=103 width=125)
	  Recheck Cond: ((k >= 1382970) AND (k <= 1383070))
	  ->  Bitmap Index Scan on k_4  (cost=0.00..5.46 rows=103 width=0)
	        Index Cond: ((k >= 1382970) AND (k <= 1383070))

table 5 : explain SELECT k, c FROM sbtest5 WHERE k BETWEEN 1382970 AND 1383070
	Bitmap Heap Scan on sbtest5  (cost=5.49..413.00 rows=103 width=125)
	  Recheck Cond: ((k >= 1382970) AND (k <= 1383070))
	  ->  Bitmap Index Scan on k_5  (cost=0.00..5.46 rows=103 width=0)
	        Index Cond: ((k >= 1382970) AND (k <= 1383070))

table 6 : explain SELECT k, c FROM sbtest6 WHERE k BETWEEN 1382970 AND 1383070
	Bitmap Heap Scan on sbtest6  (cost=5.44..393.31 rows=98 width=125)
	  Recheck Cond: ((k >= 1382970) AND (k <= 1383070))
	  ->  Bitmap Index Scan on k_6  (cost=0.00..5.42 rows=98 width=0)
	        Index Cond: ((k >= 1382970) AND (k <= 1383070))

table 7 : explain SELECT k, c FROM sbtest7 WHERE k BETWEEN 1382970 AND 1383070
	Bitmap Heap Scan on sbtest7  (cost=5.40..377.55 rows=94 width=125)
	  Recheck Cond: ((k >= 1382970) AND (k <= 1383070))
	  ->  Bitmap Index Scan on k_7  (cost=0.00..5.38 rows=94 width=0)
	        Index Cond: ((k >= 1382970) AND (k <= 1383070))

table 8 : explain SELECT k, c FROM sbtest8 WHERE k BETWEEN 1382970 AND 1383070
	Bitmap Heap Scan on sbtest8  (cost=5.56..440.56 rows=110 width=125)
	  Recheck Cond: ((k >= 1382970) AND (k <= 1383070))
	  ->  Bitmap Index Scan on k_8  (cost=0.00..5.53 rows=110 width=0)
	        Index Cond: ((k >= 1382970) AND (k <= 1383070))

for range-notcovered
table 1 : explain SELECT k, c FROM sbtest1 WHERE k BETWEEN 8765191 AND 8765291
	Bitmap Heap Scan on sbtest1  (cost=5.49..413.00 rows=103 width=125)
	  Recheck Cond: ((k >= 8765191) AND (k <= 8765291))
	  ->  Bitmap Index Scan on k_1  (cost=0.00..5.46 rows=103 width=0)
	        Index Cond: ((k >= 8765191) AND (k <= 8765291))

table 2 : explain SELECT k, c FROM sbtest2 WHERE k BETWEEN 8765191 AND 8765291
	Bitmap Heap Scan on sbtest2  (cost=5.44..393.31 rows=98 width=125)
	  Recheck Cond: ((k >= 8765191) AND (k <= 8765291))
	  ->  Bitmap Index Scan on k_2  (cost=0.00..5.42 rows=98 width=0)
	        Index Cond: ((k >= 8765191) AND (k <= 8765291))

table 3 : explain SELECT k, c FROM sbtest3 WHERE k BETWEEN 8765191 AND 8765291
	Bitmap Heap Scan on sbtest3  (cost=5.44..393.31 rows=98 width=125)
	  Recheck Cond: ((k >= 8765191) AND (k <= 8765291))
	  ->  Bitmap Index Scan on k_3  (cost=0.00..5.42 rows=98 width=0)
	        Index Cond: ((k >= 8765191) AND (k <= 8765291))

table 4 : explain SELECT k, c FROM sbtest4 WHERE k BETWEEN 8765191 AND 8765291
	Bitmap Heap Scan on sbtest4  (cost=5.50..416.94 rows=104 width=125)
	  Recheck Cond: ((k >= 8765191) AND (k <= 8765291))
	  ->  Bitmap Index Scan on k_4  (cost=0.00..5.47 rows=104 width=0)
	        Index Cond: ((k >= 8765191) AND (k <= 8765291))

table 5 : explain SELECT k, c FROM sbtest5 WHERE k BETWEEN 8765191 AND 8765291
	Bitmap Heap Scan on sbtest5  (cost=5.53..428.75 rows=107 width=125)
	  Recheck Cond: ((k >= 8765191) AND (k <= 8765291))
	  ->  Bitmap Index Scan on k_5  (cost=0.00..5.50 rows=107 width=0)
	        Index Cond: ((k >= 8765191) AND (k <= 8765291))

table 6 : explain SELECT k, c FROM sbtest6 WHERE k BETWEEN 8765191 AND 8765291
	Bitmap Heap Scan on sbtest6  (cost=5.49..413.00 rows=103 width=125)
	  Recheck Cond: ((k >= 8765191) AND (k <= 8765291))
	  ->  Bitmap Index Scan on k_6  (cost=0.00..5.46 rows=103 width=0)
	        Index Cond: ((k >= 8765191) AND (k <= 8765291))

table 7 : explain SELECT k, c FROM sbtest7 WHERE k BETWEEN 8765191 AND 8765291
	Bitmap Heap Scan on sbtest7  (cost=5.47..405.13 rows=101 width=125)
	  Recheck Cond: ((k >= 8765191) AND (k <= 8765291))
	  ->  Bitmap Index Scan on k_7  (cost=0.00..5.44 rows=101 width=0)
	        Index Cond: ((k >= 8765191) AND (k <= 8765291))

table 8 : explain SELECT k, c FROM sbtest8 WHERE k BETWEEN 8765191 AND 8765291
	Bitmap Heap Scan on sbtest8  (cost=5.39..373.61 rows=93 width=125)
	  Recheck Cond: ((k >= 8765191) AND (k <= 8765291))
	  ->  Bitmap Index Scan on k_8  (cost=0.00..5.36 rows=93 width=0)
	        Index Cond: ((k >= 8765191) AND (k <= 8765291))

explain: for range-notcovered :: explain SELECT k, c FROM sbtest%d WHERE k BETWEEN 8765191 AND 8765291
for range-notcovered
table 1 : explain SELECT k, c FROM sbtest1 WHERE k BETWEEN 6512982 AND 6513082
	Bitmap Heap Scan on sbtest1  (cost=5.53..428.75 rows=107 width=125)
	  Recheck Cond: ((k >= 6512982) AND (k <= 6513082))
	  ->  Bitmap Index Scan on k_1  (cost=0.00..5.50 rows=107 width=0)
	        Index Cond: ((k >= 6512982) AND (k <= 6513082))

table 2 : explain SELECT k, c FROM sbtest2 WHERE k BETWEEN 6512982 AND 6513082
	Bitmap Heap Scan on sbtest2  (cost=5.54..432.69 rows=108 width=125)
	  Recheck Cond: ((k >= 6512982) AND (k <= 6513082))
	  ->  Bitmap Index Scan on k_2  (cost=0.00..5.51 rows=108 width=0)
	        Index Cond: ((k >= 6512982) AND (k <= 6513082))

table 3 : explain SELECT k, c FROM sbtest3 WHERE k BETWEEN 6512982 AND 6513082
	Bitmap Heap Scan on sbtest3  (cost=5.49..413.00 rows=103 width=125)
	  Recheck Cond: ((k >= 6512982) AND (k <= 6513082))
	  ->  Bitmap Index Scan on k_3  (cost=0.00..5.46 rows=103 width=0)
	        Index Cond: ((k >= 6512982) AND (k <= 6513082))

table 4 : explain SELECT k, c FROM sbtest4 WHERE k BETWEEN 6512982 AND 6513082
	Bitmap Heap Scan on sbtest4  (cost=5.48..409.07 rows=102 width=125)
	  Recheck Cond: ((k >= 6512982) AND (k <= 6513082))
	  ->  Bitmap Index Scan on k_4  (cost=0.00..5.45 rows=102 width=0)
	        Index Cond: ((k >= 6512982) AND (k <= 6513082))

table 5 : explain SELECT k, c FROM sbtest5 WHERE k BETWEEN 6512982 AND 6513082
	Bitmap Heap Scan on sbtest5  (cost=5.52..424.81 rows=106 width=125)
	  Recheck Cond: ((k >= 6512982) AND (k <= 6513082))
	  ->  Bitmap Index Scan on k_5  (cost=0.00..5.50 rows=106 width=0)
	        Index Cond: ((k >= 6512982) AND (k <= 6513082))

table 6 : explain SELECT k, c FROM sbtest6 WHERE k BETWEEN 6512982 AND 6513082
	Bitmap Heap Scan on sbtest6  (cost=5.53..428.75 rows=107 width=125)
	  Recheck Cond: ((k >= 6512982) AND (k <= 6513082))
	  ->  Bitmap Index Scan on k_6  (cost=0.00..5.50 rows=107 width=0)
	        Index Cond: ((k >= 6512982) AND (k <= 6513082))

table 7 : explain SELECT k, c FROM sbtest7 WHERE k BETWEEN 6512982 AND 6513082
	Bitmap Heap Scan on sbtest7  (cost=5.50..416.94 rows=104 width=125)
	  Recheck Cond: ((k >= 6512982) AND (k <= 6513082))
	  ->  Bitmap Index Scan on k_7  (cost=0.00..5.47 rows=104 width=0)
	        Index Cond: ((k >= 6512982) AND (k <= 6513082))

table 8 : explain SELECT k, c FROM sbtest8 WHERE k BETWEEN 6512982 AND 6513082
	Bitmap Heap Scan on sbtest8  (cost=5.44..393.31 rows=98 width=125)
	  Recheck Cond: ((k >= 6512982) AND (k <= 6513082))
	  ->  Bitmap Index Scan on k_8  (cost=0.00..5.42 rows=98 width=0)
	        Index Cond: ((k >= 6512982) AND (k <= 6513082))

explain: for range-notcovered :: explain SELECT k, c FROM sbtest%d WHERE k BETWEEN 6512982 AND 6513082
for range-notcovered
table 1 : explain SELECT k, c FROM sbtest1 WHERE k BETWEEN 7797365 AND 7797465
	Bitmap Heap Scan on sbtest1  (cost=5.50..416.94 rows=104 width=125)
	  Recheck Cond: ((k >= 7797365) AND (k <= 7797465))
	  ->  Bitmap Index Scan on k_1  (cost=0.00..5.47 rows=104 width=0)
	        Index Cond: ((k >= 7797365) AND (k <= 7797465))

table 2 : explain SELECT k, c FROM sbtest2 WHERE k BETWEEN 7797365 AND 7797465
	Bitmap Heap Scan on sbtest2  (cost=5.44..393.31 rows=98 width=125)
	  Recheck Cond: ((k >= 7797365) AND (k <= 7797465))
	  ->  Bitmap Index Scan on k_2  (cost=0.00..5.42 rows=98 width=0)
	        Index Cond: ((k >= 7797365) AND (k <= 7797465))

table 3 : explain SELECT k, c FROM sbtest3 WHERE k BETWEEN 7797365 AND 7797465
	Bitmap Heap Scan on sbtest3  (cost=5.43..389.37 rows=97 width=125)
	  Recheck Cond: ((k >= 7797365) AND (k <= 7797465))
	  ->  Bitmap Index Scan on k_3  (cost=0.00..5.40 rows=97 width=0)
	        Index Cond: ((k >= 7797365) AND (k <= 7797465))

table 4 : explain SELECT k, c FROM sbtest4 WHERE k BETWEEN 7797365 AND 7797465
	Bitmap Heap Scan on sbtest4  (cost=5.54..432.69 rows=108 width=125)
	  Recheck Cond: ((k >= 7797365) AND (k <= 7797465))
	  ->  Bitmap Index Scan on k_4  (cost=0.00..5.51 rows=108 width=0)
	        Index Cond: ((k >= 7797365) AND (k <= 7797465))

table 5 : explain SELECT k, c FROM sbtest5 WHERE k BETWEEN 7797365 AND 7797465
	Bitmap Heap Scan on sbtest5  (cost=5.49..413.00 rows=103 width=125)
	  Recheck Cond: ((k >= 7797365) AND (k <= 7797465))
	  ->  Bitmap Index Scan on k_5  (cost=0.00..5.46 rows=103 width=0)
	        Index Cond: ((k >= 7797365) AND (k <= 7797465))

table 6 : explain SELECT k, c FROM sbtest6 WHERE k BETWEEN 7797365 AND 7797465
	Bitmap Heap Scan on sbtest6  (cost=5.46..401.19 rows=100 width=125)
	  Recheck Cond: ((k >= 7797365) AND (k <= 7797465))
	  ->  Bitmap Index Scan on k_6  (cost=0.00..5.43 rows=100 width=0)
	        Index Cond: ((k >= 7797365) AND (k <= 7797465))

table 7 : explain SELECT k, c FROM sbtest7 WHERE k BETWEEN 7797365 AND 7797465
	Bitmap Heap Scan on sbtest7  (cost=5.39..373.61 rows=93 width=125)
	  Recheck Cond: ((k >= 7797365) AND (k <= 7797465))
	  ->  Bitmap Index Scan on k_7  (cost=0.00..5.36 rows=93 width=0)
	        Index Cond: ((k >= 7797365) AND (k <= 7797465))

table 8 : explain SELECT k, c FROM sbtest8 WHERE k BETWEEN 7797365 AND 7797465
	Bitmap Heap Scan on sbtest8  (cost=5.41..381.49 rows=95 width=125)
	  Recheck Cond: ((k >= 7797365) AND (k <= 7797465))
	  ->  Bitmap Index Scan on k_8  (cost=0.00..5.38 rows=95 width=0)
	        Index Cond: ((k >= 7797365) AND (k <= 7797465))

explain: for range-notcovered :: explain SELECT k, c FROM sbtest%d WHERE k BETWEEN 7797365 AND 7797465
for range-notcovered
table 1 : explain SELECT k, c FROM sbtest1 WHERE k BETWEEN 8765191 AND 8765291
	Bitmap Heap Scan on sbtest1  (cost=5.49..413.00 rows=103 width=125)
	  Recheck Cond: ((k >= 8765191) AND (k <= 8765291))
	  ->  Bitmap Index Scan on k_1  (cost=0.00..5.46 rows=103 width=0)
	        Index Cond: ((k >= 8765191) AND (k <= 8765291))

table 2 : explain SELECT k, c FROM sbtest2 WHERE k BETWEEN 8765191 AND 8765291
	Bitmap Heap Scan on sbtest2  (cost=5.44..393.31 rows=98 width=125)
	  Recheck Cond: ((k >= 8765191) AND (k <= 8765291))
	  ->  Bitmap Index Scan on k_2  (cost=0.00..5.42 rows=98 width=0)
	        Index Cond: ((k >= 8765191) AND (k <= 8765291))

table 3 : explain SELECT k, c FROM sbtest3 WHERE k BETWEEN 8765191 AND 8765291
	Bitmap Heap Scan on sbtest3  (cost=5.44..393.31 rows=98 width=125)
	  Recheck Cond: ((k >= 8765191) AND (k <= 8765291))
	  ->  Bitmap Index Scan on k_3  (cost=0.00..5.42 rows=98 width=0)
	        Index Cond: ((k >= 8765191) AND (k <= 8765291))

table 4 : explain SELECT k, c FROM sbtest4 WHERE k BETWEEN 8765191 AND 8765291
	Bitmap Heap Scan on sbtest4  (cost=5.50..416.94 rows=104 width=125)
	  Recheck Cond: ((k >= 8765191) AND (k <= 8765291))
	  ->  Bitmap Index Scan on k_4  (cost=0.00..5.47 rows=104 width=0)
	        Index Cond: ((k >= 8765191) AND (k <= 8765291))

table 5 : explain SELECT k, c FROM sbtest5 WHERE k BETWEEN 8765191 AND 8765291
	Bitmap Heap Scan on sbtest5  (cost=5.53..428.75 rows=107 width=125)
	  Recheck Cond: ((k >= 8765191) AND (k <= 8765291))
	  ->  Bitmap Index Scan on k_5  (cost=0.00..5.50 rows=107 width=0)
	        Index Cond: ((k >= 8765191) AND (k <= 8765291))

table 6 : explain SELECT k, c FROM sbtest6 WHERE k BETWEEN 8765191 AND 8765291
	Bitmap Heap Scan on sbtest6  (cost=5.49..413.00 rows=103 width=125)
	  Recheck Cond: ((k >= 8765191) AND (k <= 8765291))
	  ->  Bitmap Index Scan on k_6  (cost=0.00..5.46 rows=103 width=0)
	        Index Cond: ((k >= 8765191) AND (k <= 8765291))

table 7 : explain SELECT k, c FROM sbtest7 WHERE k BETWEEN 8765191 AND 8765291
	Bitmap Heap Scan on sbtest7  (cost=5.47..405.13 rows=101 width=125)
	  Recheck Cond: ((k >= 8765191) AND (k <= 8765291))
	  ->  Bitmap Index Scan on k_7  (cost=0.00..5.44 rows=101 width=0)
	        Index Cond: ((k >= 8765191) AND (k <= 8765291))

table 8 : explain SELECT k, c FROM sbtest8 WHERE k BETWEEN 8765191 AND 8765291
	Bitmap Heap Scan on sbtest8  (cost=5.39..373.61 rows=93 width=125)
	  Recheck Cond: ((k >= 8765191) AND (k <= 8765291))
	  ->  Bitmap Index Scan on k_8  (cost=0.00..5.36 rows=93 width=0)
	        Index Cond: ((k >= 8765191) AND (k <= 8765291))

explain: for range-notcovered :: explain SELECT k, c FROM sbtest%d WHERE k BETWEEN 8765191 AND 8765291
for range-notcovered
table 1 : explain SELECT k, c FROM sbtest1 WHERE k BETWEEN 6512982 AND 6513082
	Bitmap Heap Scan on sbtest1  (cost=5.53..428.75 rows=107 width=125)
	  Recheck Cond: ((k >= 6512982) AND (k <= 6513082))
	  ->  Bitmap Index Scan on k_1  (cost=0.00..5.50 rows=107 width=0)
	        Index Cond: ((k >= 6512982) AND (k <= 6513082))

table 2 : explain SELECT k, c FROM sbtest2 WHERE k BETWEEN 6512982 AND 6513082
	Bitmap Heap Scan on sbtest2  (cost=5.54..432.69 rows=108 width=125)
	  Recheck Cond: ((k >= 6512982) AND (k <= 6513082))
	  ->  Bitmap Index Scan on k_2  (cost=0.00..5.51 rows=108 width=0)
	        Index Cond: ((k >= 6512982) AND (k <= 6513082))

table 3 : explain SELECT k, c FROM sbtest3 WHERE k BETWEEN 6512982 AND 6513082
	Bitmap Heap Scan on sbtest3  (cost=5.49..413.00 rows=103 width=125)
	  Recheck Cond: ((k >= 6512982) AND (k <= 6513082))
	  ->  Bitmap Index Scan on k_3  (cost=0.00..5.46 rows=103 width=0)
	        Index Cond: ((k >= 6512982) AND (k <= 6513082))

table 4 : explain SELECT k, c FROM sbtest4 WHERE k BETWEEN 6512982 AND 6513082
	Bitmap Heap Scan on sbtest4  (cost=5.48..409.07 rows=102 width=125)
	  Recheck Cond: ((k >= 6512982) AND (k <= 6513082))
	  ->  Bitmap Index Scan on k_4  (cost=0.00..5.45 rows=102 width=0)
	        Index Cond: ((k >= 6512982) AND (k <= 6513082))

table 5 : explain SELECT k, c FROM sbtest5 WHERE k BETWEEN 6512982 AND 6513082
	Bitmap Heap Scan on sbtest5  (cost=5.52..424.81 rows=106 width=125)
	  Recheck Cond: ((k >= 6512982) AND (k <= 6513082))
	  ->  Bitmap Index Scan on k_5  (cost=0.00..5.50 rows=106 width=0)
	        Index Cond: ((k >= 6512982) AND (k <= 6513082))

table 6 : explain SELECT k, c FROM sbtest6 WHERE k BETWEEN 6512982 AND 6513082
	Bitmap Heap Scan on sbtest6  (cost=5.53..428.75 rows=107 width=125)
	  Recheck Cond: ((k >= 6512982) AND (k <= 6513082))
	  ->  Bitmap Index Scan on k_6  (cost=0.00..5.50 rows=107 width=0)
	        Index Cond: ((k >= 6512982) AND (k <= 6513082))

table 7 : explain SELECT k, c FROM sbtest7 WHERE k BETWEEN 6512982 AND 6513082
	Bitmap Heap Scan on sbtest7  (cost=5.50..416.94 rows=104 width=125)
	  Recheck Cond: ((k >= 6512982) AND (k <= 6513082))
	  ->  Bitmap Index Scan on k_7  (cost=0.00..5.47 rows=104 width=0)
	        Index Cond: ((k >= 6512982) AND (k <= 6513082))

table 8 : explain SELECT k, c FROM sbtest8 WHERE k BETWEEN 6512982 AND 6513082
	Bitmap Heap Scan on sbtest8  (cost=5.44..393.31 rows=98 width=125)
	  Recheck Cond: ((k >= 6512982) AND (k <= 6513082))
	  ->  Bitmap Index Scan on k_8  (cost=0.00..5.42 rows=98 width=0)
	        Index Cond: ((k >= 6512982) AND (k <= 6513082))

explain: for range-notcovered :: explain SELECT k, c FROM sbtest%d WHERE k BETWEEN 6512982 AND 6513082
for range-notcovered
table 1 : explain SELECT k, c FROM sbtest1 WHERE k BETWEEN 7797365 AND 7797465
	Bitmap Heap Scan on sbtest1  (cost=5.50..416.94 rows=104 width=125)
	  Recheck Cond: ((k >= 7797365) AND (k <= 7797465))
	  ->  Bitmap Index Scan on k_1  (cost=0.00..5.47 rows=104 width=0)
	        Index Cond: ((k >= 7797365) AND (k <= 7797465))

table 2 : explain SELECT k, c FROM sbtest2 WHERE k BETWEEN 7797365 AND 7797465
	Bitmap Heap Scan on sbtest2  (cost=5.44..393.31 rows=98 width=125)
	  Recheck Cond: ((k >= 7797365) AND (k <= 7797465))
	  ->  Bitmap Index Scan on k_2  (cost=0.00..5.42 rows=98 width=0)
	        Index Cond: ((k >= 7797365) AND (k <= 7797465))

table 3 : explain SELECT k, c FROM sbtest3 WHERE k BETWEEN 7797365 AND 7797465
	Bitmap Heap Scan on sbtest3  (cost=5.43..389.37 rows=97 width=125)
	  Recheck Cond: ((k >= 7797365) AND (k <= 7797465))
	  ->  Bitmap Index Scan on k_3  (cost=0.00..5.40 rows=97 width=0)
	        Index Cond: ((k >= 7797365) AND (k <= 7797465))

table 4 : explain SELECT k, c FROM sbtest4 WHERE k BETWEEN 7797365 AND 7797465
	Bitmap Heap Scan on sbtest4  (cost=5.54..432.69 rows=108 width=125)
	  Recheck Cond: ((k >= 7797365) AND (k <= 7797465))
	  ->  Bitmap Index Scan on k_4  (cost=0.00..5.51 rows=108 width=0)
	        Index Cond: ((k >= 7797365) AND (k <= 7797465))

table 5 : explain SELECT k, c FROM sbtest5 WHERE k BETWEEN 7797365 AND 7797465
	Bitmap Heap Scan on sbtest5  (cost=5.49..413.00 rows=103 width=125)
	  Recheck Cond: ((k >= 7797365) AND (k <= 7797465))
	  ->  Bitmap Index Scan on k_5  (cost=0.00..5.46 rows=103 width=0)
	        Index Cond: ((k >= 7797365) AND (k <= 7797465))

table 6 : explain SELECT k, c FROM sbtest6 WHERE k BETWEEN 7797365 AND 7797465
	Bitmap Heap Scan on sbtest6  (cost=5.46..401.19 rows=100 width=125)
	  Recheck Cond: ((k >= 7797365) AND (k <= 7797465))
	  ->  Bitmap Index Scan on k_6  (cost=0.00..5.43 rows=100 width=0)
	        Index Cond: ((k >= 7797365) AND (k <= 7797465))

table 7 : explain SELECT k, c FROM sbtest7 WHERE k BETWEEN 7797365 AND 7797465
	Bitmap Heap Scan on sbtest7  (cost=5.39..373.61 rows=93 width=125)
	  Recheck Cond: ((k >= 7797365) AND (k <= 7797465))
	  ->  Bitmap Index Scan on k_7  (cost=0.00..5.36 rows=93 width=0)
	        Index Cond: ((k >= 7797365) AND (k <= 7797465))

table 8 : explain SELECT k, c FROM sbtest8 WHERE k BETWEEN 7797365 AND 7797465
	Bitmap Heap Scan on sbtest8  (cost=5.41..381.49 rows=95 width=125)
	  Recheck Cond: ((k >= 7797365) AND (k <= 7797465))
	  ->  Bitmap Index Scan on k_8  (cost=0.00..5.38 rows=95 width=0)
	        Index Cond: ((k >= 7797365) AND (k <= 7797465))

explain: for range-notcovered :: explain SELECT k, c FROM sbtest%d WHERE k BETWEEN 7797365 AND 7797465
for range-notcovered
table 1 : explain SELECT k, c FROM sbtest1 WHERE k BETWEEN 8765191 AND 8765291
	Bitmap Heap Scan on sbtest1  (cost=5.49..413.00 rows=103 width=125)
	  Recheck Cond: ((k >= 8765191) AND (k <= 8765291))
	  ->  Bitmap Index Scan on k_1  (cost=0.00..5.46 rows=103 width=0)
	        Index Cond: ((k >= 8765191) AND (k <= 8765291))

table 2 : explain SELECT k, c FROM sbtest2 WHERE k BETWEEN 8765191 AND 8765291
	Bitmap Heap Scan on sbtest2  (cost=5.44..393.31 rows=98 width=125)
	  Recheck Cond: ((k >= 8765191) AND (k <= 8765291))
	  ->  Bitmap Index Scan on k_2  (cost=0.00..5.42 rows=98 width=0)
	        Index Cond: ((k >= 8765191) AND (k <= 8765291))

table 3 : explain SELECT k, c FROM sbtest3 WHERE k BETWEEN 8765191 AND 8765291
	Bitmap Heap Scan on sbtest3  (cost=5.44..393.31 rows=98 width=125)
	  Recheck Cond: ((k >= 8765191) AND (k <= 8765291))
	  ->  Bitmap Index Scan on k_3  (cost=0.00..5.42 rows=98 width=0)
	        Index Cond: ((k >= 8765191) AND (k <= 8765291))

table 4 : explain SELECT k, c FROM sbtest4 WHERE k BETWEEN 8765191 AND 8765291
	Bitmap Heap Scan on sbtest4  (cost=5.50..416.94 rows=104 width=125)
	  Recheck Cond: ((k >= 8765191) AND (k <= 8765291))
	  ->  Bitmap Index Scan on k_4  (cost=0.00..5.47 rows=104 width=0)
	        Index Cond: ((k >= 8765191) AND (k <= 8765291))

table 5 : explain SELECT k, c FROM sbtest5 WHERE k BETWEEN 8765191 AND 8765291
	Bitmap Heap Scan on sbtest5  (cost=5.53..428.75 rows=107 width=125)
	  Recheck Cond: ((k >= 8765191) AND (k <= 8765291))
	  ->  Bitmap Index Scan on k_5  (cost=0.00..5.50 rows=107 width=0)
	        Index Cond: ((k >= 8765191) AND (k <= 8765291))

table 6 : explain SELECT k, c FROM sbtest6 WHERE k BETWEEN 8765191 AND 8765291
	Bitmap Heap Scan on sbtest6  (cost=5.49..413.00 rows=103 width=125)
	  Recheck Cond: ((k >= 8765191) AND (k <= 8765291))
	  ->  Bitmap Index Scan on k_6  (cost=0.00..5.46 rows=103 width=0)
	        Index Cond: ((k >= 8765191) AND (k <= 8765291))

table 7 : explain SELECT k, c FROM sbtest7 WHERE k BETWEEN 8765191 AND 8765291
	Bitmap Heap Scan on sbtest7  (cost=5.47..405.13 rows=101 width=125)
	  Recheck Cond: ((k >= 8765191) AND (k <= 8765291))
	  ->  Bitmap Index Scan on k_7  (cost=0.00..5.44 rows=101 width=0)
	        Index Cond: ((k >= 8765191) AND (k <= 8765291))

table 8 : explain SELECT k, c FROM sbtest8 WHERE k BETWEEN 8765191 AND 8765291
	Bitmap Heap Scan on sbtest8  (cost=5.39..373.61 rows=93 width=125)
	  Recheck Cond: ((k >= 8765191) AND (k <= 8765291))
	  ->  Bitmap Index Scan on k_8  (cost=0.00..5.36 rows=93 width=0)
	        Index Cond: ((k >= 8765191) AND (k <= 8765291))

for range-notcovered
table 1 : explain SELECT k, c FROM sbtest1 WHERE k BETWEEN 6512982 AND 6513082
	Bitmap Heap Scan on sbtest1  (cost=5.53..428.75 rows=107 width=125)
	  Recheck Cond: ((k >= 6512982) AND (k <= 6513082))
	  ->  Bitmap Index Scan on k_1  (cost=0.00..5.50 rows=107 width=0)
	        Index Cond: ((k >= 6512982) AND (k <= 6513082))

table 2 : explain SELECT k, c FROM sbtest2 WHERE k BETWEEN 6512982 AND 6513082
	Bitmap Heap Scan on sbtest2  (cost=5.54..432.69 rows=108 width=125)
	  Recheck Cond: ((k >= 6512982) AND (k <= 6513082))
	  ->  Bitmap Index Scan on k_2  (cost=0.00..5.51 rows=108 width=0)
	        Index Cond: ((k >= 6512982) AND (k <= 6513082))

table 3 : explain SELECT k, c FROM sbtest3 WHERE k BETWEEN 6512982 AND 6513082
	Bitmap Heap Scan on sbtest3  (cost=5.49..413.00 rows=103 width=125)
	  Recheck Cond: ((k >= 6512982) AND (k <= 6513082))
	  ->  Bitmap Index Scan on k_3  (cost=0.00..5.46 rows=103 width=0)
	        Index Cond: ((k >= 6512982) AND (k <= 6513082))

table 4 : explain SELECT k, c FROM sbtest4 WHERE k BETWEEN 6512982 AND 6513082
	Bitmap Heap Scan on sbtest4  (cost=5.48..409.07 rows=102 width=125)
	  Recheck Cond: ((k >= 6512982) AND (k <= 6513082))
	  ->  Bitmap Index Scan on k_4  (cost=0.00..5.45 rows=102 width=0)
	        Index Cond: ((k >= 6512982) AND (k <= 6513082))

table 5 : explain SELECT k, c FROM sbtest5 WHERE k BETWEEN 6512982 AND 6513082
	Bitmap Heap Scan on sbtest5  (cost=5.52..424.81 rows=106 width=125)
	  Recheck Cond: ((k >= 6512982) AND (k <= 6513082))
	  ->  Bitmap Index Scan on k_5  (cost=0.00..5.50 rows=106 width=0)
	        Index Cond: ((k >= 6512982) AND (k <= 6513082))

table 6 : explain SELECT k, c FROM sbtest6 WHERE k BETWEEN 6512982 AND 6513082
	Bitmap Heap Scan on sbtest6  (cost=5.53..428.75 rows=107 width=125)
	  Recheck Cond: ((k >= 6512982) AND (k <= 6513082))
	  ->  Bitmap Index Scan on k_6  (cost=0.00..5.50 rows=107 width=0)
	        Index Cond: ((k >= 6512982) AND (k <= 6513082))

table 7 : explain SELECT k, c FROM sbtest7 WHERE k BETWEEN 6512982 AND 6513082
	Bitmap Heap Scan on sbtest7  (cost=5.50..416.94 rows=104 width=125)
	  Recheck Cond: ((k >= 6512982) AND (k <= 6513082))
	  ->  Bitmap Index Scan on k_7  (cost=0.00..5.47 rows=104 width=0)
	        Index Cond: ((k >= 6512982) AND (k <= 6513082))

table 8 : explain SELECT k, c FROM sbtest8 WHERE k BETWEEN 6512982 AND 6513082
	Bitmap Heap Scan on sbtest8  (cost=5.44..393.31 rows=98 width=125)
	  Recheck Cond: ((k >= 6512982) AND (k <= 6513082))
	  ->  Bitmap Index Scan on k_8  (cost=0.00..5.42 rows=98 width=0)
	        Index Cond: ((k >= 6512982) AND (k <= 6513082))

explain: for range-notcovered :: explain SELECT k, c FROM sbtest%d WHERE k BETWEEN 6512982 AND 6513082
for range-notcovered
table 1 : explain SELECT k, c FROM sbtest1 WHERE k BETWEEN 7797365 AND 7797465
	Bitmap Heap Scan on sbtest1  (cost=5.50..416.94 rows=104 width=125)
	  Recheck Cond: ((k >= 7797365) AND (k <= 7797465))
	  ->  Bitmap Index Scan on k_1  (cost=0.00..5.47 rows=104 width=0)
	        Index Cond: ((k >= 7797365) AND (k <= 7797465))

table 2 : explain SELECT k, c FROM sbtest2 WHERE k BETWEEN 7797365 AND 7797465
	Bitmap Heap Scan on sbtest2  (cost=5.44..393.31 rows=98 width=125)
	  Recheck Cond: ((k >= 7797365) AND (k <= 7797465))
	  ->  Bitmap Index Scan on k_2  (cost=0.00..5.42 rows=98 width=0)
	        Index Cond: ((k >= 7797365) AND (k <= 7797465))

table 3 : explain SELECT k, c FROM sbtest3 WHERE k BETWEEN 7797365 AND 7797465
	Bitmap Heap Scan on sbtest3  (cost=5.43..389.37 rows=97 width=125)
	  Recheck Cond: ((k >= 7797365) AND (k <= 7797465))
	  ->  Bitmap Index Scan on k_3  (cost=0.00..5.40 rows=97 width=0)
	        Index Cond: ((k >= 7797365) AND (k <= 7797465))

table 4 : explain SELECT k, c FROM sbtest4 WHERE k BETWEEN 7797365 AND 7797465
	Bitmap Heap Scan on sbtest4  (cost=5.54..432.69 rows=108 width=125)
	  Recheck Cond: ((k >= 7797365) AND (k <= 7797465))
	  ->  Bitmap Index Scan on k_4  (cost=0.00..5.51 rows=108 width=0)
	        Index Cond: ((k >= 7797365) AND (k <= 7797465))

table 5 : explain SELECT k, c FROM sbtest5 WHERE k BETWEEN 7797365 AND 7797465
	Bitmap Heap Scan on sbtest5  (cost=5.49..413.00 rows=103 width=125)
	  Recheck Cond: ((k >= 7797365) AND (k <= 7797465))
	  ->  Bitmap Index Scan on k_5  (cost=0.00..5.46 rows=103 width=0)
	        Index Cond: ((k >= 7797365) AND (k <= 7797465))

table 6 : explain SELECT k, c FROM sbtest6 WHERE k BETWEEN 7797365 AND 7797465
	Bitmap Heap Scan on sbtest6  (cost=5.46..401.19 rows=100 width=125)
	  Recheck Cond: ((k >= 7797365) AND (k <= 7797465))
	  ->  Bitmap Index Scan on k_6  (cost=0.00..5.43 rows=100 width=0)
	        Index Cond: ((k >= 7797365) AND (k <= 7797465))

table 7 : explain SELECT k, c FROM sbtest7 WHERE k BETWEEN 7797365 AND 7797465
	Bitmap Heap Scan on sbtest7  (cost=5.39..373.61 rows=93 width=125)
	  Recheck Cond: ((k >= 7797365) AND (k <= 7797465))
	  ->  Bitmap Index Scan on k_7  (cost=0.00..5.36 rows=93 width=0)
	        Index Cond: ((k >= 7797365) AND (k <= 7797465))

table 8 : explain SELECT k, c FROM sbtest8 WHERE k BETWEEN 7797365 AND 7797465
	Bitmap Heap Scan on sbtest8  (cost=5.41..381.49 rows=95 width=125)
	  Recheck Cond: ((k >= 7797365) AND (k <= 7797465))
	  ->  Bitmap Index Scan on k_8  (cost=0.00..5.38 rows=95 width=0)
	        Index Cond: ((k >= 7797365) AND (k <= 7797465))

explain: for range-notcovered :: explain SELECT k, c FROM sbtest%d WHERE k BETWEEN 7797365 AND 7797465
for range-notcovered
table 1 : explain SELECT k, c FROM sbtest1 WHERE k BETWEEN 6512982 AND 6513082
	Bitmap Heap Scan on sbtest1  (cost=5.53..428.75 rows=107 width=125)
	  Recheck Cond: ((k >= 6512982) AND (k <= 6513082))
	  ->  Bitmap Index Scan on k_1  (cost=0.00..5.50 rows=107 width=0)
	        Index Cond: ((k >= 6512982) AND (k <= 6513082))

table 2 : explain SELECT k, c FROM sbtest2 WHERE k BETWEEN 6512982 AND 6513082
	Bitmap Heap Scan on sbtest2  (cost=5.54..432.69 rows=108 width=125)
	  Recheck Cond: ((k >= 6512982) AND (k <= 6513082))
	  ->  Bitmap Index Scan on k_2  (cost=0.00..5.51 rows=108 width=0)
	        Index Cond: ((k >= 6512982) AND (k <= 6513082))

table 3 : explain SELECT k, c FROM sbtest3 WHERE k BETWEEN 6512982 AND 6513082
	Bitmap Heap Scan on sbtest3  (cost=5.49..413.00 rows=103 width=125)
	  Recheck Cond: ((k >= 6512982) AND (k <= 6513082))
	  ->  Bitmap Index Scan on k_3  (cost=0.00..5.46 rows=103 width=0)
	        Index Cond: ((k >= 6512982) AND (k <= 6513082))

table 4 : explain SELECT k, c FROM sbtest4 WHERE k BETWEEN 6512982 AND 6513082
	Bitmap Heap Scan on sbtest4  (cost=5.48..409.07 rows=102 width=125)
	  Recheck Cond: ((k >= 6512982) AND (k <= 6513082))
	  ->  Bitmap Index Scan on k_4  (cost=0.00..5.45 rows=102 width=0)
	        Index Cond: ((k >= 6512982) AND (k <= 6513082))

table 5 : explain SELECT k, c FROM sbtest5 WHERE k BETWEEN 6512982 AND 6513082
	Bitmap Heap Scan on sbtest5  (cost=5.52..424.81 rows=106 width=125)
	  Recheck Cond: ((k >= 6512982) AND (k <= 6513082))
	  ->  Bitmap Index Scan on k_5  (cost=0.00..5.50 rows=106 width=0)
	        Index Cond: ((k >= 6512982) AND (k <= 6513082))

table 6 : explain SELECT k, c FROM sbtest6 WHERE k BETWEEN 6512982 AND 6513082
	Bitmap Heap Scan on sbtest6  (cost=5.53..428.75 rows=107 width=125)
	  Recheck Cond: ((k >= 6512982) AND (k <= 6513082))
	  ->  Bitmap Index Scan on k_6  (cost=0.00..5.50 rows=107 width=0)
	        Index Cond: ((k >= 6512982) AND (k <= 6513082))

table 7 : explain SELECT k, c FROM sbtest7 WHERE k BETWEEN 6512982 AND 6513082
	Bitmap Heap Scan on sbtest7  (cost=5.50..416.94 rows=104 width=125)
	  Recheck Cond: ((k >= 6512982) AND (k <= 6513082))
	  ->  Bitmap Index Scan on k_7  (cost=0.00..5.47 rows=104 width=0)
	        Index Cond: ((k >= 6512982) AND (k <= 6513082))

table 8 : explain SELECT k, c FROM sbtest8 WHERE k BETWEEN 6512982 AND 6513082
	Bitmap Heap Scan on sbtest8  (cost=5.44..393.31 rows=98 width=125)
	  Recheck Cond: ((k >= 6512982) AND (k <= 6513082))
	  ->  Bitmap Index Scan on k_8  (cost=0.00..5.42 rows=98 width=0)
	        Index Cond: ((k >= 6512982) AND (k <= 6513082))

explain: for range-notcovered :: explain SELECT k, c FROM sbtest%d WHERE k BETWEEN 6512982 AND 6513082
for range-notcovered
table 1 : explain SELECT k, c FROM sbtest1 WHERE k BETWEEN 7797365 AND 7797465
	Bitmap Heap Scan on sbtest1  (cost=5.50..416.94 rows=104 width=125)
	  Recheck Cond: ((k >= 7797365) AND (k <= 7797465))
	  ->  Bitmap Index Scan on k_1  (cost=0.00..5.47 rows=104 width=0)
	        Index Cond: ((k >= 7797365) AND (k <= 7797465))

table 2 : explain SELECT k, c FROM sbtest2 WHERE k BETWEEN 7797365 AND 7797465
	Bitmap Heap Scan on sbtest2  (cost=5.44..393.31 rows=98 width=125)
	  Recheck Cond: ((k >= 7797365) AND (k <= 7797465))
	  ->  Bitmap Index Scan on k_2  (cost=0.00..5.42 rows=98 width=0)
	        Index Cond: ((k >= 7797365) AND (k <= 7797465))

table 3 : explain SELECT k, c FROM sbtest3 WHERE k BETWEEN 7797365 AND 7797465
	Bitmap Heap Scan on sbtest3  (cost=5.43..389.37 rows=97 width=125)
	  Recheck Cond: ((k >= 7797365) AND (k <= 7797465))
	  ->  Bitmap Index Scan on k_3  (cost=0.00..5.40 rows=97 width=0)
	        Index Cond: ((k >= 7797365) AND (k <= 7797465))

table 4 : explain SELECT k, c FROM sbtest4 WHERE k BETWEEN 7797365 AND 7797465
	Bitmap Heap Scan on sbtest4  (cost=5.54..432.69 rows=108 width=125)
	  Recheck Cond: ((k >= 7797365) AND (k <= 7797465))
	  ->  Bitmap Index Scan on k_4  (cost=0.00..5.51 rows=108 width=0)
	        Index Cond: ((k >= 7797365) AND (k <= 7797465))

table 5 : explain SELECT k, c FROM sbtest5 WHERE k BETWEEN 7797365 AND 7797465
	Bitmap Heap Scan on sbtest5  (cost=5.49..413.00 rows=103 width=125)
	  Recheck Cond: ((k >= 7797365) AND (k <= 7797465))
	  ->  Bitmap Index Scan on k_5  (cost=0.00..5.46 rows=103 width=0)
	        Index Cond: ((k >= 7797365) AND (k <= 7797465))

table 6 : explain SELECT k, c FROM sbtest6 WHERE k BETWEEN 7797365 AND 7797465
	Bitmap Heap Scan on sbtest6  (cost=5.46..401.19 rows=100 width=125)
	  Recheck Cond: ((k >= 7797365) AND (k <= 7797465))
	  ->  Bitmap Index Scan on k_6  (cost=0.00..5.43 rows=100 width=0)
	        Index Cond: ((k >= 7797365) AND (k <= 7797465))

table 7 : explain SELECT k, c FROM sbtest7 WHERE k BETWEEN 7797365 AND 7797465
	Bitmap Heap Scan on sbtest7  (cost=5.39..373.61 rows=93 width=125)
	  Recheck Cond: ((k >= 7797365) AND (k <= 7797465))
	  ->  Bitmap Index Scan on k_7  (cost=0.00..5.36 rows=93 width=0)
	        Index Cond: ((k >= 7797365) AND (k <= 7797465))

table 8 : explain SELECT k, c FROM sbtest8 WHERE k BETWEEN 7797365 AND 7797465
	Bitmap Heap Scan on sbtest8  (cost=5.41..381.49 rows=95 width=125)
	  Recheck Cond: ((k >= 7797365) AND (k <= 7797465))
	  ->  Bitmap Index Scan on k_8  (cost=0.00..5.38 rows=95 width=0)
	        Index Cond: ((k >= 7797365) AND (k <= 7797465))

explain: for range-notcovered :: explain SELECT k, c FROM sbtest%d WHERE k BETWEEN 7797365 AND 7797465
for range-notcovered
table 1 : explain SELECT k, c FROM sbtest1 WHERE k BETWEEN 6512982 AND 6513082
	Bitmap Heap Scan on sbtest1  (cost=5.53..428.75 rows=107 width=125)
	  Recheck Cond: ((k >= 6512982) AND (k <= 6513082))
	  ->  Bitmap Index Scan on k_1  (cost=0.00..5.50 rows=107 width=0)
	        Index Cond: ((k >= 6512982) AND (k <= 6513082))

table 2 : explain SELECT k, c FROM sbtest2 WHERE k BETWEEN 6512982 AND 6513082
	Bitmap Heap Scan on sbtest2  (cost=5.54..432.69 rows=108 width=125)
	  Recheck Cond: ((k >= 6512982) AND (k <= 6513082))
	  ->  Bitmap Index Scan on k_2  (cost=0.00..5.51 rows=108 width=0)
	        Index Cond: ((k >= 6512982) AND (k <= 6513082))

table 3 : explain SELECT k, c FROM sbtest3 WHERE k BETWEEN 6512982 AND 6513082
	Bitmap Heap Scan on sbtest3  (cost=5.49..413.00 rows=103 width=125)
	  Recheck Cond: ((k >= 6512982) AND (k <= 6513082))
	  ->  Bitmap Index Scan on k_3  (cost=0.00..5.46 rows=103 width=0)
	        Index Cond: ((k >= 6512982) AND (k <= 6513082))

table 4 : explain SELECT k, c FROM sbtest4 WHERE k BETWEEN 6512982 AND 6513082
	Bitmap Heap Scan on sbtest4  (cost=5.48..409.07 rows=102 width=125)
	  Recheck Cond: ((k >= 6512982) AND (k <= 6513082))
	  ->  Bitmap Index Scan on k_4  (cost=0.00..5.45 rows=102 width=0)
	        Index Cond: ((k >= 6512982) AND (k <= 6513082))

table 5 : explain SELECT k, c FROM sbtest5 WHERE k BETWEEN 6512982 AND 6513082
	Bitmap Heap Scan on sbtest5  (cost=5.52..424.81 rows=106 width=125)
	  Recheck Cond: ((k >= 6512982) AND (k <= 6513082))
	  ->  Bitmap Index Scan on k_5  (cost=0.00..5.50 rows=106 width=0)
	        Index Cond: ((k >= 6512982) AND (k <= 6513082))

table 6 : explain SELECT k, c FROM sbtest6 WHERE k BETWEEN 6512982 AND 6513082
	Bitmap Heap Scan on sbtest6  (cost=5.53..428.75 rows=107 width=125)
	  Recheck Cond: ((k >= 6512982) AND (k <= 6513082))
	  ->  Bitmap Index Scan on k_6  (cost=0.00..5.50 rows=107 width=0)
	        Index Cond: ((k >= 6512982) AND (k <= 6513082))

table 7 : explain SELECT k, c FROM sbtest7 WHERE k BETWEEN 6512982 AND 6513082
	Bitmap Heap Scan on sbtest7  (cost=5.50..416.94 rows=104 width=125)
	  Recheck Cond: ((k >= 6512982) AND (k <= 6513082))
	  ->  Bitmap Index Scan on k_7  (cost=0.00..5.47 rows=104 width=0)
	        Index Cond: ((k >= 6512982) AND (k <= 6513082))

table 8 : explain SELECT k, c FROM sbtest8 WHERE k BETWEEN 6512982 AND 6513082
	Bitmap Heap Scan on sbtest8  (cost=5.44..393.31 rows=98 width=125)
	  Recheck Cond: ((k >= 6512982) AND (k <= 6513082))
	  ->  Bitmap Index Scan on k_8  (cost=0.00..5.42 rows=98 width=0)
	        Index Cond: ((k >= 6512982) AND (k <= 6513082))

explain: for range-notcovered :: explain SELECT k, c FROM sbtest%d WHERE k BETWEEN 6512982 AND 6513082
for range-notcovered
table 1 : explain SELECT k, c FROM sbtest1 WHERE k BETWEEN 7797365 AND 7797465
	Bitmap Heap Scan on sbtest1  (cost=5.50..416.94 rows=104 width=125)
	  Recheck Cond: ((k >= 7797365) AND (k <= 7797465))
	  ->  Bitmap Index Scan on k_1  (cost=0.00..5.47 rows=104 width=0)
	        Index Cond: ((k >= 7797365) AND (k <= 7797465))

table 2 : explain SELECT k, c FROM sbtest2 WHERE k BETWEEN 7797365 AND 7797465
	Bitmap Heap Scan on sbtest2  (cost=5.44..393.31 rows=98 width=125)
	  Recheck Cond: ((k >= 7797365) AND (k <= 7797465))
	  ->  Bitmap Index Scan on k_2  (cost=0.00..5.42 rows=98 width=0)
	        Index Cond: ((k >= 7797365) AND (k <= 7797465))

table 3 : explain SELECT k, c FROM sbtest3 WHERE k BETWEEN 7797365 AND 7797465
	Bitmap Heap Scan on sbtest3  (cost=5.43..389.37 rows=97 width=125)
	  Recheck Cond: ((k >= 7797365) AND (k <= 7797465))
	  ->  Bitmap Index Scan on k_3  (cost=0.00..5.40 rows=97 width=0)
	        Index Cond: ((k >= 7797365) AND (k <= 7797465))

table 4 : explain SELECT k, c FROM sbtest4 WHERE k BETWEEN 7797365 AND 7797465
	Bitmap Heap Scan on sbtest4  (cost=5.54..432.69 rows=108 width=125)
	  Recheck Cond: ((k >= 7797365) AND (k <= 7797465))
	  ->  Bitmap Index Scan on k_4  (cost=0.00..5.51 rows=108 width=0)
	        Index Cond: ((k >= 7797365) AND (k <= 7797465))

table 5 : explain SELECT k, c FROM sbtest5 WHERE k BETWEEN 7797365 AND 7797465
	Bitmap Heap Scan on sbtest5  (cost=5.49..413.00 rows=103 width=125)
	  Recheck Cond: ((k >= 7797365) AND (k <= 7797465))
	  ->  Bitmap Index Scan on k_5  (cost=0.00..5.46 rows=103 width=0)
	        Index Cond: ((k >= 7797365) AND (k <= 7797465))

table 6 : explain SELECT k, c FROM sbtest6 WHERE k BETWEEN 7797365 AND 7797465
	Bitmap Heap Scan on sbtest6  (cost=5.46..401.19 rows=100 width=125)
	  Recheck Cond: ((k >= 7797365) AND (k <= 7797465))
	  ->  Bitmap Index Scan on k_6  (cost=0.00..5.43 rows=100 width=0)
	        Index Cond: ((k >= 7797365) AND (k <= 7797465))

table 7 : explain SELECT k, c FROM sbtest7 WHERE k BETWEEN 7797365 AND 7797465
	Bitmap Heap Scan on sbtest7  (cost=5.39..373.61 rows=93 width=125)
	  Recheck Cond: ((k >= 7797365) AND (k <= 7797465))
	  ->  Bitmap Index Scan on k_7  (cost=0.00..5.36 rows=93 width=0)
	        Index Cond: ((k >= 7797365) AND (k <= 7797465))

table 8 : explain SELECT k, c FROM sbtest8 WHERE k BETWEEN 7797365 AND 7797465
	Bitmap Heap Scan on sbtest8  (cost=5.41..381.49 rows=95 width=125)
	  Recheck Cond: ((k >= 7797365) AND (k <= 7797465))
	  ->  Bitmap Index Scan on k_8  (cost=0.00..5.38 rows=95 width=0)
	        Index Cond: ((k >= 7797365) AND (k <= 7797465))

explain: for range-notcovered :: explain SELECT k, c FROM sbtest%d WHERE k BETWEEN 7797365 AND 7797465
for range-notcovered
table 1 : explain SELECT k, c FROM sbtest1 WHERE k BETWEEN 6512982 AND 6513082
	Bitmap Heap Scan on sbtest1  (cost=5.53..428.75 rows=107 width=125)
	  Recheck Cond: ((k >= 6512982) AND (k <= 6513082))
	  ->  Bitmap Index Scan on k_1  (cost=0.00..5.50 rows=107 width=0)
	        Index Cond: ((k >= 6512982) AND (k <= 6513082))

table 2 : explain SELECT k, c FROM sbtest2 WHERE k BETWEEN 6512982 AND 6513082
	Bitmap Heap Scan on sbtest2  (cost=5.54..432.69 rows=108 width=125)
	  Recheck Cond: ((k >= 6512982) AND (k <= 6513082))
	  ->  Bitmap Index Scan on k_2  (cost=0.00..5.51 rows=108 width=0)
	        Index Cond: ((k >= 6512982) AND (k <= 6513082))

table 3 : explain SELECT k, c FROM sbtest3 WHERE k BETWEEN 6512982 AND 6513082
	Bitmap Heap Scan on sbtest3  (cost=5.49..413.00 rows=103 width=125)
	  Recheck Cond: ((k >= 6512982) AND (k <= 6513082))
	  ->  Bitmap Index Scan on k_3  (cost=0.00..5.46 rows=103 width=0)
	        Index Cond: ((k >= 6512982) AND (k <= 6513082))

table 4 : explain SELECT k, c FROM sbtest4 WHERE k BETWEEN 6512982 AND 6513082
	Bitmap Heap Scan on sbtest4  (cost=5.48..409.07 rows=102 width=125)
	  Recheck Cond: ((k >= 6512982) AND (k <= 6513082))
	  ->  Bitmap Index Scan on k_4  (cost=0.00..5.45 rows=102 width=0)
	        Index Cond: ((k >= 6512982) AND (k <= 6513082))

table 5 : explain SELECT k, c FROM sbtest5 WHERE k BETWEEN 6512982 AND 6513082
	Bitmap Heap Scan on sbtest5  (cost=5.52..424.81 rows=106 width=125)
	  Recheck Cond: ((k >= 6512982) AND (k <= 6513082))
	  ->  Bitmap Index Scan on k_5  (cost=0.00..5.50 rows=106 width=0)
	        Index Cond: ((k >= 6512982) AND (k <= 6513082))

table 6 : explain SELECT k, c FROM sbtest6 WHERE k BETWEEN 6512982 AND 6513082
	Bitmap Heap Scan on sbtest6  (cost=5.53..428.75 rows=107 width=125)
	  Recheck Cond: ((k >= 6512982) AND (k <= 6513082))
	  ->  Bitmap Index Scan on k_6  (cost=0.00..5.50 rows=107 width=0)
	        Index Cond: ((k >= 6512982) AND (k <= 6513082))

table 7 : explain SELECT k, c FROM sbtest7 WHERE k BETWEEN 6512982 AND 6513082
	Bitmap Heap Scan on sbtest7  (cost=5.50..416.94 rows=104 width=125)
	  Recheck Cond: ((k >= 6512982) AND (k <= 6513082))
	  ->  Bitmap Index Scan on k_7  (cost=0.00..5.47 rows=104 width=0)
	        Index Cond: ((k >= 6512982) AND (k <= 6513082))

table 8 : explain SELECT k, c FROM sbtest8 WHERE k BETWEEN 6512982 AND 6513082
	Bitmap Heap Scan on sbtest8  (cost=5.44..393.31 rows=98 width=125)
	  Recheck Cond: ((k >= 6512982) AND (k <= 6513082))
	  ->  Bitmap Index Scan on k_8  (cost=0.00..5.42 rows=98 width=0)
	        Index Cond: ((k >= 6512982) AND (k <= 6513082))

explain: for range-notcovered :: explain SELECT k, c FROM sbtest%d WHERE k BETWEEN 6512982 AND 6513082
for range-notcovered
table 1 : explain SELECT k, c FROM sbtest1 WHERE k BETWEEN 7797365 AND 7797465
	Bitmap Heap Scan on sbtest1  (cost=5.50..416.94 rows=104 width=125)
	  Recheck Cond: ((k >= 7797365) AND (k <= 7797465))
	  ->  Bitmap Index Scan on k_1  (cost=0.00..5.47 rows=104 width=0)
	        Index Cond: ((k >= 7797365) AND (k <= 7797465))

table 2 : explain SELECT k, c FROM sbtest2 WHERE k BETWEEN 7797365 AND 7797465
	Bitmap Heap Scan on sbtest2  (cost=5.44..393.31 rows=98 width=125)
	  Recheck Cond: ((k >= 7797365) AND (k <= 7797465))
	  ->  Bitmap Index Scan on k_2  (cost=0.00..5.42 rows=98 width=0)
	        Index Cond: ((k >= 7797365) AND (k <= 7797465))

table 3 : explain SELECT k, c FROM sbtest3 WHERE k BETWEEN 7797365 AND 7797465
	Bitmap Heap Scan on sbtest3  (cost=5.43..389.37 rows=97 width=125)
	  Recheck Cond: ((k >= 7797365) AND (k <= 7797465))
	  ->  Bitmap Index Scan on k_3  (cost=0.00..5.40 rows=97 width=0)
	        Index Cond: ((k >= 7797365) AND (k <= 7797465))

table 4 : explain SELECT k, c FROM sbtest4 WHERE k BETWEEN 7797365 AND 7797465
	Bitmap Heap Scan on sbtest4  (cost=5.54..432.69 rows=108 width=125)
	  Recheck Cond: ((k >= 7797365) AND (k <= 7797465))
	  ->  Bitmap Index Scan on k_4  (cost=0.00..5.51 rows=108 width=0)
	        Index Cond: ((k >= 7797365) AND (k <= 7797465))

table 5 : explain SELECT k, c FROM sbtest5 WHERE k BETWEEN 7797365 AND 7797465
	Bitmap Heap Scan on sbtest5  (cost=5.49..413.00 rows=103 width=125)
	  Recheck Cond: ((k >= 7797365) AND (k <= 7797465))
	  ->  Bitmap Index Scan on k_5  (cost=0.00..5.46 rows=103 width=0)
	        Index Cond: ((k >= 7797365) AND (k <= 7797465))

table 6 : explain SELECT k, c FROM sbtest6 WHERE k BETWEEN 7797365 AND 7797465
	Bitmap Heap Scan on sbtest6  (cost=5.46..401.19 rows=100 width=125)
	  Recheck Cond: ((k >= 7797365) AND (k <= 7797465))
	  ->  Bitmap Index Scan on k_6  (cost=0.00..5.43 rows=100 width=0)
	        Index Cond: ((k >= 7797365) AND (k <= 7797465))

table 7 : explain SELECT k, c FROM sbtest7 WHERE k BETWEEN 7797365 AND 7797465
	Bitmap Heap Scan on sbtest7  (cost=5.39..373.61 rows=93 width=125)
	  Recheck Cond: ((k >= 7797365) AND (k <= 7797465))
	  ->  Bitmap Index Scan on k_7  (cost=0.00..5.36 rows=93 width=0)
	        Index Cond: ((k >= 7797365) AND (k <= 7797465))

table 8 : explain SELECT k, c FROM sbtest8 WHERE k BETWEEN 7797365 AND 7797465
	Bitmap Heap Scan on sbtest8  (cost=5.41..381.49 rows=95 width=125)
	  Recheck Cond: ((k >= 7797365) AND (k <= 7797465))
	  ->  Bitmap Index Scan on k_8  (cost=0.00..5.38 rows=95 width=0)
	        Index Cond: ((k >= 7797365) AND (k <= 7797465))

for range-notcovered
table 1 : explain SELECT k, c FROM sbtest1 WHERE k BETWEEN 6512982 AND 6513082
	Bitmap Heap Scan on sbtest1  (cost=5.53..428.75 rows=107 width=125)
	  Recheck Cond: ((k >= 6512982) AND (k <= 6513082))
	  ->  Bitmap Index Scan on k_1  (cost=0.00..5.50 rows=107 width=0)
	        Index Cond: ((k >= 6512982) AND (k <= 6513082))

table 2 : explain SELECT k, c FROM sbtest2 WHERE k BETWEEN 6512982 AND 6513082
	Bitmap Heap Scan on sbtest2  (cost=5.54..432.69 rows=108 width=125)
	  Recheck Cond: ((k >= 6512982) AND (k <= 6513082))
	  ->  Bitmap Index Scan on k_2  (cost=0.00..5.51 rows=108 width=0)
	        Index Cond: ((k >= 6512982) AND (k <= 6513082))

table 3 : explain SELECT k, c FROM sbtest3 WHERE k BETWEEN 6512982 AND 6513082
	Bitmap Heap Scan on sbtest3  (cost=5.49..413.00 rows=103 width=125)
	  Recheck Cond: ((k >= 6512982) AND (k <= 6513082))
	  ->  Bitmap Index Scan on k_3  (cost=0.00..5.46 rows=103 width=0)
	        Index Cond: ((k >= 6512982) AND (k <= 6513082))

table 4 : explain SELECT k, c FROM sbtest4 WHERE k BETWEEN 6512982 AND 6513082
	Bitmap Heap Scan on sbtest4  (cost=5.48..409.07 rows=102 width=125)
	  Recheck Cond: ((k >= 6512982) AND (k <= 6513082))
	  ->  Bitmap Index Scan on k_4  (cost=0.00..5.45 rows=102 width=0)
	        Index Cond: ((k >= 6512982) AND (k <= 6513082))

table 5 : explain SELECT k, c FROM sbtest5 WHERE k BETWEEN 6512982 AND 6513082
	Bitmap Heap Scan on sbtest5  (cost=5.52..424.81 rows=106 width=125)
	  Recheck Cond: ((k >= 6512982) AND (k <= 6513082))
	  ->  Bitmap Index Scan on k_5  (cost=0.00..5.50 rows=106 width=0)
	        Index Cond: ((k >= 6512982) AND (k <= 6513082))

table 6 : explain SELECT k, c FROM sbtest6 WHERE k BETWEEN 6512982 AND 6513082
	Bitmap Heap Scan on sbtest6  (cost=5.53..428.75 rows=107 width=125)
	  Recheck Cond: ((k >= 6512982) AND (k <= 6513082))
	  ->  Bitmap Index Scan on k_6  (cost=0.00..5.50 rows=107 width=0)
	        Index Cond: ((k >= 6512982) AND (k <= 6513082))

table 7 : explain SELECT k, c FROM sbtest7 WHERE k BETWEEN 6512982 AND 6513082
	Bitmap Heap Scan on sbtest7  (cost=5.50..416.94 rows=104 width=125)
	  Recheck Cond: ((k >= 6512982) AND (k <= 6513082))
	  ->  Bitmap Index Scan on k_7  (cost=0.00..5.47 rows=104 width=0)
	        Index Cond: ((k >= 6512982) AND (k <= 6513082))

table 8 : explain SELECT k, c FROM sbtest8 WHERE k BETWEEN 6512982 AND 6513082
	Bitmap Heap Scan on sbtest8  (cost=5.44..393.31 rows=98 width=125)
	  Recheck Cond: ((k >= 6512982) AND (k <= 6513082))
	  ->  Bitmap Index Scan on k_8  (cost=0.00..5.42 rows=98 width=0)
	        Index Cond: ((k >= 6512982) AND (k <= 6513082))

explain: for range-notcovered :: explain SELECT k, c FROM sbtest%d WHERE k BETWEEN 6512982 AND 6513082
for range-notcovered
table 1 : explain SELECT k, c FROM sbtest1 WHERE k BETWEEN 6512982 AND 6513082
	Bitmap Heap Scan on sbtest1  (cost=5.53..428.75 rows=107 width=125)
	  Recheck Cond: ((k >= 6512982) AND (k <= 6513082))
	  ->  Bitmap Index Scan on k_1  (cost=0.00..5.50 rows=107 width=0)
	        Index Cond: ((k >= 6512982) AND (k <= 6513082))

table 2 : explain SELECT k, c FROM sbtest2 WHERE k BETWEEN 6512982 AND 6513082
	Bitmap Heap Scan on sbtest2  (cost=5.54..432.69 rows=108 width=125)
	  Recheck Cond: ((k >= 6512982) AND (k <= 6513082))
	  ->  Bitmap Index Scan on k_2  (cost=0.00..5.51 rows=108 width=0)
	        Index Cond: ((k >= 6512982) AND (k <= 6513082))

table 3 : explain SELECT k, c FROM sbtest3 WHERE k BETWEEN 6512982 AND 6513082
	Bitmap Heap Scan on sbtest3  (cost=5.49..413.00 rows=103 width=125)
	  Recheck Cond: ((k >= 6512982) AND (k <= 6513082))
	  ->  Bitmap Index Scan on k_3  (cost=0.00..5.46 rows=103 width=0)
	        Index Cond: ((k >= 6512982) AND (k <= 6513082))

table 4 : explain SELECT k, c FROM sbtest4 WHERE k BETWEEN 6512982 AND 6513082
	Bitmap Heap Scan on sbtest4  (cost=5.48..409.07 rows=102 width=125)
	  Recheck Cond: ((k >= 6512982) AND (k <= 6513082))
	  ->  Bitmap Index Scan on k_4  (cost=0.00..5.45 rows=102 width=0)
	        Index Cond: ((k >= 6512982) AND (k <= 6513082))

table 5 : explain SELECT k, c FROM sbtest5 WHERE k BETWEEN 6512982 AND 6513082
	Bitmap Heap Scan on sbtest5  (cost=5.52..424.81 rows=106 width=125)
	  Recheck Cond: ((k >= 6512982) AND (k <= 6513082))
	  ->  Bitmap Index Scan on k_5  (cost=0.00..5.50 rows=106 width=0)
	        Index Cond: ((k >= 6512982) AND (k <= 6513082))

table 6 : explain SELECT k, c FROM sbtest6 WHERE k BETWEEN 6512982 AND 6513082
	Bitmap Heap Scan on sbtest6  (cost=5.53..428.75 rows=107 width=125)
	  Recheck Cond: ((k >= 6512982) AND (k <= 6513082))
	  ->  Bitmap Index Scan on k_6  (cost=0.00..5.50 rows=107 width=0)
	        Index Cond: ((k >= 6512982) AND (k <= 6513082))

table 7 : explain SELECT k, c FROM sbtest7 WHERE k BETWEEN 6512982 AND 6513082
	Bitmap Heap Scan on sbtest7  (cost=5.50..416.94 rows=104 width=125)
	  Recheck Cond: ((k >= 6512982) AND (k <= 6513082))
	  ->  Bitmap Index Scan on k_7  (cost=0.00..5.47 rows=104 width=0)
	        Index Cond: ((k >= 6512982) AND (k <= 6513082))

table 8 : explain SELECT k, c FROM sbtest8 WHERE k BETWEEN 6512982 AND 6513082
	Bitmap Heap Scan on sbtest8  (cost=5.44..393.31 rows=98 width=125)
	  Recheck Cond: ((k >= 6512982) AND (k <= 6513082))
	  ->  Bitmap Index Scan on k_8  (cost=0.00..5.42 rows=98 width=0)
	        Index Cond: ((k >= 6512982) AND (k <= 6513082))

Threads started!

Warming up for 5 seconds...

SQL statistics:
    queries performed:
        read:                            104252509
        write:                           0
        other:                           0
        total:                           104252509
    transactions:                        104252509 (165478.68 per sec.)
    queries:                             104252509 (165478.68 per sec.)
    ignored errors:                      0      (0.00 per sec.)
    reconnects:                          0      (0.00 per sec.)

Throughput:
    events/s (eps):                      165478.6809
    time elapsed:                        630.0058s
    total number of events:              104252509

Latency (ms):
         min:                                    0.07
         avg:                                    0.24
         max:                                    8.38
         95th percentile:                        0.28
         sum:                             25159056.26

Threads fairness:
    events (avg/stddev):           2606310.0500/8364.29
    execution time (avg/stddev):   628.9764/0.02

