LUA_PATH=/home/mdcallag/git/mytools/bench/sysbench.lua/lua/?.lua /home/mdcallag/git/mytools/bench/sysbench.lua/lua/sysbench --db-driver=pgsql --range-size=1000 --table-size=10000000 --tables=8 --threads=40 --events=0 --warmup-time=5 --time=630 --pgsql_conn_id=true /home/mdcallag/git/mytools/bench/sysbench.lua/lua/oltp_read_only.lua run --pgsql-user=root --pgsql-password=pw --pgsql-host=127.0.0.1 --pgsql-db=ib --rand-type=uniform --simple-ranges=0 --sum-ranges=0 --order-ranges=1 --distinct-ranges=0
48 CPUs
sysbench 1.1.0-9072687 (using bundled LuaJIT 2.1.0-beta3)

Running the test with following options:
Number of threads: 40
Warmup time: 5s
Initializing random number generator from current time


Initializing worker threads...

explain: for point_selects :: explain SELECT c FROM sbtest%u WHERE id=%u
explain: for point_selects :: explain SELECT c FROM sbtest%u WHERE id=%u
explain: for point_selects :: explain SELECT c FROM sbtest%u WHERE id=%u
for point_selects
table 1 : explain SELECT c FROM sbtest1 WHERE id=1557536
	Index Scan using sbtest1_pkey on sbtest1  (cost=0.43..8.45 rows=1 width=121)
	  Index Cond: (id = 1557536)

table 2 : explain SELECT c FROM sbtest2 WHERE id=4604092
	Index Scan using sbtest2_pkey on sbtest2  (cost=0.43..8.45 rows=1 width=121)
	  Index Cond: (id = 4604092)

table 3 : explain SELECT c FROM sbtest3 WHERE id=1781827
	Index Scan using sbtest3_pkey on sbtest3  (cost=0.43..8.45 rows=1 width=121)
	  Index Cond: (id = 1781827)

table 4 : explain SELECT c FROM sbtest4 WHERE id=3258216
	Index Scan using sbtest4_pkey on sbtest4  (cost=0.43..8.45 rows=1 width=121)
	  Index Cond: (id = 3258216)

table 5 : explain SELECT c FROM sbtest5 WHERE id=189562
	Index Scan using sbtest5_pkey on sbtest5  (cost=0.43..8.45 rows=1 width=121)
	  Index Cond: (id = 189562)

table 6 : explain SELECT c FROM sbtest6 WHERE id=3365006
	Index Scan using sbtest6_pkey on sbtest6  (cost=0.43..8.45 rows=1 width=121)
	  Index Cond: (id = 3365006)

table 7 : explain SELECT c FROM sbtest7 WHERE id=2749167
	Index Scan using sbtest7_pkey on sbtest7  (cost=0.43..8.45 rows=1 width=121)
	  Index Cond: (id = 2749167)

table 8 : explain SELECT c FROM sbtest8 WHERE id=9440059
	Index Scan using sbtest8_pkey on sbtest8  (cost=0.43..8.45 rows=1 width=121)
	  Index Cond: (id = 9440059)

for point_selects
table 1 : explain SELECT c FROM sbtest1 WHERE id=7447476
	Index Scan using sbtest1_pkey on sbtest1  (cost=0.43..8.45 rows=1 width=121)
	  Index Cond: (id = 7447476)

table 2 : explain SELECT c FROM sbtest2 WHERE id=9420751
	Index Scan using sbtest2_pkey on sbtest2  (cost=0.43..8.45 rows=1 width=121)
	  Index Cond: (id = 9420751)

table 3 : explain SELECT c FROM sbtest3 WHERE id=8844708
	Index Scan using sbtest3_pkey on sbtest3  (cost=0.43..8.45 rows=1 width=121)
	  Index Cond: (id = 8844708)

table 4 : explain SELECT c FROM sbtest4 WHERE id=1153001
	Index Scan using sbtest4_pkey on sbtest4  (cost=0.43..8.45 rows=1 width=121)
	  Index Cond: (id = 1153001)

table 5 : explain SELECT c FROM sbtest5 WHERE id=3147769
	Index Scan using sbtest5_pkey on sbtest5  (cost=0.43..8.45 rows=1 width=121)
	  Index Cond: (id = 3147769)

table 6 : explain SELECT c FROM sbtest6 WHERE id=9580884
	Index Scan using sbtest6_pkey on sbtest6  (cost=0.43..8.45 rows=1 width=121)
	  Index Cond: (id = 9580884)

table 7 : explain SELECT c FROM sbtest7 WHERE id=6156061
	Index Scan using sbtest7_pkey on sbtest7  (cost=0.43..8.45 rows=1 width=121)
	  Index Cond: (id = 6156061)

table 8 : explain SELECT c FROM sbtest8 WHERE id=3427261
	Index Scan using sbtest8_pkey on sbtest8  (cost=0.43..8.45 rows=1 width=121)
	  Index Cond: (id = 3427261)

explain: for point_selects :: explain SELECT c FROM sbtest%u WHERE id=%u
explain: for point_selects :: explain SELECT c FROM sbtest%u WHERE id=%u
for: simple_ranges
table 1 : explain SELECT c FROM sbtest1 WHERE id BETWEEN 6888497 AND 6889496
	Bitmap Heap Scan on sbtest1  (cost=34.36..3757.10 rows=968 width=121)
	  Recheck Cond: ((id >= 6888497) AND (id <= 6889496))
	  ->  Bitmap Index Scan on sbtest1_pkey  (cost=0.00..34.12 rows=968 width=0)
	        Index Cond: ((id >= 6888497) AND (id <= 6889496))

table 2 : explain SELECT c FROM sbtest2 WHERE id BETWEEN 8058385 AND 8059384
	Bitmap Heap Scan on sbtest2  (cost=35.56..4197.13 rows=1085 width=121)
	  Recheck Cond: ((id >= 8058385) AND (id <= 8059384))
	  ->  Bitmap Index Scan on sbtest2_pkey  (cost=0.00..35.29 rows=1085 width=0)
	        Index Cond: ((id >= 8058385) AND (id <= 8059384))

table 3 : explain SELECT c FROM sbtest3 WHERE id BETWEEN 1893422 AND 1894421
	Bitmap Heap Scan on sbtest3  (cost=35.21..4072.10 rows=1051 width=121)
	  Recheck Cond: ((id >= 1893422) AND (id <= 1894421))
	  ->  Bitmap Index Scan on sbtest3_pkey  (cost=0.00..34.95 rows=1051 width=0)
	        Index Cond: ((id >= 1893422) AND (id <= 1894421))

table 4 : explain SELECT c FROM sbtest4 WHERE id BETWEEN 1344950 AND 1345949
	Bitmap Heap Scan on sbtest4  (cost=34.92..3969.31 rows=1023 width=121)
	  Recheck Cond: ((id >= 1344950) AND (id <= 1345949))
	  ->  Bitmap Index Scan on sbtest4_pkey  (cost=0.00..34.67 rows=1023 width=0)
	        Index Cond: ((id >= 1344950) AND (id <= 1345949))

table 5 : explain SELECT c FROM sbtest5 WHERE id BETWEEN 8405715 AND 8406714
	Bitmap Heap Scan on sbtest5  (cost=35.07..4017.59 rows=1038 width=121)
	  Recheck Cond: ((id >= 8405715) AND (id <= 8406714))
	  ->  Bitmap Index Scan on sbtest5_pkey  (cost=0.00..34.82 rows=1038 width=0)
	        Index Cond: ((id >= 8405715) AND (id <= 8406714))

table 6 : explain SELECT c FROM sbtest6 WHERE id BETWEEN 2741639 AND 2742638
	Bitmap Heap Scan on sbtest6  (cost=34.79..3915.02 rows=1010 width=121)
	  Recheck Cond: ((id >= 2741639) AND (id <= 2742638))
	  ->  Bitmap Index Scan on sbtest6_pkey  (cost=0.00..34.54 rows=1010 width=0)
	        Index Cond: ((id >= 2741639) AND (id <= 2742638))

table 7 : explain SELECT c FROM sbtest7 WHERE id BETWEEN 9836358 AND 9837357
	Bitmap Heap Scan on sbtest7  (cost=34.02..3637.02 rows=935 width=121)
	  Recheck Cond: ((id >= 9836358) AND (id <= 9837357))
	  ->  Bitmap Index Scan on sbtest7_pkey  (cost=0.00..33.79 rows=935 width=0)
	        Index Cond: ((id >= 9836358) AND (id <= 9837357))

table 8 : explain SELECT c FROM sbtest8 WHERE id BETWEEN 8154488 AND 8155487
	Bitmap Heap Scan on sbtest8  (cost=35.20..4070.19 rows=1050 width=121)
	  Recheck Cond: ((id >= 8154488) AND (id <= 8155487))
	  ->  Bitmap Index Scan on sbtest8_pkey  (cost=0.00..34.94 rows=1050 width=0)
	        Index Cond: ((id >= 8154488) AND (id <= 8155487))

for point_selects
table 1 : explain SELECT c FROM sbtest1 WHERE id=6516084
	Index Scan using sbtest1_pkey on sbtest1  (cost=0.43..8.45 rows=1 width=121)
	  Index Cond: (id = 6516084)

table 2 : explain SELECT c FROM sbtest2 WHERE id=7214163
	Index Scan using sbtest2_pkey on sbtest2  (cost=0.43..8.45 rows=1 width=121)
	  Index Cond: (id = 7214163)

table 3 : explain SELECT c FROM sbtest3 WHERE id=2825611
	Index Scan using sbtest3_pkey on sbtest3  (cost=0.43..8.45 rows=1 width=121)
	  Index Cond: (id = 2825611)

table 4 : explain SELECT c FROM sbtest4 WHERE id=9985586
	Index Scan using sbtest4_pkey on sbtest4  (cost=0.43..8.45 rows=1 width=121)
	  Index Cond: (id = 9985586)

table 5 : explain SELECT c FROM sbtest5 WHERE id=5514918
	Index Scan using sbtest5_pkey on sbtest5  (cost=0.43..8.45 rows=1 width=121)
	  Index Cond: (id = 5514918)

table 6 : explain SELECT c FROM sbtest6 WHERE id=3243725
	Index Scan using sbtest6_pkey on sbtest6  (cost=0.43..8.45 rows=1 width=121)
	  Index Cond: (id = 3243725)

table 7 : explain SELECT c FROM sbtest7 WHERE id=7146367
	Index Scan using sbtest7_pkey on sbtest7  (cost=0.43..8.45 rows=1 width=121)
	  Index Cond: (id = 7146367)

table 8 : explain SELECT c FROM sbtest8 WHERE id=5790006
	Index Scan using sbtest8_pkey on sbtest8  (cost=0.43..8.45 rows=1 width=121)
	  Index Cond: (id = 5790006)

explain: for point_selects :: explain SELECT c FROM sbtest%u WHERE id=%u
for point_selects
table 1 : explain SELECT c FROM sbtest1 WHERE id=4899421
	Index Scan using sbtest1_pkey on sbtest1  (cost=0.43..8.45 rows=1 width=121)
	  Index Cond: (id = 4899421)

table 2 : explain SELECT c FROM sbtest2 WHERE id=5996249
	Index Scan using sbtest2_pkey on sbtest2  (cost=0.43..8.45 rows=1 width=121)
	  Index Cond: (id = 5996249)

table 3 : explain SELECT c FROM sbtest3 WHERE id=4782883
	Index Scan using sbtest3_pkey on sbtest3  (cost=0.43..8.45 rows=1 width=121)
	  Index Cond: (id = 4782883)

table 4 : explain SELECT c FROM sbtest4 WHERE id=5387889
	Index Scan using sbtest4_pkey on sbtest4  (cost=0.43..8.45 rows=1 width=121)
	  Index Cond: (id = 5387889)

table 5 : explain SELECT c FROM sbtest5 WHERE id=2909544
	Index Scan using sbtest5_pkey on sbtest5  (cost=0.43..8.45 rows=1 width=121)
	  Index Cond: (id = 2909544)

table 6 : explain SELECT c FROM sbtest6 WHERE id=8727050
	Index Scan using sbtest6_pkey on sbtest6  (cost=0.43..8.45 rows=1 width=121)
	  Index Cond: (id = 8727050)

table 7 : explain SELECT c FROM sbtest7 WHERE id=7899211
	Index Scan using sbtest7_pkey on sbtest7  (cost=0.43..8.45 rows=1 width=121)
	  Index Cond: (id = 7899211)

table 8 : explain SELECT c FROM sbtest8 WHERE id=771239
	Index Scan using sbtest8_pkey on sbtest8  (cost=0.43..8.45 rows=1 width=121)
	  Index Cond: (id = 771239)

for: simple_ranges
table 1 : explain SELECT c FROM sbtest1 WHERE id BETWEEN 3186607 AND 3187606
	Bitmap Heap Scan on sbtest1  (cost=34.09..3658.84 rows=942 width=121)
	  Recheck Cond: ((id >= 3186607) AND (id <= 3187606))
	  ->  Bitmap Index Scan on sbtest1_pkey  (cost=0.00..33.86 rows=942 width=0)
	        Index Cond: ((id >= 3186607) AND (id <= 3187606))

table 2 : explain SELECT c FROM sbtest2 WHERE id BETWEEN 177798 AND 178797
	Bitmap Heap Scan on sbtest2  (cost=34.36..3756.20 rows=968 width=121)
	  Recheck Cond: ((id >= 177798) AND (id <= 178797))
	  ->  Bitmap Index Scan on sbtest2_pkey  (cost=0.00..34.12 rows=968 width=0)
	        Index Cond: ((id >= 177798) AND (id <= 178797))

table 3 : explain SELECT c FROM sbtest3 WHERE id BETWEEN 8012514 AND 8013513
	Bitmap Heap Scan on sbtest3  (cost=39.72..4264.44 rows=1101 width=121)
	  Recheck Cond: ((id >= 8012514) AND (id <= 8013513))
	  ->  Bitmap Index Scan on sbtest3_pkey  (cost=0.00..39.45 rows=1101 width=0)
	        Index Cond: ((id >= 8012514) AND (id <= 8013513))

table 4 : explain SELECT c FROM sbtest4 WHERE id BETWEEN 8590631 AND 8591630
	Bitmap Heap Scan on sbtest4  (cost=34.14..3681.88 rows=947 width=121)
	  Recheck Cond: ((id >= 8590631) AND (id <= 8591630))
	  ->  Bitmap Index Scan on sbtest4_pkey  (cost=0.00..33.91 rows=947 width=0)
	        Index Cond: ((id >= 8590631) AND (id <= 8591630))

table 5 : explain SELECT c FROM sbtest5 WHERE id BETWEEN 8812324 AND 8813323
	Bitmap Heap Scan on sbtest5  (cost=35.62..4216.87 rows=1091 width=121)
	  Recheck Cond: ((id >= 8812324) AND (id <= 8813323))
	  ->  Bitmap Index Scan on sbtest5_pkey  (cost=0.00..35.34 rows=1091 width=0)
	        Index Cond: ((id >= 8812324) AND (id <= 8813323))

table 6 : explain SELECT c FROM sbtest6 WHERE id BETWEEN 5506090 AND 5507089
	Bitmap Heap Scan on sbtest6  (cost=35.12..4035.64 rows=1042 width=121)
	  Recheck Cond: ((id >= 5506090) AND (id <= 5507089))
	  ->  Bitmap Index Scan on sbtest6_pkey  (cost=0.00..34.86 rows=1042 width=0)
	        Index Cond: ((id >= 5506090) AND (id <= 5507089))

table 7 : explain SELECT c FROM sbtest7 WHERE id BETWEEN 8031009 AND 8032008
	Bitmap Heap Scan on sbtest7  (cost=34.34..3754.43 rows=966 width=121)
	  Recheck Cond: ((id >= 8031009) AND (id <= 8032008))
	  ->  Bitmap Index Scan on sbtest7_pkey  (cost=0.00..34.09 rows=966 width=0)
	        Index Cond: ((id >= 8031009) AND (id <= 8032008))

table 8 : explain SELECT c FROM sbtest8 WHERE id BETWEEN 4917438 AND 4918437
	Index Scan using sbtest8_pkey on sbtest8  (cost=0.43..3738.96 rows=954 width=121)
	  Index Cond: ((id >= 4917438) AND (id <= 4918437))

for: simple_ranges
table 1 : explain SELECT c FROM sbtest1 WHERE id BETWEEN 8208543 AND 8209542
	Bitmap Heap Scan on sbtest1  (cost=29.56..3458.06 rows=890 width=121)
	  Recheck Cond: ((id >= 8208543) AND (id <= 8209542))
	  ->  Bitmap Index Scan on sbtest1_pkey  (cost=0.00..29.33 rows=890 width=0)
	        Index Cond: ((id >= 8208543) AND (id <= 8209542))

table 2 : explain SELECT c FROM sbtest2 WHERE id BETWEEN 1098574 AND 1099573
	Bitmap Heap Scan on sbtest2  (cost=34.15..3680.66 rows=948 width=121)
	  Recheck Cond: ((id >= 1098574) AND (id <= 1099573))
	  ->  Bitmap Index Scan on sbtest2_pkey  (cost=0.00..33.92 rows=948 width=0)
	        Index Cond: ((id >= 1098574) AND (id <= 1099573))

table 3 : explain SELECT c FROM sbtest3 WHERE id BETWEEN 3960803 AND 3961802
	Bitmap Heap Scan on sbtest3  (cost=33.78..3546.91 rows=912 width=121)
	  Recheck Cond: ((id >= 3960803) AND (id <= 3961802))
	  ->  Bitmap Index Scan on sbtest3_pkey  (cost=0.00..33.56 rows=912 width=0)
	        Index Cond: ((id >= 3960803) AND (id <= 3961802))

table 4 : explain SELECT c FROM sbtest4 WHERE id BETWEEN 5550634 AND 5551633
	Bitmap Heap Scan on sbtest4  (cost=34.93..3973.09 rows=1024 width=121)
	  Recheck Cond: ((id >= 5550634) AND (id <= 5551633))
	  ->  Bitmap Index Scan on sbtest4_pkey  (cost=0.00..34.68 rows=1024 width=0)
	        Index Cond: ((id >= 5550634) AND (id <= 5551633))

table 5 : explain SELECT c FROM sbtest5 WHERE id BETWEEN 6952063 AND 6953062
	Bitmap Heap Scan on sbtest5  (cost=34.57..3833.03 rows=989 width=121)
	  Recheck Cond: ((id >= 6952063) AND (id <= 6953062))
	  ->  Bitmap Index Scan on sbtest5_pkey  (cost=0.00..34.33 rows=989 width=0)
	        Index Cond: ((id >= 6952063) AND (id <= 6953062))

table 6 : explain SELECT c FROM sbtest6 WHERE id BETWEEN 893240 AND 894239
	Bitmap Heap Scan on sbtest6  (cost=39.82..4299.28 rows=1111 width=121)
	  Recheck Cond: ((id >= 893240) AND (id <= 894239))
	  ->  Bitmap Index Scan on sbtest6_pkey  (cost=0.00..39.55 rows=1111 width=0)
	        Index Cond: ((id >= 893240) AND (id <= 894239))

table 7 : explain SELECT c FROM sbtest7 WHERE id BETWEEN 1690585 AND 1691584
	Bitmap Heap Scan on sbtest7  (cost=34.26..3727.93 rows=959 width=121)
	  Recheck Cond: ((id >= 1690585) AND (id <= 1691584))
	  ->  Bitmap Index Scan on sbtest7_pkey  (cost=0.00..34.03 rows=959 width=0)
	        Index Cond: ((id >= 1690585) AND (id <= 1691584))

table 8 : explain SELECT c FROM sbtest8 WHERE id BETWEEN 2135677 AND 2136676
	Bitmap Heap Scan on sbtest8  (cost=35.28..4100.36 rows=1058 width=121)
	  Recheck Cond: ((id >= 2135677) AND (id <= 2136676))
	  ->  Bitmap Index Scan on sbtest8_pkey  (cost=0.00..35.02 rows=1058 width=0)
	        Index Cond: ((id >= 2135677) AND (id <= 2136676))

for: simple_ranges
table 1 : explain SELECT c FROM sbtest1 WHERE id BETWEEN 5764462 AND 5765461
	Bitmap Heap Scan on sbtest1  (cost=35.27..4092.78 rows=1057 width=121)
	  Recheck Cond: ((id >= 5764462) AND (id <= 5765461))
	  ->  Bitmap Index Scan on sbtest1_pkey  (cost=0.00..35.01 rows=1057 width=0)
	        Index Cond: ((id >= 5764462) AND (id <= 5765461))

table 2 : explain SELECT c FROM sbtest2 WHERE id BETWEEN 6927766 AND 6928765
	Bitmap Heap Scan on sbtest2  (cost=34.24..3714.66 rows=957 width=121)
	  Recheck Cond: ((id >= 6927766) AND (id <= 6928765))
	  ->  Bitmap Index Scan on sbtest2_pkey  (cost=0.00..34.01 rows=957 width=0)
	        Index Cond: ((id >= 6927766) AND (id <= 6928765))

table 3 : explain SELECT c FROM sbtest3 WHERE id BETWEEN 6266086 AND 6267085
	Bitmap Heap Scan on sbtest3  (cost=40.06..4388.58 rows=1134 width=121)
	  Recheck Cond: ((id >= 6266086) AND (id <= 6267085))
	  ->  Bitmap Index Scan on sbtest3_pkey  (cost=0.00..39.78 rows=1134 width=0)
	        Index Cond: ((id >= 6266086) AND (id <= 6267085))

table 4 : explain SELECT c FROM sbtest4 WHERE id BETWEEN 4457190 AND 4458189
	Bitmap Heap Scan on sbtest4  (cost=29.57..3465.63 rows=891 width=121)
	  Recheck Cond: ((id >= 4457190) AND (id <= 4458189))
	  ->  Bitmap Index Scan on sbtest4_pkey  (cost=0.00..29.34 rows=891 width=0)
	        Index Cond: ((id >= 4457190) AND (id <= 4458189))

table 5 : explain SELECT c FROM sbtest5 WHERE id BETWEEN 6621493 AND 6622492
	Bitmap Heap Scan on sbtest5  (cost=34.85..3934.77 rows=1016 width=121)
	  Recheck Cond: ((id >= 6621493) AND (id <= 6622492))
	  ->  Bitmap Index Scan on sbtest5_pkey  (cost=0.00..34.59 rows=1016 width=0)
	        Index Cond: ((id >= 6621493) AND (id <= 6622492))

table 6 : explain SELECT c FROM sbtest6 WHERE id BETWEEN 3023417 AND 3024416
	Bitmap Heap Scan on sbtest6  (cost=34.76..3903.71 rows=1007 width=121)
	  Recheck Cond: ((id >= 3023417) AND (id <= 3024416))
	  ->  Bitmap Index Scan on sbtest6_pkey  (cost=0.00..34.51 rows=1007 width=0)
	        Index Cond: ((id >= 3023417) AND (id <= 3024416))

table 7 : explain SELECT c FROM sbtest7 WHERE id BETWEEN 5235958 AND 5236957
	Index Scan using sbtest7_pkey on sbtest7  (cost=0.43..3358.80 rows=854 width=121)
	  Index Cond: ((id >= 5235958) AND (id <= 5236957))

table 8 : explain SELECT c FROM sbtest8 WHERE id BETWEEN 796477 AND 797476
	Index Scan using sbtest8_pkey on sbtest8  (cost=0.43..3583.07 rows=914 width=121)
	  Index Cond: ((id >= 796477) AND (id <= 797476))

for point_selects
table 1 : explain SELECT c FROM sbtest1 WHERE id=9959756
	Index Scan using sbtest1_pkey on sbtest1  (cost=0.43..8.45 rows=1 width=121)
	  Index Cond: (id = 9959756)

table 2 : explain SELECT c FROM sbtest2 WHERE id=2810726
	Index Scan using sbtest2_pkey on sbtest2  (cost=0.43..8.45 rows=1 width=121)
	  Index Cond: (id = 2810726)

table 3 : explain SELECT c FROM sbtest3 WHERE id=496648
	Index Scan using sbtest3_pkey on sbtest3  (cost=0.43..8.45 rows=1 width=121)
	  Index Cond: (id = 496648)

table 4 : explain SELECT c FROM sbtest4 WHERE id=8111751
	Index Scan using sbtest4_pkey on sbtest4  (cost=0.43..8.45 rows=1 width=121)
	  Index Cond: (id = 8111751)

table 5 : explain SELECT c FROM sbtest5 WHERE id=1172834
	Index Scan using sbtest5_pkey on sbtest5  (cost=0.43..8.45 rows=1 width=121)
	  Index Cond: (id = 1172834)

table 6 : explain SELECT c FROM sbtest6 WHERE id=5196803
	Index Scan using sbtest6_pkey on sbtest6  (cost=0.43..8.45 rows=1 width=121)
	  Index Cond: (id = 5196803)

table 7 : explain SELECT c FROM sbtest7 WHERE id=6076000
	Index Scan using sbtest7_pkey on sbtest7  (cost=0.43..8.45 rows=1 width=121)
	  Index Cond: (id = 6076000)

table 8 : explain SELECT c FROM sbtest8 WHERE id=5043880
	Index Scan using sbtest8_pkey on sbtest8  (cost=0.43..8.45 rows=1 width=121)
	  Index Cond: (id = 5043880)

explain: for point_selects :: explain SELECT c FROM sbtest%u WHERE id=%u
explain: for point_selects :: explain SELECT c FROM sbtest%u WHERE id=%u
for: simple_ranges
table 1 : explain SELECT c FROM sbtest1 WHERE id BETWEEN 1998660 AND 1999659
	Bitmap Heap Scan on sbtest1  (cost=34.73..3893.00 rows=1004 width=121)
	  Recheck Cond: ((id >= 1998660) AND (id <= 1999659))
	  ->  Bitmap Index Scan on sbtest1_pkey  (cost=0.00..34.48 rows=1004 width=0)
	        Index Cond: ((id >= 1998660) AND (id <= 1999659))

table 2 : explain SELECT c FROM sbtest2 WHERE id BETWEEN 6165422 AND 6166421
	Bitmap Heap Scan on sbtest2  (cost=34.67..3873.20 rows=999 width=121)
	  Recheck Cond: ((id >= 6165422) AND (id <= 6166421))
	  ->  Bitmap Index Scan on sbtest2_pkey  (cost=0.00..34.43 rows=999 width=0)
	        Index Cond: ((id >= 6165422) AND (id <= 6166421))

table 3 : explain SELECT c FROM sbtest3 WHERE id BETWEEN 881466 AND 882465
	Bitmap Heap Scan on sbtest3  (cost=35.31..4109.79 rows=1061 width=121)
	  Recheck Cond: ((id >= 881466) AND (id <= 882465))
	  ->  Bitmap Index Scan on sbtest3_pkey  (cost=0.00..35.05 rows=1061 width=0)
	        Index Cond: ((id >= 881466) AND (id <= 882465))

table 4 : explain SELECT c FROM sbtest4 WHERE id BETWEEN 7222304 AND 7223303
	Bitmap Heap Scan on sbtest4  (cost=34.08..3659.16 rows=941 width=121)
	  Recheck Cond: ((id >= 7222304) AND (id <= 7223303))
	  ->  Bitmap Index Scan on sbtest4_pkey  (cost=0.00..33.84 rows=941 width=0)
	        Index Cond: ((id >= 7222304) AND (id <= 7223303))

table 5 : explain SELECT c FROM sbtest5 WHERE id BETWEEN 9800187 AND 9801186
	Bitmap Heap Scan on sbtest5  (cost=34.83..3927.23 rows=1014 width=121)
	  Recheck Cond: ((id >= 9800187) AND (id <= 9801186))
	  ->  Bitmap Index Scan on sbtest5_pkey  (cost=0.00..34.58 rows=1014 width=0)
	        Index Cond: ((id >= 9800187) AND (id <= 9801186))

table 6 : explain SELECT c FROM sbtest6 WHERE id BETWEEN 8346082 AND 8347081
	Bitmap Heap Scan on sbtest6  (cost=35.27..4092.13 rows=1057 width=121)
	  Recheck Cond: ((id >= 8346082) AND (id <= 8347081))
	  ->  Bitmap Index Scan on sbtest6_pkey  (cost=0.00..35.01 rows=1057 width=0)
	        Index Cond: ((id >= 8346082) AND (id <= 8347081))

table 7 : explain SELECT c FROM sbtest7 WHERE id BETWEEN 8878143 AND 8879142
	Bitmap Heap Scan on sbtest7  (cost=35.12..4041.75 rows=1042 width=121)
	  Recheck Cond: ((id >= 8878143) AND (id <= 8879142))
	  ->  Bitmap Index Scan on sbtest7_pkey  (cost=0.00..34.86 rows=1042 width=0)
	        Index Cond: ((id >= 8878143) AND (id <= 8879142))

table 8 : explain SELECT c FROM sbtest8 WHERE id BETWEEN 2513227 AND 2514226
	Bitmap Heap Scan on sbtest8  (cost=35.05..4017.36 rows=1036 width=121)
	  Recheck Cond: ((id >= 2513227) AND (id <= 2514226))
	  ->  Bitmap Index Scan on sbtest8_pkey  (cost=0.00..34.80 rows=1036 width=0)
	        Index Cond: ((id >= 2513227) AND (id <= 2514226))

for: sum_ranges
table 1 : explain SELECT SUM(k) FROM sbtest1 WHERE id BETWEEN 922357 AND 923356
	Aggregate  (cost=3819.98..3819.99 rows=1 width=8)
	  ->  Bitmap Heap Scan on sbtest1  (cost=34.52..3817.52 rows=984 width=4)
	        Recheck Cond: ((id >= 922357) AND (id <= 923356))
	        ->  Bitmap Index Scan on sbtest1_pkey  (cost=0.00..34.28 rows=984 width=0)
	              Index Cond: ((id >= 922357) AND (id <= 923356))

table 2 : explain SELECT SUM(k) FROM sbtest2 WHERE id BETWEEN 694139 AND 695138
	Aggregate  (cost=4060.50..4060.51 rows=1 width=8)
	  ->  Bitmap Heap Scan on sbtest2  (cost=35.18..4057.88 rows=1048 width=4)
	        Recheck Cond: ((id >= 694139) AND (id <= 695138))
	        ->  Bitmap Index Scan on sbtest2_pkey  (cost=0.00..34.92 rows=1048 width=0)
	              Index Cond: ((id >= 694139) AND (id <= 695138))

table 3 : explain SELECT SUM(k) FROM sbtest3 WHERE id BETWEEN 7425244 AND 7426243
	Aggregate  (cost=3817.94..3817.95 rows=1 width=8)
	  ->  Bitmap Heap Scan on sbtest3  (cost=34.51..3815.48 rows=983 width=4)
	        Recheck Cond: ((id >= 7425244) AND (id <= 7426243))
	        ->  Bitmap Index Scan on sbtest3_pkey  (cost=0.00..34.27 rows=983 width=0)
	              Index Cond: ((id >= 7425244) AND (id <= 7426243))

table 4 : explain SELECT SUM(k) FROM sbtest4 WHERE id BETWEEN 5353336 AND 5354335
	Aggregate  (cost=4039.88..4039.89 rows=1 width=8)
	  ->  Bitmap Heap Scan on sbtest4  (cost=35.11..4037.28 rows=1041 width=4)
	        Recheck Cond: ((id >= 5353336) AND (id <= 5354335))
	        ->  Bitmap Index Scan on sbtest4_pkey  (cost=0.00..34.84 rows=1041 width=0)
	              Index Cond: ((id >= 5353336) AND (id <= 5354335))

table 5 : explain SELECT SUM(k) FROM sbtest5 WHERE id BETWEEN 8850800 AND 8851799
	Aggregate  (cost=4219.60..4219.61 rows=1 width=8)
	  ->  Bitmap Heap Scan on sbtest5  (cost=35.62..4216.87 rows=1091 width=4)
	        Recheck Cond: ((id >= 8850800) AND (id <= 8851799))
	        ->  Bitmap Index Scan on sbtest5_pkey  (cost=0.00..35.34 rows=1091 width=0)
	              Index Cond: ((id >= 8850800) AND (id <= 8851799))

table 6 : explain SELECT SUM(k) FROM sbtest6 WHERE id BETWEEN 3138702 AND 3139701
	Aggregate  (cost=3815.61..3815.62 rows=1 width=8)
	  ->  Bitmap Heap Scan on sbtest6  (cost=34.51..3813.16 rows=983 width=4)
	        Recheck Cond: ((id >= 3138702) AND (id <= 3139701))
	        ->  Bitmap Index Scan on sbtest6_pkey  (cost=0.00..34.27 rows=983 width=0)
	              Index Cond: ((id >= 3138702) AND (id <= 3139701))

table 7 : explain SELECT SUM(k) FROM sbtest7 WHERE id BETWEEN 9322329 AND 9323328
	Aggregate  (cost=3825.00..3825.01 rows=1 width=8)
	  ->  Bitmap Heap Scan on sbtest7  (cost=34.52..3822.54 rows=984 width=4)
	        Recheck Cond: ((id >= 9322329) AND (id <= 9323328))
	        ->  Bitmap Index Scan on sbtest7_pkey  (cost=0.00..34.28 rows=984 width=0)
	              Index Cond: ((id >= 9322329) AND (id <= 9323328))

table 8 : explain SELECT SUM(k) FROM sbtest8 WHERE id BETWEEN 3045879 AND 3046878
	Aggregate  (cost=3792.07..3792.08 rows=1 width=8)
	  ->  Index Scan using sbtest8_pkey on sbtest8  (cost=0.43..3789.65 rows=967 width=4)
	        Index Cond: ((id >= 3045879) AND (id <= 3046878))

explain: for point_selects :: explain SELECT c FROM sbtest%u WHERE id=%u
for point_selects
table 1 : explain SELECT c FROM sbtest1 WHERE id=3718043
	Index Scan using sbtest1_pkey on sbtest1  (cost=0.43..8.45 rows=1 width=121)
	  Index Cond: (id = 3718043)

table 2 : explain SELECT c FROM sbtest2 WHERE id=1328971
	Index Scan using sbtest2_pkey on sbtest2  (cost=0.43..8.45 rows=1 width=121)
	  Index Cond: (id = 1328971)

table 3 : explain SELECT c FROM sbtest3 WHERE id=5138908
	Index Scan using sbtest3_pkey on sbtest3  (cost=0.43..8.45 rows=1 width=121)
	  Index Cond: (id = 5138908)

table 4 : explain SELECT c FROM sbtest4 WHERE id=7515934
	Index Scan using sbtest4_pkey on sbtest4  (cost=0.43..8.45 rows=1 width=121)
	  Index Cond: (id = 7515934)

table 5 : explain SELECT c FROM sbtest5 WHERE id=5093232
	Index Scan using sbtest5_pkey on sbtest5  (cost=0.43..8.45 rows=1 width=121)
	  Index Cond: (id = 5093232)

table 6 : explain SELECT c FROM sbtest6 WHERE id=3740608
	Index Scan using sbtest6_pkey on sbtest6  (cost=0.43..8.45 rows=1 width=121)
	  Index Cond: (id = 3740608)

table 7 : explain SELECT c FROM sbtest7 WHERE id=4420211
	Index Scan using sbtest7_pkey on sbtest7  (cost=0.43..8.45 rows=1 width=121)
	  Index Cond: (id = 4420211)

table 8 : explain SELECT c FROM sbtest8 WHERE id=807936
	Index Scan using sbtest8_pkey on sbtest8  (cost=0.43..8.45 rows=1 width=121)
	  Index Cond: (id = 807936)

explain: for point_selects :: explain SELECT c FROM sbtest%u WHERE id=%u
explain: for point_selects :: explain SELECT c FROM sbtest%u WHERE id=%u
for: order_ranges
table 1 : explain SELECT c FROM sbtest1 WHERE id BETWEEN 8269550 AND 8270549 ORDER BY c
	Sort  (cost=3501.66..3503.89 rows=890 width=121)
	  Sort Key: c
	  ->  Bitmap Heap Scan on sbtest1  (cost=29.56..3458.06 rows=890 width=121)
	        Recheck Cond: ((id >= 8269550) AND (id <= 8270549))
	        ->  Bitmap Index Scan on sbtest1_pkey  (cost=0.00..29.33 rows=890 width=0)
	              Index Cond: ((id >= 8269550) AND (id <= 8270549))

table 2 : explain SELECT c FROM sbtest2 WHERE id BETWEEN 8056482 AND 8057481 ORDER BY c
	Sort  (cost=4251.84..4254.55 rows=1085 width=121)
	  Sort Key: c
	  ->  Bitmap Heap Scan on sbtest2  (cost=35.56..4197.13 rows=1085 width=121)
	        Recheck Cond: ((id >= 8056482) AND (id <= 8057481))
	        ->  Bitmap Index Scan on sbtest2_pkey  (cost=0.00..35.29 rows=1085 width=0)
	              Index Cond: ((id >= 8056482) AND (id <= 8057481))

table 3 : explain SELECT c FROM sbtest3 WHERE id BETWEEN 7051694 AND 7052693 ORDER BY c
	Sort  (cost=3707.00..3709.36 rows=942 width=121)
	  Sort Key: c
	  ->  Bitmap Heap Scan on sbtest3  (cost=34.09..3660.47 rows=942 width=121)
	        Recheck Cond: ((id >= 7051694) AND (id <= 7052693))
	        ->  Bitmap Index Scan on sbtest3_pkey  (cost=0.00..33.86 rows=942 width=0)
	              Index Cond: ((id >= 7051694) AND (id <= 7052693))

table 4 : explain SELECT c FROM sbtest4 WHERE id BETWEEN 4685150 AND 4686149 ORDER BY c
	Sort  (cost=4031.96..4034.52 rows=1026 width=121)
	  Sort Key: c
	  ->  Bitmap Heap Scan on sbtest4  (cost=34.95..3980.64 rows=1026 width=121)
	        Recheck Cond: ((id >= 4685150) AND (id <= 4686149))
	        ->  Bitmap Index Scan on sbtest4_pkey  (cost=0.00..34.70 rows=1026 width=0)
	              Index Cond: ((id >= 4685150) AND (id <= 4686149))

table 5 : explain SELECT c FROM sbtest5 WHERE id BETWEEN 5329408 AND 5330407 ORDER BY c
	Sort  (cost=3663.92..3666.25 rows=932 width=121)
	  Sort Key: c
	  ->  Bitmap Heap Scan on sbtest5  (cost=33.99..3617.95 rows=932 width=121)
	        Recheck Cond: ((id >= 5329408) AND (id <= 5330407))
	        ->  Bitmap Index Scan on sbtest5_pkey  (cost=0.00..33.76 rows=932 width=0)
	              Index Cond: ((id >= 5329408) AND (id <= 5330407))

table 6 : explain SELECT c FROM sbtest6 WHERE id BETWEEN 9501078 AND 9502077 ORDER BY c
	Sort  (cost=4221.65..4224.35 rows=1077 width=121)
	  Sort Key: c
	  ->  Bitmap Heap Scan on sbtest6  (cost=35.47..4167.41 rows=1077 width=121)
	        Recheck Cond: ((id >= 9501078) AND (id <= 9502077))
	        ->  Bitmap Index Scan on sbtest6_pkey  (cost=0.00..35.20 rows=1077 width=0)
	              Index Cond: ((id >= 9501078) AND (id <= 9502077))

table 7 : explain SELECT c FROM sbtest7 WHERE id BETWEEN 1733788 AND 1734787 ORDER BY c
	Sort  (cost=3775.42..3777.82 rows=959 width=121)
	  Sort Key: c
	  ->  Bitmap Heap Scan on sbtest7  (cost=34.26..3727.93 rows=959 width=121)
	        Recheck Cond: ((id >= 1733788) AND (id <= 1734787))
	        ->  Bitmap Index Scan on sbtest7_pkey  (cost=0.00..34.03 rows=959 width=0)
	              Index Cond: ((id >= 1733788) AND (id <= 1734787))

table 8 : explain SELECT c FROM sbtest8 WHERE id BETWEEN 2454279 AND 2455278 ORDER BY c
	Sort  (cost=4069.25..4071.84 rows=1036 width=121)
	  Sort Key: c
	  ->  Bitmap Heap Scan on sbtest8  (cost=35.05..4017.36 rows=1036 width=121)
	        Recheck Cond: ((id >= 2454279) AND (id <= 2455278))
	        ->  Bitmap Index Scan on sbtest8_pkey  (cost=0.00..34.80 rows=1036 width=0)
	              Index Cond: ((id >= 2454279) AND (id <= 2455278))

for point_selects
table 1 : explain SELECT c FROM sbtest1 WHERE id=192662
	Index Scan using sbtest1_pkey on sbtest1  (cost=0.43..8.45 rows=1 width=121)
	  Index Cond: (id = 192662)

table 2 : explain SELECT c FROM sbtest2 WHERE id=2931689
	Index Scan using sbtest2_pkey on sbtest2  (cost=0.43..8.45 rows=1 width=121)
	  Index Cond: (id = 2931689)

table 3 : explain SELECT c FROM sbtest3 WHERE id=2424222
	Index Scan using sbtest3_pkey on sbtest3  (cost=0.43..8.45 rows=1 width=121)
	  Index Cond: (id = 2424222)

table 4 : explain SELECT c FROM sbtest4 WHERE id=8340189
	Index Scan using sbtest4_pkey on sbtest4  (cost=0.43..8.45 rows=1 width=121)
	  Index Cond: (id = 8340189)

table 5 : explain SELECT c FROM sbtest5 WHERE id=9739126
	Index Scan using sbtest5_pkey on sbtest5  (cost=0.43..8.45 rows=1 width=121)
	  Index Cond: (id = 9739126)

table 6 : explain SELECT c FROM sbtest6 WHERE id=9318297
	Index Scan using sbtest6_pkey on sbtest6  (cost=0.43..8.45 rows=1 width=121)
	  Index Cond: (id = 9318297)

table 7 : explain SELECT c FROM sbtest7 WHERE id=4786032
	Index Scan using sbtest7_pkey on sbtest7  (cost=0.43..8.45 rows=1 width=121)
	  Index Cond: (id = 4786032)

table 8 : explain SELECT c FROM sbtest8 WHERE id=9834344
	Index Scan using sbtest8_pkey on sbtest8  (cost=0.43..8.45 rows=1 width=121)
	  Index Cond: (id = 9834344)

for point_selects
table 1 : explain SELECT c FROM sbtest1 WHERE id=9926507
	Index Scan using sbtest1_pkey on sbtest1  (cost=0.43..8.45 rows=1 width=121)
	  Index Cond: (id = 9926507)

table 2 : explain SELECT c FROM sbtest2 WHERE id=1890331
	Index Scan using sbtest2_pkey on sbtest2  (cost=0.43..8.45 rows=1 width=121)
	  Index Cond: (id = 1890331)

table 3 : explain SELECT c FROM sbtest3 WHERE id=1785326
	Index Scan using sbtest3_pkey on sbtest3  (cost=0.43..8.45 rows=1 width=121)
	  Index Cond: (id = 1785326)

table 4 : explain SELECT c FROM sbtest4 WHERE id=6302140
	Index Scan using sbtest4_pkey on sbtest4  (cost=0.43..8.45 rows=1 width=121)
	  Index Cond: (id = 6302140)

table 5 : explain SELECT c FROM sbtest5 WHERE id=3319549
	Index Scan using sbtest5_pkey on sbtest5  (cost=0.43..8.45 rows=1 width=121)
	  Index Cond: (id = 3319549)

table 6 : explain SELECT c FROM sbtest6 WHERE id=234144
	Index Scan using sbtest6_pkey on sbtest6  (cost=0.43..8.45 rows=1 width=121)
	  Index Cond: (id = 234144)

table 7 : explain SELECT c FROM sbtest7 WHERE id=4523892
	Index Scan using sbtest7_pkey on sbtest7  (cost=0.43..8.45 rows=1 width=121)
	  Index Cond: (id = 4523892)

table 8 : explain SELECT c FROM sbtest8 WHERE id=8443584
	Index Scan using sbtest8_pkey on sbtest8  (cost=0.43..8.45 rows=1 width=121)
	  Index Cond: (id = 8443584)

explain: for point_selects :: explain SELECT c FROM sbtest%u WHERE id=%u
explain: for point_selects :: explain SELECT c FROM sbtest%u WHERE id=%u
for: simple_ranges
table 1 : explain SELECT c FROM sbtest1 WHERE id BETWEEN 2663413 AND 2664412
	Bitmap Heap Scan on sbtest1  (cost=39.77..4281.18 rows=1106 width=121)
	  Recheck Cond: ((id >= 2663413) AND (id <= 2664412))
	  ->  Bitmap Index Scan on sbtest1_pkey  (cost=0.00..39.50 rows=1106 width=0)
	        Index Cond: ((id >= 2663413) AND (id <= 2664412))

table 2 : explain SELECT c FROM sbtest2 WHERE id BETWEEN 3928142 AND 3929141
	Bitmap Heap Scan on sbtest2  (cost=34.39..3767.53 rows=971 width=121)
	  Recheck Cond: ((id >= 3928142) AND (id <= 3929141))
	  ->  Bitmap Index Scan on sbtest2_pkey  (cost=0.00..34.15 rows=971 width=0)
	        Index Cond: ((id >= 3928142) AND (id <= 3929141))

table 3 : explain SELECT c FROM sbtest3 WHERE id BETWEEN 5427429 AND 5428428
	Bitmap Heap Scan on sbtest3  (cost=34.43..3785.25 rows=975 width=121)
	  Recheck Cond: ((id >= 5427429) AND (id <= 5428428))
	  ->  Bitmap Index Scan on sbtest3_pkey  (cost=0.00..34.19 rows=975 width=0)
	        Index Cond: ((id >= 5427429) AND (id <= 5428428))

table 4 : explain SELECT c FROM sbtest4 WHERE id BETWEEN 899774 AND 900773
	Bitmap Heap Scan on sbtest4  (cost=34.12..3674.31 rows=945 width=121)
	  Recheck Cond: ((id >= 899774) AND (id <= 900773))
	  ->  Bitmap Index Scan on sbtest4_pkey  (cost=0.00..33.89 rows=945 width=0)
	        Index Cond: ((id >= 899774) AND (id <= 900773))

table 5 : explain SELECT c FROM sbtest5 WHERE id BETWEEN 6928787 AND 6929786
	Bitmap Heap Scan on sbtest5  (cost=34.58..3836.80 rows=990 width=121)
	  Recheck Cond: ((id >= 6928787) AND (id <= 6929786))
	  ->  Bitmap Index Scan on sbtest5_pkey  (cost=0.00..34.34 rows=990 width=0)
	        Index Cond: ((id >= 6928787) AND (id <= 6929786))

table 6 : explain SELECT c FROM sbtest6 WHERE id BETWEEN 6449274 AND 6450273
	Bitmap Heap Scan on sbtest6  (cost=29.60..3472.70 rows=894 width=121)
	  Recheck Cond: ((id >= 6449274) AND (id <= 6450273))
	  ->  Bitmap Index Scan on sbtest6_pkey  (cost=0.00..29.37 rows=894 width=0)
	        Index Cond: ((id >= 6449274) AND (id <= 6450273))

table 7 : explain SELECT c FROM sbtest7 WHERE id BETWEEN 1539660 AND 1540659
	Bitmap Heap Scan on sbtest7  (cost=35.00..4000.21 rows=1031 width=121)
	  Recheck Cond: ((id >= 1539660) AND (id <= 1540659))
	  ->  Bitmap Index Scan on sbtest7_pkey  (cost=0.00..34.75 rows=1031 width=0)
	        Index Cond: ((id >= 1539660) AND (id <= 1540659))

table 8 : explain SELECT c FROM sbtest8 WHERE id BETWEEN 8233909 AND 8234908
	Bitmap Heap Scan on sbtest8  (cost=35.27..4096.59 rows=1057 width=121)
	  Recheck Cond: ((id >= 8233909) AND (id <= 8234908))
	  ->  Bitmap Index Scan on sbtest8_pkey  (cost=0.00..35.01 rows=1057 width=0)
	        Index Cond: ((id >= 8233909) AND (id <= 8234908))

for: distinct_ranges
table 1 : explain SELECT DISTINCT c FROM sbtest1 WHERE id BETWEEN 7010354 AND 7011353 ORDER BY c
	Unique  (cost=3824.27..3829.14 rows=973 width=121)
	  ->  Sort  (cost=3824.27..3826.71 rows=973 width=121)
	        Sort Key: c
	        ->  Bitmap Heap Scan on sbtest1  (cost=34.41..3775.98 rows=973 width=121)
	              Recheck Cond: ((id >= 7010354) AND (id <= 7011353))
	              ->  Bitmap Index Scan on sbtest1_pkey  (cost=0.00..34.17 rows=973 width=0)
	                    Index Cond: ((id >= 7010354) AND (id <= 7011353))

table 2 : explain SELECT DISTINCT c FROM sbtest2 WHERE id BETWEEN 9032448 AND 9033447 ORDER BY c
	Unique  (cost=4183.07..4188.41 rows=1067 width=121)
	  ->  Sort  (cost=4183.07..4185.74 rows=1067 width=121)
	        Sort Key: c
	        ->  Bitmap Heap Scan on sbtest2  (cost=35.37..4129.41 rows=1067 width=121)
	              Recheck Cond: ((id >= 9032448) AND (id <= 9033447))
	              ->  Bitmap Index Scan on sbtest2_pkey  (cost=0.00..35.11 rows=1067 width=0)
	                    Index Cond: ((id >= 9032448) AND (id <= 9033447))

table 3 : explain SELECT DISTINCT c FROM sbtest3 WHERE id BETWEEN 3557298 AND 3558297 ORDER BY c
	Unique  (cost=3822.15..3827.01 rows=972 width=121)
	  ->  Sort  (cost=3822.15..3824.58 rows=972 width=121)
	        Sort Key: c
	        ->  Bitmap Heap Scan on sbtest3  (cost=34.40..3773.91 rows=972 width=121)
	              Recheck Cond: ((id >= 3557298) AND (id <= 3558297))
	              ->  Bitmap Index Scan on sbtest3_pkey  (cost=0.00..34.16 rows=972 width=0)
	                    Index Cond: ((id >= 3557298) AND (id <= 3558297))

table 4 : explain SELECT DISTINCT c FROM sbtest4 WHERE id BETWEEN 8743748 AND 8744747 ORDER BY c
	Unique  (cost=3797.86..3802.69 rows=965 width=121)
	  ->  Sort  (cost=3797.86..3800.27 rows=965 width=121)
	        Sort Key: c
	        ->  Bitmap Heap Scan on sbtest4  (cost=34.33..3750.02 rows=965 width=121)
	              Recheck Cond: ((id >= 8743748) AND (id <= 8744747))
	              ->  Bitmap Index Scan on sbtest4_pkey  (cost=0.00..34.09 rows=965 width=0)
	                    Index Cond: ((id >= 8743748) AND (id <= 8744747))

table 5 : explain SELECT DISTINCT c FROM sbtest5 WHERE id BETWEEN 6054505 AND 6055504 ORDER BY c
	Unique  (cost=3660.09..3664.74 rows=931 width=121)
	  ->  Sort  (cost=3660.09..3662.41 rows=931 width=121)
	        Sort Key: c
	        ->  Bitmap Heap Scan on sbtest5  (cost=33.98..3614.18 rows=931 width=121)
	              Recheck Cond: ((id >= 6054505) AND (id <= 6055504))
	              ->  Bitmap Index Scan on sbtest5_pkey  (cost=0.00..33.75 rows=931 width=0)
	                    Index Cond: ((id >= 6054505) AND (id <= 6055504))

table 6 : explain SELECT DISTINCT c FROM sbtest6 WHERE id BETWEEN 2552059 AND 2553058 ORDER BY c
	Unique  (cost=3923.31..3928.30 rows=999 width=121)
	  ->  Sort  (cost=3923.31..3925.80 rows=999 width=121)
	        Sort Key: c
	        ->  Bitmap Heap Scan on sbtest6  (cost=34.67..3873.53 rows=999 width=121)
	              Recheck Cond: ((id >= 2552059) AND (id <= 2553058))
	              ->  Bitmap Index Scan on sbtest6_pkey  (cost=0.00..34.43 rows=999 width=0)
	                    Index Cond: ((id >= 2552059) AND (id <= 2553058))

table 7 : explain SELECT DISTINCT c FROM sbtest7 WHERE id BETWEEN 8410801 AND 8411800 ORDER BY c
	Unique  (cost=3813.85..3818.69 rows=969 width=121)
	  ->  Sort  (cost=3813.85..3816.27 rows=969 width=121)
	        Sort Key: c
	        ->  Bitmap Heap Scan on sbtest7  (cost=34.37..3765.78 rows=969 width=121)
	              Recheck Cond: ((id >= 8410801) AND (id <= 8411800))
	              ->  Bitmap Index Scan on sbtest7_pkey  (cost=0.00..34.12 rows=969 width=0)
	                    Index Cond: ((id >= 8410801) AND (id <= 8411800))

table 8 : explain SELECT DISTINCT c FROM sbtest8 WHERE id BETWEEN 7952641 AND 7953640 ORDER BY c
	Unique  (cost=4249.20..4254.62 rows=1083 width=121)
	  ->  Sort  (cost=4249.20..4251.91 rows=1083 width=121)
	        Sort Key: c
	        ->  Bitmap Heap Scan on sbtest8  (cost=35.54..4194.62 rows=1083 width=121)
	              Recheck Cond: ((id >= 7952641) AND (id <= 7953640))
	              ->  Bitmap Index Scan on sbtest8_pkey  (cost=0.00..35.27 rows=1083 width=0)
	                    Index Cond: ((id >= 7952641) AND (id <= 7953640))

for: simple_ranges
table 1 : explain SELECT c FROM sbtest1 WHERE id BETWEEN 9314375 AND 9315374
	Bitmap Heap Scan on sbtest1  (cost=34.42..3779.76 rows=974 width=121)
	  Recheck Cond: ((id >= 9314375) AND (id <= 9315374))
	  ->  Bitmap Index Scan on sbtest1_pkey  (cost=0.00..34.18 rows=974 width=0)
	        Index Cond: ((id >= 9314375) AND (id <= 9315374))

table 2 : explain SELECT c FROM sbtest2 WHERE id BETWEEN 9454547 AND 9455546
	Bitmap Heap Scan on sbtest2  (cost=34.79..3914.68 rows=1010 width=121)
	  Recheck Cond: ((id >= 9454547) AND (id <= 9455546))
	  ->  Bitmap Index Scan on sbtest2_pkey  (cost=0.00..34.54 rows=1010 width=0)
	        Index Cond: ((id >= 9454547) AND (id <= 9455546))

table 3 : explain SELECT c FROM sbtest3 WHERE id BETWEEN 8383295 AND 8384294
	Bitmap Heap Scan on sbtest3  (cost=34.61..3853.25 rows=993 width=121)
	  Recheck Cond: ((id >= 8383295) AND (id <= 8384294))
	  ->  Bitmap Index Scan on sbtest3_pkey  (cost=0.00..34.37 rows=993 width=0)
	        Index Cond: ((id >= 8383295) AND (id <= 8384294))

table 4 : explain SELECT c FROM sbtest4 WHERE id BETWEEN 5529444 AND 5530443
	Bitmap Heap Scan on sbtest4  (cost=34.93..3973.09 rows=1024 width=121)
	  Recheck Cond: ((id >= 5529444) AND (id <= 5530443))
	  ->  Bitmap Index Scan on sbtest4_pkey  (cost=0.00..34.68 rows=1024 width=0)
	        Index Cond: ((id >= 5529444) AND (id <= 5530443))

table 5 : explain SELECT c FROM sbtest5 WHERE id BETWEEN 7500665 AND 7501664
	Bitmap Heap Scan on sbtest5  (cost=33.83..3561.28 rows=917 width=121)
	  Recheck Cond: ((id >= 7500665) AND (id <= 7501664))
	  ->  Bitmap Index Scan on sbtest5_pkey  (cost=0.00..33.61 rows=917 width=0)
	        Index Cond: ((id >= 7500665) AND (id <= 7501664))

table 6 : explain SELECT c FROM sbtest6 WHERE id BETWEEN 6252576 AND 6253575
	Bitmap Heap Scan on sbtest6  (cost=34.36..3756.52 rows=968 width=121)
	  Recheck Cond: ((id >= 6252576) AND (id <= 6253575))
	  ->  Bitmap Index Scan on sbtest6_pkey  (cost=0.00..34.12 rows=968 width=0)
	        Index Cond: ((id >= 6252576) AND (id <= 6253575))

table 7 : explain SELECT c FROM sbtest7 WHERE id BETWEEN 7420116 AND 7421115
	Bitmap Heap Scan on sbtest7  (cost=35.04..4015.32 rows=1035 width=121)
	  Recheck Cond: ((id >= 7420116) AND (id <= 7421115))
	  ->  Bitmap Index Scan on sbtest7_pkey  (cost=0.00..34.79 rows=1035 width=0)
	        Index Cond: ((id >= 7420116) AND (id <= 7421115))

table 8 : explain SELECT c FROM sbtest8 WHERE id BETWEEN 986842 AND 987841
	Bitmap Heap Scan on sbtest8  (cost=34.93..3972.06 rows=1024 width=121)
	  Recheck Cond: ((id >= 986842) AND (id <= 987841))
	  ->  Bitmap Index Scan on sbtest8_pkey  (cost=0.00..34.68 rows=1024 width=0)
	        Index Cond: ((id >= 986842) AND (id <= 987841))

for: simple_ranges
table 1 : explain SELECT c FROM sbtest1 WHERE id BETWEEN 8894435 AND 8895434
	Bitmap Heap Scan on sbtest1  (cost=34.71..3885.45 rows=1002 width=121)
	  Recheck Cond: ((id >= 8894435) AND (id <= 8895434))
	  ->  Bitmap Index Scan on sbtest1_pkey  (cost=0.00..34.45 rows=1002 width=0)
	        Index Cond: ((id >= 8894435) AND (id <= 8895434))

table 2 : explain SELECT c FROM sbtest2 WHERE id BETWEEN 6030238 AND 6031237
	Bitmap Heap Scan on sbtest2  (cost=35.36..4125.64 rows=1066 width=121)
	  Recheck Cond: ((id >= 6030238) AND (id <= 6031237))
	  ->  Bitmap Index Scan on sbtest2_pkey  (cost=0.00..35.09 rows=1066 width=0)
	        Index Cond: ((id >= 6030238) AND (id <= 6031237))

table 3 : explain SELECT c FROM sbtest3 WHERE id BETWEEN 4495567 AND 4496566
	Bitmap Heap Scan on sbtest3  (cost=34.35..3755.01 rows=967 width=121)
	  Recheck Cond: ((id >= 4495567) AND (id <= 4496566))
	  ->  Bitmap Index Scan on sbtest3_pkey  (cost=0.00..34.11 rows=967 width=0)
	        Index Cond: ((id >= 4495567) AND (id <= 4496566))

table 4 : explain SELECT c FROM sbtest4 WHERE id BETWEEN 9663839 AND 9664838
	Bitmap Heap Scan on sbtest4  (cost=34.49..3810.56 rows=981 width=121)
	  Recheck Cond: ((id >= 9663839) AND (id <= 9664838))
	  ->  Bitmap Index Scan on sbtest4_pkey  (cost=0.00..34.25 rows=981 width=0)
	        Index Cond: ((id >= 9663839) AND (id <= 9664838))

table 5 : explain SELECT c FROM sbtest5 WHERE id BETWEEN 7288912 AND 7289911
	Bitmap Heap Scan on sbtest5  (cost=39.89..4318.53 rows=1118 width=121)
	  Recheck Cond: ((id >= 7288912) AND (id <= 7289911))
	  ->  Bitmap Index Scan on sbtest5_pkey  (cost=0.00..39.62 rows=1118 width=0)
	        Index Cond: ((id >= 7288912) AND (id <= 7289911))

table 6 : explain SELECT c FROM sbtest6 WHERE id BETWEEN 206148 AND 207147
	Bitmap Heap Scan on sbtest6  (cost=34.08..3654.51 rows=941 width=121)
	  Recheck Cond: ((id >= 206148) AND (id <= 207147))
	  ->  Bitmap Index Scan on sbtest6_pkey  (cost=0.00..33.84 rows=941 width=0)
	        Index Cond: ((id >= 206148) AND (id <= 207147))

table 7 : explain SELECT c FROM sbtest7 WHERE id BETWEEN 8728630 AND 8729629
	Bitmap Heap Scan on sbtest7  (cost=34.97..3988.88 rows=1028 width=121)
	  Recheck Cond: ((id >= 8728630) AND (id <= 8729629))
	  ->  Bitmap Index Scan on sbtest7_pkey  (cost=0.00..34.72 rows=1028 width=0)
	        Index Cond: ((id >= 8728630) AND (id <= 8729629))

table 8 : explain SELECT c FROM sbtest8 WHERE id BETWEEN 2372639 AND 2373638
	Index Scan using sbtest8_pkey on sbtest8  (cost=0.43..3579.17 rows=913 width=121)
	  Index Cond: ((id >= 2372639) AND (id <= 2373638))

explain: for point_selects :: explain SELECT c FROM sbtest%u WHERE id=%u
for: sum_ranges
table 1 : explain SELECT SUM(k) FROM sbtest1 WHERE id BETWEEN 8605050 AND 8606049
	Aggregate  (cost=3797.31..3797.32 rows=1 width=8)
	  ->  Bitmap Heap Scan on sbtest1  (cost=34.46..3794.86 rows=978 width=4)
	        Recheck Cond: ((id >= 8605050) AND (id <= 8606049))
	        ->  Bitmap Index Scan on sbtest1_pkey  (cost=0.00..34.22 rows=978 width=0)
	              Index Cond: ((id >= 8605050) AND (id <= 8606049))

table 2 : explain SELECT SUM(k) FROM sbtest2 WHERE id BETWEEN 8393047 AND 8394046
	Aggregate  (cost=3879.47..3879.48 rows=1 width=8)
	  ->  Bitmap Heap Scan on sbtest2  (cost=34.69..3876.97 rows=1000 width=4)
	        Recheck Cond: ((id >= 8393047) AND (id <= 8394046))
	        ->  Bitmap Index Scan on sbtest2_pkey  (cost=0.00..34.44 rows=1000 width=0)
	              Index Cond: ((id >= 8393047) AND (id <= 8394046))

table 3 : explain SELECT SUM(k) FROM sbtest3 WHERE id BETWEEN 2812803 AND 2813802
	Aggregate  (cost=4161.46..4161.47 rows=1 width=8)
	  ->  Bitmap Heap Scan on sbtest3  (cost=35.44..4158.78 rows=1074 width=4)
	        Recheck Cond: ((id >= 2812803) AND (id <= 2813802))
	        ->  Bitmap Index Scan on sbtest3_pkey  (cost=0.00..35.18 rows=1074 width=0)
	              Index Cond: ((id >= 2812803) AND (id <= 2813802))

table 4 : explain SELECT SUM(k) FROM sbtest4 WHERE id BETWEEN 7734565 AND 7735564
	Aggregate  (cost=3665.30..3665.31 rows=1 width=8)
	  ->  Bitmap Heap Scan on sbtest4  (cost=34.09..3662.95 rows=942 width=4)
	        Recheck Cond: ((id >= 7734565) AND (id <= 7735564))
	        ->  Bitmap Index Scan on sbtest4_pkey  (cost=0.00..33.86 rows=942 width=0)
	              Index Cond: ((id >= 7734565) AND (id <= 7735564))

table 5 : explain SELECT SUM(k) FROM sbtest5 WHERE id BETWEEN 8991347 AND 8992346
	Aggregate  (cost=4008.89..4008.90 rows=1 width=8)
	  ->  Bitmap Heap Scan on sbtest5  (cost=35.04..4006.30 rows=1035 width=4)
	        Recheck Cond: ((id >= 8991347) AND (id <= 8992346))
	        ->  Bitmap Index Scan on sbtest5_pkey  (cost=0.00..34.79 rows=1035 width=0)
	              Index Cond: ((id >= 8991347) AND (id <= 8992346))

table 6 : explain SELECT SUM(k) FROM sbtest6 WHERE id BETWEEN 9411670 AND 9412669
	Aggregate  (cost=3740.05..3740.06 rows=1 width=8)
	  ->  Bitmap Heap Scan on sbtest6  (cost=34.31..3737.64 rows=963 width=4)
	        Recheck Cond: ((id >= 9411670) AND (id <= 9412669))
	        ->  Bitmap Index Scan on sbtest6_pkey  (cost=0.00..34.07 rows=963 width=0)
	              Index Cond: ((id >= 9411670) AND (id <= 9412669))

table 7 : explain SELECT SUM(k) FROM sbtest7 WHERE id BETWEEN 5492551 AND 5493550
	Aggregate  (cost=3983.88..3983.89 rows=1 width=8)
	  ->  Bitmap Heap Scan on sbtest7  (cost=34.95..3981.32 rows=1026 width=4)
	        Recheck Cond: ((id >= 5492551) AND (id <= 5493550))
	        ->  Bitmap Index Scan on sbtest7_pkey  (cost=0.00..34.70 rows=1026 width=0)
	              Index Cond: ((id >= 5492551) AND (id <= 5493550))

table 8 : explain SELECT SUM(k) FROM sbtest8 WHERE id BETWEEN 1570258 AND 1571257
	Aggregate  (cost=3870.05..3870.06 rows=1 width=8)
	  ->  Index Scan using sbtest8_pkey on sbtest8  (cost=0.43..3867.58 rows=987 width=4)
	        Index Cond: ((id >= 1570258) AND (id <= 1571257))

for: sum_ranges
table 1 : explain SELECT SUM(k) FROM sbtest1 WHERE id BETWEEN 9572223 AND 9573222
	Aggregate  (cost=4114.27..4114.28 rows=1 width=8)
	  ->  Bitmap Heap Scan on sbtest1  (cost=35.32..4111.61 rows=1062 width=4)
	        Recheck Cond: ((id >= 9572223) AND (id <= 9573222))
	        ->  Bitmap Index Scan on sbtest1_pkey  (cost=0.00..35.06 rows=1062 width=0)
	              Index Cond: ((id >= 9572223) AND (id <= 9573222))

table 2 : explain SELECT SUM(k) FROM sbtest2 WHERE id BETWEEN 4960557 AND 4961556
	Aggregate  (cost=3701.93..3701.94 rows=1 width=8)
	  ->  Bitmap Heap Scan on sbtest2  (cost=34.20..3699.55 rows=953 width=4)
	        Recheck Cond: ((id >= 4960557) AND (id <= 4961556))
	        ->  Bitmap Index Scan on sbtest2_pkey  (cost=0.00..33.97 rows=953 width=0)
	              Index Cond: ((id >= 4960557) AND (id <= 4961556))

table 3 : explain SELECT SUM(k) FROM sbtest3 WHERE id BETWEEN 9800166 AND 9801165
	Aggregate  (cost=3587.08..3587.09 rows=1 width=8)
	  ->  Bitmap Heap Scan on sbtest3  (cost=33.89..3584.78 rows=922 width=4)
	        Recheck Cond: ((id >= 9800166) AND (id <= 9801165))
	        ->  Bitmap Index Scan on sbtest3_pkey  (cost=0.00..33.66 rows=922 width=0)
	              Index Cond: ((id >= 9800166) AND (id <= 9801165))

table 4 : explain SELECT SUM(k) FROM sbtest4 WHERE id BETWEEN 3813408 AND 3814407
	Aggregate  (cost=4058.77..4058.78 rows=1 width=8)
	  ->  Bitmap Heap Scan on sbtest4  (cost=35.16..4056.16 rows=1046 width=4)
	        Recheck Cond: ((id >= 3813408) AND (id <= 3814407))
	        ->  Bitmap Index Scan on sbtest4_pkey  (cost=0.00..34.90 rows=1046 width=0)
	              Index Cond: ((id >= 3813408) AND (id <= 3814407))

table 5 : explain SELECT SUM(k) FROM sbtest5 WHERE id BETWEEN 8157886 AND 8158885
	Aggregate  (cost=3982.52..3982.53 rows=1 width=8)
	  ->  Bitmap Heap Scan on sbtest5  (cost=34.97..3979.95 rows=1028 width=4)
	        Recheck Cond: ((id >= 8157886) AND (id <= 8158885))
	        ->  Bitmap Index Scan on sbtest5_pkey  (cost=0.00..34.72 rows=1028 width=0)
	              Index Cond: ((id >= 8157886) AND (id <= 8158885))

table 6 : explain SELECT SUM(k) FROM sbtest6 WHERE id BETWEEN 9015006 AND 9016005
	Aggregate  (cost=3819.39..3819.40 rows=1 width=8)
	  ->  Bitmap Heap Scan on sbtest6  (cost=34.52..3816.93 rows=984 width=4)
	        Recheck Cond: ((id >= 9015006) AND (id <= 9016005))
	        ->  Bitmap Index Scan on sbtest6_pkey  (cost=0.00..34.28 rows=984 width=0)
	              Index Cond: ((id >= 9015006) AND (id <= 9016005))

table 7 : explain SELECT SUM(k) FROM sbtest7 WHERE id BETWEEN 3425073 AND 3426072
	Aggregate  (cost=3715.17..3715.18 rows=1 width=8)
	  ->  Bitmap Heap Scan on sbtest7  (cost=34.22..3712.78 rows=955 width=4)
	        Recheck Cond: ((id >= 3425073) AND (id <= 3426072))
	        ->  Bitmap Index Scan on sbtest7_pkey  (cost=0.00..33.98 rows=955 width=0)
	              Index Cond: ((id >= 3425073) AND (id <= 3426072))

table 8 : explain SELECT SUM(k) FROM sbtest8 WHERE id BETWEEN 9639323 AND 9640322
	Aggregate  (cost=4053.94..4053.95 rows=1 width=8)
	  ->  Bitmap Heap Scan on sbtest8  (cost=35.15..4051.32 rows=1045 width=4)
	        Recheck Cond: ((id >= 9639323) AND (id <= 9640322))
	        ->  Bitmap Index Scan on sbtest8_pkey  (cost=0.00..34.89 rows=1045 width=0)
	              Index Cond: ((id >= 9639323) AND (id <= 9640322))

for point_selects
table 1 : explain SELECT c FROM sbtest1 WHERE id=6600972
	Index Scan using sbtest1_pkey on sbtest1  (cost=0.43..8.45 rows=1 width=121)
	  Index Cond: (id = 6600972)

table 2 : explain SELECT c FROM sbtest2 WHERE id=8790637
	Index Scan using sbtest2_pkey on sbtest2  (cost=0.43..8.45 rows=1 width=121)
	  Index Cond: (id = 8790637)

table 3 : explain SELECT c FROM sbtest3 WHERE id=9795346
	Index Scan using sbtest3_pkey on sbtest3  (cost=0.43..8.45 rows=1 width=121)
	  Index Cond: (id = 9795346)

table 4 : explain SELECT c FROM sbtest4 WHERE id=7305394
	Index Scan using sbtest4_pkey on sbtest4  (cost=0.43..8.45 rows=1 width=121)
	  Index Cond: (id = 7305394)

table 5 : explain SELECT c FROM sbtest5 WHERE id=5252577
	Index Scan using sbtest5_pkey on sbtest5  (cost=0.43..8.45 rows=1 width=121)
	  Index Cond: (id = 5252577)

table 6 : explain SELECT c FROM sbtest6 WHERE id=8034741
	Index Scan using sbtest6_pkey on sbtest6  (cost=0.43..8.45 rows=1 width=121)
	  Index Cond: (id = 8034741)

table 7 : explain SELECT c FROM sbtest7 WHERE id=328190
	Index Scan using sbtest7_pkey on sbtest7  (cost=0.43..8.45 rows=1 width=121)
	  Index Cond: (id = 328190)

table 8 : explain SELECT c FROM sbtest8 WHERE id=8781259
	Index Scan using sbtest8_pkey on sbtest8  (cost=0.43..8.45 rows=1 width=121)
	  Index Cond: (id = 8781259)

explain: for point_selects :: explain SELECT c FROM sbtest%u WHERE id=%u
explain: for point_selects :: explain SELECT c FROM sbtest%u WHERE id=%u
for: sum_ranges
table 1 : explain SELECT SUM(k) FROM sbtest1 WHERE id BETWEEN 719642 AND 720641
	Aggregate  (cost=3778.41..3778.42 rows=1 width=8)
	  ->  Bitmap Heap Scan on sbtest1  (cost=34.41..3775.98 rows=973 width=4)
	        Recheck Cond: ((id >= 719642) AND (id <= 720641))
	        ->  Bitmap Index Scan on sbtest1_pkey  (cost=0.00..34.17 rows=973 width=0)
	              Index Cond: ((id >= 719642) AND (id <= 720641))

table 2 : explain SELECT SUM(k) FROM sbtest2 WHERE id BETWEEN 2594564 AND 2595563
	Aggregate  (cost=4094.41..4094.42 rows=1 width=8)
	  ->  Bitmap Heap Scan on sbtest2  (cost=35.27..4091.77 rows=1057 width=4)
	        Recheck Cond: ((id >= 2594564) AND (id <= 2595563))
	        ->  Bitmap Index Scan on sbtest2_pkey  (cost=0.00..35.01 rows=1057 width=0)
	              Index Cond: ((id >= 2594564) AND (id <= 2595563))

table 3 : explain SELECT SUM(k) FROM sbtest3 WHERE id BETWEEN 5617671 AND 5618670
	Aggregate  (cost=4169.00..4169.01 rows=1 width=8)
	  ->  Bitmap Heap Scan on sbtest3  (cost=35.46..4166.31 rows=1076 width=4)
	        Recheck Cond: ((id >= 5617671) AND (id <= 5618670))
	        ->  Bitmap Index Scan on sbtest3_pkey  (cost=0.00..35.20 rows=1076 width=0)
	              Index Cond: ((id >= 5617671) AND (id <= 5618670))

table 4 : explain SELECT SUM(k) FROM sbtest4 WHERE id BETWEEN 877975 AND 878974
	Aggregate  (cost=3952.97..3952.98 rows=1 width=8)
	  ->  Bitmap Heap Scan on sbtest4  (cost=34.87..3950.42 rows=1018 width=4)
	        Recheck Cond: ((id >= 877975) AND (id <= 878974))
	        ->  Bitmap Index Scan on sbtest4_pkey  (cost=0.00..34.62 rows=1018 width=0)
	              Index Cond: ((id >= 877975) AND (id <= 878974))

table 5 : explain SELECT SUM(k) FROM sbtest5 WHERE id BETWEEN 8425397 AND 8426396
	Aggregate  (cost=4020.19..4020.20 rows=1 width=8)
	  ->  Bitmap Heap Scan on sbtest5  (cost=35.07..4017.59 rows=1038 width=4)
	        Recheck Cond: ((id >= 8425397) AND (id <= 8426396))
	        ->  Bitmap Index Scan on sbtest5_pkey  (cost=0.00..34.82 rows=1038 width=0)
	              Index Cond: ((id >= 8425397) AND (id <= 8426396))

table 6 : explain SELECT SUM(k) FROM sbtest6 WHERE id BETWEEN 2678407 AND 2679406
	Aggregate  (cost=3951.51..3951.52 rows=1 width=8)
	  ->  Bitmap Heap Scan on sbtest6  (cost=34.88..3948.96 rows=1019 width=4)
	        Recheck Cond: ((id >= 2678407) AND (id <= 2679406))
	        ->  Bitmap Index Scan on sbtest6_pkey  (cost=0.00..34.62 rows=1019 width=0)
	              Index Cond: ((id >= 2678407) AND (id <= 2679406))

table 7 : explain SELECT SUM(k) FROM sbtest7 WHERE id BETWEEN 3118512 AND 3119511
	Aggregate  (cost=3885.55..3885.56 rows=1 width=8)
	  ->  Bitmap Heap Scan on sbtest7  (cost=34.69..3883.05 rows=1000 width=4)
	        Recheck Cond: ((id >= 3118512) AND (id <= 3119511))
	        ->  Bitmap Index Scan on sbtest7_pkey  (cost=0.00..34.44 rows=1000 width=0)
	              Index Cond: ((id >= 3118512) AND (id <= 3119511))

table 8 : explain SELECT SUM(k) FROM sbtest8 WHERE id BETWEEN 2233623 AND 2234622
	Aggregate  (cost=3873.95..3873.96 rows=1 width=8)
	  ->  Index Scan using sbtest8_pkey on sbtest8  (cost=0.43..3871.48 rows=988 width=4)
	        Index Cond: ((id >= 2233623) AND (id <= 2234622))

for point_selects
table 1 : explain SELECT c FROM sbtest1 WHERE id=7455907
	Index Scan using sbtest1_pkey on sbtest1  (cost=0.43..8.45 rows=1 width=121)
	  Index Cond: (id = 7455907)

table 2 : explain SELECT c FROM sbtest2 WHERE id=9742662
	Index Scan using sbtest2_pkey on sbtest2  (cost=0.43..8.45 rows=1 width=121)
	  Index Cond: (id = 9742662)

table 3 : explain SELECT c FROM sbtest3 WHERE id=2279223
	Index Scan using sbtest3_pkey on sbtest3  (cost=0.43..8.45 rows=1 width=121)
	  Index Cond: (id = 2279223)

table 4 : explain SELECT c FROM sbtest4 WHERE id=9275777
	Index Scan using sbtest4_pkey on sbtest4  (cost=0.43..8.45 rows=1 width=121)
	  Index Cond: (id = 9275777)

table 5 : explain SELECT c FROM sbtest5 WHERE id=8952704
	Index Scan using sbtest5_pkey on sbtest5  (cost=0.43..8.45 rows=1 width=121)
	  Index Cond: (id = 8952704)

table 6 : explain SELECT c FROM sbtest6 WHERE id=2271204
	Index Scan using sbtest6_pkey on sbtest6  (cost=0.43..8.45 rows=1 width=121)
	  Index Cond: (id = 2271204)

table 7 : explain SELECT c FROM sbtest7 WHERE id=6399937
	Index Scan using sbtest7_pkey on sbtest7  (cost=0.43..8.45 rows=1 width=121)
	  Index Cond: (id = 6399937)

table 8 : explain SELECT c FROM sbtest8 WHERE id=50591
	Index Scan using sbtest8_pkey on sbtest8  (cost=0.43..8.45 rows=1 width=121)
	  Index Cond: (id = 50591)

for: sum_ranges
table 1 : explain SELECT SUM(k) FROM sbtest1 WHERE id BETWEEN 5878886 AND 5879885
	Aggregate  (cost=3891.73..3891.74 rows=1 width=8)
	  ->  Bitmap Heap Scan on sbtest1  (cost=34.72..3889.23 rows=1003 width=4)
	        Recheck Cond: ((id >= 5878886) AND (id <= 5879885))
	        ->  Bitmap Index Scan on sbtest1_pkey  (cost=0.00..34.47 rows=1003 width=0)
	              Index Cond: ((id >= 5878886) AND (id <= 5879885))

table 2 : explain SELECT SUM(k) FROM sbtest2 WHERE id BETWEEN 7568745 AND 7569744
	Aggregate  (cost=3890.79..3890.80 rows=1 width=8)
	  ->  Bitmap Heap Scan on sbtest2  (cost=34.72..3888.29 rows=1003 width=4)
	        Recheck Cond: ((id >= 7568745) AND (id <= 7569744))
	        ->  Bitmap Index Scan on sbtest2_pkey  (cost=0.00..34.47 rows=1003 width=0)
	              Index Cond: ((id >= 7568745) AND (id <= 7569744))

table 3 : explain SELECT SUM(k) FROM sbtest3 WHERE id BETWEEN 9732588 AND 9733587
	Aggregate  (cost=3961.51..3961.52 rows=1 width=8)
	  ->  Bitmap Heap Scan on sbtest3  (cost=34.90..3958.96 rows=1021 width=4)
	        Recheck Cond: ((id >= 9732588) AND (id <= 9733587))
	        ->  Bitmap Index Scan on sbtest3_pkey  (cost=0.00..34.65 rows=1021 width=0)
	              Index Cond: ((id >= 9732588) AND (id <= 9733587))

table 4 : explain SELECT SUM(k) FROM sbtest4 WHERE id BETWEEN 9621187 AND 9622186
	Aggregate  (cost=3813.01..3813.02 rows=1 width=8)
	  ->  Bitmap Heap Scan on sbtest4  (cost=34.49..3810.56 rows=981 width=4)
	        Recheck Cond: ((id >= 9621187) AND (id <= 9622186))
	        ->  Bitmap Index Scan on sbtest4_pkey  (cost=0.00..34.25 rows=981 width=0)
	              Index Cond: ((id >= 9621187) AND (id <= 9622186))

table 5 : explain SELECT SUM(k) FROM sbtest5 WHERE id BETWEEN 2356358 AND 2357357
	Aggregate  (cost=4005.12..4005.13 rows=1 width=8)
	  ->  Bitmap Heap Scan on sbtest5  (cost=35.03..4002.54 rows=1034 width=4)
	        Recheck Cond: ((id >= 2356358) AND (id <= 2357357))
	        ->  Bitmap Index Scan on sbtest5_pkey  (cost=0.00..34.78 rows=1034 width=0)
	              Index Cond: ((id >= 2356358) AND (id <= 2357357))

table 6 : explain SELECT SUM(k) FROM sbtest6 WHERE id BETWEEN 7843494 AND 7844493
	Aggregate  (cost=3815.61..3815.62 rows=1 width=8)
	  ->  Bitmap Heap Scan on sbtest6  (cost=34.51..3813.16 rows=983 width=4)
	        Recheck Cond: ((id >= 7843494) AND (id <= 7844493))
	        ->  Bitmap Index Scan on sbtest6_pkey  (cost=0.00..34.27 rows=983 width=0)
	              Index Cond: ((id >= 7843494) AND (id <= 7844493))

table 7 : explain SELECT SUM(k) FROM sbtest7 WHERE id BETWEEN 294653 AND 295652
	Aggregate  (cost=3756.84..3756.85 rows=1 width=8)
	  ->  Bitmap Heap Scan on sbtest7  (cost=34.34..3754.43 rows=966 width=4)
	        Recheck Cond: ((id >= 294653) AND (id <= 295652))
	        ->  Bitmap Index Scan on sbtest7_pkey  (cost=0.00..34.09 rows=966 width=0)
	              Index Cond: ((id >= 294653) AND (id <= 295652))

table 8 : explain SELECT SUM(k) FROM sbtest8 WHERE id BETWEEN 211175 AND 212174
	Aggregate  (cost=3604.85..3604.86 rows=1 width=8)
	  ->  Index Scan using sbtest8_pkey on sbtest8  (cost=0.43..3602.55 rows=919 width=4)
	        Index Cond: ((id >= 211175) AND (id <= 212174))

for point_selects
table 1 : explain SELECT c FROM sbtest1 WHERE id=9330072
	Index Scan using sbtest1_pkey on sbtest1  (cost=0.43..8.45 rows=1 width=121)
	  Index Cond: (id = 9330072)

table 2 : explain SELECT c FROM sbtest2 WHERE id=9541674
	Index Scan using sbtest2_pkey on sbtest2  (cost=0.43..8.45 rows=1 width=121)
	  Index Cond: (id = 9541674)

table 3 : explain SELECT c FROM sbtest3 WHERE id=9945975
	Index Scan using sbtest3_pkey on sbtest3  (cost=0.43..8.45 rows=1 width=121)
	  Index Cond: (id = 9945975)

table 4 : explain SELECT c FROM sbtest4 WHERE id=1355494
	Index Scan using sbtest4_pkey on sbtest4  (cost=0.43..8.45 rows=1 width=121)
	  Index Cond: (id = 1355494)

table 5 : explain SELECT c FROM sbtest5 WHERE id=89577
	Index Scan using sbtest5_pkey on sbtest5  (cost=0.43..8.45 rows=1 width=121)
	  Index Cond: (id = 89577)

table 6 : explain SELECT c FROM sbtest6 WHERE id=1347731
	Index Scan using sbtest6_pkey on sbtest6  (cost=0.43..8.45 rows=1 width=121)
	  Index Cond: (id = 1347731)

table 7 : explain SELECT c FROM sbtest7 WHERE id=8148120
	Index Scan using sbtest7_pkey on sbtest7  (cost=0.43..8.45 rows=1 width=121)
	  Index Cond: (id = 8148120)

table 8 : explain SELECT c FROM sbtest8 WHERE id=5189631
	Index Scan using sbtest8_pkey on sbtest8  (cost=0.43..8.45 rows=1 width=121)
	  Index Cond: (id = 5189631)

for: simple_ranges
table 1 : explain SELECT c FROM sbtest1 WHERE id BETWEEN 732700 AND 733699
	Bitmap Heap Scan on sbtest1  (cost=34.41..3775.98 rows=973 width=121)
	  Recheck Cond: ((id >= 732700) AND (id <= 733699))
	  ->  Bitmap Index Scan on sbtest1_pkey  (cost=0.00..34.17 rows=973 width=0)
	        Index Cond: ((id >= 732700) AND (id <= 733699))

table 2 : explain SELECT c FROM sbtest2 WHERE id BETWEEN 7620528 AND 7621527
	Bitmap Heap Scan on sbtest2  (cost=40.16..4419.11 rows=1144 width=121)
	  Recheck Cond: ((id >= 7620528) AND (id <= 7621527))
	  ->  Bitmap Index Scan on sbtest2_pkey  (cost=0.00..39.88 rows=1144 width=0)
	        Index Cond: ((id >= 7620528) AND (id <= 7621527))

table 3 : explain SELECT c FROM sbtest3 WHERE id BETWEEN 2521506 AND 2522505
	Bitmap Heap Scan on sbtest3  (cost=34.74..3898.57 rows=1005 width=121)
	  Recheck Cond: ((id >= 2521506) AND (id <= 2522505))
	  ->  Bitmap Index Scan on sbtest3_pkey  (cost=0.00..34.48 rows=1005 width=0)
	        Index Cond: ((id >= 2521506) AND (id <= 2522505))

table 4 : explain SELECT c FROM sbtest4 WHERE id BETWEEN 1278391 AND 1279390
	Bitmap Heap Scan on sbtest4  (cost=34.92..3969.31 rows=1023 width=121)
	  Recheck Cond: ((id >= 1278391) AND (id <= 1279390))
	  ->  Bitmap Index Scan on sbtest4_pkey  (cost=0.00..34.67 rows=1023 width=0)
	        Index Cond: ((id >= 1278391) AND (id <= 1279390))

table 5 : explain SELECT c FROM sbtest5 WHERE id BETWEEN 1023286 AND 1024285
	Bitmap Heap Scan on sbtest5  (cost=34.00..3621.73 rows=933 width=121)
	  Recheck Cond: ((id >= 1023286) AND (id <= 1024285))
	  ->  Bitmap Index Scan on sbtest5_pkey  (cost=0.00..33.77 rows=933 width=0)
	        Index Cond: ((id >= 1023286) AND (id <= 1024285))

table 6 : explain SELECT c FROM sbtest6 WHERE id BETWEEN 2070952 AND 2071951
	Bitmap Heap Scan on sbtest6  (cost=34.47..3798.06 rows=979 width=121)
	  Recheck Cond: ((id >= 2070952) AND (id <= 2071951))
	  ->  Bitmap Index Scan on sbtest6_pkey  (cost=0.00..34.23 rows=979 width=0)
	        Index Cond: ((id >= 2070952) AND (id <= 2071951))

table 7 : explain SELECT c FROM sbtest7 WHERE id BETWEEN 3603441 AND 3604440
	Bitmap Heap Scan on sbtest7  (cost=33.92..3599.13 rows=925 width=121)
	  Recheck Cond: ((id >= 3603441) AND (id <= 3604440))
	  ->  Bitmap Index Scan on sbtest7_pkey  (cost=0.00..33.69 rows=925 width=0)
	        Index Cond: ((id >= 3603441) AND (id <= 3604440))

table 8 : explain SELECT c FROM sbtest8 WHERE id BETWEEN 3642009 AND 3643008
	Index Scan using sbtest8_pkey on sbtest8  (cost=0.43..3707.79 rows=946 width=121)
	  Index Cond: ((id >= 3642009) AND (id <= 3643008))

for point_selects
table 1 : explain SELECT c FROM sbtest1 WHERE id=687023
	Index Scan using sbtest1_pkey on sbtest1  (cost=0.43..8.45 rows=1 width=121)
	  Index Cond: (id = 687023)

table 2 : explain SELECT c FROM sbtest2 WHERE id=5183974
	Index Scan using sbtest2_pkey on sbtest2  (cost=0.43..8.45 rows=1 width=121)
	  Index Cond: (id = 5183974)

table 3 : explain SELECT c FROM sbtest3 WHERE id=7239748
	Index Scan using sbtest3_pkey on sbtest3  (cost=0.43..8.45 rows=1 width=121)
	  Index Cond: (id = 7239748)

table 4 : explain SELECT c FROM sbtest4 WHERE id=5755108
	Index Scan using sbtest4_pkey on sbtest4  (cost=0.43..8.45 rows=1 width=121)
	  Index Cond: (id = 5755108)

table 5 : explain SELECT c FROM sbtest5 WHERE id=7186553
	Index Scan using sbtest5_pkey on sbtest5  (cost=0.43..8.45 rows=1 width=121)
	  Index Cond: (id = 7186553)

table 6 : explain SELECT c FROM sbtest6 WHERE id=2650470
	Index Scan using sbtest6_pkey on sbtest6  (cost=0.43..8.45 rows=1 width=121)
	  Index Cond: (id = 2650470)

table 7 : explain SELECT c FROM sbtest7 WHERE id=1207249
	Index Scan using sbtest7_pkey on sbtest7  (cost=0.43..8.45 rows=1 width=121)
	  Index Cond: (id = 1207249)

table 8 : explain SELECT c FROM sbtest8 WHERE id=1759164
	Index Scan using sbtest8_pkey on sbtest8  (cost=0.43..8.45 rows=1 width=121)
	  Index Cond: (id = 1759164)

for point_selects
table 1 : explain SELECT c FROM sbtest1 WHERE id=3312810
	Index Scan using sbtest1_pkey on sbtest1  (cost=0.43..8.45 rows=1 width=121)
	  Index Cond: (id = 3312810)

table 2 : explain SELECT c FROM sbtest2 WHERE id=4471358
	Index Scan using sbtest2_pkey on sbtest2  (cost=0.43..8.45 rows=1 width=121)
	  Index Cond: (id = 4471358)

table 3 : explain SELECT c FROM sbtest3 WHERE id=1376951
	Index Scan using sbtest3_pkey on sbtest3  (cost=0.43..8.45 rows=1 width=121)
	  Index Cond: (id = 1376951)

table 4 : explain SELECT c FROM sbtest4 WHERE id=1468508
	Index Scan using sbtest4_pkey on sbtest4  (cost=0.43..8.45 rows=1 width=121)
	  Index Cond: (id = 1468508)

table 5 : explain SELECT c FROM sbtest5 WHERE id=5194881
	Index Scan using sbtest5_pkey on sbtest5  (cost=0.43..8.45 rows=1 width=121)
	  Index Cond: (id = 5194881)

table 6 : explain SELECT c FROM sbtest6 WHERE id=8449034
	Index Scan using sbtest6_pkey on sbtest6  (cost=0.43..8.45 rows=1 width=121)
	  Index Cond: (id = 8449034)

table 7 : explain SELECT c FROM sbtest7 WHERE id=3904456
	Index Scan using sbtest7_pkey on sbtest7  (cost=0.43..8.45 rows=1 width=121)
	  Index Cond: (id = 3904456)

table 8 : explain SELECT c FROM sbtest8 WHERE id=8898856
	Index Scan using sbtest8_pkey on sbtest8  (cost=0.43..8.45 rows=1 width=121)
	  Index Cond: (id = 8898856)

for point_selects
table 1 : explain SELECT c FROM sbtest1 WHERE id=2798314
	Index Scan using sbtest1_pkey on sbtest1  (cost=0.43..8.45 rows=1 width=121)
	  Index Cond: (id = 2798314)

table 2 : explain SELECT c FROM sbtest2 WHERE id=2422908
	Index Scan using sbtest2_pkey on sbtest2  (cost=0.43..8.45 rows=1 width=121)
	  Index Cond: (id = 2422908)

table 3 : explain SELECT c FROM sbtest3 WHERE id=8771212
	Index Scan using sbtest3_pkey on sbtest3  (cost=0.43..8.45 rows=1 width=121)
	  Index Cond: (id = 8771212)

table 4 : explain SELECT c FROM sbtest4 WHERE id=2756397
	Index Scan using sbtest4_pkey on sbtest4  (cost=0.43..8.45 rows=1 width=121)
	  Index Cond: (id = 2756397)

table 5 : explain SELECT c FROM sbtest5 WHERE id=7733669
	Index Scan using sbtest5_pkey on sbtest5  (cost=0.43..8.45 rows=1 width=121)
	  Index Cond: (id = 7733669)

table 6 : explain SELECT c FROM sbtest6 WHERE id=7356942
	Index Scan using sbtest6_pkey on sbtest6  (cost=0.43..8.45 rows=1 width=121)
	  Index Cond: (id = 7356942)

table 7 : explain SELECT c FROM sbtest7 WHERE id=9244587
	Index Scan using sbtest7_pkey on sbtest7  (cost=0.43..8.45 rows=1 width=121)
	  Index Cond: (id = 9244587)

table 8 : explain SELECT c FROM sbtest8 WHERE id=4937712
	Index Scan using sbtest8_pkey on sbtest8  (cost=0.43..8.45 rows=1 width=121)
	  Index Cond: (id = 4937712)

for: simple_ranges
table 1 : explain SELECT c FROM sbtest1 WHERE id BETWEEN 7786368 AND 7787367
	Bitmap Heap Scan on sbtest1  (cost=34.19..3696.64 rows=952 width=121)
	  Recheck Cond: ((id >= 7786368) AND (id <= 7787367))
	  ->  Bitmap Index Scan on sbtest1_pkey  (cost=0.00..33.95 rows=952 width=0)
	        Index Cond: ((id >= 7786368) AND (id <= 7787367))

table 2 : explain SELECT c FROM sbtest2 WHERE id BETWEEN 354125 AND 355124
	Bitmap Heap Scan on sbtest2  (cost=34.64..3861.88 rows=996 width=121)
	  Recheck Cond: ((id >= 354125) AND (id <= 355124))
	  ->  Bitmap Index Scan on sbtest2_pkey  (cost=0.00..34.40 rows=996 width=0)
	        Index Cond: ((id >= 354125) AND (id <= 355124))

table 3 : explain SELECT c FROM sbtest3 WHERE id BETWEEN 3405853 AND 3406852
	Bitmap Heap Scan on sbtest3  (cost=34.08..3656.68 rows=941 width=121)
	  Recheck Cond: ((id >= 3405853) AND (id <= 3406852))
	  ->  Bitmap Index Scan on sbtest3_pkey  (cost=0.00..33.84 rows=941 width=0)
	        Index Cond: ((id >= 3405853) AND (id <= 3406852))

table 4 : explain SELECT c FROM sbtest4 WHERE id BETWEEN 6033912 AND 6034911
	Bitmap Heap Scan on sbtest4  (cost=34.71..3889.96 rows=1002 width=121)
	  Recheck Cond: ((id >= 6033912) AND (id <= 6034911))
	  ->  Bitmap Index Scan on sbtest4_pkey  (cost=0.00..34.45 rows=1002 width=0)
	        Index Cond: ((id >= 6033912) AND (id <= 6034911))

table 5 : explain SELECT c FROM sbtest5 WHERE id BETWEEN 1719609 AND 1720608
	Bitmap Heap Scan on sbtest5  (cost=34.48..3799.10 rows=980 width=121)
	  Recheck Cond: ((id >= 1719609) AND (id <= 1720608))
	  ->  Bitmap Index Scan on sbtest5_pkey  (cost=0.00..34.23 rows=980 width=0)
	        Index Cond: ((id >= 1719609) AND (id <= 1720608))

table 6 : explain SELECT c FROM sbtest6 WHERE id BETWEEN 2687799 AND 2688798
	Bitmap Heap Scan on sbtest6  (cost=34.79..3915.02 rows=1010 width=121)
	  Recheck Cond: ((id >= 2687799) AND (id <= 2688798))
	  ->  Bitmap Index Scan on sbtest6_pkey  (cost=0.00..34.54 rows=1010 width=0)
	        Index Cond: ((id >= 2687799) AND (id <= 2688798))

table 7 : explain SELECT c FROM sbtest7 WHERE id BETWEEN 6646875 AND 6647874
	Bitmap Heap Scan on sbtest7  (cost=29.49..3435.82 rows=883 width=121)
	  Recheck Cond: ((id >= 6646875) AND (id <= 6647874))
	  ->  Bitmap Index Scan on sbtest7_pkey  (cost=0.00..29.26 rows=883 width=0)
	        Index Cond: ((id >= 6646875) AND (id <= 6647874))

table 8 : explain SELECT c FROM sbtest8 WHERE id BETWEEN 8148660 AND 8149659
	Bitmap Heap Scan on sbtest8  (cost=35.20..4070.19 rows=1050 width=121)
	  Recheck Cond: ((id >= 8148660) AND (id <= 8149659))
	  ->  Bitmap Index Scan on sbtest8_pkey  (cost=0.00..34.94 rows=1050 width=0)
	        Index Cond: ((id >= 8148660) AND (id <= 8149659))

for: order_ranges
table 1 : explain SELECT c FROM sbtest1 WHERE id BETWEEN 4265276 AND 4266275 ORDER BY c
	Sort  (cost=4375.27..4378.06 rows=1116 width=121)
	  Sort Key: c
	  ->  Bitmap Heap Scan on sbtest1  (cost=39.87..4318.78 rows=1116 width=121)
	        Recheck Cond: ((id >= 4265276) AND (id <= 4266275))
	        ->  Bitmap Index Scan on sbtest1_pkey  (cost=0.00..39.59 rows=1116 width=0)
	              Index Cond: ((id >= 4265276) AND (id <= 4266275))

table 2 : explain SELECT c FROM sbtest2 WHERE id BETWEEN 6902434 AND 6903433 ORDER BY c
	Sort  (cost=4121.92..4124.55 rows=1051 width=121)
	  Sort Key: c
	  ->  Bitmap Heap Scan on sbtest2  (cost=35.21..4069.18 rows=1051 width=121)
	        Recheck Cond: ((id >= 6902434) AND (id <= 6903433))
	        ->  Bitmap Index Scan on sbtest2_pkey  (cost=0.00..34.95 rows=1051 width=0)
	              Index Cond: ((id >= 6902434) AND (id <= 6903433))

table 3 : explain SELECT c FROM sbtest3 WHERE id BETWEEN 9262508 AND 9263507 ORDER BY c
	Sort  (cost=4055.94..4058.53 rows=1033 width=121)
	  Sort Key: c
	  ->  Bitmap Heap Scan on sbtest3  (cost=35.02..4004.23 rows=1033 width=121)
	        Recheck Cond: ((id >= 9262508) AND (id <= 9263507))
	        ->  Bitmap Index Scan on sbtest3_pkey  (cost=0.00..34.77 rows=1033 width=0)
	              Index Cond: ((id >= 9262508) AND (id <= 9263507))

table 4 : explain SELECT c FROM sbtest4 WHERE id BETWEEN 2582184 AND 2583183 ORDER BY c
	Sort  (cost=3893.85..3896.33 rows=990 width=121)
	  Sort Key: c
	  ->  Bitmap Heap Scan on sbtest4  (cost=34.58..3844.59 rows=990 width=121)
	        Recheck Cond: ((id >= 2582184) AND (id <= 2583183))
	        ->  Bitmap Index Scan on sbtest4_pkey  (cost=0.00..34.34 rows=990 width=0)
	              Index Cond: ((id >= 2582184) AND (id <= 2583183))

table 5 : explain SELECT c FROM sbtest5 WHERE id BETWEEN 7126056 AND 7127055 ORDER BY c
	Sort  (cost=4344.64..4347.42 rows=1110 width=121)
	  Sort Key: c
	  ->  Bitmap Heap Scan on sbtest5  (cost=39.81..4288.50 rows=1110 width=121)
	        Recheck Cond: ((id >= 7126056) AND (id <= 7127055))
	        ->  Bitmap Index Scan on sbtest5_pkey  (cost=0.00..39.54 rows=1110 width=0)
	              Index Cond: ((id >= 7126056) AND (id <= 7127055))

table 6 : explain SELECT c FROM sbtest6 WHERE id BETWEEN 4862934 AND 4863933 ORDER BY c
	Sort  (cost=3716.33..3718.69 rows=945 width=121)
	  Sort Key: c
	  ->  Bitmap Heap Scan on sbtest6  (cost=34.12..3669.63 rows=945 width=121)
	        Recheck Cond: ((id >= 4862934) AND (id <= 4863933))
	        ->  Bitmap Index Scan on sbtest6_pkey  (cost=0.00..33.89 rows=945 width=0)
	              Index Cond: ((id >= 4862934) AND (id <= 4863933))

table 7 : explain SELECT c FROM sbtest7 WHERE id BETWEEN 6231593 AND 6232592 ORDER BY c
	Sort  (cost=3929.04..3931.54 rows=999 width=121)
	  Sort Key: c
	  ->  Bitmap Heap Scan on sbtest7  (cost=34.67..3879.27 rows=999 width=121)
	        Recheck Cond: ((id >= 6231593) AND (id <= 6232592))
	        ->  Bitmap Index Scan on sbtest7_pkey  (cost=0.00..34.43 rows=999 width=0)
	              Index Cond: ((id >= 6231593) AND (id <= 6232592))

table 8 : explain SELECT c FROM sbtest8 WHERE id BETWEEN 6019275 AND 6020274 ORDER BY c
	Sort  (cost=3813.88..3816.28 rows=961 width=121)
	  Sort Key: c
	  ->  Index Scan using sbtest8_pkey on sbtest8  (cost=0.43..3766.27 rows=961 width=121)
	        Index Cond: ((id >= 6019275) AND (id <= 6020274))

explain: for point_selects :: explain SELECT c FROM sbtest%u WHERE id=%u
for: sum_ranges
table 1 : explain SELECT SUM(k) FROM sbtest1 WHERE id BETWEEN 3058660 AND 3059659
	Aggregate  (cost=3933.26..3933.27 rows=1 width=8)
	  ->  Bitmap Heap Scan on sbtest1  (cost=34.83..3930.72 rows=1014 width=4)
	        Recheck Cond: ((id >= 3058660) AND (id <= 3059659))
	        ->  Bitmap Index Scan on sbtest1_pkey  (cost=0.00..34.58 rows=1014 width=0)
	              Index Cond: ((id >= 3058660) AND (id <= 3059659))

table 2 : explain SELECT SUM(k) FROM sbtest2 WHERE id BETWEEN 4665187 AND 4666186
	Aggregate  (cost=3819.06..3819.07 rows=1 width=8)
	  ->  Bitmap Heap Scan on sbtest2  (cost=34.52..3816.60 rows=984 width=4)
	        Recheck Cond: ((id >= 4665187) AND (id <= 4666186))
	        ->  Bitmap Index Scan on sbtest2_pkey  (cost=0.00..34.28 rows=984 width=0)
	              Index Cond: ((id >= 4665187) AND (id <= 4666186))

table 3 : explain SELECT SUM(k) FROM sbtest3 WHERE id BETWEEN 6156963 AND 6157962
	Aggregate  (cost=4323.67..4323.68 rows=1 width=8)
	  ->  Bitmap Heap Scan on sbtest3  (cost=39.87..4320.88 rows=1116 width=4)
	        Recheck Cond: ((id >= 6156963) AND (id <= 6157962))
	        ->  Bitmap Index Scan on sbtest3_pkey  (cost=0.00..39.59 rows=1116 width=0)
	              Index Cond: ((id >= 6156963) AND (id <= 6157962))

table 4 : explain SELECT SUM(k) FROM sbtest4 WHERE id BETWEEN 5798575 AND 5799574
	Aggregate  (cost=3786.51..3786.52 rows=1 width=8)
	  ->  Bitmap Heap Scan on sbtest4  (cost=34.42..3784.08 rows=974 width=4)
	        Recheck Cond: ((id >= 5798575) AND (id <= 5799574))
	        ->  Bitmap Index Scan on sbtest4_pkey  (cost=0.00..34.18 rows=974 width=0)
	              Index Cond: ((id >= 5798575) AND (id <= 5799574))

table 5 : explain SELECT SUM(k) FROM sbtest5 WHERE id BETWEEN 5411886 AND 5412885
	Aggregate  (cost=3620.28..3620.29 rows=1 width=8)
	  ->  Bitmap Heap Scan on sbtest5  (cost=33.99..3617.95 rows=932 width=4)
	        Recheck Cond: ((id >= 5411886) AND (id <= 5412885))
	        ->  Bitmap Index Scan on sbtest5_pkey  (cost=0.00..33.76 rows=932 width=0)
	              Index Cond: ((id >= 5411886) AND (id <= 5412885))

table 6 : explain SELECT SUM(k) FROM sbtest6 WHERE id BETWEEN 7416186 AND 7417185
	Aggregate  (cost=3811.84..3811.85 rows=1 width=8)
	  ->  Bitmap Heap Scan on sbtest6  (cost=34.50..3809.38 rows=982 width=4)
	        Recheck Cond: ((id >= 7416186) AND (id <= 7417185))
	        ->  Bitmap Index Scan on sbtest6_pkey  (cost=0.00..34.26 rows=982 width=0)
	              Index Cond: ((id >= 7416186) AND (id <= 7417185))

table 7 : explain SELECT SUM(k) FROM sbtest7 WHERE id BETWEEN 2647230 AND 2648229
	Aggregate  (cost=3669.69..3669.70 rows=1 width=8)
	  ->  Bitmap Heap Scan on sbtest7  (cost=34.10..3667.33 rows=943 width=4)
	        Recheck Cond: ((id >= 2647230) AND (id <= 2648229))
	        ->  Bitmap Index Scan on sbtest7_pkey  (cost=0.00..33.87 rows=943 width=0)
	              Index Cond: ((id >= 2647230) AND (id <= 2648229))

table 8 : explain SELECT SUM(k) FROM sbtest8 WHERE id BETWEEN 7126913 AND 7127912
	Aggregate  (cost=3842.75..3842.76 rows=1 width=8)
	  ->  Index Scan using sbtest8_pkey on sbtest8  (cost=0.43..3840.30 rows=980 width=4)
	        Index Cond: ((id >= 7126913) AND (id <= 7127912))

for: sum_ranges
table 1 : explain SELECT SUM(k) FROM sbtest1 WHERE id BETWEEN 6716362 AND 6717361
	Aggregate  (cost=3740.62..3740.63 rows=1 width=8)
	  ->  Bitmap Heap Scan on sbtest1  (cost=34.31..3738.21 rows=963 width=4)
	        Recheck Cond: ((id >= 6716362) AND (id <= 6717361))
	        ->  Bitmap Index Scan on sbtest1_pkey  (cost=0.00..34.07 rows=963 width=0)
	              Index Cond: ((id >= 6716362) AND (id <= 6717361))

table 2 : explain SELECT SUM(k) FROM sbtest2 WHERE id BETWEEN 7480643 AND 7481642
	Aggregate  (cost=3890.79..3890.80 rows=1 width=8)
	  ->  Bitmap Heap Scan on sbtest2  (cost=34.72..3888.29 rows=1003 width=4)
	        Recheck Cond: ((id >= 7480643) AND (id <= 7481642))
	        ->  Bitmap Index Scan on sbtest2_pkey  (cost=0.00..34.47 rows=1003 width=0)
	              Index Cond: ((id >= 7480643) AND (id <= 7481642))

table 3 : explain SELECT SUM(k) FROM sbtest3 WHERE id BETWEEN 7307604 AND 7308603
	Aggregate  (cost=3897.30..3897.31 rows=1 width=8)
	  ->  Bitmap Heap Scan on sbtest3  (cost=34.73..3894.79 rows=1004 width=4)
	        Recheck Cond: ((id >= 7307604) AND (id <= 7308603))
	        ->  Bitmap Index Scan on sbtest3_pkey  (cost=0.00..34.48 rows=1004 width=0)
	              Index Cond: ((id >= 7307604) AND (id <= 7308603))

table 4 : explain SELECT SUM(k) FROM sbtest4 WHERE id BETWEEN 4658247 AND 4659246
	Aggregate  (cost=3990.77..3990.78 rows=1 width=8)
	  ->  Bitmap Heap Scan on sbtest4  (cost=34.97..3988.20 rows=1028 width=4)
	        Recheck Cond: ((id >= 4658247) AND (id <= 4659246))
	        ->  Bitmap Index Scan on sbtest4_pkey  (cost=0.00..34.72 rows=1028 width=0)
	              Index Cond: ((id >= 4658247) AND (id <= 4659246))

table 5 : explain SELECT SUM(k) FROM sbtest5 WHERE id BETWEEN 2750437 AND 2751436
	Aggregate  (cost=4027.72..4027.73 rows=1 width=8)
	  ->  Bitmap Heap Scan on sbtest5  (cost=35.09..4025.12 rows=1040 width=4)
	        Recheck Cond: ((id >= 2750437) AND (id <= 2751436))
	        ->  Bitmap Index Scan on sbtest5_pkey  (cost=0.00..34.84 rows=1040 width=0)
	              Index Cond: ((id >= 2750437) AND (id <= 2751436))

table 6 : explain SELECT SUM(k) FROM sbtest6 WHERE id BETWEEN 8028066 AND 8029065
	Aggregate  (cost=3743.83..3743.84 rows=1 width=8)
	  ->  Bitmap Heap Scan on sbtest6  (cost=34.32..3741.42 rows=964 width=4)
	        Recheck Cond: ((id >= 8028066) AND (id <= 8029065))
	        ->  Bitmap Index Scan on sbtest6_pkey  (cost=0.00..34.08 rows=964 width=0)
	              Index Cond: ((id >= 8028066) AND (id <= 8029065))

table 7 : explain SELECT SUM(k) FROM sbtest7 WHERE id BETWEEN 4920773 AND 4921772
	Aggregate  (cost=3881.77..3881.78 rows=1 width=8)
	  ->  Bitmap Heap Scan on sbtest7  (cost=34.67..3879.27 rows=999 width=4)
	        Recheck Cond: ((id >= 4920773) AND (id <= 4921772))
	        ->  Bitmap Index Scan on sbtest7_pkey  (cost=0.00..34.43 rows=999 width=0)
	              Index Cond: ((id >= 4920773) AND (id <= 4921772))

table 8 : explain SELECT SUM(k) FROM sbtest8 WHERE id BETWEEN 183953 AND 184952
	Aggregate  (cost=3795.96..3795.97 rows=1 width=8)
	  ->  Index Scan using sbtest8_pkey on sbtest8  (cost=0.43..3793.54 rows=968 width=4)
	        Index Cond: ((id >= 183953) AND (id <= 184952))

for: order_ranges
table 1 : explain SELECT c FROM sbtest1 WHERE id BETWEEN 9295777 AND 9296776 ORDER BY c
	Sort  (cost=3590.20..3592.48 rows=912 width=121)
	  Sort Key: c
	  ->  Bitmap Heap Scan on sbtest1  (cost=33.78..3545.36 rows=912 width=121)
	        Recheck Cond: ((id >= 9295777) AND (id <= 9296776))
	        ->  Bitmap Index Scan on sbtest1_pkey  (cost=0.00..33.56 rows=912 width=0)
	              Index Cond: ((id >= 9295777) AND (id <= 9296776))

table 2 : explain SELECT c FROM sbtest2 WHERE id BETWEEN 3873830 AND 3874829 ORDER BY c
	Sort  (cost=3815.71..3818.14 rows=971 width=121)
	  Sort Key: c
	  ->  Bitmap Heap Scan on sbtest2  (cost=34.39..3767.53 rows=971 width=121)
	        Recheck Cond: ((id >= 3873830) AND (id <= 3874829))
	        ->  Bitmap Index Scan on sbtest2_pkey  (cost=0.00..34.15 rows=971 width=0)
	              Index Cond: ((id >= 3873830) AND (id <= 3874829))

table 3 : explain SELECT c FROM sbtest3 WHERE id BETWEEN 4013225 AND 4014224 ORDER BY c
	Sort  (cost=3691.64..3693.99 rows=938 width=121)
	  Sort Key: c
	  ->  Bitmap Heap Scan on sbtest3  (cost=34.05..3645.33 rows=938 width=121)
	        Recheck Cond: ((id >= 4013225) AND (id <= 4014224))
	        ->  Bitmap Index Scan on sbtest3_pkey  (cost=0.00..33.82 rows=938 width=0)
	              Index Cond: ((id >= 4013225) AND (id <= 4014224))

table 4 : explain SELECT c FROM sbtest4 WHERE id BETWEEN 6772701 AND 6773700 ORDER BY c
	Sort  (cost=3847.79..3850.23 rows=978 width=121)
	  Sort Key: c
	  ->  Bitmap Heap Scan on sbtest4  (cost=34.46..3799.21 rows=978 width=121)
	        Recheck Cond: ((id >= 6772701) AND (id <= 6773700))
	        ->  Bitmap Index Scan on sbtest4_pkey  (cost=0.00..34.22 rows=978 width=0)
	              Index Cond: ((id >= 6772701) AND (id <= 6773700))

table 5 : explain SELECT c FROM sbtest5 WHERE id BETWEEN 4411620 AND 4412619 ORDER BY c
	Sort  (cost=4012.27..4014.83 rows=1023 width=121)
	  Sort Key: c
	  ->  Bitmap Heap Scan on sbtest5  (cost=34.92..3961.13 rows=1023 width=121)
	        Recheck Cond: ((id >= 4411620) AND (id <= 4412619))
	        ->  Bitmap Index Scan on sbtest5_pkey  (cost=0.00..34.67 rows=1023 width=0)
	              Index Cond: ((id >= 4411620) AND (id <= 4412619))

table 6 : explain SELECT c FROM sbtest6 WHERE id BETWEEN 8623391 AND 8624390 ORDER BY c
	Sort  (cost=4080.22..4082.82 rows=1040 width=121)
	  Sort Key: c
	  ->  Bitmap Heap Scan on sbtest6  (cost=35.09..4028.10 rows=1040 width=121)
	        Recheck Cond: ((id >= 8623391) AND (id <= 8624390))
	        ->  Bitmap Index Scan on sbtest6_pkey  (cost=0.00..34.84 rows=1040 width=0)
	              Index Cond: ((id >= 8623391) AND (id <= 8624390))

table 7 : explain SELECT c FROM sbtest7 WHERE id BETWEEN 3183025 AND 3184024 ORDER BY c
	Sort  (cost=3582.98..3585.26 rows=910 width=121)
	  Sort Key: c
	  ->  Bitmap Heap Scan on sbtest7  (cost=29.76..3538.26 rows=910 width=121)
	        Recheck Cond: ((id >= 3183025) AND (id <= 3184024))
	        ->  Bitmap Index Scan on sbtest7_pkey  (cost=0.00..29.54 rows=910 width=0)
	              Index Cond: ((id >= 3183025) AND (id <= 3184024))

table 8 : explain SELECT c FROM sbtest8 WHERE id BETWEEN 3325031 AND 3326030 ORDER BY c
	Sort  (cost=3885.04..3887.49 rows=979 width=121)
	  Sort Key: c
	  ->  Index Scan using sbtest8_pkey on sbtest8  (cost=0.43..3836.41 rows=979 width=121)
	        Index Cond: ((id >= 3325031) AND (id <= 3326030))

for point_selects
table 1 : explain SELECT c FROM sbtest1 WHERE id=8612238
	Index Scan using sbtest1_pkey on sbtest1  (cost=0.43..8.45 rows=1 width=121)
	  Index Cond: (id = 8612238)

table 2 : explain SELECT c FROM sbtest2 WHERE id=1959326
	Index Scan using sbtest2_pkey on sbtest2  (cost=0.43..8.45 rows=1 width=121)
	  Index Cond: (id = 1959326)

table 3 : explain SELECT c FROM sbtest3 WHERE id=4719014
	Index Scan using sbtest3_pkey on sbtest3  (cost=0.43..8.45 rows=1 width=121)
	  Index Cond: (id = 4719014)

table 4 : explain SELECT c FROM sbtest4 WHERE id=3352812
	Index Scan using sbtest4_pkey on sbtest4  (cost=0.43..8.45 rows=1 width=121)
	  Index Cond: (id = 3352812)

table 5 : explain SELECT c FROM sbtest5 WHERE id=8139912
	Index Scan using sbtest5_pkey on sbtest5  (cost=0.43..8.45 rows=1 width=121)
	  Index Cond: (id = 8139912)

table 6 : explain SELECT c FROM sbtest6 WHERE id=8796655
	Index Scan using sbtest6_pkey on sbtest6  (cost=0.43..8.45 rows=1 width=121)
	  Index Cond: (id = 8796655)

table 7 : explain SELECT c FROM sbtest7 WHERE id=6361924
	Index Scan using sbtest7_pkey on sbtest7  (cost=0.43..8.45 rows=1 width=121)
	  Index Cond: (id = 6361924)

table 8 : explain SELECT c FROM sbtest8 WHERE id=3053419
	Index Scan using sbtest8_pkey on sbtest8  (cost=0.43..8.45 rows=1 width=121)
	  Index Cond: (id = 3053419)

for: simple_ranges
table 1 : explain SELECT c FROM sbtest1 WHERE id BETWEEN 1332575 AND 1333574
	Bitmap Heap Scan on sbtest1  (cost=35.17..4055.12 rows=1047 width=121)
	  Recheck Cond: ((id >= 1332575) AND (id <= 1333574))
	  ->  Bitmap Index Scan on sbtest1_pkey  (cost=0.00..34.91 rows=1047 width=0)
	        Index Cond: ((id >= 1332575) AND (id <= 1333574))

table 2 : explain SELECT c FROM sbtest2 WHERE id BETWEEN 2842205 AND 2843204
	Bitmap Heap Scan on sbtest2  (cost=40.38..4497.93 rows=1165 width=121)
	  Recheck Cond: ((id >= 2842205) AND (id <= 2843204))
	  ->  Bitmap Index Scan on sbtest2_pkey  (cost=0.00..40.09 rows=1165 width=0)
	        Index Cond: ((id >= 2842205) AND (id <= 2843204))

table 3 : explain SELECT c FROM sbtest3 WHERE id BETWEEN 6454462 AND 6455461
	Bitmap Heap Scan on sbtest3  (cost=34.47..3800.36 rows=979 width=121)
	  Recheck Cond: ((id >= 6454462) AND (id <= 6455461))
	  ->  Bitmap Index Scan on sbtest3_pkey  (cost=0.00..34.23 rows=979 width=0)
	        Index Cond: ((id >= 6454462) AND (id <= 6455461))

table 4 : explain SELECT c FROM sbtest4 WHERE id BETWEEN 6127594 AND 6128593
	Bitmap Heap Scan on sbtest4  (cost=34.50..3814.34 rows=982 width=121)
	  Recheck Cond: ((id >= 6127594) AND (id <= 6128593))
	  ->  Bitmap Index Scan on sbtest4_pkey  (cost=0.00..34.26 rows=982 width=0)
	        Index Cond: ((id >= 6127594) AND (id <= 6128593))

table 5 : explain SELECT c FROM sbtest5 WHERE id BETWEEN 4510966 AND 4511965
	Bitmap Heap Scan on sbtest5  (cost=34.21..3701.02 rows=954 width=121)
	  Recheck Cond: ((id >= 4510966) AND (id <= 4511965))
	  ->  Bitmap Index Scan on sbtest5_pkey  (cost=0.00..33.98 rows=954 width=0)
	        Index Cond: ((id >= 4510966) AND (id <= 4511965))

table 6 : explain SELECT c FROM sbtest6 WHERE id BETWEEN 6435385 AND 6436384
	Bitmap Heap Scan on sbtest6  (cost=29.60..3472.70 rows=894 width=121)
	  Recheck Cond: ((id >= 6435385) AND (id <= 6436384))
	  ->  Bitmap Index Scan on sbtest6_pkey  (cost=0.00..29.37 rows=894 width=0)
	        Index Cond: ((id >= 6435385) AND (id <= 6436384))

table 7 : explain SELECT c FROM sbtest7 WHERE id BETWEEN 8756080 AND 8757079
	Bitmap Heap Scan on sbtest7  (cost=34.44..3792.27 rows=976 width=121)
	  Recheck Cond: ((id >= 8756080) AND (id <= 8757079))
	  ->  Bitmap Index Scan on sbtest7_pkey  (cost=0.00..34.20 rows=976 width=0)
	        Index Cond: ((id >= 8756080) AND (id <= 8757079))

table 8 : explain SELECT c FROM sbtest8 WHERE id BETWEEN 7279933 AND 7280932
	Index Scan using sbtest8_pkey on sbtest8  (cost=0.43..4000.12 rows=1021 width=121)
	  Index Cond: ((id >= 7279933) AND (id <= 7280932))

for: sum_ranges
table 1 : explain SELECT SUM(k) FROM sbtest1 WHERE id BETWEEN 8803352 AND 8804351
	Aggregate  (cost=3642.28..3642.29 rows=1 width=8)
	  ->  Bitmap Heap Scan on sbtest1  (cost=34.04..3639.94 rows=937 width=4)
	        Recheck Cond: ((id >= 8803352) AND (id <= 8804351))
	        ->  Bitmap Index Scan on sbtest1_pkey  (cost=0.00..33.81 rows=937 width=0)
	              Index Cond: ((id >= 8803352) AND (id <= 8804351))

table 2 : explain SELECT SUM(k) FROM sbtest2 WHERE id BETWEEN 7874284 AND 7875283
	Aggregate  (cost=3539.04..3539.05 rows=1 width=8)
	  ->  Bitmap Heap Scan on sbtest2  (cost=29.77..3536.76 rows=911 width=4)
	        Recheck Cond: ((id >= 7874284) AND (id <= 7875283))
	        ->  Bitmap Index Scan on sbtest2_pkey  (cost=0.00..29.54 rows=911 width=0)
	              Index Cond: ((id >= 7874284) AND (id <= 7875283))

table 3 : explain SELECT SUM(k) FROM sbtest3 WHERE id BETWEEN 4677953 AND 4678952
	Aggregate  (cost=3950.18..3950.19 rows=1 width=8)
	  ->  Bitmap Heap Scan on sbtest3  (cost=34.87..3947.64 rows=1018 width=4)
	        Recheck Cond: ((id >= 4677953) AND (id <= 4678952))
	        ->  Bitmap Index Scan on sbtest3_pkey  (cost=0.00..34.62 rows=1018 width=0)
	              Index Cond: ((id >= 4677953) AND (id <= 4678952))

table 4 : explain SELECT SUM(k) FROM sbtest4 WHERE id BETWEEN 8171360 AND 8172359
	Aggregate  (cost=3767.58..3767.59 rows=1 width=8)
	  ->  Bitmap Heap Scan on sbtest4  (cost=34.37..3765.16 rows=969 width=4)
	        Recheck Cond: ((id >= 8171360) AND (id <= 8172359))
	        ->  Bitmap Index Scan on sbtest4_pkey  (cost=0.00..34.12 rows=969 width=0)
	              Index Cond: ((id >= 8171360) AND (id <= 8172359))

table 5 : explain SELECT SUM(k) FROM sbtest5 WHERE id BETWEEN 236294 AND 237293
	Aggregate  (cost=4121.82..4121.83 rows=1 width=8)
	  ->  Bitmap Heap Scan on sbtest5  (cost=35.35..4119.16 rows=1065 width=4)
	        Recheck Cond: ((id >= 236294) AND (id <= 237293))
	        ->  Bitmap Index Scan on sbtest5_pkey  (cost=0.00..35.09 rows=1065 width=0)
	              Index Cond: ((id >= 236294) AND (id <= 237293))

table 6 : explain SELECT SUM(k) FROM sbtest6 WHERE id BETWEEN 1243270 AND 1244269
	Aggregate  (cost=4381.04..4381.05 rows=1 width=8)
	  ->  Bitmap Heap Scan on sbtest6  (cost=40.05..4378.21 rows=1133 width=4)
	        Recheck Cond: ((id >= 1243270) AND (id <= 1244269))
	        ->  Bitmap Index Scan on sbtest6_pkey  (cost=0.00..39.77 rows=1133 width=0)
	              Index Cond: ((id >= 1243270) AND (id <= 1244269))

table 7 : explain SELECT SUM(k) FROM sbtest7 WHERE id BETWEEN 9628382 AND 9629381
	Aggregate  (cost=4119.90..4119.91 rows=1 width=8)
	  ->  Bitmap Heap Scan on sbtest7  (cost=35.32..4117.25 rows=1062 width=4)
	        Recheck Cond: ((id >= 9628382) AND (id <= 9629381))
	        ->  Bitmap Index Scan on sbtest7_pkey  (cost=0.00..35.06 rows=1062 width=0)
	              Index Cond: ((id >= 9628382) AND (id <= 9629381))

table 8 : explain SELECT SUM(k) FROM sbtest8 WHERE id BETWEEN 1920700 AND 1921699
	Aggregate  (cost=3870.05..3870.06 rows=1 width=8)
	  ->  Index Scan using sbtest8_pkey on sbtest8  (cost=0.43..3867.58 rows=987 width=4)
	        Index Cond: ((id >= 1920700) AND (id <= 1921699))

for: order_ranges
table 1 : explain SELECT c FROM sbtest1 WHERE id BETWEEN 7155217 AND 7156216 ORDER BY c
	Sort  (cost=3954.55..3957.06 rows=1007 width=121)
	  Sort Key: c
	  ->  Bitmap Heap Scan on sbtest1  (cost=34.76..3904.32 rows=1007 width=121)
	        Recheck Cond: ((id >= 7155217) AND (id <= 7156216))
	        ->  Bitmap Index Scan on sbtest1_pkey  (cost=0.00..34.51 rows=1007 width=0)
	              Index Cond: ((id >= 7155217) AND (id <= 7156216))

table 2 : explain SELECT c FROM sbtest2 WHERE id BETWEEN 1321679 AND 1322678 ORDER BY c
	Sort  (cost=3934.46..3936.96 rows=1002 width=121)
	  Sort Key: c
	  ->  Bitmap Heap Scan on sbtest2  (cost=34.71..3884.51 rows=1002 width=121)
	        Recheck Cond: ((id >= 1321679) AND (id <= 1322678))
	        ->  Bitmap Index Scan on sbtest2_pkey  (cost=0.00..34.45 rows=1002 width=0)
	              Index Cond: ((id >= 1321679) AND (id <= 1322678))

table 3 : explain SELECT c FROM sbtest3 WHERE id BETWEEN 7021429 AND 7022428 ORDER BY c
	Sort  (cost=3707.00..3709.36 rows=942 width=121)
	  Sort Key: c
	  ->  Bitmap Heap Scan on sbtest3  (cost=34.09..3660.47 rows=942 width=121)
	        Recheck Cond: ((id >= 7021429) AND (id <= 7022428))
	        ->  Bitmap Index Scan on sbtest3_pkey  (cost=0.00..33.86 rows=942 width=0)
	              Index Cond: ((id >= 7021429) AND (id <= 7022428))

table 4 : explain SELECT c FROM sbtest4 WHERE id BETWEEN 9637169 AND 9638168 ORDER BY c
	Sort  (cost=3859.30..3861.76 rows=981 width=121)
	  Sort Key: c
	  ->  Bitmap Heap Scan on sbtest4  (cost=34.49..3810.56 rows=981 width=121)
	        Recheck Cond: ((id >= 9637169) AND (id <= 9638168))
	        ->  Bitmap Index Scan on sbtest4_pkey  (cost=0.00..34.25 rows=981 width=0)
	              Index Cond: ((id >= 9637169) AND (id <= 9638168))

table 5 : explain SELECT c FROM sbtest5 WHERE id BETWEEN 6214123 AND 6215122 ORDER BY c
	Sort  (cost=4264.29..4267.01 rows=1089 width=121)
	  Sort Key: c
	  ->  Bitmap Heap Scan on sbtest5  (cost=35.60..4209.36 rows=1089 width=121)
	        Recheck Cond: ((id >= 6214123) AND (id <= 6215122))
	        ->  Bitmap Index Scan on sbtest5_pkey  (cost=0.00..35.33 rows=1089 width=0)
	              Index Cond: ((id >= 6214123) AND (id <= 6215122))

table 6 : explain SELECT c FROM sbtest6 WHERE id BETWEEN 3893971 AND 3894970 ORDER BY c
	Sort  (cost=4252.21..4254.93 rows=1085 width=121)
	  Sort Key: c
	  ->  Bitmap Heap Scan on sbtest6  (cost=35.56..4197.51 rows=1085 width=121)
	        Recheck Cond: ((id >= 3893971) AND (id <= 3894970))
	        ->  Bitmap Index Scan on sbtest6_pkey  (cost=0.00..35.29 rows=1085 width=0)
	              Index Cond: ((id >= 3893971) AND (id <= 3894970))

table 7 : explain SELECT c FROM sbtest7 WHERE id BETWEEN 416493 AND 417492 ORDER BY c
	Sort  (cost=4320.13..4322.88 rows=1100 width=121)
	  Sort Key: c
	  ->  Bitmap Heap Scan on sbtest7  (cost=39.71..4264.56 rows=1100 width=121)
	        Recheck Cond: ((id >= 416493) AND (id <= 417492))
	        ->  Bitmap Index Scan on sbtest7_pkey  (cost=0.00..39.44 rows=1100 width=0)
	              Index Cond: ((id >= 416493) AND (id <= 417492))

table 8 : explain SELECT c FROM sbtest8 WHERE id BETWEEN 9917362 AND 9918361 ORDER BY c
	Sort  (cost=3805.94..3808.34 rows=959 width=121)
	  Sort Key: c
	  ->  Index Scan using sbtest8_pkey on sbtest8  (cost=0.43..3758.44 rows=959 width=121)
	        Index Cond: ((id >= 9917362) AND (id <= 9918361))

for: sum_ranges
table 1 : explain SELECT SUM(k) FROM sbtest1 WHERE id BETWEEN 3916247 AND 3917246
	Aggregate  (cost=4257.61..4257.62 rows=1 width=8)
	  ->  Bitmap Heap Scan on sbtest1  (cost=39.70..4254.86 rows=1099 width=4)
	        Recheck Cond: ((id >= 3916247) AND (id <= 3917246))
	        ->  Bitmap Index Scan on sbtest1_pkey  (cost=0.00..39.43 rows=1099 width=0)
	              Index Cond: ((id >= 3916247) AND (id <= 3917246))

table 2 : explain SELECT SUM(k) FROM sbtest2 WHERE id BETWEEN 6983923 AND 6984922
	Aggregate  (cost=3717.05..3717.06 rows=1 width=8)
	  ->  Bitmap Heap Scan on sbtest2  (cost=34.24..3714.66 rows=957 width=4)
	        Recheck Cond: ((id >= 6983923) AND (id <= 6984922))
	        ->  Bitmap Index Scan on sbtest2_pkey  (cost=0.00..34.01 rows=957 width=0)
	              Index Cond: ((id >= 6983923) AND (id <= 6984922))

table 3 : explain SELECT SUM(k) FROM sbtest3 WHERE id BETWEEN 3259145 AND 3260144
	Aggregate  (cost=3621.17..3621.18 rows=1 width=8)
	  ->  Bitmap Heap Scan on sbtest3  (cost=33.98..3618.84 rows=931 width=4)
	        Recheck Cond: ((id >= 3259145) AND (id <= 3260144))
	        ->  Bitmap Index Scan on sbtest3_pkey  (cost=0.00..33.75 rows=931 width=0)
	              Index Cond: ((id >= 3259145) AND (id <= 3260144))

table 4 : explain SELECT SUM(k) FROM sbtest4 WHERE id BETWEEN 219832 AND 220831
	Aggregate  (cost=4194.67..4194.68 rows=1 width=8)
	  ->  Bitmap Heap Scan on sbtest4  (cost=35.53..4191.96 rows=1082 width=4)
	        Recheck Cond: ((id >= 219832) AND (id <= 220831))
	        ->  Bitmap Index Scan on sbtest4_pkey  (cost=0.00..35.26 rows=1082 width=0)
	              Index Cond: ((id >= 219832) AND (id <= 220831))

table 5 : explain SELECT SUM(k) FROM sbtest5 WHERE id BETWEEN 2792251 AND 2793250
	Aggregate  (cost=4027.72..4027.73 rows=1 width=8)
	  ->  Bitmap Heap Scan on sbtest5  (cost=35.09..4025.12 rows=1040 width=4)
	        Recheck Cond: ((id >= 2792251) AND (id <= 2793250))
	        ->  Bitmap Index Scan on sbtest5_pkey  (cost=0.00..34.84 rows=1040 width=0)
	              Index Cond: ((id >= 2792251) AND (id <= 2793250))

table 6 : explain SELECT SUM(k) FROM sbtest6 WHERE id BETWEEN 3839218 AND 3840217
	Aggregate  (cost=3653.08..3653.09 rows=1 width=8)
	  ->  Bitmap Heap Scan on sbtest6  (cost=34.07..3650.73 rows=940 width=4)
	        Recheck Cond: ((id >= 3839218) AND (id <= 3840217))
	        ->  Bitmap Index Scan on sbtest6_pkey  (cost=0.00..33.84 rows=940 width=0)
	              Index Cond: ((id >= 3839218) AND (id <= 3840217))

table 7 : explain SELECT SUM(k) FROM sbtest7 WHERE id BETWEEN 4358372 AND 4359371
	Aggregate  (cost=4074.58..4074.59 rows=1 width=8)
	  ->  Bitmap Heap Scan on sbtest7  (cost=35.20..4071.95 rows=1050 width=4)
	        Recheck Cond: ((id >= 4358372) AND (id <= 4359371))
	        ->  Bitmap Index Scan on sbtest7_pkey  (cost=0.00..34.94 rows=1050 width=0)
	              Index Cond: ((id >= 4358372) AND (id <= 4359371))

table 8 : explain SELECT SUM(k) FROM sbtest8 WHERE id BETWEEN 2565824 AND 2566823
	Aggregate  (cost=3624.34..3624.35 rows=1 width=8)
	  ->  Index Scan using sbtest8_pkey on sbtest8  (cost=0.43..3622.03 rows=924 width=4)
	        Index Cond: ((id >= 2565824) AND (id <= 2566823))

for: simple_ranges
table 1 : explain SELECT c FROM sbtest1 WHERE id BETWEEN 4377565 AND 4378564
	Bitmap Heap Scan on sbtest1  (cost=35.01..3998.59 rows=1032 width=121)
	  Recheck Cond: ((id >= 4377565) AND (id <= 4378564))
	  ->  Bitmap Index Scan on sbtest1_pkey  (cost=0.00..34.76 rows=1032 width=0)
	        Index Cond: ((id >= 4377565) AND (id <= 4378564))

table 2 : explain SELECT c FROM sbtest2 WHERE id BETWEEN 1178758 AND 1179757
	Bitmap Heap Scan on sbtest2  (cost=34.97..3982.54 rows=1028 width=121)
	  Recheck Cond: ((id >= 1178758) AND (id <= 1179757))
	  ->  Bitmap Index Scan on sbtest2_pkey  (cost=0.00..34.72 rows=1028 width=0)
	        Index Cond: ((id >= 1178758) AND (id <= 1179757))

table 3 : explain SELECT c FROM sbtest3 WHERE id BETWEEN 3779198 AND 3780197
	Bitmap Heap Scan on sbtest3  (cost=39.98..4358.49 rows=1126 width=121)
	  Recheck Cond: ((id >= 3779198) AND (id <= 3780197))
	  ->  Bitmap Index Scan on sbtest3_pkey  (cost=0.00..39.70 rows=1126 width=0)
	        Index Cond: ((id >= 3779198) AND (id <= 3780197))

table 4 : explain SELECT c FROM sbtest4 WHERE id BETWEEN 500114 AND 501113
	Bitmap Heap Scan on sbtest4  (cost=34.28..3731.10 rows=960 width=121)
	  Recheck Cond: ((id >= 500114) AND (id <= 501113))
	  ->  Bitmap Index Scan on sbtest4_pkey  (cost=0.00..34.04 rows=960 width=0)
	        Index Cond: ((id >= 500114) AND (id <= 501113))

table 5 : explain SELECT c FROM sbtest5 WHERE id BETWEEN 686460 AND 687459
	Bitmap Heap Scan on sbtest5  (cost=34.52..3814.18 rows=984 width=121)
	  Recheck Cond: ((id >= 686460) AND (id <= 687459))
	  ->  Bitmap Index Scan on sbtest5_pkey  (cost=0.00..34.28 rows=984 width=0)
	        Index Cond: ((id >= 686460) AND (id <= 687459))

table 6 : explain SELECT c FROM sbtest6 WHERE id BETWEEN 8672279 AND 8673278
	Bitmap Heap Scan on sbtest6  (cost=34.46..3794.28 rows=978 width=121)
	  Recheck Cond: ((id >= 8672279) AND (id <= 8673278))
	  ->  Bitmap Index Scan on sbtest6_pkey  (cost=0.00..34.22 rows=978 width=0)
	        Index Cond: ((id >= 8672279) AND (id <= 8673278))

table 7 : explain SELECT c FROM sbtest7 WHERE id BETWEEN 1631370 AND 1632369
	Bitmap Heap Scan on sbtest7  (cost=35.03..4011.54 rows=1034 width=121)
	  Recheck Cond: ((id >= 1631370) AND (id <= 1632369))
	  ->  Bitmap Index Scan on sbtest7_pkey  (cost=0.00..34.78 rows=1034 width=0)
	        Index Cond: ((id >= 1631370) AND (id <= 1632369))

table 8 : explain SELECT c FROM sbtest8 WHERE id BETWEEN 546834 AND 547833
	Index Scan using sbtest8_pkey on sbtest8  (cost=0.43..3926.06 rows=1002 width=121)
	  Index Cond: ((id >= 546834) AND (id <= 547833))

for: distinct_ranges
table 1 : explain SELECT DISTINCT c FROM sbtest1 WHERE id BETWEEN 1793568 AND 1794567 ORDER BY c
	Unique  (cost=3912.41..3917.39 rows=996 width=121)
	  ->  Sort  (cost=3912.41..3914.90 rows=996 width=121)
	        Sort Key: c
	        ->  Bitmap Heap Scan on sbtest1  (cost=34.64..3862.81 rows=996 width=121)
	              Recheck Cond: ((id >= 1793568) AND (id <= 1794567))
	              ->  Bitmap Index Scan on sbtest1_pkey  (cost=0.00..34.40 rows=996 width=0)
	                    Index Cond: ((id >= 1793568) AND (id <= 1794567))

table 2 : explain SELECT DISTINCT c FROM sbtest2 WHERE id BETWEEN 2580928 AND 2581927 ORDER BY c
	Unique  (cost=4144.86..4150.14 rows=1057 width=121)
	  ->  Sort  (cost=4144.86..4147.50 rows=1057 width=121)
	        Sort Key: c
	        ->  Bitmap Heap Scan on sbtest2  (cost=35.27..4091.77 rows=1057 width=121)
	              Recheck Cond: ((id >= 2580928) AND (id <= 2581927))
	              ->  Bitmap Index Scan on sbtest2_pkey  (cost=0.00..35.01 rows=1057 width=0)
	                    Index Cond: ((id >= 2580928) AND (id <= 2581927))

table 3 : explain SELECT DISTINCT c FROM sbtest3 WHERE id BETWEEN 8273342 AND 8274341 ORDER BY c
	Unique  (cost=3668.60..3673.26 rows=932 width=121)
	  ->  Sort  (cost=3668.60..3670.93 rows=932 width=121)
	        Sort Key: c
	        ->  Bitmap Heap Scan on sbtest3  (cost=33.99..3622.63 rows=932 width=121)
	              Recheck Cond: ((id >= 8273342) AND (id <= 8274341))
	              ->  Bitmap Index Scan on sbtest3_pkey  (cost=0.00..33.76 rows=932 width=0)
	                    Index Cond: ((id >= 8273342) AND (id <= 8274341))

table 4 : explain SELECT DISTINCT c FROM sbtest4 WHERE id BETWEEN 6118657 AND 6119656 ORDER BY c
	Unique  (cost=3863.14..3868.05 rows=982 width=121)
	  ->  Sort  (cost=3863.14..3865.60 rows=982 width=121)
	        Sort Key: c
	        ->  Bitmap Heap Scan on sbtest4  (cost=34.50..3814.34 rows=982 width=121)
	              Recheck Cond: ((id >= 6118657) AND (id <= 6119656))
	              ->  Bitmap Index Scan on sbtest4_pkey  (cost=0.00..34.26 rows=982 width=0)
	                    Index Cond: ((id >= 6118657) AND (id <= 6119656))

table 5 : explain SELECT DISTINCT c FROM sbtest5 WHERE id BETWEEN 3957636 AND 3958635 ORDER BY c
	Unique  (cost=3617.91..3622.51 rows=920 width=121)
	  ->  Sort  (cost=3617.91..3620.21 rows=920 width=121)
	        Sort Key: c
	        ->  Bitmap Heap Scan on sbtest5  (cost=33.87..3572.62 rows=920 width=121)
	              Recheck Cond: ((id >= 3957636) AND (id <= 3958635))
	              ->  Bitmap Index Scan on sbtest5_pkey  (cost=0.00..33.64 rows=920 width=0)
	                    Index Cond: ((id >= 3957636) AND (id <= 3958635))

table 6 : explain SELECT DISTINCT c FROM sbtest6 WHERE id BETWEEN 2580742 AND 2581741 ORDER BY c
	Unique  (cost=3923.31..3928.30 rows=999 width=121)
	  ->  Sort  (cost=3923.31..3925.80 rows=999 width=121)
	        Sort Key: c
	        ->  Bitmap Heap Scan on sbtest6  (cost=34.67..3873.53 rows=999 width=121)
	              Recheck Cond: ((id >= 2580742) AND (id <= 2581741))
	              ->  Bitmap Index Scan on sbtest6_pkey  (cost=0.00..34.43 rows=999 width=0)
	                    Index Cond: ((id >= 2580742) AND (id <= 2581741))

table 7 : explain SELECT DISTINCT c FROM sbtest7 WHERE id BETWEEN 5753542 AND 5754541 ORDER BY c
	Unique  (cost=3529.09..3533.57 rows=896 width=121)
	  ->  Sort  (cost=3529.09..3531.33 rows=896 width=121)
	        Sort Key: c
	        ->  Bitmap Heap Scan on sbtest7  (cost=29.62..3485.15 rows=896 width=121)
	              Recheck Cond: ((id >= 5753542) AND (id <= 5754541))
	              ->  Bitmap Index Scan on sbtest7_pkey  (cost=0.00..29.39 rows=896 width=0)
	                    Index Cond: ((id >= 5753542) AND (id <= 5754541))

table 8 : explain SELECT DISTINCT c FROM sbtest8 WHERE id BETWEEN 8157356 AND 8158355 ORDER BY c
	Unique  (cost=4122.88..4128.13 rows=1050 width=121)
	  ->  Sort  (cost=4122.88..4125.50 rows=1050 width=121)
	        Sort Key: c
	        ->  Bitmap Heap Scan on sbtest8  (cost=35.20..4070.19 rows=1050 width=121)
	              Recheck Cond: ((id >= 8157356) AND (id <= 8158355))
	              ->  Bitmap Index Scan on sbtest8_pkey  (cost=0.00..34.94 rows=1050 width=0)
	                    Index Cond: ((id >= 8157356) AND (id <= 8158355))

for: order_ranges
table 1 : explain SELECT c FROM sbtest1 WHERE id BETWEEN 9090322 AND 9091321 ORDER BY c
	Sort  (cost=3513.19..3515.43 rows=893 width=121)
	  Sort Key: c
	  ->  Bitmap Heap Scan on sbtest1  (cost=29.59..3469.43 rows=893 width=121)
	        Recheck Cond: ((id >= 9090322) AND (id <= 9091321))
	        ->  Bitmap Index Scan on sbtest1_pkey  (cost=0.00..29.36 rows=893 width=0)
	              Index Cond: ((id >= 9090322) AND (id <= 9091321))

table 2 : explain SELECT c FROM sbtest2 WHERE id BETWEEN 7776521 AND 7777520 ORDER BY c
	Sort  (cost=4141.04..4143.68 rows=1056 width=121)
	  Sort Key: c
	  ->  Bitmap Heap Scan on sbtest2  (cost=35.26..4088.00 rows=1056 width=121)
	        Recheck Cond: ((id >= 7776521) AND (id <= 7777520))
	        ->  Bitmap Index Scan on sbtest2_pkey  (cost=0.00..35.00 rows=1056 width=0)
	              Index Cond: ((id >= 7776521) AND (id <= 7777520))

table 3 : explain SELECT c FROM sbtest3 WHERE id BETWEEN 1027745 AND 1028744 ORDER BY c
	Sort  (cost=3937.18..3939.69 rows=1002 width=121)
	  Sort Key: c
	  ->  Bitmap Heap Scan on sbtest3  (cost=34.71..3887.24 rows=1002 width=121)
	        Recheck Cond: ((id >= 1027745) AND (id <= 1028744))
	        ->  Bitmap Index Scan on sbtest3_pkey  (cost=0.00..34.45 rows=1002 width=0)
	              Index Cond: ((id >= 1027745) AND (id <= 1028744))

table 4 : explain SELECT c FROM sbtest4 WHERE id BETWEEN 3894150 AND 3895149 ORDER BY c
	Sort  (cost=4131.61..4134.24 rows=1052 width=121)
	  Sort Key: c
	  ->  Bitmap Heap Scan on sbtest4  (cost=35.22..4078.80 rows=1052 width=121)
	        Recheck Cond: ((id >= 3894150) AND (id <= 3895149))
	        ->  Bitmap Index Scan on sbtest4_pkey  (cost=0.00..34.95 rows=1052 width=0)
	              Index Cond: ((id >= 3894150) AND (id <= 3895149))

table 5 : explain SELECT c FROM sbtest5 WHERE id BETWEEN 6442204 AND 6443203 ORDER BY c
	Sort  (cost=4107.79..4110.41 rows=1048 width=121)
	  Sort Key: c
	  ->  Bitmap Heap Scan on sbtest5  (cost=35.18..4055.22 rows=1048 width=121)
	        Recheck Cond: ((id >= 6442204) AND (id <= 6443203))
	        ->  Bitmap Index Scan on sbtest5_pkey  (cost=0.00..34.92 rows=1048 width=0)
	              Index Cond: ((id >= 6442204) AND (id <= 6443203))

table 6 : explain SELECT c FROM sbtest6 WHERE id BETWEEN 7134136 AND 7135135 ORDER BY c
	Sort  (cost=3570.31..3572.58 rows=908 width=121)
	  Sort Key: c
	  ->  Bitmap Heap Scan on sbtest6  (cost=29.74..3525.70 rows=908 width=121)
	        Recheck Cond: ((id >= 7134136) AND (id <= 7135135))
	        ->  Bitmap Index Scan on sbtest6_pkey  (cost=0.00..29.51 rows=908 width=0)
	              Index Cond: ((id >= 7134136) AND (id <= 7135135))

table 7 : explain SELECT c FROM sbtest7 WHERE id BETWEEN 6772709 AND 6773708 ORDER BY c
	Sort  (cost=4093.98..4096.59 rows=1042 width=121)
	  Sort Key: c
	  ->  Bitmap Heap Scan on sbtest7  (cost=35.12..4041.75 rows=1042 width=121)
	        Recheck Cond: ((id >= 6772709) AND (id <= 6773708))
	        ->  Bitmap Index Scan on sbtest7_pkey  (cost=0.00..34.86 rows=1042 width=0)
	              Index Cond: ((id >= 6772709) AND (id <= 6773708))

table 8 : explain SELECT c FROM sbtest8 WHERE id BETWEEN 2028989 AND 2029988 ORDER BY c
	Sort  (cost=3691.27..3693.59 rows=930 width=121)
	  Sort Key: c
	  ->  Index Scan using sbtest8_pkey on sbtest8  (cost=0.43..3645.41 rows=930 width=121)
	        Index Cond: ((id >= 2028989) AND (id <= 2029988))

for point_selects
table 1 : explain SELECT c FROM sbtest1 WHERE id=9880230
	Index Scan using sbtest1_pkey on sbtest1  (cost=0.43..8.45 rows=1 width=121)
	  Index Cond: (id = 9880230)

table 2 : explain SELECT c FROM sbtest2 WHERE id=3503950
	Index Scan using sbtest2_pkey on sbtest2  (cost=0.43..8.45 rows=1 width=121)
	  Index Cond: (id = 3503950)

table 3 : explain SELECT c FROM sbtest3 WHERE id=4350182
	Index Scan using sbtest3_pkey on sbtest3  (cost=0.43..8.45 rows=1 width=121)
	  Index Cond: (id = 4350182)

table 4 : explain SELECT c FROM sbtest4 WHERE id=2205832
	Index Scan using sbtest4_pkey on sbtest4  (cost=0.43..8.45 rows=1 width=121)
	  Index Cond: (id = 2205832)

table 5 : explain SELECT c FROM sbtest5 WHERE id=8969100
	Index Scan using sbtest5_pkey on sbtest5  (cost=0.43..8.45 rows=1 width=121)
	  Index Cond: (id = 8969100)

table 6 : explain SELECT c FROM sbtest6 WHERE id=4649324
	Index Scan using sbtest6_pkey on sbtest6  (cost=0.43..8.45 rows=1 width=121)
	  Index Cond: (id = 4649324)

table 7 : explain SELECT c FROM sbtest7 WHERE id=5550222
	Index Scan using sbtest7_pkey on sbtest7  (cost=0.43..8.45 rows=1 width=121)
	  Index Cond: (id = 5550222)

table 8 : explain SELECT c FROM sbtest8 WHERE id=1076452
	Index Scan using sbtest8_pkey on sbtest8  (cost=0.43..8.45 rows=1 width=121)
	  Index Cond: (id = 1076452)

for point_selects
table 1 : explain SELECT c FROM sbtest1 WHERE id=5962359
	Index Scan using sbtest1_pkey on sbtest1  (cost=0.43..8.45 rows=1 width=121)
	  Index Cond: (id = 5962359)

table 2 : explain SELECT c FROM sbtest2 WHERE id=7033663
	Index Scan using sbtest2_pkey on sbtest2  (cost=0.43..8.45 rows=1 width=121)
	  Index Cond: (id = 7033663)

table 3 : explain SELECT c FROM sbtest3 WHERE id=3473999
	Index Scan using sbtest3_pkey on sbtest3  (cost=0.43..8.45 rows=1 width=121)
	  Index Cond: (id = 3473999)

table 4 : explain SELECT c FROM sbtest4 WHERE id=7078419
	Index Scan using sbtest4_pkey on sbtest4  (cost=0.43..8.45 rows=1 width=121)
	  Index Cond: (id = 7078419)

table 5 : explain SELECT c FROM sbtest5 WHERE id=1045882
	Index Scan using sbtest5_pkey on sbtest5  (cost=0.43..8.45 rows=1 width=121)
	  Index Cond: (id = 1045882)

table 6 : explain SELECT c FROM sbtest6 WHERE id=3075313
	Index Scan using sbtest6_pkey on sbtest6  (cost=0.43..8.45 rows=1 width=121)
	  Index Cond: (id = 3075313)

table 7 : explain SELECT c FROM sbtest7 WHERE id=8795505
	Index Scan using sbtest7_pkey on sbtest7  (cost=0.43..8.45 rows=1 width=121)
	  Index Cond: (id = 8795505)

table 8 : explain SELECT c FROM sbtest8 WHERE id=8698130
	Index Scan using sbtest8_pkey on sbtest8  (cost=0.43..8.45 rows=1 width=121)
	  Index Cond: (id = 8698130)

for: order_ranges
table 1 : explain SELECT c FROM sbtest1 WHERE id BETWEEN 7097101 AND 7098100 ORDER BY c
	Sort  (cost=3954.55..3957.06 rows=1007 width=121)
	  Sort Key: c
	  ->  Bitmap Heap Scan on sbtest1  (cost=34.76..3904.32 rows=1007 width=121)
	        Recheck Cond: ((id >= 7097101) AND (id <= 7098100))
	        ->  Bitmap Index Scan on sbtest1_pkey  (cost=0.00..34.51 rows=1007 width=0)
	              Index Cond: ((id >= 7097101) AND (id <= 7098100))

table 2 : explain SELECT c FROM sbtest2 WHERE id BETWEEN 2868642 AND 2869641 ORDER BY c
	Sort  (cost=4557.26..4560.18 rows=1165 width=121)
	  Sort Key: c
	  ->  Bitmap Heap Scan on sbtest2  (cost=40.38..4497.93 rows=1165 width=121)
	        Recheck Cond: ((id >= 2868642) AND (id <= 2869641))
	        ->  Bitmap Index Scan on sbtest2_pkey  (cost=0.00..40.09 rows=1165 width=0)
	              Index Cond: ((id >= 2868642) AND (id <= 2869641))

table 3 : explain SELECT c FROM sbtest3 WHERE id BETWEEN 7056436 AND 7057435 ORDER BY c
	Sort  (cost=3860.50..3862.96 rows=982 width=121)
	  Sort Key: c
	  ->  Bitmap Heap Scan on sbtest3  (cost=34.50..3811.70 rows=982 width=121)
	        Recheck Cond: ((id >= 7056436) AND (id <= 7057435))
	        ->  Bitmap Index Scan on sbtest3_pkey  (cost=0.00..34.26 rows=982 width=0)
	              Index Cond: ((id >= 7056436) AND (id <= 7057435))

table 4 : explain SELECT c FROM sbtest4 WHERE id BETWEEN 67188 AND 68187 ORDER BY c
	Sort  (cost=4074.13..4076.72 rows=1037 width=121)
	  Sort Key: c
	  ->  Bitmap Heap Scan on sbtest4  (cost=35.06..4022.18 rows=1037 width=121)
	        Recheck Cond: ((id >= 67188) AND (id <= 68187))
	        ->  Bitmap Index Scan on sbtest4_pkey  (cost=0.00..34.81 rows=1037 width=0)
	              Index Cond: ((id >= 67188) AND (id <= 68187))

table 5 : explain SELECT c FROM sbtest5 WHERE id BETWEEN 2876152 AND 2877151 ORDER BY c
	Sort  (cost=4073.41..4076.01 rows=1039 width=121)
	  Sort Key: c
	  ->  Bitmap Heap Scan on sbtest5  (cost=35.08..4021.35 rows=1039 width=121)
	        Recheck Cond: ((id >= 2876152) AND (id <= 2877151))
	        ->  Bitmap Index Scan on sbtest5_pkey  (cost=0.00..34.83 rows=1039 width=0)
	              Index Cond: ((id >= 2876152) AND (id <= 2877151))

table 6 : explain SELECT c FROM sbtest6 WHERE id BETWEEN 9923512 AND 9924511 ORDER BY c
	Sort  (cost=4202.55..4205.23 rows=1072 width=121)
	  Sort Key: c
	  ->  Bitmap Heap Scan on sbtest6  (cost=35.42..4148.60 rows=1072 width=121)
	        Recheck Cond: ((id >= 9923512) AND (id <= 9924511))
	        ->  Bitmap Index Scan on sbtest6_pkey  (cost=0.00..35.16 rows=1072 width=0)
	              Index Cond: ((id >= 9923512) AND (id <= 9924511))

table 7 : explain SELECT c FROM sbtest7 WHERE id BETWEEN 464152 AND 465151 ORDER BY c
	Sort  (cost=4320.13..4322.88 rows=1100 width=121)
	  Sort Key: c
	  ->  Bitmap Heap Scan on sbtest7  (cost=39.71..4264.56 rows=1100 width=121)
	        Recheck Cond: ((id >= 464152) AND (id <= 465151))
	        ->  Bitmap Index Scan on sbtest7_pkey  (cost=0.00..39.44 rows=1100 width=0)
	              Index Cond: ((id >= 464152) AND (id <= 465151))

table 8 : explain SELECT c FROM sbtest8 WHERE id BETWEEN 3693512 AND 3694511 ORDER BY c
	Sort  (cost=3908.76..3911.22 rows=985 width=121)
	  Sort Key: c
	  ->  Index Scan using sbtest8_pkey on sbtest8  (cost=0.43..3859.79 rows=985 width=121)
	        Index Cond: ((id >= 3693512) AND (id <= 3694511))

for: distinct_ranges
table 1 : explain SELECT DISTINCT c FROM sbtest1 WHERE id BETWEEN 9688903 AND 9689902 ORDER BY c
	Unique  (cost=4191.75..4197.10 rows=1069 width=121)
	  ->  Sort  (cost=4191.75..4194.43 rows=1069 width=121)
	        Sort Key: c
	        ->  Bitmap Heap Scan on sbtest1  (cost=35.39..4137.97 rows=1069 width=121)
	              Recheck Cond: ((id >= 9688903) AND (id <= 9689902))
	              ->  Bitmap Index Scan on sbtest1_pkey  (cost=0.00..35.12 rows=1069 width=0)
	                    Index Cond: ((id >= 9688903) AND (id <= 9689902))

table 2 : explain SELECT DISTINCT c FROM sbtest2 WHERE id BETWEEN 7066492 AND 7067491 ORDER BY c
	Unique  (cost=4053.09..4058.26 rows=1033 width=121)
	  ->  Sort  (cost=4053.09..4055.67 rows=1033 width=121)
	        Sort Key: c
	        ->  Bitmap Heap Scan on sbtest2  (cost=35.02..4001.38 rows=1033 width=121)
	              Recheck Cond: ((id >= 7066492) AND (id <= 7067491))
	              ->  Bitmap Index Scan on sbtest2_pkey  (cost=0.00..34.77 rows=1033 width=0)
	                    Index Cond: ((id >= 7066492) AND (id <= 7067491))

table 3 : explain SELECT DISTINCT c FROM sbtest3 WHERE id BETWEEN 5921541 AND 5922540 ORDER BY c
	Unique  (cost=4224.32..4229.70 rows=1077 width=121)
	  ->  Sort  (cost=4224.32..4227.01 rows=1077 width=121)
	        Sort Key: c
	        ->  Bitmap Heap Scan on sbtest3  (cost=35.47..4170.08 rows=1077 width=121)
	              Recheck Cond: ((id >= 5921541) AND (id <= 5922540))
	              ->  Bitmap Index Scan on sbtest3_pkey  (cost=0.00..35.20 rows=1077 width=0)
	                    Index Cond: ((id >= 5921541) AND (id <= 5922540))

table 4 : explain SELECT DISTINCT c FROM sbtest4 WHERE id BETWEEN 5699267 AND 5700266 ORDER BY c
	Unique  (cost=3920.72..3925.70 rows=997 width=121)
	  ->  Sort  (cost=3920.72..3923.21 rows=997 width=121)
	        Sort Key: c
	        ->  Bitmap Heap Scan on sbtest4  (cost=34.65..3871.06 rows=997 width=121)
	              Recheck Cond: ((id >= 5699267) AND (id <= 5700266))
	              ->  Bitmap Index Scan on sbtest4_pkey  (cost=0.00..34.41 rows=997 width=0)
	                    Index Cond: ((id >= 5699267) AND (id <= 5700266))

table 5 : explain SELECT DISTINCT c FROM sbtest5 WHERE id BETWEEN 453996 AND 454995 ORDER BY c
	Unique  (cost=3985.51..3990.59 rows=1016 width=121)
	  ->  Sort  (cost=3985.51..3988.05 rows=1016 width=121)
	        Sort Key: c
	        ->  Bitmap Heap Scan on sbtest5  (cost=34.85..3934.77 rows=1016 width=121)
	              Recheck Cond: ((id >= 453996) AND (id <= 454995))
	              ->  Bitmap Index Scan on sbtest5_pkey  (cost=0.00..34.59 rows=1016 width=0)
	                    Index Cond: ((id >= 453996) AND (id <= 454995))

table 6 : explain SELECT DISTINCT c FROM sbtest6 WHERE id BETWEEN 7479296 AND 7480295 ORDER BY c
	Unique  (cost=3854.35..3859.26 rows=981 width=121)
	  ->  Sort  (cost=3854.35..3856.81 rows=981 width=121)
	        Sort Key: c
	        ->  Bitmap Heap Scan on sbtest6  (cost=34.49..3805.61 rows=981 width=121)
	              Recheck Cond: ((id >= 7479296) AND (id <= 7480295))
	              ->  Bitmap Index Scan on sbtest6_pkey  (cost=0.00..34.25 rows=981 width=0)
	                    Index Cond: ((id >= 7479296) AND (id <= 7480295))

table 7 : explain SELECT DISTINCT c FROM sbtest7 WHERE id BETWEEN 8012967 AND 8013966 ORDER BY c
	Unique  (cost=3660.08..3664.73 rows=929 width=121)
	  ->  Sort  (cost=3660.08..3662.41 rows=929 width=121)
	        Sort Key: c
	        ->  Bitmap Heap Scan on sbtest7  (cost=33.96..3614.29 rows=929 width=121)
	              Recheck Cond: ((id >= 8012967) AND (id <= 8013966))
	              ->  Bitmap Index Scan on sbtest7_pkey  (cost=0.00..33.73 rows=929 width=0)
	                    Index Cond: ((id >= 8012967) AND (id <= 8013966))

table 8 : explain SELECT DISTINCT c FROM sbtest8 WHERE id BETWEEN 3255027 AND 3256026 ORDER BY c
	Unique  (cost=3885.04..3889.93 rows=979 width=121)
	  ->  Sort  (cost=3885.04..3887.49 rows=979 width=121)
	        Sort Key: c
	        ->  Index Scan using sbtest8_pkey on sbtest8  (cost=0.43..3836.41 rows=979 width=121)
	              Index Cond: ((id >= 3255027) AND (id <= 3256026))

for: order_ranges
table 1 : explain SELECT c FROM sbtest1 WHERE id BETWEEN 4813510 AND 4814509 ORDER BY c
	Sort  (cost=4057.90..4060.49 rows=1034 width=121)
	  Sort Key: c
	  ->  Bitmap Heap Scan on sbtest1  (cost=35.03..4006.13 rows=1034 width=121)
	        Recheck Cond: ((id >= 4813510) AND (id <= 4814509))
	        ->  Bitmap Index Scan on sbtest1_pkey  (cost=0.00..34.78 rows=1034 width=0)
	              Index Cond: ((id >= 4813510) AND (id <= 4814509))

table 2 : explain SELECT c FROM sbtest2 WHERE id BETWEEN 1181409 AND 1182408 ORDER BY c
	Sort  (cost=4033.96..4036.53 rows=1028 width=121)
	  Sort Key: c
	  ->  Bitmap Heap Scan on sbtest2  (cost=34.97..3982.54 rows=1028 width=121)
	        Recheck Cond: ((id >= 1181409) AND (id <= 1182408))
	        ->  Bitmap Index Scan on sbtest2_pkey  (cost=0.00..34.72 rows=1028 width=0)
	              Index Cond: ((id >= 1181409) AND (id <= 1182408))

table 3 : explain SELECT c FROM sbtest3 WHERE id BETWEEN 974218 AND 975217 ORDER BY c
	Sort  (cost=4006.15..4008.70 rows=1020 width=121)
	  Sort Key: c
	  ->  Bitmap Heap Scan on sbtest3  (cost=34.89..3955.18 rows=1020 width=121)
	        Recheck Cond: ((id >= 974218) AND (id <= 975217))
	        ->  Bitmap Index Scan on sbtest3_pkey  (cost=0.00..34.64 rows=1020 width=0)
	              Index Cond: ((id >= 974218) AND (id <= 975217))

table 4 : explain SELECT c FROM sbtest4 WHERE id BETWEEN 8685845 AND 8686844 ORDER BY c
	Sort  (cost=3728.70..3731.07 rows=947 width=121)
	  Sort Key: c
	  ->  Bitmap Heap Scan on sbtest4  (cost=34.14..3681.88 rows=947 width=121)
	        Recheck Cond: ((id >= 8685845) AND (id <= 8686844))
	        ->  Bitmap Index Scan on sbtest4_pkey  (cost=0.00..33.91 rows=947 width=0)
	              Index Cond: ((id >= 8685845) AND (id <= 8686844))

table 5 : explain SELECT c FROM sbtest5 WHERE id BETWEEN 7104060 AND 7105059 ORDER BY c
	Sort  (cost=4249.03..4251.75 rows=1085 width=121)
	  Sort Key: c
	  ->  Bitmap Heap Scan on sbtest5  (cost=35.56..4194.33 rows=1085 width=121)
	        Recheck Cond: ((id >= 7104060) AND (id <= 7105059))
	        ->  Bitmap Index Scan on sbtest5_pkey  (cost=0.00..35.29 rows=1085 width=0)
	              Index Cond: ((id >= 7104060) AND (id <= 7105059))

table 6 : explain SELECT c FROM sbtest6 WHERE id BETWEEN 376028 AND 377027 ORDER BY c
	Sort  (cost=3693.31..3695.66 rows=939 width=121)
	  Sort Key: c
	  ->  Bitmap Heap Scan on sbtest6  (cost=34.06..3646.95 rows=939 width=121)
	        Recheck Cond: ((id >= 376028) AND (id <= 377027))
	        ->  Bitmap Index Scan on sbtest6_pkey  (cost=0.00..33.83 rows=939 width=0)
	              Index Cond: ((id >= 376028) AND (id <= 377027))

table 7 : explain SELECT c FROM sbtest7 WHERE id BETWEEN 4040633 AND 4041632 ORDER BY c
	Sort  (cost=3932.88..3935.38 rows=1000 width=121)
	  Sort Key: c
	  ->  Bitmap Heap Scan on sbtest7  (cost=34.69..3883.05 rows=1000 width=121)
	        Recheck Cond: ((id >= 4040633) AND (id <= 4041632))
	        ->  Bitmap Index Scan on sbtest7_pkey  (cost=0.00..34.44 rows=1000 width=0)
	              Index Cond: ((id >= 4040633) AND (id <= 4041632))

table 8 : explain SELECT c FROM sbtest8 WHERE id BETWEEN 3493132 AND 3494131 ORDER BY c
	Sort  (cost=3667.55..3669.86 rows=924 width=121)
	  Sort Key: c
	  ->  Index Scan using sbtest8_pkey on sbtest8  (cost=0.43..3622.03 rows=924 width=121)
	        Index Cond: ((id >= 3493132) AND (id <= 3494131))

for: order_ranges
table 1 : explain SELECT c FROM sbtest1 WHERE id BETWEEN 7364982 AND 7365981 ORDER BY c
	Sort  (cost=3962.21..3964.73 rows=1009 width=121)
	  Sort Key: c
	  ->  Bitmap Heap Scan on sbtest1  (cost=34.78..3911.86 rows=1009 width=121)
	        Recheck Cond: ((id >= 7364982) AND (id <= 7365981))
	        ->  Bitmap Index Scan on sbtest1_pkey  (cost=0.00..34.53 rows=1009 width=0)
	              Index Cond: ((id >= 7364982) AND (id <= 7365981))

table 2 : explain SELECT c FROM sbtest2 WHERE id BETWEEN 2170482 AND 2171481 ORDER BY c
	Sort  (cost=3643.12..3645.44 rows=926 width=121)
	  Sort Key: c
	  ->  Bitmap Heap Scan on sbtest2  (cost=33.93..3597.50 rows=926 width=121)
	        Recheck Cond: ((id >= 2170482) AND (id <= 2171481))
	        ->  Bitmap Index Scan on sbtest2_pkey  (cost=0.00..33.70 rows=926 width=0)
	              Index Cond: ((id >= 2170482) AND (id <= 2171481))

table 3 : explain SELECT c FROM sbtest3 WHERE id BETWEEN 5351819 AND 5352818 ORDER BY c
	Sort  (cost=4354.45..4357.23 rows=1110 width=121)
	  Sort Key: c
	  ->  Bitmap Heap Scan on sbtest3  (cost=39.81..4298.31 rows=1110 width=121)
	        Recheck Cond: ((id >= 5351819) AND (id <= 5352818))
	        ->  Bitmap Index Scan on sbtest3_pkey  (cost=0.00..39.54 rows=1110 width=0)
	              Index Cond: ((id >= 5351819) AND (id <= 5352818))

table 4 : explain SELECT c FROM sbtest4 WHERE id BETWEEN 694276 AND 695275 ORDER BY c
	Sort  (cost=4005.12..4007.66 rows=1019 width=121)
	  Sort Key: c
	  ->  Bitmap Heap Scan on sbtest4  (cost=34.88..3954.20 rows=1019 width=121)
	        Recheck Cond: ((id >= 694276) AND (id <= 695275))
	        ->  Bitmap Index Scan on sbtest4_pkey  (cost=0.00..34.62 rows=1019 width=0)
	              Index Cond: ((id >= 694276) AND (id <= 695275))

table 5 : explain SELECT c FROM sbtest5 WHERE id BETWEEN 2738202 AND 2739201 ORDER BY c
	Sort  (cost=4077.23..4079.83 rows=1040 width=121)
	  Sort Key: c
	  ->  Bitmap Heap Scan on sbtest5  (cost=35.09..4025.12 rows=1040 width=121)
	        Recheck Cond: ((id >= 2738202) AND (id <= 2739201))
	        ->  Bitmap Index Scan on sbtest5_pkey  (cost=0.00..34.84 rows=1040 width=0)
	              Index Cond: ((id >= 2738202) AND (id <= 2739201))

table 6 : explain SELECT c FROM sbtest6 WHERE id BETWEEN 6531596 AND 6532595 ORDER BY c
	Sort  (cost=3516.53..3518.76 rows=894 width=121)
	  Sort Key: c
	  ->  Bitmap Heap Scan on sbtest6  (cost=29.60..3472.70 rows=894 width=121)
	        Recheck Cond: ((id >= 6531596) AND (id <= 6532595))
	        ->  Bitmap Index Scan on sbtest6_pkey  (cost=0.00..29.37 rows=894 width=0)
	              Index Cond: ((id >= 6531596) AND (id <= 6532595))

table 7 : explain SELECT c FROM sbtest7 WHERE id BETWEEN 5125887 AND 5126886 ORDER BY c
	Sort  (cost=3836.89..3839.33 rows=975 width=121)
	  Sort Key: c
	  ->  Bitmap Heap Scan on sbtest7  (cost=34.43..3788.49 rows=975 width=121)
	        Recheck Cond: ((id >= 5125887) AND (id <= 5126886))
	        ->  Bitmap Index Scan on sbtest7_pkey  (cost=0.00..34.19 rows=975 width=0)
	              Index Cond: ((id >= 5125887) AND (id <= 5126886))

table 8 : explain SELECT c FROM sbtest8 WHERE id BETWEEN 6879704 AND 6880703 ORDER BY c
	Sort  (cost=3904.81..3907.27 rows=984 width=121)
	  Sort Key: c
	  ->  Index Scan using sbtest8_pkey on sbtest8  (cost=0.43..3855.89 rows=984 width=121)
	        Index Cond: ((id >= 6879704) AND (id <= 6880703))

for: simple_ranges
table 1 : explain SELECT c FROM sbtest1 WHERE id BETWEEN 583511 AND 584510
	Bitmap Heap Scan on sbtest1  (cost=34.62..3855.27 rows=994 width=121)
	  Recheck Cond: ((id >= 583511) AND (id <= 584510))
	  ->  Bitmap Index Scan on sbtest1_pkey  (cost=0.00..34.38 rows=994 width=0)
	        Index Cond: ((id >= 583511) AND (id <= 584510))

table 2 : explain SELECT c FROM sbtest2 WHERE id BETWEEN 378728 AND 379727
	Bitmap Heap Scan on sbtest2  (cost=34.64..3861.88 rows=996 width=121)
	  Recheck Cond: ((id >= 378728) AND (id <= 379727))
	  ->  Bitmap Index Scan on sbtest2_pkey  (cost=0.00..34.40 rows=996 width=0)
	        Index Cond: ((id >= 378728) AND (id <= 379727))

table 3 : explain SELECT c FROM sbtest3 WHERE id BETWEEN 9666763 AND 9667762
	Bitmap Heap Scan on sbtest3  (cost=34.85..3940.09 rows=1016 width=121)
	  Recheck Cond: ((id >= 9666763) AND (id <= 9667762))
	  ->  Bitmap Index Scan on sbtest3_pkey  (cost=0.00..34.59 rows=1016 width=0)
	        Index Cond: ((id >= 9666763) AND (id <= 9667762))

table 4 : explain SELECT c FROM sbtest4 WHERE id BETWEEN 4767446 AND 4768445
	Bitmap Heap Scan on sbtest4  (cost=34.93..3973.09 rows=1024 width=121)
	  Recheck Cond: ((id >= 4767446) AND (id <= 4768445))
	  ->  Bitmap Index Scan on sbtest4_pkey  (cost=0.00..34.68 rows=1024 width=0)
	        Index Cond: ((id >= 4767446) AND (id <= 4768445))

table 5 : explain SELECT c FROM sbtest5 WHERE id BETWEEN 1456117 AND 1457116
	Bitmap Heap Scan on sbtest5  (cost=34.80..3915.93 rows=1011 width=121)
	  Recheck Cond: ((id >= 1456117) AND (id <= 1457116))
	  ->  Bitmap Index Scan on sbtest5_pkey  (cost=0.00..34.55 rows=1011 width=0)
	        Index Cond: ((id >= 1456117) AND (id <= 1457116))

table 6 : explain SELECT c FROM sbtest6 WHERE id BETWEEN 9013298 AND 9014297
	Bitmap Heap Scan on sbtest6  (cost=34.52..3816.93 rows=984 width=121)
	  Recheck Cond: ((id >= 9013298) AND (id <= 9014297))
	  ->  Bitmap Index Scan on sbtest6_pkey  (cost=0.00..34.28 rows=984 width=0)
	        Index Cond: ((id >= 9013298) AND (id <= 9014297))

table 7 : explain SELECT c FROM sbtest7 WHERE id BETWEEN 5610161 AND 5611160
	Bitmap Heap Scan on sbtest7  (cost=34.18..3697.63 rows=951 width=121)
	  Recheck Cond: ((id >= 5610161) AND (id <= 5611160))
	  ->  Bitmap Index Scan on sbtest7_pkey  (cost=0.00..33.95 rows=951 width=0)
	        Index Cond: ((id >= 5610161) AND (id <= 5611160))

table 8 : explain SELECT c FROM sbtest8 WHERE id BETWEEN 2568097 AND 2569096
	Index Scan using sbtest8_pkey on sbtest8  (cost=0.43..3622.03 rows=924 width=121)
	  Index Cond: ((id >= 2568097) AND (id <= 2569096))

for: distinct_ranges
table 1 : explain SELECT DISTINCT c FROM sbtest1 WHERE id BETWEEN 175664 AND 176663 ORDER BY c
	Unique  (cost=3801.27..3806.10 rows=967 width=121)
	  ->  Sort  (cost=3801.27..3803.69 rows=967 width=121)
	        Sort Key: c
	        ->  Bitmap Heap Scan on sbtest1  (cost=34.35..3753.32 rows=967 width=121)
	              Recheck Cond: ((id >= 175664) AND (id <= 176663))
	              ->  Bitmap Index Scan on sbtest1_pkey  (cost=0.00..34.11 rows=967 width=0)
	                    Index Cond: ((id >= 175664) AND (id <= 176663))

table 2 : explain SELECT DISTINCT c FROM sbtest2 WHERE id BETWEEN 7028579 AND 7029578 ORDER BY c
	Unique  (cost=4053.09..4058.26 rows=1033 width=121)
	  ->  Sort  (cost=4053.09..4055.67 rows=1033 width=121)
	        Sort Key: c
	        ->  Bitmap Heap Scan on sbtest2  (cost=35.02..4001.38 rows=1033 width=121)
	              Recheck Cond: ((id >= 7028579) AND (id <= 7029578))
	              ->  Bitmap Index Scan on sbtest2_pkey  (cost=0.00..34.77 rows=1033 width=0)
	                    Index Cond: ((id >= 7028579) AND (id <= 7029578))

table 3 : explain SELECT DISTINCT c FROM sbtest3 WHERE id BETWEEN 6018132 AND 6019131 ORDER BY c
	Unique  (cost=4400.29..4405.90 rows=1122 width=121)
	  ->  Sort  (cost=4400.29..4403.10 rows=1122 width=121)
	        Sort Key: c
	        ->  Bitmap Heap Scan on sbtest3  (cost=39.94..4343.45 rows=1122 width=121)
	              Recheck Cond: ((id >= 6018132) AND (id <= 6019131))
	              ->  Bitmap Index Scan on sbtest3_pkey  (cost=0.00..39.66 rows=1122 width=0)
	                    Index Cond: ((id >= 6018132) AND (id <= 6019131))

table 4 : explain SELECT DISTINCT c FROM sbtest4 WHERE id BETWEEN 7275195 AND 7276194 ORDER BY c
	Unique  (cost=3705.64..3710.34 rows=941 width=121)
	  ->  Sort  (cost=3705.64..3707.99 rows=941 width=121)
	        Sort Key: c
	        ->  Bitmap Heap Scan on sbtest4  (cost=34.08..3659.16 rows=941 width=121)
	              Recheck Cond: ((id >= 7275195) AND (id <= 7276194))
	              ->  Bitmap Index Scan on sbtest4_pkey  (cost=0.00..33.84 rows=941 width=0)
	                    Index Cond: ((id >= 7275195) AND (id <= 7276194))

table 5 : explain SELECT DISTINCT c FROM sbtest5 WHERE id BETWEEN 4409956 AND 4410955 ORDER BY c
	Unique  (cost=4012.27..4017.38 rows=1023 width=121)
	  ->  Sort  (cost=4012.27..4014.83 rows=1023 width=121)
	        Sort Key: c
	        ->  Bitmap Heap Scan on sbtest5  (cost=34.92..3961.13 rows=1023 width=121)
	              Recheck Cond: ((id >= 4409956) AND (id <= 4410955))
	              ->  Bitmap Index Scan on sbtest5_pkey  (cost=0.00..34.67 rows=1023 width=0)
	                    Index Cond: ((id >= 4409956) AND (id <= 4410955))

table 6 : explain SELECT DISTINCT c FROM sbtest6 WHERE id BETWEEN 1201711 AND 1202710 ORDER BY c
	Unique  (cost=3739.35..3744.10 rows=951 width=121)
	  ->  Sort  (cost=3739.35..3741.72 rows=951 width=121)
	        Sort Key: c
	        ->  Bitmap Heap Scan on sbtest6  (cost=34.18..3692.30 rows=951 width=121)
	              Recheck Cond: ((id >= 1201711) AND (id <= 1202710))
	              ->  Bitmap Index Scan on sbtest6_pkey  (cost=0.00..33.95 rows=951 width=0)
	                    Index Cond: ((id >= 1201711) AND (id <= 1202710))

table 7 : explain SELECT DISTINCT c FROM sbtest7 WHERE id BETWEEN 3311942 AND 3312941 ORDER BY c
	Unique  (cost=3871.46..3876.38 rows=984 width=121)
	  ->  Sort  (cost=3871.46..3873.92 rows=984 width=121)
	        Sort Key: c
	        ->  Bitmap Heap Scan on sbtest7  (cost=34.52..3822.54 rows=984 width=121)
	              Recheck Cond: ((id >= 3311942) AND (id <= 3312941))
	              ->  Bitmap Index Scan on sbtest7_pkey  (cost=0.00..34.28 rows=984 width=0)
	                    Index Cond: ((id >= 3311942) AND (id <= 3312941))

table 8 : explain SELECT DISTINCT c FROM sbtest8 WHERE id BETWEEN 137062 AND 138061 ORDER BY c
	Unique  (cost=3841.55..3846.39 rows=968 width=121)
	  ->  Sort  (cost=3841.55..3843.97 rows=968 width=121)
	        Sort Key: c
	        ->  Index Scan using sbtest8_pkey on sbtest8  (cost=0.43..3793.54 rows=968 width=121)
	              Index Cond: ((id >= 137062) AND (id <= 138061))

for: distinct_ranges
table 1 : explain SELECT DISTINCT c FROM sbtest1 WHERE id BETWEEN 9999281 AND 10000280 ORDER BY c
	Unique  (cost=2717.42..2720.83 rows=682 width=121)
	  ->  Sort  (cost=2717.42..2719.13 rows=682 width=121)
	        Sort Key: c
	        ->  Index Scan using sbtest1_pkey on sbtest1  (cost=0.43..2685.32 rows=682 width=121)
	              Index Cond: ((id >= 9999281) AND (id <= 10000280))

table 2 : explain SELECT DISTINCT c FROM sbtest2 WHERE id BETWEEN 9410860 AND 9411859 ORDER BY c
	Unique  (cost=3965.08..3970.13 rows=1010 width=121)
	  ->  Sort  (cost=3965.08..3967.61 rows=1010 width=121)
	        Sort Key: c
	        ->  Bitmap Heap Scan on sbtest2  (cost=34.79..3914.68 rows=1010 width=121)
	              Recheck Cond: ((id >= 9410860) AND (id <= 9411859))
	              ->  Bitmap Index Scan on sbtest2_pkey  (cost=0.00..34.54 rows=1010 width=0)
	                    Index Cond: ((id >= 9410860) AND (id <= 9411859))

table 3 : explain SELECT DISTINCT c FROM sbtest3 WHERE id BETWEEN 3033558 AND 3034557 ORDER BY c
	Unique  (cost=3699.32..3704.02 rows=940 width=121)
	  ->  Sort  (cost=3699.32..3701.67 rows=940 width=121)
	        Sort Key: c
	        ->  Bitmap Heap Scan on sbtest3  (cost=34.07..3652.90 rows=940 width=121)
	              Recheck Cond: ((id >= 3033558) AND (id <= 3034557))
	              ->  Bitmap Index Scan on sbtest3_pkey  (cost=0.00..33.84 rows=940 width=0)
	                    Index Cond: ((id >= 3033558) AND (id <= 3034557))

table 4 : explain SELECT DISTINCT c FROM sbtest4 WHERE id BETWEEN 7531713 AND 7532712 ORDER BY c
	Unique  (cost=3843.95..3848.83 rows=977 width=121)
	  ->  Sort  (cost=3843.95..3846.39 rows=977 width=121)
	        Sort Key: c
	        ->  Bitmap Heap Scan on sbtest4  (cost=34.45..3795.43 rows=977 width=121)
	              Recheck Cond: ((id >= 7531713) AND (id <= 7532712))
	              ->  Bitmap Index Scan on sbtest4_pkey  (cost=0.00..34.20 rows=977 width=0)
	                    Index Cond: ((id >= 7531713) AND (id <= 7532712))

table 5 : explain SELECT DISTINCT c FROM sbtest5 WHERE id BETWEEN 3638338 AND 3639337 ORDER BY c
	Unique  (cost=3732.90..3737.65 rows=950 width=121)
	  ->  Sort  (cost=3732.90..3735.28 rows=950 width=121)
	        Sort Key: c
	        ->  Bitmap Heap Scan on sbtest5  (cost=34.17..3685.92 rows=950 width=121)
	              Recheck Cond: ((id >= 3638338) AND (id <= 3639337))
	              ->  Bitmap Index Scan on sbtest5_pkey  (cost=0.00..33.94 rows=950 width=0)
	                    Index Cond: ((id >= 3638338) AND (id <= 3639337))

table 6 : explain SELECT DISTINCT c FROM sbtest6 WHERE id BETWEEN 2561431 AND 2562430 ORDER BY c
	Unique  (cost=3923.31..3928.30 rows=999 width=121)
	  ->  Sort  (cost=3923.31..3925.80 rows=999 width=121)
	        Sort Key: c
	        ->  Bitmap Heap Scan on sbtest6  (cost=34.67..3873.53 rows=999 width=121)
	              Recheck Cond: ((id >= 2561431) AND (id <= 2562430))
	              ->  Bitmap Index Scan on sbtest6_pkey  (cost=0.00..34.43 rows=999 width=0)
	                    Index Cond: ((id >= 2561431) AND (id <= 2562430))

table 7 : explain SELECT DISTINCT c FROM sbtest7 WHERE id BETWEEN 494444 AND 495443 ORDER BY c
	Unique  (cost=4446.35..4452.02 rows=1133 width=121)
	  ->  Sort  (cost=4446.35..4449.19 rows=1133 width=121)
	        Sort Key: c
	        ->  Bitmap Heap Scan on sbtest7  (cost=40.05..4388.88 rows=1133 width=121)
	              Recheck Cond: ((id >= 494444) AND (id <= 495443))
	              ->  Bitmap Index Scan on sbtest7_pkey  (cost=0.00..39.77 rows=1133 width=0)
	                    Index Cond: ((id >= 494444) AND (id <= 495443))

table 8 : explain SELECT DISTINCT c FROM sbtest8 WHERE id BETWEEN 7370182 AND 7371181 ORDER BY c
	Unique  (cost=4383.23..4388.81 rows=1117 width=121)
	  ->  Sort  (cost=4383.23..4386.02 rows=1117 width=121)
	        Sort Key: c
	        ->  Bitmap Heap Scan on sbtest8  (cost=39.88..4326.68 rows=1117 width=121)
	              Recheck Cond: ((id >= 7370182) AND (id <= 7371181))
	              ->  Bitmap Index Scan on sbtest8_pkey  (cost=0.00..39.61 rows=1117 width=0)
	                    Index Cond: ((id >= 7370182) AND (id <= 7371181))

for: simple_ranges
table 1 : explain SELECT c FROM sbtest1 WHERE id BETWEEN 2247505 AND 2248504
	Bitmap Heap Scan on sbtest1  (cost=40.11..4401.48 rows=1139 width=121)
	  Recheck Cond: ((id >= 2247505) AND (id <= 2248504))
	  ->  Bitmap Index Scan on sbtest1_pkey  (cost=0.00..39.83 rows=1139 width=0)
	        Index Cond: ((id >= 2247505) AND (id <= 2248504))

table 2 : explain SELECT c FROM sbtest2 WHERE id BETWEEN 6869830 AND 6870829
	Bitmap Heap Scan on sbtest2  (cost=35.21..4069.18 rows=1051 width=121)
	  Recheck Cond: ((id >= 6869830) AND (id <= 6870829))
	  ->  Bitmap Index Scan on sbtest2_pkey  (cost=0.00..34.95 rows=1051 width=0)
	        Index Cond: ((id >= 6869830) AND (id <= 6870829))

table 3 : explain SELECT c FROM sbtest3 WHERE id BETWEEN 2764876 AND 2765875
	Bitmap Heap Scan on sbtest3  (cost=35.02..4004.23 rows=1033 width=121)
	  Recheck Cond: ((id >= 2764876) AND (id <= 2765875))
	  ->  Bitmap Index Scan on sbtest3_pkey  (cost=0.00..34.77 rows=1033 width=0)
	        Index Cond: ((id >= 2764876) AND (id <= 2765875))

table 4 : explain SELECT c FROM sbtest4 WHERE id BETWEEN 2947413 AND 2948412
	Bitmap Heap Scan on sbtest4  (cost=29.73..3526.31 rows=907 width=121)
	  Recheck Cond: ((id >= 2947413) AND (id <= 2948412))
	  ->  Bitmap Index Scan on sbtest4_pkey  (cost=0.00..29.50 rows=907 width=0)
	        Index Cond: ((id >= 2947413) AND (id <= 2948412))

table 5 : explain SELECT c FROM sbtest5 WHERE id BETWEEN 89124 AND 90123
	Bitmap Heap Scan on sbtest5  (cost=35.33..4111.63 rows=1063 width=121)
	  Recheck Cond: ((id >= 89124) AND (id <= 90123))
	  ->  Bitmap Index Scan on sbtest5_pkey  (cost=0.00..35.07 rows=1063 width=0)
	        Index Cond: ((id >= 89124) AND (id <= 90123))

table 6 : explain SELECT c FROM sbtest6 WHERE id BETWEEN 4406886 AND 4407885
	Bitmap Heap Scan on sbtest6  (cost=35.47..4167.41 rows=1077 width=121)
	  Recheck Cond: ((id >= 4406886) AND (id <= 4407885))
	  ->  Bitmap Index Scan on sbtest6_pkey  (cost=0.00..35.20 rows=1077 width=0)
	        Index Cond: ((id >= 4406886) AND (id <= 4407885))

table 7 : explain SELECT c FROM sbtest7 WHERE id BETWEEN 305652 AND 306651
	Bitmap Heap Scan on sbtest7  (cost=34.34..3754.43 rows=966 width=121)
	  Recheck Cond: ((id >= 305652) AND (id <= 306651))
	  ->  Bitmap Index Scan on sbtest7_pkey  (cost=0.00..34.09 rows=966 width=0)
	        Index Cond: ((id >= 305652) AND (id <= 306651))

table 8 : explain SELECT c FROM sbtest8 WHERE id BETWEEN 9921275 AND 9922274
	Index Scan using sbtest8_pkey on sbtest8  (cost=0.43..3758.44 rows=959 width=121)
	  Index Cond: ((id >= 9921275) AND (id <= 9922274))

for: sum_ranges
table 1 : explain SELECT SUM(k) FROM sbtest1 WHERE id BETWEEN 6769285 AND 6770284
	Aggregate  (cost=3740.62..3740.63 rows=1 width=8)
	  ->  Bitmap Heap Scan on sbtest1  (cost=34.31..3738.21 rows=963 width=4)
	        Recheck Cond: ((id >= 6769285) AND (id <= 6770284))
	        ->  Bitmap Index Scan on sbtest1_pkey  (cost=0.00..34.07 rows=963 width=0)
	              Index Cond: ((id >= 6769285) AND (id <= 6770284))

table 2 : explain SELECT SUM(k) FROM sbtest2 WHERE id BETWEEN 4887848 AND 4888847
	Aggregate  (cost=3853.05..3853.06 rows=1 width=8)
	  ->  Bitmap Heap Scan on sbtest2  (cost=34.61..3850.56 rows=993 width=4)
	        Recheck Cond: ((id >= 4887848) AND (id <= 4888847))
	        ->  Bitmap Index Scan on sbtest2_pkey  (cost=0.00..34.37 rows=993 width=0)
	              Index Cond: ((id >= 4887848) AND (id <= 4888847))

table 3 : explain SELECT SUM(k) FROM sbtest3 WHERE id BETWEEN 2357313 AND 2358312
	Aggregate  (cost=3897.30..3897.31 rows=1 width=8)
	  ->  Bitmap Heap Scan on sbtest3  (cost=34.73..3894.79 rows=1004 width=4)
	        Recheck Cond: ((id >= 2357313) AND (id <= 2358312))
	        ->  Bitmap Index Scan on sbtest3_pkey  (cost=0.00..34.48 rows=1004 width=0)
	              Index Cond: ((id >= 2357313) AND (id <= 2358312))

table 4 : explain SELECT SUM(k) FROM sbtest4 WHERE id BETWEEN 634745 AND 635744
	Aggregate  (cost=3706.98..3706.99 rows=1 width=8)
	  ->  Bitmap Heap Scan on sbtest4  (cost=34.20..3704.60 rows=953 width=4)
	        Recheck Cond: ((id >= 634745) AND (id <= 635744))
	        ->  Bitmap Index Scan on sbtest4_pkey  (cost=0.00..33.97 rows=953 width=0)
	              Index Cond: ((id >= 634745) AND (id <= 635744))

table 5 : explain SELECT SUM(k) FROM sbtest5 WHERE id BETWEEN 1837974 AND 1838973
	Aggregate  (cost=4129.34..4129.35 rows=1 width=8)
	  ->  Bitmap Heap Scan on sbtest5  (cost=35.37..4126.67 rows=1067 width=4)
	        Recheck Cond: ((id >= 1837974) AND (id <= 1838973))
	        ->  Bitmap Index Scan on sbtest5_pkey  (cost=0.00..35.11 rows=1067 width=0)
	              Index Cond: ((id >= 1837974) AND (id <= 1838973))

table 6 : explain SELECT SUM(k) FROM sbtest6 WHERE id BETWEEN 4004901 AND 4005900
	Aggregate  (cost=3906.23..3906.24 rows=1 width=8)
	  ->  Bitmap Heap Scan on sbtest6  (cost=34.76..3903.71 rows=1007 width=4)
	        Recheck Cond: ((id >= 4004901) AND (id <= 4005900))
	        ->  Bitmap Index Scan on sbtest6_pkey  (cost=0.00..34.51 rows=1007 width=0)
	              Index Cond: ((id >= 4004901) AND (id <= 4005900))

table 7 : explain SELECT SUM(k) FROM sbtest7 WHERE id BETWEEN 4990410 AND 4991409
	Aggregate  (cost=3881.77..3881.78 rows=1 width=8)
	  ->  Bitmap Heap Scan on sbtest7  (cost=34.67..3879.27 rows=999 width=4)
	        Recheck Cond: ((id >= 4990410) AND (id <= 4991409))
	        ->  Bitmap Index Scan on sbtest7_pkey  (cost=0.00..34.43 rows=999 width=0)
	              Index Cond: ((id >= 4990410) AND (id <= 4991409))

table 8 : explain SELECT SUM(k) FROM sbtest8 WHERE id BETWEEN 1868897 AND 1869896
	Aggregate  (cost=3870.05..3870.06 rows=1 width=8)
	  ->  Index Scan using sbtest8_pkey on sbtest8  (cost=0.43..3867.58 rows=987 width=4)
	        Index Cond: ((id >= 1868897) AND (id <= 1869896))

for: simple_ranges
table 1 : explain SELECT c FROM sbtest1 WHERE id BETWEEN 9665292 AND 9666291
	Bitmap Heap Scan on sbtest1  (cost=35.39..4137.97 rows=1069 width=121)
	  Recheck Cond: ((id >= 9665292) AND (id <= 9666291))
	  ->  Bitmap Index Scan on sbtest1_pkey  (cost=0.00..35.12 rows=1069 width=0)
	        Index Cond: ((id >= 9665292) AND (id <= 9666291))

table 2 : explain SELECT c FROM sbtest2 WHERE id BETWEEN 1320874 AND 1321873
	Bitmap Heap Scan on sbtest2  (cost=34.71..3884.51 rows=1002 width=121)
	  Recheck Cond: ((id >= 1320874) AND (id <= 1321873))
	  ->  Bitmap Index Scan on sbtest2_pkey  (cost=0.00..34.45 rows=1002 width=0)
	        Index Cond: ((id >= 1320874) AND (id <= 1321873))

table 3 : explain SELECT c FROM sbtest3 WHERE id BETWEEN 6043840 AND 6044839
	Bitmap Heap Scan on sbtest3  (cost=39.94..4343.45 rows=1122 width=121)
	  Recheck Cond: ((id >= 6043840) AND (id <= 6044839))
	  ->  Bitmap Index Scan on sbtest3_pkey  (cost=0.00..39.66 rows=1122 width=0)
	        Index Cond: ((id >= 6043840) AND (id <= 6044839))

table 4 : explain SELECT c FROM sbtest4 WHERE id BETWEEN 8039735 AND 8040734
	Bitmap Heap Scan on sbtest4  (cost=39.83..4309.01 rows=1112 width=121)
	  Recheck Cond: ((id >= 8039735) AND (id <= 8040734))
	  ->  Bitmap Index Scan on sbtest4_pkey  (cost=0.00..39.56 rows=1112 width=0)
	        Index Cond: ((id >= 8039735) AND (id <= 8040734))

table 5 : explain SELECT c FROM sbtest5 WHERE id BETWEEN 6748167 AND 6749166
	Bitmap Heap Scan on sbtest5  (cost=34.74..3893.33 rows=1005 width=121)
	  Recheck Cond: ((id >= 6748167) AND (id <= 6749166))
	  ->  Bitmap Index Scan on sbtest5_pkey  (cost=0.00..34.48 rows=1005 width=0)
	        Index Cond: ((id >= 6748167) AND (id <= 6749166))

table 6 : explain SELECT c FROM sbtest6 WHERE id BETWEEN 4637016 AND 4638015
	Bitmap Heap Scan on sbtest6  (cost=35.38..4133.54 rows=1068 width=121)
	  Recheck Cond: ((id >= 4637016) AND (id <= 4638015))
	  ->  Bitmap Index Scan on sbtest6_pkey  (cost=0.00..35.12 rows=1068 width=0)
	        Index Cond: ((id >= 4637016) AND (id <= 4638015))

table 7 : explain SELECT c FROM sbtest7 WHERE id BETWEEN 6797372 AND 6798371
	Bitmap Heap Scan on sbtest7  (cost=35.12..4041.75 rows=1042 width=121)
	  Recheck Cond: ((id >= 6797372) AND (id <= 6798371))
	  ->  Bitmap Index Scan on sbtest7_pkey  (cost=0.00..34.86 rows=1042 width=0)
	        Index Cond: ((id >= 6797372) AND (id <= 6798371))

table 8 : explain SELECT c FROM sbtest8 WHERE id BETWEEN 9034820 AND 9035819
	Index Scan using sbtest8_pkey on sbtest8  (cost=0.43..3937.75 rows=1005 width=121)
	  Index Cond: ((id >= 9034820) AND (id <= 9035819))

for: distinct_ranges
table 1 : explain SELECT DISTINCT c FROM sbtest1 WHERE id BETWEEN 3630029 AND 3631028 ORDER BY c
	Unique  (cost=3989.01..3994.09 rows=1016 width=121)
	  ->  Sort  (cost=3989.01..3991.55 rows=1016 width=121)
	        Sort Key: c
	        ->  Bitmap Heap Scan on sbtest1  (cost=34.85..3938.27 rows=1016 width=121)
	              Recheck Cond: ((id >= 3630029) AND (id <= 3631028))
	              ->  Bitmap Index Scan on sbtest1_pkey  (cost=0.00..34.59 rows=1016 width=0)
	                    Index Cond: ((id >= 3630029) AND (id <= 3631028))

table 2 : explain SELECT DISTINCT c FROM sbtest2 WHERE id BETWEEN 691202 AND 692201 ORDER BY c
	Unique  (cost=4110.45..4115.69 rows=1048 width=121)
	  ->  Sort  (cost=4110.45..4113.07 rows=1048 width=121)
	        Sort Key: c
	        ->  Bitmap Heap Scan on sbtest2  (cost=35.18..4057.88 rows=1048 width=121)
	              Recheck Cond: ((id >= 691202) AND (id <= 692201))
	              ->  Bitmap Index Scan on sbtest2_pkey  (cost=0.00..34.92 rows=1048 width=0)
	                    Index Cond: ((id >= 691202) AND (id <= 692201))

table 3 : explain SELECT DISTINCT c FROM sbtest3 WHERE id BETWEEN 966021 AND 967020 ORDER BY c
	Unique  (cost=4006.15..4011.25 rows=1020 width=121)
	  ->  Sort  (cost=4006.15..4008.70 rows=1020 width=121)
	        Sort Key: c
	        ->  Bitmap Heap Scan on sbtest3  (cost=34.89..3955.18 rows=1020 width=121)
	              Recheck Cond: ((id >= 966021) AND (id <= 967020))
	              ->  Bitmap Index Scan on sbtest3_pkey  (cost=0.00..34.64 rows=1020 width=0)
	                    Index Cond: ((id >= 966021) AND (id <= 967020))

table 4 : explain SELECT DISTINCT c FROM sbtest4 WHERE id BETWEEN 7780650 AND 7781649 ORDER BY c
	Unique  (cost=3709.48..3714.19 rows=942 width=121)
	  ->  Sort  (cost=3709.48..3711.84 rows=942 width=121)
	        Sort Key: c
	        ->  Bitmap Heap Scan on sbtest4  (cost=34.09..3662.95 rows=942 width=121)
	              Recheck Cond: ((id >= 7780650) AND (id <= 7781649))
	              ->  Bitmap Index Scan on sbtest4_pkey  (cost=0.00..33.86 rows=942 width=0)
	                    Index Cond: ((id >= 7780650) AND (id <= 7781649))

table 5 : explain SELECT DISTINCT c FROM sbtest5 WHERE id BETWEEN 4098552 AND 4099551 ORDER BY c
	Unique  (cost=3843.96..3848.86 rows=979 width=121)
	  ->  Sort  (cost=3843.96..3846.41 rows=979 width=121)
	        Sort Key: c
	        ->  Bitmap Heap Scan on sbtest5  (cost=34.47..3795.33 rows=979 width=121)
	              Recheck Cond: ((id >= 4098552) AND (id <= 4099551))
	              ->  Bitmap Index Scan on sbtest5_pkey  (cost=0.00..34.23 rows=979 width=0)
	                    Index Cond: ((id >= 4098552) AND (id <= 4099551))

table 6 : explain SELECT DISTINCT c FROM sbtest6 WHERE id BETWEEN 5709744 AND 5710743 ORDER BY c
	Unique  (cost=3973.08..3978.14 rows=1012 width=121)
	  ->  Sort  (cost=3973.08..3975.61 rows=1012 width=121)
	        Sort Key: c
	        ->  Bitmap Heap Scan on sbtest6  (cost=34.81..3922.57 rows=1012 width=121)
	              Recheck Cond: ((id >= 5709744) AND (id <= 5710743))
	              ->  Bitmap Index Scan on sbtest6_pkey  (cost=0.00..34.56 rows=1012 width=0)
	                    Index Cond: ((id >= 5709744) AND (id <= 5710743))

table 7 : explain SELECT DISTINCT c FROM sbtest7 WHERE id BETWEEN 9276343 AND 9277342 ORDER BY c
	Unique  (cost=3871.46..3876.38 rows=984 width=121)
	  ->  Sort  (cost=3871.46..3873.92 rows=984 width=121)
	        Sort Key: c
	        ->  Bitmap Heap Scan on sbtest7  (cost=34.52..3822.54 rows=984 width=121)
	              Recheck Cond: ((id >= 9276343) AND (id <= 9277342))
	              ->  Bitmap Index Scan on sbtest7_pkey  (cost=0.00..34.28 rows=984 width=0)
	                    Index Cond: ((id >= 9276343) AND (id <= 9277342))

table 8 : explain SELECT DISTINCT c FROM sbtest8 WHERE id BETWEEN 1811791 AND 1812790 ORDER BY c
	Unique  (cost=3873.18..3878.06 rows=976 width=121)
	  ->  Sort  (cost=3873.18..3875.62 rows=976 width=121)
	        Sort Key: c
	        ->  Index Scan using sbtest8_pkey on sbtest8  (cost=0.43..3824.72 rows=976 width=121)
	              Index Cond: ((id >= 1811791) AND (id <= 1812790))

for: sum_ranges
table 1 : explain SELECT SUM(k) FROM sbtest1 WHERE id BETWEEN 6581582 AND 6582581
	Aggregate  (cost=4197.14..4197.15 rows=1 width=8)
	  ->  Bitmap Heap Scan on sbtest1  (cost=35.55..4194.43 rows=1084 width=4)
	        Recheck Cond: ((id >= 6581582) AND (id <= 6582581))
	        ->  Bitmap Index Scan on sbtest1_pkey  (cost=0.00..35.28 rows=1084 width=0)
	              Index Cond: ((id >= 6581582) AND (id <= 6582581))

table 2 : explain SELECT SUM(k) FROM sbtest2 WHERE id BETWEEN 4560931 AND 4561930
	Aggregate  (cost=3932.30..3932.31 rows=1 width=8)
	  ->  Bitmap Heap Scan on sbtest2  (cost=34.83..3929.77 rows=1014 width=4)
	        Recheck Cond: ((id >= 4560931) AND (id <= 4561930))
	        ->  Bitmap Index Scan on sbtest2_pkey  (cost=0.00..34.58 rows=1014 width=0)
	              Index Cond: ((id >= 4560931) AND (id <= 4561930))

table 3 : explain SELECT SUM(k) FROM sbtest3 WHERE id BETWEEN 5337370 AND 5338369
	Aggregate  (cost=4301.08..4301.09 rows=1 width=8)
	  ->  Bitmap Heap Scan on sbtest3  (cost=39.81..4298.31 rows=1110 width=4)
	        Recheck Cond: ((id >= 5337370) AND (id <= 5338369))
	        ->  Bitmap Index Scan on sbtest3_pkey  (cost=0.00..39.54 rows=1110 width=0)
	              Index Cond: ((id >= 5337370) AND (id <= 5338369))

table 4 : explain SELECT SUM(k) FROM sbtest4 WHERE id BETWEEN 4442714 AND 4443713
	Aggregate  (cost=3467.86..3467.87 rows=1 width=8)
	  ->  Bitmap Heap Scan on sbtest4  (cost=29.57..3465.63 rows=891 width=4)
	        Recheck Cond: ((id >= 4442714) AND (id <= 4443713))
	        ->  Bitmap Index Scan on sbtest4_pkey  (cost=0.00..29.34 rows=891 width=0)
	              Index Cond: ((id >= 4442714) AND (id <= 4443713))

table 5 : explain SELECT SUM(k) FROM sbtest5 WHERE id BETWEEN 2473106 AND 2474105
	Aggregate  (cost=3744.94..3744.95 rows=1 width=8)
	  ->  Bitmap Heap Scan on sbtest5  (cost=34.33..3742.52 rows=965 width=4)
	        Recheck Cond: ((id >= 2473106) AND (id <= 2474105))
	        ->  Bitmap Index Scan on sbtest5_pkey  (cost=0.00..34.09 rows=965 width=0)
	              Index Cond: ((id >= 2473106) AND (id <= 2474105))

table 6 : explain SELECT SUM(k) FROM sbtest6 WHERE id BETWEEN 3912258 AND 3913257
	Aggregate  (cost=4200.22..4200.23 rows=1 width=8)
	  ->  Bitmap Heap Scan on sbtest6  (cost=35.56..4197.51 rows=1085 width=4)
	        Recheck Cond: ((id >= 3912258) AND (id <= 3913257))
	        ->  Bitmap Index Scan on sbtest6_pkey  (cost=0.00..35.29 rows=1085 width=0)
	              Index Cond: ((id >= 3912258) AND (id <= 3913257))

table 7 : explain SELECT SUM(k) FROM sbtest7 WHERE id BETWEEN 7153569 AND 7154568
	Aggregate  (cost=4135.01..4135.02 rows=1 width=8)
	  ->  Bitmap Heap Scan on sbtest7  (cost=35.36..4132.34 rows=1066 width=4)
	        Recheck Cond: ((id >= 7153569) AND (id <= 7154568))
	        ->  Bitmap Index Scan on sbtest7_pkey  (cost=0.00..35.09 rows=1066 width=0)
	              Index Cond: ((id >= 7153569) AND (id <= 7154568))

table 8 : explain SELECT SUM(k) FROM sbtest8 WHERE id BETWEEN 8771515 AND 8772514
	Aggregate  (cost=4065.26..4065.27 rows=1 width=8)
	  ->  Bitmap Heap Scan on sbtest8  (cost=35.18..4062.64 rows=1048 width=4)
	        Recheck Cond: ((id >= 8771515) AND (id <= 8772514))
	        ->  Bitmap Index Scan on sbtest8_pkey  (cost=0.00..34.92 rows=1048 width=0)
	              Index Cond: ((id >= 8771515) AND (id <= 8772514))

for: sum_ranges
table 1 : explain SELECT SUM(k) FROM sbtest1 WHERE id BETWEEN 9846016 AND 9847015
	Aggregate  (cost=3706.59..3706.60 rows=1 width=8)
	  ->  Bitmap Heap Scan on sbtest1  (cost=34.21..3704.20 rows=954 width=4)
	        Recheck Cond: ((id >= 9846016) AND (id <= 9847015))
	        ->  Bitmap Index Scan on sbtest1_pkey  (cost=0.00..33.98 rows=954 width=0)
	              Index Cond: ((id >= 9846016) AND (id <= 9847015))

table 2 : explain SELECT SUM(k) FROM sbtest2 WHERE id BETWEEN 1536021 AND 1537020
	Aggregate  (cost=4083.11..4083.12 rows=1 width=8)
	  ->  Bitmap Heap Scan on sbtest2  (cost=35.24..4080.47 rows=1054 width=4)
	        Recheck Cond: ((id >= 1536021) AND (id <= 1537020))
	        ->  Bitmap Index Scan on sbtest2_pkey  (cost=0.00..34.98 rows=1054 width=0)
	              Index Cond: ((id >= 1536021) AND (id <= 1537020))

table 3 : explain SELECT SUM(k) FROM sbtest3 WHERE id BETWEEN 9697875 AND 9698874
	Aggregate  (cost=3961.51..3961.52 rows=1 width=8)
	  ->  Bitmap Heap Scan on sbtest3  (cost=34.90..3958.96 rows=1021 width=4)
	        Recheck Cond: ((id >= 9697875) AND (id <= 9698874))
	        ->  Bitmap Index Scan on sbtest3_pkey  (cost=0.00..34.65 rows=1021 width=0)
	              Index Cond: ((id >= 9697875) AND (id <= 9698874))

table 4 : explain SELECT SUM(k) FROM sbtest4 WHERE id BETWEEN 4729735 AND 4730734
	Aggregate  (cost=3975.65..3975.66 rows=1 width=8)
	  ->  Bitmap Heap Scan on sbtest4  (cost=34.93..3973.09 rows=1024 width=4)
	        Recheck Cond: ((id >= 4729735) AND (id <= 4730734))
	        ->  Bitmap Index Scan on sbtest4_pkey  (cost=0.00..34.68 rows=1024 width=0)
	              Index Cond: ((id >= 4729735) AND (id <= 4730734))

table 5 : explain SELECT SUM(k) FROM sbtest5 WHERE id BETWEEN 4675204 AND 4676203
	Aggregate  (cost=4242.39..4242.40 rows=1 width=8)
	  ->  Bitmap Heap Scan on sbtest5  (cost=39.67..4239.65 rows=1096 width=4)
	        Recheck Cond: ((id >= 4675204) AND (id <= 4676203))
	        ->  Bitmap Index Scan on sbtest5_pkey  (cost=0.00..39.40 rows=1096 width=0)
	              Index Cond: ((id >= 4675204) AND (id <= 4676203))

table 6 : explain SELECT SUM(k) FROM sbtest6 WHERE id BETWEEN 4532157 AND 4533156
	Aggregate  (cost=3766.50..3766.51 rows=1 width=8)
	  ->  Bitmap Heap Scan on sbtest6  (cost=34.38..3764.08 rows=970 width=4)
	        Recheck Cond: ((id >= 4532157) AND (id <= 4533156))
	        ->  Bitmap Index Scan on sbtest6_pkey  (cost=0.00..34.14 rows=970 width=0)
	              Index Cond: ((id >= 4532157) AND (id <= 4533156))

table 7 : explain SELECT SUM(k) FROM sbtest7 WHERE id BETWEEN 6875946 AND 6876945
	Aggregate  (cost=3851.50..3851.51 rows=1 width=8)
	  ->  Bitmap Heap Scan on sbtest7  (cost=34.59..3849.02 rows=991 width=4)
	        Recheck Cond: ((id >= 6875946) AND (id <= 6876945))
	        ->  Bitmap Index Scan on sbtest7_pkey  (cost=0.00..34.34 rows=991 width=0)
	              Index Cond: ((id >= 6875946) AND (id <= 6876945))

table 8 : explain SELECT SUM(k) FROM sbtest8 WHERE id BETWEEN 8091307 AND 8092306
	Aggregate  (cost=3916.87..3916.88 rows=1 width=8)
	  ->  Index Scan using sbtest8_pkey on sbtest8  (cost=0.43..3914.37 rows=999 width=4)
	        Index Cond: ((id >= 8091307) AND (id <= 8092306))

for: simple_ranges
table 1 : explain SELECT c FROM sbtest1 WHERE id BETWEEN 5217389 AND 5218388
	Bitmap Heap Scan on sbtest1  (cost=34.66..3870.36 rows=998 width=121)
	  Recheck Cond: ((id >= 5217389) AND (id <= 5218388))
	  ->  Bitmap Index Scan on sbtest1_pkey  (cost=0.00..34.42 rows=998 width=0)
	        Index Cond: ((id >= 5217389) AND (id <= 5218388))

table 2 : explain SELECT c FROM sbtest2 WHERE id BETWEEN 7162759 AND 7163758
	Bitmap Heap Scan on sbtest2  (cost=35.15..4046.58 rows=1045 width=121)
	  Recheck Cond: ((id >= 7162759) AND (id <= 7163758))
	  ->  Bitmap Index Scan on sbtest2_pkey  (cost=0.00..34.89 rows=1045 width=0)
	        Index Cond: ((id >= 7162759) AND (id <= 7163758))

table 3 : explain SELECT c FROM sbtest3 WHERE id BETWEEN 6253732 AND 6254731
	Bitmap Heap Scan on sbtest3  (cost=40.06..4388.58 rows=1134 width=121)
	  Recheck Cond: ((id >= 6253732) AND (id <= 6254731))
	  ->  Bitmap Index Scan on sbtest3_pkey  (cost=0.00..39.78 rows=1134 width=0)
	        Index Cond: ((id >= 6253732) AND (id <= 6254731))

table 4 : explain SELECT c FROM sbtest4 WHERE id BETWEEN 8641435 AND 8642434
	Bitmap Heap Scan on sbtest4  (cost=34.14..3681.88 rows=947 width=121)
	  Recheck Cond: ((id >= 8641435) AND (id <= 8642434))
	  ->  Bitmap Index Scan on sbtest4_pkey  (cost=0.00..33.91 rows=947 width=0)
	        Index Cond: ((id >= 8641435) AND (id <= 8642434))

table 5 : explain SELECT c FROM sbtest5 WHERE id BETWEEN 2462584 AND 2463583
	Bitmap Heap Scan on sbtest5  (cost=34.33..3742.52 rows=965 width=121)
	  Recheck Cond: ((id >= 2462584) AND (id <= 2463583))
	  ->  Bitmap Index Scan on sbtest5_pkey  (cost=0.00..34.09 rows=965 width=0)
	        Index Cond: ((id >= 2462584) AND (id <= 2463583))

table 6 : explain SELECT c FROM sbtest6 WHERE id BETWEEN 8616035 AND 8617034
	Bitmap Heap Scan on sbtest6  (cost=35.09..4028.10 rows=1040 width=121)
	  Recheck Cond: ((id >= 8616035) AND (id <= 8617034))
	  ->  Bitmap Index Scan on sbtest6_pkey  (cost=0.00..34.84 rows=1040 width=0)
	        Index Cond: ((id >= 8616035) AND (id <= 8617034))

table 7 : explain SELECT c FROM sbtest7 WHERE id BETWEEN 8620817 AND 8621816
	Bitmap Heap Scan on sbtest7  (cost=34.48..3807.41 rows=980 width=121)
	  Recheck Cond: ((id >= 8620817) AND (id <= 8621816))
	  ->  Bitmap Index Scan on sbtest7_pkey  (cost=0.00..34.23 rows=980 width=0)
	        Index Cond: ((id >= 8620817) AND (id <= 8621816))

table 8 : explain SELECT c FROM sbtest8 WHERE id BETWEEN 6339927 AND 6340926
	Bitmap Heap Scan on sbtest8  (cost=34.94..3975.84 rows=1025 width=121)
	  Recheck Cond: ((id >= 6339927) AND (id <= 6340926))
	  ->  Bitmap Index Scan on sbtest8_pkey  (cost=0.00..34.69 rows=1025 width=0)
	        Index Cond: ((id >= 6339927) AND (id <= 6340926))

for: distinct_ranges
table 1 : explain SELECT DISTINCT c FROM sbtest1 WHERE id BETWEEN 8163287 AND 8164286 ORDER BY c
	Unique  (cost=4295.09..4300.57 rows=1095 width=121)
	  ->  Sort  (cost=4295.09..4297.83 rows=1095 width=121)
	        Sort Key: c
	        ->  Bitmap Heap Scan on sbtest1  (cost=39.66..4239.81 rows=1095 width=121)
	              Recheck Cond: ((id >= 8163287) AND (id <= 8164286))
	              ->  Bitmap Index Scan on sbtest1_pkey  (cost=0.00..39.39 rows=1095 width=0)
	                    Index Cond: ((id >= 8163287) AND (id <= 8164286))

table 2 : explain SELECT DISTINCT c FROM sbtest2 WHERE id BETWEEN 6678598 AND 6679597 ORDER BY c
	Unique  (cost=4381.80..4387.39 rows=1118 width=121)
	  ->  Sort  (cost=4381.80..4384.60 rows=1118 width=121)
	        Sort Key: c
	        ->  Bitmap Heap Scan on sbtest2  (cost=39.89..4325.19 rows=1118 width=121)
	              Recheck Cond: ((id >= 6678598) AND (id <= 6679597))
	              ->  Bitmap Index Scan on sbtest2_pkey  (cost=0.00..39.62 rows=1118 width=0)
	                    Index Cond: ((id >= 6678598) AND (id <= 6679597))

table 3 : explain SELECT DISTINCT c FROM sbtest3 WHERE id BETWEEN 5531701 AND 5532700 ORDER BY c
	Unique  (cost=4017.65..4022.76 rows=1023 width=121)
	  ->  Sort  (cost=4017.65..4020.20 rows=1023 width=121)
	        Sort Key: c
	        ->  Bitmap Heap Scan on sbtest3  (cost=34.92..3966.50 rows=1023 width=121)
	              Recheck Cond: ((id >= 5531701) AND (id <= 5532700))
	              ->  Bitmap Index Scan on sbtest3_pkey  (cost=0.00..34.67 rows=1023 width=0)
	                    Index Cond: ((id >= 5531701) AND (id <= 5532700))

table 4 : explain SELECT DISTINCT c FROM sbtest4 WHERE id BETWEEN 3042576 AND 3043575 ORDER BY c
	Unique  (cost=4686.24..4692.22 rows=1197 width=121)
	  ->  Sort  (cost=4686.24..4689.23 rows=1197 width=121)
	        Sort Key: c
	        ->  Bitmap Heap Scan on sbtest4  (cost=40.70..4625.04 rows=1197 width=121)
	              Recheck Cond: ((id >= 3042576) AND (id <= 3043575))
	              ->  Bitmap Index Scan on sbtest4_pkey  (cost=0.00..40.41 rows=1197 width=0)
	                    Index Cond: ((id >= 3042576) AND (id <= 3043575))

table 5 : explain SELECT DISTINCT c FROM sbtest5 WHERE id BETWEEN 1239470 AND 1240469 ORDER BY c
	Unique  (cost=3886.06..3891.01 rows=990 width=121)
	  ->  Sort  (cost=3886.06..3888.54 rows=990 width=121)
	        Sort Key: c
	        ->  Bitmap Heap Scan on sbtest5  (cost=34.58..3836.80 rows=990 width=121)
	              Recheck Cond: ((id >= 1239470) AND (id <= 1240469))
	              ->  Bitmap Index Scan on sbtest5_pkey  (cost=0.00..34.34 rows=990 width=0)
	                    Index Cond: ((id >= 1239470) AND (id <= 1240469))

table 6 : explain SELECT DISTINCT c FROM sbtest6 WHERE id BETWEEN 5408822 AND 5409821 ORDER BY c
	Unique  (cost=3562.63..3567.16 rows=906 width=121)
	  ->  Sort  (cost=3562.63..3564.89 rows=906 width=121)
	        Sort Key: c
	        ->  Bitmap Heap Scan on sbtest6  (cost=29.72..3518.13 rows=906 width=121)
	              Recheck Cond: ((id >= 5408822) AND (id <= 5409821))
	              ->  Bitmap Index Scan on sbtest6_pkey  (cost=0.00..29.50 rows=906 width=0)
	                    Index Cond: ((id >= 5408822) AND (id <= 5409821))

table 7 : explain SELECT DISTINCT c FROM sbtest7 WHERE id BETWEEN 8831618 AND 8832617 ORDER BY c
	Unique  (cost=3840.73..3845.61 rows=976 width=121)
	  ->  Sort  (cost=3840.73..3843.17 rows=976 width=121)
	        Sort Key: c
	        ->  Bitmap Heap Scan on sbtest7  (cost=34.44..3792.27 rows=976 width=121)
	              Recheck Cond: ((id >= 8831618) AND (id <= 8832617))
	              ->  Bitmap Index Scan on sbtest7_pkey  (cost=0.00..34.20 rows=976 width=0)
	                    Index Cond: ((id >= 8831618) AND (id <= 8832617))

table 8 : explain SELECT DISTINCT c FROM sbtest8 WHERE id BETWEEN 9294951 AND 9295950 ORDER BY c
	Unique  (cost=4057.75..4062.92 rows=1033 width=121)
	  ->  Sort  (cost=4057.75..4060.34 rows=1033 width=121)
	        Sort Key: c
	        ->  Bitmap Heap Scan on sbtest8  (cost=35.02..4006.04 rows=1033 width=121)
	              Recheck Cond: ((id >= 9294951) AND (id <= 9295950))
	              ->  Bitmap Index Scan on sbtest8_pkey  (cost=0.00..34.77 rows=1033 width=0)
	                    Index Cond: ((id >= 9294951) AND (id <= 9295950))

for: simple_ranges
table 1 : explain SELECT c FROM sbtest1 WHERE id BETWEEN 2326480 AND 2327479
	Bitmap Heap Scan on sbtest1  (cost=35.07..4021.20 rows=1038 width=121)
	  Recheck Cond: ((id >= 2326480) AND (id <= 2327479))
	  ->  Bitmap Index Scan on sbtest1_pkey  (cost=0.00..34.82 rows=1038 width=0)
	        Index Cond: ((id >= 2326480) AND (id <= 2327479))

table 2 : explain SELECT c FROM sbtest2 WHERE id BETWEEN 2811011 AND 2812010
	Bitmap Heap Scan on sbtest2  (cost=34.49..3805.28 rows=981 width=121)
	  Recheck Cond: ((id >= 2811011) AND (id <= 2812010))
	  ->  Bitmap Index Scan on sbtest2_pkey  (cost=0.00..34.25 rows=981 width=0)
	        Index Cond: ((id >= 2811011) AND (id <= 2812010))

table 3 : explain SELECT c FROM sbtest3 WHERE id BETWEEN 5506696 AND 5507695
	Bitmap Heap Scan on sbtest3  (cost=34.92..3966.50 rows=1023 width=121)
	  Recheck Cond: ((id >= 5506696) AND (id <= 5507695))
	  ->  Bitmap Index Scan on sbtest3_pkey  (cost=0.00..34.67 rows=1023 width=0)
	        Index Cond: ((id >= 5506696) AND (id <= 5507695))

table 4 : explain SELECT c FROM sbtest4 WHERE id BETWEEN 3860455 AND 3861454
	Bitmap Heap Scan on sbtest4  (cost=35.16..4056.16 rows=1046 width=121)
	  Recheck Cond: ((id >= 3860455) AND (id <= 3861454))
	  ->  Bitmap Index Scan on sbtest4_pkey  (cost=0.00..34.90 rows=1046 width=0)
	        Index Cond: ((id >= 3860455) AND (id <= 3861454))

table 5 : explain SELECT c FROM sbtest5 WHERE id BETWEEN 9438364 AND 9439363
	Bitmap Heap Scan on sbtest5  (cost=35.01..3995.01 rows=1032 width=121)
	  Recheck Cond: ((id >= 9438364) AND (id <= 9439363))
	  ->  Bitmap Index Scan on sbtest5_pkey  (cost=0.00..34.76 rows=1032 width=0)
	        Index Cond: ((id >= 9438364) AND (id <= 9439363))

table 6 : explain SELECT c FROM sbtest6 WHERE id BETWEEN 7904297 AND 7905296
	Bitmap Heap Scan on sbtest6  (cost=34.51..3813.16 rows=983 width=121)
	  Recheck Cond: ((id >= 7904297) AND (id <= 7905296))
	  ->  Bitmap Index Scan on sbtest6_pkey  (cost=0.00..34.27 rows=983 width=0)
	        Index Cond: ((id >= 7904297) AND (id <= 7905296))

table 7 : explain SELECT c FROM sbtest7 WHERE id BETWEEN 8378326 AND 8379325
	Bitmap Heap Scan on sbtest7  (cost=34.37..3765.78 rows=969 width=121)
	  Recheck Cond: ((id >= 8378326) AND (id <= 8379325))
	  ->  Bitmap Index Scan on sbtest7_pkey  (cost=0.00..34.12 rows=969 width=0)
	        Index Cond: ((id >= 8378326) AND (id <= 8379325))

table 8 : explain SELECT c FROM sbtest8 WHERE id BETWEEN 9609464 AND 9610463
	Bitmap Heap Scan on sbtest8  (cost=35.15..4051.32 rows=1045 width=121)
	  Recheck Cond: ((id >= 9609464) AND (id <= 9610463))
	  ->  Bitmap Index Scan on sbtest8_pkey  (cost=0.00..34.89 rows=1045 width=0)
	        Index Cond: ((id >= 9609464) AND (id <= 9610463))

explain: for point_selects :: explain SELECT c FROM sbtest%u WHERE id=%u
for: order_ranges
table 1 : explain SELECT c FROM sbtest1 WHERE id BETWEEN 1291274 AND 1292273 ORDER BY c
	Sort  (cost=3927.74..3930.24 rows=1000 width=121)
	  Sort Key: c
	  ->  Bitmap Heap Scan on sbtest1  (cost=34.69..3877.91 rows=1000 width=121)
	        Recheck Cond: ((id >= 1291274) AND (id <= 1292273))
	        ->  Bitmap Index Scan on sbtest1_pkey  (cost=0.00..34.44 rows=1000 width=0)
	              Index Cond: ((id >= 1291274) AND (id <= 1292273))

table 2 : explain SELECT c FROM sbtest2 WHERE id BETWEEN 317373 AND 318372 ORDER BY c
	Sort  (cost=3911.48..3913.97 rows=996 width=121)
	  Sort Key: c
	  ->  Bitmap Heap Scan on sbtest2  (cost=34.64..3861.88 rows=996 width=121)
	        Recheck Cond: ((id >= 317373) AND (id <= 318372))
	        ->  Bitmap Index Scan on sbtest2_pkey  (cost=0.00..34.40 rows=996 width=0)
	              Index Cond: ((id >= 317373) AND (id <= 318372))

table 3 : explain SELECT c FROM sbtest3 WHERE id BETWEEN 1423264 AND 1424263 ORDER BY c
	Sort  (cost=3860.50..3862.96 rows=982 width=121)
	  Sort Key: c
	  ->  Bitmap Heap Scan on sbtest3  (cost=34.50..3811.70 rows=982 width=121)
	        Recheck Cond: ((id >= 1423264) AND (id <= 1424263))
	        ->  Bitmap Index Scan on sbtest3_pkey  (cost=0.00..34.26 rows=982 width=0)
	              Index Cond: ((id >= 1423264) AND (id <= 1424263))

table 4 : explain SELECT c FROM sbtest4 WHERE id BETWEEN 9507957 AND 9508956 ORDER BY c
	Sort  (cost=4066.46..4069.05 rows=1035 width=121)
	  Sort Key: c
	  ->  Bitmap Heap Scan on sbtest4  (cost=35.04..4014.63 rows=1035 width=121)
	        Recheck Cond: ((id >= 9507957) AND (id <= 9508956))
	        ->  Bitmap Index Scan on sbtest4_pkey  (cost=0.00..34.79 rows=1035 width=0)
	              Index Cond: ((id >= 9507957) AND (id <= 9508956))

table 5 : explain SELECT c FROM sbtest5 WHERE id BETWEEN 3634255 AND 3635254 ORDER BY c
	Sort  (cost=3732.90..3735.28 rows=950 width=121)
	  Sort Key: c
	  ->  Bitmap Heap Scan on sbtest5  (cost=34.17..3685.92 rows=950 width=121)
	        Recheck Cond: ((id >= 3634255) AND (id <= 3635254))
	        ->  Bitmap Index Scan on sbtest5_pkey  (cost=0.00..33.94 rows=950 width=0)
	              Index Cond: ((id >= 3634255) AND (id <= 3635254))

table 6 : explain SELECT c FROM sbtest6 WHERE id BETWEEN 6112868 AND 6113867 ORDER BY c
	Sort  (cost=3743.18..3745.56 rows=952 width=121)
	  Sort Key: c
	  ->  Bitmap Heap Scan on sbtest6  (cost=34.19..3696.08 rows=952 width=121)
	        Recheck Cond: ((id >= 6112868) AND (id <= 6113867))
	        ->  Bitmap Index Scan on sbtest6_pkey  (cost=0.00..33.95 rows=952 width=0)
	              Index Cond: ((id >= 6112868) AND (id <= 6113867))

table 7 : explain SELECT c FROM sbtest7 WHERE id BETWEEN 4340223 AND 4341222 ORDER BY c
	Sort  (cost=4124.64..4127.27 rows=1050 width=121)
	  Sort Key: c
	  ->  Bitmap Heap Scan on sbtest7  (cost=35.20..4071.95 rows=1050 width=121)
	        Recheck Cond: ((id >= 4340223) AND (id <= 4341222))
	        ->  Bitmap Index Scan on sbtest7_pkey  (cost=0.00..34.94 rows=1050 width=0)
	              Index Cond: ((id >= 4340223) AND (id <= 4341222))

table 8 : explain SELECT c FROM sbtest8 WHERE id BETWEEN 3674098 AND 3675097 ORDER BY c
	Sort  (cost=3908.76..3911.22 rows=985 width=121)
	  Sort Key: c
	  ->  Index Scan using sbtest8_pkey on sbtest8  (cost=0.43..3859.79 rows=985 width=121)
	        Index Cond: ((id >= 3674098) AND (id <= 3675097))

explain: for point_selects :: explain SELECT c FROM sbtest%u WHERE id=%u
for: distinct_ranges
table 1 : explain SELECT DISTINCT c FROM sbtest1 WHERE id BETWEEN 6401656 AND 6402655 ORDER BY c
	Unique  (cost=3755.25..3760.02 rows=955 width=121)
	  ->  Sort  (cost=3755.25..3757.64 rows=955 width=121)
	        Sort Key: c
	        ->  Bitmap Heap Scan on sbtest1  (cost=34.22..3707.98 rows=955 width=121)
	              Recheck Cond: ((id >= 6401656) AND (id <= 6402655))
	              ->  Bitmap Index Scan on sbtest1_pkey  (cost=0.00..33.98 rows=955 width=0)
	                    Index Cond: ((id >= 6401656) AND (id <= 6402655))

table 2 : explain SELECT DISTINCT c FROM sbtest2 WHERE id BETWEEN 4644895 AND 4645894 ORDER BY c
	Unique  (cost=3865.52..3870.44 rows=984 width=121)
	  ->  Sort  (cost=3865.52..3867.98 rows=984 width=121)
	        Sort Key: c
	        ->  Bitmap Heap Scan on sbtest2  (cost=34.52..3816.60 rows=984 width=121)
	              Recheck Cond: ((id >= 4644895) AND (id <= 4645894))
	              ->  Bitmap Index Scan on sbtest2_pkey  (cost=0.00..34.28 rows=984 width=0)
	                    Index Cond: ((id >= 4644895) AND (id <= 4645894))

table 3 : explain SELECT DISTINCT c FROM sbtest3 WHERE id BETWEEN 3717637 AND 3718636 ORDER BY c
	Unique  (cost=4415.57..4421.20 rows=1126 width=121)
	  ->  Sort  (cost=4415.57..4418.38 rows=1126 width=121)
	        Sort Key: c
	        ->  Bitmap Heap Scan on sbtest3  (cost=39.98..4358.49 rows=1126 width=121)
	              Recheck Cond: ((id >= 3717637) AND (id <= 3718636))
	              ->  Bitmap Index Scan on sbtest3_pkey  (cost=0.00..39.70 rows=1126 width=0)
	                    Index Cond: ((id >= 3717637) AND (id <= 3718636))

table 4 : explain SELECT DISTINCT c FROM sbtest4 WHERE id BETWEEN 8246226 AND 8247225 ORDER BY c
	Unique  (cost=3905.37..3910.33 rows=993 width=121)
	  ->  Sort  (cost=3905.37..3907.85 rows=993 width=121)
	        Sort Key: c
	        ->  Bitmap Heap Scan on sbtest4  (cost=34.61..3855.94 rows=993 width=121)
	              Recheck Cond: ((id >= 8246226) AND (id <= 8247225))
	              ->  Bitmap Index Scan on sbtest4_pkey  (cost=0.00..34.37 rows=993 width=0)
	                    Index Cond: ((id >= 8246226) AND (id <= 8247225))

table 5 : explain SELECT DISTINCT c FROM sbtest5 WHERE id BETWEEN 1414047 AND 1415046 ORDER BY c
	Unique  (cost=3966.39..3971.45 rows=1011 width=121)
	  ->  Sort  (cost=3966.39..3968.92 rows=1011 width=121)
	        Sort Key: c
	        ->  Bitmap Heap Scan on sbtest5  (cost=34.80..3915.93 rows=1011 width=121)
	              Recheck Cond: ((id >= 1414047) AND (id <= 1415046))
	              ->  Bitmap Index Scan on sbtest5_pkey  (cost=0.00..34.55 rows=1011 width=0)
	                    Index Cond: ((id >= 1414047) AND (id <= 1415046))

table 6 : explain SELECT DISTINCT c FROM sbtest6 WHERE id BETWEEN 5679363 AND 5680362 ORDER BY c
	Unique  (cost=3927.13..3932.13 rows=1000 width=121)
	  ->  Sort  (cost=3927.13..3929.63 rows=1000 width=121)
	        Sort Key: c
	        ->  Bitmap Heap Scan on sbtest6  (cost=34.69..3877.31 rows=1000 width=121)
	              Recheck Cond: ((id >= 5679363) AND (id <= 5680362))
	              ->  Bitmap Index Scan on sbtest6_pkey  (cost=0.00..34.44 rows=1000 width=0)
	                    Index Cond: ((id >= 5679363) AND (id <= 5680362))

table 7 : explain SELECT DISTINCT c FROM sbtest7 WHERE id BETWEEN 4586361 AND 4587360 ORDER BY c
	Unique  (cost=3840.73..3845.61 rows=976 width=121)
	  ->  Sort  (cost=3840.73..3843.17 rows=976 width=121)
	        Sort Key: c
	        ->  Bitmap Heap Scan on sbtest7  (cost=34.44..3792.27 rows=976 width=121)
	              Recheck Cond: ((id >= 4586361) AND (id <= 4587360))
	              ->  Bitmap Index Scan on sbtest7_pkey  (cost=0.00..34.20 rows=976 width=0)
	                    Index Cond: ((id >= 4586361) AND (id <= 4587360))

table 8 : explain SELECT DISTINCT c FROM sbtest8 WHERE id BETWEEN 5606436 AND 5607435 ORDER BY c
	Unique  (cost=4367.94..4373.50 rows=1113 width=121)
	  ->  Sort  (cost=4367.94..4370.72 rows=1113 width=121)
	        Sort Key: c
	        ->  Bitmap Heap Scan on sbtest8  (cost=39.84..4311.62 rows=1113 width=121)
	              Recheck Cond: ((id >= 5606436) AND (id <= 5607435))
	              ->  Bitmap Index Scan on sbtest8_pkey  (cost=0.00..39.57 rows=1113 width=0)
	                    Index Cond: ((id >= 5606436) AND (id <= 5607435))

for: order_ranges
table 1 : explain SELECT c FROM sbtest1 WHERE id BETWEEN 4003770 AND 4004769 ORDER BY c
	Sort  (cost=3678.51..3680.85 rows=935 width=121)
	  Sort Key: c
	  ->  Bitmap Heap Scan on sbtest1  (cost=34.02..3632.37 rows=935 width=121)
	        Recheck Cond: ((id >= 4003770) AND (id <= 4004769))
	        ->  Bitmap Index Scan on sbtest1_pkey  (cost=0.00..33.79 rows=935 width=0)
	              Index Cond: ((id >= 4003770) AND (id <= 4004769))

table 2 : explain SELECT c FROM sbtest2 WHERE id BETWEEN 1414934 AND 1415933 ORDER BY c
	Sort  (cost=3934.46..3936.96 rows=1002 width=121)
	  Sort Key: c
	  ->  Bitmap Heap Scan on sbtest2  (cost=34.71..3884.51 rows=1002 width=121)
	        Recheck Cond: ((id >= 1414934) AND (id <= 1415933))
	        ->  Bitmap Index Scan on sbtest2_pkey  (cost=0.00..34.45 rows=1002 width=0)
	              Index Cond: ((id >= 1414934) AND (id <= 1415933))

table 3 : explain SELECT c FROM sbtest3 WHERE id BETWEEN 94732 AND 95731 ORDER BY c
	Sort  (cost=3952.51..3955.03 rows=1006 width=121)
	  Sort Key: c
	  ->  Bitmap Heap Scan on sbtest3  (cost=34.75..3902.34 rows=1006 width=121)
	        Recheck Cond: ((id >= 94732) AND (id <= 95731))
	        ->  Bitmap Index Scan on sbtest3_pkey  (cost=0.00..34.50 rows=1006 width=0)
	              Index Cond: ((id >= 94732) AND (id <= 95731))

table 4 : explain SELECT c FROM sbtest4 WHERE id BETWEEN 5445273 AND 5446272 ORDER BY c
	Sort  (cost=3817.06..3819.49 rows=970 width=121)
	  Sort Key: c
	  ->  Bitmap Heap Scan on sbtest4  (cost=34.38..3768.94 rows=970 width=121)
	        Recheck Cond: ((id >= 5445273) AND (id <= 5446272))
	        ->  Bitmap Index Scan on sbtest4_pkey  (cost=0.00..34.14 rows=970 width=0)
	              Index Cond: ((id >= 5445273) AND (id <= 5446272))

table 5 : explain SELECT c FROM sbtest5 WHERE id BETWEEN 3111240 AND 3112239 ORDER BY c
	Sort  (cost=3866.93..3869.39 rows=985 width=121)
	  Sort Key: c
	  ->  Bitmap Heap Scan on sbtest5  (cost=34.53..3817.95 rows=985 width=121)
	        Recheck Cond: ((id >= 3111240) AND (id <= 3112239))
	        ->  Bitmap Index Scan on sbtest5_pkey  (cost=0.00..34.29 rows=985 width=0)
	              Index Cond: ((id >= 3111240) AND (id <= 3112239))

table 6 : explain SELECT c FROM sbtest6 WHERE id BETWEEN 4757825 AND 4758824 ORDER BY c
	Sort  (cost=4282.77..4285.50 rows=1093 width=121)
	  Sort Key: c
	  ->  Bitmap Heap Scan on sbtest6  (cost=35.64..4227.60 rows=1093 width=121)
	        Recheck Cond: ((id >= 4757825) AND (id <= 4758824))
	        ->  Bitmap Index Scan on sbtest6_pkey  (cost=0.00..35.37 rows=1093 width=0)
	              Index Cond: ((id >= 4757825) AND (id <= 4758824))

table 7 : explain SELECT c FROM sbtest7 WHERE id BETWEEN 3629694 AND 3630693 ORDER BY c
	Sort  (cost=3644.70..3647.01 rows=925 width=121)
	  Sort Key: c
	  ->  Bitmap Heap Scan on sbtest7  (cost=33.92..3599.13 rows=925 width=121)
	        Recheck Cond: ((id >= 3629694) AND (id <= 3630693))
	        ->  Bitmap Index Scan on sbtest7_pkey  (cost=0.00..33.69 rows=925 width=0)
	              Index Cond: ((id >= 3629694) AND (id <= 3630693))

table 8 : explain SELECT c FROM sbtest8 WHERE id BETWEEN 4017976 AND 4018975 ORDER BY c
	Sort  (cost=4264.51..4267.22 rows=1087 width=121)
	  Sort Key: c
	  ->  Bitmap Heap Scan on sbtest8  (cost=35.58..4209.69 rows=1087 width=121)
	        Recheck Cond: ((id >= 4017976) AND (id <= 4018975))
	        ->  Bitmap Index Scan on sbtest8_pkey  (cost=0.00..35.31 rows=1087 width=0)
	              Index Cond: ((id >= 4017976) AND (id <= 4018975))

for: sum_ranges
table 1 : explain SELECT SUM(k) FROM sbtest1 WHERE id BETWEEN 6398754 AND 6399753
	Aggregate  (cost=3710.37..3710.38 rows=1 width=8)
	  ->  Bitmap Heap Scan on sbtest1  (cost=34.22..3707.98 rows=955 width=4)
	        Recheck Cond: ((id >= 6398754) AND (id <= 6399753))
	        ->  Bitmap Index Scan on sbtest1_pkey  (cost=0.00..33.98 rows=955 width=0)
	              Index Cond: ((id >= 6398754) AND (id <= 6399753))

table 2 : explain SELECT SUM(k) FROM sbtest2 WHERE id BETWEEN 6141430 AND 6142429
	Aggregate  (cost=3751.07..3751.08 rows=1 width=8)
	  ->  Bitmap Heap Scan on sbtest2  (cost=34.34..3748.65 rows=966 width=4)
	        Recheck Cond: ((id >= 6141430) AND (id <= 6142429))
	        ->  Bitmap Index Scan on sbtest2_pkey  (cost=0.00..34.09 rows=966 width=0)
	              Index Cond: ((id >= 6141430) AND (id <= 6142429))

table 3 : explain SELECT SUM(k) FROM sbtest3 WHERE id BETWEEN 1954959 AND 1955958
	Aggregate  (cost=4074.73..4074.74 rows=1 width=8)
	  ->  Bitmap Heap Scan on sbtest3  (cost=35.21..4072.10 rows=1051 width=4)
	        Recheck Cond: ((id >= 1954959) AND (id <= 1955958))
	        ->  Bitmap Index Scan on sbtest3_pkey  (cost=0.00..34.95 rows=1051 width=0)
	              Index Cond: ((id >= 1954959) AND (id <= 1955958))

table 4 : explain SELECT SUM(k) FROM sbtest4 WHERE id BETWEEN 5528286 AND 5529285
	Aggregate  (cost=3975.65..3975.66 rows=1 width=8)
	  ->  Bitmap Heap Scan on sbtest4  (cost=34.93..3973.09 rows=1024 width=4)
	        Recheck Cond: ((id >= 5528286) AND (id <= 5529285))
	        ->  Bitmap Index Scan on sbtest4_pkey  (cost=0.00..34.68 rows=1024 width=0)
	              Index Cond: ((id >= 5528286) AND (id <= 5529285))

table 5 : explain SELECT SUM(k) FROM sbtest5 WHERE id BETWEEN 532234 AND 533233
	Aggregate  (cost=3684.52..3684.53 rows=1 width=8)
	  ->  Bitmap Heap Scan on sbtest5  (cost=34.16..3682.14 rows=949 width=4)
	        Recheck Cond: ((id >= 532234) AND (id <= 533233))
	        ->  Bitmap Index Scan on sbtest5_pkey  (cost=0.00..33.93 rows=949 width=0)
	              Index Cond: ((id >= 532234) AND (id <= 533233))

table 6 : explain SELECT SUM(k) FROM sbtest6 WHERE id BETWEEN 3681084 AND 3682083
	Aggregate  (cost=4121.14..4121.15 rows=1 width=8)
	  ->  Bitmap Heap Scan on sbtest6  (cost=35.34..4118.48 rows=1064 width=4)
	        Recheck Cond: ((id >= 3681084) AND (id <= 3682083))
	        ->  Bitmap Index Scan on sbtest6_pkey  (cost=0.00..35.08 rows=1064 width=0)
	              Index Cond: ((id >= 3681084) AND (id <= 3682083))

table 7 : explain SELECT SUM(k) FROM sbtest7 WHERE id BETWEEN 6627392 AND 6628391
	Aggregate  (cost=3483.59..3483.60 rows=1 width=8)
	  ->  Bitmap Heap Scan on sbtest7  (cost=29.61..3481.36 rows=895 width=4)
	        Recheck Cond: ((id >= 6627392) AND (id <= 6628391))
	        ->  Bitmap Index Scan on sbtest7_pkey  (cost=0.00..29.39 rows=895 width=0)
	              Index Cond: ((id >= 6627392) AND (id <= 6628391))

table 8 : explain SELECT SUM(k) FROM sbtest8 WHERE id BETWEEN 6573598 AND 6574597
	Aggregate  (cost=4193.55..4193.56 rows=1 width=8)
	  ->  Bitmap Heap Scan on sbtest8  (cost=35.53..4190.85 rows=1082 width=4)
	        Recheck Cond: ((id >= 6573598) AND (id <= 6574597))
	        ->  Bitmap Index Scan on sbtest8_pkey  (cost=0.00..35.26 rows=1082 width=0)
	              Index Cond: ((id >= 6573598) AND (id <= 6574597))

for: order_ranges
table 1 : explain SELECT c FROM sbtest1 WHERE id BETWEEN 5212686 AND 5213685 ORDER BY c
	Sort  (cost=3920.08..3922.57 rows=998 width=121)
	  Sort Key: c
	  ->  Bitmap Heap Scan on sbtest1  (cost=34.66..3870.36 rows=998 width=121)
	        Recheck Cond: ((id >= 5212686) AND (id <= 5213685))
	        ->  Bitmap Index Scan on sbtest1_pkey  (cost=0.00..34.42 rows=998 width=0)
	              Index Cond: ((id >= 5212686) AND (id <= 5213685))

table 2 : explain SELECT c FROM sbtest2 WHERE id BETWEEN 7370942 AND 7371941 ORDER BY c
	Sort  (cost=4056.92..4059.50 rows=1034 width=121)
	  Sort Key: c
	  ->  Bitmap Heap Scan on sbtest2  (cost=35.03..4005.14 rows=1034 width=121)
	        Recheck Cond: ((id >= 7370942) AND (id <= 7371941))
	        ->  Bitmap Index Scan on sbtest2_pkey  (cost=0.00..34.78 rows=1034 width=0)
	              Index Cond: ((id >= 7370942) AND (id <= 7371941))

table 3 : explain SELECT c FROM sbtest3 WHERE id BETWEEN 8282148 AND 8283147 ORDER BY c
	Sort  (cost=3841.33..3843.77 rows=977 width=121)
	  Sort Key: c
	  ->  Bitmap Heap Scan on sbtest3  (cost=34.45..3792.81 rows=977 width=121)
	        Recheck Cond: ((id >= 8282148) AND (id <= 8283147))
	        ->  Bitmap Index Scan on sbtest3_pkey  (cost=0.00..34.20 rows=977 width=0)
	              Index Cond: ((id >= 8282148) AND (id <= 8283147))

table 4 : explain SELECT c FROM sbtest4 WHERE id BETWEEN 9355112 AND 9356111 ORDER BY c
	Sort  (cost=4112.45..4115.07 rows=1047 width=121)
	  Sort Key: c
	  ->  Bitmap Heap Scan on sbtest4  (cost=35.17..4059.93 rows=1047 width=121)
	        Recheck Cond: ((id >= 9355112) AND (id <= 9356111))
	        ->  Bitmap Index Scan on sbtest4_pkey  (cost=0.00..34.91 rows=1047 width=0)
	              Index Cond: ((id >= 9355112) AND (id <= 9356111))

table 5 : explain SELECT c FROM sbtest5 WHERE id BETWEEN 2950137 AND 2951136 ORDER BY c
	Sort  (cost=3909.02..3911.51 rows=996 width=121)
	  Sort Key: c
	  ->  Bitmap Heap Scan on sbtest5  (cost=34.64..3859.42 rows=996 width=121)
	        Recheck Cond: ((id >= 2950137) AND (id <= 2951136))
	        ->  Bitmap Index Scan on sbtest5_pkey  (cost=0.00..34.40 rows=996 width=0)
	              Index Cond: ((id >= 2950137) AND (id <= 2951136))

table 6 : explain SELECT c FROM sbtest6 WHERE id BETWEEN 9127084 AND 9128083 ORDER BY c
	Sort  (cost=4015.18..4017.74 rows=1023 width=121)
	  Sort Key: c
	  ->  Bitmap Heap Scan on sbtest6  (cost=34.92..3964.04 rows=1023 width=121)
	        Recheck Cond: ((id >= 9127084) AND (id <= 9128083))
	        ->  Bitmap Index Scan on sbtest6_pkey  (cost=0.00..34.67 rows=1023 width=0)
	              Index Cond: ((id >= 9127084) AND (id <= 9128083))

table 7 : explain SELECT c FROM sbtest7 WHERE id BETWEEN 8934304 AND 8935303 ORDER BY c
	Sort  (cost=4093.98..4096.59 rows=1042 width=121)
	  Sort Key: c
	  ->  Bitmap Heap Scan on sbtest7  (cost=35.12..4041.75 rows=1042 width=121)
	        Recheck Cond: ((id >= 8934304) AND (id <= 8935303))
	        ->  Bitmap Index Scan on sbtest7_pkey  (cost=0.00..34.86 rows=1042 width=0)
	              Index Cond: ((id >= 8934304) AND (id <= 8935303))

table 8 : explain SELECT c FROM sbtest8 WHERE id BETWEEN 6181815 AND 6182814 ORDER BY c
	Sort  (cost=4065.42..4068.00 rows=1035 width=121)
	  Sort Key: c
	  ->  Bitmap Heap Scan on sbtest8  (cost=35.04..4013.59 rows=1035 width=121)
	        Recheck Cond: ((id >= 6181815) AND (id <= 6182814))
	        ->  Bitmap Index Scan on sbtest8_pkey  (cost=0.00..34.79 rows=1035 width=0)
	              Index Cond: ((id >= 6181815) AND (id <= 6182814))

for: order_ranges
table 1 : explain SELECT c FROM sbtest1 WHERE id BETWEEN 3808577 AND 3809576 ORDER BY c
	Sort  (cost=3628.60..3630.91 rows=922 width=121)
	  Sort Key: c
	  ->  Bitmap Heap Scan on sbtest1  (cost=33.89..3583.20 rows=922 width=121)
	        Recheck Cond: ((id >= 3808577) AND (id <= 3809576))
	        ->  Bitmap Index Scan on sbtest1_pkey  (cost=0.00..33.66 rows=922 width=0)
	              Index Cond: ((id >= 3808577) AND (id <= 3809576))

table 2 : explain SELECT c FROM sbtest2 WHERE id BETWEEN 9285401 AND 9286400 ORDER BY c
	Sort  (cost=3573.86..3576.13 rows=909 width=121)
	  Sort Key: c
	  ->  Bitmap Heap Scan on sbtest2  (cost=29.75..3529.19 rows=909 width=121)
	        Recheck Cond: ((id >= 9285401) AND (id <= 9286400))
	        ->  Bitmap Index Scan on sbtest2_pkey  (cost=0.00..29.52 rows=909 width=0)
	              Index Cond: ((id >= 9285401) AND (id <= 9286400))

table 3 : explain SELECT c FROM sbtest3 WHERE id BETWEEN 6066612 AND 6067611 ORDER BY c
	Sort  (cost=3921.85..3924.35 rows=998 width=121)
	  Sort Key: c
	  ->  Bitmap Heap Scan on sbtest3  (cost=34.66..3872.14 rows=998 width=121)
	        Recheck Cond: ((id >= 6066612) AND (id <= 6067611))
	        ->  Bitmap Index Scan on sbtest3_pkey  (cost=0.00..34.42 rows=998 width=0)
	              Index Cond: ((id >= 6066612) AND (id <= 6067611))

table 4 : explain SELECT c FROM sbtest4 WHERE id BETWEEN 1454783 AND 1455782 ORDER BY c
	Sort  (cost=3459.22..3461.42 rows=878 width=121)
	  Sort Key: c
	  ->  Bitmap Heap Scan on sbtest4  (cost=29.43..3416.30 rows=878 width=121)
	        Recheck Cond: ((id >= 1454783) AND (id <= 1455782))
	        ->  Bitmap Index Scan on sbtest4_pkey  (cost=0.00..29.21 rows=878 width=0)
	              Index Cond: ((id >= 1454783) AND (id <= 1455782))

table 5 : explain SELECT c FROM sbtest5 WHERE id BETWEEN 9210905 AND 9211904 ORDER BY c
	Sort  (cost=3648.58..3650.90 rows=928 width=121)
	  Sort Key: c
	  ->  Bitmap Heap Scan on sbtest5  (cost=33.95..3602.84 rows=928 width=121)
	        Recheck Cond: ((id >= 9210905) AND (id <= 9211904))
	        ->  Bitmap Index Scan on sbtest5_pkey  (cost=0.00..33.72 rows=928 width=0)
	              Index Cond: ((id >= 9210905) AND (id <= 9211904))

table 6 : explain SELECT c FROM sbtest6 WHERE id BETWEEN 8115592 AND 8116591 ORDER BY c
	Sort  (cost=3789.20..3791.61 rows=964 width=121)
	  Sort Key: c
	  ->  Bitmap Heap Scan on sbtest6  (cost=34.32..3741.42 rows=964 width=121)
	        Recheck Cond: ((id >= 8115592) AND (id <= 8116591))
	        ->  Bitmap Index Scan on sbtest6_pkey  (cost=0.00..34.08 rows=964 width=0)
	              Index Cond: ((id >= 8115592) AND (id <= 8116591))

table 7 : explain SELECT c FROM sbtest7 WHERE id BETWEEN 2163642 AND 2164641 ORDER BY c
	Sort  (cost=3740.83..3743.21 rows=950 width=121)
	  Sort Key: c
	  ->  Bitmap Heap Scan on sbtest7  (cost=34.17..3693.85 rows=950 width=121)
	        Recheck Cond: ((id >= 2163642) AND (id <= 2164641))
	        ->  Bitmap Index Scan on sbtest7_pkey  (cost=0.00..33.94 rows=950 width=0)
	              Index Cond: ((id >= 2163642) AND (id <= 2164641))

table 8 : explain SELECT c FROM sbtest8 WHERE id BETWEEN 4171988 AND 4172987 ORDER BY c
	Sort  (cost=4226.24..4228.94 rows=1077 width=121)
	  Sort Key: c
	  ->  Bitmap Heap Scan on sbtest8  (cost=35.47..4172.00 rows=1077 width=121)
	        Recheck Cond: ((id >= 4171988) AND (id <= 4172987))
	        ->  Bitmap Index Scan on sbtest8_pkey  (cost=0.00..35.20 rows=1077 width=0)
	              Index Cond: ((id >= 4171988) AND (id <= 4172987))

for point_selects
table 1 : explain SELECT c FROM sbtest1 WHERE id=5672078
	Index Scan using sbtest1_pkey on sbtest1  (cost=0.43..8.45 rows=1 width=121)
	  Index Cond: (id = 5672078)

table 2 : explain SELECT c FROM sbtest2 WHERE id=4978125
	Index Scan using sbtest2_pkey on sbtest2  (cost=0.43..8.45 rows=1 width=121)
	  Index Cond: (id = 4978125)

table 3 : explain SELECT c FROM sbtest3 WHERE id=5482696
	Index Scan using sbtest3_pkey on sbtest3  (cost=0.43..8.45 rows=1 width=121)
	  Index Cond: (id = 5482696)

table 4 : explain SELECT c FROM sbtest4 WHERE id=2364117
	Index Scan using sbtest4_pkey on sbtest4  (cost=0.43..8.45 rows=1 width=121)
	  Index Cond: (id = 2364117)

table 5 : explain SELECT c FROM sbtest5 WHERE id=5633876
	Index Scan using sbtest5_pkey on sbtest5  (cost=0.43..8.45 rows=1 width=121)
	  Index Cond: (id = 5633876)

table 6 : explain SELECT c FROM sbtest6 WHERE id=291136
	Index Scan using sbtest6_pkey on sbtest6  (cost=0.43..8.45 rows=1 width=121)
	  Index Cond: (id = 291136)

table 7 : explain SELECT c FROM sbtest7 WHERE id=2590210
	Index Scan using sbtest7_pkey on sbtest7  (cost=0.43..8.45 rows=1 width=121)
	  Index Cond: (id = 2590210)

table 8 : explain SELECT c FROM sbtest8 WHERE id=9465431
	Index Scan using sbtest8_pkey on sbtest8  (cost=0.43..8.45 rows=1 width=121)
	  Index Cond: (id = 9465431)

for: distinct_ranges
table 1 : explain SELECT DISTINCT c FROM sbtest1 WHERE id BETWEEN 1053753 AND 1054752 ORDER BY c
	Unique  (cost=4077.03..4082.23 rows=1039 width=121)
	  ->  Sort  (cost=4077.03..4079.63 rows=1039 width=121)
	        Sort Key: c
	        ->  Bitmap Heap Scan on sbtest1  (cost=35.08..4024.97 rows=1039 width=121)
	              Recheck Cond: ((id >= 1053753) AND (id <= 1054752))
	              ->  Bitmap Index Scan on sbtest1_pkey  (cost=0.00..34.83 rows=1039 width=0)
	                    Index Cond: ((id >= 1053753) AND (id <= 1054752))

table 2 : explain SELECT DISTINCT c FROM sbtest2 WHERE id BETWEEN 8514392 AND 8515391 ORDER BY c
	Unique  (cost=3620.09..3624.69 rows=920 width=121)
	  ->  Sort  (cost=3620.09..3622.39 rows=920 width=121)
	        Sort Key: c
	        ->  Bitmap Heap Scan on sbtest2  (cost=33.87..3574.81 rows=920 width=121)
	              Recheck Cond: ((id >= 8514392) AND (id <= 8515391))
	              ->  Bitmap Index Scan on sbtest2_pkey  (cost=0.00..33.64 rows=920 width=0)
	                    Index Cond: ((id >= 8514392) AND (id <= 8515391))

table 3 : explain SELECT DISTINCT c FROM sbtest3 WHERE id BETWEEN 7200220 AND 7201219 ORDER BY c
	Unique  (cost=3657.07..3661.72 rows=929 width=121)
	  ->  Sort  (cost=3657.07..3659.39 rows=929 width=121)
	        Sort Key: c
	        ->  Bitmap Heap Scan on sbtest3  (cost=33.96..3611.27 rows=929 width=121)
	              Recheck Cond: ((id >= 7200220) AND (id <= 7201219))
	              ->  Bitmap Index Scan on sbtest3_pkey  (cost=0.00..33.73 rows=929 width=0)
	                    Index Cond: ((id >= 7200220) AND (id <= 7201219))

table 4 : explain SELECT DISTINCT c FROM sbtest4 WHERE id BETWEEN 7630057 AND 7631056 ORDER BY c
	Unique  (cost=3951.41..3956.44 rows=1005 width=121)
	  ->  Sort  (cost=3951.41..3953.93 rows=1005 width=121)
	        Sort Key: c
	        ->  Bitmap Heap Scan on sbtest4  (cost=34.74..3901.30 rows=1005 width=121)
	              Recheck Cond: ((id >= 7630057) AND (id <= 7631056))
	              ->  Bitmap Index Scan on sbtest4_pkey  (cost=0.00..34.48 rows=1005 width=0)
	                    Index Cond: ((id >= 7630057) AND (id <= 7631056))

table 5 : explain SELECT DISTINCT c FROM sbtest5 WHERE id BETWEEN 4713214 AND 4714213 ORDER BY c
	Unique  (cost=4413.25..4418.89 rows=1128 width=121)
	  ->  Sort  (cost=4413.25..4416.07 rows=1128 width=121)
	        Sort Key: c
	        ->  Bitmap Heap Scan on sbtest5  (cost=40.00..4356.06 rows=1128 width=121)
	              Recheck Cond: ((id >= 4713214) AND (id <= 4714213))
	              ->  Bitmap Index Scan on sbtest5_pkey  (cost=0.00..39.72 rows=1128 width=0)
	                    Index Cond: ((id >= 4713214) AND (id <= 4714213))

table 6 : explain SELECT DISTINCT c FROM sbtest6 WHERE id BETWEEN 5551115 AND 5552114 ORDER BY c
	Unique  (cost=4087.87..4093.08 rows=1042 width=121)
	  ->  Sort  (cost=4087.87..4090.47 rows=1042 width=121)
	        Sort Key: c
	        ->  Bitmap Heap Scan on sbtest6  (cost=35.12..4035.64 rows=1042 width=121)
	              Recheck Cond: ((id >= 5551115) AND (id <= 5552114))
	              ->  Bitmap Index Scan on sbtest6_pkey  (cost=0.00..34.86 rows=1042 width=0)
	                    Index Cond: ((id >= 5551115) AND (id <= 5552114))

table 7 : explain SELECT DISTINCT c FROM sbtest7 WHERE id BETWEEN 7771169 AND 7772168 ORDER BY c
	Unique  (cost=4090.15..4095.35 rows=1041 width=121)
	  ->  Sort  (cost=4090.15..4092.75 rows=1041 width=121)
	        Sort Key: c
	        ->  Bitmap Heap Scan on sbtest7  (cost=35.11..4037.97 rows=1041 width=121)
	              Recheck Cond: ((id >= 7771169) AND (id <= 7772168))
	              ->  Bitmap Index Scan on sbtest7_pkey  (cost=0.00..34.84 rows=1041 width=0)
	                    Index Cond: ((id >= 7771169) AND (id <= 7772168))

table 8 : explain SELECT DISTINCT c FROM sbtest8 WHERE id BETWEEN 2357736 AND 2358735 ORDER BY c
	Unique  (cost=3624.07..3628.63 rows=913 width=121)
	  ->  Sort  (cost=3624.07..3626.35 rows=913 width=121)
	        Sort Key: c
	        ->  Index Scan using sbtest8_pkey on sbtest8  (cost=0.43..3579.17 rows=913 width=121)
	              Index Cond: ((id >= 2357736) AND (id <= 2358735))

for point_selects
table 1 : explain SELECT c FROM sbtest1 WHERE id=2215204
	Index Scan using sbtest1_pkey on sbtest1  (cost=0.43..8.45 rows=1 width=121)
	  Index Cond: (id = 2215204)

table 2 : explain SELECT c FROM sbtest2 WHERE id=107123
	Index Scan using sbtest2_pkey on sbtest2  (cost=0.43..8.45 rows=1 width=121)
	  Index Cond: (id = 107123)

table 3 : explain SELECT c FROM sbtest3 WHERE id=9368461
	Index Scan using sbtest3_pkey on sbtest3  (cost=0.43..8.45 rows=1 width=121)
	  Index Cond: (id = 9368461)

table 4 : explain SELECT c FROM sbtest4 WHERE id=4375915
	Index Scan using sbtest4_pkey on sbtest4  (cost=0.43..8.45 rows=1 width=121)
	  Index Cond: (id = 4375915)

table 5 : explain SELECT c FROM sbtest5 WHERE id=9147737
	Index Scan using sbtest5_pkey on sbtest5  (cost=0.43..8.45 rows=1 width=121)
	  Index Cond: (id = 9147737)

table 6 : explain SELECT c FROM sbtest6 WHERE id=3444592
	Index Scan using sbtest6_pkey on sbtest6  (cost=0.43..8.45 rows=1 width=121)
	  Index Cond: (id = 3444592)

table 7 : explain SELECT c FROM sbtest7 WHERE id=8565933
	Index Scan using sbtest7_pkey on sbtest7  (cost=0.43..8.45 rows=1 width=121)
	  Index Cond: (id = 8565933)

table 8 : explain SELECT c FROM sbtest8 WHERE id=8909258
	Index Scan using sbtest8_pkey on sbtest8  (cost=0.43..8.45 rows=1 width=121)
	  Index Cond: (id = 8909258)

for: order_ranges
table 1 : explain SELECT c FROM sbtest1 WHERE id BETWEEN 8718460 AND 8719459 ORDER BY c
	Sort  (cost=3693.86..3696.21 rows=939 width=121)
	  Sort Key: c
	  ->  Bitmap Heap Scan on sbtest1  (cost=34.06..3647.50 rows=939 width=121)
	        Recheck Cond: ((id >= 8718460) AND (id <= 8719459))
	        ->  Bitmap Index Scan on sbtest1_pkey  (cost=0.00..33.83 rows=939 width=0)
	              Index Cond: ((id >= 8718460) AND (id <= 8719459))

table 2 : explain SELECT c FROM sbtest2 WHERE id BETWEEN 7642676 AND 7643675 ORDER BY c
	Sort  (cost=4477.23..4480.09 rows=1144 width=121)
	  Sort Key: c
	  ->  Bitmap Heap Scan on sbtest2  (cost=40.16..4419.11 rows=1144 width=121)
	        Recheck Cond: ((id >= 7642676) AND (id <= 7643675))
	        ->  Bitmap Index Scan on sbtest2_pkey  (cost=0.00..39.88 rows=1144 width=0)
	              Index Cond: ((id >= 7642676) AND (id <= 7643675))

table 3 : explain SELECT c FROM sbtest3 WHERE id BETWEEN 9171811 AND 9172810 ORDER BY c
	Sort  (cost=3879.68..3882.15 rows=987 width=121)
	  Sort Key: c
	  ->  Bitmap Heap Scan on sbtest3  (cost=34.55..3830.59 rows=987 width=121)
	        Recheck Cond: ((id >= 9171811) AND (id <= 9172810))
	        ->  Bitmap Index Scan on sbtest3_pkey  (cost=0.00..34.31 rows=987 width=0)
	              Index Cond: ((id >= 9171811) AND (id <= 9172810))

table 4 : explain SELECT c FROM sbtest4 WHERE id BETWEEN 7245740 AND 7246739 ORDER BY c
	Sort  (cost=3705.64..3707.99 rows=941 width=121)
	  Sort Key: c
	  ->  Bitmap Heap Scan on sbtest4  (cost=34.08..3659.16 rows=941 width=121)
	        Recheck Cond: ((id >= 7245740) AND (id <= 7246739))
	        ->  Bitmap Index Scan on sbtest4_pkey  (cost=0.00..33.84 rows=941 width=0)
	              Index Cond: ((id >= 7245740) AND (id <= 7246739))

table 5 : explain SELECT c FROM sbtest5 WHERE id BETWEEN 9562828 AND 9563827 ORDER BY c
	Sort  (cost=3878.41..3880.88 rows=988 width=121)
	  Sort Key: c
	  ->  Bitmap Heap Scan on sbtest5  (cost=34.56..3829.26 rows=988 width=121)
	        Recheck Cond: ((id >= 9562828) AND (id <= 9563827))
	        ->  Bitmap Index Scan on sbtest5_pkey  (cost=0.00..34.32 rows=988 width=0)
	              Index Cond: ((id >= 9562828) AND (id <= 9563827))

table 6 : explain SELECT c FROM sbtest6 WHERE id BETWEEN 3599032 AND 3600031 ORDER BY c
	Sort  (cost=4171.98..4174.64 rows=1064 width=121)
	  Sort Key: c
	  ->  Bitmap Heap Scan on sbtest6  (cost=35.34..4118.48 rows=1064 width=121)
	        Recheck Cond: ((id >= 3599032) AND (id <= 3600031))
	        ->  Bitmap Index Scan on sbtest6_pkey  (cost=0.00..35.08 rows=1064 width=0)
	              Index Cond: ((id >= 3599032) AND (id <= 3600031))

table 7 : explain SELECT c FROM sbtest7 WHERE id BETWEEN 992338 AND 993337 ORDER BY c
	Sort  (cost=3683.16..3685.50 rows=935 width=121)
	  Sort Key: c
	  ->  Bitmap Heap Scan on sbtest7  (cost=34.02..3637.02 rows=935 width=121)
	        Recheck Cond: ((id >= 992338) AND (id <= 993337))
	        ->  Bitmap Index Scan on sbtest7_pkey  (cost=0.00..33.79 rows=935 width=0)
	              Index Cond: ((id >= 992338) AND (id <= 993337))

table 8 : explain SELECT c FROM sbtest8 WHERE id BETWEEN 5697646 AND 5698645 ORDER BY c
	Sort  (cost=3568.65..3570.90 rows=900 width=121)
	  Sort Key: c
	  ->  Index Scan using sbtest8_pkey on sbtest8  (cost=0.43..3524.49 rows=900 width=121)
	        Index Cond: ((id >= 5697646) AND (id <= 5698645))

for: sum_ranges
table 1 : explain SELECT SUM(k) FROM sbtest1 WHERE id BETWEEN 4983401 AND 4984400
	Aggregate  (cost=3748.18..3748.19 rows=1 width=8)
	  ->  Bitmap Heap Scan on sbtest1  (cost=34.33..3745.76 rows=965 width=4)
	        Recheck Cond: ((id >= 4983401) AND (id <= 4984400))
	        ->  Bitmap Index Scan on sbtest1_pkey  (cost=0.00..34.09 rows=965 width=0)
	              Index Cond: ((id >= 4983401) AND (id <= 4984400))

table 2 : explain SELECT SUM(k) FROM sbtest2 WHERE id BETWEEN 5163931 AND 5164930
	Aggregate  (cost=4143.37..4143.38 rows=1 width=8)
	  ->  Bitmap Heap Scan on sbtest2  (cost=35.40..4140.70 rows=1070 width=4)
	        Recheck Cond: ((id >= 5163931) AND (id <= 5164930))
	        ->  Bitmap Index Scan on sbtest2_pkey  (cost=0.00..35.14 rows=1070 width=0)
	              Index Cond: ((id >= 5163931) AND (id <= 5164930))

table 3 : explain SELECT SUM(k) FROM sbtest3 WHERE id BETWEEN 1063446 AND 1064445
	Aggregate  (cost=3889.75..3889.76 rows=1 width=8)
	  ->  Bitmap Heap Scan on sbtest3  (cost=34.71..3887.24 rows=1002 width=4)
	        Recheck Cond: ((id >= 1063446) AND (id <= 1064445))
	        ->  Bitmap Index Scan on sbtest3_pkey  (cost=0.00..34.45 rows=1002 width=0)
	              Index Cond: ((id >= 1063446) AND (id <= 1064445))

table 4 : explain SELECT SUM(k) FROM sbtest4 WHERE id BETWEEN 4142422 AND 4143421
	Aggregate  (cost=3794.08..3794.09 rows=1 width=8)
	  ->  Bitmap Heap Scan on sbtest4  (cost=34.44..3791.64 rows=976 width=4)
	        Recheck Cond: ((id >= 4142422) AND (id <= 4143421))
	        ->  Bitmap Index Scan on sbtest4_pkey  (cost=0.00..34.20 rows=976 width=0)
	              Index Cond: ((id >= 4142422) AND (id <= 4143421))

table 5 : explain SELECT SUM(k) FROM sbtest5 WHERE id BETWEEN 7321301 AND 7322300
	Aggregate  (cost=4151.91..4151.92 rows=1 width=8)
	  ->  Bitmap Heap Scan on sbtest5  (cost=35.43..4149.23 rows=1073 width=4)
	        Recheck Cond: ((id >= 7321301) AND (id <= 7322300))
	        ->  Bitmap Index Scan on sbtest5_pkey  (cost=0.00..35.17 rows=1073 width=0)
	              Index Cond: ((id >= 7321301) AND (id <= 7322300))

table 6 : explain SELECT SUM(k) FROM sbtest6 WHERE id BETWEEN 2527260 AND 2528259
	Aggregate  (cost=3876.03..3876.04 rows=1 width=8)
	  ->  Bitmap Heap Scan on sbtest6  (cost=34.67..3873.53 rows=999 width=4)
	        Recheck Cond: ((id >= 2527260) AND (id <= 2528259))
	        ->  Bitmap Index Scan on sbtest6_pkey  (cost=0.00..34.43 rows=999 width=0)
	              Index Cond: ((id >= 2527260) AND (id <= 2528259))

table 7 : explain SELECT SUM(k) FROM sbtest7 WHERE id BETWEEN 9277786 AND 9278785
	Aggregate  (cost=3825.00..3825.01 rows=1 width=8)
	  ->  Bitmap Heap Scan on sbtest7  (cost=34.52..3822.54 rows=984 width=4)
	        Recheck Cond: ((id >= 9277786) AND (id <= 9278785))
	        ->  Bitmap Index Scan on sbtest7_pkey  (cost=0.00..34.28 rows=984 width=0)
	              Index Cond: ((id >= 9277786) AND (id <= 9278785))

table 8 : explain SELECT SUM(k) FROM sbtest8 WHERE id BETWEEN 8903375 AND 8904374
	Aggregate  (cost=3963.65..3963.66 rows=1 width=8)
	  ->  Index Scan using sbtest8_pkey on sbtest8  (cost=0.43..3961.13 rows=1011 width=4)
	        Index Cond: ((id >= 8903375) AND (id <= 8904374))

explain: for point_selects :: explain SELECT c FROM sbtest%u WHERE id=%u
for: sum_ranges
table 1 : explain SELECT SUM(k) FROM sbtest1 WHERE id BETWEEN 9911350 AND 9912349
	Aggregate  (cost=3680.11..3680.12 rows=1 width=8)
	  ->  Bitmap Heap Scan on sbtest1  (cost=34.14..3677.74 rows=947 width=4)
	        Recheck Cond: ((id >= 9911350) AND (id <= 9912349))
	        ->  Bitmap Index Scan on sbtest1_pkey  (cost=0.00..33.91 rows=947 width=0)
	              Index Cond: ((id >= 9911350) AND (id <= 9912349))

table 2 : explain SELECT SUM(k) FROM sbtest2 WHERE id BETWEEN 7691027 AND 7692026
	Aggregate  (cost=3796.40..3796.41 rows=1 width=8)
	  ->  Bitmap Heap Scan on sbtest2  (cost=34.46..3793.96 rows=978 width=4)
	        Recheck Cond: ((id >= 7691027) AND (id <= 7692026))
	        ->  Bitmap Index Scan on sbtest2_pkey  (cost=0.00..34.22 rows=978 width=0)
	              Index Cond: ((id >= 7691027) AND (id <= 7692026))

table 3 : explain SELECT SUM(k) FROM sbtest3 WHERE id BETWEEN 9723275 AND 9724274
	Aggregate  (cost=3961.51..3961.52 rows=1 width=8)
	  ->  Bitmap Heap Scan on sbtest3  (cost=34.90..3958.96 rows=1021 width=4)
	        Recheck Cond: ((id >= 9723275) AND (id <= 9724274))
	        ->  Bitmap Index Scan on sbtest3_pkey  (cost=0.00..34.65 rows=1021 width=0)
	              Index Cond: ((id >= 9723275) AND (id <= 9724274))

table 4 : explain SELECT SUM(k) FROM sbtest4 WHERE id BETWEEN 281414 AND 282413
	Aggregate  (cost=4194.67..4194.68 rows=1 width=8)
	  ->  Bitmap Heap Scan on sbtest4  (cost=35.53..4191.96 rows=1082 width=4)
	        Recheck Cond: ((id >= 281414) AND (id <= 282413))
	        ->  Bitmap Index Scan on sbtest4_pkey  (cost=0.00..35.26 rows=1082 width=0)
	              Index Cond: ((id >= 281414) AND (id <= 282413))

table 5 : explain SELECT SUM(k) FROM sbtest5 WHERE id BETWEEN 943990 AND 944989
	Aggregate  (cost=4448.96..4448.97 rows=1 width=8)
	  ->  Bitmap Heap Scan on sbtest5  (cost=40.24..4446.08 rows=1152 width=4)
	        Recheck Cond: ((id >= 943990) AND (id <= 944989))
	        ->  Bitmap Index Scan on sbtest5_pkey  (cost=0.00..39.95 rows=1152 width=0)
	              Index Cond: ((id >= 943990) AND (id <= 944989))

table 6 : explain SELECT SUM(k) FROM sbtest6 WHERE id BETWEEN 4630888 AND 4631887
	Aggregate  (cost=4136.21..4136.22 rows=1 width=8)
	  ->  Bitmap Heap Scan on sbtest6  (cost=35.38..4133.54 rows=1068 width=4)
	        Recheck Cond: ((id >= 4630888) AND (id <= 4631887))
	        ->  Bitmap Index Scan on sbtest6_pkey  (cost=0.00..35.12 rows=1068 width=0)
	              Index Cond: ((id >= 4630888) AND (id <= 4631887))

table 7 : explain SELECT SUM(k) FROM sbtest7 WHERE id BETWEEN 6788405 AND 6789404
	Aggregate  (cost=4044.36..4044.37 rows=1 width=8)
	  ->  Bitmap Heap Scan on sbtest7  (cost=35.12..4041.75 rows=1042 width=4)
	        Recheck Cond: ((id >= 6788405) AND (id <= 6789404))
	        ->  Bitmap Index Scan on sbtest7_pkey  (cost=0.00..34.86 rows=1042 width=0)
	              Index Cond: ((id >= 6788405) AND (id <= 6789404))

table 8 : explain SELECT SUM(k) FROM sbtest8 WHERE id BETWEEN 6827441 AND 6828440
	Aggregate  (cost=3858.35..3858.36 rows=1 width=8)
	  ->  Index Scan using sbtest8_pkey on sbtest8  (cost=0.43..3855.89 rows=984 width=4)
	        Index Cond: ((id >= 6827441) AND (id <= 6828440))

for: sum_ranges
table 1 : explain SELECT SUM(k) FROM sbtest1 WHERE id BETWEEN 1807270 AND 1808269
	Aggregate  (cost=3717.93..3717.94 rows=1 width=8)
	  ->  Bitmap Heap Scan on sbtest1  (cost=34.24..3715.54 rows=957 width=4)
	        Recheck Cond: ((id >= 1807270) AND (id <= 1808269))
	        ->  Bitmap Index Scan on sbtest1_pkey  (cost=0.00..34.01 rows=957 width=0)
	              Index Cond: ((id >= 1807270) AND (id <= 1808269))

table 2 : explain SELECT SUM(k) FROM sbtest2 WHERE id BETWEEN 8023485 AND 8024484
	Aggregate  (cost=4199.85..4199.86 rows=1 width=8)
	  ->  Bitmap Heap Scan on sbtest2  (cost=35.56..4197.13 rows=1085 width=4)
	        Recheck Cond: ((id >= 8023485) AND (id <= 8024484))
	        ->  Bitmap Index Scan on sbtest2_pkey  (cost=0.00..35.29 rows=1085 width=0)
	              Index Cond: ((id >= 8023485) AND (id <= 8024484))

table 3 : explain SELECT SUM(k) FROM sbtest3 WHERE id BETWEEN 8361778 AND 8362777
	Aggregate  (cost=3795.25..3795.26 rows=1 width=8)
	  ->  Bitmap Heap Scan on sbtest3  (cost=34.45..3792.81 rows=977 width=4)
	        Recheck Cond: ((id >= 8361778) AND (id <= 8362777))
	        ->  Bitmap Index Scan on sbtest3_pkey  (cost=0.00..34.20 rows=977 width=0)
	              Index Cond: ((id >= 8361778) AND (id <= 8362777))

table 4 : explain SELECT SUM(k) FROM sbtest4 WHERE id BETWEEN 3666593 AND 3667592
	Aggregate  (cost=3748.65..3748.66 rows=1 width=8)
	  ->  Bitmap Heap Scan on sbtest4  (cost=34.32..3746.24 rows=964 width=4)
	        Recheck Cond: ((id >= 3666593) AND (id <= 3667592))
	        ->  Bitmap Index Scan on sbtest4_pkey  (cost=0.00..34.08 rows=964 width=0)
	              Index Cond: ((id >= 3666593) AND (id <= 3667592))

table 5 : explain SELECT SUM(k) FROM sbtest5 WHERE id BETWEEN 4229487 AND 4230486
	Aggregate  (cost=3540.66..3540.67 rows=1 width=8)
	  ->  Bitmap Heap Scan on sbtest5  (cost=29.78..3538.38 rows=912 width=4)
	        Recheck Cond: ((id >= 4229487) AND (id <= 4230486))
	        ->  Bitmap Index Scan on sbtest5_pkey  (cost=0.00..29.55 rows=912 width=0)
	              Index Cond: ((id >= 4229487) AND (id <= 4230486))

table 6 : explain SELECT SUM(k) FROM sbtest6 WHERE id BETWEEN 8397271 AND 8398270
	Aggregate  (cost=4094.77..4094.78 rows=1 width=8)
	  ->  Bitmap Heap Scan on sbtest6  (cost=35.27..4092.13 rows=1057 width=4)
	        Recheck Cond: ((id >= 8397271) AND (id <= 8398270))
	        ->  Bitmap Index Scan on sbtest6_pkey  (cost=0.00..35.01 rows=1057 width=0)
	              Index Cond: ((id >= 8397271) AND (id <= 8398270))

table 7 : explain SELECT SUM(k) FROM sbtest7 WHERE id BETWEEN 5384645 AND 5385644
	Aggregate  (cost=3620.40..3620.41 rows=1 width=8)
	  ->  Bitmap Heap Scan on sbtest7  (cost=33.97..3618.08 rows=930 width=4)
	        Recheck Cond: ((id >= 5384645) AND (id <= 5385644))
	        ->  Bitmap Index Scan on sbtest7_pkey  (cost=0.00..33.73 rows=930 width=0)
	              Index Cond: ((id >= 5384645) AND (id <= 5385644))

table 8 : explain SELECT SUM(k) FROM sbtest8 WHERE id BETWEEN 8786263 AND 8787262
	Aggregate  (cost=4065.26..4065.27 rows=1 width=8)
	  ->  Bitmap Heap Scan on sbtest8  (cost=35.18..4062.64 rows=1048 width=4)
	        Recheck Cond: ((id >= 8786263) AND (id <= 8787262))
	        ->  Bitmap Index Scan on sbtest8_pkey  (cost=0.00..34.92 rows=1048 width=0)
	              Index Cond: ((id >= 8786263) AND (id <= 8787262))

for: distinct_ranges
table 1 : explain SELECT DISTINCT c FROM sbtest1 WHERE id BETWEEN 1486573 AND 1487572 ORDER BY c
	Unique  (cost=3470.91..3475.32 rows=882 width=121)
	  ->  Sort  (cost=3470.91..3473.11 rows=882 width=121)
	        Sort Key: c
	        ->  Bitmap Heap Scan on sbtest1  (cost=29.48..3427.76 rows=882 width=121)
	              Recheck Cond: ((id >= 1486573) AND (id <= 1487572))
	              ->  Bitmap Index Scan on sbtest1_pkey  (cost=0.00..29.25 rows=882 width=0)
	                    Index Cond: ((id >= 1486573) AND (id <= 1487572))

table 2 : explain SELECT DISTINCT c FROM sbtest2 WHERE id BETWEEN 8732423 AND 8733422 ORDER BY c
	Unique  (cost=3712.19..3716.91 rows=944 width=121)
	  ->  Sort  (cost=3712.19..3714.55 rows=944 width=121)
	        Sort Key: c
	        ->  Bitmap Heap Scan on sbtest2  (cost=34.11..3665.54 rows=944 width=121)
	              Recheck Cond: ((id >= 8732423) AND (id <= 8733422))
	              ->  Bitmap Index Scan on sbtest2_pkey  (cost=0.00..33.88 rows=944 width=0)
	                    Index Cond: ((id >= 8732423) AND (id <= 8733422))

table 3 : explain SELECT DISTINCT c FROM sbtest3 WHERE id BETWEEN 4034049 AND 4035048 ORDER BY c
	Unique  (cost=3691.64..3696.33 rows=938 width=121)
	  ->  Sort  (cost=3691.64..3693.99 rows=938 width=121)
	        Sort Key: c
	        ->  Bitmap Heap Scan on sbtest3  (cost=34.05..3645.33 rows=938 width=121)
	              Recheck Cond: ((id >= 4034049) AND (id <= 4035048))
	              ->  Bitmap Index Scan on sbtest3_pkey  (cost=0.00..33.82 rows=938 width=0)
	                    Index Cond: ((id >= 4034049) AND (id <= 4035048))

table 4 : explain SELECT DISTINCT c FROM sbtest4 WHERE id BETWEEN 3132481 AND 3133480 ORDER BY c
	Unique  (cost=3897.69..3902.65 rows=991 width=121)
	  ->  Sort  (cost=3897.69..3900.17 rows=991 width=121)
	        Sort Key: c
	        ->  Bitmap Heap Scan on sbtest4  (cost=34.59..3848.38 rows=991 width=121)
	              Recheck Cond: ((id >= 3132481) AND (id <= 3133480))
	              ->  Bitmap Index Scan on sbtest4_pkey  (cost=0.00..34.34 rows=991 width=0)
	                    Index Cond: ((id >= 3132481) AND (id <= 3133480))

table 5 : explain SELECT DISTINCT c FROM sbtest5 WHERE id BETWEEN 4195769 AND 4196768 ORDER BY c
	Unique  (cost=3851.62..3856.52 rows=981 width=121)
	  ->  Sort  (cost=3851.62..3854.07 rows=981 width=121)
	        Sort Key: c
	        ->  Bitmap Heap Scan on sbtest5  (cost=34.49..3802.87 rows=981 width=121)
	              Recheck Cond: ((id >= 4195769) AND (id <= 4196768))
	              ->  Bitmap Index Scan on sbtest5_pkey  (cost=0.00..34.25 rows=981 width=0)
	                    Index Cond: ((id >= 4195769) AND (id <= 4196768))

table 6 : explain SELECT DISTINCT c FROM sbtest6 WHERE id BETWEEN 6732016 AND 6733015 ORDER BY c
	Unique  (cost=3957.77..3962.81 rows=1008 width=121)
	  ->  Sort  (cost=3957.77..3960.29 rows=1008 width=121)
	        Sort Key: c
	        ->  Bitmap Heap Scan on sbtest6  (cost=34.77..3907.48 rows=1008 width=121)
	              Recheck Cond: ((id >= 6732016) AND (id <= 6733015))
	              ->  Bitmap Index Scan on sbtest6_pkey  (cost=0.00..34.52 rows=1008 width=0)
	                    Index Cond: ((id >= 6732016) AND (id <= 6733015))

table 7 : explain SELECT DISTINCT c FROM sbtest7 WHERE id BETWEEN 520513 AND 521512 ORDER BY c
	Unique  (cost=4446.35..4452.02 rows=1133 width=121)
	  ->  Sort  (cost=4446.35..4449.19 rows=1133 width=121)
	        Sort Key: c
	        ->  Bitmap Heap Scan on sbtest7  (cost=40.05..4388.88 rows=1133 width=121)
	              Recheck Cond: ((id >= 520513) AND (id <= 521512))
	              ->  Bitmap Index Scan on sbtest7_pkey  (cost=0.00..39.77 rows=1133 width=0)
	                    Index Cond: ((id >= 520513) AND (id <= 521512))

table 8 : explain SELECT DISTINCT c FROM sbtest8 WHERE id BETWEEN 7657351 AND 7658350 ORDER BY c
	Unique  (cost=3845.50..3850.35 rows=969 width=121)
	  ->  Sort  (cost=3845.50..3847.93 rows=969 width=121)
	        Sort Key: c
	        ->  Index Scan using sbtest8_pkey on sbtest8  (cost=0.43..3797.44 rows=969 width=121)
	              Index Cond: ((id >= 7657351) AND (id <= 7658350))

for: distinct_ranges
table 1 : explain SELECT DISTINCT c FROM sbtest1 WHERE id BETWEEN 5376937 AND 5377936 ORDER BY c
	Unique  (cost=3877.93..3882.87 rows=987 width=121)
	  ->  Sort  (cost=3877.93..3880.40 rows=987 width=121)
	        Sort Key: c
	        ->  Bitmap Heap Scan on sbtest1  (cost=34.55..3828.84 rows=987 width=121)
	              Recheck Cond: ((id >= 5376937) AND (id <= 5377936))
	              ->  Bitmap Index Scan on sbtest1_pkey  (cost=0.00..34.31 rows=987 width=0)
	                    Index Cond: ((id >= 5376937) AND (id <= 5377936))

table 2 : explain SELECT DISTINCT c FROM sbtest2 WHERE id BETWEEN 8503288 AND 8504287 ORDER BY c
	Unique  (cost=3620.09..3624.69 rows=920 width=121)
	  ->  Sort  (cost=3620.09..3622.39 rows=920 width=121)
	        Sort Key: c
	        ->  Bitmap Heap Scan on sbtest2  (cost=33.87..3574.81 rows=920 width=121)
	              Recheck Cond: ((id >= 8503288) AND (id <= 8504287))
	              ->  Bitmap Index Scan on sbtest2_pkey  (cost=0.00..33.64 rows=920 width=0)
	                    Index Cond: ((id >= 8503288) AND (id <= 8504287))

table 3 : explain SELECT DISTINCT c FROM sbtest3 WHERE id BETWEEN 6228752 AND 6229751 ORDER BY c
	Unique  (cost=4377.37..4382.95 rows=1116 width=121)
	  ->  Sort  (cost=4377.37..4380.16 rows=1116 width=121)
	        Sort Key: c
	        ->  Bitmap Heap Scan on sbtest3  (cost=39.87..4320.88 rows=1116 width=121)
	              Recheck Cond: ((id >= 6228752) AND (id <= 6229751))
	              ->  Bitmap Index Scan on sbtest3_pkey  (cost=0.00..39.59 rows=1116 width=0)
	                    Index Cond: ((id >= 6228752) AND (id <= 6229751))

table 4 : explain SELECT DISTINCT c FROM sbtest4 WHERE id BETWEEN 5962671 AND 5963670 ORDER BY c
	Unique  (cost=4395.87..4401.47 rows=1120 width=121)
	  ->  Sort  (cost=4395.87..4398.67 rows=1120 width=121)
	        Sort Key: c
	        ->  Bitmap Heap Scan on sbtest4  (cost=39.92..4339.14 rows=1120 width=121)
	              Recheck Cond: ((id >= 5962671) AND (id <= 5963670))
	              ->  Bitmap Index Scan on sbtest4_pkey  (cost=0.00..39.64 rows=1120 width=0)
	                    Index Cond: ((id >= 5962671) AND (id <= 5963670))

table 5 : explain SELECT DISTINCT c FROM sbtest5 WHERE id BETWEEN 6633963 AND 6634962 ORDER BY c
	Unique  (cost=4065.77..4070.96 rows=1037 width=121)
	  ->  Sort  (cost=4065.77..4068.36 rows=1037 width=121)
	        Sort Key: c
	        ->  Bitmap Heap Scan on sbtest5  (cost=35.06..4013.83 rows=1037 width=121)
	              Recheck Cond: ((id >= 6633963) AND (id <= 6634962))
	              ->  Bitmap Index Scan on sbtest5_pkey  (cost=0.00..34.81 rows=1037 width=0)
	                    Index Cond: ((id >= 6633963) AND (id <= 6634962))

table 6 : explain SELECT DISTINCT c FROM sbtest6 WHERE id BETWEEN 7921628 AND 7922627 ORDER BY c
	Unique  (cost=3862.02..3866.93 rows=983 width=121)
	  ->  Sort  (cost=3862.02..3864.47 rows=983 width=121)
	        Sort Key: c
	        ->  Bitmap Heap Scan on sbtest6  (cost=34.51..3813.16 rows=983 width=121)
	              Recheck Cond: ((id >= 7921628) AND (id <= 7922627))
	              ->  Bitmap Index Scan on sbtest6_pkey  (cost=0.00..34.27 rows=983 width=0)
	                    Index Cond: ((id >= 7921628) AND (id <= 7922627))

table 7 : explain SELECT DISTINCT c FROM sbtest7 WHERE id BETWEEN 561356 AND 562355 ORDER BY c
	Unique  (cost=4446.35..4452.02 rows=1133 width=121)
	  ->  Sort  (cost=4446.35..4449.19 rows=1133 width=121)
	        Sort Key: c
	        ->  Bitmap Heap Scan on sbtest7  (cost=40.05..4388.88 rows=1133 width=121)
	              Recheck Cond: ((id >= 561356) AND (id <= 562355))
	              ->  Bitmap Index Scan on sbtest7_pkey  (cost=0.00..39.77 rows=1133 width=0)
	                    Index Cond: ((id >= 561356) AND (id <= 562355))

table 8 : explain SELECT DISTINCT c FROM sbtest8 WHERE id BETWEEN 4074823 AND 4075822 ORDER BY c
	Unique  (cost=3695.25..3699.91 rows=931 width=121)
	  ->  Sort  (cost=3695.25..3697.58 rows=931 width=121)
	        Sort Key: c
	        ->  Index Scan using sbtest8_pkey on sbtest8  (cost=0.43..3649.34 rows=931 width=121)
	              Index Cond: ((id >= 4074823) AND (id <= 4075822))

for: simple_ranges
table 1 : explain SELECT c FROM sbtest1 WHERE id BETWEEN 5947412 AND 5948411
	Bitmap Heap Scan on sbtest1  (cost=34.98..3987.28 rows=1029 width=121)
	  Recheck Cond: ((id >= 5947412) AND (id <= 5948411))
	  ->  Bitmap Index Scan on sbtest1_pkey  (cost=0.00..34.73 rows=1029 width=0)
	        Index Cond: ((id >= 5947412) AND (id <= 5948411))

table 2 : explain SELECT c FROM sbtest2 WHERE id BETWEEN 7827402 AND 7828401
	Bitmap Heap Scan on sbtest2  (cost=35.26..4088.00 rows=1056 width=121)
	  Recheck Cond: ((id >= 7827402) AND (id <= 7828401))
	  ->  Bitmap Index Scan on sbtest2_pkey  (cost=0.00..35.00 rows=1056 width=0)
	        Index Cond: ((id >= 7827402) AND (id <= 7828401))

table 3 : explain SELECT c FROM sbtest3 WHERE id BETWEEN 5702818 AND 5703817
	Bitmap Heap Scan on sbtest3  (cost=34.36..3758.79 rows=968 width=121)
	  Recheck Cond: ((id >= 5702818) AND (id <= 5703817))
	  ->  Bitmap Index Scan on sbtest3_pkey  (cost=0.00..34.12 rows=968 width=0)
	        Index Cond: ((id >= 5702818) AND (id <= 5703817))

table 4 : explain SELECT c FROM sbtest4 WHERE id BETWEEN 6205761 AND 6206760
	Bitmap Heap Scan on sbtest4  (cost=34.03..3640.22 rows=936 width=121)
	  Recheck Cond: ((id >= 6205761) AND (id <= 6206760))
	  ->  Bitmap Index Scan on sbtest4_pkey  (cost=0.00..33.80 rows=936 width=0)
	        Index Cond: ((id >= 6205761) AND (id <= 6206760))

table 5 : explain SELECT c FROM sbtest5 WHERE id BETWEEN 603844 AND 604843
	Bitmap Heap Scan on sbtest5  (cost=34.52..3814.18 rows=984 width=121)
	  Recheck Cond: ((id >= 603844) AND (id <= 604843))
	  ->  Bitmap Index Scan on sbtest5_pkey  (cost=0.00..34.28 rows=984 width=0)
	        Index Cond: ((id >= 603844) AND (id <= 604843))

table 6 : explain SELECT c FROM sbtest6 WHERE id BETWEEN 8883062 AND 8884061
	Bitmap Heap Scan on sbtest6  (cost=35.30..4103.43 rows=1060 width=121)
	  Recheck Cond: ((id >= 8883062) AND (id <= 8884061))
	  ->  Bitmap Index Scan on sbtest6_pkey  (cost=0.00..35.04 rows=1060 width=0)
	        Index Cond: ((id >= 8883062) AND (id <= 8884061))

table 7 : explain SELECT c FROM sbtest7 WHERE id BETWEEN 4339921 AND 4340920
	Bitmap Heap Scan on sbtest7  (cost=35.20..4071.95 rows=1050 width=121)
	  Recheck Cond: ((id >= 4339921) AND (id <= 4340920))
	  ->  Bitmap Index Scan on sbtest7_pkey  (cost=0.00..34.94 rows=1050 width=0)
	        Index Cond: ((id >= 4339921) AND (id <= 4340920))

table 8 : explain SELECT c FROM sbtest8 WHERE id BETWEEN 2111406 AND 2112405
	Bitmap Heap Scan on sbtest8  (cost=35.28..4100.36 rows=1058 width=121)
	  Recheck Cond: ((id >= 2111406) AND (id <= 2112405))
	  ->  Bitmap Index Scan on sbtest8_pkey  (cost=0.00..35.02 rows=1058 width=0)
	        Index Cond: ((id >= 2111406) AND (id <= 2112405))

for: simple_ranges
table 1 : explain SELECT c FROM sbtest1 WHERE id BETWEEN 2117591 AND 2118590
	Bitmap Heap Scan on sbtest1  (cost=35.16..4051.35 rows=1046 width=121)
	  Recheck Cond: ((id >= 2117591) AND (id <= 2118590))
	  ->  Bitmap Index Scan on sbtest1_pkey  (cost=0.00..34.90 rows=1046 width=0)
	        Index Cond: ((id >= 2117591) AND (id <= 2118590))

table 2 : explain SELECT c FROM sbtest2 WHERE id BETWEEN 9972031 AND 9973030
	Bitmap Heap Scan on sbtest2  (cost=35.23..4076.71 rows=1053 width=121)
	  Recheck Cond: ((id >= 9972031) AND (id <= 9973030))
	  ->  Bitmap Index Scan on sbtest2_pkey  (cost=0.00..34.97 rows=1053 width=0)
	        Index Cond: ((id >= 9972031) AND (id <= 9973030))

table 3 : explain SELECT c FROM sbtest3 WHERE id BETWEEN 7787403 AND 7788402
	Bitmap Heap Scan on sbtest3  (cost=29.54..3451.98 rows=888 width=121)
	  Recheck Cond: ((id >= 7787403) AND (id <= 7788402))
	  ->  Bitmap Index Scan on sbtest3_pkey  (cost=0.00..29.32 rows=888 width=0)
	        Index Cond: ((id >= 7787403) AND (id <= 7788402))

table 4 : explain SELECT c FROM sbtest4 WHERE id BETWEEN 2013854 AND 2014853
	Bitmap Heap Scan on sbtest4  (cost=34.19..3700.82 rows=952 width=121)
	  Recheck Cond: ((id >= 2013854) AND (id <= 2014853))
	  ->  Bitmap Index Scan on sbtest4_pkey  (cost=0.00..33.95 rows=952 width=0)
	        Index Cond: ((id >= 2013854) AND (id <= 2014853))

table 5 : explain SELECT c FROM sbtest5 WHERE id BETWEEN 6773060 AND 6774059
	Bitmap Heap Scan on sbtest5  (cost=34.74..3893.33 rows=1005 width=121)
	  Recheck Cond: ((id >= 6773060) AND (id <= 6774059))
	  ->  Bitmap Index Scan on sbtest5_pkey  (cost=0.00..34.48 rows=1005 width=0)
	        Index Cond: ((id >= 6773060) AND (id <= 6774059))

table 6 : explain SELECT c FROM sbtest6 WHERE id BETWEEN 1543027 AND 1544026
	Bitmap Heap Scan on sbtest6  (cost=34.08..3654.51 rows=941 width=121)
	  Recheck Cond: ((id >= 1543027) AND (id <= 1544026))
	  ->  Bitmap Index Scan on sbtest6_pkey  (cost=0.00..33.84 rows=941 width=0)
	        Index Cond: ((id >= 1543027) AND (id <= 1544026))

table 7 : explain SELECT c FROM sbtest7 WHERE id BETWEEN 7783137 AND 7784136
	Bitmap Heap Scan on sbtest7  (cost=35.11..4037.97 rows=1041 width=121)
	  Recheck Cond: ((id >= 7783137) AND (id <= 7784136))
	  ->  Bitmap Index Scan on sbtest7_pkey  (cost=0.00..34.84 rows=1041 width=0)
	        Index Cond: ((id >= 7783137) AND (id <= 7784136))

table 8 : explain SELECT c FROM sbtest8 WHERE id BETWEEN 1902818 AND 1903817
	Index Scan using sbtest8_pkey on sbtest8  (cost=0.43..3867.58 rows=987 width=121)
	  Index Cond: ((id >= 1902818) AND (id <= 1903817))

for: distinct_ranges
table 1 : explain SELECT DISTINCT c FROM sbtest1 WHERE id BETWEEN 1514585 AND 1515584 ORDER BY c
	Unique  (cost=3920.08..3925.07 rows=998 width=121)
	  ->  Sort  (cost=3920.08..3922.57 rows=998 width=121)
	        Sort Key: c
	        ->  Bitmap Heap Scan on sbtest1  (cost=34.66..3870.36 rows=998 width=121)
	              Recheck Cond: ((id >= 1514585) AND (id <= 1515584))
	              ->  Bitmap Index Scan on sbtest1_pkey  (cost=0.00..34.42 rows=998 width=0)
	                    Index Cond: ((id >= 1514585) AND (id <= 1515584))

table 2 : explain SELECT DISTINCT c FROM sbtest2 WHERE id BETWEEN 8925034 AND 8926033 ORDER BY c
	Unique  (cost=3685.34..3690.02 rows=937 width=121)
	  ->  Sort  (cost=3685.34..3687.68 rows=937 width=121)
	        Sort Key: c
	        ->  Bitmap Heap Scan on sbtest2  (cost=34.04..3639.09 rows=937 width=121)
	              Recheck Cond: ((id >= 8925034) AND (id <= 8926033))
	              ->  Bitmap Index Scan on sbtest2_pkey  (cost=0.00..33.81 rows=937 width=0)
	                    Index Cond: ((id >= 8925034) AND (id <= 8926033))

table 3 : explain SELECT DISTINCT c FROM sbtest3 WHERE id BETWEEN 337517 AND 338516 ORDER BY c
	Unique  (cost=4159.29..4164.59 rows=1060 width=121)
	  ->  Sort  (cost=4159.29..4161.94 rows=1060 width=121)
	        Sort Key: c
	        ->  Bitmap Heap Scan on sbtest3  (cost=35.30..4106.03 rows=1060 width=121)
	              Recheck Cond: ((id >= 337517) AND (id <= 338516))
	              ->  Bitmap Index Scan on sbtest3_pkey  (cost=0.00..35.04 rows=1060 width=0)
	                    Index Cond: ((id >= 337517) AND (id <= 338516))

table 4 : explain SELECT DISTINCT c FROM sbtest4 WHERE id BETWEEN 6890863 AND 6891862 ORDER BY c
	Unique  (cost=4139.27..4144.54 rows=1054 width=121)
	  ->  Sort  (cost=4139.27..4141.90 rows=1054 width=121)
	        Sort Key: c
	        ->  Bitmap Heap Scan on sbtest4  (cost=35.24..4086.35 rows=1054 width=121)
	              Recheck Cond: ((id >= 6890863) AND (id <= 6891862))
	              ->  Bitmap Index Scan on sbtest4_pkey  (cost=0.00..34.98 rows=1054 width=0)
	                    Index Cond: ((id >= 6890863) AND (id <= 6891862))

table 5 : explain SELECT DISTINCT c FROM sbtest5 WHERE id BETWEEN 7869728 AND 7870727 ORDER BY c
	Unique  (cost=4233.77..4239.18 rows=1081 width=121)
	  ->  Sort  (cost=4233.77..4236.47 rows=1081 width=121)
	        Sort Key: c
	        ->  Bitmap Heap Scan on sbtest5  (cost=35.52..4179.30 rows=1081 width=121)
	              Recheck Cond: ((id >= 7869728) AND (id <= 7870727))
	              ->  Bitmap Index Scan on sbtest5_pkey  (cost=0.00..35.25 rows=1081 width=0)
	                    Index Cond: ((id >= 7869728) AND (id <= 7870727))

table 6 : explain SELECT DISTINCT c FROM sbtest6 WHERE id BETWEEN 1209958 AND 1210957 ORDER BY c
	Unique  (cost=3739.35..3744.10 rows=951 width=121)
	  ->  Sort  (cost=3739.35..3741.72 rows=951 width=121)
	        Sort Key: c
	        ->  Bitmap Heap Scan on sbtest6  (cost=34.18..3692.30 rows=951 width=121)
	              Recheck Cond: ((id >= 1209958) AND (id <= 1210957))
	              ->  Bitmap Index Scan on sbtest6_pkey  (cost=0.00..33.95 rows=951 width=0)
	                    Index Cond: ((id >= 1209958) AND (id <= 1210957))

table 7 : explain SELECT DISTINCT c FROM sbtest7 WHERE id BETWEEN 4280478 AND 4281477 ORDER BY c
	Unique  (cost=4001.95..4007.04 rows=1018 width=121)
	  ->  Sort  (cost=4001.95..4004.49 rows=1018 width=121)
	        Sort Key: c
	        ->  Bitmap Heap Scan on sbtest7  (cost=34.87..3951.09 rows=1018 width=121)
	              Recheck Cond: ((id >= 4280478) AND (id <= 4281477))
	              ->  Bitmap Index Scan on sbtest7_pkey  (cost=0.00..34.62 rows=1018 width=0)
	                    Index Cond: ((id >= 4280478) AND (id <= 4281477))

table 8 : explain SELECT DISTINCT c FROM sbtest8 WHERE id BETWEEN 7448474 AND 7449473 ORDER BY c
	Unique  (cost=4051.15..4056.26 rows=1021 width=121)
	  ->  Sort  (cost=4051.15..4053.70 rows=1021 width=121)
	        Sort Key: c
	        ->  Index Scan using sbtest8_pkey on sbtest8  (cost=0.43..4000.12 rows=1021 width=121)
	              Index Cond: ((id >= 7448474) AND (id <= 7449473))

explain: for point_selects :: explain SELECT c FROM sbtest%u WHERE id=%u
explain: for point_selects :: explain SELECT c FROM sbtest%u WHERE id=%u
for: distinct_ranges
table 1 : explain SELECT DISTINCT c FROM sbtest1 WHERE id BETWEEN 5537972 AND 5538971 ORDER BY c
	Unique  (cost=3736.07..3740.82 rows=950 width=121)
	  ->  Sort  (cost=3736.07..3738.44 rows=950 width=121)
	        Sort Key: c
	        ->  Bitmap Heap Scan on sbtest1  (cost=34.17..3689.08 rows=950 width=121)
	              Recheck Cond: ((id >= 5537972) AND (id <= 5538971))
	              ->  Bitmap Index Scan on sbtest1_pkey  (cost=0.00..33.94 rows=950 width=0)
	                    Index Cond: ((id >= 5537972) AND (id <= 5538971))

table 2 : explain SELECT DISTINCT c FROM sbtest2 WHERE id BETWEEN 8701429 AND 8702428 ORDER BY c
	Unique  (cost=3712.19..3716.91 rows=944 width=121)
	  ->  Sort  (cost=3712.19..3714.55 rows=944 width=121)
	        Sort Key: c
	        ->  Bitmap Heap Scan on sbtest2  (cost=34.11..3665.54 rows=944 width=121)
	              Recheck Cond: ((id >= 8701429) AND (id <= 8702428))
	              ->  Bitmap Index Scan on sbtest2_pkey  (cost=0.00..33.88 rows=944 width=0)
	                    Index Cond: ((id >= 8701429) AND (id <= 8702428))

table 3 : explain SELECT DISTINCT c FROM sbtest3 WHERE id BETWEEN 5939960 AND 5940959 ORDER BY c
	Unique  (cost=4224.32..4229.70 rows=1077 width=121)
	  ->  Sort  (cost=4224.32..4227.01 rows=1077 width=121)
	        Sort Key: c
	        ->  Bitmap Heap Scan on sbtest3  (cost=35.47..4170.08 rows=1077 width=121)
	              Recheck Cond: ((id >= 5939960) AND (id <= 5940959))
	              ->  Bitmap Index Scan on sbtest3_pkey  (cost=0.00..35.20 rows=1077 width=0)
	                    Index Cond: ((id >= 5939960) AND (id <= 5940959))

table 4 : explain SELECT DISTINCT c FROM sbtest4 WHERE id BETWEEN 5866147 AND 5867146 ORDER BY c
	Unique  (cost=3920.72..3925.70 rows=997 width=121)
	  ->  Sort  (cost=3920.72..3923.21 rows=997 width=121)
	        Sort Key: c
	        ->  Bitmap Heap Scan on sbtest4  (cost=34.65..3871.06 rows=997 width=121)
	              Recheck Cond: ((id >= 5866147) AND (id <= 5867146))
	              ->  Bitmap Index Scan on sbtest4_pkey  (cost=0.00..34.41 rows=997 width=0)
	                    Index Cond: ((id >= 5866147) AND (id <= 5867146))

table 5 : explain SELECT DISTINCT c FROM sbtest5 WHERE id BETWEEN 3788336 AND 3789335 ORDER BY c
	Unique  (cost=3874.58..3879.52 rows=987 width=121)
	  ->  Sort  (cost=3874.58..3877.05 rows=987 width=121)
	        Sort Key: c
	        ->  Bitmap Heap Scan on sbtest5  (cost=34.55..3825.49 rows=987 width=121)
	              Recheck Cond: ((id >= 3788336) AND (id <= 3789335))
	              ->  Bitmap Index Scan on sbtest5_pkey  (cost=0.00..34.31 rows=987 width=0)
	                    Index Cond: ((id >= 3788336) AND (id <= 3789335))

table 6 : explain SELECT DISTINCT c FROM sbtest6 WHERE id BETWEEN 6653269 AND 6654268 ORDER BY c
	Unique  (cost=3877.34..3882.28 rows=987 width=121)
	  ->  Sort  (cost=3877.34..3879.81 rows=987 width=121)
	        Sort Key: c
	        ->  Bitmap Heap Scan on sbtest6  (cost=34.55..3828.25 rows=987 width=121)
	              Recheck Cond: ((id >= 6653269) AND (id <= 6654268))
	              ->  Bitmap Index Scan on sbtest6_pkey  (cost=0.00..34.31 rows=987 width=0)
	                    Index Cond: ((id >= 6653269) AND (id <= 6654268))

table 7 : explain SELECT DISTINCT c FROM sbtest7 WHERE id BETWEEN 2249003 AND 2250002 ORDER BY c
	Unique  (cost=4385.17..4390.75 rows=1117 width=121)
	  ->  Sort  (cost=4385.17..4387.96 rows=1117 width=121)
	        Sort Key: c
	        ->  Bitmap Heap Scan on sbtest7  (cost=39.88..4328.62 rows=1117 width=121)
	              Recheck Cond: ((id >= 2249003) AND (id <= 2250002))
	              ->  Bitmap Index Scan on sbtest7_pkey  (cost=0.00..39.61 rows=1117 width=0)
	                    Index Cond: ((id >= 2249003) AND (id <= 2250002))

table 8 : explain SELECT DISTINCT c FROM sbtest8 WHERE id BETWEEN 4448170 AND 4449169 ORDER BY c
	Unique  (cost=3983.91..3988.93 rows=1004 width=121)
	  ->  Sort  (cost=3983.91..3986.42 rows=1004 width=121)
	        Sort Key: c
	        ->  Index Scan using sbtest8_pkey on sbtest8  (cost=0.43..3933.85 rows=1004 width=121)
	              Index Cond: ((id >= 4448170) AND (id <= 4449169))

for: order_ranges
table 1 : explain SELECT c FROM sbtest1 WHERE id BETWEEN 9255367 AND 9256366 ORDER BY c
	Sort  (cost=3590.20..3592.48 rows=912 width=121)
	  Sort Key: c
	  ->  Bitmap Heap Scan on sbtest1  (cost=33.78..3545.36 rows=912 width=121)
	        Recheck Cond: ((id >= 9255367) AND (id <= 9256366))
	        ->  Bitmap Index Scan on sbtest1_pkey  (cost=0.00..33.56 rows=912 width=0)
	              Index Cond: ((id >= 9255367) AND (id <= 9256366))

table 2 : explain SELECT c FROM sbtest2 WHERE id BETWEEN 3041177 AND 3042176 ORDER BY c
	Sort  (cost=3957.43..3959.95 rows=1008 width=121)
	  Sort Key: c
	  ->  Bitmap Heap Scan on sbtest2  (cost=34.77..3907.14 rows=1008 width=121)
	        Recheck Cond: ((id >= 3041177) AND (id <= 3042176))
	        ->  Bitmap Index Scan on sbtest2_pkey  (cost=0.00..34.52 rows=1008 width=0)
	              Index Cond: ((id >= 3041177) AND (id <= 3042176))

table 3 : explain SELECT c FROM sbtest3 WHERE id BETWEEN 8236946 AND 8237945 ORDER BY c
	Sort  (cost=3668.60..3670.93 rows=932 width=121)
	  Sort Key: c
	  ->  Bitmap Heap Scan on sbtest3  (cost=33.99..3622.63 rows=932 width=121)
	        Recheck Cond: ((id >= 8236946) AND (id <= 8237945))
	        ->  Bitmap Index Scan on sbtest3_pkey  (cost=0.00..33.76 rows=932 width=0)
	              Index Cond: ((id >= 8236946) AND (id <= 8237945))

table 4 : explain SELECT c FROM sbtest4 WHERE id BETWEEN 914344 AND 915343 ORDER BY c
	Sort  (cost=3721.01..3723.38 rows=945 width=121)
	  Sort Key: c
	  ->  Bitmap Heap Scan on sbtest4  (cost=34.12..3674.31 rows=945 width=121)
	        Recheck Cond: ((id >= 914344) AND (id <= 915343))
	        ->  Bitmap Index Scan on sbtest4_pkey  (cost=0.00..33.89 rows=945 width=0)
	              Index Cond: ((id >= 914344) AND (id <= 915343))

table 5 : explain SELECT c FROM sbtest5 WHERE id BETWEEN 3679068 AND 3680067 ORDER BY c
	Sort  (cost=3732.90..3735.28 rows=950 width=121)
	  Sort Key: c
	  ->  Bitmap Heap Scan on sbtest5  (cost=34.17..3685.92 rows=950 width=121)
	        Recheck Cond: ((id >= 3679068) AND (id <= 3680067))
	        ->  Bitmap Index Scan on sbtest5_pkey  (cost=0.00..33.94 rows=950 width=0)
	              Index Cond: ((id >= 3679068) AND (id <= 3680067))

table 6 : explain SELECT c FROM sbtest6 WHERE id BETWEEN 4842296 AND 4843295 ORDER BY c
	Sort  (cost=3716.33..3718.69 rows=945 width=121)
	  Sort Key: c
	  ->  Bitmap Heap Scan on sbtest6  (cost=34.12..3669.63 rows=945 width=121)
	        Recheck Cond: ((id >= 4842296) AND (id <= 4843295))
	        ->  Bitmap Index Scan on sbtest6_pkey  (cost=0.00..33.89 rows=945 width=0)
	              Index Cond: ((id >= 4842296) AND (id <= 4843295))

table 7 : explain SELECT c FROM sbtest7 WHERE id BETWEEN 3832914 AND 3833913 ORDER BY c
	Sort  (cost=3932.88..3935.38 rows=1000 width=121)
	  Sort Key: c
	  ->  Bitmap Heap Scan on sbtest7  (cost=34.69..3883.05 rows=1000 width=121)
	        Recheck Cond: ((id >= 3832914) AND (id <= 3833913))
	        ->  Bitmap Index Scan on sbtest7_pkey  (cost=0.00..34.44 rows=1000 width=0)
	              Index Cond: ((id >= 3832914) AND (id <= 3833913))

table 8 : explain SELECT c FROM sbtest8 WHERE id BETWEEN 9768076 AND 9769075 ORDER BY c
	Sort  (cost=3414.46..3416.61 rows=861 width=121)
	  Sort Key: c
	  ->  Index Scan using sbtest8_pkey on sbtest8  (cost=0.43..3372.49 rows=861 width=121)
	        Index Cond: ((id >= 9768076) AND (id <= 9769075))

for: order_ranges
table 1 : explain SELECT c FROM sbtest1 WHERE id BETWEEN 3658800 AND 3659799 ORDER BY c
	Sort  (cost=3989.01..3991.55 rows=1016 width=121)
	  Sort Key: c
	  ->  Bitmap Heap Scan on sbtest1  (cost=34.85..3938.27 rows=1016 width=121)
	        Recheck Cond: ((id >= 3658800) AND (id <= 3659799))
	        ->  Bitmap Index Scan on sbtest1_pkey  (cost=0.00..34.59 rows=1016 width=0)
	              Index Cond: ((id >= 3658800) AND (id <= 3659799))

table 2 : explain SELECT c FROM sbtest2 WHERE id BETWEEN 2430830 AND 2431829 ORDER BY c
	Sort  (cost=3949.77..3952.29 rows=1006 width=121)
	  Sort Key: c
	  ->  Bitmap Heap Scan on sbtest2  (cost=34.75..3899.60 rows=1006 width=121)
	        Recheck Cond: ((id >= 2430830) AND (id <= 2431829))
	        ->  Bitmap Index Scan on sbtest2_pkey  (cost=0.00..34.50 rows=1006 width=0)
	              Index Cond: ((id >= 2430830) AND (id <= 2431829))

table 3 : explain SELECT c FROM sbtest3 WHERE id BETWEEN 8523931 AND 8524930 ORDER BY c
	Sort  (cost=3967.84..3970.37 rows=1010 width=121)
	  Sort Key: c
	  ->  Bitmap Heap Scan on sbtest3  (cost=34.79..3917.44 rows=1010 width=121)
	        Recheck Cond: ((id >= 8523931) AND (id <= 8524930))
	        ->  Bitmap Index Scan on sbtest3_pkey  (cost=0.00..34.54 rows=1010 width=0)
	              Index Cond: ((id >= 8523931) AND (id <= 8524930))

table 4 : explain SELECT c FROM sbtest4 WHERE id BETWEEN 2728325 AND 2729324 ORDER BY c
	Sort  (cost=3886.18..3888.65 rows=988 width=121)
	  Sort Key: c
	  ->  Bitmap Heap Scan on sbtest4  (cost=34.56..3837.03 rows=988 width=121)
	        Recheck Cond: ((id >= 2728325) AND (id <= 2729324))
	        ->  Bitmap Index Scan on sbtest4_pkey  (cost=0.00..34.32 rows=988 width=0)
	              Index Cond: ((id >= 2728325) AND (id <= 2729324))

table 5 : explain SELECT c FROM sbtest5 WHERE id BETWEEN 5162104 AND 5163103 ORDER BY c
	Sort  (cost=3836.31..3838.75 rows=977 width=121)
	  Sort Key: c
	  ->  Bitmap Heap Scan on sbtest5  (cost=34.45..3787.79 rows=977 width=121)
	        Recheck Cond: ((id >= 5162104) AND (id <= 5163103))
	        ->  Bitmap Index Scan on sbtest5_pkey  (cost=0.00..34.20 rows=977 width=0)
	              Index Cond: ((id >= 5162104) AND (id <= 5163103))

table 6 : explain SELECT c FROM sbtest6 WHERE id BETWEEN 8640885 AND 8641884 ORDER BY c
	Sort  (cost=3842.86..3845.30 rows=978 width=121)
	  Sort Key: c
	  ->  Bitmap Heap Scan on sbtest6  (cost=34.46..3794.28 rows=978 width=121)
	        Recheck Cond: ((id >= 8640885) AND (id <= 8641884))
	        ->  Bitmap Index Scan on sbtest6_pkey  (cost=0.00..34.22 rows=978 width=0)
	              Index Cond: ((id >= 8640885) AND (id <= 8641884))

table 7 : explain SELECT c FROM sbtest7 WHERE id BETWEEN 4599927 AND 4600926 ORDER BY c
	Sort  (cost=3990.44..3992.98 rows=1015 width=121)
	  Sort Key: c
	  ->  Bitmap Heap Scan on sbtest7  (cost=34.84..3939.76 rows=1015 width=121)
	        Recheck Cond: ((id >= 4599927) AND (id <= 4600926))
	        ->  Bitmap Index Scan on sbtest7_pkey  (cost=0.00..34.59 rows=1015 width=0)
	              Index Cond: ((id >= 4599927) AND (id <= 4600926))

table 8 : explain SELECT c FROM sbtest8 WHERE id BETWEEN 335638 AND 336637 ORDER BY c
	Sort  (cost=3817.83..3820.24 rows=962 width=121)
	  Sort Key: c
	  ->  Index Scan using sbtest8_pkey on sbtest8  (cost=0.43..3770.16 rows=962 width=121)
	        Index Cond: ((id >= 335638) AND (id <= 336637))

explain: for point_selects :: explain SELECT c FROM sbtest%u WHERE id=%u
explain: for point_selects :: explain SELECT c FROM sbtest%u WHERE id=%u
explain: for point_selects :: explain SELECT c FROM sbtest%u WHERE id=%u
for point_selects
table 1 : explain SELECT c FROM sbtest1 WHERE id=7997779
	Index Scan using sbtest1_pkey on sbtest1  (cost=0.43..8.45 rows=1 width=121)
	  Index Cond: (id = 7997779)

table 2 : explain SELECT c FROM sbtest2 WHERE id=6565982
	Index Scan using sbtest2_pkey on sbtest2  (cost=0.43..8.45 rows=1 width=121)
	  Index Cond: (id = 6565982)

table 3 : explain SELECT c FROM sbtest3 WHERE id=664986
	Index Scan using sbtest3_pkey on sbtest3  (cost=0.43..8.45 rows=1 width=121)
	  Index Cond: (id = 664986)

table 4 : explain SELECT c FROM sbtest4 WHERE id=307226
	Index Scan using sbtest4_pkey on sbtest4  (cost=0.43..8.45 rows=1 width=121)
	  Index Cond: (id = 307226)

table 5 : explain SELECT c FROM sbtest5 WHERE id=3116864
	Index Scan using sbtest5_pkey on sbtest5  (cost=0.43..8.45 rows=1 width=121)
	  Index Cond: (id = 3116864)

table 6 : explain SELECT c FROM sbtest6 WHERE id=3475576
	Index Scan using sbtest6_pkey on sbtest6  (cost=0.43..8.45 rows=1 width=121)
	  Index Cond: (id = 3475576)

table 7 : explain SELECT c FROM sbtest7 WHERE id=2266971
	Index Scan using sbtest7_pkey on sbtest7  (cost=0.43..8.45 rows=1 width=121)
	  Index Cond: (id = 2266971)

table 8 : explain SELECT c FROM sbtest8 WHERE id=9993695
	Index Scan using sbtest8_pkey on sbtest8  (cost=0.43..8.45 rows=1 width=121)
	  Index Cond: (id = 9993695)

for: distinct_ranges
table 1 : explain SELECT DISTINCT c FROM sbtest1 WHERE id BETWEEN 2541438 AND 2542437 ORDER BY c
	Unique  (cost=4034.94..4040.08 rows=1028 width=121)
	  ->  Sort  (cost=4034.94..4037.51 rows=1028 width=121)
	        Sort Key: c
	        ->  Bitmap Heap Scan on sbtest1  (cost=34.97..3983.51 rows=1028 width=121)
	              Recheck Cond: ((id >= 2541438) AND (id <= 2542437))
	              ->  Bitmap Index Scan on sbtest1_pkey  (cost=0.00..34.72 rows=1028 width=0)
	                    Index Cond: ((id >= 2541438) AND (id <= 2542437))

table 2 : explain SELECT DISTINCT c FROM sbtest2 WHERE id BETWEEN 6252008 AND 6253007 ORDER BY c
	Unique  (cost=3922.97..3927.97 rows=999 width=121)
	  ->  Sort  (cost=3922.97..3925.47 rows=999 width=121)
	        Sort Key: c
	        ->  Bitmap Heap Scan on sbtest2  (cost=34.67..3873.20 rows=999 width=121)
	              Recheck Cond: ((id >= 6252008) AND (id <= 6253007))
	              ->  Bitmap Index Scan on sbtest2_pkey  (cost=0.00..34.43 rows=999 width=0)
	                    Index Cond: ((id >= 6252008) AND (id <= 6253007))

table 3 : explain SELECT DISTINCT c FROM sbtest3 WHERE id BETWEEN 7124864 AND 7125863 ORDER BY c
	Unique  (cost=3860.50..3865.41 rows=982 width=121)
	  ->  Sort  (cost=3860.50..3862.96 rows=982 width=121)
	        Sort Key: c
	        ->  Bitmap Heap Scan on sbtest3  (cost=34.50..3811.70 rows=982 width=121)
	              Recheck Cond: ((id >= 7124864) AND (id <= 7125863))
	              ->  Bitmap Index Scan on sbtest3_pkey  (cost=0.00..34.26 rows=982 width=0)
	                    Index Cond: ((id >= 7124864) AND (id <= 7125863))

table 4 : explain SELECT DISTINCT c FROM sbtest4 WHERE id BETWEEN 1356464 AND 1357463 ORDER BY c
	Unique  (cost=4020.45..4025.57 rows=1023 width=121)
	  ->  Sort  (cost=4020.45..4023.01 rows=1023 width=121)
	        Sort Key: c
	        ->  Bitmap Heap Scan on sbtest4  (cost=34.92..3969.31 rows=1023 width=121)
	              Recheck Cond: ((id >= 1356464) AND (id <= 1357463))
	              ->  Bitmap Index Scan on sbtest4_pkey  (cost=0.00..34.67 rows=1023 width=0)
	                    Index Cond: ((id >= 1356464) AND (id <= 1357463))

table 5 : explain SELECT DISTINCT c FROM sbtest5 WHERE id BETWEEN 2044407 AND 2045406 ORDER BY c
	Unique  (cost=3429.67..3434.03 rows=872 width=121)
	  ->  Sort  (cost=3429.67..3431.85 rows=872 width=121)
	        Sort Key: c
	        ->  Bitmap Heap Scan on sbtest5  (cost=29.37..3387.08 rows=872 width=121)
	              Recheck Cond: ((id >= 2044407) AND (id <= 2045406))
	              ->  Bitmap Index Scan on sbtest5_pkey  (cost=0.00..29.15 rows=872 width=0)
	                    Index Cond: ((id >= 2044407) AND (id <= 2045406))

table 6 : explain SELECT DISTINCT c FROM sbtest6 WHERE id BETWEEN 2795224 AND 2796223 ORDER BY c
	Unique  (cost=3739.35..3744.10 rows=951 width=121)
	  ->  Sort  (cost=3739.35..3741.72 rows=951 width=121)
	        Sort Key: c
	        ->  Bitmap Heap Scan on sbtest6  (cost=34.18..3692.30 rows=951 width=121)
	              Recheck Cond: ((id >= 2795224) AND (id <= 2796223))
	              ->  Bitmap Index Scan on sbtest6_pkey  (cost=0.00..33.95 rows=951 width=0)
	                    Index Cond: ((id >= 2795224) AND (id <= 2796223))

table 7 : explain SELECT DISTINCT c FROM sbtest7 WHERE id BETWEEN 2913887 AND 2914886 ORDER BY c
	Unique  (cost=3806.16..3811.00 rows=967 width=121)
	  ->  Sort  (cost=3806.16..3808.58 rows=967 width=121)
	        Sort Key: c
	        ->  Bitmap Heap Scan on sbtest7  (cost=34.35..3758.21 rows=967 width=121)
	              Recheck Cond: ((id >= 2913887) AND (id <= 2914886))
	              ->  Bitmap Index Scan on sbtest7_pkey  (cost=0.00..34.11 rows=967 width=0)
	                    Index Cond: ((id >= 2913887) AND (id <= 2914886))

table 8 : explain SELECT DISTINCT c FROM sbtest8 WHERE id BETWEEN 1347706 AND 1348705 ORDER BY c
	Unique  (cost=4047.17..4052.27 rows=1020 width=121)
	  ->  Sort  (cost=4047.17..4049.72 rows=1020 width=121)
	        Sort Key: c
	        ->  Index Scan using sbtest8_pkey on sbtest8  (cost=0.43..3996.20 rows=1020 width=121)
	              Index Cond: ((id >= 1347706) AND (id <= 1348705))

for: order_ranges
table 1 : explain SELECT c FROM sbtest1 WHERE id BETWEEN 6156139 AND 6157138 ORDER BY c
	Sort  (cost=3870.27..3872.73 rows=985 width=121)
	  Sort Key: c
	  ->  Bitmap Heap Scan on sbtest1  (cost=34.53..3821.29 rows=985 width=121)
	        Recheck Cond: ((id >= 6156139) AND (id <= 6157138))
	        ->  Bitmap Index Scan on sbtest1_pkey  (cost=0.00..34.29 rows=985 width=0)
	              Index Cond: ((id >= 6156139) AND (id <= 6157138))

table 2 : explain SELECT c FROM sbtest2 WHERE id BETWEEN 9578639 AND 9579638 ORDER BY c
	Sort  (cost=3995.70..3998.25 rows=1018 width=121)
	  Sort Key: c
	  ->  Bitmap Heap Scan on sbtest2  (cost=34.87..3944.84 rows=1018 width=121)
	        Recheck Cond: ((id >= 9578639) AND (id <= 9579638))
	        ->  Bitmap Index Scan on sbtest2_pkey  (cost=0.00..34.62 rows=1018 width=0)
	              Index Cond: ((id >= 9578639) AND (id <= 9579638))

table 3 : explain SELECT c FROM sbtest3 WHERE id BETWEEN 8169186 AND 8170185 ORDER BY c
	Sort  (cost=3975.51..3978.04 rows=1012 width=121)
	  Sort Key: c
	  ->  Bitmap Heap Scan on sbtest3  (cost=34.81..3924.99 rows=1012 width=121)
	        Recheck Cond: ((id >= 8169186) AND (id <= 8170185))
	        ->  Bitmap Index Scan on sbtest3_pkey  (cost=0.00..34.56 rows=1012 width=0)
	              Index Cond: ((id >= 8169186) AND (id <= 8170185))

table 4 : explain SELECT c FROM sbtest4 WHERE id BETWEEN 2610215 AND 2611214 ORDER BY c
	Sort  (cost=3893.85..3896.33 rows=990 width=121)
	  Sort Key: c
	  ->  Bitmap Heap Scan on sbtest4  (cost=34.58..3844.59 rows=990 width=121)
	        Recheck Cond: ((id >= 2610215) AND (id <= 2611214))
	        ->  Bitmap Index Scan on sbtest4_pkey  (cost=0.00..34.34 rows=990 width=0)
	              Index Cond: ((id >= 2610215) AND (id <= 2611214))

table 5 : explain SELECT c FROM sbtest5 WHERE id BETWEEN 1228191 AND 1229190 ORDER BY c
	Sort  (cost=3886.06..3888.54 rows=990 width=121)
	  Sort Key: c
	  ->  Bitmap Heap Scan on sbtest5  (cost=34.58..3836.80 rows=990 width=121)
	        Recheck Cond: ((id >= 1228191) AND (id <= 1229190))
	        ->  Bitmap Index Scan on sbtest5_pkey  (cost=0.00..34.34 rows=990 width=0)
	              Index Cond: ((id >= 1228191) AND (id <= 1229190))

table 6 : explain SELECT c FROM sbtest6 WHERE id BETWEEN 9023433 AND 9024432 ORDER BY c
	Sort  (cost=4026.66..4029.23 rows=1026 width=121)
	  Sort Key: c
	  ->  Bitmap Heap Scan on sbtest6  (cost=34.95..3975.35 rows=1026 width=121)
	        Recheck Cond: ((id >= 9023433) AND (id <= 9024432))
	        ->  Bitmap Index Scan on sbtest6_pkey  (cost=0.00..34.70 rows=1026 width=0)
	              Index Cond: ((id >= 9023433) AND (id <= 9024432))

table 7 : explain SELECT c FROM sbtest7 WHERE id BETWEEN 517327 AND 518326 ORDER BY c
	Sort  (cost=4446.35..4449.19 rows=1133 width=121)
	  Sort Key: c
	  ->  Bitmap Heap Scan on sbtest7  (cost=40.05..4388.88 rows=1133 width=121)
	        Recheck Cond: ((id >= 517327) AND (id <= 518326))
	        ->  Bitmap Index Scan on sbtest7_pkey  (cost=0.00..39.77 rows=1133 width=0)
	              Index Cond: ((id >= 517327) AND (id <= 518326))

table 8 : explain SELECT c FROM sbtest8 WHERE id BETWEEN 6715968 AND 6716967 ORDER BY c
	Sort  (cost=3849.46..3851.88 rows=970 width=121)
	  Sort Key: c
	  ->  Index Scan using sbtest8_pkey on sbtest8  (cost=0.43..3801.34 rows=970 width=121)
	        Index Cond: ((id >= 6715968) AND (id <= 6716967))

for: distinct_ranges
table 1 : explain SELECT DISTINCT c FROM sbtest1 WHERE id BETWEEN 6110179 AND 6111178 ORDER BY c
	Unique  (cost=3870.27..3875.19 rows=985 width=121)
	  ->  Sort  (cost=3870.27..3872.73 rows=985 width=121)
	        Sort Key: c
	        ->  Bitmap Heap Scan on sbtest1  (cost=34.53..3821.29 rows=985 width=121)
	              Recheck Cond: ((id >= 6110179) AND (id <= 6111178))
	              ->  Bitmap Index Scan on sbtest1_pkey  (cost=0.00..34.29 rows=985 width=0)
	                    Index Cond: ((id >= 6110179) AND (id <= 6111178))

table 2 : explain SELECT DISTINCT c FROM sbtest2 WHERE id BETWEEN 1078871 AND 1079870 ORDER BY c
	Unique  (cost=3727.53..3732.27 rows=948 width=121)
	  ->  Sort  (cost=3727.53..3729.90 rows=948 width=121)
	        Sort Key: c
	        ->  Bitmap Heap Scan on sbtest2  (cost=34.15..3680.66 rows=948 width=121)
	              Recheck Cond: ((id >= 1078871) AND (id <= 1079870))
	              ->  Bitmap Index Scan on sbtest2_pkey  (cost=0.00..33.92 rows=948 width=0)
	                    Index Cond: ((id >= 1078871) AND (id <= 1079870))

table 3 : explain SELECT DISTINCT c FROM sbtest3 WHERE id BETWEEN 3719464 AND 3720463 ORDER BY c
	Unique  (cost=4415.57..4421.20 rows=1126 width=121)
	  ->  Sort  (cost=4415.57..4418.38 rows=1126 width=121)
	        Sort Key: c
	        ->  Bitmap Heap Scan on sbtest3  (cost=39.98..4358.49 rows=1126 width=121)
	              Recheck Cond: ((id >= 3719464) AND (id <= 3720463))
	              ->  Bitmap Index Scan on sbtest3_pkey  (cost=0.00..39.70 rows=1126 width=0)
	                    Index Cond: ((id >= 3719464) AND (id <= 3720463))

table 4 : explain SELECT DISTINCT c FROM sbtest4 WHERE id BETWEEN 7379508 AND 7380507 ORDER BY c
	Unique  (cost=4146.93..4152.21 rows=1056 width=121)
	  ->  Sort  (cost=4146.93..4149.57 rows=1056 width=121)
	        Sort Key: c
	        ->  Bitmap Heap Scan on sbtest4  (cost=35.26..4093.90 rows=1056 width=121)
	              Recheck Cond: ((id >= 7379508) AND (id <= 7380507))
	              ->  Bitmap Index Scan on sbtest4_pkey  (cost=0.00..35.00 rows=1056 width=0)
	                    Index Cond: ((id >= 7379508) AND (id <= 7380507))

table 5 : explain SELECT DISTINCT c FROM sbtest5 WHERE id BETWEEN 4005679 AND 4006678 ORDER BY c
	Unique  (cost=3759.72..3764.51 rows=957 width=121)
	  ->  Sort  (cost=3759.72..3762.11 rows=957 width=121)
	        Sort Key: c
	        ->  Bitmap Heap Scan on sbtest5  (cost=34.24..3712.34 rows=957 width=121)
	              Recheck Cond: ((id >= 4005679) AND (id <= 4006678))
	              ->  Bitmap Index Scan on sbtest5_pkey  (cost=0.00..34.01 rows=957 width=0)
	                    Index Cond: ((id >= 4005679) AND (id <= 4006678))

table 6 : explain SELECT DISTINCT c FROM sbtest6 WHERE id BETWEEN 4045276 AND 4046275 ORDER BY c
	Unique  (cost=3953.94..3958.97 rows=1007 width=121)
	  ->  Sort  (cost=3953.94..3956.46 rows=1007 width=121)
	        Sort Key: c
	        ->  Bitmap Heap Scan on sbtest6  (cost=34.76..3903.71 rows=1007 width=121)
	              Recheck Cond: ((id >= 4045276) AND (id <= 4046275))
	              ->  Bitmap Index Scan on sbtest6_pkey  (cost=0.00..34.51 rows=1007 width=0)
	                    Index Cond: ((id >= 4045276) AND (id <= 4046275))

table 7 : explain SELECT DISTINCT c FROM sbtest7 WHERE id BETWEEN 1393071 AND 1394070 ORDER BY c
	Unique  (cost=4055.64..4060.80 rows=1032 width=121)
	  ->  Sort  (cost=4055.64..4058.22 rows=1032 width=121)
	        Sort Key: c
	        ->  Bitmap Heap Scan on sbtest7  (cost=35.01..4003.99 rows=1032 width=121)
	              Recheck Cond: ((id >= 1393071) AND (id <= 1394070))
	              ->  Bitmap Index Scan on sbtest7_pkey  (cost=0.00..34.76 rows=1032 width=0)
	                    Index Cond: ((id >= 1393071) AND (id <= 1394070))

table 8 : explain SELECT DISTINCT c FROM sbtest8 WHERE id BETWEEN 7157372 AND 7158371 ORDER BY c
	Unique  (cost=3888.99..3893.89 rows=980 width=121)
	  ->  Sort  (cost=3888.99..3891.44 rows=980 width=121)
	        Sort Key: c
	        ->  Index Scan using sbtest8_pkey on sbtest8  (cost=0.43..3840.30 rows=980 width=121)
	              Index Cond: ((id >= 7157372) AND (id <= 7158371))

for point_selects
table 1 : explain SELECT c FROM sbtest1 WHERE id=7257917
	Index Scan using sbtest1_pkey on sbtest1  (cost=0.43..8.45 rows=1 width=121)
	  Index Cond: (id = 7257917)

table 2 : explain SELECT c FROM sbtest2 WHERE id=3818881
	Index Scan using sbtest2_pkey on sbtest2  (cost=0.43..8.45 rows=1 width=121)
	  Index Cond: (id = 3818881)

table 3 : explain SELECT c FROM sbtest3 WHERE id=3731187
	Index Scan using sbtest3_pkey on sbtest3  (cost=0.43..8.45 rows=1 width=121)
	  Index Cond: (id = 3731187)

table 4 : explain SELECT c FROM sbtest4 WHERE id=5400459
	Index Scan using sbtest4_pkey on sbtest4  (cost=0.43..8.45 rows=1 width=121)
	  Index Cond: (id = 5400459)

table 5 : explain SELECT c FROM sbtest5 WHERE id=5506526
	Index Scan using sbtest5_pkey on sbtest5  (cost=0.43..8.45 rows=1 width=121)
	  Index Cond: (id = 5506526)

table 6 : explain SELECT c FROM sbtest6 WHERE id=1883692
	Index Scan using sbtest6_pkey on sbtest6  (cost=0.43..8.45 rows=1 width=121)
	  Index Cond: (id = 1883692)

table 7 : explain SELECT c FROM sbtest7 WHERE id=1616662
	Index Scan using sbtest7_pkey on sbtest7  (cost=0.43..8.45 rows=1 width=121)
	  Index Cond: (id = 1616662)

table 8 : explain SELECT c FROM sbtest8 WHERE id=6719067
	Index Scan using sbtest8_pkey on sbtest8  (cost=0.43..8.45 rows=1 width=121)
	  Index Cond: (id = 6719067)

for: sum_ranges
table 1 : explain SELECT SUM(k) FROM sbtest1 WHERE id BETWEEN 1578684 AND 1579683
	Aggregate  (cost=3872.86..3872.87 rows=1 width=8)
	  ->  Bitmap Heap Scan on sbtest1  (cost=34.66..3870.36 rows=998 width=4)
	        Recheck Cond: ((id >= 1578684) AND (id <= 1579683))
	        ->  Bitmap Index Scan on sbtest1_pkey  (cost=0.00..34.42 rows=998 width=0)
	              Index Cond: ((id >= 1578684) AND (id <= 1579683))

table 2 : explain SELECT SUM(k) FROM sbtest2 WHERE id BETWEEN 8595108 AND 8596107
	Aggregate  (cost=3803.96..3803.97 rows=1 width=8)
	  ->  Bitmap Heap Scan on sbtest2  (cost=34.48..3801.51 rows=980 width=4)
	        Recheck Cond: ((id >= 8595108) AND (id <= 8596107))
	        ->  Bitmap Index Scan on sbtest2_pkey  (cost=0.00..34.23 rows=980 width=0)
	              Index Cond: ((id >= 8595108) AND (id <= 8596107))

table 3 : explain SELECT SUM(k) FROM sbtest3 WHERE id BETWEEN 4782743 AND 4783742
	Aggregate  (cost=3704.46..3704.47 rows=1 width=8)
	  ->  Bitmap Heap Scan on sbtest3  (cost=34.20..3702.08 rows=953 width=4)
	        Recheck Cond: ((id >= 4782743) AND (id <= 4783742))
	        ->  Bitmap Index Scan on sbtest3_pkey  (cost=0.00..33.97 rows=953 width=0)
	              Index Cond: ((id >= 4782743) AND (id <= 4783742))

table 4 : explain SELECT SUM(k) FROM sbtest4 WHERE id BETWEEN 2866532 AND 2867531
	Aggregate  (cost=4236.16..4236.17 rows=1 width=8)
	  ->  Bitmap Heap Scan on sbtest4  (cost=35.64..4233.43 rows=1093 width=4)
	        Recheck Cond: ((id >= 2866532) AND (id <= 2867531))
	        ->  Bitmap Index Scan on sbtest4_pkey  (cost=0.00..35.37 rows=1093 width=0)
	              Index Cond: ((id >= 2866532) AND (id <= 2867531))

table 5 : explain SELECT SUM(k) FROM sbtest5 WHERE id BETWEEN 7445891 AND 7446890
	Aggregate  (cost=3563.57..3563.58 rows=1 width=8)
	  ->  Bitmap Heap Scan on sbtest5  (cost=33.83..3561.28 rows=917 width=4)
	        Recheck Cond: ((id >= 7445891) AND (id <= 7446890))
	        ->  Bitmap Index Scan on sbtest5_pkey  (cost=0.00..33.61 rows=917 width=0)
	              Index Cond: ((id >= 7445891) AND (id <= 7446890))

table 6 : explain SELECT SUM(k) FROM sbtest6 WHERE id BETWEEN 9659874 AND 9660873
	Aggregate  (cost=3857.15..3857.16 rows=1 width=8)
	  ->  Bitmap Heap Scan on sbtest6  (cost=34.62..3854.67 rows=994 width=4)
	        Recheck Cond: ((id >= 9659874) AND (id <= 9660873))
	        ->  Bitmap Index Scan on sbtest6_pkey  (cost=0.00..34.38 rows=994 width=0)
	              Index Cond: ((id >= 9659874) AND (id <= 9660873))

table 7 : explain SELECT SUM(k) FROM sbtest7 WHERE id BETWEEN 4189390 AND 4190389
	Aggregate  (cost=4320.10..4320.11 rows=1 width=8)
	  ->  Bitmap Heap Scan on sbtest7  (cost=39.85..4317.31 rows=1114 width=4)
	        Recheck Cond: ((id >= 4189390) AND (id <= 4190389))
	        ->  Bitmap Index Scan on sbtest7_pkey  (cost=0.00..39.58 rows=1114 width=0)
	              Index Cond: ((id >= 4189390) AND (id <= 4190389))

table 8 : explain SELECT SUM(k) FROM sbtest8 WHERE id BETWEEN 1973288 AND 1974287
	Aggregate  (cost=3647.74..3647.75 rows=1 width=8)
	  ->  Index Scan using sbtest8_pkey on sbtest8  (cost=0.43..3645.41 rows=930 width=4)
	        Index Cond: ((id >= 1973288) AND (id <= 1974287))

for point_selects
table 1 : explain SELECT c FROM sbtest1 WHERE id=1248059
	Index Scan using sbtest1_pkey on sbtest1  (cost=0.43..8.45 rows=1 width=121)
	  Index Cond: (id = 1248059)

table 2 : explain SELECT c FROM sbtest2 WHERE id=8715117
	Index Scan using sbtest2_pkey on sbtest2  (cost=0.43..8.45 rows=1 width=121)
	  Index Cond: (id = 8715117)

table 3 : explain SELECT c FROM sbtest3 WHERE id=6222668
	Index Scan using sbtest3_pkey on sbtest3  (cost=0.43..8.45 rows=1 width=121)
	  Index Cond: (id = 6222668)

table 4 : explain SELECT c FROM sbtest4 WHERE id=3737876
	Index Scan using sbtest4_pkey on sbtest4  (cost=0.43..8.45 rows=1 width=121)
	  Index Cond: (id = 3737876)

table 5 : explain SELECT c FROM sbtest5 WHERE id=1576717
	Index Scan using sbtest5_pkey on sbtest5  (cost=0.43..8.45 rows=1 width=121)
	  Index Cond: (id = 1576717)

table 6 : explain SELECT c FROM sbtest6 WHERE id=9771701
	Index Scan using sbtest6_pkey on sbtest6  (cost=0.43..8.45 rows=1 width=121)
	  Index Cond: (id = 9771701)

table 7 : explain SELECT c FROM sbtest7 WHERE id=5745984
	Index Scan using sbtest7_pkey on sbtest7  (cost=0.43..8.45 rows=1 width=121)
	  Index Cond: (id = 5745984)

table 8 : explain SELECT c FROM sbtest8 WHERE id=6406235
	Index Scan using sbtest8_pkey on sbtest8  (cost=0.43..8.45 rows=1 width=121)
	  Index Cond: (id = 6406235)

for: simple_ranges
table 1 : explain SELECT c FROM sbtest1 WHERE id BETWEEN 3943861 AND 3944860
	Bitmap Heap Scan on sbtest1  (cost=39.70..4254.86 rows=1099 width=121)
	  Recheck Cond: ((id >= 3943861) AND (id <= 3944860))
	  ->  Bitmap Index Scan on sbtest1_pkey  (cost=0.00..39.43 rows=1099 width=0)
	        Index Cond: ((id >= 3943861) AND (id <= 3944860))

table 2 : explain SELECT c FROM sbtest2 WHERE id BETWEEN 9068631 AND 9069630
	Bitmap Heap Scan on sbtest2  (cost=35.37..4129.41 rows=1067 width=121)
	  Recheck Cond: ((id >= 9068631) AND (id <= 9069630))
	  ->  Bitmap Index Scan on sbtest2_pkey  (cost=0.00..35.11 rows=1067 width=0)
	        Index Cond: ((id >= 9068631) AND (id <= 9069630))

table 3 : explain SELECT c FROM sbtest3 WHERE id BETWEEN 1089737 AND 1090736
	Bitmap Heap Scan on sbtest3  (cost=34.71..3887.24 rows=1002 width=121)
	  Recheck Cond: ((id >= 1089737) AND (id <= 1090736))
	  ->  Bitmap Index Scan on sbtest3_pkey  (cost=0.00..34.45 rows=1002 width=0)
	        Index Cond: ((id >= 1089737) AND (id <= 1090736))

table 4 : explain SELECT c FROM sbtest4 WHERE id BETWEEN 3510448 AND 3511447
	Bitmap Heap Scan on sbtest4  (cost=34.60..3852.16 rows=992 width=121)
	  Recheck Cond: ((id >= 3510448) AND (id <= 3511447))
	  ->  Bitmap Index Scan on sbtest4_pkey  (cost=0.00..34.36 rows=992 width=0)
	        Index Cond: ((id >= 3510448) AND (id <= 3511447))

table 5 : explain SELECT c FROM sbtest5 WHERE id BETWEEN 541106 AND 542105
	Bitmap Heap Scan on sbtest5  (cost=34.16..3682.14 rows=949 width=121)
	  Recheck Cond: ((id >= 541106) AND (id <= 542105))
	  ->  Bitmap Index Scan on sbtest5_pkey  (cost=0.00..33.93 rows=949 width=0)
	        Index Cond: ((id >= 541106) AND (id <= 542105))

table 6 : explain SELECT c FROM sbtest6 WHERE id BETWEEN 4108977 AND 4109976
	Bitmap Heap Scan on sbtest6  (cost=34.33..3745.19 rows=965 width=121)
	  Recheck Cond: ((id >= 4108977) AND (id <= 4109976))
	  ->  Bitmap Index Scan on sbtest6_pkey  (cost=0.00..34.09 rows=965 width=0)
	        Index Cond: ((id >= 4108977) AND (id <= 4109976))

table 7 : explain SELECT c FROM sbtest7 WHERE id BETWEEN 1866576 AND 1867575
	Bitmap Heap Scan on sbtest7  (cost=35.11..4037.97 rows=1041 width=121)
	  Recheck Cond: ((id >= 1866576) AND (id <= 1867575))
	  ->  Bitmap Index Scan on sbtest7_pkey  (cost=0.00..34.84 rows=1041 width=0)
	        Index Cond: ((id >= 1866576) AND (id <= 1867575))

table 8 : explain SELECT c FROM sbtest8 WHERE id BETWEEN 5568677 AND 5569676
	Bitmap Heap Scan on sbtest8  (cost=39.84..4311.62 rows=1113 width=121)
	  Recheck Cond: ((id >= 5568677) AND (id <= 5569676))
	  ->  Bitmap Index Scan on sbtest8_pkey  (cost=0.00..39.57 rows=1113 width=0)
	        Index Cond: ((id >= 5568677) AND (id <= 5569676))

for: sum_ranges
table 1 : explain SELECT SUM(k) FROM sbtest1 WHERE id BETWEEN 7113037 AND 7114036
	Aggregate  (cost=3906.84..3906.85 rows=1 width=8)
	  ->  Bitmap Heap Scan on sbtest1  (cost=34.76..3904.32 rows=1007 width=4)
	        Recheck Cond: ((id >= 7113037) AND (id <= 7114036))
	        ->  Bitmap Index Scan on sbtest1_pkey  (cost=0.00..34.51 rows=1007 width=0)
	              Index Cond: ((id >= 7113037) AND (id <= 7114036))

table 2 : explain SELECT SUM(k) FROM sbtest2 WHERE id BETWEEN 5012083 AND 5013082
	Aggregate  (cost=3701.93..3701.94 rows=1 width=8)
	  ->  Bitmap Heap Scan on sbtest2  (cost=34.20..3699.55 rows=953 width=4)
	        Recheck Cond: ((id >= 5012083) AND (id <= 5013082))
	        ->  Bitmap Index Scan on sbtest2_pkey  (cost=0.00..33.97 rows=953 width=0)
	              Index Cond: ((id >= 5012083) AND (id <= 5013082))

table 3 : explain SELECT SUM(k) FROM sbtest3 WHERE id BETWEEN 8621266 AND 8622265
	Aggregate  (cost=4037.00..4037.01 rows=1 width=8)
	  ->  Bitmap Heap Scan on sbtest3  (cost=35.11..4034.40 rows=1041 width=4)
	        Recheck Cond: ((id >= 8621266) AND (id <= 8622265))
	        ->  Bitmap Index Scan on sbtest3_pkey  (cost=0.00..34.84 rows=1041 width=0)
	              Index Cond: ((id >= 8621266) AND (id <= 8622265))

table 4 : explain SELECT SUM(k) FROM sbtest4 WHERE id BETWEEN 3799908 AND 3800907
	Aggregate  (cost=4058.77..4058.78 rows=1 width=8)
	  ->  Bitmap Heap Scan on sbtest4  (cost=35.16..4056.16 rows=1046 width=4)
	        Recheck Cond: ((id >= 3799908) AND (id <= 3800907))
	        ->  Bitmap Index Scan on sbtest4_pkey  (cost=0.00..34.90 rows=1046 width=0)
	              Index Cond: ((id >= 3799908) AND (id <= 3800907))

table 5 : explain SELECT SUM(k) FROM sbtest5 WHERE id BETWEEN 3184478 AND 3185477
	Aggregate  (cost=4005.12..4005.13 rows=1 width=8)
	  ->  Bitmap Heap Scan on sbtest5  (cost=35.03..4002.54 rows=1034 width=4)
	        Recheck Cond: ((id >= 3184478) AND (id <= 3185477))
	        ->  Bitmap Index Scan on sbtest5_pkey  (cost=0.00..34.78 rows=1034 width=0)
	              Index Cond: ((id >= 3184478) AND (id <= 3185477))

table 6 : explain SELECT SUM(k) FROM sbtest6 WHERE id BETWEEN 6849883 AND 6850882
	Aggregate  (cost=4350.94..4350.95 rows=1 width=8)
	  ->  Bitmap Heap Scan on sbtest6  (cost=39.96..4348.13 rows=1124 width=4)
	        Recheck Cond: ((id >= 6849883) AND (id <= 6850882))
	        ->  Bitmap Index Scan on sbtest6_pkey  (cost=0.00..39.68 rows=1124 width=0)
	              Index Cond: ((id >= 6849883) AND (id <= 6850882))

table 7 : explain SELECT SUM(k) FROM sbtest7 WHERE id BETWEEN 487055 AND 488054
	Aggregate  (cost=4391.71..4391.72 rows=1 width=8)
	  ->  Bitmap Heap Scan on sbtest7  (cost=40.05..4388.88 rows=1133 width=4)
	        Recheck Cond: ((id >= 487055) AND (id <= 488054))
	        ->  Bitmap Index Scan on sbtest7_pkey  (cost=0.00..39.77 rows=1133 width=0)
	              Index Cond: ((id >= 487055) AND (id <= 488054))

table 8 : explain SELECT SUM(k) FROM sbtest8 WHERE id BETWEEN 3279039 AND 3280038
	Aggregate  (cost=3838.85..3838.86 rows=1 width=8)
	  ->  Index Scan using sbtest8_pkey on sbtest8  (cost=0.43..3836.41 rows=979 width=4)
	        Index Cond: ((id >= 3279039) AND (id <= 3280038))

for: simple_ranges
table 1 : explain SELECT c FROM sbtest1 WHERE id BETWEEN 5107025 AND 5108024
	Bitmap Heap Scan on sbtest1  (cost=34.24..3715.54 rows=957 width=121)
	  Recheck Cond: ((id >= 5107025) AND (id <= 5108024))
	  ->  Bitmap Index Scan on sbtest1_pkey  (cost=0.00..34.01 rows=957 width=0)
	        Index Cond: ((id >= 5107025) AND (id <= 5108024))

table 2 : explain SELECT c FROM sbtest2 WHERE id BETWEEN 244367 AND 245366
	Bitmap Heap Scan on sbtest2  (cost=34.11..3665.54 rows=944 width=121)
	  Recheck Cond: ((id >= 244367) AND (id <= 245366))
	  ->  Bitmap Index Scan on sbtest2_pkey  (cost=0.00..33.88 rows=944 width=0)
	        Index Cond: ((id >= 244367) AND (id <= 245366))

table 3 : explain SELECT c FROM sbtest3 WHERE id BETWEEN 4875624 AND 4876623
	Bitmap Heap Scan on sbtest3  (cost=34.56..3834.37 rows=988 width=121)
	  Recheck Cond: ((id >= 4875624) AND (id <= 4876623))
	  ->  Bitmap Index Scan on sbtest3_pkey  (cost=0.00..34.32 rows=988 width=0)
	        Index Cond: ((id >= 4875624) AND (id <= 4876623))

table 4 : explain SELECT c FROM sbtest4 WHERE id BETWEEN 6614210 AND 6615209
	Bitmap Heap Scan on sbtest4  (cost=34.46..3799.21 rows=978 width=121)
	  Recheck Cond: ((id >= 6614210) AND (id <= 6615209))
	  ->  Bitmap Index Scan on sbtest4_pkey  (cost=0.00..34.22 rows=978 width=0)
	        Index Cond: ((id >= 6614210) AND (id <= 6615209))

table 5 : explain SELECT c FROM sbtest5 WHERE id BETWEEN 908652 AND 909651
	Bitmap Heap Scan on sbtest5  (cost=40.24..4446.08 rows=1152 width=121)
	  Recheck Cond: ((id >= 908652) AND (id <= 909651))
	  ->  Bitmap Index Scan on sbtest5_pkey  (cost=0.00..39.95 rows=1152 width=0)
	        Index Cond: ((id >= 908652) AND (id <= 909651))

table 6 : explain SELECT c FROM sbtest6 WHERE id BETWEEN 1668371 AND 1669370
	Bitmap Heap Scan on sbtest6  (cost=35.23..4077.07 rows=1053 width=121)
	  Recheck Cond: ((id >= 1668371) AND (id <= 1669370))
	  ->  Bitmap Index Scan on sbtest6_pkey  (cost=0.00..34.97 rows=1053 width=0)
	        Index Cond: ((id >= 1668371) AND (id <= 1669370))

table 7 : explain SELECT c FROM sbtest7 WHERE id BETWEEN 8695268 AND 8696267
	Bitmap Heap Scan on sbtest7  (cost=34.97..3988.88 rows=1028 width=121)
	  Recheck Cond: ((id >= 8695268) AND (id <= 8696267))
	  ->  Bitmap Index Scan on sbtest7_pkey  (cost=0.00..34.72 rows=1028 width=0)
	        Index Cond: ((id >= 8695268) AND (id <= 8696267))

table 8 : explain SELECT c FROM sbtest8 WHERE id BETWEEN 6232005 AND 6233004
	Index Scan using sbtest8_pkey on sbtest8  (cost=0.43..3840.30 rows=980 width=121)
	  Index Cond: ((id >= 6232005) AND (id <= 6233004))

for point_selects
table 1 : explain SELECT c FROM sbtest1 WHERE id=6548740
	Index Scan using sbtest1_pkey on sbtest1  (cost=0.43..8.45 rows=1 width=121)
	  Index Cond: (id = 6548740)

table 2 : explain SELECT c FROM sbtest2 WHERE id=5475070
	Index Scan using sbtest2_pkey on sbtest2  (cost=0.43..8.45 rows=1 width=121)
	  Index Cond: (id = 5475070)

table 3 : explain SELECT c FROM sbtest3 WHERE id=4044835
	Index Scan using sbtest3_pkey on sbtest3  (cost=0.43..8.45 rows=1 width=121)
	  Index Cond: (id = 4044835)

table 4 : explain SELECT c FROM sbtest4 WHERE id=8840467
	Index Scan using sbtest4_pkey on sbtest4  (cost=0.43..8.45 rows=1 width=121)
	  Index Cond: (id = 8840467)

table 5 : explain SELECT c FROM sbtest5 WHERE id=7469138
	Index Scan using sbtest5_pkey on sbtest5  (cost=0.43..8.45 rows=1 width=121)
	  Index Cond: (id = 7469138)

table 6 : explain SELECT c FROM sbtest6 WHERE id=1559924
	Index Scan using sbtest6_pkey on sbtest6  (cost=0.43..8.45 rows=1 width=121)
	  Index Cond: (id = 1559924)

table 7 : explain SELECT c FROM sbtest7 WHERE id=397552
	Index Scan using sbtest7_pkey on sbtest7  (cost=0.43..8.45 rows=1 width=121)
	  Index Cond: (id = 397552)

table 8 : explain SELECT c FROM sbtest8 WHERE id=7537527
	Index Scan using sbtest8_pkey on sbtest8  (cost=0.43..8.45 rows=1 width=121)
	  Index Cond: (id = 7537527)

for: simple_ranges
table 1 : explain SELECT c FROM sbtest1 WHERE id BETWEEN 2511908 AND 2512907
	Bitmap Heap Scan on sbtest1  (cost=34.97..3983.51 rows=1028 width=121)
	  Recheck Cond: ((id >= 2511908) AND (id <= 2512907))
	  ->  Bitmap Index Scan on sbtest1_pkey  (cost=0.00..34.72 rows=1028 width=0)
	        Index Cond: ((id >= 2511908) AND (id <= 2512907))

table 2 : explain SELECT c FROM sbtest2 WHERE id BETWEEN 569017 AND 570016
	Bitmap Heap Scan on sbtest2  (cost=34.28..3725.99 rows=960 width=121)
	  Recheck Cond: ((id >= 569017) AND (id <= 570016))
	  ->  Bitmap Index Scan on sbtest2_pkey  (cost=0.00..34.04 rows=960 width=0)
	        Index Cond: ((id >= 569017) AND (id <= 570016))

table 3 : explain SELECT c FROM sbtest3 WHERE id BETWEEN 9271406 AND 9272405
	Bitmap Heap Scan on sbtest3  (cost=29.61..3478.51 rows=895 width=121)
	  Recheck Cond: ((id >= 9271406) AND (id <= 9272405))
	  ->  Bitmap Index Scan on sbtest3_pkey  (cost=0.00..29.39 rows=895 width=0)
	        Index Cond: ((id >= 9271406) AND (id <= 9272405))

table 4 : explain SELECT c FROM sbtest4 WHERE id BETWEEN 636800 AND 637799
	Bitmap Heap Scan on sbtest4  (cost=34.20..3704.60 rows=953 width=121)
	  Recheck Cond: ((id >= 636800) AND (id <= 637799))
	  ->  Bitmap Index Scan on sbtest4_pkey  (cost=0.00..33.97 rows=953 width=0)
	        Index Cond: ((id >= 636800) AND (id <= 637799))

table 5 : explain SELECT c FROM sbtest5 WHERE id BETWEEN 6100476 AND 6101475
	Bitmap Heap Scan on sbtest5  (cost=33.98..3614.18 rows=931 width=121)
	  Recheck Cond: ((id >= 6100476) AND (id <= 6101475))
	  ->  Bitmap Index Scan on sbtest5_pkey  (cost=0.00..33.75 rows=931 width=0)
	        Index Cond: ((id >= 6100476) AND (id <= 6101475))

table 6 : explain SELECT c FROM sbtest6 WHERE id BETWEEN 9286453 AND 9287452
	Bitmap Heap Scan on sbtest6  (cost=34.43..3782.96 rows=975 width=121)
	  Recheck Cond: ((id >= 9286453) AND (id <= 9287452))
	  ->  Bitmap Index Scan on sbtest6_pkey  (cost=0.00..34.19 rows=975 width=0)
	        Index Cond: ((id >= 9286453) AND (id <= 9287452))

table 7 : explain SELECT c FROM sbtest7 WHERE id BETWEEN 7949985 AND 7950984
	Bitmap Heap Scan on sbtest7  (cost=33.96..3614.29 rows=929 width=121)
	  Recheck Cond: ((id >= 7949985) AND (id <= 7950984))
	  ->  Bitmap Index Scan on sbtest7_pkey  (cost=0.00..33.73 rows=929 width=0)
	        Index Cond: ((id >= 7949985) AND (id <= 7950984))

table 8 : explain SELECT c FROM sbtest8 WHERE id BETWEEN 3382009 AND 3383008
	Index Scan using sbtest8_pkey on sbtest8  (cost=0.43..3766.27 rows=961 width=121)
	  Index Cond: ((id >= 3382009) AND (id <= 3383008))

explain: for point_selects :: explain SELECT c FROM sbtest%u WHERE id=%u
explain: for point_selects :: explain SELECT c FROM sbtest%u WHERE id=%u
explain: for point_selects :: explain SELECT c FROM sbtest%u WHERE id=%u
for: order_ranges
table 1 : explain SELECT c FROM sbtest1 WHERE id BETWEEN 3453247 AND 3454246 ORDER BY c
	Sort  (cost=3920.08..3922.57 rows=998 width=121)
	  Sort Key: c
	  ->  Bitmap Heap Scan on sbtest1  (cost=34.66..3870.36 rows=998 width=121)
	        Recheck Cond: ((id >= 3453247) AND (id <= 3454246))
	        ->  Bitmap Index Scan on sbtest1_pkey  (cost=0.00..34.42 rows=998 width=0)
	              Index Cond: ((id >= 3453247) AND (id <= 3454246))

table 2 : explain SELECT c FROM sbtest2 WHERE id BETWEEN 1285133 AND 1286132 ORDER BY c
	Sort  (cost=3968.91..3971.44 rows=1011 width=121)
	  Sort Key: c
	  ->  Bitmap Heap Scan on sbtest2  (cost=34.80..3918.45 rows=1011 width=121)
	        Recheck Cond: ((id >= 1285133) AND (id <= 1286132))
	        ->  Bitmap Index Scan on sbtest2_pkey  (cost=0.00..34.55 rows=1011 width=0)
	              Index Cond: ((id >= 1285133) AND (id <= 1286132))

table 3 : explain SELECT c FROM sbtest3 WHERE id BETWEEN 9340761 AND 9341760 ORDER BY c
	Sort  (cost=3522.39..3524.63 rows=895 width=121)
	  Sort Key: c
	  ->  Bitmap Heap Scan on sbtest3  (cost=29.61..3478.51 rows=895 width=121)
	        Recheck Cond: ((id >= 9340761) AND (id <= 9341760))
	        ->  Bitmap Index Scan on sbtest3_pkey  (cost=0.00..29.39 rows=895 width=0)
	              Index Cond: ((id >= 9340761) AND (id <= 9341760))

table 4 : explain SELECT c FROM sbtest4 WHERE id BETWEEN 8428852 AND 8429851 ORDER BY c
	Sort  (cost=3671.04..3673.37 rows=932 width=121)
	  Sort Key: c
	  ->  Bitmap Heap Scan on sbtest4  (cost=33.99..3625.07 rows=932 width=121)
	        Recheck Cond: ((id >= 8428852) AND (id <= 8429851))
	        ->  Bitmap Index Scan on sbtest4_pkey  (cost=0.00..33.76 rows=932 width=0)
	              Index Cond: ((id >= 8428852) AND (id <= 8429851))

table 5 : explain SELECT c FROM sbtest5 WHERE id BETWEEN 1914687 AND 1915686 ORDER BY c
	Sort  (cost=3725.24..3727.61 rows=948 width=121)
	  Sort Key: c
	  ->  Bitmap Heap Scan on sbtest5  (cost=34.15..3678.37 rows=948 width=121)
	        Recheck Cond: ((id >= 1914687) AND (id <= 1915686))
	        ->  Bitmap Index Scan on sbtest5_pkey  (cost=0.00..33.92 rows=948 width=0)
	              Index Cond: ((id >= 1914687) AND (id <= 1915686))

table 6 : explain SELECT c FROM sbtest6 WHERE id BETWEEN 276078 AND 277077 ORDER BY c
	Sort  (cost=3700.99..3703.34 rows=941 width=121)
	  Sort Key: c
	  ->  Bitmap Heap Scan on sbtest6  (cost=34.08..3654.51 rows=941 width=121)
	        Recheck Cond: ((id >= 276078) AND (id <= 277077))
	        ->  Bitmap Index Scan on sbtest6_pkey  (cost=0.00..33.84 rows=941 width=0)
	              Index Cond: ((id >= 276078) AND (id <= 277077))

table 7 : explain SELECT c FROM sbtest7 WHERE id BETWEEN 8856173 AND 8857172 ORDER BY c
	Sort  (cost=4093.98..4096.59 rows=1042 width=121)
	  Sort Key: c
	  ->  Bitmap Heap Scan on sbtest7  (cost=35.12..4041.75 rows=1042 width=121)
	        Recheck Cond: ((id >= 8856173) AND (id <= 8857172))
	        ->  Bitmap Index Scan on sbtest7_pkey  (cost=0.00..34.86 rows=1042 width=0)
	              Index Cond: ((id >= 8856173) AND (id <= 8857172))

table 8 : explain SELECT c FROM sbtest8 WHERE id BETWEEN 8301530 AND 8302529 ORDER BY c
	Sort  (cost=4053.92..4056.50 rows=1032 width=121)
	  Sort Key: c
	  ->  Bitmap Heap Scan on sbtest8  (cost=35.01..4002.26 rows=1032 width=121)
	        Recheck Cond: ((id >= 8301530) AND (id <= 8302529))
	        ->  Bitmap Index Scan on sbtest8_pkey  (cost=0.00..34.76 rows=1032 width=0)
	              Index Cond: ((id >= 8301530) AND (id <= 8302529))

explain: for point_selects :: explain SELECT c FROM sbtest%u WHERE id=%u
explain: for point_selects :: explain SELECT c FROM sbtest%u WHERE id=%u
explain: for point_selects :: explain SELECT c FROM sbtest%u WHERE id=%u
for: distinct_ranges
table 1 : explain SELECT DISTINCT c FROM sbtest1 WHERE id BETWEEN 6749161 AND 6750160 ORDER BY c
	Unique  (cost=3785.93..3790.75 rows=963 width=121)
	  ->  Sort  (cost=3785.93..3788.34 rows=963 width=121)
	        Sort Key: c
	        ->  Bitmap Heap Scan on sbtest1  (cost=34.31..3738.21 rows=963 width=121)
	              Recheck Cond: ((id >= 6749161) AND (id <= 6750160))
	              ->  Bitmap Index Scan on sbtest1_pkey  (cost=0.00..34.07 rows=963 width=0)
	                    Index Cond: ((id >= 6749161) AND (id <= 6750160))

table 2 : explain SELECT DISTINCT c FROM sbtest2 WHERE id BETWEEN 38871 AND 39870 ORDER BY c
	Unique  (cost=4037.79..4042.93 rows=1029 width=121)
	  ->  Sort  (cost=4037.79..4040.36 rows=1029 width=121)
	        Sort Key: c
	        ->  Bitmap Heap Scan on sbtest2  (cost=34.98..3986.30 rows=1029 width=121)
	              Recheck Cond: ((id >= 38871) AND (id <= 39870))
	              ->  Bitmap Index Scan on sbtest2_pkey  (cost=0.00..34.73 rows=1029 width=0)
	                    Index Cond: ((id >= 38871) AND (id <= 39870))

table 3 : explain SELECT DISTINCT c FROM sbtest3 WHERE id BETWEEN 4937530 AND 4938529 ORDER BY c
	Unique  (cost=4143.99..4149.27 rows=1056 width=121)
	  ->  Sort  (cost=4143.99..4146.63 rows=1056 width=121)
	        Sort Key: c
	        ->  Bitmap Heap Scan on sbtest3  (cost=35.26..4090.95 rows=1056 width=121)
	              Recheck Cond: ((id >= 4937530) AND (id <= 4938529))
	              ->  Bitmap Index Scan on sbtest3_pkey  (cost=0.00..35.00 rows=1056 width=0)
	                    Index Cond: ((id >= 4937530) AND (id <= 4938529))

table 4 : explain SELECT DISTINCT c FROM sbtest4 WHERE id BETWEEN 966615 AND 967614 ORDER BY c
	Unique  (cost=3721.01..3725.74 rows=945 width=121)
	  ->  Sort  (cost=3721.01..3723.38 rows=945 width=121)
	        Sort Key: c
	        ->  Bitmap Heap Scan on sbtest4  (cost=34.12..3674.31 rows=945 width=121)
	              Recheck Cond: ((id >= 966615) AND (id <= 967614))
	              ->  Bitmap Index Scan on sbtest4_pkey  (cost=0.00..33.89 rows=945 width=0)
	                    Index Cond: ((id >= 966615) AND (id <= 967614))

table 5 : explain SELECT DISTINCT c FROM sbtest5 WHERE id BETWEEN 6394577 AND 6395576 ORDER BY c
	Unique  (cost=3901.37..3906.34 rows=994 width=121)
	  ->  Sort  (cost=3901.37..3903.85 rows=994 width=121)
	        Sort Key: c
	        ->  Bitmap Heap Scan on sbtest5  (cost=34.62..3851.88 rows=994 width=121)
	              Recheck Cond: ((id >= 6394577) AND (id <= 6395576))
	              ->  Bitmap Index Scan on sbtest5_pkey  (cost=0.00..34.38 rows=994 width=0)
	                    Index Cond: ((id >= 6394577) AND (id <= 6395576))

table 6 : explain SELECT DISTINCT c FROM sbtest6 WHERE id BETWEEN 9806587 AND 9807586 ORDER BY c
	Unique  (cost=4015.18..4020.30 rows=1023 width=121)
	  ->  Sort  (cost=4015.18..4017.74 rows=1023 width=121)
	        Sort Key: c
	        ->  Bitmap Heap Scan on sbtest6  (cost=34.92..3964.04 rows=1023 width=121)
	              Recheck Cond: ((id >= 9806587) AND (id <= 9807586))
	              ->  Bitmap Index Scan on sbtest6_pkey  (cost=0.00..34.67 rows=1023 width=0)
	                    Index Cond: ((id >= 9806587) AND (id <= 9807586))

table 7 : explain SELECT DISTINCT c FROM sbtest7 WHERE id BETWEEN 4062782 AND 4063781 ORDER BY c
	Unique  (cost=3932.88..3937.88 rows=1000 width=121)
	  ->  Sort  (cost=3932.88..3935.38 rows=1000 width=121)
	        Sort Key: c
	        ->  Bitmap Heap Scan on sbtest7  (cost=34.69..3883.05 rows=1000 width=121)
	              Recheck Cond: ((id >= 4062782) AND (id <= 4063781))
	              ->  Bitmap Index Scan on sbtest7_pkey  (cost=0.00..34.44 rows=1000 width=0)
	                    Index Cond: ((id >= 4062782) AND (id <= 4063781))

table 8 : explain SELECT DISTINCT c FROM sbtest8 WHERE id BETWEEN 5354800 AND 5355799 ORDER BY c
	Unique  (cost=3782.22..3786.99 rows=953 width=121)
	  ->  Sort  (cost=3782.22..3784.60 rows=953 width=121)
	        Sort Key: c
	        ->  Index Scan using sbtest8_pkey on sbtest8  (cost=0.43..3735.06 rows=953 width=121)
	              Index Cond: ((id >= 5354800) AND (id <= 5355799))

for point_selects
table 1 : explain SELECT c FROM sbtest1 WHERE id=5940328
	Index Scan using sbtest1_pkey on sbtest1  (cost=0.43..8.45 rows=1 width=121)
	  Index Cond: (id = 5940328)

table 2 : explain SELECT c FROM sbtest2 WHERE id=6875388
	Index Scan using sbtest2_pkey on sbtest2  (cost=0.43..8.45 rows=1 width=121)
	  Index Cond: (id = 6875388)

table 3 : explain SELECT c FROM sbtest3 WHERE id=4116391
	Index Scan using sbtest3_pkey on sbtest3  (cost=0.43..8.45 rows=1 width=121)
	  Index Cond: (id = 4116391)

table 4 : explain SELECT c FROM sbtest4 WHERE id=4244287
	Index Scan using sbtest4_pkey on sbtest4  (cost=0.43..8.45 rows=1 width=121)
	  Index Cond: (id = 4244287)

table 5 : explain SELECT c FROM sbtest5 WHERE id=2273744
	Index Scan using sbtest5_pkey on sbtest5  (cost=0.43..8.45 rows=1 width=121)
	  Index Cond: (id = 2273744)

table 6 : explain SELECT c FROM sbtest6 WHERE id=8256530
	Index Scan using sbtest6_pkey on sbtest6  (cost=0.43..8.45 rows=1 width=121)
	  Index Cond: (id = 8256530)

table 7 : explain SELECT c FROM sbtest7 WHERE id=5925899
	Index Scan using sbtest7_pkey on sbtest7  (cost=0.43..8.45 rows=1 width=121)
	  Index Cond: (id = 5925899)

table 8 : explain SELECT c FROM sbtest8 WHERE id=3601331
	Index Scan using sbtest8_pkey on sbtest8  (cost=0.43..8.45 rows=1 width=121)
	  Index Cond: (id = 3601331)

for: sum_ranges
table 1 : explain SELECT SUM(k) FROM sbtest1 WHERE id BETWEEN 9877970 AND 9878969
	Aggregate  (cost=3706.59..3706.60 rows=1 width=8)
	  ->  Bitmap Heap Scan on sbtest1  (cost=34.21..3704.20 rows=954 width=4)
	        Recheck Cond: ((id >= 9877970) AND (id <= 9878969))
	        ->  Bitmap Index Scan on sbtest1_pkey  (cost=0.00..33.98 rows=954 width=0)
	              Index Cond: ((id >= 9877970) AND (id <= 9878969))

table 2 : explain SELECT SUM(k) FROM sbtest2 WHERE id BETWEEN 2581754 AND 2582753
	Aggregate  (cost=4094.41..4094.42 rows=1 width=8)
	  ->  Bitmap Heap Scan on sbtest2  (cost=35.27..4091.77 rows=1057 width=4)
	        Recheck Cond: ((id >= 2581754) AND (id <= 2582753))
	        ->  Bitmap Index Scan on sbtest2_pkey  (cost=0.00..35.01 rows=1057 width=0)
	              Index Cond: ((id >= 2581754) AND (id <= 2582753))

table 3 : explain SELECT SUM(k) FROM sbtest3 WHERE id BETWEEN 834433 AND 835432
	Aggregate  (cost=4112.45..4112.46 rows=1 width=8)
	  ->  Bitmap Heap Scan on sbtest3  (cost=35.31..4109.79 rows=1061 width=4)
	        Recheck Cond: ((id >= 834433) AND (id <= 835432))
	        ->  Bitmap Index Scan on sbtest3_pkey  (cost=0.00..35.05 rows=1061 width=0)
	              Index Cond: ((id >= 834433) AND (id <= 835432))

table 4 : explain SELECT SUM(k) FROM sbtest4 WHERE id BETWEEN 1890643 AND 1891642
	Aggregate  (cost=4047.44..4047.45 rows=1 width=8)
	  ->  Bitmap Heap Scan on sbtest4  (cost=35.13..4044.83 rows=1043 width=4)
	        Recheck Cond: ((id >= 1890643) AND (id <= 1891642))
	        ->  Bitmap Index Scan on sbtest4_pkey  (cost=0.00..34.87 rows=1043 width=0)
	              Index Cond: ((id >= 1890643) AND (id <= 1891642))

table 5 : explain SELECT SUM(k) FROM sbtest5 WHERE id BETWEEN 2717624 AND 2718623
	Aggregate  (cost=3876.99..3877.00 rows=1 width=8)
	  ->  Bitmap Heap Scan on sbtest5  (cost=34.69..3874.49 rows=1000 width=4)
	        Recheck Cond: ((id >= 2717624) AND (id <= 2718623))
	        ->  Bitmap Index Scan on sbtest5_pkey  (cost=0.00..34.44 rows=1000 width=0)
	              Index Cond: ((id >= 2717624) AND (id <= 2718623))

table 6 : explain SELECT SUM(k) FROM sbtest6 WHERE id BETWEEN 3737915 AND 3738914
	Aggregate  (cost=4087.24..4087.25 rows=1 width=8)
	  ->  Bitmap Heap Scan on sbtest6  (cost=35.25..4084.60 rows=1055 width=4)
	        Recheck Cond: ((id >= 3737915) AND (id <= 3738914))
	        ->  Bitmap Index Scan on sbtest6_pkey  (cost=0.00..34.98 rows=1055 width=0)
	              Index Cond: ((id >= 3737915) AND (id <= 3738914))

table 7 : explain SELECT SUM(k) FROM sbtest7 WHERE id BETWEEN 3602695 AND 3603694
	Aggregate  (cost=3601.44..3601.45 rows=1 width=8)
	  ->  Bitmap Heap Scan on sbtest7  (cost=33.92..3599.13 rows=925 width=4)
	        Recheck Cond: ((id >= 3602695) AND (id <= 3603694))
	        ->  Bitmap Index Scan on sbtest7_pkey  (cost=0.00..33.69 rows=925 width=0)
	              Index Cond: ((id >= 3602695) AND (id <= 3603694))

table 8 : explain SELECT SUM(k) FROM sbtest8 WHERE id BETWEEN 9984496 AND 9985495
	Aggregate  (cost=3760.84..3760.85 rows=1 width=8)
	  ->  Index Scan using sbtest8_pkey on sbtest8  (cost=0.43..3758.44 rows=959 width=4)
	        Index Cond: ((id >= 9984496) AND (id <= 9985495))

for: sum_ranges
table 1 : explain SELECT SUM(k) FROM sbtest1 WHERE id BETWEEN 9995795 AND 9996794
	Aggregate  (cost=3680.11..3680.12 rows=1 width=8)
	  ->  Bitmap Heap Scan on sbtest1  (cost=34.14..3677.74 rows=947 width=4)
	        Recheck Cond: ((id >= 9995795) AND (id <= 9996794))
	        ->  Bitmap Index Scan on sbtest1_pkey  (cost=0.00..33.91 rows=947 width=0)
	              Index Cond: ((id >= 9995795) AND (id <= 9996794))

table 2 : explain SELECT SUM(k) FROM sbtest2 WHERE id BETWEEN 9938097 AND 9939096
	Aggregate  (cost=4079.34..4079.35 rows=1 width=8)
	  ->  Bitmap Heap Scan on sbtest2  (cost=35.23..4076.71 rows=1053 width=4)
	        Recheck Cond: ((id >= 9938097) AND (id <= 9939096))
	        ->  Bitmap Index Scan on sbtest2_pkey  (cost=0.00..34.97 rows=1053 width=0)
	              Index Cond: ((id >= 9938097) AND (id <= 9939096))

table 3 : explain SELECT SUM(k) FROM sbtest3 WHERE id BETWEEN 3197392 AND 3198391
	Aggregate  (cost=3621.17..3621.18 rows=1 width=8)
	  ->  Bitmap Heap Scan on sbtest3  (cost=33.98..3618.84 rows=931 width=4)
	        Recheck Cond: ((id >= 3197392) AND (id <= 3198391))
	        ->  Bitmap Index Scan on sbtest3_pkey  (cost=0.00..33.75 rows=931 width=0)
	              Index Cond: ((id >= 3197392) AND (id <= 3198391))

table 4 : explain SELECT SUM(k) FROM sbtest4 WHERE id BETWEEN 8437164 AND 8438163
	Aggregate  (cost=3627.40..3627.41 rows=1 width=8)
	  ->  Bitmap Heap Scan on sbtest4  (cost=33.99..3625.07 rows=932 width=4)
	        Recheck Cond: ((id >= 8437164) AND (id <= 8438163))
	        ->  Bitmap Index Scan on sbtest4_pkey  (cost=0.00..33.76 rows=932 width=0)
	              Index Cond: ((id >= 8437164) AND (id <= 8438163))

table 5 : explain SELECT SUM(k) FROM sbtest5 WHERE id BETWEEN 8306452 AND 8307451
	Aggregate  (cost=3993.82..3993.83 rows=1 width=8)
	  ->  Bitmap Heap Scan on sbtest5  (cost=35.00..3991.24 rows=1031 width=4)
	        Recheck Cond: ((id >= 8306452) AND (id <= 8307451))
	        ->  Bitmap Index Scan on sbtest5_pkey  (cost=0.00..34.75 rows=1031 width=0)
	              Index Cond: ((id >= 8306452) AND (id <= 8307451))

table 6 : explain SELECT SUM(k) FROM sbtest6 WHERE id BETWEEN 5081210 AND 5082209
	Aggregate  (cost=3584.97..3584.98 rows=1 width=8)
	  ->  Bitmap Heap Scan on sbtest6  (cost=33.89..3582.67 rows=922 width=4)
	        Recheck Cond: ((id >= 5081210) AND (id <= 5082209))
	        ->  Bitmap Index Scan on sbtest6_pkey  (cost=0.00..33.66 rows=922 width=0)
	              Index Cond: ((id >= 5081210) AND (id <= 5082209))

table 7 : explain SELECT SUM(k) FROM sbtest7 WHERE id BETWEEN 5373374 AND 5374373
	Aggregate  (cost=3620.40..3620.41 rows=1 width=8)
	  ->  Bitmap Heap Scan on sbtest7  (cost=33.97..3618.08 rows=930 width=4)
	        Recheck Cond: ((id >= 5373374) AND (id <= 5374373))
	        ->  Bitmap Index Scan on sbtest7_pkey  (cost=0.00..33.73 rows=930 width=0)
	              Index Cond: ((id >= 5373374) AND (id <= 5374373))

table 8 : explain SELECT SUM(k) FROM sbtest8 WHERE id BETWEEN 345633 AND 346632
	Aggregate  (cost=3772.57..3772.58 rows=1 width=8)
	  ->  Index Scan using sbtest8_pkey on sbtest8  (cost=0.43..3770.16 rows=962 width=4)
	        Index Cond: ((id >= 345633) AND (id <= 346632))

for: order_ranges
table 1 : explain SELECT c FROM sbtest1 WHERE id BETWEEN 2329011 AND 2330010 ORDER BY c
	Sort  (cost=4073.21..4075.80 rows=1038 width=121)
	  Sort Key: c
	  ->  Bitmap Heap Scan on sbtest1  (cost=35.07..4021.20 rows=1038 width=121)
	        Recheck Cond: ((id >= 2329011) AND (id <= 2330010))
	        ->  Bitmap Index Scan on sbtest1_pkey  (cost=0.00..34.82 rows=1038 width=0)
	              Index Cond: ((id >= 2329011) AND (id <= 2330010))

table 2 : explain SELECT c FROM sbtest2 WHERE id BETWEEN 1273625 AND 1274624 ORDER BY c
	Sort  (cost=3968.91..3971.44 rows=1011 width=121)
	  Sort Key: c
	  ->  Bitmap Heap Scan on sbtest2  (cost=34.80..3918.45 rows=1011 width=121)
	        Recheck Cond: ((id >= 1273625) AND (id <= 1274624))
	        ->  Bitmap Index Scan on sbtest2_pkey  (cost=0.00..34.55 rows=1011 width=0)
	              Index Cond: ((id >= 1273625) AND (id <= 1274624))

table 3 : explain SELECT c FROM sbtest3 WHERE id BETWEEN 9240702 AND 9241701 ORDER BY c
	Sort  (cost=4055.94..4058.53 rows=1033 width=121)
	  Sort Key: c
	  ->  Bitmap Heap Scan on sbtest3  (cost=35.02..4004.23 rows=1033 width=121)
	        Recheck Cond: ((id >= 9240702) AND (id <= 9241701))
	        ->  Bitmap Index Scan on sbtest3_pkey  (cost=0.00..34.77 rows=1033 width=0)
	              Index Cond: ((id >= 9240702) AND (id <= 9241701))

table 4 : explain SELECT c FROM sbtest4 WHERE id BETWEEN 4409705 AND 4410704 ORDER BY c
	Sort  (cost=3509.29..3511.51 rows=891 width=121)
	  Sort Key: c
	  ->  Bitmap Heap Scan on sbtest4  (cost=29.57..3465.63 rows=891 width=121)
	        Recheck Cond: ((id >= 4409705) AND (id <= 4410704))
	        ->  Bitmap Index Scan on sbtest4_pkey  (cost=0.00..29.34 rows=891 width=0)
	              Index Cond: ((id >= 4409705) AND (id <= 4410704))

table 5 : explain SELECT c FROM sbtest5 WHERE id BETWEEN 2040229 AND 2041228 ORDER BY c
	Sort  (cost=3429.67..3431.85 rows=872 width=121)
	  Sort Key: c
	  ->  Bitmap Heap Scan on sbtest5  (cost=29.37..3387.08 rows=872 width=121)
	        Recheck Cond: ((id >= 2040229) AND (id <= 2041228))
	        ->  Bitmap Index Scan on sbtest5_pkey  (cost=0.00..29.15 rows=872 width=0)
	              Index Cond: ((id >= 2040229) AND (id <= 2041228))

table 6 : explain SELECT c FROM sbtest6 WHERE id BETWEEN 5107644 AND 5108643 ORDER BY c
	Sort  (cost=3839.03..3841.47 rows=977 width=121)
	  Sort Key: c
	  ->  Bitmap Heap Scan on sbtest6  (cost=34.45..3790.51 rows=977 width=121)
	        Recheck Cond: ((id >= 5107644) AND (id <= 5108643))
	        ->  Bitmap Index Scan on sbtest6_pkey  (cost=0.00..34.20 rows=977 width=0)
	              Index Cond: ((id >= 5107644) AND (id <= 5108643))

table 7 : explain SELECT c FROM sbtest7 WHERE id BETWEEN 7468972 AND 7469971 ORDER BY c
	Sort  (cost=3955.91..3958.42 rows=1006 width=121)
	  Sort Key: c
	  ->  Bitmap Heap Scan on sbtest7  (cost=34.75..3905.74 rows=1006 width=121)
	        Recheck Cond: ((id >= 7468972) AND (id <= 7469971))
	        ->  Bitmap Index Scan on sbtest7_pkey  (cost=0.00..34.50 rows=1006 width=0)
	              Index Cond: ((id >= 7468972) AND (id <= 7469971))

table 8 : explain SELECT c FROM sbtest8 WHERE id BETWEEN 139022 AND 140021 ORDER BY c
	Sort  (cost=3841.55..3843.97 rows=968 width=121)
	  Sort Key: c
	  ->  Index Scan using sbtest8_pkey on sbtest8  (cost=0.43..3793.54 rows=968 width=121)
	        Index Cond: ((id >= 139022) AND (id <= 140021))

for point_selects
table 1 : explain SELECT c FROM sbtest1 WHERE id=6769648
	Index Scan using sbtest1_pkey on sbtest1  (cost=0.43..8.45 rows=1 width=121)
	  Index Cond: (id = 6769648)

table 2 : explain SELECT c FROM sbtest2 WHERE id=4943414
	Index Scan using sbtest2_pkey on sbtest2  (cost=0.43..8.45 rows=1 width=121)
	  Index Cond: (id = 4943414)

table 3 : explain SELECT c FROM sbtest3 WHERE id=8072780
	Index Scan using sbtest3_pkey on sbtest3  (cost=0.43..8.45 rows=1 width=121)
	  Index Cond: (id = 8072780)

table 4 : explain SELECT c FROM sbtest4 WHERE id=2937213
	Index Scan using sbtest4_pkey on sbtest4  (cost=0.43..8.45 rows=1 width=121)
	  Index Cond: (id = 2937213)

table 5 : explain SELECT c FROM sbtest5 WHERE id=9729408
	Index Scan using sbtest5_pkey on sbtest5  (cost=0.43..8.45 rows=1 width=121)
	  Index Cond: (id = 9729408)

table 6 : explain SELECT c FROM sbtest6 WHERE id=8246465
	Index Scan using sbtest6_pkey on sbtest6  (cost=0.43..8.45 rows=1 width=121)
	  Index Cond: (id = 8246465)

table 7 : explain SELECT c FROM sbtest7 WHERE id=4653288
	Index Scan using sbtest7_pkey on sbtest7  (cost=0.43..8.45 rows=1 width=121)
	  Index Cond: (id = 4653288)

table 8 : explain SELECT c FROM sbtest8 WHERE id=3040159
	Index Scan using sbtest8_pkey on sbtest8  (cost=0.43..8.45 rows=1 width=121)
	  Index Cond: (id = 3040159)

explain: for point_selects :: explain SELECT c FROM sbtest%u WHERE id=%u
explain: for point_selects :: explain SELECT c FROM sbtest%u WHERE id=%u
for point_selects
table 1 : explain SELECT c FROM sbtest1 WHERE id=4606174
	Index Scan using sbtest1_pkey on sbtest1  (cost=0.43..8.45 rows=1 width=121)
	  Index Cond: (id = 4606174)

table 2 : explain SELECT c FROM sbtest2 WHERE id=1441983
	Index Scan using sbtest2_pkey on sbtest2  (cost=0.43..8.45 rows=1 width=121)
	  Index Cond: (id = 1441983)

table 3 : explain SELECT c FROM sbtest3 WHERE id=1206458
	Index Scan using sbtest3_pkey on sbtest3  (cost=0.43..8.45 rows=1 width=121)
	  Index Cond: (id = 1206458)

table 4 : explain SELECT c FROM sbtest4 WHERE id=3009285
	Index Scan using sbtest4_pkey on sbtest4  (cost=0.43..8.45 rows=1 width=121)
	  Index Cond: (id = 3009285)

table 5 : explain SELECT c FROM sbtest5 WHERE id=4006667
	Index Scan using sbtest5_pkey on sbtest5  (cost=0.43..8.45 rows=1 width=121)
	  Index Cond: (id = 4006667)

table 6 : explain SELECT c FROM sbtest6 WHERE id=1526227
	Index Scan using sbtest6_pkey on sbtest6  (cost=0.43..8.45 rows=1 width=121)
	  Index Cond: (id = 1526227)

table 7 : explain SELECT c FROM sbtest7 WHERE id=1081941
	Index Scan using sbtest7_pkey on sbtest7  (cost=0.43..8.45 rows=1 width=121)
	  Index Cond: (id = 1081941)

table 8 : explain SELECT c FROM sbtest8 WHERE id=1639818
	Index Scan using sbtest8_pkey on sbtest8  (cost=0.43..8.45 rows=1 width=121)
	  Index Cond: (id = 1639818)

for: simple_ranges
table 1 : explain SELECT c FROM sbtest1 WHERE id BETWEEN 553770 AND 554769
	Bitmap Heap Scan on sbtest1  (cost=34.62..3855.27 rows=994 width=121)
	  Recheck Cond: ((id >= 553770) AND (id <= 554769))
	  ->  Bitmap Index Scan on sbtest1_pkey  (cost=0.00..34.38 rows=994 width=0)
	        Index Cond: ((id >= 553770) AND (id <= 554769))

table 2 : explain SELECT c FROM sbtest2 WHERE id BETWEEN 3061120 AND 3062119
	Bitmap Heap Scan on sbtest2  (cost=34.77..3907.14 rows=1008 width=121)
	  Recheck Cond: ((id >= 3061120) AND (id <= 3062119))
	  ->  Bitmap Index Scan on sbtest2_pkey  (cost=0.00..34.52 rows=1008 width=0)
	        Index Cond: ((id >= 3061120) AND (id <= 3062119))

table 3 : explain SELECT c FROM sbtest3 WHERE id BETWEEN 1564631 AND 1565630
	Bitmap Heap Scan on sbtest3  (cost=34.62..3857.03 rows=994 width=121)
	  Recheck Cond: ((id >= 1564631) AND (id <= 1565630))
	  ->  Bitmap Index Scan on sbtest3_pkey  (cost=0.00..34.38 rows=994 width=0)
	        Index Cond: ((id >= 1564631) AND (id <= 1565630))

table 4 : explain SELECT c FROM sbtest4 WHERE id BETWEEN 9153901 AND 9154900
	Bitmap Heap Scan on sbtest4  (cost=34.91..3965.53 rows=1022 width=121)
	  Recheck Cond: ((id >= 9153901) AND (id <= 9154900))
	  ->  Bitmap Index Scan on sbtest4_pkey  (cost=0.00..34.66 rows=1022 width=0)
	        Index Cond: ((id >= 9153901) AND (id <= 9154900))

table 5 : explain SELECT c FROM sbtest5 WHERE id BETWEEN 831191 AND 832190
	Bitmap Heap Scan on sbtest5  (cost=34.90..3953.59 rows=1021 width=121)
	  Recheck Cond: ((id >= 831191) AND (id <= 832190))
	  ->  Bitmap Index Scan on sbtest5_pkey  (cost=0.00..34.65 rows=1021 width=0)
	        Index Cond: ((id >= 831191) AND (id <= 832190))

table 6 : explain SELECT c FROM sbtest6 WHERE id BETWEEN 4299266 AND 4300265
	Bitmap Heap Scan on sbtest6  (cost=29.54..3449.98 rows=888 width=121)
	  Recheck Cond: ((id >= 4299266) AND (id <= 4300265))
	  ->  Bitmap Index Scan on sbtest6_pkey  (cost=0.00..29.32 rows=888 width=0)
	        Index Cond: ((id >= 4299266) AND (id <= 4300265))

table 7 : explain SELECT c FROM sbtest7 WHERE id BETWEEN 1240075 AND 1241074
	Bitmap Heap Scan on sbtest7  (cost=29.44..3420.63 rows=879 width=121)
	  Recheck Cond: ((id >= 1240075) AND (id <= 1241074))
	  ->  Bitmap Index Scan on sbtest7_pkey  (cost=0.00..29.22 rows=879 width=0)
	        Index Cond: ((id >= 1240075) AND (id <= 1241074))

table 8 : explain SELECT c FROM sbtest8 WHERE id BETWEEN 6790669 AND 6791668
	Bitmap Heap Scan on sbtest8  (cost=35.20..4070.19 rows=1050 width=121)
	  Recheck Cond: ((id >= 6790669) AND (id <= 6791668))
	  ->  Bitmap Index Scan on sbtest8_pkey  (cost=0.00..34.94 rows=1050 width=0)
	        Index Cond: ((id >= 6790669) AND (id <= 6791668))

for: sum_ranges
table 1 : explain SELECT SUM(k) FROM sbtest1 WHERE id BETWEEN 5511580 AND 5512579
	Aggregate  (cost=3691.46..3691.47 rows=1 width=8)
	  ->  Bitmap Heap Scan on sbtest1  (cost=34.17..3689.08 rows=950 width=4)
	        Recheck Cond: ((id >= 5511580) AND (id <= 5512579))
	        ->  Bitmap Index Scan on sbtest1_pkey  (cost=0.00..33.94 rows=950 width=0)
	              Index Cond: ((id >= 5511580) AND (id <= 5512579))

table 2 : explain SELECT SUM(k) FROM sbtest2 WHERE id BETWEEN 2111773 AND 2112772
	Aggregate  (cost=4117.01..4117.02 rows=1 width=8)
	  ->  Bitmap Heap Scan on sbtest2  (cost=35.33..4114.35 rows=1063 width=4)
	        Recheck Cond: ((id >= 2111773) AND (id <= 2112772))
	        ->  Bitmap Index Scan on sbtest2_pkey  (cost=0.00..35.07 rows=1063 width=0)
	              Index Cond: ((id >= 2111773) AND (id <= 2112772))

table 3 : explain SELECT SUM(k) FROM sbtest3 WHERE id BETWEEN 9053934 AND 9054933
	Aggregate  (cost=3969.06..3969.07 rows=1 width=8)
	  ->  Bitmap Heap Scan on sbtest3  (cost=34.92..3966.50 rows=1023 width=4)
	        Recheck Cond: ((id >= 9053934) AND (id <= 9054933))
	        ->  Bitmap Index Scan on sbtest3_pkey  (cost=0.00..34.67 rows=1023 width=0)
	              Index Cond: ((id >= 9053934) AND (id <= 9054933))

table 4 : explain SELECT SUM(k) FROM sbtest4 WHERE id BETWEEN 8830717 AND 8831716
	Aggregate  (cost=3949.19..3949.20 rows=1 width=8)
	  ->  Bitmap Heap Scan on sbtest4  (cost=34.86..3946.65 rows=1017 width=4)
	        Recheck Cond: ((id >= 8830717) AND (id <= 8831716))
	        ->  Bitmap Index Scan on sbtest4_pkey  (cost=0.00..34.61 rows=1017 width=0)
	              Index Cond: ((id >= 8830717) AND (id <= 8831716))

table 5 : explain SELECT SUM(k) FROM sbtest5 WHERE id BETWEEN 2978624 AND 2979623
	Aggregate  (cost=3861.91..3861.92 rows=1 width=8)
	  ->  Bitmap Heap Scan on sbtest5  (cost=34.64..3859.42 rows=996 width=4)
	        Recheck Cond: ((id >= 2978624) AND (id <= 2979623))
	        ->  Bitmap Index Scan on sbtest5_pkey  (cost=0.00..34.40 rows=996 width=0)
	              Index Cond: ((id >= 2978624) AND (id <= 2979623))

table 6 : explain SELECT SUM(k) FROM sbtest6 WHERE id BETWEEN 4662263 AND 4663262
	Aggregate  (cost=4136.21..4136.22 rows=1 width=8)
	  ->  Bitmap Heap Scan on sbtest6  (cost=35.38..4133.54 rows=1068 width=4)
	        Recheck Cond: ((id >= 4662263) AND (id <= 4663262))
	        ->  Bitmap Index Scan on sbtest6_pkey  (cost=0.00..35.12 rows=1068 width=0)
	              Index Cond: ((id >= 4662263) AND (id <= 4663262))

table 7 : explain SELECT SUM(k) FROM sbtest7 WHERE id BETWEEN 5198812 AND 5199811
	Aggregate  (cost=3790.93..3790.94 rows=1 width=8)
	  ->  Bitmap Heap Scan on sbtest7  (cost=34.43..3788.49 rows=975 width=4)
	        Recheck Cond: ((id >= 5198812) AND (id <= 5199811))
	        ->  Bitmap Index Scan on sbtest7_pkey  (cost=0.00..34.19 rows=975 width=0)
	              Index Cond: ((id >= 5198812) AND (id <= 5199811))

table 8 : explain SELECT SUM(k) FROM sbtest8 WHERE id BETWEEN 6723043 AND 6724042
	Aggregate  (cost=3975.35..3975.36 rows=1 width=8)
	  ->  Index Scan using sbtest8_pkey on sbtest8  (cost=0.43..3972.82 rows=1014 width=4)
	        Index Cond: ((id >= 6723043) AND (id <= 6724042))

for: order_ranges
table 1 : explain SELECT c FROM sbtest1 WHERE id BETWEEN 2201794 AND 2202793 ORDER BY c
	Sort  (cost=4103.81..4106.42 rows=1046 width=121)
	  Sort Key: c
	  ->  Bitmap Heap Scan on sbtest1  (cost=35.16..4051.35 rows=1046 width=121)
	        Recheck Cond: ((id >= 2201794) AND (id <= 2202793))
	        ->  Bitmap Index Scan on sbtest1_pkey  (cost=0.00..34.90 rows=1046 width=0)
	              Index Cond: ((id >= 2201794) AND (id <= 2202793))

table 2 : explain SELECT c FROM sbtest2 WHERE id BETWEEN 6522926 AND 6523925 ORDER BY c
	Sort  (cost=3800.38..3802.80 rows=967 width=121)
	  Sort Key: c
	  ->  Bitmap Heap Scan on sbtest2  (cost=34.35..3752.43 rows=967 width=121)
	        Recheck Cond: ((id >= 6522926) AND (id <= 6523925))
	        ->  Bitmap Index Scan on sbtest2_pkey  (cost=0.00..34.11 rows=967 width=0)
	              Index Cond: ((id >= 6522926) AND (id <= 6523925))

table 3 : explain SELECT c FROM sbtest3 WHERE id BETWEEN 6653080 AND 6654079 ORDER BY c
	Sort  (cost=3399.26..3401.42 rows=863 width=121)
	  Sort Key: c
	  ->  Bitmap Heap Scan on sbtest3  (cost=29.28..3357.18 rows=863 width=121)
	        Recheck Cond: ((id >= 6653080) AND (id <= 6654079))
	        ->  Bitmap Index Scan on sbtest3_pkey  (cost=0.00..29.07 rows=863 width=0)
	              Index Cond: ((id >= 6653080) AND (id <= 6654079))

table 4 : explain SELECT c FROM sbtest4 WHERE id BETWEEN 5849307 AND 5850306 ORDER BY c
	Sort  (cost=3920.72..3923.21 rows=997 width=121)
	  Sort Key: c
	  ->  Bitmap Heap Scan on sbtest4  (cost=34.65..3871.06 rows=997 width=121)
	        Recheck Cond: ((id >= 5849307) AND (id <= 5850306))
	        ->  Bitmap Index Scan on sbtest4_pkey  (cost=0.00..34.41 rows=997 width=0)
	              Index Cond: ((id >= 5849307) AND (id <= 5850306))

table 5 : explain SELECT c FROM sbtest5 WHERE id BETWEEN 6750214 AND 6751213 ORDER BY c
	Sort  (cost=3943.44..3945.96 rows=1005 width=121)
	  Sort Key: c
	  ->  Bitmap Heap Scan on sbtest5  (cost=34.74..3893.33 rows=1005 width=121)
	        Recheck Cond: ((id >= 6750214) AND (id <= 6751213))
	        ->  Bitmap Index Scan on sbtest5_pkey  (cost=0.00..34.48 rows=1005 width=0)
	              Index Cond: ((id >= 6750214) AND (id <= 6751213))

table 6 : explain SELECT c FROM sbtest6 WHERE id BETWEEN 4403500 AND 4404499 ORDER BY c
	Sort  (cost=4221.65..4224.35 rows=1077 width=121)
	  Sort Key: c
	  ->  Bitmap Heap Scan on sbtest6  (cost=35.47..4167.41 rows=1077 width=121)
	        Recheck Cond: ((id >= 4403500) AND (id <= 4404499))
	        ->  Bitmap Index Scan on sbtest6_pkey  (cost=0.00..35.20 rows=1077 width=0)
	              Index Cond: ((id >= 4403500) AND (id <= 4404499))

table 7 : explain SELECT c FROM sbtest7 WHERE id BETWEEN 9911575 AND 9912574 ORDER BY c
	Sort  (cost=4366.04..4368.82 rows=1112 width=121)
	  Sort Key: c
	  ->  Bitmap Heap Scan on sbtest7  (cost=39.83..4309.78 rows=1112 width=121)
	        Recheck Cond: ((id >= 9911575) AND (id <= 9912574))
	        ->  Bitmap Index Scan on sbtest7_pkey  (cost=0.00..39.56 rows=1112 width=0)
	              Index Cond: ((id >= 9911575) AND (id <= 9912574))

table 8 : explain SELECT c FROM sbtest8 WHERE id BETWEEN 5576581 AND 5577580 ORDER BY c
	Sort  (cost=4367.94..4370.72 rows=1113 width=121)
	  Sort Key: c
	  ->  Bitmap Heap Scan on sbtest8  (cost=39.84..4311.62 rows=1113 width=121)
	        Recheck Cond: ((id >= 5576581) AND (id <= 5577580))
	        ->  Bitmap Index Scan on sbtest8_pkey  (cost=0.00..39.57 rows=1113 width=0)
	              Index Cond: ((id >= 5576581) AND (id <= 5577580))

for: distinct_ranges
table 1 : explain SELECT DISTINCT c FROM sbtest1 WHERE id BETWEEN 5190775 AND 5191774 ORDER BY c
	Unique  (cost=3920.08..3925.07 rows=998 width=121)
	  ->  Sort  (cost=3920.08..3922.57 rows=998 width=121)
	        Sort Key: c
	        ->  Bitmap Heap Scan on sbtest1  (cost=34.66..3870.36 rows=998 width=121)
	              Recheck Cond: ((id >= 5190775) AND (id <= 5191774))
	              ->  Bitmap Index Scan on sbtest1_pkey  (cost=0.00..34.42 rows=998 width=0)
	                    Index Cond: ((id >= 5190775) AND (id <= 5191774))

table 2 : explain SELECT DISTINCT c FROM sbtest2 WHERE id BETWEEN 2085295 AND 2086294 ORDER BY c
	Unique  (cost=4167.79..4173.10 rows=1063 width=121)
	  ->  Sort  (cost=4167.79..4170.45 rows=1063 width=121)
	        Sort Key: c
	        ->  Bitmap Heap Scan on sbtest2  (cost=35.33..4114.35 rows=1063 width=121)
	              Recheck Cond: ((id >= 2085295) AND (id <= 2086294))
	              ->  Bitmap Index Scan on sbtest2_pkey  (cost=0.00..35.07 rows=1063 width=0)
	                    Index Cond: ((id >= 2085295) AND (id <= 2086294))

table 3 : explain SELECT DISTINCT c FROM sbtest3 WHERE id BETWEEN 8849465 AND 8850464 ORDER BY c
	Unique  (cost=3668.60..3673.26 rows=932 width=121)
	  ->  Sort  (cost=3668.60..3670.93 rows=932 width=121)
	        Sort Key: c
	        ->  Bitmap Heap Scan on sbtest3  (cost=33.99..3622.63 rows=932 width=121)
	              Recheck Cond: ((id >= 8849465) AND (id <= 8850464))
	              ->  Bitmap Index Scan on sbtest3_pkey  (cost=0.00..33.76 rows=932 width=0)
	                    Index Cond: ((id >= 8849465) AND (id <= 8850464))

table 4 : explain SELECT DISTINCT c FROM sbtest4 WHERE id BETWEEN 9051037 AND 9052036 ORDER BY c
	Unique  (cost=3543.93..3548.43 rows=900 width=121)
	  ->  Sort  (cost=3543.93..3546.18 rows=900 width=121)
	        Sort Key: c
	        ->  Bitmap Heap Scan on sbtest4  (cost=29.66..3499.77 rows=900 width=121)
	              Recheck Cond: ((id >= 9051037) AND (id <= 9052036))
	              ->  Bitmap Index Scan on sbtest4_pkey  (cost=0.00..29.43 rows=900 width=0)
	                    Index Cond: ((id >= 9051037) AND (id <= 9052036))

table 5 : explain SELECT DISTINCT c FROM sbtest5 WHERE id BETWEEN 3870493 AND 3871492 ORDER BY c
	Unique  (cost=4386.57..4392.18 rows=1121 width=121)
	  ->  Sort  (cost=4386.57..4389.38 rows=1121 width=121)
	        Sort Key: c
	        ->  Bitmap Heap Scan on sbtest5  (cost=39.93..4329.79 rows=1121 width=121)
	              Recheck Cond: ((id >= 3870493) AND (id <= 3871492))
	              ->  Bitmap Index Scan on sbtest5_pkey  (cost=0.00..39.65 rows=1121 width=0)
	                    Index Cond: ((id >= 3870493) AND (id <= 3871492))

table 6 : explain SELECT DISTINCT c FROM sbtest6 WHERE id BETWEEN 3057759 AND 3058758 ORDER BY c
	Unique  (cost=3953.94..3958.97 rows=1007 width=121)
	  ->  Sort  (cost=3953.94..3956.46 rows=1007 width=121)
	        Sort Key: c
	        ->  Bitmap Heap Scan on sbtest6  (cost=34.76..3903.71 rows=1007 width=121)
	              Recheck Cond: ((id >= 3057759) AND (id <= 3058758))
	              ->  Bitmap Index Scan on sbtest6_pkey  (cost=0.00..34.51 rows=1007 width=0)
	                    Index Cond: ((id >= 3057759) AND (id <= 3058758))

table 7 : explain SELECT DISTINCT c FROM sbtest7 WHERE id BETWEEN 1995008 AND 1996007 ORDER BY c
	Unique  (cost=3813.85..3818.69 rows=969 width=121)
	  ->  Sort  (cost=3813.85..3816.27 rows=969 width=121)
	        Sort Key: c
	        ->  Bitmap Heap Scan on sbtest7  (cost=34.37..3765.78 rows=969 width=121)
	              Recheck Cond: ((id >= 1995008) AND (id <= 1996007))
	              ->  Bitmap Index Scan on sbtest7_pkey  (cost=0.00..34.12 rows=969 width=0)
	                    Index Cond: ((id >= 1995008) AND (id <= 1996007))

table 8 : explain SELECT DISTINCT c FROM sbtest8 WHERE id BETWEEN 6892721 AND 6893720 ORDER BY c
	Unique  (cost=3904.81..3909.73 rows=984 width=121)
	  ->  Sort  (cost=3904.81..3907.27 rows=984 width=121)
	        Sort Key: c
	        ->  Index Scan using sbtest8_pkey on sbtest8  (cost=0.43..3855.89 rows=984 width=121)
	              Index Cond: ((id >= 6892721) AND (id <= 6893720))

for point_selects
table 1 : explain SELECT c FROM sbtest1 WHERE id=9752318
	Index Scan using sbtest1_pkey on sbtest1  (cost=0.43..8.45 rows=1 width=121)
	  Index Cond: (id = 9752318)

table 2 : explain SELECT c FROM sbtest2 WHERE id=9086137
	Index Scan using sbtest2_pkey on sbtest2  (cost=0.43..8.45 rows=1 width=121)
	  Index Cond: (id = 9086137)

table 3 : explain SELECT c FROM sbtest3 WHERE id=3929752
	Index Scan using sbtest3_pkey on sbtest3  (cost=0.43..8.45 rows=1 width=121)
	  Index Cond: (id = 3929752)

table 4 : explain SELECT c FROM sbtest4 WHERE id=8600578
	Index Scan using sbtest4_pkey on sbtest4  (cost=0.43..8.45 rows=1 width=121)
	  Index Cond: (id = 8600578)

table 5 : explain SELECT c FROM sbtest5 WHERE id=1744518
	Index Scan using sbtest5_pkey on sbtest5  (cost=0.43..8.45 rows=1 width=121)
	  Index Cond: (id = 1744518)

table 6 : explain SELECT c FROM sbtest6 WHERE id=7895422
	Index Scan using sbtest6_pkey on sbtest6  (cost=0.43..8.45 rows=1 width=121)
	  Index Cond: (id = 7895422)

table 7 : explain SELECT c FROM sbtest7 WHERE id=2948042
	Index Scan using sbtest7_pkey on sbtest7  (cost=0.43..8.45 rows=1 width=121)
	  Index Cond: (id = 2948042)

table 8 : explain SELECT c FROM sbtest8 WHERE id=2852943
	Index Scan using sbtest8_pkey on sbtest8  (cost=0.43..8.45 rows=1 width=121)
	  Index Cond: (id = 2852943)

for: distinct_ranges
table 1 : explain SELECT DISTINCT c FROM sbtest1 WHERE id BETWEEN 4373083 AND 4374082 ORDER BY c
	Unique  (cost=4050.25..4055.41 rows=1032 width=121)
	  ->  Sort  (cost=4050.25..4052.83 rows=1032 width=121)
	        Sort Key: c
	        ->  Bitmap Heap Scan on sbtest1  (cost=35.01..3998.59 rows=1032 width=121)
	              Recheck Cond: ((id >= 4373083) AND (id <= 4374082))
	              ->  Bitmap Index Scan on sbtest1_pkey  (cost=0.00..34.76 rows=1032 width=0)
	                    Index Cond: ((id >= 4373083) AND (id <= 4374082))

table 2 : explain SELECT DISTINCT c FROM sbtest2 WHERE id BETWEEN 3414570 AND 3415569 ORDER BY c
	Unique  (cost=3316.29..3320.50 rows=842 width=121)
	  ->  Sort  (cost=3316.29..3318.40 rows=842 width=121)
	        Sort Key: c
	        ->  Bitmap Heap Scan on sbtest2  (cost=29.07..3275.38 rows=842 width=121)
	              Recheck Cond: ((id >= 3414570) AND (id <= 3415569))
	              ->  Bitmap Index Scan on sbtest2_pkey  (cost=0.00..28.86 rows=842 width=0)
	                    Index Cond: ((id >= 3414570) AND (id <= 3415569))

table 3 : explain SELECT DISTINCT c FROM sbtest3 WHERE id BETWEEN 9568758 AND 9569757 ORDER BY c
	Unique  (cost=3768.42..3773.21 rows=958 width=121)
	  ->  Sort  (cost=3768.42..3770.82 rows=958 width=121)
	        Sort Key: c
	        ->  Bitmap Heap Scan on sbtest3  (cost=34.25..3720.99 rows=958 width=121)
	              Recheck Cond: ((id >= 9568758) AND (id <= 9569757))
	              ->  Bitmap Index Scan on sbtest3_pkey  (cost=0.00..34.02 rows=958 width=0)
	                    Index Cond: ((id >= 9568758) AND (id <= 9569757))

table 4 : explain SELECT DISTINCT c FROM sbtest4 WHERE id BETWEEN 1685656 AND 1686655 ORDER BY c
	Unique  (cost=3513.14..3517.60 rows=892 width=121)
	  ->  Sort  (cost=3513.14..3515.37 rows=892 width=121)
	        Sort Key: c
	        ->  Bitmap Heap Scan on sbtest4  (cost=29.58..3469.42 rows=892 width=121)
	              Recheck Cond: ((id >= 1685656) AND (id <= 1686655))
	              ->  Bitmap Index Scan on sbtest4_pkey  (cost=0.00..29.36 rows=892 width=0)
	                    Index Cond: ((id >= 1685656) AND (id <= 1686655))

table 5 : explain SELECT DISTINCT c FROM sbtest5 WHERE id BETWEEN 8920787 AND 8921786 ORDER BY c
	Unique  (cost=4058.13..4063.30 rows=1035 width=121)
	  ->  Sort  (cost=4058.13..4060.72 rows=1035 width=121)
	        Sort Key: c
	        ->  Bitmap Heap Scan on sbtest5  (cost=35.04..4006.30 rows=1035 width=121)
	              Recheck Cond: ((id >= 8920787) AND (id <= 8921786))
	              ->  Bitmap Index Scan on sbtest5_pkey  (cost=0.00..34.79 rows=1035 width=0)
	                    Index Cond: ((id >= 8920787) AND (id <= 8921786))

table 6 : explain SELECT DISTINCT c FROM sbtest6 WHERE id BETWEEN 6734676 AND 6735675 ORDER BY c
	Unique  (cost=4041.97..4047.12 rows=1030 width=121)
	  ->  Sort  (cost=4041.97..4044.54 rows=1030 width=121)
	        Sort Key: c
	        ->  Bitmap Heap Scan on sbtest6  (cost=34.99..3990.42 rows=1030 width=121)
	              Recheck Cond: ((id >= 6734676) AND (id <= 6735675))
	              ->  Bitmap Index Scan on sbtest6_pkey  (cost=0.00..34.73 rows=1030 width=0)
	                    Index Cond: ((id >= 6734676) AND (id <= 6735675))

table 7 : explain SELECT DISTINCT c FROM sbtest7 WHERE id BETWEEN 4804708 AND 4805707 ORDER BY c
	Unique  (cost=3571.43..3575.97 rows=907 width=121)
	  ->  Sort  (cost=3571.43..3573.70 rows=907 width=121)
	        Sort Key: c
	        ->  Bitmap Heap Scan on sbtest7  (cost=29.73..3526.88 rows=907 width=121)
	              Recheck Cond: ((id >= 4804708) AND (id <= 4805707))
	              ->  Bitmap Index Scan on sbtest7_pkey  (cost=0.00..29.50 rows=907 width=0)
	                    Index Cond: ((id >= 4804708) AND (id <= 4805707))

table 8 : explain SELECT DISTINCT c FROM sbtest8 WHERE id BETWEEN 4398736 AND 4399735 ORDER BY c
	Unique  (cost=3865.27..3870.14 rows=974 width=121)
	  ->  Sort  (cost=3865.27..3867.71 rows=974 width=121)
	        Sort Key: c
	        ->  Index Scan using sbtest8_pkey on sbtest8  (cost=0.43..3816.92 rows=974 width=121)
	              Index Cond: ((id >= 4398736) AND (id <= 4399735))

for: order_ranges
table 1 : explain SELECT c FROM sbtest1 WHERE id BETWEEN 1428542 AND 1429541 ORDER BY c
	Sort  (cost=3470.91..3473.11 rows=882 width=121)
	  Sort Key: c
	  ->  Bitmap Heap Scan on sbtest1  (cost=29.48..3427.76 rows=882 width=121)
	        Recheck Cond: ((id >= 1428542) AND (id <= 1429541))
	        ->  Bitmap Index Scan on sbtest1_pkey  (cost=0.00..29.25 rows=882 width=0)
	              Index Cond: ((id >= 1428542) AND (id <= 1429541))

table 2 : explain SELECT c FROM sbtest2 WHERE id BETWEEN 3015686 AND 3016685 ORDER BY c
	Sort  (cost=3942.11..3944.62 rows=1004 width=121)
	  Sort Key: c
	  ->  Bitmap Heap Scan on sbtest2  (cost=34.73..3892.06 rows=1004 width=121)
	        Recheck Cond: ((id >= 3015686) AND (id <= 3016685))
	        ->  Bitmap Index Scan on sbtest2_pkey  (cost=0.00..34.48 rows=1004 width=0)
	              Index Cond: ((id >= 3015686) AND (id <= 3016685))

table 3 : explain SELECT c FROM sbtest3 WHERE id BETWEEN 4197462 AND 4198461 ORDER BY c
	Sort  (cost=3818.31..3820.74 rows=971 width=121)
	  Sort Key: c
	  ->  Bitmap Heap Scan on sbtest3  (cost=34.39..3770.13 rows=971 width=121)
	        Recheck Cond: ((id >= 4197462) AND (id <= 4198461))
	        ->  Bitmap Index Scan on sbtest3_pkey  (cost=0.00..34.15 rows=971 width=0)
	              Index Cond: ((id >= 4197462) AND (id <= 4198461))

table 4 : explain SELECT c FROM sbtest4 WHERE id BETWEEN 8838747 AND 8839746 ORDER BY c
	Sort  (cost=3997.44..3999.99 rows=1017 width=121)
	  Sort Key: c
	  ->  Bitmap Heap Scan on sbtest4  (cost=34.86..3946.65 rows=1017 width=121)
	        Recheck Cond: ((id >= 8838747) AND (id <= 8839746))
	        ->  Bitmap Index Scan on sbtest4_pkey  (cost=0.00..34.61 rows=1017 width=0)
	              Index Cond: ((id >= 8838747) AND (id <= 8839746))

table 5 : explain SELECT c FROM sbtest5 WHERE id BETWEEN 3616501 AND 3617500 ORDER BY c
	Sort  (cost=3732.90..3735.28 rows=950 width=121)
	  Sort Key: c
	  ->  Bitmap Heap Scan on sbtest5  (cost=34.17..3685.92 rows=950 width=121)
	        Recheck Cond: ((id >= 3616501) AND (id <= 3617500))
	        ->  Bitmap Index Scan on sbtest5_pkey  (cost=0.00..33.94 rows=950 width=0)
	              Index Cond: ((id >= 3616501) AND (id <= 3617500))

table 6 : explain SELECT c FROM sbtest6 WHERE id BETWEEN 1618294 AND 1619293 ORDER BY c
	Sort  (cost=4129.93..4132.56 rows=1053 width=121)
	  Sort Key: c
	  ->  Bitmap Heap Scan on sbtest6  (cost=35.23..4077.07 rows=1053 width=121)
	        Recheck Cond: ((id >= 1618294) AND (id <= 1619293))
	        ->  Bitmap Index Scan on sbtest6_pkey  (cost=0.00..34.97 rows=1053 width=0)
	              Index Cond: ((id >= 1618294) AND (id <= 1619293))

table 7 : explain SELECT c FROM sbtest7 WHERE id BETWEEN 7037330 AND 7038329 ORDER BY c
	Sort  (cost=3813.85..3816.27 rows=969 width=121)
	  Sort Key: c
	  ->  Bitmap Heap Scan on sbtest7  (cost=34.37..3765.78 rows=969 width=121)
	        Recheck Cond: ((id >= 7037330) AND (id <= 7038329))
	        ->  Bitmap Index Scan on sbtest7_pkey  (cost=0.00..34.12 rows=969 width=0)
	              Index Cond: ((id >= 7037330) AND (id <= 7038329))

table 8 : explain SELECT c FROM sbtest8 WHERE id BETWEEN 7638683 AND 7639682 ORDER BY c
	Sort  (cost=3845.50..3847.93 rows=969 width=121)
	  Sort Key: c
	  ->  Index Scan using sbtest8_pkey on sbtest8  (cost=0.43..3797.44 rows=969 width=121)
	        Index Cond: ((id >= 7638683) AND (id <= 7639682))

for point_selects
table 1 : explain SELECT c FROM sbtest1 WHERE id=2352054
	Index Scan using sbtest1_pkey on sbtest1  (cost=0.43..8.45 rows=1 width=121)
	  Index Cond: (id = 2352054)

table 2 : explain SELECT c FROM sbtest2 WHERE id=5240139
	Index Scan using sbtest2_pkey on sbtest2  (cost=0.43..8.45 rows=1 width=121)
	  Index Cond: (id = 5240139)

table 3 : explain SELECT c FROM sbtest3 WHERE id=8390730
	Index Scan using sbtest3_pkey on sbtest3  (cost=0.43..8.45 rows=1 width=121)
	  Index Cond: (id = 8390730)

table 4 : explain SELECT c FROM sbtest4 WHERE id=2441056
	Index Scan using sbtest4_pkey on sbtest4  (cost=0.43..8.45 rows=1 width=121)
	  Index Cond: (id = 2441056)

table 5 : explain SELECT c FROM sbtest5 WHERE id=4684062
	Index Scan using sbtest5_pkey on sbtest5  (cost=0.43..8.45 rows=1 width=121)
	  Index Cond: (id = 4684062)

table 6 : explain SELECT c FROM sbtest6 WHERE id=8838101
	Index Scan using sbtest6_pkey on sbtest6  (cost=0.43..8.45 rows=1 width=121)
	  Index Cond: (id = 8838101)

table 7 : explain SELECT c FROM sbtest7 WHERE id=9917222
	Index Scan using sbtest7_pkey on sbtest7  (cost=0.43..8.45 rows=1 width=121)
	  Index Cond: (id = 9917222)

table 8 : explain SELECT c FROM sbtest8 WHERE id=1563399
	Index Scan using sbtest8_pkey on sbtest8  (cost=0.43..8.45 rows=1 width=121)
	  Index Cond: (id = 1563399)

for: sum_ranges
table 1 : explain SELECT SUM(k) FROM sbtest1 WHERE id BETWEEN 7632066 AND 7633065
	Aggregate  (cost=4038.88..4038.89 rows=1 width=8)
	  ->  Bitmap Heap Scan on sbtest1  (cost=35.12..4036.28 rows=1042 width=4)
	        Recheck Cond: ((id >= 7632066) AND (id <= 7633065))
	        ->  Bitmap Index Scan on sbtest1_pkey  (cost=0.00..34.86 rows=1042 width=0)
	              Index Cond: ((id >= 7632066) AND (id <= 7633065))

table 2 : explain SELECT SUM(k) FROM sbtest2 WHERE id BETWEEN 3831504 AND 3832503
	Aggregate  (cost=3588.46..3588.47 rows=1 width=8)
	  ->  Bitmap Heap Scan on sbtest2  (cost=33.90..3586.15 rows=923 width=4)
	        Recheck Cond: ((id >= 3831504) AND (id <= 3832503))
	        ->  Bitmap Index Scan on sbtest2_pkey  (cost=0.00..33.67 rows=923 width=0)
	              Index Cond: ((id >= 3831504) AND (id <= 3832503))

table 3 : explain SELECT SUM(k) FROM sbtest3 WHERE id BETWEEN 3473384 AND 3474383
	Aggregate  (cost=3659.04..3659.05 rows=1 width=8)
	  ->  Bitmap Heap Scan on sbtest3  (cost=34.08..3656.68 rows=941 width=4)
	        Recheck Cond: ((id >= 3473384) AND (id <= 3474383))
	        ->  Bitmap Index Scan on sbtest3_pkey  (cost=0.00..33.84 rows=941 width=0)
	              Index Cond: ((id >= 3473384) AND (id <= 3474383))

table 4 : explain SELECT SUM(k) FROM sbtest4 WHERE id BETWEEN 4679664 AND 4680663
	Aggregate  (cost=3990.77..3990.78 rows=1 width=8)
	  ->  Bitmap Heap Scan on sbtest4  (cost=34.97..3988.20 rows=1028 width=4)
	        Recheck Cond: ((id >= 4679664) AND (id <= 4680663))
	        ->  Bitmap Index Scan on sbtest4_pkey  (cost=0.00..34.72 rows=1028 width=0)
	              Index Cond: ((id >= 4679664) AND (id <= 4680663))

table 5 : explain SELECT SUM(k) FROM sbtest5 WHERE id BETWEEN 3938132 AND 3939131
	Aggregate  (cost=3574.92..3574.93 rows=1 width=8)
	  ->  Bitmap Heap Scan on sbtest5  (cost=33.87..3572.62 rows=920 width=4)
	        Recheck Cond: ((id >= 3938132) AND (id <= 3939131))
	        ->  Bitmap Index Scan on sbtest5_pkey  (cost=0.00..33.64 rows=920 width=0)
	              Index Cond: ((id >= 3938132) AND (id <= 3939131))

table 6 : explain SELECT SUM(k) FROM sbtest6 WHERE id BETWEEN 1401473 AND 1402472
	Aggregate  (cost=3849.60..3849.61 rows=1 width=8)
	  ->  Bitmap Heap Scan on sbtest6  (cost=34.60..3847.12 rows=992 width=4)
	        Recheck Cond: ((id >= 1401473) AND (id <= 1402472))
	        ->  Bitmap Index Scan on sbtest6_pkey  (cost=0.00..34.36 rows=992 width=0)
	              Index Cond: ((id >= 1401473) AND (id <= 1402472))

table 7 : explain SELECT SUM(k) FROM sbtest7 WHERE id BETWEEN 106970 AND 107969
	Aggregate  (cost=3798.50..3798.51 rows=1 width=8)
	  ->  Bitmap Heap Scan on sbtest7  (cost=34.45..3796.06 rows=977 width=4)
	        Recheck Cond: ((id >= 106970) AND (id <= 107969))
	        ->  Bitmap Index Scan on sbtest7_pkey  (cost=0.00..34.20 rows=977 width=0)
	              Index Cond: ((id >= 106970) AND (id <= 107969))

table 8 : explain SELECT SUM(k) FROM sbtest8 WHERE id BETWEEN 3271259 AND 3272258
	Aggregate  (cost=3838.85..3838.86 rows=1 width=8)
	  ->  Index Scan using sbtest8_pkey on sbtest8  (cost=0.43..3836.41 rows=979 width=4)
	        Index Cond: ((id >= 3271259) AND (id <= 3272258))

for: simple_ranges
table 1 : explain SELECT c FROM sbtest1 WHERE id BETWEEN 7544806 AND 7545805
	Bitmap Heap Scan on sbtest1  (cost=34.85..3938.27 rows=1016 width=121)
	  Recheck Cond: ((id >= 7544806) AND (id <= 7545805))
	  ->  Bitmap Index Scan on sbtest1_pkey  (cost=0.00..34.59 rows=1016 width=0)
	        Index Cond: ((id >= 7544806) AND (id <= 7545805))

table 2 : explain SELECT c FROM sbtest2 WHERE id BETWEEN 6806976 AND 6807975
	Bitmap Heap Scan on sbtest2  (cost=39.94..4340.22 rows=1122 width=121)
	  Recheck Cond: ((id >= 6806976) AND (id <= 6807975))
	  ->  Bitmap Index Scan on sbtest2_pkey  (cost=0.00..39.66 rows=1122 width=0)
	        Index Cond: ((id >= 6806976) AND (id <= 6807975))

table 3 : explain SELECT c FROM sbtest3 WHERE id BETWEEN 7203970 AND 7204969
	Bitmap Heap Scan on sbtest3  (cost=33.96..3611.27 rows=929 width=121)
	  Recheck Cond: ((id >= 7203970) AND (id <= 7204969))
	  ->  Bitmap Index Scan on sbtest3_pkey  (cost=0.00..33.73 rows=929 width=0)
	        Index Cond: ((id >= 7203970) AND (id <= 7204969))

table 4 : explain SELECT c FROM sbtest4 WHERE id BETWEEN 2969703 AND 2970702
	Bitmap Heap Scan on sbtest4  (cost=29.73..3526.31 rows=907 width=121)
	  Recheck Cond: ((id >= 2969703) AND (id <= 2970702))
	  ->  Bitmap Index Scan on sbtest4_pkey  (cost=0.00..29.50 rows=907 width=0)
	        Index Cond: ((id >= 2969703) AND (id <= 2970702))

table 5 : explain SELECT c FROM sbtest5 WHERE id BETWEEN 4843688 AND 4844687
	Bitmap Heap Scan on sbtest5  (cost=34.57..3833.03 rows=989 width=121)
	  Recheck Cond: ((id >= 4843688) AND (id <= 4844687))
	  ->  Bitmap Index Scan on sbtest5_pkey  (cost=0.00..34.33 rows=989 width=0)
	        Index Cond: ((id >= 4843688) AND (id <= 4844687))

table 6 : explain SELECT c FROM sbtest6 WHERE id BETWEEN 8524396 AND 8525395
	Bitmap Heap Scan on sbtest6  (cost=34.67..3873.53 rows=999 width=121)
	  Recheck Cond: ((id >= 8524396) AND (id <= 8525395))
	  ->  Bitmap Index Scan on sbtest6_pkey  (cost=0.00..34.43 rows=999 width=0)
	        Index Cond: ((id >= 8524396) AND (id <= 8525395))

table 7 : explain SELECT c FROM sbtest7 WHERE id BETWEEN 2147149 AND 2148148
	Bitmap Heap Scan on sbtest7  (cost=34.17..3693.85 rows=950 width=121)
	  Recheck Cond: ((id >= 2147149) AND (id <= 2148148))
	  ->  Bitmap Index Scan on sbtest7_pkey  (cost=0.00..33.94 rows=950 width=0)
	        Index Cond: ((id >= 2147149) AND (id <= 2148148))

table 8 : explain SELECT c FROM sbtest8 WHERE id BETWEEN 3030520 AND 3031519
	Index Scan using sbtest8_pkey on sbtest8  (cost=0.43..3926.06 rows=1002 width=121)
	  Index Cond: ((id >= 3030520) AND (id <= 3031519))

for: simple_ranges
table 1 : explain SELECT c FROM sbtest1 WHERE id BETWEEN 8528494 AND 8529493
	Bitmap Heap Scan on sbtest1  (cost=34.71..3885.45 rows=1002 width=121)
	  Recheck Cond: ((id >= 8528494) AND (id <= 8529493))
	  ->  Bitmap Index Scan on sbtest1_pkey  (cost=0.00..34.45 rows=1002 width=0)
	        Index Cond: ((id >= 8528494) AND (id <= 8529493))

table 2 : explain SELECT c FROM sbtest2 WHERE id BETWEEN 5889640 AND 5890639
	Bitmap Heap Scan on sbtest2  (cost=34.89..3952.38 rows=1020 width=121)
	  Recheck Cond: ((id >= 5889640) AND (id <= 5890639))
	  ->  Bitmap Index Scan on sbtest2_pkey  (cost=0.00..34.64 rows=1020 width=0)
	        Index Cond: ((id >= 5889640) AND (id <= 5890639))

table 3 : explain SELECT c FROM sbtest3 WHERE id BETWEEN 6491381 AND 6492380
	Bitmap Heap Scan on sbtest3  (cost=34.47..3800.36 rows=979 width=121)
	  Recheck Cond: ((id >= 6491381) AND (id <= 6492380))
	  ->  Bitmap Index Scan on sbtest3_pkey  (cost=0.00..34.23 rows=979 width=0)
	        Index Cond: ((id >= 6491381) AND (id <= 6492380))

table 4 : explain SELECT c FROM sbtest4 WHERE id BETWEEN 6592130 AND 6593129
	Bitmap Heap Scan on sbtest4  (cost=29.63..3488.39 rows=897 width=121)
	  Recheck Cond: ((id >= 6592130) AND (id <= 6593129))
	  ->  Bitmap Index Scan on sbtest4_pkey  (cost=0.00..29.40 rows=897 width=0)
	        Index Cond: ((id >= 6592130) AND (id <= 6593129))

table 5 : explain SELECT c FROM sbtest5 WHERE id BETWEEN 8326564 AND 8327563
	Bitmap Heap Scan on sbtest5  (cost=35.00..3991.24 rows=1031 width=121)
	  Recheck Cond: ((id >= 8326564) AND (id <= 8327563))
	  ->  Bitmap Index Scan on sbtest5_pkey  (cost=0.00..34.75 rows=1031 width=0)
	        Index Cond: ((id >= 8326564) AND (id <= 8327563))

table 6 : explain SELECT c FROM sbtest6 WHERE id BETWEEN 5356872 AND 5357871
	Bitmap Heap Scan on sbtest6  (cost=39.70..4254.17 rows=1099 width=121)
	  Recheck Cond: ((id >= 5356872) AND (id <= 5357871))
	  ->  Bitmap Index Scan on sbtest6_pkey  (cost=0.00..39.43 rows=1099 width=0)
	        Index Cond: ((id >= 5356872) AND (id <= 5357871))

table 7 : explain SELECT c FROM sbtest7 WHERE id BETWEEN 8261700 AND 8262699
	Bitmap Heap Scan on sbtest7  (cost=34.50..3814.97 rows=982 width=121)
	  Recheck Cond: ((id >= 8261700) AND (id <= 8262699))
	  ->  Bitmap Index Scan on sbtest7_pkey  (cost=0.00..34.26 rows=982 width=0)
	        Index Cond: ((id >= 8261700) AND (id <= 8262699))

table 8 : explain SELECT c FROM sbtest8 WHERE id BETWEEN 6716640 AND 6717639
	Index Scan using sbtest8_pkey on sbtest8  (cost=0.43..3801.34 rows=970 width=121)
	  Index Cond: ((id >= 6716640) AND (id <= 6717639))

explain: for point_selects :: explain SELECT c FROM sbtest%u WHERE id=%u
for: distinct_ranges
table 1 : explain SELECT DISTINCT c FROM sbtest1 WHERE id BETWEEN 1084701 AND 1085700 ORDER BY c
	Unique  (cost=4077.03..4082.23 rows=1039 width=121)
	  ->  Sort  (cost=4077.03..4079.63 rows=1039 width=121)
	        Sort Key: c
	        ->  Bitmap Heap Scan on sbtest1  (cost=35.08..4024.97 rows=1039 width=121)
	              Recheck Cond: ((id >= 1084701) AND (id <= 1085700))
	              ->  Bitmap Index Scan on sbtest1_pkey  (cost=0.00..34.83 rows=1039 width=0)
	                    Index Cond: ((id >= 1084701) AND (id <= 1085700))

table 2 : explain SELECT DISTINCT c FROM sbtest2 WHERE id BETWEEN 4385281 AND 4386280 ORDER BY c
	Unique  (cost=3815.71..3820.56 rows=971 width=121)
	  ->  Sort  (cost=3815.71..3818.14 rows=971 width=121)
	        Sort Key: c
	        ->  Bitmap Heap Scan on sbtest2  (cost=34.39..3767.53 rows=971 width=121)
	              Recheck Cond: ((id >= 4385281) AND (id <= 4386280))
	              ->  Bitmap Index Scan on sbtest2_pkey  (cost=0.00..34.15 rows=971 width=0)
	                    Index Cond: ((id >= 4385281) AND (id <= 4386280))

table 3 : explain SELECT DISTINCT c FROM sbtest3 WHERE id BETWEEN 115883 AND 116882 ORDER BY c
	Unique  (cost=3741.56..3746.31 rows=951 width=121)
	  ->  Sort  (cost=3741.56..3743.93 rows=951 width=121)
	        Sort Key: c
	        ->  Bitmap Heap Scan on sbtest3  (cost=34.18..3694.51 rows=951 width=121)
	              Recheck Cond: ((id >= 115883) AND (id <= 116882))
	              ->  Bitmap Index Scan on sbtest3_pkey  (cost=0.00..33.95 rows=951 width=0)
	                    Index Cond: ((id >= 115883) AND (id <= 116882))

table 4 : explain SELECT DISTINCT c FROM sbtest4 WHERE id BETWEEN 5346838 AND 5347837 ORDER BY c
	Unique  (cost=4089.46..4094.66 rows=1041 width=121)
	  ->  Sort  (cost=4089.46..4092.06 rows=1041 width=121)
	        Sort Key: c
	        ->  Bitmap Heap Scan on sbtest4  (cost=35.11..4037.28 rows=1041 width=121)
	              Recheck Cond: ((id >= 5346838) AND (id <= 5347837))
	              ->  Bitmap Index Scan on sbtest4_pkey  (cost=0.00..34.84 rows=1041 width=0)
	                    Index Cond: ((id >= 5346838) AND (id <= 5347837))

table 5 : explain SELECT DISTINCT c FROM sbtest5 WHERE id BETWEEN 9077016 AND 9078015 ORDER BY c
	Unique  (cost=4218.51..4223.89 rows=1077 width=121)
	  ->  Sort  (cost=4218.51..4221.20 rows=1077 width=121)
	        Sort Key: c
	        ->  Bitmap Heap Scan on sbtest5  (cost=35.47..4164.27 rows=1077 width=121)
	              Recheck Cond: ((id >= 9077016) AND (id <= 9078015))
	              ->  Bitmap Index Scan on sbtest5_pkey  (cost=0.00..35.20 rows=1077 width=0)
	                    Index Cond: ((id >= 9077016) AND (id <= 9078015))

table 6 : explain SELECT DISTINCT c FROM sbtest6 WHERE id BETWEEN 9037938 AND 9038937 ORDER BY c
	Unique  (cost=4026.66..4031.79 rows=1026 width=121)
	  ->  Sort  (cost=4026.66..4029.23 rows=1026 width=121)
	        Sort Key: c
	        ->  Bitmap Heap Scan on sbtest6  (cost=34.95..3975.35 rows=1026 width=121)
	              Recheck Cond: ((id >= 9037938) AND (id <= 9038937))
	              ->  Bitmap Index Scan on sbtest6_pkey  (cost=0.00..34.70 rows=1026 width=0)
	                    Index Cond: ((id >= 9037938) AND (id <= 9038937))

table 7 : explain SELECT DISTINCT c FROM sbtest7 WHERE id BETWEEN 5642684 AND 5643683 ORDER BY c
	Unique  (cost=3748.52..3753.28 rows=952 width=121)
	  ->  Sort  (cost=3748.52..3750.90 rows=952 width=121)
	        Sort Key: c
	        ->  Bitmap Heap Scan on sbtest7  (cost=34.19..3701.42 rows=952 width=121)
	              Recheck Cond: ((id >= 5642684) AND (id <= 5643683))
	              ->  Bitmap Index Scan on sbtest7_pkey  (cost=0.00..33.95 rows=952 width=0)
	                    Index Cond: ((id >= 5642684) AND (id <= 5643683))

table 8 : explain SELECT DISTINCT c FROM sbtest8 WHERE id BETWEEN 7186434 AND 7187433 ORDER BY c
	Unique  (cost=3888.99..3893.89 rows=980 width=121)
	  ->  Sort  (cost=3888.99..3891.44 rows=980 width=121)
	        Sort Key: c
	        ->  Index Scan using sbtest8_pkey on sbtest8  (cost=0.43..3840.30 rows=980 width=121)
	              Index Cond: ((id >= 7186434) AND (id <= 7187433))

for: simple_ranges
table 1 : explain SELECT c FROM sbtest1 WHERE id BETWEEN 5303789 AND 5304788
	Bitmap Heap Scan on sbtest1  (cost=34.55..3828.84 rows=987 width=121)
	  Recheck Cond: ((id >= 5303789) AND (id <= 5304788))
	  ->  Bitmap Index Scan on sbtest1_pkey  (cost=0.00..34.31 rows=987 width=0)
	        Index Cond: ((id >= 5303789) AND (id <= 5304788))

table 2 : explain SELECT c FROM sbtest2 WHERE id BETWEEN 5098133 AND 5099132
	Bitmap Heap Scan on sbtest2  (cost=35.19..4061.64 rows=1049 width=121)
	  Recheck Cond: ((id >= 5098133) AND (id <= 5099132))
	  ->  Bitmap Index Scan on sbtest2_pkey  (cost=0.00..34.93 rows=1049 width=0)
	        Index Cond: ((id >= 5098133) AND (id <= 5099132))

table 3 : explain SELECT c FROM sbtest3 WHERE id BETWEEN 2480769 AND 2481768
	Bitmap Heap Scan on sbtest3  (cost=34.74..3898.57 rows=1005 width=121)
	  Recheck Cond: ((id >= 2480769) AND (id <= 2481768))
	  ->  Bitmap Index Scan on sbtest3_pkey  (cost=0.00..34.48 rows=1005 width=0)
	        Index Cond: ((id >= 2480769) AND (id <= 2481768))

table 4 : explain SELECT c FROM sbtest4 WHERE id BETWEEN 5446526 AND 5447525
	Bitmap Heap Scan on sbtest4  (cost=34.38..3768.94 rows=970 width=121)
	  Recheck Cond: ((id >= 5446526) AND (id <= 5447525))
	  ->  Bitmap Index Scan on sbtest4_pkey  (cost=0.00..34.14 rows=970 width=0)
	        Index Cond: ((id >= 5446526) AND (id <= 5447525))

table 5 : explain SELECT c FROM sbtest5 WHERE id BETWEEN 833432 AND 834431
	Bitmap Heap Scan on sbtest5  (cost=34.90..3953.59 rows=1021 width=121)
	  Recheck Cond: ((id >= 833432) AND (id <= 834431))
	  ->  Bitmap Index Scan on sbtest5_pkey  (cost=0.00..34.65 rows=1021 width=0)
	        Index Cond: ((id >= 833432) AND (id <= 834431))

table 6 : explain SELECT c FROM sbtest6 WHERE id BETWEEN 4543600 AND 4544599
	Bitmap Heap Scan on sbtest6  (cost=34.38..3764.08 rows=970 width=121)
	  Recheck Cond: ((id >= 4543600) AND (id <= 4544599))
	  ->  Bitmap Index Scan on sbtest6_pkey  (cost=0.00..34.14 rows=970 width=0)
	        Index Cond: ((id >= 4543600) AND (id <= 4544599))

table 7 : explain SELECT c FROM sbtest7 WHERE id BETWEEN 3160341 AND 3161340
	Bitmap Heap Scan on sbtest7  (cost=34.69..3883.05 rows=1000 width=121)
	  Recheck Cond: ((id >= 3160341) AND (id <= 3161340))
	  ->  Bitmap Index Scan on sbtest7_pkey  (cost=0.00..34.44 rows=1000 width=0)
	        Index Cond: ((id >= 3160341) AND (id <= 3161340))

table 8 : explain SELECT c FROM sbtest8 WHERE id BETWEEN 6949068 AND 6950067
	Index Scan using sbtest8_pkey on sbtest8  (cost=0.43..3703.89 rows=945 width=121)
	  Index Cond: ((id >= 6949068) AND (id <= 6950067))

for: distinct_ranges
table 1 : explain SELECT DISTINCT c FROM sbtest1 WHERE id BETWEEN 6367026 AND 6368025 ORDER BY c
	Unique  (cost=3881.76..3886.70 rows=988 width=121)
	  ->  Sort  (cost=3881.76..3884.23 rows=988 width=121)
	        Sort Key: c
	        ->  Bitmap Heap Scan on sbtest1  (cost=34.56..3832.62 rows=988 width=121)
	              Recheck Cond: ((id >= 6367026) AND (id <= 6368025))
	              ->  Bitmap Index Scan on sbtest1_pkey  (cost=0.00..34.32 rows=988 width=0)
	                    Index Cond: ((id >= 6367026) AND (id <= 6368025))

table 2 : explain SELECT DISTINCT c FROM sbtest2 WHERE id BETWEEN 5507269 AND 5508268 ORDER BY c
	Unique  (cost=4194.54..4199.89 rows=1070 width=121)
	  ->  Sort  (cost=4194.54..4197.21 rows=1070 width=121)
	        Sort Key: c
	        ->  Bitmap Heap Scan on sbtest2  (cost=35.40..4140.70 rows=1070 width=121)
	              Recheck Cond: ((id >= 5507269) AND (id <= 5508268))
	              ->  Bitmap Index Scan on sbtest2_pkey  (cost=0.00..35.14 rows=1070 width=0)
	                    Index Cond: ((id >= 5507269) AND (id <= 5508268))

table 3 : explain SELECT DISTINCT c FROM sbtest3 WHERE id BETWEEN 6974064 AND 6975063 ORDER BY c
	Unique  (cost=3707.00..3711.71 rows=942 width=121)
	  ->  Sort  (cost=3707.00..3709.36 rows=942 width=121)
	        Sort Key: c
	        ->  Bitmap Heap Scan on sbtest3  (cost=34.09..3660.47 rows=942 width=121)
	              Recheck Cond: ((id >= 6974064) AND (id <= 6975063))
	              ->  Bitmap Index Scan on sbtest3_pkey  (cost=0.00..33.86 rows=942 width=0)
	                    Index Cond: ((id >= 6974064) AND (id <= 6975063))

table 4 : explain SELECT DISTINCT c FROM sbtest4 WHERE id BETWEEN 9286337 AND 9287336 ORDER BY c
	Unique  (cost=3843.95..3848.83 rows=977 width=121)
	  ->  Sort  (cost=3843.95..3846.39 rows=977 width=121)
	        Sort Key: c
	        ->  Bitmap Heap Scan on sbtest4  (cost=34.45..3795.43 rows=977 width=121)
	              Recheck Cond: ((id >= 9286337) AND (id <= 9287336))
	              ->  Bitmap Index Scan on sbtest4_pkey  (cost=0.00..34.20 rows=977 width=0)
	                    Index Cond: ((id >= 9286337) AND (id <= 9287336))

table 5 : explain SELECT DISTINCT c FROM sbtest5 WHERE id BETWEEN 7696912 AND 7697911 ORDER BY c
	Unique  (cost=4054.31..4059.48 rows=1034 width=121)
	  ->  Sort  (cost=4054.31..4056.89 rows=1034 width=121)
	        Sort Key: c
	        ->  Bitmap Heap Scan on sbtest5  (cost=35.03..4002.54 rows=1034 width=121)
	              Recheck Cond: ((id >= 7696912) AND (id <= 7697911))
	              ->  Bitmap Index Scan on sbtest5_pkey  (cost=0.00..34.78 rows=1034 width=0)
	                    Index Cond: ((id >= 7696912) AND (id <= 7697911))

table 6 : explain SELECT DISTINCT c FROM sbtest6 WHERE id BETWEEN 4893633 AND 4894632 ORDER BY c
	Unique  (cost=3808.36..3813.21 rows=969 width=121)
	  ->  Sort  (cost=3808.36..3810.79 rows=969 width=121)
	        Sort Key: c
	        ->  Bitmap Heap Scan on sbtest6  (cost=34.37..3760.30 rows=969 width=121)
	              Recheck Cond: ((id >= 4893633) AND (id <= 4894632))
	              ->  Bitmap Index Scan on sbtest6_pkey  (cost=0.00..34.12 rows=969 width=0)
	                    Index Cond: ((id >= 4893633) AND (id <= 4894632))

table 7 : explain SELECT DISTINCT c FROM sbtest7 WHERE id BETWEEN 9192558 AND 9193557 ORDER BY c
	Unique  (cost=3660.08..3664.73 rows=929 width=121)
	  ->  Sort  (cost=3660.08..3662.41 rows=929 width=121)
	        Sort Key: c
	        ->  Bitmap Heap Scan on sbtest7  (cost=33.96..3614.29 rows=929 width=121)
	              Recheck Cond: ((id >= 9192558) AND (id <= 9193557))
	              ->  Bitmap Index Scan on sbtest7_pkey  (cost=0.00..33.73 rows=929 width=0)
	                    Index Cond: ((id >= 9192558) AND (id <= 9193557))

table 8 : explain SELECT DISTINCT c FROM sbtest8 WHERE id BETWEEN 6721936 AND 6722935 ORDER BY c
	Unique  (cost=3849.46..3854.31 rows=970 width=121)
	  ->  Sort  (cost=3849.46..3851.88 rows=970 width=121)
	        Sort Key: c
	        ->  Index Scan using sbtest8_pkey on sbtest8  (cost=0.43..3801.34 rows=970 width=121)
	              Index Cond: ((id >= 6721936) AND (id <= 6722935))

for: simple_ranges
table 1 : explain SELECT c FROM sbtest1 WHERE id BETWEEN 6474822 AND 6475821
	Bitmap Heap Scan on sbtest1  (cost=34.22..3707.98 rows=955 width=121)
	  Recheck Cond: ((id >= 6474822) AND (id <= 6475821))
	  ->  Bitmap Index Scan on sbtest1_pkey  (cost=0.00..33.98 rows=955 width=0)
	        Index Cond: ((id >= 6474822) AND (id <= 6475821))

table 2 : explain SELECT c FROM sbtest2 WHERE id BETWEEN 8739119 AND 8740118
	Bitmap Heap Scan on sbtest2  (cost=34.11..3665.54 rows=944 width=121)
	  Recheck Cond: ((id >= 8739119) AND (id <= 8740118))
	  ->  Bitmap Index Scan on sbtest2_pkey  (cost=0.00..33.88 rows=944 width=0)
	        Index Cond: ((id >= 8739119) AND (id <= 8740118))

table 3 : explain SELECT c FROM sbtest3 WHERE id BETWEEN 4437749 AND 4438748
	Bitmap Heap Scan on sbtest3  (cost=34.38..3766.35 rows=970 width=121)
	  Recheck Cond: ((id >= 4437749) AND (id <= 4438748))
	  ->  Bitmap Index Scan on sbtest3_pkey  (cost=0.00..34.14 rows=970 width=0)
	        Index Cond: ((id >= 4437749) AND (id <= 4438748))

table 4 : explain SELECT c FROM sbtest4 WHERE id BETWEEN 5159240 AND 5160239
	Bitmap Heap Scan on sbtest4  (cost=34.55..3833.25 rows=987 width=121)
	  Recheck Cond: ((id >= 5159240) AND (id <= 5160239))
	  ->  Bitmap Index Scan on sbtest4_pkey  (cost=0.00..34.31 rows=987 width=0)
	        Index Cond: ((id >= 5159240) AND (id <= 5160239))

table 5 : explain SELECT c FROM sbtest5 WHERE id BETWEEN 272298 AND 273297
	Bitmap Heap Scan on sbtest5  (cost=35.35..4119.16 rows=1065 width=121)
	  Recheck Cond: ((id >= 272298) AND (id <= 273297))
	  ->  Bitmap Index Scan on sbtest5_pkey  (cost=0.00..35.09 rows=1065 width=0)
	        Index Cond: ((id >= 272298) AND (id <= 273297))

table 6 : explain SELECT c FROM sbtest6 WHERE id BETWEEN 1051435 AND 1052434
	Bitmap Heap Scan on sbtest6  (cost=34.56..3832.03 rows=988 width=121)
	  Recheck Cond: ((id >= 1051435) AND (id <= 1052434))
	  ->  Bitmap Index Scan on sbtest6_pkey  (cost=0.00..34.32 rows=988 width=0)
	        Index Cond: ((id >= 1051435) AND (id <= 1052434))

table 7 : explain SELECT c FROM sbtest7 WHERE id BETWEEN 7211466 AND 7212465
	Bitmap Heap Scan on sbtest7  (cost=35.36..4132.34 rows=1066 width=121)
	  Recheck Cond: ((id >= 7211466) AND (id <= 7212465))
	  ->  Bitmap Index Scan on sbtest7_pkey  (cost=0.00..35.09 rows=1066 width=0)
	        Index Cond: ((id >= 7211466) AND (id <= 7212465))

table 8 : explain SELECT c FROM sbtest8 WHERE id BETWEEN 6315989 AND 6316988
	Index Scan using sbtest8_pkey on sbtest8  (cost=0.43..3840.30 rows=980 width=121)
	  Index Cond: ((id >= 6315989) AND (id <= 6316988))

for point_selects
table 1 : explain SELECT c FROM sbtest1 WHERE id=1967103
	Index Scan using sbtest1_pkey on sbtest1  (cost=0.43..8.45 rows=1 width=121)
	  Index Cond: (id = 1967103)

table 2 : explain SELECT c FROM sbtest2 WHERE id=9526752
	Index Scan using sbtest2_pkey on sbtest2  (cost=0.43..8.45 rows=1 width=121)
	  Index Cond: (id = 9526752)

table 3 : explain SELECT c FROM sbtest3 WHERE id=1153824
	Index Scan using sbtest3_pkey on sbtest3  (cost=0.43..8.45 rows=1 width=121)
	  Index Cond: (id = 1153824)

table 4 : explain SELECT c FROM sbtest4 WHERE id=1771135
	Index Scan using sbtest4_pkey on sbtest4  (cost=0.43..8.45 rows=1 width=121)
	  Index Cond: (id = 1771135)

table 5 : explain SELECT c FROM sbtest5 WHERE id=7793519
	Index Scan using sbtest5_pkey on sbtest5  (cost=0.43..8.45 rows=1 width=121)
	  Index Cond: (id = 7793519)

table 6 : explain SELECT c FROM sbtest6 WHERE id=5602219
	Index Scan using sbtest6_pkey on sbtest6  (cost=0.43..8.45 rows=1 width=121)
	  Index Cond: (id = 5602219)

table 7 : explain SELECT c FROM sbtest7 WHERE id=4247113
	Index Scan using sbtest7_pkey on sbtest7  (cost=0.43..8.45 rows=1 width=121)
	  Index Cond: (id = 4247113)

table 8 : explain SELECT c FROM sbtest8 WHERE id=7035768
	Index Scan using sbtest8_pkey on sbtest8  (cost=0.43..8.45 rows=1 width=121)
	  Index Cond: (id = 7035768)

for: order_ranges
table 1 : explain SELECT c FROM sbtest1 WHERE id BETWEEN 2463533 AND 2464532 ORDER BY c
	Sort  (cost=3885.60..3888.07 rows=989 width=121)
	  Sort Key: c
	  ->  Bitmap Heap Scan on sbtest1  (cost=34.57..3836.39 rows=989 width=121)
	        Recheck Cond: ((id >= 2463533) AND (id <= 2464532))
	        ->  Bitmap Index Scan on sbtest1_pkey  (cost=0.00..34.33 rows=989 width=0)
	              Index Cond: ((id >= 2463533) AND (id <= 2464532))

table 2 : explain SELECT c FROM sbtest2 WHERE id BETWEEN 1893112 AND 1894111 ORDER BY c
	Sort  (cost=3769.71..3772.11 rows=959 width=121)
	  Sort Key: c
	  ->  Bitmap Heap Scan on sbtest2  (cost=34.26..3722.21 rows=959 width=121)
	        Recheck Cond: ((id >= 1893112) AND (id <= 1894111))
	        ->  Bitmap Index Scan on sbtest2_pkey  (cost=0.00..34.03 rows=959 width=0)
	              Index Cond: ((id >= 1893112) AND (id <= 1894111))

table 3 : explain SELECT c FROM sbtest3 WHERE id BETWEEN 4069470 AND 4070469 ORDER BY c
	Sort  (cost=3691.64..3693.99 rows=938 width=121)
	  Sort Key: c
	  ->  Bitmap Heap Scan on sbtest3  (cost=34.05..3645.33 rows=938 width=121)
	        Recheck Cond: ((id >= 4069470) AND (id <= 4070469))
	        ->  Bitmap Index Scan on sbtest3_pkey  (cost=0.00..33.82 rows=938 width=0)
	              Index Cond: ((id >= 4069470) AND (id <= 4070469))

table 4 : explain SELECT c FROM sbtest4 WHERE id BETWEEN 4170372 AND 4171371 ORDER BY c
	Sort  (cost=3567.02..3569.29 rows=906 width=121)
	  Sort Key: c
	  ->  Bitmap Heap Scan on sbtest4  (cost=29.72..3522.52 rows=906 width=121)
	        Recheck Cond: ((id >= 4170372) AND (id <= 4171371))
	        ->  Bitmap Index Scan on sbtest4_pkey  (cost=0.00..29.50 rows=906 width=0)
	              Index Cond: ((id >= 4170372) AND (id <= 4171371))

table 5 : explain SELECT c FROM sbtest5 WHERE id BETWEEN 417015 AND 418014 ORDER BY c
	Sort  (cost=3985.51..3988.05 rows=1016 width=121)
	  Sort Key: c
	  ->  Bitmap Heap Scan on sbtest5  (cost=34.85..3934.77 rows=1016 width=121)
	        Recheck Cond: ((id >= 417015) AND (id <= 418014))
	        ->  Bitmap Index Scan on sbtest5_pkey  (cost=0.00..34.59 rows=1016 width=0)
	              Index Cond: ((id >= 417015) AND (id <= 418014))

table 6 : explain SELECT c FROM sbtest6 WHERE id BETWEEN 374843 AND 375842 ORDER BY c
	Sort  (cost=3693.31..3695.66 rows=939 width=121)
	  Sort Key: c
	  ->  Bitmap Heap Scan on sbtest6  (cost=34.06..3646.95 rows=939 width=121)
	        Recheck Cond: ((id >= 374843) AND (id <= 375842))
	        ->  Bitmap Index Scan on sbtest6_pkey  (cost=0.00..33.83 rows=939 width=0)
	              Index Cond: ((id >= 374843) AND (id <= 375842))

table 7 : explain SELECT c FROM sbtest7 WHERE id BETWEEN 3212365 AND 3213364 ORDER BY c
	Sort  (cost=3582.98..3585.26 rows=910 width=121)
	  Sort Key: c
	  ->  Bitmap Heap Scan on sbtest7  (cost=29.76..3538.26 rows=910 width=121)
	        Recheck Cond: ((id >= 3212365) AND (id <= 3213364))
	        ->  Bitmap Index Scan on sbtest7_pkey  (cost=0.00..29.54 rows=910 width=0)
	              Index Cond: ((id >= 3212365) AND (id <= 3213364))

table 8 : explain SELECT c FROM sbtest8 WHERE id BETWEEN 1132236 AND 1133235 ORDER BY c
	Sort  (cost=4059.06..4061.62 rows=1023 width=121)
	  Sort Key: c
	  ->  Index Scan using sbtest8_pkey on sbtest8  (cost=0.43..4007.92 rows=1023 width=121)
	        Index Cond: ((id >= 1132236) AND (id <= 1133235))

for: simple_ranges
table 1 : explain SELECT c FROM sbtest1 WHERE id BETWEEN 8874991 AND 8875990
	Bitmap Heap Scan on sbtest1  (cost=34.04..3639.94 rows=937 width=121)
	  Recheck Cond: ((id >= 8874991) AND (id <= 8875990))
	  ->  Bitmap Index Scan on sbtest1_pkey  (cost=0.00..33.81 rows=937 width=0)
	        Index Cond: ((id >= 8874991) AND (id <= 8875990))

table 2 : explain SELECT c FROM sbtest2 WHERE id BETWEEN 7658710 AND 7659709
	Bitmap Heap Scan on sbtest2  (cost=40.16..4419.11 rows=1144 width=121)
	  Recheck Cond: ((id >= 7658710) AND (id <= 7659709))
	  ->  Bitmap Index Scan on sbtest2_pkey  (cost=0.00..39.88 rows=1144 width=0)
	        Index Cond: ((id >= 7658710) AND (id <= 7659709))

table 3 : explain SELECT c FROM sbtest3 WHERE id BETWEEN 7818217 AND 7819216
	Bitmap Heap Scan on sbtest3  (cost=29.54..3451.98 rows=888 width=121)
	  Recheck Cond: ((id >= 7818217) AND (id <= 7819216))
	  ->  Bitmap Index Scan on sbtest3_pkey  (cost=0.00..29.32 rows=888 width=0)
	        Index Cond: ((id >= 7818217) AND (id <= 7819216))

table 4 : explain SELECT c FROM sbtest4 WHERE id BETWEEN 627209 AND 628208
	Bitmap Heap Scan on sbtest4  (cost=34.20..3704.60 rows=953 width=121)
	  Recheck Cond: ((id >= 627209) AND (id <= 628208))
	  ->  Bitmap Index Scan on sbtest4_pkey  (cost=0.00..33.97 rows=953 width=0)
	        Index Cond: ((id >= 627209) AND (id <= 628208))

table 5 : explain SELECT c FROM sbtest5 WHERE id BETWEEN 5760024 AND 5761023
	Bitmap Heap Scan on sbtest5  (cost=33.94..3599.07 rows=927 width=121)
	  Recheck Cond: ((id >= 5760024) AND (id <= 5761023))
	  ->  Bitmap Index Scan on sbtest5_pkey  (cost=0.00..33.70 rows=927 width=0)
	        Index Cond: ((id >= 5760024) AND (id <= 5761023))

table 6 : explain SELECT c FROM sbtest6 WHERE id BETWEEN 1593487 AND 1594486
	Bitmap Heap Scan on sbtest6  (cost=35.06..4016.80 rows=1037 width=121)
	  Recheck Cond: ((id >= 1593487) AND (id <= 1594486))
	  ->  Bitmap Index Scan on sbtest6_pkey  (cost=0.00..34.81 rows=1037 width=0)
	        Index Cond: ((id >= 1593487) AND (id <= 1594486))

table 7 : explain SELECT c FROM sbtest7 WHERE id BETWEEN 7976216 AND 7977215
	Bitmap Heap Scan on sbtest7  (cost=33.96..3614.29 rows=929 width=121)
	  Recheck Cond: ((id >= 7976216) AND (id <= 7977215))
	  ->  Bitmap Index Scan on sbtest7_pkey  (cost=0.00..33.73 rows=929 width=0)
	        Index Cond: ((id >= 7976216) AND (id <= 7977215))

table 8 : explain SELECT c FROM sbtest8 WHERE id BETWEEN 5408463 AND 5409462
	Index Scan using sbtest8_pkey on sbtest8  (cost=0.43..3735.06 rows=953 width=121)
	  Index Cond: ((id >= 5408463) AND (id <= 5409462))

for point_selects
table 1 : explain SELECT c FROM sbtest1 WHERE id=8825008
	Index Scan using sbtest1_pkey on sbtest1  (cost=0.43..8.45 rows=1 width=121)
	  Index Cond: (id = 8825008)

table 2 : explain SELECT c FROM sbtest2 WHERE id=3536977
	Index Scan using sbtest2_pkey on sbtest2  (cost=0.43..8.45 rows=1 width=121)
	  Index Cond: (id = 3536977)

table 3 : explain SELECT c FROM sbtest3 WHERE id=2644461
	Index Scan using sbtest3_pkey on sbtest3  (cost=0.43..8.45 rows=1 width=121)
	  Index Cond: (id = 2644461)

table 4 : explain SELECT c FROM sbtest4 WHERE id=3890409
	Index Scan using sbtest4_pkey on sbtest4  (cost=0.43..8.45 rows=1 width=121)
	  Index Cond: (id = 3890409)

table 5 : explain SELECT c FROM sbtest5 WHERE id=6672895
	Index Scan using sbtest5_pkey on sbtest5  (cost=0.43..8.45 rows=1 width=121)
	  Index Cond: (id = 6672895)

table 6 : explain SELECT c FROM sbtest6 WHERE id=7072878
	Index Scan using sbtest6_pkey on sbtest6  (cost=0.43..8.45 rows=1 width=121)
	  Index Cond: (id = 7072878)

table 7 : explain SELECT c FROM sbtest7 WHERE id=2558794
	Index Scan using sbtest7_pkey on sbtest7  (cost=0.43..8.45 rows=1 width=121)
	  Index Cond: (id = 2558794)

table 8 : explain SELECT c FROM sbtest8 WHERE id=6668624
	Index Scan using sbtest8_pkey on sbtest8  (cost=0.43..8.45 rows=1 width=121)
	  Index Cond: (id = 6668624)

for: sum_ranges
table 1 : explain SELECT SUM(k) FROM sbtest1 WHERE id BETWEEN 3135552 AND 3136551
	Aggregate  (cost=4276.42..4276.43 rows=1 width=8)
	  ->  Bitmap Heap Scan on sbtest1  (cost=39.75..4273.66 rows=1104 width=4)
	        Recheck Cond: ((id >= 3135552) AND (id <= 3136551))
	        ->  Bitmap Index Scan on sbtest1_pkey  (cost=0.00..39.48 rows=1104 width=0)
	              Index Cond: ((id >= 3135552) AND (id <= 3136551))

table 2 : explain SELECT SUM(k) FROM sbtest2 WHERE id BETWEEN 7391895 AND 7392894
	Aggregate  (cost=4309.19..4309.20 rows=1 width=8)
	  ->  Bitmap Heap Scan on sbtest2  (cost=39.84..4306.40 rows=1113 width=4)
	        Recheck Cond: ((id >= 7391895) AND (id <= 7392894))
	        ->  Bitmap Index Scan on sbtest2_pkey  (cost=0.00..39.57 rows=1113 width=0)
	              Index Cond: ((id >= 7391895) AND (id <= 7392894))

table 3 : explain SELECT SUM(k) FROM sbtest3 WHERE id BETWEEN 4758158 AND 4759157
	Aggregate  (cost=3704.46..3704.47 rows=1 width=8)
	  ->  Bitmap Heap Scan on sbtest3  (cost=34.20..3702.08 rows=953 width=4)
	        Recheck Cond: ((id >= 4758158) AND (id <= 4759157))
	        ->  Bitmap Index Scan on sbtest3_pkey  (cost=0.00..33.97 rows=953 width=0)
	              Index Cond: ((id >= 4758158) AND (id <= 4759157))

table 4 : explain SELECT SUM(k) FROM sbtest4 WHERE id BETWEEN 1397559 AND 1398558
	Aggregate  (cost=3418.49..3418.50 rows=1 width=8)
	  ->  Bitmap Heap Scan on sbtest4  (cost=29.43..3416.30 rows=878 width=4)
	        Recheck Cond: ((id >= 1397559) AND (id <= 1398558))
	        ->  Bitmap Index Scan on sbtest4_pkey  (cost=0.00..29.21 rows=878 width=0)
	              Index Cond: ((id >= 1397559) AND (id <= 1398558))

table 5 : explain SELECT SUM(k) FROM sbtest5 WHERE id BETWEEN 5277665 AND 5278664
	Aggregate  (cost=3699.62..3699.63 rows=1 width=8)
	  ->  Bitmap Heap Scan on sbtest5  (cost=34.20..3697.24 rows=953 width=4)
	        Recheck Cond: ((id >= 5277665) AND (id <= 5278664))
	        ->  Bitmap Index Scan on sbtest5_pkey  (cost=0.00..33.97 rows=953 width=0)
	              Index Cond: ((id >= 5277665) AND (id <= 5278664))

table 6 : explain SELECT SUM(k) FROM sbtest6 WHERE id BETWEEN 196088 AND 197087
	Aggregate  (cost=4091.01..4091.02 rows=1 width=8)
	  ->  Bitmap Heap Scan on sbtest6  (cost=35.26..4088.37 rows=1056 width=4)
	        Recheck Cond: ((id >= 196088) AND (id <= 197087))
	        ->  Bitmap Index Scan on sbtest6_pkey  (cost=0.00..35.00 rows=1056 width=0)
	              Index Cond: ((id >= 196088) AND (id <= 197087))

table 7 : explain SELECT SUM(k) FROM sbtest7 WHERE id BETWEEN 9039830 AND 9040829
	Aggregate  (cost=4070.80..4070.81 rows=1 width=8)
	  ->  Bitmap Heap Scan on sbtest7  (cost=35.19..4068.18 rows=1049 width=4)
	        Recheck Cond: ((id >= 9039830) AND (id <= 9040829))
	        ->  Bitmap Index Scan on sbtest7_pkey  (cost=0.00..34.93 rows=1049 width=0)
	              Index Cond: ((id >= 9039830) AND (id <= 9040829))

table 8 : explain SELECT SUM(k) FROM sbtest8 WHERE id BETWEEN 3932357 AND 3933356
	Aggregate  (cost=4155.83..4155.84 rows=1 width=8)
	  ->  Bitmap Heap Scan on sbtest8  (cost=35.42..4153.15 rows=1072 width=4)
	        Recheck Cond: ((id >= 3932357) AND (id <= 3933356))
	        ->  Bitmap Index Scan on sbtest8_pkey  (cost=0.00..35.16 rows=1072 width=0)
	              Index Cond: ((id >= 3932357) AND (id <= 3933356))

for: order_ranges
table 1 : explain SELECT c FROM sbtest1 WHERE id BETWEEN 6857446 AND 6858445 ORDER BY c
	Sort  (cost=3470.91..3473.11 rows=882 width=121)
	  Sort Key: c
	  ->  Bitmap Heap Scan on sbtest1  (cost=29.48..3427.76 rows=882 width=121)
	        Recheck Cond: ((id >= 6857446) AND (id <= 6858445))
	        ->  Bitmap Index Scan on sbtest1_pkey  (cost=0.00..29.25 rows=882 width=0)
	              Index Cond: ((id >= 6857446) AND (id <= 6858445))

table 2 : explain SELECT c FROM sbtest2 WHERE id BETWEEN 4397890 AND 4398889 ORDER BY c
	Sort  (cost=3815.71..3818.14 rows=971 width=121)
	  Sort Key: c
	  ->  Bitmap Heap Scan on sbtest2  (cost=34.39..3767.53 rows=971 width=121)
	        Recheck Cond: ((id >= 4397890) AND (id <= 4398889))
	        ->  Bitmap Index Scan on sbtest2_pkey  (cost=0.00..34.15 rows=971 width=0)
	              Index Cond: ((id >= 4397890) AND (id <= 4398889))

table 3 : explain SELECT c FROM sbtest3 WHERE id BETWEEN 3981476 AND 3982475 ORDER BY c
	Sort  (cost=3591.75..3594.03 rows=912 width=121)
	  Sort Key: c
	  ->  Bitmap Heap Scan on sbtest3  (cost=33.78..3546.91 rows=912 width=121)
	        Recheck Cond: ((id >= 3981476) AND (id <= 3982475))
	        ->  Bitmap Index Scan on sbtest3_pkey  (cost=0.00..33.56 rows=912 width=0)
	              Index Cond: ((id >= 3981476) AND (id <= 3982475))

table 4 : explain SELECT c FROM sbtest4 WHERE id BETWEEN 3351427 AND 3352426 ORDER BY c
	Sort  (cost=3682.57..3684.91 rows=935 width=121)
	  Sort Key: c
	  ->  Bitmap Heap Scan on sbtest4  (cost=34.02..3636.43 rows=935 width=121)
	        Recheck Cond: ((id >= 3351427) AND (id <= 3352426))
	        ->  Bitmap Index Scan on sbtest4_pkey  (cost=0.00..33.79 rows=935 width=0)
	              Index Cond: ((id >= 3351427) AND (id <= 3352426))

table 5 : explain SELECT c FROM sbtest5 WHERE id BETWEEN 520936 AND 521935 ORDER BY c
	Sort  (cost=3729.07..3731.45 rows=949 width=121)
	  Sort Key: c
	  ->  Bitmap Heap Scan on sbtest5  (cost=34.16..3682.14 rows=949 width=121)
	        Recheck Cond: ((id >= 520936) AND (id <= 521935))
	        ->  Bitmap Index Scan on sbtest5_pkey  (cost=0.00..33.93 rows=949 width=0)
	              Index Cond: ((id >= 520936) AND (id <= 521935))

table 6 : explain SELECT c FROM sbtest6 WHERE id BETWEEN 7792902 AND 7793901 ORDER BY c
	Sort  (cost=3992.22..3994.76 rows=1017 width=121)
	  Sort Key: c
	  ->  Bitmap Heap Scan on sbtest6  (cost=34.86..3941.42 rows=1017 width=121)
	        Recheck Cond: ((id >= 7792902) AND (id <= 7793901))
	        ->  Bitmap Index Scan on sbtest6_pkey  (cost=0.00..34.61 rows=1017 width=0)
	              Index Cond: ((id >= 7792902) AND (id <= 7793901))

table 7 : explain SELECT c FROM sbtest7 WHERE id BETWEEN 1740374 AND 1741373 ORDER BY c
	Sort  (cost=3775.42..3777.82 rows=959 width=121)
	  Sort Key: c
	  ->  Bitmap Heap Scan on sbtest7  (cost=34.26..3727.93 rows=959 width=121)
	        Recheck Cond: ((id >= 1740374) AND (id <= 1741373))
	        ->  Bitmap Index Scan on sbtest7_pkey  (cost=0.00..34.03 rows=959 width=0)
	              Index Cond: ((id >= 1740374) AND (id <= 1741373))

table 8 : explain SELECT c FROM sbtest8 WHERE id BETWEEN 2567057 AND 2568056 ORDER BY c
	Sort  (cost=3667.55..3669.86 rows=924 width=121)
	  Sort Key: c
	  ->  Index Scan using sbtest8_pkey on sbtest8  (cost=0.43..3622.03 rows=924 width=121)
	        Index Cond: ((id >= 2567057) AND (id <= 2568056))

for: sum_ranges
table 1 : explain SELECT SUM(k) FROM sbtest1 WHERE id BETWEEN 9365512 AND 9366511
	Aggregate  (cost=3782.19..3782.20 rows=1 width=8)
	  ->  Bitmap Heap Scan on sbtest1  (cost=34.42..3779.76 rows=974 width=4)
	        Recheck Cond: ((id >= 9365512) AND (id <= 9366511))
	        ->  Bitmap Index Scan on sbtest1_pkey  (cost=0.00..34.18 rows=974 width=0)
	              Index Cond: ((id >= 9365512) AND (id <= 9366511))

table 2 : explain SELECT SUM(k) FROM sbtest2 WHERE id BETWEEN 7814311 AND 7815310
	Aggregate  (cost=4090.64..4090.65 rows=1 width=8)
	  ->  Bitmap Heap Scan on sbtest2  (cost=35.26..4088.00 rows=1056 width=4)
	        Recheck Cond: ((id >= 7814311) AND (id <= 7815310))
	        ->  Bitmap Index Scan on sbtest2_pkey  (cost=0.00..35.00 rows=1056 width=0)
	              Index Cond: ((id >= 7814311) AND (id <= 7815310))

table 3 : explain SELECT SUM(k) FROM sbtest3 WHERE id BETWEEN 2781275 AND 2782274
	Aggregate  (cost=4161.46..4161.47 rows=1 width=8)
	  ->  Bitmap Heap Scan on sbtest3  (cost=35.44..4158.78 rows=1074 width=4)
	        Recheck Cond: ((id >= 2781275) AND (id <= 2782274))
	        ->  Bitmap Index Scan on sbtest3_pkey  (cost=0.00..35.18 rows=1074 width=0)
	              Index Cond: ((id >= 2781275) AND (id <= 2782274))

table 4 : explain SELECT SUM(k) FROM sbtest4 WHERE id BETWEEN 796979 AND 797978
	Aggregate  (cost=3952.97..3952.98 rows=1 width=8)
	  ->  Bitmap Heap Scan on sbtest4  (cost=34.87..3950.42 rows=1018 width=4)
	        Recheck Cond: ((id >= 796979) AND (id <= 797978))
	        ->  Bitmap Index Scan on sbtest4_pkey  (cost=0.00..34.62 rows=1018 width=0)
	              Index Cond: ((id >= 796979) AND (id <= 797978))

table 5 : explain SELECT SUM(k) FROM sbtest5 WHERE id BETWEEN 5224883 AND 5225882
	Aggregate  (cost=3699.62..3699.63 rows=1 width=8)
	  ->  Bitmap Heap Scan on sbtest5  (cost=34.20..3697.24 rows=953 width=4)
	        Recheck Cond: ((id >= 5224883) AND (id <= 5225882))
	        ->  Bitmap Index Scan on sbtest5_pkey  (cost=0.00..33.97 rows=953 width=0)
	              Index Cond: ((id >= 5224883) AND (id <= 5225882))

table 6 : explain SELECT SUM(k) FROM sbtest6 WHERE id BETWEEN 5829568 AND 5830567
	Aggregate  (cost=3474.94..3474.95 rows=1 width=8)
	  ->  Bitmap Heap Scan on sbtest6  (cost=29.60..3472.70 rows=894 width=4)
	        Recheck Cond: ((id >= 5829568) AND (id <= 5830567))
	        ->  Bitmap Index Scan on sbtest6_pkey  (cost=0.00..29.37 rows=894 width=0)
	              Index Cond: ((id >= 5829568) AND (id <= 5830567))

table 7 : explain SELECT SUM(k) FROM sbtest7 WHERE id BETWEEN 2273916 AND 2274915
	Aggregate  (cost=4006.57..4006.58 rows=1 width=8)
	  ->  Bitmap Heap Scan on sbtest7  (cost=35.01..4003.99 rows=1032 width=4)
	        Recheck Cond: ((id >= 2273916) AND (id <= 2274915))
	        ->  Bitmap Index Scan on sbtest7_pkey  (cost=0.00..34.76 rows=1032 width=0)
	              Index Cond: ((id >= 2273916) AND (id <= 2274915))

table 8 : explain SELECT SUM(k) FROM sbtest8 WHERE id BETWEEN 8488515 AND 8489514
	Aggregate  (cost=3745.25..3745.26 rows=1 width=8)
	  ->  Index Scan using sbtest8_pkey on sbtest8  (cost=0.43..3742.86 rows=955 width=4)
	        Index Cond: ((id >= 8488515) AND (id <= 8489514))

explain: for point_selects :: explain SELECT c FROM sbtest%u WHERE id=%u
explain: for point_selects :: explain SELECT c FROM sbtest%u WHERE id=%u
for: simple_ranges
table 1 : explain SELECT c FROM sbtest1 WHERE id BETWEEN 7617610 AND 7618609
	Bitmap Heap Scan on sbtest1  (cost=35.12..4036.28 rows=1042 width=121)
	  Recheck Cond: ((id >= 7617610) AND (id <= 7618609))
	  ->  Bitmap Index Scan on sbtest1_pkey  (cost=0.00..34.86 rows=1042 width=0)
	        Index Cond: ((id >= 7617610) AND (id <= 7618609))

table 2 : explain SELECT c FROM sbtest2 WHERE id BETWEEN 7375379 AND 7376378
	Bitmap Heap Scan on sbtest2  (cost=35.03..4005.14 rows=1034 width=121)
	  Recheck Cond: ((id >= 7375379) AND (id <= 7376378))
	  ->  Bitmap Index Scan on sbtest2_pkey  (cost=0.00..34.78 rows=1034 width=0)
	        Index Cond: ((id >= 7375379) AND (id <= 7376378))

table 3 : explain SELECT c FROM sbtest3 WHERE id BETWEEN 1760027 AND 1761026
	Bitmap Heap Scan on sbtest3  (cost=35.48..4173.84 rows=1078 width=121)
	  Recheck Cond: ((id >= 1760027) AND (id <= 1761026))
	  ->  Bitmap Index Scan on sbtest3_pkey  (cost=0.00..35.22 rows=1078 width=0)
	        Index Cond: ((id >= 1760027) AND (id <= 1761026))

table 4 : explain SELECT c FROM sbtest4 WHERE id BETWEEN 4741204 AND 4742203
	Bitmap Heap Scan on sbtest4  (cost=34.93..3973.09 rows=1024 width=121)
	  Recheck Cond: ((id >= 4741204) AND (id <= 4742203))
	  ->  Bitmap Index Scan on sbtest4_pkey  (cost=0.00..34.68 rows=1024 width=0)
	        Index Cond: ((id >= 4741204) AND (id <= 4742203))

table 5 : explain SELECT c FROM sbtest5 WHERE id BETWEEN 8222631 AND 8223630
	Bitmap Heap Scan on sbtest5  (cost=35.64..4224.39 rows=1093 width=121)
	  Recheck Cond: ((id >= 8222631) AND (id <= 8223630))
	  ->  Bitmap Index Scan on sbtest5_pkey  (cost=0.00..35.37 rows=1093 width=0)
	        Index Cond: ((id >= 8222631) AND (id <= 8223630))

table 6 : explain SELECT c FROM sbtest6 WHERE id BETWEEN 1741367 AND 1742366
	Bitmap Heap Scan on sbtest6  (cost=35.18..4058.24 rows=1048 width=121)
	  Recheck Cond: ((id >= 1741367) AND (id <= 1742366))
	  ->  Bitmap Index Scan on sbtest6_pkey  (cost=0.00..34.92 rows=1048 width=0)
	        Index Cond: ((id >= 1741367) AND (id <= 1742366))

table 7 : explain SELECT c FROM sbtest7 WHERE id BETWEEN 2645035 AND 2646034
	Bitmap Heap Scan on sbtest7  (cost=34.10..3667.33 rows=943 width=121)
	  Recheck Cond: ((id >= 2645035) AND (id <= 2646034))
	  ->  Bitmap Index Scan on sbtest7_pkey  (cost=0.00..33.87 rows=943 width=0)
	        Index Cond: ((id >= 2645035) AND (id <= 2646034))

table 8 : explain SELECT c FROM sbtest8 WHERE id BETWEEN 6101633 AND 6102632
	Index Scan using sbtest8_pkey on sbtest8  (cost=0.43..3863.68 rows=986 width=121)
	  Index Cond: ((id >= 6101633) AND (id <= 6102632))

explain: for point_selects :: explain SELECT c FROM sbtest%u WHERE id=%u
for: sum_ranges
table 1 : explain SELECT SUM(k) FROM sbtest1 WHERE id BETWEEN 2206920 AND 2207919
	Aggregate  (cost=4404.33..4404.34 rows=1 width=8)
	  ->  Bitmap Heap Scan on sbtest1  (cost=40.11..4401.48 rows=1139 width=4)
	        Recheck Cond: ((id >= 2206920) AND (id <= 2207919))
	        ->  Bitmap Index Scan on sbtest1_pkey  (cost=0.00..39.83 rows=1139 width=0)
	              Index Cond: ((id >= 2206920) AND (id <= 2207919))

table 2 : explain SELECT SUM(k) FROM sbtest2 WHERE id BETWEEN 2042563 AND 2043562
	Aggregate  (cost=4117.01..4117.02 rows=1 width=8)
	  ->  Bitmap Heap Scan on sbtest2  (cost=35.33..4114.35 rows=1063 width=4)
	        Recheck Cond: ((id >= 2042563) AND (id <= 2043562))
	        ->  Bitmap Index Scan on sbtest2_pkey  (cost=0.00..35.07 rows=1063 width=0)
	              Index Cond: ((id >= 2042563) AND (id <= 2043562))

table 3 : explain SELECT SUM(k) FROM sbtest3 WHERE id BETWEEN 5732249 AND 5733248
	Aggregate  (cost=3761.21..3761.22 rows=1 width=8)
	  ->  Bitmap Heap Scan on sbtest3  (cost=34.36..3758.79 rows=968 width=4)
	        Recheck Cond: ((id >= 5732249) AND (id <= 5733248))
	        ->  Bitmap Index Scan on sbtest3_pkey  (cost=0.00..34.12 rows=968 width=0)
	              Index Cond: ((id >= 5732249) AND (id <= 5733248))

table 4 : explain SELECT SUM(k) FROM sbtest4 WHERE id BETWEEN 8852434 AND 8853433
	Aggregate  (cost=3949.19..3949.20 rows=1 width=8)
	  ->  Bitmap Heap Scan on sbtest4  (cost=34.86..3946.65 rows=1017 width=4)
	        Recheck Cond: ((id >= 8852434) AND (id <= 8853433))
	        ->  Bitmap Index Scan on sbtest4_pkey  (cost=0.00..34.61 rows=1017 width=0)
	              Index Cond: ((id >= 8852434) AND (id <= 8853433))

table 5 : explain SELECT SUM(k) FROM sbtest5 WHERE id BETWEEN 3671132 AND 3672131
	Aggregate  (cost=3688.29..3688.30 rows=1 width=8)
	  ->  Bitmap Heap Scan on sbtest5  (cost=34.17..3685.92 rows=950 width=4)
	        Recheck Cond: ((id >= 3671132) AND (id <= 3672131))
	        ->  Bitmap Index Scan on sbtest5_pkey  (cost=0.00..33.94 rows=950 width=0)
	              Index Cond: ((id >= 3671132) AND (id <= 3672131))

table 6 : explain SELECT SUM(k) FROM sbtest6 WHERE id BETWEEN 7136396 AND 7137395
	Aggregate  (cost=3527.97..3527.98 rows=1 width=8)
	  ->  Bitmap Heap Scan on sbtest6  (cost=29.74..3525.70 rows=908 width=4)
	        Recheck Cond: ((id >= 7136396) AND (id <= 7137395))
	        ->  Bitmap Index Scan on sbtest6_pkey  (cost=0.00..29.51 rows=908 width=0)
	              Index Cond: ((id >= 7136396) AND (id <= 7137395))

table 7 : explain SELECT SUM(k) FROM sbtest7 WHERE id BETWEEN 4909275 AND 4910274
	Aggregate  (cost=3881.77..3881.78 rows=1 width=8)
	  ->  Bitmap Heap Scan on sbtest7  (cost=34.67..3879.27 rows=999 width=4)
	        Recheck Cond: ((id >= 4909275) AND (id <= 4910274))
	        ->  Bitmap Index Scan on sbtest7_pkey  (cost=0.00..34.43 rows=999 width=0)
	              Index Cond: ((id >= 4909275) AND (id <= 4910274))

table 8 : explain SELECT SUM(k) FROM sbtest8 WHERE id BETWEEN 7893661 AND 7894660
	Aggregate  (cost=3612.65..3612.66 rows=1 width=8)
	  ->  Index Scan using sbtest8_pkey on sbtest8  (cost=0.43..3610.34 rows=921 width=4)
	        Index Cond: ((id >= 7893661) AND (id <= 7894660))

for: distinct_ranges
table 1 : explain SELECT DISTINCT c FROM sbtest1 WHERE id BETWEEN 8517679 AND 8518678 ORDER BY c
	Unique  (cost=3935.40..3940.41 rows=1002 width=121)
	  ->  Sort  (cost=3935.40..3937.90 rows=1002 width=121)
	        Sort Key: c
	        ->  Bitmap Heap Scan on sbtest1  (cost=34.71..3885.45 rows=1002 width=121)
	              Recheck Cond: ((id >= 8517679) AND (id <= 8518678))
	              ->  Bitmap Index Scan on sbtest1_pkey  (cost=0.00..34.45 rows=1002 width=0)
	                    Index Cond: ((id >= 8517679) AND (id <= 8518678))

table 2 : explain SELECT DISTINCT c FROM sbtest2 WHERE id BETWEEN 5569267 AND 5570266 ORDER BY c
	Unique  (cost=3650.80..3655.44 rows=928 width=121)
	  ->  Sort  (cost=3650.80..3653.12 rows=928 width=121)
	        Sort Key: c
	        ->  Bitmap Heap Scan on sbtest2  (cost=33.95..3605.06 rows=928 width=121)
	              Recheck Cond: ((id >= 5569267) AND (id <= 5570266))
	              ->  Bitmap Index Scan on sbtest2_pkey  (cost=0.00..33.72 rows=928 width=0)
	                    Index Cond: ((id >= 5569267) AND (id <= 5570266))

table 3 : explain SELECT DISTINCT c FROM sbtest3 WHERE id BETWEEN 1896474 AND 1897473 ORDER BY c
	Unique  (cost=4124.85..4130.11 rows=1051 width=121)
	  ->  Sort  (cost=4124.85..4127.48 rows=1051 width=121)
	        Sort Key: c
	        ->  Bitmap Heap Scan on sbtest3  (cost=35.21..4072.10 rows=1051 width=121)
	              Recheck Cond: ((id >= 1896474) AND (id <= 1897473))
	              ->  Bitmap Index Scan on sbtest3_pkey  (cost=0.00..34.95 rows=1051 width=0)
	                    Index Cond: ((id >= 1896474) AND (id <= 1897473))

table 4 : explain SELECT DISTINCT c FROM sbtest4 WHERE id BETWEEN 7381601 AND 7382600 ORDER BY c
	Unique  (cost=4146.93..4152.21 rows=1056 width=121)
	  ->  Sort  (cost=4146.93..4149.57 rows=1056 width=121)
	        Sort Key: c
	        ->  Bitmap Heap Scan on sbtest4  (cost=35.26..4093.90 rows=1056 width=121)
	              Recheck Cond: ((id >= 7381601) AND (id <= 7382600))
	              ->  Bitmap Index Scan on sbtest4_pkey  (cost=0.00..35.00 rows=1056 width=0)
	                    Index Cond: ((id >= 7381601) AND (id <= 7382600))

table 5 : explain SELECT DISTINCT c FROM sbtest5 WHERE id BETWEEN 2660318 AND 2661317 ORDER BY c
	Unique  (cost=3924.32..3929.32 rows=1000 width=121)
	  ->  Sort  (cost=3924.32..3926.82 rows=1000 width=121)
	        Sort Key: c
	        ->  Bitmap Heap Scan on sbtest5  (cost=34.69..3874.49 rows=1000 width=121)
	              Recheck Cond: ((id >= 2660318) AND (id <= 2661317))
	              ->  Bitmap Index Scan on sbtest5_pkey  (cost=0.00..34.44 rows=1000 width=0)
	                    Index Cond: ((id >= 2660318) AND (id <= 2661317))

table 6 : explain SELECT DISTINCT c FROM sbtest6 WHERE id BETWEEN 8779567 AND 8780566 ORDER BY c
	Unique  (cost=3911.82..3916.80 rows=996 width=121)
	  ->  Sort  (cost=3911.82..3914.31 rows=996 width=121)
	        Sort Key: c
	        ->  Bitmap Heap Scan on sbtest6  (cost=34.64..3862.21 rows=996 width=121)
	              Recheck Cond: ((id >= 8779567) AND (id <= 8780566))
	              ->  Bitmap Index Scan on sbtest6_pkey  (cost=0.00..34.40 rows=996 width=0)
	                    Index Cond: ((id >= 8779567) AND (id <= 8780566))

table 7 : explain SELECT DISTINCT c FROM sbtest7 WHERE id BETWEEN 8568247 AND 8569246 ORDER BY c
	Unique  (cost=3856.10..3861.00 rows=980 width=121)
	  ->  Sort  (cost=3856.10..3858.55 rows=980 width=121)
	        Sort Key: c
	        ->  Bitmap Heap Scan on sbtest7  (cost=34.48..3807.41 rows=980 width=121)
	              Recheck Cond: ((id >= 8568247) AND (id <= 8569246))
	              ->  Bitmap Index Scan on sbtest7_pkey  (cost=0.00..34.23 rows=980 width=0)
	                    Index Cond: ((id >= 8568247) AND (id <= 8569246))

table 8 : explain SELECT DISTINCT c FROM sbtest8 WHERE id BETWEEN 7930151 AND 7931150 ORDER BY c
	Unique  (cost=4249.20..4254.62 rows=1083 width=121)
	  ->  Sort  (cost=4249.20..4251.91 rows=1083 width=121)
	        Sort Key: c
	        ->  Bitmap Heap Scan on sbtest8  (cost=35.54..4194.62 rows=1083 width=121)
	              Recheck Cond: ((id >= 7930151) AND (id <= 7931150))
	              ->  Bitmap Index Scan on sbtest8_pkey  (cost=0.00..35.27 rows=1083 width=0)
	                    Index Cond: ((id >= 7930151) AND (id <= 7931150))

for: simple_ranges
table 1 : explain SELECT c FROM sbtest1 WHERE id BETWEEN 3599806 AND 3600805
	Bitmap Heap Scan on sbtest1  (cost=34.85..3938.27 rows=1016 width=121)
	  Recheck Cond: ((id >= 3599806) AND (id <= 3600805))
	  ->  Bitmap Index Scan on sbtest1_pkey  (cost=0.00..34.59 rows=1016 width=0)
	        Index Cond: ((id >= 3599806) AND (id <= 3600805))

table 2 : explain SELECT c FROM sbtest2 WHERE id BETWEEN 117510 AND 118509
	Bitmap Heap Scan on sbtest2  (cost=34.36..3756.20 rows=968 width=121)
	  Recheck Cond: ((id >= 117510) AND (id <= 118509))
	  ->  Bitmap Index Scan on sbtest2_pkey  (cost=0.00..34.12 rows=968 width=0)
	        Index Cond: ((id >= 117510) AND (id <= 118509))

table 3 : explain SELECT c FROM sbtest3 WHERE id BETWEEN 9486071 AND 9487070
	Bitmap Heap Scan on sbtest3  (cost=34.25..3720.99 rows=958 width=121)
	  Recheck Cond: ((id >= 9486071) AND (id <= 9487070))
	  ->  Bitmap Index Scan on sbtest3_pkey  (cost=0.00..34.02 rows=958 width=0)
	        Index Cond: ((id >= 9486071) AND (id <= 9487070))

table 4 : explain SELECT c FROM sbtest4 WHERE id BETWEEN 1352711 AND 1353710
	Bitmap Heap Scan on sbtest4  (cost=34.92..3969.31 rows=1023 width=121)
	  Recheck Cond: ((id >= 1352711) AND (id <= 1353710))
	  ->  Bitmap Index Scan on sbtest4_pkey  (cost=0.00..34.67 rows=1023 width=0)
	        Index Cond: ((id >= 1352711) AND (id <= 1353710))

table 5 : explain SELECT c FROM sbtest5 WHERE id BETWEEN 7767837 AND 7768836
	Bitmap Heap Scan on sbtest5  (cost=34.71..3882.03 rows=1002 width=121)
	  Recheck Cond: ((id >= 7767837) AND (id <= 7768836))
	  ->  Bitmap Index Scan on sbtest5_pkey  (cost=0.00..34.45 rows=1002 width=0)
	        Index Cond: ((id >= 7767837) AND (id <= 7768836))

table 6 : explain SELECT c FROM sbtest6 WHERE id BETWEEN 7247813 AND 7248812
	Bitmap Heap Scan on sbtest6  (cost=34.69..3877.31 rows=1000 width=121)
	  Recheck Cond: ((id >= 7247813) AND (id <= 7248812))
	  ->  Bitmap Index Scan on sbtest6_pkey  (cost=0.00..34.44 rows=1000 width=0)
	        Index Cond: ((id >= 7247813) AND (id <= 7248812))

table 7 : explain SELECT c FROM sbtest7 WHERE id BETWEEN 9885892 AND 9886891
	Bitmap Heap Scan on sbtest7  (cost=34.02..3637.02 rows=935 width=121)
	  Recheck Cond: ((id >= 9885892) AND (id <= 9886891))
	  ->  Bitmap Index Scan on sbtest7_pkey  (cost=0.00..33.79 rows=935 width=0)
	        Index Cond: ((id >= 9885892) AND (id <= 9886891))

table 8 : explain SELECT c FROM sbtest8 WHERE id BETWEEN 6522890 AND 6523889
	Index Scan using sbtest8_pkey on sbtest8  (cost=0.43..3781.85 rows=965 width=121)
	  Index Cond: ((id >= 6522890) AND (id <= 6523889))

explain: for point_selects :: explain SELECT c FROM sbtest%u WHERE id=%u
for: sum_ranges
table 1 : explain SELECT SUM(k) FROM sbtest1 WHERE id BETWEEN 4189616 AND 4190615
	Aggregate  (cost=4321.57..4321.58 rows=1 width=8)
	  ->  Bitmap Heap Scan on sbtest1  (cost=39.87..4318.78 rows=1116 width=4)
	        Recheck Cond: ((id >= 4189616) AND (id <= 4190615))
	        ->  Bitmap Index Scan on sbtest1_pkey  (cost=0.00..39.59 rows=1116 width=0)
	              Index Cond: ((id >= 4189616) AND (id <= 4190615))

table 2 : explain SELECT SUM(k) FROM sbtest2 WHERE id BETWEEN 6888848 AND 6889847
	Aggregate  (cost=4071.80..4071.81 rows=1 width=8)
	  ->  Bitmap Heap Scan on sbtest2  (cost=35.21..4069.18 rows=1051 width=4)
	        Recheck Cond: ((id >= 6888848) AND (id <= 6889847))
	        ->  Bitmap Index Scan on sbtest2_pkey  (cost=0.00..34.95 rows=1051 width=0)
	              Index Cond: ((id >= 6888848) AND (id <= 6889847))

table 3 : explain SELECT SUM(k) FROM sbtest3 WHERE id BETWEEN 7914510 AND 7915509
	Aggregate  (cost=3791.47..3791.48 rows=1 width=8)
	  ->  Bitmap Heap Scan on sbtest3  (cost=34.44..3789.03 rows=976 width=4)
	        Recheck Cond: ((id >= 7914510) AND (id <= 7915509))
	        ->  Bitmap Index Scan on sbtest3_pkey  (cost=0.00..34.20 rows=976 width=0)
	              Index Cond: ((id >= 7914510) AND (id <= 7915509))

table 4 : explain SELECT SUM(k) FROM sbtest4 WHERE id BETWEEN 7183756 AND 7184755
	Aggregate  (cost=4039.88..4039.89 rows=1 width=8)
	  ->  Bitmap Heap Scan on sbtest4  (cost=35.11..4037.28 rows=1041 width=4)
	        Recheck Cond: ((id >= 7183756) AND (id <= 7184755))
	        ->  Bitmap Index Scan on sbtest4_pkey  (cost=0.00..34.84 rows=1041 width=0)
	              Index Cond: ((id >= 7183756) AND (id <= 7184755))

table 5 : explain SELECT SUM(k) FROM sbtest5 WHERE id BETWEEN 1469999 AND 1470998
	Aggregate  (cost=3918.46..3918.47 rows=1 width=8)
	  ->  Bitmap Heap Scan on sbtest5  (cost=34.80..3915.93 rows=1011 width=4)
	        Recheck Cond: ((id >= 1469999) AND (id <= 1470998))
	        ->  Bitmap Index Scan on sbtest5_pkey  (cost=0.00..34.55 rows=1011 width=0)
	              Index Cond: ((id >= 1469999) AND (id <= 1470998))

table 6 : explain SELECT SUM(k) FROM sbtest6 WHERE id BETWEEN 1304665 AND 1305664
	Aggregate  (cost=3849.60..3849.61 rows=1 width=8)
	  ->  Bitmap Heap Scan on sbtest6  (cost=34.60..3847.12 rows=992 width=4)
	        Recheck Cond: ((id >= 1304665) AND (id <= 1305664))
	        ->  Bitmap Index Scan on sbtest6_pkey  (cost=0.00..34.36 rows=992 width=0)
	              Index Cond: ((id >= 1304665) AND (id <= 1305664))

table 7 : explain SELECT SUM(k) FROM sbtest7 WHERE id BETWEEN 1796200 AND 1797199
	Aggregate  (cost=4040.58..4040.59 rows=1 width=8)
	  ->  Bitmap Heap Scan on sbtest7  (cost=35.11..4037.97 rows=1041 width=4)
	        Recheck Cond: ((id >= 1796200) AND (id <= 1797199))
	        ->  Bitmap Index Scan on sbtest7_pkey  (cost=0.00..34.84 rows=1041 width=0)
	              Index Cond: ((id >= 1796200) AND (id <= 1797199))

table 8 : explain SELECT SUM(k) FROM sbtest8 WHERE id BETWEEN 4522090 AND 4523089
	Aggregate  (cost=3936.36..3936.37 rows=1 width=8)
	  ->  Index Scan using sbtest8_pkey on sbtest8  (cost=0.43..3933.85 rows=1004 width=4)
	        Index Cond: ((id >= 4522090) AND (id <= 4523089))

for: distinct_ranges
table 1 : explain SELECT DISTINCT c FROM sbtest1 WHERE id BETWEEN 5200184 AND 5201183 ORDER BY c
	Unique  (cost=3920.08..3925.07 rows=998 width=121)
	  ->  Sort  (cost=3920.08..3922.57 rows=998 width=121)
	        Sort Key: c
	        ->  Bitmap Heap Scan on sbtest1  (cost=34.66..3870.36 rows=998 width=121)
	              Recheck Cond: ((id >= 5200184) AND (id <= 5201183))
	              ->  Bitmap Index Scan on sbtest1_pkey  (cost=0.00..34.42 rows=998 width=0)
	                    Index Cond: ((id >= 5200184) AND (id <= 5201183))

table 2 : explain SELECT DISTINCT c FROM sbtest2 WHERE id BETWEEN 7561625 AND 7562624 ORDER BY c
	Unique  (cost=3938.29..3943.30 rows=1003 width=121)
	  ->  Sort  (cost=3938.29..3940.79 rows=1003 width=121)
	        Sort Key: c
	        ->  Bitmap Heap Scan on sbtest2  (cost=34.72..3888.29 rows=1003 width=121)
	              Recheck Cond: ((id >= 7561625) AND (id <= 7562624))
	              ->  Bitmap Index Scan on sbtest2_pkey  (cost=0.00..34.47 rows=1003 width=0)
	                    Index Cond: ((id >= 7561625) AND (id <= 7562624))

table 3 : explain SELECT DISTINCT c FROM sbtest3 WHERE id BETWEEN 604941 AND 605940 ORDER BY c
	Unique  (cost=4009.99..4015.09 rows=1021 width=121)
	  ->  Sort  (cost=4009.99..4012.54 rows=1021 width=121)
	        Sort Key: c
	        ->  Bitmap Heap Scan on sbtest3  (cost=34.90..3958.96 rows=1021 width=121)
	              Recheck Cond: ((id >= 604941) AND (id <= 605940))
	              ->  Bitmap Index Scan on sbtest3_pkey  (cost=0.00..34.65 rows=1021 width=0)
	                    Index Cond: ((id >= 604941) AND (id <= 605940))

table 4 : explain SELECT DISTINCT c FROM sbtest4 WHERE id BETWEEN 6640032 AND 6641031 ORDER BY c
	Unique  (cost=3847.79..3852.68 rows=978 width=121)
	  ->  Sort  (cost=3847.79..3850.23 rows=978 width=121)
	        Sort Key: c
	        ->  Bitmap Heap Scan on sbtest4  (cost=34.46..3799.21 rows=978 width=121)
	              Recheck Cond: ((id >= 6640032) AND (id <= 6641031))
	              ->  Bitmap Index Scan on sbtest4_pkey  (cost=0.00..34.22 rows=978 width=0)
	                    Index Cond: ((id >= 6640032) AND (id <= 6641031))

table 5 : explain SELECT DISTINCT c FROM sbtest5 WHERE id BETWEEN 4261871 AND 4262870 ORDER BY c
	Unique  (cost=3583.22..3587.78 rows=912 width=121)
	  ->  Sort  (cost=3583.22..3585.50 rows=912 width=121)
	        Sort Key: c
	        ->  Bitmap Heap Scan on sbtest5  (cost=29.78..3538.38 rows=912 width=121)
	              Recheck Cond: ((id >= 4261871) AND (id <= 4262870))
	              ->  Bitmap Index Scan on sbtest5_pkey  (cost=0.00..29.55 rows=912 width=0)
	                    Index Cond: ((id >= 4261871) AND (id <= 4262870))

table 6 : explain SELECT DISTINCT c FROM sbtest6 WHERE id BETWEEN 9998797 AND 9999796 ORDER BY c
	Unique  (cost=4202.55..4207.91 rows=1072 width=121)
	  ->  Sort  (cost=4202.55..4205.23 rows=1072 width=121)
	        Sort Key: c
	        ->  Bitmap Heap Scan on sbtest6  (cost=35.42..4148.60 rows=1072 width=121)
	              Recheck Cond: ((id >= 9998797) AND (id <= 9999796))
	              ->  Bitmap Index Scan on sbtest6_pkey  (cost=0.00..35.16 rows=1072 width=0)
	                    Index Cond: ((id >= 9998797) AND (id <= 9999796))

table 7 : explain SELECT DISTINCT c FROM sbtest7 WHERE id BETWEEN 3755827 AND 3756826 ORDER BY c
	Unique  (cost=4021.13..4026.24 rows=1023 width=121)
	  ->  Sort  (cost=4021.13..4023.69 rows=1023 width=121)
	        Sort Key: c
	        ->  Bitmap Heap Scan on sbtest7  (cost=34.92..3969.99 rows=1023 width=121)
	              Recheck Cond: ((id >= 3755827) AND (id <= 3756826))
	              ->  Bitmap Index Scan on sbtest7_pkey  (cost=0.00..34.67 rows=1023 width=0)
	                    Index Cond: ((id >= 3755827) AND (id <= 3756826))

table 8 : explain SELECT DISTINCT c FROM sbtest8 WHERE id BETWEEN 6649668 AND 6650667 ORDER BY c
	Unique  (cost=3849.46..3854.31 rows=970 width=121)
	  ->  Sort  (cost=3849.46..3851.88 rows=970 width=121)
	        Sort Key: c
	        ->  Index Scan using sbtest8_pkey on sbtest8  (cost=0.43..3801.34 rows=970 width=121)
	              Index Cond: ((id >= 6649668) AND (id <= 6650667))

for point_selects
table 1 : explain SELECT c FROM sbtest1 WHERE id=6804130
	Index Scan using sbtest1_pkey on sbtest1  (cost=0.43..8.45 rows=1 width=121)
	  Index Cond: (id = 6804130)

table 2 : explain SELECT c FROM sbtest2 WHERE id=8618918
	Index Scan using sbtest2_pkey on sbtest2  (cost=0.43..8.45 rows=1 width=121)
	  Index Cond: (id = 8618918)

table 3 : explain SELECT c FROM sbtest3 WHERE id=3830473
	Index Scan using sbtest3_pkey on sbtest3  (cost=0.43..8.45 rows=1 width=121)
	  Index Cond: (id = 3830473)

table 4 : explain SELECT c FROM sbtest4 WHERE id=7523114
	Index Scan using sbtest4_pkey on sbtest4  (cost=0.43..8.45 rows=1 width=121)
	  Index Cond: (id = 7523114)

table 5 : explain SELECT c FROM sbtest5 WHERE id=2757206
	Index Scan using sbtest5_pkey on sbtest5  (cost=0.43..8.45 rows=1 width=121)
	  Index Cond: (id = 2757206)

table 6 : explain SELECT c FROM sbtest6 WHERE id=500994
	Index Scan using sbtest6_pkey on sbtest6  (cost=0.43..8.45 rows=1 width=121)
	  Index Cond: (id = 500994)

table 7 : explain SELECT c FROM sbtest7 WHERE id=4590835
	Index Scan using sbtest7_pkey on sbtest7  (cost=0.43..8.45 rows=1 width=121)
	  Index Cond: (id = 4590835)

table 8 : explain SELECT c FROM sbtest8 WHERE id=4942967
	Index Scan using sbtest8_pkey on sbtest8  (cost=0.43..8.45 rows=1 width=121)
	  Index Cond: (id = 4942967)

for point_selects
table 1 : explain SELECT c FROM sbtest1 WHERE id=161649
	Index Scan using sbtest1_pkey on sbtest1  (cost=0.43..8.45 rows=1 width=121)
	  Index Cond: (id = 161649)

table 2 : explain SELECT c FROM sbtest2 WHERE id=9590278
	Index Scan using sbtest2_pkey on sbtest2  (cost=0.43..8.45 rows=1 width=121)
	  Index Cond: (id = 9590278)

table 3 : explain SELECT c FROM sbtest3 WHERE id=4654976
	Index Scan using sbtest3_pkey on sbtest3  (cost=0.43..8.45 rows=1 width=121)
	  Index Cond: (id = 4654976)

table 4 : explain SELECT c FROM sbtest4 WHERE id=6808755
	Index Scan using sbtest4_pkey on sbtest4  (cost=0.43..8.45 rows=1 width=121)
	  Index Cond: (id = 6808755)

table 5 : explain SELECT c FROM sbtest5 WHERE id=3783848
	Index Scan using sbtest5_pkey on sbtest5  (cost=0.43..8.45 rows=1 width=121)
	  Index Cond: (id = 3783848)

table 6 : explain SELECT c FROM sbtest6 WHERE id=982245
	Index Scan using sbtest6_pkey on sbtest6  (cost=0.43..8.45 rows=1 width=121)
	  Index Cond: (id = 982245)

table 7 : explain SELECT c FROM sbtest7 WHERE id=633391
	Index Scan using sbtest7_pkey on sbtest7  (cost=0.43..8.45 rows=1 width=121)
	  Index Cond: (id = 633391)

table 8 : explain SELECT c FROM sbtest8 WHERE id=1902886
	Index Scan using sbtest8_pkey on sbtest8  (cost=0.43..8.45 rows=1 width=121)
	  Index Cond: (id = 1902886)

for point_selects
table 1 : explain SELECT c FROM sbtest1 WHERE id=4100411
	Index Scan using sbtest1_pkey on sbtest1  (cost=0.43..8.45 rows=1 width=121)
	  Index Cond: (id = 4100411)

table 2 : explain SELECT c FROM sbtest2 WHERE id=3086981
	Index Scan using sbtest2_pkey on sbtest2  (cost=0.43..8.45 rows=1 width=121)
	  Index Cond: (id = 3086981)

table 3 : explain SELECT c FROM sbtest3 WHERE id=9311955
	Index Scan using sbtest3_pkey on sbtest3  (cost=0.43..8.45 rows=1 width=121)
	  Index Cond: (id = 9311955)

table 4 : explain SELECT c FROM sbtest4 WHERE id=9835279
	Index Scan using sbtest4_pkey on sbtest4  (cost=0.43..8.45 rows=1 width=121)
	  Index Cond: (id = 9835279)

table 5 : explain SELECT c FROM sbtest5 WHERE id=7993877
	Index Scan using sbtest5_pkey on sbtest5  (cost=0.43..8.45 rows=1 width=121)
	  Index Cond: (id = 7993877)

table 6 : explain SELECT c FROM sbtest6 WHERE id=1327537
	Index Scan using sbtest6_pkey on sbtest6  (cost=0.43..8.45 rows=1 width=121)
	  Index Cond: (id = 1327537)

table 7 : explain SELECT c FROM sbtest7 WHERE id=5660150
	Index Scan using sbtest7_pkey on sbtest7  (cost=0.43..8.45 rows=1 width=121)
	  Index Cond: (id = 5660150)

table 8 : explain SELECT c FROM sbtest8 WHERE id=9489979
	Index Scan using sbtest8_pkey on sbtest8  (cost=0.43..8.45 rows=1 width=121)
	  Index Cond: (id = 9489979)

explain: for point_selects :: explain SELECT c FROM sbtest%u WHERE id=%u
for point_selects
table 1 : explain SELECT c FROM sbtest1 WHERE id=762603
	Index Scan using sbtest1_pkey on sbtest1  (cost=0.43..8.45 rows=1 width=121)
	  Index Cond: (id = 762603)

table 2 : explain SELECT c FROM sbtest2 WHERE id=2938404
	Index Scan using sbtest2_pkey on sbtest2  (cost=0.43..8.45 rows=1 width=121)
	  Index Cond: (id = 2938404)

table 3 : explain SELECT c FROM sbtest3 WHERE id=2777500
	Index Scan using sbtest3_pkey on sbtest3  (cost=0.43..8.45 rows=1 width=121)
	  Index Cond: (id = 2777500)

table 4 : explain SELECT c FROM sbtest4 WHERE id=6122395
	Index Scan using sbtest4_pkey on sbtest4  (cost=0.43..8.45 rows=1 width=121)
	  Index Cond: (id = 6122395)

table 5 : explain SELECT c FROM sbtest5 WHERE id=5221983
	Index Scan using sbtest5_pkey on sbtest5  (cost=0.43..8.45 rows=1 width=121)
	  Index Cond: (id = 5221983)

table 6 : explain SELECT c FROM sbtest6 WHERE id=3827900
	Index Scan using sbtest6_pkey on sbtest6  (cost=0.43..8.45 rows=1 width=121)
	  Index Cond: (id = 3827900)

table 7 : explain SELECT c FROM sbtest7 WHERE id=3143392
	Index Scan using sbtest7_pkey on sbtest7  (cost=0.43..8.45 rows=1 width=121)
	  Index Cond: (id = 3143392)

table 8 : explain SELECT c FROM sbtest8 WHERE id=7769769
	Index Scan using sbtest8_pkey on sbtest8  (cost=0.43..8.45 rows=1 width=121)
	  Index Cond: (id = 7769769)

for: order_ranges
table 1 : explain SELECT c FROM sbtest1 WHERE id BETWEEN 4322787 AND 4323786 ORDER BY c
	Sort  (cost=3828.11..3830.54 rows=974 width=121)
	  Sort Key: c
	  ->  Bitmap Heap Scan on sbtest1  (cost=34.42..3779.76 rows=974 width=121)
	        Recheck Cond: ((id >= 4322787) AND (id <= 4323786))
	        ->  Bitmap Index Scan on sbtest1_pkey  (cost=0.00..34.18 rows=974 width=0)
	              Index Cond: ((id >= 4322787) AND (id <= 4323786))

table 2 : explain SELECT c FROM sbtest2 WHERE id BETWEEN 2507703 AND 2508702 ORDER BY c
	Sort  (cost=3949.77..3952.29 rows=1006 width=121)
	  Sort Key: c
	  ->  Bitmap Heap Scan on sbtest2  (cost=34.75..3899.60 rows=1006 width=121)
	        Recheck Cond: ((id >= 2507703) AND (id <= 2508702))
	        ->  Bitmap Index Scan on sbtest2_pkey  (cost=0.00..34.50 rows=1006 width=0)
	              Index Cond: ((id >= 2507703) AND (id <= 2508702))

table 3 : explain SELECT c FROM sbtest3 WHERE id BETWEEN 6447820 AND 6448819 ORDER BY c
	Sort  (cost=3849.00..3851.44 rows=979 width=121)
	  Sort Key: c
	  ->  Bitmap Heap Scan on sbtest3  (cost=34.47..3800.36 rows=979 width=121)
	        Recheck Cond: ((id >= 6447820) AND (id <= 6448819))
	        ->  Bitmap Index Scan on sbtest3_pkey  (cost=0.00..34.23 rows=979 width=0)
	              Index Cond: ((id >= 6447820) AND (id <= 6448819))

table 4 : explain SELECT c FROM sbtest4 WHERE id BETWEEN 8395210 AND 8396209 ORDER BY c
	Sort  (cost=3671.04..3673.37 rows=932 width=121)
	  Sort Key: c
	  ->  Bitmap Heap Scan on sbtest4  (cost=33.99..3625.07 rows=932 width=121)
	        Recheck Cond: ((id >= 8395210) AND (id <= 8396209))
	        ->  Bitmap Index Scan on sbtest4_pkey  (cost=0.00..33.76 rows=932 width=0)
	              Index Cond: ((id >= 8395210) AND (id <= 8396209))

table 5 : explain SELECT c FROM sbtest5 WHERE id BETWEEN 1256205 AND 1257204 ORDER BY c
	Sort  (cost=3886.06..3888.54 rows=990 width=121)
	  Sort Key: c
	  ->  Bitmap Heap Scan on sbtest5  (cost=34.58..3836.80 rows=990 width=121)
	        Recheck Cond: ((id >= 1256205) AND (id <= 1257204))
	        ->  Bitmap Index Scan on sbtest5_pkey  (cost=0.00..34.34 rows=990 width=0)
	              Index Cond: ((id >= 1256205) AND (id <= 1257204))

table 6 : explain SELECT c FROM sbtest6 WHERE id BETWEEN 6464217 AND 6465216 ORDER BY c
	Sort  (cost=3516.53..3518.76 rows=894 width=121)
	  Sort Key: c
	  ->  Bitmap Heap Scan on sbtest6  (cost=29.60..3472.70 rows=894 width=121)
	        Recheck Cond: ((id >= 6464217) AND (id <= 6465216))
	        ->  Bitmap Index Scan on sbtest6_pkey  (cost=0.00..29.37 rows=894 width=0)
	              Index Cond: ((id >= 6464217) AND (id <= 6465216))

table 7 : explain SELECT c FROM sbtest7 WHERE id BETWEEN 978261 AND 979260 ORDER BY c
	Sort  (cost=3683.16..3685.50 rows=935 width=121)
	  Sort Key: c
	  ->  Bitmap Heap Scan on sbtest7  (cost=34.02..3637.02 rows=935 width=121)
	        Recheck Cond: ((id >= 978261) AND (id <= 979260))
	        ->  Bitmap Index Scan on sbtest7_pkey  (cost=0.00..33.79 rows=935 width=0)
	              Index Cond: ((id >= 978261) AND (id <= 979260))

table 8 : explain SELECT c FROM sbtest8 WHERE id BETWEEN 6338596 AND 6339595 ORDER BY c
	Sort  (cost=4027.10..4029.66 rows=1025 width=121)
	  Sort Key: c
	  ->  Bitmap Heap Scan on sbtest8  (cost=34.94..3975.84 rows=1025 width=121)
	        Recheck Cond: ((id >= 6338596) AND (id <= 6339595))
	        ->  Bitmap Index Scan on sbtest8_pkey  (cost=0.00..34.69 rows=1025 width=0)
	              Index Cond: ((id >= 6338596) AND (id <= 6339595))

for: order_ranges
table 1 : explain SELECT c FROM sbtest1 WHERE id BETWEEN 2688550 AND 2689549 ORDER BY c
	Sort  (cost=3989.01..3991.55 rows=1016 width=121)
	  Sort Key: c
	  ->  Bitmap Heap Scan on sbtest1  (cost=34.85..3938.27 rows=1016 width=121)
	        Recheck Cond: ((id >= 2688550) AND (id <= 2689549))
	        ->  Bitmap Index Scan on sbtest1_pkey  (cost=0.00..34.59 rows=1016 width=0)
	              Index Cond: ((id >= 2688550) AND (id <= 2689549))

table 2 : explain SELECT c FROM sbtest2 WHERE id BETWEEN 9248371 AND 9249370 ORDER BY c
	Sort  (cost=3758.21..3760.60 rows=956 width=121)
	  Sort Key: c
	  ->  Bitmap Heap Scan on sbtest2  (cost=34.23..3710.88 rows=956 width=121)
	        Recheck Cond: ((id >= 9248371) AND (id <= 9249370))
	        ->  Bitmap Index Scan on sbtest2_pkey  (cost=0.00..34.00 rows=956 width=0)
	              Index Cond: ((id >= 9248371) AND (id <= 9249370))

table 3 : explain SELECT c FROM sbtest3 WHERE id BETWEEN 8985330 AND 8986329 ORDER BY c
	Sort  (cost=4017.65..4020.20 rows=1023 width=121)
	  Sort Key: c
	  ->  Bitmap Heap Scan on sbtest3  (cost=34.92..3966.50 rows=1023 width=121)
	        Recheck Cond: ((id >= 8985330) AND (id <= 8986329))
	        ->  Bitmap Index Scan on sbtest3_pkey  (cost=0.00..34.67 rows=1023 width=0)
	              Index Cond: ((id >= 8985330) AND (id <= 8986329))

table 4 : explain SELECT c FROM sbtest4 WHERE id BETWEEN 3037096 AND 3038095 ORDER BY c
	Sort  (cost=4686.24..4689.23 rows=1197 width=121)
	  Sort Key: c
	  ->  Bitmap Heap Scan on sbtest4  (cost=40.70..4625.04 rows=1197 width=121)
	        Recheck Cond: ((id >= 3037096) AND (id <= 3038095))
	        ->  Bitmap Index Scan on sbtest4_pkey  (cost=0.00..40.41 rows=1197 width=0)
	              Index Cond: ((id >= 3037096) AND (id <= 3038095))

table 5 : explain SELECT c FROM sbtest5 WHERE id BETWEEN 4318380 AND 4319379 ORDER BY c
	Sort  (cost=3583.22..3585.50 rows=912 width=121)
	  Sort Key: c
	  ->  Bitmap Heap Scan on sbtest5  (cost=29.78..3538.38 rows=912 width=121)
	        Recheck Cond: ((id >= 4318380) AND (id <= 4319379))
	        ->  Bitmap Index Scan on sbtest5_pkey  (cost=0.00..29.55 rows=912 width=0)
	              Index Cond: ((id >= 4318380) AND (id <= 4319379))

table 6 : explain SELECT c FROM sbtest6 WHERE id BETWEEN 1834571 AND 1835570 ORDER BY c
	Sort  (cost=3762.36..3764.75 rows=957 width=121)
	  Sort Key: c
	  ->  Bitmap Heap Scan on sbtest6  (cost=34.24..3714.97 rows=957 width=121)
	        Recheck Cond: ((id >= 1834571) AND (id <= 1835570))
	        ->  Bitmap Index Scan on sbtest6_pkey  (cost=0.00..34.01 rows=957 width=0)
	              Index Cond: ((id >= 1834571) AND (id <= 1835570))

table 7 : explain SELECT c FROM sbtest7 WHERE id BETWEEN 404081 AND 405080 ORDER BY c
	Sort  (cost=4320.13..4322.88 rows=1100 width=121)
	  Sort Key: c
	  ->  Bitmap Heap Scan on sbtest7  (cost=39.71..4264.56 rows=1100 width=121)
	        Recheck Cond: ((id >= 404081) AND (id <= 405080))
	        ->  Bitmap Index Scan on sbtest7_pkey  (cost=0.00..39.44 rows=1100 width=0)
	              Index Cond: ((id >= 404081) AND (id <= 405080))

table 8 : explain SELECT c FROM sbtest8 WHERE id BETWEEN 8520271 AND 8521270 ORDER BY c
	Sort  (cost=3707.11..3709.45 rows=934 width=121)
	  Sort Key: c
	  ->  Index Scan using sbtest8_pkey on sbtest8  (cost=0.43..3661.03 rows=934 width=121)
	        Index Cond: ((id >= 8520271) AND (id <= 8521270))

for: sum_ranges
table 1 : explain SELECT SUM(k) FROM sbtest1 WHERE id BETWEEN 1931587 AND 1932586
	Aggregate  (cost=3895.51..3895.52 rows=1 width=8)
	  ->  Bitmap Heap Scan on sbtest1  (cost=34.73..3893.00 rows=1004 width=4)
	        Recheck Cond: ((id >= 1931587) AND (id <= 1932586))
	        ->  Bitmap Index Scan on sbtest1_pkey  (cost=0.00..34.48 rows=1004 width=0)
	              Index Cond: ((id >= 1931587) AND (id <= 1932586))

table 2 : explain SELECT SUM(k) FROM sbtest2 WHERE id BETWEEN 9876967 AND 9877966
	Aggregate  (cost=3868.15..3868.16 rows=1 width=8)
	  ->  Bitmap Heap Scan on sbtest2  (cost=34.65..3865.65 rows=997 width=4)
	        Recheck Cond: ((id >= 9876967) AND (id <= 9877966))
	        ->  Bitmap Index Scan on sbtest2_pkey  (cost=0.00..34.41 rows=997 width=0)
	              Index Cond: ((id >= 9876967) AND (id <= 9877966))

table 3 : explain SELECT SUM(k) FROM sbtest3 WHERE id BETWEEN 1109118 AND 1110117
	Aggregate  (cost=3901.08..3901.09 rows=1 width=8)
	  ->  Bitmap Heap Scan on sbtest3  (cost=34.74..3898.57 rows=1005 width=4)
	        Recheck Cond: ((id >= 1109118) AND (id <= 1110117))
	        ->  Bitmap Index Scan on sbtest3_pkey  (cost=0.00..34.48 rows=1005 width=0)
	              Index Cond: ((id >= 1109118) AND (id <= 1110117))

table 4 : explain SELECT SUM(k) FROM sbtest4 WHERE id BETWEEN 3152049 AND 3153048
	Aggregate  (cost=3850.85..3850.86 rows=1 width=8)
	  ->  Bitmap Heap Scan on sbtest4  (cost=34.59..3848.38 rows=991 width=4)
	        Recheck Cond: ((id >= 3152049) AND (id <= 3153048))
	        ->  Bitmap Index Scan on sbtest4_pkey  (cost=0.00..34.34 rows=991 width=0)
	              Index Cond: ((id >= 3152049) AND (id <= 3153048))

table 5 : explain SELECT SUM(k) FROM sbtest5 WHERE id BETWEEN 3053006 AND 3054005
	Aggregate  (cost=3820.42..3820.43 rows=1 width=8)
	  ->  Bitmap Heap Scan on sbtest5  (cost=34.53..3817.95 rows=985 width=4)
	        Recheck Cond: ((id >= 3053006) AND (id <= 3054005))
	        ->  Bitmap Index Scan on sbtest5_pkey  (cost=0.00..34.29 rows=985 width=0)
	              Index Cond: ((id >= 3053006) AND (id <= 3054005))

table 6 : explain SELECT SUM(k) FROM sbtest6 WHERE id BETWEEN 8871417 AND 8872416
	Aggregate  (cost=4106.08..4106.09 rows=1 width=8)
	  ->  Bitmap Heap Scan on sbtest6  (cost=35.30..4103.43 rows=1060 width=4)
	        Recheck Cond: ((id >= 8871417) AND (id <= 8872416))
	        ->  Bitmap Index Scan on sbtest6_pkey  (cost=0.00..35.04 rows=1060 width=0)
	              Index Cond: ((id >= 8871417) AND (id <= 8872416))

table 7 : explain SELECT SUM(k) FROM sbtest7 WHERE id BETWEEN 3197158 AND 3198157
	Aggregate  (cost=3540.53..3540.54 rows=1 width=8)
	  ->  Bitmap Heap Scan on sbtest7  (cost=29.76..3538.26 rows=910 width=4)
	        Recheck Cond: ((id >= 3197158) AND (id <= 3198157))
	        ->  Bitmap Index Scan on sbtest7_pkey  (cost=0.00..29.54 rows=910 width=0)
	              Index Cond: ((id >= 3197158) AND (id <= 3198157))

table 8 : explain SELECT SUM(k) FROM sbtest8 WHERE id BETWEEN 1180623 AND 1181622
	Aggregate  (cost=4010.47..4010.48 rows=1 width=8)
	  ->  Index Scan using sbtest8_pkey on sbtest8  (cost=0.43..4007.92 rows=1023 width=4)
	        Index Cond: ((id >= 1180623) AND (id <= 1181622))

for: order_ranges
table 1 : explain SELECT c FROM sbtest1 WHERE id BETWEEN 7897490 AND 7898489 ORDER BY c
	Sort  (cost=3720.72..3723.09 rows=946 width=121)
	  Sort Key: c
	  ->  Bitmap Heap Scan on sbtest1  (cost=34.13..3673.96 rows=946 width=121)
	        Recheck Cond: ((id >= 7897490) AND (id <= 7898489))
	        ->  Bitmap Index Scan on sbtest1_pkey  (cost=0.00..33.90 rows=946 width=0)
	              Index Cond: ((id >= 7897490) AND (id <= 7898489))

table 2 : explain SELECT c FROM sbtest2 WHERE id BETWEEN 3784135 AND 3785134 ORDER BY c
	Sort  (cost=3631.61..3633.92 rows=923 width=121)
	  Sort Key: c
	  ->  Bitmap Heap Scan on sbtest2  (cost=33.90..3586.15 rows=923 width=121)
	        Recheck Cond: ((id >= 3784135) AND (id <= 3785134))
	        ->  Bitmap Index Scan on sbtest2_pkey  (cost=0.00..33.67 rows=923 width=0)
	              Index Cond: ((id >= 3784135) AND (id <= 3785134))

table 3 : explain SELECT c FROM sbtest3 WHERE id BETWEEN 9428404 AND 9429403 ORDER BY c
	Sort  (cost=3898.85..3901.33 rows=992 width=121)
	  Sort Key: c
	  ->  Bitmap Heap Scan on sbtest3  (cost=34.60..3849.48 rows=992 width=121)
	        Recheck Cond: ((id >= 9428404) AND (id <= 9429403))
	        ->  Bitmap Index Scan on sbtest3_pkey  (cost=0.00..34.36 rows=992 width=0)
	              Index Cond: ((id >= 9428404) AND (id <= 9429403))

table 4 : explain SELECT c FROM sbtest4 WHERE id BETWEEN 7970639 AND 7971638 ORDER BY c
	Sort  (cost=4108.62..4111.23 rows=1046 width=121)
	  Sort Key: c
	  ->  Bitmap Heap Scan on sbtest4  (cost=35.16..4056.16 rows=1046 width=121)
	        Recheck Cond: ((id >= 7970639) AND (id <= 7971638))
	        ->  Bitmap Index Scan on sbtest4_pkey  (cost=0.00..34.90 rows=1046 width=0)
	              Index Cond: ((id >= 7970639) AND (id <= 7971638))

table 5 : explain SELECT c FROM sbtest5 WHERE id BETWEEN 4119601 AND 4120600 ORDER BY c
	Sort  (cost=3851.62..3854.07 rows=981 width=121)
	  Sort Key: c
	  ->  Bitmap Heap Scan on sbtest5  (cost=34.49..3802.87 rows=981 width=121)
	        Recheck Cond: ((id >= 4119601) AND (id <= 4120600))
	        ->  Bitmap Index Scan on sbtest5_pkey  (cost=0.00..34.25 rows=981 width=0)
	              Index Cond: ((id >= 4119601) AND (id <= 4120600))

table 6 : explain SELECT c FROM sbtest6 WHERE id BETWEEN 7284052 AND 7285051 ORDER BY c
	Sort  (cost=3927.13..3929.63 rows=1000 width=121)
	  Sort Key: c
	  ->  Bitmap Heap Scan on sbtest6  (cost=34.69..3877.31 rows=1000 width=121)
	        Recheck Cond: ((id >= 7284052) AND (id <= 7285051))
	        ->  Bitmap Index Scan on sbtest6_pkey  (cost=0.00..34.44 rows=1000 width=0)
	              Index Cond: ((id >= 7284052) AND (id <= 7285051))

table 7 : explain SELECT c FROM sbtest7 WHERE id BETWEEN 6410053 AND 6411052 ORDER BY c
	Sort  (cost=3940.56..3943.06 rows=1002 width=121)
	  Sort Key: c
	  ->  Bitmap Heap Scan on sbtest7  (cost=34.71..3890.62 rows=1002 width=121)
	        Recheck Cond: ((id >= 6410053) AND (id <= 6411052))
	        ->  Bitmap Index Scan on sbtest7_pkey  (cost=0.00..34.45 rows=1002 width=0)
	              Index Cond: ((id >= 6410053) AND (id <= 6411052))

table 8 : explain SELECT c FROM sbtest8 WHERE id BETWEEN 3623679 AND 3624678 ORDER BY c
	Sort  (cost=3754.55..3756.91 rows=946 width=121)
	  Sort Key: c
	  ->  Index Scan using sbtest8_pkey on sbtest8  (cost=0.43..3707.79 rows=946 width=121)
	        Index Cond: ((id >= 3623679) AND (id <= 3624678))

for: sum_ranges
table 1 : explain SELECT SUM(k) FROM sbtest1 WHERE id BETWEEN 2695748 AND 2696747
	Aggregate  (cost=3940.81..3940.82 rows=1 width=8)
	  ->  Bitmap Heap Scan on sbtest1  (cost=34.85..3938.27 rows=1016 width=4)
	        Recheck Cond: ((id >= 2695748) AND (id <= 2696747))
	        ->  Bitmap Index Scan on sbtest1_pkey  (cost=0.00..34.59 rows=1016 width=0)
	              Index Cond: ((id >= 2695748) AND (id <= 2696747))

table 2 : explain SELECT SUM(k) FROM sbtest2 WHERE id BETWEEN 7977665 AND 7978664
	Aggregate  (cost=4199.85..4199.86 rows=1 width=8)
	  ->  Bitmap Heap Scan on sbtest2  (cost=35.56..4197.13 rows=1085 width=4)
	        Recheck Cond: ((id >= 7977665) AND (id <= 7978664))
	        ->  Bitmap Index Scan on sbtest2_pkey  (cost=0.00..35.29 rows=1085 width=0)
	              Index Cond: ((id >= 7977665) AND (id <= 7978664))

table 3 : explain SELECT SUM(k) FROM sbtest3 WHERE id BETWEEN 5989638 AND 5990637
	Aggregate  (cost=4346.26..4346.27 rows=1 width=8)
	  ->  Bitmap Heap Scan on sbtest3  (cost=39.94..4343.45 rows=1122 width=4)
	        Recheck Cond: ((id >= 5989638) AND (id <= 5990637))
	        ->  Bitmap Index Scan on sbtest3_pkey  (cost=0.00..39.66 rows=1122 width=0)
	              Index Cond: ((id >= 5989638) AND (id <= 5990637))

table 4 : explain SELECT SUM(k) FROM sbtest4 WHERE id BETWEEN 5769095 AND 5770094
	Aggregate  (cost=3786.51..3786.52 rows=1 width=8)
	  ->  Bitmap Heap Scan on sbtest4  (cost=34.42..3784.08 rows=974 width=4)
	        Recheck Cond: ((id >= 5769095) AND (id <= 5770094))
	        ->  Bitmap Index Scan on sbtest4_pkey  (cost=0.00..34.18 rows=974 width=0)
	              Index Cond: ((id >= 5769095) AND (id <= 5770094))

table 5 : explain SELECT SUM(k) FROM sbtest5 WHERE id BETWEEN 797403 AND 798402
	Aggregate  (cost=3956.15..3956.16 rows=1 width=8)
	  ->  Bitmap Heap Scan on sbtest5  (cost=34.90..3953.59 rows=1021 width=4)
	        Recheck Cond: ((id >= 797403) AND (id <= 798402))
	        ->  Bitmap Index Scan on sbtest5_pkey  (cost=0.00..34.65 rows=1021 width=0)
	              Index Cond: ((id >= 797403) AND (id <= 798402))

table 6 : explain SELECT SUM(k) FROM sbtest6 WHERE id BETWEEN 2221938 AND 2222937
	Aggregate  (cost=4230.33..4230.34 rows=1 width=8)
	  ->  Bitmap Heap Scan on sbtest6  (cost=35.64..4227.60 rows=1093 width=4)
	        Recheck Cond: ((id >= 2221938) AND (id <= 2222937))
	        ->  Bitmap Index Scan on sbtest6_pkey  (cost=0.00..35.37 rows=1093 width=0)
	              Index Cond: ((id >= 2221938) AND (id <= 2222937))

table 7 : explain SELECT SUM(k) FROM sbtest7 WHERE id BETWEEN 3945566 AND 3946565
	Aggregate  (cost=3658.32..3658.33 rows=1 width=8)
	  ->  Bitmap Heap Scan on sbtest7  (cost=34.07..3655.97 rows=940 width=4)
	        Recheck Cond: ((id >= 3945566) AND (id <= 3946565))
	        ->  Bitmap Index Scan on sbtest7_pkey  (cost=0.00..33.84 rows=940 width=0)
	              Index Cond: ((id >= 3945566) AND (id <= 3946565))

table 8 : explain SELECT SUM(k) FROM sbtest8 WHERE id BETWEEN 3736908 AND 3737907
	Aggregate  (cost=3862.25..3862.26 rows=1 width=8)
	  ->  Index Scan using sbtest8_pkey on sbtest8  (cost=0.43..3859.79 rows=985 width=4)
	        Index Cond: ((id >= 3736908) AND (id <= 3737907))

for: sum_ranges
table 1 : explain SELECT SUM(k) FROM sbtest1 WHERE id BETWEEN 2612517 AND 2613516
	Aggregate  (cost=4283.95..4283.96 rows=1 width=8)
	  ->  Bitmap Heap Scan on sbtest1  (cost=39.77..4281.18 rows=1106 width=4)
	        Recheck Cond: ((id >= 2612517) AND (id <= 2613516))
	        ->  Bitmap Index Scan on sbtest1_pkey  (cost=0.00..39.50 rows=1106 width=0)
	              Index Cond: ((id >= 2612517) AND (id <= 2613516))

table 2 : explain SELECT SUM(k) FROM sbtest2 WHERE id BETWEEN 5146269 AND 5147268
	Aggregate  (cost=4143.37..4143.38 rows=1 width=8)
	  ->  Bitmap Heap Scan on sbtest2  (cost=35.40..4140.70 rows=1070 width=4)
	        Recheck Cond: ((id >= 5146269) AND (id <= 5147268))
	        ->  Bitmap Index Scan on sbtest2_pkey  (cost=0.00..35.14 rows=1070 width=0)
	              Index Cond: ((id >= 5146269) AND (id <= 5147268))

table 3 : explain SELECT SUM(k) FROM sbtest3 WHERE id BETWEEN 3229319 AND 3230318
	Aggregate  (cost=3621.17..3621.18 rows=1 width=8)
	  ->  Bitmap Heap Scan on sbtest3  (cost=33.98..3618.84 rows=931 width=4)
	        Recheck Cond: ((id >= 3229319) AND (id <= 3230318))
	        ->  Bitmap Index Scan on sbtest3_pkey  (cost=0.00..33.75 rows=931 width=0)
	              Index Cond: ((id >= 3229319) AND (id <= 3230318))

table 4 : explain SELECT SUM(k) FROM sbtest4 WHERE id BETWEEN 3171859 AND 3172858
	Aggregate  (cost=3813.01..3813.02 rows=1 width=8)
	  ->  Bitmap Heap Scan on sbtest4  (cost=34.49..3810.56 rows=981 width=4)
	        Recheck Cond: ((id >= 3171859) AND (id <= 3172858))
	        ->  Bitmap Index Scan on sbtest4_pkey  (cost=0.00..34.25 rows=981 width=0)
	              Index Cond: ((id >= 3171859) AND (id <= 3172858))

table 5 : explain SELECT SUM(k) FROM sbtest5 WHERE id BETWEEN 4901571 AND 4902570
	Aggregate  (cost=3835.51..3835.52 rows=1 width=8)
	  ->  Bitmap Heap Scan on sbtest5  (cost=34.57..3833.03 rows=989 width=4)
	        Recheck Cond: ((id >= 4901571) AND (id <= 4902570))
	        ->  Bitmap Index Scan on sbtest5_pkey  (cost=0.00..34.33 rows=989 width=0)
	              Index Cond: ((id >= 4901571) AND (id <= 4902570))

table 6 : explain SELECT SUM(k) FROM sbtest6 WHERE id BETWEEN 3051936 AND 3052935
	Aggregate  (cost=3906.23..3906.24 rows=1 width=8)
	  ->  Bitmap Heap Scan on sbtest6  (cost=34.76..3903.71 rows=1007 width=4)
	        Recheck Cond: ((id >= 3051936) AND (id <= 3052935))
	        ->  Bitmap Index Scan on sbtest6_pkey  (cost=0.00..34.51 rows=1007 width=0)
	              Index Cond: ((id >= 3051936) AND (id <= 3052935))

table 7 : explain SELECT SUM(k) FROM sbtest7 WHERE id BETWEEN 7531632 AND 7532631
	Aggregate  (cost=3756.84..3756.85 rows=1 width=8)
	  ->  Bitmap Heap Scan on sbtest7  (cost=34.34..3754.43 rows=966 width=4)
	        Recheck Cond: ((id >= 7531632) AND (id <= 7532631))
	        ->  Bitmap Index Scan on sbtest7_pkey  (cost=0.00..34.09 rows=966 width=0)
	              Index Cond: ((id >= 7531632) AND (id <= 7532631))

table 8 : explain SELECT SUM(k) FROM sbtest8 WHERE id BETWEEN 2441600 AND 2442599
	Aggregate  (cost=3581.45..3581.46 rows=1 width=8)
	  ->  Index Scan using sbtest8_pkey on sbtest8  (cost=0.43..3579.17 rows=913 width=4)
	        Index Cond: ((id >= 2441600) AND (id <= 2442599))

for point_selects
table 1 : explain SELECT c FROM sbtest1 WHERE id=6477670
	Index Scan using sbtest1_pkey on sbtest1  (cost=0.43..8.45 rows=1 width=121)
	  Index Cond: (id = 6477670)

table 2 : explain SELECT c FROM sbtest2 WHERE id=8711531
	Index Scan using sbtest2_pkey on sbtest2  (cost=0.43..8.45 rows=1 width=121)
	  Index Cond: (id = 8711531)

table 3 : explain SELECT c FROM sbtest3 WHERE id=2452983
	Index Scan using sbtest3_pkey on sbtest3  (cost=0.43..8.45 rows=1 width=121)
	  Index Cond: (id = 2452983)

table 4 : explain SELECT c FROM sbtest4 WHERE id=2596982
	Index Scan using sbtest4_pkey on sbtest4  (cost=0.43..8.45 rows=1 width=121)
	  Index Cond: (id = 2596982)

table 5 : explain SELECT c FROM sbtest5 WHERE id=5611845
	Index Scan using sbtest5_pkey on sbtest5  (cost=0.43..8.45 rows=1 width=121)
	  Index Cond: (id = 5611845)

table 6 : explain SELECT c FROM sbtest6 WHERE id=5058790
	Index Scan using sbtest6_pkey on sbtest6  (cost=0.43..8.45 rows=1 width=121)
	  Index Cond: (id = 5058790)

table 7 : explain SELECT c FROM sbtest7 WHERE id=2012543
	Index Scan using sbtest7_pkey on sbtest7  (cost=0.43..8.45 rows=1 width=121)
	  Index Cond: (id = 2012543)

table 8 : explain SELECT c FROM sbtest8 WHERE id=9146215
	Index Scan using sbtest8_pkey on sbtest8  (cost=0.43..8.45 rows=1 width=121)
	  Index Cond: (id = 9146215)

for: sum_ranges
table 1 : explain SELECT SUM(k) FROM sbtest1 WHERE id BETWEEN 3172173 AND 3173172
	Aggregate  (cost=3661.20..3661.21 rows=1 width=8)
	  ->  Bitmap Heap Scan on sbtest1  (cost=34.09..3658.84 rows=942 width=4)
	        Recheck Cond: ((id >= 3172173) AND (id <= 3173172))
	        ->  Bitmap Index Scan on sbtest1_pkey  (cost=0.00..33.86 rows=942 width=0)
	              Index Cond: ((id >= 3172173) AND (id <= 3173172))

table 2 : explain SELECT SUM(k) FROM sbtest2 WHERE id BETWEEN 3144842 AND 3145841
	Aggregate  (cost=3792.63..3792.64 rows=1 width=8)
	  ->  Bitmap Heap Scan on sbtest2  (cost=34.45..3790.18 rows=977 width=4)
	        Recheck Cond: ((id >= 3144842) AND (id <= 3145841))
	        ->  Bitmap Index Scan on sbtest2_pkey  (cost=0.00..34.20 rows=977 width=0)
	              Index Cond: ((id >= 3144842) AND (id <= 3145841))

table 3 : explain SELECT SUM(k) FROM sbtest3 WHERE id BETWEEN 6035655 AND 6036654
	Aggregate  (cost=4346.26..4346.27 rows=1 width=8)
	  ->  Bitmap Heap Scan on sbtest3  (cost=39.94..4343.45 rows=1122 width=4)
	        Recheck Cond: ((id >= 6035655) AND (id <= 6036654))
	        ->  Bitmap Index Scan on sbtest3_pkey  (cost=0.00..39.66 rows=1122 width=0)
	              Index Cond: ((id >= 6035655) AND (id <= 6036654))

table 4 : explain SELECT SUM(k) FROM sbtest4 WHERE id BETWEEN 7703962 AND 7704961
	Aggregate  (cost=3665.30..3665.31 rows=1 width=8)
	  ->  Bitmap Heap Scan on sbtest4  (cost=34.09..3662.95 rows=942 width=4)
	        Recheck Cond: ((id >= 7703962) AND (id <= 7704961))
	        ->  Bitmap Index Scan on sbtest4_pkey  (cost=0.00..33.86 rows=942 width=0)
	              Index Cond: ((id >= 7703962) AND (id <= 7704961))

table 5 : explain SELECT SUM(k) FROM sbtest5 WHERE id BETWEEN 5718314 AND 5719313
	Aggregate  (cost=4031.48..4031.49 rows=1 width=8)
	  ->  Bitmap Heap Scan on sbtest5  (cost=35.11..4028.88 rows=1041 width=4)
	        Recheck Cond: ((id >= 5718314) AND (id <= 5719313))
	        ->  Bitmap Index Scan on sbtest5_pkey  (cost=0.00..34.84 rows=1041 width=0)
	              Index Cond: ((id >= 5718314) AND (id <= 5719313))

table 6 : explain SELECT SUM(k) FROM sbtest6 WHERE id BETWEEN 902686 AND 903685
	Aggregate  (cost=3690.90..3690.91 rows=1 width=8)
	  ->  Bitmap Heap Scan on sbtest6  (cost=34.17..3688.52 rows=950 width=4)
	        Recheck Cond: ((id >= 902686) AND (id <= 903685))
	        ->  Bitmap Index Scan on sbtest6_pkey  (cost=0.00..33.94 rows=950 width=0)
	              Index Cond: ((id >= 902686) AND (id <= 903685))

table 7 : explain SELECT SUM(k) FROM sbtest7 WHERE id BETWEEN 4917270 AND 4918269
	Aggregate  (cost=3881.77..3881.78 rows=1 width=8)
	  ->  Bitmap Heap Scan on sbtest7  (cost=34.67..3879.27 rows=999 width=4)
	        Recheck Cond: ((id >= 4917270) AND (id <= 4918269))
	        ->  Bitmap Index Scan on sbtest7_pkey  (cost=0.00..34.43 rows=999 width=0)
	              Index Cond: ((id >= 4917270) AND (id <= 4918269))

table 8 : explain SELECT SUM(k) FROM sbtest8 WHERE id BETWEEN 8771490 AND 8772489
	Aggregate  (cost=4065.26..4065.27 rows=1 width=8)
	  ->  Bitmap Heap Scan on sbtest8  (cost=35.18..4062.64 rows=1048 width=4)
	        Recheck Cond: ((id >= 8771490) AND (id <= 8772489))
	        ->  Bitmap Index Scan on sbtest8_pkey  (cost=0.00..34.92 rows=1048 width=0)
	              Index Cond: ((id >= 8771490) AND (id <= 8772489))

for: simple_ranges
table 1 : explain SELECT c FROM sbtest1 WHERE id BETWEEN 4442217 AND 4443216
	Bitmap Heap Scan on sbtest1  (cost=35.01..3998.59 rows=1032 width=121)
	  Recheck Cond: ((id >= 4442217) AND (id <= 4443216))
	  ->  Bitmap Index Scan on sbtest1_pkey  (cost=0.00..34.76 rows=1032 width=0)
	        Index Cond: ((id >= 4442217) AND (id <= 4443216))

table 2 : explain SELECT c FROM sbtest2 WHERE id BETWEEN 2246139 AND 2247138
	Bitmap Heap Scan on sbtest2  (cost=34.51..3812.83 rows=983 width=121)
	  Recheck Cond: ((id >= 2246139) AND (id <= 2247138))
	  ->  Bitmap Index Scan on sbtest2_pkey  (cost=0.00..34.27 rows=983 width=0)
	        Index Cond: ((id >= 2246139) AND (id <= 2247138))

table 3 : explain SELECT c FROM sbtest3 WHERE id BETWEEN 5981878 AND 5982877
	Bitmap Heap Scan on sbtest3  (cost=39.94..4343.45 rows=1122 width=121)
	  Recheck Cond: ((id >= 5981878) AND (id <= 5982877))
	  ->  Bitmap Index Scan on sbtest3_pkey  (cost=0.00..39.66 rows=1122 width=0)
	        Index Cond: ((id >= 5981878) AND (id <= 5982877))

table 4 : explain SELECT c FROM sbtest4 WHERE id BETWEEN 3585221 AND 3586220
	Bitmap Heap Scan on sbtest4  (cost=34.32..3746.24 rows=964 width=121)
	  Recheck Cond: ((id >= 3585221) AND (id <= 3586220))
	  ->  Bitmap Index Scan on sbtest4_pkey  (cost=0.00..34.08 rows=964 width=0)
	        Index Cond: ((id >= 3585221) AND (id <= 3586220))

table 5 : explain SELECT c FROM sbtest5 WHERE id BETWEEN 3134923 AND 3135922
	Bitmap Heap Scan on sbtest5  (cost=35.03..4002.54 rows=1034 width=121)
	  Recheck Cond: ((id >= 3134923) AND (id <= 3135922))
	  ->  Bitmap Index Scan on sbtest5_pkey  (cost=0.00..34.78 rows=1034 width=0)
	        Index Cond: ((id >= 3134923) AND (id <= 3135922))

table 6 : explain SELECT c FROM sbtest6 WHERE id BETWEEN 1007431 AND 1008430
	Bitmap Heap Scan on sbtest6  (cost=34.56..3832.03 rows=988 width=121)
	  Recheck Cond: ((id >= 1007431) AND (id <= 1008430))
	  ->  Bitmap Index Scan on sbtest6_pkey  (cost=0.00..34.32 rows=988 width=0)
	        Index Cond: ((id >= 1007431) AND (id <= 1008430))

table 7 : explain SELECT c FROM sbtest7 WHERE id BETWEEN 6669408 AND 6670407
	Bitmap Heap Scan on sbtest7  (cost=29.49..3435.82 rows=883 width=121)
	  Recheck Cond: ((id >= 6669408) AND (id <= 6670407))
	  ->  Bitmap Index Scan on sbtest7_pkey  (cost=0.00..29.26 rows=883 width=0)
	        Index Cond: ((id >= 6669408) AND (id <= 6670407))

table 8 : explain SELECT c FROM sbtest8 WHERE id BETWEEN 3360388 AND 3361387
	Index Scan using sbtest8_pkey on sbtest8  (cost=0.43..3766.27 rows=961 width=121)
	  Index Cond: ((id >= 3360388) AND (id <= 3361387))

for: order_ranges
table 1 : explain SELECT c FROM sbtest1 WHERE id BETWEEN 974965 AND 975964 ORDER BY c
	Sort  (cost=3866.44..3868.90 rows=984 width=121)
	  Sort Key: c
	  ->  Bitmap Heap Scan on sbtest1  (cost=34.52..3817.52 rows=984 width=121)
	        Recheck Cond: ((id >= 974965) AND (id <= 975964))
	        ->  Bitmap Index Scan on sbtest1_pkey  (cost=0.00..34.28 rows=984 width=0)
	              Index Cond: ((id >= 974965) AND (id <= 975964))

table 2 : explain SELECT c FROM sbtest2 WHERE id BETWEEN 2474370 AND 2475369 ORDER BY c
	Sort  (cost=3949.77..3952.29 rows=1006 width=121)
	  Sort Key: c
	  ->  Bitmap Heap Scan on sbtest2  (cost=34.75..3899.60 rows=1006 width=121)
	        Recheck Cond: ((id >= 2474370) AND (id <= 2475369))
	        ->  Bitmap Index Scan on sbtest2_pkey  (cost=0.00..34.50 rows=1006 width=0)
	              Index Cond: ((id >= 2474370) AND (id <= 2475369))

table 3 : explain SELECT c FROM sbtest3 WHERE id BETWEEN 8492139 AND 8493138 ORDER BY c
	Sort  (cost=3967.84..3970.37 rows=1010 width=121)
	  Sort Key: c
	  ->  Bitmap Heap Scan on sbtest3  (cost=34.79..3917.44 rows=1010 width=121)
	        Recheck Cond: ((id >= 8492139) AND (id <= 8493138))
	        ->  Bitmap Index Scan on sbtest3_pkey  (cost=0.00..34.54 rows=1010 width=0)
	              Index Cond: ((id >= 8492139) AND (id <= 8493138))

table 4 : explain SELECT c FROM sbtest4 WHERE id BETWEEN 9587051 AND 9588050 ORDER BY c
	Sort  (cost=4066.46..4069.05 rows=1035 width=121)
	  Sort Key: c
	  ->  Bitmap Heap Scan on sbtest4  (cost=35.04..4014.63 rows=1035 width=121)
	        Recheck Cond: ((id >= 9587051) AND (id <= 9588050))
	        ->  Bitmap Index Scan on sbtest4_pkey  (cost=0.00..34.79 rows=1035 width=0)
	              Index Cond: ((id >= 9587051) AND (id <= 9588050))

table 5 : explain SELECT c FROM sbtest5 WHERE id BETWEEN 405260 AND 406259 ORDER BY c
	Sort  (cost=3985.51..3988.05 rows=1016 width=121)
	  Sort Key: c
	  ->  Bitmap Heap Scan on sbtest5  (cost=34.85..3934.77 rows=1016 width=121)
	        Recheck Cond: ((id >= 405260) AND (id <= 406259))
	        ->  Bitmap Index Scan on sbtest5_pkey  (cost=0.00..34.59 rows=1016 width=0)
	              Index Cond: ((id >= 405260) AND (id <= 406259))

table 6 : explain SELECT c FROM sbtest6 WHERE id BETWEEN 8493079 AND 8494078 ORDER BY c
	Sort  (cost=3923.31..3925.80 rows=999 width=121)
	  Sort Key: c
	  ->  Bitmap Heap Scan on sbtest6  (cost=34.67..3873.53 rows=999 width=121)
	        Recheck Cond: ((id >= 8493079) AND (id <= 8494078))
	        ->  Bitmap Index Scan on sbtest6_pkey  (cost=0.00..34.43 rows=999 width=0)
	              Index Cond: ((id >= 8493079) AND (id <= 8494078))

table 7 : explain SELECT c FROM sbtest7 WHERE id BETWEEN 7393072 AND 7394071 ORDER BY c
	Sort  (cost=4067.15..4069.73 rows=1035 width=121)
	  Sort Key: c
	  ->  Bitmap Heap Scan on sbtest7  (cost=35.04..4015.32 rows=1035 width=121)
	        Recheck Cond: ((id >= 7393072) AND (id <= 7394071))
	        ->  Bitmap Index Scan on sbtest7_pkey  (cost=0.00..34.79 rows=1035 width=0)
	              Index Cond: ((id >= 7393072) AND (id <= 7394071))

table 8 : explain SELECT c FROM sbtest8 WHERE id BETWEEN 4765589 AND 4766588 ORDER BY c
	Sort  (cost=4260.68..4263.40 rows=1086 width=121)
	  Sort Key: c
	  ->  Bitmap Heap Scan on sbtest8  (cost=35.57..4205.92 rows=1086 width=121)
	        Recheck Cond: ((id >= 4765589) AND (id <= 4766588))
	        ->  Bitmap Index Scan on sbtest8_pkey  (cost=0.00..35.30 rows=1086 width=0)
	              Index Cond: ((id >= 4765589) AND (id <= 4766588))

for point_selects
table 1 : explain SELECT c FROM sbtest1 WHERE id=8477545
	Index Scan using sbtest1_pkey on sbtest1  (cost=0.43..8.45 rows=1 width=121)
	  Index Cond: (id = 8477545)

table 2 : explain SELECT c FROM sbtest2 WHERE id=1752223
	Index Scan using sbtest2_pkey on sbtest2  (cost=0.43..8.45 rows=1 width=121)
	  Index Cond: (id = 1752223)

table 3 : explain SELECT c FROM sbtest3 WHERE id=3337150
	Index Scan using sbtest3_pkey on sbtest3  (cost=0.43..8.45 rows=1 width=121)
	  Index Cond: (id = 3337150)

table 4 : explain SELECT c FROM sbtest4 WHERE id=7192761
	Index Scan using sbtest4_pkey on sbtest4  (cost=0.43..8.45 rows=1 width=121)
	  Index Cond: (id = 7192761)

table 5 : explain SELECT c FROM sbtest5 WHERE id=2556804
	Index Scan using sbtest5_pkey on sbtest5  (cost=0.43..8.45 rows=1 width=121)
	  Index Cond: (id = 2556804)

table 6 : explain SELECT c FROM sbtest6 WHERE id=9024545
	Index Scan using sbtest6_pkey on sbtest6  (cost=0.43..8.45 rows=1 width=121)
	  Index Cond: (id = 9024545)

table 7 : explain SELECT c FROM sbtest7 WHERE id=3520637
	Index Scan using sbtest7_pkey on sbtest7  (cost=0.43..8.45 rows=1 width=121)
	  Index Cond: (id = 3520637)

table 8 : explain SELECT c FROM sbtest8 WHERE id=2697608
	Index Scan using sbtest8_pkey on sbtest8  (cost=0.43..8.45 rows=1 width=121)
	  Index Cond: (id = 2697608)

for point_selects
table 1 : explain SELECT c FROM sbtest1 WHERE id=6615807
	Index Scan using sbtest1_pkey on sbtest1  (cost=0.43..8.45 rows=1 width=121)
	  Index Cond: (id = 6615807)

table 2 : explain SELECT c FROM sbtest2 WHERE id=5278059
	Index Scan using sbtest2_pkey on sbtest2  (cost=0.43..8.45 rows=1 width=121)
	  Index Cond: (id = 5278059)

table 3 : explain SELECT c FROM sbtest3 WHERE id=6985813
	Index Scan using sbtest3_pkey on sbtest3  (cost=0.43..8.45 rows=1 width=121)
	  Index Cond: (id = 6985813)

table 4 : explain SELECT c FROM sbtest4 WHERE id=533236
	Index Scan using sbtest4_pkey on sbtest4  (cost=0.43..8.45 rows=1 width=121)
	  Index Cond: (id = 533236)

table 5 : explain SELECT c FROM sbtest5 WHERE id=9631009
	Index Scan using sbtest5_pkey on sbtest5  (cost=0.43..8.45 rows=1 width=121)
	  Index Cond: (id = 9631009)

table 6 : explain SELECT c FROM sbtest6 WHERE id=6704509
	Index Scan using sbtest6_pkey on sbtest6  (cost=0.43..8.45 rows=1 width=121)
	  Index Cond: (id = 6704509)

table 7 : explain SELECT c FROM sbtest7 WHERE id=6110596
	Index Scan using sbtest7_pkey on sbtest7  (cost=0.43..8.45 rows=1 width=121)
	  Index Cond: (id = 6110596)

table 8 : explain SELECT c FROM sbtest8 WHERE id=3107124
	Index Scan using sbtest8_pkey on sbtest8  (cost=0.43..8.45 rows=1 width=121)
	  Index Cond: (id = 3107124)

for: distinct_ranges
table 1 : explain SELECT DISTINCT c FROM sbtest1 WHERE id BETWEEN 8283164 AND 8284163 ORDER BY c
	Unique  (cost=4176.46..4181.79 rows=1065 width=121)
	  ->  Sort  (cost=4176.46..4179.13 rows=1065 width=121)
	        Sort Key: c
	        ->  Bitmap Heap Scan on sbtest1  (cost=35.35..4122.91 rows=1065 width=121)
	              Recheck Cond: ((id >= 8283164) AND (id <= 8284163))
	              ->  Bitmap Index Scan on sbtest1_pkey  (cost=0.00..35.09 rows=1065 width=0)
	                    Index Cond: ((id >= 8283164) AND (id <= 8284163))

table 2 : explain SELECT DISTINCT c FROM sbtest2 WHERE id BETWEEN 4638104 AND 4639103 ORDER BY c
	Unique  (cost=3865.52..3870.44 rows=984 width=121)
	  ->  Sort  (cost=3865.52..3867.98 rows=984 width=121)
	        Sort Key: c
	        ->  Bitmap Heap Scan on sbtest2  (cost=34.52..3816.60 rows=984 width=121)
	              Recheck Cond: ((id >= 4638104) AND (id <= 4639103))
	              ->  Bitmap Index Scan on sbtest2_pkey  (cost=0.00..34.28 rows=984 width=0)
	                    Index Cond: ((id >= 4638104) AND (id <= 4639103))

table 3 : explain SELECT DISTINCT c FROM sbtest3 WHERE id BETWEEN 4001032 AND 4002031 ORDER BY c
	Unique  (cost=3691.64..3696.33 rows=938 width=121)
	  ->  Sort  (cost=3691.64..3693.99 rows=938 width=121)
	        Sort Key: c
	        ->  Bitmap Heap Scan on sbtest3  (cost=34.05..3645.33 rows=938 width=121)
	              Recheck Cond: ((id >= 4001032) AND (id <= 4002031))
	              ->  Bitmap Index Scan on sbtest3_pkey  (cost=0.00..33.82 rows=938 width=0)
	                    Index Cond: ((id >= 4001032) AND (id <= 4002031))

table 4 : explain SELECT DISTINCT c FROM sbtest4 WHERE id BETWEEN 9310622 AND 9311621 ORDER BY c
	Unique  (cost=4112.45..4117.68 rows=1047 width=121)
	  ->  Sort  (cost=4112.45..4115.07 rows=1047 width=121)
	        Sort Key: c
	        ->  Bitmap Heap Scan on sbtest4  (cost=35.17..4059.93 rows=1047 width=121)
	              Recheck Cond: ((id >= 9310622) AND (id <= 9311621))
	              ->  Bitmap Index Scan on sbtest4_pkey  (cost=0.00..34.91 rows=1047 width=0)
	                    Index Cond: ((id >= 9310622) AND (id <= 9311621))

table 5 : explain SELECT DISTINCT c FROM sbtest5 WHERE id BETWEEN 2514257 AND 2515256 ORDER BY c
	Unique  (cost=3790.36..3795.19 rows=965 width=121)
	  ->  Sort  (cost=3790.36..3792.77 rows=965 width=121)
	        Sort Key: c
	        ->  Bitmap Heap Scan on sbtest5  (cost=34.33..3742.52 rows=965 width=121)
	              Recheck Cond: ((id >= 2514257) AND (id <= 2515256))
	              ->  Bitmap Index Scan on sbtest5_pkey  (cost=0.00..34.09 rows=965 width=0)
	                    Index Cond: ((id >= 2514257) AND (id <= 2515256))

table 6 : explain SELECT DISTINCT c FROM sbtest6 WHERE id BETWEEN 8486163 AND 8487162 ORDER BY c
	Unique  (cost=3923.31..3928.30 rows=999 width=121)
	  ->  Sort  (cost=3923.31..3925.80 rows=999 width=121)
	        Sort Key: c
	        ->  Bitmap Heap Scan on sbtest6  (cost=34.67..3873.53 rows=999 width=121)
	              Recheck Cond: ((id >= 8486163) AND (id <= 8487162))
	              ->  Bitmap Index Scan on sbtest6_pkey  (cost=0.00..34.43 rows=999 width=0)
	                    Index Cond: ((id >= 8486163) AND (id <= 8487162))

table 7 : explain SELECT DISTINCT c FROM sbtest7 WHERE id BETWEEN 6432502 AND 6433501 ORDER BY c
	Unique  (cost=3940.56..3945.57 rows=1002 width=121)
	  ->  Sort  (cost=3940.56..3943.06 rows=1002 width=121)
	        Sort Key: c
	        ->  Bitmap Heap Scan on sbtest7  (cost=34.71..3890.62 rows=1002 width=121)
	              Recheck Cond: ((id >= 6432502) AND (id <= 6433501))
	              ->  Bitmap Index Scan on sbtest7_pkey  (cost=0.00..34.45 rows=1002 width=0)
	                    Index Cond: ((id >= 6432502) AND (id <= 6433501))

table 8 : explain SELECT DISTINCT c FROM sbtest8 WHERE id BETWEEN 1290266 AND 1291265 ORDER BY c
	Unique  (cost=3904.81..3909.73 rows=984 width=121)
	  ->  Sort  (cost=3904.81..3907.27 rows=984 width=121)
	        Sort Key: c
	        ->  Index Scan using sbtest8_pkey on sbtest8  (cost=0.43..3855.89 rows=984 width=121)
	              Index Cond: ((id >= 1290266) AND (id <= 1291265))

for point_selects
table 1 : explain SELECT c FROM sbtest1 WHERE id=2104277
	Index Scan using sbtest1_pkey on sbtest1  (cost=0.43..8.45 rows=1 width=121)
	  Index Cond: (id = 2104277)

table 2 : explain SELECT c FROM sbtest2 WHERE id=53816
	Index Scan using sbtest2_pkey on sbtest2  (cost=0.43..8.45 rows=1 width=121)
	  Index Cond: (id = 53816)

table 3 : explain SELECT c FROM sbtest3 WHERE id=8599723
	Index Scan using sbtest3_pkey on sbtest3  (cost=0.43..8.45 rows=1 width=121)
	  Index Cond: (id = 8599723)

table 4 : explain SELECT c FROM sbtest4 WHERE id=1407147
	Index Scan using sbtest4_pkey on sbtest4  (cost=0.43..8.45 rows=1 width=121)
	  Index Cond: (id = 1407147)

table 5 : explain SELECT c FROM sbtest5 WHERE id=8459352
	Index Scan using sbtest5_pkey on sbtest5  (cost=0.43..8.45 rows=1 width=121)
	  Index Cond: (id = 8459352)

table 6 : explain SELECT c FROM sbtest6 WHERE id=9737789
	Index Scan using sbtest6_pkey on sbtest6  (cost=0.43..8.45 rows=1 width=121)
	  Index Cond: (id = 9737789)

table 7 : explain SELECT c FROM sbtest7 WHERE id=381198
	Index Scan using sbtest7_pkey on sbtest7  (cost=0.43..8.45 rows=1 width=121)
	  Index Cond: (id = 381198)

table 8 : explain SELECT c FROM sbtest8 WHERE id=8989278
	Index Scan using sbtest8_pkey on sbtest8  (cost=0.43..8.45 rows=1 width=121)
	  Index Cond: (id = 8989278)

for: distinct_ranges
table 1 : explain SELECT DISTINCT c FROM sbtest1 WHERE id BETWEEN 7214761 AND 7215760 ORDER BY c
	Unique  (cost=3839.61..3844.49 rows=977 width=121)
	  ->  Sort  (cost=3839.61..3842.05 rows=977 width=121)
	        Sort Key: c
	        ->  Bitmap Heap Scan on sbtest1  (cost=34.45..3791.09 rows=977 width=121)
	              Recheck Cond: ((id >= 7214761) AND (id <= 7215760))
	              ->  Bitmap Index Scan on sbtest1_pkey  (cost=0.00..34.20 rows=977 width=0)
	                    Index Cond: ((id >= 7214761) AND (id <= 7215760))

table 2 : explain SELECT DISTINCT c FROM sbtest2 WHERE id BETWEEN 7884587 AND 7885586 ORDER BY c
	Unique  (cost=3581.54..3586.10 rows=911 width=121)
	  ->  Sort  (cost=3581.54..3583.82 rows=911 width=121)
	        Sort Key: c
	        ->  Bitmap Heap Scan on sbtest2  (cost=29.77..3536.76 rows=911 width=121)
	              Recheck Cond: ((id >= 7884587) AND (id <= 7885586))
	              ->  Bitmap Index Scan on sbtest2_pkey  (cost=0.00..29.54 rows=911 width=0)
	                    Index Cond: ((id >= 7884587) AND (id <= 7885586))

table 3 : explain SELECT DISTINCT c FROM sbtest3 WHERE id BETWEEN 1147185 AND 1148184 ORDER BY c
	Unique  (cost=3948.68..3953.71 rows=1005 width=121)
	  ->  Sort  (cost=3948.68..3951.19 rows=1005 width=121)
	        Sort Key: c
	        ->  Bitmap Heap Scan on sbtest3  (cost=34.74..3898.57 rows=1005 width=121)
	              Recheck Cond: ((id >= 1147185) AND (id <= 1148184))
	              ->  Bitmap Index Scan on sbtest3_pkey  (cost=0.00..34.48 rows=1005 width=0)
	                    Index Cond: ((id >= 1147185) AND (id <= 1148184))

table 4 : explain SELECT DISTINCT c FROM sbtest4 WHERE id BETWEEN 2789080 AND 2790079 ORDER BY c
	Unique  (cost=4288.59..4294.06 rows=1093 width=121)
	  ->  Sort  (cost=4288.59..4291.32 rows=1093 width=121)
	        Sort Key: c
	        ->  Bitmap Heap Scan on sbtest4  (cost=35.64..4233.43 rows=1093 width=121)
	              Recheck Cond: ((id >= 2789080) AND (id <= 2790079))
	              ->  Bitmap Index Scan on sbtest4_pkey  (cost=0.00..35.37 rows=1093 width=0)
	                    Index Cond: ((id >= 2789080) AND (id <= 2790079))

table 5 : explain SELECT DISTINCT c FROM sbtest5 WHERE id BETWEEN 6912027 AND 6913026 ORDER BY c
	Unique  (cost=3905.19..3910.17 rows=995 width=121)
	  ->  Sort  (cost=3905.19..3907.68 rows=995 width=121)
	        Sort Key: c
	        ->  Bitmap Heap Scan on sbtest5  (cost=34.63..3855.65 rows=995 width=121)
	              Recheck Cond: ((id >= 6912027) AND (id <= 6913026))
	              ->  Bitmap Index Scan on sbtest5_pkey  (cost=0.00..34.39 rows=995 width=0)
	                    Index Cond: ((id >= 6912027) AND (id <= 6913026))

table 6 : explain SELECT DISTINCT c FROM sbtest6 WHERE id BETWEEN 1463242 AND 1464241 ORDER BY c
	Unique  (cost=4614.83..4620.73 rows=1180 width=121)
	  ->  Sort  (cost=4614.83..4617.78 rows=1180 width=121)
	        Sort Key: c
	        ->  Bitmap Heap Scan on sbtest6  (cost=40.53..4554.63 rows=1180 width=121)
	              Recheck Cond: ((id >= 1463242) AND (id <= 1464241))
	              ->  Bitmap Index Scan on sbtest6_pkey  (cost=0.00..40.23 rows=1180 width=0)
	                    Index Cond: ((id >= 1463242) AND (id <= 1464241))

table 7 : explain SELECT DISTINCT c FROM sbtest7 WHERE id BETWEEN 3282670 AND 3283669 ORDER BY c
	Unique  (cost=3582.98..3587.53 rows=910 width=121)
	  ->  Sort  (cost=3582.98..3585.26 rows=910 width=121)
	        Sort Key: c
	        ->  Bitmap Heap Scan on sbtest7  (cost=29.76..3538.26 rows=910 width=121)
	              Recheck Cond: ((id >= 3282670) AND (id <= 3283669))
	              ->  Bitmap Index Scan on sbtest7_pkey  (cost=0.00..29.54 rows=910 width=0)
	                    Index Cond: ((id >= 3282670) AND (id <= 3283669))

table 8 : explain SELECT DISTINCT c FROM sbtest8 WHERE id BETWEEN 5599832 AND 5600831 ORDER BY c
	Unique  (cost=4367.94..4373.50 rows=1113 width=121)
	  ->  Sort  (cost=4367.94..4370.72 rows=1113 width=121)
	        Sort Key: c
	        ->  Bitmap Heap Scan on sbtest8  (cost=39.84..4311.62 rows=1113 width=121)
	              Recheck Cond: ((id >= 5599832) AND (id <= 5600831))
	              ->  Bitmap Index Scan on sbtest8_pkey  (cost=0.00..39.57 rows=1113 width=0)
	                    Index Cond: ((id >= 5599832) AND (id <= 5600831))

for: simple_ranges
table 1 : explain SELECT c FROM sbtest1 WHERE id BETWEEN 457558 AND 458557
	Bitmap Heap Scan on sbtest1  (cost=34.71..3885.45 rows=1002 width=121)
	  Recheck Cond: ((id >= 457558) AND (id <= 458557))
	  ->  Bitmap Index Scan on sbtest1_pkey  (cost=0.00..34.45 rows=1002 width=0)
	        Index Cond: ((id >= 457558) AND (id <= 458557))

table 2 : explain SELECT c FROM sbtest2 WHERE id BETWEEN 6480551 AND 6481550
	Bitmap Heap Scan on sbtest2  (cost=34.35..3752.43 rows=967 width=121)
	  Recheck Cond: ((id >= 6480551) AND (id <= 6481550))
	  ->  Bitmap Index Scan on sbtest2_pkey  (cost=0.00..34.11 rows=967 width=0)
	        Index Cond: ((id >= 6480551) AND (id <= 6481550))

table 3 : explain SELECT c FROM sbtest3 WHERE id BETWEEN 9037003 AND 9038002
	Bitmap Heap Scan on sbtest3  (cost=34.92..3966.50 rows=1023 width=121)
	  Recheck Cond: ((id >= 9037003) AND (id <= 9038002))
	  ->  Bitmap Index Scan on sbtest3_pkey  (cost=0.00..34.67 rows=1023 width=0)
	        Index Cond: ((id >= 9037003) AND (id <= 9038002))

table 4 : explain SELECT c FROM sbtest4 WHERE id BETWEEN 3360644 AND 3361643
	Bitmap Heap Scan on sbtest4  (cost=34.02..3636.43 rows=935 width=121)
	  Recheck Cond: ((id >= 3360644) AND (id <= 3361643))
	  ->  Bitmap Index Scan on sbtest4_pkey  (cost=0.00..33.79 rows=935 width=0)
	        Index Cond: ((id >= 3360644) AND (id <= 3361643))

table 5 : explain SELECT c FROM sbtest5 WHERE id BETWEEN 8776832 AND 8777831
	Bitmap Heap Scan on sbtest5  (cost=34.35..3750.07 rows=967 width=121)
	  Recheck Cond: ((id >= 8776832) AND (id <= 8777831))
	  ->  Bitmap Index Scan on sbtest5_pkey  (cost=0.00..34.11 rows=967 width=0)
	        Index Cond: ((id >= 8776832) AND (id <= 8777831))

table 6 : explain SELECT c FROM sbtest6 WHERE id BETWEEN 9718680 AND 9719679
	Bitmap Heap Scan on sbtest6  (cost=34.92..3964.04 rows=1023 width=121)
	  Recheck Cond: ((id >= 9718680) AND (id <= 9719679))
	  ->  Bitmap Index Scan on sbtest6_pkey  (cost=0.00..34.67 rows=1023 width=0)
	        Index Cond: ((id >= 9718680) AND (id <= 9719679))

table 7 : explain SELECT c FROM sbtest7 WHERE id BETWEEN 6831736 AND 6832735
	Bitmap Heap Scan on sbtest7  (cost=35.12..4041.75 rows=1042 width=121)
	  Recheck Cond: ((id >= 6831736) AND (id <= 6832735))
	  ->  Bitmap Index Scan on sbtest7_pkey  (cost=0.00..34.86 rows=1042 width=0)
	        Index Cond: ((id >= 6831736) AND (id <= 6832735))

table 8 : explain SELECT c FROM sbtest8 WHERE id BETWEEN 6381392 AND 6382391
	Bitmap Heap Scan on sbtest8  (cost=34.94..3975.84 rows=1025 width=121)
	  Recheck Cond: ((id >= 6381392) AND (id <= 6382391))
	  ->  Bitmap Index Scan on sbtest8_pkey  (cost=0.00..34.69 rows=1025 width=0)
	        Index Cond: ((id >= 6381392) AND (id <= 6382391))

for: order_ranges
table 1 : explain SELECT c FROM sbtest1 WHERE id BETWEEN 8329300 AND 8330299 ORDER BY c
	Sort  (cost=4176.46..4179.13 rows=1065 width=121)
	  Sort Key: c
	  ->  Bitmap Heap Scan on sbtest1  (cost=35.35..4122.91 rows=1065 width=121)
	        Recheck Cond: ((id >= 8329300) AND (id <= 8330299))
	        ->  Bitmap Index Scan on sbtest1_pkey  (cost=0.00..35.09 rows=1065 width=0)
	              Index Cond: ((id >= 8329300) AND (id <= 8330299))

table 2 : explain SELECT c FROM sbtest2 WHERE id BETWEEN 6404289 AND 6405288 ORDER BY c
	Sort  (cost=4206.00..4208.68 rows=1073 width=121)
	  Sort Key: c
	  ->  Bitmap Heap Scan on sbtest2  (cost=35.43..4151.99 rows=1073 width=121)
	        Recheck Cond: ((id >= 6404289) AND (id <= 6405288))
	        ->  Bitmap Index Scan on sbtest2_pkey  (cost=0.00..35.17 rows=1073 width=0)
	              Index Cond: ((id >= 6404289) AND (id <= 6405288))

table 3 : explain SELECT c FROM sbtest3 WHERE id BETWEEN 5254264 AND 5255263 ORDER BY c
	Sort  (cost=4339.17..4341.94 rows=1106 width=121)
	  Sort Key: c
	  ->  Bitmap Heap Scan on sbtest3  (cost=39.77..4283.26 rows=1106 width=121)
	        Recheck Cond: ((id >= 5254264) AND (id <= 5255263))
	        ->  Bitmap Index Scan on sbtest3_pkey  (cost=0.00..39.50 rows=1106 width=0)
	              Index Cond: ((id >= 5254264) AND (id <= 5255263))

table 4 : explain SELECT c FROM sbtest4 WHERE id BETWEEN 3028069 AND 3029068 ORDER BY c
	Sort  (cost=4686.24..4689.23 rows=1197 width=121)
	  Sort Key: c
	  ->  Bitmap Heap Scan on sbtest4  (cost=40.70..4625.04 rows=1197 width=121)
	        Recheck Cond: ((id >= 3028069) AND (id <= 3029068))
	        ->  Bitmap Index Scan on sbtest4_pkey  (cost=0.00..40.41 rows=1197 width=0)
	              Index Cond: ((id >= 3028069) AND (id <= 3029068))

table 5 : explain SELECT c FROM sbtest5 WHERE id BETWEEN 9626640 AND 9627639 ORDER BY c
	Sort  (cost=3820.99..3823.43 rows=973 width=121)
	  Sort Key: c
	  ->  Bitmap Heap Scan on sbtest5  (cost=34.41..3772.70 rows=973 width=121)
	        Recheck Cond: ((id >= 9626640) AND (id <= 9627639))
	        ->  Bitmap Index Scan on sbtest5_pkey  (cost=0.00..34.17 rows=973 width=0)
	              Index Cond: ((id >= 9626640) AND (id <= 9627639))

table 6 : explain SELECT c FROM sbtest6 WHERE id BETWEEN 5523963 AND 5524962 ORDER BY c
	Sort  (cost=4087.87..4090.47 rows=1042 width=121)
	  Sort Key: c
	  ->  Bitmap Heap Scan on sbtest6  (cost=35.12..4035.64 rows=1042 width=121)
	        Recheck Cond: ((id >= 5523963) AND (id <= 5524962))
	        ->  Bitmap Index Scan on sbtest6_pkey  (cost=0.00..34.86 rows=1042 width=0)
	              Index Cond: ((id >= 5523963) AND (id <= 5524962))

table 7 : explain SELECT c FROM sbtest7 WHERE id BETWEEN 3058510 AND 3059509 ORDER BY c
	Sort  (cost=3710.08..3712.43 rows=942 width=121)
	  Sort Key: c
	  ->  Bitmap Heap Scan on sbtest7  (cost=34.09..3663.54 rows=942 width=121)
	        Recheck Cond: ((id >= 3058510) AND (id <= 3059509))
	        ->  Bitmap Index Scan on sbtest7_pkey  (cost=0.00..33.86 rows=942 width=0)
	              Index Cond: ((id >= 3058510) AND (id <= 3059509))

table 8 : explain SELECT c FROM sbtest8 WHERE id BETWEEN 7713706 AND 7714705 ORDER BY c
	Sort  (cost=3896.90..3899.35 rows=982 width=121)
	  Sort Key: c
	  ->  Index Scan using sbtest8_pkey on sbtest8  (cost=0.43..3848.10 rows=982 width=121)
	        Index Cond: ((id >= 7713706) AND (id <= 7714705))

for: distinct_ranges
table 1 : explain SELECT DISTINCT c FROM sbtest1 WHERE id BETWEEN 6280215 AND 6281214 ORDER BY c
	Unique  (cost=3881.76..3886.70 rows=988 width=121)
	  ->  Sort  (cost=3881.76..3884.23 rows=988 width=121)
	        Sort Key: c
	        ->  Bitmap Heap Scan on sbtest1  (cost=34.56..3832.62 rows=988 width=121)
	              Recheck Cond: ((id >= 6280215) AND (id <= 6281214))
	              ->  Bitmap Index Scan on sbtest1_pkey  (cost=0.00..34.32 rows=988 width=0)
	                    Index Cond: ((id >= 6280215) AND (id <= 6281214))

table 2 : explain SELECT DISTINCT c FROM sbtest2 WHERE id BETWEEN 2393836 AND 2394835 ORDER BY c
	Unique  (cost=4018.66..4023.78 rows=1024 width=121)
	  ->  Sort  (cost=4018.66..4021.22 rows=1024 width=121)
	        Sort Key: c
	        ->  Bitmap Heap Scan on sbtest2  (cost=34.93..3967.46 rows=1024 width=121)
	              Recheck Cond: ((id >= 2393836) AND (id <= 2394835))
	              ->  Bitmap Index Scan on sbtest2_pkey  (cost=0.00..34.68 rows=1024 width=0)
	                    Index Cond: ((id >= 2393836) AND (id <= 2394835))

table 3 : explain SELECT DISTINCT c FROM sbtest3 WHERE id BETWEEN 3778334 AND 3779333 ORDER BY c
	Unique  (cost=4415.57..4421.20 rows=1126 width=121)
	  ->  Sort  (cost=4415.57..4418.38 rows=1126 width=121)
	        Sort Key: c
	        ->  Bitmap Heap Scan on sbtest3  (cost=39.98..4358.49 rows=1126 width=121)
	              Recheck Cond: ((id >= 3778334) AND (id <= 3779333))
	              ->  Bitmap Index Scan on sbtest3_pkey  (cost=0.00..39.70 rows=1126 width=0)
	                    Index Cond: ((id >= 3778334) AND (id <= 3779333))

table 4 : explain SELECT DISTINCT c FROM sbtest4 WHERE id BETWEEN 6582386 AND 6583385 ORDER BY c
	Unique  (cost=3532.38..3536.87 rows=897 width=121)
	  ->  Sort  (cost=3532.38..3534.63 rows=897 width=121)
	        Sort Key: c
	        ->  Bitmap Heap Scan on sbtest4  (cost=29.63..3488.39 rows=897 width=121)
	              Recheck Cond: ((id >= 6582386) AND (id <= 6583385))
	              ->  Bitmap Index Scan on sbtest4_pkey  (cost=0.00..29.40 rows=897 width=0)
	                    Index Cond: ((id >= 6582386) AND (id <= 6583385))

table 5 : explain SELECT DISTINCT c FROM sbtest5 WHERE id BETWEEN 4716808 AND 4717807 ORDER BY c
	Unique  (cost=4417.06..4422.70 rows=1129 width=121)
	  ->  Sort  (cost=4417.06..4419.88 rows=1129 width=121)
	        Sort Key: c
	        ->  Bitmap Heap Scan on sbtest5  (cost=40.01..4359.81 rows=1129 width=121)
	              Recheck Cond: ((id >= 4716808) AND (id <= 4717807))
	              ->  Bitmap Index Scan on sbtest5_pkey  (cost=0.00..39.73 rows=1129 width=0)
	                    Index Cond: ((id >= 4716808) AND (id <= 4717807))

table 6 : explain SELECT DISTINCT c FROM sbtest6 WHERE id BETWEEN 2056012 AND 2057011 ORDER BY c
	Unique  (cost=3846.69..3851.58 rows=979 width=121)
	  ->  Sort  (cost=3846.69..3849.14 rows=979 width=121)
	        Sort Key: c
	        ->  Bitmap Heap Scan on sbtest6  (cost=34.47..3798.06 rows=979 width=121)
	              Recheck Cond: ((id >= 2056012) AND (id <= 2057011))
	              ->  Bitmap Index Scan on sbtest6_pkey  (cost=0.00..34.23 rows=979 width=0)
	                    Index Cond: ((id >= 2056012) AND (id <= 2057011))

table 7 : explain SELECT DISTINCT c FROM sbtest7 WHERE id BETWEEN 121565 AND 122564 ORDER BY c
	Unique  (cost=3844.58..3849.46 rows=977 width=121)
	  ->  Sort  (cost=3844.58..3847.02 rows=977 width=121)
	        Sort Key: c
	        ->  Bitmap Heap Scan on sbtest7  (cost=34.45..3796.06 rows=977 width=121)
	              Recheck Cond: ((id >= 121565) AND (id <= 122564))
	              ->  Bitmap Index Scan on sbtest7_pkey  (cost=0.00..34.20 rows=977 width=0)
	                    Index Cond: ((id >= 121565) AND (id <= 122564))

table 8 : explain SELECT DISTINCT c FROM sbtest8 WHERE id BETWEEN 4823838 AND 4824837 ORDER BY c
	Unique  (cost=4260.68..4266.11 rows=1086 width=121)
	  ->  Sort  (cost=4260.68..4263.40 rows=1086 width=121)
	        Sort Key: c
	        ->  Bitmap Heap Scan on sbtest8  (cost=35.57..4205.92 rows=1086 width=121)
	              Recheck Cond: ((id >= 4823838) AND (id <= 4824837))
	              ->  Bitmap Index Scan on sbtest8_pkey  (cost=0.00..35.30 rows=1086 width=0)
	                    Index Cond: ((id >= 4823838) AND (id <= 4824837))

for: simple_ranges
table 1 : explain SELECT c FROM sbtest1 WHERE id BETWEEN 8122902 AND 8123901
	Bitmap Heap Scan on sbtest1  (cost=39.66..4239.81 rows=1095 width=121)
	  Recheck Cond: ((id >= 8122902) AND (id <= 8123901))
	  ->  Bitmap Index Scan on sbtest1_pkey  (cost=0.00..39.39 rows=1095 width=0)
	        Index Cond: ((id >= 8122902) AND (id <= 8123901))

table 2 : explain SELECT c FROM sbtest2 WHERE id BETWEEN 262409 AND 263408
	Bitmap Heap Scan on sbtest2  (cost=34.11..3665.54 rows=944 width=121)
	  Recheck Cond: ((id >= 262409) AND (id <= 263408))
	  ->  Bitmap Index Scan on sbtest2_pkey  (cost=0.00..33.88 rows=944 width=0)
	        Index Cond: ((id >= 262409) AND (id <= 263408))

table 3 : explain SELECT c FROM sbtest3 WHERE id BETWEEN 8603669 AND 8604668
	Bitmap Heap Scan on sbtest3  (cost=35.11..4034.40 rows=1041 width=121)
	  Recheck Cond: ((id >= 8603669) AND (id <= 8604668))
	  ->  Bitmap Index Scan on sbtest3_pkey  (cost=0.00..34.84 rows=1041 width=0)
	        Index Cond: ((id >= 8603669) AND (id <= 8604668))

table 4 : explain SELECT c FROM sbtest4 WHERE id BETWEEN 749277 AND 750276
	Bitmap Heap Scan on sbtest4  (cost=34.88..3954.20 rows=1019 width=121)
	  Recheck Cond: ((id >= 749277) AND (id <= 750276))
	  ->  Bitmap Index Scan on sbtest4_pkey  (cost=0.00..34.62 rows=1019 width=0)
	        Index Cond: ((id >= 749277) AND (id <= 750276))

table 5 : explain SELECT c FROM sbtest5 WHERE id BETWEEN 9481538 AND 9482537
	Bitmap Heap Scan on sbtest5  (cost=35.01..3995.01 rows=1032 width=121)
	  Recheck Cond: ((id >= 9481538) AND (id <= 9482537))
	  ->  Bitmap Index Scan on sbtest5_pkey  (cost=0.00..34.76 rows=1032 width=0)
	        Index Cond: ((id >= 9481538) AND (id <= 9482537))

table 6 : explain SELECT c FROM sbtest6 WHERE id BETWEEN 2130179 AND 2131178
	Bitmap Heap Scan on sbtest6  (cost=35.30..4103.43 rows=1060 width=121)
	  Recheck Cond: ((id >= 2130179) AND (id <= 2131178))
	  ->  Bitmap Index Scan on sbtest6_pkey  (cost=0.00..35.04 rows=1060 width=0)
	        Index Cond: ((id >= 2130179) AND (id <= 2131178))

table 7 : explain SELECT c FROM sbtest7 WHERE id BETWEEN 7802682 AND 7803681
	Bitmap Heap Scan on sbtest7  (cost=35.11..4037.97 rows=1041 width=121)
	  Recheck Cond: ((id >= 7802682) AND (id <= 7803681))
	  ->  Bitmap Index Scan on sbtest7_pkey  (cost=0.00..34.84 rows=1041 width=0)
	        Index Cond: ((id >= 7802682) AND (id <= 7803681))

table 8 : explain SELECT c FROM sbtest8 WHERE id BETWEEN 6996062 AND 6997061
	Index Scan using sbtest8_pkey on sbtest8  (cost=0.43..3703.89 rows=945 width=121)
	  Index Cond: ((id >= 6996062) AND (id <= 6997061))

for: order_ranges
table 1 : explain SELECT c FROM sbtest1 WHERE id BETWEEN 7203304 AND 7204303 ORDER BY c
	Sort  (cost=3839.61..3842.05 rows=977 width=121)
	  Sort Key: c
	  ->  Bitmap Heap Scan on sbtest1  (cost=34.45..3791.09 rows=977 width=121)
	        Recheck Cond: ((id >= 7203304) AND (id <= 7204303))
	        ->  Bitmap Index Scan on sbtest1_pkey  (cost=0.00..34.20 rows=977 width=0)
	              Index Cond: ((id >= 7203304) AND (id <= 7204303))

table 2 : explain SELECT c FROM sbtest2 WHERE id BETWEEN 825632 AND 826631 ORDER BY c
	Sort  (cost=3899.99..3902.48 rows=993 width=121)
	  Sort Key: c
	  ->  Bitmap Heap Scan on sbtest2  (cost=34.61..3850.56 rows=993 width=121)
	        Recheck Cond: ((id >= 825632) AND (id <= 826631))
	        ->  Bitmap Index Scan on sbtest2_pkey  (cost=0.00..34.37 rows=993 width=0)
	              Index Cond: ((id >= 825632) AND (id <= 826631))

table 3 : explain SELECT c FROM sbtest3 WHERE id BETWEEN 5363822 AND 5364821 ORDER BY c
	Sort  (cost=4166.94..4169.60 rows=1062 width=121)
	  Sort Key: c
	  ->  Bitmap Heap Scan on sbtest3  (cost=35.32..4113.56 rows=1062 width=121)
	        Recheck Cond: ((id >= 5363822) AND (id <= 5364821))
	        ->  Bitmap Index Scan on sbtest3_pkey  (cost=0.00..35.06 rows=1062 width=0)
	              Index Cond: ((id >= 5363822) AND (id <= 5364821))

table 4 : explain SELECT c FROM sbtest4 WHERE id BETWEEN 7045276 AND 7046275 ORDER BY c
	Sort  (cost=4606.09..4609.03 rows=1176 width=121)
	  Sort Key: c
	  ->  Bitmap Heap Scan on sbtest4  (cost=40.49..4546.11 rows=1176 width=121)
	        Recheck Cond: ((id >= 7045276) AND (id <= 7046275))
	        ->  Bitmap Index Scan on sbtest4_pkey  (cost=0.00..40.20 rows=1176 width=0)
	              Index Cond: ((id >= 7045276) AND (id <= 7046275))

table 5 : explain SELECT c FROM sbtest5 WHERE id BETWEEN 9185364 AND 9186363 ORDER BY c
	Sort  (cost=3648.58..3650.90 rows=928 width=121)
	  Sort Key: c
	  ->  Bitmap Heap Scan on sbtest5  (cost=33.95..3602.84 rows=928 width=121)
	        Recheck Cond: ((id >= 9185364) AND (id <= 9186363))
	        ->  Bitmap Index Scan on sbtest5_pkey  (cost=0.00..33.72 rows=928 width=0)
	              Index Cond: ((id >= 9185364) AND (id <= 9186363))

table 6 : explain SELECT c FROM sbtest6 WHERE id BETWEEN 8701694 AND 8702693 ORDER BY c
	Sort  (cost=3842.86..3845.30 rows=978 width=121)
	  Sort Key: c
	  ->  Bitmap Heap Scan on sbtest6  (cost=34.46..3794.28 rows=978 width=121)
	        Recheck Cond: ((id >= 8701694) AND (id <= 8702693))
	        ->  Bitmap Index Scan on sbtest6_pkey  (cost=0.00..34.22 rows=978 width=0)
	              Index Cond: ((id >= 8701694) AND (id <= 8702693))

table 7 : explain SELECT c FROM sbtest7 WHERE id BETWEEN 7079127 AND 7080126 ORDER BY c
	Sort  (cost=3813.85..3816.27 rows=969 width=121)
	  Sort Key: c
	  ->  Bitmap Heap Scan on sbtest7  (cost=34.37..3765.78 rows=969 width=121)
	        Recheck Cond: ((id >= 7079127) AND (id <= 7080126))
	        ->  Bitmap Index Scan on sbtest7_pkey  (cost=0.00..34.12 rows=969 width=0)
	              Index Cond: ((id >= 7079127) AND (id <= 7080126))

table 8 : explain SELECT c FROM sbtest8 WHERE id BETWEEN 5792734 AND 5793733 ORDER BY c
	Sort  (cost=4195.63..4198.30 rows=1069 width=121)
	  Sort Key: c
	  ->  Bitmap Heap Scan on sbtest8  (cost=35.39..4141.84 rows=1069 width=121)
	        Recheck Cond: ((id >= 5792734) AND (id <= 5793733))
	        ->  Bitmap Index Scan on sbtest8_pkey  (cost=0.00..35.12 rows=1069 width=0)
	              Index Cond: ((id >= 5792734) AND (id <= 5793733))

for: distinct_ranges
table 1 : explain SELECT DISTINCT c FROM sbtest1 WHERE id BETWEEN 4266442 AND 4267441 ORDER BY c
	Unique  (cost=3958.38..3963.42 rows=1008 width=121)
	  ->  Sort  (cost=3958.38..3960.90 rows=1008 width=121)
	        Sort Key: c
	        ->  Bitmap Heap Scan on sbtest1  (cost=34.77..3908.09 rows=1008 width=121)
	              Recheck Cond: ((id >= 4266442) AND (id <= 4267441))
	              ->  Bitmap Index Scan on sbtest1_pkey  (cost=0.00..34.52 rows=1008 width=0)
	                    Index Cond: ((id >= 4266442) AND (id <= 4267441))

table 2 : explain SELECT DISTINCT c FROM sbtest2 WHERE id BETWEEN 4460352 AND 4461351 ORDER BY c
	Unique  (cost=3995.70..4000.79 rows=1018 width=121)
	  ->  Sort  (cost=3995.70..3998.25 rows=1018 width=121)
	        Sort Key: c
	        ->  Bitmap Heap Scan on sbtest2  (cost=34.87..3944.84 rows=1018 width=121)
	              Recheck Cond: ((id >= 4460352) AND (id <= 4461351))
	              ->  Bitmap Index Scan on sbtest2_pkey  (cost=0.00..34.62 rows=1018 width=0)
	                    Index Cond: ((id >= 4460352) AND (id <= 4461351))

table 3 : explain SELECT DISTINCT c FROM sbtest3 WHERE id BETWEEN 5794401 AND 5795400 ORDER BY c
	Unique  (cost=3829.82..3834.69 rows=974 width=121)
	  ->  Sort  (cost=3829.82..3832.25 rows=974 width=121)
	        Sort Key: c
	        ->  Bitmap Heap Scan on sbtest3  (cost=34.42..3781.47 rows=974 width=121)
	              Recheck Cond: ((id >= 5794401) AND (id <= 5795400))
	              ->  Bitmap Index Scan on sbtest3_pkey  (cost=0.00..34.18 rows=974 width=0)
	                    Index Cond: ((id >= 5794401) AND (id <= 5795400))

table 4 : explain SELECT DISTINCT c FROM sbtest4 WHERE id BETWEEN 8458013 AND 8459012 ORDER BY c
	Unique  (cost=3671.04..3675.70 rows=932 width=121)
	  ->  Sort  (cost=3671.04..3673.37 rows=932 width=121)
	        Sort Key: c
	        ->  Bitmap Heap Scan on sbtest4  (cost=33.99..3625.07 rows=932 width=121)
	              Recheck Cond: ((id >= 8458013) AND (id <= 8459012))
	              ->  Bitmap Index Scan on sbtest4_pkey  (cost=0.00..33.76 rows=932 width=0)
	                    Index Cond: ((id >= 8458013) AND (id <= 8459012))

table 5 : explain SELECT DISTINCT c FROM sbtest5 WHERE id BETWEEN 2507336 AND 2508335 ORDER BY c
	Unique  (cost=3790.36..3795.19 rows=965 width=121)
	  ->  Sort  (cost=3790.36..3792.77 rows=965 width=121)
	        Sort Key: c
	        ->  Bitmap Heap Scan on sbtest5  (cost=34.33..3742.52 rows=965 width=121)
	              Recheck Cond: ((id >= 2507336) AND (id <= 2508335))
	              ->  Bitmap Index Scan on sbtest5_pkey  (cost=0.00..34.09 rows=965 width=0)
	                    Index Cond: ((id >= 2507336) AND (id <= 2508335))

table 6 : explain SELECT DISTINCT c FROM sbtest6 WHERE id BETWEEN 2883560 AND 2884559 ORDER BY c
	Unique  (cost=3739.35..3744.10 rows=951 width=121)
	  ->  Sort  (cost=3739.35..3741.72 rows=951 width=121)
	        Sort Key: c
	        ->  Bitmap Heap Scan on sbtest6  (cost=34.18..3692.30 rows=951 width=121)
	              Recheck Cond: ((id >= 2883560) AND (id <= 2884559))
	              ->  Bitmap Index Scan on sbtest6_pkey  (cost=0.00..33.95 rows=951 width=0)
	                    Index Cond: ((id >= 2883560) AND (id <= 2884559))

table 7 : explain SELECT DISTINCT c FROM sbtest7 WHERE id BETWEEN 9775172 AND 9776171 ORDER BY c
	Unique  (cost=4354.56..4360.11 rows=1109 width=121)
	  ->  Sort  (cost=4354.56..4357.34 rows=1109 width=121)
	        Sort Key: c
	        ->  Bitmap Heap Scan on sbtest7  (cost=39.80..4298.48 rows=1109 width=121)
	              Recheck Cond: ((id >= 9775172) AND (id <= 9776171))
	              ->  Bitmap Index Scan on sbtest7_pkey  (cost=0.00..39.53 rows=1109 width=0)
	                    Index Cond: ((id >= 9775172) AND (id <= 9776171))

table 8 : explain SELECT DISTINCT c FROM sbtest8 WHERE id BETWEEN 49845 AND 50844 ORDER BY c
	Unique  (cost=4047.17..4052.27 rows=1020 width=121)
	  ->  Sort  (cost=4047.17..4049.72 rows=1020 width=121)
	        Sort Key: c
	        ->  Index Scan using sbtest8_pkey on sbtest8  (cost=0.43..3996.20 rows=1020 width=121)
	              Index Cond: ((id >= 49845) AND (id <= 50844))

for: simple_ranges
table 1 : explain SELECT c FROM sbtest1 WHERE id BETWEEN 7446141 AND 7447140
	Bitmap Heap Scan on sbtest1  (cost=40.34..4484.09 rows=1161 width=121)
	  Recheck Cond: ((id >= 7446141) AND (id <= 7447140))
	  ->  Bitmap Index Scan on sbtest1_pkey  (cost=0.00..40.05 rows=1161 width=0)
	        Index Cond: ((id >= 7446141) AND (id <= 7447140))

table 2 : explain SELECT c FROM sbtest2 WHERE id BETWEEN 2393374 AND 2394373
	Bitmap Heap Scan on sbtest2  (cost=34.93..3967.46 rows=1024 width=121)
	  Recheck Cond: ((id >= 2393374) AND (id <= 2394373))
	  ->  Bitmap Index Scan on sbtest2_pkey  (cost=0.00..34.68 rows=1024 width=0)
	        Index Cond: ((id >= 2393374) AND (id <= 2394373))

table 3 : explain SELECT c FROM sbtest3 WHERE id BETWEEN 3008490 AND 3009489
	Bitmap Heap Scan on sbtest3  (cost=34.07..3652.90 rows=940 width=121)
	  Recheck Cond: ((id >= 3008490) AND (id <= 3009489))
	  ->  Bitmap Index Scan on sbtest3_pkey  (cost=0.00..33.84 rows=940 width=0)
	        Index Cond: ((id >= 3008490) AND (id <= 3009489))

table 4 : explain SELECT c FROM sbtest4 WHERE id BETWEEN 717356 AND 718355
	Bitmap Heap Scan on sbtest4  (cost=34.88..3954.20 rows=1019 width=121)
	  Recheck Cond: ((id >= 717356) AND (id <= 718355))
	  ->  Bitmap Index Scan on sbtest4_pkey  (cost=0.00..34.62 rows=1019 width=0)
	        Index Cond: ((id >= 717356) AND (id <= 718355))

table 5 : explain SELECT c FROM sbtest5 WHERE id BETWEEN 4534748 AND 4535747
	Bitmap Heap Scan on sbtest5  (cost=34.85..3934.77 rows=1016 width=121)
	  Recheck Cond: ((id >= 4534748) AND (id <= 4535747))
	  ->  Bitmap Index Scan on sbtest5_pkey  (cost=0.00..34.59 rows=1016 width=0)
	        Index Cond: ((id >= 4534748) AND (id <= 4535747))

table 6 : explain SELECT c FROM sbtest6 WHERE id BETWEEN 1320807 AND 1321806
	Bitmap Heap Scan on sbtest6  (cost=34.60..3847.12 rows=992 width=121)
	  Recheck Cond: ((id >= 1320807) AND (id <= 1321806))
	  ->  Bitmap Index Scan on sbtest6_pkey  (cost=0.00..34.36 rows=992 width=0)
	        Index Cond: ((id >= 1320807) AND (id <= 1321806))

table 7 : explain SELECT c FROM sbtest7 WHERE id BETWEEN 4569312 AND 4570311
	Bitmap Heap Scan on sbtest7  (cost=34.44..3792.27 rows=976 width=121)
	  Recheck Cond: ((id >= 4569312) AND (id <= 4570311))
	  ->  Bitmap Index Scan on sbtest7_pkey  (cost=0.00..34.20 rows=976 width=0)
	        Index Cond: ((id >= 4569312) AND (id <= 4570311))

table 8 : explain SELECT c FROM sbtest8 WHERE id BETWEEN 483459 AND 484458
	Bitmap Heap Scan on sbtest8  (cost=35.07..4024.91 rows=1038 width=121)
	  Recheck Cond: ((id >= 483459) AND (id <= 484458))
	  ->  Bitmap Index Scan on sbtest8_pkey  (cost=0.00..34.82 rows=1038 width=0)
	        Index Cond: ((id >= 483459) AND (id <= 484458))

for: simple_ranges
table 1 : explain SELECT c FROM sbtest1 WHERE id BETWEEN 7711503 AND 7712502
	Bitmap Heap Scan on sbtest1  (cost=35.01..3998.59 rows=1032 width=121)
	  Recheck Cond: ((id >= 7711503) AND (id <= 7712502))
	  ->  Bitmap Index Scan on sbtest1_pkey  (cost=0.00..34.76 rows=1032 width=0)
	        Index Cond: ((id >= 7711503) AND (id <= 7712502))

table 2 : explain SELECT c FROM sbtest2 WHERE id BETWEEN 3304041 AND 3305040
	Bitmap Heap Scan on sbtest2  (cost=34.28..3725.99 rows=960 width=121)
	  Recheck Cond: ((id >= 3304041) AND (id <= 3305040))
	  ->  Bitmap Index Scan on sbtest2_pkey  (cost=0.00..34.04 rows=960 width=0)
	        Index Cond: ((id >= 3304041) AND (id <= 3305040))

table 3 : explain SELECT c FROM sbtest3 WHERE id BETWEEN 9741216 AND 9742215
	Bitmap Heap Scan on sbtest3  (cost=34.90..3958.96 rows=1021 width=121)
	  Recheck Cond: ((id >= 9741216) AND (id <= 9742215))
	  ->  Bitmap Index Scan on sbtest3_pkey  (cost=0.00..34.65 rows=1021 width=0)
	        Index Cond: ((id >= 9741216) AND (id <= 9742215))

table 4 : explain SELECT c FROM sbtest4 WHERE id BETWEEN 7353782 AND 7354781
	Bitmap Heap Scan on sbtest4  (cost=35.26..4093.90 rows=1056 width=121)
	  Recheck Cond: ((id >= 7353782) AND (id <= 7354781))
	  ->  Bitmap Index Scan on sbtest4_pkey  (cost=0.00..35.00 rows=1056 width=0)
	        Index Cond: ((id >= 7353782) AND (id <= 7354781))

table 5 : explain SELECT c FROM sbtest5 WHERE id BETWEEN 8046697 AND 8047696
	Bitmap Heap Scan on sbtest5  (cost=34.79..3912.17 rows=1010 width=121)
	  Recheck Cond: ((id >= 8046697) AND (id <= 8047696))
	  ->  Bitmap Index Scan on sbtest5_pkey  (cost=0.00..34.54 rows=1010 width=0)
	        Index Cond: ((id >= 8046697) AND (id <= 8047696))

table 6 : explain SELECT c FROM sbtest6 WHERE id BETWEEN 2835434 AND 2836433
	Bitmap Heap Scan on sbtest6  (cost=34.18..3692.30 rows=951 width=121)
	  Recheck Cond: ((id >= 2835434) AND (id <= 2836433))
	  ->  Bitmap Index Scan on sbtest6_pkey  (cost=0.00..33.95 rows=951 width=0)
	        Index Cond: ((id >= 2835434) AND (id <= 2836433))

table 7 : explain SELECT c FROM sbtest7 WHERE id BETWEEN 7086806 AND 7087805
	Bitmap Heap Scan on sbtest7  (cost=34.37..3765.78 rows=969 width=121)
	  Recheck Cond: ((id >= 7086806) AND (id <= 7087805))
	  ->  Bitmap Index Scan on sbtest7_pkey  (cost=0.00..34.12 rows=969 width=0)
	        Index Cond: ((id >= 7086806) AND (id <= 7087805))

table 8 : explain SELECT c FROM sbtest8 WHERE id BETWEEN 578358 AND 579357
	Index Scan using sbtest8_pkey on sbtest8  (cost=0.43..3926.06 rows=1002 width=121)
	  Index Cond: ((id >= 578358) AND (id <= 579357))

for: sum_ranges
table 1 : explain SELECT SUM(k) FROM sbtest1 WHERE id BETWEEN 8555131 AND 8556130
	Aggregate  (cost=3887.96..3887.97 rows=1 width=8)
	  ->  Bitmap Heap Scan on sbtest1  (cost=34.71..3885.45 rows=1002 width=4)
	        Recheck Cond: ((id >= 8555131) AND (id <= 8556130))
	        ->  Bitmap Index Scan on sbtest1_pkey  (cost=0.00..34.45 rows=1002 width=0)
	              Index Cond: ((id >= 8555131) AND (id <= 8556130))

table 2 : explain SELECT SUM(k) FROM sbtest2 WHERE id BETWEEN 6781524 AND 6782523
	Aggregate  (cost=4343.03..4343.04 rows=1 width=8)
	  ->  Bitmap Heap Scan on sbtest2  (cost=39.94..4340.22 rows=1122 width=4)
	        Recheck Cond: ((id >= 6781524) AND (id <= 6782523))
	        ->  Bitmap Index Scan on sbtest2_pkey  (cost=0.00..39.66 rows=1122 width=0)
	              Index Cond: ((id >= 6781524) AND (id <= 6782523))

table 3 : explain SELECT SUM(k) FROM sbtest3 WHERE id BETWEEN 9079511 AND 9080510
	Aggregate  (cost=3833.06..3833.07 rows=1 width=8)
	  ->  Bitmap Heap Scan on sbtest3  (cost=34.55..3830.59 rows=987 width=4)
	        Recheck Cond: ((id >= 9079511) AND (id <= 9080510))
	        ->  Bitmap Index Scan on sbtest3_pkey  (cost=0.00..34.31 rows=987 width=0)
	              Index Cond: ((id >= 9079511) AND (id <= 9080510))

table 4 : explain SELECT SUM(k) FROM sbtest4 WHERE id BETWEEN 343759 AND 344758
	Aggregate  (cost=3903.81..3903.82 rows=1 width=8)
	  ->  Bitmap Heap Scan on sbtest4  (cost=34.74..3901.30 rows=1005 width=4)
	        Recheck Cond: ((id >= 343759) AND (id <= 344758))
	        ->  Bitmap Index Scan on sbtest4_pkey  (cost=0.00..34.48 rows=1005 width=0)
	              Index Cond: ((id >= 343759) AND (id <= 344758))

table 5 : explain SELECT SUM(k) FROM sbtest5 WHERE id BETWEEN 8904427 AND 8905426
	Aggregate  (cost=4008.89..4008.90 rows=1 width=8)
	  ->  Bitmap Heap Scan on sbtest5  (cost=35.04..4006.30 rows=1035 width=4)
	        Recheck Cond: ((id >= 8904427) AND (id <= 8905426))
	        ->  Bitmap Index Scan on sbtest5_pkey  (cost=0.00..34.79 rows=1035 width=0)
	              Index Cond: ((id >= 8904427) AND (id <= 8905426))

table 6 : explain SELECT SUM(k) FROM sbtest6 WHERE id BETWEEN 2039640 AND 2040639
	Aggregate  (cost=3800.50..3800.51 rows=1 width=8)
	  ->  Bitmap Heap Scan on sbtest6  (cost=34.47..3798.06 rows=979 width=4)
	        Recheck Cond: ((id >= 2039640) AND (id <= 2040639))
	        ->  Bitmap Index Scan on sbtest6_pkey  (cost=0.00..34.23 rows=979 width=0)
	              Index Cond: ((id >= 2039640) AND (id <= 2040639))

table 7 : explain SELECT SUM(k) FROM sbtest7 WHERE id BETWEEN 4258837 AND 4259836
	Aggregate  (cost=3953.64..3953.65 rows=1 width=8)
	  ->  Bitmap Heap Scan on sbtest7  (cost=34.87..3951.09 rows=1018 width=4)
	        Recheck Cond: ((id >= 4258837) AND (id <= 4259836))
	        ->  Bitmap Index Scan on sbtest7_pkey  (cost=0.00..34.62 rows=1018 width=0)
	              Index Cond: ((id >= 4258837) AND (id <= 4259836))

table 8 : explain SELECT SUM(k) FROM sbtest8 WHERE id BETWEEN 3570154 AND 3571153
	Aggregate  (cost=3710.15..3710.16 rows=1 width=8)
	  ->  Index Scan using sbtest8_pkey on sbtest8  (cost=0.43..3707.79 rows=946 width=4)
	        Index Cond: ((id >= 3570154) AND (id <= 3571153))

for: distinct_ranges
table 1 : explain SELECT DISTINCT c FROM sbtest1 WHERE id BETWEEN 1201488 AND 1202487 ORDER BY c
	Unique  (cost=4023.46..4028.58 rows=1025 width=121)
	  ->  Sort  (cost=4023.46..4026.02 rows=1025 width=121)
	        Sort Key: c
	        ->  Bitmap Heap Scan on sbtest1  (cost=34.94..3972.20 rows=1025 width=121)
	              Recheck Cond: ((id >= 1201488) AND (id <= 1202487))
	              ->  Bitmap Index Scan on sbtest1_pkey  (cost=0.00..34.69 rows=1025 width=0)
	                    Index Cond: ((id >= 1201488) AND (id <= 1202487))

table 2 : explain SELECT DISTINCT c FROM sbtest2 WHERE id BETWEEN 1050693 AND 1051692 ORDER BY c
	Unique  (cost=3727.53..3732.27 rows=948 width=121)
	  ->  Sort  (cost=3727.53..3729.90 rows=948 width=121)
	        Sort Key: c
	        ->  Bitmap Heap Scan on sbtest2  (cost=34.15..3680.66 rows=948 width=121)
	              Recheck Cond: ((id >= 1050693) AND (id <= 1051692))
	              ->  Bitmap Index Scan on sbtest2_pkey  (cost=0.00..33.92 rows=948 width=0)
	                    Index Cond: ((id >= 1050693) AND (id <= 1051692))

table 3 : explain SELECT DISTINCT c FROM sbtest3 WHERE id BETWEEN 7156272 AND 7157271 ORDER BY c
	Unique  (cost=3707.00..3711.71 rows=942 width=121)
	  ->  Sort  (cost=3707.00..3709.36 rows=942 width=121)
	        Sort Key: c
	        ->  Bitmap Heap Scan on sbtest3  (cost=34.09..3660.47 rows=942 width=121)
	              Recheck Cond: ((id >= 7156272) AND (id <= 7157271))
	              ->  Bitmap Index Scan on sbtest3_pkey  (cost=0.00..33.86 rows=942 width=0)
	                    Index Cond: ((id >= 7156272) AND (id <= 7157271))

table 4 : explain SELECT DISTINCT c FROM sbtest4 WHERE id BETWEEN 6433930 AND 6434929 ORDER BY c
	Unique  (cost=4020.45..4025.57 rows=1023 width=121)
	  ->  Sort  (cost=4020.45..4023.01 rows=1023 width=121)
	        Sort Key: c
	        ->  Bitmap Heap Scan on sbtest4  (cost=34.92..3969.31 rows=1023 width=121)
	              Recheck Cond: ((id >= 6433930) AND (id <= 6434929))
	              ->  Bitmap Index Scan on sbtest4_pkey  (cost=0.00..34.67 rows=1023 width=0)
	                    Index Cond: ((id >= 6433930) AND (id <= 6434929))

table 5 : explain SELECT DISTINCT c FROM sbtest5 WHERE id BETWEEN 5763818 AND 5764817 ORDER BY c
	Unique  (cost=3644.75..3649.38 rows=927 width=121)
	  ->  Sort  (cost=3644.75..3647.07 rows=927 width=121)
	        Sort Key: c
	        ->  Bitmap Heap Scan on sbtest5  (cost=33.94..3599.07 rows=927 width=121)
	              Recheck Cond: ((id >= 5763818) AND (id <= 5764817))
	              ->  Bitmap Index Scan on sbtest5_pkey  (cost=0.00..33.70 rows=927 width=0)
	                    Index Cond: ((id >= 5763818) AND (id <= 5764817))

table 6 : explain SELECT DISTINCT c FROM sbtest6 WHERE id BETWEEN 8028865 AND 8029864 ORDER BY c
	Unique  (cost=3789.20..3794.02 rows=964 width=121)
	  ->  Sort  (cost=3789.20..3791.61 rows=964 width=121)
	        Sort Key: c
	        ->  Bitmap Heap Scan on sbtest6  (cost=34.32..3741.42 rows=964 width=121)
	              Recheck Cond: ((id >= 8028865) AND (id <= 8029864))
	              ->  Bitmap Index Scan on sbtest6_pkey  (cost=0.00..34.08 rows=964 width=0)
	                    Index Cond: ((id >= 8028865) AND (id <= 8029864))

table 7 : explain SELECT DISTINCT c FROM sbtest7 WHERE id BETWEEN 9260407 AND 9261406 ORDER BY c
	Unique  (cost=3871.46..3876.38 rows=984 width=121)
	  ->  Sort  (cost=3871.46..3873.92 rows=984 width=121)
	        Sort Key: c
	        ->  Bitmap Heap Scan on sbtest7  (cost=34.52..3822.54 rows=984 width=121)
	              Recheck Cond: ((id >= 9260407) AND (id <= 9261406))
	              ->  Bitmap Index Scan on sbtest7_pkey  (cost=0.00..34.28 rows=984 width=0)
	                    Index Cond: ((id >= 9260407) AND (id <= 9261406))

table 8 : explain SELECT DISTINCT c FROM sbtest8 WHERE id BETWEEN 7658087 AND 7659086 ORDER BY c
	Unique  (cost=3845.50..3850.35 rows=969 width=121)
	  ->  Sort  (cost=3845.50..3847.93 rows=969 width=121)
	        Sort Key: c
	        ->  Index Scan using sbtest8_pkey on sbtest8  (cost=0.43..3797.44 rows=969 width=121)
	              Index Cond: ((id >= 7658087) AND (id <= 7659086))

for: order_ranges
table 1 : explain SELECT c FROM sbtest1 WHERE id BETWEEN 5538521 AND 5539520 ORDER BY c
	Sort  (cost=3736.07..3738.44 rows=950 width=121)
	  Sort Key: c
	  ->  Bitmap Heap Scan on sbtest1  (cost=34.17..3689.08 rows=950 width=121)
	        Recheck Cond: ((id >= 5538521) AND (id <= 5539520))
	        ->  Bitmap Index Scan on sbtest1_pkey  (cost=0.00..33.94 rows=950 width=0)
	              Index Cond: ((id >= 5538521) AND (id <= 5539520))

table 2 : explain SELECT c FROM sbtest2 WHERE id BETWEEN 6228203 AND 6229202 ORDER BY c
	Sort  (cost=3922.97..3925.47 rows=999 width=121)
	  Sort Key: c
	  ->  Bitmap Heap Scan on sbtest2  (cost=34.67..3873.20 rows=999 width=121)
	        Recheck Cond: ((id >= 6228203) AND (id <= 6229202))
	        ->  Bitmap Index Scan on sbtest2_pkey  (cost=0.00..34.43 rows=999 width=0)
	              Index Cond: ((id >= 6228203) AND (id <= 6229202))

table 3 : explain SELECT c FROM sbtest3 WHERE id BETWEEN 5620389 AND 5621388 ORDER BY c
	Sort  (cost=4220.49..4223.18 rows=1076 width=121)
	  Sort Key: c
	  ->  Bitmap Heap Scan on sbtest3  (cost=35.46..4166.31 rows=1076 width=121)
	        Recheck Cond: ((id >= 5620389) AND (id <= 5621388))
	        ->  Bitmap Index Scan on sbtest3_pkey  (cost=0.00..35.20 rows=1076 width=0)
	              Index Cond: ((id >= 5620389) AND (id <= 5621388))

table 4 : explain SELECT c FROM sbtest4 WHERE id BETWEEN 6489052 AND 6490051 ORDER BY c
	Sort  (cost=4020.45..4023.01 rows=1023 width=121)
	  Sort Key: c
	  ->  Bitmap Heap Scan on sbtest4  (cost=34.92..3969.31 rows=1023 width=121)
	        Recheck Cond: ((id >= 6489052) AND (id <= 6490051))
	        ->  Bitmap Index Scan on sbtest4_pkey  (cost=0.00..34.67 rows=1023 width=0)
	              Index Cond: ((id >= 6489052) AND (id <= 6490051))

table 5 : explain SELECT c FROM sbtest5 WHERE id BETWEEN 273759 AND 274758 ORDER BY c
	Sort  (cost=4172.71..4175.37 rows=1065 width=121)
	  Sort Key: c
	  ->  Bitmap Heap Scan on sbtest5  (cost=35.35..4119.16 rows=1065 width=121)
	        Recheck Cond: ((id >= 273759) AND (id <= 274758))
	        ->  Bitmap Index Scan on sbtest5_pkey  (cost=0.00..35.09 rows=1065 width=0)
	              Index Cond: ((id >= 273759) AND (id <= 274758))

table 6 : explain SELECT c FROM sbtest6 WHERE id BETWEEN 1321789 AND 1322788 ORDER BY c
	Sort  (cost=3896.49..3898.97 rows=992 width=121)
	  Sort Key: c
	  ->  Bitmap Heap Scan on sbtest6  (cost=34.60..3847.12 rows=992 width=121)
	        Recheck Cond: ((id >= 1321789) AND (id <= 1322788))
	        ->  Bitmap Index Scan on sbtest6_pkey  (cost=0.00..34.36 rows=992 width=0)
	              Index Cond: ((id >= 1321789) AND (id <= 1322788))

table 7 : explain SELECT c FROM sbtest7 WHERE id BETWEEN 5031822 AND 5032821 ORDER BY c
	Sort  (cost=3971.26..3973.78 rows=1010 width=121)
	  Sort Key: c
	  ->  Bitmap Heap Scan on sbtest7  (cost=34.79..3920.86 rows=1010 width=121)
	        Recheck Cond: ((id >= 5031822) AND (id <= 5032821))
	        ->  Bitmap Index Scan on sbtest7_pkey  (cost=0.00..34.54 rows=1010 width=0)
	              Index Cond: ((id >= 5031822) AND (id <= 5032821))

table 8 : explain SELECT c FROM sbtest8 WHERE id BETWEEN 1860822 AND 1861821 ORDER BY c
	Sort  (cost=3916.67..3919.13 rows=987 width=121)
	  Sort Key: c
	  ->  Index Scan using sbtest8_pkey on sbtest8  (cost=0.43..3867.58 rows=987 width=121)
	        Index Cond: ((id >= 1860822) AND (id <= 1861821))

for: distinct_ranges
table 1 : explain SELECT DISTINCT c FROM sbtest1 WHERE id BETWEEN 4357635 AND 4358634 ORDER BY c
	Unique  (cost=3828.11..3832.98 rows=974 width=121)
	  ->  Sort  (cost=3828.11..3830.54 rows=974 width=121)
	        Sort Key: c
	        ->  Bitmap Heap Scan on sbtest1  (cost=34.42..3779.76 rows=974 width=121)
	              Recheck Cond: ((id >= 4357635) AND (id <= 4358634))
	              ->  Bitmap Index Scan on sbtest1_pkey  (cost=0.00..34.18 rows=974 width=0)
	                    Index Cond: ((id >= 4357635) AND (id <= 4358634))

table 2 : explain SELECT DISTINCT c FROM sbtest2 WHERE id BETWEEN 1827252 AND 1828251 ORDER BY c
	Unique  (cost=3769.71..3774.51 rows=959 width=121)
	  ->  Sort  (cost=3769.71..3772.11 rows=959 width=121)
	        Sort Key: c
	        ->  Bitmap Heap Scan on sbtest2  (cost=34.26..3722.21 rows=959 width=121)
	              Recheck Cond: ((id >= 1827252) AND (id <= 1828251))
	              ->  Bitmap Index Scan on sbtest2_pkey  (cost=0.00..34.03 rows=959 width=0)
	                    Index Cond: ((id >= 1827252) AND (id <= 1828251))

table 3 : explain SELECT DISTINCT c FROM sbtest3 WHERE id BETWEEN 383884 AND 384883 ORDER BY c
	Unique  (cost=4159.29..4164.59 rows=1060 width=121)
	  ->  Sort  (cost=4159.29..4161.94 rows=1060 width=121)
	        Sort Key: c
	        ->  Bitmap Heap Scan on sbtest3  (cost=35.30..4106.03 rows=1060 width=121)
	              Recheck Cond: ((id >= 383884) AND (id <= 384883))
	              ->  Bitmap Index Scan on sbtest3_pkey  (cost=0.00..35.04 rows=1060 width=0)
	                    Index Cond: ((id >= 383884) AND (id <= 384883))

table 4 : explain SELECT DISTINCT c FROM sbtest4 WHERE id BETWEEN 4748392 AND 4749391 ORDER BY c
	Unique  (cost=4024.29..4029.41 rows=1024 width=121)
	  ->  Sort  (cost=4024.29..4026.85 rows=1024 width=121)
	        Sort Key: c
	        ->  Bitmap Heap Scan on sbtest4  (cost=34.93..3973.09 rows=1024 width=121)
	              Recheck Cond: ((id >= 4748392) AND (id <= 4749391))
	              ->  Bitmap Index Scan on sbtest4_pkey  (cost=0.00..34.68 rows=1024 width=0)
	                    Index Cond: ((id >= 4748392) AND (id <= 4749391))

table 5 : explain SELECT DISTINCT c FROM sbtest5 WHERE id BETWEEN 5117252 AND 5118251 ORDER BY c
	Unique  (cost=3836.31..3841.19 rows=977 width=121)
	  ->  Sort  (cost=3836.31..3838.75 rows=977 width=121)
	        Sort Key: c
	        ->  Bitmap Heap Scan on sbtest5  (cost=34.45..3787.79 rows=977 width=121)
	              Recheck Cond: ((id >= 5117252) AND (id <= 5118251))
	              ->  Bitmap Index Scan on sbtest5_pkey  (cost=0.00..34.20 rows=977 width=0)
	                    Index Cond: ((id >= 5117252) AND (id <= 5118251))

table 6 : explain SELECT DISTINCT c FROM sbtest6 WHERE id BETWEEN 8035316 AND 8036315 ORDER BY c
	Unique  (cost=3789.20..3794.02 rows=964 width=121)
	  ->  Sort  (cost=3789.20..3791.61 rows=964 width=121)
	        Sort Key: c
	        ->  Bitmap Heap Scan on sbtest6  (cost=34.32..3741.42 rows=964 width=121)
	              Recheck Cond: ((id >= 8035316) AND (id <= 8036315))
	              ->  Bitmap Index Scan on sbtest6_pkey  (cost=0.00..34.08 rows=964 width=0)
	                    Index Cond: ((id >= 8035316) AND (id <= 8036315))

table 7 : explain SELECT DISTINCT c FROM sbtest7 WHERE id BETWEEN 2770403 AND 2771402 ORDER BY c
	Unique  (cost=3959.75..3964.78 rows=1007 width=121)
	  ->  Sort  (cost=3959.75..3962.26 rows=1007 width=121)
	        Sort Key: c
	        ->  Bitmap Heap Scan on sbtest7  (cost=34.76..3909.52 rows=1007 width=121)
	              Recheck Cond: ((id >= 2770403) AND (id <= 2771402))
	              ->  Bitmap Index Scan on sbtest7_pkey  (cost=0.00..34.51 rows=1007 width=0)
	                    Index Cond: ((id >= 2770403) AND (id <= 2771402))

table 8 : explain SELECT DISTINCT c FROM sbtest8 WHERE id BETWEEN 1740960 AND 1741959 ORDER BY c
	Unique  (cost=3873.18..3878.06 rows=976 width=121)
	  ->  Sort  (cost=3873.18..3875.62 rows=976 width=121)
	        Sort Key: c
	        ->  Index Scan using sbtest8_pkey on sbtest8  (cost=0.43..3824.72 rows=976 width=121)
	              Index Cond: ((id >= 1740960) AND (id <= 1741959))

for: sum_ranges
table 1 : explain SELECT SUM(k) FROM sbtest1 WHERE id BETWEEN 6519749 AND 6520748
	Aggregate  (cost=4310.29..4310.30 rows=1 width=8)
	  ->  Bitmap Heap Scan on sbtest1  (cost=39.84..4307.50 rows=1113 width=4)
	        Recheck Cond: ((id >= 6519749) AND (id <= 6520748))
	        ->  Bitmap Index Scan on sbtest1_pkey  (cost=0.00..39.57 rows=1113 width=0)
	              Index Cond: ((id >= 6519749) AND (id <= 6520748))

table 2 : explain SELECT SUM(k) FROM sbtest2 WHERE id BETWEEN 8956555 AND 8957554
	Aggregate  (cost=3641.43..3641.44 rows=1 width=8)
	  ->  Bitmap Heap Scan on sbtest2  (cost=34.04..3639.09 rows=937 width=4)
	        Recheck Cond: ((id >= 8956555) AND (id <= 8957554))
	        ->  Bitmap Index Scan on sbtest2_pkey  (cost=0.00..33.81 rows=937 width=0)
	              Index Cond: ((id >= 8956555) AND (id <= 8957554))

table 3 : explain SELECT SUM(k) FROM sbtest3 WHERE id BETWEEN 1178104 AND 1179103
	Aggregate  (cost=3901.08..3901.09 rows=1 width=8)
	  ->  Bitmap Heap Scan on sbtest3  (cost=34.74..3898.57 rows=1005 width=4)
	        Recheck Cond: ((id >= 1178104) AND (id <= 1179103))
	        ->  Bitmap Index Scan on sbtest3_pkey  (cost=0.00..34.48 rows=1005 width=0)
	              Index Cond: ((id >= 1178104) AND (id <= 1179103))

table 4 : explain SELECT SUM(k) FROM sbtest4 WHERE id BETWEEN 2429341 AND 2430340
	Aggregate  (cost=3881.12..3881.13 rows=1 width=8)
	  ->  Bitmap Heap Scan on sbtest4  (cost=34.67..3878.62 rows=999 width=4)
	        Recheck Cond: ((id >= 2429341) AND (id <= 2430340))
	        ->  Bitmap Index Scan on sbtest4_pkey  (cost=0.00..34.43 rows=999 width=0)
	              Index Cond: ((id >= 2429341) AND (id <= 2430340))

table 5 : explain SELECT SUM(k) FROM sbtest5 WHERE id BETWEEN 8984452 AND 8985451
	Aggregate  (cost=4008.89..4008.90 rows=1 width=8)
	  ->  Bitmap Heap Scan on sbtest5  (cost=35.04..4006.30 rows=1035 width=4)
	        Recheck Cond: ((id >= 8984452) AND (id <= 8985451))
	        ->  Bitmap Index Scan on sbtest5_pkey  (cost=0.00..34.79 rows=1035 width=0)
	              Index Cond: ((id >= 8984452) AND (id <= 8985451))

table 6 : explain SELECT SUM(k) FROM sbtest6 WHERE id BETWEEN 9655030 AND 9656029
	Aggregate  (cost=3857.15..3857.16 rows=1 width=8)
	  ->  Bitmap Heap Scan on sbtest6  (cost=34.62..3854.67 rows=994 width=4)
	        Recheck Cond: ((id >= 9655030) AND (id <= 9656029))
	        ->  Bitmap Index Scan on sbtest6_pkey  (cost=0.00..34.38 rows=994 width=0)
	              Index Cond: ((id >= 9655030) AND (id <= 9656029))

table 7 : explain SELECT SUM(k) FROM sbtest7 WHERE id BETWEEN 6298133 AND 6299132
	Aggregate  (cost=4089.69..4089.70 rows=1 width=8)
	  ->  Bitmap Heap Scan on sbtest7  (cost=35.24..4087.05 rows=1054 width=4)
	        Recheck Cond: ((id >= 6298133) AND (id <= 6299132))
	        ->  Bitmap Index Scan on sbtest7_pkey  (cost=0.00..34.98 rows=1054 width=0)
	              Index Cond: ((id >= 6298133) AND (id <= 6299132))

table 8 : explain SELECT SUM(k) FROM sbtest8 WHERE id BETWEEN 486237 AND 487236
	Aggregate  (cost=4027.50..4027.51 rows=1 width=8)
	  ->  Bitmap Heap Scan on sbtest8  (cost=35.07..4024.91 rows=1038 width=4)
	        Recheck Cond: ((id >= 486237) AND (id <= 487236))
	        ->  Bitmap Index Scan on sbtest8_pkey  (cost=0.00..34.82 rows=1038 width=0)
	              Index Cond: ((id >= 486237) AND (id <= 487236))

for: order_ranges
table 1 : explain SELECT c FROM sbtest1 WHERE id BETWEEN 778041 AND 779040 ORDER BY c
	Sort  (cost=3824.27..3826.71 rows=973 width=121)
	  Sort Key: c
	  ->  Bitmap Heap Scan on sbtest1  (cost=34.41..3775.98 rows=973 width=121)
	        Recheck Cond: ((id >= 778041) AND (id <= 779040))
	        ->  Bitmap Index Scan on sbtest1_pkey  (cost=0.00..34.17 rows=973 width=0)
	              Index Cond: ((id >= 778041) AND (id <= 779040))

table 2 : explain SELECT c FROM sbtest2 WHERE id BETWEEN 5749934 AND 5750933 ORDER BY c
	Sort  (cost=3408.62..3410.79 rows=866 width=121)
	  Sort Key: c
	  ->  Bitmap Heap Scan on sbtest2  (cost=29.31..3366.37 rows=866 width=121)
	        Recheck Cond: ((id >= 5749934) AND (id <= 5750933))
	        ->  Bitmap Index Scan on sbtest2_pkey  (cost=0.00..29.09 rows=866 width=0)
	              Index Cond: ((id >= 5749934) AND (id <= 5750933))

table 3 : explain SELECT c FROM sbtest3 WHERE id BETWEEN 9200794 AND 9201793 ORDER BY c
	Sort  (cost=4055.94..4058.53 rows=1033 width=121)
	  Sort Key: c
	  ->  Bitmap Heap Scan on sbtest3  (cost=35.02..4004.23 rows=1033 width=121)
	        Recheck Cond: ((id >= 9200794) AND (id <= 9201793))
	        ->  Bitmap Index Scan on sbtest3_pkey  (cost=0.00..34.77 rows=1033 width=0)
	              Index Cond: ((id >= 9200794) AND (id <= 9201793))

table 4 : explain SELECT c FROM sbtest4 WHERE id BETWEEN 6199276 AND 6200275 ORDER BY c
	Sort  (cost=3686.42..3688.76 rows=936 width=121)
	  Sort Key: c
	  ->  Bitmap Heap Scan on sbtest4  (cost=34.03..3640.22 rows=936 width=121)
	        Recheck Cond: ((id >= 6199276) AND (id <= 6200275))
	        ->  Bitmap Index Scan on sbtest4_pkey  (cost=0.00..33.80 rows=936 width=0)
	              Index Cond: ((id >= 6199276) AND (id <= 6200275))

table 5 : explain SELECT c FROM sbtest5 WHERE id BETWEEN 7751855 AND 7752854 ORDER BY c
	Sort  (cost=3931.97..3934.48 rows=1002 width=121)
	  Sort Key: c
	  ->  Bitmap Heap Scan on sbtest5  (cost=34.71..3882.03 rows=1002 width=121)
	        Recheck Cond: ((id >= 7751855) AND (id <= 7752854))
	        ->  Bitmap Index Scan on sbtest5_pkey  (cost=0.00..34.45 rows=1002 width=0)
	              Index Cond: ((id >= 7751855) AND (id <= 7752854))

table 6 : explain SELECT c FROM sbtest6 WHERE id BETWEEN 2394597 AND 2395596 ORDER BY c
	Sort  (cost=3808.36..3810.79 rows=969 width=121)
	  Sort Key: c
	  ->  Bitmap Heap Scan on sbtest6  (cost=34.37..3760.30 rows=969 width=121)
	        Recheck Cond: ((id >= 2394597) AND (id <= 2395596))
	        ->  Bitmap Index Scan on sbtest6_pkey  (cost=0.00..34.12 rows=969 width=0)
	              Index Cond: ((id >= 2394597) AND (id <= 2395596))

table 7 : explain SELECT c FROM sbtest7 WHERE id BETWEEN 4240448 AND 4241447 ORDER BY c
	Sort  (cost=4001.95..4004.49 rows=1018 width=121)
	  Sort Key: c
	  ->  Bitmap Heap Scan on sbtest7  (cost=34.87..3951.09 rows=1018 width=121)
	        Recheck Cond: ((id >= 4240448) AND (id <= 4241447))
	        ->  Bitmap Index Scan on sbtest7_pkey  (cost=0.00..34.62 rows=1018 width=0)
	              Index Cond: ((id >= 4240448) AND (id <= 4241447))

table 8 : explain SELECT c FROM sbtest8 WHERE id BETWEEN 9582802 AND 9583801 ORDER BY c
	Sort  (cost=3782.22..3784.60 rows=953 width=121)
	  Sort Key: c
	  ->  Index Scan using sbtest8_pkey on sbtest8  (cost=0.43..3735.06 rows=953 width=121)
	        Index Cond: ((id >= 9582802) AND (id <= 9583801))

for: simple_ranges
table 1 : explain SELECT c FROM sbtest1 WHERE id BETWEEN 1340227 AND 1341226
	Bitmap Heap Scan on sbtest1  (cost=35.17..4055.12 rows=1047 width=121)
	  Recheck Cond: ((id >= 1340227) AND (id <= 1341226))
	  ->  Bitmap Index Scan on sbtest1_pkey  (cost=0.00..34.91 rows=1047 width=0)
	        Index Cond: ((id >= 1340227) AND (id <= 1341226))

table 2 : explain SELECT c FROM sbtest2 WHERE id BETWEEN 9800013 AND 9801012
	Bitmap Heap Scan on sbtest2  (cost=34.78..3910.91 rows=1009 width=121)
	  Recheck Cond: ((id >= 9800013) AND (id <= 9801012))
	  ->  Bitmap Index Scan on sbtest2_pkey  (cost=0.00..34.53 rows=1009 width=0)
	        Index Cond: ((id >= 9800013) AND (id <= 9801012))

table 3 : explain SELECT c FROM sbtest3 WHERE id BETWEEN 4336231 AND 4337230
	Bitmap Heap Scan on sbtest3  (cost=35.41..4147.47 rows=1071 width=121)
	  Recheck Cond: ((id >= 4336231) AND (id <= 4337230))
	  ->  Bitmap Index Scan on sbtest3_pkey  (cost=0.00..35.15 rows=1071 width=0)
	        Index Cond: ((id >= 4336231) AND (id <= 4337230))

table 4 : explain SELECT c FROM sbtest4 WHERE id BETWEEN 2242503 AND 2243502
	Bitmap Heap Scan on sbtest4  (cost=34.66..3874.84 rows=998 width=121)
	  Recheck Cond: ((id >= 2242503) AND (id <= 2243502))
	  ->  Bitmap Index Scan on sbtest4_pkey  (cost=0.00..34.42 rows=998 width=0)
	        Index Cond: ((id >= 2242503) AND (id <= 2243502))

table 5 : explain SELECT c FROM sbtest5 WHERE id BETWEEN 7574928 AND 7575927
	Bitmap Heap Scan on sbtest5  (cost=33.83..3561.28 rows=917 width=121)
	  Recheck Cond: ((id >= 7574928) AND (id <= 7575927))
	  ->  Bitmap Index Scan on sbtest5_pkey  (cost=0.00..33.61 rows=917 width=0)
	        Index Cond: ((id >= 7574928) AND (id <= 7575927))

table 6 : explain SELECT c FROM sbtest6 WHERE id BETWEEN 3533226 AND 3534225
	Bitmap Heap Scan on sbtest6  (cost=34.22..3707.42 rows=955 width=121)
	  Recheck Cond: ((id >= 3533226) AND (id <= 3534225))
	  ->  Bitmap Index Scan on sbtest6_pkey  (cost=0.00..33.98 rows=955 width=0)
	        Index Cond: ((id >= 3533226) AND (id <= 3534225))

table 7 : explain SELECT c FROM sbtest7 WHERE id BETWEEN 275016 AND 276015
	Bitmap Heap Scan on sbtest7  (cost=35.19..4068.18 rows=1049 width=121)
	  Recheck Cond: ((id >= 275016) AND (id <= 276015))
	  ->  Bitmap Index Scan on sbtest7_pkey  (cost=0.00..34.93 rows=1049 width=0)
	        Index Cond: ((id >= 275016) AND (id <= 276015))

table 8 : explain SELECT c FROM sbtest8 WHERE id BETWEEN 7125394 AND 7126393
	Index Scan using sbtest8_pkey on sbtest8  (cost=0.43..3840.30 rows=980 width=121)
	  Index Cond: ((id >= 7125394) AND (id <= 7126393))

for: simple_ranges
table 1 : explain SELECT c FROM sbtest1 WHERE id BETWEEN 1650762 AND 1651761
	Bitmap Heap Scan on sbtest1  (cost=35.17..4055.12 rows=1047 width=121)
	  Recheck Cond: ((id >= 1650762) AND (id <= 1651761))
	  ->  Bitmap Index Scan on sbtest1_pkey  (cost=0.00..34.91 rows=1047 width=0)
	        Index Cond: ((id >= 1650762) AND (id <= 1651761))

table 2 : explain SELECT c FROM sbtest2 WHERE id BETWEEN 7912105 AND 7913104
	Bitmap Heap Scan on sbtest2  (cost=29.77..3536.76 rows=911 width=121)
	  Recheck Cond: ((id >= 7912105) AND (id <= 7913104))
	  ->  Bitmap Index Scan on sbtest2_pkey  (cost=0.00..29.54 rows=911 width=0)
	        Index Cond: ((id >= 7912105) AND (id <= 7913104))

table 3 : explain SELECT c FROM sbtest3 WHERE id BETWEEN 9386844 AND 9387843
	Bitmap Heap Scan on sbtest3  (cost=34.60..3849.48 rows=992 width=121)
	  Recheck Cond: ((id >= 9386844) AND (id <= 9387843))
	  ->  Bitmap Index Scan on sbtest3_pkey  (cost=0.00..34.36 rows=992 width=0)
	        Index Cond: ((id >= 9386844) AND (id <= 9387843))

table 4 : explain SELECT c FROM sbtest4 WHERE id BETWEEN 6564743 AND 6565742
	Bitmap Heap Scan on sbtest4  (cost=29.63..3488.39 rows=897 width=121)
	  Recheck Cond: ((id >= 6564743) AND (id <= 6565742))
	  ->  Bitmap Index Scan on sbtest4_pkey  (cost=0.00..29.40 rows=897 width=0)
	        Index Cond: ((id >= 6564743) AND (id <= 6565742))

table 5 : explain SELECT c FROM sbtest5 WHERE id BETWEEN 2130377 AND 2131376
	Bitmap Heap Scan on sbtest5  (cost=29.74..3523.26 rows=908 width=121)
	  Recheck Cond: ((id >= 2130377) AND (id <= 2131376))
	  ->  Bitmap Index Scan on sbtest5_pkey  (cost=0.00..29.51 rows=908 width=0)
	        Index Cond: ((id >= 2130377) AND (id <= 2131376))

table 6 : explain SELECT c FROM sbtest6 WHERE id BETWEEN 4806770 AND 4807769
	Bitmap Heap Scan on sbtest6  (cost=34.12..3669.63 rows=945 width=121)
	  Recheck Cond: ((id >= 4806770) AND (id <= 4807769))
	  ->  Bitmap Index Scan on sbtest6_pkey  (cost=0.00..33.89 rows=945 width=0)
	        Index Cond: ((id >= 4806770) AND (id <= 4807769))

table 7 : explain SELECT c FROM sbtest7 WHERE id BETWEEN 8860241 AND 8861240
	Bitmap Heap Scan on sbtest7  (cost=35.12..4041.75 rows=1042 width=121)
	  Recheck Cond: ((id >= 8860241) AND (id <= 8861240))
	  ->  Bitmap Index Scan on sbtest7_pkey  (cost=0.00..34.86 rows=1042 width=0)
	        Index Cond: ((id >= 8860241) AND (id <= 8861240))

table 8 : explain SELECT c FROM sbtest8 WHERE id BETWEEN 2752037 AND 2753036
	Index Scan using sbtest8_pkey on sbtest8  (cost=0.43..3816.92 rows=974 width=121)
	  Index Cond: ((id >= 2752037) AND (id <= 2753036))

for point_selects
table 1 : explain SELECT c FROM sbtest1 WHERE id=1065174
	Index Scan using sbtest1_pkey on sbtest1  (cost=0.43..8.45 rows=1 width=121)
	  Index Cond: (id = 1065174)

table 2 : explain SELECT c FROM sbtest2 WHERE id=6674084
	Index Scan using sbtest2_pkey on sbtest2  (cost=0.43..8.45 rows=1 width=121)
	  Index Cond: (id = 6674084)

table 3 : explain SELECT c FROM sbtest3 WHERE id=536026
	Index Scan using sbtest3_pkey on sbtest3  (cost=0.43..8.45 rows=1 width=121)
	  Index Cond: (id = 536026)

table 4 : explain SELECT c FROM sbtest4 WHERE id=3080733
	Index Scan using sbtest4_pkey on sbtest4  (cost=0.43..8.45 rows=1 width=121)
	  Index Cond: (id = 3080733)

table 5 : explain SELECT c FROM sbtest5 WHERE id=9505368
	Index Scan using sbtest5_pkey on sbtest5  (cost=0.43..8.45 rows=1 width=121)
	  Index Cond: (id = 9505368)

table 6 : explain SELECT c FROM sbtest6 WHERE id=8966470
	Index Scan using sbtest6_pkey on sbtest6  (cost=0.43..8.45 rows=1 width=121)
	  Index Cond: (id = 8966470)

table 7 : explain SELECT c FROM sbtest7 WHERE id=9369625
	Index Scan using sbtest7_pkey on sbtest7  (cost=0.43..8.45 rows=1 width=121)
	  Index Cond: (id = 9369625)

table 8 : explain SELECT c FROM sbtest8 WHERE id=6617724
	Index Scan using sbtest8_pkey on sbtest8  (cost=0.43..8.45 rows=1 width=121)
	  Index Cond: (id = 6617724)

for: simple_ranges
table 1 : explain SELECT c FROM sbtest1 WHERE id BETWEEN 9190030 AND 9191029
	Bitmap Heap Scan on sbtest1  (cost=34.28..3726.87 rows=960 width=121)
	  Recheck Cond: ((id >= 9190030) AND (id <= 9191029))
	  ->  Bitmap Index Scan on sbtest1_pkey  (cost=0.00..34.04 rows=960 width=0)
	        Index Cond: ((id >= 9190030) AND (id <= 9191029))

table 2 : explain SELECT c FROM sbtest2 WHERE id BETWEEN 7399083 AND 7400082
	Bitmap Heap Scan on sbtest2  (cost=39.84..4306.40 rows=1113 width=121)
	  Recheck Cond: ((id >= 7399083) AND (id <= 7400082))
	  ->  Bitmap Index Scan on sbtest2_pkey  (cost=0.00..39.57 rows=1113 width=0)
	        Index Cond: ((id >= 7399083) AND (id <= 7400082))

table 3 : explain SELECT c FROM sbtest3 WHERE id BETWEEN 3043604 AND 3044603
	Bitmap Heap Scan on sbtest3  (cost=34.07..3652.90 rows=940 width=121)
	  Recheck Cond: ((id >= 3043604) AND (id <= 3044603))
	  ->  Bitmap Index Scan on sbtest3_pkey  (cost=0.00..33.84 rows=940 width=0)
	        Index Cond: ((id >= 3043604) AND (id <= 3044603))

table 4 : explain SELECT c FROM sbtest4 WHERE id BETWEEN 4484249 AND 4485248
	Bitmap Heap Scan on sbtest4  (cost=29.57..3465.63 rows=891 width=121)
	  Recheck Cond: ((id >= 4484249) AND (id <= 4485248))
	  ->  Bitmap Index Scan on sbtest4_pkey  (cost=0.00..29.34 rows=891 width=0)
	        Index Cond: ((id >= 4484249) AND (id <= 4485248))

table 5 : explain SELECT c FROM sbtest5 WHERE id BETWEEN 7138635 AND 7139634
	Bitmap Heap Scan on sbtest5  (cost=39.81..4288.50 rows=1110 width=121)
	  Recheck Cond: ((id >= 7138635) AND (id <= 7139634))
	  ->  Bitmap Index Scan on sbtest5_pkey  (cost=0.00..39.54 rows=1110 width=0)
	        Index Cond: ((id >= 7138635) AND (id <= 7139634))

table 6 : explain SELECT c FROM sbtest6 WHERE id BETWEEN 1932993 AND 1933992
	Bitmap Heap Scan on sbtest6  (cost=34.16..3684.75 rows=949 width=121)
	  Recheck Cond: ((id >= 1932993) AND (id <= 1933992))
	  ->  Bitmap Index Scan on sbtest6_pkey  (cost=0.00..33.93 rows=949 width=0)
	        Index Cond: ((id >= 1932993) AND (id <= 1933992))

table 7 : explain SELECT c FROM sbtest7 WHERE id BETWEEN 1585290 AND 1586289
	Bitmap Heap Scan on sbtest7  (cost=35.03..4011.54 rows=1034 width=121)
	  Recheck Cond: ((id >= 1585290) AND (id <= 1586289))
	  ->  Bitmap Index Scan on sbtest7_pkey  (cost=0.00..34.78 rows=1034 width=0)
	        Index Cond: ((id >= 1585290) AND (id <= 1586289))

table 8 : explain SELECT c FROM sbtest8 WHERE id BETWEEN 8885316 AND 8886315
	Index Scan using sbtest8_pkey on sbtest8  (cost=0.43..3723.38 rows=950 width=121)
	  Index Cond: ((id >= 8885316) AND (id <= 8886315))

for: sum_ranges
table 1 : explain SELECT SUM(k) FROM sbtest1 WHERE id BETWEEN 3619971 AND 3620970
	Aggregate  (cost=3940.81..3940.82 rows=1 width=8)
	  ->  Bitmap Heap Scan on sbtest1  (cost=34.85..3938.27 rows=1016 width=4)
	        Recheck Cond: ((id >= 3619971) AND (id <= 3620970))
	        ->  Bitmap Index Scan on sbtest1_pkey  (cost=0.00..34.59 rows=1016 width=0)
	              Index Cond: ((id >= 3619971) AND (id <= 3620970))

table 2 : explain SELECT SUM(k) FROM sbtest2 WHERE id BETWEEN 631511 AND 632510
	Aggregate  (cost=4060.50..4060.51 rows=1 width=8)
	  ->  Bitmap Heap Scan on sbtest2  (cost=35.18..4057.88 rows=1048 width=4)
	        Recheck Cond: ((id >= 631511) AND (id <= 632510))
	        ->  Bitmap Index Scan on sbtest2_pkey  (cost=0.00..34.92 rows=1048 width=0)
	              Index Cond: ((id >= 631511) AND (id <= 632510))

table 3 : explain SELECT SUM(k) FROM sbtest3 WHERE id BETWEEN 2739178 AND 2740177
	Aggregate  (cost=4006.81..4006.82 rows=1 width=8)
	  ->  Bitmap Heap Scan on sbtest3  (cost=35.02..4004.23 rows=1033 width=4)
	        Recheck Cond: ((id >= 2739178) AND (id <= 2740177))
	        ->  Bitmap Index Scan on sbtest3_pkey  (cost=0.00..34.77 rows=1033 width=0)
	              Index Cond: ((id >= 2739178) AND (id <= 2740177))

table 4 : explain SELECT SUM(k) FROM sbtest4 WHERE id BETWEEN 8007995 AND 8008994
	Aggregate  (cost=4311.79..4311.80 rows=1 width=8)
	  ->  Bitmap Heap Scan on sbtest4  (cost=39.83..4309.01 rows=1112 width=4)
	        Recheck Cond: ((id >= 8007995) AND (id <= 8008994))
	        ->  Bitmap Index Scan on sbtest4_pkey  (cost=0.00..39.56 rows=1112 width=0)
	              Index Cond: ((id >= 8007995) AND (id <= 8008994))

table 5 : explain SELECT SUM(k) FROM sbtest5 WHERE id BETWEEN 8414987 AND 8415986
	Aggregate  (cost=4020.19..4020.20 rows=1 width=8)
	  ->  Bitmap Heap Scan on sbtest5  (cost=35.07..4017.59 rows=1038 width=4)
	        Recheck Cond: ((id >= 8414987) AND (id <= 8415986))
	        ->  Bitmap Index Scan on sbtest5_pkey  (cost=0.00..34.82 rows=1038 width=0)
	              Index Cond: ((id >= 8414987) AND (id <= 8415986))

table 6 : explain SELECT SUM(k) FROM sbtest6 WHERE id BETWEEN 7768380 AND 7769379
	Aggregate  (cost=3943.96..3943.97 rows=1 width=8)
	  ->  Bitmap Heap Scan on sbtest6  (cost=34.86..3941.42 rows=1017 width=4)
	        Recheck Cond: ((id >= 7768380) AND (id <= 7769379))
	        ->  Bitmap Index Scan on sbtest6_pkey  (cost=0.00..34.61 rows=1017 width=0)
	              Index Cond: ((id >= 7768380) AND (id <= 7769379))

table 7 : explain SELECT SUM(k) FROM sbtest7 WHERE id BETWEEN 7994785 AND 7995784
	Aggregate  (cost=3616.61..3616.62 rows=1 width=8)
	  ->  Bitmap Heap Scan on sbtest7  (cost=33.96..3614.29 rows=929 width=4)
	        Recheck Cond: ((id >= 7994785) AND (id <= 7995784))
	        ->  Bitmap Index Scan on sbtest7_pkey  (cost=0.00..33.73 rows=929 width=0)
	              Index Cond: ((id >= 7994785) AND (id <= 7995784))

table 8 : explain SELECT SUM(k) FROM sbtest8 WHERE id BETWEEN 7019104 AND 7020103
	Aggregate  (cost=3706.25..3706.26 rows=1 width=8)
	  ->  Index Scan using sbtest8_pkey on sbtest8  (cost=0.43..3703.89 rows=945 width=4)
	        Index Cond: ((id >= 7019104) AND (id <= 7020103))

for: sum_ranges
table 1 : explain SELECT SUM(k) FROM sbtest1 WHERE id BETWEEN 845610 AND 846609
	Aggregate  (cost=3861.53..3861.54 rows=1 width=8)
	  ->  Bitmap Heap Scan on sbtest1  (cost=34.63..3859.04 rows=995 width=4)
	        Recheck Cond: ((id >= 845610) AND (id <= 846609))
	        ->  Bitmap Index Scan on sbtest1_pkey  (cost=0.00..34.39 rows=995 width=0)
	              Index Cond: ((id >= 845610) AND (id <= 846609))

table 2 : explain SELECT SUM(k) FROM sbtest2 WHERE id BETWEEN 4458714 AND 4459713
	Aggregate  (cost=3947.39..3947.40 rows=1 width=8)
	  ->  Bitmap Heap Scan on sbtest2  (cost=34.87..3944.84 rows=1018 width=4)
	        Recheck Cond: ((id >= 4458714) AND (id <= 4459713))
	        ->  Bitmap Index Scan on sbtest2_pkey  (cost=0.00..34.62 rows=1018 width=0)
	              Index Cond: ((id >= 4458714) AND (id <= 4459713))

table 3 : explain SELECT SUM(k) FROM sbtest3 WHERE id BETWEEN 7471014 AND 7472013
	Aggregate  (cost=4070.96..4070.97 rows=1 width=8)
	  ->  Bitmap Heap Scan on sbtest3  (cost=35.20..4068.33 rows=1050 width=4)
	        Recheck Cond: ((id >= 7471014) AND (id <= 7472013))
	        ->  Bitmap Index Scan on sbtest3_pkey  (cost=0.00..34.94 rows=1050 width=0)
	              Index Cond: ((id >= 7471014) AND (id <= 7472013))

table 4 : explain SELECT SUM(k) FROM sbtest4 WHERE id BETWEEN 7119368 AND 7120367
	Aggregate  (cost=4039.88..4039.89 rows=1 width=8)
	  ->  Bitmap Heap Scan on sbtest4  (cost=35.11..4037.28 rows=1041 width=4)
	        Recheck Cond: ((id >= 7119368) AND (id <= 7120367))
	        ->  Bitmap Index Scan on sbtest4_pkey  (cost=0.00..34.84 rows=1041 width=0)
	              Index Cond: ((id >= 7119368) AND (id <= 7120367))

table 5 : explain SELECT SUM(k) FROM sbtest5 WHERE id BETWEEN 6467278 AND 6468277
	Aggregate  (cost=4057.84..4057.85 rows=1 width=8)
	  ->  Bitmap Heap Scan on sbtest5  (cost=35.18..4055.22 rows=1048 width=4)
	        Recheck Cond: ((id >= 6467278) AND (id <= 6468277))
	        ->  Bitmap Index Scan on sbtest5_pkey  (cost=0.00..34.92 rows=1048 width=0)
	              Index Cond: ((id >= 6467278) AND (id <= 6468277))

table 6 : explain SELECT SUM(k) FROM sbtest6 WHERE id BETWEEN 1841182 AND 1842181
	Aggregate  (cost=3717.37..3717.38 rows=1 width=8)
	  ->  Bitmap Heap Scan on sbtest6  (cost=34.24..3714.97 rows=957 width=4)
	        Recheck Cond: ((id >= 1841182) AND (id <= 1842181))
	        ->  Bitmap Index Scan on sbtest6_pkey  (cost=0.00..34.01 rows=957 width=0)
	              Index Cond: ((id >= 1841182) AND (id <= 1842181))

table 7 : explain SELECT SUM(k) FROM sbtest7 WHERE id BETWEEN 2030915 AND 2031914
	Aggregate  (cost=3768.20..3768.21 rows=1 width=8)
	  ->  Bitmap Heap Scan on sbtest7  (cost=34.37..3765.78 rows=969 width=4)
	        Recheck Cond: ((id >= 2030915) AND (id <= 2031914))
	        ->  Bitmap Index Scan on sbtest7_pkey  (cost=0.00..34.12 rows=969 width=0)
	              Index Cond: ((id >= 2030915) AND (id <= 2031914))

table 8 : explain SELECT SUM(k) FROM sbtest8 WHERE id BETWEEN 9537215 AND 9538214
	Aggregate  (cost=3737.45..3737.46 rows=1 width=8)
	  ->  Index Scan using sbtest8_pkey on sbtest8  (cost=0.43..3735.06 rows=953 width=4)
	        Index Cond: ((id >= 9537215) AND (id <= 9538214))

for: order_ranges
table 1 : explain SELECT c FROM sbtest1 WHERE id BETWEEN 4675098 AND 4676097 ORDER BY c
	Sort  (cost=3455.53..3457.72 rows=878 width=121)
	  Sort Key: c
	  ->  Bitmap Heap Scan on sbtest1  (cost=29.43..3412.60 rows=878 width=121)
	        Recheck Cond: ((id >= 4675098) AND (id <= 4676097))
	        ->  Bitmap Index Scan on sbtest1_pkey  (cost=0.00..29.21 rows=878 width=0)
	              Index Cond: ((id >= 4675098) AND (id <= 4676097))

table 2 : explain SELECT c FROM sbtest2 WHERE id BETWEEN 1354951 AND 1355950 ORDER BY c
	Sort  (cost=3934.46..3936.96 rows=1002 width=121)
	  Sort Key: c
	  ->  Bitmap Heap Scan on sbtest2  (cost=34.71..3884.51 rows=1002 width=121)
	        Recheck Cond: ((id >= 1354951) AND (id <= 1355950))
	        ->  Bitmap Index Scan on sbtest2_pkey  (cost=0.00..34.45 rows=1002 width=0)
	              Index Cond: ((id >= 1354951) AND (id <= 1355950))

table 3 : explain SELECT c FROM sbtest3 WHERE id BETWEEN 3772731 AND 3773730 ORDER BY c
	Sort  (cost=4415.57..4418.38 rows=1126 width=121)
	  Sort Key: c
	  ->  Bitmap Heap Scan on sbtest3  (cost=39.98..4358.49 rows=1126 width=121)
	        Recheck Cond: ((id >= 3772731) AND (id <= 3773730))
	        ->  Bitmap Index Scan on sbtest3_pkey  (cost=0.00..39.70 rows=1126 width=0)
	              Index Cond: ((id >= 3772731) AND (id <= 3773730))

table 4 : explain SELECT c FROM sbtest4 WHERE id BETWEEN 2631409 AND 2632408 ORDER BY c
	Sort  (cost=3893.85..3896.33 rows=990 width=121)
	  Sort Key: c
	  ->  Bitmap Heap Scan on sbtest4  (cost=34.58..3844.59 rows=990 width=121)
	        Recheck Cond: ((id >= 2631409) AND (id <= 2632408))
	        ->  Bitmap Index Scan on sbtest4_pkey  (cost=0.00..34.34 rows=990 width=0)
	              Index Cond: ((id >= 2631409) AND (id <= 2632408))

table 5 : explain SELECT c FROM sbtest5 WHERE id BETWEEN 9119747 AND 9120746 ORDER BY c
	Sort  (cost=4321.69..4324.44 rows=1103 width=121)
	  Sort Key: c
	  ->  Bitmap Heap Scan on sbtest5  (cost=39.74..4265.94 rows=1103 width=121)
	        Recheck Cond: ((id >= 9119747) AND (id <= 9120746))
	        ->  Bitmap Index Scan on sbtest5_pkey  (cost=0.00..39.47 rows=1103 width=0)
	              Index Cond: ((id >= 9119747) AND (id <= 9120746))

table 6 : explain SELECT c FROM sbtest6 WHERE id BETWEEN 2180513 AND 2181512 ORDER BY c
	Sort  (cost=4156.69..4159.34 rows=1060 width=121)
	  Sort Key: c
	  ->  Bitmap Heap Scan on sbtest6  (cost=35.30..4103.43 rows=1060 width=121)
	        Recheck Cond: ((id >= 2180513) AND (id <= 2181512))
	        ->  Bitmap Index Scan on sbtest6_pkey  (cost=0.00..35.04 rows=1060 width=0)
	              Index Cond: ((id >= 2180513) AND (id <= 2181512))

table 7 : explain SELECT c FROM sbtest7 WHERE id BETWEEN 4246706 AND 4247705 ORDER BY c
	Sort  (cost=4001.95..4004.49 rows=1018 width=121)
	  Sort Key: c
	  ->  Bitmap Heap Scan on sbtest7  (cost=34.87..3951.09 rows=1018 width=121)
	        Recheck Cond: ((id >= 4246706) AND (id <= 4247705))
	        ->  Bitmap Index Scan on sbtest7_pkey  (cost=0.00..34.62 rows=1018 width=0)
	              Index Cond: ((id >= 4246706) AND (id <= 4247705))

table 8 : explain SELECT c FROM sbtest8 WHERE id BETWEEN 6885148 AND 6886147 ORDER BY c
	Sort  (cost=3904.81..3907.27 rows=984 width=121)
	  Sort Key: c
	  ->  Index Scan using sbtest8_pkey on sbtest8  (cost=0.43..3855.89 rows=984 width=121)
	        Index Cond: ((id >= 6885148) AND (id <= 6886147))

for: sum_ranges
table 1 : explain SELECT SUM(k) FROM sbtest1 WHERE id BETWEEN 5120201 AND 5121200
	Aggregate  (cost=3717.93..3717.94 rows=1 width=8)
	  ->  Bitmap Heap Scan on sbtest1  (cost=34.24..3715.54 rows=957 width=4)
	        Recheck Cond: ((id >= 5120201) AND (id <= 5121200))
	        ->  Bitmap Index Scan on sbtest1_pkey  (cost=0.00..34.01 rows=957 width=0)
	              Index Cond: ((id >= 5120201) AND (id <= 5121200))

table 2 : explain SELECT SUM(k) FROM sbtest2 WHERE id BETWEEN 6254500 AND 6255499
	Aggregate  (cost=4113.24..4113.25 rows=1 width=8)
	  ->  Bitmap Heap Scan on sbtest2  (cost=35.32..4110.59 rows=1062 width=4)
	        Recheck Cond: ((id >= 6254500) AND (id <= 6255499))
	        ->  Bitmap Index Scan on sbtest2_pkey  (cost=0.00..35.06 rows=1062 width=0)
	              Index Cond: ((id >= 6254500) AND (id <= 6255499))

table 3 : explain SELECT SUM(k) FROM sbtest3 WHERE id BETWEEN 8073452 AND 8074451
	Aggregate  (cost=3927.52..3927.53 rows=1 width=8)
	  ->  Bitmap Heap Scan on sbtest3  (cost=34.81..3924.99 rows=1012 width=4)
	        Recheck Cond: ((id >= 8073452) AND (id <= 8074451))
	        ->  Bitmap Index Scan on sbtest3_pkey  (cost=0.00..34.56 rows=1012 width=0)
	              Index Cond: ((id >= 8073452) AND (id <= 8074451))

table 4 : explain SELECT SUM(k) FROM sbtest4 WHERE id BETWEEN 8300519 AND 8301518
	Aggregate  (cost=4209.76..4209.77 rows=1 width=8)
	  ->  Bitmap Heap Scan on sbtest4  (cost=35.57..4207.04 rows=1086 width=4)
	        Recheck Cond: ((id >= 8300519) AND (id <= 8301518))
	        ->  Bitmap Index Scan on sbtest4_pkey  (cost=0.00..35.30 rows=1086 width=0)
	              Index Cond: ((id >= 8300519) AND (id <= 8301518))

table 5 : explain SELECT SUM(k) FROM sbtest5 WHERE id BETWEEN 3961319 AND 3962318
	Aggregate  (cost=3574.92..3574.93 rows=1 width=8)
	  ->  Bitmap Heap Scan on sbtest5  (cost=33.87..3572.62 rows=920 width=4)
	        Recheck Cond: ((id >= 3961319) AND (id <= 3962318))
	        ->  Bitmap Index Scan on sbtest5_pkey  (cost=0.00..33.64 rows=920 width=0)
	              Index Cond: ((id >= 3961319) AND (id <= 3962318))

table 6 : explain SELECT SUM(k) FROM sbtest6 WHERE id BETWEEN 1393280 AND 1394279
	Aggregate  (cost=3849.60..3849.61 rows=1 width=8)
	  ->  Bitmap Heap Scan on sbtest6  (cost=34.60..3847.12 rows=992 width=4)
	        Recheck Cond: ((id >= 1393280) AND (id <= 1394279))
	        ->  Bitmap Index Scan on sbtest6_pkey  (cost=0.00..34.36 rows=992 width=0)
	              Index Cond: ((id >= 1393280) AND (id <= 1394279))

table 7 : explain SELECT SUM(k) FROM sbtest7 WHERE id BETWEEN 110241 AND 111240
	Aggregate  (cost=3798.50..3798.51 rows=1 width=8)
	  ->  Bitmap Heap Scan on sbtest7  (cost=34.45..3796.06 rows=977 width=4)
	        Recheck Cond: ((id >= 110241) AND (id <= 111240))
	        ->  Bitmap Index Scan on sbtest7_pkey  (cost=0.00..34.20 rows=977 width=0)
	              Index Cond: ((id >= 110241) AND (id <= 111240))

table 8 : explain SELECT SUM(k) FROM sbtest8 WHERE id BETWEEN 1787196 AND 1788195
	Aggregate  (cost=3827.16..3827.17 rows=1 width=8)
	  ->  Index Scan using sbtest8_pkey on sbtest8  (cost=0.43..3824.72 rows=976 width=4)
	        Index Cond: ((id >= 1787196) AND (id <= 1788195))

for: simple_ranges
table 1 : explain SELECT c FROM sbtest1 WHERE id BETWEEN 1752545 AND 1753544
	Bitmap Heap Scan on sbtest1  (cost=34.64..3862.81 rows=996 width=121)
	  Recheck Cond: ((id >= 1752545) AND (id <= 1753544))
	  ->  Bitmap Index Scan on sbtest1_pkey  (cost=0.00..34.40 rows=996 width=0)
	        Index Cond: ((id >= 1752545) AND (id <= 1753544))

table 2 : explain SELECT c FROM sbtest2 WHERE id BETWEEN 9668031 AND 9669030
	Bitmap Heap Scan on sbtest2  (cost=29.16..3309.51 rows=851 width=121)
	  Recheck Cond: ((id >= 9668031) AND (id <= 9669030))
	  ->  Bitmap Index Scan on sbtest2_pkey  (cost=0.00..28.94 rows=851 width=0)
	        Index Cond: ((id >= 9668031) AND (id <= 9669030))

table 3 : explain SELECT c FROM sbtest3 WHERE id BETWEEN 1950478 AND 1951477
	Bitmap Heap Scan on sbtest3  (cost=35.21..4072.10 rows=1051 width=121)
	  Recheck Cond: ((id >= 1950478) AND (id <= 1951477))
	  ->  Bitmap Index Scan on sbtest3_pkey  (cost=0.00..34.95 rows=1051 width=0)
	        Index Cond: ((id >= 1950478) AND (id <= 1951477))

table 4 : explain SELECT c FROM sbtest4 WHERE id BETWEEN 6370809 AND 6371808
	Bitmap Heap Scan on sbtest4  (cost=34.59..3848.38 rows=991 width=121)
	  Recheck Cond: ((id >= 6370809) AND (id <= 6371808))
	  ->  Bitmap Index Scan on sbtest4_pkey  (cost=0.00..34.34 rows=991 width=0)
	        Index Cond: ((id >= 6370809) AND (id <= 6371808))

table 5 : explain SELECT c FROM sbtest5 WHERE id BETWEEN 7963511 AND 7964510
	Bitmap Heap Scan on sbtest5  (cost=29.49..3428.71 rows=883 width=121)
	  Recheck Cond: ((id >= 7963511) AND (id <= 7964510))
	  ->  Bitmap Index Scan on sbtest5_pkey  (cost=0.00..29.26 rows=883 width=0)
	        Index Cond: ((id >= 7963511) AND (id <= 7964510))

table 6 : explain SELECT c FROM sbtest6 WHERE id BETWEEN 7072949 AND 7073948
	Bitmap Heap Scan on sbtest6  (cost=35.05..4013.03 rows=1036 width=121)
	  Recheck Cond: ((id >= 7072949) AND (id <= 7073948))
	  ->  Bitmap Index Scan on sbtest6_pkey  (cost=0.00..34.80 rows=1036 width=0)
	        Index Cond: ((id >= 7072949) AND (id <= 7073948))

table 7 : explain SELECT c FROM sbtest7 WHERE id BETWEEN 804446 AND 805445
	Bitmap Heap Scan on sbtest7  (cost=34.89..3958.65 rows=1020 width=121)
	  Recheck Cond: ((id >= 804446) AND (id <= 805445))
	  ->  Bitmap Index Scan on sbtest7_pkey  (cost=0.00..34.64 rows=1020 width=0)
	        Index Cond: ((id >= 804446) AND (id <= 805445))

table 8 : explain SELECT c FROM sbtest8 WHERE id BETWEEN 6483562 AND 6484561
	Index Scan using sbtest8_pkey on sbtest8  (cost=0.43..3781.85 rows=965 width=121)
	  Index Cond: ((id >= 6483562) AND (id <= 6484561))

for: order_ranges
table 1 : explain SELECT c FROM sbtest1 WHERE id BETWEEN 8891844 AND 8892843 ORDER BY c
	Sort  (cost=3935.40..3937.90 rows=1002 width=121)
	  Sort Key: c
	  ->  Bitmap Heap Scan on sbtest1  (cost=34.71..3885.45 rows=1002 width=121)
	        Recheck Cond: ((id >= 8891844) AND (id <= 8892843))
	        ->  Bitmap Index Scan on sbtest1_pkey  (cost=0.00..34.45 rows=1002 width=0)
	              Index Cond: ((id >= 8891844) AND (id <= 8892843))

table 2 : explain SELECT c FROM sbtest2 WHERE id BETWEEN 2548979 AND 2549978 ORDER BY c
	Sort  (cost=4144.86..4147.50 rows=1057 width=121)
	  Sort Key: c
	  ->  Bitmap Heap Scan on sbtest2  (cost=35.27..4091.77 rows=1057 width=121)
	        Recheck Cond: ((id >= 2548979) AND (id <= 2549978))
	        ->  Bitmap Index Scan on sbtest2_pkey  (cost=0.00..35.01 rows=1057 width=0)
	              Index Cond: ((id >= 2548979) AND (id <= 2549978))

table 3 : explain SELECT c FROM sbtest3 WHERE id BETWEEN 9879232 AND 9880231 ORDER BY c
	Sort  (cost=3630.18..3632.48 rows=922 width=121)
	  Sort Key: c
	  ->  Bitmap Heap Scan on sbtest3  (cost=33.89..3584.78 rows=922 width=121)
	        Recheck Cond: ((id >= 9879232) AND (id <= 9880231))
	        ->  Bitmap Index Scan on sbtest3_pkey  (cost=0.00..33.66 rows=922 width=0)
	              Index Cond: ((id >= 9879232) AND (id <= 9880231))

table 4 : explain SELECT c FROM sbtest4 WHERE id BETWEEN 1918295 AND 1919294 ORDER BY c
	Sort  (cost=4120.11..4122.73 rows=1049 width=121)
	  Sort Key: c
	  ->  Bitmap Heap Scan on sbtest4  (cost=35.19..4067.48 rows=1049 width=121)
	        Recheck Cond: ((id >= 1918295) AND (id <= 1919294))
	        ->  Bitmap Index Scan on sbtest4_pkey  (cost=0.00..34.93 rows=1049 width=0)
	              Index Cond: ((id >= 1918295) AND (id <= 1919294))

table 5 : explain SELECT c FROM sbtest5 WHERE id BETWEEN 9274563 AND 9275562 ORDER BY c
	Sort  (cost=3648.58..3650.90 rows=928 width=121)
	  Sort Key: c
	  ->  Bitmap Heap Scan on sbtest5  (cost=33.95..3602.84 rows=928 width=121)
	        Recheck Cond: ((id >= 9274563) AND (id <= 9275562))
	        ->  Bitmap Index Scan on sbtest5_pkey  (cost=0.00..33.72 rows=928 width=0)
	              Index Cond: ((id >= 9274563) AND (id <= 9275562))

table 6 : explain SELECT c FROM sbtest6 WHERE id BETWEEN 8954358 AND 8955357 ORDER BY c
	Sort  (cost=3865.85..3868.31 rows=984 width=121)
	  Sort Key: c
	  ->  Bitmap Heap Scan on sbtest6  (cost=34.52..3816.93 rows=984 width=121)
	        Recheck Cond: ((id >= 8954358) AND (id <= 8955357))
	        ->  Bitmap Index Scan on sbtest6_pkey  (cost=0.00..34.28 rows=984 width=0)
	              Index Cond: ((id >= 8954358) AND (id <= 8955357))

table 7 : explain SELECT c FROM sbtest7 WHERE id BETWEEN 7253877 AND 7254876 ORDER BY c
	Sort  (cost=3702.39..3704.74 rows=940 width=121)
	  Sort Key: c
	  ->  Bitmap Heap Scan on sbtest7  (cost=34.07..3655.97 rows=940 width=121)
	        Recheck Cond: ((id >= 7253877) AND (id <= 7254876))
	        ->  Bitmap Index Scan on sbtest7_pkey  (cost=0.00..33.84 rows=940 width=0)
	              Index Cond: ((id >= 7253877) AND (id <= 7254876))

table 8 : explain SELECT c FROM sbtest8 WHERE id BETWEEN 9913629 AND 9914628 ORDER BY c
	Sort  (cost=3805.94..3808.34 rows=959 width=121)
	  Sort Key: c
	  ->  Index Scan using sbtest8_pkey on sbtest8  (cost=0.43..3758.44 rows=959 width=121)
	        Index Cond: ((id >= 9913629) AND (id <= 9914628))

for: distinct_ranges
table 1 : explain SELECT DISTINCT c FROM sbtest1 WHERE id BETWEEN 2740572 AND 2741571 ORDER BY c
	Unique  (cost=3989.01..3994.09 rows=1016 width=121)
	  ->  Sort  (cost=3989.01..3991.55 rows=1016 width=121)
	        Sort Key: c
	        ->  Bitmap Heap Scan on sbtest1  (cost=34.85..3938.27 rows=1016 width=121)
	              Recheck Cond: ((id >= 2740572) AND (id <= 2741571))
	              ->  Bitmap Index Scan on sbtest1_pkey  (cost=0.00..34.59 rows=1016 width=0)
	                    Index Cond: ((id >= 2740572) AND (id <= 2741571))

table 2 : explain SELECT DISTINCT c FROM sbtest2 WHERE id BETWEEN 6483084 AND 6484083 ORDER BY c
	Unique  (cost=3800.38..3805.21 rows=967 width=121)
	  ->  Sort  (cost=3800.38..3802.80 rows=967 width=121)
	        Sort Key: c
	        ->  Bitmap Heap Scan on sbtest2  (cost=34.35..3752.43 rows=967 width=121)
	              Recheck Cond: ((id >= 6483084) AND (id <= 6484083))
	              ->  Bitmap Index Scan on sbtest2_pkey  (cost=0.00..34.11 rows=967 width=0)
	                    Index Cond: ((id >= 6483084) AND (id <= 6484083))

table 3 : explain SELECT DISTINCT c FROM sbtest3 WHERE id BETWEEN 2671698 AND 2672697 ORDER BY c
	Unique  (cost=3787.61..3792.43 rows=963 width=121)
	  ->  Sort  (cost=3787.61..3790.02 rows=963 width=121)
	        Sort Key: c
	        ->  Bitmap Heap Scan on sbtest3  (cost=34.31..3739.89 rows=963 width=121)
	              Recheck Cond: ((id >= 2671698) AND (id <= 2672697))
	              ->  Bitmap Index Scan on sbtest3_pkey  (cost=0.00..34.07 rows=963 width=0)
	                    Index Cond: ((id >= 2671698) AND (id <= 2672697))

table 4 : explain SELECT DISTINCT c FROM sbtest4 WHERE id BETWEEN 8012384 AND 8013383 ORDER BY c
	Unique  (cost=4365.28..4370.84 rows=1112 width=121)
	  ->  Sort  (cost=4365.28..4368.06 rows=1112 width=121)
	        Sort Key: c
	        ->  Bitmap Heap Scan on sbtest4  (cost=39.83..4309.01 rows=1112 width=121)
	              Recheck Cond: ((id >= 8012384) AND (id <= 8013383))
	              ->  Bitmap Index Scan on sbtest4_pkey  (cost=0.00..39.56 rows=1112 width=0)
	                    Index Cond: ((id >= 8012384) AND (id <= 8013383))

table 5 : explain SELECT DISTINCT c FROM sbtest5 WHERE id BETWEEN 3754358 AND 3755357 ORDER BY c
	Unique  (cost=3874.58..3879.52 rows=987 width=121)
	  ->  Sort  (cost=3874.58..3877.05 rows=987 width=121)
	        Sort Key: c
	        ->  Bitmap Heap Scan on sbtest5  (cost=34.55..3825.49 rows=987 width=121)
	              Recheck Cond: ((id >= 3754358) AND (id <= 3755357))
	              ->  Bitmap Index Scan on sbtest5_pkey  (cost=0.00..34.31 rows=987 width=0)
	                    Index Cond: ((id >= 3754358) AND (id <= 3755357))

table 6 : explain SELECT DISTINCT c FROM sbtest6 WHERE id BETWEEN 8592138 AND 8593137 ORDER BY c
	Unique  (cost=4080.22..4085.42 rows=1040 width=121)
	  ->  Sort  (cost=4080.22..4082.82 rows=1040 width=121)
	        Sort Key: c
	        ->  Bitmap Heap Scan on sbtest6  (cost=35.09..4028.10 rows=1040 width=121)
	              Recheck Cond: ((id >= 8592138) AND (id <= 8593137))
	              ->  Bitmap Index Scan on sbtest6_pkey  (cost=0.00..34.84 rows=1040 width=0)
	                    Index Cond: ((id >= 8592138) AND (id <= 8593137))

table 7 : explain SELECT DISTINCT c FROM sbtest7 WHERE id BETWEEN 1720054 AND 1721053 ORDER BY c
	Unique  (cost=3775.42..3780.22 rows=959 width=121)
	  ->  Sort  (cost=3775.42..3777.82 rows=959 width=121)
	        Sort Key: c
	        ->  Bitmap Heap Scan on sbtest7  (cost=34.26..3727.93 rows=959 width=121)
	              Recheck Cond: ((id >= 1720054) AND (id <= 1721053))
	              ->  Bitmap Index Scan on sbtest7_pkey  (cost=0.00..34.03 rows=959 width=0)
	                    Index Cond: ((id >= 1720054) AND (id <= 1721053))

table 8 : explain SELECT DISTINCT c FROM sbtest8 WHERE id BETWEEN 8743165 AND 8744164 ORDER BY c
	Unique  (cost=4115.22..4120.46 rows=1048 width=121)
	  ->  Sort  (cost=4115.22..4117.84 rows=1048 width=121)
	        Sort Key: c
	        ->  Bitmap Heap Scan on sbtest8  (cost=35.18..4062.64 rows=1048 width=121)
	              Recheck Cond: ((id >= 8743165) AND (id <= 8744164))
	              ->  Bitmap Index Scan on sbtest8_pkey  (cost=0.00..34.92 rows=1048 width=0)
	                    Index Cond: ((id >= 8743165) AND (id <= 8744164))

for: order_ranges
table 1 : explain SELECT c FROM sbtest1 WHERE id BETWEEN 5505076 AND 5506075 ORDER BY c
	Sort  (cost=3736.07..3738.44 rows=950 width=121)
	  Sort Key: c
	  ->  Bitmap Heap Scan on sbtest1  (cost=34.17..3689.08 rows=950 width=121)
	        Recheck Cond: ((id >= 5505076) AND (id <= 5506075))
	        ->  Bitmap Index Scan on sbtest1_pkey  (cost=0.00..33.94 rows=950 width=0)
	              Index Cond: ((id >= 5505076) AND (id <= 5506075))

table 2 : explain SELECT c FROM sbtest2 WHERE id BETWEEN 1624482 AND 1625481 ORDER BY c
	Sort  (cost=3831.04..3833.48 rows=975 width=121)
	  Sort Key: c
	  ->  Bitmap Heap Scan on sbtest2  (cost=34.43..3782.63 rows=975 width=121)
	        Recheck Cond: ((id >= 1624482) AND (id <= 1625481))
	        ->  Bitmap Index Scan on sbtest2_pkey  (cost=0.00..34.19 rows=975 width=0)
	              Index Cond: ((id >= 1624482) AND (id <= 1625481))

table 3 : explain SELECT c FROM sbtest3 WHERE id BETWEEN 2657787 AND 2658786 ORDER BY c
	Sort  (cost=3787.61..3790.02 rows=963 width=121)
	  Sort Key: c
	  ->  Bitmap Heap Scan on sbtest3  (cost=34.31..3739.89 rows=963 width=121)
	        Recheck Cond: ((id >= 2657787) AND (id <= 2658786))
	        ->  Bitmap Index Scan on sbtest3_pkey  (cost=0.00..34.07 rows=963 width=0)
	              Index Cond: ((id >= 2657787) AND (id <= 2658786))

table 4 : explain SELECT c FROM sbtest4 WHERE id BETWEEN 6540771 AND 6541770 ORDER BY c
	Sort  (cost=3532.38..3534.63 rows=897 width=121)
	  Sort Key: c
	  ->  Bitmap Heap Scan on sbtest4  (cost=29.63..3488.39 rows=897 width=121)
	        Recheck Cond: ((id >= 6540771) AND (id <= 6541770))
	        ->  Bitmap Index Scan on sbtest4_pkey  (cost=0.00..29.40 rows=897 width=0)
	              Index Cond: ((id >= 6540771) AND (id <= 6541770))

table 5 : explain SELECT c FROM sbtest5 WHERE id BETWEEN 9302133 AND 9303132 ORDER BY c
	Sort  (cost=3748.23..3750.61 rows=954 width=121)
	  Sort Key: c
	  ->  Bitmap Heap Scan on sbtest5  (cost=34.21..3701.02 rows=954 width=121)
	        Recheck Cond: ((id >= 9302133) AND (id <= 9303132))
	        ->  Bitmap Index Scan on sbtest5_pkey  (cost=0.00..33.98 rows=954 width=0)
	              Index Cond: ((id >= 9302133) AND (id <= 9303132))

table 6 : explain SELECT c FROM sbtest6 WHERE id BETWEEN 2907582 AND 2908581 ORDER BY c
	Sort  (cost=3980.74..3983.27 rows=1014 width=121)
	  Sort Key: c
	  ->  Bitmap Heap Scan on sbtest6  (cost=34.83..3930.11 rows=1014 width=121)
	        Recheck Cond: ((id >= 2907582) AND (id <= 2908581))
	        ->  Bitmap Index Scan on sbtest6_pkey  (cost=0.00..34.58 rows=1014 width=0)
	              Index Cond: ((id >= 2907582) AND (id <= 2908581))

table 7 : explain SELECT c FROM sbtest7 WHERE id BETWEEN 905678 AND 906677 ORDER BY c
	Sort  (cost=4067.15..4069.73 rows=1035 width=121)
	  Sort Key: c
	  ->  Bitmap Heap Scan on sbtest7  (cost=35.04..4015.32 rows=1035 width=121)
	        Recheck Cond: ((id >= 905678) AND (id <= 906677))
	        ->  Bitmap Index Scan on sbtest7_pkey  (cost=0.00..34.79 rows=1035 width=0)
	              Index Cond: ((id >= 905678) AND (id <= 906677))

table 8 : explain SELECT c FROM sbtest8 WHERE id BETWEEN 4608298 AND 4609297 ORDER BY c
	Sort  (cost=4107.56..4110.17 rows=1046 width=121)
	  Sort Key: c
	  ->  Bitmap Heap Scan on sbtest8  (cost=35.16..4055.10 rows=1046 width=121)
	        Recheck Cond: ((id >= 4608298) AND (id <= 4609297))
	        ->  Bitmap Index Scan on sbtest8_pkey  (cost=0.00..34.90 rows=1046 width=0)
	              Index Cond: ((id >= 4608298) AND (id <= 4609297))

for: order_ranges
table 1 : explain SELECT c FROM sbtest1 WHERE id BETWEEN 6245702 AND 6246701 ORDER BY c
	Sort  (cost=3923.91..3926.40 rows=999 width=121)
	  Sort Key: c
	  ->  Bitmap Heap Scan on sbtest1  (cost=34.67..3874.13 rows=999 width=121)
	        Recheck Cond: ((id >= 6245702) AND (id <= 6246701))
	        ->  Bitmap Index Scan on sbtest1_pkey  (cost=0.00..34.43 rows=999 width=0)
	              Index Cond: ((id >= 6245702) AND (id <= 6246701))

table 2 : explain SELECT c FROM sbtest2 WHERE id BETWEEN 6559579 AND 6560578 ORDER BY c
	Sort  (cost=4477.23..4480.09 rows=1144 width=121)
	  Sort Key: c
	  ->  Bitmap Heap Scan on sbtest2  (cost=40.16..4419.11 rows=1144 width=121)
	        Recheck Cond: ((id >= 6559579) AND (id <= 6560578))
	        ->  Bitmap Index Scan on sbtest2_pkey  (cost=0.00..39.88 rows=1144 width=0)
	              Index Cond: ((id >= 6559579) AND (id <= 6560578))

table 3 : explain SELECT c FROM sbtest3 WHERE id BETWEEN 9737480 AND 9738479 ORDER BY c
	Sort  (cost=4009.99..4012.54 rows=1021 width=121)
	  Sort Key: c
	  ->  Bitmap Heap Scan on sbtest3  (cost=34.90..3958.96 rows=1021 width=121)
	        Recheck Cond: ((id >= 9737480) AND (id <= 9738479))
	        ->  Bitmap Index Scan on sbtest3_pkey  (cost=0.00..34.65 rows=1021 width=0)
	              Index Cond: ((id >= 9737480) AND (id <= 9738479))

table 4 : explain SELECT c FROM sbtest4 WHERE id BETWEEN 8408076 AND 8409075 ORDER BY c
	Sort  (cost=3671.04..3673.37 rows=932 width=121)
	  Sort Key: c
	  ->  Bitmap Heap Scan on sbtest4  (cost=33.99..3625.07 rows=932 width=121)
	        Recheck Cond: ((id >= 8408076) AND (id <= 8409075))
	        ->  Bitmap Index Scan on sbtest4_pkey  (cost=0.00..33.76 rows=932 width=0)
	              Index Cond: ((id >= 8408076) AND (id <= 8409075))

table 5 : explain SELECT c FROM sbtest5 WHERE id BETWEEN 1666166 AND 1667165 ORDER BY c
	Sort  (cost=4317.87..4320.63 rows=1102 width=121)
	  Sort Key: c
	  ->  Bitmap Heap Scan on sbtest5  (cost=39.73..4262.19 rows=1102 width=121)
	        Recheck Cond: ((id >= 1666166) AND (id <= 1667165))
	        ->  Bitmap Index Scan on sbtest5_pkey  (cost=0.00..39.45 rows=1102 width=0)
	              Index Cond: ((id >= 1666166) AND (id <= 1667165))

table 6 : explain SELECT c FROM sbtest6 WHERE id BETWEEN 9058718 AND 9059717 ORDER BY c
	Sort  (cost=4026.66..4029.23 rows=1026 width=121)
	  Sort Key: c
	  ->  Bitmap Heap Scan on sbtest6  (cost=34.95..3975.35 rows=1026 width=121)
	        Recheck Cond: ((id >= 9058718) AND (id <= 9059717))
	        ->  Bitmap Index Scan on sbtest6_pkey  (cost=0.00..34.70 rows=1026 width=0)
	              Index Cond: ((id >= 9058718) AND (id <= 9059717))

table 7 : explain SELECT c FROM sbtest7 WHERE id BETWEEN 4578009 AND 4579008 ORDER BY c
	Sort  (cost=3840.73..3843.17 rows=976 width=121)
	  Sort Key: c
	  ->  Bitmap Heap Scan on sbtest7  (cost=34.44..3792.27 rows=976 width=121)
	        Recheck Cond: ((id >= 4578009) AND (id <= 4579008))
	        ->  Bitmap Index Scan on sbtest7_pkey  (cost=0.00..34.20 rows=976 width=0)
	              Index Cond: ((id >= 4578009) AND (id <= 4579008))

table 8 : explain SELECT c FROM sbtest8 WHERE id BETWEEN 9545161 AND 9546160 ORDER BY c
	Sort  (cost=3782.22..3784.60 rows=953 width=121)
	  Sort Key: c
	  ->  Index Scan using sbtest8_pkey on sbtest8  (cost=0.43..3735.06 rows=953 width=121)
	        Index Cond: ((id >= 9545161) AND (id <= 9546160))

for: order_ranges
table 1 : explain SELECT c FROM sbtest1 WHERE id BETWEEN 2129042 AND 2130041 ORDER BY c
	Sort  (cost=4103.81..4106.42 rows=1046 width=121)
	  Sort Key: c
	  ->  Bitmap Heap Scan on sbtest1  (cost=35.16..4051.35 rows=1046 width=121)
	        Recheck Cond: ((id >= 2129042) AND (id <= 2130041))
	        ->  Bitmap Index Scan on sbtest1_pkey  (cost=0.00..34.90 rows=1046 width=0)
	              Index Cond: ((id >= 2129042) AND (id <= 2130041))

table 2 : explain SELECT c FROM sbtest2 WHERE id BETWEEN 4901879 AND 4902878 ORDER BY c
	Sort  (cost=3899.99..3902.48 rows=993 width=121)
	  Sort Key: c
	  ->  Bitmap Heap Scan on sbtest2  (cost=34.61..3850.56 rows=993 width=121)
	        Recheck Cond: ((id >= 4901879) AND (id <= 4902878))
	        ->  Bitmap Index Scan on sbtest2_pkey  (cost=0.00..34.37 rows=993 width=0)
	              Index Cond: ((id >= 4901879) AND (id <= 4902878))

table 3 : explain SELECT c FROM sbtest3 WHERE id BETWEEN 8822329 AND 8823328 ORDER BY c
	Sort  (cost=3668.60..3670.93 rows=932 width=121)
	  Sort Key: c
	  ->  Bitmap Heap Scan on sbtest3  (cost=33.99..3622.63 rows=932 width=121)
	        Recheck Cond: ((id >= 8822329) AND (id <= 8823328))
	        ->  Bitmap Index Scan on sbtest3_pkey  (cost=0.00..33.76 rows=932 width=0)
	              Index Cond: ((id >= 8822329) AND (id <= 8823328))

table 4 : explain SELECT c FROM sbtest4 WHERE id BETWEEN 9049360 AND 9050359 ORDER BY c
	Sort  (cost=3543.93..3546.18 rows=900 width=121)
	  Sort Key: c
	  ->  Bitmap Heap Scan on sbtest4  (cost=29.66..3499.77 rows=900 width=121)
	        Recheck Cond: ((id >= 9049360) AND (id <= 9050359))
	        ->  Bitmap Index Scan on sbtest4_pkey  (cost=0.00..29.43 rows=900 width=0)
	              Index Cond: ((id >= 9049360) AND (id <= 9050359))

table 5 : explain SELECT c FROM sbtest5 WHERE id BETWEEN 5919902 AND 5920901 ORDER BY c
	Sort  (cost=3962.57..3965.09 rows=1010 width=121)
	  Sort Key: c
	  ->  Bitmap Heap Scan on sbtest5  (cost=34.79..3912.17 rows=1010 width=121)
	        Recheck Cond: ((id >= 5919902) AND (id <= 5920901))
	        ->  Bitmap Index Scan on sbtest5_pkey  (cost=0.00..34.54 rows=1010 width=0)
	              Index Cond: ((id >= 5919902) AND (id <= 5920901))

table 6 : explain SELECT c FROM sbtest6 WHERE id BETWEEN 7305593 AND 7306592 ORDER BY c
	Sort  (cost=3927.13..3929.63 rows=1000 width=121)
	  Sort Key: c
	  ->  Bitmap Heap Scan on sbtest6  (cost=34.69..3877.31 rows=1000 width=121)
	        Recheck Cond: ((id >= 7305593) AND (id <= 7306592))
	        ->  Bitmap Index Scan on sbtest6_pkey  (cost=0.00..34.44 rows=1000 width=0)
	              Index Cond: ((id >= 7305593) AND (id <= 7306592))

table 7 : explain SELECT c FROM sbtest7 WHERE id BETWEEN 6078840 AND 6079839 ORDER BY c
	Sort  (cost=3629.31..3631.61 rows=921 width=121)
	  Sort Key: c
	  ->  Bitmap Heap Scan on sbtest7  (cost=33.88..3583.96 rows=921 width=121)
	        Recheck Cond: ((id >= 6078840) AND (id <= 6079839))
	        ->  Bitmap Index Scan on sbtest7_pkey  (cost=0.00..33.65 rows=921 width=0)
	              Index Cond: ((id >= 6078840) AND (id <= 6079839))

table 8 : explain SELECT c FROM sbtest8 WHERE id BETWEEN 6818657 AND 6819656 ORDER BY c
	Sort  (cost=3904.81..3907.27 rows=984 width=121)
	  Sort Key: c
	  ->  Index Scan using sbtest8_pkey on sbtest8  (cost=0.43..3855.89 rows=984 width=121)
	        Index Cond: ((id >= 6818657) AND (id <= 6819656))

for: distinct_ranges
table 1 : explain SELECT DISTINCT c FROM sbtest1 WHERE id BETWEEN 3795587 AND 3796586 ORDER BY c
	Unique  (cost=3628.60..3633.21 rows=922 width=121)
	  ->  Sort  (cost=3628.60..3630.91 rows=922 width=121)
	        Sort Key: c
	        ->  Bitmap Heap Scan on sbtest1  (cost=33.89..3583.20 rows=922 width=121)
	              Recheck Cond: ((id >= 3795587) AND (id <= 3796586))
	              ->  Bitmap Index Scan on sbtest1_pkey  (cost=0.00..33.66 rows=922 width=0)
	                    Index Cond: ((id >= 3795587) AND (id <= 3796586))

table 2 : explain SELECT DISTINCT c FROM sbtest2 WHERE id BETWEEN 9281229 AND 9282228 ORDER BY c
	Unique  (cost=3573.86..3578.41 rows=909 width=121)
	  ->  Sort  (cost=3573.86..3576.13 rows=909 width=121)
	        Sort Key: c
	        ->  Bitmap Heap Scan on sbtest2  (cost=29.75..3529.19 rows=909 width=121)
	              Recheck Cond: ((id >= 9281229) AND (id <= 9282228))
	              ->  Bitmap Index Scan on sbtest2_pkey  (cost=0.00..29.52 rows=909 width=0)
	                    Index Cond: ((id >= 9281229) AND (id <= 9282228))

table 3 : explain SELECT DISTINCT c FROM sbtest3 WHERE id BETWEEN 6250491 AND 6251490 ORDER BY c
	Unique  (cost=4446.11..4451.78 rows=1134 width=121)
	  ->  Sort  (cost=4446.11..4448.95 rows=1134 width=121)
	        Sort Key: c
	        ->  Bitmap Heap Scan on sbtest3  (cost=40.06..4388.58 rows=1134 width=121)
	              Recheck Cond: ((id >= 6250491) AND (id <= 6251490))
	              ->  Bitmap Index Scan on sbtest3_pkey  (cost=0.00..39.78 rows=1134 width=0)
	                    Index Cond: ((id >= 6250491) AND (id <= 6251490))

table 4 : explain SELECT DISTINCT c FROM sbtest4 WHERE id BETWEEN 4389218 AND 4390217 ORDER BY c
	Unique  (cost=3509.29..3513.74 rows=891 width=121)
	  ->  Sort  (cost=3509.29..3511.51 rows=891 width=121)
	        Sort Key: c
	        ->  Bitmap Heap Scan on sbtest4  (cost=29.57..3465.63 rows=891 width=121)
	              Recheck Cond: ((id >= 4389218) AND (id <= 4390217))
	              ->  Bitmap Index Scan on sbtest4_pkey  (cost=0.00..29.34 rows=891 width=0)
	                    Index Cond: ((id >= 4389218) AND (id <= 4390217))

table 5 : explain SELECT DISTINCT c FROM sbtest5 WHERE id BETWEEN 9346699 AND 9347698 ORDER BY c
	Unique  (cost=3748.23..3753.00 rows=954 width=121)
	  ->  Sort  (cost=3748.23..3750.61 rows=954 width=121)
	        Sort Key: c
	        ->  Bitmap Heap Scan on sbtest5  (cost=34.21..3701.02 rows=954 width=121)
	              Recheck Cond: ((id >= 9346699) AND (id <= 9347698))
	              ->  Bitmap Index Scan on sbtest5_pkey  (cost=0.00..33.98 rows=954 width=0)
	                    Index Cond: ((id >= 9346699) AND (id <= 9347698))

table 6 : explain SELECT DISTINCT c FROM sbtest6 WHERE id BETWEEN 2032630 AND 2033629 ORDER BY c
	Unique  (cost=3846.69..3851.58 rows=979 width=121)
	  ->  Sort  (cost=3846.69..3849.14 rows=979 width=121)
	        Sort Key: c
	        ->  Bitmap Heap Scan on sbtest6  (cost=34.47..3798.06 rows=979 width=121)
	              Recheck Cond: ((id >= 2032630) AND (id <= 2033629))
	              ->  Bitmap Index Scan on sbtest6_pkey  (cost=0.00..34.23 rows=979 width=0)
	                    Index Cond: ((id >= 2032630) AND (id <= 2033629))

table 7 : explain SELECT DISTINCT c FROM sbtest7 WHERE id BETWEEN 5863681 AND 5864680 ORDER BY c
	Unique  (cost=4231.91..4237.30 rows=1078 width=121)
	  ->  Sort  (cost=4231.91..4234.60 rows=1078 width=121)
	        Sort Key: c
	        ->  Bitmap Heap Scan on sbtest7  (cost=35.48..4177.61 rows=1078 width=121)
	              Recheck Cond: ((id >= 5863681) AND (id <= 5864680))
	              ->  Bitmap Index Scan on sbtest7_pkey  (cost=0.00..35.22 rows=1078 width=0)
	                    Index Cond: ((id >= 5863681) AND (id <= 5864680))

table 8 : explain SELECT DISTINCT c FROM sbtest8 WHERE id BETWEEN 9796991 AND 9797990 ORDER BY c
	Unique  (cost=3414.46..3418.77 rows=861 width=121)
	  ->  Sort  (cost=3414.46..3416.61 rows=861 width=121)
	        Sort Key: c
	        ->  Index Scan using sbtest8_pkey on sbtest8  (cost=0.43..3372.49 rows=861 width=121)
	              Index Cond: ((id >= 9796991) AND (id <= 9797990))

for: distinct_ranges
table 1 : explain SELECT DISTINCT c FROM sbtest1 WHERE id BETWEEN 8911572 AND 8912571 ORDER BY c
	Unique  (cost=3935.40..3940.41 rows=1002 width=121)
	  ->  Sort  (cost=3935.40..3937.90 rows=1002 width=121)
	        Sort Key: c
	        ->  Bitmap Heap Scan on sbtest1  (cost=34.71..3885.45 rows=1002 width=121)
	              Recheck Cond: ((id >= 8911572) AND (id <= 8912571))
	              ->  Bitmap Index Scan on sbtest1_pkey  (cost=0.00..34.45 rows=1002 width=0)
	                    Index Cond: ((id >= 8911572) AND (id <= 8912571))

table 2 : explain SELECT DISTINCT c FROM sbtest2 WHERE id BETWEEN 4884040 AND 4885039 ORDER BY c
	Unique  (cost=3899.99..3904.96 rows=993 width=121)
	  ->  Sort  (cost=3899.99..3902.48 rows=993 width=121)
	        Sort Key: c
	        ->  Bitmap Heap Scan on sbtest2  (cost=34.61..3850.56 rows=993 width=121)
	              Recheck Cond: ((id >= 4884040) AND (id <= 4885039))
	              ->  Bitmap Index Scan on sbtest2_pkey  (cost=0.00..34.37 rows=993 width=0)
	                    Index Cond: ((id >= 4884040) AND (id <= 4885039))

table 3 : explain SELECT DISTINCT c FROM sbtest3 WHERE id BETWEEN 9813174 AND 9814173 ORDER BY c
	Unique  (cost=3630.18..3634.79 rows=922 width=121)
	  ->  Sort  (cost=3630.18..3632.48 rows=922 width=121)
	        Sort Key: c
	        ->  Bitmap Heap Scan on sbtest3  (cost=33.89..3584.78 rows=922 width=121)
	              Recheck Cond: ((id >= 9813174) AND (id <= 9814173))
	              ->  Bitmap Index Scan on sbtest3_pkey  (cost=0.00..33.66 rows=922 width=0)
	                    Index Cond: ((id >= 9813174) AND (id <= 9814173))

table 4 : explain SELECT DISTINCT c FROM sbtest4 WHERE id BETWEEN 1376689 AND 1377688 ORDER BY c
	Unique  (cost=3459.22..3463.61 rows=878 width=121)
	  ->  Sort  (cost=3459.22..3461.42 rows=878 width=121)
	        Sort Key: c
	        ->  Bitmap Heap Scan on sbtest4  (cost=29.43..3416.30 rows=878 width=121)
	              Recheck Cond: ((id >= 1376689) AND (id <= 1377688))
	              ->  Bitmap Index Scan on sbtest4_pkey  (cost=0.00..29.21 rows=878 width=0)
	                    Index Cond: ((id >= 1376689) AND (id <= 1377688))

table 5 : explain SELECT DISTINCT c FROM sbtest5 WHERE id BETWEEN 5164009 AND 5165008 ORDER BY c
	Unique  (cost=3836.31..3841.19 rows=977 width=121)
	  ->  Sort  (cost=3836.31..3838.75 rows=977 width=121)
	        Sort Key: c
	        ->  Bitmap Heap Scan on sbtest5  (cost=34.45..3787.79 rows=977 width=121)
	              Recheck Cond: ((id >= 5164009) AND (id <= 5165008))
	              ->  Bitmap Index Scan on sbtest5_pkey  (cost=0.00..34.20 rows=977 width=0)
	                    Index Cond: ((id >= 5164009) AND (id <= 5165008))

table 6 : explain SELECT DISTINCT c FROM sbtest6 WHERE id BETWEEN 9065447 AND 9066446 ORDER BY c
	Unique  (cost=4026.66..4031.79 rows=1026 width=121)
	  ->  Sort  (cost=4026.66..4029.23 rows=1026 width=121)
	        Sort Key: c
	        ->  Bitmap Heap Scan on sbtest6  (cost=34.95..3975.35 rows=1026 width=121)
	              Recheck Cond: ((id >= 9065447) AND (id <= 9066446))
	              ->  Bitmap Index Scan on sbtest6_pkey  (cost=0.00..34.70 rows=1026 width=0)
	                    Index Cond: ((id >= 9065447) AND (id <= 9066446))

table 7 : explain SELECT DISTINCT c FROM sbtest7 WHERE id BETWEEN 9453721 AND 9454720 ORDER BY c
	Unique  (cost=4235.74..4241.13 rows=1079 width=121)
	  ->  Sort  (cost=4235.74..4238.44 rows=1079 width=121)
	        Sort Key: c
	        ->  Bitmap Heap Scan on sbtest7  (cost=35.49..4181.38 rows=1079 width=121)
	              Recheck Cond: ((id >= 9453721) AND (id <= 9454720))
	              ->  Bitmap Index Scan on sbtest7_pkey  (cost=0.00..35.23 rows=1079 width=0)
	                    Index Cond: ((id >= 9453721) AND (id <= 9454720))

table 8 : explain SELECT DISTINCT c FROM sbtest8 WHERE id BETWEEN 2166636 AND 2167635 ORDER BY c
	Unique  (cost=4046.26..4051.41 rows=1030 width=121)
	  ->  Sort  (cost=4046.26..4048.83 rows=1030 width=121)
	        Sort Key: c
	        ->  Bitmap Heap Scan on sbtest8  (cost=34.99..3994.71 rows=1030 width=121)
	              Recheck Cond: ((id >= 2166636) AND (id <= 2167635))
	              ->  Bitmap Index Scan on sbtest8_pkey  (cost=0.00..34.73 rows=1030 width=0)
	                    Index Cond: ((id >= 2166636) AND (id <= 2167635))

for: distinct_ranges
table 1 : explain SELECT DISTINCT c FROM sbtest1 WHERE id BETWEEN 9973252 AND 9974251 ORDER BY c
	Unique  (cost=3724.56..3729.29 rows=947 width=121)
	  ->  Sort  (cost=3724.56..3726.93 rows=947 width=121)
	        Sort Key: c
	        ->  Bitmap Heap Scan on sbtest1  (cost=34.14..3677.74 rows=947 width=121)
	              Recheck Cond: ((id >= 9973252) AND (id <= 9974251))
	              ->  Bitmap Index Scan on sbtest1_pkey  (cost=0.00..33.91 rows=947 width=0)
	                    Index Cond: ((id >= 9973252) AND (id <= 9974251))

table 2 : explain SELECT DISTINCT c FROM sbtest2 WHERE id BETWEEN 774022 AND 775021 ORDER BY c
	Unique  (cost=3877.01..3881.95 rows=987 width=121)
	  ->  Sort  (cost=3877.01..3879.48 rows=987 width=121)
	        Sort Key: c
	        ->  Bitmap Heap Scan on sbtest2  (cost=34.55..3827.93 rows=987 width=121)
	              Recheck Cond: ((id >= 774022) AND (id <= 775021))
	              ->  Bitmap Index Scan on sbtest2_pkey  (cost=0.00..34.31 rows=987 width=0)
	                    Index Cond: ((id >= 774022) AND (id <= 775021))

table 3 : explain SELECT DISTINCT c FROM sbtest3 WHERE id BETWEEN 5838487 AND 5839486 ORDER BY c
	Unique  (cost=3829.82..3834.69 rows=974 width=121)
	  ->  Sort  (cost=3829.82..3832.25 rows=974 width=121)
	        Sort Key: c
	        ->  Bitmap Heap Scan on sbtest3  (cost=34.42..3781.47 rows=974 width=121)
	              Recheck Cond: ((id >= 5838487) AND (id <= 5839486))
	              ->  Bitmap Index Scan on sbtest3_pkey  (cost=0.00..34.18 rows=974 width=0)
	                    Index Cond: ((id >= 5838487) AND (id <= 5839486))

table 4 : explain SELECT DISTINCT c FROM sbtest4 WHERE id BETWEEN 4220678 AND 4221677 ORDER BY c
	Unique  (cost=3567.02..3571.55 rows=906 width=121)
	  ->  Sort  (cost=3567.02..3569.29 rows=906 width=121)
	        Sort Key: c
	        ->  Bitmap Heap Scan on sbtest4  (cost=29.72..3522.52 rows=906 width=121)
	              Recheck Cond: ((id >= 4220678) AND (id <= 4221677))
	              ->  Bitmap Index Scan on sbtest4_pkey  (cost=0.00..29.50 rows=906 width=0)
	                    Index Cond: ((id >= 4220678) AND (id <= 4221677))

table 5 : explain SELECT DISTINCT c FROM sbtest5 WHERE id BETWEEN 5094763 AND 5095762 ORDER BY c
	Unique  (cost=3993.15..3998.24 rows=1018 width=121)
	  ->  Sort  (cost=3993.15..3995.70 rows=1018 width=121)
	        Sort Key: c
	        ->  Bitmap Heap Scan on sbtest5  (cost=34.87..3942.30 rows=1018 width=121)
	              Recheck Cond: ((id >= 5094763) AND (id <= 5095762))
	              ->  Bitmap Index Scan on sbtest5_pkey  (cost=0.00..34.62 rows=1018 width=0)
	                    Index Cond: ((id >= 5094763) AND (id <= 5095762))

table 6 : explain SELECT DISTINCT c FROM sbtest6 WHERE id BETWEEN 5033312 AND 5034311 ORDER BY c
	Unique  (cost=3628.07..3632.68 rows=922 width=121)
	  ->  Sort  (cost=3628.07..3630.37 rows=922 width=121)
	        Sort Key: c
	        ->  Bitmap Heap Scan on sbtest6  (cost=33.89..3582.67 rows=922 width=121)
	              Recheck Cond: ((id >= 5033312) AND (id <= 5034311))
	              ->  Bitmap Index Scan on sbtest6_pkey  (cost=0.00..33.66 rows=922 width=0)
	                    Index Cond: ((id >= 5033312) AND (id <= 5034311))

table 7 : explain SELECT DISTINCT c FROM sbtest7 WHERE id BETWEEN 965646 AND 966645 ORDER BY c
	Unique  (cost=3683.16..3687.84 rows=935 width=121)
	  ->  Sort  (cost=3683.16..3685.50 rows=935 width=121)
	        Sort Key: c
	        ->  Bitmap Heap Scan on sbtest7  (cost=34.02..3637.02 rows=935 width=121)
	              Recheck Cond: ((id >= 965646) AND (id <= 966645))
	              ->  Bitmap Index Scan on sbtest7_pkey  (cost=0.00..33.79 rows=935 width=0)
	                    Index Cond: ((id >= 965646) AND (id <= 966645))

table 8 : explain SELECT DISTINCT c FROM sbtest8 WHERE id BETWEEN 5799235 AND 5800234 ORDER BY c
	Unique  (cost=4195.63..4200.97 rows=1069 width=121)
	  ->  Sort  (cost=4195.63..4198.30 rows=1069 width=121)
	        Sort Key: c
	        ->  Bitmap Heap Scan on sbtest8  (cost=35.39..4141.84 rows=1069 width=121)
	              Recheck Cond: ((id >= 5799235) AND (id <= 5800234))
	              ->  Bitmap Index Scan on sbtest8_pkey  (cost=0.00..35.12 rows=1069 width=0)
	                    Index Cond: ((id >= 5799235) AND (id <= 5800234))

for: sum_ranges
table 1 : explain SELECT SUM(k) FROM sbtest1 WHERE id BETWEEN 6581399 AND 6582398
	Aggregate  (cost=4197.14..4197.15 rows=1 width=8)
	  ->  Bitmap Heap Scan on sbtest1  (cost=35.55..4194.43 rows=1084 width=4)
	        Recheck Cond: ((id >= 6581399) AND (id <= 6582398))
	        ->  Bitmap Index Scan on sbtest1_pkey  (cost=0.00..35.28 rows=1084 width=0)
	              Index Cond: ((id >= 6581399) AND (id <= 6582398))

table 2 : explain SELECT SUM(k) FROM sbtest2 WHERE id BETWEEN 8733088 AND 8734087
	Aggregate  (cost=3667.90..3667.91 rows=1 width=8)
	  ->  Bitmap Heap Scan on sbtest2  (cost=34.11..3665.54 rows=944 width=4)
	        Recheck Cond: ((id >= 8733088) AND (id <= 8734087))
	        ->  Bitmap Index Scan on sbtest2_pkey  (cost=0.00..33.88 rows=944 width=0)
	              Index Cond: ((id >= 8733088) AND (id <= 8734087))

table 3 : explain SELECT SUM(k) FROM sbtest3 WHERE id BETWEEN 1311355 AND 1312354
	Aggregate  (cost=3855.74..3855.75 rows=1 width=8)
	  ->  Bitmap Heap Scan on sbtest3  (cost=34.61..3853.25 rows=993 width=4)
	        Recheck Cond: ((id >= 1311355) AND (id <= 1312354))
	        ->  Bitmap Index Scan on sbtest3_pkey  (cost=0.00..34.37 rows=993 width=0)
	              Index Cond: ((id >= 1311355) AND (id <= 1312354))

table 4 : explain SELECT SUM(k) FROM sbtest4 WHERE id BETWEEN 5032448 AND 5033447
	Aggregate  (cost=3725.92..3725.93 rows=1 width=8)
	  ->  Bitmap Heap Scan on sbtest4  (cost=34.25..3723.53 rows=958 width=4)
	        Recheck Cond: ((id >= 5032448) AND (id <= 5033447))
	        ->  Bitmap Index Scan on sbtest4_pkey  (cost=0.00..34.02 rows=958 width=0)
	              Index Cond: ((id >= 5032448) AND (id <= 5033447))

table 5 : explain SELECT SUM(k) FROM sbtest5 WHERE id BETWEEN 9721917 AND 9722916
	Aggregate  (cost=3941.07..3941.08 rows=1 width=8)
	  ->  Bitmap Heap Scan on sbtest5  (cost=34.86..3938.53 rows=1017 width=4)
	        Recheck Cond: ((id >= 9721917) AND (id <= 9722916))
	        ->  Bitmap Index Scan on sbtest5_pkey  (cost=0.00..34.61 rows=1017 width=0)
	              Index Cond: ((id >= 9721917) AND (id <= 9722916))

table 6 : explain SELECT SUM(k) FROM sbtest6 WHERE id BETWEEN 3764911 AND 3765910
	Aggregate  (cost=4087.24..4087.25 rows=1 width=8)
	  ->  Bitmap Heap Scan on sbtest6  (cost=35.25..4084.60 rows=1055 width=4)
	        Recheck Cond: ((id >= 3764911) AND (id <= 3765910))
	        ->  Bitmap Index Scan on sbtest6_pkey  (cost=0.00..34.98 rows=1055 width=0)
	              Index Cond: ((id >= 3764911) AND (id <= 3765910))

table 7 : explain SELECT SUM(k) FROM sbtest7 WHERE id BETWEEN 3006821 AND 3007820
	Aggregate  (cost=3665.90..3665.91 rows=1 width=8)
	  ->  Bitmap Heap Scan on sbtest7  (cost=34.09..3663.54 rows=942 width=4)
	        Recheck Cond: ((id >= 3006821) AND (id <= 3007820))
	        ->  Bitmap Index Scan on sbtest7_pkey  (cost=0.00..33.86 rows=942 width=0)
	              Index Cond: ((id >= 3006821) AND (id <= 3007820))

table 8 : explain SELECT SUM(k) FROM sbtest8 WHERE id BETWEEN 8440140 AND 8441139
	Aggregate  (cost=3745.25..3745.26 rows=1 width=8)
	  ->  Index Scan using sbtest8_pkey on sbtest8  (cost=0.43..3742.86 rows=955 width=4)
	        Index Cond: ((id >= 8440140) AND (id <= 8441139))

for: distinct_ranges
table 1 : explain SELECT DISTINCT c FROM sbtest1 WHERE id BETWEEN 8064268 AND 8065267 ORDER BY c
	Unique  (cost=3973.69..3978.75 rows=1012 width=121)
	  ->  Sort  (cost=3973.69..3976.22 rows=1012 width=121)
	        Sort Key: c
	        ->  Bitmap Heap Scan on sbtest1  (cost=34.81..3923.18 rows=1012 width=121)
	              Recheck Cond: ((id >= 8064268) AND (id <= 8065267))
	              ->  Bitmap Index Scan on sbtest1_pkey  (cost=0.00..34.56 rows=1012 width=0)
	                    Index Cond: ((id >= 8064268) AND (id <= 8065267))

table 2 : explain SELECT DISTINCT c FROM sbtest2 WHERE id BETWEEN 656938 AND 657937 ORDER BY c
	Unique  (cost=4110.45..4115.69 rows=1048 width=121)
	  ->  Sort  (cost=4110.45..4113.07 rows=1048 width=121)
	        Sort Key: c
	        ->  Bitmap Heap Scan on sbtest2  (cost=35.18..4057.88 rows=1048 width=121)
	              Recheck Cond: ((id >= 656938) AND (id <= 657937))
	              ->  Bitmap Index Scan on sbtest2_pkey  (cost=0.00..34.92 rows=1048 width=0)
	                    Index Cond: ((id >= 656938) AND (id <= 657937))

table 3 : explain SELECT DISTINCT c FROM sbtest3 WHERE id BETWEEN 3076395 AND 3077394 ORDER BY c
	Unique  (cost=3718.52..3723.25 rows=945 width=121)
	  ->  Sort  (cost=3718.52..3720.88 rows=945 width=121)
	        Sort Key: c
	        ->  Bitmap Heap Scan on sbtest3  (cost=34.12..3671.82 rows=945 width=121)
	              Recheck Cond: ((id >= 3076395) AND (id <= 3077394))
	              ->  Bitmap Index Scan on sbtest3_pkey  (cost=0.00..33.89 rows=945 width=0)
	                    Index Cond: ((id >= 3076395) AND (id <= 3077394))

table 4 : explain SELECT DISTINCT c FROM sbtest4 WHERE id BETWEEN 1706101 AND 1707100 ORDER BY c
	Unique  (cost=3817.06..3821.91 rows=970 width=121)
	  ->  Sort  (cost=3817.06..3819.49 rows=970 width=121)
	        Sort Key: c
	        ->  Bitmap Heap Scan on sbtest4  (cost=34.38..3768.94 rows=970 width=121)
	              Recheck Cond: ((id >= 1706101) AND (id <= 1707100))
	              ->  Bitmap Index Scan on sbtest4_pkey  (cost=0.00..34.14 rows=970 width=0)
	                    Index Cond: ((id >= 1706101) AND (id <= 1707100))

table 5 : explain SELECT DISTINCT c FROM sbtest5 WHERE id BETWEEN 7828612 AND 7829611 ORDER BY c
	Unique  (cost=4233.77..4239.18 rows=1081 width=121)
	  ->  Sort  (cost=4233.77..4236.47 rows=1081 width=121)
	        Sort Key: c
	        ->  Bitmap Heap Scan on sbtest5  (cost=35.52..4179.30 rows=1081 width=121)
	              Recheck Cond: ((id >= 7828612) AND (id <= 7829611))
	              ->  Bitmap Index Scan on sbtest5_pkey  (cost=0.00..35.25 rows=1081 width=0)
	                    Index Cond: ((id >= 7828612) AND (id <= 7829611))

table 6 : explain SELECT DISTINCT c FROM sbtest6 WHERE id BETWEEN 1722927 AND 1723926 ORDER BY c
	Unique  (cost=4110.81..4116.05 rows=1048 width=121)
	  ->  Sort  (cost=4110.81..4113.43 rows=1048 width=121)
	        Sort Key: c
	        ->  Bitmap Heap Scan on sbtest6  (cost=35.18..4058.24 rows=1048 width=121)
	              Recheck Cond: ((id >= 1722927) AND (id <= 1723926))
	              ->  Bitmap Index Scan on sbtest6_pkey  (cost=0.00..34.92 rows=1048 width=0)
	                    Index Cond: ((id >= 1722927) AND (id <= 1723926))

table 7 : explain SELECT DISTINCT c FROM sbtest7 WHERE id BETWEEN 5205208 AND 5206207 ORDER BY c
	Unique  (cost=3836.89..3841.77 rows=975 width=121)
	  ->  Sort  (cost=3836.89..3839.33 rows=975 width=121)
	        Sort Key: c
	        ->  Bitmap Heap Scan on sbtest7  (cost=34.43..3788.49 rows=975 width=121)
	              Recheck Cond: ((id >= 5205208) AND (id <= 5206207))
	              ->  Bitmap Index Scan on sbtest7_pkey  (cost=0.00..34.19 rows=975 width=0)
	                    Index Cond: ((id >= 5205208) AND (id <= 5206207))

table 8 : explain SELECT DISTINCT c FROM sbtest8 WHERE id BETWEEN 8066410 AND 8067409 ORDER BY c
	Unique  (cost=3964.14..3969.14 rows=999 width=121)
	  ->  Sort  (cost=3964.14..3966.64 rows=999 width=121)
	        Sort Key: c
	        ->  Index Scan using sbtest8_pkey on sbtest8  (cost=0.43..3914.37 rows=999 width=121)
	              Index Cond: ((id >= 8066410) AND (id <= 8067409))

for: distinct_ranges
table 1 : explain SELECT DISTINCT c FROM sbtest1 WHERE id BETWEEN 9148103 AND 9149102 ORDER BY c
	Unique  (cost=3774.43..3779.23 rows=960 width=121)
	  ->  Sort  (cost=3774.43..3776.83 rows=960 width=121)
	        Sort Key: c
	        ->  Bitmap Heap Scan on sbtest1  (cost=34.28..3726.87 rows=960 width=121)
	              Recheck Cond: ((id >= 9148103) AND (id <= 9149102))
	              ->  Bitmap Index Scan on sbtest1_pkey  (cost=0.00..34.04 rows=960 width=0)
	                    Index Cond: ((id >= 9148103) AND (id <= 9149102))

table 2 : explain SELECT DISTINCT c FROM sbtest2 WHERE id BETWEEN 4301818 AND 4302817 ORDER BY c
	Unique  (cost=3953.60..3958.63 rows=1007 width=121)
	  ->  Sort  (cost=3953.60..3956.12 rows=1007 width=121)
	        Sort Key: c
	        ->  Bitmap Heap Scan on sbtest2  (cost=34.76..3903.37 rows=1007 width=121)
	              Recheck Cond: ((id >= 4301818) AND (id <= 4302817))
	              ->  Bitmap Index Scan on sbtest2_pkey  (cost=0.00..34.51 rows=1007 width=0)
	                    Index Cond: ((id >= 4301818) AND (id <= 4302817))

table 3 : explain SELECT DISTINCT c FROM sbtest3 WHERE id BETWEEN 4758967 AND 4759966 ORDER BY c
	Unique  (cost=3749.23..3754.00 rows=953 width=121)
	  ->  Sort  (cost=3749.23..3751.62 rows=953 width=121)
	        Sort Key: c
	        ->  Bitmap Heap Scan on sbtest3  (cost=34.20..3702.08 rows=953 width=121)
	              Recheck Cond: ((id >= 4758967) AND (id <= 4759966))
	              ->  Bitmap Index Scan on sbtest3_pkey  (cost=0.00..33.97 rows=953 width=0)
	                    Index Cond: ((id >= 4758967) AND (id <= 4759966))

table 4 : explain SELECT DISTINCT c FROM sbtest4 WHERE id BETWEEN 7679414 AND 7680413 ORDER BY c
	Unique  (cost=3951.41..3956.44 rows=1005 width=121)
	  ->  Sort  (cost=3951.41..3953.93 rows=1005 width=121)
	        Sort Key: c
	        ->  Bitmap Heap Scan on sbtest4  (cost=34.74..3901.30 rows=1005 width=121)
	              Recheck Cond: ((id >= 7679414) AND (id <= 7680413))
	              ->  Bitmap Index Scan on sbtest4_pkey  (cost=0.00..34.48 rows=1005 width=0)
	                    Index Cond: ((id >= 7679414) AND (id <= 7680413))

table 5 : explain SELECT DISTINCT c FROM sbtest5 WHERE id BETWEEN 7263722 AND 7264721 ORDER BY c
	Unique  (cost=4375.14..4380.73 rows=1118 width=121)
	  ->  Sort  (cost=4375.14..4377.93 rows=1118 width=121)
	        Sort Key: c
	        ->  Bitmap Heap Scan on sbtest5  (cost=39.89..4318.53 rows=1118 width=121)
	              Recheck Cond: ((id >= 7263722) AND (id <= 7264721))
	              ->  Bitmap Index Scan on sbtest5_pkey  (cost=0.00..39.62 rows=1118 width=0)
	                    Index Cond: ((id >= 7263722) AND (id <= 7264721))

table 6 : explain SELECT DISTINCT c FROM sbtest6 WHERE id BETWEEN 1644253 AND 1645252 ORDER BY c
	Unique  (cost=4129.93..4135.20 rows=1053 width=121)
	  ->  Sort  (cost=4129.93..4132.56 rows=1053 width=121)
	        Sort Key: c
	        ->  Bitmap Heap Scan on sbtest6  (cost=35.23..4077.07 rows=1053 width=121)
	              Recheck Cond: ((id >= 1644253) AND (id <= 1645252))
	              ->  Bitmap Index Scan on sbtest6_pkey  (cost=0.00..34.97 rows=1053 width=0)
	                    Index Cond: ((id >= 1644253) AND (id <= 1645252))

table 7 : explain SELECT DISTINCT c FROM sbtest7 WHERE id BETWEEN 1203262 AND 1204261 ORDER BY c
	Unique  (cost=3463.61..3468.01 rows=879 width=121)
	  ->  Sort  (cost=3463.61..3465.81 rows=879 width=121)
	        Sort Key: c
	        ->  Bitmap Heap Scan on sbtest7  (cost=29.44..3420.63 rows=879 width=121)
	              Recheck Cond: ((id >= 1203262) AND (id <= 1204261))
	              ->  Bitmap Index Scan on sbtest7_pkey  (cost=0.00..29.22 rows=879 width=0)
	                    Index Cond: ((id >= 1203262) AND (id <= 1204261))

table 8 : explain SELECT DISTINCT c FROM sbtest8 WHERE id BETWEEN 4708621 AND 4709620 ORDER BY c
	Unique  (cost=3865.27..3870.14 rows=974 width=121)
	  ->  Sort  (cost=3865.27..3867.71 rows=974 width=121)
	        Sort Key: c
	        ->  Index Scan using sbtest8_pkey on sbtest8  (cost=0.43..3816.92 rows=974 width=121)
	              Index Cond: ((id >= 4708621) AND (id <= 4709620))

for: distinct_ranges
table 1 : explain SELECT DISTINCT c FROM sbtest1 WHERE id BETWEEN 8779314 AND 8780313 ORDER BY c
	Unique  (cost=3693.86..3698.56 rows=939 width=121)
	  ->  Sort  (cost=3693.86..3696.21 rows=939 width=121)
	        Sort Key: c
	        ->  Bitmap Heap Scan on sbtest1  (cost=34.06..3647.50 rows=939 width=121)
	              Recheck Cond: ((id >= 8779314) AND (id <= 8780313))
	              ->  Bitmap Index Scan on sbtest1_pkey  (cost=0.00..33.83 rows=939 width=0)
	                    Index Cond: ((id >= 8779314) AND (id <= 8780313))

table 2 : explain SELECT DISTINCT c FROM sbtest2 WHERE id BETWEEN 2876920 AND 2877919 ORDER BY c
	Unique  (cost=4557.26..4563.09 rows=1165 width=121)
	  ->  Sort  (cost=4557.26..4560.18 rows=1165 width=121)
	        Sort Key: c
	        ->  Bitmap Heap Scan on sbtest2  (cost=40.38..4497.93 rows=1165 width=121)
	              Recheck Cond: ((id >= 2876920) AND (id <= 2877919))
	              ->  Bitmap Index Scan on sbtest2_pkey  (cost=0.00..40.09 rows=1165 width=0)
	                    Index Cond: ((id >= 2876920) AND (id <= 2877919))

table 3 : explain SELECT DISTINCT c FROM sbtest3 WHERE id BETWEEN 2286734 AND 2287733 ORDER BY c
	Unique  (cost=3944.85..3949.87 rows=1004 width=121)
	  ->  Sort  (cost=3944.85..3947.36 rows=1004 width=121)
	        Sort Key: c
	        ->  Bitmap Heap Scan on sbtest3  (cost=34.73..3894.79 rows=1004 width=121)
	              Recheck Cond: ((id >= 2286734) AND (id <= 2287733))
	              ->  Bitmap Index Scan on sbtest3_pkey  (cost=0.00..34.48 rows=1004 width=0)
	                    Index Cond: ((id >= 2286734) AND (id <= 2287733))

table 4 : explain SELECT DISTINCT c FROM sbtest4 WHERE id BETWEEN 7309611 AND 7310610 ORDER BY c
	Unique  (cost=4146.93..4152.21 rows=1056 width=121)
	  ->  Sort  (cost=4146.93..4149.57 rows=1056 width=121)
	        Sort Key: c
	        ->  Bitmap Heap Scan on sbtest4  (cost=35.26..4093.90 rows=1056 width=121)
	              Recheck Cond: ((id >= 7309611) AND (id <= 7310610))
	              ->  Bitmap Index Scan on sbtest4_pkey  (cost=0.00..35.00 rows=1056 width=0)
	                    Index Cond: ((id >= 7309611) AND (id <= 7310610))

table 5 : explain SELECT DISTINCT c FROM sbtest5 WHERE id BETWEEN 3030608 AND 3031607 ORDER BY c
	Unique  (cost=3866.93..3871.85 rows=985 width=121)
	  ->  Sort  (cost=3866.93..3869.39 rows=985 width=121)
	        Sort Key: c
	        ->  Bitmap Heap Scan on sbtest5  (cost=34.53..3817.95 rows=985 width=121)
	              Recheck Cond: ((id >= 3030608) AND (id <= 3031607))
	              ->  Bitmap Index Scan on sbtest5_pkey  (cost=0.00..34.29 rows=985 width=0)
	                    Index Cond: ((id >= 3030608) AND (id <= 3031607))

table 6 : explain SELECT DISTINCT c FROM sbtest6 WHERE id BETWEEN 9200509 AND 9201508 ORDER BY c
	Unique  (cost=4015.18..4020.30 rows=1023 width=121)
	  ->  Sort  (cost=4015.18..4017.74 rows=1023 width=121)
	        Sort Key: c
	        ->  Bitmap Heap Scan on sbtest6  (cost=34.92..3964.04 rows=1023 width=121)
	              Recheck Cond: ((id >= 9200509) AND (id <= 9201508))
	              ->  Bitmap Index Scan on sbtest6_pkey  (cost=0.00..34.67 rows=1023 width=0)
	                    Index Cond: ((id >= 9200509) AND (id <= 9201508))

table 7 : explain SELECT DISTINCT c FROM sbtest7 WHERE id BETWEEN 2210527 AND 2211526 ORDER BY c
	Unique  (cost=4385.17..4390.75 rows=1117 width=121)
	  ->  Sort  (cost=4385.17..4387.96 rows=1117 width=121)
	        Sort Key: c
	        ->  Bitmap Heap Scan on sbtest7  (cost=39.88..4328.62 rows=1117 width=121)
	              Recheck Cond: ((id >= 2210527) AND (id <= 2211526))
	              ->  Bitmap Index Scan on sbtest7_pkey  (cost=0.00..39.61 rows=1117 width=0)
	                    Index Cond: ((id >= 2210527) AND (id <= 2211526))

table 8 : explain SELECT DISTINCT c FROM sbtest8 WHERE id BETWEEN 196976 AND 197975 ORDER BY c
	Unique  (cost=3841.55..3846.39 rows=968 width=121)
	  ->  Sort  (cost=3841.55..3843.97 rows=968 width=121)
	        Sort Key: c
	        ->  Index Scan using sbtest8_pkey on sbtest8  (cost=0.43..3793.54 rows=968 width=121)
	              Index Cond: ((id >= 196976) AND (id <= 197975))

explain: for point_selects :: explain SELECT c FROM sbtest%u WHERE id=%u
for: order_ranges
table 1 : explain SELECT c FROM sbtest1 WHERE id BETWEEN 6880868 AND 6881867 ORDER BY c
	Sort  (cost=3470.91..3473.11 rows=882 width=121)
	  Sort Key: c
	  ->  Bitmap Heap Scan on sbtest1  (cost=29.48..3427.76 rows=882 width=121)
	        Recheck Cond: ((id >= 6880868) AND (id <= 6881867))
	        ->  Bitmap Index Scan on sbtest1_pkey  (cost=0.00..29.25 rows=882 width=0)
	              Index Cond: ((id >= 6880868) AND (id <= 6881867))

table 2 : explain SELECT c FROM sbtest2 WHERE id BETWEEN 3846643 AND 3847642 ORDER BY c
	Sort  (cost=3631.61..3633.92 rows=923 width=121)
	  Sort Key: c
	  ->  Bitmap Heap Scan on sbtest2  (cost=33.90..3586.15 rows=923 width=121)
	        Recheck Cond: ((id >= 3846643) AND (id <= 3847642))
	        ->  Bitmap Index Scan on sbtest2_pkey  (cost=0.00..33.67 rows=923 width=0)
	              Index Cond: ((id >= 3846643) AND (id <= 3847642))

table 3 : explain SELECT c FROM sbtest3 WHERE id BETWEEN 3422310 AND 3423309 ORDER BY c
	Sort  (cost=3703.16..3705.51 rows=941 width=121)
	  Sort Key: c
	  ->  Bitmap Heap Scan on sbtest3  (cost=34.08..3656.68 rows=941 width=121)
	        Recheck Cond: ((id >= 3422310) AND (id <= 3423309))
	        ->  Bitmap Index Scan on sbtest3_pkey  (cost=0.00..33.84 rows=941 width=0)
	              Index Cond: ((id >= 3422310) AND (id <= 3423309))

table 4 : explain SELECT c FROM sbtest4 WHERE id BETWEEN 450991 AND 451990 ORDER BY c
	Sort  (cost=4131.61..4134.24 rows=1052 width=121)
	  Sort Key: c
	  ->  Bitmap Heap Scan on sbtest4  (cost=35.22..4078.80 rows=1052 width=121)
	        Recheck Cond: ((id >= 450991) AND (id <= 451990))
	        ->  Bitmap Index Scan on sbtest4_pkey  (cost=0.00..34.95 rows=1052 width=0)
	              Index Cond: ((id >= 450991) AND (id <= 451990))

table 5 : explain SELECT c FROM sbtest5 WHERE id BETWEEN 8576624 AND 8577623 ORDER BY c
	Sort  (cost=3771.21..3773.61 rows=960 width=121)
	  Sort Key: c
	  ->  Bitmap Heap Scan on sbtest5  (cost=34.28..3723.66 rows=960 width=121)
	        Recheck Cond: ((id >= 8576624) AND (id <= 8577623))
	        ->  Bitmap Index Scan on sbtest5_pkey  (cost=0.00..34.04 rows=960 width=0)
	              Index Cond: ((id >= 8576624) AND (id <= 8577623))

table 6 : explain SELECT c FROM sbtest6 WHERE id BETWEEN 4027287 AND 4028286 ORDER BY c
	Sort  (cost=3953.94..3956.46 rows=1007 width=121)
	  Sort Key: c
	  ->  Bitmap Heap Scan on sbtest6  (cost=34.76..3903.71 rows=1007 width=121)
	        Recheck Cond: ((id >= 4027287) AND (id <= 4028286))
	        ->  Bitmap Index Scan on sbtest6_pkey  (cost=0.00..34.51 rows=1007 width=0)
	              Index Cond: ((id >= 4027287) AND (id <= 4028286))

table 7 : explain SELECT c FROM sbtest7 WHERE id BETWEEN 7817354 AND 7818353 ORDER BY c
	Sort  (cost=4090.15..4092.75 rows=1041 width=121)
	  Sort Key: c
	  ->  Bitmap Heap Scan on sbtest7  (cost=35.11..4037.97 rows=1041 width=121)
	        Recheck Cond: ((id >= 7817354) AND (id <= 7818353))
	        ->  Bitmap Index Scan on sbtest7_pkey  (cost=0.00..34.84 rows=1041 width=0)
	              Index Cond: ((id >= 7817354) AND (id <= 7818353))

table 8 : explain SELECT c FROM sbtest8 WHERE id BETWEEN 2548219 AND 2549218 ORDER BY c
	Sort  (cost=3667.55..3669.86 rows=924 width=121)
	  Sort Key: c
	  ->  Index Scan using sbtest8_pkey on sbtest8  (cost=0.43..3622.03 rows=924 width=121)
	        Index Cond: ((id >= 2548219) AND (id <= 2549218))

for: sum_ranges
table 1 : explain SELECT SUM(k) FROM sbtest1 WHERE id BETWEEN 4980130 AND 4981129
	Aggregate  (cost=3770.86..3770.87 rows=1 width=8)
	  ->  Bitmap Heap Scan on sbtest1  (cost=34.39..3768.43 rows=971 width=4)
	        Recheck Cond: ((id >= 4980130) AND (id <= 4981129))
	        ->  Bitmap Index Scan on sbtest1_pkey  (cost=0.00..34.15 rows=971 width=0)
	              Index Cond: ((id >= 4980130) AND (id <= 4981129))

table 2 : explain SELECT SUM(k) FROM sbtest2 WHERE id BETWEEN 4464561 AND 4465560
	Aggregate  (cost=3947.39..3947.40 rows=1 width=8)
	  ->  Bitmap Heap Scan on sbtest2  (cost=34.87..3944.84 rows=1018 width=4)
	        Recheck Cond: ((id >= 4464561) AND (id <= 4465560))
	        ->  Bitmap Index Scan on sbtest2_pkey  (cost=0.00..34.62 rows=1018 width=0)
	              Index Cond: ((id >= 4464561) AND (id <= 4465560))

table 3 : explain SELECT SUM(k) FROM sbtest3 WHERE id BETWEEN 1020019 AND 1021018
	Aggregate  (cost=3889.75..3889.76 rows=1 width=8)
	  ->  Bitmap Heap Scan on sbtest3  (cost=34.71..3887.24 rows=1002 width=4)
	        Recheck Cond: ((id >= 1020019) AND (id <= 1021018))
	        ->  Bitmap Index Scan on sbtest3_pkey  (cost=0.00..34.45 rows=1002 width=0)
	              Index Cond: ((id >= 1020019) AND (id <= 1021018))

table 4 : explain SELECT SUM(k) FROM sbtest4 WHERE id BETWEEN 2820625 AND 2821624
	Aggregate  (cost=4236.16..4236.17 rows=1 width=8)
	  ->  Bitmap Heap Scan on sbtest4  (cost=35.64..4233.43 rows=1093 width=4)
	        Recheck Cond: ((id >= 2820625) AND (id <= 2821624))
	        ->  Bitmap Index Scan on sbtest4_pkey  (cost=0.00..35.37 rows=1093 width=0)
	              Index Cond: ((id >= 2820625) AND (id <= 2821624))

table 5 : explain SELECT SUM(k) FROM sbtest5 WHERE id BETWEEN 2612092 AND 2613091
	Aggregate  (cost=3880.76..3880.77 rows=1 width=8)
	  ->  Bitmap Heap Scan on sbtest5  (cost=34.70..3878.26 rows=1001 width=4)
	        Recheck Cond: ((id >= 2612092) AND (id <= 2613091))
	        ->  Bitmap Index Scan on sbtest5_pkey  (cost=0.00..34.45 rows=1001 width=0)
	              Index Cond: ((id >= 2612092) AND (id <= 2613091))

table 6 : explain SELECT SUM(k) FROM sbtest6 WHERE id BETWEEN 957787 AND 958786
	Aggregate  (cost=3690.90..3690.91 rows=1 width=8)
	  ->  Bitmap Heap Scan on sbtest6  (cost=34.17..3688.52 rows=950 width=4)
	        Recheck Cond: ((id >= 957787) AND (id <= 958786))
	        ->  Bitmap Index Scan on sbtest6_pkey  (cost=0.00..33.94 rows=950 width=0)
	              Index Cond: ((id >= 957787) AND (id <= 958786))

table 7 : explain SELECT SUM(k) FROM sbtest7 WHERE id BETWEEN 5308823 AND 5309822
	Aggregate  (cost=3360.93..3360.94 rows=1 width=8)
	  ->  Index Scan using sbtest7_pkey on sbtest7  (cost=0.43..3358.80 rows=854 width=4)
	        Index Cond: ((id >= 5308823) AND (id <= 5309822))

table 8 : explain SELECT SUM(k) FROM sbtest8 WHERE id BETWEEN 3442654 AND 3443653
	Aggregate  (cost=3768.67..3768.68 rows=1 width=8)
	  ->  Index Scan using sbtest8_pkey on sbtest8  (cost=0.43..3766.27 rows=961 width=4)
	        Index Cond: ((id >= 3442654) AND (id <= 3443653))

for: sum_ranges
table 1 : explain SELECT SUM(k) FROM sbtest1 WHERE id BETWEEN 9197424 AND 9198423
	Aggregate  (cost=3729.27..3729.28 rows=1 width=8)
	  ->  Bitmap Heap Scan on sbtest1  (cost=34.28..3726.87 rows=960 width=4)
	        Recheck Cond: ((id >= 9197424) AND (id <= 9198423))
	        ->  Bitmap Index Scan on sbtest1_pkey  (cost=0.00..34.04 rows=960 width=0)
	              Index Cond: ((id >= 9197424) AND (id <= 9198423))

table 2 : explain SELECT SUM(k) FROM sbtest2 WHERE id BETWEEN 7343305 AND 7344304
	Aggregate  (cost=4007.73..4007.74 rows=1 width=8)
	  ->  Bitmap Heap Scan on sbtest2  (cost=35.03..4005.14 rows=1034 width=4)
	        Recheck Cond: ((id >= 7343305) AND (id <= 7344304))
	        ->  Bitmap Index Scan on sbtest2_pkey  (cost=0.00..34.78 rows=1034 width=0)
	              Index Cond: ((id >= 7343305) AND (id <= 7344304))

table 3 : explain SELECT SUM(k) FROM sbtest3 WHERE id BETWEEN 5693505 AND 5694504
	Aggregate  (cost=3761.21..3761.22 rows=1 width=8)
	  ->  Bitmap Heap Scan on sbtest3  (cost=34.36..3758.79 rows=968 width=4)
	        Recheck Cond: ((id >= 5693505) AND (id <= 5694504))
	        ->  Bitmap Index Scan on sbtest3_pkey  (cost=0.00..34.12 rows=968 width=0)
	              Index Cond: ((id >= 5693505) AND (id <= 5694504))

table 4 : explain SELECT SUM(k) FROM sbtest4 WHERE id BETWEEN 4080614 AND 4081613
	Aggregate  (cost=3794.08..3794.09 rows=1 width=8)
	  ->  Bitmap Heap Scan on sbtest4  (cost=34.44..3791.64 rows=976 width=4)
	        Recheck Cond: ((id >= 4080614) AND (id <= 4081613))
	        ->  Bitmap Index Scan on sbtest4_pkey  (cost=0.00..34.20 rows=976 width=0)
	              Index Cond: ((id >= 4080614) AND (id <= 4081613))

table 5 : explain SELECT SUM(k) FROM sbtest5 WHERE id BETWEEN 9606582 AND 9607581
	Aggregate  (cost=3775.13..3775.14 rows=1 width=8)
	  ->  Bitmap Heap Scan on sbtest5  (cost=34.41..3772.70 rows=973 width=4)
	        Recheck Cond: ((id >= 9606582) AND (id <= 9607581))
	        ->  Bitmap Index Scan on sbtest5_pkey  (cost=0.00..34.17 rows=973 width=0)
	              Index Cond: ((id >= 9606582) AND (id <= 9607581))

table 6 : explain SELECT SUM(k) FROM sbtest6 WHERE id BETWEEN 9061691 AND 9062690
	Aggregate  (cost=3977.91..3977.92 rows=1 width=8)
	  ->  Bitmap Heap Scan on sbtest6  (cost=34.95..3975.35 rows=1026 width=4)
	        Recheck Cond: ((id >= 9061691) AND (id <= 9062690))
	        ->  Bitmap Index Scan on sbtest6_pkey  (cost=0.00..34.70 rows=1026 width=0)
	              Index Cond: ((id >= 9061691) AND (id <= 9062690))

table 7 : explain SELECT SUM(k) FROM sbtest7 WHERE id BETWEEN 522942 AND 523941
	Aggregate  (cost=4391.71..4391.72 rows=1 width=8)
	  ->  Bitmap Heap Scan on sbtest7  (cost=40.05..4388.88 rows=1133 width=4)
	        Recheck Cond: ((id >= 522942) AND (id <= 523941))
	        ->  Bitmap Index Scan on sbtest7_pkey  (cost=0.00..39.77 rows=1133 width=0)
	              Index Cond: ((id >= 522942) AND (id <= 523941))

table 8 : explain SELECT SUM(k) FROM sbtest8 WHERE id BETWEEN 1048226 AND 1049225
	Aggregate  (cost=4118.10..4118.11 rows=1 width=8)
	  ->  Bitmap Heap Scan on sbtest8  (cost=35.32..4115.45 rows=1062 width=4)
	        Recheck Cond: ((id >= 1048226) AND (id <= 1049225))
	        ->  Bitmap Index Scan on sbtest8_pkey  (cost=0.00..35.06 rows=1062 width=0)
	              Index Cond: ((id >= 1048226) AND (id <= 1049225))

for: sum_ranges
table 1 : explain SELECT SUM(k) FROM sbtest1 WHERE id BETWEEN 3252687 AND 3253686
	Aggregate  (cost=3661.20..3661.21 rows=1 width=8)
	  ->  Bitmap Heap Scan on sbtest1  (cost=34.09..3658.84 rows=942 width=4)
	        Recheck Cond: ((id >= 3252687) AND (id <= 3253686))
	        ->  Bitmap Index Scan on sbtest1_pkey  (cost=0.00..33.86 rows=942 width=0)
	              Index Cond: ((id >= 3252687) AND (id <= 3253686))

table 2 : explain SELECT SUM(k) FROM sbtest2 WHERE id BETWEEN 6312618 AND 6313617
	Aggregate  (cost=4113.24..4113.25 rows=1 width=8)
	  ->  Bitmap Heap Scan on sbtest2  (cost=35.32..4110.59 rows=1062 width=4)
	        Recheck Cond: ((id >= 6312618) AND (id <= 6313617))
	        ->  Bitmap Index Scan on sbtest2_pkey  (cost=0.00..35.06 rows=1062 width=0)
	              Index Cond: ((id >= 6312618) AND (id <= 6313617))

table 3 : explain SELECT SUM(k) FROM sbtest3 WHERE id BETWEEN 3698772 AND 3699771
	Aggregate  (cost=4361.31..4361.32 rows=1 width=8)
	  ->  Bitmap Heap Scan on sbtest3  (cost=39.98..4358.49 rows=1126 width=4)
	        Recheck Cond: ((id >= 3698772) AND (id <= 3699771))
	        ->  Bitmap Index Scan on sbtest3_pkey  (cost=0.00..39.70 rows=1126 width=0)
	              Index Cond: ((id >= 3698772) AND (id <= 3699771))

table 4 : explain SELECT SUM(k) FROM sbtest4 WHERE id BETWEEN 5461270 AND 5462269
	Aggregate  (cost=3771.37..3771.38 rows=1 width=8)
	  ->  Bitmap Heap Scan on sbtest4  (cost=34.38..3768.94 rows=970 width=4)
	        Recheck Cond: ((id >= 5461270) AND (id <= 5462269))
	        ->  Bitmap Index Scan on sbtest4_pkey  (cost=0.00..34.14 rows=970 width=0)
	              Index Cond: ((id >= 5461270) AND (id <= 5462269))

table 5 : explain SELECT SUM(k) FROM sbtest5 WHERE id BETWEEN 8752492 AND 8753491
	Aggregate  (cost=3752.49..3752.50 rows=1 width=8)
	  ->  Bitmap Heap Scan on sbtest5  (cost=34.35..3750.07 rows=967 width=4)
	        Recheck Cond: ((id >= 8752492) AND (id <= 8753491))
	        ->  Bitmap Index Scan on sbtest5_pkey  (cost=0.00..34.11 rows=967 width=0)
	              Index Cond: ((id >= 8752492) AND (id <= 8753491))

table 6 : explain SELECT SUM(k) FROM sbtest6 WHERE id BETWEEN 6991476 AND 6992475
	Aggregate  (cost=4023.16..4023.17 rows=1 width=8)
	  ->  Bitmap Heap Scan on sbtest6  (cost=35.07..4020.57 rows=1038 width=4)
	        Recheck Cond: ((id >= 6991476) AND (id <= 6992475))
	        ->  Bitmap Index Scan on sbtest6_pkey  (cost=0.00..34.82 rows=1038 width=0)
	              Index Cond: ((id >= 6991476) AND (id <= 6992475))

table 7 : explain SELECT SUM(k) FROM sbtest7 WHERE id BETWEEN 1604632 AND 1605631
	Aggregate  (cost=4014.12..4014.13 rows=1 width=8)
	  ->  Bitmap Heap Scan on sbtest7  (cost=35.03..4011.54 rows=1034 width=4)
	        Recheck Cond: ((id >= 1604632) AND (id <= 1605631))
	        ->  Bitmap Index Scan on sbtest7_pkey  (cost=0.00..34.78 rows=1034 width=0)
	              Index Cond: ((id >= 1604632) AND (id <= 1605631))

table 8 : explain SELECT SUM(k) FROM sbtest8 WHERE id BETWEEN 5582625 AND 5583624
	Aggregate  (cost=4314.40..4314.41 rows=1 width=8)
	  ->  Bitmap Heap Scan on sbtest8  (cost=39.84..4311.62 rows=1113 width=4)
	        Recheck Cond: ((id >= 5582625) AND (id <= 5583624))
	        ->  Bitmap Index Scan on sbtest8_pkey  (cost=0.00..39.57 rows=1113 width=0)
	              Index Cond: ((id >= 5582625) AND (id <= 5583624))

for: distinct_ranges
table 1 : explain SELECT DISTINCT c FROM sbtest1 WHERE id BETWEEN 2018364 AND 2019363 ORDER BY c
	Unique  (cost=3946.89..3951.91 rows=1005 width=121)
	  ->  Sort  (cost=3946.89..3949.40 rows=1005 width=121)
	        Sort Key: c
	        ->  Bitmap Heap Scan on sbtest1  (cost=34.74..3896.77 rows=1005 width=121)
	              Recheck Cond: ((id >= 2018364) AND (id <= 2019363))
	              ->  Bitmap Index Scan on sbtest1_pkey  (cost=0.00..34.48 rows=1005 width=0)
	                    Index Cond: ((id >= 2018364) AND (id <= 2019363))

table 2 : explain SELECT DISTINCT c FROM sbtest2 WHERE id BETWEEN 8599258 AND 8600257 ORDER BY c
	Unique  (cost=3850.20..3855.10 rows=980 width=121)
	  ->  Sort  (cost=3850.20..3852.65 rows=980 width=121)
	        Sort Key: c
	        ->  Bitmap Heap Scan on sbtest2  (cost=34.48..3801.51 rows=980 width=121)
	              Recheck Cond: ((id >= 8599258) AND (id <= 8600257))
	              ->  Bitmap Index Scan on sbtest2_pkey  (cost=0.00..34.23 rows=980 width=0)
	                    Index Cond: ((id >= 8599258) AND (id <= 8600257))

table 3 : explain SELECT DISTINCT c FROM sbtest3 WHERE id BETWEEN 8455492 AND 8456491 ORDER BY c
	Unique  (cost=3902.68..3907.65 rows=993 width=121)
	  ->  Sort  (cost=3902.68..3905.17 rows=993 width=121)
	        Sort Key: c
	        ->  Bitmap Heap Scan on sbtest3  (cost=34.61..3853.25 rows=993 width=121)
	              Recheck Cond: ((id >= 8455492) AND (id <= 8456491))
	              ->  Bitmap Index Scan on sbtest3_pkey  (cost=0.00..34.37 rows=993 width=0)
	                    Index Cond: ((id >= 8455492) AND (id <= 8456491))

table 4 : explain SELECT DISTINCT c FROM sbtest4 WHERE id BETWEEN 679904 AND 680903 ORDER BY c
	Unique  (cost=3751.76..3756.52 rows=953 width=121)
	  ->  Sort  (cost=3751.76..3754.14 rows=953 width=121)
	        Sort Key: c
	        ->  Bitmap Heap Scan on sbtest4  (cost=34.20..3704.60 rows=953 width=121)
	              Recheck Cond: ((id >= 679904) AND (id <= 680903))
	              ->  Bitmap Index Scan on sbtest4_pkey  (cost=0.00..33.97 rows=953 width=0)
	                    Index Cond: ((id >= 679904) AND (id <= 680903))

table 5 : explain SELECT DISTINCT c FROM sbtest5 WHERE id BETWEEN 4522374 AND 4523373 ORDER BY c
	Unique  (cost=3778.87..3783.68 rows=962 width=121)
	  ->  Sort  (cost=3778.87..3781.28 rows=962 width=121)
	        Sort Key: c
	        ->  Bitmap Heap Scan on sbtest5  (cost=34.30..3731.21 rows=962 width=121)
	              Recheck Cond: ((id >= 4522374) AND (id <= 4523373))
	              ->  Bitmap Index Scan on sbtest5_pkey  (cost=0.00..34.06 rows=962 width=0)
	                    Index Cond: ((id >= 4522374) AND (id <= 4523373))

table 6 : explain SELECT DISTINCT c FROM sbtest6 WHERE id BETWEEN 3982146 AND 3983145 ORDER BY c
	Unique  (cost=3953.94..3958.97 rows=1007 width=121)
	  ->  Sort  (cost=3953.94..3956.46 rows=1007 width=121)
	        Sort Key: c
	        ->  Bitmap Heap Scan on sbtest6  (cost=34.76..3903.71 rows=1007 width=121)
	              Recheck Cond: ((id >= 3982146) AND (id <= 3983145))
	              ->  Bitmap Index Scan on sbtest6_pkey  (cost=0.00..34.51 rows=1007 width=0)
	                    Index Cond: ((id >= 3982146) AND (id <= 3983145))

table 7 : explain SELECT DISTINCT c FROM sbtest7 WHERE id BETWEEN 9407149 AND 9408148 ORDER BY c
	Unique  (cost=4036.47..4041.60 rows=1027 width=121)
	  ->  Sort  (cost=4036.47..4039.04 rows=1027 width=121)
	        Sort Key: c
	        ->  Bitmap Heap Scan on sbtest7  (cost=34.96..3985.10 rows=1027 width=121)
	              Recheck Cond: ((id >= 9407149) AND (id <= 9408148))
	              ->  Bitmap Index Scan on sbtest7_pkey  (cost=0.00..34.70 rows=1027 width=0)
	                    Index Cond: ((id >= 9407149) AND (id <= 9408148))

table 8 : explain SELECT DISTINCT c FROM sbtest8 WHERE id BETWEEN 2297591 AND 2298590 ORDER BY c
	Unique  (cost=3885.04..3889.93 rows=979 width=121)
	  ->  Sort  (cost=3885.04..3887.49 rows=979 width=121)
	        Sort Key: c
	        ->  Index Scan using sbtest8_pkey on sbtest8  (cost=0.43..3836.41 rows=979 width=121)
	              Index Cond: ((id >= 2297591) AND (id <= 2298590))

for point_selects
table 1 : explain SELECT c FROM sbtest1 WHERE id=7253772
	Index Scan using sbtest1_pkey on sbtest1  (cost=0.43..8.45 rows=1 width=121)
	  Index Cond: (id = 7253772)

table 2 : explain SELECT c FROM sbtest2 WHERE id=5793496
	Index Scan using sbtest2_pkey on sbtest2  (cost=0.43..8.45 rows=1 width=121)
	  Index Cond: (id = 5793496)

table 3 : explain SELECT c FROM sbtest3 WHERE id=2818036
	Index Scan using sbtest3_pkey on sbtest3  (cost=0.43..8.45 rows=1 width=121)
	  Index Cond: (id = 2818036)

table 4 : explain SELECT c FROM sbtest4 WHERE id=3344897
	Index Scan using sbtest4_pkey on sbtest4  (cost=0.43..8.45 rows=1 width=121)
	  Index Cond: (id = 3344897)

table 5 : explain SELECT c FROM sbtest5 WHERE id=846328
	Index Scan using sbtest5_pkey on sbtest5  (cost=0.43..8.45 rows=1 width=121)
	  Index Cond: (id = 846328)

table 6 : explain SELECT c FROM sbtest6 WHERE id=5028270
	Index Scan using sbtest6_pkey on sbtest6  (cost=0.43..8.45 rows=1 width=121)
	  Index Cond: (id = 5028270)

table 7 : explain SELECT c FROM sbtest7 WHERE id=9389093
	Index Scan using sbtest7_pkey on sbtest7  (cost=0.43..8.45 rows=1 width=121)
	  Index Cond: (id = 9389093)

table 8 : explain SELECT c FROM sbtest8 WHERE id=786987
	Index Scan using sbtest8_pkey on sbtest8  (cost=0.43..8.45 rows=1 width=121)
	  Index Cond: (id = 786987)

for: simple_ranges
table 1 : explain SELECT c FROM sbtest1 WHERE id BETWEEN 41744 AND 42743
	Bitmap Heap Scan on sbtest1  (cost=35.30..4104.08 rows=1060 width=121)
	  Recheck Cond: ((id >= 41744) AND (id <= 42743))
	  ->  Bitmap Index Scan on sbtest1_pkey  (cost=0.00..35.04 rows=1060 width=0)
	        Index Cond: ((id >= 41744) AND (id <= 42743))

table 2 : explain SELECT c FROM sbtest2 WHERE id BETWEEN 2552677 AND 2553676
	Bitmap Heap Scan on sbtest2  (cost=35.27..4091.77 rows=1057 width=121)
	  Recheck Cond: ((id >= 2552677) AND (id <= 2553676))
	  ->  Bitmap Index Scan on sbtest2_pkey  (cost=0.00..35.01 rows=1057 width=0)
	        Index Cond: ((id >= 2552677) AND (id <= 2553676))

table 3 : explain SELECT c FROM sbtest3 WHERE id BETWEEN 8971241 AND 8972240
	Bitmap Heap Scan on sbtest3  (cost=40.26..4460.02 rows=1154 width=121)
	  Recheck Cond: ((id >= 8971241) AND (id <= 8972240))
	  ->  Bitmap Index Scan on sbtest3_pkey  (cost=0.00..39.98 rows=1154 width=0)
	        Index Cond: ((id >= 8971241) AND (id <= 8972240))

table 4 : explain SELECT c FROM sbtest4 WHERE id BETWEEN 9833893 AND 9834892
	Bitmap Heap Scan on sbtest4  (cost=34.49..3810.56 rows=981 width=121)
	  Recheck Cond: ((id >= 9833893) AND (id <= 9834892))
	  ->  Bitmap Index Scan on sbtest4_pkey  (cost=0.00..34.25 rows=981 width=0)
	        Index Cond: ((id >= 9833893) AND (id <= 9834892))

table 5 : explain SELECT c FROM sbtest5 WHERE id BETWEEN 7975640 AND 7976639
	Bitmap Heap Scan on sbtest5  (cost=29.49..3428.71 rows=883 width=121)
	  Recheck Cond: ((id >= 7975640) AND (id <= 7976639))
	  ->  Bitmap Index Scan on sbtest5_pkey  (cost=0.00..29.26 rows=883 width=0)
	        Index Cond: ((id >= 7975640) AND (id <= 7976639))

table 6 : explain SELECT c FROM sbtest6 WHERE id BETWEEN 3883920 AND 3884919
	Bitmap Heap Scan on sbtest6  (cost=34.07..3650.73 rows=940 width=121)
	  Recheck Cond: ((id >= 3883920) AND (id <= 3884919))
	  ->  Bitmap Index Scan on sbtest6_pkey  (cost=0.00..33.84 rows=940 width=0)
	        Index Cond: ((id >= 3883920) AND (id <= 3884919))

table 7 : explain SELECT c FROM sbtest7 WHERE id BETWEEN 2722598 AND 2723597
	Bitmap Heap Scan on sbtest7  (cost=34.76..3909.52 rows=1007 width=121)
	  Recheck Cond: ((id >= 2722598) AND (id <= 2723597))
	  ->  Bitmap Index Scan on sbtest7_pkey  (cost=0.00..34.51 rows=1007 width=0)
	        Index Cond: ((id >= 2722598) AND (id <= 2723597))

table 8 : explain SELECT c FROM sbtest8 WHERE id BETWEEN 4189671 AND 4190670
	Bitmap Heap Scan on sbtest8  (cost=35.47..4172.00 rows=1077 width=121)
	  Recheck Cond: ((id >= 4189671) AND (id <= 4190670))
	  ->  Bitmap Index Scan on sbtest8_pkey  (cost=0.00..35.20 rows=1077 width=0)
	        Index Cond: ((id >= 4189671) AND (id <= 4190670))

for: sum_ranges
table 1 : explain SELECT SUM(k) FROM sbtest1 WHERE id BETWEEN 3050031 AND 3051030
	Aggregate  (cost=3933.26..3933.27 rows=1 width=8)
	  ->  Bitmap Heap Scan on sbtest1  (cost=34.83..3930.72 rows=1014 width=4)
	        Recheck Cond: ((id >= 3050031) AND (id <= 3051030))
	        ->  Bitmap Index Scan on sbtest1_pkey  (cost=0.00..34.58 rows=1014 width=0)
	              Index Cond: ((id >= 3050031) AND (id <= 3051030))

table 2 : explain SELECT SUM(k) FROM sbtest2 WHERE id BETWEEN 7918738 AND 7919737
	Aggregate  (cost=3539.04..3539.05 rows=1 width=8)
	  ->  Bitmap Heap Scan on sbtest2  (cost=29.77..3536.76 rows=911 width=4)
	        Recheck Cond: ((id >= 7918738) AND (id <= 7919737))
	        ->  Bitmap Index Scan on sbtest2_pkey  (cost=0.00..29.54 rows=911 width=0)
	              Index Cond: ((id >= 7918738) AND (id <= 7919737))

table 3 : explain SELECT SUM(k) FROM sbtest3 WHERE id BETWEEN 6220567 AND 6221566
	Aggregate  (cost=4323.67..4323.68 rows=1 width=8)
	  ->  Bitmap Heap Scan on sbtest3  (cost=39.87..4320.88 rows=1116 width=4)
	        Recheck Cond: ((id >= 6220567) AND (id <= 6221566))
	        ->  Bitmap Index Scan on sbtest3_pkey  (cost=0.00..39.59 rows=1116 width=0)
	              Index Cond: ((id >= 6220567) AND (id <= 6221566))

table 4 : explain SELECT SUM(k) FROM sbtest4 WHERE id BETWEEN 1549960 AND 1550959
	Aggregate  (cost=4217.30..4217.31 rows=1 width=8)
	  ->  Bitmap Heap Scan on sbtest4  (cost=35.59..4214.58 rows=1088 width=4)
	        Recheck Cond: ((id >= 1549960) AND (id <= 1550959))
	        ->  Bitmap Index Scan on sbtest4_pkey  (cost=0.00..35.32 rows=1088 width=0)
	              Index Cond: ((id >= 1549960) AND (id <= 1550959))

table 5 : explain SELECT SUM(k) FROM sbtest5 WHERE id BETWEEN 1881779 AND 1882778
	Aggregate  (cost=4129.34..4129.35 rows=1 width=8)
	  ->  Bitmap Heap Scan on sbtest5  (cost=35.37..4126.67 rows=1067 width=4)
	        Recheck Cond: ((id >= 1881779) AND (id <= 1882778))
	        ->  Bitmap Index Scan on sbtest5_pkey  (cost=0.00..35.11 rows=1067 width=0)
	              Index Cond: ((id >= 1881779) AND (id <= 1882778))

table 6 : explain SELECT SUM(k) FROM sbtest6 WHERE id BETWEEN 939135 AND 940134
	Aggregate  (cost=3690.90..3690.91 rows=1 width=8)
	  ->  Bitmap Heap Scan on sbtest6  (cost=34.17..3688.52 rows=950 width=4)
	        Recheck Cond: ((id >= 939135) AND (id <= 940134))
	        ->  Bitmap Index Scan on sbtest6_pkey  (cost=0.00..33.94 rows=950 width=0)
	              Index Cond: ((id >= 939135) AND (id <= 940134))

table 7 : explain SELECT SUM(k) FROM sbtest7 WHERE id BETWEEN 3750343 AND 3751342
	Aggregate  (cost=3972.54..3972.55 rows=1 width=8)
	  ->  Bitmap Heap Scan on sbtest7  (cost=34.92..3969.99 rows=1023 width=4)
	        Recheck Cond: ((id >= 3750343) AND (id <= 3751342))
	        ->  Bitmap Index Scan on sbtest7_pkey  (cost=0.00..34.67 rows=1023 width=0)
	              Index Cond: ((id >= 3750343) AND (id <= 3751342))

table 8 : explain SELECT SUM(k) FROM sbtest8 WHERE id BETWEEN 1918905 AND 1919904
	Aggregate  (cost=3870.05..3870.06 rows=1 width=8)
	  ->  Index Scan using sbtest8_pkey on sbtest8  (cost=0.43..3867.58 rows=987 width=4)
	        Index Cond: ((id >= 1918905) AND (id <= 1919904))

for: order_ranges
table 1 : explain SELECT c FROM sbtest1 WHERE id BETWEEN 6091103 AND 6092102 ORDER BY c
	Sort  (cost=3870.27..3872.73 rows=985 width=121)
	  Sort Key: c
	  ->  Bitmap Heap Scan on sbtest1  (cost=34.53..3821.29 rows=985 width=121)
	        Recheck Cond: ((id >= 6091103) AND (id <= 6092102))
	        ->  Bitmap Index Scan on sbtest1_pkey  (cost=0.00..34.29 rows=985 width=0)
	              Index Cond: ((id >= 6091103) AND (id <= 6092102))

table 2 : explain SELECT c FROM sbtest2 WHERE id BETWEEN 1088576 AND 1089575 ORDER BY c
	Sort  (cost=3727.53..3729.90 rows=948 width=121)
	  Sort Key: c
	  ->  Bitmap Heap Scan on sbtest2  (cost=34.15..3680.66 rows=948 width=121)
	        Recheck Cond: ((id >= 1088576) AND (id <= 1089575))
	        ->  Bitmap Index Scan on sbtest2_pkey  (cost=0.00..33.92 rows=948 width=0)
	              Index Cond: ((id >= 1088576) AND (id <= 1089575))

table 3 : explain SELECT c FROM sbtest3 WHERE id BETWEEN 7545675 AND 7546674 ORDER BY c
	Sort  (cost=4121.02..4123.65 rows=1050 width=121)
	  Sort Key: c
	  ->  Bitmap Heap Scan on sbtest3  (cost=35.20..4068.33 rows=1050 width=121)
	        Recheck Cond: ((id >= 7545675) AND (id <= 7546674))
	        ->  Bitmap Index Scan on sbtest3_pkey  (cost=0.00..34.94 rows=1050 width=0)
	              Index Cond: ((id >= 7545675) AND (id <= 7546674))

table 4 : explain SELECT c FROM sbtest4 WHERE id BETWEEN 6556500 AND 6557499 ORDER BY c
	Sort  (cost=3532.38..3534.63 rows=897 width=121)
	  Sort Key: c
	  ->  Bitmap Heap Scan on sbtest4  (cost=29.63..3488.39 rows=897 width=121)
	        Recheck Cond: ((id >= 6556500) AND (id <= 6557499))
	        ->  Bitmap Index Scan on sbtest4_pkey  (cost=0.00..29.40 rows=897 width=0)
	              Index Cond: ((id >= 6556500) AND (id <= 6557499))

table 5 : explain SELECT c FROM sbtest5 WHERE id BETWEEN 7212811 AND 7213810 ORDER BY c
	Sort  (cost=4375.14..4377.93 rows=1118 width=121)
	  Sort Key: c
	  ->  Bitmap Heap Scan on sbtest5  (cost=39.89..4318.53 rows=1118 width=121)
	        Recheck Cond: ((id >= 7212811) AND (id <= 7213810))
	        ->  Bitmap Index Scan on sbtest5_pkey  (cost=0.00..39.62 rows=1118 width=0)
	              Index Cond: ((id >= 7212811) AND (id <= 7213810))

table 6 : explain SELECT c FROM sbtest6 WHERE id BETWEEN 2611864 AND 2612863 ORDER BY c
	Sort  (cost=3999.87..4002.42 rows=1019 width=121)
	  Sort Key: c
	  ->  Bitmap Heap Scan on sbtest6  (cost=34.88..3948.96 rows=1019 width=121)
	        Recheck Cond: ((id >= 2611864) AND (id <= 2612863))
	        ->  Bitmap Index Scan on sbtest6_pkey  (cost=0.00..34.62 rows=1019 width=0)
	              Index Cond: ((id >= 2611864) AND (id <= 2612863))

table 7 : explain SELECT c FROM sbtest7 WHERE id BETWEEN 7249761 AND 7250760 ORDER BY c
	Sort  (cost=3702.39..3704.74 rows=940 width=121)
	  Sort Key: c
	  ->  Bitmap Heap Scan on sbtest7  (cost=34.07..3655.97 rows=940 width=121)
	        Recheck Cond: ((id >= 7249761) AND (id <= 7250760))
	        ->  Bitmap Index Scan on sbtest7_pkey  (cost=0.00..33.84 rows=940 width=0)
	              Index Cond: ((id >= 7249761) AND (id <= 7250760))

table 8 : explain SELECT c FROM sbtest8 WHERE id BETWEEN 1077533 AND 1078532 ORDER BY c
	Sort  (cost=4168.83..4171.48 rows=1062 width=121)
	  Sort Key: c
	  ->  Bitmap Heap Scan on sbtest8  (cost=35.32..4115.45 rows=1062 width=121)
	        Recheck Cond: ((id >= 1077533) AND (id <= 1078532))
	        ->  Bitmap Index Scan on sbtest8_pkey  (cost=0.00..35.06 rows=1062 width=0)
	              Index Cond: ((id >= 1077533) AND (id <= 1078532))

for: order_ranges
table 1 : explain SELECT c FROM sbtest1 WHERE id BETWEEN 2586788 AND 2587787 ORDER BY c
	Sort  (cost=4034.94..4037.51 rows=1028 width=121)
	  Sort Key: c
	  ->  Bitmap Heap Scan on sbtest1  (cost=34.97..3983.51 rows=1028 width=121)
	        Recheck Cond: ((id >= 2586788) AND (id <= 2587787))
	        ->  Bitmap Index Scan on sbtest1_pkey  (cost=0.00..34.72 rows=1028 width=0)
	              Index Cond: ((id >= 2586788) AND (id <= 2587787))

table 2 : explain SELECT c FROM sbtest2 WHERE id BETWEEN 6716296 AND 6717295 ORDER BY c
	Sort  (cost=4381.80..4384.60 rows=1118 width=121)
	  Sort Key: c
	  ->  Bitmap Heap Scan on sbtest2  (cost=39.89..4325.19 rows=1118 width=121)
	        Recheck Cond: ((id >= 6716296) AND (id <= 6717295))
	        ->  Bitmap Index Scan on sbtest2_pkey  (cost=0.00..39.62 rows=1118 width=0)
	              Index Cond: ((id >= 6716296) AND (id <= 6717295))

table 3 : explain SELECT c FROM sbtest3 WHERE id BETWEEN 8790226 AND 8791225 ORDER BY c
	Sort  (cost=3668.60..3670.93 rows=932 width=121)
	  Sort Key: c
	  ->  Bitmap Heap Scan on sbtest3  (cost=33.99..3622.63 rows=932 width=121)
	        Recheck Cond: ((id >= 8790226) AND (id <= 8791225))
	        ->  Bitmap Index Scan on sbtest3_pkey  (cost=0.00..33.76 rows=932 width=0)
	              Index Cond: ((id >= 8790226) AND (id <= 8791225))

table 4 : explain SELECT c FROM sbtest4 WHERE id BETWEEN 6185249 AND 6186248 ORDER BY c
	Sort  (cost=3863.14..3865.60 rows=982 width=121)
	  Sort Key: c
	  ->  Bitmap Heap Scan on sbtest4  (cost=34.50..3814.34 rows=982 width=121)
	        Recheck Cond: ((id >= 6185249) AND (id <= 6186248))
	        ->  Bitmap Index Scan on sbtest4_pkey  (cost=0.00..34.26 rows=982 width=0)
	              Index Cond: ((id >= 6185249) AND (id <= 6186248))

table 5 : explain SELECT c FROM sbtest5 WHERE id BETWEEN 906874 AND 907873 ORDER BY c
	Sort  (cost=4504.66..4507.54 rows=1152 width=121)
	  Sort Key: c
	  ->  Bitmap Heap Scan on sbtest5  (cost=40.24..4446.08 rows=1152 width=121)
	        Recheck Cond: ((id >= 906874) AND (id <= 907873))
	        ->  Bitmap Index Scan on sbtest5_pkey  (cost=0.00..39.95 rows=1152 width=0)
	              Index Cond: ((id >= 906874) AND (id <= 907873))

table 6 : explain SELECT c FROM sbtest6 WHERE id BETWEEN 4104260 AND 4105259 ORDER BY c
	Sort  (cost=3793.03..3795.44 rows=965 width=121)
	  Sort Key: c
	  ->  Bitmap Heap Scan on sbtest6  (cost=34.33..3745.19 rows=965 width=121)
	        Recheck Cond: ((id >= 4104260) AND (id <= 4105259))
	        ->  Bitmap Index Scan on sbtest6_pkey  (cost=0.00..34.09 rows=965 width=0)
	              Index Cond: ((id >= 4104260) AND (id <= 4105259))

table 7 : explain SELECT c FROM sbtest7 WHERE id BETWEEN 777810 AND 778809 ORDER BY c
	Sort  (cost=4009.62..4012.17 rows=1020 width=121)
	  Sort Key: c
	  ->  Bitmap Heap Scan on sbtest7  (cost=34.89..3958.65 rows=1020 width=121)
	        Recheck Cond: ((id >= 777810) AND (id <= 778809))
	        ->  Bitmap Index Scan on sbtest7_pkey  (cost=0.00..34.64 rows=1020 width=0)
	              Index Cond: ((id >= 777810) AND (id <= 778809))

table 8 : explain SELECT c FROM sbtest8 WHERE id BETWEEN 3457644 AND 3458643 ORDER BY c
	Sort  (cost=3667.55..3669.86 rows=924 width=121)
	  Sort Key: c
	  ->  Index Scan using sbtest8_pkey on sbtest8  (cost=0.43..3622.03 rows=924 width=121)
	        Index Cond: ((id >= 3457644) AND (id <= 3458643))

for: order_ranges
table 1 : explain SELECT c FROM sbtest1 WHERE id BETWEEN 6863621 AND 6864620 ORDER BY c
	Sort  (cost=3470.91..3473.11 rows=882 width=121)
	  Sort Key: c
	  ->  Bitmap Heap Scan on sbtest1  (cost=29.48..3427.76 rows=882 width=121)
	        Recheck Cond: ((id >= 6863621) AND (id <= 6864620))
	        ->  Bitmap Index Scan on sbtest1_pkey  (cost=0.00..29.25 rows=882 width=0)
	              Index Cond: ((id >= 6863621) AND (id <= 6864620))

table 2 : explain SELECT c FROM sbtest2 WHERE id BETWEEN 9333591 AND 9334590 ORDER BY c
	Sort  (cost=3573.86..3576.13 rows=909 width=121)
	  Sort Key: c
	  ->  Bitmap Heap Scan on sbtest2  (cost=29.75..3529.19 rows=909 width=121)
	        Recheck Cond: ((id >= 9333591) AND (id <= 9334590))
	        ->  Bitmap Index Scan on sbtest2_pkey  (cost=0.00..29.52 rows=909 width=0)
	              Index Cond: ((id >= 9333591) AND (id <= 9334590))

table 3 : explain SELECT c FROM sbtest3 WHERE id BETWEEN 8461291 AND 8462290 ORDER BY c
	Sort  (cost=3902.68..3905.17 rows=993 width=121)
	  Sort Key: c
	  ->  Bitmap Heap Scan on sbtest3  (cost=34.61..3853.25 rows=993 width=121)
	        Recheck Cond: ((id >= 8461291) AND (id <= 8462290))
	        ->  Bitmap Index Scan on sbtest3_pkey  (cost=0.00..34.37 rows=993 width=0)
	              Index Cond: ((id >= 8461291) AND (id <= 8462290))

table 4 : explain SELECT c FROM sbtest4 WHERE id BETWEEN 6925755 AND 6926754 ORDER BY c
	Sort  (cost=4028.12..4030.69 rows=1025 width=121)
	  Sort Key: c
	  ->  Bitmap Heap Scan on sbtest4  (cost=34.94..3976.87 rows=1025 width=121)
	        Recheck Cond: ((id >= 6925755) AND (id <= 6926754))
	        ->  Bitmap Index Scan on sbtest4_pkey  (cost=0.00..34.69 rows=1025 width=0)
	              Index Cond: ((id >= 6925755) AND (id <= 6926754))

table 5 : explain SELECT c FROM sbtest5 WHERE id BETWEEN 2779554 AND 2780553 ORDER BY c
	Sort  (cost=4077.23..4079.83 rows=1040 width=121)
	  Sort Key: c
	  ->  Bitmap Heap Scan on sbtest5  (cost=35.09..4025.12 rows=1040 width=121)
	        Recheck Cond: ((id >= 2779554) AND (id <= 2780553))
	        ->  Bitmap Index Scan on sbtest5_pkey  (cost=0.00..34.84 rows=1040 width=0)
	              Index Cond: ((id >= 2779554) AND (id <= 2780553))

table 6 : explain SELECT c FROM sbtest6 WHERE id BETWEEN 9303259 AND 9304258 ORDER BY c
	Sort  (cost=3831.36..3833.80 rows=975 width=121)
	  Sort Key: c
	  ->  Bitmap Heap Scan on sbtest6  (cost=34.43..3782.96 rows=975 width=121)
	        Recheck Cond: ((id >= 9303259) AND (id <= 9304258))
	        ->  Bitmap Index Scan on sbtest6_pkey  (cost=0.00..34.19 rows=975 width=0)
	              Index Cond: ((id >= 9303259) AND (id <= 9304258))

table 7 : explain SELECT c FROM sbtest7 WHERE id BETWEEN 9408494 AND 9409493 ORDER BY c
	Sort  (cost=4036.47..4039.04 rows=1027 width=121)
	  Sort Key: c
	  ->  Bitmap Heap Scan on sbtest7  (cost=34.96..3985.10 rows=1027 width=121)
	        Recheck Cond: ((id >= 9408494) AND (id <= 9409493))
	        ->  Bitmap Index Scan on sbtest7_pkey  (cost=0.00..34.70 rows=1027 width=0)
	              Index Cond: ((id >= 9408494) AND (id <= 9409493))

table 8 : explain SELECT c FROM sbtest8 WHERE id BETWEEN 2501706 AND 2502705 ORDER BY c
	Sort  (cost=4069.25..4071.84 rows=1036 width=121)
	  Sort Key: c
	  ->  Bitmap Heap Scan on sbtest8  (cost=35.05..4017.36 rows=1036 width=121)
	        Recheck Cond: ((id >= 2501706) AND (id <= 2502705))
	        ->  Bitmap Index Scan on sbtest8_pkey  (cost=0.00..34.80 rows=1036 width=0)
	              Index Cond: ((id >= 2501706) AND (id <= 2502705))

for: order_ranges
table 1 : explain SELECT c FROM sbtest1 WHERE id BETWEEN 543424 AND 544423 ORDER BY c
	Sort  (cost=3904.75..3907.24 rows=994 width=121)
	  Sort Key: c
	  ->  Bitmap Heap Scan on sbtest1  (cost=34.62..3855.27 rows=994 width=121)
	        Recheck Cond: ((id >= 543424) AND (id <= 544423))
	        ->  Bitmap Index Scan on sbtest1_pkey  (cost=0.00..34.38 rows=994 width=0)
	              Index Cond: ((id >= 543424) AND (id <= 544423))

table 2 : explain SELECT c FROM sbtest2 WHERE id BETWEEN 6405592 AND 6406591 ORDER BY c
	Sort  (cost=4206.00..4208.68 rows=1073 width=121)
	  Sort Key: c
	  ->  Bitmap Heap Scan on sbtest2  (cost=35.43..4151.99 rows=1073 width=121)
	        Recheck Cond: ((id >= 6405592) AND (id <= 6406591))
	        ->  Bitmap Index Scan on sbtest2_pkey  (cost=0.00..35.17 rows=1073 width=0)
	              Index Cond: ((id >= 6405592) AND (id <= 6406591))

table 3 : explain SELECT c FROM sbtest3 WHERE id BETWEEN 5702467 AND 5703466 ORDER BY c
	Sort  (cost=3806.80..3809.22 rows=968 width=121)
	  Sort Key: c
	  ->  Bitmap Heap Scan on sbtest3  (cost=34.36..3758.79 rows=968 width=121)
	        Recheck Cond: ((id >= 5702467) AND (id <= 5703466))
	        ->  Bitmap Index Scan on sbtest3_pkey  (cost=0.00..34.12 rows=968 width=0)
	              Index Cond: ((id >= 5702467) AND (id <= 5703466))

table 4 : explain SELECT c FROM sbtest4 WHERE id BETWEEN 5116148 AND 5117147 ORDER BY c
	Sort  (cost=3882.34..3884.81 rows=987 width=121)
	  Sort Key: c
	  ->  Bitmap Heap Scan on sbtest4  (cost=34.55..3833.25 rows=987 width=121)
	        Recheck Cond: ((id >= 5116148) AND (id <= 5117147))
	        ->  Bitmap Index Scan on sbtest4_pkey  (cost=0.00..34.31 rows=987 width=0)
	              Index Cond: ((id >= 5116148) AND (id <= 5117147))

table 5 : explain SELECT c FROM sbtest5 WHERE id BETWEEN 4171056 AND 4172055 ORDER BY c
	Sort  (cost=3851.62..3854.07 rows=981 width=121)
	  Sort Key: c
	  ->  Bitmap Heap Scan on sbtest5  (cost=34.49..3802.87 rows=981 width=121)
	        Recheck Cond: ((id >= 4171056) AND (id <= 4172055))
	        ->  Bitmap Index Scan on sbtest5_pkey  (cost=0.00..34.25 rows=981 width=0)
	              Index Cond: ((id >= 4171056) AND (id <= 4172055))

table 6 : explain SELECT c FROM sbtest6 WHERE id BETWEEN 5768437 AND 5769436 ORDER BY c
	Sort  (cost=3973.08..3975.61 rows=1012 width=121)
	  Sort Key: c
	  ->  Bitmap Heap Scan on sbtest6  (cost=34.81..3922.57 rows=1012 width=121)
	        Recheck Cond: ((id >= 5768437) AND (id <= 5769436))
	        ->  Bitmap Index Scan on sbtest6_pkey  (cost=0.00..34.56 rows=1012 width=0)
	              Index Cond: ((id >= 5768437) AND (id <= 5769436))

table 7 : explain SELECT c FROM sbtest7 WHERE id BETWEEN 7297129 AND 7298128 ORDER BY c
	Sort  (cost=3702.39..3704.74 rows=940 width=121)
	  Sort Key: c
	  ->  Bitmap Heap Scan on sbtest7  (cost=34.07..3655.97 rows=940 width=121)
	        Recheck Cond: ((id >= 7297129) AND (id <= 7298128))
	        ->  Bitmap Index Scan on sbtest7_pkey  (cost=0.00..33.84 rows=940 width=0)
	              Index Cond: ((id >= 7297129) AND (id <= 7298128))

table 8 : explain SELECT c FROM sbtest8 WHERE id BETWEEN 9742689 AND 9743688 ORDER BY c
	Sort  (cost=3414.46..3416.61 rows=861 width=121)
	  Sort Key: c
	  ->  Index Scan using sbtest8_pkey on sbtest8  (cost=0.43..3372.49 rows=861 width=121)
	        Index Cond: ((id >= 9742689) AND (id <= 9743688))

for: distinct_ranges
table 1 : explain SELECT DISTINCT c FROM sbtest1 WHERE id BETWEEN 9241101 AND 9242100 ORDER BY c
	Unique  (cost=3590.20..3594.76 rows=912 width=121)
	  ->  Sort  (cost=3590.20..3592.48 rows=912 width=121)
	        Sort Key: c
	        ->  Bitmap Heap Scan on sbtest1  (cost=33.78..3545.36 rows=912 width=121)
	              Recheck Cond: ((id >= 9241101) AND (id <= 9242100))
	              ->  Bitmap Index Scan on sbtest1_pkey  (cost=0.00..33.56 rows=912 width=0)
	                    Index Cond: ((id >= 9241101) AND (id <= 9242100))

table 2 : explain SELECT DISTINCT c FROM sbtest2 WHERE id BETWEEN 4190666 AND 4191665 ORDER BY c
	Unique  (cost=4087.51..4092.72 rows=1042 width=121)
	  ->  Sort  (cost=4087.51..4090.12 rows=1042 width=121)
	        Sort Key: c
	        ->  Bitmap Heap Scan on sbtest2  (cost=35.12..4035.28 rows=1042 width=121)
	              Recheck Cond: ((id >= 4190666) AND (id <= 4191665))
	              ->  Bitmap Index Scan on sbtest2_pkey  (cost=0.00..34.86 rows=1042 width=0)
	                    Index Cond: ((id >= 4190666) AND (id <= 4191665))

table 3 : explain SELECT DISTINCT c FROM sbtest3 WHERE id BETWEEN 4212145 AND 4213144 ORDER BY c
	Unique  (cost=3818.31..3823.16 rows=971 width=121)
	  ->  Sort  (cost=3818.31..3820.74 rows=971 width=121)
	        Sort Key: c
	        ->  Bitmap Heap Scan on sbtest3  (cost=34.39..3770.13 rows=971 width=121)
	              Recheck Cond: ((id >= 4212145) AND (id <= 4213144))
	              ->  Bitmap Index Scan on sbtest3_pkey  (cost=0.00..34.15 rows=971 width=0)
	                    Index Cond: ((id >= 4212145) AND (id <= 4213144))

table 4 : explain SELECT DISTINCT c FROM sbtest4 WHERE id BETWEEN 4527496 AND 4528495 ORDER BY c
	Unique  (cost=4024.29..4029.41 rows=1024 width=121)
	  ->  Sort  (cost=4024.29..4026.85 rows=1024 width=121)
	        Sort Key: c
	        ->  Bitmap Heap Scan on sbtest4  (cost=34.93..3973.09 rows=1024 width=121)
	              Recheck Cond: ((id >= 4527496) AND (id <= 4528495))
	              ->  Bitmap Index Scan on sbtest4_pkey  (cost=0.00..34.68 rows=1024 width=0)
	                    Index Cond: ((id >= 4527496) AND (id <= 4528495))

table 5 : explain SELECT DISTINCT c FROM sbtest5 WHERE id BETWEEN 7445093 AND 7446092 ORDER BY c
	Unique  (cost=3606.40..3610.99 rows=917 width=121)
	  ->  Sort  (cost=3606.40..3608.69 rows=917 width=121)
	        Sort Key: c
	        ->  Bitmap Heap Scan on sbtest5  (cost=33.83..3561.28 rows=917 width=121)
	              Recheck Cond: ((id >= 7445093) AND (id <= 7446092))
	              ->  Bitmap Index Scan on sbtest5_pkey  (cost=0.00..33.61 rows=917 width=0)
	                    Index Cond: ((id >= 7445093) AND (id <= 7446092))

table 6 : explain SELECT DISTINCT c FROM sbtest6 WHERE id BETWEEN 8553432 AND 8554431 ORDER BY c
	Unique  (cost=4080.22..4085.42 rows=1040 width=121)
	  ->  Sort  (cost=4080.22..4082.82 rows=1040 width=121)
	        Sort Key: c
	        ->  Bitmap Heap Scan on sbtest6  (cost=35.09..4028.10 rows=1040 width=121)
	              Recheck Cond: ((id >= 8553432) AND (id <= 8554431))
	              ->  Bitmap Index Scan on sbtest6_pkey  (cost=0.00..34.84 rows=1040 width=0)
	                    Index Cond: ((id >= 8553432) AND (id <= 8554431))

table 7 : explain SELECT DISTINCT c FROM sbtest7 WHERE id BETWEEN 686070 AND 687069 ORDER BY c
	Unique  (cost=4243.40..4248.80 rows=1081 width=121)
	  ->  Sort  (cost=4243.40..4246.10 rows=1081 width=121)
	        Sort Key: c
	        ->  Bitmap Heap Scan on sbtest7  (cost=35.52..4188.92 rows=1081 width=121)
	              Recheck Cond: ((id >= 686070) AND (id <= 687069))
	              ->  Bitmap Index Scan on sbtest7_pkey  (cost=0.00..35.25 rows=1081 width=0)
	                    Index Cond: ((id >= 686070) AND (id <= 687069))

table 8 : explain SELECT DISTINCT c FROM sbtest8 WHERE id BETWEEN 9592321 AND 9593320 ORDER BY c
	Unique  (cost=4103.73..4108.95 rows=1045 width=121)
	  ->  Sort  (cost=4103.73..4106.34 rows=1045 width=121)
	        Sort Key: c
	        ->  Bitmap Heap Scan on sbtest8  (cost=35.15..4051.32 rows=1045 width=121)
	              Recheck Cond: ((id >= 9592321) AND (id <= 9593320))
	              ->  Bitmap Index Scan on sbtest8_pkey  (cost=0.00..34.89 rows=1045 width=0)
	                    Index Cond: ((id >= 9592321) AND (id <= 9593320))

for: distinct_ranges
table 1 : explain SELECT DISTINCT c FROM sbtest1 WHERE id BETWEEN 3424322 AND 3425321 ORDER BY c
	Unique  (cost=3920.08..3925.07 rows=998 width=121)
	  ->  Sort  (cost=3920.08..3922.57 rows=998 width=121)
	        Sort Key: c
	        ->  Bitmap Heap Scan on sbtest1  (cost=34.66..3870.36 rows=998 width=121)
	              Recheck Cond: ((id >= 3424322) AND (id <= 3425321))
	              ->  Bitmap Index Scan on sbtest1_pkey  (cost=0.00..34.42 rows=998 width=0)
	                    Index Cond: ((id >= 3424322) AND (id <= 3425321))

table 2 : explain SELECT DISTINCT c FROM sbtest2 WHERE id BETWEEN 9428206 AND 9429205 ORDER BY c
	Unique  (cost=3965.08..3970.13 rows=1010 width=121)
	  ->  Sort  (cost=3965.08..3967.61 rows=1010 width=121)
	        Sort Key: c
	        ->  Bitmap Heap Scan on sbtest2  (cost=34.79..3914.68 rows=1010 width=121)
	              Recheck Cond: ((id >= 9428206) AND (id <= 9429205))
	              ->  Bitmap Index Scan on sbtest2_pkey  (cost=0.00..34.54 rows=1010 width=0)
	                    Index Cond: ((id >= 9428206) AND (id <= 9429205))

table 3 : explain SELECT DISTINCT c FROM sbtest3 WHERE id BETWEEN 7798696 AND 7799695 ORDER BY c
	Unique  (cost=3495.47..3499.91 rows=888 width=121)
	  ->  Sort  (cost=3495.47..3497.69 rows=888 width=121)
	        Sort Key: c
	        ->  Bitmap Heap Scan on sbtest3  (cost=29.54..3451.98 rows=888 width=121)
	              Recheck Cond: ((id >= 7798696) AND (id <= 7799695))
	              ->  Bitmap Index Scan on sbtest3_pkey  (cost=0.00..29.32 rows=888 width=0)
	                    Index Cond: ((id >= 7798696) AND (id <= 7799695))

table 4 : explain SELECT DISTINCT c FROM sbtest4 WHERE id BETWEEN 9549932 AND 9550931 ORDER BY c
	Unique  (cost=4066.46..4071.63 rows=1035 width=121)
	  ->  Sort  (cost=4066.46..4069.05 rows=1035 width=121)
	        Sort Key: c
	        ->  Bitmap Heap Scan on sbtest4  (cost=35.04..4014.63 rows=1035 width=121)
	              Recheck Cond: ((id >= 9549932) AND (id <= 9550931))
	              ->  Bitmap Index Scan on sbtest4_pkey  (cost=0.00..34.79 rows=1035 width=0)
	                    Index Cond: ((id >= 9549932) AND (id <= 9550931))

table 5 : explain SELECT DISTINCT c FROM sbtest5 WHERE id BETWEEN 5407413 AND 5408412 ORDER BY c
	Unique  (cost=3663.92..3668.58 rows=932 width=121)
	  ->  Sort  (cost=3663.92..3666.25 rows=932 width=121)
	        Sort Key: c
	        ->  Bitmap Heap Scan on sbtest5  (cost=33.99..3617.95 rows=932 width=121)
	              Recheck Cond: ((id >= 5407413) AND (id <= 5408412))
	              ->  Bitmap Index Scan on sbtest5_pkey  (cost=0.00..33.76 rows=932 width=0)
	                    Index Cond: ((id >= 5407413) AND (id <= 5408412))

table 6 : explain SELECT DISTINCT c FROM sbtest6 WHERE id BETWEEN 1731370 AND 1732369 ORDER BY c
	Unique  (cost=4110.81..4116.05 rows=1048 width=121)
	  ->  Sort  (cost=4110.81..4113.43 rows=1048 width=121)
	        Sort Key: c
	        ->  Bitmap Heap Scan on sbtest6  (cost=35.18..4058.24 rows=1048 width=121)
	              Recheck Cond: ((id >= 1731370) AND (id <= 1732369))
	              ->  Bitmap Index Scan on sbtest6_pkey  (cost=0.00..34.92 rows=1048 width=0)
	                    Index Cond: ((id >= 1731370) AND (id <= 1732369))

table 7 : explain SELECT DISTINCT c FROM sbtest7 WHERE id BETWEEN 5493231 AND 5494230 ORDER BY c
	Unique  (cost=4032.63..4037.76 rows=1026 width=121)
	  ->  Sort  (cost=4032.63..4035.20 rows=1026 width=121)
	        Sort Key: c
	        ->  Bitmap Heap Scan on sbtest7  (cost=34.95..3981.32 rows=1026 width=121)
	              Recheck Cond: ((id >= 5493231) AND (id <= 5494230))
	              ->  Bitmap Index Scan on sbtest7_pkey  (cost=0.00..34.70 rows=1026 width=0)
	                    Index Cond: ((id >= 5493231) AND (id <= 5494230))

table 8 : explain SELECT DISTINCT c FROM sbtest8 WHERE id BETWEEN 8219361 AND 8220360 ORDER BY c
	Unique  (cost=4149.68..4154.97 rows=1057 width=121)
	  ->  Sort  (cost=4149.68..4152.33 rows=1057 width=121)
	        Sort Key: c
	        ->  Bitmap Heap Scan on sbtest8  (cost=35.27..4096.59 rows=1057 width=121)
	              Recheck Cond: ((id >= 8219361) AND (id <= 8220360))
	              ->  Bitmap Index Scan on sbtest8_pkey  (cost=0.00..35.01 rows=1057 width=0)
	                    Index Cond: ((id >= 8219361) AND (id <= 8220360))

for: distinct_ranges
table 1 : explain SELECT DISTINCT c FROM sbtest1 WHERE id BETWEEN 6343837 AND 6344836 ORDER BY c
	Unique  (cost=3881.76..3886.70 rows=988 width=121)
	  ->  Sort  (cost=3881.76..3884.23 rows=988 width=121)
	        Sort Key: c
	        ->  Bitmap Heap Scan on sbtest1  (cost=34.56..3832.62 rows=988 width=121)
	              Recheck Cond: ((id >= 6343837) AND (id <= 6344836))
	              ->  Bitmap Index Scan on sbtest1_pkey  (cost=0.00..34.32 rows=988 width=0)
	                    Index Cond: ((id >= 6343837) AND (id <= 6344836))

table 2 : explain SELECT DISTINCT c FROM sbtest2 WHERE id BETWEEN 7613343 AND 7614342 ORDER BY c
	Unique  (cost=4477.23..4482.95 rows=1144 width=121)
	  ->  Sort  (cost=4477.23..4480.09 rows=1144 width=121)
	        Sort Key: c
	        ->  Bitmap Heap Scan on sbtest2  (cost=40.16..4419.11 rows=1144 width=121)
	              Recheck Cond: ((id >= 7613343) AND (id <= 7614342))
	              ->  Bitmap Index Scan on sbtest2_pkey  (cost=0.00..39.88 rows=1144 width=0)
	                    Index Cond: ((id >= 7613343) AND (id <= 7614342))

table 3 : explain SELECT DISTINCT c FROM sbtest3 WHERE id BETWEEN 1183526 AND 1184525 ORDER BY c
	Unique  (cost=3948.68..3953.71 rows=1005 width=121)
	  ->  Sort  (cost=3948.68..3951.19 rows=1005 width=121)
	        Sort Key: c
	        ->  Bitmap Heap Scan on sbtest3  (cost=34.74..3898.57 rows=1005 width=121)
	              Recheck Cond: ((id >= 1183526) AND (id <= 1184525))
	              ->  Bitmap Index Scan on sbtest3_pkey  (cost=0.00..34.48 rows=1005 width=0)
	                    Index Cond: ((id >= 1183526) AND (id <= 1184525))

table 4 : explain SELECT DISTINCT c FROM sbtest4 WHERE id BETWEEN 8547932 AND 8548931 ORDER BY c
	Unique  (cost=3866.98..3871.90 rows=983 width=121)
	  ->  Sort  (cost=3866.98..3869.44 rows=983 width=121)
	        Sort Key: c
	        ->  Bitmap Heap Scan on sbtest4  (cost=34.51..3818.12 rows=983 width=121)
	              Recheck Cond: ((id >= 8547932) AND (id <= 8548931))
	              ->  Bitmap Index Scan on sbtest4_pkey  (cost=0.00..34.27 rows=983 width=0)
	                    Index Cond: ((id >= 8547932) AND (id <= 8548931))

table 5 : explain SELECT DISTINCT c FROM sbtest5 WHERE id BETWEEN 2516735 AND 2517734 ORDER BY c
	Unique  (cost=3790.36..3795.19 rows=965 width=121)
	  ->  Sort  (cost=3790.36..3792.77 rows=965 width=121)
	        Sort Key: c
	        ->  Bitmap Heap Scan on sbtest5  (cost=34.33..3742.52 rows=965 width=121)
	              Recheck Cond: ((id >= 2516735) AND (id <= 2517734))
	              ->  Bitmap Index Scan on sbtest5_pkey  (cost=0.00..34.09 rows=965 width=0)
	                    Index Cond: ((id >= 2516735) AND (id <= 2517734))

table 6 : explain SELECT DISTINCT c FROM sbtest6 WHERE id BETWEEN 4016380 AND 4017379 ORDER BY c
	Unique  (cost=3953.94..3958.97 rows=1007 width=121)
	  ->  Sort  (cost=3953.94..3956.46 rows=1007 width=121)
	        Sort Key: c
	        ->  Bitmap Heap Scan on sbtest6  (cost=34.76..3903.71 rows=1007 width=121)
	              Recheck Cond: ((id >= 4016380) AND (id <= 4017379))
	              ->  Bitmap Index Scan on sbtest6_pkey  (cost=0.00..34.51 rows=1007 width=0)
	                    Index Cond: ((id >= 4016380) AND (id <= 4017379))

table 7 : explain SELECT DISTINCT c FROM sbtest7 WHERE id BETWEEN 7098351 AND 7099350 ORDER BY c
	Unique  (cost=3813.85..3818.69 rows=969 width=121)
	  ->  Sort  (cost=3813.85..3816.27 rows=969 width=121)
	        Sort Key: c
	        ->  Bitmap Heap Scan on sbtest7  (cost=34.37..3765.78 rows=969 width=121)
	              Recheck Cond: ((id >= 7098351) AND (id <= 7099350))
	              ->  Bitmap Index Scan on sbtest7_pkey  (cost=0.00..34.12 rows=969 width=0)
	                    Index Cond: ((id >= 7098351) AND (id <= 7099350))

table 8 : explain SELECT DISTINCT c FROM sbtest8 WHERE id BETWEEN 7715140 AND 7716139 ORDER BY c
	Unique  (cost=3896.90..3901.81 rows=982 width=121)
	  ->  Sort  (cost=3896.90..3899.35 rows=982 width=121)
	        Sort Key: c
	        ->  Index Scan using sbtest8_pkey on sbtest8  (cost=0.43..3848.10 rows=982 width=121)
	              Index Cond: ((id >= 7715140) AND (id <= 7716139))

for: distinct_ranges
table 1 : explain SELECT DISTINCT c FROM sbtest1 WHERE id BETWEEN 6706804 AND 6707803 ORDER BY c
	Unique  (cost=3785.93..3790.75 rows=963 width=121)
	  ->  Sort  (cost=3785.93..3788.34 rows=963 width=121)
	        Sort Key: c
	        ->  Bitmap Heap Scan on sbtest1  (cost=34.31..3738.21 rows=963 width=121)
	              Recheck Cond: ((id >= 6706804) AND (id <= 6707803))
	              ->  Bitmap Index Scan on sbtest1_pkey  (cost=0.00..34.07 rows=963 width=0)
	                    Index Cond: ((id >= 6706804) AND (id <= 6707803))

table 2 : explain SELECT DISTINCT c FROM sbtest2 WHERE id BETWEEN 798642 AND 799641 ORDER BY c
	Unique  (cost=3877.01..3881.95 rows=987 width=121)
	  ->  Sort  (cost=3877.01..3879.48 rows=987 width=121)
	        Sort Key: c
	        ->  Bitmap Heap Scan on sbtest2  (cost=34.55..3827.93 rows=987 width=121)
	              Recheck Cond: ((id >= 798642) AND (id <= 799641))
	              ->  Bitmap Index Scan on sbtest2_pkey  (cost=0.00..34.31 rows=987 width=0)
	                    Index Cond: ((id >= 798642) AND (id <= 799641))

table 3 : explain SELECT DISTINCT c FROM sbtest3 WHERE id BETWEEN 1244852 AND 1245851 ORDER BY c
	Unique  (cost=3787.61..3792.43 rows=963 width=121)
	  ->  Sort  (cost=3787.61..3790.02 rows=963 width=121)
	        Sort Key: c
	        ->  Bitmap Heap Scan on sbtest3  (cost=34.31..3739.89 rows=963 width=121)
	              Recheck Cond: ((id >= 1244852) AND (id <= 1245851))
	              ->  Bitmap Index Scan on sbtest3_pkey  (cost=0.00..34.07 rows=963 width=0)
	                    Index Cond: ((id >= 1244852) AND (id <= 1245851))

table 4 : explain SELECT DISTINCT c FROM sbtest4 WHERE id BETWEEN 379861 AND 380860 ORDER BY c
	Unique  (cost=3951.41..3956.44 rows=1005 width=121)
	  ->  Sort  (cost=3951.41..3953.93 rows=1005 width=121)
	        Sort Key: c
	        ->  Bitmap Heap Scan on sbtest4  (cost=34.74..3901.30 rows=1005 width=121)
	              Recheck Cond: ((id >= 379861) AND (id <= 380860))
	              ->  Bitmap Index Scan on sbtest4_pkey  (cost=0.00..34.48 rows=1005 width=0)
	                    Index Cond: ((id >= 379861) AND (id <= 380860))

table 5 : explain SELECT DISTINCT c FROM sbtest5 WHERE id BETWEEN 8049307 AND 8050306 ORDER BY c
	Unique  (cost=3962.57..3967.62 rows=1010 width=121)
	  ->  Sort  (cost=3962.57..3965.09 rows=1010 width=121)
	        Sort Key: c
	        ->  Bitmap Heap Scan on sbtest5  (cost=34.79..3912.17 rows=1010 width=121)
	              Recheck Cond: ((id >= 8049307) AND (id <= 8050306))
	              ->  Bitmap Index Scan on sbtest5_pkey  (cost=0.00..34.54 rows=1010 width=0)
	                    Index Cond: ((id >= 8049307) AND (id <= 8050306))

table 6 : explain SELECT DISTINCT c FROM sbtest6 WHERE id BETWEEN 4746442 AND 4747441 ORDER BY c
	Unique  (cost=4282.77..4288.23 rows=1093 width=121)
	  ->  Sort  (cost=4282.77..4285.50 rows=1093 width=121)
	        Sort Key: c
	        ->  Bitmap Heap Scan on sbtest6  (cost=35.64..4227.60 rows=1093 width=121)
	              Recheck Cond: ((id >= 4746442) AND (id <= 4747441))
	              ->  Bitmap Index Scan on sbtest6_pkey  (cost=0.00..35.37 rows=1093 width=0)
	                    Index Cond: ((id >= 4746442) AND (id <= 4747441))

table 7 : explain SELECT DISTINCT c FROM sbtest7 WHERE id BETWEEN 2200643 AND 2201642 ORDER BY c
	Unique  (cost=4385.17..4390.75 rows=1117 width=121)
	  ->  Sort  (cost=4385.17..4387.96 rows=1117 width=121)
	        Sort Key: c
	        ->  Bitmap Heap Scan on sbtest7  (cost=39.88..4328.62 rows=1117 width=121)
	              Recheck Cond: ((id >= 2200643) AND (id <= 2201642))
	              ->  Bitmap Index Scan on sbtest7_pkey  (cost=0.00..39.61 rows=1117 width=0)
	                    Index Cond: ((id >= 2200643) AND (id <= 2201642))

table 8 : explain SELECT DISTINCT c FROM sbtest8 WHERE id BETWEEN 6290169 AND 6291168 ORDER BY c
	Unique  (cost=3888.99..3893.89 rows=980 width=121)
	  ->  Sort  (cost=3888.99..3891.44 rows=980 width=121)
	        Sort Key: c
	        ->  Index Scan using sbtest8_pkey on sbtest8  (cost=0.43..3840.30 rows=980 width=121)
	              Index Cond: ((id >= 6290169) AND (id <= 6291168))

Threads started!

Warming up for 5 seconds...

SQL statistics:
    queries performed:
        read:                            91963303
        write:                           0
        other:                           16720624
        total:                           108683927
    transactions:                        8360332 (13270.21 per sec.)
    queries:                             108683927 (172512.08 per sec.)
    ignored errors:                      0      (0.00 per sec.)
    reconnects:                          0      (0.00 per sec.)

Throughput:
    events/s (eps):                      13270.2077
    time elapsed:                        630.0077s
    total number of events:              8360332

Latency (ms):
         min:                                    0.49
         avg:                                    3.01
         max:                                   23.29
         95th percentile:                        3.13
         sum:                             25190696.02

Threads fairness:
    events (avg/stddev):           209008.0500/332.30
    execution time (avg/stddev):   629.7674/0.00

