LUA_PATH=/home/mdcallag/git/mytools/bench/sysbench.lua/lua/?.lua /home/mdcallag/git/mytools/bench/sysbench.lua/lua/sysbench --db-driver=pgsql --range-size=1000 --table-size=10000000 --tables=8 --threads=40 --events=0 --warmup-time=5 --time=630 --pgsql_conn_id=true /home/mdcallag/git/mytools/bench/sysbench.lua/lua/oltp_read_only.lua run --pgsql-user=root --pgsql-password=pw --pgsql-host=127.0.0.1 --pgsql-db=ib --rand-type=uniform --simple-ranges=0 --sum-ranges=1 --order-ranges=0 --distinct-ranges=0
48 CPUs
sysbench 1.1.0-9072687 (using bundled LuaJIT 2.1.0-beta3)

Running the test with following options:
Number of threads: 40
Warmup time: 5s
Initializing random number generator from current time


Initializing worker threads...

explain: for point_selects :: explain SELECT c FROM sbtest%u WHERE id=%u
explain: for point_selects :: explain SELECT c FROM sbtest%u WHERE id=%u
for point_selects
table 1 : explain SELECT c FROM sbtest1 WHERE id=3055189
	Index Scan using sbtest1_pkey on sbtest1  (cost=0.43..8.45 rows=1 width=121)
	  Index Cond: (id = 3055189)

table 2 : explain SELECT c FROM sbtest2 WHERE id=4853328
	Index Scan using sbtest2_pkey on sbtest2  (cost=0.43..8.45 rows=1 width=121)
	  Index Cond: (id = 4853328)

table 3 : explain SELECT c FROM sbtest3 WHERE id=5186973
	Index Scan using sbtest3_pkey on sbtest3  (cost=0.43..8.45 rows=1 width=121)
	  Index Cond: (id = 5186973)

table 4 : explain SELECT c FROM sbtest4 WHERE id=3840009
	Index Scan using sbtest4_pkey on sbtest4  (cost=0.43..8.45 rows=1 width=121)
	  Index Cond: (id = 3840009)

table 5 : explain SELECT c FROM sbtest5 WHERE id=1441796
	Index Scan using sbtest5_pkey on sbtest5  (cost=0.43..8.45 rows=1 width=121)
	  Index Cond: (id = 1441796)

table 6 : explain SELECT c FROM sbtest6 WHERE id=1277308
	Index Scan using sbtest6_pkey on sbtest6  (cost=0.43..8.45 rows=1 width=121)
	  Index Cond: (id = 1277308)

table 7 : explain SELECT c FROM sbtest7 WHERE id=5651893
	Index Scan using sbtest7_pkey on sbtest7  (cost=0.43..8.45 rows=1 width=121)
	  Index Cond: (id = 5651893)

table 8 : explain SELECT c FROM sbtest8 WHERE id=7561444
	Index Scan using sbtest8_pkey on sbtest8  (cost=0.43..8.45 rows=1 width=121)
	  Index Cond: (id = 7561444)

for point_selects
table 1 : explain SELECT c FROM sbtest1 WHERE id=4606522
	Index Scan using sbtest1_pkey on sbtest1  (cost=0.43..8.45 rows=1 width=121)
	  Index Cond: (id = 4606522)

table 2 : explain SELECT c FROM sbtest2 WHERE id=2889117
	Index Scan using sbtest2_pkey on sbtest2  (cost=0.43..8.45 rows=1 width=121)
	  Index Cond: (id = 2889117)

table 3 : explain SELECT c FROM sbtest3 WHERE id=6632186
	Index Scan using sbtest3_pkey on sbtest3  (cost=0.43..8.45 rows=1 width=121)
	  Index Cond: (id = 6632186)

table 4 : explain SELECT c FROM sbtest4 WHERE id=768049
	Index Scan using sbtest4_pkey on sbtest4  (cost=0.43..8.45 rows=1 width=121)
	  Index Cond: (id = 768049)

table 5 : explain SELECT c FROM sbtest5 WHERE id=5194296
	Index Scan using sbtest5_pkey on sbtest5  (cost=0.43..8.45 rows=1 width=121)
	  Index Cond: (id = 5194296)

table 6 : explain SELECT c FROM sbtest6 WHERE id=8707713
	Index Scan using sbtest6_pkey on sbtest6  (cost=0.43..8.45 rows=1 width=121)
	  Index Cond: (id = 8707713)

table 7 : explain SELECT c FROM sbtest7 WHERE id=772481
	Index Scan using sbtest7_pkey on sbtest7  (cost=0.43..8.45 rows=1 width=121)
	  Index Cond: (id = 772481)

table 8 : explain SELECT c FROM sbtest8 WHERE id=9547170
	Index Scan using sbtest8_pkey on sbtest8  (cost=0.43..8.45 rows=1 width=121)
	  Index Cond: (id = 9547170)

for: simple_ranges
table 1 : explain SELECT c FROM sbtest1 WHERE id BETWEEN 107880 AND 108879
	Bitmap Heap Scan on sbtest1  (cost=34.35..3753.32 rows=967 width=121)
	  Recheck Cond: ((id >= 107880) AND (id <= 108879))
	  ->  Bitmap Index Scan on sbtest1_pkey  (cost=0.00..34.11 rows=967 width=0)
	        Index Cond: ((id >= 107880) AND (id <= 108879))

table 2 : explain SELECT c FROM sbtest2 WHERE id BETWEEN 8785131 AND 8786130
	Bitmap Heap Scan on sbtest2  (cost=35.61..4215.94 rows=1090 width=121)
	  Recheck Cond: ((id >= 8785131) AND (id <= 8786130))
	  ->  Bitmap Index Scan on sbtest2_pkey  (cost=0.00..35.34 rows=1090 width=0)
	        Index Cond: ((id >= 8785131) AND (id <= 8786130))

table 3 : explain SELECT c FROM sbtest3 WHERE id BETWEEN 9689228 AND 9690227
	Bitmap Heap Scan on sbtest3  (cost=34.90..3958.96 rows=1021 width=121)
	  Recheck Cond: ((id >= 9689228) AND (id <= 9690227))
	  ->  Bitmap Index Scan on sbtest3_pkey  (cost=0.00..34.65 rows=1021 width=0)
	        Index Cond: ((id >= 9689228) AND (id <= 9690227))

table 4 : explain SELECT c FROM sbtest4 WHERE id BETWEEN 5995134 AND 5996133
	Bitmap Heap Scan on sbtest4  (cost=34.71..3889.96 rows=1002 width=121)
	  Recheck Cond: ((id >= 5995134) AND (id <= 5996133))
	  ->  Bitmap Index Scan on sbtest4_pkey  (cost=0.00..34.45 rows=1002 width=0)
	        Index Cond: ((id >= 5995134) AND (id <= 5996133))

table 5 : explain SELECT c FROM sbtest5 WHERE id BETWEEN 117437 AND 118436
	Bitmap Heap Scan on sbtest5  (cost=34.82..3923.47 rows=1013 width=121)
	  Recheck Cond: ((id >= 117437) AND (id <= 118436))
	  ->  Bitmap Index Scan on sbtest5_pkey  (cost=0.00..34.57 rows=1013 width=0)
	        Index Cond: ((id >= 117437) AND (id <= 118436))

table 6 : explain SELECT c FROM sbtest6 WHERE id BETWEEN 5336033 AND 5337032
	Bitmap Heap Scan on sbtest6  (cost=39.70..4254.17 rows=1099 width=121)
	  Recheck Cond: ((id >= 5336033) AND (id <= 5337032))
	  ->  Bitmap Index Scan on sbtest6_pkey  (cost=0.00..39.43 rows=1099 width=0)
	        Index Cond: ((id >= 5336033) AND (id <= 5337032))

table 7 : explain SELECT c FROM sbtest7 WHERE id BETWEEN 1336308 AND 1337307
	Bitmap Heap Scan on sbtest7  (cost=34.48..3807.41 rows=980 width=121)
	  Recheck Cond: ((id >= 1336308) AND (id <= 1337307))
	  ->  Bitmap Index Scan on sbtest7_pkey  (cost=0.00..34.23 rows=980 width=0)
	        Index Cond: ((id >= 1336308) AND (id <= 1337307))

table 8 : explain SELECT c FROM sbtest8 WHERE id BETWEEN 2384893 AND 2385892
	Index Scan using sbtest8_pkey on sbtest8  (cost=0.43..3579.17 rows=913 width=121)
	  Index Cond: ((id >= 2384893) AND (id <= 2385892))

explain: for point_selects :: explain SELECT c FROM sbtest%u WHERE id=%u
for: simple_ranges
table 1 : explain SELECT c FROM sbtest1 WHERE id BETWEEN 1744686 AND 1745685
	Bitmap Heap Scan on sbtest1  (cost=34.64..3862.81 rows=996 width=121)
	  Recheck Cond: ((id >= 1744686) AND (id <= 1745685))
	  ->  Bitmap Index Scan on sbtest1_pkey  (cost=0.00..34.40 rows=996 width=0)
	        Index Cond: ((id >= 1744686) AND (id <= 1745685))

table 2 : explain SELECT c FROM sbtest2 WHERE id BETWEEN 8609620 AND 8610619
	Bitmap Heap Scan on sbtest2  (cost=34.48..3801.51 rows=980 width=121)
	  Recheck Cond: ((id >= 8609620) AND (id <= 8610619))
	  ->  Bitmap Index Scan on sbtest2_pkey  (cost=0.00..34.23 rows=980 width=0)
	        Index Cond: ((id >= 8609620) AND (id <= 8610619))

table 3 : explain SELECT c FROM sbtest3 WHERE id BETWEEN 5507475 AND 5508474
	Bitmap Heap Scan on sbtest3  (cost=34.92..3966.50 rows=1023 width=121)
	  Recheck Cond: ((id >= 5507475) AND (id <= 5508474))
	  ->  Bitmap Index Scan on sbtest3_pkey  (cost=0.00..34.67 rows=1023 width=0)
	        Index Cond: ((id >= 5507475) AND (id <= 5508474))

table 4 : explain SELECT c FROM sbtest4 WHERE id BETWEEN 7834650 AND 7835649
	Bitmap Heap Scan on sbtest4  (cost=34.01..3632.65 rows=934 width=121)
	  Recheck Cond: ((id >= 7834650) AND (id <= 7835649))
	  ->  Bitmap Index Scan on sbtest4_pkey  (cost=0.00..33.78 rows=934 width=0)
	        Index Cond: ((id >= 7834650) AND (id <= 7835649))

table 5 : explain SELECT c FROM sbtest5 WHERE id BETWEEN 8792421 AND 8793420
	Bitmap Heap Scan on sbtest5  (cost=34.35..3750.07 rows=967 width=121)
	  Recheck Cond: ((id >= 8792421) AND (id <= 8793420))
	  ->  Bitmap Index Scan on sbtest5_pkey  (cost=0.00..34.11 rows=967 width=0)
	        Index Cond: ((id >= 8792421) AND (id <= 8793420))

table 6 : explain SELECT c FROM sbtest6 WHERE id BETWEEN 929855 AND 930854
	Bitmap Heap Scan on sbtest6  (cost=34.17..3688.52 rows=950 width=121)
	  Recheck Cond: ((id >= 929855) AND (id <= 930854))
	  ->  Bitmap Index Scan on sbtest6_pkey  (cost=0.00..33.94 rows=950 width=0)
	        Index Cond: ((id >= 929855) AND (id <= 930854))

table 7 : explain SELECT c FROM sbtest7 WHERE id BETWEEN 8636262 AND 8637261
	Bitmap Heap Scan on sbtest7  (cost=34.48..3807.41 rows=980 width=121)
	  Recheck Cond: ((id >= 8636262) AND (id <= 8637261))
	  ->  Bitmap Index Scan on sbtest7_pkey  (cost=0.00..34.23 rows=980 width=0)
	        Index Cond: ((id >= 8636262) AND (id <= 8637261))

table 8 : explain SELECT c FROM sbtest8 WHERE id BETWEEN 7828306 AND 7829305
	Index Scan using sbtest8_pkey on sbtest8  (cost=0.43..3610.34 rows=921 width=121)
	  Index Cond: ((id >= 7828306) AND (id <= 7829305))

for: sum_ranges
table 1 : explain SELECT SUM(k) FROM sbtest1 WHERE id BETWEEN 5020846 AND 5021845
	Aggregate  (cost=3748.18..3748.19 rows=1 width=8)
	  ->  Bitmap Heap Scan on sbtest1  (cost=34.33..3745.76 rows=965 width=4)
	        Recheck Cond: ((id >= 5020846) AND (id <= 5021845))
	        ->  Bitmap Index Scan on sbtest1_pkey  (cost=0.00..34.09 rows=965 width=0)
	              Index Cond: ((id >= 5020846) AND (id <= 5021845))

table 2 : explain SELECT SUM(k) FROM sbtest2 WHERE id BETWEEN 7019802 AND 7020801
	Aggregate  (cost=4003.96..4003.97 rows=1 width=8)
	  ->  Bitmap Heap Scan on sbtest2  (cost=35.02..4001.38 rows=1033 width=4)
	        Recheck Cond: ((id >= 7019802) AND (id <= 7020801))
	        ->  Bitmap Index Scan on sbtest2_pkey  (cost=0.00..34.77 rows=1033 width=0)
	              Index Cond: ((id >= 7019802) AND (id <= 7020801))

table 3 : explain SELECT SUM(k) FROM sbtest3 WHERE id BETWEEN 7205907 AND 7206906
	Aggregate  (cost=3613.60..3613.61 rows=1 width=8)
	  ->  Bitmap Heap Scan on sbtest3  (cost=33.96..3611.27 rows=929 width=4)
	        Recheck Cond: ((id >= 7205907) AND (id <= 7206906))
	        ->  Bitmap Index Scan on sbtest3_pkey  (cost=0.00..33.73 rows=929 width=0)
	              Index Cond: ((id >= 7205907) AND (id <= 7206906))

table 4 : explain SELECT SUM(k) FROM sbtest4 WHERE id BETWEEN 9190050 AND 9191049
	Aggregate  (cost=3968.09..3968.10 rows=1 width=8)
	  ->  Bitmap Heap Scan on sbtest4  (cost=34.91..3965.53 rows=1022 width=4)
	        Recheck Cond: ((id >= 9190050) AND (id <= 9191049))
	        ->  Bitmap Index Scan on sbtest4_pkey  (cost=0.00..34.66 rows=1022 width=0)
	              Index Cond: ((id >= 9190050) AND (id <= 9191049))

table 5 : explain SELECT SUM(k) FROM sbtest5 WHERE id BETWEEN 9901283 AND 9902282
	Aggregate  (cost=3635.40..3635.41 rows=1 width=8)
	  ->  Bitmap Heap Scan on sbtest5  (cost=34.03..3633.06 rows=936 width=4)
	        Recheck Cond: ((id >= 9901283) AND (id <= 9902282))
	        ->  Bitmap Index Scan on sbtest5_pkey  (cost=0.00..33.80 rows=936 width=0)
	              Index Cond: ((id >= 9901283) AND (id <= 9902282))

table 6 : explain SELECT SUM(k) FROM sbtest6 WHERE id BETWEEN 300079 AND 301078
	Aggregate  (cost=3656.86..3656.87 rows=1 width=8)
	  ->  Bitmap Heap Scan on sbtest6  (cost=34.08..3654.51 rows=941 width=4)
	        Recheck Cond: ((id >= 300079) AND (id <= 301078))
	        ->  Bitmap Index Scan on sbtest6_pkey  (cost=0.00..33.84 rows=941 width=0)
	              Index Cond: ((id >= 300079) AND (id <= 301078))

table 7 : explain SELECT SUM(k) FROM sbtest7 WHERE id BETWEEN 343508 AND 344507
	Aggregate  (cost=3756.84..3756.85 rows=1 width=8)
	  ->  Bitmap Heap Scan on sbtest7  (cost=34.34..3754.43 rows=966 width=4)
	        Recheck Cond: ((id >= 343508) AND (id <= 344507))
	        ->  Bitmap Index Scan on sbtest7_pkey  (cost=0.00..34.09 rows=966 width=0)
	              Index Cond: ((id >= 343508) AND (id <= 344507))

table 8 : explain SELECT SUM(k) FROM sbtest8 WHERE id BETWEEN 2047396 AND 2048395
	Aggregate  (cost=4103.01..4103.02 rows=1 width=8)
	  ->  Bitmap Heap Scan on sbtest8  (cost=35.28..4100.36 rows=1058 width=4)
	        Recheck Cond: ((id >= 2047396) AND (id <= 2048395))
	        ->  Bitmap Index Scan on sbtest8_pkey  (cost=0.00..35.02 rows=1058 width=0)
	              Index Cond: ((id >= 2047396) AND (id <= 2048395))

explain: for point_selects :: explain SELECT c FROM sbtest%u WHERE id=%u
for point_selects
table 1 : explain SELECT c FROM sbtest1 WHERE id=4745680
	Index Scan using sbtest1_pkey on sbtest1  (cost=0.43..8.45 rows=1 width=121)
	  Index Cond: (id = 4745680)

table 2 : explain SELECT c FROM sbtest2 WHERE id=2512549
	Index Scan using sbtest2_pkey on sbtest2  (cost=0.43..8.45 rows=1 width=121)
	  Index Cond: (id = 2512549)

table 3 : explain SELECT c FROM sbtest3 WHERE id=4518953
	Index Scan using sbtest3_pkey on sbtest3  (cost=0.43..8.45 rows=1 width=121)
	  Index Cond: (id = 4518953)

table 4 : explain SELECT c FROM sbtest4 WHERE id=3009632
	Index Scan using sbtest4_pkey on sbtest4  (cost=0.43..8.45 rows=1 width=121)
	  Index Cond: (id = 3009632)

table 5 : explain SELECT c FROM sbtest5 WHERE id=6778449
	Index Scan using sbtest5_pkey on sbtest5  (cost=0.43..8.45 rows=1 width=121)
	  Index Cond: (id = 6778449)

table 6 : explain SELECT c FROM sbtest6 WHERE id=3574599
	Index Scan using sbtest6_pkey on sbtest6  (cost=0.43..8.45 rows=1 width=121)
	  Index Cond: (id = 3574599)

table 7 : explain SELECT c FROM sbtest7 WHERE id=7395905
	Index Scan using sbtest7_pkey on sbtest7  (cost=0.43..8.45 rows=1 width=121)
	  Index Cond: (id = 7395905)

table 8 : explain SELECT c FROM sbtest8 WHERE id=2329225
	Index Scan using sbtest8_pkey on sbtest8  (cost=0.43..8.45 rows=1 width=121)
	  Index Cond: (id = 2329225)

explain: for point_selects :: explain SELECT c FROM sbtest%u WHERE id=%u
for: sum_ranges
table 1 : explain SELECT SUM(k) FROM sbtest1 WHERE id BETWEEN 9851987 AND 9852986
	Aggregate  (cost=3706.59..3706.60 rows=1 width=8)
	  ->  Bitmap Heap Scan on sbtest1  (cost=34.21..3704.20 rows=954 width=4)
	        Recheck Cond: ((id >= 9851987) AND (id <= 9852986))
	        ->  Bitmap Index Scan on sbtest1_pkey  (cost=0.00..33.98 rows=954 width=0)
	              Index Cond: ((id >= 9851987) AND (id <= 9852986))

table 2 : explain SELECT SUM(k) FROM sbtest2 WHERE id BETWEEN 8427956 AND 8428955
	Aggregate  (cost=3879.47..3879.48 rows=1 width=8)
	  ->  Bitmap Heap Scan on sbtest2  (cost=34.69..3876.97 rows=1000 width=4)
	        Recheck Cond: ((id >= 8427956) AND (id <= 8428955))
	        ->  Bitmap Index Scan on sbtest2_pkey  (cost=0.00..34.44 rows=1000 width=0)
	              Index Cond: ((id >= 8427956) AND (id <= 8428955))

table 3 : explain SELECT SUM(k) FROM sbtest3 WHERE id BETWEEN 9184613 AND 9185612
	Aggregate  (cost=4006.81..4006.82 rows=1 width=8)
	  ->  Bitmap Heap Scan on sbtest3  (cost=35.02..4004.23 rows=1033 width=4)
	        Recheck Cond: ((id >= 9184613) AND (id <= 9185612))
	        ->  Bitmap Index Scan on sbtest3_pkey  (cost=0.00..34.77 rows=1033 width=0)
	              Index Cond: ((id >= 9184613) AND (id <= 9185612))

table 4 : explain SELECT SUM(k) FROM sbtest4 WHERE id BETWEEN 7736636 AND 7737635
	Aggregate  (cost=3665.30..3665.31 rows=1 width=8)
	  ->  Bitmap Heap Scan on sbtest4  (cost=34.09..3662.95 rows=942 width=4)
	        Recheck Cond: ((id >= 7736636) AND (id <= 7737635))
	        ->  Bitmap Index Scan on sbtest4_pkey  (cost=0.00..33.86 rows=942 width=0)
	              Index Cond: ((id >= 7736636) AND (id <= 7737635))

table 5 : explain SELECT SUM(k) FROM sbtest5 WHERE id BETWEEN 6494558 AND 6495557
	Aggregate  (cost=4057.84..4057.85 rows=1 width=8)
	  ->  Bitmap Heap Scan on sbtest5  (cost=35.18..4055.22 rows=1048 width=4)
	        Recheck Cond: ((id >= 6494558) AND (id <= 6495557))
	        ->  Bitmap Index Scan on sbtest5_pkey  (cost=0.00..34.92 rows=1048 width=0)
	              Index Cond: ((id >= 6494558) AND (id <= 6495557))

table 6 : explain SELECT SUM(k) FROM sbtest6 WHERE id BETWEEN 5767139 AND 5768138
	Aggregate  (cost=3925.10..3925.11 rows=1 width=8)
	  ->  Bitmap Heap Scan on sbtest6  (cost=34.81..3922.57 rows=1012 width=4)
	        Recheck Cond: ((id >= 5767139) AND (id <= 5768138))
	        ->  Bitmap Index Scan on sbtest6_pkey  (cost=0.00..34.56 rows=1012 width=0)
	              Index Cond: ((id >= 5767139) AND (id <= 5768138))

table 7 : explain SELECT SUM(k) FROM sbtest7 WHERE id BETWEEN 3432696 AND 3433695
	Aggregate  (cost=3715.17..3715.18 rows=1 width=8)
	  ->  Bitmap Heap Scan on sbtest7  (cost=34.22..3712.78 rows=955 width=4)
	        Recheck Cond: ((id >= 3432696) AND (id <= 3433695))
	        ->  Bitmap Index Scan on sbtest7_pkey  (cost=0.00..33.98 rows=955 width=0)
	              Index Cond: ((id >= 3432696) AND (id <= 3433695))

table 8 : explain SELECT SUM(k) FROM sbtest8 WHERE id BETWEEN 8759284 AND 8760283
	Aggregate  (cost=4065.26..4065.27 rows=1 width=8)
	  ->  Bitmap Heap Scan on sbtest8  (cost=35.18..4062.64 rows=1048 width=4)
	        Recheck Cond: ((id >= 8759284) AND (id <= 8760283))
	        ->  Bitmap Index Scan on sbtest8_pkey  (cost=0.00..34.92 rows=1048 width=0)
	              Index Cond: ((id >= 8759284) AND (id <= 8760283))

for: simple_ranges
table 1 : explain SELECT c FROM sbtest1 WHERE id BETWEEN 8937921 AND 8938920
	Bitmap Heap Scan on sbtest1  (cost=34.71..3885.45 rows=1002 width=121)
	  Recheck Cond: ((id >= 8937921) AND (id <= 8938920))
	  ->  Bitmap Index Scan on sbtest1_pkey  (cost=0.00..34.45 rows=1002 width=0)
	        Index Cond: ((id >= 8937921) AND (id <= 8938920))

table 2 : explain SELECT c FROM sbtest2 WHERE id BETWEEN 8012739 AND 8013738
	Bitmap Heap Scan on sbtest2  (cost=35.56..4197.13 rows=1085 width=121)
	  Recheck Cond: ((id >= 8012739) AND (id <= 8013738))
	  ->  Bitmap Index Scan on sbtest2_pkey  (cost=0.00..35.29 rows=1085 width=0)
	        Index Cond: ((id >= 8012739) AND (id <= 8013738))

table 3 : explain SELECT c FROM sbtest3 WHERE id BETWEEN 4865019 AND 4866018
	Bitmap Heap Scan on sbtest3  (cost=34.56..3834.37 rows=988 width=121)
	  Recheck Cond: ((id >= 4865019) AND (id <= 4866018))
	  ->  Bitmap Index Scan on sbtest3_pkey  (cost=0.00..34.32 rows=988 width=0)
	        Index Cond: ((id >= 4865019) AND (id <= 4866018))

table 4 : explain SELECT c FROM sbtest4 WHERE id BETWEEN 2141157 AND 2142156
	Bitmap Heap Scan on sbtest4  (cost=39.77..4286.41 rows=1106 width=121)
	  Recheck Cond: ((id >= 2141157) AND (id <= 2142156))
	  ->  Bitmap Index Scan on sbtest4_pkey  (cost=0.00..39.50 rows=1106 width=0)
	        Index Cond: ((id >= 2141157) AND (id <= 2142156))

table 5 : explain SELECT c FROM sbtest5 WHERE id BETWEEN 591753 AND 592752
	Bitmap Heap Scan on sbtest5  (cost=34.16..3682.14 rows=949 width=121)
	  Recheck Cond: ((id >= 591753) AND (id <= 592752))
	  ->  Bitmap Index Scan on sbtest5_pkey  (cost=0.00..33.93 rows=949 width=0)
	        Index Cond: ((id >= 591753) AND (id <= 592752))

table 6 : explain SELECT c FROM sbtest6 WHERE id BETWEEN 4614774 AND 4615773
	Bitmap Heap Scan on sbtest6  (cost=35.38..4133.54 rows=1068 width=121)
	  Recheck Cond: ((id >= 4614774) AND (id <= 4615773))
	  ->  Bitmap Index Scan on sbtest6_pkey  (cost=0.00..35.12 rows=1068 width=0)
	        Index Cond: ((id >= 4614774) AND (id <= 4615773))

table 7 : explain SELECT c FROM sbtest7 WHERE id BETWEEN 2822851 AND 2823850
	Bitmap Heap Scan on sbtest7  (cost=35.42..4154.98 rows=1072 width=121)
	  Recheck Cond: ((id >= 2822851) AND (id <= 2823850))
	  ->  Bitmap Index Scan on sbtest7_pkey  (cost=0.00..35.16 rows=1072 width=0)
	        Index Cond: ((id >= 2822851) AND (id <= 2823850))

table 8 : explain SELECT c FROM sbtest8 WHERE id BETWEEN 1167803 AND 1168802
	Index Scan using sbtest8_pkey on sbtest8  (cost=0.43..4007.92 rows=1023 width=121)
	  Index Cond: ((id >= 1167803) AND (id <= 1168802))

for: order_ranges
table 1 : explain SELECT c FROM sbtest1 WHERE id BETWEEN 3283921 AND 3284920 ORDER BY c
	Sort  (cost=3774.43..3776.83 rows=960 width=121)
	  Sort Key: c
	  ->  Bitmap Heap Scan on sbtest1  (cost=34.28..3726.87 rows=960 width=121)
	        Recheck Cond: ((id >= 3283921) AND (id <= 3284920))
	        ->  Bitmap Index Scan on sbtest1_pkey  (cost=0.00..34.04 rows=960 width=0)
	              Index Cond: ((id >= 3283921) AND (id <= 3284920))

table 2 : explain SELECT c FROM sbtest2 WHERE id BETWEEN 441580 AND 442579 ORDER BY c
	Sort  (cost=3750.54..3752.92 rows=954 width=121)
	  Sort Key: c
	  ->  Bitmap Heap Scan on sbtest2  (cost=34.21..3703.33 rows=954 width=121)
	        Recheck Cond: ((id >= 441580) AND (id <= 442579))
	        ->  Bitmap Index Scan on sbtest2_pkey  (cost=0.00..33.98 rows=954 width=0)
	              Index Cond: ((id >= 441580) AND (id <= 442579))

table 3 : explain SELECT c FROM sbtest3 WHERE id BETWEEN 6295086 AND 6296085 ORDER BY c
	Sort  (cost=4446.11..4448.95 rows=1134 width=121)
	  Sort Key: c
	  ->  Bitmap Heap Scan on sbtest3  (cost=40.06..4388.58 rows=1134 width=121)
	        Recheck Cond: ((id >= 6295086) AND (id <= 6296085))
	        ->  Bitmap Index Scan on sbtest3_pkey  (cost=0.00..39.78 rows=1134 width=0)
	              Index Cond: ((id >= 6295086) AND (id <= 6296085))

table 4 : explain SELECT c FROM sbtest4 WHERE id BETWEEN 4568034 AND 4569033 ORDER BY c
	Sort  (cost=4024.29..4026.85 rows=1024 width=121)
	  Sort Key: c
	  ->  Bitmap Heap Scan on sbtest4  (cost=34.93..3973.09 rows=1024 width=121)
	        Recheck Cond: ((id >= 4568034) AND (id <= 4569033))
	        ->  Bitmap Index Scan on sbtest4_pkey  (cost=0.00..34.68 rows=1024 width=0)
	              Index Cond: ((id >= 4568034) AND (id <= 4569033))

table 5 : explain SELECT c FROM sbtest5 WHERE id BETWEEN 9635281 AND 9636280 ORDER BY c
	Sort  (cost=3820.99..3823.43 rows=973 width=121)
	  Sort Key: c
	  ->  Bitmap Heap Scan on sbtest5  (cost=34.41..3772.70 rows=973 width=121)
	        Recheck Cond: ((id >= 9635281) AND (id <= 9636280))
	        ->  Bitmap Index Scan on sbtest5_pkey  (cost=0.00..34.17 rows=973 width=0)
	              Index Cond: ((id >= 9635281) AND (id <= 9636280))

table 6 : explain SELECT c FROM sbtest6 WHERE id BETWEEN 9858070 AND 9859069 ORDER BY c
	Sort  (cost=4240.76..4243.46 rows=1082 width=121)
	  Sort Key: c
	  ->  Bitmap Heap Scan on sbtest6  (cost=35.53..4186.22 rows=1082 width=121)
	        Recheck Cond: ((id >= 9858070) AND (id <= 9859069))
	        ->  Bitmap Index Scan on sbtest6_pkey  (cost=0.00..35.26 rows=1082 width=0)
	              Index Cond: ((id >= 9858070) AND (id <= 9859069))

table 7 : explain SELECT c FROM sbtest7 WHERE id BETWEEN 7899266 AND 7900265 ORDER BY c
	Sort  (cost=3955.91..3958.42 rows=1006 width=121)
	  Sort Key: c
	  ->  Bitmap Heap Scan on sbtest7  (cost=34.75..3905.74 rows=1006 width=121)
	        Recheck Cond: ((id >= 7899266) AND (id <= 7900265))
	        ->  Bitmap Index Scan on sbtest7_pkey  (cost=0.00..34.50 rows=1006 width=0)
	              Index Cond: ((id >= 7899266) AND (id <= 7900265))

table 8 : explain SELECT c FROM sbtest8 WHERE id BETWEEN 6357504 AND 6358503 ORDER BY c
	Sort  (cost=4027.10..4029.66 rows=1025 width=121)
	  Sort Key: c
	  ->  Bitmap Heap Scan on sbtest8  (cost=34.94..3975.84 rows=1025 width=121)
	        Recheck Cond: ((id >= 6357504) AND (id <= 6358503))
	        ->  Bitmap Index Scan on sbtest8_pkey  (cost=0.00..34.69 rows=1025 width=0)
	              Index Cond: ((id >= 6357504) AND (id <= 6358503))

for point_selects
table 1 : explain SELECT c FROM sbtest1 WHERE id=6671684
	Index Scan using sbtest1_pkey on sbtest1  (cost=0.43..8.45 rows=1 width=121)
	  Index Cond: (id = 6671684)

table 2 : explain SELECT c FROM sbtest2 WHERE id=5906872
	Index Scan using sbtest2_pkey on sbtest2  (cost=0.43..8.45 rows=1 width=121)
	  Index Cond: (id = 5906872)

table 3 : explain SELECT c FROM sbtest3 WHERE id=3991358
	Index Scan using sbtest3_pkey on sbtest3  (cost=0.43..8.45 rows=1 width=121)
	  Index Cond: (id = 3991358)

table 4 : explain SELECT c FROM sbtest4 WHERE id=6652151
	Index Scan using sbtest4_pkey on sbtest4  (cost=0.43..8.45 rows=1 width=121)
	  Index Cond: (id = 6652151)

table 5 : explain SELECT c FROM sbtest5 WHERE id=6559785
	Index Scan using sbtest5_pkey on sbtest5  (cost=0.43..8.45 rows=1 width=121)
	  Index Cond: (id = 6559785)

table 6 : explain SELECT c FROM sbtest6 WHERE id=3394185
	Index Scan using sbtest6_pkey on sbtest6  (cost=0.43..8.45 rows=1 width=121)
	  Index Cond: (id = 3394185)

table 7 : explain SELECT c FROM sbtest7 WHERE id=8255851
	Index Scan using sbtest7_pkey on sbtest7  (cost=0.43..8.45 rows=1 width=121)
	  Index Cond: (id = 8255851)

table 8 : explain SELECT c FROM sbtest8 WHERE id=9868200
	Index Scan using sbtest8_pkey on sbtest8  (cost=0.43..8.45 rows=1 width=121)
	  Index Cond: (id = 9868200)

explain: for point_selects :: explain SELECT c FROM sbtest%u WHERE id=%u
for: sum_ranges
table 1 : explain SELECT SUM(k) FROM sbtest1 WHERE id BETWEEN 6998311 AND 6999310
	Aggregate  (cost=3778.41..3778.42 rows=1 width=8)
	  ->  Bitmap Heap Scan on sbtest1  (cost=34.41..3775.98 rows=973 width=4)
	        Recheck Cond: ((id >= 6998311) AND (id <= 6999310))
	        ->  Bitmap Index Scan on sbtest1_pkey  (cost=0.00..34.17 rows=973 width=0)
	              Index Cond: ((id >= 6998311) AND (id <= 6999310))

table 2 : explain SELECT SUM(k) FROM sbtest2 WHERE id BETWEEN 4440039 AND 4441038
	Aggregate  (cost=3947.39..3947.40 rows=1 width=8)
	  ->  Bitmap Heap Scan on sbtest2  (cost=34.87..3944.84 rows=1018 width=4)
	        Recheck Cond: ((id >= 4440039) AND (id <= 4441038))
	        ->  Bitmap Index Scan on sbtest2_pkey  (cost=0.00..34.62 rows=1018 width=0)
	              Index Cond: ((id >= 4440039) AND (id <= 4441038))

table 3 : explain SELECT SUM(k) FROM sbtest3 WHERE id BETWEEN 6124738 AND 6125737
	Aggregate  (cost=3874.63..3874.64 rows=1 width=8)
	  ->  Bitmap Heap Scan on sbtest3  (cost=34.66..3872.14 rows=998 width=4)
	        Recheck Cond: ((id >= 6124738) AND (id <= 6125737))
	        ->  Bitmap Index Scan on sbtest3_pkey  (cost=0.00..34.42 rows=998 width=0)
	              Index Cond: ((id >= 6124738) AND (id <= 6125737))

table 4 : explain SELECT SUM(k) FROM sbtest4 WHERE id BETWEEN 3839914 AND 3840913
	Aggregate  (cost=4058.77..4058.78 rows=1 width=8)
	  ->  Bitmap Heap Scan on sbtest4  (cost=35.16..4056.16 rows=1046 width=4)
	        Recheck Cond: ((id >= 3839914) AND (id <= 3840913))
	        ->  Bitmap Index Scan on sbtest4_pkey  (cost=0.00..34.90 rows=1046 width=0)
	              Index Cond: ((id >= 3839914) AND (id <= 3840913))

table 5 : explain SELECT SUM(k) FROM sbtest5 WHERE id BETWEEN 7614068 AND 7615067
	Aggregate  (cost=3978.75..3978.76 rows=1 width=8)
	  ->  Bitmap Heap Scan on sbtest5  (cost=34.96..3976.19 rows=1027 width=4)
	        Recheck Cond: ((id >= 7614068) AND (id <= 7615067))
	        ->  Bitmap Index Scan on sbtest5_pkey  (cost=0.00..34.70 rows=1027 width=0)
	              Index Cond: ((id >= 7614068) AND (id <= 7615067))

table 6 : explain SELECT SUM(k) FROM sbtest6 WHERE id BETWEEN 6273658 AND 6274657
	Aggregate  (cost=3758.94..3758.95 rows=1 width=8)
	  ->  Bitmap Heap Scan on sbtest6  (cost=34.36..3756.52 rows=968 width=4)
	        Recheck Cond: ((id >= 6273658) AND (id <= 6274657))
	        ->  Bitmap Index Scan on sbtest6_pkey  (cost=0.00..34.12 rows=968 width=0)
	              Index Cond: ((id >= 6273658) AND (id <= 6274657))

table 7 : explain SELECT SUM(k) FROM sbtest7 WHERE id BETWEEN 2338765 AND 2339764
	Aggregate  (cost=4006.57..4006.58 rows=1 width=8)
	  ->  Bitmap Heap Scan on sbtest7  (cost=35.01..4003.99 rows=1032 width=4)
	        Recheck Cond: ((id >= 2338765) AND (id <= 2339764))
	        ->  Bitmap Index Scan on sbtest7_pkey  (cost=0.00..34.76 rows=1032 width=0)
	              Index Cond: ((id >= 2338765) AND (id <= 2339764))

table 8 : explain SELECT SUM(k) FROM sbtest8 WHERE id BETWEEN 1680437 AND 1681436
	Aggregate  (cost=3725.75..3725.76 rows=1 width=8)
	  ->  Index Scan using sbtest8_pkey on sbtest8  (cost=0.43..3723.38 rows=950 width=4)
	        Index Cond: ((id >= 1680437) AND (id <= 1681436))

for: distinct_ranges
table 1 : explain SELECT DISTINCT c FROM sbtest1 WHERE id BETWEEN 2095641 AND 2096640 ORDER BY c
	Unique  (cost=3946.89..3951.91 rows=1005 width=121)
	  ->  Sort  (cost=3946.89..3949.40 rows=1005 width=121)
	        Sort Key: c
	        ->  Bitmap Heap Scan on sbtest1  (cost=34.74..3896.77 rows=1005 width=121)
	              Recheck Cond: ((id >= 2095641) AND (id <= 2096640))
	              ->  Bitmap Index Scan on sbtest1_pkey  (cost=0.00..34.48 rows=1005 width=0)
	                    Index Cond: ((id >= 2095641) AND (id <= 2096640))

table 2 : explain SELECT DISTINCT c FROM sbtest2 WHERE id BETWEEN 2926932 AND 2927931 ORDER BY c
	Unique  (cost=3942.11..3947.13 rows=1004 width=121)
	  ->  Sort  (cost=3942.11..3944.62 rows=1004 width=121)
	        Sort Key: c
	        ->  Bitmap Heap Scan on sbtest2  (cost=34.73..3892.06 rows=1004 width=121)
	              Recheck Cond: ((id >= 2926932) AND (id <= 2927931))
	              ->  Bitmap Index Scan on sbtest2_pkey  (cost=0.00..34.48 rows=1004 width=0)
	                    Index Cond: ((id >= 2926932) AND (id <= 2927931))

table 3 : explain SELECT DISTINCT c FROM sbtest3 WHERE id BETWEEN 189980 AND 190979 ORDER BY c
	Unique  (cost=3741.56..3746.31 rows=951 width=121)
	  ->  Sort  (cost=3741.56..3743.93 rows=951 width=121)
	        Sort Key: c
	        ->  Bitmap Heap Scan on sbtest3  (cost=34.18..3694.51 rows=951 width=121)
	              Recheck Cond: ((id >= 189980) AND (id <= 190979))
	              ->  Bitmap Index Scan on sbtest3_pkey  (cost=0.00..33.95 rows=951 width=0)
	                    Index Cond: ((id >= 189980) AND (id <= 190979))

table 4 : explain SELECT DISTINCT c FROM sbtest4 WHERE id BETWEEN 7234773 AND 7235772 ORDER BY c
	Unique  (cost=3705.64..3710.34 rows=941 width=121)
	  ->  Sort  (cost=3705.64..3707.99 rows=941 width=121)
	        Sort Key: c
	        ->  Bitmap Heap Scan on sbtest4  (cost=34.08..3659.16 rows=941 width=121)
	              Recheck Cond: ((id >= 7234773) AND (id <= 7235772))
	              ->  Bitmap Index Scan on sbtest4_pkey  (cost=0.00..33.84 rows=941 width=0)
	                    Index Cond: ((id >= 7234773) AND (id <= 7235772))

table 5 : explain SELECT DISTINCT c FROM sbtest5 WHERE id BETWEEN 604161 AND 605160 ORDER BY c
	Unique  (cost=3863.10..3868.02 rows=984 width=121)
	  ->  Sort  (cost=3863.10..3865.56 rows=984 width=121)
	        Sort Key: c
	        ->  Bitmap Heap Scan on sbtest5  (cost=34.52..3814.18 rows=984 width=121)
	              Recheck Cond: ((id >= 604161) AND (id <= 605160))
	              ->  Bitmap Index Scan on sbtest5_pkey  (cost=0.00..34.28 rows=984 width=0)
	                    Index Cond: ((id >= 604161) AND (id <= 605160))

table 6 : explain SELECT DISTINCT c FROM sbtest6 WHERE id BETWEEN 9915039 AND 9916038 ORDER BY c
	Unique  (cost=4202.55..4207.91 rows=1072 width=121)
	  ->  Sort  (cost=4202.55..4205.23 rows=1072 width=121)
	        Sort Key: c
	        ->  Bitmap Heap Scan on sbtest6  (cost=35.42..4148.60 rows=1072 width=121)
	              Recheck Cond: ((id >= 9915039) AND (id <= 9916038))
	              ->  Bitmap Index Scan on sbtest6_pkey  (cost=0.00..35.16 rows=1072 width=0)
	                    Index Cond: ((id >= 9915039) AND (id <= 9916038))

table 7 : explain SELECT DISTINCT c FROM sbtest7 WHERE id BETWEEN 5772701 AND 5773700 ORDER BY c
	Unique  (cost=3529.09..3533.57 rows=896 width=121)
	  ->  Sort  (cost=3529.09..3531.33 rows=896 width=121)
	        Sort Key: c
	        ->  Bitmap Heap Scan on sbtest7  (cost=29.62..3485.15 rows=896 width=121)
	              Recheck Cond: ((id >= 5772701) AND (id <= 5773700))
	              ->  Bitmap Index Scan on sbtest7_pkey  (cost=0.00..29.39 rows=896 width=0)
	                    Index Cond: ((id >= 5772701) AND (id <= 5773700))

table 8 : explain SELECT DISTINCT c FROM sbtest8 WHERE id BETWEEN 1113542 AND 1114541 ORDER BY c
	Unique  (cost=4168.83..4174.14 rows=1062 width=121)
	  ->  Sort  (cost=4168.83..4171.48 rows=1062 width=121)
	        Sort Key: c
	        ->  Bitmap Heap Scan on sbtest8  (cost=35.32..4115.45 rows=1062 width=121)
	              Recheck Cond: ((id >= 1113542) AND (id <= 1114541))
	              ->  Bitmap Index Scan on sbtest8_pkey  (cost=0.00..35.06 rows=1062 width=0)
	                    Index Cond: ((id >= 1113542) AND (id <= 1114541))

for: simple_ranges
table 1 : explain SELECT c FROM sbtest1 WHERE id BETWEEN 7391609 AND 7392608
	Bitmap Heap Scan on sbtest1  (cost=40.34..4484.09 rows=1161 width=121)
	  Recheck Cond: ((id >= 7391609) AND (id <= 7392608))
	  ->  Bitmap Index Scan on sbtest1_pkey  (cost=0.00..40.05 rows=1161 width=0)
	        Index Cond: ((id >= 7391609) AND (id <= 7392608))

table 2 : explain SELECT c FROM sbtest2 WHERE id BETWEEN 191592 AND 192591
	Bitmap Heap Scan on sbtest2  (cost=34.36..3756.20 rows=968 width=121)
	  Recheck Cond: ((id >= 191592) AND (id <= 192591))
	  ->  Bitmap Index Scan on sbtest2_pkey  (cost=0.00..34.12 rows=968 width=0)
	        Index Cond: ((id >= 191592) AND (id <= 192591))

table 3 : explain SELECT c FROM sbtest3 WHERE id BETWEEN 1270223 AND 1271222
	Bitmap Heap Scan on sbtest3  (cost=34.31..3739.89 rows=963 width=121)
	  Recheck Cond: ((id >= 1270223) AND (id <= 1271222))
	  ->  Bitmap Index Scan on sbtest3_pkey  (cost=0.00..34.07 rows=963 width=0)
	        Index Cond: ((id >= 1270223) AND (id <= 1271222))

table 4 : explain SELECT c FROM sbtest4 WHERE id BETWEEN 4297120 AND 4298119
	Bitmap Heap Scan on sbtest4  (cost=34.41..3780.29 rows=973 width=121)
	  Recheck Cond: ((id >= 4297120) AND (id <= 4298119))
	  ->  Bitmap Index Scan on sbtest4_pkey  (cost=0.00..34.17 rows=973 width=0)
	        Index Cond: ((id >= 4297120) AND (id <= 4298119))

table 5 : explain SELECT c FROM sbtest5 WHERE id BETWEEN 7155684 AND 7156683
	Bitmap Heap Scan on sbtest5  (cost=39.81..4288.50 rows=1110 width=121)
	  Recheck Cond: ((id >= 7155684) AND (id <= 7156683))
	  ->  Bitmap Index Scan on sbtest5_pkey  (cost=0.00..39.54 rows=1110 width=0)
	        Index Cond: ((id >= 7155684) AND (id <= 7156683))

table 6 : explain SELECT c FROM sbtest6 WHERE id BETWEEN 3273814 AND 3274813
	Bitmap Heap Scan on sbtest6  (cost=34.07..3650.73 rows=940 width=121)
	  Recheck Cond: ((id >= 3273814) AND (id <= 3274813))
	  ->  Bitmap Index Scan on sbtest6_pkey  (cost=0.00..33.84 rows=940 width=0)
	        Index Cond: ((id >= 3273814) AND (id <= 3274813))

table 7 : explain SELECT c FROM sbtest7 WHERE id BETWEEN 5648992 AND 5649991
	Bitmap Heap Scan on sbtest7  (cost=34.19..3701.42 rows=952 width=121)
	  Recheck Cond: ((id >= 5648992) AND (id <= 5649991))
	  ->  Bitmap Index Scan on sbtest7_pkey  (cost=0.00..33.95 rows=952 width=0)
	        Index Cond: ((id >= 5648992) AND (id <= 5649991))

table 8 : explain SELECT c FROM sbtest8 WHERE id BETWEEN 1999927 AND 2000926
	Index Scan using sbtest8_pkey on sbtest8  (cost=0.43..3645.41 rows=930 width=121)
	  Index Cond: ((id >= 1999927) AND (id <= 2000926))

explain: for point_selects :: explain SELECT c FROM sbtest%u WHERE id=%u
explain: for point_selects :: explain SELECT c FROM sbtest%u WHERE id=%u
for point_selects
table 1 : explain SELECT c FROM sbtest1 WHERE id=2261993
	Index Scan using sbtest1_pkey on sbtest1  (cost=0.43..8.45 rows=1 width=121)
	  Index Cond: (id = 2261993)

table 2 : explain SELECT c FROM sbtest2 WHERE id=5082936
	Index Scan using sbtest2_pkey on sbtest2  (cost=0.43..8.45 rows=1 width=121)
	  Index Cond: (id = 5082936)

table 3 : explain SELECT c FROM sbtest3 WHERE id=7200254
	Index Scan using sbtest3_pkey on sbtest3  (cost=0.43..8.45 rows=1 width=121)
	  Index Cond: (id = 7200254)

table 4 : explain SELECT c FROM sbtest4 WHERE id=8769559
	Index Scan using sbtest4_pkey on sbtest4  (cost=0.43..8.45 rows=1 width=121)
	  Index Cond: (id = 8769559)

table 5 : explain SELECT c FROM sbtest5 WHERE id=5541142
	Index Scan using sbtest5_pkey on sbtest5  (cost=0.43..8.45 rows=1 width=121)
	  Index Cond: (id = 5541142)

table 6 : explain SELECT c FROM sbtest6 WHERE id=5705272
	Index Scan using sbtest6_pkey on sbtest6  (cost=0.43..8.45 rows=1 width=121)
	  Index Cond: (id = 5705272)

table 7 : explain SELECT c FROM sbtest7 WHERE id=6085432
	Index Scan using sbtest7_pkey on sbtest7  (cost=0.43..8.45 rows=1 width=121)
	  Index Cond: (id = 6085432)

table 8 : explain SELECT c FROM sbtest8 WHERE id=1527656
	Index Scan using sbtest8_pkey on sbtest8  (cost=0.43..8.45 rows=1 width=121)
	  Index Cond: (id = 1527656)

for: simple_ranges
table 1 : explain SELECT c FROM sbtest1 WHERE id BETWEEN 3545183 AND 3546182
	Bitmap Heap Scan on sbtest1  (cost=39.80..4292.47 rows=1109 width=121)
	  Recheck Cond: ((id >= 3545183) AND (id <= 3546182))
	  ->  Bitmap Index Scan on sbtest1_pkey  (cost=0.00..39.53 rows=1109 width=0)
	        Index Cond: ((id >= 3545183) AND (id <= 3546182))

table 2 : explain SELECT c FROM sbtest2 WHERE id BETWEEN 862101 AND 863100
	Bitmap Heap Scan on sbtest2  (cost=34.61..3850.56 rows=993 width=121)
	  Recheck Cond: ((id >= 862101) AND (id <= 863100))
	  ->  Bitmap Index Scan on sbtest2_pkey  (cost=0.00..34.37 rows=993 width=0)
	        Index Cond: ((id >= 862101) AND (id <= 863100))

table 3 : explain SELECT c FROM sbtest3 WHERE id BETWEEN 5132874 AND 5133873
	Bitmap Heap Scan on sbtest3  (cost=34.59..3845.70 rows=991 width=121)
	  Recheck Cond: ((id >= 5132874) AND (id <= 5133873))
	  ->  Bitmap Index Scan on sbtest3_pkey  (cost=0.00..34.34 rows=991 width=0)
	        Index Cond: ((id >= 5132874) AND (id <= 5133873))

table 4 : explain SELECT c FROM sbtest4 WHERE id BETWEEN 6197444 AND 6198443
	Bitmap Heap Scan on sbtest4  (cost=34.03..3640.22 rows=936 width=121)
	  Recheck Cond: ((id >= 6197444) AND (id <= 6198443))
	  ->  Bitmap Index Scan on sbtest4_pkey  (cost=0.00..33.80 rows=936 width=0)
	        Index Cond: ((id >= 6197444) AND (id <= 6198443))

table 5 : explain SELECT c FROM sbtest5 WHERE id BETWEEN 7245929 AND 7246928
	Bitmap Heap Scan on sbtest5  (cost=39.89..4318.53 rows=1118 width=121)
	  Recheck Cond: ((id >= 7245929) AND (id <= 7246928))
	  ->  Bitmap Index Scan on sbtest5_pkey  (cost=0.00..39.62 rows=1118 width=0)
	        Index Cond: ((id >= 7245929) AND (id <= 7246928))

table 6 : explain SELECT c FROM sbtest6 WHERE id BETWEEN 4422941 AND 4423940
	Bitmap Heap Scan on sbtest6  (cost=35.47..4167.41 rows=1077 width=121)
	  Recheck Cond: ((id >= 4422941) AND (id <= 4423940))
	  ->  Bitmap Index Scan on sbtest6_pkey  (cost=0.00..35.20 rows=1077 width=0)
	        Index Cond: ((id >= 4422941) AND (id <= 4423940))

table 7 : explain SELECT c FROM sbtest7 WHERE id BETWEEN 217424 AND 218423
	Bitmap Heap Scan on sbtest7  (cost=35.19..4068.18 rows=1049 width=121)
	  Recheck Cond: ((id >= 217424) AND (id <= 218423))
	  ->  Bitmap Index Scan on sbtest7_pkey  (cost=0.00..34.93 rows=1049 width=0)
	        Index Cond: ((id >= 217424) AND (id <= 218423))

table 8 : explain SELECT c FROM sbtest8 WHERE id BETWEEN 9335669 AND 9336668
	Bitmap Heap Scan on sbtest8  (cost=35.02..4006.04 rows=1033 width=121)
	  Recheck Cond: ((id >= 9335669) AND (id <= 9336668))
	  ->  Bitmap Index Scan on sbtest8_pkey  (cost=0.00..34.77 rows=1033 width=0)
	        Index Cond: ((id >= 9335669) AND (id <= 9336668))

for point_selects
table 1 : explain SELECT c FROM sbtest1 WHERE id=9323964
	Index Scan using sbtest1_pkey on sbtest1  (cost=0.43..8.45 rows=1 width=121)
	  Index Cond: (id = 9323964)

table 2 : explain SELECT c FROM sbtest2 WHERE id=3376336
	Index Scan using sbtest2_pkey on sbtest2  (cost=0.43..8.45 rows=1 width=121)
	  Index Cond: (id = 3376336)

table 3 : explain SELECT c FROM sbtest3 WHERE id=7982041
	Index Scan using sbtest3_pkey on sbtest3  (cost=0.43..8.45 rows=1 width=121)
	  Index Cond: (id = 7982041)

table 4 : explain SELECT c FROM sbtest4 WHERE id=9925322
	Index Scan using sbtest4_pkey on sbtest4  (cost=0.43..8.45 rows=1 width=121)
	  Index Cond: (id = 9925322)

table 5 : explain SELECT c FROM sbtest5 WHERE id=7442955
	Index Scan using sbtest5_pkey on sbtest5  (cost=0.43..8.45 rows=1 width=121)
	  Index Cond: (id = 7442955)

table 6 : explain SELECT c FROM sbtest6 WHERE id=9532639
	Index Scan using sbtest6_pkey on sbtest6  (cost=0.43..8.45 rows=1 width=121)
	  Index Cond: (id = 9532639)

table 7 : explain SELECT c FROM sbtest7 WHERE id=5366408
	Index Scan using sbtest7_pkey on sbtest7  (cost=0.43..8.45 rows=1 width=121)
	  Index Cond: (id = 5366408)

table 8 : explain SELECT c FROM sbtest8 WHERE id=8160611
	Index Scan using sbtest8_pkey on sbtest8  (cost=0.43..8.45 rows=1 width=121)
	  Index Cond: (id = 8160611)

for point_selects
table 1 : explain SELECT c FROM sbtest1 WHERE id=9961889
	Index Scan using sbtest1_pkey on sbtest1  (cost=0.43..8.45 rows=1 width=121)
	  Index Cond: (id = 9961889)

table 2 : explain SELECT c FROM sbtest2 WHERE id=5717279
	Index Scan using sbtest2_pkey on sbtest2  (cost=0.43..8.45 rows=1 width=121)
	  Index Cond: (id = 5717279)

table 3 : explain SELECT c FROM sbtest3 WHERE id=5883269
	Index Scan using sbtest3_pkey on sbtest3  (cost=0.43..8.45 rows=1 width=121)
	  Index Cond: (id = 5883269)

table 4 : explain SELECT c FROM sbtest4 WHERE id=1680622
	Index Scan using sbtest4_pkey on sbtest4  (cost=0.43..8.45 rows=1 width=121)
	  Index Cond: (id = 1680622)

table 5 : explain SELECT c FROM sbtest5 WHERE id=7743676
	Index Scan using sbtest5_pkey on sbtest5  (cost=0.43..8.45 rows=1 width=121)
	  Index Cond: (id = 7743676)

table 6 : explain SELECT c FROM sbtest6 WHERE id=1873570
	Index Scan using sbtest6_pkey on sbtest6  (cost=0.43..8.45 rows=1 width=121)
	  Index Cond: (id = 1873570)

table 7 : explain SELECT c FROM sbtest7 WHERE id=6475596
	Index Scan using sbtest7_pkey on sbtest7  (cost=0.43..8.45 rows=1 width=121)
	  Index Cond: (id = 6475596)

table 8 : explain SELECT c FROM sbtest8 WHERE id=8722012
	Index Scan using sbtest8_pkey on sbtest8  (cost=0.43..8.45 rows=1 width=121)
	  Index Cond: (id = 8722012)

for: sum_ranges
table 1 : explain SELECT SUM(k) FROM sbtest1 WHERE id BETWEEN 1633971 AND 1634970
	Aggregate  (cost=4057.73..4057.74 rows=1 width=8)
	  ->  Bitmap Heap Scan on sbtest1  (cost=35.17..4055.12 rows=1047 width=4)
	        Recheck Cond: ((id >= 1633971) AND (id <= 1634970))
	        ->  Bitmap Index Scan on sbtest1_pkey  (cost=0.00..34.91 rows=1047 width=0)
	              Index Cond: ((id >= 1633971) AND (id <= 1634970))

table 2 : explain SELECT SUM(k) FROM sbtest2 WHERE id BETWEEN 1356098 AND 1357097
	Aggregate  (cost=3887.02..3887.03 rows=1 width=8)
	  ->  Bitmap Heap Scan on sbtest2  (cost=34.71..3884.51 rows=1002 width=4)
	        Recheck Cond: ((id >= 1356098) AND (id <= 1357097))
	        ->  Bitmap Index Scan on sbtest2_pkey  (cost=0.00..34.45 rows=1002 width=0)
	              Index Cond: ((id >= 1356098) AND (id <= 1357097))

table 3 : explain SELECT SUM(k) FROM sbtest3 WHERE id BETWEEN 8915889 AND 8916888
	Aggregate  (cost=4462.90..4462.91 rows=1 width=8)
	  ->  Bitmap Heap Scan on sbtest3  (cost=40.26..4460.02 rows=1154 width=4)
	        Recheck Cond: ((id >= 8915889) AND (id <= 8916888))
	        ->  Bitmap Index Scan on sbtest3_pkey  (cost=0.00..39.98 rows=1154 width=0)
	              Index Cond: ((id >= 8915889) AND (id <= 8916888))

table 4 : explain SELECT SUM(k) FROM sbtest4 WHERE id BETWEEN 5971332 AND 5972331
	Aggregate  (cost=4341.94..4341.95 rows=1 width=8)
	  ->  Bitmap Heap Scan on sbtest4  (cost=39.92..4339.14 rows=1120 width=4)
	        Recheck Cond: ((id >= 5971332) AND (id <= 5972331))
	        ->  Bitmap Index Scan on sbtest4_pkey  (cost=0.00..39.64 rows=1120 width=0)
	              Index Cond: ((id >= 5971332) AND (id <= 5972331))

table 5 : explain SELECT SUM(k) FROM sbtest5 WHERE id BETWEEN 4703997 AND 4704996
	Aggregate  (cost=4242.39..4242.40 rows=1 width=8)
	  ->  Bitmap Heap Scan on sbtest5  (cost=39.67..4239.65 rows=1096 width=4)
	        Recheck Cond: ((id >= 4703997) AND (id <= 4704996))
	        ->  Bitmap Index Scan on sbtest5_pkey  (cost=0.00..39.40 rows=1096 width=0)
	              Index Cond: ((id >= 4703997) AND (id <= 4704996))

table 6 : explain SELECT SUM(k) FROM sbtest6 WHERE id BETWEEN 2757578 AND 2758577
	Aggregate  (cost=3917.55..3917.56 rows=1 width=8)
	  ->  Bitmap Heap Scan on sbtest6  (cost=34.79..3915.02 rows=1010 width=4)
	        Recheck Cond: ((id >= 2757578) AND (id <= 2758577))
	        ->  Bitmap Index Scan on sbtest6_pkey  (cost=0.00..34.54 rows=1010 width=0)
	              Index Cond: ((id >= 2757578) AND (id <= 2758577))

table 7 : explain SELECT SUM(k) FROM sbtest7 WHERE id BETWEEN 8115709 AND 8116708
	Aggregate  (cost=3862.85..3862.86 rows=1 width=8)
	  ->  Bitmap Heap Scan on sbtest7  (cost=34.62..3860.37 rows=994 width=4)
	        Recheck Cond: ((id >= 8115709) AND (id <= 8116708))
	        ->  Bitmap Index Scan on sbtest7_pkey  (cost=0.00..34.38 rows=994 width=0)
	              Index Cond: ((id >= 8115709) AND (id <= 8116708))

table 8 : explain SELECT SUM(k) FROM sbtest8 WHERE id BETWEEN 7906426 AND 7907425
	Aggregate  (cost=3612.65..3612.66 rows=1 width=8)
	  ->  Index Scan using sbtest8_pkey on sbtest8  (cost=0.43..3610.34 rows=921 width=4)
	        Index Cond: ((id >= 7906426) AND (id <= 7907425))

explain: for point_selects :: explain SELECT c FROM sbtest%u WHERE id=%u
for: simple_ranges
table 1 : explain SELECT c FROM sbtest1 WHERE id BETWEEN 5654330 AND 5655329
	Bitmap Heap Scan on sbtest1  (cost=34.09..3658.84 rows=942 width=121)
	  Recheck Cond: ((id >= 5654330) AND (id <= 5655329))
	  ->  Bitmap Index Scan on sbtest1_pkey  (cost=0.00..33.86 rows=942 width=0)
	        Index Cond: ((id >= 5654330) AND (id <= 5655329))

table 2 : explain SELECT c FROM sbtest2 WHERE id BETWEEN 5059377 AND 5060376
	Bitmap Heap Scan on sbtest2  (cost=35.19..4061.64 rows=1049 width=121)
	  Recheck Cond: ((id >= 5059377) AND (id <= 5060376))
	  ->  Bitmap Index Scan on sbtest2_pkey  (cost=0.00..34.93 rows=1049 width=0)
	        Index Cond: ((id >= 5059377) AND (id <= 5060376))

table 3 : explain SELECT c FROM sbtest3 WHERE id BETWEEN 8514544 AND 8515543
	Bitmap Heap Scan on sbtest3  (cost=34.79..3917.44 rows=1010 width=121)
	  Recheck Cond: ((id >= 8514544) AND (id <= 8515543))
	  ->  Bitmap Index Scan on sbtest3_pkey  (cost=0.00..34.54 rows=1010 width=0)
	        Index Cond: ((id >= 8514544) AND (id <= 8515543))

table 4 : explain SELECT c FROM sbtest4 WHERE id BETWEEN 5114146 AND 5115145
	Bitmap Heap Scan on sbtest4  (cost=34.55..3833.25 rows=987 width=121)
	  Recheck Cond: ((id >= 5114146) AND (id <= 5115145))
	  ->  Bitmap Index Scan on sbtest4_pkey  (cost=0.00..34.31 rows=987 width=0)
	        Index Cond: ((id >= 5114146) AND (id <= 5115145))

table 5 : explain SELECT c FROM sbtest5 WHERE id BETWEEN 1702074 AND 1703073
	Bitmap Heap Scan on sbtest5  (cost=34.48..3799.10 rows=980 width=121)
	  Recheck Cond: ((id >= 1702074) AND (id <= 1703073))
	  ->  Bitmap Index Scan on sbtest5_pkey  (cost=0.00..34.23 rows=980 width=0)
	        Index Cond: ((id >= 1702074) AND (id <= 1703073))

table 6 : explain SELECT c FROM sbtest6 WHERE id BETWEEN 1670002 AND 1671001
	Bitmap Heap Scan on sbtest6  (cost=35.23..4077.07 rows=1053 width=121)
	  Recheck Cond: ((id >= 1670002) AND (id <= 1671001))
	  ->  Bitmap Index Scan on sbtest6_pkey  (cost=0.00..34.97 rows=1053 width=0)
	        Index Cond: ((id >= 1670002) AND (id <= 1671001))

table 7 : explain SELECT c FROM sbtest7 WHERE id BETWEEN 9567635 AND 9568634
	Bitmap Heap Scan on sbtest7  (cost=34.98..3992.65 rows=1029 width=121)
	  Recheck Cond: ((id >= 9567635) AND (id <= 9568634))
	  ->  Bitmap Index Scan on sbtest7_pkey  (cost=0.00..34.73 rows=1029 width=0)
	        Index Cond: ((id >= 9567635) AND (id <= 9568634))

table 8 : explain SELECT c FROM sbtest8 WHERE id BETWEEN 2194871 AND 2195870
	Bitmap Heap Scan on sbtest8  (cost=34.99..3994.71 rows=1030 width=121)
	  Recheck Cond: ((id >= 2194871) AND (id <= 2195870))
	  ->  Bitmap Index Scan on sbtest8_pkey  (cost=0.00..34.73 rows=1030 width=0)
	        Index Cond: ((id >= 2194871) AND (id <= 2195870))

for: simple_ranges
table 1 : explain SELECT c FROM sbtest1 WHERE id BETWEEN 5134914 AND 5135913
	Bitmap Heap Scan on sbtest1  (cost=34.24..3715.54 rows=957 width=121)
	  Recheck Cond: ((id >= 5134914) AND (id <= 5135913))
	  ->  Bitmap Index Scan on sbtest1_pkey  (cost=0.00..34.01 rows=957 width=0)
	        Index Cond: ((id >= 5134914) AND (id <= 5135913))

table 2 : explain SELECT c FROM sbtest2 WHERE id BETWEEN 4338221 AND 4339220
	Bitmap Heap Scan on sbtest2  (cost=34.39..3767.53 rows=971 width=121)
	  Recheck Cond: ((id >= 4338221) AND (id <= 4339220))
	  ->  Bitmap Index Scan on sbtest2_pkey  (cost=0.00..34.15 rows=971 width=0)
	        Index Cond: ((id >= 4338221) AND (id <= 4339220))

table 3 : explain SELECT c FROM sbtest3 WHERE id BETWEEN 7258546 AND 7259545
	Bitmap Heap Scan on sbtest3  (cost=33.96..3611.27 rows=929 width=121)
	  Recheck Cond: ((id >= 7258546) AND (id <= 7259545))
	  ->  Bitmap Index Scan on sbtest3_pkey  (cost=0.00..33.73 rows=929 width=0)
	        Index Cond: ((id >= 7258546) AND (id <= 7259545))

table 4 : explain SELECT c FROM sbtest4 WHERE id BETWEEN 3682364 AND 3683363
	Bitmap Heap Scan on sbtest4  (cost=35.00..3999.53 rows=1031 width=121)
	  Recheck Cond: ((id >= 3682364) AND (id <= 3683363))
	  ->  Bitmap Index Scan on sbtest4_pkey  (cost=0.00..34.75 rows=1031 width=0)
	        Index Cond: ((id >= 3682364) AND (id <= 3683363))

table 5 : explain SELECT c FROM sbtest5 WHERE id BETWEEN 551264 AND 552263
	Bitmap Heap Scan on sbtest5  (cost=34.16..3682.14 rows=949 width=121)
	  Recheck Cond: ((id >= 551264) AND (id <= 552263))
	  ->  Bitmap Index Scan on sbtest5_pkey  (cost=0.00..33.93 rows=949 width=0)
	        Index Cond: ((id >= 551264) AND (id <= 552263))

table 6 : explain SELECT c FROM sbtest6 WHERE id BETWEEN 2437739 AND 2438738
	Bitmap Heap Scan on sbtest6  (cost=34.37..3760.30 rows=969 width=121)
	  Recheck Cond: ((id >= 2437739) AND (id <= 2438738))
	  ->  Bitmap Index Scan on sbtest6_pkey  (cost=0.00..34.12 rows=969 width=0)
	        Index Cond: ((id >= 2437739) AND (id <= 2438738))

table 7 : explain SELECT c FROM sbtest7 WHERE id BETWEEN 7591248 AND 7592247
	Bitmap Heap Scan on sbtest7  (cost=34.34..3754.43 rows=966 width=121)
	  Recheck Cond: ((id >= 7591248) AND (id <= 7592247))
	  ->  Bitmap Index Scan on sbtest7_pkey  (cost=0.00..34.09 rows=966 width=0)
	        Index Cond: ((id >= 7591248) AND (id <= 7592247))

table 8 : explain SELECT c FROM sbtest8 WHERE id BETWEEN 2524306 AND 2525305
	Bitmap Heap Scan on sbtest8  (cost=35.05..4017.36 rows=1036 width=121)
	  Recheck Cond: ((id >= 2524306) AND (id <= 2525305))
	  ->  Bitmap Index Scan on sbtest8_pkey  (cost=0.00..34.80 rows=1036 width=0)
	        Index Cond: ((id >= 2524306) AND (id <= 2525305))

for: order_ranges
table 1 : explain SELECT c FROM sbtest1 WHERE id BETWEEN 1349361 AND 1350360 ORDER BY c
	Sort  (cost=4107.63..4110.25 rows=1047 width=121)
	  Sort Key: c
	  ->  Bitmap Heap Scan on sbtest1  (cost=35.17..4055.12 rows=1047 width=121)
	        Recheck Cond: ((id >= 1349361) AND (id <= 1350360))
	        ->  Bitmap Index Scan on sbtest1_pkey  (cost=0.00..34.91 rows=1047 width=0)
	              Index Cond: ((id >= 1349361) AND (id <= 1350360))

table 2 : explain SELECT c FROM sbtest2 WHERE id BETWEEN 1576866 AND 1577865 ORDER BY c
	Sort  (cost=4133.39..4136.03 rows=1054 width=121)
	  Sort Key: c
	  ->  Bitmap Heap Scan on sbtest2  (cost=35.24..4080.47 rows=1054 width=121)
	        Recheck Cond: ((id >= 1576866) AND (id <= 1577865))
	        ->  Bitmap Index Scan on sbtest2_pkey  (cost=0.00..34.98 rows=1054 width=0)
	              Index Cond: ((id >= 1576866) AND (id <= 1577865))

table 3 : explain SELECT c FROM sbtest3 WHERE id BETWEEN 483960 AND 484959 ORDER BY c
	Sort  (cost=3856.67..3859.12 rows=981 width=121)
	  Sort Key: c
	  ->  Bitmap Heap Scan on sbtest3  (cost=34.49..3807.92 rows=981 width=121)
	        Recheck Cond: ((id >= 483960) AND (id <= 484959))
	        ->  Bitmap Index Scan on sbtest3_pkey  (cost=0.00..34.25 rows=981 width=0)
	              Index Cond: ((id >= 483960) AND (id <= 484959))

table 4 : explain SELECT c FROM sbtest4 WHERE id BETWEEN 3604648 AND 3605647 ORDER BY c
	Sort  (cost=3794.02..3796.43 rows=964 width=121)
	  Sort Key: c
	  ->  Bitmap Heap Scan on sbtest4  (cost=34.32..3746.24 rows=964 width=121)
	        Recheck Cond: ((id >= 3604648) AND (id <= 3605647))
	        ->  Bitmap Index Scan on sbtest4_pkey  (cost=0.00..34.08 rows=964 width=0)
	              Index Cond: ((id >= 3604648) AND (id <= 3605647))

table 5 : explain SELECT c FROM sbtest5 WHERE id BETWEEN 4320707 AND 4321706 ORDER BY c
	Sort  (cost=4012.27..4014.83 rows=1023 width=121)
	  Sort Key: c
	  ->  Bitmap Heap Scan on sbtest5  (cost=34.92..3961.13 rows=1023 width=121)
	        Recheck Cond: ((id >= 4320707) AND (id <= 4321706))
	        ->  Bitmap Index Scan on sbtest5_pkey  (cost=0.00..34.67 rows=1023 width=0)
	              Index Cond: ((id >= 4320707) AND (id <= 4321706))

table 6 : explain SELECT c FROM sbtest6 WHERE id BETWEEN 3295367 AND 3296366 ORDER BY c
	Sort  (cost=3773.86..3776.26 rows=960 width=121)
	  Sort Key: c
	  ->  Bitmap Heap Scan on sbtest6  (cost=34.28..3726.31 rows=960 width=121)
	        Recheck Cond: ((id >= 3295367) AND (id <= 3296366))
	        ->  Bitmap Index Scan on sbtest6_pkey  (cost=0.00..34.04 rows=960 width=0)
	              Index Cond: ((id >= 3295367) AND (id <= 3296366))

table 7 : explain SELECT c FROM sbtest7 WHERE id BETWEEN 8552466 AND 8553465 ORDER BY c
	Sort  (cost=3856.10..3858.55 rows=980 width=121)
	  Sort Key: c
	  ->  Bitmap Heap Scan on sbtest7  (cost=34.48..3807.41 rows=980 width=121)
	        Recheck Cond: ((id >= 8552466) AND (id <= 8553465))
	        ->  Bitmap Index Scan on sbtest7_pkey  (cost=0.00..34.23 rows=980 width=0)
	              Index Cond: ((id >= 8552466) AND (id <= 8553465))

table 8 : explain SELECT c FROM sbtest8 WHERE id BETWEEN 573219 AND 574218 ORDER BY c
	Sort  (cost=3976.00..3978.51 rows=1002 width=121)
	  Sort Key: c
	  ->  Index Scan using sbtest8_pkey on sbtest8  (cost=0.43..3926.06 rows=1002 width=121)
	        Index Cond: ((id >= 573219) AND (id <= 574218))

explain: for point_selects :: explain SELECT c FROM sbtest%u WHERE id=%u
for: order_ranges
table 1 : explain SELECT c FROM sbtest1 WHERE id BETWEEN 4414618 AND 4415617 ORDER BY c
	Sort  (cost=4050.25..4052.83 rows=1032 width=121)
	  Sort Key: c
	  ->  Bitmap Heap Scan on sbtest1  (cost=35.01..3998.59 rows=1032 width=121)
	        Recheck Cond: ((id >= 4414618) AND (id <= 4415617))
	        ->  Bitmap Index Scan on sbtest1_pkey  (cost=0.00..34.76 rows=1032 width=0)
	              Index Cond: ((id >= 4414618) AND (id <= 4415617))

table 2 : explain SELECT c FROM sbtest2 WHERE id BETWEEN 986318 AND 987317 ORDER BY c
	Sort  (cost=3785.05..3787.45 rows=963 width=121)
	  Sort Key: c
	  ->  Bitmap Heap Scan on sbtest2  (cost=34.31..3737.32 rows=963 width=121)
	        Recheck Cond: ((id >= 986318) AND (id <= 987317))
	        ->  Bitmap Index Scan on sbtest2_pkey  (cost=0.00..34.07 rows=963 width=0)
	              Index Cond: ((id >= 986318) AND (id <= 987317))

table 3 : explain SELECT c FROM sbtest3 WHERE id BETWEEN 9316941 AND 9317940 ORDER BY c
	Sort  (cost=3522.39..3524.63 rows=895 width=121)
	  Sort Key: c
	  ->  Bitmap Heap Scan on sbtest3  (cost=29.61..3478.51 rows=895 width=121)
	        Recheck Cond: ((id >= 9316941) AND (id <= 9317940))
	        ->  Bitmap Index Scan on sbtest3_pkey  (cost=0.00..29.39 rows=895 width=0)
	              Index Cond: ((id >= 9316941) AND (id <= 9317940))

table 4 : explain SELECT c FROM sbtest4 WHERE id BETWEEN 5475530 AND 5476529 ORDER BY c
	Sort  (cost=3817.06..3819.49 rows=970 width=121)
	  Sort Key: c
	  ->  Bitmap Heap Scan on sbtest4  (cost=34.38..3768.94 rows=970 width=121)
	        Recheck Cond: ((id >= 5475530) AND (id <= 5476529))
	        ->  Bitmap Index Scan on sbtest4_pkey  (cost=0.00..34.14 rows=970 width=0)
	              Index Cond: ((id >= 5475530) AND (id <= 5476529))

table 5 : explain SELECT c FROM sbtest5 WHERE id BETWEEN 8188532 AND 8189531 ORDER BY c
	Sort  (cost=4031.38..4033.95 rows=1028 width=121)
	  Sort Key: c
	  ->  Bitmap Heap Scan on sbtest5  (cost=34.97..3979.95 rows=1028 width=121)
	        Recheck Cond: ((id >= 8188532) AND (id <= 8189531))
	        ->  Bitmap Index Scan on sbtest5_pkey  (cost=0.00..34.72 rows=1028 width=0)
	              Index Cond: ((id >= 8188532) AND (id <= 8189531))

table 6 : explain SELECT c FROM sbtest6 WHERE id BETWEEN 9445425 AND 9446424 ORDER BY c
	Sort  (cost=4221.65..4224.35 rows=1077 width=121)
	  Sort Key: c
	  ->  Bitmap Heap Scan on sbtest6  (cost=35.47..4167.41 rows=1077 width=121)
	        Recheck Cond: ((id >= 9445425) AND (id <= 9446424))
	        ->  Bitmap Index Scan on sbtest6_pkey  (cost=0.00..35.20 rows=1077 width=0)
	              Index Cond: ((id >= 9445425) AND (id <= 9446424))

table 7 : explain SELECT c FROM sbtest7 WHERE id BETWEEN 6485042 AND 6486041 ORDER BY c
	Sort  (cost=4511.33..4514.21 rows=1150 width=121)
	  Sort Key: c
	  ->  Bitmap Heap Scan on sbtest7  (cost=40.22..4452.87 rows=1150 width=121)
	        Recheck Cond: ((id >= 6485042) AND (id <= 6486041))
	        ->  Bitmap Index Scan on sbtest7_pkey  (cost=0.00..39.94 rows=1150 width=0)
	              Index Cond: ((id >= 6485042) AND (id <= 6486041))

table 8 : explain SELECT c FROM sbtest8 WHERE id BETWEEN 8662135 AND 8663134 ORDER BY c
	Sort  (cost=4061.59..4064.17 rows=1034 width=121)
	  Sort Key: c
	  ->  Bitmap Heap Scan on sbtest8  (cost=35.03..4009.81 rows=1034 width=121)
	        Recheck Cond: ((id >= 8662135) AND (id <= 8663134))
	        ->  Bitmap Index Scan on sbtest8_pkey  (cost=0.00..34.78 rows=1034 width=0)
	              Index Cond: ((id >= 8662135) AND (id <= 8663134))

for point_selects
table 1 : explain SELECT c FROM sbtest1 WHERE id=220443
	Index Scan using sbtest1_pkey on sbtest1  (cost=0.43..8.45 rows=1 width=121)
	  Index Cond: (id = 220443)

table 2 : explain SELECT c FROM sbtest2 WHERE id=7573675
	Index Scan using sbtest2_pkey on sbtest2  (cost=0.43..8.45 rows=1 width=121)
	  Index Cond: (id = 7573675)

table 3 : explain SELECT c FROM sbtest3 WHERE id=591978
	Index Scan using sbtest3_pkey on sbtest3  (cost=0.43..8.45 rows=1 width=121)
	  Index Cond: (id = 591978)

table 4 : explain SELECT c FROM sbtest4 WHERE id=4836731
	Index Scan using sbtest4_pkey on sbtest4  (cost=0.43..8.45 rows=1 width=121)
	  Index Cond: (id = 4836731)

table 5 : explain SELECT c FROM sbtest5 WHERE id=5534834
	Index Scan using sbtest5_pkey on sbtest5  (cost=0.43..8.45 rows=1 width=121)
	  Index Cond: (id = 5534834)

table 6 : explain SELECT c FROM sbtest6 WHERE id=2801918
	Index Scan using sbtest6_pkey on sbtest6  (cost=0.43..8.45 rows=1 width=121)
	  Index Cond: (id = 2801918)

table 7 : explain SELECT c FROM sbtest7 WHERE id=9893692
	Index Scan using sbtest7_pkey on sbtest7  (cost=0.43..8.45 rows=1 width=121)
	  Index Cond: (id = 9893692)

table 8 : explain SELECT c FROM sbtest8 WHERE id=8818212
	Index Scan using sbtest8_pkey on sbtest8  (cost=0.43..8.45 rows=1 width=121)
	  Index Cond: (id = 8818212)

for point_selects
table 1 : explain SELECT c FROM sbtest1 WHERE id=6489506
	Index Scan using sbtest1_pkey on sbtest1  (cost=0.43..8.45 rows=1 width=121)
	  Index Cond: (id = 6489506)

table 2 : explain SELECT c FROM sbtest2 WHERE id=4313151
	Index Scan using sbtest2_pkey on sbtest2  (cost=0.43..8.45 rows=1 width=121)
	  Index Cond: (id = 4313151)

table 3 : explain SELECT c FROM sbtest3 WHERE id=7095629
	Index Scan using sbtest3_pkey on sbtest3  (cost=0.43..8.45 rows=1 width=121)
	  Index Cond: (id = 7095629)

table 4 : explain SELECT c FROM sbtest4 WHERE id=4433394
	Index Scan using sbtest4_pkey on sbtest4  (cost=0.43..8.45 rows=1 width=121)
	  Index Cond: (id = 4433394)

table 5 : explain SELECT c FROM sbtest5 WHERE id=9457692
	Index Scan using sbtest5_pkey on sbtest5  (cost=0.43..8.45 rows=1 width=121)
	  Index Cond: (id = 9457692)

table 6 : explain SELECT c FROM sbtest6 WHERE id=4959410
	Index Scan using sbtest6_pkey on sbtest6  (cost=0.43..8.45 rows=1 width=121)
	  Index Cond: (id = 4959410)

table 7 : explain SELECT c FROM sbtest7 WHERE id=2956569
	Index Scan using sbtest7_pkey on sbtest7  (cost=0.43..8.45 rows=1 width=121)
	  Index Cond: (id = 2956569)

table 8 : explain SELECT c FROM sbtest8 WHERE id=3219244
	Index Scan using sbtest8_pkey on sbtest8  (cost=0.43..8.45 rows=1 width=121)
	  Index Cond: (id = 3219244)

explain: for point_selects :: explain SELECT c FROM sbtest%u WHERE id=%u
explain: for point_selects :: explain SELECT c FROM sbtest%u WHERE id=%u
explain: for point_selects :: explain SELECT c FROM sbtest%u WHERE id=%u
for: sum_ranges
table 1 : explain SELECT SUM(k) FROM sbtest1 WHERE id BETWEEN 5871433 AND 5872432
	Aggregate  (cost=3891.73..3891.74 rows=1 width=8)
	  ->  Bitmap Heap Scan on sbtest1  (cost=34.72..3889.23 rows=1003 width=4)
	        Recheck Cond: ((id >= 5871433) AND (id <= 5872432))
	        ->  Bitmap Index Scan on sbtest1_pkey  (cost=0.00..34.47 rows=1003 width=0)
	              Index Cond: ((id >= 5871433) AND (id <= 5872432))

table 2 : explain SELECT SUM(k) FROM sbtest2 WHERE id BETWEEN 9349226 AND 9350225
	Aggregate  (cost=3531.46..3531.47 rows=1 width=8)
	  ->  Bitmap Heap Scan on sbtest2  (cost=29.75..3529.19 rows=909 width=4)
	        Recheck Cond: ((id >= 9349226) AND (id <= 9350225))
	        ->  Bitmap Index Scan on sbtest2_pkey  (cost=0.00..29.52 rows=909 width=0)
	              Index Cond: ((id >= 9349226) AND (id <= 9350225))

table 3 : explain SELECT SUM(k) FROM sbtest3 WHERE id BETWEEN 1923599 AND 1924598
	Aggregate  (cost=4074.73..4074.74 rows=1 width=8)
	  ->  Bitmap Heap Scan on sbtest3  (cost=35.21..4072.10 rows=1051 width=4)
	        Recheck Cond: ((id >= 1923599) AND (id <= 1924598))
	        ->  Bitmap Index Scan on sbtest3_pkey  (cost=0.00..34.95 rows=1051 width=0)
	              Index Cond: ((id >= 1923599) AND (id <= 1924598))

table 4 : explain SELECT SUM(k) FROM sbtest4 WHERE id BETWEEN 1727500 AND 1728499
	Aggregate  (cost=3771.37..3771.38 rows=1 width=8)
	  ->  Bitmap Heap Scan on sbtest4  (cost=34.38..3768.94 rows=970 width=4)
	        Recheck Cond: ((id >= 1727500) AND (id <= 1728499))
	        ->  Bitmap Index Scan on sbtest4_pkey  (cost=0.00..34.14 rows=970 width=0)
	              Index Cond: ((id >= 1727500) AND (id <= 1728499))

table 5 : explain SELECT SUM(k) FROM sbtest5 WHERE id BETWEEN 6371993 AND 6372992
	Aggregate  (cost=3854.36..3854.37 rows=1 width=8)
	  ->  Bitmap Heap Scan on sbtest5  (cost=34.62..3851.88 rows=994 width=4)
	        Recheck Cond: ((id >= 6371993) AND (id <= 6372992))
	        ->  Bitmap Index Scan on sbtest5_pkey  (cost=0.00..34.38 rows=994 width=0)
	              Index Cond: ((id >= 6371993) AND (id <= 6372992))

table 6 : explain SELECT SUM(k) FROM sbtest6 WHERE id BETWEEN 7222720 AND 7223719
	Aggregate  (cost=3879.81..3879.82 rows=1 width=8)
	  ->  Bitmap Heap Scan on sbtest6  (cost=34.69..3877.31 rows=1000 width=4)
	        Recheck Cond: ((id >= 7222720) AND (id <= 7223719))
	        ->  Bitmap Index Scan on sbtest6_pkey  (cost=0.00..34.44 rows=1000 width=0)
	              Index Cond: ((id >= 7222720) AND (id <= 7223719))

table 7 : explain SELECT SUM(k) FROM sbtest7 WHERE id BETWEEN 601575 AND 602574
	Aggregate  (cost=3964.98..3964.99 rows=1 width=8)
	  ->  Bitmap Heap Scan on sbtest7  (cost=34.90..3962.43 rows=1021 width=4)
	        Recheck Cond: ((id >= 601575) AND (id <= 602574))
	        ->  Bitmap Index Scan on sbtest7_pkey  (cost=0.00..34.65 rows=1021 width=0)
	              Index Cond: ((id >= 601575) AND (id <= 602574))

table 8 : explain SELECT SUM(k) FROM sbtest8 WHERE id BETWEEN 5850744 AND 5851743
	Aggregate  (cost=3831.06..3831.07 rows=1 width=8)
	  ->  Index Scan using sbtest8_pkey on sbtest8  (cost=0.43..3828.61 rows=977 width=4)
	        Index Cond: ((id >= 5850744) AND (id <= 5851743))

for: distinct_ranges
table 1 : explain SELECT DISTINCT c FROM sbtest1 WHERE id BETWEEN 8802415 AND 8803414 ORDER BY c
	Unique  (cost=3686.18..3690.87 rows=937 width=121)
	  ->  Sort  (cost=3686.18..3688.53 rows=937 width=121)
	        Sort Key: c
	        ->  Bitmap Heap Scan on sbtest1  (cost=34.04..3639.94 rows=937 width=121)
	              Recheck Cond: ((id >= 8802415) AND (id <= 8803414))
	              ->  Bitmap Index Scan on sbtest1_pkey  (cost=0.00..33.81 rows=937 width=0)
	                    Index Cond: ((id >= 8802415) AND (id <= 8803414))

table 2 : explain SELECT DISTINCT c FROM sbtest2 WHERE id BETWEEN 614134 AND 615133 ORDER BY c
	Unique  (cost=3773.54..3778.34 rows=960 width=121)
	  ->  Sort  (cost=3773.54..3775.94 rows=960 width=121)
	        Sort Key: c
	        ->  Bitmap Heap Scan on sbtest2  (cost=34.28..3725.99 rows=960 width=121)
	              Recheck Cond: ((id >= 614134) AND (id <= 615133))
	              ->  Bitmap Index Scan on sbtest2_pkey  (cost=0.00..34.04 rows=960 width=0)
	                    Index Cond: ((id >= 614134) AND (id <= 615133))

table 3 : explain SELECT DISTINCT c FROM sbtest3 WHERE id BETWEEN 1285102 AND 1286101 ORDER BY c
	Unique  (cost=3787.61..3792.43 rows=963 width=121)
	  ->  Sort  (cost=3787.61..3790.02 rows=963 width=121)
	        Sort Key: c
	        ->  Bitmap Heap Scan on sbtest3  (cost=34.31..3739.89 rows=963 width=121)
	              Recheck Cond: ((id >= 1285102) AND (id <= 1286101))
	              ->  Bitmap Index Scan on sbtest3_pkey  (cost=0.00..34.07 rows=963 width=0)
	                    Index Cond: ((id >= 1285102) AND (id <= 1286101))

table 4 : explain SELECT DISTINCT c FROM sbtest4 WHERE id BETWEEN 1382030 AND 1383029 ORDER BY c
	Unique  (cost=3459.22..3463.61 rows=878 width=121)
	  ->  Sort  (cost=3459.22..3461.42 rows=878 width=121)
	        Sort Key: c
	        ->  Bitmap Heap Scan on sbtest4  (cost=29.43..3416.30 rows=878 width=121)
	              Recheck Cond: ((id >= 1382030) AND (id <= 1383029))
	              ->  Bitmap Index Scan on sbtest4_pkey  (cost=0.00..29.21 rows=878 width=0)
	                    Index Cond: ((id >= 1382030) AND (id <= 1383029))

table 5 : explain SELECT DISTINCT c FROM sbtest5 WHERE id BETWEEN 6460151 AND 6461150 ORDER BY c
	Unique  (cost=4107.79..4113.03 rows=1048 width=121)
	  ->  Sort  (cost=4107.79..4110.41 rows=1048 width=121)
	        Sort Key: c
	        ->  Bitmap Heap Scan on sbtest5  (cost=35.18..4055.22 rows=1048 width=121)
	              Recheck Cond: ((id >= 6460151) AND (id <= 6461150))
	              ->  Bitmap Index Scan on sbtest5_pkey  (cost=0.00..34.92 rows=1048 width=0)
	                    Index Cond: ((id >= 6460151) AND (id <= 6461150))

table 6 : explain SELECT DISTINCT c FROM sbtest6 WHERE id BETWEEN 2024693 AND 2025692 ORDER BY c
	Unique  (cost=3846.69..3851.58 rows=979 width=121)
	  ->  Sort  (cost=3846.69..3849.14 rows=979 width=121)
	        Sort Key: c
	        ->  Bitmap Heap Scan on sbtest6  (cost=34.47..3798.06 rows=979 width=121)
	              Recheck Cond: ((id >= 2024693) AND (id <= 2025692))
	              ->  Bitmap Index Scan on sbtest6_pkey  (cost=0.00..34.23 rows=979 width=0)
	                    Index Cond: ((id >= 2024693) AND (id <= 2025692))

table 7 : explain SELECT DISTINCT c FROM sbtest7 WHERE id BETWEEN 796721 AND 797720 ORDER BY c
	Unique  (cost=4009.62..4014.72 rows=1020 width=121)
	  ->  Sort  (cost=4009.62..4012.17 rows=1020 width=121)
	        Sort Key: c
	        ->  Bitmap Heap Scan on sbtest7  (cost=34.89..3958.65 rows=1020 width=121)
	              Recheck Cond: ((id >= 796721) AND (id <= 797720))
	              ->  Bitmap Index Scan on sbtest7_pkey  (cost=0.00..34.64 rows=1020 width=0)
	                    Index Cond: ((id >= 796721) AND (id <= 797720))

table 8 : explain SELECT DISTINCT c FROM sbtest8 WHERE id BETWEEN 429668 AND 430667 ORDER BY c
	Unique  (cost=4076.91..4082.10 rows=1038 width=121)
	  ->  Sort  (cost=4076.91..4079.51 rows=1038 width=121)
	        Sort Key: c
	        ->  Bitmap Heap Scan on sbtest8  (cost=35.07..4024.91 rows=1038 width=121)
	              Recheck Cond: ((id >= 429668) AND (id <= 430667))
	              ->  Bitmap Index Scan on sbtest8_pkey  (cost=0.00..34.82 rows=1038 width=0)
	                    Index Cond: ((id >= 429668) AND (id <= 430667))

for point_selects
table 1 : explain SELECT c FROM sbtest1 WHERE id=4412194
	Index Scan using sbtest1_pkey on sbtest1  (cost=0.43..8.45 rows=1 width=121)
	  Index Cond: (id = 4412194)

table 2 : explain SELECT c FROM sbtest2 WHERE id=4539569
	Index Scan using sbtest2_pkey on sbtest2  (cost=0.43..8.45 rows=1 width=121)
	  Index Cond: (id = 4539569)

table 3 : explain SELECT c FROM sbtest3 WHERE id=9231157
	Index Scan using sbtest3_pkey on sbtest3  (cost=0.43..8.45 rows=1 width=121)
	  Index Cond: (id = 9231157)

table 4 : explain SELECT c FROM sbtest4 WHERE id=7957240
	Index Scan using sbtest4_pkey on sbtest4  (cost=0.43..8.45 rows=1 width=121)
	  Index Cond: (id = 7957240)

table 5 : explain SELECT c FROM sbtest5 WHERE id=9864054
	Index Scan using sbtest5_pkey on sbtest5  (cost=0.43..8.45 rows=1 width=121)
	  Index Cond: (id = 9864054)

table 6 : explain SELECT c FROM sbtest6 WHERE id=7688753
	Index Scan using sbtest6_pkey on sbtest6  (cost=0.43..8.45 rows=1 width=121)
	  Index Cond: (id = 7688753)

table 7 : explain SELECT c FROM sbtest7 WHERE id=1962456
	Index Scan using sbtest7_pkey on sbtest7  (cost=0.43..8.45 rows=1 width=121)
	  Index Cond: (id = 1962456)

table 8 : explain SELECT c FROM sbtest8 WHERE id=4553706
	Index Scan using sbtest8_pkey on sbtest8  (cost=0.43..8.45 rows=1 width=121)
	  Index Cond: (id = 4553706)

for: distinct_ranges
table 1 : explain SELECT DISTINCT c FROM sbtest1 WHERE id BETWEEN 2041242 AND 2042241 ORDER BY c
	Unique  (cost=3946.89..3951.91 rows=1005 width=121)
	  ->  Sort  (cost=3946.89..3949.40 rows=1005 width=121)
	        Sort Key: c
	        ->  Bitmap Heap Scan on sbtest1  (cost=34.74..3896.77 rows=1005 width=121)
	              Recheck Cond: ((id >= 2041242) AND (id <= 2042241))
	              ->  Bitmap Index Scan on sbtest1_pkey  (cost=0.00..34.48 rows=1005 width=0)
	                    Index Cond: ((id >= 2041242) AND (id <= 2042241))

table 2 : explain SELECT DISTINCT c FROM sbtest2 WHERE id BETWEEN 7368396 AND 7369395 ORDER BY c
	Unique  (cost=4056.92..4062.09 rows=1034 width=121)
	  ->  Sort  (cost=4056.92..4059.50 rows=1034 width=121)
	        Sort Key: c
	        ->  Bitmap Heap Scan on sbtest2  (cost=35.03..4005.14 rows=1034 width=121)
	              Recheck Cond: ((id >= 7368396) AND (id <= 7369395))
	              ->  Bitmap Index Scan on sbtest2_pkey  (cost=0.00..34.78 rows=1034 width=0)
	                    Index Cond: ((id >= 7368396) AND (id <= 7369395))

table 3 : explain SELECT DISTINCT c FROM sbtest3 WHERE id BETWEEN 8315696 AND 8316695 ORDER BY c
	Unique  (cost=3841.33..3846.21 rows=977 width=121)
	  ->  Sort  (cost=3841.33..3843.77 rows=977 width=121)
	        Sort Key: c
	        ->  Bitmap Heap Scan on sbtest3  (cost=34.45..3792.81 rows=977 width=121)
	              Recheck Cond: ((id >= 8315696) AND (id <= 8316695))
	              ->  Bitmap Index Scan on sbtest3_pkey  (cost=0.00..34.20 rows=977 width=0)
	                    Index Cond: ((id >= 8315696) AND (id <= 8316695))

table 4 : explain SELECT DISTINCT c FROM sbtest4 WHERE id BETWEEN 6465547 AND 6466546 ORDER BY c
	Unique  (cost=4020.45..4025.57 rows=1023 width=121)
	  ->  Sort  (cost=4020.45..4023.01 rows=1023 width=121)
	        Sort Key: c
	        ->  Bitmap Heap Scan on sbtest4  (cost=34.92..3969.31 rows=1023 width=121)
	              Recheck Cond: ((id >= 6465547) AND (id <= 6466546))
	              ->  Bitmap Index Scan on sbtest4_pkey  (cost=0.00..34.67 rows=1023 width=0)
	                    Index Cond: ((id >= 6465547) AND (id <= 6466546))

table 5 : explain SELECT DISTINCT c FROM sbtest5 WHERE id BETWEEN 3124167 AND 3125166 ORDER BY c
	Unique  (cost=4054.31..4059.48 rows=1034 width=121)
	  ->  Sort  (cost=4054.31..4056.89 rows=1034 width=121)
	        Sort Key: c
	        ->  Bitmap Heap Scan on sbtest5  (cost=35.03..4002.54 rows=1034 width=121)
	              Recheck Cond: ((id >= 3124167) AND (id <= 3125166))
	              ->  Bitmap Index Scan on sbtest5_pkey  (cost=0.00..34.78 rows=1034 width=0)
	                    Index Cond: ((id >= 3124167) AND (id <= 3125166))

table 6 : explain SELECT DISTINCT c FROM sbtest6 WHERE id BETWEEN 9958153 AND 9959152 ORDER BY c
	Unique  (cost=4202.55..4207.91 rows=1072 width=121)
	  ->  Sort  (cost=4202.55..4205.23 rows=1072 width=121)
	        Sort Key: c
	        ->  Bitmap Heap Scan on sbtest6  (cost=35.42..4148.60 rows=1072 width=121)
	              Recheck Cond: ((id >= 9958153) AND (id <= 9959152))
	              ->  Bitmap Index Scan on sbtest6_pkey  (cost=0.00..35.16 rows=1072 width=0)
	                    Index Cond: ((id >= 9958153) AND (id <= 9959152))

table 7 : explain SELECT DISTINCT c FROM sbtest7 WHERE id BETWEEN 5309062 AND 5310061 ORDER BY c
	Unique  (cost=3400.38..3404.65 rows=854 width=121)
	  ->  Sort  (cost=3400.38..3402.51 rows=854 width=121)
	        Sort Key: c
	        ->  Index Scan using sbtest7_pkey on sbtest7  (cost=0.43..3358.80 rows=854 width=121)
	              Index Cond: ((id >= 5309062) AND (id <= 5310061))

table 8 : explain SELECT DISTINCT c FROM sbtest8 WHERE id BETWEEN 8197296 AND 8198295 ORDER BY c
	Unique  (cost=4149.68..4154.97 rows=1057 width=121)
	  ->  Sort  (cost=4149.68..4152.33 rows=1057 width=121)
	        Sort Key: c
	        ->  Bitmap Heap Scan on sbtest8  (cost=35.27..4096.59 rows=1057 width=121)
	              Recheck Cond: ((id >= 8197296) AND (id <= 8198295))
	              ->  Bitmap Index Scan on sbtest8_pkey  (cost=0.00..35.01 rows=1057 width=0)
	                    Index Cond: ((id >= 8197296) AND (id <= 8198295))

for: simple_ranges
table 1 : explain SELECT c FROM sbtest1 WHERE id BETWEEN 2518824 AND 2519823
	Bitmap Heap Scan on sbtest1  (cost=34.97..3983.51 rows=1028 width=121)
	  Recheck Cond: ((id >= 2518824) AND (id <= 2519823))
	  ->  Bitmap Index Scan on sbtest1_pkey  (cost=0.00..34.72 rows=1028 width=0)
	        Index Cond: ((id >= 2518824) AND (id <= 2519823))

table 2 : explain SELECT c FROM sbtest2 WHERE id BETWEEN 4421171 AND 4422170
	Bitmap Heap Scan on sbtest2  (cost=34.39..3767.53 rows=971 width=121)
	  Recheck Cond: ((id >= 4421171) AND (id <= 4422170))
	  ->  Bitmap Index Scan on sbtest2_pkey  (cost=0.00..34.15 rows=971 width=0)
	        Index Cond: ((id >= 4421171) AND (id <= 4422170))

table 3 : explain SELECT c FROM sbtest3 WHERE id BETWEEN 9087380 AND 9088379
	Bitmap Heap Scan on sbtest3  (cost=34.55..3830.59 rows=987 width=121)
	  Recheck Cond: ((id >= 9087380) AND (id <= 9088379))
	  ->  Bitmap Index Scan on sbtest3_pkey  (cost=0.00..34.31 rows=987 width=0)
	        Index Cond: ((id >= 9087380) AND (id <= 9088379))

table 4 : explain SELECT c FROM sbtest4 WHERE id BETWEEN 7865924 AND 7866923
	Bitmap Heap Scan on sbtest4  (cost=34.01..3632.65 rows=934 width=121)
	  Recheck Cond: ((id >= 7865924) AND (id <= 7866923))
	  ->  Bitmap Index Scan on sbtest4_pkey  (cost=0.00..33.78 rows=934 width=0)
	        Index Cond: ((id >= 7865924) AND (id <= 7866923))

table 5 : explain SELECT c FROM sbtest5 WHERE id BETWEEN 2880675 AND 2881674
	Bitmap Heap Scan on sbtest5  (cost=35.08..4021.35 rows=1039 width=121)
	  Recheck Cond: ((id >= 2880675) AND (id <= 2881674))
	  ->  Bitmap Index Scan on sbtest5_pkey  (cost=0.00..34.83 rows=1039 width=0)
	        Index Cond: ((id >= 2880675) AND (id <= 2881674))

table 6 : explain SELECT c FROM sbtest6 WHERE id BETWEEN 9307515 AND 9308514
	Bitmap Heap Scan on sbtest6  (cost=34.43..3782.96 rows=975 width=121)
	  Recheck Cond: ((id >= 9307515) AND (id <= 9308514))
	  ->  Bitmap Index Scan on sbtest6_pkey  (cost=0.00..34.19 rows=975 width=0)
	        Index Cond: ((id >= 9307515) AND (id <= 9308514))

table 7 : explain SELECT c FROM sbtest7 WHERE id BETWEEN 962765 AND 963764
	Bitmap Heap Scan on sbtest7  (cost=34.02..3637.02 rows=935 width=121)
	  Recheck Cond: ((id >= 962765) AND (id <= 963764))
	  ->  Bitmap Index Scan on sbtest7_pkey  (cost=0.00..33.79 rows=935 width=0)
	        Index Cond: ((id >= 962765) AND (id <= 963764))

table 8 : explain SELECT c FROM sbtest8 WHERE id BETWEEN 9661100 AND 9662099
	Bitmap Heap Scan on sbtest8  (cost=35.15..4051.32 rows=1045 width=121)
	  Recheck Cond: ((id >= 9661100) AND (id <= 9662099))
	  ->  Bitmap Index Scan on sbtest8_pkey  (cost=0.00..34.89 rows=1045 width=0)
	        Index Cond: ((id >= 9661100) AND (id <= 9662099))

explain: for point_selects :: explain SELECT c FROM sbtest%u WHERE id=%u
for: simple_ranges
table 1 : explain SELECT c FROM sbtest1 WHERE id BETWEEN 663424 AND 664423
	Bitmap Heap Scan on sbtest1  (cost=29.76..3533.79 rows=910 width=121)
	  Recheck Cond: ((id >= 663424) AND (id <= 664423))
	  ->  Bitmap Index Scan on sbtest1_pkey  (cost=0.00..29.54 rows=910 width=0)
	        Index Cond: ((id >= 663424) AND (id <= 664423))

table 2 : explain SELECT c FROM sbtest2 WHERE id BETWEEN 2184081 AND 2185080
	Bitmap Heap Scan on sbtest2  (cost=33.93..3597.50 rows=926 width=121)
	  Recheck Cond: ((id >= 2184081) AND (id <= 2185080))
	  ->  Bitmap Index Scan on sbtest2_pkey  (cost=0.00..33.70 rows=926 width=0)
	        Index Cond: ((id >= 2184081) AND (id <= 2185080))

table 3 : explain SELECT c FROM sbtest3 WHERE id BETWEEN 9504522 AND 9505521
	Bitmap Heap Scan on sbtest3  (cost=34.25..3720.99 rows=958 width=121)
	  Recheck Cond: ((id >= 9504522) AND (id <= 9505521))
	  ->  Bitmap Index Scan on sbtest3_pkey  (cost=0.00..34.02 rows=958 width=0)
	        Index Cond: ((id >= 9504522) AND (id <= 9505521))

table 4 : explain SELECT c FROM sbtest4 WHERE id BETWEEN 3721101 AND 3722100
	Bitmap Heap Scan on sbtest4  (cost=35.00..3999.53 rows=1031 width=121)
	  Recheck Cond: ((id >= 3721101) AND (id <= 3722100))
	  ->  Bitmap Index Scan on sbtest4_pkey  (cost=0.00..34.75 rows=1031 width=0)
	        Index Cond: ((id >= 3721101) AND (id <= 3722100))

table 5 : explain SELECT c FROM sbtest5 WHERE id BETWEEN 3993731 AND 3994730
	Bitmap Heap Scan on sbtest5  (cost=33.87..3572.62 rows=920 width=121)
	  Recheck Cond: ((id >= 3993731) AND (id <= 3994730))
	  ->  Bitmap Index Scan on sbtest5_pkey  (cost=0.00..33.64 rows=920 width=0)
	        Index Cond: ((id >= 3993731) AND (id <= 3994730))

table 6 : explain SELECT c FROM sbtest6 WHERE id BETWEEN 1587032 AND 1588031
	Bitmap Heap Scan on sbtest6  (cost=34.08..3654.51 rows=941 width=121)
	  Recheck Cond: ((id >= 1587032) AND (id <= 1588031))
	  ->  Bitmap Index Scan on sbtest6_pkey  (cost=0.00..33.84 rows=941 width=0)
	        Index Cond: ((id >= 1587032) AND (id <= 1588031))

table 7 : explain SELECT c FROM sbtest7 WHERE id BETWEEN 4869272 AND 4870271
	Bitmap Heap Scan on sbtest7  (cost=34.61..3856.58 rows=993 width=121)
	  Recheck Cond: ((id >= 4869272) AND (id <= 4870271))
	  ->  Bitmap Index Scan on sbtest7_pkey  (cost=0.00..34.37 rows=993 width=0)
	        Index Cond: ((id >= 4869272) AND (id <= 4870271))

table 8 : explain SELECT c FROM sbtest8 WHERE id BETWEEN 9179893 AND 9180892
	Bitmap Heap Scan on sbtest8  (cost=35.07..4024.91 rows=1038 width=121)
	  Recheck Cond: ((id >= 9179893) AND (id <= 9180892))
	  ->  Bitmap Index Scan on sbtest8_pkey  (cost=0.00..34.82 rows=1038 width=0)
	        Index Cond: ((id >= 9179893) AND (id <= 9180892))

for point_selects
table 1 : explain SELECT c FROM sbtest1 WHERE id=2874195
	Index Scan using sbtest1_pkey on sbtest1  (cost=0.43..8.45 rows=1 width=121)
	  Index Cond: (id = 2874195)

table 2 : explain SELECT c FROM sbtest2 WHERE id=8417679
	Index Scan using sbtest2_pkey on sbtest2  (cost=0.43..8.45 rows=1 width=121)
	  Index Cond: (id = 8417679)

table 3 : explain SELECT c FROM sbtest3 WHERE id=4109509
	Index Scan using sbtest3_pkey on sbtest3  (cost=0.43..8.45 rows=1 width=121)
	  Index Cond: (id = 4109509)

table 4 : explain SELECT c FROM sbtest4 WHERE id=284683
	Index Scan using sbtest4_pkey on sbtest4  (cost=0.43..8.45 rows=1 width=121)
	  Index Cond: (id = 284683)

table 5 : explain SELECT c FROM sbtest5 WHERE id=8944568
	Index Scan using sbtest5_pkey on sbtest5  (cost=0.43..8.45 rows=1 width=121)
	  Index Cond: (id = 8944568)

table 6 : explain SELECT c FROM sbtest6 WHERE id=2906961
	Index Scan using sbtest6_pkey on sbtest6  (cost=0.43..8.45 rows=1 width=121)
	  Index Cond: (id = 2906961)

table 7 : explain SELECT c FROM sbtest7 WHERE id=2188446
	Index Scan using sbtest7_pkey on sbtest7  (cost=0.43..8.45 rows=1 width=121)
	  Index Cond: (id = 2188446)

table 8 : explain SELECT c FROM sbtest8 WHERE id=5133864
	Index Scan using sbtest8_pkey on sbtest8  (cost=0.43..8.45 rows=1 width=121)
	  Index Cond: (id = 5133864)

for point_selects
table 1 : explain SELECT c FROM sbtest1 WHERE id=7650859
	Index Scan using sbtest1_pkey on sbtest1  (cost=0.43..8.45 rows=1 width=121)
	  Index Cond: (id = 7650859)

table 2 : explain SELECT c FROM sbtest2 WHERE id=2417292
	Index Scan using sbtest2_pkey on sbtest2  (cost=0.43..8.45 rows=1 width=121)
	  Index Cond: (id = 2417292)

table 3 : explain SELECT c FROM sbtest3 WHERE id=9626508
	Index Scan using sbtest3_pkey on sbtest3  (cost=0.43..8.45 rows=1 width=121)
	  Index Cond: (id = 9626508)

table 4 : explain SELECT c FROM sbtest4 WHERE id=6465128
	Index Scan using sbtest4_pkey on sbtest4  (cost=0.43..8.45 rows=1 width=121)
	  Index Cond: (id = 6465128)

table 5 : explain SELECT c FROM sbtest5 WHERE id=9703539
	Index Scan using sbtest5_pkey on sbtest5  (cost=0.43..8.45 rows=1 width=121)
	  Index Cond: (id = 9703539)

table 6 : explain SELECT c FROM sbtest6 WHERE id=4553290
	Index Scan using sbtest6_pkey on sbtest6  (cost=0.43..8.45 rows=1 width=121)
	  Index Cond: (id = 4553290)

table 7 : explain SELECT c FROM sbtest7 WHERE id=155025
	Index Scan using sbtest7_pkey on sbtest7  (cost=0.43..8.45 rows=1 width=121)
	  Index Cond: (id = 155025)

table 8 : explain SELECT c FROM sbtest8 WHERE id=3349891
	Index Scan using sbtest8_pkey on sbtest8  (cost=0.43..8.45 rows=1 width=121)
	  Index Cond: (id = 3349891)

for: simple_ranges
table 1 : explain SELECT c FROM sbtest1 WHERE id BETWEEN 22343 AND 23342
	Bitmap Heap Scan on sbtest1  (cost=35.30..4104.08 rows=1060 width=121)
	  Recheck Cond: ((id >= 22343) AND (id <= 23342))
	  ->  Bitmap Index Scan on sbtest1_pkey  (cost=0.00..35.04 rows=1060 width=0)
	        Index Cond: ((id >= 22343) AND (id <= 23342))

table 2 : explain SELECT c FROM sbtest2 WHERE id BETWEEN 2536301 AND 2537300
	Bitmap Heap Scan on sbtest2  (cost=35.27..4091.77 rows=1057 width=121)
	  Recheck Cond: ((id >= 2536301) AND (id <= 2537300))
	  ->  Bitmap Index Scan on sbtest2_pkey  (cost=0.00..35.01 rows=1057 width=0)
	        Index Cond: ((id >= 2536301) AND (id <= 2537300))

table 3 : explain SELECT c FROM sbtest3 WHERE id BETWEEN 6769760 AND 6770759
	Bitmap Heap Scan on sbtest3  (cost=35.07..4023.09 rows=1038 width=121)
	  Recheck Cond: ((id >= 6769760) AND (id <= 6770759))
	  ->  Bitmap Index Scan on sbtest3_pkey  (cost=0.00..34.82 rows=1038 width=0)
	        Index Cond: ((id >= 6769760) AND (id <= 6770759))

table 4 : explain SELECT c FROM sbtest4 WHERE id BETWEEN 6529594 AND 6530593
	Bitmap Heap Scan on sbtest4  (cost=29.63..3488.39 rows=897 width=121)
	  Recheck Cond: ((id >= 6529594) AND (id <= 6530593))
	  ->  Bitmap Index Scan on sbtest4_pkey  (cost=0.00..29.40 rows=897 width=0)
	        Index Cond: ((id >= 6529594) AND (id <= 6530593))

table 5 : explain SELECT c FROM sbtest5 WHERE id BETWEEN 3839051 AND 3840050
	Bitmap Heap Scan on sbtest5  (cost=39.93..4329.79 rows=1121 width=121)
	  Recheck Cond: ((id >= 3839051) AND (id <= 3840050))
	  ->  Bitmap Index Scan on sbtest5_pkey  (cost=0.00..39.65 rows=1121 width=0)
	        Index Cond: ((id >= 3839051) AND (id <= 3840050))

table 6 : explain SELECT c FROM sbtest6 WHERE id BETWEEN 4378804 AND 4379803
	Bitmap Heap Scan on sbtest6  (cost=29.54..3449.98 rows=888 width=121)
	  Recheck Cond: ((id >= 4378804) AND (id <= 4379803))
	  ->  Bitmap Index Scan on sbtest6_pkey  (cost=0.00..29.32 rows=888 width=0)
	        Index Cond: ((id >= 4378804) AND (id <= 4379803))

table 7 : explain SELECT c FROM sbtest7 WHERE id BETWEEN 9948656 AND 9949655
	Bitmap Heap Scan on sbtest7  (cost=39.83..4309.78 rows=1112 width=121)
	  Recheck Cond: ((id >= 9948656) AND (id <= 9949655))
	  ->  Bitmap Index Scan on sbtest7_pkey  (cost=0.00..39.56 rows=1112 width=0)
	        Index Cond: ((id >= 9948656) AND (id <= 9949655))

table 8 : explain SELECT c FROM sbtest8 WHERE id BETWEEN 2799754 AND 2800753
	Index Scan using sbtest8_pkey on sbtest8  (cost=0.43..3816.92 rows=974 width=121)
	  Index Cond: ((id >= 2799754) AND (id <= 2800753))

for: order_ranges
table 1 : explain SELECT c FROM sbtest1 WHERE id BETWEEN 7819431 AND 7820430 ORDER BY c
	Sort  (cost=3743.74..3746.12 rows=952 width=121)
	  Sort Key: c
	  ->  Bitmap Heap Scan on sbtest1  (cost=34.19..3696.64 rows=952 width=121)
	        Recheck Cond: ((id >= 7819431) AND (id <= 7820430))
	        ->  Bitmap Index Scan on sbtest1_pkey  (cost=0.00..33.95 rows=952 width=0)
	              Index Cond: ((id >= 7819431) AND (id <= 7820430))

table 2 : explain SELECT c FROM sbtest2 WHERE id BETWEEN 2012164 AND 2013163 ORDER BY c
	Sort  (cost=3785.05..3787.45 rows=963 width=121)
	  Sort Key: c
	  ->  Bitmap Heap Scan on sbtest2  (cost=34.31..3737.32 rows=963 width=121)
	        Recheck Cond: ((id >= 2012164) AND (id <= 2013163))
	        ->  Bitmap Index Scan on sbtest2_pkey  (cost=0.00..34.07 rows=963 width=0)
	              Index Cond: ((id >= 2012164) AND (id <= 2013163))

table 3 : explain SELECT c FROM sbtest3 WHERE id BETWEEN 5659847 AND 5660846 ORDER BY c
	Sort  (cost=3806.80..3809.22 rows=968 width=121)
	  Sort Key: c
	  ->  Bitmap Heap Scan on sbtest3  (cost=34.36..3758.79 rows=968 width=121)
	        Recheck Cond: ((id >= 5659847) AND (id <= 5660846))
	        ->  Bitmap Index Scan on sbtest3_pkey  (cost=0.00..34.12 rows=968 width=0)
	              Index Cond: ((id >= 5659847) AND (id <= 5660846))

table 4 : explain SELECT c FROM sbtest4 WHERE id BETWEEN 2065158 AND 2066157 ORDER BY c
	Sort  (cost=3747.91..3750.29 rows=952 width=121)
	  Sort Key: c
	  ->  Bitmap Heap Scan on sbtest4  (cost=34.19..3700.82 rows=952 width=121)
	        Recheck Cond: ((id >= 2065158) AND (id <= 2066157))
	        ->  Bitmap Index Scan on sbtest4_pkey  (cost=0.00..33.95 rows=952 width=0)
	              Index Cond: ((id >= 2065158) AND (id <= 2066157))

table 5 : explain SELECT c FROM sbtest5 WHERE id BETWEEN 1545811 AND 1546810 ORDER BY c
	Sort  (cost=3721.41..3723.78 rows=947 width=121)
	  Sort Key: c
	  ->  Bitmap Heap Scan on sbtest5  (cost=34.14..3674.59 rows=947 width=121)
	        Recheck Cond: ((id >= 1545811) AND (id <= 1546810))
	        ->  Bitmap Index Scan on sbtest5_pkey  (cost=0.00..33.91 rows=947 width=0)
	              Index Cond: ((id >= 1545811) AND (id <= 1546810))

table 6 : explain SELECT c FROM sbtest6 WHERE id BETWEEN 8453529 AND 8454528 ORDER BY c
	Sort  (cost=3923.31..3925.80 rows=999 width=121)
	  Sort Key: c
	  ->  Bitmap Heap Scan on sbtest6  (cost=34.67..3873.53 rows=999 width=121)
	        Recheck Cond: ((id >= 8453529) AND (id <= 8454528))
	        ->  Bitmap Index Scan on sbtest6_pkey  (cost=0.00..34.43 rows=999 width=0)
	              Index Cond: ((id >= 8453529) AND (id <= 8454528))

table 7 : explain SELECT c FROM sbtest7 WHERE id BETWEEN 3210013 AND 3211012 ORDER BY c
	Sort  (cost=3582.98..3585.26 rows=910 width=121)
	  Sort Key: c
	  ->  Bitmap Heap Scan on sbtest7  (cost=29.76..3538.26 rows=910 width=121)
	        Recheck Cond: ((id >= 3210013) AND (id <= 3211012))
	        ->  Bitmap Index Scan on sbtest7_pkey  (cost=0.00..29.54 rows=910 width=0)
	              Index Cond: ((id >= 3210013) AND (id <= 3211012))

table 8 : explain SELECT c FROM sbtest8 WHERE id BETWEEN 89433 AND 90432 ORDER BY c
	Sort  (cost=4047.17..4049.72 rows=1020 width=121)
	  Sort Key: c
	  ->  Index Scan using sbtest8_pkey on sbtest8  (cost=0.43..3996.20 rows=1020 width=121)
	        Index Cond: ((id >= 89433) AND (id <= 90432))

explain: for point_selects :: explain SELECT c FROM sbtest%u WHERE id=%u
for point_selects
table 1 : explain SELECT c FROM sbtest1 WHERE id=5664946
	Index Scan using sbtest1_pkey on sbtest1  (cost=0.43..8.45 rows=1 width=121)
	  Index Cond: (id = 5664946)

table 2 : explain SELECT c FROM sbtest2 WHERE id=3896437
	Index Scan using sbtest2_pkey on sbtest2  (cost=0.43..8.45 rows=1 width=121)
	  Index Cond: (id = 3896437)

table 3 : explain SELECT c FROM sbtest3 WHERE id=9639200
	Index Scan using sbtest3_pkey on sbtest3  (cost=0.43..8.45 rows=1 width=121)
	  Index Cond: (id = 9639200)

table 4 : explain SELECT c FROM sbtest4 WHERE id=3749859
	Index Scan using sbtest4_pkey on sbtest4  (cost=0.43..8.45 rows=1 width=121)
	  Index Cond: (id = 3749859)

table 5 : explain SELECT c FROM sbtest5 WHERE id=3899972
	Index Scan using sbtest5_pkey on sbtest5  (cost=0.43..8.45 rows=1 width=121)
	  Index Cond: (id = 3899972)

table 6 : explain SELECT c FROM sbtest6 WHERE id=7905861
	Index Scan using sbtest6_pkey on sbtest6  (cost=0.43..8.45 rows=1 width=121)
	  Index Cond: (id = 7905861)

table 7 : explain SELECT c FROM sbtest7 WHERE id=6218713
	Index Scan using sbtest7_pkey on sbtest7  (cost=0.43..8.45 rows=1 width=121)
	  Index Cond: (id = 6218713)

table 8 : explain SELECT c FROM sbtest8 WHERE id=4764093
	Index Scan using sbtest8_pkey on sbtest8  (cost=0.43..8.45 rows=1 width=121)
	  Index Cond: (id = 4764093)

for: simple_ranges
table 1 : explain SELECT c FROM sbtest1 WHERE id BETWEEN 6932712 AND 6933711
	Bitmap Heap Scan on sbtest1  (cost=34.36..3757.10 rows=968 width=121)
	  Recheck Cond: ((id >= 6932712) AND (id <= 6933711))
	  ->  Bitmap Index Scan on sbtest1_pkey  (cost=0.00..34.12 rows=968 width=0)
	        Index Cond: ((id >= 6932712) AND (id <= 6933711))

table 2 : explain SELECT c FROM sbtest2 WHERE id BETWEEN 7923569 AND 7924568
	Bitmap Heap Scan on sbtest2  (cost=29.77..3536.76 rows=911 width=121)
	  Recheck Cond: ((id >= 7923569) AND (id <= 7924568))
	  ->  Bitmap Index Scan on sbtest2_pkey  (cost=0.00..29.54 rows=911 width=0)
	        Index Cond: ((id >= 7923569) AND (id <= 7924568))

table 3 : explain SELECT c FROM sbtest3 WHERE id BETWEEN 5692553 AND 5693552
	Bitmap Heap Scan on sbtest3  (cost=34.36..3758.79 rows=968 width=121)
	  Recheck Cond: ((id >= 5692553) AND (id <= 5693552))
	  ->  Bitmap Index Scan on sbtest3_pkey  (cost=0.00..34.12 rows=968 width=0)
	        Index Cond: ((id >= 5692553) AND (id <= 5693552))

table 4 : explain SELECT c FROM sbtest4 WHERE id BETWEEN 9837785 AND 9838784
	Bitmap Heap Scan on sbtest4  (cost=34.49..3810.56 rows=981 width=121)
	  Recheck Cond: ((id >= 9837785) AND (id <= 9838784))
	  ->  Bitmap Index Scan on sbtest4_pkey  (cost=0.00..34.25 rows=981 width=0)
	        Index Cond: ((id >= 9837785) AND (id <= 9838784))

table 5 : explain SELECT c FROM sbtest5 WHERE id BETWEEN 7294852 AND 7295851
	Bitmap Heap Scan on sbtest5  (cost=39.89..4318.53 rows=1118 width=121)
	  Recheck Cond: ((id >= 7294852) AND (id <= 7295851))
	  ->  Bitmap Index Scan on sbtest5_pkey  (cost=0.00..39.62 rows=1118 width=0)
	        Index Cond: ((id >= 7294852) AND (id <= 7295851))

table 6 : explain SELECT c FROM sbtest6 WHERE id BETWEEN 1551759 AND 1552758
	Bitmap Heap Scan on sbtest6  (cost=34.08..3654.51 rows=941 width=121)
	  Recheck Cond: ((id >= 1551759) AND (id <= 1552758))
	  ->  Bitmap Index Scan on sbtest6_pkey  (cost=0.00..33.84 rows=941 width=0)
	        Index Cond: ((id >= 1551759) AND (id <= 1552758))

table 7 : explain SELECT c FROM sbtest7 WHERE id BETWEEN 8453555 AND 8454554
	Bitmap Heap Scan on sbtest7  (cost=29.72..3523.09 rows=906 width=121)
	  Recheck Cond: ((id >= 8453555) AND (id <= 8454554))
	  ->  Bitmap Index Scan on sbtest7_pkey  (cost=0.00..29.50 rows=906 width=0)
	        Index Cond: ((id >= 8453555) AND (id <= 8454554))

table 8 : explain SELECT c FROM sbtest8 WHERE id BETWEEN 5542494 AND 5543493
	Bitmap Heap Scan on sbtest8  (cost=39.84..4311.62 rows=1113 width=121)
	  Recheck Cond: ((id >= 5542494) AND (id <= 5543493))
	  ->  Bitmap Index Scan on sbtest8_pkey  (cost=0.00..39.57 rows=1113 width=0)
	        Index Cond: ((id >= 5542494) AND (id <= 5543493))

explain: for point_selects :: explain SELECT c FROM sbtest%u WHERE id=%u
for: order_ranges
table 1 : explain SELECT c FROM sbtest1 WHERE id BETWEEN 6167495 AND 6168494 ORDER BY c
	Sort  (cost=3870.27..3872.73 rows=985 width=121)
	  Sort Key: c
	  ->  Bitmap Heap Scan on sbtest1  (cost=34.53..3821.29 rows=985 width=121)
	        Recheck Cond: ((id >= 6167495) AND (id <= 6168494))
	        ->  Bitmap Index Scan on sbtest1_pkey  (cost=0.00..34.29 rows=985 width=0)
	              Index Cond: ((id >= 6167495) AND (id <= 6168494))

table 2 : explain SELECT c FROM sbtest2 WHERE id BETWEEN 2248636 AND 2249635 ORDER BY c
	Sort  (cost=3861.69..3864.15 rows=983 width=121)
	  Sort Key: c
	  ->  Bitmap Heap Scan on sbtest2  (cost=34.51..3812.83 rows=983 width=121)
	        Recheck Cond: ((id >= 2248636) AND (id <= 2249635))
	        ->  Bitmap Index Scan on sbtest2_pkey  (cost=0.00..34.27 rows=983 width=0)
	              Index Cond: ((id >= 2248636) AND (id <= 2249635))

table 3 : explain SELECT c FROM sbtest3 WHERE id BETWEEN 7470267 AND 7471266 ORDER BY c
	Sort  (cost=4121.02..4123.65 rows=1050 width=121)
	  Sort Key: c
	  ->  Bitmap Heap Scan on sbtest3  (cost=35.20..4068.33 rows=1050 width=121)
	        Recheck Cond: ((id >= 7470267) AND (id <= 7471266))
	        ->  Bitmap Index Scan on sbtest3_pkey  (cost=0.00..34.94 rows=1050 width=0)
	              Index Cond: ((id >= 7470267) AND (id <= 7471266))

table 4 : explain SELECT c FROM sbtest4 WHERE id BETWEEN 1815187 AND 1816186 ORDER BY c
	Sort  (cost=4097.12..4099.73 rows=1043 width=121)
	  Sort Key: c
	  ->  Bitmap Heap Scan on sbtest4  (cost=35.13..4044.83 rows=1043 width=121)
	        Recheck Cond: ((id >= 1815187) AND (id <= 1816186))
	        ->  Bitmap Index Scan on sbtest4_pkey  (cost=0.00..34.87 rows=1043 width=0)
	              Index Cond: ((id >= 1815187) AND (id <= 1816186))

table 5 : explain SELECT c FROM sbtest5 WHERE id BETWEEN 9773416 AND 9774415 ORDER BY c
	Sort  (cost=3989.33..3991.87 rows=1017 width=121)
	  Sort Key: c
	  ->  Bitmap Heap Scan on sbtest5  (cost=34.86..3938.53 rows=1017 width=121)
	        Recheck Cond: ((id >= 9773416) AND (id <= 9774415))
	        ->  Bitmap Index Scan on sbtest5_pkey  (cost=0.00..34.61 rows=1017 width=0)
	              Index Cond: ((id >= 9773416) AND (id <= 9774415))

table 6 : explain SELECT c FROM sbtest6 WHERE id BETWEEN 5902190 AND 5903189 ORDER BY c
	Sort  (cost=3516.53..3518.76 rows=894 width=121)
	  Sort Key: c
	  ->  Bitmap Heap Scan on sbtest6  (cost=29.60..3472.70 rows=894 width=121)
	        Recheck Cond: ((id >= 5902190) AND (id <= 5903189))
	        ->  Bitmap Index Scan on sbtest6_pkey  (cost=0.00..29.37 rows=894 width=0)
	              Index Cond: ((id >= 5902190) AND (id <= 5903189))

table 7 : explain SELECT c FROM sbtest7 WHERE id BETWEEN 1652306 AND 1653305 ORDER BY c
	Sort  (cost=4063.31..4065.90 rows=1034 width=121)
	  Sort Key: c
	  ->  Bitmap Heap Scan on sbtest7  (cost=35.03..4011.54 rows=1034 width=121)
	        Recheck Cond: ((id >= 1652306) AND (id <= 1653305))
	        ->  Bitmap Index Scan on sbtest7_pkey  (cost=0.00..34.78 rows=1034 width=0)
	              Index Cond: ((id >= 1652306) AND (id <= 1653305))

table 8 : explain SELECT c FROM sbtest8 WHERE id BETWEEN 7631041 AND 7632040 ORDER BY c
	Sort  (cost=3845.50..3847.93 rows=969 width=121)
	  Sort Key: c
	  ->  Index Scan using sbtest8_pkey on sbtest8  (cost=0.43..3797.44 rows=969 width=121)
	        Index Cond: ((id >= 7631041) AND (id <= 7632040))

for: distinct_ranges
table 1 : explain SELECT DISTINCT c FROM sbtest1 WHERE id BETWEEN 9521366 AND 9522365 ORDER BY c
	Unique  (cost=4164.99..4170.30 rows=1062 width=121)
	  ->  Sort  (cost=4164.99..4167.65 rows=1062 width=121)
	        Sort Key: c
	        ->  Bitmap Heap Scan on sbtest1  (cost=35.32..4111.61 rows=1062 width=121)
	              Recheck Cond: ((id >= 9521366) AND (id <= 9522365))
	              ->  Bitmap Index Scan on sbtest1_pkey  (cost=0.00..35.06 rows=1062 width=0)
	                    Index Cond: ((id >= 9521366) AND (id <= 9522365))

table 2 : explain SELECT DISTINCT c FROM sbtest2 WHERE id BETWEEN 8249577 AND 8250576 ORDER BY c
	Unique  (cost=4026.31..4031.44 rows=1026 width=121)
	  ->  Sort  (cost=4026.31..4028.88 rows=1026 width=121)
	        Sort Key: c
	        ->  Bitmap Heap Scan on sbtest2  (cost=34.95..3975.00 rows=1026 width=121)
	              Recheck Cond: ((id >= 8249577) AND (id <= 8250576))
	              ->  Bitmap Index Scan on sbtest2_pkey  (cost=0.00..34.70 rows=1026 width=0)
	                    Index Cond: ((id >= 8249577) AND (id <= 8250576))

table 3 : explain SELECT DISTINCT c FROM sbtest3 WHERE id BETWEEN 9961828 AND 9962827 ORDER BY c
	Unique  (cost=3634.02..3638.63 rows=923 width=121)
	  ->  Sort  (cost=3634.02..3636.33 rows=923 width=121)
	        Sort Key: c
	        ->  Bitmap Heap Scan on sbtest3  (cost=33.90..3588.56 rows=923 width=121)
	              Recheck Cond: ((id >= 9961828) AND (id <= 9962827))
	              ->  Bitmap Index Scan on sbtest3_pkey  (cost=0.00..33.67 rows=923 width=0)
	                    Index Cond: ((id >= 9961828) AND (id <= 9962827))

table 4 : explain SELECT DISTINCT c FROM sbtest4 WHERE id BETWEEN 5835563 AND 5836562 ORDER BY c
	Unique  (cost=3920.72..3925.70 rows=997 width=121)
	  ->  Sort  (cost=3920.72..3923.21 rows=997 width=121)
	        Sort Key: c
	        ->  Bitmap Heap Scan on sbtest4  (cost=34.65..3871.06 rows=997 width=121)
	              Recheck Cond: ((id >= 5835563) AND (id <= 5836562))
	              ->  Bitmap Index Scan on sbtest4_pkey  (cost=0.00..34.41 rows=997 width=0)
	                    Index Cond: ((id >= 5835563) AND (id <= 5836562))

table 5 : explain SELECT DISTINCT c FROM sbtest5 WHERE id BETWEEN 6540680 AND 6541679 ORDER BY c
	Unique  (cost=3985.51..3990.59 rows=1016 width=121)
	  ->  Sort  (cost=3985.51..3988.05 rows=1016 width=121)
	        Sort Key: c
	        ->  Bitmap Heap Scan on sbtest5  (cost=34.85..3934.77 rows=1016 width=121)
	              Recheck Cond: ((id >= 6540680) AND (id <= 6541679))
	              ->  Bitmap Index Scan on sbtest5_pkey  (cost=0.00..34.59 rows=1016 width=0)
	                    Index Cond: ((id >= 6540680) AND (id <= 6541679))

table 6 : explain SELECT DISTINCT c FROM sbtest6 WHERE id BETWEEN 6271223 AND 6272222 ORDER BY c
	Unique  (cost=3804.53..3809.37 rows=968 width=121)
	  ->  Sort  (cost=3804.53..3806.95 rows=968 width=121)
	        Sort Key: c
	        ->  Bitmap Heap Scan on sbtest6  (cost=34.36..3756.52 rows=968 width=121)
	              Recheck Cond: ((id >= 6271223) AND (id <= 6272222))
	              ->  Bitmap Index Scan on sbtest6_pkey  (cost=0.00..34.12 rows=968 width=0)
	                    Index Cond: ((id >= 6271223) AND (id <= 6272222))

table 7 : explain SELECT DISTINCT c FROM sbtest7 WHERE id BETWEEN 9835598 AND 9836597 ORDER BY c
	Unique  (cost=3683.16..3687.84 rows=935 width=121)
	  ->  Sort  (cost=3683.16..3685.50 rows=935 width=121)
	        Sort Key: c
	        ->  Bitmap Heap Scan on sbtest7  (cost=34.02..3637.02 rows=935 width=121)
	              Recheck Cond: ((id >= 9835598) AND (id <= 9836597))
	              ->  Bitmap Index Scan on sbtest7_pkey  (cost=0.00..33.79 rows=935 width=0)
	                    Index Cond: ((id >= 9835598) AND (id <= 9836597))

table 8 : explain SELECT DISTINCT c FROM sbtest8 WHERE id BETWEEN 572286 AND 573285 ORDER BY c
	Unique  (cost=3976.00..3981.01 rows=1002 width=121)
	  ->  Sort  (cost=3976.00..3978.51 rows=1002 width=121)
	        Sort Key: c
	        ->  Index Scan using sbtest8_pkey on sbtest8  (cost=0.43..3926.06 rows=1002 width=121)
	              Index Cond: ((id >= 572286) AND (id <= 573285))

for: simple_ranges
table 1 : explain SELECT c FROM sbtest1 WHERE id BETWEEN 2168269 AND 2169268
	Bitmap Heap Scan on sbtest1  (cost=35.16..4051.35 rows=1046 width=121)
	  Recheck Cond: ((id >= 2168269) AND (id <= 2169268))
	  ->  Bitmap Index Scan on sbtest1_pkey  (cost=0.00..34.90 rows=1046 width=0)
	        Index Cond: ((id >= 2168269) AND (id <= 2169268))

table 2 : explain SELECT c FROM sbtest2 WHERE id BETWEEN 81257 AND 82256
	Bitmap Heap Scan on sbtest2  (cost=34.98..3986.30 rows=1029 width=121)
	  Recheck Cond: ((id >= 81257) AND (id <= 82256))
	  ->  Bitmap Index Scan on sbtest2_pkey  (cost=0.00..34.73 rows=1029 width=0)
	        Index Cond: ((id >= 81257) AND (id <= 82256))

table 3 : explain SELECT c FROM sbtest3 WHERE id BETWEEN 577019 AND 578018
	Bitmap Heap Scan on sbtest3  (cost=34.71..3887.24 rows=1002 width=121)
	  Recheck Cond: ((id >= 577019) AND (id <= 578018))
	  ->  Bitmap Index Scan on sbtest3_pkey  (cost=0.00..34.45 rows=1002 width=0)
	        Index Cond: ((id >= 577019) AND (id <= 578018))

table 4 : explain SELECT c FROM sbtest4 WHERE id BETWEEN 8528557 AND 8529556
	Bitmap Heap Scan on sbtest4  (cost=34.51..3818.12 rows=983 width=121)
	  Recheck Cond: ((id >= 8528557) AND (id <= 8529556))
	  ->  Bitmap Index Scan on sbtest4_pkey  (cost=0.00..34.27 rows=983 width=0)
	        Index Cond: ((id >= 8528557) AND (id <= 8529556))

table 5 : explain SELECT c FROM sbtest5 WHERE id BETWEEN 495646 AND 496645
	Bitmap Heap Scan on sbtest5  (cost=34.16..3682.14 rows=949 width=121)
	  Recheck Cond: ((id >= 495646) AND (id <= 496645))
	  ->  Bitmap Index Scan on sbtest5_pkey  (cost=0.00..33.93 rows=949 width=0)
	        Index Cond: ((id >= 495646) AND (id <= 496645))

table 6 : explain SELECT c FROM sbtest6 WHERE id BETWEEN 611533 AND 612532
	Bitmap Heap Scan on sbtest6  (cost=34.55..3828.25 rows=987 width=121)
	  Recheck Cond: ((id >= 611533) AND (id <= 612532))
	  ->  Bitmap Index Scan on sbtest6_pkey  (cost=0.00..34.31 rows=987 width=0)
	        Index Cond: ((id >= 611533) AND (id <= 612532))

table 7 : explain SELECT c FROM sbtest7 WHERE id BETWEEN 6551666 AND 6552665
	Bitmap Heap Scan on sbtest7  (cost=35.65..4237.94 rows=1094 width=121)
	  Recheck Cond: ((id >= 6551666) AND (id <= 6552665))
	  ->  Bitmap Index Scan on sbtest7_pkey  (cost=0.00..35.38 rows=1094 width=0)
	        Index Cond: ((id >= 6551666) AND (id <= 6552665))

table 8 : explain SELECT c FROM sbtest8 WHERE id BETWEEN 2747453 AND 2748452
	Index Scan using sbtest8_pkey on sbtest8  (cost=0.43..3816.92 rows=974 width=121)
	  Index Cond: ((id >= 2747453) AND (id <= 2748452))

explain: for point_selects :: explain SELECT c FROM sbtest%u WHERE id=%u
for: sum_ranges
table 1 : explain SELECT SUM(k) FROM sbtest1 WHERE id BETWEEN 4129982 AND 4130981
	Aggregate  (cost=3952.13..3952.14 rows=1 width=8)
	  ->  Bitmap Heap Scan on sbtest1  (cost=34.88..3949.58 rows=1019 width=4)
	        Recheck Cond: ((id >= 4129982) AND (id <= 4130981))
	        ->  Bitmap Index Scan on sbtest1_pkey  (cost=0.00..34.62 rows=1019 width=0)
	              Index Cond: ((id >= 4129982) AND (id <= 4130981))

table 2 : explain SELECT SUM(k) FROM sbtest2 WHERE id BETWEEN 4531735 AND 4532734
	Aggregate  (cost=3947.39..3947.40 rows=1 width=8)
	  ->  Bitmap Heap Scan on sbtest2  (cost=34.87..3944.84 rows=1018 width=4)
	        Recheck Cond: ((id >= 4531735) AND (id <= 4532734))
	        ->  Bitmap Index Scan on sbtest2_pkey  (cost=0.00..34.62 rows=1018 width=0)
	              Index Cond: ((id >= 4531735) AND (id <= 4532734))

table 3 : explain SELECT SUM(k) FROM sbtest3 WHERE id BETWEEN 4324956 AND 4325955
	Aggregate  (cost=4150.15..4150.16 rows=1 width=8)
	  ->  Bitmap Heap Scan on sbtest3  (cost=35.41..4147.47 rows=1071 width=4)
	        Recheck Cond: ((id >= 4324956) AND (id <= 4325955))
	        ->  Bitmap Index Scan on sbtest3_pkey  (cost=0.00..35.15 rows=1071 width=0)
	              Index Cond: ((id >= 4324956) AND (id <= 4325955))

table 4 : explain SELECT SUM(k) FROM sbtest4 WHERE id BETWEEN 5412603 AND 5413602
	Aggregate  (cost=3771.37..3771.38 rows=1 width=8)
	  ->  Bitmap Heap Scan on sbtest4  (cost=34.38..3768.94 rows=970 width=4)
	        Recheck Cond: ((id >= 5412603) AND (id <= 5413602))
	        ->  Bitmap Index Scan on sbtest4_pkey  (cost=0.00..34.14 rows=970 width=0)
	              Index Cond: ((id >= 5412603) AND (id <= 5413602))

table 5 : explain SELECT SUM(k) FROM sbtest5 WHERE id BETWEEN 7437482 AND 7438481
	Aggregate  (cost=3563.57..3563.58 rows=1 width=8)
	  ->  Bitmap Heap Scan on sbtest5  (cost=33.83..3561.28 rows=917 width=4)
	        Recheck Cond: ((id >= 7437482) AND (id <= 7438481))
	        ->  Bitmap Index Scan on sbtest5_pkey  (cost=0.00..33.61 rows=917 width=0)
	              Index Cond: ((id >= 7437482) AND (id <= 7438481))

table 6 : explain SELECT SUM(k) FROM sbtest6 WHERE id BETWEEN 3289805 AND 3290804
	Aggregate  (cost=3653.08..3653.09 rows=1 width=8)
	  ->  Bitmap Heap Scan on sbtest6  (cost=34.07..3650.73 rows=940 width=4)
	        Recheck Cond: ((id >= 3289805) AND (id <= 3290804))
	        ->  Bitmap Index Scan on sbtest6_pkey  (cost=0.00..33.84 rows=940 width=0)
	              Index Cond: ((id >= 3289805) AND (id <= 3290804))

table 7 : explain SELECT SUM(k) FROM sbtest7 WHERE id BETWEEN 880217 AND 881216
	Aggregate  (cost=4017.90..4017.91 rows=1 width=8)
	  ->  Bitmap Heap Scan on sbtest7  (cost=35.04..4015.32 rows=1035 width=4)
	        Recheck Cond: ((id >= 880217) AND (id <= 881216))
	        ->  Bitmap Index Scan on sbtest7_pkey  (cost=0.00..34.79 rows=1035 width=0)
	              Index Cond: ((id >= 880217) AND (id <= 881216))

table 8 : explain SELECT SUM(k) FROM sbtest8 WHERE id BETWEEN 2459519 AND 2460518
	Aggregate  (cost=4019.95..4019.96 rows=1 width=8)
	  ->  Bitmap Heap Scan on sbtest8  (cost=35.05..4017.36 rows=1036 width=4)
	        Recheck Cond: ((id >= 2459519) AND (id <= 2460518))
	        ->  Bitmap Index Scan on sbtest8_pkey  (cost=0.00..34.80 rows=1036 width=0)
	              Index Cond: ((id >= 2459519) AND (id <= 2460518))

for: sum_ranges
table 1 : explain SELECT SUM(k) FROM sbtest1 WHERE id BETWEEN 6978479 AND 6979478
	Aggregate  (cost=3759.52..3759.53 rows=1 width=8)
	  ->  Bitmap Heap Scan on sbtest1  (cost=34.36..3757.10 rows=968 width=4)
	        Recheck Cond: ((id >= 6978479) AND (id <= 6979478))
	        ->  Bitmap Index Scan on sbtest1_pkey  (cost=0.00..34.12 rows=968 width=0)
	              Index Cond: ((id >= 6978479) AND (id <= 6979478))

table 2 : explain SELECT SUM(k) FROM sbtest2 WHERE id BETWEEN 7631622 AND 7632621
	Aggregate  (cost=4421.97..4421.98 rows=1 width=8)
	  ->  Bitmap Heap Scan on sbtest2  (cost=40.16..4419.11 rows=1144 width=4)
	        Recheck Cond: ((id >= 7631622) AND (id <= 7632621))
	        ->  Bitmap Index Scan on sbtest2_pkey  (cost=0.00..39.88 rows=1144 width=0)
	              Index Cond: ((id >= 7631622) AND (id <= 7632621))

table 3 : explain SELECT SUM(k) FROM sbtest3 WHERE id BETWEEN 5270370 AND 5271369
	Aggregate  (cost=4286.02..4286.03 rows=1 width=8)
	  ->  Bitmap Heap Scan on sbtest3  (cost=39.77..4283.26 rows=1106 width=4)
	        Recheck Cond: ((id >= 5270370) AND (id <= 5271369))
	        ->  Bitmap Index Scan on sbtest3_pkey  (cost=0.00..39.50 rows=1106 width=0)
	              Index Cond: ((id >= 5270370) AND (id <= 5271369))

table 4 : explain SELECT SUM(k) FROM sbtest4 WHERE id BETWEEN 9535319 AND 9536318
	Aggregate  (cost=4017.22..4017.23 rows=1 width=8)
	  ->  Bitmap Heap Scan on sbtest4  (cost=35.04..4014.63 rows=1035 width=4)
	        Recheck Cond: ((id >= 9535319) AND (id <= 9536318))
	        ->  Bitmap Index Scan on sbtest4_pkey  (cost=0.00..34.79 rows=1035 width=0)
	              Index Cond: ((id >= 9535319) AND (id <= 9536318))

table 5 : explain SELECT SUM(k) FROM sbtest5 WHERE id BETWEEN 6687574 AND 6688573
	Aggregate  (cost=4016.42..4016.43 rows=1 width=8)
	  ->  Bitmap Heap Scan on sbtest5  (cost=35.06..4013.83 rows=1037 width=4)
	        Recheck Cond: ((id >= 6687574) AND (id <= 6688573))
	        ->  Bitmap Index Scan on sbtest5_pkey  (cost=0.00..34.81 rows=1037 width=0)
	              Index Cond: ((id >= 6687574) AND (id <= 6688573))

table 6 : explain SELECT SUM(k) FROM sbtest6 WHERE id BETWEEN 1117059 AND 1118058
	Aggregate  (cost=3694.68..3694.69 rows=1 width=8)
	  ->  Bitmap Heap Scan on sbtest6  (cost=34.18..3692.30 rows=951 width=4)
	        Recheck Cond: ((id >= 1117059) AND (id <= 1118058))
	        ->  Bitmap Index Scan on sbtest6_pkey  (cost=0.00..33.95 rows=951 width=0)
	              Index Cond: ((id >= 1117059) AND (id <= 1118058))

table 7 : explain SELECT SUM(k) FROM sbtest7 WHERE id BETWEEN 6774629 AND 6775628
	Aggregate  (cost=4044.36..4044.37 rows=1 width=8)
	  ->  Bitmap Heap Scan on sbtest7  (cost=35.12..4041.75 rows=1042 width=4)
	        Recheck Cond: ((id >= 6774629) AND (id <= 6775628))
	        ->  Bitmap Index Scan on sbtest7_pkey  (cost=0.00..34.86 rows=1042 width=0)
	              Index Cond: ((id >= 6774629) AND (id <= 6775628))

table 8 : explain SELECT SUM(k) FROM sbtest8 WHERE id BETWEEN 5629032 AND 5630031
	Aggregate  (cost=3526.74..3526.75 rows=1 width=8)
	  ->  Index Scan using sbtest8_pkey on sbtest8  (cost=0.43..3524.49 rows=900 width=4)
	        Index Cond: ((id >= 5629032) AND (id <= 5630031))

for: sum_ranges
table 1 : explain SELECT SUM(k) FROM sbtest1 WHERE id BETWEEN 5465788 AND 5466787
	Aggregate  (cost=4393.05..4393.06 rows=1 width=8)
	  ->  Bitmap Heap Scan on sbtest1  (cost=40.08..4390.21 rows=1136 width=4)
	        Recheck Cond: ((id >= 5465788) AND (id <= 5466787))
	        ->  Bitmap Index Scan on sbtest1_pkey  (cost=0.00..39.80 rows=1136 width=0)
	              Index Cond: ((id >= 5465788) AND (id <= 5466787))

table 2 : explain SELECT SUM(k) FROM sbtest2 WHERE id BETWEEN 8367840 AND 8368839
	Aggregate  (cost=3879.47..3879.48 rows=1 width=8)
	  ->  Bitmap Heap Scan on sbtest2  (cost=34.69..3876.97 rows=1000 width=4)
	        Recheck Cond: ((id >= 8367840) AND (id <= 8368839))
	        ->  Bitmap Index Scan on sbtest2_pkey  (cost=0.00..34.44 rows=1000 width=0)
	              Index Cond: ((id >= 8367840) AND (id <= 8368839))

table 3 : explain SELECT SUM(k) FROM sbtest3 WHERE id BETWEEN 2496309 AND 2497308
	Aggregate  (cost=3901.08..3901.09 rows=1 width=8)
	  ->  Bitmap Heap Scan on sbtest3  (cost=34.74..3898.57 rows=1005 width=4)
	        Recheck Cond: ((id >= 2496309) AND (id <= 2497308))
	        ->  Bitmap Index Scan on sbtest3_pkey  (cost=0.00..34.48 rows=1005 width=0)
	              Index Cond: ((id >= 2496309) AND (id <= 2497308))

table 4 : explain SELECT SUM(k) FROM sbtest4 WHERE id BETWEEN 3645809 AND 3646808
	Aggregate  (cost=3748.65..3748.66 rows=1 width=8)
	  ->  Bitmap Heap Scan on sbtest4  (cost=34.32..3746.24 rows=964 width=4)
	        Recheck Cond: ((id >= 3645809) AND (id <= 3646808))
	        ->  Bitmap Index Scan on sbtest4_pkey  (cost=0.00..34.08 rows=964 width=0)
	              Index Cond: ((id >= 3645809) AND (id <= 3646808))

table 5 : explain SELECT SUM(k) FROM sbtest5 WHERE id BETWEEN 6414646 AND 6415645
	Aggregate  (cost=3854.36..3854.37 rows=1 width=8)
	  ->  Bitmap Heap Scan on sbtest5  (cost=34.62..3851.88 rows=994 width=4)
	        Recheck Cond: ((id >= 6414646) AND (id <= 6415645))
	        ->  Bitmap Index Scan on sbtest5_pkey  (cost=0.00..34.38 rows=994 width=0)
	              Index Cond: ((id >= 6414646) AND (id <= 6415645))

table 6 : explain SELECT SUM(k) FROM sbtest6 WHERE id BETWEEN 7398545 AND 7399544
	Aggregate  (cost=3811.84..3811.85 rows=1 width=8)
	  ->  Bitmap Heap Scan on sbtest6  (cost=34.50..3809.38 rows=982 width=4)
	        Recheck Cond: ((id >= 7398545) AND (id <= 7399544))
	        ->  Bitmap Index Scan on sbtest6_pkey  (cost=0.00..34.26 rows=982 width=0)
	              Index Cond: ((id >= 7398545) AND (id <= 7399544))

table 7 : explain SELECT SUM(k) FROM sbtest7 WHERE id BETWEEN 1235093 AND 1236092
	Aggregate  (cost=3422.83..3422.84 rows=1 width=8)
	  ->  Bitmap Heap Scan on sbtest7  (cost=29.44..3420.63 rows=879 width=4)
	        Recheck Cond: ((id >= 1235093) AND (id <= 1236092))
	        ->  Bitmap Index Scan on sbtest7_pkey  (cost=0.00..29.22 rows=879 width=0)
	              Index Cond: ((id >= 1235093) AND (id <= 1236092))

table 8 : explain SELECT SUM(k) FROM sbtest8 WHERE id BETWEEN 346720 AND 347719
	Aggregate  (cost=3772.57..3772.58 rows=1 width=8)
	  ->  Index Scan using sbtest8_pkey on sbtest8  (cost=0.43..3770.16 rows=962 width=4)
	        Index Cond: ((id >= 346720) AND (id <= 347719))

for: sum_ranges
table 1 : explain SELECT SUM(k) FROM sbtest1 WHERE id BETWEEN 4274965 AND 4275964
	Aggregate  (cost=3782.19..3782.20 rows=1 width=8)
	  ->  Bitmap Heap Scan on sbtest1  (cost=34.42..3779.76 rows=974 width=4)
	        Recheck Cond: ((id >= 4274965) AND (id <= 4275964))
	        ->  Bitmap Index Scan on sbtest1_pkey  (cost=0.00..34.18 rows=974 width=0)
	              Index Cond: ((id >= 4274965) AND (id <= 4275964))

table 2 : explain SELECT SUM(k) FROM sbtest2 WHERE id BETWEEN 4805941 AND 4806940
	Aggregate  (cost=4045.42..4045.43 rows=1 width=8)
	  ->  Bitmap Heap Scan on sbtest2  (cost=35.14..4042.81 rows=1044 width=4)
	        Recheck Cond: ((id >= 4805941) AND (id <= 4806940))
	        ->  Bitmap Index Scan on sbtest2_pkey  (cost=0.00..34.88 rows=1044 width=0)
	              Index Cond: ((id >= 4805941) AND (id <= 4806940))

table 3 : explain SELECT SUM(k) FROM sbtest3 WHERE id BETWEEN 1038325 AND 1039324
	Aggregate  (cost=3889.75..3889.76 rows=1 width=8)
	  ->  Bitmap Heap Scan on sbtest3  (cost=34.71..3887.24 rows=1002 width=4)
	        Recheck Cond: ((id >= 1038325) AND (id <= 1039324))
	        ->  Bitmap Index Scan on sbtest3_pkey  (cost=0.00..34.45 rows=1002 width=0)
	              Index Cond: ((id >= 1038325) AND (id <= 1039324))

table 4 : explain SELECT SUM(k) FROM sbtest4 WHERE id BETWEEN 9779153 AND 9780152
	Aggregate  (cost=3498.22..3498.23 rows=1 width=8)
	  ->  Bitmap Heap Scan on sbtest4  (cost=29.65..3495.98 rows=899 width=4)
	        Recheck Cond: ((id >= 9779153) AND (id <= 9780152))
	        ->  Bitmap Index Scan on sbtest4_pkey  (cost=0.00..29.43 rows=899 width=0)
	              Index Cond: ((id >= 9779153) AND (id <= 9780152))

table 5 : explain SELECT SUM(k) FROM sbtest5 WHERE id BETWEEN 5098899 AND 5099898
	Aggregate  (cost=3944.84..3944.85 rows=1 width=8)
	  ->  Bitmap Heap Scan on sbtest5  (cost=34.87..3942.30 rows=1018 width=4)
	        Recheck Cond: ((id >= 5098899) AND (id <= 5099898))
	        ->  Bitmap Index Scan on sbtest5_pkey  (cost=0.00..34.62 rows=1018 width=0)
	              Index Cond: ((id >= 5098899) AND (id <= 5099898))

table 6 : explain SELECT SUM(k) FROM sbtest6 WHERE id BETWEEN 9172194 AND 9173193
	Aggregate  (cost=3966.60..3966.61 rows=1 width=8)
	  ->  Bitmap Heap Scan on sbtest6  (cost=34.92..3964.04 rows=1023 width=4)
	        Recheck Cond: ((id >= 9172194) AND (id <= 9173193))
	        ->  Bitmap Index Scan on sbtest6_pkey  (cost=0.00..34.67 rows=1023 width=0)
	              Index Cond: ((id >= 9172194) AND (id <= 9173193))

table 7 : explain SELECT SUM(k) FROM sbtest7 WHERE id BETWEEN 8923035 AND 8924034
	Aggregate  (cost=4044.36..4044.37 rows=1 width=8)
	  ->  Bitmap Heap Scan on sbtest7  (cost=35.12..4041.75 rows=1042 width=4)
	        Recheck Cond: ((id >= 8923035) AND (id <= 8924034))
	        ->  Bitmap Index Scan on sbtest7_pkey  (cost=0.00..34.86 rows=1042 width=0)
	              Index Cond: ((id >= 8923035) AND (id <= 8924034))

table 8 : explain SELECT SUM(k) FROM sbtest8 WHERE id BETWEEN 3285666 AND 3286665
	Aggregate  (cost=3838.85..3838.86 rows=1 width=8)
	  ->  Index Scan using sbtest8_pkey on sbtest8  (cost=0.43..3836.41 rows=979 width=4)
	        Index Cond: ((id >= 3285666) AND (id <= 3286665))

for point_selects
table 1 : explain SELECT c FROM sbtest1 WHERE id=7002883
	Index Scan using sbtest1_pkey on sbtest1  (cost=0.43..8.45 rows=1 width=121)
	  Index Cond: (id = 7002883)

table 2 : explain SELECT c FROM sbtest2 WHERE id=8647491
	Index Scan using sbtest2_pkey on sbtest2  (cost=0.43..8.45 rows=1 width=121)
	  Index Cond: (id = 8647491)

table 3 : explain SELECT c FROM sbtest3 WHERE id=7973506
	Index Scan using sbtest3_pkey on sbtest3  (cost=0.43..8.45 rows=1 width=121)
	  Index Cond: (id = 7973506)

table 4 : explain SELECT c FROM sbtest4 WHERE id=2112419
	Index Scan using sbtest4_pkey on sbtest4  (cost=0.43..8.45 rows=1 width=121)
	  Index Cond: (id = 2112419)

table 5 : explain SELECT c FROM sbtest5 WHERE id=130263
	Index Scan using sbtest5_pkey on sbtest5  (cost=0.43..8.45 rows=1 width=121)
	  Index Cond: (id = 130263)

table 6 : explain SELECT c FROM sbtest6 WHERE id=315462
	Index Scan using sbtest6_pkey on sbtest6  (cost=0.43..8.45 rows=1 width=121)
	  Index Cond: (id = 315462)

table 7 : explain SELECT c FROM sbtest7 WHERE id=118363
	Index Scan using sbtest7_pkey on sbtest7  (cost=0.43..8.45 rows=1 width=121)
	  Index Cond: (id = 118363)

table 8 : explain SELECT c FROM sbtest8 WHERE id=2004695
	Index Scan using sbtest8_pkey on sbtest8  (cost=0.43..8.45 rows=1 width=121)
	  Index Cond: (id = 2004695)

explain: for point_selects :: explain SELECT c FROM sbtest%u WHERE id=%u
for: distinct_ranges
table 1 : explain SELECT DISTINCT c FROM sbtest1 WHERE id BETWEEN 6926751 AND 6927750 ORDER BY c
	Unique  (cost=3805.10..3809.94 rows=968 width=121)
	  ->  Sort  (cost=3805.10..3807.52 rows=968 width=121)
	        Sort Key: c
	        ->  Bitmap Heap Scan on sbtest1  (cost=34.36..3757.10 rows=968 width=121)
	              Recheck Cond: ((id >= 6926751) AND (id <= 6927750))
	              ->  Bitmap Index Scan on sbtest1_pkey  (cost=0.00..34.12 rows=968 width=0)
	                    Index Cond: ((id >= 6926751) AND (id <= 6927750))

table 2 : explain SELECT DISTINCT c FROM sbtest2 WHERE id BETWEEN 2272144 AND 2273143 ORDER BY c
	Unique  (cost=3861.69..3866.60 rows=983 width=121)
	  ->  Sort  (cost=3861.69..3864.15 rows=983 width=121)
	        Sort Key: c
	        ->  Bitmap Heap Scan on sbtest2  (cost=34.51..3812.83 rows=983 width=121)
	              Recheck Cond: ((id >= 2272144) AND (id <= 2273143))
	              ->  Bitmap Index Scan on sbtest2_pkey  (cost=0.00..34.27 rows=983 width=0)
	                    Index Cond: ((id >= 2272144) AND (id <= 2273143))

table 3 : explain SELECT DISTINCT c FROM sbtest3 WHERE id BETWEEN 8762139 AND 8763138 ORDER BY c
	Unique  (cost=3799.13..3803.96 rows=966 width=121)
	  ->  Sort  (cost=3799.13..3801.54 rows=966 width=121)
	        Sort Key: c
	        ->  Bitmap Heap Scan on sbtest3  (cost=34.34..3751.23 rows=966 width=121)
	              Recheck Cond: ((id >= 8762139) AND (id <= 8763138))
	              ->  Bitmap Index Scan on sbtest3_pkey  (cost=0.00..34.09 rows=966 width=0)
	                    Index Cond: ((id >= 8762139) AND (id <= 8763138))

table 4 : explain SELECT DISTINCT c FROM sbtest4 WHERE id BETWEEN 3544962 AND 3545961 ORDER BY c
	Unique  (cost=3901.53..3906.49 rows=992 width=121)
	  ->  Sort  (cost=3901.53..3904.01 rows=992 width=121)
	        Sort Key: c
	        ->  Bitmap Heap Scan on sbtest4  (cost=34.60..3852.16 rows=992 width=121)
	              Recheck Cond: ((id >= 3544962) AND (id <= 3545961))
	              ->  Bitmap Index Scan on sbtest4_pkey  (cost=0.00..34.36 rows=992 width=0)
	                    Index Cond: ((id >= 3544962) AND (id <= 3545961))

table 5 : explain SELECT DISTINCT c FROM sbtest5 WHERE id BETWEEN 5603751 AND 5604750 ORDER BY c
	Unique  (cost=3510.31..3514.78 rows=893 width=121)
	  ->  Sort  (cost=3510.31..3512.54 rows=893 width=121)
	        Sort Key: c
	        ->  Bitmap Heap Scan on sbtest5  (cost=29.59..3466.54 rows=893 width=121)
	              Recheck Cond: ((id >= 5603751) AND (id <= 5604750))
	              ->  Bitmap Index Scan on sbtest5_pkey  (cost=0.00..29.36 rows=893 width=0)
	                    Index Cond: ((id >= 5603751) AND (id <= 5604750))

table 6 : explain SELECT DISTINCT c FROM sbtest6 WHERE id BETWEEN 3724161 AND 3725160 ORDER BY c
	Unique  (cost=4137.58..4142.85 rows=1055 width=121)
	  ->  Sort  (cost=4137.58..4140.21 rows=1055 width=121)
	        Sort Key: c
	        ->  Bitmap Heap Scan on sbtest6  (cost=35.25..4084.60 rows=1055 width=121)
	              Recheck Cond: ((id >= 3724161) AND (id <= 3725160))
	              ->  Bitmap Index Scan on sbtest6_pkey  (cost=0.00..34.98 rows=1055 width=0)
	                    Index Cond: ((id >= 3724161) AND (id <= 3725160))

table 7 : explain SELECT DISTINCT c FROM sbtest7 WHERE id BETWEEN 4479416 AND 4480415 ORDER BY c
	Unique  (cost=3875.30..3880.22 rows=985 width=121)
	  ->  Sort  (cost=3875.30..3877.76 rows=985 width=121)
	        Sort Key: c
	        ->  Bitmap Heap Scan on sbtest7  (cost=34.53..3826.32 rows=985 width=121)
	              Recheck Cond: ((id >= 4479416) AND (id <= 4480415))
	              ->  Bitmap Index Scan on sbtest7_pkey  (cost=0.00..34.29 rows=985 width=0)
	                    Index Cond: ((id >= 4479416) AND (id <= 4480415))

table 8 : explain SELECT DISTINCT c FROM sbtest8 WHERE id BETWEEN 6553883 AND 6554882 ORDER BY c
	Unique  (cost=4245.38..4250.79 rows=1082 width=121)
	  ->  Sort  (cost=4245.38..4248.08 rows=1082 width=121)
	        Sort Key: c
	        ->  Bitmap Heap Scan on sbtest8  (cost=35.53..4190.85 rows=1082 width=121)
	              Recheck Cond: ((id >= 6553883) AND (id <= 6554882))
	              ->  Bitmap Index Scan on sbtest8_pkey  (cost=0.00..35.26 rows=1082 width=0)
	                    Index Cond: ((id >= 6553883) AND (id <= 6554882))

for: order_ranges
table 1 : explain SELECT c FROM sbtest1 WHERE id BETWEEN 5282833 AND 5283832 ORDER BY c
	Sort  (cost=3920.08..3922.57 rows=998 width=121)
	  Sort Key: c
	  ->  Bitmap Heap Scan on sbtest1  (cost=34.66..3870.36 rows=998 width=121)
	        Recheck Cond: ((id >= 5282833) AND (id <= 5283832))
	        ->  Bitmap Index Scan on sbtest1_pkey  (cost=0.00..34.42 rows=998 width=0)
	              Index Cond: ((id >= 5282833) AND (id <= 5283832))

table 2 : explain SELECT c FROM sbtest2 WHERE id BETWEEN 1680102 AND 1681101 ORDER BY c
	Sort  (cost=3831.04..3833.48 rows=975 width=121)
	  Sort Key: c
	  ->  Bitmap Heap Scan on sbtest2  (cost=34.43..3782.63 rows=975 width=121)
	        Recheck Cond: ((id >= 1680102) AND (id <= 1681101))
	        ->  Bitmap Index Scan on sbtest2_pkey  (cost=0.00..34.19 rows=975 width=0)
	              Index Cond: ((id >= 1680102) AND (id <= 1681101))

table 3 : explain SELECT c FROM sbtest3 WHERE id BETWEEN 5110138 AND 5111137 ORDER BY c
	Sort  (cost=3895.02..3897.49 rows=991 width=121)
	  Sort Key: c
	  ->  Bitmap Heap Scan on sbtest3  (cost=34.59..3845.70 rows=991 width=121)
	        Recheck Cond: ((id >= 5110138) AND (id <= 5111137))
	        ->  Bitmap Index Scan on sbtest3_pkey  (cost=0.00..34.34 rows=991 width=0)
	              Index Cond: ((id >= 5110138) AND (id <= 5111137))

table 4 : explain SELECT c FROM sbtest4 WHERE id BETWEEN 4935422 AND 4936421 ORDER BY c
	Sort  (cost=4051.13..4053.70 rows=1031 width=121)
	  Sort Key: c
	  ->  Bitmap Heap Scan on sbtest4  (cost=35.00..3999.53 rows=1031 width=121)
	        Recheck Cond: ((id >= 4935422) AND (id <= 4936421))
	        ->  Bitmap Index Scan on sbtest4_pkey  (cost=0.00..34.75 rows=1031 width=0)
	              Index Cond: ((id >= 4935422) AND (id <= 4936421))

table 5 : explain SELECT c FROM sbtest5 WHERE id BETWEEN 3152033 AND 3153032 ORDER BY c
	Sort  (cost=4054.31..4056.89 rows=1034 width=121)
	  Sort Key: c
	  ->  Bitmap Heap Scan on sbtest5  (cost=35.03..4002.54 rows=1034 width=121)
	        Recheck Cond: ((id >= 3152033) AND (id <= 3153032))
	        ->  Bitmap Index Scan on sbtest5_pkey  (cost=0.00..34.78 rows=1034 width=0)
	              Index Cond: ((id >= 3152033) AND (id <= 3153032))

table 6 : explain SELECT c FROM sbtest6 WHERE id BETWEEN 4507263 AND 4508262 ORDER BY c
	Sort  (cost=3812.20..3814.62 rows=970 width=121)
	  Sort Key: c
	  ->  Bitmap Heap Scan on sbtest6  (cost=34.38..3764.08 rows=970 width=121)
	        Recheck Cond: ((id >= 4507263) AND (id <= 4508262))
	        ->  Bitmap Index Scan on sbtest6_pkey  (cost=0.00..34.14 rows=970 width=0)
	              Index Cond: ((id >= 4507263) AND (id <= 4508262))

table 7 : explain SELECT c FROM sbtest7 WHERE id BETWEEN 3114453 AND 3115452 ORDER BY c
	Sort  (cost=3932.88..3935.38 rows=1000 width=121)
	  Sort Key: c
	  ->  Bitmap Heap Scan on sbtest7  (cost=34.69..3883.05 rows=1000 width=121)
	        Recheck Cond: ((id >= 3114453) AND (id <= 3115452))
	        ->  Bitmap Index Scan on sbtest7_pkey  (cost=0.00..34.44 rows=1000 width=0)
	              Index Cond: ((id >= 3114453) AND (id <= 3115452))

table 8 : explain SELECT c FROM sbtest8 WHERE id BETWEEN 3352915 AND 3353914 ORDER BY c
	Sort  (cost=3813.88..3816.28 rows=961 width=121)
	  Sort Key: c
	  ->  Index Scan using sbtest8_pkey on sbtest8  (cost=0.43..3766.27 rows=961 width=121)
	        Index Cond: ((id >= 3352915) AND (id <= 3353914))

for point_selects
table 1 : explain SELECT c FROM sbtest1 WHERE id=5278324
	Index Scan using sbtest1_pkey on sbtest1  (cost=0.43..8.45 rows=1 width=121)
	  Index Cond: (id = 5278324)

table 2 : explain SELECT c FROM sbtest2 WHERE id=9406810
	Index Scan using sbtest2_pkey on sbtest2  (cost=0.43..8.45 rows=1 width=121)
	  Index Cond: (id = 9406810)

table 3 : explain SELECT c FROM sbtest3 WHERE id=6433307
	Index Scan using sbtest3_pkey on sbtest3  (cost=0.43..8.45 rows=1 width=121)
	  Index Cond: (id = 6433307)

table 4 : explain SELECT c FROM sbtest4 WHERE id=621089
	Index Scan using sbtest4_pkey on sbtest4  (cost=0.43..8.45 rows=1 width=121)
	  Index Cond: (id = 621089)

table 5 : explain SELECT c FROM sbtest5 WHERE id=6031327
	Index Scan using sbtest5_pkey on sbtest5  (cost=0.43..8.45 rows=1 width=121)
	  Index Cond: (id = 6031327)

table 6 : explain SELECT c FROM sbtest6 WHERE id=3196728
	Index Scan using sbtest6_pkey on sbtest6  (cost=0.43..8.45 rows=1 width=121)
	  Index Cond: (id = 3196728)

table 7 : explain SELECT c FROM sbtest7 WHERE id=6386140
	Index Scan using sbtest7_pkey on sbtest7  (cost=0.43..8.45 rows=1 width=121)
	  Index Cond: (id = 6386140)

table 8 : explain SELECT c FROM sbtest8 WHERE id=4227615
	Index Scan using sbtest8_pkey on sbtest8  (cost=0.43..8.45 rows=1 width=121)
	  Index Cond: (id = 4227615)

for point_selects
table 1 : explain SELECT c FROM sbtest1 WHERE id=3870806
	Index Scan using sbtest1_pkey on sbtest1  (cost=0.43..8.45 rows=1 width=121)
	  Index Cond: (id = 3870806)

table 2 : explain SELECT c FROM sbtest2 WHERE id=8133290
	Index Scan using sbtest2_pkey on sbtest2  (cost=0.43..8.45 rows=1 width=121)
	  Index Cond: (id = 8133290)

table 3 : explain SELECT c FROM sbtest3 WHERE id=412739
	Index Scan using sbtest3_pkey on sbtest3  (cost=0.43..8.45 rows=1 width=121)
	  Index Cond: (id = 412739)

table 4 : explain SELECT c FROM sbtest4 WHERE id=7649243
	Index Scan using sbtest4_pkey on sbtest4  (cost=0.43..8.45 rows=1 width=121)
	  Index Cond: (id = 7649243)

table 5 : explain SELECT c FROM sbtest5 WHERE id=4992287
	Index Scan using sbtest5_pkey on sbtest5  (cost=0.43..8.45 rows=1 width=121)
	  Index Cond: (id = 4992287)

table 6 : explain SELECT c FROM sbtest6 WHERE id=9526729
	Index Scan using sbtest6_pkey on sbtest6  (cost=0.43..8.45 rows=1 width=121)
	  Index Cond: (id = 9526729)

table 7 : explain SELECT c FROM sbtest7 WHERE id=1762336
	Index Scan using sbtest7_pkey on sbtest7  (cost=0.43..8.45 rows=1 width=121)
	  Index Cond: (id = 1762336)

table 8 : explain SELECT c FROM sbtest8 WHERE id=6715341
	Index Scan using sbtest8_pkey on sbtest8  (cost=0.43..8.45 rows=1 width=121)
	  Index Cond: (id = 6715341)

for: simple_ranges
table 1 : explain SELECT c FROM sbtest1 WHERE id BETWEEN 9867663 AND 9868662
	Bitmap Heap Scan on sbtest1  (cost=34.21..3704.20 rows=954 width=121)
	  Recheck Cond: ((id >= 9867663) AND (id <= 9868662))
	  ->  Bitmap Index Scan on sbtest1_pkey  (cost=0.00..33.98 rows=954 width=0)
	        Index Cond: ((id >= 9867663) AND (id <= 9868662))

table 2 : explain SELECT c FROM sbtest2 WHERE id BETWEEN 1163642 AND 1164641
	Bitmap Heap Scan on sbtest2  (cost=34.97..3982.54 rows=1028 width=121)
	  Recheck Cond: ((id >= 1163642) AND (id <= 1164641))
	  ->  Bitmap Index Scan on sbtest2_pkey  (cost=0.00..34.72 rows=1028 width=0)
	        Index Cond: ((id >= 1163642) AND (id <= 1164641))

table 3 : explain SELECT c FROM sbtest3 WHERE id BETWEEN 6936506 AND 6937505
	Bitmap Heap Scan on sbtest3  (cost=34.65..3868.36 rows=997 width=121)
	  Recheck Cond: ((id >= 6936506) AND (id <= 6937505))
	  ->  Bitmap Index Scan on sbtest3_pkey  (cost=0.00..34.41 rows=997 width=0)
	        Index Cond: ((id >= 6936506) AND (id <= 6937505))

table 4 : explain SELECT c FROM sbtest4 WHERE id BETWEEN 6623735 AND 6624734
	Bitmap Heap Scan on sbtest4  (cost=34.46..3799.21 rows=978 width=121)
	  Recheck Cond: ((id >= 6623735) AND (id <= 6624734))
	  ->  Bitmap Index Scan on sbtest4_pkey  (cost=0.00..34.22 rows=978 width=0)
	        Index Cond: ((id >= 6623735) AND (id <= 6624734))

table 5 : explain SELECT c FROM sbtest5 WHERE id BETWEEN 508120 AND 509119
	Bitmap Heap Scan on sbtest5  (cost=34.16..3682.14 rows=949 width=121)
	  Recheck Cond: ((id >= 508120) AND (id <= 509119))
	  ->  Bitmap Index Scan on sbtest5_pkey  (cost=0.00..33.93 rows=949 width=0)
	        Index Cond: ((id >= 508120) AND (id <= 509119))

table 6 : explain SELECT c FROM sbtest6 WHERE id BETWEEN 1952041 AND 1953040
	Bitmap Heap Scan on sbtest6  (cost=34.16..3684.75 rows=949 width=121)
	  Recheck Cond: ((id >= 1952041) AND (id <= 1953040))
	  ->  Bitmap Index Scan on sbtest6_pkey  (cost=0.00..33.93 rows=949 width=0)
	        Index Cond: ((id >= 1952041) AND (id <= 1953040))

table 7 : explain SELECT c FROM sbtest7 WHERE id BETWEEN 9935049 AND 9936048
	Bitmap Heap Scan on sbtest7  (cost=39.83..4309.78 rows=1112 width=121)
	  Recheck Cond: ((id >= 9935049) AND (id <= 9936048))
	  ->  Bitmap Index Scan on sbtest7_pkey  (cost=0.00..39.56 rows=1112 width=0)
	        Index Cond: ((id >= 9935049) AND (id <= 9936048))

table 8 : explain SELECT c FROM sbtest8 WHERE id BETWEEN 6476166 AND 6477165
	Index Scan using sbtest8_pkey on sbtest8  (cost=0.43..3781.85 rows=965 width=121)
	  Index Cond: ((id >= 6476166) AND (id <= 6477165))

for: order_ranges
table 1 : explain SELECT c FROM sbtest1 WHERE id BETWEEN 7536125 AND 7537124 ORDER BY c
	Sort  (cost=3989.01..3991.55 rows=1016 width=121)
	  Sort Key: c
	  ->  Bitmap Heap Scan on sbtest1  (cost=34.85..3938.27 rows=1016 width=121)
	        Recheck Cond: ((id >= 7536125) AND (id <= 7537124))
	        ->  Bitmap Index Scan on sbtest1_pkey  (cost=0.00..34.59 rows=1016 width=0)
	              Index Cond: ((id >= 7536125) AND (id <= 7537124))

table 2 : explain SELECT c FROM sbtest2 WHERE id BETWEEN 634807 AND 635806 ORDER BY c
	Sort  (cost=4110.45..4113.07 rows=1048 width=121)
	  Sort Key: c
	  ->  Bitmap Heap Scan on sbtest2  (cost=35.18..4057.88 rows=1048 width=121)
	        Recheck Cond: ((id >= 634807) AND (id <= 635806))
	        ->  Bitmap Index Scan on sbtest2_pkey  (cost=0.00..34.92 rows=1048 width=0)
	              Index Cond: ((id >= 634807) AND (id <= 635806))

table 3 : explain SELECT c FROM sbtest3 WHERE id BETWEEN 1371155 AND 1372154 ORDER BY c
	Sort  (cost=3902.68..3905.17 rows=993 width=121)
	  Sort Key: c
	  ->  Bitmap Heap Scan on sbtest3  (cost=34.61..3853.25 rows=993 width=121)
	        Recheck Cond: ((id >= 1371155) AND (id <= 1372154))
	        ->  Bitmap Index Scan on sbtest3_pkey  (cost=0.00..34.37 rows=993 width=0)
	              Index Cond: ((id >= 1371155) AND (id <= 1372154))

table 4 : explain SELECT c FROM sbtest4 WHERE id BETWEEN 5373074 AND 5374073 ORDER BY c
	Sort  (cost=4089.46..4092.06 rows=1041 width=121)
	  Sort Key: c
	  ->  Bitmap Heap Scan on sbtest4  (cost=35.11..4037.28 rows=1041 width=121)
	        Recheck Cond: ((id >= 5373074) AND (id <= 5374073))
	        ->  Bitmap Index Scan on sbtest4_pkey  (cost=0.00..34.84 rows=1041 width=0)
	              Index Cond: ((id >= 5373074) AND (id <= 5374073))

table 5 : explain SELECT c FROM sbtest5 WHERE id BETWEEN 5434628 AND 5435627 ORDER BY c
	Sort  (cost=3456.56..3458.76 rows=879 width=121)
	  Sort Key: c
	  ->  Bitmap Heap Scan on sbtest5  (cost=29.44..3413.58 rows=879 width=121)
	        Recheck Cond: ((id >= 5434628) AND (id <= 5435627))
	        ->  Bitmap Index Scan on sbtest5_pkey  (cost=0.00..29.22 rows=879 width=0)
	              Index Cond: ((id >= 5434628) AND (id <= 5435627))

table 6 : explain SELECT c FROM sbtest6 WHERE id BETWEEN 7519306 AND 7520305 ORDER BY c
	Sort  (cost=3854.35..3856.81 rows=981 width=121)
	  Sort Key: c
	  ->  Bitmap Heap Scan on sbtest6  (cost=34.49..3805.61 rows=981 width=121)
	        Recheck Cond: ((id >= 7519306) AND (id <= 7520305))
	        ->  Bitmap Index Scan on sbtest6_pkey  (cost=0.00..34.25 rows=981 width=0)
	              Index Cond: ((id >= 7519306) AND (id <= 7520305))

table 7 : explain SELECT c FROM sbtest7 WHERE id BETWEEN 1100898 AND 1101897 ORDER BY c
	Sort  (cost=3763.89..3766.28 rows=956 width=121)
	  Sort Key: c
	  ->  Bitmap Heap Scan on sbtest7  (cost=34.23..3716.57 rows=956 width=121)
	        Recheck Cond: ((id >= 1100898) AND (id <= 1101897))
	        ->  Bitmap Index Scan on sbtest7_pkey  (cost=0.00..34.00 rows=956 width=0)
	              Index Cond: ((id >= 1100898) AND (id <= 1101897))

table 8 : explain SELECT c FROM sbtest8 WHERE id BETWEEN 7137270 AND 7138269 ORDER BY c
	Sort  (cost=3888.99..3891.44 rows=980 width=121)
	  Sort Key: c
	  ->  Index Scan using sbtest8_pkey on sbtest8  (cost=0.43..3840.30 rows=980 width=121)
	        Index Cond: ((id >= 7137270) AND (id <= 7138269))

for: order_ranges
table 1 : explain SELECT c FROM sbtest1 WHERE id BETWEEN 13419 AND 14418 ORDER BY c
	Sort  (cost=4157.35..4160.00 rows=1060 width=121)
	  Sort Key: c
	  ->  Bitmap Heap Scan on sbtest1  (cost=35.30..4104.08 rows=1060 width=121)
	        Recheck Cond: ((id >= 13419) AND (id <= 14418))
	        ->  Bitmap Index Scan on sbtest1_pkey  (cost=0.00..35.04 rows=1060 width=0)
	              Index Cond: ((id >= 13419) AND (id <= 14418))

table 2 : explain SELECT c FROM sbtest2 WHERE id BETWEEN 5951667 AND 5952666 ORDER BY c
	Sort  (cost=4003.36..4005.91 rows=1020 width=121)
	  Sort Key: c
	  ->  Bitmap Heap Scan on sbtest2  (cost=34.89..3952.38 rows=1020 width=121)
	        Recheck Cond: ((id >= 5951667) AND (id <= 5952666))
	        ->  Bitmap Index Scan on sbtest2_pkey  (cost=0.00..34.64 rows=1020 width=0)
	              Index Cond: ((id >= 5951667) AND (id <= 5952666))

table 3 : explain SELECT c FROM sbtest3 WHERE id BETWEEN 4603393 AND 4604392 ORDER BY c
	Sort  (cost=3998.49..4001.04 rows=1018 width=121)
	  Sort Key: c
	  ->  Bitmap Heap Scan on sbtest3  (cost=34.87..3947.64 rows=1018 width=121)
	        Recheck Cond: ((id >= 4603393) AND (id <= 4604392))
	        ->  Bitmap Index Scan on sbtest3_pkey  (cost=0.00..34.62 rows=1018 width=0)
	              Index Cond: ((id >= 4603393) AND (id <= 4604392))

table 4 : explain SELECT c FROM sbtest4 WHERE id BETWEEN 7285421 AND 7286420 ORDER BY c
	Sort  (cost=3705.64..3707.99 rows=941 width=121)
	  Sort Key: c
	  ->  Bitmap Heap Scan on sbtest4  (cost=34.08..3659.16 rows=941 width=121)
	        Recheck Cond: ((id >= 7285421) AND (id <= 7286420))
	        ->  Bitmap Index Scan on sbtest4_pkey  (cost=0.00..33.84 rows=941 width=0)
	              Index Cond: ((id >= 7285421) AND (id <= 7286420))

table 5 : explain SELECT c FROM sbtest5 WHERE id BETWEEN 2065324 AND 2066323 ORDER BY c
	Sort  (cost=3429.67..3431.85 rows=872 width=121)
	  Sort Key: c
	  ->  Bitmap Heap Scan on sbtest5  (cost=29.37..3387.08 rows=872 width=121)
	        Recheck Cond: ((id >= 2065324) AND (id <= 2066323))
	        ->  Bitmap Index Scan on sbtest5_pkey  (cost=0.00..29.15 rows=872 width=0)
	              Index Cond: ((id >= 2065324) AND (id <= 2066323))

table 6 : explain SELECT c FROM sbtest6 WHERE id BETWEEN 4190316 AND 4191315 ORDER BY c
	Sort  (cost=3999.87..4002.42 rows=1019 width=121)
	  Sort Key: c
	  ->  Bitmap Heap Scan on sbtest6  (cost=34.88..3948.96 rows=1019 width=121)
	        Recheck Cond: ((id >= 4190316) AND (id <= 4191315))
	        ->  Bitmap Index Scan on sbtest6_pkey  (cost=0.00..34.62 rows=1019 width=0)
	              Index Cond: ((id >= 4190316) AND (id <= 4191315))

table 7 : explain SELECT c FROM sbtest7 WHERE id BETWEEN 9703805 AND 9704804 ORDER BY c
	Sort  (cost=4170.63..4173.28 rows=1062 width=121)
	  Sort Key: c
	  ->  Bitmap Heap Scan on sbtest7  (cost=35.32..4117.25 rows=1062 width=121)
	        Recheck Cond: ((id >= 9703805) AND (id <= 9704804))
	        ->  Bitmap Index Scan on sbtest7_pkey  (cost=0.00..35.06 rows=1062 width=0)
	              Index Cond: ((id >= 9703805) AND (id <= 9704804))

table 8 : explain SELECT c FROM sbtest8 WHERE id BETWEEN 6334630 AND 6335629 ORDER BY c
	Sort  (cost=4027.10..4029.66 rows=1025 width=121)
	  Sort Key: c
	  ->  Bitmap Heap Scan on sbtest8  (cost=34.94..3975.84 rows=1025 width=121)
	        Recheck Cond: ((id >= 6334630) AND (id <= 6335629))
	        ->  Bitmap Index Scan on sbtest8_pkey  (cost=0.00..34.69 rows=1025 width=0)
	              Index Cond: ((id >= 6334630) AND (id <= 6335629))

for: sum_ranges
table 1 : explain SELECT SUM(k) FROM sbtest1 WHERE id BETWEEN 9560315 AND 9561314
	Aggregate  (cost=4114.27..4114.28 rows=1 width=8)
	  ->  Bitmap Heap Scan on sbtest1  (cost=35.32..4111.61 rows=1062 width=4)
	        Recheck Cond: ((id >= 9560315) AND (id <= 9561314))
	        ->  Bitmap Index Scan on sbtest1_pkey  (cost=0.00..35.06 rows=1062 width=0)
	              Index Cond: ((id >= 9560315) AND (id <= 9561314))

table 2 : explain SELECT SUM(k) FROM sbtest2 WHERE id BETWEEN 5333077 AND 5334076
	Aggregate  (cost=3732.17..3732.18 rows=1 width=8)
	  ->  Bitmap Heap Scan on sbtest2  (cost=34.29..3729.77 rows=961 width=4)
	        Recheck Cond: ((id >= 5333077) AND (id <= 5334076))
	        ->  Bitmap Index Scan on sbtest2_pkey  (cost=0.00..34.05 rows=961 width=0)
	              Index Cond: ((id >= 5333077) AND (id <= 5334076))

table 3 : explain SELECT SUM(k) FROM sbtest3 WHERE id BETWEEN 1812925 AND 1813924
	Aggregate  (cost=4176.54..4176.55 rows=1 width=8)
	  ->  Bitmap Heap Scan on sbtest3  (cost=35.48..4173.84 rows=1078 width=4)
	        Recheck Cond: ((id >= 1812925) AND (id <= 1813924))
	        ->  Bitmap Index Scan on sbtest3_pkey  (cost=0.00..35.22 rows=1078 width=0)
	              Index Cond: ((id >= 1812925) AND (id <= 1813924))

table 4 : explain SELECT SUM(k) FROM sbtest4 WHERE id BETWEEN 5088944 AND 5089943
	Aggregate  (cost=3835.72..3835.73 rows=1 width=8)
	  ->  Bitmap Heap Scan on sbtest4  (cost=34.55..3833.25 rows=987 width=4)
	        Recheck Cond: ((id >= 5088944) AND (id <= 5089943))
	        ->  Bitmap Index Scan on sbtest4_pkey  (cost=0.00..34.31 rows=987 width=0)
	              Index Cond: ((id >= 5088944) AND (id <= 5089943))

table 5 : explain SELECT SUM(k) FROM sbtest5 WHERE id BETWEEN 3740735 AND 3741734
	Aggregate  (cost=3827.96..3827.97 rows=1 width=8)
	  ->  Bitmap Heap Scan on sbtest5  (cost=34.55..3825.49 rows=987 width=4)
	        Recheck Cond: ((id >= 3740735) AND (id <= 3741734))
	        ->  Bitmap Index Scan on sbtest5_pkey  (cost=0.00..34.31 rows=987 width=0)
	              Index Cond: ((id >= 3740735) AND (id <= 3741734))

table 6 : explain SELECT SUM(k) FROM sbtest6 WHERE id BETWEEN 334270 AND 335269
	Aggregate  (cost=3649.30..3649.31 rows=1 width=8)
	  ->  Bitmap Heap Scan on sbtest6  (cost=34.06..3646.95 rows=939 width=4)
	        Recheck Cond: ((id >= 334270) AND (id <= 335269))
	        ->  Bitmap Index Scan on sbtest6_pkey  (cost=0.00..33.83 rows=939 width=0)
	              Index Cond: ((id >= 334270) AND (id <= 335269))

table 7 : explain SELECT SUM(k) FROM sbtest7 WHERE id BETWEEN 8416663 AND 8417662
	Aggregate  (cost=3768.20..3768.21 rows=1 width=8)
	  ->  Bitmap Heap Scan on sbtest7  (cost=34.37..3765.78 rows=969 width=4)
	        Recheck Cond: ((id >= 8416663) AND (id <= 8417662))
	        ->  Bitmap Index Scan on sbtest7_pkey  (cost=0.00..34.12 rows=969 width=0)
	              Index Cond: ((id >= 8416663) AND (id <= 8417662))

table 8 : explain SELECT SUM(k) FROM sbtest8 WHERE id BETWEEN 7189528 AND 7190527
	Aggregate  (cost=3842.75..3842.76 rows=1 width=8)
	  ->  Index Scan using sbtest8_pkey on sbtest8  (cost=0.43..3840.30 rows=980 width=4)
	        Index Cond: ((id >= 7189528) AND (id <= 7190527))

explain: for point_selects :: explain SELECT c FROM sbtest%u WHERE id=%u
for: distinct_ranges
table 1 : explain SELECT DISTINCT c FROM sbtest1 WHERE id BETWEEN 3838389 AND 3839388 ORDER BY c
	Unique  (cost=3628.60..3633.21 rows=922 width=121)
	  ->  Sort  (cost=3628.60..3630.91 rows=922 width=121)
	        Sort Key: c
	        ->  Bitmap Heap Scan on sbtest1  (cost=33.89..3583.20 rows=922 width=121)
	              Recheck Cond: ((id >= 3838389) AND (id <= 3839388))
	              ->  Bitmap Index Scan on sbtest1_pkey  (cost=0.00..33.66 rows=922 width=0)
	                    Index Cond: ((id >= 3838389) AND (id <= 3839388))

table 2 : explain SELECT DISTINCT c FROM sbtest2 WHERE id BETWEEN 3423640 AND 3424639 ORDER BY c
	Unique  (cost=3316.29..3320.50 rows=842 width=121)
	  ->  Sort  (cost=3316.29..3318.40 rows=842 width=121)
	        Sort Key: c
	        ->  Bitmap Heap Scan on sbtest2  (cost=29.07..3275.38 rows=842 width=121)
	              Recheck Cond: ((id >= 3423640) AND (id <= 3424639))
	              ->  Bitmap Index Scan on sbtest2_pkey  (cost=0.00..28.86 rows=842 width=0)
	                    Index Cond: ((id >= 3423640) AND (id <= 3424639))

table 3 : explain SELECT DISTINCT c FROM sbtest3 WHERE id BETWEEN 7345313 AND 7346312 ORDER BY c
	Unique  (cost=3944.85..3949.87 rows=1004 width=121)
	  ->  Sort  (cost=3944.85..3947.36 rows=1004 width=121)
	        Sort Key: c
	        ->  Bitmap Heap Scan on sbtest3  (cost=34.73..3894.79 rows=1004 width=121)
	              Recheck Cond: ((id >= 7345313) AND (id <= 7346312))
	              ->  Bitmap Index Scan on sbtest3_pkey  (cost=0.00..34.48 rows=1004 width=0)
	                    Index Cond: ((id >= 7345313) AND (id <= 7346312))

table 4 : explain SELECT DISTINCT c FROM sbtest4 WHERE id BETWEEN 6792163 AND 6793162 ORDER BY c
	Unique  (cost=3847.79..3852.68 rows=978 width=121)
	  ->  Sort  (cost=3847.79..3850.23 rows=978 width=121)
	        Sort Key: c
	        ->  Bitmap Heap Scan on sbtest4  (cost=34.46..3799.21 rows=978 width=121)
	              Recheck Cond: ((id >= 6792163) AND (id <= 6793162))
	              ->  Bitmap Index Scan on sbtest4_pkey  (cost=0.00..34.22 rows=978 width=0)
	                    Index Cond: ((id >= 6792163) AND (id <= 6793162))

table 5 : explain SELECT DISTINCT c FROM sbtest5 WHERE id BETWEEN 4647562 AND 4648561 ORDER BY c
	Unique  (cost=4294.99..4300.47 rows=1096 width=121)
	  ->  Sort  (cost=4294.99..4297.73 rows=1096 width=121)
	        Sort Key: c
	        ->  Bitmap Heap Scan on sbtest5  (cost=39.67..4239.65 rows=1096 width=121)
	              Recheck Cond: ((id >= 4647562) AND (id <= 4648561))
	              ->  Bitmap Index Scan on sbtest5_pkey  (cost=0.00..39.40 rows=1096 width=0)
	                    Index Cond: ((id >= 4647562) AND (id <= 4648561))

table 6 : explain SELECT DISTINCT c FROM sbtest6 WHERE id BETWEEN 5897027 AND 5898026 ORDER BY c
	Unique  (cost=3516.53..3521.00 rows=894 width=121)
	  ->  Sort  (cost=3516.53..3518.76 rows=894 width=121)
	        Sort Key: c
	        ->  Bitmap Heap Scan on sbtest6  (cost=29.60..3472.70 rows=894 width=121)
	              Recheck Cond: ((id >= 5897027) AND (id <= 5898026))
	              ->  Bitmap Index Scan on sbtest6_pkey  (cost=0.00..29.37 rows=894 width=0)
	                    Index Cond: ((id >= 5897027) AND (id <= 5898026))

table 7 : explain SELECT DISTINCT c FROM sbtest7 WHERE id BETWEEN 5059981 AND 5060980 ORDER BY c
	Unique  (cost=3971.26..3976.31 rows=1010 width=121)
	  ->  Sort  (cost=3971.26..3973.78 rows=1010 width=121)
	        Sort Key: c
	        ->  Bitmap Heap Scan on sbtest7  (cost=34.79..3920.86 rows=1010 width=121)
	              Recheck Cond: ((id >= 5059981) AND (id <= 5060980))
	              ->  Bitmap Index Scan on sbtest7_pkey  (cost=0.00..34.54 rows=1010 width=0)
	                    Index Cond: ((id >= 5059981) AND (id <= 5060980))

table 8 : explain SELECT DISTINCT c FROM sbtest8 WHERE id BETWEEN 8482604 AND 8483603 ORDER BY c
	Unique  (cost=3790.13..3794.90 rows=955 width=121)
	  ->  Sort  (cost=3790.13..3792.52 rows=955 width=121)
	        Sort Key: c
	        ->  Index Scan using sbtest8_pkey on sbtest8  (cost=0.43..3742.86 rows=955 width=121)
	              Index Cond: ((id >= 8482604) AND (id <= 8483603))

for point_selects
table 1 : explain SELECT c FROM sbtest1 WHERE id=3993980
	Index Scan using sbtest1_pkey on sbtest1  (cost=0.43..8.45 rows=1 width=121)
	  Index Cond: (id = 3993980)

table 2 : explain SELECT c FROM sbtest2 WHERE id=4665247
	Index Scan using sbtest2_pkey on sbtest2  (cost=0.43..8.45 rows=1 width=121)
	  Index Cond: (id = 4665247)

table 3 : explain SELECT c FROM sbtest3 WHERE id=8025291
	Index Scan using sbtest3_pkey on sbtest3  (cost=0.43..8.45 rows=1 width=121)
	  Index Cond: (id = 8025291)

table 4 : explain SELECT c FROM sbtest4 WHERE id=4340093
	Index Scan using sbtest4_pkey on sbtest4  (cost=0.43..8.45 rows=1 width=121)
	  Index Cond: (id = 4340093)

table 5 : explain SELECT c FROM sbtest5 WHERE id=7715275
	Index Scan using sbtest5_pkey on sbtest5  (cost=0.43..8.45 rows=1 width=121)
	  Index Cond: (id = 7715275)

table 6 : explain SELECT c FROM sbtest6 WHERE id=9854241
	Index Scan using sbtest6_pkey on sbtest6  (cost=0.43..8.45 rows=1 width=121)
	  Index Cond: (id = 9854241)

table 7 : explain SELECT c FROM sbtest7 WHERE id=6156753
	Index Scan using sbtest7_pkey on sbtest7  (cost=0.43..8.45 rows=1 width=121)
	  Index Cond: (id = 6156753)

table 8 : explain SELECT c FROM sbtest8 WHERE id=8339988
	Index Scan using sbtest8_pkey on sbtest8  (cost=0.43..8.45 rows=1 width=121)
	  Index Cond: (id = 8339988)

for: simple_ranges
table 1 : explain SELECT c FROM sbtest1 WHERE id BETWEEN 6294700 AND 6295699
	Bitmap Heap Scan on sbtest1  (cost=34.56..3832.62 rows=988 width=121)
	  Recheck Cond: ((id >= 6294700) AND (id <= 6295699))
	  ->  Bitmap Index Scan on sbtest1_pkey  (cost=0.00..34.32 rows=988 width=0)
	        Index Cond: ((id >= 6294700) AND (id <= 6295699))

table 2 : explain SELECT c FROM sbtest2 WHERE id BETWEEN 1696581 AND 1697580
	Bitmap Heap Scan on sbtest2  (cost=34.43..3782.63 rows=975 width=121)
	  Recheck Cond: ((id >= 1696581) AND (id <= 1697580))
	  ->  Bitmap Index Scan on sbtest2_pkey  (cost=0.00..34.19 rows=975 width=0)
	        Index Cond: ((id >= 1696581) AND (id <= 1697580))

table 3 : explain SELECT c FROM sbtest3 WHERE id BETWEEN 1271516 AND 1272515
	Bitmap Heap Scan on sbtest3  (cost=34.31..3739.89 rows=963 width=121)
	  Recheck Cond: ((id >= 1271516) AND (id <= 1272515))
	  ->  Bitmap Index Scan on sbtest3_pkey  (cost=0.00..34.07 rows=963 width=0)
	        Index Cond: ((id >= 1271516) AND (id <= 1272515))

table 4 : explain SELECT c FROM sbtest4 WHERE id BETWEEN 8608114 AND 8609113
	Bitmap Heap Scan on sbtest4  (cost=34.14..3681.88 rows=947 width=121)
	  Recheck Cond: ((id >= 8608114) AND (id <= 8609113))
	  ->  Bitmap Index Scan on sbtest4_pkey  (cost=0.00..33.91 rows=947 width=0)
	        Index Cond: ((id >= 8608114) AND (id <= 8609113))

table 5 : explain SELECT c FROM sbtest5 WHERE id BETWEEN 5584814 AND 5585813
	Bitmap Heap Scan on sbtest5  (cost=29.59..3466.54 rows=893 width=121)
	  Recheck Cond: ((id >= 5584814) AND (id <= 5585813))
	  ->  Bitmap Index Scan on sbtest5_pkey  (cost=0.00..29.36 rows=893 width=0)
	        Index Cond: ((id >= 5584814) AND (id <= 5585813))

table 6 : explain SELECT c FROM sbtest6 WHERE id BETWEEN 6825900 AND 6826899
	Bitmap Heap Scan on sbtest6  (cost=34.99..3990.42 rows=1030 width=121)
	  Recheck Cond: ((id >= 6825900) AND (id <= 6826899))
	  ->  Bitmap Index Scan on sbtest6_pkey  (cost=0.00..34.73 rows=1030 width=0)
	        Index Cond: ((id >= 6825900) AND (id <= 6826899))

table 7 : explain SELECT c FROM sbtest7 WHERE id BETWEEN 6165276 AND 6166275
	Bitmap Heap Scan on sbtest7  (cost=34.67..3879.27 rows=999 width=121)
	  Recheck Cond: ((id >= 6165276) AND (id <= 6166275))
	  ->  Bitmap Index Scan on sbtest7_pkey  (cost=0.00..34.43 rows=999 width=0)
	        Index Cond: ((id >= 6165276) AND (id <= 6166275))

table 8 : explain SELECT c FROM sbtest8 WHERE id BETWEEN 926420 AND 927419
	Bitmap Heap Scan on sbtest8  (cost=34.93..3972.06 rows=1024 width=121)
	  Recheck Cond: ((id >= 926420) AND (id <= 927419))
	  ->  Bitmap Index Scan on sbtest8_pkey  (cost=0.00..34.68 rows=1024 width=0)
	        Index Cond: ((id >= 926420) AND (id <= 927419))

for: simple_ranges
table 1 : explain SELECT c FROM sbtest1 WHERE id BETWEEN 606296 AND 607295
	Bitmap Heap Scan on sbtest1  (cost=29.76..3533.79 rows=910 width=121)
	  Recheck Cond: ((id >= 606296) AND (id <= 607295))
	  ->  Bitmap Index Scan on sbtest1_pkey  (cost=0.00..29.54 rows=910 width=0)
	        Index Cond: ((id >= 606296) AND (id <= 607295))

table 2 : explain SELECT c FROM sbtest2 WHERE id BETWEEN 5825479 AND 5826478
	Bitmap Heap Scan on sbtest2  (cost=29.31..3366.37 rows=866 width=121)
	  Recheck Cond: ((id >= 5825479) AND (id <= 5826478))
	  ->  Bitmap Index Scan on sbtest2_pkey  (cost=0.00..29.09 rows=866 width=0)
	        Index Cond: ((id >= 5825479) AND (id <= 5826478))

table 3 : explain SELECT c FROM sbtest3 WHERE id BETWEEN 2506599 AND 2507598
	Bitmap Heap Scan on sbtest3  (cost=34.74..3898.57 rows=1005 width=121)
	  Recheck Cond: ((id >= 2506599) AND (id <= 2507598))
	  ->  Bitmap Index Scan on sbtest3_pkey  (cost=0.00..34.48 rows=1005 width=0)
	        Index Cond: ((id >= 2506599) AND (id <= 2507598))

table 4 : explain SELECT c FROM sbtest4 WHERE id BETWEEN 9574399 AND 9575398
	Bitmap Heap Scan on sbtest4  (cost=35.04..4014.63 rows=1035 width=121)
	  Recheck Cond: ((id >= 9574399) AND (id <= 9575398))
	  ->  Bitmap Index Scan on sbtest4_pkey  (cost=0.00..34.79 rows=1035 width=0)
	        Index Cond: ((id >= 9574399) AND (id <= 9575398))

table 5 : explain SELECT c FROM sbtest5 WHERE id BETWEEN 6296456 AND 6297455
	Bitmap Heap Scan on sbtest5  (cost=34.84..3931.00 rows=1015 width=121)
	  Recheck Cond: ((id >= 6296456) AND (id <= 6297455))
	  ->  Bitmap Index Scan on sbtest5_pkey  (cost=0.00..34.59 rows=1015 width=0)
	        Index Cond: ((id >= 6296456) AND (id <= 6297455))

table 6 : explain SELECT c FROM sbtest6 WHERE id BETWEEN 8243246 AND 8244245
	Bitmap Heap Scan on sbtest6  (cost=34.56..3832.03 rows=988 width=121)
	  Recheck Cond: ((id >= 8243246) AND (id <= 8244245))
	  ->  Bitmap Index Scan on sbtest6_pkey  (cost=0.00..34.32 rows=988 width=0)
	        Index Cond: ((id >= 8243246) AND (id <= 8244245))

table 7 : explain SELECT c FROM sbtest7 WHERE id BETWEEN 8620237 AND 8621236
	Bitmap Heap Scan on sbtest7  (cost=34.48..3807.41 rows=980 width=121)
	  Recheck Cond: ((id >= 8620237) AND (id <= 8621236))
	  ->  Bitmap Index Scan on sbtest7_pkey  (cost=0.00..34.23 rows=980 width=0)
	        Index Cond: ((id >= 8620237) AND (id <= 8621236))

table 8 : explain SELECT c FROM sbtest8 WHERE id BETWEEN 4522080 AND 4523079
	Index Scan using sbtest8_pkey on sbtest8  (cost=0.43..3933.85 rows=1004 width=121)
	  Index Cond: ((id >= 4522080) AND (id <= 4523079))

for: sum_ranges
table 1 : explain SELECT SUM(k) FROM sbtest1 WHERE id BETWEEN 8800123 AND 8801122
	Aggregate  (cost=3642.28..3642.29 rows=1 width=8)
	  ->  Bitmap Heap Scan on sbtest1  (cost=34.04..3639.94 rows=937 width=4)
	        Recheck Cond: ((id >= 8800123) AND (id <= 8801122))
	        ->  Bitmap Index Scan on sbtest1_pkey  (cost=0.00..33.81 rows=937 width=0)
	              Index Cond: ((id >= 8800123) AND (id <= 8801122))

table 2 : explain SELECT SUM(k) FROM sbtest2 WHERE id BETWEEN 2081313 AND 2082312
	Aggregate  (cost=4117.01..4117.02 rows=1 width=8)
	  ->  Bitmap Heap Scan on sbtest2  (cost=35.33..4114.35 rows=1063 width=4)
	        Recheck Cond: ((id >= 2081313) AND (id <= 2082312))
	        ->  Bitmap Index Scan on sbtest2_pkey  (cost=0.00..35.07 rows=1063 width=0)
	              Index Cond: ((id >= 2081313) AND (id <= 2082312))

table 3 : explain SELECT SUM(k) FROM sbtest3 WHERE id BETWEEN 6038781 AND 6039780
	Aggregate  (cost=4346.26..4346.27 rows=1 width=8)
	  ->  Bitmap Heap Scan on sbtest3  (cost=39.94..4343.45 rows=1122 width=4)
	        Recheck Cond: ((id >= 6038781) AND (id <= 6039780))
	        ->  Bitmap Index Scan on sbtest3_pkey  (cost=0.00..39.66 rows=1122 width=0)
	              Index Cond: ((id >= 6038781) AND (id <= 6039780))

table 4 : explain SELECT SUM(k) FROM sbtest4 WHERE id BETWEEN 5682040 AND 5683039
	Aggregate  (cost=3888.68..3888.69 rows=1 width=8)
	  ->  Bitmap Heap Scan on sbtest4  (cost=34.70..3886.18 rows=1001 width=4)
	        Recheck Cond: ((id >= 5682040) AND (id <= 5683039))
	        ->  Bitmap Index Scan on sbtest4_pkey  (cost=0.00..34.45 rows=1001 width=0)
	              Index Cond: ((id >= 5682040) AND (id <= 5683039))

table 5 : explain SELECT SUM(k) FROM sbtest5 WHERE id BETWEEN 3558851 AND 3559850
	Aggregate  (cost=3718.51..3718.52 rows=1 width=8)
	  ->  Bitmap Heap Scan on sbtest5  (cost=34.25..3716.11 rows=958 width=4)
	        Recheck Cond: ((id >= 3558851) AND (id <= 3559850))
	        ->  Bitmap Index Scan on sbtest5_pkey  (cost=0.00..34.02 rows=958 width=0)
	              Index Cond: ((id >= 3558851) AND (id <= 3559850))

table 6 : explain SELECT SUM(k) FROM sbtest6 WHERE id BETWEEN 2258705 AND 2259704
	Aggregate  (cost=4230.33..4230.34 rows=1 width=8)
	  ->  Bitmap Heap Scan on sbtest6  (cost=35.64..4227.60 rows=1093 width=4)
	        Recheck Cond: ((id >= 2258705) AND (id <= 2259704))
	        ->  Bitmap Index Scan on sbtest6_pkey  (cost=0.00..35.37 rows=1093 width=0)
	              Index Cond: ((id >= 2258705) AND (id <= 2259704))

table 7 : explain SELECT SUM(k) FROM sbtest7 WHERE id BETWEEN 6114905 AND 6115904
	Aggregate  (cost=3586.27..3586.28 rows=1 width=8)
	  ->  Bitmap Heap Scan on sbtest7  (cost=33.88..3583.96 rows=921 width=4)
	        Recheck Cond: ((id >= 6114905) AND (id <= 6115904))
	        ->  Bitmap Index Scan on sbtest7_pkey  (cost=0.00..33.65 rows=921 width=0)
	              Index Cond: ((id >= 6114905) AND (id <= 6115904))

table 8 : explain SELECT SUM(k) FROM sbtest8 WHERE id BETWEEN 8316108 AND 8317107
	Aggregate  (cost=4004.84..4004.85 rows=1 width=8)
	  ->  Bitmap Heap Scan on sbtest8  (cost=35.01..4002.26 rows=1032 width=4)
	        Recheck Cond: ((id >= 8316108) AND (id <= 8317107))
	        ->  Bitmap Index Scan on sbtest8_pkey  (cost=0.00..34.76 rows=1032 width=0)
	              Index Cond: ((id >= 8316108) AND (id <= 8317107))

for: sum_ranges
table 1 : explain SELECT SUM(k) FROM sbtest1 WHERE id BETWEEN 3912667 AND 3913666
	Aggregate  (cost=4257.61..4257.62 rows=1 width=8)
	  ->  Bitmap Heap Scan on sbtest1  (cost=39.70..4254.86 rows=1099 width=4)
	        Recheck Cond: ((id >= 3912667) AND (id <= 3913666))
	        ->  Bitmap Index Scan on sbtest1_pkey  (cost=0.00..39.43 rows=1099 width=0)
	              Index Cond: ((id >= 3912667) AND (id <= 3913666))

table 2 : explain SELECT SUM(k) FROM sbtest2 WHERE id BETWEEN 8641710 AND 8642709
	Aggregate  (cost=3803.96..3803.97 rows=1 width=8)
	  ->  Bitmap Heap Scan on sbtest2  (cost=34.48..3801.51 rows=980 width=4)
	        Recheck Cond: ((id >= 8641710) AND (id <= 8642709))
	        ->  Bitmap Index Scan on sbtest2_pkey  (cost=0.00..34.23 rows=980 width=0)
	              Index Cond: ((id >= 8641710) AND (id <= 8642709))

table 3 : explain SELECT SUM(k) FROM sbtest3 WHERE id BETWEEN 1685611 AND 1686610
	Aggregate  (cost=3848.18..3848.19 rows=1 width=8)
	  ->  Bitmap Heap Scan on sbtest3  (cost=34.59..3845.70 rows=991 width=4)
	        Recheck Cond: ((id >= 1685611) AND (id <= 1686610))
	        ->  Bitmap Index Scan on sbtest3_pkey  (cost=0.00..34.34 rows=991 width=0)
	              Index Cond: ((id >= 1685611) AND (id <= 1686610))

table 4 : explain SELECT SUM(k) FROM sbtest4 WHERE id BETWEEN 9233384 AND 9234383
	Aggregate  (cost=3797.87..3797.88 rows=1 width=8)
	  ->  Bitmap Heap Scan on sbtest4  (cost=34.45..3795.43 rows=977 width=4)
	        Recheck Cond: ((id >= 9233384) AND (id <= 9234383))
	        ->  Bitmap Index Scan on sbtest4_pkey  (cost=0.00..34.20 rows=977 width=0)
	              Index Cond: ((id >= 9233384) AND (id <= 9234383))

table 5 : explain SELECT SUM(k) FROM sbtest5 WHERE id BETWEEN 9239977 AND 9240976
	Aggregate  (cost=3605.16..3605.17 rows=1 width=8)
	  ->  Bitmap Heap Scan on sbtest5  (cost=33.95..3602.84 rows=928 width=4)
	        Recheck Cond: ((id >= 9239977) AND (id <= 9240976))
	        ->  Bitmap Index Scan on sbtest5_pkey  (cost=0.00..33.72 rows=928 width=0)
	              Index Cond: ((id >= 9239977) AND (id <= 9240976))

table 6 : explain SELECT SUM(k) FROM sbtest6 WHERE id BETWEEN 5882957 AND 5883956
	Aggregate  (cost=3474.94..3474.95 rows=1 width=8)
	  ->  Bitmap Heap Scan on sbtest6  (cost=29.60..3472.70 rows=894 width=4)
	        Recheck Cond: ((id >= 5882957) AND (id <= 5883956))
	        ->  Bitmap Index Scan on sbtest6_pkey  (cost=0.00..29.37 rows=894 width=0)
	              Index Cond: ((id >= 5882957) AND (id <= 5883956))

table 7 : explain SELECT SUM(k) FROM sbtest7 WHERE id BETWEEN 9135378 AND 9136377
	Aggregate  (cost=3616.61..3616.62 rows=1 width=8)
	  ->  Bitmap Heap Scan on sbtest7  (cost=33.96..3614.29 rows=929 width=4)
	        Recheck Cond: ((id >= 9135378) AND (id <= 9136377))
	        ->  Bitmap Index Scan on sbtest7_pkey  (cost=0.00..33.73 rows=929 width=0)
	              Index Cond: ((id >= 9135378) AND (id <= 9136377))

table 8 : explain SELECT SUM(k) FROM sbtest8 WHERE id BETWEEN 6974348 AND 6975347
	Aggregate  (cost=3706.25..3706.26 rows=1 width=8)
	  ->  Index Scan using sbtest8_pkey on sbtest8  (cost=0.43..3703.89 rows=945 width=4)
	        Index Cond: ((id >= 6974348) AND (id <= 6975347))

for: order_ranges
table 1 : explain SELECT c FROM sbtest1 WHERE id BETWEEN 8913001 AND 8914000 ORDER BY c
	Sort  (cost=3935.40..3937.90 rows=1002 width=121)
	  Sort Key: c
	  ->  Bitmap Heap Scan on sbtest1  (cost=34.71..3885.45 rows=1002 width=121)
	        Recheck Cond: ((id >= 8913001) AND (id <= 8914000))
	        ->  Bitmap Index Scan on sbtest1_pkey  (cost=0.00..34.45 rows=1002 width=0)
	              Index Cond: ((id >= 8913001) AND (id <= 8914000))

table 2 : explain SELECT c FROM sbtest2 WHERE id BETWEEN 5363358 AND 5364357 ORDER BY c
	Sort  (cost=3777.38..3779.78 rows=961 width=121)
	  Sort Key: c
	  ->  Bitmap Heap Scan on sbtest2  (cost=34.29..3729.77 rows=961 width=121)
	        Recheck Cond: ((id >= 5363358) AND (id <= 5364357))
	        ->  Bitmap Index Scan on sbtest2_pkey  (cost=0.00..34.05 rows=961 width=0)
	              Index Cond: ((id >= 5363358) AND (id <= 5364357))

table 3 : explain SELECT c FROM sbtest3 WHERE id BETWEEN 4278394 AND 4279393 ORDER BY c
	Sort  (cost=3818.31..3820.74 rows=971 width=121)
	  Sort Key: c
	  ->  Bitmap Heap Scan on sbtest3  (cost=34.39..3770.13 rows=971 width=121)
	        Recheck Cond: ((id >= 4278394) AND (id <= 4279393))
	        ->  Bitmap Index Scan on sbtest3_pkey  (cost=0.00..34.15 rows=971 width=0)
	              Index Cond: ((id >= 4278394) AND (id <= 4279393))

table 4 : explain SELECT c FROM sbtest4 WHERE id BETWEEN 4127670 AND 4128669 ORDER BY c
	Sort  (cost=3840.11..3842.55 rows=976 width=121)
	  Sort Key: c
	  ->  Bitmap Heap Scan on sbtest4  (cost=34.44..3791.64 rows=976 width=121)
	        Recheck Cond: ((id >= 4127670) AND (id <= 4128669))
	        ->  Bitmap Index Scan on sbtest4_pkey  (cost=0.00..34.20 rows=976 width=0)
	              Index Cond: ((id >= 4127670) AND (id <= 4128669))

table 5 : explain SELECT c FROM sbtest5 WHERE id BETWEEN 9426909 AND 9427908 ORDER BY c
	Sort  (cost=4046.67..4049.25 rows=1032 width=121)
	  Sort Key: c
	  ->  Bitmap Heap Scan on sbtest5  (cost=35.01..3995.01 rows=1032 width=121)
	        Recheck Cond: ((id >= 9426909) AND (id <= 9427908))
	        ->  Bitmap Index Scan on sbtest5_pkey  (cost=0.00..34.76 rows=1032 width=0)
	              Index Cond: ((id >= 9426909) AND (id <= 9427908))

table 6 : explain SELECT c FROM sbtest6 WHERE id BETWEEN 4418537 AND 4419536 ORDER BY c
	Sort  (cost=4221.65..4224.35 rows=1077 width=121)
	  Sort Key: c
	  ->  Bitmap Heap Scan on sbtest6  (cost=35.47..4167.41 rows=1077 width=121)
	        Recheck Cond: ((id >= 4418537) AND (id <= 4419536))
	        ->  Bitmap Index Scan on sbtest6_pkey  (cost=0.00..35.20 rows=1077 width=0)
	              Index Cond: ((id >= 4418537) AND (id <= 4419536))

table 7 : explain SELECT c FROM sbtest7 WHERE id BETWEEN 9840881 AND 9841880 ORDER BY c
	Sort  (cost=3683.16..3685.50 rows=935 width=121)
	  Sort Key: c
	  ->  Bitmap Heap Scan on sbtest7  (cost=34.02..3637.02 rows=935 width=121)
	        Recheck Cond: ((id >= 9840881) AND (id <= 9841880))
	        ->  Bitmap Index Scan on sbtest7_pkey  (cost=0.00..33.79 rows=935 width=0)
	              Index Cond: ((id >= 9840881) AND (id <= 9841880))

table 8 : explain SELECT c FROM sbtest8 WHERE id BETWEEN 6986900 AND 6987899 ORDER BY c
	Sort  (cost=3750.60..3752.96 rows=945 width=121)
	  Sort Key: c
	  ->  Index Scan using sbtest8_pkey on sbtest8  (cost=0.43..3703.89 rows=945 width=121)
	        Index Cond: ((id >= 6986900) AND (id <= 6987899))

for: simple_ranges
table 1 : explain SELECT c FROM sbtest1 WHERE id BETWEEN 1059027 AND 1060026
	Bitmap Heap Scan on sbtest1  (cost=35.08..4024.97 rows=1039 width=121)
	  Recheck Cond: ((id >= 1059027) AND (id <= 1060026))
	  ->  Bitmap Index Scan on sbtest1_pkey  (cost=0.00..34.83 rows=1039 width=0)
	        Index Cond: ((id >= 1059027) AND (id <= 1060026))

table 2 : explain SELECT c FROM sbtest2 WHERE id BETWEEN 905860 AND 906859
	Bitmap Heap Scan on sbtest2  (cost=34.61..3850.56 rows=993 width=121)
	  Recheck Cond: ((id >= 905860) AND (id <= 906859))
	  ->  Bitmap Index Scan on sbtest2_pkey  (cost=0.00..34.37 rows=993 width=0)
	        Index Cond: ((id >= 905860) AND (id <= 906859))

table 3 : explain SELECT c FROM sbtest3 WHERE id BETWEEN 9227591 AND 9228590
	Bitmap Heap Scan on sbtest3  (cost=35.02..4004.23 rows=1033 width=121)
	  Recheck Cond: ((id >= 9227591) AND (id <= 9228590))
	  ->  Bitmap Index Scan on sbtest3_pkey  (cost=0.00..34.77 rows=1033 width=0)
	        Index Cond: ((id >= 9227591) AND (id <= 9228590))

table 4 : explain SELECT c FROM sbtest4 WHERE id BETWEEN 255162 AND 256161
	Bitmap Heap Scan on sbtest4  (cost=35.53..4191.96 rows=1082 width=121)
	  Recheck Cond: ((id >= 255162) AND (id <= 256161))
	  ->  Bitmap Index Scan on sbtest4_pkey  (cost=0.00..35.26 rows=1082 width=0)
	        Index Cond: ((id >= 255162) AND (id <= 256161))

table 5 : explain SELECT c FROM sbtest5 WHERE id BETWEEN 7594620 AND 7595619
	Bitmap Heap Scan on sbtest5  (cost=33.83..3561.28 rows=917 width=121)
	  Recheck Cond: ((id >= 7594620) AND (id <= 7595619))
	  ->  Bitmap Index Scan on sbtest5_pkey  (cost=0.00..33.61 rows=917 width=0)
	        Index Cond: ((id >= 7594620) AND (id <= 7595619))

table 6 : explain SELECT c FROM sbtest6 WHERE id BETWEEN 2261389 AND 2262388
	Bitmap Heap Scan on sbtest6  (cost=35.64..4227.60 rows=1093 width=121)
	  Recheck Cond: ((id >= 2261389) AND (id <= 2262388))
	  ->  Bitmap Index Scan on sbtest6_pkey  (cost=0.00..35.37 rows=1093 width=0)
	        Index Cond: ((id >= 2261389) AND (id <= 2262388))

table 7 : explain SELECT c FROM sbtest7 WHERE id BETWEEN 1100596 AND 1101595
	Bitmap Heap Scan on sbtest7  (cost=34.23..3716.57 rows=956 width=121)
	  Recheck Cond: ((id >= 1100596) AND (id <= 1101595))
	  ->  Bitmap Index Scan on sbtest7_pkey  (cost=0.00..34.00 rows=956 width=0)
	        Index Cond: ((id >= 1100596) AND (id <= 1101595))

table 8 : explain SELECT c FROM sbtest8 WHERE id BETWEEN 8355945 AND 8356944
	Bitmap Heap Scan on sbtest8  (cost=35.01..4002.26 rows=1032 width=121)
	  Recheck Cond: ((id >= 8355945) AND (id <= 8356944))
	  ->  Bitmap Index Scan on sbtest8_pkey  (cost=0.00..34.76 rows=1032 width=0)
	        Index Cond: ((id >= 8355945) AND (id <= 8356944))

explain: for point_selects :: explain SELECT c FROM sbtest%u WHERE id=%u
explain: for point_selects :: explain SELECT c FROM sbtest%u WHERE id=%u
for: sum_ranges
table 1 : explain SELECT SUM(k) FROM sbtest1 WHERE id BETWEEN 8667615 AND 8668614
	Aggregate  (cost=3797.31..3797.32 rows=1 width=8)
	  ->  Bitmap Heap Scan on sbtest1  (cost=34.46..3794.86 rows=978 width=4)
	        Recheck Cond: ((id >= 8667615) AND (id <= 8668614))
	        ->  Bitmap Index Scan on sbtest1_pkey  (cost=0.00..34.22 rows=978 width=0)
	              Index Cond: ((id >= 8667615) AND (id <= 8668614))

table 2 : explain SELECT SUM(k) FROM sbtest2 WHERE id BETWEEN 879796 AND 880795
	Aggregate  (cost=3853.05..3853.06 rows=1 width=8)
	  ->  Bitmap Heap Scan on sbtest2  (cost=34.61..3850.56 rows=993 width=4)
	        Recheck Cond: ((id >= 879796) AND (id <= 880795))
	        ->  Bitmap Index Scan on sbtest2_pkey  (cost=0.00..34.37 rows=993 width=0)
	              Index Cond: ((id >= 879796) AND (id <= 880795))

table 3 : explain SELECT SUM(k) FROM sbtest3 WHERE id BETWEEN 2205189 AND 2206188
	Aggregate  (cost=3919.97..3919.98 rows=1 width=8)
	  ->  Bitmap Heap Scan on sbtest3  (cost=34.79..3917.44 rows=1010 width=4)
	        Recheck Cond: ((id >= 2205189) AND (id <= 2206188))
	        ->  Bitmap Index Scan on sbtest3_pkey  (cost=0.00..34.54 rows=1010 width=0)
	              Index Cond: ((id >= 2205189) AND (id <= 2206188))

table 4 : explain SELECT SUM(k) FROM sbtest4 WHERE id BETWEEN 5667304 AND 5668303
	Aggregate  (cost=3888.68..3888.69 rows=1 width=8)
	  ->  Bitmap Heap Scan on sbtest4  (cost=34.70..3886.18 rows=1001 width=4)
	        Recheck Cond: ((id >= 5667304) AND (id <= 5668303))
	        ->  Bitmap Index Scan on sbtest4_pkey  (cost=0.00..34.45 rows=1001 width=0)
	              Index Cond: ((id >= 5667304) AND (id <= 5668303))

table 5 : explain SELECT SUM(k) FROM sbtest5 WHERE id BETWEEN 6348949 AND 6349948
	Aggregate  (cost=3854.36..3854.37 rows=1 width=8)
	  ->  Bitmap Heap Scan on sbtest5  (cost=34.62..3851.88 rows=994 width=4)
	        Recheck Cond: ((id >= 6348949) AND (id <= 6349948))
	        ->  Bitmap Index Scan on sbtest5_pkey  (cost=0.00..34.38 rows=994 width=0)
	              Index Cond: ((id >= 6348949) AND (id <= 6349948))

table 6 : explain SELECT SUM(k) FROM sbtest6 WHERE id BETWEEN 241941 AND 242940
	Aggregate  (cost=3656.86..3656.87 rows=1 width=8)
	  ->  Bitmap Heap Scan on sbtest6  (cost=34.08..3654.51 rows=941 width=4)
	        Recheck Cond: ((id >= 241941) AND (id <= 242940))
	        ->  Bitmap Index Scan on sbtest6_pkey  (cost=0.00..33.84 rows=941 width=0)
	              Index Cond: ((id >= 241941) AND (id <= 242940))

table 7 : explain SELECT SUM(k) FROM sbtest7 WHERE id BETWEEN 3667135 AND 3668134
	Aggregate  (cost=3601.44..3601.45 rows=1 width=8)
	  ->  Bitmap Heap Scan on sbtest7  (cost=33.92..3599.13 rows=925 width=4)
	        Recheck Cond: ((id >= 3667135) AND (id <= 3668134))
	        ->  Bitmap Index Scan on sbtest7_pkey  (cost=0.00..33.69 rows=925 width=0)
	              Index Cond: ((id >= 3667135) AND (id <= 3668134))

table 8 : explain SELECT SUM(k) FROM sbtest8 WHERE id BETWEEN 6086018 AND 6087017
	Aggregate  (cost=3866.15..3866.16 rows=1 width=8)
	  ->  Index Scan using sbtest8_pkey on sbtest8  (cost=0.43..3863.68 rows=986 width=4)
	        Index Cond: ((id >= 6086018) AND (id <= 6087017))

for: distinct_ranges
table 1 : explain SELECT DISTINCT c FROM sbtest1 WHERE id BETWEEN 7776924 AND 7777923 ORDER BY c
	Unique  (cost=3743.74..3748.50 rows=952 width=121)
	  ->  Sort  (cost=3743.74..3746.12 rows=952 width=121)
	        Sort Key: c
	        ->  Bitmap Heap Scan on sbtest1  (cost=34.19..3696.64 rows=952 width=121)
	              Recheck Cond: ((id >= 7776924) AND (id <= 7777923))
	              ->  Bitmap Index Scan on sbtest1_pkey  (cost=0.00..33.95 rows=952 width=0)
	                    Index Cond: ((id >= 7776924) AND (id <= 7777923))

table 2 : explain SELECT DISTINCT c FROM sbtest2 WHERE id BETWEEN 7042069 AND 7043068 ORDER BY c
	Unique  (cost=4053.09..4058.26 rows=1033 width=121)
	  ->  Sort  (cost=4053.09..4055.67 rows=1033 width=121)
	        Sort Key: c
	        ->  Bitmap Heap Scan on sbtest2  (cost=35.02..4001.38 rows=1033 width=121)
	              Recheck Cond: ((id >= 7042069) AND (id <= 7043068))
	              ->  Bitmap Index Scan on sbtest2_pkey  (cost=0.00..34.77 rows=1033 width=0)
	                    Index Cond: ((id >= 7042069) AND (id <= 7043068))

table 3 : explain SELECT DISTINCT c FROM sbtest3 WHERE id BETWEEN 1557377 AND 1558376 ORDER BY c
	Unique  (cost=3906.52..3911.49 rows=994 width=121)
	  ->  Sort  (cost=3906.52..3909.00 rows=994 width=121)
	        Sort Key: c
	        ->  Bitmap Heap Scan on sbtest3  (cost=34.62..3857.03 rows=994 width=121)
	              Recheck Cond: ((id >= 1557377) AND (id <= 1558376))
	              ->  Bitmap Index Scan on sbtest3_pkey  (cost=0.00..34.38 rows=994 width=0)
	                    Index Cond: ((id >= 1557377) AND (id <= 1558376))

table 4 : explain SELECT DISTINCT c FROM sbtest4 WHERE id BETWEEN 1494227 AND 1495226 ORDER BY c
	Unique  (cost=4269.46..4274.90 rows=1088 width=121)
	  ->  Sort  (cost=4269.46..4272.18 rows=1088 width=121)
	        Sort Key: c
	        ->  Bitmap Heap Scan on sbtest4  (cost=35.59..4214.58 rows=1088 width=121)
	              Recheck Cond: ((id >= 1494227) AND (id <= 1495226))
	              ->  Bitmap Index Scan on sbtest4_pkey  (cost=0.00..35.32 rows=1088 width=0)
	                    Index Cond: ((id >= 1494227) AND (id <= 1495226))

table 5 : explain SELECT DISTINCT c FROM sbtest5 WHERE id BETWEEN 6479075 AND 6480074 ORDER BY c
	Unique  (cost=4107.79..4113.03 rows=1048 width=121)
	  ->  Sort  (cost=4107.79..4110.41 rows=1048 width=121)
	        Sort Key: c
	        ->  Bitmap Heap Scan on sbtest5  (cost=35.18..4055.22 rows=1048 width=121)
	              Recheck Cond: ((id >= 6479075) AND (id <= 6480074))
	              ->  Bitmap Index Scan on sbtest5_pkey  (cost=0.00..34.92 rows=1048 width=0)
	                    Index Cond: ((id >= 6479075) AND (id <= 6480074))

table 6 : explain SELECT DISTINCT c FROM sbtest6 WHERE id BETWEEN 7538438 AND 7539437 ORDER BY c
	Unique  (cost=3984.56..3989.64 rows=1015 width=121)
	  ->  Sort  (cost=3984.56..3987.10 rows=1015 width=121)
	        Sort Key: c
	        ->  Bitmap Heap Scan on sbtest6  (cost=34.84..3933.88 rows=1015 width=121)
	              Recheck Cond: ((id >= 7538438) AND (id <= 7539437))
	              ->  Bitmap Index Scan on sbtest6_pkey  (cost=0.00..34.59 rows=1015 width=0)
	                    Index Cond: ((id >= 7538438) AND (id <= 7539437))

table 7 : explain SELECT DISTINCT c FROM sbtest7 WHERE id BETWEEN 7674406 AND 7675405 ORDER BY c
	Unique  (cost=3998.11..4003.20 rows=1017 width=121)
	  ->  Sort  (cost=3998.11..4000.66 rows=1017 width=121)
	        Sort Key: c
	        ->  Bitmap Heap Scan on sbtest7  (cost=34.86..3947.31 rows=1017 width=121)
	              Recheck Cond: ((id >= 7674406) AND (id <= 7675405))
	              ->  Bitmap Index Scan on sbtest7_pkey  (cost=0.00..34.61 rows=1017 width=0)
	                    Index Cond: ((id >= 7674406) AND (id <= 7675405))

table 8 : explain SELECT DISTINCT c FROM sbtest8 WHERE id BETWEEN 66230 AND 67229 ORDER BY c
	Unique  (cost=4047.17..4052.27 rows=1020 width=121)
	  ->  Sort  (cost=4047.17..4049.72 rows=1020 width=121)
	        Sort Key: c
	        ->  Index Scan using sbtest8_pkey on sbtest8  (cost=0.43..3996.20 rows=1020 width=121)
	              Index Cond: ((id >= 66230) AND (id <= 67229))

for: distinct_ranges
table 1 : explain SELECT DISTINCT c FROM sbtest1 WHERE id BETWEEN 8636707 AND 8637706 ORDER BY c
	Unique  (cost=3843.44..3848.33 rows=978 width=121)
	  ->  Sort  (cost=3843.44..3845.88 rows=978 width=121)
	        Sort Key: c
	        ->  Bitmap Heap Scan on sbtest1  (cost=34.46..3794.86 rows=978 width=121)
	              Recheck Cond: ((id >= 8636707) AND (id <= 8637706))
	              ->  Bitmap Index Scan on sbtest1_pkey  (cost=0.00..34.22 rows=978 width=0)
	                    Index Cond: ((id >= 8636707) AND (id <= 8637706))

table 2 : explain SELECT DISTINCT c FROM sbtest2 WHERE id BETWEEN 1586679 AND 1587678 ORDER BY c
	Unique  (cost=4133.39..4138.66 rows=1054 width=121)
	  ->  Sort  (cost=4133.39..4136.03 rows=1054 width=121)
	        Sort Key: c
	        ->  Bitmap Heap Scan on sbtest2  (cost=35.24..4080.47 rows=1054 width=121)
	              Recheck Cond: ((id >= 1586679) AND (id <= 1587678))
	              ->  Bitmap Index Scan on sbtest2_pkey  (cost=0.00..34.98 rows=1054 width=0)
	                    Index Cond: ((id >= 1586679) AND (id <= 1587678))

table 3 : explain SELECT DISTINCT c FROM sbtest3 WHERE id BETWEEN 1959230 AND 1960229 ORDER BY c
	Unique  (cost=4124.85..4130.11 rows=1051 width=121)
	  ->  Sort  (cost=4124.85..4127.48 rows=1051 width=121)
	        Sort Key: c
	        ->  Bitmap Heap Scan on sbtest3  (cost=35.21..4072.10 rows=1051 width=121)
	              Recheck Cond: ((id >= 1959230) AND (id <= 1960229))
	              ->  Bitmap Index Scan on sbtest3_pkey  (cost=0.00..34.95 rows=1051 width=0)
	                    Index Cond: ((id >= 1959230) AND (id <= 1960229))

table 4 : explain SELECT DISTINCT c FROM sbtest4 WHERE id BETWEEN 1474443 AND 1475442 ORDER BY c
	Unique  (cost=3459.22..3463.61 rows=878 width=121)
	  ->  Sort  (cost=3459.22..3461.42 rows=878 width=121)
	        Sort Key: c
	        ->  Bitmap Heap Scan on sbtest4  (cost=29.43..3416.30 rows=878 width=121)
	              Recheck Cond: ((id >= 1474443) AND (id <= 1475442))
	              ->  Bitmap Index Scan on sbtest4_pkey  (cost=0.00..29.21 rows=878 width=0)
	                    Index Cond: ((id >= 1474443) AND (id <= 1475442))

table 5 : explain SELECT DISTINCT c FROM sbtest5 WHERE id BETWEEN 7291052 AND 7292051 ORDER BY c
	Unique  (cost=4375.14..4380.73 rows=1118 width=121)
	  ->  Sort  (cost=4375.14..4377.93 rows=1118 width=121)
	        Sort Key: c
	        ->  Bitmap Heap Scan on sbtest5  (cost=39.89..4318.53 rows=1118 width=121)
	              Recheck Cond: ((id >= 7291052) AND (id <= 7292051))
	              ->  Bitmap Index Scan on sbtest5_pkey  (cost=0.00..39.62 rows=1118 width=0)
	                    Index Cond: ((id >= 7291052) AND (id <= 7292051))

table 6 : explain SELECT DISTINCT c FROM sbtest6 WHERE id BETWEEN 2224181 AND 2225180 ORDER BY c
	Unique  (cost=4282.77..4288.23 rows=1093 width=121)
	  ->  Sort  (cost=4282.77..4285.50 rows=1093 width=121)
	        Sort Key: c
	        ->  Bitmap Heap Scan on sbtest6  (cost=35.64..4227.60 rows=1093 width=121)
	              Recheck Cond: ((id >= 2224181) AND (id <= 2225180))
	              ->  Bitmap Index Scan on sbtest6_pkey  (cost=0.00..35.37 rows=1093 width=0)
	                    Index Cond: ((id >= 2224181) AND (id <= 2225180))

table 7 : explain SELECT DISTINCT c FROM sbtest7 WHERE id BETWEEN 3407072 AND 3408071 ORDER BY c
	Unique  (cost=3760.05..3764.83 rows=955 width=121)
	  ->  Sort  (cost=3760.05..3762.44 rows=955 width=121)
	        Sort Key: c
	        ->  Bitmap Heap Scan on sbtest7  (cost=34.22..3712.78 rows=955 width=121)
	              Recheck Cond: ((id >= 3407072) AND (id <= 3408071))
	              ->  Bitmap Index Scan on sbtest7_pkey  (cost=0.00..33.98 rows=955 width=0)
	                    Index Cond: ((id >= 3407072) AND (id <= 3408071))

table 8 : explain SELECT DISTINCT c FROM sbtest8 WHERE id BETWEEN 5287320 AND 5288319 ORDER BY c
	Unique  (cost=4314.41..4319.90 rows=1099 width=121)
	  ->  Sort  (cost=4314.41..4317.15 rows=1099 width=121)
	        Sort Key: c
	        ->  Bitmap Heap Scan on sbtest8  (cost=39.70..4258.90 rows=1099 width=121)
	              Recheck Cond: ((id >= 5287320) AND (id <= 5288319))
	              ->  Bitmap Index Scan on sbtest8_pkey  (cost=0.00..39.43 rows=1099 width=0)
	                    Index Cond: ((id >= 5287320) AND (id <= 5288319))

for: sum_ranges
table 1 : explain SELECT SUM(k) FROM sbtest1 WHERE id BETWEEN 3017798 AND 3018797
	Aggregate  (cost=3933.26..3933.27 rows=1 width=8)
	  ->  Bitmap Heap Scan on sbtest1  (cost=34.83..3930.72 rows=1014 width=4)
	        Recheck Cond: ((id >= 3017798) AND (id <= 3018797))
	        ->  Bitmap Index Scan on sbtest1_pkey  (cost=0.00..34.58 rows=1014 width=0)
	              Index Cond: ((id >= 3017798) AND (id <= 3018797))

table 2 : explain SELECT SUM(k) FROM sbtest2 WHERE id BETWEEN 9854873 AND 9855872
	Aggregate  (cost=3868.15..3868.16 rows=1 width=8)
	  ->  Bitmap Heap Scan on sbtest2  (cost=34.65..3865.65 rows=997 width=4)
	        Recheck Cond: ((id >= 9854873) AND (id <= 9855872))
	        ->  Bitmap Index Scan on sbtest2_pkey  (cost=0.00..34.41 rows=997 width=0)
	              Index Cond: ((id >= 9854873) AND (id <= 9855872))

table 3 : explain SELECT SUM(k) FROM sbtest3 WHERE id BETWEEN 7265181 AND 7266180
	Aggregate  (cost=3897.30..3897.31 rows=1 width=8)
	  ->  Bitmap Heap Scan on sbtest3  (cost=34.73..3894.79 rows=1004 width=4)
	        Recheck Cond: ((id >= 7265181) AND (id <= 7266180))
	        ->  Bitmap Index Scan on sbtest3_pkey  (cost=0.00..34.48 rows=1004 width=0)
	              Index Cond: ((id >= 7265181) AND (id <= 7266180))

table 4 : explain SELECT SUM(k) FROM sbtest4 WHERE id BETWEEN 3867197 AND 3868196
	Aggregate  (cost=4062.55..4062.56 rows=1 width=8)
	  ->  Bitmap Heap Scan on sbtest4  (cost=35.17..4059.93 rows=1047 width=4)
	        Recheck Cond: ((id >= 3867197) AND (id <= 3868196))
	        ->  Bitmap Index Scan on sbtest4_pkey  (cost=0.00..34.91 rows=1047 width=0)
	              Index Cond: ((id >= 3867197) AND (id <= 3868196))

table 5 : explain SELECT SUM(k) FROM sbtest5 WHERE id BETWEEN 1717466 AND 1718465
	Aggregate  (cost=3801.55..3801.56 rows=1 width=8)
	  ->  Bitmap Heap Scan on sbtest5  (cost=34.48..3799.10 rows=980 width=4)
	        Recheck Cond: ((id >= 1717466) AND (id <= 1718465))
	        ->  Bitmap Index Scan on sbtest5_pkey  (cost=0.00..34.23 rows=980 width=0)
	              Index Cond: ((id >= 1717466) AND (id <= 1718465))

table 6 : explain SELECT SUM(k) FROM sbtest6 WHERE id BETWEEN 7543895 AND 7544894
	Aggregate  (cost=3936.42..3936.43 rows=1 width=8)
	  ->  Bitmap Heap Scan on sbtest6  (cost=34.84..3933.88 rows=1015 width=4)
	        Recheck Cond: ((id >= 7543895) AND (id <= 7544894))
	        ->  Bitmap Index Scan on sbtest6_pkey  (cost=0.00..34.59 rows=1015 width=0)
	              Index Cond: ((id >= 7543895) AND (id <= 7544894))

table 7 : explain SELECT SUM(k) FROM sbtest7 WHERE id BETWEEN 1580284 AND 1581283
	Aggregate  (cost=4014.12..4014.13 rows=1 width=8)
	  ->  Bitmap Heap Scan on sbtest7  (cost=35.03..4011.54 rows=1034 width=4)
	        Recheck Cond: ((id >= 1580284) AND (id <= 1581283))
	        ->  Bitmap Index Scan on sbtest7_pkey  (cost=0.00..34.78 rows=1034 width=0)
	              Index Cond: ((id >= 1580284) AND (id <= 1581283))

table 8 : explain SELECT SUM(k) FROM sbtest8 WHERE id BETWEEN 3009948 AND 3010947
	Aggregate  (cost=3928.56..3928.57 rows=1 width=8)
	  ->  Index Scan using sbtest8_pkey on sbtest8  (cost=0.43..3926.06 rows=1002 width=4)
	        Index Cond: ((id >= 3009948) AND (id <= 3010947))

for point_selects
table 1 : explain SELECT c FROM sbtest1 WHERE id=5857787
	Index Scan using sbtest1_pkey on sbtest1  (cost=0.43..8.45 rows=1 width=121)
	  Index Cond: (id = 5857787)

table 2 : explain SELECT c FROM sbtest2 WHERE id=8320506
	Index Scan using sbtest2_pkey on sbtest2  (cost=0.43..8.45 rows=1 width=121)
	  Index Cond: (id = 8320506)

table 3 : explain SELECT c FROM sbtest3 WHERE id=9275603
	Index Scan using sbtest3_pkey on sbtest3  (cost=0.43..8.45 rows=1 width=121)
	  Index Cond: (id = 9275603)

table 4 : explain SELECT c FROM sbtest4 WHERE id=1007198
	Index Scan using sbtest4_pkey on sbtest4  (cost=0.43..8.45 rows=1 width=121)
	  Index Cond: (id = 1007198)

table 5 : explain SELECT c FROM sbtest5 WHERE id=1673544
	Index Scan using sbtest5_pkey on sbtest5  (cost=0.43..8.45 rows=1 width=121)
	  Index Cond: (id = 1673544)

table 6 : explain SELECT c FROM sbtest6 WHERE id=4366589
	Index Scan using sbtest6_pkey on sbtest6  (cost=0.43..8.45 rows=1 width=121)
	  Index Cond: (id = 4366589)

table 7 : explain SELECT c FROM sbtest7 WHERE id=1414572
	Index Scan using sbtest7_pkey on sbtest7  (cost=0.43..8.45 rows=1 width=121)
	  Index Cond: (id = 1414572)

table 8 : explain SELECT c FROM sbtest8 WHERE id=4220057
	Index Scan using sbtest8_pkey on sbtest8  (cost=0.43..8.45 rows=1 width=121)
	  Index Cond: (id = 4220057)

for: simple_ranges
table 1 : explain SELECT c FROM sbtest1 WHERE id BETWEEN 6929897 AND 6930896
	Bitmap Heap Scan on sbtest1  (cost=34.36..3757.10 rows=968 width=121)
	  Recheck Cond: ((id >= 6929897) AND (id <= 6930896))
	  ->  Bitmap Index Scan on sbtest1_pkey  (cost=0.00..34.12 rows=968 width=0)
	        Index Cond: ((id >= 6929897) AND (id <= 6930896))

table 2 : explain SELECT c FROM sbtest2 WHERE id BETWEEN 905048 AND 906047
	Bitmap Heap Scan on sbtest2  (cost=34.61..3850.56 rows=993 width=121)
	  Recheck Cond: ((id >= 905048) AND (id <= 906047))
	  ->  Bitmap Index Scan on sbtest2_pkey  (cost=0.00..34.37 rows=993 width=0)
	        Index Cond: ((id >= 905048) AND (id <= 906047))

table 3 : explain SELECT c FROM sbtest3 WHERE id BETWEEN 8557865 AND 8558864
	Bitmap Heap Scan on sbtest3  (cost=34.79..3917.44 rows=1010 width=121)
	  Recheck Cond: ((id >= 8557865) AND (id <= 8558864))
	  ->  Bitmap Index Scan on sbtest3_pkey  (cost=0.00..34.54 rows=1010 width=0)
	        Index Cond: ((id >= 8557865) AND (id <= 8558864))

table 4 : explain SELECT c FROM sbtest4 WHERE id BETWEEN 1430696 AND 1431695
	Bitmap Heap Scan on sbtest4  (cost=29.43..3416.30 rows=878 width=121)
	  Recheck Cond: ((id >= 1430696) AND (id <= 1431695))
	  ->  Bitmap Index Scan on sbtest4_pkey  (cost=0.00..29.21 rows=878 width=0)
	        Index Cond: ((id >= 1430696) AND (id <= 1431695))

table 5 : explain SELECT c FROM sbtest5 WHERE id BETWEEN 9796403 AND 9797402
	Bitmap Heap Scan on sbtest5  (cost=34.83..3927.23 rows=1014 width=121)
	  Recheck Cond: ((id >= 9796403) AND (id <= 9797402))
	  ->  Bitmap Index Scan on sbtest5_pkey  (cost=0.00..34.58 rows=1014 width=0)
	        Index Cond: ((id >= 9796403) AND (id <= 9797402))

table 6 : explain SELECT c FROM sbtest6 WHERE id BETWEEN 9620938 AND 9621937
	Bitmap Heap Scan on sbtest6  (cost=34.62..3854.67 rows=994 width=121)
	  Recheck Cond: ((id >= 9620938) AND (id <= 9621937))
	  ->  Bitmap Index Scan on sbtest6_pkey  (cost=0.00..34.38 rows=994 width=0)
	        Index Cond: ((id >= 9620938) AND (id <= 9621937))

table 7 : explain SELECT c FROM sbtest7 WHERE id BETWEEN 6526656 AND 6527655
	Bitmap Heap Scan on sbtest7  (cost=40.22..4452.87 rows=1150 width=121)
	  Recheck Cond: ((id >= 6526656) AND (id <= 6527655))
	  ->  Bitmap Index Scan on sbtest7_pkey  (cost=0.00..39.94 rows=1150 width=0)
	        Index Cond: ((id >= 6526656) AND (id <= 6527655))

table 8 : explain SELECT c FROM sbtest8 WHERE id BETWEEN 3870788 AND 3871787
	Bitmap Heap Scan on sbtest8  (cost=35.42..4153.15 rows=1072 width=121)
	  Recheck Cond: ((id >= 3870788) AND (id <= 3871787))
	  ->  Bitmap Index Scan on sbtest8_pkey  (cost=0.00..35.16 rows=1072 width=0)
	        Index Cond: ((id >= 3870788) AND (id <= 3871787))

for: order_ranges
table 1 : explain SELECT c FROM sbtest1 WHERE id BETWEEN 8037558 AND 8038557 ORDER BY c
	Sort  (cost=3973.69..3976.22 rows=1012 width=121)
	  Sort Key: c
	  ->  Bitmap Heap Scan on sbtest1  (cost=34.81..3923.18 rows=1012 width=121)
	        Recheck Cond: ((id >= 8037558) AND (id <= 8038557))
	        ->  Bitmap Index Scan on sbtest1_pkey  (cost=0.00..34.56 rows=1012 width=0)
	              Index Cond: ((id >= 8037558) AND (id <= 8038557))

table 2 : explain SELECT c FROM sbtest2 WHERE id BETWEEN 3768733 AND 3769732 ORDER BY c
	Sort  (cost=3631.61..3633.92 rows=923 width=121)
	  Sort Key: c
	  ->  Bitmap Heap Scan on sbtest2  (cost=33.90..3586.15 rows=923 width=121)
	        Recheck Cond: ((id >= 3768733) AND (id <= 3769732))
	        ->  Bitmap Index Scan on sbtest2_pkey  (cost=0.00..33.67 rows=923 width=0)
	              Index Cond: ((id >= 3768733) AND (id <= 3769732))

table 3 : explain SELECT c FROM sbtest3 WHERE id BETWEEN 1573178 AND 1574177 ORDER BY c
	Sort  (cost=3906.52..3909.00 rows=994 width=121)
	  Sort Key: c
	  ->  Bitmap Heap Scan on sbtest3  (cost=34.62..3857.03 rows=994 width=121)
	        Recheck Cond: ((id >= 1573178) AND (id <= 1574177))
	        ->  Bitmap Index Scan on sbtest3_pkey  (cost=0.00..34.38 rows=994 width=0)
	              Index Cond: ((id >= 1573178) AND (id <= 1574177))

table 4 : explain SELECT c FROM sbtest4 WHERE id BETWEEN 5308339 AND 5309338 ORDER BY c
	Sort  (cost=4089.46..4092.06 rows=1041 width=121)
	  Sort Key: c
	  ->  Bitmap Heap Scan on sbtest4  (cost=35.11..4037.28 rows=1041 width=121)
	        Recheck Cond: ((id >= 5308339) AND (id <= 5309338))
	        ->  Bitmap Index Scan on sbtest4_pkey  (cost=0.00..34.84 rows=1041 width=0)
	              Index Cond: ((id >= 5308339) AND (id <= 5309338))

table 5 : explain SELECT c FROM sbtest5 WHERE id BETWEEN 1181386 AND 1182385 ORDER BY c
	Sort  (cost=3974.04..3976.57 rows=1013 width=121)
	  Sort Key: c
	  ->  Bitmap Heap Scan on sbtest5  (cost=34.82..3923.47 rows=1013 width=121)
	        Recheck Cond: ((id >= 1181386) AND (id <= 1182385))
	        ->  Bitmap Index Scan on sbtest5_pkey  (cost=0.00..34.57 rows=1013 width=0)
	              Index Cond: ((id >= 1181386) AND (id <= 1182385))

table 6 : explain SELECT c FROM sbtest6 WHERE id BETWEEN 7661902 AND 7662901 ORDER BY c
	Sort  (cost=3793.03..3795.44 rows=965 width=121)
	  Sort Key: c
	  ->  Bitmap Heap Scan on sbtest6  (cost=34.33..3745.19 rows=965 width=121)
	        Recheck Cond: ((id >= 7661902) AND (id <= 7662901))
	        ->  Bitmap Index Scan on sbtest6_pkey  (cost=0.00..34.09 rows=965 width=0)
	              Index Cond: ((id >= 7661902) AND (id <= 7662901))

table 7 : explain SELECT c FROM sbtest7 WHERE id BETWEEN 5413369 AND 5414368 ORDER BY c
	Sort  (cost=3663.93..3666.26 rows=930 width=121)
	  Sort Key: c
	  ->  Bitmap Heap Scan on sbtest7  (cost=33.97..3618.08 rows=930 width=121)
	        Recheck Cond: ((id >= 5413369) AND (id <= 5414368))
	        ->  Bitmap Index Scan on sbtest7_pkey  (cost=0.00..33.73 rows=930 width=0)
	              Index Cond: ((id >= 5413369) AND (id <= 5414368))

table 8 : explain SELECT c FROM sbtest8 WHERE id BETWEEN 4122777 AND 4123776 ORDER BY c
	Sort  (cost=3695.25..3697.58 rows=931 width=121)
	  Sort Key: c
	  ->  Index Scan using sbtest8_pkey on sbtest8  (cost=0.43..3649.34 rows=931 width=121)
	        Index Cond: ((id >= 4122777) AND (id <= 4123776))

for: order_ranges
table 1 : explain SELECT c FROM sbtest1 WHERE id BETWEEN 3375020 AND 3376019 ORDER BY c
	Sort  (cost=3920.08..3922.57 rows=998 width=121)
	  Sort Key: c
	  ->  Bitmap Heap Scan on sbtest1  (cost=34.66..3870.36 rows=998 width=121)
	        Recheck Cond: ((id >= 3375020) AND (id <= 3376019))
	        ->  Bitmap Index Scan on sbtest1_pkey  (cost=0.00..34.42 rows=998 width=0)
	              Index Cond: ((id >= 3375020) AND (id <= 3376019))

table 2 : explain SELECT c FROM sbtest2 WHERE id BETWEEN 3519698 AND 3520697 ORDER BY c
	Sort  (cost=3735.20..3737.58 rows=950 width=121)
	  Sort Key: c
	  ->  Bitmap Heap Scan on sbtest2  (cost=34.17..3688.21 rows=950 width=121)
	        Recheck Cond: ((id >= 3519698) AND (id <= 3520697))
	        ->  Bitmap Index Scan on sbtest2_pkey  (cost=0.00..33.94 rows=950 width=0)
	              Index Cond: ((id >= 3519698) AND (id <= 3520697))

table 3 : explain SELECT c FROM sbtest3 WHERE id BETWEEN 5204437 AND 5205436 ORDER BY c
	Sort  (cost=4339.17..4341.94 rows=1106 width=121)
	  Sort Key: c
	  ->  Bitmap Heap Scan on sbtest3  (cost=39.77..4283.26 rows=1106 width=121)
	        Recheck Cond: ((id >= 5204437) AND (id <= 5205436))
	        ->  Bitmap Index Scan on sbtest3_pkey  (cost=0.00..39.50 rows=1106 width=0)
	              Index Cond: ((id >= 5204437) AND (id <= 5205436))

table 4 : explain SELECT c FROM sbtest4 WHERE id BETWEEN 2608269 AND 2609268 ORDER BY c
	Sort  (cost=3893.85..3896.33 rows=990 width=121)
	  Sort Key: c
	  ->  Bitmap Heap Scan on sbtest4  (cost=34.58..3844.59 rows=990 width=121)
	        Recheck Cond: ((id >= 2608269) AND (id <= 2609268))
	        ->  Bitmap Index Scan on sbtest4_pkey  (cost=0.00..34.34 rows=990 width=0)
	              Index Cond: ((id >= 2608269) AND (id <= 2609268))

table 5 : explain SELECT c FROM sbtest5 WHERE id BETWEEN 9883931 AND 9884930 ORDER BY c
	Sort  (cost=3977.86..3980.40 rows=1014 width=121)
	  Sort Key: c
	  ->  Bitmap Heap Scan on sbtest5  (cost=34.83..3927.23 rows=1014 width=121)
	        Recheck Cond: ((id >= 9883931) AND (id <= 9884930))
	        ->  Bitmap Index Scan on sbtest5_pkey  (cost=0.00..34.58 rows=1014 width=0)
	              Index Cond: ((id >= 9883931) AND (id <= 9884930))

table 6 : explain SELECT c FROM sbtest6 WHERE id BETWEEN 8960882 AND 8961881 ORDER BY c
	Sort  (cost=3865.85..3868.31 rows=984 width=121)
	  Sort Key: c
	  ->  Bitmap Heap Scan on sbtest6  (cost=34.52..3816.93 rows=984 width=121)
	        Recheck Cond: ((id >= 8960882) AND (id <= 8961881))
	        ->  Bitmap Index Scan on sbtest6_pkey  (cost=0.00..34.28 rows=984 width=0)
	              Index Cond: ((id >= 8960882) AND (id <= 8961881))

table 7 : explain SELECT c FROM sbtest7 WHERE id BETWEEN 667107 AND 668106 ORDER BY c
	Sort  (cost=4013.46..4016.01 rows=1021 width=121)
	  Sort Key: c
	  ->  Bitmap Heap Scan on sbtest7  (cost=34.90..3962.43 rows=1021 width=121)
	        Recheck Cond: ((id >= 667107) AND (id <= 668106))
	        ->  Bitmap Index Scan on sbtest7_pkey  (cost=0.00..34.65 rows=1021 width=0)
	              Index Cond: ((id >= 667107) AND (id <= 668106))

table 8 : explain SELECT c FROM sbtest8 WHERE id BETWEEN 9246655 AND 9247654 ORDER BY c
	Sort  (cost=4180.31..4182.98 rows=1065 width=121)
	  Sort Key: c
	  ->  Bitmap Heap Scan on sbtest8  (cost=35.35..4126.76 rows=1065 width=121)
	        Recheck Cond: ((id >= 9246655) AND (id <= 9247654))
	        ->  Bitmap Index Scan on sbtest8_pkey  (cost=0.00..35.09 rows=1065 width=0)
	              Index Cond: ((id >= 9246655) AND (id <= 9247654))

explain: for point_selects :: explain SELECT c FROM sbtest%u WHERE id=%u
for: sum_ranges
table 1 : explain SELECT SUM(k) FROM sbtest1 WHERE id BETWEEN 4100871 AND 4101870
	Aggregate  (cost=3952.13..3952.14 rows=1 width=8)
	  ->  Bitmap Heap Scan on sbtest1  (cost=34.88..3949.58 rows=1019 width=4)
	        Recheck Cond: ((id >= 4100871) AND (id <= 4101870))
	        ->  Bitmap Index Scan on sbtest1_pkey  (cost=0.00..34.62 rows=1019 width=0)
	              Index Cond: ((id >= 4100871) AND (id <= 4101870))

table 2 : explain SELECT SUM(k) FROM sbtest2 WHERE id BETWEEN 5209141 AND 5210140
	Aggregate  (cost=4143.37..4143.38 rows=1 width=8)
	  ->  Bitmap Heap Scan on sbtest2  (cost=35.40..4140.70 rows=1070 width=4)
	        Recheck Cond: ((id >= 5209141) AND (id <= 5210140))
	        ->  Bitmap Index Scan on sbtest2_pkey  (cost=0.00..35.14 rows=1070 width=0)
	              Index Cond: ((id >= 5209141) AND (id <= 5210140))

table 3 : explain SELECT SUM(k) FROM sbtest3 WHERE id BETWEEN 4910379 AND 4911378
	Aggregate  (cost=4093.59..4093.60 rows=1 width=8)
	  ->  Bitmap Heap Scan on sbtest3  (cost=35.26..4090.95 rows=1056 width=4)
	        Recheck Cond: ((id >= 4910379) AND (id <= 4911378))
	        ->  Bitmap Index Scan on sbtest3_pkey  (cost=0.00..35.00 rows=1056 width=0)
	              Index Cond: ((id >= 4910379) AND (id <= 4911378))

table 4 : explain SELECT SUM(k) FROM sbtest4 WHERE id BETWEEN 5755479 AND 5756478
	Aggregate  (cost=3786.51..3786.52 rows=1 width=8)
	  ->  Bitmap Heap Scan on sbtest4  (cost=34.42..3784.08 rows=974 width=4)
	        Recheck Cond: ((id >= 5755479) AND (id <= 5756478))
	        ->  Bitmap Index Scan on sbtest4_pkey  (cost=0.00..34.18 rows=974 width=0)
	              Index Cond: ((id >= 5755479) AND (id <= 5756478))

table 5 : explain SELECT SUM(k) FROM sbtest5 WHERE id BETWEEN 1727929 AND 1728928
	Aggregate  (cost=3801.55..3801.56 rows=1 width=8)
	  ->  Bitmap Heap Scan on sbtest5  (cost=34.48..3799.10 rows=980 width=4)
	        Recheck Cond: ((id >= 1727929) AND (id <= 1728928))
	        ->  Bitmap Index Scan on sbtest5_pkey  (cost=0.00..34.23 rows=980 width=0)
	              Index Cond: ((id >= 1727929) AND (id <= 1728928))

table 6 : explain SELECT SUM(k) FROM sbtest6 WHERE id BETWEEN 7683810 AND 7684809
	Aggregate  (cost=3747.61..3747.62 rows=1 width=8)
	  ->  Bitmap Heap Scan on sbtest6  (cost=34.33..3745.19 rows=965 width=4)
	        Recheck Cond: ((id >= 7683810) AND (id <= 7684809))
	        ->  Bitmap Index Scan on sbtest6_pkey  (cost=0.00..34.09 rows=965 width=0)
	              Index Cond: ((id >= 7683810) AND (id <= 7684809))

table 7 : explain SELECT SUM(k) FROM sbtest7 WHERE id BETWEEN 4821649 AND 4822648
	Aggregate  (cost=3859.07..3859.08 rows=1 width=8)
	  ->  Bitmap Heap Scan on sbtest7  (cost=34.61..3856.58 rows=993 width=4)
	        Recheck Cond: ((id >= 4821649) AND (id <= 4822648))
	        ->  Bitmap Index Scan on sbtest7_pkey  (cost=0.00..34.37 rows=993 width=0)
	              Index Cond: ((id >= 4821649) AND (id <= 4822648))

table 8 : explain SELECT SUM(k) FROM sbtest8 WHERE id BETWEEN 2197230 AND 2198229
	Aggregate  (cost=3997.29..3997.30 rows=1 width=8)
	  ->  Bitmap Heap Scan on sbtest8  (cost=34.99..3994.71 rows=1030 width=4)
	        Recheck Cond: ((id >= 2197230) AND (id <= 2198229))
	        ->  Bitmap Index Scan on sbtest8_pkey  (cost=0.00..34.73 rows=1030 width=0)
	              Index Cond: ((id >= 2197230) AND (id <= 2198229))

for: order_ranges
table 1 : explain SELECT c FROM sbtest1 WHERE id BETWEEN 6869063 AND 6870062 ORDER BY c
	Sort  (cost=3470.91..3473.11 rows=882 width=121)
	  Sort Key: c
	  ->  Bitmap Heap Scan on sbtest1  (cost=29.48..3427.76 rows=882 width=121)
	        Recheck Cond: ((id >= 6869063) AND (id <= 6870062))
	        ->  Bitmap Index Scan on sbtest1_pkey  (cost=0.00..29.25 rows=882 width=0)
	              Index Cond: ((id >= 6869063) AND (id <= 6870062))

table 2 : explain SELECT c FROM sbtest2 WHERE id BETWEEN 5270560 AND 5271559 ORDER BY c
	Sort  (cost=3742.87..3745.25 rows=952 width=121)
	  Sort Key: c
	  ->  Bitmap Heap Scan on sbtest2  (cost=34.19..3695.77 rows=952 width=121)
	        Recheck Cond: ((id >= 5270560) AND (id <= 5271559))
	        ->  Bitmap Index Scan on sbtest2_pkey  (cost=0.00..33.95 rows=952 width=0)
	              Index Cond: ((id >= 5270560) AND (id <= 5271559))

table 3 : explain SELECT c FROM sbtest3 WHERE id BETWEEN 4823680 AND 4824679 ORDER BY c
	Sort  (cost=3883.51..3885.98 rows=988 width=121)
	  Sort Key: c
	  ->  Bitmap Heap Scan on sbtest3  (cost=34.56..3834.37 rows=988 width=121)
	        Recheck Cond: ((id >= 4823680) AND (id <= 4824679))
	        ->  Bitmap Index Scan on sbtest3_pkey  (cost=0.00..34.32 rows=988 width=0)
	              Index Cond: ((id >= 4823680) AND (id <= 4824679))

table 4 : explain SELECT c FROM sbtest4 WHERE id BETWEEN 1867897 AND 1868896 ORDER BY c
	Sort  (cost=4097.12..4099.73 rows=1043 width=121)
	  Sort Key: c
	  ->  Bitmap Heap Scan on sbtest4  (cost=35.13..4044.83 rows=1043 width=121)
	        Recheck Cond: ((id >= 1867897) AND (id <= 1868896))
	        ->  Bitmap Index Scan on sbtest4_pkey  (cost=0.00..34.87 rows=1043 width=0)
	              Index Cond: ((id >= 1867897) AND (id <= 1868896))

table 5 : explain SELECT c FROM sbtest5 WHERE id BETWEEN 4447594 AND 4448593 ORDER BY c
	Sort  (cost=3748.23..3750.61 rows=954 width=121)
	  Sort Key: c
	  ->  Bitmap Heap Scan on sbtest5  (cost=34.21..3701.02 rows=954 width=121)
	        Recheck Cond: ((id >= 4447594) AND (id <= 4448593))
	        ->  Bitmap Index Scan on sbtest5_pkey  (cost=0.00..33.98 rows=954 width=0)
	              Index Cond: ((id >= 4447594) AND (id <= 4448593))

table 6 : explain SELECT c FROM sbtest6 WHERE id BETWEEN 166906 AND 167905 ORDER BY c
	Sort  (cost=4141.40..4144.04 rows=1056 width=121)
	  Sort Key: c
	  ->  Bitmap Heap Scan on sbtest6  (cost=35.26..4088.37 rows=1056 width=121)
	        Recheck Cond: ((id >= 166906) AND (id <= 167905))
	        ->  Bitmap Index Scan on sbtest6_pkey  (cost=0.00..35.00 rows=1056 width=0)
	              Index Cond: ((id >= 166906) AND (id <= 167905))

table 7 : explain SELECT c FROM sbtest7 WHERE id BETWEEN 2209075 AND 2210074 ORDER BY c
	Sort  (cost=4385.17..4387.96 rows=1117 width=121)
	  Sort Key: c
	  ->  Bitmap Heap Scan on sbtest7  (cost=39.88..4328.62 rows=1117 width=121)
	        Recheck Cond: ((id >= 2209075) AND (id <= 2210074))
	        ->  Bitmap Index Scan on sbtest7_pkey  (cost=0.00..39.61 rows=1117 width=0)
	              Index Cond: ((id >= 2209075) AND (id <= 2210074))

table 8 : explain SELECT c FROM sbtest8 WHERE id BETWEEN 1307329 AND 1308328 ORDER BY c
	Sort  (cost=3904.81..3907.27 rows=984 width=121)
	  Sort Key: c
	  ->  Index Scan using sbtest8_pkey on sbtest8  (cost=0.43..3855.89 rows=984 width=121)
	        Index Cond: ((id >= 1307329) AND (id <= 1308328))

for: distinct_ranges
table 1 : explain SELECT DISTINCT c FROM sbtest1 WHERE id BETWEEN 8789399 AND 8790398 ORDER BY c
	Unique  (cost=3686.18..3690.87 rows=937 width=121)
	  ->  Sort  (cost=3686.18..3688.53 rows=937 width=121)
	        Sort Key: c
	        ->  Bitmap Heap Scan on sbtest1  (cost=34.04..3639.94 rows=937 width=121)
	              Recheck Cond: ((id >= 8789399) AND (id <= 8790398))
	              ->  Bitmap Index Scan on sbtest1_pkey  (cost=0.00..33.81 rows=937 width=0)
	                    Index Cond: ((id >= 8789399) AND (id <= 8790398))

table 2 : explain SELECT DISTINCT c FROM sbtest2 WHERE id BETWEEN 136534 AND 137533 ORDER BY c
	Unique  (cost=3804.21..3809.05 rows=968 width=121)
	  ->  Sort  (cost=3804.21..3806.63 rows=968 width=121)
	        Sort Key: c
	        ->  Bitmap Heap Scan on sbtest2  (cost=34.36..3756.20 rows=968 width=121)
	              Recheck Cond: ((id >= 136534) AND (id <= 137533))
	              ->  Bitmap Index Scan on sbtest2_pkey  (cost=0.00..34.12 rows=968 width=0)
	                    Index Cond: ((id >= 136534) AND (id <= 137533))

table 3 : explain SELECT DISTINCT c FROM sbtest3 WHERE id BETWEEN 3560634 AND 3561633 ORDER BY c
	Unique  (cost=3822.15..3827.01 rows=972 width=121)
	  ->  Sort  (cost=3822.15..3824.58 rows=972 width=121)
	        Sort Key: c
	        ->  Bitmap Heap Scan on sbtest3  (cost=34.40..3773.91 rows=972 width=121)
	              Recheck Cond: ((id >= 3560634) AND (id <= 3561633))
	              ->  Bitmap Index Scan on sbtest3_pkey  (cost=0.00..34.16 rows=972 width=0)
	                    Index Cond: ((id >= 3560634) AND (id <= 3561633))

table 4 : explain SELECT DISTINCT c FROM sbtest4 WHERE id BETWEEN 8833608 AND 8834607 ORDER BY c
	Unique  (cost=3997.44..4002.53 rows=1017 width=121)
	  ->  Sort  (cost=3997.44..3999.99 rows=1017 width=121)
	        Sort Key: c
	        ->  Bitmap Heap Scan on sbtest4  (cost=34.86..3946.65 rows=1017 width=121)
	              Recheck Cond: ((id >= 8833608) AND (id <= 8834607))
	              ->  Bitmap Index Scan on sbtest4_pkey  (cost=0.00..34.61 rows=1017 width=0)
	                    Index Cond: ((id >= 8833608) AND (id <= 8834607))

table 5 : explain SELECT DISTINCT c FROM sbtest5 WHERE id BETWEEN 1918884 AND 1919883 ORDER BY c
	Unique  (cost=3725.24..3729.98 rows=948 width=121)
	  ->  Sort  (cost=3725.24..3727.61 rows=948 width=121)
	        Sort Key: c
	        ->  Bitmap Heap Scan on sbtest5  (cost=34.15..3678.37 rows=948 width=121)
	              Recheck Cond: ((id >= 1918884) AND (id <= 1919883))
	              ->  Bitmap Index Scan on sbtest5_pkey  (cost=0.00..33.92 rows=948 width=0)
	                    Index Cond: ((id >= 1918884) AND (id <= 1919883))

table 6 : explain SELECT DISTINCT c FROM sbtest6 WHERE id BETWEEN 1794267 AND 1795266 ORDER BY c
	Unique  (cost=3762.36..3767.14 rows=957 width=121)
	  ->  Sort  (cost=3762.36..3764.75 rows=957 width=121)
	        Sort Key: c
	        ->  Bitmap Heap Scan on sbtest6  (cost=34.24..3714.97 rows=957 width=121)
	              Recheck Cond: ((id >= 1794267) AND (id <= 1795266))
	              ->  Bitmap Index Scan on sbtest6_pkey  (cost=0.00..34.01 rows=957 width=0)
	                    Index Cond: ((id >= 1794267) AND (id <= 1795266))

table 7 : explain SELECT DISTINCT c FROM sbtest7 WHERE id BETWEEN 436054 AND 437053 ORDER BY c
	Unique  (cost=4320.13..4325.63 rows=1100 width=121)
	  ->  Sort  (cost=4320.13..4322.88 rows=1100 width=121)
	        Sort Key: c
	        ->  Bitmap Heap Scan on sbtest7  (cost=39.71..4264.56 rows=1100 width=121)
	              Recheck Cond: ((id >= 436054) AND (id <= 437053))
	              ->  Bitmap Index Scan on sbtest7_pkey  (cost=0.00..39.44 rows=1100 width=0)
	                    Index Cond: ((id >= 436054) AND (id <= 437053))

table 8 : explain SELECT DISTINCT c FROM sbtest8 WHERE id BETWEEN 2062904 AND 2063903 ORDER BY c
	Unique  (cost=4153.51..4158.80 rows=1058 width=121)
	  ->  Sort  (cost=4153.51..4156.16 rows=1058 width=121)
	        Sort Key: c
	        ->  Bitmap Heap Scan on sbtest8  (cost=35.28..4100.36 rows=1058 width=121)
	              Recheck Cond: ((id >= 2062904) AND (id <= 2063903))
	              ->  Bitmap Index Scan on sbtest8_pkey  (cost=0.00..35.02 rows=1058 width=0)
	                    Index Cond: ((id >= 2062904) AND (id <= 2063903))

for: simple_ranges
table 1 : explain SELECT c FROM sbtest1 WHERE id BETWEEN 7985220 AND 7986219
	Bitmap Heap Scan on sbtest1  (cost=34.81..3923.18 rows=1012 width=121)
	  Recheck Cond: ((id >= 7985220) AND (id <= 7986219))
	  ->  Bitmap Index Scan on sbtest1_pkey  (cost=0.00..34.56 rows=1012 width=0)
	        Index Cond: ((id >= 7985220) AND (id <= 7986219))

table 2 : explain SELECT c FROM sbtest2 WHERE id BETWEEN 8861880 AND 8862879
	Bitmap Heap Scan on sbtest2  (cost=35.61..4215.94 rows=1090 width=121)
	  Recheck Cond: ((id >= 8861880) AND (id <= 8862879))
	  ->  Bitmap Index Scan on sbtest2_pkey  (cost=0.00..35.34 rows=1090 width=0)
	        Index Cond: ((id >= 8861880) AND (id <= 8862879))

table 3 : explain SELECT c FROM sbtest3 WHERE id BETWEEN 9481498 AND 9482497
	Bitmap Heap Scan on sbtest3  (cost=34.60..3849.48 rows=992 width=121)
	  Recheck Cond: ((id >= 9481498) AND (id <= 9482497))
	  ->  Bitmap Index Scan on sbtest3_pkey  (cost=0.00..34.36 rows=992 width=0)
	        Index Cond: ((id >= 9481498) AND (id <= 9482497))

table 4 : explain SELECT c FROM sbtest4 WHERE id BETWEEN 5827540 AND 5828539
	Bitmap Heap Scan on sbtest4  (cost=34.65..3871.06 rows=997 width=121)
	  Recheck Cond: ((id >= 5827540) AND (id <= 5828539))
	  ->  Bitmap Index Scan on sbtest4_pkey  (cost=0.00..34.41 rows=997 width=0)
	        Index Cond: ((id >= 5827540) AND (id <= 5828539))

table 5 : explain SELECT c FROM sbtest5 WHERE id BETWEEN 7935519 AND 7936518
	Bitmap Heap Scan on sbtest5  (cost=29.49..3428.71 rows=883 width=121)
	  Recheck Cond: ((id >= 7935519) AND (id <= 7936518))
	  ->  Bitmap Index Scan on sbtest5_pkey  (cost=0.00..29.26 rows=883 width=0)
	        Index Cond: ((id >= 7935519) AND (id <= 7936518))

table 6 : explain SELECT c FROM sbtest6 WHERE id BETWEEN 9381917 AND 9382916
	Bitmap Heap Scan on sbtest6  (cost=34.31..3737.64 rows=963 width=121)
	  Recheck Cond: ((id >= 9381917) AND (id <= 9382916))
	  ->  Bitmap Index Scan on sbtest6_pkey  (cost=0.00..34.07 rows=963 width=0)
	        Index Cond: ((id >= 9381917) AND (id <= 9382916))

table 7 : explain SELECT c FROM sbtest7 WHERE id BETWEEN 2507763 AND 2508762
	Bitmap Heap Scan on sbtest7  (cost=34.95..3981.32 rows=1026 width=121)
	  Recheck Cond: ((id >= 2507763) AND (id <= 2508762))
	  ->  Bitmap Index Scan on sbtest7_pkey  (cost=0.00..34.70 rows=1026 width=0)
	        Index Cond: ((id >= 2507763) AND (id <= 2508762))

table 8 : explain SELECT c FROM sbtest8 WHERE id BETWEEN 1454323 AND 1455322
	Index Scan using sbtest8_pkey on sbtest8  (cost=0.43..3501.11 rows=894 width=121)
	  Index Cond: ((id >= 1454323) AND (id <= 1455322))

for point_selects
table 1 : explain SELECT c FROM sbtest1 WHERE id=9868037
	Index Scan using sbtest1_pkey on sbtest1  (cost=0.43..8.45 rows=1 width=121)
	  Index Cond: (id = 9868037)

table 2 : explain SELECT c FROM sbtest2 WHERE id=3637060
	Index Scan using sbtest2_pkey on sbtest2  (cost=0.43..8.45 rows=1 width=121)
	  Index Cond: (id = 3637060)

table 3 : explain SELECT c FROM sbtest3 WHERE id=5152376
	Index Scan using sbtest3_pkey on sbtest3  (cost=0.43..8.45 rows=1 width=121)
	  Index Cond: (id = 5152376)

table 4 : explain SELECT c FROM sbtest4 WHERE id=8871660
	Index Scan using sbtest4_pkey on sbtest4  (cost=0.43..8.45 rows=1 width=121)
	  Index Cond: (id = 8871660)

table 5 : explain SELECT c FROM sbtest5 WHERE id=7413472
	Index Scan using sbtest5_pkey on sbtest5  (cost=0.43..8.45 rows=1 width=121)
	  Index Cond: (id = 7413472)

table 6 : explain SELECT c FROM sbtest6 WHERE id=8845388
	Index Scan using sbtest6_pkey on sbtest6  (cost=0.43..8.45 rows=1 width=121)
	  Index Cond: (id = 8845388)

table 7 : explain SELECT c FROM sbtest7 WHERE id=1386279
	Index Scan using sbtest7_pkey on sbtest7  (cost=0.43..8.45 rows=1 width=121)
	  Index Cond: (id = 1386279)

table 8 : explain SELECT c FROM sbtest8 WHERE id=7442873
	Index Scan using sbtest8_pkey on sbtest8  (cost=0.43..8.45 rows=1 width=121)
	  Index Cond: (id = 7442873)

for: order_ranges
table 1 : explain SELECT c FROM sbtest1 WHERE id BETWEEN 5273588 AND 5274587 ORDER BY c
	Sort  (cost=3920.08..3922.57 rows=998 width=121)
	  Sort Key: c
	  ->  Bitmap Heap Scan on sbtest1  (cost=34.66..3870.36 rows=998 width=121)
	        Recheck Cond: ((id >= 5273588) AND (id <= 5274587))
	        ->  Bitmap Index Scan on sbtest1_pkey  (cost=0.00..34.42 rows=998 width=0)
	              Index Cond: ((id >= 5273588) AND (id <= 5274587))

table 2 : explain SELECT c FROM sbtest2 WHERE id BETWEEN 5998721 AND 5999720 ORDER BY c
	Sort  (cost=4179.25..4181.92 rows=1066 width=121)
	  Sort Key: c
	  ->  Bitmap Heap Scan on sbtest2  (cost=35.36..4125.64 rows=1066 width=121)
	        Recheck Cond: ((id >= 5998721) AND (id <= 5999720))
	        ->  Bitmap Index Scan on sbtest2_pkey  (cost=0.00..35.09 rows=1066 width=0)
	              Index Cond: ((id >= 5998721) AND (id <= 5999720))

table 3 : explain SELECT c FROM sbtest3 WHERE id BETWEEN 4025629 AND 4026628 ORDER BY c
	Sort  (cost=3691.64..3693.99 rows=938 width=121)
	  Sort Key: c
	  ->  Bitmap Heap Scan on sbtest3  (cost=34.05..3645.33 rows=938 width=121)
	        Recheck Cond: ((id >= 4025629) AND (id <= 4026628))
	        ->  Bitmap Index Scan on sbtest3_pkey  (cost=0.00..33.82 rows=938 width=0)
	              Index Cond: ((id >= 4025629) AND (id <= 4026628))

table 4 : explain SELECT c FROM sbtest4 WHERE id BETWEEN 538237 AND 539236 ORDER BY c
	Sort  (cost=3778.65..3781.05 rows=960 width=121)
	  Sort Key: c
	  ->  Bitmap Heap Scan on sbtest4  (cost=34.28..3731.10 rows=960 width=121)
	        Recheck Cond: ((id >= 538237) AND (id <= 539236))
	        ->  Bitmap Index Scan on sbtest4_pkey  (cost=0.00..34.04 rows=960 width=0)
	              Index Cond: ((id >= 538237) AND (id <= 539236))

table 5 : explain SELECT c FROM sbtest5 WHERE id BETWEEN 8384873 AND 8385872 ORDER BY c
	Sort  (cost=4042.84..4045.42 rows=1031 width=121)
	  Sort Key: c
	  ->  Bitmap Heap Scan on sbtest5  (cost=35.00..3991.24 rows=1031 width=121)
	        Recheck Cond: ((id >= 8384873) AND (id <= 8385872))
	        ->  Bitmap Index Scan on sbtest5_pkey  (cost=0.00..34.75 rows=1031 width=0)
	              Index Cond: ((id >= 8384873) AND (id <= 8385872))

table 6 : explain SELECT c FROM sbtest6 WHERE id BETWEEN 7312496 AND 7313495 ORDER BY c
	Sort  (cost=3927.13..3929.63 rows=1000 width=121)
	  Sort Key: c
	  ->  Bitmap Heap Scan on sbtest6  (cost=34.69..3877.31 rows=1000 width=121)
	        Recheck Cond: ((id >= 7312496) AND (id <= 7313495))
	        ->  Bitmap Index Scan on sbtest6_pkey  (cost=0.00..34.44 rows=1000 width=0)
	              Index Cond: ((id >= 7312496) AND (id <= 7313495))

table 7 : explain SELECT c FROM sbtest7 WHERE id BETWEEN 1716 AND 2715 ORDER BY c
	Sort  (cost=4208.93..4211.61 rows=1072 width=121)
	  Sort Key: c
	  ->  Bitmap Heap Scan on sbtest7  (cost=35.42..4154.98 rows=1072 width=121)
	        Recheck Cond: ((id >= 1716) AND (id <= 2715))
	        ->  Bitmap Index Scan on sbtest7_pkey  (cost=0.00..35.16 rows=1072 width=0)
	              Index Cond: ((id >= 1716) AND (id <= 2715))

table 8 : explain SELECT c FROM sbtest8 WHERE id BETWEEN 7207770 AND 7208769 ORDER BY c
	Sort  (cost=3888.99..3891.44 rows=980 width=121)
	  Sort Key: c
	  ->  Index Scan using sbtest8_pkey on sbtest8  (cost=0.43..3840.30 rows=980 width=121)
	        Index Cond: ((id >= 7207770) AND (id <= 7208769))

for: order_ranges
table 1 : explain SELECT c FROM sbtest1 WHERE id BETWEEN 1139371 AND 1140370 ORDER BY c
	Sort  (cost=4023.46..4026.02 rows=1025 width=121)
	  Sort Key: c
	  ->  Bitmap Heap Scan on sbtest1  (cost=34.94..3972.20 rows=1025 width=121)
	        Recheck Cond: ((id >= 1139371) AND (id <= 1140370))
	        ->  Bitmap Index Scan on sbtest1_pkey  (cost=0.00..34.69 rows=1025 width=0)
	              Index Cond: ((id >= 1139371) AND (id <= 1140370))

table 2 : explain SELECT c FROM sbtest2 WHERE id BETWEEN 3554605 AND 3555604 ORDER BY c
	Sort  (cost=4106.63..4109.25 rows=1047 width=121)
	  Sort Key: c
	  ->  Bitmap Heap Scan on sbtest2  (cost=35.17..4054.11 rows=1047 width=121)
	        Recheck Cond: ((id >= 3554605) AND (id <= 3555604))
	        ->  Bitmap Index Scan on sbtest2_pkey  (cost=0.00..34.91 rows=1047 width=0)
	              Index Cond: ((id >= 3554605) AND (id <= 3555604))

table 3 : explain SELECT c FROM sbtest3 WHERE id BETWEEN 7076272 AND 7077271 ORDER BY c
	Sort  (cost=3860.50..3862.96 rows=982 width=121)
	  Sort Key: c
	  ->  Bitmap Heap Scan on sbtest3  (cost=34.50..3811.70 rows=982 width=121)
	        Recheck Cond: ((id >= 7076272) AND (id <= 7077271))
	        ->  Bitmap Index Scan on sbtest3_pkey  (cost=0.00..34.26 rows=982 width=0)
	              Index Cond: ((id >= 7076272) AND (id <= 7077271))

table 4 : explain SELECT c FROM sbtest4 WHERE id BETWEEN 2990683 AND 2991682 ORDER BY c
	Sort  (cost=4686.24..4689.23 rows=1197 width=121)
	  Sort Key: c
	  ->  Bitmap Heap Scan on sbtest4  (cost=40.70..4625.04 rows=1197 width=121)
	        Recheck Cond: ((id >= 2990683) AND (id <= 2991682))
	        ->  Bitmap Index Scan on sbtest4_pkey  (cost=0.00..40.41 rows=1197 width=0)
	              Index Cond: ((id >= 2990683) AND (id <= 2991682))

table 5 : explain SELECT c FROM sbtest5 WHERE id BETWEEN 1207392 AND 1208391 ORDER BY c
	Sort  (cost=3886.06..3888.54 rows=990 width=121)
	  Sort Key: c
	  ->  Bitmap Heap Scan on sbtest5  (cost=34.58..3836.80 rows=990 width=121)
	        Recheck Cond: ((id >= 1207392) AND (id <= 1208391))
	        ->  Bitmap Index Scan on sbtest5_pkey  (cost=0.00..34.34 rows=990 width=0)
	              Index Cond: ((id >= 1207392) AND (id <= 1208391))

table 6 : explain SELECT c FROM sbtest6 WHERE id BETWEEN 4149049 AND 4150048 ORDER BY c
	Sort  (cost=3793.03..3795.44 rows=965 width=121)
	  Sort Key: c
	  ->  Bitmap Heap Scan on sbtest6  (cost=34.33..3745.19 rows=965 width=121)
	        Recheck Cond: ((id >= 4149049) AND (id <= 4150048))
	        ->  Bitmap Index Scan on sbtest6_pkey  (cost=0.00..34.09 rows=965 width=0)
	              Index Cond: ((id >= 4149049) AND (id <= 4150048))

table 7 : explain SELECT c FROM sbtest7 WHERE id BETWEEN 9414401 AND 9415400 ORDER BY c
	Sort  (cost=4036.47..4039.04 rows=1027 width=121)
	  Sort Key: c
	  ->  Bitmap Heap Scan on sbtest7  (cost=34.96..3985.10 rows=1027 width=121)
	        Recheck Cond: ((id >= 9414401) AND (id <= 9415400))
	        ->  Bitmap Index Scan on sbtest7_pkey  (cost=0.00..34.70 rows=1027 width=0)
	              Index Cond: ((id >= 9414401) AND (id <= 9415400))

table 8 : explain SELECT c FROM sbtest8 WHERE id BETWEEN 6715608 AND 6716607 ORDER BY c
	Sort  (cost=3849.46..3851.88 rows=970 width=121)
	  Sort Key: c
	  ->  Index Scan using sbtest8_pkey on sbtest8  (cost=0.43..3801.34 rows=970 width=121)
	        Index Cond: ((id >= 6715608) AND (id <= 6716607))

for: sum_ranges
table 1 : explain SELECT SUM(k) FROM sbtest1 WHERE id BETWEEN 451941 AND 452940
	Aggregate  (cost=3887.96..3887.97 rows=1 width=8)
	  ->  Bitmap Heap Scan on sbtest1  (cost=34.71..3885.45 rows=1002 width=4)
	        Recheck Cond: ((id >= 451941) AND (id <= 452940))
	        ->  Bitmap Index Scan on sbtest1_pkey  (cost=0.00..34.45 rows=1002 width=0)
	              Index Cond: ((id >= 451941) AND (id <= 452940))

table 2 : explain SELECT SUM(k) FROM sbtest2 WHERE id BETWEEN 2638796 AND 2639795
	Aggregate  (cost=3561.97..3561.98 rows=1 width=8)
	  ->  Bitmap Heap Scan on sbtest2  (cost=33.82..3559.68 rows=916 width=4)
	        Recheck Cond: ((id >= 2638796) AND (id <= 2639795))
	        ->  Bitmap Index Scan on sbtest2_pkey  (cost=0.00..33.59 rows=916 width=0)
	              Index Cond: ((id >= 2638796) AND (id <= 2639795))

table 3 : explain SELECT SUM(k) FROM sbtest3 WHERE id BETWEEN 989041 AND 990040
	Aggregate  (cost=3957.73..3957.74 rows=1 width=8)
	  ->  Bitmap Heap Scan on sbtest3  (cost=34.89..3955.18 rows=1020 width=4)
	        Recheck Cond: ((id >= 989041) AND (id <= 990040))
	        ->  Bitmap Index Scan on sbtest3_pkey  (cost=0.00..34.64 rows=1020 width=0)
	              Index Cond: ((id >= 989041) AND (id <= 990040))

table 4 : explain SELECT SUM(k) FROM sbtest4 WHERE id BETWEEN 1736806 AND 1737805
	Aggregate  (cost=3771.37..3771.38 rows=1 width=8)
	  ->  Bitmap Heap Scan on sbtest4  (cost=34.38..3768.94 rows=970 width=4)
	        Recheck Cond: ((id >= 1736806) AND (id <= 1737805))
	        ->  Bitmap Index Scan on sbtest4_pkey  (cost=0.00..34.14 rows=970 width=0)
	              Index Cond: ((id >= 1736806) AND (id <= 1737805))

table 5 : explain SELECT SUM(k) FROM sbtest5 WHERE id BETWEEN 535263 AND 536262
	Aggregate  (cost=3684.52..3684.53 rows=1 width=8)
	  ->  Bitmap Heap Scan on sbtest5  (cost=34.16..3682.14 rows=949 width=4)
	        Recheck Cond: ((id >= 535263) AND (id <= 536262))
	        ->  Bitmap Index Scan on sbtest5_pkey  (cost=0.00..33.93 rows=949 width=0)
	              Index Cond: ((id >= 535263) AND (id <= 536262))

table 6 : explain SELECT SUM(k) FROM sbtest6 WHERE id BETWEEN 9712310 AND 9713309
	Aggregate  (cost=3857.15..3857.16 rows=1 width=8)
	  ->  Bitmap Heap Scan on sbtest6  (cost=34.62..3854.67 rows=994 width=4)
	        Recheck Cond: ((id >= 9712310) AND (id <= 9713309))
	        ->  Bitmap Index Scan on sbtest6_pkey  (cost=0.00..34.38 rows=994 width=0)
	              Index Cond: ((id >= 9712310) AND (id <= 9713309))

table 7 : explain SELECT SUM(k) FROM sbtest7 WHERE id BETWEEN 7024942 AND 7025941
	Aggregate  (cost=4342.72..4342.73 rows=1 width=8)
	  ->  Bitmap Heap Scan on sbtest7  (cost=39.92..4339.92 rows=1120 width=4)
	        Recheck Cond: ((id >= 7024942) AND (id <= 7025941))
	        ->  Bitmap Index Scan on sbtest7_pkey  (cost=0.00..39.64 rows=1120 width=0)
	              Index Cond: ((id >= 7024942) AND (id <= 7025941))

table 8 : explain SELECT SUM(k) FROM sbtest8 WHERE id BETWEEN 2230311 AND 2231310
	Aggregate  (cost=3997.29..3997.30 rows=1 width=8)
	  ->  Bitmap Heap Scan on sbtest8  (cost=34.99..3994.71 rows=1030 width=4)
	        Recheck Cond: ((id >= 2230311) AND (id <= 2231310))
	        ->  Bitmap Index Scan on sbtest8_pkey  (cost=0.00..34.73 rows=1030 width=0)
	              Index Cond: ((id >= 2230311) AND (id <= 2231310))

for: distinct_ranges
table 1 : explain SELECT DISTINCT c FROM sbtest1 WHERE id BETWEEN 1995006 AND 1996005 ORDER BY c
	Unique  (cost=3943.06..3948.08 rows=1004 width=121)
	  ->  Sort  (cost=3943.06..3945.57 rows=1004 width=121)
	        Sort Key: c
	        ->  Bitmap Heap Scan on sbtest1  (cost=34.73..3893.00 rows=1004 width=121)
	              Recheck Cond: ((id >= 1995006) AND (id <= 1996005))
	              ->  Bitmap Index Scan on sbtest1_pkey  (cost=0.00..34.48 rows=1004 width=0)
	                    Index Cond: ((id >= 1995006) AND (id <= 1996005))

table 2 : explain SELECT DISTINCT c FROM sbtest2 WHERE id BETWEEN 8673416 AND 8674415 ORDER BY c
	Unique  (cost=3850.20..3855.10 rows=980 width=121)
	  ->  Sort  (cost=3850.20..3852.65 rows=980 width=121)
	        Sort Key: c
	        ->  Bitmap Heap Scan on sbtest2  (cost=34.48..3801.51 rows=980 width=121)
	              Recheck Cond: ((id >= 8673416) AND (id <= 8674415))
	              ->  Bitmap Index Scan on sbtest2_pkey  (cost=0.00..34.23 rows=980 width=0)
	                    Index Cond: ((id >= 8673416) AND (id <= 8674415))

table 3 : explain SELECT DISTINCT c FROM sbtest3 WHERE id BETWEEN 5481517 AND 5482516 ORDER BY c
	Unique  (cost=4017.65..4022.76 rows=1023 width=121)
	  ->  Sort  (cost=4017.65..4020.20 rows=1023 width=121)
	        Sort Key: c
	        ->  Bitmap Heap Scan on sbtest3  (cost=34.92..3966.50 rows=1023 width=121)
	              Recheck Cond: ((id >= 5481517) AND (id <= 5482516))
	              ->  Bitmap Index Scan on sbtest3_pkey  (cost=0.00..34.67 rows=1023 width=0)
	                    Index Cond: ((id >= 5481517) AND (id <= 5482516))

table 4 : explain SELECT DISTINCT c FROM sbtest4 WHERE id BETWEEN 9174706 AND 9175705 ORDER BY c
	Unique  (cost=4016.62..4021.73 rows=1022 width=121)
	  ->  Sort  (cost=4016.62..4019.17 rows=1022 width=121)
	        Sort Key: c
	        ->  Bitmap Heap Scan on sbtest4  (cost=34.91..3965.53 rows=1022 width=121)
	              Recheck Cond: ((id >= 9174706) AND (id <= 9175705))
	              ->  Bitmap Index Scan on sbtest4_pkey  (cost=0.00..34.66 rows=1022 width=0)
	                    Index Cond: ((id >= 9174706) AND (id <= 9175705))

table 5 : explain SELECT DISTINCT c FROM sbtest5 WHERE id BETWEEN 9680146 AND 9681145 ORDER BY c
	Unique  (cost=3820.99..3825.86 rows=973 width=121)
	  ->  Sort  (cost=3820.99..3823.43 rows=973 width=121)
	        Sort Key: c
	        ->  Bitmap Heap Scan on sbtest5  (cost=34.41..3772.70 rows=973 width=121)
	              Recheck Cond: ((id >= 9680146) AND (id <= 9681145))
	              ->  Bitmap Index Scan on sbtest5_pkey  (cost=0.00..34.17 rows=973 width=0)
	                    Index Cond: ((id >= 9680146) AND (id <= 9681145))

table 6 : explain SELECT DISTINCT c FROM sbtest6 WHERE id BETWEEN 1477204 AND 1478203 ORDER BY c
	Unique  (cost=4614.83..4620.73 rows=1180 width=121)
	  ->  Sort  (cost=4614.83..4617.78 rows=1180 width=121)
	        Sort Key: c
	        ->  Bitmap Heap Scan on sbtest6  (cost=40.53..4554.63 rows=1180 width=121)
	              Recheck Cond: ((id >= 1477204) AND (id <= 1478203))
	              ->  Bitmap Index Scan on sbtest6_pkey  (cost=0.00..40.23 rows=1180 width=0)
	                    Index Cond: ((id >= 1477204) AND (id <= 1478203))

table 7 : explain SELECT DISTINCT c FROM sbtest7 WHERE id BETWEEN 4577758 AND 4578757 ORDER BY c
	Unique  (cost=3840.73..3845.61 rows=976 width=121)
	  ->  Sort  (cost=3840.73..3843.17 rows=976 width=121)
	        Sort Key: c
	        ->  Bitmap Heap Scan on sbtest7  (cost=34.44..3792.27 rows=976 width=121)
	              Recheck Cond: ((id >= 4577758) AND (id <= 4578757))
	              ->  Bitmap Index Scan on sbtest7_pkey  (cost=0.00..34.20 rows=976 width=0)
	                    Index Cond: ((id >= 4577758) AND (id <= 4578757))

table 8 : explain SELECT DISTINCT c FROM sbtest8 WHERE id BETWEEN 6316644 AND 6317643 ORDER BY c
	Unique  (cost=3888.99..3893.89 rows=980 width=121)
	  ->  Sort  (cost=3888.99..3891.44 rows=980 width=121)
	        Sort Key: c
	        ->  Index Scan using sbtest8_pkey on sbtest8  (cost=0.43..3840.30 rows=980 width=121)
	              Index Cond: ((id >= 6316644) AND (id <= 6317643))

for: sum_ranges
table 1 : explain SELECT SUM(k) FROM sbtest1 WHERE id BETWEEN 9655269 AND 9656268
	Aggregate  (cost=4140.64..4140.65 rows=1 width=8)
	  ->  Bitmap Heap Scan on sbtest1  (cost=35.39..4137.97 rows=1069 width=4)
	        Recheck Cond: ((id >= 9655269) AND (id <= 9656268))
	        ->  Bitmap Index Scan on sbtest1_pkey  (cost=0.00..35.12 rows=1069 width=0)
	              Index Cond: ((id >= 9655269) AND (id <= 9656268))

table 2 : explain SELECT SUM(k) FROM sbtest2 WHERE id BETWEEN 912620 AND 913619
	Aggregate  (cost=3781.29..3781.30 rows=1 width=8)
	  ->  Bitmap Heap Scan on sbtest2  (cost=34.42..3778.86 rows=974 width=4)
	        Recheck Cond: ((id >= 912620) AND (id <= 913619))
	        ->  Bitmap Index Scan on sbtest2_pkey  (cost=0.00..34.18 rows=974 width=0)
	              Index Cond: ((id >= 912620) AND (id <= 913619))

table 3 : explain SELECT SUM(k) FROM sbtest3 WHERE id BETWEEN 5463366 AND 5464365
	Aggregate  (cost=3787.69..3787.70 rows=1 width=8)
	  ->  Bitmap Heap Scan on sbtest3  (cost=34.43..3785.25 rows=975 width=4)
	        Recheck Cond: ((id >= 5463366) AND (id <= 5464365))
	        ->  Bitmap Index Scan on sbtest3_pkey  (cost=0.00..34.19 rows=975 width=0)
	              Index Cond: ((id >= 5463366) AND (id <= 5464365))

table 4 : explain SELECT SUM(k) FROM sbtest4 WHERE id BETWEEN 2006312 AND 2007311
	Aggregate  (cost=3703.20..3703.21 rows=1 width=8)
	  ->  Bitmap Heap Scan on sbtest4  (cost=34.19..3700.82 rows=952 width=4)
	        Recheck Cond: ((id >= 2006312) AND (id <= 2007311))
	        ->  Bitmap Index Scan on sbtest4_pkey  (cost=0.00..33.95 rows=952 width=0)
	              Index Cond: ((id >= 2006312) AND (id <= 2007311))

table 5 : explain SELECT SUM(k) FROM sbtest5 WHERE id BETWEEN 7371276 AND 7372275
	Aggregate  (cost=4151.91..4151.92 rows=1 width=8)
	  ->  Bitmap Heap Scan on sbtest5  (cost=35.43..4149.23 rows=1073 width=4)
	        Recheck Cond: ((id >= 7371276) AND (id <= 7372275))
	        ->  Bitmap Index Scan on sbtest5_pkey  (cost=0.00..35.17 rows=1073 width=0)
	              Index Cond: ((id >= 7371276) AND (id <= 7372275))

table 6 : explain SELECT SUM(k) FROM sbtest6 WHERE id BETWEEN 523908 AND 524907
	Aggregate  (cost=3830.72..3830.73 rows=1 width=8)
	  ->  Bitmap Heap Scan on sbtest6  (cost=34.55..3828.25 rows=987 width=4)
	        Recheck Cond: ((id >= 523908) AND (id <= 524907))
	        ->  Bitmap Index Scan on sbtest6_pkey  (cost=0.00..34.31 rows=987 width=0)
	              Index Cond: ((id >= 523908) AND (id <= 524907))

table 7 : explain SELECT SUM(k) FROM sbtest7 WHERE id BETWEEN 558583 AND 559582
	Aggregate  (cost=4391.71..4391.72 rows=1 width=8)
	  ->  Bitmap Heap Scan on sbtest7  (cost=40.05..4388.88 rows=1133 width=4)
	        Recheck Cond: ((id >= 558583) AND (id <= 559582))
	        ->  Bitmap Index Scan on sbtest7_pkey  (cost=0.00..39.77 rows=1133 width=0)
	              Index Cond: ((id >= 558583) AND (id <= 559582))

table 8 : explain SELECT SUM(k) FROM sbtest8 WHERE id BETWEEN 1847735 AND 1848734
	Aggregate  (cost=3870.05..3870.06 rows=1 width=8)
	  ->  Index Scan using sbtest8_pkey on sbtest8  (cost=0.43..3867.58 rows=987 width=4)
	        Index Cond: ((id >= 1847735) AND (id <= 1848734))

for: distinct_ranges
table 1 : explain SELECT DISTINCT c FROM sbtest1 WHERE id BETWEEN 9406593 AND 9407592 ORDER BY c
	Unique  (cost=3828.11..3832.98 rows=974 width=121)
	  ->  Sort  (cost=3828.11..3830.54 rows=974 width=121)
	        Sort Key: c
	        ->  Bitmap Heap Scan on sbtest1  (cost=34.42..3779.76 rows=974 width=121)
	              Recheck Cond: ((id >= 9406593) AND (id <= 9407592))
	              ->  Bitmap Index Scan on sbtest1_pkey  (cost=0.00..34.18 rows=974 width=0)
	                    Index Cond: ((id >= 9406593) AND (id <= 9407592))

table 2 : explain SELECT DISTINCT c FROM sbtest2 WHERE id BETWEEN 2592591 AND 2593590 ORDER BY c
	Unique  (cost=4144.86..4150.14 rows=1057 width=121)
	  ->  Sort  (cost=4144.86..4147.50 rows=1057 width=121)
	        Sort Key: c
	        ->  Bitmap Heap Scan on sbtest2  (cost=35.27..4091.77 rows=1057 width=121)
	              Recheck Cond: ((id >= 2592591) AND (id <= 2593590))
	              ->  Bitmap Index Scan on sbtest2_pkey  (cost=0.00..35.01 rows=1057 width=0)
	                    Index Cond: ((id >= 2592591) AND (id <= 2593590))

table 3 : explain SELECT DISTINCT c FROM sbtest3 WHERE id BETWEEN 1193585 AND 1194584 ORDER BY c
	Unique  (cost=3948.68..3953.71 rows=1005 width=121)
	  ->  Sort  (cost=3948.68..3951.19 rows=1005 width=121)
	        Sort Key: c
	        ->  Bitmap Heap Scan on sbtest3  (cost=34.74..3898.57 rows=1005 width=121)
	              Recheck Cond: ((id >= 1193585) AND (id <= 1194584))
	              ->  Bitmap Index Scan on sbtest3_pkey  (cost=0.00..34.48 rows=1005 width=0)
	                    Index Cond: ((id >= 1193585) AND (id <= 1194584))

table 4 : explain SELECT DISTINCT c FROM sbtest4 WHERE id BETWEEN 3035561 AND 3036560 ORDER BY c
	Unique  (cost=4686.24..4692.22 rows=1197 width=121)
	  ->  Sort  (cost=4686.24..4689.23 rows=1197 width=121)
	        Sort Key: c
	        ->  Bitmap Heap Scan on sbtest4  (cost=40.70..4625.04 rows=1197 width=121)
	              Recheck Cond: ((id >= 3035561) AND (id <= 3036560))
	              ->  Bitmap Index Scan on sbtest4_pkey  (cost=0.00..40.41 rows=1197 width=0)
	                    Index Cond: ((id >= 3035561) AND (id <= 3036560))

table 5 : explain SELECT DISTINCT c FROM sbtest5 WHERE id BETWEEN 9778925 AND 9779924 ORDER BY c
	Unique  (cost=3989.33..3994.42 rows=1017 width=121)
	  ->  Sort  (cost=3989.33..3991.87 rows=1017 width=121)
	        Sort Key: c
	        ->  Bitmap Heap Scan on sbtest5  (cost=34.86..3938.53 rows=1017 width=121)
	              Recheck Cond: ((id >= 9778925) AND (id <= 9779924))
	              ->  Bitmap Index Scan on sbtest5_pkey  (cost=0.00..34.61 rows=1017 width=0)
	                    Index Cond: ((id >= 9778925) AND (id <= 9779924))

table 6 : explain SELECT DISTINCT c FROM sbtest6 WHERE id BETWEEN 6894764 AND 6895763 ORDER BY c
	Unique  (cost=4405.09..4410.71 rows=1124 width=121)
	  ->  Sort  (cost=4405.09..4407.90 rows=1124 width=121)
	        Sort Key: c
	        ->  Bitmap Heap Scan on sbtest6  (cost=39.96..4348.13 rows=1124 width=121)
	              Recheck Cond: ((id >= 6894764) AND (id <= 6895763))
	              ->  Bitmap Index Scan on sbtest6_pkey  (cost=0.00..39.68 rows=1124 width=0)
	                    Index Cond: ((id >= 6894764) AND (id <= 6895763))

table 7 : explain SELECT DISTINCT c FROM sbtest7 WHERE id BETWEEN 5809788 AND 5810787 ORDER BY c
	Unique  (cost=3529.09..3533.57 rows=896 width=121)
	  ->  Sort  (cost=3529.09..3531.33 rows=896 width=121)
	        Sort Key: c
	        ->  Bitmap Heap Scan on sbtest7  (cost=29.62..3485.15 rows=896 width=121)
	              Recheck Cond: ((id >= 5809788) AND (id <= 5810787))
	              ->  Bitmap Index Scan on sbtest7_pkey  (cost=0.00..29.39 rows=896 width=0)
	                    Index Cond: ((id >= 5809788) AND (id <= 5810787))

table 8 : explain SELECT DISTINCT c FROM sbtest8 WHERE id BETWEEN 8736920 AND 8737919 ORDER BY c
	Unique  (cost=4115.22..4120.46 rows=1048 width=121)
	  ->  Sort  (cost=4115.22..4117.84 rows=1048 width=121)
	        Sort Key: c
	        ->  Bitmap Heap Scan on sbtest8  (cost=35.18..4062.64 rows=1048 width=121)
	              Recheck Cond: ((id >= 8736920) AND (id <= 8737919))
	              ->  Bitmap Index Scan on sbtest8_pkey  (cost=0.00..34.92 rows=1048 width=0)
	                    Index Cond: ((id >= 8736920) AND (id <= 8737919))

for point_selects
table 1 : explain SELECT c FROM sbtest1 WHERE id=40941
	Index Scan using sbtest1_pkey on sbtest1  (cost=0.43..8.45 rows=1 width=121)
	  Index Cond: (id = 40941)

table 2 : explain SELECT c FROM sbtest2 WHERE id=2772610
	Index Scan using sbtest2_pkey on sbtest2  (cost=0.43..8.45 rows=1 width=121)
	  Index Cond: (id = 2772610)

table 3 : explain SELECT c FROM sbtest3 WHERE id=6660014
	Index Scan using sbtest3_pkey on sbtest3  (cost=0.43..8.45 rows=1 width=121)
	  Index Cond: (id = 6660014)

table 4 : explain SELECT c FROM sbtest4 WHERE id=384283
	Index Scan using sbtest4_pkey on sbtest4  (cost=0.43..8.45 rows=1 width=121)
	  Index Cond: (id = 384283)

table 5 : explain SELECT c FROM sbtest5 WHERE id=6121963
	Index Scan using sbtest5_pkey on sbtest5  (cost=0.43..8.45 rows=1 width=121)
	  Index Cond: (id = 6121963)

table 6 : explain SELECT c FROM sbtest6 WHERE id=7603466
	Index Scan using sbtest6_pkey on sbtest6  (cost=0.43..8.45 rows=1 width=121)
	  Index Cond: (id = 7603466)

table 7 : explain SELECT c FROM sbtest7 WHERE id=8460217
	Index Scan using sbtest7_pkey on sbtest7  (cost=0.43..8.45 rows=1 width=121)
	  Index Cond: (id = 8460217)

table 8 : explain SELECT c FROM sbtest8 WHERE id=7370183
	Index Scan using sbtest8_pkey on sbtest8  (cost=0.43..8.45 rows=1 width=121)
	  Index Cond: (id = 7370183)

for: distinct_ranges
table 1 : explain SELECT DISTINCT c FROM sbtest1 WHERE id BETWEEN 4619713 AND 4620712 ORDER BY c
	Unique  (cost=3455.53..3459.92 rows=878 width=121)
	  ->  Sort  (cost=3455.53..3457.72 rows=878 width=121)
	        Sort Key: c
	        ->  Bitmap Heap Scan on sbtest1  (cost=29.43..3412.60 rows=878 width=121)
	              Recheck Cond: ((id >= 4619713) AND (id <= 4620712))
	              ->  Bitmap Index Scan on sbtest1_pkey  (cost=0.00..29.21 rows=878 width=0)
	                    Index Cond: ((id >= 4619713) AND (id <= 4620712))

table 2 : explain SELECT DISTINCT c FROM sbtest2 WHERE id BETWEEN 2628241 AND 2629240 ORDER BY c
	Unique  (cost=3604.74..3609.32 rows=916 width=121)
	  ->  Sort  (cost=3604.74..3607.03 rows=916 width=121)
	        Sort Key: c
	        ->  Bitmap Heap Scan on sbtest2  (cost=33.82..3559.68 rows=916 width=121)
	              Recheck Cond: ((id >= 2628241) AND (id <= 2629240))
	              ->  Bitmap Index Scan on sbtest2_pkey  (cost=0.00..33.59 rows=916 width=0)
	                    Index Cond: ((id >= 2628241) AND (id <= 2629240))

table 3 : explain SELECT DISTINCT c FROM sbtest3 WHERE id BETWEEN 6817665 AND 6818664 ORDER BY c
	Unique  (cost=4075.09..4080.28 rows=1038 width=121)
	  ->  Sort  (cost=4075.09..4077.68 rows=1038 width=121)
	        Sort Key: c
	        ->  Bitmap Heap Scan on sbtest3  (cost=35.07..4023.09 rows=1038 width=121)
	              Recheck Cond: ((id >= 6817665) AND (id <= 6818664))
	              ->  Bitmap Index Scan on sbtest3_pkey  (cost=0.00..34.82 rows=1038 width=0)
	                    Index Cond: ((id >= 6817665) AND (id <= 6818664))

table 4 : explain SELECT DISTINCT c FROM sbtest4 WHERE id BETWEEN 8770516 AND 8771515 ORDER BY c
	Unique  (cost=3797.86..3802.69 rows=965 width=121)
	  ->  Sort  (cost=3797.86..3800.27 rows=965 width=121)
	        Sort Key: c
	        ->  Bitmap Heap Scan on sbtest4  (cost=34.33..3750.02 rows=965 width=121)
	              Recheck Cond: ((id >= 8770516) AND (id <= 8771515))
	              ->  Bitmap Index Scan on sbtest4_pkey  (cost=0.00..34.09 rows=965 width=0)
	                    Index Cond: ((id >= 8770516) AND (id <= 8771515))

table 5 : explain SELECT DISTINCT c FROM sbtest5 WHERE id BETWEEN 4742717 AND 4743716 ORDER BY c
	Unique  (cost=4417.06..4422.70 rows=1129 width=121)
	  ->  Sort  (cost=4417.06..4419.88 rows=1129 width=121)
	        Sort Key: c
	        ->  Bitmap Heap Scan on sbtest5  (cost=40.01..4359.81 rows=1129 width=121)
	              Recheck Cond: ((id >= 4742717) AND (id <= 4743716))
	              ->  Bitmap Index Scan on sbtest5_pkey  (cost=0.00..39.73 rows=1129 width=0)
	                    Index Cond: ((id >= 4742717) AND (id <= 4743716))

table 6 : explain SELECT DISTINCT c FROM sbtest6 WHERE id BETWEEN 3415818 AND 3416817 ORDER BY c
	Unique  (cost=4458.57..4464.27 rows=1139 width=121)
	  ->  Sort  (cost=4458.57..4461.42 rows=1139 width=121)
	        Sort Key: c
	        ->  Bitmap Heap Scan on sbtest6  (cost=40.11..4400.75 rows=1139 width=121)
	              Recheck Cond: ((id >= 3415818) AND (id <= 3416817))
	              ->  Bitmap Index Scan on sbtest6_pkey  (cost=0.00..39.83 rows=1139 width=0)
	                    Index Cond: ((id >= 3415818) AND (id <= 3416817))

table 7 : explain SELECT DISTINCT c FROM sbtest7 WHERE id BETWEEN 179791 AND 180790 ORDER BY c
	Unique  (cost=3844.58..3849.46 rows=977 width=121)
	  ->  Sort  (cost=3844.58..3847.02 rows=977 width=121)
	        Sort Key: c
	        ->  Bitmap Heap Scan on sbtest7  (cost=34.45..3796.06 rows=977 width=121)
	              Recheck Cond: ((id >= 179791) AND (id <= 180790))
	              ->  Bitmap Index Scan on sbtest7_pkey  (cost=0.00..34.20 rows=977 width=0)
	                    Index Cond: ((id >= 179791) AND (id <= 180790))

table 8 : explain SELECT DISTINCT c FROM sbtest8 WHERE id BETWEEN 8925864 AND 8926863 ORDER BY c
	Unique  (cost=4011.58..4016.64 rows=1011 width=121)
	  ->  Sort  (cost=4011.58..4014.11 rows=1011 width=121)
	        Sort Key: c
	        ->  Index Scan using sbtest8_pkey on sbtest8  (cost=0.43..3961.13 rows=1011 width=121)
	              Index Cond: ((id >= 8925864) AND (id <= 8926863))

for point_selects
table 1 : explain SELECT c FROM sbtest1 WHERE id=9068624
	Index Scan using sbtest1_pkey on sbtest1  (cost=0.43..8.45 rows=1 width=121)
	  Index Cond: (id = 9068624)

table 2 : explain SELECT c FROM sbtest2 WHERE id=7955050
	Index Scan using sbtest2_pkey on sbtest2  (cost=0.43..8.45 rows=1 width=121)
	  Index Cond: (id = 7955050)

table 3 : explain SELECT c FROM sbtest3 WHERE id=2555542
	Index Scan using sbtest3_pkey on sbtest3  (cost=0.43..8.45 rows=1 width=121)
	  Index Cond: (id = 2555542)

table 4 : explain SELECT c FROM sbtest4 WHERE id=6139875
	Index Scan using sbtest4_pkey on sbtest4  (cost=0.43..8.45 rows=1 width=121)
	  Index Cond: (id = 6139875)

table 5 : explain SELECT c FROM sbtest5 WHERE id=5929801
	Index Scan using sbtest5_pkey on sbtest5  (cost=0.43..8.45 rows=1 width=121)
	  Index Cond: (id = 5929801)

table 6 : explain SELECT c FROM sbtest6 WHERE id=889837
	Index Scan using sbtest6_pkey on sbtest6  (cost=0.43..8.45 rows=1 width=121)
	  Index Cond: (id = 889837)

table 7 : explain SELECT c FROM sbtest7 WHERE id=9451900
	Index Scan using sbtest7_pkey on sbtest7  (cost=0.43..8.45 rows=1 width=121)
	  Index Cond: (id = 9451900)

table 8 : explain SELECT c FROM sbtest8 WHERE id=1204988
	Index Scan using sbtest8_pkey on sbtest8  (cost=0.43..8.45 rows=1 width=121)
	  Index Cond: (id = 1204988)

explain: for point_selects :: explain SELECT c FROM sbtest%u WHERE id=%u
for: sum_ranges
table 1 : explain SELECT SUM(k) FROM sbtest1 WHERE id BETWEEN 38292 AND 39291
	Aggregate  (cost=4106.73..4106.74 rows=1 width=8)
	  ->  Bitmap Heap Scan on sbtest1  (cost=35.30..4104.08 rows=1060 width=4)
	        Recheck Cond: ((id >= 38292) AND (id <= 39291))
	        ->  Bitmap Index Scan on sbtest1_pkey  (cost=0.00..35.04 rows=1060 width=0)
	              Index Cond: ((id >= 38292) AND (id <= 39291))

table 2 : explain SELECT SUM(k) FROM sbtest2 WHERE id BETWEEN 2287531 AND 2288530
	Aggregate  (cost=3815.29..3815.30 rows=1 width=8)
	  ->  Bitmap Heap Scan on sbtest2  (cost=34.51..3812.83 rows=983 width=4)
	        Recheck Cond: ((id >= 2287531) AND (id <= 2288530))
	        ->  Bitmap Index Scan on sbtest2_pkey  (cost=0.00..34.27 rows=983 width=0)
	              Index Cond: ((id >= 2287531) AND (id <= 2288530))

table 3 : explain SELECT SUM(k) FROM sbtest3 WHERE id BETWEEN 956765 AND 957764
	Aggregate  (cost=3957.73..3957.74 rows=1 width=8)
	  ->  Bitmap Heap Scan on sbtest3  (cost=34.89..3955.18 rows=1020 width=4)
	        Recheck Cond: ((id >= 956765) AND (id <= 957764))
	        ->  Bitmap Index Scan on sbtest3_pkey  (cost=0.00..34.64 rows=1020 width=0)
	              Index Cond: ((id >= 956765) AND (id <= 957764))

table 4 : explain SELECT SUM(k) FROM sbtest4 WHERE id BETWEEN 677615 AND 678614
	Aggregate  (cost=3706.98..3706.99 rows=1 width=8)
	  ->  Bitmap Heap Scan on sbtest4  (cost=34.20..3704.60 rows=953 width=4)
	        Recheck Cond: ((id >= 677615) AND (id <= 678614))
	        ->  Bitmap Index Scan on sbtest4_pkey  (cost=0.00..33.97 rows=953 width=0)
	              Index Cond: ((id >= 677615) AND (id <= 678614))

table 5 : explain SELECT SUM(k) FROM sbtest5 WHERE id BETWEEN 314321 AND 315320
	Aggregate  (cost=3794.00..3794.01 rows=1 width=8)
	  ->  Bitmap Heap Scan on sbtest5  (cost=34.46..3791.56 rows=978 width=4)
	        Recheck Cond: ((id >= 314321) AND (id <= 315320))
	        ->  Bitmap Index Scan on sbtest5_pkey  (cost=0.00..34.22 rows=978 width=0)
	              Index Cond: ((id >= 314321) AND (id <= 315320))

table 6 : explain SELECT SUM(k) FROM sbtest6 WHERE id BETWEEN 421783 AND 422782
	Aggregate  (cost=3762.72..3762.73 rows=1 width=8)
	  ->  Bitmap Heap Scan on sbtest6  (cost=34.37..3760.30 rows=969 width=4)
	        Recheck Cond: ((id >= 421783) AND (id <= 422782))
	        ->  Bitmap Index Scan on sbtest6_pkey  (cost=0.00..34.12 rows=969 width=0)
	              Index Cond: ((id >= 421783) AND (id <= 422782))

table 7 : explain SELECT SUM(k) FROM sbtest7 WHERE id BETWEEN 6020064 AND 6021063
	Aggregate  (cost=3847.71..3847.72 rows=1 width=8)
	  ->  Bitmap Heap Scan on sbtest7  (cost=34.58..3845.24 rows=990 width=4)
	        Recheck Cond: ((id >= 6020064) AND (id <= 6021063))
	        ->  Bitmap Index Scan on sbtest7_pkey  (cost=0.00..34.34 rows=990 width=0)
	              Index Cond: ((id >= 6020064) AND (id <= 6021063))

table 8 : explain SELECT SUM(k) FROM sbtest8 WHERE id BETWEEN 4565534 AND 4566533
	Aggregate  (cost=4057.71..4057.72 rows=1 width=8)
	  ->  Bitmap Heap Scan on sbtest8  (cost=35.16..4055.10 rows=1046 width=4)
	        Recheck Cond: ((id >= 4565534) AND (id <= 4566533))
	        ->  Bitmap Index Scan on sbtest8_pkey  (cost=0.00..34.90 rows=1046 width=0)
	              Index Cond: ((id >= 4565534) AND (id <= 4566533))

for: distinct_ranges
table 1 : explain SELECT DISTINCT c FROM sbtest1 WHERE id BETWEEN 6316941 AND 6317940 ORDER BY c
	Unique  (cost=3881.76..3886.70 rows=988 width=121)
	  ->  Sort  (cost=3881.76..3884.23 rows=988 width=121)
	        Sort Key: c
	        ->  Bitmap Heap Scan on sbtest1  (cost=34.56..3832.62 rows=988 width=121)
	              Recheck Cond: ((id >= 6316941) AND (id <= 6317940))
	              ->  Bitmap Index Scan on sbtest1_pkey  (cost=0.00..34.32 rows=988 width=0)
	                    Index Cond: ((id >= 6316941) AND (id <= 6317940))

table 2 : explain SELECT DISTINCT c FROM sbtest2 WHERE id BETWEEN 4452362 AND 4453361 ORDER BY c
	Unique  (cost=3995.70..4000.79 rows=1018 width=121)
	  ->  Sort  (cost=3995.70..3998.25 rows=1018 width=121)
	        Sort Key: c
	        ->  Bitmap Heap Scan on sbtest2  (cost=34.87..3944.84 rows=1018 width=121)
	              Recheck Cond: ((id >= 4452362) AND (id <= 4453361))
	              ->  Bitmap Index Scan on sbtest2_pkey  (cost=0.00..34.62 rows=1018 width=0)
	                    Index Cond: ((id >= 4452362) AND (id <= 4453361))

table 3 : explain SELECT DISTINCT c FROM sbtest3 WHERE id BETWEEN 4536130 AND 4537129 ORDER BY c
	Unique  (cost=3802.96..3807.80 rows=967 width=121)
	  ->  Sort  (cost=3802.96..3805.38 rows=967 width=121)
	        Sort Key: c
	        ->  Bitmap Heap Scan on sbtest3  (cost=34.35..3755.01 rows=967 width=121)
	              Recheck Cond: ((id >= 4536130) AND (id <= 4537129))
	              ->  Bitmap Index Scan on sbtest3_pkey  (cost=0.00..34.11 rows=967 width=0)
	                    Index Cond: ((id >= 4536130) AND (id <= 4537129))

table 4 : explain SELECT DISTINCT c FROM sbtest4 WHERE id BETWEEN 4392847 AND 4393846 ORDER BY c
	Unique  (cost=3509.29..3513.74 rows=891 width=121)
	  ->  Sort  (cost=3509.29..3511.51 rows=891 width=121)
	        Sort Key: c
	        ->  Bitmap Heap Scan on sbtest4  (cost=29.57..3465.63 rows=891 width=121)
	              Recheck Cond: ((id >= 4392847) AND (id <= 4393846))
	              ->  Bitmap Index Scan on sbtest4_pkey  (cost=0.00..29.34 rows=891 width=0)
	                    Index Cond: ((id >= 4392847) AND (id <= 4393846))

table 5 : explain SELECT DISTINCT c FROM sbtest5 WHERE id BETWEEN 6522716 AND 6523715 ORDER BY c
	Unique  (cost=4107.79..4113.03 rows=1048 width=121)
	  ->  Sort  (cost=4107.79..4110.41 rows=1048 width=121)
	        Sort Key: c
	        ->  Bitmap Heap Scan on sbtest5  (cost=35.18..4055.22 rows=1048 width=121)
	              Recheck Cond: ((id >= 6522716) AND (id <= 6523715))
	              ->  Bitmap Index Scan on sbtest5_pkey  (cost=0.00..34.92 rows=1048 width=0)
	                    Index Cond: ((id >= 6522716) AND (id <= 6523715))

table 6 : explain SELECT DISTINCT c FROM sbtest6 WHERE id BETWEEN 9999914 AND 10000913 ORDER BY c
	Unique  (cost=372.19..372.65 rows=93 width=121)
	  ->  Sort  (cost=372.19..372.42 rows=93 width=121)
	        Sort Key: c
	        ->  Index Scan using sbtest6_pkey on sbtest6  (cost=0.43..369.15 rows=93 width=121)
	              Index Cond: ((id >= 9999914) AND (id <= 10000913))

table 7 : explain SELECT DISTINCT c FROM sbtest7 WHERE id BETWEEN 910447 AND 911446 ORDER BY c
	Unique  (cost=4067.15..4072.32 rows=1035 width=121)
	  ->  Sort  (cost=4067.15..4069.73 rows=1035 width=121)
	        Sort Key: c
	        ->  Bitmap Heap Scan on sbtest7  (cost=35.04..4015.32 rows=1035 width=121)
	              Recheck Cond: ((id >= 910447) AND (id <= 911446))
	              ->  Bitmap Index Scan on sbtest7_pkey  (cost=0.00..34.79 rows=1035 width=0)
	                    Index Cond: ((id >= 910447) AND (id <= 911446))

table 8 : explain SELECT DISTINCT c FROM sbtest8 WHERE id BETWEEN 7497548 AND 7498547 ORDER BY c
	Unique  (cost=4051.15..4056.26 rows=1021 width=121)
	  ->  Sort  (cost=4051.15..4053.70 rows=1021 width=121)
	        Sort Key: c
	        ->  Index Scan using sbtest8_pkey on sbtest8  (cost=0.43..4000.12 rows=1021 width=121)
	              Index Cond: ((id >= 7497548) AND (id <= 7498547))

for: order_ranges
table 1 : explain SELECT c FROM sbtest1 WHERE id BETWEEN 4808395 AND 4809394 ORDER BY c
	Sort  (cost=4057.90..4060.49 rows=1034 width=121)
	  Sort Key: c
	  ->  Bitmap Heap Scan on sbtest1  (cost=35.03..4006.13 rows=1034 width=121)
	        Recheck Cond: ((id >= 4808395) AND (id <= 4809394))
	        ->  Bitmap Index Scan on sbtest1_pkey  (cost=0.00..34.78 rows=1034 width=0)
	              Index Cond: ((id >= 4808395) AND (id <= 4809394))

table 2 : explain SELECT c FROM sbtest2 WHERE id BETWEEN 7924250 AND 7925249 ORDER BY c
	Sort  (cost=3581.54..3583.82 rows=911 width=121)
	  Sort Key: c
	  ->  Bitmap Heap Scan on sbtest2  (cost=29.77..3536.76 rows=911 width=121)
	        Recheck Cond: ((id >= 7924250) AND (id <= 7925249))
	        ->  Bitmap Index Scan on sbtest2_pkey  (cost=0.00..29.54 rows=911 width=0)
	              Index Cond: ((id >= 7924250) AND (id <= 7925249))

table 3 : explain SELECT c FROM sbtest3 WHERE id BETWEEN 3680421 AND 3681420 ORDER BY c
	Sort  (cost=3868.17..3870.63 rows=984 width=121)
	  Sort Key: c
	  ->  Bitmap Heap Scan on sbtest3  (cost=34.52..3819.26 rows=984 width=121)
	        Recheck Cond: ((id >= 3680421) AND (id <= 3681420))
	        ->  Bitmap Index Scan on sbtest3_pkey  (cost=0.00..34.28 rows=984 width=0)
	              Index Cond: ((id >= 3680421) AND (id <= 3681420))

table 4 : explain SELECT c FROM sbtest4 WHERE id BETWEEN 7771576 AND 7772575 ORDER BY c
	Sort  (cost=3709.48..3711.84 rows=942 width=121)
	  Sort Key: c
	  ->  Bitmap Heap Scan on sbtest4  (cost=34.09..3662.95 rows=942 width=121)
	        Recheck Cond: ((id >= 7771576) AND (id <= 7772575))
	        ->  Bitmap Index Scan on sbtest4_pkey  (cost=0.00..33.86 rows=942 width=0)
	              Index Cond: ((id >= 7771576) AND (id <= 7772575))

table 5 : explain SELECT c FROM sbtest5 WHERE id BETWEEN 8166465 AND 8167464 ORDER BY c
	Sort  (cost=4031.38..4033.95 rows=1028 width=121)
	  Sort Key: c
	  ->  Bitmap Heap Scan on sbtest5  (cost=34.97..3979.95 rows=1028 width=121)
	        Recheck Cond: ((id >= 8166465) AND (id <= 8167464))
	        ->  Bitmap Index Scan on sbtest5_pkey  (cost=0.00..34.72 rows=1028 width=0)
	              Index Cond: ((id >= 8166465) AND (id <= 8167464))

table 6 : explain SELECT c FROM sbtest6 WHERE id BETWEEN 3382626 AND 3383625 ORDER BY c
	Sort  (cost=3773.86..3776.26 rows=960 width=121)
	  Sort Key: c
	  ->  Bitmap Heap Scan on sbtest6  (cost=34.28..3726.31 rows=960 width=121)
	        Recheck Cond: ((id >= 3382626) AND (id <= 3383625))
	        ->  Bitmap Index Scan on sbtest6_pkey  (cost=0.00..34.04 rows=960 width=0)
	              Index Cond: ((id >= 3382626) AND (id <= 3383625))

table 7 : explain SELECT c FROM sbtest7 WHERE id BETWEEN 7116839 AND 7117838 ORDER BY c
	Sort  (cost=3813.85..3816.27 rows=969 width=121)
	  Sort Key: c
	  ->  Bitmap Heap Scan on sbtest7  (cost=34.37..3765.78 rows=969 width=121)
	        Recheck Cond: ((id >= 7116839) AND (id <= 7117838))
	        ->  Bitmap Index Scan on sbtest7_pkey  (cost=0.00..34.12 rows=969 width=0)
	              Index Cond: ((id >= 7116839) AND (id <= 7117838))

table 8 : explain SELECT c FROM sbtest8 WHERE id BETWEEN 2902853 AND 2903852 ORDER BY c
	Sort  (cost=4199.45..4202.13 rows=1070 width=121)
	  Sort Key: c
	  ->  Bitmap Heap Scan on sbtest8  (cost=35.40..4145.61 rows=1070 width=121)
	        Recheck Cond: ((id >= 2902853) AND (id <= 2903852))
	        ->  Bitmap Index Scan on sbtest8_pkey  (cost=0.00..35.14 rows=1070 width=0)
	              Index Cond: ((id >= 2902853) AND (id <= 2903852))

for: distinct_ranges
table 1 : explain SELECT DISTINCT c FROM sbtest1 WHERE id BETWEEN 2303131 AND 2304130 ORDER BY c
	Unique  (cost=4073.21..4078.40 rows=1038 width=121)
	  ->  Sort  (cost=4073.21..4075.80 rows=1038 width=121)
	        Sort Key: c
	        ->  Bitmap Heap Scan on sbtest1  (cost=35.07..4021.20 rows=1038 width=121)
	              Recheck Cond: ((id >= 2303131) AND (id <= 2304130))
	              ->  Bitmap Index Scan on sbtest1_pkey  (cost=0.00..34.82 rows=1038 width=0)
	                    Index Cond: ((id >= 2303131) AND (id <= 2304130))

table 2 : explain SELECT DISTINCT c FROM sbtest2 WHERE id BETWEEN 8715237 AND 8716236 ORDER BY c
	Unique  (cost=3712.19..3716.91 rows=944 width=121)
	  ->  Sort  (cost=3712.19..3714.55 rows=944 width=121)
	        Sort Key: c
	        ->  Bitmap Heap Scan on sbtest2  (cost=34.11..3665.54 rows=944 width=121)
	              Recheck Cond: ((id >= 8715237) AND (id <= 8716236))
	              ->  Bitmap Index Scan on sbtest2_pkey  (cost=0.00..33.88 rows=944 width=0)
	                    Index Cond: ((id >= 8715237) AND (id <= 8716236))

table 3 : explain SELECT DISTINCT c FROM sbtest3 WHERE id BETWEEN 9385470 AND 9386469 ORDER BY c
	Unique  (cost=3898.85..3903.81 rows=992 width=121)
	  ->  Sort  (cost=3898.85..3901.33 rows=992 width=121)
	        Sort Key: c
	        ->  Bitmap Heap Scan on sbtest3  (cost=34.60..3849.48 rows=992 width=121)
	              Recheck Cond: ((id >= 9385470) AND (id <= 9386469))
	              ->  Bitmap Index Scan on sbtest3_pkey  (cost=0.00..34.36 rows=992 width=0)
	                    Index Cond: ((id >= 9385470) AND (id <= 9386469))

table 4 : explain SELECT DISTINCT c FROM sbtest4 WHERE id BETWEEN 4212386 AND 4213385 ORDER BY c
	Unique  (cost=3567.02..3571.55 rows=906 width=121)
	  ->  Sort  (cost=3567.02..3569.29 rows=906 width=121)
	        Sort Key: c
	        ->  Bitmap Heap Scan on sbtest4  (cost=29.72..3522.52 rows=906 width=121)
	              Recheck Cond: ((id >= 4212386) AND (id <= 4213385))
	              ->  Bitmap Index Scan on sbtest4_pkey  (cost=0.00..29.50 rows=906 width=0)
	                    Index Cond: ((id >= 4212386) AND (id <= 4213385))

table 5 : explain SELECT DISTINCT c FROM sbtest5 WHERE id BETWEEN 646710 AND 647709 ORDER BY c
	Unique  (cost=3863.10..3868.02 rows=984 width=121)
	  ->  Sort  (cost=3863.10..3865.56 rows=984 width=121)
	        Sort Key: c
	        ->  Bitmap Heap Scan on sbtest5  (cost=34.52..3814.18 rows=984 width=121)
	              Recheck Cond: ((id >= 646710) AND (id <= 647709))
	              ->  Bitmap Index Scan on sbtest5_pkey  (cost=0.00..34.28 rows=984 width=0)
	                    Index Cond: ((id >= 646710) AND (id <= 647709))

table 6 : explain SELECT DISTINCT c FROM sbtest6 WHERE id BETWEEN 6586142 AND 6587141 ORDER BY c
	Unique  (cost=3999.87..4004.97 rows=1019 width=121)
	  ->  Sort  (cost=3999.87..4002.42 rows=1019 width=121)
	        Sort Key: c
	        ->  Bitmap Heap Scan on sbtest6  (cost=34.88..3948.96 rows=1019 width=121)
	              Recheck Cond: ((id >= 6586142) AND (id <= 6587141))
	              ->  Bitmap Index Scan on sbtest6_pkey  (cost=0.00..34.62 rows=1019 width=0)
	                    Index Cond: ((id >= 6586142) AND (id <= 6587141))

table 7 : explain SELECT DISTINCT c FROM sbtest7 WHERE id BETWEEN 5267771 AND 5268770 ORDER BY c
	Unique  (cost=3400.38..3404.65 rows=854 width=121)
	  ->  Sort  (cost=3400.38..3402.51 rows=854 width=121)
	        Sort Key: c
	        ->  Index Scan using sbtest7_pkey on sbtest7  (cost=0.43..3358.80 rows=854 width=121)
	              Index Cond: ((id >= 5267771) AND (id <= 5268770))

table 8 : explain SELECT DISTINCT c FROM sbtest8 WHERE id BETWEEN 6688088 AND 6689087 ORDER BY c
	Unique  (cost=3849.46..3854.31 rows=970 width=121)
	  ->  Sort  (cost=3849.46..3851.88 rows=970 width=121)
	        Sort Key: c
	        ->  Index Scan using sbtest8_pkey on sbtest8  (cost=0.43..3801.34 rows=970 width=121)
	              Index Cond: ((id >= 6688088) AND (id <= 6689087))

for: simple_ranges
table 1 : explain SELECT c FROM sbtest1 WHERE id BETWEEN 6621419 AND 6622418
	Bitmap Heap Scan on sbtest1  (cost=35.55..4194.43 rows=1084 width=121)
	  Recheck Cond: ((id >= 6621419) AND (id <= 6622418))
	  ->  Bitmap Index Scan on sbtest1_pkey  (cost=0.00..35.28 rows=1084 width=0)
	        Index Cond: ((id >= 6621419) AND (id <= 6622418))

table 2 : explain SELECT c FROM sbtest2 WHERE id BETWEEN 1903224 AND 1904223
	Bitmap Heap Scan on sbtest2  (cost=34.26..3722.21 rows=959 width=121)
	  Recheck Cond: ((id >= 1903224) AND (id <= 1904223))
	  ->  Bitmap Index Scan on sbtest2_pkey  (cost=0.00..34.03 rows=959 width=0)
	        Index Cond: ((id >= 1903224) AND (id <= 1904223))

table 3 : explain SELECT c FROM sbtest3 WHERE id BETWEEN 2392528 AND 2393527
	Bitmap Heap Scan on sbtest3  (cost=35.00..3996.68 rows=1031 width=121)
	  Recheck Cond: ((id >= 2392528) AND (id <= 2393527))
	  ->  Bitmap Index Scan on sbtest3_pkey  (cost=0.00..34.75 rows=1031 width=0)
	        Index Cond: ((id >= 2392528) AND (id <= 2393527))

table 4 : explain SELECT c FROM sbtest4 WHERE id BETWEEN 8921475 AND 8922474
	Bitmap Heap Scan on sbtest4  (cost=39.78..4290.18 rows=1107 width=121)
	  Recheck Cond: ((id >= 8921475) AND (id <= 8922474))
	  ->  Bitmap Index Scan on sbtest4_pkey  (cost=0.00..39.51 rows=1107 width=0)
	        Index Cond: ((id >= 8921475) AND (id <= 8922474))

table 5 : explain SELECT c FROM sbtest5 WHERE id BETWEEN 8087868 AND 8088867
	Bitmap Heap Scan on sbtest5  (cost=34.79..3912.17 rows=1010 width=121)
	  Recheck Cond: ((id >= 8087868) AND (id <= 8088867))
	  ->  Bitmap Index Scan on sbtest5_pkey  (cost=0.00..34.54 rows=1010 width=0)
	        Index Cond: ((id >= 8087868) AND (id <= 8088867))

table 6 : explain SELECT c FROM sbtest6 WHERE id BETWEEN 7023767 AND 7024766
	Bitmap Heap Scan on sbtest6  (cost=35.05..4013.03 rows=1036 width=121)
	  Recheck Cond: ((id >= 7023767) AND (id <= 7024766))
	  ->  Bitmap Index Scan on sbtest6_pkey  (cost=0.00..34.80 rows=1036 width=0)
	        Index Cond: ((id >= 7023767) AND (id <= 7024766))

table 7 : explain SELECT c FROM sbtest7 WHERE id BETWEEN 6257951 AND 6258950
	Bitmap Heap Scan on sbtest7  (cost=35.24..4087.05 rows=1054 width=121)
	  Recheck Cond: ((id >= 6257951) AND (id <= 6258950))
	  ->  Bitmap Index Scan on sbtest7_pkey  (cost=0.00..34.98 rows=1054 width=0)
	        Index Cond: ((id >= 6257951) AND (id <= 6258950))

table 8 : explain SELECT c FROM sbtest8 WHERE id BETWEEN 3390360 AND 3391359
	Index Scan using sbtest8_pkey on sbtest8  (cost=0.43..3766.27 rows=961 width=121)
	  Index Cond: ((id >= 3390360) AND (id <= 3391359))

for: simple_ranges
table 1 : explain SELECT c FROM sbtest1 WHERE id BETWEEN 6919538 AND 6920537
	Bitmap Heap Scan on sbtest1  (cost=34.36..3757.10 rows=968 width=121)
	  Recheck Cond: ((id >= 6919538) AND (id <= 6920537))
	  ->  Bitmap Index Scan on sbtest1_pkey  (cost=0.00..34.12 rows=968 width=0)
	        Index Cond: ((id >= 6919538) AND (id <= 6920537))

table 2 : explain SELECT c FROM sbtest2 WHERE id BETWEEN 8087465 AND 8088464
	Bitmap Heap Scan on sbtest2  (cost=34.87..3944.84 rows=1018 width=121)
	  Recheck Cond: ((id >= 8087465) AND (id <= 8088464))
	  ->  Bitmap Index Scan on sbtest2_pkey  (cost=0.00..34.62 rows=1018 width=0)
	        Index Cond: ((id >= 8087465) AND (id <= 8088464))

table 3 : explain SELECT c FROM sbtest3 WHERE id BETWEEN 5681659 AND 5682658
	Bitmap Heap Scan on sbtest3  (cost=34.36..3758.79 rows=968 width=121)
	  Recheck Cond: ((id >= 5681659) AND (id <= 5682658))
	  ->  Bitmap Index Scan on sbtest3_pkey  (cost=0.00..34.12 rows=968 width=0)
	        Index Cond: ((id >= 5681659) AND (id <= 5682658))

table 4 : explain SELECT c FROM sbtest4 WHERE id BETWEEN 9853410 AND 9854409
	Bitmap Heap Scan on sbtest4  (cost=34.49..3810.56 rows=981 width=121)
	  Recheck Cond: ((id >= 9853410) AND (id <= 9854409))
	  ->  Bitmap Index Scan on sbtest4_pkey  (cost=0.00..34.25 rows=981 width=0)
	        Index Cond: ((id >= 9853410) AND (id <= 9854409))

table 5 : explain SELECT c FROM sbtest5 WHERE id BETWEEN 8082505 AND 8083504
	Bitmap Heap Scan on sbtest5  (cost=34.79..3912.17 rows=1010 width=121)
	  Recheck Cond: ((id >= 8082505) AND (id <= 8083504))
	  ->  Bitmap Index Scan on sbtest5_pkey  (cost=0.00..34.54 rows=1010 width=0)
	        Index Cond: ((id >= 8082505) AND (id <= 8083504))

table 6 : explain SELECT c FROM sbtest6 WHERE id BETWEEN 7078207 AND 7079206
	Bitmap Heap Scan on sbtest6  (cost=35.05..4013.03 rows=1036 width=121)
	  Recheck Cond: ((id >= 7078207) AND (id <= 7079206))
	  ->  Bitmap Index Scan on sbtest6_pkey  (cost=0.00..34.80 rows=1036 width=0)
	        Index Cond: ((id >= 7078207) AND (id <= 7079206))

table 7 : explain SELECT c FROM sbtest7 WHERE id BETWEEN 7686963 AND 7687962
	Bitmap Heap Scan on sbtest7  (cost=34.86..3947.31 rows=1017 width=121)
	  Recheck Cond: ((id >= 7686963) AND (id <= 7687962))
	  ->  Bitmap Index Scan on sbtest7_pkey  (cost=0.00..34.61 rows=1017 width=0)
	        Index Cond: ((id >= 7686963) AND (id <= 7687962))

table 8 : explain SELECT c FROM sbtest8 WHERE id BETWEEN 1964981 AND 1965980
	Index Scan using sbtest8_pkey on sbtest8  (cost=0.43..3645.41 rows=930 width=121)
	  Index Cond: ((id >= 1964981) AND (id <= 1965980))

for point_selects
table 1 : explain SELECT c FROM sbtest1 WHERE id=2653920
	Index Scan using sbtest1_pkey on sbtest1  (cost=0.43..8.45 rows=1 width=121)
	  Index Cond: (id = 2653920)

table 2 : explain SELECT c FROM sbtest2 WHERE id=9463969
	Index Scan using sbtest2_pkey on sbtest2  (cost=0.43..8.45 rows=1 width=121)
	  Index Cond: (id = 9463969)

table 3 : explain SELECT c FROM sbtest3 WHERE id=3030980
	Index Scan using sbtest3_pkey on sbtest3  (cost=0.43..8.45 rows=1 width=121)
	  Index Cond: (id = 3030980)

table 4 : explain SELECT c FROM sbtest4 WHERE id=3259598
	Index Scan using sbtest4_pkey on sbtest4  (cost=0.43..8.45 rows=1 width=121)
	  Index Cond: (id = 3259598)

table 5 : explain SELECT c FROM sbtest5 WHERE id=11891
	Index Scan using sbtest5_pkey on sbtest5  (cost=0.43..8.45 rows=1 width=121)
	  Index Cond: (id = 11891)

table 6 : explain SELECT c FROM sbtest6 WHERE id=4897900
	Index Scan using sbtest6_pkey on sbtest6  (cost=0.43..8.45 rows=1 width=121)
	  Index Cond: (id = 4897900)

table 7 : explain SELECT c FROM sbtest7 WHERE id=3062497
	Index Scan using sbtest7_pkey on sbtest7  (cost=0.43..8.45 rows=1 width=121)
	  Index Cond: (id = 3062497)

table 8 : explain SELECT c FROM sbtest8 WHERE id=1581831
	Index Scan using sbtest8_pkey on sbtest8  (cost=0.43..8.45 rows=1 width=121)
	  Index Cond: (id = 1581831)

for: order_ranges
table 1 : explain SELECT c FROM sbtest1 WHERE id BETWEEN 7180548 AND 7181547 ORDER BY c
	Sort  (cost=3954.55..3957.06 rows=1007 width=121)
	  Sort Key: c
	  ->  Bitmap Heap Scan on sbtest1  (cost=34.76..3904.32 rows=1007 width=121)
	        Recheck Cond: ((id >= 7180548) AND (id <= 7181547))
	        ->  Bitmap Index Scan on sbtest1_pkey  (cost=0.00..34.51 rows=1007 width=0)
	              Index Cond: ((id >= 7180548) AND (id <= 7181547))

table 2 : explain SELECT c FROM sbtest2 WHERE id BETWEEN 4946563 AND 4947562 ORDER BY c
	Sort  (cost=3746.71..3749.09 rows=953 width=121)
	  Sort Key: c
	  ->  Bitmap Heap Scan on sbtest2  (cost=34.20..3699.55 rows=953 width=121)
	        Recheck Cond: ((id >= 4946563) AND (id <= 4947562))
	        ->  Bitmap Index Scan on sbtest2_pkey  (cost=0.00..33.97 rows=953 width=0)
	              Index Cond: ((id >= 4946563) AND (id <= 4947562))

table 3 : explain SELECT c FROM sbtest3 WHERE id BETWEEN 6204930 AND 6205929 ORDER BY c
	Sort  (cost=4377.37..4380.16 rows=1116 width=121)
	  Sort Key: c
	  ->  Bitmap Heap Scan on sbtest3  (cost=39.87..4320.88 rows=1116 width=121)
	        Recheck Cond: ((id >= 6204930) AND (id <= 6205929))
	        ->  Bitmap Index Scan on sbtest3_pkey  (cost=0.00..39.59 rows=1116 width=0)
	              Index Cond: ((id >= 6204930) AND (id <= 6205929))

table 4 : explain SELECT c FROM sbtest4 WHERE id BETWEEN 6417008 AND 6418007 ORDER BY c
	Sort  (cost=4020.45..4023.01 rows=1023 width=121)
	  Sort Key: c
	  ->  Bitmap Heap Scan on sbtest4  (cost=34.92..3969.31 rows=1023 width=121)
	        Recheck Cond: ((id >= 6417008) AND (id <= 6418007))
	        ->  Bitmap Index Scan on sbtest4_pkey  (cost=0.00..34.67 rows=1023 width=0)
	              Index Cond: ((id >= 6417008) AND (id <= 6418007))

table 5 : explain SELECT c FROM sbtest5 WHERE id BETWEEN 7407435 AND 7408434 ORDER BY c
	Sort  (cost=3606.40..3608.69 rows=917 width=121)
	  Sort Key: c
	  ->  Bitmap Heap Scan on sbtest5  (cost=33.83..3561.28 rows=917 width=121)
	        Recheck Cond: ((id >= 7407435) AND (id <= 7408434))
	        ->  Bitmap Index Scan on sbtest5_pkey  (cost=0.00..33.61 rows=917 width=0)
	              Index Cond: ((id >= 7407435) AND (id <= 7408434))

table 6 : explain SELECT c FROM sbtest6 WHERE id BETWEEN 451589 AND 452588 ORDER BY c
	Sort  (cost=3808.36..3810.79 rows=969 width=121)
	  Sort Key: c
	  ->  Bitmap Heap Scan on sbtest6  (cost=34.37..3760.30 rows=969 width=121)
	        Recheck Cond: ((id >= 451589) AND (id <= 452588))
	        ->  Bitmap Index Scan on sbtest6_pkey  (cost=0.00..34.12 rows=969 width=0)
	              Index Cond: ((id >= 451589) AND (id <= 452588))

table 7 : explain SELECT c FROM sbtest7 WHERE id BETWEEN 1079560 AND 1080559 ORDER BY c
	Sort  (cost=3763.89..3766.28 rows=956 width=121)
	  Sort Key: c
	  ->  Bitmap Heap Scan on sbtest7  (cost=34.23..3716.57 rows=956 width=121)
	        Recheck Cond: ((id >= 1079560) AND (id <= 1080559))
	        ->  Bitmap Index Scan on sbtest7_pkey  (cost=0.00..34.00 rows=956 width=0)
	              Index Cond: ((id >= 1079560) AND (id <= 1080559))

table 8 : explain SELECT c FROM sbtest8 WHERE id BETWEEN 3591497 AND 3592496 ORDER BY c
	Sort  (cost=3754.55..3756.91 rows=946 width=121)
	  Sort Key: c
	  ->  Index Scan using sbtest8_pkey on sbtest8  (cost=0.43..3707.79 rows=946 width=121)
	        Index Cond: ((id >= 3591497) AND (id <= 3592496))

for: order_ranges
table 1 : explain SELECT c FROM sbtest1 WHERE id BETWEEN 6845057 AND 6846056 ORDER BY c
	Sort  (cost=3470.91..3473.11 rows=882 width=121)
	  Sort Key: c
	  ->  Bitmap Heap Scan on sbtest1  (cost=29.48..3427.76 rows=882 width=121)
	        Recheck Cond: ((id >= 6845057) AND (id <= 6846056))
	        ->  Bitmap Index Scan on sbtest1_pkey  (cost=0.00..29.25 rows=882 width=0)
	              Index Cond: ((id >= 6845057) AND (id <= 6846056))

table 2 : explain SELECT c FROM sbtest2 WHERE id BETWEEN 5601632 AND 5602631 ORDER BY c
	Sort  (cost=3650.80..3653.12 rows=928 width=121)
	  Sort Key: c
	  ->  Bitmap Heap Scan on sbtest2  (cost=33.95..3605.06 rows=928 width=121)
	        Recheck Cond: ((id >= 5601632) AND (id <= 5602631))
	        ->  Bitmap Index Scan on sbtest2_pkey  (cost=0.00..33.72 rows=928 width=0)
	              Index Cond: ((id >= 5601632) AND (id <= 5602631))

table 3 : explain SELECT c FROM sbtest3 WHERE id BETWEEN 2328008 AND 2329007 ORDER BY c
	Sort  (cost=3944.85..3947.36 rows=1004 width=121)
	  Sort Key: c
	  ->  Bitmap Heap Scan on sbtest3  (cost=34.73..3894.79 rows=1004 width=121)
	        Recheck Cond: ((id >= 2328008) AND (id <= 2329007))
	        ->  Bitmap Index Scan on sbtest3_pkey  (cost=0.00..34.48 rows=1004 width=0)
	              Index Cond: ((id >= 2328008) AND (id <= 2329007))

table 4 : explain SELECT c FROM sbtest4 WHERE id BETWEEN 1325098 AND 1326097 ORDER BY c
	Sort  (cost=4020.45..4023.01 rows=1023 width=121)
	  Sort Key: c
	  ->  Bitmap Heap Scan on sbtest4  (cost=34.92..3969.31 rows=1023 width=121)
	        Recheck Cond: ((id >= 1325098) AND (id <= 1326097))
	        ->  Bitmap Index Scan on sbtest4_pkey  (cost=0.00..34.67 rows=1023 width=0)
	              Index Cond: ((id >= 1325098) AND (id <= 1326097))

table 5 : explain SELECT c FROM sbtest5 WHERE id BETWEEN 5982809 AND 5983808 ORDER BY c
	Sort  (cost=4195.61..4198.29 rows=1071 width=121)
	  Sort Key: c
	  ->  Bitmap Heap Scan on sbtest5  (cost=35.41..4141.71 rows=1071 width=121)
	        Recheck Cond: ((id >= 5982809) AND (id <= 5983808))
	        ->  Bitmap Index Scan on sbtest5_pkey  (cost=0.00..35.15 rows=1071 width=0)
	              Index Cond: ((id >= 5982809) AND (id <= 5983808))

table 6 : explain SELECT c FROM sbtest6 WHERE id BETWEEN 3917470 AND 3918469 ORDER BY c
	Sort  (cost=4252.21..4254.93 rows=1085 width=121)
	  Sort Key: c
	  ->  Bitmap Heap Scan on sbtest6  (cost=35.56..4197.51 rows=1085 width=121)
	        Recheck Cond: ((id >= 3917470) AND (id <= 3918469))
	        ->  Bitmap Index Scan on sbtest6_pkey  (cost=0.00..35.29 rows=1085 width=0)
	              Index Cond: ((id >= 3917470) AND (id <= 3918469))

table 7 : explain SELECT c FROM sbtest7 WHERE id BETWEEN 138926 AND 139925 ORDER BY c
	Sort  (cost=3844.58..3847.02 rows=977 width=121)
	  Sort Key: c
	  ->  Bitmap Heap Scan on sbtest7  (cost=34.45..3796.06 rows=977 width=121)
	        Recheck Cond: ((id >= 138926) AND (id <= 139925))
	        ->  Bitmap Index Scan on sbtest7_pkey  (cost=0.00..34.20 rows=977 width=0)
	              Index Cond: ((id >= 138926) AND (id <= 139925))

table 8 : explain SELECT c FROM sbtest8 WHERE id BETWEEN 4617314 AND 4618313 ORDER BY c
	Sort  (cost=4107.56..4110.17 rows=1046 width=121)
	  Sort Key: c
	  ->  Bitmap Heap Scan on sbtest8  (cost=35.16..4055.10 rows=1046 width=121)
	        Recheck Cond: ((id >= 4617314) AND (id <= 4618313))
	        ->  Bitmap Index Scan on sbtest8_pkey  (cost=0.00..34.90 rows=1046 width=0)
	              Index Cond: ((id >= 4617314) AND (id <= 4618313))

explain: for point_selects :: explain SELECT c FROM sbtest%u WHERE id=%u
for: order_ranges
table 1 : explain SELECT c FROM sbtest1 WHERE id BETWEEN 5408792 AND 5409791 ORDER BY c
	Sort  (cost=4447.86..4450.70 rows=1136 width=121)
	  Sort Key: c
	  ->  Bitmap Heap Scan on sbtest1  (cost=40.08..4390.21 rows=1136 width=121)
	        Recheck Cond: ((id >= 5408792) AND (id <= 5409791))
	        ->  Bitmap Index Scan on sbtest1_pkey  (cost=0.00..39.80 rows=1136 width=0)
	              Index Cond: ((id >= 5408792) AND (id <= 5409791))

table 2 : explain SELECT c FROM sbtest2 WHERE id BETWEEN 2317602 AND 2318601 ORDER BY c
	Sort  (cost=3861.69..3864.15 rows=983 width=121)
	  Sort Key: c
	  ->  Bitmap Heap Scan on sbtest2  (cost=34.51..3812.83 rows=983 width=121)
	        Recheck Cond: ((id >= 2317602) AND (id <= 2318601))
	        ->  Bitmap Index Scan on sbtest2_pkey  (cost=0.00..34.27 rows=983 width=0)
	              Index Cond: ((id >= 2317602) AND (id <= 2318601))

table 3 : explain SELECT c FROM sbtest3 WHERE id BETWEEN 3919277 AND 3920276 ORDER BY c
	Sort  (cost=3591.75..3594.03 rows=912 width=121)
	  Sort Key: c
	  ->  Bitmap Heap Scan on sbtest3  (cost=33.78..3546.91 rows=912 width=121)
	        Recheck Cond: ((id >= 3919277) AND (id <= 3920276))
	        ->  Bitmap Index Scan on sbtest3_pkey  (cost=0.00..33.56 rows=912 width=0)
	              Index Cond: ((id >= 3919277) AND (id <= 3920276))

table 4 : explain SELECT c FROM sbtest4 WHERE id BETWEEN 5109762 AND 5110761 ORDER BY c
	Sort  (cost=3882.34..3884.81 rows=987 width=121)
	  Sort Key: c
	  ->  Bitmap Heap Scan on sbtest4  (cost=34.55..3833.25 rows=987 width=121)
	        Recheck Cond: ((id >= 5109762) AND (id <= 5110761))
	        ->  Bitmap Index Scan on sbtest4_pkey  (cost=0.00..34.31 rows=987 width=0)
	              Index Cond: ((id >= 5109762) AND (id <= 5110761))

table 5 : explain SELECT c FROM sbtest5 WHERE id BETWEEN 1849735 AND 1850734 ORDER BY c
	Sort  (cost=4180.34..4183.01 rows=1067 width=121)
	  Sort Key: c
	  ->  Bitmap Heap Scan on sbtest5  (cost=35.37..4126.67 rows=1067 width=121)
	        Recheck Cond: ((id >= 1849735) AND (id <= 1850734))
	        ->  Bitmap Index Scan on sbtest5_pkey  (cost=0.00..35.11 rows=1067 width=0)
	              Index Cond: ((id >= 1849735) AND (id <= 1850734))

table 6 : explain SELECT c FROM sbtest6 WHERE id BETWEEN 4522348 AND 4523347 ORDER BY c
	Sort  (cost=3812.20..3814.62 rows=970 width=121)
	  Sort Key: c
	  ->  Bitmap Heap Scan on sbtest6  (cost=34.38..3764.08 rows=970 width=121)
	        Recheck Cond: ((id >= 4522348) AND (id <= 4523347))
	        ->  Bitmap Index Scan on sbtest6_pkey  (cost=0.00..34.14 rows=970 width=0)
	              Index Cond: ((id >= 4522348) AND (id <= 4523347))

table 7 : explain SELECT c FROM sbtest7 WHERE id BETWEEN 8270627 AND 8271626 ORDER BY c
	Sort  (cost=3863.78..3866.23 rows=982 width=121)
	  Sort Key: c
	  ->  Bitmap Heap Scan on sbtest7  (cost=34.50..3814.97 rows=982 width=121)
	        Recheck Cond: ((id >= 8270627) AND (id <= 8271626))
	        ->  Bitmap Index Scan on sbtest7_pkey  (cost=0.00..34.26 rows=982 width=0)
	              Index Cond: ((id >= 8270627) AND (id <= 8271626))

table 8 : explain SELECT c FROM sbtest8 WHERE id BETWEEN 2497142 AND 2498141 ORDER BY c
	Sort  (cost=4069.25..4071.84 rows=1036 width=121)
	  Sort Key: c
	  ->  Bitmap Heap Scan on sbtest8  (cost=35.05..4017.36 rows=1036 width=121)
	        Recheck Cond: ((id >= 2497142) AND (id <= 2498141))
	        ->  Bitmap Index Scan on sbtest8_pkey  (cost=0.00..34.80 rows=1036 width=0)
	              Index Cond: ((id >= 2497142) AND (id <= 2498141))

for: distinct_ranges
table 1 : explain SELECT DISTINCT c FROM sbtest1 WHERE id BETWEEN 9947763 AND 9948762 ORDER BY c
	Unique  (cost=3724.56..3729.29 rows=947 width=121)
	  ->  Sort  (cost=3724.56..3726.93 rows=947 width=121)
	        Sort Key: c
	        ->  Bitmap Heap Scan on sbtest1  (cost=34.14..3677.74 rows=947 width=121)
	              Recheck Cond: ((id >= 9947763) AND (id <= 9948762))
	              ->  Bitmap Index Scan on sbtest1_pkey  (cost=0.00..33.91 rows=947 width=0)
	                    Index Cond: ((id >= 9947763) AND (id <= 9948762))

table 2 : explain SELECT DISTINCT c FROM sbtest2 WHERE id BETWEEN 5400935 AND 5401934 ORDER BY c
	Unique  (cost=3777.38..3782.18 rows=961 width=121)
	  ->  Sort  (cost=3777.38..3779.78 rows=961 width=121)
	        Sort Key: c
	        ->  Bitmap Heap Scan on sbtest2  (cost=34.29..3729.77 rows=961 width=121)
	              Recheck Cond: ((id >= 5400935) AND (id <= 5401934))
	              ->  Bitmap Index Scan on sbtest2_pkey  (cost=0.00..34.05 rows=961 width=0)
	                    Index Cond: ((id >= 5400935) AND (id <= 5401934))

table 3 : explain SELECT DISTINCT c FROM sbtest3 WHERE id BETWEEN 8336968 AND 8337967 ORDER BY c
	Unique  (cost=3841.33..3846.21 rows=977 width=121)
	  ->  Sort  (cost=3841.33..3843.77 rows=977 width=121)
	        Sort Key: c
	        ->  Bitmap Heap Scan on sbtest3  (cost=34.45..3792.81 rows=977 width=121)
	              Recheck Cond: ((id >= 8336968) AND (id <= 8337967))
	              ->  Bitmap Index Scan on sbtest3_pkey  (cost=0.00..34.20 rows=977 width=0)
	                    Index Cond: ((id >= 8336968) AND (id <= 8337967))

table 4 : explain SELECT DISTINCT c FROM sbtest4 WHERE id BETWEEN 6945153 AND 6946152 ORDER BY c
	Unique  (cost=4028.12..4033.25 rows=1025 width=121)
	  ->  Sort  (cost=4028.12..4030.69 rows=1025 width=121)
	        Sort Key: c
	        ->  Bitmap Heap Scan on sbtest4  (cost=34.94..3976.87 rows=1025 width=121)
	              Recheck Cond: ((id >= 6945153) AND (id <= 6946152))
	              ->  Bitmap Index Scan on sbtest4_pkey  (cost=0.00..34.69 rows=1025 width=0)
	                    Index Cond: ((id >= 6945153) AND (id <= 6946152))

table 5 : explain SELECT DISTINCT c FROM sbtest5 WHERE id BETWEEN 7118267 AND 7119266 ORDER BY c
	Unique  (cost=4249.03..4254.46 rows=1085 width=121)
	  ->  Sort  (cost=4249.03..4251.75 rows=1085 width=121)
	        Sort Key: c
	        ->  Bitmap Heap Scan on sbtest5  (cost=35.56..4194.33 rows=1085 width=121)
	              Recheck Cond: ((id >= 7118267) AND (id <= 7119266))
	              ->  Bitmap Index Scan on sbtest5_pkey  (cost=0.00..35.29 rows=1085 width=0)
	                    Index Cond: ((id >= 7118267) AND (id <= 7119266))

table 6 : explain SELECT DISTINCT c FROM sbtest6 WHERE id BETWEEN 903788 AND 904787 ORDER BY c
	Unique  (cost=3735.51..3740.26 rows=950 width=121)
	  ->  Sort  (cost=3735.51..3737.89 rows=950 width=121)
	        Sort Key: c
	        ->  Bitmap Heap Scan on sbtest6  (cost=34.17..3688.52 rows=950 width=121)
	              Recheck Cond: ((id >= 903788) AND (id <= 904787))
	              ->  Bitmap Index Scan on sbtest6_pkey  (cost=0.00..33.94 rows=950 width=0)
	                    Index Cond: ((id >= 903788) AND (id <= 904787))

table 7 : explain SELECT DISTINCT c FROM sbtest7 WHERE id BETWEEN 95480 AND 96479 ORDER BY c
	Unique  (cost=3844.58..3849.46 rows=977 width=121)
	  ->  Sort  (cost=3844.58..3847.02 rows=977 width=121)
	        Sort Key: c
	        ->  Bitmap Heap Scan on sbtest7  (cost=34.45..3796.06 rows=977 width=121)
	              Recheck Cond: ((id >= 95480) AND (id <= 96479))
	              ->  Bitmap Index Scan on sbtest7_pkey  (cost=0.00..34.20 rows=977 width=0)
	                    Index Cond: ((id >= 95480) AND (id <= 96479))

table 8 : explain SELECT DISTINCT c FROM sbtest8 WHERE id BETWEEN 3414140 AND 3415139 ORDER BY c
	Unique  (cost=3813.88..3818.68 rows=961 width=121)
	  ->  Sort  (cost=3813.88..3816.28 rows=961 width=121)
	        Sort Key: c
	        ->  Index Scan using sbtest8_pkey on sbtest8  (cost=0.43..3766.27 rows=961 width=121)
	              Index Cond: ((id >= 3414140) AND (id <= 3415139))

for: simple_ranges
table 1 : explain SELECT c FROM sbtest1 WHERE id BETWEEN 3553705 AND 3554704
	Bitmap Heap Scan on sbtest1  (cost=39.80..4292.47 rows=1109 width=121)
	  Recheck Cond: ((id >= 3553705) AND (id <= 3554704))
	  ->  Bitmap Index Scan on sbtest1_pkey  (cost=0.00..39.53 rows=1109 width=0)
	        Index Cond: ((id >= 3553705) AND (id <= 3554704))

table 2 : explain SELECT c FROM sbtest2 WHERE id BETWEEN 952893 AND 953892
	Bitmap Heap Scan on sbtest2  (cost=34.31..3737.32 rows=963 width=121)
	  Recheck Cond: ((id >= 952893) AND (id <= 953892))
	  ->  Bitmap Index Scan on sbtest2_pkey  (cost=0.00..34.07 rows=963 width=0)
	        Index Cond: ((id >= 952893) AND (id <= 953892))

table 3 : explain SELECT c FROM sbtest3 WHERE id BETWEEN 3963408 AND 3964407
	Bitmap Heap Scan on sbtest3  (cost=33.78..3546.91 rows=912 width=121)
	  Recheck Cond: ((id >= 3963408) AND (id <= 3964407))
	  ->  Bitmap Index Scan on sbtest3_pkey  (cost=0.00..33.56 rows=912 width=0)
	        Index Cond: ((id >= 3963408) AND (id <= 3964407))

table 4 : explain SELECT c FROM sbtest4 WHERE id BETWEEN 7485425 AND 7486424
	Bitmap Heap Scan on sbtest4  (cost=34.45..3795.43 rows=977 width=121)
	  Recheck Cond: ((id >= 7485425) AND (id <= 7486424))
	  ->  Bitmap Index Scan on sbtest4_pkey  (cost=0.00..34.20 rows=977 width=0)
	        Index Cond: ((id >= 7485425) AND (id <= 7486424))

table 5 : explain SELECT c FROM sbtest5 WHERE id BETWEEN 2174875 AND 2175874
	Bitmap Heap Scan on sbtest5  (cost=29.74..3523.26 rows=908 width=121)
	  Recheck Cond: ((id >= 2174875) AND (id <= 2175874))
	  ->  Bitmap Index Scan on sbtest5_pkey  (cost=0.00..29.51 rows=908 width=0)
	        Index Cond: ((id >= 2174875) AND (id <= 2175874))

table 6 : explain SELECT c FROM sbtest6 WHERE id BETWEEN 4474062 AND 4475061
	Bitmap Heap Scan on sbtest6  (cost=35.47..4167.41 rows=1077 width=121)
	  Recheck Cond: ((id >= 4474062) AND (id <= 4475061))
	  ->  Bitmap Index Scan on sbtest6_pkey  (cost=0.00..35.20 rows=1077 width=0)
	        Index Cond: ((id >= 4474062) AND (id <= 4475061))

table 7 : explain SELECT c FROM sbtest7 WHERE id BETWEEN 6752028 AND 6753027
	Bitmap Heap Scan on sbtest7  (cost=35.12..4041.75 rows=1042 width=121)
	  Recheck Cond: ((id >= 6752028) AND (id <= 6753027))
	  ->  Bitmap Index Scan on sbtest7_pkey  (cost=0.00..34.86 rows=1042 width=0)
	        Index Cond: ((id >= 6752028) AND (id <= 6753027))

table 8 : explain SELECT c FROM sbtest8 WHERE id BETWEEN 7118675 AND 7119674
	Index Scan using sbtest8_pkey on sbtest8  (cost=0.43..3840.30 rows=980 width=121)
	  Index Cond: ((id >= 7118675) AND (id <= 7119674))

for: sum_ranges
table 1 : explain SELECT SUM(k) FROM sbtest1 WHERE id BETWEEN 7187074 AND 7188073
	Aggregate  (cost=3906.84..3906.85 rows=1 width=8)
	  ->  Bitmap Heap Scan on sbtest1  (cost=34.76..3904.32 rows=1007 width=4)
	        Recheck Cond: ((id >= 7187074) AND (id <= 7188073))
	        ->  Bitmap Index Scan on sbtest1_pkey  (cost=0.00..34.51 rows=1007 width=0)
	              Index Cond: ((id >= 7187074) AND (id <= 7188073))

table 2 : explain SELECT SUM(k) FROM sbtest2 WHERE id BETWEEN 2695036 AND 2696035
	Aggregate  (cost=3561.97..3561.98 rows=1 width=8)
	  ->  Bitmap Heap Scan on sbtest2  (cost=33.82..3559.68 rows=916 width=4)
	        Recheck Cond: ((id >= 2695036) AND (id <= 2696035))
	        ->  Bitmap Index Scan on sbtest2_pkey  (cost=0.00..33.59 rows=916 width=0)
	              Index Cond: ((id >= 2695036) AND (id <= 2696035))

table 3 : explain SELECT SUM(k) FROM sbtest3 WHERE id BETWEEN 555467 AND 556466
	Aggregate  (cost=3889.75..3889.76 rows=1 width=8)
	  ->  Bitmap Heap Scan on sbtest3  (cost=34.71..3887.24 rows=1002 width=4)
	        Recheck Cond: ((id >= 555467) AND (id <= 556466))
	        ->  Bitmap Index Scan on sbtest3_pkey  (cost=0.00..34.45 rows=1002 width=0)
	              Index Cond: ((id >= 555467) AND (id <= 556466))

table 4 : explain SELECT SUM(k) FROM sbtest4 WHERE id BETWEEN 3721062 AND 3722061
	Aggregate  (cost=4002.10..4002.11 rows=1 width=8)
	  ->  Bitmap Heap Scan on sbtest4  (cost=35.00..3999.53 rows=1031 width=4)
	        Recheck Cond: ((id >= 3721062) AND (id <= 3722061))
	        ->  Bitmap Index Scan on sbtest4_pkey  (cost=0.00..34.75 rows=1031 width=0)
	              Index Cond: ((id >= 3721062) AND (id <= 3722061))

table 5 : explain SELECT SUM(k) FROM sbtest5 WHERE id BETWEEN 4429651 AND 4430650
	Aggregate  (cost=3703.40..3703.41 rows=1 width=8)
	  ->  Bitmap Heap Scan on sbtest5  (cost=34.21..3701.02 rows=954 width=4)
	        Recheck Cond: ((id >= 4429651) AND (id <= 4430650))
	        ->  Bitmap Index Scan on sbtest5_pkey  (cost=0.00..33.98 rows=954 width=0)
	              Index Cond: ((id >= 4429651) AND (id <= 4430650))

table 6 : explain SELECT SUM(k) FROM sbtest6 WHERE id BETWEEN 8937882 AND 8938881
	Aggregate  (cost=3819.39..3819.40 rows=1 width=8)
	  ->  Bitmap Heap Scan on sbtest6  (cost=34.52..3816.93 rows=984 width=4)
	        Recheck Cond: ((id >= 8937882) AND (id <= 8938881))
	        ->  Bitmap Index Scan on sbtest6_pkey  (cost=0.00..34.28 rows=984 width=0)
	              Index Cond: ((id >= 8937882) AND (id <= 8938881))

table 7 : explain SELECT SUM(k) FROM sbtest7 WHERE id BETWEEN 8727025 AND 8728024
	Aggregate  (cost=3991.45..3991.46 rows=1 width=8)
	  ->  Bitmap Heap Scan on sbtest7  (cost=34.97..3988.88 rows=1028 width=4)
	        Recheck Cond: ((id >= 8727025) AND (id <= 8728024))
	        ->  Bitmap Index Scan on sbtest7_pkey  (cost=0.00..34.72 rows=1028 width=0)
	              Index Cond: ((id >= 8727025) AND (id <= 8728024))

table 8 : explain SELECT SUM(k) FROM sbtest8 WHERE id BETWEEN 2683311 AND 2684310
	Aggregate  (cost=4099.24..4099.25 rows=1 width=8)
	  ->  Bitmap Heap Scan on sbtest8  (cost=35.27..4096.59 rows=1057 width=4)
	        Recheck Cond: ((id >= 2683311) AND (id <= 2684310))
	        ->  Bitmap Index Scan on sbtest8_pkey  (cost=0.00..35.01 rows=1057 width=0)
	              Index Cond: ((id >= 2683311) AND (id <= 2684310))

for: simple_ranges
table 1 : explain SELECT c FROM sbtest1 WHERE id BETWEEN 491008 AND 492007
	Bitmap Heap Scan on sbtest1  (cost=34.71..3885.45 rows=1002 width=121)
	  Recheck Cond: ((id >= 491008) AND (id <= 492007))
	  ->  Bitmap Index Scan on sbtest1_pkey  (cost=0.00..34.45 rows=1002 width=0)
	        Index Cond: ((id >= 491008) AND (id <= 492007))

table 2 : explain SELECT c FROM sbtest2 WHERE id BETWEEN 7870688 AND 7871687
	Bitmap Heap Scan on sbtest2  (cost=29.77..3536.76 rows=911 width=121)
	  Recheck Cond: ((id >= 7870688) AND (id <= 7871687))
	  ->  Bitmap Index Scan on sbtest2_pkey  (cost=0.00..29.54 rows=911 width=0)
	        Index Cond: ((id >= 7870688) AND (id <= 7871687))

table 3 : explain SELECT c FROM sbtest3 WHERE id BETWEEN 4784544 AND 4785543
	Bitmap Heap Scan on sbtest3  (cost=34.20..3702.08 rows=953 width=121)
	  Recheck Cond: ((id >= 4784544) AND (id <= 4785543))
	  ->  Bitmap Index Scan on sbtest3_pkey  (cost=0.00..33.97 rows=953 width=0)
	        Index Cond: ((id >= 4784544) AND (id <= 4785543))

table 4 : explain SELECT c FROM sbtest4 WHERE id BETWEEN 3759729 AND 3760728
	Bitmap Heap Scan on sbtest4  (cost=35.00..3999.53 rows=1031 width=121)
	  Recheck Cond: ((id >= 3759729) AND (id <= 3760728))
	  ->  Bitmap Index Scan on sbtest4_pkey  (cost=0.00..34.75 rows=1031 width=0)
	        Index Cond: ((id >= 3759729) AND (id <= 3760728))

table 5 : explain SELECT c FROM sbtest5 WHERE id BETWEEN 2346602 AND 2347601
	Bitmap Heap Scan on sbtest5  (cost=35.03..4002.54 rows=1034 width=121)
	  Recheck Cond: ((id >= 2346602) AND (id <= 2347601))
	  ->  Bitmap Index Scan on sbtest5_pkey  (cost=0.00..34.78 rows=1034 width=0)
	        Index Cond: ((id >= 2346602) AND (id <= 2347601))

table 6 : explain SELECT c FROM sbtest6 WHERE id BETWEEN 7776819 AND 7777818
	Bitmap Heap Scan on sbtest6  (cost=34.86..3941.42 rows=1017 width=121)
	  Recheck Cond: ((id >= 7776819) AND (id <= 7777818))
	  ->  Bitmap Index Scan on sbtest6_pkey  (cost=0.00..34.61 rows=1017 width=0)
	        Index Cond: ((id >= 7776819) AND (id <= 7777818))

table 7 : explain SELECT c FROM sbtest7 WHERE id BETWEEN 5012215 AND 5013214
	Bitmap Heap Scan on sbtest7  (cost=34.79..3920.86 rows=1010 width=121)
	  Recheck Cond: ((id >= 5012215) AND (id <= 5013214))
	  ->  Bitmap Index Scan on sbtest7_pkey  (cost=0.00..34.54 rows=1010 width=0)
	        Index Cond: ((id >= 5012215) AND (id <= 5013214))

table 8 : explain SELECT c FROM sbtest8 WHERE id BETWEEN 4823455 AND 4824454
	Bitmap Heap Scan on sbtest8  (cost=35.57..4205.92 rows=1086 width=121)
	  Recheck Cond: ((id >= 4823455) AND (id <= 4824454))
	  ->  Bitmap Index Scan on sbtest8_pkey  (cost=0.00..35.30 rows=1086 width=0)
	        Index Cond: ((id >= 4823455) AND (id <= 4824454))

for: distinct_ranges
table 1 : explain SELECT DISTINCT c FROM sbtest1 WHERE id BETWEEN 5316944 AND 5317943 ORDER BY c
	Unique  (cost=3877.93..3882.87 rows=987 width=121)
	  ->  Sort  (cost=3877.93..3880.40 rows=987 width=121)
	        Sort Key: c
	        ->  Bitmap Heap Scan on sbtest1  (cost=34.55..3828.84 rows=987 width=121)
	              Recheck Cond: ((id >= 5316944) AND (id <= 5317943))
	              ->  Bitmap Index Scan on sbtest1_pkey  (cost=0.00..34.31 rows=987 width=0)
	                    Index Cond: ((id >= 5316944) AND (id <= 5317943))

table 2 : explain SELECT DISTINCT c FROM sbtest2 WHERE id BETWEEN 7093668 AND 7094667 ORDER BY c
	Unique  (cost=4053.09..4058.26 rows=1033 width=121)
	  ->  Sort  (cost=4053.09..4055.67 rows=1033 width=121)
	        Sort Key: c
	        ->  Bitmap Heap Scan on sbtest2  (cost=35.02..4001.38 rows=1033 width=121)
	              Recheck Cond: ((id >= 7093668) AND (id <= 7094667))
	              ->  Bitmap Index Scan on sbtest2_pkey  (cost=0.00..34.77 rows=1033 width=0)
	                    Index Cond: ((id >= 7093668) AND (id <= 7094667))

table 3 : explain SELECT DISTINCT c FROM sbtest3 WHERE id BETWEEN 9468165 AND 9469164 ORDER BY c
	Unique  (cost=3898.85..3903.81 rows=992 width=121)
	  ->  Sort  (cost=3898.85..3901.33 rows=992 width=121)
	        Sort Key: c
	        ->  Bitmap Heap Scan on sbtest3  (cost=34.60..3849.48 rows=992 width=121)
	              Recheck Cond: ((id >= 9468165) AND (id <= 9469164))
	              ->  Bitmap Index Scan on sbtest3_pkey  (cost=0.00..34.36 rows=992 width=0)
	                    Index Cond: ((id >= 9468165) AND (id <= 9469164))

table 4 : explain SELECT DISTINCT c FROM sbtest4 WHERE id BETWEEN 2190402 AND 2191401 ORDER BY c
	Unique  (cost=3924.56..3929.55 rows=998 width=121)
	  ->  Sort  (cost=3924.56..3927.05 rows=998 width=121)
	        Sort Key: c
	        ->  Bitmap Heap Scan on sbtest4  (cost=34.66..3874.84 rows=998 width=121)
	              Recheck Cond: ((id >= 2190402) AND (id <= 2191401))
	              ->  Bitmap Index Scan on sbtest4_pkey  (cost=0.00..34.42 rows=998 width=0)
	                    Index Cond: ((id >= 2190402) AND (id <= 2191401))

table 5 : explain SELECT DISTINCT c FROM sbtest5 WHERE id BETWEEN 2973358 AND 2974357 ORDER BY c
	Unique  (cost=3909.02..3914.00 rows=996 width=121)
	  ->  Sort  (cost=3909.02..3911.51 rows=996 width=121)
	        Sort Key: c
	        ->  Bitmap Heap Scan on sbtest5  (cost=34.64..3859.42 rows=996 width=121)
	              Recheck Cond: ((id >= 2973358) AND (id <= 2974357))
	              ->  Bitmap Index Scan on sbtest5_pkey  (cost=0.00..34.40 rows=996 width=0)
	                    Index Cond: ((id >= 2973358) AND (id <= 2974357))

table 6 : explain SELECT DISTINCT c FROM sbtest6 WHERE id BETWEEN 5268461 AND 5269460 ORDER BY c
	Unique  (cost=3635.75..3640.37 rows=924 width=121)
	  ->  Sort  (cost=3635.75..3638.06 rows=924 width=121)
	        Sort Key: c
	        ->  Bitmap Heap Scan on sbtest6  (cost=33.91..3590.23 rows=924 width=121)
	              Recheck Cond: ((id >= 5268461) AND (id <= 5269460))
	              ->  Bitmap Index Scan on sbtest6_pkey  (cost=0.00..33.68 rows=924 width=0)
	                    Index Cond: ((id >= 5268461) AND (id <= 5269460))

table 7 : explain SELECT DISTINCT c FROM sbtest7 WHERE id BETWEEN 36162 AND 37161 ORDER BY c
	Unique  (cost=4208.93..4214.29 rows=1072 width=121)
	  ->  Sort  (cost=4208.93..4211.61 rows=1072 width=121)
	        Sort Key: c
	        ->  Bitmap Heap Scan on sbtest7  (cost=35.42..4154.98 rows=1072 width=121)
	              Recheck Cond: ((id >= 36162) AND (id <= 37161))
	              ->  Bitmap Index Scan on sbtest7_pkey  (cost=0.00..35.16 rows=1072 width=0)
	                    Index Cond: ((id >= 36162) AND (id <= 37161))

table 8 : explain SELECT DISTINCT c FROM sbtest8 WHERE id BETWEEN 7181109 AND 7182108 ORDER BY c
	Unique  (cost=3888.99..3893.89 rows=980 width=121)
	  ->  Sort  (cost=3888.99..3891.44 rows=980 width=121)
	        Sort Key: c
	        ->  Index Scan using sbtest8_pkey on sbtest8  (cost=0.43..3840.30 rows=980 width=121)
	              Index Cond: ((id >= 7181109) AND (id <= 7182108))

for: distinct_ranges
table 1 : explain SELECT DISTINCT c FROM sbtest1 WHERE id BETWEEN 5614277 AND 5615276 ORDER BY c
	Unique  (cost=3705.37..3710.08 rows=942 width=121)
	  ->  Sort  (cost=3705.37..3707.73 rows=942 width=121)
	        Sort Key: c
	        ->  Bitmap Heap Scan on sbtest1  (cost=34.09..3658.84 rows=942 width=121)
	              Recheck Cond: ((id >= 5614277) AND (id <= 5615276))
	              ->  Bitmap Index Scan on sbtest1_pkey  (cost=0.00..33.86 rows=942 width=0)
	                    Index Cond: ((id >= 5614277) AND (id <= 5615276))

table 2 : explain SELECT DISTINCT c FROM sbtest2 WHERE id BETWEEN 8450493 AND 8451492 ORDER BY c
	Unique  (cost=3926.80..3931.80 rows=1000 width=121)
	  ->  Sort  (cost=3926.80..3929.30 rows=1000 width=121)
	        Sort Key: c
	        ->  Bitmap Heap Scan on sbtest2  (cost=34.69..3876.97 rows=1000 width=121)
	              Recheck Cond: ((id >= 8450493) AND (id <= 8451492))
	              ->  Bitmap Index Scan on sbtest2_pkey  (cost=0.00..34.44 rows=1000 width=0)
	                    Index Cond: ((id >= 8450493) AND (id <= 8451492))

table 3 : explain SELECT DISTINCT c FROM sbtest3 WHERE id BETWEEN 3276926 AND 3277925 ORDER BY c
	Unique  (cost=3664.75..3669.41 rows=931 width=121)
	  ->  Sort  (cost=3664.75..3667.08 rows=931 width=121)
	        Sort Key: c
	        ->  Bitmap Heap Scan on sbtest3  (cost=33.98..3618.84 rows=931 width=121)
	              Recheck Cond: ((id >= 3276926) AND (id <= 3277925))
	              ->  Bitmap Index Scan on sbtest3_pkey  (cost=0.00..33.75 rows=931 width=0)
	                    Index Cond: ((id >= 3276926) AND (id <= 3277925))

table 4 : explain SELECT DISTINCT c FROM sbtest4 WHERE id BETWEEN 1383055 AND 1384054 ORDER BY c
	Unique  (cost=3459.22..3463.61 rows=878 width=121)
	  ->  Sort  (cost=3459.22..3461.42 rows=878 width=121)
	        Sort Key: c
	        ->  Bitmap Heap Scan on sbtest4  (cost=29.43..3416.30 rows=878 width=121)
	              Recheck Cond: ((id >= 1383055) AND (id <= 1384054))
	              ->  Bitmap Index Scan on sbtest4_pkey  (cost=0.00..29.21 rows=878 width=0)
	                    Index Cond: ((id >= 1383055) AND (id <= 1384054))

table 5 : explain SELECT DISTINCT c FROM sbtest5 WHERE id BETWEEN 6542443 AND 6543442 ORDER BY c
	Unique  (cost=3985.51..3990.59 rows=1016 width=121)
	  ->  Sort  (cost=3985.51..3988.05 rows=1016 width=121)
	        Sort Key: c
	        ->  Bitmap Heap Scan on sbtest5  (cost=34.85..3934.77 rows=1016 width=121)
	              Recheck Cond: ((id >= 6542443) AND (id <= 6543442))
	              ->  Bitmap Index Scan on sbtest5_pkey  (cost=0.00..34.59 rows=1016 width=0)
	                    Index Cond: ((id >= 6542443) AND (id <= 6543442))

table 6 : explain SELECT DISTINCT c FROM sbtest6 WHERE id BETWEEN 8068372 AND 8069371 ORDER BY c
	Unique  (cost=3789.20..3794.02 rows=964 width=121)
	  ->  Sort  (cost=3789.20..3791.61 rows=964 width=121)
	        Sort Key: c
	        ->  Bitmap Heap Scan on sbtest6  (cost=34.32..3741.42 rows=964 width=121)
	              Recheck Cond: ((id >= 8068372) AND (id <= 8069371))
	              ->  Bitmap Index Scan on sbtest6_pkey  (cost=0.00..34.08 rows=964 width=0)
	                    Index Cond: ((id >= 8068372) AND (id <= 8069371))

table 7 : explain SELECT DISTINCT c FROM sbtest7 WHERE id BETWEEN 494200 AND 495199 ORDER BY c
	Unique  (cost=4446.35..4452.02 rows=1133 width=121)
	  ->  Sort  (cost=4446.35..4449.19 rows=1133 width=121)
	        Sort Key: c
	        ->  Bitmap Heap Scan on sbtest7  (cost=40.05..4388.88 rows=1133 width=121)
	              Recheck Cond: ((id >= 494200) AND (id <= 495199))
	              ->  Bitmap Index Scan on sbtest7_pkey  (cost=0.00..39.77 rows=1133 width=0)
	                    Index Cond: ((id >= 494200) AND (id <= 495199))

table 8 : explain SELECT DISTINCT c FROM sbtest8 WHERE id BETWEEN 1053962 AND 1054961 ORDER BY c
	Unique  (cost=4168.83..4174.14 rows=1062 width=121)
	  ->  Sort  (cost=4168.83..4171.48 rows=1062 width=121)
	        Sort Key: c
	        ->  Bitmap Heap Scan on sbtest8  (cost=35.32..4115.45 rows=1062 width=121)
	              Recheck Cond: ((id >= 1053962) AND (id <= 1054961))
	              ->  Bitmap Index Scan on sbtest8_pkey  (cost=0.00..35.06 rows=1062 width=0)
	                    Index Cond: ((id >= 1053962) AND (id <= 1054961))

explain: for point_selects :: explain SELECT c FROM sbtest%u WHERE id=%u
explain: for point_selects :: explain SELECT c FROM sbtest%u WHERE id=%u
explain: for point_selects :: explain SELECT c FROM sbtest%u WHERE id=%u
for: sum_ranges
table 1 : explain SELECT SUM(k) FROM sbtest1 WHERE id BETWEEN 1512861 AND 1513860
	Aggregate  (cost=3872.86..3872.87 rows=1 width=8)
	  ->  Bitmap Heap Scan on sbtest1  (cost=34.66..3870.36 rows=998 width=4)
	        Recheck Cond: ((id >= 1512861) AND (id <= 1513860))
	        ->  Bitmap Index Scan on sbtest1_pkey  (cost=0.00..34.42 rows=998 width=0)
	              Index Cond: ((id >= 1512861) AND (id <= 1513860))

table 2 : explain SELECT SUM(k) FROM sbtest2 WHERE id BETWEEN 4740373 AND 4741372
	Aggregate  (cost=4045.42..4045.43 rows=1 width=8)
	  ->  Bitmap Heap Scan on sbtest2  (cost=35.14..4042.81 rows=1044 width=4)
	        Recheck Cond: ((id >= 4740373) AND (id <= 4741372))
	        ->  Bitmap Index Scan on sbtest2_pkey  (cost=0.00..34.88 rows=1044 width=0)
	              Index Cond: ((id >= 4740373) AND (id <= 4741372))

table 3 : explain SELECT SUM(k) FROM sbtest3 WHERE id BETWEEN 433415 AND 434414
	Aggregate  (cost=3810.37..3810.38 rows=1 width=8)
	  ->  Bitmap Heap Scan on sbtest3  (cost=34.49..3807.92 rows=981 width=4)
	        Recheck Cond: ((id >= 433415) AND (id <= 434414))
	        ->  Bitmap Index Scan on sbtest3_pkey  (cost=0.00..34.25 rows=981 width=0)
	              Index Cond: ((id >= 433415) AND (id <= 434414))

table 4 : explain SELECT SUM(k) FROM sbtest4 WHERE id BETWEEN 8846231 AND 8847230
	Aggregate  (cost=3949.19..3949.20 rows=1 width=8)
	  ->  Bitmap Heap Scan on sbtest4  (cost=34.86..3946.65 rows=1017 width=4)
	        Recheck Cond: ((id >= 8846231) AND (id <= 8847230))
	        ->  Bitmap Index Scan on sbtest4_pkey  (cost=0.00..34.61 rows=1017 width=0)
	              Index Cond: ((id >= 8846231) AND (id <= 8847230))

table 5 : explain SELECT SUM(k) FROM sbtest5 WHERE id BETWEEN 5508220 AND 5509219
	Aggregate  (cost=3415.77..3415.78 rows=1 width=8)
	  ->  Bitmap Heap Scan on sbtest5  (cost=29.44..3413.58 rows=879 width=4)
	        Recheck Cond: ((id >= 5508220) AND (id <= 5509219))
	        ->  Bitmap Index Scan on sbtest5_pkey  (cost=0.00..29.22 rows=879 width=0)
	              Index Cond: ((id >= 5508220) AND (id <= 5509219))

table 6 : explain SELECT SUM(k) FROM sbtest6 WHERE id BETWEEN 6584913 AND 6585912
	Aggregate  (cost=3951.51..3951.52 rows=1 width=8)
	  ->  Bitmap Heap Scan on sbtest6  (cost=34.88..3948.96 rows=1019 width=4)
	        Recheck Cond: ((id >= 6584913) AND (id <= 6585912))
	        ->  Bitmap Index Scan on sbtest6_pkey  (cost=0.00..34.62 rows=1019 width=0)
	              Index Cond: ((id >= 6584913) AND (id <= 6585912))

table 7 : explain SELECT SUM(k) FROM sbtest7 WHERE id BETWEEN 6693171 AND 6694170
	Aggregate  (cost=3438.02..3438.03 rows=1 width=8)
	  ->  Bitmap Heap Scan on sbtest7  (cost=29.49..3435.82 rows=883 width=4)
	        Recheck Cond: ((id >= 6693171) AND (id <= 6694170))
	        ->  Bitmap Index Scan on sbtest7_pkey  (cost=0.00..29.26 rows=883 width=0)
	              Index Cond: ((id >= 6693171) AND (id <= 6694170))

table 8 : explain SELECT SUM(k) FROM sbtest8 WHERE id BETWEEN 5632571 AND 5633570
	Aggregate  (cost=3526.74..3526.75 rows=1 width=8)
	  ->  Index Scan using sbtest8_pkey on sbtest8  (cost=0.43..3524.49 rows=900 width=4)
	        Index Cond: ((id >= 5632571) AND (id <= 5633570))

for point_selects
table 1 : explain SELECT c FROM sbtest1 WHERE id=6554207
	Index Scan using sbtest1_pkey on sbtest1  (cost=0.43..8.45 rows=1 width=121)
	  Index Cond: (id = 6554207)

table 2 : explain SELECT c FROM sbtest2 WHERE id=9239040
	Index Scan using sbtest2_pkey on sbtest2  (cost=0.43..8.45 rows=1 width=121)
	  Index Cond: (id = 9239040)

table 3 : explain SELECT c FROM sbtest3 WHERE id=9730813
	Index Scan using sbtest3_pkey on sbtest3  (cost=0.43..8.45 rows=1 width=121)
	  Index Cond: (id = 9730813)

table 4 : explain SELECT c FROM sbtest4 WHERE id=9983265
	Index Scan using sbtest4_pkey on sbtest4  (cost=0.43..8.45 rows=1 width=121)
	  Index Cond: (id = 9983265)

table 5 : explain SELECT c FROM sbtest5 WHERE id=7592552
	Index Scan using sbtest5_pkey on sbtest5  (cost=0.43..8.45 rows=1 width=121)
	  Index Cond: (id = 7592552)

table 6 : explain SELECT c FROM sbtest6 WHERE id=4253461
	Index Scan using sbtest6_pkey on sbtest6  (cost=0.43..8.45 rows=1 width=121)
	  Index Cond: (id = 4253461)

table 7 : explain SELECT c FROM sbtest7 WHERE id=61462
	Index Scan using sbtest7_pkey on sbtest7  (cost=0.43..8.45 rows=1 width=121)
	  Index Cond: (id = 61462)

table 8 : explain SELECT c FROM sbtest8 WHERE id=9990841
	Index Scan using sbtest8_pkey on sbtest8  (cost=0.43..8.45 rows=1 width=121)
	  Index Cond: (id = 9990841)

for: order_ranges
table 1 : explain SELECT c FROM sbtest1 WHERE id BETWEEN 7800858 AND 7801857 ORDER BY c
	Sort  (cost=3743.74..3746.12 rows=952 width=121)
	  Sort Key: c
	  ->  Bitmap Heap Scan on sbtest1  (cost=34.19..3696.64 rows=952 width=121)
	        Recheck Cond: ((id >= 7800858) AND (id <= 7801857))
	        ->  Bitmap Index Scan on sbtest1_pkey  (cost=0.00..33.95 rows=952 width=0)
	              Index Cond: ((id >= 7800858) AND (id <= 7801857))

table 2 : explain SELECT c FROM sbtest2 WHERE id BETWEEN 6253269 AND 6254268 ORDER BY c
	Sort  (cost=4102.81..4105.42 rows=1046 width=121)
	  Sort Key: c
	  ->  Bitmap Heap Scan on sbtest2  (cost=35.16..4050.35 rows=1046 width=121)
	        Recheck Cond: ((id >= 6253269) AND (id <= 6254268))
	        ->  Bitmap Index Scan on sbtest2_pkey  (cost=0.00..34.90 rows=1046 width=0)
	              Index Cond: ((id >= 6253269) AND (id <= 6254268))

table 3 : explain SELECT c FROM sbtest3 WHERE id BETWEEN 21107 AND 22106 ORDER BY c
	Sort  (cost=3952.51..3955.03 rows=1006 width=121)
	  Sort Key: c
	  ->  Bitmap Heap Scan on sbtest3  (cost=34.75..3902.34 rows=1006 width=121)
	        Recheck Cond: ((id >= 21107) AND (id <= 22106))
	        ->  Bitmap Index Scan on sbtest3_pkey  (cost=0.00..34.50 rows=1006 width=0)
	              Index Cond: ((id >= 21107) AND (id <= 22106))

table 4 : explain SELECT c FROM sbtest4 WHERE id BETWEEN 5438686 AND 5439685 ORDER BY c
	Sort  (cost=3817.06..3819.49 rows=970 width=121)
	  Sort Key: c
	  ->  Bitmap Heap Scan on sbtest4  (cost=34.38..3768.94 rows=970 width=121)
	        Recheck Cond: ((id >= 5438686) AND (id <= 5439685))
	        ->  Bitmap Index Scan on sbtest4_pkey  (cost=0.00..34.14 rows=970 width=0)
	              Index Cond: ((id >= 5438686) AND (id <= 5439685))

table 5 : explain SELECT c FROM sbtest5 WHERE id BETWEEN 1287705 AND 1288704 ORDER BY c
	Sort  (cost=3886.06..3888.54 rows=990 width=121)
	  Sort Key: c
	  ->  Bitmap Heap Scan on sbtest5  (cost=34.58..3836.80 rows=990 width=121)
	        Recheck Cond: ((id >= 1287705) AND (id <= 1288704))
	        ->  Bitmap Index Scan on sbtest5_pkey  (cost=0.00..34.34 rows=990 width=0)
	              Index Cond: ((id >= 1287705) AND (id <= 1288704))

table 6 : explain SELECT c FROM sbtest6 WHERE id BETWEEN 9831418 AND 9832417 ORDER BY c
	Sort  (cost=4240.76..4243.46 rows=1082 width=121)
	  Sort Key: c
	  ->  Bitmap Heap Scan on sbtest6  (cost=35.53..4186.22 rows=1082 width=121)
	        Recheck Cond: ((id >= 9831418) AND (id <= 9832417))
	        ->  Bitmap Index Scan on sbtest6_pkey  (cost=0.00..35.26 rows=1082 width=0)
	              Index Cond: ((id >= 9831418) AND (id <= 9832417))

table 7 : explain SELECT c FROM sbtest7 WHERE id BETWEEN 9552188 AND 9553187 ORDER BY c
	Sort  (cost=4044.14..4046.71 rows=1029 width=121)
	  Sort Key: c
	  ->  Bitmap Heap Scan on sbtest7  (cost=34.98..3992.65 rows=1029 width=121)
	        Recheck Cond: ((id >= 9552188) AND (id <= 9553187))
	        ->  Bitmap Index Scan on sbtest7_pkey  (cost=0.00..34.73 rows=1029 width=0)
	              Index Cond: ((id >= 9552188) AND (id <= 9553187))

table 8 : explain SELECT c FROM sbtest8 WHERE id BETWEEN 9107951 AND 9108950 ORDER BY c
	Sort  (cost=4076.91..4079.51 rows=1038 width=121)
	  Sort Key: c
	  ->  Bitmap Heap Scan on sbtest8  (cost=35.07..4024.91 rows=1038 width=121)
	        Recheck Cond: ((id >= 9107951) AND (id <= 9108950))
	        ->  Bitmap Index Scan on sbtest8_pkey  (cost=0.00..34.82 rows=1038 width=0)
	              Index Cond: ((id >= 9107951) AND (id <= 9108950))

for: distinct_ranges
table 1 : explain SELECT DISTINCT c FROM sbtest1 WHERE id BETWEEN 6108841 AND 6109840 ORDER BY c
	Unique  (cost=3870.27..3875.19 rows=985 width=121)
	  ->  Sort  (cost=3870.27..3872.73 rows=985 width=121)
	        Sort Key: c
	        ->  Bitmap Heap Scan on sbtest1  (cost=34.53..3821.29 rows=985 width=121)
	              Recheck Cond: ((id >= 6108841) AND (id <= 6109840))
	              ->  Bitmap Index Scan on sbtest1_pkey  (cost=0.00..34.29 rows=985 width=0)
	                    Index Cond: ((id >= 6108841) AND (id <= 6109840))

table 2 : explain SELECT DISTINCT c FROM sbtest2 WHERE id BETWEEN 3772104 AND 3773103 ORDER BY c
	Unique  (cost=3631.61..3636.23 rows=923 width=121)
	  ->  Sort  (cost=3631.61..3633.92 rows=923 width=121)
	        Sort Key: c
	        ->  Bitmap Heap Scan on sbtest2  (cost=33.90..3586.15 rows=923 width=121)
	              Recheck Cond: ((id >= 3772104) AND (id <= 3773103))
	              ->  Bitmap Index Scan on sbtest2_pkey  (cost=0.00..33.67 rows=923 width=0)
	                    Index Cond: ((id >= 3772104) AND (id <= 3773103))

table 3 : explain SELECT DISTINCT c FROM sbtest3 WHERE id BETWEEN 7449388 AND 7450387 ORDER BY c
	Unique  (cost=3864.34..3869.25 rows=983 width=121)
	  ->  Sort  (cost=3864.34..3866.80 rows=983 width=121)
	        Sort Key: c
	        ->  Bitmap Heap Scan on sbtest3  (cost=34.51..3815.48 rows=983 width=121)
	              Recheck Cond: ((id >= 7449388) AND (id <= 7450387))
	              ->  Bitmap Index Scan on sbtest3_pkey  (cost=0.00..34.27 rows=983 width=0)
	                    Index Cond: ((id >= 7449388) AND (id <= 7450387))

table 4 : explain SELECT DISTINCT c FROM sbtest4 WHERE id BETWEEN 600963 AND 601962 ORDER BY c
	Unique  (cost=3751.76..3756.52 rows=953 width=121)
	  ->  Sort  (cost=3751.76..3754.14 rows=953 width=121)
	        Sort Key: c
	        ->  Bitmap Heap Scan on sbtest4  (cost=34.20..3704.60 rows=953 width=121)
	              Recheck Cond: ((id >= 600963) AND (id <= 601962))
	              ->  Bitmap Index Scan on sbtest4_pkey  (cost=0.00..33.97 rows=953 width=0)
	                    Index Cond: ((id >= 600963) AND (id <= 601962))

table 5 : explain SELECT DISTINCT c FROM sbtest5 WHERE id BETWEEN 2507213 AND 2508212 ORDER BY c
	Unique  (cost=3790.36..3795.19 rows=965 width=121)
	  ->  Sort  (cost=3790.36..3792.77 rows=965 width=121)
	        Sort Key: c
	        ->  Bitmap Heap Scan on sbtest5  (cost=34.33..3742.52 rows=965 width=121)
	              Recheck Cond: ((id >= 2507213) AND (id <= 2508212))
	              ->  Bitmap Index Scan on sbtest5_pkey  (cost=0.00..34.09 rows=965 width=0)
	                    Index Cond: ((id >= 2507213) AND (id <= 2508212))

table 6 : explain SELECT DISTINCT c FROM sbtest6 WHERE id BETWEEN 545054 AND 546053 ORDER BY c
	Unique  (cost=3877.34..3882.28 rows=987 width=121)
	  ->  Sort  (cost=3877.34..3879.81 rows=987 width=121)
	        Sort Key: c
	        ->  Bitmap Heap Scan on sbtest6  (cost=34.55..3828.25 rows=987 width=121)
	              Recheck Cond: ((id >= 545054) AND (id <= 546053))
	              ->  Bitmap Index Scan on sbtest6_pkey  (cost=0.00..34.31 rows=987 width=0)
	                    Index Cond: ((id >= 545054) AND (id <= 546053))

table 7 : explain SELECT DISTINCT c FROM sbtest7 WHERE id BETWEEN 5024029 AND 5025028 ORDER BY c
	Unique  (cost=3971.26..3976.31 rows=1010 width=121)
	  ->  Sort  (cost=3971.26..3973.78 rows=1010 width=121)
	        Sort Key: c
	        ->  Bitmap Heap Scan on sbtest7  (cost=34.79..3920.86 rows=1010 width=121)
	              Recheck Cond: ((id >= 5024029) AND (id <= 5025028))
	              ->  Bitmap Index Scan on sbtest7_pkey  (cost=0.00..34.54 rows=1010 width=0)
	                    Index Cond: ((id >= 5024029) AND (id <= 5025028))

table 8 : explain SELECT DISTINCT c FROM sbtest8 WHERE id BETWEEN 6610992 AND 6611991 ORDER BY c
	Unique  (cost=4245.38..4250.79 rows=1082 width=121)
	  ->  Sort  (cost=4245.38..4248.08 rows=1082 width=121)
	        Sort Key: c
	        ->  Bitmap Heap Scan on sbtest8  (cost=35.53..4190.85 rows=1082 width=121)
	              Recheck Cond: ((id >= 6610992) AND (id <= 6611991))
	              ->  Bitmap Index Scan on sbtest8_pkey  (cost=0.00..35.26 rows=1082 width=0)
	                    Index Cond: ((id >= 6610992) AND (id <= 6611991))

for: sum_ranges
table 1 : explain SELECT SUM(k) FROM sbtest1 WHERE id BETWEEN 3537631 AND 3538630
	Aggregate  (cost=4295.24..4295.25 rows=1 width=8)
	  ->  Bitmap Heap Scan on sbtest1  (cost=39.80..4292.47 rows=1109 width=4)
	        Recheck Cond: ((id >= 3537631) AND (id <= 3538630))
	        ->  Bitmap Index Scan on sbtest1_pkey  (cost=0.00..39.53 rows=1109 width=0)
	              Index Cond: ((id >= 3537631) AND (id <= 3538630))

table 2 : explain SELECT SUM(k) FROM sbtest2 WHERE id BETWEEN 8483599 AND 8484598
	Aggregate  (cost=3577.11..3577.12 rows=1 width=8)
	  ->  Bitmap Heap Scan on sbtest2  (cost=33.87..3574.81 rows=920 width=4)
	        Recheck Cond: ((id >= 8483599) AND (id <= 8484598))
	        ->  Bitmap Index Scan on sbtest2_pkey  (cost=0.00..33.64 rows=920 width=0)
	              Index Cond: ((id >= 8483599) AND (id <= 8484598))

table 3 : explain SELECT SUM(k) FROM sbtest3 WHERE id BETWEEN 7133784 AND 7134783
	Aggregate  (cost=3814.15..3814.16 rows=1 width=8)
	  ->  Bitmap Heap Scan on sbtest3  (cost=34.50..3811.70 rows=982 width=4)
	        Recheck Cond: ((id >= 7133784) AND (id <= 7134783))
	        ->  Bitmap Index Scan on sbtest3_pkey  (cost=0.00..34.26 rows=982 width=0)
	              Index Cond: ((id >= 7133784) AND (id <= 7134783))

table 4 : explain SELECT SUM(k) FROM sbtest4 WHERE id BETWEEN 1284463 AND 1285462
	Aggregate  (cost=3971.87..3971.88 rows=1 width=8)
	  ->  Bitmap Heap Scan on sbtest4  (cost=34.92..3969.31 rows=1023 width=4)
	        Recheck Cond: ((id >= 1284463) AND (id <= 1285462))
	        ->  Bitmap Index Scan on sbtest4_pkey  (cost=0.00..34.67 rows=1023 width=0)
	              Index Cond: ((id >= 1284463) AND (id <= 1285462))

table 5 : explain SELECT SUM(k) FROM sbtest5 WHERE id BETWEEN 6999866 AND 7000865
	Aggregate  (cost=3835.51..3835.52 rows=1 width=8)
	  ->  Bitmap Heap Scan on sbtest5  (cost=34.57..3833.03 rows=989 width=4)
	        Recheck Cond: ((id >= 6999866) AND (id <= 7000865))
	        ->  Bitmap Index Scan on sbtest5_pkey  (cost=0.00..34.33 rows=989 width=0)
	              Index Cond: ((id >= 6999866) AND (id <= 7000865))

table 6 : explain SELECT SUM(k) FROM sbtest6 WHERE id BETWEEN 9986315 AND 9987314
	Aggregate  (cost=4151.28..4151.29 rows=1 width=8)
	  ->  Bitmap Heap Scan on sbtest6  (cost=35.42..4148.60 rows=1072 width=4)
	        Recheck Cond: ((id >= 9986315) AND (id <= 9987314))
	        ->  Bitmap Index Scan on sbtest6_pkey  (cost=0.00..35.16 rows=1072 width=0)
	              Index Cond: ((id >= 9986315) AND (id <= 9987314))

table 7 : explain SELECT SUM(k) FROM sbtest7 WHERE id BETWEEN 8260895 AND 8261894
	Aggregate  (cost=3817.43..3817.44 rows=1 width=8)
	  ->  Bitmap Heap Scan on sbtest7  (cost=34.50..3814.97 rows=982 width=4)
	        Recheck Cond: ((id >= 8260895) AND (id <= 8261894))
	        ->  Bitmap Index Scan on sbtest7_pkey  (cost=0.00..34.26 rows=982 width=0)
	              Index Cond: ((id >= 8260895) AND (id <= 8261894))

table 8 : explain SELECT SUM(k) FROM sbtest8 WHERE id BETWEEN 946855 AND 947854
	Aggregate  (cost=3974.62..3974.63 rows=1 width=8)
	  ->  Bitmap Heap Scan on sbtest8  (cost=34.93..3972.06 rows=1024 width=4)
	        Recheck Cond: ((id >= 946855) AND (id <= 947854))
	        ->  Bitmap Index Scan on sbtest8_pkey  (cost=0.00..34.68 rows=1024 width=0)
	              Index Cond: ((id >= 946855) AND (id <= 947854))

for point_selects
table 1 : explain SELECT c FROM sbtest1 WHERE id=7358223
	Index Scan using sbtest1_pkey on sbtest1  (cost=0.43..8.45 rows=1 width=121)
	  Index Cond: (id = 7358223)

table 2 : explain SELECT c FROM sbtest2 WHERE id=9675555
	Index Scan using sbtest2_pkey on sbtest2  (cost=0.43..8.45 rows=1 width=121)
	  Index Cond: (id = 9675555)

table 3 : explain SELECT c FROM sbtest3 WHERE id=7575003
	Index Scan using sbtest3_pkey on sbtest3  (cost=0.43..8.45 rows=1 width=121)
	  Index Cond: (id = 7575003)

table 4 : explain SELECT c FROM sbtest4 WHERE id=2995481
	Index Scan using sbtest4_pkey on sbtest4  (cost=0.43..8.45 rows=1 width=121)
	  Index Cond: (id = 2995481)

table 5 : explain SELECT c FROM sbtest5 WHERE id=4476088
	Index Scan using sbtest5_pkey on sbtest5  (cost=0.43..8.45 rows=1 width=121)
	  Index Cond: (id = 4476088)

table 6 : explain SELECT c FROM sbtest6 WHERE id=377048
	Index Scan using sbtest6_pkey on sbtest6  (cost=0.43..8.45 rows=1 width=121)
	  Index Cond: (id = 377048)

table 7 : explain SELECT c FROM sbtest7 WHERE id=5161255
	Index Scan using sbtest7_pkey on sbtest7  (cost=0.43..8.45 rows=1 width=121)
	  Index Cond: (id = 5161255)

table 8 : explain SELECT c FROM sbtest8 WHERE id=912253
	Index Scan using sbtest8_pkey on sbtest8  (cost=0.43..8.45 rows=1 width=121)
	  Index Cond: (id = 912253)

for: simple_ranges
table 1 : explain SELECT c FROM sbtest1 WHERE id BETWEEN 6334630 AND 6335629
	Bitmap Heap Scan on sbtest1  (cost=34.56..3832.62 rows=988 width=121)
	  Recheck Cond: ((id >= 6334630) AND (id <= 6335629))
	  ->  Bitmap Index Scan on sbtest1_pkey  (cost=0.00..34.32 rows=988 width=0)
	        Index Cond: ((id >= 6334630) AND (id <= 6335629))

table 2 : explain SELECT c FROM sbtest2 WHERE id BETWEEN 7946943 AND 7947942
	Bitmap Heap Scan on sbtest2  (cost=29.77..3536.76 rows=911 width=121)
	  Recheck Cond: ((id >= 7946943) AND (id <= 7947942))
	  ->  Bitmap Index Scan on sbtest2_pkey  (cost=0.00..29.54 rows=911 width=0)
	        Index Cond: ((id >= 7946943) AND (id <= 7947942))

table 3 : explain SELECT c FROM sbtest3 WHERE id BETWEEN 6117673 AND 6118672
	Bitmap Heap Scan on sbtest3  (cost=34.66..3872.14 rows=998 width=121)
	  Recheck Cond: ((id >= 6117673) AND (id <= 6118672))
	  ->  Bitmap Index Scan on sbtest3_pkey  (cost=0.00..34.42 rows=998 width=0)
	        Index Cond: ((id >= 6117673) AND (id <= 6118672))

table 4 : explain SELECT c FROM sbtest4 WHERE id BETWEEN 5003916 AND 5004915
	Bitmap Heap Scan on sbtest4  (cost=34.25..3723.53 rows=958 width=121)
	  Recheck Cond: ((id >= 5003916) AND (id <= 5004915))
	  ->  Bitmap Index Scan on sbtest4_pkey  (cost=0.00..34.02 rows=958 width=0)
	        Index Cond: ((id >= 5003916) AND (id <= 5004915))

table 5 : explain SELECT c FROM sbtest5 WHERE id BETWEEN 3955416 AND 3956415
	Bitmap Heap Scan on sbtest5  (cost=33.87..3572.62 rows=920 width=121)
	  Recheck Cond: ((id >= 3955416) AND (id <= 3956415))
	  ->  Bitmap Index Scan on sbtest5_pkey  (cost=0.00..33.64 rows=920 width=0)
	        Index Cond: ((id >= 3955416) AND (id <= 3956415))

table 6 : explain SELECT c FROM sbtest6 WHERE id BETWEEN 3992104 AND 3993103
	Bitmap Heap Scan on sbtest6  (cost=34.76..3903.71 rows=1007 width=121)
	  Recheck Cond: ((id >= 3992104) AND (id <= 3993103))
	  ->  Bitmap Index Scan on sbtest6_pkey  (cost=0.00..34.51 rows=1007 width=0)
	        Index Cond: ((id >= 3992104) AND (id <= 3993103))

table 7 : explain SELECT c FROM sbtest7 WHERE id BETWEEN 9053930 AND 9054929
	Bitmap Heap Scan on sbtest7  (cost=35.19..4068.18 rows=1049 width=121)
	  Recheck Cond: ((id >= 9053930) AND (id <= 9054929))
	  ->  Bitmap Index Scan on sbtest7_pkey  (cost=0.00..34.93 rows=1049 width=0)
	        Index Cond: ((id >= 9053930) AND (id <= 9054929))

table 8 : explain SELECT c FROM sbtest8 WHERE id BETWEEN 583815 AND 584814
	Index Scan using sbtest8_pkey on sbtest8  (cost=0.43..3926.06 rows=1002 width=121)
	  Index Cond: ((id >= 583815) AND (id <= 584814))

for: sum_ranges
table 1 : explain SELECT SUM(k) FROM sbtest1 WHERE id BETWEEN 988844 AND 989843
	Aggregate  (cost=3819.98..3819.99 rows=1 width=8)
	  ->  Bitmap Heap Scan on sbtest1  (cost=34.52..3817.52 rows=984 width=4)
	        Recheck Cond: ((id >= 988844) AND (id <= 989843))
	        ->  Bitmap Index Scan on sbtest1_pkey  (cost=0.00..34.28 rows=984 width=0)
	              Index Cond: ((id >= 988844) AND (id <= 989843))

table 2 : explain SELECT SUM(k) FROM sbtest2 WHERE id BETWEEN 3429259 AND 3430258
	Aggregate  (cost=3277.48..3277.49 rows=1 width=8)
	  ->  Bitmap Heap Scan on sbtest2  (cost=29.07..3275.38 rows=842 width=4)
	        Recheck Cond: ((id >= 3429259) AND (id <= 3430258))
	        ->  Bitmap Index Scan on sbtest2_pkey  (cost=0.00..28.86 rows=842 width=0)
	              Index Cond: ((id >= 3429259) AND (id <= 3430258))

table 3 : explain SELECT SUM(k) FROM sbtest3 WHERE id BETWEEN 2613310 AND 2614309
	Aggregate  (cost=3742.30..3742.31 rows=1 width=8)
	  ->  Bitmap Heap Scan on sbtest3  (cost=34.31..3739.89 rows=963 width=4)
	        Recheck Cond: ((id >= 2613310) AND (id <= 2614309))
	        ->  Bitmap Index Scan on sbtest3_pkey  (cost=0.00..34.07 rows=963 width=0)
	              Index Cond: ((id >= 2613310) AND (id <= 2614309))

table 4 : explain SELECT SUM(k) FROM sbtest4 WHERE id BETWEEN 3589872 AND 3590871
	Aggregate  (cost=3748.65..3748.66 rows=1 width=8)
	  ->  Bitmap Heap Scan on sbtest4  (cost=34.32..3746.24 rows=964 width=4)
	        Recheck Cond: ((id >= 3589872) AND (id <= 3590871))
	        ->  Bitmap Index Scan on sbtest4_pkey  (cost=0.00..34.08 rows=964 width=0)
	              Index Cond: ((id >= 3589872) AND (id <= 3590871))

table 5 : explain SELECT SUM(k) FROM sbtest5 WHERE id BETWEEN 1052473 AND 1053472
	Aggregate  (cost=3624.06..3624.07 rows=1 width=8)
	  ->  Bitmap Heap Scan on sbtest5  (cost=34.00..3621.73 rows=933 width=4)
	        Recheck Cond: ((id >= 1052473) AND (id <= 1053472))
	        ->  Bitmap Index Scan on sbtest5_pkey  (cost=0.00..33.77 rows=933 width=0)
	              Index Cond: ((id >= 1052473) AND (id <= 1053472))

table 6 : explain SELECT SUM(k) FROM sbtest6 WHERE id BETWEEN 4717166 AND 4718165
	Aggregate  (cost=4230.33..4230.34 rows=1 width=8)
	  ->  Bitmap Heap Scan on sbtest6  (cost=35.64..4227.60 rows=1093 width=4)
	        Recheck Cond: ((id >= 4717166) AND (id <= 4718165))
	        ->  Bitmap Index Scan on sbtest6_pkey  (cost=0.00..35.37 rows=1093 width=0)
	              Index Cond: ((id >= 4717166) AND (id <= 4718165))

table 7 : explain SELECT SUM(k) FROM sbtest7 WHERE id BETWEEN 7111857 AND 7112856
	Aggregate  (cost=3768.20..3768.21 rows=1 width=8)
	  ->  Bitmap Heap Scan on sbtest7  (cost=34.37..3765.78 rows=969 width=4)
	        Recheck Cond: ((id >= 7111857) AND (id <= 7112856))
	        ->  Bitmap Index Scan on sbtest7_pkey  (cost=0.00..34.12 rows=969 width=0)
	              Index Cond: ((id >= 7111857) AND (id <= 7112856))

table 8 : explain SELECT SUM(k) FROM sbtest8 WHERE id BETWEEN 9293613 AND 9294612
	Aggregate  (cost=4008.62..4008.63 rows=1 width=8)
	  ->  Bitmap Heap Scan on sbtest8  (cost=35.02..4006.04 rows=1033 width=4)
	        Recheck Cond: ((id >= 9293613) AND (id <= 9294612))
	        ->  Bitmap Index Scan on sbtest8_pkey  (cost=0.00..34.77 rows=1033 width=0)
	              Index Cond: ((id >= 9293613) AND (id <= 9294612))

explain: for point_selects :: explain SELECT c FROM sbtest%u WHERE id=%ufor: distinct_ranges
table 1 : explain SELECT DISTINCT c FROM sbtest1 WHERE id BETWEEN 61949 AND 62948 ORDER BY c
	Unique  (cost=4157.35..4162.65 rows=1060 width=121)
	  ->  Sort  (cost=4157.35..4160.00 rows=1060 width=121)
	        Sort Key: c
	        ->  Bitmap Heap Scan on sbtest1  (cost=35.30..4104.08 rows=1060 width=121)
	              Recheck Cond: ((id >= 61949) AND (id <= 62948))
	              ->  Bitmap Index Scan on sbtest1_pkey  (cost=0.00..35.04 rows=1060 width=0)
	                    Index Cond: ((id >= 61949) AND (id <= 62948))

table 2 : explain SELECT DISTINCT c FROM sbtest2 WHERE id BETWEEN 4355160 AND 4356159 ORDER BY c
	Unique  (cost=3815.71..3820.56 rows=971 width=121)
	  ->  Sort  (cost=3815.71..3818.14 rows=971 width=121)
	        Sort Key: c
	        ->  Bitmap Heap Scan on sbtest2  (cost=34.39..3767.53 rows=971 width=121)
	              Recheck Cond: ((id >= 4355160) AND (id <= 4356159))
	              ->  Bitmap Index Scan on sbtest2_pkey  (cost=0.00..34.15 rows=971 width=0)
	                    Index Cond: ((id >= 4355160) AND (id <= 4356159))

table 3 : explain SELECT DISTINCT c FROM sbtest3 WHERE id BETWEEN 2162220 AND 2163219 ORDER BY c
	Unique  (cost=3883.51..3888.45 rows=988 width=121)
	  ->  Sort  (cost=3883.51..3885.98 rows=988 width=121)
	        Sort Key: c
	        ->  Bitmap Heap Scan on sbtest3  (cost=34.56..3834.37 rows=988 width=121)
	              Recheck Cond: ((id >= 2162220) AND (id <= 2163219))
	              ->  Bitmap Index Scan on sbtest3_pkey  (cost=0.00..34.32 rows=988 width=0)
	                    Index Cond: ((id >= 2162220) AND (id <= 2163219))

table 4 : explain SELECT DISTINCT c FROM sbtest4 WHERE id BETWEEN 6651470 AND 6652469 ORDER BY c
	Unique  (cost=3847.79..3852.68 rows=978 width=121)
	  ->  Sort  (cost=3847.79..3850.23 rows=978 width=121)
	        Sort Key: c
	        ->  Bitmap Heap Scan on sbtest4  (cost=34.46..3799.21 rows=978 width=121)
	              Recheck Cond: ((id >= 6651470) AND (id <= 6652469))
	              ->  Bitmap Index Scan on sbtest4_pkey  (cost=0.00..34.22 rows=978 width=0)
	                    Index Cond: ((id >= 6651470) AND (id <= 6652469))

table 5 : explain SELECT DISTINCT c FROM sbtest5 WHERE id BETWEEN 5570521 AND 5571520 ORDER BY c
	Unique  (cost=3510.31..3514.78 rows=893 width=121)
	  ->  Sort  (cost=3510.31..3512.54 rows=893 width=121)
	        Sort Key: c
	        ->  Bitmap Heap Scan on sbtest5  (cost=29.59..3466.54 rows=893 width=121)
	              Recheck Cond: ((id >= 5570521) AND (id <= 5571520))
	              ->  Bitmap Index Scan on sbtest5_pkey  (cost=0.00..29.36 rows=893 width=0)
	                    Index Cond: ((id >= 5570521) AND (id <= 5571520))

table 6 : explain SELECT DISTINCT c FROM sbtest6 WHERE id BETWEEN 3230639 AND 3231638 ORDER BY c
	Unique  (cost=3697.15..3701.85 rows=940 width=121)
	  ->  Sort  (cost=3697.15..3699.50 rows=940 width=121)
	        Sort Key: c
	        ->  Bitmap Heap Scan on sbtest6  (cost=34.07..3650.73 rows=940 width=121)
	              Recheck Cond: ((id >= 3230639) AND (id <= 3231638))
	              ->  Bitmap Index Scan on sbtest6_pkey  (cost=0.00..33.84 rows=940 width=0)
	                    Index Cond: ((id >= 3230639) AND (id <= 3231638))

table 7 : explain SELECT DISTINCT c FROM sbtest7 WHERE id BETWEEN 5416208 AND 5417207 ORDER BY c
	Unique  (cost=3663.93..3668.58 rows=930 width=121)
	  ->  Sort  (cost=3663.93..3666.26 rows=930 width=121)
	        Sort Key: c
	        ->  Bitmap Heap Scan on sbtest7  (cost=33.97..3618.08 rows=930 width=121)
	              Recheck Cond: ((id >= 5416208) AND (id <= 5417207))
	              ->  Bitmap Index Scan on sbtest7_pkey  (cost=0.00..33.73 rows=930 width=0)
	                    Index Cond: ((id >= 5416208) AND (id <= 5417207))

table 8 : explain SELECT DISTINCT c FROM sbtest8 WHERE id BETWEEN 2535170 AND 2536169 ORDER BY c
	Unique  (cost=4069.25..4074.43 rows=1036 width=121)
	  ->  Sort  (cost=4069.25..4071.84 rows=1036 width=121)
	        Sort Key: c
	        ->  Bitmap Heap Scan on sbtest8  (cost=35.05..4017.36 rows=1036 width=121)
	              Recheck Cond: ((id >= 2535170) AND (id <= 2536169))
	              ->  Bitmap Index Scan on sbtest8_pkey  (cost=0.00..34.80 rows=1036 width=0)
	                    Index Cond: ((id >= 2535170) AND (id <= 2536169))


for point_selects
table 1 : explain SELECT c FROM sbtest1 WHERE id=4294996
	Index Scan using sbtest1_pkey on sbtest1  (cost=0.43..8.45 rows=1 width=121)
	  Index Cond: (id = 4294996)

table 2 : explain SELECT c FROM sbtest2 WHERE id=4398411
	Index Scan using sbtest2_pkey on sbtest2  (cost=0.43..8.45 rows=1 width=121)
	  Index Cond: (id = 4398411)

table 3 : explain SELECT c FROM sbtest3 WHERE id=2378350
	Index Scan using sbtest3_pkey on sbtest3  (cost=0.43..8.45 rows=1 width=121)
	  Index Cond: (id = 2378350)

table 4 : explain SELECT c FROM sbtest4 WHERE id=7970395
	Index Scan using sbtest4_pkey on sbtest4  (cost=0.43..8.45 rows=1 width=121)
	  Index Cond: (id = 7970395)

table 5 : explain SELECT c FROM sbtest5 WHERE id=6751872
	Index Scan using sbtest5_pkey on sbtest5  (cost=0.43..8.45 rows=1 width=121)
	  Index Cond: (id = 6751872)

table 6 : explain SELECT c FROM sbtest6 WHERE id=8787996
	Index Scan using sbtest6_pkey on sbtest6  (cost=0.43..8.45 rows=1 width=121)
	  Index Cond: (id = 8787996)

table 7 : explain SELECT c FROM sbtest7 WHERE id=9345419
	Index Scan using sbtest7_pkey on sbtest7  (cost=0.43..8.45 rows=1 width=121)
	  Index Cond: (id = 9345419)

table 8 : explain SELECT c FROM sbtest8 WHERE id=2645044
	Index Scan using sbtest8_pkey on sbtest8  (cost=0.43..8.45 rows=1 width=121)
	  Index Cond: (id = 2645044)

for: order_ranges
table 1 : explain SELECT c FROM sbtest1 WHERE id BETWEEN 1329634 AND 1330633 ORDER BY c
	Sort  (cost=4107.63..4110.25 rows=1047 width=121)
	  Sort Key: c
	  ->  Bitmap Heap Scan on sbtest1  (cost=35.17..4055.12 rows=1047 width=121)
	        Recheck Cond: ((id >= 1329634) AND (id <= 1330633))
	        ->  Bitmap Index Scan on sbtest1_pkey  (cost=0.00..34.91 rows=1047 width=0)
	              Index Cond: ((id >= 1329634) AND (id <= 1330633))

table 2 : explain SELECT c FROM sbtest2 WHERE id BETWEEN 9751071 AND 9752070 ORDER BY c
	Sort  (cost=3961.26..3963.78 rows=1009 width=121)
	  Sort Key: c
	  ->  Bitmap Heap Scan on sbtest2  (cost=34.78..3910.91 rows=1009 width=121)
	        Recheck Cond: ((id >= 9751071) AND (id <= 9752070))
	        ->  Bitmap Index Scan on sbtest2_pkey  (cost=0.00..34.53 rows=1009 width=0)
	              Index Cond: ((id >= 9751071) AND (id <= 9752070))

table 3 : explain SELECT c FROM sbtest3 WHERE id BETWEEN 694875 AND 695874 ORDER BY c
	Sort  (cost=3483.92..3486.14 rows=885 width=121)
	  Sort Key: c
	  ->  Bitmap Heap Scan on sbtest3  (cost=29.51..3440.61 rows=885 width=121)
	        Recheck Cond: ((id >= 694875) AND (id <= 695874))
	        ->  Bitmap Index Scan on sbtest3_pkey  (cost=0.00..29.29 rows=885 width=0)
	              Index Cond: ((id >= 694875) AND (id <= 695874))

table 4 : explain SELECT c FROM sbtest4 WHERE id BETWEEN 2004921 AND 2005920 ORDER BY c
	Sort  (cost=3747.91..3750.29 rows=952 width=121)
	  Sort Key: c
	  ->  Bitmap Heap Scan on sbtest4  (cost=34.19..3700.82 rows=952 width=121)
	        Recheck Cond: ((id >= 2004921) AND (id <= 2005920))
	        ->  Bitmap Index Scan on sbtest4_pkey  (cost=0.00..33.95 rows=952 width=0)
	              Index Cond: ((id >= 2004921) AND (id <= 2005920))

table 5 : explain SELECT c FROM sbtest5 WHERE id BETWEEN 9805928 AND 9806927 ORDER BY c
	Sort  (cost=3977.86..3980.40 rows=1014 width=121)
	  Sort Key: c
	  ->  Bitmap Heap Scan on sbtest5  (cost=34.83..3927.23 rows=1014 width=121)
	        Recheck Cond: ((id >= 9805928) AND (id <= 9806927))
	        ->  Bitmap Index Scan on sbtest5_pkey  (cost=0.00..34.58 rows=1014 width=0)
	              Index Cond: ((id >= 9805928) AND (id <= 9806927))

table 6 : explain SELECT c FROM sbtest6 WHERE id BETWEEN 2246580 AND 2247579 ORDER BY c
	Sort  (cost=4282.77..4285.50 rows=1093 width=121)
	  Sort Key: c
	  ->  Bitmap Heap Scan on sbtest6  (cost=35.64..4227.60 rows=1093 width=121)
	        Recheck Cond: ((id >= 2246580) AND (id <= 2247579))
	        ->  Bitmap Index Scan on sbtest6_pkey  (cost=0.00..35.37 rows=1093 width=0)
	              Index Cond: ((id >= 2246580) AND (id <= 2247579))

table 7 : explain SELECT c FROM sbtest7 WHERE id BETWEEN 5869183 AND 5870182 ORDER BY c
	Sort  (cost=4231.91..4234.60 rows=1078 width=121)
	  Sort Key: c
	  ->  Bitmap Heap Scan on sbtest7  (cost=35.48..4177.61 rows=1078 width=121)
	        Recheck Cond: ((id >= 5869183) AND (id <= 5870182))
	        ->  Bitmap Index Scan on sbtest7_pkey  (cost=0.00..35.22 rows=1078 width=0)
	              Index Cond: ((id >= 5869183) AND (id <= 5870182))

table 8 : explain SELECT c FROM sbtest8 WHERE id BETWEEN 5004974 AND 5005973 ORDER BY c
	Sort  (cost=4084.57..4087.17 rows=1040 width=121)
	  Sort Key: c
	  ->  Bitmap Heap Scan on sbtest8  (cost=35.09..4032.46 rows=1040 width=121)
	        Recheck Cond: ((id >= 5004974) AND (id <= 5005973))
	        ->  Bitmap Index Scan on sbtest8_pkey  (cost=0.00..34.84 rows=1040 width=0)
	              Index Cond: ((id >= 5004974) AND (id <= 5005973))

for point_selects
table 1 : explain SELECT c FROM sbtest1 WHERE id=7570167
	Index Scan using sbtest1_pkey on sbtest1  (cost=0.43..8.45 rows=1 width=121)
	  Index Cond: (id = 7570167)

table 2 : explain SELECT c FROM sbtest2 WHERE id=3847641
	Index Scan using sbtest2_pkey on sbtest2  (cost=0.43..8.45 rows=1 width=121)
	  Index Cond: (id = 3847641)

table 3 : explain SELECT c FROM sbtest3 WHERE id=3874985
	Index Scan using sbtest3_pkey on sbtest3  (cost=0.43..8.45 rows=1 width=121)
	  Index Cond: (id = 3874985)

table 4 : explain SELECT c FROM sbtest4 WHERE id=7215992
	Index Scan using sbtest4_pkey on sbtest4  (cost=0.43..8.45 rows=1 width=121)
	  Index Cond: (id = 7215992)

table 5 : explain SELECT c FROM sbtest5 WHERE id=9913619
	Index Scan using sbtest5_pkey on sbtest5  (cost=0.43..8.45 rows=1 width=121)
	  Index Cond: (id = 9913619)

table 6 : explain SELECT c FROM sbtest6 WHERE id=3249363
	Index Scan using sbtest6_pkey on sbtest6  (cost=0.43..8.45 rows=1 width=121)
	  Index Cond: (id = 3249363)

table 7 : explain SELECT c FROM sbtest7 WHERE id=6370168
	Index Scan using sbtest7_pkey on sbtest7  (cost=0.43..8.45 rows=1 width=121)
	  Index Cond: (id = 6370168)

table 8 : explain SELECT c FROM sbtest8 WHERE id=3051318
	Index Scan using sbtest8_pkey on sbtest8  (cost=0.43..8.45 rows=1 width=121)
	  Index Cond: (id = 3051318)

for point_selects
table 1 : explain SELECT c FROM sbtest1 WHERE id=2958578
	Index Scan using sbtest1_pkey on sbtest1  (cost=0.43..8.45 rows=1 width=121)
	  Index Cond: (id = 2958578)

table 2 : explain SELECT c FROM sbtest2 WHERE id=709728
	Index Scan using sbtest2_pkey on sbtest2  (cost=0.43..8.45 rows=1 width=121)
	  Index Cond: (id = 709728)

table 3 : explain SELECT c FROM sbtest3 WHERE id=4035175
	Index Scan using sbtest3_pkey on sbtest3  (cost=0.43..8.45 rows=1 width=121)
	  Index Cond: (id = 4035175)

table 4 : explain SELECT c FROM sbtest4 WHERE id=9525735
	Index Scan using sbtest4_pkey on sbtest4  (cost=0.43..8.45 rows=1 width=121)
	  Index Cond: (id = 9525735)

table 5 : explain SELECT c FROM sbtest5 WHERE id=8920749
	Index Scan using sbtest5_pkey on sbtest5  (cost=0.43..8.45 rows=1 width=121)
	  Index Cond: (id = 8920749)

table 6 : explain SELECT c FROM sbtest6 WHERE id=1717360
	Index Scan using sbtest6_pkey on sbtest6  (cost=0.43..8.45 rows=1 width=121)
	  Index Cond: (id = 1717360)

table 7 : explain SELECT c FROM sbtest7 WHERE id=1098316
	Index Scan using sbtest7_pkey on sbtest7  (cost=0.43..8.45 rows=1 width=121)
	  Index Cond: (id = 1098316)

table 8 : explain SELECT c FROM sbtest8 WHERE id=8064458
	Index Scan using sbtest8_pkey on sbtest8  (cost=0.43..8.45 rows=1 width=121)
	  Index Cond: (id = 8064458)

explain: for point_selects :: explain SELECT c FROM sbtest%u WHERE id=%u
for: simple_ranges
table 1 : explain SELECT c FROM sbtest1 WHERE id BETWEEN 3368558 AND 3369557
	Bitmap Heap Scan on sbtest1  (cost=34.28..3726.87 rows=960 width=121)
	  Recheck Cond: ((id >= 3368558) AND (id <= 3369557))
	  ->  Bitmap Index Scan on sbtest1_pkey  (cost=0.00..34.04 rows=960 width=0)
	        Index Cond: ((id >= 3368558) AND (id <= 3369557))

table 2 : explain SELECT c FROM sbtest2 WHERE id BETWEEN 9922505 AND 9923504
	Bitmap Heap Scan on sbtest2  (cost=35.23..4076.71 rows=1053 width=121)
	  Recheck Cond: ((id >= 9922505) AND (id <= 9923504))
	  ->  Bitmap Index Scan on sbtest2_pkey  (cost=0.00..34.97 rows=1053 width=0)
	        Index Cond: ((id >= 9922505) AND (id <= 9923504))

table 3 : explain SELECT c FROM sbtest3 WHERE id BETWEEN 3047920 AND 3048919
	Bitmap Heap Scan on sbtest3  (cost=34.07..3652.90 rows=940 width=121)
	  Recheck Cond: ((id >= 3047920) AND (id <= 3048919))
	  ->  Bitmap Index Scan on sbtest3_pkey  (cost=0.00..33.84 rows=940 width=0)
	        Index Cond: ((id >= 3047920) AND (id <= 3048919))

table 4 : explain SELECT c FROM sbtest4 WHERE id BETWEEN 2804250 AND 2805249
	Bitmap Heap Scan on sbtest4  (cost=35.64..4233.43 rows=1093 width=121)
	  Recheck Cond: ((id >= 2804250) AND (id <= 2805249))
	  ->  Bitmap Index Scan on sbtest4_pkey  (cost=0.00..35.37 rows=1093 width=0)
	        Index Cond: ((id >= 2804250) AND (id <= 2805249))

table 5 : explain SELECT c FROM sbtest5 WHERE id BETWEEN 2002106 AND 2003105
	Bitmap Heap Scan on sbtest5  (cost=29.37..3387.08 rows=872 width=121)
	  Recheck Cond: ((id >= 2002106) AND (id <= 2003105))
	  ->  Bitmap Index Scan on sbtest5_pkey  (cost=0.00..29.15 rows=872 width=0)
	        Index Cond: ((id >= 2002106) AND (id <= 2003105))

table 6 : explain SELECT c FROM sbtest6 WHERE id BETWEEN 7622012 AND 7623011
	Bitmap Heap Scan on sbtest6  (cost=34.84..3933.88 rows=1015 width=121)
	  Recheck Cond: ((id >= 7622012) AND (id <= 7623011))
	  ->  Bitmap Index Scan on sbtest6_pkey  (cost=0.00..34.59 rows=1015 width=0)
	        Index Cond: ((id >= 7622012) AND (id <= 7623011))

table 7 : explain SELECT c FROM sbtest7 WHERE id BETWEEN 9466520 AND 9467519
	Bitmap Heap Scan on sbtest7  (cost=35.49..4181.38 rows=1079 width=121)
	  Recheck Cond: ((id >= 9466520) AND (id <= 9467519))
	  ->  Bitmap Index Scan on sbtest7_pkey  (cost=0.00..35.23 rows=1079 width=0)
	        Index Cond: ((id >= 9466520) AND (id <= 9467519))

table 8 : explain SELECT c FROM sbtest8 WHERE id BETWEEN 2494569 AND 2495568
	Bitmap Heap Scan on sbtest8  (cost=35.05..4017.36 rows=1036 width=121)
	  Recheck Cond: ((id >= 2494569) AND (id <= 2495568))
	  ->  Bitmap Index Scan on sbtest8_pkey  (cost=0.00..34.80 rows=1036 width=0)
	        Index Cond: ((id >= 2494569) AND (id <= 2495568))

for: simple_ranges
table 1 : explain SELECT c FROM sbtest1 WHERE id BETWEEN 8315149 AND 8316148
	Bitmap Heap Scan on sbtest1  (cost=35.35..4122.91 rows=1065 width=121)
	  Recheck Cond: ((id >= 8315149) AND (id <= 8316148))
	  ->  Bitmap Index Scan on sbtest1_pkey  (cost=0.00..35.09 rows=1065 width=0)
	        Index Cond: ((id >= 8315149) AND (id <= 8316148))

table 2 : explain SELECT c FROM sbtest2 WHERE id BETWEEN 9208345 AND 9209344
	Bitmap Heap Scan on sbtest2  (cost=34.23..3710.88 rows=956 width=121)
	  Recheck Cond: ((id >= 9208345) AND (id <= 9209344))
	  ->  Bitmap Index Scan on sbtest2_pkey  (cost=0.00..34.00 rows=956 width=0)
	        Index Cond: ((id >= 9208345) AND (id <= 9209344))

table 3 : explain SELECT c FROM sbtest3 WHERE id BETWEEN 4553048 AND 4554047
	Bitmap Heap Scan on sbtest3  (cost=34.35..3755.01 rows=967 width=121)
	  Recheck Cond: ((id >= 4553048) AND (id <= 4554047))
	  ->  Bitmap Index Scan on sbtest3_pkey  (cost=0.00..34.11 rows=967 width=0)
	        Index Cond: ((id >= 4553048) AND (id <= 4554047))

table 4 : explain SELECT c FROM sbtest4 WHERE id BETWEEN 9649858 AND 9650857
	Bitmap Heap Scan on sbtest4  (cost=34.49..3810.56 rows=981 width=121)
	  Recheck Cond: ((id >= 9649858) AND (id <= 9650857))
	  ->  Bitmap Index Scan on sbtest4_pkey  (cost=0.00..34.25 rows=981 width=0)
	        Index Cond: ((id >= 9649858) AND (id <= 9650857))

table 5 : explain SELECT c FROM sbtest5 WHERE id BETWEEN 1543478 AND 1544477
	Bitmap Heap Scan on sbtest5  (cost=34.14..3674.59 rows=947 width=121)
	  Recheck Cond: ((id >= 1543478) AND (id <= 1544477))
	  ->  Bitmap Index Scan on sbtest5_pkey  (cost=0.00..33.91 rows=947 width=0)
	        Index Cond: ((id >= 1543478) AND (id <= 1544477))

table 6 : explain SELECT c FROM sbtest6 WHERE id BETWEEN 1406071 AND 1407070
	Bitmap Heap Scan on sbtest6  (cost=40.53..4554.63 rows=1180 width=121)
	  Recheck Cond: ((id >= 1406071) AND (id <= 1407070))
	  ->  Bitmap Index Scan on sbtest6_pkey  (cost=0.00..40.23 rows=1180 width=0)
	        Index Cond: ((id >= 1406071) AND (id <= 1407070))

table 7 : explain SELECT c FROM sbtest7 WHERE id BETWEEN 3690536 AND 3691535
	Bitmap Heap Scan on sbtest7  (cost=33.92..3599.13 rows=925 width=121)
	  Recheck Cond: ((id >= 3690536) AND (id <= 3691535))
	  ->  Bitmap Index Scan on sbtest7_pkey  (cost=0.00..33.69 rows=925 width=0)
	        Index Cond: ((id >= 3690536) AND (id <= 3691535))

table 8 : explain SELECT c FROM sbtest8 WHERE id BETWEEN 397185 AND 398184
	Index Scan using sbtest8_pkey on sbtest8  (cost=0.43..3770.16 rows=962 width=121)
	  Index Cond: ((id >= 397185) AND (id <= 398184))

for: sum_ranges
table 1 : explain SELECT SUM(k) FROM sbtest1 WHERE id BETWEEN 2199234 AND 2200233
	Aggregate  (cost=4053.96..4053.97 rows=1 width=8)
	  ->  Bitmap Heap Scan on sbtest1  (cost=35.16..4051.35 rows=1046 width=4)
	        Recheck Cond: ((id >= 2199234) AND (id <= 2200233))
	        ->  Bitmap Index Scan on sbtest1_pkey  (cost=0.00..34.90 rows=1046 width=0)
	              Index Cond: ((id >= 2199234) AND (id <= 2200233))

table 2 : explain SELECT SUM(k) FROM sbtest2 WHERE id BETWEEN 6899848 AND 6900847
	Aggregate  (cost=4071.80..4071.81 rows=1 width=8)
	  ->  Bitmap Heap Scan on sbtest2  (cost=35.21..4069.18 rows=1051 width=4)
	        Recheck Cond: ((id >= 6899848) AND (id <= 6900847))
	        ->  Bitmap Index Scan on sbtest2_pkey  (cost=0.00..34.95 rows=1051 width=0)
	              Index Cond: ((id >= 6899848) AND (id <= 6900847))

table 3 : explain SELECT SUM(k) FROM sbtest3 WHERE id BETWEEN 4984723 AND 4985722
	Aggregate  (cost=4093.59..4093.60 rows=1 width=8)
	  ->  Bitmap Heap Scan on sbtest3  (cost=35.26..4090.95 rows=1056 width=4)
	        Recheck Cond: ((id >= 4984723) AND (id <= 4985722))
	        ->  Bitmap Index Scan on sbtest3_pkey  (cost=0.00..35.00 rows=1056 width=0)
	              Index Cond: ((id >= 4984723) AND (id <= 4985722))

table 4 : explain SELECT SUM(k) FROM sbtest4 WHERE id BETWEEN 5794271 AND 5795270
	Aggregate  (cost=3786.51..3786.52 rows=1 width=8)
	  ->  Bitmap Heap Scan on sbtest4  (cost=34.42..3784.08 rows=974 width=4)
	        Recheck Cond: ((id >= 5794271) AND (id <= 5795270))
	        ->  Bitmap Index Scan on sbtest4_pkey  (cost=0.00..34.18 rows=974 width=0)
	              Index Cond: ((id >= 5794271) AND (id <= 5795270))

table 5 : explain SELECT SUM(k) FROM sbtest5 WHERE id BETWEEN 4621195 AND 4622194
	Aggregate  (cost=4050.31..4050.32 rows=1 width=8)
	  ->  Bitmap Heap Scan on sbtest5  (cost=35.16..4047.69 rows=1046 width=4)
	        Recheck Cond: ((id >= 4621195) AND (id <= 4622194))
	        ->  Bitmap Index Scan on sbtest5_pkey  (cost=0.00..34.90 rows=1046 width=0)
	              Index Cond: ((id >= 4621195) AND (id <= 4622194))

table 6 : explain SELECT SUM(k) FROM sbtest6 WHERE id BETWEEN 2943623 AND 2944622
	Aggregate  (cost=3932.64..3932.65 rows=1 width=8)
	  ->  Bitmap Heap Scan on sbtest6  (cost=34.83..3930.11 rows=1014 width=4)
	        Recheck Cond: ((id >= 2943623) AND (id <= 2944622))
	        ->  Bitmap Index Scan on sbtest6_pkey  (cost=0.00..34.58 rows=1014 width=0)
	              Index Cond: ((id >= 2943623) AND (id <= 2944622))

table 7 : explain SELECT SUM(k) FROM sbtest7 WHERE id BETWEEN 6785962 AND 6786961
	Aggregate  (cost=4044.36..4044.37 rows=1 width=8)
	  ->  Bitmap Heap Scan on sbtest7  (cost=35.12..4041.75 rows=1042 width=4)
	        Recheck Cond: ((id >= 6785962) AND (id <= 6786961))
	        ->  Bitmap Index Scan on sbtest7_pkey  (cost=0.00..34.86 rows=1042 width=0)
	              Index Cond: ((id >= 6785962) AND (id <= 6786961))

table 8 : explain SELECT SUM(k) FROM sbtest8 WHERE id BETWEEN 6345424 AND 6346423
	Aggregate  (cost=3978.40..3978.41 rows=1 width=8)
	  ->  Bitmap Heap Scan on sbtest8  (cost=34.94..3975.84 rows=1025 width=4)
	        Recheck Cond: ((id >= 6345424) AND (id <= 6346423))
	        ->  Bitmap Index Scan on sbtest8_pkey  (cost=0.00..34.69 rows=1025 width=0)
	              Index Cond: ((id >= 6345424) AND (id <= 6346423))

for: simple_ranges
table 1 : explain SELECT c FROM sbtest1 WHERE id BETWEEN 6738015 AND 6739014
	Bitmap Heap Scan on sbtest1  (cost=34.31..3738.21 rows=963 width=121)
	  Recheck Cond: ((id >= 6738015) AND (id <= 6739014))
	  ->  Bitmap Index Scan on sbtest1_pkey  (cost=0.00..34.07 rows=963 width=0)
	        Index Cond: ((id >= 6738015) AND (id <= 6739014))

table 2 : explain SELECT c FROM sbtest2 WHERE id BETWEEN 1975960 AND 1976959
	Bitmap Heap Scan on sbtest2  (cost=34.31..3737.32 rows=963 width=121)
	  Recheck Cond: ((id >= 1975960) AND (id <= 1976959))
	  ->  Bitmap Index Scan on sbtest2_pkey  (cost=0.00..34.07 rows=963 width=0)
	        Index Cond: ((id >= 1975960) AND (id <= 1976959))

table 3 : explain SELECT c FROM sbtest3 WHERE id BETWEEN 93474 AND 94473
	Bitmap Heap Scan on sbtest3  (cost=34.75..3902.34 rows=1006 width=121)
	  Recheck Cond: ((id >= 93474) AND (id <= 94473))
	  ->  Bitmap Index Scan on sbtest3_pkey  (cost=0.00..34.50 rows=1006 width=0)
	        Index Cond: ((id >= 93474) AND (id <= 94473))

table 4 : explain SELECT c FROM sbtest4 WHERE id BETWEEN 1080334 AND 1081333
	Bitmap Heap Scan on sbtest4  (cost=35.44..4161.80 rows=1074 width=121)
	  Recheck Cond: ((id >= 1080334) AND (id <= 1081333))
	  ->  Bitmap Index Scan on sbtest4_pkey  (cost=0.00..35.18 rows=1074 width=0)
	        Index Cond: ((id >= 1080334) AND (id <= 1081333))

table 5 : explain SELECT c FROM sbtest5 WHERE id BETWEEN 9461822 AND 9462821
	Bitmap Heap Scan on sbtest5  (cost=35.01..3995.01 rows=1032 width=121)
	  Recheck Cond: ((id >= 9461822) AND (id <= 9462821))
	  ->  Bitmap Index Scan on sbtest5_pkey  (cost=0.00..34.76 rows=1032 width=0)
	        Index Cond: ((id >= 9461822) AND (id <= 9462821))

table 6 : explain SELECT c FROM sbtest6 WHERE id BETWEEN 5794299 AND 5795298
	Bitmap Heap Scan on sbtest6  (cost=34.81..3922.57 rows=1012 width=121)
	  Recheck Cond: ((id >= 5794299) AND (id <= 5795298))
	  ->  Bitmap Index Scan on sbtest6_pkey  (cost=0.00..34.56 rows=1012 width=0)
	        Index Cond: ((id >= 5794299) AND (id <= 5795298))

table 7 : explain SELECT c FROM sbtest7 WHERE id BETWEEN 2239430 AND 2240429
	Bitmap Heap Scan on sbtest7  (cost=39.88..4328.62 rows=1117 width=121)
	  Recheck Cond: ((id >= 2239430) AND (id <= 2240429))
	  ->  Bitmap Index Scan on sbtest7_pkey  (cost=0.00..39.61 rows=1117 width=0)
	        Index Cond: ((id >= 2239430) AND (id <= 2240429))

table 8 : explain SELECT c FROM sbtest8 WHERE id BETWEEN 559996 AND 560995
	Index Scan using sbtest8_pkey on sbtest8  (cost=0.43..3926.06 rows=1002 width=121)
	  Index Cond: ((id >= 559996) AND (id <= 560995))

for: simple_ranges
table 1 : explain SELECT c FROM sbtest1 WHERE id BETWEEN 598923 AND 599922
	Bitmap Heap Scan on sbtest1  (cost=29.76..3533.79 rows=910 width=121)
	  Recheck Cond: ((id >= 598923) AND (id <= 599922))
	  ->  Bitmap Index Scan on sbtest1_pkey  (cost=0.00..29.54 rows=910 width=0)
	        Index Cond: ((id >= 598923) AND (id <= 599922))

table 2 : explain SELECT c FROM sbtest2 WHERE id BETWEEN 7760153 AND 7761152
	Bitmap Heap Scan on sbtest2  (cost=34.46..3793.96 rows=978 width=121)
	  Recheck Cond: ((id >= 7760153) AND (id <= 7761152))
	  ->  Bitmap Index Scan on sbtest2_pkey  (cost=0.00..34.22 rows=978 width=0)
	        Index Cond: ((id >= 7760153) AND (id <= 7761152))

table 3 : explain SELECT c FROM sbtest3 WHERE id BETWEEN 9178356 AND 9179355
	Bitmap Heap Scan on sbtest3  (cost=35.02..4004.23 rows=1033 width=121)
	  Recheck Cond: ((id >= 9178356) AND (id <= 9179355))
	  ->  Bitmap Index Scan on sbtest3_pkey  (cost=0.00..34.77 rows=1033 width=0)
	        Index Cond: ((id >= 9178356) AND (id <= 9179355))

table 4 : explain SELECT c FROM sbtest4 WHERE id BETWEEN 2341232 AND 2342231
	Bitmap Heap Scan on sbtest4  (cost=34.77..3912.64 rows=1008 width=121)
	  Recheck Cond: ((id >= 2341232) AND (id <= 2342231))
	  ->  Bitmap Index Scan on sbtest4_pkey  (cost=0.00..34.52 rows=1008 width=0)
	        Index Cond: ((id >= 2341232) AND (id <= 2342231))

table 5 : explain SELECT c FROM sbtest5 WHERE id BETWEEN 1230537 AND 1231536
	Bitmap Heap Scan on sbtest5  (cost=34.58..3836.80 rows=990 width=121)
	  Recheck Cond: ((id >= 1230537) AND (id <= 1231536))
	  ->  Bitmap Index Scan on sbtest5_pkey  (cost=0.00..34.34 rows=990 width=0)
	        Index Cond: ((id >= 1230537) AND (id <= 1231536))

table 6 : explain SELECT c FROM sbtest6 WHERE id BETWEEN 9202481 AND 9203480
	Bitmap Heap Scan on sbtest6  (cost=34.92..3964.04 rows=1023 width=121)
	  Recheck Cond: ((id >= 9202481) AND (id <= 9203480))
	  ->  Bitmap Index Scan on sbtest6_pkey  (cost=0.00..34.67 rows=1023 width=0)
	        Index Cond: ((id >= 9202481) AND (id <= 9203480))

table 7 : explain SELECT c FROM sbtest7 WHERE id BETWEEN 6045062 AND 6046061
	Bitmap Heap Scan on sbtest7  (cost=34.35..3758.21 rows=967 width=121)
	  Recheck Cond: ((id >= 6045062) AND (id <= 6046061))
	  ->  Bitmap Index Scan on sbtest7_pkey  (cost=0.00..34.11 rows=967 width=0)
	        Index Cond: ((id >= 6045062) AND (id <= 6046061))

table 8 : explain SELECT c FROM sbtest8 WHERE id BETWEEN 2707581 AND 2708580
	Bitmap Heap Scan on sbtest8  (cost=35.27..4096.59 rows=1057 width=121)
	  Recheck Cond: ((id >= 2707581) AND (id <= 2708580))
	  ->  Bitmap Index Scan on sbtest8_pkey  (cost=0.00..35.01 rows=1057 width=0)
	        Index Cond: ((id >= 2707581) AND (id <= 2708580))

for point_selects
table 1 : explain SELECT c FROM sbtest1 WHERE id=734324
	Index Scan using sbtest1_pkey on sbtest1  (cost=0.43..8.45 rows=1 width=121)
	  Index Cond: (id = 734324)

table 2 : explain SELECT c FROM sbtest2 WHERE id=9139983
	Index Scan using sbtest2_pkey on sbtest2  (cost=0.43..8.45 rows=1 width=121)
	  Index Cond: (id = 9139983)

table 3 : explain SELECT c FROM sbtest3 WHERE id=7598789
	Index Scan using sbtest3_pkey on sbtest3  (cost=0.43..8.45 rows=1 width=121)
	  Index Cond: (id = 7598789)

table 4 : explain SELECT c FROM sbtest4 WHERE id=6729277
	Index Scan using sbtest4_pkey on sbtest4  (cost=0.43..8.45 rows=1 width=121)
	  Index Cond: (id = 6729277)

table 5 : explain SELECT c FROM sbtest5 WHERE id=143886
	Index Scan using sbtest5_pkey on sbtest5  (cost=0.43..8.45 rows=1 width=121)
	  Index Cond: (id = 143886)

table 6 : explain SELECT c FROM sbtest6 WHERE id=4881519
	Index Scan using sbtest6_pkey on sbtest6  (cost=0.43..8.45 rows=1 width=121)
	  Index Cond: (id = 4881519)

table 7 : explain SELECT c FROM sbtest7 WHERE id=484482
	Index Scan using sbtest7_pkey on sbtest7  (cost=0.43..8.45 rows=1 width=121)
	  Index Cond: (id = 484482)

table 8 : explain SELECT c FROM sbtest8 WHERE id=8160788
	Index Scan using sbtest8_pkey on sbtest8  (cost=0.43..8.45 rows=1 width=121)
	  Index Cond: (id = 8160788)

for: order_ranges
table 1 : explain SELECT c FROM sbtest1 WHERE id BETWEEN 9834282 AND 9835281 ORDER BY c
	Sort  (cost=3751.41..3753.80 rows=954 width=121)
	  Sort Key: c
	  ->  Bitmap Heap Scan on sbtest1  (cost=34.21..3704.20 rows=954 width=121)
	        Recheck Cond: ((id >= 9834282) AND (id <= 9835281))
	        ->  Bitmap Index Scan on sbtest1_pkey  (cost=0.00..33.98 rows=954 width=0)
	              Index Cond: ((id >= 9834282) AND (id <= 9835281))

table 2 : explain SELECT c FROM sbtest2 WHERE id BETWEEN 2556618 AND 2557617 ORDER BY c
	Sort  (cost=4144.86..4147.50 rows=1057 width=121)
	  Sort Key: c
	  ->  Bitmap Heap Scan on sbtest2  (cost=35.27..4091.77 rows=1057 width=121)
	        Recheck Cond: ((id >= 2556618) AND (id <= 2557617))
	        ->  Bitmap Index Scan on sbtest2_pkey  (cost=0.00..35.01 rows=1057 width=0)
	              Index Cond: ((id >= 2556618) AND (id <= 2557617))

table 3 : explain SELECT c FROM sbtest3 WHERE id BETWEEN 4662644 AND 4663643 ORDER BY c
	Sort  (cost=3998.49..4001.04 rows=1018 width=121)
	  Sort Key: c
	  ->  Bitmap Heap Scan on sbtest3  (cost=34.87..3947.64 rows=1018 width=121)
	        Recheck Cond: ((id >= 4662644) AND (id <= 4663643))
	        ->  Bitmap Index Scan on sbtest3_pkey  (cost=0.00..34.62 rows=1018 width=0)
	              Index Cond: ((id >= 4662644) AND (id <= 4663643))

table 4 : explain SELECT c FROM sbtest4 WHERE id BETWEEN 3580337 AND 3581336 ORDER BY c
	Sort  (cost=3794.02..3796.43 rows=964 width=121)
	  Sort Key: c
	  ->  Bitmap Heap Scan on sbtest4  (cost=34.32..3746.24 rows=964 width=121)
	        Recheck Cond: ((id >= 3580337) AND (id <= 3581336))
	        ->  Bitmap Index Scan on sbtest4_pkey  (cost=0.00..34.08 rows=964 width=0)
	              Index Cond: ((id >= 3580337) AND (id <= 3581336))

table 5 : explain SELECT c FROM sbtest5 WHERE id BETWEEN 3121422 AND 3122421 ORDER BY c
	Sort  (cost=4054.31..4056.89 rows=1034 width=121)
	  Sort Key: c
	  ->  Bitmap Heap Scan on sbtest5  (cost=35.03..4002.54 rows=1034 width=121)
	        Recheck Cond: ((id >= 3121422) AND (id <= 3122421))
	        ->  Bitmap Index Scan on sbtest5_pkey  (cost=0.00..34.78 rows=1034 width=0)
	              Index Cond: ((id >= 3121422) AND (id <= 3122421))

table 6 : explain SELECT c FROM sbtest6 WHERE id BETWEEN 4770682 AND 4771681 ORDER BY c
	Sort  (cost=4282.77..4285.50 rows=1093 width=121)
	  Sort Key: c
	  ->  Bitmap Heap Scan on sbtest6  (cost=35.64..4227.60 rows=1093 width=121)
	        Recheck Cond: ((id >= 4770682) AND (id <= 4771681))
	        ->  Bitmap Index Scan on sbtest6_pkey  (cost=0.00..35.37 rows=1093 width=0)
	              Index Cond: ((id >= 4770682) AND (id <= 4771681))

table 7 : explain SELECT c FROM sbtest7 WHERE id BETWEEN 2033527 AND 2034526 ORDER BY c
	Sort  (cost=3813.85..3816.27 rows=969 width=121)
	  Sort Key: c
	  ->  Bitmap Heap Scan on sbtest7  (cost=34.37..3765.78 rows=969 width=121)
	        Recheck Cond: ((id >= 2033527) AND (id <= 2034526))
	        ->  Bitmap Index Scan on sbtest7_pkey  (cost=0.00..34.12 rows=969 width=0)
	              Index Cond: ((id >= 2033527) AND (id <= 2034526))

table 8 : explain SELECT c FROM sbtest8 WHERE id BETWEEN 3540227 AND 3541226 ORDER BY c
	Sort  (cost=3667.55..3669.86 rows=924 width=121)
	  Sort Key: c
	  ->  Index Scan using sbtest8_pkey on sbtest8  (cost=0.43..3622.03 rows=924 width=121)
	        Index Cond: ((id >= 3540227) AND (id <= 3541226))

explain: for point_selects :: explain SELECT c FROM sbtest%u WHERE id=%u
for: order_ranges
table 1 : explain SELECT c FROM sbtest1 WHERE id BETWEEN 9196831 AND 9197830 ORDER BY c
	Sort  (cost=3774.43..3776.83 rows=960 width=121)
	  Sort Key: c
	  ->  Bitmap Heap Scan on sbtest1  (cost=34.28..3726.87 rows=960 width=121)
	        Recheck Cond: ((id >= 9196831) AND (id <= 9197830))
	        ->  Bitmap Index Scan on sbtest1_pkey  (cost=0.00..34.04 rows=960 width=0)
	              Index Cond: ((id >= 9196831) AND (id <= 9197830))

table 2 : explain SELECT c FROM sbtest2 WHERE id BETWEEN 8418286 AND 8419285 ORDER BY c
	Sort  (cost=3926.80..3929.30 rows=1000 width=121)
	  Sort Key: c
	  ->  Bitmap Heap Scan on sbtest2  (cost=34.69..3876.97 rows=1000 width=121)
	        Recheck Cond: ((id >= 8418286) AND (id <= 8419285))
	        ->  Bitmap Index Scan on sbtest2_pkey  (cost=0.00..34.44 rows=1000 width=0)
	              Index Cond: ((id >= 8418286) AND (id <= 8419285))

table 3 : explain SELECT c FROM sbtest3 WHERE id BETWEEN 597573 AND 598572 ORDER BY c
	Sort  (cost=4009.99..4012.54 rows=1021 width=121)
	  Sort Key: c
	  ->  Bitmap Heap Scan on sbtest3  (cost=34.90..3958.96 rows=1021 width=121)
	        Recheck Cond: ((id >= 597573) AND (id <= 598572))
	        ->  Bitmap Index Scan on sbtest3_pkey  (cost=0.00..34.65 rows=1021 width=0)
	              Index Cond: ((id >= 597573) AND (id <= 598572))

table 4 : explain SELECT c FROM sbtest4 WHERE id BETWEEN 8787646 AND 8788645 ORDER BY c
	Sort  (cost=3797.86..3800.27 rows=965 width=121)
	  Sort Key: c
	  ->  Bitmap Heap Scan on sbtest4  (cost=34.33..3750.02 rows=965 width=121)
	        Recheck Cond: ((id >= 8787646) AND (id <= 8788645))
	        ->  Bitmap Index Scan on sbtest4_pkey  (cost=0.00..34.09 rows=965 width=0)
	              Index Cond: ((id >= 8787646) AND (id <= 8788645))

table 5 : explain SELECT c FROM sbtest5 WHERE id BETWEEN 6629275 AND 6630274 ORDER BY c
	Sort  (cost=3985.51..3988.05 rows=1016 width=121)
	  Sort Key: c
	  ->  Bitmap Heap Scan on sbtest5  (cost=34.85..3934.77 rows=1016 width=121)
	        Recheck Cond: ((id >= 6629275) AND (id <= 6630274))
	        ->  Bitmap Index Scan on sbtest5_pkey  (cost=0.00..34.59 rows=1016 width=0)
	              Index Cond: ((id >= 6629275) AND (id <= 6630274))

table 6 : explain SELECT c FROM sbtest6 WHERE id BETWEEN 8129724 AND 8130723 ORDER BY c
	Sort  (cost=3762.36..3764.75 rows=957 width=121)
	  Sort Key: c
	  ->  Bitmap Heap Scan on sbtest6  (cost=34.24..3714.97 rows=957 width=121)
	        Recheck Cond: ((id >= 8129724) AND (id <= 8130723))
	        ->  Bitmap Index Scan on sbtest6_pkey  (cost=0.00..34.01 rows=957 width=0)
	              Index Cond: ((id >= 8129724) AND (id <= 8130723))

table 7 : explain SELECT c FROM sbtest7 WHERE id BETWEEN 4253874 AND 4254873 ORDER BY c
	Sort  (cost=4001.95..4004.49 rows=1018 width=121)
	  Sort Key: c
	  ->  Bitmap Heap Scan on sbtest7  (cost=34.87..3951.09 rows=1018 width=121)
	        Recheck Cond: ((id >= 4253874) AND (id <= 4254873))
	        ->  Bitmap Index Scan on sbtest7_pkey  (cost=0.00..34.62 rows=1018 width=0)
	              Index Cond: ((id >= 4253874) AND (id <= 4254873))

table 8 : explain SELECT c FROM sbtest8 WHERE id BETWEEN 5414551 AND 5415550 ORDER BY c
	Sort  (cost=3782.22..3784.60 rows=953 width=121)
	  Sort Key: c
	  ->  Index Scan using sbtest8_pkey on sbtest8  (cost=0.43..3735.06 rows=953 width=121)
	        Index Cond: ((id >= 5414551) AND (id <= 5415550))

for: order_ranges
table 1 : explain SELECT c FROM sbtest1 WHERE id BETWEEN 7806970 AND 7807969 ORDER BY c
	Sort  (cost=3743.74..3746.12 rows=952 width=121)
	  Sort Key: c
	  ->  Bitmap Heap Scan on sbtest1  (cost=34.19..3696.64 rows=952 width=121)
	        Recheck Cond: ((id >= 7806970) AND (id <= 7807969))
	        ->  Bitmap Index Scan on sbtest1_pkey  (cost=0.00..33.95 rows=952 width=0)
	              Index Cond: ((id >= 7806970) AND (id <= 7807969))

table 2 : explain SELECT c FROM sbtest2 WHERE id BETWEEN 8248181 AND 8249180 ORDER BY c
	Sort  (cost=4026.31..4028.88 rows=1026 width=121)
	  Sort Key: c
	  ->  Bitmap Heap Scan on sbtest2  (cost=34.95..3975.00 rows=1026 width=121)
	        Recheck Cond: ((id >= 8248181) AND (id <= 8249180))
	        ->  Bitmap Index Scan on sbtest2_pkey  (cost=0.00..34.70 rows=1026 width=0)
	              Index Cond: ((id >= 8248181) AND (id <= 8249180))

table 3 : explain SELECT c FROM sbtest3 WHERE id BETWEEN 15005 AND 16004 ORDER BY c
	Sort  (cost=3952.51..3955.03 rows=1006 width=121)
	  Sort Key: c
	  ->  Bitmap Heap Scan on sbtest3  (cost=34.75..3902.34 rows=1006 width=121)
	        Recheck Cond: ((id >= 15005) AND (id <= 16004))
	        ->  Bitmap Index Scan on sbtest3_pkey  (cost=0.00..34.50 rows=1006 width=0)
	              Index Cond: ((id >= 15005) AND (id <= 16004))

table 4 : explain SELECT c FROM sbtest4 WHERE id BETWEEN 1828604 AND 1829603 ORDER BY c
	Sort  (cost=4097.12..4099.73 rows=1043 width=121)
	  Sort Key: c
	  ->  Bitmap Heap Scan on sbtest4  (cost=35.13..4044.83 rows=1043 width=121)
	        Recheck Cond: ((id >= 1828604) AND (id <= 1829603))
	        ->  Bitmap Index Scan on sbtest4_pkey  (cost=0.00..34.87 rows=1043 width=0)
	              Index Cond: ((id >= 1828604) AND (id <= 1829603))

table 5 : explain SELECT c FROM sbtest5 WHERE id BETWEEN 3218214 AND 3219213 ORDER BY c
	Sort  (cost=4172.71..4175.37 rows=1065 width=121)
	  Sort Key: c
	  ->  Bitmap Heap Scan on sbtest5  (cost=35.35..4119.16 rows=1065 width=121)
	        Recheck Cond: ((id >= 3218214) AND (id <= 3219213))
	        ->  Bitmap Index Scan on sbtest5_pkey  (cost=0.00..35.09 rows=1065 width=0)
	              Index Cond: ((id >= 3218214) AND (id <= 3219213))

table 6 : explain SELECT c FROM sbtest6 WHERE id BETWEEN 3650849 AND 3651848 ORDER BY c
	Sort  (cost=4171.98..4174.64 rows=1064 width=121)
	  Sort Key: c
	  ->  Bitmap Heap Scan on sbtest6  (cost=35.34..4118.48 rows=1064 width=121)
	        Recheck Cond: ((id >= 3650849) AND (id <= 3651848))
	        ->  Bitmap Index Scan on sbtest6_pkey  (cost=0.00..35.08 rows=1064 width=0)
	              Index Cond: ((id >= 3650849) AND (id <= 3651848))

table 7 : explain SELECT c FROM sbtest7 WHERE id BETWEEN 1141926 AND 1142925 ORDER BY c
	Sort  (cost=3763.89..3766.28 rows=956 width=121)
	  Sort Key: c
	  ->  Bitmap Heap Scan on sbtest7  (cost=34.23..3716.57 rows=956 width=121)
	        Recheck Cond: ((id >= 1141926) AND (id <= 1142925))
	        ->  Bitmap Index Scan on sbtest7_pkey  (cost=0.00..34.00 rows=956 width=0)
	              Index Cond: ((id >= 1141926) AND (id <= 1142925))

table 8 : explain SELECT c FROM sbtest8 WHERE id BETWEEN 3920118 AND 3921117 ORDER BY c
	Sort  (cost=4207.11..4209.79 rows=1072 width=121)
	  Sort Key: c
	  ->  Bitmap Heap Scan on sbtest8  (cost=35.42..4153.15 rows=1072 width=121)
	        Recheck Cond: ((id >= 3920118) AND (id <= 3921117))
	        ->  Bitmap Index Scan on sbtest8_pkey  (cost=0.00..35.16 rows=1072 width=0)
	              Index Cond: ((id >= 3920118) AND (id <= 3921117))

for: sum_ranges
table 1 : explain SELECT SUM(k) FROM sbtest1 WHERE id BETWEEN 2402093 AND 2403092
	Aggregate  (cost=3838.87..3838.88 rows=1 width=8)
	  ->  Bitmap Heap Scan on sbtest1  (cost=34.57..3836.39 rows=989 width=4)
	        Recheck Cond: ((id >= 2402093) AND (id <= 2403092))
	        ->  Bitmap Index Scan on sbtest1_pkey  (cost=0.00..34.33 rows=989 width=0)
	              Index Cond: ((id >= 2402093) AND (id <= 2403092))

table 2 : explain SELECT SUM(k) FROM sbtest2 WHERE id BETWEEN 4657167 AND 4658166
	Aggregate  (cost=3819.06..3819.07 rows=1 width=8)
	  ->  Bitmap Heap Scan on sbtest2  (cost=34.52..3816.60 rows=984 width=4)
	        Recheck Cond: ((id >= 4657167) AND (id <= 4658166))
	        ->  Bitmap Index Scan on sbtest2_pkey  (cost=0.00..34.28 rows=984 width=0)
	              Index Cond: ((id >= 4657167) AND (id <= 4658166))

table 3 : explain SELECT SUM(k) FROM sbtest3 WHERE id BETWEEN 1291442 AND 1292441
	Aggregate  (cost=3742.30..3742.31 rows=1 width=8)
	  ->  Bitmap Heap Scan on sbtest3  (cost=34.31..3739.89 rows=963 width=4)
	        Recheck Cond: ((id >= 1291442) AND (id <= 1292441))
	        ->  Bitmap Index Scan on sbtest3_pkey  (cost=0.00..34.07 rows=963 width=0)
	              Index Cond: ((id >= 1291442) AND (id <= 1292441))

table 4 : explain SELECT SUM(k) FROM sbtest4 WHERE id BETWEEN 9662448 AND 9663447
	Aggregate  (cost=3813.01..3813.02 rows=1 width=8)
	  ->  Bitmap Heap Scan on sbtest4  (cost=34.49..3810.56 rows=981 width=4)
	        Recheck Cond: ((id >= 9662448) AND (id <= 9663447))
	        ->  Bitmap Index Scan on sbtest4_pkey  (cost=0.00..34.25 rows=981 width=0)
	              Index Cond: ((id >= 9662448) AND (id <= 9663447))

table 5 : explain SELECT SUM(k) FROM sbtest5 WHERE id BETWEEN 8330986 AND 8331985
	Aggregate  (cost=3993.82..3993.83 rows=1 width=8)
	  ->  Bitmap Heap Scan on sbtest5  (cost=35.00..3991.24 rows=1031 width=4)
	        Recheck Cond: ((id >= 8330986) AND (id <= 8331985))
	        ->  Bitmap Index Scan on sbtest5_pkey  (cost=0.00..34.75 rows=1031 width=0)
	              Index Cond: ((id >= 8330986) AND (id <= 8331985))

table 6 : explain SELECT SUM(k) FROM sbtest6 WHERE id BETWEEN 3761579 AND 3762578
	Aggregate  (cost=4087.24..4087.25 rows=1 width=8)
	  ->  Bitmap Heap Scan on sbtest6  (cost=35.25..4084.60 rows=1055 width=4)
	        Recheck Cond: ((id >= 3761579) AND (id <= 3762578))
	        ->  Bitmap Index Scan on sbtest6_pkey  (cost=0.00..34.98 rows=1055 width=0)
	              Index Cond: ((id >= 3761579) AND (id <= 3762578))

table 7 : explain SELECT SUM(k) FROM sbtest7 WHERE id BETWEEN 8441085 AND 8442084
	Aggregate  (cost=3525.35..3525.36 rows=1 width=8)
	  ->  Bitmap Heap Scan on sbtest7  (cost=29.72..3523.09 rows=906 width=4)
	        Recheck Cond: ((id >= 8441085) AND (id <= 8442084))
	        ->  Bitmap Index Scan on sbtest7_pkey  (cost=0.00..29.50 rows=906 width=0)
	              Index Cond: ((id >= 8441085) AND (id <= 8442084))

table 8 : explain SELECT SUM(k) FROM sbtest8 WHERE id BETWEEN 2935876 AND 2936875
	Aggregate  (cost=4148.29..4148.30 rows=1 width=8)
	  ->  Bitmap Heap Scan on sbtest8  (cost=35.40..4145.61 rows=1070 width=4)
	        Recheck Cond: ((id >= 2935876) AND (id <= 2936875))
	        ->  Bitmap Index Scan on sbtest8_pkey  (cost=0.00..35.14 rows=1070 width=0)
	              Index Cond: ((id >= 2935876) AND (id <= 2936875))

for point_selects
table 1 : explain SELECT c FROM sbtest1 WHERE id=5699427
	Index Scan using sbtest1_pkey on sbtest1  (cost=0.43..8.45 rows=1 width=121)
	  Index Cond: (id = 5699427)

table 2 : explain SELECT c FROM sbtest2 WHERE id=9461787
	Index Scan using sbtest2_pkey on sbtest2  (cost=0.43..8.45 rows=1 width=121)
	  Index Cond: (id = 9461787)

table 3 : explain SELECT c FROM sbtest3 WHERE id=4417470
	Index Scan using sbtest3_pkey on sbtest3  (cost=0.43..8.45 rows=1 width=121)
	  Index Cond: (id = 4417470)

table 4 : explain SELECT c FROM sbtest4 WHERE id=5092533
	Index Scan using sbtest4_pkey on sbtest4  (cost=0.43..8.45 rows=1 width=121)
	  Index Cond: (id = 5092533)

table 5 : explain SELECT c FROM sbtest5 WHERE id=3067868
	Index Scan using sbtest5_pkey on sbtest5  (cost=0.43..8.45 rows=1 width=121)
	  Index Cond: (id = 3067868)

table 6 : explain SELECT c FROM sbtest6 WHERE id=8049599
	Index Scan using sbtest6_pkey on sbtest6  (cost=0.43..8.45 rows=1 width=121)
	  Index Cond: (id = 8049599)

table 7 : explain SELECT c FROM sbtest7 WHERE id=7937222
	Index Scan using sbtest7_pkey on sbtest7  (cost=0.43..8.45 rows=1 width=121)
	  Index Cond: (id = 7937222)

table 8 : explain SELECT c FROM sbtest8 WHERE id=5028065
	Index Scan using sbtest8_pkey on sbtest8  (cost=0.43..8.45 rows=1 width=121)
	  Index Cond: (id = 5028065)

for: sum_ranges
table 1 : explain SELECT SUM(k) FROM sbtest1 WHERE id BETWEEN 5811325 AND 5812324
	Aggregate  (cost=3891.73..3891.74 rows=1 width=8)
	  ->  Bitmap Heap Scan on sbtest1  (cost=34.72..3889.23 rows=1003 width=4)
	        Recheck Cond: ((id >= 5811325) AND (id <= 5812324))
	        ->  Bitmap Index Scan on sbtest1_pkey  (cost=0.00..34.47 rows=1003 width=0)
	              Index Cond: ((id >= 5811325) AND (id <= 5812324))

table 2 : explain SELECT SUM(k) FROM sbtest2 WHERE id BETWEEN 9185954 AND 9186953
	Aggregate  (cost=3713.27..3713.28 rows=1 width=8)
	  ->  Bitmap Heap Scan on sbtest2  (cost=34.23..3710.88 rows=956 width=4)
	        Recheck Cond: ((id >= 9185954) AND (id <= 9186953))
	        ->  Bitmap Index Scan on sbtest2_pkey  (cost=0.00..34.00 rows=956 width=0)
	              Index Cond: ((id >= 9185954) AND (id <= 9186953))

table 3 : explain SELECT SUM(k) FROM sbtest3 WHERE id BETWEEN 3278201 AND 3279200
	Aggregate  (cost=3621.17..3621.18 rows=1 width=8)
	  ->  Bitmap Heap Scan on sbtest3  (cost=33.98..3618.84 rows=931 width=4)
	        Recheck Cond: ((id >= 3278201) AND (id <= 3279200))
	        ->  Bitmap Index Scan on sbtest3_pkey  (cost=0.00..33.75 rows=931 width=0)
	              Index Cond: ((id >= 3278201) AND (id <= 3279200))

table 4 : explain SELECT SUM(k) FROM sbtest4 WHERE id BETWEEN 941215 AND 942214
	Aggregate  (cost=3676.67..3676.68 rows=1 width=8)
	  ->  Bitmap Heap Scan on sbtest4  (cost=34.12..3674.31 rows=945 width=4)
	        Recheck Cond: ((id >= 941215) AND (id <= 942214))
	        ->  Bitmap Index Scan on sbtest4_pkey  (cost=0.00..33.89 rows=945 width=0)
	              Index Cond: ((id >= 941215) AND (id <= 942214))

table 5 : explain SELECT SUM(k) FROM sbtest5 WHERE id BETWEEN 873482 AND 874481
	Aggregate  (cost=3956.15..3956.16 rows=1 width=8)
	  ->  Bitmap Heap Scan on sbtest5  (cost=34.90..3953.59 rows=1021 width=4)
	        Recheck Cond: ((id >= 873482) AND (id <= 874481))
	        ->  Bitmap Index Scan on sbtest5_pkey  (cost=0.00..34.65 rows=1021 width=0)
	              Index Cond: ((id >= 873482) AND (id <= 874481))

table 6 : explain SELECT SUM(k) FROM sbtest6 WHERE id BETWEEN 9860827 AND 9861826
	Aggregate  (cost=4188.93..4188.94 rows=1 width=8)
	  ->  Bitmap Heap Scan on sbtest6  (cost=35.53..4186.22 rows=1082 width=4)
	        Recheck Cond: ((id >= 9860827) AND (id <= 9861826))
	        ->  Bitmap Index Scan on sbtest6_pkey  (cost=0.00..35.26 rows=1082 width=0)
	              Index Cond: ((id >= 9860827) AND (id <= 9861826))

table 7 : explain SELECT SUM(k) FROM sbtest7 WHERE id BETWEEN 1622289 AND 1623288
	Aggregate  (cost=4014.12..4014.13 rows=1 width=8)
	  ->  Bitmap Heap Scan on sbtest7  (cost=35.03..4011.54 rows=1034 width=4)
	        Recheck Cond: ((id >= 1622289) AND (id <= 1623288))
	        ->  Bitmap Index Scan on sbtest7_pkey  (cost=0.00..34.78 rows=1034 width=0)
	              Index Cond: ((id >= 1622289) AND (id <= 1623288))

table 8 : explain SELECT SUM(k) FROM sbtest8 WHERE id BETWEEN 7464370 AND 7465369
	Aggregate  (cost=4002.68..4002.69 rows=1 width=8)
	  ->  Index Scan using sbtest8_pkey on sbtest8  (cost=0.43..4000.12 rows=1021 width=4)
	        Index Cond: ((id >= 7464370) AND (id <= 7465369))

for: sum_ranges
table 1 : explain SELECT SUM(k) FROM sbtest1 WHERE id BETWEEN 1290435 AND 1291434
	Aggregate  (cost=3880.41..3880.42 rows=1 width=8)
	  ->  Bitmap Heap Scan on sbtest1  (cost=34.69..3877.91 rows=1000 width=4)
	        Recheck Cond: ((id >= 1290435) AND (id <= 1291434))
	        ->  Bitmap Index Scan on sbtest1_pkey  (cost=0.00..34.44 rows=1000 width=0)
	              Index Cond: ((id >= 1290435) AND (id <= 1291434))

table 2 : explain SELECT SUM(k) FROM sbtest2 WHERE id BETWEEN 8039116 AND 8040115
	Aggregate  (cost=4199.85..4199.86 rows=1 width=8)
	  ->  Bitmap Heap Scan on sbtest2  (cost=35.56..4197.13 rows=1085 width=4)
	        Recheck Cond: ((id >= 8039116) AND (id <= 8040115))
	        ->  Bitmap Index Scan on sbtest2_pkey  (cost=0.00..35.29 rows=1085 width=0)
	              Index Cond: ((id >= 8039116) AND (id <= 8040115))

table 3 : explain SELECT SUM(k) FROM sbtest3 WHERE id BETWEEN 4332177 AND 4333176
	Aggregate  (cost=4150.15..4150.16 rows=1 width=8)
	  ->  Bitmap Heap Scan on sbtest3  (cost=35.41..4147.47 rows=1071 width=4)
	        Recheck Cond: ((id >= 4332177) AND (id <= 4333176))
	        ->  Bitmap Index Scan on sbtest3_pkey  (cost=0.00..35.15 rows=1071 width=0)
	              Index Cond: ((id >= 4332177) AND (id <= 4333176))

table 4 : explain SELECT SUM(k) FROM sbtest4 WHERE id BETWEEN 6292973 AND 6293972
	Aggregate  (cost=3642.56..3642.57 rows=1 width=8)
	  ->  Bitmap Heap Scan on sbtest4  (cost=34.03..3640.22 rows=936 width=4)
	        Recheck Cond: ((id >= 6292973) AND (id <= 6293972))
	        ->  Bitmap Index Scan on sbtest4_pkey  (cost=0.00..33.80 rows=936 width=0)
	              Index Cond: ((id >= 6292973) AND (id <= 6293972))

table 5 : explain SELECT SUM(k) FROM sbtest5 WHERE id BETWEEN 9806216 AND 9807215
	Aggregate  (cost=3929.77..3929.78 rows=1 width=8)
	  ->  Bitmap Heap Scan on sbtest5  (cost=34.83..3927.23 rows=1014 width=4)
	        Recheck Cond: ((id >= 9806216) AND (id <= 9807215))
	        ->  Bitmap Index Scan on sbtest5_pkey  (cost=0.00..34.58 rows=1014 width=0)
	              Index Cond: ((id >= 9806216) AND (id <= 9807215))

table 6 : explain SELECT SUM(k) FROM sbtest6 WHERE id BETWEEN 472295 AND 473294
	Aggregate  (cost=3762.72..3762.73 rows=1 width=8)
	  ->  Bitmap Heap Scan on sbtest6  (cost=34.37..3760.30 rows=969 width=4)
	        Recheck Cond: ((id >= 472295) AND (id <= 473294))
	        ->  Bitmap Index Scan on sbtest6_pkey  (cost=0.00..34.12 rows=969 width=0)
	              Index Cond: ((id >= 472295) AND (id <= 473294))

table 7 : explain SELECT SUM(k) FROM sbtest7 WHERE id BETWEEN 4358363 AND 4359362
	Aggregate  (cost=4074.58..4074.59 rows=1 width=8)
	  ->  Bitmap Heap Scan on sbtest7  (cost=35.20..4071.95 rows=1050 width=4)
	        Recheck Cond: ((id >= 4358363) AND (id <= 4359362))
	        ->  Bitmap Index Scan on sbtest7_pkey  (cost=0.00..34.94 rows=1050 width=0)
	              Index Cond: ((id >= 4358363) AND (id <= 4359362))

table 8 : explain SELECT SUM(k) FROM sbtest8 WHERE id BETWEEN 8177731 AND 8178730
	Aggregate  (cost=4072.81..4072.82 rows=1 width=8)
	  ->  Bitmap Heap Scan on sbtest8  (cost=35.20..4070.19 rows=1050 width=4)
	        Recheck Cond: ((id >= 8177731) AND (id <= 8178730))
	        ->  Bitmap Index Scan on sbtest8_pkey  (cost=0.00..34.94 rows=1050 width=0)
	              Index Cond: ((id >= 8177731) AND (id <= 8178730))

for: distinct_ranges
table 1 : explain SELECT DISTINCT c FROM sbtest1 WHERE id BETWEEN 9866097 AND 9867096 ORDER BY c
	Unique  (cost=3751.41..3756.18 rows=954 width=121)
	  ->  Sort  (cost=3751.41..3753.80 rows=954 width=121)
	        Sort Key: c
	        ->  Bitmap Heap Scan on sbtest1  (cost=34.21..3704.20 rows=954 width=121)
	              Recheck Cond: ((id >= 9866097) AND (id <= 9867096))
	              ->  Bitmap Index Scan on sbtest1_pkey  (cost=0.00..33.98 rows=954 width=0)
	                    Index Cond: ((id >= 9866097) AND (id <= 9867096))

table 2 : explain SELECT DISTINCT c FROM sbtest2 WHERE id BETWEEN 7592104 AND 7593103 ORDER BY c
	Unique  (cost=4477.23..4482.95 rows=1144 width=121)
	  ->  Sort  (cost=4477.23..4480.09 rows=1144 width=121)
	        Sort Key: c
	        ->  Bitmap Heap Scan on sbtest2  (cost=40.16..4419.11 rows=1144 width=121)
	              Recheck Cond: ((id >= 7592104) AND (id <= 7593103))
	              ->  Bitmap Index Scan on sbtest2_pkey  (cost=0.00..39.88 rows=1144 width=0)
	                    Index Cond: ((id >= 7592104) AND (id <= 7593103))

table 3 : explain SELECT DISTINCT c FROM sbtest3 WHERE id BETWEEN 2391575 AND 2392574 ORDER BY c
	Unique  (cost=4048.29..4053.44 rows=1031 width=121)
	  ->  Sort  (cost=4048.29..4050.86 rows=1031 width=121)
	        Sort Key: c
	        ->  Bitmap Heap Scan on sbtest3  (cost=35.00..3996.68 rows=1031 width=121)
	              Recheck Cond: ((id >= 2391575) AND (id <= 2392574))
	              ->  Bitmap Index Scan on sbtest3_pkey  (cost=0.00..34.75 rows=1031 width=0)
	                    Index Cond: ((id >= 2391575) AND (id <= 2392574))

table 4 : explain SELECT DISTINCT c FROM sbtest4 WHERE id BETWEEN 7486115 AND 7487114 ORDER BY c
	Unique  (cost=3843.95..3848.83 rows=977 width=121)
	  ->  Sort  (cost=3843.95..3846.39 rows=977 width=121)
	        Sort Key: c
	        ->  Bitmap Heap Scan on sbtest4  (cost=34.45..3795.43 rows=977 width=121)
	              Recheck Cond: ((id >= 7486115) AND (id <= 7487114))
	              ->  Bitmap Index Scan on sbtest4_pkey  (cost=0.00..34.20 rows=977 width=0)
	                    Index Cond: ((id >= 7486115) AND (id <= 7487114))

table 5 : explain SELECT DISTINCT c FROM sbtest5 WHERE id BETWEEN 2082602 AND 2083601 ORDER BY c
	Unique  (cost=3429.67..3434.03 rows=872 width=121)
	  ->  Sort  (cost=3429.67..3431.85 rows=872 width=121)
	        Sort Key: c
	        ->  Bitmap Heap Scan on sbtest5  (cost=29.37..3387.08 rows=872 width=121)
	              Recheck Cond: ((id >= 2082602) AND (id <= 2083601))
	              ->  Bitmap Index Scan on sbtest5_pkey  (cost=0.00..29.15 rows=872 width=0)
	                    Index Cond: ((id >= 2082602) AND (id <= 2083601))

table 6 : explain SELECT DISTINCT c FROM sbtest6 WHERE id BETWEEN 8397409 AND 8398408 ORDER BY c
	Unique  (cost=4145.22..4150.51 rows=1057 width=121)
	  ->  Sort  (cost=4145.22..4147.86 rows=1057 width=121)
	        Sort Key: c
	        ->  Bitmap Heap Scan on sbtest6  (cost=35.27..4092.13 rows=1057 width=121)
	              Recheck Cond: ((id >= 8397409) AND (id <= 8398408))
	              ->  Bitmap Index Scan on sbtest6_pkey  (cost=0.00..35.01 rows=1057 width=0)
	                    Index Cond: ((id >= 8397409) AND (id <= 8398408))

table 7 : explain SELECT DISTINCT c FROM sbtest7 WHERE id BETWEEN 9485852 AND 9486851 ORDER BY c
	Unique  (cost=4235.74..4241.13 rows=1079 width=121)
	  ->  Sort  (cost=4235.74..4238.44 rows=1079 width=121)
	        Sort Key: c
	        ->  Bitmap Heap Scan on sbtest7  (cost=35.49..4181.38 rows=1079 width=121)
	              Recheck Cond: ((id >= 9485852) AND (id <= 9486851))
	              ->  Bitmap Index Scan on sbtest7_pkey  (cost=0.00..35.23 rows=1079 width=0)
	                    Index Cond: ((id >= 9485852) AND (id <= 9486851))

table 8 : explain SELECT DISTINCT c FROM sbtest8 WHERE id BETWEEN 8162510 AND 8163509 ORDER BY c
	Unique  (cost=4122.88..4128.13 rows=1050 width=121)
	  ->  Sort  (cost=4122.88..4125.50 rows=1050 width=121)
	        Sort Key: c
	        ->  Bitmap Heap Scan on sbtest8  (cost=35.20..4070.19 rows=1050 width=121)
	              Recheck Cond: ((id >= 8162510) AND (id <= 8163509))
	              ->  Bitmap Index Scan on sbtest8_pkey  (cost=0.00..34.94 rows=1050 width=0)
	                    Index Cond: ((id >= 8162510) AND (id <= 8163509))

for: simple_ranges
table 1 : explain SELECT c FROM sbtest1 WHERE id BETWEEN 1474683 AND 1475682
	Bitmap Heap Scan on sbtest1  (cost=29.48..3427.76 rows=882 width=121)
	  Recheck Cond: ((id >= 1474683) AND (id <= 1475682))
	  ->  Bitmap Index Scan on sbtest1_pkey  (cost=0.00..29.25 rows=882 width=0)
	        Index Cond: ((id >= 1474683) AND (id <= 1475682))

table 2 : explain SELECT c FROM sbtest2 WHERE id BETWEEN 8176625 AND 8177624
	Bitmap Heap Scan on sbtest2  (cost=34.95..3975.00 rows=1026 width=121)
	  Recheck Cond: ((id >= 8176625) AND (id <= 8177624))
	  ->  Bitmap Index Scan on sbtest2_pkey  (cost=0.00..34.70 rows=1026 width=0)
	        Index Cond: ((id >= 8176625) AND (id <= 8177624))

table 3 : explain SELECT c FROM sbtest3 WHERE id BETWEEN 2197183 AND 2198182
	Bitmap Heap Scan on sbtest3  (cost=34.79..3917.44 rows=1010 width=121)
	  Recheck Cond: ((id >= 2197183) AND (id <= 2198182))
	  ->  Bitmap Index Scan on sbtest3_pkey  (cost=0.00..34.54 rows=1010 width=0)
	        Index Cond: ((id >= 2197183) AND (id <= 2198182))

table 4 : explain SELECT c FROM sbtest4 WHERE id BETWEEN 5750245 AND 5751244
	Bitmap Heap Scan on sbtest4  (cost=34.42..3784.08 rows=974 width=121)
	  Recheck Cond: ((id >= 5750245) AND (id <= 5751244))
	  ->  Bitmap Index Scan on sbtest4_pkey  (cost=0.00..34.18 rows=974 width=0)
	        Index Cond: ((id >= 5750245) AND (id <= 5751244))

table 5 : explain SELECT c FROM sbtest5 WHERE id BETWEEN 3329313 AND 3330312
	Bitmap Heap Scan on sbtest5  (cost=35.25..4081.55 rows=1055 width=121)
	  Recheck Cond: ((id >= 3329313) AND (id <= 3330312))
	  ->  Bitmap Index Scan on sbtest5_pkey  (cost=0.00..34.98 rows=1055 width=0)
	        Index Cond: ((id >= 3329313) AND (id <= 3330312))

table 6 : explain SELECT c FROM sbtest6 WHERE id BETWEEN 2754318 AND 2755317
	Bitmap Heap Scan on sbtest6  (cost=34.79..3915.02 rows=1010 width=121)
	  Recheck Cond: ((id >= 2754318) AND (id <= 2755317))
	  ->  Bitmap Index Scan on sbtest6_pkey  (cost=0.00..34.54 rows=1010 width=0)
	        Index Cond: ((id >= 2754318) AND (id <= 2755317))

table 7 : explain SELECT c FROM sbtest7 WHERE id BETWEEN 3469650 AND 3470649
	Bitmap Heap Scan on sbtest7  (cost=34.22..3712.78 rows=955 width=121)
	  Recheck Cond: ((id >= 3469650) AND (id <= 3470649))
	  ->  Bitmap Index Scan on sbtest7_pkey  (cost=0.00..33.98 rows=955 width=0)
	        Index Cond: ((id >= 3469650) AND (id <= 3470649))

table 8 : explain SELECT c FROM sbtest8 WHERE id BETWEEN 1580818 AND 1581817
	Index Scan using sbtest8_pkey on sbtest8  (cost=0.43..3867.58 rows=987 width=121)
	  Index Cond: ((id >= 1580818) AND (id <= 1581817))

explain: for point_selects :: explain SELECT c FROM sbtest%u WHERE id=%u
explain: for point_selects :: explain SELECT c FROM sbtest%u WHERE id=%u
explain: for point_selects :: explain SELECT c FROM sbtest%u WHERE id=%u
for: distinct_ranges
table 1 : explain SELECT DISTINCT c FROM sbtest1 WHERE id BETWEEN 2285005 AND 2286004 ORDER BY c
	Unique  (cost=4459.30..4465.00 rows=1139 width=121)
	  ->  Sort  (cost=4459.30..4462.15 rows=1139 width=121)
	        Sort Key: c
	        ->  Bitmap Heap Scan on sbtest1  (cost=40.11..4401.48 rows=1139 width=121)
	              Recheck Cond: ((id >= 2285005) AND (id <= 2286004))
	              ->  Bitmap Index Scan on sbtest1_pkey  (cost=0.00..39.83 rows=1139 width=0)
	                    Index Cond: ((id >= 2285005) AND (id <= 2286004))

table 2 : explain SELECT DISTINCT c FROM sbtest2 WHERE id BETWEEN 7356644 AND 7357643 ORDER BY c
	Unique  (cost=4056.92..4062.09 rows=1034 width=121)
	  ->  Sort  (cost=4056.92..4059.50 rows=1034 width=121)
	        Sort Key: c
	        ->  Bitmap Heap Scan on sbtest2  (cost=35.03..4005.14 rows=1034 width=121)
	              Recheck Cond: ((id >= 7356644) AND (id <= 7357643))
	              ->  Bitmap Index Scan on sbtest2_pkey  (cost=0.00..34.78 rows=1034 width=0)
	                    Index Cond: ((id >= 7356644) AND (id <= 7357643))

table 3 : explain SELECT DISTINCT c FROM sbtest3 WHERE id BETWEEN 597291 AND 598290 ORDER BY c
	Unique  (cost=4009.99..4015.09 rows=1021 width=121)
	  ->  Sort  (cost=4009.99..4012.54 rows=1021 width=121)
	        Sort Key: c
	        ->  Bitmap Heap Scan on sbtest3  (cost=34.90..3958.96 rows=1021 width=121)
	              Recheck Cond: ((id >= 597291) AND (id <= 598290))
	              ->  Bitmap Index Scan on sbtest3_pkey  (cost=0.00..34.65 rows=1021 width=0)
	                    Index Cond: ((id >= 597291) AND (id <= 598290))

table 4 : explain SELECT DISTINCT c FROM sbtest4 WHERE id BETWEEN 6120102 AND 6121101 ORDER BY c
	Unique  (cost=3863.14..3868.05 rows=982 width=121)
	  ->  Sort  (cost=3863.14..3865.60 rows=982 width=121)
	        Sort Key: c
	        ->  Bitmap Heap Scan on sbtest4  (cost=34.50..3814.34 rows=982 width=121)
	              Recheck Cond: ((id >= 6120102) AND (id <= 6121101))
	              ->  Bitmap Index Scan on sbtest4_pkey  (cost=0.00..34.26 rows=982 width=0)
	                    Index Cond: ((id >= 6120102) AND (id <= 6121101))

table 5 : explain SELECT DISTINCT c FROM sbtest5 WHERE id BETWEEN 7192954 AND 7193953 ORDER BY c
	Unique  (cost=4344.64..4350.19 rows=1110 width=121)
	  ->  Sort  (cost=4344.64..4347.42 rows=1110 width=121)
	        Sort Key: c
	        ->  Bitmap Heap Scan on sbtest5  (cost=39.81..4288.50 rows=1110 width=121)
	              Recheck Cond: ((id >= 7192954) AND (id <= 7193953))
	              ->  Bitmap Index Scan on sbtest5_pkey  (cost=0.00..39.54 rows=1110 width=0)
	                    Index Cond: ((id >= 7192954) AND (id <= 7193953))

table 6 : explain SELECT DISTINCT c FROM sbtest6 WHERE id BETWEEN 9368265 AND 9369264 ORDER BY c
	Unique  (cost=3785.36..3790.18 rows=963 width=121)
	  ->  Sort  (cost=3785.36..3787.77 rows=963 width=121)
	        Sort Key: c
	        ->  Bitmap Heap Scan on sbtest6  (cost=34.31..3737.64 rows=963 width=121)
	              Recheck Cond: ((id >= 9368265) AND (id <= 9369264))
	              ->  Bitmap Index Scan on sbtest6_pkey  (cost=0.00..34.07 rows=963 width=0)
	                    Index Cond: ((id >= 9368265) AND (id <= 9369264))

table 7 : explain SELECT DISTINCT c FROM sbtest7 WHERE id BETWEEN 2053120 AND 2054119 ORDER BY c
	Unique  (cost=3813.85..3818.69 rows=969 width=121)
	  ->  Sort  (cost=3813.85..3816.27 rows=969 width=121)
	        Sort Key: c
	        ->  Bitmap Heap Scan on sbtest7  (cost=34.37..3765.78 rows=969 width=121)
	              Recheck Cond: ((id >= 2053120) AND (id <= 2054119))
	              ->  Bitmap Index Scan on sbtest7_pkey  (cost=0.00..34.12 rows=969 width=0)
	                    Index Cond: ((id >= 2053120) AND (id <= 2054119))

table 8 : explain SELECT DISTINCT c FROM sbtest8 WHERE id BETWEEN 5655160 AND 5656159 ORDER BY c
	Unique  (cost=3568.65..3573.15 rows=900 width=121)
	  ->  Sort  (cost=3568.65..3570.90 rows=900 width=121)
	        Sort Key: c
	        ->  Index Scan using sbtest8_pkey on sbtest8  (cost=0.43..3524.49 rows=900 width=121)
	              Index Cond: ((id >= 5655160) AND (id <= 5656159))

for: simple_ranges
table 1 : explain SELECT c FROM sbtest1 WHERE id BETWEEN 9116429 AND 9117428
	Bitmap Heap Scan on sbtest1  (cost=34.28..3726.87 rows=960 width=121)
	  Recheck Cond: ((id >= 9116429) AND (id <= 9117428))
	  ->  Bitmap Index Scan on sbtest1_pkey  (cost=0.00..34.04 rows=960 width=0)
	        Index Cond: ((id >= 9116429) AND (id <= 9117428))

table 2 : explain SELECT c FROM sbtest2 WHERE id BETWEEN 1761742 AND 1762741
	Bitmap Heap Scan on sbtest2  (cost=29.69..3506.49 rows=903 width=121)
	  Recheck Cond: ((id >= 1761742) AND (id <= 1762741))
	  ->  Bitmap Index Scan on sbtest2_pkey  (cost=0.00..29.46 rows=903 width=0)
	        Index Cond: ((id >= 1761742) AND (id <= 1762741))

table 3 : explain SELECT c FROM sbtest3 WHERE id BETWEEN 5876329 AND 5877328
	Bitmap Heap Scan on sbtest3  (cost=35.47..4170.08 rows=1077 width=121)
	  Recheck Cond: ((id >= 5876329) AND (id <= 5877328))
	  ->  Bitmap Index Scan on sbtest3_pkey  (cost=0.00..35.20 rows=1077 width=0)
	        Index Cond: ((id >= 5876329) AND (id <= 5877328))

table 4 : explain SELECT c FROM sbtest4 WHERE id BETWEEN 4304100 AND 4305099
	Bitmap Heap Scan on sbtest4  (cost=34.41..3780.29 rows=973 width=121)
	  Recheck Cond: ((id >= 4304100) AND (id <= 4305099))
	  ->  Bitmap Index Scan on sbtest4_pkey  (cost=0.00..34.17 rows=973 width=0)
	        Index Cond: ((id >= 4304100) AND (id <= 4305099))

table 5 : explain SELECT c FROM sbtest5 WHERE id BETWEEN 5426757 AND 5427756
	Bitmap Heap Scan on sbtest5  (cost=29.44..3413.58 rows=879 width=121)
	  Recheck Cond: ((id >= 5426757) AND (id <= 5427756))
	  ->  Bitmap Index Scan on sbtest5_pkey  (cost=0.00..29.22 rows=879 width=0)
	        Index Cond: ((id >= 5426757) AND (id <= 5427756))

table 6 : explain SELECT c FROM sbtest6 WHERE id BETWEEN 2129086 AND 2130085
	Bitmap Heap Scan on sbtest6  (cost=35.30..4103.43 rows=1060 width=121)
	  Recheck Cond: ((id >= 2129086) AND (id <= 2130085))
	  ->  Bitmap Index Scan on sbtest6_pkey  (cost=0.00..35.04 rows=1060 width=0)
	        Index Cond: ((id >= 2129086) AND (id <= 2130085))

table 7 : explain SELECT c FROM sbtest7 WHERE id BETWEEN 6860937 AND 6861936
	Bitmap Heap Scan on sbtest7  (cost=34.59..3849.02 rows=991 width=121)
	  Recheck Cond: ((id >= 6860937) AND (id <= 6861936))
	  ->  Bitmap Index Scan on sbtest7_pkey  (cost=0.00..34.34 rows=991 width=0)
	        Index Cond: ((id >= 6860937) AND (id <= 6861936))

table 8 : explain SELECT c FROM sbtest8 WHERE id BETWEEN 7493018 AND 7494017
	Index Scan using sbtest8_pkey on sbtest8  (cost=0.43..4000.12 rows=1021 width=121)
	  Index Cond: ((id >= 7493018) AND (id <= 7494017))

for: sum_ranges
table 1 : explain SELECT SUM(k) FROM sbtest1 WHERE id BETWEEN 8283782 AND 8284781
	Aggregate  (cost=4125.57..4125.58 rows=1 width=8)
	  ->  Bitmap Heap Scan on sbtest1  (cost=35.35..4122.91 rows=1065 width=4)
	        Recheck Cond: ((id >= 8283782) AND (id <= 8284781))
	        ->  Bitmap Index Scan on sbtest1_pkey  (cost=0.00..35.09 rows=1065 width=0)
	              Index Cond: ((id >= 8283782) AND (id <= 8284781))

table 2 : explain SELECT SUM(k) FROM sbtest2 WHERE id BETWEEN 1212366 AND 1213365
	Aggregate  (cost=3985.11..3985.12 rows=1 width=8)
	  ->  Bitmap Heap Scan on sbtest2  (cost=34.97..3982.54 rows=1028 width=4)
	        Recheck Cond: ((id >= 1212366) AND (id <= 1213365))
	        ->  Bitmap Index Scan on sbtest2_pkey  (cost=0.00..34.72 rows=1028 width=0)
	              Index Cond: ((id >= 1212366) AND (id <= 1213365))

table 3 : explain SELECT SUM(k) FROM sbtest3 WHERE id BETWEEN 6144519 AND 6145518
	Aggregate  (cost=3874.63..3874.64 rows=1 width=8)
	  ->  Bitmap Heap Scan on sbtest3  (cost=34.66..3872.14 rows=998 width=4)
	        Recheck Cond: ((id >= 6144519) AND (id <= 6145518))
	        ->  Bitmap Index Scan on sbtest3_pkey  (cost=0.00..34.42 rows=998 width=0)
	              Index Cond: ((id >= 6144519) AND (id <= 6145518))

table 4 : explain SELECT SUM(k) FROM sbtest4 WHERE id BETWEEN 4817152 AND 4818151
	Aggregate  (cost=3778.94..3778.95 rows=1 width=8)
	  ->  Bitmap Heap Scan on sbtest4  (cost=34.40..3776.51 rows=972 width=4)
	        Recheck Cond: ((id >= 4817152) AND (id <= 4818151))
	        ->  Bitmap Index Scan on sbtest4_pkey  (cost=0.00..34.16 rows=972 width=0)
	              Index Cond: ((id >= 4817152) AND (id <= 4818151))

table 5 : explain SELECT SUM(k) FROM sbtest5 WHERE id BETWEEN 377189 AND 378188
	Aggregate  (cost=3794.00..3794.01 rows=1 width=8)
	  ->  Bitmap Heap Scan on sbtest5  (cost=34.46..3791.56 rows=978 width=4)
	        Recheck Cond: ((id >= 377189) AND (id <= 378188))
	        ->  Bitmap Index Scan on sbtest5_pkey  (cost=0.00..34.22 rows=978 width=0)
	              Index Cond: ((id >= 377189) AND (id <= 378188))

table 6 : explain SELECT SUM(k) FROM sbtest6 WHERE id BETWEEN 2625124 AND 2626123
	Aggregate  (cost=3951.51..3951.52 rows=1 width=8)
	  ->  Bitmap Heap Scan on sbtest6  (cost=34.88..3948.96 rows=1019 width=4)
	        Recheck Cond: ((id >= 2625124) AND (id <= 2626123))
	        ->  Bitmap Index Scan on sbtest6_pkey  (cost=0.00..34.62 rows=1019 width=0)
	              Index Cond: ((id >= 2625124) AND (id <= 2626123))

table 7 : explain SELECT SUM(k) FROM sbtest7 WHERE id BETWEEN 8089601 AND 8090600
	Aggregate  (cost=3862.85..3862.86 rows=1 width=8)
	  ->  Bitmap Heap Scan on sbtest7  (cost=34.62..3860.37 rows=994 width=4)
	        Recheck Cond: ((id >= 8089601) AND (id <= 8090600))
	        ->  Bitmap Index Scan on sbtest7_pkey  (cost=0.00..34.38 rows=994 width=0)
	              Index Cond: ((id >= 8089601) AND (id <= 8090600))

table 8 : explain SELECT SUM(k) FROM sbtest8 WHERE id BETWEEN 1815811 AND 1816810
	Aggregate  (cost=3827.16..3827.17 rows=1 width=8)
	  ->  Index Scan using sbtest8_pkey on sbtest8  (cost=0.43..3824.72 rows=976 width=4)
	        Index Cond: ((id >= 1815811) AND (id <= 1816810))

explain: for point_selects :: explain SELECT c FROM sbtest%u WHERE id=%u
for: order_ranges
table 1 : explain SELECT c FROM sbtest1 WHERE id BETWEEN 2088790 AND 2089789 ORDER BY c
	Sort  (cost=3946.89..3949.40 rows=1005 width=121)
	  Sort Key: c
	  ->  Bitmap Heap Scan on sbtest1  (cost=34.74..3896.77 rows=1005 width=121)
	        Recheck Cond: ((id >= 2088790) AND (id <= 2089789))
	        ->  Bitmap Index Scan on sbtest1_pkey  (cost=0.00..34.48 rows=1005 width=0)
	              Index Cond: ((id >= 2088790) AND (id <= 2089789))

table 2 : explain SELECT c FROM sbtest2 WHERE id BETWEEN 781551 AND 782550 ORDER BY c
	Sort  (cost=3877.01..3879.48 rows=987 width=121)
	  Sort Key: c
	  ->  Bitmap Heap Scan on sbtest2  (cost=34.55..3827.93 rows=987 width=121)
	        Recheck Cond: ((id >= 781551) AND (id <= 782550))
	        ->  Bitmap Index Scan on sbtest2_pkey  (cost=0.00..34.31 rows=987 width=0)
	              Index Cond: ((id >= 781551) AND (id <= 782550))

table 3 : explain SELECT c FROM sbtest3 WHERE id BETWEEN 4142237 AND 4143236 ORDER BY c
	Sort  (cost=4109.54..4112.16 rows=1047 width=121)
	  Sort Key: c
	  ->  Bitmap Heap Scan on sbtest3  (cost=35.17..4057.02 rows=1047 width=121)
	        Recheck Cond: ((id >= 4142237) AND (id <= 4143236))
	        ->  Bitmap Index Scan on sbtest3_pkey  (cost=0.00..34.91 rows=1047 width=0)
	              Index Cond: ((id >= 4142237) AND (id <= 4143236))

table 4 : explain SELECT c FROM sbtest4 WHERE id BETWEEN 7013736 AND 7014735 ORDER BY c
	Sort  (cost=4606.09..4609.03 rows=1176 width=121)
	  Sort Key: c
	  ->  Bitmap Heap Scan on sbtest4  (cost=40.49..4546.11 rows=1176 width=121)
	        Recheck Cond: ((id >= 7013736) AND (id <= 7014735))
	        ->  Bitmap Index Scan on sbtest4_pkey  (cost=0.00..40.20 rows=1176 width=0)
	              Index Cond: ((id >= 7013736) AND (id <= 7014735))

table 5 : explain SELECT c FROM sbtest5 WHERE id BETWEEN 5961637 AND 5962636 ORDER BY c
	Sort  (cost=4195.61..4198.29 rows=1071 width=121)
	  Sort Key: c
	  ->  Bitmap Heap Scan on sbtest5  (cost=35.41..4141.71 rows=1071 width=121)
	        Recheck Cond: ((id >= 5961637) AND (id <= 5962636))
	        ->  Bitmap Index Scan on sbtest5_pkey  (cost=0.00..35.15 rows=1071 width=0)
	              Index Cond: ((id >= 5961637) AND (id <= 5962636))

table 6 : explain SELECT c FROM sbtest6 WHERE id BETWEEN 3476125 AND 3477124 ORDER BY c
	Sort  (cost=4458.57..4461.42 rows=1139 width=121)
	  Sort Key: c
	  ->  Bitmap Heap Scan on sbtest6  (cost=40.11..4400.75 rows=1139 width=121)
	        Recheck Cond: ((id >= 3476125) AND (id <= 3477124))
	        ->  Bitmap Index Scan on sbtest6_pkey  (cost=0.00..39.83 rows=1139 width=0)
	              Index Cond: ((id >= 3476125) AND (id <= 3477124))

table 7 : explain SELECT c FROM sbtest7 WHERE id BETWEEN 3319015 AND 3320014 ORDER BY c
	Sort  (cost=3871.46..3873.92 rows=984 width=121)
	  Sort Key: c
	  ->  Bitmap Heap Scan on sbtest7  (cost=34.52..3822.54 rows=984 width=121)
	        Recheck Cond: ((id >= 3319015) AND (id <= 3320014))
	        ->  Bitmap Index Scan on sbtest7_pkey  (cost=0.00..34.28 rows=984 width=0)
	              Index Cond: ((id >= 3319015) AND (id <= 3320014))

table 8 : explain SELECT c FROM sbtest8 WHERE id BETWEEN 4139193 AND 4140192 ORDER BY c
	Sort  (cost=3695.25..3697.58 rows=931 width=121)
	  Sort Key: c
	  ->  Index Scan using sbtest8_pkey on sbtest8  (cost=0.43..3649.34 rows=931 width=121)
	        Index Cond: ((id >= 4139193) AND (id <= 4140192))

for: order_ranges
table 1 : explain SELECT c FROM sbtest1 WHERE id BETWEEN 7933711 AND 7934710 ORDER BY c
	Sort  (cost=3720.72..3723.09 rows=946 width=121)
	  Sort Key: c
	  ->  Bitmap Heap Scan on sbtest1  (cost=34.13..3673.96 rows=946 width=121)
	        Recheck Cond: ((id >= 7933711) AND (id <= 7934710))
	        ->  Bitmap Index Scan on sbtest1_pkey  (cost=0.00..33.90 rows=946 width=0)
	              Index Cond: ((id >= 7933711) AND (id <= 7934710))

table 2 : explain SELECT c FROM sbtest2 WHERE id BETWEEN 1909662 AND 1910661 ORDER BY c
	Sort  (cost=3769.71..3772.11 rows=959 width=121)
	  Sort Key: c
	  ->  Bitmap Heap Scan on sbtest2  (cost=34.26..3722.21 rows=959 width=121)
	        Recheck Cond: ((id >= 1909662) AND (id <= 1910661))
	        ->  Bitmap Index Scan on sbtest2_pkey  (cost=0.00..34.03 rows=959 width=0)
	              Index Cond: ((id >= 1909662) AND (id <= 1910661))

table 3 : explain SELECT c FROM sbtest3 WHERE id BETWEEN 2756735 AND 2757734 ORDER BY c
	Sort  (cost=4055.94..4058.53 rows=1033 width=121)
	  Sort Key: c
	  ->  Bitmap Heap Scan on sbtest3  (cost=35.02..4004.23 rows=1033 width=121)
	        Recheck Cond: ((id >= 2756735) AND (id <= 2757734))
	        ->  Bitmap Index Scan on sbtest3_pkey  (cost=0.00..34.77 rows=1033 width=0)
	              Index Cond: ((id >= 2756735) AND (id <= 2757734))

table 4 : explain SELECT c FROM sbtest4 WHERE id BETWEEN 9532177 AND 9533176 ORDER BY c
	Sort  (cost=4066.46..4069.05 rows=1035 width=121)
	  Sort Key: c
	  ->  Bitmap Heap Scan on sbtest4  (cost=35.04..4014.63 rows=1035 width=121)
	        Recheck Cond: ((id >= 9532177) AND (id <= 9533176))
	        ->  Bitmap Index Scan on sbtest4_pkey  (cost=0.00..34.79 rows=1035 width=0)
	              Index Cond: ((id >= 9532177) AND (id <= 9533176))

table 5 : explain SELECT c FROM sbtest5 WHERE id BETWEEN 5981222 AND 5982221 ORDER BY c
	Sort  (cost=4195.61..4198.29 rows=1071 width=121)
	  Sort Key: c
	  ->  Bitmap Heap Scan on sbtest5  (cost=35.41..4141.71 rows=1071 width=121)
	        Recheck Cond: ((id >= 5981222) AND (id <= 5982221))
	        ->  Bitmap Index Scan on sbtest5_pkey  (cost=0.00..35.15 rows=1071 width=0)
	              Index Cond: ((id >= 5981222) AND (id <= 5982221))

table 6 : explain SELECT c FROM sbtest6 WHERE id BETWEEN 2013698 AND 2014697 ORDER BY c
	Sort  (cost=3846.69..3849.14 rows=979 width=121)
	  Sort Key: c
	  ->  Bitmap Heap Scan on sbtest6  (cost=34.47..3798.06 rows=979 width=121)
	        Recheck Cond: ((id >= 2013698) AND (id <= 2014697))
	        ->  Bitmap Index Scan on sbtest6_pkey  (cost=0.00..34.23 rows=979 width=0)
	              Index Cond: ((id >= 2013698) AND (id <= 2014697))

table 7 : explain SELECT c FROM sbtest7 WHERE id BETWEEN 4863263 AND 4864262 ORDER BY c
	Sort  (cost=3906.01..3908.50 rows=993 width=121)
	  Sort Key: c
	  ->  Bitmap Heap Scan on sbtest7  (cost=34.61..3856.58 rows=993 width=121)
	        Recheck Cond: ((id >= 4863263) AND (id <= 4864262))
	        ->  Bitmap Index Scan on sbtest7_pkey  (cost=0.00..34.37 rows=993 width=0)
	              Index Cond: ((id >= 4863263) AND (id <= 4864262))

table 8 : explain SELECT c FROM sbtest8 WHERE id BETWEEN 7802691 AND 7803690 ORDER BY c
	Sort  (cost=3655.69..3657.99 rows=921 width=121)
	  Sort Key: c
	  ->  Index Scan using sbtest8_pkey on sbtest8  (cost=0.43..3610.34 rows=921 width=121)
	        Index Cond: ((id >= 7802691) AND (id <= 7803690))

for point_selects
table 1 : explain SELECT c FROM sbtest1 WHERE id=5581597
	Index Scan using sbtest1_pkey on sbtest1  (cost=0.43..8.45 rows=1 width=121)
	  Index Cond: (id = 5581597)

table 2 : explain SELECT c FROM sbtest2 WHERE id=4521611
	Index Scan using sbtest2_pkey on sbtest2  (cost=0.43..8.45 rows=1 width=121)
	  Index Cond: (id = 4521611)

table 3 : explain SELECT c FROM sbtest3 WHERE id=9558536
	Index Scan using sbtest3_pkey on sbtest3  (cost=0.43..8.45 rows=1 width=121)
	  Index Cond: (id = 9558536)

table 4 : explain SELECT c FROM sbtest4 WHERE id=3425391
	Index Scan using sbtest4_pkey on sbtest4  (cost=0.43..8.45 rows=1 width=121)
	  Index Cond: (id = 3425391)

table 5 : explain SELECT c FROM sbtest5 WHERE id=2896787
	Index Scan using sbtest5_pkey on sbtest5  (cost=0.43..8.45 rows=1 width=121)
	  Index Cond: (id = 2896787)

table 6 : explain SELECT c FROM sbtest6 WHERE id=4880337
	Index Scan using sbtest6_pkey on sbtest6  (cost=0.43..8.45 rows=1 width=121)
	  Index Cond: (id = 4880337)

table 7 : explain SELECT c FROM sbtest7 WHERE id=8544577
	Index Scan using sbtest7_pkey on sbtest7  (cost=0.43..8.45 rows=1 width=121)
	  Index Cond: (id = 8544577)

table 8 : explain SELECT c FROM sbtest8 WHERE id=9110853
	Index Scan using sbtest8_pkey on sbtest8  (cost=0.43..8.45 rows=1 width=121)
	  Index Cond: (id = 9110853)

explain: for point_selects :: explain SELECT c FROM sbtest%u WHERE id=%u
for: order_ranges
table 1 : explain SELECT c FROM sbtest1 WHERE id BETWEEN 624165 AND 625164 ORDER BY c
	Sort  (cost=3578.51..3580.79 rows=910 width=121)
	  Sort Key: c
	  ->  Bitmap Heap Scan on sbtest1  (cost=29.76..3533.79 rows=910 width=121)
	        Recheck Cond: ((id >= 624165) AND (id <= 625164))
	        ->  Bitmap Index Scan on sbtest1_pkey  (cost=0.00..29.54 rows=910 width=0)
	              Index Cond: ((id >= 624165) AND (id <= 625164))

table 2 : explain SELECT c FROM sbtest2 WHERE id BETWEEN 9178491 AND 9179490 ORDER BY c
	Sort  (cost=3758.21..3760.60 rows=956 width=121)
	  Sort Key: c
	  ->  Bitmap Heap Scan on sbtest2  (cost=34.23..3710.88 rows=956 width=121)
	        Recheck Cond: ((id >= 9178491) AND (id <= 9179490))
	        ->  Bitmap Index Scan on sbtest2_pkey  (cost=0.00..34.00 rows=956 width=0)
	              Index Cond: ((id >= 9178491) AND (id <= 9179490))

table 3 : explain SELECT c FROM sbtest3 WHERE id BETWEEN 6198186 AND 6199185 ORDER BY c
	Sort  (cost=4377.37..4380.16 rows=1116 width=121)
	  Sort Key: c
	  ->  Bitmap Heap Scan on sbtest3  (cost=39.87..4320.88 rows=1116 width=121)
	        Recheck Cond: ((id >= 6198186) AND (id <= 6199185))
	        ->  Bitmap Index Scan on sbtest3_pkey  (cost=0.00..39.59 rows=1116 width=0)
	              Index Cond: ((id >= 6198186) AND (id <= 6199185))

table 4 : explain SELECT c FROM sbtest4 WHERE id BETWEEN 9735474 AND 9736473 ORDER BY c
	Sort  (cost=3540.08..3542.33 rows=899 width=121)
	  Sort Key: c
	  ->  Bitmap Heap Scan on sbtest4  (cost=29.65..3495.98 rows=899 width=121)
	        Recheck Cond: ((id >= 9735474) AND (id <= 9736473))
	        ->  Bitmap Index Scan on sbtest4_pkey  (cost=0.00..29.43 rows=899 width=0)
	              Index Cond: ((id >= 9735474) AND (id <= 9736473))

table 5 : explain SELECT c FROM sbtest5 WHERE id BETWEEN 7660874 AND 7661873 ORDER BY c
	Sort  (cost=4054.31..4056.89 rows=1034 width=121)
	  Sort Key: c
	  ->  Bitmap Heap Scan on sbtest5  (cost=35.03..4002.54 rows=1034 width=121)
	        Recheck Cond: ((id >= 7660874) AND (id <= 7661873))
	        ->  Bitmap Index Scan on sbtest5_pkey  (cost=0.00..34.78 rows=1034 width=0)
	              Index Cond: ((id >= 7660874) AND (id <= 7661873))

table 6 : explain SELECT c FROM sbtest6 WHERE id BETWEEN 2118809 AND 2119808 ORDER BY c
	Sort  (cost=4156.69..4159.34 rows=1060 width=121)
	  Sort Key: c
	  ->  Bitmap Heap Scan on sbtest6  (cost=35.30..4103.43 rows=1060 width=121)
	        Recheck Cond: ((id >= 2118809) AND (id <= 2119808))
	        ->  Bitmap Index Scan on sbtest6_pkey  (cost=0.00..35.04 rows=1060 width=0)
	              Index Cond: ((id >= 2118809) AND (id <= 2119808))

table 7 : explain SELECT c FROM sbtest7 WHERE id BETWEEN 45999 AND 46998 ORDER BY c
	Sort  (cost=4208.93..4211.61 rows=1072 width=121)
	  Sort Key: c
	  ->  Bitmap Heap Scan on sbtest7  (cost=35.42..4154.98 rows=1072 width=121)
	        Recheck Cond: ((id >= 45999) AND (id <= 46998))
	        ->  Bitmap Index Scan on sbtest7_pkey  (cost=0.00..35.16 rows=1072 width=0)
	              Index Cond: ((id >= 45999) AND (id <= 46998))

table 8 : explain SELECT c FROM sbtest8 WHERE id BETWEEN 3136222 AND 3137221 ORDER BY c
	Sort  (cost=3837.60..3840.02 rows=967 width=121)
	  Sort Key: c
	  ->  Index Scan using sbtest8_pkey on sbtest8  (cost=0.43..3789.65 rows=967 width=121)
	        Index Cond: ((id >= 3136222) AND (id <= 3137221))

explain: for point_selects :: explain SELECT c FROM sbtest%u WHERE id=%u
for: sum_ranges
table 1 : explain SELECT SUM(k) FROM sbtest1 WHERE id BETWEEN 3170709 AND 3171708
	Aggregate  (cost=3661.20..3661.21 rows=1 width=8)
	  ->  Bitmap Heap Scan on sbtest1  (cost=34.09..3658.84 rows=942 width=4)
	        Recheck Cond: ((id >= 3170709) AND (id <= 3171708))
	        ->  Bitmap Index Scan on sbtest1_pkey  (cost=0.00..33.86 rows=942 width=0)
	              Index Cond: ((id >= 3170709) AND (id <= 3171708))

table 2 : explain SELECT SUM(k) FROM sbtest2 WHERE id BETWEEN 4702667 AND 4703666
	Aggregate  (cost=3819.06..3819.07 rows=1 width=8)
	  ->  Bitmap Heap Scan on sbtest2  (cost=34.52..3816.60 rows=984 width=4)
	        Recheck Cond: ((id >= 4702667) AND (id <= 4703666))
	        ->  Bitmap Index Scan on sbtest2_pkey  (cost=0.00..34.28 rows=984 width=0)
	              Index Cond: ((id >= 4702667) AND (id <= 4703666))

table 3 : explain SELECT SUM(k) FROM sbtest3 WHERE id BETWEEN 2724735 AND 2725734
	Aggregate  (cost=4006.81..4006.82 rows=1 width=8)
	  ->  Bitmap Heap Scan on sbtest3  (cost=35.02..4004.23 rows=1033 width=4)
	        Recheck Cond: ((id >= 2724735) AND (id <= 2725734))
	        ->  Bitmap Index Scan on sbtest3_pkey  (cost=0.00..34.77 rows=1033 width=0)
	              Index Cond: ((id >= 2724735) AND (id <= 2725734))

table 4 : explain SELECT SUM(k) FROM sbtest4 WHERE id BETWEEN 547298 AND 548297
	Aggregate  (cost=3733.50..3733.51 rows=1 width=8)
	  ->  Bitmap Heap Scan on sbtest4  (cost=34.28..3731.10 rows=960 width=4)
	        Recheck Cond: ((id >= 547298) AND (id <= 548297))
	        ->  Bitmap Index Scan on sbtest4_pkey  (cost=0.00..34.04 rows=960 width=0)
	              Index Cond: ((id >= 547298) AND (id <= 548297))

table 5 : explain SELECT SUM(k) FROM sbtest5 WHERE id BETWEEN 5697775 AND 5698774
	Aggregate  (cost=4031.48..4031.49 rows=1 width=8)
	  ->  Bitmap Heap Scan on sbtest5  (cost=35.11..4028.88 rows=1041 width=4)
	        Recheck Cond: ((id >= 5697775) AND (id <= 5698774))
	        ->  Bitmap Index Scan on sbtest5_pkey  (cost=0.00..34.84 rows=1041 width=0)
	              Index Cond: ((id >= 5697775) AND (id <= 5698774))

table 6 : explain SELECT SUM(k) FROM sbtest6 WHERE id BETWEEN 3264908 AND 3265907
	Aggregate  (cost=3653.08..3653.09 rows=1 width=8)
	  ->  Bitmap Heap Scan on sbtest6  (cost=34.07..3650.73 rows=940 width=4)
	        Recheck Cond: ((id >= 3264908) AND (id <= 3265907))
	        ->  Bitmap Index Scan on sbtest6_pkey  (cost=0.00..33.84 rows=940 width=0)
	              Index Cond: ((id >= 3264908) AND (id <= 3265907))

table 7 : explain SELECT SUM(k) FROM sbtest7 WHERE id BETWEEN 7089101 AND 7090100
	Aggregate  (cost=3768.20..3768.21 rows=1 width=8)
	  ->  Bitmap Heap Scan on sbtest7  (cost=34.37..3765.78 rows=969 width=4)
	        Recheck Cond: ((id >= 7089101) AND (id <= 7090100))
	        ->  Bitmap Index Scan on sbtest7_pkey  (cost=0.00..34.12 rows=969 width=0)
	              Index Cond: ((id >= 7089101) AND (id <= 7090100))

table 8 : explain SELECT SUM(k) FROM sbtest8 WHERE id BETWEEN 8471935 AND 8472934
	Aggregate  (cost=3745.25..3745.26 rows=1 width=8)
	  ->  Index Scan using sbtest8_pkey on sbtest8  (cost=0.43..3742.86 rows=955 width=4)
	        Index Cond: ((id >= 8471935) AND (id <= 8472934))

explain: for point_selects :: explain SELECT c FROM sbtest%u WHERE id=%u
for: distinct_ranges
table 1 : explain SELECT DISTINCT c FROM sbtest1 WHERE id BETWEEN 7349362 AND 7350361 ORDER BY c
	Unique  (cost=3962.21..3967.25 rows=1009 width=121)
	  ->  Sort  (cost=3962.21..3964.73 rows=1009 width=121)
	        Sort Key: c
	        ->  Bitmap Heap Scan on sbtest1  (cost=34.78..3911.86 rows=1009 width=121)
	              Recheck Cond: ((id >= 7349362) AND (id <= 7350361))
	              ->  Bitmap Index Scan on sbtest1_pkey  (cost=0.00..34.53 rows=1009 width=0)
	                    Index Cond: ((id >= 7349362) AND (id <= 7350361))

table 2 : explain SELECT DISTINCT c FROM sbtest2 WHERE id BETWEEN 7473219 AND 7474218 ORDER BY c
	Unique  (cost=4362.72..4368.29 rows=1113 width=121)
	  ->  Sort  (cost=4362.72..4365.51 rows=1113 width=121)
	        Sort Key: c
	        ->  Bitmap Heap Scan on sbtest2  (cost=39.84..4306.40 rows=1113 width=121)
	              Recheck Cond: ((id >= 7473219) AND (id <= 7474218))
	              ->  Bitmap Index Scan on sbtest2_pkey  (cost=0.00..39.57 rows=1113 width=0)
	                    Index Cond: ((id >= 7473219) AND (id <= 7474218))

table 3 : explain SELECT DISTINCT c FROM sbtest3 WHERE id BETWEEN 6779475 AND 6780474 ORDER BY c
	Unique  (cost=4075.09..4080.28 rows=1038 width=121)
	  ->  Sort  (cost=4075.09..4077.68 rows=1038 width=121)
	        Sort Key: c
	        ->  Bitmap Heap Scan on sbtest3  (cost=35.07..4023.09 rows=1038 width=121)
	              Recheck Cond: ((id >= 6779475) AND (id <= 6780474))
	              ->  Bitmap Index Scan on sbtest3_pkey  (cost=0.00..34.82 rows=1038 width=0)
	                    Index Cond: ((id >= 6779475) AND (id <= 6780474))

table 4 : explain SELECT DISTINCT c FROM sbtest4 WHERE id BETWEEN 3665227 AND 3666226 ORDER BY c
	Unique  (cost=3794.02..3798.84 rows=964 width=121)
	  ->  Sort  (cost=3794.02..3796.43 rows=964 width=121)
	        Sort Key: c
	        ->  Bitmap Heap Scan on sbtest4  (cost=34.32..3746.24 rows=964 width=121)
	              Recheck Cond: ((id >= 3665227) AND (id <= 3666226))
	              ->  Bitmap Index Scan on sbtest4_pkey  (cost=0.00..34.08 rows=964 width=0)
	                    Index Cond: ((id >= 3665227) AND (id <= 3666226))

table 5 : explain SELECT DISTINCT c FROM sbtest5 WHERE id BETWEEN 8647411 AND 8648410 ORDER BY c
	Unique  (cost=3863.10..3868.02 rows=984 width=121)
	  ->  Sort  (cost=3863.10..3865.56 rows=984 width=121)
	        Sort Key: c
	        ->  Bitmap Heap Scan on sbtest5  (cost=34.52..3814.18 rows=984 width=121)
	              Recheck Cond: ((id >= 8647411) AND (id <= 8648410))
	              ->  Bitmap Index Scan on sbtest5_pkey  (cost=0.00..34.28 rows=984 width=0)
	                    Index Cond: ((id >= 8647411) AND (id <= 8648410))

table 6 : explain SELECT DISTINCT c FROM sbtest6 WHERE id BETWEEN 8001604 AND 8002603 ORDER BY c
	Unique  (cost=4061.09..4066.27 rows=1035 width=121)
	  ->  Sort  (cost=4061.09..4063.68 rows=1035 width=121)
	        Sort Key: c
	        ->  Bitmap Heap Scan on sbtest6  (cost=35.04..4009.26 rows=1035 width=121)
	              Recheck Cond: ((id >= 8001604) AND (id <= 8002603))
	              ->  Bitmap Index Scan on sbtest6_pkey  (cost=0.00..34.79 rows=1035 width=0)
	                    Index Cond: ((id >= 8001604) AND (id <= 8002603))

table 7 : explain SELECT DISTINCT c FROM sbtest7 WHERE id BETWEEN 7168956 AND 7169955 ORDER BY c
	Unique  (cost=4185.95..4191.28 rows=1066 width=121)
	  ->  Sort  (cost=4185.95..4188.61 rows=1066 width=121)
	        Sort Key: c
	        ->  Bitmap Heap Scan on sbtest7  (cost=35.36..4132.34 rows=1066 width=121)
	              Recheck Cond: ((id >= 7168956) AND (id <= 7169955))
	              ->  Bitmap Index Scan on sbtest7_pkey  (cost=0.00..35.09 rows=1066 width=0)
	                    Index Cond: ((id >= 7168956) AND (id <= 7169955))

table 8 : explain SELECT DISTINCT c FROM sbtest8 WHERE id BETWEEN 9111356 AND 9112355 ORDER BY c
	Unique  (cost=4076.91..4082.10 rows=1038 width=121)
	  ->  Sort  (cost=4076.91..4079.51 rows=1038 width=121)
	        Sort Key: c
	        ->  Bitmap Heap Scan on sbtest8  (cost=35.07..4024.91 rows=1038 width=121)
	              Recheck Cond: ((id >= 9111356) AND (id <= 9112355))
	              ->  Bitmap Index Scan on sbtest8_pkey  (cost=0.00..34.82 rows=1038 width=0)
	                    Index Cond: ((id >= 9111356) AND (id <= 9112355))

for: distinct_ranges
table 1 : explain SELECT DISTINCT c FROM sbtest1 WHERE id BETWEEN 9816961 AND 9817960 ORDER BY c
	Unique  (cost=3751.41..3756.18 rows=954 width=121)
	  ->  Sort  (cost=3751.41..3753.80 rows=954 width=121)
	        Sort Key: c
	        ->  Bitmap Heap Scan on sbtest1  (cost=34.21..3704.20 rows=954 width=121)
	              Recheck Cond: ((id >= 9816961) AND (id <= 9817960))
	              ->  Bitmap Index Scan on sbtest1_pkey  (cost=0.00..33.98 rows=954 width=0)
	                    Index Cond: ((id >= 9816961) AND (id <= 9817960))

table 2 : explain SELECT DISTINCT c FROM sbtest2 WHERE id BETWEEN 5269857 AND 5270856 ORDER BY c
	Unique  (cost=3742.87..3747.63 rows=952 width=121)
	  ->  Sort  (cost=3742.87..3745.25 rows=952 width=121)
	        Sort Key: c
	        ->  Bitmap Heap Scan on sbtest2  (cost=34.19..3695.77 rows=952 width=121)
	              Recheck Cond: ((id >= 5269857) AND (id <= 5270856))
	              ->  Bitmap Index Scan on sbtest2_pkey  (cost=0.00..33.95 rows=952 width=0)
	                    Index Cond: ((id >= 5269857) AND (id <= 5270856))

table 3 : explain SELECT DISTINCT c FROM sbtest3 WHERE id BETWEEN 1510244 AND 1511243 ORDER BY c
	Unique  (cost=3906.52..3911.49 rows=994 width=121)
	  ->  Sort  (cost=3906.52..3909.00 rows=994 width=121)
	        Sort Key: c
	        ->  Bitmap Heap Scan on sbtest3  (cost=34.62..3857.03 rows=994 width=121)
	              Recheck Cond: ((id >= 1510244) AND (id <= 1511243))
	              ->  Bitmap Index Scan on sbtest3_pkey  (cost=0.00..34.38 rows=994 width=0)
	                    Index Cond: ((id >= 1510244) AND (id <= 1511243))

table 4 : explain SELECT DISTINCT c FROM sbtest4 WHERE id BETWEEN 1227182 AND 1228181 ORDER BY c
	Unique  (cost=3966.76..3971.80 rows=1009 width=121)
	  ->  Sort  (cost=3966.76..3969.28 rows=1009 width=121)
	        Sort Key: c
	        ->  Bitmap Heap Scan on sbtest4  (cost=34.78..3916.42 rows=1009 width=121)
	              Recheck Cond: ((id >= 1227182) AND (id <= 1228181))
	              ->  Bitmap Index Scan on sbtest4_pkey  (cost=0.00..34.53 rows=1009 width=0)
	                    Index Cond: ((id >= 1227182) AND (id <= 1228181))

table 5 : explain SELECT DISTINCT c FROM sbtest5 WHERE id BETWEEN 9807711 AND 9808710 ORDER BY c
	Unique  (cost=3977.86..3982.93 rows=1014 width=121)
	  ->  Sort  (cost=3977.86..3980.40 rows=1014 width=121)
	        Sort Key: c
	        ->  Bitmap Heap Scan on sbtest5  (cost=34.83..3927.23 rows=1014 width=121)
	              Recheck Cond: ((id >= 9807711) AND (id <= 9808710))
	              ->  Bitmap Index Scan on sbtest5_pkey  (cost=0.00..34.58 rows=1014 width=0)
	                    Index Cond: ((id >= 9807711) AND (id <= 9808710))

table 6 : explain SELECT DISTINCT c FROM sbtest6 WHERE id BETWEEN 7931475 AND 7932474 ORDER BY c
	Unique  (cost=4061.09..4066.27 rows=1035 width=121)
	  ->  Sort  (cost=4061.09..4063.68 rows=1035 width=121)
	        Sort Key: c
	        ->  Bitmap Heap Scan on sbtest6  (cost=35.04..4009.26 rows=1035 width=121)
	              Recheck Cond: ((id >= 7931475) AND (id <= 7932474))
	              ->  Bitmap Index Scan on sbtest6_pkey  (cost=0.00..34.79 rows=1035 width=0)
	                    Index Cond: ((id >= 7931475) AND (id <= 7932474))

table 7 : explain SELECT DISTINCT c FROM sbtest7 WHERE id BETWEEN 7575301 AND 7576300 ORDER BY c
	Unique  (cost=3802.32..3807.15 rows=966 width=121)
	  ->  Sort  (cost=3802.32..3804.74 rows=966 width=121)
	        Sort Key: c
	        ->  Bitmap Heap Scan on sbtest7  (cost=34.34..3754.43 rows=966 width=121)
	              Recheck Cond: ((id >= 7575301) AND (id <= 7576300))
	              ->  Bitmap Index Scan on sbtest7_pkey  (cost=0.00..34.09 rows=966 width=0)
	                    Index Cond: ((id >= 7575301) AND (id <= 7576300))

table 8 : explain SELECT DISTINCT c FROM sbtest8 WHERE id BETWEEN 2962719 AND 2963718 ORDER BY c
	Unique  (cost=3976.00..3981.01 rows=1002 width=121)
	  ->  Sort  (cost=3976.00..3978.51 rows=1002 width=121)
	        Sort Key: c
	        ->  Index Scan using sbtest8_pkey on sbtest8  (cost=0.43..3926.06 rows=1002 width=121)
	              Index Cond: ((id >= 2962719) AND (id <= 2963718))

explain: for point_selects :: explain SELECT c FROM sbtest%u WHERE id=%u
for: sum_ranges
table 1 : explain SELECT SUM(k) FROM sbtest1 WHERE id BETWEEN 7709515 AND 7710514
	Aggregate  (cost=4001.17..4001.18 rows=1 width=8)
	  ->  Bitmap Heap Scan on sbtest1  (cost=35.01..3998.59 rows=1032 width=4)
	        Recheck Cond: ((id >= 7709515) AND (id <= 7710514))
	        ->  Bitmap Index Scan on sbtest1_pkey  (cost=0.00..34.76 rows=1032 width=0)
	              Index Cond: ((id >= 7709515) AND (id <= 7710514))

table 2 : explain SELECT SUM(k) FROM sbtest2 WHERE id BETWEEN 6895207 AND 6896206
	Aggregate  (cost=4071.80..4071.81 rows=1 width=8)
	  ->  Bitmap Heap Scan on sbtest2  (cost=35.21..4069.18 rows=1051 width=4)
	        Recheck Cond: ((id >= 6895207) AND (id <= 6896206))
	        ->  Bitmap Index Scan on sbtest2_pkey  (cost=0.00..34.95 rows=1051 width=0)
	              Index Cond: ((id >= 6895207) AND (id <= 6896206))

table 3 : explain SELECT SUM(k) FROM sbtest3 WHERE id BETWEEN 8986150 AND 8987149
	Aggregate  (cost=3969.06..3969.07 rows=1 width=8)
	  ->  Bitmap Heap Scan on sbtest3  (cost=34.92..3966.50 rows=1023 width=4)
	        Recheck Cond: ((id >= 8986150) AND (id <= 8987149))
	        ->  Bitmap Index Scan on sbtest3_pkey  (cost=0.00..34.67 rows=1023 width=0)
	              Index Cond: ((id >= 8986150) AND (id <= 8987149))

table 4 : explain SELECT SUM(k) FROM sbtest4 WHERE id BETWEEN 2873908 AND 2874907
	Aggregate  (cost=3528.58..3528.59 rows=1 width=8)
	  ->  Bitmap Heap Scan on sbtest4  (cost=29.73..3526.31 rows=907 width=4)
	        Recheck Cond: ((id >= 2873908) AND (id <= 2874907))
	        ->  Bitmap Index Scan on sbtest4_pkey  (cost=0.00..29.50 rows=907 width=0)
	              Index Cond: ((id >= 2873908) AND (id <= 2874907))

table 5 : explain SELECT SUM(k) FROM sbtest5 WHERE id BETWEEN 9654778 AND 9655777
	Aggregate  (cost=3775.13..3775.14 rows=1 width=8)
	  ->  Bitmap Heap Scan on sbtest5  (cost=34.41..3772.70 rows=973 width=4)
	        Recheck Cond: ((id >= 9654778) AND (id <= 9655777))
	        ->  Bitmap Index Scan on sbtest5_pkey  (cost=0.00..34.17 rows=973 width=0)
	              Index Cond: ((id >= 9654778) AND (id <= 9655777))

table 6 : explain SELECT SUM(k) FROM sbtest6 WHERE id BETWEEN 4676268 AND 4677267
	Aggregate  (cost=4136.21..4136.22 rows=1 width=8)
	  ->  Bitmap Heap Scan on sbtest6  (cost=35.38..4133.54 rows=1068 width=4)
	        Recheck Cond: ((id >= 4676268) AND (id <= 4677267))
	        ->  Bitmap Index Scan on sbtest6_pkey  (cost=0.00..35.12 rows=1068 width=0)
	              Index Cond: ((id >= 4676268) AND (id <= 4677267))

table 7 : explain SELECT SUM(k) FROM sbtest7 WHERE id BETWEEN 8639294 AND 8640293
	Aggregate  (cost=3809.86..3809.87 rows=1 width=8)
	  ->  Bitmap Heap Scan on sbtest7  (cost=34.48..3807.41 rows=980 width=4)
	        Recheck Cond: ((id >= 8639294) AND (id <= 8640293))
	        ->  Bitmap Index Scan on sbtest7_pkey  (cost=0.00..34.23 rows=980 width=0)
	              Index Cond: ((id >= 8639294) AND (id <= 8640293))

table 8 : explain SELECT SUM(k) FROM sbtest8 WHERE id BETWEEN 107455 AND 108454
	Aggregate  (cost=3795.96..3795.97 rows=1 width=8)
	  ->  Index Scan using sbtest8_pkey on sbtest8  (cost=0.43..3793.54 rows=968 width=4)
	        Index Cond: ((id >= 107455) AND (id <= 108454))

for: distinct_ranges
table 1 : explain SELECT DISTINCT c FROM sbtest1 WHERE id BETWEEN 58666 AND 59665 ORDER BY c
	Unique  (cost=4157.35..4162.65 rows=1060 width=121)
	  ->  Sort  (cost=4157.35..4160.00 rows=1060 width=121)
	        Sort Key: c
	        ->  Bitmap Heap Scan on sbtest1  (cost=35.30..4104.08 rows=1060 width=121)
	              Recheck Cond: ((id >= 58666) AND (id <= 59665))
	              ->  Bitmap Index Scan on sbtest1_pkey  (cost=0.00..35.04 rows=1060 width=0)
	                    Index Cond: ((id >= 58666) AND (id <= 59665))

table 2 : explain SELECT DISTINCT c FROM sbtest2 WHERE id BETWEEN 4427246 AND 4428245 ORDER BY c
	Unique  (cost=3815.71..3820.56 rows=971 width=121)
	  ->  Sort  (cost=3815.71..3818.14 rows=971 width=121)
	        Sort Key: c
	        ->  Bitmap Heap Scan on sbtest2  (cost=34.39..3767.53 rows=971 width=121)
	              Recheck Cond: ((id >= 4427246) AND (id <= 4428245))
	              ->  Bitmap Index Scan on sbtest2_pkey  (cost=0.00..34.15 rows=971 width=0)
	                    Index Cond: ((id >= 4427246) AND (id <= 4428245))

table 3 : explain SELECT DISTINCT c FROM sbtest3 WHERE id BETWEEN 9235687 AND 9236686 ORDER BY c
	Unique  (cost=4055.94..4061.11 rows=1033 width=121)
	  ->  Sort  (cost=4055.94..4058.53 rows=1033 width=121)
	        Sort Key: c
	        ->  Bitmap Heap Scan on sbtest3  (cost=35.02..4004.23 rows=1033 width=121)
	              Recheck Cond: ((id >= 9235687) AND (id <= 9236686))
	              ->  Bitmap Index Scan on sbtest3_pkey  (cost=0.00..34.77 rows=1033 width=0)
	                    Index Cond: ((id >= 9235687) AND (id <= 9236686))

table 4 : explain SELECT DISTINCT c FROM sbtest4 WHERE id BETWEEN 1922148 AND 1923147 ORDER BY c
	Unique  (cost=4120.11..4125.36 rows=1049 width=121)
	  ->  Sort  (cost=4120.11..4122.73 rows=1049 width=121)
	        Sort Key: c
	        ->  Bitmap Heap Scan on sbtest4  (cost=35.19..4067.48 rows=1049 width=121)
	              Recheck Cond: ((id >= 1922148) AND (id <= 1923147))
	              ->  Bitmap Index Scan on sbtest4_pkey  (cost=0.00..34.93 rows=1049 width=0)
	                    Index Cond: ((id >= 1922148) AND (id <= 1923147))

table 5 : explain SELECT DISTINCT c FROM sbtest5 WHERE id BETWEEN 6350094 AND 6351093 ORDER BY c
	Unique  (cost=3901.37..3906.34 rows=994 width=121)
	  ->  Sort  (cost=3901.37..3903.85 rows=994 width=121)
	        Sort Key: c
	        ->  Bitmap Heap Scan on sbtest5  (cost=34.62..3851.88 rows=994 width=121)
	              Recheck Cond: ((id >= 6350094) AND (id <= 6351093))
	              ->  Bitmap Index Scan on sbtest5_pkey  (cost=0.00..34.38 rows=994 width=0)
	                    Index Cond: ((id >= 6350094) AND (id <= 6351093))

table 6 : explain SELECT DISTINCT c FROM sbtest6 WHERE id BETWEEN 6942127 AND 6943126 ORDER BY c
	Unique  (cost=4072.57..4077.76 rows=1038 width=121)
	  ->  Sort  (cost=4072.57..4075.16 rows=1038 width=121)
	        Sort Key: c
	        ->  Bitmap Heap Scan on sbtest6  (cost=35.07..4020.57 rows=1038 width=121)
	              Recheck Cond: ((id >= 6942127) AND (id <= 6943126))
	              ->  Bitmap Index Scan on sbtest6_pkey  (cost=0.00..34.82 rows=1038 width=0)
	                    Index Cond: ((id >= 6942127) AND (id <= 6943126))

table 7 : explain SELECT DISTINCT c FROM sbtest7 WHERE id BETWEEN 8699496 AND 8700495 ORDER BY c
	Unique  (cost=4040.30..4045.44 rows=1028 width=121)
	  ->  Sort  (cost=4040.30..4042.87 rows=1028 width=121)
	        Sort Key: c
	        ->  Bitmap Heap Scan on sbtest7  (cost=34.97..3988.88 rows=1028 width=121)
	              Recheck Cond: ((id >= 8699496) AND (id <= 8700495))
	              ->  Bitmap Index Scan on sbtest7_pkey  (cost=0.00..34.72 rows=1028 width=0)
	                    Index Cond: ((id >= 8699496) AND (id <= 8700495))

table 8 : explain SELECT DISTINCT c FROM sbtest8 WHERE id BETWEEN 6045902 AND 6046901 ORDER BY c
	Unique  (cost=3912.71..3917.64 rows=986 width=121)
	  ->  Sort  (cost=3912.71..3915.18 rows=986 width=121)
	        Sort Key: c
	        ->  Index Scan using sbtest8_pkey on sbtest8  (cost=0.43..3863.68 rows=986 width=121)
	              Index Cond: ((id >= 6045902) AND (id <= 6046901))

for: distinct_ranges
table 1 : explain SELECT DISTINCT c FROM sbtest1 WHERE id BETWEEN 5819084 AND 5820083 ORDER BY c
	Unique  (cost=3939.23..3944.24 rows=1003 width=121)
	  ->  Sort  (cost=3939.23..3941.73 rows=1003 width=121)
	        Sort Key: c
	        ->  Bitmap Heap Scan on sbtest1  (cost=34.72..3889.23 rows=1003 width=121)
	              Recheck Cond: ((id >= 5819084) AND (id <= 5820083))
	              ->  Bitmap Index Scan on sbtest1_pkey  (cost=0.00..34.47 rows=1003 width=0)
	                    Index Cond: ((id >= 5819084) AND (id <= 5820083))

table 2 : explain SELECT DISTINCT c FROM sbtest2 WHERE id BETWEEN 1160161 AND 1161160 ORDER BY c
	Unique  (cost=4033.96..4039.10 rows=1028 width=121)
	  ->  Sort  (cost=4033.96..4036.53 rows=1028 width=121)
	        Sort Key: c
	        ->  Bitmap Heap Scan on sbtest2  (cost=34.97..3982.54 rows=1028 width=121)
	              Recheck Cond: ((id >= 1160161) AND (id <= 1161160))
	              ->  Bitmap Index Scan on sbtest2_pkey  (cost=0.00..34.72 rows=1028 width=0)
	                    Index Cond: ((id >= 1160161) AND (id <= 1161160))

table 3 : explain SELECT DISTINCT c FROM sbtest3 WHERE id BETWEEN 198321 AND 199320 ORDER BY c
	Unique  (cost=3741.56..3746.31 rows=951 width=121)
	  ->  Sort  (cost=3741.56..3743.93 rows=951 width=121)
	        Sort Key: c
	        ->  Bitmap Heap Scan on sbtest3  (cost=34.18..3694.51 rows=951 width=121)
	              Recheck Cond: ((id >= 198321) AND (id <= 199320))
	              ->  Bitmap Index Scan on sbtest3_pkey  (cost=0.00..33.95 rows=951 width=0)
	                    Index Cond: ((id >= 198321) AND (id <= 199320))

table 4 : explain SELECT DISTINCT c FROM sbtest4 WHERE id BETWEEN 9399795 AND 9400794 ORDER BY c
	Unique  (cost=3985.94..3991.01 rows=1014 width=121)
	  ->  Sort  (cost=3985.94..3988.47 rows=1014 width=121)
	        Sort Key: c
	        ->  Bitmap Heap Scan on sbtest4  (cost=34.83..3935.31 rows=1014 width=121)
	              Recheck Cond: ((id >= 9399795) AND (id <= 9400794))
	              ->  Bitmap Index Scan on sbtest4_pkey  (cost=0.00..34.58 rows=1014 width=0)
	                    Index Cond: ((id >= 9399795) AND (id <= 9400794))

table 5 : explain SELECT DISTINCT c FROM sbtest5 WHERE id BETWEEN 9946855 AND 9947854 ORDER BY c
	Unique  (cost=3679.25..3683.93 rows=936 width=121)
	  ->  Sort  (cost=3679.25..3681.59 rows=936 width=121)
	        Sort Key: c
	        ->  Bitmap Heap Scan on sbtest5  (cost=34.03..3633.06 rows=936 width=121)
	              Recheck Cond: ((id >= 9946855) AND (id <= 9947854))
	              ->  Bitmap Index Scan on sbtest5_pkey  (cost=0.00..33.80 rows=936 width=0)
	                    Index Cond: ((id >= 9946855) AND (id <= 9947854))

table 6 : explain SELECT DISTINCT c FROM sbtest6 WHERE id BETWEEN 3574772 AND 3575771 ORDER BY c
	Unique  (cost=3754.69..3759.46 rows=955 width=121)
	  ->  Sort  (cost=3754.69..3757.07 rows=955 width=121)
	        Sort Key: c
	        ->  Bitmap Heap Scan on sbtest6  (cost=34.22..3707.42 rows=955 width=121)
	              Recheck Cond: ((id >= 3574772) AND (id <= 3575771))
	              ->  Bitmap Index Scan on sbtest6_pkey  (cost=0.00..33.98 rows=955 width=0)
	                    Index Cond: ((id >= 3574772) AND (id <= 3575771))

table 7 : explain SELECT DISTINCT c FROM sbtest7 WHERE id BETWEEN 619599 AND 620598 ORDER BY c
	Unique  (cost=4013.46..4018.56 rows=1021 width=121)
	  ->  Sort  (cost=4013.46..4016.01 rows=1021 width=121)
	        Sort Key: c
	        ->  Bitmap Heap Scan on sbtest7  (cost=34.90..3962.43 rows=1021 width=121)
	              Recheck Cond: ((id >= 619599) AND (id <= 620598))
	              ->  Bitmap Index Scan on sbtest7_pkey  (cost=0.00..34.65 rows=1021 width=0)
	                    Index Cond: ((id >= 619599) AND (id <= 620598))

table 8 : explain SELECT DISTINCT c FROM sbtest8 WHERE id BETWEEN 8675638 AND 8676637 ORDER BY c
	Unique  (cost=4061.59..4066.76 rows=1034 width=121)
	  ->  Sort  (cost=4061.59..4064.17 rows=1034 width=121)
	        Sort Key: c
	        ->  Bitmap Heap Scan on sbtest8  (cost=35.03..4009.81 rows=1034 width=121)
	              Recheck Cond: ((id >= 8675638) AND (id <= 8676637))
	              ->  Bitmap Index Scan on sbtest8_pkey  (cost=0.00..34.78 rows=1034 width=0)
	                    Index Cond: ((id >= 8675638) AND (id <= 8676637))

for: simple_ranges
table 1 : explain SELECT c FROM sbtest1 WHERE id BETWEEN 8704762 AND 8705761
	Bitmap Heap Scan on sbtest1  (cost=34.06..3647.50 rows=939 width=121)
	  Recheck Cond: ((id >= 8704762) AND (id <= 8705761))
	  ->  Bitmap Index Scan on sbtest1_pkey  (cost=0.00..33.83 rows=939 width=0)
	        Index Cond: ((id >= 8704762) AND (id <= 8705761))

table 2 : explain SELECT c FROM sbtest2 WHERE id BETWEEN 9764228 AND 9765227
	Bitmap Heap Scan on sbtest2  (cost=34.78..3910.91 rows=1009 width=121)
	  Recheck Cond: ((id >= 9764228) AND (id <= 9765227))
	  ->  Bitmap Index Scan on sbtest2_pkey  (cost=0.00..34.53 rows=1009 width=0)
	        Index Cond: ((id >= 9764228) AND (id <= 9765227))

table 3 : explain SELECT c FROM sbtest3 WHERE id BETWEEN 4057305 AND 4058304
	Bitmap Heap Scan on sbtest3  (cost=34.05..3645.33 rows=938 width=121)
	  Recheck Cond: ((id >= 4057305) AND (id <= 4058304))
	  ->  Bitmap Index Scan on sbtest3_pkey  (cost=0.00..33.82 rows=938 width=0)
	        Index Cond: ((id >= 4057305) AND (id <= 4058304))

table 4 : explain SELECT c FROM sbtest4 WHERE id BETWEEN 2031822 AND 2032821
	Bitmap Heap Scan on sbtest4  (cost=34.19..3700.82 rows=952 width=121)
	  Recheck Cond: ((id >= 2031822) AND (id <= 2032821))
	  ->  Bitmap Index Scan on sbtest4_pkey  (cost=0.00..33.95 rows=952 width=0)
	        Index Cond: ((id >= 2031822) AND (id <= 2032821))

table 5 : explain SELECT c FROM sbtest5 WHERE id BETWEEN 8645107 AND 8646106
	Bitmap Heap Scan on sbtest5  (cost=34.52..3814.18 rows=984 width=121)
	  Recheck Cond: ((id >= 8645107) AND (id <= 8646106))
	  ->  Bitmap Index Scan on sbtest5_pkey  (cost=0.00..34.28 rows=984 width=0)
	        Index Cond: ((id >= 8645107) AND (id <= 8646106))

table 6 : explain SELECT c FROM sbtest6 WHERE id BETWEEN 290968 AND 291967
	Bitmap Heap Scan on sbtest6  (cost=34.08..3654.51 rows=941 width=121)
	  Recheck Cond: ((id >= 290968) AND (id <= 291967))
	  ->  Bitmap Index Scan on sbtest6_pkey  (cost=0.00..33.84 rows=941 width=0)
	        Index Cond: ((id >= 290968) AND (id <= 291967))

table 7 : explain SELECT c FROM sbtest7 WHERE id BETWEEN 9665325 AND 9666324
	Bitmap Heap Scan on sbtest7  (cost=35.32..4117.25 rows=1062 width=121)
	  Recheck Cond: ((id >= 9665325) AND (id <= 9666324))
	  ->  Bitmap Index Scan on sbtest7_pkey  (cost=0.00..35.06 rows=1062 width=0)
	        Index Cond: ((id >= 9665325) AND (id <= 9666324))

table 8 : explain SELECT c FROM sbtest8 WHERE id BETWEEN 2635373 AND 2636372
	Index Scan using sbtest8_pkey on sbtest8  (cost=0.43..3622.03 rows=924 width=121)
	  Index Cond: ((id >= 2635373) AND (id <= 2636372))

for point_selects
table 1 : explain SELECT c FROM sbtest1 WHERE id=3382231
	Index Scan using sbtest1_pkey on sbtest1  (cost=0.43..8.45 rows=1 width=121)
	  Index Cond: (id = 3382231)

table 2 : explain SELECT c FROM sbtest2 WHERE id=188919
	Index Scan using sbtest2_pkey on sbtest2  (cost=0.43..8.45 rows=1 width=121)
	  Index Cond: (id = 188919)

table 3 : explain SELECT c FROM sbtest3 WHERE id=708502
	Index Scan using sbtest3_pkey on sbtest3  (cost=0.43..8.45 rows=1 width=121)
	  Index Cond: (id = 708502)

table 4 : explain SELECT c FROM sbtest4 WHERE id=2897090
	Index Scan using sbtest4_pkey on sbtest4  (cost=0.43..8.45 rows=1 width=121)
	  Index Cond: (id = 2897090)

table 5 : explain SELECT c FROM sbtest5 WHERE id=8859557
	Index Scan using sbtest5_pkey on sbtest5  (cost=0.43..8.45 rows=1 width=121)
	  Index Cond: (id = 8859557)

table 6 : explain SELECT c FROM sbtest6 WHERE id=8131329
	Index Scan using sbtest6_pkey on sbtest6  (cost=0.43..8.45 rows=1 width=121)
	  Index Cond: (id = 8131329)

table 7 : explain SELECT c FROM sbtest7 WHERE id=5576383
	Index Scan using sbtest7_pkey on sbtest7  (cost=0.43..8.45 rows=1 width=121)
	  Index Cond: (id = 5576383)

table 8 : explain SELECT c FROM sbtest8 WHERE id=530688
	Index Scan using sbtest8_pkey on sbtest8  (cost=0.43..8.45 rows=1 width=121)
	  Index Cond: (id = 530688)

for: distinct_ranges
table 1 : explain SELECT DISTINCT c FROM sbtest1 WHERE id BETWEEN 2052163 AND 2053162 ORDER BY c
	Unique  (cost=3946.89..3951.91 rows=1005 width=121)
	  ->  Sort  (cost=3946.89..3949.40 rows=1005 width=121)
	        Sort Key: c
	        ->  Bitmap Heap Scan on sbtest1  (cost=34.74..3896.77 rows=1005 width=121)
	              Recheck Cond: ((id >= 2052163) AND (id <= 2053162))
	              ->  Bitmap Index Scan on sbtest1_pkey  (cost=0.00..34.48 rows=1005 width=0)
	                    Index Cond: ((id >= 2052163) AND (id <= 2053162))

table 2 : explain SELECT DISTINCT c FROM sbtest2 WHERE id BETWEEN 4704006 AND 4705005 ORDER BY c
	Unique  (cost=3865.52..3870.44 rows=984 width=121)
	  ->  Sort  (cost=3865.52..3867.98 rows=984 width=121)
	        Sort Key: c
	        ->  Bitmap Heap Scan on sbtest2  (cost=34.52..3816.60 rows=984 width=121)
	              Recheck Cond: ((id >= 4704006) AND (id <= 4705005))
	              ->  Bitmap Index Scan on sbtest2_pkey  (cost=0.00..34.28 rows=984 width=0)
	                    Index Cond: ((id >= 4704006) AND (id <= 4705005))

table 3 : explain SELECT DISTINCT c FROM sbtest3 WHERE id BETWEEN 7388891 AND 7389890 ORDER BY c
	Unique  (cost=3864.34..3869.25 rows=983 width=121)
	  ->  Sort  (cost=3864.34..3866.80 rows=983 width=121)
	        Sort Key: c
	        ->  Bitmap Heap Scan on sbtest3  (cost=34.51..3815.48 rows=983 width=121)
	              Recheck Cond: ((id >= 7388891) AND (id <= 7389890))
	              ->  Bitmap Index Scan on sbtest3_pkey  (cost=0.00..34.27 rows=983 width=0)
	                    Index Cond: ((id >= 7388891) AND (id <= 7389890))

table 4 : explain SELECT DISTINCT c FROM sbtest4 WHERE id BETWEEN 2059879 AND 2060878 ORDER BY c
	Unique  (cost=3747.91..3752.67 rows=952 width=121)
	  ->  Sort  (cost=3747.91..3750.29 rows=952 width=121)
	        Sort Key: c
	        ->  Bitmap Heap Scan on sbtest4  (cost=34.19..3700.82 rows=952 width=121)
	              Recheck Cond: ((id >= 2059879) AND (id <= 2060878))
	              ->  Bitmap Index Scan on sbtest4_pkey  (cost=0.00..33.95 rows=952 width=0)
	                    Index Cond: ((id >= 2059879) AND (id <= 2060878))

table 5 : explain SELECT DISTINCT c FROM sbtest5 WHERE id BETWEEN 5265746 AND 5266745 ORDER BY c
	Unique  (cost=3744.40..3749.16 rows=953 width=121)
	  ->  Sort  (cost=3744.40..3746.78 rows=953 width=121)
	        Sort Key: c
	        ->  Bitmap Heap Scan on sbtest5  (cost=34.20..3697.24 rows=953 width=121)
	              Recheck Cond: ((id >= 5265746) AND (id <= 5266745))
	              ->  Bitmap Index Scan on sbtest5_pkey  (cost=0.00..33.97 rows=953 width=0)
	                    Index Cond: ((id >= 5265746) AND (id <= 5266745))

table 6 : explain SELECT DISTINCT c FROM sbtest6 WHERE id BETWEEN 5212605 AND 5213604 ORDER BY c
	Unique  (cost=3635.75..3640.37 rows=924 width=121)
	  ->  Sort  (cost=3635.75..3638.06 rows=924 width=121)
	        Sort Key: c
	        ->  Bitmap Heap Scan on sbtest6  (cost=33.91..3590.23 rows=924 width=121)
	              Recheck Cond: ((id >= 5212605) AND (id <= 5213604))
	              ->  Bitmap Index Scan on sbtest6_pkey  (cost=0.00..33.68 rows=924 width=0)
	                    Index Cond: ((id >= 5212605) AND (id <= 5213604))

table 7 : explain SELECT DISTINCT c FROM sbtest7 WHERE id BETWEEN 7113636 AND 7114635 ORDER BY c
	Unique  (cost=3813.85..3818.69 rows=969 width=121)
	  ->  Sort  (cost=3813.85..3816.27 rows=969 width=121)
	        Sort Key: c
	        ->  Bitmap Heap Scan on sbtest7  (cost=34.37..3765.78 rows=969 width=121)
	              Recheck Cond: ((id >= 7113636) AND (id <= 7114635))
	              ->  Bitmap Index Scan on sbtest7_pkey  (cost=0.00..34.12 rows=969 width=0)
	                    Index Cond: ((id >= 7113636) AND (id <= 7114635))

table 8 : explain SELECT DISTINCT c FROM sbtest8 WHERE id BETWEEN 4569545 AND 4570544 ORDER BY c
	Unique  (cost=4107.56..4112.79 rows=1046 width=121)
	  ->  Sort  (cost=4107.56..4110.17 rows=1046 width=121)
	        Sort Key: c
	        ->  Bitmap Heap Scan on sbtest8  (cost=35.16..4055.10 rows=1046 width=121)
	              Recheck Cond: ((id >= 4569545) AND (id <= 4570544))
	              ->  Bitmap Index Scan on sbtest8_pkey  (cost=0.00..34.90 rows=1046 width=0)
	                    Index Cond: ((id >= 4569545) AND (id <= 4570544))

for point_selects
table 1 : explain SELECT c FROM sbtest1 WHERE id=3419527
	Index Scan using sbtest1_pkey on sbtest1  (cost=0.43..8.45 rows=1 width=121)
	  Index Cond: (id = 3419527)

table 2 : explain SELECT c FROM sbtest2 WHERE id=3605819
	Index Scan using sbtest2_pkey on sbtest2  (cost=0.43..8.45 rows=1 width=121)
	  Index Cond: (id = 3605819)

table 3 : explain SELECT c FROM sbtest3 WHERE id=1977850
	Index Scan using sbtest3_pkey on sbtest3  (cost=0.43..8.45 rows=1 width=121)
	  Index Cond: (id = 1977850)

table 4 : explain SELECT c FROM sbtest4 WHERE id=4510991
	Index Scan using sbtest4_pkey on sbtest4  (cost=0.43..8.45 rows=1 width=121)
	  Index Cond: (id = 4510991)

table 5 : explain SELECT c FROM sbtest5 WHERE id=6250951
	Index Scan using sbtest5_pkey on sbtest5  (cost=0.43..8.45 rows=1 width=121)
	  Index Cond: (id = 6250951)

table 6 : explain SELECT c FROM sbtest6 WHERE id=8014740
	Index Scan using sbtest6_pkey on sbtest6  (cost=0.43..8.45 rows=1 width=121)
	  Index Cond: (id = 8014740)

table 7 : explain SELECT c FROM sbtest7 WHERE id=8513475
	Index Scan using sbtest7_pkey on sbtest7  (cost=0.43..8.45 rows=1 width=121)
	  Index Cond: (id = 8513475)

table 8 : explain SELECT c FROM sbtest8 WHERE id=4614249
	Index Scan using sbtest8_pkey on sbtest8  (cost=0.43..8.45 rows=1 width=121)
	  Index Cond: (id = 4614249)

for point_selects
table 1 : explain SELECT c FROM sbtest1 WHERE id=6633789
	Index Scan using sbtest1_pkey on sbtest1  (cost=0.43..8.45 rows=1 width=121)
	  Index Cond: (id = 6633789)

table 2 : explain SELECT c FROM sbtest2 WHERE id=5647080
	Index Scan using sbtest2_pkey on sbtest2  (cost=0.43..8.45 rows=1 width=121)
	  Index Cond: (id = 5647080)

table 3 : explain SELECT c FROM sbtest3 WHERE id=8400274
	Index Scan using sbtest3_pkey on sbtest3  (cost=0.43..8.45 rows=1 width=121)
	  Index Cond: (id = 8400274)

table 4 : explain SELECT c FROM sbtest4 WHERE id=6023214
	Index Scan using sbtest4_pkey on sbtest4  (cost=0.43..8.45 rows=1 width=121)
	  Index Cond: (id = 6023214)

table 5 : explain SELECT c FROM sbtest5 WHERE id=7762508
	Index Scan using sbtest5_pkey on sbtest5  (cost=0.43..8.45 rows=1 width=121)
	  Index Cond: (id = 7762508)

table 6 : explain SELECT c FROM sbtest6 WHERE id=2993755
	Index Scan using sbtest6_pkey on sbtest6  (cost=0.43..8.45 rows=1 width=121)
	  Index Cond: (id = 2993755)

table 7 : explain SELECT c FROM sbtest7 WHERE id=8463623
	Index Scan using sbtest7_pkey on sbtest7  (cost=0.43..8.45 rows=1 width=121)
	  Index Cond: (id = 8463623)

table 8 : explain SELECT c FROM sbtest8 WHERE id=2433482
	Index Scan using sbtest8_pkey on sbtest8  (cost=0.43..8.45 rows=1 width=121)
	  Index Cond: (id = 2433482)

for: order_ranges
table 1 : explain SELECT c FROM sbtest1 WHERE id BETWEEN 4221604 AND 4222603 ORDER BY c
	Sort  (cost=4375.27..4378.06 rows=1116 width=121)
	  Sort Key: c
	  ->  Bitmap Heap Scan on sbtest1  (cost=39.87..4318.78 rows=1116 width=121)
	        Recheck Cond: ((id >= 4221604) AND (id <= 4222603))
	        ->  Bitmap Index Scan on sbtest1_pkey  (cost=0.00..39.59 rows=1116 width=0)
	              Index Cond: ((id >= 4221604) AND (id <= 4222603))

table 2 : explain SELECT c FROM sbtest2 WHERE id BETWEEN 1569719 AND 1570718 ORDER BY c
	Sort  (cost=4133.39..4136.03 rows=1054 width=121)
	  Sort Key: c
	  ->  Bitmap Heap Scan on sbtest2  (cost=35.24..4080.47 rows=1054 width=121)
	        Recheck Cond: ((id >= 1569719) AND (id <= 1570718))
	        ->  Bitmap Index Scan on sbtest2_pkey  (cost=0.00..34.98 rows=1054 width=0)
	              Index Cond: ((id >= 1569719) AND (id <= 1570718))

table 3 : explain SELECT c FROM sbtest3 WHERE id BETWEEN 3202276 AND 3203275 ORDER BY c
	Sort  (cost=3664.75..3667.08 rows=931 width=121)
	  Sort Key: c
	  ->  Bitmap Heap Scan on sbtest3  (cost=33.98..3618.84 rows=931 width=121)
	        Recheck Cond: ((id >= 3202276) AND (id <= 3203275))
	        ->  Bitmap Index Scan on sbtest3_pkey  (cost=0.00..33.75 rows=931 width=0)
	              Index Cond: ((id >= 3202276) AND (id <= 3203275))

table 4 : explain SELECT c FROM sbtest4 WHERE id BETWEEN 1229069 AND 1230068 ORDER BY c
	Sort  (cost=3966.76..3969.28 rows=1009 width=121)
	  Sort Key: c
	  ->  Bitmap Heap Scan on sbtest4  (cost=34.78..3916.42 rows=1009 width=121)
	        Recheck Cond: ((id >= 1229069) AND (id <= 1230068))
	        ->  Bitmap Index Scan on sbtest4_pkey  (cost=0.00..34.53 rows=1009 width=0)
	              Index Cond: ((id >= 1229069) AND (id <= 1230068))

table 5 : explain SELECT c FROM sbtest5 WHERE id BETWEEN 9460842 AND 9461841 ORDER BY c
	Sort  (cost=4046.67..4049.25 rows=1032 width=121)
	  Sort Key: c
	  ->  Bitmap Heap Scan on sbtest5  (cost=35.01..3995.01 rows=1032 width=121)
	        Recheck Cond: ((id >= 9460842) AND (id <= 9461841))
	        ->  Bitmap Index Scan on sbtest5_pkey  (cost=0.00..34.76 rows=1032 width=0)
	              Index Cond: ((id >= 9460842) AND (id <= 9461841))

table 6 : explain SELECT c FROM sbtest6 WHERE id BETWEEN 9790304 AND 9791303 ORDER BY c
	Sort  (cost=4015.18..4017.74 rows=1023 width=121)
	  Sort Key: c
	  ->  Bitmap Heap Scan on sbtest6  (cost=34.92..3964.04 rows=1023 width=121)
	        Recheck Cond: ((id >= 9790304) AND (id <= 9791303))
	        ->  Bitmap Index Scan on sbtest6_pkey  (cost=0.00..34.67 rows=1023 width=0)
	              Index Cond: ((id >= 9790304) AND (id <= 9791303))

table 7 : explain SELECT c FROM sbtest7 WHERE id BETWEEN 5729705 AND 5730704 ORDER BY c
	Sort  (cost=3748.52..3750.90 rows=952 width=121)
	  Sort Key: c
	  ->  Bitmap Heap Scan on sbtest7  (cost=34.19..3701.42 rows=952 width=121)
	        Recheck Cond: ((id >= 5729705) AND (id <= 5730704))
	        ->  Bitmap Index Scan on sbtest7_pkey  (cost=0.00..33.95 rows=952 width=0)
	              Index Cond: ((id >= 5729705) AND (id <= 5730704))

table 8 : explain SELECT c FROM sbtest8 WHERE id BETWEEN 6679700 AND 6680699 ORDER BY c
	Sort  (cost=3849.46..3851.88 rows=970 width=121)
	  Sort Key: c
	  ->  Index Scan using sbtest8_pkey on sbtest8  (cost=0.43..3801.34 rows=970 width=121)
	        Index Cond: ((id >= 6679700) AND (id <= 6680699))

for point_selects
table 1 : explain SELECT c FROM sbtest1 WHERE id=3147997
	Index Scan using sbtest1_pkey on sbtest1  (cost=0.43..8.45 rows=1 width=121)
	  Index Cond: (id = 3147997)

table 2 : explain SELECT c FROM sbtest2 WHERE id=3618459
	Index Scan using sbtest2_pkey on sbtest2  (cost=0.43..8.45 rows=1 width=121)
	  Index Cond: (id = 3618459)

table 3 : explain SELECT c FROM sbtest3 WHERE id=8365281
	Index Scan using sbtest3_pkey on sbtest3  (cost=0.43..8.45 rows=1 width=121)
	  Index Cond: (id = 8365281)

table 4 : explain SELECT c FROM sbtest4 WHERE id=767896
	Index Scan using sbtest4_pkey on sbtest4  (cost=0.43..8.45 rows=1 width=121)
	  Index Cond: (id = 767896)

table 5 : explain SELECT c FROM sbtest5 WHERE id=5961718
	Index Scan using sbtest5_pkey on sbtest5  (cost=0.43..8.45 rows=1 width=121)
	  Index Cond: (id = 5961718)

table 6 : explain SELECT c FROM sbtest6 WHERE id=4061655
	Index Scan using sbtest6_pkey on sbtest6  (cost=0.43..8.45 rows=1 width=121)
	  Index Cond: (id = 4061655)

table 7 : explain SELECT c FROM sbtest7 WHERE id=8321041
	Index Scan using sbtest7_pkey on sbtest7  (cost=0.43..8.45 rows=1 width=121)
	  Index Cond: (id = 8321041)

table 8 : explain SELECT c FROM sbtest8 WHERE id=4365631
	Index Scan using sbtest8_pkey on sbtest8  (cost=0.43..8.45 rows=1 width=121)
	  Index Cond: (id = 4365631)

for point_selects
table 1 : explain SELECT c FROM sbtest1 WHERE id=12777
	Index Scan using sbtest1_pkey on sbtest1  (cost=0.43..8.45 rows=1 width=121)
	  Index Cond: (id = 12777)

table 2 : explain SELECT c FROM sbtest2 WHERE id=9551189
	Index Scan using sbtest2_pkey on sbtest2  (cost=0.43..8.45 rows=1 width=121)
	  Index Cond: (id = 9551189)

table 3 : explain SELECT c FROM sbtest3 WHERE id=2472291
	Index Scan using sbtest3_pkey on sbtest3  (cost=0.43..8.45 rows=1 width=121)
	  Index Cond: (id = 2472291)

table 4 : explain SELECT c FROM sbtest4 WHERE id=5486594
	Index Scan using sbtest4_pkey on sbtest4  (cost=0.43..8.45 rows=1 width=121)
	  Index Cond: (id = 5486594)

table 5 : explain SELECT c FROM sbtest5 WHERE id=3598790
	Index Scan using sbtest5_pkey on sbtest5  (cost=0.43..8.45 rows=1 width=121)
	  Index Cond: (id = 3598790)

table 6 : explain SELECT c FROM sbtest6 WHERE id=7429389
	Index Scan using sbtest6_pkey on sbtest6  (cost=0.43..8.45 rows=1 width=121)
	  Index Cond: (id = 7429389)

table 7 : explain SELECT c FROM sbtest7 WHERE id=4473364
	Index Scan using sbtest7_pkey on sbtest7  (cost=0.43..8.45 rows=1 width=121)
	  Index Cond: (id = 4473364)

table 8 : explain SELECT c FROM sbtest8 WHERE id=6300453
	Index Scan using sbtest8_pkey on sbtest8  (cost=0.43..8.45 rows=1 width=121)
	  Index Cond: (id = 6300453)

for: order_ranges
table 1 : explain SELECT c FROM sbtest1 WHERE id BETWEEN 6203598 AND 6204597 ORDER BY c
	Sort  (cost=3923.91..3926.40 rows=999 width=121)
	  Sort Key: c
	  ->  Bitmap Heap Scan on sbtest1  (cost=34.67..3874.13 rows=999 width=121)
	        Recheck Cond: ((id >= 6203598) AND (id <= 6204597))
	        ->  Bitmap Index Scan on sbtest1_pkey  (cost=0.00..34.43 rows=999 width=0)
	              Index Cond: ((id >= 6203598) AND (id <= 6204597))

table 2 : explain SELECT c FROM sbtest2 WHERE id BETWEEN 1139380 AND 1140379 ORDER BY c
	Sort  (cost=4033.96..4036.53 rows=1028 width=121)
	  Sort Key: c
	  ->  Bitmap Heap Scan on sbtest2  (cost=34.97..3982.54 rows=1028 width=121)
	        Recheck Cond: ((id >= 1139380) AND (id <= 1140379))
	        ->  Bitmap Index Scan on sbtest2_pkey  (cost=0.00..34.72 rows=1028 width=0)
	              Index Cond: ((id >= 1139380) AND (id <= 1140379))

table 3 : explain SELECT c FROM sbtest3 WHERE id BETWEEN 4256971 AND 4257970 ORDER BY c
	Sort  (cost=3818.31..3820.74 rows=971 width=121)
	  Sort Key: c
	  ->  Bitmap Heap Scan on sbtest3  (cost=34.39..3770.13 rows=971 width=121)
	        Recheck Cond: ((id >= 4256971) AND (id <= 4257970))
	        ->  Bitmap Index Scan on sbtest3_pkey  (cost=0.00..34.15 rows=971 width=0)
	              Index Cond: ((id >= 4256971) AND (id <= 4257970))

table 4 : explain SELECT c FROM sbtest4 WHERE id BETWEEN 1305614 AND 1306613 ORDER BY c
	Sort  (cost=4020.45..4023.01 rows=1023 width=121)
	  Sort Key: c
	  ->  Bitmap Heap Scan on sbtest4  (cost=34.92..3969.31 rows=1023 width=121)
	        Recheck Cond: ((id >= 1305614) AND (id <= 1306613))
	        ->  Bitmap Index Scan on sbtest4_pkey  (cost=0.00..34.67 rows=1023 width=0)
	              Index Cond: ((id >= 1305614) AND (id <= 1306613))

table 5 : explain SELECT c FROM sbtest5 WHERE id BETWEEN 2850902 AND 2851901 ORDER BY c
	Sort  (cost=4073.41..4076.01 rows=1039 width=121)
	  Sort Key: c
	  ->  Bitmap Heap Scan on sbtest5  (cost=35.08..4021.35 rows=1039 width=121)
	        Recheck Cond: ((id >= 2850902) AND (id <= 2851901))
	        ->  Bitmap Index Scan on sbtest5_pkey  (cost=0.00..34.83 rows=1039 width=0)
	              Index Cond: ((id >= 2850902) AND (id <= 2851901))

table 6 : explain SELECT c FROM sbtest6 WHERE id BETWEEN 2347079 AND 2348078 ORDER BY c
	Sort  (cost=3930.96..3933.47 rows=1001 width=121)
	  Sort Key: c
	  ->  Bitmap Heap Scan on sbtest6  (cost=34.70..3881.08 rows=1001 width=121)
	        Recheck Cond: ((id >= 2347079) AND (id <= 2348078))
	        ->  Bitmap Index Scan on sbtest6_pkey  (cost=0.00..34.45 rows=1001 width=0)
	              Index Cond: ((id >= 2347079) AND (id <= 2348078))

table 7 : explain SELECT c FROM sbtest7 WHERE id BETWEEN 743769 AND 744768 ORDER BY c
	Sort  (cost=4243.40..4246.10 rows=1081 width=121)
	  Sort Key: c
	  ->  Bitmap Heap Scan on sbtest7  (cost=35.52..4188.92 rows=1081 width=121)
	        Recheck Cond: ((id >= 743769) AND (id <= 744768))
	        ->  Bitmap Index Scan on sbtest7_pkey  (cost=0.00..35.25 rows=1081 width=0)
	              Index Cond: ((id >= 743769) AND (id <= 744768))

table 8 : explain SELECT c FROM sbtest8 WHERE id BETWEEN 1073152 AND 1074151 ORDER BY c
	Sort  (cost=4168.83..4171.48 rows=1062 width=121)
	  Sort Key: c
	  ->  Bitmap Heap Scan on sbtest8  (cost=35.32..4115.45 rows=1062 width=121)
	        Recheck Cond: ((id >= 1073152) AND (id <= 1074151))
	        ->  Bitmap Index Scan on sbtest8_pkey  (cost=0.00..35.06 rows=1062 width=0)
	              Index Cond: ((id >= 1073152) AND (id <= 1074151))

for point_selects
table 1 : explain SELECT c FROM sbtest1 WHERE id=4306037
	Index Scan using sbtest1_pkey on sbtest1  (cost=0.43..8.45 rows=1 width=121)
	  Index Cond: (id = 4306037)

table 2 : explain SELECT c FROM sbtest2 WHERE id=853854
	Index Scan using sbtest2_pkey on sbtest2  (cost=0.43..8.45 rows=1 width=121)
	  Index Cond: (id = 853854)

table 3 : explain SELECT c FROM sbtest3 WHERE id=836804
	Index Scan using sbtest3_pkey on sbtest3  (cost=0.43..8.45 rows=1 width=121)
	  Index Cond: (id = 836804)

table 4 : explain SELECT c FROM sbtest4 WHERE id=1315840
	Index Scan using sbtest4_pkey on sbtest4  (cost=0.43..8.45 rows=1 width=121)
	  Index Cond: (id = 1315840)

table 5 : explain SELECT c FROM sbtest5 WHERE id=6961712
	Index Scan using sbtest5_pkey on sbtest5  (cost=0.43..8.45 rows=1 width=121)
	  Index Cond: (id = 6961712)

table 6 : explain SELECT c FROM sbtest6 WHERE id=4769755
	Index Scan using sbtest6_pkey on sbtest6  (cost=0.43..8.45 rows=1 width=121)
	  Index Cond: (id = 4769755)

table 7 : explain SELECT c FROM sbtest7 WHERE id=4026121
	Index Scan using sbtest7_pkey on sbtest7  (cost=0.43..8.45 rows=1 width=121)
	  Index Cond: (id = 4026121)

table 8 : explain SELECT c FROM sbtest8 WHERE id=2528149
	Index Scan using sbtest8_pkey on sbtest8  (cost=0.43..8.45 rows=1 width=121)
	  Index Cond: (id = 2528149)

for point_selects
table 1 : explain SELECT c FROM sbtest1 WHERE id=9215912
	Index Scan using sbtest1_pkey on sbtest1  (cost=0.43..8.45 rows=1 width=121)
	  Index Cond: (id = 9215912)

table 2 : explain SELECT c FROM sbtest2 WHERE id=5270787
	Index Scan using sbtest2_pkey on sbtest2  (cost=0.43..8.45 rows=1 width=121)
	  Index Cond: (id = 5270787)

table 3 : explain SELECT c FROM sbtest3 WHERE id=2274056
	Index Scan using sbtest3_pkey on sbtest3  (cost=0.43..8.45 rows=1 width=121)
	  Index Cond: (id = 2274056)

table 4 : explain SELECT c FROM sbtest4 WHERE id=4684234
	Index Scan using sbtest4_pkey on sbtest4  (cost=0.43..8.45 rows=1 width=121)
	  Index Cond: (id = 4684234)

table 5 : explain SELECT c FROM sbtest5 WHERE id=1264800
	Index Scan using sbtest5_pkey on sbtest5  (cost=0.43..8.45 rows=1 width=121)
	  Index Cond: (id = 1264800)

table 6 : explain SELECT c FROM sbtest6 WHERE id=7052254
	Index Scan using sbtest6_pkey on sbtest6  (cost=0.43..8.45 rows=1 width=121)
	  Index Cond: (id = 7052254)

table 7 : explain SELECT c FROM sbtest7 WHERE id=9204862
	Index Scan using sbtest7_pkey on sbtest7  (cost=0.43..8.45 rows=1 width=121)
	  Index Cond: (id = 9204862)

table 8 : explain SELECT c FROM sbtest8 WHERE id=1484057
	Index Scan using sbtest8_pkey on sbtest8  (cost=0.43..8.45 rows=1 width=121)
	  Index Cond: (id = 1484057)

for: simple_ranges
table 1 : explain SELECT c FROM sbtest1 WHERE id BETWEEN 7213744 AND 7214743
	Bitmap Heap Scan on sbtest1  (cost=34.45..3791.09 rows=977 width=121)
	  Recheck Cond: ((id >= 7213744) AND (id <= 7214743))
	  ->  Bitmap Index Scan on sbtest1_pkey  (cost=0.00..34.20 rows=977 width=0)
	        Index Cond: ((id >= 7213744) AND (id <= 7214743))

table 2 : explain SELECT c FROM sbtest2 WHERE id BETWEEN 688831 AND 689830
	Bitmap Heap Scan on sbtest2  (cost=35.18..4057.88 rows=1048 width=121)
	  Recheck Cond: ((id >= 688831) AND (id <= 689830))
	  ->  Bitmap Index Scan on sbtest2_pkey  (cost=0.00..34.92 rows=1048 width=0)
	        Index Cond: ((id >= 688831) AND (id <= 689830))

table 3 : explain SELECT c FROM sbtest3 WHERE id BETWEEN 5803086 AND 5804085
	Bitmap Heap Scan on sbtest3  (cost=34.42..3781.47 rows=974 width=121)
	  Recheck Cond: ((id >= 5803086) AND (id <= 5804085))
	  ->  Bitmap Index Scan on sbtest3_pkey  (cost=0.00..34.18 rows=974 width=0)
	        Index Cond: ((id >= 5803086) AND (id <= 5804085))

table 4 : explain SELECT c FROM sbtest4 WHERE id BETWEEN 4365811 AND 4366810
	Bitmap Heap Scan on sbtest4  (cost=34.41..3780.29 rows=973 width=121)
	  Recheck Cond: ((id >= 4365811) AND (id <= 4366810))
	  ->  Bitmap Index Scan on sbtest4_pkey  (cost=0.00..34.17 rows=973 width=0)
	        Index Cond: ((id >= 4365811) AND (id <= 4366810))

table 5 : explain SELECT c FROM sbtest5 WHERE id BETWEEN 4345232 AND 4346231
	Bitmap Heap Scan on sbtest5  (cost=34.92..3961.13 rows=1023 width=121)
	  Recheck Cond: ((id >= 4345232) AND (id <= 4346231))
	  ->  Bitmap Index Scan on sbtest5_pkey  (cost=0.00..34.67 rows=1023 width=0)
	        Index Cond: ((id >= 4345232) AND (id <= 4346231))

table 6 : explain SELECT c FROM sbtest6 WHERE id BETWEEN 7066950 AND 7067949
	Bitmap Heap Scan on sbtest6  (cost=35.05..4013.03 rows=1036 width=121)
	  Recheck Cond: ((id >= 7066950) AND (id <= 7067949))
	  ->  Bitmap Index Scan on sbtest6_pkey  (cost=0.00..34.80 rows=1036 width=0)
	        Index Cond: ((id >= 7066950) AND (id <= 7067949))

table 7 : explain SELECT c FROM sbtest7 WHERE id BETWEEN 2429034 AND 2430033
	Bitmap Heap Scan on sbtest7  (cost=34.36..3762.00 rows=968 width=121)
	  Recheck Cond: ((id >= 2429034) AND (id <= 2430033))
	  ->  Bitmap Index Scan on sbtest7_pkey  (cost=0.00..34.12 rows=968 width=0)
	        Index Cond: ((id >= 2429034) AND (id <= 2430033))

table 8 : explain SELECT c FROM sbtest8 WHERE id BETWEEN 9412143 AND 9413142
	Index Scan using sbtest8_pkey on sbtest8  (cost=0.43..3746.75 rows=956 width=121)
	  Index Cond: ((id >= 9412143) AND (id <= 9413142))

for: simple_ranges
table 1 : explain SELECT c FROM sbtest1 WHERE id BETWEEN 4021376 AND 4022375
	Bitmap Heap Scan on sbtest1  (cost=34.02..3632.37 rows=935 width=121)
	  Recheck Cond: ((id >= 4021376) AND (id <= 4022375))
	  ->  Bitmap Index Scan on sbtest1_pkey  (cost=0.00..33.79 rows=935 width=0)
	        Index Cond: ((id >= 4021376) AND (id <= 4022375))

table 2 : explain SELECT c FROM sbtest2 WHERE id BETWEEN 3511772 AND 3512771
	Bitmap Heap Scan on sbtest2  (cost=34.17..3688.21 rows=950 width=121)
	  Recheck Cond: ((id >= 3511772) AND (id <= 3512771))
	  ->  Bitmap Index Scan on sbtest2_pkey  (cost=0.00..33.94 rows=950 width=0)
	        Index Cond: ((id >= 3511772) AND (id <= 3512771))

table 3 : explain SELECT c FROM sbtest3 WHERE id BETWEEN 4609963 AND 4610962
	Bitmap Heap Scan on sbtest3  (cost=34.87..3947.64 rows=1018 width=121)
	  Recheck Cond: ((id >= 4609963) AND (id <= 4610962))
	  ->  Bitmap Index Scan on sbtest3_pkey  (cost=0.00..34.62 rows=1018 width=0)
	        Index Cond: ((id >= 4609963) AND (id <= 4610962))

table 4 : explain SELECT c FROM sbtest4 WHERE id BETWEEN 9276470 AND 9277469
	Bitmap Heap Scan on sbtest4  (cost=34.45..3795.43 rows=977 width=121)
	  Recheck Cond: ((id >= 9276470) AND (id <= 9277469))
	  ->  Bitmap Index Scan on sbtest4_pkey  (cost=0.00..34.20 rows=977 width=0)
	        Index Cond: ((id >= 9276470) AND (id <= 9277469))

table 5 : explain SELECT c FROM sbtest5 WHERE id BETWEEN 9706479 AND 9707478
	Bitmap Heap Scan on sbtest5  (cost=34.86..3938.53 rows=1017 width=121)
	  Recheck Cond: ((id >= 9706479) AND (id <= 9707478))
	  ->  Bitmap Index Scan on sbtest5_pkey  (cost=0.00..34.61 rows=1017 width=0)
	        Index Cond: ((id >= 9706479) AND (id <= 9707478))

table 6 : explain SELECT c FROM sbtest6 WHERE id BETWEEN 3274696 AND 3275695
	Bitmap Heap Scan on sbtest6  (cost=34.07..3650.73 rows=940 width=121)
	  Recheck Cond: ((id >= 3274696) AND (id <= 3275695))
	  ->  Bitmap Index Scan on sbtest6_pkey  (cost=0.00..33.84 rows=940 width=0)
	        Index Cond: ((id >= 3274696) AND (id <= 3275695))

table 7 : explain SELECT c FROM sbtest7 WHERE id BETWEEN 7892984 AND 7893983
	Bitmap Heap Scan on sbtest7  (cost=34.75..3905.74 rows=1006 width=121)
	  Recheck Cond: ((id >= 7892984) AND (id <= 7893983))
	  ->  Bitmap Index Scan on sbtest7_pkey  (cost=0.00..34.50 rows=1006 width=0)
	        Index Cond: ((id >= 7892984) AND (id <= 7893983))

table 8 : explain SELECT c FROM sbtest8 WHERE id BETWEEN 6509317 AND 6510316
	Index Scan using sbtest8_pkey on sbtest8  (cost=0.43..3781.85 rows=965 width=121)
	  Index Cond: ((id >= 6509317) AND (id <= 6510316))

for: order_ranges
table 1 : explain SELECT c FROM sbtest1 WHERE id BETWEEN 9068049 AND 9069048 ORDER BY c
	Sort  (cost=3513.19..3515.43 rows=893 width=121)
	  Sort Key: c
	  ->  Bitmap Heap Scan on sbtest1  (cost=29.59..3469.43 rows=893 width=121)
	        Recheck Cond: ((id >= 9068049) AND (id <= 9069048))
	        ->  Bitmap Index Scan on sbtest1_pkey  (cost=0.00..29.36 rows=893 width=0)
	              Index Cond: ((id >= 9068049) AND (id <= 9069048))

table 2 : explain SELECT c FROM sbtest2 WHERE id BETWEEN 3151661 AND 3152660 ORDER BY c
	Sort  (cost=3838.70..3841.14 rows=977 width=121)
	  Sort Key: c
	  ->  Bitmap Heap Scan on sbtest2  (cost=34.45..3790.18 rows=977 width=121)
	        Recheck Cond: ((id >= 3151661) AND (id <= 3152660))
	        ->  Bitmap Index Scan on sbtest2_pkey  (cost=0.00..34.20 rows=977 width=0)
	              Index Cond: ((id >= 3151661) AND (id <= 3152660))

table 3 : explain SELECT c FROM sbtest3 WHERE id BETWEEN 5749907 AND 5750906 ORDER BY c
	Sort  (cost=3806.80..3809.22 rows=968 width=121)
	  Sort Key: c
	  ->  Bitmap Heap Scan on sbtest3  (cost=34.36..3758.79 rows=968 width=121)
	        Recheck Cond: ((id >= 5749907) AND (id <= 5750906))
	        ->  Bitmap Index Scan on sbtest3_pkey  (cost=0.00..34.12 rows=968 width=0)
	              Index Cond: ((id >= 5749907) AND (id <= 5750906))

table 4 : explain SELECT c FROM sbtest4 WHERE id BETWEEN 4996239 AND 4997238 ORDER BY c
	Sort  (cost=3770.97..3773.36 rows=958 width=121)
	  Sort Key: c
	  ->  Bitmap Heap Scan on sbtest4  (cost=34.25..3723.53 rows=958 width=121)
	        Recheck Cond: ((id >= 4996239) AND (id <= 4997238))
	        ->  Bitmap Index Scan on sbtest4_pkey  (cost=0.00..34.02 rows=958 width=0)
	              Index Cond: ((id >= 4996239) AND (id <= 4997238))

table 5 : explain SELECT c FROM sbtest5 WHERE id BETWEEN 8335327 AND 8336326 ORDER BY c
	Sort  (cost=4042.84..4045.42 rows=1031 width=121)
	  Sort Key: c
	  ->  Bitmap Heap Scan on sbtest5  (cost=35.00..3991.24 rows=1031 width=121)
	        Recheck Cond: ((id >= 8335327) AND (id <= 8336326))
	        ->  Bitmap Index Scan on sbtest5_pkey  (cost=0.00..34.75 rows=1031 width=0)
	              Index Cond: ((id >= 8335327) AND (id <= 8336326))

table 6 : explain SELECT c FROM sbtest6 WHERE id BETWEEN 8002386 AND 8003385 ORDER BY c
	Sort  (cost=4061.09..4063.68 rows=1035 width=121)
	  Sort Key: c
	  ->  Bitmap Heap Scan on sbtest6  (cost=35.04..4009.26 rows=1035 width=121)
	        Recheck Cond: ((id >= 8002386) AND (id <= 8003385))
	        ->  Bitmap Index Scan on sbtest6_pkey  (cost=0.00..34.79 rows=1035 width=0)
	              Index Cond: ((id >= 8002386) AND (id <= 8003385))

table 7 : explain SELECT c FROM sbtest7 WHERE id BETWEEN 4902890 AND 4903889 ORDER BY c
	Sort  (cost=3906.01..3908.50 rows=993 width=121)
	  Sort Key: c
	  ->  Bitmap Heap Scan on sbtest7  (cost=34.61..3856.58 rows=993 width=121)
	        Recheck Cond: ((id >= 4902890) AND (id <= 4903889))
	        ->  Bitmap Index Scan on sbtest7_pkey  (cost=0.00..34.37 rows=993 width=0)
	              Index Cond: ((id >= 4902890) AND (id <= 4903889))

table 8 : explain SELECT c FROM sbtest8 WHERE id BETWEEN 8037969 AND 8038968 ORDER BY c
	Sort  (cost=3964.14..3966.64 rows=999 width=121)
	  Sort Key: c
	  ->  Index Scan using sbtest8_pkey on sbtest8  (cost=0.43..3914.37 rows=999 width=121)
	        Index Cond: ((id >= 8037969) AND (id <= 8038968))

for: simple_ranges
table 1 : explain SELECT c FROM sbtest1 WHERE id BETWEEN 3678770 AND 3679769
	Bitmap Heap Scan on sbtest1  (cost=29.63..3484.57 rows=897 width=121)
	  Recheck Cond: ((id >= 3678770) AND (id <= 3679769))
	  ->  Bitmap Index Scan on sbtest1_pkey  (cost=0.00..29.40 rows=897 width=0)
	        Index Cond: ((id >= 3678770) AND (id <= 3679769))

table 2 : explain SELECT c FROM sbtest2 WHERE id BETWEEN 3645958 AND 3646957
	Bitmap Heap Scan on sbtest2  (cost=34.92..3963.69 rows=1023 width=121)
	  Recheck Cond: ((id >= 3645958) AND (id <= 3646957))
	  ->  Bitmap Index Scan on sbtest2_pkey  (cost=0.00..34.67 rows=1023 width=0)
	        Index Cond: ((id >= 3645958) AND (id <= 3646957))

table 3 : explain SELECT c FROM sbtest3 WHERE id BETWEEN 9056592 AND 9057591
	Bitmap Heap Scan on sbtest3  (cost=34.92..3966.50 rows=1023 width=121)
	  Recheck Cond: ((id >= 9056592) AND (id <= 9057591))
	  ->  Bitmap Index Scan on sbtest3_pkey  (cost=0.00..34.67 rows=1023 width=0)
	        Index Cond: ((id >= 9056592) AND (id <= 9057591))

table 4 : explain SELECT c FROM sbtest4 WHERE id BETWEEN 9096970 AND 9097969
	Bitmap Heap Scan on sbtest4  (cost=29.66..3499.77 rows=900 width=121)
	  Recheck Cond: ((id >= 9096970) AND (id <= 9097969))
	  ->  Bitmap Index Scan on sbtest4_pkey  (cost=0.00..29.43 rows=900 width=0)
	        Index Cond: ((id >= 9096970) AND (id <= 9097969))

table 5 : explain SELECT c FROM sbtest5 WHERE id BETWEEN 3568283 AND 3569282
	Bitmap Heap Scan on sbtest5  (cost=34.25..3716.11 rows=958 width=121)
	  Recheck Cond: ((id >= 3568283) AND (id <= 3569282))
	  ->  Bitmap Index Scan on sbtest5_pkey  (cost=0.00..34.02 rows=958 width=0)
	        Index Cond: ((id >= 3568283) AND (id <= 3569282))

table 6 : explain SELECT c FROM sbtest6 WHERE id BETWEEN 287640 AND 288639
	Bitmap Heap Scan on sbtest6  (cost=34.08..3654.51 rows=941 width=121)
	  Recheck Cond: ((id >= 287640) AND (id <= 288639))
	  ->  Bitmap Index Scan on sbtest6_pkey  (cost=0.00..33.84 rows=941 width=0)
	        Index Cond: ((id >= 287640) AND (id <= 288639))

table 7 : explain SELECT c FROM sbtest7 WHERE id BETWEEN 5827805 AND 5828804
	Bitmap Heap Scan on sbtest7  (cost=29.62..3485.15 rows=896 width=121)
	  Recheck Cond: ((id >= 5827805) AND (id <= 5828804))
	  ->  Bitmap Index Scan on sbtest7_pkey  (cost=0.00..29.39 rows=896 width=0)
	        Index Cond: ((id >= 5827805) AND (id <= 5828804))

table 8 : explain SELECT c FROM sbtest8 WHERE id BETWEEN 6708552 AND 6709551
	Index Scan using sbtest8_pkey on sbtest8  (cost=0.43..3801.34 rows=970 width=121)
	  Index Cond: ((id >= 6708552) AND (id <= 6709551))

for: sum_ranges
table 1 : explain SELECT SUM(k) FROM sbtest1 WHERE id BETWEEN 2517783 AND 2518782
	Aggregate  (cost=3986.08..3986.09 rows=1 width=8)
	  ->  Bitmap Heap Scan on sbtest1  (cost=34.97..3983.51 rows=1028 width=4)
	        Recheck Cond: ((id >= 2517783) AND (id <= 2518782))
	        ->  Bitmap Index Scan on sbtest1_pkey  (cost=0.00..34.72 rows=1028 width=0)
	              Index Cond: ((id >= 2517783) AND (id <= 2518782))

table 2 : explain SELECT SUM(k) FROM sbtest2 WHERE id BETWEEN 8412585 AND 8413584
	Aggregate  (cost=3879.47..3879.48 rows=1 width=8)
	  ->  Bitmap Heap Scan on sbtest2  (cost=34.69..3876.97 rows=1000 width=4)
	        Recheck Cond: ((id >= 8412585) AND (id <= 8413584))
	        ->  Bitmap Index Scan on sbtest2_pkey  (cost=0.00..34.44 rows=1000 width=0)
	              Index Cond: ((id >= 8412585) AND (id <= 8413584))

table 3 : explain SELECT SUM(k) FROM sbtest3 WHERE id BETWEEN 7662291 AND 7663290
	Aggregate  (cost=3670.39..3670.40 rows=1 width=8)
	  ->  Bitmap Heap Scan on sbtest3  (cost=34.11..3668.03 rows=944 width=4)
	        Recheck Cond: ((id >= 7662291) AND (id <= 7663290))
	        ->  Bitmap Index Scan on sbtest3_pkey  (cost=0.00..33.88 rows=944 width=0)
	              Index Cond: ((id >= 7662291) AND (id <= 7663290))

table 4 : explain SELECT SUM(k) FROM sbtest4 WHERE id BETWEEN 6448592 AND 6449591
	Aggregate  (cost=3971.87..3971.88 rows=1 width=8)
	  ->  Bitmap Heap Scan on sbtest4  (cost=34.92..3969.31 rows=1023 width=4)
	        Recheck Cond: ((id >= 6448592) AND (id <= 6449591))
	        ->  Bitmap Index Scan on sbtest4_pkey  (cost=0.00..34.67 rows=1023 width=0)
	              Index Cond: ((id >= 6448592) AND (id <= 6449591))

table 5 : explain SELECT SUM(k) FROM sbtest5 WHERE id BETWEEN 5515615 AND 5516614
	Aggregate  (cost=3415.77..3415.78 rows=1 width=8)
	  ->  Bitmap Heap Scan on sbtest5  (cost=29.44..3413.58 rows=879 width=4)
	        Recheck Cond: ((id >= 5515615) AND (id <= 5516614))
	        ->  Bitmap Index Scan on sbtest5_pkey  (cost=0.00..29.22 rows=879 width=0)
	              Index Cond: ((id >= 5515615) AND (id <= 5516614))

table 6 : explain SELECT SUM(k) FROM sbtest6 WHERE id BETWEEN 2234257 AND 2235256
	Aggregate  (cost=4230.33..4230.34 rows=1 width=8)
	  ->  Bitmap Heap Scan on sbtest6  (cost=35.64..4227.60 rows=1093 width=4)
	        Recheck Cond: ((id >= 2234257) AND (id <= 2235256))
	        ->  Bitmap Index Scan on sbtest6_pkey  (cost=0.00..35.37 rows=1093 width=0)
	              Index Cond: ((id >= 2234257) AND (id <= 2235256))

table 7 : explain SELECT SUM(k) FROM sbtest7 WHERE id BETWEEN 6393567 AND 6394566
	Aggregate  (cost=3893.12..3893.13 rows=1 width=8)
	  ->  Bitmap Heap Scan on sbtest7  (cost=34.71..3890.62 rows=1002 width=4)
	        Recheck Cond: ((id >= 6393567) AND (id <= 6394566))
	        ->  Bitmap Index Scan on sbtest7_pkey  (cost=0.00..34.45 rows=1002 width=0)
	              Index Cond: ((id >= 6393567) AND (id <= 6394566))

table 8 : explain SELECT SUM(k) FROM sbtest8 WHERE id BETWEEN 9047912 AND 9048911
	Aggregate  (cost=3940.26..3940.27 rows=1 width=8)
	  ->  Index Scan using sbtest8_pkey on sbtest8  (cost=0.43..3937.75 rows=1005 width=4)
	        Index Cond: ((id >= 9047912) AND (id <= 9048911))

for: distinct_ranges
table 1 : explain SELECT DISTINCT c FROM sbtest1 WHERE id BETWEEN 9280405 AND 9281404 ORDER BY c
	Unique  (cost=3590.20..3594.76 rows=912 width=121)
	  ->  Sort  (cost=3590.20..3592.48 rows=912 width=121)
	        Sort Key: c
	        ->  Bitmap Heap Scan on sbtest1  (cost=33.78..3545.36 rows=912 width=121)
	              Recheck Cond: ((id >= 9280405) AND (id <= 9281404))
	              ->  Bitmap Index Scan on sbtest1_pkey  (cost=0.00..33.56 rows=912 width=0)
	                    Index Cond: ((id >= 9280405) AND (id <= 9281404))

table 2 : explain SELECT DISTINCT c FROM sbtest2 WHERE id BETWEEN 4552707 AND 4553706 ORDER BY c
	Unique  (cost=3980.39..3985.46 rows=1014 width=121)
	  ->  Sort  (cost=3980.39..3982.93 rows=1014 width=121)
	        Sort Key: c
	        ->  Bitmap Heap Scan on sbtest2  (cost=34.83..3929.77 rows=1014 width=121)
	              Recheck Cond: ((id >= 4552707) AND (id <= 4553706))
	              ->  Bitmap Index Scan on sbtest2_pkey  (cost=0.00..34.58 rows=1014 width=0)
	                    Index Cond: ((id >= 4552707) AND (id <= 4553706))

table 3 : explain SELECT DISTINCT c FROM sbtest3 WHERE id BETWEEN 1924431 AND 1925430 ORDER BY c
	Unique  (cost=4124.85..4130.11 rows=1051 width=121)
	  ->  Sort  (cost=4124.85..4127.48 rows=1051 width=121)
	        Sort Key: c
	        ->  Bitmap Heap Scan on sbtest3  (cost=35.21..4072.10 rows=1051 width=121)
	              Recheck Cond: ((id >= 1924431) AND (id <= 1925430))
	              ->  Bitmap Index Scan on sbtest3_pkey  (cost=0.00..34.95 rows=1051 width=0)
	                    Index Cond: ((id >= 1924431) AND (id <= 1925430))

table 4 : explain SELECT DISTINCT c FROM sbtest4 WHERE id BETWEEN 3989835 AND 3990834 ORDER BY c
	Unique  (cost=3955.25..3960.28 rows=1006 width=121)
	  ->  Sort  (cost=3955.25..3957.77 rows=1006 width=121)
	        Sort Key: c
	        ->  Bitmap Heap Scan on sbtest4  (cost=34.75..3905.08 rows=1006 width=121)
	              Recheck Cond: ((id >= 3989835) AND (id <= 3990834))
	              ->  Bitmap Index Scan on sbtest4_pkey  (cost=0.00..34.50 rows=1006 width=0)
	                    Index Cond: ((id >= 3989835) AND (id <= 3990834))

table 5 : explain SELECT DISTINCT c FROM sbtest5 WHERE id BETWEEN 8969370 AND 8970369 ORDER BY c
	Unique  (cost=4058.13..4063.30 rows=1035 width=121)
	  ->  Sort  (cost=4058.13..4060.72 rows=1035 width=121)
	        Sort Key: c
	        ->  Bitmap Heap Scan on sbtest5  (cost=35.04..4006.30 rows=1035 width=121)
	              Recheck Cond: ((id >= 8969370) AND (id <= 8970369))
	              ->  Bitmap Index Scan on sbtest5_pkey  (cost=0.00..34.79 rows=1035 width=0)
	                    Index Cond: ((id >= 8969370) AND (id <= 8970369))

table 6 : explain SELECT DISTINCT c FROM sbtest6 WHERE id BETWEEN 1998294 AND 1999293 ORDER BY c
	Unique  (cost=3846.69..3851.58 rows=979 width=121)
	  ->  Sort  (cost=3846.69..3849.14 rows=979 width=121)
	        Sort Key: c
	        ->  Bitmap Heap Scan on sbtest6  (cost=34.47..3798.06 rows=979 width=121)
	              Recheck Cond: ((id >= 1998294) AND (id <= 1999293))
	              ->  Bitmap Index Scan on sbtest6_pkey  (cost=0.00..34.23 rows=979 width=0)
	                    Index Cond: ((id >= 1998294) AND (id <= 1999293))

table 7 : explain SELECT DISTINCT c FROM sbtest7 WHERE id BETWEEN 2614001 AND 2615000 ORDER BY c
	Unique  (cost=3713.92..3718.64 rows=943 width=121)
	  ->  Sort  (cost=3713.92..3716.28 rows=943 width=121)
	        Sort Key: c
	        ->  Bitmap Heap Scan on sbtest7  (cost=34.10..3667.33 rows=943 width=121)
	              Recheck Cond: ((id >= 2614001) AND (id <= 2615000))
	              ->  Bitmap Index Scan on sbtest7_pkey  (cost=0.00..33.87 rows=943 width=0)
	                    Index Cond: ((id >= 2614001) AND (id <= 2615000))

table 8 : explain SELECT DISTINCT c FROM sbtest8 WHERE id BETWEEN 2265458 AND 2266457 ORDER BY c
	Unique  (cost=3885.04..3889.93 rows=979 width=121)
	  ->  Sort  (cost=3885.04..3887.49 rows=979 width=121)
	        Sort Key: c
	        ->  Index Scan using sbtest8_pkey on sbtest8  (cost=0.43..3836.41 rows=979 width=121)
	              Index Cond: ((id >= 2265458) AND (id <= 2266457))

for: simple_ranges
table 1 : explain SELECT c FROM sbtest1 WHERE id BETWEEN 5108102 AND 5109101
	Bitmap Heap Scan on sbtest1  (cost=34.24..3715.54 rows=957 width=121)
	  Recheck Cond: ((id >= 5108102) AND (id <= 5109101))
	  ->  Bitmap Index Scan on sbtest1_pkey  (cost=0.00..34.01 rows=957 width=0)
	        Index Cond: ((id >= 5108102) AND (id <= 5109101))

table 2 : explain SELECT c FROM sbtest2 WHERE id BETWEEN 6350064 AND 6351063
	Bitmap Heap Scan on sbtest2  (cost=35.43..4151.99 rows=1073 width=121)
	  Recheck Cond: ((id >= 6350064) AND (id <= 6351063))
	  ->  Bitmap Index Scan on sbtest2_pkey  (cost=0.00..35.17 rows=1073 width=0)
	        Index Cond: ((id >= 6350064) AND (id <= 6351063))

table 3 : explain SELECT c FROM sbtest3 WHERE id BETWEEN 1145643 AND 1146642
	Bitmap Heap Scan on sbtest3  (cost=34.74..3898.57 rows=1005 width=121)
	  Recheck Cond: ((id >= 1145643) AND (id <= 1146642))
	  ->  Bitmap Index Scan on sbtest3_pkey  (cost=0.00..34.48 rows=1005 width=0)
	        Index Cond: ((id >= 1145643) AND (id <= 1146642))

table 4 : explain SELECT c FROM sbtest4 WHERE id BETWEEN 6643836 AND 6644835
	Bitmap Heap Scan on sbtest4  (cost=34.46..3799.21 rows=978 width=121)
	  Recheck Cond: ((id >= 6643836) AND (id <= 6644835))
	  ->  Bitmap Index Scan on sbtest4_pkey  (cost=0.00..34.22 rows=978 width=0)
	        Index Cond: ((id >= 6643836) AND (id <= 6644835))

table 5 : explain SELECT c FROM sbtest5 WHERE id BETWEEN 5476769 AND 5477768
	Bitmap Heap Scan on sbtest5  (cost=29.44..3413.58 rows=879 width=121)
	  Recheck Cond: ((id >= 5476769) AND (id <= 5477768))
	  ->  Bitmap Index Scan on sbtest5_pkey  (cost=0.00..29.22 rows=879 width=0)
	        Index Cond: ((id >= 5476769) AND (id <= 5477768))

table 6 : explain SELECT c FROM sbtest6 WHERE id BETWEEN 4247415 AND 4248414
	Bitmap Heap Scan on sbtest6  (cost=34.88..3948.96 rows=1019 width=121)
	  Recheck Cond: ((id >= 4247415) AND (id <= 4248414))
	  ->  Bitmap Index Scan on sbtest6_pkey  (cost=0.00..34.62 rows=1019 width=0)
	        Index Cond: ((id >= 4247415) AND (id <= 4248414))

table 7 : explain SELECT c FROM sbtest7 WHERE id BETWEEN 8658997 AND 8659996
	Bitmap Heap Scan on sbtest7  (cost=34.97..3988.88 rows=1028 width=121)
	  Recheck Cond: ((id >= 8658997) AND (id <= 8659996))
	  ->  Bitmap Index Scan on sbtest7_pkey  (cost=0.00..34.72 rows=1028 width=0)
	        Index Cond: ((id >= 8658997) AND (id <= 8659996))

table 8 : explain SELECT c FROM sbtest8 WHERE id BETWEEN 4910682 AND 4911681
	Index Scan using sbtest8_pkey on sbtest8  (cost=0.43..3738.96 rows=954 width=121)
	  Index Cond: ((id >= 4910682) AND (id <= 4911681))

for point_selects
table 1 : explain SELECT c FROM sbtest1 WHERE id=9629000
	Index Scan using sbtest1_pkey on sbtest1  (cost=0.43..8.45 rows=1 width=121)
	  Index Cond: (id = 9629000)

table 2 : explain SELECT c FROM sbtest2 WHERE id=5171435
	Index Scan using sbtest2_pkey on sbtest2  (cost=0.43..8.45 rows=1 width=121)
	  Index Cond: (id = 5171435)

table 3 : explain SELECT c FROM sbtest3 WHERE id=6624413
	Index Scan using sbtest3_pkey on sbtest3  (cost=0.43..8.45 rows=1 width=121)
	  Index Cond: (id = 6624413)

table 4 : explain SELECT c FROM sbtest4 WHERE id=60578
	Index Scan using sbtest4_pkey on sbtest4  (cost=0.43..8.45 rows=1 width=121)
	  Index Cond: (id = 60578)

table 5 : explain SELECT c FROM sbtest5 WHERE id=1718238
	Index Scan using sbtest5_pkey on sbtest5  (cost=0.43..8.45 rows=1 width=121)
	  Index Cond: (id = 1718238)

table 6 : explain SELECT c FROM sbtest6 WHERE id=4143522
	Index Scan using sbtest6_pkey on sbtest6  (cost=0.43..8.45 rows=1 width=121)
	  Index Cond: (id = 4143522)

table 7 : explain SELECT c FROM sbtest7 WHERE id=1971450
	Index Scan using sbtest7_pkey on sbtest7  (cost=0.43..8.45 rows=1 width=121)
	  Index Cond: (id = 1971450)

table 8 : explain SELECT c FROM sbtest8 WHERE id=2284809
	Index Scan using sbtest8_pkey on sbtest8  (cost=0.43..8.45 rows=1 width=121)
	  Index Cond: (id = 2284809)

for: distinct_ranges
table 1 : explain SELECT DISTINCT c FROM sbtest1 WHERE id BETWEEN 8378429 AND 8379428 ORDER BY c
	Unique  (cost=3935.40..3940.41 rows=1002 width=121)
	  ->  Sort  (cost=3935.40..3937.90 rows=1002 width=121)
	        Sort Key: c
	        ->  Bitmap Heap Scan on sbtest1  (cost=34.71..3885.45 rows=1002 width=121)
	              Recheck Cond: ((id >= 8378429) AND (id <= 8379428))
	              ->  Bitmap Index Scan on sbtest1_pkey  (cost=0.00..34.45 rows=1002 width=0)
	                    Index Cond: ((id >= 8378429) AND (id <= 8379428))

table 2 : explain SELECT DISTINCT c FROM sbtest2 WHERE id BETWEEN 6257249 AND 6258248 ORDER BY c
	Unique  (cost=4163.97..4169.28 rows=1062 width=121)
	  ->  Sort  (cost=4163.97..4166.62 rows=1062 width=121)
	        Sort Key: c
	        ->  Bitmap Heap Scan on sbtest2  (cost=35.32..4110.59 rows=1062 width=121)
	              Recheck Cond: ((id >= 6257249) AND (id <= 6258248))
	              ->  Bitmap Index Scan on sbtest2_pkey  (cost=0.00..35.06 rows=1062 width=0)
	                    Index Cond: ((id >= 6257249) AND (id <= 6258248))

table 3 : explain SELECT DISTINCT c FROM sbtest3 WHERE id BETWEEN 7011210 AND 7012209 ORDER BY c
	Unique  (cost=3707.00..3711.71 rows=942 width=121)
	  ->  Sort  (cost=3707.00..3709.36 rows=942 width=121)
	        Sort Key: c
	        ->  Bitmap Heap Scan on sbtest3  (cost=34.09..3660.47 rows=942 width=121)
	              Recheck Cond: ((id >= 7011210) AND (id <= 7012209))
	              ->  Bitmap Index Scan on sbtest3_pkey  (cost=0.00..33.86 rows=942 width=0)
	                    Index Cond: ((id >= 7011210) AND (id <= 7012209))

table 4 : explain SELECT DISTINCT c FROM sbtest4 WHERE id BETWEEN 7795029 AND 7796028 ORDER BY c
	Unique  (cost=3678.73..3683.40 rows=934 width=121)
	  ->  Sort  (cost=3678.73..3681.06 rows=934 width=121)
	        Sort Key: c
	        ->  Bitmap Heap Scan on sbtest4  (cost=34.01..3632.65 rows=934 width=121)
	              Recheck Cond: ((id >= 7795029) AND (id <= 7796028))
	              ->  Bitmap Index Scan on sbtest4_pkey  (cost=0.00..33.78 rows=934 width=0)
	                    Index Cond: ((id >= 7795029) AND (id <= 7796028))

table 5 : explain SELECT DISTINCT c FROM sbtest5 WHERE id BETWEEN 1809638 AND 1810637 ORDER BY c
	Unique  (cost=4180.34..4185.68 rows=1067 width=121)
	  ->  Sort  (cost=4180.34..4183.01 rows=1067 width=121)
	        Sort Key: c
	        ->  Bitmap Heap Scan on sbtest5  (cost=35.37..4126.67 rows=1067 width=121)
	              Recheck Cond: ((id >= 1809638) AND (id <= 1810637))
	              ->  Bitmap Index Scan on sbtest5_pkey  (cost=0.00..35.11 rows=1067 width=0)
	                    Index Cond: ((id >= 1809638) AND (id <= 1810637))

table 6 : explain SELECT DISTINCT c FROM sbtest6 WHERE id BETWEEN 8689501 AND 8690500 ORDER BY c
	Unique  (cost=3842.86..3847.75 rows=978 width=121)
	  ->  Sort  (cost=3842.86..3845.30 rows=978 width=121)
	        Sort Key: c
	        ->  Bitmap Heap Scan on sbtest6  (cost=34.46..3794.28 rows=978 width=121)
	              Recheck Cond: ((id >= 8689501) AND (id <= 8690500))
	              ->  Bitmap Index Scan on sbtest6_pkey  (cost=0.00..34.22 rows=978 width=0)
	                    Index Cond: ((id >= 8689501) AND (id <= 8690500))

table 7 : explain SELECT DISTINCT c FROM sbtest7 WHERE id BETWEEN 4485180 AND 4486179 ORDER BY c
	Unique  (cost=3875.30..3880.22 rows=985 width=121)
	  ->  Sort  (cost=3875.30..3877.76 rows=985 width=121)
	        Sort Key: c
	        ->  Bitmap Heap Scan on sbtest7  (cost=34.53..3826.32 rows=985 width=121)
	              Recheck Cond: ((id >= 4485180) AND (id <= 4486179))
	              ->  Bitmap Index Scan on sbtest7_pkey  (cost=0.00..34.29 rows=985 width=0)
	                    Index Cond: ((id >= 4485180) AND (id <= 4486179))

table 8 : explain SELECT DISTINCT c FROM sbtest8 WHERE id BETWEEN 8709822 AND 8710821 ORDER BY c
	Unique  (cost=4115.22..4120.46 rows=1048 width=121)
	  ->  Sort  (cost=4115.22..4117.84 rows=1048 width=121)
	        Sort Key: c
	        ->  Bitmap Heap Scan on sbtest8  (cost=35.18..4062.64 rows=1048 width=121)
	              Recheck Cond: ((id >= 8709822) AND (id <= 8710821))
	              ->  Bitmap Index Scan on sbtest8_pkey  (cost=0.00..34.92 rows=1048 width=0)
	                    Index Cond: ((id >= 8709822) AND (id <= 8710821))

for: simple_ranges
table 1 : explain SELECT c FROM sbtest1 WHERE id BETWEEN 7984034 AND 7985033
	Bitmap Heap Scan on sbtest1  (cost=34.81..3923.18 rows=1012 width=121)
	  Recheck Cond: ((id >= 7984034) AND (id <= 7985033))
	  ->  Bitmap Index Scan on sbtest1_pkey  (cost=0.00..34.56 rows=1012 width=0)
	        Index Cond: ((id >= 7984034) AND (id <= 7985033))

table 2 : explain SELECT c FROM sbtest2 WHERE id BETWEEN 4805359 AND 4806358
	Bitmap Heap Scan on sbtest2  (cost=35.14..4042.81 rows=1044 width=121)
	  Recheck Cond: ((id >= 4805359) AND (id <= 4806358))
	  ->  Bitmap Index Scan on sbtest2_pkey  (cost=0.00..34.88 rows=1044 width=0)
	        Index Cond: ((id >= 4805359) AND (id <= 4806358))

table 3 : explain SELECT c FROM sbtest3 WHERE id BETWEEN 1997665 AND 1998664
	Bitmap Heap Scan on sbtest3  (cost=39.74..4271.97 rows=1103 width=121)
	  Recheck Cond: ((id >= 1997665) AND (id <= 1998664))
	  ->  Bitmap Index Scan on sbtest3_pkey  (cost=0.00..39.47 rows=1103 width=0)
	        Index Cond: ((id >= 1997665) AND (id <= 1998664))

table 4 : explain SELECT c FROM sbtest4 WHERE id BETWEEN 903457 AND 904456
	Bitmap Heap Scan on sbtest4  (cost=34.12..3674.31 rows=945 width=121)
	  Recheck Cond: ((id >= 903457) AND (id <= 904456))
	  ->  Bitmap Index Scan on sbtest4_pkey  (cost=0.00..33.89 rows=945 width=0)
	        Index Cond: ((id >= 903457) AND (id <= 904456))

table 5 : explain SELECT c FROM sbtest5 WHERE id BETWEEN 8501383 AND 8502382
	Bitmap Heap Scan on sbtest5  (cost=34.28..3723.66 rows=960 width=121)
	  Recheck Cond: ((id >= 8501383) AND (id <= 8502382))
	  ->  Bitmap Index Scan on sbtest5_pkey  (cost=0.00..34.04 rows=960 width=0)
	        Index Cond: ((id >= 8501383) AND (id <= 8502382))

table 6 : explain SELECT c FROM sbtest6 WHERE id BETWEEN 6279063 AND 6280062
	Bitmap Heap Scan on sbtest6  (cost=34.36..3756.52 rows=968 width=121)
	  Recheck Cond: ((id >= 6279063) AND (id <= 6280062))
	  ->  Bitmap Index Scan on sbtest6_pkey  (cost=0.00..34.12 rows=968 width=0)
	        Index Cond: ((id >= 6279063) AND (id <= 6280062))

table 7 : explain SELECT c FROM sbtest7 WHERE id BETWEEN 7559201 AND 7560200
	Bitmap Heap Scan on sbtest7  (cost=34.34..3754.43 rows=966 width=121)
	  Recheck Cond: ((id >= 7559201) AND (id <= 7560200))
	  ->  Bitmap Index Scan on sbtest7_pkey  (cost=0.00..34.09 rows=966 width=0)
	        Index Cond: ((id >= 7559201) AND (id <= 7560200))

table 8 : explain SELECT c FROM sbtest8 WHERE id BETWEEN 1129620 AND 1130619
	Index Scan using sbtest8_pkey on sbtest8  (cost=0.43..4007.92 rows=1023 width=121)
	  Index Cond: ((id >= 1129620) AND (id <= 1130619))

for: simple_ranges
table 1 : explain SELECT c FROM sbtest1 WHERE id BETWEEN 9618650 AND 9619649
	Bitmap Heap Scan on sbtest1  (cost=35.39..4137.97 rows=1069 width=121)
	  Recheck Cond: ((id >= 9618650) AND (id <= 9619649))
	  ->  Bitmap Index Scan on sbtest1_pkey  (cost=0.00..35.12 rows=1069 width=0)
	        Index Cond: ((id >= 9618650) AND (id <= 9619649))

table 2 : explain SELECT c FROM sbtest2 WHERE id BETWEEN 4988963 AND 4989962
	Bitmap Heap Scan on sbtest2  (cost=34.20..3699.55 rows=953 width=121)
	  Recheck Cond: ((id >= 4988963) AND (id <= 4989962))
	  ->  Bitmap Index Scan on sbtest2_pkey  (cost=0.00..33.97 rows=953 width=0)
	        Index Cond: ((id >= 4988963) AND (id <= 4989962))

table 3 : explain SELECT c FROM sbtest3 WHERE id BETWEEN 1575882 AND 1576881
	Bitmap Heap Scan on sbtest3  (cost=34.62..3857.03 rows=994 width=121)
	  Recheck Cond: ((id >= 1575882) AND (id <= 1576881))
	  ->  Bitmap Index Scan on sbtest3_pkey  (cost=0.00..34.38 rows=994 width=0)
	        Index Cond: ((id >= 1575882) AND (id <= 1576881))

table 4 : explain SELECT c FROM sbtest4 WHERE id BETWEEN 5792998 AND 5793997
	Bitmap Heap Scan on sbtest4  (cost=34.42..3784.08 rows=974 width=121)
	  Recheck Cond: ((id >= 5792998) AND (id <= 5793997))
	  ->  Bitmap Index Scan on sbtest4_pkey  (cost=0.00..34.18 rows=974 width=0)
	        Index Cond: ((id >= 5792998) AND (id <= 5793997))

table 5 : explain SELECT c FROM sbtest5 WHERE id BETWEEN 5439590 AND 5440589
	Bitmap Heap Scan on sbtest5  (cost=29.44..3413.58 rows=879 width=121)
	  Recheck Cond: ((id >= 5439590) AND (id <= 5440589))
	  ->  Bitmap Index Scan on sbtest5_pkey  (cost=0.00..29.22 rows=879 width=0)
	        Index Cond: ((id >= 5439590) AND (id <= 5440589))

table 6 : explain SELECT c FROM sbtest6 WHERE id BETWEEN 3878615 AND 3879614
	Bitmap Heap Scan on sbtest6  (cost=34.07..3650.73 rows=940 width=121)
	  Recheck Cond: ((id >= 3878615) AND (id <= 3879614))
	  ->  Bitmap Index Scan on sbtest6_pkey  (cost=0.00..33.84 rows=940 width=0)
	        Index Cond: ((id >= 3878615) AND (id <= 3879614))

table 7 : explain SELECT c FROM sbtest7 WHERE id BETWEEN 3188151 AND 3189150
	Bitmap Heap Scan on sbtest7  (cost=29.76..3538.26 rows=910 width=121)
	  Recheck Cond: ((id >= 3188151) AND (id <= 3189150))
	  ->  Bitmap Index Scan on sbtest7_pkey  (cost=0.00..29.54 rows=910 width=0)
	        Index Cond: ((id >= 3188151) AND (id <= 3189150))

table 8 : explain SELECT c FROM sbtest8 WHERE id BETWEEN 5734205 AND 5735204
	Bitmap Heap Scan on sbtest8  (cost=35.39..4141.84 rows=1069 width=121)
	  Recheck Cond: ((id >= 5734205) AND (id <= 5735204))
	  ->  Bitmap Index Scan on sbtest8_pkey  (cost=0.00..35.12 rows=1069 width=0)
	        Index Cond: ((id >= 5734205) AND (id <= 5735204))

for: distinct_ranges
table 1 : explain SELECT DISTINCT c FROM sbtest1 WHERE id BETWEEN 1416409 AND 1417408 ORDER BY c
	Unique  (cost=3470.91..3475.32 rows=882 width=121)
	  ->  Sort  (cost=3470.91..3473.11 rows=882 width=121)
	        Sort Key: c
	        ->  Bitmap Heap Scan on sbtest1  (cost=29.48..3427.76 rows=882 width=121)
	              Recheck Cond: ((id >= 1416409) AND (id <= 1417408))
	              ->  Bitmap Index Scan on sbtest1_pkey  (cost=0.00..29.25 rows=882 width=0)
	                    Index Cond: ((id >= 1416409) AND (id <= 1417408))

table 2 : explain SELECT DISTINCT c FROM sbtest2 WHERE id BETWEEN 1273574 AND 1274573 ORDER BY c
	Unique  (cost=3968.91..3973.97 rows=1011 width=121)
	  ->  Sort  (cost=3968.91..3971.44 rows=1011 width=121)
	        Sort Key: c
	        ->  Bitmap Heap Scan on sbtest2  (cost=34.80..3918.45 rows=1011 width=121)
	              Recheck Cond: ((id >= 1273574) AND (id <= 1274573))
	              ->  Bitmap Index Scan on sbtest2_pkey  (cost=0.00..34.55 rows=1011 width=0)
	                    Index Cond: ((id >= 1273574) AND (id <= 1274573))

table 3 : explain SELECT DISTINCT c FROM sbtest3 WHERE id BETWEEN 9193482 AND 9194481 ORDER BY c
	Unique  (cost=4055.94..4061.11 rows=1033 width=121)
	  ->  Sort  (cost=4055.94..4058.53 rows=1033 width=121)
	        Sort Key: c
	        ->  Bitmap Heap Scan on sbtest3  (cost=35.02..4004.23 rows=1033 width=121)
	              Recheck Cond: ((id >= 9193482) AND (id <= 9194481))
	              ->  Bitmap Index Scan on sbtest3_pkey  (cost=0.00..34.77 rows=1033 width=0)
	                    Index Cond: ((id >= 9193482) AND (id <= 9194481))

table 4 : explain SELECT DISTINCT c FROM sbtest4 WHERE id BETWEEN 5376450 AND 5377449 ORDER BY c
	Unique  (cost=4089.46..4094.66 rows=1041 width=121)
	  ->  Sort  (cost=4089.46..4092.06 rows=1041 width=121)
	        Sort Key: c
	        ->  Bitmap Heap Scan on sbtest4  (cost=35.11..4037.28 rows=1041 width=121)
	              Recheck Cond: ((id >= 5376450) AND (id <= 5377449))
	              ->  Bitmap Index Scan on sbtest4_pkey  (cost=0.00..34.84 rows=1041 width=0)
	                    Index Cond: ((id >= 5376450) AND (id <= 5377449))

table 5 : explain SELECT DISTINCT c FROM sbtest5 WHERE id BETWEEN 6225754 AND 6226753 ORDER BY c
	Unique  (cost=4264.29..4269.74 rows=1089 width=121)
	  ->  Sort  (cost=4264.29..4267.01 rows=1089 width=121)
	        Sort Key: c
	        ->  Bitmap Heap Scan on sbtest5  (cost=35.60..4209.36 rows=1089 width=121)
	              Recheck Cond: ((id >= 6225754) AND (id <= 6226753))
	              ->  Bitmap Index Scan on sbtest5_pkey  (cost=0.00..35.33 rows=1089 width=0)
	                    Index Cond: ((id >= 6225754) AND (id <= 6226753))

table 6 : explain SELECT DISTINCT c FROM sbtest6 WHERE id BETWEEN 1297923 AND 1298922 ORDER BY c
	Unique  (cost=4435.69..4441.35 rows=1133 width=121)
	  ->  Sort  (cost=4435.69..4438.52 rows=1133 width=121)
	        Sort Key: c
	        ->  Bitmap Heap Scan on sbtest6  (cost=40.05..4378.21 rows=1133 width=121)
	              Recheck Cond: ((id >= 1297923) AND (id <= 1298922))
	              ->  Bitmap Index Scan on sbtest6_pkey  (cost=0.00..39.77 rows=1133 width=0)
	                    Index Cond: ((id >= 1297923) AND (id <= 1298922))

table 7 : explain SELECT DISTINCT c FROM sbtest7 WHERE id BETWEEN 5214513 AND 5215512 ORDER BY c
	Unique  (cost=3400.38..3404.65 rows=854 width=121)
	  ->  Sort  (cost=3400.38..3402.51 rows=854 width=121)
	        Sort Key: c
	        ->  Index Scan using sbtest7_pkey on sbtest7  (cost=0.43..3358.80 rows=854 width=121)
	              Index Cond: ((id >= 5214513) AND (id <= 5215512))

table 8 : explain SELECT DISTINCT c FROM sbtest8 WHERE id BETWEEN 1195963 AND 1196962 ORDER BY c
	Unique  (cost=4059.06..4064.17 rows=1023 width=121)
	  ->  Sort  (cost=4059.06..4061.62 rows=1023 width=121)
	        Sort Key: c
	        ->  Index Scan using sbtest8_pkey on sbtest8  (cost=0.43..4007.92 rows=1023 width=121)
	              Index Cond: ((id >= 1195963) AND (id <= 1196962))

for: sum_ranges
table 1 : explain SELECT SUM(k) FROM sbtest1 WHERE id BETWEEN 3887169 AND 3888168
	Aggregate  (cost=4257.61..4257.62 rows=1 width=8)
	  ->  Bitmap Heap Scan on sbtest1  (cost=39.70..4254.86 rows=1099 width=4)
	        Recheck Cond: ((id >= 3887169) AND (id <= 3888168))
	        ->  Bitmap Index Scan on sbtest1_pkey  (cost=0.00..39.43 rows=1099 width=0)
	              Index Cond: ((id >= 3887169) AND (id <= 3888168))

table 2 : explain SELECT SUM(k) FROM sbtest2 WHERE id BETWEEN 4710060 AND 4711059
	Aggregate  (cost=3819.06..3819.07 rows=1 width=8)
	  ->  Bitmap Heap Scan on sbtest2  (cost=34.52..3816.60 rows=984 width=4)
	        Recheck Cond: ((id >= 4710060) AND (id <= 4711059))
	        ->  Bitmap Index Scan on sbtest2_pkey  (cost=0.00..34.28 rows=984 width=0)
	              Index Cond: ((id >= 4710060) AND (id <= 4711059))

table 3 : explain SELECT SUM(k) FROM sbtest3 WHERE id BETWEEN 3065519 AND 3066518
	Aggregate  (cost=3655.25..3655.26 rows=1 width=8)
	  ->  Bitmap Heap Scan on sbtest3  (cost=34.07..3652.90 rows=940 width=4)
	        Recheck Cond: ((id >= 3065519) AND (id <= 3066518))
	        ->  Bitmap Index Scan on sbtest3_pkey  (cost=0.00..33.84 rows=940 width=0)
	              Index Cond: ((id >= 3065519) AND (id <= 3066518))

table 4 : explain SELECT SUM(k) FROM sbtest4 WHERE id BETWEEN 7875581 AND 7876580
	Aggregate  (cost=3634.98..3634.99 rows=1 width=8)
	  ->  Bitmap Heap Scan on sbtest4  (cost=34.01..3632.65 rows=934 width=4)
	        Recheck Cond: ((id >= 7875581) AND (id <= 7876580))
	        ->  Bitmap Index Scan on sbtest4_pkey  (cost=0.00..33.78 rows=934 width=0)
	              Index Cond: ((id >= 7875581) AND (id <= 7876580))

table 5 : explain SELECT SUM(k) FROM sbtest5 WHERE id BETWEEN 4259445 AND 4260444
	Aggregate  (cost=3540.66..3540.67 rows=1 width=8)
	  ->  Bitmap Heap Scan on sbtest5  (cost=29.78..3538.38 rows=912 width=4)
	        Recheck Cond: ((id >= 4259445) AND (id <= 4260444))
	        ->  Bitmap Index Scan on sbtest5_pkey  (cost=0.00..29.55 rows=912 width=0)
	              Index Cond: ((id >= 4259445) AND (id <= 4260444))

table 6 : explain SELECT SUM(k) FROM sbtest6 WHERE id BETWEEN 5082767 AND 5083766
	Aggregate  (cost=3584.97..3584.98 rows=1 width=8)
	  ->  Bitmap Heap Scan on sbtest6  (cost=33.89..3582.67 rows=922 width=4)
	        Recheck Cond: ((id >= 5082767) AND (id <= 5083766))
	        ->  Bitmap Index Scan on sbtest6_pkey  (cost=0.00..33.66 rows=922 width=0)
	              Index Cond: ((id >= 5082767) AND (id <= 5083766))

table 7 : explain SELECT SUM(k) FROM sbtest7 WHERE id BETWEEN 7151992 AND 7152991
	Aggregate  (cost=4135.01..4135.02 rows=1 width=8)
	  ->  Bitmap Heap Scan on sbtest7  (cost=35.36..4132.34 rows=1066 width=4)
	        Recheck Cond: ((id >= 7151992) AND (id <= 7152991))
	        ->  Bitmap Index Scan on sbtest7_pkey  (cost=0.00..35.09 rows=1066 width=0)
	              Index Cond: ((id >= 7151992) AND (id <= 7152991))

table 8 : explain SELECT SUM(k) FROM sbtest8 WHERE id BETWEEN 1115588 AND 1116587
	Aggregate  (cost=4118.10..4118.11 rows=1 width=8)
	  ->  Bitmap Heap Scan on sbtest8  (cost=35.32..4115.45 rows=1062 width=4)
	        Recheck Cond: ((id >= 1115588) AND (id <= 1116587))
	        ->  Bitmap Index Scan on sbtest8_pkey  (cost=0.00..35.06 rows=1062 width=0)
	              Index Cond: ((id >= 1115588) AND (id <= 1116587))

for: sum_ranges
table 1 : explain SELECT SUM(k) FROM sbtest1 WHERE id BETWEEN 2644864 AND 2645863
	Aggregate  (cost=4283.95..4283.96 rows=1 width=8)
	  ->  Bitmap Heap Scan on sbtest1  (cost=39.77..4281.18 rows=1106 width=4)
	        Recheck Cond: ((id >= 2644864) AND (id <= 2645863))
	        ->  Bitmap Index Scan on sbtest1_pkey  (cost=0.00..39.50 rows=1106 width=0)
	              Index Cond: ((id >= 2644864) AND (id <= 2645863))

table 2 : explain SELECT SUM(k) FROM sbtest2 WHERE id BETWEEN 3902900 AND 3903899
	Aggregate  (cost=3769.96..3769.97 rows=1 width=8)
	  ->  Bitmap Heap Scan on sbtest2  (cost=34.39..3767.53 rows=971 width=4)
	        Recheck Cond: ((id >= 3902900) AND (id <= 3903899))
	        ->  Bitmap Index Scan on sbtest2_pkey  (cost=0.00..34.15 rows=971 width=0)
	              Index Cond: ((id >= 3902900) AND (id <= 3903899))

table 3 : explain SELECT SUM(k) FROM sbtest3 WHERE id BETWEEN 8709408 AND 8710407
	Aggregate  (cost=3753.65..3753.66 rows=1 width=8)
	  ->  Bitmap Heap Scan on sbtest3  (cost=34.34..3751.23 rows=966 width=4)
	        Recheck Cond: ((id >= 8709408) AND (id <= 8710407))
	        ->  Bitmap Index Scan on sbtest3_pkey  (cost=0.00..34.09 rows=966 width=0)
	              Index Cond: ((id >= 8709408) AND (id <= 8710407))

table 4 : explain SELECT SUM(k) FROM sbtest4 WHERE id BETWEEN 3848535 AND 3849534
	Aggregate  (cost=4058.77..4058.78 rows=1 width=8)
	  ->  Bitmap Heap Scan on sbtest4  (cost=35.16..4056.16 rows=1046 width=4)
	        Recheck Cond: ((id >= 3848535) AND (id <= 3849534))
	        ->  Bitmap Index Scan on sbtest4_pkey  (cost=0.00..34.90 rows=1046 width=0)
	              Index Cond: ((id >= 3848535) AND (id <= 3849534))

table 5 : explain SELECT SUM(k) FROM sbtest5 WHERE id BETWEEN 8233802 AND 8234801
	Aggregate  (cost=4227.12..4227.13 rows=1 width=8)
	  ->  Bitmap Heap Scan on sbtest5  (cost=35.64..4224.39 rows=1093 width=4)
	        Recheck Cond: ((id >= 8233802) AND (id <= 8234801))
	        ->  Bitmap Index Scan on sbtest5_pkey  (cost=0.00..35.37 rows=1093 width=0)
	              Index Cond: ((id >= 8233802) AND (id <= 8234801))

table 6 : explain SELECT SUM(k) FROM sbtest6 WHERE id BETWEEN 8244909 AND 8245908
	Aggregate  (cost=3834.50..3834.51 rows=1 width=8)
	  ->  Bitmap Heap Scan on sbtest6  (cost=34.56..3832.03 rows=988 width=4)
	        Recheck Cond: ((id >= 8244909) AND (id <= 8245908))
	        ->  Bitmap Index Scan on sbtest6_pkey  (cost=0.00..34.32 rows=988 width=0)
	              Index Cond: ((id >= 8244909) AND (id <= 8245908))

table 7 : explain SELECT SUM(k) FROM sbtest7 WHERE id BETWEEN 3437931 AND 3438930
	Aggregate  (cost=3715.17..3715.18 rows=1 width=8)
	  ->  Bitmap Heap Scan on sbtest7  (cost=34.22..3712.78 rows=955 width=4)
	        Recheck Cond: ((id >= 3437931) AND (id <= 3438930))
	        ->  Bitmap Index Scan on sbtest7_pkey  (cost=0.00..33.98 rows=955 width=0)
	              Index Cond: ((id >= 3437931) AND (id <= 3438930))

table 8 : explain SELECT SUM(k) FROM sbtest8 WHERE id BETWEEN 8438107 AND 8439106
	Aggregate  (cost=3745.25..3745.26 rows=1 width=8)
	  ->  Index Scan using sbtest8_pkey on sbtest8  (cost=0.43..3742.86 rows=955 width=4)
	        Index Cond: ((id >= 8438107) AND (id <= 8439106))

for: order_ranges
table 1 : explain SELECT c FROM sbtest1 WHERE id BETWEEN 9227027 AND 9228026 ORDER BY c
	Sort  (cost=3590.20..3592.48 rows=912 width=121)
	  Sort Key: c
	  ->  Bitmap Heap Scan on sbtest1  (cost=33.78..3545.36 rows=912 width=121)
	        Recheck Cond: ((id >= 9227027) AND (id <= 9228026))
	        ->  Bitmap Index Scan on sbtest1_pkey  (cost=0.00..33.56 rows=912 width=0)
	              Index Cond: ((id >= 9227027) AND (id <= 9228026))

table 2 : explain SELECT c FROM sbtest2 WHERE id BETWEEN 6785106 AND 6786105 ORDER BY c
	Sort  (cost=4397.06..4399.87 rows=1122 width=121)
	  Sort Key: c
	  ->  Bitmap Heap Scan on sbtest2  (cost=39.94..4340.22 rows=1122 width=121)
	        Recheck Cond: ((id >= 6785106) AND (id <= 6786105))
	        ->  Bitmap Index Scan on sbtest2_pkey  (cost=0.00..39.66 rows=1122 width=0)
	              Index Cond: ((id >= 6785106) AND (id <= 6786105))

table 3 : explain SELECT c FROM sbtest3 WHERE id BETWEEN 6878294 AND 6879293 ORDER BY c
	Sort  (cost=3918.02..3920.51 rows=997 width=121)
	  Sort Key: c
	  ->  Bitmap Heap Scan on sbtest3  (cost=34.65..3868.36 rows=997 width=121)
	        Recheck Cond: ((id >= 6878294) AND (id <= 6879293))
	        ->  Bitmap Index Scan on sbtest3_pkey  (cost=0.00..34.41 rows=997 width=0)
	              Index Cond: ((id >= 6878294) AND (id <= 6879293))

table 4 : explain SELECT c FROM sbtest4 WHERE id BETWEEN 4666274 AND 4667273 ORDER BY c
	Sort  (cost=4039.62..4042.19 rows=1028 width=121)
	  Sort Key: c
	  ->  Bitmap Heap Scan on sbtest4  (cost=34.97..3988.20 rows=1028 width=121)
	        Recheck Cond: ((id >= 4666274) AND (id <= 4667273))
	        ->  Bitmap Index Scan on sbtest4_pkey  (cost=0.00..34.72 rows=1028 width=0)
	              Index Cond: ((id >= 4666274) AND (id <= 4667273))

table 5 : explain SELECT c FROM sbtest5 WHERE id BETWEEN 5847680 AND 5848679 ORDER BY c
	Sort  (cost=3962.57..3965.09 rows=1010 width=121)
	  Sort Key: c
	  ->  Bitmap Heap Scan on sbtest5  (cost=34.79..3912.17 rows=1010 width=121)
	        Recheck Cond: ((id >= 5847680) AND (id <= 5848679))
	        ->  Bitmap Index Scan on sbtest5_pkey  (cost=0.00..34.54 rows=1010 width=0)
	              Index Cond: ((id >= 5847680) AND (id <= 5848679))

table 6 : explain SELECT c FROM sbtest6 WHERE id BETWEEN 5763992 AND 5764991 ORDER BY c
	Sort  (cost=3973.08..3975.61 rows=1012 width=121)
	  Sort Key: c
	  ->  Bitmap Heap Scan on sbtest6  (cost=34.81..3922.57 rows=1012 width=121)
	        Recheck Cond: ((id >= 5763992) AND (id <= 5764991))
	        ->  Bitmap Index Scan on sbtest6_pkey  (cost=0.00..34.56 rows=1012 width=0)
	              Index Cond: ((id >= 5763992) AND (id <= 5764991))

table 7 : explain SELECT c FROM sbtest7 WHERE id BETWEEN 2082448 AND 2083447 ORDER BY c
	Sort  (cost=3740.83..3743.21 rows=950 width=121)
	  Sort Key: c
	  ->  Bitmap Heap Scan on sbtest7  (cost=34.17..3693.85 rows=950 width=121)
	        Recheck Cond: ((id >= 2082448) AND (id <= 2083447))
	        ->  Bitmap Index Scan on sbtest7_pkey  (cost=0.00..33.94 rows=950 width=0)
	              Index Cond: ((id >= 2082448) AND (id <= 2083447))

table 8 : explain SELECT c FROM sbtest8 WHERE id BETWEEN 1687797 AND 1688796 ORDER BY c
	Sort  (cost=3770.36..3772.74 rows=950 width=121)
	  Sort Key: c
	  ->  Index Scan using sbtest8_pkey on sbtest8  (cost=0.43..3723.38 rows=950 width=121)
	        Index Cond: ((id >= 1687797) AND (id <= 1688796))

for: sum_ranges
table 1 : explain SELECT SUM(k) FROM sbtest1 WHERE id BETWEEN 9724740 AND 9725739
	Aggregate  (cost=3891.73..3891.74 rows=1 width=8)
	  ->  Bitmap Heap Scan on sbtest1  (cost=34.72..3889.23 rows=1003 width=4)
	        Recheck Cond: ((id >= 9724740) AND (id <= 9725739))
	        ->  Bitmap Index Scan on sbtest1_pkey  (cost=0.00..34.47 rows=1003 width=0)
	              Index Cond: ((id >= 9724740) AND (id <= 9725739))

table 2 : explain SELECT SUM(k) FROM sbtest2 WHERE id BETWEEN 8318002 AND 8319001
	Aggregate  (cost=3683.03..3683.04 rows=1 width=8)
	  ->  Bitmap Heap Scan on sbtest2  (cost=34.15..3680.66 rows=948 width=4)
	        Recheck Cond: ((id >= 8318002) AND (id <= 8319001))
	        ->  Bitmap Index Scan on sbtest2_pkey  (cost=0.00..33.92 rows=948 width=0)
	              Index Cond: ((id >= 8318002) AND (id <= 8319001))

table 3 : explain SELECT SUM(k) FROM sbtest3 WHERE id BETWEEN 5689390 AND 5690389
	Aggregate  (cost=3761.21..3761.22 rows=1 width=8)
	  ->  Bitmap Heap Scan on sbtest3  (cost=34.36..3758.79 rows=968 width=4)
	        Recheck Cond: ((id >= 5689390) AND (id <= 5690389))
	        ->  Bitmap Index Scan on sbtest3_pkey  (cost=0.00..34.12 rows=968 width=0)
	              Index Cond: ((id >= 5689390) AND (id <= 5690389))

table 4 : explain SELECT SUM(k) FROM sbtest4 WHERE id BETWEEN 4698223 AND 4699222
	Aggregate  (cost=3975.65..3975.66 rows=1 width=8)
	  ->  Bitmap Heap Scan on sbtest4  (cost=34.93..3973.09 rows=1024 width=4)
	        Recheck Cond: ((id >= 4698223) AND (id <= 4699222))
	        ->  Bitmap Index Scan on sbtest4_pkey  (cost=0.00..34.68 rows=1024 width=0)
	              Index Cond: ((id >= 4698223) AND (id <= 4699222))

table 5 : explain SELECT SUM(k) FROM sbtest5 WHERE id BETWEEN 2426648 AND 2427647
	Aggregate  (cost=3744.94..3744.95 rows=1 width=8)
	  ->  Bitmap Heap Scan on sbtest5  (cost=34.33..3742.52 rows=965 width=4)
	        Recheck Cond: ((id >= 2426648) AND (id <= 2427647))
	        ->  Bitmap Index Scan on sbtest5_pkey  (cost=0.00..34.09 rows=965 width=0)
	              Index Cond: ((id >= 2426648) AND (id <= 2427647))

table 6 : explain SELECT SUM(k) FROM sbtest6 WHERE id BETWEEN 6063196 AND 6064195
	Aggregate  (cost=3732.49..3732.50 rows=1 width=8)
	  ->  Bitmap Heap Scan on sbtest6  (cost=34.29..3730.08 rows=961 width=4)
	        Recheck Cond: ((id >= 6063196) AND (id <= 6064195))
	        ->  Bitmap Index Scan on sbtest6_pkey  (cost=0.00..34.05 rows=961 width=0)
	              Index Cond: ((id >= 6063196) AND (id <= 6064195))

table 7 : explain SELECT SUM(k) FROM sbtest7 WHERE id BETWEEN 411134 AND 412133
	Aggregate  (cost=4267.31..4267.32 rows=1 width=8)
	  ->  Bitmap Heap Scan on sbtest7  (cost=39.71..4264.56 rows=1100 width=4)
	        Recheck Cond: ((id >= 411134) AND (id <= 412133))
	        ->  Bitmap Index Scan on sbtest7_pkey  (cost=0.00..39.44 rows=1100 width=0)
	              Index Cond: ((id >= 411134) AND (id <= 412133))

table 8 : explain SELECT SUM(k) FROM sbtest8 WHERE id BETWEEN 6207635 AND 6208634
	Aggregate  (cost=4016.17..4016.18 rows=1 width=8)
	  ->  Bitmap Heap Scan on sbtest8  (cost=35.04..4013.59 rows=1035 width=4)
	        Recheck Cond: ((id >= 6207635) AND (id <= 6208634))
	        ->  Bitmap Index Scan on sbtest8_pkey  (cost=0.00..34.79 rows=1035 width=0)
	              Index Cond: ((id >= 6207635) AND (id <= 6208634))

for: simple_ranges
table 1 : explain SELECT c FROM sbtest1 WHERE id BETWEEN 9375361 AND 9376360
	Bitmap Heap Scan on sbtest1  (cost=34.42..3779.76 rows=974 width=121)
	  Recheck Cond: ((id >= 9375361) AND (id <= 9376360))
	  ->  Bitmap Index Scan on sbtest1_pkey  (cost=0.00..34.18 rows=974 width=0)
	        Index Cond: ((id >= 9375361) AND (id <= 9376360))

table 2 : explain SELECT c FROM sbtest2 WHERE id BETWEEN 9052366 AND 9053365
	Bitmap Heap Scan on sbtest2  (cost=35.37..4129.41 rows=1067 width=121)
	  Recheck Cond: ((id >= 9052366) AND (id <= 9053365))
	  ->  Bitmap Index Scan on sbtest2_pkey  (cost=0.00..35.11 rows=1067 width=0)
	        Index Cond: ((id >= 9052366) AND (id <= 9053365))

table 3 : explain SELECT c FROM sbtest3 WHERE id BETWEEN 1087109 AND 1088108
	Bitmap Heap Scan on sbtest3  (cost=34.71..3887.24 rows=1002 width=121)
	  Recheck Cond: ((id >= 1087109) AND (id <= 1088108))
	  ->  Bitmap Index Scan on sbtest3_pkey  (cost=0.00..34.45 rows=1002 width=0)
	        Index Cond: ((id >= 1087109) AND (id <= 1088108))

table 4 : explain SELECT c FROM sbtest4 WHERE id BETWEEN 2915231 AND 2916230
	Bitmap Heap Scan on sbtest4  (cost=29.73..3526.31 rows=907 width=121)
	  Recheck Cond: ((id >= 2915231) AND (id <= 2916230))
	  ->  Bitmap Index Scan on sbtest4_pkey  (cost=0.00..29.50 rows=907 width=0)
	        Index Cond: ((id >= 2915231) AND (id <= 2916230))

table 5 : explain SELECT c FROM sbtest5 WHERE id BETWEEN 6700729 AND 6701728
	Bitmap Heap Scan on sbtest5  (cost=35.06..4013.83 rows=1037 width=121)
	  Recheck Cond: ((id >= 6700729) AND (id <= 6701728))
	  ->  Bitmap Index Scan on sbtest5_pkey  (cost=0.00..34.81 rows=1037 width=0)
	        Index Cond: ((id >= 6700729) AND (id <= 6701728))

table 6 : explain SELECT c FROM sbtest6 WHERE id BETWEEN 3485580 AND 3486579
	Bitmap Heap Scan on sbtest6  (cost=34.22..3707.42 rows=955 width=121)
	  Recheck Cond: ((id >= 3485580) AND (id <= 3486579))
	  ->  Bitmap Index Scan on sbtest6_pkey  (cost=0.00..33.98 rows=955 width=0)
	        Index Cond: ((id >= 3485580) AND (id <= 3486579))

table 7 : explain SELECT c FROM sbtest7 WHERE id BETWEEN 8748845 AND 8749844
	Bitmap Heap Scan on sbtest7  (cost=34.44..3792.27 rows=976 width=121)
	  Recheck Cond: ((id >= 8748845) AND (id <= 8749844))
	  ->  Bitmap Index Scan on sbtest7_pkey  (cost=0.00..34.20 rows=976 width=0)
	        Index Cond: ((id >= 8748845) AND (id <= 8749844))

table 8 : explain SELECT c FROM sbtest8 WHERE id BETWEEN 5977247 AND 5978246
	Index Scan using sbtest8_pkey on sbtest8  (cost=0.43..3766.27 rows=961 width=121)
	  Index Cond: ((id >= 5977247) AND (id <= 5978246))

for: sum_ranges
table 1 : explain SELECT SUM(k) FROM sbtest1 WHERE id BETWEEN 4348085 AND 4349084
	Aggregate  (cost=3782.19..3782.20 rows=1 width=8)
	  ->  Bitmap Heap Scan on sbtest1  (cost=34.42..3779.76 rows=974 width=4)
	        Recheck Cond: ((id >= 4348085) AND (id <= 4349084))
	        ->  Bitmap Index Scan on sbtest1_pkey  (cost=0.00..34.18 rows=974 width=0)
	              Index Cond: ((id >= 4348085) AND (id <= 4349084))

table 2 : explain SELECT SUM(k) FROM sbtest2 WHERE id BETWEEN 8359076 AND 8360075
	Aggregate  (cost=3683.03..3683.04 rows=1 width=8)
	  ->  Bitmap Heap Scan on sbtest2  (cost=34.15..3680.66 rows=948 width=4)
	        Recheck Cond: ((id >= 8359076) AND (id <= 8360075))
	        ->  Bitmap Index Scan on sbtest2_pkey  (cost=0.00..33.92 rows=948 width=0)
	              Index Cond: ((id >= 8359076) AND (id <= 8360075))

table 3 : explain SELECT SUM(k) FROM sbtest3 WHERE id BETWEEN 4506837 AND 4507836
	Aggregate  (cost=3757.43..3757.44 rows=1 width=8)
	  ->  Bitmap Heap Scan on sbtest3  (cost=34.35..3755.01 rows=967 width=4)
	        Recheck Cond: ((id >= 4506837) AND (id <= 4507836))
	        ->  Bitmap Index Scan on sbtest3_pkey  (cost=0.00..34.11 rows=967 width=0)
	              Index Cond: ((id >= 4506837) AND (id <= 4507836))

table 4 : explain SELECT SUM(k) FROM sbtest4 WHERE id BETWEEN 9585633 AND 9586632
	Aggregate  (cost=4017.22..4017.23 rows=1 width=8)
	  ->  Bitmap Heap Scan on sbtest4  (cost=35.04..4014.63 rows=1035 width=4)
	        Recheck Cond: ((id >= 9585633) AND (id <= 9586632))
	        ->  Bitmap Index Scan on sbtest4_pkey  (cost=0.00..34.79 rows=1035 width=0)
	              Index Cond: ((id >= 9585633) AND (id <= 9586632))

table 5 : explain SELECT SUM(k) FROM sbtest5 WHERE id BETWEEN 6501630 AND 6502629
	Aggregate  (cost=4057.84..4057.85 rows=1 width=8)
	  ->  Bitmap Heap Scan on sbtest5  (cost=35.18..4055.22 rows=1048 width=4)
	        Recheck Cond: ((id >= 6501630) AND (id <= 6502629))
	        ->  Bitmap Index Scan on sbtest5_pkey  (cost=0.00..34.92 rows=1048 width=0)
	              Index Cond: ((id >= 6501630) AND (id <= 6502629))

table 6 : explain SELECT SUM(k) FROM sbtest6 WHERE id BETWEEN 2854110 AND 2855109
	Aggregate  (cost=3694.68..3694.69 rows=1 width=8)
	  ->  Bitmap Heap Scan on sbtest6  (cost=34.18..3692.30 rows=951 width=4)
	        Recheck Cond: ((id >= 2854110) AND (id <= 2855109))
	        ->  Bitmap Index Scan on sbtest6_pkey  (cost=0.00..33.95 rows=951 width=0)
	              Index Cond: ((id >= 2854110) AND (id <= 2855109))

table 7 : explain SELECT SUM(k) FROM sbtest7 WHERE id BETWEEN 8529780 AND 8530779
	Aggregate  (cost=3525.35..3525.36 rows=1 width=8)
	  ->  Bitmap Heap Scan on sbtest7  (cost=29.72..3523.09 rows=906 width=4)
	        Recheck Cond: ((id >= 8529780) AND (id <= 8530779))
	        ->  Bitmap Index Scan on sbtest7_pkey  (cost=0.00..29.50 rows=906 width=0)
	              Index Cond: ((id >= 8529780) AND (id <= 8530779))

table 8 : explain SELECT SUM(k) FROM sbtest8 WHERE id BETWEEN 2300057 AND 2301056
	Aggregate  (cost=3838.85..3838.86 rows=1 width=8)
	  ->  Index Scan using sbtest8_pkey on sbtest8  (cost=0.43..3836.41 rows=979 width=4)
	        Index Cond: ((id >= 2300057) AND (id <= 2301056))

for: sum_ranges
table 1 : explain SELECT SUM(k) FROM sbtest1 WHERE id BETWEEN 2285770 AND 2286769
	Aggregate  (cost=4404.33..4404.34 rows=1 width=8)
	  ->  Bitmap Heap Scan on sbtest1  (cost=40.11..4401.48 rows=1139 width=4)
	        Recheck Cond: ((id >= 2285770) AND (id <= 2286769))
	        ->  Bitmap Index Scan on sbtest1_pkey  (cost=0.00..39.83 rows=1139 width=0)
	              Index Cond: ((id >= 2285770) AND (id <= 2286769))

table 2 : explain SELECT SUM(k) FROM sbtest2 WHERE id BETWEEN 8426443 AND 8427442
	Aggregate  (cost=3879.47..3879.48 rows=1 width=8)
	  ->  Bitmap Heap Scan on sbtest2  (cost=34.69..3876.97 rows=1000 width=4)
	        Recheck Cond: ((id >= 8426443) AND (id <= 8427442))
	        ->  Bitmap Index Scan on sbtest2_pkey  (cost=0.00..34.44 rows=1000 width=0)
	              Index Cond: ((id >= 8426443) AND (id <= 8427442))

table 3 : explain SELECT SUM(k) FROM sbtest3 WHERE id BETWEEN 2570518 AND 2571517
	Aggregate  (cost=3901.08..3901.09 rows=1 width=8)
	  ->  Bitmap Heap Scan on sbtest3  (cost=34.74..3898.57 rows=1005 width=4)
	        Recheck Cond: ((id >= 2570518) AND (id <= 2571517))
	        ->  Bitmap Index Scan on sbtest3_pkey  (cost=0.00..34.48 rows=1005 width=0)
	              Index Cond: ((id >= 2570518) AND (id <= 2571517))

table 4 : explain SELECT SUM(k) FROM sbtest4 WHERE id BETWEEN 5534224 AND 5535223
	Aggregate  (cost=3975.65..3975.66 rows=1 width=8)
	  ->  Bitmap Heap Scan on sbtest4  (cost=34.93..3973.09 rows=1024 width=4)
	        Recheck Cond: ((id >= 5534224) AND (id <= 5535223))
	        ->  Bitmap Index Scan on sbtest4_pkey  (cost=0.00..34.68 rows=1024 width=0)
	              Index Cond: ((id >= 5534224) AND (id <= 5535223))

table 5 : explain SELECT SUM(k) FROM sbtest5 WHERE id BETWEEN 2747135 AND 2748134
	Aggregate  (cost=4027.72..4027.73 rows=1 width=8)
	  ->  Bitmap Heap Scan on sbtest5  (cost=35.09..4025.12 rows=1040 width=4)
	        Recheck Cond: ((id >= 2747135) AND (id <= 2748134))
	        ->  Bitmap Index Scan on sbtest5_pkey  (cost=0.00..34.84 rows=1040 width=0)
	              Index Cond: ((id >= 2747135) AND (id <= 2748134))

table 6 : explain SELECT SUM(k) FROM sbtest6 WHERE id BETWEEN 967683 AND 968682
	Aggregate  (cost=3690.90..3690.91 rows=1 width=8)
	  ->  Bitmap Heap Scan on sbtest6  (cost=34.17..3688.52 rows=950 width=4)
	        Recheck Cond: ((id >= 967683) AND (id <= 968682))
	        ->  Bitmap Index Scan on sbtest6_pkey  (cost=0.00..33.94 rows=950 width=0)
	              Index Cond: ((id >= 967683) AND (id <= 968682))

table 7 : explain SELECT SUM(k) FROM sbtest7 WHERE id BETWEEN 9578317 AND 9579316
	Aggregate  (cost=3995.23..3995.24 rows=1 width=8)
	  ->  Bitmap Heap Scan on sbtest7  (cost=34.98..3992.65 rows=1029 width=4)
	        Recheck Cond: ((id >= 9578317) AND (id <= 9579316))
	        ->  Bitmap Index Scan on sbtest7_pkey  (cost=0.00..34.73 rows=1029 width=0)
	              Index Cond: ((id >= 9578317) AND (id <= 9579316))

table 8 : explain SELECT SUM(k) FROM sbtest8 WHERE id BETWEEN 1401936 AND 1402935
	Aggregate  (cost=3998.75..3998.76 rows=1 width=8)
	  ->  Index Scan using sbtest8_pkey on sbtest8  (cost=0.43..3996.20 rows=1020 width=4)
	        Index Cond: ((id >= 1401936) AND (id <= 1402935))

for: sum_ranges
table 1 : explain SELECT SUM(k) FROM sbtest1 WHERE id BETWEEN 7884932 AND 7885931
	Aggregate  (cost=3676.33..3676.34 rows=1 width=8)
	  ->  Bitmap Heap Scan on sbtest1  (cost=34.13..3673.96 rows=946 width=4)
	        Recheck Cond: ((id >= 7884932) AND (id <= 7885931))
	        ->  Bitmap Index Scan on sbtest1_pkey  (cost=0.00..33.90 rows=946 width=0)
	              Index Cond: ((id >= 7884932) AND (id <= 7885931))

table 2 : explain SELECT SUM(k) FROM sbtest2 WHERE id BETWEEN 3529999 AND 3530998
	Aggregate  (cost=3690.59..3690.60 rows=1 width=8)
	  ->  Bitmap Heap Scan on sbtest2  (cost=34.17..3688.21 rows=950 width=4)
	        Recheck Cond: ((id >= 3529999) AND (id <= 3530998))
	        ->  Bitmap Index Scan on sbtest2_pkey  (cost=0.00..33.94 rows=950 width=0)
	              Index Cond: ((id >= 3529999) AND (id <= 3530998))

table 3 : explain SELECT SUM(k) FROM sbtest3 WHERE id BETWEEN 4430822 AND 4431821
	Aggregate  (cost=3768.78..3768.79 rows=1 width=8)
	  ->  Bitmap Heap Scan on sbtest3  (cost=34.38..3766.35 rows=970 width=4)
	        Recheck Cond: ((id >= 4430822) AND (id <= 4431821))
	        ->  Bitmap Index Scan on sbtest3_pkey  (cost=0.00..34.14 rows=970 width=0)
	              Index Cond: ((id >= 4430822) AND (id <= 4431821))

table 4 : explain SELECT SUM(k) FROM sbtest4 WHERE id BETWEEN 1635129 AND 1636128
	Aggregate  (cost=3471.65..3471.66 rows=1 width=8)
	  ->  Bitmap Heap Scan on sbtest4  (cost=29.58..3469.42 rows=892 width=4)
	        Recheck Cond: ((id >= 1635129) AND (id <= 1636128))
	        ->  Bitmap Index Scan on sbtest4_pkey  (cost=0.00..29.36 rows=892 width=0)
	              Index Cond: ((id >= 1635129) AND (id <= 1636128))

table 5 : explain SELECT SUM(k) FROM sbtest5 WHERE id BETWEEN 7059689 AND 7060688
	Aggregate  (cost=4197.04..4197.05 rows=1 width=8)
	  ->  Bitmap Heap Scan on sbtest5  (cost=35.56..4194.33 rows=1085 width=4)
	        Recheck Cond: ((id >= 7059689) AND (id <= 7060688))
	        ->  Bitmap Index Scan on sbtest5_pkey  (cost=0.00..35.29 rows=1085 width=0)
	              Index Cond: ((id >= 7059689) AND (id <= 7060688))

table 6 : explain SELECT SUM(k) FROM sbtest6 WHERE id BETWEEN 8214310 AND 8215309
	Aggregate  (cost=3717.37..3717.38 rows=1 width=8)
	  ->  Bitmap Heap Scan on sbtest6  (cost=34.24..3714.97 rows=957 width=4)
	        Recheck Cond: ((id >= 8214310) AND (id <= 8215309))
	        ->  Bitmap Index Scan on sbtest6_pkey  (cost=0.00..34.01 rows=957 width=0)
	              Index Cond: ((id >= 8214310) AND (id <= 8215309))

table 7 : explain SELECT SUM(k) FROM sbtest7 WHERE id BETWEEN 7299764 AND 7300763
	Aggregate  (cost=3658.32..3658.33 rows=1 width=8)
	  ->  Bitmap Heap Scan on sbtest7  (cost=34.07..3655.97 rows=940 width=4)
	        Recheck Cond: ((id >= 7299764) AND (id <= 7300763))
	        ->  Bitmap Index Scan on sbtest7_pkey  (cost=0.00..33.84 rows=940 width=0)
	              Index Cond: ((id >= 7299764) AND (id <= 7300763))

table 8 : explain SELECT SUM(k) FROM sbtest8 WHERE id BETWEEN 2040945 AND 2041944
	Aggregate  (cost=3647.74..3647.75 rows=1 width=8)
	  ->  Index Scan using sbtest8_pkey on sbtest8  (cost=0.43..3645.41 rows=930 width=4)
	        Index Cond: ((id >= 2040945) AND (id <= 2041944))

for: simple_ranges
table 1 : explain SELECT c FROM sbtest1 WHERE id BETWEEN 8539819 AND 8540818
	Bitmap Heap Scan on sbtest1  (cost=34.71..3885.45 rows=1002 width=121)
	  Recheck Cond: ((id >= 8539819) AND (id <= 8540818))
	  ->  Bitmap Index Scan on sbtest1_pkey  (cost=0.00..34.45 rows=1002 width=0)
	        Index Cond: ((id >= 8539819) AND (id <= 8540818))

table 2 : explain SELECT c FROM sbtest2 WHERE id BETWEEN 2151766 AND 2152765
	Bitmap Heap Scan on sbtest2  (cost=33.93..3597.50 rows=926 width=121)
	  Recheck Cond: ((id >= 2151766) AND (id <= 2152765))
	  ->  Bitmap Index Scan on sbtest2_pkey  (cost=0.00..33.70 rows=926 width=0)
	        Index Cond: ((id >= 2151766) AND (id <= 2152765))

table 3 : explain SELECT c FROM sbtest3 WHERE id BETWEEN 1679245 AND 1680244
	Bitmap Heap Scan on sbtest3  (cost=34.59..3845.70 rows=991 width=121)
	  Recheck Cond: ((id >= 1679245) AND (id <= 1680244))
	  ->  Bitmap Index Scan on sbtest3_pkey  (cost=0.00..34.34 rows=991 width=0)
	        Index Cond: ((id >= 1679245) AND (id <= 1680244))

table 4 : explain SELECT c FROM sbtest4 WHERE id BETWEEN 3689255 AND 3690254
	Bitmap Heap Scan on sbtest4  (cost=35.00..3999.53 rows=1031 width=121)
	  Recheck Cond: ((id >= 3689255) AND (id <= 3690254))
	  ->  Bitmap Index Scan on sbtest4_pkey  (cost=0.00..34.75 rows=1031 width=0)
	        Index Cond: ((id >= 3689255) AND (id <= 3690254))

table 5 : explain SELECT c FROM sbtest5 WHERE id BETWEEN 1817360 AND 1818359
	Bitmap Heap Scan on sbtest5  (cost=35.37..4126.67 rows=1067 width=121)
	  Recheck Cond: ((id >= 1817360) AND (id <= 1818359))
	  ->  Bitmap Index Scan on sbtest5_pkey  (cost=0.00..35.11 rows=1067 width=0)
	        Index Cond: ((id >= 1817360) AND (id <= 1818359))

table 6 : explain SELECT c FROM sbtest6 WHERE id BETWEEN 603825 AND 604824
	Bitmap Heap Scan on sbtest6  (cost=34.55..3828.25 rows=987 width=121)
	  Recheck Cond: ((id >= 603825) AND (id <= 604824))
	  ->  Bitmap Index Scan on sbtest6_pkey  (cost=0.00..34.31 rows=987 width=0)
	        Index Cond: ((id >= 603825) AND (id <= 604824))

table 7 : explain SELECT c FROM sbtest7 WHERE id BETWEEN 9227307 AND 9228306
	Bitmap Heap Scan on sbtest7  (cost=33.96..3614.29 rows=929 width=121)
	  Recheck Cond: ((id >= 9227307) AND (id <= 9228306))
	  ->  Bitmap Index Scan on sbtest7_pkey  (cost=0.00..33.73 rows=929 width=0)
	        Index Cond: ((id >= 9227307) AND (id <= 9228306))

table 8 : explain SELECT c FROM sbtest8 WHERE id BETWEEN 9839317 AND 9840316
	Bitmap Heap Scan on sbtest8  (cost=35.04..4013.59 rows=1035 width=121)
	  Recheck Cond: ((id >= 9839317) AND (id <= 9840316))
	  ->  Bitmap Index Scan on sbtest8_pkey  (cost=0.00..34.79 rows=1035 width=0)
	        Index Cond: ((id >= 9839317) AND (id <= 9840316))

for: distinct_ranges
table 1 : explain SELECT DISTINCT c FROM sbtest1 WHERE id BETWEEN 2553404 AND 2554403 ORDER BY c
	Unique  (cost=4034.94..4040.08 rows=1028 width=121)
	  ->  Sort  (cost=4034.94..4037.51 rows=1028 width=121)
	        Sort Key: c
	        ->  Bitmap Heap Scan on sbtest1  (cost=34.97..3983.51 rows=1028 width=121)
	              Recheck Cond: ((id >= 2553404) AND (id <= 2554403))
	              ->  Bitmap Index Scan on sbtest1_pkey  (cost=0.00..34.72 rows=1028 width=0)
	                    Index Cond: ((id >= 2553404) AND (id <= 2554403))

table 2 : explain SELECT DISTINCT c FROM sbtest2 WHERE id BETWEEN 9257689 AND 9258688 ORDER BY c
	Unique  (cost=3758.21..3762.99 rows=956 width=121)
	  ->  Sort  (cost=3758.21..3760.60 rows=956 width=121)
	        Sort Key: c
	        ->  Bitmap Heap Scan on sbtest2  (cost=34.23..3710.88 rows=956 width=121)
	              Recheck Cond: ((id >= 9257689) AND (id <= 9258688))
	              ->  Bitmap Index Scan on sbtest2_pkey  (cost=0.00..34.00 rows=956 width=0)
	                    Index Cond: ((id >= 9257689) AND (id <= 9258688))

table 3 : explain SELECT DISTINCT c FROM sbtest3 WHERE id BETWEEN 3196693 AND 3197692 ORDER BY c
	Unique  (cost=3664.75..3669.41 rows=931 width=121)
	  ->  Sort  (cost=3664.75..3667.08 rows=931 width=121)
	        Sort Key: c
	        ->  Bitmap Heap Scan on sbtest3  (cost=33.98..3618.84 rows=931 width=121)
	              Recheck Cond: ((id >= 3196693) AND (id <= 3197692))
	              ->  Bitmap Index Scan on sbtest3_pkey  (cost=0.00..33.75 rows=931 width=0)
	                    Index Cond: ((id >= 3196693) AND (id <= 3197692))

table 4 : explain SELECT DISTINCT c FROM sbtest4 WHERE id BETWEEN 3751984 AND 3752983 ORDER BY c
	Unique  (cost=4051.13..4056.28 rows=1031 width=121)
	  ->  Sort  (cost=4051.13..4053.70 rows=1031 width=121)
	        Sort Key: c
	        ->  Bitmap Heap Scan on sbtest4  (cost=35.00..3999.53 rows=1031 width=121)
	              Recheck Cond: ((id >= 3751984) AND (id <= 3752983))
	              ->  Bitmap Index Scan on sbtest4_pkey  (cost=0.00..34.75 rows=1031 width=0)
	                    Index Cond: ((id >= 3751984) AND (id <= 3752983))

table 5 : explain SELECT DISTINCT c FROM sbtest5 WHERE id BETWEEN 3194950 AND 3195949 ORDER BY c
	Unique  (cost=4054.31..4059.48 rows=1034 width=121)
	  ->  Sort  (cost=4054.31..4056.89 rows=1034 width=121)
	        Sort Key: c
	        ->  Bitmap Heap Scan on sbtest5  (cost=35.03..4002.54 rows=1034 width=121)
	              Recheck Cond: ((id >= 3194950) AND (id <= 3195949))
	              ->  Bitmap Index Scan on sbtest5_pkey  (cost=0.00..34.78 rows=1034 width=0)
	                    Index Cond: ((id >= 3194950) AND (id <= 3195949))

table 6 : explain SELECT DISTINCT c FROM sbtest6 WHERE id BETWEEN 1670502 AND 1671501 ORDER BY c
	Unique  (cost=4129.93..4135.20 rows=1053 width=121)
	  ->  Sort  (cost=4129.93..4132.56 rows=1053 width=121)
	        Sort Key: c
	        ->  Bitmap Heap Scan on sbtest6  (cost=35.23..4077.07 rows=1053 width=121)
	              Recheck Cond: ((id >= 1670502) AND (id <= 1671501))
	              ->  Bitmap Index Scan on sbtest6_pkey  (cost=0.00..34.97 rows=1053 width=0)
	                    Index Cond: ((id >= 1670502) AND (id <= 1671501))

table 7 : explain SELECT DISTINCT c FROM sbtest7 WHERE id BETWEEN 4476818 AND 4477817 ORDER BY c
	Unique  (cost=3875.30..3880.22 rows=985 width=121)
	  ->  Sort  (cost=3875.30..3877.76 rows=985 width=121)
	        Sort Key: c
	        ->  Bitmap Heap Scan on sbtest7  (cost=34.53..3826.32 rows=985 width=121)
	              Recheck Cond: ((id >= 4476818) AND (id <= 4477817))
	              ->  Bitmap Index Scan on sbtest7_pkey  (cost=0.00..34.29 rows=985 width=0)
	                    Index Cond: ((id >= 4476818) AND (id <= 4477817))

table 8 : explain SELECT DISTINCT c FROM sbtest8 WHERE id BETWEEN 8294767 AND 8295766 ORDER BY c
	Unique  (cost=4053.92..4059.08 rows=1032 width=121)
	  ->  Sort  (cost=4053.92..4056.50 rows=1032 width=121)
	        Sort Key: c
	        ->  Bitmap Heap Scan on sbtest8  (cost=35.01..4002.26 rows=1032 width=121)
	              Recheck Cond: ((id >= 8294767) AND (id <= 8295766))
	              ->  Bitmap Index Scan on sbtest8_pkey  (cost=0.00..34.76 rows=1032 width=0)
	                    Index Cond: ((id >= 8294767) AND (id <= 8295766))

for: order_ranges
table 1 : explain SELECT c FROM sbtest1 WHERE id BETWEEN 2044155 AND 2045154 ORDER BY c
	Sort  (cost=3946.89..3949.40 rows=1005 width=121)
	  Sort Key: c
	  ->  Bitmap Heap Scan on sbtest1  (cost=34.74..3896.77 rows=1005 width=121)
	        Recheck Cond: ((id >= 2044155) AND (id <= 2045154))
	        ->  Bitmap Index Scan on sbtest1_pkey  (cost=0.00..34.48 rows=1005 width=0)
	              Index Cond: ((id >= 2044155) AND (id <= 2045154))

table 2 : explain SELECT c FROM sbtest2 WHERE id BETWEEN 8723341 AND 8724340 ORDER BY c
	Sort  (cost=3712.19..3714.55 rows=944 width=121)
	  Sort Key: c
	  ->  Bitmap Heap Scan on sbtest2  (cost=34.11..3665.54 rows=944 width=121)
	        Recheck Cond: ((id >= 8723341) AND (id <= 8724340))
	        ->  Bitmap Index Scan on sbtest2_pkey  (cost=0.00..33.88 rows=944 width=0)
	              Index Cond: ((id >= 8723341) AND (id <= 8724340))

table 3 : explain SELECT c FROM sbtest3 WHERE id BETWEEN 8260636 AND 8261635 ORDER BY c
	Sort  (cost=3668.60..3670.93 rows=932 width=121)
	  Sort Key: c
	  ->  Bitmap Heap Scan on sbtest3  (cost=33.99..3622.63 rows=932 width=121)
	        Recheck Cond: ((id >= 8260636) AND (id <= 8261635))
	        ->  Bitmap Index Scan on sbtest3_pkey  (cost=0.00..33.76 rows=932 width=0)
	              Index Cond: ((id >= 8260636) AND (id <= 8261635))

table 4 : explain SELECT c FROM sbtest4 WHERE id BETWEEN 1116506 AND 1117505 ORDER BY c
	Sort  (cost=4116.28..4118.90 rows=1048 width=121)
	  Sort Key: c
	  ->  Bitmap Heap Scan on sbtest4  (cost=35.18..4063.71 rows=1048 width=121)
	        Recheck Cond: ((id >= 1116506) AND (id <= 1117505))
	        ->  Bitmap Index Scan on sbtest4_pkey  (cost=0.00..34.92 rows=1048 width=0)
	              Index Cond: ((id >= 1116506) AND (id <= 1117505))

table 5 : explain SELECT c FROM sbtest5 WHERE id BETWEEN 7260795 AND 7261794 ORDER BY c
	Sort  (cost=4375.14..4377.93 rows=1118 width=121)
	  Sort Key: c
	  ->  Bitmap Heap Scan on sbtest5  (cost=39.89..4318.53 rows=1118 width=121)
	        Recheck Cond: ((id >= 7260795) AND (id <= 7261794))
	        ->  Bitmap Index Scan on sbtest5_pkey  (cost=0.00..39.62 rows=1118 width=0)
	              Index Cond: ((id >= 7260795) AND (id <= 7261794))

table 6 : explain SELECT c FROM sbtest6 WHERE id BETWEEN 8857469 AND 8858468 ORDER BY c
	Sort  (cost=4156.69..4159.34 rows=1060 width=121)
	  Sort Key: c
	  ->  Bitmap Heap Scan on sbtest6  (cost=35.30..4103.43 rows=1060 width=121)
	        Recheck Cond: ((id >= 8857469) AND (id <= 8858468))
	        ->  Bitmap Index Scan on sbtest6_pkey  (cost=0.00..35.04 rows=1060 width=0)
	              Index Cond: ((id >= 8857469) AND (id <= 8858468))

table 7 : explain SELECT c FROM sbtest7 WHERE id BETWEEN 4545397 AND 4546396 ORDER BY c
	Sort  (cost=3840.73..3843.17 rows=976 width=121)
	  Sort Key: c
	  ->  Bitmap Heap Scan on sbtest7  (cost=34.44..3792.27 rows=976 width=121)
	        Recheck Cond: ((id >= 4545397) AND (id <= 4546396))
	        ->  Bitmap Index Scan on sbtest7_pkey  (cost=0.00..34.20 rows=976 width=0)
	              Index Cond: ((id >= 4545397) AND (id <= 4546396))

table 8 : explain SELECT c FROM sbtest8 WHERE id BETWEEN 4058139 AND 4059138 ORDER BY c
	Sort  (cost=3695.25..3697.58 rows=931 width=121)
	  Sort Key: c
	  ->  Index Scan using sbtest8_pkey on sbtest8  (cost=0.43..3649.34 rows=931 width=121)
	        Index Cond: ((id >= 4058139) AND (id <= 4059138))

for: order_ranges
table 1 : explain SELECT c FROM sbtest1 WHERE id BETWEEN 4861263 AND 4862262 ORDER BY c
	Sort  (cost=4057.90..4060.49 rows=1034 width=121)
	  Sort Key: c
	  ->  Bitmap Heap Scan on sbtest1  (cost=35.03..4006.13 rows=1034 width=121)
	        Recheck Cond: ((id >= 4861263) AND (id <= 4862262))
	        ->  Bitmap Index Scan on sbtest1_pkey  (cost=0.00..34.78 rows=1034 width=0)
	              Index Cond: ((id >= 4861263) AND (id <= 4862262))

table 2 : explain SELECT c FROM sbtest2 WHERE id BETWEEN 9044430 AND 9045429 ORDER BY c
	Sort  (cost=4183.07..4185.74 rows=1067 width=121)
	  Sort Key: c
	  ->  Bitmap Heap Scan on sbtest2  (cost=35.37..4129.41 rows=1067 width=121)
	        Recheck Cond: ((id >= 9044430) AND (id <= 9045429))
	        ->  Bitmap Index Scan on sbtest2_pkey  (cost=0.00..35.11 rows=1067 width=0)
	              Index Cond: ((id >= 9044430) AND (id <= 9045429))

table 3 : explain SELECT c FROM sbtest3 WHERE id BETWEEN 1313090 AND 1314089 ORDER BY c
	Sort  (cost=3902.68..3905.17 rows=993 width=121)
	  Sort Key: c
	  ->  Bitmap Heap Scan on sbtest3  (cost=34.61..3853.25 rows=993 width=121)
	        Recheck Cond: ((id >= 1313090) AND (id <= 1314089))
	        ->  Bitmap Index Scan on sbtest3_pkey  (cost=0.00..34.37 rows=993 width=0)
	              Index Cond: ((id >= 1313090) AND (id <= 1314089))

table 4 : explain SELECT c FROM sbtest4 WHERE id BETWEEN 2211493 AND 2212492 ORDER BY c
	Sort  (cost=3924.56..3927.05 rows=998 width=121)
	  Sort Key: c
	  ->  Bitmap Heap Scan on sbtest4  (cost=34.66..3874.84 rows=998 width=121)
	        Recheck Cond: ((id >= 2211493) AND (id <= 2212492))
	        ->  Bitmap Index Scan on sbtest4_pkey  (cost=0.00..34.42 rows=998 width=0)
	              Index Cond: ((id >= 2211493) AND (id <= 2212492))

table 5 : explain SELECT c FROM sbtest5 WHERE id BETWEEN 4278160 AND 4279159 ORDER BY c
	Sort  (cost=3583.22..3585.50 rows=912 width=121)
	  Sort Key: c
	  ->  Bitmap Heap Scan on sbtest5  (cost=29.78..3538.38 rows=912 width=121)
	        Recheck Cond: ((id >= 4278160) AND (id <= 4279159))
	        ->  Bitmap Index Scan on sbtest5_pkey  (cost=0.00..29.55 rows=912 width=0)
	              Index Cond: ((id >= 4278160) AND (id <= 4279159))

table 6 : explain SELECT c FROM sbtest6 WHERE id BETWEEN 7545780 AND 7546779 ORDER BY c
	Sort  (cost=3984.56..3987.10 rows=1015 width=121)
	  Sort Key: c
	  ->  Bitmap Heap Scan on sbtest6  (cost=34.84..3933.88 rows=1015 width=121)
	        Recheck Cond: ((id >= 7545780) AND (id <= 7546779))
	        ->  Bitmap Index Scan on sbtest6_pkey  (cost=0.00..34.59 rows=1015 width=0)
	              Index Cond: ((id >= 7545780) AND (id <= 7546779))

table 7 : explain SELECT c FROM sbtest7 WHERE id BETWEEN 7815513 AND 7816512 ORDER BY c
	Sort  (cost=4090.15..4092.75 rows=1041 width=121)
	  Sort Key: c
	  ->  Bitmap Heap Scan on sbtest7  (cost=35.11..4037.97 rows=1041 width=121)
	        Recheck Cond: ((id >= 7815513) AND (id <= 7816512))
	        ->  Bitmap Index Scan on sbtest7_pkey  (cost=0.00..34.84 rows=1041 width=0)
	              Index Cond: ((id >= 7815513) AND (id <= 7816512))

table 8 : explain SELECT c FROM sbtest8 WHERE id BETWEEN 313304 AND 314303 ORDER BY c
	Sort  (cost=3817.83..3820.24 rows=962 width=121)
	  Sort Key: c
	  ->  Index Scan using sbtest8_pkey on sbtest8  (cost=0.43..3770.16 rows=962 width=121)
	        Index Cond: ((id >= 313304) AND (id <= 314303))

for: order_ranges
table 1 : explain SELECT c FROM sbtest1 WHERE id BETWEEN 366864 AND 367863 ORDER BY c
	Sort  (cost=4103.81..4106.42 rows=1046 width=121)
	  Sort Key: c
	  ->  Bitmap Heap Scan on sbtest1  (cost=35.16..4051.35 rows=1046 width=121)
	        Recheck Cond: ((id >= 366864) AND (id <= 367863))
	        ->  Bitmap Index Scan on sbtest1_pkey  (cost=0.00..34.90 rows=1046 width=0)
	              Index Cond: ((id >= 366864) AND (id <= 367863))

table 2 : explain SELECT c FROM sbtest2 WHERE id BETWEEN 9931221 AND 9932220 ORDER BY c
	Sort  (cost=4129.57..4132.20 rows=1053 width=121)
	  Sort Key: c
	  ->  Bitmap Heap Scan on sbtest2  (cost=35.23..4076.71 rows=1053 width=121)
	        Recheck Cond: ((id >= 9931221) AND (id <= 9932220))
	        ->  Bitmap Index Scan on sbtest2_pkey  (cost=0.00..34.97 rows=1053 width=0)
	              Index Cond: ((id >= 9931221) AND (id <= 9932220))

table 3 : explain SELECT c FROM sbtest3 WHERE id BETWEEN 5356010 AND 5357009 ORDER BY c
	Sort  (cost=4354.45..4357.23 rows=1110 width=121)
	  Sort Key: c
	  ->  Bitmap Heap Scan on sbtest3  (cost=39.81..4298.31 rows=1110 width=121)
	        Recheck Cond: ((id >= 5356010) AND (id <= 5357009))
	        ->  Bitmap Index Scan on sbtest3_pkey  (cost=0.00..39.54 rows=1110 width=0)
	              Index Cond: ((id >= 5356010) AND (id <= 5357009))

table 4 : explain SELECT c FROM sbtest4 WHERE id BETWEEN 4254058 AND 4255057 ORDER BY c
	Sort  (cost=3567.02..3569.29 rows=906 width=121)
	  Sort Key: c
	  ->  Bitmap Heap Scan on sbtest4  (cost=29.72..3522.52 rows=906 width=121)
	        Recheck Cond: ((id >= 4254058) AND (id <= 4255057))
	        ->  Bitmap Index Scan on sbtest4_pkey  (cost=0.00..29.50 rows=906 width=0)
	              Index Cond: ((id >= 4254058) AND (id <= 4255057))

table 5 : explain SELECT c FROM sbtest5 WHERE id BETWEEN 5003425 AND 5004424 ORDER BY c
	Sort  (cost=3993.15..3995.70 rows=1018 width=121)
	  Sort Key: c
	  ->  Bitmap Heap Scan on sbtest5  (cost=34.87..3942.30 rows=1018 width=121)
	        Recheck Cond: ((id >= 5003425) AND (id <= 5004424))
	        ->  Bitmap Index Scan on sbtest5_pkey  (cost=0.00..34.62 rows=1018 width=0)
	              Index Cond: ((id >= 5003425) AND (id <= 5004424))

table 6 : explain SELECT c FROM sbtest6 WHERE id BETWEEN 2517213 AND 2518212 ORDER BY c
	Sort  (cost=3923.31..3925.80 rows=999 width=121)
	  Sort Key: c
	  ->  Bitmap Heap Scan on sbtest6  (cost=34.67..3873.53 rows=999 width=121)
	        Recheck Cond: ((id >= 2517213) AND (id <= 2518212))
	        ->  Bitmap Index Scan on sbtest6_pkey  (cost=0.00..34.43 rows=999 width=0)
	              Index Cond: ((id >= 2517213) AND (id <= 2518212))

table 7 : explain SELECT c FROM sbtest7 WHERE id BETWEEN 1769412 AND 1770411 ORDER BY c
	Sort  (cost=3775.42..3777.82 rows=959 width=121)
	  Sort Key: c
	  ->  Bitmap Heap Scan on sbtest7  (cost=34.26..3727.93 rows=959 width=121)
	        Recheck Cond: ((id >= 1769412) AND (id <= 1770411))
	        ->  Bitmap Index Scan on sbtest7_pkey  (cost=0.00..34.03 rows=959 width=0)
	              Index Cond: ((id >= 1769412) AND (id <= 1770411))

table 8 : explain SELECT c FROM sbtest8 WHERE id BETWEEN 489277 AND 490276 ORDER BY c
	Sort  (cost=4076.91..4079.51 rows=1038 width=121)
	  Sort Key: c
	  ->  Bitmap Heap Scan on sbtest8  (cost=35.07..4024.91 rows=1038 width=121)
	        Recheck Cond: ((id >= 489277) AND (id <= 490276))
	        ->  Bitmap Index Scan on sbtest8_pkey  (cost=0.00..34.82 rows=1038 width=0)
	              Index Cond: ((id >= 489277) AND (id <= 490276))

for: order_ranges
table 1 : explain SELECT c FROM sbtest1 WHERE id BETWEEN 4932019 AND 4933018 ORDER BY c
	Sort  (cost=3977.52..3980.05 rows=1013 width=121)
	  Sort Key: c
	  ->  Bitmap Heap Scan on sbtest1  (cost=34.82..3926.95 rows=1013 width=121)
	        Recheck Cond: ((id >= 4932019) AND (id <= 4933018))
	        ->  Bitmap Index Scan on sbtest1_pkey  (cost=0.00..34.57 rows=1013 width=0)
	              Index Cond: ((id >= 4932019) AND (id <= 4933018))

table 2 : explain SELECT c FROM sbtest2 WHERE id BETWEEN 5123910 AND 5124909 ORDER BY c
	Sort  (cost=4114.28..4116.90 rows=1049 width=121)
	  Sort Key: c
	  ->  Bitmap Heap Scan on sbtest2  (cost=35.19..4061.64 rows=1049 width=121)
	        Recheck Cond: ((id >= 5123910) AND (id <= 5124909))
	        ->  Bitmap Index Scan on sbtest2_pkey  (cost=0.00..34.93 rows=1049 width=0)
	              Index Cond: ((id >= 5123910) AND (id <= 5124909))

table 3 : explain SELECT c FROM sbtest3 WHERE id BETWEEN 6849894 AND 6850893 ORDER BY c
	Sort  (cost=3918.02..3920.51 rows=997 width=121)
	  Sort Key: c
	  ->  Bitmap Heap Scan on sbtest3  (cost=34.65..3868.36 rows=997 width=121)
	        Recheck Cond: ((id >= 6849894) AND (id <= 6850893))
	        ->  Bitmap Index Scan on sbtest3_pkey  (cost=0.00..34.41 rows=997 width=0)
	              Index Cond: ((id >= 6849894) AND (id <= 6850893))

table 4 : explain SELECT c FROM sbtest4 WHERE id BETWEEN 5157015 AND 5158014 ORDER BY c
	Sort  (cost=3882.34..3884.81 rows=987 width=121)
	  Sort Key: c
	  ->  Bitmap Heap Scan on sbtest4  (cost=34.55..3833.25 rows=987 width=121)
	        Recheck Cond: ((id >= 5157015) AND (id <= 5158014))
	        ->  Bitmap Index Scan on sbtest4_pkey  (cost=0.00..34.31 rows=987 width=0)
	              Index Cond: ((id >= 5157015) AND (id <= 5158014))

table 5 : explain SELECT c FROM sbtest5 WHERE id BETWEEN 6069232 AND 6070231 ORDER BY c
	Sort  (cost=3660.09..3662.41 rows=931 width=121)
	  Sort Key: c
	  ->  Bitmap Heap Scan on sbtest5  (cost=33.98..3614.18 rows=931 width=121)
	        Recheck Cond: ((id >= 6069232) AND (id <= 6070231))
	        ->  Bitmap Index Scan on sbtest5_pkey  (cost=0.00..33.75 rows=931 width=0)
	              Index Cond: ((id >= 6069232) AND (id <= 6070231))

table 6 : explain SELECT c FROM sbtest6 WHERE id BETWEEN 8911907 AND 8912906 ORDER BY c
	Sort  (cost=4156.69..4159.34 rows=1060 width=121)
	  Sort Key: c
	  ->  Bitmap Heap Scan on sbtest6  (cost=35.30..4103.43 rows=1060 width=121)
	        Recheck Cond: ((id >= 8911907) AND (id <= 8912906))
	        ->  Bitmap Index Scan on sbtest6_pkey  (cost=0.00..35.04 rows=1060 width=0)
	              Index Cond: ((id >= 8911907) AND (id <= 8912906))

table 7 : explain SELECT c FROM sbtest7 WHERE id BETWEEN 1978359 AND 1979358 ORDER BY c
	Sort  (cost=3813.85..3816.27 rows=969 width=121)
	  Sort Key: c
	  ->  Bitmap Heap Scan on sbtest7  (cost=34.37..3765.78 rows=969 width=121)
	        Recheck Cond: ((id >= 1978359) AND (id <= 1979358))
	        ->  Bitmap Index Scan on sbtest7_pkey  (cost=0.00..34.12 rows=969 width=0)
	              Index Cond: ((id >= 1978359) AND (id <= 1979358))

table 8 : explain SELECT c FROM sbtest8 WHERE id BETWEEN 3630045 AND 3631044 ORDER BY c
	Sort  (cost=3754.55..3756.91 rows=946 width=121)
	  Sort Key: c
	  ->  Index Scan using sbtest8_pkey on sbtest8  (cost=0.43..3707.79 rows=946 width=121)
	        Index Cond: ((id >= 3630045) AND (id <= 3631044))

for: sum_ranges
table 1 : explain SELECT SUM(k) FROM sbtest1 WHERE id BETWEEN 3097490 AND 3098489
	Aggregate  (cost=4276.42..4276.43 rows=1 width=8)
	  ->  Bitmap Heap Scan on sbtest1  (cost=39.75..4273.66 rows=1104 width=4)
	        Recheck Cond: ((id >= 3097490) AND (id <= 3098489))
	        ->  Bitmap Index Scan on sbtest1_pkey  (cost=0.00..39.48 rows=1104 width=0)
	              Index Cond: ((id >= 3097490) AND (id <= 3098489))

table 2 : explain SELECT SUM(k) FROM sbtest2 WHERE id BETWEEN 207624 AND 208623
	Aggregate  (cost=3667.90..3667.91 rows=1 width=8)
	  ->  Bitmap Heap Scan on sbtest2  (cost=34.11..3665.54 rows=944 width=4)
	        Recheck Cond: ((id >= 207624) AND (id <= 208623))
	        ->  Bitmap Index Scan on sbtest2_pkey  (cost=0.00..33.88 rows=944 width=0)
	              Index Cond: ((id >= 207624) AND (id <= 208623))

table 3 : explain SELECT SUM(k) FROM sbtest3 WHERE id BETWEEN 5132385 AND 5133384
	Aggregate  (cost=3848.18..3848.19 rows=1 width=8)
	  ->  Bitmap Heap Scan on sbtest3  (cost=34.59..3845.70 rows=991 width=4)
	        Recheck Cond: ((id >= 5132385) AND (id <= 5133384))
	        ->  Bitmap Index Scan on sbtest3_pkey  (cost=0.00..34.34 rows=991 width=0)
	              Index Cond: ((id >= 5132385) AND (id <= 5133384))

table 4 : explain SELECT SUM(k) FROM sbtest4 WHERE id BETWEEN 8911641 AND 8912640
	Aggregate  (cost=4292.95..4292.96 rows=1 width=8)
	  ->  Bitmap Heap Scan on sbtest4  (cost=39.78..4290.18 rows=1107 width=4)
	        Recheck Cond: ((id >= 8911641) AND (id <= 8912640))
	        ->  Bitmap Index Scan on sbtest4_pkey  (cost=0.00..39.51 rows=1107 width=0)
	              Index Cond: ((id >= 8911641) AND (id <= 8912640))

table 5 : explain SELECT SUM(k) FROM sbtest5 WHERE id BETWEEN 5098916 AND 5099915
	Aggregate  (cost=3944.84..3944.85 rows=1 width=8)
	  ->  Bitmap Heap Scan on sbtest5  (cost=34.87..3942.30 rows=1018 width=4)
	        Recheck Cond: ((id >= 5098916) AND (id <= 5099915))
	        ->  Bitmap Index Scan on sbtest5_pkey  (cost=0.00..34.62 rows=1018 width=0)
	              Index Cond: ((id >= 5098916) AND (id <= 5099915))

table 6 : explain SELECT SUM(k) FROM sbtest6 WHERE id BETWEEN 7875757 AND 7876756
	Aggregate  (cost=3815.61..3815.62 rows=1 width=8)
	  ->  Bitmap Heap Scan on sbtest6  (cost=34.51..3813.16 rows=983 width=4)
	        Recheck Cond: ((id >= 7875757) AND (id <= 7876756))
	        ->  Bitmap Index Scan on sbtest6_pkey  (cost=0.00..34.27 rows=983 width=0)
	              Index Cond: ((id >= 7875757) AND (id <= 7876756))

table 7 : explain SELECT SUM(k) FROM sbtest7 WHERE id BETWEEN 3545951 AND 3546950
	Aggregate  (cost=3923.38..3923.39 rows=1 width=8)
	  ->  Bitmap Heap Scan on sbtest7  (cost=34.79..3920.86 rows=1010 width=4)
	        Recheck Cond: ((id >= 3545951) AND (id <= 3546950))
	        ->  Bitmap Index Scan on sbtest7_pkey  (cost=0.00..34.54 rows=1010 width=0)
	              Index Cond: ((id >= 3545951) AND (id <= 3546950))

table 8 : explain SELECT SUM(k) FROM sbtest8 WHERE id BETWEEN 1179049 AND 1180048
	Aggregate  (cost=4010.47..4010.48 rows=1 width=8)
	  ->  Index Scan using sbtest8_pkey on sbtest8  (cost=0.43..4007.92 rows=1023 width=4)
	        Index Cond: ((id >= 1179049) AND (id <= 1180048))

for: order_ranges
table 1 : explain SELECT c FROM sbtest1 WHERE id BETWEEN 6169219 AND 6170218 ORDER BY c
	Sort  (cost=3870.27..3872.73 rows=985 width=121)
	  Sort Key: c
	  ->  Bitmap Heap Scan on sbtest1  (cost=34.53..3821.29 rows=985 width=121)
	        Recheck Cond: ((id >= 6169219) AND (id <= 6170218))
	        ->  Bitmap Index Scan on sbtest1_pkey  (cost=0.00..34.29 rows=985 width=0)
	              Index Cond: ((id >= 6169219) AND (id <= 6170218))

table 2 : explain SELECT c FROM sbtest2 WHERE id BETWEEN 8549315 AND 8550314 ORDER BY c
	Sort  (cost=3620.09..3622.39 rows=920 width=121)
	  Sort Key: c
	  ->  Bitmap Heap Scan on sbtest2  (cost=33.87..3574.81 rows=920 width=121)
	        Recheck Cond: ((id >= 8549315) AND (id <= 8550314))
	        ->  Bitmap Index Scan on sbtest2_pkey  (cost=0.00..33.64 rows=920 width=0)
	              Index Cond: ((id >= 8549315) AND (id <= 8550314))

table 3 : explain SELECT c FROM sbtest3 WHERE id BETWEEN 7968446 AND 7969445 ORDER BY c
	Sort  (cost=3837.49..3839.93 rows=976 width=121)
	  Sort Key: c
	  ->  Bitmap Heap Scan on sbtest3  (cost=34.44..3789.03 rows=976 width=121)
	        Recheck Cond: ((id >= 7968446) AND (id <= 7969445))
	        ->  Bitmap Index Scan on sbtest3_pkey  (cost=0.00..34.20 rows=976 width=0)
	              Index Cond: ((id >= 7968446) AND (id <= 7969445))

table 4 : explain SELECT c FROM sbtest4 WHERE id BETWEEN 2934235 AND 2935234 ORDER BY c
	Sort  (cost=3570.87..3573.14 rows=907 width=121)
	  Sort Key: c
	  ->  Bitmap Heap Scan on sbtest4  (cost=29.73..3526.31 rows=907 width=121)
	        Recheck Cond: ((id >= 2934235) AND (id <= 2935234))
	        ->  Bitmap Index Scan on sbtest4_pkey  (cost=0.00..29.50 rows=907 width=0)
	              Index Cond: ((id >= 2934235) AND (id <= 2935234))

table 5 : explain SELECT c FROM sbtest5 WHERE id BETWEEN 1669195 AND 1670194 ORDER BY c
	Sort  (cost=4317.87..4320.63 rows=1102 width=121)
	  Sort Key: c
	  ->  Bitmap Heap Scan on sbtest5  (cost=39.73..4262.19 rows=1102 width=121)
	        Recheck Cond: ((id >= 1669195) AND (id <= 1670194))
	        ->  Bitmap Index Scan on sbtest5_pkey  (cost=0.00..39.45 rows=1102 width=0)
	              Index Cond: ((id >= 1669195) AND (id <= 1670194))

table 6 : explain SELECT c FROM sbtest6 WHERE id BETWEEN 6713609 AND 6714608 ORDER BY c
	Sort  (cost=3877.34..3879.81 rows=987 width=121)
	  Sort Key: c
	  ->  Bitmap Heap Scan on sbtest6  (cost=34.55..3828.25 rows=987 width=121)
	        Recheck Cond: ((id >= 6713609) AND (id <= 6714608))
	        ->  Bitmap Index Scan on sbtest6_pkey  (cost=0.00..34.31 rows=987 width=0)
	              Index Cond: ((id >= 6713609) AND (id <= 6714608))

table 7 : explain SELECT c FROM sbtest7 WHERE id BETWEEN 3920076 AND 3921075 ORDER BY c
	Sort  (cost=3702.39..3704.74 rows=940 width=121)
	  Sort Key: c
	  ->  Bitmap Heap Scan on sbtest7  (cost=34.07..3655.97 rows=940 width=121)
	        Recheck Cond: ((id >= 3920076) AND (id <= 3921075))
	        ->  Bitmap Index Scan on sbtest7_pkey  (cost=0.00..33.84 rows=940 width=0)
	              Index Cond: ((id >= 3920076) AND (id <= 3921075))

table 8 : explain SELECT c FROM sbtest8 WHERE id BETWEEN 4683208 AND 4684207 ORDER BY c
	Sort  (cost=3865.27..3867.71 rows=974 width=121)
	  Sort Key: c
	  ->  Index Scan using sbtest8_pkey on sbtest8  (cost=0.43..3816.92 rows=974 width=121)
	        Index Cond: ((id >= 4683208) AND (id <= 4684207))

for: order_ranges
table 1 : explain SELECT c FROM sbtest1 WHERE id BETWEEN 6467782 AND 6468781 ORDER BY c
	Sort  (cost=3755.25..3757.64 rows=955 width=121)
	  Sort Key: c
	  ->  Bitmap Heap Scan on sbtest1  (cost=34.22..3707.98 rows=955 width=121)
	        Recheck Cond: ((id >= 6467782) AND (id <= 6468781))
	        ->  Bitmap Index Scan on sbtest1_pkey  (cost=0.00..33.98 rows=955 width=0)
	              Index Cond: ((id >= 6467782) AND (id <= 6468781))

table 2 : explain SELECT c FROM sbtest2 WHERE id BETWEEN 4407194 AND 4408193 ORDER BY c
	Sort  (cost=3815.71..3818.14 rows=971 width=121)
	  Sort Key: c
	  ->  Bitmap Heap Scan on sbtest2  (cost=34.39..3767.53 rows=971 width=121)
	        Recheck Cond: ((id >= 4407194) AND (id <= 4408193))
	        ->  Bitmap Index Scan on sbtest2_pkey  (cost=0.00..34.15 rows=971 width=0)
	              Index Cond: ((id >= 4407194) AND (id <= 4408193))

table 3 : explain SELECT c FROM sbtest3 WHERE id BETWEEN 7107493 AND 7108492 ORDER BY c
	Sort  (cost=3860.50..3862.96 rows=982 width=121)
	  Sort Key: c
	  ->  Bitmap Heap Scan on sbtest3  (cost=34.50..3811.70 rows=982 width=121)
	        Recheck Cond: ((id >= 7107493) AND (id <= 7108492))
	        ->  Bitmap Index Scan on sbtest3_pkey  (cost=0.00..34.26 rows=982 width=0)
	              Index Cond: ((id >= 7107493) AND (id <= 7108492))

table 4 : explain SELECT c FROM sbtest4 WHERE id BETWEEN 5592944 AND 5593943 ORDER BY c
	Sort  (cost=4024.29..4026.85 rows=1024 width=121)
	  Sort Key: c
	  ->  Bitmap Heap Scan on sbtest4  (cost=34.93..3973.09 rows=1024 width=121)
	        Recheck Cond: ((id >= 5592944) AND (id <= 5593943))
	        ->  Bitmap Index Scan on sbtest4_pkey  (cost=0.00..34.68 rows=1024 width=0)
	              Index Cond: ((id >= 5592944) AND (id <= 5593943))

table 5 : explain SELECT c FROM sbtest5 WHERE id BETWEEN 1959544 AND 1960543 ORDER BY c
	Sort  (cost=3725.24..3727.61 rows=948 width=121)
	  Sort Key: c
	  ->  Bitmap Heap Scan on sbtest5  (cost=34.15..3678.37 rows=948 width=121)
	        Recheck Cond: ((id >= 1959544) AND (id <= 1960543))
	        ->  Bitmap Index Scan on sbtest5_pkey  (cost=0.00..33.92 rows=948 width=0)
	              Index Cond: ((id >= 1959544) AND (id <= 1960543))

table 6 : explain SELECT c FROM sbtest6 WHERE id BETWEEN 6767729 AND 6768728 ORDER BY c
	Sort  (cost=4041.97..4044.54 rows=1030 width=121)
	  Sort Key: c
	  ->  Bitmap Heap Scan on sbtest6  (cost=34.99..3990.42 rows=1030 width=121)
	        Recheck Cond: ((id >= 6767729) AND (id <= 6768728))
	        ->  Bitmap Index Scan on sbtest6_pkey  (cost=0.00..34.73 rows=1030 width=0)
	              Index Cond: ((id >= 6767729) AND (id <= 6768728))

table 7 : explain SELECT c FROM sbtest7 WHERE id BETWEEN 5975018 AND 5976017 ORDER BY c
	Sort  (cost=3894.50..3896.97 rows=990 width=121)
	  Sort Key: c
	  ->  Bitmap Heap Scan on sbtest7  (cost=34.58..3845.24 rows=990 width=121)
	        Recheck Cond: ((id >= 5975018) AND (id <= 5976017))
	        ->  Bitmap Index Scan on sbtest7_pkey  (cost=0.00..34.34 rows=990 width=0)
	              Index Cond: ((id >= 5975018) AND (id <= 5976017))

table 8 : explain SELECT c FROM sbtest8 WHERE id BETWEEN 2430427 AND 2431426 ORDER BY c
	Sort  (cost=3624.07..3626.35 rows=913 width=121)
	  Sort Key: c
	  ->  Index Scan using sbtest8_pkey on sbtest8  (cost=0.43..3579.17 rows=913 width=121)
	        Index Cond: ((id >= 2430427) AND (id <= 2431426))

for: distinct_ranges
table 1 : explain SELECT DISTINCT c FROM sbtest1 WHERE id BETWEEN 8443042 AND 8444041 ORDER BY c
	Unique  (cost=3935.40..3940.41 rows=1002 width=121)
	  ->  Sort  (cost=3935.40..3937.90 rows=1002 width=121)
	        Sort Key: c
	        ->  Bitmap Heap Scan on sbtest1  (cost=34.71..3885.45 rows=1002 width=121)
	              Recheck Cond: ((id >= 8443042) AND (id <= 8444041))
	              ->  Bitmap Index Scan on sbtest1_pkey  (cost=0.00..34.45 rows=1002 width=0)
	                    Index Cond: ((id >= 8443042) AND (id <= 8444041))

table 2 : explain SELECT DISTINCT c FROM sbtest2 WHERE id BETWEEN 8218559 AND 8219558 ORDER BY c
	Unique  (cost=4026.31..4031.44 rows=1026 width=121)
	  ->  Sort  (cost=4026.31..4028.88 rows=1026 width=121)
	        Sort Key: c
	        ->  Bitmap Heap Scan on sbtest2  (cost=34.95..3975.00 rows=1026 width=121)
	              Recheck Cond: ((id >= 8218559) AND (id <= 8219558))
	              ->  Bitmap Index Scan on sbtest2_pkey  (cost=0.00..34.70 rows=1026 width=0)
	                    Index Cond: ((id >= 8218559) AND (id <= 8219558))

table 3 : explain SELECT DISTINCT c FROM sbtest3 WHERE id BETWEEN 1995695 AND 1996694 ORDER BY c
	Unique  (cost=4327.71..4333.22 rows=1103 width=121)
	  ->  Sort  (cost=4327.71..4330.46 rows=1103 width=121)
	        Sort Key: c
	        ->  Bitmap Heap Scan on sbtest3  (cost=39.74..4271.97 rows=1103 width=121)
	              Recheck Cond: ((id >= 1995695) AND (id <= 1996694))
	              ->  Bitmap Index Scan on sbtest3_pkey  (cost=0.00..39.47 rows=1103 width=0)
	                    Index Cond: ((id >= 1995695) AND (id <= 1996694))

table 4 : explain SELECT DISTINCT c FROM sbtest4 WHERE id BETWEEN 2954214 AND 2955213 ORDER BY c
	Unique  (cost=3570.87..3575.41 rows=907 width=121)
	  ->  Sort  (cost=3570.87..3573.14 rows=907 width=121)
	        Sort Key: c
	        ->  Bitmap Heap Scan on sbtest4  (cost=29.73..3526.31 rows=907 width=121)
	              Recheck Cond: ((id >= 2954214) AND (id <= 2955213))
	              ->  Bitmap Index Scan on sbtest4_pkey  (cost=0.00..29.50 rows=907 width=0)
	                    Index Cond: ((id >= 2954214) AND (id <= 2955213))

table 5 : explain SELECT DISTINCT c FROM sbtest5 WHERE id BETWEEN 2912717 AND 2913716 ORDER BY c
	Unique  (cost=4073.41..4078.61 rows=1039 width=121)
	  ->  Sort  (cost=4073.41..4076.01 rows=1039 width=121)
	        Sort Key: c
	        ->  Bitmap Heap Scan on sbtest5  (cost=35.08..4021.35 rows=1039 width=121)
	              Recheck Cond: ((id >= 2912717) AND (id <= 2913716))
	              ->  Bitmap Index Scan on sbtest5_pkey  (cost=0.00..34.83 rows=1039 width=0)
	                    Index Cond: ((id >= 2912717) AND (id <= 2913716))

table 6 : explain SELECT DISTINCT c FROM sbtest6 WHERE id BETWEEN 2795533 AND 2796532 ORDER BY c
	Unique  (cost=3739.35..3744.10 rows=951 width=121)
	  ->  Sort  (cost=3739.35..3741.72 rows=951 width=121)
	        Sort Key: c
	        ->  Bitmap Heap Scan on sbtest6  (cost=34.18..3692.30 rows=951 width=121)
	              Recheck Cond: ((id >= 2795533) AND (id <= 2796532))
	              ->  Bitmap Index Scan on sbtest6_pkey  (cost=0.00..33.95 rows=951 width=0)
	                    Index Cond: ((id >= 2795533) AND (id <= 2796532))

table 7 : explain SELECT DISTINCT c FROM sbtest7 WHERE id BETWEEN 5370676 AND 5371675 ORDER BY c
	Unique  (cost=3663.93..3668.58 rows=930 width=121)
	  ->  Sort  (cost=3663.93..3666.26 rows=930 width=121)
	        Sort Key: c
	        ->  Bitmap Heap Scan on sbtest7  (cost=33.97..3618.08 rows=930 width=121)
	              Recheck Cond: ((id >= 5370676) AND (id <= 5371675))
	              ->  Bitmap Index Scan on sbtest7_pkey  (cost=0.00..33.73 rows=930 width=0)
	                    Index Cond: ((id >= 5370676) AND (id <= 5371675))

table 8 : explain SELECT DISTINCT c FROM sbtest8 WHERE id BETWEEN 7943981 AND 7944980 ORDER BY c
	Unique  (cost=4249.20..4254.62 rows=1083 width=121)
	  ->  Sort  (cost=4249.20..4251.91 rows=1083 width=121)
	        Sort Key: c
	        ->  Bitmap Heap Scan on sbtest8  (cost=35.54..4194.62 rows=1083 width=121)
	              Recheck Cond: ((id >= 7943981) AND (id <= 7944980))
	              ->  Bitmap Index Scan on sbtest8_pkey  (cost=0.00..35.27 rows=1083 width=0)
	                    Index Cond: ((id >= 7943981) AND (id <= 7944980))

for: distinct_ranges
table 1 : explain SELECT DISTINCT c FROM sbtest1 WHERE id BETWEEN 569731 AND 570730 ORDER BY c
	Unique  (cost=3904.75..3909.72 rows=994 width=121)
	  ->  Sort  (cost=3904.75..3907.24 rows=994 width=121)
	        Sort Key: c
	        ->  Bitmap Heap Scan on sbtest1  (cost=34.62..3855.27 rows=994 width=121)
	              Recheck Cond: ((id >= 569731) AND (id <= 570730))
	              ->  Bitmap Index Scan on sbtest1_pkey  (cost=0.00..34.38 rows=994 width=0)
	                    Index Cond: ((id >= 569731) AND (id <= 570730))

table 2 : explain SELECT DISTINCT c FROM sbtest2 WHERE id BETWEEN 8432703 AND 8433702 ORDER BY c
	Unique  (cost=3926.80..3931.80 rows=1000 width=121)
	  ->  Sort  (cost=3926.80..3929.30 rows=1000 width=121)
	        Sort Key: c
	        ->  Bitmap Heap Scan on sbtest2  (cost=34.69..3876.97 rows=1000 width=121)
	              Recheck Cond: ((id >= 8432703) AND (id <= 8433702))
	              ->  Bitmap Index Scan on sbtest2_pkey  (cost=0.00..34.44 rows=1000 width=0)
	                    Index Cond: ((id >= 8432703) AND (id <= 8433702))

table 3 : explain SELECT DISTINCT c FROM sbtest3 WHERE id BETWEEN 3892543 AND 3893542 ORDER BY c
	Unique  (cost=3591.75..3596.31 rows=912 width=121)
	  ->  Sort  (cost=3591.75..3594.03 rows=912 width=121)
	        Sort Key: c
	        ->  Bitmap Heap Scan on sbtest3  (cost=33.78..3546.91 rows=912 width=121)
	              Recheck Cond: ((id >= 3892543) AND (id <= 3893542))
	              ->  Bitmap Index Scan on sbtest3_pkey  (cost=0.00..33.56 rows=912 width=0)
	                    Index Cond: ((id >= 3892543) AND (id <= 3893542))

table 4 : explain SELECT DISTINCT c FROM sbtest4 WHERE id BETWEEN 5442041 AND 5443040 ORDER BY c
	Unique  (cost=3817.06..3821.91 rows=970 width=121)
	  ->  Sort  (cost=3817.06..3819.49 rows=970 width=121)
	        Sort Key: c
	        ->  Bitmap Heap Scan on sbtest4  (cost=34.38..3768.94 rows=970 width=121)
	              Recheck Cond: ((id >= 5442041) AND (id <= 5443040))
	              ->  Bitmap Index Scan on sbtest4_pkey  (cost=0.00..34.14 rows=970 width=0)
	                    Index Cond: ((id >= 5442041) AND (id <= 5443040))

table 5 : explain SELECT DISTINCT c FROM sbtest5 WHERE id BETWEEN 6147195 AND 6148194 ORDER BY c
	Unique  (cost=4264.29..4269.74 rows=1089 width=121)
	  ->  Sort  (cost=4264.29..4267.01 rows=1089 width=121)
	        Sort Key: c
	        ->  Bitmap Heap Scan on sbtest5  (cost=35.60..4209.36 rows=1089 width=121)
	              Recheck Cond: ((id >= 6147195) AND (id <= 6148194))
	              ->  Bitmap Index Scan on sbtest5_pkey  (cost=0.00..35.33 rows=1089 width=0)
	                    Index Cond: ((id >= 6147195) AND (id <= 6148194))

table 6 : explain SELECT DISTINCT c FROM sbtest6 WHERE id BETWEEN 8419918 AND 8420917 ORDER BY c
	Unique  (cost=4145.22..4150.51 rows=1057 width=121)
	  ->  Sort  (cost=4145.22..4147.86 rows=1057 width=121)
	        Sort Key: c
	        ->  Bitmap Heap Scan on sbtest6  (cost=35.27..4092.13 rows=1057 width=121)
	              Recheck Cond: ((id >= 8419918) AND (id <= 8420917))
	              ->  Bitmap Index Scan on sbtest6_pkey  (cost=0.00..35.01 rows=1057 width=0)
	                    Index Cond: ((id >= 8419918) AND (id <= 8420917))

table 7 : explain SELECT DISTINCT c FROM sbtest7 WHERE id BETWEEN 6790346 AND 6791345 ORDER BY c
	Unique  (cost=4093.98..4099.19 rows=1042 width=121)
	  ->  Sort  (cost=4093.98..4096.59 rows=1042 width=121)
	        Sort Key: c
	        ->  Bitmap Heap Scan on sbtest7  (cost=35.12..4041.75 rows=1042 width=121)
	              Recheck Cond: ((id >= 6790346) AND (id <= 6791345))
	              ->  Bitmap Index Scan on sbtest7_pkey  (cost=0.00..34.86 rows=1042 width=0)
	                    Index Cond: ((id >= 6790346) AND (id <= 6791345))

table 8 : explain SELECT DISTINCT c FROM sbtest8 WHERE id BETWEEN 5545744 AND 5546743 ORDER BY c
	Unique  (cost=4367.94..4373.50 rows=1113 width=121)
	  ->  Sort  (cost=4367.94..4370.72 rows=1113 width=121)
	        Sort Key: c
	        ->  Bitmap Heap Scan on sbtest8  (cost=39.84..4311.62 rows=1113 width=121)
	              Recheck Cond: ((id >= 5545744) AND (id <= 5546743))
	              ->  Bitmap Index Scan on sbtest8_pkey  (cost=0.00..39.57 rows=1113 width=0)
	                    Index Cond: ((id >= 5545744) AND (id <= 5546743))

for: distinct_ranges
table 1 : explain SELECT DISTINCT c FROM sbtest1 WHERE id BETWEEN 7682312 AND 7683311 ORDER BY c
	Unique  (cost=4050.25..4055.41 rows=1032 width=121)
	  ->  Sort  (cost=4050.25..4052.83 rows=1032 width=121)
	        Sort Key: c
	        ->  Bitmap Heap Scan on sbtest1  (cost=35.01..3998.59 rows=1032 width=121)
	              Recheck Cond: ((id >= 7682312) AND (id <= 7683311))
	              ->  Bitmap Index Scan on sbtest1_pkey  (cost=0.00..34.76 rows=1032 width=0)
	                    Index Cond: ((id >= 7682312) AND (id <= 7683311))

table 2 : explain SELECT DISTINCT c FROM sbtest2 WHERE id BETWEEN 5095192 AND 5096191 ORDER BY c
	Unique  (cost=4114.28..4119.52 rows=1049 width=121)
	  ->  Sort  (cost=4114.28..4116.90 rows=1049 width=121)
	        Sort Key: c
	        ->  Bitmap Heap Scan on sbtest2  (cost=35.19..4061.64 rows=1049 width=121)
	              Recheck Cond: ((id >= 5095192) AND (id <= 5096191))
	              ->  Bitmap Index Scan on sbtest2_pkey  (cost=0.00..34.93 rows=1049 width=0)
	                    Index Cond: ((id >= 5095192) AND (id <= 5096191))

table 3 : explain SELECT DISTINCT c FROM sbtest3 WHERE id BETWEEN 5919889 AND 5920888 ORDER BY c
	Unique  (cost=4224.32..4229.70 rows=1077 width=121)
	  ->  Sort  (cost=4224.32..4227.01 rows=1077 width=121)
	        Sort Key: c
	        ->  Bitmap Heap Scan on sbtest3  (cost=35.47..4170.08 rows=1077 width=121)
	              Recheck Cond: ((id >= 5919889) AND (id <= 5920888))
	              ->  Bitmap Index Scan on sbtest3_pkey  (cost=0.00..35.20 rows=1077 width=0)
	                    Index Cond: ((id >= 5919889) AND (id <= 5920888))

table 4 : explain SELECT DISTINCT c FROM sbtest4 WHERE id BETWEEN 2696853 AND 2697852 ORDER BY c
	Unique  (cost=3886.18..3891.12 rows=988 width=121)
	  ->  Sort  (cost=3886.18..3888.65 rows=988 width=121)
	        Sort Key: c
	        ->  Bitmap Heap Scan on sbtest4  (cost=34.56..3837.03 rows=988 width=121)
	              Recheck Cond: ((id >= 2696853) AND (id <= 2697852))
	              ->  Bitmap Index Scan on sbtest4_pkey  (cost=0.00..34.32 rows=988 width=0)
	                    Index Cond: ((id >= 2696853) AND (id <= 2697852))

table 5 : explain SELECT DISTINCT c FROM sbtest5 WHERE id BETWEEN 9587028 AND 9588027 ORDER BY c
	Unique  (cost=3878.41..3883.35 rows=988 width=121)
	  ->  Sort  (cost=3878.41..3880.88 rows=988 width=121)
	        Sort Key: c
	        ->  Bitmap Heap Scan on sbtest5  (cost=34.56..3829.26 rows=988 width=121)
	              Recheck Cond: ((id >= 9587028) AND (id <= 9588027))
	              ->  Bitmap Index Scan on sbtest5_pkey  (cost=0.00..34.32 rows=988 width=0)
	                    Index Cond: ((id >= 9587028) AND (id <= 9588027))

table 6 : explain SELECT DISTINCT c FROM sbtest6 WHERE id BETWEEN 5480148 AND 5481147 ORDER BY c
	Unique  (cost=3562.63..3567.16 rows=906 width=121)
	  ->  Sort  (cost=3562.63..3564.89 rows=906 width=121)
	        Sort Key: c
	        ->  Bitmap Heap Scan on sbtest6  (cost=29.72..3518.13 rows=906 width=121)
	              Recheck Cond: ((id >= 5480148) AND (id <= 5481147))
	              ->  Bitmap Index Scan on sbtest6_pkey  (cost=0.00..29.50 rows=906 width=0)
	                    Index Cond: ((id >= 5480148) AND (id <= 5481147))

table 7 : explain SELECT DISTINCT c FROM sbtest7 WHERE id BETWEEN 8281124 AND 8282123 ORDER BY c
	Unique  (cost=3863.78..3868.69 rows=982 width=121)
	  ->  Sort  (cost=3863.78..3866.23 rows=982 width=121)
	        Sort Key: c
	        ->  Bitmap Heap Scan on sbtest7  (cost=34.50..3814.97 rows=982 width=121)
	              Recheck Cond: ((id >= 8281124) AND (id <= 8282123))
	              ->  Bitmap Index Scan on sbtest7_pkey  (cost=0.00..34.26 rows=982 width=0)
	                    Index Cond: ((id >= 8281124) AND (id <= 8282123))

table 8 : explain SELECT DISTINCT c FROM sbtest8 WHERE id BETWEEN 2406903 AND 2407902 ORDER BY c
	Unique  (cost=3624.07..3628.63 rows=913 width=121)
	  ->  Sort  (cost=3624.07..3626.35 rows=913 width=121)
	        Sort Key: c
	        ->  Index Scan using sbtest8_pkey on sbtest8  (cost=0.43..3579.17 rows=913 width=121)
	              Index Cond: ((id >= 2406903) AND (id <= 2407902))

for: sum_ranges
table 1 : explain SELECT SUM(k) FROM sbtest1 WHERE id BETWEEN 5635658 AND 5636657
	Aggregate  (cost=3661.20..3661.21 rows=1 width=8)
	  ->  Bitmap Heap Scan on sbtest1  (cost=34.09..3658.84 rows=942 width=4)
	        Recheck Cond: ((id >= 5635658) AND (id <= 5636657))
	        ->  Bitmap Index Scan on sbtest1_pkey  (cost=0.00..33.86 rows=942 width=0)
	              Index Cond: ((id >= 5635658) AND (id <= 5636657))

table 2 : explain SELECT SUM(k) FROM sbtest2 WHERE id BETWEEN 5870840 AND 5871839
	Aggregate  (cost=3954.93..3954.94 rows=1 width=8)
	  ->  Bitmap Heap Scan on sbtest2  (cost=34.89..3952.38 rows=1020 width=4)
	        Recheck Cond: ((id >= 5870840) AND (id <= 5871839))
	        ->  Bitmap Index Scan on sbtest2_pkey  (cost=0.00..34.64 rows=1020 width=0)
	              Index Cond: ((id >= 5870840) AND (id <= 5871839))

table 3 : explain SELECT SUM(k) FROM sbtest3 WHERE id BETWEEN 1501342 AND 1502341
	Aggregate  (cost=3814.15..3814.16 rows=1 width=8)
	  ->  Bitmap Heap Scan on sbtest3  (cost=34.50..3811.70 rows=982 width=4)
	        Recheck Cond: ((id >= 1501342) AND (id <= 1502341))
	        ->  Bitmap Index Scan on sbtest3_pkey  (cost=0.00..34.26 rows=982 width=0)
	              Index Cond: ((id >= 1501342) AND (id <= 1502341))

table 4 : explain SELECT SUM(k) FROM sbtest4 WHERE id BETWEEN 5592940 AND 5593939
	Aggregate  (cost=3975.65..3975.66 rows=1 width=8)
	  ->  Bitmap Heap Scan on sbtest4  (cost=34.93..3973.09 rows=1024 width=4)
	        Recheck Cond: ((id >= 5592940) AND (id <= 5593939))
	        ->  Bitmap Index Scan on sbtest4_pkey  (cost=0.00..34.68 rows=1024 width=0)
	              Index Cond: ((id >= 5592940) AND (id <= 5593939))

table 5 : explain SELECT SUM(k) FROM sbtest5 WHERE id BETWEEN 2482418 AND 2483417
	Aggregate  (cost=3744.94..3744.95 rows=1 width=8)
	  ->  Bitmap Heap Scan on sbtest5  (cost=34.33..3742.52 rows=965 width=4)
	        Recheck Cond: ((id >= 2482418) AND (id <= 2483417))
	        ->  Bitmap Index Scan on sbtest5_pkey  (cost=0.00..34.09 rows=965 width=0)
	              Index Cond: ((id >= 2482418) AND (id <= 2483417))

table 6 : explain SELECT SUM(k) FROM sbtest6 WHERE id BETWEEN 6748714 AND 6749713
	Aggregate  (cost=3993.00..3993.01 rows=1 width=8)
	  ->  Bitmap Heap Scan on sbtest6  (cost=34.99..3990.42 rows=1030 width=4)
	        Recheck Cond: ((id >= 6748714) AND (id <= 6749713))
	        ->  Bitmap Index Scan on sbtest6_pkey  (cost=0.00..34.73 rows=1030 width=0)
	              Index Cond: ((id >= 6748714) AND (id <= 6749713))

table 7 : explain SELECT SUM(k) FROM sbtest7 WHERE id BETWEEN 2330169 AND 2331168
	Aggregate  (cost=4006.57..4006.58 rows=1 width=8)
	  ->  Bitmap Heap Scan on sbtest7  (cost=35.01..4003.99 rows=1032 width=4)
	        Recheck Cond: ((id >= 2330169) AND (id <= 2331168))
	        ->  Bitmap Index Scan on sbtest7_pkey  (cost=0.00..34.76 rows=1032 width=0)
	              Index Cond: ((id >= 2330169) AND (id <= 2331168))

table 8 : explain SELECT SUM(k) FROM sbtest8 WHERE id BETWEEN 2609178 AND 2610177
	Aggregate  (cost=3624.34..3624.35 rows=1 width=8)
	  ->  Index Scan using sbtest8_pkey on sbtest8  (cost=0.43..3622.03 rows=924 width=4)
	        Index Cond: ((id >= 2609178) AND (id <= 2610177))

for: distinct_ranges
table 1 : explain SELECT DISTINCT c FROM sbtest1 WHERE id BETWEEN 6389845 AND 6390844 ORDER BY c
	Unique  (cost=3755.25..3760.02 rows=955 width=121)
	  ->  Sort  (cost=3755.25..3757.64 rows=955 width=121)
	        Sort Key: c
	        ->  Bitmap Heap Scan on sbtest1  (cost=34.22..3707.98 rows=955 width=121)
	              Recheck Cond: ((id >= 6389845) AND (id <= 6390844))
	              ->  Bitmap Index Scan on sbtest1_pkey  (cost=0.00..33.98 rows=955 width=0)
	                    Index Cond: ((id >= 6389845) AND (id <= 6390844))

table 2 : explain SELECT DISTINCT c FROM sbtest2 WHERE id BETWEEN 157825 AND 158824 ORDER BY c
	Unique  (cost=3804.21..3809.05 rows=968 width=121)
	  ->  Sort  (cost=3804.21..3806.63 rows=968 width=121)
	        Sort Key: c
	        ->  Bitmap Heap Scan on sbtest2  (cost=34.36..3756.20 rows=968 width=121)
	              Recheck Cond: ((id >= 157825) AND (id <= 158824))
	              ->  Bitmap Index Scan on sbtest2_pkey  (cost=0.00..34.12 rows=968 width=0)
	                    Index Cond: ((id >= 157825) AND (id <= 158824))

table 3 : explain SELECT DISTINCT c FROM sbtest3 WHERE id BETWEEN 2189220 AND 2190219 ORDER BY c
	Unique  (cost=3967.84..3972.89 rows=1010 width=121)
	  ->  Sort  (cost=3967.84..3970.37 rows=1010 width=121)
	        Sort Key: c
	        ->  Bitmap Heap Scan on sbtest3  (cost=34.79..3917.44 rows=1010 width=121)
	              Recheck Cond: ((id >= 2189220) AND (id <= 2190219))
	              ->  Bitmap Index Scan on sbtest3_pkey  (cost=0.00..34.54 rows=1010 width=0)
	                    Index Cond: ((id >= 2189220) AND (id <= 2190219))

table 4 : explain SELECT DISTINCT c FROM sbtest4 WHERE id BETWEEN 1154788 AND 1155787 ORDER BY c
	Unique  (cost=4116.28..4121.52 rows=1048 width=121)
	  ->  Sort  (cost=4116.28..4118.90 rows=1048 width=121)
	        Sort Key: c
	        ->  Bitmap Heap Scan on sbtest4  (cost=35.18..4063.71 rows=1048 width=121)
	              Recheck Cond: ((id >= 1154788) AND (id <= 1155787))
	              ->  Bitmap Index Scan on sbtest4_pkey  (cost=0.00..34.92 rows=1048 width=0)
	                    Index Cond: ((id >= 1154788) AND (id <= 1155787))

table 5 : explain SELECT DISTINCT c FROM sbtest5 WHERE id BETWEEN 7616560 AND 7617559 ORDER BY c
	Unique  (cost=4054.31..4059.48 rows=1034 width=121)
	  ->  Sort  (cost=4054.31..4056.89 rows=1034 width=121)
	        Sort Key: c
	        ->  Bitmap Heap Scan on sbtest5  (cost=35.03..4002.54 rows=1034 width=121)
	              Recheck Cond: ((id >= 7616560) AND (id <= 7617559))
	              ->  Bitmap Index Scan on sbtest5_pkey  (cost=0.00..34.78 rows=1034 width=0)
	                    Index Cond: ((id >= 7616560) AND (id <= 7617559))

table 6 : explain SELECT DISTINCT c FROM sbtest6 WHERE id BETWEEN 9772395 AND 9773394 ORDER BY c
	Unique  (cost=4015.18..4020.30 rows=1023 width=121)
	  ->  Sort  (cost=4015.18..4017.74 rows=1023 width=121)
	        Sort Key: c
	        ->  Bitmap Heap Scan on sbtest6  (cost=34.92..3964.04 rows=1023 width=121)
	              Recheck Cond: ((id >= 9772395) AND (id <= 9773394))
	              ->  Bitmap Index Scan on sbtest6_pkey  (cost=0.00..34.67 rows=1023 width=0)
	                    Index Cond: ((id >= 9772395) AND (id <= 9773394))

table 7 : explain SELECT DISTINCT c FROM sbtest7 WHERE id BETWEEN 8297993 AND 8298992 ORDER BY c
	Unique  (cost=3863.78..3868.69 rows=982 width=121)
	  ->  Sort  (cost=3863.78..3866.23 rows=982 width=121)
	        Sort Key: c
	        ->  Bitmap Heap Scan on sbtest7  (cost=34.50..3814.97 rows=982 width=121)
	              Recheck Cond: ((id >= 8297993) AND (id <= 8298992))
	              ->  Bitmap Index Scan on sbtest7_pkey  (cost=0.00..34.26 rows=982 width=0)
	                    Index Cond: ((id >= 8297993) AND (id <= 8298992))

table 8 : explain SELECT DISTINCT c FROM sbtest8 WHERE id BETWEEN 9083159 AND 9084158 ORDER BY c
	Unique  (cost=3987.86..3992.89 rows=1005 width=121)
	  ->  Sort  (cost=3987.86..3990.37 rows=1005 width=121)
	        Sort Key: c
	        ->  Index Scan using sbtest8_pkey on sbtest8  (cost=0.43..3937.75 rows=1005 width=121)
	              Index Cond: ((id >= 9083159) AND (id <= 9084158))

for: distinct_ranges
table 1 : explain SELECT DISTINCT c FROM sbtest1 WHERE id BETWEEN 6634786 AND 6635785 ORDER BY c
	Unique  (cost=4249.07..4254.49 rows=1084 width=121)
	  ->  Sort  (cost=4249.07..4251.78 rows=1084 width=121)
	        Sort Key: c
	        ->  Bitmap Heap Scan on sbtest1  (cost=35.55..4194.43 rows=1084 width=121)
	              Recheck Cond: ((id >= 6634786) AND (id <= 6635785))
	              ->  Bitmap Index Scan on sbtest1_pkey  (cost=0.00..35.28 rows=1084 width=0)
	                    Index Cond: ((id >= 6634786) AND (id <= 6635785))

table 2 : explain SELECT DISTINCT c FROM sbtest2 WHERE id BETWEEN 1667540 AND 1668539 ORDER BY c
	Unique  (cost=3831.04..3835.91 rows=975 width=121)
	  ->  Sort  (cost=3831.04..3833.48 rows=975 width=121)
	        Sort Key: c
	        ->  Bitmap Heap Scan on sbtest2  (cost=34.43..3782.63 rows=975 width=121)
	              Recheck Cond: ((id >= 1667540) AND (id <= 1668539))
	              ->  Bitmap Index Scan on sbtest2_pkey  (cost=0.00..34.19 rows=975 width=0)
	                    Index Cond: ((id >= 1667540) AND (id <= 1668539))

table 3 : explain SELECT DISTINCT c FROM sbtest3 WHERE id BETWEEN 7057988 AND 7058987 ORDER BY c
	Unique  (cost=3860.50..3865.41 rows=982 width=121)
	  ->  Sort  (cost=3860.50..3862.96 rows=982 width=121)
	        Sort Key: c
	        ->  Bitmap Heap Scan on sbtest3  (cost=34.50..3811.70 rows=982 width=121)
	              Recheck Cond: ((id >= 7057988) AND (id <= 7058987))
	              ->  Bitmap Index Scan on sbtest3_pkey  (cost=0.00..34.26 rows=982 width=0)
	                    Index Cond: ((id >= 7057988) AND (id <= 7058987))

table 4 : explain SELECT DISTINCT c FROM sbtest4 WHERE id BETWEEN 182624 AND 183623 ORDER BY c
	Unique  (cost=4131.61..4136.87 rows=1052 width=121)
	  ->  Sort  (cost=4131.61..4134.24 rows=1052 width=121)
	        Sort Key: c
	        ->  Bitmap Heap Scan on sbtest4  (cost=35.22..4078.80 rows=1052 width=121)
	              Recheck Cond: ((id >= 182624) AND (id <= 183623))
	              ->  Bitmap Index Scan on sbtest4_pkey  (cost=0.00..34.95 rows=1052 width=0)
	                    Index Cond: ((id >= 182624) AND (id <= 183623))

table 5 : explain SELECT DISTINCT c FROM sbtest5 WHERE id BETWEEN 780141 AND 781140 ORDER BY c
	Unique  (cost=3878.41..3883.35 rows=988 width=121)
	  ->  Sort  (cost=3878.41..3880.88 rows=988 width=121)
	        Sort Key: c
	        ->  Bitmap Heap Scan on sbtest5  (cost=34.56..3829.26 rows=988 width=121)
	              Recheck Cond: ((id >= 780141) AND (id <= 781140))
	              ->  Bitmap Index Scan on sbtest5_pkey  (cost=0.00..34.32 rows=988 width=0)
	                    Index Cond: ((id >= 780141) AND (id <= 781140))

table 6 : explain SELECT DISTINCT c FROM sbtest6 WHERE id BETWEEN 1679730 AND 1680729 ORDER BY c
	Unique  (cost=4129.93..4135.20 rows=1053 width=121)
	  ->  Sort  (cost=4129.93..4132.56 rows=1053 width=121)
	        Sort Key: c
	        ->  Bitmap Heap Scan on sbtest6  (cost=35.23..4077.07 rows=1053 width=121)
	              Recheck Cond: ((id >= 1679730) AND (id <= 1680729))
	              ->  Bitmap Index Scan on sbtest6_pkey  (cost=0.00..34.97 rows=1053 width=0)
	                    Index Cond: ((id >= 1679730) AND (id <= 1680729))

table 7 : explain SELECT DISTINCT c FROM sbtest7 WHERE id BETWEEN 1334278 AND 1335277 ORDER BY c
	Unique  (cost=3856.10..3861.00 rows=980 width=121)
	  ->  Sort  (cost=3856.10..3858.55 rows=980 width=121)
	        Sort Key: c
	        ->  Bitmap Heap Scan on sbtest7  (cost=34.48..3807.41 rows=980 width=121)
	              Recheck Cond: ((id >= 1334278) AND (id <= 1335277))
	              ->  Bitmap Index Scan on sbtest7_pkey  (cost=0.00..34.23 rows=980 width=0)
	                    Index Cond: ((id >= 1334278) AND (id <= 1335277))

table 8 : explain SELECT DISTINCT c FROM sbtest8 WHERE id BETWEEN 6663079 AND 6664078 ORDER BY c
	Unique  (cost=3849.46..3854.31 rows=970 width=121)
	  ->  Sort  (cost=3849.46..3851.88 rows=970 width=121)
	        Sort Key: c
	        ->  Index Scan using sbtest8_pkey on sbtest8  (cost=0.43..3801.34 rows=970 width=121)
	              Index Cond: ((id >= 6663079) AND (id <= 6664078))

for: order_ranges
table 1 : explain SELECT c FROM sbtest1 WHERE id BETWEEN 1221178 AND 1222177 ORDER BY c
	Sort  (cost=3927.74..3930.24 rows=1000 width=121)
	  Sort Key: c
	  ->  Bitmap Heap Scan on sbtest1  (cost=34.69..3877.91 rows=1000 width=121)
	        Recheck Cond: ((id >= 1221178) AND (id <= 1222177))
	        ->  Bitmap Index Scan on sbtest1_pkey  (cost=0.00..34.44 rows=1000 width=0)
	              Index Cond: ((id >= 1221178) AND (id <= 1222177))

table 2 : explain SELECT c FROM sbtest2 WHERE id BETWEEN 9916589 AND 9917588 ORDER BY c
	Sort  (cost=4129.57..4132.20 rows=1053 width=121)
	  Sort Key: c
	  ->  Bitmap Heap Scan on sbtest2  (cost=35.23..4076.71 rows=1053 width=121)
	        Recheck Cond: ((id >= 9916589) AND (id <= 9917588))
	        ->  Bitmap Index Scan on sbtest2_pkey  (cost=0.00..34.97 rows=1053 width=0)
	              Index Cond: ((id >= 9916589) AND (id <= 9917588))

table 3 : explain SELECT c FROM sbtest3 WHERE id BETWEEN 5252412 AND 5253411 ORDER BY c
	Sort  (cost=4339.17..4341.94 rows=1106 width=121)
	  Sort Key: c
	  ->  Bitmap Heap Scan on sbtest3  (cost=39.77..4283.26 rows=1106 width=121)
	        Recheck Cond: ((id >= 5252412) AND (id <= 5253411))
	        ->  Bitmap Index Scan on sbtest3_pkey  (cost=0.00..39.50 rows=1106 width=0)
	              Index Cond: ((id >= 5252412) AND (id <= 5253411))

table 4 : explain SELECT c FROM sbtest4 WHERE id BETWEEN 9843128 AND 9844127 ORDER BY c
	Sort  (cost=3859.30..3861.76 rows=981 width=121)
	  Sort Key: c
	  ->  Bitmap Heap Scan on sbtest4  (cost=34.49..3810.56 rows=981 width=121)
	        Recheck Cond: ((id >= 9843128) AND (id <= 9844127))
	        ->  Bitmap Index Scan on sbtest4_pkey  (cost=0.00..34.25 rows=981 width=0)
	              Index Cond: ((id >= 9843128) AND (id <= 9844127))

table 5 : explain SELECT c FROM sbtest5 WHERE id BETWEEN 1817320 AND 1818319 ORDER BY c
	Sort  (cost=4180.34..4183.01 rows=1067 width=121)
	  Sort Key: c
	  ->  Bitmap Heap Scan on sbtest5  (cost=35.37..4126.67 rows=1067 width=121)
	        Recheck Cond: ((id >= 1817320) AND (id <= 1818319))
	        ->  Bitmap Index Scan on sbtest5_pkey  (cost=0.00..35.11 rows=1067 width=0)
	              Index Cond: ((id >= 1817320) AND (id <= 1818319))

table 6 : explain SELECT c FROM sbtest6 WHERE id BETWEEN 6272821 AND 6273820 ORDER BY c
	Sort  (cost=3804.53..3806.95 rows=968 width=121)
	  Sort Key: c
	  ->  Bitmap Heap Scan on sbtest6  (cost=34.36..3756.52 rows=968 width=121)
	        Recheck Cond: ((id >= 6272821) AND (id <= 6273820))
	        ->  Bitmap Index Scan on sbtest6_pkey  (cost=0.00..34.12 rows=968 width=0)
	              Index Cond: ((id >= 6272821) AND (id <= 6273820))

table 7 : explain SELECT c FROM sbtest7 WHERE id BETWEEN 4523812 AND 4524811 ORDER BY c
	Sort  (cost=3840.73..3843.17 rows=976 width=121)
	  Sort Key: c
	  ->  Bitmap Heap Scan on sbtest7  (cost=34.44..3792.27 rows=976 width=121)
	        Recheck Cond: ((id >= 4523812) AND (id <= 4524811))
	        ->  Bitmap Index Scan on sbtest7_pkey  (cost=0.00..34.20 rows=976 width=0)
	              Index Cond: ((id >= 4523812) AND (id <= 4524811))

table 8 : explain SELECT c FROM sbtest8 WHERE id BETWEEN 9499088 AND 9500087 ORDER BY c
	Sort  (cost=3782.22..3784.60 rows=953 width=121)
	  Sort Key: c
	  ->  Index Scan using sbtest8_pkey on sbtest8  (cost=0.43..3735.06 rows=953 width=121)
	        Index Cond: ((id >= 9499088) AND (id <= 9500087))

for: distinct_ranges
table 1 : explain SELECT DISTINCT c FROM sbtest1 WHERE id BETWEEN 3172339 AND 3173338 ORDER BY c
	Unique  (cost=3705.37..3710.08 rows=942 width=121)
	  ->  Sort  (cost=3705.37..3707.73 rows=942 width=121)
	        Sort Key: c
	        ->  Bitmap Heap Scan on sbtest1  (cost=34.09..3658.84 rows=942 width=121)
	              Recheck Cond: ((id >= 3172339) AND (id <= 3173338))
	              ->  Bitmap Index Scan on sbtest1_pkey  (cost=0.00..33.86 rows=942 width=0)
	                    Index Cond: ((id >= 3172339) AND (id <= 3173338))

table 2 : explain SELECT DISTINCT c FROM sbtest2 WHERE id BETWEEN 7029883 AND 7030882 ORDER BY c
	Unique  (cost=4053.09..4058.26 rows=1033 width=121)
	  ->  Sort  (cost=4053.09..4055.67 rows=1033 width=121)
	        Sort Key: c
	        ->  Bitmap Heap Scan on sbtest2  (cost=35.02..4001.38 rows=1033 width=121)
	              Recheck Cond: ((id >= 7029883) AND (id <= 7030882))
	              ->  Bitmap Index Scan on sbtest2_pkey  (cost=0.00..34.77 rows=1033 width=0)
	                    Index Cond: ((id >= 7029883) AND (id <= 7030882))

table 3 : explain SELECT DISTINCT c FROM sbtest3 WHERE id BETWEEN 9926168 AND 9927167 ORDER BY c
	Unique  (cost=3634.02..3638.63 rows=923 width=121)
	  ->  Sort  (cost=3634.02..3636.33 rows=923 width=121)
	        Sort Key: c
	        ->  Bitmap Heap Scan on sbtest3  (cost=33.90..3588.56 rows=923 width=121)
	              Recheck Cond: ((id >= 9926168) AND (id <= 9927167))
	              ->  Bitmap Index Scan on sbtest3_pkey  (cost=0.00..33.67 rows=923 width=0)
	                    Index Cond: ((id >= 9926168) AND (id <= 9927167))

table 4 : explain SELECT DISTINCT c FROM sbtest4 WHERE id BETWEEN 4392501 AND 4393500 ORDER BY c
	Unique  (cost=3509.29..3513.74 rows=891 width=121)
	  ->  Sort  (cost=3509.29..3511.51 rows=891 width=121)
	        Sort Key: c
	        ->  Bitmap Heap Scan on sbtest4  (cost=29.57..3465.63 rows=891 width=121)
	              Recheck Cond: ((id >= 4392501) AND (id <= 4393500))
	              ->  Bitmap Index Scan on sbtest4_pkey  (cost=0.00..29.34 rows=891 width=0)
	                    Index Cond: ((id >= 4392501) AND (id <= 4393500))

table 5 : explain SELECT DISTINCT c FROM sbtest5 WHERE id BETWEEN 8832857 AND 8833856 ORDER BY c
	Unique  (cost=4271.92..4277.38 rows=1091 width=121)
	  ->  Sort  (cost=4271.92..4274.65 rows=1091 width=121)
	        Sort Key: c
	        ->  Bitmap Heap Scan on sbtest5  (cost=35.62..4216.87 rows=1091 width=121)
	              Recheck Cond: ((id >= 8832857) AND (id <= 8833856))
	              ->  Bitmap Index Scan on sbtest5_pkey  (cost=0.00..35.34 rows=1091 width=0)
	                    Index Cond: ((id >= 8832857) AND (id <= 8833856))

table 6 : explain SELECT DISTINCT c FROM sbtest6 WHERE id BETWEEN 2908917 AND 2909916 ORDER BY c
	Unique  (cost=3980.74..3985.81 rows=1014 width=121)
	  ->  Sort  (cost=3980.74..3983.27 rows=1014 width=121)
	        Sort Key: c
	        ->  Bitmap Heap Scan on sbtest6  (cost=34.83..3930.11 rows=1014 width=121)
	              Recheck Cond: ((id >= 2908917) AND (id <= 2909916))
	              ->  Bitmap Index Scan on sbtest6_pkey  (cost=0.00..34.58 rows=1014 width=0)
	                    Index Cond: ((id >= 2908917) AND (id <= 2909916))

table 7 : explain SELECT DISTINCT c FROM sbtest7 WHERE id BETWEEN 1703502 AND 1704501 ORDER BY c
	Unique  (cost=3775.42..3780.22 rows=959 width=121)
	  ->  Sort  (cost=3775.42..3777.82 rows=959 width=121)
	        Sort Key: c
	        ->  Bitmap Heap Scan on sbtest7  (cost=34.26..3727.93 rows=959 width=121)
	              Recheck Cond: ((id >= 1703502) AND (id <= 1704501))
	              ->  Bitmap Index Scan on sbtest7_pkey  (cost=0.00..34.03 rows=959 width=0)
	                    Index Cond: ((id >= 1703502) AND (id <= 1704501))

table 8 : explain SELECT DISTINCT c FROM sbtest8 WHERE id BETWEEN 4613956 AND 4614955 ORDER BY c
	Unique  (cost=4107.56..4112.79 rows=1046 width=121)
	  ->  Sort  (cost=4107.56..4110.17 rows=1046 width=121)
	        Sort Key: c
	        ->  Bitmap Heap Scan on sbtest8  (cost=35.16..4055.10 rows=1046 width=121)
	              Recheck Cond: ((id >= 4613956) AND (id <= 4614955))
	              ->  Bitmap Index Scan on sbtest8_pkey  (cost=0.00..34.90 rows=1046 width=0)
	                    Index Cond: ((id >= 4613956) AND (id <= 4614955))

for: order_ranges
table 1 : explain SELECT c FROM sbtest1 WHERE id BETWEEN 516547 AND 517546 ORDER BY c
	Sort  (cost=3904.75..3907.24 rows=994 width=121)
	  Sort Key: c
	  ->  Bitmap Heap Scan on sbtest1  (cost=34.62..3855.27 rows=994 width=121)
	        Recheck Cond: ((id >= 516547) AND (id <= 517546))
	        ->  Bitmap Index Scan on sbtest1_pkey  (cost=0.00..34.38 rows=994 width=0)
	              Index Cond: ((id >= 516547) AND (id <= 517546))

table 2 : explain SELECT c FROM sbtest2 WHERE id BETWEEN 4446428 AND 4447427 ORDER BY c
	Sort  (cost=3995.70..3998.25 rows=1018 width=121)
	  Sort Key: c
	  ->  Bitmap Heap Scan on sbtest2  (cost=34.87..3944.84 rows=1018 width=121)
	        Recheck Cond: ((id >= 4446428) AND (id <= 4447427))
	        ->  Bitmap Index Scan on sbtest2_pkey  (cost=0.00..34.62 rows=1018 width=0)
	              Index Cond: ((id >= 4446428) AND (id <= 4447427))

table 3 : explain SELECT c FROM sbtest3 WHERE id BETWEEN 1376354 AND 1377353 ORDER BY c
	Sort  (cost=3902.68..3905.17 rows=993 width=121)
	  Sort Key: c
	  ->  Bitmap Heap Scan on sbtest3  (cost=34.61..3853.25 rows=993 width=121)
	        Recheck Cond: ((id >= 1376354) AND (id <= 1377353))
	        ->  Bitmap Index Scan on sbtest3_pkey  (cost=0.00..34.37 rows=993 width=0)
	              Index Cond: ((id >= 1376354) AND (id <= 1377353))

table 4 : explain SELECT c FROM sbtest4 WHERE id BETWEEN 8632131 AND 8633130 ORDER BY c
	Sort  (cost=3728.70..3731.07 rows=947 width=121)
	  Sort Key: c
	  ->  Bitmap Heap Scan on sbtest4  (cost=34.14..3681.88 rows=947 width=121)
	        Recheck Cond: ((id >= 8632131) AND (id <= 8633130))
	        ->  Bitmap Index Scan on sbtest4_pkey  (cost=0.00..33.91 rows=947 width=0)
	              Index Cond: ((id >= 8632131) AND (id <= 8633130))

table 5 : explain SELECT c FROM sbtest5 WHERE id BETWEEN 7535848 AND 7536847 ORDER BY c
	Sort  (cost=3606.40..3608.69 rows=917 width=121)
	  Sort Key: c
	  ->  Bitmap Heap Scan on sbtest5  (cost=33.83..3561.28 rows=917 width=121)
	        Recheck Cond: ((id >= 7535848) AND (id <= 7536847))
	        ->  Bitmap Index Scan on sbtest5_pkey  (cost=0.00..33.61 rows=917 width=0)
	              Index Cond: ((id >= 7535848) AND (id <= 7536847))

table 6 : explain SELECT c FROM sbtest6 WHERE id BETWEEN 7723837 AND 7724836 ORDER BY c
	Sort  (cost=3793.03..3795.44 rows=965 width=121)
	  Sort Key: c
	  ->  Bitmap Heap Scan on sbtest6  (cost=34.33..3745.19 rows=965 width=121)
	        Recheck Cond: ((id >= 7723837) AND (id <= 7724836))
	        ->  Bitmap Index Scan on sbtest6_pkey  (cost=0.00..34.09 rows=965 width=0)
	              Index Cond: ((id >= 7723837) AND (id <= 7724836))

table 7 : explain SELECT c FROM sbtest7 WHERE id BETWEEN 1872169 AND 1873168 ORDER BY c
	Sort  (cost=4090.15..4092.75 rows=1041 width=121)
	  Sort Key: c
	  ->  Bitmap Heap Scan on sbtest7  (cost=35.11..4037.97 rows=1041 width=121)
	        Recheck Cond: ((id >= 1872169) AND (id <= 1873168))
	        ->  Bitmap Index Scan on sbtest7_pkey  (cost=0.00..34.84 rows=1041 width=0)
	              Index Cond: ((id >= 1872169) AND (id <= 1873168))

table 8 : explain SELECT c FROM sbtest8 WHERE id BETWEEN 8324812 AND 8325811 ORDER BY c
	Sort  (cost=4053.92..4056.50 rows=1032 width=121)
	  Sort Key: c
	  ->  Bitmap Heap Scan on sbtest8  (cost=35.01..4002.26 rows=1032 width=121)
	        Recheck Cond: ((id >= 8324812) AND (id <= 8325811))
	        ->  Bitmap Index Scan on sbtest8_pkey  (cost=0.00..34.76 rows=1032 width=0)
	              Index Cond: ((id >= 8324812) AND (id <= 8325811))

explain: for point_selects :: explain SELECT c FROM sbtest%u WHERE id=%u
for: distinct_ranges
table 1 : explain SELECT DISTINCT c FROM sbtest1 WHERE id BETWEEN 6652886 AND 6653885 ORDER BY c
	Unique  (cost=4249.07..4254.49 rows=1084 width=121)
	  ->  Sort  (cost=4249.07..4251.78 rows=1084 width=121)
	        Sort Key: c
	        ->  Bitmap Heap Scan on sbtest1  (cost=35.55..4194.43 rows=1084 width=121)
	              Recheck Cond: ((id >= 6652886) AND (id <= 6653885))
	              ->  Bitmap Index Scan on sbtest1_pkey  (cost=0.00..35.28 rows=1084 width=0)
	                    Index Cond: ((id >= 6652886) AND (id <= 6653885))

table 2 : explain SELECT DISTINCT c FROM sbtest2 WHERE id BETWEEN 8182008 AND 8183007 ORDER BY c
	Unique  (cost=4026.31..4031.44 rows=1026 width=121)
	  ->  Sort  (cost=4026.31..4028.88 rows=1026 width=121)
	        Sort Key: c
	        ->  Bitmap Heap Scan on sbtest2  (cost=34.95..3975.00 rows=1026 width=121)
	              Recheck Cond: ((id >= 8182008) AND (id <= 8183007))
	              ->  Bitmap Index Scan on sbtest2_pkey  (cost=0.00..34.70 rows=1026 width=0)
	                    Index Cond: ((id >= 8182008) AND (id <= 8183007))

table 3 : explain SELECT DISTINCT c FROM sbtest3 WHERE id BETWEEN 2874363 AND 2875362 ORDER BY c
	Unique  (cost=3810.64..3815.48 rows=969 width=121)
	  ->  Sort  (cost=3810.64..3813.06 rows=969 width=121)
	        Sort Key: c
	        ->  Bitmap Heap Scan on sbtest3  (cost=34.37..3762.57 rows=969 width=121)
	              Recheck Cond: ((id >= 2874363) AND (id <= 2875362))
	              ->  Bitmap Index Scan on sbtest3_pkey  (cost=0.00..34.12 rows=969 width=0)
	                    Index Cond: ((id >= 2874363) AND (id <= 2875362))

table 4 : explain SELECT DISTINCT c FROM sbtest4 WHERE id BETWEEN 5274597 AND 5275596 ORDER BY c
	Unique  (cost=3451.52..3455.90 rows=876 width=121)
	  ->  Sort  (cost=3451.52..3453.71 rows=876 width=121)
	        Sort Key: c
	        ->  Bitmap Heap Scan on sbtest4  (cost=29.41..3408.71 rows=876 width=121)
	              Recheck Cond: ((id >= 5274597) AND (id <= 5275596))
	              ->  Bitmap Index Scan on sbtest4_pkey  (cost=0.00..29.19 rows=876 width=0)
	                    Index Cond: ((id >= 5274597) AND (id <= 5275596))

table 5 : explain SELECT DISTINCT c FROM sbtest5 WHERE id BETWEEN 5860949 AND 5861948 ORDER BY c
	Unique  (cost=3962.57..3967.62 rows=1010 width=121)
	  ->  Sort  (cost=3962.57..3965.09 rows=1010 width=121)
	        Sort Key: c
	        ->  Bitmap Heap Scan on sbtest5  (cost=34.79..3912.17 rows=1010 width=121)
	              Recheck Cond: ((id >= 5860949) AND (id <= 5861948))
	              ->  Bitmap Index Scan on sbtest5_pkey  (cost=0.00..34.54 rows=1010 width=0)
	                    Index Cond: ((id >= 5860949) AND (id <= 5861948))

table 6 : explain SELECT DISTINCT c FROM sbtest6 WHERE id BETWEEN 8750963 AND 8751962 ORDER BY c
	Unique  (cost=3911.82..3916.80 rows=996 width=121)
	  ->  Sort  (cost=3911.82..3914.31 rows=996 width=121)
	        Sort Key: c
	        ->  Bitmap Heap Scan on sbtest6  (cost=34.64..3862.21 rows=996 width=121)
	              Recheck Cond: ((id >= 8750963) AND (id <= 8751962))
	              ->  Bitmap Index Scan on sbtest6_pkey  (cost=0.00..34.40 rows=996 width=0)
	                    Index Cond: ((id >= 8750963) AND (id <= 8751962))

table 7 : explain SELECT DISTINCT c FROM sbtest7 WHERE id BETWEEN 52972 AND 53971 ORDER BY c
	Unique  (cost=4208.93..4214.29 rows=1072 width=121)
	  ->  Sort  (cost=4208.93..4211.61 rows=1072 width=121)
	        Sort Key: c
	        ->  Bitmap Heap Scan on sbtest7  (cost=35.42..4154.98 rows=1072 width=121)
	              Recheck Cond: ((id >= 52972) AND (id <= 53971))
	              ->  Bitmap Index Scan on sbtest7_pkey  (cost=0.00..35.16 rows=1072 width=0)
	                    Index Cond: ((id >= 52972) AND (id <= 53971))

table 8 : explain SELECT DISTINCT c FROM sbtest8 WHERE id BETWEEN 8991598 AND 8992597 ORDER BY c
	Unique  (cost=4011.58..4016.64 rows=1011 width=121)
	  ->  Sort  (cost=4011.58..4014.11 rows=1011 width=121)
	        Sort Key: c
	        ->  Index Scan using sbtest8_pkey on sbtest8  (cost=0.43..3961.13 rows=1011 width=121)
	              Index Cond: ((id >= 8991598) AND (id <= 8992597))

for: distinct_ranges
table 1 : explain SELECT DISTINCT c FROM sbtest1 WHERE id BETWEEN 2378399 AND 2379398 ORDER BY c
	Unique  (cost=4073.21..4078.40 rows=1038 width=121)
	  ->  Sort  (cost=4073.21..4075.80 rows=1038 width=121)
	        Sort Key: c
	        ->  Bitmap Heap Scan on sbtest1  (cost=35.07..4021.20 rows=1038 width=121)
	              Recheck Cond: ((id >= 2378399) AND (id <= 2379398))
	              ->  Bitmap Index Scan on sbtest1_pkey  (cost=0.00..34.82 rows=1038 width=0)
	                    Index Cond: ((id >= 2378399) AND (id <= 2379398))

table 2 : explain SELECT DISTINCT c FROM sbtest2 WHERE id BETWEEN 2937058 AND 2938057 ORDER BY c
	Unique  (cost=3942.11..3947.13 rows=1004 width=121)
	  ->  Sort  (cost=3942.11..3944.62 rows=1004 width=121)
	        Sort Key: c
	        ->  Bitmap Heap Scan on sbtest2  (cost=34.73..3892.06 rows=1004 width=121)
	              Recheck Cond: ((id >= 2937058) AND (id <= 2938057))
	              ->  Bitmap Index Scan on sbtest2_pkey  (cost=0.00..34.48 rows=1004 width=0)
	                    Index Cond: ((id >= 2937058) AND (id <= 2938057))

table 3 : explain SELECT DISTINCT c FROM sbtest3 WHERE id BETWEEN 8542425 AND 8543424 ORDER BY c
	Unique  (cost=3967.84..3972.89 rows=1010 width=121)
	  ->  Sort  (cost=3967.84..3970.37 rows=1010 width=121)
	        Sort Key: c
	        ->  Bitmap Heap Scan on sbtest3  (cost=34.79..3917.44 rows=1010 width=121)
	              Recheck Cond: ((id >= 8542425) AND (id <= 8543424))
	              ->  Bitmap Index Scan on sbtest3_pkey  (cost=0.00..34.54 rows=1010 width=0)
	                    Index Cond: ((id >= 8542425) AND (id <= 8543424))

table 4 : explain SELECT DISTINCT c FROM sbtest4 WHERE id BETWEEN 8886499 AND 8887498 ORDER BY c
	Unique  (cost=3997.44..4002.53 rows=1017 width=121)
	  ->  Sort  (cost=3997.44..3999.99 rows=1017 width=121)
	        Sort Key: c
	        ->  Bitmap Heap Scan on sbtest4  (cost=34.86..3946.65 rows=1017 width=121)
	              Recheck Cond: ((id >= 8886499) AND (id <= 8887498))
	              ->  Bitmap Index Scan on sbtest4_pkey  (cost=0.00..34.61 rows=1017 width=0)
	                    Index Cond: ((id >= 8886499) AND (id <= 8887498))

table 5 : explain SELECT DISTINCT c FROM sbtest5 WHERE id BETWEEN 7848436 AND 7849435 ORDER BY c
	Unique  (cost=4233.77..4239.18 rows=1081 width=121)
	  ->  Sort  (cost=4233.77..4236.47 rows=1081 width=121)
	        Sort Key: c
	        ->  Bitmap Heap Scan on sbtest5  (cost=35.52..4179.30 rows=1081 width=121)
	              Recheck Cond: ((id >= 7848436) AND (id <= 7849435))
	              ->  Bitmap Index Scan on sbtest5_pkey  (cost=0.00..35.25 rows=1081 width=0)
	                    Index Cond: ((id >= 7848436) AND (id <= 7849435))

table 6 : explain SELECT DISTINCT c FROM sbtest6 WHERE id BETWEEN 4819318 AND 4820317 ORDER BY c
	Unique  (cost=3716.33..3721.06 rows=945 width=121)
	  ->  Sort  (cost=3716.33..3718.69 rows=945 width=121)
	        Sort Key: c
	        ->  Bitmap Heap Scan on sbtest6  (cost=34.12..3669.63 rows=945 width=121)
	              Recheck Cond: ((id >= 4819318) AND (id <= 4820317))
	              ->  Bitmap Index Scan on sbtest6_pkey  (cost=0.00..33.89 rows=945 width=0)
	                    Index Cond: ((id >= 4819318) AND (id <= 4820317))

table 7 : explain SELECT DISTINCT c FROM sbtest7 WHERE id BETWEEN 5504565 AND 5505564 ORDER BY c
	Unique  (cost=4032.63..4037.76 rows=1026 width=121)
	  ->  Sort  (cost=4032.63..4035.20 rows=1026 width=121)
	        Sort Key: c
	        ->  Bitmap Heap Scan on sbtest7  (cost=34.95..3981.32 rows=1026 width=121)
	              Recheck Cond: ((id >= 5504565) AND (id <= 5505564))
	              ->  Bitmap Index Scan on sbtest7_pkey  (cost=0.00..34.70 rows=1026 width=0)
	                    Index Cond: ((id >= 5504565) AND (id <= 5505564))

table 8 : explain SELECT DISTINCT c FROM sbtest8 WHERE id BETWEEN 613470 AND 614469 ORDER BY c
	Unique  (cost=4019.49..4024.56 rows=1013 width=121)
	  ->  Sort  (cost=4019.49..4022.02 rows=1013 width=121)
	        Sort Key: c
	        ->  Index Scan using sbtest8_pkey on sbtest8  (cost=0.43..3968.92 rows=1013 width=121)
	              Index Cond: ((id >= 613470) AND (id <= 614469))

explain: for point_selects :: explain SELECT c FROM sbtest%u WHERE id=%u
for point_selects
table 1 : explain SELECT c FROM sbtest1 WHERE id=7910930
	Index Scan using sbtest1_pkey on sbtest1  (cost=0.43..8.45 rows=1 width=121)
	  Index Cond: (id = 7910930)

table 2 : explain SELECT c FROM sbtest2 WHERE id=9333413
	Index Scan using sbtest2_pkey on sbtest2  (cost=0.43..8.45 rows=1 width=121)
	  Index Cond: (id = 9333413)

table 3 : explain SELECT c FROM sbtest3 WHERE id=1898085
	Index Scan using sbtest3_pkey on sbtest3  (cost=0.43..8.45 rows=1 width=121)
	  Index Cond: (id = 1898085)

table 4 : explain SELECT c FROM sbtest4 WHERE id=9039814
	Index Scan using sbtest4_pkey on sbtest4  (cost=0.43..8.45 rows=1 width=121)
	  Index Cond: (id = 9039814)

table 5 : explain SELECT c FROM sbtest5 WHERE id=2225795
	Index Scan using sbtest5_pkey on sbtest5  (cost=0.43..8.45 rows=1 width=121)
	  Index Cond: (id = 2225795)

table 6 : explain SELECT c FROM sbtest6 WHERE id=9940243
	Index Scan using sbtest6_pkey on sbtest6  (cost=0.43..8.45 rows=1 width=121)
	  Index Cond: (id = 9940243)

table 7 : explain SELECT c FROM sbtest7 WHERE id=3550380
	Index Scan using sbtest7_pkey on sbtest7  (cost=0.43..8.45 rows=1 width=121)
	  Index Cond: (id = 3550380)

table 8 : explain SELECT c FROM sbtest8 WHERE id=40651
	Index Scan using sbtest8_pkey on sbtest8  (cost=0.43..8.45 rows=1 width=121)
	  Index Cond: (id = 40651)

for: simple_ranges
table 1 : explain SELECT c FROM sbtest1 WHERE id BETWEEN 2221613 AND 2222612
	Bitmap Heap Scan on sbtest1  (cost=40.11..4401.48 rows=1139 width=121)
	  Recheck Cond: ((id >= 2221613) AND (id <= 2222612))
	  ->  Bitmap Index Scan on sbtest1_pkey  (cost=0.00..39.83 rows=1139 width=0)
	        Index Cond: ((id >= 2221613) AND (id <= 2222612))

table 2 : explain SELECT c FROM sbtest2 WHERE id BETWEEN 3002153 AND 3003152
	Bitmap Heap Scan on sbtest2  (cost=34.73..3892.06 rows=1004 width=121)
	  Recheck Cond: ((id >= 3002153) AND (id <= 3003152))
	  ->  Bitmap Index Scan on sbtest2_pkey  (cost=0.00..34.48 rows=1004 width=0)
	        Index Cond: ((id >= 3002153) AND (id <= 3003152))

table 3 : explain SELECT c FROM sbtest3 WHERE id BETWEEN 8219323 AND 8220322
	Bitmap Heap Scan on sbtest3  (cost=33.99..3622.63 rows=932 width=121)
	  Recheck Cond: ((id >= 8219323) AND (id <= 8220322))
	  ->  Bitmap Index Scan on sbtest3_pkey  (cost=0.00..33.76 rows=932 width=0)
	        Index Cond: ((id >= 8219323) AND (id <= 8220322))

table 4 : explain SELECT c FROM sbtest4 WHERE id BETWEEN 9472009 AND 9473008
	Bitmap Heap Scan on sbtest4  (cost=34.83..3935.31 rows=1014 width=121)
	  Recheck Cond: ((id >= 9472009) AND (id <= 9473008))
	  ->  Bitmap Index Scan on sbtest4_pkey  (cost=0.00..34.58 rows=1014 width=0)
	        Index Cond: ((id >= 9472009) AND (id <= 9473008))

table 5 : explain SELECT c FROM sbtest5 WHERE id BETWEEN 6636830 AND 6637829
	Bitmap Heap Scan on sbtest5  (cost=35.06..4013.83 rows=1037 width=121)
	  Recheck Cond: ((id >= 6636830) AND (id <= 6637829))
	  ->  Bitmap Index Scan on sbtest5_pkey  (cost=0.00..34.81 rows=1037 width=0)
	        Index Cond: ((id >= 6636830) AND (id <= 6637829))

table 6 : explain SELECT c FROM sbtest6 WHERE id BETWEEN 6701455 AND 6702454
	Bitmap Heap Scan on sbtest6  (cost=34.55..3828.25 rows=987 width=121)
	  Recheck Cond: ((id >= 6701455) AND (id <= 6702454))
	  ->  Bitmap Index Scan on sbtest6_pkey  (cost=0.00..34.31 rows=987 width=0)
	        Index Cond: ((id >= 6701455) AND (id <= 6702454))

table 7 : explain SELECT c FROM sbtest7 WHERE id BETWEEN 8299078 AND 8300077
	Bitmap Heap Scan on sbtest7  (cost=34.50..3814.97 rows=982 width=121)
	  Recheck Cond: ((id >= 8299078) AND (id <= 8300077))
	  ->  Bitmap Index Scan on sbtest7_pkey  (cost=0.00..34.26 rows=982 width=0)
	        Index Cond: ((id >= 8299078) AND (id <= 8300077))

table 8 : explain SELECT c FROM sbtest8 WHERE id BETWEEN 7687597 AND 7688596
	Index Scan using sbtest8_pkey on sbtest8  (cost=0.43..3797.44 rows=969 width=121)
	  Index Cond: ((id >= 7687597) AND (id <= 7688596))

for point_selects
table 1 : explain SELECT c FROM sbtest1 WHERE id=5065702
	Index Scan using sbtest1_pkey on sbtest1  (cost=0.43..8.45 rows=1 width=121)
	  Index Cond: (id = 5065702)

table 2 : explain SELECT c FROM sbtest2 WHERE id=5948855
	Index Scan using sbtest2_pkey on sbtest2  (cost=0.43..8.45 rows=1 width=121)
	  Index Cond: (id = 5948855)

table 3 : explain SELECT c FROM sbtest3 WHERE id=9740315
	Index Scan using sbtest3_pkey on sbtest3  (cost=0.43..8.45 rows=1 width=121)
	  Index Cond: (id = 9740315)

table 4 : explain SELECT c FROM sbtest4 WHERE id=5036190
	Index Scan using sbtest4_pkey on sbtest4  (cost=0.43..8.45 rows=1 width=121)
	  Index Cond: (id = 5036190)

table 5 : explain SELECT c FROM sbtest5 WHERE id=1893526
	Index Scan using sbtest5_pkey on sbtest5  (cost=0.43..8.45 rows=1 width=121)
	  Index Cond: (id = 1893526)

table 6 : explain SELECT c FROM sbtest6 WHERE id=6074209
	Index Scan using sbtest6_pkey on sbtest6  (cost=0.43..8.45 rows=1 width=121)
	  Index Cond: (id = 6074209)

table 7 : explain SELECT c FROM sbtest7 WHERE id=1884131
	Index Scan using sbtest7_pkey on sbtest7  (cost=0.43..8.45 rows=1 width=121)
	  Index Cond: (id = 1884131)

table 8 : explain SELECT c FROM sbtest8 WHERE id=5151447
	Index Scan using sbtest8_pkey on sbtest8  (cost=0.43..8.45 rows=1 width=121)
	  Index Cond: (id = 5151447)

for: sum_ranges
table 1 : explain SELECT SUM(k) FROM sbtest1 WHERE id BETWEEN 4565364 AND 4566363
	Aggregate  (cost=3649.85..3649.86 rows=1 width=8)
	  ->  Bitmap Heap Scan on sbtest1  (cost=34.06..3647.50 rows=939 width=4)
	        Recheck Cond: ((id >= 4565364) AND (id <= 4566363))
	        ->  Bitmap Index Scan on sbtest1_pkey  (cost=0.00..33.83 rows=939 width=0)
	              Index Cond: ((id >= 4565364) AND (id <= 4566363))

table 2 : explain SELECT SUM(k) FROM sbtest2 WHERE id BETWEEN 6098830 AND 6099829
	Aggregate  (cost=3751.07..3751.08 rows=1 width=8)
	  ->  Bitmap Heap Scan on sbtest2  (cost=34.34..3748.65 rows=966 width=4)
	        Recheck Cond: ((id >= 6098830) AND (id <= 6099829))
	        ->  Bitmap Index Scan on sbtest2_pkey  (cost=0.00..34.09 rows=966 width=0)
	              Index Cond: ((id >= 6098830) AND (id <= 6099829))

table 3 : explain SELECT SUM(k) FROM sbtest3 WHERE id BETWEEN 8105711 AND 8106710
	Aggregate  (cost=3927.52..3927.53 rows=1 width=8)
	  ->  Bitmap Heap Scan on sbtest3  (cost=34.81..3924.99 rows=1012 width=4)
	        Recheck Cond: ((id >= 8105711) AND (id <= 8106710))
	        ->  Bitmap Index Scan on sbtest3_pkey  (cost=0.00..34.56 rows=1012 width=0)
	              Index Cond: ((id >= 8105711) AND (id <= 8106710))

table 4 : explain SELECT SUM(k) FROM sbtest4 WHERE id BETWEEN 424584 AND 425583
	Aggregate  (cost=4081.43..4081.44 rows=1 width=8)
	  ->  Bitmap Heap Scan on sbtest4  (cost=35.22..4078.80 rows=1052 width=4)
	        Recheck Cond: ((id >= 424584) AND (id <= 425583))
	        ->  Bitmap Index Scan on sbtest4_pkey  (cost=0.00..34.95 rows=1052 width=0)
	              Index Cond: ((id >= 424584) AND (id <= 425583))

table 5 : explain SELECT SUM(k) FROM sbtest5 WHERE id BETWEEN 3134630 AND 3135629
	Aggregate  (cost=4005.12..4005.13 rows=1 width=8)
	  ->  Bitmap Heap Scan on sbtest5  (cost=35.03..4002.54 rows=1034 width=4)
	        Recheck Cond: ((id >= 3134630) AND (id <= 3135629))
	        ->  Bitmap Index Scan on sbtest5_pkey  (cost=0.00..34.78 rows=1034 width=0)
	              Index Cond: ((id >= 3134630) AND (id <= 3135629))

table 6 : explain SELECT SUM(k) FROM sbtest6 WHERE id BETWEEN 6254467 AND 6255466
	Aggregate  (cost=3758.94..3758.95 rows=1 width=8)
	  ->  Bitmap Heap Scan on sbtest6  (cost=34.36..3756.52 rows=968 width=4)
	        Recheck Cond: ((id >= 6254467) AND (id <= 6255466))
	        ->  Bitmap Index Scan on sbtest6_pkey  (cost=0.00..34.12 rows=968 width=0)
	              Index Cond: ((id >= 6254467) AND (id <= 6255466))

table 7 : explain SELECT SUM(k) FROM sbtest7 WHERE id BETWEEN 423676 AND 424675
	Aggregate  (cost=4267.31..4267.32 rows=1 width=8)
	  ->  Bitmap Heap Scan on sbtest7  (cost=39.71..4264.56 rows=1100 width=4)
	        Recheck Cond: ((id >= 423676) AND (id <= 424675))
	        ->  Bitmap Index Scan on sbtest7_pkey  (cost=0.00..39.44 rows=1100 width=0)
	              Index Cond: ((id >= 423676) AND (id <= 424675))

table 8 : explain SELECT SUM(k) FROM sbtest8 WHERE id BETWEEN 9501827 AND 9502826
	Aggregate  (cost=3737.45..3737.46 rows=1 width=8)
	  ->  Index Scan using sbtest8_pkey on sbtest8  (cost=0.43..3735.06 rows=953 width=4)
	        Index Cond: ((id >= 9501827) AND (id <= 9502826))

for: simple_ranges
table 1 : explain SELECT c FROM sbtest1 WHERE id BETWEEN 1892530 AND 1893529
	Bitmap Heap Scan on sbtest1  (cost=34.19..3696.64 rows=952 width=121)
	  Recheck Cond: ((id >= 1892530) AND (id <= 1893529))
	  ->  Bitmap Index Scan on sbtest1_pkey  (cost=0.00..33.95 rows=952 width=0)
	        Index Cond: ((id >= 1892530) AND (id <= 1893529))

table 2 : explain SELECT c FROM sbtest2 WHERE id BETWEEN 5836842 AND 5837841
	Bitmap Heap Scan on sbtest2  (cost=29.31..3366.37 rows=866 width=121)
	  Recheck Cond: ((id >= 5836842) AND (id <= 5837841))
	  ->  Bitmap Index Scan on sbtest2_pkey  (cost=0.00..29.09 rows=866 width=0)
	        Index Cond: ((id >= 5836842) AND (id <= 5837841))

table 3 : explain SELECT c FROM sbtest3 WHERE id BETWEEN 5599452 AND 5600451
	Bitmap Heap Scan on sbtest3  (cost=35.46..4166.31 rows=1076 width=121)
	  Recheck Cond: ((id >= 5599452) AND (id <= 5600451))
	  ->  Bitmap Index Scan on sbtest3_pkey  (cost=0.00..35.20 rows=1076 width=0)
	        Index Cond: ((id >= 5599452) AND (id <= 5600451))

table 4 : explain SELECT c FROM sbtest4 WHERE id BETWEEN 26534 AND 27533
	Bitmap Heap Scan on sbtest4  (cost=35.06..4022.18 rows=1037 width=121)
	  Recheck Cond: ((id >= 26534) AND (id <= 27533))
	  ->  Bitmap Index Scan on sbtest4_pkey  (cost=0.00..34.81 rows=1037 width=0)
	        Index Cond: ((id >= 26534) AND (id <= 27533))

table 5 : explain SELECT c FROM sbtest5 WHERE id BETWEEN 1373284 AND 1374283
	Bitmap Heap Scan on sbtest5  (cost=34.26..3719.89 rows=959 width=121)
	  Recheck Cond: ((id >= 1373284) AND (id <= 1374283))
	  ->  Bitmap Index Scan on sbtest5_pkey  (cost=0.00..34.03 rows=959 width=0)
	        Index Cond: ((id >= 1373284) AND (id <= 1374283))

table 6 : explain SELECT c FROM sbtest6 WHERE id BETWEEN 8460704 AND 8461703
	Bitmap Heap Scan on sbtest6  (cost=34.67..3873.53 rows=999 width=121)
	  Recheck Cond: ((id >= 8460704) AND (id <= 8461703))
	  ->  Bitmap Index Scan on sbtest6_pkey  (cost=0.00..34.43 rows=999 width=0)
	        Index Cond: ((id >= 8460704) AND (id <= 8461703))

table 7 : explain SELECT c FROM sbtest7 WHERE id BETWEEN 5298716 AND 5299715
	Index Scan using sbtest7_pkey on sbtest7  (cost=0.43..3358.80 rows=854 width=121)
	  Index Cond: ((id >= 5298716) AND (id <= 5299715))

table 8 : explain SELECT c FROM sbtest8 WHERE id BETWEEN 4501508 AND 4502507
	Index Scan using sbtest8_pkey on sbtest8  (cost=0.43..3933.85 rows=1004 width=121)
	  Index Cond: ((id >= 4501508) AND (id <= 4502507))

for: order_ranges
table 1 : explain SELECT c FROM sbtest1 WHERE id BETWEEN 3206144 AND 3207143 ORDER BY c
	Sort  (cost=3705.37..3707.73 rows=942 width=121)
	  Sort Key: c
	  ->  Bitmap Heap Scan on sbtest1  (cost=34.09..3658.84 rows=942 width=121)
	        Recheck Cond: ((id >= 3206144) AND (id <= 3207143))
	        ->  Bitmap Index Scan on sbtest1_pkey  (cost=0.00..33.86 rows=942 width=0)
	              Index Cond: ((id >= 3206144) AND (id <= 3207143))

table 2 : explain SELECT c FROM sbtest2 WHERE id BETWEEN 4245924 AND 4246923 ORDER BY c
	Sort  (cost=3953.60..3956.12 rows=1007 width=121)
	  Sort Key: c
	  ->  Bitmap Heap Scan on sbtest2  (cost=34.76..3903.37 rows=1007 width=121)
	        Recheck Cond: ((id >= 4245924) AND (id <= 4246923))
	        ->  Bitmap Index Scan on sbtest2_pkey  (cost=0.00..34.51 rows=1007 width=0)
	              Index Cond: ((id >= 4245924) AND (id <= 4246923))

table 3 : explain SELECT c FROM sbtest3 WHERE id BETWEEN 7966672 AND 7967671 ORDER BY c
	Sort  (cost=3837.49..3839.93 rows=976 width=121)
	  Sort Key: c
	  ->  Bitmap Heap Scan on sbtest3  (cost=34.44..3789.03 rows=976 width=121)
	        Recheck Cond: ((id >= 7966672) AND (id <= 7967671))
	        ->  Bitmap Index Scan on sbtest3_pkey  (cost=0.00..34.20 rows=976 width=0)
	              Index Cond: ((id >= 7966672) AND (id <= 7967671))

table 4 : explain SELECT c FROM sbtest4 WHERE id BETWEEN 386557 AND 387556 ORDER BY c
	Sort  (cost=4131.61..4134.24 rows=1052 width=121)
	  Sort Key: c
	  ->  Bitmap Heap Scan on sbtest4  (cost=35.22..4078.80 rows=1052 width=121)
	        Recheck Cond: ((id >= 386557) AND (id <= 387556))
	        ->  Bitmap Index Scan on sbtest4_pkey  (cost=0.00..34.95 rows=1052 width=0)
	              Index Cond: ((id >= 386557) AND (id <= 387556))

table 5 : explain SELECT c FROM sbtest5 WHERE id BETWEEN 4821583 AND 4822582 ORDER BY c
	Sort  (cost=3882.23..3884.71 rows=989 width=121)
	  Sort Key: c
	  ->  Bitmap Heap Scan on sbtest5  (cost=34.57..3833.03 rows=989 width=121)
	        Recheck Cond: ((id >= 4821583) AND (id <= 4822582))
	        ->  Bitmap Index Scan on sbtest5_pkey  (cost=0.00..34.33 rows=989 width=0)
	              Index Cond: ((id >= 4821583) AND (id <= 4822582))

table 6 : explain SELECT c FROM sbtest6 WHERE id BETWEEN 5001003 AND 5002002 ORDER BY c
	Sort  (cost=3628.07..3630.37 rows=922 width=121)
	  Sort Key: c
	  ->  Bitmap Heap Scan on sbtest6  (cost=33.89..3582.67 rows=922 width=121)
	        Recheck Cond: ((id >= 5001003) AND (id <= 5002002))
	        ->  Bitmap Index Scan on sbtest6_pkey  (cost=0.00..33.66 rows=922 width=0)
	              Index Cond: ((id >= 5001003) AND (id <= 5002002))

table 7 : explain SELECT c FROM sbtest7 WHERE id BETWEEN 6379296 AND 6380295 ORDER BY c
	Sort  (cost=3940.56..3943.06 rows=1002 width=121)
	  Sort Key: c
	  ->  Bitmap Heap Scan on sbtest7  (cost=34.71..3890.62 rows=1002 width=121)
	        Recheck Cond: ((id >= 6379296) AND (id <= 6380295))
	        ->  Bitmap Index Scan on sbtest7_pkey  (cost=0.00..34.45 rows=1002 width=0)
	              Index Cond: ((id >= 6379296) AND (id <= 6380295))

table 8 : explain SELECT c FROM sbtest8 WHERE id BETWEEN 6052220 AND 6053219 ORDER BY c
	Sort  (cost=3912.71..3915.18 rows=986 width=121)
	  Sort Key: c
	  ->  Index Scan using sbtest8_pkey on sbtest8  (cost=0.43..3863.68 rows=986 width=121)
	        Index Cond: ((id >= 6052220) AND (id <= 6053219))

for: sum_ranges
table 1 : explain SELECT SUM(k) FROM sbtest1 WHERE id BETWEEN 5937790 AND 5938789
	Aggregate  (cost=3989.85..3989.86 rows=1 width=8)
	  ->  Bitmap Heap Scan on sbtest1  (cost=34.98..3987.28 rows=1029 width=4)
	        Recheck Cond: ((id >= 5937790) AND (id <= 5938789))
	        ->  Bitmap Index Scan on sbtest1_pkey  (cost=0.00..34.73 rows=1029 width=0)
	              Index Cond: ((id >= 5937790) AND (id <= 5938789))

table 2 : explain SELECT SUM(k) FROM sbtest2 WHERE id BETWEEN 3525389 AND 3526388
	Aggregate  (cost=3690.59..3690.60 rows=1 width=8)
	  ->  Bitmap Heap Scan on sbtest2  (cost=34.17..3688.21 rows=950 width=4)
	        Recheck Cond: ((id >= 3525389) AND (id <= 3526388))
	        ->  Bitmap Index Scan on sbtest2_pkey  (cost=0.00..33.94 rows=950 width=0)
	              Index Cond: ((id >= 3525389) AND (id <= 3526388))

table 3 : explain SELECT SUM(k) FROM sbtest3 WHERE id BETWEEN 8667893 AND 8668892
	Aggregate  (cost=4037.00..4037.01 rows=1 width=8)
	  ->  Bitmap Heap Scan on sbtest3  (cost=35.11..4034.40 rows=1041 width=4)
	        Recheck Cond: ((id >= 8667893) AND (id <= 8668892))
	        ->  Bitmap Index Scan on sbtest3_pkey  (cost=0.00..34.84 rows=1041 width=0)
	              Index Cond: ((id >= 8667893) AND (id <= 8668892))

table 4 : explain SELECT SUM(k) FROM sbtest4 WHERE id BETWEEN 7028618 AND 7029617
	Aggregate  (cost=4549.05..4549.06 rows=1 width=8)
	  ->  Bitmap Heap Scan on sbtest4  (cost=40.49..4546.11 rows=1176 width=4)
	        Recheck Cond: ((id >= 7028618) AND (id <= 7029617))
	        ->  Bitmap Index Scan on sbtest4_pkey  (cost=0.00..40.20 rows=1176 width=0)
	              Index Cond: ((id >= 7028618) AND (id <= 7029617))

table 5 : explain SELECT SUM(k) FROM sbtest5 WHERE id BETWEEN 4459558 AND 4460557
	Aggregate  (cost=3703.40..3703.41 rows=1 width=8)
	  ->  Bitmap Heap Scan on sbtest5  (cost=34.21..3701.02 rows=954 width=4)
	        Recheck Cond: ((id >= 4459558) AND (id <= 4460557))
	        ->  Bitmap Index Scan on sbtest5_pkey  (cost=0.00..33.98 rows=954 width=0)
	              Index Cond: ((id >= 4459558) AND (id <= 4460557))

table 6 : explain SELECT SUM(k) FROM sbtest6 WHERE id BETWEEN 5557731 AND 5558730
	Aggregate  (cost=4038.24..4038.25 rows=1 width=8)
	  ->  Bitmap Heap Scan on sbtest6  (cost=35.12..4035.64 rows=1042 width=4)
	        Recheck Cond: ((id >= 5557731) AND (id <= 5558730))
	        ->  Bitmap Index Scan on sbtest6_pkey  (cost=0.00..34.86 rows=1042 width=0)
	              Index Cond: ((id >= 5557731) AND (id <= 5558730))

table 7 : explain SELECT SUM(k) FROM sbtest7 WHERE id BETWEEN 2257566 AND 2258565
	Aggregate  (cost=4331.41..4331.42 rows=1 width=8)
	  ->  Bitmap Heap Scan on sbtest7  (cost=39.88..4328.62 rows=1117 width=4)
	        Recheck Cond: ((id >= 2257566) AND (id <= 2258565))
	        ->  Bitmap Index Scan on sbtest7_pkey  (cost=0.00..39.61 rows=1117 width=0)
	              Index Cond: ((id >= 2257566) AND (id <= 2258565))

table 8 : explain SELECT SUM(k) FROM sbtest8 WHERE id BETWEEN 9525184 AND 9526183
	Aggregate  (cost=3737.45..3737.46 rows=1 width=8)
	  ->  Index Scan using sbtest8_pkey on sbtest8  (cost=0.43..3735.06 rows=953 width=4)
	        Index Cond: ((id >= 9525184) AND (id <= 9526183))

for: distinct_ranges
table 1 : explain SELECT DISTINCT c FROM sbtest1 WHERE id BETWEEN 7701235 AND 7702234 ORDER BY c
	Unique  (cost=4050.25..4055.41 rows=1032 width=121)
	  ->  Sort  (cost=4050.25..4052.83 rows=1032 width=121)
	        Sort Key: c
	        ->  Bitmap Heap Scan on sbtest1  (cost=35.01..3998.59 rows=1032 width=121)
	              Recheck Cond: ((id >= 7701235) AND (id <= 7702234))
	              ->  Bitmap Index Scan on sbtest1_pkey  (cost=0.00..34.76 rows=1032 width=0)
	                    Index Cond: ((id >= 7701235) AND (id <= 7702234))

table 2 : explain SELECT DISTINCT c FROM sbtest2 WHERE id BETWEEN 1142413 AND 1143412 ORDER BY c
	Unique  (cost=4033.96..4039.10 rows=1028 width=121)
	  ->  Sort  (cost=4033.96..4036.53 rows=1028 width=121)
	        Sort Key: c
	        ->  Bitmap Heap Scan on sbtest2  (cost=34.97..3982.54 rows=1028 width=121)
	              Recheck Cond: ((id >= 1142413) AND (id <= 1143412))
	              ->  Bitmap Index Scan on sbtest2_pkey  (cost=0.00..34.72 rows=1028 width=0)
	                    Index Cond: ((id >= 1142413) AND (id <= 1143412))

table 3 : explain SELECT DISTINCT c FROM sbtest3 WHERE id BETWEEN 10600 AND 11599 ORDER BY c
	Unique  (cost=3952.51..3957.54 rows=1006 width=121)
	  ->  Sort  (cost=3952.51..3955.03 rows=1006 width=121)
	        Sort Key: c
	        ->  Bitmap Heap Scan on sbtest3  (cost=34.75..3902.34 rows=1006 width=121)
	              Recheck Cond: ((id >= 10600) AND (id <= 11599))
	              ->  Bitmap Index Scan on sbtest3_pkey  (cost=0.00..34.50 rows=1006 width=0)
	                    Index Cond: ((id >= 10600) AND (id <= 11599))

table 4 : explain SELECT DISTINCT c FROM sbtest4 WHERE id BETWEEN 5658270 AND 5659269 ORDER BY c
	Unique  (cost=3936.07..3941.07 rows=1001 width=121)
	  ->  Sort  (cost=3936.07..3938.57 rows=1001 width=121)
	        Sort Key: c
	        ->  Bitmap Heap Scan on sbtest4  (cost=34.70..3886.18 rows=1001 width=121)
	              Recheck Cond: ((id >= 5658270) AND (id <= 5659269))
	              ->  Bitmap Index Scan on sbtest4_pkey  (cost=0.00..34.45 rows=1001 width=0)
	                    Index Cond: ((id >= 5658270) AND (id <= 5659269))

table 5 : explain SELECT DISTINCT c FROM sbtest5 WHERE id BETWEEN 1760546 AND 1761545 ORDER BY c
	Unique  (cost=3847.79..3852.69 rows=980 width=121)
	  ->  Sort  (cost=3847.79..3850.24 rows=980 width=121)
	        Sort Key: c
	        ->  Bitmap Heap Scan on sbtest5  (cost=34.48..3799.10 rows=980 width=121)
	              Recheck Cond: ((id >= 1760546) AND (id <= 1761545))
	              ->  Bitmap Index Scan on sbtest5_pkey  (cost=0.00..34.23 rows=980 width=0)
	                    Index Cond: ((id >= 1760546) AND (id <= 1761545))

table 6 : explain SELECT DISTINCT c FROM sbtest6 WHERE id BETWEEN 8006219 AND 8007218 ORDER BY c
	Unique  (cost=4061.09..4066.27 rows=1035 width=121)
	  ->  Sort  (cost=4061.09..4063.68 rows=1035 width=121)
	        Sort Key: c
	        ->  Bitmap Heap Scan on sbtest6  (cost=35.04..4009.26 rows=1035 width=121)
	              Recheck Cond: ((id >= 8006219) AND (id <= 8007218))
	              ->  Bitmap Index Scan on sbtest6_pkey  (cost=0.00..34.79 rows=1035 width=0)
	                    Index Cond: ((id >= 8006219) AND (id <= 8007218))

table 7 : explain SELECT DISTINCT c FROM sbtest7 WHERE id BETWEEN 7517051 AND 7518050 ORDER BY c
	Unique  (cost=3955.91..3960.94 rows=1006 width=121)
	  ->  Sort  (cost=3955.91..3958.42 rows=1006 width=121)
	        Sort Key: c
	        ->  Bitmap Heap Scan on sbtest7  (cost=34.75..3905.74 rows=1006 width=121)
	              Recheck Cond: ((id >= 7517051) AND (id <= 7518050))
	              ->  Bitmap Index Scan on sbtest7_pkey  (cost=0.00..34.50 rows=1006 width=0)
	                    Index Cond: ((id >= 7517051) AND (id <= 7518050))

table 8 : explain SELECT DISTINCT c FROM sbtest8 WHERE id BETWEEN 6567536 AND 6568535 ORDER BY c
	Unique  (cost=4245.38..4250.79 rows=1082 width=121)
	  ->  Sort  (cost=4245.38..4248.08 rows=1082 width=121)
	        Sort Key: c
	        ->  Bitmap Heap Scan on sbtest8  (cost=35.53..4190.85 rows=1082 width=121)
	              Recheck Cond: ((id >= 6567536) AND (id <= 6568535))
	              ->  Bitmap Index Scan on sbtest8_pkey  (cost=0.00..35.26 rows=1082 width=0)
	                    Index Cond: ((id >= 6567536) AND (id <= 6568535))

for: order_ranges
table 1 : explain SELECT c FROM sbtest1 WHERE id BETWEEN 3598757 AND 3599756 ORDER BY c
	Sort  (cost=3989.01..3991.55 rows=1016 width=121)
	  Sort Key: c
	  ->  Bitmap Heap Scan on sbtest1  (cost=34.85..3938.27 rows=1016 width=121)
	        Recheck Cond: ((id >= 3598757) AND (id <= 3599756))
	        ->  Bitmap Index Scan on sbtest1_pkey  (cost=0.00..34.59 rows=1016 width=0)
	              Index Cond: ((id >= 3598757) AND (id <= 3599756))

table 2 : explain SELECT c FROM sbtest2 WHERE id BETWEEN 264220 AND 265219 ORDER BY c
	Sort  (cost=3712.19..3714.55 rows=944 width=121)
	  Sort Key: c
	  ->  Bitmap Heap Scan on sbtest2  (cost=34.11..3665.54 rows=944 width=121)
	        Recheck Cond: ((id >= 264220) AND (id <= 265219))
	        ->  Bitmap Index Scan on sbtest2_pkey  (cost=0.00..33.88 rows=944 width=0)
	              Index Cond: ((id >= 264220) AND (id <= 265219))

table 3 : explain SELECT c FROM sbtest3 WHERE id BETWEEN 2469469 AND 2470468 ORDER BY c
	Sort  (cost=4048.29..4050.86 rows=1031 width=121)
	  Sort Key: c
	  ->  Bitmap Heap Scan on sbtest3  (cost=35.00..3996.68 rows=1031 width=121)
	        Recheck Cond: ((id >= 2469469) AND (id <= 2470468))
	        ->  Bitmap Index Scan on sbtest3_pkey  (cost=0.00..34.75 rows=1031 width=0)
	              Index Cond: ((id >= 2469469) AND (id <= 2470468))

table 4 : explain SELECT c FROM sbtest4 WHERE id BETWEEN 2461717 AND 2462716 ORDER BY c
	Sort  (cost=3928.39..3930.89 rows=999 width=121)
	  Sort Key: c
	  ->  Bitmap Heap Scan on sbtest4  (cost=34.67..3878.62 rows=999 width=121)
	        Recheck Cond: ((id >= 2461717) AND (id <= 2462716))
	        ->  Bitmap Index Scan on sbtest4_pkey  (cost=0.00..34.43 rows=999 width=0)
	              Index Cond: ((id >= 2461717) AND (id <= 2462716))

table 5 : explain SELECT c FROM sbtest5 WHERE id BETWEEN 8056371 AND 8057370 ORDER BY c
	Sort  (cost=3962.57..3965.09 rows=1010 width=121)
	  Sort Key: c
	  ->  Bitmap Heap Scan on sbtest5  (cost=34.79..3912.17 rows=1010 width=121)
	        Recheck Cond: ((id >= 8056371) AND (id <= 8057370))
	        ->  Bitmap Index Scan on sbtest5_pkey  (cost=0.00..34.54 rows=1010 width=0)
	              Index Cond: ((id >= 8056371) AND (id <= 8057370))

table 6 : explain SELECT c FROM sbtest6 WHERE id BETWEEN 9690002 AND 9691001 ORDER BY c
	Sort  (cost=3904.16..3906.64 rows=994 width=121)
	  Sort Key: c
	  ->  Bitmap Heap Scan on sbtest6  (cost=34.62..3854.67 rows=994 width=121)
	        Recheck Cond: ((id >= 9690002) AND (id <= 9691001))
	        ->  Bitmap Index Scan on sbtest6_pkey  (cost=0.00..34.38 rows=994 width=0)
	              Index Cond: ((id >= 9690002) AND (id <= 9691001))

table 7 : explain SELECT c FROM sbtest7 WHERE id BETWEEN 4693117 AND 4694116 ORDER BY c
	Sort  (cost=3475.17..3477.38 rows=882 width=121)
	  Sort Key: c
	  ->  Bitmap Heap Scan on sbtest7  (cost=29.48..3432.02 rows=882 width=121)
	        Recheck Cond: ((id >= 4693117) AND (id <= 4694116))
	        ->  Bitmap Index Scan on sbtest7_pkey  (cost=0.00..29.25 rows=882 width=0)
	              Index Cond: ((id >= 4693117) AND (id <= 4694116))

table 8 : explain SELECT c FROM sbtest8 WHERE id BETWEEN 8373007 AND 8374006 ORDER BY c
	Sort  (cost=4053.92..4056.50 rows=1032 width=121)
	  Sort Key: c
	  ->  Bitmap Heap Scan on sbtest8  (cost=35.01..4002.26 rows=1032 width=121)
	        Recheck Cond: ((id >= 8373007) AND (id <= 8374006))
	        ->  Bitmap Index Scan on sbtest8_pkey  (cost=0.00..34.76 rows=1032 width=0)
	              Index Cond: ((id >= 8373007) AND (id <= 8374006))

for: distinct_ranges
table 1 : explain SELECT DISTINCT c FROM sbtest1 WHERE id BETWEEN 9778846 AND 9779845 ORDER BY c
	Unique  (cost=3939.23..3944.24 rows=1003 width=121)
	  ->  Sort  (cost=3939.23..3941.73 rows=1003 width=121)
	        Sort Key: c
	        ->  Bitmap Heap Scan on sbtest1  (cost=34.72..3889.23 rows=1003 width=121)
	              Recheck Cond: ((id >= 9778846) AND (id <= 9779845))
	              ->  Bitmap Index Scan on sbtest1_pkey  (cost=0.00..34.47 rows=1003 width=0)
	                    Index Cond: ((id >= 9778846) AND (id <= 9779845))

table 2 : explain SELECT DISTINCT c FROM sbtest2 WHERE id BETWEEN 1872968 AND 1873967 ORDER BY c
	Unique  (cost=3769.71..3774.51 rows=959 width=121)
	  ->  Sort  (cost=3769.71..3772.11 rows=959 width=121)
	        Sort Key: c
	        ->  Bitmap Heap Scan on sbtest2  (cost=34.26..3722.21 rows=959 width=121)
	              Recheck Cond: ((id >= 1872968) AND (id <= 1873967))
	              ->  Bitmap Index Scan on sbtest2_pkey  (cost=0.00..34.03 rows=959 width=0)
	                    Index Cond: ((id >= 1872968) AND (id <= 1873967))

table 3 : explain SELECT DISTINCT c FROM sbtest3 WHERE id BETWEEN 2419861 AND 2420860 ORDER BY c
	Unique  (cost=4048.29..4053.44 rows=1031 width=121)
	  ->  Sort  (cost=4048.29..4050.86 rows=1031 width=121)
	        Sort Key: c
	        ->  Bitmap Heap Scan on sbtest3  (cost=35.00..3996.68 rows=1031 width=121)
	              Recheck Cond: ((id >= 2419861) AND (id <= 2420860))
	              ->  Bitmap Index Scan on sbtest3_pkey  (cost=0.00..34.75 rows=1031 width=0)
	                    Index Cond: ((id >= 2419861) AND (id <= 2420860))

table 4 : explain SELECT DISTINCT c FROM sbtest4 WHERE id BETWEEN 9498296 AND 9499295 ORDER BY c
	Unique  (cost=4066.46..4071.63 rows=1035 width=121)
	  ->  Sort  (cost=4066.46..4069.05 rows=1035 width=121)
	        Sort Key: c
	        ->  Bitmap Heap Scan on sbtest4  (cost=35.04..4014.63 rows=1035 width=121)
	              Recheck Cond: ((id >= 9498296) AND (id <= 9499295))
	              ->  Bitmap Index Scan on sbtest4_pkey  (cost=0.00..34.79 rows=1035 width=0)
	                    Index Cond: ((id >= 9498296) AND (id <= 9499295))

table 5 : explain SELECT DISTINCT c FROM sbtest5 WHERE id BETWEEN 2277731 AND 2278730 ORDER BY c
	Unique  (cost=3617.91..3622.51 rows=920 width=121)
	  ->  Sort  (cost=3617.91..3620.21 rows=920 width=121)
	        Sort Key: c
	        ->  Bitmap Heap Scan on sbtest5  (cost=33.87..3572.62 rows=920 width=121)
	              Recheck Cond: ((id >= 2277731) AND (id <= 2278730))
	              ->  Bitmap Index Scan on sbtest5_pkey  (cost=0.00..33.64 rows=920 width=0)
	                    Index Cond: ((id >= 2277731) AND (id <= 2278730))

table 6 : explain SELECT DISTINCT c FROM sbtest6 WHERE id BETWEEN 9309153 AND 9310152 ORDER BY c
	Unique  (cost=3831.36..3836.24 rows=975 width=121)
	  ->  Sort  (cost=3831.36..3833.80 rows=975 width=121)
	        Sort Key: c
	        ->  Bitmap Heap Scan on sbtest6  (cost=34.43..3782.96 rows=975 width=121)
	              Recheck Cond: ((id >= 9309153) AND (id <= 9310152))
	              ->  Bitmap Index Scan on sbtest6_pkey  (cost=0.00..34.19 rows=975 width=0)
	                    Index Cond: ((id >= 9309153) AND (id <= 9310152))

table 7 : explain SELECT DISTINCT c FROM sbtest7 WHERE id BETWEEN 4160232 AND 4161231 ORDER BY c
	Unique  (cost=4373.69..4379.26 rows=1114 width=121)
	  ->  Sort  (cost=4373.69..4376.48 rows=1114 width=121)
	        Sort Key: c
	        ->  Bitmap Heap Scan on sbtest7  (cost=39.85..4317.31 rows=1114 width=121)
	              Recheck Cond: ((id >= 4160232) AND (id <= 4161231))
	              ->  Bitmap Index Scan on sbtest7_pkey  (cost=0.00..39.58 rows=1114 width=0)
	                    Index Cond: ((id >= 4160232) AND (id <= 4161231))

table 8 : explain SELECT DISTINCT c FROM sbtest8 WHERE id BETWEEN 2889632 AND 2890631 ORDER BY c
	Unique  (cost=4199.45..4204.80 rows=1070 width=121)
	  ->  Sort  (cost=4199.45..4202.13 rows=1070 width=121)
	        Sort Key: c
	        ->  Bitmap Heap Scan on sbtest8  (cost=35.40..4145.61 rows=1070 width=121)
	              Recheck Cond: ((id >= 2889632) AND (id <= 2890631))
	              ->  Bitmap Index Scan on sbtest8_pkey  (cost=0.00..35.14 rows=1070 width=0)
	                    Index Cond: ((id >= 2889632) AND (id <= 2890631))

Threads started!

Warming up for 5 seconds...

SQL statistics:
    queries performed:
        read:                            161683998
        write:                           0
        other:                           29397116
        total:                           191081114
    transactions:                        14698578 (23330.69 per sec.)
    queries:                             191081114 (303298.35 per sec.)
    ignored errors:                      0      (0.00 per sec.)
    reconnects:                          0      (0.00 per sec.)

Throughput:
    events/s (eps):                      23330.6914
    time elapsed:                        630.0105s
    total number of events:              14698578

Latency (ms):
         min:                                    0.49
         avg:                                    1.71
         max:                                   17.84
         95th percentile:                        1.82
         sum:                             25186999.20

Threads fairness:
    events (avg/stddev):           367463.9750/901.08
    execution time (avg/stddev):   629.6750/0.01

