LUA_PATH=/home/mdcallag/git/mytools/bench/sysbench.lua/lua/?.lua /home/mdcallag/git/mytools/bench/sysbench.lua/lua/sysbench --db-driver=pgsql --range-size=10 --table-size=10000000 --tables=8 --threads=40 --events=0 --warmup-time=5 --time=630 --pgsql_conn_id=true /home/mdcallag/git/mytools/bench/sysbench.lua/lua/oltp_inlist_select.lua run --pgsql-user=root --pgsql-password=pw --pgsql-host=127.0.0.1 --pgsql-db=ib --rand-type=uniform --random-points=10 --skip-trx
48 CPUs
sysbench 1.1.0-9072687 (using bundled LuaJIT 2.1.0-beta3)

Running the test with following options:
Number of threads: 40
Warmup time: 5s
Initializing random number generator from current time


Initializing worker threads...

explain: for select-inlist :: explain SELECT c FROM sbtest%d WHERE id IN ( 9806458, 9214552, 3245840, 9215894, 5785004, 7665658, 1856478, 450727, 7219184, 4114641)
for select-inlist
table 1 : explain SELECT c FROM sbtest1 WHERE id IN ( 9806458, 9214552, 3245840, 9215894, 5785004, 7665658, 1856478, 450727, 7219184, 4114641)
	Index Scan using sbtest1_pkey on sbtest1  (cost=0.43..83.56 rows=10 width=121)
	  Index Cond: (id = ANY ('{9806458,9214552,3245840,9215894,5785004,7665658,1856478,450727,7219184,4114641}'::integer[]))

table 2 : explain SELECT c FROM sbtest2 WHERE id IN ( 9806458, 9214552, 3245840, 9215894, 5785004, 7665658, 1856478, 450727, 7219184, 4114641)
	Index Scan using sbtest2_pkey on sbtest2  (cost=0.43..83.85 rows=10 width=121)
	  Index Cond: (id = ANY ('{9806458,9214552,3245840,9215894,5785004,7665658,1856478,450727,7219184,4114641}'::integer[]))

table 3 : explain SELECT c FROM sbtest3 WHERE id IN ( 9806458, 9214552, 3245840, 9215894, 5785004, 7665658, 1856478, 450727, 7219184, 4114641)
	Index Scan using sbtest3_pkey on sbtest3  (cost=0.43..83.65 rows=10 width=121)
	  Index Cond: (id = ANY ('{9806458,9214552,3245840,9215894,5785004,7665658,1856478,450727,7219184,4114641}'::integer[]))

table 4 : explain SELECT c FROM sbtest4 WHERE id IN ( 9806458, 9214552, 3245840, 9215894, 5785004, 7665658, 1856478, 450727, 7219184, 4114641)
	Index Scan using sbtest4_pkey on sbtest4  (cost=0.43..83.63 rows=10 width=121)
	  Index Cond: (id = ANY ('{9806458,9214552,3245840,9215894,5785004,7665658,1856478,450727,7219184,4114641}'::integer[]))

table 5 : explain SELECT c FROM sbtest5 WHERE id IN ( 9806458, 9214552, 3245840, 9215894, 5785004, 7665658, 1856478, 450727, 7219184, 4114641)
	Index Scan using sbtest5_pkey on sbtest5  (cost=0.43..83.63 rows=10 width=121)
	  Index Cond: (id = ANY ('{9806458,9214552,3245840,9215894,5785004,7665658,1856478,450727,7219184,4114641}'::integer[]))

table 6 : explain SELECT c FROM sbtest6 WHERE id IN ( 9806458, 9214552, 3245840, 9215894, 5785004, 7665658, 1856478, 450727, 7219184, 4114641)
	Index Scan using sbtest6_pkey on sbtest6  (cost=0.43..83.63 rows=10 width=121)
	  Index Cond: (id = ANY ('{9806458,9214552,3245840,9215894,5785004,7665658,1856478,450727,7219184,4114641}'::integer[]))

table 7 : explain SELECT c FROM sbtest7 WHERE id IN ( 9806458, 9214552, 3245840, 9215894, 5785004, 7665658, 1856478, 450727, 7219184, 4114641)
	Index Scan using sbtest7_pkey on sbtest7  (cost=0.43..83.56 rows=10 width=121)
	  Index Cond: (id = ANY ('{9806458,9214552,3245840,9215894,5785004,7665658,1856478,450727,7219184,4114641}'::integer[]))

table 8 : explain SELECT c FROM sbtest8 WHERE id IN ( 9806458, 9214552, 3245840, 9215894, 5785004, 7665658, 1856478, 450727, 7219184, 4114641)
	Index Scan using sbtest8_pkey on sbtest8  (cost=0.43..83.41 rows=10 width=121)
	  Index Cond: (id = ANY ('{9806458,9214552,3245840,9215894,5785004,7665658,1856478,450727,7219184,4114641}'::integer[]))

explain: for select-inlist :: explain SELECT c FROM sbtest%d WHERE id IN ( 84200, 4929847, 4017280, 182174, 7270867, 6562972, 9417344, 7177227, 8255039, 4524069)
explain: for select-inlist :: explain SELECT c FROM sbtest%d WHERE id IN ( 7007428, 141347, 7308517, 1441628, 1808317, 5281107, 6183928, 633135, 9765803, 8892780)
for select-inlist
table 1 : explain SELECT c FROM sbtest1 WHERE id IN ( 7007428, 141347, 7308517, 1441628, 1808317, 5281107, 6183928, 633135, 9765803, 8892780)
	Index Scan using sbtest1_pkey on sbtest1  (cost=0.43..83.56 rows=10 width=121)
	  Index Cond: (id = ANY ('{7007428,141347,7308517,1441628,1808317,5281107,6183928,633135,9765803,8892780}'::integer[]))

table 2 : explain SELECT c FROM sbtest2 WHERE id IN ( 7007428, 141347, 7308517, 1441628, 1808317, 5281107, 6183928, 633135, 9765803, 8892780)
	Index Scan using sbtest2_pkey on sbtest2  (cost=0.43..83.85 rows=10 width=121)
	  Index Cond: (id = ANY ('{7007428,141347,7308517,1441628,1808317,5281107,6183928,633135,9765803,8892780}'::integer[]))

table 3 : explain SELECT c FROM sbtest3 WHERE id IN ( 7007428, 141347, 7308517, 1441628, 1808317, 5281107, 6183928, 633135, 9765803, 8892780)
	Index Scan using sbtest3_pkey on sbtest3  (cost=0.43..83.65 rows=10 width=121)
	  Index Cond: (id = ANY ('{7007428,141347,7308517,1441628,1808317,5281107,6183928,633135,9765803,8892780}'::integer[]))

table 4 : explain SELECT c FROM sbtest4 WHERE id IN ( 7007428, 141347, 7308517, 1441628, 1808317, 5281107, 6183928, 633135, 9765803, 8892780)
	Index Scan using sbtest4_pkey on sbtest4  (cost=0.43..83.63 rows=10 width=121)
	  Index Cond: (id = ANY ('{7007428,141347,7308517,1441628,1808317,5281107,6183928,633135,9765803,8892780}'::integer[]))

table 5 : explain SELECT c FROM sbtest5 WHERE id IN ( 7007428, 141347, 7308517, 1441628, 1808317, 5281107, 6183928, 633135, 9765803, 8892780)
	Index Scan using sbtest5_pkey on sbtest5  (cost=0.43..83.63 rows=10 width=121)
	  Index Cond: (id = ANY ('{7007428,141347,7308517,1441628,1808317,5281107,6183928,633135,9765803,8892780}'::integer[]))

table 6 : explain SELECT c FROM sbtest6 WHERE id IN ( 7007428, 141347, 7308517, 1441628, 1808317, 5281107, 6183928, 633135, 9765803, 8892780)
	Index Scan using sbtest6_pkey on sbtest6  (cost=0.43..83.63 rows=10 width=121)
	  Index Cond: (id = ANY ('{7007428,141347,7308517,1441628,1808317,5281107,6183928,633135,9765803,8892780}'::integer[]))

table 7 : explain SELECT c FROM sbtest7 WHERE id IN ( 7007428, 141347, 7308517, 1441628, 1808317, 5281107, 6183928, 633135, 9765803, 8892780)
	Index Scan using sbtest7_pkey on sbtest7  (cost=0.43..83.56 rows=10 width=121)
	  Index Cond: (id = ANY ('{7007428,141347,7308517,1441628,1808317,5281107,6183928,633135,9765803,8892780}'::integer[]))

table 8 : explain SELECT c FROM sbtest8 WHERE id IN ( 7007428, 141347, 7308517, 1441628, 1808317, 5281107, 6183928, 633135, 9765803, 8892780)
	Index Scan using sbtest8_pkey on sbtest8  (cost=0.43..83.41 rows=10 width=121)
	  Index Cond: (id = ANY ('{7007428,141347,7308517,1441628,1808317,5281107,6183928,633135,9765803,8892780}'::integer[]))

for select-inlist
table 1 : explain SELECT c FROM sbtest1 WHERE id IN ( 84200, 4929847, 4017280, 182174, 7270867, 6562972, 9417344, 7177227, 8255039, 4524069)
	Index Scan using sbtest1_pkey on sbtest1  (cost=0.43..83.56 rows=10 width=121)
	  Index Cond: (id = ANY ('{84200,4929847,4017280,182174,7270867,6562972,9417344,7177227,8255039,4524069}'::integer[]))

table 2 : explain SELECT c FROM sbtest2 WHERE id IN ( 84200, 4929847, 4017280, 182174, 7270867, 6562972, 9417344, 7177227, 8255039, 4524069)
	Index Scan using sbtest2_pkey on sbtest2  (cost=0.43..83.85 rows=10 width=121)
	  Index Cond: (id = ANY ('{84200,4929847,4017280,182174,7270867,6562972,9417344,7177227,8255039,4524069}'::integer[]))

table 3 : explain SELECT c FROM sbtest3 WHERE id IN ( 84200, 4929847, 4017280, 182174, 7270867, 6562972, 9417344, 7177227, 8255039, 4524069)
	Index Scan using sbtest3_pkey on sbtest3  (cost=0.43..83.65 rows=10 width=121)
	  Index Cond: (id = ANY ('{84200,4929847,4017280,182174,7270867,6562972,9417344,7177227,8255039,4524069}'::integer[]))

table 4 : explain SELECT c FROM sbtest4 WHERE id IN ( 84200, 4929847, 4017280, 182174, 7270867, 6562972, 9417344, 7177227, 8255039, 4524069)
	Index Scan using sbtest4_pkey on sbtest4  (cost=0.43..83.63 rows=10 width=121)
	  Index Cond: (id = ANY ('{84200,4929847,4017280,182174,7270867,6562972,9417344,7177227,8255039,4524069}'::integer[]))

table 5 : explain SELECT c FROM sbtest5 WHERE id IN ( 84200, 4929847, 4017280, 182174, 7270867, 6562972, 9417344, 7177227, 8255039, 4524069)
	Index Scan using sbtest5_pkey on sbtest5  (cost=0.43..83.63 rows=10 width=121)
	  Index Cond: (id = ANY ('{84200,4929847,4017280,182174,7270867,6562972,9417344,7177227,8255039,4524069}'::integer[]))

table 6 : explain SELECT c FROM sbtest6 WHERE id IN ( 84200, 4929847, 4017280, 182174, 7270867, 6562972, 9417344, 7177227, 8255039, 4524069)
	Index Scan using sbtest6_pkey on sbtest6  (cost=0.43..83.63 rows=10 width=121)
	  Index Cond: (id = ANY ('{84200,4929847,4017280,182174,7270867,6562972,9417344,7177227,8255039,4524069}'::integer[]))

table 7 : explain SELECT c FROM sbtest7 WHERE id IN ( 84200, 4929847, 4017280, 182174, 7270867, 6562972, 9417344, 7177227, 8255039, 4524069)
	Index Scan using sbtest7_pkey on sbtest7  (cost=0.43..83.56 rows=10 width=121)
	  Index Cond: (id = ANY ('{84200,4929847,4017280,182174,7270867,6562972,9417344,7177227,8255039,4524069}'::integer[]))

table 8 : explain SELECT c FROM sbtest8 WHERE id IN ( 84200, 4929847, 4017280, 182174, 7270867, 6562972, 9417344, 7177227, 8255039, 4524069)
	Index Scan using sbtest8_pkey on sbtest8  (cost=0.43..83.41 rows=10 width=121)
	  Index Cond: (id = ANY ('{84200,4929847,4017280,182174,7270867,6562972,9417344,7177227,8255039,4524069}'::integer[]))

explain: for select-inlist :: explain SELECT c FROM sbtest%d WHERE id IN ( 5896811, 5053735, 7864495, 1478935, 2316546, 3511988, 2663947, 5489549, 9982335, 2082596)
explain: for select-inlist :: explain SELECT c FROM sbtest%d WHERE id IN ( 8904466, 2804349, 4156874, 894869, 4412644, 1439744, 8129980, 7287027, 122786, 4254299)
explain: for select-inlist :: explain SELECT c FROM sbtest%d WHERE id IN ( 4137444, 6474119, 9255071, 7147907, 9310464, 3131201, 6361237, 696500, 3896678, 8058328)
for select-inlist
table 1 : explain SELECT c FROM sbtest1 WHERE id IN ( 5896811, 5053735, 7864495, 1478935, 2316546, 3511988, 2663947, 5489549, 9982335, 2082596)
	Index Scan using sbtest1_pkey on sbtest1  (cost=0.43..83.56 rows=10 width=121)
	  Index Cond: (id = ANY ('{5896811,5053735,7864495,1478935,2316546,3511988,2663947,5489549,9982335,2082596}'::integer[]))

table 2 : explain SELECT c FROM sbtest2 WHERE id IN ( 5896811, 5053735, 7864495, 1478935, 2316546, 3511988, 2663947, 5489549, 9982335, 2082596)
	Index Scan using sbtest2_pkey on sbtest2  (cost=0.43..83.85 rows=10 width=121)
	  Index Cond: (id = ANY ('{5896811,5053735,7864495,1478935,2316546,3511988,2663947,5489549,9982335,2082596}'::integer[]))

table 3 : explain SELECT c FROM sbtest3 WHERE id IN ( 5896811, 5053735, 7864495, 1478935, 2316546, 3511988, 2663947, 5489549, 9982335, 2082596)
	Index Scan using sbtest3_pkey on sbtest3  (cost=0.43..83.65 rows=10 width=121)
	  Index Cond: (id = ANY ('{5896811,5053735,7864495,1478935,2316546,3511988,2663947,5489549,9982335,2082596}'::integer[]))

table 4 : explain SELECT c FROM sbtest4 WHERE id IN ( 5896811, 5053735, 7864495, 1478935, 2316546, 3511988, 2663947, 5489549, 9982335, 2082596)
	Index Scan using sbtest4_pkey on sbtest4  (cost=0.43..83.63 rows=10 width=121)
	  Index Cond: (id = ANY ('{5896811,5053735,7864495,1478935,2316546,3511988,2663947,5489549,9982335,2082596}'::integer[]))

table 5 : explain SELECT c FROM sbtest5 WHERE id IN ( 5896811, 5053735, 7864495, 1478935, 2316546, 3511988, 2663947, 5489549, 9982335, 2082596)
	Index Scan using sbtest5_pkey on sbtest5  (cost=0.43..83.63 rows=10 width=121)
	  Index Cond: (id = ANY ('{5896811,5053735,7864495,1478935,2316546,3511988,2663947,5489549,9982335,2082596}'::integer[]))

table 6 : explain SELECT c FROM sbtest6 WHERE id IN ( 5896811, 5053735, 7864495, 1478935, 2316546, 3511988, 2663947, 5489549, 9982335, 2082596)
	Index Scan using sbtest6_pkey on sbtest6  (cost=0.43..83.63 rows=10 width=121)
	  Index Cond: (id = ANY ('{5896811,5053735,7864495,1478935,2316546,3511988,2663947,5489549,9982335,2082596}'::integer[]))

table 7 : explain SELECT c FROM sbtest7 WHERE id IN ( 5896811, 5053735, 7864495, 1478935, 2316546, 3511988, 2663947, 5489549, 9982335, 2082596)
	Index Scan using sbtest7_pkey on sbtest7  (cost=0.43..83.56 rows=10 width=121)
	  Index Cond: (id = ANY ('{5896811,5053735,7864495,1478935,2316546,3511988,2663947,5489549,9982335,2082596}'::integer[]))

table 8 : explain SELECT c FROM sbtest8 WHERE id IN ( 5896811, 5053735, 7864495, 1478935, 2316546, 3511988, 2663947, 5489549, 9982335, 2082596)
	Index Scan using sbtest8_pkey on sbtest8  (cost=0.43..83.41 rows=10 width=121)
	  Index Cond: (id = ANY ('{5896811,5053735,7864495,1478935,2316546,3511988,2663947,5489549,9982335,2082596}'::integer[]))

for select-inlist
table 1 : explain SELECT c FROM sbtest1 WHERE id IN ( 4137444, 6474119, 9255071, 7147907, 9310464, 3131201, 6361237, 696500, 3896678, 8058328)
	Index Scan using sbtest1_pkey on sbtest1  (cost=0.43..83.56 rows=10 width=121)
	  Index Cond: (id = ANY ('{4137444,6474119,9255071,7147907,9310464,3131201,6361237,696500,3896678,8058328}'::integer[]))

table 2 : explain SELECT c FROM sbtest2 WHERE id IN ( 4137444, 6474119, 9255071, 7147907, 9310464, 3131201, 6361237, 696500, 3896678, 8058328)
	Index Scan using sbtest2_pkey on sbtest2  (cost=0.43..83.85 rows=10 width=121)
	  Index Cond: (id = ANY ('{4137444,6474119,9255071,7147907,9310464,3131201,6361237,696500,3896678,8058328}'::integer[]))

table 3 : explain SELECT c FROM sbtest3 WHERE id IN ( 4137444, 6474119, 9255071, 7147907, 9310464, 3131201, 6361237, 696500, 3896678, 8058328)
	Index Scan using sbtest3_pkey on sbtest3  (cost=0.43..83.65 rows=10 width=121)
	  Index Cond: (id = ANY ('{4137444,6474119,9255071,7147907,9310464,3131201,6361237,696500,3896678,8058328}'::integer[]))

table 4 : explain SELECT c FROM sbtest4 WHERE id IN ( 4137444, 6474119, 9255071, 7147907, 9310464, 3131201, 6361237, 696500, 3896678, 8058328)
	Index Scan using sbtest4_pkey on sbtest4  (cost=0.43..83.63 rows=10 width=121)
	  Index Cond: (id = ANY ('{4137444,6474119,9255071,7147907,9310464,3131201,6361237,696500,3896678,8058328}'::integer[]))

table 5 : explain SELECT c FROM sbtest5 WHERE id IN ( 4137444, 6474119, 9255071, 7147907, 9310464, 3131201, 6361237, 696500, 3896678, 8058328)
	Index Scan using sbtest5_pkey on sbtest5  (cost=0.43..83.63 rows=10 width=121)
	  Index Cond: (id = ANY ('{4137444,6474119,9255071,7147907,9310464,3131201,6361237,696500,3896678,8058328}'::integer[]))

table 6 : explain SELECT c FROM sbtest6 WHERE id IN ( 4137444, 6474119, 9255071, 7147907, 9310464, 3131201, 6361237, 696500, 3896678, 8058328)
	Index Scan using sbtest6_pkey on sbtest6  (cost=0.43..83.63 rows=10 width=121)
	  Index Cond: (id = ANY ('{4137444,6474119,9255071,7147907,9310464,3131201,6361237,696500,3896678,8058328}'::integer[]))

table 7 : explain SELECT c FROM sbtest7 WHERE id IN ( 4137444, 6474119, 9255071, 7147907, 9310464, 3131201, 6361237, 696500, 3896678, 8058328)
	Index Scan using sbtest7_pkey on sbtest7  (cost=0.43..83.56 rows=10 width=121)
	  Index Cond: (id = ANY ('{4137444,6474119,9255071,7147907,9310464,3131201,6361237,696500,3896678,8058328}'::integer[]))

table 8 : explain SELECT c FROM sbtest8 WHERE id IN ( 4137444, 6474119, 9255071, 7147907, 9310464, 3131201, 6361237, 696500, 3896678, 8058328)
	Index Scan using sbtest8_pkey on sbtest8  (cost=0.43..83.41 rows=10 width=121)
	  Index Cond: (id = ANY ('{4137444,6474119,9255071,7147907,9310464,3131201,6361237,696500,3896678,8058328}'::integer[]))

for select-inlist
table 1 : explain SELECT c FROM sbtest1 WHERE id IN ( 8904466, 2804349, 4156874, 894869, 4412644, 1439744, 8129980, 7287027, 122786, 4254299)
	Index Scan using sbtest1_pkey on sbtest1  (cost=0.43..83.56 rows=10 width=121)
	  Index Cond: (id = ANY ('{8904466,2804349,4156874,894869,4412644,1439744,8129980,7287027,122786,4254299}'::integer[]))

table 2 : explain SELECT c FROM sbtest2 WHERE id IN ( 8904466, 2804349, 4156874, 894869, 4412644, 1439744, 8129980, 7287027, 122786, 4254299)
	Index Scan using sbtest2_pkey on sbtest2  (cost=0.43..83.85 rows=10 width=121)
	  Index Cond: (id = ANY ('{8904466,2804349,4156874,894869,4412644,1439744,8129980,7287027,122786,4254299}'::integer[]))

table 3 : explain SELECT c FROM sbtest3 WHERE id IN ( 8904466, 2804349, 4156874, 894869, 4412644, 1439744, 8129980, 7287027, 122786, 4254299)
	Index Scan using sbtest3_pkey on sbtest3  (cost=0.43..83.65 rows=10 width=121)
	  Index Cond: (id = ANY ('{8904466,2804349,4156874,894869,4412644,1439744,8129980,7287027,122786,4254299}'::integer[]))

table 4 : explain SELECT c FROM sbtest4 WHERE id IN ( 8904466, 2804349, 4156874, 894869, 4412644, 1439744, 8129980, 7287027, 122786, 4254299)
	Index Scan using sbtest4_pkey on sbtest4  (cost=0.43..83.63 rows=10 width=121)
	  Index Cond: (id = ANY ('{8904466,2804349,4156874,894869,4412644,1439744,8129980,7287027,122786,4254299}'::integer[]))

table 5 : explain SELECT c FROM sbtest5 WHERE id IN ( 8904466, 2804349, 4156874, 894869, 4412644, 1439744, 8129980, 7287027, 122786, 4254299)
	Index Scan using sbtest5_pkey on sbtest5  (cost=0.43..83.63 rows=10 width=121)
	  Index Cond: (id = ANY ('{8904466,2804349,4156874,894869,4412644,1439744,8129980,7287027,122786,4254299}'::integer[]))

table 6 : explain SELECT c FROM sbtest6 WHERE id IN ( 8904466, 2804349, 4156874, 894869, 4412644, 1439744, 8129980, 7287027, 122786, 4254299)
	Index Scan using sbtest6_pkey on sbtest6  (cost=0.43..83.63 rows=10 width=121)
	  Index Cond: (id = ANY ('{8904466,2804349,4156874,894869,4412644,1439744,8129980,7287027,122786,4254299}'::integer[]))

table 7 : explain SELECT c FROM sbtest7 WHERE id IN ( 8904466, 2804349, 4156874, 894869, 4412644, 1439744, 8129980, 7287027, 122786, 4254299)
	Index Scan using sbtest7_pkey on sbtest7  (cost=0.43..83.56 rows=10 width=121)
	  Index Cond: (id = ANY ('{8904466,2804349,4156874,894869,4412644,1439744,8129980,7287027,122786,4254299}'::integer[]))

table 8 : explain SELECT c FROM sbtest8 WHERE id IN ( 8904466, 2804349, 4156874, 894869, 4412644, 1439744, 8129980, 7287027, 122786, 4254299)
	Index Scan using sbtest8_pkey on sbtest8  (cost=0.43..83.41 rows=10 width=121)
	  Index Cond: (id = ANY ('{8904466,2804349,4156874,894869,4412644,1439744,8129980,7287027,122786,4254299}'::integer[]))

explain: for select-inlist :: explain SELECT c FROM sbtest%d WHERE id IN ( 3225126, 6726614, 7463011, 570042, 7822671, 2413151, 6832857, 3930191, 1644059, 9286301)
explain: for select-inlist :: explain SELECT c FROM sbtest%d WHERE id IN ( 2048039, 7067052, 2433874, 8462397, 8830563, 9448705, 9685575, 7844747, 5939591, 8553013)
explain: for select-inlist :: explain SELECT c FROM sbtest%d WHERE id IN ( 6274447, 4807268, 5972246, 9528150, 5020717, 6262644, 1145056, 5366126, 9268355, 6332017)
for select-inlist
table 1 : explain SELECT c FROM sbtest1 WHERE id IN ( 2048039, 7067052, 2433874, 8462397, 8830563, 9448705, 9685575, 7844747, 5939591, 8553013)
	Index Scan using sbtest1_pkey on sbtest1  (cost=0.43..83.56 rows=10 width=121)
	  Index Cond: (id = ANY ('{2048039,7067052,2433874,8462397,8830563,9448705,9685575,7844747,5939591,8553013}'::integer[]))

table 2 : explain SELECT c FROM sbtest2 WHERE id IN ( 2048039, 7067052, 2433874, 8462397, 8830563, 9448705, 9685575, 7844747, 5939591, 8553013)
	Index Scan using sbtest2_pkey on sbtest2  (cost=0.43..83.85 rows=10 width=121)
	  Index Cond: (id = ANY ('{2048039,7067052,2433874,8462397,8830563,9448705,9685575,7844747,5939591,8553013}'::integer[]))

table 3 : explain SELECT c FROM sbtest3 WHERE id IN ( 2048039, 7067052, 2433874, 8462397, 8830563, 9448705, 9685575, 7844747, 5939591, 8553013)
	Index Scan using sbtest3_pkey on sbtest3  (cost=0.43..83.65 rows=10 width=121)
	  Index Cond: (id = ANY ('{2048039,7067052,2433874,8462397,8830563,9448705,9685575,7844747,5939591,8553013}'::integer[]))

table 4 : explain SELECT c FROM sbtest4 WHERE id IN ( 2048039, 7067052, 2433874, 8462397, 8830563, 9448705, 9685575, 7844747, 5939591, 8553013)
	Index Scan using sbtest4_pkey on sbtest4  (cost=0.43..83.63 rows=10 width=121)
	  Index Cond: (id = ANY ('{2048039,7067052,2433874,8462397,8830563,9448705,9685575,7844747,5939591,8553013}'::integer[]))

table 5 : explain SELECT c FROM sbtest5 WHERE id IN ( 2048039, 7067052, 2433874, 8462397, 8830563, 9448705, 9685575, 7844747, 5939591, 8553013)
	Index Scan using sbtest5_pkey on sbtest5  (cost=0.43..83.63 rows=10 width=121)
	  Index Cond: (id = ANY ('{2048039,7067052,2433874,8462397,8830563,9448705,9685575,7844747,5939591,8553013}'::integer[]))

table 6 : explain SELECT c FROM sbtest6 WHERE id IN ( 2048039, 7067052, 2433874, 8462397, 8830563, 9448705, 9685575, 7844747, 5939591, 8553013)
	Index Scan using sbtest6_pkey on sbtest6  (cost=0.43..83.63 rows=10 width=121)
	  Index Cond: (id = ANY ('{2048039,7067052,2433874,8462397,8830563,9448705,9685575,7844747,5939591,8553013}'::integer[]))

table 7 : explain SELECT c FROM sbtest7 WHERE id IN ( 2048039, 7067052, 2433874, 8462397, 8830563, 9448705, 9685575, 7844747, 5939591, 8553013)
	Index Scan using sbtest7_pkey on sbtest7  (cost=0.43..83.56 rows=10 width=121)
	  Index Cond: (id = ANY ('{2048039,7067052,2433874,8462397,8830563,9448705,9685575,7844747,5939591,8553013}'::integer[]))

table 8 : explain SELECT c FROM sbtest8 WHERE id IN ( 2048039, 7067052, 2433874, 8462397, 8830563, 9448705, 9685575, 7844747, 5939591, 8553013)
	Index Scan using sbtest8_pkey on sbtest8  (cost=0.43..83.41 rows=10 width=121)
	  Index Cond: (id = ANY ('{2048039,7067052,2433874,8462397,8830563,9448705,9685575,7844747,5939591,8553013}'::integer[]))

for select-inlist
table 1 : explain SELECT c FROM sbtest1 WHERE id IN ( 3225126, 6726614, 7463011, 570042, 7822671, 2413151, 6832857, 3930191, 1644059, 9286301)
	Index Scan using sbtest1_pkey on sbtest1  (cost=0.43..83.56 rows=10 width=121)
	  Index Cond: (id = ANY ('{3225126,6726614,7463011,570042,7822671,2413151,6832857,3930191,1644059,9286301}'::integer[]))

table 2 : explain SELECT c FROM sbtest2 WHERE id IN ( 3225126, 6726614, 7463011, 570042, 7822671, 2413151, 6832857, 3930191, 1644059, 9286301)
	Index Scan using sbtest2_pkey on sbtest2  (cost=0.43..83.85 rows=10 width=121)
	  Index Cond: (id = ANY ('{3225126,6726614,7463011,570042,7822671,2413151,6832857,3930191,1644059,9286301}'::integer[]))

table 3 : explain SELECT c FROM sbtest3 WHERE id IN ( 3225126, 6726614, 7463011, 570042, 7822671, 2413151, 6832857, 3930191, 1644059, 9286301)
	Index Scan using sbtest3_pkey on sbtest3  (cost=0.43..83.65 rows=10 width=121)
	  Index Cond: (id = ANY ('{3225126,6726614,7463011,570042,7822671,2413151,6832857,3930191,1644059,9286301}'::integer[]))

table 4 : explain SELECT c FROM sbtest4 WHERE id IN ( 3225126, 6726614, 7463011, 570042, 7822671, 2413151, 6832857, 3930191, 1644059, 9286301)
	Index Scan using sbtest4_pkey on sbtest4  (cost=0.43..83.63 rows=10 width=121)
	  Index Cond: (id = ANY ('{3225126,6726614,7463011,570042,7822671,2413151,6832857,3930191,1644059,9286301}'::integer[]))

table 5 : explain SELECT c FROM sbtest5 WHERE id IN ( 3225126, 6726614, 7463011, 570042, 7822671, 2413151, 6832857, 3930191, 1644059, 9286301)
	Index Scan using sbtest5_pkey on sbtest5  (cost=0.43..83.63 rows=10 width=121)
	  Index Cond: (id = ANY ('{3225126,6726614,7463011,570042,7822671,2413151,6832857,3930191,1644059,9286301}'::integer[]))

table 6 : explain SELECT c FROM sbtest6 WHERE id IN ( 3225126, 6726614, 7463011, 570042, 7822671, 2413151, 6832857, 3930191, 1644059, 9286301)
	Index Scan using sbtest6_pkey on sbtest6  (cost=0.43..83.63 rows=10 width=121)
	  Index Cond: (id = ANY ('{3225126,6726614,7463011,570042,7822671,2413151,6832857,3930191,1644059,9286301}'::integer[]))

table 7 : explain SELECT c FROM sbtest7 WHERE id IN ( 3225126, 6726614, 7463011, 570042, 7822671, 2413151, 6832857, 3930191, 1644059, 9286301)
	Index Scan using sbtest7_pkey on sbtest7  (cost=0.43..83.56 rows=10 width=121)
	  Index Cond: (id = ANY ('{3225126,6726614,7463011,570042,7822671,2413151,6832857,3930191,1644059,9286301}'::integer[]))

table 8 : explain SELECT c FROM sbtest8 WHERE id IN ( 3225126, 6726614, 7463011, 570042, 7822671, 2413151, 6832857, 3930191, 1644059, 9286301)
	Index Scan using sbtest8_pkey on sbtest8  (cost=0.43..83.41 rows=10 width=121)
	  Index Cond: (id = ANY ('{3225126,6726614,7463011,570042,7822671,2413151,6832857,3930191,1644059,9286301}'::integer[]))

for select-inlist
table 1 : explain SELECT c FROM sbtest1 WHERE id IN ( 6274447, 4807268, 5972246, 9528150, 5020717, 6262644, 1145056, 5366126, 9268355, 6332017)
	Index Scan using sbtest1_pkey on sbtest1  (cost=0.43..83.56 rows=10 width=121)
	  Index Cond: (id = ANY ('{6274447,4807268,5972246,9528150,5020717,6262644,1145056,5366126,9268355,6332017}'::integer[]))

table 2 : explain SELECT c FROM sbtest2 WHERE id IN ( 6274447, 4807268, 5972246, 9528150, 5020717, 6262644, 1145056, 5366126, 9268355, 6332017)
	Index Scan using sbtest2_pkey on sbtest2  (cost=0.43..83.85 rows=10 width=121)
	  Index Cond: (id = ANY ('{6274447,4807268,5972246,9528150,5020717,6262644,1145056,5366126,9268355,6332017}'::integer[]))

table 3 : explain SELECT c FROM sbtest3 WHERE id IN ( 6274447, 4807268, 5972246, 9528150, 5020717, 6262644, 1145056, 5366126, 9268355, 6332017)
	Index Scan using sbtest3_pkey on sbtest3  (cost=0.43..83.65 rows=10 width=121)
	  Index Cond: (id = ANY ('{6274447,4807268,5972246,9528150,5020717,6262644,1145056,5366126,9268355,6332017}'::integer[]))

table 4 : explain SELECT c FROM sbtest4 WHERE id IN ( 6274447, 4807268, 5972246, 9528150, 5020717, 6262644, 1145056, 5366126, 9268355, 6332017)
	Index Scan using sbtest4_pkey on sbtest4  (cost=0.43..83.63 rows=10 width=121)
	  Index Cond: (id = ANY ('{6274447,4807268,5972246,9528150,5020717,6262644,1145056,5366126,9268355,6332017}'::integer[]))

table 5 : explain SELECT c FROM sbtest5 WHERE id IN ( 6274447, 4807268, 5972246, 9528150, 5020717, 6262644, 1145056, 5366126, 9268355, 6332017)
	Index Scan using sbtest5_pkey on sbtest5  (cost=0.43..83.63 rows=10 width=121)
	  Index Cond: (id = ANY ('{6274447,4807268,5972246,9528150,5020717,6262644,1145056,5366126,9268355,6332017}'::integer[]))

table 6 : explain SELECT c FROM sbtest6 WHERE id IN ( 6274447, 4807268, 5972246, 9528150, 5020717, 6262644, 1145056, 5366126, 9268355, 6332017)
	Index Scan using sbtest6_pkey on sbtest6  (cost=0.43..83.63 rows=10 width=121)
	  Index Cond: (id = ANY ('{6274447,4807268,5972246,9528150,5020717,6262644,1145056,5366126,9268355,6332017}'::integer[]))

table 7 : explain SELECT c FROM sbtest7 WHERE id IN ( 6274447, 4807268, 5972246, 9528150, 5020717, 6262644, 1145056, 5366126, 9268355, 6332017)
	Index Scan using sbtest7_pkey on sbtest7  (cost=0.43..83.56 rows=10 width=121)
	  Index Cond: (id = ANY ('{6274447,4807268,5972246,9528150,5020717,6262644,1145056,5366126,9268355,6332017}'::integer[]))

table 8 : explain SELECT c FROM sbtest8 WHERE id IN ( 6274447, 4807268, 5972246, 9528150, 5020717, 6262644, 1145056, 5366126, 9268355, 6332017)
	Index Scan using sbtest8_pkey on sbtest8  (cost=0.43..83.41 rows=10 width=121)
	  Index Cond: (id = ANY ('{6274447,4807268,5972246,9528150,5020717,6262644,1145056,5366126,9268355,6332017}'::integer[]))

explain: for select-inlist :: explain SELECT c FROM sbtest%d WHERE id IN ( 5821338, 6958293, 4793984, 1176956, 1389109, 6909448, 6667849, 7633933, 186524, 9307759)
for select-inlist
table 1 : explain SELECT c FROM sbtest1 WHERE id IN ( 5821338, 6958293, 4793984, 1176956, 1389109, 6909448, 6667849, 7633933, 186524, 9307759)
	Index Scan using sbtest1_pkey on sbtest1  (cost=0.43..83.56 rows=10 width=121)
	  Index Cond: (id = ANY ('{5821338,6958293,4793984,1176956,1389109,6909448,6667849,7633933,186524,9307759}'::integer[]))

table 2 : explain SELECT c FROM sbtest2 WHERE id IN ( 5821338, 6958293, 4793984, 1176956, 1389109, 6909448, 6667849, 7633933, 186524, 9307759)
	Index Scan using sbtest2_pkey on sbtest2  (cost=0.43..83.85 rows=10 width=121)
	  Index Cond: (id = ANY ('{5821338,6958293,4793984,1176956,1389109,6909448,6667849,7633933,186524,9307759}'::integer[]))

table 3 : explain SELECT c FROM sbtest3 WHERE id IN ( 5821338, 6958293, 4793984, 1176956, 1389109, 6909448, 6667849, 7633933, 186524, 9307759)
	Index Scan using sbtest3_pkey on sbtest3  (cost=0.43..83.65 rows=10 width=121)
	  Index Cond: (id = ANY ('{5821338,6958293,4793984,1176956,1389109,6909448,6667849,7633933,186524,9307759}'::integer[]))

table 4 : explain SELECT c FROM sbtest4 WHERE id IN ( 5821338, 6958293, 4793984, 1176956, 1389109, 6909448, 6667849, 7633933, 186524, 9307759)
	Index Scan using sbtest4_pkey on sbtest4  (cost=0.43..83.63 rows=10 width=121)
	  Index Cond: (id = ANY ('{5821338,6958293,4793984,1176956,1389109,6909448,6667849,7633933,186524,9307759}'::integer[]))

table 5 : explain SELECT c FROM sbtest5 WHERE id IN ( 5821338, 6958293, 4793984, 1176956, 1389109, 6909448, 6667849, 7633933, 186524, 9307759)
	Index Scan using sbtest5_pkey on sbtest5  (cost=0.43..83.63 rows=10 width=121)
	  Index Cond: (id = ANY ('{5821338,6958293,4793984,1176956,1389109,6909448,6667849,7633933,186524,9307759}'::integer[]))

table 6 : explain SELECT c FROM sbtest6 WHERE id IN ( 5821338, 6958293, 4793984, 1176956, 1389109, 6909448, 6667849, 7633933, 186524, 9307759)
	Index Scan using sbtest6_pkey on sbtest6  (cost=0.43..83.63 rows=10 width=121)
	  Index Cond: (id = ANY ('{5821338,6958293,4793984,1176956,1389109,6909448,6667849,7633933,186524,9307759}'::integer[]))

table 7 : explain SELECT c FROM sbtest7 WHERE id IN ( 5821338, 6958293, 4793984, 1176956, 1389109, 6909448, 6667849, 7633933, 186524, 9307759)
	Index Scan using sbtest7_pkey on sbtest7  (cost=0.43..83.56 rows=10 width=121)
	  Index Cond: (id = ANY ('{5821338,6958293,4793984,1176956,1389109,6909448,6667849,7633933,186524,9307759}'::integer[]))

table 8 : explain SELECT c FROM sbtest8 WHERE id IN ( 5821338, 6958293, 4793984, 1176956, 1389109, 6909448, 6667849, 7633933, 186524, 9307759)
	Index Scan using sbtest8_pkey on sbtest8  (cost=0.43..83.41 rows=10 width=121)
	  Index Cond: (id = ANY ('{5821338,6958293,4793984,1176956,1389109,6909448,6667849,7633933,186524,9307759}'::integer[]))

explain: for select-inlist :: explain SELECT c FROM sbtest%d WHERE id IN ( 6793890, 9480825, 1771422, 9436759, 2043418, 9149746, 1901655, 6513868, 9698632, 3027903)
explain: for select-inlist :: explain SELECT c FROM sbtest%d WHERE id IN ( 1419505, 3754212, 822328, 8238422, 836630, 4683162, 1659575, 2510583, 8702924, 1638621)
explain: for select-inlist :: explain SELECT c FROM sbtest%d WHERE id IN ( 1739751, 6656175, 2264173, 5499992, 5754320, 7278307, 5042989, 3003206, 6774189, 1834513)
explain: for select-inlist :: explain SELECT c FROM sbtest%d WHERE id IN ( 9742688, 8790603, 3457430, 8884320, 1579403, 9940023, 4981979, 6850326, 5272016, 2917966)
for select-inlist
table 1 : explain SELECT c FROM sbtest1 WHERE id IN ( 6793890, 9480825, 1771422, 9436759, 2043418, 9149746, 1901655, 6513868, 9698632, 3027903)
	Index Scan using sbtest1_pkey on sbtest1  (cost=0.43..83.56 rows=10 width=121)
	  Index Cond: (id = ANY ('{6793890,9480825,1771422,9436759,2043418,9149746,1901655,6513868,9698632,3027903}'::integer[]))

table 2 : explain SELECT c FROM sbtest2 WHERE id IN ( 6793890, 9480825, 1771422, 9436759, 2043418, 9149746, 1901655, 6513868, 9698632, 3027903)
	Index Scan using sbtest2_pkey on sbtest2  (cost=0.43..83.85 rows=10 width=121)
	  Index Cond: (id = ANY ('{6793890,9480825,1771422,9436759,2043418,9149746,1901655,6513868,9698632,3027903}'::integer[]))

table 3 : explain SELECT c FROM sbtest3 WHERE id IN ( 6793890, 9480825, 1771422, 9436759, 2043418, 9149746, 1901655, 6513868, 9698632, 3027903)
	Index Scan using sbtest3_pkey on sbtest3  (cost=0.43..83.65 rows=10 width=121)
	  Index Cond: (id = ANY ('{6793890,9480825,1771422,9436759,2043418,9149746,1901655,6513868,9698632,3027903}'::integer[]))

table 4 : explain SELECT c FROM sbtest4 WHERE id IN ( 6793890, 9480825, 1771422, 9436759, 2043418, 9149746, 1901655, 6513868, 9698632, 3027903)
	Index Scan using sbtest4_pkey on sbtest4  (cost=0.43..83.63 rows=10 width=121)
	  Index Cond: (id = ANY ('{6793890,9480825,1771422,9436759,2043418,9149746,1901655,6513868,9698632,3027903}'::integer[]))

table 5 : explain SELECT c FROM sbtest5 WHERE id IN ( 6793890, 9480825, 1771422, 9436759, 2043418, 9149746, 1901655, 6513868, 9698632, 3027903)
	Index Scan using sbtest5_pkey on sbtest5  (cost=0.43..83.63 rows=10 width=121)
	  Index Cond: (id = ANY ('{6793890,9480825,1771422,9436759,2043418,9149746,1901655,6513868,9698632,3027903}'::integer[]))

table 6 : explain SELECT c FROM sbtest6 WHERE id IN ( 6793890, 9480825, 1771422, 9436759, 2043418, 9149746, 1901655, 6513868, 9698632, 3027903)
	Index Scan using sbtest6_pkey on sbtest6  (cost=0.43..83.63 rows=10 width=121)
	  Index Cond: (id = ANY ('{6793890,9480825,1771422,9436759,2043418,9149746,1901655,6513868,9698632,3027903}'::integer[]))

table 7 : explain SELECT c FROM sbtest7 WHERE id IN ( 6793890, 9480825, 1771422, 9436759, 2043418, 9149746, 1901655, 6513868, 9698632, 3027903)
	Index Scan using sbtest7_pkey on sbtest7  (cost=0.43..83.56 rows=10 width=121)
	  Index Cond: (id = ANY ('{6793890,9480825,1771422,9436759,2043418,9149746,1901655,6513868,9698632,3027903}'::integer[]))

table 8 : explain SELECT c FROM sbtest8 WHERE id IN ( 6793890, 9480825, 1771422, 9436759, 2043418, 9149746, 1901655, 6513868, 9698632, 3027903)
	Index Scan using sbtest8_pkey on sbtest8  (cost=0.43..83.41 rows=10 width=121)
	  Index Cond: (id = ANY ('{6793890,9480825,1771422,9436759,2043418,9149746,1901655,6513868,9698632,3027903}'::integer[]))

for select-inlist
table 1 : explain SELECT c FROM sbtest1 WHERE id IN ( 1419505, 3754212, 822328, 8238422, 836630, 4683162, 1659575, 2510583, 8702924, 1638621)
	Index Scan using sbtest1_pkey on sbtest1  (cost=0.43..83.56 rows=10 width=121)
	  Index Cond: (id = ANY ('{1419505,3754212,822328,8238422,836630,4683162,1659575,2510583,8702924,1638621}'::integer[]))

table 2 : explain SELECT c FROM sbtest2 WHERE id IN ( 1419505, 3754212, 822328, 8238422, 836630, 4683162, 1659575, 2510583, 8702924, 1638621)
	Index Scan using sbtest2_pkey on sbtest2  (cost=0.43..83.85 rows=10 width=121)
	  Index Cond: (id = ANY ('{1419505,3754212,822328,8238422,836630,4683162,1659575,2510583,8702924,1638621}'::integer[]))

table 3 : explain SELECT c FROM sbtest3 WHERE id IN ( 1419505, 3754212, 822328, 8238422, 836630, 4683162, 1659575, 2510583, 8702924, 1638621)
	Index Scan using sbtest3_pkey on sbtest3  (cost=0.43..83.65 rows=10 width=121)
	  Index Cond: (id = ANY ('{1419505,3754212,822328,8238422,836630,4683162,1659575,2510583,8702924,1638621}'::integer[]))

table 4 : explain SELECT c FROM sbtest4 WHERE id IN ( 1419505, 3754212, 822328, 8238422, 836630, 4683162, 1659575, 2510583, 8702924, 1638621)
	Index Scan using sbtest4_pkey on sbtest4  (cost=0.43..83.63 rows=10 width=121)
	  Index Cond: (id = ANY ('{1419505,3754212,822328,8238422,836630,4683162,1659575,2510583,8702924,1638621}'::integer[]))

table 5 : explain SELECT c FROM sbtest5 WHERE id IN ( 1419505, 3754212, 822328, 8238422, 836630, 4683162, 1659575, 2510583, 8702924, 1638621)
	Index Scan using sbtest5_pkey on sbtest5  (cost=0.43..83.63 rows=10 width=121)
	  Index Cond: (id = ANY ('{1419505,3754212,822328,8238422,836630,4683162,1659575,2510583,8702924,1638621}'::integer[]))

table 6 : explain SELECT c FROM sbtest6 WHERE id IN ( 1419505, 3754212, 822328, 8238422, 836630, 4683162, 1659575, 2510583, 8702924, 1638621)
	Index Scan using sbtest6_pkey on sbtest6  (cost=0.43..83.63 rows=10 width=121)
	  Index Cond: (id = ANY ('{1419505,3754212,822328,8238422,836630,4683162,1659575,2510583,8702924,1638621}'::integer[]))

table 7 : explain SELECT c FROM sbtest7 WHERE id IN ( 1419505, 3754212, 822328, 8238422, 836630, 4683162, 1659575, 2510583, 8702924, 1638621)
	Index Scan using sbtest7_pkey on sbtest7  (cost=0.43..83.56 rows=10 width=121)
	  Index Cond: (id = ANY ('{1419505,3754212,822328,8238422,836630,4683162,1659575,2510583,8702924,1638621}'::integer[]))

table 8 : explain SELECT c FROM sbtest8 WHERE id IN ( 1419505, 3754212, 822328, 8238422, 836630, 4683162, 1659575, 2510583, 8702924, 1638621)
	Index Scan using sbtest8_pkey on sbtest8  (cost=0.43..83.41 rows=10 width=121)
	  Index Cond: (id = ANY ('{1419505,3754212,822328,8238422,836630,4683162,1659575,2510583,8702924,1638621}'::integer[]))

explain: for select-inlist :: explain SELECT c FROM sbtest%d WHERE id IN ( 5862315, 2729984, 656002, 2170635, 1983976, 6149959, 6804387, 4693492, 3441254, 2210639)
for select-inlist
table 1 : explain SELECT c FROM sbtest1 WHERE id IN ( 1739751, 6656175, 2264173, 5499992, 5754320, 7278307, 5042989, 3003206, 6774189, 1834513)
	Index Scan using sbtest1_pkey on sbtest1  (cost=0.43..83.56 rows=10 width=121)
	  Index Cond: (id = ANY ('{1739751,6656175,2264173,5499992,5754320,7278307,5042989,3003206,6774189,1834513}'::integer[]))

table 2 : explain SELECT c FROM sbtest2 WHERE id IN ( 1739751, 6656175, 2264173, 5499992, 5754320, 7278307, 5042989, 3003206, 6774189, 1834513)
	Index Scan using sbtest2_pkey on sbtest2  (cost=0.43..83.85 rows=10 width=121)
	  Index Cond: (id = ANY ('{1739751,6656175,2264173,5499992,5754320,7278307,5042989,3003206,6774189,1834513}'::integer[]))

table 3 : explain SELECT c FROM sbtest3 WHERE id IN ( 1739751, 6656175, 2264173, 5499992, 5754320, 7278307, 5042989, 3003206, 6774189, 1834513)
	Index Scan using sbtest3_pkey on sbtest3  (cost=0.43..83.65 rows=10 width=121)
	  Index Cond: (id = ANY ('{1739751,6656175,2264173,5499992,5754320,7278307,5042989,3003206,6774189,1834513}'::integer[]))

table 4 : explain SELECT c FROM sbtest4 WHERE id IN ( 1739751, 6656175, 2264173, 5499992, 5754320, 7278307, 5042989, 3003206, 6774189, 1834513)
	Index Scan using sbtest4_pkey on sbtest4  (cost=0.43..83.63 rows=10 width=121)
	  Index Cond: (id = ANY ('{1739751,6656175,2264173,5499992,5754320,7278307,5042989,3003206,6774189,1834513}'::integer[]))

table 5 : explain SELECT c FROM sbtest5 WHERE id IN ( 1739751, 6656175, 2264173, 5499992, 5754320, 7278307, 5042989, 3003206, 6774189, 1834513)
	Index Scan using sbtest5_pkey on sbtest5  (cost=0.43..83.63 rows=10 width=121)
	  Index Cond: (id = ANY ('{1739751,6656175,2264173,5499992,5754320,7278307,5042989,3003206,6774189,1834513}'::integer[]))

table 6 : explain SELECT c FROM sbtest6 WHERE id IN ( 1739751, 6656175, 2264173, 5499992, 5754320, 7278307, 5042989, 3003206, 6774189, 1834513)
	Index Scan using sbtest6_pkey on sbtest6  (cost=0.43..83.63 rows=10 width=121)
	  Index Cond: (id = ANY ('{1739751,6656175,2264173,5499992,5754320,7278307,5042989,3003206,6774189,1834513}'::integer[]))

table 7 : explain SELECT c FROM sbtest7 WHERE id IN ( 1739751, 6656175, 2264173, 5499992, 5754320, 7278307, 5042989, 3003206, 6774189, 1834513)
	Index Scan using sbtest7_pkey on sbtest7  (cost=0.43..83.56 rows=10 width=121)
	  Index Cond: (id = ANY ('{1739751,6656175,2264173,5499992,5754320,7278307,5042989,3003206,6774189,1834513}'::integer[]))

table 8 : explain SELECT c FROM sbtest8 WHERE id IN ( 1739751, 6656175, 2264173, 5499992, 5754320, 7278307, 5042989, 3003206, 6774189, 1834513)
	Index Scan using sbtest8_pkey on sbtest8  (cost=0.43..83.41 rows=10 width=121)
	  Index Cond: (id = ANY ('{1739751,6656175,2264173,5499992,5754320,7278307,5042989,3003206,6774189,1834513}'::integer[]))

for select-inlist
table 1 : explain SELECT c FROM sbtest1 WHERE id IN ( 9742688, 8790603, 3457430, 8884320, 1579403, 9940023, 4981979, 6850326, 5272016, 2917966)
	Index Scan using sbtest1_pkey on sbtest1  (cost=0.43..83.56 rows=10 width=121)
	  Index Cond: (id = ANY ('{9742688,8790603,3457430,8884320,1579403,9940023,4981979,6850326,5272016,2917966}'::integer[]))

table 2 : explain SELECT c FROM sbtest2 WHERE id IN ( 9742688, 8790603, 3457430, 8884320, 1579403, 9940023, 4981979, 6850326, 5272016, 2917966)
	Index Scan using sbtest2_pkey on sbtest2  (cost=0.43..83.85 rows=10 width=121)
	  Index Cond: (id = ANY ('{9742688,8790603,3457430,8884320,1579403,9940023,4981979,6850326,5272016,2917966}'::integer[]))

table 3 : explain SELECT c FROM sbtest3 WHERE id IN ( 9742688, 8790603, 3457430, 8884320, 1579403, 9940023, 4981979, 6850326, 5272016, 2917966)
	Index Scan using sbtest3_pkey on sbtest3  (cost=0.43..83.65 rows=10 width=121)
	  Index Cond: (id = ANY ('{9742688,8790603,3457430,8884320,1579403,9940023,4981979,6850326,5272016,2917966}'::integer[]))

table 4 : explain SELECT c FROM sbtest4 WHERE id IN ( 9742688, 8790603, 3457430, 8884320, 1579403, 9940023, 4981979, 6850326, 5272016, 2917966)
	Index Scan using sbtest4_pkey on sbtest4  (cost=0.43..83.63 rows=10 width=121)
	  Index Cond: (id = ANY ('{9742688,8790603,3457430,8884320,1579403,9940023,4981979,6850326,5272016,2917966}'::integer[]))

table 5 : explain SELECT c FROM sbtest5 WHERE id IN ( 9742688, 8790603, 3457430, 8884320, 1579403, 9940023, 4981979, 6850326, 5272016, 2917966)
	Index Scan using sbtest5_pkey on sbtest5  (cost=0.43..83.63 rows=10 width=121)
	  Index Cond: (id = ANY ('{9742688,8790603,3457430,8884320,1579403,9940023,4981979,6850326,5272016,2917966}'::integer[]))

table 6 : explain SELECT c FROM sbtest6 WHERE id IN ( 9742688, 8790603, 3457430, 8884320, 1579403, 9940023, 4981979, 6850326, 5272016, 2917966)
	Index Scan using sbtest6_pkey on sbtest6  (cost=0.43..83.63 rows=10 width=121)
	  Index Cond: (id = ANY ('{9742688,8790603,3457430,8884320,1579403,9940023,4981979,6850326,5272016,2917966}'::integer[]))

table 7 : explain SELECT c FROM sbtest7 WHERE id IN ( 9742688, 8790603, 3457430, 8884320, 1579403, 9940023, 4981979, 6850326, 5272016, 2917966)
	Index Scan using sbtest7_pkey on sbtest7  (cost=0.43..83.56 rows=10 width=121)
	  Index Cond: (id = ANY ('{9742688,8790603,3457430,8884320,1579403,9940023,4981979,6850326,5272016,2917966}'::integer[]))

table 8 : explain SELECT c FROM sbtest8 WHERE id IN ( 9742688, 8790603, 3457430, 8884320, 1579403, 9940023, 4981979, 6850326, 5272016, 2917966)
	Index Scan using sbtest8_pkey on sbtest8  (cost=0.43..83.41 rows=10 width=121)
	  Index Cond: (id = ANY ('{9742688,8790603,3457430,8884320,1579403,9940023,4981979,6850326,5272016,2917966}'::integer[]))

explain: for select-inlist :: explain SELECT c FROM sbtest%d WHERE id IN ( 6907021, 3487368, 4987946, 1366940, 9416990, 419168, 7750018, 1128164, 2310723, 4627054)
for select-inlist
table 1 : explain SELECT c FROM sbtest1 WHERE id IN ( 5862315, 2729984, 656002, 2170635, 1983976, 6149959, 6804387, 4693492, 3441254, 2210639)
	Index Scan using sbtest1_pkey on sbtest1  (cost=0.43..83.56 rows=10 width=121)
	  Index Cond: (id = ANY ('{5862315,2729984,656002,2170635,1983976,6149959,6804387,4693492,3441254,2210639}'::integer[]))

table 2 : explain SELECT c FROM sbtest2 WHERE id IN ( 5862315, 2729984, 656002, 2170635, 1983976, 6149959, 6804387, 4693492, 3441254, 2210639)
	Index Scan using sbtest2_pkey on sbtest2  (cost=0.43..83.85 rows=10 width=121)
	  Index Cond: (id = ANY ('{5862315,2729984,656002,2170635,1983976,6149959,6804387,4693492,3441254,2210639}'::integer[]))

table 3 : explain SELECT c FROM sbtest3 WHERE id IN ( 5862315, 2729984, 656002, 2170635, 1983976, 6149959, 6804387, 4693492, 3441254, 2210639)
	Index Scan using sbtest3_pkey on sbtest3  (cost=0.43..83.65 rows=10 width=121)
	  Index Cond: (id = ANY ('{5862315,2729984,656002,2170635,1983976,6149959,6804387,4693492,3441254,2210639}'::integer[]))

table 4 : explain SELECT c FROM sbtest4 WHERE id IN ( 5862315, 2729984, 656002, 2170635, 1983976, 6149959, 6804387, 4693492, 3441254, 2210639)
	Index Scan using sbtest4_pkey on sbtest4  (cost=0.43..83.63 rows=10 width=121)
	  Index Cond: (id = ANY ('{5862315,2729984,656002,2170635,1983976,6149959,6804387,4693492,3441254,2210639}'::integer[]))

table 5 : explain SELECT c FROM sbtest5 WHERE id IN ( 5862315, 2729984, 656002, 2170635, 1983976, 6149959, 6804387, 4693492, 3441254, 2210639)
	Index Scan using sbtest5_pkey on sbtest5  (cost=0.43..83.63 rows=10 width=121)
	  Index Cond: (id = ANY ('{5862315,2729984,656002,2170635,1983976,6149959,6804387,4693492,3441254,2210639}'::integer[]))

table 6 : explain SELECT c FROM sbtest6 WHERE id IN ( 5862315, 2729984, 656002, 2170635, 1983976, 6149959, 6804387, 4693492, 3441254, 2210639)
	Index Scan using sbtest6_pkey on sbtest6  (cost=0.43..83.63 rows=10 width=121)
	  Index Cond: (id = ANY ('{5862315,2729984,656002,2170635,1983976,6149959,6804387,4693492,3441254,2210639}'::integer[]))

table 7 : explain SELECT c FROM sbtest7 WHERE id IN ( 5862315, 2729984, 656002, 2170635, 1983976, 6149959, 6804387, 4693492, 3441254, 2210639)
	Index Scan using sbtest7_pkey on sbtest7  (cost=0.43..83.56 rows=10 width=121)
	  Index Cond: (id = ANY ('{5862315,2729984,656002,2170635,1983976,6149959,6804387,4693492,3441254,2210639}'::integer[]))

table 8 : explain SELECT c FROM sbtest8 WHERE id IN ( 5862315, 2729984, 656002, 2170635, 1983976, 6149959, 6804387, 4693492, 3441254, 2210639)
	Index Scan using sbtest8_pkey on sbtest8  (cost=0.43..83.41 rows=10 width=121)
	  Index Cond: (id = ANY ('{5862315,2729984,656002,2170635,1983976,6149959,6804387,4693492,3441254,2210639}'::integer[]))

explain: for select-inlist :: explain SELECT c FROM sbtest%d WHERE id IN ( 788633, 7609729, 4796350, 8262649, 3336184, 8657969, 3701555, 5870036, 9756253, 4130148)
explain: for select-inlist :: explain SELECT c FROM sbtest%d WHERE id IN ( 6976557, 388266, 7871775, 9380744, 6674549, 5521505, 4912389, 5560360, 791925, 748593)
explain: for select-inlist :: explain SELECT c FROM sbtest%d WHERE id IN ( 6656865, 1248667, 2466325, 840553, 1697747, 691423, 2660635, 2939511, 655428, 3614984)
explain: for select-inlist :: explain SELECT c FROM sbtest%d WHERE id IN ( 6996956, 9539351, 4806592, 8588814, 5239198, 8072310, 9309894, 1837527, 6845738, 7094912)
for select-inlist
table 1 : explain SELECT c FROM sbtest1 WHERE id IN ( 6907021, 3487368, 4987946, 1366940, 9416990, 419168, 7750018, 1128164, 2310723, 4627054)
	Index Scan using sbtest1_pkey on sbtest1  (cost=0.43..83.56 rows=10 width=121)
	  Index Cond: (id = ANY ('{6907021,3487368,4987946,1366940,9416990,419168,7750018,1128164,2310723,4627054}'::integer[]))

table 2 : explain SELECT c FROM sbtest2 WHERE id IN ( 6907021, 3487368, 4987946, 1366940, 9416990, 419168, 7750018, 1128164, 2310723, 4627054)
	Index Scan using sbtest2_pkey on sbtest2  (cost=0.43..83.85 rows=10 width=121)
	  Index Cond: (id = ANY ('{6907021,3487368,4987946,1366940,9416990,419168,7750018,1128164,2310723,4627054}'::integer[]))

table 3 : explain SELECT c FROM sbtest3 WHERE id IN ( 6907021, 3487368, 4987946, 1366940, 9416990, 419168, 7750018, 1128164, 2310723, 4627054)
	Index Scan using sbtest3_pkey on sbtest3  (cost=0.43..83.65 rows=10 width=121)
	  Index Cond: (id = ANY ('{6907021,3487368,4987946,1366940,9416990,419168,7750018,1128164,2310723,4627054}'::integer[]))

table 4 : explain SELECT c FROM sbtest4 WHERE id IN ( 6907021, 3487368, 4987946, 1366940, 9416990, 419168, 7750018, 1128164, 2310723, 4627054)
	Index Scan using sbtest4_pkey on sbtest4  (cost=0.43..83.63 rows=10 width=121)
	  Index Cond: (id = ANY ('{6907021,3487368,4987946,1366940,9416990,419168,7750018,1128164,2310723,4627054}'::integer[]))

table 5 : explain SELECT c FROM sbtest5 WHERE id IN ( 6907021, 3487368, 4987946, 1366940, 9416990, 419168, 7750018, 1128164, 2310723, 4627054)
	Index Scan using sbtest5_pkey on sbtest5  (cost=0.43..83.63 rows=10 width=121)
	  Index Cond: (id = ANY ('{6907021,3487368,4987946,1366940,9416990,419168,7750018,1128164,2310723,4627054}'::integer[]))

table 6 : explain SELECT c FROM sbtest6 WHERE id IN ( 6907021, 3487368, 4987946, 1366940, 9416990, 419168, 7750018, 1128164, 2310723, 4627054)
	Index Scan using sbtest6_pkey on sbtest6  (cost=0.43..83.63 rows=10 width=121)
	  Index Cond: (id = ANY ('{6907021,3487368,4987946,1366940,9416990,419168,7750018,1128164,2310723,4627054}'::integer[]))

table 7 : explain SELECT c FROM sbtest7 WHERE id IN ( 6907021, 3487368, 4987946, 1366940, 9416990, 419168, 7750018, 1128164, 2310723, 4627054)
	Index Scan using sbtest7_pkey on sbtest7  (cost=0.43..83.56 rows=10 width=121)
	  Index Cond: (id = ANY ('{6907021,3487368,4987946,1366940,9416990,419168,7750018,1128164,2310723,4627054}'::integer[]))

table 8 : explain SELECT c FROM sbtest8 WHERE id IN ( 6907021, 3487368, 4987946, 1366940, 9416990, 419168, 7750018, 1128164, 2310723, 4627054)
	Index Scan using sbtest8_pkey on sbtest8  (cost=0.43..83.41 rows=10 width=121)
	  Index Cond: (id = ANY ('{6907021,3487368,4987946,1366940,9416990,419168,7750018,1128164,2310723,4627054}'::integer[]))

explain: for select-inlist :: explain SELECT c FROM sbtest%d WHERE id IN ( 750075, 2882399, 2450563, 2009988, 6651622, 7831683, 4437130, 1156040, 3986061, 6163413)
explain: for select-inlist :: explain SELECT c FROM sbtest%d WHERE id IN ( 3196896, 2913014, 3487218, 6362193, 1600054, 1923066, 4469701, 9915347, 1741912, 1929598)
explain: for select-inlist :: explain SELECT c FROM sbtest%d WHERE id IN ( 5128456, 9102840, 7603185, 5145188, 5765280, 8018660, 2272945, 5433055, 9289092, 2375905)
explain: for select-inlist :: explain SELECT c FROM sbtest%d WHERE id IN ( 908997, 6732118, 9659134, 7134352, 9973672, 907760, 1861132, 9366417, 6417756, 8238537)
explain: for select-inlist :: explain SELECT c FROM sbtest%d WHERE id IN ( 9210797, 2312384, 1312655, 9867293, 2191766, 5573185, 8067934, 8199913, 1196878, 9980421)
explain: for select-inlist :: explain SELECT c FROM sbtest%d WHERE id IN ( 8474557, 3705311, 3835630, 7591142, 7879408, 8159153, 6528573, 6488443, 7427413, 315816)
for select-inlist
table 1 : explain SELECT c FROM sbtest1 WHERE id IN ( 6976557, 388266, 7871775, 9380744, 6674549, 5521505, 4912389, 5560360, 791925, 748593)
	Index Scan using sbtest1_pkey on sbtest1  (cost=0.43..83.56 rows=10 width=121)
	  Index Cond: (id = ANY ('{6976557,388266,7871775,9380744,6674549,5521505,4912389,5560360,791925,748593}'::integer[]))

table 2 : explain SELECT c FROM sbtest2 WHERE id IN ( 6976557, 388266, 7871775, 9380744, 6674549, 5521505, 4912389, 5560360, 791925, 748593)
	Index Scan using sbtest2_pkey on sbtest2  (cost=0.43..83.85 rows=10 width=121)
	  Index Cond: (id = ANY ('{6976557,388266,7871775,9380744,6674549,5521505,4912389,5560360,791925,748593}'::integer[]))

table 3 : explain SELECT c FROM sbtest3 WHERE id IN ( 6976557, 388266, 7871775, 9380744, 6674549, 5521505, 4912389, 5560360, 791925, 748593)
	Index Scan using sbtest3_pkey on sbtest3  (cost=0.43..83.65 rows=10 width=121)
	  Index Cond: (id = ANY ('{6976557,388266,7871775,9380744,6674549,5521505,4912389,5560360,791925,748593}'::integer[]))

table 4 : explain SELECT c FROM sbtest4 WHERE id IN ( 6976557, 388266, 7871775, 9380744, 6674549, 5521505, 4912389, 5560360, 791925, 748593)
	Index Scan using sbtest4_pkey on sbtest4  (cost=0.43..83.63 rows=10 width=121)
	  Index Cond: (id = ANY ('{6976557,388266,7871775,9380744,6674549,5521505,4912389,5560360,791925,748593}'::integer[]))

table 5 : explain SELECT c FROM sbtest5 WHERE id IN ( 6976557, 388266, 7871775, 9380744, 6674549, 5521505, 4912389, 5560360, 791925, 748593)
	Index Scan using sbtest5_pkey on sbtest5  (cost=0.43..83.63 rows=10 width=121)
	  Index Cond: (id = ANY ('{6976557,388266,7871775,9380744,6674549,5521505,4912389,5560360,791925,748593}'::integer[]))

table 6 : explain SELECT c FROM sbtest6 WHERE id IN ( 6976557, 388266, 7871775, 9380744, 6674549, 5521505, 4912389, 5560360, 791925, 748593)
	Index Scan using sbtest6_pkey on sbtest6  (cost=0.43..83.63 rows=10 width=121)
	  Index Cond: (id = ANY ('{6976557,388266,7871775,9380744,6674549,5521505,4912389,5560360,791925,748593}'::integer[]))

table 7 : explain SELECT c FROM sbtest7 WHERE id IN ( 6976557, 388266, 7871775, 9380744, 6674549, 5521505, 4912389, 5560360, 791925, 748593)
	Index Scan using sbtest7_pkey on sbtest7  (cost=0.43..83.56 rows=10 width=121)
	  Index Cond: (id = ANY ('{6976557,388266,7871775,9380744,6674549,5521505,4912389,5560360,791925,748593}'::integer[]))

table 8 : explain SELECT c FROM sbtest8 WHERE id IN ( 6976557, 388266, 7871775, 9380744, 6674549, 5521505, 4912389, 5560360, 791925, 748593)
	Index Scan using sbtest8_pkey on sbtest8  (cost=0.43..83.41 rows=10 width=121)
	  Index Cond: (id = ANY ('{6976557,388266,7871775,9380744,6674549,5521505,4912389,5560360,791925,748593}'::integer[]))

for select-inlist
table 1 : explain SELECT c FROM sbtest1 WHERE id IN ( 788633, 7609729, 4796350, 8262649, 3336184, 8657969, 3701555, 5870036, 9756253, 4130148)
	Index Scan using sbtest1_pkey on sbtest1  (cost=0.43..83.56 rows=10 width=121)
	  Index Cond: (id = ANY ('{788633,7609729,4796350,8262649,3336184,8657969,3701555,5870036,9756253,4130148}'::integer[]))

table 2 : explain SELECT c FROM sbtest2 WHERE id IN ( 788633, 7609729, 4796350, 8262649, 3336184, 8657969, 3701555, 5870036, 9756253, 4130148)
	Index Scan using sbtest2_pkey on sbtest2  (cost=0.43..83.85 rows=10 width=121)
	  Index Cond: (id = ANY ('{788633,7609729,4796350,8262649,3336184,8657969,3701555,5870036,9756253,4130148}'::integer[]))

table 3 : explain SELECT c FROM sbtest3 WHERE id IN ( 788633, 7609729, 4796350, 8262649, 3336184, 8657969, 3701555, 5870036, 9756253, 4130148)
	Index Scan using sbtest3_pkey on sbtest3  (cost=0.43..83.65 rows=10 width=121)
	  Index Cond: (id = ANY ('{788633,7609729,4796350,8262649,3336184,8657969,3701555,5870036,9756253,4130148}'::integer[]))

table 4 : explain SELECT c FROM sbtest4 WHERE id IN ( 788633, 7609729, 4796350, 8262649, 3336184, 8657969, 3701555, 5870036, 9756253, 4130148)
	Index Scan using sbtest4_pkey on sbtest4  (cost=0.43..83.63 rows=10 width=121)
	  Index Cond: (id = ANY ('{788633,7609729,4796350,8262649,3336184,8657969,3701555,5870036,9756253,4130148}'::integer[]))

table 5 : explain SELECT c FROM sbtest5 WHERE id IN ( 788633, 7609729, 4796350, 8262649, 3336184, 8657969, 3701555, 5870036, 9756253, 4130148)
	Index Scan using sbtest5_pkey on sbtest5  (cost=0.43..83.63 rows=10 width=121)
	  Index Cond: (id = ANY ('{788633,7609729,4796350,8262649,3336184,8657969,3701555,5870036,9756253,4130148}'::integer[]))

table 6 : explain SELECT c FROM sbtest6 WHERE id IN ( 788633, 7609729, 4796350, 8262649, 3336184, 8657969, 3701555, 5870036, 9756253, 4130148)
	Index Scan using sbtest6_pkey on sbtest6  (cost=0.43..83.63 rows=10 width=121)
	  Index Cond: (id = ANY ('{788633,7609729,4796350,8262649,3336184,8657969,3701555,5870036,9756253,4130148}'::integer[]))

table 7 : explain SELECT c FROM sbtest7 WHERE id IN ( 788633, 7609729, 4796350, 8262649, 3336184, 8657969, 3701555, 5870036, 9756253, 4130148)
	Index Scan using sbtest7_pkey on sbtest7  (cost=0.43..83.56 rows=10 width=121)
	  Index Cond: (id = ANY ('{788633,7609729,4796350,8262649,3336184,8657969,3701555,5870036,9756253,4130148}'::integer[]))

table 8 : explain SELECT c FROM sbtest8 WHERE id IN ( 788633, 7609729, 4796350, 8262649, 3336184, 8657969, 3701555, 5870036, 9756253, 4130148)
	Index Scan using sbtest8_pkey on sbtest8  (cost=0.43..83.41 rows=10 width=121)
	  Index Cond: (id = ANY ('{788633,7609729,4796350,8262649,3336184,8657969,3701555,5870036,9756253,4130148}'::integer[]))

for select-inlist
table 1 : explain SELECT c FROM sbtest1 WHERE id IN ( 6656865, 1248667, 2466325, 840553, 1697747, 691423, 2660635, 2939511, 655428, 3614984)
	Index Scan using sbtest1_pkey on sbtest1  (cost=0.43..83.56 rows=10 width=121)
	  Index Cond: (id = ANY ('{6656865,1248667,2466325,840553,1697747,691423,2660635,2939511,655428,3614984}'::integer[]))

table 2 : explain SELECT c FROM sbtest2 WHERE id IN ( 6656865, 1248667, 2466325, 840553, 1697747, 691423, 2660635, 2939511, 655428, 3614984)
	Index Scan using sbtest2_pkey on sbtest2  (cost=0.43..83.85 rows=10 width=121)
	  Index Cond: (id = ANY ('{6656865,1248667,2466325,840553,1697747,691423,2660635,2939511,655428,3614984}'::integer[]))

table 3 : explain SELECT c FROM sbtest3 WHERE id IN ( 6656865, 1248667, 2466325, 840553, 1697747, 691423, 2660635, 2939511, 655428, 3614984)
	Index Scan using sbtest3_pkey on sbtest3  (cost=0.43..83.65 rows=10 width=121)
	  Index Cond: (id = ANY ('{6656865,1248667,2466325,840553,1697747,691423,2660635,2939511,655428,3614984}'::integer[]))

table 4 : explain SELECT c FROM sbtest4 WHERE id IN ( 6656865, 1248667, 2466325, 840553, 1697747, 691423, 2660635, 2939511, 655428, 3614984)
	Index Scan using sbtest4_pkey on sbtest4  (cost=0.43..83.63 rows=10 width=121)
	  Index Cond: (id = ANY ('{6656865,1248667,2466325,840553,1697747,691423,2660635,2939511,655428,3614984}'::integer[]))

table 5 : explain SELECT c FROM sbtest5 WHERE id IN ( 6656865, 1248667, 2466325, 840553, 1697747, 691423, 2660635, 2939511, 655428, 3614984)
	Index Scan using sbtest5_pkey on sbtest5  (cost=0.43..83.63 rows=10 width=121)
	  Index Cond: (id = ANY ('{6656865,1248667,2466325,840553,1697747,691423,2660635,2939511,655428,3614984}'::integer[]))

table 6 : explain SELECT c FROM sbtest6 WHERE id IN ( 6656865, 1248667, 2466325, 840553, 1697747, 691423, 2660635, 2939511, 655428, 3614984)
	Index Scan using sbtest6_pkey on sbtest6  (cost=0.43..83.63 rows=10 width=121)
	  Index Cond: (id = ANY ('{6656865,1248667,2466325,840553,1697747,691423,2660635,2939511,655428,3614984}'::integer[]))

table 7 : explain SELECT c FROM sbtest7 WHERE id IN ( 6656865, 1248667, 2466325, 840553, 1697747, 691423, 2660635, 2939511, 655428, 3614984)
	Index Scan using sbtest7_pkey on sbtest7  (cost=0.43..83.56 rows=10 width=121)
	  Index Cond: (id = ANY ('{6656865,1248667,2466325,840553,1697747,691423,2660635,2939511,655428,3614984}'::integer[]))

table 8 : explain SELECT c FROM sbtest8 WHERE id IN ( 6656865, 1248667, 2466325, 840553, 1697747, 691423, 2660635, 2939511, 655428, 3614984)
	Index Scan using sbtest8_pkey on sbtest8  (cost=0.43..83.41 rows=10 width=121)
	  Index Cond: (id = ANY ('{6656865,1248667,2466325,840553,1697747,691423,2660635,2939511,655428,3614984}'::integer[]))

for select-inlist
table 1 : explain SELECT c FROM sbtest1 WHERE id IN ( 6996956, 9539351, 4806592, 8588814, 5239198, 8072310, 9309894, 1837527, 6845738, 7094912)
	Index Scan using sbtest1_pkey on sbtest1  (cost=0.43..83.56 rows=10 width=121)
	  Index Cond: (id = ANY ('{6996956,9539351,4806592,8588814,5239198,8072310,9309894,1837527,6845738,7094912}'::integer[]))

table 2 : explain SELECT c FROM sbtest2 WHERE id IN ( 6996956, 9539351, 4806592, 8588814, 5239198, 8072310, 9309894, 1837527, 6845738, 7094912)
	Index Scan using sbtest2_pkey on sbtest2  (cost=0.43..83.85 rows=10 width=121)
	  Index Cond: (id = ANY ('{6996956,9539351,4806592,8588814,5239198,8072310,9309894,1837527,6845738,7094912}'::integer[]))

table 3 : explain SELECT c FROM sbtest3 WHERE id IN ( 6996956, 9539351, 4806592, 8588814, 5239198, 8072310, 9309894, 1837527, 6845738, 7094912)
	Index Scan using sbtest3_pkey on sbtest3  (cost=0.43..83.65 rows=10 width=121)
	  Index Cond: (id = ANY ('{6996956,9539351,4806592,8588814,5239198,8072310,9309894,1837527,6845738,7094912}'::integer[]))

table 4 : explain SELECT c FROM sbtest4 WHERE id IN ( 6996956, 9539351, 4806592, 8588814, 5239198, 8072310, 9309894, 1837527, 6845738, 7094912)
	Index Scan using sbtest4_pkey on sbtest4  (cost=0.43..83.63 rows=10 width=121)
	  Index Cond: (id = ANY ('{6996956,9539351,4806592,8588814,5239198,8072310,9309894,1837527,6845738,7094912}'::integer[]))

table 5 : explain SELECT c FROM sbtest5 WHERE id IN ( 6996956, 9539351, 4806592, 8588814, 5239198, 8072310, 9309894, 1837527, 6845738, 7094912)
	Index Scan using sbtest5_pkey on sbtest5  (cost=0.43..83.63 rows=10 width=121)
	  Index Cond: (id = ANY ('{6996956,9539351,4806592,8588814,5239198,8072310,9309894,1837527,6845738,7094912}'::integer[]))

table 6 : explain SELECT c FROM sbtest6 WHERE id IN ( 6996956, 9539351, 4806592, 8588814, 5239198, 8072310, 9309894, 1837527, 6845738, 7094912)
	Index Scan using sbtest6_pkey on sbtest6  (cost=0.43..83.63 rows=10 width=121)
	  Index Cond: (id = ANY ('{6996956,9539351,4806592,8588814,5239198,8072310,9309894,1837527,6845738,7094912}'::integer[]))

table 7 : explain SELECT c FROM sbtest7 WHERE id IN ( 6996956, 9539351, 4806592, 8588814, 5239198, 8072310, 9309894, 1837527, 6845738, 7094912)
	Index Scan using sbtest7_pkey on sbtest7  (cost=0.43..83.56 rows=10 width=121)
	  Index Cond: (id = ANY ('{6996956,9539351,4806592,8588814,5239198,8072310,9309894,1837527,6845738,7094912}'::integer[]))

table 8 : explain SELECT c FROM sbtest8 WHERE id IN ( 6996956, 9539351, 4806592, 8588814, 5239198, 8072310, 9309894, 1837527, 6845738, 7094912)
	Index Scan using sbtest8_pkey on sbtest8  (cost=0.43..83.41 rows=10 width=121)
	  Index Cond: (id = ANY ('{6996956,9539351,4806592,8588814,5239198,8072310,9309894,1837527,6845738,7094912}'::integer[]))

explain: for select-inlist :: explain SELECT c FROM sbtest%d WHERE id IN ( 106637, 9711651, 7418362, 9714252, 6529714, 6851205, 9387528, 2503926, 5068165, 3701228)
explain: for select-inlist :: explain SELECT c FROM sbtest%d WHERE id IN ( 2858854, 9296010, 2613335, 9941394, 6374325, 2563821, 6994900, 4744434, 310498, 9934785)
for select-inlist
table 1 : explain SELECT c FROM sbtest1 WHERE id IN ( 908997, 6732118, 9659134, 7134352, 9973672, 907760, 1861132, 9366417, 6417756, 8238537)
	Index Scan using sbtest1_pkey on sbtest1  (cost=0.43..83.56 rows=10 width=121)
	  Index Cond: (id = ANY ('{908997,6732118,9659134,7134352,9973672,907760,1861132,9366417,6417756,8238537}'::integer[]))

table 2 : explain SELECT c FROM sbtest2 WHERE id IN ( 908997, 6732118, 9659134, 7134352, 9973672, 907760, 1861132, 9366417, 6417756, 8238537)
	Index Scan using sbtest2_pkey on sbtest2  (cost=0.43..83.85 rows=10 width=121)
	  Index Cond: (id = ANY ('{908997,6732118,9659134,7134352,9973672,907760,1861132,9366417,6417756,8238537}'::integer[]))

table 3 : explain SELECT c FROM sbtest3 WHERE id IN ( 908997, 6732118, 9659134, 7134352, 9973672, 907760, 1861132, 9366417, 6417756, 8238537)
	Index Scan using sbtest3_pkey on sbtest3  (cost=0.43..83.65 rows=10 width=121)
	  Index Cond: (id = ANY ('{908997,6732118,9659134,7134352,9973672,907760,1861132,9366417,6417756,8238537}'::integer[]))

table 4 : explain SELECT c FROM sbtest4 WHERE id IN ( 908997, 6732118, 9659134, 7134352, 9973672, 907760, 1861132, 9366417, 6417756, 8238537)
	Index Scan using sbtest4_pkey on sbtest4  (cost=0.43..83.63 rows=10 width=121)
	  Index Cond: (id = ANY ('{908997,6732118,9659134,7134352,9973672,907760,1861132,9366417,6417756,8238537}'::integer[]))

table 5 : explain SELECT c FROM sbtest5 WHERE id IN ( 908997, 6732118, 9659134, 7134352, 9973672, 907760, 1861132, 9366417, 6417756, 8238537)
	Index Scan using sbtest5_pkey on sbtest5  (cost=0.43..83.63 rows=10 width=121)
	  Index Cond: (id = ANY ('{908997,6732118,9659134,7134352,9973672,907760,1861132,9366417,6417756,8238537}'::integer[]))

table 6 : explain SELECT c FROM sbtest6 WHERE id IN ( 908997, 6732118, 9659134, 7134352, 9973672, 907760, 1861132, 9366417, 6417756, 8238537)
	Index Scan using sbtest6_pkey on sbtest6  (cost=0.43..83.63 rows=10 width=121)
	  Index Cond: (id = ANY ('{908997,6732118,9659134,7134352,9973672,907760,1861132,9366417,6417756,8238537}'::integer[]))

table 7 : explain SELECT c FROM sbtest7 WHERE id IN ( 908997, 6732118, 9659134, 7134352, 9973672, 907760, 1861132, 9366417, 6417756, 8238537)
	Index Scan using sbtest7_pkey on sbtest7  (cost=0.43..83.56 rows=10 width=121)
	  Index Cond: (id = ANY ('{908997,6732118,9659134,7134352,9973672,907760,1861132,9366417,6417756,8238537}'::integer[]))

table 8 : explain SELECT c FROM sbtest8 WHERE id IN ( 908997, 6732118, 9659134, 7134352, 9973672, 907760, 1861132, 9366417, 6417756, 8238537)
	Index Scan using sbtest8_pkey on sbtest8  (cost=0.43..83.41 rows=10 width=121)
	  Index Cond: (id = ANY ('{908997,6732118,9659134,7134352,9973672,907760,1861132,9366417,6417756,8238537}'::integer[]))

for select-inlist
table 1 : explain SELECT c FROM sbtest1 WHERE id IN ( 9210797, 2312384, 1312655, 9867293, 2191766, 5573185, 8067934, 8199913, 1196878, 9980421)
	Index Scan using sbtest1_pkey on sbtest1  (cost=0.43..83.56 rows=10 width=121)
	  Index Cond: (id = ANY ('{9210797,2312384,1312655,9867293,2191766,5573185,8067934,8199913,1196878,9980421}'::integer[]))

table 2 : explain SELECT c FROM sbtest2 WHERE id IN ( 9210797, 2312384, 1312655, 9867293, 2191766, 5573185, 8067934, 8199913, 1196878, 9980421)
	Index Scan using sbtest2_pkey on sbtest2  (cost=0.43..83.85 rows=10 width=121)
	  Index Cond: (id = ANY ('{9210797,2312384,1312655,9867293,2191766,5573185,8067934,8199913,1196878,9980421}'::integer[]))

table 3 : explain SELECT c FROM sbtest3 WHERE id IN ( 9210797, 2312384, 1312655, 9867293, 2191766, 5573185, 8067934, 8199913, 1196878, 9980421)
	Index Scan using sbtest3_pkey on sbtest3  (cost=0.43..83.65 rows=10 width=121)
	  Index Cond: (id = ANY ('{9210797,2312384,1312655,9867293,2191766,5573185,8067934,8199913,1196878,9980421}'::integer[]))

table 4 : explain SELECT c FROM sbtest4 WHERE id IN ( 9210797, 2312384, 1312655, 9867293, 2191766, 5573185, 8067934, 8199913, 1196878, 9980421)
	Index Scan using sbtest4_pkey on sbtest4  (cost=0.43..83.63 rows=10 width=121)
	  Index Cond: (id = ANY ('{9210797,2312384,1312655,9867293,2191766,5573185,8067934,8199913,1196878,9980421}'::integer[]))

table 5 : explain SELECT c FROM sbtest5 WHERE id IN ( 9210797, 2312384, 1312655, 9867293, 2191766, 5573185, 8067934, 8199913, 1196878, 9980421)
	Index Scan using sbtest5_pkey on sbtest5  (cost=0.43..83.63 rows=10 width=121)
	  Index Cond: (id = ANY ('{9210797,2312384,1312655,9867293,2191766,5573185,8067934,8199913,1196878,9980421}'::integer[]))

table 6 : explain SELECT c FROM sbtest6 WHERE id IN ( 9210797, 2312384, 1312655, 9867293, 2191766, 5573185, 8067934, 8199913, 1196878, 9980421)
	Index Scan using sbtest6_pkey on sbtest6  (cost=0.43..83.63 rows=10 width=121)
	  Index Cond: (id = ANY ('{9210797,2312384,1312655,9867293,2191766,5573185,8067934,8199913,1196878,9980421}'::integer[]))

table 7 : explain SELECT c FROM sbtest7 WHERE id IN ( 9210797, 2312384, 1312655, 9867293, 2191766, 5573185, 8067934, 8199913, 1196878, 9980421)
	Index Scan using sbtest7_pkey on sbtest7  (cost=0.43..83.56 rows=10 width=121)
	  Index Cond: (id = ANY ('{9210797,2312384,1312655,9867293,2191766,5573185,8067934,8199913,1196878,9980421}'::integer[]))

table 8 : explain SELECT c FROM sbtest8 WHERE id IN ( 9210797, 2312384, 1312655, 9867293, 2191766, 5573185, 8067934, 8199913, 1196878, 9980421)
	Index Scan using sbtest8_pkey on sbtest8  (cost=0.43..83.41 rows=10 width=121)
	  Index Cond: (id = ANY ('{9210797,2312384,1312655,9867293,2191766,5573185,8067934,8199913,1196878,9980421}'::integer[]))

for select-inlist
table 1 : explain SELECT c FROM sbtest1 WHERE id IN ( 5128456, 9102840, 7603185, 5145188, 5765280, 8018660, 2272945, 5433055, 9289092, 2375905)
	Index Scan using sbtest1_pkey on sbtest1  (cost=0.43..83.56 rows=10 width=121)
	  Index Cond: (id = ANY ('{5128456,9102840,7603185,5145188,5765280,8018660,2272945,5433055,9289092,2375905}'::integer[]))

table 2 : explain SELECT c FROM sbtest2 WHERE id IN ( 5128456, 9102840, 7603185, 5145188, 5765280, 8018660, 2272945, 5433055, 9289092, 2375905)
	Index Scan using sbtest2_pkey on sbtest2  (cost=0.43..83.85 rows=10 width=121)
	  Index Cond: (id = ANY ('{5128456,9102840,7603185,5145188,5765280,8018660,2272945,5433055,9289092,2375905}'::integer[]))

table 3 : explain SELECT c FROM sbtest3 WHERE id IN ( 5128456, 9102840, 7603185, 5145188, 5765280, 8018660, 2272945, 5433055, 9289092, 2375905)
	Index Scan using sbtest3_pkey on sbtest3  (cost=0.43..83.65 rows=10 width=121)
	  Index Cond: (id = ANY ('{5128456,9102840,7603185,5145188,5765280,8018660,2272945,5433055,9289092,2375905}'::integer[]))

table 4 : explain SELECT c FROM sbtest4 WHERE id IN ( 5128456, 9102840, 7603185, 5145188, 5765280, 8018660, 2272945, 5433055, 9289092, 2375905)
	Index Scan using sbtest4_pkey on sbtest4  (cost=0.43..83.63 rows=10 width=121)
	  Index Cond: (id = ANY ('{5128456,9102840,7603185,5145188,5765280,8018660,2272945,5433055,9289092,2375905}'::integer[]))

table 5 : explain SELECT c FROM sbtest5 WHERE id IN ( 5128456, 9102840, 7603185, 5145188, 5765280, 8018660, 2272945, 5433055, 9289092, 2375905)
	Index Scan using sbtest5_pkey on sbtest5  (cost=0.43..83.63 rows=10 width=121)
	  Index Cond: (id = ANY ('{5128456,9102840,7603185,5145188,5765280,8018660,2272945,5433055,9289092,2375905}'::integer[]))

table 6 : explain SELECT c FROM sbtest6 WHERE id IN ( 5128456, 9102840, 7603185, 5145188, 5765280, 8018660, 2272945, 5433055, 9289092, 2375905)
	Index Scan using sbtest6_pkey on sbtest6  (cost=0.43..83.63 rows=10 width=121)
	  Index Cond: (id = ANY ('{5128456,9102840,7603185,5145188,5765280,8018660,2272945,5433055,9289092,2375905}'::integer[]))

table 7 : explain SELECT c FROM sbtest7 WHERE id IN ( 5128456, 9102840, 7603185, 5145188, 5765280, 8018660, 2272945, 5433055, 9289092, 2375905)
	Index Scan using sbtest7_pkey on sbtest7  (cost=0.43..83.56 rows=10 width=121)
	  Index Cond: (id = ANY ('{5128456,9102840,7603185,5145188,5765280,8018660,2272945,5433055,9289092,2375905}'::integer[]))

table 8 : explain SELECT c FROM sbtest8 WHERE id IN ( 5128456, 9102840, 7603185, 5145188, 5765280, 8018660, 2272945, 5433055, 9289092, 2375905)
	Index Scan using sbtest8_pkey on sbtest8  (cost=0.43..83.41 rows=10 width=121)
	  Index Cond: (id = ANY ('{5128456,9102840,7603185,5145188,5765280,8018660,2272945,5433055,9289092,2375905}'::integer[]))

explain: for select-inlist :: explain SELECT c FROM sbtest%d WHERE id IN ( 1570281, 4773387, 28358, 8180401, 998275, 2131747, 1555828, 109536, 7304233, 7817896)
explain: for select-inlist :: explain SELECT c FROM sbtest%d WHERE id IN ( 2961124, 3105185, 2561929, 5807005, 8026587, 3453966, 2915681, 6823710, 4711334, 9075671)
explain: for select-inlist :: explain SELECT c FROM sbtest%d WHERE id IN ( 3605872, 2441234, 6793491, 9007361, 1897000, 5792780, 7836403, 3618108, 5573249, 2617903)
explain: for select-inlist :: explain SELECT c FROM sbtest%d WHERE id IN ( 3849805, 1737964, 7386377, 5525677, 7727625, 511288, 490602, 223671, 7721530, 4080043)
for select-inlist
table 1 : explain SELECT c FROM sbtest1 WHERE id IN ( 3196896, 2913014, 3487218, 6362193, 1600054, 1923066, 4469701, 9915347, 1741912, 1929598)
	Index Scan using sbtest1_pkey on sbtest1  (cost=0.43..83.56 rows=10 width=121)
	  Index Cond: (id = ANY ('{3196896,2913014,3487218,6362193,1600054,1923066,4469701,9915347,1741912,1929598}'::integer[]))

table 2 : explain SELECT c FROM sbtest2 WHERE id IN ( 3196896, 2913014, 3487218, 6362193, 1600054, 1923066, 4469701, 9915347, 1741912, 1929598)
	Index Scan using sbtest2_pkey on sbtest2  (cost=0.43..83.85 rows=10 width=121)
	  Index Cond: (id = ANY ('{3196896,2913014,3487218,6362193,1600054,1923066,4469701,9915347,1741912,1929598}'::integer[]))

table 3 : explain SELECT c FROM sbtest3 WHERE id IN ( 3196896, 2913014, 3487218, 6362193, 1600054, 1923066, 4469701, 9915347, 1741912, 1929598)
	Index Scan using sbtest3_pkey on sbtest3  (cost=0.43..83.65 rows=10 width=121)
	  Index Cond: (id = ANY ('{3196896,2913014,3487218,6362193,1600054,1923066,4469701,9915347,1741912,1929598}'::integer[]))

table 4 : explain SELECT c FROM sbtest4 WHERE id IN ( 3196896, 2913014, 3487218, 6362193, 1600054, 1923066, 4469701, 9915347, 1741912, 1929598)
	Index Scan using sbtest4_pkey on sbtest4  (cost=0.43..83.63 rows=10 width=121)
	  Index Cond: (id = ANY ('{3196896,2913014,3487218,6362193,1600054,1923066,4469701,9915347,1741912,1929598}'::integer[]))

table 5 : explain SELECT c FROM sbtest5 WHERE id IN ( 3196896, 2913014, 3487218, 6362193, 1600054, 1923066, 4469701, 9915347, 1741912, 1929598)
	Index Scan using sbtest5_pkey on sbtest5  (cost=0.43..83.63 rows=10 width=121)
	  Index Cond: (id = ANY ('{3196896,2913014,3487218,6362193,1600054,1923066,4469701,9915347,1741912,1929598}'::integer[]))

table 6 : explain SELECT c FROM sbtest6 WHERE id IN ( 3196896, 2913014, 3487218, 6362193, 1600054, 1923066, 4469701, 9915347, 1741912, 1929598)
	Index Scan using sbtest6_pkey on sbtest6  (cost=0.43..83.63 rows=10 width=121)
	  Index Cond: (id = ANY ('{3196896,2913014,3487218,6362193,1600054,1923066,4469701,9915347,1741912,1929598}'::integer[]))

table 7 : explain SELECT c FROM sbtest7 WHERE id IN ( 3196896, 2913014, 3487218, 6362193, 1600054, 1923066, 4469701, 9915347, 1741912, 1929598)
	Index Scan using sbtest7_pkey on sbtest7  (cost=0.43..83.56 rows=10 width=121)
	  Index Cond: (id = ANY ('{3196896,2913014,3487218,6362193,1600054,1923066,4469701,9915347,1741912,1929598}'::integer[]))

table 8 : explain SELECT c FROM sbtest8 WHERE id IN ( 3196896, 2913014, 3487218, 6362193, 1600054, 1923066, 4469701, 9915347, 1741912, 1929598)
	Index Scan using sbtest8_pkey on sbtest8  (cost=0.43..83.41 rows=10 width=121)
	  Index Cond: (id = ANY ('{3196896,2913014,3487218,6362193,1600054,1923066,4469701,9915347,1741912,1929598}'::integer[]))

for select-inlist
table 1 : explain SELECT c FROM sbtest1 WHERE id IN ( 8474557, 3705311, 3835630, 7591142, 7879408, 8159153, 6528573, 6488443, 7427413, 315816)
	Index Scan using sbtest1_pkey on sbtest1  (cost=0.43..83.56 rows=10 width=121)
	  Index Cond: (id = ANY ('{8474557,3705311,3835630,7591142,7879408,8159153,6528573,6488443,7427413,315816}'::integer[]))

table 2 : explain SELECT c FROM sbtest2 WHERE id IN ( 8474557, 3705311, 3835630, 7591142, 7879408, 8159153, 6528573, 6488443, 7427413, 315816)
	Index Scan using sbtest2_pkey on sbtest2  (cost=0.43..83.85 rows=10 width=121)
	  Index Cond: (id = ANY ('{8474557,3705311,3835630,7591142,7879408,8159153,6528573,6488443,7427413,315816}'::integer[]))

table 3 : explain SELECT c FROM sbtest3 WHERE id IN ( 8474557, 3705311, 3835630, 7591142, 7879408, 8159153, 6528573, 6488443, 7427413, 315816)
	Index Scan using sbtest3_pkey on sbtest3  (cost=0.43..83.65 rows=10 width=121)
	  Index Cond: (id = ANY ('{8474557,3705311,3835630,7591142,7879408,8159153,6528573,6488443,7427413,315816}'::integer[]))

table 4 : explain SELECT c FROM sbtest4 WHERE id IN ( 8474557, 3705311, 3835630, 7591142, 7879408, 8159153, 6528573, 6488443, 7427413, 315816)
	Index Scan using sbtest4_pkey on sbtest4  (cost=0.43..83.63 rows=10 width=121)
	  Index Cond: (id = ANY ('{8474557,3705311,3835630,7591142,7879408,8159153,6528573,6488443,7427413,315816}'::integer[]))

table 5 : explain SELECT c FROM sbtest5 WHERE id IN ( 8474557, 3705311, 3835630, 7591142, 7879408, 8159153, 6528573, 6488443, 7427413, 315816)
	Index Scan using sbtest5_pkey on sbtest5  (cost=0.43..83.63 rows=10 width=121)
	  Index Cond: (id = ANY ('{8474557,3705311,3835630,7591142,7879408,8159153,6528573,6488443,7427413,315816}'::integer[]))

table 6 : explain SELECT c FROM sbtest6 WHERE id IN ( 8474557, 3705311, 3835630, 7591142, 7879408, 8159153, 6528573, 6488443, 7427413, 315816)
	Index Scan using sbtest6_pkey on sbtest6  (cost=0.43..83.63 rows=10 width=121)
	  Index Cond: (id = ANY ('{8474557,3705311,3835630,7591142,7879408,8159153,6528573,6488443,7427413,315816}'::integer[]))

table 7 : explain SELECT c FROM sbtest7 WHERE id IN ( 8474557, 3705311, 3835630, 7591142, 7879408, 8159153, 6528573, 6488443, 7427413, 315816)
	Index Scan using sbtest7_pkey on sbtest7  (cost=0.43..83.56 rows=10 width=121)
	  Index Cond: (id = ANY ('{8474557,3705311,3835630,7591142,7879408,8159153,6528573,6488443,7427413,315816}'::integer[]))

table 8 : explain SELECT c FROM sbtest8 WHERE id IN ( 8474557, 3705311, 3835630, 7591142, 7879408, 8159153, 6528573, 6488443, 7427413, 315816)
	Index Scan using sbtest8_pkey on sbtest8  (cost=0.43..83.41 rows=10 width=121)
	  Index Cond: (id = ANY ('{8474557,3705311,3835630,7591142,7879408,8159153,6528573,6488443,7427413,315816}'::integer[]))

explain: for select-inlist :: explain SELECT c FROM sbtest%d WHERE id IN ( 6981762, 9850510, 2842070, 1166897, 2539454, 9662526, 3506205, 4102603, 8580481, 521026)
for select-inlist
table 1 : explain SELECT c FROM sbtest1 WHERE id IN ( 106637, 9711651, 7418362, 9714252, 6529714, 6851205, 9387528, 2503926, 5068165, 3701228)
	Index Scan using sbtest1_pkey on sbtest1  (cost=0.43..83.56 rows=10 width=121)
	  Index Cond: (id = ANY ('{106637,9711651,7418362,9714252,6529714,6851205,9387528,2503926,5068165,3701228}'::integer[]))

table 2 : explain SELECT c FROM sbtest2 WHERE id IN ( 106637, 9711651, 7418362, 9714252, 6529714, 6851205, 9387528, 2503926, 5068165, 3701228)
	Index Scan using sbtest2_pkey on sbtest2  (cost=0.43..83.85 rows=10 width=121)
	  Index Cond: (id = ANY ('{106637,9711651,7418362,9714252,6529714,6851205,9387528,2503926,5068165,3701228}'::integer[]))

table 3 : explain SELECT c FROM sbtest3 WHERE id IN ( 106637, 9711651, 7418362, 9714252, 6529714, 6851205, 9387528, 2503926, 5068165, 3701228)
	Index Scan using sbtest3_pkey on sbtest3  (cost=0.43..83.65 rows=10 width=121)
	  Index Cond: (id = ANY ('{106637,9711651,7418362,9714252,6529714,6851205,9387528,2503926,5068165,3701228}'::integer[]))

table 4 : explain SELECT c FROM sbtest4 WHERE id IN ( 106637, 9711651, 7418362, 9714252, 6529714, 6851205, 9387528, 2503926, 5068165, 3701228)
	Index Scan using sbtest4_pkey on sbtest4  (cost=0.43..83.63 rows=10 width=121)
	  Index Cond: (id = ANY ('{106637,9711651,7418362,9714252,6529714,6851205,9387528,2503926,5068165,3701228}'::integer[]))

table 5 : explain SELECT c FROM sbtest5 WHERE id IN ( 106637, 9711651, 7418362, 9714252, 6529714, 6851205, 9387528, 2503926, 5068165, 3701228)
	Index Scan using sbtest5_pkey on sbtest5  (cost=0.43..83.63 rows=10 width=121)
	  Index Cond: (id = ANY ('{106637,9711651,7418362,9714252,6529714,6851205,9387528,2503926,5068165,3701228}'::integer[]))

table 6 : explain SELECT c FROM sbtest6 WHERE id IN ( 106637, 9711651, 7418362, 9714252, 6529714, 6851205, 9387528, 2503926, 5068165, 3701228)
	Index Scan using sbtest6_pkey on sbtest6  (cost=0.43..83.63 rows=10 width=121)
	  Index Cond: (id = ANY ('{106637,9711651,7418362,9714252,6529714,6851205,9387528,2503926,5068165,3701228}'::integer[]))

table 7 : explain SELECT c FROM sbtest7 WHERE id IN ( 106637, 9711651, 7418362, 9714252, 6529714, 6851205, 9387528, 2503926, 5068165, 3701228)
	Index Scan using sbtest7_pkey on sbtest7  (cost=0.43..83.56 rows=10 width=121)
	  Index Cond: (id = ANY ('{106637,9711651,7418362,9714252,6529714,6851205,9387528,2503926,5068165,3701228}'::integer[]))

table 8 : explain SELECT c FROM sbtest8 WHERE id IN ( 106637, 9711651, 7418362, 9714252, 6529714, 6851205, 9387528, 2503926, 5068165, 3701228)
	Index Scan using sbtest8_pkey on sbtest8  (cost=0.43..83.41 rows=10 width=121)
	  Index Cond: (id = ANY ('{106637,9711651,7418362,9714252,6529714,6851205,9387528,2503926,5068165,3701228}'::integer[]))

for select-inlist
table 1 : explain SELECT c FROM sbtest1 WHERE id IN ( 2858854, 9296010, 2613335, 9941394, 6374325, 2563821, 6994900, 4744434, 310498, 9934785)
	Index Scan using sbtest1_pkey on sbtest1  (cost=0.43..83.56 rows=10 width=121)
	  Index Cond: (id = ANY ('{2858854,9296010,2613335,9941394,6374325,2563821,6994900,4744434,310498,9934785}'::integer[]))

table 2 : explain SELECT c FROM sbtest2 WHERE id IN ( 2858854, 9296010, 2613335, 9941394, 6374325, 2563821, 6994900, 4744434, 310498, 9934785)
	Index Scan using sbtest2_pkey on sbtest2  (cost=0.43..83.85 rows=10 width=121)
	  Index Cond: (id = ANY ('{2858854,9296010,2613335,9941394,6374325,2563821,6994900,4744434,310498,9934785}'::integer[]))

table 3 : explain SELECT c FROM sbtest3 WHERE id IN ( 2858854, 9296010, 2613335, 9941394, 6374325, 2563821, 6994900, 4744434, 310498, 9934785)
	Index Scan using sbtest3_pkey on sbtest3  (cost=0.43..83.65 rows=10 width=121)
	  Index Cond: (id = ANY ('{2858854,9296010,2613335,9941394,6374325,2563821,6994900,4744434,310498,9934785}'::integer[]))

table 4 : explain SELECT c FROM sbtest4 WHERE id IN ( 2858854, 9296010, 2613335, 9941394, 6374325, 2563821, 6994900, 4744434, 310498, 9934785)
	Index Scan using sbtest4_pkey on sbtest4  (cost=0.43..83.63 rows=10 width=121)
	  Index Cond: (id = ANY ('{2858854,9296010,2613335,9941394,6374325,2563821,6994900,4744434,310498,9934785}'::integer[]))

table 5 : explain SELECT c FROM sbtest5 WHERE id IN ( 2858854, 9296010, 2613335, 9941394, 6374325, 2563821, 6994900, 4744434, 310498, 9934785)
	Index Scan using sbtest5_pkey on sbtest5  (cost=0.43..83.63 rows=10 width=121)
	  Index Cond: (id = ANY ('{2858854,9296010,2613335,9941394,6374325,2563821,6994900,4744434,310498,9934785}'::integer[]))

table 6 : explain SELECT c FROM sbtest6 WHERE id IN ( 2858854, 9296010, 2613335, 9941394, 6374325, 2563821, 6994900, 4744434, 310498, 9934785)
	Index Scan using sbtest6_pkey on sbtest6  (cost=0.43..83.63 rows=10 width=121)
	  Index Cond: (id = ANY ('{2858854,9296010,2613335,9941394,6374325,2563821,6994900,4744434,310498,9934785}'::integer[]))

table 7 : explain SELECT c FROM sbtest7 WHERE id IN ( 2858854, 9296010, 2613335, 9941394, 6374325, 2563821, 6994900, 4744434, 310498, 9934785)
	Index Scan using sbtest7_pkey on sbtest7  (cost=0.43..83.56 rows=10 width=121)
	  Index Cond: (id = ANY ('{2858854,9296010,2613335,9941394,6374325,2563821,6994900,4744434,310498,9934785}'::integer[]))

table 8 : explain SELECT c FROM sbtest8 WHERE id IN ( 2858854, 9296010, 2613335, 9941394, 6374325, 2563821, 6994900, 4744434, 310498, 9934785)
	Index Scan using sbtest8_pkey on sbtest8  (cost=0.43..83.41 rows=10 width=121)
	  Index Cond: (id = ANY ('{2858854,9296010,2613335,9941394,6374325,2563821,6994900,4744434,310498,9934785}'::integer[]))

for select-inlist
table 1 : explain SELECT c FROM sbtest1 WHERE id IN ( 750075, 2882399, 2450563, 2009988, 6651622, 7831683, 4437130, 1156040, 3986061, 6163413)
	Index Scan using sbtest1_pkey on sbtest1  (cost=0.43..83.56 rows=10 width=121)
	  Index Cond: (id = ANY ('{750075,2882399,2450563,2009988,6651622,7831683,4437130,1156040,3986061,6163413}'::integer[]))

table 2 : explain SELECT c FROM sbtest2 WHERE id IN ( 750075, 2882399, 2450563, 2009988, 6651622, 7831683, 4437130, 1156040, 3986061, 6163413)
	Index Scan using sbtest2_pkey on sbtest2  (cost=0.43..83.85 rows=10 width=121)
	  Index Cond: (id = ANY ('{750075,2882399,2450563,2009988,6651622,7831683,4437130,1156040,3986061,6163413}'::integer[]))

table 3 : explain SELECT c FROM sbtest3 WHERE id IN ( 750075, 2882399, 2450563, 2009988, 6651622, 7831683, 4437130, 1156040, 3986061, 6163413)
	Index Scan using sbtest3_pkey on sbtest3  (cost=0.43..83.65 rows=10 width=121)
	  Index Cond: (id = ANY ('{750075,2882399,2450563,2009988,6651622,7831683,4437130,1156040,3986061,6163413}'::integer[]))

table 4 : explain SELECT c FROM sbtest4 WHERE id IN ( 750075, 2882399, 2450563, 2009988, 6651622, 7831683, 4437130, 1156040, 3986061, 6163413)
	Index Scan using sbtest4_pkey on sbtest4  (cost=0.43..83.63 rows=10 width=121)
	  Index Cond: (id = ANY ('{750075,2882399,2450563,2009988,6651622,7831683,4437130,1156040,3986061,6163413}'::integer[]))

table 5 : explain SELECT c FROM sbtest5 WHERE id IN ( 750075, 2882399, 2450563, 2009988, 6651622, 7831683, 4437130, 1156040, 3986061, 6163413)
	Index Scan using sbtest5_pkey on sbtest5  (cost=0.43..83.63 rows=10 width=121)
	  Index Cond: (id = ANY ('{750075,2882399,2450563,2009988,6651622,7831683,4437130,1156040,3986061,6163413}'::integer[]))

table 6 : explain SELECT c FROM sbtest6 WHERE id IN ( 750075, 2882399, 2450563, 2009988, 6651622, 7831683, 4437130, 1156040, 3986061, 6163413)
	Index Scan using sbtest6_pkey on sbtest6  (cost=0.43..83.63 rows=10 width=121)
	  Index Cond: (id = ANY ('{750075,2882399,2450563,2009988,6651622,7831683,4437130,1156040,3986061,6163413}'::integer[]))

table 7 : explain SELECT c FROM sbtest7 WHERE id IN ( 750075, 2882399, 2450563, 2009988, 6651622, 7831683, 4437130, 1156040, 3986061, 6163413)
	Index Scan using sbtest7_pkey on sbtest7  (cost=0.43..83.56 rows=10 width=121)
	  Index Cond: (id = ANY ('{750075,2882399,2450563,2009988,6651622,7831683,4437130,1156040,3986061,6163413}'::integer[]))

table 8 : explain SELECT c FROM sbtest8 WHERE id IN ( 750075, 2882399, 2450563, 2009988, 6651622, 7831683, 4437130, 1156040, 3986061, 6163413)
	Index Scan using sbtest8_pkey on sbtest8  (cost=0.43..83.41 rows=10 width=121)
	  Index Cond: (id = ANY ('{750075,2882399,2450563,2009988,6651622,7831683,4437130,1156040,3986061,6163413}'::integer[]))

for select-inlist
table 1 : explain SELECT c FROM sbtest1 WHERE id IN ( 1570281, 4773387, 28358, 8180401, 998275, 2131747, 1555828, 109536, 7304233, 7817896)
	Index Scan using sbtest1_pkey on sbtest1  (cost=0.43..83.56 rows=10 width=121)
	  Index Cond: (id = ANY ('{1570281,4773387,28358,8180401,998275,2131747,1555828,109536,7304233,7817896}'::integer[]))

table 2 : explain SELECT c FROM sbtest2 WHERE id IN ( 1570281, 4773387, 28358, 8180401, 998275, 2131747, 1555828, 109536, 7304233, 7817896)
	Index Scan using sbtest2_pkey on sbtest2  (cost=0.43..83.85 rows=10 width=121)
	  Index Cond: (id = ANY ('{1570281,4773387,28358,8180401,998275,2131747,1555828,109536,7304233,7817896}'::integer[]))

table 3 : explain SELECT c FROM sbtest3 WHERE id IN ( 1570281, 4773387, 28358, 8180401, 998275, 2131747, 1555828, 109536, 7304233, 7817896)
	Index Scan using sbtest3_pkey on sbtest3  (cost=0.43..83.65 rows=10 width=121)
	  Index Cond: (id = ANY ('{1570281,4773387,28358,8180401,998275,2131747,1555828,109536,7304233,7817896}'::integer[]))

table 4 : explain SELECT c FROM sbtest4 WHERE id IN ( 1570281, 4773387, 28358, 8180401, 998275, 2131747, 1555828, 109536, 7304233, 7817896)
	Index Scan using sbtest4_pkey on sbtest4  (cost=0.43..83.63 rows=10 width=121)
	  Index Cond: (id = ANY ('{1570281,4773387,28358,8180401,998275,2131747,1555828,109536,7304233,7817896}'::integer[]))

table 5 : explain SELECT c FROM sbtest5 WHERE id IN ( 1570281, 4773387, 28358, 8180401, 998275, 2131747, 1555828, 109536, 7304233, 7817896)
	Index Scan using sbtest5_pkey on sbtest5  (cost=0.43..83.63 rows=10 width=121)
	  Index Cond: (id = ANY ('{1570281,4773387,28358,8180401,998275,2131747,1555828,109536,7304233,7817896}'::integer[]))

table 6 : explain SELECT c FROM sbtest6 WHERE id IN ( 1570281, 4773387, 28358, 8180401, 998275, 2131747, 1555828, 109536, 7304233, 7817896)
	Index Scan using sbtest6_pkey on sbtest6  (cost=0.43..83.63 rows=10 width=121)
	  Index Cond: (id = ANY ('{1570281,4773387,28358,8180401,998275,2131747,1555828,109536,7304233,7817896}'::integer[]))

table 7 : explain SELECT c FROM sbtest7 WHERE id IN ( 1570281, 4773387, 28358, 8180401, 998275, 2131747, 1555828, 109536, 7304233, 7817896)
	Index Scan using sbtest7_pkey on sbtest7  (cost=0.43..83.56 rows=10 width=121)
	  Index Cond: (id = ANY ('{1570281,4773387,28358,8180401,998275,2131747,1555828,109536,7304233,7817896}'::integer[]))

table 8 : explain SELECT c FROM sbtest8 WHERE id IN ( 1570281, 4773387, 28358, 8180401, 998275, 2131747, 1555828, 109536, 7304233, 7817896)
	Index Scan using sbtest8_pkey on sbtest8  (cost=0.43..83.41 rows=10 width=121)
	  Index Cond: (id = ANY ('{1570281,4773387,28358,8180401,998275,2131747,1555828,109536,7304233,7817896}'::integer[]))

for select-inlist
table 1 : explain SELECT c FROM sbtest1 WHERE id IN ( 2961124, 3105185, 2561929, 5807005, 8026587, 3453966, 2915681, 6823710, 4711334, 9075671)
	Index Scan using sbtest1_pkey on sbtest1  (cost=0.43..83.56 rows=10 width=121)
	  Index Cond: (id = ANY ('{2961124,3105185,2561929,5807005,8026587,3453966,2915681,6823710,4711334,9075671}'::integer[]))

table 2 : explain SELECT c FROM sbtest2 WHERE id IN ( 2961124, 3105185, 2561929, 5807005, 8026587, 3453966, 2915681, 6823710, 4711334, 9075671)
	Index Scan using sbtest2_pkey on sbtest2  (cost=0.43..83.85 rows=10 width=121)
	  Index Cond: (id = ANY ('{2961124,3105185,2561929,5807005,8026587,3453966,2915681,6823710,4711334,9075671}'::integer[]))

table 3 : explain SELECT c FROM sbtest3 WHERE id IN ( 2961124, 3105185, 2561929, 5807005, 8026587, 3453966, 2915681, 6823710, 4711334, 9075671)
	Index Scan using sbtest3_pkey on sbtest3  (cost=0.43..83.65 rows=10 width=121)
	  Index Cond: (id = ANY ('{2961124,3105185,2561929,5807005,8026587,3453966,2915681,6823710,4711334,9075671}'::integer[]))

table 4 : explain SELECT c FROM sbtest4 WHERE id IN ( 2961124, 3105185, 2561929, 5807005, 8026587, 3453966, 2915681, 6823710, 4711334, 9075671)
	Index Scan using sbtest4_pkey on sbtest4  (cost=0.43..83.63 rows=10 width=121)
	  Index Cond: (id = ANY ('{2961124,3105185,2561929,5807005,8026587,3453966,2915681,6823710,4711334,9075671}'::integer[]))

table 5 : explain SELECT c FROM sbtest5 WHERE id IN ( 2961124, 3105185, 2561929, 5807005, 8026587, 3453966, 2915681, 6823710, 4711334, 9075671)
	Index Scan using sbtest5_pkey on sbtest5  (cost=0.43..83.63 rows=10 width=121)
	  Index Cond: (id = ANY ('{2961124,3105185,2561929,5807005,8026587,3453966,2915681,6823710,4711334,9075671}'::integer[]))

table 6 : explain SELECT c FROM sbtest6 WHERE id IN ( 2961124, 3105185, 2561929, 5807005, 8026587, 3453966, 2915681, 6823710, 4711334, 9075671)
	Index Scan using sbtest6_pkey on sbtest6  (cost=0.43..83.63 rows=10 width=121)
	  Index Cond: (id = ANY ('{2961124,3105185,2561929,5807005,8026587,3453966,2915681,6823710,4711334,9075671}'::integer[]))

table 7 : explain SELECT c FROM sbtest7 WHERE id IN ( 2961124, 3105185, 2561929, 5807005, 8026587, 3453966, 2915681, 6823710, 4711334, 9075671)
	Index Scan using sbtest7_pkey on sbtest7  (cost=0.43..83.56 rows=10 width=121)
	  Index Cond: (id = ANY ('{2961124,3105185,2561929,5807005,8026587,3453966,2915681,6823710,4711334,9075671}'::integer[]))

table 8 : explain SELECT c FROM sbtest8 WHERE id IN ( 2961124, 3105185, 2561929, 5807005, 8026587, 3453966, 2915681, 6823710, 4711334, 9075671)
	Index Scan using sbtest8_pkey on sbtest8  (cost=0.43..83.41 rows=10 width=121)
	  Index Cond: (id = ANY ('{2961124,3105185,2561929,5807005,8026587,3453966,2915681,6823710,4711334,9075671}'::integer[]))

for select-inlist
table 1 : explain SELECT c FROM sbtest1 WHERE id IN ( 3605872, 2441234, 6793491, 9007361, 1897000, 5792780, 7836403, 3618108, 5573249, 2617903)
	Index Scan using sbtest1_pkey on sbtest1  (cost=0.43..83.56 rows=10 width=121)
	  Index Cond: (id = ANY ('{3605872,2441234,6793491,9007361,1897000,5792780,7836403,3618108,5573249,2617903}'::integer[]))

table 2 : explain SELECT c FROM sbtest2 WHERE id IN ( 3605872, 2441234, 6793491, 9007361, 1897000, 5792780, 7836403, 3618108, 5573249, 2617903)
	Index Scan using sbtest2_pkey on sbtest2  (cost=0.43..83.85 rows=10 width=121)
	  Index Cond: (id = ANY ('{3605872,2441234,6793491,9007361,1897000,5792780,7836403,3618108,5573249,2617903}'::integer[]))

table 3 : explain SELECT c FROM sbtest3 WHERE id IN ( 3605872, 2441234, 6793491, 9007361, 1897000, 5792780, 7836403, 3618108, 5573249, 2617903)
	Index Scan using sbtest3_pkey on sbtest3  (cost=0.43..83.65 rows=10 width=121)
	  Index Cond: (id = ANY ('{3605872,2441234,6793491,9007361,1897000,5792780,7836403,3618108,5573249,2617903}'::integer[]))

table 4 : explain SELECT c FROM sbtest4 WHERE id IN ( 3605872, 2441234, 6793491, 9007361, 1897000, 5792780, 7836403, 3618108, 5573249, 2617903)
	Index Scan using sbtest4_pkey on sbtest4  (cost=0.43..83.63 rows=10 width=121)
	  Index Cond: (id = ANY ('{3605872,2441234,6793491,9007361,1897000,5792780,7836403,3618108,5573249,2617903}'::integer[]))

table 5 : explain SELECT c FROM sbtest5 WHERE id IN ( 3605872, 2441234, 6793491, 9007361, 1897000, 5792780, 7836403, 3618108, 5573249, 2617903)
	Index Scan using sbtest5_pkey on sbtest5  (cost=0.43..83.63 rows=10 width=121)
	  Index Cond: (id = ANY ('{3605872,2441234,6793491,9007361,1897000,5792780,7836403,3618108,5573249,2617903}'::integer[]))

table 6 : explain SELECT c FROM sbtest6 WHERE id IN ( 3605872, 2441234, 6793491, 9007361, 1897000, 5792780, 7836403, 3618108, 5573249, 2617903)
	Index Scan using sbtest6_pkey on sbtest6  (cost=0.43..83.63 rows=10 width=121)
	  Index Cond: (id = ANY ('{3605872,2441234,6793491,9007361,1897000,5792780,7836403,3618108,5573249,2617903}'::integer[]))

table 7 : explain SELECT c FROM sbtest7 WHERE id IN ( 3605872, 2441234, 6793491, 9007361, 1897000, 5792780, 7836403, 3618108, 5573249, 2617903)
	Index Scan using sbtest7_pkey on sbtest7  (cost=0.43..83.56 rows=10 width=121)
	  Index Cond: (id = ANY ('{3605872,2441234,6793491,9007361,1897000,5792780,7836403,3618108,5573249,2617903}'::integer[]))

table 8 : explain SELECT c FROM sbtest8 WHERE id IN ( 3605872, 2441234, 6793491, 9007361, 1897000, 5792780, 7836403, 3618108, 5573249, 2617903)
	Index Scan using sbtest8_pkey on sbtest8  (cost=0.43..83.41 rows=10 width=121)
	  Index Cond: (id = ANY ('{3605872,2441234,6793491,9007361,1897000,5792780,7836403,3618108,5573249,2617903}'::integer[]))

for select-inlist
table 1 : explain SELECT c FROM sbtest1 WHERE id IN ( 3849805, 1737964, 7386377, 5525677, 7727625, 511288, 490602, 223671, 7721530, 4080043)
	Index Scan using sbtest1_pkey on sbtest1  (cost=0.43..83.56 rows=10 width=121)
	  Index Cond: (id = ANY ('{3849805,1737964,7386377,5525677,7727625,511288,490602,223671,7721530,4080043}'::integer[]))

table 2 : explain SELECT c FROM sbtest2 WHERE id IN ( 3849805, 1737964, 7386377, 5525677, 7727625, 511288, 490602, 223671, 7721530, 4080043)
	Index Scan using sbtest2_pkey on sbtest2  (cost=0.43..83.85 rows=10 width=121)
	  Index Cond: (id = ANY ('{3849805,1737964,7386377,5525677,7727625,511288,490602,223671,7721530,4080043}'::integer[]))

table 3 : explain SELECT c FROM sbtest3 WHERE id IN ( 3849805, 1737964, 7386377, 5525677, 7727625, 511288, 490602, 223671, 7721530, 4080043)
	Index Scan using sbtest3_pkey on sbtest3  (cost=0.43..83.65 rows=10 width=121)
	  Index Cond: (id = ANY ('{3849805,1737964,7386377,5525677,7727625,511288,490602,223671,7721530,4080043}'::integer[]))

table 4 : explain SELECT c FROM sbtest4 WHERE id IN ( 3849805, 1737964, 7386377, 5525677, 7727625, 511288, 490602, 223671, 7721530, 4080043)
	Index Scan using sbtest4_pkey on sbtest4  (cost=0.43..83.63 rows=10 width=121)
	  Index Cond: (id = ANY ('{3849805,1737964,7386377,5525677,7727625,511288,490602,223671,7721530,4080043}'::integer[]))

table 5 : explain SELECT c FROM sbtest5 WHERE id IN ( 3849805, 1737964, 7386377, 5525677, 7727625, 511288, 490602, 223671, 7721530, 4080043)
	Index Scan using sbtest5_pkey on sbtest5  (cost=0.43..83.63 rows=10 width=121)
	  Index Cond: (id = ANY ('{3849805,1737964,7386377,5525677,7727625,511288,490602,223671,7721530,4080043}'::integer[]))

table 6 : explain SELECT c FROM sbtest6 WHERE id IN ( 3849805, 1737964, 7386377, 5525677, 7727625, 511288, 490602, 223671, 7721530, 4080043)
	Index Scan using sbtest6_pkey on sbtest6  (cost=0.43..83.63 rows=10 width=121)
	  Index Cond: (id = ANY ('{3849805,1737964,7386377,5525677,7727625,511288,490602,223671,7721530,4080043}'::integer[]))

table 7 : explain SELECT c FROM sbtest7 WHERE id IN ( 3849805, 1737964, 7386377, 5525677, 7727625, 511288, 490602, 223671, 7721530, 4080043)
	Index Scan using sbtest7_pkey on sbtest7  (cost=0.43..83.56 rows=10 width=121)
	  Index Cond: (id = ANY ('{3849805,1737964,7386377,5525677,7727625,511288,490602,223671,7721530,4080043}'::integer[]))

table 8 : explain SELECT c FROM sbtest8 WHERE id IN ( 3849805, 1737964, 7386377, 5525677, 7727625, 511288, 490602, 223671, 7721530, 4080043)
	Index Scan using sbtest8_pkey on sbtest8  (cost=0.43..83.41 rows=10 width=121)
	  Index Cond: (id = ANY ('{3849805,1737964,7386377,5525677,7727625,511288,490602,223671,7721530,4080043}'::integer[]))

for select-inlist
table 1 : explain SELECT c FROM sbtest1 WHERE id IN ( 6981762, 9850510, 2842070, 1166897, 2539454, 9662526, 3506205, 4102603, 8580481, 521026)
	Index Scan using sbtest1_pkey on sbtest1  (cost=0.43..83.56 rows=10 width=121)
	  Index Cond: (id = ANY ('{6981762,9850510,2842070,1166897,2539454,9662526,3506205,4102603,8580481,521026}'::integer[]))

table 2 : explain SELECT c FROM sbtest2 WHERE id IN ( 6981762, 9850510, 2842070, 1166897, 2539454, 9662526, 3506205, 4102603, 8580481, 521026)
	Index Scan using sbtest2_pkey on sbtest2  (cost=0.43..83.85 rows=10 width=121)
	  Index Cond: (id = ANY ('{6981762,9850510,2842070,1166897,2539454,9662526,3506205,4102603,8580481,521026}'::integer[]))

table 3 : explain SELECT c FROM sbtest3 WHERE id IN ( 6981762, 9850510, 2842070, 1166897, 2539454, 9662526, 3506205, 4102603, 8580481, 521026)
	Index Scan using sbtest3_pkey on sbtest3  (cost=0.43..83.65 rows=10 width=121)
	  Index Cond: (id = ANY ('{6981762,9850510,2842070,1166897,2539454,9662526,3506205,4102603,8580481,521026}'::integer[]))

table 4 : explain SELECT c FROM sbtest4 WHERE id IN ( 6981762, 9850510, 2842070, 1166897, 2539454, 9662526, 3506205, 4102603, 8580481, 521026)
	Index Scan using sbtest4_pkey on sbtest4  (cost=0.43..83.63 rows=10 width=121)
	  Index Cond: (id = ANY ('{6981762,9850510,2842070,1166897,2539454,9662526,3506205,4102603,8580481,521026}'::integer[]))

table 5 : explain SELECT c FROM sbtest5 WHERE id IN ( 6981762, 9850510, 2842070, 1166897, 2539454, 9662526, 3506205, 4102603, 8580481, 521026)
	Index Scan using sbtest5_pkey on sbtest5  (cost=0.43..83.63 rows=10 width=121)
	  Index Cond: (id = ANY ('{6981762,9850510,2842070,1166897,2539454,9662526,3506205,4102603,8580481,521026}'::integer[]))

table 6 : explain SELECT c FROM sbtest6 WHERE id IN ( 6981762, 9850510, 2842070, 1166897, 2539454, 9662526, 3506205, 4102603, 8580481, 521026)
	Index Scan using sbtest6_pkey on sbtest6  (cost=0.43..83.63 rows=10 width=121)
	  Index Cond: (id = ANY ('{6981762,9850510,2842070,1166897,2539454,9662526,3506205,4102603,8580481,521026}'::integer[]))

table 7 : explain SELECT c FROM sbtest7 WHERE id IN ( 6981762, 9850510, 2842070, 1166897, 2539454, 9662526, 3506205, 4102603, 8580481, 521026)
	Index Scan using sbtest7_pkey on sbtest7  (cost=0.43..83.56 rows=10 width=121)
	  Index Cond: (id = ANY ('{6981762,9850510,2842070,1166897,2539454,9662526,3506205,4102603,8580481,521026}'::integer[]))

table 8 : explain SELECT c FROM sbtest8 WHERE id IN ( 6981762, 9850510, 2842070, 1166897, 2539454, 9662526, 3506205, 4102603, 8580481, 521026)
	Index Scan using sbtest8_pkey on sbtest8  (cost=0.43..83.41 rows=10 width=121)
	  Index Cond: (id = ANY ('{6981762,9850510,2842070,1166897,2539454,9662526,3506205,4102603,8580481,521026}'::integer[]))

explain: for select-inlist :: explain SELECT c FROM sbtest%d WHERE id IN ( 6488793, 7603750, 9302217, 9885111, 5157044, 8605588, 3446650, 273738, 4607884, 6803107)
explain: for select-inlist :: explain SELECT c FROM sbtest%d WHERE id IN ( 5863737, 3311307, 7447687, 4712542, 1282512, 2546492, 3029774, 6999134, 5470849, 3125559)
explain: for select-inlist :: explain SELECT c FROM sbtest%d WHERE id IN ( 8345399, 2302950, 5192721, 1577427, 634650, 7904079, 4895614, 7866951, 4182339, 5411607)
explain: for select-inlist :: explain SELECT c FROM sbtest%d WHERE id IN ( 7062722, 3551744, 1224456, 8873098, 180106, 603734, 4293667, 8987993, 444542, 4871543)
explain: for select-inlist :: explain SELECT c FROM sbtest%d WHERE id IN ( 6077855, 4789748, 7498998, 8055137, 1481434, 1670972, 2938124, 881453, 287939, 6496778)
for select-inlist
table 1 : explain SELECT c FROM sbtest1 WHERE id IN ( 6488793, 7603750, 9302217, 9885111, 5157044, 8605588, 3446650, 273738, 4607884, 6803107)
	Index Scan using sbtest1_pkey on sbtest1  (cost=0.43..83.56 rows=10 width=121)
	  Index Cond: (id = ANY ('{6488793,7603750,9302217,9885111,5157044,8605588,3446650,273738,4607884,6803107}'::integer[]))

table 2 : explain SELECT c FROM sbtest2 WHERE id IN ( 6488793, 7603750, 9302217, 9885111, 5157044, 8605588, 3446650, 273738, 4607884, 6803107)
	Index Scan using sbtest2_pkey on sbtest2  (cost=0.43..83.85 rows=10 width=121)
	  Index Cond: (id = ANY ('{6488793,7603750,9302217,9885111,5157044,8605588,3446650,273738,4607884,6803107}'::integer[]))

table 3 : explain SELECT c FROM sbtest3 WHERE id IN ( 6488793, 7603750, 9302217, 9885111, 5157044, 8605588, 3446650, 273738, 4607884, 6803107)
	Index Scan using sbtest3_pkey on sbtest3  (cost=0.43..83.65 rows=10 width=121)
	  Index Cond: (id = ANY ('{6488793,7603750,9302217,9885111,5157044,8605588,3446650,273738,4607884,6803107}'::integer[]))

table 4 : explain SELECT c FROM sbtest4 WHERE id IN ( 6488793, 7603750, 9302217, 9885111, 5157044, 8605588, 3446650, 273738, 4607884, 6803107)
	Index Scan using sbtest4_pkey on sbtest4  (cost=0.43..83.63 rows=10 width=121)
	  Index Cond: (id = ANY ('{6488793,7603750,9302217,9885111,5157044,8605588,3446650,273738,4607884,6803107}'::integer[]))

table 5 : explain SELECT c FROM sbtest5 WHERE id IN ( 6488793, 7603750, 9302217, 9885111, 5157044, 8605588, 3446650, 273738, 4607884, 6803107)
	Index Scan using sbtest5_pkey on sbtest5  (cost=0.43..83.63 rows=10 width=121)
	  Index Cond: (id = ANY ('{6488793,7603750,9302217,9885111,5157044,8605588,3446650,273738,4607884,6803107}'::integer[]))

table 6 : explain SELECT c FROM sbtest6 WHERE id IN ( 6488793, 7603750, 9302217, 9885111, 5157044, 8605588, 3446650, 273738, 4607884, 6803107)
	Index Scan using sbtest6_pkey on sbtest6  (cost=0.43..83.63 rows=10 width=121)
	  Index Cond: (id = ANY ('{6488793,7603750,9302217,9885111,5157044,8605588,3446650,273738,4607884,6803107}'::integer[]))

table 7 : explain SELECT c FROM sbtest7 WHERE id IN ( 6488793, 7603750, 9302217, 9885111, 5157044, 8605588, 3446650, 273738, 4607884, 6803107)
	Index Scan using sbtest7_pkey on sbtest7  (cost=0.43..83.56 rows=10 width=121)
	  Index Cond: (id = ANY ('{6488793,7603750,9302217,9885111,5157044,8605588,3446650,273738,4607884,6803107}'::integer[]))

table 8 : explain SELECT c FROM sbtest8 WHERE id IN ( 6488793, 7603750, 9302217, 9885111, 5157044, 8605588, 3446650, 273738, 4607884, 6803107)
	Index Scan using sbtest8_pkey on sbtest8  (cost=0.43..83.41 rows=10 width=121)
	  Index Cond: (id = ANY ('{6488793,7603750,9302217,9885111,5157044,8605588,3446650,273738,4607884,6803107}'::integer[]))

for select-inlist
table 1 : explain SELECT c FROM sbtest1 WHERE id IN ( 5863737, 3311307, 7447687, 4712542, 1282512, 2546492, 3029774, 6999134, 5470849, 3125559)
	Index Scan using sbtest1_pkey on sbtest1  (cost=0.43..83.56 rows=10 width=121)
	  Index Cond: (id = ANY ('{5863737,3311307,7447687,4712542,1282512,2546492,3029774,6999134,5470849,3125559}'::integer[]))

table 2 : explain SELECT c FROM sbtest2 WHERE id IN ( 5863737, 3311307, 7447687, 4712542, 1282512, 2546492, 3029774, 6999134, 5470849, 3125559)
	Index Scan using sbtest2_pkey on sbtest2  (cost=0.43..83.85 rows=10 width=121)
	  Index Cond: (id = ANY ('{5863737,3311307,7447687,4712542,1282512,2546492,3029774,6999134,5470849,3125559}'::integer[]))

table 3 : explain SELECT c FROM sbtest3 WHERE id IN ( 5863737, 3311307, 7447687, 4712542, 1282512, 2546492, 3029774, 6999134, 5470849, 3125559)
	Index Scan using sbtest3_pkey on sbtest3  (cost=0.43..83.65 rows=10 width=121)
	  Index Cond: (id = ANY ('{5863737,3311307,7447687,4712542,1282512,2546492,3029774,6999134,5470849,3125559}'::integer[]))

table 4 : explain SELECT c FROM sbtest4 WHERE id IN ( 5863737, 3311307, 7447687, 4712542, 1282512, 2546492, 3029774, 6999134, 5470849, 3125559)
	Index Scan using sbtest4_pkey on sbtest4  (cost=0.43..83.63 rows=10 width=121)
	  Index Cond: (id = ANY ('{5863737,3311307,7447687,4712542,1282512,2546492,3029774,6999134,5470849,3125559}'::integer[]))

table 5 : explain SELECT c FROM sbtest5 WHERE id IN ( 5863737, 3311307, 7447687, 4712542, 1282512, 2546492, 3029774, 6999134, 5470849, 3125559)
	Index Scan using sbtest5_pkey on sbtest5  (cost=0.43..83.63 rows=10 width=121)
	  Index Cond: (id = ANY ('{5863737,3311307,7447687,4712542,1282512,2546492,3029774,6999134,5470849,3125559}'::integer[]))

table 6 : explain SELECT c FROM sbtest6 WHERE id IN ( 5863737, 3311307, 7447687, 4712542, 1282512, 2546492, 3029774, 6999134, 5470849, 3125559)
	Index Scan using sbtest6_pkey on sbtest6  (cost=0.43..83.63 rows=10 width=121)
	  Index Cond: (id = ANY ('{5863737,3311307,7447687,4712542,1282512,2546492,3029774,6999134,5470849,3125559}'::integer[]))

table 7 : explain SELECT c FROM sbtest7 WHERE id IN ( 5863737, 3311307, 7447687, 4712542, 1282512, 2546492, 3029774, 6999134, 5470849, 3125559)
	Index Scan using sbtest7_pkey on sbtest7  (cost=0.43..83.56 rows=10 width=121)
	  Index Cond: (id = ANY ('{5863737,3311307,7447687,4712542,1282512,2546492,3029774,6999134,5470849,3125559}'::integer[]))

table 8 : explain SELECT c FROM sbtest8 WHERE id IN ( 5863737, 3311307, 7447687, 4712542, 1282512, 2546492, 3029774, 6999134, 5470849, 3125559)
	Index Scan using sbtest8_pkey on sbtest8  (cost=0.43..83.41 rows=10 width=121)
	  Index Cond: (id = ANY ('{5863737,3311307,7447687,4712542,1282512,2546492,3029774,6999134,5470849,3125559}'::integer[]))

for select-inlist
table 1 : explain SELECT c FROM sbtest1 WHERE id IN ( 8345399, 2302950, 5192721, 1577427, 634650, 7904079, 4895614, 7866951, 4182339, 5411607)
	Index Scan using sbtest1_pkey on sbtest1  (cost=0.43..83.56 rows=10 width=121)
	  Index Cond: (id = ANY ('{8345399,2302950,5192721,1577427,634650,7904079,4895614,7866951,4182339,5411607}'::integer[]))

table 2 : explain SELECT c FROM sbtest2 WHERE id IN ( 8345399, 2302950, 5192721, 1577427, 634650, 7904079, 4895614, 7866951, 4182339, 5411607)
	Index Scan using sbtest2_pkey on sbtest2  (cost=0.43..83.85 rows=10 width=121)
	  Index Cond: (id = ANY ('{8345399,2302950,5192721,1577427,634650,7904079,4895614,7866951,4182339,5411607}'::integer[]))

table 3 : explain SELECT c FROM sbtest3 WHERE id IN ( 8345399, 2302950, 5192721, 1577427, 634650, 7904079, 4895614, 7866951, 4182339, 5411607)
	Index Scan using sbtest3_pkey on sbtest3  (cost=0.43..83.65 rows=10 width=121)
	  Index Cond: (id = ANY ('{8345399,2302950,5192721,1577427,634650,7904079,4895614,7866951,4182339,5411607}'::integer[]))

table 4 : explain SELECT c FROM sbtest4 WHERE id IN ( 8345399, 2302950, 5192721, 1577427, 634650, 7904079, 4895614, 7866951, 4182339, 5411607)
	Index Scan using sbtest4_pkey on sbtest4  (cost=0.43..83.63 rows=10 width=121)
	  Index Cond: (id = ANY ('{8345399,2302950,5192721,1577427,634650,7904079,4895614,7866951,4182339,5411607}'::integer[]))

table 5 : explain SELECT c FROM sbtest5 WHERE id IN ( 8345399, 2302950, 5192721, 1577427, 634650, 7904079, 4895614, 7866951, 4182339, 5411607)
	Index Scan using sbtest5_pkey on sbtest5  (cost=0.43..83.63 rows=10 width=121)
	  Index Cond: (id = ANY ('{8345399,2302950,5192721,1577427,634650,7904079,4895614,7866951,4182339,5411607}'::integer[]))

table 6 : explain SELECT c FROM sbtest6 WHERE id IN ( 8345399, 2302950, 5192721, 1577427, 634650, 7904079, 4895614, 7866951, 4182339, 5411607)
	Index Scan using sbtest6_pkey on sbtest6  (cost=0.43..83.63 rows=10 width=121)
	  Index Cond: (id = ANY ('{8345399,2302950,5192721,1577427,634650,7904079,4895614,7866951,4182339,5411607}'::integer[]))

table 7 : explain SELECT c FROM sbtest7 WHERE id IN ( 8345399, 2302950, 5192721, 1577427, 634650, 7904079, 4895614, 7866951, 4182339, 5411607)
	Index Scan using sbtest7_pkey on sbtest7  (cost=0.43..83.56 rows=10 width=121)
	  Index Cond: (id = ANY ('{8345399,2302950,5192721,1577427,634650,7904079,4895614,7866951,4182339,5411607}'::integer[]))

table 8 : explain SELECT c FROM sbtest8 WHERE id IN ( 8345399, 2302950, 5192721, 1577427, 634650, 7904079, 4895614, 7866951, 4182339, 5411607)
	Index Scan using sbtest8_pkey on sbtest8  (cost=0.43..83.41 rows=10 width=121)
	  Index Cond: (id = ANY ('{8345399,2302950,5192721,1577427,634650,7904079,4895614,7866951,4182339,5411607}'::integer[]))

for select-inlist
table 1 : explain SELECT c FROM sbtest1 WHERE id IN ( 6077855, 4789748, 7498998, 8055137, 1481434, 1670972, 2938124, 881453, 287939, 6496778)
	Index Scan using sbtest1_pkey on sbtest1  (cost=0.43..83.56 rows=10 width=121)
	  Index Cond: (id = ANY ('{6077855,4789748,7498998,8055137,1481434,1670972,2938124,881453,287939,6496778}'::integer[]))

table 2 : explain SELECT c FROM sbtest2 WHERE id IN ( 6077855, 4789748, 7498998, 8055137, 1481434, 1670972, 2938124, 881453, 287939, 6496778)
	Index Scan using sbtest2_pkey on sbtest2  (cost=0.43..83.85 rows=10 width=121)
	  Index Cond: (id = ANY ('{6077855,4789748,7498998,8055137,1481434,1670972,2938124,881453,287939,6496778}'::integer[]))

table 3 : explain SELECT c FROM sbtest3 WHERE id IN ( 6077855, 4789748, 7498998, 8055137, 1481434, 1670972, 2938124, 881453, 287939, 6496778)
	Index Scan using sbtest3_pkey on sbtest3  (cost=0.43..83.65 rows=10 width=121)
	  Index Cond: (id = ANY ('{6077855,4789748,7498998,8055137,1481434,1670972,2938124,881453,287939,6496778}'::integer[]))

table 4 : explain SELECT c FROM sbtest4 WHERE id IN ( 6077855, 4789748, 7498998, 8055137, 1481434, 1670972, 2938124, 881453, 287939, 6496778)
	Index Scan using sbtest4_pkey on sbtest4  (cost=0.43..83.63 rows=10 width=121)
	  Index Cond: (id = ANY ('{6077855,4789748,7498998,8055137,1481434,1670972,2938124,881453,287939,6496778}'::integer[]))

table 5 : explain SELECT c FROM sbtest5 WHERE id IN ( 6077855, 4789748, 7498998, 8055137, 1481434, 1670972, 2938124, 881453, 287939, 6496778)
	Index Scan using sbtest5_pkey on sbtest5  (cost=0.43..83.63 rows=10 width=121)
	  Index Cond: (id = ANY ('{6077855,4789748,7498998,8055137,1481434,1670972,2938124,881453,287939,6496778}'::integer[]))

table 6 : explain SELECT c FROM sbtest6 WHERE id IN ( 6077855, 4789748, 7498998, 8055137, 1481434, 1670972, 2938124, 881453, 287939, 6496778)
	Index Scan using sbtest6_pkey on sbtest6  (cost=0.43..83.63 rows=10 width=121)
	  Index Cond: (id = ANY ('{6077855,4789748,7498998,8055137,1481434,1670972,2938124,881453,287939,6496778}'::integer[]))

table 7 : explain SELECT c FROM sbtest7 WHERE id IN ( 6077855, 4789748, 7498998, 8055137, 1481434, 1670972, 2938124, 881453, 287939, 6496778)
	Index Scan using sbtest7_pkey on sbtest7  (cost=0.43..83.56 rows=10 width=121)
	  Index Cond: (id = ANY ('{6077855,4789748,7498998,8055137,1481434,1670972,2938124,881453,287939,6496778}'::integer[]))

table 8 : explain SELECT c FROM sbtest8 WHERE id IN ( 6077855, 4789748, 7498998, 8055137, 1481434, 1670972, 2938124, 881453, 287939, 6496778)
	Index Scan using sbtest8_pkey on sbtest8  (cost=0.43..83.41 rows=10 width=121)
	  Index Cond: (id = ANY ('{6077855,4789748,7498998,8055137,1481434,1670972,2938124,881453,287939,6496778}'::integer[]))

for select-inlist
table 1 : explain SELECT c FROM sbtest1 WHERE id IN ( 7062722, 3551744, 1224456, 8873098, 180106, 603734, 4293667, 8987993, 444542, 4871543)
	Index Scan using sbtest1_pkey on sbtest1  (cost=0.43..83.56 rows=10 width=121)
	  Index Cond: (id = ANY ('{7062722,3551744,1224456,8873098,180106,603734,4293667,8987993,444542,4871543}'::integer[]))

table 2 : explain SELECT c FROM sbtest2 WHERE id IN ( 7062722, 3551744, 1224456, 8873098, 180106, 603734, 4293667, 8987993, 444542, 4871543)
	Index Scan using sbtest2_pkey on sbtest2  (cost=0.43..83.85 rows=10 width=121)
	  Index Cond: (id = ANY ('{7062722,3551744,1224456,8873098,180106,603734,4293667,8987993,444542,4871543}'::integer[]))

table 3 : explain SELECT c FROM sbtest3 WHERE id IN ( 7062722, 3551744, 1224456, 8873098, 180106, 603734, 4293667, 8987993, 444542, 4871543)
	Index Scan using sbtest3_pkey on sbtest3  (cost=0.43..83.65 rows=10 width=121)
	  Index Cond: (id = ANY ('{7062722,3551744,1224456,8873098,180106,603734,4293667,8987993,444542,4871543}'::integer[]))

table 4 : explain SELECT c FROM sbtest4 WHERE id IN ( 7062722, 3551744, 1224456, 8873098, 180106, 603734, 4293667, 8987993, 444542, 4871543)
	Index Scan using sbtest4_pkey on sbtest4  (cost=0.43..83.63 rows=10 width=121)
	  Index Cond: (id = ANY ('{7062722,3551744,1224456,8873098,180106,603734,4293667,8987993,444542,4871543}'::integer[]))

table 5 : explain SELECT c FROM sbtest5 WHERE id IN ( 7062722, 3551744, 1224456, 8873098, 180106, 603734, 4293667, 8987993, 444542, 4871543)
	Index Scan using sbtest5_pkey on sbtest5  (cost=0.43..83.63 rows=10 width=121)
	  Index Cond: (id = ANY ('{7062722,3551744,1224456,8873098,180106,603734,4293667,8987993,444542,4871543}'::integer[]))

table 6 : explain SELECT c FROM sbtest6 WHERE id IN ( 7062722, 3551744, 1224456, 8873098, 180106, 603734, 4293667, 8987993, 444542, 4871543)
	Index Scan using sbtest6_pkey on sbtest6  (cost=0.43..83.63 rows=10 width=121)
	  Index Cond: (id = ANY ('{7062722,3551744,1224456,8873098,180106,603734,4293667,8987993,444542,4871543}'::integer[]))

table 7 : explain SELECT c FROM sbtest7 WHERE id IN ( 7062722, 3551744, 1224456, 8873098, 180106, 603734, 4293667, 8987993, 444542, 4871543)
	Index Scan using sbtest7_pkey on sbtest7  (cost=0.43..83.56 rows=10 width=121)
	  Index Cond: (id = ANY ('{7062722,3551744,1224456,8873098,180106,603734,4293667,8987993,444542,4871543}'::integer[]))

table 8 : explain SELECT c FROM sbtest8 WHERE id IN ( 7062722, 3551744, 1224456, 8873098, 180106, 603734, 4293667, 8987993, 444542, 4871543)
	Index Scan using sbtest8_pkey on sbtest8  (cost=0.43..83.41 rows=10 width=121)
	  Index Cond: (id = ANY ('{7062722,3551744,1224456,8873098,180106,603734,4293667,8987993,444542,4871543}'::integer[]))

explain: for select-inlist :: explain SELECT c FROM sbtest%d WHERE id IN ( 4014755, 5444698, 8630931, 5673095, 8015152, 560843, 185333, 5111176, 6434359, 3756916)
for select-inlist
table 1 : explain SELECT c FROM sbtest1 WHERE id IN ( 4014755, 5444698, 8630931, 5673095, 8015152, 560843, 185333, 5111176, 6434359, 3756916)
	Index Scan using sbtest1_pkey on sbtest1  (cost=0.43..83.56 rows=10 width=121)
	  Index Cond: (id = ANY ('{4014755,5444698,8630931,5673095,8015152,560843,185333,5111176,6434359,3756916}'::integer[]))

table 2 : explain SELECT c FROM sbtest2 WHERE id IN ( 4014755, 5444698, 8630931, 5673095, 8015152, 560843, 185333, 5111176, 6434359, 3756916)
	Index Scan using sbtest2_pkey on sbtest2  (cost=0.43..83.85 rows=10 width=121)
	  Index Cond: (id = ANY ('{4014755,5444698,8630931,5673095,8015152,560843,185333,5111176,6434359,3756916}'::integer[]))

table 3 : explain SELECT c FROM sbtest3 WHERE id IN ( 4014755, 5444698, 8630931, 5673095, 8015152, 560843, 185333, 5111176, 6434359, 3756916)
	Index Scan using sbtest3_pkey on sbtest3  (cost=0.43..83.65 rows=10 width=121)
	  Index Cond: (id = ANY ('{4014755,5444698,8630931,5673095,8015152,560843,185333,5111176,6434359,3756916}'::integer[]))

table 4 : explain SELECT c FROM sbtest4 WHERE id IN ( 4014755, 5444698, 8630931, 5673095, 8015152, 560843, 185333, 5111176, 6434359, 3756916)
	Index Scan using sbtest4_pkey on sbtest4  (cost=0.43..83.63 rows=10 width=121)
	  Index Cond: (id = ANY ('{4014755,5444698,8630931,5673095,8015152,560843,185333,5111176,6434359,3756916}'::integer[]))

table 5 : explain SELECT c FROM sbtest5 WHERE id IN ( 4014755, 5444698, 8630931, 5673095, 8015152, 560843, 185333, 5111176, 6434359, 3756916)
	Index Scan using sbtest5_pkey on sbtest5  (cost=0.43..83.63 rows=10 width=121)
	  Index Cond: (id = ANY ('{4014755,5444698,8630931,5673095,8015152,560843,185333,5111176,6434359,3756916}'::integer[]))

table 6 : explain SELECT c FROM sbtest6 WHERE id IN ( 4014755, 5444698, 8630931, 5673095, 8015152, 560843, 185333, 5111176, 6434359, 3756916)
	Index Scan using sbtest6_pkey on sbtest6  (cost=0.43..83.63 rows=10 width=121)
	  Index Cond: (id = ANY ('{4014755,5444698,8630931,5673095,8015152,560843,185333,5111176,6434359,3756916}'::integer[]))

table 7 : explain SELECT c FROM sbtest7 WHERE id IN ( 4014755, 5444698, 8630931, 5673095, 8015152, 560843, 185333, 5111176, 6434359, 3756916)
	Index Scan using sbtest7_pkey on sbtest7  (cost=0.43..83.56 rows=10 width=121)
	  Index Cond: (id = ANY ('{4014755,5444698,8630931,5673095,8015152,560843,185333,5111176,6434359,3756916}'::integer[]))

table 8 : explain SELECT c FROM sbtest8 WHERE id IN ( 4014755, 5444698, 8630931, 5673095, 8015152, 560843, 185333, 5111176, 6434359, 3756916)
	Index Scan using sbtest8_pkey on sbtest8  (cost=0.43..83.41 rows=10 width=121)
	  Index Cond: (id = ANY ('{4014755,5444698,8630931,5673095,8015152,560843,185333,5111176,6434359,3756916}'::integer[]))

explain: for select-inlist :: explain SELECT c FROM sbtest%d WHERE id IN ( 2479640, 3888739, 5869062, 8588563, 3985175, 2691145, 6132706, 5348694, 8443674, 8159077)
for select-inlist
table 1 : explain SELECT c FROM sbtest1 WHERE id IN ( 2479640, 3888739, 5869062, 8588563, 3985175, 2691145, 6132706, 5348694, 8443674, 8159077)
	Index Scan using sbtest1_pkey on sbtest1  (cost=0.43..83.56 rows=10 width=121)
	  Index Cond: (id = ANY ('{2479640,3888739,5869062,8588563,3985175,2691145,6132706,5348694,8443674,8159077}'::integer[]))

table 2 : explain SELECT c FROM sbtest2 WHERE id IN ( 2479640, 3888739, 5869062, 8588563, 3985175, 2691145, 6132706, 5348694, 8443674, 8159077)
	Index Scan using sbtest2_pkey on sbtest2  (cost=0.43..83.85 rows=10 width=121)
	  Index Cond: (id = ANY ('{2479640,3888739,5869062,8588563,3985175,2691145,6132706,5348694,8443674,8159077}'::integer[]))

table 3 : explain SELECT c FROM sbtest3 WHERE id IN ( 2479640, 3888739, 5869062, 8588563, 3985175, 2691145, 6132706, 5348694, 8443674, 8159077)
	Index Scan using sbtest3_pkey on sbtest3  (cost=0.43..83.65 rows=10 width=121)
	  Index Cond: (id = ANY ('{2479640,3888739,5869062,8588563,3985175,2691145,6132706,5348694,8443674,8159077}'::integer[]))

table 4 : explain SELECT c FROM sbtest4 WHERE id IN ( 2479640, 3888739, 5869062, 8588563, 3985175, 2691145, 6132706, 5348694, 8443674, 8159077)
	Index Scan using sbtest4_pkey on sbtest4  (cost=0.43..83.63 rows=10 width=121)
	  Index Cond: (id = ANY ('{2479640,3888739,5869062,8588563,3985175,2691145,6132706,5348694,8443674,8159077}'::integer[]))

table 5 : explain SELECT c FROM sbtest5 WHERE id IN ( 2479640, 3888739, 5869062, 8588563, 3985175, 2691145, 6132706, 5348694, 8443674, 8159077)
	Index Scan using sbtest5_pkey on sbtest5  (cost=0.43..83.63 rows=10 width=121)
	  Index Cond: (id = ANY ('{2479640,3888739,5869062,8588563,3985175,2691145,6132706,5348694,8443674,8159077}'::integer[]))

table 6 : explain SELECT c FROM sbtest6 WHERE id IN ( 2479640, 3888739, 5869062, 8588563, 3985175, 2691145, 6132706, 5348694, 8443674, 8159077)
	Index Scan using sbtest6_pkey on sbtest6  (cost=0.43..83.63 rows=10 width=121)
	  Index Cond: (id = ANY ('{2479640,3888739,5869062,8588563,3985175,2691145,6132706,5348694,8443674,8159077}'::integer[]))

table 7 : explain SELECT c FROM sbtest7 WHERE id IN ( 2479640, 3888739, 5869062, 8588563, 3985175, 2691145, 6132706, 5348694, 8443674, 8159077)
	Index Scan using sbtest7_pkey on sbtest7  (cost=0.43..83.56 rows=10 width=121)
	  Index Cond: (id = ANY ('{2479640,3888739,5869062,8588563,3985175,2691145,6132706,5348694,8443674,8159077}'::integer[]))

table 8 : explain SELECT c FROM sbtest8 WHERE id IN ( 2479640, 3888739, 5869062, 8588563, 3985175, 2691145, 6132706, 5348694, 8443674, 8159077)
	Index Scan using sbtest8_pkey on sbtest8  (cost=0.43..83.41 rows=10 width=121)
	  Index Cond: (id = ANY ('{2479640,3888739,5869062,8588563,3985175,2691145,6132706,5348694,8443674,8159077}'::integer[]))

Threads started!

Warming up for 5 seconds...

SQL statistics:
    queries performed:
        read:                            291004499
        write:                           0
        other:                           0
        total:                           291004499
    transactions:                        291004499 (461905.27 per sec.)
    queries:                             291004499 (461905.27 per sec.)
    ignored errors:                      0      (0.00 per sec.)
    reconnects:                          0      (0.00 per sec.)

Throughput:
    events/s (eps):                      461905.2660
    time elapsed:                        630.0092s
    total number of events:              291004499

Latency (ms):
         min:                                    0.07
         avg:                                    0.09
         max:                                   24.11
         95th percentile:                        0.09
         sum:                             25058383.36

Threads fairness:
    events (avg/stddev):           7275106.3250/52147.07
    execution time (avg/stddev):   626.4596/0.09

