LUA_PATH=/home/mdcallag/git/mytools/bench/sysbench.lua/lua/?.lua /home/mdcallag/git/mytools/bench/sysbench.lua/lua/sysbench --db-driver=pgsql --range-size=100 --table-size=10000000 --tables=8 --threads=40 --events=0 --warmup-time=5 --time=630 --pgsql_conn_id=true /home/mdcallag/git/mytools/bench/sysbench.lua/lua/oltp_read_only.lua run --pgsql-user=root --pgsql-password=pw --pgsql-host=127.0.0.1 --pgsql-db=ib --rand-type=uniform
48 CPUs
sysbench 1.1.0-9072687 (using bundled LuaJIT 2.1.0-beta3)

Running the test with following options:
Number of threads: 40
Warmup time: 5s
Initializing random number generator from current time


Initializing worker threads...

explain: for point_selects :: explain SELECT c FROM sbtest%u WHERE id=%u
explain: for point_selects :: explain SELECT c FROM sbtest%u WHERE id=%u
explain: for point_selects :: explain SELECT c FROM sbtest%u WHERE id=%u
explain: for point_selects :: explain SELECT c FROM sbtest%u WHERE id=%u
explain: for point_selects :: explain SELECT c FROM sbtest%u WHERE id=%u
explain: for point_selects :: explain SELECT c FROM sbtest%u WHERE id=%u
explain: for point_selects :: explain SELECT c FROM sbtest%u WHERE id=%u
explain: for point_selects :: explain SELECT c FROM sbtest%u WHERE id=%u
explain: for point_selects :: explain SELECT c FROM sbtest%u WHERE id=%u
explain: for point_selects :: explain SELECT c FROM sbtest%u WHERE id=%u
for point_selects
table 1 : explain SELECT c FROM sbtest1 WHERE id=3821965
	Index Scan using sbtest1_pkey on sbtest1  (cost=0.43..8.45 rows=1 width=121)
	  Index Cond: (id = 3821965)

table 2 : explain SELECT c FROM sbtest2 WHERE id=5863550
	Index Scan using sbtest2_pkey on sbtest2  (cost=0.43..8.45 rows=1 width=121)
	  Index Cond: (id = 5863550)

table 3 : explain SELECT c FROM sbtest3 WHERE id=4405349
	Index Scan using sbtest3_pkey on sbtest3  (cost=0.43..8.45 rows=1 width=121)
	  Index Cond: (id = 4405349)

table 4 : explain SELECT c FROM sbtest4 WHERE id=2066027
	Index Scan using sbtest4_pkey on sbtest4  (cost=0.43..8.45 rows=1 width=121)
	  Index Cond: (id = 2066027)

table 5 : explain SELECT c FROM sbtest5 WHERE id=2038855
	Index Scan using sbtest5_pkey on sbtest5  (cost=0.43..8.45 rows=1 width=121)
	  Index Cond: (id = 2038855)

table 6 : explain SELECT c FROM sbtest6 WHERE id=7856368
	Index Scan using sbtest6_pkey on sbtest6  (cost=0.43..8.45 rows=1 width=121)
	  Index Cond: (id = 7856368)

table 7 : explain SELECT c FROM sbtest7 WHERE id=5448896
	Index Scan using sbtest7_pkey on sbtest7  (cost=0.43..8.45 rows=1 width=121)
	  Index Cond: (id = 5448896)

table 8 : explain SELECT c FROM sbtest8 WHERE id=1342931
	Index Scan using sbtest8_pkey on sbtest8  (cost=0.43..8.45 rows=1 width=121)
	  Index Cond: (id = 1342931)

for point_selects
table 1 : explain SELECT c FROM sbtest1 WHERE id=7470217
	Index Scan using sbtest1_pkey on sbtest1  (cost=0.43..8.45 rows=1 width=121)
	  Index Cond: (id = 7470217)

table 2 : explain SELECT c FROM sbtest2 WHERE id=3756985
	Index Scan using sbtest2_pkey on sbtest2  (cost=0.43..8.45 rows=1 width=121)
	  Index Cond: (id = 3756985)

table 3 : explain SELECT c FROM sbtest3 WHERE id=1714825
	Index Scan using sbtest3_pkey on sbtest3  (cost=0.43..8.45 rows=1 width=121)
	  Index Cond: (id = 1714825)

table 4 : explain SELECT c FROM sbtest4 WHERE id=9258675
	Index Scan using sbtest4_pkey on sbtest4  (cost=0.43..8.45 rows=1 width=121)
	  Index Cond: (id = 9258675)

table 5 : explain SELECT c FROM sbtest5 WHERE id=7441458
	Index Scan using sbtest5_pkey on sbtest5  (cost=0.43..8.45 rows=1 width=121)
	  Index Cond: (id = 7441458)

table 6 : explain SELECT c FROM sbtest6 WHERE id=8080825
	Index Scan using sbtest6_pkey on sbtest6  (cost=0.43..8.45 rows=1 width=121)
	  Index Cond: (id = 8080825)

table 7 : explain SELECT c FROM sbtest7 WHERE id=9544043
	Index Scan using sbtest7_pkey on sbtest7  (cost=0.43..8.45 rows=1 width=121)
	  Index Cond: (id = 9544043)

table 8 : explain SELECT c FROM sbtest8 WHERE id=8828392
	Index Scan using sbtest8_pkey on sbtest8  (cost=0.43..8.45 rows=1 width=121)
	  Index Cond: (id = 8828392)

for: simple_ranges
table 1 : explain SELECT c FROM sbtest1 WHERE id BETWEEN 7153439 AND 7153538
	Index Scan using sbtest1_pkey on sbtest1  (cost=0.43..421.79 rows=105 width=121)
	  Index Cond: ((id >= 7153439) AND (id <= 7153538))

table 2 : explain SELECT c FROM sbtest2 WHERE id BETWEEN 4447135 AND 4447234
	Index Scan using sbtest2_pkey on sbtest2  (cost=0.43..444.89 rows=111 width=121)
	  Index Cond: ((id >= 4447135) AND (id <= 4447234))

table 3 : explain SELECT c FROM sbtest3 WHERE id BETWEEN 6054710 AND 6054809
	Index Scan using sbtest3_pkey on sbtest3  (cost=0.43..368.75 rows=92 width=121)
	  Index Cond: ((id >= 6054710) AND (id <= 6054809))

table 4 : explain SELECT c FROM sbtest4 WHERE id BETWEEN 9523609 AND 9523708
	Index Scan using sbtest4_pkey on sbtest4  (cost=0.43..408.04 rows=102 width=121)
	  Index Cond: ((id >= 9523609) AND (id <= 9523708))

table 5 : explain SELECT c FROM sbtest5 WHERE id BETWEEN 6459243 AND 6459342
	Index Scan using sbtest5_pkey on sbtest5  (cost=0.43..412.47 rows=103 width=121)
	  Index Cond: ((id >= 6459243) AND (id <= 6459342))

table 6 : explain SELECT c FROM sbtest6 WHERE id BETWEEN 9941348 AND 9941447
	Index Scan using sbtest6_pkey on sbtest6  (cost=0.43..411.89 rows=103 width=121)
	  Index Cond: ((id >= 9941348) AND (id <= 9941447))

table 7 : explain SELECT c FROM sbtest7 WHERE id BETWEEN 5267080 AND 5267179
	Index Scan using sbtest7_pkey on sbtest7  (cost=0.43..416.18 rows=104 width=121)
	  Index Cond: ((id >= 5267080) AND (id <= 5267179))

table 8 : explain SELECT c FROM sbtest8 WHERE id BETWEEN 3817825 AND 3817924
	Index Scan using sbtest8_pkey on sbtest8  (cost=0.43..363.37 rows=91 width=121)
	  Index Cond: ((id >= 3817825) AND (id <= 3817924))

for point_selects
table 1 : explain SELECT c FROM sbtest1 WHERE id=7058617
	Index Scan using sbtest1_pkey on sbtest1  (cost=0.43..8.45 rows=1 width=121)
	  Index Cond: (id = 7058617)

table 2 : explain SELECT c FROM sbtest2 WHERE id=1954582
	Index Scan using sbtest2_pkey on sbtest2  (cost=0.43..8.45 rows=1 width=121)
	  Index Cond: (id = 1954582)

table 3 : explain SELECT c FROM sbtest3 WHERE id=7539013
	Index Scan using sbtest3_pkey on sbtest3  (cost=0.43..8.45 rows=1 width=121)
	  Index Cond: (id = 7539013)

table 4 : explain SELECT c FROM sbtest4 WHERE id=4755154
	Index Scan using sbtest4_pkey on sbtest4  (cost=0.43..8.45 rows=1 width=121)
	  Index Cond: (id = 4755154)

table 5 : explain SELECT c FROM sbtest5 WHERE id=8096448
	Index Scan using sbtest5_pkey on sbtest5  (cost=0.43..8.45 rows=1 width=121)
	  Index Cond: (id = 8096448)

table 6 : explain SELECT c FROM sbtest6 WHERE id=9095911
	Index Scan using sbtest6_pkey on sbtest6  (cost=0.43..8.45 rows=1 width=121)
	  Index Cond: (id = 9095911)

table 7 : explain SELECT c FROM sbtest7 WHERE id=408904
	Index Scan using sbtest7_pkey on sbtest7  (cost=0.43..8.45 rows=1 width=121)
	  Index Cond: (id = 408904)

table 8 : explain SELECT c FROM sbtest8 WHERE id=4834618
	Index Scan using sbtest8_pkey on sbtest8  (cost=0.43..8.45 rows=1 width=121)
	  Index Cond: (id = 4834618)

for: simple_ranges
table 1 : explain SELECT c FROM sbtest1 WHERE id BETWEEN 9406167 AND 9406266
	Index Scan using sbtest1_pkey on sbtest1  (cost=0.43..425.77 rows=106 width=121)
	  Index Cond: ((id >= 9406167) AND (id <= 9406266))

table 2 : explain SELECT c FROM sbtest2 WHERE id BETWEEN 1723202 AND 1723301
	Index Scan using sbtest2_pkey on sbtest2  (cost=0.43..357.60 rows=89 width=121)
	  Index Cond: ((id >= 1723202) AND (id <= 1723301))

table 3 : explain SELECT c FROM sbtest3 WHERE id BETWEEN 1610114 AND 1610213
	Index Scan using sbtest3_pkey on sbtest3  (cost=0.43..396.47 rows=99 width=121)
	  Index Cond: ((id >= 1610114) AND (id <= 1610213))

table 4 : explain SELECT c FROM sbtest4 WHERE id BETWEEN 2477131 AND 2477230
	Index Scan using sbtest4_pkey on sbtest4  (cost=0.43..396.17 rows=99 width=121)
	  Index Cond: ((id >= 2477131) AND (id <= 2477230))

table 5 : explain SELECT c FROM sbtest5 WHERE id BETWEEN 6320345 AND 6320444
	Index Scan using sbtest5_pkey on sbtest5  (cost=0.43..448.11 rows=112 width=121)
	  Index Cond: ((id >= 6320345) AND (id <= 6320444))

table 6 : explain SELECT c FROM sbtest6 WHERE id BETWEEN 2646370 AND 2646469
	Index Scan using sbtest6_pkey on sbtest6  (cost=0.43..384.19 rows=96 width=121)
	  Index Cond: ((id >= 2646370) AND (id <= 2646469))

table 7 : explain SELECT c FROM sbtest7 WHERE id BETWEEN 898198 AND 898297
	Index Scan using sbtest7_pkey on sbtest7  (cost=0.43..360.75 rows=90 width=121)
	  Index Cond: ((id >= 898198) AND (id <= 898297))

table 8 : explain SELECT c FROM sbtest8 WHERE id BETWEEN 8461831 AND 8461930
	Index Scan using sbtest8_pkey on sbtest8  (cost=0.43..379.14 rows=95 width=121)
	  Index Cond: ((id >= 8461831) AND (id <= 8461930))

for point_selects
table 1 : explain SELECT c FROM sbtest1 WHERE id=5115016
	Index Scan using sbtest1_pkey on sbtest1  (cost=0.43..8.45 rows=1 width=121)
	  Index Cond: (id = 5115016)

table 2 : explain SELECT c FROM sbtest2 WHERE id=2541454
	Index Scan using sbtest2_pkey on sbtest2  (cost=0.43..8.45 rows=1 width=121)
	  Index Cond: (id = 2541454)

table 3 : explain SELECT c FROM sbtest3 WHERE id=7815927
	Index Scan using sbtest3_pkey on sbtest3  (cost=0.43..8.45 rows=1 width=121)
	  Index Cond: (id = 7815927)

table 4 : explain SELECT c FROM sbtest4 WHERE id=720703
	Index Scan using sbtest4_pkey on sbtest4  (cost=0.43..8.45 rows=1 width=121)
	  Index Cond: (id = 720703)

table 5 : explain SELECT c FROM sbtest5 WHERE id=3326912
	Index Scan using sbtest5_pkey on sbtest5  (cost=0.43..8.45 rows=1 width=121)
	  Index Cond: (id = 3326912)

table 6 : explain SELECT c FROM sbtest6 WHERE id=1764843
	Index Scan using sbtest6_pkey on sbtest6  (cost=0.43..8.45 rows=1 width=121)
	  Index Cond: (id = 1764843)

table 7 : explain SELECT c FROM sbtest7 WHERE id=7598621
	Index Scan using sbtest7_pkey on sbtest7  (cost=0.43..8.45 rows=1 width=121)
	  Index Cond: (id = 7598621)

table 8 : explain SELECT c FROM sbtest8 WHERE id=972319
	Index Scan using sbtest8_pkey on sbtest8  (cost=0.43..8.45 rows=1 width=121)
	  Index Cond: (id = 972319)

explain: for point_selects :: explain SELECT c FROM sbtest%u WHERE id=%u
explain: for point_selects :: explain SELECT c FROM sbtest%u WHERE id=%u
for point_selects
table 1 : explain SELECT c FROM sbtest1 WHERE id=369720
	Index Scan using sbtest1_pkey on sbtest1  (cost=0.43..8.45 rows=1 width=121)
	  Index Cond: (id = 369720)

table 2 : explain SELECT c FROM sbtest2 WHERE id=9033391
	Index Scan using sbtest2_pkey on sbtest2  (cost=0.43..8.45 rows=1 width=121)
	  Index Cond: (id = 9033391)

table 3 : explain SELECT c FROM sbtest3 WHERE id=1670392
	Index Scan using sbtest3_pkey on sbtest3  (cost=0.43..8.45 rows=1 width=121)
	  Index Cond: (id = 1670392)

table 4 : explain SELECT c FROM sbtest4 WHERE id=6029248
	Index Scan using sbtest4_pkey on sbtest4  (cost=0.43..8.45 rows=1 width=121)
	  Index Cond: (id = 6029248)

table 5 : explain SELECT c FROM sbtest5 WHERE id=9744617
	Index Scan using sbtest5_pkey on sbtest5  (cost=0.43..8.45 rows=1 width=121)
	  Index Cond: (id = 9744617)

table 6 : explain SELECT c FROM sbtest6 WHERE id=9579055
	Index Scan using sbtest6_pkey on sbtest6  (cost=0.43..8.45 rows=1 width=121)
	  Index Cond: (id = 9579055)

table 7 : explain SELECT c FROM sbtest7 WHERE id=9913498
	Index Scan using sbtest7_pkey on sbtest7  (cost=0.43..8.45 rows=1 width=121)
	  Index Cond: (id = 9913498)

table 8 : explain SELECT c FROM sbtest8 WHERE id=3494879
	Index Scan using sbtest8_pkey on sbtest8  (cost=0.43..8.45 rows=1 width=121)
	  Index Cond: (id = 3494879)

for point_selects
table 1 : explain SELECT c FROM sbtest1 WHERE id=7078223
	Index Scan using sbtest1_pkey on sbtest1  (cost=0.43..8.45 rows=1 width=121)
	  Index Cond: (id = 7078223)

table 2 : explain SELECT c FROM sbtest2 WHERE id=1579881
	Index Scan using sbtest2_pkey on sbtest2  (cost=0.43..8.45 rows=1 width=121)
	  Index Cond: (id = 1579881)

table 3 : explain SELECT c FROM sbtest3 WHERE id=9836986
	Index Scan using sbtest3_pkey on sbtest3  (cost=0.43..8.45 rows=1 width=121)
	  Index Cond: (id = 9836986)

table 4 : explain SELECT c FROM sbtest4 WHERE id=9333917
	Index Scan using sbtest4_pkey on sbtest4  (cost=0.43..8.45 rows=1 width=121)
	  Index Cond: (id = 9333917)

table 5 : explain SELECT c FROM sbtest5 WHERE id=9419637
	Index Scan using sbtest5_pkey on sbtest5  (cost=0.43..8.45 rows=1 width=121)
	  Index Cond: (id = 9419637)

table 6 : explain SELECT c FROM sbtest6 WHERE id=6109418
	Index Scan using sbtest6_pkey on sbtest6  (cost=0.43..8.45 rows=1 width=121)
	  Index Cond: (id = 6109418)

table 7 : explain SELECT c FROM sbtest7 WHERE id=2676486
	Index Scan using sbtest7_pkey on sbtest7  (cost=0.43..8.45 rows=1 width=121)
	  Index Cond: (id = 2676486)

table 8 : explain SELECT c FROM sbtest8 WHERE id=5897951
	Index Scan using sbtest8_pkey on sbtest8  (cost=0.43..8.45 rows=1 width=121)
	  Index Cond: (id = 5897951)

for point_selects
table 1 : explain SELECT c FROM sbtest1 WHERE id=9094948
	Index Scan using sbtest1_pkey on sbtest1  (cost=0.43..8.45 rows=1 width=121)
	  Index Cond: (id = 9094948)

table 2 : explain SELECT c FROM sbtest2 WHERE id=5927585
	Index Scan using sbtest2_pkey on sbtest2  (cost=0.43..8.45 rows=1 width=121)
	  Index Cond: (id = 5927585)

table 3 : explain SELECT c FROM sbtest3 WHERE id=1319281
	Index Scan using sbtest3_pkey on sbtest3  (cost=0.43..8.45 rows=1 width=121)
	  Index Cond: (id = 1319281)

table 4 : explain SELECT c FROM sbtest4 WHERE id=4139351
	Index Scan using sbtest4_pkey on sbtest4  (cost=0.43..8.45 rows=1 width=121)
	  Index Cond: (id = 4139351)

table 5 : explain SELECT c FROM sbtest5 WHERE id=6127486
	Index Scan using sbtest5_pkey on sbtest5  (cost=0.43..8.45 rows=1 width=121)
	  Index Cond: (id = 6127486)

table 6 : explain SELECT c FROM sbtest6 WHERE id=4256103
	Index Scan using sbtest6_pkey on sbtest6  (cost=0.43..8.45 rows=1 width=121)
	  Index Cond: (id = 4256103)

table 7 : explain SELECT c FROM sbtest7 WHERE id=5762427
	Index Scan using sbtest7_pkey on sbtest7  (cost=0.43..8.45 rows=1 width=121)
	  Index Cond: (id = 5762427)

table 8 : explain SELECT c FROM sbtest8 WHERE id=8143246
	Index Scan using sbtest8_pkey on sbtest8  (cost=0.43..8.45 rows=1 width=121)
	  Index Cond: (id = 8143246)

for: simple_ranges
table 1 : explain SELECT c FROM sbtest1 WHERE id BETWEEN 4818654 AND 4818753
	Index Scan using sbtest1_pkey on sbtest1  (cost=0.43..397.94 rows=99 width=121)
	  Index Cond: ((id >= 4818654) AND (id <= 4818753))

table 2 : explain SELECT c FROM sbtest2 WHERE id BETWEEN 5572266 AND 5572365
	Index Scan using sbtest2_pkey on sbtest2  (cost=0.43..413.15 rows=103 width=121)
	  Index Cond: ((id >= 5572266) AND (id <= 5572365))

table 3 : explain SELECT c FROM sbtest3 WHERE id BETWEEN 9500788 AND 9500887
	Index Scan using sbtest3_pkey on sbtest3  (cost=0.43..372.71 rows=93 width=121)
	  Index Cond: ((id >= 9500788) AND (id <= 9500887))

table 4 : explain SELECT c FROM sbtest4 WHERE id BETWEEN 3689152 AND 3689251
	Index Scan using sbtest4_pkey on sbtest4  (cost=0.43..392.22 rows=98 width=121)
	  Index Cond: ((id >= 3689152) AND (id <= 3689251))

table 5 : explain SELECT c FROM sbtest5 WHERE id BETWEEN 5213735 AND 5213834
	Index Scan using sbtest5_pkey on sbtest5  (cost=0.43..404.54 rows=101 width=121)
	  Index Cond: ((id >= 5213735) AND (id <= 5213834))

table 6 : explain SELECT c FROM sbtest6 WHERE id BETWEEN 9109748 AND 9109847
	Index Scan using sbtest6_pkey on sbtest6  (cost=0.43..411.89 rows=103 width=121)
	  Index Cond: ((id >= 9109748) AND (id <= 9109847))

table 7 : explain SELECT c FROM sbtest7 WHERE id BETWEEN 4256301 AND 4256400
	Index Scan using sbtest7_pkey on sbtest7  (cost=0.43..380.54 rows=95 width=121)
	  Index Cond: ((id >= 4256301) AND (id <= 4256400))

table 8 : explain SELECT c FROM sbtest8 WHERE id BETWEEN 7153835 AND 7153934
	Index Scan using sbtest8_pkey on sbtest8  (cost=0.43..379.14 rows=95 width=121)
	  Index Cond: ((id >= 7153835) AND (id <= 7153934))

for point_selects
table 1 : explain SELECT c FROM sbtest1 WHERE id=6465253
	Index Scan using sbtest1_pkey on sbtest1  (cost=0.43..8.45 rows=1 width=121)
	  Index Cond: (id = 6465253)

table 2 : explain SELECT c FROM sbtest2 WHERE id=3515690
	Index Scan using sbtest2_pkey on sbtest2  (cost=0.43..8.45 rows=1 width=121)
	  Index Cond: (id = 3515690)

table 3 : explain SELECT c FROM sbtest3 WHERE id=1758562
	Index Scan using sbtest3_pkey on sbtest3  (cost=0.43..8.45 rows=1 width=121)
	  Index Cond: (id = 1758562)

table 4 : explain SELECT c FROM sbtest4 WHERE id=3217308
	Index Scan using sbtest4_pkey on sbtest4  (cost=0.43..8.45 rows=1 width=121)
	  Index Cond: (id = 3217308)

table 5 : explain SELECT c FROM sbtest5 WHERE id=3086295
	Index Scan using sbtest5_pkey on sbtest5  (cost=0.43..8.45 rows=1 width=121)
	  Index Cond: (id = 3086295)

table 6 : explain SELECT c FROM sbtest6 WHERE id=8316374
	Index Scan using sbtest6_pkey on sbtest6  (cost=0.43..8.45 rows=1 width=121)
	  Index Cond: (id = 8316374)

table 7 : explain SELECT c FROM sbtest7 WHERE id=9068984
	Index Scan using sbtest7_pkey on sbtest7  (cost=0.43..8.45 rows=1 width=121)
	  Index Cond: (id = 9068984)

table 8 : explain SELECT c FROM sbtest8 WHERE id=9252826
	Index Scan using sbtest8_pkey on sbtest8  (cost=0.43..8.45 rows=1 width=121)
	  Index Cond: (id = 9252826)

for point_selects
table 1 : explain SELECT c FROM sbtest1 WHERE id=9390514
	Index Scan using sbtest1_pkey on sbtest1  (cost=0.43..8.45 rows=1 width=121)
	  Index Cond: (id = 9390514)

table 2 : explain SELECT c FROM sbtest2 WHERE id=5331605
	Index Scan using sbtest2_pkey on sbtest2  (cost=0.43..8.45 rows=1 width=121)
	  Index Cond: (id = 5331605)

table 3 : explain SELECT c FROM sbtest3 WHERE id=3836224
	Index Scan using sbtest3_pkey on sbtest3  (cost=0.43..8.45 rows=1 width=121)
	  Index Cond: (id = 3836224)

table 4 : explain SELECT c FROM sbtest4 WHERE id=5247287
	Index Scan using sbtest4_pkey on sbtest4  (cost=0.43..8.45 rows=1 width=121)
	  Index Cond: (id = 5247287)

table 5 : explain SELECT c FROM sbtest5 WHERE id=3849138
	Index Scan using sbtest5_pkey on sbtest5  (cost=0.43..8.45 rows=1 width=121)
	  Index Cond: (id = 3849138)

table 6 : explain SELECT c FROM sbtest6 WHERE id=9556498
	Index Scan using sbtest6_pkey on sbtest6  (cost=0.43..8.45 rows=1 width=121)
	  Index Cond: (id = 9556498)

table 7 : explain SELECT c FROM sbtest7 WHERE id=1619458
	Index Scan using sbtest7_pkey on sbtest7  (cost=0.43..8.45 rows=1 width=121)
	  Index Cond: (id = 1619458)

table 8 : explain SELECT c FROM sbtest8 WHERE id=4865426
	Index Scan using sbtest8_pkey on sbtest8  (cost=0.43..8.45 rows=1 width=121)
	  Index Cond: (id = 4865426)

for: simple_ranges
table 1 : explain SELECT c FROM sbtest1 WHERE id BETWEEN 1781912 AND 1782011
	Index Scan using sbtest1_pkey on sbtest1  (cost=0.43..370.12 rows=92 width=121)
	  Index Cond: ((id >= 1781912) AND (id <= 1782011))

table 2 : explain SELECT c FROM sbtest2 WHERE id BETWEEN 9445594 AND 9445693
	Index Scan using sbtest2_pkey on sbtest2  (cost=0.43..440.92 rows=110 width=121)
	  Index Cond: ((id >= 9445594) AND (id <= 9445693))

table 3 : explain SELECT c FROM sbtest3 WHERE id BETWEEN 5352889 AND 5352988
	Index Scan using sbtest3_pkey on sbtest3  (cost=0.43..376.67 rows=94 width=121)
	  Index Cond: ((id >= 5352889) AND (id <= 5352988))

table 4 : explain SELECT c FROM sbtest4 WHERE id BETWEEN 4788983 AND 4789082
	Index Scan using sbtest4_pkey on sbtest4  (cost=0.43..384.29 rows=96 width=121)
	  Index Cond: ((id >= 4788983) AND (id <= 4789082))

table 5 : explain SELECT c FROM sbtest5 WHERE id BETWEEN 8949208 AND 8949307
	Index Scan using sbtest5_pkey on sbtest5  (cost=0.43..416.43 rows=104 width=121)
	  Index Cond: ((id >= 8949208) AND (id <= 8949307))

table 6 : explain SELECT c FROM sbtest6 WHERE id BETWEEN 8859242 AND 8859341
	Index Scan using sbtest6_pkey on sbtest6  (cost=0.43..372.33 rows=93 width=121)
	  Index Cond: ((id >= 8859242) AND (id <= 8859341))

table 7 : explain SELECT c FROM sbtest7 WHERE id BETWEEN 7475753 AND 7475852
	Index Scan using sbtest7_pkey on sbtest7  (cost=0.43..384.50 rows=96 width=121)
	  Index Cond: ((id >= 7475753) AND (id <= 7475852))

table 8 : explain SELECT c FROM sbtest8 WHERE id BETWEEN 6219740 AND 6219839
	Index Scan using sbtest8_pkey on sbtest8  (cost=0.43..359.42 rows=90 width=121)
	  Index Cond: ((id >= 6219740) AND (id <= 6219839))

for: simple_ranges
table 1 : explain SELECT c FROM sbtest1 WHERE id BETWEEN 8983237 AND 8983336
	Index Scan using sbtest1_pkey on sbtest1  (cost=0.43..401.91 rows=100 width=121)
	  Index Cond: ((id >= 8983237) AND (id <= 8983336))

table 2 : explain SELECT c FROM sbtest2 WHERE id BETWEEN 7118105 AND 7118204
	Index Scan using sbtest2_pkey on sbtest2  (cost=0.43..436.96 rows=109 width=121)
	  Index Cond: ((id >= 7118105) AND (id <= 7118204))

table 3 : explain SELECT c FROM sbtest3 WHERE id BETWEEN 3173449 AND 3173548
	Index Scan using sbtest3_pkey on sbtest3  (cost=0.43..408.36 rows=102 width=121)
	  Index Cond: ((id >= 3173449) AND (id <= 3173548))

table 4 : explain SELECT c FROM sbtest4 WHERE id BETWEEN 332521 AND 332620
	Index Scan using sbtest4_pkey on sbtest4  (cost=0.43..415.95 rows=104 width=121)
	  Index Cond: ((id >= 332521) AND (id <= 332620))

table 5 : explain SELECT c FROM sbtest5 WHERE id BETWEEN 6988437 AND 6988536
	Index Scan using sbtest5_pkey on sbtest5  (cost=0.43..396.62 rows=99 width=121)
	  Index Cond: ((id >= 6988437) AND (id <= 6988536))

table 6 : explain SELECT c FROM sbtest6 WHERE id BETWEEN 7135434 AND 7135533
	Index Scan using sbtest6_pkey on sbtest6  (cost=0.43..431.66 rows=108 width=121)
	  Index Cond: ((id >= 7135434) AND (id <= 7135533))

table 7 : explain SELECT c FROM sbtest7 WHERE id BETWEEN 1574971 AND 1575070
	Index Scan using sbtest7_pkey on sbtest7  (cost=0.43..376.58 rows=94 width=121)
	  Index Cond: ((id >= 1574971) AND (id <= 1575070))

table 8 : explain SELECT c FROM sbtest8 WHERE id BETWEEN 3248480 AND 3248579
	Index Scan using sbtest8_pkey on sbtest8  (cost=0.43..422.53 rows=106 width=121)
	  Index Cond: ((id >= 3248480) AND (id <= 3248579))

for: simple_ranges
table 1 : explain SELECT c FROM sbtest1 WHERE id BETWEEN 886444 AND 886543
	Index Scan using sbtest1_pkey on sbtest1  (cost=0.43..362.17 rows=90 width=121)
	  Index Cond: ((id >= 886444) AND (id <= 886543))

table 2 : explain SELECT c FROM sbtest2 WHERE id BETWEEN 6712586 AND 6712685
	Index Scan using sbtest2_pkey on sbtest2  (cost=0.43..369.50 rows=92 width=121)
	  Index Cond: ((id >= 6712586) AND (id <= 6712685))

table 3 : explain SELECT c FROM sbtest3 WHERE id BETWEEN 7255472 AND 7255571
	Index Scan using sbtest3_pkey on sbtest3  (cost=0.43..404.40 rows=101 width=121)
	  Index Cond: ((id >= 7255472) AND (id <= 7255571))

table 4 : explain SELECT c FROM sbtest4 WHERE id BETWEEN 3270357 AND 3270456
	Index Scan using sbtest4_pkey on sbtest4  (cost=0.43..392.20 rows=98 width=121)
	  Index Cond: ((id >= 3270357) AND (id <= 3270456))

table 5 : explain SELECT c FROM sbtest5 WHERE id BETWEEN 4255111 AND 4255210
	Index Scan using sbtest5_pkey on sbtest5  (cost=0.43..384.73 rows=96 width=121)
	  Index Cond: ((id >= 4255111) AND (id <= 4255210))

table 6 : explain SELECT c FROM sbtest6 WHERE id BETWEEN 8648879 AND 8648978
	Index Scan using sbtest6_pkey on sbtest6  (cost=0.43..380.24 rows=95 width=121)
	  Index Cond: ((id >= 8648879) AND (id <= 8648978))

table 7 : explain SELECT c FROM sbtest7 WHERE id BETWEEN 7458360 AND 7458459
	Index Scan using sbtest7_pkey on sbtest7  (cost=0.43..384.50 rows=96 width=121)
	  Index Cond: ((id >= 7458360) AND (id <= 7458459))

table 8 : explain SELECT c FROM sbtest8 WHERE id BETWEEN 9375154 AND 9375253
	Index Scan using sbtest8_pkey on sbtest8  (cost=0.43..414.65 rows=104 width=121)
	  Index Cond: ((id >= 9375154) AND (id <= 9375253))

for: simple_ranges
table 1 : explain SELECT c FROM sbtest1 WHERE id BETWEEN 3493544 AND 3493643
	Index Scan using sbtest1_pkey on sbtest1  (cost=0.43..370.12 rows=92 width=121)
	  Index Cond: ((id >= 3493544) AND (id <= 3493643))

table 2 : explain SELECT c FROM sbtest2 WHERE id BETWEEN 3445042 AND 3445141
	Index Scan using sbtest2_pkey on sbtest2  (cost=0.43..405.22 rows=101 width=121)
	  Index Cond: ((id >= 3445042) AND (id <= 3445141))

table 3 : explain SELECT c FROM sbtest3 WHERE id BETWEEN 1628919 AND 1629018
	Index Scan using sbtest3_pkey on sbtest3  (cost=0.43..396.47 rows=99 width=121)
	  Index Cond: ((id >= 1628919) AND (id <= 1629018))

table 4 : explain SELECT c FROM sbtest4 WHERE id BETWEEN 2586757 AND 2586856
	Index Scan using sbtest4_pkey on sbtest4  (cost=0.43..392.20 rows=98 width=121)
	  Index Cond: ((id >= 2586757) AND (id <= 2586856))

table 5 : explain SELECT c FROM sbtest5 WHERE id BETWEEN 1826053 AND 1826152
	Index Scan using sbtest5_pkey on sbtest5  (cost=0.43..396.62 rows=99 width=121)
	  Index Cond: ((id >= 1826053) AND (id <= 1826152))

table 6 : explain SELECT c FROM sbtest6 WHERE id BETWEEN 2167013 AND 2167112
	Index Scan using sbtest6_pkey on sbtest6  (cost=0.43..380.24 rows=95 width=121)
	  Index Cond: ((id >= 2167013) AND (id <= 2167112))

table 7 : explain SELECT c FROM sbtest7 WHERE id BETWEEN 1223848 AND 1223947
	Index Scan using sbtest7_pkey on sbtest7  (cost=0.43..408.26 rows=102 width=121)
	  Index Cond: ((id >= 1223848) AND (id <= 1223947))

table 8 : explain SELECT c FROM sbtest8 WHERE id BETWEEN 5479130 AND 5479229
	Index Scan using sbtest8_pkey on sbtest8  (cost=0.43..438.31 rows=110 width=121)
	  Index Cond: ((id >= 5479130) AND (id <= 5479229))

for: simple_ranges
table 1 : explain SELECT c FROM sbtest1 WHERE id BETWEEN 4809728 AND 4809827
	Index Scan using sbtest1_pkey on sbtest1  (cost=0.43..397.94 rows=99 width=121)
	  Index Cond: ((id >= 4809728) AND (id <= 4809827))

table 2 : explain SELECT c FROM sbtest2 WHERE id BETWEEN 7580481 AND 7580580
	Index Scan using sbtest2_pkey on sbtest2  (cost=0.43..440.92 rows=110 width=121)
	  Index Cond: ((id >= 7580481) AND (id <= 7580580))

table 3 : explain SELECT c FROM sbtest3 WHERE id BETWEEN 2009149 AND 2009248
	Index Scan using sbtest3_pkey on sbtest3  (cost=0.43..392.51 rows=98 width=121)
	  Index Cond: ((id >= 2009149) AND (id <= 2009248))

table 4 : explain SELECT c FROM sbtest4 WHERE id BETWEEN 5375658 AND 5375757
	Index Scan using sbtest4_pkey on sbtest4  (cost=0.43..412.00 rows=103 width=121)
	  Index Cond: ((id >= 5375658) AND (id <= 5375757))

table 5 : explain SELECT c FROM sbtest5 WHERE id BETWEEN 6820531 AND 6820630
	Index Scan using sbtest5_pkey on sbtest5  (cost=0.43..388.69 rows=97 width=121)
	  Index Cond: ((id >= 6820531) AND (id <= 6820630))

table 6 : explain SELECT c FROM sbtest6 WHERE id BETWEEN 6402438 AND 6402537
	Index Scan using sbtest6_pkey on sbtest6  (cost=0.43..415.85 rows=104 width=121)
	  Index Cond: ((id >= 6402438) AND (id <= 6402537))

table 7 : explain SELECT c FROM sbtest7 WHERE id BETWEEN 4179554 AND 4179653
	Index Scan using sbtest7_pkey on sbtest7  (cost=0.43..372.63 rows=93 width=121)
	  Index Cond: ((id >= 4179554) AND (id <= 4179653))

table 8 : explain SELECT c FROM sbtest8 WHERE id BETWEEN 7179230 AND 7179329
	Index Scan using sbtest8_pkey on sbtest8  (cost=0.43..379.14 rows=95 width=121)
	  Index Cond: ((id >= 7179230) AND (id <= 7179329))

explain: for point_selects :: explain SELECT c FROM sbtest%u WHERE id=%u
for point_selects
table 1 : explain SELECT c FROM sbtest1 WHERE id=2966271
	Index Scan using sbtest1_pkey on sbtest1  (cost=0.43..8.45 rows=1 width=121)
	  Index Cond: (id = 2966271)

table 2 : explain SELECT c FROM sbtest2 WHERE id=6402120
	Index Scan using sbtest2_pkey on sbtest2  (cost=0.43..8.45 rows=1 width=121)
	  Index Cond: (id = 6402120)

table 3 : explain SELECT c FROM sbtest3 WHERE id=2133001
	Index Scan using sbtest3_pkey on sbtest3  (cost=0.43..8.45 rows=1 width=121)
	  Index Cond: (id = 2133001)

table 4 : explain SELECT c FROM sbtest4 WHERE id=2960890
	Index Scan using sbtest4_pkey on sbtest4  (cost=0.43..8.45 rows=1 width=121)
	  Index Cond: (id = 2960890)

table 5 : explain SELECT c FROM sbtest5 WHERE id=1951287
	Index Scan using sbtest5_pkey on sbtest5  (cost=0.43..8.45 rows=1 width=121)
	  Index Cond: (id = 1951287)

table 6 : explain SELECT c FROM sbtest6 WHERE id=697151
	Index Scan using sbtest6_pkey on sbtest6  (cost=0.43..8.45 rows=1 width=121)
	  Index Cond: (id = 697151)

table 7 : explain SELECT c FROM sbtest7 WHERE id=732155
	Index Scan using sbtest7_pkey on sbtest7  (cost=0.43..8.45 rows=1 width=121)
	  Index Cond: (id = 732155)

table 8 : explain SELECT c FROM sbtest8 WHERE id=1241897
	Index Scan using sbtest8_pkey on sbtest8  (cost=0.43..8.45 rows=1 width=121)
	  Index Cond: (id = 1241897)

for point_selects
table 1 : explain SELECT c FROM sbtest1 WHERE id=1050745
	Index Scan using sbtest1_pkey on sbtest1  (cost=0.43..8.45 rows=1 width=121)
	  Index Cond: (id = 1050745)

table 2 : explain SELECT c FROM sbtest2 WHERE id=2104753
	Index Scan using sbtest2_pkey on sbtest2  (cost=0.43..8.45 rows=1 width=121)
	  Index Cond: (id = 2104753)

table 3 : explain SELECT c FROM sbtest3 WHERE id=3301925
	Index Scan using sbtest3_pkey on sbtest3  (cost=0.43..8.45 rows=1 width=121)
	  Index Cond: (id = 3301925)

table 4 : explain SELECT c FROM sbtest4 WHERE id=7882621
	Index Scan using sbtest4_pkey on sbtest4  (cost=0.43..8.45 rows=1 width=121)
	  Index Cond: (id = 7882621)

table 5 : explain SELECT c FROM sbtest5 WHERE id=2243534
	Index Scan using sbtest5_pkey on sbtest5  (cost=0.43..8.45 rows=1 width=121)
	  Index Cond: (id = 2243534)

table 6 : explain SELECT c FROM sbtest6 WHERE id=1035722
	Index Scan using sbtest6_pkey on sbtest6  (cost=0.43..8.45 rows=1 width=121)
	  Index Cond: (id = 1035722)

table 7 : explain SELECT c FROM sbtest7 WHERE id=5624987
	Index Scan using sbtest7_pkey on sbtest7  (cost=0.43..8.45 rows=1 width=121)
	  Index Cond: (id = 5624987)

table 8 : explain SELECT c FROM sbtest8 WHERE id=3459419
	Index Scan using sbtest8_pkey on sbtest8  (cost=0.43..8.45 rows=1 width=121)
	  Index Cond: (id = 3459419)

for: simple_ranges
table 1 : explain SELECT c FROM sbtest1 WHERE id BETWEEN 7633588 AND 7633687
	Index Scan using sbtest1_pkey on sbtest1  (cost=0.43..393.96 rows=98 width=121)
	  Index Cond: ((id >= 7633588) AND (id <= 7633687))

table 2 : explain SELECT c FROM sbtest2 WHERE id BETWEEN 781211 AND 781310
	Index Scan using sbtest2_pkey on sbtest2  (cost=0.43..393.30 rows=98 width=121)
	  Index Cond: ((id >= 781211) AND (id <= 781310))

table 3 : explain SELECT c FROM sbtest3 WHERE id BETWEEN 191369 AND 191468
	Index Scan using sbtest3_pkey on sbtest3  (cost=0.43..384.59 rows=96 width=121)
	  Index Cond: ((id >= 191369) AND (id <= 191468))

table 4 : explain SELECT c FROM sbtest4 WHERE id BETWEEN 9262506 AND 9262605
	Index Scan using sbtest4_pkey on sbtest4  (cost=0.43..384.29 rows=96 width=121)
	  Index Cond: ((id >= 9262506) AND (id <= 9262605))

table 5 : explain SELECT c FROM sbtest5 WHERE id BETWEEN 3996858 AND 3996957
	Index Scan using sbtest5_pkey on sbtest5  (cost=0.43..388.69 rows=97 width=121)
	  Index Cond: ((id >= 3996858) AND (id <= 3996957))

table 6 : explain SELECT c FROM sbtest6 WHERE id BETWEEN 6824025 AND 6824124
	Index Scan using sbtest6_pkey on sbtest6  (cost=0.43..439.57 rows=110 width=121)
	  Index Cond: ((id >= 6824025) AND (id <= 6824124))

table 7 : explain SELECT c FROM sbtest7 WHERE id BETWEEN 5340531 AND 5340630
	Index Scan using sbtest7_pkey on sbtest7  (cost=0.43..392.43 rows=98 width=121)
	  Index Cond: ((id >= 5340531) AND (id <= 5340630))

table 8 : explain SELECT c FROM sbtest8 WHERE id BETWEEN 1383773 AND 1383872
	Index Scan using sbtest8_pkey on sbtest8  (cost=0.43..398.87 rows=100 width=121)
	  Index Cond: ((id >= 1383773) AND (id <= 1383872))

for point_selects
table 1 : explain SELECT c FROM sbtest1 WHERE id=2359143
	Index Scan using sbtest1_pkey on sbtest1  (cost=0.43..8.45 rows=1 width=121)
	  Index Cond: (id = 2359143)

table 2 : explain SELECT c FROM sbtest2 WHERE id=1858052
	Index Scan using sbtest2_pkey on sbtest2  (cost=0.43..8.45 rows=1 width=121)
	  Index Cond: (id = 1858052)

table 3 : explain SELECT c FROM sbtest3 WHERE id=2512622
	Index Scan using sbtest3_pkey on sbtest3  (cost=0.43..8.45 rows=1 width=121)
	  Index Cond: (id = 2512622)

table 4 : explain SELECT c FROM sbtest4 WHERE id=4583582
	Index Scan using sbtest4_pkey on sbtest4  (cost=0.43..8.45 rows=1 width=121)
	  Index Cond: (id = 4583582)

table 5 : explain SELECT c FROM sbtest5 WHERE id=482895
	Index Scan using sbtest5_pkey on sbtest5  (cost=0.43..8.45 rows=1 width=121)
	  Index Cond: (id = 482895)

table 6 : explain SELECT c FROM sbtest6 WHERE id=6358353
	Index Scan using sbtest6_pkey on sbtest6  (cost=0.43..8.45 rows=1 width=121)
	  Index Cond: (id = 6358353)

table 7 : explain SELECT c FROM sbtest7 WHERE id=8815290
	Index Scan using sbtest7_pkey on sbtest7  (cost=0.43..8.45 rows=1 width=121)
	  Index Cond: (id = 8815290)

table 8 : explain SELECT c FROM sbtest8 WHERE id=2260315
	Index Scan using sbtest8_pkey on sbtest8  (cost=0.43..8.45 rows=1 width=121)
	  Index Cond: (id = 2260315)

for: sum_ranges
table 1 : explain SELECT SUM(k) FROM sbtest1 WHERE id BETWEEN 5765097 AND 5765196
	Aggregate  (cost=441.94..441.95 rows=1 width=8)
	  ->  Index Scan using sbtest1_pkey on sbtest1  (cost=0.43..441.66 rows=110 width=4)
	        Index Cond: ((id >= 5765097) AND (id <= 5765196))

table 2 : explain SELECT SUM(k) FROM sbtest2 WHERE id BETWEEN 9120181 AND 9120280
	Aggregate  (cost=413.41..413.42 rows=1 width=8)
	  ->  Index Scan using sbtest2_pkey on sbtest2  (cost=0.43..413.15 rows=103 width=4)
	        Index Cond: ((id >= 9120181) AND (id <= 9120280))

table 3 : explain SELECT SUM(k) FROM sbtest3 WHERE id BETWEEN 4220944 AND 4221043
	Aggregate  (cost=436.34..436.35 rows=1 width=8)
	  ->  Index Scan using sbtest3_pkey on sbtest3  (cost=0.43..436.07 rows=109 width=4)
	        Index Cond: ((id >= 4220944) AND (id <= 4221043))

table 4 : explain SELECT SUM(k) FROM sbtest4 WHERE id BETWEEN 673693 AND 673792
	Aggregate  (cost=392.46..392.47 rows=1 width=8)
	  ->  Index Scan using sbtest4_pkey on sbtest4  (cost=0.43..392.22 rows=98 width=4)
	        Index Cond: ((id >= 673693) AND (id <= 673792))

table 5 : explain SELECT SUM(k) FROM sbtest5 WHERE id BETWEEN 8583677 AND 8583776
	Aggregate  (cost=381.00..381.01 rows=1 width=8)
	  ->  Index Scan using sbtest5_pkey on sbtest5  (cost=0.43..380.77 rows=95 width=4)
	        Index Cond: ((id >= 8583677) AND (id <= 8583776))

table 6 : explain SELECT SUM(k) FROM sbtest6 WHERE id BETWEEN 4816086 AND 4816185
	Aggregate  (cost=396.32..396.33 rows=1 width=8)
	  ->  Index Scan using sbtest6_pkey on sbtest6  (cost=0.43..396.07 rows=99 width=4)
	        Index Cond: ((id >= 4816086) AND (id <= 4816185))

table 7 : explain SELECT SUM(k) FROM sbtest7 WHERE id BETWEEN 2542080 AND 2542179
	Aggregate  (cost=412.48..412.49 rows=1 width=8)
	  ->  Index Scan using sbtest7_pkey on sbtest7  (cost=0.43..412.22 rows=103 width=4)
	        Index Cond: ((id >= 2542080) AND (id <= 2542179))

table 8 : explain SELECT SUM(k) FROM sbtest8 WHERE id BETWEEN 4019686 AND 4019785
	Aggregate  (cost=399.12..399.13 rows=1 width=8)
	  ->  Index Scan using sbtest8_pkey on sbtest8  (cost=0.43..398.87 rows=100 width=4)
	        Index Cond: ((id >= 4019686) AND (id <= 4019785))

for: sum_ranges
table 1 : explain SELECT SUM(k) FROM sbtest1 WHERE id BETWEEN 1770500 AND 1770599
	Aggregate  (cost=370.35..370.36 rows=1 width=8)
	  ->  Index Scan using sbtest1_pkey on sbtest1  (cost=0.43..370.12 rows=92 width=4)
	        Index Cond: ((id >= 1770500) AND (id <= 1770599))

table 2 : explain SELECT SUM(k) FROM sbtest2 WHERE id BETWEEN 5200334 AND 5200433
	Aggregate  (cost=369.73..369.74 rows=1 width=8)
	  ->  Index Scan using sbtest2_pkey on sbtest2  (cost=0.43..369.50 rows=92 width=4)
	        Index Cond: ((id >= 5200334) AND (id <= 5200433))

table 3 : explain SELECT SUM(k) FROM sbtest3 WHERE id BETWEEN 4985894 AND 4985993
	Aggregate  (cost=392.75..392.76 rows=1 width=8)
	  ->  Index Scan using sbtest3_pkey on sbtest3  (cost=0.43..392.51 rows=98 width=4)
	        Index Cond: ((id >= 4985894) AND (id <= 4985993))

table 4 : explain SELECT SUM(k) FROM sbtest4 WHERE id BETWEEN 6354167 AND 6354266
	Aggregate  (cost=392.46..392.47 rows=1 width=8)
	  ->  Index Scan using sbtest4_pkey on sbtest4  (cost=0.43..392.22 rows=98 width=4)
	        Index Cond: ((id >= 6354167) AND (id <= 6354266))

table 5 : explain SELECT SUM(k) FROM sbtest5 WHERE id BETWEEN 6078227 AND 6078326
	Aggregate  (cost=416.69..416.70 rows=1 width=8)
	  ->  Index Scan using sbtest5_pkey on sbtest5  (cost=0.43..416.43 rows=104 width=4)
	        Index Cond: ((id >= 6078227) AND (id <= 6078326))

table 6 : explain SELECT SUM(k) FROM sbtest6 WHERE id BETWEEN 4856485 AND 4856584
	Aggregate  (cost=380.47..380.48 rows=1 width=8)
	  ->  Index Scan using sbtest6_pkey on sbtest6  (cost=0.43..380.24 rows=95 width=4)
	        Index Cond: ((id >= 4856485) AND (id <= 4856584))

table 7 : explain SELECT SUM(k) FROM sbtest7 WHERE id BETWEEN 6130115 AND 6130214
	Aggregate  (cost=364.94..364.95 rows=1 width=8)
	  ->  Index Scan using sbtest7_pkey on sbtest7  (cost=0.43..364.71 rows=91 width=4)
	        Index Cond: ((id >= 6130115) AND (id <= 6130214))

table 8 : explain SELECT SUM(k) FROM sbtest8 WHERE id BETWEEN 8135253 AND 8135352
	Aggregate  (cost=418.85..418.86 rows=1 width=8)
	  ->  Index Scan using sbtest8_pkey on sbtest8  (cost=0.43..418.59 rows=105 width=4)
	        Index Cond: ((id >= 8135253) AND (id <= 8135352))

for: sum_ranges
table 1 : explain SELECT SUM(k) FROM sbtest1 WHERE id BETWEEN 9254431 AND 9254530
	Aggregate  (cost=418.08..418.09 rows=1 width=8)
	  ->  Index Scan using sbtest1_pkey on sbtest1  (cost=0.43..417.82 rows=104 width=4)
	        Index Cond: ((id >= 9254431) AND (id <= 9254530))

table 2 : explain SELECT SUM(k) FROM sbtest2 WHERE id BETWEEN 3303102 AND 3303201
	Aggregate  (cost=401.50..401.51 rows=1 width=8)
	  ->  Index Scan using sbtest2_pkey on sbtest2  (cost=0.43..401.25 rows=100 width=4)
	        Index Cond: ((id >= 3303102) AND (id <= 3303201))

table 3 : explain SELECT SUM(k) FROM sbtest3 WHERE id BETWEEN 9050051 AND 9050150
	Aggregate  (cost=368.98..368.99 rows=1 width=8)
	  ->  Index Scan using sbtest3_pkey on sbtest3  (cost=0.43..368.75 rows=92 width=4)
	        Index Cond: ((id >= 9050051) AND (id <= 9050150))

table 4 : explain SELECT SUM(k) FROM sbtest4 WHERE id BETWEEN 6219932 AND 6220031
	Aggregate  (cost=443.92..443.93 rows=1 width=8)
	  ->  Index Scan using sbtest4_pkey on sbtest4  (cost=0.43..443.64 rows=111 width=4)
	        Index Cond: ((id >= 6219932) AND (id <= 6220031))

table 5 : explain SELECT SUM(k) FROM sbtest5 WHERE id BETWEEN 7868212 AND 7868311
	Aggregate  (cost=369.12..369.13 rows=1 width=8)
	  ->  Index Scan using sbtest5_pkey on sbtest5  (cost=0.43..368.89 rows=92 width=4)
	        Index Cond: ((id >= 7868212) AND (id <= 7868311))

table 6 : explain SELECT SUM(k) FROM sbtest6 WHERE id BETWEEN 2260926 AND 2261025
	Aggregate  (cost=380.47..380.48 rows=1 width=8)
	  ->  Index Scan using sbtest6_pkey on sbtest6  (cost=0.43..380.24 rows=95 width=4)
	        Index Cond: ((id >= 2260926) AND (id <= 2261025))

table 7 : explain SELECT SUM(k) FROM sbtest7 WHERE id BETWEEN 9164022 AND 9164121
	Aggregate  (cost=380.78..380.79 rows=1 width=8)
	  ->  Index Scan using sbtest7_pkey on sbtest7  (cost=0.43..380.54 rows=95 width=4)
	        Index Cond: ((id >= 9164022) AND (id <= 9164121))

table 8 : explain SELECT SUM(k) FROM sbtest8 WHERE id BETWEEN 5796439 AND 5796538
	Aggregate  (cost=399.12..399.13 rows=1 width=8)
	  ->  Index Scan using sbtest8_pkey on sbtest8  (cost=0.43..398.87 rows=100 width=4)
	        Index Cond: ((id >= 5796439) AND (id <= 5796538))

explain: for point_selects :: explain SELECT c FROM sbtest%u WHERE id=%u
for: simple_ranges
table 1 : explain SELECT c FROM sbtest1 WHERE id BETWEEN 8269248 AND 8269347
	Index Scan using sbtest1_pkey on sbtest1  (cost=0.43..382.04 rows=95 width=121)
	  Index Cond: ((id >= 8269248) AND (id <= 8269347))

table 2 : explain SELECT c FROM sbtest2 WHERE id BETWEEN 1923894 AND 1923993
	Index Scan using sbtest2_pkey on sbtest2  (cost=0.43..373.47 rows=93 width=121)
	  Index Cond: ((id >= 1923894) AND (id <= 1923993))

table 3 : explain SELECT c FROM sbtest3 WHERE id BETWEEN 6620014 AND 6620113
	Index Scan using sbtest3_pkey on sbtest3  (cost=0.43..420.23 rows=105 width=121)
	  Index Cond: ((id >= 6620014) AND (id <= 6620113))

table 4 : explain SELECT c FROM sbtest4 WHERE id BETWEEN 4688567 AND 4688666
	Index Scan using sbtest4_pkey on sbtest4  (cost=0.43..368.47 rows=92 width=121)
	  Index Cond: ((id >= 4688567) AND (id <= 4688666))

table 5 : explain SELECT c FROM sbtest5 WHERE id BETWEEN 6792758 AND 6792857
	Index Scan using sbtest5_pkey on sbtest5  (cost=0.43..388.69 rows=97 width=121)
	  Index Cond: ((id >= 6792758) AND (id <= 6792857))

table 6 : explain SELECT c FROM sbtest6 WHERE id BETWEEN 2421627 AND 2421726
	Index Scan using sbtest6_pkey on sbtest6  (cost=0.43..431.66 rows=108 width=121)
	  Index Cond: ((id >= 2421627) AND (id <= 2421726))

table 7 : explain SELECT c FROM sbtest7 WHERE id BETWEEN 246419 AND 246518
	Index Scan using sbtest7_pkey on sbtest7  (cost=0.43..443.89 rows=111 width=121)
	  Index Cond: ((id >= 246419) AND (id <= 246518))

table 8 : explain SELECT c FROM sbtest8 WHERE id BETWEEN 7484811 AND 7484910
	Index Scan using sbtest8_pkey on sbtest8  (cost=0.43..414.65 rows=104 width=121)
	  Index Cond: ((id >= 7484811) AND (id <= 7484910))

for: simple_ranges
table 1 : explain SELECT c FROM sbtest1 WHERE id BETWEEN 3644071 AND 3644170
	Index Scan using sbtest1_pkey on sbtest1  (cost=0.43..397.94 rows=99 width=121)
	  Index Cond: ((id >= 3644071) AND (id <= 3644170))

table 2 : explain SELECT c FROM sbtest2 WHERE id BETWEEN 7697292 AND 7697391
	Index Scan using sbtest2_pkey on sbtest2  (cost=0.43..353.63 rows=88 width=121)
	  Index Cond: ((id >= 7697292) AND (id <= 7697391))

table 3 : explain SELECT c FROM sbtest3 WHERE id BETWEEN 7528536 AND 7528635
	Index Scan using sbtest3_pkey on sbtest3  (cost=0.43..404.40 rows=101 width=121)
	  Index Cond: ((id >= 7528536) AND (id <= 7528635))

table 4 : explain SELECT c FROM sbtest4 WHERE id BETWEEN 6410407 AND 6410506
	Index Scan using sbtest4_pkey on sbtest4  (cost=0.43..392.22 rows=98 width=121)
	  Index Cond: ((id >= 6410407) AND (id <= 6410506))

table 5 : explain SELECT c FROM sbtest5 WHERE id BETWEEN 5310443 AND 5310542
	Index Scan using sbtest5_pkey on sbtest5  (cost=0.43..380.77 rows=95 width=121)
	  Index Cond: ((id >= 5310443) AND (id <= 5310542))

table 6 : explain SELECT c FROM sbtest6 WHERE id BETWEEN 4064614 AND 4064713
	Index Scan using sbtest6_pkey on sbtest6  (cost=0.43..403.98 rows=101 width=121)
	  Index Cond: ((id >= 4064614) AND (id <= 4064713))

table 7 : explain SELECT c FROM sbtest7 WHERE id BETWEEN 4644781 AND 4644880
	Index Scan using sbtest7_pkey on sbtest7  (cost=0.43..388.46 rows=97 width=121)
	  Index Cond: ((id >= 4644781) AND (id <= 4644880))

table 8 : explain SELECT c FROM sbtest8 WHERE id BETWEEN 8818653 AND 8818752
	Index Scan using sbtest8_pkey on sbtest8  (cost=0.43..406.76 rows=102 width=121)
	  Index Cond: ((id >= 8818653) AND (id <= 8818752))

for: sum_ranges
table 1 : explain SELECT SUM(k) FROM sbtest1 WHERE id BETWEEN 4931007 AND 4931106
	Aggregate  (cost=422.06..422.07 rows=1 width=8)
	  ->  Index Scan using sbtest1_pkey on sbtest1  (cost=0.43..421.79 rows=105 width=4)
	        Index Cond: ((id >= 4931007) AND (id <= 4931106))

table 2 : explain SELECT SUM(k) FROM sbtest2 WHERE id BETWEEN 5415765 AND 5415864
	Aggregate  (cost=425.32..425.33 rows=1 width=8)
	  ->  Index Scan using sbtest2_pkey on sbtest2  (cost=0.43..425.06 rows=106 width=4)
	        Index Cond: ((id >= 5415765) AND (id <= 5415864))

table 3 : explain SELECT SUM(k) FROM sbtest3 WHERE id BETWEEN 3344368 AND 3344467
	Aggregate  (cost=460.11..460.12 rows=1 width=8)
	  ->  Index Scan using sbtest3_pkey on sbtest3  (cost=0.43..459.82 rows=115 width=4)
	        Index Cond: ((id >= 3344368) AND (id <= 3344467))

table 4 : explain SELECT SUM(k) FROM sbtest4 WHERE id BETWEEN 963029 AND 963128
	Aggregate  (cost=400.38..400.39 rows=1 width=8)
	  ->  Index Scan using sbtest4_pkey on sbtest4  (cost=0.43..400.13 rows=100 width=4)
	        Index Cond: ((id >= 963029) AND (id <= 963128))

table 5 : explain SELECT SUM(k) FROM sbtest5 WHERE id BETWEEN 5555528 AND 5555627
	Aggregate  (cost=408.76..408.77 rows=1 width=8)
	  ->  Index Scan using sbtest5_pkey on sbtest5  (cost=0.43..408.51 rows=102 width=4)
	        Index Cond: ((id >= 5555528) AND (id <= 5555627))

table 6 : explain SELECT SUM(k) FROM sbtest6 WHERE id BETWEEN 6294423 AND 6294522
	Aggregate  (cost=380.47..380.48 rows=1 width=8)
	  ->  Index Scan using sbtest6_pkey on sbtest6  (cost=0.43..380.24 rows=95 width=4)
	        Index Cond: ((id >= 6294423) AND (id <= 6294522))

table 7 : explain SELECT SUM(k) FROM sbtest7 WHERE id BETWEEN 502813 AND 502912
	Aggregate  (cost=436.24..436.25 rows=1 width=8)
	  ->  Index Scan using sbtest7_pkey on sbtest7  (cost=0.43..435.97 rows=109 width=4)
	        Index Cond: ((id >= 502813) AND (id <= 502912))

table 8 : explain SELECT SUM(k) FROM sbtest8 WHERE id BETWEEN 6939611 AND 6939710
	Aggregate  (cost=383.32..383.33 rows=1 width=8)
	  ->  Index Scan using sbtest8_pkey on sbtest8  (cost=0.43..383.08 rows=96 width=4)
	        Index Cond: ((id >= 6939611) AND (id <= 6939710))

explain: for point_selects :: explain SELECT c FROM sbtest%u WHERE id=%u
for: simple_ranges
table 1 : explain SELECT c FROM sbtest1 WHERE id BETWEEN 6334028 AND 6334127
	Index Scan using sbtest1_pkey on sbtest1  (cost=0.43..401.91 rows=100 width=121)
	  Index Cond: ((id >= 6334028) AND (id <= 6334127))

table 2 : explain SELECT c FROM sbtest2 WHERE id BETWEEN 1112149 AND 1112248
	Index Scan using sbtest2_pkey on sbtest2  (cost=0.43..401.25 rows=100 width=121)
	  Index Cond: ((id >= 1112149) AND (id <= 1112248))

table 3 : explain SELECT c FROM sbtest3 WHERE id BETWEEN 7993071 AND 7993170
	Index Scan using sbtest3_pkey on sbtest3  (cost=0.43..392.51 rows=98 width=121)
	  Index Cond: ((id >= 7993071) AND (id <= 7993170))

table 4 : explain SELECT c FROM sbtest4 WHERE id BETWEEN 8193585 AND 8193684
	Index Scan using sbtest4_pkey on sbtest4  (cost=0.43..427.82 rows=107 width=121)
	  Index Cond: ((id >= 8193585) AND (id <= 8193684))

table 5 : explain SELECT c FROM sbtest5 WHERE id BETWEEN 6544635 AND 6544734
	Index Scan using sbtest5_pkey on sbtest5  (cost=0.43..412.47 rows=103 width=121)
	  Index Cond: ((id >= 6544635) AND (id <= 6544734))

table 6 : explain SELECT c FROM sbtest6 WHERE id BETWEEN 1455779 AND 1455878
	Index Scan using sbtest6_pkey on sbtest6  (cost=0.43..380.24 rows=95 width=121)
	  Index Cond: ((id >= 1455779) AND (id <= 1455878))

table 7 : explain SELECT c FROM sbtest7 WHERE id BETWEEN 6927611 AND 6927710
	Index Scan using sbtest7_pkey on sbtest7  (cost=0.43..396.39 rows=99 width=121)
	  Index Cond: ((id >= 6927611) AND (id <= 6927710))

table 8 : explain SELECT c FROM sbtest8 WHERE id BETWEEN 815561 AND 815660
	Index Scan using sbtest8_pkey on sbtest8  (cost=0.43..398.87 rows=100 width=121)
	  Index Cond: ((id >= 815561) AND (id <= 815660))

for: sum_ranges
table 1 : explain SELECT SUM(k) FROM sbtest1 WHERE id BETWEEN 5388307 AND 5388406
	Aggregate  (cost=410.13..410.14 rows=1 width=8)
	  ->  Index Scan using sbtest1_pkey on sbtest1  (cost=0.43..409.87 rows=102 width=4)
	        Index Cond: ((id >= 5388307) AND (id <= 5388406))

table 2 : explain SELECT SUM(k) FROM sbtest2 WHERE id BETWEEN 1550863 AND 1550962
	Aggregate  (cost=385.61..385.62 rows=1 width=8)
	  ->  Index Scan using sbtest2_pkey on sbtest2  (cost=0.43..385.37 rows=96 width=4)
	        Index Cond: ((id >= 1550863) AND (id <= 1550962))

table 3 : explain SELECT SUM(k) FROM sbtest3 WHERE id BETWEEN 2854364 AND 2854463
	Aggregate  (cost=388.79..388.80 rows=1 width=8)
	  ->  Index Scan using sbtest3_pkey on sbtest3  (cost=0.43..388.55 rows=97 width=4)
	        Index Cond: ((id >= 2854364) AND (id <= 2854463))

table 4 : explain SELECT SUM(k) FROM sbtest4 WHERE id BETWEEN 2032777 AND 2032876
	Aggregate  (cost=396.42..396.43 rows=1 width=8)
	  ->  Index Scan using sbtest4_pkey on sbtest4  (cost=0.43..396.17 rows=99 width=4)
	        Index Cond: ((id >= 2032777) AND (id <= 2032876))

table 5 : explain SELECT SUM(k) FROM sbtest5 WHERE id BETWEEN 5229463 AND 5229562
	Aggregate  (cost=404.80..404.81 rows=1 width=8)
	  ->  Index Scan using sbtest5_pkey on sbtest5  (cost=0.43..404.54 rows=101 width=4)
	        Index Cond: ((id >= 5229463) AND (id <= 5229562))

table 6 : explain SELECT SUM(k) FROM sbtest6 WHERE id BETWEEN 8156962 AND 8157061
	Aggregate  (cost=388.39..388.40 rows=1 width=8)
	  ->  Index Scan using sbtest6_pkey on sbtest6  (cost=0.43..388.15 rows=97 width=4)
	        Index Cond: ((id >= 8156962) AND (id <= 8157061))

table 7 : explain SELECT SUM(k) FROM sbtest7 WHERE id BETWEEN 7871725 AND 7871824
	Aggregate  (cost=400.60..400.61 rows=1 width=8)
	  ->  Index Scan using sbtest7_pkey on sbtest7  (cost=0.43..400.35 rows=100 width=4)
	        Index Cond: ((id >= 7871725) AND (id <= 7871824))

table 8 : explain SELECT SUM(k) FROM sbtest8 WHERE id BETWEEN 4176212 AND 4176311
	Aggregate  (cost=379.38..379.39 rows=1 width=8)
	  ->  Index Scan using sbtest8_pkey on sbtest8  (cost=0.43..379.14 rows=95 width=4)
	        Index Cond: ((id >= 4176212) AND (id <= 4176311))

for point_selects
table 1 : explain SELECT c FROM sbtest1 WHERE id=3362118
	Index Scan using sbtest1_pkey on sbtest1  (cost=0.43..8.45 rows=1 width=121)
	  Index Cond: (id = 3362118)

table 2 : explain SELECT c FROM sbtest2 WHERE id=5453114
	Index Scan using sbtest2_pkey on sbtest2  (cost=0.43..8.45 rows=1 width=121)
	  Index Cond: (id = 5453114)

table 3 : explain SELECT c FROM sbtest3 WHERE id=8132395
	Index Scan using sbtest3_pkey on sbtest3  (cost=0.43..8.45 rows=1 width=121)
	  Index Cond: (id = 8132395)

table 4 : explain SELECT c FROM sbtest4 WHERE id=221093
	Index Scan using sbtest4_pkey on sbtest4  (cost=0.43..8.45 rows=1 width=121)
	  Index Cond: (id = 221093)

table 5 : explain SELECT c FROM sbtest5 WHERE id=8219858
	Index Scan using sbtest5_pkey on sbtest5  (cost=0.43..8.45 rows=1 width=121)
	  Index Cond: (id = 8219858)

table 6 : explain SELECT c FROM sbtest6 WHERE id=5578600
	Index Scan using sbtest6_pkey on sbtest6  (cost=0.43..8.45 rows=1 width=121)
	  Index Cond: (id = 5578600)

table 7 : explain SELECT c FROM sbtest7 WHERE id=325135
	Index Scan using sbtest7_pkey on sbtest7  (cost=0.43..8.45 rows=1 width=121)
	  Index Cond: (id = 325135)

table 8 : explain SELECT c FROM sbtest8 WHERE id=2969069
	Index Scan using sbtest8_pkey on sbtest8  (cost=0.43..8.45 rows=1 width=121)
	  Index Cond: (id = 2969069)

for: sum_ranges
table 1 : explain SELECT SUM(k) FROM sbtest1 WHERE id BETWEEN 8786538 AND 8786637
	Aggregate  (cost=386.25..386.26 rows=1 width=8)
	  ->  Index Scan using sbtest1_pkey on sbtest1  (cost=0.43..386.01 rows=96 width=4)
	        Index Cond: ((id >= 8786538) AND (id <= 8786637))

table 2 : explain SELECT SUM(k) FROM sbtest2 WHERE id BETWEEN 162029 AND 162128
	Aggregate  (cost=397.52..397.53 rows=1 width=8)
	  ->  Index Scan using sbtest2_pkey on sbtest2  (cost=0.43..397.27 rows=99 width=4)
	        Index Cond: ((id >= 162029) AND (id <= 162128))

table 3 : explain SELECT SUM(k) FROM sbtest3 WHERE id BETWEEN 1476125 AND 1476224
	Aggregate  (cost=404.65..404.66 rows=1 width=8)
	  ->  Index Scan using sbtest3_pkey on sbtest3  (cost=0.43..404.40 rows=101 width=4)
	        Index Cond: ((id >= 1476125) AND (id <= 1476224))

table 4 : explain SELECT SUM(k) FROM sbtest4 WHERE id BETWEEN 8595453 AND 8595552
	Aggregate  (cost=392.45..392.46 rows=1 width=8)
	  ->  Index Scan using sbtest4_pkey on sbtest4  (cost=0.43..392.20 rows=98 width=4)
	        Index Cond: ((id >= 8595453) AND (id <= 8595552))

table 5 : explain SELECT SUM(k) FROM sbtest5 WHERE id BETWEEN 7017484 AND 7017583
	Aggregate  (cost=396.87..396.88 rows=1 width=8)
	  ->  Index Scan using sbtest5_pkey on sbtest5  (cost=0.43..396.62 rows=99 width=4)
	        Index Cond: ((id >= 7017484) AND (id <= 7017583))

table 6 : explain SELECT SUM(k) FROM sbtest6 WHERE id BETWEEN 9004378 AND 9004477
	Aggregate  (cost=404.23..404.24 rows=1 width=8)
	  ->  Index Scan using sbtest6_pkey on sbtest6  (cost=0.43..403.98 rows=101 width=4)
	        Index Cond: ((id >= 9004378) AND (id <= 9004477))

table 7 : explain SELECT SUM(k) FROM sbtest7 WHERE id BETWEEN 5625812 AND 5625911
	Aggregate  (cost=404.56..404.57 rows=1 width=8)
	  ->  Index Scan using sbtest7_pkey on sbtest7  (cost=0.43..404.31 rows=101 width=4)
	        Index Cond: ((id >= 5625812) AND (id <= 5625911))

table 8 : explain SELECT SUM(k) FROM sbtest8 WHERE id BETWEEN 6034615 AND 6034714
	Aggregate  (cost=343.87..343.88 rows=1 width=8)
	  ->  Index Scan using sbtest8_pkey on sbtest8  (cost=0.43..343.65 rows=86 width=4)
	        Index Cond: ((id >= 6034615) AND (id <= 6034714))

for: sum_ranges
table 1 : explain SELECT SUM(k) FROM sbtest1 WHERE id BETWEEN 7304478 AND 7304577
	Aggregate  (cost=406.14..406.15 rows=1 width=8)
	  ->  Index Scan using sbtest1_pkey on sbtest1  (cost=0.43..405.88 rows=101 width=4)
	        Index Cond: ((id >= 7304478) AND (id <= 7304577))

table 2 : explain SELECT SUM(k) FROM sbtest2 WHERE id BETWEEN 4070438 AND 4070537
	Aggregate  (cost=405.47..405.48 rows=1 width=8)
	  ->  Index Scan using sbtest2_pkey on sbtest2  (cost=0.43..405.22 rows=101 width=4)
	        Index Cond: ((id >= 4070438) AND (id <= 4070537))

table 3 : explain SELECT SUM(k) FROM sbtest3 WHERE id BETWEEN 6968245 AND 6968344
	Aggregate  (cost=376.91..376.92 rows=1 width=8)
	  ->  Index Scan using sbtest3_pkey on sbtest3  (cost=0.43..376.67 rows=94 width=4)
	        Index Cond: ((id >= 6968245) AND (id <= 6968344))

table 4 : explain SELECT SUM(k) FROM sbtest4 WHERE id BETWEEN 9427435 AND 9427534
	Aggregate  (cost=416.21..416.22 rows=1 width=8)
	  ->  Index Scan using sbtest4_pkey on sbtest4  (cost=0.43..415.95 rows=104 width=4)
	        Index Cond: ((id >= 9427435) AND (id <= 9427534))

table 5 : explain SELECT SUM(k) FROM sbtest5 WHERE id BETWEEN 6524151 AND 6524250
	Aggregate  (cost=412.72..412.73 rows=1 width=8)
	  ->  Index Scan using sbtest5_pkey on sbtest5  (cost=0.43..412.47 rows=103 width=4)
	        Index Cond: ((id >= 6524151) AND (id <= 6524250))

table 6 : explain SELECT SUM(k) FROM sbtest6 WHERE id BETWEEN 346901 AND 347000
	Aggregate  (cost=408.19..408.20 rows=1 width=8)
	  ->  Index Scan using sbtest6_pkey on sbtest6  (cost=0.43..407.94 rows=102 width=4)
	        Index Cond: ((id >= 346901) AND (id <= 347000))

table 7 : explain SELECT SUM(k) FROM sbtest7 WHERE id BETWEEN 961111 AND 961210
	Aggregate  (cost=360.98..360.99 rows=1 width=8)
	  ->  Index Scan using sbtest7_pkey on sbtest7  (cost=0.43..360.75 rows=90 width=4)
	        Index Cond: ((id >= 961111) AND (id <= 961210))

table 8 : explain SELECT SUM(k) FROM sbtest8 WHERE id BETWEEN 7762714 AND 7762813
	Aggregate  (cost=391.23..391.24 rows=1 width=8)
	  ->  Index Scan using sbtest8_pkey on sbtest8  (cost=0.43..390.99 rows=98 width=4)
	        Index Cond: ((id >= 7762714) AND (id <= 7762813))

for: simple_ranges
table 1 : explain SELECT c FROM sbtest1 WHERE id BETWEEN 4070010 AND 4070109
	Index Scan using sbtest1_pkey on sbtest1  (cost=0.43..413.84 rows=103 width=121)
	  Index Cond: ((id >= 4070010) AND (id <= 4070109))

table 2 : explain SELECT c FROM sbtest2 WHERE id BETWEEN 4411542 AND 4411641
	Index Scan using sbtest2_pkey on sbtest2  (cost=0.43..444.89 rows=111 width=121)
	  Index Cond: ((id >= 4411542) AND (id <= 4411641))

table 3 : explain SELECT c FROM sbtest3 WHERE id BETWEEN 3452011 AND 3452110
	Index Scan using sbtest3_pkey on sbtest3  (cost=0.43..404.40 rows=101 width=121)
	  Index Cond: ((id >= 3452011) AND (id <= 3452110))

table 4 : explain SELECT c FROM sbtest4 WHERE id BETWEEN 1062180 AND 1062279
	Index Scan using sbtest4_pkey on sbtest4  (cost=0.43..372.42 rows=93 width=121)
	  Index Cond: ((id >= 1062180) AND (id <= 1062279))

table 5 : explain SELECT c FROM sbtest5 WHERE id BETWEEN 7334731 AND 7334830
	Index Scan using sbtest5_pkey on sbtest5  (cost=0.43..384.73 rows=96 width=121)
	  Index Cond: ((id >= 7334731) AND (id <= 7334830))

table 6 : explain SELECT c FROM sbtest6 WHERE id BETWEEN 6745789 AND 6745888
	Index Scan using sbtest6_pkey on sbtest6  (cost=0.43..376.28 rows=94 width=121)
	  Index Cond: ((id >= 6745789) AND (id <= 6745888))

table 7 : explain SELECT c FROM sbtest7 WHERE id BETWEEN 2106222 AND 2106321
	Index Scan using sbtest7_pkey on sbtest7  (cost=0.43..400.35 rows=100 width=121)
	  Index Cond: ((id >= 2106222) AND (id <= 2106321))

table 8 : explain SELECT c FROM sbtest8 WHERE id BETWEEN 8110475 AND 8110574
	Index Scan using sbtest8_pkey on sbtest8  (cost=0.43..418.59 rows=105 width=121)
	  Index Cond: ((id >= 8110475) AND (id <= 8110574))

for: sum_ranges
table 1 : explain SELECT SUM(k) FROM sbtest1 WHERE id BETWEEN 5035527 AND 5035626
	Aggregate  (cost=433.98..433.99 rows=1 width=8)
	  ->  Index Scan using sbtest1_pkey on sbtest1  (cost=0.43..433.71 rows=108 width=4)
	        Index Cond: ((id >= 5035527) AND (id <= 5035626))

table 2 : explain SELECT SUM(k) FROM sbtest2 WHERE id BETWEEN 3826821 AND 3826920
	Aggregate  (cost=429.29..429.30 rows=1 width=8)
	  ->  Index Scan using sbtest2_pkey on sbtest2  (cost=0.43..429.02 rows=107 width=4)
	        Index Cond: ((id >= 3826821) AND (id <= 3826920))

table 3 : explain SELECT SUM(k) FROM sbtest3 WHERE id BETWEEN 8067230 AND 8067329
	Aggregate  (cost=424.46..424.47 rows=1 width=8)
	  ->  Index Scan using sbtest3_pkey on sbtest3  (cost=0.43..424.19 rows=106 width=4)
	        Index Cond: ((id >= 8067230) AND (id <= 8067329))

table 4 : explain SELECT SUM(k) FROM sbtest4 WHERE id BETWEEN 7822707 AND 7822806
	Aggregate  (cost=412.25..412.26 rows=1 width=8)
	  ->  Index Scan using sbtest4_pkey on sbtest4  (cost=0.43..412.00 rows=103 width=4)
	        Index Cond: ((id >= 7822707) AND (id <= 7822806))

table 5 : explain SELECT SUM(k) FROM sbtest5 WHERE id BETWEEN 1070941 AND 1071040
	Aggregate  (cost=404.80..404.81 rows=1 width=8)
	  ->  Index Scan using sbtest5_pkey on sbtest5  (cost=0.43..404.54 rows=101 width=4)
	        Index Cond: ((id >= 1070941) AND (id <= 1071040))

table 6 : explain SELECT SUM(k) FROM sbtest6 WHERE id BETWEEN 827277 AND 827376
	Aggregate  (cost=439.85..439.86 rows=1 width=8)
	  ->  Index Scan using sbtest6_pkey on sbtest6  (cost=0.43..439.57 rows=110 width=4)
	        Index Cond: ((id >= 827277) AND (id <= 827376))

table 7 : explain SELECT SUM(k) FROM sbtest7 WHERE id BETWEEN 6856423 AND 6856522
	Aggregate  (cost=396.64..396.65 rows=1 width=8)
	  ->  Index Scan using sbtest7_pkey on sbtest7  (cost=0.43..396.39 rows=99 width=4)
	        Index Cond: ((id >= 6856423) AND (id <= 6856522))

table 8 : explain SELECT SUM(k) FROM sbtest8 WHERE id BETWEEN 6529786 AND 6529885
	Aggregate  (cost=391.23..391.24 rows=1 width=8)
	  ->  Index Scan using sbtest8_pkey on sbtest8  (cost=0.43..390.99 rows=98 width=4)
	        Index Cond: ((id >= 6529786) AND (id <= 6529885))

for: sum_ranges
table 1 : explain SELECT SUM(k) FROM sbtest1 WHERE id BETWEEN 7950220 AND 7950319
	Aggregate  (cost=418.08..418.09 rows=1 width=8)
	  ->  Index Scan using sbtest1_pkey on sbtest1  (cost=0.43..417.82 rows=104 width=4)
	        Index Cond: ((id >= 7950220) AND (id <= 7950319))

table 2 : explain SELECT SUM(k) FROM sbtest2 WHERE id BETWEEN 2068813 AND 2068912
	Aggregate  (cost=369.73..369.74 rows=1 width=8)
	  ->  Index Scan using sbtest2_pkey on sbtest2  (cost=0.43..369.50 rows=92 width=4)
	        Index Cond: ((id >= 2068813) AND (id <= 2068912))

table 3 : explain SELECT SUM(k) FROM sbtest3 WHERE id BETWEEN 2761195 AND 2761294
	Aggregate  (cost=404.65..404.66 rows=1 width=8)
	  ->  Index Scan using sbtest3_pkey on sbtest3  (cost=0.43..404.40 rows=101 width=4)
	        Index Cond: ((id >= 2761195) AND (id <= 2761294))

table 4 : explain SELECT SUM(k) FROM sbtest4 WHERE id BETWEEN 4321262 AND 4321361
	Aggregate  (cost=404.34..404.35 rows=1 width=8)
	  ->  Index Scan using sbtest4_pkey on sbtest4  (cost=0.43..404.09 rows=101 width=4)
	        Index Cond: ((id >= 4321262) AND (id <= 4321361))

table 5 : explain SELECT SUM(k) FROM sbtest5 WHERE id BETWEEN 4595570 AND 4595669
	Aggregate  (cost=381.00..381.01 rows=1 width=8)
	  ->  Index Scan using sbtest5_pkey on sbtest5  (cost=0.43..380.77 rows=95 width=4)
	        Index Cond: ((id >= 4595570) AND (id <= 4595669))

table 6 : explain SELECT SUM(k) FROM sbtest6 WHERE id BETWEEN 8484243 AND 8484342
	Aggregate  (cost=388.39..388.40 rows=1 width=8)
	  ->  Index Scan using sbtest6_pkey on sbtest6  (cost=0.43..388.15 rows=97 width=4)
	        Index Cond: ((id >= 8484243) AND (id <= 8484342))

table 7 : explain SELECT SUM(k) FROM sbtest7 WHERE id BETWEEN 2937621 AND 2937720
	Aggregate  (cost=432.28..432.29 rows=1 width=8)
	  ->  Index Scan using sbtest7_pkey on sbtest7  (cost=0.43..432.01 rows=108 width=4)
	        Index Cond: ((id >= 2937621) AND (id <= 2937720))

table 8 : explain SELECT SUM(k) FROM sbtest8 WHERE id BETWEEN 3508669 AND 3508768
	Aggregate  (cost=371.49..371.50 rows=1 width=8)
	  ->  Index Scan using sbtest8_pkey on sbtest8  (cost=0.43..371.25 rows=93 width=4)
	        Index Cond: ((id >= 3508669) AND (id <= 3508768))

explain: for point_selects :: explain SELECT c FROM sbtest%u WHERE id=%u
for: sum_ranges
table 1 : explain SELECT SUM(k) FROM sbtest1 WHERE id BETWEEN 9573538 AND 9573637
	Aggregate  (cost=362.40..362.41 rows=1 width=8)
	  ->  Index Scan using sbtest1_pkey on sbtest1  (cost=0.43..362.17 rows=90 width=4)
	        Index Cond: ((id >= 9573538) AND (id <= 9573637))

table 2 : explain SELECT SUM(k) FROM sbtest2 WHERE id BETWEEN 5537435 AND 5537534
	Aggregate  (cost=373.70..373.71 rows=1 width=8)
	  ->  Index Scan using sbtest2_pkey on sbtest2  (cost=0.43..373.47 rows=93 width=4)
	        Index Cond: ((id >= 5537435) AND (id <= 5537534))

table 3 : explain SELECT SUM(k) FROM sbtest3 WHERE id BETWEEN 2373168 AND 2373267
	Aggregate  (cost=424.46..424.47 rows=1 width=8)
	  ->  Index Scan using sbtest3_pkey on sbtest3  (cost=0.43..424.19 rows=106 width=4)
	        Index Cond: ((id >= 2373168) AND (id <= 2373267))

table 4 : explain SELECT SUM(k) FROM sbtest4 WHERE id BETWEEN 3762466 AND 3762565
	Aggregate  (cost=380.57..380.58 rows=1 width=8)
	  ->  Index Scan using sbtest4_pkey on sbtest4  (cost=0.43..380.33 rows=95 width=4)
	        Index Cond: ((id >= 3762466) AND (id <= 3762565))

table 5 : explain SELECT SUM(k) FROM sbtest5 WHERE id BETWEEN 2555287 AND 2555386
	Aggregate  (cost=377.04..377.05 rows=1 width=8)
	  ->  Index Scan using sbtest5_pkey on sbtest5  (cost=0.43..376.81 rows=94 width=4)
	        Index Cond: ((id >= 2555287) AND (id <= 2555386))

table 6 : explain SELECT SUM(k) FROM sbtest6 WHERE id BETWEEN 3318823 AND 3318922
	Aggregate  (cost=380.47..380.48 rows=1 width=8)
	  ->  Index Scan using sbtest6_pkey on sbtest6  (cost=0.43..380.24 rows=95 width=4)
	        Index Cond: ((id >= 3318823) AND (id <= 3318922))

table 7 : explain SELECT SUM(k) FROM sbtest7 WHERE id BETWEEN 3551660 AND 3551759
	Aggregate  (cost=349.09..349.10 rows=1 width=8)
	  ->  Index Scan using sbtest7_pkey on sbtest7  (cost=0.43..348.88 rows=87 width=4)
	        Index Cond: ((id >= 3551660) AND (id <= 3551759))

table 8 : explain SELECT SUM(k) FROM sbtest8 WHERE id BETWEEN 4996687 AND 4996786
	Aggregate  (cost=403.07..403.08 rows=1 width=8)
	  ->  Index Scan using sbtest8_pkey on sbtest8  (cost=0.43..402.82 rows=101 width=4)
	        Index Cond: ((id >= 4996687) AND (id <= 4996786))

for: order_ranges
table 1 : explain SELECT c FROM sbtest1 WHERE id BETWEEN 8571928 AND 8572027 ORDER BY c
	Sort  (cost=413.27..413.53 rows=102 width=121)
	  Sort Key: c
	  ->  Index Scan using sbtest1_pkey on sbtest1  (cost=0.43..409.87 rows=102 width=121)
	        Index Cond: ((id >= 8571928) AND (id <= 8572027))

table 2 : explain SELECT c FROM sbtest2 WHERE id BETWEEN 5614633 AND 5614732 ORDER BY c
	Sort  (cost=416.60..416.86 rows=103 width=121)
	  Sort Key: c
	  ->  Index Scan using sbtest2_pkey on sbtest2  (cost=0.43..413.15 rows=103 width=121)
	        Index Cond: ((id >= 5614633) AND (id <= 5614732))

table 3 : explain SELECT c FROM sbtest3 WHERE id BETWEEN 1541245 AND 1541344 ORDER BY c
	Sort  (cost=403.76..404.01 rows=100 width=121)
	  Sort Key: c
	  ->  Index Scan using sbtest3_pkey on sbtest3  (cost=0.43..400.44 rows=100 width=121)
	        Index Cond: ((id >= 1541245) AND (id <= 1541344))

table 4 : explain SELECT c FROM sbtest4 WHERE id BETWEEN 651764 AND 651863 ORDER BY c
	Sort  (cost=395.46..395.70 rows=98 width=121)
	  Sort Key: c
	  ->  Index Scan using sbtest4_pkey on sbtest4  (cost=0.43..392.22 rows=98 width=121)
	        Index Cond: ((id >= 651764) AND (id <= 651863))

table 5 : explain SELECT c FROM sbtest5 WHERE id BETWEEN 325965 AND 326064 ORDER BY c
	Sort  (cost=439.92..440.19 rows=109 width=121)
	  Sort Key: c
	  ->  Index Scan using sbtest5_pkey on sbtest5  (cost=0.43..436.23 rows=109 width=121)
	        Index Cond: ((id >= 325965) AND (id <= 326064))

table 6 : explain SELECT c FROM sbtest6 WHERE id BETWEEN 6913911 AND 6914010 ORDER BY c
	Sort  (cost=415.33..415.59 rows=103 width=121)
	  Sort Key: c
	  ->  Index Scan using sbtest6_pkey on sbtest6  (cost=0.43..411.89 rows=103 width=121)
	        Index Cond: ((id >= 6913911) AND (id <= 6914010))

table 7 : explain SELECT c FROM sbtest7 WHERE id BETWEEN 7860042 AND 7860141 ORDER BY c
	Sort  (cost=403.67..403.92 rows=100 width=121)
	  Sort Key: c
	  ->  Index Scan using sbtest7_pkey on sbtest7  (cost=0.43..400.35 rows=100 width=121)
	        Index Cond: ((id >= 7860042) AND (id <= 7860141))

table 8 : explain SELECT c FROM sbtest8 WHERE id BETWEEN 7915688 AND 7915787 ORDER BY c
	Sort  (cost=434.07..434.34 rows=108 width=121)
	  Sort Key: c
	  ->  Index Scan using sbtest8_pkey on sbtest8  (cost=0.43..430.42 rows=108 width=121)
	        Index Cond: ((id >= 7915688) AND (id <= 7915787))

for point_selects
table 1 : explain SELECT c FROM sbtest1 WHERE id=5256309
	Index Scan using sbtest1_pkey on sbtest1  (cost=0.43..8.45 rows=1 width=121)
	  Index Cond: (id = 5256309)

table 2 : explain SELECT c FROM sbtest2 WHERE id=248956
	Index Scan using sbtest2_pkey on sbtest2  (cost=0.43..8.45 rows=1 width=121)
	  Index Cond: (id = 248956)

table 3 : explain SELECT c FROM sbtest3 WHERE id=101473
	Index Scan using sbtest3_pkey on sbtest3  (cost=0.43..8.45 rows=1 width=121)
	  Index Cond: (id = 101473)

table 4 : explain SELECT c FROM sbtest4 WHERE id=4963806
	Index Scan using sbtest4_pkey on sbtest4  (cost=0.43..8.45 rows=1 width=121)
	  Index Cond: (id = 4963806)

table 5 : explain SELECT c FROM sbtest5 WHERE id=7874962
	Index Scan using sbtest5_pkey on sbtest5  (cost=0.43..8.45 rows=1 width=121)
	  Index Cond: (id = 7874962)

table 6 : explain SELECT c FROM sbtest6 WHERE id=7388652
	Index Scan using sbtest6_pkey on sbtest6  (cost=0.43..8.45 rows=1 width=121)
	  Index Cond: (id = 7388652)

table 7 : explain SELECT c FROM sbtest7 WHERE id=1115675
	Index Scan using sbtest7_pkey on sbtest7  (cost=0.43..8.45 rows=1 width=121)
	  Index Cond: (id = 1115675)

table 8 : explain SELECT c FROM sbtest8 WHERE id=1837930
	Index Scan using sbtest8_pkey on sbtest8  (cost=0.43..8.45 rows=1 width=121)
	  Index Cond: (id = 1837930)

for: sum_ranges
table 1 : explain SELECT SUM(k) FROM sbtest1 WHERE id BETWEEN 8841690 AND 8841789
	Aggregate  (cost=402.16..402.17 rows=1 width=8)
	  ->  Index Scan using sbtest1_pkey on sbtest1  (cost=0.43..401.91 rows=100 width=4)
	        Index Cond: ((id >= 8841690) AND (id <= 8841789))

table 2 : explain SELECT SUM(k) FROM sbtest2 WHERE id BETWEEN 4718327 AND 4718426
	Aggregate  (cost=421.35..421.36 rows=1 width=8)
	  ->  Index Scan using sbtest2_pkey on sbtest2  (cost=0.43..421.09 rows=105 width=4)
	        Index Cond: ((id >= 4718327) AND (id <= 4718426))

table 3 : explain SELECT SUM(k) FROM sbtest3 WHERE id BETWEEN 3128695 AND 3128794
	Aggregate  (cost=408.61..408.62 rows=1 width=8)
	  ->  Index Scan using sbtest3_pkey on sbtest3  (cost=0.43..408.36 rows=102 width=4)
	        Index Cond: ((id >= 3128695) AND (id <= 3128794))

table 4 : explain SELECT SUM(k) FROM sbtest4 WHERE id BETWEEN 8593531 AND 8593630
	Aggregate  (cost=392.45..392.46 rows=1 width=8)
	  ->  Index Scan using sbtest4_pkey on sbtest4  (cost=0.43..392.20 rows=98 width=4)
	        Index Cond: ((id >= 8593531) AND (id <= 8593630))

table 5 : explain SELECT SUM(k) FROM sbtest5 WHERE id BETWEEN 7088768 AND 7088867
	Aggregate  (cost=400.83..400.84 rows=1 width=8)
	  ->  Index Scan using sbtest5_pkey on sbtest5  (cost=0.43..400.58 rows=100 width=4)
	        Index Cond: ((id >= 7088768) AND (id <= 7088867))

table 6 : explain SELECT SUM(k) FROM sbtest6 WHERE id BETWEEN 8114741 AND 8114840
	Aggregate  (cost=388.39..388.40 rows=1 width=8)
	  ->  Index Scan using sbtest6_pkey on sbtest6  (cost=0.43..388.15 rows=97 width=4)
	        Index Cond: ((id >= 8114741) AND (id <= 8114840))

table 7 : explain SELECT SUM(k) FROM sbtest7 WHERE id BETWEEN 128525 AND 128624
	Aggregate  (cost=392.68..392.69 rows=1 width=8)
	  ->  Index Scan using sbtest7_pkey on sbtest7  (cost=0.43..392.43 rows=98 width=4)
	        Index Cond: ((id >= 128525) AND (id <= 128624))

table 8 : explain SELECT SUM(k) FROM sbtest8 WHERE id BETWEEN 1595476 AND 1595575
	Aggregate  (cost=387.29..387.30 rows=1 width=8)
	  ->  Index Scan using sbtest8_pkey on sbtest8  (cost=0.43..387.05 rows=97 width=4)
	        Index Cond: ((id >= 1595476) AND (id <= 1595575))

for point_selects
table 1 : explain SELECT c FROM sbtest1 WHERE id=6008873
	Index Scan using sbtest1_pkey on sbtest1  (cost=0.43..8.45 rows=1 width=121)
	  Index Cond: (id = 6008873)

table 2 : explain SELECT c FROM sbtest2 WHERE id=4225134
	Index Scan using sbtest2_pkey on sbtest2  (cost=0.43..8.45 rows=1 width=121)
	  Index Cond: (id = 4225134)

table 3 : explain SELECT c FROM sbtest3 WHERE id=1272985
	Index Scan using sbtest3_pkey on sbtest3  (cost=0.43..8.45 rows=1 width=121)
	  Index Cond: (id = 1272985)

table 4 : explain SELECT c FROM sbtest4 WHERE id=7959776
	Index Scan using sbtest4_pkey on sbtest4  (cost=0.43..8.45 rows=1 width=121)
	  Index Cond: (id = 7959776)

table 5 : explain SELECT c FROM sbtest5 WHERE id=3388842
	Index Scan using sbtest5_pkey on sbtest5  (cost=0.43..8.45 rows=1 width=121)
	  Index Cond: (id = 3388842)

table 6 : explain SELECT c FROM sbtest6 WHERE id=9642419
	Index Scan using sbtest6_pkey on sbtest6  (cost=0.43..8.45 rows=1 width=121)
	  Index Cond: (id = 9642419)

table 7 : explain SELECT c FROM sbtest7 WHERE id=6978445
	Index Scan using sbtest7_pkey on sbtest7  (cost=0.43..8.45 rows=1 width=121)
	  Index Cond: (id = 6978445)

table 8 : explain SELECT c FROM sbtest8 WHERE id=5028344
	Index Scan using sbtest8_pkey on sbtest8  (cost=0.43..8.45 rows=1 width=121)
	  Index Cond: (id = 5028344)

for: simple_ranges
table 1 : explain SELECT c FROM sbtest1 WHERE id BETWEEN 7735643 AND 7735742
	Index Scan using sbtest1_pkey on sbtest1  (cost=0.43..405.88 rows=101 width=121)
	  Index Cond: ((id >= 7735643) AND (id <= 7735742))

table 2 : explain SELECT c FROM sbtest2 WHERE id BETWEEN 8839745 AND 8839844
	Index Scan using sbtest2_pkey on sbtest2  (cost=0.43..405.22 rows=101 width=121)
	  Index Cond: ((id >= 8839745) AND (id <= 8839844))

table 3 : explain SELECT c FROM sbtest3 WHERE id BETWEEN 6979769 AND 6979868
	Index Scan using sbtest3_pkey on sbtest3  (cost=0.43..376.67 rows=94 width=121)
	  Index Cond: ((id >= 6979769) AND (id <= 6979868))

table 4 : explain SELECT c FROM sbtest4 WHERE id BETWEEN 481857 AND 481956
	Index Scan using sbtest4_pkey on sbtest4  (cost=0.43..404.09 rows=101 width=121)
	  Index Cond: ((id >= 481857) AND (id <= 481956))

table 5 : explain SELECT c FROM sbtest5 WHERE id BETWEEN 9360093 AND 9360192
	Index Scan using sbtest5_pkey on sbtest5  (cost=0.43..420.39 rows=105 width=121)
	  Index Cond: ((id >= 9360093) AND (id <= 9360192))

table 6 : explain SELECT c FROM sbtest6 WHERE id BETWEEN 4959643 AND 4959742
	Index Scan using sbtest6_pkey on sbtest6  (cost=0.43..396.07 rows=99 width=121)
	  Index Cond: ((id >= 4959643) AND (id <= 4959742))

table 7 : explain SELECT c FROM sbtest7 WHERE id BETWEEN 5843969 AND 5844068
	Index Scan using sbtest7_pkey on sbtest7  (cost=0.43..408.26 rows=102 width=121)
	  Index Cond: ((id >= 5843969) AND (id <= 5844068))

table 8 : explain SELECT c FROM sbtest8 WHERE id BETWEEN 6410420 AND 6410519
	Index Scan using sbtest8_pkey on sbtest8  (cost=0.43..422.53 rows=106 width=121)
	  Index Cond: ((id >= 6410420) AND (id <= 6410519))

explain: for point_selects :: explain SELECT c FROM sbtest%u WHERE id=%u
for point_selects
table 1 : explain SELECT c FROM sbtest1 WHERE id=2722866
	Index Scan using sbtest1_pkey on sbtest1  (cost=0.43..8.45 rows=1 width=121)
	  Index Cond: (id = 2722866)

table 2 : explain SELECT c FROM sbtest2 WHERE id=409692
	Index Scan using sbtest2_pkey on sbtest2  (cost=0.43..8.45 rows=1 width=121)
	  Index Cond: (id = 409692)

table 3 : explain SELECT c FROM sbtest3 WHERE id=5297344
	Index Scan using sbtest3_pkey on sbtest3  (cost=0.43..8.45 rows=1 width=121)
	  Index Cond: (id = 5297344)

table 4 : explain SELECT c FROM sbtest4 WHERE id=8909043
	Index Scan using sbtest4_pkey on sbtest4  (cost=0.43..8.45 rows=1 width=121)
	  Index Cond: (id = 8909043)

table 5 : explain SELECT c FROM sbtest5 WHERE id=6326458
	Index Scan using sbtest5_pkey on sbtest5  (cost=0.43..8.45 rows=1 width=121)
	  Index Cond: (id = 6326458)

table 6 : explain SELECT c FROM sbtest6 WHERE id=5259862
	Index Scan using sbtest6_pkey on sbtest6  (cost=0.43..8.45 rows=1 width=121)
	  Index Cond: (id = 5259862)

table 7 : explain SELECT c FROM sbtest7 WHERE id=7523434
	Index Scan using sbtest7_pkey on sbtest7  (cost=0.43..8.45 rows=1 width=121)
	  Index Cond: (id = 7523434)

table 8 : explain SELECT c FROM sbtest8 WHERE id=7183024
	Index Scan using sbtest8_pkey on sbtest8  (cost=0.43..8.45 rows=1 width=121)
	  Index Cond: (id = 7183024)

for: distinct_ranges
table 1 : explain SELECT DISTINCT c FROM sbtest1 WHERE id BETWEEN 3102589 AND 3102688 ORDER BY c
	Unique  (cost=461.45..462.02 rows=114 width=121)
	  ->  Sort  (cost=461.45..461.74 rows=114 width=121)
	        Sort Key: c
	        ->  Index Scan using sbtest1_pkey on sbtest1  (cost=0.43..457.56 rows=114 width=121)
	              Index Cond: ((id >= 3102589) AND (id <= 3102688))

table 2 : explain SELECT DISTINCT c FROM sbtest2 WHERE id BETWEEN 2551429 AND 2551528 ORDER BY c
	Unique  (cost=388.53..389.01 rows=96 width=121)
	  ->  Sort  (cost=388.53..388.77 rows=96 width=121)
	        Sort Key: c
	        ->  Index Scan using sbtest2_pkey on sbtest2  (cost=0.43..385.37 rows=96 width=121)
	              Index Cond: ((id >= 2551429) AND (id <= 2551528))

table 3 : explain SELECT DISTINCT c FROM sbtest3 WHERE id BETWEEN 6104433 AND 6104532 ORDER BY c
	Unique  (cost=391.75..392.23 rows=97 width=121)
	  ->  Sort  (cost=391.75..391.99 rows=97 width=121)
	        Sort Key: c
	        ->  Index Scan using sbtest3_pkey on sbtest3  (cost=0.43..388.55 rows=97 width=121)
	              Index Cond: ((id >= 6104433) AND (id <= 6104532))

table 4 : explain SELECT DISTINCT c FROM sbtest4 WHERE id BETWEEN 1684958 AND 1685057 ORDER BY c
	Unique  (cost=363.48..363.93 rows=90 width=121)
	  ->  Sort  (cost=363.48..363.70 rows=90 width=121)
	        Sort Key: c
	        ->  Index Scan using sbtest4_pkey on sbtest4  (cost=0.43..360.56 rows=90 width=121)
	              Index Cond: ((id >= 1684958) AND (id <= 1685057))

table 5 : explain SELECT DISTINCT c FROM sbtest5 WHERE id BETWEEN 2107283 AND 2107382 ORDER BY c
	Unique  (cost=395.90..396.39 rows=98 width=121)
	  ->  Sort  (cost=395.90..396.15 rows=98 width=121)
	        Sort Key: c
	        ->  Index Scan using sbtest5_pkey on sbtest5  (cost=0.43..392.66 rows=98 width=121)
	              Index Cond: ((id >= 2107283) AND (id <= 2107382))

table 6 : explain SELECT DISTINCT c FROM sbtest6 WHERE id BETWEEN 9876513 AND 9876612 ORDER BY c
	Unique  (cost=395.34..395.83 rows=98 width=121)
	  ->  Sort  (cost=395.34..395.59 rows=98 width=121)
	        Sort Key: c
	        ->  Index Scan using sbtest6_pkey on sbtest6  (cost=0.43..392.10 rows=98 width=121)
	              Index Cond: ((id >= 9876513) AND (id <= 9876612))

table 7 : explain SELECT DISTINCT c FROM sbtest7 WHERE id BETWEEN 9612526 AND 9612625 ORDER BY c
	Unique  (cost=403.67..404.17 rows=100 width=121)
	  ->  Sort  (cost=403.67..403.92 rows=100 width=121)
	        Sort Key: c
	        ->  Index Scan using sbtest7_pkey on sbtest7  (cost=0.43..400.35 rows=100 width=121)
	              Index Cond: ((id >= 9612526) AND (id <= 9612625))

table 8 : explain SELECT DISTINCT c FROM sbtest8 WHERE id BETWEEN 3169423 AND 3169522 ORDER BY c
	Unique  (cost=394.23..394.72 rows=98 width=121)
	  ->  Sort  (cost=394.23..394.47 rows=98 width=121)
	        Sort Key: c
	        ->  Index Scan using sbtest8_pkey on sbtest8  (cost=0.43..390.99 rows=98 width=121)
	              Index Cond: ((id >= 3169423) AND (id <= 3169522))

for: order_ranges
table 1 : explain SELECT c FROM sbtest1 WHERE id BETWEEN 9713143 AND 9713242 ORDER BY c
	Sort  (cost=409.25..409.50 rows=101 width=121)
	  Sort Key: c
	  ->  Index Scan using sbtest1_pkey on sbtest1  (cost=0.43..405.88 rows=101 width=121)
	        Index Cond: ((id >= 9713143) AND (id <= 9713242))

table 2 : explain SELECT c FROM sbtest2 WHERE id BETWEEN 6636781 AND 6636880 ORDER BY c
	Sort  (cost=408.58..408.83 rows=101 width=121)
	  Sort Key: c
	  ->  Index Scan using sbtest2_pkey on sbtest2  (cost=0.43..405.22 rows=101 width=121)
	        Index Cond: ((id >= 6636781) AND (id <= 6636880))

table 3 : explain SELECT c FROM sbtest3 WHERE id BETWEEN 7895647 AND 7895746 ORDER BY c
	Sort  (cost=391.75..391.99 rows=97 width=121)
	  Sort Key: c
	  ->  Index Scan using sbtest3_pkey on sbtest3  (cost=0.43..388.55 rows=97 width=121)
	        Index Cond: ((id >= 7895647) AND (id <= 7895746))

table 4 : explain SELECT c FROM sbtest4 WHERE id BETWEEN 7430034 AND 7430133 ORDER BY c
	Sort  (cost=403.45..403.70 rows=100 width=121)
	  Sort Key: c
	  ->  Index Scan using sbtest4_pkey on sbtest4  (cost=0.43..400.13 rows=100 width=121)
	        Index Cond: ((id >= 7430034) AND (id <= 7430133))

table 5 : explain SELECT c FROM sbtest5 WHERE id BETWEEN 4615121 AND 4615220 ORDER BY c
	Sort  (cost=383.89..384.13 rows=95 width=121)
	  Sort Key: c
	  ->  Index Scan using sbtest5_pkey on sbtest5  (cost=0.43..380.77 rows=95 width=121)
	        Index Cond: ((id >= 4615121) AND (id <= 4615220))

table 6 : explain SELECT c FROM sbtest6 WHERE id BETWEEN 1955618 AND 1955717 ORDER BY c
	Sort  (cost=391.35..391.59 rows=97 width=121)
	  Sort Key: c
	  ->  Index Scan using sbtest6_pkey on sbtest6  (cost=0.43..388.15 rows=97 width=121)
	        Index Cond: ((id >= 1955618) AND (id <= 1955717))

table 7 : explain SELECT c FROM sbtest7 WHERE id BETWEEN 2510332 AND 2510431 ORDER BY c
	Sort  (cost=431.66..431.93 rows=107 width=121)
	  Sort Key: c
	  ->  Index Scan using sbtest7_pkey on sbtest7  (cost=0.43..428.05 rows=107 width=121)
	        Index Cond: ((id >= 2510332) AND (id <= 2510431))

table 8 : explain SELECT c FROM sbtest8 WHERE id BETWEEN 8542331 AND 8542430 ORDER BY c
	Sort  (cost=390.23..390.47 rows=97 width=121)
	  Sort Key: c
	  ->  Index Scan using sbtest8_pkey on sbtest8  (cost=0.43..387.03 rows=97 width=121)
	        Index Cond: ((id >= 8542331) AND (id <= 8542430))

for: simple_ranges
table 1 : explain SELECT c FROM sbtest1 WHERE id BETWEEN 5890507 AND 5890606
	Index Scan using sbtest1_pkey on sbtest1  (cost=0.43..425.77 rows=106 width=121)
	  Index Cond: ((id >= 5890507) AND (id <= 5890606))

table 2 : explain SELECT c FROM sbtest2 WHERE id BETWEEN 8177725 AND 8177824
	Index Scan using sbtest2_pkey on sbtest2  (cost=0.43..421.09 rows=105 width=121)
	  Index Cond: ((id >= 8177725) AND (id <= 8177824))

table 3 : explain SELECT c FROM sbtest3 WHERE id BETWEEN 4636301 AND 4636400
	Index Scan using sbtest3_pkey on sbtest3  (cost=0.43..432.11 rows=108 width=121)
	  Index Cond: ((id >= 4636301) AND (id <= 4636400))

table 4 : explain SELECT c FROM sbtest4 WHERE id BETWEEN 9281607 AND 9281706
	Index Scan using sbtest4_pkey on sbtest4  (cost=0.43..384.29 rows=96 width=121)
	  Index Cond: ((id >= 9281607) AND (id <= 9281706))

table 5 : explain SELECT c FROM sbtest5 WHERE id BETWEEN 5985557 AND 5985656
	Index Scan using sbtest5_pkey on sbtest5  (cost=0.43..364.93 rows=91 width=121)
	  Index Cond: ((id >= 5985557) AND (id <= 5985656))

table 6 : explain SELECT c FROM sbtest6 WHERE id BETWEEN 573306 AND 573405
	Index Scan using sbtest6_pkey on sbtest6  (cost=0.43..348.60 rows=87 width=121)
	  Index Cond: ((id >= 573306) AND (id <= 573405))

table 7 : explain SELECT c FROM sbtest7 WHERE id BETWEEN 4636322 AND 4636421
	Index Scan using sbtest7_pkey on sbtest7  (cost=0.43..388.46 rows=97 width=121)
	  Index Cond: ((id >= 4636322) AND (id <= 4636421))

table 8 : explain SELECT c FROM sbtest8 WHERE id BETWEEN 1778715 AND 1778814
	Index Scan using sbtest8_pkey on sbtest8  (cost=0.43..426.48 rows=107 width=121)
	  Index Cond: ((id >= 1778715) AND (id <= 1778814))

for: simple_ranges
table 1 : explain SELECT c FROM sbtest1 WHERE id BETWEEN 5979922 AND 5980021
	Index Scan using sbtest1_pkey on sbtest1  (cost=0.43..413.84 rows=103 width=121)
	  Index Cond: ((id >= 5979922) AND (id <= 5980021))

table 2 : explain SELECT c FROM sbtest2 WHERE id BETWEEN 924610 AND 924709
	Index Scan using sbtest2_pkey on sbtest2  (cost=0.43..472.66 rows=118 width=121)
	  Index Cond: ((id >= 924610) AND (id <= 924709))

table 3 : explain SELECT c FROM sbtest3 WHERE id BETWEEN 5210984 AND 5211083
	Index Scan using sbtest3_pkey on sbtest3  (cost=0.43..408.36 rows=102 width=121)
	  Index Cond: ((id >= 5210984) AND (id <= 5211083))

table 4 : explain SELECT c FROM sbtest4 WHERE id BETWEEN 4440017 AND 4440116
	Index Scan using sbtest4_pkey on sbtest4  (cost=0.43..380.33 rows=95 width=121)
	  Index Cond: ((id >= 4440017) AND (id <= 4440116))

table 5 : explain SELECT c FROM sbtest5 WHERE id BETWEEN 3631365 AND 3631464
	Index Scan using sbtest5_pkey on sbtest5  (cost=0.43..400.58 rows=100 width=121)
	  Index Cond: ((id >= 3631365) AND (id <= 3631464))

table 6 : explain SELECT c FROM sbtest6 WHERE id BETWEEN 7544891 AND 7544990
	Index Scan using sbtest6_pkey on sbtest6  (cost=0.43..419.80 rows=105 width=121)
	  Index Cond: ((id >= 7544891) AND (id <= 7544990))

table 7 : explain SELECT c FROM sbtest7 WHERE id BETWEEN 7854043 AND 7854142
	Index Scan using sbtest7_pkey on sbtest7  (cost=0.43..416.18 rows=104 width=121)
	  Index Cond: ((id >= 7854043) AND (id <= 7854142))

table 8 : explain SELECT c FROM sbtest8 WHERE id BETWEEN 1331373 AND 1331472
	Index Scan using sbtest8_pkey on sbtest8  (cost=0.43..375.20 rows=94 width=121)
	  Index Cond: ((id >= 1331373) AND (id <= 1331472))

for: distinct_ranges
table 1 : explain SELECT DISTINCT c FROM sbtest1 WHERE id BETWEEN 7223124 AND 7223223 ORDER BY c
	Unique  (cost=421.30..421.82 rows=104 width=121)
	  ->  Sort  (cost=421.30..421.56 rows=104 width=121)
	        Sort Key: c
	        ->  Index Scan using sbtest1_pkey on sbtest1  (cost=0.43..417.82 rows=104 width=121)
	              Index Cond: ((id >= 7223124) AND (id <= 7223223))

table 2 : explain SELECT DISTINCT c FROM sbtest2 WHERE id BETWEEN 4822126 AND 4822225 ORDER BY c
	Unique  (cost=368.49..368.95 rows=91 width=121)
	  ->  Sort  (cost=368.49..368.72 rows=91 width=121)
	        Sort Key: c
	        ->  Index Scan using sbtest2_pkey on sbtest2  (cost=0.43..365.53 rows=91 width=121)
	              Index Cond: ((id >= 4822126) AND (id <= 4822225))

table 3 : explain SELECT DISTINCT c FROM sbtest3 WHERE id BETWEEN 6455421 AND 6455520 ORDER BY c
	Unique  (cost=383.75..384.22 rows=95 width=121)
	  ->  Sort  (cost=383.75..383.99 rows=95 width=121)
	        Sort Key: c
	        ->  Index Scan using sbtest3_pkey on sbtest3  (cost=0.43..380.63 rows=95 width=121)
	              Index Cond: ((id >= 6455421) AND (id <= 6455520))

table 4 : explain SELECT DISTINCT c FROM sbtest4 WHERE id BETWEEN 1731643 AND 1731742 ORDER BY c
	Unique  (cost=383.45..383.93 rows=95 width=121)
	  ->  Sort  (cost=383.45..383.69 rows=95 width=121)
	        Sort Key: c
	        ->  Index Scan using sbtest4_pkey on sbtest4  (cost=0.43..380.33 rows=95 width=121)
	              Index Cond: ((id >= 1731643) AND (id <= 1731742))

table 5 : explain SELECT DISTINCT c FROM sbtest5 WHERE id BETWEEN 7520840 AND 7520939 ORDER BY c
	Unique  (cost=439.92..440.46 rows=109 width=121)
	  ->  Sort  (cost=439.92..440.19 rows=109 width=121)
	        Sort Key: c
	        ->  Index Scan using sbtest5_pkey on sbtest5  (cost=0.43..436.23 rows=109 width=121)
	              Index Cond: ((id >= 7520840) AND (id <= 7520939))

table 6 : explain SELECT DISTINCT c FROM sbtest6 WHERE id BETWEEN 2523942 AND 2524041 ORDER BY c
	Unique  (cost=415.33..415.85 rows=103 width=121)
	  ->  Sort  (cost=415.33..415.59 rows=103 width=121)
	        Sort Key: c
	        ->  Index Scan using sbtest6_pkey on sbtest6  (cost=0.43..411.89 rows=103 width=121)
	              Index Cond: ((id >= 2523942) AND (id <= 2524041))

table 7 : explain SELECT DISTINCT c FROM sbtest7 WHERE id BETWEEN 2391216 AND 2391315 ORDER BY c
	Unique  (cost=403.67..404.17 rows=100 width=121)
	  ->  Sort  (cost=403.67..403.92 rows=100 width=121)
	        Sort Key: c
	        ->  Index Scan using sbtest7_pkey on sbtest7  (cost=0.43..400.35 rows=100 width=121)
	              Index Cond: ((id >= 2391216) AND (id <= 2391315))

table 8 : explain SELECT DISTINCT c FROM sbtest8 WHERE id BETWEEN 4990105 AND 4990204 ORDER BY c
	Unique  (cost=406.18..406.69 rows=101 width=121)
	  ->  Sort  (cost=406.18..406.43 rows=101 width=121)
	        Sort Key: c
	        ->  Index Scan using sbtest8_pkey on sbtest8  (cost=0.43..402.82 rows=101 width=121)
	              Index Cond: ((id >= 4990105) AND (id <= 4990204))

for: sum_ranges
table 1 : explain SELECT SUM(k) FROM sbtest1 WHERE id BETWEEN 1705495 AND 1705594
	Aggregate  (cost=370.35..370.36 rows=1 width=8)
	  ->  Index Scan using sbtest1_pkey on sbtest1  (cost=0.43..370.12 rows=92 width=4)
	        Index Cond: ((id >= 1705495) AND (id <= 1705594))

table 2 : explain SELECT SUM(k) FROM sbtest2 WHERE id BETWEEN 7160150 AND 7160249
	Aggregate  (cost=437.23..437.24 rows=1 width=8)
	  ->  Index Scan using sbtest2_pkey on sbtest2  (cost=0.43..436.96 rows=109 width=4)
	        Index Cond: ((id >= 7160150) AND (id <= 7160249))

table 3 : explain SELECT SUM(k) FROM sbtest3 WHERE id BETWEEN 590902 AND 591001
	Aggregate  (cost=428.42..428.43 rows=1 width=8)
	  ->  Index Scan using sbtest3_pkey on sbtest3  (cost=0.43..428.15 rows=107 width=4)
	        Index Cond: ((id >= 590902) AND (id <= 591001))

table 4 : explain SELECT SUM(k) FROM sbtest4 WHERE id BETWEEN 852110 AND 852209
	Aggregate  (cost=424.13..424.14 rows=1 width=8)
	  ->  Index Scan using sbtest4_pkey on sbtest4  (cost=0.43..423.86 rows=106 width=4)
	        Index Cond: ((id >= 852110) AND (id <= 852209))

table 5 : explain SELECT SUM(k) FROM sbtest5 WHERE id BETWEEN 2964519 AND 2964618
	Aggregate  (cost=416.69..416.70 rows=1 width=8)
	  ->  Index Scan using sbtest5_pkey on sbtest5  (cost=0.43..416.43 rows=104 width=4)
	        Index Cond: ((id >= 2964519) AND (id <= 2964618))

table 6 : explain SELECT SUM(k) FROM sbtest6 WHERE id BETWEEN 8857200 AND 8857299
	Aggregate  (cost=372.56..372.57 rows=1 width=8)
	  ->  Index Scan using sbtest6_pkey on sbtest6  (cost=0.43..372.33 rows=93 width=4)
	        Index Cond: ((id >= 8857200) AND (id <= 8857299))

table 7 : explain SELECT SUM(k) FROM sbtest7 WHERE id BETWEEN 2340231 AND 2340330
	Aggregate  (cost=400.60..400.61 rows=1 width=8)
	  ->  Index Scan using sbtest7_pkey on sbtest7  (cost=0.43..400.35 rows=100 width=4)
	        Index Cond: ((id >= 2340231) AND (id <= 2340330))

table 8 : explain SELECT SUM(k) FROM sbtest8 WHERE id BETWEEN 2146430 AND 2146529
	Aggregate  (cost=410.96..410.97 rows=1 width=8)
	  ->  Index Scan using sbtest8_pkey on sbtest8  (cost=0.43..410.70 rows=103 width=4)
	        Index Cond: ((id >= 2146430) AND (id <= 2146529))

for: sum_ranges
table 1 : explain SELECT SUM(k) FROM sbtest1 WHERE id BETWEEN 1488867 AND 1488966
	Aggregate  (cost=410.13..410.14 rows=1 width=8)
	  ->  Index Scan using sbtest1_pkey on sbtest1  (cost=0.43..409.87 rows=102 width=4)
	        Index Cond: ((id >= 1488867) AND (id <= 1488966))

table 2 : explain SELECT SUM(k) FROM sbtest2 WHERE id BETWEEN 2161221 AND 2161320
	Aggregate  (cost=393.55..393.56 rows=1 width=8)
	  ->  Index Scan using sbtest2_pkey on sbtest2  (cost=0.43..393.30 rows=98 width=4)
	        Index Cond: ((id >= 2161221) AND (id <= 2161320))

table 3 : explain SELECT SUM(k) FROM sbtest3 WHERE id BETWEEN 6145879 AND 6145978
	Aggregate  (cost=388.79..388.80 rows=1 width=8)
	  ->  Index Scan using sbtest3_pkey on sbtest3  (cost=0.43..388.55 rows=97 width=4)
	        Index Cond: ((id >= 6145879) AND (id <= 6145978))

table 4 : explain SELECT SUM(k) FROM sbtest4 WHERE id BETWEEN 2726415 AND 2726514
	Aggregate  (cost=428.09..428.10 rows=1 width=8)
	  ->  Index Scan using sbtest4_pkey on sbtest4  (cost=0.43..427.82 rows=107 width=4)
	        Index Cond: ((id >= 2726415) AND (id <= 2726514))

table 5 : explain SELECT SUM(k) FROM sbtest5 WHERE id BETWEEN 1828739 AND 1828838
	Aggregate  (cost=396.87..396.88 rows=1 width=8)
	  ->  Index Scan using sbtest5_pkey on sbtest5  (cost=0.43..396.62 rows=99 width=4)
	        Index Cond: ((id >= 1828739) AND (id <= 1828838))

table 6 : explain SELECT SUM(k) FROM sbtest6 WHERE id BETWEEN 275589 AND 275688
	Aggregate  (cost=424.02..424.03 rows=1 width=8)
	  ->  Index Scan using sbtest6_pkey on sbtest6  (cost=0.43..423.76 rows=106 width=4)
	        Index Cond: ((id >= 275589) AND (id <= 275688))

table 7 : explain SELECT SUM(k) FROM sbtest7 WHERE id BETWEEN 1436983 AND 1437082
	Aggregate  (cost=388.72..388.73 rows=1 width=8)
	  ->  Index Scan using sbtest7_pkey on sbtest7  (cost=0.43..388.47 rows=97 width=4)
	        Index Cond: ((id >= 1436983) AND (id <= 1437082))

table 8 : explain SELECT SUM(k) FROM sbtest8 WHERE id BETWEEN 1340198 AND 1340297
	Aggregate  (cost=399.12..399.13 rows=1 width=8)
	  ->  Index Scan using sbtest8_pkey on sbtest8  (cost=0.43..398.87 rows=100 width=4)
	        Index Cond: ((id >= 1340198) AND (id <= 1340297))

for: order_ranges
table 1 : explain SELECT c FROM sbtest1 WHERE id BETWEEN 758677 AND 758776 ORDER BY c
	Sort  (cost=401.22..401.47 rows=99 width=121)
	  Sort Key: c
	  ->  Index Scan using sbtest1_pkey on sbtest1  (cost=0.43..397.94 rows=99 width=121)
	        Index Cond: ((id >= 758677) AND (id <= 758776))

table 2 : explain SELECT c FROM sbtest2 WHERE id BETWEEN 4907024 AND 4907123 ORDER BY c
	Sort  (cost=440.65..440.92 rows=109 width=121)
	  Sort Key: c
	  ->  Index Scan using sbtest2_pkey on sbtest2  (cost=0.43..436.96 rows=109 width=121)
	        Index Cond: ((id >= 4907024) AND (id <= 4907123))

table 3 : explain SELECT c FROM sbtest3 WHERE id BETWEEN 1616681 AND 1616780 ORDER BY c
	Sort  (cost=399.75..399.99 rows=99 width=121)
	  Sort Key: c
	  ->  Index Scan using sbtest3_pkey on sbtest3  (cost=0.43..396.47 rows=99 width=121)
	        Index Cond: ((id >= 1616681) AND (id <= 1616780))

table 4 : explain SELECT c FROM sbtest4 WHERE id BETWEEN 2059719 AND 2059818 ORDER BY c
	Sort  (cost=399.45..399.70 rows=99 width=121)
	  Sort Key: c
	  ->  Index Scan using sbtest4_pkey on sbtest4  (cost=0.43..396.17 rows=99 width=121)
	        Index Cond: ((id >= 2059719) AND (id <= 2059818))

table 5 : explain SELECT c FROM sbtest5 WHERE id BETWEEN 1090773 AND 1090872 ORDER BY c
	Sort  (cost=407.91..408.16 rows=101 width=121)
	  Sort Key: c
	  ->  Index Scan using sbtest5_pkey on sbtest5  (cost=0.43..404.54 rows=101 width=121)
	        Index Cond: ((id >= 1090773) AND (id <= 1090872))

table 6 : explain SELECT c FROM sbtest6 WHERE id BETWEEN 1337244 AND 1337343 ORDER BY c
	Sort  (cost=395.36..395.60 rows=98 width=121)
	  Sort Key: c
	  ->  Index Scan using sbtest6_pkey on sbtest6  (cost=0.43..392.12 rows=98 width=121)
	        Index Cond: ((id >= 1337244) AND (id <= 1337343))

table 7 : explain SELECT c FROM sbtest7 WHERE id BETWEEN 3906652 AND 3906751 ORDER BY c
	Sort  (cost=379.66..379.90 rows=94 width=121)
	  Sort Key: c
	  ->  Index Scan using sbtest7_pkey on sbtest7  (cost=0.43..376.58 rows=94 width=121)
	        Index Cond: ((id >= 3906652) AND (id <= 3906751))

table 8 : explain SELECT c FROM sbtest8 WHERE id BETWEEN 447074 AND 447173 ORDER BY c
	Sort  (cost=422.11..422.38 rows=105 width=121)
	  Sort Key: c
	  ->  Index Scan using sbtest8_pkey on sbtest8  (cost=0.43..418.59 rows=105 width=121)
	        Index Cond: ((id >= 447074) AND (id <= 447173))

for: order_ranges
table 1 : explain SELECT c FROM sbtest1 WHERE id BETWEEN 1391028 AND 1391127 ORDER BY c
	Sort  (cost=385.16..385.40 rows=95 width=121)
	  Sort Key: c
	  ->  Index Scan using sbtest1_pkey on sbtest1  (cost=0.43..382.04 rows=95 width=121)
	        Index Cond: ((id >= 1391028) AND (id <= 1391127))

table 2 : explain SELECT c FROM sbtest2 WHERE id BETWEEN 7007047 AND 7007146 ORDER BY c
	Sort  (cost=396.55..396.79 rows=98 width=121)
	  Sort Key: c
	  ->  Index Scan using sbtest2_pkey on sbtest2  (cost=0.43..393.30 rows=98 width=121)
	        Index Cond: ((id >= 7007047) AND (id <= 7007146))

table 3 : explain SELECT c FROM sbtest3 WHERE id BETWEEN 8363386 AND 8363485 ORDER BY c
	Sort  (cost=403.76..404.01 rows=100 width=121)
	  Sort Key: c
	  ->  Index Scan using sbtest3_pkey on sbtest3  (cost=0.43..400.44 rows=100 width=121)
	        Index Cond: ((id >= 8363386) AND (id <= 8363485))

table 4 : explain SELECT c FROM sbtest4 WHERE id BETWEEN 3729680 AND 3729779 ORDER BY c
	Sort  (cost=383.45..383.69 rows=95 width=121)
	  Sort Key: c
	  ->  Index Scan using sbtest4_pkey on sbtest4  (cost=0.43..380.33 rows=95 width=121)
	        Index Cond: ((id >= 3729680) AND (id <= 3729779))

table 5 : explain SELECT c FROM sbtest5 WHERE id BETWEEN 8480222 AND 8480321 ORDER BY c
	Sort  (cost=419.91..420.17 rows=104 width=121)
	  Sort Key: c
	  ->  Index Scan using sbtest5_pkey on sbtest5  (cost=0.43..416.43 rows=104 width=121)
	        Index Cond: ((id >= 8480222) AND (id <= 8480321))

table 6 : explain SELECT c FROM sbtest6 WHERE id BETWEEN 4142443 AND 4142542 ORDER BY c
	Sort  (cost=403.35..403.60 rows=100 width=121)
	  Sort Key: c
	  ->  Index Scan using sbtest6_pkey on sbtest6  (cost=0.43..400.03 rows=100 width=121)
	        Index Cond: ((id >= 4142443) AND (id <= 4142542))

table 7 : explain SELECT c FROM sbtest7 WHERE id BETWEEN 6811101 AND 6811200 ORDER BY c
	Sort  (cost=391.67..391.92 rows=97 width=121)
	  Sort Key: c
	  ->  Index Scan using sbtest7_pkey on sbtest7  (cost=0.43..388.47 rows=97 width=121)
	        Index Cond: ((id >= 6811101) AND (id <= 6811200))

table 8 : explain SELECT c FROM sbtest8 WHERE id BETWEEN 8895397 AND 8895496 ORDER BY c
	Sort  (cost=414.15..414.40 rows=103 width=121)
	  Sort Key: c
	  ->  Index Scan using sbtest8_pkey on sbtest8  (cost=0.43..410.70 rows=103 width=121)
	        Index Cond: ((id >= 8895397) AND (id <= 8895496))

for point_selects
table 1 : explain SELECT c FROM sbtest1 WHERE id=7945859
	Index Scan using sbtest1_pkey on sbtest1  (cost=0.43..8.45 rows=1 width=121)
	  Index Cond: (id = 7945859)

table 2 : explain SELECT c FROM sbtest2 WHERE id=3501324
	Index Scan using sbtest2_pkey on sbtest2  (cost=0.43..8.45 rows=1 width=121)
	  Index Cond: (id = 3501324)

table 3 : explain SELECT c FROM sbtest3 WHERE id=9610186
	Index Scan using sbtest3_pkey on sbtest3  (cost=0.43..8.45 rows=1 width=121)
	  Index Cond: (id = 9610186)

table 4 : explain SELECT c FROM sbtest4 WHERE id=4562834
	Index Scan using sbtest4_pkey on sbtest4  (cost=0.43..8.45 rows=1 width=121)
	  Index Cond: (id = 4562834)

table 5 : explain SELECT c FROM sbtest5 WHERE id=5102928
	Index Scan using sbtest5_pkey on sbtest5  (cost=0.43..8.45 rows=1 width=121)
	  Index Cond: (id = 5102928)

table 6 : explain SELECT c FROM sbtest6 WHERE id=9635808
	Index Scan using sbtest6_pkey on sbtest6  (cost=0.43..8.45 rows=1 width=121)
	  Index Cond: (id = 9635808)

table 7 : explain SELECT c FROM sbtest7 WHERE id=4042514
	Index Scan using sbtest7_pkey on sbtest7  (cost=0.43..8.45 rows=1 width=121)
	  Index Cond: (id = 4042514)

table 8 : explain SELECT c FROM sbtest8 WHERE id=7013776
	Index Scan using sbtest8_pkey on sbtest8  (cost=0.43..8.45 rows=1 width=121)
	  Index Cond: (id = 7013776)

for: order_ranges
table 1 : explain SELECT c FROM sbtest1 WHERE id BETWEEN 7564907 AND 7565006 ORDER BY c
	Sort  (cost=405.23..405.48 rows=100 width=121)
	  Sort Key: c
	  ->  Index Scan using sbtest1_pkey on sbtest1  (cost=0.43..401.91 rows=100 width=121)
	        Index Cond: ((id >= 7564907) AND (id <= 7565006))

table 2 : explain SELECT c FROM sbtest2 WHERE id BETWEEN 754261 AND 754360 ORDER BY c
	Sort  (cost=396.55..396.79 rows=98 width=121)
	  Sort Key: c
	  ->  Index Scan using sbtest2_pkey on sbtest2  (cost=0.43..393.30 rows=98 width=121)
	        Index Cond: ((id >= 754261) AND (id <= 754360))

table 3 : explain SELECT c FROM sbtest3 WHERE id BETWEEN 2440633 AND 2440732 ORDER BY c
	Sort  (cost=395.75..395.99 rows=98 width=121)
	  Sort Key: c
	  ->  Index Scan using sbtest3_pkey on sbtest3  (cost=0.43..392.51 rows=98 width=121)
	        Index Cond: ((id >= 2440633) AND (id <= 2440732))

table 4 : explain SELECT c FROM sbtest4 WHERE id BETWEEN 7297657 AND 7297756 ORDER BY c
	Sort  (cost=391.45..391.69 rows=97 width=121)
	  Sort Key: c
	  ->  Index Scan using sbtest4_pkey on sbtest4  (cost=0.43..388.25 rows=97 width=121)
	        Index Cond: ((id >= 7297657) AND (id <= 7297756))

table 5 : explain SELECT c FROM sbtest5 WHERE id BETWEEN 6442005 AND 6442104 ORDER BY c
	Sort  (cost=387.89..388.13 rows=96 width=121)
	  Sort Key: c
	  ->  Index Scan using sbtest5_pkey on sbtest5  (cost=0.43..384.73 rows=96 width=121)
	        Index Cond: ((id >= 6442005) AND (id <= 6442104))

table 6 : explain SELECT c FROM sbtest6 WHERE id BETWEEN 6383291 AND 6383390 ORDER BY c
	Sort  (cost=403.35..403.60 rows=100 width=121)
	  Sort Key: c
	  ->  Index Scan using sbtest6_pkey on sbtest6  (cost=0.43..400.03 rows=100 width=121)
	        Index Cond: ((id >= 6383291) AND (id <= 6383390))

table 7 : explain SELECT c FROM sbtest7 WHERE id BETWEEN 5346974 AND 5347073 ORDER BY c
	Sort  (cost=395.67..395.92 rows=98 width=121)
	  Sort Key: c
	  ->  Index Scan using sbtest7_pkey on sbtest7  (cost=0.43..392.43 rows=98 width=121)
	        Index Cond: ((id >= 5346974) AND (id <= 5347073))

table 8 : explain SELECT c FROM sbtest8 WHERE id BETWEEN 5610293 AND 5610392 ORDER BY c
	Sort  (cost=390.25..390.49 rows=97 width=121)
	  Sort Key: c
	  ->  Index Scan using sbtest8_pkey on sbtest8  (cost=0.43..387.05 rows=97 width=121)
	        Index Cond: ((id >= 5610293) AND (id <= 5610392))

for: sum_ranges
table 1 : explain SELECT SUM(k) FROM sbtest1 WHERE id BETWEEN 7568627 AND 7568726
	Aggregate  (cost=402.16..402.17 rows=1 width=8)
	  ->  Index Scan using sbtest1_pkey on sbtest1  (cost=0.43..401.91 rows=100 width=4)
	        Index Cond: ((id >= 7568627) AND (id <= 7568726))

table 2 : explain SELECT SUM(k) FROM sbtest2 WHERE id BETWEEN 8451672 AND 8451771
	Aggregate  (cost=373.70..373.71 rows=1 width=8)
	  ->  Index Scan using sbtest2_pkey on sbtest2  (cost=0.43..373.47 rows=93 width=4)
	        Index Cond: ((id >= 8451672) AND (id <= 8451771))

table 3 : explain SELECT SUM(k) FROM sbtest3 WHERE id BETWEEN 7545511 AND 7545610
	Aggregate  (cost=404.65..404.66 rows=1 width=8)
	  ->  Index Scan using sbtest3_pkey on sbtest3  (cost=0.43..404.40 rows=101 width=4)
	        Index Cond: ((id >= 7545511) AND (id <= 7545610))

table 4 : explain SELECT SUM(k) FROM sbtest4 WHERE id BETWEEN 7471498 AND 7471597
	Aggregate  (cost=400.38..400.39 rows=1 width=8)
	  ->  Index Scan using sbtest4_pkey on sbtest4  (cost=0.43..400.13 rows=100 width=4)
	        Index Cond: ((id >= 7471498) AND (id <= 7471597))

table 5 : explain SELECT SUM(k) FROM sbtest5 WHERE id BETWEEN 8609477 AND 8609576
	Aggregate  (cost=381.00..381.01 rows=1 width=8)
	  ->  Index Scan using sbtest5_pkey on sbtest5  (cost=0.43..380.77 rows=95 width=4)
	        Index Cond: ((id >= 8609477) AND (id <= 8609576))

table 6 : explain SELECT SUM(k) FROM sbtest6 WHERE id BETWEEN 9808211 AND 9808310
	Aggregate  (cost=392.35..392.36 rows=1 width=8)
	  ->  Index Scan using sbtest6_pkey on sbtest6  (cost=0.43..392.10 rows=98 width=4)
	        Index Cond: ((id >= 9808211) AND (id <= 9808310))

table 7 : explain SELECT SUM(k) FROM sbtest7 WHERE id BETWEEN 6118215 AND 6118314
	Aggregate  (cost=364.94..364.95 rows=1 width=8)
	  ->  Index Scan using sbtest7_pkey on sbtest7  (cost=0.43..364.71 rows=91 width=4)
	        Index Cond: ((id >= 6118215) AND (id <= 6118314))

table 8 : explain SELECT SUM(k) FROM sbtest8 WHERE id BETWEEN 5436613 AND 5436712
	Aggregate  (cost=438.58..438.59 rows=1 width=8)
	  ->  Index Scan using sbtest8_pkey on sbtest8  (cost=0.43..438.31 rows=110 width=4)
	        Index Cond: ((id >= 5436613) AND (id <= 5436712))

explain: for point_selects :: explain SELECT c FROM sbtest%u WHERE id=%u
for: order_ranges
table 1 : explain SELECT c FROM sbtest1 WHERE id BETWEEN 7176880 AND 7176979 ORDER BY c
	Sort  (cost=425.32..425.58 rows=105 width=121)
	  Sort Key: c
	  ->  Index Scan using sbtest1_pkey on sbtest1  (cost=0.43..421.79 rows=105 width=121)
	        Index Cond: ((id >= 7176880) AND (id <= 7176979))

table 2 : explain SELECT c FROM sbtest2 WHERE id BETWEEN 5758353 AND 5758452 ORDER BY c
	Sort  (cost=388.53..388.77 rows=96 width=121)
	  Sort Key: c
	  ->  Index Scan using sbtest2_pkey on sbtest2  (cost=0.43..385.37 rows=96 width=121)
	        Index Cond: ((id >= 5758353) AND (id <= 5758452))

table 3 : explain SELECT c FROM sbtest3 WHERE id BETWEEN 5866790 AND 5866889 ORDER BY c
	Sort  (cost=399.75..399.99 rows=99 width=121)
	  Sort Key: c
	  ->  Index Scan using sbtest3_pkey on sbtest3  (cost=0.43..396.47 rows=99 width=121)
	        Index Cond: ((id >= 5866790) AND (id <= 5866889))

table 4 : explain SELECT c FROM sbtest4 WHERE id BETWEEN 8078774 AND 8078873 ORDER BY c
	Sort  (cost=367.47..367.70 rows=91 width=121)
	  Sort Key: c
	  ->  Index Scan using sbtest4_pkey on sbtest4  (cost=0.43..364.51 rows=91 width=121)
	        Index Cond: ((id >= 8078774) AND (id <= 8078873))

table 5 : explain SELECT c FROM sbtest5 WHERE id BETWEEN 609070 AND 609169 ORDER BY c
	Sort  (cost=355.89..356.11 rows=88 width=121)
	  Sort Key: c
	  ->  Index Scan using sbtest5_pkey on sbtest5  (cost=0.43..353.04 rows=88 width=121)
	        Index Cond: ((id >= 609070) AND (id <= 609169))

table 6 : explain SELECT c FROM sbtest6 WHERE id BETWEEN 5785174 AND 5785273 ORDER BY c
	Sort  (cost=443.30..443.58 rows=110 width=121)
	  Sort Key: c
	  ->  Index Scan using sbtest6_pkey on sbtest6  (cost=0.43..439.57 rows=110 width=121)
	        Index Cond: ((id >= 5785174) AND (id <= 5785273))

table 7 : explain SELECT c FROM sbtest7 WHERE id BETWEEN 6857341 AND 6857440 ORDER BY c
	Sort  (cost=399.67..399.92 rows=99 width=121)
	  Sort Key: c
	  ->  Index Scan using sbtest7_pkey on sbtest7  (cost=0.43..396.39 rows=99 width=121)
	        Index Cond: ((id >= 6857341) AND (id <= 6857440))

table 8 : explain SELECT c FROM sbtest8 WHERE id BETWEEN 560728 AND 560827 ORDER BY c
	Sort  (cost=382.26..382.50 rows=95 width=121)
	  Sort Key: c
	  ->  Index Scan using sbtest8_pkey on sbtest8  (cost=0.43..379.14 rows=95 width=121)
	        Index Cond: ((id >= 560728) AND (id <= 560827))

for: simple_ranges
table 1 : explain SELECT c FROM sbtest1 WHERE id BETWEEN 7951914 AND 7952013
	Index Scan using sbtest1_pkey on sbtest1  (cost=0.43..417.82 rows=104 width=121)
	  Index Cond: ((id >= 7951914) AND (id <= 7952013))

table 2 : explain SELECT c FROM sbtest2 WHERE id BETWEEN 697851 AND 697950
	Index Scan using sbtest2_pkey on sbtest2  (cost=0.43..393.30 rows=98 width=121)
	  Index Cond: ((id >= 697851) AND (id <= 697950))

table 3 : explain SELECT c FROM sbtest3 WHERE id BETWEEN 6800474 AND 6800573
	Index Scan using sbtest3_pkey on sbtest3  (cost=0.43..368.75 rows=92 width=121)
	  Index Cond: ((id >= 6800474) AND (id <= 6800573))

table 4 : explain SELECT c FROM sbtest4 WHERE id BETWEEN 8760841 AND 8760940
	Index Scan using sbtest4_pkey on sbtest4  (cost=0.43..439.69 rows=110 width=121)
	  Index Cond: ((id >= 8760841) AND (id <= 8760940))

table 5 : explain SELECT c FROM sbtest5 WHERE id BETWEEN 9612554 AND 9612653
	Index Scan using sbtest5_pkey on sbtest5  (cost=0.43..408.51 rows=102 width=121)
	  Index Cond: ((id >= 9612554) AND (id <= 9612653))

table 6 : explain SELECT c FROM sbtest6 WHERE id BETWEEN 6041389 AND 6041488
	Index Scan using sbtest6_pkey on sbtest6  (cost=0.43..396.07 rows=99 width=121)
	  Index Cond: ((id >= 6041389) AND (id <= 6041488))

table 7 : explain SELECT c FROM sbtest7 WHERE id BETWEEN 6731989 AND 6732088
	Index Scan using sbtest7_pkey on sbtest7  (cost=0.43..467.63 rows=117 width=121)
	  Index Cond: ((id >= 6731989) AND (id <= 6732088))

table 8 : explain SELECT c FROM sbtest8 WHERE id BETWEEN 151353 AND 151452
	Index Scan using sbtest8_pkey on sbtest8  (cost=0.43..383.08 rows=96 width=121)
	  Index Cond: ((id >= 151353) AND (id <= 151452))

for: order_ranges
table 1 : explain SELECT c FROM sbtest1 WHERE id BETWEEN 5873932 AND 5874031 ORDER BY c
	Sort  (cost=429.33..429.60 rows=106 width=121)
	  Sort Key: c
	  ->  Index Scan using sbtest1_pkey on sbtest1  (cost=0.43..425.77 rows=106 width=121)
	        Index Cond: ((id >= 5873932) AND (id <= 5874031))

table 2 : explain SELECT c FROM sbtest2 WHERE id BETWEEN 5241501 AND 5241600 ORDER BY c
	Sort  (cost=372.50..372.73 rows=92 width=121)
	  Sort Key: c
	  ->  Index Scan using sbtest2_pkey on sbtest2  (cost=0.43..369.50 rows=92 width=121)
	        Index Cond: ((id >= 5241501) AND (id <= 5241600))

table 3 : explain SELECT c FROM sbtest3 WHERE id BETWEEN 9579909 AND 9580008 ORDER BY c
	Sort  (cost=383.75..383.99 rows=95 width=121)
	  Sort Key: c
	  ->  Index Scan using sbtest3_pkey on sbtest3  (cost=0.43..380.63 rows=95 width=121)
	        Index Cond: ((id >= 9579909) AND (id <= 9580008))

table 4 : explain SELECT c FROM sbtest4 WHERE id BETWEEN 2126227 AND 2126326 ORDER BY c
	Sort  (cost=395.46..395.70 rows=98 width=121)
	  Sort Key: c
	  ->  Index Scan using sbtest4_pkey on sbtest4  (cost=0.43..392.22 rows=98 width=121)
	        Index Cond: ((id >= 2126227) AND (id <= 2126326))

table 5 : explain SELECT c FROM sbtest5 WHERE id BETWEEN 5808234 AND 5808333 ORDER BY c
	Sort  (cost=403.91..404.16 rows=100 width=121)
	  Sort Key: c
	  ->  Index Scan using sbtest5_pkey on sbtest5  (cost=0.43..400.58 rows=100 width=121)
	        Index Cond: ((id >= 5808234) AND (id <= 5808333))

table 6 : explain SELECT c FROM sbtest6 WHERE id BETWEEN 6933531 AND 6933630 ORDER BY c
	Sort  (cost=415.33..415.59 rows=103 width=121)
	  Sort Key: c
	  ->  Index Scan using sbtest6_pkey on sbtest6  (cost=0.43..411.89 rows=103 width=121)
	        Index Cond: ((id >= 6933531) AND (id <= 6933630))

table 7 : explain SELECT c FROM sbtest7 WHERE id BETWEEN 7792608 AND 7792707 ORDER BY c
	Sort  (cost=419.66..419.92 rows=104 width=121)
	  Sort Key: c
	  ->  Index Scan using sbtest7_pkey on sbtest7  (cost=0.43..416.18 rows=104 width=121)
	        Index Cond: ((id >= 7792608) AND (id <= 7792707))

table 8 : explain SELECT c FROM sbtest8 WHERE id BETWEEN 2755106 AND 2755205 ORDER BY c
	Sort  (cost=434.07..434.34 rows=108 width=121)
	  Sort Key: c
	  ->  Index Scan using sbtest8_pkey on sbtest8  (cost=0.43..430.42 rows=108 width=121)
	        Index Cond: ((id >= 2755106) AND (id <= 2755205))

for: sum_ranges
table 1 : explain SELECT SUM(k) FROM sbtest1 WHERE id BETWEEN 6902505 AND 6902604
	Aggregate  (cost=481.70..481.71 rows=1 width=8)
	  ->  Index Scan using sbtest1_pkey on sbtest1  (cost=0.43..481.40 rows=120 width=4)
	        Index Cond: ((id >= 6902505) AND (id <= 6902604))

table 2 : explain SELECT SUM(k) FROM sbtest2 WHERE id BETWEEN 1496053 AND 1496152
	Aggregate  (cost=385.61..385.62 rows=1 width=8)
	  ->  Index Scan using sbtest2_pkey on sbtest2  (cost=0.43..385.37 rows=96 width=4)
	        Index Cond: ((id >= 1496053) AND (id <= 1496152))

table 3 : explain SELECT SUM(k) FROM sbtest3 WHERE id BETWEEN 2094207 AND 2094306
	Aggregate  (cost=392.75..392.76 rows=1 width=8)
	  ->  Index Scan using sbtest3_pkey on sbtest3  (cost=0.43..392.51 rows=98 width=4)
	        Index Cond: ((id >= 2094207) AND (id <= 2094306))

table 4 : explain SELECT SUM(k) FROM sbtest4 WHERE id BETWEEN 2953395 AND 2953494
	Aggregate  (cost=432.05..432.06 rows=1 width=8)
	  ->  Index Scan using sbtest4_pkey on sbtest4  (cost=0.43..431.78 rows=108 width=4)
	        Index Cond: ((id >= 2953395) AND (id <= 2953494))

table 5 : explain SELECT SUM(k) FROM sbtest5 WHERE id BETWEEN 8137325 AND 8137424
	Aggregate  (cost=388.93..388.94 rows=1 width=8)
	  ->  Index Scan using sbtest5_pkey on sbtest5  (cost=0.43..388.69 rows=97 width=4)
	        Index Cond: ((id >= 8137325) AND (id <= 8137424))

table 6 : explain SELECT SUM(k) FROM sbtest6 WHERE id BETWEEN 7135375 AND 7135474
	Aggregate  (cost=431.93..431.94 rows=1 width=8)
	  ->  Index Scan using sbtest6_pkey on sbtest6  (cost=0.43..431.66 rows=108 width=4)
	        Index Cond: ((id >= 7135375) AND (id <= 7135474))

table 7 : explain SELECT SUM(k) FROM sbtest7 WHERE id BETWEEN 2186925 AND 2187024
	Aggregate  (cost=396.64..396.65 rows=1 width=8)
	  ->  Index Scan using sbtest7_pkey on sbtest7  (cost=0.43..396.39 rows=99 width=4)
	        Index Cond: ((id >= 2186925) AND (id <= 2187024))

table 8 : explain SELECT SUM(k) FROM sbtest8 WHERE id BETWEEN 6495474 AND 6495573
	Aggregate  (cost=391.23..391.24 rows=1 width=8)
	  ->  Index Scan using sbtest8_pkey on sbtest8  (cost=0.43..390.99 rows=98 width=4)
	        Index Cond: ((id >= 6495474) AND (id <= 6495573))

for: order_ranges
table 1 : explain SELECT c FROM sbtest1 WHERE id BETWEEN 9310267 AND 9310366 ORDER BY c
	Sort  (cost=445.39..445.67 rows=110 width=121)
	  Sort Key: c
	  ->  Index Scan using sbtest1_pkey on sbtest1  (cost=0.43..441.66 rows=110 width=121)
	        Index Cond: ((id >= 9310267) AND (id <= 9310366))

table 2 : explain SELECT c FROM sbtest2 WHERE id BETWEEN 2186110 AND 2186209 ORDER BY c
	Sort  (cost=396.55..396.79 rows=98 width=121)
	  Sort Key: c
	  ->  Index Scan using sbtest2_pkey on sbtest2  (cost=0.43..393.30 rows=98 width=121)
	        Index Cond: ((id >= 2186110) AND (id <= 2186209))

table 3 : explain SELECT c FROM sbtest3 WHERE id BETWEEN 920142 AND 920241 ORDER BY c
	Sort  (cost=407.76..408.01 rows=101 width=121)
	  Sort Key: c
	  ->  Index Scan using sbtest3_pkey on sbtest3  (cost=0.43..404.40 rows=101 width=121)
	        Index Cond: ((id >= 920142) AND (id <= 920241))

table 4 : explain SELECT c FROM sbtest4 WHERE id BETWEEN 5268556 AND 5268655 ORDER BY c
	Sort  (cost=431.43..431.69 rows=107 width=121)
	  Sort Key: c
	  ->  Index Scan using sbtest4_pkey on sbtest4  (cost=0.43..427.82 rows=107 width=121)
	        Index Cond: ((id >= 5268556) AND (id <= 5268655))

table 5 : explain SELECT c FROM sbtest5 WHERE id BETWEEN 6280961 AND 6281060 ORDER BY c
	Sort  (cost=451.92..452.20 rows=112 width=121)
	  Sort Key: c
	  ->  Index Scan using sbtest5_pkey on sbtest5  (cost=0.43..448.11 rows=112 width=121)
	        Index Cond: ((id >= 6280961) AND (id <= 6281060))

table 6 : explain SELECT c FROM sbtest6 WHERE id BETWEEN 9128755 AND 9128854 ORDER BY c
	Sort  (cost=415.33..415.59 rows=103 width=121)
	  Sort Key: c
	  ->  Index Scan using sbtest6_pkey on sbtest6  (cost=0.43..411.89 rows=103 width=121)
	        Index Cond: ((id >= 9128755) AND (id <= 9128854))

table 7 : explain SELECT c FROM sbtest7 WHERE id BETWEEN 6604088 AND 6604187 ORDER BY c
	Sort  (cost=367.67..367.90 rows=91 width=121)
	  Sort Key: c
	  ->  Index Scan using sbtest7_pkey on sbtest7  (cost=0.43..364.71 rows=91 width=121)
	        Index Cond: ((id >= 6604088) AND (id <= 6604187))

table 8 : explain SELECT c FROM sbtest8 WHERE id BETWEEN 426671 AND 426770 ORDER BY c
	Sort  (cost=422.11..422.38 rows=105 width=121)
	  Sort Key: c
	  ->  Index Scan using sbtest8_pkey on sbtest8  (cost=0.43..418.59 rows=105 width=121)
	        Index Cond: ((id >= 426671) AND (id <= 426770))

for: sum_ranges
table 1 : explain SELECT SUM(k) FROM sbtest1 WHERE id BETWEEN 5282493 AND 5282592
	Aggregate  (cost=418.08..418.09 rows=1 width=8)
	  ->  Index Scan using sbtest1_pkey on sbtest1  (cost=0.43..417.82 rows=104 width=4)
	        Index Cond: ((id >= 5282493) AND (id <= 5282592))

table 2 : explain SELECT SUM(k) FROM sbtest2 WHERE id BETWEEN 5974578 AND 5974677
	Aggregate  (cost=373.70..373.71 rows=1 width=8)
	  ->  Index Scan using sbtest2_pkey on sbtest2  (cost=0.43..373.47 rows=93 width=4)
	        Index Cond: ((id >= 5974578) AND (id <= 5974677))

table 3 : explain SELECT SUM(k) FROM sbtest3 WHERE id BETWEEN 3166269 AND 3166368
	Aggregate  (cost=408.61..408.62 rows=1 width=8)
	  ->  Index Scan using sbtest3_pkey on sbtest3  (cost=0.43..408.36 rows=102 width=4)
	        Index Cond: ((id >= 3166269) AND (id <= 3166368))

table 4 : explain SELECT SUM(k) FROM sbtest4 WHERE id BETWEEN 6740087 AND 6740186
	Aggregate  (cost=408.30..408.31 rows=1 width=8)
	  ->  Index Scan using sbtest4_pkey on sbtest4  (cost=0.43..408.04 rows=102 width=4)
	        Index Cond: ((id >= 6740087) AND (id <= 6740186))

table 5 : explain SELECT SUM(k) FROM sbtest5 WHERE id BETWEEN 8128743 AND 8128842
	Aggregate  (cost=412.72..412.73 rows=1 width=8)
	  ->  Index Scan using sbtest5_pkey on sbtest5  (cost=0.43..412.47 rows=103 width=4)
	        Index Cond: ((id >= 8128743) AND (id <= 8128842))

table 6 : explain SELECT SUM(k) FROM sbtest6 WHERE id BETWEEN 6136587 AND 6136686
	Aggregate  (cost=439.85..439.86 rows=1 width=8)
	  ->  Index Scan using sbtest6_pkey on sbtest6  (cost=0.43..439.57 rows=110 width=4)
	        Index Cond: ((id >= 6136587) AND (id <= 6136686))

table 7 : explain SELECT SUM(k) FROM sbtest7 WHERE id BETWEEN 5834707 AND 5834806
	Aggregate  (cost=408.52..408.53 rows=1 width=8)
	  ->  Index Scan using sbtest7_pkey on sbtest7  (cost=0.43..408.26 rows=102 width=4)
	        Index Cond: ((id >= 5834707) AND (id <= 5834806))

table 8 : explain SELECT SUM(k) FROM sbtest8 WHERE id BETWEEN 4272723 AND 4272822
	Aggregate  (cost=363.60..363.61 rows=1 width=8)
	  ->  Index Scan using sbtest8_pkey on sbtest8  (cost=0.43..363.37 rows=91 width=4)
	        Index Cond: ((id >= 4272723) AND (id <= 4272822))

for: sum_ranges
table 1 : explain SELECT SUM(k) FROM sbtest1 WHERE id BETWEEN 3043264 AND 3043363
	Aggregate  (cost=433.98..433.99 rows=1 width=8)
	  ->  Index Scan using sbtest1_pkey on sbtest1  (cost=0.43..433.71 rows=108 width=4)
	        Index Cond: ((id >= 3043264) AND (id <= 3043363))

table 2 : explain SELECT SUM(k) FROM sbtest2 WHERE id BETWEEN 6812081 AND 6812180
	Aggregate  (cost=421.35..421.36 rows=1 width=8)
	  ->  Index Scan using sbtest2_pkey on sbtest2  (cost=0.43..421.09 rows=105 width=4)
	        Index Cond: ((id >= 6812081) AND (id <= 6812180))

table 3 : explain SELECT SUM(k) FROM sbtest3 WHERE id BETWEEN 8452404 AND 8452503
	Aggregate  (cost=388.79..388.80 rows=1 width=8)
	  ->  Index Scan using sbtest3_pkey on sbtest3  (cost=0.43..388.55 rows=97 width=4)
	        Index Cond: ((id >= 8452404) AND (id <= 8452503))

table 4 : explain SELECT SUM(k) FROM sbtest4 WHERE id BETWEEN 3458255 AND 3458354
	Aggregate  (cost=380.57..380.58 rows=1 width=8)
	  ->  Index Scan using sbtest4_pkey on sbtest4  (cost=0.43..380.33 rows=95 width=4)
	        Index Cond: ((id >= 3458255) AND (id <= 3458354))

table 5 : explain SELECT SUM(k) FROM sbtest5 WHERE id BETWEEN 2512245 AND 2512344
	Aggregate  (cost=392.91..392.92 rows=1 width=8)
	  ->  Index Scan using sbtest5_pkey on sbtest5  (cost=0.43..392.66 rows=98 width=4)
	        Index Cond: ((id >= 2512245) AND (id <= 2512344))

table 6 : explain SELECT SUM(k) FROM sbtest6 WHERE id BETWEEN 7737711 AND 7737810
	Aggregate  (cost=404.23..404.24 rows=1 width=8)
	  ->  Index Scan using sbtest6_pkey on sbtest6  (cost=0.43..403.98 rows=101 width=4)
	        Index Cond: ((id >= 7737711) AND (id <= 7737810))

table 7 : explain SELECT SUM(k) FROM sbtest7 WHERE id BETWEEN 8121030 AND 8121129
	Aggregate  (cost=404.56..404.57 rows=1 width=8)
	  ->  Index Scan using sbtest7_pkey on sbtest7  (cost=0.43..404.31 rows=101 width=4)
	        Index Cond: ((id >= 8121030) AND (id <= 8121129))

table 8 : explain SELECT SUM(k) FROM sbtest8 WHERE id BETWEEN 9215165 AND 9215264
	Aggregate  (cost=410.96..410.97 rows=1 width=8)
	  ->  Index Scan using sbtest8_pkey on sbtest8  (cost=0.43..410.70 rows=103 width=4)
	        Index Cond: ((id >= 9215165) AND (id <= 9215264))

for: order_ranges
table 1 : explain SELECT c FROM sbtest1 WHERE id BETWEEN 1952911 AND 1953010 ORDER BY c
	Sort  (cost=401.22..401.47 rows=99 width=121)
	  Sort Key: c
	  ->  Index Scan using sbtest1_pkey on sbtest1  (cost=0.43..397.94 rows=99 width=121)
	        Index Cond: ((id >= 1952911) AND (id <= 1953010))

table 2 : explain SELECT c FROM sbtest2 WHERE id BETWEEN 691401 AND 691500 ORDER BY c
	Sort  (cost=372.50..372.73 rows=92 width=121)
	  Sort Key: c
	  ->  Index Scan using sbtest2_pkey on sbtest2  (cost=0.43..369.50 rows=92 width=121)
	        Index Cond: ((id >= 691401) AND (id <= 691500))

table 3 : explain SELECT c FROM sbtest3 WHERE id BETWEEN 3437370 AND 3437469 ORDER BY c
	Sort  (cost=407.76..408.01 rows=101 width=121)
	  Sort Key: c
	  ->  Index Scan using sbtest3_pkey on sbtest3  (cost=0.43..404.40 rows=101 width=121)
	        Index Cond: ((id >= 3437370) AND (id <= 3437469))

table 4 : explain SELECT c FROM sbtest4 WHERE id BETWEEN 7314486 AND 7314585 ORDER BY c
	Sort  (cost=403.45..403.70 rows=100 width=121)
	  Sort Key: c
	  ->  Index Scan using sbtest4_pkey on sbtest4  (cost=0.43..400.13 rows=100 width=121)
	        Index Cond: ((id >= 7314486) AND (id <= 7314585))

table 5 : explain SELECT c FROM sbtest5 WHERE id BETWEEN 3024100 AND 3024199 ORDER BY c
	Sort  (cost=419.91..420.17 rows=104 width=121)
	  Sort Key: c
	  ->  Index Scan using sbtest5_pkey on sbtest5  (cost=0.43..416.43 rows=104 width=121)
	        Index Cond: ((id >= 3024100) AND (id <= 3024199))

table 6 : explain SELECT c FROM sbtest6 WHERE id BETWEEN 4728174 AND 4728273 ORDER BY c
	Sort  (cost=399.35..399.60 rows=99 width=121)
	  Sort Key: c
	  ->  Index Scan using sbtest6_pkey on sbtest6  (cost=0.43..396.07 rows=99 width=121)
	        Index Cond: ((id >= 4728174) AND (id <= 4728273))

table 7 : explain SELECT c FROM sbtest7 WHERE id BETWEEN 682917 AND 683016 ORDER BY c
	Sort  (cost=415.66..415.92 rows=103 width=121)
	  Sort Key: c
	  ->  Index Scan using sbtest7_pkey on sbtest7  (cost=0.43..412.22 rows=103 width=121)
	        Index Cond: ((id >= 682917) AND (id <= 683016))

table 8 : explain SELECT c FROM sbtest8 WHERE id BETWEEN 4193257 AND 4193356 ORDER BY c
	Sort  (cost=382.26..382.50 rows=95 width=121)
	  Sort Key: c
	  ->  Index Scan using sbtest8_pkey on sbtest8  (cost=0.43..379.14 rows=95 width=121)
	        Index Cond: ((id >= 4193257) AND (id <= 4193356))

for: order_ranges
table 1 : explain SELECT c FROM sbtest1 WHERE id BETWEEN 9256595 AND 9256694 ORDER BY c
	Sort  (cost=421.30..421.56 rows=104 width=121)
	  Sort Key: c
	  ->  Index Scan using sbtest1_pkey on sbtest1  (cost=0.43..417.82 rows=104 width=121)
	        Index Cond: ((id >= 9256595) AND (id <= 9256694))

table 2 : explain SELECT c FROM sbtest2 WHERE id BETWEEN 1836218 AND 1836317 ORDER BY c
	Sort  (cost=368.49..368.72 rows=91 width=121)
	  Sort Key: c
	  ->  Index Scan using sbtest2_pkey on sbtest2  (cost=0.43..365.53 rows=91 width=121)
	        Index Cond: ((id >= 1836218) AND (id <= 1836317))

table 3 : explain SELECT c FROM sbtest3 WHERE id BETWEEN 7476703 AND 7476802 ORDER BY c
	Sort  (cost=391.75..391.99 rows=97 width=121)
	  Sort Key: c
	  ->  Index Scan using sbtest3_pkey on sbtest3  (cost=0.43..388.55 rows=97 width=121)
	        Index Cond: ((id >= 7476703) AND (id <= 7476802))

table 4 : explain SELECT c FROM sbtest4 WHERE id BETWEEN 5561627 AND 5561726 ORDER BY c
	Sort  (cost=411.44..411.70 rows=102 width=121)
	  Sort Key: c
	  ->  Index Scan using sbtest4_pkey on sbtest4  (cost=0.43..408.04 rows=102 width=121)
	        Index Cond: ((id >= 5561627) AND (id <= 5561726))

table 5 : explain SELECT c FROM sbtest5 WHERE id BETWEEN 9091396 AND 9091495 ORDER BY c
	Sort  (cost=419.91..420.17 rows=104 width=121)
	  Sort Key: c
	  ->  Index Scan using sbtest5_pkey on sbtest5  (cost=0.43..416.43 rows=104 width=121)
	        Index Cond: ((id >= 9091396) AND (id <= 9091495))

table 6 : explain SELECT c FROM sbtest6 WHERE id BETWEEN 7431299 AND 7431398 ORDER BY c
	Sort  (cost=411.34..411.59 rows=102 width=121)
	  Sort Key: c
	  ->  Index Scan using sbtest6_pkey on sbtest6  (cost=0.43..407.94 rows=102 width=121)
	        Index Cond: ((id >= 7431299) AND (id <= 7431398))

table 7 : explain SELECT c FROM sbtest7 WHERE id BETWEEN 7800749 AND 7800848 ORDER BY c
	Sort  (cost=419.66..419.92 rows=104 width=121)
	  Sort Key: c
	  ->  Index Scan using sbtest7_pkey on sbtest7  (cost=0.43..416.18 rows=104 width=121)
	        Index Cond: ((id >= 7800749) AND (id <= 7800848))

table 8 : explain SELECT c FROM sbtest8 WHERE id BETWEEN 345579 AND 345678 ORDER BY c
	Sort  (cost=370.31..370.54 rows=92 width=121)
	  Sort Key: c
	  ->  Index Scan using sbtest8_pkey on sbtest8  (cost=0.43..367.31 rows=92 width=121)
	        Index Cond: ((id >= 345579) AND (id <= 345678))

explain: for point_selects :: explain SELECT c FROM sbtest%u WHERE id=%u
for: order_ranges
table 1 : explain SELECT c FROM sbtest1 WHERE id BETWEEN 505782 AND 505881 ORDER BY c
	Sort  (cost=405.23..405.48 rows=100 width=121)
	  Sort Key: c
	  ->  Index Scan using sbtest1_pkey on sbtest1  (cost=0.43..401.91 rows=100 width=121)
	        Index Cond: ((id >= 505782) AND (id <= 505881))

table 2 : explain SELECT c FROM sbtest2 WHERE id BETWEEN 4921113 AND 4921212 ORDER BY c
	Sort  (cost=440.65..440.92 rows=109 width=121)
	  Sort Key: c
	  ->  Index Scan using sbtest2_pkey on sbtest2  (cost=0.43..436.96 rows=109 width=121)
	        Index Cond: ((id >= 4921113) AND (id <= 4921212))

table 3 : explain SELECT c FROM sbtest3 WHERE id BETWEEN 3458582 AND 3458681 ORDER BY c
	Sort  (cost=407.76..408.01 rows=101 width=121)
	  Sort Key: c
	  ->  Index Scan using sbtest3_pkey on sbtest3  (cost=0.43..404.40 rows=101 width=121)
	        Index Cond: ((id >= 3458582) AND (id <= 3458681))

table 4 : explain SELECT c FROM sbtest4 WHERE id BETWEEN 5603502 AND 5603601 ORDER BY c
	Sort  (cost=411.44..411.70 rows=102 width=121)
	  Sort Key: c
	  ->  Index Scan using sbtest4_pkey on sbtest4  (cost=0.43..408.04 rows=102 width=121)
	        Index Cond: ((id >= 5603502) AND (id <= 5603601))

table 5 : explain SELECT c FROM sbtest5 WHERE id BETWEEN 5482747 AND 5482846 ORDER BY c
	Sort  (cost=419.91..420.17 rows=104 width=121)
	  Sort Key: c
	  ->  Index Scan using sbtest5_pkey on sbtest5  (cost=0.43..416.43 rows=104 width=121)
	        Index Cond: ((id >= 5482747) AND (id <= 5482846))

table 6 : explain SELECT c FROM sbtest6 WHERE id BETWEEN 8905363 AND 8905462 ORDER BY c
	Sort  (cost=375.37..375.60 rows=93 width=121)
	  Sort Key: c
	  ->  Index Scan using sbtest6_pkey on sbtest6  (cost=0.43..372.33 rows=93 width=121)
	        Index Cond: ((id >= 8905363) AND (id <= 8905462))

table 7 : explain SELECT c FROM sbtest7 WHERE id BETWEEN 292030 AND 292129 ORDER BY c
	Sort  (cost=447.66..447.93 rows=111 width=121)
	  Sort Key: c
	  ->  Index Scan using sbtest7_pkey on sbtest7  (cost=0.43..443.89 rows=111 width=121)
	        Index Cond: ((id >= 292030) AND (id <= 292129))

table 8 : explain SELECT c FROM sbtest8 WHERE id BETWEEN 9542661 AND 9542760 ORDER BY c
	Sort  (cost=410.16..410.42 rows=102 width=121)
	  Sort Key: c
	  ->  Index Scan using sbtest8_pkey on sbtest8  (cost=0.43..406.76 rows=102 width=121)
	        Index Cond: ((id >= 9542661) AND (id <= 9542760))

for: distinct_ranges
table 1 : explain SELECT DISTINCT c FROM sbtest1 WHERE id BETWEEN 1401541 AND 1401640 ORDER BY c
	Unique  (cost=385.16..385.64 rows=95 width=121)
	  ->  Sort  (cost=385.16..385.40 rows=95 width=121)
	        Sort Key: c
	        ->  Index Scan using sbtest1_pkey on sbtest1  (cost=0.43..382.04 rows=95 width=121)
	              Index Cond: ((id >= 1401541) AND (id <= 1401640))

table 2 : explain SELECT DISTINCT c FROM sbtest2 WHERE id BETWEEN 5779228 AND 5779327 ORDER BY c
	Unique  (cost=416.60..417.11 rows=103 width=121)
	  ->  Sort  (cost=416.60..416.86 rows=103 width=121)
	        Sort Key: c
	        ->  Index Scan using sbtest2_pkey on sbtest2  (cost=0.43..413.15 rows=103 width=121)
	              Index Cond: ((id >= 5779228) AND (id <= 5779327))

table 3 : explain SELECT DISTINCT c FROM sbtest3 WHERE id BETWEEN 5295441 AND 5295540 ORDER BY c
	Unique  (cost=379.75..380.22 rows=94 width=121)
	  ->  Sort  (cost=379.75..379.99 rows=94 width=121)
	        Sort Key: c
	        ->  Index Scan using sbtest3_pkey on sbtest3  (cost=0.43..376.67 rows=94 width=121)
	              Index Cond: ((id >= 5295441) AND (id <= 5295540))

table 4 : explain SELECT DISTINCT c FROM sbtest4 WHERE id BETWEEN 4166613 AND 4166712 ORDER BY c
	Unique  (cost=411.44..411.95 rows=102 width=121)
	  ->  Sort  (cost=411.44..411.70 rows=102 width=121)
	        Sort Key: c
	        ->  Index Scan using sbtest4_pkey on sbtest4  (cost=0.43..408.04 rows=102 width=121)
	              Index Cond: ((id >= 4166613) AND (id <= 4166712))

table 5 : explain SELECT DISTINCT c FROM sbtest5 WHERE id BETWEEN 9815100 AND 9815199 ORDER BY c
	Unique  (cost=427.91..428.44 rows=106 width=121)
	  ->  Sort  (cost=427.91..428.18 rows=106 width=121)
	        Sort Key: c
	        ->  Index Scan using sbtest5_pkey on sbtest5  (cost=0.43..424.35 rows=106 width=121)
	              Index Cond: ((id >= 9815100) AND (id <= 9815199))

table 6 : explain SELECT DISTINCT c FROM sbtest6 WHERE id BETWEEN 7156512 AND 7156611 ORDER BY c
	Unique  (cost=435.31..435.85 rows=108 width=121)
	  ->  Sort  (cost=435.31..435.58 rows=108 width=121)
	        Sort Key: c
	        ->  Index Scan using sbtest6_pkey on sbtest6  (cost=0.43..431.66 rows=108 width=121)
	              Index Cond: ((id >= 7156512) AND (id <= 7156611))

table 7 : explain SELECT DISTINCT c FROM sbtest7 WHERE id BETWEEN 4917321 AND 4917420 ORDER BY c
	Unique  (cost=415.66..416.18 rows=103 width=121)
	  ->  Sort  (cost=415.66..415.92 rows=103 width=121)
	        Sort Key: c
	        ->  Index Scan using sbtest7_pkey on sbtest7  (cost=0.43..412.22 rows=103 width=121)
	              Index Cond: ((id >= 4917321) AND (id <= 4917420))

table 8 : explain SELECT DISTINCT c FROM sbtest8 WHERE id BETWEEN 5431882 AND 5431981 ORDER BY c
	Unique  (cost=442.03..442.58 rows=110 width=121)
	  ->  Sort  (cost=442.03..442.31 rows=110 width=121)
	        Sort Key: c
	        ->  Index Scan using sbtest8_pkey on sbtest8  (cost=0.43..438.31 rows=110 width=121)
	              Index Cond: ((id >= 5431882) AND (id <= 5431981))

explain: for point_selects :: explain SELECT c FROM sbtest%u WHERE id=%u
for: order_ranges
table 1 : explain SELECT c FROM sbtest1 WHERE id BETWEEN 3612802 AND 3612901 ORDER BY c
	Sort  (cost=421.30..421.56 rows=104 width=121)
	  Sort Key: c
	  ->  Index Scan using sbtest1_pkey on sbtest1  (cost=0.43..417.82 rows=104 width=121)
	        Index Cond: ((id >= 3612802) AND (id <= 3612901))

table 2 : explain SELECT c FROM sbtest2 WHERE id BETWEEN 5547345 AND 5547444 ORDER BY c
	Sort  (cost=376.51..376.74 rows=93 width=121)
	  Sort Key: c
	  ->  Index Scan using sbtest2_pkey on sbtest2  (cost=0.43..373.47 rows=93 width=121)
	        Index Cond: ((id >= 5547345) AND (id <= 5547444))

table 3 : explain SELECT c FROM sbtest3 WHERE id BETWEEN 7117518 AND 7117617 ORDER BY c
	Sort  (cost=387.75..387.99 rows=96 width=121)
	  Sort Key: c
	  ->  Index Scan using sbtest3_pkey on sbtest3  (cost=0.43..384.59 rows=96 width=121)
	        Index Cond: ((id >= 7117518) AND (id <= 7117617))

table 4 : explain SELECT c FROM sbtest4 WHERE id BETWEEN 6300235 AND 6300334 ORDER BY c
	Sort  (cost=379.46..379.69 rows=94 width=121)
	  Sort Key: c
	  ->  Index Scan using sbtest4_pkey on sbtest4  (cost=0.43..376.38 rows=94 width=121)
	        Index Cond: ((id >= 6300235) AND (id <= 6300334))

table 5 : explain SELECT c FROM sbtest5 WHERE id BETWEEN 2153473 AND 2153572 ORDER BY c
	Sort  (cost=439.92..440.19 rows=109 width=121)
	  Sort Key: c
	  ->  Index Scan using sbtest5_pkey on sbtest5  (cost=0.43..436.23 rows=109 width=121)
	        Index Cond: ((id >= 2153473) AND (id <= 2153572))

table 6 : explain SELECT c FROM sbtest6 WHERE id BETWEEN 9467088 AND 9467187 ORDER BY c
	Sort  (cost=403.35..403.60 rows=100 width=121)
	  Sort Key: c
	  ->  Index Scan using sbtest6_pkey on sbtest6  (cost=0.43..400.03 rows=100 width=121)
	        Index Cond: ((id >= 9467088) AND (id <= 9467187))

table 7 : explain SELECT c FROM sbtest7 WHERE id BETWEEN 8123939 AND 8124038 ORDER BY c
	Sort  (cost=407.67..407.92 rows=101 width=121)
	  Sort Key: c
	  ->  Index Scan using sbtest7_pkey on sbtest7  (cost=0.43..404.31 rows=101 width=121)
	        Index Cond: ((id >= 8123939) AND (id <= 8124038))

table 8 : explain SELECT c FROM sbtest8 WHERE id BETWEEN 9914277 AND 9914376 ORDER BY c
	Sort  (cost=386.24..386.48 rows=96 width=121)
	  Sort Key: c
	  ->  Index Scan using sbtest8_pkey on sbtest8  (cost=0.43..383.08 rows=96 width=121)
	        Index Cond: ((id >= 9914277) AND (id <= 9914376))

for point_selects
table 1 : explain SELECT c FROM sbtest1 WHERE id=3716329
	Index Scan using sbtest1_pkey on sbtest1  (cost=0.43..8.45 rows=1 width=121)
	  Index Cond: (id = 3716329)

table 2 : explain SELECT c FROM sbtest2 WHERE id=5347816
	Index Scan using sbtest2_pkey on sbtest2  (cost=0.43..8.45 rows=1 width=121)
	  Index Cond: (id = 5347816)

table 3 : explain SELECT c FROM sbtest3 WHERE id=4097975
	Index Scan using sbtest3_pkey on sbtest3  (cost=0.43..8.45 rows=1 width=121)
	  Index Cond: (id = 4097975)

table 4 : explain SELECT c FROM sbtest4 WHERE id=4000037
	Index Scan using sbtest4_pkey on sbtest4  (cost=0.43..8.45 rows=1 width=121)
	  Index Cond: (id = 4000037)

table 5 : explain SELECT c FROM sbtest5 WHERE id=6413507
	Index Scan using sbtest5_pkey on sbtest5  (cost=0.43..8.45 rows=1 width=121)
	  Index Cond: (id = 6413507)

table 6 : explain SELECT c FROM sbtest6 WHERE id=6495054
	Index Scan using sbtest6_pkey on sbtest6  (cost=0.43..8.45 rows=1 width=121)
	  Index Cond: (id = 6495054)

table 7 : explain SELECT c FROM sbtest7 WHERE id=2328146
	Index Scan using sbtest7_pkey on sbtest7  (cost=0.43..8.45 rows=1 width=121)
	  Index Cond: (id = 2328146)

table 8 : explain SELECT c FROM sbtest8 WHERE id=393559
	Index Scan using sbtest8_pkey on sbtest8  (cost=0.43..8.45 rows=1 width=121)
	  Index Cond: (id = 393559)

for point_selects
table 1 : explain SELECT c FROM sbtest1 WHERE id=3253043
	Index Scan using sbtest1_pkey on sbtest1  (cost=0.43..8.45 rows=1 width=121)
	  Index Cond: (id = 3253043)

table 2 : explain SELECT c FROM sbtest2 WHERE id=5571423
	Index Scan using sbtest2_pkey on sbtest2  (cost=0.43..8.45 rows=1 width=121)
	  Index Cond: (id = 5571423)

table 3 : explain SELECT c FROM sbtest3 WHERE id=8979459
	Index Scan using sbtest3_pkey on sbtest3  (cost=0.43..8.45 rows=1 width=121)
	  Index Cond: (id = 8979459)

table 4 : explain SELECT c FROM sbtest4 WHERE id=1791768
	Index Scan using sbtest4_pkey on sbtest4  (cost=0.43..8.45 rows=1 width=121)
	  Index Cond: (id = 1791768)

table 5 : explain SELECT c FROM sbtest5 WHERE id=7485283
	Index Scan using sbtest5_pkey on sbtest5  (cost=0.43..8.45 rows=1 width=121)
	  Index Cond: (id = 7485283)

table 6 : explain SELECT c FROM sbtest6 WHERE id=3123576
	Index Scan using sbtest6_pkey on sbtest6  (cost=0.43..8.45 rows=1 width=121)
	  Index Cond: (id = 3123576)

table 7 : explain SELECT c FROM sbtest7 WHERE id=1755653
	Index Scan using sbtest7_pkey on sbtest7  (cost=0.43..8.45 rows=1 width=121)
	  Index Cond: (id = 1755653)

table 8 : explain SELECT c FROM sbtest8 WHERE id=7933606
	Index Scan using sbtest8_pkey on sbtest8  (cost=0.43..8.45 rows=1 width=121)
	  Index Cond: (id = 7933606)

for: distinct_ranges
table 1 : explain SELECT DISTINCT c FROM sbtest1 WHERE id BETWEEN 2484037 AND 2484136 ORDER BY c
	Unique  (cost=389.18..389.66 rows=96 width=121)
	  ->  Sort  (cost=389.18..389.42 rows=96 width=121)
	        Sort Key: c
	        ->  Index Scan using sbtest1_pkey on sbtest1  (cost=0.43..386.01 rows=96 width=121)
	              Index Cond: ((id >= 2484037) AND (id <= 2484136))

table 2 : explain SELECT DISTINCT c FROM sbtest2 WHERE id BETWEEN 3397009 AND 3397108 ORDER BY c
	Unique  (cost=456.68..457.24 rows=113 width=121)
	  ->  Sort  (cost=456.68..456.96 rows=113 width=121)
	        Sort Key: c
	        ->  Index Scan using sbtest2_pkey on sbtest2  (cost=0.43..452.83 rows=113 width=121)
	              Index Cond: ((id >= 3397009) AND (id <= 3397108))

table 3 : explain SELECT DISTINCT c FROM sbtest3 WHERE id BETWEEN 2405548 AND 2405647 ORDER BY c
	Unique  (cost=395.75..396.24 rows=98 width=121)
	  ->  Sort  (cost=395.75..395.99 rows=98 width=121)
	        Sort Key: c
	        ->  Index Scan using sbtest3_pkey on sbtest3  (cost=0.43..392.51 rows=98 width=121)
	              Index Cond: ((id >= 2405548) AND (id <= 2405647))

table 4 : explain SELECT DISTINCT c FROM sbtest4 WHERE id BETWEEN 8274914 AND 8275013 ORDER BY c
	Unique  (cost=395.46..395.95 rows=98 width=121)
	  ->  Sort  (cost=395.46..395.70 rows=98 width=121)
	        Sort Key: c
	        ->  Index Scan using sbtest4_pkey on sbtest4  (cost=0.43..392.22 rows=98 width=121)
	              Index Cond: ((id >= 8274914) AND (id <= 8275013))

table 5 : explain SELECT DISTINCT c FROM sbtest5 WHERE id BETWEEN 7636957 AND 7637056 ORDER BY c
	Unique  (cost=415.91..416.42 rows=103 width=121)
	  ->  Sort  (cost=415.91..416.17 rows=103 width=121)
	        Sort Key: c
	        ->  Index Scan using sbtest5_pkey on sbtest5  (cost=0.43..412.47 rows=103 width=121)
	              Index Cond: ((id >= 7636957) AND (id <= 7637056))

table 6 : explain SELECT DISTINCT c FROM sbtest6 WHERE id BETWEEN 4398727 AND 4398826 ORDER BY c
	Unique  (cost=403.35..403.85 rows=100 width=121)
	  ->  Sort  (cost=403.35..403.60 rows=100 width=121)
	        Sort Key: c
	        ->  Index Scan using sbtest6_pkey on sbtest6  (cost=0.43..400.03 rows=100 width=121)
	              Index Cond: ((id >= 4398727) AND (id <= 4398826))

table 7 : explain SELECT DISTINCT c FROM sbtest7 WHERE id BETWEEN 5523364 AND 5523463 ORDER BY c
	Unique  (cost=415.66..416.18 rows=103 width=121)
	  ->  Sort  (cost=415.66..415.92 rows=103 width=121)
	        Sort Key: c
	        ->  Index Scan using sbtest7_pkey on sbtest7  (cost=0.43..412.22 rows=103 width=121)
	              Index Cond: ((id >= 5523364) AND (id <= 5523463))

table 8 : explain SELECT DISTINCT c FROM sbtest8 WHERE id BETWEEN 2921658 AND 2921757 ORDER BY c
	Unique  (cost=394.23..394.72 rows=98 width=121)
	  ->  Sort  (cost=394.23..394.47 rows=98 width=121)
	        Sort Key: c
	        ->  Index Scan using sbtest8_pkey on sbtest8  (cost=0.43..390.99 rows=98 width=121)
	              Index Cond: ((id >= 2921658) AND (id <= 2921757))

for point_selects
table 1 : explain SELECT c FROM sbtest1 WHERE id=3708092
	Index Scan using sbtest1_pkey on sbtest1  (cost=0.43..8.45 rows=1 width=121)
	  Index Cond: (id = 3708092)

table 2 : explain SELECT c FROM sbtest2 WHERE id=2833842
	Index Scan using sbtest2_pkey on sbtest2  (cost=0.43..8.45 rows=1 width=121)
	  Index Cond: (id = 2833842)

table 3 : explain SELECT c FROM sbtest3 WHERE id=6667724
	Index Scan using sbtest3_pkey on sbtest3  (cost=0.43..8.45 rows=1 width=121)
	  Index Cond: (id = 6667724)

table 4 : explain SELECT c FROM sbtest4 WHERE id=6899678
	Index Scan using sbtest4_pkey on sbtest4  (cost=0.43..8.45 rows=1 width=121)
	  Index Cond: (id = 6899678)

table 5 : explain SELECT c FROM sbtest5 WHERE id=2835009
	Index Scan using sbtest5_pkey on sbtest5  (cost=0.43..8.45 rows=1 width=121)
	  Index Cond: (id = 2835009)

table 6 : explain SELECT c FROM sbtest6 WHERE id=5905990
	Index Scan using sbtest6_pkey on sbtest6  (cost=0.43..8.45 rows=1 width=121)
	  Index Cond: (id = 5905990)

table 7 : explain SELECT c FROM sbtest7 WHERE id=3301594
	Index Scan using sbtest7_pkey on sbtest7  (cost=0.43..8.45 rows=1 width=121)
	  Index Cond: (id = 3301594)

table 8 : explain SELECT c FROM sbtest8 WHERE id=2522234
	Index Scan using sbtest8_pkey on sbtest8  (cost=0.43..8.45 rows=1 width=121)
	  Index Cond: (id = 2522234)

for: simple_ranges
table 1 : explain SELECT c FROM sbtest1 WHERE id BETWEEN 7743722 AND 7743821
	Index Scan using sbtest1_pkey on sbtest1  (cost=0.43..405.88 rows=101 width=121)
	  Index Cond: ((id >= 7743722) AND (id <= 7743821))

table 2 : explain SELECT c FROM sbtest2 WHERE id BETWEEN 4997132 AND 4997231
	Index Scan using sbtest2_pkey on sbtest2  (cost=0.43..393.30 rows=98 width=121)
	  Index Cond: ((id >= 4997132) AND (id <= 4997231))

table 3 : explain SELECT c FROM sbtest3 WHERE id BETWEEN 4800905 AND 4801004
	Index Scan using sbtest3_pkey on sbtest3  (cost=0.43..364.79 rows=91 width=121)
	  Index Cond: ((id >= 4800905) AND (id <= 4801004))

table 4 : explain SELECT c FROM sbtest4 WHERE id BETWEEN 1496064 AND 1496163
	Index Scan using sbtest4_pkey on sbtest4  (cost=0.43..447.60 rows=112 width=121)
	  Index Cond: ((id >= 1496064) AND (id <= 1496163))

table 5 : explain SELECT c FROM sbtest5 WHERE id BETWEEN 731797 AND 731896
	Index Scan using sbtest5_pkey on sbtest5  (cost=0.43..463.95 rows=116 width=121)
	  Index Cond: ((id >= 731797) AND (id <= 731896))

table 6 : explain SELECT c FROM sbtest6 WHERE id BETWEEN 7968227 AND 7968326
	Index Scan using sbtest6_pkey on sbtest6  (cost=0.43..388.15 rows=97 width=121)
	  Index Cond: ((id >= 7968227) AND (id <= 7968326))

table 7 : explain SELECT c FROM sbtest7 WHERE id BETWEEN 1343023 AND 1343122
	Index Scan using sbtest7_pkey on sbtest7  (cost=0.43..388.47 rows=97 width=121)
	  Index Cond: ((id >= 1343023) AND (id <= 1343122))

table 8 : explain SELECT c FROM sbtest8 WHERE id BETWEEN 4500359 AND 4500458
	Index Scan using sbtest8_pkey on sbtest8  (cost=0.43..418.59 rows=105 width=121)
	  Index Cond: ((id >= 4500359) AND (id <= 4500458))

for: order_ranges
table 1 : explain SELECT c FROM sbtest1 WHERE id BETWEEN 8482542 AND 8482641 ORDER BY c
	Sort  (cost=417.29..417.55 rows=103 width=121)
	  Sort Key: c
	  ->  Index Scan using sbtest1_pkey on sbtest1  (cost=0.43..413.84 rows=103 width=121)
	        Index Cond: ((id >= 8482542) AND (id <= 8482641))

table 2 : explain SELECT c FROM sbtest2 WHERE id BETWEEN 3367155 AND 3367254 ORDER BY c
	Sort  (cost=456.68..456.96 rows=113 width=121)
	  Sort Key: c
	  ->  Index Scan using sbtest2_pkey on sbtest2  (cost=0.43..452.83 rows=113 width=121)
	        Index Cond: ((id >= 3367155) AND (id <= 3367254))

table 3 : explain SELECT c FROM sbtest3 WHERE id BETWEEN 5463748 AND 5463847 ORDER BY c
	Sort  (cost=427.76..428.02 rows=106 width=121)
	  Sort Key: c
	  ->  Index Scan using sbtest3_pkey on sbtest3  (cost=0.43..424.19 rows=106 width=121)
	        Index Cond: ((id >= 5463748) AND (id <= 5463847))

table 4 : explain SELECT c FROM sbtest4 WHERE id BETWEEN 2494542 AND 2494641 ORDER BY c
	Sort  (cost=399.45..399.70 rows=99 width=121)
	  Sort Key: c
	  ->  Index Scan using sbtest4_pkey on sbtest4  (cost=0.43..396.17 rows=99 width=121)
	        Index Cond: ((id >= 2494542) AND (id <= 2494641))

table 5 : explain SELECT c FROM sbtest5 WHERE id BETWEEN 1568085 AND 1568184 ORDER BY c
	Sort  (cost=407.91..408.16 rows=101 width=121)
	  Sort Key: c
	  ->  Index Scan using sbtest5_pkey on sbtest5  (cost=0.43..404.54 rows=101 width=121)
	        Index Cond: ((id >= 1568085) AND (id <= 1568184))

table 6 : explain SELECT c FROM sbtest6 WHERE id BETWEEN 7256868 AND 7256967 ORDER BY c
	Sort  (cost=411.34..411.59 rows=102 width=121)
	  Sort Key: c
	  ->  Index Scan using sbtest6_pkey on sbtest6  (cost=0.43..407.94 rows=102 width=121)
	        Index Cond: ((id >= 7256868) AND (id <= 7256967))

table 7 : explain SELECT c FROM sbtest7 WHERE id BETWEEN 921893 AND 921992 ORDER BY c
	Sort  (cost=363.67..363.90 rows=90 width=121)
	  Sort Key: c
	  ->  Index Scan using sbtest7_pkey on sbtest7  (cost=0.43..360.75 rows=90 width=121)
	        Index Cond: ((id >= 921893) AND (id <= 921992))

table 8 : explain SELECT c FROM sbtest8 WHERE id BETWEEN 3215182 AND 3215281 ORDER BY c
	Sort  (cost=426.10..426.36 rows=106 width=121)
	  Sort Key: c
	  ->  Index Scan using sbtest8_pkey on sbtest8  (cost=0.43..422.53 rows=106 width=121)
	        Index Cond: ((id >= 3215182) AND (id <= 3215281))

for: simple_ranges
table 1 : explain SELECT c FROM sbtest1 WHERE id BETWEEN 2047564 AND 2047663
	Index Scan using sbtest1_pkey on sbtest1  (cost=0.43..397.94 rows=99 width=121)
	  Index Cond: ((id >= 2047564) AND (id <= 2047663))

table 2 : explain SELECT c FROM sbtest2 WHERE id BETWEEN 3582446 AND 3582545
	Index Scan using sbtest2_pkey on sbtest2  (cost=0.43..425.06 rows=106 width=121)
	  Index Cond: ((id >= 3582446) AND (id <= 3582545))

table 3 : explain SELECT c FROM sbtest3 WHERE id BETWEEN 6395256 AND 6395355
	Index Scan using sbtest3_pkey on sbtest3  (cost=0.43..380.63 rows=95 width=121)
	  Index Cond: ((id >= 6395256) AND (id <= 6395355))

table 4 : explain SELECT c FROM sbtest4 WHERE id BETWEEN 3566330 AND 3566429
	Index Scan using sbtest4_pkey on sbtest4  (cost=0.43..412.00 rows=103 width=121)
	  Index Cond: ((id >= 3566330) AND (id <= 3566429))

table 5 : explain SELECT c FROM sbtest5 WHERE id BETWEEN 869695 AND 869794
	Index Scan using sbtest5_pkey on sbtest5  (cost=0.43..432.27 rows=108 width=121)
	  Index Cond: ((id >= 869695) AND (id <= 869794))

table 6 : explain SELECT c FROM sbtest6 WHERE id BETWEEN 5747976 AND 5748075
	Index Scan using sbtest6_pkey on sbtest6  (cost=0.43..439.57 rows=110 width=121)
	  Index Cond: ((id >= 5747976) AND (id <= 5748075))

table 7 : explain SELECT c FROM sbtest7 WHERE id BETWEEN 7501657 AND 7501756
	Index Scan using sbtest7_pkey on sbtest7  (cost=0.43..384.50 rows=96 width=121)
	  Index Cond: ((id >= 7501657) AND (id <= 7501756))

table 8 : explain SELECT c FROM sbtest8 WHERE id BETWEEN 4564246 AND 4564345
	Index Scan using sbtest8_pkey on sbtest8  (cost=0.43..410.70 rows=103 width=121)
	  Index Cond: ((id >= 4564246) AND (id <= 4564345))

for: distinct_ranges
table 1 : explain SELECT DISTINCT c FROM sbtest1 WHERE id BETWEEN 3913329 AND 3913428 ORDER BY c
	Unique  (cost=417.29..417.80 rows=103 width=121)
	  ->  Sort  (cost=417.29..417.55 rows=103 width=121)
	        Sort Key: c
	        ->  Index Scan using sbtest1_pkey on sbtest1  (cost=0.43..413.84 rows=103 width=121)
	              Index Cond: ((id >= 3913329) AND (id <= 3913428))

table 2 : explain SELECT DISTINCT c FROM sbtest2 WHERE id BETWEEN 5988753 AND 5988852 ORDER BY c
	Unique  (cost=376.51..376.97 rows=93 width=121)
	  ->  Sort  (cost=376.51..376.74 rows=93 width=121)
	        Sort Key: c
	        ->  Index Scan using sbtest2_pkey on sbtest2  (cost=0.43..373.47 rows=93 width=121)
	              Index Cond: ((id >= 5988753) AND (id <= 5988852))

table 3 : explain SELECT DISTINCT c FROM sbtest3 WHERE id BETWEEN 9517225 AND 9517324 ORDER BY c
	Unique  (cost=383.75..384.22 rows=95 width=121)
	  ->  Sort  (cost=383.75..383.99 rows=95 width=121)
	        Sort Key: c
	        ->  Index Scan using sbtest3_pkey on sbtest3  (cost=0.43..380.63 rows=95 width=121)
	              Index Cond: ((id >= 9517225) AND (id <= 9517324))

table 4 : explain SELECT DISTINCT c FROM sbtest4 WHERE id BETWEEN 9098779 AND 9098878 ORDER BY c
	Unique  (cost=439.42..439.97 rows=109 width=121)
	  ->  Sort  (cost=439.42..439.69 rows=109 width=121)
	        Sort Key: c
	        ->  Index Scan using sbtest4_pkey on sbtest4  (cost=0.43..435.73 rows=109 width=121)
	              Index Cond: ((id >= 9098779) AND (id <= 9098878))

table 5 : explain SELECT DISTINCT c FROM sbtest5 WHERE id BETWEEN 8513939 AND 8514038 ORDER BY c
	Unique  (cost=419.91..420.43 rows=104 width=121)
	  ->  Sort  (cost=419.91..420.17 rows=104 width=121)
	        Sort Key: c
	        ->  Index Scan using sbtest5_pkey on sbtest5  (cost=0.43..416.43 rows=104 width=121)
	              Index Cond: ((id >= 8513939) AND (id <= 8514038))

table 6 : explain SELECT DISTINCT c FROM sbtest6 WHERE id BETWEEN 9621047 AND 9621146 ORDER BY c
	Unique  (cost=379.36..379.83 rows=94 width=121)
	  ->  Sort  (cost=379.36..379.60 rows=94 width=121)
	        Sort Key: c
	        ->  Index Scan using sbtest6_pkey on sbtest6  (cost=0.43..376.28 rows=94 width=121)
	              Index Cond: ((id >= 9621047) AND (id <= 9621146))

table 7 : explain SELECT DISTINCT c FROM sbtest7 WHERE id BETWEEN 6656267 AND 6656366 ORDER BY c
	Unique  (cost=367.67..368.13 rows=91 width=121)
	  ->  Sort  (cost=367.67..367.90 rows=91 width=121)
	        Sort Key: c
	        ->  Index Scan using sbtest7_pkey on sbtest7  (cost=0.43..364.71 rows=91 width=121)
	              Index Cond: ((id >= 6656267) AND (id <= 6656366))

table 8 : explain SELECT DISTINCT c FROM sbtest8 WHERE id BETWEEN 696358 AND 696457 ORDER BY c
	Unique  (cost=402.20..402.70 rows=100 width=121)
	  ->  Sort  (cost=402.20..402.45 rows=100 width=121)
	        Sort Key: c
	        ->  Index Scan using sbtest8_pkey on sbtest8  (cost=0.43..398.87 rows=100 width=121)
	              Index Cond: ((id >= 696358) AND (id <= 696457))

for: distinct_ranges
table 1 : explain SELECT DISTINCT c FROM sbtest1 WHERE id BETWEEN 2899065 AND 2899164 ORDER BY c
	Unique  (cost=373.12..373.58 rows=92 width=121)
	  ->  Sort  (cost=373.12..373.35 rows=92 width=121)
	        Sort Key: c
	        ->  Index Scan using sbtest1_pkey on sbtest1  (cost=0.43..370.12 rows=92 width=121)
	              Index Cond: ((id >= 2899065) AND (id <= 2899164))

table 2 : explain SELECT DISTINCT c FROM sbtest2 WHERE id BETWEEN 2901545 AND 2901644 ORDER BY c
	Unique  (cost=444.65..445.20 rows=110 width=121)
	  ->  Sort  (cost=444.65..444.93 rows=110 width=121)
	        Sort Key: c
	        ->  Index Scan using sbtest2_pkey on sbtest2  (cost=0.43..440.92 rows=110 width=121)
	              Index Cond: ((id >= 2901545) AND (id <= 2901644))

table 3 : explain SELECT DISTINCT c FROM sbtest3 WHERE id BETWEEN 9378359 AND 9378458 ORDER BY c
	Unique  (cost=391.75..392.23 rows=97 width=121)
	  ->  Sort  (cost=391.75..391.99 rows=97 width=121)
	        Sort Key: c
	        ->  Index Scan using sbtest3_pkey on sbtest3  (cost=0.43..388.55 rows=97 width=121)
	              Index Cond: ((id >= 9378359) AND (id <= 9378458))

table 4 : explain SELECT DISTINCT c FROM sbtest4 WHERE id BETWEEN 5493894 AND 5493993 ORDER BY c
	Unique  (cost=451.41..451.97 rows=112 width=121)
	  ->  Sort  (cost=451.41..451.69 rows=112 width=121)
	        Sort Key: c
	        ->  Index Scan using sbtest4_pkey on sbtest4  (cost=0.43..447.60 rows=112 width=121)
	              Index Cond: ((id >= 5493894) AND (id <= 5493993))

table 5 : explain SELECT DISTINCT c FROM sbtest5 WHERE id BETWEEN 4714908 AND 4715007 ORDER BY c
	Unique  (cost=443.92..444.47 rows=110 width=121)
	  ->  Sort  (cost=443.92..444.19 rows=110 width=121)
	        Sort Key: c
	        ->  Index Scan using sbtest5_pkey on sbtest5  (cost=0.43..440.19 rows=110 width=121)
	              Index Cond: ((id >= 4714908) AND (id <= 4715007))

table 6 : explain SELECT DISTINCT c FROM sbtest6 WHERE id BETWEEN 3752554 AND 3752653 ORDER BY c
	Unique  (cost=419.33..419.85 rows=104 width=121)
	  ->  Sort  (cost=419.33..419.59 rows=104 width=121)
	        Sort Key: c
	        ->  Index Scan using sbtest6_pkey on sbtest6  (cost=0.43..415.85 rows=104 width=121)
	              Index Cond: ((id >= 3752554) AND (id <= 3752653))

table 7 : explain SELECT DISTINCT c FROM sbtest7 WHERE id BETWEEN 5616652 AND 5616751 ORDER BY c
	Unique  (cost=407.67..408.17 rows=101 width=121)
	  ->  Sort  (cost=407.67..407.92 rows=101 width=121)
	        Sort Key: c
	        ->  Index Scan using sbtest7_pkey on sbtest7  (cost=0.43..404.31 rows=101 width=121)
	              Index Cond: ((id >= 5616652) AND (id <= 5616751))

table 8 : explain SELECT DISTINCT c FROM sbtest8 WHERE id BETWEEN 1314741 AND 1314840 ORDER BY c
	Unique  (cost=378.28..378.75 rows=94 width=121)
	  ->  Sort  (cost=378.28..378.51 rows=94 width=121)
	        Sort Key: c
	        ->  Index Scan using sbtest8_pkey on sbtest8  (cost=0.43..375.20 rows=94 width=121)
	              Index Cond: ((id >= 1314741) AND (id <= 1314840))

for: distinct_ranges
table 1 : explain SELECT DISTINCT c FROM sbtest1 WHERE id BETWEEN 7145900 AND 7145999 ORDER BY c
	Unique  (cost=425.32..425.84 rows=105 width=121)
	  ->  Sort  (cost=425.32..425.58 rows=105 width=121)
	        Sort Key: c
	        ->  Index Scan using sbtest1_pkey on sbtest1  (cost=0.43..421.79 rows=105 width=121)
	              Index Cond: ((id >= 7145900) AND (id <= 7145999))

table 2 : explain SELECT DISTINCT c FROM sbtest2 WHERE id BETWEEN 5036028 AND 5036127 ORDER BY c
	Unique  (cost=396.55..397.04 rows=98 width=121)
	  ->  Sort  (cost=396.55..396.79 rows=98 width=121)
	        Sort Key: c
	        ->  Index Scan using sbtest2_pkey on sbtest2  (cost=0.43..393.30 rows=98 width=121)
	              Index Cond: ((id >= 5036028) AND (id <= 5036127))

table 3 : explain SELECT DISTINCT c FROM sbtest3 WHERE id BETWEEN 9795306 AND 9795405 ORDER BY c
	Unique  (cost=423.76..424.28 rows=105 width=121)
	  ->  Sort  (cost=423.76..424.02 rows=105 width=121)
	        Sort Key: c
	        ->  Index Scan using sbtest3_pkey on sbtest3  (cost=0.43..420.23 rows=105 width=121)
	              Index Cond: ((id >= 9795306) AND (id <= 9795405))

table 4 : explain SELECT DISTINCT c FROM sbtest4 WHERE id BETWEEN 7615001 AND 7615100 ORDER BY c
	Unique  (cost=379.46..379.93 rows=94 width=121)
	  ->  Sort  (cost=379.46..379.69 rows=94 width=121)
	        Sort Key: c
	        ->  Index Scan using sbtest4_pkey on sbtest4  (cost=0.43..376.38 rows=94 width=121)
	              Index Cond: ((id >= 7615001) AND (id <= 7615100))

table 5 : explain SELECT DISTINCT c FROM sbtest5 WHERE id BETWEEN 5242233 AND 5242332 ORDER BY c
	Unique  (cost=383.89..384.36 rows=95 width=121)
	  ->  Sort  (cost=383.89..384.13 rows=95 width=121)
	        Sort Key: c
	        ->  Index Scan using sbtest5_pkey on sbtest5  (cost=0.43..380.77 rows=95 width=121)
	              Index Cond: ((id >= 5242233) AND (id <= 5242332))

table 6 : explain SELECT DISTINCT c FROM sbtest6 WHERE id BETWEEN 668718 AND 668817 ORDER BY c
	Unique  (cost=379.36..379.83 rows=94 width=121)
	  ->  Sort  (cost=379.36..379.60 rows=94 width=121)
	        Sort Key: c
	        ->  Index Scan using sbtest6_pkey on sbtest6  (cost=0.43..376.28 rows=94 width=121)
	              Index Cond: ((id >= 668718) AND (id <= 668817))

table 7 : explain SELECT DISTINCT c FROM sbtest7 WHERE id BETWEEN 2752868 AND 2752967 ORDER BY c
	Unique  (cost=407.67..408.17 rows=101 width=121)
	  ->  Sort  (cost=407.67..407.92 rows=101 width=121)
	        Sort Key: c
	        ->  Index Scan using sbtest7_pkey on sbtest7  (cost=0.43..404.31 rows=101 width=121)
	              Index Cond: ((id >= 2752868) AND (id <= 2752967))

table 8 : explain SELECT DISTINCT c FROM sbtest8 WHERE id BETWEEN 8980362 AND 8980461 ORDER BY c
	Unique  (cost=418.13..418.65 rows=104 width=121)
	  ->  Sort  (cost=418.13..418.39 rows=104 width=121)
	        Sort Key: c
	        ->  Index Scan using sbtest8_pkey on sbtest8  (cost=0.43..414.65 rows=104 width=121)
	              Index Cond: ((id >= 8980362) AND (id <= 8980461))

for: simple_ranges
table 1 : explain SELECT c FROM sbtest1 WHERE id BETWEEN 1936982 AND 1937081
	Index Scan using sbtest1_pkey on sbtest1  (cost=0.43..370.12 rows=92 width=121)
	  Index Cond: ((id >= 1936982) AND (id <= 1937081))

table 2 : explain SELECT c FROM sbtest2 WHERE id BETWEEN 8078599 AND 8078698
	Index Scan using sbtest2_pkey on sbtest2  (cost=0.43..401.25 rows=100 width=121)
	  Index Cond: ((id >= 8078599) AND (id <= 8078698))

table 3 : explain SELECT c FROM sbtest3 WHERE id BETWEEN 2911204 AND 2911303
	Index Scan using sbtest3_pkey on sbtest3  (cost=0.43..384.59 rows=96 width=121)
	  Index Cond: ((id >= 2911204) AND (id <= 2911303))

table 4 : explain SELECT c FROM sbtest4 WHERE id BETWEEN 6296506 AND 6296605
	Index Scan using sbtest4_pkey on sbtest4  (cost=0.43..376.38 rows=94 width=121)
	  Index Cond: ((id >= 6296506) AND (id <= 6296605))

table 5 : explain SELECT c FROM sbtest5 WHERE id BETWEEN 2226163 AND 2226262
	Index Scan using sbtest5_pkey on sbtest5  (cost=0.43..384.73 rows=96 width=121)
	  Index Cond: ((id >= 2226163) AND (id <= 2226262))

table 6 : explain SELECT c FROM sbtest6 WHERE id BETWEEN 7111228 AND 7111327
	Index Scan using sbtest6_pkey on sbtest6  (cost=0.43..431.66 rows=108 width=121)
	  Index Cond: ((id >= 7111228) AND (id <= 7111327))

table 7 : explain SELECT c FROM sbtest7 WHERE id BETWEEN 646229 AND 646328
	Index Scan using sbtest7_pkey on sbtest7  (cost=0.43..412.22 rows=103 width=121)
	  Index Cond: ((id >= 646229) AND (id <= 646328))

table 8 : explain SELECT c FROM sbtest8 WHERE id BETWEEN 7599636 AND 7599735
	Index Scan using sbtest8_pkey on sbtest8  (cost=0.43..387.05 rows=97 width=121)
	  Index Cond: ((id >= 7599636) AND (id <= 7599735))

explain: for point_selects :: explain SELECT c FROM sbtest%u WHERE id=%u
for: order_ranges
table 1 : explain SELECT c FROM sbtest1 WHERE id BETWEEN 8527653 AND 8527752 ORDER BY c
	Sort  (cost=413.27..413.53 rows=102 width=121)
	  Sort Key: c
	  ->  Index Scan using sbtest1_pkey on sbtest1  (cost=0.43..409.87 rows=102 width=121)
	        Index Cond: ((id >= 8527653) AND (id <= 8527752))

table 2 : explain SELECT c FROM sbtest2 WHERE id BETWEEN 3410189 AND 3410288 ORDER BY c
	Sort  (cost=408.58..408.83 rows=101 width=121)
	  Sort Key: c
	  ->  Index Scan using sbtest2_pkey on sbtest2  (cost=0.43..405.22 rows=101 width=121)
	        Index Cond: ((id >= 3410189) AND (id <= 3410288))

table 3 : explain SELECT c FROM sbtest3 WHERE id BETWEEN 5721358 AND 5721457 ORDER BY c
	Sort  (cost=447.76..448.04 rows=111 width=121)
	  Sort Key: c
	  ->  Index Scan using sbtest3_pkey on sbtest3  (cost=0.43..443.99 rows=111 width=121)
	        Index Cond: ((id >= 5721358) AND (id <= 5721457))

table 4 : explain SELECT c FROM sbtest4 WHERE id BETWEEN 9698286 AND 9698385 ORDER BY c
	Sort  (cost=407.45..407.70 rows=101 width=121)
	  Sort Key: c
	  ->  Index Scan using sbtest4_pkey on sbtest4  (cost=0.43..404.09 rows=101 width=121)
	        Index Cond: ((id >= 9698286) AND (id <= 9698385))

table 5 : explain SELECT c FROM sbtest5 WHERE id BETWEEN 8613623 AND 8613722 ORDER BY c
	Sort  (cost=383.89..384.13 rows=95 width=121)
	  Sort Key: c
	  ->  Index Scan using sbtest5_pkey on sbtest5  (cost=0.43..380.77 rows=95 width=121)
	        Index Cond: ((id >= 8613623) AND (id <= 8613722))

table 6 : explain SELECT c FROM sbtest6 WHERE id BETWEEN 7057605 AND 7057704 ORDER BY c
	Sort  (cost=379.36..379.60 rows=94 width=121)
	  Sort Key: c
	  ->  Index Scan using sbtest6_pkey on sbtest6  (cost=0.43..376.28 rows=94 width=121)
	        Index Cond: ((id >= 7057605) AND (id <= 7057704))

table 7 : explain SELECT c FROM sbtest7 WHERE id BETWEEN 1079968 AND 1080067 ORDER BY c
	Sort  (cost=387.66..387.90 rows=96 width=121)
	  Sort Key: c
	  ->  Index Scan using sbtest7_pkey on sbtest7  (cost=0.43..384.50 rows=96 width=121)
	        Index Cond: ((id >= 1079968) AND (id <= 1080067))

table 8 : explain SELECT c FROM sbtest8 WHERE id BETWEEN 5392066 AND 5392165 ORDER BY c
	Sort  (cost=394.23..394.47 rows=98 width=121)
	  Sort Key: c
	  ->  Index Scan using sbtest8_pkey on sbtest8  (cost=0.43..390.99 rows=98 width=121)
	        Index Cond: ((id >= 5392066) AND (id <= 5392165))

explain: for point_selects :: explain SELECT c FROM sbtest%u WHERE id=%u
explain: for point_selects :: explain SELECT c FROM sbtest%u WHERE id=%u
for: sum_ranges
table 1 : explain SELECT SUM(k) FROM sbtest1 WHERE id BETWEEN 1883743 AND 1883842
	Aggregate  (cost=370.35..370.36 rows=1 width=8)
	  ->  Index Scan using sbtest1_pkey on sbtest1  (cost=0.43..370.12 rows=92 width=4)
	        Index Cond: ((id >= 1883743) AND (id <= 1883842))

table 2 : explain SELECT SUM(k) FROM sbtest2 WHERE id BETWEEN 9660592 AND 9660691
	Aggregate  (cost=377.67..377.68 rows=1 width=8)
	  ->  Index Scan using sbtest2_pkey on sbtest2  (cost=0.43..377.44 rows=94 width=4)
	        Index Cond: ((id >= 9660592) AND (id <= 9660691))

table 3 : explain SELECT SUM(k) FROM sbtest3 WHERE id BETWEEN 9384882 AND 9384981
	Aggregate  (cost=388.79..388.80 rows=1 width=8)
	  ->  Index Scan using sbtest3_pkey on sbtest3  (cost=0.43..388.55 rows=97 width=4)
	        Index Cond: ((id >= 9384882) AND (id <= 9384981))

table 4 : explain SELECT SUM(k) FROM sbtest4 WHERE id BETWEEN 7105963 AND 7106062
	Aggregate  (cost=400.38..400.39 rows=1 width=8)
	  ->  Index Scan using sbtest4_pkey on sbtest4  (cost=0.43..400.13 rows=100 width=4)
	        Index Cond: ((id >= 7105963) AND (id <= 7106062))

table 5 : explain SELECT SUM(k) FROM sbtest5 WHERE id BETWEEN 8524377 AND 8524476
	Aggregate  (cost=416.69..416.70 rows=1 width=8)
	  ->  Index Scan using sbtest5_pkey on sbtest5  (cost=0.43..416.43 rows=104 width=4)
	        Index Cond: ((id >= 8524377) AND (id <= 8524476))

table 6 : explain SELECT SUM(k) FROM sbtest6 WHERE id BETWEEN 9237217 AND 9237316
	Aggregate  (cost=368.60..368.61 rows=1 width=8)
	  ->  Index Scan using sbtest6_pkey on sbtest6  (cost=0.43..368.37 rows=92 width=4)
	        Index Cond: ((id >= 9237217) AND (id <= 9237316))

table 7 : explain SELECT SUM(k) FROM sbtest7 WHERE id BETWEEN 1994715 AND 1994814
	Aggregate  (cost=408.52..408.53 rows=1 width=8)
	  ->  Index Scan using sbtest7_pkey on sbtest7  (cost=0.43..408.26 rows=102 width=4)
	        Index Cond: ((id >= 1994715) AND (id <= 1994814))

table 8 : explain SELECT SUM(k) FROM sbtest8 WHERE id BETWEEN 4612947 AND 4613046
	Aggregate  (cost=387.29..387.30 rows=1 width=8)
	  ->  Index Scan using sbtest8_pkey on sbtest8  (cost=0.43..387.05 rows=97 width=4)
	        Index Cond: ((id >= 4612947) AND (id <= 4613046))

for: distinct_ranges
table 1 : explain SELECT DISTINCT c FROM sbtest1 WHERE id BETWEEN 9631894 AND 9631993 ORDER BY c
	Unique  (cost=381.15..381.62 rows=94 width=121)
	  ->  Sort  (cost=381.15..381.38 rows=94 width=121)
	        Sort Key: c
	        ->  Index Scan using sbtest1_pkey on sbtest1  (cost=0.43..378.07 rows=94 width=121)
	              Index Cond: ((id >= 9631894) AND (id <= 9631993))

table 2 : explain SELECT DISTINCT c FROM sbtest2 WHERE id BETWEEN 5617216 AND 5617315 ORDER BY c
	Unique  (cost=416.60..417.11 rows=103 width=121)
	  ->  Sort  (cost=416.60..416.86 rows=103 width=121)
	        Sort Key: c
	        ->  Index Scan using sbtest2_pkey on sbtest2  (cost=0.43..413.15 rows=103 width=121)
	              Index Cond: ((id >= 5617216) AND (id <= 5617315))

table 3 : explain SELECT DISTINCT c FROM sbtest3 WHERE id BETWEEN 3839987 AND 3840086 ORDER BY c
	Unique  (cost=407.76..408.27 rows=101 width=121)
	  ->  Sort  (cost=407.76..408.01 rows=101 width=121)
	        Sort Key: c
	        ->  Index Scan using sbtest3_pkey on sbtest3  (cost=0.43..404.40 rows=101 width=121)
	              Index Cond: ((id >= 3839987) AND (id <= 3840086))

table 4 : explain SELECT DISTINCT c FROM sbtest4 WHERE id BETWEEN 3513225 AND 3513324 ORDER BY c
	Unique  (cost=415.44..415.96 rows=103 width=121)
	  ->  Sort  (cost=415.44..415.70 rows=103 width=121)
	        Sort Key: c
	        ->  Index Scan using sbtest4_pkey on sbtest4  (cost=0.43..412.00 rows=103 width=121)
	              Index Cond: ((id >= 3513225) AND (id <= 3513324))

table 5 : explain SELECT DISTINCT c FROM sbtest5 WHERE id BETWEEN 6033084 AND 6033183 ORDER BY c
	Unique  (cost=367.89..368.34 rows=91 width=121)
	  ->  Sort  (cost=367.89..368.11 rows=91 width=121)
	        Sort Key: c
	        ->  Index Scan using sbtest5_pkey on sbtest5  (cost=0.43..364.93 rows=91 width=121)
	              Index Cond: ((id >= 6033084) AND (id <= 6033183))

table 6 : explain SELECT DISTINCT c FROM sbtest6 WHERE id BETWEEN 85117 AND 85216 ORDER BY c
	Unique  (cost=383.36..383.83 rows=95 width=121)
	  ->  Sort  (cost=383.36..383.59 rows=95 width=121)
	        Sort Key: c
	        ->  Index Scan using sbtest6_pkey on sbtest6  (cost=0.43..380.24 rows=95 width=121)
	              Index Cond: ((id >= 85117) AND (id <= 85216))

table 7 : explain SELECT DISTINCT c FROM sbtest7 WHERE id BETWEEN 3625565 AND 3625664 ORDER BY c
	Unique  (cost=415.66..416.18 rows=103 width=121)
	  ->  Sort  (cost=415.66..415.92 rows=103 width=121)
	        Sort Key: c
	        ->  Index Scan using sbtest7_pkey on sbtest7  (cost=0.43..412.22 rows=103 width=121)
	              Index Cond: ((id >= 3625565) AND (id <= 3625664))

table 8 : explain SELECT DISTINCT c FROM sbtest8 WHERE id BETWEEN 3241765 AND 3241864 ORDER BY c
	Unique  (cost=426.10..426.63 rows=106 width=121)
	  ->  Sort  (cost=426.10..426.36 rows=106 width=121)
	        Sort Key: c
	        ->  Index Scan using sbtest8_pkey on sbtest8  (cost=0.43..422.53 rows=106 width=121)
	              Index Cond: ((id >= 3241765) AND (id <= 3241864))

for: distinct_ranges
table 1 : explain SELECT DISTINCT c FROM sbtest1 WHERE id BETWEEN 1535700 AND 1535799 ORDER BY c
	Unique  (cost=417.29..417.80 rows=103 width=121)
	  ->  Sort  (cost=417.29..417.55 rows=103 width=121)
	        Sort Key: c
	        ->  Index Scan using sbtest1_pkey on sbtest1  (cost=0.43..413.84 rows=103 width=121)
	              Index Cond: ((id >= 1535700) AND (id <= 1535799))

table 2 : explain SELECT DISTINCT c FROM sbtest2 WHERE id BETWEEN 393040 AND 393139 ORDER BY c
	Unique  (cost=428.62..429.15 rows=106 width=121)
	  ->  Sort  (cost=428.62..428.89 rows=106 width=121)
	        Sort Key: c
	        ->  Index Scan using sbtest2_pkey on sbtest2  (cost=0.43..425.06 rows=106 width=121)
	              Index Cond: ((id >= 393040) AND (id <= 393139))

table 3 : explain SELECT DISTINCT c FROM sbtest3 WHERE id BETWEEN 1760459 AND 1760558 ORDER BY c
	Unique  (cost=399.75..400.24 rows=99 width=121)
	  ->  Sort  (cost=399.75..399.99 rows=99 width=121)
	        Sort Key: c
	        ->  Index Scan using sbtest3_pkey on sbtest3  (cost=0.43..396.47 rows=99 width=121)
	              Index Cond: ((id >= 1760459) AND (id <= 1760558))

table 4 : explain SELECT DISTINCT c FROM sbtest4 WHERE id BETWEEN 949769 AND 949868 ORDER BY c
	Unique  (cost=403.45..403.95 rows=100 width=121)
	  ->  Sort  (cost=403.45..403.70 rows=100 width=121)
	        Sort Key: c
	        ->  Index Scan using sbtest4_pkey on sbtest4  (cost=0.43..400.13 rows=100 width=121)
	              Index Cond: ((id >= 949769) AND (id <= 949868))

table 5 : explain SELECT DISTINCT c FROM sbtest5 WHERE id BETWEEN 5690872 AND 5690971 ORDER BY c
	Unique  (cost=419.91..420.43 rows=104 width=121)
	  ->  Sort  (cost=419.91..420.17 rows=104 width=121)
	        Sort Key: c
	        ->  Index Scan using sbtest5_pkey on sbtest5  (cost=0.43..416.43 rows=104 width=121)
	              Index Cond: ((id >= 5690872) AND (id <= 5690971))

table 6 : explain SELECT DISTINCT c FROM sbtest6 WHERE id BETWEEN 9807103 AND 9807202 ORDER BY c
	Unique  (cost=395.34..395.83 rows=98 width=121)
	  ->  Sort  (cost=395.34..395.59 rows=98 width=121)
	        Sort Key: c
	        ->  Index Scan using sbtest6_pkey on sbtest6  (cost=0.43..392.10 rows=98 width=121)
	              Index Cond: ((id >= 9807103) AND (id <= 9807202))

table 7 : explain SELECT DISTINCT c FROM sbtest7 WHERE id BETWEEN 871044 AND 871143 ORDER BY c
	Unique  (cost=407.67..408.17 rows=101 width=121)
	  ->  Sort  (cost=407.67..407.92 rows=101 width=121)
	        Sort Key: c
	        ->  Index Scan using sbtest7_pkey on sbtest7  (cost=0.43..404.31 rows=101 width=121)
	              Index Cond: ((id >= 871044) AND (id <= 871143))

table 8 : explain SELECT DISTINCT c FROM sbtest8 WHERE id BETWEEN 9474661 AND 9474760 ORDER BY c
	Unique  (cost=406.18..406.69 rows=101 width=121)
	  ->  Sort  (cost=406.18..406.43 rows=101 width=121)
	        Sort Key: c
	        ->  Index Scan using sbtest8_pkey on sbtest8  (cost=0.43..402.82 rows=101 width=121)
	              Index Cond: ((id >= 9474661) AND (id <= 9474760))

for: distinct_ranges
table 1 : explain SELECT DISTINCT c FROM sbtest1 WHERE id BETWEEN 8035479 AND 8035578 ORDER BY c
	Unique  (cost=389.18..389.66 rows=96 width=121)
	  ->  Sort  (cost=389.18..389.42 rows=96 width=121)
	        Sort Key: c
	        ->  Index Scan using sbtest1_pkey on sbtest1  (cost=0.43..386.01 rows=96 width=121)
	              Index Cond: ((id >= 8035479) AND (id <= 8035578))

table 2 : explain SELECT DISTINCT c FROM sbtest2 WHERE id BETWEEN 964669 AND 964768 ORDER BY c
	Unique  (cost=476.72..477.31 rows=118 width=121)
	  ->  Sort  (cost=476.72..477.02 rows=118 width=121)
	        Sort Key: c
	        ->  Index Scan using sbtest2_pkey on sbtest2  (cost=0.43..472.66 rows=118 width=121)
	              Index Cond: ((id >= 964669) AND (id <= 964768))

table 3 : explain SELECT DISTINCT c FROM sbtest3 WHERE id BETWEEN 5967415 AND 5967514 ORDER BY c
	Unique  (cost=371.75..372.21 rows=92 width=121)
	  ->  Sort  (cost=371.75..371.98 rows=92 width=121)
	        Sort Key: c
	        ->  Index Scan using sbtest3_pkey on sbtest3  (cost=0.43..368.75 rows=92 width=121)
	              Index Cond: ((id >= 5967415) AND (id <= 5967514))

table 4 : explain SELECT DISTINCT c FROM sbtest4 WHERE id BETWEEN 4306399 AND 4306498 ORDER BY c
	Unique  (cost=379.46..379.93 rows=94 width=121)
	  ->  Sort  (cost=379.46..379.69 rows=94 width=121)
	        Sort Key: c
	        ->  Index Scan using sbtest4_pkey on sbtest4  (cost=0.43..376.38 rows=94 width=121)
	              Index Cond: ((id >= 4306399) AND (id <= 4306498))

table 5 : explain SELECT DISTINCT c FROM sbtest5 WHERE id BETWEEN 2607562 AND 2607661 ORDER BY c
	Unique  (cost=379.89..380.36 rows=94 width=121)
	  ->  Sort  (cost=379.89..380.12 rows=94 width=121)
	        Sort Key: c
	        ->  Index Scan using sbtest5_pkey on sbtest5  (cost=0.43..376.81 rows=94 width=121)
	              Index Cond: ((id >= 2607562) AND (id <= 2607661))

table 6 : explain SELECT DISTINCT c FROM sbtest6 WHERE id BETWEEN 7006424 AND 7006523 ORDER BY c
	Unique  (cost=379.36..379.83 rows=94 width=121)
	  ->  Sort  (cost=379.36..379.60 rows=94 width=121)
	        Sort Key: c
	        ->  Index Scan using sbtest6_pkey on sbtest6  (cost=0.43..376.28 rows=94 width=121)
	              Index Cond: ((id >= 7006424) AND (id <= 7006523))

table 7 : explain SELECT DISTINCT c FROM sbtest7 WHERE id BETWEEN 3876192 AND 3876291 ORDER BY c
	Unique  (cost=431.66..432.20 rows=107 width=121)
	  ->  Sort  (cost=431.66..431.93 rows=107 width=121)
	        Sort Key: c
	        ->  Index Scan using sbtest7_pkey on sbtest7  (cost=0.43..428.05 rows=107 width=121)
	              Index Cond: ((id >= 3876192) AND (id <= 3876291))

table 8 : explain SELECT DISTINCT c FROM sbtest8 WHERE id BETWEEN 1010524 AND 1010623 ORDER BY c
	Unique  (cost=342.43..342.86 rows=85 width=121)
	  ->  Sort  (cost=342.43..342.65 rows=85 width=121)
	        Sort Key: c
	        ->  Index Scan using sbtest8_pkey on sbtest8  (cost=0.43..339.71 rows=85 width=121)
	              Index Cond: ((id >= 1010524) AND (id <= 1010623))

for: order_ranges
table 1 : explain SELECT c FROM sbtest1 WHERE id BETWEEN 3487918 AND 3488017 ORDER BY c
	Sort  (cost=373.12..373.35 rows=92 width=121)
	  Sort Key: c
	  ->  Index Scan using sbtest1_pkey on sbtest1  (cost=0.43..370.12 rows=92 width=121)
	        Index Cond: ((id >= 3487918) AND (id <= 3488017))

table 2 : explain SELECT c FROM sbtest2 WHERE id BETWEEN 2579782 AND 2579881 ORDER BY c
	Sort  (cost=388.53..388.77 rows=96 width=121)
	  Sort Key: c
	  ->  Index Scan using sbtest2_pkey on sbtest2  (cost=0.43..385.37 rows=96 width=121)
	        Index Cond: ((id >= 2579782) AND (id <= 2579881))

table 3 : explain SELECT c FROM sbtest3 WHERE id BETWEEN 9760839 AND 9760938 ORDER BY c
	Sort  (cost=423.76..424.02 rows=105 width=121)
	  Sort Key: c
	  ->  Index Scan using sbtest3_pkey on sbtest3  (cost=0.43..420.23 rows=105 width=121)
	        Index Cond: ((id >= 9760839) AND (id <= 9760938))

table 4 : explain SELECT c FROM sbtest4 WHERE id BETWEEN 7293116 AND 7293215 ORDER BY c
	Sort  (cost=391.45..391.69 rows=97 width=121)
	  Sort Key: c
	  ->  Index Scan using sbtest4_pkey on sbtest4  (cost=0.43..388.25 rows=97 width=121)
	        Index Cond: ((id >= 7293116) AND (id <= 7293215))

table 5 : explain SELECT c FROM sbtest5 WHERE id BETWEEN 3878088 AND 3878187 ORDER BY c
	Sort  (cost=419.91..420.17 rows=104 width=121)
	  Sort Key: c
	  ->  Index Scan using sbtest5_pkey on sbtest5  (cost=0.43..416.43 rows=104 width=121)
	        Index Cond: ((id >= 3878088) AND (id <= 3878187))

table 6 : explain SELECT c FROM sbtest6 WHERE id BETWEEN 8583358 AND 8583457 ORDER BY c
	Sort  (cost=439.31..439.58 rows=109 width=121)
	  Sort Key: c
	  ->  Index Scan using sbtest6_pkey on sbtest6  (cost=0.43..435.62 rows=109 width=121)
	        Index Cond: ((id >= 8583358) AND (id <= 8583457))

table 7 : explain SELECT c FROM sbtest7 WHERE id BETWEEN 1119974 AND 1120073 ORDER BY c
	Sort  (cost=367.67..367.90 rows=91 width=121)
	  Sort Key: c
	  ->  Index Scan using sbtest7_pkey on sbtest7  (cost=0.43..364.71 rows=91 width=121)
	        Index Cond: ((id >= 1119974) AND (id <= 1120073))

table 8 : explain SELECT c FROM sbtest8 WHERE id BETWEEN 7215831 AND 7215930 ORDER BY c
	Sort  (cost=382.26..382.50 rows=95 width=121)
	  Sort Key: c
	  ->  Index Scan using sbtest8_pkey on sbtest8  (cost=0.43..379.14 rows=95 width=121)
	        Index Cond: ((id >= 7215831) AND (id <= 7215930))

for: distinct_ranges
table 1 : explain SELECT DISTINCT c FROM sbtest1 WHERE id BETWEEN 2134194 AND 2134293 ORDER BY c
	Unique  (cost=389.18..389.66 rows=96 width=121)
	  ->  Sort  (cost=389.18..389.42 rows=96 width=121)
	        Sort Key: c
	        ->  Index Scan using sbtest1_pkey on sbtest1  (cost=0.43..386.01 rows=96 width=121)
	              Index Cond: ((id >= 2134194) AND (id <= 2134293))

table 2 : explain SELECT DISTINCT c FROM sbtest2 WHERE id BETWEEN 2122376 AND 2122475 ORDER BY c
	Unique  (cost=372.50..372.96 rows=92 width=121)
	  ->  Sort  (cost=372.50..372.73 rows=92 width=121)
	        Sort Key: c
	        ->  Index Scan using sbtest2_pkey on sbtest2  (cost=0.43..369.50 rows=92 width=121)
	              Index Cond: ((id >= 2122376) AND (id <= 2122475))

table 3 : explain SELECT DISTINCT c FROM sbtest3 WHERE id BETWEEN 9950046 AND 9950145 ORDER BY c
	Unique  (cost=411.76..412.27 rows=102 width=121)
	  ->  Sort  (cost=411.76..412.02 rows=102 width=121)
	        Sort Key: c
	        ->  Index Scan using sbtest3_pkey on sbtest3  (cost=0.43..408.36 rows=102 width=121)
	              Index Cond: ((id >= 9950046) AND (id <= 9950145))

table 4 : explain SELECT DISTINCT c FROM sbtest4 WHERE id BETWEEN 4481879 AND 4481978 ORDER BY c
	Unique  (cost=383.45..383.93 rows=95 width=121)
	  ->  Sort  (cost=383.45..383.69 rows=95 width=121)
	        Sort Key: c
	        ->  Index Scan using sbtest4_pkey on sbtest4  (cost=0.43..380.33 rows=95 width=121)
	              Index Cond: ((id >= 4481879) AND (id <= 4481978))

table 5 : explain SELECT DISTINCT c FROM sbtest5 WHERE id BETWEEN 7550872 AND 7550971 ORDER BY c
	Unique  (cost=423.91..424.44 rows=105 width=121)
	  ->  Sort  (cost=423.91..424.17 rows=105 width=121)
	        Sort Key: c
	        ->  Index Scan using sbtest5_pkey on sbtest5  (cost=0.43..420.39 rows=105 width=121)
	              Index Cond: ((id >= 7550872) AND (id <= 7550971))

table 6 : explain SELECT DISTINCT c FROM sbtest6 WHERE id BETWEEN 4731136 AND 4731235 ORDER BY c
	Unique  (cost=399.35..399.85 rows=99 width=121)
	  ->  Sort  (cost=399.35..399.60 rows=99 width=121)
	        Sort Key: c
	        ->  Index Scan using sbtest6_pkey on sbtest6  (cost=0.43..396.07 rows=99 width=121)
	              Index Cond: ((id >= 4731136) AND (id <= 4731235))

table 7 : explain SELECT DISTINCT c FROM sbtest7 WHERE id BETWEEN 5982892 AND 5982991 ORDER BY c
	Unique  (cost=363.67..364.12 rows=90 width=121)
	  ->  Sort  (cost=363.67..363.90 rows=90 width=121)
	        Sort Key: c
	        ->  Index Scan using sbtest7_pkey on sbtest7  (cost=0.43..360.75 rows=90 width=121)
	              Index Cond: ((id >= 5982892) AND (id <= 5982991))

table 8 : explain SELECT DISTINCT c FROM sbtest8 WHERE id BETWEEN 3338655 AND 3338754 ORDER BY c
	Unique  (cost=394.23..394.72 rows=98 width=121)
	  ->  Sort  (cost=394.23..394.47 rows=98 width=121)
	        Sort Key: c
	        ->  Index Scan using sbtest8_pkey on sbtest8  (cost=0.43..390.99 rows=98 width=121)
	              Index Cond: ((id >= 3338655) AND (id <= 3338754))

explain: for point_selects :: explain SELECT c FROM sbtest%u WHERE id=%u
for: sum_ranges
table 1 : explain SELECT SUM(k) FROM sbtest1 WHERE id BETWEEN 5294790 AND 5294889
	Aggregate  (cost=418.08..418.09 rows=1 width=8)
	  ->  Index Scan using sbtest1_pkey on sbtest1  (cost=0.43..417.82 rows=104 width=4)
	        Index Cond: ((id >= 5294790) AND (id <= 5294889))

table 2 : explain SELECT SUM(k) FROM sbtest2 WHERE id BETWEEN 4848834 AND 4848933
	Aggregate  (cost=365.76..365.77 rows=1 width=8)
	  ->  Index Scan using sbtest2_pkey on sbtest2  (cost=0.43..365.53 rows=91 width=4)
	        Index Cond: ((id >= 4848834) AND (id <= 4848933))

table 3 : explain SELECT SUM(k) FROM sbtest3 WHERE id BETWEEN 7422595 AND 7422694
	Aggregate  (cost=388.79..388.80 rows=1 width=8)
	  ->  Index Scan using sbtest3_pkey on sbtest3  (cost=0.43..388.55 rows=97 width=4)
	        Index Cond: ((id >= 7422595) AND (id <= 7422694))

table 4 : explain SELECT SUM(k) FROM sbtest4 WHERE id BETWEEN 1580848 AND 1580947
	Aggregate  (cost=396.42..396.43 rows=1 width=8)
	  ->  Index Scan using sbtest4_pkey on sbtest4  (cost=0.43..396.17 rows=99 width=4)
	        Index Cond: ((id >= 1580848) AND (id <= 1580947))

table 5 : explain SELECT SUM(k) FROM sbtest5 WHERE id BETWEEN 6005625 AND 6005724
	Aggregate  (cost=365.15..365.16 rows=1 width=8)
	  ->  Index Scan using sbtest5_pkey on sbtest5  (cost=0.43..364.93 rows=91 width=4)
	        Index Cond: ((id >= 6005625) AND (id <= 6005724))

table 6 : explain SELECT SUM(k) FROM sbtest6 WHERE id BETWEEN 5528615 AND 5528714
	Aggregate  (cost=408.19..408.20 rows=1 width=8)
	  ->  Index Scan using sbtest6_pkey on sbtest6  (cost=0.43..407.94 rows=102 width=4)
	        Index Cond: ((id >= 5528615) AND (id <= 5528714))

table 7 : explain SELECT SUM(k) FROM sbtest7 WHERE id BETWEEN 8090058 AND 8090157
	Aggregate  (cost=404.56..404.57 rows=1 width=8)
	  ->  Index Scan using sbtest7_pkey on sbtest7  (cost=0.43..404.31 rows=101 width=4)
	        Index Cond: ((id >= 8090058) AND (id <= 8090157))

table 8 : explain SELECT SUM(k) FROM sbtest8 WHERE id BETWEEN 6153896 AND 6153995
	Aggregate  (cost=359.65..359.66 rows=1 width=8)
	  ->  Index Scan using sbtest8_pkey on sbtest8  (cost=0.43..359.42 rows=90 width=4)
	        Index Cond: ((id >= 6153896) AND (id <= 6153995))

for: order_ranges
table 1 : explain SELECT c FROM sbtest1 WHERE id BETWEEN 518111 AND 518210 ORDER BY c
	Sort  (cost=433.35..433.61 rows=107 width=121)
	  Sort Key: c
	  ->  Index Scan using sbtest1_pkey on sbtest1  (cost=0.43..429.74 rows=107 width=121)
	        Index Cond: ((id >= 518111) AND (id <= 518210))

table 2 : explain SELECT c FROM sbtest2 WHERE id BETWEEN 5906167 AND 5906266 ORDER BY c
	Sort  (cost=432.63..432.90 rows=107 width=121)
	  Sort Key: c
	  ->  Index Scan using sbtest2_pkey on sbtest2  (cost=0.43..429.02 rows=107 width=121)
	        Index Cond: ((id >= 5906167) AND (id <= 5906266))

table 3 : explain SELECT c FROM sbtest3 WHERE id BETWEEN 1476695 AND 1476794 ORDER BY c
	Sort  (cost=407.76..408.01 rows=101 width=121)
	  Sort Key: c
	  ->  Index Scan using sbtest3_pkey on sbtest3  (cost=0.43..404.40 rows=101 width=121)
	        Index Cond: ((id >= 1476695) AND (id <= 1476794))

table 4 : explain SELECT c FROM sbtest4 WHERE id BETWEEN 2897238 AND 2897337 ORDER BY c
	Sort  (cost=399.45..399.70 rows=99 width=121)
	  Sort Key: c
	  ->  Index Scan using sbtest4_pkey on sbtest4  (cost=0.43..396.17 rows=99 width=121)
	        Index Cond: ((id >= 2897238) AND (id <= 2897337))

table 5 : explain SELECT c FROM sbtest5 WHERE id BETWEEN 2002015 AND 2002114 ORDER BY c
	Sort  (cost=399.91..400.15 rows=99 width=121)
	  Sort Key: c
	  ->  Index Scan using sbtest5_pkey on sbtest5  (cost=0.43..396.62 rows=99 width=121)
	        Index Cond: ((id >= 2002015) AND (id <= 2002114))

table 6 : explain SELECT c FROM sbtest6 WHERE id BETWEEN 2886213 AND 2886312 ORDER BY c
	Sort  (cost=395.34..395.59 rows=98 width=121)
	  Sort Key: c
	  ->  Index Scan using sbtest6_pkey on sbtest6  (cost=0.43..392.10 rows=98 width=121)
	        Index Cond: ((id >= 2886213) AND (id <= 2886312))

table 7 : explain SELECT c FROM sbtest7 WHERE id BETWEEN 5102408 AND 5102507 ORDER BY c
	Sort  (cost=407.67..407.92 rows=101 width=121)
	  Sort Key: c
	  ->  Index Scan using sbtest7_pkey on sbtest7  (cost=0.43..404.31 rows=101 width=121)
	        Index Cond: ((id >= 5102408) AND (id <= 5102507))

table 8 : explain SELECT c FROM sbtest8 WHERE id BETWEEN 1179112 AND 1179211 ORDER BY c
	Sort  (cost=390.25..390.49 rows=97 width=121)
	  Sort Key: c
	  ->  Index Scan using sbtest8_pkey on sbtest8  (cost=0.43..387.05 rows=97 width=121)
	        Index Cond: ((id >= 1179112) AND (id <= 1179211))

for: order_ranges
table 1 : explain SELECT c FROM sbtest1 WHERE id BETWEEN 7320485 AND 7320584 ORDER BY c
	Sort  (cost=409.25..409.50 rows=101 width=121)
	  Sort Key: c
	  ->  Index Scan using sbtest1_pkey on sbtest1  (cost=0.43..405.88 rows=101 width=121)
	        Index Cond: ((id >= 7320485) AND (id <= 7320584))

table 2 : explain SELECT c FROM sbtest2 WHERE id BETWEEN 4334864 AND 4334963 ORDER BY c
	Sort  (cost=364.49..364.71 rows=90 width=121)
	  Sort Key: c
	  ->  Index Scan using sbtest2_pkey on sbtest2  (cost=0.43..361.57 rows=90 width=121)
	        Index Cond: ((id >= 4334864) AND (id <= 4334963))

table 3 : explain SELECT c FROM sbtest3 WHERE id BETWEEN 6210706 AND 6210805 ORDER BY c
	Sort  (cost=367.75..367.98 rows=91 width=121)
	  Sort Key: c
	  ->  Index Scan using sbtest3_pkey on sbtest3  (cost=0.43..364.79 rows=91 width=121)
	        Index Cond: ((id >= 6210706) AND (id <= 6210805))

table 4 : explain SELECT c FROM sbtest4 WHERE id BETWEEN 6236476 AND 6236575 ORDER BY c
	Sort  (cost=379.46..379.69 rows=94 width=121)
	  Sort Key: c
	  ->  Index Scan using sbtest4_pkey on sbtest4  (cost=0.43..376.38 rows=94 width=121)
	        Index Cond: ((id >= 6236476) AND (id <= 6236575))

table 5 : explain SELECT c FROM sbtest5 WHERE id BETWEEN 7627229 AND 7627328 ORDER BY c
	Sort  (cost=423.91..424.17 rows=105 width=121)
	  Sort Key: c
	  ->  Index Scan using sbtest5_pkey on sbtest5  (cost=0.43..420.39 rows=105 width=121)
	        Index Cond: ((id >= 7627229) AND (id <= 7627328))

table 6 : explain SELECT c FROM sbtest6 WHERE id BETWEEN 2195172 AND 2195271 ORDER BY c
	Sort  (cost=383.36..383.59 rows=95 width=121)
	  Sort Key: c
	  ->  Index Scan using sbtest6_pkey on sbtest6  (cost=0.43..380.24 rows=95 width=121)
	        Index Cond: ((id >= 2195172) AND (id <= 2195271))

table 7 : explain SELECT c FROM sbtest7 WHERE id BETWEEN 1393592 AND 1393691 ORDER BY c
	Sort  (cost=391.67..391.92 rows=97 width=121)
	  Sort Key: c
	  ->  Index Scan using sbtest7_pkey on sbtest7  (cost=0.43..388.47 rows=97 width=121)
	        Index Cond: ((id >= 1393592) AND (id <= 1393691))

table 8 : explain SELECT c FROM sbtest8 WHERE id BETWEEN 2883742 AND 2883841 ORDER BY c
	Sort  (cost=406.18..406.43 rows=101 width=121)
	  Sort Key: c
	  ->  Index Scan using sbtest8_pkey on sbtest8  (cost=0.43..402.82 rows=101 width=121)
	        Index Cond: ((id >= 2883742) AND (id <= 2883841))

for: distinct_ranges
table 1 : explain SELECT DISTINCT c FROM sbtest1 WHERE id BETWEEN 7888763 AND 7888862 ORDER BY c
	Unique  (cost=385.16..385.64 rows=95 width=121)
	  ->  Sort  (cost=385.16..385.40 rows=95 width=121)
	        Sort Key: c
	        ->  Index Scan using sbtest1_pkey on sbtest1  (cost=0.43..382.04 rows=95 width=121)
	              Index Cond: ((id >= 7888763) AND (id <= 7888862))

table 2 : explain SELECT DISTINCT c FROM sbtest2 WHERE id BETWEEN 9090332 AND 9090431 ORDER BY c
	Unique  (cost=424.61..425.14 rows=105 width=121)
	  ->  Sort  (cost=424.61..424.88 rows=105 width=121)
	        Sort Key: c
	        ->  Index Scan using sbtest2_pkey on sbtest2  (cost=0.43..421.09 rows=105 width=121)
	              Index Cond: ((id >= 9090332) AND (id <= 9090431))

table 3 : explain SELECT DISTINCT c FROM sbtest3 WHERE id BETWEEN 5849916 AND 5850015 ORDER BY c
	Unique  (cost=451.76..452.32 rows=112 width=121)
	  ->  Sort  (cost=451.76..452.04 rows=112 width=121)
	        Sort Key: c
	        ->  Index Scan using sbtest3_pkey on sbtest3  (cost=0.43..447.95 rows=112 width=121)
	              Index Cond: ((id >= 5849916) AND (id <= 5850015))

table 4 : explain SELECT DISTINCT c FROM sbtest4 WHERE id BETWEEN 806392 AND 806491 ORDER BY c
	Unique  (cost=383.45..383.93 rows=95 width=121)
	  ->  Sort  (cost=383.45..383.69 rows=95 width=121)
	        Sort Key: c
	        ->  Index Scan using sbtest4_pkey on sbtest4  (cost=0.43..380.33 rows=95 width=121)
	              Index Cond: ((id >= 806392) AND (id <= 806491))

table 5 : explain SELECT DISTINCT c FROM sbtest5 WHERE id BETWEEN 1144471 AND 1144570 ORDER BY c
	Unique  (cost=399.91..400.40 rows=99 width=121)
	  ->  Sort  (cost=399.91..400.15 rows=99 width=121)
	        Sort Key: c
	        ->  Index Scan using sbtest5_pkey on sbtest5  (cost=0.43..396.62 rows=99 width=121)
	              Index Cond: ((id >= 1144471) AND (id <= 1144570))

table 6 : explain SELECT DISTINCT c FROM sbtest6 WHERE id BETWEEN 7710358 AND 7710457 ORDER BY c
	Unique  (cost=407.34..407.85 rows=101 width=121)
	  ->  Sort  (cost=407.34..407.60 rows=101 width=121)
	        Sort Key: c
	        ->  Index Scan using sbtest6_pkey on sbtest6  (cost=0.43..403.98 rows=101 width=121)
	              Index Cond: ((id >= 7710358) AND (id <= 7710457))

table 7 : explain SELECT DISTINCT c FROM sbtest7 WHERE id BETWEEN 2216986 AND 2217085 ORDER BY c
	Unique  (cost=375.67..376.13 rows=93 width=121)
	  ->  Sort  (cost=375.67..375.90 rows=93 width=121)
	        Sort Key: c
	        ->  Index Scan using sbtest7_pkey on sbtest7  (cost=0.43..372.63 rows=93 width=121)
	              Index Cond: ((id >= 2216986) AND (id <= 2217085))

table 8 : explain SELECT DISTINCT c FROM sbtest8 WHERE id BETWEEN 2485404 AND 2485503 ORDER BY c
	Unique  (cost=386.24..386.72 rows=96 width=121)
	  ->  Sort  (cost=386.24..386.48 rows=96 width=121)
	        Sort Key: c
	        ->  Index Scan using sbtest8_pkey on sbtest8  (cost=0.43..383.08 rows=96 width=121)
	              Index Cond: ((id >= 2485404) AND (id <= 2485503))

for: sum_ranges
table 1 : explain SELECT SUM(k) FROM sbtest1 WHERE id BETWEEN 2414666 AND 2414765
	Aggregate  (cost=390.23..390.24 rows=1 width=8)
	  ->  Index Scan using sbtest1_pkey on sbtest1  (cost=0.43..389.99 rows=97 width=4)
	        Index Cond: ((id >= 2414666) AND (id <= 2414765))

table 2 : explain SELECT SUM(k) FROM sbtest2 WHERE id BETWEEN 9128436 AND 9128535
	Aggregate  (cost=413.41..413.42 rows=1 width=8)
	  ->  Index Scan using sbtest2_pkey on sbtest2  (cost=0.43..413.15 rows=103 width=4)
	        Index Cond: ((id >= 9128436) AND (id <= 9128535))

table 3 : explain SELECT SUM(k) FROM sbtest3 WHERE id BETWEEN 7997669 AND 7997768
	Aggregate  (cost=392.75..392.76 rows=1 width=8)
	  ->  Index Scan using sbtest3_pkey on sbtest3  (cost=0.43..392.51 rows=98 width=4)
	        Index Cond: ((id >= 7997669) AND (id <= 7997768))

table 4 : explain SELECT SUM(k) FROM sbtest4 WHERE id BETWEEN 8166377 AND 8166476
	Aggregate  (cost=428.09..428.10 rows=1 width=8)
	  ->  Index Scan using sbtest4_pkey on sbtest4  (cost=0.43..427.82 rows=107 width=4)
	        Index Cond: ((id >= 8166377) AND (id <= 8166476))

table 5 : explain SELECT SUM(k) FROM sbtest5 WHERE id BETWEEN 7669760 AND 7669859
	Aggregate  (cost=412.72..412.73 rows=1 width=8)
	  ->  Index Scan using sbtest5_pkey on sbtest5  (cost=0.43..412.47 rows=103 width=4)
	        Index Cond: ((id >= 7669760) AND (id <= 7669859))

table 6 : explain SELECT SUM(k) FROM sbtest6 WHERE id BETWEEN 1469297 AND 1469396
	Aggregate  (cost=380.47..380.48 rows=1 width=8)
	  ->  Index Scan using sbtest6_pkey on sbtest6  (cost=0.43..380.24 rows=95 width=4)
	        Index Cond: ((id >= 1469297) AND (id <= 1469396))

table 7 : explain SELECT SUM(k) FROM sbtest7 WHERE id BETWEEN 5098072 AND 5098171
	Aggregate  (cost=404.56..404.57 rows=1 width=8)
	  ->  Index Scan using sbtest7_pkey on sbtest7  (cost=0.43..404.31 rows=101 width=4)
	        Index Cond: ((id >= 5098072) AND (id <= 5098171))

table 8 : explain SELECT SUM(k) FROM sbtest8 WHERE id BETWEEN 3629308 AND 3629407
	Aggregate  (cost=395.18..395.19 rows=1 width=8)
	  ->  Index Scan using sbtest8_pkey on sbtest8  (cost=0.43..394.93 rows=99 width=4)
	        Index Cond: ((id >= 3629308) AND (id <= 3629407))

for: distinct_ranges
table 1 : explain SELECT DISTINCT c FROM sbtest1 WHERE id BETWEEN 1324832 AND 1324931 ORDER BY c
	Unique  (cost=385.16..385.64 rows=95 width=121)
	  ->  Sort  (cost=385.16..385.40 rows=95 width=121)
	        Sort Key: c
	        ->  Index Scan using sbtest1_pkey on sbtest1  (cost=0.43..382.04 rows=95 width=121)
	              Index Cond: ((id >= 1324832) AND (id <= 1324931))

table 2 : explain SELECT DISTINCT c FROM sbtest2 WHERE id BETWEEN 5128539 AND 5128638 ORDER BY c
	Unique  (cost=432.63..433.16 rows=107 width=121)
	  ->  Sort  (cost=432.63..432.90 rows=107 width=121)
	        Sort Key: c
	        ->  Index Scan using sbtest2_pkey on sbtest2  (cost=0.43..429.02 rows=107 width=121)
	              Index Cond: ((id >= 5128539) AND (id <= 5128638))

table 3 : explain SELECT DISTINCT c FROM sbtest3 WHERE id BETWEEN 8247368 AND 8247467 ORDER BY c
	Unique  (cost=399.75..400.24 rows=99 width=121)
	  ->  Sort  (cost=399.75..399.99 rows=99 width=121)
	        Sort Key: c
	        ->  Index Scan using sbtest3_pkey on sbtest3  (cost=0.43..396.47 rows=99 width=121)
	              Index Cond: ((id >= 8247368) AND (id <= 8247467))

table 4 : explain SELECT DISTINCT c FROM sbtest4 WHERE id BETWEEN 918581 AND 918680 ORDER BY c
	Unique  (cost=403.45..403.95 rows=100 width=121)
	  ->  Sort  (cost=403.45..403.70 rows=100 width=121)
	        Sort Key: c
	        ->  Index Scan using sbtest4_pkey on sbtest4  (cost=0.43..400.13 rows=100 width=121)
	              Index Cond: ((id >= 918581) AND (id <= 918680))

table 5 : explain SELECT DISTINCT c FROM sbtest5 WHERE id BETWEEN 7869465 AND 7869564 ORDER BY c
	Unique  (cost=371.89..372.35 rows=92 width=121)
	  ->  Sort  (cost=371.89..372.12 rows=92 width=121)
	        Sort Key: c
	        ->  Index Scan using sbtest5_pkey on sbtest5  (cost=0.43..368.89 rows=92 width=121)
	              Index Cond: ((id >= 7869465) AND (id <= 7869564))

table 6 : explain SELECT DISTINCT c FROM sbtest6 WHERE id BETWEEN 1023173 AND 1023272 ORDER BY c
	Unique  (cost=395.36..395.85 rows=98 width=121)
	  ->  Sort  (cost=395.36..395.60 rows=98 width=121)
	        Sort Key: c
	        ->  Index Scan using sbtest6_pkey on sbtest6  (cost=0.43..392.12 rows=98 width=121)
	              Index Cond: ((id >= 1023173) AND (id <= 1023272))

table 7 : explain SELECT DISTINCT c FROM sbtest7 WHERE id BETWEEN 4863357 AND 4863456 ORDER BY c
	Unique  (cost=415.66..416.18 rows=103 width=121)
	  ->  Sort  (cost=415.66..415.92 rows=103 width=121)
	        Sort Key: c
	        ->  Index Scan using sbtest7_pkey on sbtest7  (cost=0.43..412.22 rows=103 width=121)
	              Index Cond: ((id >= 4863357) AND (id <= 4863456))

table 8 : explain SELECT DISTINCT c FROM sbtest8 WHERE id BETWEEN 5512020 AND 5512119 ORDER BY c
	Unique  (cost=442.03..442.58 rows=110 width=121)
	  ->  Sort  (cost=442.03..442.31 rows=110 width=121)
	        Sort Key: c
	        ->  Index Scan using sbtest8_pkey on sbtest8  (cost=0.43..438.31 rows=110 width=121)
	              Index Cond: ((id >= 5512020) AND (id <= 5512119))

for: distinct_ranges
table 1 : explain SELECT DISTINCT c FROM sbtest1 WHERE id BETWEEN 6082138 AND 6082237 ORDER BY c
	Unique  (cost=405.23..405.73 rows=100 width=121)
	  ->  Sort  (cost=405.23..405.48 rows=100 width=121)
	        Sort Key: c
	        ->  Index Scan using sbtest1_pkey on sbtest1  (cost=0.43..401.91 rows=100 width=121)
	              Index Cond: ((id >= 6082138) AND (id <= 6082237))

table 2 : explain SELECT DISTINCT c FROM sbtest2 WHERE id BETWEEN 5390109 AND 5390208 ORDER BY c
	Unique  (cost=428.62..429.15 rows=106 width=121)
	  ->  Sort  (cost=428.62..428.89 rows=106 width=121)
	        Sort Key: c
	        ->  Index Scan using sbtest2_pkey on sbtest2  (cost=0.43..425.06 rows=106 width=121)
	              Index Cond: ((id >= 5390109) AND (id <= 5390208))

table 3 : explain SELECT DISTINCT c FROM sbtest3 WHERE id BETWEEN 7699158 AND 7699257 ORDER BY c
	Unique  (cost=403.76..404.26 rows=100 width=121)
	  ->  Sort  (cost=403.76..404.01 rows=100 width=121)
	        Sort Key: c
	        ->  Index Scan using sbtest3_pkey on sbtest3  (cost=0.43..400.44 rows=100 width=121)
	              Index Cond: ((id >= 7699158) AND (id <= 7699257))

table 4 : explain SELECT DISTINCT c FROM sbtest4 WHERE id BETWEEN 5801715 AND 5801814 ORDER BY c
	Unique  (cost=387.45..387.93 rows=96 width=121)
	  ->  Sort  (cost=387.45..387.69 rows=96 width=121)
	        Sort Key: c
	        ->  Index Scan using sbtest4_pkey on sbtest4  (cost=0.43..384.29 rows=96 width=121)
	              Index Cond: ((id >= 5801715) AND (id <= 5801814))

table 5 : explain SELECT DISTINCT c FROM sbtest5 WHERE id BETWEEN 9016416 AND 9016515 ORDER BY c
	Unique  (cost=419.91..420.43 rows=104 width=121)
	  ->  Sort  (cost=419.91..420.17 rows=104 width=121)
	        Sort Key: c
	        ->  Index Scan using sbtest5_pkey on sbtest5  (cost=0.43..416.43 rows=104 width=121)
	              Index Cond: ((id >= 9016416) AND (id <= 9016515))

table 6 : explain SELECT DISTINCT c FROM sbtest6 WHERE id BETWEEN 8280485 AND 8280584 ORDER BY c
	Unique  (cost=383.36..383.83 rows=95 width=121)
	  ->  Sort  (cost=383.36..383.59 rows=95 width=121)
	        Sort Key: c
	        ->  Index Scan using sbtest6_pkey on sbtest6  (cost=0.43..380.24 rows=95 width=121)
	              Index Cond: ((id >= 8280485) AND (id <= 8280584))

table 7 : explain SELECT DISTINCT c FROM sbtest7 WHERE id BETWEEN 1820748 AND 1820847 ORDER BY c
	Unique  (cost=387.66..388.14 rows=96 width=121)
	  ->  Sort  (cost=387.66..387.90 rows=96 width=121)
	        Sort Key: c
	        ->  Index Scan using sbtest7_pkey on sbtest7  (cost=0.43..384.50 rows=96 width=121)
	              Index Cond: ((id >= 1820748) AND (id <= 1820847))

table 8 : explain SELECT DISTINCT c FROM sbtest8 WHERE id BETWEEN 8489664 AND 8489763 ORDER BY c
	Unique  (cost=382.26..382.74 rows=95 width=121)
	  ->  Sort  (cost=382.26..382.50 rows=95 width=121)
	        Sort Key: c
	        ->  Index Scan using sbtest8_pkey on sbtest8  (cost=0.43..379.14 rows=95 width=121)
	              Index Cond: ((id >= 8489664) AND (id <= 8489763))

for point_selects
table 1 : explain SELECT c FROM sbtest1 WHERE id=7950241
	Index Scan using sbtest1_pkey on sbtest1  (cost=0.43..8.45 rows=1 width=121)
	  Index Cond: (id = 7950241)

table 2 : explain SELECT c FROM sbtest2 WHERE id=473029
	Index Scan using sbtest2_pkey on sbtest2  (cost=0.43..8.45 rows=1 width=121)
	  Index Cond: (id = 473029)

table 3 : explain SELECT c FROM sbtest3 WHERE id=2046838
	Index Scan using sbtest3_pkey on sbtest3  (cost=0.43..8.45 rows=1 width=121)
	  Index Cond: (id = 2046838)

table 4 : explain SELECT c FROM sbtest4 WHERE id=9681647
	Index Scan using sbtest4_pkey on sbtest4  (cost=0.43..8.45 rows=1 width=121)
	  Index Cond: (id = 9681647)

table 5 : explain SELECT c FROM sbtest5 WHERE id=9710358
	Index Scan using sbtest5_pkey on sbtest5  (cost=0.43..8.45 rows=1 width=121)
	  Index Cond: (id = 9710358)

table 6 : explain SELECT c FROM sbtest6 WHERE id=369444
	Index Scan using sbtest6_pkey on sbtest6  (cost=0.43..8.45 rows=1 width=121)
	  Index Cond: (id = 369444)

table 7 : explain SELECT c FROM sbtest7 WHERE id=477467
	Index Scan using sbtest7_pkey on sbtest7  (cost=0.43..8.45 rows=1 width=121)
	  Index Cond: (id = 477467)

table 8 : explain SELECT c FROM sbtest8 WHERE id=4789694
	Index Scan using sbtest8_pkey on sbtest8  (cost=0.43..8.45 rows=1 width=121)
	  Index Cond: (id = 4789694)

explain: for point_selects :: explain SELECT c FROM sbtest%u WHERE id=%u
for: distinct_ranges
table 1 : explain SELECT DISTINCT c FROM sbtest1 WHERE id BETWEEN 7410575 AND 7410674 ORDER BY c
	Unique  (cost=409.25..409.75 rows=101 width=121)
	  ->  Sort  (cost=409.25..409.50 rows=101 width=121)
	        Sort Key: c
	        ->  Index Scan using sbtest1_pkey on sbtest1  (cost=0.43..405.88 rows=101 width=121)
	              Index Cond: ((id >= 7410575) AND (id <= 7410674))

table 2 : explain SELECT DISTINCT c FROM sbtest2 WHERE id BETWEEN 8180601 AND 8180700 ORDER BY c
	Unique  (cost=424.61..425.14 rows=105 width=121)
	  ->  Sort  (cost=424.61..424.88 rows=105 width=121)
	        Sort Key: c
	        ->  Index Scan using sbtest2_pkey on sbtest2  (cost=0.43..421.09 rows=105 width=121)
	              Index Cond: ((id >= 8180601) AND (id <= 8180700))

table 3 : explain SELECT DISTINCT c FROM sbtest3 WHERE id BETWEEN 7206574 AND 7206673 ORDER BY c
	Unique  (cost=387.75..388.23 rows=96 width=121)
	  ->  Sort  (cost=387.75..387.99 rows=96 width=121)
	        Sort Key: c
	        ->  Index Scan using sbtest3_pkey on sbtest3  (cost=0.43..384.59 rows=96 width=121)
	              Index Cond: ((id >= 7206574) AND (id <= 7206673))

table 4 : explain SELECT DISTINCT c FROM sbtest4 WHERE id BETWEEN 1232810 AND 1232909 ORDER BY c
	Unique  (cost=431.43..431.96 rows=107 width=121)
	  ->  Sort  (cost=431.43..431.69 rows=107 width=121)
	        Sort Key: c
	        ->  Index Scan using sbtest4_pkey on sbtest4  (cost=0.43..427.82 rows=107 width=121)
	              Index Cond: ((id >= 1232810) AND (id <= 1232909))

table 5 : explain SELECT DISTINCT c FROM sbtest5 WHERE id BETWEEN 7796562 AND 7796661 ORDER BY c
	Unique  (cost=407.91..408.41 rows=101 width=121)
	  ->  Sort  (cost=407.91..408.16 rows=101 width=121)
	        Sort Key: c
	        ->  Index Scan using sbtest5_pkey on sbtest5  (cost=0.43..404.54 rows=101 width=121)
	              Index Cond: ((id >= 7796562) AND (id <= 7796661))

table 6 : explain SELECT DISTINCT c FROM sbtest6 WHERE id BETWEEN 7496967 AND 7497066 ORDER BY c
	Unique  (cost=423.33..423.85 rows=105 width=121)
	  ->  Sort  (cost=423.33..423.59 rows=105 width=121)
	        Sort Key: c
	        ->  Index Scan using sbtest6_pkey on sbtest6  (cost=0.43..419.80 rows=105 width=121)
	              Index Cond: ((id >= 7496967) AND (id <= 7497066))

table 7 : explain SELECT DISTINCT c FROM sbtest7 WHERE id BETWEEN 8818878 AND 8818977 ORDER BY c
	Unique  (cost=407.67..408.17 rows=101 width=121)
	  ->  Sort  (cost=407.67..407.92 rows=101 width=121)
	        Sort Key: c
	        ->  Index Scan using sbtest7_pkey on sbtest7  (cost=0.43..404.31 rows=101 width=121)
	              Index Cond: ((id >= 8818878) AND (id <= 8818977))

table 8 : explain SELECT DISTINCT c FROM sbtest8 WHERE id BETWEEN 7963256 AND 7963355 ORDER BY c
	Unique  (cost=378.28..378.75 rows=94 width=121)
	  ->  Sort  (cost=378.28..378.51 rows=94 width=121)
	        Sort Key: c
	        ->  Index Scan using sbtest8_pkey on sbtest8  (cost=0.43..375.20 rows=94 width=121)
	              Index Cond: ((id >= 7963256) AND (id <= 7963355))

for: order_ranges
table 1 : explain SELECT c FROM sbtest1 WHERE id BETWEEN 8777809 AND 8777908 ORDER BY c
	Sort  (cost=389.18..389.42 rows=96 width=121)
	  Sort Key: c
	  ->  Index Scan using sbtest1_pkey on sbtest1  (cost=0.43..386.01 rows=96 width=121)
	        Index Cond: ((id >= 8777809) AND (id <= 8777908))

table 2 : explain SELECT c FROM sbtest2 WHERE id BETWEEN 6073517 AND 6073616 ORDER BY c
	Sort  (cost=412.59..412.84 rows=102 width=121)
	  Sort Key: c
	  ->  Index Scan using sbtest2_pkey on sbtest2  (cost=0.43..409.19 rows=102 width=121)
	        Index Cond: ((id >= 6073517) AND (id <= 6073616))

table 3 : explain SELECT c FROM sbtest3 WHERE id BETWEEN 7135024 AND 7135123 ORDER BY c
	Sort  (cost=387.75..387.99 rows=96 width=121)
	  Sort Key: c
	  ->  Index Scan using sbtest3_pkey on sbtest3  (cost=0.43..384.59 rows=96 width=121)
	        Index Cond: ((id >= 7135024) AND (id <= 7135123))

table 4 : explain SELECT c FROM sbtest4 WHERE id BETWEEN 108580 AND 108679 ORDER BY c
	Sort  (cost=419.44..419.70 rows=104 width=121)
	  Sort Key: c
	  ->  Index Scan using sbtest4_pkey on sbtest4  (cost=0.43..415.95 rows=104 width=121)
	        Index Cond: ((id >= 108580) AND (id <= 108679))

table 5 : explain SELECT c FROM sbtest5 WHERE id BETWEEN 836357 AND 836456 ORDER BY c
	Sort  (cost=435.92..436.19 rows=108 width=121)
	  Sort Key: c
	  ->  Index Scan using sbtest5_pkey on sbtest5  (cost=0.43..432.27 rows=108 width=121)
	        Index Cond: ((id >= 836357) AND (id <= 836456))

table 6 : explain SELECT c FROM sbtest6 WHERE id BETWEEN 6349276 AND 6349375 ORDER BY c
	Sort  (cost=403.35..403.60 rows=100 width=121)
	  Sort Key: c
	  ->  Index Scan using sbtest6_pkey on sbtest6  (cost=0.43..400.03 rows=100 width=121)
	        Index Cond: ((id >= 6349276) AND (id <= 6349375))

table 7 : explain SELECT c FROM sbtest7 WHERE id BETWEEN 1057175 AND 1057274 ORDER BY c
	Sort  (cost=387.66..387.90 rows=96 width=121)
	  Sort Key: c
	  ->  Index Scan using sbtest7_pkey on sbtest7  (cost=0.43..384.50 rows=96 width=121)
	        Index Cond: ((id >= 1057175) AND (id <= 1057274))

table 8 : explain SELECT c FROM sbtest8 WHERE id BETWEEN 877827 AND 877926 ORDER BY c
	Sort  (cost=453.99..454.27 rows=113 width=121)
	  Sort Key: c
	  ->  Index Scan using sbtest8_pkey on sbtest8  (cost=0.43..450.13 rows=113 width=121)
	        Index Cond: ((id >= 877827) AND (id <= 877926))

for: distinct_ranges
table 1 : explain SELECT DISTINCT c FROM sbtest1 WHERE id BETWEEN 1969563 AND 1969662 ORDER BY c
	Unique  (cost=401.22..401.71 rows=99 width=121)
	  ->  Sort  (cost=401.22..401.47 rows=99 width=121)
	        Sort Key: c
	        ->  Index Scan using sbtest1_pkey on sbtest1  (cost=0.43..397.94 rows=99 width=121)
	              Index Cond: ((id >= 1969563) AND (id <= 1969662))

table 2 : explain SELECT DISTINCT c FROM sbtest2 WHERE id BETWEEN 6128110 AND 6128209 ORDER BY c
	Unique  (cost=412.59..413.10 rows=102 width=121)
	  ->  Sort  (cost=412.59..412.84 rows=102 width=121)
	        Sort Key: c
	        ->  Index Scan using sbtest2_pkey on sbtest2  (cost=0.43..409.19 rows=102 width=121)
	              Index Cond: ((id >= 6128110) AND (id <= 6128209))

table 3 : explain SELECT DISTINCT c FROM sbtest3 WHERE id BETWEEN 9682746 AND 9682845 ORDER BY c
	Unique  (cost=407.76..408.27 rows=101 width=121)
	  ->  Sort  (cost=407.76..408.01 rows=101 width=121)
	        Sort Key: c
	        ->  Index Scan using sbtest3_pkey on sbtest3  (cost=0.43..404.40 rows=101 width=121)
	              Index Cond: ((id >= 9682746) AND (id <= 9682845))

table 4 : explain SELECT DISTINCT c FROM sbtest4 WHERE id BETWEEN 8515038 AND 8515137 ORDER BY c
	Unique  (cost=383.45..383.93 rows=95 width=121)
	  ->  Sort  (cost=383.45..383.69 rows=95 width=121)
	        Sort Key: c
	        ->  Index Scan using sbtest4_pkey on sbtest4  (cost=0.43..380.33 rows=95 width=121)
	              Index Cond: ((id >= 8515038) AND (id <= 8515137))

table 5 : explain SELECT DISTINCT c FROM sbtest5 WHERE id BETWEEN 6188089 AND 6188188 ORDER BY c
	Unique  (cost=387.89..388.37 rows=96 width=121)
	  ->  Sort  (cost=387.89..388.13 rows=96 width=121)
	        Sort Key: c
	        ->  Index Scan using sbtest5_pkey on sbtest5  (cost=0.43..384.73 rows=96 width=121)
	              Index Cond: ((id >= 6188089) AND (id <= 6188188))

table 6 : explain SELECT DISTINCT c FROM sbtest6 WHERE id BETWEEN 5473129 AND 5473228 ORDER BY c
	Unique  (cost=387.35..387.83 rows=96 width=121)
	  ->  Sort  (cost=387.35..387.59 rows=96 width=121)
	        Sort Key: c
	        ->  Index Scan using sbtest6_pkey on sbtest6  (cost=0.43..384.19 rows=96 width=121)
	              Index Cond: ((id >= 5473129) AND (id <= 5473228))

table 7 : explain SELECT DISTINCT c FROM sbtest7 WHERE id BETWEEN 3399517 AND 3399616 ORDER BY c
	Unique  (cost=375.67..376.13 rows=93 width=121)
	  ->  Sort  (cost=375.67..375.90 rows=93 width=121)
	        Sort Key: c
	        ->  Index Scan using sbtest7_pkey on sbtest7  (cost=0.43..372.63 rows=93 width=121)
	              Index Cond: ((id >= 3399517) AND (id <= 3399616))

table 8 : explain SELECT DISTINCT c FROM sbtest8 WHERE id BETWEEN 1384996 AND 1385095 ORDER BY c
	Unique  (cost=402.20..402.70 rows=100 width=121)
	  ->  Sort  (cost=402.20..402.45 rows=100 width=121)
	        Sort Key: c
	        ->  Index Scan using sbtest8_pkey on sbtest8  (cost=0.43..398.87 rows=100 width=121)
	              Index Cond: ((id >= 1384996) AND (id <= 1385095))

for: distinct_ranges
table 1 : explain SELECT DISTINCT c FROM sbtest1 WHERE id BETWEEN 2696563 AND 2696662 ORDER BY c
	Unique  (cost=433.35..433.88 rows=107 width=121)
	  ->  Sort  (cost=433.35..433.61 rows=107 width=121)
	        Sort Key: c
	        ->  Index Scan using sbtest1_pkey on sbtest1  (cost=0.43..429.74 rows=107 width=121)
	              Index Cond: ((id >= 2696563) AND (id <= 2696662))

table 2 : explain SELECT DISTINCT c FROM sbtest2 WHERE id BETWEEN 5006672 AND 5006771 ORDER BY c
	Unique  (cost=396.55..397.04 rows=98 width=121)
	  ->  Sort  (cost=396.55..396.79 rows=98 width=121)
	        Sort Key: c
	        ->  Index Scan using sbtest2_pkey on sbtest2  (cost=0.43..393.30 rows=98 width=121)
	              Index Cond: ((id >= 5006672) AND (id <= 5006771))

table 3 : explain SELECT DISTINCT c FROM sbtest3 WHERE id BETWEEN 8589184 AND 8589283 ORDER BY c
	Unique  (cost=427.76..428.29 rows=106 width=121)
	  ->  Sort  (cost=427.76..428.02 rows=106 width=121)
	        Sort Key: c
	        ->  Index Scan using sbtest3_pkey on sbtest3  (cost=0.43..424.19 rows=106 width=121)
	              Index Cond: ((id >= 8589184) AND (id <= 8589283))

table 4 : explain SELECT DISTINCT c FROM sbtest4 WHERE id BETWEEN 514905 AND 515004 ORDER BY c
	Unique  (cost=407.45..407.95 rows=101 width=121)
	  ->  Sort  (cost=407.45..407.70 rows=101 width=121)
	        Sort Key: c
	        ->  Index Scan using sbtest4_pkey on sbtest4  (cost=0.43..404.09 rows=101 width=121)
	              Index Cond: ((id >= 514905) AND (id <= 515004))

table 5 : explain SELECT DISTINCT c FROM sbtest5 WHERE id BETWEEN 1425722 AND 1425821 ORDER BY c
	Unique  (cost=383.89..384.36 rows=95 width=121)
	  ->  Sort  (cost=383.89..384.13 rows=95 width=121)
	        Sort Key: c
	        ->  Index Scan using sbtest5_pkey on sbtest5  (cost=0.43..380.77 rows=95 width=121)
	              Index Cond: ((id >= 1425722) AND (id <= 1425821))

table 6 : explain SELECT DISTINCT c FROM sbtest6 WHERE id BETWEEN 1792762 AND 1792861 ORDER BY c
	Unique  (cost=403.35..403.85 rows=100 width=121)
	  ->  Sort  (cost=403.35..403.60 rows=100 width=121)
	        Sort Key: c
	        ->  Index Scan using sbtest6_pkey on sbtest6  (cost=0.43..400.03 rows=100 width=121)
	              Index Cond: ((id >= 1792762) AND (id <= 1792861))

table 7 : explain SELECT DISTINCT c FROM sbtest7 WHERE id BETWEEN 6119320 AND 6119419 ORDER BY c
	Unique  (cost=367.67..368.13 rows=91 width=121)
	  ->  Sort  (cost=367.67..367.90 rows=91 width=121)
	        Sort Key: c
	        ->  Index Scan using sbtest7_pkey on sbtest7  (cost=0.43..364.71 rows=91 width=121)
	              Index Cond: ((id >= 6119320) AND (id <= 6119419))

table 8 : explain SELECT DISTINCT c FROM sbtest8 WHERE id BETWEEN 123217 AND 123316 ORDER BY c
	Unique  (cost=386.24..386.72 rows=96 width=121)
	  ->  Sort  (cost=386.24..386.48 rows=96 width=121)
	        Sort Key: c
	        ->  Index Scan using sbtest8_pkey on sbtest8  (cost=0.43..383.08 rows=96 width=121)
	              Index Cond: ((id >= 123217) AND (id <= 123316))

for point_selects
table 1 : explain SELECT c FROM sbtest1 WHERE id=4182217
	Index Scan using sbtest1_pkey on sbtest1  (cost=0.43..8.45 rows=1 width=121)
	  Index Cond: (id = 4182217)

table 2 : explain SELECT c FROM sbtest2 WHERE id=8684831
	Index Scan using sbtest2_pkey on sbtest2  (cost=0.43..8.45 rows=1 width=121)
	  Index Cond: (id = 8684831)

table 3 : explain SELECT c FROM sbtest3 WHERE id=787270
	Index Scan using sbtest3_pkey on sbtest3  (cost=0.43..8.45 rows=1 width=121)
	  Index Cond: (id = 787270)

table 4 : explain SELECT c FROM sbtest4 WHERE id=1583138
	Index Scan using sbtest4_pkey on sbtest4  (cost=0.43..8.45 rows=1 width=121)
	  Index Cond: (id = 1583138)

table 5 : explain SELECT c FROM sbtest5 WHERE id=6614190
	Index Scan using sbtest5_pkey on sbtest5  (cost=0.43..8.45 rows=1 width=121)
	  Index Cond: (id = 6614190)

table 6 : explain SELECT c FROM sbtest6 WHERE id=825169
	Index Scan using sbtest6_pkey on sbtest6  (cost=0.43..8.45 rows=1 width=121)
	  Index Cond: (id = 825169)

table 7 : explain SELECT c FROM sbtest7 WHERE id=2391537
	Index Scan using sbtest7_pkey on sbtest7  (cost=0.43..8.45 rows=1 width=121)
	  Index Cond: (id = 2391537)

table 8 : explain SELECT c FROM sbtest8 WHERE id=544625
	Index Scan using sbtest8_pkey on sbtest8  (cost=0.43..8.45 rows=1 width=121)
	  Index Cond: (id = 544625)

for: simple_ranges
table 1 : explain SELECT c FROM sbtest1 WHERE id BETWEEN 448539 AND 448638
	Index Scan using sbtest1_pkey on sbtest1  (cost=0.43..401.91 rows=100 width=121)
	  Index Cond: ((id >= 448539) AND (id <= 448638))

table 2 : explain SELECT c FROM sbtest2 WHERE id BETWEEN 7808947 AND 7809046
	Index Scan using sbtest2_pkey on sbtest2  (cost=0.43..365.53 rows=91 width=121)
	  Index Cond: ((id >= 7808947) AND (id <= 7809046))

table 3 : explain SELECT c FROM sbtest3 WHERE id BETWEEN 2387407 AND 2387506
	Index Scan using sbtest3_pkey on sbtest3  (cost=0.43..424.19 rows=106 width=121)
	  Index Cond: ((id >= 2387407) AND (id <= 2387506))

table 4 : explain SELECT c FROM sbtest4 WHERE id BETWEEN 1713883 AND 1713982
	Index Scan using sbtest4_pkey on sbtest4  (cost=0.43..380.33 rows=95 width=121)
	  Index Cond: ((id >= 1713883) AND (id <= 1713982))

table 5 : explain SELECT c FROM sbtest5 WHERE id BETWEEN 6513650 AND 6513749
	Index Scan using sbtest5_pkey on sbtest5  (cost=0.43..412.47 rows=103 width=121)
	  Index Cond: ((id >= 6513650) AND (id <= 6513749))

table 6 : explain SELECT c FROM sbtest6 WHERE id BETWEEN 6101448 AND 6101547
	Index Scan using sbtest6_pkey on sbtest6  (cost=0.43..439.57 rows=110 width=121)
	  Index Cond: ((id >= 6101448) AND (id <= 6101547))

table 7 : explain SELECT c FROM sbtest7 WHERE id BETWEEN 688199 AND 688298
	Index Scan using sbtest7_pkey on sbtest7  (cost=0.43..412.22 rows=103 width=121)
	  Index Cond: ((id >= 688199) AND (id <= 688298))

table 8 : explain SELECT c FROM sbtest8 WHERE id BETWEEN 558015 AND 558114
	Index Scan using sbtest8_pkey on sbtest8  (cost=0.43..379.14 rows=95 width=121)
	  Index Cond: ((id >= 558015) AND (id <= 558114))

for: order_ranges
table 1 : explain SELECT c FROM sbtest1 WHERE id BETWEEN 8405731 AND 8405830 ORDER BY c
	Sort  (cost=393.19..393.43 rows=97 width=121)
	  Sort Key: c
	  ->  Index Scan using sbtest1_pkey on sbtest1  (cost=0.43..389.99 rows=97 width=121)
	        Index Cond: ((id >= 8405731) AND (id <= 8405830))

table 2 : explain SELECT c FROM sbtest2 WHERE id BETWEEN 8416510 AND 8416609 ORDER BY c
	Sort  (cost=376.51..376.74 rows=93 width=121)
	  Sort Key: c
	  ->  Index Scan using sbtest2_pkey on sbtest2  (cost=0.43..373.47 rows=93 width=121)
	        Index Cond: ((id >= 8416510) AND (id <= 8416609))

table 3 : explain SELECT c FROM sbtest3 WHERE id BETWEEN 7481970 AND 7482069 ORDER BY c
	Sort  (cost=391.75..391.99 rows=97 width=121)
	  Sort Key: c
	  ->  Index Scan using sbtest3_pkey on sbtest3  (cost=0.43..388.55 rows=97 width=121)
	        Index Cond: ((id >= 7481970) AND (id <= 7482069))

table 4 : explain SELECT c FROM sbtest4 WHERE id BETWEEN 1341267 AND 1341366 ORDER BY c
	Sort  (cost=415.44..415.70 rows=103 width=121)
	  Sort Key: c
	  ->  Index Scan using sbtest4_pkey on sbtest4  (cost=0.43..412.00 rows=103 width=121)
	        Index Cond: ((id >= 1341267) AND (id <= 1341366))

table 5 : explain SELECT c FROM sbtest5 WHERE id BETWEEN 585583 AND 585682 ORDER BY c
	Sort  (cost=399.91..400.15 rows=99 width=121)
	  Sort Key: c
	  ->  Index Scan using sbtest5_pkey on sbtest5  (cost=0.43..396.62 rows=99 width=121)
	        Index Cond: ((id >= 585583) AND (id <= 585682))

table 6 : explain SELECT c FROM sbtest6 WHERE id BETWEEN 3810589 AND 3810688 ORDER BY c
	Sort  (cost=419.33..419.59 rows=104 width=121)
	  Sort Key: c
	  ->  Index Scan using sbtest6_pkey on sbtest6  (cost=0.43..415.85 rows=104 width=121)
	        Index Cond: ((id >= 3810589) AND (id <= 3810688))

table 7 : explain SELECT c FROM sbtest7 WHERE id BETWEEN 9282119 AND 9282218 ORDER BY c
	Sort  (cost=407.67..407.92 rows=101 width=121)
	  Sort Key: c
	  ->  Index Scan using sbtest7_pkey on sbtest7  (cost=0.43..404.31 rows=101 width=121)
	        Index Cond: ((id >= 9282119) AND (id <= 9282218))

table 8 : explain SELECT c FROM sbtest8 WHERE id BETWEEN 3550647 AND 3550746 ORDER BY c
	Sort  (cost=374.29..374.53 rows=93 width=121)
	  Sort Key: c
	  ->  Index Scan using sbtest8_pkey on sbtest8  (cost=0.43..371.25 rows=93 width=121)
	        Index Cond: ((id >= 3550647) AND (id <= 3550746))

for point_selects
table 1 : explain SELECT c FROM sbtest1 WHERE id=7577194
	Index Scan using sbtest1_pkey on sbtest1  (cost=0.43..8.45 rows=1 width=121)
	  Index Cond: (id = 7577194)

table 2 : explain SELECT c FROM sbtest2 WHERE id=5601406
	Index Scan using sbtest2_pkey on sbtest2  (cost=0.43..8.45 rows=1 width=121)
	  Index Cond: (id = 5601406)

table 3 : explain SELECT c FROM sbtest3 WHERE id=4822656
	Index Scan using sbtest3_pkey on sbtest3  (cost=0.43..8.45 rows=1 width=121)
	  Index Cond: (id = 4822656)

table 4 : explain SELECT c FROM sbtest4 WHERE id=2935537
	Index Scan using sbtest4_pkey on sbtest4  (cost=0.43..8.45 rows=1 width=121)
	  Index Cond: (id = 2935537)

table 5 : explain SELECT c FROM sbtest5 WHERE id=4688364
	Index Scan using sbtest5_pkey on sbtest5  (cost=0.43..8.45 rows=1 width=121)
	  Index Cond: (id = 4688364)

table 6 : explain SELECT c FROM sbtest6 WHERE id=6410418
	Index Scan using sbtest6_pkey on sbtest6  (cost=0.43..8.45 rows=1 width=121)
	  Index Cond: (id = 6410418)

table 7 : explain SELECT c FROM sbtest7 WHERE id=4108531
	Index Scan using sbtest7_pkey on sbtest7  (cost=0.43..8.45 rows=1 width=121)
	  Index Cond: (id = 4108531)

table 8 : explain SELECT c FROM sbtest8 WHERE id=7405788
	Index Scan using sbtest8_pkey on sbtest8  (cost=0.43..8.45 rows=1 width=121)
	  Index Cond: (id = 7405788)

explain: for point_selects :: explain SELECT c FROM sbtest%u WHERE id=%u
for: distinct_ranges
table 1 : explain SELECT DISTINCT c FROM sbtest1 WHERE id BETWEEN 9057768 AND 9057867 ORDER BY c
	Unique  (cost=441.38..441.92 rows=109 width=121)
	  ->  Sort  (cost=441.38..441.65 rows=109 width=121)
	        Sort Key: c
	        ->  Index Scan using sbtest1_pkey on sbtest1  (cost=0.43..437.69 rows=109 width=121)
	              Index Cond: ((id >= 9057768) AND (id <= 9057867))

table 2 : explain SELECT DISTINCT c FROM sbtest2 WHERE id BETWEEN 8478844 AND 8478943 ORDER BY c
	Unique  (cost=376.51..376.97 rows=93 width=121)
	  ->  Sort  (cost=376.51..376.74 rows=93 width=121)
	        Sort Key: c
	        ->  Index Scan using sbtest2_pkey on sbtest2  (cost=0.43..373.47 rows=93 width=121)
	              Index Cond: ((id >= 8478844) AND (id <= 8478943))

table 3 : explain SELECT DISTINCT c FROM sbtest3 WHERE id BETWEEN 101404 AND 101503 ORDER BY c
	Unique  (cost=387.75..388.23 rows=96 width=121)
	  ->  Sort  (cost=387.75..387.99 rows=96 width=121)
	        Sort Key: c
	        ->  Index Scan using sbtest3_pkey on sbtest3  (cost=0.43..384.59 rows=96 width=121)
	              Index Cond: ((id >= 101404) AND (id <= 101503))

table 4 : explain SELECT DISTINCT c FROM sbtest4 WHERE id BETWEEN 5730185 AND 5730284 ORDER BY c
	Unique  (cost=387.45..387.93 rows=96 width=121)
	  ->  Sort  (cost=387.45..387.69 rows=96 width=121)
	        Sort Key: c
	        ->  Index Scan using sbtest4_pkey on sbtest4  (cost=0.43..384.29 rows=96 width=121)
	              Index Cond: ((id >= 5730185) AND (id <= 5730284))

table 5 : explain SELECT DISTINCT c FROM sbtest5 WHERE id BETWEEN 1696737 AND 1696836 ORDER BY c
	Unique  (cost=447.92..448.48 rows=111 width=121)
	  ->  Sort  (cost=447.92..448.20 rows=111 width=121)
	        Sort Key: c
	        ->  Index Scan using sbtest5_pkey on sbtest5  (cost=0.43..444.15 rows=111 width=121)
	              Index Cond: ((id >= 1696737) AND (id <= 1696836))

table 6 : explain SELECT DISTINCT c FROM sbtest6 WHERE id BETWEEN 8119192 AND 8119291 ORDER BY c
	Unique  (cost=391.35..391.83 rows=97 width=121)
	  ->  Sort  (cost=391.35..391.59 rows=97 width=121)
	        Sort Key: c
	        ->  Index Scan using sbtest6_pkey on sbtest6  (cost=0.43..388.15 rows=97 width=121)
	              Index Cond: ((id >= 8119192) AND (id <= 8119291))

table 7 : explain SELECT DISTINCT c FROM sbtest7 WHERE id BETWEEN 9464517 AND 9464616 ORDER BY c
	Unique  (cost=391.67..392.16 rows=97 width=121)
	  ->  Sort  (cost=391.67..391.92 rows=97 width=121)
	        Sort Key: c
	        ->  Index Scan using sbtest7_pkey on sbtest7  (cost=0.43..388.47 rows=97 width=121)
	              Index Cond: ((id >= 9464517) AND (id <= 9464616))

table 8 : explain SELECT DISTINCT c FROM sbtest8 WHERE id BETWEEN 2896361 AND 2896460 ORDER BY c
	Unique  (cost=406.18..406.69 rows=101 width=121)
	  ->  Sort  (cost=406.18..406.43 rows=101 width=121)
	        Sort Key: c
	        ->  Index Scan using sbtest8_pkey on sbtest8  (cost=0.43..402.82 rows=101 width=121)
	              Index Cond: ((id >= 2896361) AND (id <= 2896460))

explain: for point_selects :: explain SELECT c FROM sbtest%u WHERE id=%u
explain: for point_selects :: explain SELECT c FROM sbtest%u WHERE id=%u
for: distinct_ranges
table 1 : explain SELECT DISTINCT c FROM sbtest1 WHERE id BETWEEN 1738020 AND 1738119 ORDER BY c
	Unique  (cost=373.12..373.58 rows=92 width=121)
	  ->  Sort  (cost=373.12..373.35 rows=92 width=121)
	        Sort Key: c
	        ->  Index Scan using sbtest1_pkey on sbtest1  (cost=0.43..370.12 rows=92 width=121)
	              Index Cond: ((id >= 1738020) AND (id <= 1738119))

table 2 : explain SELECT DISTINCT c FROM sbtest2 WHERE id BETWEEN 2135483 AND 2135582 ORDER BY c
	Unique  (cost=372.50..372.96 rows=92 width=121)
	  ->  Sort  (cost=372.50..372.73 rows=92 width=121)
	        Sort Key: c
	        ->  Index Scan using sbtest2_pkey on sbtest2  (cost=0.43..369.50 rows=92 width=121)
	              Index Cond: ((id >= 2135483) AND (id <= 2135582))

table 3 : explain SELECT DISTINCT c FROM sbtest3 WHERE id BETWEEN 6669347 AND 6669446 ORDER BY c
	Unique  (cost=423.76..424.28 rows=105 width=121)
	  ->  Sort  (cost=423.76..424.02 rows=105 width=121)
	        Sort Key: c
	        ->  Index Scan using sbtest3_pkey on sbtest3  (cost=0.43..420.23 rows=105 width=121)
	              Index Cond: ((id >= 6669347) AND (id <= 6669446))

table 4 : explain SELECT DISTINCT c FROM sbtest4 WHERE id BETWEEN 2561951 AND 2562050 ORDER BY c
	Unique  (cost=395.44..395.93 rows=98 width=121)
	  ->  Sort  (cost=395.44..395.69 rows=98 width=121)
	        Sort Key: c
	        ->  Index Scan using sbtest4_pkey on sbtest4  (cost=0.43..392.20 rows=98 width=121)
	              Index Cond: ((id >= 2561951) AND (id <= 2562050))

table 5 : explain SELECT DISTINCT c FROM sbtest5 WHERE id BETWEEN 1156579 AND 1156678 ORDER BY c
	Unique  (cost=399.91..400.40 rows=99 width=121)
	  ->  Sort  (cost=399.91..400.15 rows=99 width=121)
	        Sort Key: c
	        ->  Index Scan using sbtest5_pkey on sbtest5  (cost=0.43..396.62 rows=99 width=121)
	              Index Cond: ((id >= 1156579) AND (id <= 1156678))

table 6 : explain SELECT DISTINCT c FROM sbtest6 WHERE id BETWEEN 3246567 AND 3246666 ORDER BY c
	Unique  (cost=383.36..383.83 rows=95 width=121)
	  ->  Sort  (cost=383.36..383.59 rows=95 width=121)
	        Sort Key: c
	        ->  Index Scan using sbtest6_pkey on sbtest6  (cost=0.43..380.24 rows=95 width=121)
	              Index Cond: ((id >= 3246567) AND (id <= 3246666))

table 7 : explain SELECT DISTINCT c FROM sbtest7 WHERE id BETWEEN 7604845 AND 7604944 ORDER BY c
	Unique  (cost=423.66..424.19 rows=105 width=121)
	  ->  Sort  (cost=423.66..423.92 rows=105 width=121)
	        Sort Key: c
	        ->  Index Scan using sbtest7_pkey on sbtest7  (cost=0.43..420.14 rows=105 width=121)
	              Index Cond: ((id >= 7604845) AND (id <= 7604944))

table 8 : explain SELECT DISTINCT c FROM sbtest8 WHERE id BETWEEN 482134 AND 482233 ORDER BY c
	Unique  (cost=422.11..422.64 rows=105 width=121)
	  ->  Sort  (cost=422.11..422.38 rows=105 width=121)
	        Sort Key: c
	        ->  Index Scan using sbtest8_pkey on sbtest8  (cost=0.43..418.59 rows=105 width=121)
	              Index Cond: ((id >= 482134) AND (id <= 482233))

for: sum_ranges
table 1 : explain SELECT SUM(k) FROM sbtest1 WHERE id BETWEEN 4135351 AND 4135450
	Aggregate  (cost=406.15..406.16 rows=1 width=8)
	  ->  Index Scan using sbtest1_pkey on sbtest1  (cost=0.43..405.90 rows=101 width=4)
	        Index Cond: ((id >= 4135351) AND (id <= 4135450))

table 2 : explain SELECT SUM(k) FROM sbtest2 WHERE id BETWEEN 150238 AND 150337
	Aggregate  (cost=397.52..397.53 rows=1 width=8)
	  ->  Index Scan using sbtest2_pkey on sbtest2  (cost=0.43..397.27 rows=99 width=4)
	        Index Cond: ((id >= 150238) AND (id <= 150337))

table 3 : explain SELECT SUM(k) FROM sbtest3 WHERE id BETWEEN 3799168 AND 3799267
	Aggregate  (cost=404.65..404.66 rows=1 width=8)
	  ->  Index Scan using sbtest3_pkey on sbtest3  (cost=0.43..404.40 rows=101 width=4)
	        Index Cond: ((id >= 3799168) AND (id <= 3799267))

table 4 : explain SELECT SUM(k) FROM sbtest4 WHERE id BETWEEN 5900468 AND 5900567
	Aggregate  (cost=360.78..360.79 rows=1 width=8)
	  ->  Index Scan using sbtest4_pkey on sbtest4  (cost=0.43..360.56 rows=90 width=4)
	        Index Cond: ((id >= 5900468) AND (id <= 5900567))

table 5 : explain SELECT SUM(k) FROM sbtest5 WHERE id BETWEEN 1343429 AND 1343528
	Aggregate  (cost=369.12..369.13 rows=1 width=8)
	  ->  Index Scan using sbtest5_pkey on sbtest5  (cost=0.43..368.89 rows=92 width=4)
	        Index Cond: ((id >= 1343429) AND (id <= 1343528))

table 6 : explain SELECT SUM(k) FROM sbtest6 WHERE id BETWEEN 7965964 AND 7966063
	Aggregate  (cost=388.39..388.40 rows=1 width=8)
	  ->  Index Scan using sbtest6_pkey on sbtest6  (cost=0.43..388.15 rows=97 width=4)
	        Index Cond: ((id >= 7965964) AND (id <= 7966063))

table 7 : explain SELECT SUM(k) FROM sbtest7 WHERE id BETWEEN 9661690 AND 9661789
	Aggregate  (cost=463.97..463.98 rows=1 width=8)
	  ->  Index Scan using sbtest7_pkey on sbtest7  (cost=0.43..463.68 rows=116 width=4)
	        Index Cond: ((id >= 9661690) AND (id <= 9661789))

table 8 : explain SELECT SUM(k) FROM sbtest8 WHERE id BETWEEN 9413053 AND 9413152
	Aggregate  (cost=414.91..414.92 rows=1 width=8)
	  ->  Index Scan using sbtest8_pkey on sbtest8  (cost=0.43..414.65 rows=104 width=4)
	        Index Cond: ((id >= 9413053) AND (id <= 9413152))

for: order_ranges
table 1 : explain SELECT c FROM sbtest1 WHERE id BETWEEN 552279 AND 552378 ORDER BY c
	Sort  (cost=433.35..433.61 rows=107 width=121)
	  Sort Key: c
	  ->  Index Scan using sbtest1_pkey on sbtest1  (cost=0.43..429.74 rows=107 width=121)
	        Index Cond: ((id >= 552279) AND (id <= 552378))

table 2 : explain SELECT c FROM sbtest2 WHERE id BETWEEN 1422105 AND 1422204 ORDER BY c
	Sort  (cost=400.55..400.80 rows=99 width=121)
	  Sort Key: c
	  ->  Index Scan using sbtest2_pkey on sbtest2  (cost=0.43..397.27 rows=99 width=121)
	        Index Cond: ((id >= 1422105) AND (id <= 1422204))

table 3 : explain SELECT c FROM sbtest3 WHERE id BETWEEN 858161 AND 858260 ORDER BY c
	Sort  (cost=419.76..420.02 rows=104 width=121)
	  Sort Key: c
	  ->  Index Scan using sbtest3_pkey on sbtest3  (cost=0.43..416.28 rows=104 width=121)
	        Index Cond: ((id >= 858161) AND (id <= 858260))

table 4 : explain SELECT c FROM sbtest4 WHERE id BETWEEN 3215890 AND 3215989 ORDER BY c
	Sort  (cost=395.44..395.69 rows=98 width=121)
	  Sort Key: c
	  ->  Index Scan using sbtest4_pkey on sbtest4  (cost=0.43..392.20 rows=98 width=121)
	        Index Cond: ((id >= 3215890) AND (id <= 3215989))

table 5 : explain SELECT c FROM sbtest5 WHERE id BETWEEN 1243925 AND 1244024 ORDER BY c
	Sort  (cost=403.91..404.16 rows=100 width=121)
	  Sort Key: c
	  ->  Index Scan using sbtest5_pkey on sbtest5  (cost=0.43..400.58 rows=100 width=121)
	        Index Cond: ((id >= 1243925) AND (id <= 1244024))

table 6 : explain SELECT c FROM sbtest6 WHERE id BETWEEN 8152850 AND 8152949 ORDER BY c
	Sort  (cost=391.35..391.59 rows=97 width=121)
	  Sort Key: c
	  ->  Index Scan using sbtest6_pkey on sbtest6  (cost=0.43..388.15 rows=97 width=121)
	        Index Cond: ((id >= 8152850) AND (id <= 8152949))

table 7 : explain SELECT c FROM sbtest7 WHERE id BETWEEN 7248093 AND 7248192 ORDER BY c
	Sort  (cost=391.67..391.92 rows=97 width=121)
	  Sort Key: c
	  ->  Index Scan using sbtest7_pkey on sbtest7  (cost=0.43..388.47 rows=97 width=121)
	        Index Cond: ((id >= 7248093) AND (id <= 7248192))

table 8 : explain SELECT c FROM sbtest8 WHERE id BETWEEN 2605295 AND 2605394 ORDER BY c
	Sort  (cost=374.29..374.53 rows=93 width=121)
	  Sort Key: c
	  ->  Index Scan using sbtest8_pkey on sbtest8  (cost=0.43..371.25 rows=93 width=121)
	        Index Cond: ((id >= 2605295) AND (id <= 2605394))

for: simple_ranges
table 1 : explain SELECT c FROM sbtest1 WHERE id BETWEEN 4985684 AND 4985783
	Index Scan using sbtest1_pkey on sbtest1  (cost=0.43..421.79 rows=105 width=121)
	  Index Cond: ((id >= 4985684) AND (id <= 4985783))

table 2 : explain SELECT c FROM sbtest2 WHERE id BETWEEN 7551148 AND 7551247
	Index Scan using sbtest2_pkey on sbtest2  (cost=0.43..369.50 rows=92 width=121)
	  Index Cond: ((id >= 7551148) AND (id <= 7551247))

table 3 : explain SELECT c FROM sbtest3 WHERE id BETWEEN 2846932 AND 2847031
	Index Scan using sbtest3_pkey on sbtest3  (cost=0.43..388.55 rows=97 width=121)
	  Index Cond: ((id >= 2846932) AND (id <= 2847031))

table 4 : explain SELECT c FROM sbtest4 WHERE id BETWEEN 303685 AND 303784
	Index Scan using sbtest4_pkey on sbtest4  (cost=0.43..352.64 rows=88 width=121)
	  Index Cond: ((id >= 303685) AND (id <= 303784))

table 5 : explain SELECT c FROM sbtest5 WHERE id BETWEEN 1592016 AND 1592115
	Index Scan using sbtest5_pkey on sbtest5  (cost=0.43..404.54 rows=101 width=121)
	  Index Cond: ((id >= 1592016) AND (id <= 1592115))

table 6 : explain SELECT c FROM sbtest6 WHERE id BETWEEN 1622160 AND 1622259
	Index Scan using sbtest6_pkey on sbtest6  (cost=0.43..376.28 rows=94 width=121)
	  Index Cond: ((id >= 1622160) AND (id <= 1622259))

table 7 : explain SELECT c FROM sbtest7 WHERE id BETWEEN 3345909 AND 3346008
	Index Scan using sbtest7_pkey on sbtest7  (cost=0.43..424.10 rows=106 width=121)
	  Index Cond: ((id >= 3345909) AND (id <= 3346008))

table 8 : explain SELECT c FROM sbtest8 WHERE id BETWEEN 9324183 AND 9324282
	Index Scan using sbtest8_pkey on sbtest8  (cost=0.43..363.37 rows=91 width=121)
	  Index Cond: ((id >= 9324183) AND (id <= 9324282))

for: simple_ranges
table 1 : explain SELECT c FROM sbtest1 WHERE id BETWEEN 8174921 AND 8175020
	Index Scan using sbtest1_pkey on sbtest1  (cost=0.43..366.14 rows=91 width=121)
	  Index Cond: ((id >= 8174921) AND (id <= 8175020))

table 2 : explain SELECT c FROM sbtest2 WHERE id BETWEEN 7663585 AND 7663684
	Index Scan using sbtest2_pkey on sbtest2  (cost=0.43..440.92 rows=110 width=121)
	  Index Cond: ((id >= 7663585) AND (id <= 7663684))

table 3 : explain SELECT c FROM sbtest3 WHERE id BETWEEN 4555956 AND 4556055
	Index Scan using sbtest3_pkey on sbtest3  (cost=0.43..400.44 rows=100 width=121)
	  Index Cond: ((id >= 4555956) AND (id <= 4556055))

table 4 : explain SELECT c FROM sbtest4 WHERE id BETWEEN 2835877 AND 2835976
	Index Scan using sbtest4_pkey on sbtest4  (cost=0.43..396.17 rows=99 width=121)
	  Index Cond: ((id >= 2835877) AND (id <= 2835976))

table 5 : explain SELECT c FROM sbtest5 WHERE id BETWEEN 7141116 AND 7141215
	Index Scan using sbtest5_pkey on sbtest5  (cost=0.43..400.58 rows=100 width=121)
	  Index Cond: ((id >= 7141116) AND (id <= 7141215))

table 6 : explain SELECT c FROM sbtest6 WHERE id BETWEEN 1377649 AND 1377748
	Index Scan using sbtest6_pkey on sbtest6  (cost=0.43..392.12 rows=98 width=121)
	  Index Cond: ((id >= 1377649) AND (id <= 1377748))

table 7 : explain SELECT c FROM sbtest7 WHERE id BETWEEN 6432053 AND 6432152
	Index Scan using sbtest7_pkey on sbtest7  (cost=0.43..368.67 rows=92 width=121)
	  Index Cond: ((id >= 6432053) AND (id <= 6432152))

table 8 : explain SELECT c FROM sbtest8 WHERE id BETWEEN 6715123 AND 6715222
	Index Scan using sbtest8_pkey on sbtest8  (cost=0.43..414.65 rows=104 width=121)
	  Index Cond: ((id >= 6715123) AND (id <= 6715222))

for point_selects
table 1 : explain SELECT c FROM sbtest1 WHERE id=5471056
	Index Scan using sbtest1_pkey on sbtest1  (cost=0.43..8.45 rows=1 width=121)
	  Index Cond: (id = 5471056)

table 2 : explain SELECT c FROM sbtest2 WHERE id=3540072
	Index Scan using sbtest2_pkey on sbtest2  (cost=0.43..8.45 rows=1 width=121)
	  Index Cond: (id = 3540072)

table 3 : explain SELECT c FROM sbtest3 WHERE id=826320
	Index Scan using sbtest3_pkey on sbtest3  (cost=0.43..8.45 rows=1 width=121)
	  Index Cond: (id = 826320)

table 4 : explain SELECT c FROM sbtest4 WHERE id=5775743
	Index Scan using sbtest4_pkey on sbtest4  (cost=0.43..8.45 rows=1 width=121)
	  Index Cond: (id = 5775743)

table 5 : explain SELECT c FROM sbtest5 WHERE id=2134322
	Index Scan using sbtest5_pkey on sbtest5  (cost=0.43..8.45 rows=1 width=121)
	  Index Cond: (id = 2134322)

table 6 : explain SELECT c FROM sbtest6 WHERE id=4782562
	Index Scan using sbtest6_pkey on sbtest6  (cost=0.43..8.45 rows=1 width=121)
	  Index Cond: (id = 4782562)

table 7 : explain SELECT c FROM sbtest7 WHERE id=3480171
	Index Scan using sbtest7_pkey on sbtest7  (cost=0.43..8.45 rows=1 width=121)
	  Index Cond: (id = 3480171)

table 8 : explain SELECT c FROM sbtest8 WHERE id=7535512
	Index Scan using sbtest8_pkey on sbtest8  (cost=0.43..8.45 rows=1 width=121)
	  Index Cond: (id = 7535512)

for: distinct_ranges
table 1 : explain SELECT DISTINCT c FROM sbtest1 WHERE id BETWEEN 5341381 AND 5341480 ORDER BY c
	Unique  (cost=413.27..413.78 rows=102 width=121)
	  ->  Sort  (cost=413.27..413.53 rows=102 width=121)
	        Sort Key: c
	        ->  Index Scan using sbtest1_pkey on sbtest1  (cost=0.43..409.87 rows=102 width=121)
	              Index Cond: ((id >= 5341381) AND (id <= 5341480))

table 2 : explain SELECT DISTINCT c FROM sbtest2 WHERE id BETWEEN 3520563 AND 3520662 ORDER BY c
	Unique  (cost=428.62..429.15 rows=106 width=121)
	  ->  Sort  (cost=428.62..428.89 rows=106 width=121)
	        Sort Key: c
	        ->  Index Scan using sbtest2_pkey on sbtest2  (cost=0.43..425.06 rows=106 width=121)
	              Index Cond: ((id >= 3520563) AND (id <= 3520662))

table 3 : explain SELECT DISTINCT c FROM sbtest3 WHERE id BETWEEN 6586914 AND 6587013 ORDER BY c
	Unique  (cost=395.75..396.24 rows=98 width=121)
	  ->  Sort  (cost=395.75..395.99 rows=98 width=121)
	        Sort Key: c
	        ->  Index Scan using sbtest3_pkey on sbtest3  (cost=0.43..392.51 rows=98 width=121)
	              Index Cond: ((id >= 6586914) AND (id <= 6587013))

table 4 : explain SELECT DISTINCT c FROM sbtest4 WHERE id BETWEEN 3148257 AND 3148356 ORDER BY c
	Unique  (cost=423.43..423.96 rows=105 width=121)
	  ->  Sort  (cost=423.43..423.70 rows=105 width=121)
	        Sort Key: c
	        ->  Index Scan using sbtest4_pkey on sbtest4  (cost=0.43..419.91 rows=105 width=121)
	              Index Cond: ((id >= 3148257) AND (id <= 3148356))

table 5 : explain SELECT DISTINCT c FROM sbtest5 WHERE id BETWEEN 9002605 AND 9002704 ORDER BY c
	Unique  (cost=419.91..420.43 rows=104 width=121)
	  ->  Sort  (cost=419.91..420.17 rows=104 width=121)
	        Sort Key: c
	        ->  Index Scan using sbtest5_pkey on sbtest5  (cost=0.43..416.43 rows=104 width=121)
	              Index Cond: ((id >= 9002605) AND (id <= 9002704))

table 6 : explain SELECT DISTINCT c FROM sbtest6 WHERE id BETWEEN 1643018 AND 1643117 ORDER BY c
	Unique  (cost=379.36..379.83 rows=94 width=121)
	  ->  Sort  (cost=379.36..379.60 rows=94 width=121)
	        Sort Key: c
	        ->  Index Scan using sbtest6_pkey on sbtest6  (cost=0.43..376.28 rows=94 width=121)
	              Index Cond: ((id >= 1643018) AND (id <= 1643117))

table 7 : explain SELECT DISTINCT c FROM sbtest7 WHERE id BETWEEN 4225608 AND 4225707 ORDER BY c
	Unique  (cost=383.66..384.14 rows=95 width=121)
	  ->  Sort  (cost=383.66..383.90 rows=95 width=121)
	        Sort Key: c
	        ->  Index Scan using sbtest7_pkey on sbtest7  (cost=0.43..380.54 rows=95 width=121)
	              Index Cond: ((id >= 4225608) AND (id <= 4225707))

table 8 : explain SELECT DISTINCT c FROM sbtest8 WHERE id BETWEEN 1372504 AND 1372603 ORDER BY c
	Unique  (cost=402.20..402.70 rows=100 width=121)
	  ->  Sort  (cost=402.20..402.45 rows=100 width=121)
	        Sort Key: c
	        ->  Index Scan using sbtest8_pkey on sbtest8  (cost=0.43..398.87 rows=100 width=121)
	              Index Cond: ((id >= 1372504) AND (id <= 1372603))

explain: for point_selects :: explain SELECT c FROM sbtest%u WHERE id=%u
for point_selects
table 1 : explain SELECT c FROM sbtest1 WHERE id=5256571
	Index Scan using sbtest1_pkey on sbtest1  (cost=0.43..8.45 rows=1 width=121)
	  Index Cond: (id = 5256571)

table 2 : explain SELECT c FROM sbtest2 WHERE id=793493
	Index Scan using sbtest2_pkey on sbtest2  (cost=0.43..8.45 rows=1 width=121)
	  Index Cond: (id = 793493)

table 3 : explain SELECT c FROM sbtest3 WHERE id=6513122
	Index Scan using sbtest3_pkey on sbtest3  (cost=0.43..8.45 rows=1 width=121)
	  Index Cond: (id = 6513122)

table 4 : explain SELECT c FROM sbtest4 WHERE id=9564147
	Index Scan using sbtest4_pkey on sbtest4  (cost=0.43..8.45 rows=1 width=121)
	  Index Cond: (id = 9564147)

table 5 : explain SELECT c FROM sbtest5 WHERE id=6133180
	Index Scan using sbtest5_pkey on sbtest5  (cost=0.43..8.45 rows=1 width=121)
	  Index Cond: (id = 6133180)

table 6 : explain SELECT c FROM sbtest6 WHERE id=7687896
	Index Scan using sbtest6_pkey on sbtest6  (cost=0.43..8.45 rows=1 width=121)
	  Index Cond: (id = 7687896)

table 7 : explain SELECT c FROM sbtest7 WHERE id=5864008
	Index Scan using sbtest7_pkey on sbtest7  (cost=0.43..8.45 rows=1 width=121)
	  Index Cond: (id = 5864008)

table 8 : explain SELECT c FROM sbtest8 WHERE id=7946681
	Index Scan using sbtest8_pkey on sbtest8  (cost=0.43..8.45 rows=1 width=121)
	  Index Cond: (id = 7946681)

for: sum_ranges
table 1 : explain SELECT SUM(k) FROM sbtest1 WHERE id BETWEEN 9260747 AND 9260846
	Aggregate  (cost=418.08..418.09 rows=1 width=8)
	  ->  Index Scan using sbtest1_pkey on sbtest1  (cost=0.43..417.82 rows=104 width=4)
	        Index Cond: ((id >= 9260747) AND (id <= 9260846))

table 2 : explain SELECT SUM(k) FROM sbtest2 WHERE id BETWEEN 4300183 AND 4300282
	Aggregate  (cost=361.79..361.80 rows=1 width=8)
	  ->  Index Scan using sbtest2_pkey on sbtest2  (cost=0.43..361.57 rows=90 width=4)
	        Index Cond: ((id >= 4300183) AND (id <= 4300282))

table 3 : explain SELECT SUM(k) FROM sbtest3 WHERE id BETWEEN 3276563 AND 3276662
	Aggregate  (cost=392.75..392.76 rows=1 width=8)
	  ->  Index Scan using sbtest3_pkey on sbtest3  (cost=0.43..392.51 rows=98 width=4)
	        Index Cond: ((id >= 3276563) AND (id <= 3276662))

table 4 : explain SELECT SUM(k) FROM sbtest4 WHERE id BETWEEN 9447560 AND 9447659
	Aggregate  (cost=416.21..416.22 rows=1 width=8)
	  ->  Index Scan using sbtest4_pkey on sbtest4  (cost=0.43..415.95 rows=104 width=4)
	        Index Cond: ((id >= 9447560) AND (id <= 9447659))

table 5 : explain SELECT SUM(k) FROM sbtest5 WHERE id BETWEEN 6746481 AND 6746580
	Aggregate  (cost=388.93..388.94 rows=1 width=8)
	  ->  Index Scan using sbtest5_pkey on sbtest5  (cost=0.43..388.69 rows=97 width=4)
	        Index Cond: ((id >= 6746481) AND (id <= 6746580))

table 6 : explain SELECT SUM(k) FROM sbtest6 WHERE id BETWEEN 5653364 AND 5653463
	Aggregate  (cost=424.02..424.03 rows=1 width=8)
	  ->  Index Scan using sbtest6_pkey on sbtest6  (cost=0.43..423.76 rows=106 width=4)
	        Index Cond: ((id >= 5653364) AND (id <= 5653463))

table 7 : explain SELECT SUM(k) FROM sbtest7 WHERE id BETWEEN 80197 AND 80296
	Aggregate  (cost=372.86..372.87 rows=1 width=8)
	  ->  Index Scan using sbtest7_pkey on sbtest7  (cost=0.43..372.63 rows=93 width=4)
	        Index Cond: ((id >= 80197) AND (id <= 80296))

table 8 : explain SELECT SUM(k) FROM sbtest8 WHERE id BETWEEN 487711 AND 487810
	Aggregate  (cost=418.85..418.86 rows=1 width=8)
	  ->  Index Scan using sbtest8_pkey on sbtest8  (cost=0.43..418.59 rows=105 width=4)
	        Index Cond: ((id >= 487711) AND (id <= 487810))

for: order_ranges
table 1 : explain SELECT c FROM sbtest1 WHERE id BETWEEN 6048385 AND 6048484 ORDER BY c
	Sort  (cost=405.23..405.48 rows=100 width=121)
	  Sort Key: c
	  ->  Index Scan using sbtest1_pkey on sbtest1  (cost=0.43..401.91 rows=100 width=121)
	        Index Cond: ((id >= 6048385) AND (id <= 6048484))

table 2 : explain SELECT c FROM sbtest2 WHERE id BETWEEN 7926770 AND 7926869 ORDER BY c
	Sort  (cost=400.55..400.80 rows=99 width=121)
	  Sort Key: c
	  ->  Index Scan using sbtest2_pkey on sbtest2  (cost=0.43..397.27 rows=99 width=121)
	        Index Cond: ((id >= 7926770) AND (id <= 7926869))

table 3 : explain SELECT c FROM sbtest3 WHERE id BETWEEN 6944758 AND 6944857 ORDER BY c
	Sort  (cost=379.75..379.99 rows=94 width=121)
	  Sort Key: c
	  ->  Index Scan using sbtest3_pkey on sbtest3  (cost=0.43..376.67 rows=94 width=121)
	        Index Cond: ((id >= 6944758) AND (id <= 6944857))

table 4 : explain SELECT c FROM sbtest4 WHERE id BETWEEN 2350715 AND 2350814 ORDER BY c
	Sort  (cost=403.45..403.70 rows=100 width=121)
	  Sort Key: c
	  ->  Index Scan using sbtest4_pkey on sbtest4  (cost=0.43..400.13 rows=100 width=121)
	        Index Cond: ((id >= 2350715) AND (id <= 2350814))

table 5 : explain SELECT c FROM sbtest5 WHERE id BETWEEN 3376792 AND 3376891 ORDER BY c
	Sort  (cost=447.92..448.20 rows=111 width=121)
	  Sort Key: c
	  ->  Index Scan using sbtest5_pkey on sbtest5  (cost=0.43..444.15 rows=111 width=121)
	        Index Cond: ((id >= 3376792) AND (id <= 3376891))

table 6 : explain SELECT c FROM sbtest6 WHERE id BETWEEN 518359 AND 518458 ORDER BY c
	Sort  (cost=351.40..351.62 rows=87 width=121)
	  Sort Key: c
	  ->  Index Scan using sbtest6_pkey on sbtest6  (cost=0.43..348.60 rows=87 width=121)
	        Index Cond: ((id >= 518359) AND (id <= 518458))

table 7 : explain SELECT c FROM sbtest7 WHERE id BETWEEN 1996088 AND 1996187 ORDER BY c
	Sort  (cost=411.67..411.92 rows=102 width=121)
	  Sort Key: c
	  ->  Index Scan using sbtest7_pkey on sbtest7  (cost=0.43..408.26 rows=102 width=121)
	        Index Cond: ((id >= 1996088) AND (id <= 1996187))

table 8 : explain SELECT c FROM sbtest8 WHERE id BETWEEN 2994676 AND 2994775 ORDER BY c
	Sort  (cost=394.23..394.47 rows=98 width=121)
	  Sort Key: c
	  ->  Index Scan using sbtest8_pkey on sbtest8  (cost=0.43..390.99 rows=98 width=121)
	        Index Cond: ((id >= 2994676) AND (id <= 2994775))

for point_selects
table 1 : explain SELECT c FROM sbtest1 WHERE id=8534299
	Index Scan using sbtest1_pkey on sbtest1  (cost=0.43..8.45 rows=1 width=121)
	  Index Cond: (id = 8534299)

table 2 : explain SELECT c FROM sbtest2 WHERE id=1155534
	Index Scan using sbtest2_pkey on sbtest2  (cost=0.43..8.45 rows=1 width=121)
	  Index Cond: (id = 1155534)

table 3 : explain SELECT c FROM sbtest3 WHERE id=7727567
	Index Scan using sbtest3_pkey on sbtest3  (cost=0.43..8.45 rows=1 width=121)
	  Index Cond: (id = 7727567)

table 4 : explain SELECT c FROM sbtest4 WHERE id=4012592
	Index Scan using sbtest4_pkey on sbtest4  (cost=0.43..8.45 rows=1 width=121)
	  Index Cond: (id = 4012592)

table 5 : explain SELECT c FROM sbtest5 WHERE id=6340459
	Index Scan using sbtest5_pkey on sbtest5  (cost=0.43..8.45 rows=1 width=121)
	  Index Cond: (id = 6340459)

table 6 : explain SELECT c FROM sbtest6 WHERE id=7433336
	Index Scan using sbtest6_pkey on sbtest6  (cost=0.43..8.45 rows=1 width=121)
	  Index Cond: (id = 7433336)

table 7 : explain SELECT c FROM sbtest7 WHERE id=643152
	Index Scan using sbtest7_pkey on sbtest7  (cost=0.43..8.45 rows=1 width=121)
	  Index Cond: (id = 643152)

table 8 : explain SELECT c FROM sbtest8 WHERE id=7897144
	Index Scan using sbtest8_pkey on sbtest8  (cost=0.43..8.45 rows=1 width=121)
	  Index Cond: (id = 7897144)

for point_selects
table 1 : explain SELECT c FROM sbtest1 WHERE id=3867402
	Index Scan using sbtest1_pkey on sbtest1  (cost=0.43..8.45 rows=1 width=121)
	  Index Cond: (id = 3867402)

table 2 : explain SELECT c FROM sbtest2 WHERE id=9967475
	Index Scan using sbtest2_pkey on sbtest2  (cost=0.43..8.45 rows=1 width=121)
	  Index Cond: (id = 9967475)

table 3 : explain SELECT c FROM sbtest3 WHERE id=9952186
	Index Scan using sbtest3_pkey on sbtest3  (cost=0.43..8.45 rows=1 width=121)
	  Index Cond: (id = 9952186)

table 4 : explain SELECT c FROM sbtest4 WHERE id=4542537
	Index Scan using sbtest4_pkey on sbtest4  (cost=0.43..8.45 rows=1 width=121)
	  Index Cond: (id = 4542537)

table 5 : explain SELECT c FROM sbtest5 WHERE id=7287134
	Index Scan using sbtest5_pkey on sbtest5  (cost=0.43..8.45 rows=1 width=121)
	  Index Cond: (id = 7287134)

table 6 : explain SELECT c FROM sbtest6 WHERE id=5167999
	Index Scan using sbtest6_pkey on sbtest6  (cost=0.43..8.45 rows=1 width=121)
	  Index Cond: (id = 5167999)

table 7 : explain SELECT c FROM sbtest7 WHERE id=1663974
	Index Scan using sbtest7_pkey on sbtest7  (cost=0.43..8.45 rows=1 width=121)
	  Index Cond: (id = 1663974)

table 8 : explain SELECT c FROM sbtest8 WHERE id=4271308
	Index Scan using sbtest8_pkey on sbtest8  (cost=0.43..8.45 rows=1 width=121)
	  Index Cond: (id = 4271308)

explain: for point_selects :: explain SELECT c FROM sbtest%u WHERE id=%u
for: simple_ranges
table 1 : explain SELECT c FROM sbtest1 WHERE id BETWEEN 3562464 AND 3562563
	Index Scan using sbtest1_pkey on sbtest1  (cost=0.43..417.82 rows=104 width=121)
	  Index Cond: ((id >= 3562464) AND (id <= 3562563))

table 2 : explain SELECT c FROM sbtest2 WHERE id BETWEEN 7803968 AND 7804067
	Index Scan using sbtest2_pkey on sbtest2  (cost=0.43..365.53 rows=91 width=121)
	  Index Cond: ((id >= 7803968) AND (id <= 7804067))

table 3 : explain SELECT c FROM sbtest3 WHERE id BETWEEN 5423583 AND 5423682
	Index Scan using sbtest3_pkey on sbtest3  (cost=0.43..424.19 rows=106 width=121)
	  Index Cond: ((id >= 5423583) AND (id <= 5423682))

table 4 : explain SELECT c FROM sbtest4 WHERE id BETWEEN 4127828 AND 4127927
	Index Scan using sbtest4_pkey on sbtest4  (cost=0.43..408.04 rows=102 width=121)
	  Index Cond: ((id >= 4127828) AND (id <= 4127927))

table 5 : explain SELECT c FROM sbtest5 WHERE id BETWEEN 5013386 AND 5013485
	Index Scan using sbtest5_pkey on sbtest5  (cost=0.43..400.58 rows=100 width=121)
	  Index Cond: ((id >= 5013386) AND (id <= 5013485))

table 6 : explain SELECT c FROM sbtest6 WHERE id BETWEEN 4696143 AND 4696242
	Index Scan using sbtest6_pkey on sbtest6  (cost=0.43..403.98 rows=101 width=121)
	  Index Cond: ((id >= 4696143) AND (id <= 4696242))

table 7 : explain SELECT c FROM sbtest7 WHERE id BETWEEN 3020586 AND 3020685
	Index Scan using sbtest7_pkey on sbtest7  (cost=0.43..435.97 rows=109 width=121)
	  Index Cond: ((id >= 3020586) AND (id <= 3020685))

table 8 : explain SELECT c FROM sbtest8 WHERE id BETWEEN 9663461 AND 9663560
	Index Scan using sbtest8_pkey on sbtest8  (cost=0.43..434.36 rows=109 width=121)
	  Index Cond: ((id >= 9663461) AND (id <= 9663560))

for: order_ranges
table 1 : explain SELECT c FROM sbtest1 WHERE id BETWEEN 8180044 AND 8180143 ORDER BY c
	Sort  (cost=369.11..369.33 rows=91 width=121)
	  Sort Key: c
	  ->  Index Scan using sbtest1_pkey on sbtest1  (cost=0.43..366.14 rows=91 width=121)
	        Index Cond: ((id >= 8180044) AND (id <= 8180143))

table 2 : explain SELECT c FROM sbtest2 WHERE id BETWEEN 5340804 AND 5340903 ORDER BY c
	Sort  (cost=392.54..392.78 rows=97 width=121)
	  Sort Key: c
	  ->  Index Scan using sbtest2_pkey on sbtest2  (cost=0.43..389.34 rows=97 width=121)
	        Index Cond: ((id >= 5340804) AND (id <= 5340903))

table 3 : explain SELECT c FROM sbtest3 WHERE id BETWEEN 2171597 AND 2171696 ORDER BY c
	Sort  (cost=419.76..420.02 rows=104 width=121)
	  Sort Key: c
	  ->  Index Scan using sbtest3_pkey on sbtest3  (cost=0.43..416.28 rows=104 width=121)
	        Index Cond: ((id >= 2171597) AND (id <= 2171696))

table 4 : explain SELECT c FROM sbtest4 WHERE id BETWEEN 3231406 AND 3231505 ORDER BY c
	Sort  (cost=395.44..395.69 rows=98 width=121)
	  Sort Key: c
	  ->  Index Scan using sbtest4_pkey on sbtest4  (cost=0.43..392.20 rows=98 width=121)
	        Index Cond: ((id >= 3231406) AND (id <= 3231505))

table 5 : explain SELECT c FROM sbtest5 WHERE id BETWEEN 2657902 AND 2658001 ORDER BY c
	Sort  (cost=375.89..376.12 rows=93 width=121)
	  Sort Key: c
	  ->  Index Scan using sbtest5_pkey on sbtest5  (cost=0.43..372.85 rows=93 width=121)
	        Index Cond: ((id >= 2657902) AND (id <= 2658001))

table 6 : explain SELECT c FROM sbtest6 WHERE id BETWEEN 1245467 AND 1245566 ORDER BY c
	Sort  (cost=391.35..391.59 rows=97 width=121)
	  Sort Key: c
	  ->  Index Scan using sbtest6_pkey on sbtest6  (cost=0.43..388.15 rows=97 width=121)
	        Index Cond: ((id >= 1245467) AND (id <= 1245566))

table 7 : explain SELECT c FROM sbtest7 WHERE id BETWEEN 8687303 AND 8687402 ORDER BY c
	Sort  (cost=395.67..395.92 rows=98 width=121)
	  Sort Key: c
	  ->  Index Scan using sbtest7_pkey on sbtest7  (cost=0.43..392.43 rows=98 width=121)
	        Index Cond: ((id >= 8687303) AND (id <= 8687402))

table 8 : explain SELECT c FROM sbtest8 WHERE id BETWEEN 5618551 AND 5618650 ORDER BY c
	Sort  (cost=438.05..438.32 rows=109 width=121)
	  Sort Key: c
	  ->  Index Scan using sbtest8_pkey on sbtest8  (cost=0.43..434.36 rows=109 width=121)
	        Index Cond: ((id >= 5618551) AND (id <= 5618650))

for: simple_ranges
table 1 : explain SELECT c FROM sbtest1 WHERE id BETWEEN 9120695 AND 9120794
	Index Scan using sbtest1_pkey on sbtest1  (cost=0.43..425.77 rows=106 width=121)
	  Index Cond: ((id >= 9120695) AND (id <= 9120794))

table 2 : explain SELECT c FROM sbtest2 WHERE id BETWEEN 6184201 AND 6184300
	Index Scan using sbtest2_pkey on sbtest2  (cost=0.43..405.22 rows=101 width=121)
	  Index Cond: ((id >= 6184201) AND (id <= 6184300))

table 3 : explain SELECT c FROM sbtest3 WHERE id BETWEEN 793802 AND 793901
	Index Scan using sbtest3_pkey on sbtest3  (cost=0.43..400.44 rows=100 width=121)
	  Index Cond: ((id >= 793802) AND (id <= 793901))

table 4 : explain SELECT c FROM sbtest4 WHERE id BETWEEN 6693533 AND 6693632
	Index Scan using sbtest4_pkey on sbtest4  (cost=0.43..384.29 rows=96 width=121)
	  Index Cond: ((id >= 6693533) AND (id <= 6693632))

table 5 : explain SELECT c FROM sbtest5 WHERE id BETWEEN 3248289 AND 3248388
	Index Scan using sbtest5_pkey on sbtest5  (cost=0.43..396.62 rows=99 width=121)
	  Index Cond: ((id >= 3248289) AND (id <= 3248388))

table 6 : explain SELECT c FROM sbtest6 WHERE id BETWEEN 2201599 AND 2201698
	Index Scan using sbtest6_pkey on sbtest6  (cost=0.43..380.24 rows=95 width=121)
	  Index Cond: ((id >= 2201599) AND (id <= 2201698))

table 7 : explain SELECT c FROM sbtest7 WHERE id BETWEEN 3375524 AND 3375623
	Index Scan using sbtest7_pkey on sbtest7  (cost=0.43..424.10 rows=106 width=121)
	  Index Cond: ((id >= 3375524) AND (id <= 3375623))

table 8 : explain SELECT c FROM sbtest8 WHERE id BETWEEN 9203747 AND 9203846
	Index Scan using sbtest8_pkey on sbtest8  (cost=0.43..410.70 rows=103 width=121)
	  Index Cond: ((id >= 9203747) AND (id <= 9203846))

for: simple_ranges
table 1 : explain SELECT c FROM sbtest1 WHERE id BETWEEN 2095223 AND 2095322
	Index Scan using sbtest1_pkey on sbtest1  (cost=0.43..386.01 rows=96 width=121)
	  Index Cond: ((id >= 2095223) AND (id <= 2095322))

table 2 : explain SELECT c FROM sbtest2 WHERE id BETWEEN 1077714 AND 1077813
	Index Scan using sbtest2_pkey on sbtest2  (cost=0.43..409.19 rows=102 width=121)
	  Index Cond: ((id >= 1077714) AND (id <= 1077813))

table 3 : explain SELECT c FROM sbtest3 WHERE id BETWEEN 7923870 AND 7923969
	Index Scan using sbtest3_pkey on sbtest3  (cost=0.43..392.51 rows=98 width=121)
	  Index Cond: ((id >= 7923870) AND (id <= 7923969))

table 4 : explain SELECT c FROM sbtest4 WHERE id BETWEEN 3239702 AND 3239801
	Index Scan using sbtest4_pkey on sbtest4  (cost=0.43..392.20 rows=98 width=121)
	  Index Cond: ((id >= 3239702) AND (id <= 3239801))

table 5 : explain SELECT c FROM sbtest5 WHERE id BETWEEN 4264697 AND 4264796
	Index Scan using sbtest5_pkey on sbtest5  (cost=0.43..384.73 rows=96 width=121)
	  Index Cond: ((id >= 4264697) AND (id <= 4264796))

table 6 : explain SELECT c FROM sbtest6 WHERE id BETWEEN 9423927 AND 9424026
	Index Scan using sbtest6_pkey on sbtest6  (cost=0.43..400.03 rows=100 width=121)
	  Index Cond: ((id >= 9423927) AND (id <= 9424026))

table 7 : explain SELECT c FROM sbtest7 WHERE id BETWEEN 3082148 AND 3082247
	Index Scan using sbtest7_pkey on sbtest7  (cost=0.43..435.97 rows=109 width=121)
	  Index Cond: ((id >= 3082148) AND (id <= 3082247))

table 8 : explain SELECT c FROM sbtest8 WHERE id BETWEEN 2207983 AND 2208082
	Index Scan using sbtest8_pkey on sbtest8  (cost=0.43..410.70 rows=103 width=121)
	  Index Cond: ((id >= 2207983) AND (id <= 2208082))

for: sum_ranges
table 1 : explain SELECT SUM(k) FROM sbtest1 WHERE id BETWEEN 4871311 AND 4871410
	Aggregate  (cost=370.35..370.36 rows=1 width=8)
	  ->  Index Scan using sbtest1_pkey on sbtest1  (cost=0.43..370.12 rows=92 width=4)
	        Index Cond: ((id >= 4871311) AND (id <= 4871410))

table 2 : explain SELECT SUM(k) FROM sbtest2 WHERE id BETWEEN 9171456 AND 9171555
	Aggregate  (cost=413.41..413.42 rows=1 width=8)
	  ->  Index Scan using sbtest2_pkey on sbtest2  (cost=0.43..413.15 rows=103 width=4)
	        Index Cond: ((id >= 9171456) AND (id <= 9171555))

table 3 : explain SELECT SUM(k) FROM sbtest3 WHERE id BETWEEN 8693504 AND 8693603
	Aggregate  (cost=416.54..416.55 rows=1 width=8)
	  ->  Index Scan using sbtest3_pkey on sbtest3  (cost=0.43..416.28 rows=104 width=4)
	        Index Cond: ((id >= 8693504) AND (id <= 8693603))

table 4 : explain SELECT SUM(k) FROM sbtest4 WHERE id BETWEEN 1056054 AND 1056153
	Aggregate  (cost=372.65..372.66 rows=1 width=8)
	  ->  Index Scan using sbtest4_pkey on sbtest4  (cost=0.43..372.42 rows=93 width=4)
	        Index Cond: ((id >= 1056054) AND (id <= 1056153))

table 5 : explain SELECT SUM(k) FROM sbtest5 WHERE id BETWEEN 5330996 AND 5331095
	Aggregate  (cost=381.00..381.01 rows=1 width=8)
	  ->  Index Scan using sbtest5_pkey on sbtest5  (cost=0.43..380.77 rows=95 width=4)
	        Index Cond: ((id >= 5330996) AND (id <= 5331095))

table 6 : explain SELECT SUM(k) FROM sbtest6 WHERE id BETWEEN 6116940 AND 6117039
	Aggregate  (cost=439.85..439.86 rows=1 width=8)
	  ->  Index Scan using sbtest6_pkey on sbtest6  (cost=0.43..439.57 rows=110 width=4)
	        Index Cond: ((id >= 6116940) AND (id <= 6117039))

table 7 : explain SELECT SUM(k) FROM sbtest7 WHERE id BETWEEN 8931241 AND 8931340
	Aggregate  (cost=400.60..400.61 rows=1 width=8)
	  ->  Index Scan using sbtest7_pkey on sbtest7  (cost=0.43..400.35 rows=100 width=4)
	        Index Cond: ((id >= 8931241) AND (id <= 8931340))

table 8 : explain SELECT SUM(k) FROM sbtest8 WHERE id BETWEEN 8176836 AND 8176935
	Aggregate  (cost=438.58..438.59 rows=1 width=8)
	  ->  Index Scan using sbtest8_pkey on sbtest8  (cost=0.43..438.31 rows=110 width=4)
	        Index Cond: ((id >= 8176836) AND (id <= 8176935))

for: simple_ranges
table 1 : explain SELECT c FROM sbtest1 WHERE id BETWEEN 8550513 AND 8550612
	Index Scan using sbtest1_pkey on sbtest1  (cost=0.43..409.87 rows=102 width=121)
	  Index Cond: ((id >= 8550513) AND (id <= 8550612))

table 2 : explain SELECT c FROM sbtest2 WHERE id BETWEEN 3611593 AND 3611692
	Index Scan using sbtest2_pkey on sbtest2  (cost=0.43..417.12 rows=104 width=121)
	  Index Cond: ((id >= 3611593) AND (id <= 3611692))

table 3 : explain SELECT c FROM sbtest3 WHERE id BETWEEN 9076209 AND 9076308
	Index Scan using sbtest3_pkey on sbtest3  (cost=0.43..368.75 rows=92 width=121)
	  Index Cond: ((id >= 9076209) AND (id <= 9076308))

table 4 : explain SELECT c FROM sbtest4 WHERE id BETWEEN 2914964 AND 2915063
	Index Scan using sbtest4_pkey on sbtest4  (cost=0.43..431.78 rows=108 width=121)
	  Index Cond: ((id >= 2914964) AND (id <= 2915063))

table 5 : explain SELECT c FROM sbtest5 WHERE id BETWEEN 7778767 AND 7778866
	Index Scan using sbtest5_pkey on sbtest5  (cost=0.43..404.54 rows=101 width=121)
	  Index Cond: ((id >= 7778767) AND (id <= 7778866))

table 6 : explain SELECT c FROM sbtest6 WHERE id BETWEEN 8005027 AND 8005126
	Index Scan using sbtest6_pkey on sbtest6  (cost=0.43..388.15 rows=97 width=121)
	  Index Cond: ((id >= 8005027) AND (id <= 8005126))

table 7 : explain SELECT c FROM sbtest7 WHERE id BETWEEN 6828556 AND 6828655
	Index Scan using sbtest7_pkey on sbtest7  (cost=0.43..388.47 rows=97 width=121)
	  Index Cond: ((id >= 6828556) AND (id <= 6828655))

table 8 : explain SELECT c FROM sbtest8 WHERE id BETWEEN 1756754 AND 1756853
	Index Scan using sbtest8_pkey on sbtest8  (cost=0.43..426.48 rows=107 width=121)
	  Index Cond: ((id >= 1756754) AND (id <= 1756853))

for: distinct_ranges
table 1 : explain SELECT DISTINCT c FROM sbtest1 WHERE id BETWEEN 2423787 AND 2423886 ORDER BY c
	Unique  (cost=393.19..393.67 rows=97 width=121)
	  ->  Sort  (cost=393.19..393.43 rows=97 width=121)
	        Sort Key: c
	        ->  Index Scan using sbtest1_pkey on sbtest1  (cost=0.43..389.99 rows=97 width=121)
	              Index Cond: ((id >= 2423787) AND (id <= 2423886))

table 2 : explain SELECT DISTINCT c FROM sbtest2 WHERE id BETWEEN 6160301 AND 6160400 ORDER BY c
	Unique  (cost=412.59..413.10 rows=102 width=121)
	  ->  Sort  (cost=412.59..412.84 rows=102 width=121)
	        Sort Key: c
	        ->  Index Scan using sbtest2_pkey on sbtest2  (cost=0.43..409.19 rows=102 width=121)
	              Index Cond: ((id >= 6160301) AND (id <= 6160400))

table 3 : explain SELECT DISTINCT c FROM sbtest3 WHERE id BETWEEN 3638913 AND 3639012 ORDER BY c
	Unique  (cost=431.76..432.29 rows=107 width=121)
	  ->  Sort  (cost=431.76..432.03 rows=107 width=121)
	        Sort Key: c
	        ->  Index Scan using sbtest3_pkey on sbtest3  (cost=0.43..428.15 rows=107 width=121)
	              Index Cond: ((id >= 3638913) AND (id <= 3639012))

table 4 : explain SELECT DISTINCT c FROM sbtest4 WHERE id BETWEEN 8830341 AND 8830440 ORDER BY c
	Unique  (cost=411.44..411.95 rows=102 width=121)
	  ->  Sort  (cost=411.44..411.70 rows=102 width=121)
	        Sort Key: c
	        ->  Index Scan using sbtest4_pkey on sbtest4  (cost=0.43..408.04 rows=102 width=121)
	              Index Cond: ((id >= 8830341) AND (id <= 8830440))

table 5 : explain SELECT DISTINCT c FROM sbtest5 WHERE id BETWEEN 6705674 AND 6705773 ORDER BY c
	Unique  (cost=383.89..384.36 rows=95 width=121)
	  ->  Sort  (cost=383.89..384.13 rows=95 width=121)
	        Sort Key: c
	        ->  Index Scan using sbtest5_pkey on sbtest5  (cost=0.43..380.77 rows=95 width=121)
	              Index Cond: ((id >= 6705674) AND (id <= 6705773))

table 6 : explain SELECT DISTINCT c FROM sbtest6 WHERE id BETWEEN 2355197 AND 2355296 ORDER BY c
	Unique  (cost=435.31..435.85 rows=108 width=121)
	  ->  Sort  (cost=435.31..435.58 rows=108 width=121)
	        Sort Key: c
	        ->  Index Scan using sbtest6_pkey on sbtest6  (cost=0.43..431.66 rows=108 width=121)
	              Index Cond: ((id >= 2355197) AND (id <= 2355296))

table 7 : explain SELECT DISTINCT c FROM sbtest7 WHERE id BETWEEN 3830556 AND 3830655 ORDER BY c
	Unique  (cost=431.66..432.20 rows=107 width=121)
	  ->  Sort  (cost=431.66..431.93 rows=107 width=121)
	        Sort Key: c
	        ->  Index Scan using sbtest7_pkey on sbtest7  (cost=0.43..428.05 rows=107 width=121)
	              Index Cond: ((id >= 3830556) AND (id <= 3830655))

table 8 : explain SELECT DISTINCT c FROM sbtest8 WHERE id BETWEEN 5929687 AND 5929786 ORDER BY c
	Unique  (cost=386.24..386.72 rows=96 width=121)
	  ->  Sort  (cost=386.24..386.48 rows=96 width=121)
	        Sort Key: c
	        ->  Index Scan using sbtest8_pkey on sbtest8  (cost=0.43..383.08 rows=96 width=121)
	              Index Cond: ((id >= 5929687) AND (id <= 5929786))

for point_selects
table 1 : explain SELECT c FROM sbtest1 WHERE id=8545434
	Index Scan using sbtest1_pkey on sbtest1  (cost=0.43..8.45 rows=1 width=121)
	  Index Cond: (id = 8545434)

table 2 : explain SELECT c FROM sbtest2 WHERE id=6001673
	Index Scan using sbtest2_pkey on sbtest2  (cost=0.43..8.45 rows=1 width=121)
	  Index Cond: (id = 6001673)

table 3 : explain SELECT c FROM sbtest3 WHERE id=1992403
	Index Scan using sbtest3_pkey on sbtest3  (cost=0.43..8.45 rows=1 width=121)
	  Index Cond: (id = 1992403)

table 4 : explain SELECT c FROM sbtest4 WHERE id=2177604
	Index Scan using sbtest4_pkey on sbtest4  (cost=0.43..8.45 rows=1 width=121)
	  Index Cond: (id = 2177604)

table 5 : explain SELECT c FROM sbtest5 WHERE id=6138421
	Index Scan using sbtest5_pkey on sbtest5  (cost=0.43..8.45 rows=1 width=121)
	  Index Cond: (id = 6138421)

table 6 : explain SELECT c FROM sbtest6 WHERE id=2377738
	Index Scan using sbtest6_pkey on sbtest6  (cost=0.43..8.45 rows=1 width=121)
	  Index Cond: (id = 2377738)

table 7 : explain SELECT c FROM sbtest7 WHERE id=9941291
	Index Scan using sbtest7_pkey on sbtest7  (cost=0.43..8.45 rows=1 width=121)
	  Index Cond: (id = 9941291)

table 8 : explain SELECT c FROM sbtest8 WHERE id=7587194
	Index Scan using sbtest8_pkey on sbtest8  (cost=0.43..8.45 rows=1 width=121)
	  Index Cond: (id = 7587194)

explain: for point_selects :: explain SELECT c FROM sbtest%u WHERE id=%u
for: sum_ranges
table 1 : explain SELECT SUM(k) FROM sbtest1 WHERE id BETWEEN 1859976 AND 1860075
	Aggregate  (cost=370.35..370.36 rows=1 width=8)
	  ->  Index Scan using sbtest1_pkey on sbtest1  (cost=0.43..370.12 rows=92 width=4)
	        Index Cond: ((id >= 1859976) AND (id <= 1860075))

table 2 : explain SELECT SUM(k) FROM sbtest2 WHERE id BETWEEN 573300 AND 573399
	Aggregate  (cost=461.05..461.06 rows=1 width=8)
	  ->  Index Scan using sbtest2_pkey on sbtest2  (cost=0.43..460.76 rows=115 width=4)
	        Index Cond: ((id >= 573300) AND (id <= 573399))

table 3 : explain SELECT SUM(k) FROM sbtest3 WHERE id BETWEEN 4650199 AND 4650298
	Aggregate  (cost=432.38..432.39 rows=1 width=8)
	  ->  Index Scan using sbtest3_pkey on sbtest3  (cost=0.43..432.11 rows=108 width=4)
	        Index Cond: ((id >= 4650199) AND (id <= 4650298))

table 4 : explain SELECT SUM(k) FROM sbtest4 WHERE id BETWEEN 622108 AND 622207
	Aggregate  (cost=392.46..392.47 rows=1 width=8)
	  ->  Index Scan using sbtest4_pkey on sbtest4  (cost=0.43..392.22 rows=98 width=4)
	        Index Cond: ((id >= 622108) AND (id <= 622207))

table 5 : explain SELECT SUM(k) FROM sbtest5 WHERE id BETWEEN 2469217 AND 2469316
	Aggregate  (cost=392.91..392.92 rows=1 width=8)
	  ->  Index Scan using sbtest5_pkey on sbtest5  (cost=0.43..392.66 rows=98 width=4)
	        Index Cond: ((id >= 2469217) AND (id <= 2469316))

table 6 : explain SELECT SUM(k) FROM sbtest6 WHERE id BETWEEN 552172 AND 552271
	Aggregate  (cost=348.82..348.83 rows=1 width=8)
	  ->  Index Scan using sbtest6_pkey on sbtest6  (cost=0.43..348.60 rows=87 width=4)
	        Index Cond: ((id >= 552172) AND (id <= 552271))

table 7 : explain SELECT SUM(k) FROM sbtest7 WHERE id BETWEEN 5048142 AND 5048241
	Aggregate  (cost=404.56..404.57 rows=1 width=8)
	  ->  Index Scan using sbtest7_pkey on sbtest7  (cost=0.43..404.31 rows=101 width=4)
	        Index Cond: ((id >= 5048142) AND (id <= 5048241))

table 8 : explain SELECT SUM(k) FROM sbtest8 WHERE id BETWEEN 7991744 AND 7991843
	Aggregate  (cost=375.43..375.44 rows=1 width=8)
	  ->  Index Scan using sbtest8_pkey on sbtest8  (cost=0.43..375.20 rows=94 width=4)
	        Index Cond: ((id >= 7991744) AND (id <= 7991843))

for: sum_ranges
table 1 : explain SELECT SUM(k) FROM sbtest1 WHERE id BETWEEN 4840095 AND 4840194
	Aggregate  (cost=370.35..370.36 rows=1 width=8)
	  ->  Index Scan using sbtest1_pkey on sbtest1  (cost=0.43..370.12 rows=92 width=4)
	        Index Cond: ((id >= 4840095) AND (id <= 4840194))

table 2 : explain SELECT SUM(k) FROM sbtest2 WHERE id BETWEEN 8107406 AND 8107505
	Aggregate  (cost=421.35..421.36 rows=1 width=8)
	  ->  Index Scan using sbtest2_pkey on sbtest2  (cost=0.43..421.09 rows=105 width=4)
	        Index Cond: ((id >= 8107406) AND (id <= 8107505))

table 3 : explain SELECT SUM(k) FROM sbtest3 WHERE id BETWEEN 4377856 AND 4377955
	Aggregate  (cost=400.69..400.70 rows=1 width=8)
	  ->  Index Scan using sbtest3_pkey on sbtest3  (cost=0.43..400.44 rows=100 width=4)
	        Index Cond: ((id >= 4377856) AND (id <= 4377955))

table 4 : explain SELECT SUM(k) FROM sbtest4 WHERE id BETWEEN 7734155 AND 7734254
	Aggregate  (cost=376.61..376.62 rows=1 width=8)
	  ->  Index Scan using sbtest4_pkey on sbtest4  (cost=0.43..376.38 rows=94 width=4)
	        Index Cond: ((id >= 7734155) AND (id <= 7734254))

table 5 : explain SELECT SUM(k) FROM sbtest5 WHERE id BETWEEN 354293 AND 354392
	Aggregate  (cost=436.50..436.51 rows=1 width=8)
	  ->  Index Scan using sbtest5_pkey on sbtest5  (cost=0.43..436.23 rows=109 width=4)
	        Index Cond: ((id >= 354293) AND (id <= 354392))

table 6 : explain SELECT SUM(k) FROM sbtest6 WHERE id BETWEEN 2096829 AND 2096928
	Aggregate  (cost=372.56..372.57 rows=1 width=8)
	  ->  Index Scan using sbtest6_pkey on sbtest6  (cost=0.43..372.33 rows=93 width=4)
	        Index Cond: ((id >= 2096829) AND (id <= 2096928))

table 7 : explain SELECT SUM(k) FROM sbtest7 WHERE id BETWEEN 3324431 AND 3324530
	Aggregate  (cost=424.36..424.37 rows=1 width=8)
	  ->  Index Scan using sbtest7_pkey on sbtest7  (cost=0.43..424.10 rows=106 width=4)
	        Index Cond: ((id >= 3324431) AND (id <= 3324530))

table 8 : explain SELECT SUM(k) FROM sbtest8 WHERE id BETWEEN 2233533 AND 2233632
	Aggregate  (cost=418.85..418.86 rows=1 width=8)
	  ->  Index Scan using sbtest8_pkey on sbtest8  (cost=0.43..418.59 rows=105 width=4)
	        Index Cond: ((id >= 2233533) AND (id <= 2233632))

for point_selects
table 1 : explain SELECT c FROM sbtest1 WHERE id=6377386
	Index Scan using sbtest1_pkey on sbtest1  (cost=0.43..8.45 rows=1 width=121)
	  Index Cond: (id = 6377386)

table 2 : explain SELECT c FROM sbtest2 WHERE id=9487266
	Index Scan using sbtest2_pkey on sbtest2  (cost=0.43..8.45 rows=1 width=121)
	  Index Cond: (id = 9487266)

table 3 : explain SELECT c FROM sbtest3 WHERE id=5517049
	Index Scan using sbtest3_pkey on sbtest3  (cost=0.43..8.45 rows=1 width=121)
	  Index Cond: (id = 5517049)

table 4 : explain SELECT c FROM sbtest4 WHERE id=2325494
	Index Scan using sbtest4_pkey on sbtest4  (cost=0.43..8.45 rows=1 width=121)
	  Index Cond: (id = 2325494)

table 5 : explain SELECT c FROM sbtest5 WHERE id=1969901
	Index Scan using sbtest5_pkey on sbtest5  (cost=0.43..8.45 rows=1 width=121)
	  Index Cond: (id = 1969901)

table 6 : explain SELECT c FROM sbtest6 WHERE id=9087503
	Index Scan using sbtest6_pkey on sbtest6  (cost=0.43..8.45 rows=1 width=121)
	  Index Cond: (id = 9087503)

table 7 : explain SELECT c FROM sbtest7 WHERE id=5976935
	Index Scan using sbtest7_pkey on sbtest7  (cost=0.43..8.45 rows=1 width=121)
	  Index Cond: (id = 5976935)

table 8 : explain SELECT c FROM sbtest8 WHERE id=6773056
	Index Scan using sbtest8_pkey on sbtest8  (cost=0.43..8.45 rows=1 width=121)
	  Index Cond: (id = 6773056)

for: sum_ranges
table 1 : explain SELECT SUM(k) FROM sbtest1 WHERE id BETWEEN 1005603 AND 1005702
	Aggregate  (cost=374.32..374.33 rows=1 width=8)
	  ->  Index Scan using sbtest1_pkey on sbtest1  (cost=0.43..374.09 rows=93 width=4)
	        Index Cond: ((id >= 1005603) AND (id <= 1005702))

table 2 : explain SELECT SUM(k) FROM sbtest2 WHERE id BETWEEN 9076460 AND 9076559
	Aggregate  (cost=421.35..421.36 rows=1 width=8)
	  ->  Index Scan using sbtest2_pkey on sbtest2  (cost=0.43..421.09 rows=105 width=4)
	        Index Cond: ((id >= 9076460) AND (id <= 9076559))

table 3 : explain SELECT SUM(k) FROM sbtest3 WHERE id BETWEEN 3079851 AND 3079950
	Aggregate  (cost=384.83..384.84 rows=1 width=8)
	  ->  Index Scan using sbtest3_pkey on sbtest3  (cost=0.43..384.59 rows=96 width=4)
	        Index Cond: ((id >= 3079851) AND (id <= 3079950))

table 4 : explain SELECT SUM(k) FROM sbtest4 WHERE id BETWEEN 835167 AND 835266
	Aggregate  (cost=424.13..424.14 rows=1 width=8)
	  ->  Index Scan using sbtest4_pkey on sbtest4  (cost=0.43..423.86 rows=106 width=4)
	        Index Cond: ((id >= 835167) AND (id <= 835266))

table 5 : explain SELECT SUM(k) FROM sbtest5 WHERE id BETWEEN 807216 AND 807315
	Aggregate  (cost=464.24..464.25 rows=1 width=8)
	  ->  Index Scan using sbtest5_pkey on sbtest5  (cost=0.43..463.95 rows=116 width=4)
	        Index Cond: ((id >= 807216) AND (id <= 807315))

table 6 : explain SELECT SUM(k) FROM sbtest6 WHERE id BETWEEN 9371393 AND 9371492
	Aggregate  (cost=408.19..408.20 rows=1 width=8)
	  ->  Index Scan using sbtest6_pkey on sbtest6  (cost=0.43..407.94 rows=102 width=4)
	        Index Cond: ((id >= 9371393) AND (id <= 9371492))

table 7 : explain SELECT SUM(k) FROM sbtest7 WHERE id BETWEEN 1570286 AND 1570385
	Aggregate  (cost=376.82..376.83 rows=1 width=8)
	  ->  Index Scan using sbtest7_pkey on sbtest7  (cost=0.43..376.58 rows=94 width=4)
	        Index Cond: ((id >= 1570286) AND (id <= 1570385))

table 8 : explain SELECT SUM(k) FROM sbtest8 WHERE id BETWEEN 9290606 AND 9290705
	Aggregate  (cost=363.60..363.61 rows=1 width=8)
	  ->  Index Scan using sbtest8_pkey on sbtest8  (cost=0.43..363.37 rows=91 width=4)
	        Index Cond: ((id >= 9290606) AND (id <= 9290705))

for: sum_ranges
table 1 : explain SELECT SUM(k) FROM sbtest1 WHERE id BETWEEN 1455171 AND 1455270
	Aggregate  (cost=410.13..410.14 rows=1 width=8)
	  ->  Index Scan using sbtest1_pkey on sbtest1  (cost=0.43..409.87 rows=102 width=4)
	        Index Cond: ((id >= 1455171) AND (id <= 1455270))

table 2 : explain SELECT SUM(k) FROM sbtest2 WHERE id BETWEEN 9802622 AND 9802721
	Aggregate  (cost=377.67..377.68 rows=1 width=8)
	  ->  Index Scan using sbtest2_pkey on sbtest2  (cost=0.43..377.44 rows=94 width=4)
	        Index Cond: ((id >= 9802622) AND (id <= 9802721))

table 3 : explain SELECT SUM(k) FROM sbtest3 WHERE id BETWEEN 3489862 AND 3489961
	Aggregate  (cost=365.02..365.03 rows=1 width=8)
	  ->  Index Scan using sbtest3_pkey on sbtest3  (cost=0.43..364.79 rows=91 width=4)
	        Index Cond: ((id >= 3489862) AND (id <= 3489961))

table 4 : explain SELECT SUM(k) FROM sbtest4 WHERE id BETWEEN 5107651 AND 5107750
	Aggregate  (cost=420.17..420.18 rows=1 width=8)
	  ->  Index Scan using sbtest4_pkey on sbtest4  (cost=0.43..419.91 rows=105 width=4)
	        Index Cond: ((id >= 5107651) AND (id <= 5107750))

table 5 : explain SELECT SUM(k) FROM sbtest5 WHERE id BETWEEN 3403532 AND 3403631
	Aggregate  (cost=444.43..444.44 rows=1 width=8)
	  ->  Index Scan using sbtest5_pkey on sbtest5  (cost=0.43..444.15 rows=111 width=4)
	        Index Cond: ((id >= 3403532) AND (id <= 3403631))

table 6 : explain SELECT SUM(k) FROM sbtest6 WHERE id BETWEEN 8441547 AND 8441646
	Aggregate  (cost=388.39..388.40 rows=1 width=8)
	  ->  Index Scan using sbtest6_pkey on sbtest6  (cost=0.43..388.15 rows=97 width=4)
	        Index Cond: ((id >= 8441547) AND (id <= 8441646))

table 7 : explain SELECT SUM(k) FROM sbtest7 WHERE id BETWEEN 7876696 AND 7876795
	Aggregate  (cost=400.60..400.61 rows=1 width=8)
	  ->  Index Scan using sbtest7_pkey on sbtest7  (cost=0.43..400.35 rows=100 width=4)
	        Index Cond: ((id >= 7876696) AND (id <= 7876795))

table 8 : explain SELECT SUM(k) FROM sbtest8 WHERE id BETWEEN 9687066 AND 9687165
	Aggregate  (cost=434.63..434.64 rows=1 width=8)
	  ->  Index Scan using sbtest8_pkey on sbtest8  (cost=0.43..434.36 rows=109 width=4)
	        Index Cond: ((id >= 9687066) AND (id <= 9687165))

for point_selects
table 1 : explain SELECT c FROM sbtest1 WHERE id=9525484
	Index Scan using sbtest1_pkey on sbtest1  (cost=0.43..8.45 rows=1 width=121)
	  Index Cond: (id = 9525484)

table 2 : explain SELECT c FROM sbtest2 WHERE id=7843022
	Index Scan using sbtest2_pkey on sbtest2  (cost=0.43..8.45 rows=1 width=121)
	  Index Cond: (id = 7843022)

table 3 : explain SELECT c FROM sbtest3 WHERE id=1105481
	Index Scan using sbtest3_pkey on sbtest3  (cost=0.43..8.45 rows=1 width=121)
	  Index Cond: (id = 1105481)

table 4 : explain SELECT c FROM sbtest4 WHERE id=8716270
	Index Scan using sbtest4_pkey on sbtest4  (cost=0.43..8.45 rows=1 width=121)
	  Index Cond: (id = 8716270)

table 5 : explain SELECT c FROM sbtest5 WHERE id=7554636
	Index Scan using sbtest5_pkey on sbtest5  (cost=0.43..8.45 rows=1 width=121)
	  Index Cond: (id = 7554636)

table 6 : explain SELECT c FROM sbtest6 WHERE id=2691195
	Index Scan using sbtest6_pkey on sbtest6  (cost=0.43..8.45 rows=1 width=121)
	  Index Cond: (id = 2691195)

table 7 : explain SELECT c FROM sbtest7 WHERE id=5390398
	Index Scan using sbtest7_pkey on sbtest7  (cost=0.43..8.45 rows=1 width=121)
	  Index Cond: (id = 5390398)

table 8 : explain SELECT c FROM sbtest8 WHERE id=8977584
	Index Scan using sbtest8_pkey on sbtest8  (cost=0.43..8.45 rows=1 width=121)
	  Index Cond: (id = 8977584)

for: simple_ranges
table 1 : explain SELECT c FROM sbtest1 WHERE id BETWEEN 8967515 AND 8967614
	Index Scan using sbtest1_pkey on sbtest1  (cost=0.43..401.91 rows=100 width=121)
	  Index Cond: ((id >= 8967515) AND (id <= 8967614))

table 2 : explain SELECT c FROM sbtest2 WHERE id BETWEEN 1511829 AND 1511928
	Index Scan using sbtest2_pkey on sbtest2  (cost=0.43..385.37 rows=96 width=121)
	  Index Cond: ((id >= 1511829) AND (id <= 1511928))

table 3 : explain SELECT c FROM sbtest3 WHERE id BETWEEN 6026854 AND 6026953
	Index Scan using sbtest3_pkey on sbtest3  (cost=0.43..368.75 rows=92 width=121)
	  Index Cond: ((id >= 6026854) AND (id <= 6026953))

table 4 : explain SELECT c FROM sbtest4 WHERE id BETWEEN 552445 AND 552544
	Index Scan using sbtest4_pkey on sbtest4  (cost=0.43..404.09 rows=101 width=121)
	  Index Cond: ((id >= 552445) AND (id <= 552544))

table 5 : explain SELECT c FROM sbtest5 WHERE id BETWEEN 7503709 AND 7503808
	Index Scan using sbtest5_pkey on sbtest5  (cost=0.43..436.23 rows=109 width=121)
	  Index Cond: ((id >= 7503709) AND (id <= 7503808))

table 6 : explain SELECT c FROM sbtest6 WHERE id BETWEEN 6730943 AND 6731042
	Index Scan using sbtest6_pkey on sbtest6  (cost=0.43..376.28 rows=94 width=121)
	  Index Cond: ((id >= 6730943) AND (id <= 6731042))

table 7 : explain SELECT c FROM sbtest7 WHERE id BETWEEN 5704139 AND 5704238
	Index Scan using sbtest7_pkey on sbtest7  (cost=0.43..388.47 rows=97 width=121)
	  Index Cond: ((id >= 5704139) AND (id <= 5704238))

table 8 : explain SELECT c FROM sbtest8 WHERE id BETWEEN 2479435 AND 2479534
	Index Scan using sbtest8_pkey on sbtest8  (cost=0.43..383.08 rows=96 width=121)
	  Index Cond: ((id >= 2479435) AND (id <= 2479534))

for: distinct_ranges
table 1 : explain SELECT DISTINCT c FROM sbtest1 WHERE id BETWEEN 703849 AND 703948 ORDER BY c
	Unique  (cost=425.32..425.84 rows=105 width=121)
	  ->  Sort  (cost=425.32..425.58 rows=105 width=121)
	        Sort Key: c
	        ->  Index Scan using sbtest1_pkey on sbtest1  (cost=0.43..421.79 rows=105 width=121)
	              Index Cond: ((id >= 703849) AND (id <= 703948))

table 2 : explain SELECT DISTINCT c FROM sbtest2 WHERE id BETWEEN 7199629 AND 7199728 ORDER BY c
	Unique  (cost=388.53..389.01 rows=96 width=121)
	  ->  Sort  (cost=388.53..388.77 rows=96 width=121)
	        Sort Key: c
	        ->  Index Scan using sbtest2_pkey on sbtest2  (cost=0.43..385.37 rows=96 width=121)
	              Index Cond: ((id >= 7199629) AND (id <= 7199728))

table 3 : explain SELECT DISTINCT c FROM sbtest3 WHERE id BETWEEN 8845285 AND 8845384 ORDER BY c
	Unique  (cost=455.76..456.32 rows=113 width=121)
	  ->  Sort  (cost=455.76..456.04 rows=113 width=121)
	        Sort Key: c
	        ->  Index Scan using sbtest3_pkey on sbtest3  (cost=0.43..451.91 rows=113 width=121)
	              Index Cond: ((id >= 8845285) AND (id <= 8845384))

table 4 : explain SELECT DISTINCT c FROM sbtest4 WHERE id BETWEEN 7948495 AND 7948594 ORDER BY c
	Unique  (cost=407.45..407.95 rows=101 width=121)
	  ->  Sort  (cost=407.45..407.70 rows=101 width=121)
	        Sort Key: c
	        ->  Index Scan using sbtest4_pkey on sbtest4  (cost=0.43..404.09 rows=101 width=121)
	              Index Cond: ((id >= 7948495) AND (id <= 7948594))

table 5 : explain SELECT DISTINCT c FROM sbtest5 WHERE id BETWEEN 4104388 AND 4104487 ORDER BY c
	Unique  (cost=379.89..380.36 rows=94 width=121)
	  ->  Sort  (cost=379.89..380.12 rows=94 width=121)
	        Sort Key: c
	        ->  Index Scan using sbtest5_pkey on sbtest5  (cost=0.43..376.81 rows=94 width=121)
	              Index Cond: ((id >= 4104388) AND (id <= 4104487))

table 6 : explain SELECT DISTINCT c FROM sbtest6 WHERE id BETWEEN 8951580 AND 8951679 ORDER BY c
	Unique  (cost=407.34..407.85 rows=101 width=121)
	  ->  Sort  (cost=407.34..407.60 rows=101 width=121)
	        Sort Key: c
	        ->  Index Scan using sbtest6_pkey on sbtest6  (cost=0.43..403.98 rows=101 width=121)
	              Index Cond: ((id >= 8951580) AND (id <= 8951679))

table 7 : explain SELECT DISTINCT c FROM sbtest7 WHERE id BETWEEN 2648380 AND 2648479 ORDER BY c
	Unique  (cost=423.66..424.19 rows=105 width=121)
	  ->  Sort  (cost=423.66..423.92 rows=105 width=121)
	        Sort Key: c
	        ->  Index Scan using sbtest7_pkey on sbtest7  (cost=0.43..420.14 rows=105 width=121)
	              Index Cond: ((id >= 2648380) AND (id <= 2648479))

table 8 : explain SELECT DISTINCT c FROM sbtest8 WHERE id BETWEEN 8171210 AND 8171309 ORDER BY c
	Unique  (cost=442.03..442.58 rows=110 width=121)
	  ->  Sort  (cost=442.03..442.31 rows=110 width=121)
	        Sort Key: c
	        ->  Index Scan using sbtest8_pkey on sbtest8  (cost=0.43..438.31 rows=110 width=121)
	              Index Cond: ((id >= 8171210) AND (id <= 8171309))

for: order_ranges
table 1 : explain SELECT c FROM sbtest1 WHERE id BETWEEN 436720 AND 436819 ORDER BY c
	Sort  (cost=405.23..405.48 rows=100 width=121)
	  Sort Key: c
	  ->  Index Scan using sbtest1_pkey on sbtest1  (cost=0.43..401.91 rows=100 width=121)
	        Index Cond: ((id >= 436720) AND (id <= 436819))

table 2 : explain SELECT c FROM sbtest2 WHERE id BETWEEN 8315649 AND 8315748 ORDER BY c
	Sort  (cost=384.52..384.76 rows=95 width=121)
	  Sort Key: c
	  ->  Index Scan using sbtest2_pkey on sbtest2  (cost=0.43..381.40 rows=95 width=121)
	        Index Cond: ((id >= 8315649) AND (id <= 8315748))

table 3 : explain SELECT c FROM sbtest3 WHERE id BETWEEN 6056322 AND 6056421 ORDER BY c
	Sort  (cost=371.75..371.98 rows=92 width=121)
	  Sort Key: c
	  ->  Index Scan using sbtest3_pkey on sbtest3  (cost=0.43..368.75 rows=92 width=121)
	        Index Cond: ((id >= 6056322) AND (id <= 6056421))

table 4 : explain SELECT c FROM sbtest4 WHERE id BETWEEN 5906313 AND 5906412 ORDER BY c
	Sort  (cost=363.48..363.70 rows=90 width=121)
	  Sort Key: c
	  ->  Index Scan using sbtest4_pkey on sbtest4  (cost=0.43..360.56 rows=90 width=121)
	        Index Cond: ((id >= 5906313) AND (id <= 5906412))

table 5 : explain SELECT c FROM sbtest5 WHERE id BETWEEN 3040451 AND 3040550 ORDER BY c
	Sort  (cost=411.91..412.16 rows=102 width=121)
	  Sort Key: c
	  ->  Index Scan using sbtest5_pkey on sbtest5  (cost=0.43..408.51 rows=102 width=121)
	        Index Cond: ((id >= 3040451) AND (id <= 3040550))

table 6 : explain SELECT c FROM sbtest6 WHERE id BETWEEN 6559066 AND 6559165 ORDER BY c
	Sort  (cost=387.35..387.59 rows=96 width=121)
	  Sort Key: c
	  ->  Index Scan using sbtest6_pkey on sbtest6  (cost=0.43..384.19 rows=96 width=121)
	        Index Cond: ((id >= 6559066) AND (id <= 6559165))

table 7 : explain SELECT c FROM sbtest7 WHERE id BETWEEN 3153410 AND 3153509 ORDER BY c
	Sort  (cost=371.67..371.90 rows=92 width=121)
	  Sort Key: c
	  ->  Index Scan using sbtest7_pkey on sbtest7  (cost=0.43..368.67 rows=92 width=121)
	        Index Cond: ((id >= 3153410) AND (id <= 3153509))

table 8 : explain SELECT c FROM sbtest8 WHERE id BETWEEN 9698750 AND 9698849 ORDER BY c
	Sort  (cost=438.05..438.32 rows=109 width=121)
	  Sort Key: c
	  ->  Index Scan using sbtest8_pkey on sbtest8  (cost=0.43..434.36 rows=109 width=121)
	        Index Cond: ((id >= 9698750) AND (id <= 9698849))

for: order_ranges
table 1 : explain SELECT c FROM sbtest1 WHERE id BETWEEN 6870071 AND 6870170 ORDER BY c
	Sort  (cost=485.55..485.85 rows=120 width=121)
	  Sort Key: c
	  ->  Index Scan using sbtest1_pkey on sbtest1  (cost=0.43..481.40 rows=120 width=121)
	        Index Cond: ((id >= 6870071) AND (id <= 6870170))

table 2 : explain SELECT c FROM sbtest2 WHERE id BETWEEN 2749785 AND 2749884 ORDER BY c
	Sort  (cost=444.65..444.93 rows=110 width=121)
	  Sort Key: c
	  ->  Index Scan using sbtest2_pkey on sbtest2  (cost=0.43..440.92 rows=110 width=121)
	        Index Cond: ((id >= 2749785) AND (id <= 2749884))

table 3 : explain SELECT c FROM sbtest3 WHERE id BETWEEN 3118229 AND 3118328 ORDER BY c
	Sort  (cost=411.76..412.02 rows=102 width=121)
	  Sort Key: c
	  ->  Index Scan using sbtest3_pkey on sbtest3  (cost=0.43..408.36 rows=102 width=121)
	        Index Cond: ((id >= 3118229) AND (id <= 3118328))

table 4 : explain SELECT c FROM sbtest4 WHERE id BETWEEN 1145871 AND 1145970 ORDER BY c
	Sort  (cost=387.45..387.69 rows=96 width=121)
	  Sort Key: c
	  ->  Index Scan using sbtest4_pkey on sbtest4  (cost=0.43..384.29 rows=96 width=121)
	        Index Cond: ((id >= 1145871) AND (id <= 1145970))

table 5 : explain SELECT c FROM sbtest5 WHERE id BETWEEN 9788273 AND 9788372 ORDER BY c
	Sort  (cost=399.91..400.15 rows=99 width=121)
	  Sort Key: c
	  ->  Index Scan using sbtest5_pkey on sbtest5  (cost=0.43..396.62 rows=99 width=121)
	        Index Cond: ((id >= 9788273) AND (id <= 9788372))

table 6 : explain SELECT c FROM sbtest6 WHERE id BETWEEN 8013276 AND 8013375 ORDER BY c
	Sort  (cost=391.35..391.59 rows=97 width=121)
	  Sort Key: c
	  ->  Index Scan using sbtest6_pkey on sbtest6  (cost=0.43..388.15 rows=97 width=121)
	        Index Cond: ((id >= 8013276) AND (id <= 8013375))

table 7 : explain SELECT c FROM sbtest7 WHERE id BETWEEN 1172130 AND 1172229 ORDER BY c
	Sort  (cost=367.67..367.90 rows=91 width=121)
	  Sort Key: c
	  ->  Index Scan using sbtest7_pkey on sbtest7  (cost=0.43..364.71 rows=91 width=121)
	        Index Cond: ((id >= 1172130) AND (id <= 1172229))

table 8 : explain SELECT c FROM sbtest8 WHERE id BETWEEN 8036005 AND 8036104 ORDER BY c
	Sort  (cost=378.28..378.51 rows=94 width=121)
	  Sort Key: c
	  ->  Index Scan using sbtest8_pkey on sbtest8  (cost=0.43..375.20 rows=94 width=121)
	        Index Cond: ((id >= 8036005) AND (id <= 8036104))

for: order_ranges
table 1 : explain SELECT c FROM sbtest1 WHERE id BETWEEN 1900833 AND 1900932 ORDER BY c
	Sort  (cost=373.12..373.35 rows=92 width=121)
	  Sort Key: c
	  ->  Index Scan using sbtest1_pkey on sbtest1  (cost=0.43..370.12 rows=92 width=121)
	        Index Cond: ((id >= 1900833) AND (id <= 1900932))

table 2 : explain SELECT c FROM sbtest2 WHERE id BETWEEN 1156567 AND 1156666 ORDER BY c
	Sort  (cost=404.57..404.82 rows=100 width=121)
	  Sort Key: c
	  ->  Index Scan using sbtest2_pkey on sbtest2  (cost=0.43..401.25 rows=100 width=121)
	        Index Cond: ((id >= 1156567) AND (id <= 1156666))

table 3 : explain SELECT c FROM sbtest3 WHERE id BETWEEN 5046686 AND 5046785 ORDER BY c
	Sort  (cost=395.75..395.99 rows=98 width=121)
	  Sort Key: c
	  ->  Index Scan using sbtest3_pkey on sbtest3  (cost=0.43..392.51 rows=98 width=121)
	        Index Cond: ((id >= 5046686) AND (id <= 5046785))

table 4 : explain SELECT c FROM sbtest4 WHERE id BETWEEN 1860657 AND 1860756 ORDER BY c
	Sort  (cost=371.47..371.70 rows=92 width=121)
	  Sort Key: c
	  ->  Index Scan using sbtest4_pkey on sbtest4  (cost=0.43..368.47 rows=92 width=121)
	        Index Cond: ((id >= 1860657) AND (id <= 1860756))

table 5 : explain SELECT c FROM sbtest5 WHERE id BETWEEN 5698041 AND 5698140 ORDER BY c
	Sort  (cost=419.91..420.17 rows=104 width=121)
	  Sort Key: c
	  ->  Index Scan using sbtest5_pkey on sbtest5  (cost=0.43..416.43 rows=104 width=121)
	        Index Cond: ((id >= 5698041) AND (id <= 5698140))

table 6 : explain SELECT c FROM sbtest6 WHERE id BETWEEN 2159033 AND 2159132 ORDER BY c
	Sort  (cost=383.36..383.59 rows=95 width=121)
	  Sort Key: c
	  ->  Index Scan using sbtest6_pkey on sbtest6  (cost=0.43..380.24 rows=95 width=121)
	        Index Cond: ((id >= 2159033) AND (id <= 2159132))

table 7 : explain SELECT c FROM sbtest7 WHERE id BETWEEN 3427895 AND 3427994 ORDER BY c
	Sort  (cost=375.67..375.90 rows=93 width=121)
	  Sort Key: c
	  ->  Index Scan using sbtest7_pkey on sbtest7  (cost=0.43..372.63 rows=93 width=121)
	        Index Cond: ((id >= 3427895) AND (id <= 3427994))

table 8 : explain SELECT c FROM sbtest8 WHERE id BETWEEN 9217447 AND 9217546 ORDER BY c
	Sort  (cost=414.15..414.40 rows=103 width=121)
	  Sort Key: c
	  ->  Index Scan using sbtest8_pkey on sbtest8  (cost=0.43..410.70 rows=103 width=121)
	        Index Cond: ((id >= 9217447) AND (id <= 9217546))

for: order_ranges
table 1 : explain SELECT c FROM sbtest1 WHERE id BETWEEN 2951580 AND 2951679 ORDER BY c
	Sort  (cost=373.12..373.35 rows=92 width=121)
	  Sort Key: c
	  ->  Index Scan using sbtest1_pkey on sbtest1  (cost=0.43..370.12 rows=92 width=121)
	        Index Cond: ((id >= 2951580) AND (id <= 2951679))

table 2 : explain SELECT c FROM sbtest2 WHERE id BETWEEN 6865469 AND 6865568 ORDER BY c
	Sort  (cost=424.61..424.88 rows=105 width=121)
	  Sort Key: c
	  ->  Index Scan using sbtest2_pkey on sbtest2  (cost=0.43..421.09 rows=105 width=121)
	        Index Cond: ((id >= 6865469) AND (id <= 6865568))

table 3 : explain SELECT c FROM sbtest3 WHERE id BETWEEN 9566821 AND 9566920 ORDER BY c
	Sort  (cost=383.75..383.99 rows=95 width=121)
	  Sort Key: c
	  ->  Index Scan using sbtest3_pkey on sbtest3  (cost=0.43..380.63 rows=95 width=121)
	        Index Cond: ((id >= 9566821) AND (id <= 9566920))

table 4 : explain SELECT c FROM sbtest4 WHERE id BETWEEN 8934158 AND 8934257 ORDER BY c
	Sort  (cost=427.43..427.69 rows=106 width=121)
	  Sort Key: c
	  ->  Index Scan using sbtest4_pkey on sbtest4  (cost=0.43..423.86 rows=106 width=121)
	        Index Cond: ((id >= 8934158) AND (id <= 8934257))

table 5 : explain SELECT c FROM sbtest5 WHERE id BETWEEN 4414029 AND 4414128 ORDER BY c
	Sort  (cost=399.91..400.15 rows=99 width=121)
	  Sort Key: c
	  ->  Index Scan using sbtest5_pkey on sbtest5  (cost=0.43..396.62 rows=99 width=121)
	        Index Cond: ((id >= 4414029) AND (id <= 4414128))

table 6 : explain SELECT c FROM sbtest6 WHERE id BETWEEN 11725 AND 11824 ORDER BY c
	Sort  (cost=383.36..383.59 rows=95 width=121)
	  Sort Key: c
	  ->  Index Scan using sbtest6_pkey on sbtest6  (cost=0.43..380.24 rows=95 width=121)
	        Index Cond: ((id >= 11725) AND (id <= 11824))

table 7 : explain SELECT c FROM sbtest7 WHERE id BETWEEN 6653057 AND 6653156 ORDER BY c
	Sort  (cost=367.67..367.90 rows=91 width=121)
	  Sort Key: c
	  ->  Index Scan using sbtest7_pkey on sbtest7  (cost=0.43..364.71 rows=91 width=121)
	        Index Cond: ((id >= 6653057) AND (id <= 6653156))

table 8 : explain SELECT c FROM sbtest8 WHERE id BETWEEN 8071262 AND 8071361 ORDER BY c
	Sort  (cost=422.11..422.38 rows=105 width=121)
	  Sort Key: c
	  ->  Index Scan using sbtest8_pkey on sbtest8  (cost=0.43..418.59 rows=105 width=121)
	        Index Cond: ((id >= 8071262) AND (id <= 8071361))

for: order_ranges
table 1 : explain SELECT c FROM sbtest1 WHERE id BETWEEN 8552707 AND 8552806 ORDER BY c
	Sort  (cost=413.27..413.53 rows=102 width=121)
	  Sort Key: c
	  ->  Index Scan using sbtest1_pkey on sbtest1  (cost=0.43..409.87 rows=102 width=121)
	        Index Cond: ((id >= 8552707) AND (id <= 8552806))

table 2 : explain SELECT c FROM sbtest2 WHERE id BETWEEN 4011206 AND 4011305 ORDER BY c
	Sort  (cost=432.63..432.90 rows=107 width=121)
	  Sort Key: c
	  ->  Index Scan using sbtest2_pkey on sbtest2  (cost=0.43..429.02 rows=107 width=121)
	        Index Cond: ((id >= 4011206) AND (id <= 4011305))

table 3 : explain SELECT c FROM sbtest3 WHERE id BETWEEN 3207883 AND 3207982 ORDER BY c
	Sort  (cost=395.75..395.99 rows=98 width=121)
	  Sort Key: c
	  ->  Index Scan using sbtest3_pkey on sbtest3  (cost=0.43..392.51 rows=98 width=121)
	        Index Cond: ((id >= 3207883) AND (id <= 3207982))

table 4 : explain SELECT c FROM sbtest4 WHERE id BETWEEN 8731696 AND 8731795 ORDER BY c
	Sort  (cost=443.42..443.69 rows=110 width=121)
	  Sort Key: c
	  ->  Index Scan using sbtest4_pkey on sbtest4  (cost=0.43..439.69 rows=110 width=121)
	        Index Cond: ((id >= 8731696) AND (id <= 8731795))

table 5 : explain SELECT c FROM sbtest5 WHERE id BETWEEN 8268571 AND 8268670 ORDER BY c
	Sort  (cost=407.91..408.16 rows=101 width=121)
	  Sort Key: c
	  ->  Index Scan using sbtest5_pkey on sbtest5  (cost=0.43..404.54 rows=101 width=121)
	        Index Cond: ((id >= 8268571) AND (id <= 8268670))

table 6 : explain SELECT c FROM sbtest6 WHERE id BETWEEN 6569866 AND 6569965 ORDER BY c
	Sort  (cost=387.35..387.59 rows=96 width=121)
	  Sort Key: c
	  ->  Index Scan using sbtest6_pkey on sbtest6  (cost=0.43..384.19 rows=96 width=121)
	        Index Cond: ((id >= 6569866) AND (id <= 6569965))

table 7 : explain SELECT c FROM sbtest7 WHERE id BETWEEN 9503227 AND 9503326 ORDER BY c
	Sort  (cost=391.67..391.92 rows=97 width=121)
	  Sort Key: c
	  ->  Index Scan using sbtest7_pkey on sbtest7  (cost=0.43..388.47 rows=97 width=121)
	        Index Cond: ((id >= 9503227) AND (id <= 9503326))

table 8 : explain SELECT c FROM sbtest8 WHERE id BETWEEN 3264877 AND 3264976 ORDER BY c
	Sort  (cost=426.10..426.36 rows=106 width=121)
	  Sort Key: c
	  ->  Index Scan using sbtest8_pkey on sbtest8  (cost=0.43..422.53 rows=106 width=121)
	        Index Cond: ((id >= 3264877) AND (id <= 3264976))

for: simple_ranges
table 1 : explain SELECT c FROM sbtest1 WHERE id BETWEEN 7272816 AND 7272915
	Index Scan using sbtest1_pkey on sbtest1  (cost=0.43..417.82 rows=104 width=121)
	  Index Cond: ((id >= 7272816) AND (id <= 7272915))

table 2 : explain SELECT c FROM sbtest2 WHERE id BETWEEN 1111683 AND 1111782
	Index Scan using sbtest2_pkey on sbtest2  (cost=0.43..401.25 rows=100 width=121)
	  Index Cond: ((id >= 1111683) AND (id <= 1111782))

table 3 : explain SELECT c FROM sbtest3 WHERE id BETWEEN 2627227 AND 2627326
	Index Scan using sbtest3_pkey on sbtest3  (cost=0.43..428.15 rows=107 width=121)
	  Index Cond: ((id >= 2627227) AND (id <= 2627326))

table 4 : explain SELECT c FROM sbtest4 WHERE id BETWEEN 61071 AND 61170
	Index Scan using sbtest4_pkey on sbtest4  (cost=0.43..384.29 rows=96 width=121)
	  Index Cond: ((id >= 61071) AND (id <= 61170))

table 5 : explain SELECT c FROM sbtest5 WHERE id BETWEEN 1506011 AND 1506110
	Index Scan using sbtest5_pkey on sbtest5  (cost=0.43..380.77 rows=95 width=121)
	  Index Cond: ((id >= 1506011) AND (id <= 1506110))

table 6 : explain SELECT c FROM sbtest6 WHERE id BETWEEN 7408359 AND 7408458
	Index Scan using sbtest6_pkey on sbtest6  (cost=0.43..407.94 rows=102 width=121)
	  Index Cond: ((id >= 7408359) AND (id <= 7408458))

table 7 : explain SELECT c FROM sbtest7 WHERE id BETWEEN 6320587 AND 6320686
	Index Scan using sbtest7_pkey on sbtest7  (cost=0.43..384.50 rows=96 width=121)
	  Index Cond: ((id >= 6320587) AND (id <= 6320686))

table 8 : explain SELECT c FROM sbtest8 WHERE id BETWEEN 348311 AND 348410
	Index Scan using sbtest8_pkey on sbtest8  (cost=0.43..367.31 rows=92 width=121)
	  Index Cond: ((id >= 348311) AND (id <= 348410))

explain: for point_selects :: explain SELECT c FROM sbtest%u WHERE id=%u
for: sum_ranges
table 1 : explain SELECT SUM(k) FROM sbtest1 WHERE id BETWEEN 7201411 AND 7201510
	Aggregate  (cost=418.08..418.09 rows=1 width=8)
	  ->  Index Scan using sbtest1_pkey on sbtest1  (cost=0.43..417.82 rows=104 width=4)
	        Index Cond: ((id >= 7201411) AND (id <= 7201510))

table 2 : explain SELECT SUM(k) FROM sbtest2 WHERE id BETWEEN 3970130 AND 3970229
	Aggregate  (cost=429.29..429.30 rows=1 width=8)
	  ->  Index Scan using sbtest2_pkey on sbtest2  (cost=0.43..429.02 rows=107 width=4)
	        Index Cond: ((id >= 3970130) AND (id <= 3970229))

table 3 : explain SELECT SUM(k) FROM sbtest3 WHERE id BETWEEN 6731209 AND 6731308
	Aggregate  (cost=420.50..420.51 rows=1 width=8)
	  ->  Index Scan using sbtest3_pkey on sbtest3  (cost=0.43..420.23 rows=105 width=4)
	        Index Cond: ((id >= 6731209) AND (id <= 6731308))

table 4 : explain SELECT SUM(k) FROM sbtest4 WHERE id BETWEEN 8508766 AND 8508865
	Aggregate  (cost=380.57..380.58 rows=1 width=8)
	  ->  Index Scan using sbtest4_pkey on sbtest4  (cost=0.43..380.33 rows=95 width=4)
	        Index Cond: ((id >= 8508766) AND (id <= 8508865))

table 5 : explain SELECT SUM(k) FROM sbtest5 WHERE id BETWEEN 4241132 AND 4241231
	Aggregate  (cost=384.97..384.98 rows=1 width=8)
	  ->  Index Scan using sbtest5_pkey on sbtest5  (cost=0.43..384.73 rows=96 width=4)
	        Index Cond: ((id >= 4241132) AND (id <= 4241231))

table 6 : explain SELECT SUM(k) FROM sbtest6 WHERE id BETWEEN 6017772 AND 6017871
	Aggregate  (cost=396.32..396.33 rows=1 width=8)
	  ->  Index Scan using sbtest6_pkey on sbtest6  (cost=0.43..396.07 rows=99 width=4)
	        Index Cond: ((id >= 6017772) AND (id <= 6017871))

table 7 : explain SELECT SUM(k) FROM sbtest7 WHERE id BETWEEN 4077493 AND 4077592
	Aggregate  (cost=392.68..392.69 rows=1 width=8)
	  ->  Index Scan using sbtest7_pkey on sbtest7  (cost=0.43..392.43 rows=98 width=4)
	        Index Cond: ((id >= 4077493) AND (id <= 4077592))

table 8 : explain SELECT SUM(k) FROM sbtest8 WHERE id BETWEEN 7367855 AND 7367954
	Aggregate  (cost=387.29..387.30 rows=1 width=8)
	  ->  Index Scan using sbtest8_pkey on sbtest8  (cost=0.43..387.05 rows=97 width=4)
	        Index Cond: ((id >= 7367855) AND (id <= 7367954))

for: distinct_ranges
table 1 : explain SELECT DISTINCT c FROM sbtest1 WHERE id BETWEEN 3644478 AND 3644577 ORDER BY c
	Unique  (cost=401.22..401.71 rows=99 width=121)
	  ->  Sort  (cost=401.22..401.47 rows=99 width=121)
	        Sort Key: c
	        ->  Index Scan using sbtest1_pkey on sbtest1  (cost=0.43..397.94 rows=99 width=121)
	              Index Cond: ((id >= 3644478) AND (id <= 3644577))

table 2 : explain SELECT DISTINCT c FROM sbtest2 WHERE id BETWEEN 8107229 AND 8107328 ORDER BY c
	Unique  (cost=424.61..425.14 rows=105 width=121)
	  ->  Sort  (cost=424.61..424.88 rows=105 width=121)
	        Sort Key: c
	        ->  Index Scan using sbtest2_pkey on sbtest2  (cost=0.43..421.09 rows=105 width=121)
	              Index Cond: ((id >= 8107229) AND (id <= 8107328))

table 3 : explain SELECT DISTINCT c FROM sbtest3 WHERE id BETWEEN 9269509 AND 9269608 ORDER BY c
	Unique  (cost=415.76..416.27 rows=103 width=121)
	  ->  Sort  (cost=415.76..416.02 rows=103 width=121)
	        Sort Key: c
	        ->  Index Scan using sbtest3_pkey on sbtest3  (cost=0.43..412.32 rows=103 width=121)
	              Index Cond: ((id >= 9269509) AND (id <= 9269608))

table 4 : explain SELECT DISTINCT c FROM sbtest4 WHERE id BETWEEN 6548239 AND 6548338 ORDER BY c
	Unique  (cost=447.41..447.97 rows=111 width=121)
	  ->  Sort  (cost=447.41..447.69 rows=111 width=121)
	        Sort Key: c
	        ->  Index Scan using sbtest4_pkey on sbtest4  (cost=0.43..443.64 rows=111 width=121)
	              Index Cond: ((id >= 6548239) AND (id <= 6548338))

table 5 : explain SELECT DISTINCT c FROM sbtest5 WHERE id BETWEEN 5368807 AND 5368906 ORDER BY c
	Unique  (cost=371.89..372.35 rows=92 width=121)
	  ->  Sort  (cost=371.89..372.12 rows=92 width=121)
	        Sort Key: c
	        ->  Index Scan using sbtest5_pkey on sbtest5  (cost=0.43..368.89 rows=92 width=121)
	              Index Cond: ((id >= 5368807) AND (id <= 5368906))

table 6 : explain SELECT DISTINCT c FROM sbtest6 WHERE id BETWEEN 6077282 AND 6077381 ORDER BY c
	Unique  (cost=399.35..399.85 rows=99 width=121)
	  ->  Sort  (cost=399.35..399.60 rows=99 width=121)
	        Sort Key: c
	        ->  Index Scan using sbtest6_pkey on sbtest6  (cost=0.43..396.07 rows=99 width=121)
	              Index Cond: ((id >= 6077282) AND (id <= 6077381))

table 7 : explain SELECT DISTINCT c FROM sbtest7 WHERE id BETWEEN 6661164 AND 6661263 ORDER BY c
	Unique  (cost=471.65..472.24 rows=117 width=121)
	  ->  Sort  (cost=471.65..471.95 rows=117 width=121)
	        Sort Key: c
	        ->  Index Scan using sbtest7_pkey on sbtest7  (cost=0.43..467.63 rows=117 width=121)
	              Index Cond: ((id >= 6661164) AND (id <= 6661263))

table 8 : explain SELECT DISTINCT c FROM sbtest8 WHERE id BETWEEN 7346909 AND 7347008 ORDER BY c
	Unique  (cost=390.25..390.73 rows=97 width=121)
	  ->  Sort  (cost=390.25..390.49 rows=97 width=121)
	        Sort Key: c
	        ->  Index Scan using sbtest8_pkey on sbtest8  (cost=0.43..387.05 rows=97 width=121)
	              Index Cond: ((id >= 7346909) AND (id <= 7347008))

for: simple_ranges
table 1 : explain SELECT c FROM sbtest1 WHERE id BETWEEN 1137291 AND 1137390
	Index Scan using sbtest1_pkey on sbtest1  (cost=0.43..405.88 rows=101 width=121)
	  Index Cond: ((id >= 1137291) AND (id <= 1137390))

table 2 : explain SELECT c FROM sbtest2 WHERE id BETWEEN 5668155 AND 5668254
	Index Scan using sbtest2_pkey on sbtest2  (cost=0.43..385.37 rows=96 width=121)
	  Index Cond: ((id >= 5668155) AND (id <= 5668254))

table 3 : explain SELECT c FROM sbtest3 WHERE id BETWEEN 3713 AND 3812
	Index Scan using sbtest3_pkey on sbtest3  (cost=0.43..420.23 rows=105 width=121)
	  Index Cond: ((id >= 3713) AND (id <= 3812))

table 4 : explain SELECT c FROM sbtest4 WHERE id BETWEEN 9429690 AND 9429789
	Index Scan using sbtest4_pkey on sbtest4  (cost=0.43..415.95 rows=104 width=121)
	  Index Cond: ((id >= 9429690) AND (id <= 9429789))

table 5 : explain SELECT c FROM sbtest5 WHERE id BETWEEN 4119286 AND 4119385
	Index Scan using sbtest5_pkey on sbtest5  (cost=0.43..376.81 rows=94 width=121)
	  Index Cond: ((id >= 4119286) AND (id <= 4119385))

table 6 : explain SELECT c FROM sbtest6 WHERE id BETWEEN 238210 AND 238309
	Index Scan using sbtest6_pkey on sbtest6  (cost=0.43..423.76 rows=106 width=121)
	  Index Cond: ((id >= 238210) AND (id <= 238309))

table 7 : explain SELECT c FROM sbtest7 WHERE id BETWEEN 1312037 AND 1312136
	Index Scan using sbtest7_pkey on sbtest7  (cost=0.43..388.47 rows=97 width=121)
	  Index Cond: ((id >= 1312037) AND (id <= 1312136))

table 8 : explain SELECT c FROM sbtest8 WHERE id BETWEEN 4811336 AND 4811435
	Index Scan using sbtest8_pkey on sbtest8  (cost=0.43..347.60 rows=87 width=121)
	  Index Cond: ((id >= 4811336) AND (id <= 4811435))

for: distinct_ranges
table 1 : explain SELECT DISTINCT c FROM sbtest1 WHERE id BETWEEN 1472840 AND 1472939 ORDER BY c
	Unique  (cost=413.27..413.78 rows=102 width=121)
	  ->  Sort  (cost=413.27..413.53 rows=102 width=121)
	        Sort Key: c
	        ->  Index Scan using sbtest1_pkey on sbtest1  (cost=0.43..409.87 rows=102 width=121)
	              Index Cond: ((id >= 1472840) AND (id <= 1472939))

table 2 : explain SELECT DISTINCT c FROM sbtest2 WHERE id BETWEEN 3455780 AND 3455879 ORDER BY c
	Unique  (cost=408.58..409.09 rows=101 width=121)
	  ->  Sort  (cost=408.58..408.83 rows=101 width=121)
	        Sort Key: c
	        ->  Index Scan using sbtest2_pkey on sbtest2  (cost=0.43..405.22 rows=101 width=121)
	              Index Cond: ((id >= 3455780) AND (id <= 3455879))

table 3 : explain SELECT DISTINCT c FROM sbtest3 WHERE id BETWEEN 1191224 AND 1191323 ORDER BY c
	Unique  (cost=391.75..392.23 rows=97 width=121)
	  ->  Sort  (cost=391.75..391.99 rows=97 width=121)
	        Sort Key: c
	        ->  Index Scan using sbtest3_pkey on sbtest3  (cost=0.43..388.55 rows=97 width=121)
	              Index Cond: ((id >= 1191224) AND (id <= 1191323))

table 4 : explain SELECT DISTINCT c FROM sbtest4 WHERE id BETWEEN 46196 AND 46295 ORDER BY c
	Unique  (cost=387.45..387.93 rows=96 width=121)
	  ->  Sort  (cost=387.45..387.69 rows=96 width=121)
	        Sort Key: c
	        ->  Index Scan using sbtest4_pkey on sbtest4  (cost=0.43..384.29 rows=96 width=121)
	              Index Cond: ((id >= 46196) AND (id <= 46295))

table 5 : explain SELECT DISTINCT c FROM sbtest5 WHERE id BETWEEN 9931543 AND 9931642 ORDER BY c
	Unique  (cost=419.91..420.43 rows=104 width=121)
	  ->  Sort  (cost=419.91..420.17 rows=104 width=121)
	        Sort Key: c
	        ->  Index Scan using sbtest5_pkey on sbtest5  (cost=0.43..416.43 rows=104 width=121)
	              Index Cond: ((id >= 9931543) AND (id <= 9931642))

table 6 : explain SELECT DISTINCT c FROM sbtest6 WHERE id BETWEEN 9080601 AND 9080700 ORDER BY c
	Unique  (cost=455.29..455.86 rows=113 width=121)
	  ->  Sort  (cost=455.29..455.57 rows=113 width=121)
	        Sort Key: c
	        ->  Index Scan using sbtest6_pkey on sbtest6  (cost=0.43..451.44 rows=113 width=121)
	              Index Cond: ((id >= 9080601) AND (id <= 9080700))

table 7 : explain SELECT DISTINCT c FROM sbtest7 WHERE id BETWEEN 6417889 AND 6417988 ORDER BY c
	Unique  (cost=371.67..372.13 rows=92 width=121)
	  ->  Sort  (cost=371.67..371.90 rows=92 width=121)
	        Sort Key: c
	        ->  Index Scan using sbtest7_pkey on sbtest7  (cost=0.43..368.67 rows=92 width=121)
	              Index Cond: ((id >= 6417889) AND (id <= 6417988))

table 8 : explain SELECT DISTINCT c FROM sbtest8 WHERE id BETWEEN 1638096 AND 1638195 ORDER BY c
	Unique  (cost=414.15..414.66 rows=103 width=121)
	  ->  Sort  (cost=414.15..414.40 rows=103 width=121)
	        Sort Key: c
	        ->  Index Scan using sbtest8_pkey on sbtest8  (cost=0.43..410.70 rows=103 width=121)
	              Index Cond: ((id >= 1638096) AND (id <= 1638195))
for: distinct_ranges
table 1 : explain SELECT DISTINCT c FROM sbtest1 WHERE id BETWEEN 3050439 AND 3050538 ORDER BY c
	Unique  (cost=437.36..437.90 rows=108 width=121)
	  ->  Sort  (cost=437.36..437.63 rows=108 width=121)
	        Sort Key: c
	        ->  Index Scan using sbtest1_pkey on sbtest1  (cost=0.43..433.71 rows=108 width=121)
	              Index Cond: ((id >= 3050439) AND (id <= 3050538))

table 2 : explain SELECT DISTINCT c FROM sbtest2 WHERE id BETWEEN 3785430 AND 3785529 ORDER BY c
	Unique  (cost=412.59..413.10 rows=102 width=121)
	  ->  Sort  (cost=412.59..412.84 rows=102 width=121)
	        Sort Key: c
	        ->  Index Scan using sbtest2_pkey on sbtest2  (cost=0.43..409.19 rows=102 width=121)
	              Index Cond: ((id >= 3785430) AND (id <= 3785529))

table 3 : explain SELECT DISTINCT c FROM sbtest3 WHERE id BETWEEN 1942476 AND 1942575 ORDER BY c
	Unique  (cost=395.75..396.24 rows=98 width=121)
	  ->  Sort  (cost=395.75..395.99 rows=98 width=121)
	        Sort Key: c
	        ->  Index Scan using sbtest3_pkey on sbtest3  (cost=0.43..392.51 rows=98 width=121)
	              Index Cond: ((id >= 1942476) AND (id <= 1942575))

table 4 : explain SELECT DISTINCT c FROM sbtest4 WHERE id BETWEEN 6499437 AND 6499536 ORDER BY c
	Unique  (cost=439.42..439.97 rows=109 width=121)
	  ->  Sort  (cost=439.42..439.69 rows=109 width=121)
	        Sort Key: c
	        ->  Index Scan using sbtest4_pkey on sbtest4  (cost=0.43..435.73 rows=109 width=121)
	              Index Cond: ((id >= 6499437) AND (id <= 6499536))

table 5 : explain SELECT DISTINCT c FROM sbtest5 WHERE id BETWEEN 8870524 AND 8870623 ORDER BY c
	Unique  (cost=399.91..400.40 rows=99 width=121)
	  ->  Sort  (cost=399.91..400.15 rows=99 width=121)
	        Sort Key: c
	        ->  Index Scan using sbtest5_pkey on sbtest5  (cost=0.43..396.62 rows=99 width=121)
	              Index Cond: ((id >= 8870524) AND (id <= 8870623))

table 6 : explain SELECT DISTINCT c FROM sbtest6 WHERE id BETWEEN 6546669 AND 6546768 ORDER BY c
	Unique  (cost=387.35..387.83 rows=96 width=121)
	  ->  Sort  (cost=387.35..387.59 rows=96 width=121)
	        Sort Key: c
	        ->  Index Scan using sbtest6_pkey on sbtest6  (cost=0.43..384.19 rows=96 width=121)
	              Index Cond: ((id >= 6546669) AND (id <= 6546768))

table 7 : explain SELECT DISTINCT c FROM sbtest7 WHERE id BETWEEN 9219500 AND 9219599 ORDER BY c
	Unique  (cost=383.66..384.14 rows=95 width=121)
	  ->  Sort  (cost=383.66..383.90 rows=95 width=121)
	        Sort Key: c
	        ->  Index Scan using sbtest7_pkey on sbtest7  (cost=0.43..380.54 rows=95 width=121)
	              Index Cond: ((id >= 9219500) AND (id <= 9219599))

table 8 : explain SELECT DISTINCT c FROM sbtest8 WHERE id BETWEEN 9448921 AND 9449020 ORDER BY c
	Unique  (cost=406.18..406.69 rows=101 width=121)
	  ->  Sort  (cost=406.18..406.43 rows=101 width=121)
	        Sort Key: c
	        ->  Index Scan using sbtest8_pkey on sbtest8  (cost=0.43..402.82 rows=101 width=121)
	              Index Cond: ((id >= 9448921) AND (id <= 9449020))
for: distinct_ranges
table 1 : explain SELECT DISTINCT c FROM sbtest1 WHERE id BETWEEN 8019804 AND 8019903 ORDER BY c
	Unique  (cost=389.18..389.66 rows=96 width=121)
	  ->  Sort  (cost=389.18..389.42 rows=96 width=121)
	        Sort Key: c
	        ->  Index Scan using sbtest1_pkey on sbtest1  (cost=0.43..386.01 rows=96 width=121)
	              Index Cond: ((id >= 8019804) AND (id <= 8019903))

table 2 : explain SELECT DISTINCT c FROM sbtest2 WHERE id BETWEEN 6168489 AND 6168588 ORDER BY c
	Unique  (cost=408.58..409.09 rows=101 width=121)
	  ->  Sort  (cost=408.58..408.83 rows=101 width=121)
	        Sort Key: c
	        ->  Index Scan using sbtest2_pkey on sbtest2  (cost=0.43..405.22 rows=101 width=121)
	              Index Cond: ((id >= 6168489) AND (id <= 6168588))

table 3 : explain SELECT DISTINCT c FROM sbtest3 WHERE id BETWEEN 3132110 AND 3132209 ORDER BY c
	Unique  (cost=411.76..412.27 rows=102 width=121)
	  ->  Sort  (cost=411.76..412.02 rows=102 width=121)
	        Sort Key: c
	        ->  Index Scan using sbtest3_pkey on sbtest3  (cost=0.43..408.36 rows=102 width=121)
	              Index Cond: ((id >= 3132110) AND (id <= 3132209))

table 4 : explain SELECT DISTINCT c FROM sbtest4 WHERE id BETWEEN 2247593 AND 2247692 ORDER BY c
	Unique  (cost=455.41..455.97 rows=113 width=121)
	  ->  Sort  (cost=455.41..455.69 rows=113 width=121)
	        Sort Key: c
	        ->  Index Scan using sbtest4_pkey on sbtest4  (cost=0.43..451.55 rows=113 width=121)
	              Index Cond: ((id >= 2247593) AND (id <= 2247692))

table 5 : explain SELECT DISTINCT c FROM sbtest5 WHERE id BETWEEN 5016661 AND 5016760 ORDER BY c
	Unique  (cost=403.91..404.41 rows=100 width=121)
	  ->  Sort  (cost=403.91..404.16 rows=100 width=121)
	        Sort Key: c
	        ->  Index Scan using sbtest5_pkey on sbtest5  (cost=0.43..400.58 rows=100 width=121)
	              Index Cond: ((id >= 5016661) AND (id <= 5016760))

table 6 : explain SELECT DISTINCT c FROM sbtest6 WHERE id BETWEEN 5456063 AND 5456162 ORDER BY c
	Unique  (cost=387.35..387.83 rows=96 width=121)
	  ->  Sort  (cost=387.35..387.59 rows=96 width=121)
	        Sort Key: c
	        ->  Index Scan using sbtest6_pkey on sbtest6  (cost=0.43..384.19 rows=96 width=121)
	              Index Cond: ((id >= 5456063) AND (id <= 5456162))

table 7 : explain SELECT DISTINCT c FROM sbtest7 WHERE id BETWEEN 6739152 AND 6739251 ORDER BY c
	Unique  (cost=471.65..472.24 rows=117 width=121)
	  ->  Sort  (cost=471.65..471.95 rows=117 width=121)
	        Sort Key: c
	        ->  Index Scan using sbtest7_pkey on sbtest7  (cost=0.43..467.63 rows=117 width=121)
	              Index Cond: ((id >= 6739152) AND (id <= 6739251))

table 8 : explain SELECT DISTINCT c FROM sbtest8 WHERE id BETWEEN 8984981 AND 8985080 ORDER BY c
	Unique  (cost=418.13..418.65 rows=104 width=121)
	  ->  Sort  (cost=418.13..418.39 rows=104 width=121)
	        Sort Key: c
	        ->  Index Scan using sbtest8_pkey on sbtest8  (cost=0.43..414.65 rows=104 width=121)
	              Index Cond: ((id >= 8984981) AND (id <= 8985080))



for point_selects
table 1 : explain SELECT c FROM sbtest1 WHERE id=4292678
	Index Scan using sbtest1_pkey on sbtest1  (cost=0.43..8.45 rows=1 width=121)
	  Index Cond: (id = 4292678)

table 2 : explain SELECT c FROM sbtest2 WHERE id=3738593
	Index Scan using sbtest2_pkey on sbtest2  (cost=0.43..8.45 rows=1 width=121)
	  Index Cond: (id = 3738593)

table 3 : explain SELECT c FROM sbtest3 WHERE id=5703459
	Index Scan using sbtest3_pkey on sbtest3  (cost=0.43..8.45 rows=1 width=121)
	  Index Cond: (id = 5703459)

table 4 : explain SELECT c FROM sbtest4 WHERE id=4926808
	Index Scan using sbtest4_pkey on sbtest4  (cost=0.43..8.45 rows=1 width=121)
	  Index Cond: (id = 4926808)

table 5 : explain SELECT c FROM sbtest5 WHERE id=3718708
	Index Scan using sbtest5_pkey on sbtest5  (cost=0.43..8.45 rows=1 width=121)
	  Index Cond: (id = 3718708)

table 6 : explain SELECT c FROM sbtest6 WHERE id=5238896
	Index Scan using sbtest6_pkey on sbtest6  (cost=0.43..8.45 rows=1 width=121)
	  Index Cond: (id = 5238896)

table 7 : explain SELECT c FROM sbtest7 WHERE id=258765
	Index Scan using sbtest7_pkey on sbtest7  (cost=0.43..8.45 rows=1 width=121)
	  Index Cond: (id = 258765)

table 8 : explain SELECT c FROM sbtest8 WHERE id=7626630
	Index Scan using sbtest8_pkey on sbtest8  (cost=0.43..8.45 rows=1 width=121)
	  Index Cond: (id = 7626630)

for: order_ranges
table 1 : explain SELECT c FROM sbtest1 WHERE id BETWEEN 3916881 AND 3916980 ORDER BY c
	Sort  (cost=417.29..417.55 rows=103 width=121)
	  Sort Key: c
	  ->  Index Scan using sbtest1_pkey on sbtest1  (cost=0.43..413.84 rows=103 width=121)
	        Index Cond: ((id >= 3916881) AND (id <= 3916980))

table 2 : explain SELECT c FROM sbtest2 WHERE id BETWEEN 5078680 AND 5078779 ORDER BY c
	Sort  (cost=432.63..432.90 rows=107 width=121)
	  Sort Key: c
	  ->  Index Scan using sbtest2_pkey on sbtest2  (cost=0.43..429.02 rows=107 width=121)
	        Index Cond: ((id >= 5078680) AND (id <= 5078779))

table 3 : explain SELECT c FROM sbtest3 WHERE id BETWEEN 3076873 AND 3076972 ORDER BY c
	Sort  (cost=387.75..387.99 rows=96 width=121)
	  Sort Key: c
	  ->  Index Scan using sbtest3_pkey on sbtest3  (cost=0.43..384.59 rows=96 width=121)
	        Index Cond: ((id >= 3076873) AND (id <= 3076972))

table 4 : explain SELECT c FROM sbtest4 WHERE id BETWEEN 6807535 AND 6807634 ORDER BY c
	Sort  (cost=411.44..411.70 rows=102 width=121)
	  Sort Key: c
	  ->  Index Scan using sbtest4_pkey on sbtest4  (cost=0.43..408.04 rows=102 width=121)
	        Index Cond: ((id >= 6807535) AND (id <= 6807634))

table 5 : explain SELECT c FROM sbtest5 WHERE id BETWEEN 9408169 AND 9408268 ORDER BY c
	Sort  (cost=391.89..392.13 rows=97 width=121)
	  Sort Key: c
	  ->  Index Scan using sbtest5_pkey on sbtest5  (cost=0.43..388.69 rows=97 width=121)
	        Index Cond: ((id >= 9408169) AND (id <= 9408268))

table 6 : explain SELECT c FROM sbtest6 WHERE id BETWEEN 2372204 AND 2372303 ORDER BY c
	Sort  (cost=435.31..435.58 rows=108 width=121)
	  Sort Key: c
	  ->  Index Scan using sbtest6_pkey on sbtest6  (cost=0.43..431.66 rows=108 width=121)
	        Index Cond: ((id >= 2372204) AND (id <= 2372303))

table 7 : explain SELECT c FROM sbtest7 WHERE id BETWEEN 5456176 AND 5456275 ORDER BY c
	Sort  (cost=411.67..411.92 rows=102 width=121)
	  Sort Key: c
	  ->  Index Scan using sbtest7_pkey on sbtest7  (cost=0.43..408.26 rows=102 width=121)
	        Index Cond: ((id >= 5456176) AND (id <= 5456275))

table 8 : explain SELECT c FROM sbtest8 WHERE id BETWEEN 1411279 AND 1411378 ORDER BY c
	Sort  (cost=402.20..402.45 rows=100 width=121)
	  Sort Key: c
	  ->  Index Scan using sbtest8_pkey on sbtest8  (cost=0.43..398.87 rows=100 width=121)
	        Index Cond: ((id >= 1411279) AND (id <= 1411378))

for: sum_ranges
table 1 : explain SELECT SUM(k) FROM sbtest1 WHERE id BETWEEN 2132577 AND 2132676
	Aggregate  (cost=386.25..386.26 rows=1 width=8)
	  ->  Index Scan using sbtest1_pkey on sbtest1  (cost=0.43..386.01 rows=96 width=4)
	        Index Cond: ((id >= 2132577) AND (id <= 2132676))

table 2 : explain SELECT SUM(k) FROM sbtest2 WHERE id BETWEEN 9556777 AND 9556876
	Aggregate  (cost=425.32..425.33 rows=1 width=8)
	  ->  Index Scan using sbtest2_pkey on sbtest2  (cost=0.43..425.06 rows=106 width=4)
	        Index Cond: ((id >= 9556777) AND (id <= 9556876))

table 3 : explain SELECT SUM(k) FROM sbtest3 WHERE id BETWEEN 4022605 AND 4022704
	Aggregate  (cost=376.91..376.92 rows=1 width=8)
	  ->  Index Scan using sbtest3_pkey on sbtest3  (cost=0.43..376.67 rows=94 width=4)
	        Index Cond: ((id >= 4022605) AND (id <= 4022704))

table 4 : explain SELECT SUM(k) FROM sbtest4 WHERE id BETWEEN 9828246 AND 9828345
	Aggregate  (cost=424.13..424.14 rows=1 width=8)
	  ->  Index Scan using sbtest4_pkey on sbtest4  (cost=0.43..423.86 rows=106 width=4)
	        Index Cond: ((id >= 9828246) AND (id <= 9828345))

table 5 : explain SELECT SUM(k) FROM sbtest5 WHERE id BETWEEN 9389141 AND 9389240
	Aggregate  (cost=420.65..420.66 rows=1 width=8)
	  ->  Index Scan using sbtest5_pkey on sbtest5  (cost=0.43..420.39 rows=105 width=4)
	        Index Cond: ((id >= 9389141) AND (id <= 9389240))

table 6 : explain SELECT SUM(k) FROM sbtest6 WHERE id BETWEEN 4819524 AND 4819623
	Aggregate  (cost=396.32..396.33 rows=1 width=8)
	  ->  Index Scan using sbtest6_pkey on sbtest6  (cost=0.43..396.07 rows=99 width=4)
	        Index Cond: ((id >= 4819524) AND (id <= 4819623))

table 7 : explain SELECT SUM(k) FROM sbtest7 WHERE id BETWEEN 5510793 AND 5510892
	Aggregate  (cost=412.48..412.49 rows=1 width=8)
	  ->  Index Scan using sbtest7_pkey on sbtest7  (cost=0.43..412.22 rows=103 width=4)
	        Index Cond: ((id >= 5510793) AND (id <= 5510892))

table 8 : explain SELECT SUM(k) FROM sbtest8 WHERE id BETWEEN 4530482 AND 4530581
	Aggregate  (cost=410.96..410.97 rows=1 width=8)
	  ->  Index Scan using sbtest8_pkey on sbtest8  (cost=0.43..410.70 rows=103 width=4)
	        Index Cond: ((id >= 4530482) AND (id <= 4530581))

explain: for point_selects :: explain SELECT c FROM sbtest%u WHERE id=%u
for point_selects
table 1 : explain SELECT c FROM sbtest1 WHERE id=8175110
	Index Scan using sbtest1_pkey on sbtest1  (cost=0.43..8.45 rows=1 width=121)
	  Index Cond: (id = 8175110)

table 2 : explain SELECT c FROM sbtest2 WHERE id=3697824
	Index Scan using sbtest2_pkey on sbtest2  (cost=0.43..8.45 rows=1 width=121)
	  Index Cond: (id = 3697824)

table 3 : explain SELECT c FROM sbtest3 WHERE id=7752109
	Index Scan using sbtest3_pkey on sbtest3  (cost=0.43..8.45 rows=1 width=121)
	  Index Cond: (id = 7752109)

table 4 : explain SELECT c FROM sbtest4 WHERE id=3362452
	Index Scan using sbtest4_pkey on sbtest4  (cost=0.43..8.45 rows=1 width=121)
	  Index Cond: (id = 3362452)

table 5 : explain SELECT c FROM sbtest5 WHERE id=4659931
	Index Scan using sbtest5_pkey on sbtest5  (cost=0.43..8.45 rows=1 width=121)
	  Index Cond: (id = 4659931)

table 6 : explain SELECT c FROM sbtest6 WHERE id=197738
	Index Scan using sbtest6_pkey on sbtest6  (cost=0.43..8.45 rows=1 width=121)
	  Index Cond: (id = 197738)

table 7 : explain SELECT c FROM sbtest7 WHERE id=943044
	Index Scan using sbtest7_pkey on sbtest7  (cost=0.43..8.45 rows=1 width=121)
	  Index Cond: (id = 943044)

table 8 : explain SELECT c FROM sbtest8 WHERE id=4880418
	Index Scan using sbtest8_pkey on sbtest8  (cost=0.43..8.45 rows=1 width=121)
	  Index Cond: (id = 4880418)

for: distinct_ranges
table 1 : explain SELECT DISTINCT c FROM sbtest1 WHERE id BETWEEN 1865136 AND 1865235 ORDER BY c
	Unique  (cost=373.12..373.58 rows=92 width=121)
	  ->  Sort  (cost=373.12..373.35 rows=92 width=121)
	        Sort Key: c
	        ->  Index Scan using sbtest1_pkey on sbtest1  (cost=0.43..370.12 rows=92 width=121)
	              Index Cond: ((id >= 1865136) AND (id <= 1865235))

table 2 : explain SELECT DISTINCT c FROM sbtest2 WHERE id BETWEEN 9910817 AND 9910916 ORDER BY c
	Unique  (cost=400.55..401.05 rows=99 width=121)
	  ->  Sort  (cost=400.55..400.80 rows=99 width=121)
	        Sort Key: c
	        ->  Index Scan using sbtest2_pkey on sbtest2  (cost=0.43..397.27 rows=99 width=121)
	              Index Cond: ((id >= 9910817) AND (id <= 9910916))

table 3 : explain SELECT DISTINCT c FROM sbtest3 WHERE id BETWEEN 7047539 AND 7047638 ORDER BY c
	Unique  (cost=403.76..404.26 rows=100 width=121)
	  ->  Sort  (cost=403.76..404.01 rows=100 width=121)
	        Sort Key: c
	        ->  Index Scan using sbtest3_pkey on sbtest3  (cost=0.43..400.44 rows=100 width=121)
	              Index Cond: ((id >= 7047539) AND (id <= 7047638))

table 4 : explain SELECT DISTINCT c FROM sbtest4 WHERE id BETWEEN 8506005 AND 8506104 ORDER BY c
	Unique  (cost=383.45..383.93 rows=95 width=121)
	  ->  Sort  (cost=383.45..383.69 rows=95 width=121)
	        Sort Key: c
	        ->  Index Scan using sbtest4_pkey on sbtest4  (cost=0.43..380.33 rows=95 width=121)
	              Index Cond: ((id >= 8506005) AND (id <= 8506104))

table 5 : explain SELECT DISTINCT c FROM sbtest5 WHERE id BETWEEN 919990 AND 920089 ORDER BY c
	Unique  (cost=367.89..368.34 rows=91 width=121)
	  ->  Sort  (cost=367.89..368.11 rows=91 width=121)
	        Sort Key: c
	        ->  Index Scan using sbtest5_pkey on sbtest5  (cost=0.43..364.93 rows=91 width=121)
	              Index Cond: ((id >= 919990) AND (id <= 920089))

table 6 : explain SELECT DISTINCT c FROM sbtest6 WHERE id BETWEEN 920934 AND 921033 ORDER BY c
	Unique  (cost=403.35..403.85 rows=100 width=121)
	  ->  Sort  (cost=403.35..403.60 rows=100 width=121)
	        Sort Key: c
	        ->  Index Scan using sbtest6_pkey on sbtest6  (cost=0.43..400.03 rows=100 width=121)
	              Index Cond: ((id >= 920934) AND (id <= 921033))

table 7 : explain SELECT DISTINCT c FROM sbtest7 WHERE id BETWEEN 4867738 AND 4867837 ORDER BY c
	Unique  (cost=415.66..416.18 rows=103 width=121)
	  ->  Sort  (cost=415.66..415.92 rows=103 width=121)
	        Sort Key: c
	        ->  Index Scan using sbtest7_pkey on sbtest7  (cost=0.43..412.22 rows=103 width=121)
	              Index Cond: ((id >= 4867738) AND (id <= 4867837))

table 8 : explain SELECT DISTINCT c FROM sbtest8 WHERE id BETWEEN 7686989 AND 7687088 ORDER BY c
	Unique  (cost=414.15..414.66 rows=103 width=121)
	  ->  Sort  (cost=414.15..414.40 rows=103 width=121)
	        Sort Key: c
	        ->  Index Scan using sbtest8_pkey on sbtest8  (cost=0.43..410.70 rows=103 width=121)
	              Index Cond: ((id >= 7686989) AND (id <= 7687088))

for: simple_ranges
table 1 : explain SELECT c FROM sbtest1 WHERE id BETWEEN 1925165 AND 1925264
	Index Scan using sbtest1_pkey on sbtest1  (cost=0.43..370.12 rows=92 width=121)
	  Index Cond: ((id >= 1925165) AND (id <= 1925264))

table 2 : explain SELECT c FROM sbtest2 WHERE id BETWEEN 7020067 AND 7020166
	Index Scan using sbtest2_pkey on sbtest2  (cost=0.43..393.30 rows=98 width=121)
	  Index Cond: ((id >= 7020067) AND (id <= 7020166))

table 3 : explain SELECT c FROM sbtest3 WHERE id BETWEEN 7091091 AND 7091190
	Index Scan using sbtest3_pkey on sbtest3  (cost=0.43..400.44 rows=100 width=121)
	  Index Cond: ((id >= 7091091) AND (id <= 7091190))

table 4 : explain SELECT c FROM sbtest4 WHERE id BETWEEN 496125 AND 496224
	Index Scan using sbtest4_pkey on sbtest4  (cost=0.43..404.09 rows=101 width=121)
	  Index Cond: ((id >= 496125) AND (id <= 496224))

table 5 : explain SELECT c FROM sbtest5 WHERE id BETWEEN 7220164 AND 7220263
	Index Scan using sbtest5_pkey on sbtest5  (cost=0.43..436.23 rows=109 width=121)
	  Index Cond: ((id >= 7220164) AND (id <= 7220263))

table 6 : explain SELECT c FROM sbtest6 WHERE id BETWEEN 4020343 AND 4020442
	Index Scan using sbtest6_pkey on sbtest6  (cost=0.43..407.94 rows=102 width=121)
	  Index Cond: ((id >= 4020343) AND (id <= 4020442))

table 7 : explain SELECT c FROM sbtest7 WHERE id BETWEEN 6617130 AND 6617229
	Index Scan using sbtest7_pkey on sbtest7  (cost=0.43..364.71 rows=91 width=121)
	  Index Cond: ((id >= 6617130) AND (id <= 6617229))

table 8 : explain SELECT c FROM sbtest8 WHERE id BETWEEN 7729619 AND 7729718
	Index Scan using sbtest8_pkey on sbtest8  (cost=0.43..410.70 rows=103 width=121)
	  Index Cond: ((id >= 7729619) AND (id <= 7729718))

for: order_ranges
table 1 : explain SELECT c FROM sbtest1 WHERE id BETWEEN 6743947 AND 6744046 ORDER BY c
	Sort  (cost=405.23..405.48 rows=100 width=121)
	  Sort Key: c
	  ->  Index Scan using sbtest1_pkey on sbtest1  (cost=0.43..401.91 rows=100 width=121)
	        Index Cond: ((id >= 6743947) AND (id <= 6744046))

table 2 : explain SELECT c FROM sbtest2 WHERE id BETWEEN 3807903 AND 3808002 ORDER BY c
	Sort  (cost=432.63..432.90 rows=107 width=121)
	  Sort Key: c
	  ->  Index Scan using sbtest2_pkey on sbtest2  (cost=0.43..429.02 rows=107 width=121)
	        Index Cond: ((id >= 3807903) AND (id <= 3808002))

table 3 : explain SELECT c FROM sbtest3 WHERE id BETWEEN 4418569 AND 4418668 ORDER BY c
	Sort  (cost=403.76..404.01 rows=100 width=121)
	  Sort Key: c
	  ->  Index Scan using sbtest3_pkey on sbtest3  (cost=0.43..400.44 rows=100 width=121)
	        Index Cond: ((id >= 4418569) AND (id <= 4418668))

table 4 : explain SELECT c FROM sbtest4 WHERE id BETWEEN 8585437 AND 8585536 ORDER BY c
	Sort  (cost=395.44..395.69 rows=98 width=121)
	  Sort Key: c
	  ->  Index Scan using sbtest4_pkey on sbtest4  (cost=0.43..392.20 rows=98 width=121)
	        Index Cond: ((id >= 8585437) AND (id <= 8585536))

table 5 : explain SELECT c FROM sbtest5 WHERE id BETWEEN 6044485 AND 6044584 ORDER BY c
	Sort  (cost=367.89..368.11 rows=91 width=121)
	  Sort Key: c
	  ->  Index Scan using sbtest5_pkey on sbtest5  (cost=0.43..364.93 rows=91 width=121)
	        Index Cond: ((id >= 6044485) AND (id <= 6044584))

table 6 : explain SELECT c FROM sbtest6 WHERE id BETWEEN 5909817 AND 5909916 ORDER BY c
	Sort  (cost=435.31..435.58 rows=108 width=121)
	  Sort Key: c
	  ->  Index Scan using sbtest6_pkey on sbtest6  (cost=0.43..431.66 rows=108 width=121)
	        Index Cond: ((id >= 5909817) AND (id <= 5909916))

table 7 : explain SELECT c FROM sbtest7 WHERE id BETWEEN 296000 AND 296099 ORDER BY c
	Sort  (cost=447.66..447.93 rows=111 width=121)
	  Sort Key: c
	  ->  Index Scan using sbtest7_pkey on sbtest7  (cost=0.43..443.89 rows=111 width=121)
	        Index Cond: ((id >= 296000) AND (id <= 296099))

table 8 : explain SELECT c FROM sbtest8 WHERE id BETWEEN 9368256 AND 9368355 ORDER BY c
	Sort  (cost=418.13..418.39 rows=104 width=121)
	  Sort Key: c
	  ->  Index Scan using sbtest8_pkey on sbtest8  (cost=0.43..414.65 rows=104 width=121)
	        Index Cond: ((id >= 9368256) AND (id <= 9368355))

for: distinct_ranges
table 1 : explain SELECT DISTINCT c FROM sbtest1 WHERE id BETWEEN 5460264 AND 5460363 ORDER BY c
	Unique  (cost=385.16..385.64 rows=95 width=121)
	  ->  Sort  (cost=385.16..385.40 rows=95 width=121)
	        Sort Key: c
	        ->  Index Scan using sbtest1_pkey on sbtest1  (cost=0.43..382.04 rows=95 width=121)
	              Index Cond: ((id >= 5460264) AND (id <= 5460363))

table 2 : explain SELECT DISTINCT c FROM sbtest2 WHERE id BETWEEN 1710086 AND 1710185 ORDER BY c
	Unique  (cost=360.48..360.93 rows=89 width=121)
	  ->  Sort  (cost=360.48..360.70 rows=89 width=121)
	        Sort Key: c
	        ->  Index Scan using sbtest2_pkey on sbtest2  (cost=0.43..357.60 rows=89 width=121)
	              Index Cond: ((id >= 1710086) AND (id <= 1710185))

table 3 : explain SELECT DISTINCT c FROM sbtest3 WHERE id BETWEEN 3584850 AND 3584949 ORDER BY c
	Unique  (cost=367.75..368.21 rows=91 width=121)
	  ->  Sort  (cost=367.75..367.98 rows=91 width=121)
	        Sort Key: c
	        ->  Index Scan using sbtest3_pkey on sbtest3  (cost=0.43..364.79 rows=91 width=121)
	              Index Cond: ((id >= 3584850) AND (id <= 3584949))

table 4 : explain SELECT DISTINCT c FROM sbtest4 WHERE id BETWEEN 3043230 AND 3043329 ORDER BY c
	Unique  (cost=387.45..387.93 rows=96 width=121)
	  ->  Sort  (cost=387.45..387.69 rows=96 width=121)
	        Sort Key: c
	        ->  Index Scan using sbtest4_pkey on sbtest4  (cost=0.43..384.29 rows=96 width=121)
	              Index Cond: ((id >= 3043230) AND (id <= 3043329))

table 5 : explain SELECT DISTINCT c FROM sbtest5 WHERE id BETWEEN 1241148 AND 1241247 ORDER BY c
	Unique  (cost=403.91..404.41 rows=100 width=121)
	  ->  Sort  (cost=403.91..404.16 rows=100 width=121)
	        Sort Key: c
	        ->  Index Scan using sbtest5_pkey on sbtest5  (cost=0.43..400.58 rows=100 width=121)
	              Index Cond: ((id >= 1241148) AND (id <= 1241247))

table 6 : explain SELECT DISTINCT c FROM sbtest6 WHERE id BETWEEN 8174494 AND 8174593 ORDER BY c
	Unique  (cost=391.35..391.83 rows=97 width=121)
	  ->  Sort  (cost=391.35..391.59 rows=97 width=121)
	        Sort Key: c
	        ->  Index Scan using sbtest6_pkey on sbtest6  (cost=0.43..388.15 rows=97 width=121)
	              Index Cond: ((id >= 8174494) AND (id <= 8174593))

table 7 : explain SELECT DISTINCT c FROM sbtest7 WHERE id BETWEEN 2688406 AND 2688505 ORDER BY c
	Unique  (cost=423.66..424.19 rows=105 width=121)
	  ->  Sort  (cost=423.66..423.92 rows=105 width=121)
	        Sort Key: c
	        ->  Index Scan using sbtest7_pkey on sbtest7  (cost=0.43..420.14 rows=105 width=121)
	              Index Cond: ((id >= 2688406) AND (id <= 2688505))

table 8 : explain SELECT DISTINCT c FROM sbtest8 WHERE id BETWEEN 7126178 AND 7126277 ORDER BY c
	Unique  (cost=414.15..414.66 rows=103 width=121)
	  ->  Sort  (cost=414.15..414.40 rows=103 width=121)
	        Sort Key: c
	        ->  Index Scan using sbtest8_pkey on sbtest8  (cost=0.43..410.70 rows=103 width=121)
	              Index Cond: ((id >= 7126178) AND (id <= 7126277))

for: simple_ranges
table 1 : explain SELECT c FROM sbtest1 WHERE id BETWEEN 1639160 AND 1639259
	Index Scan using sbtest1_pkey on sbtest1  (cost=0.43..370.12 rows=92 width=121)
	  Index Cond: ((id >= 1639160) AND (id <= 1639259))

table 2 : explain SELECT c FROM sbtest2 WHERE id BETWEEN 2960347 AND 2960446
	Index Scan using sbtest2_pkey on sbtest2  (cost=0.43..425.06 rows=106 width=121)
	  Index Cond: ((id >= 2960347) AND (id <= 2960446))

table 3 : explain SELECT c FROM sbtest3 WHERE id BETWEEN 3712336 AND 3712435
	Index Scan using sbtest3_pkey on sbtest3  (cost=0.43..404.40 rows=101 width=121)
	  Index Cond: ((id >= 3712336) AND (id <= 3712435))

table 4 : explain SELECT c FROM sbtest4 WHERE id BETWEEN 6806791 AND 6806890
	Index Scan using sbtest4_pkey on sbtest4  (cost=0.43..408.04 rows=102 width=121)
	  Index Cond: ((id >= 6806791) AND (id <= 6806890))

table 5 : explain SELECT c FROM sbtest5 WHERE id BETWEEN 7002018 AND 7002117
	Index Scan using sbtest5_pkey on sbtest5  (cost=0.43..396.62 rows=99 width=121)
	  Index Cond: ((id >= 7002018) AND (id <= 7002117))

table 6 : explain SELECT c FROM sbtest6 WHERE id BETWEEN 7392962 AND 7393061
	Index Scan using sbtest6_pkey on sbtest6  (cost=0.43..407.94 rows=102 width=121)
	  Index Cond: ((id >= 7392962) AND (id <= 7393061))

table 7 : explain SELECT c FROM sbtest7 WHERE id BETWEEN 1287405 AND 1287504
	Index Scan using sbtest7_pkey on sbtest7  (cost=0.43..408.26 rows=102 width=121)
	  Index Cond: ((id >= 1287405) AND (id <= 1287504))

table 8 : explain SELECT c FROM sbtest8 WHERE id BETWEEN 3227811 AND 3227910
	Index Scan using sbtest8_pkey on sbtest8  (cost=0.43..422.53 rows=106 width=121)
	  Index Cond: ((id >= 3227811) AND (id <= 3227910))

for: sum_ranges
table 1 : explain SELECT SUM(k) FROM sbtest1 WHERE id BETWEEN 6939208 AND 6939307
	Aggregate  (cost=414.10..414.11 rows=1 width=8)
	  ->  Index Scan using sbtest1_pkey on sbtest1  (cost=0.43..413.84 rows=103 width=4)
	        Index Cond: ((id >= 6939208) AND (id <= 6939307))

table 2 : explain SELECT SUM(k) FROM sbtest2 WHERE id BETWEEN 6442098 AND 6442197
	Aggregate  (cost=409.44..409.45 rows=1 width=8)
	  ->  Index Scan using sbtest2_pkey on sbtest2  (cost=0.43..409.19 rows=102 width=4)
	        Index Cond: ((id >= 6442098) AND (id <= 6442197))

table 3 : explain SELECT SUM(k) FROM sbtest3 WHERE id BETWEEN 8555860 AND 8555959
	Aggregate  (cost=424.46..424.47 rows=1 width=8)
	  ->  Index Scan using sbtest3_pkey on sbtest3  (cost=0.43..424.19 rows=106 width=4)
	        Index Cond: ((id >= 8555860) AND (id <= 8555959))

table 4 : explain SELECT SUM(k) FROM sbtest4 WHERE id BETWEEN 5873762 AND 5873861
	Aggregate  (cost=360.78..360.79 rows=1 width=8)
	  ->  Index Scan using sbtest4_pkey on sbtest4  (cost=0.43..360.56 rows=90 width=4)
	        Index Cond: ((id >= 5873762) AND (id <= 5873861))

table 5 : explain SELECT SUM(k) FROM sbtest5 WHERE id BETWEEN 2319930 AND 2320029
	Aggregate  (cost=392.91..392.92 rows=1 width=8)
	  ->  Index Scan using sbtest5_pkey on sbtest5  (cost=0.43..392.66 rows=98 width=4)
	        Index Cond: ((id >= 2319930) AND (id <= 2320029))

table 6 : explain SELECT SUM(k) FROM sbtest6 WHERE id BETWEEN 2508425 AND 2508524
	Aggregate  (cost=412.15..412.16 rows=1 width=8)
	  ->  Index Scan using sbtest6_pkey on sbtest6  (cost=0.43..411.89 rows=103 width=4)
	        Index Cond: ((id >= 2508425) AND (id <= 2508524))

table 7 : explain SELECT SUM(k) FROM sbtest7 WHERE id BETWEEN 1623259 AND 1623358
	Aggregate  (cost=400.60..400.61 rows=1 width=8)
	  ->  Index Scan using sbtest7_pkey on sbtest7  (cost=0.43..400.35 rows=100 width=4)
	        Index Cond: ((id >= 1623259) AND (id <= 1623358))

table 8 : explain SELECT SUM(k) FROM sbtest8 WHERE id BETWEEN 3023411 AND 3023510
	Aggregate  (cost=418.85..418.86 rows=1 width=8)
	  ->  Index Scan using sbtest8_pkey on sbtest8  (cost=0.43..418.59 rows=105 width=4)
	        Index Cond: ((id >= 3023411) AND (id <= 3023510))

for: distinct_ranges
table 1 : explain SELECT DISTINCT c FROM sbtest1 WHERE id BETWEEN 7249645 AND 7249744 ORDER BY c
	Unique  (cost=421.30..421.82 rows=104 width=121)
	  ->  Sort  (cost=421.30..421.56 rows=104 width=121)
	        Sort Key: c
	        ->  Index Scan using sbtest1_pkey on sbtest1  (cost=0.43..417.82 rows=104 width=121)
	              Index Cond: ((id >= 7249645) AND (id <= 7249744))

table 2 : explain SELECT DISTINCT c FROM sbtest2 WHERE id BETWEEN 8457110 AND 8457209 ORDER BY c
	Unique  (cost=376.51..376.97 rows=93 width=121)
	  ->  Sort  (cost=376.51..376.74 rows=93 width=121)
	        Sort Key: c
	        ->  Index Scan using sbtest2_pkey on sbtest2  (cost=0.43..373.47 rows=93 width=121)
	              Index Cond: ((id >= 8457110) AND (id <= 8457209))

table 3 : explain SELECT DISTINCT c FROM sbtest3 WHERE id BETWEEN 6006962 AND 6007061 ORDER BY c
	Unique  (cost=371.75..372.21 rows=92 width=121)
	  ->  Sort  (cost=371.75..371.98 rows=92 width=121)
	        Sort Key: c
	        ->  Index Scan using sbtest3_pkey on sbtest3  (cost=0.43..368.75 rows=92 width=121)
	              Index Cond: ((id >= 6006962) AND (id <= 6007061))

table 4 : explain SELECT DISTINCT c FROM sbtest4 WHERE id BETWEEN 1405312 AND 1405411 ORDER BY c
	Unique  (cost=415.44..415.96 rows=103 width=121)
	  ->  Sort  (cost=415.44..415.70 rows=103 width=121)
	        Sort Key: c
	        ->  Index Scan using sbtest4_pkey on sbtest4  (cost=0.43..412.00 rows=103 width=121)
	              Index Cond: ((id >= 1405312) AND (id <= 1405411))

table 5 : explain SELECT DISTINCT c FROM sbtest5 WHERE id BETWEEN 3139749 AND 3139848 ORDER BY c
	Unique  (cost=395.90..396.39 rows=98 width=121)
	  ->  Sort  (cost=395.90..396.15 rows=98 width=121)
	        Sort Key: c
	        ->  Index Scan using sbtest5_pkey on sbtest5  (cost=0.43..392.66 rows=98 width=121)
	              Index Cond: ((id >= 3139749) AND (id <= 3139848))

table 6 : explain SELECT DISTINCT c FROM sbtest6 WHERE id BETWEEN 5821482 AND 5821581 ORDER BY c
	Unique  (cost=399.35..399.85 rows=99 width=121)
	  ->  Sort  (cost=399.35..399.60 rows=99 width=121)
	        Sort Key: c
	        ->  Index Scan using sbtest6_pkey on sbtest6  (cost=0.43..396.07 rows=99 width=121)
	              Index Cond: ((id >= 5821482) AND (id <= 5821581))

table 7 : explain SELECT DISTINCT c FROM sbtest7 WHERE id BETWEEN 8499494 AND 8499593 ORDER BY c
	Unique  (cost=403.67..404.17 rows=100 width=121)
	  ->  Sort  (cost=403.67..403.92 rows=100 width=121)
	        Sort Key: c
	        ->  Index Scan using sbtest7_pkey on sbtest7  (cost=0.43..400.35 rows=100 width=121)
	              Index Cond: ((id >= 8499494) AND (id <= 8499593))

table 8 : explain SELECT DISTINCT c FROM sbtest8 WHERE id BETWEEN 1528437 AND 1528536 ORDER BY c
	Unique  (cost=390.25..390.73 rows=97 width=121)
	  ->  Sort  (cost=390.25..390.49 rows=97 width=121)
	        Sort Key: c
	        ->  Index Scan using sbtest8_pkey on sbtest8  (cost=0.43..387.05 rows=97 width=121)
	              Index Cond: ((id >= 1528437) AND (id <= 1528536))

for point_selects
table 1 : explain SELECT c FROM sbtest1 WHERE id=4470734
	Index Scan using sbtest1_pkey on sbtest1  (cost=0.43..8.45 rows=1 width=121)
	  Index Cond: (id = 4470734)

table 2 : explain SELECT c FROM sbtest2 WHERE id=5144309
	Index Scan using sbtest2_pkey on sbtest2  (cost=0.43..8.45 rows=1 width=121)
	  Index Cond: (id = 5144309)

table 3 : explain SELECT c FROM sbtest3 WHERE id=7749146
	Index Scan using sbtest3_pkey on sbtest3  (cost=0.43..8.45 rows=1 width=121)
	  Index Cond: (id = 7749146)

table 4 : explain SELECT c FROM sbtest4 WHERE id=8733401
	Index Scan using sbtest4_pkey on sbtest4  (cost=0.43..8.45 rows=1 width=121)
	  Index Cond: (id = 8733401)

table 5 : explain SELECT c FROM sbtest5 WHERE id=817461
	Index Scan using sbtest5_pkey on sbtest5  (cost=0.43..8.45 rows=1 width=121)
	  Index Cond: (id = 817461)

table 6 : explain SELECT c FROM sbtest6 WHERE id=7473631
	Index Scan using sbtest6_pkey on sbtest6  (cost=0.43..8.45 rows=1 width=121)
	  Index Cond: (id = 7473631)

table 7 : explain SELECT c FROM sbtest7 WHERE id=4954708
	Index Scan using sbtest7_pkey on sbtest7  (cost=0.43..8.45 rows=1 width=121)
	  Index Cond: (id = 4954708)

table 8 : explain SELECT c FROM sbtest8 WHERE id=9472595
	Index Scan using sbtest8_pkey on sbtest8  (cost=0.43..8.45 rows=1 width=121)
	  Index Cond: (id = 9472595)

for: sum_ranges
table 1 : explain SELECT SUM(k) FROM sbtest1 WHERE id BETWEEN 6461226 AND 6461325
	Aggregate  (cost=398.18..398.19 rows=1 width=8)
	  ->  Index Scan using sbtest1_pkey on sbtest1  (cost=0.43..397.94 rows=99 width=4)
	        Index Cond: ((id >= 6461226) AND (id <= 6461325))

table 2 : explain SELECT SUM(k) FROM sbtest2 WHERE id BETWEEN 3648974 AND 3649073
	Aggregate  (cost=417.38..417.39 rows=1 width=8)
	  ->  Index Scan using sbtest2_pkey on sbtest2  (cost=0.43..417.12 rows=104 width=4)
	        Index Cond: ((id >= 3648974) AND (id <= 3649073))

table 3 : explain SELECT SUM(k) FROM sbtest3 WHERE id BETWEEN 9837661 AND 9837760
	Aggregate  (cost=424.46..424.47 rows=1 width=8)
	  ->  Index Scan using sbtest3_pkey on sbtest3  (cost=0.43..424.19 rows=106 width=4)
	        Index Cond: ((id >= 9837661) AND (id <= 9837760))

table 4 : explain SELECT SUM(k) FROM sbtest4 WHERE id BETWEEN 8664858 AND 8664957
	Aggregate  (cost=400.38..400.39 rows=1 width=8)
	  ->  Index Scan using sbtest4_pkey on sbtest4  (cost=0.43..400.13 rows=100 width=4)
	        Index Cond: ((id >= 8664858) AND (id <= 8664957))

table 5 : explain SELECT SUM(k) FROM sbtest5 WHERE id BETWEEN 7193202 AND 7193301
	Aggregate  (cost=436.50..436.51 rows=1 width=8)
	  ->  Index Scan using sbtest5_pkey on sbtest5  (cost=0.43..436.23 rows=109 width=4)
	        Index Cond: ((id >= 7193202) AND (id <= 7193301))

table 6 : explain SELECT SUM(k) FROM sbtest6 WHERE id BETWEEN 4771272 AND 4771371
	Aggregate  (cost=396.32..396.33 rows=1 width=8)
	  ->  Index Scan using sbtest6_pkey on sbtest6  (cost=0.43..396.07 rows=99 width=4)
	        Index Cond: ((id >= 4771272) AND (id <= 4771371))

table 7 : explain SELECT SUM(k) FROM sbtest7 WHERE id BETWEEN 2432247 AND 2432346
	Aggregate  (cost=428.32..428.33 rows=1 width=8)
	  ->  Index Scan using sbtest7_pkey on sbtest7  (cost=0.43..428.05 rows=107 width=4)
	        Index Cond: ((id >= 2432247) AND (id <= 2432346))

table 8 : explain SELECT SUM(k) FROM sbtest8 WHERE id BETWEEN 7562225 AND 7562324
	Aggregate  (cost=387.29..387.30 rows=1 width=8)
	  ->  Index Scan using sbtest8_pkey on sbtest8  (cost=0.43..387.05 rows=97 width=4)
	        Index Cond: ((id >= 7562225) AND (id <= 7562324))

for: order_ranges
table 1 : explain SELECT c FROM sbtest1 WHERE id BETWEEN 9754613 AND 9754712 ORDER BY c
	Sort  (cost=409.25..409.50 rows=101 width=121)
	  Sort Key: c
	  ->  Index Scan using sbtest1_pkey on sbtest1  (cost=0.43..405.88 rows=101 width=121)
	        Index Cond: ((id >= 9754613) AND (id <= 9754712))

table 2 : explain SELECT c FROM sbtest2 WHERE id BETWEEN 3720697 AND 3720796 ORDER BY c
	Sort  (cost=412.59..412.84 rows=102 width=121)
	  Sort Key: c
	  ->  Index Scan using sbtest2_pkey on sbtest2  (cost=0.43..409.19 rows=102 width=121)
	        Index Cond: ((id >= 3720697) AND (id <= 3720796))

table 3 : explain SELECT c FROM sbtest3 WHERE id BETWEEN 6211183 AND 6211282 ORDER BY c
	Sort  (cost=367.75..367.98 rows=91 width=121)
	  Sort Key: c
	  ->  Index Scan using sbtest3_pkey on sbtest3  (cost=0.43..364.79 rows=91 width=121)
	        Index Cond: ((id >= 6211183) AND (id <= 6211282))

table 4 : explain SELECT c FROM sbtest4 WHERE id BETWEEN 4765021 AND 4765120 ORDER BY c
	Sort  (cost=387.45..387.69 rows=96 width=121)
	  Sort Key: c
	  ->  Index Scan using sbtest4_pkey on sbtest4  (cost=0.43..384.29 rows=96 width=121)
	        Index Cond: ((id >= 4765021) AND (id <= 4765120))

table 5 : explain SELECT c FROM sbtest5 WHERE id BETWEEN 2123353 AND 2123452 ORDER BY c
	Sort  (cost=439.92..440.19 rows=109 width=121)
	  Sort Key: c
	  ->  Index Scan using sbtest5_pkey on sbtest5  (cost=0.43..436.23 rows=109 width=121)
	        Index Cond: ((id >= 2123353) AND (id <= 2123452))

table 6 : explain SELECT c FROM sbtest6 WHERE id BETWEEN 1859015 AND 1859114 ORDER BY c
	Sort  (cost=399.35..399.60 rows=99 width=121)
	  Sort Key: c
	  ->  Index Scan using sbtest6_pkey on sbtest6  (cost=0.43..396.07 rows=99 width=121)
	        Index Cond: ((id >= 1859015) AND (id <= 1859114))

table 7 : explain SELECT c FROM sbtest7 WHERE id BETWEEN 3929965 AND 3930064 ORDER BY c
	Sort  (cost=379.66..379.90 rows=94 width=121)
	  Sort Key: c
	  ->  Index Scan using sbtest7_pkey on sbtest7  (cost=0.43..376.58 rows=94 width=121)
	        Index Cond: ((id >= 3929965) AND (id <= 3930064))

table 8 : explain SELECT c FROM sbtest8 WHERE id BETWEEN 4282809 AND 4282908 ORDER BY c
	Sort  (cost=366.33..366.56 rows=91 width=121)
	  Sort Key: c
	  ->  Index Scan using sbtest8_pkey on sbtest8  (cost=0.43..363.37 rows=91 width=121)
	        Index Cond: ((id >= 4282809) AND (id <= 4282908))

for: sum_ranges
table 1 : explain SELECT SUM(k) FROM sbtest1 WHERE id BETWEEN 5553757 AND 5553856
	Aggregate  (cost=378.30..378.31 rows=1 width=8)
	  ->  Index Scan using sbtest1_pkey on sbtest1  (cost=0.43..378.07 rows=94 width=4)
	        Index Cond: ((id >= 5553757) AND (id <= 5553856))

table 2 : explain SELECT SUM(k) FROM sbtest2 WHERE id BETWEEN 4936195 AND 4936294
	Aggregate  (cost=437.23..437.24 rows=1 width=8)
	  ->  Index Scan using sbtest2_pkey on sbtest2  (cost=0.43..436.96 rows=109 width=4)
	        Index Cond: ((id >= 4936195) AND (id <= 4936294))

table 3 : explain SELECT SUM(k) FROM sbtest3 WHERE id BETWEEN 6208422 AND 6208521
	Aggregate  (cost=365.02..365.03 rows=1 width=8)
	  ->  Index Scan using sbtest3_pkey on sbtest3  (cost=0.43..364.79 rows=91 width=4)
	        Index Cond: ((id >= 6208422) AND (id <= 6208521))

table 4 : explain SELECT SUM(k) FROM sbtest4 WHERE id BETWEEN 7689640 AND 7689739
	Aggregate  (cost=376.61..376.62 rows=1 width=8)
	  ->  Index Scan using sbtest4_pkey on sbtest4  (cost=0.43..376.38 rows=94 width=4)
	        Index Cond: ((id >= 7689640) AND (id <= 7689739))

table 5 : explain SELECT SUM(k) FROM sbtest5 WHERE id BETWEEN 5368064 AND 5368163
	Aggregate  (cost=369.12..369.13 rows=1 width=8)
	  ->  Index Scan using sbtest5_pkey on sbtest5  (cost=0.43..368.89 rows=92 width=4)
	        Index Cond: ((id >= 5368064) AND (id <= 5368163))

table 6 : explain SELECT SUM(k) FROM sbtest6 WHERE id BETWEEN 2763082 AND 2763181
	Aggregate  (cost=396.32..396.33 rows=1 width=8)
	  ->  Index Scan using sbtest6_pkey on sbtest6  (cost=0.43..396.07 rows=99 width=4)
	        Index Cond: ((id >= 2763082) AND (id <= 2763181))

table 7 : explain SELECT SUM(k) FROM sbtest7 WHERE id BETWEEN 7178552 AND 7178651
	Aggregate  (cost=388.72..388.73 rows=1 width=8)
	  ->  Index Scan using sbtest7_pkey on sbtest7  (cost=0.43..388.47 rows=97 width=4)
	        Index Cond: ((id >= 7178552) AND (id <= 7178651))

table 8 : explain SELECT SUM(k) FROM sbtest8 WHERE id BETWEEN 6435281 AND 6435380
	Aggregate  (cost=391.23..391.24 rows=1 width=8)
	  ->  Index Scan using sbtest8_pkey on sbtest8  (cost=0.43..390.99 rows=98 width=4)
	        Index Cond: ((id >= 6435281) AND (id <= 6435380))

for: simple_ranges
table 1 : explain SELECT c FROM sbtest1 WHERE id BETWEEN 4000989 AND 4001088
	Index Scan using sbtest1_pkey on sbtest1  (cost=0.43..437.69 rows=109 width=121)
	  Index Cond: ((id >= 4000989) AND (id <= 4001088))

table 2 : explain SELECT c FROM sbtest2 WHERE id BETWEEN 478120 AND 478219
	Index Scan using sbtest2_pkey on sbtest2  (cost=0.43..397.27 rows=99 width=121)
	  Index Cond: ((id >= 478120) AND (id <= 478219))

table 3 : explain SELECT c FROM sbtest3 WHERE id BETWEEN 1836708 AND 1836807
	Index Scan using sbtest3_pkey on sbtest3  (cost=0.43..440.03 rows=110 width=121)
	  Index Cond: ((id >= 1836708) AND (id <= 1836807))

table 4 : explain SELECT c FROM sbtest4 WHERE id BETWEEN 6505709 AND 6505808
	Index Scan using sbtest4_pkey on sbtest4  (cost=0.43..435.73 rows=109 width=121)
	  Index Cond: ((id >= 6505709) AND (id <= 6505808))

table 5 : explain SELECT c FROM sbtest5 WHERE id BETWEEN 5702035 AND 5702134
	Index Scan using sbtest5_pkey on sbtest5  (cost=0.43..416.43 rows=104 width=121)
	  Index Cond: ((id >= 5702035) AND (id <= 5702134))

table 6 : explain SELECT c FROM sbtest6 WHERE id BETWEEN 98510 AND 98609
	Index Scan using sbtest6_pkey on sbtest6  (cost=0.43..380.24 rows=95 width=121)
	  Index Cond: ((id >= 98510) AND (id <= 98609))

table 7 : explain SELECT c FROM sbtest7 WHERE id BETWEEN 3181552 AND 3181651
	Index Scan using sbtest7_pkey on sbtest7  (cost=0.43..368.67 rows=92 width=121)
	  Index Cond: ((id >= 3181552) AND (id <= 3181651))

table 8 : explain SELECT c FROM sbtest8 WHERE id BETWEEN 417358 AND 417457
	Index Scan using sbtest8_pkey on sbtest8  (cost=0.43..367.31 rows=92 width=121)
	  Index Cond: ((id >= 417358) AND (id <= 417457))

for: order_ranges
table 1 : explain SELECT c FROM sbtest1 WHERE id BETWEEN 4810586 AND 4810685 ORDER BY c
	Sort  (cost=401.22..401.47 rows=99 width=121)
	  Sort Key: c
	  ->  Index Scan using sbtest1_pkey on sbtest1  (cost=0.43..397.94 rows=99 width=121)
	        Index Cond: ((id >= 4810586) AND (id <= 4810685))

table 2 : explain SELECT c FROM sbtest2 WHERE id BETWEEN 2372906 AND 2373005 ORDER BY c
	Sort  (cost=404.57..404.82 rows=100 width=121)
	  Sort Key: c
	  ->  Index Scan using sbtest2_pkey on sbtest2  (cost=0.43..401.25 rows=100 width=121)
	        Index Cond: ((id >= 2372906) AND (id <= 2373005))

table 3 : explain SELECT c FROM sbtest3 WHERE id BETWEEN 6110493 AND 6110592 ORDER BY c
	Sort  (cost=391.75..391.99 rows=97 width=121)
	  Sort Key: c
	  ->  Index Scan using sbtest3_pkey on sbtest3  (cost=0.43..388.55 rows=97 width=121)
	        Index Cond: ((id >= 6110493) AND (id <= 6110592))

table 4 : explain SELECT c FROM sbtest4 WHERE id BETWEEN 5023580 AND 5023679 ORDER BY c
	Sort  (cost=427.43..427.69 rows=106 width=121)
	  Sort Key: c
	  ->  Index Scan using sbtest4_pkey on sbtest4  (cost=0.43..423.86 rows=106 width=121)
	        Index Cond: ((id >= 5023580) AND (id <= 5023679))

table 5 : explain SELECT c FROM sbtest5 WHERE id BETWEEN 826750 AND 826849 ORDER BY c
	Sort  (cost=435.92..436.19 rows=108 width=121)
	  Sort Key: c
	  ->  Index Scan using sbtest5_pkey on sbtest5  (cost=0.43..432.27 rows=108 width=121)
	        Index Cond: ((id >= 826750) AND (id <= 826849))

table 6 : explain SELECT c FROM sbtest6 WHERE id BETWEEN 8580716 AND 8580815 ORDER BY c
	Sort  (cost=439.31..439.58 rows=109 width=121)
	  Sort Key: c
	  ->  Index Scan using sbtest6_pkey on sbtest6  (cost=0.43..435.62 rows=109 width=121)
	        Index Cond: ((id >= 8580716) AND (id <= 8580815))

table 7 : explain SELECT c FROM sbtest7 WHERE id BETWEEN 5444575 AND 5444674 ORDER BY c
	Sort  (cost=411.67..411.92 rows=102 width=121)
	  Sort Key: c
	  ->  Index Scan using sbtest7_pkey on sbtest7  (cost=0.43..408.26 rows=102 width=121)
	        Index Cond: ((id >= 5444575) AND (id <= 5444674))

table 8 : explain SELECT c FROM sbtest8 WHERE id BETWEEN 7112583 AND 7112682 ORDER BY c
	Sort  (cost=414.15..414.40 rows=103 width=121)
	  Sort Key: c
	  ->  Index Scan using sbtest8_pkey on sbtest8  (cost=0.43..410.70 rows=103 width=121)
	        Index Cond: ((id >= 7112583) AND (id <= 7112682))

explain: for point_selects :: explain SELECT c FROM sbtest%u WHERE id=%u
for: order_ranges
table 1 : explain SELECT c FROM sbtest1 WHERE id BETWEEN 301304 AND 301403 ORDER BY c
	Sort  (cost=401.22..401.47 rows=99 width=121)
	  Sort Key: c
	  ->  Index Scan using sbtest1_pkey on sbtest1  (cost=0.43..397.94 rows=99 width=121)
	        Index Cond: ((id >= 301304) AND (id <= 301403))

table 2 : explain SELECT c FROM sbtest2 WHERE id BETWEEN 9450825 AND 9450924 ORDER BY c
	Sort  (cost=444.65..444.93 rows=110 width=121)
	  Sort Key: c
	  ->  Index Scan using sbtest2_pkey on sbtest2  (cost=0.43..440.92 rows=110 width=121)
	        Index Cond: ((id >= 9450825) AND (id <= 9450924))

table 3 : explain SELECT c FROM sbtest3 WHERE id BETWEEN 5337861 AND 5337960 ORDER BY c
	Sort  (cost=379.75..379.99 rows=94 width=121)
	  Sort Key: c
	  ->  Index Scan using sbtest3_pkey on sbtest3  (cost=0.43..376.67 rows=94 width=121)
	        Index Cond: ((id >= 5337861) AND (id <= 5337960))

table 4 : explain SELECT c FROM sbtest4 WHERE id BETWEEN 3547397 AND 3547496 ORDER BY c
	Sort  (cost=415.44..415.70 rows=103 width=121)
	  Sort Key: c
	  ->  Index Scan using sbtest4_pkey on sbtest4  (cost=0.43..412.00 rows=103 width=121)
	        Index Cond: ((id >= 3547397) AND (id <= 3547496))

table 5 : explain SELECT c FROM sbtest5 WHERE id BETWEEN 5650881 AND 5650980 ORDER BY c
	Sort  (cost=419.91..420.17 rows=104 width=121)
	  Sort Key: c
	  ->  Index Scan using sbtest5_pkey on sbtest5  (cost=0.43..416.43 rows=104 width=121)
	        Index Cond: ((id >= 5650881) AND (id <= 5650980))

table 6 : explain SELECT c FROM sbtest6 WHERE id BETWEEN 8262672 AND 8262771 ORDER BY c
	Sort  (cost=383.36..383.59 rows=95 width=121)
	  Sort Key: c
	  ->  Index Scan using sbtest6_pkey on sbtest6  (cost=0.43..380.24 rows=95 width=121)
	        Index Cond: ((id >= 8262672) AND (id <= 8262771))

table 7 : explain SELECT c FROM sbtest7 WHERE id BETWEEN 1526025 AND 1526124 ORDER BY c
	Sort  (cost=379.66..379.90 rows=94 width=121)
	  Sort Key: c
	  ->  Index Scan using sbtest7_pkey on sbtest7  (cost=0.43..376.58 rows=94 width=121)
	        Index Cond: ((id >= 1526025) AND (id <= 1526124))

table 8 : explain SELECT c FROM sbtest8 WHERE id BETWEEN 6443373 AND 6443472 ORDER BY c
	Sort  (cost=394.23..394.47 rows=98 width=121)
	  Sort Key: c
	  ->  Index Scan using sbtest8_pkey on sbtest8  (cost=0.43..390.99 rows=98 width=121)
	        Index Cond: ((id >= 6443373) AND (id <= 6443472))

explain: for point_selects :: explain SELECT c FROM sbtest%u WHERE id=%u
for: distinct_ranges
table 1 : explain SELECT DISTINCT c FROM sbtest1 WHERE id BETWEEN 8633718 AND 8633817 ORDER BY c
	Unique  (cost=405.23..405.73 rows=100 width=121)
	  ->  Sort  (cost=405.23..405.48 rows=100 width=121)
	        Sort Key: c
	        ->  Index Scan using sbtest1_pkey on sbtest1  (cost=0.43..401.91 rows=100 width=121)
	              Index Cond: ((id >= 8633718) AND (id <= 8633817))

table 2 : explain SELECT DISTINCT c FROM sbtest2 WHERE id BETWEEN 6972202 AND 6972301 ORDER BY c
	Unique  (cost=436.64..437.18 rows=108 width=121)
	  ->  Sort  (cost=436.64..436.91 rows=108 width=121)
	        Sort Key: c
	        ->  Index Scan using sbtest2_pkey on sbtest2  (cost=0.43..432.99 rows=108 width=121)
	              Index Cond: ((id >= 6972202) AND (id <= 6972301))

table 3 : explain SELECT DISTINCT c FROM sbtest3 WHERE id BETWEEN 1675716 AND 1675815 ORDER BY c
	Unique  (cost=399.75..400.24 rows=99 width=121)
	  ->  Sort  (cost=399.75..399.99 rows=99 width=121)
	        Sort Key: c
	        ->  Index Scan using sbtest3_pkey on sbtest3  (cost=0.43..396.47 rows=99 width=121)
	              Index Cond: ((id >= 1675716) AND (id <= 1675815))

table 4 : explain SELECT DISTINCT c FROM sbtest4 WHERE id BETWEEN 4968778 AND 4968877 ORDER BY c
	Unique  (cost=427.43..427.96 rows=106 width=121)
	  ->  Sort  (cost=427.43..427.69 rows=106 width=121)
	        Sort Key: c
	        ->  Index Scan using sbtest4_pkey on sbtest4  (cost=0.43..423.86 rows=106 width=121)
	              Index Cond: ((id >= 4968778) AND (id <= 4968877))

table 5 : explain SELECT DISTINCT c FROM sbtest5 WHERE id BETWEEN 7562904 AND 7563003 ORDER BY c
	Unique  (cost=423.91..424.44 rows=105 width=121)
	  ->  Sort  (cost=423.91..424.17 rows=105 width=121)
	        Sort Key: c
	        ->  Index Scan using sbtest5_pkey on sbtest5  (cost=0.43..420.39 rows=105 width=121)
	              Index Cond: ((id >= 7562904) AND (id <= 7563003))

table 6 : explain SELECT DISTINCT c FROM sbtest6 WHERE id BETWEEN 455241 AND 455340 ORDER BY c
	Unique  (cost=423.33..423.85 rows=105 width=121)
	  ->  Sort  (cost=423.33..423.59 rows=105 width=121)
	        Sort Key: c
	        ->  Index Scan using sbtest6_pkey on sbtest6  (cost=0.43..419.80 rows=105 width=121)
	              Index Cond: ((id >= 455241) AND (id <= 455340))

table 7 : explain SELECT DISTINCT c FROM sbtest7 WHERE id BETWEEN 7792296 AND 7792395 ORDER BY c
	Unique  (cost=419.66..420.18 rows=104 width=121)
	  ->  Sort  (cost=419.66..419.92 rows=104 width=121)
	        Sort Key: c
	        ->  Index Scan using sbtest7_pkey on sbtest7  (cost=0.43..416.18 rows=104 width=121)
	              Index Cond: ((id >= 7792296) AND (id <= 7792395))

table 8 : explain SELECT DISTINCT c FROM sbtest8 WHERE id BETWEEN 9601335 AND 9601434 ORDER BY c
	Unique  (cost=410.16..410.67 rows=102 width=121)
	  ->  Sort  (cost=410.16..410.42 rows=102 width=121)
	        Sort Key: c
	        ->  Index Scan using sbtest8_pkey on sbtest8  (cost=0.43..406.76 rows=102 width=121)
	              Index Cond: ((id >= 9601335) AND (id <= 9601434))

for: sum_ranges
table 1 : explain SELECT SUM(k) FROM sbtest1 WHERE id BETWEEN 6051177 AND 6051276
	Aggregate  (cost=402.16..402.17 rows=1 width=8)
	  ->  Index Scan using sbtest1_pkey on sbtest1  (cost=0.43..401.91 rows=100 width=4)
	        Index Cond: ((id >= 6051177) AND (id <= 6051276))

table 2 : explain SELECT SUM(k) FROM sbtest2 WHERE id BETWEEN 6071290 AND 6071389
	Aggregate  (cost=409.44..409.45 rows=1 width=8)
	  ->  Index Scan using sbtest2_pkey on sbtest2  (cost=0.43..409.19 rows=102 width=4)
	        Index Cond: ((id >= 6071290) AND (id <= 6071389))

table 3 : explain SELECT SUM(k) FROM sbtest3 WHERE id BETWEEN 9795845 AND 9795944
	Aggregate  (cost=420.50..420.51 rows=1 width=8)
	  ->  Index Scan using sbtest3_pkey on sbtest3  (cost=0.43..420.23 rows=105 width=4)
	        Index Cond: ((id >= 9795845) AND (id <= 9795944))

table 4 : explain SELECT SUM(k) FROM sbtest4 WHERE id BETWEEN 6892338 AND 6892437
	Aggregate  (cost=439.96..439.97 rows=1 width=8)
	  ->  Index Scan using sbtest4_pkey on sbtest4  (cost=0.43..439.69 rows=110 width=4)
	        Index Cond: ((id >= 6892338) AND (id <= 6892437))

table 5 : explain SELECT SUM(k) FROM sbtest5 WHERE id BETWEEN 6356147 AND 6356246
	Aggregate  (cost=384.97..384.98 rows=1 width=8)
	  ->  Index Scan using sbtest5_pkey on sbtest5  (cost=0.43..384.73 rows=96 width=4)
	        Index Cond: ((id >= 6356147) AND (id <= 6356246))

table 6 : explain SELECT SUM(k) FROM sbtest6 WHERE id BETWEEN 3525395 AND 3525494
	Aggregate  (cost=388.39..388.40 rows=1 width=8)
	  ->  Index Scan using sbtest6_pkey on sbtest6  (cost=0.43..388.15 rows=97 width=4)
	        Index Cond: ((id >= 3525395) AND (id <= 3525494))

table 7 : explain SELECT SUM(k) FROM sbtest7 WHERE id BETWEEN 4361200 AND 4361299
	Aggregate  (cost=388.72..388.73 rows=1 width=8)
	  ->  Index Scan using sbtest7_pkey on sbtest7  (cost=0.43..388.47 rows=97 width=4)
	        Index Cond: ((id >= 4361200) AND (id <= 4361299))

table 8 : explain SELECT SUM(k) FROM sbtest8 WHERE id BETWEEN 9755647 AND 9755746
	Aggregate  (cost=426.74..426.75 rows=1 width=8)
	  ->  Index Scan using sbtest8_pkey on sbtest8  (cost=0.43..426.48 rows=107 width=4)
	        Index Cond: ((id >= 9755647) AND (id <= 9755746))

for: distinct_ranges
table 1 : explain SELECT DISTINCT c FROM sbtest1 WHERE id BETWEEN 1005921 AND 1006020 ORDER BY c
	Unique  (cost=377.13..377.60 rows=93 width=121)
	  ->  Sort  (cost=377.13..377.37 rows=93 width=121)
	        Sort Key: c
	        ->  Index Scan using sbtest1_pkey on sbtest1  (cost=0.43..374.09 rows=93 width=121)
	              Index Cond: ((id >= 1005921) AND (id <= 1006020))

table 2 : explain SELECT DISTINCT c FROM sbtest2 WHERE id BETWEEN 5611263 AND 5611362 ORDER BY c
	Unique  (cost=416.60..417.11 rows=103 width=121)
	  ->  Sort  (cost=416.60..416.86 rows=103 width=121)
	        Sort Key: c
	        ->  Index Scan using sbtest2_pkey on sbtest2  (cost=0.43..413.15 rows=103 width=121)
	              Index Cond: ((id >= 5611263) AND (id <= 5611362))

table 3 : explain SELECT DISTINCT c FROM sbtest3 WHERE id BETWEEN 9530276 AND 9530375 ORDER BY c
	Unique  (cost=383.75..384.22 rows=95 width=121)
	  ->  Sort  (cost=383.75..383.99 rows=95 width=121)
	        Sort Key: c
	        ->  Index Scan using sbtest3_pkey on sbtest3  (cost=0.43..380.63 rows=95 width=121)
	              Index Cond: ((id >= 9530276) AND (id <= 9530375))

table 4 : explain SELECT DISTINCT c FROM sbtest4 WHERE id BETWEEN 1589637 AND 1589736 ORDER BY c
	Unique  (cost=399.45..399.95 rows=99 width=121)
	  ->  Sort  (cost=399.45..399.70 rows=99 width=121)
	        Sort Key: c
	        ->  Index Scan using sbtest4_pkey on sbtest4  (cost=0.43..396.17 rows=99 width=121)
	              Index Cond: ((id >= 1589637) AND (id <= 1589736))

table 5 : explain SELECT DISTINCT c FROM sbtest5 WHERE id BETWEEN 7975427 AND 7975526 ORDER BY c
	Unique  (cost=415.91..416.42 rows=103 width=121)
	  ->  Sort  (cost=415.91..416.17 rows=103 width=121)
	        Sort Key: c
	        ->  Index Scan using sbtest5_pkey on sbtest5  (cost=0.43..412.47 rows=103 width=121)
	              Index Cond: ((id >= 7975427) AND (id <= 7975526))

table 6 : explain SELECT DISTINCT c FROM sbtest6 WHERE id BETWEEN 9643449 AND 9643548 ORDER BY c
	Unique  (cost=379.36..379.83 rows=94 width=121)
	  ->  Sort  (cost=379.36..379.60 rows=94 width=121)
	        Sort Key: c
	        ->  Index Scan using sbtest6_pkey on sbtest6  (cost=0.43..376.28 rows=94 width=121)
	              Index Cond: ((id >= 9643449) AND (id <= 9643548))

table 7 : explain SELECT DISTINCT c FROM sbtest7 WHERE id BETWEEN 6776216 AND 6776315 ORDER BY c
	Unique  (cost=391.67..392.16 rows=97 width=121)
	  ->  Sort  (cost=391.67..391.92 rows=97 width=121)
	        Sort Key: c
	        ->  Index Scan using sbtest7_pkey on sbtest7  (cost=0.43..388.47 rows=97 width=121)
	              Index Cond: ((id >= 6776216) AND (id <= 6776315))

table 8 : explain SELECT DISTINCT c FROM sbtest8 WHERE id BETWEEN 3506746 AND 3506845 ORDER BY c
	Unique  (cost=374.29..374.76 rows=93 width=121)
	  ->  Sort  (cost=374.29..374.53 rows=93 width=121)
	        Sort Key: c
	        ->  Index Scan using sbtest8_pkey on sbtest8  (cost=0.43..371.25 rows=93 width=121)
	              Index Cond: ((id >= 3506746) AND (id <= 3506845))

for: distinct_ranges
table 1 : explain SELECT DISTINCT c FROM sbtest1 WHERE id BETWEEN 6598558 AND 6598657 ORDER BY c
	Unique  (cost=385.16..385.64 rows=95 width=121)
	  ->  Sort  (cost=385.16..385.40 rows=95 width=121)
	        Sort Key: c
	        ->  Index Scan using sbtest1_pkey on sbtest1  (cost=0.43..382.04 rows=95 width=121)
	              Index Cond: ((id >= 6598558) AND (id <= 6598657))

table 2 : explain SELECT DISTINCT c FROM sbtest2 WHERE id BETWEEN 9556295 AND 9556394 ORDER BY c
	Unique  (cost=428.62..429.15 rows=106 width=121)
	  ->  Sort  (cost=428.62..428.89 rows=106 width=121)
	        Sort Key: c
	        ->  Index Scan using sbtest2_pkey on sbtest2  (cost=0.43..425.06 rows=106 width=121)
	              Index Cond: ((id >= 9556295) AND (id <= 9556394))

table 3 : explain SELECT DISTINCT c FROM sbtest3 WHERE id BETWEEN 2393739 AND 2393838 ORDER BY c
	Unique  (cost=395.75..396.24 rows=98 width=121)
	  ->  Sort  (cost=395.75..395.99 rows=98 width=121)
	        Sort Key: c
	        ->  Index Scan using sbtest3_pkey on sbtest3  (cost=0.43..392.51 rows=98 width=121)
	              Index Cond: ((id >= 2393739) AND (id <= 2393838))

table 4 : explain SELECT DISTINCT c FROM sbtest4 WHERE id BETWEEN 3283375 AND 3283474 ORDER BY c
	Unique  (cost=395.44..395.93 rows=98 width=121)
	  ->  Sort  (cost=395.44..395.69 rows=98 width=121)
	        Sort Key: c
	        ->  Index Scan using sbtest4_pkey on sbtest4  (cost=0.43..392.20 rows=98 width=121)
	              Index Cond: ((id >= 3283375) AND (id <= 3283474))

table 5 : explain SELECT DISTINCT c FROM sbtest5 WHERE id BETWEEN 2075918 AND 2076017 ORDER BY c
	Unique  (cost=395.90..396.39 rows=98 width=121)
	  ->  Sort  (cost=395.90..396.15 rows=98 width=121)
	        Sort Key: c
	        ->  Index Scan using sbtest5_pkey on sbtest5  (cost=0.43..392.66 rows=98 width=121)
	              Index Cond: ((id >= 2075918) AND (id <= 2076017))

table 6 : explain SELECT DISTINCT c FROM sbtest6 WHERE id BETWEEN 4240282 AND 4240381 ORDER BY c
	Unique  (cost=395.34..395.83 rows=98 width=121)
	  ->  Sort  (cost=395.34..395.59 rows=98 width=121)
	        Sort Key: c
	        ->  Index Scan using sbtest6_pkey on sbtest6  (cost=0.43..392.10 rows=98 width=121)
	              Index Cond: ((id >= 4240282) AND (id <= 4240381))

table 7 : explain SELECT DISTINCT c FROM sbtest7 WHERE id BETWEEN 884629 AND 884728 ORDER BY c
	Unique  (cost=363.67..364.12 rows=90 width=121)
	  ->  Sort  (cost=363.67..363.90 rows=90 width=121)
	        Sort Key: c
	        ->  Index Scan using sbtest7_pkey on sbtest7  (cost=0.43..360.75 rows=90 width=121)
	              Index Cond: ((id >= 884629) AND (id <= 884728))

table 8 : explain SELECT DISTINCT c FROM sbtest8 WHERE id BETWEEN 4986268 AND 4986367 ORDER BY c
	Unique  (cost=406.18..406.69 rows=101 width=121)
	  ->  Sort  (cost=406.18..406.43 rows=101 width=121)
	        Sort Key: c
	        ->  Index Scan using sbtest8_pkey on sbtest8  (cost=0.43..402.82 rows=101 width=121)
	              Index Cond: ((id >= 4986268) AND (id <= 4986367))

for: order_ranges
table 1 : explain SELECT c FROM sbtest1 WHERE id BETWEEN 2264836 AND 2264935 ORDER BY c
	Sort  (cost=401.22..401.47 rows=99 width=121)
	  Sort Key: c
	  ->  Index Scan using sbtest1_pkey on sbtest1  (cost=0.43..397.94 rows=99 width=121)
	        Index Cond: ((id >= 2264836) AND (id <= 2264935))

table 2 : explain SELECT c FROM sbtest2 WHERE id BETWEEN 8489920 AND 8490019 ORDER BY c
	Sort  (cost=376.51..376.74 rows=93 width=121)
	  Sort Key: c
	  ->  Index Scan using sbtest2_pkey on sbtest2  (cost=0.43..373.47 rows=93 width=121)
	        Index Cond: ((id >= 8489920) AND (id <= 8490019))

table 3 : explain SELECT c FROM sbtest3 WHERE id BETWEEN 96102 AND 96201 ORDER BY c
	Sort  (cost=387.75..387.99 rows=96 width=121)
	  Sort Key: c
	  ->  Index Scan using sbtest3_pkey on sbtest3  (cost=0.43..384.59 rows=96 width=121)
	        Index Cond: ((id >= 96102) AND (id <= 96201))

table 4 : explain SELECT c FROM sbtest4 WHERE id BETWEEN 5693617 AND 5693716 ORDER BY c
	Sort  (cost=439.42..439.69 rows=109 width=121)
	  Sort Key: c
	  ->  Index Scan using sbtest4_pkey on sbtest4  (cost=0.43..435.73 rows=109 width=121)
	        Index Cond: ((id >= 5693617) AND (id <= 5693716))

table 5 : explain SELECT c FROM sbtest5 WHERE id BETWEEN 103109 AND 103208 ORDER BY c
	Sort  (cost=415.91..416.17 rows=103 width=121)
	  Sort Key: c
	  ->  Index Scan using sbtest5_pkey on sbtest5  (cost=0.43..412.47 rows=103 width=121)
	        Index Cond: ((id >= 103109) AND (id <= 103208))

table 6 : explain SELECT c FROM sbtest6 WHERE id BETWEEN 7787381 AND 7787480 ORDER BY c
	Sort  (cost=379.36..379.60 rows=94 width=121)
	  Sort Key: c
	  ->  Index Scan using sbtest6_pkey on sbtest6  (cost=0.43..376.28 rows=94 width=121)
	        Index Cond: ((id >= 7787381) AND (id <= 7787480))

table 7 : explain SELECT c FROM sbtest7 WHERE id BETWEEN 4065719 AND 4065818 ORDER BY c
	Sort  (cost=395.67..395.92 rows=98 width=121)
	  Sort Key: c
	  ->  Index Scan using sbtest7_pkey on sbtest7  (cost=0.43..392.43 rows=98 width=121)
	        Index Cond: ((id >= 4065719) AND (id <= 4065818))

table 8 : explain SELECT c FROM sbtest8 WHERE id BETWEEN 9682115 AND 9682214 ORDER BY c
	Sort  (cost=438.05..438.32 rows=109 width=121)
	  Sort Key: c
	  ->  Index Scan using sbtest8_pkey on sbtest8  (cost=0.43..434.36 rows=109 width=121)
	        Index Cond: ((id >= 9682115) AND (id <= 9682214))

for point_selects
table 1 : explain SELECT c FROM sbtest1 WHERE id=4127361
	Index Scan using sbtest1_pkey on sbtest1  (cost=0.43..8.45 rows=1 width=121)
	  Index Cond: (id = 4127361)

table 2 : explain SELECT c FROM sbtest2 WHERE id=4816777
	Index Scan using sbtest2_pkey on sbtest2  (cost=0.43..8.45 rows=1 width=121)
	  Index Cond: (id = 4816777)

table 3 : explain SELECT c FROM sbtest3 WHERE id=8426512
	Index Scan using sbtest3_pkey on sbtest3  (cost=0.43..8.45 rows=1 width=121)
	  Index Cond: (id = 8426512)

table 4 : explain SELECT c FROM sbtest4 WHERE id=9620105
	Index Scan using sbtest4_pkey on sbtest4  (cost=0.43..8.45 rows=1 width=121)
	  Index Cond: (id = 9620105)

table 5 : explain SELECT c FROM sbtest5 WHERE id=9552824
	Index Scan using sbtest5_pkey on sbtest5  (cost=0.43..8.45 rows=1 width=121)
	  Index Cond: (id = 9552824)

table 6 : explain SELECT c FROM sbtest6 WHERE id=5716149
	Index Scan using sbtest6_pkey on sbtest6  (cost=0.43..8.45 rows=1 width=121)
	  Index Cond: (id = 5716149)

table 7 : explain SELECT c FROM sbtest7 WHERE id=7588104
	Index Scan using sbtest7_pkey on sbtest7  (cost=0.43..8.45 rows=1 width=121)
	  Index Cond: (id = 7588104)

table 8 : explain SELECT c FROM sbtest8 WHERE id=2873948
	Index Scan using sbtest8_pkey on sbtest8  (cost=0.43..8.45 rows=1 width=121)
	  Index Cond: (id = 2873948)

explain: for point_selects :: explain SELECT c FROM sbtest%u WHERE id=%u
explain: for point_selects :: explain SELECT c FROM sbtest%u WHERE id=%u
for: distinct_ranges
table 1 : explain SELECT DISTINCT c FROM sbtest1 WHERE id BETWEEN 397330 AND 397429 ORDER BY c
	Unique  (cost=373.12..373.58 rows=92 width=121)
	  ->  Sort  (cost=373.12..373.35 rows=92 width=121)
	        Sort Key: c
	        ->  Index Scan using sbtest1_pkey on sbtest1  (cost=0.43..370.12 rows=92 width=121)
	              Index Cond: ((id >= 397330) AND (id <= 397429))

table 2 : explain SELECT DISTINCT c FROM sbtest2 WHERE id BETWEEN 1720565 AND 1720664 ORDER BY c
	Unique  (cost=360.48..360.93 rows=89 width=121)
	  ->  Sort  (cost=360.48..360.70 rows=89 width=121)
	        Sort Key: c
	        ->  Index Scan using sbtest2_pkey on sbtest2  (cost=0.43..357.60 rows=89 width=121)
	              Index Cond: ((id >= 1720565) AND (id <= 1720664))

table 3 : explain SELECT DISTINCT c FROM sbtest3 WHERE id BETWEEN 6995399 AND 6995498 ORDER BY c
	Unique  (cost=379.75..380.22 rows=94 width=121)
	  ->  Sort  (cost=379.75..379.99 rows=94 width=121)
	        Sort Key: c
	        ->  Index Scan using sbtest3_pkey on sbtest3  (cost=0.43..376.67 rows=94 width=121)
	              Index Cond: ((id >= 6995399) AND (id <= 6995498))

table 4 : explain SELECT DISTINCT c FROM sbtest4 WHERE id BETWEEN 3422862 AND 3422961 ORDER BY c
	Unique  (cost=383.45..383.93 rows=95 width=121)
	  ->  Sort  (cost=383.45..383.69 rows=95 width=121)
	        Sort Key: c
	        ->  Index Scan using sbtest4_pkey on sbtest4  (cost=0.43..380.33 rows=95 width=121)
	              Index Cond: ((id >= 3422862) AND (id <= 3422961))

table 5 : explain SELECT DISTINCT c FROM sbtest5 WHERE id BETWEEN 7521556 AND 7521655 ORDER BY c
	Unique  (cost=439.92..440.46 rows=109 width=121)
	  ->  Sort  (cost=439.92..440.19 rows=109 width=121)
	        Sort Key: c
	        ->  Index Scan using sbtest5_pkey on sbtest5  (cost=0.43..436.23 rows=109 width=121)
	              Index Cond: ((id >= 7521556) AND (id <= 7521655))

table 6 : explain SELECT DISTINCT c FROM sbtest6 WHERE id BETWEEN 9419923 AND 9420022 ORDER BY c
	Unique  (cost=403.35..403.85 rows=100 width=121)
	  ->  Sort  (cost=403.35..403.60 rows=100 width=121)
	        Sort Key: c
	        ->  Index Scan using sbtest6_pkey on sbtest6  (cost=0.43..400.03 rows=100 width=121)
	              Index Cond: ((id >= 9419923) AND (id <= 9420022))

table 7 : explain SELECT DISTINCT c FROM sbtest7 WHERE id BETWEEN 6664219 AND 6664318 ORDER BY c
	Unique  (cost=471.65..472.24 rows=117 width=121)
	  ->  Sort  (cost=471.65..471.95 rows=117 width=121)
	        Sort Key: c
	        ->  Index Scan using sbtest7_pkey on sbtest7  (cost=0.43..467.63 rows=117 width=121)
	              Index Cond: ((id >= 6664219) AND (id <= 6664318))

table 8 : explain SELECT DISTINCT c FROM sbtest8 WHERE id BETWEEN 417709 AND 417808 ORDER BY c
	Unique  (cost=370.31..370.77 rows=92 width=121)
	  ->  Sort  (cost=370.31..370.54 rows=92 width=121)
	        Sort Key: c
	        ->  Index Scan using sbtest8_pkey on sbtest8  (cost=0.43..367.31 rows=92 width=121)
	              Index Cond: ((id >= 417709) AND (id <= 417808))

for: simple_ranges
table 1 : explain SELECT c FROM sbtest1 WHERE id BETWEEN 238305 AND 238404
	Index Scan using sbtest1_pkey on sbtest1  (cost=0.43..397.94 rows=99 width=121)
	  Index Cond: ((id >= 238305) AND (id <= 238404))

table 2 : explain SELECT c FROM sbtest2 WHERE id BETWEEN 5824952 AND 5825051
	Index Scan using sbtest2_pkey on sbtest2  (cost=0.43..413.15 rows=103 width=121)
	  Index Cond: ((id >= 5824952) AND (id <= 5825051))

table 3 : explain SELECT c FROM sbtest3 WHERE id BETWEEN 6800972 AND 6801071
	Index Scan using sbtest3_pkey on sbtest3  (cost=0.43..368.75 rows=92 width=121)
	  Index Cond: ((id >= 6800972) AND (id <= 6801071))

table 4 : explain SELECT c FROM sbtest4 WHERE id BETWEEN 4703065 AND 4703164
	Index Scan using sbtest4_pkey on sbtest4  (cost=0.43..368.47 rows=92 width=121)
	  Index Cond: ((id >= 4703065) AND (id <= 4703164))

table 5 : explain SELECT c FROM sbtest5 WHERE id BETWEEN 8515986 AND 8516085
	Index Scan using sbtest5_pkey on sbtest5  (cost=0.43..416.43 rows=104 width=121)
	  Index Cond: ((id >= 8515986) AND (id <= 8516085))

table 6 : explain SELECT c FROM sbtest6 WHERE id BETWEEN 351811 AND 351910
	Index Scan using sbtest6_pkey on sbtest6  (cost=0.43..407.94 rows=102 width=121)
	  Index Cond: ((id >= 351811) AND (id <= 351910))

table 7 : explain SELECT c FROM sbtest7 WHERE id BETWEEN 5584580 AND 5584679
	Index Scan using sbtest7_pkey on sbtest7  (cost=0.43..412.22 rows=103 width=121)
	  Index Cond: ((id >= 5584580) AND (id <= 5584679))

table 8 : explain SELECT c FROM sbtest8 WHERE id BETWEEN 7694135 AND 7694234
	Index Scan using sbtest8_pkey on sbtest8  (cost=0.43..410.70 rows=103 width=121)
	  Index Cond: ((id >= 7694135) AND (id <= 7694234))

for point_selects
table 1 : explain SELECT c FROM sbtest1 WHERE id=3504554
	Index Scan using sbtest1_pkey on sbtest1  (cost=0.43..8.45 rows=1 width=121)
	  Index Cond: (id = 3504554)

table 2 : explain SELECT c FROM sbtest2 WHERE id=1930525
	Index Scan using sbtest2_pkey on sbtest2  (cost=0.43..8.45 rows=1 width=121)
	  Index Cond: (id = 1930525)

table 3 : explain SELECT c FROM sbtest3 WHERE id=6722439
	Index Scan using sbtest3_pkey on sbtest3  (cost=0.43..8.45 rows=1 width=121)
	  Index Cond: (id = 6722439)

table 4 : explain SELECT c FROM sbtest4 WHERE id=3645152
	Index Scan using sbtest4_pkey on sbtest4  (cost=0.43..8.45 rows=1 width=121)
	  Index Cond: (id = 3645152)

table 5 : explain SELECT c FROM sbtest5 WHERE id=8508671
	Index Scan using sbtest5_pkey on sbtest5  (cost=0.43..8.45 rows=1 width=121)
	  Index Cond: (id = 8508671)

table 6 : explain SELECT c FROM sbtest6 WHERE id=9064287
	Index Scan using sbtest6_pkey on sbtest6  (cost=0.43..8.45 rows=1 width=121)
	  Index Cond: (id = 9064287)

table 7 : explain SELECT c FROM sbtest7 WHERE id=4205018
	Index Scan using sbtest7_pkey on sbtest7  (cost=0.43..8.45 rows=1 width=121)
	  Index Cond: (id = 4205018)

table 8 : explain SELECT c FROM sbtest8 WHERE id=1046921
	Index Scan using sbtest8_pkey on sbtest8  (cost=0.43..8.45 rows=1 width=121)
	  Index Cond: (id = 1046921)

explain: for point_selects :: explain SELECT c FROM sbtest%u WHERE id=%u
explain: for point_selects :: explain SELECT c FROM sbtest%u WHERE id=%u
for: sum_ranges
table 1 : explain SELECT SUM(k) FROM sbtest1 WHERE id BETWEEN 2539870 AND 2539969
	Aggregate  (cost=386.25..386.26 rows=1 width=8)
	  ->  Index Scan using sbtest1_pkey on sbtest1  (cost=0.43..386.01 rows=96 width=4)
	        Index Cond: ((id >= 2539870) AND (id <= 2539969))

table 2 : explain SELECT SUM(k) FROM sbtest2 WHERE id BETWEEN 3439558 AND 3439657
	Aggregate  (cost=405.47..405.48 rows=1 width=8)
	  ->  Index Scan using sbtest2_pkey on sbtest2  (cost=0.43..405.22 rows=101 width=4)
	        Index Cond: ((id >= 3439558) AND (id <= 3439657))

table 3 : explain SELECT SUM(k) FROM sbtest3 WHERE id BETWEEN 6347379 AND 6347478
	Aggregate  (cost=380.87..380.88 rows=1 width=8)
	  ->  Index Scan using sbtest3_pkey on sbtest3  (cost=0.43..380.63 rows=95 width=4)
	        Index Cond: ((id >= 6347379) AND (id <= 6347478))

table 4 : explain SELECT SUM(k) FROM sbtest4 WHERE id BETWEEN 2832710 AND 2832809
	Aggregate  (cost=396.42..396.43 rows=1 width=8)
	  ->  Index Scan using sbtest4_pkey on sbtest4  (cost=0.43..396.17 rows=99 width=4)
	        Index Cond: ((id >= 2832710) AND (id <= 2832809))

table 5 : explain SELECT SUM(k) FROM sbtest5 WHERE id BETWEEN 1745712 AND 1745811
	Aggregate  (cost=388.93..388.94 rows=1 width=8)
	  ->  Index Scan using sbtest5_pkey on sbtest5  (cost=0.43..388.69 rows=97 width=4)
	        Index Cond: ((id >= 1745712) AND (id <= 1745811))

table 6 : explain SELECT SUM(k) FROM sbtest6 WHERE id BETWEEN 6198235 AND 6198334
	Aggregate  (cost=380.47..380.48 rows=1 width=8)
	  ->  Index Scan using sbtest6_pkey on sbtest6  (cost=0.43..380.24 rows=95 width=4)
	        Index Cond: ((id >= 6198235) AND (id <= 6198334))

table 7 : explain SELECT SUM(k) FROM sbtest7 WHERE id BETWEEN 5968447 AND 5968546
	Aggregate  (cost=360.98..360.99 rows=1 width=8)
	  ->  Index Scan using sbtest7_pkey on sbtest7  (cost=0.43..360.75 rows=90 width=4)
	        Index Cond: ((id >= 5968447) AND (id <= 5968546))

table 8 : explain SELECT SUM(k) FROM sbtest8 WHERE id BETWEEN 3232992 AND 3233091
	Aggregate  (cost=422.80..422.81 rows=1 width=8)
	  ->  Index Scan using sbtest8_pkey on sbtest8  (cost=0.43..422.53 rows=106 width=4)
	        Index Cond: ((id >= 3232992) AND (id <= 3233091))

for point_selects
table 1 : explain SELECT c FROM sbtest1 WHERE id=9459644
	Index Scan using sbtest1_pkey on sbtest1  (cost=0.43..8.45 rows=1 width=121)
	  Index Cond: (id = 9459644)

table 2 : explain SELECT c FROM sbtest2 WHERE id=630294
	Index Scan using sbtest2_pkey on sbtest2  (cost=0.43..8.45 rows=1 width=121)
	  Index Cond: (id = 630294)

table 3 : explain SELECT c FROM sbtest3 WHERE id=5086252
	Index Scan using sbtest3_pkey on sbtest3  (cost=0.43..8.45 rows=1 width=121)
	  Index Cond: (id = 5086252)

table 4 : explain SELECT c FROM sbtest4 WHERE id=1915457
	Index Scan using sbtest4_pkey on sbtest4  (cost=0.43..8.45 rows=1 width=121)
	  Index Cond: (id = 1915457)

table 5 : explain SELECT c FROM sbtest5 WHERE id=182858
	Index Scan using sbtest5_pkey on sbtest5  (cost=0.43..8.45 rows=1 width=121)
	  Index Cond: (id = 182858)

table 6 : explain SELECT c FROM sbtest6 WHERE id=3629600
	Index Scan using sbtest6_pkey on sbtest6  (cost=0.43..8.45 rows=1 width=121)
	  Index Cond: (id = 3629600)

table 7 : explain SELECT c FROM sbtest7 WHERE id=5834355
	Index Scan using sbtest7_pkey on sbtest7  (cost=0.43..8.45 rows=1 width=121)
	  Index Cond: (id = 5834355)

table 8 : explain SELECT c FROM sbtest8 WHERE id=4321308
	Index Scan using sbtest8_pkey on sbtest8  (cost=0.43..8.45 rows=1 width=121)
	  Index Cond: (id = 4321308)

for point_selects
table 1 : explain SELECT c FROM sbtest1 WHERE id=853537
	Index Scan using sbtest1_pkey on sbtest1  (cost=0.43..8.45 rows=1 width=121)
	  Index Cond: (id = 853537)

table 2 : explain SELECT c FROM sbtest2 WHERE id=4899148
	Index Scan using sbtest2_pkey on sbtest2  (cost=0.43..8.45 rows=1 width=121)
	  Index Cond: (id = 4899148)

table 3 : explain SELECT c FROM sbtest3 WHERE id=8904955
	Index Scan using sbtest3_pkey on sbtest3  (cost=0.43..8.45 rows=1 width=121)
	  Index Cond: (id = 8904955)

table 4 : explain SELECT c FROM sbtest4 WHERE id=7310688
	Index Scan using sbtest4_pkey on sbtest4  (cost=0.43..8.45 rows=1 width=121)
	  Index Cond: (id = 7310688)

table 5 : explain SELECT c FROM sbtest5 WHERE id=8256337
	Index Scan using sbtest5_pkey on sbtest5  (cost=0.43..8.45 rows=1 width=121)
	  Index Cond: (id = 8256337)

table 6 : explain SELECT c FROM sbtest6 WHERE id=6373516
	Index Scan using sbtest6_pkey on sbtest6  (cost=0.43..8.45 rows=1 width=121)
	  Index Cond: (id = 6373516)

table 7 : explain SELECT c FROM sbtest7 WHERE id=613793
	Index Scan using sbtest7_pkey on sbtest7  (cost=0.43..8.45 rows=1 width=121)
	  Index Cond: (id = 613793)

table 8 : explain SELECT c FROM sbtest8 WHERE id=4720665
	Index Scan using sbtest8_pkey on sbtest8  (cost=0.43..8.45 rows=1 width=121)
	  Index Cond: (id = 4720665)

explain: for point_selects :: explain SELECT c FROM sbtest%u WHERE id=%u
for: simple_ranges
table 1 : explain SELECT c FROM sbtest1 WHERE id BETWEEN 1126335 AND 1126434
	Index Scan using sbtest1_pkey on sbtest1  (cost=0.43..405.88 rows=101 width=121)
	  Index Cond: ((id >= 1126335) AND (id <= 1126434))

table 2 : explain SELECT c FROM sbtest2 WHERE id BETWEEN 8282690 AND 8282789
	Index Scan using sbtest2_pkey on sbtest2  (cost=0.43..393.30 rows=98 width=121)
	  Index Cond: ((id >= 8282690) AND (id <= 8282789))

table 3 : explain SELECT c FROM sbtest3 WHERE id BETWEEN 8957369 AND 8957468
	Index Scan using sbtest3_pkey on sbtest3  (cost=0.43..396.47 rows=99 width=121)
	  Index Cond: ((id >= 8957369) AND (id <= 8957468))

table 4 : explain SELECT c FROM sbtest4 WHERE id BETWEEN 7103954 AND 7104053
	Index Scan using sbtest4_pkey on sbtest4  (cost=0.43..400.13 rows=100 width=121)
	  Index Cond: ((id >= 7103954) AND (id <= 7104053))

table 5 : explain SELECT c FROM sbtest5 WHERE id BETWEEN 8553 AND 8652
	Index Scan using sbtest5_pkey on sbtest5  (cost=0.43..392.66 rows=98 width=121)
	  Index Cond: ((id >= 8553) AND (id <= 8652))

table 6 : explain SELECT c FROM sbtest6 WHERE id BETWEEN 3395938 AND 3396037
	Index Scan using sbtest6_pkey on sbtest6  (cost=0.43..407.94 rows=102 width=121)
	  Index Cond: ((id >= 3395938) AND (id <= 3396037))

table 7 : explain SELECT c FROM sbtest7 WHERE id BETWEEN 8258031 AND 8258130
	Index Scan using sbtest7_pkey on sbtest7  (cost=0.43..432.01 rows=108 width=121)
	  Index Cond: ((id >= 8258031) AND (id <= 8258130))

table 8 : explain SELECT c FROM sbtest8 WHERE id BETWEEN 6330142 AND 6330241
	Index Scan using sbtest8_pkey on sbtest8  (cost=0.43..422.53 rows=106 width=121)
	  Index Cond: ((id >= 6330142) AND (id <= 6330241))

for point_selects
table 1 : explain SELECT c FROM sbtest1 WHERE id=5061802
	Index Scan using sbtest1_pkey on sbtest1  (cost=0.43..8.45 rows=1 width=121)
	  Index Cond: (id = 5061802)

table 2 : explain SELECT c FROM sbtest2 WHERE id=2935066
	Index Scan using sbtest2_pkey on sbtest2  (cost=0.43..8.45 rows=1 width=121)
	  Index Cond: (id = 2935066)

table 3 : explain SELECT c FROM sbtest3 WHERE id=855427
	Index Scan using sbtest3_pkey on sbtest3  (cost=0.43..8.45 rows=1 width=121)
	  Index Cond: (id = 855427)

table 4 : explain SELECT c FROM sbtest4 WHERE id=8551110
	Index Scan using sbtest4_pkey on sbtest4  (cost=0.43..8.45 rows=1 width=121)
	  Index Cond: (id = 8551110)

table 5 : explain SELECT c FROM sbtest5 WHERE id=8567669
	Index Scan using sbtest5_pkey on sbtest5  (cost=0.43..8.45 rows=1 width=121)
	  Index Cond: (id = 8567669)

table 6 : explain SELECT c FROM sbtest6 WHERE id=8735528
	Index Scan using sbtest6_pkey on sbtest6  (cost=0.43..8.45 rows=1 width=121)
	  Index Cond: (id = 8735528)

table 7 : explain SELECT c FROM sbtest7 WHERE id=7800732
	Index Scan using sbtest7_pkey on sbtest7  (cost=0.43..8.45 rows=1 width=121)
	  Index Cond: (id = 7800732)

table 8 : explain SELECT c FROM sbtest8 WHERE id=5638235
	Index Scan using sbtest8_pkey on sbtest8  (cost=0.43..8.45 rows=1 width=121)
	  Index Cond: (id = 5638235)

for: order_ranges
table 1 : explain SELECT c FROM sbtest1 WHERE id BETWEEN 3032660 AND 3032759 ORDER BY c
	Sort  (cost=437.36..437.63 rows=108 width=121)
	  Sort Key: c
	  ->  Index Scan using sbtest1_pkey on sbtest1  (cost=0.43..433.71 rows=108 width=121)
	        Index Cond: ((id >= 3032660) AND (id <= 3032759))

table 2 : explain SELECT c FROM sbtest2 WHERE id BETWEEN 1385755 AND 1385854 ORDER BY c
	Sort  (cost=380.52..380.75 rows=94 width=121)
	  Sort Key: c
	  ->  Index Scan using sbtest2_pkey on sbtest2  (cost=0.43..377.44 rows=94 width=121)
	        Index Cond: ((id >= 1385755) AND (id <= 1385854))

table 3 : explain SELECT c FROM sbtest3 WHERE id BETWEEN 5676431 AND 5676530 ORDER BY c
	Sort  (cost=419.76..420.02 rows=104 width=121)
	  Sort Key: c
	  ->  Index Scan using sbtest3_pkey on sbtest3  (cost=0.43..416.28 rows=104 width=121)
	        Index Cond: ((id >= 5676431) AND (id <= 5676530))

table 4 : explain SELECT c FROM sbtest4 WHERE id BETWEEN 9580209 AND 9580308 ORDER BY c
	Sort  (cost=411.44..411.70 rows=102 width=121)
	  Sort Key: c
	  ->  Index Scan using sbtest4_pkey on sbtest4  (cost=0.43..408.04 rows=102 width=121)
	        Index Cond: ((id >= 9580209) AND (id <= 9580308))

table 5 : explain SELECT c FROM sbtest5 WHERE id BETWEEN 39505 AND 39604 ORDER BY c
	Sort  (cost=395.90..396.15 rows=98 width=121)
	  Sort Key: c
	  ->  Index Scan using sbtest5_pkey on sbtest5  (cost=0.43..392.66 rows=98 width=121)
	        Index Cond: ((id >= 39505) AND (id <= 39604))

table 6 : explain SELECT c FROM sbtest6 WHERE id BETWEEN 3444603 AND 3444702 ORDER BY c
	Sort  (cost=391.35..391.59 rows=97 width=121)
	  Sort Key: c
	  ->  Index Scan using sbtest6_pkey on sbtest6  (cost=0.43..388.15 rows=97 width=121)
	        Index Cond: ((id >= 3444603) AND (id <= 3444702))

table 7 : explain SELECT c FROM sbtest7 WHERE id BETWEEN 1695907 AND 1696006 ORDER BY c
	Sort  (cost=403.67..403.92 rows=100 width=121)
	  Sort Key: c
	  ->  Index Scan using sbtest7_pkey on sbtest7  (cost=0.43..400.35 rows=100 width=121)
	        Index Cond: ((id >= 1695907) AND (id <= 1696006))

table 8 : explain SELECT c FROM sbtest8 WHERE id BETWEEN 9863978 AND 9864077 ORDER BY c
	Sort  (cost=457.97..458.26 rows=114 width=121)
	  Sort Key: c
	  ->  Index Scan using sbtest8_pkey on sbtest8  (cost=0.43..454.08 rows=114 width=121)
	        Index Cond: ((id >= 9863978) AND (id <= 9864077))

for: simple_ranges
table 1 : explain SELECT c FROM sbtest1 WHERE id BETWEEN 4657030 AND 4657129
	Index Scan using sbtest1_pkey on sbtest1  (cost=0.43..386.01 rows=96 width=121)
	  Index Cond: ((id >= 4657030) AND (id <= 4657129))

table 2 : explain SELECT c FROM sbtest2 WHERE id BETWEEN 7419633 AND 7419732
	Index Scan using sbtest2_pkey on sbtest2  (cost=0.43..401.25 rows=100 width=121)
	  Index Cond: ((id >= 7419633) AND (id <= 7419732))

table 3 : explain SELECT c FROM sbtest3 WHERE id BETWEEN 7682077 AND 7682176
	Index Scan using sbtest3_pkey on sbtest3  (cost=0.43..400.44 rows=100 width=121)
	  Index Cond: ((id >= 7682077) AND (id <= 7682176))

table 4 : explain SELECT c FROM sbtest4 WHERE id BETWEEN 7298726 AND 7298825
	Index Scan using sbtest4_pkey on sbtest4  (cost=0.43..388.25 rows=97 width=121)
	  Index Cond: ((id >= 7298726) AND (id <= 7298825))

table 5 : explain SELECT c FROM sbtest5 WHERE id BETWEEN 5310398 AND 5310497
	Index Scan using sbtest5_pkey on sbtest5  (cost=0.43..380.77 rows=95 width=121)
	  Index Cond: ((id >= 5310398) AND (id <= 5310497))

table 6 : explain SELECT c FROM sbtest6 WHERE id BETWEEN 3629970 AND 3630069
	Index Scan using sbtest6_pkey on sbtest6  (cost=0.43..443.53 rows=111 width=121)
	  Index Cond: ((id >= 3629970) AND (id <= 3630069))

table 7 : explain SELECT c FROM sbtest7 WHERE id BETWEEN 7771 AND 7870
	Index Scan using sbtest7_pkey on sbtest7  (cost=0.43..372.63 rows=93 width=121)
	  Index Cond: ((id >= 7771) AND (id <= 7870))

table 8 : explain SELECT c FROM sbtest8 WHERE id BETWEEN 8984989 AND 8985088
	Index Scan using sbtest8_pkey on sbtest8  (cost=0.43..414.65 rows=104 width=121)
	  Index Cond: ((id >= 8984989) AND (id <= 8985088))

for: simple_ranges
table 1 : explain SELECT c FROM sbtest1 WHERE id BETWEEN 1973895 AND 1973994
	Index Scan using sbtest1_pkey on sbtest1  (cost=0.43..397.94 rows=99 width=121)
	  Index Cond: ((id >= 1973895) AND (id <= 1973994))

table 2 : explain SELECT c FROM sbtest2 WHERE id BETWEEN 4517730 AND 4517829
	Index Scan using sbtest2_pkey on sbtest2  (cost=0.43..389.34 rows=97 width=121)
	  Index Cond: ((id >= 4517730) AND (id <= 4517829))

table 3 : explain SELECT c FROM sbtest3 WHERE id BETWEEN 9037152 AND 9037251
	Index Scan using sbtest3_pkey on sbtest3  (cost=0.43..368.75 rows=92 width=121)
	  Index Cond: ((id >= 9037152) AND (id <= 9037251))

table 4 : explain SELECT c FROM sbtest4 WHERE id BETWEEN 293346 AND 293445
	Index Scan using sbtest4_pkey on sbtest4  (cost=0.43..352.64 rows=88 width=121)
	  Index Cond: ((id >= 293346) AND (id <= 293445))

table 5 : explain SELECT c FROM sbtest5 WHERE id BETWEEN 1467040 AND 1467139
	Index Scan using sbtest5_pkey on sbtest5  (cost=0.43..380.77 rows=95 width=121)
	  Index Cond: ((id >= 1467040) AND (id <= 1467139))

table 6 : explain SELECT c FROM sbtest6 WHERE id BETWEEN 2238166 AND 2238265
	Index Scan using sbtest6_pkey on sbtest6  (cost=0.43..380.24 rows=95 width=121)
	  Index Cond: ((id >= 2238166) AND (id <= 2238265))

table 7 : explain SELECT c FROM sbtest7 WHERE id BETWEEN 8789744 AND 8789843
	Index Scan using sbtest7_pkey on sbtest7  (cost=0.43..404.31 rows=101 width=121)
	  Index Cond: ((id >= 8789744) AND (id <= 8789843))

table 8 : explain SELECT c FROM sbtest8 WHERE id BETWEEN 133011 AND 133110
	Index Scan using sbtest8_pkey on sbtest8  (cost=0.43..383.08 rows=96 width=121)
	  Index Cond: ((id >= 133011) AND (id <= 133110))

for: sum_ranges
table 1 : explain SELECT SUM(k) FROM sbtest1 WHERE id BETWEEN 2556334 AND 2556433
	Aggregate  (cost=386.25..386.26 rows=1 width=8)
	  ->  Index Scan using sbtest1_pkey on sbtest1  (cost=0.43..386.01 rows=96 width=4)
	        Index Cond: ((id >= 2556334) AND (id <= 2556433))

table 2 : explain SELECT SUM(k) FROM sbtest2 WHERE id BETWEEN 6688895 AND 6688994
	Aggregate  (cost=369.73..369.74 rows=1 width=8)
	  ->  Index Scan using sbtest2_pkey on sbtest2  (cost=0.43..369.50 rows=92 width=4)
	        Index Cond: ((id >= 6688895) AND (id <= 6688994))

table 3 : explain SELECT SUM(k) FROM sbtest3 WHERE id BETWEEN 7243144 AND 7243243
	Aggregate  (cost=404.65..404.66 rows=1 width=8)
	  ->  Index Scan using sbtest3_pkey on sbtest3  (cost=0.43..404.40 rows=101 width=4)
	        Index Cond: ((id >= 7243144) AND (id <= 7243243))

table 4 : explain SELECT SUM(k) FROM sbtest4 WHERE id BETWEEN 1088754 AND 1088853
	Aggregate  (cost=372.65..372.66 rows=1 width=8)
	  ->  Index Scan using sbtest4_pkey on sbtest4  (cost=0.43..372.42 rows=93 width=4)
	        Index Cond: ((id >= 1088754) AND (id <= 1088853))

table 5 : explain SELECT SUM(k) FROM sbtest5 WHERE id BETWEEN 3933498 AND 3933597
	Aggregate  (cost=388.93..388.94 rows=1 width=8)
	  ->  Index Scan using sbtest5_pkey on sbtest5  (cost=0.43..388.69 rows=97 width=4)
	        Index Cond: ((id >= 3933498) AND (id <= 3933597))

table 6 : explain SELECT SUM(k) FROM sbtest6 WHERE id BETWEEN 2747459 AND 2747558
	Aggregate  (cost=396.32..396.33 rows=1 width=8)
	  ->  Index Scan using sbtest6_pkey on sbtest6  (cost=0.43..396.07 rows=99 width=4)
	        Index Cond: ((id >= 2747459) AND (id <= 2747558))

table 7 : explain SELECT SUM(k) FROM sbtest7 WHERE id BETWEEN 584755 AND 584854
	Aggregate  (cost=436.24..436.25 rows=1 width=8)
	  ->  Index Scan using sbtest7_pkey on sbtest7  (cost=0.43..435.97 rows=109 width=4)
	        Index Cond: ((id >= 584755) AND (id <= 584854))

table 8 : explain SELECT SUM(k) FROM sbtest8 WHERE id BETWEEN 775362 AND 775461
	Aggregate  (cost=399.12..399.13 rows=1 width=8)
	  ->  Index Scan using sbtest8_pkey on sbtest8  (cost=0.43..398.87 rows=100 width=4)
	        Index Cond: ((id >= 775362) AND (id <= 775461))

for: simple_ranges
table 1 : explain SELECT c FROM sbtest1 WHERE id BETWEEN 3982795 AND 3982894
	Index Scan using sbtest1_pkey on sbtest1  (cost=0.43..437.69 rows=109 width=121)
	  Index Cond: ((id >= 3982795) AND (id <= 3982894))

table 2 : explain SELECT c FROM sbtest2 WHERE id BETWEEN 8189172 AND 8189271
	Index Scan using sbtest2_pkey on sbtest2  (cost=0.43..421.09 rows=105 width=121)
	  Index Cond: ((id >= 8189172) AND (id <= 8189271))

table 3 : explain SELECT c FROM sbtest3 WHERE id BETWEEN 4510908 AND 4511007
	Index Scan using sbtest3_pkey on sbtest3  (cost=0.43..400.44 rows=100 width=121)
	  Index Cond: ((id >= 4510908) AND (id <= 4511007))

table 4 : explain SELECT c FROM sbtest4 WHERE id BETWEEN 9113099 AND 9113198
	Index Scan using sbtest4_pkey on sbtest4  (cost=0.43..404.09 rows=101 width=121)
	  Index Cond: ((id >= 9113099) AND (id <= 9113198))

table 5 : explain SELECT c FROM sbtest5 WHERE id BETWEEN 6575079 AND 6575178
	Index Scan using sbtest5_pkey on sbtest5  (cost=0.43..412.47 rows=103 width=121)
	  Index Cond: ((id >= 6575079) AND (id <= 6575178))

table 6 : explain SELECT c FROM sbtest6 WHERE id BETWEEN 7313153 AND 7313252
	Index Scan using sbtest6_pkey on sbtest6  (cost=0.43..415.85 rows=104 width=121)
	  Index Cond: ((id >= 7313153) AND (id <= 7313252))

table 7 : explain SELECT c FROM sbtest7 WHERE id BETWEEN 2234094 AND 2234193
	Index Scan using sbtest7_pkey on sbtest7  (cost=0.43..372.63 rows=93 width=121)
	  Index Cond: ((id >= 2234094) AND (id <= 2234193))

table 8 : explain SELECT c FROM sbtest8 WHERE id BETWEEN 14562 AND 14661
	Index Scan using sbtest8_pkey on sbtest8  (cost=0.43..367.31 rows=92 width=121)
	  Index Cond: ((id >= 14562) AND (id <= 14661))

for: distinct_ranges
table 1 : explain SELECT DISTINCT c FROM sbtest1 WHERE id BETWEEN 600479 AND 600578 ORDER BY c
	Unique  (cost=433.35..433.88 rows=107 width=121)
	  ->  Sort  (cost=433.35..433.61 rows=107 width=121)
	        Sort Key: c
	        ->  Index Scan using sbtest1_pkey on sbtest1  (cost=0.43..429.74 rows=107 width=121)
	              Index Cond: ((id >= 600479) AND (id <= 600578))

table 2 : explain SELECT DISTINCT c FROM sbtest2 WHERE id BETWEEN 5654434 AND 5654533 ORDER BY c
	Unique  (cost=416.60..417.11 rows=103 width=121)
	  ->  Sort  (cost=416.60..416.86 rows=103 width=121)
	        Sort Key: c
	        ->  Index Scan using sbtest2_pkey on sbtest2  (cost=0.43..413.15 rows=103 width=121)
	              Index Cond: ((id >= 5654434) AND (id <= 5654533))

table 3 : explain SELECT DISTINCT c FROM sbtest3 WHERE id BETWEEN 3468756 AND 3468855 ORDER BY c
	Unique  (cost=407.76..408.27 rows=101 width=121)
	  ->  Sort  (cost=407.76..408.01 rows=101 width=121)
	        Sort Key: c
	        ->  Index Scan using sbtest3_pkey on sbtest3  (cost=0.43..404.40 rows=101 width=121)
	              Index Cond: ((id >= 3468756) AND (id <= 3468855))

table 4 : explain SELECT DISTINCT c FROM sbtest4 WHERE id BETWEEN 5272803 AND 5272902 ORDER BY c
	Unique  (cost=431.43..431.96 rows=107 width=121)
	  ->  Sort  (cost=431.43..431.69 rows=107 width=121)
	        Sort Key: c
	        ->  Index Scan using sbtest4_pkey on sbtest4  (cost=0.43..427.82 rows=107 width=121)
	              Index Cond: ((id >= 5272803) AND (id <= 5272902))

table 5 : explain SELECT DISTINCT c FROM sbtest5 WHERE id BETWEEN 7383723 AND 7383822 ORDER BY c
	Unique  (cost=439.92..440.46 rows=109 width=121)
	  ->  Sort  (cost=439.92..440.19 rows=109 width=121)
	        Sort Key: c
	        ->  Index Scan using sbtest5_pkey on sbtest5  (cost=0.43..436.23 rows=109 width=121)
	              Index Cond: ((id >= 7383723) AND (id <= 7383822))

table 6 : explain SELECT DISTINCT c FROM sbtest6 WHERE id BETWEEN 2958481 AND 2958580 ORDER BY c
	Unique  (cost=399.35..399.85 rows=99 width=121)
	  ->  Sort  (cost=399.35..399.60 rows=99 width=121)
	        Sort Key: c
	        ->  Index Scan using sbtest6_pkey on sbtest6  (cost=0.43..396.07 rows=99 width=121)
	              Index Cond: ((id >= 2958481) AND (id <= 2958580))

table 7 : explain SELECT DISTINCT c FROM sbtest7 WHERE id BETWEEN 7870998 AND 7871097 ORDER BY c
	Unique  (cost=403.67..404.17 rows=100 width=121)
	  ->  Sort  (cost=403.67..403.92 rows=100 width=121)
	        Sort Key: c
	        ->  Index Scan using sbtest7_pkey on sbtest7  (cost=0.43..400.35 rows=100 width=121)
	              Index Cond: ((id >= 7870998) AND (id <= 7871097))

table 8 : explain SELECT DISTINCT c FROM sbtest8 WHERE id BETWEEN 5587105 AND 5587204 ORDER BY c
	Unique  (cost=390.25..390.73 rows=97 width=121)
	  ->  Sort  (cost=390.25..390.49 rows=97 width=121)
	        Sort Key: c
	        ->  Index Scan using sbtest8_pkey on sbtest8  (cost=0.43..387.05 rows=97 width=121)
	              Index Cond: ((id >= 5587105) AND (id <= 5587204))

for: sum_ranges
table 1 : explain SELECT SUM(k) FROM sbtest1 WHERE id BETWEEN 6325688 AND 6325787
	Aggregate  (cost=402.16..402.17 rows=1 width=8)
	  ->  Index Scan using sbtest1_pkey on sbtest1  (cost=0.43..401.91 rows=100 width=4)
	        Index Cond: ((id >= 6325688) AND (id <= 6325787))

table 2 : explain SELECT SUM(k) FROM sbtest2 WHERE id BETWEEN 5720903 AND 5721002
	Aggregate  (cost=385.61..385.62 rows=1 width=8)
	  ->  Index Scan using sbtest2_pkey on sbtest2  (cost=0.43..385.37 rows=96 width=4)
	        Index Cond: ((id >= 5720903) AND (id <= 5721002))

table 3 : explain SELECT SUM(k) FROM sbtest3 WHERE id BETWEEN 8832570 AND 8832669
	Aggregate  (cost=452.19..452.20 rows=1 width=8)
	  ->  Index Scan using sbtest3_pkey on sbtest3  (cost=0.43..451.91 rows=113 width=4)
	        Index Cond: ((id >= 8832570) AND (id <= 8832669))

table 4 : explain SELECT SUM(k) FROM sbtest4 WHERE id BETWEEN 3026393 AND 3026492
	Aggregate  (cost=384.53..384.54 rows=1 width=8)
	  ->  Index Scan using sbtest4_pkey on sbtest4  (cost=0.43..384.29 rows=96 width=4)
	        Index Cond: ((id >= 3026393) AND (id <= 3026492))

table 5 : explain SELECT SUM(k) FROM sbtest5 WHERE id BETWEEN 1571276 AND 1571375
	Aggregate  (cost=404.80..404.81 rows=1 width=8)
	  ->  Index Scan using sbtest5_pkey on sbtest5  (cost=0.43..404.54 rows=101 width=4)
	        Index Cond: ((id >= 1571276) AND (id <= 1571375))

table 6 : explain SELECT SUM(k) FROM sbtest6 WHERE id BETWEEN 6051014 AND 6051113
	Aggregate  (cost=396.32..396.33 rows=1 width=8)
	  ->  Index Scan using sbtest6_pkey on sbtest6  (cost=0.43..396.07 rows=99 width=4)
	        Index Cond: ((id >= 6051014) AND (id <= 6051113))

table 7 : explain SELECT SUM(k) FROM sbtest7 WHERE id BETWEEN 5175520 AND 5175619
	Aggregate  (cost=404.56..404.57 rows=1 width=8)
	  ->  Index Scan using sbtest7_pkey on sbtest7  (cost=0.43..404.31 rows=101 width=4)
	        Index Cond: ((id >= 5175520) AND (id <= 5175619))

table 8 : explain SELECT SUM(k) FROM sbtest8 WHERE id BETWEEN 2853067 AND 2853166
	Aggregate  (cost=403.07..403.08 rows=1 width=8)
	  ->  Index Scan using sbtest8_pkey on sbtest8  (cost=0.43..402.82 rows=101 width=4)
	        Index Cond: ((id >= 2853067) AND (id <= 2853166))

for point_selects
table 1 : explain SELECT c FROM sbtest1 WHERE id=1220522
	Index Scan using sbtest1_pkey on sbtest1  (cost=0.43..8.45 rows=1 width=121)
	  Index Cond: (id = 1220522)

table 2 : explain SELECT c FROM sbtest2 WHERE id=1721572
	Index Scan using sbtest2_pkey on sbtest2  (cost=0.43..8.45 rows=1 width=121)
	  Index Cond: (id = 1721572)

table 3 : explain SELECT c FROM sbtest3 WHERE id=2511729
	Index Scan using sbtest3_pkey on sbtest3  (cost=0.43..8.45 rows=1 width=121)
	  Index Cond: (id = 2511729)

table 4 : explain SELECT c FROM sbtest4 WHERE id=2951373
	Index Scan using sbtest4_pkey on sbtest4  (cost=0.43..8.45 rows=1 width=121)
	  Index Cond: (id = 2951373)

table 5 : explain SELECT c FROM sbtest5 WHERE id=4721464
	Index Scan using sbtest5_pkey on sbtest5  (cost=0.43..8.45 rows=1 width=121)
	  Index Cond: (id = 4721464)

table 6 : explain SELECT c FROM sbtest6 WHERE id=6220458
	Index Scan using sbtest6_pkey on sbtest6  (cost=0.43..8.45 rows=1 width=121)
	  Index Cond: (id = 6220458)

table 7 : explain SELECT c FROM sbtest7 WHERE id=8152467
	Index Scan using sbtest7_pkey on sbtest7  (cost=0.43..8.45 rows=1 width=121)
	  Index Cond: (id = 8152467)

table 8 : explain SELECT c FROM sbtest8 WHERE id=1660313
	Index Scan using sbtest8_pkey on sbtest8  (cost=0.43..8.45 rows=1 width=121)
	  Index Cond: (id = 1660313)

for: sum_ranges
table 1 : explain SELECT SUM(k) FROM sbtest1 WHERE id BETWEEN 3498344 AND 3498443
	Aggregate  (cost=370.35..370.36 rows=1 width=8)
	  ->  Index Scan using sbtest1_pkey on sbtest1  (cost=0.43..370.12 rows=92 width=4)
	        Index Cond: ((id >= 3498344) AND (id <= 3498443))

table 2 : explain SELECT SUM(k) FROM sbtest2 WHERE id BETWEEN 2866440 AND 2866539
	Aggregate  (cost=441.20..441.21 rows=1 width=8)
	  ->  Index Scan using sbtest2_pkey on sbtest2  (cost=0.43..440.92 rows=110 width=4)
	        Index Cond: ((id >= 2866440) AND (id <= 2866539))

table 3 : explain SELECT SUM(k) FROM sbtest3 WHERE id BETWEEN 6279740 AND 6279839
	Aggregate  (cost=365.02..365.03 rows=1 width=8)
	  ->  Index Scan using sbtest3_pkey on sbtest3  (cost=0.43..364.79 rows=91 width=4)
	        Index Cond: ((id >= 6279740) AND (id <= 6279839))

table 4 : explain SELECT SUM(k) FROM sbtest4 WHERE id BETWEEN 2957588 AND 2957687
	Aggregate  (cost=432.05..432.06 rows=1 width=8)
	  ->  Index Scan using sbtest4_pkey on sbtest4  (cost=0.43..431.78 rows=108 width=4)
	        Index Cond: ((id >= 2957588) AND (id <= 2957687))

table 5 : explain SELECT SUM(k) FROM sbtest5 WHERE id BETWEEN 8166759 AND 8166858
	Aggregate  (cost=388.93..388.94 rows=1 width=8)
	  ->  Index Scan using sbtest5_pkey on sbtest5  (cost=0.43..388.69 rows=97 width=4)
	        Index Cond: ((id >= 8166759) AND (id <= 8166858))

table 6 : explain SELECT SUM(k) FROM sbtest6 WHERE id BETWEEN 2123 AND 2222
	Aggregate  (cost=380.47..380.48 rows=1 width=8)
	  ->  Index Scan using sbtest6_pkey on sbtest6  (cost=0.43..380.24 rows=95 width=4)
	        Index Cond: ((id >= 2123) AND (id <= 2222))

table 7 : explain SELECT SUM(k) FROM sbtest7 WHERE id BETWEEN 1747103 AND 1747202
	Aggregate  (cost=420.40..420.41 rows=1 width=8)
	  ->  Index Scan using sbtest7_pkey on sbtest7  (cost=0.43..420.14 rows=105 width=4)
	        Index Cond: ((id >= 1747103) AND (id <= 1747202))

table 8 : explain SELECT SUM(k) FROM sbtest8 WHERE id BETWEEN 7798028 AND 7798127
	Aggregate  (cost=391.23..391.24 rows=1 width=8)
	  ->  Index Scan using sbtest8_pkey on sbtest8  (cost=0.43..390.99 rows=98 width=4)
	        Index Cond: ((id >= 7798028) AND (id <= 7798127))

for: order_ranges
table 1 : explain SELECT c FROM sbtest1 WHERE id BETWEEN 6943259 AND 6943358 ORDER BY c
	Sort  (cost=417.29..417.55 rows=103 width=121)
	  Sort Key: c
	  ->  Index Scan using sbtest1_pkey on sbtest1  (cost=0.43..413.84 rows=103 width=121)
	        Index Cond: ((id >= 6943259) AND (id <= 6943358))

table 2 : explain SELECT c FROM sbtest2 WHERE id BETWEEN 8553001 AND 8553100 ORDER BY c
	Sort  (cost=408.58..408.83 rows=101 width=121)
	  Sort Key: c
	  ->  Index Scan using sbtest2_pkey on sbtest2  (cost=0.43..405.22 rows=101 width=121)
	        Index Cond: ((id >= 8553001) AND (id <= 8553100))

table 3 : explain SELECT c FROM sbtest3 WHERE id BETWEEN 3011713 AND 3011812 ORDER BY c
	Sort  (cost=387.75..387.99 rows=96 width=121)
	  Sort Key: c
	  ->  Index Scan using sbtest3_pkey on sbtest3  (cost=0.43..384.59 rows=96 width=121)
	        Index Cond: ((id >= 3011713) AND (id <= 3011812))

table 4 : explain SELECT c FROM sbtest4 WHERE id BETWEEN 2012215 AND 2012314 ORDER BY c
	Sort  (cost=451.41..451.69 rows=112 width=121)
	  Sort Key: c
	  ->  Index Scan using sbtest4_pkey on sbtest4  (cost=0.43..447.60 rows=112 width=121)
	        Index Cond: ((id >= 2012215) AND (id <= 2012314))

table 5 : explain SELECT c FROM sbtest5 WHERE id BETWEEN 7402449 AND 7402548 ORDER BY c
	Sort  (cost=439.92..440.19 rows=109 width=121)
	  Sort Key: c
	  ->  Index Scan using sbtest5_pkey on sbtest5  (cost=0.43..436.23 rows=109 width=121)
	        Index Cond: ((id >= 7402449) AND (id <= 7402548))

table 6 : explain SELECT c FROM sbtest6 WHERE id BETWEEN 8883886 AND 8883985 ORDER BY c
	Sort  (cost=375.37..375.60 rows=93 width=121)
	  Sort Key: c
	  ->  Index Scan using sbtest6_pkey on sbtest6  (cost=0.43..372.33 rows=93 width=121)
	        Index Cond: ((id >= 8883886) AND (id <= 8883985))

table 7 : explain SELECT c FROM sbtest7 WHERE id BETWEEN 5108028 AND 5108127 ORDER BY c
	Sort  (cost=407.67..407.92 rows=101 width=121)
	  Sort Key: c
	  ->  Index Scan using sbtest7_pkey on sbtest7  (cost=0.43..404.31 rows=101 width=121)
	        Index Cond: ((id >= 5108028) AND (id <= 5108127))

table 8 : explain SELECT c FROM sbtest8 WHERE id BETWEEN 7714810 AND 7714909 ORDER BY c
	Sort  (cost=414.15..414.40 rows=103 width=121)
	  Sort Key: c
	  ->  Index Scan using sbtest8_pkey on sbtest8  (cost=0.43..410.70 rows=103 width=121)
	        Index Cond: ((id >= 7714810) AND (id <= 7714909))

for: sum_ranges
table 1 : explain SELECT SUM(k) FROM sbtest1 WHERE id BETWEEN 8160244 AND 8160343
	Aggregate  (cost=366.37..366.38 rows=1 width=8)
	  ->  Index Scan using sbtest1_pkey on sbtest1  (cost=0.43..366.14 rows=91 width=4)
	        Index Cond: ((id >= 8160244) AND (id <= 8160343))

table 2 : explain SELECT SUM(k) FROM sbtest2 WHERE id BETWEEN 2447262 AND 2447361
	Aggregate  (cost=401.50..401.51 rows=1 width=8)
	  ->  Index Scan using sbtest2_pkey on sbtest2  (cost=0.43..401.25 rows=100 width=4)
	        Index Cond: ((id >= 2447262) AND (id <= 2447361))

table 3 : explain SELECT SUM(k) FROM sbtest3 WHERE id BETWEEN 2335278 AND 2335377
	Aggregate  (cost=424.46..424.47 rows=1 width=8)
	  ->  Index Scan using sbtest3_pkey on sbtest3  (cost=0.43..424.19 rows=106 width=4)
	        Index Cond: ((id >= 2335278) AND (id <= 2335377))

table 4 : explain SELECT SUM(k) FROM sbtest4 WHERE id BETWEEN 2775022 AND 2775121
	Aggregate  (cost=428.09..428.10 rows=1 width=8)
	  ->  Index Scan using sbtest4_pkey on sbtest4  (cost=0.43..427.82 rows=107 width=4)
	        Index Cond: ((id >= 2775022) AND (id <= 2775121))

table 5 : explain SELECT SUM(k) FROM sbtest5 WHERE id BETWEEN 5162089 AND 5162188
	Aggregate  (cost=404.80..404.81 rows=1 width=8)
	  ->  Index Scan using sbtest5_pkey on sbtest5  (cost=0.43..404.54 rows=101 width=4)
	        Index Cond: ((id >= 5162089) AND (id <= 5162188))

table 6 : explain SELECT SUM(k) FROM sbtest6 WHERE id BETWEEN 4618920 AND 4619019
	Aggregate  (cost=404.23..404.24 rows=1 width=8)
	  ->  Index Scan using sbtest6_pkey on sbtest6  (cost=0.43..403.98 rows=101 width=4)
	        Index Cond: ((id >= 4618920) AND (id <= 4619019))

table 7 : explain SELECT SUM(k) FROM sbtest7 WHERE id BETWEEN 1906307 AND 1906406
	Aggregate  (cost=384.74..384.75 rows=1 width=8)
	  ->  Index Scan using sbtest7_pkey on sbtest7  (cost=0.43..384.50 rows=96 width=4)
	        Index Cond: ((id >= 1906307) AND (id <= 1906406))

table 8 : explain SELECT SUM(k) FROM sbtest8 WHERE id BETWEEN 2584659 AND 2584758
	Aggregate  (cost=371.49..371.50 rows=1 width=8)
	  ->  Index Scan using sbtest8_pkey on sbtest8  (cost=0.43..371.25 rows=93 width=4)
	        Index Cond: ((id >= 2584659) AND (id <= 2584758))

for: simple_ranges
table 1 : explain SELECT c FROM sbtest1 WHERE id BETWEEN 2934792 AND 2934891
	Index Scan using sbtest1_pkey on sbtest1  (cost=0.43..370.12 rows=92 width=121)
	  Index Cond: ((id >= 2934792) AND (id <= 2934891))

table 2 : explain SELECT c FROM sbtest2 WHERE id BETWEEN 8380265 AND 8380364
	Index Scan using sbtest2_pkey on sbtest2  (cost=0.43..381.40 rows=95 width=121)
	  Index Cond: ((id >= 8380265) AND (id <= 8380364))

table 3 : explain SELECT c FROM sbtest3 WHERE id BETWEEN 497699 AND 497798
	Index Scan using sbtest3_pkey on sbtest3  (cost=0.43..412.32 rows=103 width=121)
	  Index Cond: ((id >= 497699) AND (id <= 497798))

table 4 : explain SELECT c FROM sbtest4 WHERE id BETWEEN 5971070 AND 5971169
	Index Scan using sbtest4_pkey on sbtest4  (cost=0.43..376.38 rows=94 width=121)
	  Index Cond: ((id >= 5971070) AND (id <= 5971169))

table 5 : explain SELECT c FROM sbtest5 WHERE id BETWEEN 5008926 AND 5009025
	Index Scan using sbtest5_pkey on sbtest5  (cost=0.43..400.58 rows=100 width=121)
	  Index Cond: ((id >= 5008926) AND (id <= 5009025))

table 6 : explain SELECT c FROM sbtest6 WHERE id BETWEEN 1728740 AND 1728839
	Index Scan using sbtest6_pkey on sbtest6  (cost=0.43..400.03 rows=100 width=121)
	  Index Cond: ((id >= 1728740) AND (id <= 1728839))

table 7 : explain SELECT c FROM sbtest7 WHERE id BETWEEN 9317872 AND 9317971
	Index Scan using sbtest7_pkey on sbtest7  (cost=0.43..404.31 rows=101 width=121)
	  Index Cond: ((id >= 9317872) AND (id <= 9317971))

table 8 : explain SELECT c FROM sbtest8 WHERE id BETWEEN 3689031 AND 3689130
	Index Scan using sbtest8_pkey on sbtest8  (cost=0.43..394.93 rows=99 width=121)
	  Index Cond: ((id >= 3689031) AND (id <= 3689130))

for: order_ranges
table 1 : explain SELECT c FROM sbtest1 WHERE id BETWEEN 5851095 AND 5851194 ORDER BY c
	Sort  (cost=429.33..429.60 rows=106 width=121)
	  Sort Key: c
	  ->  Index Scan using sbtest1_pkey on sbtest1  (cost=0.43..425.77 rows=106 width=121)
	        Index Cond: ((id >= 5851095) AND (id <= 5851194))

table 2 : explain SELECT c FROM sbtest2 WHERE id BETWEEN 5381847 AND 5381946 ORDER BY c
	Sort  (cost=428.62..428.89 rows=106 width=121)
	  Sort Key: c
	  ->  Index Scan using sbtest2_pkey on sbtest2  (cost=0.43..425.06 rows=106 width=121)
	        Index Cond: ((id >= 5381847) AND (id <= 5381946))

table 3 : explain SELECT c FROM sbtest3 WHERE id BETWEEN 3616575 AND 3616674 ORDER BY c
	Sort  (cost=431.76..432.03 rows=107 width=121)
	  Sort Key: c
	  ->  Index Scan using sbtest3_pkey on sbtest3  (cost=0.43..428.15 rows=107 width=121)
	        Index Cond: ((id >= 3616575) AND (id <= 3616674))

table 4 : explain SELECT c FROM sbtest4 WHERE id BETWEEN 2562870 AND 2562969 ORDER BY c
	Sort  (cost=395.44..395.69 rows=98 width=121)
	  Sort Key: c
	  ->  Index Scan using sbtest4_pkey on sbtest4  (cost=0.43..392.20 rows=98 width=121)
	        Index Cond: ((id >= 2562870) AND (id <= 2562969))

table 5 : explain SELECT c FROM sbtest5 WHERE id BETWEEN 4250200 AND 4250299 ORDER BY c
	Sort  (cost=387.89..388.13 rows=96 width=121)
	  Sort Key: c
	  ->  Index Scan using sbtest5_pkey on sbtest5  (cost=0.43..384.73 rows=96 width=121)
	        Index Cond: ((id >= 4250200) AND (id <= 4250299))

table 6 : explain SELECT c FROM sbtest6 WHERE id BETWEEN 3635575 AND 3635674 ORDER BY c
	Sort  (cost=375.37..375.60 rows=93 width=121)
	  Sort Key: c
	  ->  Index Scan using sbtest6_pkey on sbtest6  (cost=0.43..372.33 rows=93 width=121)
	        Index Cond: ((id >= 3635575) AND (id <= 3635674))

table 7 : explain SELECT c FROM sbtest7 WHERE id BETWEEN 3390561 AND 3390660 ORDER BY c
	Sort  (cost=375.67..375.90 rows=93 width=121)
	  Sort Key: c
	  ->  Index Scan using sbtest7_pkey on sbtest7  (cost=0.43..372.63 rows=93 width=121)
	        Index Cond: ((id >= 3390561) AND (id <= 3390660))

table 8 : explain SELECT c FROM sbtest8 WHERE id BETWEEN 7437197 AND 7437296 ORDER BY c
	Sort  (cost=390.25..390.49 rows=97 width=121)
	  Sort Key: c
	  ->  Index Scan using sbtest8_pkey on sbtest8  (cost=0.43..387.05 rows=97 width=121)
	        Index Cond: ((id >= 7437197) AND (id <= 7437296))

for: order_ranges
table 1 : explain SELECT c FROM sbtest1 WHERE id BETWEEN 8100412 AND 8100511 ORDER BY c
	Sort  (cost=369.11..369.33 rows=91 width=121)
	  Sort Key: c
	  ->  Index Scan using sbtest1_pkey on sbtest1  (cost=0.43..366.14 rows=91 width=121)
	        Index Cond: ((id >= 8100412) AND (id <= 8100511))

table 2 : explain SELECT c FROM sbtest2 WHERE id BETWEEN 8940021 AND 8940120 ORDER BY c
	Sort  (cost=384.52..384.76 rows=95 width=121)
	  Sort Key: c
	  ->  Index Scan using sbtest2_pkey on sbtest2  (cost=0.43..381.40 rows=95 width=121)
	        Index Cond: ((id >= 8940021) AND (id <= 8940120))

table 3 : explain SELECT c FROM sbtest3 WHERE id BETWEEN 9834697 AND 9834796 ORDER BY c
	Sort  (cost=427.76..428.02 rows=106 width=121)
	  Sort Key: c
	  ->  Index Scan using sbtest3_pkey on sbtest3  (cost=0.43..424.19 rows=106 width=121)
	        Index Cond: ((id >= 9834697) AND (id <= 9834796))

table 4 : explain SELECT c FROM sbtest4 WHERE id BETWEEN 3889236 AND 3889335 ORDER BY c
	Sort  (cost=419.44..419.70 rows=104 width=121)
	  Sort Key: c
	  ->  Index Scan using sbtest4_pkey on sbtest4  (cost=0.43..415.95 rows=104 width=121)
	        Index Cond: ((id >= 3889236) AND (id <= 3889335))

table 5 : explain SELECT c FROM sbtest5 WHERE id BETWEEN 2328017 AND 2328116 ORDER BY c
	Sort  (cost=395.90..396.15 rows=98 width=121)
	  Sort Key: c
	  ->  Index Scan using sbtest5_pkey on sbtest5  (cost=0.43..392.66 rows=98 width=121)
	        Index Cond: ((id >= 2328017) AND (id <= 2328116))

table 6 : explain SELECT c FROM sbtest6 WHERE id BETWEEN 2541153 AND 2541252 ORDER BY c
	Sort  (cost=455.29..455.57 rows=113 width=121)
	  Sort Key: c
	  ->  Index Scan using sbtest6_pkey on sbtest6  (cost=0.43..451.44 rows=113 width=121)
	        Index Cond: ((id >= 2541153) AND (id <= 2541252))

table 7 : explain SELECT c FROM sbtest7 WHERE id BETWEEN 7007156 AND 7007255 ORDER BY c
	Sort  (cost=391.67..391.92 rows=97 width=121)
	  Sort Key: c
	  ->  Index Scan using sbtest7_pkey on sbtest7  (cost=0.43..388.47 rows=97 width=121)
	        Index Cond: ((id >= 7007156) AND (id <= 7007255))

table 8 : explain SELECT c FROM sbtest8 WHERE id BETWEEN 2207994 AND 2208093 ORDER BY c
	Sort  (cost=414.15..414.40 rows=103 width=121)
	  Sort Key: c
	  ->  Index Scan using sbtest8_pkey on sbtest8  (cost=0.43..410.70 rows=103 width=121)
	        Index Cond: ((id >= 2207994) AND (id <= 2208093))

for: distinct_ranges
table 1 : explain SELECT DISTINCT c FROM sbtest1 WHERE id BETWEEN 5335829 AND 5335928 ORDER BY c
	Unique  (cost=413.27..413.78 rows=102 width=121)
	  ->  Sort  (cost=413.27..413.53 rows=102 width=121)
	        Sort Key: c
	        ->  Index Scan using sbtest1_pkey on sbtest1  (cost=0.43..409.87 rows=102 width=121)
	              Index Cond: ((id >= 5335829) AND (id <= 5335928))

table 2 : explain SELECT DISTINCT c FROM sbtest2 WHERE id BETWEEN 7311679 AND 7311778 ORDER BY c
	Unique  (cost=408.58..409.09 rows=101 width=121)
	  ->  Sort  (cost=408.58..408.83 rows=101 width=121)
	        Sort Key: c
	        ->  Index Scan using sbtest2_pkey on sbtest2  (cost=0.43..405.22 rows=101 width=121)
	              Index Cond: ((id >= 7311679) AND (id <= 7311778))

table 3 : explain SELECT DISTINCT c FROM sbtest3 WHERE id BETWEEN 1446013 AND 1446112 ORDER BY c
	Unique  (cost=407.76..408.27 rows=101 width=121)
	  ->  Sort  (cost=407.76..408.01 rows=101 width=121)
	        Sort Key: c
	        ->  Index Scan using sbtest3_pkey on sbtest3  (cost=0.43..404.40 rows=101 width=121)
	              Index Cond: ((id >= 1446013) AND (id <= 1446112))

table 4 : explain SELECT DISTINCT c FROM sbtest4 WHERE id BETWEEN 3951570 AND 3951669 ORDER BY c
	Unique  (cost=391.45..391.93 rows=97 width=121)
	  ->  Sort  (cost=391.45..391.69 rows=97 width=121)
	        Sort Key: c
	        ->  Index Scan using sbtest4_pkey on sbtest4  (cost=0.43..388.25 rows=97 width=121)
	              Index Cond: ((id >= 3951570) AND (id <= 3951669))

table 5 : explain SELECT DISTINCT c FROM sbtest5 WHERE id BETWEEN 5981857 AND 5981956 ORDER BY c
	Unique  (cost=367.89..368.34 rows=91 width=121)
	  ->  Sort  (cost=367.89..368.11 rows=91 width=121)
	        Sort Key: c
	        ->  Index Scan using sbtest5_pkey on sbtest5  (cost=0.43..364.93 rows=91 width=121)
	              Index Cond: ((id >= 5981857) AND (id <= 5981956))

table 6 : explain SELECT DISTINCT c FROM sbtest6 WHERE id BETWEEN 237712 AND 237811 ORDER BY c
	Unique  (cost=427.32..427.85 rows=106 width=121)
	  ->  Sort  (cost=427.32..427.59 rows=106 width=121)
	        Sort Key: c
	        ->  Index Scan using sbtest6_pkey on sbtest6  (cost=0.43..423.76 rows=106 width=121)
	              Index Cond: ((id >= 237712) AND (id <= 237811))

table 7 : explain SELECT DISTINCT c FROM sbtest7 WHERE id BETWEEN 638456 AND 638555 ORDER BY c
	Unique  (cost=415.66..416.18 rows=103 width=121)
	  ->  Sort  (cost=415.66..415.92 rows=103 width=121)
	        Sort Key: c
	        ->  Index Scan using sbtest7_pkey on sbtest7  (cost=0.43..412.22 rows=103 width=121)
	              Index Cond: ((id >= 638456) AND (id <= 638555))

table 8 : explain SELECT DISTINCT c FROM sbtest8 WHERE id BETWEEN 8103327 AND 8103426 ORDER BY c
	Unique  (cost=422.11..422.64 rows=105 width=121)
	  ->  Sort  (cost=422.11..422.38 rows=105 width=121)
	        Sort Key: c
	        ->  Index Scan using sbtest8_pkey on sbtest8  (cost=0.43..418.59 rows=105 width=121)
	              Index Cond: ((id >= 8103327) AND (id <= 8103426))

for: order_ranges
table 1 : explain SELECT c FROM sbtest1 WHERE id BETWEEN 8876439 AND 8876538 ORDER BY c
	Sort  (cost=405.23..405.48 rows=100 width=121)
	  Sort Key: c
	  ->  Index Scan using sbtest1_pkey on sbtest1  (cost=0.43..401.91 rows=100 width=121)
	        Index Cond: ((id >= 8876439) AND (id <= 8876538))

table 2 : explain SELECT c FROM sbtest2 WHERE id BETWEEN 8813144 AND 8813243 ORDER BY c
	Sort  (cost=408.58..408.83 rows=101 width=121)
	  Sort Key: c
	  ->  Index Scan using sbtest2_pkey on sbtest2  (cost=0.43..405.22 rows=101 width=121)
	        Index Cond: ((id >= 8813144) AND (id <= 8813243))

table 3 : explain SELECT c FROM sbtest3 WHERE id BETWEEN 5854746 AND 5854845 ORDER BY c
	Sort  (cost=451.76..452.04 rows=112 width=121)
	  Sort Key: c
	  ->  Index Scan using sbtest3_pkey on sbtest3  (cost=0.43..447.95 rows=112 width=121)
	        Index Cond: ((id >= 5854746) AND (id <= 5854845))

table 4 : explain SELECT c FROM sbtest4 WHERE id BETWEEN 4353188 AND 4353287 ORDER BY c
	Sort  (cost=407.45..407.70 rows=101 width=121)
	  Sort Key: c
	  ->  Index Scan using sbtest4_pkey on sbtest4  (cost=0.43..404.09 rows=101 width=121)
	        Index Cond: ((id >= 4353188) AND (id <= 4353287))

table 5 : explain SELECT c FROM sbtest5 WHERE id BETWEEN 1061247 AND 1061346 ORDER BY c
	Sort  (cost=407.91..408.16 rows=101 width=121)
	  Sort Key: c
	  ->  Index Scan using sbtest5_pkey on sbtest5  (cost=0.43..404.54 rows=101 width=121)
	        Index Cond: ((id >= 1061247) AND (id <= 1061346))

table 6 : explain SELECT c FROM sbtest6 WHERE id BETWEEN 8144753 AND 8144852 ORDER BY c
	Sort  (cost=391.35..391.59 rows=97 width=121)
	  Sort Key: c
	  ->  Index Scan using sbtest6_pkey on sbtest6  (cost=0.43..388.15 rows=97 width=121)
	        Index Cond: ((id >= 8144753) AND (id <= 8144852))

table 7 : explain SELECT c FROM sbtest7 WHERE id BETWEEN 6820594 AND 6820693 ORDER BY c
	Sort  (cost=391.67..391.92 rows=97 width=121)
	  Sort Key: c
	  ->  Index Scan using sbtest7_pkey on sbtest7  (cost=0.43..388.47 rows=97 width=121)
	        Index Cond: ((id >= 6820594) AND (id <= 6820693))

table 8 : explain SELECT c FROM sbtest8 WHERE id BETWEEN 6894851 AND 6894950 ORDER BY c
	Sort  (cost=386.24..386.48 rows=96 width=121)
	  Sort Key: c
	  ->  Index Scan using sbtest8_pkey on sbtest8  (cost=0.43..383.08 rows=96 width=121)
	        Index Cond: ((id >= 6894851) AND (id <= 6894950))

for point_selects
table 1 : explain SELECT c FROM sbtest1 WHERE id=2927233
	Index Scan using sbtest1_pkey on sbtest1  (cost=0.43..8.45 rows=1 width=121)
	  Index Cond: (id = 2927233)

table 2 : explain SELECT c FROM sbtest2 WHERE id=2973036
	Index Scan using sbtest2_pkey on sbtest2  (cost=0.43..8.45 rows=1 width=121)
	  Index Cond: (id = 2973036)

table 3 : explain SELECT c FROM sbtest3 WHERE id=587922
	Index Scan using sbtest3_pkey on sbtest3  (cost=0.43..8.45 rows=1 width=121)
	  Index Cond: (id = 587922)

table 4 : explain SELECT c FROM sbtest4 WHERE id=3450522
	Index Scan using sbtest4_pkey on sbtest4  (cost=0.43..8.45 rows=1 width=121)
	  Index Cond: (id = 3450522)

table 5 : explain SELECT c FROM sbtest5 WHERE id=4820562
	Index Scan using sbtest5_pkey on sbtest5  (cost=0.43..8.45 rows=1 width=121)
	  Index Cond: (id = 4820562)

table 6 : explain SELECT c FROM sbtest6 WHERE id=4900054
	Index Scan using sbtest6_pkey on sbtest6  (cost=0.43..8.45 rows=1 width=121)
	  Index Cond: (id = 4900054)

table 7 : explain SELECT c FROM sbtest7 WHERE id=8431661
	Index Scan using sbtest7_pkey on sbtest7  (cost=0.43..8.45 rows=1 width=121)
	  Index Cond: (id = 8431661)

table 8 : explain SELECT c FROM sbtest8 WHERE id=3710951
	Index Scan using sbtest8_pkey on sbtest8  (cost=0.43..8.45 rows=1 width=121)
	  Index Cond: (id = 3710951)

for: distinct_ranges
table 1 : explain SELECT DISTINCT c FROM sbtest1 WHERE id BETWEEN 7658772 AND 7658871 ORDER BY c
	Unique  (cost=397.20..397.69 rows=98 width=121)
	  ->  Sort  (cost=397.20..397.45 rows=98 width=121)
	        Sort Key: c
	        ->  Index Scan using sbtest1_pkey on sbtest1  (cost=0.43..393.96 rows=98 width=121)
	              Index Cond: ((id >= 7658772) AND (id <= 7658871))

table 2 : explain SELECT DISTINCT c FROM sbtest2 WHERE id BETWEEN 4769053 AND 4769152 ORDER BY c
	Unique  (cost=368.49..368.95 rows=91 width=121)
	  ->  Sort  (cost=368.49..368.72 rows=91 width=121)
	        Sort Key: c
	        ->  Index Scan using sbtest2_pkey on sbtest2  (cost=0.43..365.53 rows=91 width=121)
	              Index Cond: ((id >= 4769053) AND (id <= 4769152))

table 3 : explain SELECT DISTINCT c FROM sbtest3 WHERE id BETWEEN 8456802 AND 8456901 ORDER BY c
	Unique  (cost=391.75..392.23 rows=97 width=121)
	  ->  Sort  (cost=391.75..391.99 rows=97 width=121)
	        Sort Key: c
	        ->  Index Scan using sbtest3_pkey on sbtest3  (cost=0.43..388.55 rows=97 width=121)
	              Index Cond: ((id >= 8456802) AND (id <= 8456901))

table 4 : explain SELECT DISTINCT c FROM sbtest4 WHERE id BETWEEN 6754004 AND 6754103 ORDER BY c
	Unique  (cost=411.44..411.95 rows=102 width=121)
	  ->  Sort  (cost=411.44..411.70 rows=102 width=121)
	        Sort Key: c
	        ->  Index Scan using sbtest4_pkey on sbtest4  (cost=0.43..408.04 rows=102 width=121)
	              Index Cond: ((id >= 6754004) AND (id <= 6754103))

table 5 : explain SELECT DISTINCT c FROM sbtest5 WHERE id BETWEEN 796154 AND 796253 ORDER BY c
	Unique  (cost=467.93..468.51 rows=116 width=121)
	  ->  Sort  (cost=467.93..468.22 rows=116 width=121)
	        Sort Key: c
	        ->  Index Scan using sbtest5_pkey on sbtest5  (cost=0.43..463.95 rows=116 width=121)
	              Index Cond: ((id >= 796154) AND (id <= 796253))

table 6 : explain SELECT DISTINCT c FROM sbtest6 WHERE id BETWEEN 2005144 AND 2005243 ORDER BY c
	Unique  (cost=391.35..391.83 rows=97 width=121)
	  ->  Sort  (cost=391.35..391.59 rows=97 width=121)
	        Sort Key: c
	        ->  Index Scan using sbtest6_pkey on sbtest6  (cost=0.43..388.15 rows=97 width=121)
	              Index Cond: ((id >= 2005144) AND (id <= 2005243))

table 7 : explain SELECT DISTINCT c FROM sbtest7 WHERE id BETWEEN 1422842 AND 1422941 ORDER BY c
	Unique  (cost=391.67..392.16 rows=97 width=121)
	  ->  Sort  (cost=391.67..391.92 rows=97 width=121)
	        Sort Key: c
	        ->  Index Scan using sbtest7_pkey on sbtest7  (cost=0.43..388.47 rows=97 width=121)
	              Index Cond: ((id >= 1422842) AND (id <= 1422941))

table 8 : explain SELECT DISTINCT c FROM sbtest8 WHERE id BETWEEN 3461215 AND 3461314 ORDER BY c
	Unique  (cost=410.16..410.67 rows=102 width=121)
	  ->  Sort  (cost=410.16..410.42 rows=102 width=121)
	        Sort Key: c
	        ->  Index Scan using sbtest8_pkey on sbtest8  (cost=0.43..406.76 rows=102 width=121)
	              Index Cond: ((id >= 3461215) AND (id <= 3461314))

for: sum_ranges
table 1 : explain SELECT SUM(k) FROM sbtest1 WHERE id BETWEEN 5936688 AND 5936787
	Aggregate  (cost=414.10..414.11 rows=1 width=8)
	  ->  Index Scan using sbtest1_pkey on sbtest1  (cost=0.43..413.84 rows=103 width=4)
	        Index Cond: ((id >= 5936688) AND (id <= 5936787))

table 2 : explain SELECT SUM(k) FROM sbtest2 WHERE id BETWEEN 9747215 AND 9747314
	Aggregate  (cost=401.49..401.50 rows=1 width=8)
	  ->  Index Scan using sbtest2_pkey on sbtest2  (cost=0.43..401.24 rows=100 width=4)
	        Index Cond: ((id >= 9747215) AND (id <= 9747314))

table 3 : explain SELECT SUM(k) FROM sbtest3 WHERE id BETWEEN 2126280 AND 2126379
	Aggregate  (cost=416.54..416.55 rows=1 width=8)
	  ->  Index Scan using sbtest3_pkey on sbtest3  (cost=0.43..416.28 rows=104 width=4)
	        Index Cond: ((id >= 2126280) AND (id <= 2126379))

table 4 : explain SELECT SUM(k) FROM sbtest4 WHERE id BETWEEN 4121177 AND 4121276
	Aggregate  (cost=408.30..408.31 rows=1 width=8)
	  ->  Index Scan using sbtest4_pkey on sbtest4  (cost=0.43..408.04 rows=102 width=4)
	        Index Cond: ((id >= 4121177) AND (id <= 4121276))

table 5 : explain SELECT SUM(k) FROM sbtest5 WHERE id BETWEEN 3549650 AND 3549749
	Aggregate  (cost=400.83..400.84 rows=1 width=8)
	  ->  Index Scan using sbtest5_pkey on sbtest5  (cost=0.43..400.58 rows=100 width=4)
	        Index Cond: ((id >= 3549650) AND (id <= 3549749))

table 6 : explain SELECT SUM(k) FROM sbtest6 WHERE id BETWEEN 9832200 AND 9832299
	Aggregate  (cost=392.35..392.36 rows=1 width=8)
	  ->  Index Scan using sbtest6_pkey on sbtest6  (cost=0.43..392.10 rows=98 width=4)
	        Index Cond: ((id >= 9832200) AND (id <= 9832299))

table 7 : explain SELECT SUM(k) FROM sbtest7 WHERE id BETWEEN 8132974 AND 8133073
	Aggregate  (cost=404.56..404.57 rows=1 width=8)
	  ->  Index Scan using sbtest7_pkey on sbtest7  (cost=0.43..404.31 rows=101 width=4)
	        Index Cond: ((id >= 8132974) AND (id <= 8133073))

table 8 : explain SELECT SUM(k) FROM sbtest8 WHERE id BETWEEN 3894473 AND 3894572
	Aggregate  (cost=363.60..363.61 rows=1 width=8)
	  ->  Index Scan using sbtest8_pkey on sbtest8  (cost=0.43..363.37 rows=91 width=4)
	        Index Cond: ((id >= 3894473) AND (id <= 3894572))

for: distinct_ranges
table 1 : explain SELECT DISTINCT c FROM sbtest1 WHERE id BETWEEN 7668758 AND 7668857 ORDER BY c
	Unique  (cost=397.20..397.69 rows=98 width=121)
	  ->  Sort  (cost=397.20..397.45 rows=98 width=121)
	        Sort Key: c
	        ->  Index Scan using sbtest1_pkey on sbtest1  (cost=0.43..393.96 rows=98 width=121)
	              Index Cond: ((id >= 7668758) AND (id <= 7668857))

table 2 : explain SELECT DISTINCT c FROM sbtest2 WHERE id BETWEEN 5532444 AND 5532543 ORDER BY c
	Unique  (cost=376.51..376.97 rows=93 width=121)
	  ->  Sort  (cost=376.51..376.74 rows=93 width=121)
	        Sort Key: c
	        ->  Index Scan using sbtest2_pkey on sbtest2  (cost=0.43..373.47 rows=93 width=121)
	              Index Cond: ((id >= 5532444) AND (id <= 5532543))

table 3 : explain SELECT DISTINCT c FROM sbtest3 WHERE id BETWEEN 4257819 AND 4257918 ORDER BY c
	Unique  (cost=439.76..440.30 rows=109 width=121)
	  ->  Sort  (cost=439.76..440.03 rows=109 width=121)
	        Sort Key: c
	        ->  Index Scan using sbtest3_pkey on sbtest3  (cost=0.43..436.07 rows=109 width=121)
	              Index Cond: ((id >= 4257819) AND (id <= 4257918))

table 4 : explain SELECT DISTINCT c FROM sbtest4 WHERE id BETWEEN 7454747 AND 7454846 ORDER BY c
	Unique  (cost=403.45..403.95 rows=100 width=121)
	  ->  Sort  (cost=403.45..403.70 rows=100 width=121)
	        Sort Key: c
	        ->  Index Scan using sbtest4_pkey on sbtest4  (cost=0.43..400.13 rows=100 width=121)
	              Index Cond: ((id >= 7454747) AND (id <= 7454846))

table 5 : explain SELECT DISTINCT c FROM sbtest5 WHERE id BETWEEN 4831474 AND 4831573 ORDER BY c
	Unique  (cost=427.91..428.44 rows=106 width=121)
	  ->  Sort  (cost=427.91..428.18 rows=106 width=121)
	        Sort Key: c
	        ->  Index Scan using sbtest5_pkey on sbtest5  (cost=0.43..424.35 rows=106 width=121)
	              Index Cond: ((id >= 4831474) AND (id <= 4831573))

table 6 : explain SELECT DISTINCT c FROM sbtest6 WHERE id BETWEEN 2581264 AND 2581363 ORDER BY c
	Unique  (cost=455.29..455.86 rows=113 width=121)
	  ->  Sort  (cost=455.29..455.57 rows=113 width=121)
	        Sort Key: c
	        ->  Index Scan using sbtest6_pkey on sbtest6  (cost=0.43..451.44 rows=113 width=121)
	              Index Cond: ((id >= 2581264) AND (id <= 2581363))

table 7 : explain SELECT DISTINCT c FROM sbtest7 WHERE id BETWEEN 6435928 AND 6436027 ORDER BY c
	Unique  (cost=371.67..372.13 rows=92 width=121)
	  ->  Sort  (cost=371.67..371.90 rows=92 width=121)
	        Sort Key: c
	        ->  Index Scan using sbtest7_pkey on sbtest7  (cost=0.43..368.67 rows=92 width=121)
	              Index Cond: ((id >= 6435928) AND (id <= 6436027))

table 8 : explain SELECT DISTINCT c FROM sbtest8 WHERE id BETWEEN 1394145 AND 1394244 ORDER BY c
	Unique  (cost=402.20..402.70 rows=100 width=121)
	  ->  Sort  (cost=402.20..402.45 rows=100 width=121)
	        Sort Key: c
	        ->  Index Scan using sbtest8_pkey on sbtest8  (cost=0.43..398.87 rows=100 width=121)
	              Index Cond: ((id >= 1394145) AND (id <= 1394244))

for: distinct_ranges
table 1 : explain SELECT DISTINCT c FROM sbtest1 WHERE id BETWEEN 2101048 AND 2101147 ORDER BY c
	Unique  (cost=389.18..389.66 rows=96 width=121)
	  ->  Sort  (cost=389.18..389.42 rows=96 width=121)
	        Sort Key: c
	        ->  Index Scan using sbtest1_pkey on sbtest1  (cost=0.43..386.01 rows=96 width=121)
	              Index Cond: ((id >= 2101048) AND (id <= 2101147))

table 2 : explain SELECT DISTINCT c FROM sbtest2 WHERE id BETWEEN 5067620 AND 5067719 ORDER BY c
	Unique  (cost=432.63..433.16 rows=107 width=121)
	  ->  Sort  (cost=432.63..432.90 rows=107 width=121)
	        Sort Key: c
	        ->  Index Scan using sbtest2_pkey on sbtest2  (cost=0.43..429.02 rows=107 width=121)
	              Index Cond: ((id >= 5067620) AND (id <= 5067719))

table 3 : explain SELECT DISTINCT c FROM sbtest3 WHERE id BETWEEN 5017290 AND 5017389 ORDER BY c
	Unique  (cost=395.75..396.24 rows=98 width=121)
	  ->  Sort  (cost=395.75..395.99 rows=98 width=121)
	        Sort Key: c
	        ->  Index Scan using sbtest3_pkey on sbtest3  (cost=0.43..392.51 rows=98 width=121)
	              Index Cond: ((id >= 5017290) AND (id <= 5017389))

table 4 : explain SELECT DISTINCT c FROM sbtest4 WHERE id BETWEEN 6708739 AND 6708838 ORDER BY c
	Unique  (cost=387.45..387.93 rows=96 width=121)
	  ->  Sort  (cost=387.45..387.69 rows=96 width=121)
	        Sort Key: c
	        ->  Index Scan using sbtest4_pkey on sbtest4  (cost=0.43..384.29 rows=96 width=121)
	              Index Cond: ((id >= 6708739) AND (id <= 6708838))

table 5 : explain SELECT DISTINCT c FROM sbtest5 WHERE id BETWEEN 6718363 AND 6718462 ORDER BY c
	Unique  (cost=383.89..384.36 rows=95 width=121)
	  ->  Sort  (cost=383.89..384.13 rows=95 width=121)
	        Sort Key: c
	        ->  Index Scan using sbtest5_pkey on sbtest5  (cost=0.43..380.77 rows=95 width=121)
	              Index Cond: ((id >= 6718363) AND (id <= 6718462))

table 6 : explain SELECT DISTINCT c FROM sbtest6 WHERE id BETWEEN 1049984 AND 1050083 ORDER BY c
	Unique  (cost=395.36..395.85 rows=98 width=121)
	  ->  Sort  (cost=395.36..395.60 rows=98 width=121)
	        Sort Key: c
	        ->  Index Scan using sbtest6_pkey on sbtest6  (cost=0.43..392.12 rows=98 width=121)
	              Index Cond: ((id >= 1049984) AND (id <= 1050083))

table 7 : explain SELECT DISTINCT c FROM sbtest7 WHERE id BETWEEN 7797317 AND 7797416 ORDER BY c
	Unique  (cost=419.66..420.18 rows=104 width=121)
	  ->  Sort  (cost=419.66..419.92 rows=104 width=121)
	        Sort Key: c
	        ->  Index Scan using sbtest7_pkey on sbtest7  (cost=0.43..416.18 rows=104 width=121)
	              Index Cond: ((id >= 7797317) AND (id <= 7797416))

table 8 : explain SELECT DISTINCT c FROM sbtest8 WHERE id BETWEEN 9084272 AND 9084371 ORDER BY c
	Unique  (cost=442.03..442.58 rows=110 width=121)
	  ->  Sort  (cost=442.03..442.31 rows=110 width=121)
	        Sort Key: c
	        ->  Index Scan using sbtest8_pkey on sbtest8  (cost=0.43..438.31 rows=110 width=121)
	              Index Cond: ((id >= 9084272) AND (id <= 9084371))

for: simple_ranges
table 1 : explain SELECT c FROM sbtest1 WHERE id BETWEEN 4088748 AND 4088847
	Index Scan using sbtest1_pkey on sbtest1  (cost=0.43..413.84 rows=103 width=121)
	  Index Cond: ((id >= 4088748) AND (id <= 4088847))

table 2 : explain SELECT c FROM sbtest2 WHERE id BETWEEN 8303296 AND 8303395
	Index Scan using sbtest2_pkey on sbtest2  (cost=0.43..381.40 rows=95 width=121)
	  Index Cond: ((id >= 8303296) AND (id <= 8303395))

table 3 : explain SELECT c FROM sbtest3 WHERE id BETWEEN 2764572 AND 2764671
	Index Scan using sbtest3_pkey on sbtest3  (cost=0.43..404.40 rows=101 width=121)
	  Index Cond: ((id >= 2764572) AND (id <= 2764671))

table 4 : explain SELECT c FROM sbtest4 WHERE id BETWEEN 701176 AND 701275
	Index Scan using sbtest4_pkey on sbtest4  (cost=0.43..392.22 rows=98 width=121)
	  Index Cond: ((id >= 701176) AND (id <= 701275))

table 5 : explain SELECT c FROM sbtest5 WHERE id BETWEEN 1597466 AND 1597565
	Index Scan using sbtest5_pkey on sbtest5  (cost=0.43..404.54 rows=101 width=121)
	  Index Cond: ((id >= 1597466) AND (id <= 1597565))

table 6 : explain SELECT c FROM sbtest6 WHERE id BETWEEN 7800004 AND 7800103
	Index Scan using sbtest6_pkey on sbtest6  (cost=0.43..376.28 rows=94 width=121)
	  Index Cond: ((id >= 7800004) AND (id <= 7800103))

table 7 : explain SELECT c FROM sbtest7 WHERE id BETWEEN 6018702 AND 6018801
	Index Scan using sbtest7_pkey on sbtest7  (cost=0.43..388.47 rows=97 width=121)
	  Index Cond: ((id >= 6018702) AND (id <= 6018801))

table 8 : explain SELECT c FROM sbtest8 WHERE id BETWEEN 6020766 AND 6020865
	Index Scan using sbtest8_pkey on sbtest8  (cost=0.43..343.65 rows=86 width=121)
	  Index Cond: ((id >= 6020766) AND (id <= 6020865))

for: order_ranges
table 1 : explain SELECT c FROM sbtest1 WHERE id BETWEEN 2000239 AND 2000338 ORDER BY c
	Sort  (cost=401.22..401.47 rows=99 width=121)
	  Sort Key: c
	  ->  Index Scan using sbtest1_pkey on sbtest1  (cost=0.43..397.94 rows=99 width=121)
	        Index Cond: ((id >= 2000239) AND (id <= 2000338))

table 2 : explain SELECT c FROM sbtest2 WHERE id BETWEEN 3196244 AND 3196343 ORDER BY c
	Sort  (cost=408.58..408.83 rows=101 width=121)
	  Sort Key: c
	  ->  Index Scan using sbtest2_pkey on sbtest2  (cost=0.43..405.22 rows=101 width=121)
	        Index Cond: ((id >= 3196244) AND (id <= 3196343))

table 3 : explain SELECT c FROM sbtest3 WHERE id BETWEEN 4706788 AND 4706887 ORDER BY c
	Sort  (cost=403.76..404.01 rows=100 width=121)
	  Sort Key: c
	  ->  Index Scan using sbtest3_pkey on sbtest3  (cost=0.43..400.44 rows=100 width=121)
	        Index Cond: ((id >= 4706788) AND (id <= 4706887))

table 4 : explain SELECT c FROM sbtest4 WHERE id BETWEEN 2880187 AND 2880286 ORDER BY c
	Sort  (cost=399.45..399.70 rows=99 width=121)
	  Sort Key: c
	  ->  Index Scan using sbtest4_pkey on sbtest4  (cost=0.43..396.17 rows=99 width=121)
	        Index Cond: ((id >= 2880187) AND (id <= 2880286))

table 5 : explain SELECT c FROM sbtest5 WHERE id BETWEEN 3867112 AND 3867211 ORDER BY c
	Sort  (cost=419.91..420.17 rows=104 width=121)
	  Sort Key: c
	  ->  Index Scan using sbtest5_pkey on sbtest5  (cost=0.43..416.43 rows=104 width=121)
	        Index Cond: ((id >= 3867112) AND (id <= 3867211))

table 6 : explain SELECT c FROM sbtest6 WHERE id BETWEEN 7334961 AND 7335060 ORDER BY c
	Sort  (cost=419.33..419.59 rows=104 width=121)
	  Sort Key: c
	  ->  Index Scan using sbtest6_pkey on sbtest6  (cost=0.43..415.85 rows=104 width=121)
	        Index Cond: ((id >= 7334961) AND (id <= 7335060))

table 7 : explain SELECT c FROM sbtest7 WHERE id BETWEEN 6811202 AND 6811301 ORDER BY c
	Sort  (cost=391.67..391.92 rows=97 width=121)
	  Sort Key: c
	  ->  Index Scan using sbtest7_pkey on sbtest7  (cost=0.43..388.47 rows=97 width=121)
	        Index Cond: ((id >= 6811202) AND (id <= 6811301))

table 8 : explain SELECT c FROM sbtest8 WHERE id BETWEEN 5735345 AND 5735444 ORDER BY c
	Sort  (cost=402.20..402.45 rows=100 width=121)
	  Sort Key: c
	  ->  Index Scan using sbtest8_pkey on sbtest8  (cost=0.43..398.87 rows=100 width=121)
	        Index Cond: ((id >= 5735345) AND (id <= 5735444))

for: sum_ranges
table 1 : explain SELECT SUM(k) FROM sbtest1 WHERE id BETWEEN 5021006 AND 5021105
	Aggregate  (cost=422.06..422.07 rows=1 width=8)
	  ->  Index Scan using sbtest1_pkey on sbtest1  (cost=0.43..421.79 rows=105 width=4)
	        Index Cond: ((id >= 5021006) AND (id <= 5021105))

table 2 : explain SELECT SUM(k) FROM sbtest2 WHERE id BETWEEN 1182186 AND 1182285
	Aggregate  (cost=401.50..401.51 rows=1 width=8)
	  ->  Index Scan using sbtest2_pkey on sbtest2  (cost=0.43..401.25 rows=100 width=4)
	        Index Cond: ((id >= 1182186) AND (id <= 1182285))

table 3 : explain SELECT SUM(k) FROM sbtest3 WHERE id BETWEEN 1011127 AND 1011226
	Aggregate  (cost=372.94..372.95 rows=1 width=8)
	  ->  Index Scan using sbtest3_pkey on sbtest3  (cost=0.43..372.71 rows=93 width=4)
	        Index Cond: ((id >= 1011127) AND (id <= 1011226))

table 4 : explain SELECT SUM(k) FROM sbtest4 WHERE id BETWEEN 9273375 AND 9273474
	Aggregate  (cost=384.53..384.54 rows=1 width=8)
	  ->  Index Scan using sbtest4_pkey on sbtest4  (cost=0.43..384.29 rows=96 width=4)
	        Index Cond: ((id >= 9273375) AND (id <= 9273474))

table 5 : explain SELECT SUM(k) FROM sbtest5 WHERE id BETWEEN 971332 AND 971431
	Aggregate  (cost=365.15..365.16 rows=1 width=8)
	  ->  Index Scan using sbtest5_pkey on sbtest5  (cost=0.43..364.93 rows=91 width=4)
	        Index Cond: ((id >= 971332) AND (id <= 971431))

table 6 : explain SELECT SUM(k) FROM sbtest6 WHERE id BETWEEN 4022704 AND 4022803
	Aggregate  (cost=404.23..404.24 rows=1 width=8)
	  ->  Index Scan using sbtest6_pkey on sbtest6  (cost=0.43..403.98 rows=101 width=4)
	        Index Cond: ((id >= 4022704) AND (id <= 4022803))

table 7 : explain SELECT SUM(k) FROM sbtest7 WHERE id BETWEEN 6727886 AND 6727985
	Aggregate  (cost=467.93..467.94 rows=1 width=8)
	  ->  Index Scan using sbtest7_pkey on sbtest7  (cost=0.43..467.63 rows=117 width=4)
	        Index Cond: ((id >= 6727886) AND (id <= 6727985))

table 8 : explain SELECT SUM(k) FROM sbtest8 WHERE id BETWEEN 7504701 AND 7504800
	Aggregate  (cost=414.91..414.92 rows=1 width=8)
	  ->  Index Scan using sbtest8_pkey on sbtest8  (cost=0.43..414.65 rows=104 width=4)
	        Index Cond: ((id >= 7504701) AND (id <= 7504800))

for: distinct_ranges
table 1 : explain SELECT DISTINCT c FROM sbtest1 WHERE id BETWEEN 418780 AND 418879 ORDER BY c
	Unique  (cost=405.23..405.73 rows=100 width=121)
	  ->  Sort  (cost=405.23..405.48 rows=100 width=121)
	        Sort Key: c
	        ->  Index Scan using sbtest1_pkey on sbtest1  (cost=0.43..401.91 rows=100 width=121)
	              Index Cond: ((id >= 418780) AND (id <= 418879))

table 2 : explain SELECT DISTINCT c FROM sbtest2 WHERE id BETWEEN 6848050 AND 6848149 ORDER BY c
	Unique  (cost=424.61..425.14 rows=105 width=121)
	  ->  Sort  (cost=424.61..424.88 rows=105 width=121)
	        Sort Key: c
	        ->  Index Scan using sbtest2_pkey on sbtest2  (cost=0.43..421.09 rows=105 width=121)
	              Index Cond: ((id >= 6848050) AND (id <= 6848149))

table 3 : explain SELECT DISTINCT c FROM sbtest3 WHERE id BETWEEN 8561455 AND 8561554 ORDER BY c
	Unique  (cost=427.76..428.29 rows=106 width=121)
	  ->  Sort  (cost=427.76..428.02 rows=106 width=121)
	        Sort Key: c
	        ->  Index Scan using sbtest3_pkey on sbtest3  (cost=0.43..424.19 rows=106 width=121)
	              Index Cond: ((id >= 8561455) AND (id <= 8561554))

table 4 : explain SELECT DISTINCT c FROM sbtest4 WHERE id BETWEEN 2882359 AND 2882458 ORDER BY c
	Unique  (cost=399.45..399.95 rows=99 width=121)
	  ->  Sort  (cost=399.45..399.70 rows=99 width=121)
	        Sort Key: c
	        ->  Index Scan using sbtest4_pkey on sbtest4  (cost=0.43..396.17 rows=99 width=121)
	              Index Cond: ((id >= 2882359) AND (id <= 2882458))

table 5 : explain SELECT DISTINCT c FROM sbtest5 WHERE id BETWEEN 9652660 AND 9652759 ORDER BY c
	Unique  (cost=411.91..412.42 rows=102 width=121)
	  ->  Sort  (cost=411.91..412.16 rows=102 width=121)
	        Sort Key: c
	        ->  Index Scan using sbtest5_pkey on sbtest5  (cost=0.43..408.51 rows=102 width=121)
	              Index Cond: ((id >= 9652660) AND (id <= 9652759))

table 6 : explain SELECT DISTINCT c FROM sbtest6 WHERE id BETWEEN 2734631 AND 2734730 ORDER BY c
	Unique  (cost=399.35..399.85 rows=99 width=121)
	  ->  Sort  (cost=399.35..399.60 rows=99 width=121)
	        Sort Key: c
	        ->  Index Scan using sbtest6_pkey on sbtest6  (cost=0.43..396.07 rows=99 width=121)
	              Index Cond: ((id >= 2734631) AND (id <= 2734730))

table 7 : explain SELECT DISTINCT c FROM sbtest7 WHERE id BETWEEN 2879644 AND 2879743 ORDER BY c
	Unique  (cost=411.67..412.18 rows=102 width=121)
	  ->  Sort  (cost=411.67..411.92 rows=102 width=121)
	        Sort Key: c
	        ->  Index Scan using sbtest7_pkey on sbtest7  (cost=0.43..408.26 rows=102 width=121)
	              Index Cond: ((id >= 2879644) AND (id <= 2879743))

table 8 : explain SELECT DISTINCT c FROM sbtest8 WHERE id BETWEEN 2923301 AND 2923400 ORDER BY c
	Unique  (cost=394.23..394.72 rows=98 width=121)
	  ->  Sort  (cost=394.23..394.47 rows=98 width=121)
	        Sort Key: c
	        ->  Index Scan using sbtest8_pkey on sbtest8  (cost=0.43..390.99 rows=98 width=121)
	              Index Cond: ((id >= 2923301) AND (id <= 2923400))

for: order_ranges
table 1 : explain SELECT c FROM sbtest1 WHERE id BETWEEN 2649963 AND 2650062 ORDER BY c
	Sort  (cost=397.20..397.45 rows=98 width=121)
	  Sort Key: c
	  ->  Index Scan using sbtest1_pkey on sbtest1  (cost=0.43..393.96 rows=98 width=121)
	        Index Cond: ((id >= 2649963) AND (id <= 2650062))

table 2 : explain SELECT c FROM sbtest2 WHERE id BETWEEN 3482789 AND 3482888 ORDER BY c
	Sort  (cost=408.58..408.83 rows=101 width=121)
	  Sort Key: c
	  ->  Index Scan using sbtest2_pkey on sbtest2  (cost=0.43..405.22 rows=101 width=121)
	        Index Cond: ((id >= 3482789) AND (id <= 3482888))

table 3 : explain SELECT c FROM sbtest3 WHERE id BETWEEN 7995442 AND 7995541 ORDER BY c
	Sort  (cost=395.75..395.99 rows=98 width=121)
	  Sort Key: c
	  ->  Index Scan using sbtest3_pkey on sbtest3  (cost=0.43..392.51 rows=98 width=121)
	        Index Cond: ((id >= 7995442) AND (id <= 7995541))

table 4 : explain SELECT c FROM sbtest4 WHERE id BETWEEN 4863905 AND 4864004 ORDER BY c
	Sort  (cost=351.49..351.71 rows=87 width=121)
	  Sort Key: c
	  ->  Index Scan using sbtest4_pkey on sbtest4  (cost=0.43..348.69 rows=87 width=121)
	        Index Cond: ((id >= 4863905) AND (id <= 4864004))

table 5 : explain SELECT c FROM sbtest5 WHERE id BETWEEN 8967297 AND 8967396 ORDER BY c
	Sort  (cost=419.91..420.17 rows=104 width=121)
	  Sort Key: c
	  ->  Index Scan using sbtest5_pkey on sbtest5  (cost=0.43..416.43 rows=104 width=121)
	        Index Cond: ((id >= 8967297) AND (id <= 8967396))

table 6 : explain SELECT c FROM sbtest6 WHERE id BETWEEN 9523225 AND 9523324 ORDER BY c
	Sort  (cost=399.35..399.60 rows=99 width=121)
	  Sort Key: c
	  ->  Index Scan using sbtest6_pkey on sbtest6  (cost=0.43..396.07 rows=99 width=121)
	        Index Cond: ((id >= 9523225) AND (id <= 9523324))

table 7 : explain SELECT c FROM sbtest7 WHERE id BETWEEN 8614400 AND 8614499 ORDER BY c
	Sort  (cost=427.66..427.93 rows=106 width=121)
	  Sort Key: c
	  ->  Index Scan using sbtest7_pkey on sbtest7  (cost=0.43..424.10 rows=106 width=121)
	        Index Cond: ((id >= 8614400) AND (id <= 8614499))

table 8 : explain SELECT c FROM sbtest8 WHERE id BETWEEN 1994364 AND 1994463 ORDER BY c
	Sort  (cost=398.21..398.46 rows=99 width=121)
	  Sort Key: c
	  ->  Index Scan using sbtest8_pkey on sbtest8  (cost=0.43..394.93 rows=99 width=121)
	        Index Cond: ((id >= 1994364) AND (id <= 1994463))

for: distinct_ranges
table 1 : explain SELECT DISTINCT c FROM sbtest1 WHERE id BETWEEN 6079220 AND 6079319 ORDER BY c
	Unique  (cost=405.23..405.73 rows=100 width=121)
	  ->  Sort  (cost=405.23..405.48 rows=100 width=121)
	        Sort Key: c
	        ->  Index Scan using sbtest1_pkey on sbtest1  (cost=0.43..401.91 rows=100 width=121)
	              Index Cond: ((id >= 6079220) AND (id <= 6079319))

table 2 : explain SELECT DISTINCT c FROM sbtest2 WHERE id BETWEEN 5029808 AND 5029907 ORDER BY c
	Unique  (cost=396.55..397.04 rows=98 width=121)
	  ->  Sort  (cost=396.55..396.79 rows=98 width=121)
	        Sort Key: c
	        ->  Index Scan using sbtest2_pkey on sbtest2  (cost=0.43..393.30 rows=98 width=121)
	              Index Cond: ((id >= 5029808) AND (id <= 5029907))

table 3 : explain SELECT DISTINCT c FROM sbtest3 WHERE id BETWEEN 4973434 AND 4973533 ORDER BY c
	Unique  (cost=395.75..396.24 rows=98 width=121)
	  ->  Sort  (cost=395.75..395.99 rows=98 width=121)
	        Sort Key: c
	        ->  Index Scan using sbtest3_pkey on sbtest3  (cost=0.43..392.51 rows=98 width=121)
	              Index Cond: ((id >= 4973434) AND (id <= 4973533))

table 4 : explain SELECT DISTINCT c FROM sbtest4 WHERE id BETWEEN 3186957 AND 3187056 ORDER BY c
	Unique  (cost=423.43..423.96 rows=105 width=121)
	  ->  Sort  (cost=423.43..423.70 rows=105 width=121)
	        Sort Key: c
	        ->  Index Scan using sbtest4_pkey on sbtest4  (cost=0.43..419.91 rows=105 width=121)
	              Index Cond: ((id >= 3186957) AND (id <= 3187056))

table 5 : explain SELECT DISTINCT c FROM sbtest5 WHERE id BETWEEN 4849110 AND 4849209 ORDER BY c
	Unique  (cost=399.91..400.40 rows=99 width=121)
	  ->  Sort  (cost=399.91..400.15 rows=99 width=121)
	        Sort Key: c
	        ->  Index Scan using sbtest5_pkey on sbtest5  (cost=0.43..396.62 rows=99 width=121)
	              Index Cond: ((id >= 4849110) AND (id <= 4849209))

table 6 : explain SELECT DISTINCT c FROM sbtest6 WHERE id BETWEEN 3655380 AND 3655479 ORDER BY c
	Unique  (cost=375.37..375.83 rows=93 width=121)
	  ->  Sort  (cost=375.37..375.60 rows=93 width=121)
	        Sort Key: c
	        ->  Index Scan using sbtest6_pkey on sbtest6  (cost=0.43..372.33 rows=93 width=121)
	              Index Cond: ((id >= 3655380) AND (id <= 3655479))

table 7 : explain SELECT DISTINCT c FROM sbtest7 WHERE id BETWEEN 4886026 AND 4886125 ORDER BY c
	Unique  (cost=415.66..416.18 rows=103 width=121)
	  ->  Sort  (cost=415.66..415.92 rows=103 width=121)
	        Sort Key: c
	        ->  Index Scan using sbtest7_pkey on sbtest7  (cost=0.43..412.22 rows=103 width=121)
	              Index Cond: ((id >= 4886026) AND (id <= 4886125))

table 8 : explain SELECT DISTINCT c FROM sbtest8 WHERE id BETWEEN 1391194 AND 1391293 ORDER BY c
	Unique  (cost=402.20..402.70 rows=100 width=121)
	  ->  Sort  (cost=402.20..402.45 rows=100 width=121)
	        Sort Key: c
	        ->  Index Scan using sbtest8_pkey on sbtest8  (cost=0.43..398.87 rows=100 width=121)
	              Index Cond: ((id >= 1391194) AND (id <= 1391293))

Threads started!

Warming up for 5 seconds...

SQL statistics:
    queries performed:
        read:                            258673863
        write:                           0
        other:                           36953427
        total:                           295627290
    transactions:                        18476733 (29327.77 per sec.)
    queries:                             295627290 (469243.65 per sec.)
    ignored errors:                      0      (0.00 per sec.)
    reconnects:                          0      (0.00 per sec.)

Throughput:
    events/s (eps):                      29327.7718
    time elapsed:                        630.0082s
    total number of events:              18476733

Latency (ms):
         min:                                    1.09
         avg:                                    1.36
         max:                                   17.64
         95th percentile:                        1.42
         sum:                             25182817.46

Threads fairness:
    events (avg/stddev):           461917.7250/1872.54
    execution time (avg/stddev):   629.5704/0.01

