LUA_PATH=/home/mdcallag/git/mytools/bench/sysbench.lua/lua/?.lua /home/mdcallag/git/mytools/bench/sysbench.lua/lua/sysbench --db-driver=pgsql --range-size=1000 --table-size=10000000 --tables=8 --threads=40 --events=0 --warmup-time=5 --time=630 --pgsql_conn_id=true /home/mdcallag/git/mytools/bench/sysbench.lua/lua/oltp_read_only.lua run --pgsql-user=root --pgsql-password=pw --pgsql-host=127.0.0.1 --pgsql-db=ib --rand-type=uniform --simple-ranges=0 --sum-ranges=0 --order-ranges=0 --distinct-ranges=1
48 CPUs
sysbench 1.1.0-9072687 (using bundled LuaJIT 2.1.0-beta3)

Running the test with following options:
Number of threads: 40
Warmup time: 5s
Initializing random number generator from current time


Initializing worker threads...

explain: for point_selects :: explain SELECT c FROM sbtest%u WHERE id=%u
explain: for point_selects :: explain SELECT c FROM sbtest%u WHERE id=%u
explain: for point_selects :: explain SELECT c FROM sbtest%u WHERE id=%u
for point_selects
table 1 : explain SELECT c FROM sbtest1 WHERE id=7251054
	Index Scan using sbtest1_pkey on sbtest1  (cost=0.43..8.45 rows=1 width=121)
	  Index Cond: (id = 7251054)

table 2 : explain SELECT c FROM sbtest2 WHERE id=4661564
	Index Scan using sbtest2_pkey on sbtest2  (cost=0.43..8.45 rows=1 width=121)
	  Index Cond: (id = 4661564)

table 3 : explain SELECT c FROM sbtest3 WHERE id=1416781
	Index Scan using sbtest3_pkey on sbtest3  (cost=0.43..8.45 rows=1 width=121)
	  Index Cond: (id = 1416781)

table 4 : explain SELECT c FROM sbtest4 WHERE id=9276391
	Index Scan using sbtest4_pkey on sbtest4  (cost=0.43..8.45 rows=1 width=121)
	  Index Cond: (id = 9276391)

table 5 : explain SELECT c FROM sbtest5 WHERE id=5134979
	Index Scan using sbtest5_pkey on sbtest5  (cost=0.43..8.45 rows=1 width=121)
	  Index Cond: (id = 5134979)

table 6 : explain SELECT c FROM sbtest6 WHERE id=1235436
	Index Scan using sbtest6_pkey on sbtest6  (cost=0.43..8.45 rows=1 width=121)
	  Index Cond: (id = 1235436)

table 7 : explain SELECT c FROM sbtest7 WHERE id=6741248
	Index Scan using sbtest7_pkey on sbtest7  (cost=0.43..8.45 rows=1 width=121)
	  Index Cond: (id = 6741248)

table 8 : explain SELECT c FROM sbtest8 WHERE id=5276427
	Index Scan using sbtest8_pkey on sbtest8  (cost=0.43..8.45 rows=1 width=121)
	  Index Cond: (id = 5276427)

explain: for point_selects :: explain SELECT c FROM sbtest%u WHERE id=%u
for point_selects
table 1 : explain SELECT c FROM sbtest1 WHERE id=8077503
	Index Scan using sbtest1_pkey on sbtest1  (cost=0.43..8.45 rows=1 width=121)
	  Index Cond: (id = 8077503)

table 2 : explain SELECT c FROM sbtest2 WHERE id=9886423
	Index Scan using sbtest2_pkey on sbtest2  (cost=0.43..8.45 rows=1 width=121)
	  Index Cond: (id = 9886423)

table 3 : explain SELECT c FROM sbtest3 WHERE id=996247
	Index Scan using sbtest3_pkey on sbtest3  (cost=0.43..8.45 rows=1 width=121)
	  Index Cond: (id = 996247)

table 4 : explain SELECT c FROM sbtest4 WHERE id=7645735
	Index Scan using sbtest4_pkey on sbtest4  (cost=0.43..8.45 rows=1 width=121)
	  Index Cond: (id = 7645735)

table 5 : explain SELECT c FROM sbtest5 WHERE id=6150957
	Index Scan using sbtest5_pkey on sbtest5  (cost=0.43..8.45 rows=1 width=121)
	  Index Cond: (id = 6150957)

table 6 : explain SELECT c FROM sbtest6 WHERE id=6900883
	Index Scan using sbtest6_pkey on sbtest6  (cost=0.43..8.45 rows=1 width=121)
	  Index Cond: (id = 6900883)

table 7 : explain SELECT c FROM sbtest7 WHERE id=9878362
	Index Scan using sbtest7_pkey on sbtest7  (cost=0.43..8.45 rows=1 width=121)
	  Index Cond: (id = 9878362)

table 8 : explain SELECT c FROM sbtest8 WHERE id=7331074
	Index Scan using sbtest8_pkey on sbtest8  (cost=0.43..8.45 rows=1 width=121)
	  Index Cond: (id = 7331074)

explain: for point_selects :: explain SELECT c FROM sbtest%u WHERE id=%u
explain: for point_selects :: explain SELECT c FROM sbtest%u WHERE id=%u
for: simple_ranges
table 1 : explain SELECT c FROM sbtest1 WHERE id BETWEEN 703421 AND 704420
	Bitmap Heap Scan on sbtest1  (cost=23.17..4036.77 rows=1047 width=121)
	  Recheck Cond: ((id >= 703421) AND (id <= 704420))
	  ->  Bitmap Index Scan on sbtest1_pkey  (cost=0.00..22.90 rows=1047 width=0)
	        Index Cond: ((id >= 703421) AND (id <= 704420))

table 2 : explain SELECT c FROM sbtest2 WHERE id BETWEEN 1509826 AND 1510825
	Bitmap Heap Scan on sbtest2  (cost=22.22..3691.54 rows=955 width=121)
	  Recheck Cond: ((id >= 1509826) AND (id <= 1510825))
	  ->  Bitmap Index Scan on sbtest2_pkey  (cost=0.00..21.98 rows=955 width=0)
	        Index Cond: ((id >= 1509826) AND (id <= 1510825))

table 3 : explain SELECT c FROM sbtest3 WHERE id BETWEEN 6763448 AND 6764447
	Bitmap Heap Scan on sbtest3  (cost=23.18..4041.90 rows=1048 width=121)
	  Recheck Cond: ((id >= 6763448) AND (id <= 6764447))
	  ->  Bitmap Index Scan on sbtest3_pkey  (cost=0.00..22.91 rows=1048 width=0)
	        Index Cond: ((id >= 6763448) AND (id <= 6764447))

table 4 : explain SELECT c FROM sbtest4 WHERE id BETWEEN 6232052 AND 6233051
	Bitmap Heap Scan on sbtest4  (cost=22.04..3624.70 rows=937 width=121)
	  Recheck Cond: ((id >= 6232052) AND (id <= 6233051))
	  ->  Bitmap Index Scan on sbtest4_pkey  (cost=0.00..21.80 rows=937 width=0)
	        Index Cond: ((id >= 6232052) AND (id <= 6233051))

table 5 : explain SELECT c FROM sbtest5 WHERE id BETWEEN 5309809 AND 5310808
	Bitmap Heap Scan on sbtest5  (cost=22.14..3662.55 rows=947 width=121)
	  Recheck Cond: ((id >= 5309809) AND (id <= 5310808))
	  ->  Bitmap Index Scan on sbtest5_pkey  (cost=0.00..21.90 rows=947 width=0)
	        Index Cond: ((id >= 5309809) AND (id <= 5310808))

table 6 : explain SELECT c FROM sbtest6 WHERE id BETWEEN 6584210 AND 6585209
	Bitmap Heap Scan on sbtest6  (cost=22.23..3696.54 rows=956 width=121)
	  Recheck Cond: ((id >= 6584210) AND (id <= 6585209))
	  ->  Bitmap Index Scan on sbtest6_pkey  (cost=0.00..22.00 rows=956 width=0)
	        Index Cond: ((id >= 6584210) AND (id <= 6585209))

table 7 : explain SELECT c FROM sbtest7 WHERE id BETWEEN 7016660 AND 7017659
	Bitmap Heap Scan on sbtest7  (cost=22.36..3742.92 rows=968 width=121)
	  Recheck Cond: ((id >= 7016660) AND (id <= 7017659))
	  ->  Bitmap Index Scan on sbtest7_pkey  (cost=0.00..22.11 rows=968 width=0)
	        Index Cond: ((id >= 7016660) AND (id <= 7017659))

table 8 : explain SELECT c FROM sbtest8 WHERE id BETWEEN 8691296 AND 8692295
	Bitmap Heap Scan on sbtest8  (cost=22.07..3637.12 rows=940 width=121)
	  Recheck Cond: ((id >= 8691296) AND (id <= 8692295))
	  ->  Bitmap Index Scan on sbtest8_pkey  (cost=0.00..21.83 rows=940 width=0)
	        Index Cond: ((id >= 8691296) AND (id <= 8692295))

explain: for point_selects :: explain SELECT c FROM sbtest%u WHERE id=%u
explain: for point_selects :: explain SELECT c FROM sbtest%u WHERE id=%u
for point_selects
table 1 : explain SELECT c FROM sbtest1 WHERE id=951975
	Index Scan using sbtest1_pkey on sbtest1  (cost=0.43..8.45 rows=1 width=121)
	  Index Cond: (id = 951975)

table 2 : explain SELECT c FROM sbtest2 WHERE id=7280631
	Index Scan using sbtest2_pkey on sbtest2  (cost=0.43..8.45 rows=1 width=121)
	  Index Cond: (id = 7280631)

table 3 : explain SELECT c FROM sbtest3 WHERE id=2142708
	Index Scan using sbtest3_pkey on sbtest3  (cost=0.43..8.45 rows=1 width=121)
	  Index Cond: (id = 2142708)

table 4 : explain SELECT c FROM sbtest4 WHERE id=1475193
	Index Scan using sbtest4_pkey on sbtest4  (cost=0.43..8.45 rows=1 width=121)
	  Index Cond: (id = 1475193)

table 5 : explain SELECT c FROM sbtest5 WHERE id=9964219
	Index Scan using sbtest5_pkey on sbtest5  (cost=0.43..8.45 rows=1 width=121)
	  Index Cond: (id = 9964219)

table 6 : explain SELECT c FROM sbtest6 WHERE id=2991272
	Index Scan using sbtest6_pkey on sbtest6  (cost=0.43..8.45 rows=1 width=121)
	  Index Cond: (id = 2991272)

table 7 : explain SELECT c FROM sbtest7 WHERE id=635345
	Index Scan using sbtest7_pkey on sbtest7  (cost=0.43..8.45 rows=1 width=121)
	  Index Cond: (id = 635345)

table 8 : explain SELECT c FROM sbtest8 WHERE id=7875753
	Index Scan using sbtest8_pkey on sbtest8  (cost=0.43..8.45 rows=1 width=121)
	  Index Cond: (id = 7875753)

for: simple_ranges
table 1 : explain SELECT c FROM sbtest1 WHERE id BETWEEN 6588638 AND 6589637
	Bitmap Heap Scan on sbtest1  (cost=22.19..3679.14 rows=952 width=121)
	  Recheck Cond: ((id >= 6588638) AND (id <= 6589637))
	  ->  Bitmap Index Scan on sbtest1_pkey  (cost=0.00..21.95 rows=952 width=0)
	        Index Cond: ((id >= 6588638) AND (id <= 6589637))

table 2 : explain SELECT c FROM sbtest2 WHERE id BETWEEN 4222998 AND 4223997
	Bitmap Heap Scan on sbtest2  (cost=22.80..3902.57 rows=1011 width=121)
	  Recheck Cond: ((id >= 4222998) AND (id <= 4223997))
	  ->  Bitmap Index Scan on sbtest2_pkey  (cost=0.00..22.54 rows=1011 width=0)
	        Index Cond: ((id >= 4222998) AND (id <= 4223997))

table 3 : explain SELECT c FROM sbtest3 WHERE id BETWEEN 4386835 AND 4387834
	Bitmap Heap Scan on sbtest3  (cost=22.70..3865.03 rows=1001 width=121)
	  Recheck Cond: ((id >= 4386835) AND (id <= 4387834))
	  ->  Bitmap Index Scan on sbtest3_pkey  (cost=0.00..22.44 rows=1001 width=0)
	        Index Cond: ((id >= 4386835) AND (id <= 4387834))

table 4 : explain SELECT c FROM sbtest4 WHERE id BETWEEN 573097 AND 574096
	Bitmap Heap Scan on sbtest4  (cost=22.79..3900.02 rows=1010 width=121)
	  Recheck Cond: ((id >= 573097) AND (id <= 574096))
	  ->  Bitmap Index Scan on sbtest4_pkey  (cost=0.00..22.54 rows=1010 width=0)
	        Index Cond: ((id >= 573097) AND (id <= 574096))

table 5 : explain SELECT c FROM sbtest5 WHERE id BETWEEN 8218938 AND 8219937
	Bitmap Heap Scan on sbtest5  (cost=22.33..3730.48 rows=965 width=121)
	  Recheck Cond: ((id >= 8218938) AND (id <= 8219937))
	  ->  Bitmap Index Scan on sbtest5_pkey  (cost=0.00..22.08 rows=965 width=0)
	        Index Cond: ((id >= 8218938) AND (id <= 8219937))

table 6 : explain SELECT c FROM sbtest6 WHERE id BETWEEN 9726149 AND 9727148
	Bitmap Heap Scan on sbtest6  (cost=27.22..4062.23 rows=1052 width=121)
	  Recheck Cond: ((id >= 9726149) AND (id <= 9727148))
	  ->  Bitmap Index Scan on sbtest6_pkey  (cost=0.00..26.95 rows=1052 width=0)
	        Index Cond: ((id >= 9726149) AND (id <= 9727148))

table 7 : explain SELECT c FROM sbtest7 WHERE id BETWEEN 8643580 AND 8644579
	Bitmap Heap Scan on sbtest7  (cost=22.46..3780.65 rows=978 width=121)
	  Recheck Cond: ((id >= 8643580) AND (id <= 8644579))
	  ->  Bitmap Index Scan on sbtest7_pkey  (cost=0.00..22.21 rows=978 width=0)
	        Index Cond: ((id >= 8643580) AND (id <= 8644579))

table 8 : explain SELECT c FROM sbtest8 WHERE id BETWEEN 1783150 AND 1784149
	Bitmap Heap Scan on sbtest8  (cost=27.44..4146.15 rows=1074 width=121)
	  Recheck Cond: ((id >= 1783150) AND (id <= 1784149))
	  ->  Bitmap Index Scan on sbtest8_pkey  (cost=0.00..27.18 rows=1074 width=0)
	        Index Cond: ((id >= 1783150) AND (id <= 1784149))

for point_selects
table 1 : explain SELECT c FROM sbtest1 WHERE id=2859805
	Index Scan using sbtest1_pkey on sbtest1  (cost=0.43..8.45 rows=1 width=121)
	  Index Cond: (id = 2859805)

table 2 : explain SELECT c FROM sbtest2 WHERE id=8379356
	Index Scan using sbtest2_pkey on sbtest2  (cost=0.43..8.45 rows=1 width=121)
	  Index Cond: (id = 8379356)

table 3 : explain SELECT c FROM sbtest3 WHERE id=3421427
	Index Scan using sbtest3_pkey on sbtest3  (cost=0.43..8.45 rows=1 width=121)
	  Index Cond: (id = 3421427)

table 4 : explain SELECT c FROM sbtest4 WHERE id=2279475
	Index Scan using sbtest4_pkey on sbtest4  (cost=0.43..8.45 rows=1 width=121)
	  Index Cond: (id = 2279475)

table 5 : explain SELECT c FROM sbtest5 WHERE id=1089732
	Index Scan using sbtest5_pkey on sbtest5  (cost=0.43..8.45 rows=1 width=121)
	  Index Cond: (id = 1089732)

table 6 : explain SELECT c FROM sbtest6 WHERE id=9826124
	Index Scan using sbtest6_pkey on sbtest6  (cost=0.43..8.45 rows=1 width=121)
	  Index Cond: (id = 9826124)

table 7 : explain SELECT c FROM sbtest7 WHERE id=810957
	Index Scan using sbtest7_pkey on sbtest7  (cost=0.43..8.45 rows=1 width=121)
	  Index Cond: (id = 810957)

table 8 : explain SELECT c FROM sbtest8 WHERE id=4154156
	Index Scan using sbtest8_pkey on sbtest8  (cost=0.43..8.45 rows=1 width=121)
	  Index Cond: (id = 4154156)

for: simple_ranges
table 1 : explain SELECT c FROM sbtest1 WHERE id BETWEEN 2706608 AND 2707607
	Bitmap Heap Scan on sbtest1  (cost=23.44..4138.20 rows=1074 width=121)
	  Recheck Cond: ((id >= 2706608) AND (id <= 2707607))
	  ->  Bitmap Index Scan on sbtest1_pkey  (cost=0.00..23.18 rows=1074 width=0)
	        Index Cond: ((id >= 2706608) AND (id <= 2707607))

table 2 : explain SELECT c FROM sbtest2 WHERE id BETWEEN 2491501 AND 2492500
	Bitmap Heap Scan on sbtest2  (cost=22.73..3876.21 rows=1004 width=121)
	  Recheck Cond: ((id >= 2491501) AND (id <= 2492500))
	  ->  Bitmap Index Scan on sbtest2_pkey  (cost=0.00..22.47 rows=1004 width=0)
	        Index Cond: ((id >= 2491501) AND (id <= 2492500))

table 3 : explain SELECT c FROM sbtest3 WHERE id BETWEEN 6849119 AND 6850118
	Bitmap Heap Scan on sbtest3  (cost=21.82..3544.43 rows=916 width=121)
	  Recheck Cond: ((id >= 6849119) AND (id <= 6850118))
	  ->  Bitmap Index Scan on sbtest3_pkey  (cost=0.00..21.59 rows=916 width=0)
	        Index Cond: ((id >= 6849119) AND (id <= 6850118))

table 4 : explain SELECT c FROM sbtest4 WHERE id BETWEEN 550853 AND 551852
	Bitmap Heap Scan on sbtest4  (cost=22.79..3900.02 rows=1010 width=121)
	  Recheck Cond: ((id >= 550853) AND (id <= 551852))
	  ->  Bitmap Index Scan on sbtest4_pkey  (cost=0.00..22.54 rows=1010 width=0)
	        Index Cond: ((id >= 550853) AND (id <= 551852))

table 5 : explain SELECT c FROM sbtest5 WHERE id BETWEEN 7429030 AND 7430029
	Bitmap Heap Scan on sbtest5  (cost=27.61..4205.06 rows=1090 width=121)
	  Recheck Cond: ((id >= 7429030) AND (id <= 7430029))
	  ->  Bitmap Index Scan on sbtest5_pkey  (cost=0.00..27.33 rows=1090 width=0)
	        Index Cond: ((id >= 7429030) AND (id <= 7430029))

table 6 : explain SELECT c FROM sbtest6 WHERE id BETWEEN 7323065 AND 7324064
	Bitmap Heap Scan on sbtest6  (cost=23.07..4005.56 rows=1038 width=121)
	  Recheck Cond: ((id >= 7323065) AND (id <= 7324064))
	  ->  Bitmap Index Scan on sbtest6_pkey  (cost=0.00..22.82 rows=1038 width=0)
	        Index Cond: ((id >= 7323065) AND (id <= 7324064))

table 7 : explain SELECT c FROM sbtest7 WHERE id BETWEEN 7664380 AND 7665379
	Bitmap Heap Scan on sbtest7  (cost=22.37..3746.69 rows=969 width=121)
	  Recheck Cond: ((id >= 7664380) AND (id <= 7665379))
	  ->  Bitmap Index Scan on sbtest7_pkey  (cost=0.00..22.12 rows=969 width=0)
	        Index Cond: ((id >= 7664380) AND (id <= 7665379))

table 8 : explain SELECT c FROM sbtest8 WHERE id BETWEEN 1145914 AND 1146913
	Bitmap Heap Scan on sbtest8  (cost=22.36..3742.84 rows=968 width=121)
	  Recheck Cond: ((id >= 1145914) AND (id <= 1146913))
	  ->  Bitmap Index Scan on sbtest8_pkey  (cost=0.00..22.11 rows=968 width=0)
	        Index Cond: ((id >= 1145914) AND (id <= 1146913))

explain: for point_selects :: explain SELECT c FROM sbtest%u WHERE id=%u
for: simple_ranges
table 1 : explain SELECT c FROM sbtest1 WHERE id BETWEEN 4059328 AND 4060327
	Bitmap Heap Scan on sbtest1  (cost=23.03..3987.90 rows=1034 width=121)
	  Recheck Cond: ((id >= 4059328) AND (id <= 4060327))
	  ->  Bitmap Index Scan on sbtest1_pkey  (cost=0.00..22.77 rows=1034 width=0)
	        Index Cond: ((id >= 4059328) AND (id <= 4060327))

table 2 : explain SELECT c FROM sbtest2 WHERE id BETWEEN 8780594 AND 8781593
	Bitmap Heap Scan on sbtest2  (cost=27.76..4256.17 rows=1105 width=121)
	  Recheck Cond: ((id >= 8780594) AND (id <= 8781593))
	  ->  Bitmap Index Scan on sbtest2_pkey  (cost=0.00..27.48 rows=1105 width=0)
	        Index Cond: ((id >= 8780594) AND (id <= 8781593))

table 3 : explain SELECT c FROM sbtest3 WHERE id BETWEEN 2759673 AND 2760672
	Bitmap Heap Scan on sbtest3  (cost=22.76..3887.63 rows=1007 width=121)
	  Recheck Cond: ((id >= 2759673) AND (id <= 2760672))
	  ->  Bitmap Index Scan on sbtest3_pkey  (cost=0.00..22.50 rows=1007 width=0)
	        Index Cond: ((id >= 2759673) AND (id <= 2760672))

table 4 : explain SELECT c FROM sbtest4 WHERE id BETWEEN 857229 AND 858228
	Bitmap Heap Scan on sbtest4  (cost=27.32..4099.71 rows=1062 width=121)
	  Recheck Cond: ((id >= 857229) AND (id <= 858228))
	  ->  Bitmap Index Scan on sbtest4_pkey  (cost=0.00..27.05 rows=1062 width=0)
	        Index Cond: ((id >= 857229) AND (id <= 858228))

table 5 : explain SELECT c FROM sbtest5 WHERE id BETWEEN 2876641 AND 2877640
	Bitmap Heap Scan on sbtest5  (cost=21.88..3564.35 rows=921 width=121)
	  Recheck Cond: ((id >= 2876641) AND (id <= 2877640))
	  ->  Bitmap Index Scan on sbtest5_pkey  (cost=0.00..21.64 rows=921 width=0)
	        Index Cond: ((id >= 2876641) AND (id <= 2877640))

table 6 : explain SELECT c FROM sbtest6 WHERE id BETWEEN 9086089 AND 9087088
	Bitmap Heap Scan on sbtest6  (cost=28.04..4359.03 rows=1132 width=121)
	  Recheck Cond: ((id >= 9086089) AND (id <= 9087088))
	  ->  Bitmap Index Scan on sbtest6_pkey  (cost=0.00..27.75 rows=1132 width=0)
	        Index Cond: ((id >= 9086089) AND (id <= 9087088))

table 7 : explain SELECT c FROM sbtest7 WHERE id BETWEEN 5250184 AND 5251183
	Bitmap Heap Scan on sbtest7  (cost=23.12..4021.84 rows=1042 width=121)
	  Recheck Cond: ((id >= 5250184) AND (id <= 5251183))
	  ->  Bitmap Index Scan on sbtest7_pkey  (cost=0.00..22.86 rows=1042 width=0)
	        Index Cond: ((id >= 5250184) AND (id <= 5251183))

table 8 : explain SELECT c FROM sbtest8 WHERE id BETWEEN 7059598 AND 7060597
	Bitmap Heap Scan on sbtest8  (cost=26.96..3969.27 rows=1027 width=121)
	  Recheck Cond: ((id >= 7059598) AND (id <= 7060597))
	  ->  Bitmap Index Scan on sbtest8_pkey  (cost=0.00..26.70 rows=1027 width=0)
	        Index Cond: ((id >= 7059598) AND (id <= 7060597))

for point_selects
table 1 : explain SELECT c FROM sbtest1 WHERE id=6621100
	Index Scan using sbtest1_pkey on sbtest1  (cost=0.43..8.45 rows=1 width=121)
	  Index Cond: (id = 6621100)

table 2 : explain SELECT c FROM sbtest2 WHERE id=7536840
	Index Scan using sbtest2_pkey on sbtest2  (cost=0.43..8.45 rows=1 width=121)
	  Index Cond: (id = 7536840)

table 3 : explain SELECT c FROM sbtest3 WHERE id=2198970
	Index Scan using sbtest3_pkey on sbtest3  (cost=0.43..8.45 rows=1 width=121)
	  Index Cond: (id = 2198970)

table 4 : explain SELECT c FROM sbtest4 WHERE id=677514
	Index Scan using sbtest4_pkey on sbtest4  (cost=0.43..8.45 rows=1 width=121)
	  Index Cond: (id = 677514)

table 5 : explain SELECT c FROM sbtest5 WHERE id=9325794
	Index Scan using sbtest5_pkey on sbtest5  (cost=0.43..8.45 rows=1 width=121)
	  Index Cond: (id = 9325794)

table 6 : explain SELECT c FROM sbtest6 WHERE id=8207747
	Index Scan using sbtest6_pkey on sbtest6  (cost=0.43..8.45 rows=1 width=121)
	  Index Cond: (id = 8207747)

table 7 : explain SELECT c FROM sbtest7 WHERE id=872994
	Index Scan using sbtest7_pkey on sbtest7  (cost=0.43..8.45 rows=1 width=121)
	  Index Cond: (id = 872994)

table 8 : explain SELECT c FROM sbtest8 WHERE id=5709253
	Index Scan using sbtest8_pkey on sbtest8  (cost=0.43..8.45 rows=1 width=121)
	  Index Cond: (id = 5709253)

explain: for point_selects :: explain SELECT c FROM sbtest%u WHERE id=%u
for point_selects
table 1 : explain SELECT c FROM sbtest1 WHERE id=9741849
	Index Scan using sbtest1_pkey on sbtest1  (cost=0.43..8.45 rows=1 width=121)
	  Index Cond: (id = 9741849)

table 2 : explain SELECT c FROM sbtest2 WHERE id=3712842
	Index Scan using sbtest2_pkey on sbtest2  (cost=0.43..8.45 rows=1 width=121)
	  Index Cond: (id = 3712842)

table 3 : explain SELECT c FROM sbtest3 WHERE id=3213273
	Index Scan using sbtest3_pkey on sbtest3  (cost=0.43..8.45 rows=1 width=121)
	  Index Cond: (id = 3213273)

table 4 : explain SELECT c FROM sbtest4 WHERE id=2399037
	Index Scan using sbtest4_pkey on sbtest4  (cost=0.43..8.45 rows=1 width=121)
	  Index Cond: (id = 2399037)

table 5 : explain SELECT c FROM sbtest5 WHERE id=2322704
	Index Scan using sbtest5_pkey on sbtest5  (cost=0.43..8.45 rows=1 width=121)
	  Index Cond: (id = 2322704)

table 6 : explain SELECT c FROM sbtest6 WHERE id=2178988
	Index Scan using sbtest6_pkey on sbtest6  (cost=0.43..8.45 rows=1 width=121)
	  Index Cond: (id = 2178988)

table 7 : explain SELECT c FROM sbtest7 WHERE id=6998190
	Index Scan using sbtest7_pkey on sbtest7  (cost=0.43..8.45 rows=1 width=121)
	  Index Cond: (id = 6998190)

table 8 : explain SELECT c FROM sbtest8 WHERE id=9767132
	Index Scan using sbtest8_pkey on sbtest8  (cost=0.43..8.45 rows=1 width=121)
	  Index Cond: (id = 9767132)

for point_selects
table 1 : explain SELECT c FROM sbtest1 WHERE id=5609633
	Index Scan using sbtest1_pkey on sbtest1  (cost=0.43..8.45 rows=1 width=121)
	  Index Cond: (id = 5609633)

table 2 : explain SELECT c FROM sbtest2 WHERE id=2287622
	Index Scan using sbtest2_pkey on sbtest2  (cost=0.43..8.45 rows=1 width=121)
	  Index Cond: (id = 2287622)

table 3 : explain SELECT c FROM sbtest3 WHERE id=3201971
	Index Scan using sbtest3_pkey on sbtest3  (cost=0.43..8.45 rows=1 width=121)
	  Index Cond: (id = 3201971)

table 4 : explain SELECT c FROM sbtest4 WHERE id=1267016
	Index Scan using sbtest4_pkey on sbtest4  (cost=0.43..8.45 rows=1 width=121)
	  Index Cond: (id = 1267016)

table 5 : explain SELECT c FROM sbtest5 WHERE id=8236822
	Index Scan using sbtest5_pkey on sbtest5  (cost=0.43..8.45 rows=1 width=121)
	  Index Cond: (id = 8236822)

table 6 : explain SELECT c FROM sbtest6 WHERE id=8663569
	Index Scan using sbtest6_pkey on sbtest6  (cost=0.43..8.45 rows=1 width=121)
	  Index Cond: (id = 8663569)

table 7 : explain SELECT c FROM sbtest7 WHERE id=9861785
	Index Scan using sbtest7_pkey on sbtest7  (cost=0.43..8.45 rows=1 width=121)
	  Index Cond: (id = 9861785)

table 8 : explain SELECT c FROM sbtest8 WHERE id=7199918
	Index Scan using sbtest8_pkey on sbtest8  (cost=0.43..8.45 rows=1 width=121)
	  Index Cond: (id = 7199918)

for point_selects
table 1 : explain SELECT c FROM sbtest1 WHERE id=7432877
	Index Scan using sbtest1_pkey on sbtest1  (cost=0.43..8.45 rows=1 width=121)
	  Index Cond: (id = 7432877)

table 2 : explain SELECT c FROM sbtest2 WHERE id=8304348
	Index Scan using sbtest2_pkey on sbtest2  (cost=0.43..8.45 rows=1 width=121)
	  Index Cond: (id = 8304348)

table 3 : explain SELECT c FROM sbtest3 WHERE id=4495338
	Index Scan using sbtest3_pkey on sbtest3  (cost=0.43..8.45 rows=1 width=121)
	  Index Cond: (id = 4495338)

table 4 : explain SELECT c FROM sbtest4 WHERE id=6294392
	Index Scan using sbtest4_pkey on sbtest4  (cost=0.43..8.45 rows=1 width=121)
	  Index Cond: (id = 6294392)

table 5 : explain SELECT c FROM sbtest5 WHERE id=5360172
	Index Scan using sbtest5_pkey on sbtest5  (cost=0.43..8.45 rows=1 width=121)
	  Index Cond: (id = 5360172)

table 6 : explain SELECT c FROM sbtest6 WHERE id=9101298
	Index Scan using sbtest6_pkey on sbtest6  (cost=0.43..8.45 rows=1 width=121)
	  Index Cond: (id = 9101298)

table 7 : explain SELECT c FROM sbtest7 WHERE id=2369892
	Index Scan using sbtest7_pkey on sbtest7  (cost=0.43..8.45 rows=1 width=121)
	  Index Cond: (id = 2369892)

table 8 : explain SELECT c FROM sbtest8 WHERE id=7363835
	Index Scan using sbtest8_pkey on sbtest8  (cost=0.43..8.45 rows=1 width=121)
	  Index Cond: (id = 7363835)

for point_selects
table 1 : explain SELECT c FROM sbtest1 WHERE id=2301950
	Index Scan using sbtest1_pkey on sbtest1  (cost=0.43..8.45 rows=1 width=121)
	  Index Cond: (id = 2301950)

table 2 : explain SELECT c FROM sbtest2 WHERE id=3526193
	Index Scan using sbtest2_pkey on sbtest2  (cost=0.43..8.45 rows=1 width=121)
	  Index Cond: (id = 3526193)

table 3 : explain SELECT c FROM sbtest3 WHERE id=1015080
	Index Scan using sbtest3_pkey on sbtest3  (cost=0.43..8.45 rows=1 width=121)
	  Index Cond: (id = 1015080)

table 4 : explain SELECT c FROM sbtest4 WHERE id=6455226
	Index Scan using sbtest4_pkey on sbtest4  (cost=0.43..8.45 rows=1 width=121)
	  Index Cond: (id = 6455226)

table 5 : explain SELECT c FROM sbtest5 WHERE id=4648292
	Index Scan using sbtest5_pkey on sbtest5  (cost=0.43..8.45 rows=1 width=121)
	  Index Cond: (id = 4648292)

table 6 : explain SELECT c FROM sbtest6 WHERE id=1487582
	Index Scan using sbtest6_pkey on sbtest6  (cost=0.43..8.45 rows=1 width=121)
	  Index Cond: (id = 1487582)

table 7 : explain SELECT c FROM sbtest7 WHERE id=9143654
	Index Scan using sbtest7_pkey on sbtest7  (cost=0.43..8.45 rows=1 width=121)
	  Index Cond: (id = 9143654)

table 8 : explain SELECT c FROM sbtest8 WHERE id=365722
	Index Scan using sbtest8_pkey on sbtest8  (cost=0.43..8.45 rows=1 width=121)
	  Index Cond: (id = 365722)

for: simple_ranges
table 1 : explain SELECT c FROM sbtest1 WHERE id BETWEEN 3422878 AND 3423877
	Bitmap Heap Scan on sbtest1  (cost=21.88..3562.18 rows=921 width=121)
	  Recheck Cond: ((id >= 3422878) AND (id <= 3423877))
	  ->  Bitmap Index Scan on sbtest1_pkey  (cost=0.00..21.64 rows=921 width=0)
	        Index Cond: ((id >= 3422878) AND (id <= 3423877))

table 2 : explain SELECT c FROM sbtest2 WHERE id BETWEEN 8883369 AND 8884368
	Bitmap Heap Scan on sbtest2  (cost=22.83..3913.86 rows=1014 width=121)
	  Recheck Cond: ((id >= 8883369) AND (id <= 8884368))
	  ->  Bitmap Index Scan on sbtest2_pkey  (cost=0.00..22.57 rows=1014 width=0)
	        Index Cond: ((id >= 8883369) AND (id <= 8884368))

table 3 : explain SELECT c FROM sbtest3 WHERE id BETWEEN 986457 AND 987456
	Bitmap Heap Scan on sbtest3  (cost=22.82..3910.22 rows=1013 width=121)
	  Recheck Cond: ((id >= 986457) AND (id <= 987456))
	  ->  Bitmap Index Scan on sbtest3_pkey  (cost=0.00..22.57 rows=1013 width=0)
	        Index Cond: ((id >= 986457) AND (id <= 987456))

table 4 : explain SELECT c FROM sbtest4 WHERE id BETWEEN 162634 AND 163633
	Bitmap Heap Scan on sbtest4  (cost=23.07..4005.43 rows=1038 width=121)
	  Recheck Cond: ((id >= 162634) AND (id <= 163633))
	  ->  Bitmap Index Scan on sbtest4_pkey  (cost=0.00..22.82 rows=1038 width=0)
	        Index Cond: ((id >= 162634) AND (id <= 163633))

table 5 : explain SELECT c FROM sbtest5 WHERE id BETWEEN 435304 AND 436303
	Bitmap Heap Scan on sbtest5  (cost=21.94..3587.02 rows=927 width=121)
	  Recheck Cond: ((id >= 435304) AND (id <= 436303))
	  ->  Bitmap Index Scan on sbtest5_pkey  (cost=0.00..21.70 rows=927 width=0)
	        Index Cond: ((id >= 435304) AND (id <= 436303))

table 6 : explain SELECT c FROM sbtest6 WHERE id BETWEEN 9745964 AND 9746963
	Bitmap Heap Scan on sbtest6  (cost=27.22..4062.23 rows=1052 width=121)
	  Recheck Cond: ((id >= 9745964) AND (id <= 9746963))
	  ->  Bitmap Index Scan on sbtest6_pkey  (cost=0.00..26.95 rows=1052 width=0)
	        Index Cond: ((id >= 9745964) AND (id <= 9746963))

table 7 : explain SELECT c FROM sbtest7 WHERE id BETWEEN 6333554 AND 6334553
	Bitmap Heap Scan on sbtest7  (cost=21.82..3546.49 rows=916 width=121)
	  Recheck Cond: ((id >= 6333554) AND (id <= 6334553))
	  ->  Bitmap Index Scan on sbtest7_pkey  (cost=0.00..21.59 rows=916 width=0)
	        Index Cond: ((id >= 6333554) AND (id <= 6334553))

table 8 : explain SELECT c FROM sbtest8 WHERE id BETWEEN 7024744 AND 7025743
	Bitmap Heap Scan on sbtest8  (cost=26.60..3837.37 rows=992 width=121)
	  Recheck Cond: ((id >= 7024744) AND (id <= 7025743))
	  ->  Bitmap Index Scan on sbtest8_pkey  (cost=0.00..26.36 rows=992 width=0)
	        Index Cond: ((id >= 7024744) AND (id <= 7025743))

explain: for point_selects :: explain SELECT c FROM sbtest%u WHERE id=%u
for: simple_ranges
table 1 : explain SELECT c FROM sbtest1 WHERE id BETWEEN 1265491 AND 1266490
	Bitmap Heap Scan on sbtest1  (cost=21.99..3603.69 rows=932 width=121)
	  Recheck Cond: ((id >= 1265491) AND (id <= 1266490))
	  ->  Bitmap Index Scan on sbtest1_pkey  (cost=0.00..21.75 rows=932 width=0)
	        Index Cond: ((id >= 1265491) AND (id <= 1266490))

table 2 : explain SELECT c FROM sbtest2 WHERE id BETWEEN 746617 AND 747616
	Bitmap Heap Scan on sbtest2  (cost=22.45..3774.49 rows=977 width=121)
	  Recheck Cond: ((id >= 746617) AND (id <= 747616))
	  ->  Bitmap Index Scan on sbtest2_pkey  (cost=0.00..22.20 rows=977 width=0)
	        Index Cond: ((id >= 746617) AND (id <= 747616))

table 3 : explain SELECT c FROM sbtest3 WHERE id BETWEEN 3356194 AND 3357193
	Bitmap Heap Scan on sbtest3  (cost=28.21..4421.33 rows=1149 width=121)
	  Recheck Cond: ((id >= 3356194) AND (id <= 3357193))
	  ->  Bitmap Index Scan on sbtest3_pkey  (cost=0.00..27.93 rows=1149 width=0)
	        Index Cond: ((id >= 3356194) AND (id <= 3357193))

table 4 : explain SELECT c FROM sbtest4 WHERE id BETWEEN 5266413 AND 5267412
	Bitmap Heap Scan on sbtest4  (cost=27.42..4137.31 rows=1072 width=121)
	  Recheck Cond: ((id >= 5266413) AND (id <= 5267412))
	  ->  Bitmap Index Scan on sbtest4_pkey  (cost=0.00..27.15 rows=1072 width=0)
	        Index Cond: ((id >= 5266413) AND (id <= 5267412))

table 5 : explain SELECT c FROM sbtest5 WHERE id BETWEEN 4776990 AND 4777989
	Bitmap Heap Scan on sbtest5  (cost=23.29..4084.54 rows=1059 width=121)
	  Recheck Cond: ((id >= 4776990) AND (id <= 4777989))
	  ->  Bitmap Index Scan on sbtest5_pkey  (cost=0.00..23.02 rows=1059 width=0)
	        Index Cond: ((id >= 4776990) AND (id <= 4777989))

table 6 : explain SELECT c FROM sbtest6 WHERE id BETWEEN 7257373 AND 7258372
	Bitmap Heap Scan on sbtest6  (cost=22.84..3918.97 rows=1015 width=121)
	  Recheck Cond: ((id >= 7257373) AND (id <= 7258372))
	  ->  Bitmap Index Scan on sbtest6_pkey  (cost=0.00..22.58 rows=1015 width=0)
	        Index Cond: ((id >= 7257373) AND (id <= 7258372))

table 7 : explain SELECT c FROM sbtest7 WHERE id BETWEEN 3812585 AND 3813584
	Bitmap Heap Scan on sbtest7  (cost=27.42..4138.72 rows=1072 width=121)
	  Recheck Cond: ((id >= 3812585) AND (id <= 3813584))
	  ->  Bitmap Index Scan on sbtest7_pkey  (cost=0.00..27.15 rows=1072 width=0)
	        Index Cond: ((id >= 3812585) AND (id <= 3813584))

table 8 : explain SELECT c FROM sbtest8 WHERE id BETWEEN 1409455 AND 1410454
	Bitmap Heap Scan on sbtest8  (cost=26.71..3875.07 rows=1002 width=121)
	  Recheck Cond: ((id >= 1409455) AND (id <= 1410454))
	  ->  Bitmap Index Scan on sbtest8_pkey  (cost=0.00..26.45 rows=1002 width=0)
	        Index Cond: ((id >= 1409455) AND (id <= 1410454))

for: sum_ranges
table 1 : explain SELECT SUM(k) FROM sbtest1 WHERE id BETWEEN 3435085 AND 3436084
	Aggregate  (cost=3564.48..3564.49 rows=1 width=8)
	  ->  Bitmap Heap Scan on sbtest1  (cost=21.88..3562.18 rows=921 width=4)
	        Recheck Cond: ((id >= 3435085) AND (id <= 3436084))
	        ->  Bitmap Index Scan on sbtest1_pkey  (cost=0.00..21.64 rows=921 width=0)
	              Index Cond: ((id >= 3435085) AND (id <= 3436084))

table 2 : explain SELECT SUM(k) FROM sbtest2 WHERE id BETWEEN 809480 AND 810479
	Aggregate  (cost=3599.52..3599.53 rows=1 width=8)
	  ->  Bitmap Heap Scan on sbtest2  (cost=21.97..3597.19 rows=930 width=4)
	        Recheck Cond: ((id >= 809480) AND (id <= 810479))
	        ->  Bitmap Index Scan on sbtest2_pkey  (cost=0.00..21.73 rows=930 width=0)
	              Index Cond: ((id >= 809480) AND (id <= 810479))

table 3 : explain SELECT SUM(k) FROM sbtest3 WHERE id BETWEEN 2695853 AND 2696852
	Aggregate  (cost=3890.15..3890.16 rows=1 width=8)
	  ->  Bitmap Heap Scan on sbtest3  (cost=22.76..3887.63 rows=1007 width=4)
	        Recheck Cond: ((id >= 2695853) AND (id <= 2696852))
	        ->  Bitmap Index Scan on sbtest3_pkey  (cost=0.00..22.50 rows=1007 width=0)
	              Index Cond: ((id >= 2695853) AND (id <= 2696852))

table 4 : explain SELECT SUM(k) FROM sbtest4 WHERE id BETWEEN 3176653 AND 3177652
	Aggregate  (cost=4064.74..4064.75 rows=1 width=8)
	  ->  Bitmap Heap Scan on sbtest4  (cost=27.22..4062.11 rows=1052 width=4)
	        Recheck Cond: ((id >= 3176653) AND (id <= 3177652))
	        ->  Bitmap Index Scan on sbtest4_pkey  (cost=0.00..26.95 rows=1052 width=0)
	              Index Cond: ((id >= 3176653) AND (id <= 3177652))

table 5 : explain SELECT SUM(k) FROM sbtest5 WHERE id BETWEEN 4555121 AND 4556120
	Aggregate  (cost=3661.14..3661.15 rows=1 width=8)
	  ->  Bitmap Heap Scan on sbtest5  (cost=22.13..3658.77 rows=946 width=4)
	        Recheck Cond: ((id >= 4555121) AND (id <= 4556120))
	        ->  Bitmap Index Scan on sbtest5_pkey  (cost=0.00..21.89 rows=946 width=0)
	              Index Cond: ((id >= 4555121) AND (id <= 4556120))

table 6 : explain SELECT SUM(k) FROM sbtest6 WHERE id BETWEEN 1110169 AND 1111168
	Aggregate  (cost=3642.27..3642.28 rows=1 width=8)
	  ->  Bitmap Heap Scan on sbtest6  (cost=22.08..3639.91 rows=941 width=4)
	        Recheck Cond: ((id >= 1110169) AND (id <= 1111168))
	        ->  Bitmap Index Scan on sbtest6_pkey  (cost=0.00..21.84 rows=941 width=0)
	              Index Cond: ((id >= 1110169) AND (id <= 1111168))

table 7 : explain SELECT SUM(k) FROM sbtest7 WHERE id BETWEEN 8980104 AND 8981103
	Aggregate  (cost=3858.57..3858.58 rows=1 width=8)
	  ->  Bitmap Heap Scan on sbtest7  (cost=22.66..3856.08 rows=998 width=4)
	        Recheck Cond: ((id >= 8980104) AND (id <= 8981103))
	        ->  Bitmap Index Scan on sbtest7_pkey  (cost=0.00..22.41 rows=998 width=0)
	              Index Cond: ((id >= 8980104) AND (id <= 8981103))

table 8 : explain SELECT SUM(k) FROM sbtest8 WHERE id BETWEEN 7724791 AND 7725790
	Aggregate  (cost=3990.68..3990.69 rows=1 width=8)
	  ->  Bitmap Heap Scan on sbtest8  (cost=27.01..3988.10 rows=1032 width=4)
	        Recheck Cond: ((id >= 7724791) AND (id <= 7725790))
	        ->  Bitmap Index Scan on sbtest8_pkey  (cost=0.00..26.75 rows=1032 width=0)
	              Index Cond: ((id >= 7724791) AND (id <= 7725790))

for: sum_ranges
table 1 : explain SELECT SUM(k) FROM sbtest1 WHERE id BETWEEN 2133515 AND 2134514
	Aggregate  (cost=3726.79..3726.80 rows=1 width=8)
	  ->  Bitmap Heap Scan on sbtest1  (cost=22.32..3724.38 rows=964 width=4)
	        Recheck Cond: ((id >= 2133515) AND (id <= 2134514))
	        ->  Bitmap Index Scan on sbtest1_pkey  (cost=0.00..22.07 rows=964 width=0)
	              Index Cond: ((id >= 2133515) AND (id <= 2134514))

table 2 : explain SELECT SUM(k) FROM sbtest2 WHERE id BETWEEN 9072417 AND 9073416
	Aggregate  (cost=4048.16..4048.17 rows=1 width=8)
	  ->  Bitmap Heap Scan on sbtest2  (cost=23.19..4045.54 rows=1049 width=4)
	        Recheck Cond: ((id >= 9072417) AND (id <= 9073416))
	        ->  Bitmap Index Scan on sbtest2_pkey  (cost=0.00..22.93 rows=1049 width=0)
	              Index Cond: ((id >= 9072417) AND (id <= 9073416))

table 3 : explain SELECT SUM(k) FROM sbtest3 WHERE id BETWEEN 1595892 AND 1596891
	Aggregate  (cost=3860.00..3860.01 rows=1 width=8)
	  ->  Bitmap Heap Scan on sbtest3  (cost=22.67..3857.50 rows=999 width=4)
	        Recheck Cond: ((id >= 1595892) AND (id <= 1596891))
	        ->  Bitmap Index Scan on sbtest3_pkey  (cost=0.00..22.43 rows=999 width=0)
	              Index Cond: ((id >= 1595892) AND (id <= 1596891))

table 4 : explain SELECT SUM(k) FROM sbtest4 WHERE id BETWEEN 7324867 AND 7325866
	Aggregate  (cost=3872.38..3872.39 rows=1 width=8)
	  ->  Bitmap Heap Scan on sbtest4  (cost=22.71..3869.88 rows=1002 width=4)
	        Recheck Cond: ((id >= 7324867) AND (id <= 7325866))
	        ->  Bitmap Index Scan on sbtest4_pkey  (cost=0.00..22.45 rows=1002 width=0)
	              Index Cond: ((id >= 7324867) AND (id <= 7325866))

table 5 : explain SELECT SUM(k) FROM sbtest5 WHERE id BETWEEN 8261042 AND 8262041
	Aggregate  (cost=3902.64..3902.65 rows=1 width=8)
	  ->  Bitmap Heap Scan on sbtest5  (cost=22.79..3900.12 rows=1010 width=4)
	        Recheck Cond: ((id >= 8261042) AND (id <= 8262041))
	        ->  Bitmap Index Scan on sbtest5_pkey  (cost=0.00..22.54 rows=1010 width=0)
	              Index Cond: ((id >= 8261042) AND (id <= 8262041))

table 6 : explain SELECT SUM(k) FROM sbtest6 WHERE id BETWEEN 2842655 AND 2843654
	Aggregate  (cost=3778.20..3778.21 rows=1 width=8)
	  ->  Bitmap Heap Scan on sbtest6  (cost=22.45..3775.76 rows=977 width=4)
	        Recheck Cond: ((id >= 2842655) AND (id <= 2843654))
	        ->  Bitmap Index Scan on sbtest6_pkey  (cost=0.00..22.20 rows=977 width=0)
	              Index Cond: ((id >= 2842655) AND (id <= 2843654))

table 7 : explain SELECT SUM(k) FROM sbtest7 WHERE id BETWEEN 5315305 AND 5316304
	Aggregate  (cost=3794.42..3794.43 rows=1 width=8)
	  ->  Bitmap Heap Scan on sbtest7  (cost=22.49..3791.97 rows=981 width=4)
	        Recheck Cond: ((id >= 5315305) AND (id <= 5316304))
	        ->  Bitmap Index Scan on sbtest7_pkey  (cost=0.00..22.25 rows=981 width=0)
	              Index Cond: ((id >= 5315305) AND (id <= 5316304))

table 8 : explain SELECT SUM(k) FROM sbtest8 WHERE id BETWEEN 4893665 AND 4894664
	Aggregate  (cost=3382.11..3382.12 rows=1 width=8)
	  ->  Bitmap Heap Scan on sbtest8  (cost=21.37..3379.93 rows=872 width=4)
	        Recheck Cond: ((id >= 4893665) AND (id <= 4894664))
	        ->  Bitmap Index Scan on sbtest8_pkey  (cost=0.00..21.15 rows=872 width=0)
	              Index Cond: ((id >= 4893665) AND (id <= 4894664))

for: simple_ranges
table 1 : explain SELECT c FROM sbtest1 WHERE id BETWEEN 9118462 AND 9119461
	Bitmap Heap Scan on sbtest1  (cost=23.26..4070.59 rows=1056 width=121)
	  Recheck Cond: ((id >= 9118462) AND (id <= 9119461))
	  ->  Bitmap Index Scan on sbtest1_pkey  (cost=0.00..23.00 rows=1056 width=0)
	        Index Cond: ((id >= 9118462) AND (id <= 9119461))

table 2 : explain SELECT c FROM sbtest2 WHERE id BETWEEN 2186584 AND 2187583
	Bitmap Heap Scan on sbtest2  (cost=22.51..3797.10 rows=983 width=121)
	  Recheck Cond: ((id >= 2186584) AND (id <= 2187583))
	  ->  Bitmap Index Scan on sbtest2_pkey  (cost=0.00..22.26 rows=983 width=0)
	        Index Cond: ((id >= 2186584) AND (id <= 2187583))

table 3 : explain SELECT c FROM sbtest3 WHERE id BETWEEN 9764801 AND 9765800
	Bitmap Heap Scan on sbtest3  (cost=23.18..4041.90 rows=1048 width=121)
	  Recheck Cond: ((id >= 9764801) AND (id <= 9765800))
	  ->  Bitmap Index Scan on sbtest3_pkey  (cost=0.00..22.91 rows=1048 width=0)
	        Index Cond: ((id >= 9764801) AND (id <= 9765800))

table 4 : explain SELECT c FROM sbtest4 WHERE id BETWEEN 5943792 AND 5944791
	Bitmap Heap Scan on sbtest4  (cost=22.02..3617.15 rows=935 width=121)
	  Recheck Cond: ((id >= 5943792) AND (id <= 5944791))
	  ->  Bitmap Index Scan on sbtest4_pkey  (cost=0.00..21.79 rows=935 width=0)
	        Index Cond: ((id >= 5943792) AND (id <= 5944791))

table 5 : explain SELECT c FROM sbtest5 WHERE id BETWEEN 3909140 AND 3910139
	Bitmap Heap Scan on sbtest5  (cost=23.08..4009.30 rows=1039 width=121)
	  Recheck Cond: ((id >= 3909140) AND (id <= 3910139))
	  ->  Bitmap Index Scan on sbtest5_pkey  (cost=0.00..22.82 rows=1039 width=0)
	        Index Cond: ((id >= 3909140) AND (id <= 3910139))

table 6 : explain SELECT c FROM sbtest6 WHERE id BETWEEN 4685501 AND 4686500
	Bitmap Heap Scan on sbtest6  (cost=22.81..3907.67 rows=1012 width=121)
	  Recheck Cond: ((id >= 4685501) AND (id <= 4686500))
	  ->  Bitmap Index Scan on sbtest6_pkey  (cost=0.00..22.55 rows=1012 width=0)
	        Index Cond: ((id >= 4685501) AND (id <= 4686500))

table 7 : explain SELECT c FROM sbtest7 WHERE id BETWEEN 3135639 AND 3136638
	Bitmap Heap Scan on sbtest7  (cost=21.87..3561.61 rows=920 width=121)
	  Recheck Cond: ((id >= 3135639) AND (id <= 3136638))
	  ->  Bitmap Index Scan on sbtest7_pkey  (cost=0.00..21.64 rows=920 width=0)
	        Index Cond: ((id >= 3135639) AND (id <= 3136638))

table 8 : explain SELECT c FROM sbtest8 WHERE id BETWEEN 6654448 AND 6655447
	Bitmap Heap Scan on sbtest8  (cost=27.14..4033.28 rows=1044 width=121)
	  Recheck Cond: ((id >= 6654448) AND (id <= 6655447))
	  ->  Bitmap Index Scan on sbtest8_pkey  (cost=0.00..26.87 rows=1044 width=0)
	        Index Cond: ((id >= 6654448) AND (id <= 6655447))

for point_selects
table 1 : explain SELECT c FROM sbtest1 WHERE id=9041152
	Index Scan using sbtest1_pkey on sbtest1  (cost=0.43..8.45 rows=1 width=121)
	  Index Cond: (id = 9041152)

table 2 : explain SELECT c FROM sbtest2 WHERE id=9845340
	Index Scan using sbtest2_pkey on sbtest2  (cost=0.43..8.45 rows=1 width=121)
	  Index Cond: (id = 9845340)

table 3 : explain SELECT c FROM sbtest3 WHERE id=4933837
	Index Scan using sbtest3_pkey on sbtest3  (cost=0.43..8.45 rows=1 width=121)
	  Index Cond: (id = 4933837)

table 4 : explain SELECT c FROM sbtest4 WHERE id=2785466
	Index Scan using sbtest4_pkey on sbtest4  (cost=0.43..8.45 rows=1 width=121)
	  Index Cond: (id = 2785466)

table 5 : explain SELECT c FROM sbtest5 WHERE id=5701399
	Index Scan using sbtest5_pkey on sbtest5  (cost=0.43..8.45 rows=1 width=121)
	  Index Cond: (id = 5701399)

table 6 : explain SELECT c FROM sbtest6 WHERE id=357348
	Index Scan using sbtest6_pkey on sbtest6  (cost=0.43..8.45 rows=1 width=121)
	  Index Cond: (id = 357348)

table 7 : explain SELECT c FROM sbtest7 WHERE id=6239462
	Index Scan using sbtest7_pkey on sbtest7  (cost=0.43..8.45 rows=1 width=121)
	  Index Cond: (id = 6239462)

table 8 : explain SELECT c FROM sbtest8 WHERE id=5795159
	Index Scan using sbtest8_pkey on sbtest8  (cost=0.43..8.45 rows=1 width=121)
	  Index Cond: (id = 5795159)

explain: for point_selects :: explain SELECT c FROM sbtest%u WHERE id=%u
for: sum_ranges
table 1 : explain SELECT SUM(k) FROM sbtest1 WHERE id BETWEEN 1741980 AND 1742979
	Aggregate  (cost=3560.70..3560.71 rows=1 width=8)
	  ->  Bitmap Heap Scan on sbtest1  (cost=21.87..3558.40 rows=920 width=4)
	        Recheck Cond: ((id >= 1741980) AND (id <= 1742979))
	        ->  Bitmap Index Scan on sbtest1_pkey  (cost=0.00..21.64 rows=920 width=0)
	              Index Cond: ((id >= 1741980) AND (id <= 1742979))

table 2 : explain SELECT SUM(k) FROM sbtest2 WHERE id BETWEEN 8303372 AND 8304371
	Aggregate  (cost=3690.15..3690.16 rows=1 width=8)
	  ->  Bitmap Heap Scan on sbtest2  (cost=22.21..3687.76 rows=954 width=4)
	        Recheck Cond: ((id >= 8303372) AND (id <= 8304371))
	        ->  Bitmap Index Scan on sbtest2_pkey  (cost=0.00..21.97 rows=954 width=0)
	              Index Cond: ((id >= 8303372) AND (id <= 8304371))

table 3 : explain SELECT SUM(k) FROM sbtest3 WHERE id BETWEEN 9706602 AND 9707601
	Aggregate  (cost=3893.91..3893.92 rows=1 width=8)
	  ->  Bitmap Heap Scan on sbtest3  (cost=22.77..3891.39 rows=1008 width=4)
	        Recheck Cond: ((id >= 9706602) AND (id <= 9707601))
	        ->  Bitmap Index Scan on sbtest3_pkey  (cost=0.00..22.51 rows=1008 width=0)
	              Index Cond: ((id >= 9706602) AND (id <= 9707601))

table 4 : explain SELECT SUM(k) FROM sbtest4 WHERE id BETWEEN 8337626 AND 8338625
	Aggregate  (cost=3687.49..3687.50 rows=1 width=8)
	  ->  Bitmap Heap Scan on sbtest4  (cost=22.20..3685.10 rows=953 width=4)
	        Recheck Cond: ((id >= 8337626) AND (id <= 8338625))
	        ->  Bitmap Index Scan on sbtest4_pkey  (cost=0.00..21.96 rows=953 width=0)
	              Index Cond: ((id >= 8337626) AND (id <= 8338625))

table 5 : explain SELECT SUM(k) FROM sbtest5 WHERE id BETWEEN 880449 AND 881448
	Aggregate  (cost=4173.71..4173.72 rows=1 width=8)
	  ->  Bitmap Heap Scan on sbtest5  (cost=23.53..4171.00 rows=1082 width=4)
	        Recheck Cond: ((id >= 880449) AND (id <= 881448))
	        ->  Bitmap Index Scan on sbtest5_pkey  (cost=0.00..23.25 rows=1082 width=0)
	              Index Cond: ((id >= 880449) AND (id <= 881448))

table 6 : explain SELECT SUM(k) FROM sbtest6 WHERE id BETWEEN 5205944 AND 5206943
	Aggregate  (cost=3729.13..3729.14 rows=1 width=8)
	  ->  Bitmap Heap Scan on sbtest6  (cost=22.32..3726.72 rows=964 width=4)
	        Recheck Cond: ((id >= 5205944) AND (id <= 5206943))
	        ->  Bitmap Index Scan on sbtest6_pkey  (cost=0.00..22.07 rows=964 width=0)
	              Index Cond: ((id >= 5205944) AND (id <= 5206943))

table 7 : explain SELECT SUM(k) FROM sbtest7 WHERE id BETWEEN 9742718 AND 9743717
	Aggregate  (cost=4043.28..4043.29 rows=1 width=8)
	  ->  Bitmap Heap Scan on sbtest7  (cost=23.17..4040.66 rows=1047 width=4)
	        Recheck Cond: ((id >= 9742718) AND (id <= 9743717))
	        ->  Bitmap Index Scan on sbtest7_pkey  (cost=0.00..22.90 rows=1047 width=0)
	              Index Cond: ((id >= 9742718) AND (id <= 9743717))

table 8 : explain SELECT SUM(k) FROM sbtest8 WHERE id BETWEEN 9886208 AND 9887207
	Aggregate  (cost=4396.95..4396.96 rows=1 width=8)
	  ->  Bitmap Heap Scan on sbtest8  (cost=28.13..4394.10 rows=1141 width=4)
	        Recheck Cond: ((id >= 9886208) AND (id <= 9887207))
	        ->  Bitmap Index Scan on sbtest8_pkey  (cost=0.00..27.84 rows=1141 width=0)
	              Index Cond: ((id >= 9886208) AND (id <= 9887207))

for: sum_ranges
table 1 : explain SELECT SUM(k) FROM sbtest1 WHERE id BETWEEN 5474785 AND 5475784
	Aggregate  (cost=3662.65..3662.66 rows=1 width=8)
	  ->  Bitmap Heap Scan on sbtest1  (cost=22.14..3660.28 rows=947 width=4)
	        Recheck Cond: ((id >= 5474785) AND (id <= 5475784))
	        ->  Bitmap Index Scan on sbtest1_pkey  (cost=0.00..21.90 rows=947 width=0)
	              Index Cond: ((id >= 5474785) AND (id <= 5475784))

table 2 : explain SELECT SUM(k) FROM sbtest2 WHERE id BETWEEN 4028306 AND 4029305
	Aggregate  (cost=4145.94..4145.95 rows=1 width=8)
	  ->  Bitmap Heap Scan on sbtest2  (cost=23.45..4143.25 rows=1075 width=4)
	        Recheck Cond: ((id >= 4028306) AND (id <= 4029305))
	        ->  Bitmap Index Scan on sbtest2_pkey  (cost=0.00..23.18 rows=1075 width=0)
	              Index Cond: ((id >= 4028306) AND (id <= 4029305))

table 3 : explain SELECT SUM(k) FROM sbtest3 WHERE id BETWEEN 5410438 AND 5411437
	Aggregate  (cost=4097.19..4097.20 rows=1 width=8)
	  ->  Bitmap Heap Scan on sbtest3  (cost=23.32..4094.53 rows=1062 width=4)
	        Recheck Cond: ((id >= 5410438) AND (id <= 5411437))
	        ->  Bitmap Index Scan on sbtest3_pkey  (cost=0.00..23.05 rows=1062 width=0)
	              Index Cond: ((id >= 5410438) AND (id <= 5411437))

table 4 : explain SELECT SUM(k) FROM sbtest4 WHERE id BETWEEN 2057728 AND 2058727
	Aggregate  (cost=3815.82..3815.83 rows=1 width=8)
	  ->  Bitmap Heap Scan on sbtest4  (cost=22.55..3813.35 rows=987 width=4)
	        Recheck Cond: ((id >= 2057728) AND (id <= 2058727))
	        ->  Bitmap Index Scan on sbtest4_pkey  (cost=0.00..22.30 rows=987 width=0)
	              Index Cond: ((id >= 2057728) AND (id <= 2058727))

table 5 : explain SELECT SUM(k) FROM sbtest5 WHERE id BETWEEN 9110490 AND 9111489
	Aggregate  (cost=4019.43..4019.44 rows=1 width=8)
	  ->  Bitmap Heap Scan on sbtest5  (cost=23.11..4016.83 rows=1041 width=4)
	        Recheck Cond: ((id >= 9110490) AND (id <= 9111489))
	        ->  Bitmap Index Scan on sbtest5_pkey  (cost=0.00..22.84 rows=1041 width=0)
	              Index Cond: ((id >= 9110490) AND (id <= 9111489))

table 6 : explain SELECT SUM(k) FROM sbtest6 WHERE id BETWEEN 9818642 AND 9819641
	Aggregate  (cost=3778.20..3778.21 rows=1 width=8)
	  ->  Bitmap Heap Scan on sbtest6  (cost=22.45..3775.76 rows=977 width=4)
	        Recheck Cond: ((id >= 9818642) AND (id <= 9819641))
	        ->  Bitmap Index Scan on sbtest6_pkey  (cost=0.00..22.20 rows=977 width=0)
	              Index Cond: ((id >= 9818642) AND (id <= 9819641))

table 7 : explain SELECT SUM(k) FROM sbtest7 WHERE id BETWEEN 1255952 AND 1256951
	Aggregate  (cost=3949.08..3949.09 rows=1 width=8)
	  ->  Bitmap Heap Scan on sbtest7  (cost=22.91..3946.52 rows=1022 width=4)
	        Recheck Cond: ((id >= 1255952) AND (id <= 1256951))
	        ->  Bitmap Index Scan on sbtest7_pkey  (cost=0.00..22.65 rows=1022 width=0)
	              Index Cond: ((id >= 1255952) AND (id <= 1256951))

table 8 : explain SELECT SUM(k) FROM sbtest8 WHERE id BETWEEN 1939192 AND 1940191
	Aggregate  (cost=3813.21..3813.22 rows=1 width=8)
	  ->  Bitmap Heap Scan on sbtest8  (cost=22.54..3810.75 rows=986 width=4)
	        Recheck Cond: ((id >= 1939192) AND (id <= 1940191))
	        ->  Bitmap Index Scan on sbtest8_pkey  (cost=0.00..22.29 rows=986 width=0)
	              Index Cond: ((id >= 1939192) AND (id <= 1940191))

for: simple_ranges
table 1 : explain SELECT c FROM sbtest1 WHERE id BETWEEN 9263088 AND 9264087
	Bitmap Heap Scan on sbtest1  (cost=23.12..4017.97 rows=1042 width=121)
	  Recheck Cond: ((id >= 9263088) AND (id <= 9264087))
	  ->  Bitmap Index Scan on sbtest1_pkey  (cost=0.00..22.86 rows=1042 width=0)
	        Index Cond: ((id >= 9263088) AND (id <= 9264087))

table 2 : explain SELECT c FROM sbtest2 WHERE id BETWEEN 7657334 AND 7658333
	Bitmap Heap Scan on sbtest2  (cost=27.68..4229.87 rows=1097 width=121)
	  Recheck Cond: ((id >= 7657334) AND (id <= 7658333))
	  ->  Bitmap Index Scan on sbtest2_pkey  (cost=0.00..27.40 rows=1097 width=0)
	        Index Cond: ((id >= 7657334) AND (id <= 7658333))

table 3 : explain SELECT c FROM sbtest3 WHERE id BETWEEN 5094046 AND 5095045
	Bitmap Heap Scan on sbtest3  (cost=22.48..3785.91 rows=980 width=121)
	  Recheck Cond: ((id >= 5094046) AND (id <= 5095045))
	  ->  Bitmap Index Scan on sbtest3_pkey  (cost=0.00..22.23 rows=980 width=0)
	        Index Cond: ((id >= 5094046) AND (id <= 5095045))

table 4 : explain SELECT c FROM sbtest4 WHERE id BETWEEN 3453297 AND 3454296
	Bitmap Heap Scan on sbtest4  (cost=22.12..3654.91 rows=945 width=121)
	  Recheck Cond: ((id >= 3453297) AND (id <= 3454296))
	  ->  Bitmap Index Scan on sbtest4_pkey  (cost=0.00..21.89 rows=945 width=0)
	        Index Cond: ((id >= 3453297) AND (id <= 3454296))

table 5 : explain SELECT c FROM sbtest5 WHERE id BETWEEN 5462819 AND 5463818
	Bitmap Heap Scan on sbtest5  (cost=23.08..4009.30 rows=1039 width=121)
	  Recheck Cond: ((id >= 5462819) AND (id <= 5463818))
	  ->  Bitmap Index Scan on sbtest5_pkey  (cost=0.00..22.82 rows=1039 width=0)
	        Index Cond: ((id >= 5462819) AND (id <= 5463818))

table 6 : explain SELECT c FROM sbtest6 WHERE id BETWEEN 7874048 AND 7875047
	Bitmap Heap Scan on sbtest6  (cost=22.09..3643.69 rows=942 width=121)
	  Recheck Cond: ((id >= 7874048) AND (id <= 7875047))
	  ->  Bitmap Index Scan on sbtest6_pkey  (cost=0.00..21.86 rows=942 width=0)
	        Index Cond: ((id >= 7874048) AND (id <= 7875047))

table 7 : explain SELECT c FROM sbtest7 WHERE id BETWEEN 1575291 AND 1576290
	Bitmap Heap Scan on sbtest7  (cost=22.09..3644.75 rows=942 width=121)
	  Recheck Cond: ((id >= 1575291) AND (id <= 1576290))
	  ->  Bitmap Index Scan on sbtest7_pkey  (cost=0.00..21.86 rows=942 width=0)
	        Index Cond: ((id >= 1575291) AND (id <= 1576290))

table 8 : explain SELECT c FROM sbtest8 WHERE id BETWEEN 2803409 AND 2804408
	Bitmap Heap Scan on sbtest8  (cost=26.93..3957.97 rows=1024 width=121)
	  Recheck Cond: ((id >= 2803409) AND (id <= 2804408))
	  ->  Bitmap Index Scan on sbtest8_pkey  (cost=0.00..26.68 rows=1024 width=0)
	        Index Cond: ((id >= 2803409) AND (id <= 2804408))

for: simple_ranges
table 1 : explain SELECT c FROM sbtest1 WHERE id BETWEEN 8505243 AND 8506242
	Bitmap Heap Scan on sbtest1  (cost=22.97..3965.33 rows=1028 width=121)
	  Recheck Cond: ((id >= 8505243) AND (id <= 8506242))
	  ->  Bitmap Index Scan on sbtest1_pkey  (cost=0.00..22.71 rows=1028 width=0)
	        Index Cond: ((id >= 8505243) AND (id <= 8506242))

table 2 : explain SELECT c FROM sbtest2 WHERE id BETWEEN 8550655 AND 8551654
	Bitmap Heap Scan on sbtest2  (cost=22.76..3887.51 rows=1007 width=121)
	  Recheck Cond: ((id >= 8550655) AND (id <= 8551654))
	  ->  Bitmap Index Scan on sbtest2_pkey  (cost=0.00..22.50 rows=1007 width=0)
	        Index Cond: ((id >= 8550655) AND (id <= 8551654))

table 3 : explain SELECT c FROM sbtest3 WHERE id BETWEEN 7418899 AND 7419898
	Bitmap Heap Scan on sbtest3  (cost=22.33..3729.36 rows=965 width=121)
	  Recheck Cond: ((id >= 7418899) AND (id <= 7419898))
	  ->  Bitmap Index Scan on sbtest3_pkey  (cost=0.00..22.08 rows=965 width=0)
	        Index Cond: ((id >= 7418899) AND (id <= 7419898))

table 4 : explain SELECT c FROM sbtest4 WHERE id BETWEEN 8301510 AND 8302509
	Bitmap Heap Scan on sbtest4  (cost=22.48..3786.96 rows=980 width=121)
	  Recheck Cond: ((id >= 8301510) AND (id <= 8302509))
	  ->  Bitmap Index Scan on sbtest4_pkey  (cost=0.00..22.23 rows=980 width=0)
	        Index Cond: ((id >= 8301510) AND (id <= 8302509))

table 5 : explain SELECT c FROM sbtest5 WHERE id BETWEEN 4376881 AND 4377880
	Bitmap Heap Scan on sbtest5  (cost=22.61..3836.06 rows=993 width=121)
	  Recheck Cond: ((id >= 4376881) AND (id <= 4377880))
	  ->  Bitmap Index Scan on sbtest5_pkey  (cost=0.00..22.36 rows=993 width=0)
	        Index Cond: ((id >= 4376881) AND (id <= 4377880))

table 6 : explain SELECT c FROM sbtest6 WHERE id BETWEEN 8222386 AND 8223385
	Bitmap Heap Scan on sbtest6  (cost=22.14..3662.57 rows=947 width=121)
	  Recheck Cond: ((id >= 8222386) AND (id <= 8223385))
	  ->  Bitmap Index Scan on sbtest6_pkey  (cost=0.00..21.90 rows=947 width=0)
	        Index Cond: ((id >= 8222386) AND (id <= 8223385))

table 7 : explain SELECT c FROM sbtest7 WHERE id BETWEEN 3768256 AND 3769255
	Bitmap Heap Scan on sbtest7  (cost=22.77..3893.77 rows=1008 width=121)
	  Recheck Cond: ((id >= 3768256) AND (id <= 3769255))
	  ->  Bitmap Index Scan on sbtest7_pkey  (cost=0.00..22.51 rows=1008 width=0)
	        Index Cond: ((id >= 3768256) AND (id <= 3769255))

table 8 : explain SELECT c FROM sbtest8 WHERE id BETWEEN 7016174 AND 7017173
	Bitmap Heap Scan on sbtest8  (cost=26.60..3837.37 rows=992 width=121)
	  Recheck Cond: ((id >= 7016174) AND (id <= 7017173))
	  ->  Bitmap Index Scan on sbtest8_pkey  (cost=0.00..26.36 rows=992 width=0)
	        Index Cond: ((id >= 7016174) AND (id <= 7017173))

for: simple_ranges
table 1 : explain SELECT c FROM sbtest1 WHERE id BETWEEN 1781573 AND 1782572
	Bitmap Heap Scan on sbtest1  (cost=21.87..3558.40 rows=920 width=121)
	  Recheck Cond: ((id >= 1781573) AND (id <= 1782572))
	  ->  Bitmap Index Scan on sbtest1_pkey  (cost=0.00..21.64 rows=920 width=0)
	        Index Cond: ((id >= 1781573) AND (id <= 1782572))

table 2 : explain SELECT c FROM sbtest2 WHERE id BETWEEN 7843892 AND 7844891
	Bitmap Heap Scan on sbtest2  (cost=21.74..3514.10 rows=908 width=121)
	  Recheck Cond: ((id >= 7843892) AND (id <= 7844891))
	  ->  Bitmap Index Scan on sbtest2_pkey  (cost=0.00..21.51 rows=908 width=0)
	        Index Cond: ((id >= 7843892) AND (id <= 7844891))

table 3 : explain SELECT c FROM sbtest3 WHERE id BETWEEN 6343163 AND 6344162
	Bitmap Heap Scan on sbtest3  (cost=22.18..3676.56 rows=951 width=121)
	  Recheck Cond: ((id >= 6343163) AND (id <= 6344162))
	  ->  Bitmap Index Scan on sbtest3_pkey  (cost=0.00..21.94 rows=951 width=0)
	        Index Cond: ((id >= 6343163) AND (id <= 6344162))

table 4 : explain SELECT c FROM sbtest4 WHERE id BETWEEN 1616155 AND 1617154
	Bitmap Heap Scan on sbtest4  (cost=21.67..3488.67 rows=901 width=121)
	  Recheck Cond: ((id >= 1616155) AND (id <= 1617154))
	  ->  Bitmap Index Scan on sbtest4_pkey  (cost=0.00..21.44 rows=901 width=0)
	        Index Cond: ((id >= 1616155) AND (id <= 1617154))

table 5 : explain SELECT c FROM sbtest5 WHERE id BETWEEN 228113 AND 229112
	Bitmap Heap Scan on sbtest5  (cost=21.65..3481.19 rows=899 width=121)
	  Recheck Cond: ((id >= 228113) AND (id <= 229112))
	  ->  Bitmap Index Scan on sbtest5_pkey  (cost=0.00..21.43 rows=899 width=0)
	        Index Cond: ((id >= 228113) AND (id <= 229112))

table 6 : explain SELECT c FROM sbtest6 WHERE id BETWEEN 2240333 AND 2241332
	Bitmap Heap Scan on sbtest6  (cost=22.19..3681.44 rows=952 width=121)
	  Recheck Cond: ((id >= 2240333) AND (id <= 2241332))
	  ->  Bitmap Index Scan on sbtest6_pkey  (cost=0.00..21.95 rows=952 width=0)
	        Index Cond: ((id >= 2240333) AND (id <= 2241332))

table 7 : explain SELECT c FROM sbtest7 WHERE id BETWEEN 9990513 AND 9991512
	Bitmap Heap Scan on sbtest7  (cost=22.52..3803.28 rows=984 width=121)
	  Recheck Cond: ((id >= 9990513) AND (id <= 9991512))
	  ->  Bitmap Index Scan on sbtest7_pkey  (cost=0.00..22.27 rows=984 width=0)
	        Index Cond: ((id >= 9990513) AND (id <= 9991512))

table 8 : explain SELECT c FROM sbtest8 WHERE id BETWEEN 9091419 AND 9092418
	Bitmap Heap Scan on sbtest8  (cost=27.71..4243.88 rows=1100 width=121)
	  Recheck Cond: ((id >= 9091419) AND (id <= 9092418))
	  ->  Bitmap Index Scan on sbtest8_pkey  (cost=0.00..27.43 rows=1100 width=0)
	        Index Cond: ((id >= 9091419) AND (id <= 9092418))

for: order_ranges
table 1 : explain SELECT c FROM sbtest1 WHERE id BETWEEN 3310812 AND 3311811 ORDER BY c
	Sort  (cost=3990.03..3992.59 rows=1021 width=121)
	  Sort Key: c
	  ->  Bitmap Heap Scan on sbtest1  (cost=22.90..3939.01 rows=1021 width=121)
	        Recheck Cond: ((id >= 3310812) AND (id <= 3311811))
	        ->  Bitmap Index Scan on sbtest1_pkey  (cost=0.00..22.64 rows=1021 width=0)
	              Index Cond: ((id >= 3310812) AND (id <= 3311811))

table 2 : explain SELECT c FROM sbtest2 WHERE id BETWEEN 795718 AND 796717 ORDER BY c
	Sort  (cost=3823.01..3825.45 rows=977 width=121)
	  Sort Key: c
	  ->  Bitmap Heap Scan on sbtest2  (cost=22.45..3774.49 rows=977 width=121)
	        Recheck Cond: ((id >= 795718) AND (id <= 796717))
	        ->  Bitmap Index Scan on sbtest2_pkey  (cost=0.00..22.20 rows=977 width=0)
	              Index Cond: ((id >= 795718) AND (id <= 796717))

table 3 : explain SELECT c FROM sbtest3 WHERE id BETWEEN 3307301 AND 3308300 ORDER BY c
	Sort  (cost=4479.73..4482.61 rows=1149 width=121)
	  Sort Key: c
	  ->  Bitmap Heap Scan on sbtest3  (cost=28.21..4421.33 rows=1149 width=121)
	        Recheck Cond: ((id >= 3307301) AND (id <= 3308300))
	        ->  Bitmap Index Scan on sbtest3_pkey  (cost=0.00..27.93 rows=1149 width=0)
	              Index Cond: ((id >= 3307301) AND (id <= 3308300))

table 4 : explain SELECT c FROM sbtest4 WHERE id BETWEEN 2299222 AND 2300221 ORDER BY c
	Sort  (cost=4401.07..4403.89 rows=1128 width=121)
	  Sort Key: c
	  ->  Bitmap Heap Scan on sbtest4  (cost=28.00..4343.88 rows=1128 width=121)
	        Recheck Cond: ((id >= 2299222) AND (id <= 2300221))
	        ->  Bitmap Index Scan on sbtest4_pkey  (cost=0.00..27.71 rows=1128 width=0)
	              Index Cond: ((id >= 2299222) AND (id <= 2300221))

table 5 : explain SELECT c FROM sbtest5 WHERE id BETWEEN 6715556 AND 6716555 ORDER BY c
	Sort  (cost=3717.03..3719.40 rows=949 width=121)
	  Sort Key: c
	  ->  Bitmap Heap Scan on sbtest5  (cost=22.16..3670.10 rows=949 width=121)
	        Recheck Cond: ((id >= 6715556) AND (id <= 6716555))
	        ->  Bitmap Index Scan on sbtest5_pkey  (cost=0.00..21.93 rows=949 width=0)
	              Index Cond: ((id >= 6715556) AND (id <= 6716555))

table 6 : explain SELECT c FROM sbtest6 WHERE id BETWEEN 6895901 AND 6896900 ORDER BY c
	Sort  (cost=4309.65..4312.41 rows=1103 width=121)
	  Sort Key: c
	  ->  Bitmap Heap Scan on sbtest6  (cost=27.74..4253.91 rows=1103 width=121)
	        Recheck Cond: ((id >= 6895901) AND (id <= 6896900))
	        ->  Bitmap Index Scan on sbtest6_pkey  (cost=0.00..27.46 rows=1103 width=0)
	              Index Cond: ((id >= 6895901) AND (id <= 6896900))

table 7 : explain SELECT c FROM sbtest7 WHERE id BETWEEN 4219037 AND 4220036 ORDER BY c
	Sort  (cost=3702.78..3705.14 rows=945 width=121)
	  Sort Key: c
	  ->  Bitmap Heap Scan on sbtest7  (cost=22.12..3656.08 rows=945 width=121)
	        Recheck Cond: ((id >= 4219037) AND (id <= 4220036))
	        ->  Bitmap Index Scan on sbtest7_pkey  (cost=0.00..21.89 rows=945 width=0)
	              Index Cond: ((id >= 4219037) AND (id <= 4220036))

table 8 : explain SELECT c FROM sbtest8 WHERE id BETWEEN 4546767 AND 4547766 ORDER BY c
	Sort  (cost=4032.11..4034.69 rows=1030 width=121)
	  Sort Key: c
	  ->  Bitmap Heap Scan on sbtest8  (cost=26.99..3980.57 rows=1030 width=121)
	        Recheck Cond: ((id >= 4546767) AND (id <= 4547766))
	        ->  Bitmap Index Scan on sbtest8_pkey  (cost=0.00..26.73 rows=1030 width=0)
	              Index Cond: ((id >= 4546767) AND (id <= 4547766))

explain: for point_selects :: explain SELECT c FROM sbtest%u WHERE id=%u
explain: for point_selects :: explain SELECT c FROM sbtest%u WHERE id=%u
for point_selects
table 1 : explain SELECT c FROM sbtest1 WHERE id=8036503
	Index Scan using sbtest1_pkey on sbtest1  (cost=0.43..8.45 rows=1 width=121)
	  Index Cond: (id = 8036503)

table 2 : explain SELECT c FROM sbtest2 WHERE id=1729040
	Index Scan using sbtest2_pkey on sbtest2  (cost=0.43..8.45 rows=1 width=121)
	  Index Cond: (id = 1729040)

table 3 : explain SELECT c FROM sbtest3 WHERE id=6907622
	Index Scan using sbtest3_pkey on sbtest3  (cost=0.43..8.45 rows=1 width=121)
	  Index Cond: (id = 6907622)

table 4 : explain SELECT c FROM sbtest4 WHERE id=5721915
	Index Scan using sbtest4_pkey on sbtest4  (cost=0.43..8.45 rows=1 width=121)
	  Index Cond: (id = 5721915)

table 5 : explain SELECT c FROM sbtest5 WHERE id=2674633
	Index Scan using sbtest5_pkey on sbtest5  (cost=0.43..8.45 rows=1 width=121)
	  Index Cond: (id = 2674633)

table 6 : explain SELECT c FROM sbtest6 WHERE id=1647855
	Index Scan using sbtest6_pkey on sbtest6  (cost=0.43..8.45 rows=1 width=121)
	  Index Cond: (id = 1647855)

table 7 : explain SELECT c FROM sbtest7 WHERE id=8429534
	Index Scan using sbtest7_pkey on sbtest7  (cost=0.43..8.45 rows=1 width=121)
	  Index Cond: (id = 8429534)

table 8 : explain SELECT c FROM sbtest8 WHERE id=9504059
	Index Scan using sbtest8_pkey on sbtest8  (cost=0.43..8.45 rows=1 width=121)
	  Index Cond: (id = 9504059)

for: distinct_ranges
table 1 : explain SELECT DISTINCT c FROM sbtest1 WHERE id BETWEEN 7834449 AND 7835448 ORDER BY c
	Unique  (cost=3726.24..3731.00 rows=952 width=121)
	  ->  Sort  (cost=3726.24..3728.62 rows=952 width=121)
	        Sort Key: c
	        ->  Bitmap Heap Scan on sbtest1  (cost=22.19..3679.14 rows=952 width=121)
	              Recheck Cond: ((id >= 7834449) AND (id <= 7835448))
	              ->  Bitmap Index Scan on sbtest1_pkey  (cost=0.00..21.95 rows=952 width=0)
	                    Index Cond: ((id >= 7834449) AND (id <= 7835448))

table 2 : explain SELECT DISTINCT c FROM sbtest2 WHERE id BETWEEN 3093441 AND 3094440 ORDER BY c
	Unique  (cost=4048.53..4053.71 rows=1036 width=121)
	  ->  Sort  (cost=4048.53..4051.12 rows=1036 width=121)
	        Sort Key: c
	        ->  Bitmap Heap Scan on sbtest2  (cost=23.05..3996.65 rows=1036 width=121)
	              Recheck Cond: ((id >= 3093441) AND (id <= 3094440))
	              ->  Bitmap Index Scan on sbtest2_pkey  (cost=0.00..22.79 rows=1036 width=0)
	                    Index Cond: ((id >= 3093441) AND (id <= 3094440))

table 3 : explain SELECT DISTINCT c FROM sbtest3 WHERE id BETWEEN 3052709 AND 3053708 ORDER BY c
	Unique  (cost=3754.23..3759.03 rows=959 width=121)
	  ->  Sort  (cost=3754.23..3756.63 rows=959 width=121)
	        Sort Key: c
	        ->  Bitmap Heap Scan on sbtest3  (cost=22.26..3706.74 rows=959 width=121)
	              Recheck Cond: ((id >= 3052709) AND (id <= 3053708))
	              ->  Bitmap Index Scan on sbtest3_pkey  (cost=0.00..22.02 rows=959 width=0)
	                    Index Cond: ((id >= 3052709) AND (id <= 3053708))

table 4 : explain SELECT DISTINCT c FROM sbtest4 WHERE id BETWEEN 7374711 AND 7375710 ORDER BY c
	Unique  (cost=3919.82..3924.83 rows=1002 width=121)
	  ->  Sort  (cost=3919.82..3922.33 rows=1002 width=121)
	        Sort Key: c
	        ->  Bitmap Heap Scan on sbtest4  (cost=22.71..3869.88 rows=1002 width=121)
	              Recheck Cond: ((id >= 7374711) AND (id <= 7375710))
	              ->  Bitmap Index Scan on sbtest4_pkey  (cost=0.00..22.45 rows=1002 width=0)
	                    Index Cond: ((id >= 7374711) AND (id <= 7375710))

table 5 : explain SELECT DISTINCT c FROM sbtest5 WHERE id BETWEEN 5675806 AND 5676805 ORDER BY c
	Unique  (cost=4072.82..4078.03 rows=1042 width=121)
	  ->  Sort  (cost=4072.82..4075.43 rows=1042 width=121)
	        Sort Key: c
	        ->  Bitmap Heap Scan on sbtest5  (cost=23.12..4020.59 rows=1042 width=121)
	              Recheck Cond: ((id >= 5675806) AND (id <= 5676805))
	              ->  Bitmap Index Scan on sbtest5_pkey  (cost=0.00..22.86 rows=1042 width=0)
	                    Index Cond: ((id >= 5675806) AND (id <= 5676805))

table 6 : explain SELECT DISTINCT c FROM sbtest6 WHERE id BETWEEN 7886989 AND 7887988 ORDER BY c
	Unique  (cost=3690.22..3694.93 rows=942 width=121)
	  ->  Sort  (cost=3690.22..3692.58 rows=942 width=121)
	        Sort Key: c
	        ->  Bitmap Heap Scan on sbtest6  (cost=22.09..3643.69 rows=942 width=121)
	              Recheck Cond: ((id >= 7886989) AND (id <= 7887988))
	              ->  Bitmap Index Scan on sbtest6_pkey  (cost=0.00..21.86 rows=942 width=0)
	                    Index Cond: ((id >= 7886989) AND (id <= 7887988))

table 7 : explain SELECT DISTINCT c FROM sbtest7 WHERE id BETWEEN 924685 AND 925684 ORDER BY c
	Unique  (cost=3507.10..3511.57 rows=894 width=121)
	  ->  Sort  (cost=3507.10..3509.34 rows=894 width=121)
	        Sort Key: c
	        ->  Bitmap Heap Scan on sbtest7  (cost=21.60..3463.28 rows=894 width=121)
	              Recheck Cond: ((id >= 924685) AND (id <= 925684))
	              ->  Bitmap Index Scan on sbtest7_pkey  (cost=0.00..21.37 rows=894 width=0)
	                    Index Cond: ((id >= 924685) AND (id <= 925684))

table 8 : explain SELECT DISTINCT c FROM sbtest8 WHERE id BETWEEN 8048367 AND 8049366 ORDER BY c
	Unique  (cost=4116.20..4121.46 rows=1052 width=121)
	  ->  Sort  (cost=4116.20..4118.83 rows=1052 width=121)
	        Sort Key: c
	        ->  Bitmap Heap Scan on sbtest8  (cost=27.22..4063.39 rows=1052 width=121)
	              Recheck Cond: ((id >= 8048367) AND (id <= 8049366))
	              ->  Bitmap Index Scan on sbtest8_pkey  (cost=0.00..26.95 rows=1052 width=0)
	                    Index Cond: ((id >= 8048367) AND (id <= 8049366))

for: sum_ranges
table 1 : explain SELECT SUM(k) FROM sbtest1 WHERE id BETWEEN 4383586 AND 4384585
	Aggregate  (cost=3496.46..3496.47 rows=1 width=8)
	  ->  Bitmap Heap Scan on sbtest1  (cost=21.69..3494.21 rows=903 width=4)
	        Recheck Cond: ((id >= 4383586) AND (id <= 4384585))
	        ->  Bitmap Index Scan on sbtest1_pkey  (cost=0.00..21.46 rows=903 width=0)
	              Index Cond: ((id >= 4383586) AND (id <= 4384585))

table 2 : explain SELECT SUM(k) FROM sbtest2 WHERE id BETWEEN 1610307 AND 1611306
	Aggregate  (cost=3905.10..3905.11 rows=1 width=8)
	  ->  Bitmap Heap Scan on sbtest2  (cost=22.80..3902.57 rows=1011 width=4)
	        Recheck Cond: ((id >= 1610307) AND (id <= 1611306))
	        ->  Bitmap Index Scan on sbtest2_pkey  (cost=0.00..22.54 rows=1011 width=0)
	              Index Cond: ((id >= 1610307) AND (id <= 1611306))

table 3 : explain SELECT SUM(k) FROM sbtest3 WHERE id BETWEEN 9920836 AND 9921835
	Aggregate  (cost=3950.42..3950.43 rows=1 width=8)
	  ->  Bitmap Heap Scan on sbtest3  (cost=22.92..3947.86 rows=1023 width=4)
	        Recheck Cond: ((id >= 9920836) AND (id <= 9921835))
	        ->  Bitmap Index Scan on sbtest3_pkey  (cost=0.00..22.66 rows=1023 width=0)
	              Index Cond: ((id >= 9920836) AND (id <= 9921835))

table 4 : explain SELECT SUM(k) FROM sbtest4 WHERE id BETWEEN 6212470 AND 6213469
	Aggregate  (cost=4267.83..4267.84 rows=1 width=8)
	  ->  Bitmap Heap Scan on sbtest4  (cost=27.78..4265.06 rows=1107 width=4)
	        Recheck Cond: ((id >= 6212470) AND (id <= 6213469))
	        ->  Bitmap Index Scan on sbtest4_pkey  (cost=0.00..27.50 rows=1107 width=0)
	              Index Cond: ((id >= 6212470) AND (id <= 6213469))

table 5 : explain SELECT SUM(k) FROM sbtest5 WHERE id BETWEEN 4712149 AND 4713148
	Aggregate  (cost=4234.10..4234.11 rows=1 width=8)
	  ->  Bitmap Heap Scan on sbtest5  (cost=27.68..4231.36 rows=1097 width=4)
	        Recheck Cond: ((id >= 4712149) AND (id <= 4713148))
	        ->  Bitmap Index Scan on sbtest5_pkey  (cost=0.00..27.40 rows=1097 width=0)
	              Index Cond: ((id >= 4712149) AND (id <= 4713148))

table 6 : explain SELECT SUM(k) FROM sbtest6 WHERE id BETWEEN 8293923 AND 8294922
	Aggregate  (cost=3664.93..3664.94 rows=1 width=8)
	  ->  Bitmap Heap Scan on sbtest6  (cost=22.14..3662.57 rows=947 width=4)
	        Recheck Cond: ((id >= 8293923) AND (id <= 8294922))
	        ->  Bitmap Index Scan on sbtest6_pkey  (cost=0.00..21.90 rows=947 width=0)
	              Index Cond: ((id >= 8293923) AND (id <= 8294922))

table 7 : explain SELECT SUM(k) FROM sbtest7 WHERE id BETWEEN 3059946 AND 3060945
	Aggregate  (cost=4227.93..4227.94 rows=1 width=8)
	  ->  Bitmap Heap Scan on sbtest7  (cost=27.66..4225.19 rows=1095 width=4)
	        Recheck Cond: ((id >= 3059946) AND (id <= 3060945))
	        ->  Bitmap Index Scan on sbtest7_pkey  (cost=0.00..27.39 rows=1095 width=0)
	              Index Cond: ((id >= 3059946) AND (id <= 3060945))

table 8 : explain SELECT SUM(k) FROM sbtest8 WHERE id BETWEEN 6368650 AND 6369649
	Aggregate  (cost=4092.38..4092.39 rows=1 width=8)
	  ->  Bitmap Heap Scan on sbtest8  (cost=27.29..4089.73 rows=1059 width=4)
	        Recheck Cond: ((id >= 6368650) AND (id <= 6369649))
	        ->  Bitmap Index Scan on sbtest8_pkey  (cost=0.00..27.02 rows=1059 width=0)
	              Index Cond: ((id >= 6368650) AND (id <= 6369649))

for: sum_ranges
table 1 : explain SELECT SUM(k) FROM sbtest1 WHERE id BETWEEN 1781935 AND 1782934
	Aggregate  (cost=3560.70..3560.71 rows=1 width=8)
	  ->  Bitmap Heap Scan on sbtest1  (cost=21.87..3558.40 rows=920 width=4)
	        Recheck Cond: ((id >= 1781935) AND (id <= 1782934))
	        ->  Bitmap Index Scan on sbtest1_pkey  (cost=0.00..21.64 rows=920 width=0)
	              Index Cond: ((id >= 1781935) AND (id <= 1782934))

table 2 : explain SELECT SUM(k) FROM sbtest2 WHERE id BETWEEN 8735538 AND 8736537
	Aggregate  (cost=4258.93..4258.94 rows=1 width=8)
	  ->  Bitmap Heap Scan on sbtest2  (cost=27.76..4256.17 rows=1105 width=4)
	        Recheck Cond: ((id >= 8735538) AND (id <= 8736537))
	        ->  Bitmap Index Scan on sbtest2_pkey  (cost=0.00..27.48 rows=1105 width=0)
	              Index Cond: ((id >= 8735538) AND (id <= 8736537))

table 3 : explain SELECT SUM(k) FROM sbtest3 WHERE id BETWEEN 7795359 AND 7796358
	Aggregate  (cost=4074.62..4074.63 rows=1 width=8)
	  ->  Bitmap Heap Scan on sbtest3  (cost=23.26..4071.98 rows=1056 width=4)
	        Recheck Cond: ((id >= 7795359) AND (id <= 7796358))
	        ->  Bitmap Index Scan on sbtest3_pkey  (cost=0.00..23.00 rows=1056 width=0)
	              Index Cond: ((id >= 7795359) AND (id <= 7796358))

table 4 : explain SELECT SUM(k) FROM sbtest4 WHERE id BETWEEN 3470528 AND 3471527
	Aggregate  (cost=3657.27..3657.28 rows=1 width=8)
	  ->  Bitmap Heap Scan on sbtest4  (cost=22.12..3654.91 rows=945 width=4)
	        Recheck Cond: ((id >= 3470528) AND (id <= 3471527))
	        ->  Bitmap Index Scan on sbtest4_pkey  (cost=0.00..21.89 rows=945 width=0)
	              Index Cond: ((id >= 3470528) AND (id <= 3471527))

table 5 : explain SELECT SUM(k) FROM sbtest5 WHERE id BETWEEN 3419237 AND 3420236
	Aggregate  (cost=4298.00..4298.01 rows=1 width=8)
	  ->  Bitmap Heap Scan on sbtest5  (cost=27.86..4295.21 rows=1115 width=4)
	        Recheck Cond: ((id >= 3419237) AND (id <= 3420236))
	        ->  Bitmap Index Scan on sbtest5_pkey  (cost=0.00..27.58 rows=1115 width=0)
	              Index Cond: ((id >= 3419237) AND (id <= 3420236))

table 6 : explain SELECT SUM(k) FROM sbtest6 WHERE id BETWEEN 3091555 AND 3092554
	Aggregate  (cost=3717.81..3717.82 rows=1 width=8)
	  ->  Bitmap Heap Scan on sbtest6  (cost=22.29..3715.40 rows=961 width=4)
	        Recheck Cond: ((id >= 3091555) AND (id <= 3092554))
	        ->  Bitmap Index Scan on sbtest6_pkey  (cost=0.00..22.04 rows=961 width=0)
	              Index Cond: ((id >= 3091555) AND (id <= 3092554))

table 7 : explain SELECT SUM(k) FROM sbtest7 WHERE id BETWEEN 7543114 AND 7544113
	Aggregate  (cost=3722.67..3722.68 rows=1 width=8)
	  ->  Bitmap Heap Scan on sbtest7  (cost=22.30..3720.27 rows=962 width=4)
	        Recheck Cond: ((id >= 7543114) AND (id <= 7544113))
	        ->  Bitmap Index Scan on sbtest7_pkey  (cost=0.00..22.05 rows=962 width=0)
	              Index Cond: ((id >= 7543114) AND (id <= 7544113))

table 8 : explain SELECT SUM(k) FROM sbtest8 WHERE id BETWEEN 9030712 AND 9031711
	Aggregate  (cost=4013.29..4013.30 rows=1 width=8)
	  ->  Bitmap Heap Scan on sbtest8  (cost=27.07..4010.69 rows=1038 width=4)
	        Recheck Cond: ((id >= 9030712) AND (id <= 9031711))
	        ->  Bitmap Index Scan on sbtest8_pkey  (cost=0.00..26.82 rows=1038 width=0)
	              Index Cond: ((id >= 9030712) AND (id <= 9031711))

for point_selects
table 1 : explain SELECT c FROM sbtest1 WHERE id=5556928
	Index Scan using sbtest1_pkey on sbtest1  (cost=0.43..8.45 rows=1 width=121)
	  Index Cond: (id = 5556928)

table 2 : explain SELECT c FROM sbtest2 WHERE id=1723946
	Index Scan using sbtest2_pkey on sbtest2  (cost=0.43..8.45 rows=1 width=121)
	  Index Cond: (id = 1723946)

table 3 : explain SELECT c FROM sbtest3 WHERE id=9872411
	Index Scan using sbtest3_pkey on sbtest3  (cost=0.43..8.45 rows=1 width=121)
	  Index Cond: (id = 9872411)

table 4 : explain SELECT c FROM sbtest4 WHERE id=7595759
	Index Scan using sbtest4_pkey on sbtest4  (cost=0.43..8.45 rows=1 width=121)
	  Index Cond: (id = 7595759)

table 5 : explain SELECT c FROM sbtest5 WHERE id=4281700
	Index Scan using sbtest5_pkey on sbtest5  (cost=0.43..8.45 rows=1 width=121)
	  Index Cond: (id = 4281700)

table 6 : explain SELECT c FROM sbtest6 WHERE id=4789827
	Index Scan using sbtest6_pkey on sbtest6  (cost=0.43..8.45 rows=1 width=121)
	  Index Cond: (id = 4789827)

table 7 : explain SELECT c FROM sbtest7 WHERE id=8833940
	Index Scan using sbtest7_pkey on sbtest7  (cost=0.43..8.45 rows=1 width=121)
	  Index Cond: (id = 8833940)

table 8 : explain SELECT c FROM sbtest8 WHERE id=510535
	Index Scan using sbtest8_pkey on sbtest8  (cost=0.43..8.45 rows=1 width=121)
	  Index Cond: (id = 510535)

for: sum_ranges
table 1 : explain SELECT SUM(k) FROM sbtest1 WHERE id BETWEEN 5999549 AND 6000548
	Aggregate  (cost=3971.67..3971.68 rows=1 width=8)
	  ->  Bitmap Heap Scan on sbtest1  (cost=22.98..3969.09 rows=1029 width=4)
	        Recheck Cond: ((id >= 5999549) AND (id <= 6000548))
	        ->  Bitmap Index Scan on sbtest1_pkey  (cost=0.00..22.72 rows=1029 width=0)
	              Index Cond: ((id >= 5999549) AND (id <= 6000548))

table 2 : explain SELECT SUM(k) FROM sbtest2 WHERE id BETWEEN 94770 AND 95769
	Aggregate  (cost=3531.49..3531.50 rows=1 width=8)
	  ->  Bitmap Heap Scan on sbtest2  (cost=21.78..3529.21 rows=912 width=4)
	        Recheck Cond: ((id >= 94770) AND (id <= 95769))
	        ->  Bitmap Index Scan on sbtest2_pkey  (cost=0.00..21.55 rows=912 width=0)
	              Index Cond: ((id >= 94770) AND (id <= 95769))

table 3 : explain SELECT SUM(k) FROM sbtest3 WHERE id BETWEEN 5590723 AND 5591722
	Aggregate  (cost=4018.18..4018.19 rows=1 width=8)
	  ->  Bitmap Heap Scan on sbtest3  (cost=23.11..4015.58 rows=1041 width=4)
	        Recheck Cond: ((id >= 5590723) AND (id <= 5591722))
	        ->  Bitmap Index Scan on sbtest3_pkey  (cost=0.00..22.84 rows=1041 width=0)
	              Index Cond: ((id >= 5590723) AND (id <= 5591722))

table 4 : explain SELECT SUM(k) FROM sbtest4 WHERE id BETWEEN 2775752 AND 2776751
	Aggregate  (cost=4124.94..4124.95 rows=1 width=8)
	  ->  Bitmap Heap Scan on sbtest4  (cost=27.38..4122.27 rows=1068 width=4)
	        Recheck Cond: ((id >= 2775752) AND (id <= 2776751))
	        ->  Bitmap Index Scan on sbtest4_pkey  (cost=0.00..27.11 rows=1068 width=0)
	              Index Cond: ((id >= 2775752) AND (id <= 2776751))

table 5 : explain SELECT SUM(k) FROM sbtest5 WHERE id BETWEEN 8894192 AND 8895191
	Aggregate  (cost=3838.55..3838.56 rows=1 width=8)
	  ->  Bitmap Heap Scan on sbtest5  (cost=22.61..3836.06 rows=993 width=4)
	        Recheck Cond: ((id >= 8894192) AND (id <= 8895191))
	        ->  Bitmap Index Scan on sbtest5_pkey  (cost=0.00..22.36 rows=993 width=0)
	              Index Cond: ((id >= 8894192) AND (id <= 8895191))

table 6 : explain SELECT SUM(k) FROM sbtest6 WHERE id BETWEEN 3377422 AND 3378421
	Aggregate  (cost=3944.12..3944.13 rows=1 width=8)
	  ->  Bitmap Heap Scan on sbtest6  (cost=22.90..3941.56 rows=1021 width=4)
	        Recheck Cond: ((id >= 3377422) AND (id <= 3378421))
	        ->  Bitmap Index Scan on sbtest6_pkey  (cost=0.00..22.64 rows=1021 width=0)
	              Index Cond: ((id >= 3377422) AND (id <= 3378421))

table 7 : explain SELECT SUM(k) FROM sbtest7 WHERE id BETWEEN 6840677 AND 6841676
	Aggregate  (cost=3741.56..3741.57 rows=1 width=8)
	  ->  Bitmap Heap Scan on sbtest7  (cost=22.35..3739.14 rows=967 width=4)
	        Recheck Cond: ((id >= 6840677) AND (id <= 6841676))
	        ->  Bitmap Index Scan on sbtest7_pkey  (cost=0.00..22.11 rows=967 width=0)
	              Index Cond: ((id >= 6840677) AND (id <= 6841676))

table 8 : explain SELECT SUM(k) FROM sbtest8 WHERE id BETWEEN 9053260 AND 9054259
	Aggregate  (cost=4246.63..4246.64 rows=1 width=8)
	  ->  Bitmap Heap Scan on sbtest8  (cost=27.71..4243.88 rows=1100 width=4)
	        Recheck Cond: ((id >= 9053260) AND (id <= 9054259))
	        ->  Bitmap Index Scan on sbtest8_pkey  (cost=0.00..27.43 rows=1100 width=0)
	              Index Cond: ((id >= 9053260) AND (id <= 9054259))

explain: for point_selects :: explain SELECT c FROM sbtest%u WHERE id=%u
for: order_ranges
table 1 : explain SELECT c FROM sbtest1 WHERE id BETWEEN 6563558 AND 6564557 ORDER BY c
	Sort  (cost=3726.24..3728.62 rows=952 width=121)
	  Sort Key: c
	  ->  Bitmap Heap Scan on sbtest1  (cost=22.19..3679.14 rows=952 width=121)
	        Recheck Cond: ((id >= 6563558) AND (id <= 6564557))
	        ->  Bitmap Index Scan on sbtest1_pkey  (cost=0.00..21.95 rows=952 width=0)
	              Index Cond: ((id >= 6563558) AND (id <= 6564557))

table 2 : explain SELECT c FROM sbtest2 WHERE id BETWEEN 7674621 AND 7675620 ORDER BY c
	Sort  (cost=3447.45..3449.65 rows=879 width=121)
	  Sort Key: c
	  ->  Bitmap Heap Scan on sbtest2  (cost=21.44..3404.47 rows=879 width=121)
	        Recheck Cond: ((id >= 7674621) AND (id <= 7675620))
	        ->  Bitmap Index Scan on sbtest2_pkey  (cost=0.00..21.22 rows=879 width=0)
	              Index Cond: ((id >= 7674621) AND (id <= 7675620))

table 3 : explain SELECT c FROM sbtest3 WHERE id BETWEEN 1566255 AND 1567254 ORDER BY c
	Sort  (cost=3907.27..3909.77 rows=999 width=121)
	  Sort Key: c
	  ->  Bitmap Heap Scan on sbtest3  (cost=22.67..3857.50 rows=999 width=121)
	        Recheck Cond: ((id >= 1566255) AND (id <= 1567254))
	        ->  Bitmap Index Scan on sbtest3_pkey  (cost=0.00..22.43 rows=999 width=0)
	              Index Cond: ((id >= 1566255) AND (id <= 1567254))

table 4 : explain SELECT c FROM sbtest4 WHERE id BETWEEN 7121436 AND 7122435 ORDER BY c
	Sort  (cost=3916.00..3918.50 rows=1001 width=121)
	  Sort Key: c
	  ->  Bitmap Heap Scan on sbtest4  (cost=22.70..3866.11 rows=1001 width=121)
	        Recheck Cond: ((id >= 7121436) AND (id <= 7122435))
	        ->  Bitmap Index Scan on sbtest4_pkey  (cost=0.00..22.44 rows=1001 width=0)
	              Index Cond: ((id >= 7121436) AND (id <= 7122435))

table 5 : explain SELECT c FROM sbtest5 WHERE id BETWEEN 969013 AND 970012 ORDER BY c
	Sort  (cost=3563.67..3565.94 rows=909 width=121)
	  Sort Key: c
	  ->  Bitmap Heap Scan on sbtest5  (cost=21.75..3519.00 rows=909 width=121)
	        Recheck Cond: ((id >= 969013) AND (id <= 970012))
	        ->  Bitmap Index Scan on sbtest5_pkey  (cost=0.00..21.52 rows=909 width=0)
	              Index Cond: ((id >= 969013) AND (id <= 970012))

table 6 : explain SELECT c FROM sbtest6 WHERE id BETWEEN 6309888 AND 6310887 ORDER BY c
	Sort  (cost=3900.81..3903.31 rows=997 width=121)
	  Sort Key: c
	  ->  Bitmap Heap Scan on sbtest6  (cost=22.65..3851.16 rows=997 width=121)
	        Recheck Cond: ((id >= 6309888) AND (id <= 6310887))
	        ->  Bitmap Index Scan on sbtest6_pkey  (cost=0.00..22.40 rows=997 width=0)
	              Index Cond: ((id >= 6309888) AND (id <= 6310887))

table 7 : explain SELECT c FROM sbtest7 WHERE id BETWEEN 9308994 AND 9309993 ORDER BY c
	Sort  (cost=3955.54..3958.06 rows=1011 width=121)
	  Sort Key: c
	  ->  Bitmap Heap Scan on sbtest7  (cost=22.80..3905.08 rows=1011 width=121)
	        Recheck Cond: ((id >= 9308994) AND (id <= 9309993))
	        ->  Bitmap Index Scan on sbtest7_pkey  (cost=0.00..22.54 rows=1011 width=0)
	              Index Cond: ((id >= 9308994) AND (id <= 9309993))

table 8 : explain SELECT c FROM sbtest8 WHERE id BETWEEN 1949483 AND 1950482 ORDER BY c
	Sort  (cost=3859.78..3862.24 rows=986 width=121)
	  Sort Key: c
	  ->  Bitmap Heap Scan on sbtest8  (cost=22.54..3810.75 rows=986 width=121)
	        Recheck Cond: ((id >= 1949483) AND (id <= 1950482))
	        ->  Bitmap Index Scan on sbtest8_pkey  (cost=0.00..22.29 rows=986 width=0)
	              Index Cond: ((id >= 1949483) AND (id <= 1950482))

for: sum_ranges
table 1 : explain SELECT SUM(k) FROM sbtest1 WHERE id BETWEEN 538580 AND 539579
	Aggregate  (cost=4140.88..4140.89 rows=1 width=8)
	  ->  Bitmap Heap Scan on sbtest1  (cost=23.44..4138.20 rows=1074 width=4)
	        Recheck Cond: ((id >= 538580) AND (id <= 539579))
	        ->  Bitmap Index Scan on sbtest1_pkey  (cost=0.00..23.18 rows=1074 width=0)
	              Index Cond: ((id >= 538580) AND (id <= 539579))

table 2 : explain SELECT SUM(k) FROM sbtest2 WHERE id BETWEEN 1769873 AND 1770872
	Aggregate  (cost=3455.86..3455.87 rows=1 width=8)
	  ->  Bitmap Heap Scan on sbtest2  (cost=21.58..3453.63 rows=892 width=4)
	        Recheck Cond: ((id >= 1769873) AND (id <= 1770872))
	        ->  Bitmap Index Scan on sbtest2_pkey  (cost=0.00..21.36 rows=892 width=0)
	              Index Cond: ((id >= 1769873) AND (id <= 1770872))

table 3 : explain SELECT SUM(k) FROM sbtest3 WHERE id BETWEEN 2634370 AND 2635369
	Aggregate  (cost=4112.23..4112.24 rows=1 width=8)
	  ->  Bitmap Heap Scan on sbtest3  (cost=23.36..4109.57 rows=1066 width=4)
	        Recheck Cond: ((id >= 2634370) AND (id <= 2635369))
	        ->  Bitmap Index Scan on sbtest3_pkey  (cost=0.00..23.09 rows=1066 width=0)
	              Index Cond: ((id >= 2634370) AND (id <= 2635369))

table 4 : explain SELECT SUM(k) FROM sbtest4 WHERE id BETWEEN 326633 AND 327632
	Aggregate  (cost=4026.86..4026.87 rows=1 width=8)
	  ->  Bitmap Heap Scan on sbtest4  (cost=23.13..4024.25 rows=1043 width=4)
	        Recheck Cond: ((id >= 326633) AND (id <= 327632))
	        ->  Bitmap Index Scan on sbtest4_pkey  (cost=0.00..22.86 rows=1043 width=0)
	              Index Cond: ((id >= 326633) AND (id <= 327632))

table 5 : explain SELECT SUM(k) FROM sbtest5 WHERE id BETWEEN 2300118 AND 2301117
	Aggregate  (cost=3698.91..3698.92 rows=1 width=8)
	  ->  Bitmap Heap Scan on sbtest5  (cost=22.23..3696.52 rows=956 width=4)
	        Recheck Cond: ((id >= 2300118) AND (id <= 2301117))
	        ->  Bitmap Index Scan on sbtest5_pkey  (cost=0.00..22.00 rows=956 width=0)
	              Index Cond: ((id >= 2300118) AND (id <= 2301117))

table 6 : explain SELECT SUM(k) FROM sbtest6 WHERE id BETWEEN 1356449 AND 1357448
	Aggregate  (cost=3797.07..3797.08 rows=1 width=8)
	  ->  Bitmap Heap Scan on sbtest6  (cost=22.50..3794.61 rows=982 width=4)
	        Recheck Cond: ((id >= 1356449) AND (id <= 1357448))
	        ->  Bitmap Index Scan on sbtest6_pkey  (cost=0.00..22.25 rows=982 width=0)
	              Index Cond: ((id >= 1356449) AND (id <= 1357448))

table 7 : explain SELECT SUM(k) FROM sbtest7 WHERE id BETWEEN 6024337 AND 6025336
	Aggregate  (cost=3741.56..3741.57 rows=1 width=8)
	  ->  Bitmap Heap Scan on sbtest7  (cost=22.35..3739.14 rows=967 width=4)
	        Recheck Cond: ((id >= 6024337) AND (id <= 6025336))
	        ->  Bitmap Index Scan on sbtest7_pkey  (cost=0.00..22.11 rows=967 width=0)
	              Index Cond: ((id >= 6024337) AND (id <= 6025336))

table 8 : explain SELECT SUM(k) FROM sbtest8 WHERE id BETWEEN 9282198 AND 9283197
	Aggregate  (cost=3537.36..3537.37 rows=1 width=8)
	  ->  Bitmap Heap Scan on sbtest8  (cost=21.79..3535.07 rows=913 width=4)
	        Recheck Cond: ((id >= 9282198) AND (id <= 9283197))
	        ->  Bitmap Index Scan on sbtest8_pkey  (cost=0.00..21.57 rows=913 width=0)
	              Index Cond: ((id >= 9282198) AND (id <= 9283197))

for: simple_ranges
table 1 : explain SELECT c FROM sbtest1 WHERE id BETWEEN 6411234 AND 6412233
	Bitmap Heap Scan on sbtest1  (cost=22.65..3848.69 rows=997 width=121)
	  Recheck Cond: ((id >= 6411234) AND (id <= 6412233))
	  ->  Bitmap Index Scan on sbtest1_pkey  (cost=0.00..22.40 rows=997 width=0)
	        Index Cond: ((id >= 6411234) AND (id <= 6412233))

table 2 : explain SELECT c FROM sbtest2 WHERE id BETWEEN 8397629 AND 8398628
	Bitmap Heap Scan on sbtest2  (cost=21.93..3582.09 rows=926 width=121)
	  Recheck Cond: ((id >= 8397629) AND (id <= 8398628))
	  ->  Bitmap Index Scan on sbtest2_pkey  (cost=0.00..21.69 rows=926 width=0)
	        Index Cond: ((id >= 8397629) AND (id <= 8398628))

table 3 : explain SELECT c FROM sbtest3 WHERE id BETWEEN 5729712 AND 5730711
	Bitmap Heap Scan on sbtest3  (cost=27.78..4263.81 rows=1107 width=121)
	  Recheck Cond: ((id >= 5729712) AND (id <= 5730711))
	  ->  Bitmap Index Scan on sbtest3_pkey  (cost=0.00..27.50 rows=1107 width=0)
	        Index Cond: ((id >= 5729712) AND (id <= 5730711))

table 4 : explain SELECT c FROM sbtest4 WHERE id BETWEEN 4837899 AND 4838898
	Bitmap Heap Scan on sbtest4  (cost=21.31..3356.25 rows=866 width=121)
	  Recheck Cond: ((id >= 4837899) AND (id <= 4838898))
	  ->  Bitmap Index Scan on sbtest4_pkey  (cost=0.00..21.09 rows=866 width=0)
	        Index Cond: ((id >= 4837899) AND (id <= 4838898))

table 5 : explain SELECT c FROM sbtest5 WHERE id BETWEEN 7951141 AND 7952140
	Bitmap Heap Scan on sbtest5  (cost=22.96..3964.14 rows=1027 width=121)
	  Recheck Cond: ((id >= 7951141) AND (id <= 7952140))
	  ->  Bitmap Index Scan on sbtest5_pkey  (cost=0.00..22.70 rows=1027 width=0)
	        Index Cond: ((id >= 7951141) AND (id <= 7952140))

table 6 : explain SELECT c FROM sbtest6 WHERE id BETWEEN 4879272 AND 4880271
	Bitmap Heap Scan on sbtest6  (cost=22.21..3688.99 rows=954 width=121)
	  Recheck Cond: ((id >= 4879272) AND (id <= 4880271))
	  ->  Bitmap Index Scan on sbtest6_pkey  (cost=0.00..21.97 rows=954 width=0)
	        Index Cond: ((id >= 4879272) AND (id <= 4880271))

table 7 : explain SELECT c FROM sbtest7 WHERE id BETWEEN 3620934 AND 3621933
	Bitmap Heap Scan on sbtest7  (cost=23.02..3987.96 rows=1033 width=121)
	  Recheck Cond: ((id >= 3620934) AND (id <= 3621933))
	  ->  Bitmap Index Scan on sbtest7_pkey  (cost=0.00..22.76 rows=1033 width=0)
	        Index Cond: ((id >= 3620934) AND (id <= 3621933))

table 8 : explain SELECT c FROM sbtest8 WHERE id BETWEEN 7891027 AND 7892026
	Bitmap Heap Scan on sbtest8  (cost=27.49..4164.95 rows=1079 width=121)
	  Recheck Cond: ((id >= 7891027) AND (id <= 7892026))
	  ->  Bitmap Index Scan on sbtest8_pkey  (cost=0.00..27.22 rows=1079 width=0)
	        Index Cond: ((id >= 7891027) AND (id <= 7892026))

for: order_ranges
table 1 : explain SELECT c FROM sbtest1 WHERE id BETWEEN 8879686 AND 8880685 ORDER BY c
	Sort  (cost=3921.27..3923.78 rows=1003 width=121)
	  Sort Key: c
	  ->  Bitmap Heap Scan on sbtest1  (cost=22.72..3871.27 rows=1003 width=121)
	        Recheck Cond: ((id >= 8879686) AND (id <= 8880685))
	        ->  Bitmap Index Scan on sbtest1_pkey  (cost=0.00..22.46 rows=1003 width=0)
	              Index Cond: ((id >= 8879686) AND (id <= 8880685))

table 2 : explain SELECT c FROM sbtest2 WHERE id BETWEEN 9154847 AND 9155846 ORDER BY c
	Sort  (cost=4037.08..4039.66 rows=1033 width=121)
	  Sort Key: c
	  ->  Bitmap Heap Scan on sbtest2  (cost=23.02..3985.36 rows=1033 width=121)
	        Recheck Cond: ((id >= 9154847) AND (id <= 9155846))
	        ->  Bitmap Index Scan on sbtest2_pkey  (cost=0.00..22.76 rows=1033 width=0)
	              Index Cond: ((id >= 9154847) AND (id <= 9155846))

table 3 : explain SELECT c FROM sbtest3 WHERE id BETWEEN 3104296 AND 3105295 ORDER BY c
	Sort  (cost=3976.08..3978.62 rows=1017 width=121)
	  Sort Key: c
	  ->  Bitmap Heap Scan on sbtest3  (cost=22.86..3925.28 rows=1017 width=121)
	        Recheck Cond: ((id >= 3104296) AND (id <= 3105295))
	        ->  Bitmap Index Scan on sbtest3_pkey  (cost=0.00..22.61 rows=1017 width=0)
	              Index Cond: ((id >= 3104296) AND (id <= 3105295))

table 4 : explain SELECT c FROM sbtest4 WHERE id BETWEEN 6637007 AND 6638006 ORDER BY c
	Sort  (cost=3743.75..3746.14 rows=956 width=121)
	  Sort Key: c
	  ->  Bitmap Heap Scan on sbtest4  (cost=22.23..3696.43 rows=956 width=121)
	        Recheck Cond: ((id >= 6637007) AND (id <= 6638006))
	        ->  Bitmap Index Scan on sbtest4_pkey  (cost=0.00..22.00 rows=956 width=0)
	              Index Cond: ((id >= 6637007) AND (id <= 6638006))

table 5 : explain SELECT c FROM sbtest5 WHERE id BETWEEN 536554 AND 537553 ORDER BY c
	Sort  (cost=3889.32..3891.80 rows=994 width=121)
	  Sort Key: c
	  ->  Bitmap Heap Scan on sbtest5  (cost=22.62..3839.83 rows=994 width=121)
	        Recheck Cond: ((id >= 536554) AND (id <= 537553))
	        ->  Bitmap Index Scan on sbtest5_pkey  (cost=0.00..22.37 rows=994 width=0)
	              Index Cond: ((id >= 536554) AND (id <= 537553))

table 6 : explain SELECT c FROM sbtest6 WHERE id BETWEEN 8394545 AND 8395544 ORDER BY c
	Sort  (cost=3843.42..3845.87 rows=982 width=121)
	  Sort Key: c
	  ->  Bitmap Heap Scan on sbtest6  (cost=22.50..3794.61 rows=982 width=121)
	        Recheck Cond: ((id >= 8394545) AND (id <= 8395544))
	        ->  Bitmap Index Scan on sbtest6_pkey  (cost=0.00..22.25 rows=982 width=0)
	              Index Cond: ((id >= 8394545) AND (id <= 8395544))

table 7 : explain SELECT c FROM sbtest7 WHERE id BETWEEN 5356433 AND 5357432 ORDER BY c
	Sort  (cost=3840.71..3843.17 rows=981 width=121)
	  Sort Key: c
	  ->  Bitmap Heap Scan on sbtest7  (cost=22.49..3791.97 rows=981 width=121)
	        Recheck Cond: ((id >= 5356433) AND (id <= 5357432))
	        ->  Bitmap Index Scan on sbtest7_pkey  (cost=0.00..22.25 rows=981 width=0)
	              Index Cond: ((id >= 5356433) AND (id <= 5357432))

table 8 : explain SELECT c FROM sbtest8 WHERE id BETWEEN 7253737 AND 7254736 ORDER BY c
	Sort  (cost=3993.88..3996.43 rows=1020 width=121)
	  Sort Key: c
	  ->  Bitmap Heap Scan on sbtest8  (cost=26.89..3942.90 rows=1020 width=121)
	        Recheck Cond: ((id >= 7253737) AND (id <= 7254736))
	        ->  Bitmap Index Scan on sbtest8_pkey  (cost=0.00..26.64 rows=1020 width=0)
	              Index Cond: ((id >= 7253737) AND (id <= 7254736))

for: order_ranges
table 1 : explain SELECT c FROM sbtest1 WHERE id BETWEEN 5202019 AND 5203018 ORDER BY c
	Sort  (cost=3473.35..3475.56 rows=886 width=121)
	  Sort Key: c
	  ->  Bitmap Heap Scan on sbtest1  (cost=21.52..3429.97 rows=886 width=121)
	        Recheck Cond: ((id >= 5202019) AND (id <= 5203018))
	        ->  Bitmap Index Scan on sbtest1_pkey  (cost=0.00..21.29 rows=886 width=0)
	              Index Cond: ((id >= 5202019) AND (id <= 5203018))

table 2 : explain SELECT c FROM sbtest2 WHERE id BETWEEN 3023696 AND 3024695 ORDER BY c
	Sort  (cost=4048.53..4051.12 rows=1036 width=121)
	  Sort Key: c
	  ->  Bitmap Heap Scan on sbtest2  (cost=23.05..3996.65 rows=1036 width=121)
	        Recheck Cond: ((id >= 3023696) AND (id <= 3024695))
	        ->  Bitmap Index Scan on sbtest2_pkey  (cost=0.00..22.79 rows=1036 width=0)
	              Index Cond: ((id >= 3023696) AND (id <= 3024695))

table 3 : explain SELECT c FROM sbtest3 WHERE id BETWEEN 6601537 AND 6602536 ORDER BY c
	Sort  (cost=4109.75..4112.38 rows=1052 width=121)
	  Sort Key: c
	  ->  Bitmap Heap Scan on sbtest3  (cost=23.22..4056.94 rows=1052 width=121)
	        Recheck Cond: ((id >= 6601537) AND (id <= 6602536))
	        ->  Bitmap Index Scan on sbtest3_pkey  (cost=0.00..22.95 rows=1052 width=0)
	              Index Cond: ((id >= 6601537) AND (id <= 6602536))

table 4 : explain SELECT c FROM sbtest4 WHERE id BETWEEN 1941573 AND 1942572 ORDER BY c
	Sort  (cost=4378.21..4381.01 rows=1122 width=121)
	  Sort Key: c
	  ->  Bitmap Heap Scan on sbtest4  (cost=27.94..4321.37 rows=1122 width=121)
	        Recheck Cond: ((id >= 1941573) AND (id <= 1942572))
	        ->  Bitmap Index Scan on sbtest4_pkey  (cost=0.00..27.65 rows=1122 width=0)
	              Index Cond: ((id >= 1941573) AND (id <= 1942572))

table 5 : explain SELECT c FROM sbtest5 WHERE id BETWEEN 2679081 AND 2680080 ORDER BY c
	Sort  (cost=3640.37..3642.70 rows=929 width=121)
	  Sort Key: c
	  ->  Bitmap Heap Scan on sbtest5  (cost=21.96..3594.58 rows=929 width=121)
	        Recheck Cond: ((id >= 2679081) AND (id <= 2680080))
	        ->  Bitmap Index Scan on sbtest5_pkey  (cost=0.00..21.72 rows=929 width=0)
	              Index Cond: ((id >= 2679081) AND (id <= 2680080))

table 6 : explain SELECT c FROM sbtest6 WHERE id BETWEEN 4241666 AND 4242665 ORDER BY c
	Sort  (cost=3824.28..3826.72 rows=977 width=121)
	  Sort Key: c
	  ->  Bitmap Heap Scan on sbtest6  (cost=22.45..3775.76 rows=977 width=121)
	        Recheck Cond: ((id >= 4241666) AND (id <= 4242665))
	        ->  Bitmap Index Scan on sbtest6_pkey  (cost=0.00..22.20 rows=977 width=0)
	              Index Cond: ((id >= 4241666) AND (id <= 4242665))

table 7 : explain SELECT c FROM sbtest7 WHERE id BETWEEN 3490143 AND 3491142 ORDER BY c
	Sort  (cost=3557.01..3559.28 rows=907 width=121)
	  Sort Key: c
	  ->  Bitmap Heap Scan on sbtest7  (cost=21.73..3512.46 rows=907 width=121)
	        Recheck Cond: ((id >= 3490143) AND (id <= 3491142))
	        ->  Bitmap Index Scan on sbtest7_pkey  (cost=0.00..21.50 rows=907 width=0)
	              Index Cond: ((id >= 3490143) AND (id <= 3491142))

table 8 : explain SELECT c FROM sbtest8 WHERE id BETWEEN 6907884 AND 6908883 ORDER BY c
	Sort  (cost=3752.53..3754.93 rows=958 width=121)
	  Sort Key: c
	  ->  Bitmap Heap Scan on sbtest8  (cost=22.25..3705.09 rows=958 width=121)
	        Recheck Cond: ((id >= 6907884) AND (id <= 6908883))
	        ->  Bitmap Index Scan on sbtest8_pkey  (cost=0.00..22.01 rows=958 width=0)
	              Index Cond: ((id >= 6907884) AND (id <= 6908883))

explain: for point_selects :: explain SELECT c FROM sbtest%u WHERE id=%u
for: order_ranges
table 1 : explain SELECT c FROM sbtest1 WHERE id BETWEEN 7548178 AND 7549177 ORDER BY c
	Sort  (cost=3905.99..3908.49 rows=999 width=121)
	  Sort Key: c
	  ->  Bitmap Heap Scan on sbtest1  (cost=22.67..3856.22 rows=999 width=121)
	        Recheck Cond: ((id >= 7548178) AND (id <= 7549177))
	        ->  Bitmap Index Scan on sbtest1_pkey  (cost=0.00..22.43 rows=999 width=0)
	              Index Cond: ((id >= 7548178) AND (id <= 7549177))

table 2 : explain SELECT c FROM sbtest2 WHERE id BETWEEN 750237 AND 751236 ORDER BY c
	Sort  (cost=3823.01..3825.45 rows=977 width=121)
	  Sort Key: c
	  ->  Bitmap Heap Scan on sbtest2  (cost=22.45..3774.49 rows=977 width=121)
	        Recheck Cond: ((id >= 750237) AND (id <= 751236))
	        ->  Bitmap Index Scan on sbtest2_pkey  (cost=0.00..22.20 rows=977 width=0)
	              Index Cond: ((id >= 750237) AND (id <= 751236))

table 3 : explain SELECT c FROM sbtest3 WHERE id BETWEEN 7806920 AND 7807919 ORDER BY c
	Sort  (cost=3968.43..3970.97 rows=1015 width=121)
	  Sort Key: c
	  ->  Bitmap Heap Scan on sbtest3  (cost=22.84..3917.75 rows=1015 width=121)
	        Recheck Cond: ((id >= 7806920) AND (id <= 7807919))
	        ->  Bitmap Index Scan on sbtest3_pkey  (cost=0.00..22.58 rows=1015 width=0)
	              Index Cond: ((id >= 7806920) AND (id <= 7807919))

table 4 : explain SELECT c FROM sbtest4 WHERE id BETWEEN 6393341 AND 6394340 ORDER BY c
	Sort  (cost=3835.65..3838.10 rows=980 width=121)
	  Sort Key: c
	  ->  Bitmap Heap Scan on sbtest4  (cost=22.48..3786.96 rows=980 width=121)
	        Recheck Cond: ((id >= 6393341) AND (id <= 6394340))
	        ->  Bitmap Index Scan on sbtest4_pkey  (cost=0.00..22.23 rows=980 width=0)
	              Index Cond: ((id >= 6393341) AND (id <= 6394340))

table 5 : explain SELECT c FROM sbtest5 WHERE id BETWEEN 368069 AND 369068 ORDER BY c
	Sort  (cost=4263.87..4266.59 rows=1091 width=121)
	  Sort Key: c
	  ->  Bitmap Heap Scan on sbtest5  (cost=27.62..4208.82 rows=1091 width=121)
	        Recheck Cond: ((id >= 368069) AND (id <= 369068))
	        ->  Bitmap Index Scan on sbtest5_pkey  (cost=0.00..27.34 rows=1091 width=0)
	              Index Cond: ((id >= 368069) AND (id <= 369068))

table 6 : explain SELECT c FROM sbtest6 WHERE id BETWEEN 2644369 AND 2645368 ORDER BY c
	Sort  (cost=3770.67..3773.08 rows=963 width=121)
	  Sort Key: c
	  ->  Bitmap Heap Scan on sbtest6  (cost=22.31..3722.95 rows=963 width=121)
	        Recheck Cond: ((id >= 2644369) AND (id <= 2645368))
	        ->  Bitmap Index Scan on sbtest6_pkey  (cost=0.00..22.07 rows=963 width=0)
	              Index Cond: ((id >= 2644369) AND (id <= 2645368))

table 7 : explain SELECT c FROM sbtest7 WHERE id BETWEEN 6671731 AND 6672730 ORDER BY c
	Sort  (cost=4581.64..4584.58 rows=1175 width=121)
	  Sort Key: c
	  ->  Bitmap Heap Scan on sbtest7  (cost=28.48..4521.72 rows=1175 width=121)
	        Recheck Cond: ((id >= 6671731) AND (id <= 6672730))
	        ->  Bitmap Index Scan on sbtest7_pkey  (cost=0.00..28.18 rows=1175 width=0)
	              Index Cond: ((id >= 6671731) AND (id <= 6672730))

table 8 : explain SELECT c FROM sbtest8 WHERE id BETWEEN 9013267 AND 9014266 ORDER BY c
	Sort  (cost=4062.70..4065.29 rows=1038 width=121)
	  Sort Key: c
	  ->  Bitmap Heap Scan on sbtest8  (cost=27.07..4010.69 rows=1038 width=121)
	        Recheck Cond: ((id >= 9013267) AND (id <= 9014266))
	        ->  Bitmap Index Scan on sbtest8_pkey  (cost=0.00..26.82 rows=1038 width=0)
	              Index Cond: ((id >= 9013267) AND (id <= 9014266))

for: sum_ranges
table 1 : explain SELECT SUM(k) FROM sbtest1 WHERE id BETWEEN 157778 AND 158777
	Aggregate  (cost=3670.20..3670.21 rows=1 width=8)
	  ->  Bitmap Heap Scan on sbtest1  (cost=22.16..3667.82 rows=949 width=4)
	        Recheck Cond: ((id >= 157778) AND (id <= 158777))
	        ->  Bitmap Index Scan on sbtest1_pkey  (cost=0.00..21.93 rows=949 width=0)
	              Index Cond: ((id >= 157778) AND (id <= 158777))

table 2 : explain SELECT SUM(k) FROM sbtest2 WHERE id BETWEEN 2991021 AND 2992020
	Aggregate  (cost=4093.30..4093.31 rows=1 width=8)
	  ->  Bitmap Heap Scan on sbtest2  (cost=23.31..4090.65 rows=1061 width=4)
	        Recheck Cond: ((id >= 2991021) AND (id <= 2992020))
	        ->  Bitmap Index Scan on sbtest2_pkey  (cost=0.00..23.04 rows=1061 width=0)
	              Index Cond: ((id >= 2991021) AND (id <= 2992020))

table 3 : explain SELECT SUM(k) FROM sbtest3 WHERE id BETWEEN 6688266 AND 6689265
	Aggregate  (cost=4059.57..4059.58 rows=1 width=8)
	  ->  Bitmap Heap Scan on sbtest3  (cost=23.22..4056.94 rows=1052 width=4)
	        Recheck Cond: ((id >= 6688266) AND (id <= 6689265))
	        ->  Bitmap Index Scan on sbtest3_pkey  (cost=0.00..22.95 rows=1052 width=0)
	              Index Cond: ((id >= 6688266) AND (id <= 6689265))

table 4 : explain SELECT SUM(k) FROM sbtest4 WHERE id BETWEEN 7001160 AND 7002159
	Aggregate  (cost=3679.93..3679.94 rows=1 width=8)
	  ->  Bitmap Heap Scan on sbtest4  (cost=22.18..3677.56 rows=951 width=4)
	        Recheck Cond: ((id >= 7001160) AND (id <= 7002159))
	        ->  Bitmap Index Scan on sbtest4_pkey  (cost=0.00..21.94 rows=951 width=0)
	              Index Cond: ((id >= 7001160) AND (id <= 7002159))

table 5 : explain SELECT SUM(k) FROM sbtest5 WHERE id BETWEEN 550283 AND 551282
	Aggregate  (cost=3842.32..3842.33 rows=1 width=8)
	  ->  Bitmap Heap Scan on sbtest5  (cost=22.62..3839.83 rows=994 width=4)
	        Recheck Cond: ((id >= 550283) AND (id <= 551282))
	        ->  Bitmap Index Scan on sbtest5_pkey  (cost=0.00..22.37 rows=994 width=0)
	              Index Cond: ((id >= 550283) AND (id <= 551282))

table 6 : explain SELECT SUM(k) FROM sbtest6 WHERE id BETWEEN 1386399 AND 1387398
	Aggregate  (cost=3797.07..3797.08 rows=1 width=8)
	  ->  Bitmap Heap Scan on sbtest6  (cost=22.50..3794.61 rows=982 width=4)
	        Recheck Cond: ((id >= 1386399) AND (id <= 1387398))
	        ->  Bitmap Index Scan on sbtest6_pkey  (cost=0.00..22.25 rows=982 width=0)
	              Index Cond: ((id >= 1386399) AND (id <= 1387398))

table 7 : explain SELECT SUM(k) FROM sbtest7 WHERE id BETWEEN 2985222 AND 2986221
	Aggregate  (cost=4171.51..4171.52 rows=1 width=8)
	  ->  Bitmap Heap Scan on sbtest7  (cost=27.50..4168.81 rows=1080 width=4)
	        Recheck Cond: ((id >= 2985222) AND (id <= 2986221))
	        ->  Bitmap Index Scan on sbtest7_pkey  (cost=0.00..27.23 rows=1080 width=0)
	              Index Cond: ((id >= 2985222) AND (id <= 2986221))

table 8 : explain SELECT SUM(k) FROM sbtest8 WHERE id BETWEEN 6986766 AND 6987765
	Aggregate  (cost=3839.85..3839.86 rows=1 width=8)
	  ->  Bitmap Heap Scan on sbtest8  (cost=26.60..3837.37 rows=992 width=4)
	        Recheck Cond: ((id >= 6986766) AND (id <= 6987765))
	        ->  Bitmap Index Scan on sbtest8_pkey  (cost=0.00..26.36 rows=992 width=0)
	              Index Cond: ((id >= 6986766) AND (id <= 6987765))

for: simple_ranges
table 1 : explain SELECT c FROM sbtest1 WHERE id BETWEEN 7314654 AND 7315653
	Bitmap Heap Scan on sbtest1  (cost=22.78..3893.86 rows=1009 width=121)
	  Recheck Cond: ((id >= 7314654) AND (id <= 7315653))
	  ->  Bitmap Index Scan on sbtest1_pkey  (cost=0.00..22.52 rows=1009 width=0)
	        Index Cond: ((id >= 7314654) AND (id <= 7315653))

table 2 : explain SELECT c FROM sbtest2 WHERE id BETWEEN 6099351 AND 6100350
	Bitmap Heap Scan on sbtest2  (cost=22.87..3928.92 rows=1018 width=121)
	  Recheck Cond: ((id >= 6099351) AND (id <= 6100350))
	  ->  Bitmap Index Scan on sbtest2_pkey  (cost=0.00..22.61 rows=1018 width=0)
	        Index Cond: ((id >= 6099351) AND (id <= 6100350))

table 3 : explain SELECT c FROM sbtest3 WHERE id BETWEEN 9948443 AND 9949442
	Bitmap Heap Scan on sbtest3  (cost=22.92..3947.86 rows=1023 width=121)
	  Recheck Cond: ((id >= 9948443) AND (id <= 9949442))
	  ->  Bitmap Index Scan on sbtest3_pkey  (cost=0.00..22.66 rows=1023 width=0)
	        Index Cond: ((id >= 9948443) AND (id <= 9949442))

table 4 : explain SELECT c FROM sbtest4 WHERE id BETWEEN 6174279 AND 6175278
	Bitmap Heap Scan on sbtest4  (cost=27.78..4265.06 rows=1107 width=121)
	  Recheck Cond: ((id >= 6174279) AND (id <= 6175278))
	  ->  Bitmap Index Scan on sbtest4_pkey  (cost=0.00..27.50 rows=1107 width=0)
	        Index Cond: ((id >= 6174279) AND (id <= 6175278))

table 5 : explain SELECT c FROM sbtest5 WHERE id BETWEEN 7346923 AND 7347922
	Bitmap Heap Scan on sbtest5  (cost=22.25..3704.07 rows=958 width=121)
	  Recheck Cond: ((id >= 7346923) AND (id <= 7347922))
	  ->  Bitmap Index Scan on sbtest5_pkey  (cost=0.00..22.01 rows=958 width=0)
	        Index Cond: ((id >= 7346923) AND (id <= 7347922))

table 6 : explain SELECT c FROM sbtest6 WHERE id BETWEEN 9028685 AND 9029684
	Bitmap Heap Scan on sbtest6  (cost=28.04..4359.03 rows=1132 width=121)
	  Recheck Cond: ((id >= 9028685) AND (id <= 9029684))
	  ->  Bitmap Index Scan on sbtest6_pkey  (cost=0.00..27.75 rows=1132 width=0)
	        Index Cond: ((id >= 9028685) AND (id <= 9029684))

table 7 : explain SELECT c FROM sbtest7 WHERE id BETWEEN 7910155 AND 7911154
	Bitmap Heap Scan on sbtest7  (cost=22.66..3856.08 rows=998 width=121)
	  Recheck Cond: ((id >= 7910155) AND (id <= 7911154))
	  ->  Bitmap Index Scan on sbtest7_pkey  (cost=0.00..22.41 rows=998 width=0)
	        Index Cond: ((id >= 7910155) AND (id <= 7911154))

table 8 : explain SELECT c FROM sbtest8 WHERE id BETWEEN 3322070 AND 3323069
	Bitmap Heap Scan on sbtest8  (cost=22.47..3784.34 rows=979 width=121)
	  Recheck Cond: ((id >= 3322070) AND (id <= 3323069))
	  ->  Bitmap Index Scan on sbtest8_pkey  (cost=0.00..22.22 rows=979 width=0)
	        Index Cond: ((id >= 3322070) AND (id <= 3323069))

for: sum_ranges
table 1 : explain SELECT SUM(k) FROM sbtest1 WHERE id BETWEEN 9206772 AND 9207771
	Aggregate  (cost=4020.58..4020.59 rows=1 width=8)
	  ->  Bitmap Heap Scan on sbtest1  (cost=23.12..4017.97 rows=1042 width=4)
	        Recheck Cond: ((id >= 9206772) AND (id <= 9207771))
	        ->  Bitmap Index Scan on sbtest1_pkey  (cost=0.00..22.86 rows=1042 width=0)
	              Index Cond: ((id >= 9206772) AND (id <= 9207771))

table 2 : explain SELECT SUM(k) FROM sbtest2 WHERE id BETWEEN 4807757 AND 4808756
	Aggregate  (cost=3535.27..3535.28 rows=1 width=8)
	  ->  Bitmap Heap Scan on sbtest2  (cost=21.79..3532.99 rows=913 width=4)
	        Recheck Cond: ((id >= 4807757) AND (id <= 4808756))
	        ->  Bitmap Index Scan on sbtest2_pkey  (cost=0.00..21.57 rows=913 width=0)
	              Index Cond: ((id >= 4807757) AND (id <= 4808756))

table 3 : explain SELECT SUM(k) FROM sbtest3 WHERE id BETWEEN 5190078 AND 5191077
	Aggregate  (cost=4131.03..4131.04 rows=1 width=8)
	  ->  Bitmap Heap Scan on sbtest3  (cost=23.41..4128.36 rows=1071 width=4)
	        Recheck Cond: ((id >= 5190078) AND (id <= 5191077))
	        ->  Bitmap Index Scan on sbtest3_pkey  (cost=0.00..23.14 rows=1071 width=0)
	              Index Cond: ((id >= 5190078) AND (id <= 5191077))

table 4 : explain SELECT SUM(k) FROM sbtest4 WHERE id BETWEEN 874492 AND 875491
	Aggregate  (cost=4102.37..4102.38 rows=1 width=8)
	  ->  Bitmap Heap Scan on sbtest4  (cost=27.32..4099.71 rows=1062 width=4)
	        Recheck Cond: ((id >= 874492) AND (id <= 875491))
	        ->  Bitmap Index Scan on sbtest4_pkey  (cost=0.00..27.05 rows=1062 width=0)
	              Index Cond: ((id >= 874492) AND (id <= 875491))

table 5 : explain SELECT SUM(k) FROM sbtest5 WHERE id BETWEEN 8397747 AND 8398746
	Aggregate  (cost=3895.10..3895.11 rows=1 width=8)
	  ->  Bitmap Heap Scan on sbtest5  (cost=22.77..3892.58 rows=1008 width=4)
	        Recheck Cond: ((id >= 8397747) AND (id <= 8398746))
	        ->  Bitmap Index Scan on sbtest5_pkey  (cost=0.00..22.51 rows=1008 width=0)
	              Index Cond: ((id >= 8397747) AND (id <= 8398746))

table 6 : explain SELECT SUM(k) FROM sbtest6 WHERE id BETWEEN 1894058 AND 1895057
	Aggregate  (cost=3812.16..3812.17 rows=1 width=8)
	  ->  Bitmap Heap Scan on sbtest6  (cost=22.54..3809.69 rows=986 width=4)
	        Recheck Cond: ((id >= 1894058) AND (id <= 1895057))
	        ->  Bitmap Index Scan on sbtest6_pkey  (cost=0.00..22.29 rows=986 width=0)
	              Index Cond: ((id >= 1894058) AND (id <= 1895057))

table 7 : explain SELECT SUM(k) FROM sbtest7 WHERE id BETWEEN 5980772 AND 5981771
	Aggregate  (cost=3465.51..3465.52 rows=1 width=8)
	  ->  Bitmap Heap Scan on sbtest7  (cost=21.60..3463.28 rows=894 width=4)
	        Recheck Cond: ((id >= 5980772) AND (id <= 5981771))
	        ->  Bitmap Index Scan on sbtest7_pkey  (cost=0.00..21.37 rows=894 width=0)
	              Index Cond: ((id >= 5980772) AND (id <= 5981771))

table 8 : explain SELECT SUM(k) FROM sbtest8 WHERE id BETWEEN 2716041 AND 2717040
	Aggregate  (cost=4186.46..4186.47 rows=1 width=8)
	  ->  Bitmap Heap Scan on sbtest8  (cost=27.55..4183.75 rows=1084 width=4)
	        Recheck Cond: ((id >= 2716041) AND (id <= 2717040))
	        ->  Bitmap Index Scan on sbtest8_pkey  (cost=0.00..27.27 rows=1084 width=0)
	              Index Cond: ((id >= 2716041) AND (id <= 2717040))

for: sum_ranges
table 1 : explain SELECT SUM(k) FROM sbtest1 WHERE id BETWEEN 4946713 AND 4947712
	Aggregate  (cost=4065.71..4065.72 rows=1 width=8)
	  ->  Bitmap Heap Scan on sbtest1  (cost=23.24..4063.07 rows=1054 width=4)
	        Recheck Cond: ((id >= 4946713) AND (id <= 4947712))
	        ->  Bitmap Index Scan on sbtest1_pkey  (cost=0.00..22.97 rows=1054 width=0)
	              Index Cond: ((id >= 4946713) AND (id <= 4947712))

table 2 : explain SELECT SUM(k) FROM sbtest2 WHERE id BETWEEN 4422972 AND 4423971
	Aggregate  (cost=4273.95..4273.96 rows=1 width=8)
	  ->  Bitmap Heap Scan on sbtest2  (cost=27.80..4271.18 rows=1109 width=4)
	        Recheck Cond: ((id >= 4422972) AND (id <= 4423971))
	        ->  Bitmap Index Scan on sbtest2_pkey  (cost=0.00..27.52 rows=1109 width=0)
	              Index Cond: ((id >= 4422972) AND (id <= 4423971))

table 3 : explain SELECT SUM(k) FROM sbtest3 WHERE id BETWEEN 4588333 AND 4589332
	Aggregate  (cost=3852.46..3852.47 rows=1 width=8)
	  ->  Bitmap Heap Scan on sbtest3  (cost=22.65..3849.97 rows=997 width=4)
	        Recheck Cond: ((id >= 4588333) AND (id <= 4589332))
	        ->  Bitmap Index Scan on sbtest3_pkey  (cost=0.00..22.40 rows=997 width=0)
	              Index Cond: ((id >= 4588333) AND (id <= 4589332))

table 4 : explain SELECT SUM(k) FROM sbtest4 WHERE id BETWEEN 2854555 AND 2855554
	Aggregate  (cost=3834.67..3834.68 rows=1 width=8)
	  ->  Bitmap Heap Scan on sbtest4  (cost=22.60..3832.19 rows=992 width=4)
	        Recheck Cond: ((id >= 2854555) AND (id <= 2855554))
	        ->  Bitmap Index Scan on sbtest4_pkey  (cost=0.00..22.36 rows=992 width=0)
	              Index Cond: ((id >= 2854555) AND (id <= 2855554))

table 5 : explain SELECT SUM(k) FROM sbtest5 WHERE id BETWEEN 2153701 AND 2154700
	Aggregate  (cost=4196.51..4196.52 rows=1 width=8)
	  ->  Bitmap Heap Scan on sbtest5  (cost=27.58..4193.79 rows=1087 width=4)
	        Recheck Cond: ((id >= 2153701) AND (id <= 2154700))
	        ->  Bitmap Index Scan on sbtest5_pkey  (cost=0.00..27.30 rows=1087 width=0)
	              Index Cond: ((id >= 2153701) AND (id <= 2154700))

table 6 : explain SELECT SUM(k) FROM sbtest6 WHERE id BETWEEN 1284179 AND 1285178
	Aggregate  (cost=3763.11..3763.12 rows=1 width=8)
	  ->  Bitmap Heap Scan on sbtest6  (cost=22.41..3760.67 rows=973 width=4)
	        Recheck Cond: ((id >= 1284179) AND (id <= 1285178))
	        ->  Bitmap Index Scan on sbtest6_pkey  (cost=0.00..22.16 rows=973 width=0)
	              Index Cond: ((id >= 1284179) AND (id <= 1285178))

table 7 : explain SELECT SUM(k) FROM sbtest7 WHERE id BETWEEN 8317322 AND 8318321
	Aggregate  (cost=4175.27..4175.28 rows=1 width=8)
	  ->  Bitmap Heap Scan on sbtest7  (cost=27.52..4172.57 rows=1081 width=4)
	        Recheck Cond: ((id >= 8317322) AND (id <= 8318321))
	        ->  Bitmap Index Scan on sbtest7_pkey  (cost=0.00..27.25 rows=1081 width=0)
	              Index Cond: ((id >= 8317322) AND (id <= 8318321))

table 8 : explain SELECT SUM(k) FROM sbtest8 WHERE id BETWEEN 6187659 AND 6188658
	Aggregate  (cost=3469.23..3469.24 rows=1 width=8)
	  ->  Bitmap Heap Scan on sbtest8  (cost=21.61..3466.99 rows=895 width=4)
	        Recheck Cond: ((id >= 6187659) AND (id <= 6188658))
	        ->  Bitmap Index Scan on sbtest8_pkey  (cost=0.00..21.39 rows=895 width=0)
	              Index Cond: ((id >= 6187659) AND (id <= 6188658))

for: distinct_ranges
table 1 : explain SELECT DISTINCT c FROM sbtest1 WHERE id BETWEEN 5174021 AND 5175020 ORDER BY c
	Unique  (cost=3473.35..3477.78 rows=886 width=121)
	  ->  Sort  (cost=3473.35..3475.56 rows=886 width=121)
	        Sort Key: c
	        ->  Bitmap Heap Scan on sbtest1  (cost=21.52..3429.97 rows=886 width=121)
	              Recheck Cond: ((id >= 5174021) AND (id <= 5175020))
	              ->  Bitmap Index Scan on sbtest1_pkey  (cost=0.00..21.29 rows=886 width=0)
	                    Index Cond: ((id >= 5174021) AND (id <= 5175020))

table 2 : explain SELECT DISTINCT c FROM sbtest2 WHERE id BETWEEN 4187991 AND 4188990 ORDER BY c
	Unique  (cost=3953.02..3958.08 rows=1011 width=121)
	  ->  Sort  (cost=3953.02..3955.55 rows=1011 width=121)
	        Sort Key: c
	        ->  Bitmap Heap Scan on sbtest2  (cost=22.80..3902.57 rows=1011 width=121)
	              Recheck Cond: ((id >= 4187991) AND (id <= 4188990))
	              ->  Bitmap Index Scan on sbtest2_pkey  (cost=0.00..22.54 rows=1011 width=0)
	                    Index Cond: ((id >= 4187991) AND (id <= 4188990))

table 3 : explain SELECT DISTINCT c FROM sbtest3 WHERE id BETWEEN 1885485 AND 1886484 ORDER BY c
	Unique  (cost=4300.73..4306.24 rows=1102 width=121)
	  ->  Sort  (cost=4300.73..4303.48 rows=1102 width=121)
	        Sort Key: c
	        ->  Bitmap Heap Scan on sbtest3  (cost=27.73..4245.04 rows=1102 width=121)
	              Recheck Cond: ((id >= 1885485) AND (id <= 1886484))
	              ->  Bitmap Index Scan on sbtest3_pkey  (cost=0.00..27.45 rows=1102 width=0)
	                    Index Cond: ((id >= 1885485) AND (id <= 1886484))

table 4 : explain SELECT DISTINCT c FROM sbtest4 WHERE id BETWEEN 3285286 AND 3286285 ORDER BY c
	Unique  (cost=3820.34..3825.22 rows=976 width=121)
	  ->  Sort  (cost=3820.34..3822.78 rows=976 width=121)
	        Sort Key: c
	        ->  Bitmap Heap Scan on sbtest4  (cost=22.44..3771.87 rows=976 width=121)
	              Recheck Cond: ((id >= 3285286) AND (id <= 3286285))
	              ->  Bitmap Index Scan on sbtest4_pkey  (cost=0.00..22.19 rows=976 width=0)
	                    Index Cond: ((id >= 3285286) AND (id <= 3286285))

table 5 : explain SELECT DISTINCT c FROM sbtest5 WHERE id BETWEEN 5155640 AND 5156639 ORDER BY c
	Unique  (cost=3942.87..3947.91 rows=1008 width=121)
	  ->  Sort  (cost=3942.87..3945.39 rows=1008 width=121)
	        Sort Key: c
	        ->  Bitmap Heap Scan on sbtest5  (cost=22.77..3892.58 rows=1008 width=121)
	              Recheck Cond: ((id >= 5155640) AND (id <= 5156639))
	              ->  Bitmap Index Scan on sbtest5_pkey  (cost=0.00..22.51 rows=1008 width=0)
	                    Index Cond: ((id >= 5155640) AND (id <= 5156639))

table 6 : explain SELECT DISTINCT c FROM sbtest6 WHERE id BETWEEN 1021347 AND 1022346 ORDER BY c
	Unique  (cost=3828.11..3833.00 rows=978 width=121)
	  ->  Sort  (cost=3828.11..3830.55 rows=978 width=121)
	        Sort Key: c
	        ->  Bitmap Heap Scan on sbtest6  (cost=22.46..3779.53 rows=978 width=121)
	              Recheck Cond: ((id >= 1021347) AND (id <= 1022346))
	              ->  Bitmap Index Scan on sbtest6_pkey  (cost=0.00..22.21 rows=978 width=0)
	                    Index Cond: ((id >= 1021347) AND (id <= 1022346))

table 7 : explain SELECT DISTINCT c FROM sbtest7 WHERE id BETWEEN 6841515 AND 6842514 ORDER BY c
	Unique  (cost=3787.09..3791.93 rows=967 width=121)
	  ->  Sort  (cost=3787.09..3789.51 rows=967 width=121)
	        Sort Key: c
	        ->  Bitmap Heap Scan on sbtest7  (cost=22.35..3739.14 rows=967 width=121)
	              Recheck Cond: ((id >= 6841515) AND (id <= 6842514))
	              ->  Bitmap Index Scan on sbtest7_pkey  (cost=0.00..22.11 rows=967 width=0)
	                    Index Cond: ((id >= 6841515) AND (id <= 6842514))

table 8 : explain SELECT DISTINCT c FROM sbtest8 WHERE id BETWEEN 648634 AND 649633 ORDER BY c
	Unique  (cost=3932.67..3937.69 rows=1004 width=121)
	  ->  Sort  (cost=3932.67..3935.18 rows=1004 width=121)
	        Sort Key: c
	        ->  Bitmap Heap Scan on sbtest8  (cost=26.73..3882.61 rows=1004 width=121)
	              Recheck Cond: ((id >= 648634) AND (id <= 649633))
	              ->  Bitmap Index Scan on sbtest8_pkey  (cost=0.00..26.47 rows=1004 width=0)
	                    Index Cond: ((id >= 648634) AND (id <= 649633))

for: order_ranges
table 1 : explain SELECT c FROM sbtest1 WHERE id BETWEEN 6118692 AND 6119691 ORDER BY c
	Sort  (cost=3921.27..3923.78 rows=1003 width=121)
	  Sort Key: c
	  ->  Bitmap Heap Scan on sbtest1  (cost=22.72..3871.27 rows=1003 width=121)
	        Recheck Cond: ((id >= 6118692) AND (id <= 6119691))
	        ->  Bitmap Index Scan on sbtest1_pkey  (cost=0.00..22.46 rows=1003 width=0)
	              Index Cond: ((id >= 6118692) AND (id <= 6119691))

table 2 : explain SELECT c FROM sbtest2 WHERE id BETWEEN 994424 AND 995423 ORDER BY c
	Sort  (cost=3975.95..3978.50 rows=1017 width=121)
	  Sort Key: c
	  ->  Bitmap Heap Scan on sbtest2  (cost=22.86..3925.15 rows=1017 width=121)
	        Recheck Cond: ((id >= 994424) AND (id <= 995423))
	        ->  Bitmap Index Scan on sbtest2_pkey  (cost=0.00..22.61 rows=1017 width=0)
	              Index Cond: ((id >= 994424) AND (id <= 995423))

table 3 : explain SELECT c FROM sbtest3 WHERE id BETWEEN 3686003 AND 3687002 ORDER BY c
	Sort  (cost=4178.44..4181.11 rows=1070 width=121)
	  Sort Key: c
	  ->  Bitmap Heap Scan on sbtest3  (cost=23.40..4124.60 rows=1070 width=121)
	        Recheck Cond: ((id >= 3686003) AND (id <= 3687002))
	        ->  Bitmap Index Scan on sbtest3_pkey  (cost=0.00..23.14 rows=1070 width=0)
	              Index Cond: ((id >= 3686003) AND (id <= 3687002))

table 4 : explain SELECT c FROM sbtest4 WHERE id BETWEEN 4452675 AND 4453674 ORDER BY c
	Sort  (cost=3705.44..3707.81 rows=946 width=121)
	  Sort Key: c
	  ->  Bitmap Heap Scan on sbtest4  (cost=22.13..3658.68 rows=946 width=121)
	        Recheck Cond: ((id >= 4452675) AND (id <= 4453674))
	        ->  Bitmap Index Scan on sbtest4_pkey  (cost=0.00..21.89 rows=946 width=0)
	              Index Cond: ((id >= 4452675) AND (id <= 4453674))

table 5 : explain SELECT c FROM sbtest5 WHERE id BETWEEN 4332533 AND 4333532 ORDER BY c
	Sort  (cost=3751.51..3753.90 rows=958 width=121)
	  Sort Key: c
	  ->  Bitmap Heap Scan on sbtest5  (cost=22.25..3704.07 rows=958 width=121)
	        Recheck Cond: ((id >= 4332533) AND (id <= 4333532))
	        ->  Bitmap Index Scan on sbtest5_pkey  (cost=0.00..22.01 rows=958 width=0)
	              Index Cond: ((id >= 4332533) AND (id <= 4333532))

table 6 : explain SELECT c FROM sbtest6 WHERE id BETWEEN 9998264 AND 9999263 ORDER BY c
	Sort  (cost=4015.53..4018.09 rows=1027 width=121)
	  Sort Key: c
	  ->  Bitmap Heap Scan on sbtest6  (cost=22.96..3964.15 rows=1027 width=121)
	        Recheck Cond: ((id >= 9998264) AND (id <= 9999263))
	        ->  Bitmap Index Scan on sbtest6_pkey  (cost=0.00..22.70 rows=1027 width=0)
	              Index Cond: ((id >= 9998264) AND (id <= 9999263))

table 7 : explain SELECT c FROM sbtest7 WHERE id BETWEEN 974608 AND 975607 ORDER BY c
	Sort  (cost=3507.10..3509.34 rows=894 width=121)
	  Sort Key: c
	  ->  Bitmap Heap Scan on sbtest7  (cost=21.60..3463.28 rows=894 width=121)
	        Recheck Cond: ((id >= 974608) AND (id <= 975607))
	        ->  Bitmap Index Scan on sbtest7_pkey  (cost=0.00..21.37 rows=894 width=0)
	              Index Cond: ((id >= 974608) AND (id <= 975607))

table 8 : explain SELECT c FROM sbtest8 WHERE id BETWEEN 6119232 AND 6120231 ORDER BY c
	Sort  (cost=3368.71..3370.86 rows=858 width=121)
	  Sort Key: c
	  ->  Bitmap Heap Scan on sbtest8  (cost=21.23..3326.91 rows=858 width=121)
	        Recheck Cond: ((id >= 6119232) AND (id <= 6120231))
	        ->  Bitmap Index Scan on sbtest8_pkey  (cost=0.00..21.01 rows=858 width=0)
	              Index Cond: ((id >= 6119232) AND (id <= 6120231))

explain: for point_selects :: explain SELECT c FROM sbtest%u WHERE id=%u
for: distinct_ranges
table 1 : explain SELECT DISTINCT c FROM sbtest1 WHERE id BETWEEN 5102880 AND 5103879 ORDER BY c
	Unique  (cost=4230.38..4235.80 rows=1084 width=121)
	  ->  Sort  (cost=4230.38..4233.09 rows=1084 width=121)
	        Sort Key: c
	        ->  Bitmap Heap Scan on sbtest1  (cost=23.55..4175.74 rows=1084 width=121)
	              Recheck Cond: ((id >= 5102880) AND (id <= 5103879))
	              ->  Bitmap Index Scan on sbtest1_pkey  (cost=0.00..23.27 rows=1084 width=0)
	                    Index Cond: ((id >= 5102880) AND (id <= 5103879))

table 2 : explain SELECT DISTINCT c FROM sbtest2 WHERE id BETWEEN 5169626 AND 5170625 ORDER BY c
	Unique  (cost=3604.72..3609.32 rows=920 width=121)
	  ->  Sort  (cost=3604.72..3607.02 rows=920 width=121)
	        Sort Key: c
	        ->  Bitmap Heap Scan on sbtest2  (cost=21.87..3559.43 rows=920 width=121)
	              Recheck Cond: ((id >= 5169626) AND (id <= 5170625))
	              ->  Bitmap Index Scan on sbtest2_pkey  (cost=0.00..21.64 rows=920 width=0)
	                    Index Cond: ((id >= 5169626) AND (id <= 5170625))

table 3 : explain SELECT DISTINCT c FROM sbtest3 WHERE id BETWEEN 5287199 AND 5288198 ORDER BY c
	Unique  (cost=3983.72..3988.81 rows=1019 width=121)
	  ->  Sort  (cost=3983.72..3986.27 rows=1019 width=121)
	        Sort Key: c
	        ->  Bitmap Heap Scan on sbtest3  (cost=22.88..3932.80 rows=1019 width=121)
	              Recheck Cond: ((id >= 5287199) AND (id <= 5288198))
	              ->  Bitmap Index Scan on sbtest3_pkey  (cost=0.00..22.62 rows=1019 width=0)
	                    Index Cond: ((id >= 5287199) AND (id <= 5288198))

table 4 : explain SELECT DISTINCT c FROM sbtest4 WHERE id BETWEEN 2018396 AND 2019395 ORDER BY c
	Unique  (cost=3862.44..3867.37 rows=987 width=121)
	  ->  Sort  (cost=3862.44..3864.90 rows=987 width=121)
	        Sort Key: c
	        ->  Bitmap Heap Scan on sbtest4  (cost=22.55..3813.35 rows=987 width=121)
	              Recheck Cond: ((id >= 2018396) AND (id <= 2019395))
	              ->  Bitmap Index Scan on sbtest4_pkey  (cost=0.00..22.30 rows=987 width=0)
	                    Index Cond: ((id >= 2018396) AND (id <= 2019395))

table 5 : explain SELECT DISTINCT c FROM sbtest5 WHERE id BETWEEN 9216837 AND 9217836 ORDER BY c
	Unique  (cost=3763.00..3767.80 rows=961 width=121)
	  ->  Sort  (cost=3763.00..3765.40 rows=961 width=121)
	        Sort Key: c
	        ->  Bitmap Heap Scan on sbtest5  (cost=22.29..3715.39 rows=961 width=121)
	              Recheck Cond: ((id >= 9216837) AND (id <= 9217836))
	              ->  Bitmap Index Scan on sbtest5_pkey  (cost=0.00..22.04 rows=961 width=0)
	                    Index Cond: ((id >= 9216837) AND (id <= 9217836))

table 6 : explain SELECT DISTINCT c FROM sbtest6 WHERE id BETWEEN 2261657 AND 2262656 ORDER BY c
	Unique  (cost=3728.54..3733.30 rows=952 width=121)
	  ->  Sort  (cost=3728.54..3730.92 rows=952 width=121)
	        Sort Key: c
	        ->  Bitmap Heap Scan on sbtest6  (cost=22.19..3681.44 rows=952 width=121)
	              Recheck Cond: ((id >= 2261657) AND (id <= 2262656))
	              ->  Bitmap Index Scan on sbtest6_pkey  (cost=0.00..21.95 rows=952 width=0)
	                    Index Cond: ((id >= 2261657) AND (id <= 2262656))

table 7 : explain SELECT DISTINCT c FROM sbtest7 WHERE id BETWEEN 9034510 AND 9035509 ORDER BY c
	Unique  (cost=4345.32..4350.88 rows=1112 width=121)
	  ->  Sort  (cost=4345.32..4348.10 rows=1112 width=121)
	        Sort Key: c
	        ->  Bitmap Heap Scan on sbtest7  (cost=27.83..4289.06 rows=1112 width=121)
	              Recheck Cond: ((id >= 9034510) AND (id <= 9035509))
	              ->  Bitmap Index Scan on sbtest7_pkey  (cost=0.00..27.55 rows=1112 width=0)
	                    Index Cond: ((id >= 9034510) AND (id <= 9035509))

table 8 : explain SELECT DISTINCT c FROM sbtest8 WHERE id BETWEEN 4287349 AND 4288348 ORDER BY c
	Unique  (cost=3556.94..3561.48 rows=907 width=121)
	  ->  Sort  (cost=3556.94..3559.21 rows=907 width=121)
	        Sort Key: c
	        ->  Bitmap Heap Scan on sbtest8  (cost=21.73..3512.38 rows=907 width=121)
	              Recheck Cond: ((id >= 4287349) AND (id <= 4288348))
	              ->  Bitmap Index Scan on sbtest8_pkey  (cost=0.00..21.50 rows=907 width=0)
	                    Index Cond: ((id >= 4287349) AND (id <= 4288348))

for: distinct_ranges
table 1 : explain SELECT DISTINCT c FROM sbtest1 WHERE id BETWEEN 6606761 AND 6607760 ORDER BY c
	Unique  (cost=3726.24..3731.00 rows=952 width=121)
	  ->  Sort  (cost=3726.24..3728.62 rows=952 width=121)
	        Sort Key: c
	        ->  Bitmap Heap Scan on sbtest1  (cost=22.19..3679.14 rows=952 width=121)
	              Recheck Cond: ((id >= 6606761) AND (id <= 6607760))
	              ->  Bitmap Index Scan on sbtest1_pkey  (cost=0.00..21.95 rows=952 width=0)
	                    Index Cond: ((id >= 6606761) AND (id <= 6607760))

table 2 : explain SELECT DISTINCT c FROM sbtest2 WHERE id BETWEEN 1838910 AND 1839909 ORDER BY c
	Unique  (cost=3551.04..3555.57 rows=906 width=121)
	  ->  Sort  (cost=3551.04..3553.31 rows=906 width=121)
	        Sort Key: c
	        ->  Bitmap Heap Scan on sbtest2  (cost=21.72..3506.54 rows=906 width=121)
	              Recheck Cond: ((id >= 1838910) AND (id <= 1839909))
	              ->  Bitmap Index Scan on sbtest2_pkey  (cost=0.00..21.50 rows=906 width=0)
	                    Index Cond: ((id >= 1838910) AND (id <= 1839909))

table 3 : explain SELECT DISTINCT c FROM sbtest3 WHERE id BETWEEN 9177350 AND 9178349 ORDER BY c
	Unique  (cost=3823.12..3828.01 rows=977 width=121)
	  ->  Sort  (cost=3823.12..3825.57 rows=977 width=121)
	        Sort Key: c
	        ->  Bitmap Heap Scan on sbtest3  (cost=22.45..3774.61 rows=977 width=121)
	              Recheck Cond: ((id >= 9177350) AND (id <= 9178349))
	              ->  Bitmap Index Scan on sbtest3_pkey  (cost=0.00..22.20 rows=977 width=0)
	                    Index Cond: ((id >= 9177350) AND (id <= 9178349))

table 4 : explain SELECT DISTINCT c FROM sbtest4 WHERE id BETWEEN 2207379 AND 2208378 ORDER BY c
	Unique  (cost=3847.13..3852.04 rows=983 width=121)
	  ->  Sort  (cost=3847.13..3849.59 rows=983 width=121)
	        Sort Key: c
	        ->  Bitmap Heap Scan on sbtest4  (cost=22.51..3798.27 rows=983 width=121)
	              Recheck Cond: ((id >= 2207379) AND (id <= 2208378))
	              ->  Bitmap Index Scan on sbtest4_pkey  (cost=0.00..22.26 rows=983 width=0)
	                    Index Cond: ((id >= 2207379) AND (id <= 2208378))

table 5 : explain SELECT DISTINCT c FROM sbtest5 WHERE id BETWEEN 107876 AND 108875 ORDER BY c
	Unique  (cost=4042.26..4047.43 rows=1034 width=121)
	  ->  Sort  (cost=4042.26..4044.84 rows=1034 width=121)
	        Sort Key: c
	        ->  Bitmap Heap Scan on sbtest5  (cost=23.03..3990.49 rows=1034 width=121)
	              Recheck Cond: ((id >= 107876) AND (id <= 108875))
	              ->  Bitmap Index Scan on sbtest5_pkey  (cost=0.00..22.77 rows=1034 width=0)
	                    Index Cond: ((id >= 107876) AND (id <= 108875))

table 6 : explain SELECT DISTINCT c FROM sbtest6 WHERE id BETWEEN 9523718 AND 9524717 ORDER BY c
	Unique  (cost=3866.38..3871.32 rows=988 width=121)
	  ->  Sort  (cost=3866.38..3868.85 rows=988 width=121)
	        Sort Key: c
	        ->  Bitmap Heap Scan on sbtest6  (cost=22.56..3817.23 rows=988 width=121)
	              Recheck Cond: ((id >= 9523718) AND (id <= 9524717))
	              ->  Bitmap Index Scan on sbtest6_pkey  (cost=0.00..22.32 rows=988 width=0)
	                    Index Cond: ((id >= 9523718) AND (id <= 9524717))

table 7 : explain SELECT DISTINCT c FROM sbtest7 WHERE id BETWEEN 3886939 AND 3887938 ORDER BY c
	Unique  (cost=4192.68..4198.04 rows=1072 width=121)
	  ->  Sort  (cost=4192.68..4195.36 rows=1072 width=121)
	        Sort Key: c
	        ->  Bitmap Heap Scan on sbtest7  (cost=27.42..4138.72 rows=1072 width=121)
	              Recheck Cond: ((id >= 3886939) AND (id <= 3887938))
	              ->  Bitmap Index Scan on sbtest7_pkey  (cost=0.00..27.15 rows=1072 width=0)
	                    Index Cond: ((id >= 3886939) AND (id <= 3887938))

table 8 : explain SELECT DISTINCT c FROM sbtest8 WHERE id BETWEEN 5618513 AND 5619512 ORDER BY c
	Unique  (cost=4257.48..4262.92 rows=1089 width=121)
	  ->  Sort  (cost=4257.48..4260.20 rows=1089 width=121)
	        Sort Key: c
	        ->  Bitmap Heap Scan on sbtest8  (cost=27.60..4202.54 rows=1089 width=121)
	              Recheck Cond: ((id >= 5618513) AND (id <= 5619512))
	              ->  Bitmap Index Scan on sbtest8_pkey  (cost=0.00..27.32 rows=1089 width=0)
	                    Index Cond: ((id >= 5618513) AND (id <= 5619512))

for: order_ranges
table 1 : explain SELECT c FROM sbtest1 WHERE id BETWEEN 7716433 AND 7717432 ORDER BY c
	Sort  (cost=3936.56..3939.07 rows=1007 width=121)
	  Sort Key: c
	  ->  Bitmap Heap Scan on sbtest1  (cost=22.76..3886.33 rows=1007 width=121)
	        Recheck Cond: ((id >= 7716433) AND (id <= 7717432))
	        ->  Bitmap Index Scan on sbtest1_pkey  (cost=0.00..22.50 rows=1007 width=0)
	              Index Cond: ((id >= 7716433) AND (id <= 7717432))

table 2 : explain SELECT c FROM sbtest2 WHERE id BETWEEN 7559649 AND 7560648 ORDER BY c
	Sort  (cost=3604.72..3607.02 rows=920 width=121)
	  Sort Key: c
	  ->  Bitmap Heap Scan on sbtest2  (cost=21.87..3559.43 rows=920 width=121)
	        Recheck Cond: ((id >= 7559649) AND (id <= 7560648))
	        ->  Bitmap Index Scan on sbtest2_pkey  (cost=0.00..21.64 rows=920 width=0)
	              Index Cond: ((id >= 7559649) AND (id <= 7560648))

table 3 : explain SELECT c FROM sbtest3 WHERE id BETWEEN 4666466 AND 4667465 ORDER BY c
	Sort  (cost=4232.02..4234.73 rows=1083 width=121)
	  Sort Key: c
	  ->  Bitmap Heap Scan on sbtest3  (cost=27.54..4177.43 rows=1083 width=121)
	        Recheck Cond: ((id >= 4666466) AND (id <= 4667465))
	        ->  Bitmap Index Scan on sbtest3_pkey  (cost=0.00..27.26 rows=1083 width=0)
	              Index Cond: ((id >= 4666466) AND (id <= 4667465))

table 4 : explain SELECT c FROM sbtest4 WHERE id BETWEEN 8748594 AND 8749593 ORDER BY c
	Sort  (cost=4313.33..4316.09 rows=1104 width=121)
	  Sort Key: c
	  ->  Bitmap Heap Scan on sbtest4  (cost=27.75..4257.53 rows=1104 width=121)
	        Recheck Cond: ((id >= 8748594) AND (id <= 8749593))
	        ->  Bitmap Index Scan on sbtest4_pkey  (cost=0.00..27.47 rows=1104 width=0)
	              Index Cond: ((id >= 8748594) AND (id <= 8749593))

table 5 : explain SELECT c FROM sbtest5 WHERE id BETWEEN 5037192 AND 5038191 ORDER BY c
	Sort  (cost=3923.75..3926.25 rows=1003 width=121)
	  Sort Key: c
	  ->  Bitmap Heap Scan on sbtest5  (cost=22.72..3873.75 rows=1003 width=121)
	        Recheck Cond: ((id >= 5037192) AND (id <= 5038191))
	        ->  Bitmap Index Scan on sbtest5_pkey  (cost=0.00..22.46 rows=1003 width=0)
	              Index Cond: ((id >= 5037192) AND (id <= 5038191))

table 6 : explain SELECT c FROM sbtest6 WHERE id BETWEEN 2712946 AND 2713945 ORDER BY c
	Sort  (cost=3770.67..3773.08 rows=963 width=121)
	  Sort Key: c
	  ->  Bitmap Heap Scan on sbtest6  (cost=22.31..3722.95 rows=963 width=121)
	        Recheck Cond: ((id >= 2712946) AND (id <= 2713945))
	        ->  Bitmap Index Scan on sbtest6_pkey  (cost=0.00..22.07 rows=963 width=0)
	              Index Cond: ((id >= 2712946) AND (id <= 2713945))

table 7 : explain SELECT c FROM sbtest7 WHERE id BETWEEN 1204076 AND 1205075 ORDER BY c
	Sort  (cost=3553.17..3555.44 rows=906 width=121)
	  Sort Key: c
	  ->  Bitmap Heap Scan on sbtest7  (cost=21.72..3508.67 rows=906 width=121)
	        Recheck Cond: ((id >= 1204076) AND (id <= 1205075))
	        ->  Bitmap Index Scan on sbtest7_pkey  (cost=0.00..21.50 rows=906 width=0)
	              Index Cond: ((id >= 1204076) AND (id <= 1205075))

table 8 : explain SELECT c FROM sbtest8 WHERE id BETWEEN 7263139 AND 7264138 ORDER BY c
	Sort  (cost=3993.88..3996.43 rows=1020 width=121)
	  Sort Key: c
	  ->  Bitmap Heap Scan on sbtest8  (cost=26.89..3942.90 rows=1020 width=121)
	        Recheck Cond: ((id >= 7263139) AND (id <= 7264138))
	        ->  Bitmap Index Scan on sbtest8_pkey  (cost=0.00..26.64 rows=1020 width=0)
	              Index Cond: ((id >= 7263139) AND (id <= 7264138))

for: sum_ranges
table 1 : explain SELECT SUM(k) FROM sbtest1 WHERE id BETWEEN 9339987 AND 9340986
	Aggregate  (cost=4250.07..4250.08 rows=1 width=8)
	  ->  Bitmap Heap Scan on sbtest1  (cost=27.74..4247.31 rows=1103 width=4)
	        Recheck Cond: ((id >= 9339987) AND (id <= 9340986))
	        ->  Bitmap Index Scan on sbtest1_pkey  (cost=0.00..27.46 rows=1103 width=0)
	              Index Cond: ((id >= 9339987) AND (id <= 9340986))

table 2 : explain SELECT SUM(k) FROM sbtest2 WHERE id BETWEEN 1988860 AND 1989859
	Aggregate  (cost=3580.63..3580.64 rows=1 width=8)
	  ->  Bitmap Heap Scan on sbtest2  (cost=21.92..3578.31 rows=925 width=4)
	        Recheck Cond: ((id >= 1988860) AND (id <= 1989859))
	        ->  Bitmap Index Scan on sbtest2_pkey  (cost=0.00..21.68 rows=925 width=0)
	              Index Cond: ((id >= 1988860) AND (id <= 1989859))

table 3 : explain SELECT SUM(k) FROM sbtest3 WHERE id BETWEEN 4471028 AND 4472027
	Aggregate  (cost=3878.84..3878.85 rows=1 width=8)
	  ->  Bitmap Heap Scan on sbtest3  (cost=22.73..3876.33 rows=1004 width=4)
	        Recheck Cond: ((id >= 4471028) AND (id <= 4472027))
	        ->  Bitmap Index Scan on sbtest3_pkey  (cost=0.00..22.47 rows=1004 width=0)
	              Index Cond: ((id >= 4471028) AND (id <= 4472027))

table 4 : explain SELECT SUM(k) FROM sbtest4 WHERE id BETWEEN 5088888 AND 5089887
	Aggregate  (cost=4041.91..4041.92 rows=1 width=8)
	  ->  Bitmap Heap Scan on sbtest4  (cost=23.17..4039.30 rows=1047 width=4)
	        Recheck Cond: ((id >= 5088888) AND (id <= 5089887))
	        ->  Bitmap Index Scan on sbtest4_pkey  (cost=0.00..22.90 rows=1047 width=0)
	              Index Cond: ((id >= 5088888) AND (id <= 5089887))

table 5 : explain SELECT SUM(k) FROM sbtest5 WHERE id BETWEEN 1781699 AND 1782698
	Aggregate  (cost=3747.99..3748.00 rows=1 width=8)
	  ->  Bitmap Heap Scan on sbtest5  (cost=22.37..3745.57 rows=969 width=4)
	        Recheck Cond: ((id >= 1781699) AND (id <= 1782698))
	        ->  Bitmap Index Scan on sbtest5_pkey  (cost=0.00..22.12 rows=969 width=0)
	              Index Cond: ((id >= 1781699) AND (id <= 1782698))

table 6 : explain SELECT SUM(k) FROM sbtest6 WHERE id BETWEEN 3551360 AND 3552359
	Aggregate  (cost=4271.70..4271.71 rows=1 width=8)
	  ->  Bitmap Heap Scan on sbtest6  (cost=27.78..4268.93 rows=1107 width=4)
	        Recheck Cond: ((id >= 3551360) AND (id <= 3552359))
	        ->  Bitmap Index Scan on sbtest6_pkey  (cost=0.00..27.50 rows=1107 width=0)
	              Index Cond: ((id >= 3551360) AND (id <= 3552359))

table 7 : explain SELECT SUM(k) FROM sbtest7 WHERE id BETWEEN 4863042 AND 4864041
	Aggregate  (cost=3960.39..3960.40 rows=1 width=8)
	  ->  Bitmap Heap Scan on sbtest7  (cost=22.94..3957.83 rows=1025 width=4)
	        Recheck Cond: ((id >= 4863042) AND (id <= 4864041))
	        ->  Bitmap Index Scan on sbtest7_pkey  (cost=0.00..22.68 rows=1025 width=0)
	              Index Cond: ((id >= 4863042) AND (id <= 4864041))

table 8 : explain SELECT SUM(k) FROM sbtest8 WHERE id BETWEEN 9260351 AND 9261350
	Aggregate  (cost=3537.36..3537.37 rows=1 width=8)
	  ->  Bitmap Heap Scan on sbtest8  (cost=21.79..3535.07 rows=913 width=4)
	        Recheck Cond: ((id >= 9260351) AND (id <= 9261350))
	        ->  Bitmap Index Scan on sbtest8_pkey  (cost=0.00..21.57 rows=913 width=0)
	              Index Cond: ((id >= 9260351) AND (id <= 9261350))

for: order_ranges
table 1 : explain SELECT c FROM sbtest1 WHERE id BETWEEN 3551899 AND 3552898 ORDER BY c
	Sort  (cost=4043.49..4046.07 rows=1035 width=121)
	  Sort Key: c
	  ->  Bitmap Heap Scan on sbtest1  (cost=23.04..3991.66 rows=1035 width=121)
	        Recheck Cond: ((id >= 3551899) AND (id <= 3552898))
	        ->  Bitmap Index Scan on sbtest1_pkey  (cost=0.00..22.79 rows=1035 width=0)
	              Index Cond: ((id >= 3551899) AND (id <= 3552898))

table 2 : explain SELECT c FROM sbtest2 WHERE id BETWEEN 9704066 AND 9705065 ORDER BY c
	Sort  (cost=3891.86..3894.35 rows=995 width=121)
	  Sort Key: c
	  ->  Bitmap Heap Scan on sbtest2  (cost=22.63..3842.31 rows=995 width=121)
	        Recheck Cond: ((id >= 9704066) AND (id <= 9705065))
	        ->  Bitmap Index Scan on sbtest2_pkey  (cost=0.00..22.39 rows=995 width=0)
	              Index Cond: ((id >= 9704066) AND (id <= 9705065))

table 3 : explain SELECT c FROM sbtest3 WHERE id BETWEEN 3771643 AND 3772642 ORDER BY c
	Sort  (cost=3937.86..3940.37 rows=1007 width=121)
	  Sort Key: c
	  ->  Bitmap Heap Scan on sbtest3  (cost=22.76..3887.63 rows=1007 width=121)
	        Recheck Cond: ((id >= 3771643) AND (id <= 3772642))
	        ->  Bitmap Index Scan on sbtest3_pkey  (cost=0.00..22.50 rows=1007 width=0)
	              Index Cond: ((id >= 3771643) AND (id <= 3772642))

table 4 : explain SELECT c FROM sbtest4 WHERE id BETWEEN 2032736 AND 2033735 ORDER BY c
	Sort  (cost=3862.44..3864.90 rows=987 width=121)
	  Sort Key: c
	  ->  Bitmap Heap Scan on sbtest4  (cost=22.55..3813.35 rows=987 width=121)
	        Recheck Cond: ((id >= 2032736) AND (id <= 2033735))
	        ->  Bitmap Index Scan on sbtest4_pkey  (cost=0.00..22.30 rows=987 width=0)
	              Index Cond: ((id >= 2032736) AND (id <= 2033735))

table 5 : explain SELECT c FROM sbtest5 WHERE id BETWEEN 1638227 AND 1639226 ORDER BY c
	Sort  (cost=4355.46..4358.25 rows=1116 width=121)
	  Sort Key: c
	  ->  Bitmap Heap Scan on sbtest5  (cost=27.87..4298.97 rows=1116 width=121)
	        Recheck Cond: ((id >= 1638227) AND (id <= 1639226))
	        ->  Bitmap Index Scan on sbtest5_pkey  (cost=0.00..27.59 rows=1116 width=0)
	              Index Cond: ((id >= 1638227) AND (id <= 1639226))

table 6 : explain SELECT c FROM sbtest6 WHERE id BETWEEN 4827148 AND 4828147 ORDER BY c
	Sort  (cost=3736.20..3738.59 rows=954 width=121)
	  Sort Key: c
	  ->  Bitmap Heap Scan on sbtest6  (cost=22.21..3688.99 rows=954 width=121)
	        Recheck Cond: ((id >= 4827148) AND (id <= 4828147))
	        ->  Bitmap Index Scan on sbtest6_pkey  (cost=0.00..21.97 rows=954 width=0)
	              Index Cond: ((id >= 4827148) AND (id <= 4828147))

table 7 : explain SELECT c FROM sbtest7 WHERE id BETWEEN 9198802 AND 9199801 ORDER BY c
	Sort  (cost=3718.11..3720.49 rows=949 width=121)
	  Sort Key: c
	  ->  Bitmap Heap Scan on sbtest7  (cost=22.16..3671.19 rows=949 width=121)
	        Recheck Cond: ((id >= 9198802) AND (id <= 9199801))
	        ->  Bitmap Index Scan on sbtest7_pkey  (cost=0.00..21.93 rows=949 width=0)
	              Index Cond: ((id >= 9198802) AND (id <= 9199801))

table 8 : explain SELECT c FROM sbtest8 WHERE id BETWEEN 2312943 AND 2313942 ORDER BY c
	Sort  (cost=4120.02..4122.65 rows=1053 width=121)
	  Sort Key: c
	  ->  Bitmap Heap Scan on sbtest8  (cost=27.23..4067.15 rows=1053 width=121)
	        Recheck Cond: ((id >= 2312943) AND (id <= 2313942))
	        ->  Bitmap Index Scan on sbtest8_pkey  (cost=0.00..26.96 rows=1053 width=0)
	              Index Cond: ((id >= 2312943) AND (id <= 2313942))

explain: for point_selects :: explain SELECT c FROM sbtest%u WHERE id=%u
for point_selects
table 1 : explain SELECT c FROM sbtest1 WHERE id=9682459
	Index Scan using sbtest1_pkey on sbtest1  (cost=0.43..8.45 rows=1 width=121)
	  Index Cond: (id = 9682459)

table 2 : explain SELECT c FROM sbtest2 WHERE id=3311403
	Index Scan using sbtest2_pkey on sbtest2  (cost=0.43..8.45 rows=1 width=121)
	  Index Cond: (id = 3311403)

table 3 : explain SELECT c FROM sbtest3 WHERE id=3033651
	Index Scan using sbtest3_pkey on sbtest3  (cost=0.43..8.45 rows=1 width=121)
	  Index Cond: (id = 3033651)

table 4 : explain SELECT c FROM sbtest4 WHERE id=1767386
	Index Scan using sbtest4_pkey on sbtest4  (cost=0.43..8.45 rows=1 width=121)
	  Index Cond: (id = 1767386)

table 5 : explain SELECT c FROM sbtest5 WHERE id=6913376
	Index Scan using sbtest5_pkey on sbtest5  (cost=0.43..8.45 rows=1 width=121)
	  Index Cond: (id = 6913376)

table 6 : explain SELECT c FROM sbtest6 WHERE id=6958163
	Index Scan using sbtest6_pkey on sbtest6  (cost=0.43..8.45 rows=1 width=121)
	  Index Cond: (id = 6958163)

table 7 : explain SELECT c FROM sbtest7 WHERE id=8862559
	Index Scan using sbtest7_pkey on sbtest7  (cost=0.43..8.45 rows=1 width=121)
	  Index Cond: (id = 8862559)

table 8 : explain SELECT c FROM sbtest8 WHERE id=8740266
	Index Scan using sbtest8_pkey on sbtest8  (cost=0.43..8.45 rows=1 width=121)
	  Index Cond: (id = 8740266)

for: order_ranges
table 1 : explain SELECT c FROM sbtest1 WHERE id BETWEEN 9888642 AND 9889641 ORDER BY c
	Sort  (cost=3764.50..3766.91 rows=962 width=121)
	  Sort Key: c
	  ->  Bitmap Heap Scan on sbtest1  (cost=22.30..3716.84 rows=962 width=121)
	        Recheck Cond: ((id >= 9888642) AND (id <= 9889641))
	        ->  Bitmap Index Scan on sbtest1_pkey  (cost=0.00..22.05 rows=962 width=0)
	              Index Cond: ((id >= 9888642) AND (id <= 9889641))

table 2 : explain SELECT c FROM sbtest2 WHERE id BETWEEN 609942 AND 610941 ORDER BY c
	Sort  (cost=3597.05..3599.35 rows=918 width=121)
	  Sort Key: c
	  ->  Bitmap Heap Scan on sbtest2  (cost=21.84..3551.88 rows=918 width=121)
	        Recheck Cond: ((id >= 609942) AND (id <= 610941))
	        ->  Bitmap Index Scan on sbtest2_pkey  (cost=0.00..21.61 rows=918 width=0)
	              Index Cond: ((id >= 609942) AND (id <= 610941))

table 3 : explain SELECT c FROM sbtest3 WHERE id BETWEEN 4578579 AND 4579578 ORDER BY c
	Sort  (cost=3899.62..3902.12 rows=997 width=121)
	  Sort Key: c
	  ->  Bitmap Heap Scan on sbtest3  (cost=22.65..3849.97 rows=997 width=121)
	        Recheck Cond: ((id >= 4578579) AND (id <= 4579578))
	        ->  Bitmap Index Scan on sbtest3_pkey  (cost=0.00..22.40 rows=997 width=0)
	              Index Cond: ((id >= 4578579) AND (id <= 4579578))

table 4 : explain SELECT c FROM sbtest4 WHERE id BETWEEN 7480833 AND 7481832 ORDER BY c
	Sort  (cost=3904.52..3907.02 rows=998 width=121)
	  Sort Key: c
	  ->  Bitmap Heap Scan on sbtest4  (cost=22.66..3854.81 rows=998 width=121)
	        Recheck Cond: ((id >= 7480833) AND (id <= 7481832))
	        ->  Bitmap Index Scan on sbtest4_pkey  (cost=0.00..22.41 rows=998 width=0)
	              Index Cond: ((id >= 7480833) AND (id <= 7481832))

table 5 : explain SELECT c FROM sbtest5 WHERE id BETWEEN 7738994 AND 7739993 ORDER BY c
	Sort  (cost=3965.81..3968.35 rows=1014 width=121)
	  Sort Key: c
	  ->  Bitmap Heap Scan on sbtest5  (cost=22.83..3915.18 rows=1014 width=121)
	        Recheck Cond: ((id >= 7738994) AND (id <= 7739993))
	        ->  Bitmap Index Scan on sbtest5_pkey  (cost=0.00..22.57 rows=1014 width=0)
	              Index Cond: ((id >= 7738994) AND (id <= 7739993))

table 6 : explain SELECT c FROM sbtest6 WHERE id BETWEEN 5838614 AND 5839613 ORDER BY c
	Sort  (cost=3862.55..3865.02 rows=987 width=121)
	  Sort Key: c
	  ->  Bitmap Heap Scan on sbtest6  (cost=22.55..3813.46 rows=987 width=121)
	        Recheck Cond: ((id >= 5838614) AND (id <= 5839613))
	        ->  Bitmap Index Scan on sbtest6_pkey  (cost=0.00..22.30 rows=987 width=0)
	              Index Cond: ((id >= 5838614) AND (id <= 5839613))

table 7 : explain SELECT c FROM sbtest7 WHERE id BETWEEN 3183325 AND 3184324 ORDER BY c
	Sort  (cost=3606.90..3609.20 rows=920 width=121)
	  Sort Key: c
	  ->  Bitmap Heap Scan on sbtest7  (cost=21.87..3561.61 rows=920 width=121)
	        Recheck Cond: ((id >= 3183325) AND (id <= 3184324))
	        ->  Bitmap Index Scan on sbtest7_pkey  (cost=0.00..21.64 rows=920 width=0)
	              Index Cond: ((id >= 3183325) AND (id <= 3184324))

table 8 : explain SELECT c FROM sbtest8 WHERE id BETWEEN 7862753 AND 7863752 ORDER BY c
	Sort  (cost=4219.31..4222.01 rows=1079 width=121)
	  Sort Key: c
	  ->  Bitmap Heap Scan on sbtest8  (cost=27.49..4164.95 rows=1079 width=121)
	        Recheck Cond: ((id >= 7862753) AND (id <= 7863752))
	        ->  Bitmap Index Scan on sbtest8_pkey  (cost=0.00..27.22 rows=1079 width=0)
	              Index Cond: ((id >= 7862753) AND (id <= 7863752))

for: distinct_ranges
table 1 : explain SELECT DISTINCT c FROM sbtest1 WHERE id BETWEEN 5324479 AND 5325478 ORDER BY c
	Unique  (cost=4039.67..4044.84 rows=1034 width=121)
	  ->  Sort  (cost=4039.67..4042.25 rows=1034 width=121)
	        Sort Key: c
	        ->  Bitmap Heap Scan on sbtest1  (cost=23.03..3987.90 rows=1034 width=121)
	              Recheck Cond: ((id >= 5324479) AND (id <= 5325478))
	              ->  Bitmap Index Scan on sbtest1_pkey  (cost=0.00..22.77 rows=1034 width=0)
	                    Index Cond: ((id >= 5324479) AND (id <= 5325478))

table 2 : explain SELECT DISTINCT c FROM sbtest2 WHERE id BETWEEN 652106 AND 653105 ORDER BY c
	Unique  (cost=3597.05..3601.64 rows=918 width=121)
	  ->  Sort  (cost=3597.05..3599.35 rows=918 width=121)
	        Sort Key: c
	        ->  Bitmap Heap Scan on sbtest2  (cost=21.84..3551.88 rows=918 width=121)
	              Recheck Cond: ((id >= 652106) AND (id <= 653105))
	              ->  Bitmap Index Scan on sbtest2_pkey  (cost=0.00..21.61 rows=918 width=0)
	                    Index Cond: ((id >= 652106) AND (id <= 653105))

table 3 : explain SELECT DISTINCT c FROM sbtest3 WHERE id BETWEEN 2708354 AND 2709353 ORDER BY c
	Unique  (cost=3937.86..3942.89 rows=1007 width=121)
	  ->  Sort  (cost=3937.86..3940.37 rows=1007 width=121)
	        Sort Key: c
	        ->  Bitmap Heap Scan on sbtest3  (cost=22.76..3887.63 rows=1007 width=121)
	              Recheck Cond: ((id >= 2708354) AND (id <= 2709353))
	              ->  Bitmap Index Scan on sbtest3_pkey  (cost=0.00..22.50 rows=1007 width=0)
	                    Index Cond: ((id >= 2708354) AND (id <= 2709353))

table 4 : explain SELECT DISTINCT c FROM sbtest4 WHERE id BETWEEN 9741014 AND 9742013 ORDER BY c
	Unique  (cost=3965.71..3970.78 rows=1014 width=121)
	  ->  Sort  (cost=3965.71..3968.25 rows=1014 width=121)
	        Sort Key: c
	        ->  Bitmap Heap Scan on sbtest4  (cost=22.83..3915.08 rows=1014 width=121)
	              Recheck Cond: ((id >= 9741014) AND (id <= 9742013))
	              ->  Bitmap Index Scan on sbtest4_pkey  (cost=0.00..22.57 rows=1014 width=0)
	                    Index Cond: ((id >= 9741014) AND (id <= 9742013))

table 5 : explain SELECT DISTINCT c FROM sbtest5 WHERE id BETWEEN 8160084 AND 8161083 ORDER BY c
	Unique  (cost=3778.32..3783.14 rows=965 width=121)
	  ->  Sort  (cost=3778.32..3780.73 rows=965 width=121)
	        Sort Key: c
	        ->  Bitmap Heap Scan on sbtest5  (cost=22.33..3730.48 rows=965 width=121)
	              Recheck Cond: ((id >= 8160084) AND (id <= 8161083))
	              ->  Bitmap Index Scan on sbtest5_pkey  (cost=0.00..22.08 rows=965 width=0)
	                    Index Cond: ((id >= 8160084) AND (id <= 8161083))

table 6 : explain SELECT DISTINCT c FROM sbtest6 WHERE id BETWEEN 4250626 AND 4251625 ORDER BY c
	Unique  (cost=3824.28..3829.16 rows=977 width=121)
	  ->  Sort  (cost=3824.28..3826.72 rows=977 width=121)
	        Sort Key: c
	        ->  Bitmap Heap Scan on sbtest6  (cost=22.45..3775.76 rows=977 width=121)
	              Recheck Cond: ((id >= 4250626) AND (id <= 4251625))
	              ->  Bitmap Index Scan on sbtest6_pkey  (cost=0.00..22.20 rows=977 width=0)
	                    Index Cond: ((id >= 4250626) AND (id <= 4251625))

table 7 : explain SELECT DISTINCT c FROM sbtest7 WHERE id BETWEEN 1783431 AND 1784430 ORDER BY c
	Unique  (cost=4089.36..4094.59 rows=1046 width=121)
	  ->  Sort  (cost=4089.36..4091.97 rows=1046 width=121)
	        Sort Key: c
	        ->  Bitmap Heap Scan on sbtest7  (cost=23.16..4036.90 rows=1046 width=121)
	              Recheck Cond: ((id >= 1783431) AND (id <= 1784430))
	              ->  Bitmap Index Scan on sbtest7_pkey  (cost=0.00..22.89 rows=1046 width=0)
	                    Index Cond: ((id >= 1783431) AND (id <= 1784430))

table 8 : explain SELECT DISTINCT c FROM sbtest8 WHERE id BETWEEN 1156992 AND 1157991 ORDER BY c
	Unique  (cost=3790.84..3795.68 rows=968 width=121)
	  ->  Sort  (cost=3790.84..3793.26 rows=968 width=121)
	        Sort Key: c
	        ->  Bitmap Heap Scan on sbtest8  (cost=22.36..3742.84 rows=968 width=121)
	              Recheck Cond: ((id >= 1156992) AND (id <= 1157991))
	              ->  Bitmap Index Scan on sbtest8_pkey  (cost=0.00..22.11 rows=968 width=0)
	                    Index Cond: ((id >= 1156992) AND (id <= 1157991))

for point_selects
table 1 : explain SELECT c FROM sbtest1 WHERE id=779875
	Index Scan using sbtest1_pkey on sbtest1  (cost=0.43..8.45 rows=1 width=121)
	  Index Cond: (id = 779875)

table 2 : explain SELECT c FROM sbtest2 WHERE id=7265832
	Index Scan using sbtest2_pkey on sbtest2  (cost=0.43..8.45 rows=1 width=121)
	  Index Cond: (id = 7265832)

table 3 : explain SELECT c FROM sbtest3 WHERE id=1974245
	Index Scan using sbtest3_pkey on sbtest3  (cost=0.43..8.45 rows=1 width=121)
	  Index Cond: (id = 1974245)

table 4 : explain SELECT c FROM sbtest4 WHERE id=609919
	Index Scan using sbtest4_pkey on sbtest4  (cost=0.43..8.45 rows=1 width=121)
	  Index Cond: (id = 609919)

table 5 : explain SELECT c FROM sbtest5 WHERE id=2125931
	Index Scan using sbtest5_pkey on sbtest5  (cost=0.43..8.45 rows=1 width=121)
	  Index Cond: (id = 2125931)

table 6 : explain SELECT c FROM sbtest6 WHERE id=32500
	Index Scan using sbtest6_pkey on sbtest6  (cost=0.43..8.45 rows=1 width=121)
	  Index Cond: (id = 32500)

table 7 : explain SELECT c FROM sbtest7 WHERE id=5744485
	Index Scan using sbtest7_pkey on sbtest7  (cost=0.43..8.45 rows=1 width=121)
	  Index Cond: (id = 5744485)

table 8 : explain SELECT c FROM sbtest8 WHERE id=2201729
	Index Scan using sbtest8_pkey on sbtest8  (cost=0.43..8.45 rows=1 width=121)
	  Index Cond: (id = 2201729)

for: distinct_ranges
table 1 : explain SELECT DISTINCT c FROM sbtest1 WHERE id BETWEEN 2108897 AND 2109896 ORDER BY c
	Unique  (cost=3772.16..3776.98 rows=964 width=121)
	  ->  Sort  (cost=3772.16..3774.57 rows=964 width=121)
	        Sort Key: c
	        ->  Bitmap Heap Scan on sbtest1  (cost=22.32..3724.38 rows=964 width=121)
	              Recheck Cond: ((id >= 2108897) AND (id <= 2109896))
	              ->  Bitmap Index Scan on sbtest1_pkey  (cost=0.00..22.07 rows=964 width=0)
	                    Index Cond: ((id >= 2108897) AND (id <= 2109896))

table 2 : explain SELECT DISTINCT c FROM sbtest2 WHERE id BETWEEN 3387419 AND 3388418 ORDER BY c
	Unique  (cost=4411.06..4416.72 rows=1131 width=121)
	  ->  Sort  (cost=4411.06..4413.89 rows=1131 width=121)
	        Sort Key: c
	        ->  Bitmap Heap Scan on sbtest2  (cost=28.03..4353.70 rows=1131 width=121)
	              Recheck Cond: ((id >= 3387419) AND (id <= 3388418))
	              ->  Bitmap Index Scan on sbtest2_pkey  (cost=0.00..27.75 rows=1131 width=0)
	                    Index Cond: ((id >= 3387419) AND (id <= 3388418))

table 3 : explain SELECT DISTINCT c FROM sbtest3 WHERE id BETWEEN 8790581 AND 8791580 ORDER BY c
	Unique  (cost=3941.68..3946.72 rows=1008 width=121)
	  ->  Sort  (cost=3941.68..3944.20 rows=1008 width=121)
	        Sort Key: c
	        ->  Bitmap Heap Scan on sbtest3  (cost=22.77..3891.39 rows=1008 width=121)
	              Recheck Cond: ((id >= 8790581) AND (id <= 8791580))
	              ->  Bitmap Index Scan on sbtest3_pkey  (cost=0.00..22.51 rows=1008 width=0)
	                    Index Cond: ((id >= 8790581) AND (id <= 8791580))

table 4 : explain SELECT DISTINCT c FROM sbtest4 WHERE id BETWEEN 7571192 AND 7572191 ORDER BY c
	Unique  (cost=3950.42..3955.47 rows=1010 width=121)
	  ->  Sort  (cost=3950.42..3952.94 rows=1010 width=121)
	        Sort Key: c
	        ->  Bitmap Heap Scan on sbtest4  (cost=22.79..3900.02 rows=1010 width=121)
	              Recheck Cond: ((id >= 7571192) AND (id <= 7572191))
	              ->  Bitmap Index Scan on sbtest4_pkey  (cost=0.00..22.54 rows=1010 width=0)
	                    Index Cond: ((id >= 7571192) AND (id <= 7572191))

table 5 : explain SELECT DISTINCT c FROM sbtest5 WHERE id BETWEEN 2371322 AND 2372321 ORDER BY c
	Unique  (cost=3843.40..3848.31 rows=982 width=121)
	  ->  Sort  (cost=3843.40..3845.85 rows=982 width=121)
	        Sort Key: c
	        ->  Bitmap Heap Scan on sbtest5  (cost=22.50..3794.60 rows=982 width=121)
	              Recheck Cond: ((id >= 2371322) AND (id <= 2372321))
	              ->  Bitmap Index Scan on sbtest5_pkey  (cost=0.00..22.25 rows=982 width=0)
	                    Index Cond: ((id >= 2371322) AND (id <= 2372321))

table 6 : explain SELECT DISTINCT c FROM sbtest6 WHERE id BETWEEN 1332328 AND 1333327 ORDER BY c
	Unique  (cost=3843.42..3848.33 rows=982 width=121)
	  ->  Sort  (cost=3843.42..3845.87 rows=982 width=121)
	        Sort Key: c
	        ->  Bitmap Heap Scan on sbtest6  (cost=22.50..3794.61 rows=982 width=121)
	              Recheck Cond: ((id >= 1332328) AND (id <= 1333327))
	              ->  Bitmap Index Scan on sbtest6_pkey  (cost=0.00..22.25 rows=982 width=0)
	                    Index Cond: ((id >= 1332328) AND (id <= 1333327))

table 7 : explain SELECT DISTINCT c FROM sbtest7 WHERE id BETWEEN 5499523 AND 5500522 ORDER BY c
	Unique  (cost=4005.26..4010.38 rows=1024 width=121)
	  ->  Sort  (cost=4005.26..4007.82 rows=1024 width=121)
	        Sort Key: c
	        ->  Bitmap Heap Scan on sbtest7  (cost=22.93..3954.06 rows=1024 width=121)
	              Recheck Cond: ((id >= 5499523) AND (id <= 5500522))
	              ->  Bitmap Index Scan on sbtest7_pkey  (cost=0.00..22.68 rows=1024 width=0)
	                    Index Cond: ((id >= 5499523) AND (id <= 5500522))

table 8 : explain SELECT DISTINCT c FROM sbtest8 WHERE id BETWEEN 8039424 AND 8040423 ORDER BY c
	Unique  (cost=3664.36..3669.04 rows=935 width=121)
	  ->  Sort  (cost=3664.36..3666.70 rows=935 width=121)
	        Sort Key: c
	        ->  Bitmap Heap Scan on sbtest8  (cost=22.02..3618.23 rows=935 width=121)
	              Recheck Cond: ((id >= 8039424) AND (id <= 8040423))
	              ->  Bitmap Index Scan on sbtest8_pkey  (cost=0.00..21.79 rows=935 width=0)
	                    Index Cond: ((id >= 8039424) AND (id <= 8040423))

for: order_ranges
table 1 : explain SELECT c FROM sbtest1 WHERE id BETWEEN 4519813 AND 4520812 ORDER BY c
	Sort  (cost=3894.52..3897.01 rows=996 width=121)
	  Sort Key: c
	  ->  Bitmap Heap Scan on sbtest1  (cost=22.64..3844.92 rows=996 width=121)
	        Recheck Cond: ((id >= 4519813) AND (id <= 4520812))
	        ->  Bitmap Index Scan on sbtest1_pkey  (cost=0.00..22.39 rows=996 width=0)
	              Index Cond: ((id >= 4519813) AND (id <= 4520812))

table 2 : explain SELECT c FROM sbtest2 WHERE id BETWEEN 1113817 AND 1114816 ORDER BY c
	Sort  (cost=3918.62..3921.13 rows=1002 width=121)
	  Sort Key: c
	  ->  Bitmap Heap Scan on sbtest2  (cost=22.71..3868.68 rows=1002 width=121)
	        Recheck Cond: ((id >= 1113817) AND (id <= 1114816))
	        ->  Bitmap Index Scan on sbtest2_pkey  (cost=0.00..22.45 rows=1002 width=0)
	              Index Cond: ((id >= 1113817) AND (id <= 1114816))

table 3 : explain SELECT c FROM sbtest3 WHERE id BETWEEN 8521144 AND 8522143 ORDER BY c
	Sort  (cost=4132.65..4135.29 rows=1058 width=121)
	  Sort Key: c
	  ->  Bitmap Heap Scan on sbtest3  (cost=23.28..4079.50 rows=1058 width=121)
	        Recheck Cond: ((id >= 8521144) AND (id <= 8522143))
	        ->  Bitmap Index Scan on sbtest3_pkey  (cost=0.00..23.01 rows=1058 width=0)
	              Index Cond: ((id >= 8521144) AND (id <= 8522143))

table 4 : explain SELECT c FROM sbtest4 WHERE id BETWEEN 9481738 AND 9482737 ORDER BY c
	Sort  (cost=4057.44..4060.03 rows=1038 width=121)
	  Sort Key: c
	  ->  Bitmap Heap Scan on sbtest4  (cost=23.07..4005.43 rows=1038 width=121)
	        Recheck Cond: ((id >= 9481738) AND (id <= 9482737))
	        ->  Bitmap Index Scan on sbtest4_pkey  (cost=0.00..22.82 rows=1038 width=0)
	              Index Cond: ((id >= 9481738) AND (id <= 9482737))

table 5 : explain SELECT c FROM sbtest5 WHERE id BETWEEN 5225311 AND 5226310 ORDER BY c
	Sort  (cost=3942.87..3945.39 rows=1008 width=121)
	  Sort Key: c
	  ->  Bitmap Heap Scan on sbtest5  (cost=22.77..3892.58 rows=1008 width=121)
	        Recheck Cond: ((id >= 5225311) AND (id <= 5226310))
	        ->  Bitmap Index Scan on sbtest5_pkey  (cost=0.00..22.51 rows=1008 width=0)
	              Index Cond: ((id >= 5225311) AND (id <= 5226310))

table 6 : explain SELECT c FROM sbtest6 WHERE id BETWEEN 83018 AND 84017 ORDER BY c
	Sort  (cost=3717.05..3719.42 rows=949 width=121)
	  Sort Key: c
	  ->  Bitmap Heap Scan on sbtest6  (cost=22.16..3670.12 rows=949 width=121)
	        Recheck Cond: ((id >= 83018) AND (id <= 84017))
	        ->  Bitmap Index Scan on sbtest6_pkey  (cost=0.00..21.93 rows=949 width=0)
	              Index Cond: ((id >= 83018) AND (id <= 84017))

table 7 : explain SELECT c FROM sbtest7 WHERE id BETWEEN 9459467 AND 9460466 ORDER BY c
	Sort  (cost=3813.91..3816.34 rows=974 width=121)
	  Sort Key: c
	  ->  Bitmap Heap Scan on sbtest7  (cost=22.42..3765.56 rows=974 width=121)
	        Recheck Cond: ((id >= 9459467) AND (id <= 9460466))
	        ->  Bitmap Index Scan on sbtest7_pkey  (cost=0.00..22.18 rows=974 width=0)
	              Index Cond: ((id >= 9459467) AND (id <= 9460466))

table 8 : explain SELECT c FROM sbtest8 WHERE id BETWEEN 9794555 AND 9795554 ORDER BY c
	Sort  (cost=4196.40..4199.09 rows=1073 width=121)
	  Sort Key: c
	  ->  Bitmap Heap Scan on sbtest8  (cost=27.43..4142.39 rows=1073 width=121)
	        Recheck Cond: ((id >= 9794555) AND (id <= 9795554))
	        ->  Bitmap Index Scan on sbtest8_pkey  (cost=0.00..27.16 rows=1073 width=0)
	              Index Cond: ((id >= 9794555) AND (id <= 9795554))

for: order_ranges
table 1 : explain SELECT c FROM sbtest1 WHERE id BETWEEN 3522298 AND 3523297 ORDER BY c
	Sort  (cost=3607.52..3609.83 rows=921 width=121)
	  Sort Key: c
	  ->  Bitmap Heap Scan on sbtest1  (cost=21.88..3562.18 rows=921 width=121)
	        Recheck Cond: ((id >= 3522298) AND (id <= 3523297))
	        ->  Bitmap Index Scan on sbtest1_pkey  (cost=0.00..21.64 rows=921 width=0)
	              Index Cond: ((id >= 3522298) AND (id <= 3523297))

table 2 : explain SELECT c FROM sbtest2 WHERE id BETWEEN 8578058 AND 8579057 ORDER BY c
	Sort  (cost=3937.74..3940.25 rows=1007 width=121)
	  Sort Key: c
	  ->  Bitmap Heap Scan on sbtest2  (cost=22.76..3887.51 rows=1007 width=121)
	        Recheck Cond: ((id >= 8578058) AND (id <= 8579057))
	        ->  Bitmap Index Scan on sbtest2_pkey  (cost=0.00..22.50 rows=1007 width=0)
	              Index Cond: ((id >= 8578058) AND (id <= 8579057))

table 3 : explain SELECT c FROM sbtest3 WHERE id BETWEEN 5412222 AND 5413221 ORDER BY c
	Sort  (cost=4147.91..4150.57 rows=1062 width=121)
	  Sort Key: c
	  ->  Bitmap Heap Scan on sbtest3  (cost=23.32..4094.53 rows=1062 width=121)
	        Recheck Cond: ((id >= 5412222) AND (id <= 5413221))
	        ->  Bitmap Index Scan on sbtest3_pkey  (cost=0.00..23.05 rows=1062 width=0)
	              Index Cond: ((id >= 5412222) AND (id <= 5413221))

table 4 : explain SELECT c FROM sbtest4 WHERE id BETWEEN 234325 AND 235324 ORDER BY c
	Sort  (cost=3444.60..3446.79 rows=878 width=121)
	  Sort Key: c
	  ->  Bitmap Heap Scan on sbtest4  (cost=21.43..3401.67 rows=878 width=121)
	        Recheck Cond: ((id >= 234325) AND (id <= 235324))
	        ->  Bitmap Index Scan on sbtest4_pkey  (cost=0.00..21.21 rows=878 width=0)
	              Index Cond: ((id >= 234325) AND (id <= 235324))

table 5 : explain SELECT c FROM sbtest5 WHERE id BETWEEN 6163470 AND 6164469 ORDER BY c
	Sort  (cost=3770.66..3773.06 rows=963 width=121)
	  Sort Key: c
	  ->  Bitmap Heap Scan on sbtest5  (cost=22.31..3722.93 rows=963 width=121)
	        Recheck Cond: ((id >= 6163470) AND (id <= 6164469))
	        ->  Bitmap Index Scan on sbtest5_pkey  (cost=0.00..22.07 rows=963 width=0)
	              Index Cond: ((id >= 6163470) AND (id <= 6164469))

table 6 : explain SELECT c FROM sbtest6 WHERE id BETWEEN 8492405 AND 8493404 ORDER BY c
	Sort  (cost=3816.62..3819.06 rows=975 width=121)
	  Sort Key: c
	  ->  Bitmap Heap Scan on sbtest6  (cost=22.43..3768.22 rows=975 width=121)
	        Recheck Cond: ((id >= 8492405) AND (id <= 8493404))
	        ->  Bitmap Index Scan on sbtest6_pkey  (cost=0.00..22.18 rows=975 width=0)
	              Index Cond: ((id >= 8492405) AND (id <= 8493404))

table 7 : explain SELECT c FROM sbtest7 WHERE id BETWEEN 775670 AND 776669 ORDER BY c
	Sort  (cost=4234.67..4237.38 rows=1083 width=121)
	  Sort Key: c
	  ->  Bitmap Heap Scan on sbtest7  (cost=27.54..4180.08 rows=1083 width=121)
	        Recheck Cond: ((id >= 775670) AND (id <= 776669))
	        ->  Bitmap Index Scan on sbtest7_pkey  (cost=0.00..27.26 rows=1083 width=0)
	              Index Cond: ((id >= 775670) AND (id <= 776669))

table 8 : explain SELECT c FROM sbtest8 WHERE id BETWEEN 6501798 AND 6502797 ORDER BY c
	Sort  (cost=3832.97..3835.42 rows=979 width=121)
	  Sort Key: c
	  ->  Bitmap Heap Scan on sbtest8  (cost=22.47..3784.34 rows=979 width=121)
	        Recheck Cond: ((id >= 6501798) AND (id <= 6502797))
	        ->  Bitmap Index Scan on sbtest8_pkey  (cost=0.00..22.22 rows=979 width=0)
	              Index Cond: ((id >= 6501798) AND (id <= 6502797))

for point_selects
table 1 : explain SELECT c FROM sbtest1 WHERE id=5782355
	Index Scan using sbtest1_pkey on sbtest1  (cost=0.43..8.45 rows=1 width=121)
	  Index Cond: (id = 5782355)

table 2 : explain SELECT c FROM sbtest2 WHERE id=3076138
	Index Scan using sbtest2_pkey on sbtest2  (cost=0.43..8.45 rows=1 width=121)
	  Index Cond: (id = 3076138)

table 3 : explain SELECT c FROM sbtest3 WHERE id=9417602
	Index Scan using sbtest3_pkey on sbtest3  (cost=0.43..8.45 rows=1 width=121)
	  Index Cond: (id = 9417602)

table 4 : explain SELECT c FROM sbtest4 WHERE id=2643939
	Index Scan using sbtest4_pkey on sbtest4  (cost=0.43..8.45 rows=1 width=121)
	  Index Cond: (id = 2643939)

table 5 : explain SELECT c FROM sbtest5 WHERE id=6218105
	Index Scan using sbtest5_pkey on sbtest5  (cost=0.43..8.45 rows=1 width=121)
	  Index Cond: (id = 6218105)

table 6 : explain SELECT c FROM sbtest6 WHERE id=976974
	Index Scan using sbtest6_pkey on sbtest6  (cost=0.43..8.45 rows=1 width=121)
	  Index Cond: (id = 976974)

table 7 : explain SELECT c FROM sbtest7 WHERE id=8209056
	Index Scan using sbtest7_pkey on sbtest7  (cost=0.43..8.45 rows=1 width=121)
	  Index Cond: (id = 8209056)

table 8 : explain SELECT c FROM sbtest8 WHERE id=1845576
	Index Scan using sbtest8_pkey on sbtest8  (cost=0.43..8.45 rows=1 width=121)
	  Index Cond: (id = 1845576)

for point_selects
table 1 : explain SELECT c FROM sbtest1 WHERE id=9003355
	Index Scan using sbtest1_pkey on sbtest1  (cost=0.43..8.45 rows=1 width=121)
	  Index Cond: (id = 9003355)

table 2 : explain SELECT c FROM sbtest2 WHERE id=5456613
	Index Scan using sbtest2_pkey on sbtest2  (cost=0.43..8.45 rows=1 width=121)
	  Index Cond: (id = 5456613)

table 3 : explain SELECT c FROM sbtest3 WHERE id=281540
	Index Scan using sbtest3_pkey on sbtest3  (cost=0.43..8.45 rows=1 width=121)
	  Index Cond: (id = 281540)

table 4 : explain SELECT c FROM sbtest4 WHERE id=2192380
	Index Scan using sbtest4_pkey on sbtest4  (cost=0.43..8.45 rows=1 width=121)
	  Index Cond: (id = 2192380)

table 5 : explain SELECT c FROM sbtest5 WHERE id=7399173
	Index Scan using sbtest5_pkey on sbtest5  (cost=0.43..8.45 rows=1 width=121)
	  Index Cond: (id = 7399173)

table 6 : explain SELECT c FROM sbtest6 WHERE id=521677
	Index Scan using sbtest6_pkey on sbtest6  (cost=0.43..8.45 rows=1 width=121)
	  Index Cond: (id = 521677)

table 7 : explain SELECT c FROM sbtest7 WHERE id=7621251
	Index Scan using sbtest7_pkey on sbtest7  (cost=0.43..8.45 rows=1 width=121)
	  Index Cond: (id = 7621251)

table 8 : explain SELECT c FROM sbtest8 WHERE id=2533032
	Index Scan using sbtest8_pkey on sbtest8  (cost=0.43..8.45 rows=1 width=121)
	  Index Cond: (id = 2533032)

for: order_ranges
table 1 : explain SELECT c FROM sbtest1 WHERE id BETWEEN 8049493 AND 8050492 ORDER BY c
	Sort  (cost=3737.72..3740.11 rows=955 width=121)
	  Sort Key: c
	  ->  Bitmap Heap Scan on sbtest1  (cost=22.22..3690.45 rows=955 width=121)
	        Recheck Cond: ((id >= 8049493) AND (id <= 8050492))
	        ->  Bitmap Index Scan on sbtest1_pkey  (cost=0.00..21.98 rows=955 width=0)
	              Index Cond: ((id >= 8049493) AND (id <= 8050492))

table 2 : explain SELECT c FROM sbtest2 WHERE id BETWEEN 8237969 AND 8238968 ORDER BY c
	Sort  (cost=3842.14..3844.59 rows=982 width=121)
	  Sort Key: c
	  ->  Bitmap Heap Scan on sbtest2  (cost=22.50..3793.34 rows=982 width=121)
	        Recheck Cond: ((id >= 8237969) AND (id <= 8238968))
	        ->  Bitmap Index Scan on sbtest2_pkey  (cost=0.00..22.25 rows=982 width=0)
	              Index Cond: ((id >= 8237969) AND (id <= 8238968))

table 3 : explain SELECT c FROM sbtest3 WHERE id BETWEEN 5949967 AND 5950966 ORDER BY c
	Sort  (cost=3869.03..3871.50 rows=989 width=121)
	  Sort Key: c
	  ->  Bitmap Heap Scan on sbtest3  (cost=22.57..3819.83 rows=989 width=121)
	        Recheck Cond: ((id >= 5949967) AND (id <= 5950966))
	        ->  Bitmap Index Scan on sbtest3_pkey  (cost=0.00..22.32 rows=989 width=0)
	              Index Cond: ((id >= 5949967) AND (id <= 5950966))

table 4 : explain SELECT c FROM sbtest4 WHERE id BETWEEN 7162412 AND 7163411 ORDER BY c
	Sort  (cost=3916.00..3918.50 rows=1001 width=121)
	  Sort Key: c
	  ->  Bitmap Heap Scan on sbtest4  (cost=22.70..3866.11 rows=1001 width=121)
	        Recheck Cond: ((id >= 7162412) AND (id <= 7163411))
	        ->  Bitmap Index Scan on sbtest4_pkey  (cost=0.00..22.44 rows=1001 width=0)
	              Index Cond: ((id >= 7162412) AND (id <= 7163411))

table 5 : explain SELECT c FROM sbtest5 WHERE id BETWEEN 1800208 AND 1801207 ORDER BY c
	Sort  (cost=3793.63..3796.06 rows=969 width=121)
	  Sort Key: c
	  ->  Bitmap Heap Scan on sbtest5  (cost=22.37..3745.57 rows=969 width=121)
	        Recheck Cond: ((id >= 1800208) AND (id <= 1801207))
	        ->  Bitmap Index Scan on sbtest5_pkey  (cost=0.00..22.12 rows=969 width=0)
	              Index Cond: ((id >= 1800208) AND (id <= 1801207))

table 6 : explain SELECT c FROM sbtest6 WHERE id BETWEEN 1981121 AND 1982120 ORDER BY c
	Sort  (cost=3793.65..3796.07 rows=969 width=121)
	  Sort Key: c
	  ->  Bitmap Heap Scan on sbtest6  (cost=22.37..3745.59 rows=969 width=121)
	        Recheck Cond: ((id >= 1981121) AND (id <= 1982120))
	        ->  Bitmap Index Scan on sbtest6_pkey  (cost=0.00..22.12 rows=969 width=0)
	              Index Cond: ((id >= 1981121) AND (id <= 1982120))

table 7 : explain SELECT c FROM sbtest7 WHERE id BETWEEN 30609 AND 31608 ORDER BY c
	Sort  (cost=3637.59..3639.91 rows=928 width=121)
	  Sort Key: c
	  ->  Bitmap Heap Scan on sbtest7  (cost=21.95..3591.85 rows=928 width=121)
	        Recheck Cond: ((id >= 30609) AND (id <= 31608))
	        ->  Bitmap Index Scan on sbtest7_pkey  (cost=0.00..21.71 rows=928 width=0)
	              Index Cond: ((id >= 30609) AND (id <= 31608))

table 8 : explain SELECT c FROM sbtest8 WHERE id BETWEEN 8030623 AND 8031622 ORDER BY c
	Sort  (cost=3664.36..3666.70 rows=935 width=121)
	  Sort Key: c
	  ->  Bitmap Heap Scan on sbtest8  (cost=22.02..3618.23 rows=935 width=121)
	        Recheck Cond: ((id >= 8030623) AND (id <= 8031622))
	        ->  Bitmap Index Scan on sbtest8_pkey  (cost=0.00..21.79 rows=935 width=0)
	              Index Cond: ((id >= 8030623) AND (id <= 8031622))

for: distinct_ranges
table 1 : explain SELECT DISTINCT c FROM sbtest1 WHERE id BETWEEN 1165812 AND 1166811 ORDER BY c
	Unique  (cost=3932.74..3937.77 rows=1006 width=121)
	  ->  Sort  (cost=3932.74..3935.25 rows=1006 width=121)
	        Sort Key: c
	        ->  Bitmap Heap Scan on sbtest1  (cost=22.75..3882.57 rows=1006 width=121)
	              Recheck Cond: ((id >= 1165812) AND (id <= 1166811))
	              ->  Bitmap Index Scan on sbtest1_pkey  (cost=0.00..22.50 rows=1006 width=0)
	                    Index Cond: ((id >= 1165812) AND (id <= 1166811))

table 2 : explain SELECT DISTINCT c FROM sbtest2 WHERE id BETWEEN 614193 AND 615192 ORDER BY c
	Unique  (cost=3597.05..3601.64 rows=918 width=121)
	  ->  Sort  (cost=3597.05..3599.35 rows=918 width=121)
	        Sort Key: c
	        ->  Bitmap Heap Scan on sbtest2  (cost=21.84..3551.88 rows=918 width=121)
	              Recheck Cond: ((id >= 614193) AND (id <= 615192))
	              ->  Bitmap Index Scan on sbtest2_pkey  (cost=0.00..21.61 rows=918 width=0)
	                    Index Cond: ((id >= 614193) AND (id <= 615192))

table 3 : explain SELECT DISTINCT c FROM sbtest3 WHERE id BETWEEN 6189751 AND 6190750 ORDER BY c
	Unique  (cost=3551.15..3555.68 rows=906 width=121)
	  ->  Sort  (cost=3551.15..3553.41 rows=906 width=121)
	        Sort Key: c
	        ->  Bitmap Heap Scan on sbtest3  (cost=21.72..3506.65 rows=906 width=121)
	              Recheck Cond: ((id >= 6189751) AND (id <= 6190750))
	              ->  Bitmap Index Scan on sbtest3_pkey  (cost=0.00..21.50 rows=906 width=0)
	                    Index Cond: ((id >= 6189751) AND (id <= 6190750))

table 4 : explain SELECT DISTINCT c FROM sbtest4 WHERE id BETWEEN 5839056 AND 5840055 ORDER BY c
	Unique  (cost=3513.70..3518.18 rows=896 width=121)
	  ->  Sort  (cost=3513.70..3515.94 rows=896 width=121)
	        Sort Key: c
	        ->  Bitmap Heap Scan on sbtest4  (cost=21.62..3469.76 rows=896 width=121)
	              Recheck Cond: ((id >= 5839056) AND (id <= 5840055))
	              ->  Bitmap Index Scan on sbtest4_pkey  (cost=0.00..21.39 rows=896 width=0)
	                    Index Cond: ((id >= 5839056) AND (id <= 5840055))

table 5 : explain SELECT DISTINCT c FROM sbtest5 WHERE id BETWEEN 5136571 AND 5137570 ORDER BY c
	Unique  (cost=4007.86..4012.99 rows=1025 width=121)
	  ->  Sort  (cost=4007.86..4010.43 rows=1025 width=121)
	        Sort Key: c
	        ->  Bitmap Heap Scan on sbtest5  (cost=22.94..3956.61 rows=1025 width=121)
	              Recheck Cond: ((id >= 5136571) AND (id <= 5137570))
	              ->  Bitmap Index Scan on sbtest5_pkey  (cost=0.00..22.68 rows=1025 width=0)
	                    Index Cond: ((id >= 5136571) AND (id <= 5137570))

table 6 : explain SELECT DISTINCT c FROM sbtest6 WHERE id BETWEEN 3110860 AND 3111859 ORDER BY c
	Unique  (cost=3763.01..3767.82 rows=961 width=121)
	  ->  Sort  (cost=3763.01..3765.42 rows=961 width=121)
	        Sort Key: c
	        ->  Bitmap Heap Scan on sbtest6  (cost=22.29..3715.40 rows=961 width=121)
	              Recheck Cond: ((id >= 3110860) AND (id <= 3111859))
	              ->  Bitmap Index Scan on sbtest6_pkey  (cost=0.00..22.04 rows=961 width=0)
	                    Index Cond: ((id >= 3110860) AND (id <= 3111859))

table 7 : explain SELECT DISTINCT c FROM sbtest7 WHERE id BETWEEN 7555387 AND 7556386 ORDER BY c
	Unique  (cost=3767.94..3772.75 rows=962 width=121)
	  ->  Sort  (cost=3767.94..3770.34 rows=962 width=121)
	        Sort Key: c
	        ->  Bitmap Heap Scan on sbtest7  (cost=22.30..3720.27 rows=962 width=121)
	              Recheck Cond: ((id >= 7555387) AND (id <= 7556386))
	              ->  Bitmap Index Scan on sbtest7_pkey  (cost=0.00..22.05 rows=962 width=0)
	                    Index Cond: ((id >= 7555387) AND (id <= 7556386))

table 8 : explain SELECT DISTINCT c FROM sbtest8 WHERE id BETWEEN 6618914 AND 6619913 ORDER BY c
	Unique  (cost=3863.60..3868.54 rows=987 width=121)
	  ->  Sort  (cost=3863.60..3866.07 rows=987 width=121)
	        Sort Key: c
	        ->  Bitmap Heap Scan on sbtest8  (cost=22.55..3814.52 rows=987 width=121)
	              Recheck Cond: ((id >= 6618914) AND (id <= 6619913))
	              ->  Bitmap Index Scan on sbtest8_pkey  (cost=0.00..22.30 rows=987 width=0)
	                    Index Cond: ((id >= 6618914) AND (id <= 6619913))

for: distinct_ranges
table 1 : explain SELECT DISTINCT c FROM sbtest1 WHERE id BETWEEN 87032 AND 88031 ORDER BY c
	Unique  (cost=3814.23..3819.11 rows=975 width=121)
	  ->  Sort  (cost=3814.23..3816.67 rows=975 width=121)
	        Sort Key: c
	        ->  Bitmap Heap Scan on sbtest1  (cost=22.43..3765.83 rows=975 width=121)
	              Recheck Cond: ((id >= 87032) AND (id <= 88031))
	              ->  Bitmap Index Scan on sbtest1_pkey  (cost=0.00..22.18 rows=975 width=0)
	                    Index Cond: ((id >= 87032) AND (id <= 88031))

table 2 : explain SELECT DISTINCT c FROM sbtest2 WHERE id BETWEEN 6804041 AND 6805040 ORDER BY c
	Unique  (cost=4094.35..4099.59 rows=1048 width=121)
	  ->  Sort  (cost=4094.35..4096.97 rows=1048 width=121)
	        Sort Key: c
	        ->  Bitmap Heap Scan on sbtest2  (cost=23.18..4041.78 rows=1048 width=121)
	              Recheck Cond: ((id >= 6804041) AND (id <= 6805040))
	              ->  Bitmap Index Scan on sbtest2_pkey  (cost=0.00..22.91 rows=1048 width=0)
	                    Index Cond: ((id >= 6804041) AND (id <= 6805040))

table 3 : explain SELECT DISTINCT c FROM sbtest3 WHERE id BETWEEN 990312 AND 991311 ORDER BY c
	Unique  (cost=3960.79..3965.85 rows=1013 width=121)
	  ->  Sort  (cost=3960.79..3963.32 rows=1013 width=121)
	        Sort Key: c
	        ->  Bitmap Heap Scan on sbtest3  (cost=22.82..3910.22 rows=1013 width=121)
	              Recheck Cond: ((id >= 990312) AND (id <= 991311))
	              ->  Bitmap Index Scan on sbtest3_pkey  (cost=0.00..22.57 rows=1013 width=0)
	                    Index Cond: ((id >= 990312) AND (id <= 991311))

table 4 : explain SELECT DISTINCT c FROM sbtest4 WHERE id BETWEEN 5216995 AND 5217994 ORDER BY c
	Unique  (cost=3877.74..3882.70 rows=991 width=121)
	  ->  Sort  (cost=3877.74..3880.22 rows=991 width=121)
	        Sort Key: c
	        ->  Bitmap Heap Scan on sbtest4  (cost=22.59..3828.43 rows=991 width=121)
	              Recheck Cond: ((id >= 5216995) AND (id <= 5217994))
	              ->  Bitmap Index Scan on sbtest4_pkey  (cost=0.00..22.34 rows=991 width=0)
	                    Index Cond: ((id >= 5216995) AND (id <= 5217994))

table 5 : explain SELECT DISTINCT c FROM sbtest5 WHERE id BETWEEN 7934599 AND 7935598 ORDER BY c
	Unique  (cost=3594.36..3598.94 rows=917 width=121)
	  ->  Sort  (cost=3594.36..3596.65 rows=917 width=121)
	        Sort Key: c
	        ->  Bitmap Heap Scan on sbtest5  (cost=21.83..3549.24 rows=917 width=121)
	              Recheck Cond: ((id >= 7934599) AND (id <= 7935598))
	              ->  Bitmap Index Scan on sbtest5_pkey  (cost=0.00..21.61 rows=917 width=0)
	                    Index Cond: ((id >= 7934599) AND (id <= 7935598))

table 6 : explain SELECT DISTINCT c FROM sbtest6 WHERE id BETWEEN 1414140 AND 1415139 ORDER BY c
	Unique  (cost=3724.71..3729.46 rows=951 width=121)
	  ->  Sort  (cost=3724.71..3727.09 rows=951 width=121)
	        Sort Key: c
	        ->  Bitmap Heap Scan on sbtest6  (cost=22.18..3677.67 rows=951 width=121)
	              Recheck Cond: ((id >= 1414140) AND (id <= 1415139))
	              ->  Bitmap Index Scan on sbtest6_pkey  (cost=0.00..21.94 rows=951 width=0)
	                    Index Cond: ((id >= 1414140) AND (id <= 1415139))

table 7 : explain SELECT DISTINCT c FROM sbtest7 WHERE id BETWEEN 4026728 AND 4027727 ORDER BY c
	Unique  (cost=3836.88..3841.78 rows=980 width=121)
	  ->  Sort  (cost=3836.88..3839.33 rows=980 width=121)
	        Sort Key: c
	        ->  Bitmap Heap Scan on sbtest7  (cost=22.48..3788.19 rows=980 width=121)
	              Recheck Cond: ((id >= 4026728) AND (id <= 4027727))
	              ->  Bitmap Index Scan on sbtest7_pkey  (cost=0.00..22.23 rows=980 width=0)
	                    Index Cond: ((id >= 4026728) AND (id <= 4027727))

table 8 : explain SELECT DISTINCT c FROM sbtest8 WHERE id BETWEEN 7532420 AND 7533419 ORDER BY c
	Unique  (cost=4058.87..4064.06 rows=1037 width=121)
	  ->  Sort  (cost=4058.87..4061.47 rows=1037 width=121)
	        Sort Key: c
	        ->  Bitmap Heap Scan on sbtest8  (cost=27.06..4006.93 rows=1037 width=121)
	              Recheck Cond: ((id >= 7532420) AND (id <= 7533419))
	              ->  Bitmap Index Scan on sbtest8_pkey  (cost=0.00..26.80 rows=1037 width=0)
	                    Index Cond: ((id >= 7532420) AND (id <= 7533419))

for: distinct_ranges
table 1 : explain SELECT DISTINCT c FROM sbtest1 WHERE id BETWEEN 602066 AND 603065 ORDER BY c
	Unique  (cost=4192.27..4197.64 rows=1074 width=121)
	  ->  Sort  (cost=4192.27..4194.95 rows=1074 width=121)
	        Sort Key: c
	        ->  Bitmap Heap Scan on sbtest1  (cost=23.44..4138.20 rows=1074 width=121)
	              Recheck Cond: ((id >= 602066) AND (id <= 603065))
	              ->  Bitmap Index Scan on sbtest1_pkey  (cost=0.00..23.18 rows=1074 width=0)
	                    Index Cond: ((id >= 602066) AND (id <= 603065))

table 2 : explain SELECT DISTINCT c FROM sbtest2 WHERE id BETWEEN 4504229 AND 4505228 ORDER BY c
	Unique  (cost=3780.92..3785.75 rows=966 width=121)
	  ->  Sort  (cost=3780.92..3783.33 rows=966 width=121)
	        Sort Key: c
	        ->  Bitmap Heap Scan on sbtest2  (cost=22.34..3733.02 rows=966 width=121)
	              Recheck Cond: ((id >= 4504229) AND (id <= 4505228))
	              ->  Bitmap Index Scan on sbtest2_pkey  (cost=0.00..22.09 rows=966 width=0)
	                    Index Cond: ((id >= 4504229) AND (id <= 4505228))

table 3 : explain SELECT DISTINCT c FROM sbtest3 WHERE id BETWEEN 1077709 AND 1078708 ORDER BY c
	Unique  (cost=3639.32..3643.97 rows=929 width=121)
	  ->  Sort  (cost=3639.32..3641.64 rows=929 width=121)
	        Sort Key: c
	        ->  Bitmap Heap Scan on sbtest3  (cost=21.96..3593.52 rows=929 width=121)
	              Recheck Cond: ((id >= 1077709) AND (id <= 1078708))
	              ->  Bitmap Index Scan on sbtest3_pkey  (cost=0.00..21.72 rows=929 width=0)
	                    Index Cond: ((id >= 1077709) AND (id <= 1078708))

table 4 : explain SELECT DISTINCT c FROM sbtest4 WHERE id BETWEEN 5666024 AND 5667023 ORDER BY c
	Unique  (cost=4279.01..4284.48 rows=1095 width=121)
	  ->  Sort  (cost=4279.01..4281.75 rows=1095 width=121)
	        Sort Key: c
	        ->  Bitmap Heap Scan on sbtest4  (cost=27.66..4223.73 rows=1095 width=121)
	              Recheck Cond: ((id >= 5666024) AND (id <= 5667023))
	              ->  Bitmap Index Scan on sbtest4_pkey  (cost=0.00..27.39 rows=1095 width=0)
	                    Index Cond: ((id >= 5666024) AND (id <= 5667023))

table 5 : explain SELECT DISTINCT c FROM sbtest5 WHERE id BETWEEN 304406 AND 305405 ORDER BY c
	Unique  (cost=3525.30..3529.79 rows=899 width=121)
	  ->  Sort  (cost=3525.30..3527.55 rows=899 width=121)
	        Sort Key: c
	        ->  Bitmap Heap Scan on sbtest5  (cost=21.65..3481.19 rows=899 width=121)
	              Recheck Cond: ((id >= 304406) AND (id <= 305405))
	              ->  Bitmap Index Scan on sbtest5_pkey  (cost=0.00..21.43 rows=899 width=0)
	                    Index Cond: ((id >= 304406) AND (id <= 305405))

table 6 : explain SELECT DISTINCT c FROM sbtest6 WHERE id BETWEEN 7990619 AND 7991618 ORDER BY c
	Unique  (cost=3805.14..3810.00 rows=972 width=121)
	  ->  Sort  (cost=3805.14..3807.57 rows=972 width=121)
	        Sort Key: c
	        ->  Bitmap Heap Scan on sbtest6  (cost=22.40..3756.90 rows=972 width=121)
	              Recheck Cond: ((id >= 7990619) AND (id <= 7991618))
	              ->  Bitmap Index Scan on sbtest6_pkey  (cost=0.00..22.15 rows=972 width=0)
	                    Index Cond: ((id >= 7990619) AND (id <= 7991618))

table 7 : explain SELECT DISTINCT c FROM sbtest7 WHERE id BETWEEN 5980631 AND 5981630 ORDER BY c
	Unique  (cost=3507.10..3511.57 rows=894 width=121)
	  ->  Sort  (cost=3507.10..3509.34 rows=894 width=121)
	        Sort Key: c
	        ->  Bitmap Heap Scan on sbtest7  (cost=21.60..3463.28 rows=894 width=121)
	              Recheck Cond: ((id >= 5980631) AND (id <= 5981630))
	              ->  Bitmap Index Scan on sbtest7_pkey  (cost=0.00..21.37 rows=894 width=0)
	                    Index Cond: ((id >= 5980631) AND (id <= 5981630))

table 8 : explain SELECT DISTINCT c FROM sbtest8 WHERE id BETWEEN 678616 AND 679615 ORDER BY c
	Unique  (cost=3932.67..3937.69 rows=1004 width=121)
	  ->  Sort  (cost=3932.67..3935.18 rows=1004 width=121)
	        Sort Key: c
	        ->  Bitmap Heap Scan on sbtest8  (cost=26.73..3882.61 rows=1004 width=121)
	              Recheck Cond: ((id >= 678616) AND (id <= 679615))
	              ->  Bitmap Index Scan on sbtest8_pkey  (cost=0.00..26.47 rows=1004 width=0)
	                    Index Cond: ((id >= 678616) AND (id <= 679615))

for: distinct_ranges
table 1 : explain SELECT DISTINCT c FROM sbtest1 WHERE id BETWEEN 6690056 AND 6691055 ORDER BY c
	Unique  (cost=3680.30..3685.00 rows=940 width=121)
	  ->  Sort  (cost=3680.30..3682.65 rows=940 width=121)
	        Sort Key: c
	        ->  Bitmap Heap Scan on sbtest1  (cost=22.07..3633.88 rows=940 width=121)
	              Recheck Cond: ((id >= 6690056) AND (id <= 6691055))
	              ->  Bitmap Index Scan on sbtest1_pkey  (cost=0.00..21.83 rows=940 width=0)
	                    Index Cond: ((id >= 6690056) AND (id <= 6691055))

table 2 : explain SELECT DISTINCT c FROM sbtest2 WHERE id BETWEEN 9940191 AND 9941190 ORDER BY c
	Unique  (cost=3865.09..3870.03 rows=988 width=121)
	  ->  Sort  (cost=3865.09..3867.56 rows=988 width=121)
	        Sort Key: c
	        ->  Bitmap Heap Scan on sbtest2  (cost=22.56..3815.94 rows=988 width=121)
	              Recheck Cond: ((id >= 9940191) AND (id <= 9941190))
	              ->  Bitmap Index Scan on sbtest2_pkey  (cost=0.00..22.32 rows=988 width=0)
	                    Index Cond: ((id >= 9940191) AND (id <= 9941190))

table 3 : explain SELECT DISTINCT c FROM sbtest3 WHERE id BETWEEN 605065 AND 606064 ORDER BY c
	Unique  (cost=4189.88..4195.25 rows=1073 width=121)
	  ->  Sort  (cost=4189.88..4192.56 rows=1073 width=121)
	        Sort Key: c
	        ->  Bitmap Heap Scan on sbtest3  (cost=23.43..4135.87 rows=1073 width=121)
	              Recheck Cond: ((id >= 605065) AND (id <= 606064))
	              ->  Bitmap Index Scan on sbtest3_pkey  (cost=0.00..23.16 rows=1073 width=0)
	                    Index Cond: ((id >= 605065) AND (id <= 606064))

table 4 : explain SELECT DISTINCT c FROM sbtest4 WHERE id BETWEEN 1535100 AND 1536099 ORDER BY c
	Unique  (cost=3870.09..3875.03 rows=989 width=121)
	  ->  Sort  (cost=3870.09..3872.56 rows=989 width=121)
	        Sort Key: c
	        ->  Bitmap Heap Scan on sbtest4  (cost=22.57..3820.89 rows=989 width=121)
	              Recheck Cond: ((id >= 1535100) AND (id <= 1536099))
	              ->  Bitmap Index Scan on sbtest4_pkey  (cost=0.00..22.32 rows=989 width=0)
	                    Index Cond: ((id >= 1535100) AND (id <= 1536099))

table 5 : explain SELECT DISTINCT c FROM sbtest5 WHERE id BETWEEN 3103814 AND 3104813 ORDER BY c
	Unique  (cost=3984.93..3990.02 rows=1019 width=121)
	  ->  Sort  (cost=3984.93..3987.48 rows=1019 width=121)
	        Sort Key: c
	        ->  Bitmap Heap Scan on sbtest5  (cost=22.88..3934.01 rows=1019 width=121)
	              Recheck Cond: ((id >= 3103814) AND (id <= 3104813))
	              ->  Bitmap Index Scan on sbtest5_pkey  (cost=0.00..22.62 rows=1019 width=0)
	                    Index Cond: ((id >= 3103814) AND (id <= 3104813))

table 6 : explain SELECT DISTINCT c FROM sbtest6 WHERE id BETWEEN 9109256 AND 9110255 ORDER BY c
	Unique  (cost=4034.63..4039.79 rows=1032 width=121)
	  ->  Sort  (cost=4034.63..4037.21 rows=1032 width=121)
	        Sort Key: c
	        ->  Bitmap Heap Scan on sbtest6  (cost=23.01..3982.98 rows=1032 width=121)
	              Recheck Cond: ((id >= 9109256) AND (id <= 9110255))
	              ->  Bitmap Index Scan on sbtest6_pkey  (cost=0.00..22.75 rows=1032 width=0)
	                    Index Cond: ((id >= 9109256) AND (id <= 9110255))

table 7 : explain SELECT DISTINCT c FROM sbtest7 WHERE id BETWEEN 6680438 AND 6681437 ORDER BY c
	Unique  (cost=4581.64..4587.51 rows=1175 width=121)
	  ->  Sort  (cost=4581.64..4584.58 rows=1175 width=121)
	        Sort Key: c
	        ->  Bitmap Heap Scan on sbtest7  (cost=28.48..4521.72 rows=1175 width=121)
	              Recheck Cond: ((id >= 6680438) AND (id <= 6681437))
	              ->  Bitmap Index Scan on sbtest7_pkey  (cost=0.00..28.18 rows=1175 width=0)
	                    Index Cond: ((id >= 6680438) AND (id <= 6681437))

table 8 : explain SELECT DISTINCT c FROM sbtest8 WHERE id BETWEEN 2737722 AND 2738721 ORDER BY c
	Unique  (cost=4238.40..4243.82 rows=1084 width=121)
	  ->  Sort  (cost=4238.40..4241.11 rows=1084 width=121)
	        Sort Key: c
	        ->  Bitmap Heap Scan on sbtest8  (cost=27.55..4183.75 rows=1084 width=121)
	              Recheck Cond: ((id >= 2737722) AND (id <= 2738721))
	              ->  Bitmap Index Scan on sbtest8_pkey  (cost=0.00..27.27 rows=1084 width=0)
	                    Index Cond: ((id >= 2737722) AND (id <= 2738721))

for: simple_ranges
table 1 : explain SELECT c FROM sbtest1 WHERE id BETWEEN 1549611 AND 1550610
	Bitmap Heap Scan on sbtest1  (cost=23.03..3987.90 rows=1034 width=121)
	  Recheck Cond: ((id >= 1549611) AND (id <= 1550610))
	  ->  Bitmap Index Scan on sbtest1_pkey  (cost=0.00..22.77 rows=1034 width=0)
	        Index Cond: ((id >= 1549611) AND (id <= 1550610))

table 2 : explain SELECT c FROM sbtest2 WHERE id BETWEEN 3524118 AND 3525117
	Bitmap Heap Scan on sbtest2  (cost=23.34..4101.92 rows=1064 width=121)
	  Recheck Cond: ((id >= 3524118) AND (id <= 3525117))
	  ->  Bitmap Index Scan on sbtest2_pkey  (cost=0.00..23.07 rows=1064 width=0)
	        Index Cond: ((id >= 3524118) AND (id <= 3525117))

table 3 : explain SELECT c FROM sbtest3 WHERE id BETWEEN 7855344 AND 7856343
	Bitmap Heap Scan on sbtest3  (cost=22.36..3740.68 rows=968 width=121)
	  Recheck Cond: ((id >= 7855344) AND (id <= 7856343))
	  ->  Bitmap Index Scan on sbtest3_pkey  (cost=0.00..22.11 rows=968 width=0)
	        Index Cond: ((id >= 7855344) AND (id <= 7856343))

table 4 : explain SELECT c FROM sbtest4 WHERE id BETWEEN 9973557 AND 9974556
	Bitmap Heap Scan on sbtest4  (cost=22.67..3858.57 rows=999 width=121)
	  Recheck Cond: ((id >= 9973557) AND (id <= 9974556))
	  ->  Bitmap Index Scan on sbtest4_pkey  (cost=0.00..22.43 rows=999 width=0)
	        Index Cond: ((id >= 9973557) AND (id <= 9974556))

table 5 : explain SELECT c FROM sbtest5 WHERE id BETWEEN 1212199 AND 1213198
	Bitmap Heap Scan on sbtest5  (cost=22.70..3866.21 rows=1001 width=121)
	  Recheck Cond: ((id >= 1212199) AND (id <= 1213198))
	  ->  Bitmap Index Scan on sbtest5_pkey  (cost=0.00..22.44 rows=1001 width=0)
	        Index Cond: ((id >= 1212199) AND (id <= 1213198))

table 6 : explain SELECT c FROM sbtest6 WHERE id BETWEEN 5622631 AND 5623630
	Bitmap Heap Scan on sbtest6  (cost=27.28..4084.80 rows=1058 width=121)
	  Recheck Cond: ((id >= 5622631) AND (id <= 5623630))
	  ->  Bitmap Index Scan on sbtest6_pkey  (cost=0.00..27.01 rows=1058 width=0)
	        Index Cond: ((id >= 5622631) AND (id <= 5623630))

table 7 : explain SELECT c FROM sbtest7 WHERE id BETWEEN 7346057 AND 7347056
	Bitmap Heap Scan on sbtest7  (cost=21.81..3542.71 rows=915 width=121)
	  Recheck Cond: ((id >= 7346057) AND (id <= 7347056))
	  ->  Bitmap Index Scan on sbtest7_pkey  (cost=0.00..21.58 rows=915 width=0)
	        Index Cond: ((id >= 7346057) AND (id <= 7347056))

table 8 : explain SELECT c FROM sbtest8 WHERE id BETWEEN 9681156 AND 9682155
	Bitmap Heap Scan on sbtest8  (cost=27.62..4210.06 rows=1091 width=121)
	  Recheck Cond: ((id >= 9681156) AND (id <= 9682155))
	  ->  Bitmap Index Scan on sbtest8_pkey  (cost=0.00..27.34 rows=1091 width=0)
	        Index Cond: ((id >= 9681156) AND (id <= 9682155))

for point_selects
table 1 : explain SELECT c FROM sbtest1 WHERE id=1858897
	Index Scan using sbtest1_pkey on sbtest1  (cost=0.43..8.45 rows=1 width=121)
	  Index Cond: (id = 1858897)

table 2 : explain SELECT c FROM sbtest2 WHERE id=7881809
	Index Scan using sbtest2_pkey on sbtest2  (cost=0.43..8.45 rows=1 width=121)
	  Index Cond: (id = 7881809)

table 3 : explain SELECT c FROM sbtest3 WHERE id=882951
	Index Scan using sbtest3_pkey on sbtest3  (cost=0.43..8.45 rows=1 width=121)
	  Index Cond: (id = 882951)

table 4 : explain SELECT c FROM sbtest4 WHERE id=6629206
	Index Scan using sbtest4_pkey on sbtest4  (cost=0.43..8.45 rows=1 width=121)
	  Index Cond: (id = 6629206)

table 5 : explain SELECT c FROM sbtest5 WHERE id=2784831
	Index Scan using sbtest5_pkey on sbtest5  (cost=0.43..8.45 rows=1 width=121)
	  Index Cond: (id = 2784831)

table 6 : explain SELECT c FROM sbtest6 WHERE id=7062373
	Index Scan using sbtest6_pkey on sbtest6  (cost=0.43..8.45 rows=1 width=121)
	  Index Cond: (id = 7062373)

table 7 : explain SELECT c FROM sbtest7 WHERE id=9660813
	Index Scan using sbtest7_pkey on sbtest7  (cost=0.43..8.45 rows=1 width=121)
	  Index Cond: (id = 9660813)

table 8 : explain SELECT c FROM sbtest8 WHERE id=9144031
	Index Scan using sbtest8_pkey on sbtest8  (cost=0.43..8.45 rows=1 width=121)
	  Index Cond: (id = 9144031)

for: simple_ranges
table 1 : explain SELECT c FROM sbtest1 WHERE id BETWEEN 6682114 AND 6683113
	Bitmap Heap Scan on sbtest1  (cost=22.07..3633.88 rows=940 width=121)
	  Recheck Cond: ((id >= 6682114) AND (id <= 6683113))
	  ->  Bitmap Index Scan on sbtest1_pkey  (cost=0.00..21.83 rows=940 width=0)
	        Index Cond: ((id >= 6682114) AND (id <= 6683113))

table 2 : explain SELECT c FROM sbtest2 WHERE id BETWEEN 4459447 AND 4460446
	Bitmap Heap Scan on sbtest2  (cost=27.80..4271.18 rows=1109 width=121)
	  Recheck Cond: ((id >= 4459447) AND (id <= 4460446))
	  ->  Bitmap Index Scan on sbtest2_pkey  (cost=0.00..27.52 rows=1109 width=0)
	        Index Cond: ((id >= 4459447) AND (id <= 4460446))

table 3 : explain SELECT c FROM sbtest3 WHERE id BETWEEN 4681163 AND 4682162
	Bitmap Heap Scan on sbtest3  (cost=27.54..4177.43 rows=1083 width=121)
	  Recheck Cond: ((id >= 4681163) AND (id <= 4682162))
	  ->  Bitmap Index Scan on sbtest3_pkey  (cost=0.00..27.26 rows=1083 width=0)
	        Index Cond: ((id >= 4681163) AND (id <= 4682162))

table 4 : explain SELECT c FROM sbtest4 WHERE id BETWEEN 9597384 AND 9598383
	Bitmap Heap Scan on sbtest4  (cost=22.87..3930.15 rows=1018 width=121)
	  Recheck Cond: ((id >= 9597384) AND (id <= 9598383))
	  ->  Bitmap Index Scan on sbtest4_pkey  (cost=0.00..22.61 rows=1018 width=0)
	        Index Cond: ((id >= 9597384) AND (id <= 9598383))

table 5 : explain SELECT c FROM sbtest5 WHERE id BETWEEN 3355396 AND 3356395
	Bitmap Heap Scan on sbtest5  (cost=27.86..4295.21 rows=1115 width=121)
	  Recheck Cond: ((id >= 3355396) AND (id <= 3356395))
	  ->  Bitmap Index Scan on sbtest5_pkey  (cost=0.00..27.58 rows=1115 width=0)
	        Index Cond: ((id >= 3355396) AND (id <= 3356395))

table 6 : explain SELECT c FROM sbtest6 WHERE id BETWEEN 7552773 AND 7553772
	Bitmap Heap Scan on sbtest6  (cost=23.16..4035.66 rows=1046 width=121)
	  Recheck Cond: ((id >= 7552773) AND (id <= 7553772))
	  ->  Bitmap Index Scan on sbtest6_pkey  (cost=0.00..22.89 rows=1046 width=0)
	        Index Cond: ((id >= 7552773) AND (id <= 7553772))

table 7 : explain SELECT c FROM sbtest7 WHERE id BETWEEN 2495915 AND 2496914
	Bitmap Heap Scan on sbtest7  (cost=27.44..4146.24 rows=1074 width=121)
	  Recheck Cond: ((id >= 2495915) AND (id <= 2496914))
	  ->  Bitmap Index Scan on sbtest7_pkey  (cost=0.00..27.18 rows=1074 width=0)
	        Index Cond: ((id >= 2495915) AND (id <= 2496914))

table 8 : explain SELECT c FROM sbtest8 WHERE id BETWEEN 4766429 AND 4767428
	Bitmap Heap Scan on sbtest8  (cost=26.88..3939.14 rows=1019 width=121)
	  Recheck Cond: ((id >= 4766429) AND (id <= 4767428))
	  ->  Bitmap Index Scan on sbtest8_pkey  (cost=0.00..26.62 rows=1019 width=0)
	        Index Cond: ((id >= 4766429) AND (id <= 4767428))

explain: for point_selects :: explain SELECT c FROM sbtest%u WHERE id=%u
for: simple_ranges
table 1 : explain SELECT c FROM sbtest1 WHERE id BETWEEN 2005707 AND 2006706
	Bitmap Heap Scan on sbtest1  (cost=22.56..3814.80 rows=988 width=121)
	  Recheck Cond: ((id >= 2005707) AND (id <= 2006706))
	  ->  Bitmap Index Scan on sbtest1_pkey  (cost=0.00..22.32 rows=988 width=0)
	        Index Cond: ((id >= 2005707) AND (id <= 2006706))

table 2 : explain SELECT c FROM sbtest2 WHERE id BETWEEN 4769973 AND 4770972
	Bitmap Heap Scan on sbtest2  (cost=21.79..3532.99 rows=913 width=121)
	  Recheck Cond: ((id >= 4769973) AND (id <= 4770972))
	  ->  Bitmap Index Scan on sbtest2_pkey  (cost=0.00..21.57 rows=913 width=0)
	        Index Cond: ((id >= 4769973) AND (id <= 4770972))

table 3 : explain SELECT c FROM sbtest3 WHERE id BETWEEN 9108068 AND 9109067
	Bitmap Heap Scan on sbtest3  (cost=22.45..3774.61 rows=977 width=121)
	  Recheck Cond: ((id >= 9108068) AND (id <= 9109067))
	  ->  Bitmap Index Scan on sbtest3_pkey  (cost=0.00..22.20 rows=977 width=0)
	        Index Cond: ((id >= 9108068) AND (id <= 9109067))

table 4 : explain SELECT c FROM sbtest4 WHERE id BETWEEN 7448091 AND 7449090
	Bitmap Heap Scan on sbtest4  (cost=22.66..3854.81 rows=998 width=121)
	  Recheck Cond: ((id >= 7448091) AND (id <= 7449090))
	  ->  Bitmap Index Scan on sbtest4_pkey  (cost=0.00..22.41 rows=998 width=0)
	        Index Cond: ((id >= 7448091) AND (id <= 7449090))

table 5 : explain SELECT c FROM sbtest5 WHERE id BETWEEN 9042510 AND 9043509
	Bitmap Heap Scan on sbtest5  (cost=23.11..4016.83 rows=1041 width=121)
	  Recheck Cond: ((id >= 9042510) AND (id <= 9043509))
	  ->  Bitmap Index Scan on sbtest5_pkey  (cost=0.00..22.84 rows=1041 width=0)
	        Index Cond: ((id >= 9042510) AND (id <= 9043509))

table 6 : explain SELECT c FROM sbtest6 WHERE id BETWEEN 5387925 AND 5388924
	Bitmap Heap Scan on sbtest6  (cost=22.85..3922.73 rows=1016 width=121)
	  Recheck Cond: ((id >= 5387925) AND (id <= 5388924))
	  ->  Bitmap Index Scan on sbtest6_pkey  (cost=0.00..22.59 rows=1016 width=0)
	        Index Cond: ((id >= 5387925) AND (id <= 5388924))

table 7 : explain SELECT c FROM sbtest7 WHERE id BETWEEN 731023 AND 732022
	Bitmap Heap Scan on sbtest7  (cost=27.54..4180.08 rows=1083 width=121)
	  Recheck Cond: ((id >= 731023) AND (id <= 732022))
	  ->  Bitmap Index Scan on sbtest7_pkey  (cost=0.00..27.26 rows=1083 width=0)
	        Index Cond: ((id >= 731023) AND (id <= 732022))

table 8 : explain SELECT c FROM sbtest8 WHERE id BETWEEN 4371112 AND 4372111
	Bitmap Heap Scan on sbtest8  (cost=26.91..3950.44 rows=1022 width=121)
	  Recheck Cond: ((id >= 4371112) AND (id <= 4372111))
	  ->  Bitmap Index Scan on sbtest8_pkey  (cost=0.00..26.65 rows=1022 width=0)
	        Index Cond: ((id >= 4371112) AND (id <= 4372111))

explain: for point_selects :: explain SELECT c FROM sbtest%u WHERE id=%u
explain: for point_selects :: explain SELECT c FROM sbtest%u WHERE id=%u
explain: for point_selects :: explain SELECT c FROM sbtest%u WHERE id=%u
for: simple_ranges
table 1 : explain SELECT c FROM sbtest1 WHERE id BETWEEN 7703242 AND 7704241
	Bitmap Heap Scan on sbtest1  (cost=22.76..3886.33 rows=1007 width=121)
	  Recheck Cond: ((id >= 7703242) AND (id <= 7704241))
	  ->  Bitmap Index Scan on sbtest1_pkey  (cost=0.00..22.50 rows=1007 width=0)
	        Index Cond: ((id >= 7703242) AND (id <= 7704241))

table 2 : explain SELECT c FROM sbtest2 WHERE id BETWEEN 8862895 AND 8863894
	Bitmap Heap Scan on sbtest2  (cost=22.83..3913.86 rows=1014 width=121)
	  Recheck Cond: ((id >= 8862895) AND (id <= 8863894))
	  ->  Bitmap Index Scan on sbtest2_pkey  (cost=0.00..22.57 rows=1014 width=0)
	        Index Cond: ((id >= 8862895) AND (id <= 8863894))

table 3 : explain SELECT c FROM sbtest3 WHERE id BETWEEN 802068 AND 803067
	Bitmap Heap Scan on sbtest3  (cost=22.70..3865.03 rows=1001 width=121)
	  Recheck Cond: ((id >= 802068) AND (id <= 803067))
	  ->  Bitmap Index Scan on sbtest3_pkey  (cost=0.00..22.44 rows=1001 width=0)
	        Index Cond: ((id >= 802068) AND (id <= 803067))

table 4 : explain SELECT c FROM sbtest4 WHERE id BETWEEN 5095599 AND 5096598
	Bitmap Heap Scan on sbtest4  (cost=23.17..4039.30 rows=1047 width=121)
	  Recheck Cond: ((id >= 5095599) AND (id <= 5096598))
	  ->  Bitmap Index Scan on sbtest4_pkey  (cost=0.00..22.90 rows=1047 width=0)
	        Index Cond: ((id >= 5095599) AND (id <= 5096598))

table 5 : explain SELECT c FROM sbtest5 WHERE id BETWEEN 9937242 AND 9938241
	Bitmap Heap Scan on sbtest5  (cost=23.05..3998.01 rows=1036 width=121)
	  Recheck Cond: ((id >= 9937242) AND (id <= 9938241))
	  ->  Bitmap Index Scan on sbtest5_pkey  (cost=0.00..22.79 rows=1036 width=0)
	        Index Cond: ((id >= 9937242) AND (id <= 9938241))

table 6 : explain SELECT c FROM sbtest6 WHERE id BETWEEN 1344758 AND 1345757
	Bitmap Heap Scan on sbtest6  (cost=22.50..3794.61 rows=982 width=121)
	  Recheck Cond: ((id >= 1344758) AND (id <= 1345757))
	  ->  Bitmap Index Scan on sbtest6_pkey  (cost=0.00..22.25 rows=982 width=0)
	        Index Cond: ((id >= 1344758) AND (id <= 1345757))

table 7 : explain SELECT c FROM sbtest7 WHERE id BETWEEN 5064484 AND 5065483
	Bitmap Heap Scan on sbtest7  (cost=22.76..3890.00 rows=1007 width=121)
	  Recheck Cond: ((id >= 5064484) AND (id <= 5065483))
	  ->  Bitmap Index Scan on sbtest7_pkey  (cost=0.00..22.50 rows=1007 width=0)
	        Index Cond: ((id >= 5064484) AND (id <= 5065483))

table 8 : explain SELECT c FROM sbtest8 WHERE id BETWEEN 4823813 AND 4824812
	Bitmap Heap Scan on sbtest8  (cost=21.37..3379.93 rows=872 width=121)
	  Recheck Cond: ((id >= 4823813) AND (id <= 4824812))
	  ->  Bitmap Index Scan on sbtest8_pkey  (cost=0.00..21.15 rows=872 width=0)
	        Index Cond: ((id >= 4823813) AND (id <= 4824812))

for point_selects
table 1 : explain SELECT c FROM sbtest1 WHERE id=5216960
	Index Scan using sbtest1_pkey on sbtest1  (cost=0.43..8.45 rows=1 width=121)
	  Index Cond: (id = 5216960)

table 2 : explain SELECT c FROM sbtest2 WHERE id=9657143
	Index Scan using sbtest2_pkey on sbtest2  (cost=0.43..8.45 rows=1 width=121)
	  Index Cond: (id = 9657143)

table 3 : explain SELECT c FROM sbtest3 WHERE id=4261387
	Index Scan using sbtest3_pkey on sbtest3  (cost=0.43..8.45 rows=1 width=121)
	  Index Cond: (id = 4261387)

table 4 : explain SELECT c FROM sbtest4 WHERE id=6035165
	Index Scan using sbtest4_pkey on sbtest4  (cost=0.43..8.45 rows=1 width=121)
	  Index Cond: (id = 6035165)

table 5 : explain SELECT c FROM sbtest5 WHERE id=2002591
	Index Scan using sbtest5_pkey on sbtest5  (cost=0.43..8.45 rows=1 width=121)
	  Index Cond: (id = 2002591)

table 6 : explain SELECT c FROM sbtest6 WHERE id=4668385
	Index Scan using sbtest6_pkey on sbtest6  (cost=0.43..8.45 rows=1 width=121)
	  Index Cond: (id = 4668385)

table 7 : explain SELECT c FROM sbtest7 WHERE id=4304058
	Index Scan using sbtest7_pkey on sbtest7  (cost=0.43..8.45 rows=1 width=121)
	  Index Cond: (id = 4304058)

table 8 : explain SELECT c FROM sbtest8 WHERE id=6289400
	Index Scan using sbtest8_pkey on sbtest8  (cost=0.43..8.45 rows=1 width=121)
	  Index Cond: (id = 6289400)

for: simple_ranges
table 1 : explain SELECT c FROM sbtest1 WHERE id BETWEEN 7282940 AND 7283939
	Bitmap Heap Scan on sbtest1  (cost=23.05..3995.42 rows=1036 width=121)
	  Recheck Cond: ((id >= 7282940) AND (id <= 7283939))
	  ->  Bitmap Index Scan on sbtest1_pkey  (cost=0.00..22.79 rows=1036 width=0)
	        Index Cond: ((id >= 7282940) AND (id <= 7283939))

table 2 : explain SELECT c FROM sbtest2 WHERE id BETWEEN 7129961 AND 7130960
	Bitmap Heap Scan on sbtest2  (cost=23.60..4195.83 rows=1089 width=121)
	  Recheck Cond: ((id >= 7129961) AND (id <= 7130960))
	  ->  Bitmap Index Scan on sbtest2_pkey  (cost=0.00..23.32 rows=1089 width=0)
	        Index Cond: ((id >= 7129961) AND (id <= 7130960))

table 3 : explain SELECT c FROM sbtest3 WHERE id BETWEEN 7332706 AND 7333705
	Bitmap Heap Scan on sbtest3  (cost=22.73..3876.33 rows=1004 width=121)
	  Recheck Cond: ((id >= 7332706) AND (id <= 7333705))
	  ->  Bitmap Index Scan on sbtest3_pkey  (cost=0.00..22.47 rows=1004 width=0)
	        Index Cond: ((id >= 7332706) AND (id <= 7333705))

table 4 : explain SELECT c FROM sbtest4 WHERE id BETWEEN 7103868 AND 7104867
	Bitmap Heap Scan on sbtest4  (cost=22.70..3866.11 rows=1001 width=121)
	  Recheck Cond: ((id >= 7103868) AND (id <= 7104867))
	  ->  Bitmap Index Scan on sbtest4_pkey  (cost=0.00..22.44 rows=1001 width=0)
	        Index Cond: ((id >= 7103868) AND (id <= 7104867))

table 5 : explain SELECT c FROM sbtest5 WHERE id BETWEEN 4544118 AND 4545117
	Bitmap Heap Scan on sbtest5  (cost=21.87..3560.57 rows=920 width=121)
	  Recheck Cond: ((id >= 4544118) AND (id <= 4545117))
	  ->  Bitmap Index Scan on sbtest5_pkey  (cost=0.00..21.64 rows=920 width=0)
	        Index Cond: ((id >= 4544118) AND (id <= 4545117))

table 6 : explain SELECT c FROM sbtest6 WHERE id BETWEEN 4291089 AND 4292088
	Bitmap Heap Scan on sbtest6  (cost=22.45..3775.76 rows=977 width=121)
	  Recheck Cond: ((id >= 4291089) AND (id <= 4292088))
	  ->  Bitmap Index Scan on sbtest6_pkey  (cost=0.00..22.20 rows=977 width=0)
	        Index Cond: ((id >= 4291089) AND (id <= 4292088))

table 7 : explain SELECT c FROM sbtest7 WHERE id BETWEEN 5686922 AND 5687921
	Bitmap Heap Scan on sbtest7  (cost=22.83..3916.38 rows=1014 width=121)
	  Recheck Cond: ((id >= 5686922) AND (id <= 5687921))
	  ->  Bitmap Index Scan on sbtest7_pkey  (cost=0.00..22.57 rows=1014 width=0)
	        Index Cond: ((id >= 5686922) AND (id <= 5687921))

table 8 : explain SELECT c FROM sbtest8 WHERE id BETWEEN 4118500 AND 4119499
	Bitmap Heap Scan on sbtest8  (cost=22.16..3671.11 rows=949 width=121)
	  Recheck Cond: ((id >= 4118500) AND (id <= 4119499))
	  ->  Bitmap Index Scan on sbtest8_pkey  (cost=0.00..21.93 rows=949 width=0)
	        Index Cond: ((id >= 4118500) AND (id <= 4119499))

for: sum_ranges
table 1 : explain SELECT SUM(k) FROM sbtest1 WHERE id BETWEEN 347752 AND 348751
	Aggregate  (cost=3545.59..3545.60 rows=1 width=8)
	  ->  Bitmap Heap Scan on sbtest1  (cost=21.82..3543.30 rows=916 width=4)
	        Recheck Cond: ((id >= 347752) AND (id <= 348751))
	        ->  Bitmap Index Scan on sbtest1_pkey  (cost=0.00..21.59 rows=916 width=0)
	              Index Cond: ((id >= 347752) AND (id <= 348751))

table 2 : explain SELECT SUM(k) FROM sbtest2 WHERE id BETWEEN 7972734 AND 7973733
	Aggregate  (cost=3822.18..3822.19 rows=1 width=8)
	  ->  Bitmap Heap Scan on sbtest2  (cost=22.57..3819.71 rows=989 width=4)
	        Recheck Cond: ((id >= 7972734) AND (id <= 7973733))
	        ->  Bitmap Index Scan on sbtest2_pkey  (cost=0.00..22.32 rows=989 width=0)
	              Index Cond: ((id >= 7972734) AND (id <= 7973733))

table 3 : explain SELECT SUM(k) FROM sbtest3 WHERE id BETWEEN 9148855 AND 9149854
	Aggregate  (cost=3777.05..3777.06 rows=1 width=8)
	  ->  Bitmap Heap Scan on sbtest3  (cost=22.45..3774.61 rows=977 width=4)
	        Recheck Cond: ((id >= 9148855) AND (id <= 9149854))
	        ->  Bitmap Index Scan on sbtest3_pkey  (cost=0.00..22.20 rows=977 width=0)
	              Index Cond: ((id >= 9148855) AND (id <= 9149854))

table 4 : explain SELECT SUM(k) FROM sbtest4 WHERE id BETWEEN 7039442 AND 7040441
	Aggregate  (cost=4049.44..4049.45 rows=1 width=8)
	  ->  Bitmap Heap Scan on sbtest4  (cost=23.19..4046.82 rows=1049 width=4)
	        Recheck Cond: ((id >= 7039442) AND (id <= 7040441))
	        ->  Bitmap Index Scan on sbtest4_pkey  (cost=0.00..22.93 rows=1049 width=0)
	              Index Cond: ((id >= 7039442) AND (id <= 7040441))

table 5 : explain SELECT SUM(k) FROM sbtest5 WHERE id BETWEEN 100236 AND 101235
	Aggregate  (cost=3797.05..3797.06 rows=1 width=8)
	  ->  Bitmap Heap Scan on sbtest5  (cost=22.50..3794.60 rows=982 width=4)
	        Recheck Cond: ((id >= 100236) AND (id <= 101235))
	        ->  Bitmap Index Scan on sbtest5_pkey  (cost=0.00..22.25 rows=982 width=0)
	              Index Cond: ((id >= 100236) AND (id <= 101235))

table 6 : explain SELECT SUM(k) FROM sbtest6 WHERE id BETWEEN 3911554 AND 3912553
	Aggregate  (cost=4361.86..4361.87 rows=1 width=8)
	  ->  Bitmap Heap Scan on sbtest6  (cost=28.04..4359.03 rows=1132 width=4)
	        Recheck Cond: ((id >= 3911554) AND (id <= 3912553))
	        ->  Bitmap Index Scan on sbtest6_pkey  (cost=0.00..27.75 rows=1132 width=0)
	              Index Cond: ((id >= 3911554) AND (id <= 3912553))

table 7 : explain SELECT SUM(k) FROM sbtest7 WHERE id BETWEEN 3832660 AND 3833659
	Aggregate  (cost=4141.40..4141.41 rows=1 width=8)
	  ->  Bitmap Heap Scan on sbtest7  (cost=27.42..4138.72 rows=1072 width=4)
	        Recheck Cond: ((id >= 3832660) AND (id <= 3833659))
	        ->  Bitmap Index Scan on sbtest7_pkey  (cost=0.00..27.15 rows=1072 width=0)
	              Index Cond: ((id >= 3832660) AND (id <= 3833659))

table 8 : explain SELECT SUM(k) FROM sbtest8 WHERE id BETWEEN 5727986 AND 5728985
	Aggregate  (cost=3885.12..3885.13 rows=1 width=8)
	  ->  Bitmap Heap Scan on sbtest8  (cost=26.73..3882.61 rows=1004 width=4)
	        Recheck Cond: ((id >= 5727986) AND (id <= 5728985))
	        ->  Bitmap Index Scan on sbtest8_pkey  (cost=0.00..26.47 rows=1004 width=0)
	              Index Cond: ((id >= 5727986) AND (id <= 5728985))

for: sum_ranges
table 1 : explain SELECT SUM(k) FROM sbtest1 WHERE id BETWEEN 4628831 AND 4629830
	Aggregate  (cost=3715.47..3715.48 rows=1 width=8)
	  ->  Bitmap Heap Scan on sbtest1  (cost=22.29..3713.07 rows=961 width=4)
	        Recheck Cond: ((id >= 4628831) AND (id <= 4629830))
	        ->  Bitmap Index Scan on sbtest1_pkey  (cost=0.00..22.04 rows=961 width=0)
	              Index Cond: ((id >= 4628831) AND (id <= 4629830))

table 2 : explain SELECT SUM(k) FROM sbtest2 WHERE id BETWEEN 8808257 AND 8809256
	Aggregate  (cost=3916.40..3916.41 rows=1 width=8)
	  ->  Bitmap Heap Scan on sbtest2  (cost=22.83..3913.86 rows=1014 width=4)
	        Recheck Cond: ((id >= 8808257) AND (id <= 8809256))
	        ->  Bitmap Index Scan on sbtest2_pkey  (cost=0.00..22.57 rows=1014 width=0)
	              Index Cond: ((id >= 8808257) AND (id <= 8809256))

table 3 : explain SELECT SUM(k) FROM sbtest3 WHERE id BETWEEN 8833575 AND 8834574
	Aggregate  (cost=4371.68..4371.69 rows=1 width=8)
	  ->  Bitmap Heap Scan on sbtest3  (cost=28.07..4368.85 rows=1135 width=4)
	        Recheck Cond: ((id >= 8833575) AND (id <= 8834574))
	        ->  Bitmap Index Scan on sbtest3_pkey  (cost=0.00..27.79 rows=1135 width=0)
	              Index Cond: ((id >= 8833575) AND (id <= 8834574))

table 4 : explain SELECT SUM(k) FROM sbtest4 WHERE id BETWEEN 4494083 AND 4495082
	Aggregate  (cost=3661.05..3661.06 rows=1 width=8)
	  ->  Bitmap Heap Scan on sbtest4  (cost=22.13..3658.68 rows=946 width=4)
	        Recheck Cond: ((id >= 4494083) AND (id <= 4495082))
	        ->  Bitmap Index Scan on sbtest4_pkey  (cost=0.00..21.89 rows=946 width=0)
	              Index Cond: ((id >= 4494083) AND (id <= 4495082))

table 5 : explain SELECT SUM(k) FROM sbtest5 WHERE id BETWEEN 9749614 AND 9750613
	Aggregate  (cost=3819.69..3819.70 rows=1 width=8)
	  ->  Bitmap Heap Scan on sbtest5  (cost=22.56..3817.22 rows=988 width=4)
	        Recheck Cond: ((id >= 9749614) AND (id <= 9750613))
	        ->  Bitmap Index Scan on sbtest5_pkey  (cost=0.00..22.32 rows=988 width=0)
	              Index Cond: ((id >= 9749614) AND (id <= 9750613))

table 6 : explain SELECT SUM(k) FROM sbtest6 WHERE id BETWEEN 362947 AND 363946
	Aggregate  (cost=3951.65..3951.66 rows=1 width=8)
	  ->  Bitmap Heap Scan on sbtest6  (cost=22.92..3949.09 rows=1023 width=4)
	        Recheck Cond: ((id >= 362947) AND (id <= 363946))
	        ->  Bitmap Index Scan on sbtest6_pkey  (cost=0.00..22.66 rows=1023 width=0)
	              Index Cond: ((id >= 362947) AND (id <= 363946))

table 7 : explain SELECT SUM(k) FROM sbtest7 WHERE id BETWEEN 3154907 AND 3155906
	Aggregate  (cost=3563.91..3563.92 rows=1 width=8)
	  ->  Bitmap Heap Scan on sbtest7  (cost=21.87..3561.61 rows=920 width=4)
	        Recheck Cond: ((id >= 3154907) AND (id <= 3155906))
	        ->  Bitmap Index Scan on sbtest7_pkey  (cost=0.00..21.64 rows=920 width=0)
	              Index Cond: ((id >= 3154907) AND (id <= 3155906))

table 8 : explain SELECT SUM(k) FROM sbtest8 WHERE id BETWEEN 1907656 AND 1908655
	Aggregate  (cost=3919.06..3919.07 rows=1 width=8)
	  ->  Bitmap Heap Scan on sbtest8  (cost=26.82..3916.53 rows=1013 width=4)
	        Recheck Cond: ((id >= 1907656) AND (id <= 1908655))
	        ->  Bitmap Index Scan on sbtest8_pkey  (cost=0.00..26.57 rows=1013 width=0)
	              Index Cond: ((id >= 1907656) AND (id <= 1908655))

for: distinct_ranges
table 1 : explain SELECT DISTINCT c FROM sbtest1 WHERE id BETWEEN 1939705 AND 1940704 ORDER BY c
	Unique  (cost=3615.19..3619.80 rows=923 width=121)
	  ->  Sort  (cost=3615.19..3617.49 rows=923 width=121)
	        Sort Key: c
	        ->  Bitmap Heap Scan on sbtest1  (cost=21.90..3569.73 rows=923 width=121)
	              Recheck Cond: ((id >= 1939705) AND (id <= 1940704))
	              ->  Bitmap Index Scan on sbtest1_pkey  (cost=0.00..21.66 rows=923 width=0)
	                    Index Cond: ((id >= 1939705) AND (id <= 1940704))

table 2 : explain SELECT DISTINCT c FROM sbtest2 WHERE id BETWEEN 5128820 AND 5129819 ORDER BY c
	Unique  (cost=4193.56..4198.93 rows=1074 width=121)
	  ->  Sort  (cost=4193.56..4196.25 rows=1074 width=121)
	        Sort Key: c
	        ->  Bitmap Heap Scan on sbtest2  (cost=23.44..4139.49 rows=1074 width=121)
	              Recheck Cond: ((id >= 5128820) AND (id <= 5129819))
	              ->  Bitmap Index Scan on sbtest2_pkey  (cost=0.00..23.18 rows=1074 width=0)
	                    Index Cond: ((id >= 5128820) AND (id <= 5129819))

table 3 : explain SELECT DISTINCT c FROM sbtest3 WHERE id BETWEEN 337153 AND 338152 ORDER BY c
	Unique  (cost=3558.82..3563.36 rows=908 width=121)
	  ->  Sort  (cost=3558.82..3561.09 rows=908 width=121)
	        Sort Key: c
	        ->  Bitmap Heap Scan on sbtest3  (cost=21.74..3514.20 rows=908 width=121)
	              Recheck Cond: ((id >= 337153) AND (id <= 338152))
	              ->  Bitmap Index Scan on sbtest3_pkey  (cost=0.00..21.51 rows=908 width=0)
	                    Index Cond: ((id >= 337153) AND (id <= 338152))

table 4 : explain SELECT DISTINCT c FROM sbtest4 WHERE id BETWEEN 1864751 AND 1865750 ORDER BY c
	Unique  (cost=3613.45..3618.06 rows=922 width=121)
	  ->  Sort  (cost=3613.45..3615.75 rows=922 width=121)
	        Sort Key: c
	        ->  Bitmap Heap Scan on sbtest4  (cost=21.89..3568.04 rows=922 width=121)
	              Recheck Cond: ((id >= 1864751) AND (id <= 1865750))
	              ->  Bitmap Index Scan on sbtest4_pkey  (cost=0.00..21.65 rows=922 width=0)
	                    Index Cond: ((id >= 1864751) AND (id <= 1865750))

table 5 : explain SELECT DISTINCT c FROM sbtest5 WHERE id BETWEEN 9217212 AND 9218211 ORDER BY c
	Unique  (cost=3763.00..3767.80 rows=961 width=121)
	  ->  Sort  (cost=3763.00..3765.40 rows=961 width=121)
	        Sort Key: c
	        ->  Bitmap Heap Scan on sbtest5  (cost=22.29..3715.39 rows=961 width=121)
	              Recheck Cond: ((id >= 9217212) AND (id <= 9218211))
	              ->  Bitmap Index Scan on sbtest5_pkey  (cost=0.00..22.04 rows=961 width=0)
	                    Index Cond: ((id >= 9217212) AND (id <= 9218211))

table 6 : explain SELECT DISTINCT c FROM sbtest6 WHERE id BETWEEN 4651785 AND 4652784 ORDER BY c
	Unique  (cost=3958.18..3963.24 rows=1012 width=121)
	  ->  Sort  (cost=3958.18..3960.71 rows=1012 width=121)
	        Sort Key: c
	        ->  Bitmap Heap Scan on sbtest6  (cost=22.81..3907.67 rows=1012 width=121)
	              Recheck Cond: ((id >= 4651785) AND (id <= 4652784))
	              ->  Bitmap Index Scan on sbtest6_pkey  (cost=0.00..22.55 rows=1012 width=0)
	                    Index Cond: ((id >= 4651785) AND (id <= 4652784))

table 7 : explain SELECT DISTINCT c FROM sbtest7 WHERE id BETWEEN 9067111 AND 9068110 ORDER BY c
	Unique  (cost=4345.32..4350.88 rows=1112 width=121)
	  ->  Sort  (cost=4345.32..4348.10 rows=1112 width=121)
	        Sort Key: c
	        ->  Bitmap Heap Scan on sbtest7  (cost=27.83..4289.06 rows=1112 width=121)
	              Recheck Cond: ((id >= 9067111) AND (id <= 9068110))
	              ->  Bitmap Index Scan on sbtest7_pkey  (cost=0.00..27.55 rows=1112 width=0)
	                    Index Cond: ((id >= 9067111) AND (id <= 9068110))

table 8 : explain SELECT DISTINCT c FROM sbtest8 WHERE id BETWEEN 5790118 AND 5791117 ORDER BY c
	Unique  (cost=3932.67..3937.69 rows=1004 width=121)
	  ->  Sort  (cost=3932.67..3935.18 rows=1004 width=121)
	        Sort Key: c
	        ->  Bitmap Heap Scan on sbtest8  (cost=26.73..3882.61 rows=1004 width=121)
	              Recheck Cond: ((id >= 5790118) AND (id <= 5791117))
	              ->  Bitmap Index Scan on sbtest8_pkey  (cost=0.00..26.47 rows=1004 width=0)
	                    Index Cond: ((id >= 5790118) AND (id <= 5791117))

for: distinct_ranges
table 1 : explain SELECT DISTINCT c FROM sbtest1 WHERE id BETWEEN 2446745 AND 2447744 ORDER BY c
	Unique  (cost=3783.63..3788.47 rows=967 width=121)
	  ->  Sort  (cost=3783.63..3786.05 rows=967 width=121)
	        Sort Key: c
	        ->  Bitmap Heap Scan on sbtest1  (cost=22.35..3735.68 rows=967 width=121)
	              Recheck Cond: ((id >= 2446745) AND (id <= 2447744))
	              ->  Bitmap Index Scan on sbtest1_pkey  (cost=0.00..22.11 rows=967 width=0)
	                    Index Cond: ((id >= 2446745) AND (id <= 2447744))

table 2 : explain SELECT DISTINCT c FROM sbtest2 WHERE id BETWEEN 1564670 AND 1565669 ORDER BY c
	Unique  (cost=3738.81..3743.58 rows=955 width=121)
	  ->  Sort  (cost=3738.81..3741.19 rows=955 width=121)
	        Sort Key: c
	        ->  Bitmap Heap Scan on sbtest2  (cost=22.22..3691.54 rows=955 width=121)
	              Recheck Cond: ((id >= 1564670) AND (id <= 1565669))
	              ->  Bitmap Index Scan on sbtest2_pkey  (cost=0.00..21.98 rows=955 width=0)
	                    Index Cond: ((id >= 1564670) AND (id <= 1565669))

table 3 : explain SELECT DISTINCT c FROM sbtest3 WHERE id BETWEEN 6318418 AND 6319417 ORDER BY c
	Unique  (cost=3723.60..3728.36 rows=951 width=121)
	  ->  Sort  (cost=3723.60..3725.98 rows=951 width=121)
	        Sort Key: c
	        ->  Bitmap Heap Scan on sbtest3  (cost=22.18..3676.56 rows=951 width=121)
	              Recheck Cond: ((id >= 6318418) AND (id <= 6319417))
	              ->  Bitmap Index Scan on sbtest3_pkey  (cost=0.00..21.94 rows=951 width=0)
	                    Index Cond: ((id >= 6318418) AND (id <= 6319417))

table 4 : explain SELECT DISTINCT c FROM sbtest4 WHERE id BETWEEN 939368 AND 940367 ORDER BY c
	Unique  (cost=3919.82..3924.83 rows=1002 width=121)
	  ->  Sort  (cost=3919.82..3922.33 rows=1002 width=121)
	        Sort Key: c
	        ->  Bitmap Heap Scan on sbtest4  (cost=22.71..3869.88 rows=1002 width=121)
	              Recheck Cond: ((id >= 939368) AND (id <= 940367))
	              ->  Bitmap Index Scan on sbtest4_pkey  (cost=0.00..22.45 rows=1002 width=0)
	                    Index Cond: ((id >= 939368) AND (id <= 940367))

table 5 : explain SELECT DISTINCT c FROM sbtest5 WHERE id BETWEEN 9757529 AND 9758528 ORDER BY c
	Unique  (cost=3866.36..3871.30 rows=988 width=121)
	  ->  Sort  (cost=3866.36..3868.83 rows=988 width=121)
	        Sort Key: c
	        ->  Bitmap Heap Scan on sbtest5  (cost=22.56..3817.22 rows=988 width=121)
	              Recheck Cond: ((id >= 9757529) AND (id <= 9758528))
	              ->  Bitmap Index Scan on sbtest5_pkey  (cost=0.00..22.32 rows=988 width=0)
	                    Index Cond: ((id >= 9757529) AND (id <= 9758528))

table 6 : explain SELECT DISTINCT c FROM sbtest6 WHERE id BETWEEN 7985068 AND 7986067 ORDER BY c
	Unique  (cost=3805.14..3810.00 rows=972 width=121)
	  ->  Sort  (cost=3805.14..3807.57 rows=972 width=121)
	        Sort Key: c
	        ->  Bitmap Heap Scan on sbtest6  (cost=22.40..3756.90 rows=972 width=121)
	              Recheck Cond: ((id >= 7985068) AND (id <= 7986067))
	              ->  Bitmap Index Scan on sbtest6_pkey  (cost=0.00..22.15 rows=972 width=0)
	                    Index Cond: ((id >= 7985068) AND (id <= 7986067))

table 7 : explain SELECT DISTINCT c FROM sbtest7 WHERE id BETWEEN 2184404 AND 2185403 ORDER BY c
	Unique  (cost=3894.31..3899.29 rows=995 width=121)
	  ->  Sort  (cost=3894.31..3896.80 rows=995 width=121)
	        Sort Key: c
	        ->  Bitmap Heap Scan on sbtest7  (cost=22.63..3844.77 rows=995 width=121)
	              Recheck Cond: ((id >= 2184404) AND (id <= 2185403))
	              ->  Bitmap Index Scan on sbtest7_pkey  (cost=0.00..22.39 rows=995 width=0)
	                    Index Cond: ((id >= 2184404) AND (id <= 2185403))

table 8 : explain SELECT DISTINCT c FROM sbtest8 WHERE id BETWEEN 4701376 AND 4702375 ORDER BY c
	Unique  (cost=3802.34..3807.19 rows=971 width=121)
	  ->  Sort  (cost=3802.34..3804.76 rows=971 width=121)
	        Sort Key: c
	        ->  Bitmap Heap Scan on sbtest8  (cost=22.39..3754.16 rows=971 width=121)
	              Recheck Cond: ((id >= 4701376) AND (id <= 4702375))
	              ->  Bitmap Index Scan on sbtest8_pkey  (cost=0.00..22.14 rows=971 width=0)
	                    Index Cond: ((id >= 4701376) AND (id <= 4702375))

for point_selects
table 1 : explain SELECT c FROM sbtest1 WHERE id=1976892
	Index Scan using sbtest1_pkey on sbtest1  (cost=0.43..8.45 rows=1 width=121)
	  Index Cond: (id = 1976892)

table 2 : explain SELECT c FROM sbtest2 WHERE id=6848370
	Index Scan using sbtest2_pkey on sbtest2  (cost=0.43..8.45 rows=1 width=121)
	  Index Cond: (id = 6848370)

table 3 : explain SELECT c FROM sbtest3 WHERE id=7349570
	Index Scan using sbtest3_pkey on sbtest3  (cost=0.43..8.45 rows=1 width=121)
	  Index Cond: (id = 7349570)

table 4 : explain SELECT c FROM sbtest4 WHERE id=3064926
	Index Scan using sbtest4_pkey on sbtest4  (cost=0.43..8.45 rows=1 width=121)
	  Index Cond: (id = 3064926)

table 5 : explain SELECT c FROM sbtest5 WHERE id=2218045
	Index Scan using sbtest5_pkey on sbtest5  (cost=0.43..8.45 rows=1 width=121)
	  Index Cond: (id = 2218045)

table 6 : explain SELECT c FROM sbtest6 WHERE id=9681249
	Index Scan using sbtest6_pkey on sbtest6  (cost=0.43..8.45 rows=1 width=121)
	  Index Cond: (id = 9681249)

table 7 : explain SELECT c FROM sbtest7 WHERE id=1377601
	Index Scan using sbtest7_pkey on sbtest7  (cost=0.43..8.45 rows=1 width=121)
	  Index Cond: (id = 1377601)

table 8 : explain SELECT c FROM sbtest8 WHERE id=454278
	Index Scan using sbtest8_pkey on sbtest8  (cost=0.43..8.45 rows=1 width=121)
	  Index Cond: (id = 454278)

for: sum_ranges
table 1 : explain SELECT SUM(k) FROM sbtest1 WHERE id BETWEEN 4096044 AND 4097043
	Aggregate  (cost=3990.48..3990.49 rows=1 width=8)
	  ->  Bitmap Heap Scan on sbtest1  (cost=23.03..3987.90 rows=1034 width=4)
	        Recheck Cond: ((id >= 4096044) AND (id <= 4097043))
	        ->  Bitmap Index Scan on sbtest1_pkey  (cost=0.00..22.77 rows=1034 width=0)
	              Index Cond: ((id >= 4096044) AND (id <= 4097043))

table 2 : explain SELECT SUM(k) FROM sbtest2 WHERE id BETWEEN 8703256 AND 8704255
	Aggregate  (cost=3610.85..3610.86 rows=1 width=8)
	  ->  Bitmap Heap Scan on sbtest2  (cost=22.00..3608.52 rows=933 width=4)
	        Recheck Cond: ((id >= 8703256) AND (id <= 8704255))
	        ->  Bitmap Index Scan on sbtest2_pkey  (cost=0.00..21.76 rows=933 width=0)
	              Index Cond: ((id >= 8703256) AND (id <= 8704255))

table 3 : explain SELECT SUM(k) FROM sbtest3 WHERE id BETWEEN 7865444 AND 7866443
	Aggregate  (cost=3743.10..3743.11 rows=1 width=8)
	  ->  Bitmap Heap Scan on sbtest3  (cost=22.36..3740.68 rows=968 width=4)
	        Recheck Cond: ((id >= 7865444) AND (id <= 7866443))
	        ->  Bitmap Index Scan on sbtest3_pkey  (cost=0.00..22.11 rows=968 width=0)
	              Index Cond: ((id >= 7865444) AND (id <= 7866443))

table 4 : explain SELECT SUM(k) FROM sbtest4 WHERE id BETWEEN 9082762 AND 9083761
	Aggregate  (cost=4230.22..4230.23 rows=1 width=8)
	  ->  Bitmap Heap Scan on sbtest4  (cost=27.67..4227.48 rows=1096 width=4)
	        Recheck Cond: ((id >= 9082762) AND (id <= 9083761))
	        ->  Bitmap Index Scan on sbtest4_pkey  (cost=0.00..27.39 rows=1096 width=0)
	              Index Cond: ((id >= 9082762) AND (id <= 9083761))

table 5 : explain SELECT SUM(k) FROM sbtest5 WHERE id BETWEEN 6931687 AND 6932686
	Aggregate  (cost=3559.09..3559.10 rows=1 width=8)
	  ->  Bitmap Heap Scan on sbtest5  (cost=21.85..3556.80 rows=919 width=4)
	        Recheck Cond: ((id >= 6931687) AND (id <= 6932686))
	        ->  Bitmap Index Scan on sbtest5_pkey  (cost=0.00..21.62 rows=919 width=0)
	              Index Cond: ((id >= 6931687) AND (id <= 6932686))

table 6 : explain SELECT SUM(k) FROM sbtest6 WHERE id BETWEEN 2707955 AND 2708954
	Aggregate  (cost=3725.36..3725.37 rows=1 width=8)
	  ->  Bitmap Heap Scan on sbtest6  (cost=22.31..3722.95 rows=963 width=4)
	        Recheck Cond: ((id >= 2707955) AND (id <= 2708954))
	        ->  Bitmap Index Scan on sbtest6_pkey  (cost=0.00..22.07 rows=963 width=0)
	              Index Cond: ((id >= 2707955) AND (id <= 2708954))

table 7 : explain SELECT SUM(k) FROM sbtest7 WHERE id BETWEEN 2427435 AND 2428434
	Aggregate  (cost=4148.93..4148.94 rows=1 width=8)
	  ->  Bitmap Heap Scan on sbtest7  (cost=27.44..4146.24 rows=1074 width=4)
	        Recheck Cond: ((id >= 2427435) AND (id <= 2428434))
	        ->  Bitmap Index Scan on sbtest7_pkey  (cost=0.00..27.18 rows=1074 width=0)
	              Index Cond: ((id >= 2427435) AND (id <= 2428434))

table 8 : explain SELECT SUM(k) FROM sbtest8 WHERE id BETWEEN 4726836 AND 4727835
	Aggregate  (cost=3941.68..3941.69 rows=1 width=8)
	  ->  Bitmap Heap Scan on sbtest8  (cost=26.88..3939.14 rows=1019 width=4)
	        Recheck Cond: ((id >= 4726836) AND (id <= 4727835))
	        ->  Bitmap Index Scan on sbtest8_pkey  (cost=0.00..26.62 rows=1019 width=0)
	              Index Cond: ((id >= 4726836) AND (id <= 4727835))

for: order_ranges
table 1 : explain SELECT c FROM sbtest1 WHERE id BETWEEN 713578 AND 714577 ORDER BY c
	Sort  (cost=3871.59..3874.06 rows=990 width=121)
	  Sort Key: c
	  ->  Bitmap Heap Scan on sbtest1  (cost=22.58..3822.33 rows=990 width=121)
	        Recheck Cond: ((id >= 713578) AND (id <= 714577))
	        ->  Bitmap Index Scan on sbtest1_pkey  (cost=0.00..22.33 rows=990 width=0)
	              Index Cond: ((id >= 713578) AND (id <= 714577))

table 2 : explain SELECT c FROM sbtest2 WHERE id BETWEEN 5391106 AND 5392105 ORDER BY c
	Sort  (cost=4163.05..4165.71 rows=1066 width=121)
	  Sort Key: c
	  ->  Bitmap Heap Scan on sbtest2  (cost=23.36..4109.44 rows=1066 width=121)
	        Recheck Cond: ((id >= 5391106) AND (id <= 5392105))
	        ->  Bitmap Index Scan on sbtest2_pkey  (cost=0.00..23.09 rows=1066 width=0)
	              Index Cond: ((id >= 5391106) AND (id <= 5392105))

table 3 : explain SELECT c FROM sbtest3 WHERE id BETWEEN 5008641 AND 5009640 ORDER BY c
	Sort  (cost=3834.60..3837.05 rows=980 width=121)
	  Sort Key: c
	  ->  Bitmap Heap Scan on sbtest3  (cost=22.48..3785.91 rows=980 width=121)
	        Recheck Cond: ((id >= 5008641) AND (id <= 5009640))
	        ->  Bitmap Index Scan on sbtest3_pkey  (cost=0.00..22.23 rows=980 width=0)
	              Index Cond: ((id >= 5008641) AND (id <= 5009640))

table 4 : explain SELECT c FROM sbtest4 WHERE id BETWEEN 3635398 AND 3636397 ORDER BY c
	Sort  (cost=3850.96..3853.42 rows=984 width=121)
	  Sort Key: c
	  ->  Bitmap Heap Scan on sbtest4  (cost=22.52..3802.04 rows=984 width=121)
	        Recheck Cond: ((id >= 3635398) AND (id <= 3636397))
	        ->  Bitmap Index Scan on sbtest4_pkey  (cost=0.00..22.27 rows=984 width=0)
	              Index Cond: ((id >= 3635398) AND (id <= 3636397))

table 5 : explain SELECT c FROM sbtest5 WHERE id BETWEEN 9045183 AND 9046182 ORDER BY c
	Sort  (cost=4069.00..4071.60 rows=1041 width=121)
	  Sort Key: c
	  ->  Bitmap Heap Scan on sbtest5  (cost=23.11..4016.83 rows=1041 width=121)
	        Recheck Cond: ((id >= 9045183) AND (id <= 9046182))
	        ->  Bitmap Index Scan on sbtest5_pkey  (cost=0.00..22.84 rows=1041 width=0)
	              Index Cond: ((id >= 9045183) AND (id <= 9046182))

table 6 : explain SELECT c FROM sbtest6 WHERE id BETWEEN 4452514 AND 4453513 ORDER BY c
	Sort  (cost=3828.11..3830.55 rows=978 width=121)
	  Sort Key: c
	  ->  Bitmap Heap Scan on sbtest6  (cost=22.46..3779.53 rows=978 width=121)
	        Recheck Cond: ((id >= 4452514) AND (id <= 4453513))
	        ->  Bitmap Index Scan on sbtest6_pkey  (cost=0.00..22.21 rows=978 width=0)
	              Index Cond: ((id >= 4452514) AND (id <= 4453513))

table 7 : explain SELECT c FROM sbtest7 WHERE id BETWEEN 5153817 AND 5154816 ORDER BY c
	Sort  (cost=3955.54..3958.06 rows=1011 width=121)
	  Sort Key: c
	  ->  Bitmap Heap Scan on sbtest7  (cost=22.80..3905.08 rows=1011 width=121)
	        Recheck Cond: ((id >= 5153817) AND (id <= 5154816))
	        ->  Bitmap Index Scan on sbtest7_pkey  (cost=0.00..22.54 rows=1011 width=0)
	              Index Cond: ((id >= 5153817) AND (id <= 5154816))

table 8 : explain SELECT c FROM sbtest8 WHERE id BETWEEN 1107637 AND 1108636 ORDER BY c
	Sort  (cost=3871.26..3873.73 rows=989 width=121)
	  Sort Key: c
	  ->  Bitmap Heap Scan on sbtest8  (cost=22.57..3822.06 rows=989 width=121)
	        Recheck Cond: ((id >= 1107637) AND (id <= 1108636))
	        ->  Bitmap Index Scan on sbtest8_pkey  (cost=0.00..22.32 rows=989 width=0)
	              Index Cond: ((id >= 1107637) AND (id <= 1108636))

for: simple_ranges
table 1 : explain SELECT c FROM sbtest1 WHERE id BETWEEN 9321989 AND 9322988
	Bitmap Heap Scan on sbtest1  (cost=27.74..4247.31 rows=1103 width=121)
	  Recheck Cond: ((id >= 9321989) AND (id <= 9322988))
	  ->  Bitmap Index Scan on sbtest1_pkey  (cost=0.00..27.46 rows=1103 width=0)
	        Index Cond: ((id >= 9321989) AND (id <= 9322988))

table 2 : explain SELECT c FROM sbtest2 WHERE id BETWEEN 7441098 AND 7442097
	Bitmap Heap Scan on sbtest2  (cost=22.72..3872.45 rows=1003 width=121)
	  Recheck Cond: ((id >= 7441098) AND (id <= 7442097))
	  ->  Bitmap Index Scan on sbtest2_pkey  (cost=0.00..22.46 rows=1003 width=0)
	        Index Cond: ((id >= 7441098) AND (id <= 7442097))

table 3 : explain SELECT c FROM sbtest3 WHERE id BETWEEN 2754808 AND 2755807
	Bitmap Heap Scan on sbtest3  (cost=22.76..3887.63 rows=1007 width=121)
	  Recheck Cond: ((id >= 2754808) AND (id <= 2755807))
	  ->  Bitmap Index Scan on sbtest3_pkey  (cost=0.00..22.50 rows=1007 width=0)
	        Index Cond: ((id >= 2754808) AND (id <= 2755807))

table 4 : explain SELECT c FROM sbtest4 WHERE id BETWEEN 9293616 AND 9294615
	Bitmap Heap Scan on sbtest4  (cost=22.27..3711.52 rows=960 width=121)
	  Recheck Cond: ((id >= 9293616) AND (id <= 9294615))
	  ->  Bitmap Index Scan on sbtest4_pkey  (cost=0.00..22.04 rows=960 width=0)
	        Index Cond: ((id >= 9293616) AND (id <= 9294615))

table 5 : explain SELECT c FROM sbtest5 WHERE id BETWEEN 2374855 AND 2375854
	Bitmap Heap Scan on sbtest5  (cost=22.50..3794.60 rows=982 width=121)
	  Recheck Cond: ((id >= 2374855) AND (id <= 2375854))
	  ->  Bitmap Index Scan on sbtest5_pkey  (cost=0.00..22.25 rows=982 width=0)
	        Index Cond: ((id >= 2374855) AND (id <= 2375854))

table 6 : explain SELECT c FROM sbtest6 WHERE id BETWEEN 9652948 AND 9653947
	Bitmap Heap Scan on sbtest6  (cost=22.10..3647.46 rows=943 width=121)
	  Recheck Cond: ((id >= 9652948) AND (id <= 9653947))
	  ->  Bitmap Index Scan on sbtest6_pkey  (cost=0.00..21.86 rows=943 width=0)
	        Index Cond: ((id >= 9652948) AND (id <= 9653947))

table 7 : explain SELECT c FROM sbtest7 WHERE id BETWEEN 646374 AND 647373
	Bitmap Heap Scan on sbtest7  (cost=22.98..3972.89 rows=1029 width=121)
	  Recheck Cond: ((id >= 646374) AND (id <= 647373))
	  ->  Bitmap Index Scan on sbtest7_pkey  (cost=0.00..22.72 rows=1029 width=0)
	        Index Cond: ((id >= 646374) AND (id <= 647373))

table 8 : explain SELECT c FROM sbtest8 WHERE id BETWEEN 9480903 AND 9481902
	Bitmap Heap Scan on sbtest8  (cost=26.83..3920.30 rows=1014 width=121)
	  Recheck Cond: ((id >= 9480903) AND (id <= 9481902))
	  ->  Bitmap Index Scan on sbtest8_pkey  (cost=0.00..26.57 rows=1014 width=0)
	        Index Cond: ((id >= 9480903) AND (id <= 9481902))

for point_selects
table 1 : explain SELECT c FROM sbtest1 WHERE id=9586634
	Index Scan using sbtest1_pkey on sbtest1  (cost=0.43..8.45 rows=1 width=121)
	  Index Cond: (id = 9586634)

table 2 : explain SELECT c FROM sbtest2 WHERE id=1120230
	Index Scan using sbtest2_pkey on sbtest2  (cost=0.43..8.45 rows=1 width=121)
	  Index Cond: (id = 1120230)

table 3 : explain SELECT c FROM sbtest3 WHERE id=2361657
	Index Scan using sbtest3_pkey on sbtest3  (cost=0.43..8.45 rows=1 width=121)
	  Index Cond: (id = 2361657)

table 4 : explain SELECT c FROM sbtest4 WHERE id=8552645
	Index Scan using sbtest4_pkey on sbtest4  (cost=0.43..8.45 rows=1 width=121)
	  Index Cond: (id = 8552645)

table 5 : explain SELECT c FROM sbtest5 WHERE id=1209359
	Index Scan using sbtest5_pkey on sbtest5  (cost=0.43..8.45 rows=1 width=121)
	  Index Cond: (id = 1209359)

table 6 : explain SELECT c FROM sbtest6 WHERE id=8746377
	Index Scan using sbtest6_pkey on sbtest6  (cost=0.43..8.45 rows=1 width=121)
	  Index Cond: (id = 8746377)

table 7 : explain SELECT c FROM sbtest7 WHERE id=8490340
	Index Scan using sbtest7_pkey on sbtest7  (cost=0.43..8.45 rows=1 width=121)
	  Index Cond: (id = 8490340)

table 8 : explain SELECT c FROM sbtest8 WHERE id=612493
	Index Scan using sbtest8_pkey on sbtest8  (cost=0.43..8.45 rows=1 width=121)
	  Index Cond: (id = 612493)

for: order_ranges
table 1 : explain SELECT c FROM sbtest1 WHERE id BETWEEN 5582135 AND 5583134 ORDER BY c
	Sort  (cost=3691.78..3694.14 rows=943 width=121)
	  Sort Key: c
	  ->  Bitmap Heap Scan on sbtest1  (cost=22.10..3645.19 rows=943 width=121)
	        Recheck Cond: ((id >= 5582135) AND (id <= 5583134))
	        ->  Bitmap Index Scan on sbtest1_pkey  (cost=0.00..21.86 rows=943 width=0)
	              Index Cond: ((id >= 5582135) AND (id <= 5583134))

table 2 : explain SELECT c FROM sbtest2 WHERE id BETWEEN 755995 AND 756994 ORDER BY c
	Sort  (cost=3823.01..3825.45 rows=977 width=121)
	  Sort Key: c
	  ->  Bitmap Heap Scan on sbtest2  (cost=22.45..3774.49 rows=977 width=121)
	        Recheck Cond: ((id >= 755995) AND (id <= 756994))
	        ->  Bitmap Index Scan on sbtest2_pkey  (cost=0.00..22.20 rows=977 width=0)
	              Index Cond: ((id >= 755995) AND (id <= 756994))

table 3 : explain SELECT c FROM sbtest3 WHERE id BETWEEN 2163894 AND 2164893 ORDER BY c
	Sort  (cost=4056.30..4058.89 rows=1038 width=121)
	  Sort Key: c
	  ->  Bitmap Heap Scan on sbtest3  (cost=23.07..4004.30 rows=1038 width=121)
	        Recheck Cond: ((id >= 2163894) AND (id <= 2164893))
	        ->  Bitmap Index Scan on sbtest3_pkey  (cost=0.00..22.82 rows=1038 width=0)
	              Index Cond: ((id >= 2163894) AND (id <= 2164893))

table 4 : explain SELECT c FROM sbtest4 WHERE id BETWEEN 3864398 AND 3865397 ORDER BY c
	Sort  (cost=4072.72..4075.32 rows=1042 width=121)
	  Sort Key: c
	  ->  Bitmap Heap Scan on sbtest4  (cost=23.12..4020.49 rows=1042 width=121)
	        Recheck Cond: ((id >= 3864398) AND (id <= 3865397))
	        ->  Bitmap Index Scan on sbtest4_pkey  (cost=0.00..22.86 rows=1042 width=0)
	              Index Cond: ((id >= 3864398) AND (id <= 3865397))

table 5 : explain SELECT c FROM sbtest5 WHERE id BETWEEN 7433655 AND 7434654 ORDER BY c
	Sort  (cost=4260.05..4262.78 rows=1090 width=121)
	  Sort Key: c
	  ->  Bitmap Heap Scan on sbtest5  (cost=27.61..4205.06 rows=1090 width=121)
	        Recheck Cond: ((id >= 7433655) AND (id <= 7434654))
	        ->  Bitmap Index Scan on sbtest5_pkey  (cost=0.00..27.33 rows=1090 width=0)
	              Index Cond: ((id >= 7433655) AND (id <= 7434654))

table 6 : explain SELECT c FROM sbtest6 WHERE id BETWEEN 865593 AND 866592 ORDER BY c
	Sort  (cost=4302.02..4304.78 rows=1101 width=121)
	  Sort Key: c
	  ->  Bitmap Heap Scan on sbtest6  (cost=27.72..4246.40 rows=1101 width=121)
	        Recheck Cond: ((id >= 865593) AND (id <= 866592))
	        ->  Bitmap Index Scan on sbtest6_pkey  (cost=0.00..27.44 rows=1101 width=0)
	              Index Cond: ((id >= 865593) AND (id <= 866592))

table 7 : explain SELECT c FROM sbtest7 WHERE id BETWEEN 9034031 AND 9035030 ORDER BY c
	Sort  (cost=4345.32..4348.10 rows=1112 width=121)
	  Sort Key: c
	  ->  Bitmap Heap Scan on sbtest7  (cost=27.83..4289.06 rows=1112 width=121)
	        Recheck Cond: ((id >= 9034031) AND (id <= 9035030))
	        ->  Bitmap Index Scan on sbtest7_pkey  (cost=0.00..27.55 rows=1112 width=0)
	              Index Cond: ((id >= 9034031) AND (id <= 9035030))

table 8 : explain SELECT c FROM sbtest8 WHERE id BETWEEN 9911288 AND 9912287 ORDER BY c
	Sort  (cost=3767.86..3770.26 rows=962 width=121)
	  Sort Key: c
	  ->  Bitmap Heap Scan on sbtest8  (cost=22.30..3720.19 rows=962 width=121)
	        Recheck Cond: ((id >= 9911288) AND (id <= 9912287))
	        ->  Bitmap Index Scan on sbtest8_pkey  (cost=0.00..22.05 rows=962 width=0)
	              Index Cond: ((id >= 9911288) AND (id <= 9912287))

for: sum_ranges
table 1 : explain SELECT SUM(k) FROM sbtest1 WHERE id BETWEEN 169354 AND 170353
	Aggregate  (cost=3670.20..3670.21 rows=1 width=8)
	  ->  Bitmap Heap Scan on sbtest1  (cost=22.16..3667.82 rows=949 width=4)
	        Recheck Cond: ((id >= 169354) AND (id <= 170353))
	        ->  Bitmap Index Scan on sbtest1_pkey  (cost=0.00..21.93 rows=949 width=0)
	              Index Cond: ((id >= 169354) AND (id <= 170353))

table 2 : explain SELECT SUM(k) FROM sbtest2 WHERE id BETWEEN 2443497 AND 2444496
	Aggregate  (cost=3878.72..3878.73 rows=1 width=8)
	  ->  Bitmap Heap Scan on sbtest2  (cost=22.73..3876.21 rows=1004 width=4)
	        Recheck Cond: ((id >= 2443497) AND (id <= 2444496))
	        ->  Bitmap Index Scan on sbtest2_pkey  (cost=0.00..22.47 rows=1004 width=0)
	              Index Cond: ((id >= 2443497) AND (id <= 2444496))

table 3 : explain SELECT SUM(k) FROM sbtest3 WHERE id BETWEEN 3828406 AND 3829405
	Aggregate  (cost=3916.52..3916.53 rows=1 width=8)
	  ->  Bitmap Heap Scan on sbtest3  (cost=22.83..3913.98 rows=1014 width=4)
	        Recheck Cond: ((id >= 3828406) AND (id <= 3829405))
	        ->  Bitmap Index Scan on sbtest3_pkey  (cost=0.00..22.57 rows=1014 width=0)
	              Index Cond: ((id >= 3828406) AND (id <= 3829405))

table 4 : explain SELECT SUM(k) FROM sbtest4 WHERE id BETWEEN 9987213 AND 9988212
	Aggregate  (cost=3861.07..3861.08 rows=1 width=8)
	  ->  Bitmap Heap Scan on sbtest4  (cost=22.67..3858.57 rows=999 width=4)
	        Recheck Cond: ((id >= 9987213) AND (id <= 9988212))
	        ->  Bitmap Index Scan on sbtest4_pkey  (cost=0.00..22.43 rows=999 width=0)
	              Index Cond: ((id >= 9987213) AND (id <= 9988212))

table 5 : explain SELECT SUM(k) FROM sbtest5 WHERE id BETWEEN 1693046 AND 1694045
	Aggregate  (cost=4301.76..4301.77 rows=1 width=8)
	  ->  Bitmap Heap Scan on sbtest5  (cost=27.87..4298.97 rows=1116 width=4)
	        Recheck Cond: ((id >= 1693046) AND (id <= 1694045))
	        ->  Bitmap Index Scan on sbtest5_pkey  (cost=0.00..27.59 rows=1116 width=0)
	              Index Cond: ((id >= 1693046) AND (id <= 1694045))

table 6 : explain SELECT SUM(k) FROM sbtest6 WHERE id BETWEEN 6600268 AND 6601267
	Aggregate  (cost=3513.72..3513.73 rows=1 width=8)
	  ->  Bitmap Heap Scan on sbtest6  (cost=21.73..3511.46 rows=907 width=4)
	        Recheck Cond: ((id >= 6600268) AND (id <= 6601267))
	        ->  Bitmap Index Scan on sbtest6_pkey  (cost=0.00..21.50 rows=907 width=0)
	              Index Cond: ((id >= 6600268) AND (id <= 6601267))

table 7 : explain SELECT SUM(k) FROM sbtest7 WHERE id BETWEEN 6206724 AND 6207723
	Aggregate  (cost=3510.94..3510.95 rows=1 width=8)
	  ->  Bitmap Heap Scan on sbtest7  (cost=21.72..3508.67 rows=906 width=4)
	        Recheck Cond: ((id >= 6206724) AND (id <= 6207723))
	        ->  Bitmap Index Scan on sbtest7_pkey  (cost=0.00..21.50 rows=906 width=0)
	              Index Cond: ((id >= 6206724) AND (id <= 6207723))

table 8 : explain SELECT SUM(k) FROM sbtest8 WHERE id BETWEEN 3324028 AND 3325027
	Aggregate  (cost=3786.79..3786.80 rows=1 width=8)
	  ->  Bitmap Heap Scan on sbtest8  (cost=22.47..3784.34 rows=979 width=4)
	        Recheck Cond: ((id >= 3324028) AND (id <= 3325027))
	        ->  Bitmap Index Scan on sbtest8_pkey  (cost=0.00..22.22 rows=979 width=0)
	              Index Cond: ((id >= 3324028) AND (id <= 3325027))

for: simple_ranges
table 1 : explain SELECT c FROM sbtest1 WHERE id BETWEEN 1917735 AND 1918734
	Bitmap Heap Scan on sbtest1  (cost=21.90..3569.73 rows=923 width=121)
	  Recheck Cond: ((id >= 1917735) AND (id <= 1918734))
	  ->  Bitmap Index Scan on sbtest1_pkey  (cost=0.00..21.66 rows=923 width=0)
	        Index Cond: ((id >= 1917735) AND (id <= 1918734))

table 2 : explain SELECT c FROM sbtest2 WHERE id BETWEEN 5181538 AND 5182537
	Bitmap Heap Scan on sbtest2  (cost=21.87..3559.43 rows=920 width=121)
	  Recheck Cond: ((id >= 5181538) AND (id <= 5182537))
	  ->  Bitmap Index Scan on sbtest2_pkey  (cost=0.00..21.64 rows=920 width=0)
	        Index Cond: ((id >= 5181538) AND (id <= 5182537))

table 3 : explain SELECT c FROM sbtest3 WHERE id BETWEEN 6887517 AND 6888516
	Bitmap Heap Scan on sbtest3  (cost=21.82..3544.43 rows=916 width=121)
	  Recheck Cond: ((id >= 6887517) AND (id <= 6888516))
	  ->  Bitmap Index Scan on sbtest3_pkey  (cost=0.00..21.59 rows=916 width=0)
	        Index Cond: ((id >= 6887517) AND (id <= 6888516))

table 4 : explain SELECT c FROM sbtest4 WHERE id BETWEEN 3146151 AND 3147150
	Bitmap Heap Scan on sbtest4  (cost=27.22..4062.11 rows=1052 width=121)
	  Recheck Cond: ((id >= 3146151) AND (id <= 3147150))
	  ->  Bitmap Index Scan on sbtest4_pkey  (cost=0.00..26.95 rows=1052 width=0)
	        Index Cond: ((id >= 3146151) AND (id <= 3147150))

table 5 : explain SELECT c FROM sbtest5 WHERE id BETWEEN 2187584 AND 2188583
	Bitmap Heap Scan on sbtest5  (cost=27.58..4193.79 rows=1087 width=121)
	  Recheck Cond: ((id >= 2187584) AND (id <= 2188583))
	  ->  Bitmap Index Scan on sbtest5_pkey  (cost=0.00..27.30 rows=1087 width=0)
	        Index Cond: ((id >= 2187584) AND (id <= 2188583))

table 6 : explain SELECT c FROM sbtest6 WHERE id BETWEEN 4051306 AND 4052305
	Bitmap Heap Scan on sbtest6  (cost=22.81..3907.67 rows=1012 width=121)
	  Recheck Cond: ((id >= 4051306) AND (id <= 4052305))
	  ->  Bitmap Index Scan on sbtest6_pkey  (cost=0.00..22.55 rows=1012 width=0)
	        Index Cond: ((id >= 4051306) AND (id <= 4052305))

table 7 : explain SELECT c FROM sbtest7 WHERE id BETWEEN 5486572 AND 5487571
	Bitmap Heap Scan on sbtest7  (cost=22.93..3954.06 rows=1024 width=121)
	  Recheck Cond: ((id >= 5486572) AND (id <= 5487571))
	  ->  Bitmap Index Scan on sbtest7_pkey  (cost=0.00..22.68 rows=1024 width=0)
	        Index Cond: ((id >= 5486572) AND (id <= 5487571))

table 8 : explain SELECT c FROM sbtest8 WHERE id BETWEEN 6992470 AND 6993469
	Bitmap Heap Scan on sbtest8  (cost=26.60..3837.37 rows=992 width=121)
	  Recheck Cond: ((id >= 6992470) AND (id <= 6993469))
	  ->  Bitmap Index Scan on sbtest8_pkey  (cost=0.00..26.36 rows=992 width=0)
	        Index Cond: ((id >= 6992470) AND (id <= 6993469))

for point_selects
table 1 : explain SELECT c FROM sbtest1 WHERE id=8629671
	Index Scan using sbtest1_pkey on sbtest1  (cost=0.43..8.45 rows=1 width=121)
	  Index Cond: (id = 8629671)

table 2 : explain SELECT c FROM sbtest2 WHERE id=3027287
	Index Scan using sbtest2_pkey on sbtest2  (cost=0.43..8.45 rows=1 width=121)
	  Index Cond: (id = 3027287)

table 3 : explain SELECT c FROM sbtest3 WHERE id=9054703
	Index Scan using sbtest3_pkey on sbtest3  (cost=0.43..8.45 rows=1 width=121)
	  Index Cond: (id = 9054703)

table 4 : explain SELECT c FROM sbtest4 WHERE id=2768479
	Index Scan using sbtest4_pkey on sbtest4  (cost=0.43..8.45 rows=1 width=121)
	  Index Cond: (id = 2768479)

table 5 : explain SELECT c FROM sbtest5 WHERE id=2042498
	Index Scan using sbtest5_pkey on sbtest5  (cost=0.43..8.45 rows=1 width=121)
	  Index Cond: (id = 2042498)

table 6 : explain SELECT c FROM sbtest6 WHERE id=9156426
	Index Scan using sbtest6_pkey on sbtest6  (cost=0.43..8.45 rows=1 width=121)
	  Index Cond: (id = 9156426)

table 7 : explain SELECT c FROM sbtest7 WHERE id=898120
	Index Scan using sbtest7_pkey on sbtest7  (cost=0.43..8.45 rows=1 width=121)
	  Index Cond: (id = 898120)

table 8 : explain SELECT c FROM sbtest8 WHERE id=4916122
	Index Scan using sbtest8_pkey on sbtest8  (cost=0.43..8.45 rows=1 width=121)
	  Index Cond: (id = 4916122)

explain: for point_selects :: explain SELECT c FROM sbtest%u WHERE id=%u
for: order_ranges
table 1 : explain SELECT c FROM sbtest1 WHERE id BETWEEN 7172272 AND 7173271 ORDER BY c
	Sort  (cost=4093.10..4095.72 rows=1048 width=121)
	  Sort Key: c
	  ->  Bitmap Heap Scan on sbtest1  (cost=23.18..4040.52 rows=1048 width=121)
	        Recheck Cond: ((id >= 7172272) AND (id <= 7173271))
	        ->  Bitmap Index Scan on sbtest1_pkey  (cost=0.00..22.91 rows=1048 width=0)
	              Index Cond: ((id >= 7172272) AND (id <= 7173271))

table 2 : explain SELECT c FROM sbtest2 WHERE id BETWEEN 2244583 AND 2245582 ORDER BY c
	Sort  (cost=4151.60..4154.26 rows=1063 width=121)
	  Sort Key: c
	  ->  Bitmap Heap Scan on sbtest2  (cost=23.33..4098.16 rows=1063 width=121)
	        Recheck Cond: ((id >= 2244583) AND (id <= 2245582))
	        ->  Bitmap Index Scan on sbtest2_pkey  (cost=0.00..23.07 rows=1063 width=0)
	              Index Cond: ((id >= 2244583) AND (id <= 2245582))

table 3 : explain SELECT c FROM sbtest3 WHERE id BETWEEN 9370209 AND 9371208 ORDER BY c
	Sort  (cost=3811.65..3814.08 rows=974 width=121)
	  Sort Key: c
	  ->  Bitmap Heap Scan on sbtest3  (cost=22.42..3763.30 rows=974 width=121)
	        Recheck Cond: ((id >= 9370209) AND (id <= 9371208))
	        ->  Bitmap Index Scan on sbtest3_pkey  (cost=0.00..22.18 rows=974 width=0)
	              Index Cond: ((id >= 9370209) AND (id <= 9371208))

table 4 : explain SELECT c FROM sbtest4 WHERE id BETWEEN 3175609 AND 3176608 ORDER BY c
	Sort  (cost=4114.91..4117.54 rows=1052 width=121)
	  Sort Key: c
	  ->  Bitmap Heap Scan on sbtest4  (cost=27.22..4062.11 rows=1052 width=121)
	        Recheck Cond: ((id >= 3175609) AND (id <= 3176608))
	        ->  Bitmap Index Scan on sbtest4_pkey  (cost=0.00..26.95 rows=1052 width=0)
	              Index Cond: ((id >= 3175609) AND (id <= 3176608))

table 5 : explain SELECT c FROM sbtest5 WHERE id BETWEEN 1459508 AND 1460507 ORDER BY c
	Sort  (cost=3701.70..3704.06 rows=945 width=121)
	  Sort Key: c
	  ->  Bitmap Heap Scan on sbtest5  (cost=22.12..3655.00 rows=945 width=121)
	        Recheck Cond: ((id >= 1459508) AND (id <= 1460507))
	        ->  Bitmap Index Scan on sbtest5_pkey  (cost=0.00..21.89 rows=945 width=0)
	              Index Cond: ((id >= 1459508) AND (id <= 1460507))

table 6 : explain SELECT c FROM sbtest6 WHERE id BETWEEN 9479856 AND 9480855 ORDER BY c
	Sort  (cost=3919.94..3922.44 rows=1002 width=121)
	  Sort Key: c
	  ->  Bitmap Heap Scan on sbtest6  (cost=22.71..3870.00 rows=1002 width=121)
	        Recheck Cond: ((id >= 9479856) AND (id <= 9480855))
	        ->  Bitmap Index Scan on sbtest6_pkey  (cost=0.00..22.45 rows=1002 width=0)
	              Index Cond: ((id >= 9479856) AND (id <= 9480855))

table 7 : explain SELECT c FROM sbtest7 WHERE id BETWEEN 9775031 AND 9776030 ORDER BY c
	Sort  (cost=4093.18..4095.80 rows=1047 width=121)
	  Sort Key: c
	  ->  Bitmap Heap Scan on sbtest7  (cost=23.17..4040.66 rows=1047 width=121)
	        Recheck Cond: ((id >= 9775031) AND (id <= 9776030))
	        ->  Bitmap Index Scan on sbtest7_pkey  (cost=0.00..22.90 rows=1047 width=0)
	              Index Cond: ((id >= 9775031) AND (id <= 9776030))

table 8 : explain SELECT c FROM sbtest8 WHERE id BETWEEN 148186 AND 149185 ORDER BY c
	Sort  (cost=3771.69..3774.10 rows=963 width=121)
	  Sort Key: c
	  ->  Bitmap Heap Scan on sbtest8  (cost=22.31..3723.97 rows=963 width=121)
	        Recheck Cond: ((id >= 148186) AND (id <= 149185))
	        ->  Bitmap Index Scan on sbtest8_pkey  (cost=0.00..22.07 rows=963 width=0)
	              Index Cond: ((id >= 148186) AND (id <= 149185))

for: distinct_ranges
table 1 : explain SELECT DISTINCT c FROM sbtest1 WHERE id BETWEEN 5183641 AND 5184640 ORDER BY c
	Unique  (cost=3473.35..3477.78 rows=886 width=121)
	  ->  Sort  (cost=3473.35..3475.56 rows=886 width=121)
	        Sort Key: c
	        ->  Bitmap Heap Scan on sbtest1  (cost=21.52..3429.97 rows=886 width=121)
	              Recheck Cond: ((id >= 5183641) AND (id <= 5184640))
	              ->  Bitmap Index Scan on sbtest1_pkey  (cost=0.00..21.29 rows=886 width=0)
	                    Index Cond: ((id >= 5183641) AND (id <= 5184640))

table 2 : explain SELECT DISTINCT c FROM sbtest2 WHERE id BETWEEN 1491902 AND 1492901 ORDER BY c
	Unique  (cost=3796.22..3801.07 rows=970 width=121)
	  ->  Sort  (cost=3796.22..3798.65 rows=970 width=121)
	        Sort Key: c
	        ->  Bitmap Heap Scan on sbtest2  (cost=22.38..3748.10 rows=970 width=121)
	              Recheck Cond: ((id >= 1491902) AND (id <= 1492901))
	              ->  Bitmap Index Scan on sbtest2_pkey  (cost=0.00..22.14 rows=970 width=0)
	                    Index Cond: ((id >= 1491902) AND (id <= 1492901))

table 3 : explain SELECT DISTINCT c FROM sbtest3 WHERE id BETWEEN 739384 AND 740383 ORDER BY c
	Unique  (cost=3914.92..3919.92 rows=1001 width=121)
	  ->  Sort  (cost=3914.92..3917.42 rows=1001 width=121)
	        Sort Key: c
	        ->  Bitmap Heap Scan on sbtest3  (cost=22.70..3865.03 rows=1001 width=121)
	              Recheck Cond: ((id >= 739384) AND (id <= 740383))
	              ->  Bitmap Index Scan on sbtest3_pkey  (cost=0.00..22.44 rows=1001 width=0)
	                    Index Cond: ((id >= 739384) AND (id <= 740383))

table 4 : explain SELECT DISTINCT c FROM sbtest4 WHERE id BETWEEN 179038 AND 180037 ORDER BY c
	Unique  (cost=4057.44..4062.63 rows=1038 width=121)
	  ->  Sort  (cost=4057.44..4060.03 rows=1038 width=121)
	        Sort Key: c
	        ->  Bitmap Heap Scan on sbtest4  (cost=23.07..4005.43 rows=1038 width=121)
	              Recheck Cond: ((id >= 179038) AND (id <= 180037))
	              ->  Bitmap Index Scan on sbtest4_pkey  (cost=0.00..22.82 rows=1038 width=0)
	                    Index Cond: ((id >= 179038) AND (id <= 180037))

table 5 : explain SELECT DISTINCT c FROM sbtest5 WHERE id BETWEEN 6516571 AND 6517570 ORDER BY c
	Unique  (cost=4038.44..4043.60 rows=1033 width=121)
	  ->  Sort  (cost=4038.44..4041.02 rows=1033 width=121)
	        Sort Key: c
	        ->  Bitmap Heap Scan on sbtest5  (cost=23.02..3986.72 rows=1033 width=121)
	              Recheck Cond: ((id >= 6516571) AND (id <= 6517570))
	              ->  Bitmap Index Scan on sbtest5_pkey  (cost=0.00..22.76 rows=1033 width=0)
	                    Index Cond: ((id >= 6516571) AND (id <= 6517570))

table 6 : explain SELECT DISTINCT c FROM sbtest6 WHERE id BETWEEN 4816253 AND 4817252 ORDER BY c
	Unique  (cost=3862.55..3867.49 rows=987 width=121)
	  ->  Sort  (cost=3862.55..3865.02 rows=987 width=121)
	        Sort Key: c
	        ->  Bitmap Heap Scan on sbtest6  (cost=22.55..3813.46 rows=987 width=121)
	              Recheck Cond: ((id >= 4816253) AND (id <= 4817252))
	              ->  Bitmap Index Scan on sbtest6_pkey  (cost=0.00..22.30 rows=987 width=0)
	                    Index Cond: ((id >= 4816253) AND (id <= 4817252))

table 7 : explain SELECT DISTINCT c FROM sbtest7 WHERE id BETWEEN 4352675 AND 4353674 ORDER BY c
	Unique  (cost=3794.75..3799.60 rows=969 width=121)
	  ->  Sort  (cost=3794.75..3797.18 rows=969 width=121)
	        Sort Key: c
	        ->  Bitmap Heap Scan on sbtest7  (cost=22.37..3746.69 rows=969 width=121)
	              Recheck Cond: ((id >= 4352675) AND (id <= 4353674))
	              ->  Bitmap Index Scan on sbtest7_pkey  (cost=0.00..22.12 rows=969 width=0)
	                    Index Cond: ((id >= 4352675) AND (id <= 4353674))

table 8 : explain SELECT DISTINCT c FROM sbtest8 WHERE id BETWEEN 6255528 AND 6256527 ORDER BY c
	Unique  (cost=4142.94..4148.23 rows=1059 width=121)
	  ->  Sort  (cost=4142.94..4145.58 rows=1059 width=121)
	        Sort Key: c
	        ->  Bitmap Heap Scan on sbtest8  (cost=27.29..4089.73 rows=1059 width=121)
	              Recheck Cond: ((id >= 6255528) AND (id <= 6256527))
	              ->  Bitmap Index Scan on sbtest8_pkey  (cost=0.00..27.02 rows=1059 width=0)
	                    Index Cond: ((id >= 6255528) AND (id <= 6256527))

for: sum_ranges
table 1 : explain SELECT SUM(k) FROM sbtest1 WHERE id BETWEEN 9550709 AND 9551708
	Aggregate  (cost=3466.22..3466.23 rows=1 width=8)
	  ->  Bitmap Heap Scan on sbtest1  (cost=21.61..3463.98 rows=895 width=4)
	        Recheck Cond: ((id >= 9550709) AND (id <= 9551708))
	        ->  Bitmap Index Scan on sbtest1_pkey  (cost=0.00..21.39 rows=895 width=0)
	              Index Cond: ((id >= 9550709) AND (id <= 9551708))

table 2 : explain SELECT SUM(k) FROM sbtest2 WHERE id BETWEEN 6837362 AND 6838361
	Aggregate  (cost=4044.40..4044.41 rows=1 width=8)
	  ->  Bitmap Heap Scan on sbtest2  (cost=23.18..4041.78 rows=1048 width=4)
	        Recheck Cond: ((id >= 6837362) AND (id <= 6838361))
	        ->  Bitmap Index Scan on sbtest2_pkey  (cost=0.00..22.91 rows=1048 width=0)
	              Index Cond: ((id >= 6837362) AND (id <= 6838361))

table 3 : explain SELECT SUM(k) FROM sbtest3 WHERE id BETWEEN 1091169 AND 1092168
	Aggregate  (cost=3595.85..3595.86 rows=1 width=8)
	  ->  Bitmap Heap Scan on sbtest3  (cost=21.96..3593.52 rows=929 width=4)
	        Recheck Cond: ((id >= 1091169) AND (id <= 1092168))
	        ->  Bitmap Index Scan on sbtest3_pkey  (cost=0.00..21.72 rows=929 width=0)
	              Index Cond: ((id >= 1091169) AND (id <= 1092168))

table 4 : explain SELECT SUM(k) FROM sbtest4 WHERE id BETWEEN 7310333 AND 7311332
	Aggregate  (cost=3872.38..3872.39 rows=1 width=8)
	  ->  Bitmap Heap Scan on sbtest4  (cost=22.71..3869.88 rows=1002 width=4)
	        Recheck Cond: ((id >= 7310333) AND (id <= 7311332))
	        ->  Bitmap Index Scan on sbtest4_pkey  (cost=0.00..22.45 rows=1002 width=0)
	              Index Cond: ((id >= 7310333) AND (id <= 7311332))

table 5 : explain SELECT SUM(k) FROM sbtest5 WHERE id BETWEEN 5481858 AND 5482857
	Aggregate  (cost=4011.90..4011.91 rows=1 width=8)
	  ->  Bitmap Heap Scan on sbtest5  (cost=23.08..4009.30 rows=1039 width=4)
	        Recheck Cond: ((id >= 5481858) AND (id <= 5482857))
	        ->  Bitmap Index Scan on sbtest5_pkey  (cost=0.00..22.82 rows=1039 width=0)
	              Index Cond: ((id >= 5481858) AND (id <= 5482857))

table 6 : explain SELECT SUM(k) FROM sbtest6 WHERE id BETWEEN 6846681 AND 6847680
	Aggregate  (cost=4256.67..4256.68 rows=1 width=8)
	  ->  Bitmap Heap Scan on sbtest6  (cost=27.74..4253.91 rows=1103 width=4)
	        Recheck Cond: ((id >= 6846681) AND (id <= 6847680))
	        ->  Bitmap Index Scan on sbtest6_pkey  (cost=0.00..27.46 rows=1103 width=0)
	              Index Cond: ((id >= 6846681) AND (id <= 6847680))

table 7 : explain SELECT SUM(k) FROM sbtest7 WHERE id BETWEEN 1984540 AND 1985539
	Aggregate  (cost=3941.54..3941.55 rows=1 width=8)
	  ->  Bitmap Heap Scan on sbtest7  (cost=22.89..3938.99 rows=1020 width=4)
	        Recheck Cond: ((id >= 1984540) AND (id <= 1985539))
	        ->  Bitmap Index Scan on sbtest7_pkey  (cost=0.00..22.64 rows=1020 width=0)
	              Index Cond: ((id >= 1984540) AND (id <= 1985539))

table 8 : explain SELECT SUM(k) FROM sbtest8 WHERE id BETWEEN 4129494 AND 4130493
	Aggregate  (cost=3673.48..3673.49 rows=1 width=8)
	  ->  Bitmap Heap Scan on sbtest8  (cost=22.16..3671.11 rows=949 width=4)
	        Recheck Cond: ((id >= 4129494) AND (id <= 4130493))
	        ->  Bitmap Index Scan on sbtest8_pkey  (cost=0.00..21.93 rows=949 width=0)
	              Index Cond: ((id >= 4129494) AND (id <= 4130493))

for: simple_ranges
table 1 : explain SELECT c FROM sbtest1 WHERE id BETWEEN 2102470 AND 2103469
	Bitmap Heap Scan on sbtest1  (cost=22.32..3724.38 rows=964 width=121)
	  Recheck Cond: ((id >= 2102470) AND (id <= 2103469))
	  ->  Bitmap Index Scan on sbtest1_pkey  (cost=0.00..22.07 rows=964 width=0)
	        Index Cond: ((id >= 2102470) AND (id <= 2103469))

table 2 : explain SELECT c FROM sbtest2 WHERE id BETWEEN 1155786 AND 1156785
	Bitmap Heap Scan on sbtest2  (cost=22.71..3868.68 rows=1002 width=121)
	  Recheck Cond: ((id >= 1155786) AND (id <= 1156785))
	  ->  Bitmap Index Scan on sbtest2_pkey  (cost=0.00..22.45 rows=1002 width=0)
	        Index Cond: ((id >= 1155786) AND (id <= 1156785))

table 3 : explain SELECT c FROM sbtest3 WHERE id BETWEEN 5027052 AND 5028051
	Bitmap Heap Scan on sbtest3  (cost=22.48..3785.91 rows=980 width=121)
	  Recheck Cond: ((id >= 5027052) AND (id <= 5028051))
	  ->  Bitmap Index Scan on sbtest3_pkey  (cost=0.00..22.23 rows=980 width=0)
	        Index Cond: ((id >= 5027052) AND (id <= 5028051))

table 4 : explain SELECT c FROM sbtest4 WHERE id BETWEEN 2311764 AND 2312763
	Bitmap Heap Scan on sbtest4  (cost=22.64..3847.27 rows=996 width=121)
	  Recheck Cond: ((id >= 2311764) AND (id <= 2312763))
	  ->  Bitmap Index Scan on sbtest4_pkey  (cost=0.00..22.39 rows=996 width=0)
	        Index Cond: ((id >= 2311764) AND (id <= 2312763))

table 5 : explain SELECT c FROM sbtest5 WHERE id BETWEEN 3101424 AND 3102423
	Bitmap Heap Scan on sbtest5  (cost=22.88..3934.01 rows=1019 width=121)
	  Recheck Cond: ((id >= 3101424) AND (id <= 3102423))
	  ->  Bitmap Index Scan on sbtest5_pkey  (cost=0.00..22.62 rows=1019 width=0)
	        Index Cond: ((id >= 3101424) AND (id <= 3102423))

table 6 : explain SELECT c FROM sbtest6 WHERE id BETWEEN 9901627 AND 9902626
	Bitmap Heap Scan on sbtest6  (cost=22.45..3775.76 rows=977 width=121)
	  Recheck Cond: ((id >= 9901627) AND (id <= 9902626))
	  ->  Bitmap Index Scan on sbtest6_pkey  (cost=0.00..22.20 rows=977 width=0)
	        Index Cond: ((id >= 9901627) AND (id <= 9902626))

table 7 : explain SELECT c FROM sbtest7 WHERE id BETWEEN 8569902 AND 8570901
	Bitmap Heap Scan on sbtest7  (cost=23.29..4085.82 rows=1059 width=121)
	  Recheck Cond: ((id >= 8569902) AND (id <= 8570901))
	  ->  Bitmap Index Scan on sbtest7_pkey  (cost=0.00..23.02 rows=1059 width=0)
	        Index Cond: ((id >= 8569902) AND (id <= 8570901))

table 8 : explain SELECT c FROM sbtest8 WHERE id BETWEEN 5247338 AND 5248337
	Bitmap Heap Scan on sbtest8  (cost=27.16..4040.81 rows=1046 width=121)
	  Recheck Cond: ((id >= 5247338) AND (id <= 5248337))
	  ->  Bitmap Index Scan on sbtest8_pkey  (cost=0.00..26.89 rows=1046 width=0)
	        Index Cond: ((id >= 5247338) AND (id <= 5248337))

explain: for point_selects :: explain SELECT c FROM sbtest%u WHERE id=%u
for: distinct_ranges
table 1 : explain SELECT DISTINCT c FROM sbtest1 WHERE id BETWEEN 794926 AND 795925 ORDER BY c
	Unique  (cost=3871.59..3876.54 rows=990 width=121)
	  ->  Sort  (cost=3871.59..3874.06 rows=990 width=121)
	        Sort Key: c
	        ->  Bitmap Heap Scan on sbtest1  (cost=22.58..3822.33 rows=990 width=121)
	              Recheck Cond: ((id >= 794926) AND (id <= 795925))
	              ->  Bitmap Index Scan on sbtest1_pkey  (cost=0.00..22.33 rows=990 width=0)
	                    Index Cond: ((id >= 794926) AND (id <= 795925))

table 2 : explain SELECT DISTINCT c FROM sbtest2 WHERE id BETWEEN 9448711 AND 9449710 ORDER BY c
	Unique  (cost=4289.07..4294.56 rows=1098 width=121)
	  ->  Sort  (cost=4289.07..4291.82 rows=1098 width=121)
	        Sort Key: c
	        ->  Bitmap Heap Scan on sbtest2  (cost=27.69..4233.62 rows=1098 width=121)
	              Recheck Cond: ((id >= 9448711) AND (id <= 9449710))
	              ->  Bitmap Index Scan on sbtest2_pkey  (cost=0.00..27.41 rows=1098 width=0)
	                    Index Cond: ((id >= 9448711) AND (id <= 9449710))

table 3 : explain SELECT DISTINCT c FROM sbtest3 WHERE id BETWEEN 5897768 AND 5898767 ORDER BY c
	Unique  (cost=3869.03..3873.98 rows=989 width=121)
	  ->  Sort  (cost=3869.03..3871.50 rows=989 width=121)
	        Sort Key: c
	        ->  Bitmap Heap Scan on sbtest3  (cost=22.57..3819.83 rows=989 width=121)
	              Recheck Cond: ((id >= 5897768) AND (id <= 5898767))
	              ->  Bitmap Index Scan on sbtest3_pkey  (cost=0.00..22.32 rows=989 width=0)
	                    Index Cond: ((id >= 5897768) AND (id <= 5898767))

table 4 : explain SELECT DISTINCT c FROM sbtest4 WHERE id BETWEEN 6492495 AND 6493494 ORDER BY c
	Unique  (cost=4244.68..4250.11 rows=1086 width=121)
	  ->  Sort  (cost=4244.68..4247.39 rows=1086 width=121)
	        Sort Key: c
	        ->  Bitmap Heap Scan on sbtest4  (cost=27.57..4189.92 rows=1086 width=121)
	              Recheck Cond: ((id >= 6492495) AND (id <= 6493494))
	              ->  Bitmap Index Scan on sbtest4_pkey  (cost=0.00..27.29 rows=1086 width=0)
	                    Index Cond: ((id >= 6492495) AND (id <= 6493494))

table 5 : explain SELECT DISTINCT c FROM sbtest5 WHERE id BETWEEN 673577 AND 674576 ORDER BY c
	Unique  (cost=3452.36..3456.76 rows=880 width=121)
	  ->  Sort  (cost=3452.36..3454.56 rows=880 width=121)
	        Sort Key: c
	        ->  Bitmap Heap Scan on sbtest5  (cost=21.45..3409.32 rows=880 width=121)
	              Recheck Cond: ((id >= 673577) AND (id <= 674576))
	              ->  Bitmap Index Scan on sbtest5_pkey  (cost=0.00..21.23 rows=880 width=0)
	                    Index Cond: ((id >= 673577) AND (id <= 674576))

table 6 : explain SELECT DISTINCT c FROM sbtest6 WHERE id BETWEEN 8905353 AND 8906352 ORDER BY c
	Unique  (cost=3636.56..3641.20 rows=928 width=121)
	  ->  Sort  (cost=3636.56..3638.88 rows=928 width=121)
	        Sort Key: c
	        ->  Bitmap Heap Scan on sbtest6  (cost=21.95..3590.82 rows=928 width=121)
	              Recheck Cond: ((id >= 8905353) AND (id <= 8906352))
	              ->  Bitmap Index Scan on sbtest6_pkey  (cost=0.00..21.71 rows=928 width=0)
	                    Index Cond: ((id >= 8905353) AND (id <= 8906352))

table 7 : explain SELECT DISTINCT c FROM sbtest7 WHERE id BETWEEN 6016971 AND 6017970 ORDER BY c
	Unique  (cost=3787.09..3791.93 rows=967 width=121)
	  ->  Sort  (cost=3787.09..3789.51 rows=967 width=121)
	        Sort Key: c
	        ->  Bitmap Heap Scan on sbtest7  (cost=22.35..3739.14 rows=967 width=121)
	              Recheck Cond: ((id >= 6016971) AND (id <= 6017970))
	              ->  Bitmap Index Scan on sbtest7_pkey  (cost=0.00..22.11 rows=967 width=0)
	                    Index Cond: ((id >= 6016971) AND (id <= 6017970))

table 8 : explain SELECT DISTINCT c FROM sbtest8 WHERE id BETWEEN 3292227 AND 3293226 ORDER BY c
	Unique  (cost=4158.22..4163.53 rows=1063 width=121)
	  ->  Sort  (cost=4158.22..4160.87 rows=1063 width=121)
	        Sort Key: c
	        ->  Bitmap Heap Scan on sbtest8  (cost=27.33..4104.78 rows=1063 width=121)
	              Recheck Cond: ((id >= 3292227) AND (id <= 3293226))
	              ->  Bitmap Index Scan on sbtest8_pkey  (cost=0.00..27.07 rows=1063 width=0)
	                    Index Cond: ((id >= 3292227) AND (id <= 3293226))

for point_selects
table 1 : explain SELECT c FROM sbtest1 WHERE id=4730354
	Index Scan using sbtest1_pkey on sbtest1  (cost=0.43..8.45 rows=1 width=121)
	  Index Cond: (id = 4730354)

table 2 : explain SELECT c FROM sbtest2 WHERE id=4243995
	Index Scan using sbtest2_pkey on sbtest2  (cost=0.43..8.45 rows=1 width=121)
	  Index Cond: (id = 4243995)

table 3 : explain SELECT c FROM sbtest3 WHERE id=5068074
	Index Scan using sbtest3_pkey on sbtest3  (cost=0.43..8.45 rows=1 width=121)
	  Index Cond: (id = 5068074)

table 4 : explain SELECT c FROM sbtest4 WHERE id=378048
	Index Scan using sbtest4_pkey on sbtest4  (cost=0.43..8.45 rows=1 width=121)
	  Index Cond: (id = 378048)

table 5 : explain SELECT c FROM sbtest5 WHERE id=2475902
	Index Scan using sbtest5_pkey on sbtest5  (cost=0.43..8.45 rows=1 width=121)
	  Index Cond: (id = 2475902)

table 6 : explain SELECT c FROM sbtest6 WHERE id=403029
	Index Scan using sbtest6_pkey on sbtest6  (cost=0.43..8.45 rows=1 width=121)
	  Index Cond: (id = 403029)

table 7 : explain SELECT c FROM sbtest7 WHERE id=1510959
	Index Scan using sbtest7_pkey on sbtest7  (cost=0.43..8.45 rows=1 width=121)
	  Index Cond: (id = 1510959)

table 8 : explain SELECT c FROM sbtest8 WHERE id=4946313
	Index Scan using sbtest8_pkey on sbtest8  (cost=0.43..8.45 rows=1 width=121)
	  Index Cond: (id = 4946313)

explain: for point_selects :: explain SELECT c FROM sbtest%u WHERE id=%u
for: simple_ranges
table 1 : explain SELECT c FROM sbtest1 WHERE id BETWEEN 9887430 AND 9888429
	Bitmap Heap Scan on sbtest1  (cost=22.30..3716.84 rows=962 width=121)
	  Recheck Cond: ((id >= 9887430) AND (id <= 9888429))
	  ->  Bitmap Index Scan on sbtest1_pkey  (cost=0.00..22.05 rows=962 width=0)
	        Index Cond: ((id >= 9887430) AND (id <= 9888429))

table 2 : explain SELECT c FROM sbtest2 WHERE id BETWEEN 8895644 AND 8896643
	Bitmap Heap Scan on sbtest2  (cost=22.83..3913.86 rows=1014 width=121)
	  Recheck Cond: ((id >= 8895644) AND (id <= 8896643))
	  ->  Bitmap Index Scan on sbtest2_pkey  (cost=0.00..22.57 rows=1014 width=0)
	        Index Cond: ((id >= 8895644) AND (id <= 8896643))

table 3 : explain SELECT c FROM sbtest3 WHERE id BETWEEN 6604579 AND 6605578
	Bitmap Heap Scan on sbtest3  (cost=23.22..4056.94 rows=1052 width=121)
	  Recheck Cond: ((id >= 6604579) AND (id <= 6605578))
	  ->  Bitmap Index Scan on sbtest3_pkey  (cost=0.00..22.95 rows=1052 width=0)
	        Index Cond: ((id >= 6604579) AND (id <= 6605578))

table 4 : explain SELECT c FROM sbtest4 WHERE id BETWEEN 9339751 AND 9340750
	Bitmap Heap Scan on sbtest4  (cost=21.98..3602.04 rows=931 width=121)
	  Recheck Cond: ((id >= 9339751) AND (id <= 9340750))
	  ->  Bitmap Index Scan on sbtest4_pkey  (cost=0.00..21.75 rows=931 width=0)
	        Index Cond: ((id >= 9339751) AND (id <= 9340750))

table 5 : explain SELECT c FROM sbtest5 WHERE id BETWEEN 333227 AND 334226
	Bitmap Heap Scan on sbtest5  (cost=27.62..4208.82 rows=1091 width=121)
	  Recheck Cond: ((id >= 333227) AND (id <= 334226))
	  ->  Bitmap Index Scan on sbtest5_pkey  (cost=0.00..27.34 rows=1091 width=0)
	        Index Cond: ((id >= 333227) AND (id <= 334226))

table 6 : explain SELECT c FROM sbtest6 WHERE id BETWEEN 4603617 AND 4604616
	Bitmap Heap Scan on sbtest6  (cost=22.78..3896.37 rows=1009 width=121)
	  Recheck Cond: ((id >= 4603617) AND (id <= 4604616))
	  ->  Bitmap Index Scan on sbtest6_pkey  (cost=0.00..22.52 rows=1009 width=0)
	        Index Cond: ((id >= 4603617) AND (id <= 4604616))

table 7 : explain SELECT c FROM sbtest7 WHERE id BETWEEN 2798025 AND 2799024
	Bitmap Heap Scan on sbtest7  (cost=22.74..3882.47 rows=1005 width=121)
	  Recheck Cond: ((id >= 2798025) AND (id <= 2799024))
	  ->  Bitmap Index Scan on sbtest7_pkey  (cost=0.00..22.48 rows=1005 width=0)
	        Index Cond: ((id >= 2798025) AND (id <= 2799024))

table 8 : explain SELECT c FROM sbtest8 WHERE id BETWEEN 3376558 AND 3377557
	Bitmap Heap Scan on sbtest8  (cost=22.47..3784.34 rows=979 width=121)
	  Recheck Cond: ((id >= 3376558) AND (id <= 3377557))
	  ->  Bitmap Index Scan on sbtest8_pkey  (cost=0.00..22.22 rows=979 width=0)
	        Index Cond: ((id >= 3376558) AND (id <= 3377557))

for: sum_ranges
table 1 : explain SELECT SUM(k) FROM sbtest1 WHERE id BETWEEN 2453187 AND 2454186
	Aggregate  (cost=3738.10..3738.11 rows=1 width=8)
	  ->  Bitmap Heap Scan on sbtest1  (cost=22.35..3735.68 rows=967 width=4)
	        Recheck Cond: ((id >= 2453187) AND (id <= 2454186))
	        ->  Bitmap Index Scan on sbtest1_pkey  (cost=0.00..22.11 rows=967 width=0)
	              Index Cond: ((id >= 2453187) AND (id <= 2454186))

table 2 : explain SELECT SUM(k) FROM sbtest2 WHERE id BETWEEN 5482712 AND 5483711
	Aggregate  (cost=3603.30..3603.31 rows=1 width=8)
	  ->  Bitmap Heap Scan on sbtest2  (cost=21.98..3600.97 rows=931 width=4)
	        Recheck Cond: ((id >= 5482712) AND (id <= 5483711))
	        ->  Bitmap Index Scan on sbtest2_pkey  (cost=0.00..21.75 rows=931 width=0)
	              Index Cond: ((id >= 5482712) AND (id <= 5483711))

table 3 : explain SELECT SUM(k) FROM sbtest3 WHERE id BETWEEN 3730072 AND 3731071
	Aggregate  (cost=3890.15..3890.16 rows=1 width=8)
	  ->  Bitmap Heap Scan on sbtest3  (cost=22.76..3887.63 rows=1007 width=4)
	        Recheck Cond: ((id >= 3730072) AND (id <= 3731071))
	        ->  Bitmap Index Scan on sbtest3_pkey  (cost=0.00..22.50 rows=1007 width=0)
	              Index Cond: ((id >= 3730072) AND (id <= 3731071))

table 4 : explain SELECT SUM(k) FROM sbtest4 WHERE id BETWEEN 1741091 AND 1742090
	Aggregate  (cost=3687.49..3687.50 rows=1 width=8)
	  ->  Bitmap Heap Scan on sbtest4  (cost=22.20..3685.10 rows=953 width=4)
	        Recheck Cond: ((id >= 1741091) AND (id <= 1742090))
	        ->  Bitmap Index Scan on sbtest4_pkey  (cost=0.00..21.96 rows=953 width=0)
	              Index Cond: ((id >= 1741091) AND (id <= 1742090))

table 5 : explain SELECT SUM(k) FROM sbtest5 WHERE id BETWEEN 220753 AND 221752
	Aggregate  (cost=3483.44..3483.45 rows=1 width=8)
	  ->  Bitmap Heap Scan on sbtest5  (cost=21.65..3481.19 rows=899 width=4)
	        Recheck Cond: ((id >= 220753) AND (id <= 221752))
	        ->  Bitmap Index Scan on sbtest5_pkey  (cost=0.00..21.43 rows=899 width=0)
	              Index Cond: ((id >= 220753) AND (id <= 221752))

table 6 : explain SELECT SUM(k) FROM sbtest6 WHERE id BETWEEN 5606426 AND 5607425
	Aggregate  (cost=3921.51..3921.52 rows=1 width=8)
	  ->  Bitmap Heap Scan on sbtest6  (cost=22.84..3918.97 rows=1015 width=4)
	        Recheck Cond: ((id >= 5606426) AND (id <= 5607425))
	        ->  Bitmap Index Scan on sbtest6_pkey  (cost=0.00..22.58 rows=1015 width=0)
	              Index Cond: ((id >= 5606426) AND (id <= 5607425))

table 7 : explain SELECT SUM(k) FROM sbtest7 WHERE id BETWEEN 769073 AND 770072
	Aggregate  (cost=4182.79..4182.80 rows=1 width=8)
	  ->  Bitmap Heap Scan on sbtest7  (cost=27.54..4180.08 rows=1083 width=4)
	        Recheck Cond: ((id >= 769073) AND (id <= 770072))
	        ->  Bitmap Index Scan on sbtest7_pkey  (cost=0.00..27.26 rows=1083 width=0)
	              Index Cond: ((id >= 769073) AND (id <= 770072))

table 8 : explain SELECT SUM(k) FROM sbtest8 WHERE id BETWEEN 9356306 AND 9357305
	Aggregate  (cost=4039.66..4039.67 rows=1 width=8)
	  ->  Bitmap Heap Scan on sbtest8  (cost=27.15..4037.05 rows=1045 width=4)
	        Recheck Cond: ((id >= 9356306) AND (id <= 9357305))
	        ->  Bitmap Index Scan on sbtest8_pkey  (cost=0.00..26.89 rows=1045 width=0)
	              Index Cond: ((id >= 9356306) AND (id <= 9357305))

for: sum_ranges
table 1 : explain SELECT SUM(k) FROM sbtest1 WHERE id BETWEEN 7209020 AND 7210019
	Aggregate  (cost=3998.01..3998.02 rows=1 width=8)
	  ->  Bitmap Heap Scan on sbtest1  (cost=23.05..3995.42 rows=1036 width=4)
	        Recheck Cond: ((id >= 7209020) AND (id <= 7210019))
	        ->  Bitmap Index Scan on sbtest1_pkey  (cost=0.00..22.79 rows=1036 width=0)
	              Index Cond: ((id >= 7209020) AND (id <= 7210019))

table 2 : explain SELECT SUM(k) FROM sbtest2 WHERE id BETWEEN 4089548 AND 4090547
	Aggregate  (cost=3916.40..3916.41 rows=1 width=8)
	  ->  Bitmap Heap Scan on sbtest2  (cost=22.83..3913.86 rows=1014 width=4)
	        Recheck Cond: ((id >= 4089548) AND (id <= 4090547))
	        ->  Bitmap Index Scan on sbtest2_pkey  (cost=0.00..22.57 rows=1014 width=0)
	              Index Cond: ((id >= 4089548) AND (id <= 4090547))

table 3 : explain SELECT SUM(k) FROM sbtest3 WHERE id BETWEEN 867158 AND 868157
	Aggregate  (cost=4003.13..4003.14 rows=1 width=8)
	  ->  Bitmap Heap Scan on sbtest3  (cost=23.06..4000.53 rows=1037 width=4)
	        Recheck Cond: ((id >= 867158) AND (id <= 868157))
	        ->  Bitmap Index Scan on sbtest3_pkey  (cost=0.00..22.80 rows=1037 width=0)
	              Index Cond: ((id >= 867158) AND (id <= 868157))

table 4 : explain SELECT SUM(k) FROM sbtest4 WHERE id BETWEEN 3150825 AND 3151824
	Aggregate  (cost=4064.74..4064.75 rows=1 width=8)
	  ->  Bitmap Heap Scan on sbtest4  (cost=27.22..4062.11 rows=1052 width=4)
	        Recheck Cond: ((id >= 3150825) AND (id <= 3151824))
	        ->  Bitmap Index Scan on sbtest4_pkey  (cost=0.00..26.95 rows=1052 width=0)
	              Index Cond: ((id >= 3150825) AND (id <= 3151824))

table 5 : explain SELECT SUM(k) FROM sbtest5 WHERE id BETWEEN 621765 AND 622764
	Aggregate  (cost=3411.52..3411.53 rows=1 width=8)
	  ->  Bitmap Heap Scan on sbtest5  (cost=21.45..3409.32 rows=880 width=4)
	        Recheck Cond: ((id >= 621765) AND (id <= 622764))
	        ->  Bitmap Index Scan on sbtest5_pkey  (cost=0.00..21.23 rows=880 width=0)
	              Index Cond: ((id >= 621765) AND (id <= 622764))

table 6 : explain SELECT SUM(k) FROM sbtest6 WHERE id BETWEEN 651969 AND 652968
	Aggregate  (cost=3630.93..3630.94 rows=1 width=8)
	  ->  Bitmap Heap Scan on sbtest6  (cost=22.05..3628.59 rows=938 width=4)
	        Recheck Cond: ((id >= 651969) AND (id <= 652968))
	        ->  Bitmap Index Scan on sbtest6_pkey  (cost=0.00..21.82 rows=938 width=0)
	              Index Cond: ((id >= 651969) AND (id <= 652968))

table 7 : explain SELECT SUM(k) FROM sbtest7 WHERE id BETWEEN 107732 AND 108731
	Aggregate  (cost=3775.54..3775.55 rows=1 width=8)
	  ->  Bitmap Heap Scan on sbtest7  (cost=22.44..3773.10 rows=976 width=4)
	        Recheck Cond: ((id >= 107732) AND (id <= 108731))
	        ->  Bitmap Index Scan on sbtest7_pkey  (cost=0.00..22.19 rows=976 width=0)
	              Index Cond: ((id >= 107732) AND (id <= 108731))

table 8 : explain SELECT SUM(k) FROM sbtest8 WHERE id BETWEEN 191605 AND 192604
	Aggregate  (cost=3726.37..3726.38 rows=1 width=8)
	  ->  Bitmap Heap Scan on sbtest8  (cost=22.31..3723.97 rows=963 width=4)
	        Recheck Cond: ((id >= 191605) AND (id <= 192604))
	        ->  Bitmap Index Scan on sbtest8_pkey  (cost=0.00..22.07 rows=963 width=0)
	              Index Cond: ((id >= 191605) AND (id <= 192604))

for: simple_ranges
table 1 : explain SELECT c FROM sbtest1 WHERE id BETWEEN 5521215 AND 5522214
	Bitmap Heap Scan on sbtest1  (cost=22.14..3660.28 rows=947 width=121)
	  Recheck Cond: ((id >= 5521215) AND (id <= 5522214))
	  ->  Bitmap Index Scan on sbtest1_pkey  (cost=0.00..21.90 rows=947 width=0)
	        Index Cond: ((id >= 5521215) AND (id <= 5522214))

table 2 : explain SELECT c FROM sbtest2 WHERE id BETWEEN 8185948 AND 8186947
	Bitmap Heap Scan on sbtest2  (cost=23.21..4053.06 rows=1051 width=121)
	  Recheck Cond: ((id >= 8185948) AND (id <= 8186947))
	  ->  Bitmap Index Scan on sbtest2_pkey  (cost=0.00..22.94 rows=1051 width=0)
	        Index Cond: ((id >= 8185948) AND (id <= 8186947))

table 3 : explain SELECT c FROM sbtest3 WHERE id BETWEEN 8887735 AND 8888734
	Bitmap Heap Scan on sbtest3  (cost=22.62..3838.67 rows=994 width=121)
	  Recheck Cond: ((id >= 8887735) AND (id <= 8888734))
	  ->  Bitmap Index Scan on sbtest3_pkey  (cost=0.00..22.37 rows=994 width=0)
	        Index Cond: ((id >= 8887735) AND (id <= 8888734))

table 4 : explain SELECT c FROM sbtest4 WHERE id BETWEEN 1271751 AND 1272750
	Bitmap Heap Scan on sbtest4  (cost=27.40..4129.79 rows=1070 width=121)
	  Recheck Cond: ((id >= 1271751) AND (id <= 1272750))
	  ->  Bitmap Index Scan on sbtest4_pkey  (cost=0.00..27.14 rows=1070 width=0)
	        Index Cond: ((id >= 1271751) AND (id <= 1272750))

table 5 : explain SELECT c FROM sbtest5 WHERE id BETWEEN 6095671 AND 6096670
	Bitmap Heap Scan on sbtest5  (cost=23.08..4009.30 rows=1039 width=121)
	  Recheck Cond: ((id >= 6095671) AND (id <= 6096670))
	  ->  Bitmap Index Scan on sbtest5_pkey  (cost=0.00..22.82 rows=1039 width=0)
	        Index Cond: ((id >= 6095671) AND (id <= 6096670))

table 6 : explain SELECT c FROM sbtest6 WHERE id BETWEEN 8076399 AND 8077398
	Bitmap Heap Scan on sbtest6  (cost=22.36..3741.81 rows=968 width=121)
	  Recheck Cond: ((id >= 8076399) AND (id <= 8077398))
	  ->  Bitmap Index Scan on sbtest6_pkey  (cost=0.00..22.11 rows=968 width=0)
	        Index Cond: ((id >= 8076399) AND (id <= 8077398))

table 7 : explain SELECT c FROM sbtest7 WHERE id BETWEEN 9264907 AND 9265906
	Bitmap Heap Scan on sbtest7  (cost=22.80..3905.08 rows=1011 width=121)
	  Recheck Cond: ((id >= 9264907) AND (id <= 9265906))
	  ->  Bitmap Index Scan on sbtest7_pkey  (cost=0.00..22.54 rows=1011 width=0)
	        Index Cond: ((id >= 9264907) AND (id <= 9265906))

table 8 : explain SELECT c FROM sbtest8 WHERE id BETWEEN 4921074 AND 4922073
	Bitmap Heap Scan on sbtest8  (cost=21.37..3379.93 rows=872 width=121)
	  Recheck Cond: ((id >= 4921074) AND (id <= 4922073))
	  ->  Bitmap Index Scan on sbtest8_pkey  (cost=0.00..21.15 rows=872 width=0)
	        Index Cond: ((id >= 4921074) AND (id <= 4922073))

for point_selects
table 1 : explain SELECT c FROM sbtest1 WHERE id=3796599
	Index Scan using sbtest1_pkey on sbtest1  (cost=0.43..8.45 rows=1 width=121)
	  Index Cond: (id = 3796599)

table 2 : explain SELECT c FROM sbtest2 WHERE id=1112553
	Index Scan using sbtest2_pkey on sbtest2  (cost=0.43..8.45 rows=1 width=121)
	  Index Cond: (id = 1112553)

table 3 : explain SELECT c FROM sbtest3 WHERE id=6137174
	Index Scan using sbtest3_pkey on sbtest3  (cost=0.43..8.45 rows=1 width=121)
	  Index Cond: (id = 6137174)

table 4 : explain SELECT c FROM sbtest4 WHERE id=5157935
	Index Scan using sbtest4_pkey on sbtest4  (cost=0.43..8.45 rows=1 width=121)
	  Index Cond: (id = 5157935)

table 5 : explain SELECT c FROM sbtest5 WHERE id=4215804
	Index Scan using sbtest5_pkey on sbtest5  (cost=0.43..8.45 rows=1 width=121)
	  Index Cond: (id = 4215804)

table 6 : explain SELECT c FROM sbtest6 WHERE id=3639374
	Index Scan using sbtest6_pkey on sbtest6  (cost=0.43..8.45 rows=1 width=121)
	  Index Cond: (id = 3639374)

table 7 : explain SELECT c FROM sbtest7 WHERE id=5034311
	Index Scan using sbtest7_pkey on sbtest7  (cost=0.43..8.45 rows=1 width=121)
	  Index Cond: (id = 5034311)

table 8 : explain SELECT c FROM sbtest8 WHERE id=5923433
	Index Scan using sbtest8_pkey on sbtest8  (cost=0.43..8.45 rows=1 width=121)
	  Index Cond: (id = 5923433)

for: distinct_ranges
table 1 : explain SELECT DISTINCT c FROM sbtest1 WHERE id BETWEEN 1221576 AND 1222575 ORDER BY c
	Unique  (cost=3649.66..3654.32 rows=932 width=121)
	  ->  Sort  (cost=3649.66..3651.99 rows=932 width=121)
	        Sort Key: c
	        ->  Bitmap Heap Scan on sbtest1  (cost=21.99..3603.69 rows=932 width=121)
	              Recheck Cond: ((id >= 1221576) AND (id <= 1222575))
	              ->  Bitmap Index Scan on sbtest1_pkey  (cost=0.00..21.75 rows=932 width=0)
	                    Index Cond: ((id >= 1221576) AND (id <= 1222575))

table 2 : explain SELECT DISTINCT c FROM sbtest2 WHERE id BETWEEN 3147373 AND 3148372 ORDER BY c
	Unique  (cost=3960.67..3965.73 rows=1013 width=121)
	  ->  Sort  (cost=3960.67..3963.20 rows=1013 width=121)
	        Sort Key: c
	        ->  Bitmap Heap Scan on sbtest2  (cost=22.82..3910.10 rows=1013 width=121)
	              Recheck Cond: ((id >= 3147373) AND (id <= 3148372))
	              ->  Bitmap Index Scan on sbtest2_pkey  (cost=0.00..22.57 rows=1013 width=0)
	                    Index Cond: ((id >= 3147373) AND (id <= 3148372))

table 3 : explain SELECT DISTINCT c FROM sbtest3 WHERE id BETWEEN 9995471 AND 9996470 ORDER BY c
	Unique  (cost=3999.00..4004.12 rows=1023 width=121)
	  ->  Sort  (cost=3999.00..4001.56 rows=1023 width=121)
	        Sort Key: c
	        ->  Bitmap Heap Scan on sbtest3  (cost=22.92..3947.86 rows=1023 width=121)
	              Recheck Cond: ((id >= 9995471) AND (id <= 9996470))
	              ->  Bitmap Index Scan on sbtest3_pkey  (cost=0.00..22.66 rows=1023 width=0)
	                    Index Cond: ((id >= 9995471) AND (id <= 9996470))

table 4 : explain SELECT DISTINCT c FROM sbtest4 WHERE id BETWEEN 5411419 AND 5412418 ORDER BY c
	Unique  (cost=4026.87..4032.02 rows=1030 width=121)
	  ->  Sort  (cost=4026.87..4029.44 rows=1030 width=121)
	        Sort Key: c
	        ->  Bitmap Heap Scan on sbtest4  (cost=22.99..3975.32 rows=1030 width=121)
	              Recheck Cond: ((id >= 5411419) AND (id <= 5412418))
	              ->  Bitmap Index Scan on sbtest4_pkey  (cost=0.00..22.73 rows=1030 width=0)
	                    Index Cond: ((id >= 5411419) AND (id <= 5412418))

table 5 : explain SELECT DISTINCT c FROM sbtest5 WHERE id BETWEEN 5487026 AND 5488025 ORDER BY c
	Unique  (cost=4061.36..4066.56 rows=1039 width=121)
	  ->  Sort  (cost=4061.36..4063.96 rows=1039 width=121)
	        Sort Key: c
	        ->  Bitmap Heap Scan on sbtest5  (cost=23.08..4009.30 rows=1039 width=121)
	              Recheck Cond: ((id >= 5487026) AND (id <= 5488025))
	              ->  Bitmap Index Scan on sbtest5_pkey  (cost=0.00..22.82 rows=1039 width=0)
	                    Index Cond: ((id >= 5487026) AND (id <= 5488025))

table 6 : explain SELECT DISTINCT c FROM sbtest6 WHERE id BETWEEN 4857070 AND 4858069 ORDER BY c
	Unique  (cost=3736.20..3740.97 rows=954 width=121)
	  ->  Sort  (cost=3736.20..3738.59 rows=954 width=121)
	        Sort Key: c
	        ->  Bitmap Heap Scan on sbtest6  (cost=22.21..3688.99 rows=954 width=121)
	              Recheck Cond: ((id >= 4857070) AND (id <= 4858069))
	              ->  Bitmap Index Scan on sbtest6_pkey  (cost=0.00..21.97 rows=954 width=0)
	                    Index Cond: ((id >= 4857070) AND (id <= 4858069))

table 7 : explain SELECT DISTINCT c FROM sbtest7 WHERE id BETWEEN 3497043 AND 3498042 ORDER BY c
	Unique  (cost=3391.84..3396.16 rows=864 width=121)
	  ->  Sort  (cost=3391.84..3394.00 rows=864 width=121)
	        Sort Key: c
	        ->  Bitmap Heap Scan on sbtest7  (cost=21.29..3349.70 rows=864 width=121)
	              Recheck Cond: ((id >= 3497043) AND (id <= 3498042))
	              ->  Bitmap Index Scan on sbtest7_pkey  (cost=0.00..21.07 rows=864 width=0)
	                    Index Cond: ((id >= 3497043) AND (id <= 3498042))

table 8 : explain SELECT DISTINCT c FROM sbtest8 WHERE id BETWEEN 2775429 AND 2776428 ORDER BY c
	Unique  (cost=4238.40..4243.82 rows=1084 width=121)
	  ->  Sort  (cost=4238.40..4241.11 rows=1084 width=121)
	        Sort Key: c
	        ->  Bitmap Heap Scan on sbtest8  (cost=27.55..4183.75 rows=1084 width=121)
	              Recheck Cond: ((id >= 2775429) AND (id <= 2776428))
	              ->  Bitmap Index Scan on sbtest8_pkey  (cost=0.00..27.27 rows=1084 width=0)
	                    Index Cond: ((id >= 2775429) AND (id <= 2776428))

for point_selects
table 1 : explain SELECT c FROM sbtest1 WHERE id=3322525
	Index Scan using sbtest1_pkey on sbtest1  (cost=0.43..8.45 rows=1 width=121)
	  Index Cond: (id = 3322525)

table 2 : explain SELECT c FROM sbtest2 WHERE id=3745201
	Index Scan using sbtest2_pkey on sbtest2  (cost=0.43..8.45 rows=1 width=121)
	  Index Cond: (id = 3745201)

table 3 : explain SELECT c FROM sbtest3 WHERE id=611409
	Index Scan using sbtest3_pkey on sbtest3  (cost=0.43..8.45 rows=1 width=121)
	  Index Cond: (id = 611409)

table 4 : explain SELECT c FROM sbtest4 WHERE id=1190099
	Index Scan using sbtest4_pkey on sbtest4  (cost=0.43..8.45 rows=1 width=121)
	  Index Cond: (id = 1190099)

table 5 : explain SELECT c FROM sbtest5 WHERE id=2421993
	Index Scan using sbtest5_pkey on sbtest5  (cost=0.43..8.45 rows=1 width=121)
	  Index Cond: (id = 2421993)

table 6 : explain SELECT c FROM sbtest6 WHERE id=1131335
	Index Scan using sbtest6_pkey on sbtest6  (cost=0.43..8.45 rows=1 width=121)
	  Index Cond: (id = 1131335)

table 7 : explain SELECT c FROM sbtest7 WHERE id=7853316
	Index Scan using sbtest7_pkey on sbtest7  (cost=0.43..8.45 rows=1 width=121)
	  Index Cond: (id = 7853316)

table 8 : explain SELECT c FROM sbtest8 WHERE id=1698925
	Index Scan using sbtest8_pkey on sbtest8  (cost=0.43..8.45 rows=1 width=121)
	  Index Cond: (id = 1698925)

for: order_ranges
table 1 : explain SELECT c FROM sbtest1 WHERE id BETWEEN 6296361 AND 6297360 ORDER BY c
	Sort  (cost=4085.47..4088.08 rows=1046 width=121)
	  Sort Key: c
	  ->  Bitmap Heap Scan on sbtest1  (cost=23.16..4033.01 rows=1046 width=121)
	        Recheck Cond: ((id >= 6296361) AND (id <= 6297360))
	        ->  Bitmap Index Scan on sbtest1_pkey  (cost=0.00..22.89 rows=1046 width=0)
	              Index Cond: ((id >= 6296361) AND (id <= 6297360))

table 2 : explain SELECT c FROM sbtest2 WHERE id BETWEEN 6105115 AND 6106114 ORDER BY c
	Sort  (cost=3979.77..3982.32 rows=1018 width=121)
	  Sort Key: c
	  ->  Bitmap Heap Scan on sbtest2  (cost=22.87..3928.92 rows=1018 width=121)
	        Recheck Cond: ((id >= 6105115) AND (id <= 6106114))
	        ->  Bitmap Index Scan on sbtest2_pkey  (cost=0.00..22.61 rows=1018 width=0)
	              Index Cond: ((id >= 6105115) AND (id <= 6106114))

table 3 : explain SELECT c FROM sbtest3 WHERE id BETWEEN 1827633 AND 1828632 ORDER BY c
	Sort  (cost=4300.73..4303.48 rows=1102 width=121)
	  Sort Key: c
	  ->  Bitmap Heap Scan on sbtest3  (cost=27.73..4245.04 rows=1102 width=121)
	        Recheck Cond: ((id >= 1827633) AND (id <= 1828632))
	        ->  Bitmap Index Scan on sbtest3_pkey  (cost=0.00..27.45 rows=1102 width=0)
	              Index Cond: ((id >= 1827633) AND (id <= 1828632))

table 4 : explain SELECT c FROM sbtest4 WHERE id BETWEEN 4706632 AND 4707631 ORDER BY c
	Sort  (cost=3613.45..3615.75 rows=922 width=121)
	  Sort Key: c
	  ->  Bitmap Heap Scan on sbtest4  (cost=21.89..3568.04 rows=922 width=121)
	        Recheck Cond: ((id >= 4706632) AND (id <= 4707631))
	        ->  Bitmap Index Scan on sbtest4_pkey  (cost=0.00..21.65 rows=922 width=0)
	              Index Cond: ((id >= 4706632) AND (id <= 4707631))

table 5 : explain SELECT c FROM sbtest5 WHERE id BETWEEN 7462690 AND 7463689 ORDER BY c
	Sort  (cost=4248.61..4251.33 rows=1087 width=121)
	  Sort Key: c
	  ->  Bitmap Heap Scan on sbtest5  (cost=27.58..4193.79 rows=1087 width=121)
	        Recheck Cond: ((id >= 7462690) AND (id <= 7463689))
	        ->  Bitmap Index Scan on sbtest5_pkey  (cost=0.00..27.30 rows=1087 width=0)
	              Index Cond: ((id >= 7462690) AND (id <= 7463689))

table 6 : explain SELECT c FROM sbtest6 WHERE id BETWEEN 4336330 AND 4337329 ORDER BY c
	Sort  (cost=3931.41..3933.93 rows=1005 width=121)
	  Sort Key: c
	  ->  Bitmap Heap Scan on sbtest6  (cost=22.74..3881.30 rows=1005 width=121)
	        Recheck Cond: ((id >= 4336330) AND (id <= 4337329))
	        ->  Bitmap Index Scan on sbtest6_pkey  (cost=0.00..22.48 rows=1005 width=0)
	              Index Cond: ((id >= 4336330) AND (id <= 4337329))

table 7 : explain SELECT c FROM sbtest7 WHERE id BETWEEN 1384800 AND 1385799 ORDER BY c
	Sort  (cost=3813.91..3816.34 rows=974 width=121)
	  Sort Key: c
	  ->  Bitmap Heap Scan on sbtest7  (cost=22.42..3765.56 rows=974 width=121)
	        Recheck Cond: ((id >= 1384800) AND (id <= 1385799))
	        ->  Bitmap Index Scan on sbtest7_pkey  (cost=0.00..22.18 rows=974 width=0)
	              Index Cond: ((id >= 1384800) AND (id <= 1385799))

table 8 : explain SELECT c FROM sbtest8 WHERE id BETWEEN 3776174 AND 3777173 ORDER BY c
	Sort  (cost=4265.11..4267.84 rows=1091 width=121)
	  Sort Key: c
	  ->  Bitmap Heap Scan on sbtest8  (cost=27.62..4210.06 rows=1091 width=121)
	        Recheck Cond: ((id >= 3776174) AND (id <= 3777173))
	        ->  Bitmap Index Scan on sbtest8_pkey  (cost=0.00..27.34 rows=1091 width=0)
	              Index Cond: ((id >= 3776174) AND (id <= 3777173))

for: sum_ranges
table 1 : explain SELECT SUM(k) FROM sbtest1 WHERE id BETWEEN 4273071 AND 4274070
	Aggregate  (cost=4028.10..4028.11 rows=1 width=8)
	  ->  Bitmap Heap Scan on sbtest1  (cost=23.14..4025.49 rows=1044 width=4)
	        Recheck Cond: ((id >= 4273071) AND (id <= 4274070))
	        ->  Bitmap Index Scan on sbtest1_pkey  (cost=0.00..22.87 rows=1044 width=0)
	              Index Cond: ((id >= 4273071) AND (id <= 4274070))

table 2 : explain SELECT SUM(k) FROM sbtest2 WHERE id BETWEEN 8989432 AND 8990431
	Aggregate  (cost=3678.83..3678.84 rows=1 width=8)
	  ->  Bitmap Heap Scan on sbtest2  (cost=22.18..3676.45 rows=951 width=4)
	        Recheck Cond: ((id >= 8989432) AND (id <= 8990431))
	        ->  Bitmap Index Scan on sbtest2_pkey  (cost=0.00..21.94 rows=951 width=0)
	              Index Cond: ((id >= 8989432) AND (id <= 8990431))

table 3 : explain SELECT SUM(k) FROM sbtest3 WHERE id BETWEEN 1641441 AND 1642440
	Aggregate  (cost=3837.38..3837.39 rows=1 width=8)
	  ->  Bitmap Heap Scan on sbtest3  (cost=22.61..3834.90 rows=993 width=4)
	        Recheck Cond: ((id >= 1641441) AND (id <= 1642440))
	        ->  Bitmap Index Scan on sbtest3_pkey  (cost=0.00..22.36 rows=993 width=0)
	              Index Cond: ((id >= 1641441) AND (id <= 1642440))

table 4 : explain SELECT SUM(k) FROM sbtest4 WHERE id BETWEEN 7228603 AND 7229602
	Aggregate  (cost=3759.22..3759.23 rows=1 width=8)
	  ->  Bitmap Heap Scan on sbtest4  (cost=22.40..3756.79 rows=972 width=4)
	        Recheck Cond: ((id >= 7228603) AND (id <= 7229602))
	        ->  Bitmap Index Scan on sbtest4_pkey  (cost=0.00..22.15 rows=972 width=0)
	              Index Cond: ((id >= 7228603) AND (id <= 7229602))

table 5 : explain SELECT SUM(k) FROM sbtest5 WHERE id BETWEEN 6657593 AND 6658592
	Aggregate  (cost=3672.47..3672.48 rows=1 width=8)
	  ->  Bitmap Heap Scan on sbtest5  (cost=22.16..3670.10 rows=949 width=4)
	        Recheck Cond: ((id >= 6657593) AND (id <= 6658592))
	        ->  Bitmap Index Scan on sbtest5_pkey  (cost=0.00..21.93 rows=949 width=0)
	              Index Cond: ((id >= 6657593) AND (id <= 6658592))

table 6 : explain SELECT SUM(k) FROM sbtest6 WHERE id BETWEEN 588231 AND 589230
	Aggregate  (cost=3354.72..3354.73 rows=1 width=8)
	  ->  Bitmap Heap Scan on sbtest6  (cost=21.30..3352.56 rows=865 width=4)
	        Recheck Cond: ((id >= 588231) AND (id <= 589230))
	        ->  Bitmap Index Scan on sbtest6_pkey  (cost=0.00..21.08 rows=865 width=0)
	              Index Cond: ((id >= 588231) AND (id <= 589230))

table 7 : explain SELECT SUM(k) FROM sbtest7 WHERE id BETWEEN 3790040 AND 3791039
	Aggregate  (cost=3896.29..3896.30 rows=1 width=8)
	  ->  Bitmap Heap Scan on sbtest7  (cost=22.77..3893.77 rows=1008 width=4)
	        Recheck Cond: ((id >= 3790040) AND (id <= 3791039))
	        ->  Bitmap Index Scan on sbtest7_pkey  (cost=0.00..22.51 rows=1008 width=0)
	              Index Cond: ((id >= 3790040) AND (id <= 3791039))

table 8 : explain SELECT SUM(k) FROM sbtest8 WHERE id BETWEEN 7962196 AND 7963195
	Aggregate  (cost=3620.56..3620.57 rows=1 width=8)
	  ->  Bitmap Heap Scan on sbtest8  (cost=22.02..3618.23 rows=935 width=4)
	        Recheck Cond: ((id >= 7962196) AND (id <= 7963195))
	        ->  Bitmap Index Scan on sbtest8_pkey  (cost=0.00..21.79 rows=935 width=0)
	              Index Cond: ((id >= 7962196) AND (id <= 7963195))

for: order_ranges
table 1 : explain SELECT c FROM sbtest1 WHERE id BETWEEN 5473285 AND 5474284 ORDER BY c
	Sort  (cost=3707.10..3709.46 rows=947 width=121)
	  Sort Key: c
	  ->  Bitmap Heap Scan on sbtest1  (cost=22.14..3660.28 rows=947 width=121)
	        Recheck Cond: ((id >= 5473285) AND (id <= 5474284))
	        ->  Bitmap Index Scan on sbtest1_pkey  (cost=0.00..21.90 rows=947 width=0)
	              Index Cond: ((id >= 5473285) AND (id <= 5474284))

table 2 : explain SELECT c FROM sbtest2 WHERE id BETWEEN 6498265 AND 6499264 ORDER BY c
	Sort  (cost=3409.06..3411.23 rows=869 width=121)
	  Sort Key: c
	  ->  Bitmap Heap Scan on sbtest2  (cost=21.34..3366.64 rows=869 width=121)
	        Recheck Cond: ((id >= 6498265) AND (id <= 6499264))
	        ->  Bitmap Index Scan on sbtest2_pkey  (cost=0.00..21.12 rows=869 width=0)
	              Index Cond: ((id >= 6498265) AND (id <= 6499264))

table 3 : explain SELECT c FROM sbtest3 WHERE id BETWEEN 6881937 AND 6882936 ORDER BY c
	Sort  (cost=3589.49..3591.78 rows=916 width=121)
	  Sort Key: c
	  ->  Bitmap Heap Scan on sbtest3  (cost=21.82..3544.43 rows=916 width=121)
	        Recheck Cond: ((id >= 6881937) AND (id <= 6882936))
	        ->  Bitmap Index Scan on sbtest3_pkey  (cost=0.00..21.59 rows=916 width=0)
	              Index Cond: ((id >= 6881937) AND (id <= 6882936))

table 4 : explain SELECT c FROM sbtest4 WHERE id BETWEEN 3516360 AND 3517359 ORDER BY c
	Sort  (cost=4034.51..4037.09 rows=1032 width=121)
	  Sort Key: c
	  ->  Bitmap Heap Scan on sbtest4  (cost=23.01..3982.85 rows=1032 width=121)
	        Recheck Cond: ((id >= 3516360) AND (id <= 3517359))
	        ->  Bitmap Index Scan on sbtest4_pkey  (cost=0.00..22.75 rows=1032 width=0)
	              Index Cond: ((id >= 3516360) AND (id <= 3517359))

table 5 : explain SELECT c FROM sbtest5 WHERE id BETWEEN 900508 AND 901507 ORDER BY c
	Sort  (cost=3563.67..3565.94 rows=909 width=121)
	  Sort Key: c
	  ->  Bitmap Heap Scan on sbtest5  (cost=21.75..3519.00 rows=909 width=121)
	        Recheck Cond: ((id >= 900508) AND (id <= 901507))
	        ->  Bitmap Index Scan on sbtest5_pkey  (cost=0.00..21.52 rows=909 width=0)
	              Index Cond: ((id >= 900508) AND (id <= 901507))

table 6 : explain SELECT c FROM sbtest6 WHERE id BETWEEN 6742569 AND 6743568 ORDER BY c
	Sort  (cost=3682.56..3684.91 rows=940 width=121)
	  Sort Key: c
	  ->  Bitmap Heap Scan on sbtest6  (cost=22.07..3636.14 rows=940 width=121)
	        Recheck Cond: ((id >= 6742569) AND (id <= 6743568))
	        ->  Bitmap Index Scan on sbtest6_pkey  (cost=0.00..21.83 rows=940 width=0)
	              Index Cond: ((id >= 6742569) AND (id <= 6743568))

table 7 : explain SELECT c FROM sbtest7 WHERE id BETWEEN 7195779 AND 7196778 ORDER BY c
	Sort  (cost=3790.92..3793.34 rows=968 width=121)
	  Sort Key: c
	  ->  Bitmap Heap Scan on sbtest7  (cost=22.36..3742.92 rows=968 width=121)
	        Recheck Cond: ((id >= 7195779) AND (id <= 7196778))
	        ->  Bitmap Index Scan on sbtest7_pkey  (cost=0.00..22.11 rows=968 width=0)
	              Index Cond: ((id >= 7195779) AND (id <= 7196778))

table 8 : explain SELECT c FROM sbtest8 WHERE id BETWEEN 1987294 AND 1988293 ORDER BY c
	Sort  (cost=3859.78..3862.24 rows=986 width=121)
	  Sort Key: c
	  ->  Bitmap Heap Scan on sbtest8  (cost=22.54..3810.75 rows=986 width=121)
	        Recheck Cond: ((id >= 1987294) AND (id <= 1988293))
	        ->  Bitmap Index Scan on sbtest8_pkey  (cost=0.00..22.29 rows=986 width=0)
	              Index Cond: ((id >= 1987294) AND (id <= 1988293))

for: simple_ranges
table 1 : explain SELECT c FROM sbtest1 WHERE id BETWEEN 3504546 AND 3505545
	Bitmap Heap Scan on sbtest1  (cost=21.88..3562.18 rows=921 width=121)
	  Recheck Cond: ((id >= 3504546) AND (id <= 3505545))
	  ->  Bitmap Index Scan on sbtest1_pkey  (cost=0.00..21.64 rows=921 width=0)
	        Index Cond: ((id >= 3504546) AND (id <= 3505545))

table 2 : explain SELECT c FROM sbtest2 WHERE id BETWEEN 8750807 AND 8751806
	Bitmap Heap Scan on sbtest2  (cost=27.76..4256.17 rows=1105 width=121)
	  Recheck Cond: ((id >= 8750807) AND (id <= 8751806))
	  ->  Bitmap Index Scan on sbtest2_pkey  (cost=0.00..27.48 rows=1105 width=0)
	        Index Cond: ((id >= 8750807) AND (id <= 8751806))

table 3 : explain SELECT c FROM sbtest3 WHERE id BETWEEN 6866125 AND 6867124
	Bitmap Heap Scan on sbtest3  (cost=21.82..3544.43 rows=916 width=121)
	  Recheck Cond: ((id >= 6866125) AND (id <= 6867124))
	  ->  Bitmap Index Scan on sbtest3_pkey  (cost=0.00..21.59 rows=916 width=0)
	        Index Cond: ((id >= 6866125) AND (id <= 6867124))

table 4 : explain SELECT c FROM sbtest4 WHERE id BETWEEN 8785139 AND 8786138
	Bitmap Heap Scan on sbtest4  (cost=27.75..4257.53 rows=1104 width=121)
	  Recheck Cond: ((id >= 8785139) AND (id <= 8786138))
	  ->  Bitmap Index Scan on sbtest4_pkey  (cost=0.00..27.47 rows=1104 width=0)
	        Index Cond: ((id >= 8785139) AND (id <= 8786138))

table 5 : explain SELECT c FROM sbtest5 WHERE id BETWEEN 2443841 AND 2444840
	Bitmap Heap Scan on sbtest5  (cost=22.47..3783.28 rows=979 width=121)
	  Recheck Cond: ((id >= 2443841) AND (id <= 2444840))
	  ->  Bitmap Index Scan on sbtest5_pkey  (cost=0.00..22.22 rows=979 width=0)
	        Index Cond: ((id >= 2443841) AND (id <= 2444840))

table 6 : explain SELECT c FROM sbtest6 WHERE id BETWEEN 6380239 AND 6381238
	Bitmap Heap Scan on sbtest6  (cost=22.65..3851.16 rows=997 width=121)
	  Recheck Cond: ((id >= 6380239) AND (id <= 6381238))
	  ->  Bitmap Index Scan on sbtest6_pkey  (cost=0.00..22.40 rows=997 width=0)
	        Index Cond: ((id >= 6380239) AND (id <= 6381238))

table 7 : explain SELECT c FROM sbtest7 WHERE id BETWEEN 6462916 AND 6463915
	Bitmap Heap Scan on sbtest7  (cost=22.23..3697.62 rows=956 width=121)
	  Recheck Cond: ((id >= 6462916) AND (id <= 6463915))
	  ->  Bitmap Index Scan on sbtest7_pkey  (cost=0.00..22.00 rows=956 width=0)
	        Index Cond: ((id >= 6462916) AND (id <= 6463915))

table 8 : explain SELECT c FROM sbtest8 WHERE id BETWEEN 4399477 AND 4400476
	Bitmap Heap Scan on sbtest8  (cost=26.91..3950.44 rows=1022 width=121)
	  Recheck Cond: ((id >= 4399477) AND (id <= 4400476))
	  ->  Bitmap Index Scan on sbtest8_pkey  (cost=0.00..26.65 rows=1022 width=0)
	        Index Cond: ((id >= 4399477) AND (id <= 4400476))

for: order_ranges
table 1 : explain SELECT c FROM sbtest1 WHERE id BETWEEN 6403534 AND 6404533 ORDER BY c
	Sort  (cost=3913.63..3916.13 rows=1001 width=121)
	  Sort Key: c
	  ->  Bitmap Heap Scan on sbtest1  (cost=22.70..3863.75 rows=1001 width=121)
	        Recheck Cond: ((id >= 6403534) AND (id <= 6404533))
	        ->  Bitmap Index Scan on sbtest1_pkey  (cost=0.00..22.44 rows=1001 width=0)
	              Index Cond: ((id >= 6403534) AND (id <= 6404533))

table 2 : explain SELECT c FROM sbtest2 WHERE id BETWEEN 4455011 AND 4456010 ORDER BY c
	Sort  (cost=4327.27..4330.04 rows=1109 width=121)
	  Sort Key: c
	  ->  Bitmap Heap Scan on sbtest2  (cost=27.80..4271.18 rows=1109 width=121)
	        Recheck Cond: ((id >= 4455011) AND (id <= 4456010))
	        ->  Bitmap Index Scan on sbtest2_pkey  (cost=0.00..27.52 rows=1109 width=0)
	              Index Cond: ((id >= 4455011) AND (id <= 4456010))

table 3 : explain SELECT c FROM sbtest3 WHERE id BETWEEN 1400911 AND 1401910 ORDER BY c
	Sort  (cost=3872.86..3875.33 rows=990 width=121)
	  Sort Key: c
	  ->  Bitmap Heap Scan on sbtest3  (cost=22.58..3823.60 rows=990 width=121)
	        Recheck Cond: ((id >= 1400911) AND (id <= 1401910))
	        ->  Bitmap Index Scan on sbtest3_pkey  (cost=0.00..22.33 rows=990 width=0)
	              Index Cond: ((id >= 1400911) AND (id <= 1401910))

table 4 : explain SELECT c FROM sbtest4 WHERE id BETWEEN 7777090 AND 7778089 ORDER BY c
	Sort  (cost=3667.12..3669.46 rows=936 width=121)
	  Sort Key: c
	  ->  Bitmap Heap Scan on sbtest4  (cost=22.03..3620.93 rows=936 width=121)
	        Recheck Cond: ((id >= 7777090) AND (id <= 7778089))
	        ->  Bitmap Index Scan on sbtest4_pkey  (cost=0.00..21.79 rows=936 width=0)
	              Index Cond: ((id >= 7777090) AND (id <= 7778089))

table 5 : explain SELECT c FROM sbtest5 WHERE id BETWEEN 5995659 AND 5996658 ORDER BY c
	Sort  (cost=3552.16..3554.43 rows=906 width=121)
	  Sort Key: c
	  ->  Bitmap Heap Scan on sbtest5  (cost=21.72..3507.66 rows=906 width=121)
	        Recheck Cond: ((id >= 5995659) AND (id <= 5996658))
	        ->  Bitmap Index Scan on sbtest5_pkey  (cost=0.00..21.50 rows=906 width=0)
	              Index Cond: ((id >= 5995659) AND (id <= 5996658))

table 6 : explain SELECT c FROM sbtest6 WHERE id BETWEEN 7701367 AND 7702366 ORDER BY c
	Sort  (cost=3939.06..3941.58 rows=1007 width=121)
	  Sort Key: c
	  ->  Bitmap Heap Scan on sbtest6  (cost=22.76..3888.83 rows=1007 width=121)
	        Recheck Cond: ((id >= 7701367) AND (id <= 7702366))
	        ->  Bitmap Index Scan on sbtest6_pkey  (cost=0.00..22.50 rows=1007 width=0)
	              Index Cond: ((id >= 7701367) AND (id <= 7702366))

table 7 : explain SELECT c FROM sbtest7 WHERE id BETWEEN 146937 AND 147936 ORDER BY c
	Sort  (cost=3836.88..3839.33 rows=980 width=121)
	  Sort Key: c
	  ->  Bitmap Heap Scan on sbtest7  (cost=22.48..3788.19 rows=980 width=121)
	        Recheck Cond: ((id >= 146937) AND (id <= 147936))
	        ->  Bitmap Index Scan on sbtest7_pkey  (cost=0.00..22.23 rows=980 width=0)
	              Index Cond: ((id >= 146937) AND (id <= 147936))

table 8 : explain SELECT c FROM sbtest8 WHERE id BETWEEN 4007947 AND 4008946 ORDER BY c
	Sort  (cost=3917.36..3919.86 rows=1000 width=121)
	  Sort Key: c
	  ->  Bitmap Heap Scan on sbtest8  (cost=26.68..3867.53 rows=1000 width=121)
	        Recheck Cond: ((id >= 4007947) AND (id <= 4008946))
	        ->  Bitmap Index Scan on sbtest8_pkey  (cost=0.00..26.43 rows=1000 width=0)
	              Index Cond: ((id >= 4007947) AND (id <= 4008946))

for: sum_ranges
table 1 : explain SELECT SUM(k) FROM sbtest1 WHERE id BETWEEN 6182947 AND 6183946
	Aggregate  (cost=3873.78..3873.79 rows=1 width=8)
	  ->  Bitmap Heap Scan on sbtest1  (cost=22.72..3871.27 rows=1003 width=4)
	        Recheck Cond: ((id >= 6182947) AND (id <= 6183946))
	        ->  Bitmap Index Scan on sbtest1_pkey  (cost=0.00..22.46 rows=1003 width=0)
	              Index Cond: ((id >= 6182947) AND (id <= 6183946))

table 2 : explain SELECT SUM(k) FROM sbtest2 WHERE id BETWEEN 3972301 AND 3973300
	Aggregate  (cost=4130.90..4130.91 rows=1 width=8)
	  ->  Bitmap Heap Scan on sbtest2  (cost=23.41..4128.22 rows=1071 width=4)
	        Recheck Cond: ((id >= 3972301) AND (id <= 3973300))
	        ->  Bitmap Index Scan on sbtest2_pkey  (cost=0.00..23.14 rows=1071 width=0)
	              Index Cond: ((id >= 3972301) AND (id <= 3973300))

table 3 : explain SELECT SUM(k) FROM sbtest3 WHERE id BETWEEN 27260 AND 28259
	Aggregate  (cost=4070.86..4070.87 rows=1 width=8)
	  ->  Bitmap Heap Scan on sbtest3  (cost=23.25..4068.22 rows=1055 width=4)
	        Recheck Cond: ((id >= 27260) AND (id <= 28259))
	        ->  Bitmap Index Scan on sbtest3_pkey  (cost=0.00..22.98 rows=1055 width=0)
	              Index Cond: ((id >= 27260) AND (id <= 28259))

table 4 : explain SELECT SUM(k) FROM sbtest4 WHERE id BETWEEN 1582643 AND 1583642
	Aggregate  (cost=3823.36..3823.37 rows=1 width=8)
	  ->  Bitmap Heap Scan on sbtest4  (cost=22.57..3820.89 rows=989 width=4)
	        Recheck Cond: ((id >= 1582643) AND (id <= 1583642))
	        ->  Bitmap Index Scan on sbtest4_pkey  (cost=0.00..22.32 rows=989 width=0)
	              Index Cond: ((id >= 1582643) AND (id <= 1583642))

table 5 : explain SELECT SUM(k) FROM sbtest5 WHERE id BETWEEN 9072118 AND 9073117
	Aggregate  (cost=4019.43..4019.44 rows=1 width=8)
	  ->  Bitmap Heap Scan on sbtest5  (cost=23.11..4016.83 rows=1041 width=4)
	        Recheck Cond: ((id >= 9072118) AND (id <= 9073117))
	        ->  Bitmap Index Scan on sbtest5_pkey  (cost=0.00..22.84 rows=1041 width=0)
	              Index Cond: ((id >= 9072118) AND (id <= 9073117))

table 6 : explain SELECT SUM(k) FROM sbtest6 WHERE id BETWEEN 9161788 AND 9162787
	Aggregate  (cost=3985.56..3985.57 rows=1 width=8)
	  ->  Bitmap Heap Scan on sbtest6  (cost=23.01..3982.98 rows=1032 width=4)
	        Recheck Cond: ((id >= 9161788) AND (id <= 9162787))
	        ->  Bitmap Index Scan on sbtest6_pkey  (cost=0.00..22.75 rows=1032 width=0)
	              Index Cond: ((id >= 9161788) AND (id <= 9162787))

table 7 : explain SELECT SUM(k) FROM sbtest7 WHERE id BETWEEN 3705791 AND 3706790
	Aggregate  (cost=3896.29..3896.30 rows=1 width=8)
	  ->  Bitmap Heap Scan on sbtest7  (cost=22.77..3893.77 rows=1008 width=4)
	        Recheck Cond: ((id >= 3705791) AND (id <= 3706790))
	        ->  Bitmap Index Scan on sbtest7_pkey  (cost=0.00..22.51 rows=1008 width=0)
	              Index Cond: ((id >= 3705791) AND (id <= 3706790))

table 8 : explain SELECT SUM(k) FROM sbtest8 WHERE id BETWEEN 9320780 AND 9321779
	Aggregate  (cost=3537.36..3537.37 rows=1 width=8)
	  ->  Bitmap Heap Scan on sbtest8  (cost=21.79..3535.07 rows=913 width=4)
	        Recheck Cond: ((id >= 9320780) AND (id <= 9321779))
	        ->  Bitmap Index Scan on sbtest8_pkey  (cost=0.00..21.57 rows=913 width=0)
	              Index Cond: ((id >= 9320780) AND (id <= 9321779))

for: simple_ranges
table 1 : explain SELECT c FROM sbtest1 WHERE id BETWEEN 8109629 AND 8110628
	Bitmap Heap Scan on sbtest1  (cost=21.78..3528.20 rows=912 width=121)
	  Recheck Cond: ((id >= 8109629) AND (id <= 8110628))
	  ->  Bitmap Index Scan on sbtest1_pkey  (cost=0.00..21.55 rows=912 width=0)
	        Index Cond: ((id >= 8109629) AND (id <= 8110628))

table 2 : explain SELECT c FROM sbtest2 WHERE id BETWEEN 8107205 AND 8108204
	Bitmap Heap Scan on sbtest2  (cost=23.21..4053.06 rows=1051 width=121)
	  Recheck Cond: ((id >= 8107205) AND (id <= 8108204))
	  ->  Bitmap Index Scan on sbtest2_pkey  (cost=0.00..22.94 rows=1051 width=0)
	        Index Cond: ((id >= 8107205) AND (id <= 8108204))

table 3 : explain SELECT c FROM sbtest3 WHERE id BETWEEN 2807064 AND 2808063
	Bitmap Heap Scan on sbtest3  (cost=22.42..3763.30 rows=974 width=121)
	  Recheck Cond: ((id >= 2807064) AND (id <= 2808063))
	  ->  Bitmap Index Scan on sbtest3_pkey  (cost=0.00..22.18 rows=974 width=0)
	        Index Cond: ((id >= 2807064) AND (id <= 2808063))

table 4 : explain SELECT c FROM sbtest4 WHERE id BETWEEN 2713954 AND 2714953
	Bitmap Heap Scan on sbtest4  (cost=27.38..4122.27 rows=1068 width=121)
	  Recheck Cond: ((id >= 2713954) AND (id <= 2714953))
	  ->  Bitmap Index Scan on sbtest4_pkey  (cost=0.00..27.11 rows=1068 width=0)
	        Index Cond: ((id >= 2713954) AND (id <= 2714953))

table 5 : explain SELECT c FROM sbtest5 WHERE id BETWEEN 9912692 AND 9913691
	Bitmap Heap Scan on sbtest5  (cost=23.05..3998.01 rows=1036 width=121)
	  Recheck Cond: ((id >= 9912692) AND (id <= 9913691))
	  ->  Bitmap Index Scan on sbtest5_pkey  (cost=0.00..22.79 rows=1036 width=0)
	        Index Cond: ((id >= 9912692) AND (id <= 9913691))

table 6 : explain SELECT c FROM sbtest6 WHERE id BETWEEN 4470371 AND 4471370
	Bitmap Heap Scan on sbtest6  (cost=22.46..3779.53 rows=978 width=121)
	  Recheck Cond: ((id >= 4470371) AND (id <= 4471370))
	  ->  Bitmap Index Scan on sbtest6_pkey  (cost=0.00..22.21 rows=978 width=0)
	        Index Cond: ((id >= 4470371) AND (id <= 4471370))

table 7 : explain SELECT c FROM sbtest7 WHERE id BETWEEN 5485454 AND 5486453
	Bitmap Heap Scan on sbtest7  (cost=22.93..3954.06 rows=1024 width=121)
	  Recheck Cond: ((id >= 5485454) AND (id <= 5486453))
	  ->  Bitmap Index Scan on sbtest7_pkey  (cost=0.00..22.68 rows=1024 width=0)
	        Index Cond: ((id >= 5485454) AND (id <= 5486453))

table 8 : explain SELECT c FROM sbtest8 WHERE id BETWEEN 7968355 AND 7969354
	Bitmap Heap Scan on sbtest8  (cost=22.02..3618.23 rows=935 width=121)
	  Recheck Cond: ((id >= 7968355) AND (id <= 7969354))
	  ->  Bitmap Index Scan on sbtest8_pkey  (cost=0.00..21.79 rows=935 width=0)
	        Index Cond: ((id >= 7968355) AND (id <= 7969354))

for: order_ranges
table 1 : explain SELECT c FROM sbtest1 WHERE id BETWEEN 8517624 AND 8518623 ORDER BY c
	Sort  (cost=3990.03..3992.59 rows=1021 width=121)
	  Sort Key: c
	  ->  Bitmap Heap Scan on sbtest1  (cost=22.90..3939.01 rows=1021 width=121)
	        Recheck Cond: ((id >= 8517624) AND (id <= 8518623))
	        ->  Bitmap Index Scan on sbtest1_pkey  (cost=0.00..22.64 rows=1021 width=0)
	              Index Cond: ((id >= 8517624) AND (id <= 8518623))

table 2 : explain SELECT c FROM sbtest2 WHERE id BETWEEN 2672759 AND 2673758 ORDER BY c
	Sort  (cost=3761.78..3764.18 rows=961 width=121)
	  Sort Key: c
	  ->  Bitmap Heap Scan on sbtest2  (cost=22.29..3714.17 rows=961 width=121)
	        Recheck Cond: ((id >= 2672759) AND (id <= 2673758))
	        ->  Bitmap Index Scan on sbtest2_pkey  (cost=0.00..22.04 rows=961 width=0)
	              Index Cond: ((id >= 2672759) AND (id <= 2673758))

table 3 : explain SELECT c FROM sbtest3 WHERE id BETWEEN 5130959 AND 5131958 ORDER BY c
	Sort  (cost=4182.25..4184.93 rows=1071 width=121)
	  Sort Key: c
	  ->  Bitmap Heap Scan on sbtest3  (cost=23.41..4128.36 rows=1071 width=121)
	        Recheck Cond: ((id >= 5130959) AND (id <= 5131958))
	        ->  Bitmap Index Scan on sbtest3_pkey  (cost=0.00..23.14 rows=1071 width=0)
	              Index Cond: ((id >= 5130959) AND (id <= 5131958))

table 4 : explain SELECT c FROM sbtest4 WHERE id BETWEEN 765772 AND 766771 ORDER BY c
	Sort  (cost=3724.60..3726.98 rows=951 width=121)
	  Sort Key: c
	  ->  Bitmap Heap Scan on sbtest4  (cost=22.18..3677.56 rows=951 width=121)
	        Recheck Cond: ((id >= 765772) AND (id <= 766771))
	        ->  Bitmap Index Scan on sbtest4_pkey  (cost=0.00..21.94 rows=951 width=0)
	              Index Cond: ((id >= 765772) AND (id <= 766771))

table 5 : explain SELECT c FROM sbtest5 WHERE id BETWEEN 3660950 AND 3661949 ORDER BY c
	Sort  (cost=3950.52..3953.04 rows=1010 width=121)
	  Sort Key: c
	  ->  Bitmap Heap Scan on sbtest5  (cost=22.79..3900.12 rows=1010 width=121)
	        Recheck Cond: ((id >= 3660950) AND (id <= 3661949))
	        ->  Bitmap Index Scan on sbtest5_pkey  (cost=0.00..22.54 rows=1010 width=0)
	              Index Cond: ((id >= 3660950) AND (id <= 3661949))

table 6 : explain SELECT c FROM sbtest6 WHERE id BETWEEN 2843338 AND 2844337 ORDER BY c
	Sort  (cost=3824.28..3826.72 rows=977 width=121)
	  Sort Key: c
	  ->  Bitmap Heap Scan on sbtest6  (cost=22.45..3775.76 rows=977 width=121)
	        Recheck Cond: ((id >= 2843338) AND (id <= 2844337))
	        ->  Bitmap Index Scan on sbtest6_pkey  (cost=0.00..22.20 rows=977 width=0)
	              Index Cond: ((id >= 2843338) AND (id <= 2844337))

table 7 : explain SELECT c FROM sbtest7 WHERE id BETWEEN 8306341 AND 8307340 ORDER BY c
	Sort  (cost=4227.04..4229.74 rows=1081 width=121)
	  Sort Key: c
	  ->  Bitmap Heap Scan on sbtest7  (cost=27.52..4172.57 rows=1081 width=121)
	        Recheck Cond: ((id >= 8306341) AND (id <= 8307340))
	        ->  Bitmap Index Scan on sbtest7_pkey  (cost=0.00..27.25 rows=1081 width=0)
	              Index Cond: ((id >= 8306341) AND (id <= 8307340))

table 8 : explain SELECT c FROM sbtest8 WHERE id BETWEEN 9539118 AND 9540117 ORDER BY c
	Sort  (cost=4001.52..4004.08 rows=1022 width=121)
	  Sort Key: c
	  ->  Bitmap Heap Scan on sbtest8  (cost=26.91..3950.44 rows=1022 width=121)
	        Recheck Cond: ((id >= 9539118) AND (id <= 9540117))
	        ->  Bitmap Index Scan on sbtest8_pkey  (cost=0.00..26.65 rows=1022 width=0)
	              Index Cond: ((id >= 9539118) AND (id <= 9540117))

for: sum_ranges
table 1 : explain SELECT SUM(k) FROM sbtest1 WHERE id BETWEEN 7530616 AND 7531615
	Aggregate  (cost=3858.71..3858.72 rows=1 width=8)
	  ->  Bitmap Heap Scan on sbtest1  (cost=22.67..3856.22 rows=999 width=4)
	        Recheck Cond: ((id >= 7530616) AND (id <= 7531615))
	        ->  Bitmap Index Scan on sbtest1_pkey  (cost=0.00..22.43 rows=999 width=0)
	              Index Cond: ((id >= 7530616) AND (id <= 7531615))

table 2 : explain SELECT SUM(k) FROM sbtest2 WHERE id BETWEEN 3723500 AND 3724499
	Aggregate  (cost=3935.23..3935.24 rows=1 width=8)
	  ->  Bitmap Heap Scan on sbtest2  (cost=22.88..3932.68 rows=1019 width=4)
	        Recheck Cond: ((id >= 3723500) AND (id <= 3724499))
	        ->  Bitmap Index Scan on sbtest2_pkey  (cost=0.00..22.62 rows=1019 width=0)
	              Index Cond: ((id >= 3723500) AND (id <= 3724499))

table 3 : explain SELECT SUM(k) FROM sbtest3 WHERE id BETWEEN 6109773 AND 6110772
	Aggregate  (cost=3758.19..3758.20 rows=1 width=8)
	  ->  Bitmap Heap Scan on sbtest3  (cost=22.40..3755.76 rows=972 width=4)
	        Recheck Cond: ((id >= 6109773) AND (id <= 6110772))
	        ->  Bitmap Index Scan on sbtest3_pkey  (cost=0.00..22.15 rows=972 width=0)
	              Index Cond: ((id >= 6109773) AND (id <= 6110772))

table 4 : explain SELECT SUM(k) FROM sbtest4 WHERE id BETWEEN 705610 AND 706609
	Aggregate  (cost=3800.73..3800.74 rows=1 width=8)
	  ->  Bitmap Heap Scan on sbtest4  (cost=22.51..3798.27 rows=983 width=4)
	        Recheck Cond: ((id >= 705610) AND (id <= 706609))
	        ->  Bitmap Index Scan on sbtest4_pkey  (cost=0.00..22.26 rows=983 width=0)
	              Index Cond: ((id >= 705610) AND (id <= 706609))

table 5 : explain SELECT SUM(k) FROM sbtest5 WHERE id BETWEEN 6226599 AND 6227598
	Aggregate  (cost=3725.34..3725.35 rows=1 width=8)
	  ->  Bitmap Heap Scan on sbtest5  (cost=22.31..3722.93 rows=963 width=4)
	        Recheck Cond: ((id >= 6226599) AND (id <= 6227598))
	        ->  Bitmap Index Scan on sbtest5_pkey  (cost=0.00..22.07 rows=963 width=0)
	              Index Cond: ((id >= 6226599) AND (id <= 6227598))

table 6 : explain SELECT SUM(k) FROM sbtest6 WHERE id BETWEEN 4499671 AND 4500670
	Aggregate  (cost=3781.97..3781.98 rows=1 width=8)
	  ->  Bitmap Heap Scan on sbtest6  (cost=22.46..3779.53 rows=978 width=4)
	        Recheck Cond: ((id >= 4499671) AND (id <= 4500670))
	        ->  Bitmap Index Scan on sbtest6_pkey  (cost=0.00..22.21 rows=978 width=0)
	              Index Cond: ((id >= 4499671) AND (id <= 4500670))

table 7 : explain SELECT SUM(k) FROM sbtest7 WHERE id BETWEEN 4074073 AND 4075072
	Aggregate  (cost=3790.64..3790.65 rows=1 width=8)
	  ->  Bitmap Heap Scan on sbtest7  (cost=22.48..3788.19 rows=980 width=4)
	        Recheck Cond: ((id >= 4074073) AND (id <= 4075072))
	        ->  Bitmap Index Scan on sbtest7_pkey  (cost=0.00..22.23 rows=980 width=0)
	              Index Cond: ((id >= 4074073) AND (id <= 4075072))

table 8 : explain SELECT SUM(k) FROM sbtest8 WHERE id BETWEEN 2707938 AND 2708937
	Aggregate  (cost=4035.89..4035.90 rows=1 width=8)
	  ->  Bitmap Heap Scan on sbtest8  (cost=27.14..4033.28 rows=1044 width=4)
	        Recheck Cond: ((id >= 2707938) AND (id <= 2708937))
	        ->  Bitmap Index Scan on sbtest8_pkey  (cost=0.00..26.87 rows=1044 width=0)
	              Index Cond: ((id >= 2707938) AND (id <= 2708937))

for: order_ranges
table 1 : explain SELECT c FROM sbtest1 WHERE id BETWEEN 6604763 AND 6605762 ORDER BY c
	Sort  (cost=3726.24..3728.62 rows=952 width=121)
	  Sort Key: c
	  ->  Bitmap Heap Scan on sbtest1  (cost=22.19..3679.14 rows=952 width=121)
	        Recheck Cond: ((id >= 6604763) AND (id <= 6605762))
	        ->  Bitmap Index Scan on sbtest1_pkey  (cost=0.00..21.95 rows=952 width=0)
	              Index Cond: ((id >= 6604763) AND (id <= 6605762))

table 2 : explain SELECT c FROM sbtest2 WHERE id BETWEEN 6775096 AND 6776095 ORDER BY c
	Sort  (cost=3604.72..3607.02 rows=920 width=121)
	  Sort Key: c
	  ->  Bitmap Heap Scan on sbtest2  (cost=21.87..3559.43 rows=920 width=121)
	        Recheck Cond: ((id >= 6775096) AND (id <= 6776095))
	        ->  Bitmap Index Scan on sbtest2_pkey  (cost=0.00..21.64 rows=920 width=0)
	              Index Cond: ((id >= 6775096) AND (id <= 6776095))

table 3 : explain SELECT c FROM sbtest3 WHERE id BETWEEN 6954836 AND 6955835 ORDER BY c
	Sort  (cost=3669.98..3672.32 rows=937 width=121)
	  Sort Key: c
	  ->  Bitmap Heap Scan on sbtest3  (cost=22.04..3623.73 rows=937 width=121)
	        Recheck Cond: ((id >= 6954836) AND (id <= 6955835))
	        ->  Bitmap Index Scan on sbtest3_pkey  (cost=0.00..21.80 rows=937 width=0)
	              Index Cond: ((id >= 6954836) AND (id <= 6955835))

table 4 : explain SELECT c FROM sbtest4 WHERE id BETWEEN 8101691 AND 8102690 ORDER BY c
	Sort  (cost=3544.40..3546.66 rows=904 width=121)
	  Sort Key: c
	  ->  Bitmap Heap Scan on sbtest4  (cost=21.70..3500.01 rows=904 width=121)
	        Recheck Cond: ((id >= 8101691) AND (id <= 8102690))
	        ->  Bitmap Index Scan on sbtest4_pkey  (cost=0.00..21.47 rows=904 width=0)
	              Index Cond: ((id >= 8101691) AND (id <= 8102690))

table 5 : explain SELECT c FROM sbtest5 WHERE id BETWEEN 5126568 AND 5127567 ORDER BY c
	Sort  (cost=4072.82..4075.43 rows=1042 width=121)
	  Sort Key: c
	  ->  Bitmap Heap Scan on sbtest5  (cost=23.12..4020.59 rows=1042 width=121)
	        Recheck Cond: ((id >= 5126568) AND (id <= 5127567))
	        ->  Bitmap Index Scan on sbtest5_pkey  (cost=0.00..22.86 rows=1042 width=0)
	              Index Cond: ((id >= 5126568) AND (id <= 5127567))

table 6 : explain SELECT c FROM sbtest6 WHERE id BETWEEN 1141670 AND 1142669 ORDER BY c
	Sort  (cost=3686.39..3688.74 rows=941 width=121)
	  Sort Key: c
	  ->  Bitmap Heap Scan on sbtest6  (cost=22.08..3639.91 rows=941 width=121)
	        Recheck Cond: ((id >= 1141670) AND (id <= 1142669))
	        ->  Bitmap Index Scan on sbtest6_pkey  (cost=0.00..21.84 rows=941 width=0)
	              Index Cond: ((id >= 1141670) AND (id <= 1142669))

table 7 : explain SELECT c FROM sbtest7 WHERE id BETWEEN 7697380 AND 7698379 ORDER BY c
	Sort  (cost=3794.75..3797.18 rows=969 width=121)
	  Sort Key: c
	  ->  Bitmap Heap Scan on sbtest7  (cost=22.37..3746.69 rows=969 width=121)
	        Recheck Cond: ((id >= 7697380) AND (id <= 7698379))
	        ->  Bitmap Index Scan on sbtest7_pkey  (cost=0.00..22.12 rows=969 width=0)
	              Index Cond: ((id >= 7697380) AND (id <= 7698379))

table 8 : explain SELECT c FROM sbtest8 WHERE id BETWEEN 5368109 AND 5369108 ORDER BY c
	Sort  (cost=3836.80..3839.25 rows=980 width=121)
	  Sort Key: c
	  ->  Bitmap Heap Scan on sbtest8  (cost=22.48..3788.11 rows=980 width=121)
	        Recheck Cond: ((id >= 5368109) AND (id <= 5369108))
	        ->  Bitmap Index Scan on sbtest8_pkey  (cost=0.00..22.23 rows=980 width=0)
	              Index Cond: ((id >= 5368109) AND (id <= 5369108))

for: distinct_ranges
table 1 : explain SELECT DISTINCT c FROM sbtest1 WHERE id BETWEEN 2165958 AND 2166957 ORDER BY c
	Unique  (cost=4035.85..4041.02 rows=1033 width=121)
	  ->  Sort  (cost=4035.85..4038.43 rows=1033 width=121)
	        Sort Key: c
	        ->  Bitmap Heap Scan on sbtest1  (cost=23.02..3984.14 rows=1033 width=121)
	              Recheck Cond: ((id >= 2165958) AND (id <= 2166957))
	              ->  Bitmap Index Scan on sbtest1_pkey  (cost=0.00..22.76 rows=1033 width=0)
	                    Index Cond: ((id >= 2165958) AND (id <= 2166957))

table 2 : explain SELECT DISTINCT c FROM sbtest2 WHERE id BETWEEN 5228688 AND 5229687 ORDER BY c
	Unique  (cost=3604.72..3609.32 rows=920 width=121)
	  ->  Sort  (cost=3604.72..3607.02 rows=920 width=121)
	        Sort Key: c
	        ->  Bitmap Heap Scan on sbtest2  (cost=21.87..3559.43 rows=920 width=121)
	              Recheck Cond: ((id >= 5228688) AND (id <= 5229687))
	              ->  Bitmap Index Scan on sbtest2_pkey  (cost=0.00..21.64 rows=920 width=0)
	                    Index Cond: ((id >= 5228688) AND (id <= 5229687))

table 3 : explain SELECT DISTINCT c FROM sbtest3 WHERE id BETWEEN 9529402 AND 9530401 ORDER BY c
	Unique  (cost=3704.45..3709.18 rows=946 width=121)
	  ->  Sort  (cost=3704.45..3706.82 rows=946 width=121)
	        Sort Key: c
	        ->  Bitmap Heap Scan on sbtest3  (cost=22.13..3657.69 rows=946 width=121)
	              Recheck Cond: ((id >= 9529402) AND (id <= 9530401))
	              ->  Bitmap Index Scan on sbtest3_pkey  (cost=0.00..21.89 rows=946 width=0)
	                    Index Cond: ((id >= 9529402) AND (id <= 9530401))

table 4 : explain SELECT DISTINCT c FROM sbtest4 WHERE id BETWEEN 1724467 AND 1725466 ORDER BY c
	Unique  (cost=3732.26..3737.03 rows=953 width=121)
	  ->  Sort  (cost=3732.26..3734.64 rows=953 width=121)
	        Sort Key: c
	        ->  Bitmap Heap Scan on sbtest4  (cost=22.20..3685.10 rows=953 width=121)
	              Recheck Cond: ((id >= 1724467) AND (id <= 1725466))
	              ->  Bitmap Index Scan on sbtest4_pkey  (cost=0.00..21.96 rows=953 width=0)
	                    Index Cond: ((id >= 1724467) AND (id <= 1725466))

table 5 : explain SELECT DISTINCT c FROM sbtest5 WHERE id BETWEEN 8958731 AND 8959730 ORDER BY c
	Unique  (cost=4076.64..4081.86 rows=1043 width=121)
	  ->  Sort  (cost=4076.64..4079.25 rows=1043 width=121)
	        Sort Key: c
	        ->  Bitmap Heap Scan on sbtest5  (cost=23.13..4024.35 rows=1043 width=121)
	              Recheck Cond: ((id >= 8958731) AND (id <= 8959730))
	              ->  Bitmap Index Scan on sbtest5_pkey  (cost=0.00..22.86 rows=1043 width=0)
	                    Index Cond: ((id >= 8958731) AND (id <= 8959730))

table 6 : explain SELECT DISTINCT c FROM sbtest6 WHERE id BETWEEN 4231352 AND 4232351 ORDER BY c
	Unique  (cost=3824.28..3829.16 rows=977 width=121)
	  ->  Sort  (cost=3824.28..3826.72 rows=977 width=121)
	        Sort Key: c
	        ->  Bitmap Heap Scan on sbtest6  (cost=22.45..3775.76 rows=977 width=121)
	              Recheck Cond: ((id >= 4231352) AND (id <= 4232351))
	              ->  Bitmap Index Scan on sbtest6_pkey  (cost=0.00..22.20 rows=977 width=0)
	                    Index Cond: ((id >= 4231352) AND (id <= 4232351))

table 7 : explain SELECT DISTINCT c FROM sbtest7 WHERE id BETWEEN 3860784 AND 3861783 ORDER BY c
	Unique  (cost=4192.68..4198.04 rows=1072 width=121)
	  ->  Sort  (cost=4192.68..4195.36 rows=1072 width=121)
	        Sort Key: c
	        ->  Bitmap Heap Scan on sbtest7  (cost=27.42..4138.72 rows=1072 width=121)
	              Recheck Cond: ((id >= 3860784) AND (id <= 3861783))
	              ->  Bitmap Index Scan on sbtest7_pkey  (cost=0.00..27.15 rows=1072 width=0)
	                    Index Cond: ((id >= 3860784) AND (id <= 3861783))

table 8 : explain SELECT DISTINCT c FROM sbtest8 WHERE id BETWEEN 2245749 AND 2246748 ORDER BY c
	Unique  (cost=4127.66..4132.93 rows=1055 width=121)
	  ->  Sort  (cost=4127.66..4130.29 rows=1055 width=121)
	        Sort Key: c
	        ->  Bitmap Heap Scan on sbtest8  (cost=27.25..4074.68 rows=1055 width=121)
	              Recheck Cond: ((id >= 2245749) AND (id <= 2246748))
	              ->  Bitmap Index Scan on sbtest8_pkey  (cost=0.00..26.98 rows=1055 width=0)
	                    Index Cond: ((id >= 2245749) AND (id <= 2246748))

explain: for point_selects :: explain SELECT c FROM sbtest%u WHERE id=%u
for: sum_ranges
table 1 : explain SELECT SUM(k) FROM sbtest1 WHERE id BETWEEN 548472 AND 549471
	Aggregate  (cost=4140.88..4140.89 rows=1 width=8)
	  ->  Bitmap Heap Scan on sbtest1  (cost=23.44..4138.20 rows=1074 width=4)
	        Recheck Cond: ((id >= 548472) AND (id <= 549471))
	        ->  Bitmap Index Scan on sbtest1_pkey  (cost=0.00..23.18 rows=1074 width=0)
	              Index Cond: ((id >= 548472) AND (id <= 549471))

table 2 : explain SELECT SUM(k) FROM sbtest2 WHERE id BETWEEN 5047342 AND 5048341
	Aggregate  (cost=3795.79..3795.80 rows=1 width=8)
	  ->  Bitmap Heap Scan on sbtest2  (cost=22.50..3793.34 rows=982 width=4)
	        Recheck Cond: ((id >= 5047342) AND (id <= 5048341))
	        ->  Bitmap Index Scan on sbtest2_pkey  (cost=0.00..22.25 rows=982 width=0)
	              Index Cond: ((id >= 5047342) AND (id <= 5048341))

table 3 : explain SELECT SUM(k) FROM sbtest3 WHERE id BETWEEN 7471741 AND 7472740
	Aggregate  (cost=3731.78..3731.79 rows=1 width=8)
	  ->  Bitmap Heap Scan on sbtest3  (cost=22.33..3729.36 rows=965 width=4)
	        Recheck Cond: ((id >= 7471741) AND (id <= 7472740))
	        ->  Bitmap Index Scan on sbtest3_pkey  (cost=0.00..22.08 rows=965 width=0)
	              Index Cond: ((id >= 7471741) AND (id <= 7472740))

table 4 : explain SELECT SUM(k) FROM sbtest4 WHERE id BETWEEN 2113984 AND 2114983
	Aggregate  (cost=3800.73..3800.74 rows=1 width=8)
	  ->  Bitmap Heap Scan on sbtest4  (cost=22.51..3798.27 rows=983 width=4)
	        Recheck Cond: ((id >= 2113984) AND (id <= 2114983))
	        ->  Bitmap Index Scan on sbtest4_pkey  (cost=0.00..22.26 rows=983 width=0)
	              Index Cond: ((id >= 2113984) AND (id <= 2114983))

table 5 : explain SELECT SUM(k) FROM sbtest5 WHERE id BETWEEN 8001733 AND 8002732
	Aggregate  (cost=3966.70..3966.71 rows=1 width=8)
	  ->  Bitmap Heap Scan on sbtest5  (cost=22.96..3964.14 rows=1027 width=4)
	        Recheck Cond: ((id >= 8001733) AND (id <= 8002732))
	        ->  Bitmap Index Scan on sbtest5_pkey  (cost=0.00..22.70 rows=1027 width=0)
	              Index Cond: ((id >= 8001733) AND (id <= 8002732))

table 6 : explain SELECT SUM(k) FROM sbtest6 WHERE id BETWEEN 1648336 AND 1649335
	Aggregate  (cost=3630.93..3630.94 rows=1 width=8)
	  ->  Bitmap Heap Scan on sbtest6  (cost=22.05..3628.59 rows=938 width=4)
	        Recheck Cond: ((id >= 1648336) AND (id <= 1649335))
	        ->  Bitmap Index Scan on sbtest6_pkey  (cost=0.00..21.82 rows=938 width=0)
	              Index Cond: ((id >= 1648336) AND (id <= 1649335))

table 7 : explain SELECT SUM(k) FROM sbtest7 WHERE id BETWEEN 734993 AND 735992
	Aggregate  (cost=4182.79..4182.80 rows=1 width=8)
	  ->  Bitmap Heap Scan on sbtest7  (cost=27.54..4180.08 rows=1083 width=4)
	        Recheck Cond: ((id >= 734993) AND (id <= 735992))
	        ->  Bitmap Index Scan on sbtest7_pkey  (cost=0.00..27.26 rows=1083 width=0)
	              Index Cond: ((id >= 734993) AND (id <= 735992))

table 8 : explain SELECT SUM(k) FROM sbtest8 WHERE id BETWEEN 2815103 AND 2816102
	Aggregate  (cost=3903.98..3903.99 rows=1 width=8)
	  ->  Bitmap Heap Scan on sbtest8  (cost=26.78..3901.46 rows=1009 width=4)
	        Recheck Cond: ((id >= 2815103) AND (id <= 2816102))
	        ->  Bitmap Index Scan on sbtest8_pkey  (cost=0.00..26.52 rows=1009 width=0)
	              Index Cond: ((id >= 2815103) AND (id <= 2816102))

for: sum_ranges
table 1 : explain SELECT SUM(k) FROM sbtest1 WHERE id BETWEEN 2309038 AND 2310037
	Aggregate  (cost=3809.73..3809.74 rows=1 width=8)
	  ->  Bitmap Heap Scan on sbtest1  (cost=22.54..3807.27 rows=986 width=4)
	        Recheck Cond: ((id >= 2309038) AND (id <= 2310037))
	        ->  Bitmap Index Scan on sbtest1_pkey  (cost=0.00..22.29 rows=986 width=0)
	              Index Cond: ((id >= 2309038) AND (id <= 2310037))

table 2 : explain SELECT SUM(k) FROM sbtest2 WHERE id BETWEEN 2268726 AND 2269725
	Aggregate  (cost=4100.82..4100.83 rows=1 width=8)
	  ->  Bitmap Heap Scan on sbtest2  (cost=23.33..4098.16 rows=1063 width=4)
	        Recheck Cond: ((id >= 2268726) AND (id <= 2269725))
	        ->  Bitmap Index Scan on sbtest2_pkey  (cost=0.00..23.07 rows=1063 width=0)
	              Index Cond: ((id >= 2268726) AND (id <= 2269725))

table 3 : explain SELECT SUM(k) FROM sbtest3 WHERE id BETWEEN 1853036 AND 1854035
	Aggregate  (cost=4247.80..4247.81 rows=1 width=8)
	  ->  Bitmap Heap Scan on sbtest3  (cost=27.73..4245.04 rows=1102 width=4)
	        Recheck Cond: ((id >= 1853036) AND (id <= 1854035))
	        ->  Bitmap Index Scan on sbtest3_pkey  (cost=0.00..27.45 rows=1102 width=0)
	              Index Cond: ((id >= 1853036) AND (id <= 1854035))

table 4 : explain SELECT SUM(k) FROM sbtest4 WHERE id BETWEEN 5234457 AND 5235456
	Aggregate  (cost=4139.99..4140.00 rows=1 width=8)
	  ->  Bitmap Heap Scan on sbtest4  (cost=27.42..4137.31 rows=1072 width=4)
	        Recheck Cond: ((id >= 5234457) AND (id <= 5235456))
	        ->  Bitmap Index Scan on sbtest4_pkey  (cost=0.00..27.15 rows=1072 width=0)
	              Index Cond: ((id >= 5234457) AND (id <= 5235456))

table 5 : explain SELECT SUM(k) FROM sbtest5 WHERE id BETWEEN 2431899 AND 2432898
	Aggregate  (cost=3785.73..3785.74 rows=1 width=8)
	  ->  Bitmap Heap Scan on sbtest5  (cost=22.47..3783.28 rows=979 width=4)
	        Recheck Cond: ((id >= 2431899) AND (id <= 2432898))
	        ->  Bitmap Index Scan on sbtest5_pkey  (cost=0.00..22.22 rows=979 width=0)
	              Index Cond: ((id >= 2431899) AND (id <= 2432898))

table 6 : explain SELECT SUM(k) FROM sbtest6 WHERE id BETWEEN 6208585 AND 6209584
	Aggregate  (cost=3672.49..3672.50 rows=1 width=8)
	  ->  Bitmap Heap Scan on sbtest6  (cost=22.16..3670.12 rows=949 width=4)
	        Recheck Cond: ((id >= 6208585) AND (id <= 6209584))
	        ->  Bitmap Index Scan on sbtest6_pkey  (cost=0.00..21.93 rows=949 width=0)
	              Index Cond: ((id >= 6208585) AND (id <= 6209584))

table 7 : explain SELECT SUM(k) FROM sbtest7 WHERE id BETWEEN 1293650 AND 1294649
	Aggregate  (cost=3949.08..3949.09 rows=1 width=8)
	  ->  Bitmap Heap Scan on sbtest7  (cost=22.91..3946.52 rows=1022 width=4)
	        Recheck Cond: ((id >= 1293650) AND (id <= 1294649))
	        ->  Bitmap Index Scan on sbtest7_pkey  (cost=0.00..22.65 rows=1022 width=0)
	              Index Cond: ((id >= 1293650) AND (id <= 1294649))

table 8 : explain SELECT SUM(k) FROM sbtest8 WHERE id BETWEEN 5417628 AND 5418627
	Aggregate  (cost=3790.56..3790.57 rows=1 width=8)
	  ->  Bitmap Heap Scan on sbtest8  (cost=22.48..3788.11 rows=980 width=4)
	        Recheck Cond: ((id >= 5417628) AND (id <= 5418627))
	        ->  Bitmap Index Scan on sbtest8_pkey  (cost=0.00..22.23 rows=980 width=0)
	              Index Cond: ((id >= 5417628) AND (id <= 5418627))

explain: for point_selects :: explain SELECT c FROM sbtest%u WHERE id=%u
for: distinct_ranges
table 1 : explain SELECT DISTINCT c FROM sbtest1 WHERE id BETWEEN 4905027 AND 4906026 ORDER BY c
	Unique  (cost=3607.52..3612.13 rows=921 width=121)
	  ->  Sort  (cost=3607.52..3609.83 rows=921 width=121)
	        Sort Key: c
	        ->  Bitmap Heap Scan on sbtest1  (cost=21.88..3562.18 rows=921 width=121)
	              Recheck Cond: ((id >= 4905027) AND (id <= 4906026))
	              ->  Bitmap Index Scan on sbtest1_pkey  (cost=0.00..21.64 rows=921 width=0)
	                    Index Cond: ((id >= 4905027) AND (id <= 4906026))

table 2 : explain SELECT DISTINCT c FROM sbtest2 WHERE id BETWEEN 8063954 AND 8064953 ORDER BY c
	Unique  (cost=3910.98..3915.98 rows=1000 width=121)
	  ->  Sort  (cost=3910.98..3913.48 rows=1000 width=121)
	        Sort Key: c
	        ->  Bitmap Heap Scan on sbtest2  (cost=22.68..3861.15 rows=1000 width=121)
	              Recheck Cond: ((id >= 8063954) AND (id <= 8064953))
	              ->  Bitmap Index Scan on sbtest2_pkey  (cost=0.00..22.43 rows=1000 width=0)
	                    Index Cond: ((id >= 8063954) AND (id <= 8064953))

table 3 : explain SELECT DISTINCT c FROM sbtest3 WHERE id BETWEEN 8578820 AND 8579819 ORDER BY c
	Unique  (cost=4132.65..4137.94 rows=1058 width=121)
	  ->  Sort  (cost=4132.65..4135.29 rows=1058 width=121)
	        Sort Key: c
	        ->  Bitmap Heap Scan on sbtest3  (cost=23.28..4079.50 rows=1058 width=121)
	              Recheck Cond: ((id >= 8578820) AND (id <= 8579819))
	              ->  Bitmap Index Scan on sbtest3_pkey  (cost=0.00..23.01 rows=1058 width=0)
	                    Index Cond: ((id >= 8578820) AND (id <= 8579819))

table 4 : explain SELECT DISTINCT c FROM sbtest4 WHERE id BETWEEN 2109695 AND 2110694 ORDER BY c
	Unique  (cost=3862.44..3867.37 rows=987 width=121)
	  ->  Sort  (cost=3862.44..3864.90 rows=987 width=121)
	        Sort Key: c
	        ->  Bitmap Heap Scan on sbtest4  (cost=22.55..3813.35 rows=987 width=121)
	              Recheck Cond: ((id >= 2109695) AND (id <= 2110694))
	              ->  Bitmap Index Scan on sbtest4_pkey  (cost=0.00..22.30 rows=987 width=0)
	                    Index Cond: ((id >= 2109695) AND (id <= 2110694))

table 5 : explain SELECT DISTINCT c FROM sbtest5 WHERE id BETWEEN 3301661 AND 3302660 ORDER BY c
	Unique  (cost=3866.36..3871.30 rows=988 width=121)
	  ->  Sort  (cost=3866.36..3868.83 rows=988 width=121)
	        Sort Key: c
	        ->  Bitmap Heap Scan on sbtest5  (cost=22.56..3817.22 rows=988 width=121)
	              Recheck Cond: ((id >= 3301661) AND (id <= 3302660))
	              ->  Bitmap Index Scan on sbtest5_pkey  (cost=0.00..22.32 rows=988 width=0)
	                    Index Cond: ((id >= 3301661) AND (id <= 3302660))

table 6 : explain SELECT DISTINCT c FROM sbtest6 WHERE id BETWEEN 2881345 AND 2882344 ORDER BY c
	Unique  (cost=3824.28..3829.16 rows=977 width=121)
	  ->  Sort  (cost=3824.28..3826.72 rows=977 width=121)
	        Sort Key: c
	        ->  Bitmap Heap Scan on sbtest6  (cost=22.45..3775.76 rows=977 width=121)
	              Recheck Cond: ((id >= 2881345) AND (id <= 2882344))
	              ->  Bitmap Index Scan on sbtest6_pkey  (cost=0.00..22.20 rows=977 width=0)
	                    Index Cond: ((id >= 2881345) AND (id <= 2882344))

table 7 : explain SELECT DISTINCT c FROM sbtest7 WHERE id BETWEEN 5979598 AND 5980597 ORDER BY c
	Unique  (cost=3507.10..3511.57 rows=894 width=121)
	  ->  Sort  (cost=3507.10..3509.34 rows=894 width=121)
	        Sort Key: c
	        ->  Bitmap Heap Scan on sbtest7  (cost=21.60..3463.28 rows=894 width=121)
	              Recheck Cond: ((id >= 5979598) AND (id <= 5980597))
	              ->  Bitmap Index Scan on sbtest7_pkey  (cost=0.00..21.37 rows=894 width=0)
	                    Index Cond: ((id >= 5979598) AND (id <= 5980597))

table 8 : explain SELECT DISTINCT c FROM sbtest8 WHERE id BETWEEN 2727398 AND 2728397 ORDER BY c
	Unique  (cost=4238.40..4243.82 rows=1084 width=121)
	  ->  Sort  (cost=4238.40..4241.11 rows=1084 width=121)
	        Sort Key: c
	        ->  Bitmap Heap Scan on sbtest8  (cost=27.55..4183.75 rows=1084 width=121)
	              Recheck Cond: ((id >= 2727398) AND (id <= 2728397))
	              ->  Bitmap Index Scan on sbtest8_pkey  (cost=0.00..27.27 rows=1084 width=0)
	                    Index Cond: ((id >= 2727398) AND (id <= 2728397))

explain: for point_selects :: explain SELECT c FROM sbtest%u WHERE id=%u
for point_selects
table 1 : explain SELECT c FROM sbtest1 WHERE id=2853297
	Index Scan using sbtest1_pkey on sbtest1  (cost=0.43..8.45 rows=1 width=121)
	  Index Cond: (id = 2853297)

table 2 : explain SELECT c FROM sbtest2 WHERE id=6104912
	Index Scan using sbtest2_pkey on sbtest2  (cost=0.43..8.45 rows=1 width=121)
	  Index Cond: (id = 6104912)

table 3 : explain SELECT c FROM sbtest3 WHERE id=6551750
	Index Scan using sbtest3_pkey on sbtest3  (cost=0.43..8.45 rows=1 width=121)
	  Index Cond: (id = 6551750)

table 4 : explain SELECT c FROM sbtest4 WHERE id=2723145
	Index Scan using sbtest4_pkey on sbtest4  (cost=0.43..8.45 rows=1 width=121)
	  Index Cond: (id = 2723145)

table 5 : explain SELECT c FROM sbtest5 WHERE id=7594222
	Index Scan using sbtest5_pkey on sbtest5  (cost=0.43..8.45 rows=1 width=121)
	  Index Cond: (id = 7594222)

table 6 : explain SELECT c FROM sbtest6 WHERE id=4807879
	Index Scan using sbtest6_pkey on sbtest6  (cost=0.43..8.45 rows=1 width=121)
	  Index Cond: (id = 4807879)

table 7 : explain SELECT c FROM sbtest7 WHERE id=8651130
	Index Scan using sbtest7_pkey on sbtest7  (cost=0.43..8.45 rows=1 width=121)
	  Index Cond: (id = 8651130)

table 8 : explain SELECT c FROM sbtest8 WHERE id=432916
	Index Scan using sbtest8_pkey on sbtest8  (cost=0.43..8.45 rows=1 width=121)
	  Index Cond: (id = 432916)

for: distinct_ranges
table 1 : explain SELECT DISTINCT c FROM sbtest1 WHERE id BETWEEN 5414819 AND 5415818 ORDER BY c
	Unique  (cost=3974.76..3979.84 rows=1017 width=121)
	  ->  Sort  (cost=3974.76..3977.30 rows=1017 width=121)
	        Sort Key: c
	        ->  Bitmap Heap Scan on sbtest1  (cost=22.86..3923.96 rows=1017 width=121)
	              Recheck Cond: ((id >= 5414819) AND (id <= 5415818))
	              ->  Bitmap Index Scan on sbtest1_pkey  (cost=0.00..22.61 rows=1017 width=0)
	                    Index Cond: ((id >= 5414819) AND (id <= 5415818))

table 2 : explain SELECT DISTINCT c FROM sbtest2 WHERE id BETWEEN 8137151 AND 8138150 ORDER BY c
	Unique  (cost=4105.80..4111.06 rows=1051 width=121)
	  ->  Sort  (cost=4105.80..4108.43 rows=1051 width=121)
	        Sort Key: c
	        ->  Bitmap Heap Scan on sbtest2  (cost=23.21..4053.06 rows=1051 width=121)
	              Recheck Cond: ((id >= 8137151) AND (id <= 8138150))
	              ->  Bitmap Index Scan on sbtest2_pkey  (cost=0.00..22.94 rows=1051 width=0)
	                    Index Cond: ((id >= 8137151) AND (id <= 8138150))

table 3 : explain SELECT DISTINCT c FROM sbtest3 WHERE id BETWEEN 4692528 AND 4693527 ORDER BY c
	Unique  (cost=3918.74..3923.75 rows=1002 width=121)
	  ->  Sort  (cost=3918.74..3921.25 rows=1002 width=121)
	        Sort Key: c
	        ->  Bitmap Heap Scan on sbtest3  (cost=22.71..3868.80 rows=1002 width=121)
	              Recheck Cond: ((id >= 4692528) AND (id <= 4693527))
	              ->  Bitmap Index Scan on sbtest3_pkey  (cost=0.00..22.45 rows=1002 width=0)
	                    Index Cond: ((id >= 4692528) AND (id <= 4693527))

table 4 : explain SELECT DISTINCT c FROM sbtest4 WHERE id BETWEEN 7783770 AND 7784769 ORDER BY c
	Unique  (cost=3667.12..3671.80 rows=936 width=121)
	  ->  Sort  (cost=3667.12..3669.46 rows=936 width=121)
	        Sort Key: c
	        ->  Bitmap Heap Scan on sbtest4  (cost=22.03..3620.93 rows=936 width=121)
	              Recheck Cond: ((id >= 7783770) AND (id <= 7784769))
	              ->  Bitmap Index Scan on sbtest4_pkey  (cost=0.00..21.79 rows=936 width=0)
	                    Index Cond: ((id >= 7783770) AND (id <= 7784769))

table 5 : explain SELECT DISTINCT c FROM sbtest5 WHERE id BETWEEN 59354 AND 60353 ORDER BY c
	Unique  (cost=3843.40..3848.31 rows=982 width=121)
	  ->  Sort  (cost=3843.40..3845.85 rows=982 width=121)
	        Sort Key: c
	        ->  Bitmap Heap Scan on sbtest5  (cost=22.50..3794.60 rows=982 width=121)
	              Recheck Cond: ((id >= 59354) AND (id <= 60353))
	              ->  Bitmap Index Scan on sbtest5_pkey  (cost=0.00..22.25 rows=982 width=0)
	                    Index Cond: ((id >= 59354) AND (id <= 60353))

table 6 : explain SELECT DISTINCT c FROM sbtest6 WHERE id BETWEEN 3521833 AND 3522832 ORDER BY c
	Unique  (cost=3805.14..3810.00 rows=972 width=121)
	  ->  Sort  (cost=3805.14..3807.57 rows=972 width=121)
	        Sort Key: c
	        ->  Bitmap Heap Scan on sbtest6  (cost=22.40..3756.90 rows=972 width=121)
	              Recheck Cond: ((id >= 3521833) AND (id <= 3522832))
	              ->  Bitmap Index Scan on sbtest6_pkey  (cost=0.00..22.15 rows=972 width=0)
	                    Index Cond: ((id >= 3521833) AND (id <= 3522832))

table 7 : explain SELECT DISTINCT c FROM sbtest7 WHERE id BETWEEN 8262103 AND 8263102 ORDER BY c
	Unique  (cost=4227.04..4232.44 rows=1081 width=121)
	  ->  Sort  (cost=4227.04..4229.74 rows=1081 width=121)
	        Sort Key: c
	        ->  Bitmap Heap Scan on sbtest7  (cost=27.52..4172.57 rows=1081 width=121)
	              Recheck Cond: ((id >= 8262103) AND (id <= 8263102))
	              ->  Bitmap Index Scan on sbtest7_pkey  (cost=0.00..27.25 rows=1081 width=0)
	                    Index Cond: ((id >= 8262103) AND (id <= 8263102))

table 8 : explain SELECT DISTINCT c FROM sbtest8 WHERE id BETWEEN 8817858 AND 8818857 ORDER BY c
	Unique  (cost=4001.52..4006.63 rows=1022 width=121)
	  ->  Sort  (cost=4001.52..4004.08 rows=1022 width=121)
	        Sort Key: c
	        ->  Bitmap Heap Scan on sbtest8  (cost=26.91..3950.44 rows=1022 width=121)
	              Recheck Cond: ((id >= 8817858) AND (id <= 8818857))
	              ->  Bitmap Index Scan on sbtest8_pkey  (cost=0.00..26.65 rows=1022 width=0)
	                    Index Cond: ((id >= 8817858) AND (id <= 8818857))

for: order_ranges
table 1 : explain SELECT c FROM sbtest1 WHERE id BETWEEN 5184212 AND 5185211 ORDER BY c
	Sort  (cost=3473.35..3475.56 rows=886 width=121)
	  Sort Key: c
	  ->  Bitmap Heap Scan on sbtest1  (cost=21.52..3429.97 rows=886 width=121)
	        Recheck Cond: ((id >= 5184212) AND (id <= 5185211))
	        ->  Bitmap Index Scan on sbtest1_pkey  (cost=0.00..21.29 rows=886 width=0)
	              Index Cond: ((id >= 5184212) AND (id <= 5185211))

table 2 : explain SELECT c FROM sbtest2 WHERE id BETWEEN 4539290 AND 4540289 ORDER BY c
	Sort  (cost=3780.92..3783.33 rows=966 width=121)
	  Sort Key: c
	  ->  Bitmap Heap Scan on sbtest2  (cost=22.34..3733.02 rows=966 width=121)
	        Recheck Cond: ((id >= 4539290) AND (id <= 4540289))
	        ->  Bitmap Index Scan on sbtest2_pkey  (cost=0.00..22.09 rows=966 width=0)
	              Index Cond: ((id >= 4539290) AND (id <= 4540289))

table 3 : explain SELECT c FROM sbtest3 WHERE id BETWEEN 6542831 AND 6543830 ORDER BY c
	Sort  (cost=3830.78..3833.22 rows=979 width=121)
	  Sort Key: c
	  ->  Bitmap Heap Scan on sbtest3  (cost=22.47..3782.14 rows=979 width=121)
	        Recheck Cond: ((id >= 6542831) AND (id <= 6543830))
	        ->  Bitmap Index Scan on sbtest3_pkey  (cost=0.00..22.22 rows=979 width=0)
	              Index Cond: ((id >= 6542831) AND (id <= 6543830))

table 4 : explain SELECT c FROM sbtest4 WHERE id BETWEEN 1121412 AND 1122411 ORDER BY c
	Sort  (cost=3747.58..3749.98 rows=957 width=121)
	  Sort Key: c
	  ->  Bitmap Heap Scan on sbtest4  (cost=22.24..3700.20 rows=957 width=121)
	        Recheck Cond: ((id >= 1121412) AND (id <= 1122411))
	        ->  Bitmap Index Scan on sbtest4_pkey  (cost=0.00..22.00 rows=957 width=0)
	              Index Cond: ((id >= 1121412) AND (id <= 1122411))

table 5 : explain SELECT c FROM sbtest5 WHERE id BETWEEN 4338388 AND 4339387 ORDER BY c
	Sort  (cost=3751.51..3753.90 rows=958 width=121)
	  Sort Key: c
	  ->  Bitmap Heap Scan on sbtest5  (cost=22.25..3704.07 rows=958 width=121)
	        Recheck Cond: ((id >= 4338388) AND (id <= 4339387))
	        ->  Bitmap Index Scan on sbtest5_pkey  (cost=0.00..22.01 rows=958 width=0)
	              Index Cond: ((id >= 4338388) AND (id <= 4339387))

table 6 : explain SELECT c FROM sbtest6 WHERE id BETWEEN 5580329 AND 5581328 ORDER BY c
	Sort  (cost=3969.65..3972.19 rows=1015 width=121)
	  Sort Key: c
	  ->  Bitmap Heap Scan on sbtest6  (cost=22.84..3918.97 rows=1015 width=121)
	        Recheck Cond: ((id >= 5580329) AND (id <= 5581328))
	        ->  Bitmap Index Scan on sbtest6_pkey  (cost=0.00..22.58 rows=1015 width=0)
	              Index Cond: ((id >= 5580329) AND (id <= 5581328))

table 7 : explain SELECT c FROM sbtest7 WHERE id BETWEEN 1354447 AND 1355446 ORDER BY c
	Sort  (cost=3813.91..3816.34 rows=974 width=121)
	  Sort Key: c
	  ->  Bitmap Heap Scan on sbtest7  (cost=22.42..3765.56 rows=974 width=121)
	        Recheck Cond: ((id >= 1354447) AND (id <= 1355446))
	        ->  Bitmap Index Scan on sbtest7_pkey  (cost=0.00..22.18 rows=974 width=0)
	              Index Cond: ((id >= 1354447) AND (id <= 1355446))

table 8 : explain SELECT c FROM sbtest8 WHERE id BETWEEN 5461423 AND 5462422 ORDER BY c
	Sort  (cost=4284.19..4286.93 rows=1096 width=121)
	  Sort Key: c
	  ->  Bitmap Heap Scan on sbtest8  (cost=27.67..4228.85 rows=1096 width=121)
	        Recheck Cond: ((id >= 5461423) AND (id <= 5462422))
	        ->  Bitmap Index Scan on sbtest8_pkey  (cost=0.00..27.39 rows=1096 width=0)
	              Index Cond: ((id >= 5461423) AND (id <= 5462422))

for: distinct_ranges
table 1 : explain SELECT DISTINCT c FROM sbtest1 WHERE id BETWEEN 2847396 AND 2848395 ORDER BY c
	Unique  (cost=4104.55..4109.80 rows=1051 width=121)
	  ->  Sort  (cost=4104.55..4107.17 rows=1051 width=121)
	        Sort Key: c
	        ->  Bitmap Heap Scan on sbtest1  (cost=23.21..4051.80 rows=1051 width=121)
	              Recheck Cond: ((id >= 2847396) AND (id <= 2848395))
	              ->  Bitmap Index Scan on sbtest1_pkey  (cost=0.00..22.94 rows=1051 width=0)
	                    Index Cond: ((id >= 2847396) AND (id <= 2848395))

table 2 : explain SELECT DISTINCT c FROM sbtest2 WHERE id BETWEEN 8814417 AND 8815416 ORDER BY c
	Unique  (cost=3964.49..3969.56 rows=1014 width=121)
	  ->  Sort  (cost=3964.49..3967.02 rows=1014 width=121)
	        Sort Key: c
	        ->  Bitmap Heap Scan on sbtest2  (cost=22.83..3913.86 rows=1014 width=121)
	              Recheck Cond: ((id >= 8814417) AND (id <= 8815416))
	              ->  Bitmap Index Scan on sbtest2_pkey  (cost=0.00..22.57 rows=1014 width=0)
	                    Index Cond: ((id >= 8814417) AND (id <= 8815416))

table 3 : explain SELECT DISTINCT c FROM sbtest3 WHERE id BETWEEN 531731 AND 532730 ORDER BY c
	Unique  (cost=4189.88..4195.25 rows=1073 width=121)
	  ->  Sort  (cost=4189.88..4192.56 rows=1073 width=121)
	        Sort Key: c
	        ->  Bitmap Heap Scan on sbtest3  (cost=23.43..4135.87 rows=1073 width=121)
	              Recheck Cond: ((id >= 531731) AND (id <= 532730))
	              ->  Bitmap Index Scan on sbtest3_pkey  (cost=0.00..23.16 rows=1073 width=0)
	                    Index Cond: ((id >= 531731) AND (id <= 532730))

table 4 : explain SELECT DISTINCT c FROM sbtest4 WHERE id BETWEEN 574489 AND 575488 ORDER BY c
	Unique  (cost=3950.42..3955.47 rows=1010 width=121)
	  ->  Sort  (cost=3950.42..3952.94 rows=1010 width=121)
	        Sort Key: c
	        ->  Bitmap Heap Scan on sbtest4  (cost=22.79..3900.02 rows=1010 width=121)
	              Recheck Cond: ((id >= 574489) AND (id <= 575488))
	              ->  Bitmap Index Scan on sbtest4_pkey  (cost=0.00..22.54 rows=1010 width=0)
	                    Index Cond: ((id >= 574489) AND (id <= 575488))

table 5 : explain SELECT DISTINCT c FROM sbtest5 WHERE id BETWEEN 394929 AND 395928 ORDER BY c
	Unique  (cost=4263.87..4269.32 rows=1091 width=121)
	  ->  Sort  (cost=4263.87..4266.59 rows=1091 width=121)
	        Sort Key: c
	        ->  Bitmap Heap Scan on sbtest5  (cost=27.62..4208.82 rows=1091 width=121)
	              Recheck Cond: ((id >= 394929) AND (id <= 395928))
	              ->  Bitmap Index Scan on sbtest5_pkey  (cost=0.00..27.34 rows=1091 width=0)
	                    Index Cond: ((id >= 394929) AND (id <= 395928))

table 6 : explain SELECT DISTINCT c FROM sbtest6 WHERE id BETWEEN 6904098 AND 6905097 ORDER BY c
	Unique  (cost=4007.88..4013.01 rows=1025 width=121)
	  ->  Sort  (cost=4007.88..4010.44 rows=1025 width=121)
	        Sort Key: c
	        ->  Bitmap Heap Scan on sbtest6  (cost=22.94..3956.62 rows=1025 width=121)
	              Recheck Cond: ((id >= 6904098) AND (id <= 6905097))
	              ->  Bitmap Index Scan on sbtest6_pkey  (cost=0.00..22.68 rows=1025 width=0)
	                    Index Cond: ((id >= 6904098) AND (id <= 6905097))

table 7 : explain SELECT DISTINCT c FROM sbtest7 WHERE id BETWEEN 4567728 AND 4568727 ORDER BY c
	Unique  (cost=3936.41..3941.44 rows=1006 width=121)
	  ->  Sort  (cost=3936.41..3938.92 rows=1006 width=121)
	        Sort Key: c
	        ->  Bitmap Heap Scan on sbtest7  (cost=22.75..3886.23 rows=1006 width=121)
	              Recheck Cond: ((id >= 4567728) AND (id <= 4568727))
	              ->  Bitmap Index Scan on sbtest7_pkey  (cost=0.00..22.50 rows=1006 width=0)
	                    Index Cond: ((id >= 4567728) AND (id <= 4568727))

table 8 : explain SELECT DISTINCT c FROM sbtest8 WHERE id BETWEEN 1095915 AND 1096914 ORDER BY c
	Unique  (cost=3871.26..3876.21 rows=989 width=121)
	  ->  Sort  (cost=3871.26..3873.73 rows=989 width=121)
	        Sort Key: c
	        ->  Bitmap Heap Scan on sbtest8  (cost=22.57..3822.06 rows=989 width=121)
	              Recheck Cond: ((id >= 1095915) AND (id <= 1096914))
	              ->  Bitmap Index Scan on sbtest8_pkey  (cost=0.00..22.32 rows=989 width=0)
	                    Index Cond: ((id >= 1095915) AND (id <= 1096914))

for: order_ranges
table 1 : explain SELECT c FROM sbtest1 WHERE id BETWEEN 8813051 AND 8814050 ORDER BY c
	Sort  (cost=3768.33..3770.74 rows=963 width=121)
	  Sort Key: c
	  ->  Bitmap Heap Scan on sbtest1  (cost=22.31..3720.61 rows=963 width=121)
	        Recheck Cond: ((id >= 8813051) AND (id <= 8814050))
	        ->  Bitmap Index Scan on sbtest1_pkey  (cost=0.00..22.07 rows=963 width=0)
	              Index Cond: ((id >= 8813051) AND (id <= 8814050))

table 2 : explain SELECT c FROM sbtest2 WHERE id BETWEEN 5920802 AND 5921801 ORDER BY c
	Sort  (cost=4178.31..4180.98 rows=1070 width=121)
	  Sort Key: c
	  ->  Bitmap Heap Scan on sbtest2  (cost=23.40..4124.47 rows=1070 width=121)
	        Recheck Cond: ((id >= 5920802) AND (id <= 5921801))
	        ->  Bitmap Index Scan on sbtest2_pkey  (cost=0.00..23.14 rows=1070 width=0)
	              Index Cond: ((id >= 5920802) AND (id <= 5921801))

table 3 : explain SELECT c FROM sbtest3 WHERE id BETWEEN 3060072 AND 3061071 ORDER BY c
	Sort  (cost=3754.23..3756.63 rows=959 width=121)
	  Sort Key: c
	  ->  Bitmap Heap Scan on sbtest3  (cost=22.26..3706.74 rows=959 width=121)
	        Recheck Cond: ((id >= 3060072) AND (id <= 3061071))
	        ->  Bitmap Index Scan on sbtest3_pkey  (cost=0.00..22.02 rows=959 width=0)
	              Index Cond: ((id >= 3060072) AND (id <= 3061071))

table 4 : explain SELECT c FROM sbtest4 WHERE id BETWEEN 3723987 AND 3724986 ORDER BY c
	Sort  (cost=3732.26..3734.64 rows=953 width=121)
	  Sort Key: c
	  ->  Bitmap Heap Scan on sbtest4  (cost=22.20..3685.10 rows=953 width=121)
	        Recheck Cond: ((id >= 3723987) AND (id <= 3724986))
	        ->  Bitmap Index Scan on sbtest4_pkey  (cost=0.00..21.96 rows=953 width=0)
	              Index Cond: ((id >= 3723987) AND (id <= 3724986))

table 5 : explain SELECT c FROM sbtest5 WHERE id BETWEEN 52681 AND 53680 ORDER BY c
	Sort  (cost=3843.40..3845.85 rows=982 width=121)
	  Sort Key: c
	  ->  Bitmap Heap Scan on sbtest5  (cost=22.50..3794.60 rows=982 width=121)
	        Recheck Cond: ((id >= 52681) AND (id <= 53680))
	        ->  Bitmap Index Scan on sbtest5_pkey  (cost=0.00..22.25 rows=982 width=0)
	              Index Cond: ((id >= 52681) AND (id <= 53680))

table 6 : explain SELECT c FROM sbtest6 WHERE id BETWEEN 4290815 AND 4291814 ORDER BY c
	Sort  (cost=3824.28..3826.72 rows=977 width=121)
	  Sort Key: c
	  ->  Bitmap Heap Scan on sbtest6  (cost=22.45..3775.76 rows=977 width=121)
	        Recheck Cond: ((id >= 4290815) AND (id <= 4291814))
	        ->  Bitmap Index Scan on sbtest6_pkey  (cost=0.00..22.20 rows=977 width=0)
	              Index Cond: ((id >= 4290815) AND (id <= 4291814))

table 7 : explain SELECT c FROM sbtest7 WHERE id BETWEEN 6705230 AND 6706229 ORDER BY c
	Sort  (cost=4581.64..4584.58 rows=1175 width=121)
	  Sort Key: c
	  ->  Bitmap Heap Scan on sbtest7  (cost=28.48..4521.72 rows=1175 width=121)
	        Recheck Cond: ((id >= 6705230) AND (id <= 6706229))
	        ->  Bitmap Index Scan on sbtest7_pkey  (cost=0.00..28.18 rows=1175 width=0)
	              Index Cond: ((id >= 6705230) AND (id <= 6706229))

table 8 : explain SELECT c FROM sbtest8 WHERE id BETWEEN 7496824 AND 7497823 ORDER BY c
	Sort  (cost=4058.87..4061.47 rows=1037 width=121)
	  Sort Key: c
	  ->  Bitmap Heap Scan on sbtest8  (cost=27.06..4006.93 rows=1037 width=121)
	        Recheck Cond: ((id >= 7496824) AND (id <= 7497823))
	        ->  Bitmap Index Scan on sbtest8_pkey  (cost=0.00..26.80 rows=1037 width=0)
	              Index Cond: ((id >= 7496824) AND (id <= 7497823))

for: order_ranges
table 1 : explain SELECT c FROM sbtest1 WHERE id BETWEEN 3715049 AND 3716048 ORDER BY c
	Sort  (cost=3860.12..3862.59 rows=987 width=121)
	  Sort Key: c
	  ->  Bitmap Heap Scan on sbtest1  (cost=22.55..3811.03 rows=987 width=121)
	        Recheck Cond: ((id >= 3715049) AND (id <= 3716048))
	        ->  Bitmap Index Scan on sbtest1_pkey  (cost=0.00..22.30 rows=987 width=0)
	              Index Cond: ((id >= 3715049) AND (id <= 3716048))

table 2 : explain SELECT c FROM sbtest2 WHERE id BETWEEN 267035 AND 268034 ORDER BY c
	Sort  (cost=4136.34..4138.98 rows=1059 width=121)
	  Sort Key: c
	  ->  Bitmap Heap Scan on sbtest2  (cost=23.29..4083.13 rows=1059 width=121)
	        Recheck Cond: ((id >= 267035) AND (id <= 268034))
	        ->  Bitmap Index Scan on sbtest2_pkey  (cost=0.00..23.02 rows=1059 width=0)
	              Index Cond: ((id >= 267035) AND (id <= 268034))

table 3 : explain SELECT c FROM sbtest3 WHERE id BETWEEN 4593183 AND 4594182 ORDER BY c
	Sort  (cost=4232.02..4234.73 rows=1083 width=121)
	  Sort Key: c
	  ->  Bitmap Heap Scan on sbtest3  (cost=27.54..4177.43 rows=1083 width=121)
	        Recheck Cond: ((id >= 4593183) AND (id <= 4594182))
	        ->  Bitmap Index Scan on sbtest3_pkey  (cost=0.00..27.26 rows=1083 width=0)
	              Index Cond: ((id >= 4593183) AND (id <= 4594182))

table 4 : explain SELECT c FROM sbtest4 WHERE id BETWEEN 5191360 AND 5192359 ORDER BY c
	Sort  (cost=3877.74..3880.22 rows=991 width=121)
	  Sort Key: c
	  ->  Bitmap Heap Scan on sbtest4  (cost=22.59..3828.43 rows=991 width=121)
	        Recheck Cond: ((id >= 5191360) AND (id <= 5192359))
	        ->  Bitmap Index Scan on sbtest4_pkey  (cost=0.00..22.34 rows=991 width=0)
	              Index Cond: ((id >= 5191360) AND (id <= 5192359))

table 5 : explain SELECT c FROM sbtest5 WHERE id BETWEEN 1787451 AND 1788450 ORDER BY c
	Sort  (cost=3793.63..3796.06 rows=969 width=121)
	  Sort Key: c
	  ->  Bitmap Heap Scan on sbtest5  (cost=22.37..3745.57 rows=969 width=121)
	        Recheck Cond: ((id >= 1787451) AND (id <= 1788450))
	        ->  Bitmap Index Scan on sbtest5_pkey  (cost=0.00..22.12 rows=969 width=0)
	              Index Cond: ((id >= 1787451) AND (id <= 1788450))

table 6 : explain SELECT c FROM sbtest6 WHERE id BETWEEN 699021 AND 700020 ORDER BY c
	Sort  (cost=3674.89..3677.24 rows=938 width=121)
	  Sort Key: c
	  ->  Bitmap Heap Scan on sbtest6  (cost=22.05..3628.59 rows=938 width=121)
	        Recheck Cond: ((id >= 699021) AND (id <= 700020))
	        ->  Bitmap Index Scan on sbtest6_pkey  (cost=0.00..21.82 rows=938 width=0)
	              Index Cond: ((id >= 699021) AND (id <= 700020))

table 7 : explain SELECT c FROM sbtest7 WHERE id BETWEEN 4820563 AND 4821562 ORDER BY c
	Sort  (cost=4009.08..4011.65 rows=1025 width=121)
	  Sort Key: c
	  ->  Bitmap Heap Scan on sbtest7  (cost=22.94..3957.83 rows=1025 width=121)
	        Recheck Cond: ((id >= 4820563) AND (id <= 4821562))
	        ->  Bitmap Index Scan on sbtest7_pkey  (cost=0.00..22.68 rows=1025 width=0)
	              Index Cond: ((id >= 4820563) AND (id <= 4821562))

table 8 : explain SELECT c FROM sbtest8 WHERE id BETWEEN 6651959 AND 6652958 ORDER BY c
	Sort  (cost=4085.63..4088.24 rows=1044 width=121)
	  Sort Key: c
	  ->  Bitmap Heap Scan on sbtest8  (cost=27.14..4033.28 rows=1044 width=121)
	        Recheck Cond: ((id >= 6651959) AND (id <= 6652958))
	        ->  Bitmap Index Scan on sbtest8_pkey  (cost=0.00..26.87 rows=1044 width=0)
	              Index Cond: ((id >= 6651959) AND (id <= 6652958))

explain: for point_selects :: explain SELECT c FROM sbtest%u WHERE id=%u
for point_selects
table 1 : explain SELECT c FROM sbtest1 WHERE id=4955374
	Index Scan using sbtest1_pkey on sbtest1  (cost=0.43..8.45 rows=1 width=121)
	  Index Cond: (id = 4955374)

table 2 : explain SELECT c FROM sbtest2 WHERE id=8755195
	Index Scan using sbtest2_pkey on sbtest2  (cost=0.43..8.45 rows=1 width=121)
	  Index Cond: (id = 8755195)

table 3 : explain SELECT c FROM sbtest3 WHERE id=4581101
	Index Scan using sbtest3_pkey on sbtest3  (cost=0.43..8.45 rows=1 width=121)
	  Index Cond: (id = 4581101)

table 4 : explain SELECT c FROM sbtest4 WHERE id=23261
	Index Scan using sbtest4_pkey on sbtest4  (cost=0.43..8.45 rows=1 width=121)
	  Index Cond: (id = 23261)

table 5 : explain SELECT c FROM sbtest5 WHERE id=2686981
	Index Scan using sbtest5_pkey on sbtest5  (cost=0.43..8.45 rows=1 width=121)
	  Index Cond: (id = 2686981)

table 6 : explain SELECT c FROM sbtest6 WHERE id=4035494
	Index Scan using sbtest6_pkey on sbtest6  (cost=0.43..8.45 rows=1 width=121)
	  Index Cond: (id = 4035494)

table 7 : explain SELECT c FROM sbtest7 WHERE id=3745010
	Index Scan using sbtest7_pkey on sbtest7  (cost=0.43..8.45 rows=1 width=121)
	  Index Cond: (id = 3745010)

table 8 : explain SELECT c FROM sbtest8 WHERE id=5690101
	Index Scan using sbtest8_pkey on sbtest8  (cost=0.43..8.45 rows=1 width=121)
	  Index Cond: (id = 5690101)

explain: for point_selects :: explain SELECT c FROM sbtest%u WHERE id=%u
for point_selects
table 1 : explain SELECT c FROM sbtest1 WHERE id=1045075
	Index Scan using sbtest1_pkey on sbtest1  (cost=0.43..8.45 rows=1 width=121)
	  Index Cond: (id = 1045075)

table 2 : explain SELECT c FROM sbtest2 WHERE id=315965
	Index Scan using sbtest2_pkey on sbtest2  (cost=0.43..8.45 rows=1 width=121)
	  Index Cond: (id = 315965)

table 3 : explain SELECT c FROM sbtest3 WHERE id=966385
	Index Scan using sbtest3_pkey on sbtest3  (cost=0.43..8.45 rows=1 width=121)
	  Index Cond: (id = 966385)

table 4 : explain SELECT c FROM sbtest4 WHERE id=9297254
	Index Scan using sbtest4_pkey on sbtest4  (cost=0.43..8.45 rows=1 width=121)
	  Index Cond: (id = 9297254)

table 5 : explain SELECT c FROM sbtest5 WHERE id=3306881
	Index Scan using sbtest5_pkey on sbtest5  (cost=0.43..8.45 rows=1 width=121)
	  Index Cond: (id = 3306881)

table 6 : explain SELECT c FROM sbtest6 WHERE id=2263382
	Index Scan using sbtest6_pkey on sbtest6  (cost=0.43..8.45 rows=1 width=121)
	  Index Cond: (id = 2263382)

table 7 : explain SELECT c FROM sbtest7 WHERE id=359927
	Index Scan using sbtest7_pkey on sbtest7  (cost=0.43..8.45 rows=1 width=121)
	  Index Cond: (id = 359927)

table 8 : explain SELECT c FROM sbtest8 WHERE id=5021838
	Index Scan using sbtest8_pkey on sbtest8  (cost=0.43..8.45 rows=1 width=121)
	  Index Cond: (id = 5021838)

for: distinct_ranges
table 1 : explain SELECT DISTINCT c FROM sbtest1 WHERE id BETWEEN 7075783 AND 7076782 ORDER BY c
	Unique  (cost=4043.49..4048.66 rows=1035 width=121)
	  ->  Sort  (cost=4043.49..4046.07 rows=1035 width=121)
	        Sort Key: c
	        ->  Bitmap Heap Scan on sbtest1  (cost=23.04..3991.66 rows=1035 width=121)
	              Recheck Cond: ((id >= 7075783) AND (id <= 7076782))
	              ->  Bitmap Index Scan on sbtest1_pkey  (cost=0.00..22.79 rows=1035 width=0)
	                    Index Cond: ((id >= 7075783) AND (id <= 7076782))

table 2 : explain SELECT DISTINCT c FROM sbtest2 WHERE id BETWEEN 3852577 AND 3853576 ORDER BY c
	Unique  (cost=4197.38..4202.75 rows=1075 width=121)
	  ->  Sort  (cost=4197.38..4200.07 rows=1075 width=121)
	        Sort Key: c
	        ->  Bitmap Heap Scan on sbtest2  (cost=23.45..4143.25 rows=1075 width=121)
	              Recheck Cond: ((id >= 3852577) AND (id <= 3853576))
	              ->  Bitmap Index Scan on sbtest2_pkey  (cost=0.00..23.18 rows=1075 width=0)
	                    Index Cond: ((id >= 3852577) AND (id <= 3853576))

table 3 : explain SELECT DISTINCT c FROM sbtest3 WHERE id BETWEEN 4042569 AND 4043568 ORDER BY c
	Unique  (cost=3666.14..3670.82 rows=936 width=121)
	  ->  Sort  (cost=3666.14..3668.48 rows=936 width=121)
	        Sort Key: c
	        ->  Bitmap Heap Scan on sbtest3  (cost=22.03..3619.95 rows=936 width=121)
	              Recheck Cond: ((id >= 4042569) AND (id <= 4043568))
	              ->  Bitmap Index Scan on sbtest3_pkey  (cost=0.00..21.79 rows=936 width=0)
	                    Index Cond: ((id >= 4042569) AND (id <= 4043568))

table 4 : explain SELECT DISTINCT c FROM sbtest4 WHERE id BETWEEN 4220742 AND 4221741 ORDER BY c
	Unique  (cost=3682.45..3687.15 rows=940 width=121)
	  ->  Sort  (cost=3682.45..3684.80 rows=940 width=121)
	        Sort Key: c
	        ->  Bitmap Heap Scan on sbtest4  (cost=22.07..3636.03 rows=940 width=121)
	              Recheck Cond: ((id >= 4220742) AND (id <= 4221741))
	              ->  Bitmap Index Scan on sbtest4_pkey  (cost=0.00..21.83 rows=940 width=0)
	                    Index Cond: ((id >= 4220742) AND (id <= 4221741))

table 5 : explain SELECT DISTINCT c FROM sbtest5 WHERE id BETWEEN 8065236 AND 8066235 ORDER BY c
	Unique  (cost=4011.69..4016.82 rows=1026 width=121)
	  ->  Sort  (cost=4011.69..4014.25 rows=1026 width=121)
	        Sort Key: c
	        ->  Bitmap Heap Scan on sbtest5  (cost=22.95..3960.37 rows=1026 width=121)
	              Recheck Cond: ((id >= 8065236) AND (id <= 8066235))
	              ->  Bitmap Index Scan on sbtest5_pkey  (cost=0.00..22.69 rows=1026 width=0)
	                    Index Cond: ((id >= 8065236) AND (id <= 8066235))

table 6 : explain SELECT DISTINCT c FROM sbtest6 WHERE id BETWEEN 3196539 AND 3197538 ORDER BY c
	Unique  (cost=3605.88..3610.48 rows=920 width=121)
	  ->  Sort  (cost=3605.88..3608.18 rows=920 width=121)
	        Sort Key: c
	        ->  Bitmap Heap Scan on sbtest6  (cost=21.87..3560.59 rows=920 width=121)
	              Recheck Cond: ((id >= 3196539) AND (id <= 3197538))
	              ->  Bitmap Index Scan on sbtest6_pkey  (cost=0.00..21.64 rows=920 width=0)
	                    Index Cond: ((id >= 3196539) AND (id <= 3197538))

table 7 : explain SELECT DISTINCT c FROM sbtest7 WHERE id BETWEEN 7206611 AND 7207610 ORDER BY c
	Unique  (cost=3790.92..3795.76 rows=968 width=121)
	  ->  Sort  (cost=3790.92..3793.34 rows=968 width=121)
	        Sort Key: c
	        ->  Bitmap Heap Scan on sbtest7  (cost=22.36..3742.92 rows=968 width=121)
	              Recheck Cond: ((id >= 7206611) AND (id <= 7207610))
	              ->  Bitmap Index Scan on sbtest7_pkey  (cost=0.00..22.11 rows=968 width=0)
	                    Index Cond: ((id >= 7206611) AND (id <= 7207610))

table 8 : explain SELECT DISTINCT c FROM sbtest8 WHERE id BETWEEN 3452551 AND 3453550 ORDER BY c
	Unique  (cost=3990.05..3995.15 rows=1019 width=121)
	  ->  Sort  (cost=3990.05..3992.60 rows=1019 width=121)
	        Sort Key: c
	        ->  Bitmap Heap Scan on sbtest8  (cost=26.88..3939.14 rows=1019 width=121)
	              Recheck Cond: ((id >= 3452551) AND (id <= 3453550))
	              ->  Bitmap Index Scan on sbtest8_pkey  (cost=0.00..26.62 rows=1019 width=0)
	                    Index Cond: ((id >= 3452551) AND (id <= 3453550))

for: distinct_ranges
table 1 : explain SELECT DISTINCT c FROM sbtest1 WHERE id BETWEEN 8592890 AND 8593889 ORDER BY c
	Unique  (cost=3990.03..3995.14 rows=1021 width=121)
	  ->  Sort  (cost=3990.03..3992.59 rows=1021 width=121)
	        Sort Key: c
	        ->  Bitmap Heap Scan on sbtest1  (cost=22.90..3939.01 rows=1021 width=121)
	              Recheck Cond: ((id >= 8592890) AND (id <= 8593889))
	              ->  Bitmap Index Scan on sbtest1_pkey  (cost=0.00..22.64 rows=1021 width=0)
	                    Index Cond: ((id >= 8592890) AND (id <= 8593889))

table 2 : explain SELECT DISTINCT c FROM sbtest2 WHERE id BETWEEN 9804317 AND 9805316 ORDER BY c
	Unique  (cost=3666.04..3670.72 rows=936 width=121)
	  ->  Sort  (cost=3666.04..3668.38 rows=936 width=121)
	        Sort Key: c
	        ->  Bitmap Heap Scan on sbtest2  (cost=22.03..3619.84 rows=936 width=121)
	              Recheck Cond: ((id >= 9804317) AND (id <= 9805316))
	              ->  Bitmap Index Scan on sbtest2_pkey  (cost=0.00..21.79 rows=936 width=0)
	                    Index Cond: ((id >= 9804317) AND (id <= 9805316))

table 3 : explain SELECT DISTINCT c FROM sbtest3 WHERE id BETWEEN 1475731 AND 1476730 ORDER BY c
	Unique  (cost=3934.03..3939.06 rows=1006 width=121)
	  ->  Sort  (cost=3934.03..3936.55 rows=1006 width=121)
	        Sort Key: c
	        ->  Bitmap Heap Scan on sbtest3  (cost=22.75..3883.86 rows=1006 width=121)
	              Recheck Cond: ((id >= 1475731) AND (id <= 1476730))
	              ->  Bitmap Index Scan on sbtest3_pkey  (cost=0.00..22.50 rows=1006 width=0)
	                    Index Cond: ((id >= 1475731) AND (id <= 1476730))

table 4 : explain SELECT DISTINCT c FROM sbtest4 WHERE id BETWEEN 7529969 AND 7530968 ORDER BY c
	Unique  (cost=3950.42..3955.47 rows=1010 width=121)
	  ->  Sort  (cost=3950.42..3952.94 rows=1010 width=121)
	        Sort Key: c
	        ->  Bitmap Heap Scan on sbtest4  (cost=22.79..3900.02 rows=1010 width=121)
	              Recheck Cond: ((id >= 7529969) AND (id <= 7530968))
	              ->  Bitmap Index Scan on sbtest4_pkey  (cost=0.00..22.54 rows=1010 width=0)
	                    Index Cond: ((id >= 7529969) AND (id <= 7530968))

table 5 : explain SELECT DISTINCT c FROM sbtest5 WHERE id BETWEEN 8323072 AND 8324071 ORDER BY c
	Unique  (cost=3950.52..3955.57 rows=1010 width=121)
	  ->  Sort  (cost=3950.52..3953.04 rows=1010 width=121)
	        Sort Key: c
	        ->  Bitmap Heap Scan on sbtest5  (cost=22.79..3900.12 rows=1010 width=121)
	              Recheck Cond: ((id >= 8323072) AND (id <= 8324071))
	              ->  Bitmap Index Scan on sbtest5_pkey  (cost=0.00..22.54 rows=1010 width=0)
	                    Index Cond: ((id >= 8323072) AND (id <= 8324071))

table 6 : explain SELECT DISTINCT c FROM sbtest6 WHERE id BETWEEN 9179271 AND 9180270 ORDER BY c
	Unique  (cost=4034.63..4039.79 rows=1032 width=121)
	  ->  Sort  (cost=4034.63..4037.21 rows=1032 width=121)
	        Sort Key: c
	        ->  Bitmap Heap Scan on sbtest6  (cost=23.01..3982.98 rows=1032 width=121)
	              Recheck Cond: ((id >= 9179271) AND (id <= 9180270))
	              ->  Bitmap Index Scan on sbtest6_pkey  (cost=0.00..22.75 rows=1032 width=0)
	                    Index Cond: ((id >= 9179271) AND (id <= 9180270))

table 7 : explain SELECT DISTINCT c FROM sbtest7 WHERE id BETWEEN 7483785 AND 7484784 ORDER BY c
	Unique  (cost=3767.94..3772.75 rows=962 width=121)
	  ->  Sort  (cost=3767.94..3770.34 rows=962 width=121)
	        Sort Key: c
	        ->  Bitmap Heap Scan on sbtest7  (cost=22.30..3720.27 rows=962 width=121)
	              Recheck Cond: ((id >= 7483785) AND (id <= 7484784))
	              ->  Bitmap Index Scan on sbtest7_pkey  (cost=0.00..22.05 rows=962 width=0)
	                    Index Cond: ((id >= 7483785) AND (id <= 7484784))

table 8 : explain SELECT DISTINCT c FROM sbtest8 WHERE id BETWEEN 5556253 AND 5557252 ORDER BY c
	Unique  (cost=3817.66..3822.53 rows=975 width=121)
	  ->  Sort  (cost=3817.66..3820.09 rows=975 width=121)
	        Sort Key: c
	        ->  Bitmap Heap Scan on sbtest8  (cost=22.43..3769.25 rows=975 width=121)
	              Recheck Cond: ((id >= 5556253) AND (id <= 5557252))
	              ->  Bitmap Index Scan on sbtest8_pkey  (cost=0.00..22.18 rows=975 width=0)
	                    Index Cond: ((id >= 5556253) AND (id <= 5557252))

for: simple_ranges
table 1 : explain SELECT c FROM sbtest1 WHERE id BETWEEN 370883 AND 371882
	Bitmap Heap Scan on sbtest1  (cost=21.82..3543.30 rows=916 width=121)
	  Recheck Cond: ((id >= 370883) AND (id <= 371882))
	  ->  Bitmap Index Scan on sbtest1_pkey  (cost=0.00..21.59 rows=916 width=0)
	        Index Cond: ((id >= 370883) AND (id <= 371882))

table 2 : explain SELECT c FROM sbtest2 WHERE id BETWEEN 3710915 AND 3711914
	Bitmap Heap Scan on sbtest2  (cost=22.88..3932.68 rows=1019 width=121)
	  Recheck Cond: ((id >= 3710915) AND (id <= 3711914))
	  ->  Bitmap Index Scan on sbtest2_pkey  (cost=0.00..22.62 rows=1019 width=0)
	        Index Cond: ((id >= 3710915) AND (id <= 3711914))

table 3 : explain SELECT c FROM sbtest3 WHERE id BETWEEN 9998203 AND 9999202
	Bitmap Heap Scan on sbtest3  (cost=22.92..3947.86 rows=1023 width=121)
	  Recheck Cond: ((id >= 9998203) AND (id <= 9999202))
	  ->  Bitmap Index Scan on sbtest3_pkey  (cost=0.00..22.66 rows=1023 width=0)
	        Index Cond: ((id >= 9998203) AND (id <= 9999202))

table 4 : explain SELECT c FROM sbtest4 WHERE id BETWEEN 3328372 AND 3329371
	Bitmap Heap Scan on sbtest4  (cost=22.46..3779.42 rows=978 width=121)
	  Recheck Cond: ((id >= 3328372) AND (id <= 3329371))
	  ->  Bitmap Index Scan on sbtest4_pkey  (cost=0.00..22.21 rows=978 width=0)
	        Index Cond: ((id >= 3328372) AND (id <= 3329371))

table 5 : explain SELECT c FROM sbtest5 WHERE id BETWEEN 2140467 AND 2141466
	Bitmap Heap Scan on sbtest5  (cost=27.58..4193.79 rows=1087 width=121)
	  Recheck Cond: ((id >= 2140467) AND (id <= 2141466))
	  ->  Bitmap Index Scan on sbtest5_pkey  (cost=0.00..27.30 rows=1087 width=0)
	        Index Cond: ((id >= 2140467) AND (id <= 2141466))

table 6 : explain SELECT c FROM sbtest6 WHERE id BETWEEN 2240130 AND 2241129
	Bitmap Heap Scan on sbtest6  (cost=22.19..3681.44 rows=952 width=121)
	  Recheck Cond: ((id >= 2240130) AND (id <= 2241129))
	  ->  Bitmap Index Scan on sbtest6_pkey  (cost=0.00..21.95 rows=952 width=0)
	        Index Cond: ((id >= 2240130) AND (id <= 2241129))

table 7 : explain SELECT c FROM sbtest7 WHERE id BETWEEN 3212547 AND 3213546
	Bitmap Heap Scan on sbtest7  (cost=27.75..4259.01 rows=1104 width=121)
	  Recheck Cond: ((id >= 3212547) AND (id <= 3213546))
	  ->  Bitmap Index Scan on sbtest7_pkey  (cost=0.00..27.47 rows=1104 width=0)
	        Index Cond: ((id >= 3212547) AND (id <= 3213546))

table 8 : explain SELECT c FROM sbtest8 WHERE id BETWEEN 3755343 AND 3756342
	Bitmap Heap Scan on sbtest8  (cost=27.62..4210.06 rows=1091 width=121)
	  Recheck Cond: ((id >= 3755343) AND (id <= 3756342))
	  ->  Bitmap Index Scan on sbtest8_pkey  (cost=0.00..27.34 rows=1091 width=0)
	        Index Cond: ((id >= 3755343) AND (id <= 3756342))

for point_selects
table 1 : explain SELECT c FROM sbtest1 WHERE id=2732280
	Index Scan using sbtest1_pkey on sbtest1  (cost=0.43..8.45 rows=1 width=121)
	  Index Cond: (id = 2732280)

table 2 : explain SELECT c FROM sbtest2 WHERE id=3036724
	Index Scan using sbtest2_pkey on sbtest2  (cost=0.43..8.45 rows=1 width=121)
	  Index Cond: (id = 3036724)

table 3 : explain SELECT c FROM sbtest3 WHERE id=4528948
	Index Scan using sbtest3_pkey on sbtest3  (cost=0.43..8.45 rows=1 width=121)
	  Index Cond: (id = 4528948)

table 4 : explain SELECT c FROM sbtest4 WHERE id=4103004
	Index Scan using sbtest4_pkey on sbtest4  (cost=0.43..8.45 rows=1 width=121)
	  Index Cond: (id = 4103004)

table 5 : explain SELECT c FROM sbtest5 WHERE id=3936638
	Index Scan using sbtest5_pkey on sbtest5  (cost=0.43..8.45 rows=1 width=121)
	  Index Cond: (id = 3936638)

table 6 : explain SELECT c FROM sbtest6 WHERE id=5581142
	Index Scan using sbtest6_pkey on sbtest6  (cost=0.43..8.45 rows=1 width=121)
	  Index Cond: (id = 5581142)

table 7 : explain SELECT c FROM sbtest7 WHERE id=5857430
	Index Scan using sbtest7_pkey on sbtest7  (cost=0.43..8.45 rows=1 width=121)
	  Index Cond: (id = 5857430)

table 8 : explain SELECT c FROM sbtest8 WHERE id=3051197
	Index Scan using sbtest8_pkey on sbtest8  (cost=0.43..8.45 rows=1 width=121)
	  Index Cond: (id = 3051197)

explain: for point_selects :: explain SELECT c FROM sbtest%u WHERE id=%u
for: distinct_ranges
table 1 : explain SELECT DISTINCT c FROM sbtest1 WHERE id BETWEEN 3096406 AND 3097405 ORDER BY c
	Unique  (cost=4462.93..4468.66 rows=1145 width=121)
	  ->  Sort  (cost=4462.93..4465.80 rows=1145 width=121)
	        Sort Key: c
	        ->  Bitmap Heap Scan on sbtest1  (cost=28.17..4404.76 rows=1145 width=121)
	              Recheck Cond: ((id >= 3096406) AND (id <= 3097405))
	              ->  Bitmap Index Scan on sbtest1_pkey  (cost=0.00..27.89 rows=1145 width=0)
	                    Index Cond: ((id >= 3096406) AND (id <= 3097405))

table 2 : explain SELECT DISTINCT c FROM sbtest2 WHERE id BETWEEN 4415345 AND 4416344 ORDER BY c
	Unique  (cost=4327.27..4332.81 rows=1109 width=121)
	  ->  Sort  (cost=4327.27..4330.04 rows=1109 width=121)
	        Sort Key: c
	        ->  Bitmap Heap Scan on sbtest2  (cost=27.80..4271.18 rows=1109 width=121)
	              Recheck Cond: ((id >= 4415345) AND (id <= 4416344))
	              ->  Bitmap Index Scan on sbtest2_pkey  (cost=0.00..27.52 rows=1109 width=0)
	                    Index Cond: ((id >= 4415345) AND (id <= 4416344))

table 3 : explain SELECT DISTINCT c FROM sbtest3 WHERE id BETWEEN 2760458 AND 2761457 ORDER BY c
	Unique  (cost=3937.86..3942.89 rows=1007 width=121)
	  ->  Sort  (cost=3937.86..3940.37 rows=1007 width=121)
	        Sort Key: c
	        ->  Bitmap Heap Scan on sbtest3  (cost=22.76..3887.63 rows=1007 width=121)
	              Recheck Cond: ((id >= 2760458) AND (id <= 2761457))
	              ->  Bitmap Index Scan on sbtest3_pkey  (cost=0.00..22.50 rows=1007 width=0)
	                    Index Cond: ((id >= 2760458) AND (id <= 2761457))

table 4 : explain SELECT DISTINCT c FROM sbtest4 WHERE id BETWEEN 192466 AND 193465 ORDER BY c
	Unique  (cost=4057.44..4062.63 rows=1038 width=121)
	  ->  Sort  (cost=4057.44..4060.03 rows=1038 width=121)
	        Sort Key: c
	        ->  Bitmap Heap Scan on sbtest4  (cost=23.07..4005.43 rows=1038 width=121)
	              Recheck Cond: ((id >= 192466) AND (id <= 193465))
	              ->  Bitmap Index Scan on sbtest4_pkey  (cost=0.00..22.82 rows=1038 width=0)
	                    Index Cond: ((id >= 192466) AND (id <= 193465))

table 5 : explain SELECT DISTINCT c FROM sbtest5 WHERE id BETWEEN 6809891 AND 6810890 ORDER BY c
	Unique  (cost=3801.29..3806.15 rows=971 width=121)
	  ->  Sort  (cost=3801.29..3803.72 rows=971 width=121)
	        Sort Key: c
	        ->  Bitmap Heap Scan on sbtest5  (cost=22.39..3753.11 rows=971 width=121)
	              Recheck Cond: ((id >= 6809891) AND (id <= 6810890))
	              ->  Bitmap Index Scan on sbtest5_pkey  (cost=0.00..22.14 rows=971 width=0)
	                    Index Cond: ((id >= 6809891) AND (id <= 6810890))

table 6 : explain SELECT DISTINCT c FROM sbtest6 WHERE id BETWEEN 1677616 AND 1678615 ORDER BY c
	Unique  (cost=3674.89..3679.58 rows=938 width=121)
	  ->  Sort  (cost=3674.89..3677.24 rows=938 width=121)
	        Sort Key: c
	        ->  Bitmap Heap Scan on sbtest6  (cost=22.05..3628.59 rows=938 width=121)
	              Recheck Cond: ((id >= 1677616) AND (id <= 1678615))
	              ->  Bitmap Index Scan on sbtest6_pkey  (cost=0.00..21.82 rows=938 width=0)
	                    Index Cond: ((id >= 1677616) AND (id <= 1678615))

table 7 : explain SELECT DISTINCT c FROM sbtest7 WHERE id BETWEEN 5107848 AND 5108847 ORDER BY c
	Unique  (cost=3940.23..3945.27 rows=1007 width=121)
	  ->  Sort  (cost=3940.23..3942.75 rows=1007 width=121)
	        Sort Key: c
	        ->  Bitmap Heap Scan on sbtest7  (cost=22.76..3890.00 rows=1007 width=121)
	              Recheck Cond: ((id >= 5107848) AND (id <= 5108847))
	              ->  Bitmap Index Scan on sbtest7_pkey  (cost=0.00..22.50 rows=1007 width=0)
	                    Index Cond: ((id >= 5107848) AND (id <= 5108847))

table 8 : explain SELECT DISTINCT c FROM sbtest8 WHERE id BETWEEN 7898882 AND 7899881 ORDER BY c
	Unique  (cost=4219.31..4224.70 rows=1079 width=121)
	  ->  Sort  (cost=4219.31..4222.01 rows=1079 width=121)
	        Sort Key: c
	        ->  Bitmap Heap Scan on sbtest8  (cost=27.49..4164.95 rows=1079 width=121)
	              Recheck Cond: ((id >= 7898882) AND (id <= 7899881))
	              ->  Bitmap Index Scan on sbtest8_pkey  (cost=0.00..27.22 rows=1079 width=0)
	                    Index Cond: ((id >= 7898882) AND (id <= 7899881))

for: order_ranges
table 1 : explain SELECT c FROM sbtest1 WHERE id BETWEEN 3164523 AND 3165522 ORDER BY c
	Sort  (cost=4001.49..4004.05 rows=1024 width=121)
	  Sort Key: c
	  ->  Bitmap Heap Scan on sbtest1  (cost=22.93..3950.29 rows=1024 width=121)
	        Recheck Cond: ((id >= 3164523) AND (id <= 3165522))
	        ->  Bitmap Index Scan on sbtest1_pkey  (cost=0.00..22.68 rows=1024 width=0)
	              Index Cond: ((id >= 3164523) AND (id <= 3165522))

table 2 : explain SELECT c FROM sbtest2 WHERE id BETWEEN 8654557 AND 8655556 ORDER BY c
	Sort  (cost=3654.54..3656.87 rows=933 width=121)
	  Sort Key: c
	  ->  Bitmap Heap Scan on sbtest2  (cost=22.00..3608.52 rows=933 width=121)
	        Recheck Cond: ((id >= 8654557) AND (id <= 8655556))
	        ->  Bitmap Index Scan on sbtest2_pkey  (cost=0.00..21.76 rows=933 width=0)
	              Index Cond: ((id >= 8654557) AND (id <= 8655556))

table 3 : explain SELECT c FROM sbtest3 WHERE id BETWEEN 2008340 AND 2009339 ORDER BY c
	Sort  (cost=3838.43..3840.88 rows=981 width=121)
	  Sort Key: c
	  ->  Bitmap Heap Scan on sbtest3  (cost=22.49..3789.68 rows=981 width=121)
	        Recheck Cond: ((id >= 2008340) AND (id <= 2009339))
	        ->  Bitmap Index Scan on sbtest3_pkey  (cost=0.00..22.25 rows=981 width=0)
	              Index Cond: ((id >= 2008340) AND (id <= 2009339))

table 4 : explain SELECT c FROM sbtest4 WHERE id BETWEEN 1480447 AND 1481446 ORDER BY c
	Sort  (cost=4389.64..4392.45 rows=1125 width=121)
	  Sort Key: c
	  ->  Bitmap Heap Scan on sbtest4  (cost=27.97..4332.63 rows=1125 width=121)
	        Recheck Cond: ((id >= 1480447) AND (id <= 1481446))
	        ->  Bitmap Index Scan on sbtest4_pkey  (cost=0.00..27.68 rows=1125 width=0)
	              Index Cond: ((id >= 1480447) AND (id <= 1481446))

table 5 : explain SELECT c FROM sbtest5 WHERE id BETWEEN 3256445 AND 3257444 ORDER BY c
	Sort  (cost=3866.36..3868.83 rows=988 width=121)
	  Sort Key: c
	  ->  Bitmap Heap Scan on sbtest5  (cost=22.56..3817.22 rows=988 width=121)
	        Recheck Cond: ((id >= 3256445) AND (id <= 3257444))
	        ->  Bitmap Index Scan on sbtest5_pkey  (cost=0.00..22.32 rows=988 width=0)
	              Index Cond: ((id >= 3256445) AND (id <= 3257444))

table 6 : explain SELECT c FROM sbtest6 WHERE id BETWEEN 5614385 AND 5615384 ORDER BY c
	Sort  (cost=3969.65..3972.19 rows=1015 width=121)
	  Sort Key: c
	  ->  Bitmap Heap Scan on sbtest6  (cost=22.84..3918.97 rows=1015 width=121)
	        Recheck Cond: ((id >= 5614385) AND (id <= 5615384))
	        ->  Bitmap Index Scan on sbtest6_pkey  (cost=0.00..22.58 rows=1015 width=0)
	              Index Cond: ((id >= 5614385) AND (id <= 5615384))

table 7 : explain SELECT c FROM sbtest7 WHERE id BETWEEN 3108478 AND 3109477 ORDER BY c
	Sort  (cost=3606.90..3609.20 rows=920 width=121)
	  Sort Key: c
	  ->  Bitmap Heap Scan on sbtest7  (cost=21.87..3561.61 rows=920 width=121)
	        Recheck Cond: ((id >= 3108478) AND (id <= 3109477))
	        ->  Bitmap Index Scan on sbtest7_pkey  (cost=0.00..21.64 rows=920 width=0)
	              Index Cond: ((id >= 3108478) AND (id <= 3109477))

table 8 : explain SELECT c FROM sbtest8 WHERE id BETWEEN 102578 AND 103577 ORDER BY c
	Sort  (cost=3606.83..3609.13 rows=920 width=121)
	  Sort Key: c
	  ->  Bitmap Heap Scan on sbtest8  (cost=21.87..3561.54 rows=920 width=121)
	        Recheck Cond: ((id >= 102578) AND (id <= 103577))
	        ->  Bitmap Index Scan on sbtest8_pkey  (cost=0.00..21.64 rows=920 width=0)
	              Index Cond: ((id >= 102578) AND (id <= 103577))

for: simple_ranges
table 1 : explain SELECT c FROM sbtest1 WHERE id BETWEEN 3240529 AND 3241528
	Bitmap Heap Scan on sbtest1  (cost=22.90..3939.01 rows=1021 width=121)
	  Recheck Cond: ((id >= 3240529) AND (id <= 3241528))
	  ->  Bitmap Index Scan on sbtest1_pkey  (cost=0.00..22.64 rows=1021 width=0)
	        Index Cond: ((id >= 3240529) AND (id <= 3241528))

table 2 : explain SELECT c FROM sbtest2 WHERE id BETWEEN 7933460 AND 7934459
	Bitmap Heap Scan on sbtest2  (cost=22.57..3819.71 rows=989 width=121)
	  Recheck Cond: ((id >= 7933460) AND (id <= 7934459))
	  ->  Bitmap Index Scan on sbtest2_pkey  (cost=0.00..22.32 rows=989 width=0)
	        Index Cond: ((id >= 7933460) AND (id <= 7934459))

table 3 : explain SELECT c FROM sbtest3 WHERE id BETWEEN 7796264 AND 7797263
	Bitmap Heap Scan on sbtest3  (cost=23.26..4071.98 rows=1056 width=121)
	  Recheck Cond: ((id >= 7796264) AND (id <= 7797263))
	  ->  Bitmap Index Scan on sbtest3_pkey  (cost=0.00..23.00 rows=1056 width=0)
	        Index Cond: ((id >= 7796264) AND (id <= 7797263))

table 4 : explain SELECT c FROM sbtest4 WHERE id BETWEEN 7225348 AND 7226347
	Bitmap Heap Scan on sbtest4  (cost=22.40..3756.79 rows=972 width=121)
	  Recheck Cond: ((id >= 7225348) AND (id <= 7226347))
	  ->  Bitmap Index Scan on sbtest4_pkey  (cost=0.00..22.15 rows=972 width=0)
	        Index Cond: ((id >= 7225348) AND (id <= 7226347))

table 5 : explain SELECT c FROM sbtest5 WHERE id BETWEEN 4092259 AND 4093258
	Bitmap Heap Scan on sbtest5  (cost=22.08..3639.90 rows=941 width=121)
	  Recheck Cond: ((id >= 4092259) AND (id <= 4093258))
	  ->  Bitmap Index Scan on sbtest5_pkey  (cost=0.00..21.84 rows=941 width=0)
	        Index Cond: ((id >= 4092259) AND (id <= 4093258))

table 6 : explain SELECT c FROM sbtest6 WHERE id BETWEEN 2578797 AND 2579796
	Bitmap Heap Scan on sbtest6  (cost=28.07..4370.29 rows=1135 width=121)
	  Recheck Cond: ((id >= 2578797) AND (id <= 2579796))
	  ->  Bitmap Index Scan on sbtest6_pkey  (cost=0.00..27.79 rows=1135 width=0)
	        Index Cond: ((id >= 2578797) AND (id <= 2579796))

table 7 : explain SELECT c FROM sbtest7 WHERE id BETWEEN 4982026 AND 4983025
	Bitmap Heap Scan on sbtest7  (cost=23.29..4085.82 rows=1059 width=121)
	  Recheck Cond: ((id >= 4982026) AND (id <= 4983025))
	  ->  Bitmap Index Scan on sbtest7_pkey  (cost=0.00..23.02 rows=1059 width=0)
	        Index Cond: ((id >= 4982026) AND (id <= 4983025))

table 8 : explain SELECT c FROM sbtest8 WHERE id BETWEEN 2510303 AND 2511302
	Bitmap Heap Scan on sbtest8  (cost=22.00..3610.67 rows=933 width=121)
	  Recheck Cond: ((id >= 2510303) AND (id <= 2511302))
	  ->  Bitmap Index Scan on sbtest8_pkey  (cost=0.00..21.76 rows=933 width=0)
	        Index Cond: ((id >= 2510303) AND (id <= 2511302))

explain: for point_selects :: explain SELECT c FROM sbtest%u WHERE id=%u
explain: for point_selects :: explain SELECT c FROM sbtest%u WHERE id=%u
for: sum_ranges
table 1 : explain SELECT SUM(k) FROM sbtest1 WHERE id BETWEEN 179827 AND 180826
	Aggregate  (cost=3670.20..3670.21 rows=1 width=8)
	  ->  Bitmap Heap Scan on sbtest1  (cost=22.16..3667.82 rows=949 width=4)
	        Recheck Cond: ((id >= 179827) AND (id <= 180826))
	        ->  Bitmap Index Scan on sbtest1_pkey  (cost=0.00..21.93 rows=949 width=0)
	              Index Cond: ((id >= 179827) AND (id <= 180826))

table 2 : explain SELECT SUM(k) FROM sbtest2 WHERE id BETWEEN 1980073 AND 1981072
	Aggregate  (cost=3580.63..3580.64 rows=1 width=8)
	  ->  Bitmap Heap Scan on sbtest2  (cost=21.92..3578.31 rows=925 width=4)
	        Recheck Cond: ((id >= 1980073) AND (id <= 1981072))
	        ->  Bitmap Index Scan on sbtest2_pkey  (cost=0.00..21.68 rows=925 width=0)
	              Index Cond: ((id >= 1980073) AND (id <= 1981072))

table 3 : explain SELECT SUM(k) FROM sbtest3 WHERE id BETWEEN 2926836 AND 2927835
	Aggregate  (cost=3724.23..3724.24 rows=1 width=8)
	  ->  Bitmap Heap Scan on sbtest3  (cost=22.31..3721.82 rows=963 width=4)
	        Recheck Cond: ((id >= 2926836) AND (id <= 2927835))
	        ->  Bitmap Index Scan on sbtest3_pkey  (cost=0.00..22.07 rows=963 width=0)
	              Index Cond: ((id >= 2926836) AND (id <= 2927835))

table 4 : explain SELECT SUM(k) FROM sbtest4 WHERE id BETWEEN 2886561 AND 2887560
	Aggregate  (cost=3834.67..3834.68 rows=1 width=8)
	  ->  Bitmap Heap Scan on sbtest4  (cost=22.60..3832.19 rows=992 width=4)
	        Recheck Cond: ((id >= 2886561) AND (id <= 2887560))
	        ->  Bitmap Index Scan on sbtest4_pkey  (cost=0.00..22.36 rows=992 width=0)
	              Index Cond: ((id >= 2886561) AND (id <= 2887560))

table 5 : explain SELECT SUM(k) FROM sbtest5 WHERE id BETWEEN 7439312 AND 7440311
	Aggregate  (cost=4207.79..4207.80 rows=1 width=8)
	  ->  Bitmap Heap Scan on sbtest5  (cost=27.61..4205.06 rows=1090 width=4)
	        Recheck Cond: ((id >= 7439312) AND (id <= 7440311))
	        ->  Bitmap Index Scan on sbtest5_pkey  (cost=0.00..27.33 rows=1090 width=0)
	              Index Cond: ((id >= 7439312) AND (id <= 7440311))

table 6 : explain SELECT SUM(k) FROM sbtest6 WHERE id BETWEEN 1091195 AND 1092194
	Aggregate  (cost=3781.97..3781.98 rows=1 width=8)
	  ->  Bitmap Heap Scan on sbtest6  (cost=22.46..3779.53 rows=978 width=4)
	        Recheck Cond: ((id >= 1091195) AND (id <= 1092194))
	        ->  Bitmap Index Scan on sbtest6_pkey  (cost=0.00..22.21 rows=978 width=0)
	              Index Cond: ((id >= 1091195) AND (id <= 1092194))

table 7 : explain SELECT SUM(k) FROM sbtest7 WHERE id BETWEEN 2846999 AND 2847998
	Aggregate  (cost=3926.46..3926.47 rows=1 width=8)
	  ->  Bitmap Heap Scan on sbtest7  (cost=22.85..3923.92 rows=1016 width=4)
	        Recheck Cond: ((id >= 2846999) AND (id <= 2847998))
	        ->  Bitmap Index Scan on sbtest7_pkey  (cost=0.00..22.59 rows=1016 width=0)
	              Index Cond: ((id >= 2846999) AND (id <= 2847998))

table 8 : explain SELECT SUM(k) FROM sbtest8 WHERE id BETWEEN 8155977 AND 8156976
	Aggregate  (cost=4265.43..4265.44 rows=1 width=8)
	  ->  Bitmap Heap Scan on sbtest8  (cost=27.76..4262.67 rows=1105 width=4)
	        Recheck Cond: ((id >= 8155977) AND (id <= 8156976))
	        ->  Bitmap Index Scan on sbtest8_pkey  (cost=0.00..27.48 rows=1105 width=0)
	              Index Cond: ((id >= 8155977) AND (id <= 8156976))

explain: for point_selects :: explain SELECT c FROM sbtest%u WHERE id=%u
for: simple_ranges
table 1 : explain SELECT c FROM sbtest1 WHERE id BETWEEN 4967034 AND 4968033
	Bitmap Heap Scan on sbtest1  (cost=23.24..4063.07 rows=1054 width=121)
	  Recheck Cond: ((id >= 4967034) AND (id <= 4968033))
	  ->  Bitmap Index Scan on sbtest1_pkey  (cost=0.00..22.97 rows=1054 width=0)
	        Index Cond: ((id >= 4967034) AND (id <= 4968033))

table 2 : explain SELECT c FROM sbtest2 WHERE id BETWEEN 1717080 AND 1718079
	Bitmap Heap Scan on sbtest2  (cost=21.58..3453.63 rows=892 width=121)
	  Recheck Cond: ((id >= 1717080) AND (id <= 1718079))
	  ->  Bitmap Index Scan on sbtest2_pkey  (cost=0.00..21.36 rows=892 width=0)
	        Index Cond: ((id >= 1717080) AND (id <= 1718079))

table 3 : explain SELECT c FROM sbtest3 WHERE id BETWEEN 4984585 AND 4985584
	Bitmap Heap Scan on sbtest3  (cost=22.51..3797.22 rows=983 width=121)
	  Recheck Cond: ((id >= 4984585) AND (id <= 4985584))
	  ->  Bitmap Index Scan on sbtest3_pkey  (cost=0.00..22.26 rows=983 width=0)
	        Index Cond: ((id >= 4984585) AND (id <= 4985584))

table 4 : explain SELECT c FROM sbtest4 WHERE id BETWEEN 4827984 AND 4828983
	Bitmap Heap Scan on sbtest4  (cost=21.31..3356.25 rows=866 width=121)
	  Recheck Cond: ((id >= 4827984) AND (id <= 4828983))
	  ->  Bitmap Index Scan on sbtest4_pkey  (cost=0.00..21.09 rows=866 width=0)
	        Index Cond: ((id >= 4827984) AND (id <= 4828983))

table 5 : explain SELECT c FROM sbtest5 WHERE id BETWEEN 9057615 AND 9058614
	Bitmap Heap Scan on sbtest5  (cost=23.11..4016.83 rows=1041 width=121)
	  Recheck Cond: ((id >= 9057615) AND (id <= 9058614))
	  ->  Bitmap Index Scan on sbtest5_pkey  (cost=0.00..22.84 rows=1041 width=0)
	        Index Cond: ((id >= 9057615) AND (id <= 9058614))

table 6 : explain SELECT c FROM sbtest6 WHERE id BETWEEN 7669208 AND 7670207
	Bitmap Heap Scan on sbtest6  (cost=22.65..3851.16 rows=997 width=121)
	  Recheck Cond: ((id >= 7669208) AND (id <= 7670207))
	  ->  Bitmap Index Scan on sbtest6_pkey  (cost=0.00..22.40 rows=997 width=0)
	        Index Cond: ((id >= 7669208) AND (id <= 7670207))

table 7 : explain SELECT c FROM sbtest7 WHERE id BETWEEN 2547183 AND 2548182
	Bitmap Heap Scan on sbtest7  (cost=23.04..3995.49 rows=1035 width=121)
	  Recheck Cond: ((id >= 2547183) AND (id <= 2548182))
	  ->  Bitmap Index Scan on sbtest7_pkey  (cost=0.00..22.79 rows=1035 width=0)
	        Index Cond: ((id >= 2547183) AND (id <= 2548182))

table 8 : explain SELECT c FROM sbtest8 WHERE id BETWEEN 5009762 AND 5010761
	Bitmap Heap Scan on sbtest8  (cost=26.80..3908.99 rows=1011 width=121)
	  Recheck Cond: ((id >= 5009762) AND (id <= 5010761))
	  ->  Bitmap Index Scan on sbtest8_pkey  (cost=0.00..26.54 rows=1011 width=0)
	        Index Cond: ((id >= 5009762) AND (id <= 5010761))

for: simple_ranges
table 1 : explain SELECT c FROM sbtest1 WHERE id BETWEEN 1643360 AND 1644359
	Bitmap Heap Scan on sbtest1  (cost=21.90..3569.73 rows=923 width=121)
	  Recheck Cond: ((id >= 1643360) AND (id <= 1644359))
	  ->  Bitmap Index Scan on sbtest1_pkey  (cost=0.00..21.66 rows=923 width=0)
	        Index Cond: ((id >= 1643360) AND (id <= 1644359))

table 2 : explain SELECT c FROM sbtest2 WHERE id BETWEEN 4268487 AND 4269486
	Bitmap Heap Scan on sbtest2  (cost=21.68..3491.43 rows=902 width=121)
	  Recheck Cond: ((id >= 4268487) AND (id <= 4269486))
	  ->  Bitmap Index Scan on sbtest2_pkey  (cost=0.00..21.45 rows=902 width=0)
	        Index Cond: ((id >= 4268487) AND (id <= 4269486))

table 3 : explain SELECT c FROM sbtest3 WHERE id BETWEEN 6043939 AND 6044938
	Bitmap Heap Scan on sbtest3  (cost=21.82..3544.43 rows=916 width=121)
	  Recheck Cond: ((id >= 6043939) AND (id <= 6044938))
	  ->  Bitmap Index Scan on sbtest3_pkey  (cost=0.00..21.59 rows=916 width=0)
	        Index Cond: ((id >= 6043939) AND (id <= 6044938))

table 4 : explain SELECT c FROM sbtest4 WHERE id BETWEEN 9873636 AND 9874635
	Bitmap Heap Scan on sbtest4  (cost=27.31..4095.95 rows=1061 width=121)
	  Recheck Cond: ((id >= 9873636) AND (id <= 9874635))
	  ->  Bitmap Index Scan on sbtest4_pkey  (cost=0.00..27.04 rows=1061 width=0)
	        Index Cond: ((id >= 9873636) AND (id <= 9874635))

table 5 : explain SELECT c FROM sbtest5 WHERE id BETWEEN 3914904 AND 3915903
	Bitmap Heap Scan on sbtest5  (cost=23.08..4009.30 rows=1039 width=121)
	  Recheck Cond: ((id >= 3914904) AND (id <= 3915903))
	  ->  Bitmap Index Scan on sbtest5_pkey  (cost=0.00..22.82 rows=1039 width=0)
	        Index Cond: ((id >= 3914904) AND (id <= 3915903))

table 6 : explain SELECT c FROM sbtest6 WHERE id BETWEEN 9767247 AND 9768246
	Bitmap Heap Scan on sbtest6  (cost=27.22..4062.23 rows=1052 width=121)
	  Recheck Cond: ((id >= 9767247) AND (id <= 9768246))
	  ->  Bitmap Index Scan on sbtest6_pkey  (cost=0.00..26.95 rows=1052 width=0)
	        Index Cond: ((id >= 9767247) AND (id <= 9768246))

table 7 : explain SELECT c FROM sbtest7 WHERE id BETWEEN 6559906 AND 6560905
	Bitmap Heap Scan on sbtest7  (cost=21.73..3512.46 rows=907 width=121)
	  Recheck Cond: ((id >= 6559906) AND (id <= 6560905))
	  ->  Bitmap Index Scan on sbtest7_pkey  (cost=0.00..21.50 rows=907 width=0)
	        Index Cond: ((id >= 6559906) AND (id <= 6560905))

table 8 : explain SELECT c FROM sbtest8 WHERE id BETWEEN 5800763 AND 5801762
	Bitmap Heap Scan on sbtest8  (cost=26.73..3882.61 rows=1004 width=121)
	  Recheck Cond: ((id >= 5800763) AND (id <= 5801762))
	  ->  Bitmap Index Scan on sbtest8_pkey  (cost=0.00..26.47 rows=1004 width=0)
	        Index Cond: ((id >= 5800763) AND (id <= 5801762))

for point_selects
table 1 : explain SELECT c FROM sbtest1 WHERE id=8756584
	Index Scan using sbtest1_pkey on sbtest1  (cost=0.43..8.45 rows=1 width=121)
	  Index Cond: (id = 8756584)

table 2 : explain SELECT c FROM sbtest2 WHERE id=3024558
	Index Scan using sbtest2_pkey on sbtest2  (cost=0.43..8.45 rows=1 width=121)
	  Index Cond: (id = 3024558)

table 3 : explain SELECT c FROM sbtest3 WHERE id=9614735
	Index Scan using sbtest3_pkey on sbtest3  (cost=0.43..8.45 rows=1 width=121)
	  Index Cond: (id = 9614735)

table 4 : explain SELECT c FROM sbtest4 WHERE id=5418166
	Index Scan using sbtest4_pkey on sbtest4  (cost=0.43..8.45 rows=1 width=121)
	  Index Cond: (id = 5418166)

table 5 : explain SELECT c FROM sbtest5 WHERE id=3119011
	Index Scan using sbtest5_pkey on sbtest5  (cost=0.43..8.45 rows=1 width=121)
	  Index Cond: (id = 3119011)

table 6 : explain SELECT c FROM sbtest6 WHERE id=9623487
	Index Scan using sbtest6_pkey on sbtest6  (cost=0.43..8.45 rows=1 width=121)
	  Index Cond: (id = 9623487)

table 7 : explain SELECT c FROM sbtest7 WHERE id=1139695
	Index Scan using sbtest7_pkey on sbtest7  (cost=0.43..8.45 rows=1 width=121)
	  Index Cond: (id = 1139695)

table 8 : explain SELECT c FROM sbtest8 WHERE id=9555386
	Index Scan using sbtest8_pkey on sbtest8  (cost=0.43..8.45 rows=1 width=121)
	  Index Cond: (id = 9555386)

explain: for point_selects :: explain SELECT c FROM sbtest%u WHERE id=%u
for point_selects
table 1 : explain SELECT c FROM sbtest1 WHERE id=1548091
	Index Scan using sbtest1_pkey on sbtest1  (cost=0.43..8.45 rows=1 width=121)
	  Index Cond: (id = 1548091)

table 2 : explain SELECT c FROM sbtest2 WHERE id=7442414
	Index Scan using sbtest2_pkey on sbtest2  (cost=0.43..8.45 rows=1 width=121)
	  Index Cond: (id = 7442414)

table 3 : explain SELECT c FROM sbtest3 WHERE id=7208008
	Index Scan using sbtest3_pkey on sbtest3  (cost=0.43..8.45 rows=1 width=121)
	  Index Cond: (id = 7208008)

table 4 : explain SELECT c FROM sbtest4 WHERE id=9324848
	Index Scan using sbtest4_pkey on sbtest4  (cost=0.43..8.45 rows=1 width=121)
	  Index Cond: (id = 9324848)

table 5 : explain SELECT c FROM sbtest5 WHERE id=2820887
	Index Scan using sbtest5_pkey on sbtest5  (cost=0.43..8.45 rows=1 width=121)
	  Index Cond: (id = 2820887)

table 6 : explain SELECT c FROM sbtest6 WHERE id=8177350
	Index Scan using sbtest6_pkey on sbtest6  (cost=0.43..8.45 rows=1 width=121)
	  Index Cond: (id = 8177350)

table 7 : explain SELECT c FROM sbtest7 WHERE id=860393
	Index Scan using sbtest7_pkey on sbtest7  (cost=0.43..8.45 rows=1 width=121)
	  Index Cond: (id = 860393)

table 8 : explain SELECT c FROM sbtest8 WHERE id=1346247
	Index Scan using sbtest8_pkey on sbtest8  (cost=0.43..8.45 rows=1 width=121)
	  Index Cond: (id = 1346247)

explain: for point_selects :: explain SELECT c FROM sbtest%u WHERE id=%u
for point_selects
table 1 : explain SELECT c FROM sbtest1 WHERE id=2102059
	Index Scan using sbtest1_pkey on sbtest1  (cost=0.43..8.45 rows=1 width=121)
	  Index Cond: (id = 2102059)

table 2 : explain SELECT c FROM sbtest2 WHERE id=1948759
	Index Scan using sbtest2_pkey on sbtest2  (cost=0.43..8.45 rows=1 width=121)
	  Index Cond: (id = 1948759)

table 3 : explain SELECT c FROM sbtest3 WHERE id=8813941
	Index Scan using sbtest3_pkey on sbtest3  (cost=0.43..8.45 rows=1 width=121)
	  Index Cond: (id = 8813941)

table 4 : explain SELECT c FROM sbtest4 WHERE id=7660020
	Index Scan using sbtest4_pkey on sbtest4  (cost=0.43..8.45 rows=1 width=121)
	  Index Cond: (id = 7660020)

table 5 : explain SELECT c FROM sbtest5 WHERE id=3936287
	Index Scan using sbtest5_pkey on sbtest5  (cost=0.43..8.45 rows=1 width=121)
	  Index Cond: (id = 3936287)

table 6 : explain SELECT c FROM sbtest6 WHERE id=5158523
	Index Scan using sbtest6_pkey on sbtest6  (cost=0.43..8.45 rows=1 width=121)
	  Index Cond: (id = 5158523)

table 7 : explain SELECT c FROM sbtest7 WHERE id=199235
	Index Scan using sbtest7_pkey on sbtest7  (cost=0.43..8.45 rows=1 width=121)
	  Index Cond: (id = 199235)

table 8 : explain SELECT c FROM sbtest8 WHERE id=9343182
	Index Scan using sbtest8_pkey on sbtest8  (cost=0.43..8.45 rows=1 width=121)
	  Index Cond: (id = 9343182)

for: sum_ranges
table 1 : explain SELECT SUM(k) FROM sbtest1 WHERE id BETWEEN 2677327 AND 2678326
	Aggregate  (cost=4140.88..4140.89 rows=1 width=8)
	  ->  Bitmap Heap Scan on sbtest1  (cost=23.44..4138.20 rows=1074 width=4)
	        Recheck Cond: ((id >= 2677327) AND (id <= 2678326))
	        ->  Bitmap Index Scan on sbtest1_pkey  (cost=0.00..23.18 rows=1074 width=0)
	              Index Cond: ((id >= 2677327) AND (id <= 2678326))

table 2 : explain SELECT SUM(k) FROM sbtest2 WHERE id BETWEEN 226270 AND 227269
	Aggregate  (cost=4085.78..4085.79 rows=1 width=8)
	  ->  Bitmap Heap Scan on sbtest2  (cost=23.29..4083.13 rows=1059 width=4)
	        Recheck Cond: ((id >= 226270) AND (id <= 227269))
	        ->  Bitmap Index Scan on sbtest2_pkey  (cost=0.00..23.02 rows=1059 width=0)
	              Index Cond: ((id >= 226270) AND (id <= 227269))

table 3 : explain SELECT SUM(k) FROM sbtest3 WHERE id BETWEEN 531824 AND 532823
	Aggregate  (cost=4138.55..4138.56 rows=1 width=8)
	  ->  Bitmap Heap Scan on sbtest3  (cost=23.43..4135.87 rows=1073 width=4)
	        Recheck Cond: ((id >= 531824) AND (id <= 532823))
	        ->  Bitmap Index Scan on sbtest3_pkey  (cost=0.00..23.16 rows=1073 width=0)
	              Index Cond: ((id >= 531824) AND (id <= 532823))

table 4 : explain SELECT SUM(k) FROM sbtest4 WHERE id BETWEEN 3548443 AND 3549442
	Aggregate  (cost=3985.43..3985.44 rows=1 width=8)
	  ->  Bitmap Heap Scan on sbtest4  (cost=23.01..3982.85 rows=1032 width=4)
	        Recheck Cond: ((id >= 3548443) AND (id <= 3549442))
	        ->  Bitmap Index Scan on sbtest4_pkey  (cost=0.00..22.75 rows=1032 width=0)
	              Index Cond: ((id >= 3548443) AND (id <= 3549442))

table 5 : explain SELECT SUM(k) FROM sbtest5 WHERE id BETWEEN 2506178 AND 2507177
	Aggregate  (cost=3785.73..3785.74 rows=1 width=8)
	  ->  Bitmap Heap Scan on sbtest5  (cost=22.47..3783.28 rows=979 width=4)
	        Recheck Cond: ((id >= 2506178) AND (id <= 2507177))
	        ->  Bitmap Index Scan on sbtest5_pkey  (cost=0.00..22.22 rows=979 width=0)
	              Index Cond: ((id >= 2506178) AND (id <= 2507177))

table 6 : explain SELECT SUM(k) FROM sbtest6 WHERE id BETWEEN 135055 AND 136054
	Aggregate  (cost=3932.81..3932.82 rows=1 width=8)
	  ->  Bitmap Heap Scan on sbtest6  (cost=22.87..3930.27 rows=1018 width=4)
	        Recheck Cond: ((id >= 135055) AND (id <= 136054))
	        ->  Bitmap Index Scan on sbtest6_pkey  (cost=0.00..22.61 rows=1018 width=0)
	              Index Cond: ((id >= 135055) AND (id <= 136054))

table 7 : explain SELECT SUM(k) FROM sbtest7 WHERE id BETWEEN 402637 AND 403636
	Aggregate  (cost=3752.89..3752.90 rows=1 width=8)
	  ->  Bitmap Heap Scan on sbtest7  (cost=22.38..3750.46 rows=970 width=4)
	        Recheck Cond: ((id >= 402637) AND (id <= 403636))
	        ->  Bitmap Index Scan on sbtest7_pkey  (cost=0.00..22.14 rows=970 width=0)
	              Index Cond: ((id >= 402637) AND (id <= 403636))

table 8 : explain SELECT SUM(k) FROM sbtest8 WHERE id BETWEEN 5486812 AND 5487811
	Aggregate  (cost=4231.59..4231.60 rows=1 width=8)
	  ->  Bitmap Heap Scan on sbtest8  (cost=27.67..4228.85 rows=1096 width=4)
	        Recheck Cond: ((id >= 5486812) AND (id <= 5487811))
	        ->  Bitmap Index Scan on sbtest8_pkey  (cost=0.00..27.39 rows=1096 width=0)
	              Index Cond: ((id >= 5486812) AND (id <= 5487811))

explain: for point_selects :: explain SELECT c FROM sbtest%u WHERE id=%u
for: simple_ranges
table 1 : explain SELECT c FROM sbtest1 WHERE id BETWEEN 6790061 AND 6791060
	Bitmap Heap Scan on sbtest1  (cost=22.73..3875.04 rows=1004 width=121)
	  Recheck Cond: ((id >= 6790061) AND (id <= 6791060))
	  ->  Bitmap Index Scan on sbtest1_pkey  (cost=0.00..22.47 rows=1004 width=0)
	        Index Cond: ((id >= 6790061) AND (id <= 6791060))

table 2 : explain SELECT c FROM sbtest2 WHERE id BETWEEN 7613563 AND 7614562
	Bitmap Heap Scan on sbtest2  (cost=27.68..4229.87 rows=1097 width=121)
	  Recheck Cond: ((id >= 7613563) AND (id <= 7614562))
	  ->  Bitmap Index Scan on sbtest2_pkey  (cost=0.00..27.40 rows=1097 width=0)
	        Index Cond: ((id >= 7613563) AND (id <= 7614562))

table 3 : explain SELECT c FROM sbtest3 WHERE id BETWEEN 1320442 AND 1321441
	Bitmap Heap Scan on sbtest3  (cost=22.58..3823.60 rows=990 width=121)
	  Recheck Cond: ((id >= 1320442) AND (id <= 1321441))
	  ->  Bitmap Index Scan on sbtest3_pkey  (cost=0.00..22.33 rows=990 width=0)
	        Index Cond: ((id >= 1320442) AND (id <= 1321441))

table 4 : explain SELECT c FROM sbtest4 WHERE id BETWEEN 6855405 AND 6856404
	Bitmap Heap Scan on sbtest4  (cost=27.73..4250.02 rows=1102 width=121)
	  Recheck Cond: ((id >= 6855405) AND (id <= 6856404))
	  ->  Bitmap Index Scan on sbtest4_pkey  (cost=0.00..27.45 rows=1102 width=0)
	        Index Cond: ((id >= 6855405) AND (id <= 6856404))

table 5 : explain SELECT c FROM sbtest5 WHERE id BETWEEN 736761 AND 737760
	Bitmap Heap Scan on sbtest5  (cost=28.37..4479.01 rows=1164 width=121)
	  Recheck Cond: ((id >= 736761) AND (id <= 737760))
	  ->  Bitmap Index Scan on sbtest5_pkey  (cost=0.00..28.07 rows=1164 width=0)
	        Index Cond: ((id >= 736761) AND (id <= 737760))

table 6 : explain SELECT c FROM sbtest6 WHERE id BETWEEN 9678305 AND 9679304
	Bitmap Heap Scan on sbtest6  (cost=22.10..3647.46 rows=943 width=121)
	  Recheck Cond: ((id >= 9678305) AND (id <= 9679304))
	  ->  Bitmap Index Scan on sbtest6_pkey  (cost=0.00..21.86 rows=943 width=0)
	        Index Cond: ((id >= 9678305) AND (id <= 9679304))

table 7 : explain SELECT c FROM sbtest7 WHERE id BETWEEN 2821854 AND 2822853
	Bitmap Heap Scan on sbtest7  (cost=22.85..3923.92 rows=1016 width=121)
	  Recheck Cond: ((id >= 2821854) AND (id <= 2822853))
	  ->  Bitmap Index Scan on sbtest7_pkey  (cost=0.00..22.59 rows=1016 width=0)
	        Index Cond: ((id >= 2821854) AND (id <= 2822853))

table 8 : explain SELECT c FROM sbtest8 WHERE id BETWEEN 3812257 AND 3813256
	Bitmap Heap Scan on sbtest8  (cost=21.71..3504.82 rows=905 width=121)
	  Recheck Cond: ((id >= 3812257) AND (id <= 3813256))
	  ->  Bitmap Index Scan on sbtest8_pkey  (cost=0.00..21.48 rows=905 width=0)
	        Index Cond: ((id >= 3812257) AND (id <= 3813256))

for: order_ranges
table 1 : explain SELECT c FROM sbtest1 WHERE id BETWEEN 8042272 AND 8043271 ORDER BY c
	Sort  (cost=3737.72..3740.11 rows=955 width=121)
	  Sort Key: c
	  ->  Bitmap Heap Scan on sbtest1  (cost=22.22..3690.45 rows=955 width=121)
	        Recheck Cond: ((id >= 8042272) AND (id <= 8043271))
	        ->  Bitmap Index Scan on sbtest1_pkey  (cost=0.00..21.98 rows=955 width=0)
	              Index Cond: ((id >= 8042272) AND (id <= 8043271))

table 2 : explain SELECT c FROM sbtest2 WHERE id BETWEEN 8612051 AND 8613050 ORDER BY c
	Sort  (cost=3654.54..3656.87 rows=933 width=121)
	  Sort Key: c
	  ->  Bitmap Heap Scan on sbtest2  (cost=22.00..3608.52 rows=933 width=121)
	        Recheck Cond: ((id >= 8612051) AND (id <= 8613050))
	        ->  Bitmap Index Scan on sbtest2_pkey  (cost=0.00..21.76 rows=933 width=0)
	              Index Cond: ((id >= 8612051) AND (id <= 8613050))

table 3 : explain SELECT c FROM sbtest3 WHERE id BETWEEN 4834353 AND 4835352 ORDER BY c
	Sort  (cost=3566.49..3568.76 rows=910 width=121)
	  Sort Key: c
	  ->  Bitmap Heap Scan on sbtest3  (cost=21.76..3521.76 rows=910 width=121)
	        Recheck Cond: ((id >= 4834353) AND (id <= 4835352))
	        ->  Bitmap Index Scan on sbtest3_pkey  (cost=0.00..21.54 rows=910 width=0)
	              Index Cond: ((id >= 4834353) AND (id <= 4835352))

table 4 : explain SELECT c FROM sbtest4 WHERE id BETWEEN 6354901 AND 6355900 ORDER BY c
	Sort  (cost=3835.65..3838.10 rows=980 width=121)
	  Sort Key: c
	  ->  Bitmap Heap Scan on sbtest4  (cost=22.48..3786.96 rows=980 width=121)
	        Recheck Cond: ((id >= 6354901) AND (id <= 6355900))
	        ->  Bitmap Index Scan on sbtest4_pkey  (cost=0.00..22.23 rows=980 width=0)
	              Index Cond: ((id >= 6354901) AND (id <= 6355900))

table 5 : explain SELECT c FROM sbtest5 WHERE id BETWEEN 1103660 AND 1104659 ORDER BY c
	Sort  (cost=3954.34..3956.87 rows=1011 width=121)
	  Sort Key: c
	  ->  Bitmap Heap Scan on sbtest5  (cost=22.80..3903.88 rows=1011 width=121)
	        Recheck Cond: ((id >= 1103660) AND (id <= 1104659))
	        ->  Bitmap Index Scan on sbtest5_pkey  (cost=0.00..22.54 rows=1011 width=0)
	              Index Cond: ((id >= 1103660) AND (id <= 1104659))

table 6 : explain SELECT c FROM sbtest6 WHERE id BETWEEN 750401 AND 751400 ORDER BY c
	Sort  (cost=4076.66..4079.27 rows=1043 width=121)
	  Sort Key: c
	  ->  Bitmap Heap Scan on sbtest6  (cost=23.13..4024.37 rows=1043 width=121)
	        Recheck Cond: ((id >= 750401) AND (id <= 751400))
	        ->  Bitmap Index Scan on sbtest6_pkey  (cost=0.00..22.86 rows=1043 width=0)
	              Index Cond: ((id >= 750401) AND (id <= 751400))

table 7 : explain SELECT c FROM sbtest7 WHERE id BETWEEN 9411684 AND 9412683 ORDER BY c
	Sort  (cost=4455.95..4458.81 rows=1142 width=121)
	  Sort Key: c
	  ->  Bitmap Heap Scan on sbtest7  (cost=28.14..4397.96 rows=1142 width=121)
	        Recheck Cond: ((id >= 9411684) AND (id <= 9412683))
	        ->  Bitmap Index Scan on sbtest7_pkey  (cost=0.00..27.86 rows=1142 width=0)
	              Index Cond: ((id >= 9411684) AND (id <= 9412683))

table 8 : explain SELECT c FROM sbtest8 WHERE id BETWEEN 4588065 AND 4589064 ORDER BY c
	Sort  (cost=4032.11..4034.69 rows=1030 width=121)
	  Sort Key: c
	  ->  Bitmap Heap Scan on sbtest8  (cost=26.99..3980.57 rows=1030 width=121)
	        Recheck Cond: ((id >= 4588065) AND (id <= 4589064))
	        ->  Bitmap Index Scan on sbtest8_pkey  (cost=0.00..26.73 rows=1030 width=0)
	              Index Cond: ((id >= 4588065) AND (id <= 4589064))

for: simple_ranges
table 1 : explain SELECT c FROM sbtest1 WHERE id BETWEEN 7415045 AND 7416044
	Bitmap Heap Scan on sbtest1  (cost=22.75..3882.57 rows=1006 width=121)
	  Recheck Cond: ((id >= 7415045) AND (id <= 7416044))
	  ->  Bitmap Index Scan on sbtest1_pkey  (cost=0.00..22.50 rows=1006 width=0)
	        Index Cond: ((id >= 7415045) AND (id <= 7416044))

table 2 : explain SELECT c FROM sbtest2 WHERE id BETWEEN 9717358 AND 9718357
	Bitmap Heap Scan on sbtest2  (cost=22.63..3842.31 rows=995 width=121)
	  Recheck Cond: ((id >= 9717358) AND (id <= 9718357))
	  ->  Bitmap Index Scan on sbtest2_pkey  (cost=0.00..22.39 rows=995 width=0)
	        Index Cond: ((id >= 9717358) AND (id <= 9718357))

table 3 : explain SELECT c FROM sbtest3 WHERE id BETWEEN 6808110 AND 6809109
	Bitmap Heap Scan on sbtest3  (cost=21.82..3544.43 rows=916 width=121)
	  Recheck Cond: ((id >= 6808110) AND (id <= 6809109))
	  ->  Bitmap Index Scan on sbtest3_pkey  (cost=0.00..21.59 rows=916 width=0)
	        Index Cond: ((id >= 6808110) AND (id <= 6809109))

table 4 : explain SELECT c FROM sbtest4 WHERE id BETWEEN 6367425 AND 6368424
	Bitmap Heap Scan on sbtest4  (cost=22.48..3786.96 rows=980 width=121)
	  Recheck Cond: ((id >= 6367425) AND (id <= 6368424))
	  ->  Bitmap Index Scan on sbtest4_pkey  (cost=0.00..22.23 rows=980 width=0)
	        Index Cond: ((id >= 6367425) AND (id <= 6368424))

table 5 : explain SELECT c FROM sbtest5 WHERE id BETWEEN 7150751 AND 7151750
	Bitmap Heap Scan on sbtest5  (cost=22.64..3847.37 rows=996 width=121)
	  Recheck Cond: ((id >= 7150751) AND (id <= 7151750))
	  ->  Bitmap Index Scan on sbtest5_pkey  (cost=0.00..22.39 rows=996 width=0)
	        Index Cond: ((id >= 7150751) AND (id <= 7151750))

table 6 : explain SELECT c FROM sbtest6 WHERE id BETWEEN 4709938 AND 4710937
	Bitmap Heap Scan on sbtest6  (cost=22.81..3907.67 rows=1012 width=121)
	  Recheck Cond: ((id >= 4709938) AND (id <= 4710937))
	  ->  Bitmap Index Scan on sbtest6_pkey  (cost=0.00..22.55 rows=1012 width=0)
	        Index Cond: ((id >= 4709938) AND (id <= 4710937))

table 7 : explain SELECT c FROM sbtest7 WHERE id BETWEEN 9123367 AND 9124366
	Bitmap Heap Scan on sbtest7  (cost=22.16..3671.19 rows=949 width=121)
	  Recheck Cond: ((id >= 9123367) AND (id <= 9124366))
	  ->  Bitmap Index Scan on sbtest7_pkey  (cost=0.00..21.93 rows=949 width=0)
	        Index Cond: ((id >= 9123367) AND (id <= 9124366))

table 8 : explain SELECT c FROM sbtest8 WHERE id BETWEEN 412786 AND 413785
	Bitmap Heap Scan on sbtest8  (cost=21.82..3546.42 rows=916 width=121)
	  Recheck Cond: ((id >= 412786) AND (id <= 413785))
	  ->  Bitmap Index Scan on sbtest8_pkey  (cost=0.00..21.59 rows=916 width=0)
	        Index Cond: ((id >= 412786) AND (id <= 413785))

for: sum_ranges
table 1 : explain SELECT SUM(k) FROM sbtest1 WHERE id BETWEEN 1773627 AND 1774626
	Aggregate  (cost=3560.70..3560.71 rows=1 width=8)
	  ->  Bitmap Heap Scan on sbtest1  (cost=21.87..3558.40 rows=920 width=4)
	        Recheck Cond: ((id >= 1773627) AND (id <= 1774626))
	        ->  Bitmap Index Scan on sbtest1_pkey  (cost=0.00..21.64 rows=920 width=0)
	              Index Cond: ((id >= 1773627) AND (id <= 1774626))

table 2 : explain SELECT SUM(k) FROM sbtest2 WHERE id BETWEEN 7104352 AND 7105351
	Aggregate  (cost=4198.55..4198.56 rows=1 width=8)
	  ->  Bitmap Heap Scan on sbtest2  (cost=23.60..4195.83 rows=1089 width=4)
	        Recheck Cond: ((id >= 7104352) AND (id <= 7105351))
	        ->  Bitmap Index Scan on sbtest2_pkey  (cost=0.00..23.32 rows=1089 width=0)
	              Index Cond: ((id >= 7104352) AND (id <= 7105351))

table 3 : explain SELECT SUM(k) FROM sbtest3 WHERE id BETWEEN 321776 AND 322775
	Aggregate  (cost=3516.47..3516.48 rows=1 width=8)
	  ->  Bitmap Heap Scan on sbtest3  (cost=21.74..3514.20 rows=908 width=4)
	        Recheck Cond: ((id >= 321776) AND (id <= 322775))
	        ->  Bitmap Index Scan on sbtest3_pkey  (cost=0.00..21.51 rows=908 width=0)
	              Index Cond: ((id >= 321776) AND (id <= 322775))

table 4 : explain SELECT SUM(k) FROM sbtest4 WHERE id BETWEEN 1595502 AND 1596501
	Aggregate  (cost=3823.36..3823.37 rows=1 width=8)
	  ->  Bitmap Heap Scan on sbtest4  (cost=22.57..3820.89 rows=989 width=4)
	        Recheck Cond: ((id >= 1595502) AND (id <= 1596501))
	        ->  Bitmap Index Scan on sbtest4_pkey  (cost=0.00..22.32 rows=989 width=0)
	              Index Cond: ((id >= 1595502) AND (id <= 1596501))

table 5 : explain SELECT SUM(k) FROM sbtest5 WHERE id BETWEEN 4448992 AND 4449991
	Aggregate  (cost=3562.87..3562.88 rows=1 width=8)
	  ->  Bitmap Heap Scan on sbtest5  (cost=21.87..3560.57 rows=920 width=4)
	        Recheck Cond: ((id >= 4448992) AND (id <= 4449991))
	        ->  Bitmap Index Scan on sbtest5_pkey  (cost=0.00..21.64 rows=920 width=0)
	              Index Cond: ((id >= 4448992) AND (id <= 4449991))

table 6 : explain SELECT SUM(k) FROM sbtest6 WHERE id BETWEEN 5624586 AND 5625585
	Aggregate  (cost=4087.44..4087.45 rows=1 width=8)
	  ->  Bitmap Heap Scan on sbtest6  (cost=27.28..4084.80 rows=1058 width=4)
	        Recheck Cond: ((id >= 5624586) AND (id <= 5625585))
	        ->  Bitmap Index Scan on sbtest6_pkey  (cost=0.00..27.01 rows=1058 width=0)
	              Index Cond: ((id >= 5624586) AND (id <= 5625585))

table 7 : explain SELECT SUM(k) FROM sbtest7 WHERE id BETWEEN 2389206 AND 2390205
	Aggregate  (cost=3873.66..3873.67 rows=1 width=8)
	  ->  Bitmap Heap Scan on sbtest7  (cost=22.71..3871.16 rows=1002 width=4)
	        Recheck Cond: ((id >= 2389206) AND (id <= 2390205))
	        ->  Bitmap Index Scan on sbtest7_pkey  (cost=0.00..22.45 rows=1002 width=0)
	              Index Cond: ((id >= 2389206) AND (id <= 2390205))

table 8 : explain SELECT SUM(k) FROM sbtest8 WHERE id BETWEEN 2567207 AND 2568206
	Aggregate  (cost=3613.00..3613.01 rows=1 width=8)
	  ->  Bitmap Heap Scan on sbtest8  (cost=22.00..3610.67 rows=933 width=4)
	        Recheck Cond: ((id >= 2567207) AND (id <= 2568206))
	        ->  Bitmap Index Scan on sbtest8_pkey  (cost=0.00..21.76 rows=933 width=0)
	              Index Cond: ((id >= 2567207) AND (id <= 2568206))

for: distinct_ranges
table 1 : explain SELECT DISTINCT c FROM sbtest1 WHERE id BETWEEN 1588752 AND 1589751 ORDER BY c
	Unique  (cost=4039.67..4044.84 rows=1034 width=121)
	  ->  Sort  (cost=4039.67..4042.25 rows=1034 width=121)
	        Sort Key: c
	        ->  Bitmap Heap Scan on sbtest1  (cost=23.03..3987.90 rows=1034 width=121)
	              Recheck Cond: ((id >= 1588752) AND (id <= 1589751))
	              ->  Bitmap Index Scan on sbtest1_pkey  (cost=0.00..22.77 rows=1034 width=0)
	                    Index Cond: ((id >= 1588752) AND (id <= 1589751))

table 2 : explain SELECT DISTINCT c FROM sbtest2 WHERE id BETWEEN 5100786 AND 5101785 ORDER BY c
	Unique  (cost=4193.56..4198.93 rows=1074 width=121)
	  ->  Sort  (cost=4193.56..4196.25 rows=1074 width=121)
	        Sort Key: c
	        ->  Bitmap Heap Scan on sbtest2  (cost=23.44..4139.49 rows=1074 width=121)
	              Recheck Cond: ((id >= 5100786) AND (id <= 5101785))
	              ->  Bitmap Index Scan on sbtest2_pkey  (cost=0.00..23.18 rows=1074 width=0)
	                    Index Cond: ((id >= 5100786) AND (id <= 5101785))

table 3 : explain SELECT DISTINCT c FROM sbtest3 WHERE id BETWEEN 197894 AND 198893 ORDER BY c
	Unique  (cost=3742.75..3747.53 rows=956 width=121)
	  ->  Sort  (cost=3742.75..3745.14 rows=956 width=121)
	        Sort Key: c
	        ->  Bitmap Heap Scan on sbtest3  (cost=22.23..3695.42 rows=956 width=121)
	              Recheck Cond: ((id >= 197894) AND (id <= 198893))
	              ->  Bitmap Index Scan on sbtest3_pkey  (cost=0.00..22.00 rows=956 width=0)
	                    Index Cond: ((id >= 197894) AND (id <= 198893))

table 4 : explain SELECT DISTINCT c FROM sbtest4 WHERE id BETWEEN 9459341 AND 9460340 ORDER BY c
	Unique  (cost=4057.44..4062.63 rows=1038 width=121)
	  ->  Sort  (cost=4057.44..4060.03 rows=1038 width=121)
	        Sort Key: c
	        ->  Bitmap Heap Scan on sbtest4  (cost=23.07..4005.43 rows=1038 width=121)
	              Recheck Cond: ((id >= 9459341) AND (id <= 9460340))
	              ->  Bitmap Index Scan on sbtest4_pkey  (cost=0.00..22.82 rows=1038 width=0)
	                    Index Cond: ((id >= 9459341) AND (id <= 9460340))

table 5 : explain SELECT DISTINCT c FROM sbtest5 WHERE id BETWEEN 5925259 AND 5926258 ORDER BY c
	Unique  (cost=3740.02..3744.79 rows=955 width=121)
	  ->  Sort  (cost=3740.02..3742.40 rows=955 width=121)
	        Sort Key: c
	        ->  Bitmap Heap Scan on sbtest5  (cost=22.22..3692.75 rows=955 width=121)
	              Recheck Cond: ((id >= 5925259) AND (id <= 5926258))
	              ->  Bitmap Index Scan on sbtest5_pkey  (cost=0.00..21.98 rows=955 width=0)
	                    Index Cond: ((id >= 5925259) AND (id <= 5926258))

table 6 : explain SELECT DISTINCT c FROM sbtest6 WHERE id BETWEEN 5968804 AND 5969803 ORDER BY c
	Unique  (cost=4210.47..4215.86 rows=1077 width=121)
	  ->  Sort  (cost=4210.47..4213.17 rows=1077 width=121)
	        Sort Key: c
	        ->  Bitmap Heap Scan on sbtest6  (cost=27.47..4156.23 rows=1077 width=121)
	              Recheck Cond: ((id >= 5968804) AND (id <= 5969803))
	              ->  Bitmap Index Scan on sbtest6_pkey  (cost=0.00..27.20 rows=1077 width=0)
	                    Index Cond: ((id >= 5968804) AND (id <= 5969803))

table 7 : explain SELECT DISTINCT c FROM sbtest7 WHERE id BETWEEN 9929077 AND 9930076 ORDER BY c
	Unique  (cost=3852.20..3857.12 rows=984 width=121)
	  ->  Sort  (cost=3852.20..3854.66 rows=984 width=121)
	        Sort Key: c
	        ->  Bitmap Heap Scan on sbtest7  (cost=22.52..3803.28 rows=984 width=121)
	              Recheck Cond: ((id >= 9929077) AND (id <= 9930076))
	              ->  Bitmap Index Scan on sbtest7_pkey  (cost=0.00..22.27 rows=984 width=0)
	                    Index Cond: ((id >= 9929077) AND (id <= 9930076))

table 8 : explain SELECT DISTINCT c FROM sbtest8 WHERE id BETWEEN 8483231 AND 8484230 ORDER BY c
	Unique  (cost=3737.20..3741.97 rows=954 width=121)
	  ->  Sort  (cost=3737.20..3739.59 rows=954 width=121)
	        Sort Key: c
	        ->  Bitmap Heap Scan on sbtest8  (cost=22.21..3689.99 rows=954 width=121)
	              Recheck Cond: ((id >= 8483231) AND (id <= 8484230))
	              ->  Bitmap Index Scan on sbtest8_pkey  (cost=0.00..21.97 rows=954 width=0)
	                    Index Cond: ((id >= 8483231) AND (id <= 8484230))

for point_selects
table 1 : explain SELECT c FROM sbtest1 WHERE id=9965444
	Index Scan using sbtest1_pkey on sbtest1  (cost=0.43..8.45 rows=1 width=121)
	  Index Cond: (id = 9965444)

table 2 : explain SELECT c FROM sbtest2 WHERE id=7342739
	Index Scan using sbtest2_pkey on sbtest2  (cost=0.43..8.45 rows=1 width=121)
	  Index Cond: (id = 7342739)

table 3 : explain SELECT c FROM sbtest3 WHERE id=3393019
	Index Scan using sbtest3_pkey on sbtest3  (cost=0.43..8.45 rows=1 width=121)
	  Index Cond: (id = 3393019)

table 4 : explain SELECT c FROM sbtest4 WHERE id=6302792
	Index Scan using sbtest4_pkey on sbtest4  (cost=0.43..8.45 rows=1 width=121)
	  Index Cond: (id = 6302792)

table 5 : explain SELECT c FROM sbtest5 WHERE id=3818499
	Index Scan using sbtest5_pkey on sbtest5  (cost=0.43..8.45 rows=1 width=121)
	  Index Cond: (id = 3818499)

table 6 : explain SELECT c FROM sbtest6 WHERE id=1918126
	Index Scan using sbtest6_pkey on sbtest6  (cost=0.43..8.45 rows=1 width=121)
	  Index Cond: (id = 1918126)

table 7 : explain SELECT c FROM sbtest7 WHERE id=4357027
	Index Scan using sbtest7_pkey on sbtest7  (cost=0.43..8.45 rows=1 width=121)
	  Index Cond: (id = 4357027)

table 8 : explain SELECT c FROM sbtest8 WHERE id=3279416
	Index Scan using sbtest8_pkey on sbtest8  (cost=0.43..8.45 rows=1 width=121)
	  Index Cond: (id = 3279416)

for point_selects
table 1 : explain SELECT c FROM sbtest1 WHERE id=2607652
	Index Scan using sbtest1_pkey on sbtest1  (cost=0.43..8.45 rows=1 width=121)
	  Index Cond: (id = 2607652)

table 2 : explain SELECT c FROM sbtest2 WHERE id=9506850
	Index Scan using sbtest2_pkey on sbtest2  (cost=0.43..8.45 rows=1 width=121)
	  Index Cond: (id = 9506850)

table 3 : explain SELECT c FROM sbtest3 WHERE id=228653
	Index Scan using sbtest3_pkey on sbtest3  (cost=0.43..8.45 rows=1 width=121)
	  Index Cond: (id = 228653)

table 4 : explain SELECT c FROM sbtest4 WHERE id=2823199
	Index Scan using sbtest4_pkey on sbtest4  (cost=0.43..8.45 rows=1 width=121)
	  Index Cond: (id = 2823199)

table 5 : explain SELECT c FROM sbtest5 WHERE id=7215084
	Index Scan using sbtest5_pkey on sbtest5  (cost=0.43..8.45 rows=1 width=121)
	  Index Cond: (id = 7215084)

table 6 : explain SELECT c FROM sbtest6 WHERE id=7255287
	Index Scan using sbtest6_pkey on sbtest6  (cost=0.43..8.45 rows=1 width=121)
	  Index Cond: (id = 7255287)

table 7 : explain SELECT c FROM sbtest7 WHERE id=2721034
	Index Scan using sbtest7_pkey on sbtest7  (cost=0.43..8.45 rows=1 width=121)
	  Index Cond: (id = 2721034)

table 8 : explain SELECT c FROM sbtest8 WHERE id=8503507
	Index Scan using sbtest8_pkey on sbtest8  (cost=0.43..8.45 rows=1 width=121)
	  Index Cond: (id = 8503507)

for: simple_ranges
table 1 : explain SELECT c FROM sbtest1 WHERE id BETWEEN 9460183 AND 9461182
	Bitmap Heap Scan on sbtest1  (cost=23.34..4100.64 rows=1064 width=121)
	  Recheck Cond: ((id >= 9460183) AND (id <= 9461182))
	  ->  Bitmap Index Scan on sbtest1_pkey  (cost=0.00..23.07 rows=1064 width=0)
	        Index Cond: ((id >= 9460183) AND (id <= 9461182))

table 2 : explain SELECT c FROM sbtest2 WHERE id BETWEEN 5872249 AND 5873248
	Bitmap Heap Scan on sbtest2  (cost=23.40..4124.47 rows=1070 width=121)
	  Recheck Cond: ((id >= 5872249) AND (id <= 5873248))
	  ->  Bitmap Index Scan on sbtest2_pkey  (cost=0.00..23.14 rows=1070 width=0)
	        Index Cond: ((id >= 5872249) AND (id <= 5873248))

table 3 : explain SELECT c FROM sbtest3 WHERE id BETWEEN 1964764 AND 1965763
	Bitmap Heap Scan on sbtest3  (cost=22.50..3793.45 rows=982 width=121)
	  Recheck Cond: ((id >= 1964764) AND (id <= 1965763))
	  ->  Bitmap Index Scan on sbtest3_pkey  (cost=0.00..22.25 rows=982 width=0)
	        Index Cond: ((id >= 1964764) AND (id <= 1965763))

table 4 : explain SELECT c FROM sbtest4 WHERE id BETWEEN 1489274 AND 1490273
	Bitmap Heap Scan on sbtest4  (cost=27.97..4332.63 rows=1125 width=121)
	  Recheck Cond: ((id >= 1489274) AND (id <= 1490273))
	  ->  Bitmap Index Scan on sbtest4_pkey  (cost=0.00..27.68 rows=1125 width=0)
	        Index Cond: ((id >= 1489274) AND (id <= 1490273))

table 5 : explain SELECT c FROM sbtest5 WHERE id BETWEEN 1534876 AND 1535875
	Bitmap Heap Scan on sbtest5  (cost=22.75..3885.05 rows=1006 width=121)
	  Recheck Cond: ((id >= 1534876) AND (id <= 1535875))
	  ->  Bitmap Index Scan on sbtest5_pkey  (cost=0.00..22.50 rows=1006 width=0)
	        Index Cond: ((id >= 1534876) AND (id <= 1535875))

table 6 : explain SELECT c FROM sbtest6 WHERE id BETWEEN 5961326 AND 5962325
	Bitmap Heap Scan on sbtest6  (cost=27.47..4156.23 rows=1077 width=121)
	  Recheck Cond: ((id >= 5961326) AND (id <= 5962325))
	  ->  Bitmap Index Scan on sbtest6_pkey  (cost=0.00..27.20 rows=1077 width=0)
	        Index Cond: ((id >= 5961326) AND (id <= 5962325))

table 7 : explain SELECT c FROM sbtest7 WHERE id BETWEEN 5537396 AND 5538395
	Bitmap Heap Scan on sbtest7  (cost=23.01..3984.19 rows=1032 width=121)
	  Recheck Cond: ((id >= 5537396) AND (id <= 5538395))
	  ->  Bitmap Index Scan on sbtest7_pkey  (cost=0.00..22.75 rows=1032 width=0)
	        Index Cond: ((id >= 5537396) AND (id <= 5538395))

table 8 : explain SELECT c FROM sbtest8 WHERE id BETWEEN 941520 AND 942519
	Bitmap Heap Scan on sbtest8  (cost=21.17..3304.17 rows=852 width=121)
	  Recheck Cond: ((id >= 941520) AND (id <= 942519))
	  ->  Bitmap Index Scan on sbtest8_pkey  (cost=0.00..20.95 rows=852 width=0)
	        Index Cond: ((id >= 941520) AND (id <= 942519))

for point_selects
table 1 : explain SELECT c FROM sbtest1 WHERE id=7480782
	Index Scan using sbtest1_pkey on sbtest1  (cost=0.43..8.45 rows=1 width=121)
	  Index Cond: (id = 7480782)

table 2 : explain SELECT c FROM sbtest2 WHERE id=9924410
	Index Scan using sbtest2_pkey on sbtest2  (cost=0.43..8.45 rows=1 width=121)
	  Index Cond: (id = 9924410)

table 3 : explain SELECT c FROM sbtest3 WHERE id=7010881
	Index Scan using sbtest3_pkey on sbtest3  (cost=0.43..8.45 rows=1 width=121)
	  Index Cond: (id = 7010881)

table 4 : explain SELECT c FROM sbtest4 WHERE id=4385288
	Index Scan using sbtest4_pkey on sbtest4  (cost=0.43..8.45 rows=1 width=121)
	  Index Cond: (id = 4385288)

table 5 : explain SELECT c FROM sbtest5 WHERE id=3578236
	Index Scan using sbtest5_pkey on sbtest5  (cost=0.43..8.45 rows=1 width=121)
	  Index Cond: (id = 3578236)

table 6 : explain SELECT c FROM sbtest6 WHERE id=3415789
	Index Scan using sbtest6_pkey on sbtest6  (cost=0.43..8.45 rows=1 width=121)
	  Index Cond: (id = 3415789)

table 7 : explain SELECT c FROM sbtest7 WHERE id=2801941
	Index Scan using sbtest7_pkey on sbtest7  (cost=0.43..8.45 rows=1 width=121)
	  Index Cond: (id = 2801941)

table 8 : explain SELECT c FROM sbtest8 WHERE id=816452
	Index Scan using sbtest8_pkey on sbtest8  (cost=0.43..8.45 rows=1 width=121)
	  Index Cond: (id = 816452)

for point_selects
table 1 : explain SELECT c FROM sbtest1 WHERE id=5085675
	Index Scan using sbtest1_pkey on sbtest1  (cost=0.43..8.45 rows=1 width=121)
	  Index Cond: (id = 5085675)

table 2 : explain SELECT c FROM sbtest2 WHERE id=3066113
	Index Scan using sbtest2_pkey on sbtest2  (cost=0.43..8.45 rows=1 width=121)
	  Index Cond: (id = 3066113)

table 3 : explain SELECT c FROM sbtest3 WHERE id=9883369
	Index Scan using sbtest3_pkey on sbtest3  (cost=0.43..8.45 rows=1 width=121)
	  Index Cond: (id = 9883369)

table 4 : explain SELECT c FROM sbtest4 WHERE id=5096407
	Index Scan using sbtest4_pkey on sbtest4  (cost=0.43..8.45 rows=1 width=121)
	  Index Cond: (id = 5096407)

table 5 : explain SELECT c FROM sbtest5 WHERE id=6471051
	Index Scan using sbtest5_pkey on sbtest5  (cost=0.43..8.45 rows=1 width=121)
	  Index Cond: (id = 6471051)

table 6 : explain SELECT c FROM sbtest6 WHERE id=2980622
	Index Scan using sbtest6_pkey on sbtest6  (cost=0.43..8.45 rows=1 width=121)
	  Index Cond: (id = 2980622)

table 7 : explain SELECT c FROM sbtest7 WHERE id=3377216
	Index Scan using sbtest7_pkey on sbtest7  (cost=0.43..8.45 rows=1 width=121)
	  Index Cond: (id = 3377216)

table 8 : explain SELECT c FROM sbtest8 WHERE id=3109840
	Index Scan using sbtest8_pkey on sbtest8  (cost=0.43..8.45 rows=1 width=121)
	  Index Cond: (id = 3109840)

for: order_ranges
table 1 : explain SELECT c FROM sbtest1 WHERE id BETWEEN 754394 AND 755393 ORDER BY c
	Sort  (cost=3871.59..3874.06 rows=990 width=121)
	  Sort Key: c
	  ->  Bitmap Heap Scan on sbtest1  (cost=22.58..3822.33 rows=990 width=121)
	        Recheck Cond: ((id >= 754394) AND (id <= 755393))
	        ->  Bitmap Index Scan on sbtest1_pkey  (cost=0.00..22.33 rows=990 width=0)
	              Index Cond: ((id >= 754394) AND (id <= 755393))

table 2 : explain SELECT c FROM sbtest2 WHERE id BETWEEN 758639 AND 759638 ORDER BY c
	Sort  (cost=3823.01..3825.45 rows=977 width=121)
	  Sort Key: c
	  ->  Bitmap Heap Scan on sbtest2  (cost=22.45..3774.49 rows=977 width=121)
	        Recheck Cond: ((id >= 758639) AND (id <= 759638))
	        ->  Bitmap Index Scan on sbtest2_pkey  (cost=0.00..22.20 rows=977 width=0)
	              Index Cond: ((id >= 758639) AND (id <= 759638))

table 3 : explain SELECT c FROM sbtest3 WHERE id BETWEEN 8485002 AND 8486001 ORDER BY c
	Sort  (cost=3784.86..3787.27 rows=967 width=121)
	  Sort Key: c
	  ->  Bitmap Heap Scan on sbtest3  (cost=22.35..3736.91 rows=967 width=121)
	        Recheck Cond: ((id >= 8485002) AND (id <= 8486001))
	        ->  Bitmap Index Scan on sbtest3_pkey  (cost=0.00..22.11 rows=967 width=0)
	              Index Cond: ((id >= 8485002) AND (id <= 8486001))

table 4 : explain SELECT c FROM sbtest4 WHERE id BETWEEN 7723839 AND 7724838 ORDER BY c
	Sort  (cost=3667.12..3669.46 rows=936 width=121)
	  Sort Key: c
	  ->  Bitmap Heap Scan on sbtest4  (cost=22.03..3620.93 rows=936 width=121)
	        Recheck Cond: ((id >= 7723839) AND (id <= 7724838))
	        ->  Bitmap Index Scan on sbtest4_pkey  (cost=0.00..21.79 rows=936 width=0)
	              Index Cond: ((id >= 7723839) AND (id <= 7724838))

table 5 : explain SELECT c FROM sbtest5 WHERE id BETWEEN 2189382 AND 2190381 ORDER BY c
	Sort  (cost=4248.61..4251.33 rows=1087 width=121)
	  Sort Key: c
	  ->  Bitmap Heap Scan on sbtest5  (cost=27.58..4193.79 rows=1087 width=121)
	        Recheck Cond: ((id >= 2189382) AND (id <= 2190381))
	        ->  Bitmap Index Scan on sbtest5_pkey  (cost=0.00..27.30 rows=1087 width=0)
	              Index Cond: ((id >= 2189382) AND (id <= 2190381))

table 6 : explain SELECT c FROM sbtest6 WHERE id BETWEEN 4194694 AND 4195693 ORDER BY c
	Sort  (cost=3900.81..3903.31 rows=997 width=121)
	  Sort Key: c
	  ->  Bitmap Heap Scan on sbtest6  (cost=22.65..3851.16 rows=997 width=121)
	        Recheck Cond: ((id >= 4194694) AND (id <= 4195693))
	        ->  Bitmap Index Scan on sbtest6_pkey  (cost=0.00..22.40 rows=997 width=0)
	              Index Cond: ((id >= 4194694) AND (id <= 4195693))

table 7 : explain SELECT c FROM sbtest7 WHERE id BETWEEN 7566048 AND 7567047 ORDER BY c
	Sort  (cost=4093.18..4095.80 rows=1047 width=121)
	  Sort Key: c
	  ->  Bitmap Heap Scan on sbtest7  (cost=23.17..4040.66 rows=1047 width=121)
	        Recheck Cond: ((id >= 7566048) AND (id <= 7567047))
	        ->  Bitmap Index Scan on sbtest7_pkey  (cost=0.00..22.90 rows=1047 width=0)
	              Index Cond: ((id >= 7566048) AND (id <= 7567047))

table 8 : explain SELECT c FROM sbtest8 WHERE id BETWEEN 70342 AND 71341 ORDER BY c
	Sort  (cost=3606.83..3609.13 rows=920 width=121)
	  Sort Key: c
	  ->  Bitmap Heap Scan on sbtest8  (cost=21.87..3561.54 rows=920 width=121)
	        Recheck Cond: ((id >= 70342) AND (id <= 71341))
	        ->  Bitmap Index Scan on sbtest8_pkey  (cost=0.00..21.64 rows=920 width=0)
	              Index Cond: ((id >= 70342) AND (id <= 71341))

for: sum_ranges
table 1 : explain SELECT SUM(k) FROM sbtest1 WHERE id BETWEEN 5472684 AND 5473683
	Aggregate  (cost=3662.65..3662.66 rows=1 width=8)
	  ->  Bitmap Heap Scan on sbtest1  (cost=22.14..3660.28 rows=947 width=4)
	        Recheck Cond: ((id >= 5472684) AND (id <= 5473683))
	        ->  Bitmap Index Scan on sbtest1_pkey  (cost=0.00..21.90 rows=947 width=0)
	              Index Cond: ((id >= 5472684) AND (id <= 5473683))

table 2 : explain SELECT SUM(k) FROM sbtest2 WHERE id BETWEEN 8850309 AND 8851308
	Aggregate  (cost=3916.40..3916.41 rows=1 width=8)
	  ->  Bitmap Heap Scan on sbtest2  (cost=22.83..3913.86 rows=1014 width=4)
	        Recheck Cond: ((id >= 8850309) AND (id <= 8851308))
	        ->  Bitmap Index Scan on sbtest2_pkey  (cost=0.00..22.57 rows=1014 width=0)
	              Index Cond: ((id >= 8850309) AND (id <= 8851308))

table 3 : explain SELECT SUM(k) FROM sbtest3 WHERE id BETWEEN 1971197 AND 1972196
	Aggregate  (cost=3795.91..3795.92 rows=1 width=8)
	  ->  Bitmap Heap Scan on sbtest3  (cost=22.50..3793.45 rows=982 width=4)
	        Recheck Cond: ((id >= 1971197) AND (id <= 1972196))
	        ->  Bitmap Index Scan on sbtest3_pkey  (cost=0.00..22.25 rows=982 width=0)
	              Index Cond: ((id >= 1971197) AND (id <= 1972196))

table 4 : explain SELECT SUM(k) FROM sbtest4 WHERE id BETWEEN 7090827 AND 7091826
	Aggregate  (cost=4049.44..4049.45 rows=1 width=8)
	  ->  Bitmap Heap Scan on sbtest4  (cost=23.19..4046.82 rows=1049 width=4)
	        Recheck Cond: ((id >= 7090827) AND (id <= 7091826))
	        ->  Bitmap Index Scan on sbtest4_pkey  (cost=0.00..22.93 rows=1049 width=0)
	              Index Cond: ((id >= 7090827) AND (id <= 7091826))

table 5 : explain SELECT SUM(k) FROM sbtest5 WHERE id BETWEEN 142581 AND 143580
	Aggregate  (cost=3993.07..3993.08 rows=1 width=8)
	  ->  Bitmap Heap Scan on sbtest5  (cost=23.03..3990.49 rows=1034 width=4)
	        Recheck Cond: ((id >= 142581) AND (id <= 143580))
	        ->  Bitmap Index Scan on sbtest5_pkey  (cost=0.00..22.77 rows=1034 width=0)
	              Index Cond: ((id >= 142581) AND (id <= 143580))

table 6 : explain SELECT SUM(k) FROM sbtest6 WHERE id BETWEEN 5414852 AND 5415851
	Aggregate  (cost=3925.27..3925.28 rows=1 width=8)
	  ->  Bitmap Heap Scan on sbtest6  (cost=22.85..3922.73 rows=1016 width=4)
	        Recheck Cond: ((id >= 5414852) AND (id <= 5415851))
	        ->  Bitmap Index Scan on sbtest6_pkey  (cost=0.00..22.59 rows=1016 width=0)
	              Index Cond: ((id >= 5414852) AND (id <= 5415851))

table 7 : explain SELECT SUM(k) FROM sbtest7 WHERE id BETWEEN 6602075 AND 6603074
	Aggregate  (cost=3514.72..3514.73 rows=1 width=8)
	  ->  Bitmap Heap Scan on sbtest7  (cost=21.73..3512.46 rows=907 width=4)
	        Recheck Cond: ((id >= 6602075) AND (id <= 6603074))
	        ->  Bitmap Index Scan on sbtest7_pkey  (cost=0.00..21.50 rows=907 width=0)
	              Index Cond: ((id >= 6602075) AND (id <= 6603074))

table 8 : explain SELECT SUM(k) FROM sbtest8 WHERE id BETWEEN 8121782 AND 8122781
	Aggregate  (cost=4066.02..4066.03 rows=1 width=8)
	  ->  Bitmap Heap Scan on sbtest8  (cost=27.22..4063.39 rows=1052 width=4)
	        Recheck Cond: ((id >= 8121782) AND (id <= 8122781))
	        ->  Bitmap Index Scan on sbtest8_pkey  (cost=0.00..26.95 rows=1052 width=0)
	              Index Cond: ((id >= 8121782) AND (id <= 8122781))

for point_selects
table 1 : explain SELECT c FROM sbtest1 WHERE id=9979694
	Index Scan using sbtest1_pkey on sbtest1  (cost=0.43..8.45 rows=1 width=121)
	  Index Cond: (id = 9979694)

table 2 : explain SELECT c FROM sbtest2 WHERE id=3009180
	Index Scan using sbtest2_pkey on sbtest2  (cost=0.43..8.45 rows=1 width=121)
	  Index Cond: (id = 3009180)

table 3 : explain SELECT c FROM sbtest3 WHERE id=2929216
	Index Scan using sbtest3_pkey on sbtest3  (cost=0.43..8.45 rows=1 width=121)
	  Index Cond: (id = 2929216)

table 4 : explain SELECT c FROM sbtest4 WHERE id=232
	Index Scan using sbtest4_pkey on sbtest4  (cost=0.43..8.45 rows=1 width=121)
	  Index Cond: (id = 232)

table 5 : explain SELECT c FROM sbtest5 WHERE id=4483929
	Index Scan using sbtest5_pkey on sbtest5  (cost=0.43..8.45 rows=1 width=121)
	  Index Cond: (id = 4483929)

table 6 : explain SELECT c FROM sbtest6 WHERE id=3164457
	Index Scan using sbtest6_pkey on sbtest6  (cost=0.43..8.45 rows=1 width=121)
	  Index Cond: (id = 3164457)

table 7 : explain SELECT c FROM sbtest7 WHERE id=6481664
	Index Scan using sbtest7_pkey on sbtest7  (cost=0.43..8.45 rows=1 width=121)
	  Index Cond: (id = 6481664)

table 8 : explain SELECT c FROM sbtest8 WHERE id=5673288
	Index Scan using sbtest8_pkey on sbtest8  (cost=0.43..8.45 rows=1 width=121)
	  Index Cond: (id = 5673288)

for: sum_ranges
table 1 : explain SELECT SUM(k) FROM sbtest1 WHERE id BETWEEN 1598355 AND 1599354
	Aggregate  (cost=3990.48..3990.49 rows=1 width=8)
	  ->  Bitmap Heap Scan on sbtest1  (cost=23.03..3987.90 rows=1034 width=4)
	        Recheck Cond: ((id >= 1598355) AND (id <= 1599354))
	        ->  Bitmap Index Scan on sbtest1_pkey  (cost=0.00..22.77 rows=1034 width=0)
	              Index Cond: ((id >= 1598355) AND (id <= 1599354))

table 2 : explain SELECT SUM(k) FROM sbtest2 WHERE id BETWEEN 2172701 AND 2173700
	Aggregate  (cost=3799.56..3799.57 rows=1 width=8)
	  ->  Bitmap Heap Scan on sbtest2  (cost=22.51..3797.10 rows=983 width=4)
	        Recheck Cond: ((id >= 2172701) AND (id <= 2173700))
	        ->  Bitmap Index Scan on sbtest2_pkey  (cost=0.00..22.26 rows=983 width=0)
	              Index Cond: ((id >= 2172701) AND (id <= 2173700))

table 3 : explain SELECT SUM(k) FROM sbtest3 WHERE id BETWEEN 4532570 AND 4533569
	Aggregate  (cost=3852.46..3852.47 rows=1 width=8)
	  ->  Bitmap Heap Scan on sbtest3  (cost=22.65..3849.97 rows=997 width=4)
	        Recheck Cond: ((id >= 4532570) AND (id <= 4533569))
	        ->  Bitmap Index Scan on sbtest3_pkey  (cost=0.00..22.40 rows=997 width=0)
	              Index Cond: ((id >= 4532570) AND (id <= 4533569))

table 4 : explain SELECT SUM(k) FROM sbtest4 WHERE id BETWEEN 6051658 AND 6052657
	Aggregate  (cost=3638.38..3638.39 rows=1 width=8)
	  ->  Bitmap Heap Scan on sbtest4  (cost=22.07..3636.03 rows=940 width=4)
	        Recheck Cond: ((id >= 6051658) AND (id <= 6052657))
	        ->  Bitmap Index Scan on sbtest4_pkey  (cost=0.00..21.83 rows=940 width=0)
	              Index Cond: ((id >= 6051658) AND (id <= 6052657))

table 5 : explain SELECT SUM(k) FROM sbtest5 WHERE id BETWEEN 607920 AND 608919
	Aggregate  (cost=3578.00..3578.01 rows=1 width=8)
	  ->  Bitmap Heap Scan on sbtest5  (cost=21.91..3575.69 rows=924 width=4)
	        Recheck Cond: ((id >= 607920) AND (id <= 608919))
	        ->  Bitmap Index Scan on sbtest5_pkey  (cost=0.00..21.68 rows=924 width=0)
	              Index Cond: ((id >= 607920) AND (id <= 608919))

table 6 : explain SELECT SUM(k) FROM sbtest6 WHERE id BETWEEN 7318417 AND 7319416
	Aggregate  (cost=4008.15..4008.16 rows=1 width=8)
	  ->  Bitmap Heap Scan on sbtest6  (cost=23.07..4005.56 rows=1038 width=4)
	        Recheck Cond: ((id >= 7318417) AND (id <= 7319416))
	        ->  Bitmap Index Scan on sbtest6_pkey  (cost=0.00..22.82 rows=1038 width=0)
	              Index Cond: ((id >= 7318417) AND (id <= 7319416))

table 7 : explain SELECT SUM(k) FROM sbtest7 WHERE id BETWEEN 1946264 AND 1947263
	Aggregate  (cost=3941.54..3941.55 rows=1 width=8)
	  ->  Bitmap Heap Scan on sbtest7  (cost=22.89..3938.99 rows=1020 width=4)
	        Recheck Cond: ((id >= 1946264) AND (id <= 1947263))
	        ->  Bitmap Index Scan on sbtest7_pkey  (cost=0.00..22.64 rows=1020 width=0)
	              Index Cond: ((id >= 1946264) AND (id <= 1947263))

table 8 : explain SELECT SUM(k) FROM sbtest8 WHERE id BETWEEN 5990567 AND 5991566
	Aggregate  (cost=3718.82..3718.83 rows=1 width=8)
	  ->  Bitmap Heap Scan on sbtest8  (cost=22.29..3716.42 rows=961 width=4)
	        Recheck Cond: ((id >= 5990567) AND (id <= 5991566))
	        ->  Bitmap Index Scan on sbtest8_pkey  (cost=0.00..22.04 rows=961 width=0)
	              Index Cond: ((id >= 5990567) AND (id <= 5991566))

for: simple_ranges
table 1 : explain SELECT c FROM sbtest1 WHERE id BETWEEN 2144983 AND 2145982
	Bitmap Heap Scan on sbtest1  (cost=22.32..3724.38 rows=964 width=121)
	  Recheck Cond: ((id >= 2144983) AND (id <= 2145982))
	  ->  Bitmap Index Scan on sbtest1_pkey  (cost=0.00..22.07 rows=964 width=0)
	        Index Cond: ((id >= 2144983) AND (id <= 2145982))

table 2 : explain SELECT c FROM sbtest2 WHERE id BETWEEN 2410885 AND 2411884
	Bitmap Heap Scan on sbtest2  (cost=22.73..3876.21 rows=1004 width=121)
	  Recheck Cond: ((id >= 2410885) AND (id <= 2411884))
	  ->  Bitmap Index Scan on sbtest2_pkey  (cost=0.00..22.47 rows=1004 width=0)
	        Index Cond: ((id >= 2410885) AND (id <= 2411884))

table 3 : explain SELECT c FROM sbtest3 WHERE id BETWEEN 2302739 AND 2303738
	Bitmap Heap Scan on sbtest3  (cost=23.28..4079.50 rows=1058 width=121)
	  Recheck Cond: ((id >= 2302739) AND (id <= 2303738))
	  ->  Bitmap Index Scan on sbtest3_pkey  (cost=0.00..23.01 rows=1058 width=0)
	        Index Cond: ((id >= 2302739) AND (id <= 2303738))

table 4 : explain SELECT c FROM sbtest4 WHERE id BETWEEN 3800513 AND 3801512
	Bitmap Heap Scan on sbtest4  (cost=22.20..3685.10 rows=953 width=121)
	  Recheck Cond: ((id >= 3800513) AND (id <= 3801512))
	  ->  Bitmap Index Scan on sbtest4_pkey  (cost=0.00..21.96 rows=953 width=0)
	        Index Cond: ((id >= 3800513) AND (id <= 3801512))

table 5 : explain SELECT c FROM sbtest5 WHERE id BETWEEN 4394690 AND 4395689
	Bitmap Heap Scan on sbtest5  (cost=22.61..3836.06 rows=993 width=121)
	  Recheck Cond: ((id >= 4394690) AND (id <= 4395689))
	  ->  Bitmap Index Scan on sbtest5_pkey  (cost=0.00..22.36 rows=993 width=0)
	        Index Cond: ((id >= 4394690) AND (id <= 4395689))

table 6 : explain SELECT c FROM sbtest6 WHERE id BETWEEN 8329979 AND 8330978
	Bitmap Heap Scan on sbtest6  (cost=22.50..3794.61 rows=982 width=121)
	  Recheck Cond: ((id >= 8329979) AND (id <= 8330978))
	  ->  Bitmap Index Scan on sbtest6_pkey  (cost=0.00..22.25 rows=982 width=0)
	        Index Cond: ((id >= 8329979) AND (id <= 8330978))

table 7 : explain SELECT c FROM sbtest7 WHERE id BETWEEN 9623863 AND 9624862
	Bitmap Heap Scan on sbtest7  (cost=28.30..4457.98 rows=1158 width=121)
	  Recheck Cond: ((id >= 9623863) AND (id <= 9624862))
	  ->  Bitmap Index Scan on sbtest7_pkey  (cost=0.00..28.01 rows=1158 width=0)
	        Index Cond: ((id >= 9623863) AND (id <= 9624862))

table 8 : explain SELECT c FROM sbtest8 WHERE id BETWEEN 704565 AND 705564
	Bitmap Heap Scan on sbtest8  (cost=26.73..3882.61 rows=1004 width=121)
	  Recheck Cond: ((id >= 704565) AND (id <= 705564))
	  ->  Bitmap Index Scan on sbtest8_pkey  (cost=0.00..26.47 rows=1004 width=0)
	        Index Cond: ((id >= 704565) AND (id <= 705564))

for: simple_ranges
table 1 : explain SELECT c FROM sbtest1 WHERE id BETWEEN 6002189 AND 6003188
	Bitmap Heap Scan on sbtest1  (cost=22.98..3969.09 rows=1029 width=121)
	  Recheck Cond: ((id >= 6002189) AND (id <= 6003188))
	  ->  Bitmap Index Scan on sbtest1_pkey  (cost=0.00..22.72 rows=1029 width=0)
	        Index Cond: ((id >= 6002189) AND (id <= 6003188))

table 2 : explain SELECT c FROM sbtest2 WHERE id BETWEEN 6890779 AND 6891778
	Bitmap Heap Scan on sbtest2  (cost=23.53..4169.54 rows=1082 width=121)
	  Recheck Cond: ((id >= 6890779) AND (id <= 6891778))
	  ->  Bitmap Index Scan on sbtest2_pkey  (cost=0.00..23.25 rows=1082 width=0)
	        Index Cond: ((id >= 6890779) AND (id <= 6891778))

table 3 : explain SELECT c FROM sbtest3 WHERE id BETWEEN 7539086 AND 7540085
	Bitmap Heap Scan on sbtest3  (cost=22.84..3917.75 rows=1015 width=121)
	  Recheck Cond: ((id >= 7539086) AND (id <= 7540085))
	  ->  Bitmap Index Scan on sbtest3_pkey  (cost=0.00..22.58 rows=1015 width=0)
	        Index Cond: ((id >= 7539086) AND (id <= 7540085))

table 4 : explain SELECT c FROM sbtest4 WHERE id BETWEEN 8019778 AND 8020777
	Bitmap Heap Scan on sbtest4  (cost=21.70..3500.01 rows=904 width=121)
	  Recheck Cond: ((id >= 8019778) AND (id <= 8020777))
	  ->  Bitmap Index Scan on sbtest4_pkey  (cost=0.00..21.47 rows=904 width=0)
	        Index Cond: ((id >= 8019778) AND (id <= 8020777))

table 5 : explain SELECT c FROM sbtest5 WHERE id BETWEEN 4058349 AND 4059348
	Bitmap Heap Scan on sbtest5  (cost=22.08..3639.90 rows=941 width=121)
	  Recheck Cond: ((id >= 4058349) AND (id <= 4059348))
	  ->  Bitmap Index Scan on sbtest5_pkey  (cost=0.00..21.84 rows=941 width=0)
	        Index Cond: ((id >= 4058349) AND (id <= 4059348))

table 6 : explain SELECT c FROM sbtest6 WHERE id BETWEEN 2991667 AND 2992666
	Bitmap Heap Scan on sbtest6  (cost=22.54..3809.69 rows=986 width=121)
	  Recheck Cond: ((id >= 2991667) AND (id <= 2992666))
	  ->  Bitmap Index Scan on sbtest6_pkey  (cost=0.00..22.29 rows=986 width=0)
	        Index Cond: ((id >= 2991667) AND (id <= 2992666))

table 7 : explain SELECT c FROM sbtest7 WHERE id BETWEEN 2776487 AND 2777486
	Bitmap Heap Scan on sbtest7  (cost=22.74..3882.47 rows=1005 width=121)
	  Recheck Cond: ((id >= 2776487) AND (id <= 2777486))
	  ->  Bitmap Index Scan on sbtest7_pkey  (cost=0.00..22.48 rows=1005 width=0)
	        Index Cond: ((id >= 2776487) AND (id <= 2777486))

table 8 : explain SELECT c FROM sbtest8 WHERE id BETWEEN 6101252 AND 6102251
	Bitmap Heap Scan on sbtest8  (cost=21.23..3326.91 rows=858 width=121)
	  Recheck Cond: ((id >= 6101252) AND (id <= 6102251))
	  ->  Bitmap Index Scan on sbtest8_pkey  (cost=0.00..21.01 rows=858 width=0)
	        Index Cond: ((id >= 6101252) AND (id <= 6102251))

for: order_ranges
table 1 : explain SELECT c FROM sbtest1 WHERE id BETWEEN 2932111 AND 2933110 ORDER BY c
	Sort  (cost=3592.20..3594.49 rows=917 width=121)
	  Sort Key: c
	  ->  Bitmap Heap Scan on sbtest1  (cost=21.83..3547.08 rows=917 width=121)
	        Recheck Cond: ((id >= 2932111) AND (id <= 2933110))
	        ->  Bitmap Index Scan on sbtest1_pkey  (cost=0.00..21.61 rows=917 width=0)
	              Index Cond: ((id >= 2932111) AND (id <= 2933110))

table 2 : explain SELECT c FROM sbtest2 WHERE id BETWEEN 7820322 AND 7821321 ORDER BY c
	Sort  (cost=3558.71..3560.98 rows=908 width=121)
	  Sort Key: c
	  ->  Bitmap Heap Scan on sbtest2  (cost=21.74..3514.10 rows=908 width=121)
	        Recheck Cond: ((id >= 7820322) AND (id <= 7821321))
	        ->  Bitmap Index Scan on sbtest2_pkey  (cost=0.00..21.51 rows=908 width=0)
	              Index Cond: ((id >= 7820322) AND (id <= 7821321))

table 3 : explain SELECT c FROM sbtest3 WHERE id BETWEEN 4330570 AND 4331569 ORDER BY c
	Sort  (cost=3914.92..3917.42 rows=1001 width=121)
	  Sort Key: c
	  ->  Bitmap Heap Scan on sbtest3  (cost=22.70..3865.03 rows=1001 width=121)
	        Recheck Cond: ((id >= 4330570) AND (id <= 4331569))
	        ->  Bitmap Index Scan on sbtest3_pkey  (cost=0.00..22.44 rows=1001 width=0)
	              Index Cond: ((id >= 4330570) AND (id <= 4331569))

table 4 : explain SELECT c FROM sbtest4 WHERE id BETWEEN 3734410 AND 3735409 ORDER BY c
	Sort  (cost=3732.26..3734.64 rows=953 width=121)
	  Sort Key: c
	  ->  Bitmap Heap Scan on sbtest4  (cost=22.20..3685.10 rows=953 width=121)
	        Recheck Cond: ((id >= 3734410) AND (id <= 3735409))
	        ->  Bitmap Index Scan on sbtest4_pkey  (cost=0.00..21.96 rows=953 width=0)
	              Index Cond: ((id >= 3734410) AND (id <= 3735409))

table 5 : explain SELECT c FROM sbtest5 WHERE id BETWEEN 9517300 AND 9518299 ORDER BY c
	Sort  (cost=3831.92..3834.36 rows=979 width=121)
	  Sort Key: c
	  ->  Bitmap Heap Scan on sbtest5  (cost=22.47..3783.28 rows=979 width=121)
	        Recheck Cond: ((id >= 9517300) AND (id <= 9518299))
	        ->  Bitmap Index Scan on sbtest5_pkey  (cost=0.00..22.22 rows=979 width=0)
	              Index Cond: ((id >= 9517300) AND (id <= 9518299))

table 6 : explain SELECT c FROM sbtest6 WHERE id BETWEEN 1758033 AND 1759032 ORDER BY c
	Sort  (cost=3896.99..3899.48 rows=996 width=121)
	  Sort Key: c
	  ->  Bitmap Heap Scan on sbtest6  (cost=22.64..3847.39 rows=996 width=121)
	        Recheck Cond: ((id >= 1758033) AND (id <= 1759032))
	        ->  Bitmap Index Scan on sbtest6_pkey  (cost=0.00..22.39 rows=996 width=0)
	              Index Cond: ((id >= 1758033) AND (id <= 1759032))

table 7 : explain SELECT c FROM sbtest7 WHERE id BETWEEN 3915361 AND 3916360 ORDER BY c
	Sort  (cost=3672.11..3674.45 rows=937 width=121)
	  Sort Key: c
	  ->  Bitmap Heap Scan on sbtest7  (cost=22.04..3625.86 rows=937 width=121)
	        Recheck Cond: ((id >= 3915361) AND (id <= 3916360))
	        ->  Bitmap Index Scan on sbtest7_pkey  (cost=0.00..21.80 rows=937 width=0)
	              Index Cond: ((id >= 3915361) AND (id <= 3916360))

table 8 : explain SELECT c FROM sbtest8 WHERE id BETWEEN 7864168 AND 7865167 ORDER BY c
	Sort  (cost=4219.31..4222.01 rows=1079 width=121)
	  Sort Key: c
	  ->  Bitmap Heap Scan on sbtest8  (cost=27.49..4164.95 rows=1079 width=121)
	        Recheck Cond: ((id >= 7864168) AND (id <= 7865167))
	        ->  Bitmap Index Scan on sbtest8_pkey  (cost=0.00..27.22 rows=1079 width=0)
	              Index Cond: ((id >= 7864168) AND (id <= 7865167))

for: simple_ranges
table 1 : explain SELECT c FROM sbtest1 WHERE id BETWEEN 5118192 AND 5119191
	Bitmap Heap Scan on sbtest1  (cost=21.52..3429.97 rows=886 width=121)
	  Recheck Cond: ((id >= 5118192) AND (id <= 5119191))
	  ->  Bitmap Index Scan on sbtest1_pkey  (cost=0.00..21.29 rows=886 width=0)
	        Index Cond: ((id >= 5118192) AND (id <= 5119191))

table 2 : explain SELECT c FROM sbtest2 WHERE id BETWEEN 6074586 AND 6075585
	Bitmap Heap Scan on sbtest2  (cost=22.87..3928.92 rows=1018 width=121)
	  Recheck Cond: ((id >= 6074586) AND (id <= 6075585))
	  ->  Bitmap Index Scan on sbtest2_pkey  (cost=0.00..22.61 rows=1018 width=0)
	        Index Cond: ((id >= 6074586) AND (id <= 6075585))

table 3 : explain SELECT c FROM sbtest3 WHERE id BETWEEN 5354824 AND 5355823
	Bitmap Heap Scan on sbtest3  (cost=22.08..3638.82 rows=941 width=121)
	  Recheck Cond: ((id >= 5354824) AND (id <= 5355823))
	  ->  Bitmap Index Scan on sbtest3_pkey  (cost=0.00..21.84 rows=941 width=0)
	        Index Cond: ((id >= 5354824) AND (id <= 5355823))

table 4 : explain SELECT c FROM sbtest4 WHERE id BETWEEN 2526395 AND 2527394
	Bitmap Heap Scan on sbtest4  (cost=22.46..3779.42 rows=978 width=121)
	  Recheck Cond: ((id >= 2526395) AND (id <= 2527394))
	  ->  Bitmap Index Scan on sbtest4_pkey  (cost=0.00..22.21 rows=978 width=0)
	        Index Cond: ((id >= 2526395) AND (id <= 2527394))

table 5 : explain SELECT c FROM sbtest5 WHERE id BETWEEN 8735705 AND 8736704
	Bitmap Heap Scan on sbtest5  (cost=23.45..4144.69 rows=1075 width=121)
	  Recheck Cond: ((id >= 8735705) AND (id <= 8736704))
	  ->  Bitmap Index Scan on sbtest5_pkey  (cost=0.00..23.18 rows=1075 width=0)
	        Index Cond: ((id >= 8735705) AND (id <= 8736704))

table 6 : explain SELECT c FROM sbtest6 WHERE id BETWEEN 2733662 AND 2734661
	Bitmap Heap Scan on sbtest6  (cost=22.61..3836.08 rows=993 width=121)
	  Recheck Cond: ((id >= 2733662) AND (id <= 2734661))
	  ->  Bitmap Index Scan on sbtest6_pkey  (cost=0.00..22.36 rows=993 width=0)
	        Index Cond: ((id >= 2733662) AND (id <= 2734661))

table 7 : explain SELECT c FROM sbtest7 WHERE id BETWEEN 3195537 AND 3196536
	Bitmap Heap Scan on sbtest7  (cost=21.87..3561.61 rows=920 width=121)
	  Recheck Cond: ((id >= 3195537) AND (id <= 3196536))
	  ->  Bitmap Index Scan on sbtest7_pkey  (cost=0.00..21.64 rows=920 width=0)
	        Index Cond: ((id >= 3195537) AND (id <= 3196536))

table 8 : explain SELECT c FROM sbtest8 WHERE id BETWEEN 5545439 AND 5546438
	Bitmap Heap Scan on sbtest8  (cost=22.43..3769.25 rows=975 width=121)
	  Recheck Cond: ((id >= 5545439) AND (id <= 5546438))
	  ->  Bitmap Index Scan on sbtest8_pkey  (cost=0.00..22.18 rows=975 width=0)
	        Index Cond: ((id >= 5545439) AND (id <= 5546438))

for point_selects
table 1 : explain SELECT c FROM sbtest1 WHERE id=8543334
	Index Scan using sbtest1_pkey on sbtest1  (cost=0.43..8.45 rows=1 width=121)
	  Index Cond: (id = 8543334)

table 2 : explain SELECT c FROM sbtest2 WHERE id=7725298
	Index Scan using sbtest2_pkey on sbtest2  (cost=0.43..8.45 rows=1 width=121)
	  Index Cond: (id = 7725298)

table 3 : explain SELECT c FROM sbtest3 WHERE id=8365333
	Index Scan using sbtest3_pkey on sbtest3  (cost=0.43..8.45 rows=1 width=121)
	  Index Cond: (id = 8365333)

table 4 : explain SELECT c FROM sbtest4 WHERE id=7881134
	Index Scan using sbtest4_pkey on sbtest4  (cost=0.43..8.45 rows=1 width=121)
	  Index Cond: (id = 7881134)

table 5 : explain SELECT c FROM sbtest5 WHERE id=7078415
	Index Scan using sbtest5_pkey on sbtest5  (cost=0.43..8.45 rows=1 width=121)
	  Index Cond: (id = 7078415)

table 6 : explain SELECT c FROM sbtest6 WHERE id=9463645
	Index Scan using sbtest6_pkey on sbtest6  (cost=0.43..8.45 rows=1 width=121)
	  Index Cond: (id = 9463645)

table 7 : explain SELECT c FROM sbtest7 WHERE id=7343072
	Index Scan using sbtest7_pkey on sbtest7  (cost=0.43..8.45 rows=1 width=121)
	  Index Cond: (id = 7343072)

table 8 : explain SELECT c FROM sbtest8 WHERE id=6033238
	Index Scan using sbtest8_pkey on sbtest8  (cost=0.43..8.45 rows=1 width=121)
	  Index Cond: (id = 6033238)

for: simple_ranges
table 1 : explain SELECT c FROM sbtest1 WHERE id BETWEEN 1334376 AND 1335375
	Bitmap Heap Scan on sbtest1  (cost=22.19..3679.14 rows=952 width=121)
	  Recheck Cond: ((id >= 1334376) AND (id <= 1335375))
	  ->  Bitmap Index Scan on sbtest1_pkey  (cost=0.00..21.95 rows=952 width=0)
	        Index Cond: ((id >= 1334376) AND (id <= 1335375))

table 2 : explain SELECT c FROM sbtest2 WHERE id BETWEEN 2870395 AND 2871394
	Bitmap Heap Scan on sbtest2  (cost=27.68..4229.87 rows=1097 width=121)
	  Recheck Cond: ((id >= 2870395) AND (id <= 2871394))
	  ->  Bitmap Index Scan on sbtest2_pkey  (cost=0.00..27.40 rows=1097 width=0)
	        Index Cond: ((id >= 2870395) AND (id <= 2871394))

table 3 : explain SELECT c FROM sbtest3 WHERE id BETWEEN 8961501 AND 8962500
	Bitmap Heap Scan on sbtest3  (cost=22.62..3838.67 rows=994 width=121)
	  Recheck Cond: ((id >= 8961501) AND (id <= 8962500))
	  ->  Bitmap Index Scan on sbtest3_pkey  (cost=0.00..22.37 rows=994 width=0)
	        Index Cond: ((id >= 8961501) AND (id <= 8962500))

table 4 : explain SELECT c FROM sbtest4 WHERE id BETWEEN 5781149 AND 5782148
	Bitmap Heap Scan on sbtest4  (cost=22.29..3715.29 rows=961 width=121)
	  Recheck Cond: ((id >= 5781149) AND (id <= 5782148))
	  ->  Bitmap Index Scan on sbtest4_pkey  (cost=0.00..22.04 rows=961 width=0)
	        Index Cond: ((id >= 5781149) AND (id <= 5782148))

table 5 : explain SELECT c FROM sbtest5 WHERE id BETWEEN 9269846 AND 9270845
	Bitmap Heap Scan on sbtest5  (cost=27.90..4310.23 rows=1119 width=121)
	  Recheck Cond: ((id >= 9269846) AND (id <= 9270845))
	  ->  Bitmap Index Scan on sbtest5_pkey  (cost=0.00..27.62 rows=1119 width=0)
	        Index Cond: ((id >= 9269846) AND (id <= 9270845))

table 6 : explain SELECT c FROM sbtest6 WHERE id BETWEEN 7678397 AND 7679396
	Bitmap Heap Scan on sbtest6  (cost=22.65..3851.16 rows=997 width=121)
	  Recheck Cond: ((id >= 7678397) AND (id <= 7679396))
	  ->  Bitmap Index Scan on sbtest6_pkey  (cost=0.00..22.40 rows=997 width=0)
	        Index Cond: ((id >= 7678397) AND (id <= 7679396))

table 7 : explain SELECT c FROM sbtest7 WHERE id BETWEEN 460441 AND 461440
	Bitmap Heap Scan on sbtest7  (cost=22.38..3750.46 rows=970 width=121)
	  Recheck Cond: ((id >= 460441) AND (id <= 461440))
	  ->  Bitmap Index Scan on sbtest7_pkey  (cost=0.00..22.14 rows=970 width=0)
	        Index Cond: ((id >= 460441) AND (id <= 461440))

table 8 : explain SELECT c FROM sbtest8 WHERE id BETWEEN 1788783 AND 1789782
	Bitmap Heap Scan on sbtest8  (cost=27.44..4146.15 rows=1074 width=121)
	  Recheck Cond: ((id >= 1788783) AND (id <= 1789782))
	  ->  Bitmap Index Scan on sbtest8_pkey  (cost=0.00..27.18 rows=1074 width=0)
	        Index Cond: ((id >= 1788783) AND (id <= 1789782))

for: sum_ranges
table 1 : explain SELECT SUM(k) FROM sbtest1 WHERE id BETWEEN 7907021 AND 7908020
	Aggregate  (cost=4001.77..4001.78 rows=1 width=8)
	  ->  Bitmap Heap Scan on sbtest1  (cost=23.06..3999.18 rows=1037 width=4)
	        Recheck Cond: ((id >= 7907021) AND (id <= 7908020))
	        ->  Bitmap Index Scan on sbtest1_pkey  (cost=0.00..22.80 rows=1037 width=0)
	              Index Cond: ((id >= 7907021) AND (id <= 7908020))

table 2 : explain SELECT SUM(k) FROM sbtest2 WHERE id BETWEEN 4813926 AND 4814925
	Aggregate  (cost=3535.27..3535.28 rows=1 width=8)
	  ->  Bitmap Heap Scan on sbtest2  (cost=21.79..3532.99 rows=913 width=4)
	        Recheck Cond: ((id >= 4813926) AND (id <= 4814925))
	        ->  Bitmap Index Scan on sbtest2_pkey  (cost=0.00..21.57 rows=913 width=0)
	              Index Cond: ((id >= 4813926) AND (id <= 4814925))

table 3 : explain SELECT SUM(k) FROM sbtest3 WHERE id BETWEEN 6116653 AND 6117652
	Aggregate  (cost=3758.19..3758.20 rows=1 width=8)
	  ->  Bitmap Heap Scan on sbtest3  (cost=22.40..3755.76 rows=972 width=4)
	        Recheck Cond: ((id >= 6116653) AND (id <= 6117652))
	        ->  Bitmap Index Scan on sbtest3_pkey  (cost=0.00..22.15 rows=972 width=0)
	              Index Cond: ((id >= 6116653) AND (id <= 6117652))

table 4 : explain SELECT SUM(k) FROM sbtest4 WHERE id BETWEEN 4436881 AND 4437880
	Aggregate  (cost=3661.05..3661.06 rows=1 width=8)
	  ->  Bitmap Heap Scan on sbtest4  (cost=22.13..3658.68 rows=946 width=4)
	        Recheck Cond: ((id >= 4436881) AND (id <= 4437880))
	        ->  Bitmap Index Scan on sbtest4_pkey  (cost=0.00..21.89 rows=946 width=0)
	              Index Cond: ((id >= 4436881) AND (id <= 4437880))

table 5 : explain SELECT SUM(k) FROM sbtest5 WHERE id BETWEEN 1945866 AND 1946865
	Aggregate  (cost=3823.46..3823.47 rows=1 width=8)
	  ->  Bitmap Heap Scan on sbtest5  (cost=22.57..3820.99 rows=989 width=4)
	        Recheck Cond: ((id >= 1945866) AND (id <= 1946865))
	        ->  Bitmap Index Scan on sbtest5_pkey  (cost=0.00..22.32 rows=989 width=0)
	              Index Cond: ((id >= 1945866) AND (id <= 1946865))

table 6 : explain SELECT SUM(k) FROM sbtest6 WHERE id BETWEEN 5826304 AND 5827303
	Aggregate  (cost=3815.93..3815.94 rows=1 width=8)
	  ->  Bitmap Heap Scan on sbtest6  (cost=22.55..3813.46 rows=987 width=4)
	        Recheck Cond: ((id >= 5826304) AND (id <= 5827303))
	        ->  Bitmap Index Scan on sbtest6_pkey  (cost=0.00..22.30 rows=987 width=0)
	              Index Cond: ((id >= 5826304) AND (id <= 5827303))

table 7 : explain SELECT SUM(k) FROM sbtest7 WHERE id BETWEEN 2757260 AND 2758259
	Aggregate  (cost=3884.98..3884.99 rows=1 width=8)
	  ->  Bitmap Heap Scan on sbtest7  (cost=22.74..3882.47 rows=1005 width=4)
	        Recheck Cond: ((id >= 2757260) AND (id <= 2758259))
	        ->  Bitmap Index Scan on sbtest7_pkey  (cost=0.00..22.48 rows=1005 width=0)
	              Index Cond: ((id >= 2757260) AND (id <= 2758259))

table 8 : explain SELECT SUM(k) FROM sbtest8 WHERE id BETWEEN 5988879 AND 5989878
	Aggregate  (cost=3718.82..3718.83 rows=1 width=8)
	  ->  Bitmap Heap Scan on sbtest8  (cost=22.29..3716.42 rows=961 width=4)
	        Recheck Cond: ((id >= 5988879) AND (id <= 5989878))
	        ->  Bitmap Index Scan on sbtest8_pkey  (cost=0.00..22.04 rows=961 width=0)
	              Index Cond: ((id >= 5988879) AND (id <= 5989878))

for: distinct_ranges
table 1 : explain SELECT DISTINCT c FROM sbtest1 WHERE id BETWEEN 894107 AND 895106 ORDER BY c
	Unique  (cost=3530.87..3535.37 rows=901 width=121)
	  ->  Sort  (cost=3530.87..3533.12 rows=901 width=121)
	        Sort Key: c
	        ->  Bitmap Heap Scan on sbtest1  (cost=21.67..3486.65 rows=901 width=121)
	              Recheck Cond: ((id >= 894107) AND (id <= 895106))
	              ->  Bitmap Index Scan on sbtest1_pkey  (cost=0.00..21.44 rows=901 width=0)
	                    Index Cond: ((id >= 894107) AND (id <= 895106))

table 2 : explain SELECT DISTINCT c FROM sbtest2 WHERE id BETWEEN 6987230 AND 6988229 ORDER BY c
	Unique  (cost=3838.31..3843.22 rows=981 width=121)
	  ->  Sort  (cost=3838.31..3840.77 rows=981 width=121)
	        Sort Key: c
	        ->  Bitmap Heap Scan on sbtest2  (cost=22.49..3789.57 rows=981 width=121)
	              Recheck Cond: ((id >= 6987230) AND (id <= 6988229))
	              ->  Bitmap Index Scan on sbtest2_pkey  (cost=0.00..22.25 rows=981 width=0)
	                    Index Cond: ((id >= 6987230) AND (id <= 6988229))

table 3 : explain SELECT DISTINCT c FROM sbtest3 WHERE id BETWEEN 4918888 AND 4919887 ORDER BY c
	Unique  (cost=3846.08..3851.00 rows=983 width=121)
	  ->  Sort  (cost=3846.08..3848.54 rows=983 width=121)
	        Sort Key: c
	        ->  Bitmap Heap Scan on sbtest3  (cost=22.51..3797.22 rows=983 width=121)
	              Recheck Cond: ((id >= 4918888) AND (id <= 4919887))
	              ->  Bitmap Index Scan on sbtest3_pkey  (cost=0.00..22.26 rows=983 width=0)
	                    Index Cond: ((id >= 4918888) AND (id <= 4919887))

table 4 : explain SELECT DISTINCT c FROM sbtest4 WHERE id BETWEEN 5972343 AND 5973342 ORDER BY c
	Unique  (cost=3663.29..3667.96 rows=935 width=121)
	  ->  Sort  (cost=3663.29..3665.62 rows=935 width=121)
	        Sort Key: c
	        ->  Bitmap Heap Scan on sbtest4  (cost=22.02..3617.15 rows=935 width=121)
	              Recheck Cond: ((id >= 5972343) AND (id <= 5973342))
	              ->  Bitmap Index Scan on sbtest4_pkey  (cost=0.00..21.79 rows=935 width=0)
	                    Index Cond: ((id >= 5972343) AND (id <= 5973342))

table 5 : explain SELECT DISTINCT c FROM sbtest5 WHERE id BETWEEN 2324686 AND 2325685 ORDER BY c
	Unique  (cost=3843.40..3848.31 rows=982 width=121)
	  ->  Sort  (cost=3843.40..3845.85 rows=982 width=121)
	        Sort Key: c
	        ->  Bitmap Heap Scan on sbtest5  (cost=22.50..3794.60 rows=982 width=121)
	              Recheck Cond: ((id >= 2324686) AND (id <= 2325685))
	              ->  Bitmap Index Scan on sbtest5_pkey  (cost=0.00..22.25 rows=982 width=0)
	                    Index Cond: ((id >= 2324686) AND (id <= 2325685))

table 6 : explain SELECT DISTINCT c FROM sbtest6 WHERE id BETWEEN 8509065 AND 8510064 ORDER BY c
	Unique  (cost=4260.07..4265.52 rows=1090 width=121)
	  ->  Sort  (cost=4260.07..4262.80 rows=1090 width=121)
	        Sort Key: c
	        ->  Bitmap Heap Scan on sbtest6  (cost=27.61..4205.08 rows=1090 width=121)
	              Recheck Cond: ((id >= 8509065) AND (id <= 8510064))
	              ->  Bitmap Index Scan on sbtest6_pkey  (cost=0.00..27.33 rows=1090 width=0)
	                    Index Cond: ((id >= 8509065) AND (id <= 8510064))

table 7 : explain SELECT DISTINCT c FROM sbtest7 WHERE id BETWEEN 3755722 AND 3756721 ORDER BY c
	Unique  (cost=3944.06..3949.10 rows=1008 width=121)
	  ->  Sort  (cost=3944.06..3946.58 rows=1008 width=121)
	        Sort Key: c
	        ->  Bitmap Heap Scan on sbtest7  (cost=22.77..3893.77 rows=1008 width=121)
	              Recheck Cond: ((id >= 3755722) AND (id <= 3756721))
	              ->  Bitmap Index Scan on sbtest7_pkey  (cost=0.00..22.51 rows=1008 width=0)
	                    Index Cond: ((id >= 3755722) AND (id <= 3756721))

table 8 : explain SELECT DISTINCT c FROM sbtest8 WHERE id BETWEEN 5974316 AND 5975315 ORDER BY c
	Unique  (cost=3764.03..3768.83 rows=961 width=121)
	  ->  Sort  (cost=3764.03..3766.43 rows=961 width=121)
	        Sort Key: c
	        ->  Bitmap Heap Scan on sbtest8  (cost=22.29..3716.42 rows=961 width=121)
	              Recheck Cond: ((id >= 5974316) AND (id <= 5975315))
	              ->  Bitmap Index Scan on sbtest8_pkey  (cost=0.00..22.04 rows=961 width=0)
	                    Index Cond: ((id >= 5974316) AND (id <= 5975315))

for: simple_ranges
table 1 : explain SELECT c FROM sbtest1 WHERE id BETWEEN 5320268 AND 5321267
	Bitmap Heap Scan on sbtest1  (cost=23.07..4002.94 rows=1038 width=121)
	  Recheck Cond: ((id >= 5320268) AND (id <= 5321267))
	  ->  Bitmap Index Scan on sbtest1_pkey  (cost=0.00..22.82 rows=1038 width=0)
	        Index Cond: ((id >= 5320268) AND (id <= 5321267))

table 2 : explain SELECT c FROM sbtest2 WHERE id BETWEEN 372150 AND 373149
	Bitmap Heap Scan on sbtest2  (cost=23.33..4098.16 rows=1063 width=121)
	  Recheck Cond: ((id >= 372150) AND (id <= 373149))
	  ->  Bitmap Index Scan on sbtest2_pkey  (cost=0.00..23.07 rows=1063 width=0)
	        Index Cond: ((id >= 372150) AND (id <= 373149))

table 3 : explain SELECT c FROM sbtest3 WHERE id BETWEEN 7425876 AND 7426875
	Bitmap Heap Scan on sbtest3  (cost=22.33..3729.36 rows=965 width=121)
	  Recheck Cond: ((id >= 7425876) AND (id <= 7426875))
	  ->  Bitmap Index Scan on sbtest3_pkey  (cost=0.00..22.08 rows=965 width=0)
	        Index Cond: ((id >= 7425876) AND (id <= 7426875))

table 4 : explain SELECT c FROM sbtest4 WHERE id BETWEEN 9444274 AND 9445273
	Bitmap Heap Scan on sbtest4  (cost=23.07..4005.43 rows=1038 width=121)
	  Recheck Cond: ((id >= 9444274) AND (id <= 9445273))
	  ->  Bitmap Index Scan on sbtest4_pkey  (cost=0.00..22.82 rows=1038 width=0)
	        Index Cond: ((id >= 9444274) AND (id <= 9445273))

table 5 : explain SELECT c FROM sbtest5 WHERE id BETWEEN 5297355 AND 5298354
	Bitmap Heap Scan on sbtest5  (cost=22.14..3662.55 rows=947 width=121)
	  Recheck Cond: ((id >= 5297355) AND (id <= 5298354))
	  ->  Bitmap Index Scan on sbtest5_pkey  (cost=0.00..21.90 rows=947 width=0)
	        Index Cond: ((id >= 5297355) AND (id <= 5298354))

table 6 : explain SELECT c FROM sbtest6 WHERE id BETWEEN 9159760 AND 9160759
	Bitmap Heap Scan on sbtest6  (cost=23.01..3982.98 rows=1032 width=121)
	  Recheck Cond: ((id >= 9159760) AND (id <= 9160759))
	  ->  Bitmap Index Scan on sbtest6_pkey  (cost=0.00..22.75 rows=1032 width=0)
	        Index Cond: ((id >= 9159760) AND (id <= 9160759))

table 7 : explain SELECT c FROM sbtest7 WHERE id BETWEEN 6867070 AND 6868069
	Bitmap Heap Scan on sbtest7  (cost=22.59..3829.68 rows=991 width=121)
	  Recheck Cond: ((id >= 6867070) AND (id <= 6868069))
	  ->  Bitmap Index Scan on sbtest7_pkey  (cost=0.00..22.34 rows=991 width=0)
	        Index Cond: ((id >= 6867070) AND (id <= 6868069))

table 8 : explain SELECT c FROM sbtest8 WHERE id BETWEEN 1010838 AND 1011837
	Bitmap Heap Scan on sbtest8  (cost=21.17..3304.17 rows=852 width=121)
	  Recheck Cond: ((id >= 1010838) AND (id <= 1011837))
	  ->  Bitmap Index Scan on sbtest8_pkey  (cost=0.00..20.95 rows=852 width=0)
	        Index Cond: ((id >= 1010838) AND (id <= 1011837))

for: distinct_ranges
table 1 : explain SELECT DISTINCT c FROM sbtest1 WHERE id BETWEEN 2172700 AND 2173699 ORDER BY c
	Unique  (cost=4035.85..4041.02 rows=1033 width=121)
	  ->  Sort  (cost=4035.85..4038.43 rows=1033 width=121)
	        Sort Key: c
	        ->  Bitmap Heap Scan on sbtest1  (cost=23.02..3984.14 rows=1033 width=121)
	              Recheck Cond: ((id >= 2172700) AND (id <= 2173699))
	              ->  Bitmap Index Scan on sbtest1_pkey  (cost=0.00..22.76 rows=1033 width=0)
	                    Index Cond: ((id >= 2172700) AND (id <= 2173699))

table 2 : explain SELECT DISTINCT c FROM sbtest2 WHERE id BETWEEN 3969007 AND 3970006 ORDER BY c
	Unique  (cost=4182.12..4187.48 rows=1071 width=121)
	  ->  Sort  (cost=4182.12..4184.80 rows=1071 width=121)
	        Sort Key: c
	        ->  Bitmap Heap Scan on sbtest2  (cost=23.41..4128.22 rows=1071 width=121)
	              Recheck Cond: ((id >= 3969007) AND (id <= 3970006))
	              ->  Bitmap Index Scan on sbtest2_pkey  (cost=0.00..23.14 rows=1071 width=0)
	                    Index Cond: ((id >= 3969007) AND (id <= 3970006))

table 3 : explain SELECT DISTINCT c FROM sbtest3 WHERE id BETWEEN 6666197 AND 6667196 ORDER BY c
	Unique  (cost=4109.75..4115.01 rows=1052 width=121)
	  ->  Sort  (cost=4109.75..4112.38 rows=1052 width=121)
	        Sort Key: c
	        ->  Bitmap Heap Scan on sbtest3  (cost=23.22..4056.94 rows=1052 width=121)
	              Recheck Cond: ((id >= 6666197) AND (id <= 6667196))
	              ->  Bitmap Index Scan on sbtest3_pkey  (cost=0.00..22.95 rows=1052 width=0)
	                    Index Cond: ((id >= 6666197) AND (id <= 6667196))

table 4 : explain SELECT DISTINCT c FROM sbtest4 WHERE id BETWEEN 1455279 AND 1456278 ORDER BY c
	Unique  (cost=4389.64..4395.27 rows=1125 width=121)
	  ->  Sort  (cost=4389.64..4392.45 rows=1125 width=121)
	        Sort Key: c
	        ->  Bitmap Heap Scan on sbtest4  (cost=27.97..4332.63 rows=1125 width=121)
	              Recheck Cond: ((id >= 1455279) AND (id <= 1456278))
	              ->  Bitmap Index Scan on sbtest4_pkey  (cost=0.00..27.68 rows=1125 width=0)
	                    Index Cond: ((id >= 1455279) AND (id <= 1456278))

table 5 : explain SELECT DISTINCT c FROM sbtest5 WHERE id BETWEEN 9882200 AND 9883199 ORDER BY c
	Unique  (cost=4141.57..4146.87 rows=1060 width=121)
	  ->  Sort  (cost=4141.57..4144.22 rows=1060 width=121)
	        Sort Key: c
	        ->  Bitmap Heap Scan on sbtest5  (cost=23.30..4088.30 rows=1060 width=121)
	              Recheck Cond: ((id >= 9882200) AND (id <= 9883199))
	              ->  Bitmap Index Scan on sbtest5_pkey  (cost=0.00..23.04 rows=1060 width=0)
	                    Index Cond: ((id >= 9882200) AND (id <= 9883199))

table 6 : explain SELECT DISTINCT c FROM sbtest6 WHERE id BETWEEN 5525855 AND 5526854 ORDER BY c
	Unique  (cost=3969.65..3974.73 rows=1015 width=121)
	  ->  Sort  (cost=3969.65..3972.19 rows=1015 width=121)
	        Sort Key: c
	        ->  Bitmap Heap Scan on sbtest6  (cost=22.84..3918.97 rows=1015 width=121)
	              Recheck Cond: ((id >= 5525855) AND (id <= 5526854))
	              ->  Bitmap Index Scan on sbtest6_pkey  (cost=0.00..22.58 rows=1015 width=0)
	                    Index Cond: ((id >= 5525855) AND (id <= 5526854))

table 7 : explain SELECT DISTINCT c FROM sbtest7 WHERE id BETWEEN 4456561 AND 4457560 ORDER BY c
	Unique  (cost=4227.04..4232.44 rows=1081 width=121)
	  ->  Sort  (cost=4227.04..4229.74 rows=1081 width=121)
	        Sort Key: c
	        ->  Bitmap Heap Scan on sbtest7  (cost=27.52..4172.57 rows=1081 width=121)
	              Recheck Cond: ((id >= 4456561) AND (id <= 4457560))
	              ->  Bitmap Index Scan on sbtest7_pkey  (cost=0.00..27.25 rows=1081 width=0)
	                    Index Cond: ((id >= 4456561) AND (id <= 4457560))

table 8 : explain SELECT DISTINCT c FROM sbtest8 WHERE id BETWEEN 814644 AND 815643 ORDER BY c
	Unique  (cost=3913.54..3918.53 rows=999 width=121)
	  ->  Sort  (cost=3913.54..3916.03 rows=999 width=121)
	        Sort Key: c
	        ->  Bitmap Heap Scan on sbtest8  (cost=26.67..3863.76 rows=999 width=121)
	              Recheck Cond: ((id >= 814644) AND (id <= 815643))
	              ->  Bitmap Index Scan on sbtest8_pkey  (cost=0.00..26.43 rows=999 width=0)
	                    Index Cond: ((id >= 814644) AND (id <= 815643))

for: order_ranges
table 1 : explain SELECT c FROM sbtest1 WHERE id BETWEEN 4627091 AND 4628090 ORDER BY c
	Sort  (cost=3760.68..3763.08 rows=961 width=121)
	  Sort Key: c
	  ->  Bitmap Heap Scan on sbtest1  (cost=22.29..3713.07 rows=961 width=121)
	        Recheck Cond: ((id >= 4627091) AND (id <= 4628090))
	        ->  Bitmap Index Scan on sbtest1_pkey  (cost=0.00..22.04 rows=961 width=0)
	              Index Cond: ((id >= 4627091) AND (id <= 4628090))

table 2 : explain SELECT c FROM sbtest2 WHERE id BETWEEN 2504380 AND 2505379 ORDER BY c
	Sort  (cost=3926.27..3928.78 rows=1004 width=121)
	  Sort Key: c
	  ->  Bitmap Heap Scan on sbtest2  (cost=22.73..3876.21 rows=1004 width=121)
	        Recheck Cond: ((id >= 2504380) AND (id <= 2505379))
	        ->  Bitmap Index Scan on sbtest2_pkey  (cost=0.00..22.47 rows=1004 width=0)
	              Index Cond: ((id >= 2504380) AND (id <= 2505379))

table 3 : explain SELECT c FROM sbtest3 WHERE id BETWEEN 3537974 AND 3538973 ORDER BY c
	Sort  (cost=3562.65..3564.92 rows=909 width=121)
	  Sort Key: c
	  ->  Bitmap Heap Scan on sbtest3  (cost=21.75..3517.98 rows=909 width=121)
	        Recheck Cond: ((id >= 3537974) AND (id <= 3538973))
	        ->  Bitmap Index Scan on sbtest3_pkey  (cost=0.00..21.52 rows=909 width=0)
	              Index Cond: ((id >= 3537974) AND (id <= 3538973))

table 4 : explain SELECT c FROM sbtest4 WHERE id BETWEEN 2659726 AND 2660725 ORDER BY c
	Sort  (cost=3755.24..3757.64 rows=959 width=121)
	  Sort Key: c
	  ->  Bitmap Heap Scan on sbtest4  (cost=22.26..3707.75 rows=959 width=121)
	        Recheck Cond: ((id >= 2659726) AND (id <= 2660725))
	        ->  Bitmap Index Scan on sbtest4_pkey  (cost=0.00..22.02 rows=959 width=0)
	              Index Cond: ((id >= 2659726) AND (id <= 2660725))

table 5 : explain SELECT c FROM sbtest5 WHERE id BETWEEN 958447 AND 959446 ORDER BY c
	Sort  (cost=3563.67..3565.94 rows=909 width=121)
	  Sort Key: c
	  ->  Bitmap Heap Scan on sbtest5  (cost=21.75..3519.00 rows=909 width=121)
	        Recheck Cond: ((id >= 958447) AND (id <= 959446))
	        ->  Bitmap Index Scan on sbtest5_pkey  (cost=0.00..21.52 rows=909 width=0)
	              Index Cond: ((id >= 958447) AND (id <= 959446))

table 6 : explain SELECT c FROM sbtest6 WHERE id BETWEEN 210541 AND 211540 ORDER BY c
	Sort  (cost=4137.95..4140.59 rows=1058 width=121)
	  Sort Key: c
	  ->  Bitmap Heap Scan on sbtest6  (cost=27.28..4084.80 rows=1058 width=121)
	        Recheck Cond: ((id >= 210541) AND (id <= 211540))
	        ->  Bitmap Index Scan on sbtest6_pkey  (cost=0.00..27.01 rows=1058 width=0)
	              Index Cond: ((id >= 210541) AND (id <= 211540))

table 7 : explain SELECT c FROM sbtest7 WHERE id BETWEEN 5941389 AND 5942388 ORDER BY c
	Sort  (cost=3507.10..3509.34 rows=894 width=121)
	  Sort Key: c
	  ->  Bitmap Heap Scan on sbtest7  (cost=21.60..3463.28 rows=894 width=121)
	        Recheck Cond: ((id >= 5941389) AND (id <= 5942388))
	        ->  Bitmap Index Scan on sbtest7_pkey  (cost=0.00..21.37 rows=894 width=0)
	              Index Cond: ((id >= 5941389) AND (id <= 5942388))

table 8 : explain SELECT c FROM sbtest8 WHERE id BETWEEN 1322403 AND 1323402 ORDER BY c
	Sort  (cost=3679.70..3682.05 rows=939 width=121)
	  Sort Key: c
	  ->  Bitmap Heap Scan on sbtest8  (cost=22.06..3633.34 rows=939 width=121)
	        Recheck Cond: ((id >= 1322403) AND (id <= 1323402))
	        ->  Bitmap Index Scan on sbtest8_pkey  (cost=0.00..21.82 rows=939 width=0)
	              Index Cond: ((id >= 1322403) AND (id <= 1323402))

for: distinct_ranges
table 1 : explain SELECT DISTINCT c FROM sbtest1 WHERE id BETWEEN 2362029 AND 2363028 ORDER BY c
	Unique  (cost=3783.63..3788.47 rows=967 width=121)
	  ->  Sort  (cost=3783.63..3786.05 rows=967 width=121)
	        Sort Key: c
	        ->  Bitmap Heap Scan on sbtest1  (cost=22.35..3735.68 rows=967 width=121)
	              Recheck Cond: ((id >= 2362029) AND (id <= 2363028))
	              ->  Bitmap Index Scan on sbtest1_pkey  (cost=0.00..22.11 rows=967 width=0)
	                    Index Cond: ((id >= 2362029) AND (id <= 2363028))

table 2 : explain SELECT DISTINCT c FROM sbtest2 WHERE id BETWEEN 5103414 AND 5104413 ORDER BY c
	Unique  (cost=4193.56..4198.93 rows=1074 width=121)
	  ->  Sort  (cost=4193.56..4196.25 rows=1074 width=121)
	        Sort Key: c
	        ->  Bitmap Heap Scan on sbtest2  (cost=23.44..4139.49 rows=1074 width=121)
	              Recheck Cond: ((id >= 5103414) AND (id <= 5104413))
	              ->  Bitmap Index Scan on sbtest2_pkey  (cost=0.00..23.18 rows=1074 width=0)
	                    Index Cond: ((id >= 5103414) AND (id <= 5104413))

table 3 : explain SELECT DISTINCT c FROM sbtest3 WHERE id BETWEEN 5223728 AND 5224727 ORDER BY c
	Unique  (cost=3983.72..3988.81 rows=1019 width=121)
	  ->  Sort  (cost=3983.72..3986.27 rows=1019 width=121)
	        Sort Key: c
	        ->  Bitmap Heap Scan on sbtest3  (cost=22.88..3932.80 rows=1019 width=121)
	              Recheck Cond: ((id >= 5223728) AND (id <= 5224727))
	              ->  Bitmap Index Scan on sbtest3_pkey  (cost=0.00..22.62 rows=1019 width=0)
	                    Index Cond: ((id >= 5223728) AND (id <= 5224727))

table 4 : explain SELECT DISTINCT c FROM sbtest4 WHERE id BETWEEN 9998939 AND 9999938 ORDER BY c
	Unique  (cost=3908.35..3913.34 rows=999 width=121)
	  ->  Sort  (cost=3908.35..3910.84 rows=999 width=121)
	        Sort Key: c
	        ->  Bitmap Heap Scan on sbtest4  (cost=22.67..3858.57 rows=999 width=121)
	              Recheck Cond: ((id >= 9998939) AND (id <= 9999938))
	              ->  Bitmap Index Scan on sbtest4_pkey  (cost=0.00..22.43 rows=999 width=0)
	                    Index Cond: ((id >= 9998939) AND (id <= 9999938))

table 5 : explain SELECT DISTINCT c FROM sbtest5 WHERE id BETWEEN 3512459 AND 3513458 ORDER BY c
	Unique  (cost=3525.30..3529.79 rows=899 width=121)
	  ->  Sort  (cost=3525.30..3527.55 rows=899 width=121)
	        Sort Key: c
	        ->  Bitmap Heap Scan on sbtest5  (cost=21.65..3481.19 rows=899 width=121)
	              Recheck Cond: ((id >= 3512459) AND (id <= 3513458))
	              ->  Bitmap Index Scan on sbtest5_pkey  (cost=0.00..21.43 rows=899 width=0)
	                    Index Cond: ((id >= 3512459) AND (id <= 3513458))

table 6 : explain SELECT DISTINCT c FROM sbtest6 WHERE id BETWEEN 2654412 AND 2655411 ORDER BY c
	Unique  (cost=3770.67..3775.49 rows=963 width=121)
	  ->  Sort  (cost=3770.67..3773.08 rows=963 width=121)
	        Sort Key: c
	        ->  Bitmap Heap Scan on sbtest6  (cost=22.31..3722.95 rows=963 width=121)
	              Recheck Cond: ((id >= 2654412) AND (id <= 2655411))
	              ->  Bitmap Index Scan on sbtest6_pkey  (cost=0.00..22.07 rows=963 width=0)
	                    Index Cond: ((id >= 2654412) AND (id <= 2655411))

table 7 : explain SELECT DISTINCT c FROM sbtest7 WHERE id BETWEEN 9492995 AND 9493994 ORDER BY c
	Unique  (cost=3813.91..3818.78 rows=974 width=121)
	  ->  Sort  (cost=3813.91..3816.34 rows=974 width=121)
	        Sort Key: c
	        ->  Bitmap Heap Scan on sbtest7  (cost=22.42..3765.56 rows=974 width=121)
	              Recheck Cond: ((id >= 9492995) AND (id <= 9493994))
	              ->  Bitmap Index Scan on sbtest7_pkey  (cost=0.00..22.18 rows=974 width=0)
	                    Index Cond: ((id >= 9492995) AND (id <= 9493994))

table 8 : explain SELECT DISTINCT c FROM sbtest8 WHERE id BETWEEN 6174949 AND 6175948 ORDER BY c
	Unique  (cost=3510.87..3515.35 rows=895 width=121)
	  ->  Sort  (cost=3510.87..3513.11 rows=895 width=121)
	        Sort Key: c
	        ->  Bitmap Heap Scan on sbtest8  (cost=21.61..3466.99 rows=895 width=121)
	              Recheck Cond: ((id >= 6174949) AND (id <= 6175948))
	              ->  Bitmap Index Scan on sbtest8_pkey  (cost=0.00..21.39 rows=895 width=0)
	                    Index Cond: ((id >= 6174949) AND (id <= 6175948))

for: simple_ranges
table 1 : explain SELECT c FROM sbtest1 WHERE id BETWEEN 4893303 AND 4894302
	Bitmap Heap Scan on sbtest1  (cost=21.88..3562.18 rows=921 width=121)
	  Recheck Cond: ((id >= 4893303) AND (id <= 4894302))
	  ->  Bitmap Index Scan on sbtest1_pkey  (cost=0.00..21.64 rows=921 width=0)
	        Index Cond: ((id >= 4893303) AND (id <= 4894302))

table 2 : explain SELECT c FROM sbtest2 WHERE id BETWEEN 2983827 AND 2984826
	Bitmap Heap Scan on sbtest2  (cost=23.31..4090.65 rows=1061 width=121)
	  Recheck Cond: ((id >= 2983827) AND (id <= 2984826))
	  ->  Bitmap Index Scan on sbtest2_pkey  (cost=0.00..23.04 rows=1061 width=0)
	        Index Cond: ((id >= 2983827) AND (id <= 2984826))

table 3 : explain SELECT c FROM sbtest3 WHERE id BETWEEN 4134334 AND 4135333
	Bitmap Heap Scan on sbtest3  (cost=23.08..4008.06 rows=1039 width=121)
	  Recheck Cond: ((id >= 4134334) AND (id <= 4135333))
	  ->  Bitmap Index Scan on sbtest3_pkey  (cost=0.00..22.82 rows=1039 width=0)
	        Index Cond: ((id >= 4134334) AND (id <= 4135333))

table 4 : explain SELECT c FROM sbtest4 WHERE id BETWEEN 489589 AND 490588
	Bitmap Heap Scan on sbtest4  (cost=22.77..3892.48 rows=1008 width=121)
	  Recheck Cond: ((id >= 489589) AND (id <= 490588))
	  ->  Bitmap Index Scan on sbtest4_pkey  (cost=0.00..22.51 rows=1008 width=0)
	        Index Cond: ((id >= 489589) AND (id <= 490588))

table 5 : explain SELECT c FROM sbtest5 WHERE id BETWEEN 718803 AND 719802
	Bitmap Heap Scan on sbtest5  (cost=21.45..3409.32 rows=880 width=121)
	  Recheck Cond: ((id >= 718803) AND (id <= 719802))
	  ->  Bitmap Index Scan on sbtest5_pkey  (cost=0.00..21.23 rows=880 width=0)
	        Index Cond: ((id >= 718803) AND (id <= 719802))

table 6 : explain SELECT c FROM sbtest6 WHERE id BETWEEN 989233 AND 990232
	Bitmap Heap Scan on sbtest6  (cost=22.72..3873.76 rows=1003 width=121)
	  Recheck Cond: ((id >= 989233) AND (id <= 990232))
	  ->  Bitmap Index Scan on sbtest6_pkey  (cost=0.00..22.46 rows=1003 width=0)
	        Index Cond: ((id >= 989233) AND (id <= 990232))

table 7 : explain SELECT c FROM sbtest7 WHERE id BETWEEN 2628989 AND 2629988
	Bitmap Heap Scan on sbtest7  (cost=23.24..4067.01 rows=1054 width=121)
	  Recheck Cond: ((id >= 2628989) AND (id <= 2629988))
	  ->  Bitmap Index Scan on sbtest7_pkey  (cost=0.00..22.97 rows=1054 width=0)
	        Index Cond: ((id >= 2628989) AND (id <= 2629988))

table 8 : explain SELECT c FROM sbtest8 WHERE id BETWEEN 3332849 AND 3333848
	Bitmap Heap Scan on sbtest8  (cost=22.47..3784.34 rows=979 width=121)
	  Recheck Cond: ((id >= 3332849) AND (id <= 3333848))
	  ->  Bitmap Index Scan on sbtest8_pkey  (cost=0.00..22.22 rows=979 width=0)
	        Index Cond: ((id >= 3332849) AND (id <= 3333848))

for: sum_ranges
table 1 : explain SELECT SUM(k) FROM sbtest1 WHERE id BETWEEN 8049823 AND 8050822
	Aggregate  (cost=3692.84..3692.85 rows=1 width=8)
	  ->  Bitmap Heap Scan on sbtest1  (cost=22.22..3690.45 rows=955 width=4)
	        Recheck Cond: ((id >= 8049823) AND (id <= 8050822))
	        ->  Bitmap Index Scan on sbtest1_pkey  (cost=0.00..21.98 rows=955 width=0)
	              Index Cond: ((id >= 8049823) AND (id <= 8050822))

table 2 : explain SELECT SUM(k) FROM sbtest2 WHERE id BETWEEN 9253156 AND 9254155
	Aggregate  (cost=3712.80..3712.81 rows=1 width=8)
	  ->  Bitmap Heap Scan on sbtest2  (cost=22.27..3710.40 rows=960 width=4)
	        Recheck Cond: ((id >= 9253156) AND (id <= 9254155))
	        ->  Bitmap Index Scan on sbtest2_pkey  (cost=0.00..22.04 rows=960 width=0)
	              Index Cond: ((id >= 9253156) AND (id <= 9254155))

table 3 : explain SELECT SUM(k) FROM sbtest3 WHERE id BETWEEN 9398721 AND 9399720
	Aggregate  (cost=3709.13..3709.14 rows=1 width=8)
	  ->  Bitmap Heap Scan on sbtest3  (cost=22.26..3706.74 rows=959 width=4)
	        Recheck Cond: ((id >= 9398721) AND (id <= 9399720))
	        ->  Bitmap Index Scan on sbtest3_pkey  (cost=0.00..22.02 rows=959 width=0)
	              Index Cond: ((id >= 9398721) AND (id <= 9399720))

table 4 : explain SELECT SUM(k) FROM sbtest4 WHERE id BETWEEN 6116059 AND 6117058
	Aggregate  (cost=3638.38..3638.39 rows=1 width=8)
	  ->  Bitmap Heap Scan on sbtest4  (cost=22.07..3636.03 rows=940 width=4)
	        Recheck Cond: ((id >= 6116059) AND (id <= 6117058))
	        ->  Bitmap Index Scan on sbtest4_pkey  (cost=0.00..21.83 rows=940 width=0)
	              Index Cond: ((id >= 6116059) AND (id <= 6117058))

table 5 : explain SELECT SUM(k) FROM sbtest5 WHERE id BETWEEN 964305 AND 965304
	Aggregate  (cost=3521.27..3521.28 rows=1 width=8)
	  ->  Bitmap Heap Scan on sbtest5  (cost=21.75..3519.00 rows=909 width=4)
	        Recheck Cond: ((id >= 964305) AND (id <= 965304))
	        ->  Bitmap Index Scan on sbtest5_pkey  (cost=0.00..21.52 rows=909 width=0)
	              Index Cond: ((id >= 964305) AND (id <= 965304))

table 6 : explain SELECT SUM(k) FROM sbtest6 WHERE id BETWEEN 5009285 AND 5010284
	Aggregate  (cost=3812.16..3812.17 rows=1 width=8)
	  ->  Bitmap Heap Scan on sbtest6  (cost=22.54..3809.69 rows=986 width=4)
	        Recheck Cond: ((id >= 5009285) AND (id <= 5010284))
	        ->  Bitmap Index Scan on sbtest6_pkey  (cost=0.00..22.29 rows=986 width=0)
	              Index Cond: ((id >= 5009285) AND (id <= 5010284))

table 7 : explain SELECT SUM(k) FROM sbtest7 WHERE id BETWEEN 6178907 AND 6179906
	Aggregate  (cost=3510.94..3510.95 rows=1 width=8)
	  ->  Bitmap Heap Scan on sbtest7  (cost=21.72..3508.67 rows=906 width=4)
	        Recheck Cond: ((id >= 6178907) AND (id <= 6179906))
	        ->  Bitmap Index Scan on sbtest7_pkey  (cost=0.00..21.50 rows=906 width=0)
	              Index Cond: ((id >= 6178907) AND (id <= 6179906))

table 8 : explain SELECT SUM(k) FROM sbtest8 WHERE id BETWEEN 2055156 AND 2056155
	Aggregate  (cost=3979.38..3979.39 rows=1 width=8)
	  ->  Bitmap Heap Scan on sbtest8  (cost=26.98..3976.80 rows=1029 width=4)
	        Recheck Cond: ((id >= 2055156) AND (id <= 2056155))
	        ->  Bitmap Index Scan on sbtest8_pkey  (cost=0.00..26.72 rows=1029 width=0)
	              Index Cond: ((id >= 2055156) AND (id <= 2056155))

for: sum_ranges
table 1 : explain SELECT SUM(k) FROM sbtest1 WHERE id BETWEEN 2802951 AND 2803950
	Aggregate  (cost=4054.43..4054.44 rows=1 width=8)
	  ->  Bitmap Heap Scan on sbtest1  (cost=23.21..4051.80 rows=1051 width=4)
	        Recheck Cond: ((id >= 2802951) AND (id <= 2803950))
	        ->  Bitmap Index Scan on sbtest1_pkey  (cost=0.00..22.94 rows=1051 width=0)
	              Index Cond: ((id >= 2802951) AND (id <= 2803950))

table 2 : explain SELECT SUM(k) FROM sbtest2 WHERE id BETWEEN 7873193 AND 7874192
	Aggregate  (cost=3516.37..3516.38 rows=1 width=8)
	  ->  Bitmap Heap Scan on sbtest2  (cost=21.74..3514.10 rows=908 width=4)
	        Recheck Cond: ((id >= 7873193) AND (id <= 7874192))
	        ->  Bitmap Index Scan on sbtest2_pkey  (cost=0.00..21.51 rows=908 width=0)
	              Index Cond: ((id >= 7873193) AND (id <= 7874192))

table 3 : explain SELECT SUM(k) FROM sbtest3 WHERE id BETWEEN 330951 AND 331950
	Aggregate  (cost=3516.47..3516.48 rows=1 width=8)
	  ->  Bitmap Heap Scan on sbtest3  (cost=21.74..3514.20 rows=908 width=4)
	        Recheck Cond: ((id >= 330951) AND (id <= 331950))
	        ->  Bitmap Index Scan on sbtest3_pkey  (cost=0.00..21.51 rows=908 width=0)
	              Index Cond: ((id >= 330951) AND (id <= 331950))

table 4 : explain SELECT SUM(k) FROM sbtest4 WHERE id BETWEEN 9540734 AND 9541733
	Aggregate  (cost=3932.69..3932.70 rows=1 width=8)
	  ->  Bitmap Heap Scan on sbtest4  (cost=22.87..3930.15 rows=1018 width=4)
	        Recheck Cond: ((id >= 9540734) AND (id <= 9541733))
	        ->  Bitmap Index Scan on sbtest4_pkey  (cost=0.00..22.61 rows=1018 width=0)
	              Index Cond: ((id >= 9540734) AND (id <= 9541733))

table 5 : explain SELECT SUM(k) FROM sbtest5 WHERE id BETWEEN 2753546 AND 2754545
	Aggregate  (cost=3831.00..3831.01 rows=1 width=8)
	  ->  Bitmap Heap Scan on sbtest5  (cost=22.59..3828.52 rows=991 width=4)
	        Recheck Cond: ((id >= 2753546) AND (id <= 2754545))
	        ->  Bitmap Index Scan on sbtest5_pkey  (cost=0.00..22.34 rows=991 width=0)
	              Index Cond: ((id >= 2753546) AND (id <= 2754545))

table 6 : explain SELECT SUM(k) FROM sbtest6 WHERE id BETWEEN 9247224 AND 9248223
	Aggregate  (cost=3574.23..3574.24 rows=1 width=8)
	  ->  Bitmap Heap Scan on sbtest6  (cost=21.90..3571.93 rows=923 width=4)
	        Recheck Cond: ((id >= 9247224) AND (id <= 9248223))
	        ->  Bitmap Index Scan on sbtest6_pkey  (cost=0.00..21.66 rows=923 width=0)
	              Index Cond: ((id >= 9247224) AND (id <= 9248223))

table 7 : explain SELECT SUM(k) FROM sbtest7 WHERE id BETWEEN 5556617 AND 5557616
	Aggregate  (cost=3986.77..3986.78 rows=1 width=8)
	  ->  Bitmap Heap Scan on sbtest7  (cost=23.01..3984.19 rows=1032 width=4)
	        Recheck Cond: ((id >= 5556617) AND (id <= 5557616))
	        ->  Bitmap Index Scan on sbtest7_pkey  (cost=0.00..22.75 rows=1032 width=0)
	              Index Cond: ((id >= 5556617) AND (id <= 5557616))

table 8 : explain SELECT SUM(k) FROM sbtest8 WHERE id BETWEEN 106005 AND 107004
	Aggregate  (cost=3563.84..3563.85 rows=1 width=8)
	  ->  Bitmap Heap Scan on sbtest8  (cost=21.87..3561.54 rows=920 width=4)
	        Recheck Cond: ((id >= 106005) AND (id <= 107004))
	        ->  Bitmap Index Scan on sbtest8_pkey  (cost=0.00..21.64 rows=920 width=0)
	              Index Cond: ((id >= 106005) AND (id <= 107004))

for: sum_ranges
table 1 : explain SELECT SUM(k) FROM sbtest1 WHERE id BETWEEN 2629318 AND 2630317
	Aggregate  (cost=3794.65..3794.66 rows=1 width=8)
	  ->  Bitmap Heap Scan on sbtest1  (cost=22.50..3792.20 rows=982 width=4)
	        Recheck Cond: ((id >= 2629318) AND (id <= 2630317))
	        ->  Bitmap Index Scan on sbtest1_pkey  (cost=0.00..22.25 rows=982 width=0)
	              Index Cond: ((id >= 2629318) AND (id <= 2630317))

table 2 : explain SELECT SUM(k) FROM sbtest2 WHERE id BETWEEN 8756174 AND 8757173
	Aggregate  (cost=4258.93..4258.94 rows=1 width=8)
	  ->  Bitmap Heap Scan on sbtest2  (cost=27.76..4256.17 rows=1105 width=4)
	        Recheck Cond: ((id >= 8756174) AND (id <= 8757173))
	        ->  Bitmap Index Scan on sbtest2_pkey  (cost=0.00..27.48 rows=1105 width=0)
	              Index Cond: ((id >= 8756174) AND (id <= 8757173))

table 3 : explain SELECT SUM(k) FROM sbtest3 WHERE id BETWEEN 1996829 AND 1997828
	Aggregate  (cost=3795.91..3795.92 rows=1 width=8)
	  ->  Bitmap Heap Scan on sbtest3  (cost=22.50..3793.45 rows=982 width=4)
	        Recheck Cond: ((id >= 1996829) AND (id <= 1997828))
	        ->  Bitmap Index Scan on sbtest3_pkey  (cost=0.00..22.25 rows=982 width=0)
	              Index Cond: ((id >= 1996829) AND (id <= 1997828))

table 4 : explain SELECT SUM(k) FROM sbtest4 WHERE id BETWEEN 6683939 AND 6684938
	Aggregate  (cost=3698.82..3698.83 rows=1 width=8)
	  ->  Bitmap Heap Scan on sbtest4  (cost=22.23..3696.43 rows=956 width=4)
	        Recheck Cond: ((id >= 6683939) AND (id <= 6684938))
	        ->  Bitmap Index Scan on sbtest4_pkey  (cost=0.00..22.00 rows=956 width=0)
	              Index Cond: ((id >= 6683939) AND (id <= 6684938))

table 5 : explain SELECT SUM(k) FROM sbtest5 WHERE id BETWEEN 3043062 AND 3044061
	Aggregate  (cost=3936.56..3936.57 rows=1 width=8)
	  ->  Bitmap Heap Scan on sbtest5  (cost=22.88..3934.01 rows=1019 width=4)
	        Recheck Cond: ((id >= 3043062) AND (id <= 3044061))
	        ->  Bitmap Index Scan on sbtest5_pkey  (cost=0.00..22.62 rows=1019 width=0)
	              Index Cond: ((id >= 3043062) AND (id <= 3044061))

table 6 : explain SELECT SUM(k) FROM sbtest6 WHERE id BETWEEN 8290144 AND 8291143
	Aggregate  (cost=3664.93..3664.94 rows=1 width=8)
	  ->  Bitmap Heap Scan on sbtest6  (cost=22.14..3662.57 rows=947 width=4)
	        Recheck Cond: ((id >= 8290144) AND (id <= 8291143))
	        ->  Bitmap Index Scan on sbtest6_pkey  (cost=0.00..21.90 rows=947 width=0)
	              Index Cond: ((id >= 8290144) AND (id <= 8291143))

table 7 : explain SELECT SUM(k) FROM sbtest7 WHERE id BETWEEN 1203874 AND 1204873
	Aggregate  (cost=3510.94..3510.95 rows=1 width=8)
	  ->  Bitmap Heap Scan on sbtest7  (cost=21.72..3508.67 rows=906 width=4)
	        Recheck Cond: ((id >= 1203874) AND (id <= 1204873))
	        ->  Bitmap Index Scan on sbtest7_pkey  (cost=0.00..21.50 rows=906 width=0)
	              Index Cond: ((id >= 1203874) AND (id <= 1204873))

table 8 : explain SELECT SUM(k) FROM sbtest8 WHERE id BETWEEN 8889424 AND 8890423
	Aggregate  (cost=3968.07..3968.08 rows=1 width=8)
	  ->  Bitmap Heap Scan on sbtest8  (cost=26.95..3965.51 rows=1026 width=4)
	        Recheck Cond: ((id >= 8889424) AND (id <= 8890423))
	        ->  Bitmap Index Scan on sbtest8_pkey  (cost=0.00..26.69 rows=1026 width=0)
	              Index Cond: ((id >= 8889424) AND (id <= 8890423))

for: sum_ranges
table 1 : explain SELECT SUM(k) FROM sbtest1 WHERE id BETWEEN 4126769 AND 4127768
	Aggregate  (cost=3907.67..3907.68 rows=1 width=8)
	  ->  Bitmap Heap Scan on sbtest1  (cost=22.81..3905.14 rows=1012 width=4)
	        Recheck Cond: ((id >= 4126769) AND (id <= 4127768))
	        ->  Bitmap Index Scan on sbtest1_pkey  (cost=0.00..22.55 rows=1012 width=0)
	              Index Cond: ((id >= 4126769) AND (id <= 4127768))

table 2 : explain SELECT SUM(k) FROM sbtest2 WHERE id BETWEEN 9610607 AND 9611606
	Aggregate  (cost=3629.74..3629.75 rows=1 width=8)
	  ->  Bitmap Heap Scan on sbtest2  (cost=22.05..3627.39 rows=938 width=4)
	        Recheck Cond: ((id >= 9610607) AND (id <= 9611606))
	        ->  Bitmap Index Scan on sbtest2_pkey  (cost=0.00..21.82 rows=938 width=0)
	              Index Cond: ((id >= 9610607) AND (id <= 9611606))

table 3 : explain SELECT SUM(k) FROM sbtest3 WHERE id BETWEEN 7639196 AND 7640195
	Aggregate  (cost=3882.61..3882.62 rows=1 width=8)
	  ->  Bitmap Heap Scan on sbtest3  (cost=22.74..3880.10 rows=1005 width=4)
	        Recheck Cond: ((id >= 7639196) AND (id <= 7640195))
	        ->  Bitmap Index Scan on sbtest3_pkey  (cost=0.00..22.48 rows=1005 width=0)
	              Index Cond: ((id >= 7639196) AND (id <= 7640195))

table 4 : explain SELECT SUM(k) FROM sbtest4 WHERE id BETWEEN 5478266 AND 5479265
	Aggregate  (cost=4320.42..4320.43 rows=1 width=8)
	  ->  Bitmap Heap Scan on sbtest4  (cost=27.93..4317.62 rows=1121 width=4)
	        Recheck Cond: ((id >= 5478266) AND (id <= 5479265))
	        ->  Bitmap Index Scan on sbtest4_pkey  (cost=0.00..27.64 rows=1121 width=0)
	              Index Cond: ((id >= 5478266) AND (id <= 5479265))

table 5 : explain SELECT SUM(k) FROM sbtest5 WHERE id BETWEEN 8462545 AND 8463544
	Aggregate  (cost=4019.43..4019.44 rows=1 width=8)
	  ->  Bitmap Heap Scan on sbtest5  (cost=23.11..4016.83 rows=1041 width=4)
	        Recheck Cond: ((id >= 8462545) AND (id <= 8463544))
	        ->  Bitmap Index Scan on sbtest5_pkey  (cost=0.00..22.84 rows=1041 width=0)
	              Index Cond: ((id >= 8462545) AND (id <= 8463544))

table 6 : explain SELECT SUM(k) FROM sbtest6 WHERE id BETWEEN 27350 AND 28349
	Aggregate  (cost=3672.49..3672.50 rows=1 width=8)
	  ->  Bitmap Heap Scan on sbtest6  (cost=22.16..3670.12 rows=949 width=4)
	        Recheck Cond: ((id >= 27350) AND (id <= 28349))
	        ->  Bitmap Index Scan on sbtest6_pkey  (cost=0.00..21.93 rows=949 width=0)
	              Index Cond: ((id >= 27350) AND (id <= 28349))

table 7 : explain SELECT SUM(k) FROM sbtest7 WHERE id BETWEEN 2160056 AND 2161055
	Aggregate  (cost=3847.25..3847.26 rows=1 width=8)
	  ->  Bitmap Heap Scan on sbtest7  (cost=22.63..3844.77 rows=995 width=4)
	        Recheck Cond: ((id >= 2160056) AND (id <= 2161055))
	        ->  Bitmap Index Scan on sbtest7_pkey  (cost=0.00..22.39 rows=995 width=0)
	              Index Cond: ((id >= 2160056) AND (id <= 2161055))

table 8 : explain SELECT SUM(k) FROM sbtest8 WHERE id BETWEEN 6721794 AND 6722793
	Aggregate  (cost=4035.89..4035.90 rows=1 width=8)
	  ->  Bitmap Heap Scan on sbtest8  (cost=27.14..4033.28 rows=1044 width=4)
	        Recheck Cond: ((id >= 6721794) AND (id <= 6722793))
	        ->  Bitmap Index Scan on sbtest8_pkey  (cost=0.00..26.87 rows=1044 width=0)
	              Index Cond: ((id >= 6721794) AND (id <= 6722793))

for: order_ranges
table 1 : explain SELECT c FROM sbtest1 WHERE id BETWEEN 9437469 AND 9438468 ORDER BY c
	Sort  (cost=4154.13..4156.79 rows=1064 width=121)
	  Sort Key: c
	  ->  Bitmap Heap Scan on sbtest1  (cost=23.34..4100.64 rows=1064 width=121)
	        Recheck Cond: ((id >= 9437469) AND (id <= 9438468))
	        ->  Bitmap Index Scan on sbtest1_pkey  (cost=0.00..23.07 rows=1064 width=0)
	              Index Cond: ((id >= 9437469) AND (id <= 9438468))

table 2 : explain SELECT c FROM sbtest2 WHERE id BETWEEN 8912255 AND 8913254 ORDER BY c
	Sort  (cost=3723.49..3725.87 rows=951 width=121)
	  Sort Key: c
	  ->  Bitmap Heap Scan on sbtest2  (cost=22.18..3676.45 rows=951 width=121)
	        Recheck Cond: ((id >= 8912255) AND (id <= 8913254))
	        ->  Bitmap Index Scan on sbtest2_pkey  (cost=0.00..21.94 rows=951 width=0)
	              Index Cond: ((id >= 8912255) AND (id <= 8913254))

table 3 : explain SELECT c FROM sbtest3 WHERE id BETWEEN 1429520 AND 1430519 ORDER BY c
	Sort  (cost=3934.03..3936.55 rows=1006 width=121)
	  Sort Key: c
	  ->  Bitmap Heap Scan on sbtest3  (cost=22.75..3883.86 rows=1006 width=121)
	        Recheck Cond: ((id >= 1429520) AND (id <= 1430519))
	        ->  Bitmap Index Scan on sbtest3_pkey  (cost=0.00..22.50 rows=1006 width=0)
	              Index Cond: ((id >= 1429520) AND (id <= 1430519))

table 4 : explain SELECT c FROM sbtest4 WHERE id BETWEEN 140524 AND 141523 ORDER BY c
	Sort  (cost=4057.44..4060.03 rows=1038 width=121)
	  Sort Key: c
	  ->  Bitmap Heap Scan on sbtest4  (cost=23.07..4005.43 rows=1038 width=121)
	        Recheck Cond: ((id >= 140524) AND (id <= 141523))
	        ->  Bitmap Index Scan on sbtest4_pkey  (cost=0.00..22.82 rows=1038 width=0)
	              Index Cond: ((id >= 140524) AND (id <= 141523))

table 5 : explain SELECT c FROM sbtest5 WHERE id BETWEEN 5237201 AND 5238200 ORDER BY c
	Sort  (cost=3709.37..3711.73 rows=947 width=121)
	  Sort Key: c
	  ->  Bitmap Heap Scan on sbtest5  (cost=22.14..3662.55 rows=947 width=121)
	        Recheck Cond: ((id >= 5237201) AND (id <= 5238200))
	        ->  Bitmap Index Scan on sbtest5_pkey  (cost=0.00..21.90 rows=947 width=0)
	              Index Cond: ((id >= 5237201) AND (id <= 5238200))

table 6 : explain SELECT c FROM sbtest6 WHERE id BETWEEN 8281961 AND 8282960 ORDER BY c
	Sort  (cost=3709.38..3711.75 rows=947 width=121)
	  Sort Key: c
	  ->  Bitmap Heap Scan on sbtest6  (cost=22.14..3662.57 rows=947 width=121)
	        Recheck Cond: ((id >= 8281961) AND (id <= 8282960))
	        ->  Bitmap Index Scan on sbtest6_pkey  (cost=0.00..21.90 rows=947 width=0)
	              Index Cond: ((id >= 8281961) AND (id <= 8282960))

table 7 : explain SELECT c FROM sbtest7 WHERE id BETWEEN 5636051 AND 5637050 ORDER BY c
	Sort  (cost=3967.01..3969.55 rows=1014 width=121)
	  Sort Key: c
	  ->  Bitmap Heap Scan on sbtest7  (cost=22.83..3916.38 rows=1014 width=121)
	        Recheck Cond: ((id >= 5636051) AND (id <= 5637050))
	        ->  Bitmap Index Scan on sbtest7_pkey  (cost=0.00..22.57 rows=1014 width=0)
	              Index Cond: ((id >= 5636051) AND (id <= 5637050))

table 8 : explain SELECT c FROM sbtest8 WHERE id BETWEEN 5790622 AND 5791621 ORDER BY c
	Sort  (cost=3932.67..3935.18 rows=1004 width=121)
	  Sort Key: c
	  ->  Bitmap Heap Scan on sbtest8  (cost=26.73..3882.61 rows=1004 width=121)
	        Recheck Cond: ((id >= 5790622) AND (id <= 5791621))
	        ->  Bitmap Index Scan on sbtest8_pkey  (cost=0.00..26.47 rows=1004 width=0)
	              Index Cond: ((id >= 5790622) AND (id <= 5791621))

for: order_ranges
table 1 : explain SELECT c FROM sbtest1 WHERE id BETWEEN 4008827 AND 4009826 ORDER BY c
	Sort  (cost=4260.95..4263.69 rows=1093 width=121)
	  Sort Key: c
	  ->  Bitmap Heap Scan on sbtest1  (cost=23.64..4205.79 rows=1093 width=121)
	        Recheck Cond: ((id >= 4008827) AND (id <= 4009826))
	        ->  Bitmap Index Scan on sbtest1_pkey  (cost=0.00..23.36 rows=1093 width=0)
	              Index Cond: ((id >= 4008827) AND (id <= 4009826))

table 2 : explain SELECT c FROM sbtest2 WHERE id BETWEEN 901596 AND 902595 ORDER BY c
	Sort  (cost=3643.05..3645.37 rows=930 width=121)
	  Sort Key: c
	  ->  Bitmap Heap Scan on sbtest2  (cost=21.97..3597.19 rows=930 width=121)
	        Recheck Cond: ((id >= 901596) AND (id <= 902595))
	        ->  Bitmap Index Scan on sbtest2_pkey  (cost=0.00..21.73 rows=930 width=0)
	              Index Cond: ((id >= 901596) AND (id <= 902595))

table 3 : explain SELECT c FROM sbtest3 WHERE id BETWEEN 9933971 AND 9934970 ORDER BY c
	Sort  (cost=3999.00..4001.56 rows=1023 width=121)
	  Sort Key: c
	  ->  Bitmap Heap Scan on sbtest3  (cost=22.92..3947.86 rows=1023 width=121)
	        Recheck Cond: ((id >= 9933971) AND (id <= 9934970))
	        ->  Bitmap Index Scan on sbtest3_pkey  (cost=0.00..22.66 rows=1023 width=0)
	              Index Cond: ((id >= 9933971) AND (id <= 9934970))

table 4 : explain SELECT c FROM sbtest4 WHERE id BETWEEN 2003327 AND 2004326 ORDER BY c
	Sort  (cost=4378.21..4381.01 rows=1122 width=121)
	  Sort Key: c
	  ->  Bitmap Heap Scan on sbtest4  (cost=27.94..4321.37 rows=1122 width=121)
	        Recheck Cond: ((id >= 2003327) AND (id <= 2004326))
	        ->  Bitmap Index Scan on sbtest4_pkey  (cost=0.00..27.65 rows=1122 width=0)
	              Index Cond: ((id >= 2003327) AND (id <= 2004326))

table 5 : explain SELECT c FROM sbtest5 WHERE id BETWEEN 40419 AND 41418 ORDER BY c
	Sort  (cost=3843.40..3845.85 rows=982 width=121)
	  Sort Key: c
	  ->  Bitmap Heap Scan on sbtest5  (cost=22.50..3794.60 rows=982 width=121)
	        Recheck Cond: ((id >= 40419) AND (id <= 41418))
	        ->  Bitmap Index Scan on sbtest5_pkey  (cost=0.00..22.25 rows=982 width=0)
	              Index Cond: ((id >= 40419) AND (id <= 41418))

table 6 : explain SELECT c FROM sbtest6 WHERE id BETWEEN 5848710 AND 5849709 ORDER BY c
	Sort  (cost=3862.55..3865.02 rows=987 width=121)
	  Sort Key: c
	  ->  Bitmap Heap Scan on sbtest6  (cost=22.55..3813.46 rows=987 width=121)
	        Recheck Cond: ((id >= 5848710) AND (id <= 5849709))
	        ->  Bitmap Index Scan on sbtest6_pkey  (cost=0.00..22.30 rows=987 width=0)
	              Index Cond: ((id >= 5848710) AND (id <= 5849709))

table 7 : explain SELECT c FROM sbtest7 WHERE id BETWEEN 3610796 AND 3611795 ORDER BY c
	Sort  (cost=4039.67..4042.25 rows=1033 width=121)
	  Sort Key: c
	  ->  Bitmap Heap Scan on sbtest7  (cost=23.02..3987.96 rows=1033 width=121)
	        Recheck Cond: ((id >= 3610796) AND (id <= 3611795))
	        ->  Bitmap Index Scan on sbtest7_pkey  (cost=0.00..22.76 rows=1033 width=0)
	              Index Cond: ((id >= 3610796) AND (id <= 3611795))

table 8 : explain SELECT c FROM sbtest8 WHERE id BETWEEN 5340874 AND 5341873 ORDER BY c
	Sort  (cost=3836.80..3839.25 rows=980 width=121)
	  Sort Key: c
	  ->  Bitmap Heap Scan on sbtest8  (cost=22.48..3788.11 rows=980 width=121)
	        Recheck Cond: ((id >= 5340874) AND (id <= 5341873))
	        ->  Bitmap Index Scan on sbtest8_pkey  (cost=0.00..22.23 rows=980 width=0)
	              Index Cond: ((id >= 5340874) AND (id <= 5341873))

for: distinct_ranges
table 1 : explain SELECT DISTINCT c FROM sbtest1 WHERE id BETWEEN 7680243 AND 7681242 ORDER BY c
	Unique  (cost=3829.53..3834.43 rows=979 width=121)
	  ->  Sort  (cost=3829.53..3831.98 rows=979 width=121)
	        Sort Key: c
	        ->  Bitmap Heap Scan on sbtest1  (cost=22.47..3780.90 rows=979 width=121)
	              Recheck Cond: ((id >= 7680243) AND (id <= 7681242))
	              ->  Bitmap Index Scan on sbtest1_pkey  (cost=0.00..22.22 rows=979 width=0)
	                    Index Cond: ((id >= 7680243) AND (id <= 7681242))

table 2 : explain SELECT DISTINCT c FROM sbtest2 WHERE id BETWEEN 8740017 AND 8741016 ORDER BY c
	Unique  (cost=4312.02..4317.55 rows=1105 width=121)
	  ->  Sort  (cost=4312.02..4314.79 rows=1105 width=121)
	        Sort Key: c
	        ->  Bitmap Heap Scan on sbtest2  (cost=27.76..4256.17 rows=1105 width=121)
	              Recheck Cond: ((id >= 8740017) AND (id <= 8741016))
	              ->  Bitmap Index Scan on sbtest2_pkey  (cost=0.00..27.48 rows=1105 width=0)
	                    Index Cond: ((id >= 8740017) AND (id <= 8741016))

table 3 : explain SELECT DISTINCT c FROM sbtest3 WHERE id BETWEEN 3260091 AND 3261090 ORDER BY c
	Unique  (cost=3849.91..3854.83 rows=984 width=121)
	  ->  Sort  (cost=3849.91..3852.37 rows=984 width=121)
	        Sort Key: c
	        ->  Bitmap Heap Scan on sbtest3  (cost=22.52..3800.99 rows=984 width=121)
	              Recheck Cond: ((id >= 3260091) AND (id <= 3261090))
	              ->  Bitmap Index Scan on sbtest3_pkey  (cost=0.00..22.27 rows=984 width=0)
	                    Index Cond: ((id >= 3260091) AND (id <= 3261090))

table 4 : explain SELECT DISTINCT c FROM sbtest4 WHERE id BETWEEN 4629735 AND 4630734 ORDER BY c
	Unique  (cost=3613.45..3618.06 rows=922 width=121)
	  ->  Sort  (cost=3613.45..3615.75 rows=922 width=121)
	        Sort Key: c
	        ->  Bitmap Heap Scan on sbtest4  (cost=21.89..3568.04 rows=922 width=121)
	              Recheck Cond: ((id >= 4629735) AND (id <= 4630734))
	              ->  Bitmap Index Scan on sbtest4_pkey  (cost=0.00..21.65 rows=922 width=0)
	                    Index Cond: ((id >= 4629735) AND (id <= 4630734))

table 5 : explain SELECT DISTINCT c FROM sbtest5 WHERE id BETWEEN 8558568 AND 8559567 ORDER BY c
	Unique  (cost=3720.86..3725.61 rows=950 width=121)
	  ->  Sort  (cost=3720.86..3723.24 rows=950 width=121)
	        Sort Key: c
	        ->  Bitmap Heap Scan on sbtest5  (cost=22.17..3673.87 rows=950 width=121)
	              Recheck Cond: ((id >= 8558568) AND (id <= 8559567))
	              ->  Bitmap Index Scan on sbtest5_pkey  (cost=0.00..21.93 rows=950 width=0)
	                    Index Cond: ((id >= 8558568) AND (id <= 8559567))

table 6 : explain SELECT DISTINCT c FROM sbtest6 WHERE id BETWEEN 682828 AND 683827 ORDER BY c
	Unique  (cost=3674.89..3679.58 rows=938 width=121)
	  ->  Sort  (cost=3674.89..3677.24 rows=938 width=121)
	        Sort Key: c
	        ->  Bitmap Heap Scan on sbtest6  (cost=22.05..3628.59 rows=938 width=121)
	              Recheck Cond: ((id >= 682828) AND (id <= 683827))
	              ->  Bitmap Index Scan on sbtest6_pkey  (cost=0.00..21.82 rows=938 width=0)
	                    Index Cond: ((id >= 682828) AND (id <= 683827))

table 7 : explain SELECT DISTINCT c FROM sbtest7 WHERE id BETWEEN 2996993 AND 2997992 ORDER BY c
	Unique  (cost=4223.22..4228.62 rows=1080 width=121)
	  ->  Sort  (cost=4223.22..4225.92 rows=1080 width=121)
	        Sort Key: c
	        ->  Bitmap Heap Scan on sbtest7  (cost=27.50..4168.81 rows=1080 width=121)
	              Recheck Cond: ((id >= 2996993) AND (id <= 2997992))
	              ->  Bitmap Index Scan on sbtest7_pkey  (cost=0.00..27.23 rows=1080 width=0)
	                    Index Cond: ((id >= 2996993) AND (id <= 2997992))

table 8 : explain SELECT DISTINCT c FROM sbtest8 WHERE id BETWEEN 7453689 AND 7454688 ORDER BY c
	Unique  (cost=4058.87..4064.06 rows=1037 width=121)
	  ->  Sort  (cost=4058.87..4061.47 rows=1037 width=121)
	        Sort Key: c
	        ->  Bitmap Heap Scan on sbtest8  (cost=27.06..4006.93 rows=1037 width=121)
	              Recheck Cond: ((id >= 7453689) AND (id <= 7454688))
	              ->  Bitmap Index Scan on sbtest8_pkey  (cost=0.00..26.80 rows=1037 width=0)
	                    Index Cond: ((id >= 7453689) AND (id <= 7454688))

explain: for point_selects :: explain SELECT c FROM sbtest%u WHERE id=%u
for: sum_ranges
table 1 : explain SELECT SUM(k) FROM sbtest1 WHERE id BETWEEN 1861449 AND 1862448
	Aggregate  (cost=3572.03..3572.04 rows=1 width=8)
	  ->  Bitmap Heap Scan on sbtest1  (cost=21.90..3569.73 rows=923 width=4)
	        Recheck Cond: ((id >= 1861449) AND (id <= 1862448))
	        ->  Bitmap Index Scan on sbtest1_pkey  (cost=0.00..21.66 rows=923 width=0)
	              Index Cond: ((id >= 1861449) AND (id <= 1862448))

table 2 : explain SELECT SUM(k) FROM sbtest2 WHERE id BETWEEN 4698944 AND 4699943
	Aggregate  (cost=4070.73..4070.74 rows=1 width=8)
	  ->  Bitmap Heap Scan on sbtest2  (cost=23.25..4068.09 rows=1055 width=4)
	        Recheck Cond: ((id >= 4698944) AND (id <= 4699943))
	        ->  Bitmap Index Scan on sbtest2_pkey  (cost=0.00..22.98 rows=1055 width=0)
	              Index Cond: ((id >= 4698944) AND (id <= 4699943))

table 3 : explain SELECT SUM(k) FROM sbtest3 WHERE id BETWEEN 5484181 AND 5485180
	Aggregate  (cost=4097.19..4097.20 rows=1 width=8)
	  ->  Bitmap Heap Scan on sbtest3  (cost=23.32..4094.53 rows=1062 width=4)
	        Recheck Cond: ((id >= 5484181) AND (id <= 5485180))
	        ->  Bitmap Index Scan on sbtest3_pkey  (cost=0.00..23.05 rows=1062 width=0)
	              Index Cond: ((id >= 5484181) AND (id <= 5485180))

table 4 : explain SELECT SUM(k) FROM sbtest4 WHERE id BETWEEN 788267 AND 789266
	Aggregate  (cost=3679.93..3679.94 rows=1 width=8)
	  ->  Bitmap Heap Scan on sbtest4  (cost=22.18..3677.56 rows=951 width=4)
	        Recheck Cond: ((id >= 788267) AND (id <= 789266))
	        ->  Bitmap Index Scan on sbtest4_pkey  (cost=0.00..21.94 rows=951 width=0)
	              Index Cond: ((id >= 788267) AND (id <= 789266))

table 5 : explain SELECT SUM(k) FROM sbtest5 WHERE id BETWEEN 3529389 AND 3530388
	Aggregate  (cost=3483.44..3483.45 rows=1 width=8)
	  ->  Bitmap Heap Scan on sbtest5  (cost=21.65..3481.19 rows=899 width=4)
	        Recheck Cond: ((id >= 3529389) AND (id <= 3530388))
	        ->  Bitmap Index Scan on sbtest5_pkey  (cost=0.00..21.43 rows=899 width=0)
	              Index Cond: ((id >= 3529389) AND (id <= 3530388))

table 6 : explain SELECT SUM(k) FROM sbtest6 WHERE id BETWEEN 2212840 AND 2213839
	Aggregate  (cost=3672.49..3672.50 rows=1 width=8)
	  ->  Bitmap Heap Scan on sbtest6  (cost=22.16..3670.12 rows=949 width=4)
	        Recheck Cond: ((id >= 2212840) AND (id <= 2213839))
	        ->  Bitmap Index Scan on sbtest6_pkey  (cost=0.00..21.93 rows=949 width=0)
	              Index Cond: ((id >= 2212840) AND (id <= 2213839))

table 7 : explain SELECT SUM(k) FROM sbtest7 WHERE id BETWEEN 8847892 AND 8848891
	Aggregate  (cost=4118.58..4118.59 rows=1 width=8)
	  ->  Bitmap Heap Scan on sbtest7  (cost=23.37..4115.92 rows=1067 width=4)
	        Recheck Cond: ((id >= 8847892) AND (id <= 8848891))
	        ->  Bitmap Index Scan on sbtest7_pkey  (cost=0.00..23.11 rows=1067 width=0)
	              Index Cond: ((id >= 8847892) AND (id <= 8848891))

table 8 : explain SELECT SUM(k) FROM sbtest8 WHERE id BETWEEN 5295803 AND 5296802
	Aggregate  (cost=4043.42..4043.43 rows=1 width=8)
	  ->  Bitmap Heap Scan on sbtest8  (cost=27.16..4040.81 rows=1046 width=4)
	        Recheck Cond: ((id >= 5295803) AND (id <= 5296802))
	        ->  Bitmap Index Scan on sbtest8_pkey  (cost=0.00..26.89 rows=1046 width=0)
	              Index Cond: ((id >= 5295803) AND (id <= 5296802))

for: sum_ranges
table 1 : explain SELECT SUM(k) FROM sbtest1 WHERE id BETWEEN 9360346 AND 9361345
	Aggregate  (cost=4250.07..4250.08 rows=1 width=8)
	  ->  Bitmap Heap Scan on sbtest1  (cost=27.74..4247.31 rows=1103 width=4)
	        Recheck Cond: ((id >= 9360346) AND (id <= 9361345))
	        ->  Bitmap Index Scan on sbtest1_pkey  (cost=0.00..27.46 rows=1103 width=0)
	              Index Cond: ((id >= 9360346) AND (id <= 9361345))

table 2 : explain SELECT SUM(k) FROM sbtest2 WHERE id BETWEEN 6839594 AND 6840593
	Aggregate  (cost=4044.40..4044.41 rows=1 width=8)
	  ->  Bitmap Heap Scan on sbtest2  (cost=23.18..4041.78 rows=1048 width=4)
	        Recheck Cond: ((id >= 6839594) AND (id <= 6840593))
	        ->  Bitmap Index Scan on sbtest2_pkey  (cost=0.00..22.91 rows=1048 width=0)
	              Index Cond: ((id >= 6839594) AND (id <= 6840593))

table 3 : explain SELECT SUM(k) FROM sbtest3 WHERE id BETWEEN 3096706 AND 3097705
	Aggregate  (cost=3709.13..3709.14 rows=1 width=8)
	  ->  Bitmap Heap Scan on sbtest3  (cost=22.26..3706.74 rows=959 width=4)
	        Recheck Cond: ((id >= 3096706) AND (id <= 3097705))
	        ->  Bitmap Index Scan on sbtest3_pkey  (cost=0.00..22.02 rows=959 width=0)
	              Index Cond: ((id >= 3096706) AND (id <= 3097705))

table 4 : explain SELECT SUM(k) FROM sbtest4 WHERE id BETWEEN 9036058 AND 9037057
	Aggregate  (cost=4230.22..4230.23 rows=1 width=8)
	  ->  Bitmap Heap Scan on sbtest4  (cost=27.67..4227.48 rows=1096 width=4)
	        Recheck Cond: ((id >= 9036058) AND (id <= 9037057))
	        ->  Bitmap Index Scan on sbtest4_pkey  (cost=0.00..27.39 rows=1096 width=0)
	              Index Cond: ((id >= 9036058) AND (id <= 9037057))

table 5 : explain SELECT SUM(k) FROM sbtest5 WHERE id BETWEEN 2228482 AND 2229481
	Aggregate  (cost=3698.91..3698.92 rows=1 width=8)
	  ->  Bitmap Heap Scan on sbtest5  (cost=22.23..3696.52 rows=956 width=4)
	        Recheck Cond: ((id >= 2228482) AND (id <= 2229481))
	        ->  Bitmap Index Scan on sbtest5_pkey  (cost=0.00..22.00 rows=956 width=0)
	              Index Cond: ((id >= 2228482) AND (id <= 2229481))

table 6 : explain SELECT SUM(k) FROM sbtest6 WHERE id BETWEEN 8649154 AND 8650153
	Aggregate  (cost=3668.71..3668.72 rows=1 width=8)
	  ->  Bitmap Heap Scan on sbtest6  (cost=22.15..3666.34 rows=948 width=4)
	        Recheck Cond: ((id >= 8649154) AND (id <= 8650153))
	        ->  Bitmap Index Scan on sbtest6_pkey  (cost=0.00..21.91 rows=948 width=0)
	              Index Cond: ((id >= 8649154) AND (id <= 8650153))

table 7 : explain SELECT SUM(k) FROM sbtest7 WHERE id BETWEEN 586503 AND 587502
	Aggregate  (cost=4216.65..4216.66 rows=1 width=8)
	  ->  Bitmap Heap Scan on sbtest7  (cost=27.63..4213.92 rows=1092 width=4)
	        Recheck Cond: ((id >= 586503) AND (id <= 587502))
	        ->  Bitmap Index Scan on sbtest7_pkey  (cost=0.00..27.36 rows=1092 width=0)
	              Index Cond: ((id >= 586503) AND (id <= 587502))

table 8 : explain SELECT SUM(k) FROM sbtest8 WHERE id BETWEEN 1142508 AND 1143507
	Aggregate  (cost=3745.26..3745.27 rows=1 width=8)
	  ->  Bitmap Heap Scan on sbtest8  (cost=22.36..3742.84 rows=968 width=4)
	        Recheck Cond: ((id >= 1142508) AND (id <= 1143507))
	        ->  Bitmap Index Scan on sbtest8_pkey  (cost=0.00..22.11 rows=968 width=0)
	              Index Cond: ((id >= 1142508) AND (id <= 1143507))

for: order_ranges
table 1 : explain SELECT c FROM sbtest1 WHERE id BETWEEN 8064006 AND 8065005 ORDER BY c
	Sort  (cost=3737.72..3740.11 rows=955 width=121)
	  Sort Key: c
	  ->  Bitmap Heap Scan on sbtest1  (cost=22.22..3690.45 rows=955 width=121)
	        Recheck Cond: ((id >= 8064006) AND (id <= 8065005))
	        ->  Bitmap Index Scan on sbtest1_pkey  (cost=0.00..21.98 rows=955 width=0)
	              Index Cond: ((id >= 8064006) AND (id <= 8065005))

table 2 : explain SELECT c FROM sbtest2 WHERE id BETWEEN 2797314 AND 2798313 ORDER BY c
	Sort  (cost=4312.02..4314.79 rows=1105 width=121)
	  Sort Key: c
	  ->  Bitmap Heap Scan on sbtest2  (cost=27.76..4256.17 rows=1105 width=121)
	        Recheck Cond: ((id >= 2797314) AND (id <= 2798313))
	        ->  Bitmap Index Scan on sbtest2_pkey  (cost=0.00..27.48 rows=1105 width=0)
	              Index Cond: ((id >= 2797314) AND (id <= 2798313))

table 3 : explain SELECT c FROM sbtest3 WHERE id BETWEEN 4020581 AND 4021580 ORDER BY c
	Sort  (cost=3666.14..3668.48 rows=936 width=121)
	  Sort Key: c
	  ->  Bitmap Heap Scan on sbtest3  (cost=22.03..3619.95 rows=936 width=121)
	        Recheck Cond: ((id >= 4020581) AND (id <= 4021580))
	        ->  Bitmap Index Scan on sbtest3_pkey  (cost=0.00..21.79 rows=936 width=0)
	              Index Cond: ((id >= 4020581) AND (id <= 4021580))

table 4 : explain SELECT c FROM sbtest4 WHERE id BETWEEN 5510740 AND 5511739 ORDER BY c
	Sort  (cost=4374.40..4377.20 rows=1121 width=121)
	  Sort Key: c
	  ->  Bitmap Heap Scan on sbtest4  (cost=27.93..4317.62 rows=1121 width=121)
	        Recheck Cond: ((id >= 5510740) AND (id <= 5511739))
	        ->  Bitmap Index Scan on sbtest4_pkey  (cost=0.00..27.64 rows=1121 width=0)
	              Index Cond: ((id >= 5510740) AND (id <= 5511739))

table 5 : explain SELECT c FROM sbtest5 WHERE id BETWEEN 5965832 AND 5966831 ORDER BY c
	Sort  (cost=3552.16..3554.43 rows=906 width=121)
	  Sort Key: c
	  ->  Bitmap Heap Scan on sbtest5  (cost=21.72..3507.66 rows=906 width=121)
	        Recheck Cond: ((id >= 5965832) AND (id <= 5966831))
	        ->  Bitmap Index Scan on sbtest5_pkey  (cost=0.00..21.50 rows=906 width=0)
	              Index Cond: ((id >= 5965832) AND (id <= 5966831))

table 6 : explain SELECT c FROM sbtest6 WHERE id BETWEEN 257484 AND 258483 ORDER BY c
	Sort  (cost=4137.95..4140.59 rows=1058 width=121)
	  Sort Key: c
	  ->  Bitmap Heap Scan on sbtest6  (cost=27.28..4084.80 rows=1058 width=121)
	        Recheck Cond: ((id >= 257484) AND (id <= 258483))
	        ->  Bitmap Index Scan on sbtest6_pkey  (cost=0.00..27.01 rows=1058 width=0)
	              Index Cond: ((id >= 257484) AND (id <= 258483))

table 7 : explain SELECT c FROM sbtest7 WHERE id BETWEEN 4582030 AND 4583029 ORDER BY c
	Sort  (cost=3936.41..3938.92 rows=1006 width=121)
	  Sort Key: c
	  ->  Bitmap Heap Scan on sbtest7  (cost=22.75..3886.23 rows=1006 width=121)
	        Recheck Cond: ((id >= 4582030) AND (id <= 4583029))
	        ->  Bitmap Index Scan on sbtest7_pkey  (cost=0.00..22.50 rows=1006 width=0)
	              Index Cond: ((id >= 4582030) AND (id <= 4583029))

table 8 : explain SELECT c FROM sbtest8 WHERE id BETWEEN 7344477 AND 7345476 ORDER BY c
	Sort  (cost=3798.50..3800.93 rows=970 width=121)
	  Sort Key: c
	  ->  Bitmap Heap Scan on sbtest8  (cost=22.38..3750.38 rows=970 width=121)
	        Recheck Cond: ((id >= 7344477) AND (id <= 7345476))
	        ->  Bitmap Index Scan on sbtest8_pkey  (cost=0.00..22.14 rows=970 width=0)
	              Index Cond: ((id >= 7344477) AND (id <= 7345476))

for: sum_ranges
table 1 : explain SELECT SUM(k) FROM sbtest1 WHERE id BETWEEN 879295 AND 880294
	Aggregate  (cost=3488.90..3488.91 rows=1 width=8)
	  ->  Bitmap Heap Scan on sbtest1  (cost=21.67..3486.65 rows=901 width=4)
	        Recheck Cond: ((id >= 879295) AND (id <= 880294))
	        ->  Bitmap Index Scan on sbtest1_pkey  (cost=0.00..21.44 rows=901 width=0)
	              Index Cond: ((id >= 879295) AND (id <= 880294))

table 2 : explain SELECT SUM(k) FROM sbtest2 WHERE id BETWEEN 7283128 AND 7284127
	Aggregate  (cost=3912.63..3912.64 rows=1 width=8)
	  ->  Bitmap Heap Scan on sbtest2  (cost=22.82..3910.10 rows=1013 width=4)
	        Recheck Cond: ((id >= 7283128) AND (id <= 7284127))
	        ->  Bitmap Index Scan on sbtest2_pkey  (cost=0.00..22.57 rows=1013 width=0)
	              Index Cond: ((id >= 7283128) AND (id <= 7284127))

table 3 : explain SELECT SUM(k) FROM sbtest3 WHERE id BETWEEN 8501236 AND 8502235
	Aggregate  (cost=3739.32..3739.33 rows=1 width=8)
	  ->  Bitmap Heap Scan on sbtest3  (cost=22.35..3736.91 rows=967 width=4)
	        Recheck Cond: ((id >= 8501236) AND (id <= 8502235))
	        ->  Bitmap Index Scan on sbtest3_pkey  (cost=0.00..22.11 rows=967 width=0)
	              Index Cond: ((id >= 8501236) AND (id <= 8502235))

table 4 : explain SELECT SUM(k) FROM sbtest4 WHERE id BETWEEN 102157 AND 103156
	Aggregate  (cost=3695.04..3695.05 rows=1 width=8)
	  ->  Bitmap Heap Scan on sbtest4  (cost=22.22..3692.65 rows=955 width=4)
	        Recheck Cond: ((id >= 102157) AND (id <= 103156))
	        ->  Bitmap Index Scan on sbtest4_pkey  (cost=0.00..21.98 rows=955 width=0)
	              Index Cond: ((id >= 102157) AND (id <= 103156))

table 5 : explain SELECT SUM(k) FROM sbtest5 WHERE id BETWEEN 4351849 AND 4352848
	Aggregate  (cost=3838.55..3838.56 rows=1 width=8)
	  ->  Bitmap Heap Scan on sbtest5  (cost=22.61..3836.06 rows=993 width=4)
	        Recheck Cond: ((id >= 4351849) AND (id <= 4352848))
	        ->  Bitmap Index Scan on sbtest5_pkey  (cost=0.00..22.36 rows=993 width=0)
	              Index Cond: ((id >= 4351849) AND (id <= 4352848))

table 6 : explain SELECT SUM(k) FROM sbtest6 WHERE id BETWEEN 1165666 AND 1166665
	Aggregate  (cost=3642.27..3642.28 rows=1 width=8)
	  ->  Bitmap Heap Scan on sbtest6  (cost=22.08..3639.91 rows=941 width=4)
	        Recheck Cond: ((id >= 1165666) AND (id <= 1166665))
	        ->  Bitmap Index Scan on sbtest6_pkey  (cost=0.00..21.84 rows=941 width=0)
	              Index Cond: ((id >= 1165666) AND (id <= 1166665))

table 7 : explain SELECT SUM(k) FROM sbtest7 WHERE id BETWEEN 6094328 AND 6095327
	Aggregate  (cost=3741.56..3741.57 rows=1 width=8)
	  ->  Bitmap Heap Scan on sbtest7  (cost=22.35..3739.14 rows=967 width=4)
	        Recheck Cond: ((id >= 6094328) AND (id <= 6095327))
	        ->  Bitmap Index Scan on sbtest7_pkey  (cost=0.00..22.11 rows=967 width=0)
	              Index Cond: ((id >= 6094328) AND (id <= 6095327))

table 8 : explain SELECT SUM(k) FROM sbtest8 WHERE id BETWEEN 3866169 AND 3867168
	Aggregate  (cost=3507.08..3507.09 rows=1 width=8)
	  ->  Bitmap Heap Scan on sbtest8  (cost=21.71..3504.82 rows=905 width=4)
	        Recheck Cond: ((id >= 3866169) AND (id <= 3867168))
	        ->  Bitmap Index Scan on sbtest8_pkey  (cost=0.00..21.48 rows=905 width=0)
	              Index Cond: ((id >= 3866169) AND (id <= 3867168))

for: distinct_ranges
table 1 : explain SELECT DISTINCT c FROM sbtest1 WHERE id BETWEEN 5856610 AND 5857609 ORDER BY c
	Unique  (cost=4127.44..4132.72 rows=1057 width=121)
	  ->  Sort  (cost=4127.44..4130.08 rows=1057 width=121)
	        Sort Key: c
	        ->  Bitmap Heap Scan on sbtest1  (cost=23.27..4074.34 rows=1057 width=121)
	              Recheck Cond: ((id >= 5856610) AND (id <= 5857609))
	              ->  Bitmap Index Scan on sbtest1_pkey  (cost=0.00..23.00 rows=1057 width=0)
	                    Index Cond: ((id >= 5856610) AND (id <= 5857609))

table 2 : explain SELECT DISTINCT c FROM sbtest2 WHERE id BETWEEN 6437189 AND 6438188 ORDER BY c
	Unique  (cost=4006.52..4011.64 rows=1025 width=121)
	  ->  Sort  (cost=4006.52..4009.08 rows=1025 width=121)
	        Sort Key: c
	        ->  Bitmap Heap Scan on sbtest2  (cost=22.94..3955.26 rows=1025 width=121)
	              Recheck Cond: ((id >= 6437189) AND (id <= 6438188))
	              ->  Bitmap Index Scan on sbtest2_pkey  (cost=0.00..22.68 rows=1025 width=0)
	                    Index Cond: ((id >= 6437189) AND (id <= 6438188))

table 3 : explain SELECT DISTINCT c FROM sbtest3 WHERE id BETWEEN 2111034 AND 2112033 ORDER BY c
	Unique  (cost=4056.30..4061.49 rows=1038 width=121)
	  ->  Sort  (cost=4056.30..4058.89 rows=1038 width=121)
	        Sort Key: c
	        ->  Bitmap Heap Scan on sbtest3  (cost=23.07..4004.30 rows=1038 width=121)
	              Recheck Cond: ((id >= 2111034) AND (id <= 2112033))
	              ->  Bitmap Index Scan on sbtest3_pkey  (cost=0.00..22.82 rows=1038 width=0)
	                    Index Cond: ((id >= 2111034) AND (id <= 2112033))

table 4 : explain SELECT DISTINCT c FROM sbtest4 WHERE id BETWEEN 6827581 AND 6828580 ORDER BY c
	Unique  (cost=4305.70..4311.21 rows=1102 width=121)
	  ->  Sort  (cost=4305.70..4308.46 rows=1102 width=121)
	        Sort Key: c
	        ->  Bitmap Heap Scan on sbtest4  (cost=27.73..4250.02 rows=1102 width=121)
	              Recheck Cond: ((id >= 6827581) AND (id <= 6828580))
	              ->  Bitmap Index Scan on sbtest4_pkey  (cost=0.00..27.45 rows=1102 width=0)
	                    Index Cond: ((id >= 6827581) AND (id <= 6828580))

table 5 : explain SELECT DISTINCT c FROM sbtest5 WHERE id BETWEEN 1048659 AND 1049658 ORDER BY c
	Unique  (cost=3954.34..3959.40 rows=1011 width=121)
	  ->  Sort  (cost=3954.34..3956.87 rows=1011 width=121)
	        Sort Key: c
	        ->  Bitmap Heap Scan on sbtest5  (cost=22.80..3903.88 rows=1011 width=121)
	              Recheck Cond: ((id >= 1048659) AND (id <= 1049658))
	              ->  Bitmap Index Scan on sbtest5_pkey  (cost=0.00..22.54 rows=1011 width=0)
	                    Index Cond: ((id >= 1048659) AND (id <= 1049658))

table 6 : explain SELECT DISTINCT c FROM sbtest6 WHERE id BETWEEN 5517808 AND 5518807 ORDER BY c
	Unique  (cost=3763.01..3767.82 rows=961 width=121)
	  ->  Sort  (cost=3763.01..3765.42 rows=961 width=121)
	        Sort Key: c
	        ->  Bitmap Heap Scan on sbtest6  (cost=22.29..3715.40 rows=961 width=121)
	              Recheck Cond: ((id >= 5517808) AND (id <= 5518807))
	              ->  Bitmap Index Scan on sbtest6_pkey  (cost=0.00..22.04 rows=961 width=0)
	                    Index Cond: ((id >= 5517808) AND (id <= 5518807))

table 7 : explain SELECT DISTINCT c FROM sbtest7 WHERE id BETWEEN 3262138 AND 3263137 ORDER BY c
	Unique  (cost=4314.81..4320.33 rows=1104 width=121)
	  ->  Sort  (cost=4314.81..4317.57 rows=1104 width=121)
	        Sort Key: c
	        ->  Bitmap Heap Scan on sbtest7  (cost=27.75..4259.01 rows=1104 width=121)
	              Recheck Cond: ((id >= 3262138) AND (id <= 3263137))
	              ->  Bitmap Index Scan on sbtest7_pkey  (cost=0.00..27.47 rows=1104 width=0)
	                    Index Cond: ((id >= 3262138) AND (id <= 3263137))

table 8 : explain SELECT DISTINCT c FROM sbtest8 WHERE id BETWEEN 771913 AND 772912 ORDER BY c
	Unique  (cost=3913.54..3918.53 rows=999 width=121)
	  ->  Sort  (cost=3913.54..3916.03 rows=999 width=121)
	        Sort Key: c
	        ->  Bitmap Heap Scan on sbtest8  (cost=26.67..3863.76 rows=999 width=121)
	              Recheck Cond: ((id >= 771913) AND (id <= 772912))
	              ->  Bitmap Index Scan on sbtest8_pkey  (cost=0.00..26.43 rows=999 width=0)
	                    Index Cond: ((id >= 771913) AND (id <= 772912))

explain: for point_selects :: explain SELECT c FROM sbtest%u WHERE id=%u
for: order_ranges
table 1 : explain SELECT c FROM sbtest1 WHERE id BETWEEN 9926697 AND 9927696 ORDER BY c
	Sort  (cost=4062.57..4065.17 rows=1040 width=121)
	  Sort Key: c
	  ->  Bitmap Heap Scan on sbtest1  (cost=23.09..4010.45 rows=1040 width=121)
	        Recheck Cond: ((id >= 9926697) AND (id <= 9927696))
	        ->  Bitmap Index Scan on sbtest1_pkey  (cost=0.00..22.83 rows=1040 width=0)
	              Index Cond: ((id >= 9926697) AND (id <= 9927696))

table 2 : explain SELECT c FROM sbtest2 WHERE id BETWEEN 1599539 AND 1600538 ORDER BY c
	Sort  (cost=3953.02..3955.55 rows=1011 width=121)
	  Sort Key: c
	  ->  Bitmap Heap Scan on sbtest2  (cost=22.80..3902.57 rows=1011 width=121)
	        Recheck Cond: ((id >= 1599539) AND (id <= 1600538))
	        ->  Bitmap Index Scan on sbtest2_pkey  (cost=0.00..22.54 rows=1011 width=0)
	              Index Cond: ((id >= 1599539) AND (id <= 1600538))

table 3 : explain SELECT c FROM sbtest3 WHERE id BETWEEN 2847258 AND 2848257 ORDER BY c
	Sort  (cost=3811.65..3814.08 rows=974 width=121)
	  Sort Key: c
	  ->  Bitmap Heap Scan on sbtest3  (cost=22.42..3763.30 rows=974 width=121)
	        Recheck Cond: ((id >= 2847258) AND (id <= 2848257))
	        ->  Bitmap Index Scan on sbtest3_pkey  (cost=0.00..22.18 rows=974 width=0)
	              Index Cond: ((id >= 2847258) AND (id <= 2848257))

table 4 : explain SELECT c FROM sbtest4 WHERE id BETWEEN 1320226 AND 1321225 ORDER BY c
	Sort  (cost=4030.69..4033.27 rows=1031 width=121)
	  Sort Key: c
	  ->  Bitmap Heap Scan on sbtest4  (cost=23.00..3979.09 rows=1031 width=121)
	        Recheck Cond: ((id >= 1320226) AND (id <= 1321225))
	        ->  Bitmap Index Scan on sbtest4_pkey  (cost=0.00..22.75 rows=1031 width=0)
	              Index Cond: ((id >= 1320226) AND (id <= 1321225))

table 5 : explain SELECT c FROM sbtest5 WHERE id BETWEEN 2193574 AND 2194573 ORDER BY c
	Sort  (cost=4248.61..4251.33 rows=1087 width=121)
	  Sort Key: c
	  ->  Bitmap Heap Scan on sbtest5  (cost=27.58..4193.79 rows=1087 width=121)
	        Recheck Cond: ((id >= 2193574) AND (id <= 2194573))
	        ->  Bitmap Index Scan on sbtest5_pkey  (cost=0.00..27.30 rows=1087 width=0)
	              Index Cond: ((id >= 2193574) AND (id <= 2194573))

table 6 : explain SELECT c FROM sbtest6 WHERE id BETWEEN 2714069 AND 2715068 ORDER BY c
	Sort  (cost=3770.67..3773.08 rows=963 width=121)
	  Sort Key: c
	  ->  Bitmap Heap Scan on sbtest6  (cost=22.31..3722.95 rows=963 width=121)
	        Recheck Cond: ((id >= 2714069) AND (id <= 2715068))
	        ->  Bitmap Index Scan on sbtest6_pkey  (cost=0.00..22.07 rows=963 width=0)
	              Index Cond: ((id >= 2714069) AND (id <= 2715068))

table 7 : explain SELECT c FROM sbtest7 WHERE id BETWEEN 7327327 AND 7328326 ORDER BY c
	Sort  (cost=3587.72..3590.00 rows=915 width=121)
	  Sort Key: c
	  ->  Bitmap Heap Scan on sbtest7  (cost=21.81..3542.71 rows=915 width=121)
	        Recheck Cond: ((id >= 7327327) AND (id <= 7328326))
	        ->  Bitmap Index Scan on sbtest7_pkey  (cost=0.00..21.58 rows=915 width=0)
	              Index Cond: ((id >= 7327327) AND (id <= 7328326))

table 8 : explain SELECT c FROM sbtest8 WHERE id BETWEEN 3661744 AND 3662743 ORDER BY c
	Sort  (cost=3863.60..3866.07 rows=987 width=121)
	  Sort Key: c
	  ->  Bitmap Heap Scan on sbtest8  (cost=22.55..3814.52 rows=987 width=121)
	        Recheck Cond: ((id >= 3661744) AND (id <= 3662743))
	        ->  Bitmap Index Scan on sbtest8_pkey  (cost=0.00..22.30 rows=987 width=0)
	              Index Cond: ((id >= 3661744) AND (id <= 3662743))

for: distinct_ranges
table 1 : explain SELECT DISTINCT c FROM sbtest1 WHERE id BETWEEN 8121443 AND 8122442 ORDER BY c
	Unique  (cost=3573.04..3577.60 rows=912 width=121)
	  ->  Sort  (cost=3573.04..3575.32 rows=912 width=121)
	        Sort Key: c
	        ->  Bitmap Heap Scan on sbtest1  (cost=21.78..3528.20 rows=912 width=121)
	              Recheck Cond: ((id >= 8121443) AND (id <= 8122442))
	              ->  Bitmap Index Scan on sbtest1_pkey  (cost=0.00..21.55 rows=912 width=0)
	                    Index Cond: ((id >= 8121443) AND (id <= 8122442))

table 2 : explain SELECT DISTINCT c FROM sbtest2 WHERE id BETWEEN 8931915 AND 8932914 ORDER BY c
	Unique  (cost=3723.49..3728.25 rows=951 width=121)
	  ->  Sort  (cost=3723.49..3725.87 rows=951 width=121)
	        Sort Key: c
	        ->  Bitmap Heap Scan on sbtest2  (cost=22.18..3676.45 rows=951 width=121)
	              Recheck Cond: ((id >= 8931915) AND (id <= 8932914))
	              ->  Bitmap Index Scan on sbtest2_pkey  (cost=0.00..21.94 rows=951 width=0)
	                    Index Cond: ((id >= 8931915) AND (id <= 8932914))

table 3 : explain SELECT DISTINCT c FROM sbtest3 WHERE id BETWEEN 8843306 AND 8844305 ORDER BY c
	Unique  (cost=4426.44..4432.11 rows=1135 width=121)
	  ->  Sort  (cost=4426.44..4429.28 rows=1135 width=121)
	        Sort Key: c
	        ->  Bitmap Heap Scan on sbtest3  (cost=28.07..4368.85 rows=1135 width=121)
	              Recheck Cond: ((id >= 8843306) AND (id <= 8844305))
	              ->  Bitmap Index Scan on sbtest3_pkey  (cost=0.00..27.79 rows=1135 width=0)
	                    Index Cond: ((id >= 8843306) AND (id <= 8844305))

table 4 : explain SELECT DISTINCT c FROM sbtest4 WHERE id BETWEEN 285000 AND 285999 ORDER BY c
	Unique  (cost=3444.60..3448.99 rows=878 width=121)
	  ->  Sort  (cost=3444.60..3446.79 rows=878 width=121)
	        Sort Key: c
	        ->  Bitmap Heap Scan on sbtest4  (cost=21.43..3401.67 rows=878 width=121)
	              Recheck Cond: ((id >= 285000) AND (id <= 285999))
	              ->  Bitmap Index Scan on sbtest4_pkey  (cost=0.00..21.21 rows=878 width=0)
	                    Index Cond: ((id >= 285000) AND (id <= 285999))

table 5 : explain SELECT DISTINCT c FROM sbtest5 WHERE id BETWEEN 3259935 AND 3260934 ORDER BY c
	Unique  (cost=3866.36..3871.30 rows=988 width=121)
	  ->  Sort  (cost=3866.36..3868.83 rows=988 width=121)
	        Sort Key: c
	        ->  Bitmap Heap Scan on sbtest5  (cost=22.56..3817.22 rows=988 width=121)
	              Recheck Cond: ((id >= 3259935) AND (id <= 3260934))
	              ->  Bitmap Index Scan on sbtest5_pkey  (cost=0.00..22.32 rows=988 width=0)
	                    Index Cond: ((id >= 3259935) AND (id <= 3260934))

table 6 : explain SELECT DISTINCT c FROM sbtest6 WHERE id BETWEEN 5633111 AND 5634110 ORDER BY c
	Unique  (cost=4137.95..4143.24 rows=1058 width=121)
	  ->  Sort  (cost=4137.95..4140.59 rows=1058 width=121)
	        Sort Key: c
	        ->  Bitmap Heap Scan on sbtest6  (cost=27.28..4084.80 rows=1058 width=121)
	              Recheck Cond: ((id >= 5633111) AND (id <= 5634110))
	              ->  Bitmap Index Scan on sbtest6_pkey  (cost=0.00..27.01 rows=1058 width=0)
	                    Index Cond: ((id >= 5633111) AND (id <= 5634110))

table 7 : explain SELECT DISTINCT c FROM sbtest7 WHERE id BETWEEN 381527 AND 382526 ORDER BY c
	Unique  (cost=3989.96..3995.06 rows=1020 width=121)
	  ->  Sort  (cost=3989.96..3992.51 rows=1020 width=121)
	        Sort Key: c
	        ->  Bitmap Heap Scan on sbtest7  (cost=22.89..3938.99 rows=1020 width=121)
	              Recheck Cond: ((id >= 381527) AND (id <= 382526))
	              ->  Bitmap Index Scan on sbtest7_pkey  (cost=0.00..22.64 rows=1020 width=0)
	                    Index Cond: ((id >= 381527) AND (id <= 382526))

table 8 : explain SELECT DISTINCT c FROM sbtest8 WHERE id BETWEEN 1298983 AND 1299982 ORDER BY c
	Unique  (cost=3679.70..3684.40 rows=939 width=121)
	  ->  Sort  (cost=3679.70..3682.05 rows=939 width=121)
	        Sort Key: c
	        ->  Bitmap Heap Scan on sbtest8  (cost=22.06..3633.34 rows=939 width=121)
	              Recheck Cond: ((id >= 1298983) AND (id <= 1299982))
	              ->  Bitmap Index Scan on sbtest8_pkey  (cost=0.00..21.82 rows=939 width=0)
	                    Index Cond: ((id >= 1298983) AND (id <= 1299982))

explain: for point_selects :: explain SELECT c FROM sbtest%u WHERE id=%u
for: order_ranges
table 1 : explain SELECT c FROM sbtest1 WHERE id BETWEEN 3356722 AND 3357721 ORDER BY c
	Sort  (cost=4405.86..4408.68 rows=1130 width=121)
	  Sort Key: c
	  ->  Bitmap Heap Scan on sbtest1  (cost=28.02..4348.55 rows=1130 width=121)
	        Recheck Cond: ((id >= 3356722) AND (id <= 3357721))
	        ->  Bitmap Index Scan on sbtest1_pkey  (cost=0.00..27.73 rows=1130 width=0)
	              Index Cond: ((id >= 3356722) AND (id <= 3357721))

table 2 : explain SELECT c FROM sbtest2 WHERE id BETWEEN 1539086 AND 1540085 ORDER BY c
	Sort  (cost=3738.81..3741.19 rows=955 width=121)
	  Sort Key: c
	  ->  Bitmap Heap Scan on sbtest2  (cost=22.22..3691.54 rows=955 width=121)
	        Recheck Cond: ((id >= 1539086) AND (id <= 1540085))
	        ->  Bitmap Index Scan on sbtest2_pkey  (cost=0.00..21.98 rows=955 width=0)
	              Index Cond: ((id >= 1539086) AND (id <= 1540085))

table 3 : explain SELECT c FROM sbtest3 WHERE id BETWEEN 2357985 AND 2358984 ORDER BY c
	Sort  (cost=4132.65..4135.29 rows=1058 width=121)
	  Sort Key: c
	  ->  Bitmap Heap Scan on sbtest3  (cost=23.28..4079.50 rows=1058 width=121)
	        Recheck Cond: ((id >= 2357985) AND (id <= 2358984))
	        ->  Bitmap Index Scan on sbtest3_pkey  (cost=0.00..23.01 rows=1058 width=0)
	              Index Cond: ((id >= 2357985) AND (id <= 2358984))

table 4 : explain SELECT c FROM sbtest4 WHERE id BETWEEN 4060798 AND 4061797 ORDER BY c
	Sort  (cost=4145.46..4148.11 rows=1060 width=121)
	  Sort Key: c
	  ->  Bitmap Heap Scan on sbtest4  (cost=27.30..4092.19 rows=1060 width=121)
	        Recheck Cond: ((id >= 4060798) AND (id <= 4061797))
	        ->  Bitmap Index Scan on sbtest4_pkey  (cost=0.00..27.04 rows=1060 width=0)
	              Index Cond: ((id >= 4060798) AND (id <= 4061797))

table 5 : explain SELECT c FROM sbtest5 WHERE id BETWEEN 2652886 AND 2653885 ORDER BY c
	Sort  (cost=3640.37..3642.70 rows=929 width=121)
	  Sort Key: c
	  ->  Bitmap Heap Scan on sbtest5  (cost=21.96..3594.58 rows=929 width=121)
	        Recheck Cond: ((id >= 2652886) AND (id <= 2653885))
	        ->  Bitmap Index Scan on sbtest5_pkey  (cost=0.00..21.72 rows=929 width=0)
	              Index Cond: ((id >= 2652886) AND (id <= 2653885))

table 6 : explain SELECT c FROM sbtest6 WHERE id BETWEEN 6746548 AND 6747547 ORDER BY c
	Sort  (cost=3682.56..3684.91 rows=940 width=121)
	  Sort Key: c
	  ->  Bitmap Heap Scan on sbtest6  (cost=22.07..3636.14 rows=940 width=121)
	        Recheck Cond: ((id >= 6746548) AND (id <= 6747547))
	        ->  Bitmap Index Scan on sbtest6_pkey  (cost=0.00..21.83 rows=940 width=0)
	              Index Cond: ((id >= 6746548) AND (id <= 6747547))

table 7 : explain SELECT c FROM sbtest7 WHERE id BETWEEN 1959793 AND 1960792 ORDER BY c
	Sort  (cost=3989.96..3992.51 rows=1020 width=121)
	  Sort Key: c
	  ->  Bitmap Heap Scan on sbtest7  (cost=22.89..3938.99 rows=1020 width=121)
	        Recheck Cond: ((id >= 1959793) AND (id <= 1960792))
	        ->  Bitmap Index Scan on sbtest7_pkey  (cost=0.00..22.64 rows=1020 width=0)
	              Index Cond: ((id >= 1959793) AND (id <= 1960792))

table 8 : explain SELECT c FROM sbtest8 WHERE id BETWEEN 7111252 AND 7112251 ORDER BY c
	Sort  (cost=4020.64..4023.21 rows=1027 width=121)
	  Sort Key: c
	  ->  Bitmap Heap Scan on sbtest8  (cost=26.96..3969.27 rows=1027 width=121)
	        Recheck Cond: ((id >= 7111252) AND (id <= 7112251))
	        ->  Bitmap Index Scan on sbtest8_pkey  (cost=0.00..26.70 rows=1027 width=0)
	              Index Cond: ((id >= 7111252) AND (id <= 7112251))

for: distinct_ranges
table 1 : explain SELECT DISTINCT c FROM sbtest1 WHERE id BETWEEN 950625 AND 951624 ORDER BY c
	Unique  (cost=3653.49..3658.16 rows=933 width=121)
	  ->  Sort  (cost=3653.49..3655.82 rows=933 width=121)
	        Sort Key: c
	        ->  Bitmap Heap Scan on sbtest1  (cost=22.00..3607.47 rows=933 width=121)
	              Recheck Cond: ((id >= 950625) AND (id <= 951624))
	              ->  Bitmap Index Scan on sbtest1_pkey  (cost=0.00..21.76 rows=933 width=0)
	                    Index Cond: ((id >= 950625) AND (id <= 951624))

table 2 : explain SELECT DISTINCT c FROM sbtest2 WHERE id BETWEEN 2310025 AND 2311024 ORDER BY c
	Unique  (cost=4151.60..4156.91 rows=1063 width=121)
	  ->  Sort  (cost=4151.60..4154.26 rows=1063 width=121)
	        Sort Key: c
	        ->  Bitmap Heap Scan on sbtest2  (cost=23.33..4098.16 rows=1063 width=121)
	              Recheck Cond: ((id >= 2310025) AND (id <= 2311024))
	              ->  Bitmap Index Scan on sbtest2_pkey  (cost=0.00..23.07 rows=1063 width=0)
	                    Index Cond: ((id >= 2310025) AND (id <= 2311024))

table 3 : explain SELECT DISTINCT c FROM sbtest3 WHERE id BETWEEN 5181062 AND 5182061 ORDER BY c
	Unique  (cost=4182.25..4187.61 rows=1071 width=121)
	  ->  Sort  (cost=4182.25..4184.93 rows=1071 width=121)
	        Sort Key: c
	        ->  Bitmap Heap Scan on sbtest3  (cost=23.41..4128.36 rows=1071 width=121)
	              Recheck Cond: ((id >= 5181062) AND (id <= 5182061))
	              ->  Bitmap Index Scan on sbtest3_pkey  (cost=0.00..23.14 rows=1071 width=0)
	                    Index Cond: ((id >= 5181062) AND (id <= 5182061))

table 4 : explain SELECT DISTINCT c FROM sbtest4 WHERE id BETWEEN 2614014 AND 2615013 ORDER BY c
	Unique  (cost=3755.24..3760.04 rows=959 width=121)
	  ->  Sort  (cost=3755.24..3757.64 rows=959 width=121)
	        Sort Key: c
	        ->  Bitmap Heap Scan on sbtest4  (cost=22.26..3707.75 rows=959 width=121)
	              Recheck Cond: ((id >= 2614014) AND (id <= 2615013))
	              ->  Bitmap Index Scan on sbtest4_pkey  (cost=0.00..22.02 rows=959 width=0)
	                    Index Cond: ((id >= 2614014) AND (id <= 2615013))

table 5 : explain SELECT DISTINCT c FROM sbtest5 WHERE id BETWEEN 8520468 AND 8521467 ORDER BY c
	Unique  (cost=4069.00..4074.21 rows=1041 width=121)
	  ->  Sort  (cost=4069.00..4071.60 rows=1041 width=121)
	        Sort Key: c
	        ->  Bitmap Heap Scan on sbtest5  (cost=23.11..4016.83 rows=1041 width=121)
	              Recheck Cond: ((id >= 8520468) AND (id <= 8521467))
	              ->  Bitmap Index Scan on sbtest5_pkey  (cost=0.00..22.84 rows=1041 width=0)
	                    Index Cond: ((id >= 8520468) AND (id <= 8521467))

table 6 : explain SELECT DISTINCT c FROM sbtest6 WHERE id BETWEEN 5854633 AND 5855632 ORDER BY c
	Unique  (cost=3862.55..3867.49 rows=987 width=121)
	  ->  Sort  (cost=3862.55..3865.02 rows=987 width=121)
	        Sort Key: c
	        ->  Bitmap Heap Scan on sbtest6  (cost=22.55..3813.46 rows=987 width=121)
	              Recheck Cond: ((id >= 5854633) AND (id <= 5855632))
	              ->  Bitmap Index Scan on sbtest6_pkey  (cost=0.00..22.30 rows=987 width=0)
	                    Index Cond: ((id >= 5854633) AND (id <= 5855632))

table 7 : explain SELECT DISTINCT c FROM sbtest7 WHERE id BETWEEN 2696435 AND 2697434 ORDER BY c
	Unique  (cost=4119.93..4125.20 rows=1054 width=121)
	  ->  Sort  (cost=4119.93..4122.56 rows=1054 width=121)
	        Sort Key: c
	        ->  Bitmap Heap Scan on sbtest7  (cost=23.24..4067.01 rows=1054 width=121)
	              Recheck Cond: ((id >= 2696435) AND (id <= 2697434))
	              ->  Bitmap Index Scan on sbtest7_pkey  (cost=0.00..22.97 rows=1054 width=0)
	                    Index Cond: ((id >= 2696435) AND (id <= 2697434))

table 8 : explain SELECT DISTINCT c FROM sbtest8 WHERE id BETWEEN 755941 AND 756940 ORDER BY c
	Unique  (cost=3913.54..3918.53 rows=999 width=121)
	  ->  Sort  (cost=3913.54..3916.03 rows=999 width=121)
	        Sort Key: c
	        ->  Bitmap Heap Scan on sbtest8  (cost=26.67..3863.76 rows=999 width=121)
	              Recheck Cond: ((id >= 755941) AND (id <= 756940))
	              ->  Bitmap Index Scan on sbtest8_pkey  (cost=0.00..26.43 rows=999 width=0)
	                    Index Cond: ((id >= 755941) AND (id <= 756940))

for: order_ranges
table 1 : explain SELECT c FROM sbtest1 WHERE id BETWEEN 7036039 AND 7037038 ORDER BY c
	Sort  (cost=4043.49..4046.07 rows=1035 width=121)
	  Sort Key: c
	  ->  Bitmap Heap Scan on sbtest1  (cost=23.04..3991.66 rows=1035 width=121)
	        Recheck Cond: ((id >= 7036039) AND (id <= 7037038))
	        ->  Bitmap Index Scan on sbtest1_pkey  (cost=0.00..22.79 rows=1035 width=0)
	              Index Cond: ((id >= 7036039) AND (id <= 7037038))

table 2 : explain SELECT c FROM sbtest2 WHERE id BETWEEN 4334460 AND 4335459 ORDER BY c
	Sort  (cost=3535.70..3537.96 rows=902 width=121)
	  Sort Key: c
	  ->  Bitmap Heap Scan on sbtest2  (cost=21.68..3491.43 rows=902 width=121)
	        Recheck Cond: ((id >= 4334460) AND (id <= 4335459))
	        ->  Bitmap Index Scan on sbtest2_pkey  (cost=0.00..21.45 rows=902 width=0)
	              Index Cond: ((id >= 4334460) AND (id <= 4335459))

table 3 : explain SELECT c FROM sbtest3 WHERE id BETWEEN 4821749 AND 4822748 ORDER BY c
	Sort  (cost=3566.49..3568.76 rows=910 width=121)
	  Sort Key: c
	  ->  Bitmap Heap Scan on sbtest3  (cost=21.76..3521.76 rows=910 width=121)
	        Recheck Cond: ((id >= 4821749) AND (id <= 4822748))
	        ->  Bitmap Index Scan on sbtest3_pkey  (cost=0.00..21.54 rows=910 width=0)
	              Index Cond: ((id >= 4821749) AND (id <= 4822748))

table 4 : explain SELECT c FROM sbtest4 WHERE id BETWEEN 1265643 AND 1266642 ORDER BY c
	Sort  (cost=4183.63..4186.30 rows=1070 width=121)
	  Sort Key: c
	  ->  Bitmap Heap Scan on sbtest4  (cost=27.40..4129.79 rows=1070 width=121)
	        Recheck Cond: ((id >= 1265643) AND (id <= 1266642))
	        ->  Bitmap Index Scan on sbtest4_pkey  (cost=0.00..27.14 rows=1070 width=0)
	              Index Cond: ((id >= 1265643) AND (id <= 1266642))

table 5 : explain SELECT c FROM sbtest5 WHERE id BETWEEN 6803887 AND 6804886 ORDER BY c
	Sort  (cost=3801.29..3803.72 rows=971 width=121)
	  Sort Key: c
	  ->  Bitmap Heap Scan on sbtest5  (cost=22.39..3753.11 rows=971 width=121)
	        Recheck Cond: ((id >= 6803887) AND (id <= 6804886))
	        ->  Bitmap Index Scan on sbtest5_pkey  (cost=0.00..22.14 rows=971 width=0)
	              Index Cond: ((id >= 6803887) AND (id <= 6804886))

table 6 : explain SELECT c FROM sbtest6 WHERE id BETWEEN 992734 AND 993733 ORDER BY c
	Sort  (cost=3923.76..3926.27 rows=1003 width=121)
	  Sort Key: c
	  ->  Bitmap Heap Scan on sbtest6  (cost=22.72..3873.76 rows=1003 width=121)
	        Recheck Cond: ((id >= 992734) AND (id <= 993733))
	        ->  Bitmap Index Scan on sbtest6_pkey  (cost=0.00..22.46 rows=1003 width=0)
	              Index Cond: ((id >= 992734) AND (id <= 993733))

table 7 : explain SELECT c FROM sbtest7 WHERE id BETWEEN 6509618 AND 6510617 ORDER BY c
	Sort  (cost=3744.94..3747.33 rows=956 width=121)
	  Sort Key: c
	  ->  Bitmap Heap Scan on sbtest7  (cost=22.23..3697.62 rows=956 width=121)
	        Recheck Cond: ((id >= 6509618) AND (id <= 6510617))
	        ->  Bitmap Index Scan on sbtest7_pkey  (cost=0.00..22.00 rows=956 width=0)
	              Index Cond: ((id >= 6509618) AND (id <= 6510617))

table 8 : explain SELECT c FROM sbtest8 WHERE id BETWEEN 2347451 AND 2348450 ORDER BY c
	Sort  (cost=4120.02..4122.65 rows=1053 width=121)
	  Sort Key: c
	  ->  Bitmap Heap Scan on sbtest8  (cost=27.23..4067.15 rows=1053 width=121)
	        Recheck Cond: ((id >= 2347451) AND (id <= 2348450))
	        ->  Bitmap Index Scan on sbtest8_pkey  (cost=0.00..26.96 rows=1053 width=0)
	              Index Cond: ((id >= 2347451) AND (id <= 2348450))

for: distinct_ranges
table 1 : explain SELECT DISTINCT c FROM sbtest1 WHERE id BETWEEN 2050988 AND 2051987 ORDER BY c
	Unique  (cost=3772.16..3776.98 rows=964 width=121)
	  ->  Sort  (cost=3772.16..3774.57 rows=964 width=121)
	        Sort Key: c
	        ->  Bitmap Heap Scan on sbtest1  (cost=22.32..3724.38 rows=964 width=121)
	              Recheck Cond: ((id >= 2050988) AND (id <= 2051987))
	              ->  Bitmap Index Scan on sbtest1_pkey  (cost=0.00..22.07 rows=964 width=0)
	                    Index Cond: ((id >= 2050988) AND (id <= 2051987))

table 2 : explain SELECT DISTINCT c FROM sbtest2 WHERE id BETWEEN 1148184 AND 1149183 ORDER BY c
	Unique  (cost=3918.62..3923.63 rows=1002 width=121)
	  ->  Sort  (cost=3918.62..3921.13 rows=1002 width=121)
	        Sort Key: c
	        ->  Bitmap Heap Scan on sbtest2  (cost=22.71..3868.68 rows=1002 width=121)
	              Recheck Cond: ((id >= 1148184) AND (id <= 1149183))
	              ->  Bitmap Index Scan on sbtest2_pkey  (cost=0.00..22.45 rows=1002 width=0)
	                    Index Cond: ((id >= 1148184) AND (id <= 1149183))

table 3 : explain SELECT DISTINCT c FROM sbtest3 WHERE id BETWEEN 8609157 AND 8610156 ORDER BY c
	Unique  (cost=4079.21..4084.43 rows=1044 width=121)
	  ->  Sort  (cost=4079.21..4081.82 rows=1044 width=121)
	        Sort Key: c
	        ->  Bitmap Heap Scan on sbtest3  (cost=23.14..4026.86 rows=1044 width=121)
	              Recheck Cond: ((id >= 8609157) AND (id <= 8610156))
	              ->  Bitmap Index Scan on sbtest3_pkey  (cost=0.00..22.87 rows=1044 width=0)
	                    Index Cond: ((id >= 8609157) AND (id <= 8610156))

table 4 : explain SELECT DISTINCT c FROM sbtest4 WHERE id BETWEEN 1027774 AND 1028773 ORDER BY c
	Unique  (cost=3647.95..3652.61 rows=931 width=121)
	  ->  Sort  (cost=3647.95..3650.28 rows=931 width=121)
	        Sort Key: c
	        ->  Bitmap Heap Scan on sbtest4  (cost=21.98..3602.04 rows=931 width=121)
	              Recheck Cond: ((id >= 1027774) AND (id <= 1028773))
	              ->  Bitmap Index Scan on sbtest4_pkey  (cost=0.00..21.75 rows=931 width=0)
	                    Index Cond: ((id >= 1027774) AND (id <= 1028773))

table 5 : explain SELECT DISTINCT c FROM sbtest5 WHERE id BETWEEN 910620 AND 911619 ORDER BY c
	Unique  (cost=3563.67..3568.22 rows=909 width=121)
	  ->  Sort  (cost=3563.67..3565.94 rows=909 width=121)
	        Sort Key: c
	        ->  Bitmap Heap Scan on sbtest5  (cost=21.75..3519.00 rows=909 width=121)
	              Recheck Cond: ((id >= 910620) AND (id <= 911619))
	              ->  Bitmap Index Scan on sbtest5_pkey  (cost=0.00..21.52 rows=909 width=0)
	                    Index Cond: ((id >= 910620) AND (id <= 911619))

table 6 : explain SELECT DISTINCT c FROM sbtest6 WHERE id BETWEEN 1496045 AND 1497044 ORDER BY c
	Unique  (cost=3724.71..3729.46 rows=951 width=121)
	  ->  Sort  (cost=3724.71..3727.09 rows=951 width=121)
	        Sort Key: c
	        ->  Bitmap Heap Scan on sbtest6  (cost=22.18..3677.67 rows=951 width=121)
	              Recheck Cond: ((id >= 1496045) AND (id <= 1497044))
	              ->  Bitmap Index Scan on sbtest6_pkey  (cost=0.00..21.94 rows=951 width=0)
	                    Index Cond: ((id >= 1496045) AND (id <= 1497044))

table 7 : explain SELECT DISTINCT c FROM sbtest7 WHERE id BETWEEN 7180838 AND 7181837 ORDER BY c
	Unique  (cost=3790.92..3795.76 rows=968 width=121)
	  ->  Sort  (cost=3790.92..3793.34 rows=968 width=121)
	        Sort Key: c
	        ->  Bitmap Heap Scan on sbtest7  (cost=22.36..3742.92 rows=968 width=121)
	              Recheck Cond: ((id >= 7180838) AND (id <= 7181837))
	              ->  Bitmap Index Scan on sbtest7_pkey  (cost=0.00..22.11 rows=968 width=0)
	                    Index Cond: ((id >= 7180838) AND (id <= 7181837))

table 8 : explain SELECT DISTINCT c FROM sbtest8 WHERE id BETWEEN 9245275 AND 9246274 ORDER BY c
	Unique  (cost=3579.97..3584.53 rows=913 width=121)
	  ->  Sort  (cost=3579.97..3582.25 rows=913 width=121)
	        Sort Key: c
	        ->  Bitmap Heap Scan on sbtest8  (cost=21.79..3535.07 rows=913 width=121)
	              Recheck Cond: ((id >= 9245275) AND (id <= 9246274))
	              ->  Bitmap Index Scan on sbtest8_pkey  (cost=0.00..21.57 rows=913 width=0)
	                    Index Cond: ((id >= 9245275) AND (id <= 9246274))

for: order_ranges
table 1 : explain SELECT c FROM sbtest1 WHERE id BETWEEN 7969755 AND 7970754 ORDER BY c
	Sort  (cost=4051.12..4053.71 rows=1037 width=121)
	  Sort Key: c
	  ->  Bitmap Heap Scan on sbtest1  (cost=23.06..3999.18 rows=1037 width=121)
	        Recheck Cond: ((id >= 7969755) AND (id <= 7970754))
	        ->  Bitmap Index Scan on sbtest1_pkey  (cost=0.00..22.80 rows=1037 width=0)
	              Index Cond: ((id >= 7969755) AND (id <= 7970754))

table 2 : explain SELECT c FROM sbtest2 WHERE id BETWEEN 2898760 AND 2899759 ORDER BY c
	Sort  (cost=4285.26..4288.00 rows=1097 width=121)
	  Sort Key: c
	  ->  Bitmap Heap Scan on sbtest2  (cost=27.68..4229.87 rows=1097 width=121)
	        Recheck Cond: ((id >= 2898760) AND (id <= 2899759))
	        ->  Bitmap Index Scan on sbtest2_pkey  (cost=0.00..27.40 rows=1097 width=0)
	              Index Cond: ((id >= 2898760) AND (id <= 2899759))

table 3 : explain SELECT c FROM sbtest3 WHERE id BETWEEN 8426856 AND 8427855 ORDER BY c
	Sort  (cost=3784.86..3787.27 rows=967 width=121)
	  Sort Key: c
	  ->  Bitmap Heap Scan on sbtest3  (cost=22.35..3736.91 rows=967 width=121)
	        Recheck Cond: ((id >= 8426856) AND (id <= 8427855))
	        ->  Bitmap Index Scan on sbtest3_pkey  (cost=0.00..22.11 rows=967 width=0)
	              Index Cond: ((id >= 8426856) AND (id <= 8427855))

table 4 : explain SELECT c FROM sbtest4 WHERE id BETWEEN 2416347 AND 2417346 ORDER BY c
	Sort  (cost=3858.61..3861.07 rows=986 width=121)
	  Sort Key: c
	  ->  Bitmap Heap Scan on sbtest4  (cost=22.54..3809.58 rows=986 width=121)
	        Recheck Cond: ((id >= 2416347) AND (id <= 2417346))
	        ->  Bitmap Index Scan on sbtest4_pkey  (cost=0.00..22.29 rows=986 width=0)
	              Index Cond: ((id >= 2416347) AND (id <= 2417346))

table 5 : explain SELECT c FROM sbtest5 WHERE id BETWEEN 2576006 AND 2577005 ORDER BY c
	Sort  (cost=3690.21..3692.56 rows=942 width=121)
	  Sort Key: c
	  ->  Bitmap Heap Scan on sbtest5  (cost=22.09..3643.67 rows=942 width=121)
	        Recheck Cond: ((id >= 2576006) AND (id <= 2577005))
	        ->  Bitmap Index Scan on sbtest5_pkey  (cost=0.00..21.86 rows=942 width=0)
	              Index Cond: ((id >= 2576006) AND (id <= 2577005))

table 6 : explain SELECT c FROM sbtest6 WHERE id BETWEEN 7037292 AND 7038291 ORDER BY c
	Sort  (cost=3686.39..3688.74 rows=941 width=121)
	  Sort Key: c
	  ->  Bitmap Heap Scan on sbtest6  (cost=22.08..3639.91 rows=941 width=121)
	        Recheck Cond: ((id >= 7037292) AND (id <= 7038291))
	        ->  Bitmap Index Scan on sbtest6_pkey  (cost=0.00..21.84 rows=941 width=0)
	              Index Cond: ((id >= 7037292) AND (id <= 7038291))

table 7 : explain SELECT c FROM sbtest7 WHERE id BETWEEN 1573051 AND 1574050 ORDER BY c
	Sort  (cost=3691.28..3693.63 rows=942 width=121)
	  Sort Key: c
	  ->  Bitmap Heap Scan on sbtest7  (cost=22.09..3644.75 rows=942 width=121)
	        Recheck Cond: ((id >= 1573051) AND (id <= 1574050))
	        ->  Bitmap Index Scan on sbtest7_pkey  (cost=0.00..21.86 rows=942 width=0)
	              Index Cond: ((id >= 1573051) AND (id <= 1574050))

table 8 : explain SELECT c FROM sbtest8 WHERE id BETWEEN 3763033 AND 3764032 ORDER BY c
	Sort  (cost=4265.11..4267.84 rows=1091 width=121)
	  Sort Key: c
	  ->  Bitmap Heap Scan on sbtest8  (cost=27.62..4210.06 rows=1091 width=121)
	        Recheck Cond: ((id >= 3763033) AND (id <= 3764032))
	        ->  Bitmap Index Scan on sbtest8_pkey  (cost=0.00..27.34 rows=1091 width=0)
	              Index Cond: ((id >= 3763033) AND (id <= 3764032))

for point_selects
table 1 : explain SELECT c FROM sbtest1 WHERE id=7891184
	Index Scan using sbtest1_pkey on sbtest1  (cost=0.43..8.45 rows=1 width=121)
	  Index Cond: (id = 7891184)

table 2 : explain SELECT c FROM sbtest2 WHERE id=8006712
	Index Scan using sbtest2_pkey on sbtest2  (cost=0.43..8.45 rows=1 width=121)
	  Index Cond: (id = 8006712)

table 3 : explain SELECT c FROM sbtest3 WHERE id=733007
	Index Scan using sbtest3_pkey on sbtest3  (cost=0.43..8.45 rows=1 width=121)
	  Index Cond: (id = 733007)

table 4 : explain SELECT c FROM sbtest4 WHERE id=4463132
	Index Scan using sbtest4_pkey on sbtest4  (cost=0.43..8.45 rows=1 width=121)
	  Index Cond: (id = 4463132)

table 5 : explain SELECT c FROM sbtest5 WHERE id=7022488
	Index Scan using sbtest5_pkey on sbtest5  (cost=0.43..8.45 rows=1 width=121)
	  Index Cond: (id = 7022488)

table 6 : explain SELECT c FROM sbtest6 WHERE id=7716749
	Index Scan using sbtest6_pkey on sbtest6  (cost=0.43..8.45 rows=1 width=121)
	  Index Cond: (id = 7716749)

table 7 : explain SELECT c FROM sbtest7 WHERE id=4611522
	Index Scan using sbtest7_pkey on sbtest7  (cost=0.43..8.45 rows=1 width=121)
	  Index Cond: (id = 4611522)

table 8 : explain SELECT c FROM sbtest8 WHERE id=347160
	Index Scan using sbtest8_pkey on sbtest8  (cost=0.43..8.45 rows=1 width=121)
	  Index Cond: (id = 347160)

for point_selects
table 1 : explain SELECT c FROM sbtest1 WHERE id=1291287
	Index Scan using sbtest1_pkey on sbtest1  (cost=0.43..8.45 rows=1 width=121)
	  Index Cond: (id = 1291287)

table 2 : explain SELECT c FROM sbtest2 WHERE id=2236715
	Index Scan using sbtest2_pkey on sbtest2  (cost=0.43..8.45 rows=1 width=121)
	  Index Cond: (id = 2236715)

table 3 : explain SELECT c FROM sbtest3 WHERE id=823790
	Index Scan using sbtest3_pkey on sbtest3  (cost=0.43..8.45 rows=1 width=121)
	  Index Cond: (id = 823790)

table 4 : explain SELECT c FROM sbtest4 WHERE id=1222826
	Index Scan using sbtest4_pkey on sbtest4  (cost=0.43..8.45 rows=1 width=121)
	  Index Cond: (id = 1222826)

table 5 : explain SELECT c FROM sbtest5 WHERE id=4826902
	Index Scan using sbtest5_pkey on sbtest5  (cost=0.43..8.45 rows=1 width=121)
	  Index Cond: (id = 4826902)

table 6 : explain SELECT c FROM sbtest6 WHERE id=9573197
	Index Scan using sbtest6_pkey on sbtest6  (cost=0.43..8.45 rows=1 width=121)
	  Index Cond: (id = 9573197)

table 7 : explain SELECT c FROM sbtest7 WHERE id=977311
	Index Scan using sbtest7_pkey on sbtest7  (cost=0.43..8.45 rows=1 width=121)
	  Index Cond: (id = 977311)

table 8 : explain SELECT c FROM sbtest8 WHERE id=5042541
	Index Scan using sbtest8_pkey on sbtest8  (cost=0.43..8.45 rows=1 width=121)
	  Index Cond: (id = 5042541)

for: distinct_ranges
table 1 : explain SELECT DISTINCT c FROM sbtest1 WHERE id BETWEEN 8206228 AND 8207227 ORDER BY c
	Unique  (cost=3573.04..3577.60 rows=912 width=121)
	  ->  Sort  (cost=3573.04..3575.32 rows=912 width=121)
	        Sort Key: c
	        ->  Bitmap Heap Scan on sbtest1  (cost=21.78..3528.20 rows=912 width=121)
	              Recheck Cond: ((id >= 8206228) AND (id <= 8207227))
	              ->  Bitmap Index Scan on sbtest1_pkey  (cost=0.00..21.55 rows=912 width=0)
	                    Index Cond: ((id >= 8206228) AND (id <= 8207227))

table 2 : explain SELECT DISTINCT c FROM sbtest2 WHERE id BETWEEN 2952989 AND 2953988 ORDER BY c
	Unique  (cost=4143.97..4149.27 rows=1061 width=121)
	  ->  Sort  (cost=4143.97..4146.62 rows=1061 width=121)
	        Sort Key: c
	        ->  Bitmap Heap Scan on sbtest2  (cost=23.31..4090.65 rows=1061 width=121)
	              Recheck Cond: ((id >= 2952989) AND (id <= 2953988))
	              ->  Bitmap Index Scan on sbtest2_pkey  (cost=0.00..23.04 rows=1061 width=0)
	                    Index Cond: ((id >= 2952989) AND (id <= 2953988))

table 3 : explain SELECT DISTINCT c FROM sbtest3 WHERE id BETWEEN 5720238 AND 5721237 ORDER BY c
	Unique  (cost=4319.78..4325.32 rows=1107 width=121)
	  ->  Sort  (cost=4319.78..4322.55 rows=1107 width=121)
	        Sort Key: c
	        ->  Bitmap Heap Scan on sbtest3  (cost=27.78..4263.81 rows=1107 width=121)
	              Recheck Cond: ((id >= 5720238) AND (id <= 5721237))
	              ->  Bitmap Index Scan on sbtest3_pkey  (cost=0.00..27.50 rows=1107 width=0)
	                    Index Cond: ((id >= 5720238) AND (id <= 5721237))

table 4 : explain SELECT DISTINCT c FROM sbtest4 WHERE id BETWEEN 7538575 AND 7539574 ORDER BY c
	Unique  (cost=3950.42..3955.47 rows=1010 width=121)
	  ->  Sort  (cost=3950.42..3952.94 rows=1010 width=121)
	        Sort Key: c
	        ->  Bitmap Heap Scan on sbtest4  (cost=22.79..3900.02 rows=1010 width=121)
	              Recheck Cond: ((id >= 7538575) AND (id <= 7539574))
	              ->  Bitmap Index Scan on sbtest4_pkey  (cost=0.00..22.54 rows=1010 width=0)
	                    Index Cond: ((id >= 7538575) AND (id <= 7539574))

table 5 : explain SELECT DISTINCT c FROM sbtest5 WHERE id BETWEEN 9097082 AND 9098081 ORDER BY c
	Unique  (cost=4069.00..4074.21 rows=1041 width=121)
	  ->  Sort  (cost=4069.00..4071.60 rows=1041 width=121)
	        Sort Key: c
	        ->  Bitmap Heap Scan on sbtest5  (cost=23.11..4016.83 rows=1041 width=121)
	              Recheck Cond: ((id >= 9097082) AND (id <= 9098081))
	              ->  Bitmap Index Scan on sbtest5_pkey  (cost=0.00..22.84 rows=1041 width=0)
	                    Index Cond: ((id >= 9097082) AND (id <= 9098081))

table 6 : explain SELECT DISTINCT c FROM sbtest6 WHERE id BETWEEN 7924843 AND 7925842 ORDER BY c
	Unique  (cost=3805.14..3810.00 rows=972 width=121)
	  ->  Sort  (cost=3805.14..3807.57 rows=972 width=121)
	        Sort Key: c
	        ->  Bitmap Heap Scan on sbtest6  (cost=22.40..3756.90 rows=972 width=121)
	              Recheck Cond: ((id >= 7924843) AND (id <= 7925842))
	              ->  Bitmap Index Scan on sbtest6_pkey  (cost=0.00..22.15 rows=972 width=0)
	                    Index Cond: ((id >= 7924843) AND (id <= 7925842))

table 7 : explain SELECT DISTINCT c FROM sbtest7 WHERE id BETWEEN 2865840 AND 2866839 ORDER BY c
	Unique  (cost=3974.66..3979.74 rows=1016 width=121)
	  ->  Sort  (cost=3974.66..3977.20 rows=1016 width=121)
	        Sort Key: c
	        ->  Bitmap Heap Scan on sbtest7  (cost=22.85..3923.92 rows=1016 width=121)
	              Recheck Cond: ((id >= 2865840) AND (id <= 2866839))
	              ->  Bitmap Index Scan on sbtest7_pkey  (cost=0.00..22.59 rows=1016 width=0)
	                    Index Cond: ((id >= 2865840) AND (id <= 2866839))

table 8 : explain SELECT DISTINCT c FROM sbtest8 WHERE id BETWEEN 4696466 AND 4697465 ORDER BY c
	Unique  (cost=3802.34..3807.19 rows=971 width=121)
	  ->  Sort  (cost=3802.34..3804.76 rows=971 width=121)
	        Sort Key: c
	        ->  Bitmap Heap Scan on sbtest8  (cost=22.39..3754.16 rows=971 width=121)
	              Recheck Cond: ((id >= 4696466) AND (id <= 4697465))
	              ->  Bitmap Index Scan on sbtest8_pkey  (cost=0.00..22.14 rows=971 width=0)
	                    Index Cond: ((id >= 4696466) AND (id <= 4697465))

for: distinct_ranges
table 1 : explain SELECT DISTINCT c FROM sbtest1 WHERE id BETWEEN 1890122 AND 1891121 ORDER BY c
	Unique  (cost=3615.19..3619.80 rows=923 width=121)
	  ->  Sort  (cost=3615.19..3617.49 rows=923 width=121)
	        Sort Key: c
	        ->  Bitmap Heap Scan on sbtest1  (cost=21.90..3569.73 rows=923 width=121)
	              Recheck Cond: ((id >= 1890122) AND (id <= 1891121))
	              ->  Bitmap Index Scan on sbtest1_pkey  (cost=0.00..21.66 rows=923 width=0)
	                    Index Cond: ((id >= 1890122) AND (id <= 1891121))

table 2 : explain SELECT DISTINCT c FROM sbtest2 WHERE id BETWEEN 3427433 AND 3428432 ORDER BY c
	Unique  (cost=3933.91..3938.94 rows=1006 width=121)
	  ->  Sort  (cost=3933.91..3936.43 rows=1006 width=121)
	        Sort Key: c
	        ->  Bitmap Heap Scan on sbtest2  (cost=22.75..3883.74 rows=1006 width=121)
	              Recheck Cond: ((id >= 3427433) AND (id <= 3428432))
	              ->  Bitmap Index Scan on sbtest2_pkey  (cost=0.00..22.50 rows=1006 width=0)
	                    Index Cond: ((id >= 3427433) AND (id <= 3428432))

table 3 : explain SELECT DISTINCT c FROM sbtest3 WHERE id BETWEEN 3040408 AND 3041407 ORDER BY c
	Unique  (cost=3754.23..3759.03 rows=959 width=121)
	  ->  Sort  (cost=3754.23..3756.63 rows=959 width=121)
	        Sort Key: c
	        ->  Bitmap Heap Scan on sbtest3  (cost=22.26..3706.74 rows=959 width=121)
	              Recheck Cond: ((id >= 3040408) AND (id <= 3041407))
	              ->  Bitmap Index Scan on sbtest3_pkey  (cost=0.00..22.02 rows=959 width=0)
	                    Index Cond: ((id >= 3040408) AND (id <= 3041407))

table 4 : explain SELECT DISTINCT c FROM sbtest4 WHERE id BETWEEN 3100229 AND 3101228 ORDER BY c
	Unique  (cost=3747.58..3752.37 rows=957 width=121)
	  ->  Sort  (cost=3747.58..3749.98 rows=957 width=121)
	        Sort Key: c
	        ->  Bitmap Heap Scan on sbtest4  (cost=22.24..3700.20 rows=957 width=121)
	              Recheck Cond: ((id >= 3100229) AND (id <= 3101228))
	              ->  Bitmap Index Scan on sbtest4_pkey  (cost=0.00..22.00 rows=957 width=0)
	                    Index Cond: ((id >= 3100229) AND (id <= 3101228))

table 5 : explain SELECT DISTINCT c FROM sbtest5 WHERE id BETWEEN 7385193 AND 7386192 ORDER BY c
	Unique  (cost=4260.05..4265.50 rows=1090 width=121)
	  ->  Sort  (cost=4260.05..4262.78 rows=1090 width=121)
	        Sort Key: c
	        ->  Bitmap Heap Scan on sbtest5  (cost=27.61..4205.06 rows=1090 width=121)
	              Recheck Cond: ((id >= 7385193) AND (id <= 7386192))
	              ->  Bitmap Index Scan on sbtest5_pkey  (cost=0.00..27.33 rows=1090 width=0)
	                    Index Cond: ((id >= 7385193) AND (id <= 7386192))

table 6 : explain SELECT DISTINCT c FROM sbtest6 WHERE id BETWEEN 2976871 AND 2977870 ORDER BY c
	Unique  (cost=3858.72..3863.65 rows=986 width=121)
	  ->  Sort  (cost=3858.72..3861.19 rows=986 width=121)
	        Sort Key: c
	        ->  Bitmap Heap Scan on sbtest6  (cost=22.54..3809.69 rows=986 width=121)
	              Recheck Cond: ((id >= 2976871) AND (id <= 2977870))
	              ->  Bitmap Index Scan on sbtest6_pkey  (cost=0.00..22.29 rows=986 width=0)
	                    Index Cond: ((id >= 2976871) AND (id <= 2977870))

table 7 : explain SELECT DISTINCT c FROM sbtest7 WHERE id BETWEEN 5631982 AND 5632981 ORDER BY c
	Unique  (cost=3967.01..3972.08 rows=1014 width=121)
	  ->  Sort  (cost=3967.01..3969.55 rows=1014 width=121)
	        Sort Key: c
	        ->  Bitmap Heap Scan on sbtest7  (cost=22.83..3916.38 rows=1014 width=121)
	              Recheck Cond: ((id >= 5631982) AND (id <= 5632981))
	              ->  Bitmap Index Scan on sbtest7_pkey  (cost=0.00..22.57 rows=1014 width=0)
	                    Index Cond: ((id >= 5631982) AND (id <= 5632981))

table 8 : explain SELECT DISTINCT c FROM sbtest8 WHERE id BETWEEN 4087092 AND 4088091 ORDER BY c
	Unique  (cost=3917.36..3922.36 rows=1000 width=121)
	  ->  Sort  (cost=3917.36..3919.86 rows=1000 width=121)
	        Sort Key: c
	        ->  Bitmap Heap Scan on sbtest8  (cost=26.68..3867.53 rows=1000 width=121)
	              Recheck Cond: ((id >= 4087092) AND (id <= 4088091))
	              ->  Bitmap Index Scan on sbtest8_pkey  (cost=0.00..26.43 rows=1000 width=0)
	                    Index Cond: ((id >= 4087092) AND (id <= 4088091))

for point_selects
table 1 : explain SELECT c FROM sbtest1 WHERE id=6987598
	Index Scan using sbtest1_pkey on sbtest1  (cost=0.43..8.45 rows=1 width=121)
	  Index Cond: (id = 6987598)

table 2 : explain SELECT c FROM sbtest2 WHERE id=8634222
	Index Scan using sbtest2_pkey on sbtest2  (cost=0.43..8.45 rows=1 width=121)
	  Index Cond: (id = 8634222)

table 3 : explain SELECT c FROM sbtest3 WHERE id=169947
	Index Scan using sbtest3_pkey on sbtest3  (cost=0.43..8.45 rows=1 width=121)
	  Index Cond: (id = 169947)

table 4 : explain SELECT c FROM sbtest4 WHERE id=5735398
	Index Scan using sbtest4_pkey on sbtest4  (cost=0.43..8.45 rows=1 width=121)
	  Index Cond: (id = 5735398)

table 5 : explain SELECT c FROM sbtest5 WHERE id=135494
	Index Scan using sbtest5_pkey on sbtest5  (cost=0.43..8.45 rows=1 width=121)
	  Index Cond: (id = 135494)

table 6 : explain SELECT c FROM sbtest6 WHERE id=8433086
	Index Scan using sbtest6_pkey on sbtest6  (cost=0.43..8.45 rows=1 width=121)
	  Index Cond: (id = 8433086)

table 7 : explain SELECT c FROM sbtest7 WHERE id=5362
	Index Scan using sbtest7_pkey on sbtest7  (cost=0.43..8.45 rows=1 width=121)
	  Index Cond: (id = 5362)

table 8 : explain SELECT c FROM sbtest8 WHERE id=1648046
	Index Scan using sbtest8_pkey on sbtest8  (cost=0.43..8.45 rows=1 width=121)
	  Index Cond: (id = 1648046)

for: order_ranges
table 1 : explain SELECT c FROM sbtest1 WHERE id BETWEEN 1498656 AND 1499655 ORDER BY c
	Sort  (cost=3982.40..3984.94 rows=1019 width=121)
	  Sort Key: c
	  ->  Bitmap Heap Scan on sbtest1  (cost=22.88..3931.48 rows=1019 width=121)
	        Recheck Cond: ((id >= 1498656) AND (id <= 1499655))
	        ->  Bitmap Index Scan on sbtest1_pkey  (cost=0.00..22.62 rows=1019 width=0)
	              Index Cond: ((id >= 1498656) AND (id <= 1499655))

table 2 : explain SELECT c FROM sbtest2 WHERE id BETWEEN 3001307 AND 3002306 ORDER BY c
	Sort  (cost=4143.97..4146.62 rows=1061 width=121)
	  Sort Key: c
	  ->  Bitmap Heap Scan on sbtest2  (cost=23.31..4090.65 rows=1061 width=121)
	        Recheck Cond: ((id >= 3001307) AND (id <= 3002306))
	        ->  Bitmap Index Scan on sbtest2_pkey  (cost=0.00..23.04 rows=1061 width=0)
	              Index Cond: ((id >= 3001307) AND (id <= 3002306))

table 3 : explain SELECT c FROM sbtest3 WHERE id BETWEEN 382161 AND 383160 ORDER BY c
	Sort  (cost=3558.82..3561.09 rows=908 width=121)
	  Sort Key: c
	  ->  Bitmap Heap Scan on sbtest3  (cost=21.74..3514.20 rows=908 width=121)
	        Recheck Cond: ((id >= 382161) AND (id <= 383160))
	        ->  Bitmap Index Scan on sbtest3_pkey  (cost=0.00..21.51 rows=908 width=0)
	              Index Cond: ((id >= 382161) AND (id <= 383160))

table 4 : explain SELECT c FROM sbtest4 WHERE id BETWEEN 6673632 AND 6674631 ORDER BY c
	Sort  (cost=3743.75..3746.14 rows=956 width=121)
	  Sort Key: c
	  ->  Bitmap Heap Scan on sbtest4  (cost=22.23..3696.43 rows=956 width=121)
	        Recheck Cond: ((id >= 6673632) AND (id <= 6674631))
	        ->  Bitmap Index Scan on sbtest4_pkey  (cost=0.00..22.00 rows=956 width=0)
	              Index Cond: ((id >= 6673632) AND (id <= 6674631))

table 5 : explain SELECT c FROM sbtest5 WHERE id BETWEEN 8986823 AND 8987822 ORDER BY c
	Sort  (cost=4076.64..4079.25 rows=1043 width=121)
	  Sort Key: c
	  ->  Bitmap Heap Scan on sbtest5  (cost=23.13..4024.35 rows=1043 width=121)
	        Recheck Cond: ((id >= 8986823) AND (id <= 8987822))
	        ->  Bitmap Index Scan on sbtest5_pkey  (cost=0.00..22.86 rows=1043 width=0)
	              Index Cond: ((id >= 8986823) AND (id <= 8987822))

table 6 : explain SELECT c FROM sbtest6 WHERE id BETWEEN 6789915 AND 6790914 ORDER BY c
	Sort  (cost=3682.56..3684.91 rows=940 width=121)
	  Sort Key: c
	  ->  Bitmap Heap Scan on sbtest6  (cost=22.07..3636.14 rows=940 width=121)
	        Recheck Cond: ((id >= 6789915) AND (id <= 6790914))
	        ->  Bitmap Index Scan on sbtest6_pkey  (cost=0.00..21.83 rows=940 width=0)
	              Index Cond: ((id >= 6789915) AND (id <= 6790914))

table 7 : explain SELECT c FROM sbtest7 WHERE id BETWEEN 1176753 AND 1177752 ORDER BY c
	Sort  (cost=3553.17..3555.44 rows=906 width=121)
	  Sort Key: c
	  ->  Bitmap Heap Scan on sbtest7  (cost=21.72..3508.67 rows=906 width=121)
	        Recheck Cond: ((id >= 1176753) AND (id <= 1177752))
	        ->  Bitmap Index Scan on sbtest7_pkey  (cost=0.00..21.50 rows=906 width=0)
	              Index Cond: ((id >= 1176753) AND (id <= 1177752))

table 8 : explain SELECT c FROM sbtest8 WHERE id BETWEEN 1070190 AND 1071189 ORDER BY c
	Sort  (cost=3871.26..3873.73 rows=989 width=121)
	  Sort Key: c
	  ->  Bitmap Heap Scan on sbtest8  (cost=22.57..3822.06 rows=989 width=121)
	        Recheck Cond: ((id >= 1070190) AND (id <= 1071189))
	        ->  Bitmap Index Scan on sbtest8_pkey  (cost=0.00..22.32 rows=989 width=0)
	              Index Cond: ((id >= 1070190) AND (id <= 1071189))

for: simple_ranges
table 1 : explain SELECT c FROM sbtest1 WHERE id BETWEEN 2028292 AND 2029291
	Bitmap Heap Scan on sbtest1  (cost=22.56..3814.80 rows=988 width=121)
	  Recheck Cond: ((id >= 2028292) AND (id <= 2029291))
	  ->  Bitmap Index Scan on sbtest1_pkey  (cost=0.00..22.32 rows=988 width=0)
	        Index Cond: ((id >= 2028292) AND (id <= 2029291))

table 2 : explain SELECT c FROM sbtest2 WHERE id BETWEEN 5070470 AND 5071469
	Bitmap Heap Scan on sbtest2  (cost=23.44..4139.49 rows=1074 width=121)
	  Recheck Cond: ((id >= 5070470) AND (id <= 5071469))
	  ->  Bitmap Index Scan on sbtest2_pkey  (cost=0.00..23.18 rows=1074 width=0)
	        Index Cond: ((id >= 5070470) AND (id <= 5071469))

table 3 : explain SELECT c FROM sbtest3 WHERE id BETWEEN 7279629 AND 7280628
	Bitmap Heap Scan on sbtest3  (cost=22.75..3883.86 rows=1006 width=121)
	  Recheck Cond: ((id >= 7279629) AND (id <= 7280628))
	  ->  Bitmap Index Scan on sbtest3_pkey  (cost=0.00..22.50 rows=1006 width=0)
	        Index Cond: ((id >= 7279629) AND (id <= 7280628))

table 4 : explain SELECT c FROM sbtest4 WHERE id BETWEEN 2735005 AND 2736004
	Bitmap Heap Scan on sbtest4  (cost=27.38..4122.27 rows=1068 width=121)
	  Recheck Cond: ((id >= 2735005) AND (id <= 2736004))
	  ->  Bitmap Index Scan on sbtest4_pkey  (cost=0.00..27.11 rows=1068 width=0)
	        Index Cond: ((id >= 2735005) AND (id <= 2736004))

table 5 : explain SELECT c FROM sbtest5 WHERE id BETWEEN 1358056 AND 1359055
	Bitmap Heap Scan on sbtest5  (cost=21.84..3553.02 rows=918 width=121)
	  Recheck Cond: ((id >= 1358056) AND (id <= 1359055))
	  ->  Bitmap Index Scan on sbtest5_pkey  (cost=0.00..21.61 rows=918 width=0)
	        Index Cond: ((id >= 1358056) AND (id <= 1359055))

table 6 : explain SELECT c FROM sbtest6 WHERE id BETWEEN 3193425 AND 3194424
	Bitmap Heap Scan on sbtest6  (cost=21.87..3560.59 rows=920 width=121)
	  Recheck Cond: ((id >= 3193425) AND (id <= 3194424))
	  ->  Bitmap Index Scan on sbtest6_pkey  (cost=0.00..21.64 rows=920 width=0)
	        Index Cond: ((id >= 3193425) AND (id <= 3194424))

table 7 : explain SELECT c FROM sbtest7 WHERE id BETWEEN 3173231 AND 3174230
	Bitmap Heap Scan on sbtest7  (cost=21.87..3561.61 rows=920 width=121)
	  Recheck Cond: ((id >= 3173231) AND (id <= 3174230))
	  ->  Bitmap Index Scan on sbtest7_pkey  (cost=0.00..21.64 rows=920 width=0)
	        Index Cond: ((id >= 3173231) AND (id <= 3174230))

table 8 : explain SELECT c FROM sbtest8 WHERE id BETWEEN 8385857 AND 8386856
	Bitmap Heap Scan on sbtest8  (cost=26.75..3890.15 rows=1006 width=121)
	  Recheck Cond: ((id >= 8385857) AND (id <= 8386856))
	  ->  Bitmap Index Scan on sbtest8_pkey  (cost=0.00..26.50 rows=1006 width=0)
	        Index Cond: ((id >= 8385857) AND (id <= 8386856))

for: order_ranges
table 1 : explain SELECT c FROM sbtest1 WHERE id BETWEEN 6526728 AND 6527727 ORDER BY c
	Sort  (cost=3726.24..3728.62 rows=952 width=121)
	  Sort Key: c
	  ->  Bitmap Heap Scan on sbtest1  (cost=22.19..3679.14 rows=952 width=121)
	        Recheck Cond: ((id >= 6526728) AND (id <= 6527727))
	        ->  Bitmap Index Scan on sbtest1_pkey  (cost=0.00..21.95 rows=952 width=0)
	              Index Cond: ((id >= 6526728) AND (id <= 6527727))

table 2 : explain SELECT c FROM sbtest2 WHERE id BETWEEN 9266854 AND 9267853 ORDER BY c
	Sort  (cost=3757.95..3760.35 rows=960 width=121)
	  Sort Key: c
	  ->  Bitmap Heap Scan on sbtest2  (cost=22.27..3710.40 rows=960 width=121)
	        Recheck Cond: ((id >= 9266854) AND (id <= 9267853))
	        ->  Bitmap Index Scan on sbtest2_pkey  (cost=0.00..22.04 rows=960 width=0)
	              Index Cond: ((id >= 9266854) AND (id <= 9267853))

table 3 : explain SELECT c FROM sbtest3 WHERE id BETWEEN 9013935 AND 9014934 ORDER BY c
	Sort  (cost=3597.16..3599.45 rows=918 width=121)
	  Sort Key: c
	  ->  Bitmap Heap Scan on sbtest3  (cost=21.84..3551.98 rows=918 width=121)
	        Recheck Cond: ((id >= 9013935) AND (id <= 9014934))
	        ->  Bitmap Index Scan on sbtest3_pkey  (cost=0.00..21.61 rows=918 width=0)
	              Index Cond: ((id >= 9013935) AND (id <= 9014934))

table 4 : explain SELECT c FROM sbtest4 WHERE id BETWEEN 6211720 AND 6212719 ORDER BY c
	Sort  (cost=4321.04..4323.80 rows=1107 width=121)
	  Sort Key: c
	  ->  Bitmap Heap Scan on sbtest4  (cost=27.78..4265.06 rows=1107 width=121)
	        Recheck Cond: ((id >= 6211720) AND (id <= 6212719))
	        ->  Bitmap Index Scan on sbtest4_pkey  (cost=0.00..27.50 rows=1107 width=0)
	              Index Cond: ((id >= 6211720) AND (id <= 6212719))

table 5 : explain SELECT c FROM sbtest5 WHERE id BETWEEN 4138044 AND 4139043 ORDER BY c
	Sort  (cost=3686.37..3688.73 rows=941 width=121)
	  Sort Key: c
	  ->  Bitmap Heap Scan on sbtest5  (cost=22.08..3639.90 rows=941 width=121)
	        Recheck Cond: ((id >= 4138044) AND (id <= 4139043))
	        ->  Bitmap Index Scan on sbtest5_pkey  (cost=0.00..21.84 rows=941 width=0)
	              Index Cond: ((id >= 4138044) AND (id <= 4139043))

table 6 : explain SELECT c FROM sbtest6 WHERE id BETWEEN 9145977 AND 9146976 ORDER BY c
	Sort  (cost=4034.63..4037.21 rows=1032 width=121)
	  Sort Key: c
	  ->  Bitmap Heap Scan on sbtest6  (cost=23.01..3982.98 rows=1032 width=121)
	        Recheck Cond: ((id >= 9145977) AND (id <= 9146976))
	        ->  Bitmap Index Scan on sbtest6_pkey  (cost=0.00..22.75 rows=1032 width=0)
	              Index Cond: ((id >= 9145977) AND (id <= 9146976))

table 7 : explain SELECT c FROM sbtest7 WHERE id BETWEEN 9748811 AND 9749810 ORDER BY c
	Sort  (cost=4093.18..4095.80 rows=1047 width=121)
	  Sort Key: c
	  ->  Bitmap Heap Scan on sbtest7  (cost=23.17..4040.66 rows=1047 width=121)
	        Recheck Cond: ((id >= 9748811) AND (id <= 9749810))
	        ->  Bitmap Index Scan on sbtest7_pkey  (cost=0.00..22.90 rows=1047 width=0)
	              Index Cond: ((id >= 9748811) AND (id <= 9749810))

table 8 : explain SELECT c FROM sbtest8 WHERE id BETWEEN 3913920 AND 3914919 ORDER BY c
	Sort  (cost=4016.82..4019.39 rows=1026 width=121)
	  Sort Key: c
	  ->  Bitmap Heap Scan on sbtest8  (cost=26.95..3965.51 rows=1026 width=121)
	        Recheck Cond: ((id >= 3913920) AND (id <= 3914919))
	        ->  Bitmap Index Scan on sbtest8_pkey  (cost=0.00..26.69 rows=1026 width=0)
	              Index Cond: ((id >= 3913920) AND (id <= 3914919))

for: simple_ranges
table 1 : explain SELECT c FROM sbtest1 WHERE id BETWEEN 2153626 AND 2154625
	Bitmap Heap Scan on sbtest1  (cost=23.02..3984.14 rows=1033 width=121)
	  Recheck Cond: ((id >= 2153626) AND (id <= 2154625))
	  ->  Bitmap Index Scan on sbtest1_pkey  (cost=0.00..22.76 rows=1033 width=0)
	        Index Cond: ((id >= 2153626) AND (id <= 2154625))

table 2 : explain SELECT c FROM sbtest2 WHERE id BETWEEN 2169884 AND 2170883
	Bitmap Heap Scan on sbtest2  (cost=22.51..3797.10 rows=983 width=121)
	  Recheck Cond: ((id >= 2169884) AND (id <= 2170883))
	  ->  Bitmap Index Scan on sbtest2_pkey  (cost=0.00..22.26 rows=983 width=0)
	        Index Cond: ((id >= 2169884) AND (id <= 2170883))

table 3 : explain SELECT c FROM sbtest3 WHERE id BETWEEN 6877700 AND 6878699
	Bitmap Heap Scan on sbtest3  (cost=21.82..3544.43 rows=916 width=121)
	  Recheck Cond: ((id >= 6877700) AND (id <= 6878699))
	  ->  Bitmap Index Scan on sbtest3_pkey  (cost=0.00..21.59 rows=916 width=0)
	        Index Cond: ((id >= 6877700) AND (id <= 6878699))

table 4 : explain SELECT c FROM sbtest4 WHERE id BETWEEN 7662750 AND 7663749
	Bitmap Heap Scan on sbtest4  (cost=22.10..3647.36 rows=943 width=121)
	  Recheck Cond: ((id >= 7662750) AND (id <= 7663749))
	  ->  Bitmap Index Scan on sbtest4_pkey  (cost=0.00..21.86 rows=943 width=0)
	        Index Cond: ((id >= 7662750) AND (id <= 7663749))

table 5 : explain SELECT c FROM sbtest5 WHERE id BETWEEN 7818734 AND 7819733
	Bitmap Heap Scan on sbtest5  (cost=22.83..3915.18 rows=1014 width=121)
	  Recheck Cond: ((id >= 7818734) AND (id <= 7819733))
	  ->  Bitmap Index Scan on sbtest5_pkey  (cost=0.00..22.57 rows=1014 width=0)
	        Index Cond: ((id >= 7818734) AND (id <= 7819733))

table 6 : explain SELECT c FROM sbtest6 WHERE id BETWEEN 412372 AND 413371
	Bitmap Heap Scan on sbtest6  (cost=27.18..4047.19 rows=1048 width=121)
	  Recheck Cond: ((id >= 412372) AND (id <= 413371))
	  ->  Bitmap Index Scan on sbtest6_pkey  (cost=0.00..26.91 rows=1048 width=0)
	        Index Cond: ((id >= 412372) AND (id <= 413371))

table 7 : explain SELECT c FROM sbtest7 WHERE id BETWEEN 1056544 AND 1057543
	Bitmap Heap Scan on sbtest7  (cost=22.26..3708.94 rows=959 width=121)
	  Recheck Cond: ((id >= 1056544) AND (id <= 1057543))
	  ->  Bitmap Index Scan on sbtest7_pkey  (cost=0.00..22.02 rows=959 width=0)
	        Index Cond: ((id >= 1056544) AND (id <= 1057543))

table 8 : explain SELECT c FROM sbtest8 WHERE id BETWEEN 1868975 AND 1869974
	Bitmap Heap Scan on sbtest8  (cost=26.82..3916.53 rows=1013 width=121)
	  Recheck Cond: ((id >= 1868975) AND (id <= 1869974))
	  ->  Bitmap Index Scan on sbtest8_pkey  (cost=0.00..26.57 rows=1013 width=0)
	        Index Cond: ((id >= 1868975) AND (id <= 1869974))

for: distinct_ranges
table 1 : explain SELECT DISTINCT c FROM sbtest1 WHERE id BETWEEN 4028872 AND 4029871 ORDER BY c
	Unique  (cost=4039.67..4044.84 rows=1034 width=121)
	  ->  Sort  (cost=4039.67..4042.25 rows=1034 width=121)
	        Sort Key: c
	        ->  Bitmap Heap Scan on sbtest1  (cost=23.03..3987.90 rows=1034 width=121)
	              Recheck Cond: ((id >= 4028872) AND (id <= 4029871))
	              ->  Bitmap Index Scan on sbtest1_pkey  (cost=0.00..22.77 rows=1034 width=0)
	                    Index Cond: ((id >= 4028872) AND (id <= 4029871))

table 2 : explain SELECT DISTINCT c FROM sbtest2 WHERE id BETWEEN 1899941 AND 1900940 ORDER BY c
	Unique  (cost=3551.04..3555.57 rows=906 width=121)
	  ->  Sort  (cost=3551.04..3553.31 rows=906 width=121)
	        Sort Key: c
	        ->  Bitmap Heap Scan on sbtest2  (cost=21.72..3506.54 rows=906 width=121)
	              Recheck Cond: ((id >= 1899941) AND (id <= 1900940))
	              ->  Bitmap Index Scan on sbtest2_pkey  (cost=0.00..21.50 rows=906 width=0)
	                    Index Cond: ((id >= 1899941) AND (id <= 1900940))

table 3 : explain SELECT DISTINCT c FROM sbtest3 WHERE id BETWEEN 7111373 AND 7112372 ORDER BY c
	Unique  (cost=3742.75..3747.53 rows=956 width=121)
	  ->  Sort  (cost=3742.75..3745.14 rows=956 width=121)
	        Sort Key: c
	        ->  Bitmap Heap Scan on sbtest3  (cost=22.23..3695.42 rows=956 width=121)
	              Recheck Cond: ((id >= 7111373) AND (id <= 7112372))
	              ->  Bitmap Index Scan on sbtest3_pkey  (cost=0.00..22.00 rows=956 width=0)
	                    Index Cond: ((id >= 7111373) AND (id <= 7112372))

table 4 : explain SELECT DISTINCT c FROM sbtest4 WHERE id BETWEEN 6557540 AND 6558539 ORDER BY c
	Unique  (cost=4355.34..4360.92 rows=1116 width=121)
	  ->  Sort  (cost=4355.34..4358.13 rows=1116 width=121)
	        Sort Key: c
	        ->  Bitmap Heap Scan on sbtest4  (cost=27.87..4298.85 rows=1116 width=121)
	              Recheck Cond: ((id >= 6557540) AND (id <= 6558539))
	              ->  Bitmap Index Scan on sbtest4_pkey  (cost=0.00..27.59 rows=1116 width=0)
	                    Index Cond: ((id >= 6557540) AND (id <= 6558539))

table 5 : explain SELECT DISTINCT c FROM sbtest5 WHERE id BETWEEN 1263021 AND 1264020 ORDER BY c
	Unique  (cost=3916.10..3921.10 rows=1001 width=121)
	  ->  Sort  (cost=3916.10..3918.60 rows=1001 width=121)
	        Sort Key: c
	        ->  Bitmap Heap Scan on sbtest5  (cost=22.70..3866.21 rows=1001 width=121)
	              Recheck Cond: ((id >= 1263021) AND (id <= 1264020))
	              ->  Bitmap Index Scan on sbtest5_pkey  (cost=0.00..22.44 rows=1001 width=0)
	                    Index Cond: ((id >= 1263021) AND (id <= 1264020))

table 6 : explain SELECT DISTINCT c FROM sbtest6 WHERE id BETWEEN 8124633 AND 8125632 ORDER BY c
	Unique  (cost=3782.16..3786.99 rows=966 width=121)
	  ->  Sort  (cost=3782.16..3784.58 rows=966 width=121)
	        Sort Key: c
	        ->  Bitmap Heap Scan on sbtest6  (cost=22.34..3734.27 rows=966 width=121)
	              Recheck Cond: ((id >= 8124633) AND (id <= 8125632))
	              ->  Bitmap Index Scan on sbtest6_pkey  (cost=0.00..22.09 rows=966 width=0)
	                    Index Cond: ((id >= 8124633) AND (id <= 8125632))

table 7 : explain SELECT DISTINCT c FROM sbtest7 WHERE id BETWEEN 2517566 AND 2518565 ORDER BY c
	Unique  (cost=4047.32..4052.49 rows=1035 width=121)
	  ->  Sort  (cost=4047.32..4049.90 rows=1035 width=121)
	        Sort Key: c
	        ->  Bitmap Heap Scan on sbtest7  (cost=23.04..3995.49 rows=1035 width=121)
	              Recheck Cond: ((id >= 2517566) AND (id <= 2518565))
	              ->  Bitmap Index Scan on sbtest7_pkey  (cost=0.00..22.79 rows=1035 width=0)
	                    Index Cond: ((id >= 2517566) AND (id <= 2518565))

table 8 : explain SELECT DISTINCT c FROM sbtest8 WHERE id BETWEEN 4016065 AND 4017064 ORDER BY c
	Unique  (cost=3917.36..3922.36 rows=1000 width=121)
	  ->  Sort  (cost=3917.36..3919.86 rows=1000 width=121)
	        Sort Key: c
	        ->  Bitmap Heap Scan on sbtest8  (cost=26.68..3867.53 rows=1000 width=121)
	              Recheck Cond: ((id >= 4016065) AND (id <= 4017064))
	              ->  Bitmap Index Scan on sbtest8_pkey  (cost=0.00..26.43 rows=1000 width=0)
	                    Index Cond: ((id >= 4016065) AND (id <= 4017064))

for: simple_ranges
table 1 : explain SELECT c FROM sbtest1 WHERE id BETWEEN 699904 AND 700903
	Bitmap Heap Scan on sbtest1  (cost=23.17..4036.77 rows=1047 width=121)
	  Recheck Cond: ((id >= 699904) AND (id <= 700903))
	  ->  Bitmap Index Scan on sbtest1_pkey  (cost=0.00..22.90 rows=1047 width=0)
	        Index Cond: ((id >= 699904) AND (id <= 700903))

table 2 : explain SELECT c FROM sbtest2 WHERE id BETWEEN 1662080 AND 1663079
	Bitmap Heap Scan on sbtest2  (cost=22.80..3902.57 rows=1011 width=121)
	  Recheck Cond: ((id >= 1662080) AND (id <= 1663079))
	  ->  Bitmap Index Scan on sbtest2_pkey  (cost=0.00..22.54 rows=1011 width=0)
	        Index Cond: ((id >= 1662080) AND (id <= 1663079))

table 3 : explain SELECT c FROM sbtest3 WHERE id BETWEEN 8054165 AND 8055164
	Bitmap Heap Scan on sbtest3  (cost=23.35..4105.81 rows=1065 width=121)
	  Recheck Cond: ((id >= 8054165) AND (id <= 8055164))
	  ->  Bitmap Index Scan on sbtest3_pkey  (cost=0.00..23.08 rows=1065 width=0)
	        Index Cond: ((id >= 8054165) AND (id <= 8055164))

table 4 : explain SELECT c FROM sbtest4 WHERE id BETWEEN 3267194 AND 3268193
	Bitmap Heap Scan on sbtest4  (cost=22.44..3771.87 rows=976 width=121)
	  Recheck Cond: ((id >= 3267194) AND (id <= 3268193))
	  ->  Bitmap Index Scan on sbtest4_pkey  (cost=0.00..22.19 rows=976 width=0)
	        Index Cond: ((id >= 3267194) AND (id <= 3268193))

table 5 : explain SELECT c FROM sbtest5 WHERE id BETWEEN 4789521 AND 4790520
	Bitmap Heap Scan on sbtest5  (cost=23.29..4084.54 rows=1059 width=121)
	  Recheck Cond: ((id >= 4789521) AND (id <= 4790520))
	  ->  Bitmap Index Scan on sbtest5_pkey  (cost=0.00..23.02 rows=1059 width=0)
	        Index Cond: ((id >= 4789521) AND (id <= 4790520))

table 6 : explain SELECT c FROM sbtest6 WHERE id BETWEEN 1519980 AND 1520979
	Bitmap Heap Scan on sbtest6  (cost=22.90..3941.56 rows=1021 width=121)
	  Recheck Cond: ((id >= 1519980) AND (id <= 1520979))
	  ->  Bitmap Index Scan on sbtest6_pkey  (cost=0.00..22.64 rows=1021 width=0)
	        Index Cond: ((id >= 1519980) AND (id <= 1520979))

table 7 : explain SELECT c FROM sbtest7 WHERE id BETWEEN 423909 AND 424908
	Bitmap Heap Scan on sbtest7  (cost=22.38..3750.46 rows=970 width=121)
	  Recheck Cond: ((id >= 423909) AND (id <= 424908))
	  ->  Bitmap Index Scan on sbtest7_pkey  (cost=0.00..22.14 rows=970 width=0)
	        Index Cond: ((id >= 423909) AND (id <= 424908))

table 8 : explain SELECT c FROM sbtest8 WHERE id BETWEEN 5400899 AND 5401898
	Bitmap Heap Scan on sbtest8  (cost=22.48..3788.11 rows=980 width=121)
	  Recheck Cond: ((id >= 5400899) AND (id <= 5401898))
	  ->  Bitmap Index Scan on sbtest8_pkey  (cost=0.00..22.23 rows=980 width=0)
	        Index Cond: ((id >= 5400899) AND (id <= 5401898))

for: distinct_ranges
table 1 : explain SELECT DISTINCT c FROM sbtest1 WHERE id BETWEEN 6379443 AND 6380442 ORDER BY c
	Unique  (cost=3913.63..3918.64 rows=1001 width=121)
	  ->  Sort  (cost=3913.63..3916.13 rows=1001 width=121)
	        Sort Key: c
	        ->  Bitmap Heap Scan on sbtest1  (cost=22.70..3863.75 rows=1001 width=121)
	              Recheck Cond: ((id >= 6379443) AND (id <= 6380442))
	              ->  Bitmap Index Scan on sbtest1_pkey  (cost=0.00..22.44 rows=1001 width=0)
	                    Index Cond: ((id >= 6379443) AND (id <= 6380442))

table 2 : explain SELECT DISTINCT c FROM sbtest2 WHERE id BETWEEN 4120542 AND 4121541 ORDER BY c
	Unique  (cost=3964.49..3969.56 rows=1014 width=121)
	  ->  Sort  (cost=3964.49..3967.02 rows=1014 width=121)
	        Sort Key: c
	        ->  Bitmap Heap Scan on sbtest2  (cost=22.83..3913.86 rows=1014 width=121)
	              Recheck Cond: ((id >= 4120542) AND (id <= 4121541))
	              ->  Bitmap Index Scan on sbtest2_pkey  (cost=0.00..22.57 rows=1014 width=0)
	                    Index Cond: ((id >= 4120542) AND (id <= 4121541))

table 3 : explain SELECT DISTINCT c FROM sbtest3 WHERE id BETWEEN 2015858 AND 2016857 ORDER BY c
	Unique  (cost=3838.43..3843.33 rows=981 width=121)
	  ->  Sort  (cost=3838.43..3840.88 rows=981 width=121)
	        Sort Key: c
	        ->  Bitmap Heap Scan on sbtest3  (cost=22.49..3789.68 rows=981 width=121)
	              Recheck Cond: ((id >= 2015858) AND (id <= 2016857))
	              ->  Bitmap Index Scan on sbtest3_pkey  (cost=0.00..22.25 rows=981 width=0)
	                    Index Cond: ((id >= 2015858) AND (id <= 2016857))

table 4 : explain SELECT DISTINCT c FROM sbtest4 WHERE id BETWEEN 9394671 AND 9395670 ORDER BY c
	Unique  (cost=3647.95..3652.61 rows=931 width=121)
	  ->  Sort  (cost=3647.95..3650.28 rows=931 width=121)
	        Sort Key: c
	        ->  Bitmap Heap Scan on sbtest4  (cost=21.98..3602.04 rows=931 width=121)
	              Recheck Cond: ((id >= 9394671) AND (id <= 9395670))
	              ->  Bitmap Index Scan on sbtest4_pkey  (cost=0.00..21.75 rows=931 width=0)
	                    Index Cond: ((id >= 9394671) AND (id <= 9395670))

table 5 : explain SELECT DISTINCT c FROM sbtest5 WHERE id BETWEEN 2506114 AND 2507113 ORDER BY c
	Unique  (cost=3831.92..3836.81 rows=979 width=121)
	  ->  Sort  (cost=3831.92..3834.36 rows=979 width=121)
	        Sort Key: c
	        ->  Bitmap Heap Scan on sbtest5  (cost=22.47..3783.28 rows=979 width=121)
	              Recheck Cond: ((id >= 2506114) AND (id <= 2507113))
	              ->  Bitmap Index Scan on sbtest5_pkey  (cost=0.00..22.22 rows=979 width=0)
	                    Index Cond: ((id >= 2506114) AND (id <= 2507113))

table 6 : explain SELECT DISTINCT c FROM sbtest6 WHERE id BETWEEN 1982106 AND 1983105 ORDER BY c
	Unique  (cost=3793.65..3798.49 rows=969 width=121)
	  ->  Sort  (cost=3793.65..3796.07 rows=969 width=121)
	        Sort Key: c
	        ->  Bitmap Heap Scan on sbtest6  (cost=22.37..3745.59 rows=969 width=121)
	              Recheck Cond: ((id >= 1982106) AND (id <= 1983105))
	              ->  Bitmap Index Scan on sbtest6_pkey  (cost=0.00..22.12 rows=969 width=0)
	                    Index Cond: ((id >= 1982106) AND (id <= 1983105))

table 7 : explain SELECT DISTINCT c FROM sbtest7 WHERE id BETWEEN 7287765 AND 7288764 ORDER BY c
	Unique  (cost=3587.72..3592.29 rows=915 width=121)
	  ->  Sort  (cost=3587.72..3590.00 rows=915 width=121)
	        Sort Key: c
	        ->  Bitmap Heap Scan on sbtest7  (cost=21.81..3542.71 rows=915 width=121)
	              Recheck Cond: ((id >= 7287765) AND (id <= 7288764))
	              ->  Bitmap Index Scan on sbtest7_pkey  (cost=0.00..21.58 rows=915 width=0)
	                    Index Cond: ((id >= 7287765) AND (id <= 7288764))

table 8 : explain SELECT DISTINCT c FROM sbtest8 WHERE id BETWEEN 8197546 AND 8198545 ORDER BY c
	Unique  (cost=4318.52..4324.05 rows=1105 width=121)
	  ->  Sort  (cost=4318.52..4321.29 rows=1105 width=121)
	        Sort Key: c
	        ->  Bitmap Heap Scan on sbtest8  (cost=27.76..4262.67 rows=1105 width=121)
	              Recheck Cond: ((id >= 8197546) AND (id <= 8198545))
	              ->  Bitmap Index Scan on sbtest8_pkey  (cost=0.00..27.48 rows=1105 width=0)
	                    Index Cond: ((id >= 8197546) AND (id <= 8198545))

for: sum_ranges
table 1 : explain SELECT SUM(k) FROM sbtest1 WHERE id BETWEEN 816023 AND 817022
	Aggregate  (cost=3488.90..3488.91 rows=1 width=8)
	  ->  Bitmap Heap Scan on sbtest1  (cost=21.67..3486.65 rows=901 width=4)
	        Recheck Cond: ((id >= 816023) AND (id <= 817022))
	        ->  Bitmap Index Scan on sbtest1_pkey  (cost=0.00..21.44 rows=901 width=0)
	              Index Cond: ((id >= 816023) AND (id <= 817022))

table 2 : explain SELECT SUM(k) FROM sbtest2 WHERE id BETWEEN 6178950 AND 6179949
	Aggregate  (cost=3908.86..3908.87 rows=1 width=8)
	  ->  Bitmap Heap Scan on sbtest2  (cost=22.81..3906.33 rows=1012 width=4)
	        Recheck Cond: ((id >= 6178950) AND (id <= 6179949))
	        ->  Bitmap Index Scan on sbtest2_pkey  (cost=0.00..22.55 rows=1012 width=0)
	              Index Cond: ((id >= 6178950) AND (id <= 6179949))

table 3 : explain SELECT SUM(k) FROM sbtest3 WHERE id BETWEEN 5346388 AND 5347387
	Aggregate  (cost=3641.18..3641.19 rows=1 width=8)
	  ->  Bitmap Heap Scan on sbtest3  (cost=22.08..3638.82 rows=941 width=4)
	        Recheck Cond: ((id >= 5346388) AND (id <= 5347387))
	        ->  Bitmap Index Scan on sbtest3_pkey  (cost=0.00..21.84 rows=941 width=0)
	              Index Cond: ((id >= 5346388) AND (id <= 5347387))

table 4 : explain SELECT SUM(k) FROM sbtest4 WHERE id BETWEEN 6269342 AND 6270341
	Aggregate  (cost=3627.04..3627.05 rows=1 width=8)
	  ->  Bitmap Heap Scan on sbtest4  (cost=22.04..3624.70 rows=937 width=4)
	        Recheck Cond: ((id >= 6269342) AND (id <= 6270341))
	        ->  Bitmap Index Scan on sbtest4_pkey  (cost=0.00..21.80 rows=937 width=0)
	              Index Cond: ((id >= 6269342) AND (id <= 6270341))

table 5 : explain SELECT SUM(k) FROM sbtest5 WHERE id BETWEEN 3141795 AND 3142794
	Aggregate  (cost=3797.05..3797.06 rows=1 width=8)
	  ->  Bitmap Heap Scan on sbtest5  (cost=22.50..3794.60 rows=982 width=4)
	        Recheck Cond: ((id >= 3141795) AND (id <= 3142794))
	        ->  Bitmap Index Scan on sbtest5_pkey  (cost=0.00..22.25 rows=982 width=0)
	              Index Cond: ((id >= 3141795) AND (id <= 3142794))

table 6 : explain SELECT SUM(k) FROM sbtest6 WHERE id BETWEEN 4859739 AND 4860738
	Aggregate  (cost=3691.37..3691.38 rows=1 width=8)
	  ->  Bitmap Heap Scan on sbtest6  (cost=22.21..3688.99 rows=954 width=4)
	        Recheck Cond: ((id >= 4859739) AND (id <= 4860738))
	        ->  Bitmap Index Scan on sbtest6_pkey  (cost=0.00..21.97 rows=954 width=0)
	              Index Cond: ((id >= 4859739) AND (id <= 4860738))

table 7 : explain SELECT SUM(k) FROM sbtest7 WHERE id BETWEEN 9037434 AND 9038433
	Aggregate  (cost=4291.84..4291.85 rows=1 width=8)
	  ->  Bitmap Heap Scan on sbtest7  (cost=27.83..4289.06 rows=1112 width=4)
	        Recheck Cond: ((id >= 9037434) AND (id <= 9038433))
	        ->  Bitmap Index Scan on sbtest7_pkey  (cost=0.00..27.55 rows=1112 width=0)
	              Index Cond: ((id >= 9037434) AND (id <= 9038433))

table 8 : explain SELECT SUM(k) FROM sbtest8 WHERE id BETWEEN 5659888 AND 5660887
	Aggregate  (cost=4205.27..4205.28 rows=1 width=8)
	  ->  Bitmap Heap Scan on sbtest8  (cost=27.60..4202.54 rows=1089 width=4)
	        Recheck Cond: ((id >= 5659888) AND (id <= 5660887))
	        ->  Bitmap Index Scan on sbtest8_pkey  (cost=0.00..27.32 rows=1089 width=0)
	              Index Cond: ((id >= 5659888) AND (id <= 5660887))

for: distinct_ranges
table 1 : explain SELECT DISTINCT c FROM sbtest1 WHERE id BETWEEN 489216 AND 490215 ORDER BY c
	Unique  (cost=3917.45..3922.46 rows=1002 width=121)
	  ->  Sort  (cost=3917.45..3919.96 rows=1002 width=121)
	        Sort Key: c
	        ->  Bitmap Heap Scan on sbtest1  (cost=22.71..3867.51 rows=1002 width=121)
	              Recheck Cond: ((id >= 489216) AND (id <= 490215))
	              ->  Bitmap Index Scan on sbtest1_pkey  (cost=0.00..22.45 rows=1002 width=0)
	                    Index Cond: ((id >= 489216) AND (id <= 490215))

table 2 : explain SELECT DISTINCT c FROM sbtest2 WHERE id BETWEEN 9041721 AND 9042720 ORDER BY c
	Unique  (cost=4098.17..4103.41 rows=1049 width=121)
	  ->  Sort  (cost=4098.17..4100.79 rows=1049 width=121)
	        Sort Key: c
	        ->  Bitmap Heap Scan on sbtest2  (cost=23.19..4045.54 rows=1049 width=121)
	              Recheck Cond: ((id >= 9041721) AND (id <= 9042720))
	              ->  Bitmap Index Scan on sbtest2_pkey  (cost=0.00..22.93 rows=1049 width=0)
	                    Index Cond: ((id >= 9041721) AND (id <= 9042720))

table 3 : explain SELECT DISTINCT c FROM sbtest3 WHERE id BETWEEN 1974735 AND 1975734 ORDER BY c
	Unique  (cost=3842.25..3847.16 rows=982 width=121)
	  ->  Sort  (cost=3842.25..3844.71 rows=982 width=121)
	        Sort Key: c
	        ->  Bitmap Heap Scan on sbtest3  (cost=22.50..3793.45 rows=982 width=121)
	              Recheck Cond: ((id >= 1974735) AND (id <= 1975734))
	              ->  Bitmap Index Scan on sbtest3_pkey  (cost=0.00..22.25 rows=982 width=0)
	                    Index Cond: ((id >= 1974735) AND (id <= 1975734))

table 4 : explain SELECT DISTINCT c FROM sbtest4 WHERE id BETWEEN 6604767 AND 6605766 ORDER BY c
	Unique  (cost=4355.34..4360.92 rows=1116 width=121)
	  ->  Sort  (cost=4355.34..4358.13 rows=1116 width=121)
	        Sort Key: c
	        ->  Bitmap Heap Scan on sbtest4  (cost=27.87..4298.85 rows=1116 width=121)
	              Recheck Cond: ((id >= 6604767) AND (id <= 6605766))
	              ->  Bitmap Index Scan on sbtest4_pkey  (cost=0.00..27.59 rows=1116 width=0)
	                    Index Cond: ((id >= 6604767) AND (id <= 6605766))

table 5 : explain SELECT DISTINCT c FROM sbtest5 WHERE id BETWEEN 5015858 AND 5016857 ORDER BY c
	Unique  (cost=3923.75..3928.76 rows=1003 width=121)
	  ->  Sort  (cost=3923.75..3926.25 rows=1003 width=121)
	        Sort Key: c
	        ->  Bitmap Heap Scan on sbtest5  (cost=22.72..3873.75 rows=1003 width=121)
	              Recheck Cond: ((id >= 5015858) AND (id <= 5016857))
	              ->  Bitmap Index Scan on sbtest5_pkey  (cost=0.00..22.46 rows=1003 width=0)
	                    Index Cond: ((id >= 5015858) AND (id <= 5016857))

table 6 : explain SELECT DISTINCT c FROM sbtest6 WHERE id BETWEEN 4148886 AND 4149885 ORDER BY c
	Unique  (cost=3900.81..3905.80 rows=997 width=121)
	  ->  Sort  (cost=3900.81..3903.31 rows=997 width=121)
	        Sort Key: c
	        ->  Bitmap Heap Scan on sbtest6  (cost=22.65..3851.16 rows=997 width=121)
	              Recheck Cond: ((id >= 4148886) AND (id <= 4149885))
	              ->  Bitmap Index Scan on sbtest6_pkey  (cost=0.00..22.40 rows=997 width=0)
	                    Index Cond: ((id >= 4148886) AND (id <= 4149885))

table 7 : explain SELECT DISTINCT c FROM sbtest7 WHERE id BETWEEN 8378669 AND 8379668 ORDER BY c
	Unique  (cost=4161.95..4167.27 rows=1065 width=121)
	  ->  Sort  (cost=4161.95..4164.61 rows=1065 width=121)
	        Sort Key: c
	        ->  Bitmap Heap Scan on sbtest7  (cost=23.35..4108.39 rows=1065 width=121)
	              Recheck Cond: ((id >= 8378669) AND (id <= 8379668))
	              ->  Bitmap Index Scan on sbtest7_pkey  (cost=0.00..23.08 rows=1065 width=0)
	                    Index Cond: ((id >= 8378669) AND (id <= 8379668))

table 8 : explain SELECT DISTINCT c FROM sbtest8 WHERE id BETWEEN 978816 AND 979815 ORDER BY c
	Unique  (cost=3345.64..3349.90 rows=852 width=121)
	  ->  Sort  (cost=3345.64..3347.77 rows=852 width=121)
	        Sort Key: c
	        ->  Bitmap Heap Scan on sbtest8  (cost=21.17..3304.17 rows=852 width=121)
	              Recheck Cond: ((id >= 978816) AND (id <= 979815))
	              ->  Bitmap Index Scan on sbtest8_pkey  (cost=0.00..20.95 rows=852 width=0)
	                    Index Cond: ((id >= 978816) AND (id <= 979815))

for: sum_ranges
table 1 : explain SELECT SUM(k) FROM sbtest1 WHERE id BETWEEN 6425371 AND 6426370
	Aggregate  (cost=3836.11..3836.12 rows=1 width=8)
	  ->  Bitmap Heap Scan on sbtest1  (cost=22.61..3833.63 rows=993 width=4)
	        Recheck Cond: ((id >= 6425371) AND (id <= 6426370))
	        ->  Bitmap Index Scan on sbtest1_pkey  (cost=0.00..22.36 rows=993 width=0)
	              Index Cond: ((id >= 6425371) AND (id <= 6426370))

table 2 : explain SELECT SUM(k) FROM sbtest2 WHERE id BETWEEN 3240692 AND 3241691
	Aggregate  (cost=3882.49..3882.50 rows=1 width=8)
	  ->  Bitmap Heap Scan on sbtest2  (cost=22.74..3879.98 rows=1005 width=4)
	        Recheck Cond: ((id >= 3240692) AND (id <= 3241691))
	        ->  Bitmap Index Scan on sbtest2_pkey  (cost=0.00..22.48 rows=1005 width=0)
	              Index Cond: ((id >= 3240692) AND (id <= 3241691))

table 3 : explain SELECT SUM(k) FROM sbtest3 WHERE id BETWEEN 8833786 AND 8834785
	Aggregate  (cost=4371.68..4371.69 rows=1 width=8)
	  ->  Bitmap Heap Scan on sbtest3  (cost=28.07..4368.85 rows=1135 width=4)
	        Recheck Cond: ((id >= 8833786) AND (id <= 8834785))
	        ->  Bitmap Index Scan on sbtest3_pkey  (cost=0.00..27.79 rows=1135 width=0)
	              Index Cond: ((id >= 8833786) AND (id <= 8834785))

table 4 : explain SELECT SUM(k) FROM sbtest4 WHERE id BETWEEN 6822393 AND 6823392
	Aggregate  (cost=4252.77..4252.78 rows=1 width=8)
	  ->  Bitmap Heap Scan on sbtest4  (cost=27.73..4250.02 rows=1102 width=4)
	        Recheck Cond: ((id >= 6822393) AND (id <= 6823392))
	        ->  Bitmap Index Scan on sbtest4_pkey  (cost=0.00..27.45 rows=1102 width=0)
	              Index Cond: ((id >= 6822393) AND (id <= 6823392))

table 5 : explain SELECT SUM(k) FROM sbtest5 WHERE id BETWEEN 9099315 AND 9100314
	Aggregate  (cost=4019.43..4019.44 rows=1 width=8)
	  ->  Bitmap Heap Scan on sbtest5  (cost=23.11..4016.83 rows=1041 width=4)
	        Recheck Cond: ((id >= 9099315) AND (id <= 9100314))
	        ->  Bitmap Index Scan on sbtest5_pkey  (cost=0.00..22.84 rows=1041 width=0)
	              Index Cond: ((id >= 9099315) AND (id <= 9100314))

table 6 : explain SELECT SUM(k) FROM sbtest6 WHERE id BETWEEN 4912030 AND 4913029
	Aggregate  (cost=3691.37..3691.38 rows=1 width=8)
	  ->  Bitmap Heap Scan on sbtest6  (cost=22.21..3688.99 rows=954 width=4)
	        Recheck Cond: ((id >= 4912030) AND (id <= 4913029))
	        ->  Bitmap Index Scan on sbtest6_pkey  (cost=0.00..21.97 rows=954 width=0)
	              Index Cond: ((id >= 4912030) AND (id <= 4913029))

table 7 : explain SELECT SUM(k) FROM sbtest7 WHERE id BETWEEN 142143 AND 143142
	Aggregate  (cost=3790.64..3790.65 rows=1 width=8)
	  ->  Bitmap Heap Scan on sbtest7  (cost=22.48..3788.19 rows=980 width=4)
	        Recheck Cond: ((id >= 142143) AND (id <= 143142))
	        ->  Bitmap Index Scan on sbtest7_pkey  (cost=0.00..22.23 rows=980 width=0)
	              Index Cond: ((id >= 142143) AND (id <= 143142))

table 8 : explain SELECT SUM(k) FROM sbtest8 WHERE id BETWEEN 2716343 AND 2717342
	Aggregate  (cost=4186.46..4186.47 rows=1 width=8)
	  ->  Bitmap Heap Scan on sbtest8  (cost=27.55..4183.75 rows=1084 width=4)
	        Recheck Cond: ((id >= 2716343) AND (id <= 2717342))
	        ->  Bitmap Index Scan on sbtest8_pkey  (cost=0.00..27.27 rows=1084 width=0)
	              Index Cond: ((id >= 2716343) AND (id <= 2717342))

for: distinct_ranges
table 1 : explain SELECT DISTINCT c FROM sbtest1 WHERE id BETWEEN 9485510 AND 9486509 ORDER BY c
	Unique  (cost=3507.86..3512.34 rows=895 width=121)
	  ->  Sort  (cost=3507.86..3510.10 rows=895 width=121)
	        Sort Key: c
	        ->  Bitmap Heap Scan on sbtest1  (cost=21.61..3463.98 rows=895 width=121)
	              Recheck Cond: ((id >= 9485510) AND (id <= 9486509))
	              ->  Bitmap Index Scan on sbtest1_pkey  (cost=0.00..21.39 rows=895 width=0)
	                    Index Cond: ((id >= 9485510) AND (id <= 9486509))

table 2 : explain SELECT DISTINCT c FROM sbtest2 WHERE id BETWEEN 5811237 AND 5812236 ORDER BY c
	Unique  (cost=4010.34..4015.47 rows=1026 width=121)
	  ->  Sort  (cost=4010.34..4012.90 rows=1026 width=121)
	        Sort Key: c
	        ->  Bitmap Heap Scan on sbtest2  (cost=22.95..3959.02 rows=1026 width=121)
	              Recheck Cond: ((id >= 5811237) AND (id <= 5812236))
	              ->  Bitmap Index Scan on sbtest2_pkey  (cost=0.00..22.69 rows=1026 width=0)
	                    Index Cond: ((id >= 5811237) AND (id <= 5812236))

table 3 : explain SELECT DISTINCT c FROM sbtest3 WHERE id BETWEEN 1648713 AND 1649712 ORDER BY c
	Unique  (cost=3884.33..3889.29 rows=993 width=121)
	  ->  Sort  (cost=3884.33..3886.81 rows=993 width=121)
	        Sort Key: c
	        ->  Bitmap Heap Scan on sbtest3  (cost=22.61..3834.90 rows=993 width=121)
	              Recheck Cond: ((id >= 1648713) AND (id <= 1649712))
	              ->  Bitmap Index Scan on sbtest3_pkey  (cost=0.00..22.36 rows=993 width=0)
	                    Index Cond: ((id >= 1648713) AND (id <= 1649712))

table 4 : explain SELECT DISTINCT c FROM sbtest4 WHERE id BETWEEN 7998624 AND 7999623 ORDER BY c
	Unique  (cost=3935.12..3940.15 rows=1006 width=121)
	  ->  Sort  (cost=3935.12..3937.63 rows=1006 width=121)
	        Sort Key: c
	        ->  Bitmap Heap Scan on sbtest4  (cost=22.75..3884.95 rows=1006 width=121)
	              Recheck Cond: ((id >= 7998624) AND (id <= 7999623))
	              ->  Bitmap Index Scan on sbtest4_pkey  (cost=0.00..22.50 rows=1006 width=0)
	                    Index Cond: ((id >= 7998624) AND (id <= 7999623))

table 5 : explain SELECT DISTINCT c FROM sbtest5 WHERE id BETWEEN 4288246 AND 4289245 ORDER BY c
	Unique  (cost=3751.51..3756.30 rows=958 width=121)
	  ->  Sort  (cost=3751.51..3753.90 rows=958 width=121)
	        Sort Key: c
	        ->  Bitmap Heap Scan on sbtest5  (cost=22.25..3704.07 rows=958 width=121)
	              Recheck Cond: ((id >= 4288246) AND (id <= 4289245))
	              ->  Bitmap Index Scan on sbtest5_pkey  (cost=0.00..22.01 rows=958 width=0)
	                    Index Cond: ((id >= 4288246) AND (id <= 4289245))

table 6 : explain SELECT DISTINCT c FROM sbtest6 WHERE id BETWEEN 6386441 AND 6387440 ORDER BY c
	Unique  (cost=3900.81..3905.80 rows=997 width=121)
	  ->  Sort  (cost=3900.81..3903.31 rows=997 width=121)
	        Sort Key: c
	        ->  Bitmap Heap Scan on sbtest6  (cost=22.65..3851.16 rows=997 width=121)
	              Recheck Cond: ((id >= 6386441) AND (id <= 6387440))
	              ->  Bitmap Index Scan on sbtest6_pkey  (cost=0.00..22.40 rows=997 width=0)
	                    Index Cond: ((id >= 6386441) AND (id <= 6387440))

table 7 : explain SELECT DISTINCT c FROM sbtest7 WHERE id BETWEEN 4225119 AND 4226118 ORDER BY c
	Unique  (cost=3702.78..3707.51 rows=945 width=121)
	  ->  Sort  (cost=3702.78..3705.14 rows=945 width=121)
	        Sort Key: c
	        ->  Bitmap Heap Scan on sbtest7  (cost=22.12..3656.08 rows=945 width=121)
	              Recheck Cond: ((id >= 4225119) AND (id <= 4226118))
	              ->  Bitmap Index Scan on sbtest7_pkey  (cost=0.00..21.89 rows=945 width=0)
	                    Index Cond: ((id >= 4225119) AND (id <= 4226118))

table 8 : explain SELECT DISTINCT c FROM sbtest8 WHERE id BETWEEN 7517125 AND 7518124 ORDER BY c
	Unique  (cost=4058.87..4064.06 rows=1037 width=121)
	  ->  Sort  (cost=4058.87..4061.47 rows=1037 width=121)
	        Sort Key: c
	        ->  Bitmap Heap Scan on sbtest8  (cost=27.06..4006.93 rows=1037 width=121)
	              Recheck Cond: ((id >= 7517125) AND (id <= 7518124))
	              ->  Bitmap Index Scan on sbtest8_pkey  (cost=0.00..26.80 rows=1037 width=0)
	                    Index Cond: ((id >= 7517125) AND (id <= 7518124))

for: sum_ranges
table 1 : explain SELECT SUM(k) FROM sbtest1 WHERE id BETWEEN 5279363 AND 5280362
	Aggregate  (cost=4005.53..4005.54 rows=1 width=8)
	  ->  Bitmap Heap Scan on sbtest1  (cost=23.07..4002.94 rows=1038 width=4)
	        Recheck Cond: ((id >= 5279363) AND (id <= 5280362))
	        ->  Bitmap Index Scan on sbtest1_pkey  (cost=0.00..22.82 rows=1038 width=0)
	              Index Cond: ((id >= 5279363) AND (id <= 5280362))

table 2 : explain SELECT SUM(k) FROM sbtest2 WHERE id BETWEEN 1358869 AND 1359868
	Aggregate  (cost=3637.29..3637.30 rows=1 width=8)
	  ->  Bitmap Heap Scan on sbtest2  (cost=22.07..3634.94 rows=940 width=4)
	        Recheck Cond: ((id >= 1358869) AND (id <= 1359868))
	        ->  Bitmap Index Scan on sbtest2_pkey  (cost=0.00..21.83 rows=940 width=0)
	              Index Cond: ((id >= 1358869) AND (id <= 1359868))

table 3 : explain SELECT SUM(k) FROM sbtest3 WHERE id BETWEEN 4709576 AND 4710575
	Aggregate  (cost=3871.30..3871.31 rows=1 width=8)
	  ->  Bitmap Heap Scan on sbtest3  (cost=22.71..3868.80 rows=1002 width=4)
	        Recheck Cond: ((id >= 4709576) AND (id <= 4710575))
	        ->  Bitmap Index Scan on sbtest3_pkey  (cost=0.00..22.45 rows=1002 width=0)
	              Index Cond: ((id >= 4709576) AND (id <= 4710575))

table 4 : explain SELECT SUM(k) FROM sbtest4 WHERE id BETWEEN 9236986 AND 9237985
	Aggregate  (cost=3713.92..3713.93 rows=1 width=8)
	  ->  Bitmap Heap Scan on sbtest4  (cost=22.27..3711.52 rows=960 width=4)
	        Recheck Cond: ((id >= 9236986) AND (id <= 9237985))
	        ->  Bitmap Index Scan on sbtest4_pkey  (cost=0.00..22.04 rows=960 width=0)
	              Index Cond: ((id >= 9236986) AND (id <= 9237985))

table 5 : explain SELECT SUM(k) FROM sbtest5 WHERE id BETWEEN 7398622 AND 7399621
	Aggregate  (cost=4207.79..4207.80 rows=1 width=8)
	  ->  Bitmap Heap Scan on sbtest5  (cost=27.61..4205.06 rows=1090 width=4)
	        Recheck Cond: ((id >= 7398622) AND (id <= 7399621))
	        ->  Bitmap Index Scan on sbtest5_pkey  (cost=0.00..27.33 rows=1090 width=0)
	              Index Cond: ((id >= 7398622) AND (id <= 7399621))

table 6 : explain SELECT SUM(k) FROM sbtest6 WHERE id BETWEEN 5983584 AND 5984583
	Aggregate  (cost=4158.92..4158.93 rows=1 width=8)
	  ->  Bitmap Heap Scan on sbtest6  (cost=27.47..4156.23 rows=1077 width=4)
	        Recheck Cond: ((id >= 5983584) AND (id <= 5984583))
	        ->  Bitmap Index Scan on sbtest6_pkey  (cost=0.00..27.20 rows=1077 width=0)
	              Index Cond: ((id >= 5983584) AND (id <= 5984583))

table 7 : explain SELECT SUM(k) FROM sbtest7 WHERE id BETWEEN 685571 AND 686570
	Aggregate  (cost=3975.46..3975.47 rows=1 width=8)
	  ->  Bitmap Heap Scan on sbtest7  (cost=22.98..3972.89 rows=1029 width=4)
	        Recheck Cond: ((id >= 685571) AND (id <= 686570))
	        ->  Bitmap Index Scan on sbtest7_pkey  (cost=0.00..22.72 rows=1029 width=0)
	              Index Cond: ((id >= 685571) AND (id <= 686570))

table 8 : explain SELECT SUM(k) FROM sbtest8 WHERE id BETWEEN 4719751 AND 4720750
	Aggregate  (cost=3941.68..3941.69 rows=1 width=8)
	  ->  Bitmap Heap Scan on sbtest8  (cost=26.88..3939.14 rows=1019 width=4)
	        Recheck Cond: ((id >= 4719751) AND (id <= 4720750))
	        ->  Bitmap Index Scan on sbtest8_pkey  (cost=0.00..26.62 rows=1019 width=0)
	              Index Cond: ((id >= 4719751) AND (id <= 4720750))

for: order_ranges
table 1 : explain SELECT c FROM sbtest1 WHERE id BETWEEN 7126971 AND 7127970 ORDER BY c
	Sort  (cost=4093.10..4095.72 rows=1048 width=121)
	  Sort Key: c
	  ->  Bitmap Heap Scan on sbtest1  (cost=23.18..4040.52 rows=1048 width=121)
	        Recheck Cond: ((id >= 7126971) AND (id <= 7127970))
	        ->  Bitmap Index Scan on sbtest1_pkey  (cost=0.00..22.91 rows=1048 width=0)
	              Index Cond: ((id >= 7126971) AND (id <= 7127970))

table 2 : explain SELECT c FROM sbtest2 WHERE id BETWEEN 3713411 AND 3714410 ORDER BY c
	Sort  (cost=3983.60..3986.14 rows=1019 width=121)
	  Sort Key: c
	  ->  Bitmap Heap Scan on sbtest2  (cost=22.88..3932.68 rows=1019 width=121)
	        Recheck Cond: ((id >= 3713411) AND (id <= 3714410))
	        ->  Bitmap Index Scan on sbtest2_pkey  (cost=0.00..22.62 rows=1019 width=0)
	              Index Cond: ((id >= 3713411) AND (id <= 3714410))

table 3 : explain SELECT c FROM sbtest3 WHERE id BETWEEN 4277690 AND 4278689 ORDER BY c
	Sort  (cost=4262.53..4265.25 rows=1091 width=121)
	  Sort Key: c
	  ->  Bitmap Heap Scan on sbtest3  (cost=27.62..4207.48 rows=1091 width=121)
	        Recheck Cond: ((id >= 4277690) AND (id <= 4278689))
	        ->  Bitmap Index Scan on sbtest3_pkey  (cost=0.00..27.34 rows=1091 width=0)
	              Index Cond: ((id >= 4277690) AND (id <= 4278689))

table 4 : explain SELECT c FROM sbtest4 WHERE id BETWEEN 3498388 AND 3499387 ORDER BY c
	Sort  (cost=3701.61..3703.97 rows=945 width=121)
	  Sort Key: c
	  ->  Bitmap Heap Scan on sbtest4  (cost=22.12..3654.91 rows=945 width=121)
	        Recheck Cond: ((id >= 3498388) AND (id <= 3499387))
	        ->  Bitmap Index Scan on sbtest4_pkey  (cost=0.00..21.89 rows=945 width=0)
	              Index Cond: ((id >= 3498388) AND (id <= 3499387))

table 5 : explain SELECT c FROM sbtest5 WHERE id BETWEEN 9940121 AND 9941120 ORDER BY c
	Sort  (cost=4049.90..4052.49 rows=1036 width=121)
	  Sort Key: c
	  ->  Bitmap Heap Scan on sbtest5  (cost=23.05..3998.01 rows=1036 width=121)
	        Recheck Cond: ((id >= 9940121) AND (id <= 9941120))
	        ->  Bitmap Index Scan on sbtest5_pkey  (cost=0.00..22.79 rows=1036 width=0)
	              Index Cond: ((id >= 9940121) AND (id <= 9941120))

table 6 : explain SELECT c FROM sbtest6 WHERE id BETWEEN 6770388 AND 6771387 ORDER BY c
	Sort  (cost=3682.56..3684.91 rows=940 width=121)
	  Sort Key: c
	  ->  Bitmap Heap Scan on sbtest6  (cost=22.07..3636.14 rows=940 width=121)
	        Recheck Cond: ((id >= 6770388) AND (id <= 6771387))
	        ->  Bitmap Index Scan on sbtest6_pkey  (cost=0.00..21.83 rows=940 width=0)
	              Index Cond: ((id >= 6770388) AND (id <= 6771387))

table 7 : explain SELECT c FROM sbtest7 WHERE id BETWEEN 1392905 AND 1393904 ORDER BY c
	Sort  (cost=3813.91..3816.34 rows=974 width=121)
	  Sort Key: c
	  ->  Bitmap Heap Scan on sbtest7  (cost=22.42..3765.56 rows=974 width=121)
	        Recheck Cond: ((id >= 1392905) AND (id <= 1393904))
	        ->  Bitmap Index Scan on sbtest7_pkey  (cost=0.00..22.18 rows=974 width=0)
	              Index Cond: ((id >= 1392905) AND (id <= 1393904))

table 8 : explain SELECT c FROM sbtest8 WHERE id BETWEEN 6624289 AND 6625288 ORDER BY c
	Sort  (cost=3863.60..3866.07 rows=987 width=121)
	  Sort Key: c
	  ->  Bitmap Heap Scan on sbtest8  (cost=22.55..3814.52 rows=987 width=121)
	        Recheck Cond: ((id >= 6624289) AND (id <= 6625288))
	        ->  Bitmap Index Scan on sbtest8_pkey  (cost=0.00..22.30 rows=987 width=0)
	              Index Cond: ((id >= 6624289) AND (id <= 6625288))

for: order_ranges
table 1 : explain SELECT c FROM sbtest1 WHERE id BETWEEN 6527354 AND 6528353 ORDER BY c
	Sort  (cost=3726.24..3728.62 rows=952 width=121)
	  Sort Key: c
	  ->  Bitmap Heap Scan on sbtest1  (cost=22.19..3679.14 rows=952 width=121)
	        Recheck Cond: ((id >= 6527354) AND (id <= 6528353))
	        ->  Bitmap Index Scan on sbtest1_pkey  (cost=0.00..21.95 rows=952 width=0)
	              Index Cond: ((id >= 6527354) AND (id <= 6528353))

table 2 : explain SELECT c FROM sbtest2 WHERE id BETWEEN 6721765 AND 6722764 ORDER BY c
	Sort  (cost=3604.72..3607.02 rows=920 width=121)
	  Sort Key: c
	  ->  Bitmap Heap Scan on sbtest2  (cost=21.87..3559.43 rows=920 width=121)
	        Recheck Cond: ((id >= 6721765) AND (id <= 6722764))
	        ->  Bitmap Index Scan on sbtest2_pkey  (cost=0.00..21.64 rows=920 width=0)
	              Index Cond: ((id >= 6721765) AND (id <= 6722764))

table 3 : explain SELECT c FROM sbtest3 WHERE id BETWEEN 5760294 AND 5761293 ORDER BY c
	Sort  (cost=4319.78..4322.55 rows=1107 width=121)
	  Sort Key: c
	  ->  Bitmap Heap Scan on sbtest3  (cost=27.78..4263.81 rows=1107 width=121)
	        Recheck Cond: ((id >= 5760294) AND (id <= 5761293))
	        ->  Bitmap Index Scan on sbtest3_pkey  (cost=0.00..27.50 rows=1107 width=0)
	              Index Cond: ((id >= 5760294) AND (id <= 5761293))

table 4 : explain SELECT c FROM sbtest4 WHERE id BETWEEN 156279 AND 157278 ORDER BY c
	Sort  (cost=4057.44..4060.03 rows=1038 width=121)
	  Sort Key: c
	  ->  Bitmap Heap Scan on sbtest4  (cost=23.07..4005.43 rows=1038 width=121)
	        Recheck Cond: ((id >= 156279) AND (id <= 157278))
	        ->  Bitmap Index Scan on sbtest4_pkey  (cost=0.00..22.82 rows=1038 width=0)
	              Index Cond: ((id >= 156279) AND (id <= 157278))

table 5 : explain SELECT c FROM sbtest5 WHERE id BETWEEN 493496 AND 494495 ORDER BY c
	Sort  (cost=3632.71..3635.02 rows=927 width=121)
	  Sort Key: c
	  ->  Bitmap Heap Scan on sbtest5  (cost=21.94..3587.02 rows=927 width=121)
	        Recheck Cond: ((id >= 493496) AND (id <= 494495))
	        ->  Bitmap Index Scan on sbtest5_pkey  (cost=0.00..21.70 rows=927 width=0)
	              Index Cond: ((id >= 493496) AND (id <= 494495))

table 6 : explain SELECT c FROM sbtest6 WHERE id BETWEEN 104243 AND 105242 ORDER BY c
	Sort  (cost=3743.86..3746.25 rows=956 width=121)
	  Sort Key: c
	  ->  Bitmap Heap Scan on sbtest6  (cost=22.23..3696.54 rows=956 width=121)
	        Recheck Cond: ((id >= 104243) AND (id <= 105242))
	        ->  Bitmap Index Scan on sbtest6_pkey  (cost=0.00..22.00 rows=956 width=0)
	              Index Cond: ((id >= 104243) AND (id <= 105242))

table 7 : explain SELECT c FROM sbtest7 WHERE id BETWEEN 7857358 AND 7858357 ORDER BY c
	Sort  (cost=3905.79..3908.29 rows=998 width=121)
	  Sort Key: c
	  ->  Bitmap Heap Scan on sbtest7  (cost=22.66..3856.08 rows=998 width=121)
	        Recheck Cond: ((id >= 7857358) AND (id <= 7858357))
	        ->  Bitmap Index Scan on sbtest7_pkey  (cost=0.00..22.41 rows=998 width=0)
	              Index Cond: ((id >= 7857358) AND (id <= 7858357))

table 8 : explain SELECT c FROM sbtest8 WHERE id BETWEEN 7681240 AND 7682239 ORDER BY c
	Sort  (cost=4039.76..4042.34 rows=1032 width=121)
	  Sort Key: c
	  ->  Bitmap Heap Scan on sbtest8  (cost=27.01..3988.10 rows=1032 width=121)
	        Recheck Cond: ((id >= 7681240) AND (id <= 7682239))
	        ->  Bitmap Index Scan on sbtest8_pkey  (cost=0.00..26.75 rows=1032 width=0)
	              Index Cond: ((id >= 7681240) AND (id <= 7682239))

for: order_ranges
table 1 : explain SELECT c FROM sbtest1 WHERE id BETWEEN 1492942 AND 1493941 ORDER BY c
	Sort  (cost=3982.40..3984.94 rows=1019 width=121)
	  Sort Key: c
	  ->  Bitmap Heap Scan on sbtest1  (cost=22.88..3931.48 rows=1019 width=121)
	        Recheck Cond: ((id >= 1492942) AND (id <= 1493941))
	        ->  Bitmap Index Scan on sbtest1_pkey  (cost=0.00..22.62 rows=1019 width=0)
	              Index Cond: ((id >= 1492942) AND (id <= 1493941))

table 2 : explain SELECT c FROM sbtest2 WHERE id BETWEEN 2269571 AND 2270570 ORDER BY c
	Sort  (cost=4151.60..4154.26 rows=1063 width=121)
	  Sort Key: c
	  ->  Bitmap Heap Scan on sbtest2  (cost=23.33..4098.16 rows=1063 width=121)
	        Recheck Cond: ((id >= 2269571) AND (id <= 2270570))
	        ->  Bitmap Index Scan on sbtest2_pkey  (cost=0.00..23.07 rows=1063 width=0)
	              Index Cond: ((id >= 2269571) AND (id <= 2270570))

table 3 : explain SELECT c FROM sbtest3 WHERE id BETWEEN 6139554 AND 6140553 ORDER BY c
	Sort  (cost=3803.99..3806.42 rows=972 width=121)
	  Sort Key: c
	  ->  Bitmap Heap Scan on sbtest3  (cost=22.40..3755.76 rows=972 width=121)
	        Recheck Cond: ((id >= 6139554) AND (id <= 6140553))
	        ->  Bitmap Index Scan on sbtest3_pkey  (cost=0.00..22.15 rows=972 width=0)
	              Index Cond: ((id >= 6139554) AND (id <= 6140553))

table 4 : explain SELECT c FROM sbtest4 WHERE id BETWEEN 7102359 AND 7103358 ORDER BY c
	Sort  (cost=4099.45..4102.08 rows=1049 width=121)
	  Sort Key: c
	  ->  Bitmap Heap Scan on sbtest4  (cost=23.19..4046.82 rows=1049 width=121)
	        Recheck Cond: ((id >= 7102359) AND (id <= 7103358))
	        ->  Bitmap Index Scan on sbtest4_pkey  (cost=0.00..22.93 rows=1049 width=0)
	              Index Cond: ((id >= 7102359) AND (id <= 7103358))

table 5 : explain SELECT c FROM sbtest5 WHERE id BETWEEN 9411470 AND 9412469 ORDER BY c
	Sort  (cost=3793.63..3796.06 rows=969 width=121)
	  Sort Key: c
	  ->  Bitmap Heap Scan on sbtest5  (cost=22.37..3745.57 rows=969 width=121)
	        Recheck Cond: ((id >= 9411470) AND (id <= 9412469))
	        ->  Bitmap Index Scan on sbtest5_pkey  (cost=0.00..22.12 rows=969 width=0)
	              Index Cond: ((id >= 9411470) AND (id <= 9412469))

table 6 : explain SELECT c FROM sbtest6 WHERE id BETWEEN 4196434 AND 4197433 ORDER BY c
	Sort  (cost=3900.81..3903.31 rows=997 width=121)
	  Sort Key: c
	  ->  Bitmap Heap Scan on sbtest6  (cost=22.65..3851.16 rows=997 width=121)
	        Recheck Cond: ((id >= 4196434) AND (id <= 4197433))
	        ->  Bitmap Index Scan on sbtest6_pkey  (cost=0.00..22.40 rows=997 width=0)
	              Index Cond: ((id >= 4196434) AND (id <= 4197433))

table 7 : explain SELECT c FROM sbtest7 WHERE id BETWEEN 5175579 AND 5176578 ORDER BY c
	Sort  (cost=3955.54..3958.06 rows=1011 width=121)
	  Sort Key: c
	  ->  Bitmap Heap Scan on sbtest7  (cost=22.80..3905.08 rows=1011 width=121)
	        Recheck Cond: ((id >= 5175579) AND (id <= 5176578))
	        ->  Bitmap Index Scan on sbtest7_pkey  (cost=0.00..22.54 rows=1011 width=0)
	              Index Cond: ((id >= 5175579) AND (id <= 5176578))

table 8 : explain SELECT c FROM sbtest8 WHERE id BETWEEN 9552286 AND 9553285 ORDER BY c
	Sort  (cost=4001.52..4004.08 rows=1022 width=121)
	  Sort Key: c
	  ->  Bitmap Heap Scan on sbtest8  (cost=26.91..3950.44 rows=1022 width=121)
	        Recheck Cond: ((id >= 9552286) AND (id <= 9553285))
	        ->  Bitmap Index Scan on sbtest8_pkey  (cost=0.00..26.65 rows=1022 width=0)
	              Index Cond: ((id >= 9552286) AND (id <= 9553285))

for: distinct_ranges
table 1 : explain SELECT DISTINCT c FROM sbtest1 WHERE id BETWEEN 6773734 AND 6774733 ORDER BY c
	Unique  (cost=3925.09..3930.11 rows=1004 width=121)
	  ->  Sort  (cost=3925.09..3927.60 rows=1004 width=121)
	        Sort Key: c
	        ->  Bitmap Heap Scan on sbtest1  (cost=22.73..3875.04 rows=1004 width=121)
	              Recheck Cond: ((id >= 6773734) AND (id <= 6774733))
	              ->  Bitmap Index Scan on sbtest1_pkey  (cost=0.00..22.47 rows=1004 width=0)
	                    Index Cond: ((id >= 6773734) AND (id <= 6774733))

table 2 : explain SELECT DISTINCT c FROM sbtest2 WHERE id BETWEEN 3882271 AND 3883270 ORDER BY c
	Unique  (cost=4182.12..4187.48 rows=1071 width=121)
	  ->  Sort  (cost=4182.12..4184.80 rows=1071 width=121)
	        Sort Key: c
	        ->  Bitmap Heap Scan on sbtest2  (cost=23.41..4128.22 rows=1071 width=121)
	              Recheck Cond: ((id >= 3882271) AND (id <= 3883270))
	              ->  Bitmap Index Scan on sbtest2_pkey  (cost=0.00..23.14 rows=1071 width=0)
	                    Index Cond: ((id >= 3882271) AND (id <= 3883270))

table 3 : explain SELECT DISTINCT c FROM sbtest3 WHERE id BETWEEN 408947 AND 409946 ORDER BY c
	Unique  (cost=3558.82..3563.36 rows=908 width=121)
	  ->  Sort  (cost=3558.82..3561.09 rows=908 width=121)
	        Sort Key: c
	        ->  Bitmap Heap Scan on sbtest3  (cost=21.74..3514.20 rows=908 width=121)
	              Recheck Cond: ((id >= 408947) AND (id <= 409946))
	              ->  Bitmap Index Scan on sbtest3_pkey  (cost=0.00..21.51 rows=908 width=0)
	                    Index Cond: ((id >= 408947) AND (id <= 409946))

table 4 : explain SELECT DISTINCT c FROM sbtest4 WHERE id BETWEEN 3985572 AND 3986571 ORDER BY c
	Unique  (cost=3782.05..3786.88 rows=966 width=121)
	  ->  Sort  (cost=3782.05..3784.47 rows=966 width=121)
	        Sort Key: c
	        ->  Bitmap Heap Scan on sbtest4  (cost=22.34..3734.16 rows=966 width=121)
	              Recheck Cond: ((id >= 3985572) AND (id <= 3986571))
	              ->  Bitmap Index Scan on sbtest4_pkey  (cost=0.00..22.09 rows=966 width=0)
	                    Index Cond: ((id >= 3985572) AND (id <= 3986571))

table 5 : explain SELECT DISTINCT c FROM sbtest5 WHERE id BETWEEN 4187214 AND 4188213 ORDER BY c
	Unique  (cost=4069.00..4074.21 rows=1041 width=121)
	  ->  Sort  (cost=4069.00..4071.60 rows=1041 width=121)
	        Sort Key: c
	        ->  Bitmap Heap Scan on sbtest5  (cost=23.11..4016.83 rows=1041 width=121)
	              Recheck Cond: ((id >= 4187214) AND (id <= 4188213))
	              ->  Bitmap Index Scan on sbtest5_pkey  (cost=0.00..22.84 rows=1041 width=0)
	                    Index Cond: ((id >= 4187214) AND (id <= 4188213))

table 6 : explain SELECT DISTINCT c FROM sbtest6 WHERE id BETWEEN 550239 AND 551238 ORDER BY c
	Unique  (cost=3394.76..3399.08 rows=865 width=121)
	  ->  Sort  (cost=3394.76..3396.92 rows=865 width=121)
	        Sort Key: c
	        ->  Bitmap Heap Scan on sbtest6  (cost=21.30..3352.56 rows=865 width=121)
	              Recheck Cond: ((id >= 550239) AND (id <= 551238))
	              ->  Bitmap Index Scan on sbtest6_pkey  (cost=0.00..21.08 rows=865 width=0)
	                    Index Cond: ((id >= 550239) AND (id <= 551238))

table 7 : explain SELECT DISTINCT c FROM sbtest7 WHERE id BETWEEN 9764845 AND 9765844 ORDER BY c
	Unique  (cost=4093.18..4098.42 rows=1047 width=121)
	  ->  Sort  (cost=4093.18..4095.80 rows=1047 width=121)
	        Sort Key: c
	        ->  Bitmap Heap Scan on sbtest7  (cost=23.17..4040.66 rows=1047 width=121)
	              Recheck Cond: ((id >= 9764845) AND (id <= 9765844))
	              ->  Bitmap Index Scan on sbtest7_pkey  (cost=0.00..22.90 rows=1047 width=0)
	                    Index Cond: ((id >= 9764845) AND (id <= 9765844))

table 8 : explain SELECT DISTINCT c FROM sbtest8 WHERE id BETWEEN 7673225 AND 7674224 ORDER BY c
	Unique  (cost=4039.76..4044.92 rows=1032 width=121)
	  ->  Sort  (cost=4039.76..4042.34 rows=1032 width=121)
	        Sort Key: c
	        ->  Bitmap Heap Scan on sbtest8  (cost=27.01..3988.10 rows=1032 width=121)
	              Recheck Cond: ((id >= 7673225) AND (id <= 7674224))
	              ->  Bitmap Index Scan on sbtest8_pkey  (cost=0.00..26.75 rows=1032 width=0)
	                    Index Cond: ((id >= 7673225) AND (id <= 7674224))

for: distinct_ranges
table 1 : explain SELECT DISTINCT c FROM sbtest1 WHERE id BETWEEN 8868558 AND 8869557 ORDER BY c
	Unique  (cost=3921.27..3926.29 rows=1003 width=121)
	  ->  Sort  (cost=3921.27..3923.78 rows=1003 width=121)
	        Sort Key: c
	        ->  Bitmap Heap Scan on sbtest1  (cost=22.72..3871.27 rows=1003 width=121)
	              Recheck Cond: ((id >= 8868558) AND (id <= 8869557))
	              ->  Bitmap Index Scan on sbtest1_pkey  (cost=0.00..22.46 rows=1003 width=0)
	                    Index Cond: ((id >= 8868558) AND (id <= 8869557))

table 2 : explain SELECT DISTINCT c FROM sbtest2 WHERE id BETWEEN 5815143 AND 5816142 ORDER BY c
	Unique  (cost=4010.34..4015.47 rows=1026 width=121)
	  ->  Sort  (cost=4010.34..4012.90 rows=1026 width=121)
	        Sort Key: c
	        ->  Bitmap Heap Scan on sbtest2  (cost=22.95..3959.02 rows=1026 width=121)
	              Recheck Cond: ((id >= 5815143) AND (id <= 5816142))
	              ->  Bitmap Index Scan on sbtest2_pkey  (cost=0.00..22.69 rows=1026 width=0)
	                    Index Cond: ((id >= 5815143) AND (id <= 5816142))

table 3 : explain SELECT DISTINCT c FROM sbtest3 WHERE id BETWEEN 7972107 AND 7973106 ORDER BY c
	Unique  (cost=3819.30..3824.18 rows=976 width=121)
	  ->  Sort  (cost=3819.30..3821.74 rows=976 width=121)
	        Sort Key: c
	        ->  Bitmap Heap Scan on sbtest3  (cost=22.44..3770.84 rows=976 width=121)
	              Recheck Cond: ((id >= 7972107) AND (id <= 7973106))
	              ->  Bitmap Index Scan on sbtest3_pkey  (cost=0.00..22.19 rows=976 width=0)
	                    Index Cond: ((id >= 7972107) AND (id <= 7973106))

table 4 : explain SELECT DISTINCT c FROM sbtest4 WHERE id BETWEEN 6791593 AND 6792592 ORDER BY c
	Unique  (cost=3981.00..3986.09 rows=1018 width=121)
	  ->  Sort  (cost=3981.00..3983.55 rows=1018 width=121)
	        Sort Key: c
	        ->  Bitmap Heap Scan on sbtest4  (cost=22.87..3930.15 rows=1018 width=121)
	              Recheck Cond: ((id >= 6791593) AND (id <= 6792592))
	              ->  Bitmap Index Scan on sbtest4_pkey  (cost=0.00..22.61 rows=1018 width=0)
	                    Index Cond: ((id >= 6791593) AND (id <= 6792592))

table 5 : explain SELECT DISTINCT c FROM sbtest5 WHERE id BETWEEN 485503 AND 486502 ORDER BY c
	Unique  (cost=3632.71..3637.34 rows=927 width=121)
	  ->  Sort  (cost=3632.71..3635.02 rows=927 width=121)
	        Sort Key: c
	        ->  Bitmap Heap Scan on sbtest5  (cost=21.94..3587.02 rows=927 width=121)
	              Recheck Cond: ((id >= 485503) AND (id <= 486502))
	              ->  Bitmap Index Scan on sbtest5_pkey  (cost=0.00..21.70 rows=927 width=0)
	                    Index Cond: ((id >= 485503) AND (id <= 486502))

table 6 : explain SELECT DISTINCT c FROM sbtest6 WHERE id BETWEEN 8645880 AND 8646879 ORDER BY c
	Unique  (cost=3713.21..3717.95 rows=948 width=121)
	  ->  Sort  (cost=3713.21..3715.58 rows=948 width=121)
	        Sort Key: c
	        ->  Bitmap Heap Scan on sbtest6  (cost=22.15..3666.34 rows=948 width=121)
	              Recheck Cond: ((id >= 8645880) AND (id <= 8646879))
	              ->  Bitmap Index Scan on sbtest6_pkey  (cost=0.00..21.91 rows=948 width=0)
	                    Index Cond: ((id >= 8645880) AND (id <= 8646879))

table 7 : explain SELECT DISTINCT c FROM sbtest7 WHERE id BETWEEN 2218881 AND 2219880 ORDER BY c
	Unique  (cost=3633.76..3638.39 rows=927 width=121)
	  ->  Sort  (cost=3633.76..3636.07 rows=927 width=121)
	        Sort Key: c
	        ->  Bitmap Heap Scan on sbtest7  (cost=21.94..3588.07 rows=927 width=121)
	              Recheck Cond: ((id >= 2218881) AND (id <= 2219880))
	              ->  Bitmap Index Scan on sbtest7_pkey  (cost=0.00..21.70 rows=927 width=0)
	                    Index Cond: ((id >= 2218881) AND (id <= 2219880))

table 8 : explain SELECT DISTINCT c FROM sbtest8 WHERE id BETWEEN 6623253 AND 6624252 ORDER BY c
	Unique  (cost=3863.60..3868.54 rows=987 width=121)
	  ->  Sort  (cost=3863.60..3866.07 rows=987 width=121)
	        Sort Key: c
	        ->  Bitmap Heap Scan on sbtest8  (cost=22.55..3814.52 rows=987 width=121)
	              Recheck Cond: ((id >= 6623253) AND (id <= 6624252))
	              ->  Bitmap Index Scan on sbtest8_pkey  (cost=0.00..22.30 rows=987 width=0)
	                    Index Cond: ((id >= 6623253) AND (id <= 6624252))

for: distinct_ranges
table 1 : explain SELECT DISTINCT c FROM sbtest1 WHERE id BETWEEN 409932 AND 410931 ORDER BY c
	Unique  (cost=3588.36..3592.94 rows=916 width=121)
	  ->  Sort  (cost=3588.36..3590.65 rows=916 width=121)
	        Sort Key: c
	        ->  Bitmap Heap Scan on sbtest1  (cost=21.82..3543.30 rows=916 width=121)
	              Recheck Cond: ((id >= 409932) AND (id <= 410931))
	              ->  Bitmap Index Scan on sbtest1_pkey  (cost=0.00..21.59 rows=916 width=0)
	                    Index Cond: ((id >= 409932) AND (id <= 410931))

table 2 : explain SELECT DISTINCT c FROM sbtest2 WHERE id BETWEEN 241226 AND 242225 ORDER BY c
	Unique  (cost=4136.34..4141.63 rows=1059 width=121)
	  ->  Sort  (cost=4136.34..4138.98 rows=1059 width=121)
	        Sort Key: c
	        ->  Bitmap Heap Scan on sbtest2  (cost=23.29..4083.13 rows=1059 width=121)
	              Recheck Cond: ((id >= 241226) AND (id <= 242225))
	              ->  Bitmap Index Scan on sbtest2_pkey  (cost=0.00..23.02 rows=1059 width=0)
	                    Index Cond: ((id >= 241226) AND (id <= 242225))

table 3 : explain SELECT DISTINCT c FROM sbtest3 WHERE id BETWEEN 9215661 AND 9216660 ORDER BY c
	Unique  (cost=4014.28..4019.42 rows=1027 width=121)
	  ->  Sort  (cost=4014.28..4016.85 rows=1027 width=121)
	        Sort Key: c
	        ->  Bitmap Heap Scan on sbtest3  (cost=22.96..3962.91 rows=1027 width=121)
	              Recheck Cond: ((id >= 9215661) AND (id <= 9216660))
	              ->  Bitmap Index Scan on sbtest3_pkey  (cost=0.00..22.70 rows=1027 width=0)
	                    Index Cond: ((id >= 9215661) AND (id <= 9216660))

table 4 : explain SELECT DISTINCT c FROM sbtest4 WHERE id BETWEEN 4510272 AND 4511271 ORDER BY c
	Unique  (cost=3705.44..3710.17 rows=946 width=121)
	  ->  Sort  (cost=3705.44..3707.81 rows=946 width=121)
	        Sort Key: c
	        ->  Bitmap Heap Scan on sbtest4  (cost=22.13..3658.68 rows=946 width=121)
	              Recheck Cond: ((id >= 4510272) AND (id <= 4511271))
	              ->  Bitmap Index Scan on sbtest4_pkey  (cost=0.00..21.89 rows=946 width=0)
	                    Index Cond: ((id >= 4510272) AND (id <= 4511271))

table 5 : explain SELECT DISTINCT c FROM sbtest5 WHERE id BETWEEN 8723666 AND 8724665 ORDER BY c
	Unique  (cost=3843.40..3848.31 rows=982 width=121)
	  ->  Sort  (cost=3843.40..3845.85 rows=982 width=121)
	        Sort Key: c
	        ->  Bitmap Heap Scan on sbtest5  (cost=22.50..3794.60 rows=982 width=121)
	              Recheck Cond: ((id >= 8723666) AND (id <= 8724665))
	              ->  Bitmap Index Scan on sbtest5_pkey  (cost=0.00..22.25 rows=982 width=0)
	                    Index Cond: ((id >= 8723666) AND (id <= 8724665))

table 6 : explain SELECT DISTINCT c FROM sbtest6 WHERE id BETWEEN 6288071 AND 6289070 ORDER BY c
	Unique  (cost=3717.05..3721.79 rows=949 width=121)
	  ->  Sort  (cost=3717.05..3719.42 rows=949 width=121)
	        Sort Key: c
	        ->  Bitmap Heap Scan on sbtest6  (cost=22.16..3670.12 rows=949 width=121)
	              Recheck Cond: ((id >= 6288071) AND (id <= 6289070))
	              ->  Bitmap Index Scan on sbtest6_pkey  (cost=0.00..21.93 rows=949 width=0)
	                    Index Cond: ((id >= 6288071) AND (id <= 6289070))

table 7 : explain SELECT DISTINCT c FROM sbtest7 WHERE id BETWEEN 605689 AND 606688 ORDER BY c
	Unique  (cost=4024.38..4029.52 rows=1029 width=121)
	  ->  Sort  (cost=4024.38..4026.95 rows=1029 width=121)
	        Sort Key: c
	        ->  Bitmap Heap Scan on sbtest7  (cost=22.98..3972.89 rows=1029 width=121)
	              Recheck Cond: ((id >= 605689) AND (id <= 606688))
	              ->  Bitmap Index Scan on sbtest7_pkey  (cost=0.00..22.72 rows=1029 width=0)
	                    Index Cond: ((id >= 605689) AND (id <= 606688))

table 8 : explain SELECT DISTINCT c FROM sbtest8 WHERE id BETWEEN 9945513 AND 9946512 ORDER BY c
	Unique  (cost=3767.86..3772.67 rows=962 width=121)
	  ->  Sort  (cost=3767.86..3770.26 rows=962 width=121)
	        Sort Key: c
	        ->  Bitmap Heap Scan on sbtest8  (cost=22.30..3720.19 rows=962 width=121)
	              Recheck Cond: ((id >= 9945513) AND (id <= 9946512))
	              ->  Bitmap Index Scan on sbtest8_pkey  (cost=0.00..22.05 rows=962 width=0)
	                    Index Cond: ((id >= 9945513) AND (id <= 9946512))

Threads started!

Warming up for 5 seconds...

SQL statistics:
    queries performed:
        read:                            88659673
        write:                           0
        other:                           16119970
        total:                           104779643
    transactions:                        8060005 (12793.51 per sec.)
    queries:                             104779643 (166315.01 per sec.)
    ignored errors:                      0      (0.00 per sec.)
    reconnects:                          0      (0.00 per sec.)

Throughput:
    events/s (eps):                      12793.5136
    time elapsed:                        630.0072s
    total number of events:              8060005

Latency (ms):
         min:                                    0.53
         avg:                                    3.13
         max:                                   19.26
         95th percentile:                        3.25
         sum:                             25190528.23

Threads fairness:
    events (avg/stddev):           201500.0000/602.85
    execution time (avg/stddev):   629.7632/0.01

