LUA_PATH=/home/mdcallag/git/mytools/bench/sysbench.lua/lua/?.lua /home/mdcallag/git/mytools/bench/sysbench.lua/lua/sysbench --db-driver=pgsql --range-size=10 --table-size=10000000 --tables=8 --threads=40 --events=0 --warmup-time=5 --time=930 --pgsql_conn_id=true /home/mdcallag/git/mytools/bench/sysbench.lua/lua/oltp_read_write.lua run --pgsql-user=root --pgsql-password=pw --pgsql-host=127.0.0.1 --pgsql-db=ib --rand-type=uniform
48 CPUs
sysbench 1.1.0-9072687 (using bundled LuaJIT 2.1.0-beta3)

Running the test with following options:
Number of threads: 40
Warmup time: 5s
Initializing random number generator from current time


Initializing worker threads...

explain: for point_selects :: explain SELECT c FROM sbtest%u WHERE id=%u
explain: for point_selects :: explain SELECT c FROM sbtest%u WHERE id=%u
explain: for point_selects :: explain SELECT c FROM sbtest%u WHERE id=%u
explain: for point_selects :: explain SELECT c FROM sbtest%u WHERE id=%u
for point_selects
table 1 : explain SELECT c FROM sbtest1 WHERE id=3833781
	Index Scan using sbtest1_pkey on sbtest1  (cost=0.43..8.45 rows=1 width=121)
	  Index Cond: (id = 3833781)

table 2 : explain SELECT c FROM sbtest2 WHERE id=2987105
	Index Scan using sbtest2_pkey on sbtest2  (cost=0.43..8.45 rows=1 width=121)
	  Index Cond: (id = 2987105)

table 3 : explain SELECT c FROM sbtest3 WHERE id=1575769
	Index Scan using sbtest3_pkey on sbtest3  (cost=0.43..8.45 rows=1 width=121)
	  Index Cond: (id = 1575769)

table 4 : explain SELECT c FROM sbtest4 WHERE id=3487531
	Index Scan using sbtest4_pkey on sbtest4  (cost=0.43..8.45 rows=1 width=121)
	  Index Cond: (id = 3487531)

table 5 : explain SELECT c FROM sbtest5 WHERE id=2079370
	Index Scan using sbtest5_pkey on sbtest5  (cost=0.43..8.45 rows=1 width=121)
	  Index Cond: (id = 2079370)

table 6 : explain SELECT c FROM sbtest6 WHERE id=7245608
	Index Scan using sbtest6_pkey on sbtest6  (cost=0.43..8.45 rows=1 width=121)
	  Index Cond: (id = 7245608)

table 7 : explain SELECT c FROM sbtest7 WHERE id=9358391
	Index Scan using sbtest7_pkey on sbtest7  (cost=0.43..8.45 rows=1 width=121)
	  Index Cond: (id = 9358391)

table 8 : explain SELECT c FROM sbtest8 WHERE id=2487893
	Index Scan using sbtest8_pkey on sbtest8  (cost=0.43..8.45 rows=1 width=121)
	  Index Cond: (id = 2487893)

explain: for point_selects :: explain SELECT c FROM sbtest%u WHERE id=%u
for point_selects
table 1 : explain SELECT c FROM sbtest1 WHERE id=1608229
	Index Scan using sbtest1_pkey on sbtest1  (cost=0.43..8.45 rows=1 width=121)
	  Index Cond: (id = 1608229)

table 2 : explain SELECT c FROM sbtest2 WHERE id=6653692
	Index Scan using sbtest2_pkey on sbtest2  (cost=0.43..8.45 rows=1 width=121)
	  Index Cond: (id = 6653692)

table 3 : explain SELECT c FROM sbtest3 WHERE id=7159362
	Index Scan using sbtest3_pkey on sbtest3  (cost=0.43..8.45 rows=1 width=121)
	  Index Cond: (id = 7159362)

table 4 : explain SELECT c FROM sbtest4 WHERE id=2351833
	Index Scan using sbtest4_pkey on sbtest4  (cost=0.43..8.45 rows=1 width=121)
	  Index Cond: (id = 2351833)

table 5 : explain SELECT c FROM sbtest5 WHERE id=5301256
	Index Scan using sbtest5_pkey on sbtest5  (cost=0.43..8.45 rows=1 width=121)
	  Index Cond: (id = 5301256)

table 6 : explain SELECT c FROM sbtest6 WHERE id=8079402
	Index Scan using sbtest6_pkey on sbtest6  (cost=0.43..8.45 rows=1 width=121)
	  Index Cond: (id = 8079402)

table 7 : explain SELECT c FROM sbtest7 WHERE id=6672113
	Index Scan using sbtest7_pkey on sbtest7  (cost=0.43..8.45 rows=1 width=121)
	  Index Cond: (id = 6672113)

table 8 : explain SELECT c FROM sbtest8 WHERE id=2793853
	Index Scan using sbtest8_pkey on sbtest8  (cost=0.43..8.45 rows=1 width=121)
	  Index Cond: (id = 2793853)

for: simple_ranges
table 1 : explain SELECT c FROM sbtest1 WHERE id BETWEEN 3239531 AND 3239540
	Index Scan using sbtest1_pkey on sbtest1  (cost=0.43..40.96 rows=10 width=121)
	  Index Cond: ((id >= 3239531) AND (id <= 3239540))

table 2 : explain SELECT c FROM sbtest2 WHERE id BETWEEN 5512636 AND 5512645
	Index Scan using sbtest2_pkey on sbtest2  (cost=0.43..44.54 rows=11 width=121)
	  Index Cond: ((id >= 5512636) AND (id <= 5512645))

table 3 : explain SELECT c FROM sbtest3 WHERE id BETWEEN 6111985 AND 6111994
	Index Scan using sbtest3_pkey on sbtest3  (cost=0.43..41.23 rows=10 width=121)
	  Index Cond: ((id >= 6111985) AND (id <= 6111994))

table 4 : explain SELECT c FROM sbtest4 WHERE id BETWEEN 6706348 AND 6706357
	Index Scan using sbtest4_pkey on sbtest4  (cost=0.43..44.67 rows=11 width=121)
	  Index Cond: ((id >= 6706348) AND (id <= 6706357))

table 5 : explain SELECT c FROM sbtest5 WHERE id BETWEEN 8607620 AND 8607629
	Index Scan using sbtest5_pkey on sbtest5  (cost=0.43..40.39 rows=10 width=121)
	  Index Cond: ((id >= 8607620) AND (id <= 8607629))

table 6 : explain SELECT c FROM sbtest6 WHERE id BETWEEN 4575980 AND 4575989
	Index Scan using sbtest6_pkey on sbtest6  (cost=0.43..40.09 rows=10 width=121)
	  Index Cond: ((id >= 4575980) AND (id <= 4575989))

table 7 : explain SELECT c FROM sbtest7 WHERE id BETWEEN 8176996 AND 8177005
	Index Scan using sbtest7_pkey on sbtest7  (cost=0.43..36.25 rows=9 width=121)
	  Index Cond: ((id >= 8176996) AND (id <= 8177005))

table 8 : explain SELECT c FROM sbtest8 WHERE id BETWEEN 3537731 AND 3537740
	Index Scan using sbtest8_pkey on sbtest8  (cost=0.43..39.98 rows=10 width=121)
	  Index Cond: ((id >= 3537731) AND (id <= 3537740))

for: simple_ranges
table 1 : explain SELECT c FROM sbtest1 WHERE id BETWEEN 2744595 AND 2744604
	Index Scan using sbtest1_pkey on sbtest1  (cost=0.43..37.35 rows=9 width=121)
	  Index Cond: ((id >= 2744595) AND (id <= 2744604))

table 2 : explain SELECT c FROM sbtest2 WHERE id BETWEEN 7219720 AND 7219729
	Index Scan using sbtest2_pkey on sbtest2  (cost=0.43..44.54 rows=11 width=121)
	  Index Cond: ((id >= 7219720) AND (id <= 7219729))

table 3 : explain SELECT c FROM sbtest3 WHERE id BETWEEN 9850699 AND 9850708
	Index Scan using sbtest3_pkey on sbtest3  (cost=0.43..41.23 rows=10 width=121)
	  Index Cond: ((id >= 9850699) AND (id <= 9850708))

table 4 : explain SELECT c FROM sbtest4 WHERE id BETWEEN 6559746 AND 6559755
	Index Scan using sbtest4_pkey on sbtest4  (cost=0.43..41.05 rows=10 width=121)
	  Index Cond: ((id >= 6559746) AND (id <= 6559755))

table 5 : explain SELECT c FROM sbtest5 WHERE id BETWEEN 982439 AND 982448
	Index Scan using sbtest5_pkey on sbtest5  (cost=0.43..40.39 rows=10 width=121)
	  Index Cond: ((id >= 982439) AND (id <= 982448))

table 6 : explain SELECT c FROM sbtest6 WHERE id BETWEEN 8745350 AND 8745359
	Index Scan using sbtest6_pkey on sbtest6  (cost=0.43..40.09 rows=10 width=121)
	  Index Cond: ((id >= 8745350) AND (id <= 8745359))

table 7 : explain SELECT c FROM sbtest7 WHERE id BETWEEN 4581768 AND 4581777
	Index Scan using sbtest7_pkey on sbtest7  (cost=0.43..39.72 rows=10 width=121)
	  Index Cond: ((id >= 4581768) AND (id <= 4581777))

table 8 : explain SELECT c FROM sbtest8 WHERE id BETWEEN 853510 AND 853519
	Index Scan using sbtest8_pkey on sbtest8  (cost=0.43..46.98 rows=12 width=121)
	  Index Cond: ((id >= 853510) AND (id <= 853519))

for point_selects
table 1 : explain SELECT c FROM sbtest1 WHERE id=7967198
	Index Scan using sbtest1_pkey on sbtest1  (cost=0.43..8.45 rows=1 width=121)
	  Index Cond: (id = 7967198)

table 2 : explain SELECT c FROM sbtest2 WHERE id=5733329
	Index Scan using sbtest2_pkey on sbtest2  (cost=0.43..8.45 rows=1 width=121)
	  Index Cond: (id = 5733329)

table 3 : explain SELECT c FROM sbtest3 WHERE id=2908998
	Index Scan using sbtest3_pkey on sbtest3  (cost=0.43..8.45 rows=1 width=121)
	  Index Cond: (id = 2908998)

table 4 : explain SELECT c FROM sbtest4 WHERE id=9562340
	Index Scan using sbtest4_pkey on sbtest4  (cost=0.43..8.45 rows=1 width=121)
	  Index Cond: (id = 9562340)

table 5 : explain SELECT c FROM sbtest5 WHERE id=5501888
	Index Scan using sbtest5_pkey on sbtest5  (cost=0.43..8.45 rows=1 width=121)
	  Index Cond: (id = 5501888)

table 6 : explain SELECT c FROM sbtest6 WHERE id=8825356
	Index Scan using sbtest6_pkey on sbtest6  (cost=0.43..8.45 rows=1 width=121)
	  Index Cond: (id = 8825356)

table 7 : explain SELECT c FROM sbtest7 WHERE id=7869354
	Index Scan using sbtest7_pkey on sbtest7  (cost=0.43..8.45 rows=1 width=121)
	  Index Cond: (id = 7869354)

table 8 : explain SELECT c FROM sbtest8 WHERE id=6096921
	Index Scan using sbtest8_pkey on sbtest8  (cost=0.43..8.45 rows=1 width=121)
	  Index Cond: (id = 6096921)

for point_selects
table 1 : explain SELECT c FROM sbtest1 WHERE id=712086
	Index Scan using sbtest1_pkey on sbtest1  (cost=0.43..8.45 rows=1 width=121)
	  Index Cond: (id = 712086)

table 2 : explain SELECT c FROM sbtest2 WHERE id=77518
	Index Scan using sbtest2_pkey on sbtest2  (cost=0.43..8.45 rows=1 width=121)
	  Index Cond: (id = 77518)

table 3 : explain SELECT c FROM sbtest3 WHERE id=4269271
	Index Scan using sbtest3_pkey on sbtest3  (cost=0.43..8.45 rows=1 width=121)
	  Index Cond: (id = 4269271)

table 4 : explain SELECT c FROM sbtest4 WHERE id=2892271
	Index Scan using sbtest4_pkey on sbtest4  (cost=0.43..8.45 rows=1 width=121)
	  Index Cond: (id = 2892271)

table 5 : explain SELECT c FROM sbtest5 WHERE id=1802988
	Index Scan using sbtest5_pkey on sbtest5  (cost=0.43..8.45 rows=1 width=121)
	  Index Cond: (id = 1802988)

table 6 : explain SELECT c FROM sbtest6 WHERE id=8838542
	Index Scan using sbtest6_pkey on sbtest6  (cost=0.43..8.45 rows=1 width=121)
	  Index Cond: (id = 8838542)

table 7 : explain SELECT c FROM sbtest7 WHERE id=9428075
	Index Scan using sbtest7_pkey on sbtest7  (cost=0.43..8.45 rows=1 width=121)
	  Index Cond: (id = 9428075)

table 8 : explain SELECT c FROM sbtest8 WHERE id=1800770
	Index Scan using sbtest8_pkey on sbtest8  (cost=0.43..8.45 rows=1 width=121)
	  Index Cond: (id = 1800770)

explain: for point_selects :: explain SELECT c FROM sbtest%u WHERE id=%u
for: simple_ranges
table 1 : explain SELECT c FROM sbtest1 WHERE id BETWEEN 7142530 AND 7142539
	Index Scan using sbtest1_pkey on sbtest1  (cost=0.43..40.96 rows=10 width=121)
	  Index Cond: ((id >= 7142530) AND (id <= 7142539))

table 2 : explain SELECT c FROM sbtest2 WHERE id BETWEEN 7611947 AND 7611956
	Index Scan using sbtest2_pkey on sbtest2  (cost=0.43..40.93 rows=10 width=121)
	  Index Cond: ((id >= 7611947) AND (id <= 7611956))

table 3 : explain SELECT c FROM sbtest3 WHERE id BETWEEN 1689797 AND 1689806
	Index Scan using sbtest3_pkey on sbtest3  (cost=0.43..44.87 rows=11 width=121)
	  Index Cond: ((id >= 1689797) AND (id <= 1689806))

table 4 : explain SELECT c FROM sbtest4 WHERE id BETWEEN 5550313 AND 5550322
	Index Scan using sbtest4_pkey on sbtest4  (cost=0.43..37.43 rows=9 width=121)
	  Index Cond: ((id >= 5550313) AND (id <= 5550322))

table 5 : explain SELECT c FROM sbtest5 WHERE id BETWEEN 9959065 AND 9959074
	Index Scan using sbtest5_pkey on sbtest5  (cost=0.43..40.39 rows=10 width=121)
	  Index Cond: ((id >= 9959065) AND (id <= 9959074))

table 6 : explain SELECT c FROM sbtest6 WHERE id BETWEEN 1073894 AND 1073903
	Index Scan using sbtest6_pkey on sbtest6  (cost=0.43..36.58 rows=9 width=121)
	  Index Cond: ((id >= 1073894) AND (id <= 1073903))

table 7 : explain SELECT c FROM sbtest7 WHERE id BETWEEN 5531858 AND 5531867
	Index Scan using sbtest7_pkey on sbtest7  (cost=0.43..39.72 rows=10 width=121)
	  Index Cond: ((id >= 5531858) AND (id <= 5531867))

table 8 : explain SELECT c FROM sbtest8 WHERE id BETWEEN 6382553 AND 6382562
	Index Scan using sbtest8_pkey on sbtest8  (cost=0.43..36.47 rows=9 width=121)
	  Index Cond: ((id >= 6382553) AND (id <= 6382562))

for: sum_ranges
table 1 : explain SELECT SUM(k) FROM sbtest1 WHERE id BETWEEN 7805670 AND 7805679
	Aggregate  (cost=40.98..40.99 rows=1 width=8)
	  ->  Index Scan using sbtest1_pkey on sbtest1  (cost=0.43..40.96 rows=10 width=4)
	        Index Cond: ((id >= 7805670) AND (id <= 7805679))

table 2 : explain SELECT SUM(k) FROM sbtest2 WHERE id BETWEEN 9413286 AND 9413295
	Aggregate  (cost=40.95..40.96 rows=1 width=8)
	  ->  Index Scan using sbtest2_pkey on sbtest2  (cost=0.43..40.93 rows=10 width=4)
	        Index Cond: ((id >= 9413286) AND (id <= 9413295))

table 3 : explain SELECT SUM(k) FROM sbtest3 WHERE id BETWEEN 4656343 AND 4656352
	Aggregate  (cost=41.25..41.26 rows=1 width=8)
	  ->  Index Scan using sbtest3_pkey on sbtest3  (cost=0.43..41.23 rows=10 width=4)
	        Index Cond: ((id >= 4656343) AND (id <= 4656352))

table 4 : explain SELECT SUM(k) FROM sbtest4 WHERE id BETWEEN 7788189 AND 7788198
	Aggregate  (cost=41.08..41.09 rows=1 width=8)
	  ->  Index Scan using sbtest4_pkey on sbtest4  (cost=0.43..41.05 rows=10 width=4)
	        Index Cond: ((id >= 7788189) AND (id <= 7788198))

table 5 : explain SELECT SUM(k) FROM sbtest5 WHERE id BETWEEN 5082484 AND 5082493
	Aggregate  (cost=40.42..40.43 rows=1 width=8)
	  ->  Index Scan using sbtest5_pkey on sbtest5  (cost=0.43..40.39 rows=10 width=4)
	        Index Cond: ((id >= 5082484) AND (id <= 5082493))

table 6 : explain SELECT SUM(k) FROM sbtest6 WHERE id BETWEEN 3410828 AND 3410837
	Aggregate  (cost=40.12..40.13 rows=1 width=8)
	  ->  Index Scan using sbtest6_pkey on sbtest6  (cost=0.43..40.09 rows=10 width=4)
	        Index Cond: ((id >= 3410828) AND (id <= 3410837))

table 7 : explain SELECT SUM(k) FROM sbtest7 WHERE id BETWEEN 4162698 AND 4162707
	Aggregate  (cost=43.22..43.23 rows=1 width=8)
	  ->  Index Scan using sbtest7_pkey on sbtest7  (cost=0.43..43.19 rows=11 width=4)
	        Index Cond: ((id >= 4162698) AND (id <= 4162707))

table 8 : explain SELECT SUM(k) FROM sbtest8 WHERE id BETWEEN 1786678 AND 1786687
	Aggregate  (cost=36.50..36.51 rows=1 width=8)
	  ->  Index Scan using sbtest8_pkey on sbtest8  (cost=0.43..36.47 rows=9 width=4)
	        Index Cond: ((id >= 1786678) AND (id <= 1786687))

for point_selects
table 1 : explain SELECT c FROM sbtest1 WHERE id=108539
	Index Scan using sbtest1_pkey on sbtest1  (cost=0.43..8.45 rows=1 width=121)
	  Index Cond: (id = 108539)

table 2 : explain SELECT c FROM sbtest2 WHERE id=1982820
	Index Scan using sbtest2_pkey on sbtest2  (cost=0.43..8.45 rows=1 width=121)
	  Index Cond: (id = 1982820)

table 3 : explain SELECT c FROM sbtest3 WHERE id=6080853
	Index Scan using sbtest3_pkey on sbtest3  (cost=0.43..8.45 rows=1 width=121)
	  Index Cond: (id = 6080853)

table 4 : explain SELECT c FROM sbtest4 WHERE id=7400871
	Index Scan using sbtest4_pkey on sbtest4  (cost=0.43..8.45 rows=1 width=121)
	  Index Cond: (id = 7400871)

table 5 : explain SELECT c FROM sbtest5 WHERE id=3994923
	Index Scan using sbtest5_pkey on sbtest5  (cost=0.43..8.45 rows=1 width=121)
	  Index Cond: (id = 3994923)

table 6 : explain SELECT c FROM sbtest6 WHERE id=7303962
	Index Scan using sbtest6_pkey on sbtest6  (cost=0.43..8.45 rows=1 width=121)
	  Index Cond: (id = 7303962)

table 7 : explain SELECT c FROM sbtest7 WHERE id=9385492
	Index Scan using sbtest7_pkey on sbtest7  (cost=0.43..8.45 rows=1 width=121)
	  Index Cond: (id = 9385492)

table 8 : explain SELECT c FROM sbtest8 WHERE id=9962886
	Index Scan using sbtest8_pkey on sbtest8  (cost=0.43..8.45 rows=1 width=121)
	  Index Cond: (id = 9962886)

for: simple_ranges
table 1 : explain SELECT c FROM sbtest1 WHERE id BETWEEN 7924943 AND 7924952
	Index Scan using sbtest1_pkey on sbtest1  (cost=0.43..40.96 rows=10 width=121)
	  Index Cond: ((id >= 7924943) AND (id <= 7924952))

table 2 : explain SELECT c FROM sbtest2 WHERE id BETWEEN 5393577 AND 5393586
	Index Scan using sbtest2_pkey on sbtest2  (cost=0.43..37.32 rows=9 width=121)
	  Index Cond: ((id >= 5393577) AND (id <= 5393586))

table 3 : explain SELECT c FROM sbtest3 WHERE id BETWEEN 6537429 AND 6537438
	Index Scan using sbtest3_pkey on sbtest3  (cost=0.43..37.58 rows=9 width=121)
	  Index Cond: ((id >= 6537429) AND (id <= 6537438))

table 4 : explain SELECT c FROM sbtest4 WHERE id BETWEEN 596076 AND 596085
	Index Scan using sbtest4_pkey on sbtest4  (cost=0.43..41.05 rows=10 width=121)
	  Index Cond: ((id >= 596076) AND (id <= 596085))

table 5 : explain SELECT c FROM sbtest5 WHERE id BETWEEN 3038234 AND 3038243
	Index Scan using sbtest5_pkey on sbtest5  (cost=0.43..36.85 rows=9 width=121)
	  Index Cond: ((id >= 3038234) AND (id <= 3038243))

table 6 : explain SELECT c FROM sbtest6 WHERE id BETWEEN 6400632 AND 6400641
	Index Scan using sbtest6_pkey on sbtest6  (cost=0.43..40.09 rows=10 width=121)
	  Index Cond: ((id >= 6400632) AND (id <= 6400641))

table 7 : explain SELECT c FROM sbtest7 WHERE id BETWEEN 8606029 AND 8606038
	Index Scan using sbtest7_pkey on sbtest7  (cost=0.43..43.19 rows=11 width=121)
	  Index Cond: ((id >= 8606029) AND (id <= 8606038))

table 8 : explain SELECT c FROM sbtest8 WHERE id BETWEEN 4737514 AND 4737523
	Index Scan using sbtest8_pkey on sbtest8  (cost=0.43..39.98 rows=10 width=121)
	  Index Cond: ((id >= 4737514) AND (id <= 4737523))

explain: for point_selects :: explain SELECT c FROM sbtest%u WHERE id=%u
explain: for point_selects :: explain SELECT c FROM sbtest%u WHERE id=%u
explain: for point_selects :: explain SELECT c FROM sbtest%u WHERE id=%u
for: simple_ranges
table 1 : explain SELECT c FROM sbtest1 WHERE id BETWEEN 1608581 AND 1608590
	Index Scan using sbtest1_pkey on sbtest1  (cost=0.43..40.96 rows=10 width=121)
	  Index Cond: ((id >= 1608581) AND (id <= 1608590))

table 2 : explain SELECT c FROM sbtest2 WHERE id BETWEEN 4047039 AND 4047048
	Index Scan using sbtest2_pkey on sbtest2  (cost=0.43..44.54 rows=11 width=121)
	  Index Cond: ((id >= 4047039) AND (id <= 4047048))

table 3 : explain SELECT c FROM sbtest3 WHERE id BETWEEN 8267621 AND 8267630
	Index Scan using sbtest3_pkey on sbtest3  (cost=0.43..37.58 rows=9 width=121)
	  Index Cond: ((id >= 8267621) AND (id <= 8267630))

table 4 : explain SELECT c FROM sbtest4 WHERE id BETWEEN 8254249 AND 8254258
	Index Scan using sbtest4_pkey on sbtest4  (cost=0.43..41.05 rows=10 width=121)
	  Index Cond: ((id >= 8254249) AND (id <= 8254258))

table 5 : explain SELECT c FROM sbtest5 WHERE id BETWEEN 7971013 AND 7971022
	Index Scan using sbtest5_pkey on sbtest5  (cost=0.43..40.39 rows=10 width=121)
	  Index Cond: ((id >= 7971013) AND (id <= 7971022))

table 6 : explain SELECT c FROM sbtest6 WHERE id BETWEEN 4649 AND 4658
	Index Scan using sbtest6_pkey on sbtest6  (cost=0.43..40.09 rows=10 width=121)
	  Index Cond: ((id >= 4649) AND (id <= 4658))

table 7 : explain SELECT c FROM sbtest7 WHERE id BETWEEN 1462413 AND 1462422
	Index Scan using sbtest7_pkey on sbtest7  (cost=0.43..39.72 rows=10 width=121)
	  Index Cond: ((id >= 1462413) AND (id <= 1462422))

table 8 : explain SELECT c FROM sbtest8 WHERE id BETWEEN 6472465 AND 6472474
	Index Scan using sbtest8_pkey on sbtest8  (cost=0.43..39.98 rows=10 width=121)
	  Index Cond: ((id >= 6472465) AND (id <= 6472474))

for point_selects
table 1 : explain SELECT c FROM sbtest1 WHERE id=1998172
	Index Scan using sbtest1_pkey on sbtest1  (cost=0.43..8.45 rows=1 width=121)
	  Index Cond: (id = 1998172)

table 2 : explain SELECT c FROM sbtest2 WHERE id=6012847
	Index Scan using sbtest2_pkey on sbtest2  (cost=0.43..8.45 rows=1 width=121)
	  Index Cond: (id = 6012847)

table 3 : explain SELECT c FROM sbtest3 WHERE id=865718
	Index Scan using sbtest3_pkey on sbtest3  (cost=0.43..8.45 rows=1 width=121)
	  Index Cond: (id = 865718)

table 4 : explain SELECT c FROM sbtest4 WHERE id=750853
	Index Scan using sbtest4_pkey on sbtest4  (cost=0.43..8.45 rows=1 width=121)
	  Index Cond: (id = 750853)

table 5 : explain SELECT c FROM sbtest5 WHERE id=7954499
	Index Scan using sbtest5_pkey on sbtest5  (cost=0.43..8.45 rows=1 width=121)
	  Index Cond: (id = 7954499)

table 6 : explain SELECT c FROM sbtest6 WHERE id=9945265
	Index Scan using sbtest6_pkey on sbtest6  (cost=0.43..8.45 rows=1 width=121)
	  Index Cond: (id = 9945265)

table 7 : explain SELECT c FROM sbtest7 WHERE id=8248122
	Index Scan using sbtest7_pkey on sbtest7  (cost=0.43..8.45 rows=1 width=121)
	  Index Cond: (id = 8248122)

table 8 : explain SELECT c FROM sbtest8 WHERE id=8178752
	Index Scan using sbtest8_pkey on sbtest8  (cost=0.43..8.45 rows=1 width=121)
	  Index Cond: (id = 8178752)

explain: for point_selects :: explain SELECT c FROM sbtest%u WHERE id=%u
explain: for point_selects :: explain SELECT c FROM sbtest%u WHERE id=%u
for: order_ranges
table 1 : explain SELECT c FROM sbtest1 WHERE id BETWEEN 4439680 AND 4439689 ORDER BY c
	Sort  (cost=41.13..41.15 rows=10 width=121)
	  Sort Key: c
	  ->  Index Scan using sbtest1_pkey on sbtest1  (cost=0.43..40.96 rows=10 width=121)
	        Index Cond: ((id >= 4439680) AND (id <= 4439689))

table 2 : explain SELECT c FROM sbtest2 WHERE id BETWEEN 7126706 AND 7126715 ORDER BY c
	Sort  (cost=37.46..37.48 rows=9 width=121)
	  Sort Key: c
	  ->  Index Scan using sbtest2_pkey on sbtest2  (cost=0.43..37.32 rows=9 width=121)
	        Index Cond: ((id >= 7126706) AND (id <= 7126715))

table 3 : explain SELECT c FROM sbtest3 WHERE id BETWEEN 557580 AND 557589 ORDER BY c
	Sort  (cost=41.39..41.42 rows=10 width=121)
	  Sort Key: c
	  ->  Index Scan using sbtest3_pkey on sbtest3  (cost=0.43..41.23 rows=10 width=121)
	        Index Cond: ((id >= 557580) AND (id <= 557589))

table 4 : explain SELECT c FROM sbtest4 WHERE id BETWEEN 8136527 AND 8136536 ORDER BY c
	Sort  (cost=37.57..37.59 rows=9 width=121)
	  Sort Key: c
	  ->  Index Scan using sbtest4_pkey on sbtest4  (cost=0.43..37.43 rows=9 width=121)
	        Index Cond: ((id >= 8136527) AND (id <= 8136536))

table 5 : explain SELECT c FROM sbtest5 WHERE id BETWEEN 2318404 AND 2318413 ORDER BY c
	Sort  (cost=36.99..37.01 rows=9 width=121)
	  Sort Key: c
	  ->  Index Scan using sbtest5_pkey on sbtest5  (cost=0.43..36.85 rows=9 width=121)
	        Index Cond: ((id >= 2318404) AND (id <= 2318413))

table 6 : explain SELECT c FROM sbtest6 WHERE id BETWEEN 4778694 AND 4778703 ORDER BY c
	Sort  (cost=40.26..40.28 rows=10 width=121)
	  Sort Key: c
	  ->  Index Scan using sbtest6_pkey on sbtest6  (cost=0.43..40.09 rows=10 width=121)
	        Index Cond: ((id >= 4778694) AND (id <= 4778703))

table 7 : explain SELECT c FROM sbtest7 WHERE id BETWEEN 7651661 AND 7651670 ORDER BY c
	Sort  (cost=39.89..39.91 rows=10 width=121)
	  Sort Key: c
	  ->  Index Scan using sbtest7_pkey on sbtest7  (cost=0.43..39.72 rows=10 width=121)
	        Index Cond: ((id >= 7651661) AND (id <= 7651670))

table 8 : explain SELECT c FROM sbtest8 WHERE id BETWEEN 2420115 AND 2420124 ORDER BY c
	Sort  (cost=40.14..40.17 rows=10 width=121)
	  Sort Key: c
	  ->  Index Scan using sbtest8_pkey on sbtest8  (cost=0.43..39.98 rows=10 width=121)
	        Index Cond: ((id >= 2420115) AND (id <= 2420124))

for: simple_ranges
table 1 : explain SELECT c FROM sbtest1 WHERE id BETWEEN 3174239 AND 3174248
	Index Scan using sbtest1_pkey on sbtest1  (cost=0.43..40.96 rows=10 width=121)
	  Index Cond: ((id >= 3174239) AND (id <= 3174248))

table 2 : explain SELECT c FROM sbtest2 WHERE id BETWEEN 5186564 AND 5186573
	Index Scan using sbtest2_pkey on sbtest2  (cost=0.43..40.93 rows=10 width=121)
	  Index Cond: ((id >= 5186564) AND (id <= 5186573))

table 3 : explain SELECT c FROM sbtest3 WHERE id BETWEEN 4445476 AND 4445485
	Index Scan using sbtest3_pkey on sbtest3  (cost=0.43..41.23 rows=10 width=121)
	  Index Cond: ((id >= 4445476) AND (id <= 4445485))

table 4 : explain SELECT c FROM sbtest4 WHERE id BETWEEN 6089868 AND 6089877
	Index Scan using sbtest4_pkey on sbtest4  (cost=0.43..44.67 rows=11 width=121)
	  Index Cond: ((id >= 6089868) AND (id <= 6089877))

table 5 : explain SELECT c FROM sbtest5 WHERE id BETWEEN 6711972 AND 6711981
	Index Scan using sbtest5_pkey on sbtest5  (cost=0.43..40.39 rows=10 width=121)
	  Index Cond: ((id >= 6711972) AND (id <= 6711981))

table 6 : explain SELECT c FROM sbtest6 WHERE id BETWEEN 8005130 AND 8005139
	Index Scan using sbtest6_pkey on sbtest6  (cost=0.43..40.09 rows=10 width=121)
	  Index Cond: ((id >= 8005130) AND (id <= 8005139))

table 7 : explain SELECT c FROM sbtest7 WHERE id BETWEEN 8359106 AND 8359115
	Index Scan using sbtest7_pkey on sbtest7  (cost=0.43..39.72 rows=10 width=121)
	  Index Cond: ((id >= 8359106) AND (id <= 8359115))

table 8 : explain SELECT c FROM sbtest8 WHERE id BETWEEN 2955979 AND 2955988
	Index Scan using sbtest8_pkey on sbtest8  (cost=0.43..43.48 rows=11 width=121)
	  Index Cond: ((id >= 2955979) AND (id <= 2955988))

for: sum_ranges
table 1 : explain SELECT SUM(k) FROM sbtest1 WHERE id BETWEEN 9421144 AND 9421153
	Aggregate  (cost=40.98..40.99 rows=1 width=8)
	  ->  Index Scan using sbtest1_pkey on sbtest1  (cost=0.43..40.96 rows=10 width=4)
	        Index Cond: ((id >= 9421144) AND (id <= 9421153))

table 2 : explain SELECT SUM(k) FROM sbtest2 WHERE id BETWEEN 6222448 AND 6222457
	Aggregate  (cost=37.34..37.35 rows=1 width=8)
	  ->  Index Scan using sbtest2_pkey on sbtest2  (cost=0.43..37.32 rows=9 width=4)
	        Index Cond: ((id >= 6222448) AND (id <= 6222457))

table 3 : explain SELECT SUM(k) FROM sbtest3 WHERE id BETWEEN 8138119 AND 8138128
	Aggregate  (cost=41.25..41.26 rows=1 width=8)
	  ->  Index Scan using sbtest3_pkey on sbtest3  (cost=0.43..41.23 rows=10 width=4)
	        Index Cond: ((id >= 8138119) AND (id <= 8138128))

table 4 : explain SELECT SUM(k) FROM sbtest4 WHERE id BETWEEN 3131929 AND 3131938
	Aggregate  (cost=37.45..37.46 rows=1 width=8)
	  ->  Index Scan using sbtest4_pkey on sbtest4  (cost=0.43..37.43 rows=9 width=4)
	        Index Cond: ((id >= 3131929) AND (id <= 3131938))

table 5 : explain SELECT SUM(k) FROM sbtest5 WHERE id BETWEEN 2923982 AND 2923991
	Aggregate  (cost=36.87..36.88 rows=1 width=8)
	  ->  Index Scan using sbtest5_pkey on sbtest5  (cost=0.43..36.85 rows=9 width=4)
	        Index Cond: ((id >= 2923982) AND (id <= 2923991))

table 6 : explain SELECT SUM(k) FROM sbtest6 WHERE id BETWEEN 2256413 AND 2256422
	Aggregate  (cost=40.12..40.13 rows=1 width=8)
	  ->  Index Scan using sbtest6_pkey on sbtest6  (cost=0.43..40.09 rows=10 width=4)
	        Index Cond: ((id >= 2256413) AND (id <= 2256422))

table 7 : explain SELECT SUM(k) FROM sbtest7 WHERE id BETWEEN 1623923 AND 1623932
	Aggregate  (cost=43.22..43.23 rows=1 width=8)
	  ->  Index Scan using sbtest7_pkey on sbtest7  (cost=0.43..43.19 rows=11 width=4)
	        Index Cond: ((id >= 1623923) AND (id <= 1623932))

table 8 : explain SELECT SUM(k) FROM sbtest8 WHERE id BETWEEN 8872044 AND 8872053
	Aggregate  (cost=40.00..40.01 rows=1 width=8)
	  ->  Index Scan using sbtest8_pkey on sbtest8  (cost=0.43..39.98 rows=10 width=4)
	        Index Cond: ((id >= 8872044) AND (id <= 8872053))

for: sum_ranges
table 1 : explain SELECT SUM(k) FROM sbtest1 WHERE id BETWEEN 9587236 AND 9587245
	Aggregate  (cost=40.98..40.99 rows=1 width=8)
	  ->  Index Scan using sbtest1_pkey on sbtest1  (cost=0.43..40.96 rows=10 width=4)
	        Index Cond: ((id >= 9587236) AND (id <= 9587245))

table 2 : explain SELECT SUM(k) FROM sbtest2 WHERE id BETWEEN 5889790 AND 5889799
	Aggregate  (cost=40.95..40.96 rows=1 width=8)
	  ->  Index Scan using sbtest2_pkey on sbtest2  (cost=0.43..40.93 rows=10 width=4)
	        Index Cond: ((id >= 5889790) AND (id <= 5889799))

table 3 : explain SELECT SUM(k) FROM sbtest3 WHERE id BETWEEN 8174776 AND 8174785
	Aggregate  (cost=37.61..37.62 rows=1 width=8)
	  ->  Index Scan using sbtest3_pkey on sbtest3  (cost=0.43..37.58 rows=9 width=4)
	        Index Cond: ((id >= 8174776) AND (id <= 8174785))

table 4 : explain SELECT SUM(k) FROM sbtest4 WHERE id BETWEEN 4647324 AND 4647333
	Aggregate  (cost=41.08..41.09 rows=1 width=8)
	  ->  Index Scan using sbtest4_pkey on sbtest4  (cost=0.43..41.05 rows=10 width=4)
	        Index Cond: ((id >= 4647324) AND (id <= 4647333))

table 5 : explain SELECT SUM(k) FROM sbtest5 WHERE id BETWEEN 1266191 AND 1266200
	Aggregate  (cost=43.97..43.98 rows=1 width=8)
	  ->  Index Scan using sbtest5_pkey on sbtest5  (cost=0.43..43.94 rows=11 width=4)
	        Index Cond: ((id >= 1266191) AND (id <= 1266200))

table 6 : explain SELECT SUM(k) FROM sbtest6 WHERE id BETWEEN 394312 AND 394321
	Aggregate  (cost=43.63..43.64 rows=1 width=8)
	  ->  Index Scan using sbtest6_pkey on sbtest6  (cost=0.43..43.61 rows=11 width=4)
	        Index Cond: ((id >= 394312) AND (id <= 394321))

table 7 : explain SELECT SUM(k) FROM sbtest7 WHERE id BETWEEN 6185901 AND 6185910
	Aggregate  (cost=39.74..39.75 rows=1 width=8)
	  ->  Index Scan using sbtest7_pkey on sbtest7  (cost=0.43..39.72 rows=10 width=4)
	        Index Cond: ((id >= 6185901) AND (id <= 6185910))

table 8 : explain SELECT SUM(k) FROM sbtest8 WHERE id BETWEEN 5382172 AND 5382181
	Aggregate  (cost=43.50..43.51 rows=1 width=8)
	  ->  Index Scan using sbtest8_pkey on sbtest8  (cost=0.43..43.48 rows=11 width=4)
	        Index Cond: ((id >= 5382172) AND (id <= 5382181))

for point_selects
table 1 : explain SELECT c FROM sbtest1 WHERE id=8548685
	Index Scan using sbtest1_pkey on sbtest1  (cost=0.43..8.45 rows=1 width=121)
	  Index Cond: (id = 8548685)

table 2 : explain SELECT c FROM sbtest2 WHERE id=2970058
	Index Scan using sbtest2_pkey on sbtest2  (cost=0.43..8.45 rows=1 width=121)
	  Index Cond: (id = 2970058)

table 3 : explain SELECT c FROM sbtest3 WHERE id=8840848
	Index Scan using sbtest3_pkey on sbtest3  (cost=0.43..8.45 rows=1 width=121)
	  Index Cond: (id = 8840848)

table 4 : explain SELECT c FROM sbtest4 WHERE id=920760
	Index Scan using sbtest4_pkey on sbtest4  (cost=0.43..8.45 rows=1 width=121)
	  Index Cond: (id = 920760)

table 5 : explain SELECT c FROM sbtest5 WHERE id=2793078
	Index Scan using sbtest5_pkey on sbtest5  (cost=0.43..8.45 rows=1 width=121)
	  Index Cond: (id = 2793078)

table 6 : explain SELECT c FROM sbtest6 WHERE id=8464022
	Index Scan using sbtest6_pkey on sbtest6  (cost=0.43..8.45 rows=1 width=121)
	  Index Cond: (id = 8464022)

table 7 : explain SELECT c FROM sbtest7 WHERE id=2960474
	Index Scan using sbtest7_pkey on sbtest7  (cost=0.43..8.45 rows=1 width=121)
	  Index Cond: (id = 2960474)

table 8 : explain SELECT c FROM sbtest8 WHERE id=5787930
	Index Scan using sbtest8_pkey on sbtest8  (cost=0.43..8.45 rows=1 width=121)
	  Index Cond: (id = 5787930)

for: sum_ranges
table 1 : explain SELECT SUM(k) FROM sbtest1 WHERE id BETWEEN 6434917 AND 6434926
	Aggregate  (cost=40.98..40.99 rows=1 width=8)
	  ->  Index Scan using sbtest1_pkey on sbtest1  (cost=0.43..40.96 rows=10 width=4)
	        Index Cond: ((id >= 6434917) AND (id <= 6434926))

table 2 : explain SELECT SUM(k) FROM sbtest2 WHERE id BETWEEN 6325395 AND 6325404
	Aggregate  (cost=40.95..40.96 rows=1 width=8)
	  ->  Index Scan using sbtest2_pkey on sbtest2  (cost=0.43..40.93 rows=10 width=4)
	        Index Cond: ((id >= 6325395) AND (id <= 6325404))

table 3 : explain SELECT SUM(k) FROM sbtest3 WHERE id BETWEEN 7218610 AND 7218619
	Aggregate  (cost=41.25..41.26 rows=1 width=8)
	  ->  Index Scan using sbtest3_pkey on sbtest3  (cost=0.43..41.23 rows=10 width=4)
	        Index Cond: ((id >= 7218610) AND (id <= 7218619))

table 4 : explain SELECT SUM(k) FROM sbtest4 WHERE id BETWEEN 4399315 AND 4399324
	Aggregate  (cost=44.70..44.71 rows=1 width=8)
	  ->  Index Scan using sbtest4_pkey on sbtest4  (cost=0.43..44.67 rows=11 width=4)
	        Index Cond: ((id >= 4399315) AND (id <= 4399324))

table 5 : explain SELECT SUM(k) FROM sbtest5 WHERE id BETWEEN 8444510 AND 8444519
	Aggregate  (cost=40.42..40.43 rows=1 width=8)
	  ->  Index Scan using sbtest5_pkey on sbtest5  (cost=0.43..40.39 rows=10 width=4)
	        Index Cond: ((id >= 8444510) AND (id <= 8444519))

table 6 : explain SELECT SUM(k) FROM sbtest6 WHERE id BETWEEN 3183260 AND 3183269
	Aggregate  (cost=40.12..40.13 rows=1 width=8)
	  ->  Index Scan using sbtest6_pkey on sbtest6  (cost=0.43..40.09 rows=10 width=4)
	        Index Cond: ((id >= 3183260) AND (id <= 3183269))

table 7 : explain SELECT SUM(k) FROM sbtest7 WHERE id BETWEEN 9278958 AND 9278967
	Aggregate  (cost=39.74..39.75 rows=1 width=8)
	  ->  Index Scan using sbtest7_pkey on sbtest7  (cost=0.43..39.72 rows=10 width=4)
	        Index Cond: ((id >= 9278958) AND (id <= 9278967))

table 8 : explain SELECT SUM(k) FROM sbtest8 WHERE id BETWEEN 6521305 AND 6521314
	Aggregate  (cost=36.50..36.51 rows=1 width=8)
	  ->  Index Scan using sbtest8_pkey on sbtest8  (cost=0.43..36.47 rows=9 width=4)
	        Index Cond: ((id >= 6521305) AND (id <= 6521314))

for point_selects
table 1 : explain SELECT c FROM sbtest1 WHERE id=242286
	Index Scan using sbtest1_pkey on sbtest1  (cost=0.43..8.45 rows=1 width=121)
	  Index Cond: (id = 242286)

table 2 : explain SELECT c FROM sbtest2 WHERE id=9114295
	Index Scan using sbtest2_pkey on sbtest2  (cost=0.43..8.45 rows=1 width=121)
	  Index Cond: (id = 9114295)

table 3 : explain SELECT c FROM sbtest3 WHERE id=8068476
	Index Scan using sbtest3_pkey on sbtest3  (cost=0.43..8.45 rows=1 width=121)
	  Index Cond: (id = 8068476)

table 4 : explain SELECT c FROM sbtest4 WHERE id=3279198
	Index Scan using sbtest4_pkey on sbtest4  (cost=0.43..8.45 rows=1 width=121)
	  Index Cond: (id = 3279198)

table 5 : explain SELECT c FROM sbtest5 WHERE id=6954118
	Index Scan using sbtest5_pkey on sbtest5  (cost=0.43..8.45 rows=1 width=121)
	  Index Cond: (id = 6954118)

table 6 : explain SELECT c FROM sbtest6 WHERE id=6877111
	Index Scan using sbtest6_pkey on sbtest6  (cost=0.43..8.45 rows=1 width=121)
	  Index Cond: (id = 6877111)

table 7 : explain SELECT c FROM sbtest7 WHERE id=8422922
	Index Scan using sbtest7_pkey on sbtest7  (cost=0.43..8.45 rows=1 width=121)
	  Index Cond: (id = 8422922)

table 8 : explain SELECT c FROM sbtest8 WHERE id=66330
	Index Scan using sbtest8_pkey on sbtest8  (cost=0.43..8.45 rows=1 width=121)
	  Index Cond: (id = 66330)

for point_selects
table 1 : explain SELECT c FROM sbtest1 WHERE id=5170094
	Index Scan using sbtest1_pkey on sbtest1  (cost=0.43..8.45 rows=1 width=121)
	  Index Cond: (id = 5170094)

table 2 : explain SELECT c FROM sbtest2 WHERE id=7397995
	Index Scan using sbtest2_pkey on sbtest2  (cost=0.43..8.45 rows=1 width=121)
	  Index Cond: (id = 7397995)

table 3 : explain SELECT c FROM sbtest3 WHERE id=9316640
	Index Scan using sbtest3_pkey on sbtest3  (cost=0.43..8.45 rows=1 width=121)
	  Index Cond: (id = 9316640)

table 4 : explain SELECT c FROM sbtest4 WHERE id=12321
	Index Scan using sbtest4_pkey on sbtest4  (cost=0.43..8.45 rows=1 width=121)
	  Index Cond: (id = 12321)

table 5 : explain SELECT c FROM sbtest5 WHERE id=2850522
	Index Scan using sbtest5_pkey on sbtest5  (cost=0.43..8.45 rows=1 width=121)
	  Index Cond: (id = 2850522)

table 6 : explain SELECT c FROM sbtest6 WHERE id=134125
	Index Scan using sbtest6_pkey on sbtest6  (cost=0.43..8.45 rows=1 width=121)
	  Index Cond: (id = 134125)

table 7 : explain SELECT c FROM sbtest7 WHERE id=6057296
	Index Scan using sbtest7_pkey on sbtest7  (cost=0.43..8.45 rows=1 width=121)
	  Index Cond: (id = 6057296)

table 8 : explain SELECT c FROM sbtest8 WHERE id=7671833
	Index Scan using sbtest8_pkey on sbtest8  (cost=0.43..8.45 rows=1 width=121)
	  Index Cond: (id = 7671833)

for: order_ranges
table 1 : explain SELECT c FROM sbtest1 WHERE id BETWEEN 9440757 AND 9440766 ORDER BY c
	Sort  (cost=41.13..41.15 rows=10 width=121)
	  Sort Key: c
	  ->  Index Scan using sbtest1_pkey on sbtest1  (cost=0.43..40.96 rows=10 width=121)
	        Index Cond: ((id >= 9440757) AND (id <= 9440766))

table 2 : explain SELECT c FROM sbtest2 WHERE id BETWEEN 5515930 AND 5515939 ORDER BY c
	Sort  (cost=44.73..44.75 rows=11 width=121)
	  Sort Key: c
	  ->  Index Scan using sbtest2_pkey on sbtest2  (cost=0.43..44.54 rows=11 width=121)
	        Index Cond: ((id >= 5515930) AND (id <= 5515939))

table 3 : explain SELECT c FROM sbtest3 WHERE id BETWEEN 6044298 AND 6044307 ORDER BY c
	Sort  (cost=41.39..41.42 rows=10 width=121)
	  Sort Key: c
	  ->  Index Scan using sbtest3_pkey on sbtest3  (cost=0.43..41.23 rows=10 width=121)
	        Index Cond: ((id >= 6044298) AND (id <= 6044307))

table 4 : explain SELECT c FROM sbtest4 WHERE id BETWEEN 9074889 AND 9074898 ORDER BY c
	Sort  (cost=44.86..44.89 rows=11 width=121)
	  Sort Key: c
	  ->  Index Scan using sbtest4_pkey on sbtest4  (cost=0.43..44.67 rows=11 width=121)
	        Index Cond: ((id >= 9074889) AND (id <= 9074898))

table 5 : explain SELECT c FROM sbtest5 WHERE id BETWEEN 7473681 AND 7473690 ORDER BY c
	Sort  (cost=40.56..40.58 rows=10 width=121)
	  Sort Key: c
	  ->  Index Scan using sbtest5_pkey on sbtest5  (cost=0.43..40.39 rows=10 width=121)
	        Index Cond: ((id >= 7473681) AND (id <= 7473690))

table 6 : explain SELECT c FROM sbtest6 WHERE id BETWEEN 3294647 AND 3294656 ORDER BY c
	Sort  (cost=40.26..40.28 rows=10 width=121)
	  Sort Key: c
	  ->  Index Scan using sbtest6_pkey on sbtest6  (cost=0.43..40.09 rows=10 width=121)
	        Index Cond: ((id >= 3294647) AND (id <= 3294656))

table 7 : explain SELECT c FROM sbtest7 WHERE id BETWEEN 1420529 AND 1420538 ORDER BY c
	Sort  (cost=39.89..39.91 rows=10 width=121)
	  Sort Key: c
	  ->  Index Scan using sbtest7_pkey on sbtest7  (cost=0.43..39.72 rows=10 width=121)
	        Index Cond: ((id >= 1420529) AND (id <= 1420538))

table 8 : explain SELECT c FROM sbtest8 WHERE id BETWEEN 8579977 AND 8579986 ORDER BY c
	Sort  (cost=43.67..43.70 rows=11 width=121)
	  Sort Key: c
	  ->  Index Scan using sbtest8_pkey on sbtest8  (cost=0.43..43.48 rows=11 width=121)
	        Index Cond: ((id >= 8579977) AND (id <= 8579986))

for: sum_ranges
table 1 : explain SELECT SUM(k) FROM sbtest1 WHERE id BETWEEN 6274488 AND 6274497
	Aggregate  (cost=40.98..40.99 rows=1 width=8)
	  ->  Index Scan using sbtest1_pkey on sbtest1  (cost=0.43..40.96 rows=10 width=4)
	        Index Cond: ((id >= 6274488) AND (id <= 6274497))

table 2 : explain SELECT SUM(k) FROM sbtest2 WHERE id BETWEEN 4946511 AND 4946520
	Aggregate  (cost=40.95..40.96 rows=1 width=8)
	  ->  Index Scan using sbtest2_pkey on sbtest2  (cost=0.43..40.93 rows=10 width=4)
	        Index Cond: ((id >= 4946511) AND (id <= 4946520))

table 3 : explain SELECT SUM(k) FROM sbtest3 WHERE id BETWEEN 2380755 AND 2380764
	Aggregate  (cost=41.25..41.26 rows=1 width=8)
	  ->  Index Scan using sbtest3_pkey on sbtest3  (cost=0.43..41.23 rows=10 width=4)
	        Index Cond: ((id >= 2380755) AND (id <= 2380764))

table 4 : explain SELECT SUM(k) FROM sbtest4 WHERE id BETWEEN 2448968 AND 2448977
	Aggregate  (cost=41.08..41.09 rows=1 width=8)
	  ->  Index Scan using sbtest4_pkey on sbtest4  (cost=0.43..41.05 rows=10 width=4)
	        Index Cond: ((id >= 2448968) AND (id <= 2448977))

table 5 : explain SELECT SUM(k) FROM sbtest5 WHERE id BETWEEN 6290067 AND 6290076
	Aggregate  (cost=40.42..40.43 rows=1 width=8)
	  ->  Index Scan using sbtest5_pkey on sbtest5  (cost=0.43..40.39 rows=10 width=4)
	        Index Cond: ((id >= 6290067) AND (id <= 6290076))

table 6 : explain SELECT SUM(k) FROM sbtest6 WHERE id BETWEEN 1332088 AND 1332097
	Aggregate  (cost=40.12..40.13 rows=1 width=8)
	  ->  Index Scan using sbtest6_pkey on sbtest6  (cost=0.43..40.09 rows=10 width=4)
	        Index Cond: ((id >= 1332088) AND (id <= 1332097))

table 7 : explain SELECT SUM(k) FROM sbtest7 WHERE id BETWEEN 1341896 AND 1341905
	Aggregate  (cost=39.74..39.75 rows=1 width=8)
	  ->  Index Scan using sbtest7_pkey on sbtest7  (cost=0.43..39.72 rows=10 width=4)
	        Index Cond: ((id >= 1341896) AND (id <= 1341905))

table 8 : explain SELECT SUM(k) FROM sbtest8 WHERE id BETWEEN 3904516 AND 3904525
	Aggregate  (cost=40.00..40.01 rows=1 width=8)
	  ->  Index Scan using sbtest8_pkey on sbtest8  (cost=0.43..39.98 rows=10 width=4)
	        Index Cond: ((id >= 3904516) AND (id <= 3904525))

for: distinct_ranges
table 1 : explain SELECT DISTINCT c FROM sbtest1 WHERE id BETWEEN 6145698 AND 6145707 ORDER BY c
	Unique  (cost=41.13..41.18 rows=10 width=121)
	  ->  Sort  (cost=41.13..41.15 rows=10 width=121)
	        Sort Key: c
	        ->  Index Scan using sbtest1_pkey on sbtest1  (cost=0.43..40.96 rows=10 width=121)
	              Index Cond: ((id >= 6145698) AND (id <= 6145707))

table 2 : explain SELECT DISTINCT c FROM sbtest2 WHERE id BETWEEN 6141756 AND 6141765 ORDER BY c
	Unique  (cost=37.46..37.51 rows=9 width=121)
	  ->  Sort  (cost=37.46..37.48 rows=9 width=121)
	        Sort Key: c
	        ->  Index Scan using sbtest2_pkey on sbtest2  (cost=0.43..37.32 rows=9 width=121)
	              Index Cond: ((id >= 6141756) AND (id <= 6141765))

table 3 : explain SELECT DISTINCT c FROM sbtest3 WHERE id BETWEEN 9929511 AND 9929520 ORDER BY c
	Unique  (cost=41.39..41.44 rows=10 width=121)
	  ->  Sort  (cost=41.39..41.42 rows=10 width=121)
	        Sort Key: c
	        ->  Index Scan using sbtest3_pkey on sbtest3  (cost=0.43..41.23 rows=10 width=121)
	              Index Cond: ((id >= 9929511) AND (id <= 9929520))

table 4 : explain SELECT DISTINCT c FROM sbtest4 WHERE id BETWEEN 5906309 AND 5906318 ORDER BY c
	Unique  (cost=41.22..41.27 rows=10 width=121)
	  ->  Sort  (cost=41.22..41.24 rows=10 width=121)
	        Sort Key: c
	        ->  Index Scan using sbtest4_pkey on sbtest4  (cost=0.43..41.05 rows=10 width=121)
	              Index Cond: ((id >= 5906309) AND (id <= 5906318))

table 5 : explain SELECT DISTINCT c FROM sbtest5 WHERE id BETWEEN 9158414 AND 9158423 ORDER BY c
	Unique  (cost=40.56..40.61 rows=10 width=121)
	  ->  Sort  (cost=40.56..40.58 rows=10 width=121)
	        Sort Key: c
	        ->  Index Scan using sbtest5_pkey on sbtest5  (cost=0.43..40.39 rows=10 width=121)
	              Index Cond: ((id >= 9158414) AND (id <= 9158423))

table 6 : explain SELECT DISTINCT c FROM sbtest6 WHERE id BETWEEN 6432395 AND 6432404 ORDER BY c
	Unique  (cost=43.80..43.85 rows=11 width=121)
	  ->  Sort  (cost=43.80..43.82 rows=11 width=121)
	        Sort Key: c
	        ->  Index Scan using sbtest6_pkey on sbtest6  (cost=0.43..43.61 rows=11 width=121)
	              Index Cond: ((id >= 6432395) AND (id <= 6432404))

table 7 : explain SELECT DISTINCT c FROM sbtest7 WHERE id BETWEEN 5458851 AND 5458860 ORDER BY c
	Unique  (cost=39.89..39.94 rows=10 width=121)
	  ->  Sort  (cost=39.89..39.91 rows=10 width=121)
	        Sort Key: c
	        ->  Index Scan using sbtest7_pkey on sbtest7  (cost=0.43..39.72 rows=10 width=121)
	              Index Cond: ((id >= 5458851) AND (id <= 5458860))

table 8 : explain SELECT DISTINCT c FROM sbtest8 WHERE id BETWEEN 8142485 AND 8142494 ORDER BY c
	Unique  (cost=40.14..40.19 rows=10 width=121)
	  ->  Sort  (cost=40.14..40.17 rows=10 width=121)
	        Sort Key: c
	        ->  Index Scan using sbtest8_pkey on sbtest8  (cost=0.43..39.98 rows=10 width=121)
	              Index Cond: ((id >= 8142485) AND (id <= 8142494))

for: order_ranges
table 1 : explain SELECT c FROM sbtest1 WHERE id BETWEEN 3301929 AND 3301938 ORDER BY c
	Sort  (cost=41.13..41.15 rows=10 width=121)
	  Sort Key: c
	  ->  Index Scan using sbtest1_pkey on sbtest1  (cost=0.43..40.96 rows=10 width=121)
	        Index Cond: ((id >= 3301929) AND (id <= 3301938))

table 2 : explain SELECT c FROM sbtest2 WHERE id BETWEEN 148558 AND 148567 ORDER BY c
	Sort  (cost=41.09..41.12 rows=10 width=121)
	  Sort Key: c
	  ->  Index Scan using sbtest2_pkey on sbtest2  (cost=0.43..40.93 rows=10 width=121)
	        Index Cond: ((id >= 148558) AND (id <= 148567))

table 3 : explain SELECT c FROM sbtest3 WHERE id BETWEEN 8269906 AND 8269915 ORDER BY c
	Sort  (cost=37.73..37.75 rows=9 width=121)
	  Sort Key: c
	  ->  Index Scan using sbtest3_pkey on sbtest3  (cost=0.43..37.58 rows=9 width=121)
	        Index Cond: ((id >= 8269906) AND (id <= 8269915))

table 4 : explain SELECT c FROM sbtest4 WHERE id BETWEEN 8552155 AND 8552164 ORDER BY c
	Sort  (cost=44.86..44.89 rows=11 width=121)
	  Sort Key: c
	  ->  Index Scan using sbtest4_pkey on sbtest4  (cost=0.43..44.67 rows=11 width=121)
	        Index Cond: ((id >= 8552155) AND (id <= 8552164))

table 5 : explain SELECT c FROM sbtest5 WHERE id BETWEEN 6399102 AND 6399111 ORDER BY c
	Sort  (cost=36.99..37.01 rows=9 width=121)
	  Sort Key: c
	  ->  Index Scan using sbtest5_pkey on sbtest5  (cost=0.43..36.85 rows=9 width=121)
	        Index Cond: ((id >= 6399102) AND (id <= 6399111))

table 6 : explain SELECT c FROM sbtest6 WHERE id BETWEEN 6740193 AND 6740202 ORDER BY c
	Sort  (cost=43.80..43.82 rows=11 width=121)
	  Sort Key: c
	  ->  Index Scan using sbtest6_pkey on sbtest6  (cost=0.43..43.61 rows=11 width=121)
	        Index Cond: ((id >= 6740193) AND (id <= 6740202))

table 7 : explain SELECT c FROM sbtest7 WHERE id BETWEEN 6291373 AND 6291382 ORDER BY c
	Sort  (cost=39.89..39.91 rows=10 width=121)
	  Sort Key: c
	  ->  Index Scan using sbtest7_pkey on sbtest7  (cost=0.43..39.72 rows=10 width=121)
	        Index Cond: ((id >= 6291373) AND (id <= 6291382))

table 8 : explain SELECT c FROM sbtest8 WHERE id BETWEEN 3907222 AND 3907231 ORDER BY c
	Sort  (cost=40.14..40.17 rows=10 width=121)
	  Sort Key: c
	  ->  Index Scan using sbtest8_pkey on sbtest8  (cost=0.43..39.98 rows=10 width=121)
	        Index Cond: ((id >= 3907222) AND (id <= 3907231))

explain: for point_selects :: explain SELECT c FROM sbtest%u WHERE id=%u
explain: for point_selects :: explain SELECT c FROM sbtest%u WHERE id=%u
for point_selects
table 1 : explain SELECT c FROM sbtest1 WHERE id=1597196
	Index Scan using sbtest1_pkey on sbtest1  (cost=0.43..8.45 rows=1 width=121)
	  Index Cond: (id = 1597196)

table 2 : explain SELECT c FROM sbtest2 WHERE id=3885212
	Index Scan using sbtest2_pkey on sbtest2  (cost=0.43..8.45 rows=1 width=121)
	  Index Cond: (id = 3885212)

table 3 : explain SELECT c FROM sbtest3 WHERE id=9895443
	Index Scan using sbtest3_pkey on sbtest3  (cost=0.43..8.45 rows=1 width=121)
	  Index Cond: (id = 9895443)

table 4 : explain SELECT c FROM sbtest4 WHERE id=6038777
	Index Scan using sbtest4_pkey on sbtest4  (cost=0.43..8.45 rows=1 width=121)
	  Index Cond: (id = 6038777)

table 5 : explain SELECT c FROM sbtest5 WHERE id=5376115
	Index Scan using sbtest5_pkey on sbtest5  (cost=0.43..8.45 rows=1 width=121)
	  Index Cond: (id = 5376115)

table 6 : explain SELECT c FROM sbtest6 WHERE id=4485767
	Index Scan using sbtest6_pkey on sbtest6  (cost=0.43..8.45 rows=1 width=121)
	  Index Cond: (id = 4485767)

table 7 : explain SELECT c FROM sbtest7 WHERE id=6575272
	Index Scan using sbtest7_pkey on sbtest7  (cost=0.43..8.45 rows=1 width=121)
	  Index Cond: (id = 6575272)

table 8 : explain SELECT c FROM sbtest8 WHERE id=7472662
	Index Scan using sbtest8_pkey on sbtest8  (cost=0.43..8.45 rows=1 width=121)
	  Index Cond: (id = 7472662)

explain: for index_updates :: explain UPDATE sbtest%u SET k=k+1 WHERE id=%u
for: simple_ranges
table 1 : explain SELECT c FROM sbtest1 WHERE id BETWEEN 1162406 AND 1162415
	Index Scan using sbtest1_pkey on sbtest1  (cost=0.43..40.96 rows=10 width=121)
	  Index Cond: ((id >= 1162406) AND (id <= 1162415))

table 2 : explain SELECT c FROM sbtest2 WHERE id BETWEEN 748473 AND 748482
	Index Scan using sbtest2_pkey on sbtest2  (cost=0.43..40.93 rows=10 width=121)
	  Index Cond: ((id >= 748473) AND (id <= 748482))

table 3 : explain SELECT c FROM sbtest3 WHERE id BETWEEN 7319605 AND 7319614
	Index Scan using sbtest3_pkey on sbtest3  (cost=0.43..41.23 rows=10 width=121)
	  Index Cond: ((id >= 7319605) AND (id <= 7319614))

table 4 : explain SELECT c FROM sbtest4 WHERE id BETWEEN 7381466 AND 7381475
	Index Scan using sbtest4_pkey on sbtest4  (cost=0.43..41.05 rows=10 width=121)
	  Index Cond: ((id >= 7381466) AND (id <= 7381475))

table 5 : explain SELECT c FROM sbtest5 WHERE id BETWEEN 9802847 AND 9802856
	Index Scan using sbtest5_pkey on sbtest5  (cost=0.43..40.39 rows=10 width=121)
	  Index Cond: ((id >= 9802847) AND (id <= 9802856))

table 6 : explain SELECT c FROM sbtest6 WHERE id BETWEEN 4777588 AND 4777597
	Index Scan using sbtest6_pkey on sbtest6  (cost=0.43..40.09 rows=10 width=121)
	  Index Cond: ((id >= 4777588) AND (id <= 4777597))

table 7 : explain SELECT c FROM sbtest7 WHERE id BETWEEN 1852636 AND 1852645
	Index Scan using sbtest7_pkey on sbtest7  (cost=0.43..39.72 rows=10 width=121)
	  Index Cond: ((id >= 1852636) AND (id <= 1852645))

table 8 : explain SELECT c FROM sbtest8 WHERE id BETWEEN 9156531 AND 9156540
	Index Scan using sbtest8_pkey on sbtest8  (cost=0.43..39.98 rows=10 width=121)
	  Index Cond: ((id >= 9156531) AND (id <= 9156540))

for: order_ranges
table 1 : explain SELECT c FROM sbtest1 WHERE id BETWEEN 1356950 AND 1356959 ORDER BY c
	Sort  (cost=41.13..41.15 rows=10 width=121)
	  Sort Key: c
	  ->  Index Scan using sbtest1_pkey on sbtest1  (cost=0.43..40.96 rows=10 width=121)
	        Index Cond: ((id >= 1356950) AND (id <= 1356959))

table 2 : explain SELECT c FROM sbtest2 WHERE id BETWEEN 9409274 AND 9409283 ORDER BY c
	Sort  (cost=41.09..41.12 rows=10 width=121)
	  Sort Key: c
	  ->  Index Scan using sbtest2_pkey on sbtest2  (cost=0.43..40.93 rows=10 width=121)
	        Index Cond: ((id >= 9409274) AND (id <= 9409283))

table 3 : explain SELECT c FROM sbtest3 WHERE id BETWEEN 4220778 AND 4220787 ORDER BY c
	Sort  (cost=45.06..45.08 rows=11 width=121)
	  Sort Key: c
	  ->  Index Scan using sbtest3_pkey on sbtest3  (cost=0.43..44.87 rows=11 width=121)
	        Index Cond: ((id >= 4220778) AND (id <= 4220787))

table 4 : explain SELECT c FROM sbtest4 WHERE id BETWEEN 9553671 AND 9553680 ORDER BY c
	Sort  (cost=44.86..44.89 rows=11 width=121)
	  Sort Key: c
	  ->  Index Scan using sbtest4_pkey on sbtest4  (cost=0.43..44.67 rows=11 width=121)
	        Index Cond: ((id >= 9553671) AND (id <= 9553680))

table 5 : explain SELECT c FROM sbtest5 WHERE id BETWEEN 5489599 AND 5489608 ORDER BY c
	Sort  (cost=40.56..40.58 rows=10 width=121)
	  Sort Key: c
	  ->  Index Scan using sbtest5_pkey on sbtest5  (cost=0.43..40.39 rows=10 width=121)
	        Index Cond: ((id >= 5489599) AND (id <= 5489608))

table 6 : explain SELECT c FROM sbtest6 WHERE id BETWEEN 6754238 AND 6754247 ORDER BY c
	Sort  (cost=43.80..43.82 rows=11 width=121)
	  Sort Key: c
	  ->  Index Scan using sbtest6_pkey on sbtest6  (cost=0.43..43.61 rows=11 width=121)
	        Index Cond: ((id >= 6754238) AND (id <= 6754247))

table 7 : explain SELECT c FROM sbtest7 WHERE id BETWEEN 5934552 AND 5934561 ORDER BY c
	Sort  (cost=39.89..39.91 rows=10 width=121)
	  Sort Key: c
	  ->  Index Scan using sbtest7_pkey on sbtest7  (cost=0.43..39.72 rows=10 width=121)
	        Index Cond: ((id >= 5934552) AND (id <= 5934561))

table 8 : explain SELECT c FROM sbtest8 WHERE id BETWEEN 120214 AND 120223 ORDER BY c
	Sort  (cost=40.14..40.17 rows=10 width=121)
	  Sort Key: c
	  ->  Index Scan using sbtest8_pkey on sbtest8  (cost=0.43..39.98 rows=10 width=121)
	        Index Cond: ((id >= 120214) AND (id <= 120223))

for: sum_ranges
table 1 : explain SELECT SUM(k) FROM sbtest1 WHERE id BETWEEN 8690443 AND 8690452
	Aggregate  (cost=40.98..40.99 rows=1 width=8)
	  ->  Index Scan using sbtest1_pkey on sbtest1  (cost=0.43..40.96 rows=10 width=4)
	        Index Cond: ((id >= 8690443) AND (id <= 8690452))

table 2 : explain SELECT SUM(k) FROM sbtest2 WHERE id BETWEEN 1415300 AND 1415309
	Aggregate  (cost=44.56..44.57 rows=1 width=8)
	  ->  Index Scan using sbtest2_pkey on sbtest2  (cost=0.43..44.54 rows=11 width=4)
	        Index Cond: ((id >= 1415300) AND (id <= 1415309))

table 3 : explain SELECT SUM(k) FROM sbtest3 WHERE id BETWEEN 3339863 AND 3339872
	Aggregate  (cost=41.25..41.26 rows=1 width=8)
	  ->  Index Scan using sbtest3_pkey on sbtest3  (cost=0.43..41.23 rows=10 width=4)
	        Index Cond: ((id >= 3339863) AND (id <= 3339872))

table 4 : explain SELECT SUM(k) FROM sbtest4 WHERE id BETWEEN 1590519 AND 1590528
	Aggregate  (cost=41.08..41.09 rows=1 width=8)
	  ->  Index Scan using sbtest4_pkey on sbtest4  (cost=0.43..41.05 rows=10 width=4)
	        Index Cond: ((id >= 1590519) AND (id <= 1590528))

table 5 : explain SELECT SUM(k) FROM sbtest5 WHERE id BETWEEN 9143362 AND 9143371
	Aggregate  (cost=40.42..40.43 rows=1 width=8)
	  ->  Index Scan using sbtest5_pkey on sbtest5  (cost=0.43..40.39 rows=10 width=4)
	        Index Cond: ((id >= 9143362) AND (id <= 9143371))

table 6 : explain SELECT SUM(k) FROM sbtest6 WHERE id BETWEEN 5120233 AND 5120242
	Aggregate  (cost=40.12..40.13 rows=1 width=8)
	  ->  Index Scan using sbtest6_pkey on sbtest6  (cost=0.43..40.09 rows=10 width=4)
	        Index Cond: ((id >= 5120233) AND (id <= 5120242))

table 7 : explain SELECT SUM(k) FROM sbtest7 WHERE id BETWEEN 2583069 AND 2583078
	Aggregate  (cost=39.74..39.75 rows=1 width=8)
	  ->  Index Scan using sbtest7_pkey on sbtest7  (cost=0.43..39.72 rows=10 width=4)
	        Index Cond: ((id >= 2583069) AND (id <= 2583078))

table 8 : explain SELECT SUM(k) FROM sbtest8 WHERE id BETWEEN 300305 AND 300314
	Aggregate  (cost=40.00..40.01 rows=1 width=8)
	  ->  Index Scan using sbtest8_pkey on sbtest8  (cost=0.43..39.98 rows=10 width=4)
	        Index Cond: ((id >= 300305) AND (id <= 300314))

for: simple_ranges
table 1 : explain SELECT c FROM sbtest1 WHERE id BETWEEN 1838708 AND 1838717
	Index Scan using sbtest1_pkey on sbtest1  (cost=0.43..37.35 rows=9 width=121)
	  Index Cond: ((id >= 1838708) AND (id <= 1838717))

table 2 : explain SELECT c FROM sbtest2 WHERE id BETWEEN 7939166 AND 7939175
	Index Scan using sbtest2_pkey on sbtest2  (cost=0.43..40.93 rows=10 width=121)
	  Index Cond: ((id >= 7939166) AND (id <= 7939175))

table 3 : explain SELECT c FROM sbtest3 WHERE id BETWEEN 8359062 AND 8359071
	Index Scan using sbtest3_pkey on sbtest3  (cost=0.43..37.58 rows=9 width=121)
	  Index Cond: ((id >= 8359062) AND (id <= 8359071))

table 4 : explain SELECT c FROM sbtest4 WHERE id BETWEEN 3895917 AND 3895926
	Index Scan using sbtest4_pkey on sbtest4  (cost=0.43..41.05 rows=10 width=121)
	  Index Cond: ((id >= 3895917) AND (id <= 3895926))

table 5 : explain SELECT c FROM sbtest5 WHERE id BETWEEN 7930783 AND 7930792
	Index Scan using sbtest5_pkey on sbtest5  (cost=0.43..40.39 rows=10 width=121)
	  Index Cond: ((id >= 7930783) AND (id <= 7930792))

table 6 : explain SELECT c FROM sbtest6 WHERE id BETWEEN 5912013 AND 5912022
	Index Scan using sbtest6_pkey on sbtest6  (cost=0.43..40.09 rows=10 width=121)
	  Index Cond: ((id >= 5912013) AND (id <= 5912022))

table 7 : explain SELECT c FROM sbtest7 WHERE id BETWEEN 398281 AND 398290
	Index Scan using sbtest7_pkey on sbtest7  (cost=0.43..39.72 rows=10 width=121)
	  Index Cond: ((id >= 398281) AND (id <= 398290))

table 8 : explain SELECT c FROM sbtest8 WHERE id BETWEEN 7430297 AND 7430306
	Index Scan using sbtest8_pkey on sbtest8  (cost=0.43..39.98 rows=10 width=121)
	  Index Cond: ((id >= 7430297) AND (id <= 7430306))

for index_updates
table 1 : explain UPDATE sbtest1 SET k=k+1 WHERE id=1198989
	Update on sbtest1  (cost=0.43..8.46 rows=0 width=0)
	  ->  Index Scan using sbtest1_pkey on sbtest1  (cost=0.43..8.46 rows=1 width=10)
	        Index Cond: (id = 1198989)

table 2 : explain UPDATE sbtest2 SET k=k+1 WHERE id=295100
	Update on sbtest2  (cost=0.43..8.46 rows=0 width=0)
	  ->  Index Scan using sbtest2_pkey on sbtest2  (cost=0.43..8.46 rows=1 width=10)
	        Index Cond: (id = 295100)

table 3 : explain UPDATE sbtest3 SET k=k+1 WHERE id=9808159
	Update on sbtest3  (cost=0.43..8.46 rows=0 width=0)
	  ->  Index Scan using sbtest3_pkey on sbtest3  (cost=0.43..8.46 rows=1 width=10)
	        Index Cond: (id = 9808159)

table 4 : explain UPDATE sbtest4 SET k=k+1 WHERE id=7494399
	Update on sbtest4  (cost=0.43..8.46 rows=0 width=0)
	  ->  Index Scan using sbtest4_pkey on sbtest4  (cost=0.43..8.46 rows=1 width=10)
	        Index Cond: (id = 7494399)

table 5 : explain UPDATE sbtest5 SET k=k+1 WHERE id=8375033
	Update on sbtest5  (cost=0.43..8.46 rows=0 width=0)
	  ->  Index Scan using sbtest5_pkey on sbtest5  (cost=0.43..8.46 rows=1 width=10)
	        Index Cond: (id = 8375033)

table 6 : explain UPDATE sbtest6 SET k=k+1 WHERE id=4621329
	Update on sbtest6  (cost=0.43..8.46 rows=0 width=0)
	  ->  Index Scan using sbtest6_pkey on sbtest6  (cost=0.43..8.46 rows=1 width=10)
	        Index Cond: (id = 4621329)

table 7 : explain UPDATE sbtest7 SET k=k+1 WHERE id=6120445
	Update on sbtest7  (cost=0.43..8.46 rows=0 width=0)
	  ->  Index Scan using sbtest7_pkey on sbtest7  (cost=0.43..8.46 rows=1 width=10)
	        Index Cond: (id = 6120445)

table 8 : explain UPDATE sbtest8 SET k=k+1 WHERE id=8865053
	Update on sbtest8  (cost=0.43..8.46 rows=0 width=0)
	  ->  Index Scan using sbtest8_pkey on sbtest8  (cost=0.43..8.46 rows=1 width=10)
	        Index Cond: (id = 8865053)

for: order_ranges
table 1 : explain SELECT c FROM sbtest1 WHERE id BETWEEN 2391889 AND 2391898 ORDER BY c
	Sort  (cost=41.13..41.15 rows=10 width=121)
	  Sort Key: c
	  ->  Index Scan using sbtest1_pkey on sbtest1  (cost=0.43..40.96 rows=10 width=121)
	        Index Cond: ((id >= 2391889) AND (id <= 2391898))

table 2 : explain SELECT c FROM sbtest2 WHERE id BETWEEN 7664087 AND 7664096 ORDER BY c
	Sort  (cost=41.09..41.12 rows=10 width=121)
	  Sort Key: c
	  ->  Index Scan using sbtest2_pkey on sbtest2  (cost=0.43..40.93 rows=10 width=121)
	        Index Cond: ((id >= 7664087) AND (id <= 7664096))

table 3 : explain SELECT c FROM sbtest3 WHERE id BETWEEN 2315235 AND 2315244 ORDER BY c
	Sort  (cost=45.06..45.08 rows=11 width=121)
	  Sort Key: c
	  ->  Index Scan using sbtest3_pkey on sbtest3  (cost=0.43..44.87 rows=11 width=121)
	        Index Cond: ((id >= 2315235) AND (id <= 2315244))

table 4 : explain SELECT c FROM sbtest4 WHERE id BETWEEN 3923998 AND 3924007 ORDER BY c
	Sort  (cost=41.22..41.24 rows=10 width=121)
	  Sort Key: c
	  ->  Index Scan using sbtest4_pkey on sbtest4  (cost=0.43..41.05 rows=10 width=121)
	        Index Cond: ((id >= 3923998) AND (id <= 3924007))

table 5 : explain SELECT c FROM sbtest5 WHERE id BETWEEN 7449906 AND 7449915 ORDER BY c
	Sort  (cost=40.56..40.58 rows=10 width=121)
	  Sort Key: c
	  ->  Index Scan using sbtest5_pkey on sbtest5  (cost=0.43..40.39 rows=10 width=121)
	        Index Cond: ((id >= 7449906) AND (id <= 7449915))

table 6 : explain SELECT c FROM sbtest6 WHERE id BETWEEN 9311485 AND 9311494 ORDER BY c
	Sort  (cost=40.26..40.28 rows=10 width=121)
	  Sort Key: c
	  ->  Index Scan using sbtest6_pkey on sbtest6  (cost=0.43..40.09 rows=10 width=121)
	        Index Cond: ((id >= 9311485) AND (id <= 9311494))

table 7 : explain SELECT c FROM sbtest7 WHERE id BETWEEN 7552188 AND 7552197 ORDER BY c
	Sort  (cost=39.89..39.91 rows=10 width=121)
	  Sort Key: c
	  ->  Index Scan using sbtest7_pkey on sbtest7  (cost=0.43..39.72 rows=10 width=121)
	        Index Cond: ((id >= 7552188) AND (id <= 7552197))

table 8 : explain SELECT c FROM sbtest8 WHERE id BETWEEN 6916735 AND 6916744 ORDER BY c
	Sort  (cost=36.62..36.64 rows=9 width=121)
	  Sort Key: c
	  ->  Index Scan using sbtest8_pkey on sbtest8  (cost=0.43..36.47 rows=9 width=121)
	        Index Cond: ((id >= 6916735) AND (id <= 6916744))

for: distinct_ranges
table 1 : explain SELECT DISTINCT c FROM sbtest1 WHERE id BETWEEN 9457404 AND 9457413 ORDER BY c
	Unique  (cost=41.13..41.18 rows=10 width=121)
	  ->  Sort  (cost=41.13..41.15 rows=10 width=121)
	        Sort Key: c
	        ->  Index Scan using sbtest1_pkey on sbtest1  (cost=0.43..40.96 rows=10 width=121)
	              Index Cond: ((id >= 9457404) AND (id <= 9457413))

table 2 : explain SELECT DISTINCT c FROM sbtest2 WHERE id BETWEEN 1623139 AND 1623148 ORDER BY c
	Unique  (cost=41.09..41.14 rows=10 width=121)
	  ->  Sort  (cost=41.09..41.12 rows=10 width=121)
	        Sort Key: c
	        ->  Index Scan using sbtest2_pkey on sbtest2  (cost=0.43..40.93 rows=10 width=121)
	              Index Cond: ((id >= 1623139) AND (id <= 1623148))

table 3 : explain SELECT DISTINCT c FROM sbtest3 WHERE id BETWEEN 5627647 AND 5627656 ORDER BY c
	Unique  (cost=41.39..41.44 rows=10 width=121)
	  ->  Sort  (cost=41.39..41.42 rows=10 width=121)
	        Sort Key: c
	        ->  Index Scan using sbtest3_pkey on sbtest3  (cost=0.43..41.23 rows=10 width=121)
	              Index Cond: ((id >= 5627647) AND (id <= 5627656))

table 4 : explain SELECT DISTINCT c FROM sbtest4 WHERE id BETWEEN 7090669 AND 7090678 ORDER BY c
	Unique  (cost=44.86..44.92 rows=11 width=121)
	  ->  Sort  (cost=44.86..44.89 rows=11 width=121)
	        Sort Key: c
	        ->  Index Scan using sbtest4_pkey on sbtest4  (cost=0.43..44.67 rows=11 width=121)
	              Index Cond: ((id >= 7090669) AND (id <= 7090678))

table 5 : explain SELECT DISTINCT c FROM sbtest5 WHERE id BETWEEN 6168668 AND 6168677 ORDER BY c
	Unique  (cost=44.13..44.19 rows=11 width=121)
	  ->  Sort  (cost=44.13..44.16 rows=11 width=121)
	        Sort Key: c
	        ->  Index Scan using sbtest5_pkey on sbtest5  (cost=0.43..43.94 rows=11 width=121)
	              Index Cond: ((id >= 6168668) AND (id <= 6168677))

table 6 : explain SELECT DISTINCT c FROM sbtest6 WHERE id BETWEEN 6646306 AND 6646315 ORDER BY c
	Unique  (cost=40.26..40.31 rows=10 width=121)
	  ->  Sort  (cost=40.26..40.28 rows=10 width=121)
	        Sort Key: c
	        ->  Index Scan using sbtest6_pkey on sbtest6  (cost=0.43..40.09 rows=10 width=121)
	              Index Cond: ((id >= 6646306) AND (id <= 6646315))

table 7 : explain SELECT DISTINCT c FROM sbtest7 WHERE id BETWEEN 5261871 AND 5261880 ORDER BY c
	Unique  (cost=39.89..39.94 rows=10 width=121)
	  ->  Sort  (cost=39.89..39.91 rows=10 width=121)
	        Sort Key: c
	        ->  Index Scan using sbtest7_pkey on sbtest7  (cost=0.43..39.72 rows=10 width=121)
	              Index Cond: ((id >= 5261871) AND (id <= 5261880))

table 8 : explain SELECT DISTINCT c FROM sbtest8 WHERE id BETWEEN 2918755 AND 2918764 ORDER BY c
	Unique  (cost=43.67..43.72 rows=11 width=121)
	  ->  Sort  (cost=43.67..43.70 rows=11 width=121)
	        Sort Key: c
	        ->  Index Scan using sbtest8_pkey on sbtest8  (cost=0.43..43.48 rows=11 width=121)
	              Index Cond: ((id >= 2918755) AND (id <= 2918764))

for: distinct_ranges
table 1 : explain SELECT DISTINCT c FROM sbtest1 WHERE id BETWEEN 4708785 AND 4708794 ORDER BY c
	Unique  (cost=41.13..41.18 rows=10 width=121)
	  ->  Sort  (cost=41.13..41.15 rows=10 width=121)
	        Sort Key: c
	        ->  Index Scan using sbtest1_pkey on sbtest1  (cost=0.43..40.96 rows=10 width=121)
	              Index Cond: ((id >= 4708785) AND (id <= 4708794))

table 2 : explain SELECT DISTINCT c FROM sbtest2 WHERE id BETWEEN 1998020 AND 1998029 ORDER BY c
	Unique  (cost=41.09..41.14 rows=10 width=121)
	  ->  Sort  (cost=41.09..41.12 rows=10 width=121)
	        Sort Key: c
	        ->  Index Scan using sbtest2_pkey on sbtest2  (cost=0.43..40.93 rows=10 width=121)
	              Index Cond: ((id >= 1998020) AND (id <= 1998029))

table 3 : explain SELECT DISTINCT c FROM sbtest3 WHERE id BETWEEN 8368368 AND 8368377 ORDER BY c
	Unique  (cost=37.73..37.77 rows=9 width=121)
	  ->  Sort  (cost=37.73..37.75 rows=9 width=121)
	        Sort Key: c
	        ->  Index Scan using sbtest3_pkey on sbtest3  (cost=0.43..37.58 rows=9 width=121)
	              Index Cond: ((id >= 8368368) AND (id <= 8368377))

table 4 : explain SELECT DISTINCT c FROM sbtest4 WHERE id BETWEEN 6014850 AND 6014859 ORDER BY c
	Unique  (cost=37.57..37.62 rows=9 width=121)
	  ->  Sort  (cost=37.57..37.59 rows=9 width=121)
	        Sort Key: c
	        ->  Index Scan using sbtest4_pkey on sbtest4  (cost=0.43..37.43 rows=9 width=121)
	              Index Cond: ((id >= 6014850) AND (id <= 6014859))

table 5 : explain SELECT DISTINCT c FROM sbtest5 WHERE id BETWEEN 4310953 AND 4310962 ORDER BY c
	Unique  (cost=40.56..40.61 rows=10 width=121)
	  ->  Sort  (cost=40.56..40.58 rows=10 width=121)
	        Sort Key: c
	        ->  Index Scan using sbtest5_pkey on sbtest5  (cost=0.43..40.39 rows=10 width=121)
	              Index Cond: ((id >= 4310953) AND (id <= 4310962))

table 6 : explain SELECT DISTINCT c FROM sbtest6 WHERE id BETWEEN 679970 AND 679979 ORDER BY c
	Unique  (cost=40.26..40.31 rows=10 width=121)
	  ->  Sort  (cost=40.26..40.28 rows=10 width=121)
	        Sort Key: c
	        ->  Index Scan using sbtest6_pkey on sbtest6  (cost=0.43..40.09 rows=10 width=121)
	              Index Cond: ((id >= 679970) AND (id <= 679979))

table 7 : explain SELECT DISTINCT c FROM sbtest7 WHERE id BETWEEN 4284670 AND 4284679 ORDER BY c
	Unique  (cost=39.89..39.94 rows=10 width=121)
	  ->  Sort  (cost=39.89..39.91 rows=10 width=121)
	        Sort Key: c
	        ->  Index Scan using sbtest7_pkey on sbtest7  (cost=0.43..39.72 rows=10 width=121)
	              Index Cond: ((id >= 4284670) AND (id <= 4284679))

table 8 : explain SELECT DISTINCT c FROM sbtest8 WHERE id BETWEEN 5045101 AND 5045110 ORDER BY c
	Unique  (cost=43.67..43.72 rows=11 width=121)
	  ->  Sort  (cost=43.67..43.70 rows=11 width=121)
	        Sort Key: c
	        ->  Index Scan using sbtest8_pkey on sbtest8  (cost=0.43..43.48 rows=11 width=121)
	              Index Cond: ((id >= 5045101) AND (id <= 5045110))

for: simple_ranges
table 1 : explain SELECT c FROM sbtest1 WHERE id BETWEEN 1898551 AND 1898560
	Index Scan using sbtest1_pkey on sbtest1  (cost=0.43..37.35 rows=9 width=121)
	  Index Cond: ((id >= 1898551) AND (id <= 1898560))

table 2 : explain SELECT c FROM sbtest2 WHERE id BETWEEN 7748110 AND 7748119
	Index Scan using sbtest2_pkey on sbtest2  (cost=0.43..40.93 rows=10 width=121)
	  Index Cond: ((id >= 7748110) AND (id <= 7748119))

table 3 : explain SELECT c FROM sbtest3 WHERE id BETWEEN 1157542 AND 1157551
	Index Scan using sbtest3_pkey on sbtest3  (cost=0.43..37.58 rows=9 width=121)
	  Index Cond: ((id >= 1157542) AND (id <= 1157551))

table 4 : explain SELECT c FROM sbtest4 WHERE id BETWEEN 1439953 AND 1439962
	Index Scan using sbtest4_pkey on sbtest4  (cost=0.43..41.05 rows=10 width=121)
	  Index Cond: ((id >= 1439953) AND (id <= 1439962))

table 5 : explain SELECT c FROM sbtest5 WHERE id BETWEEN 3075109 AND 3075118
	Index Scan using sbtest5_pkey on sbtest5  (cost=0.43..36.85 rows=9 width=121)
	  Index Cond: ((id >= 3075109) AND (id <= 3075118))

table 6 : explain SELECT c FROM sbtest6 WHERE id BETWEEN 1414705 AND 1414714
	Index Scan using sbtest6_pkey on sbtest6  (cost=0.43..40.09 rows=10 width=121)
	  Index Cond: ((id >= 1414705) AND (id <= 1414714))

table 7 : explain SELECT c FROM sbtest7 WHERE id BETWEEN 4134159 AND 4134168
	Index Scan using sbtest7_pkey on sbtest7  (cost=0.43..43.19 rows=11 width=121)
	  Index Cond: ((id >= 4134159) AND (id <= 4134168))

table 8 : explain SELECT c FROM sbtest8 WHERE id BETWEEN 4904559 AND 4904568
	Index Scan using sbtest8_pkey on sbtest8  (cost=0.43..39.98 rows=10 width=121)
	  Index Cond: ((id >= 4904559) AND (id <= 4904568))

explain: for non_index_updates :: explain UPDATE sbtest%u SET c='foobar' WHERE id=%u
for: simple_ranges
table 1 : explain SELECT c FROM sbtest1 WHERE id BETWEEN 743085 AND 743094
	Index Scan using sbtest1_pkey on sbtest1  (cost=0.43..40.96 rows=10 width=121)
	  Index Cond: ((id >= 743085) AND (id <= 743094))

table 2 : explain SELECT c FROM sbtest2 WHERE id BETWEEN 8593297 AND 8593306
	Index Scan using sbtest2_pkey on sbtest2  (cost=0.43..40.93 rows=10 width=121)
	  Index Cond: ((id >= 8593297) AND (id <= 8593306))

table 3 : explain SELECT c FROM sbtest3 WHERE id BETWEEN 3780680 AND 3780689
	Index Scan using sbtest3_pkey on sbtest3  (cost=0.43..41.23 rows=10 width=121)
	  Index Cond: ((id >= 3780680) AND (id <= 3780689))

table 4 : explain SELECT c FROM sbtest4 WHERE id BETWEEN 793328 AND 793337
	Index Scan using sbtest4_pkey on sbtest4  (cost=0.43..41.05 rows=10 width=121)
	  Index Cond: ((id >= 793328) AND (id <= 793337))

table 5 : explain SELECT c FROM sbtest5 WHERE id BETWEEN 4117953 AND 4117962
	Index Scan using sbtest5_pkey on sbtest5  (cost=0.43..40.39 rows=10 width=121)
	  Index Cond: ((id >= 4117953) AND (id <= 4117962))

table 6 : explain SELECT c FROM sbtest6 WHERE id BETWEEN 1554596 AND 1554605
	Index Scan using sbtest6_pkey on sbtest6  (cost=0.43..40.09 rows=10 width=121)
	  Index Cond: ((id >= 1554596) AND (id <= 1554605))

table 7 : explain SELECT c FROM sbtest7 WHERE id BETWEEN 9145817 AND 9145826
	Index Scan using sbtest7_pkey on sbtest7  (cost=0.43..43.19 rows=11 width=121)
	  Index Cond: ((id >= 9145817) AND (id <= 9145826))

table 8 : explain SELECT c FROM sbtest8 WHERE id BETWEEN 1463000 AND 1463009
	Index Scan using sbtest8_pkey on sbtest8  (cost=0.43..43.48 rows=11 width=121)
	  Index Cond: ((id >= 1463000) AND (id <= 1463009))

explain: for index_updates :: explain UPDATE sbtest%u SET k=k+1 WHERE id=%u
explain: for index_updates :: explain UPDATE sbtest%u SET k=k+1 WHERE id=%u
for: sum_ranges
table 1 : explain SELECT SUM(k) FROM sbtest1 WHERE id BETWEEN 2042887 AND 2042896
	Aggregate  (cost=40.98..40.99 rows=1 width=8)
	  ->  Index Scan using sbtest1_pkey on sbtest1  (cost=0.43..40.96 rows=10 width=4)
	        Index Cond: ((id >= 2042887) AND (id <= 2042896))

table 2 : explain SELECT SUM(k) FROM sbtest2 WHERE id BETWEEN 5139089 AND 5139098
	Aggregate  (cost=40.95..40.96 rows=1 width=8)
	  ->  Index Scan using sbtest2_pkey on sbtest2  (cost=0.43..40.93 rows=10 width=4)
	        Index Cond: ((id >= 5139089) AND (id <= 5139098))

table 3 : explain SELECT SUM(k) FROM sbtest3 WHERE id BETWEEN 3935749 AND 3935758
	Aggregate  (cost=41.25..41.26 rows=1 width=8)
	  ->  Index Scan using sbtest3_pkey on sbtest3  (cost=0.43..41.23 rows=10 width=4)
	        Index Cond: ((id >= 3935749) AND (id <= 3935758))

table 4 : explain SELECT SUM(k) FROM sbtest4 WHERE id BETWEEN 2993215 AND 2993224
	Aggregate  (cost=41.08..41.09 rows=1 width=8)
	  ->  Index Scan using sbtest4_pkey on sbtest4  (cost=0.43..41.05 rows=10 width=4)
	        Index Cond: ((id >= 2993215) AND (id <= 2993224))

table 5 : explain SELECT SUM(k) FROM sbtest5 WHERE id BETWEEN 7001040 AND 7001049
	Aggregate  (cost=36.87..36.88 rows=1 width=8)
	  ->  Index Scan using sbtest5_pkey on sbtest5  (cost=0.43..36.85 rows=9 width=4)
	        Index Cond: ((id >= 7001040) AND (id <= 7001049))

table 6 : explain SELECT SUM(k) FROM sbtest6 WHERE id BETWEEN 9742673 AND 9742682
	Aggregate  (cost=40.12..40.13 rows=1 width=8)
	  ->  Index Scan using sbtest6_pkey on sbtest6  (cost=0.43..40.09 rows=10 width=4)
	        Index Cond: ((id >= 9742673) AND (id <= 9742682))

table 7 : explain SELECT SUM(k) FROM sbtest7 WHERE id BETWEEN 1598779 AND 1598788
	Aggregate  (cost=39.74..39.75 rows=1 width=8)
	  ->  Index Scan using sbtest7_pkey on sbtest7  (cost=0.43..39.72 rows=10 width=4)
	        Index Cond: ((id >= 1598779) AND (id <= 1598788))

table 8 : explain SELECT SUM(k) FROM sbtest8 WHERE id BETWEEN 217672 AND 217681
	Aggregate  (cost=40.00..40.01 rows=1 width=8)
	  ->  Index Scan using sbtest8_pkey on sbtest8  (cost=0.43..39.98 rows=10 width=4)
	        Index Cond: ((id >= 217672) AND (id <= 217681))

for non_index_updates
table 1 : explain UPDATE sbtest1 SET c='foobar' WHERE id=9726926
	Update on sbtest1  (cost=0.43..8.45 rows=0 width=0)
	  ->  Index Scan using sbtest1_pkey on sbtest1  (cost=0.43..8.45 rows=1 width=490)
	        Index Cond: (id = 9726926)

table 2 : explain UPDATE sbtest2 SET c='foobar' WHERE id=1876972
	Update on sbtest2  (cost=0.43..8.45 rows=0 width=0)
	  ->  Index Scan using sbtest2_pkey on sbtest2  (cost=0.43..8.45 rows=1 width=490)
	        Index Cond: (id = 1876972)

table 3 : explain UPDATE sbtest3 SET c='foobar' WHERE id=7841147
	Update on sbtest3  (cost=0.43..8.45 rows=0 width=0)
	  ->  Index Scan using sbtest3_pkey on sbtest3  (cost=0.43..8.45 rows=1 width=490)
	        Index Cond: (id = 7841147)

table 4 : explain UPDATE sbtest4 SET c='foobar' WHERE id=3034440
	Update on sbtest4  (cost=0.43..8.45 rows=0 width=0)
	  ->  Index Scan using sbtest4_pkey on sbtest4  (cost=0.43..8.45 rows=1 width=490)
	        Index Cond: (id = 3034440)

table 5 : explain UPDATE sbtest5 SET c='foobar' WHERE id=4409161
	Update on sbtest5  (cost=0.43..8.45 rows=0 width=0)
	  ->  Index Scan using sbtest5_pkey on sbtest5  (cost=0.43..8.45 rows=1 width=490)
	        Index Cond: (id = 4409161)

table 6 : explain UPDATE sbtest6 SET c='foobar' WHERE id=4455555
	Update on sbtest6  (cost=0.43..8.45 rows=0 width=0)
	  ->  Index Scan using sbtest6_pkey on sbtest6  (cost=0.43..8.45 rows=1 width=490)
	        Index Cond: (id = 4455555)

table 7 : explain UPDATE sbtest7 SET c='foobar' WHERE id=1086030
	Update on sbtest7  (cost=0.43..8.45 rows=0 width=0)
	  ->  Index Scan using sbtest7_pkey on sbtest7  (cost=0.43..8.45 rows=1 width=490)
	        Index Cond: (id = 1086030)

table 8 : explain UPDATE sbtest8 SET c='foobar' WHERE id=3114259
	Update on sbtest8  (cost=0.43..8.45 rows=0 width=0)
	  ->  Index Scan using sbtest8_pkey on sbtest8  (cost=0.43..8.45 rows=1 width=490)
	        Index Cond: (id = 3114259)

explain: for point_selects :: explain SELECT c FROM sbtest%u WHERE id=%u
for: distinct_ranges
table 1 : explain SELECT DISTINCT c FROM sbtest1 WHERE id BETWEEN 6161624 AND 6161633 ORDER BY c
	Unique  (cost=41.13..41.18 rows=10 width=121)
	  ->  Sort  (cost=41.13..41.15 rows=10 width=121)
	        Sort Key: c
	        ->  Index Scan using sbtest1_pkey on sbtest1  (cost=0.43..40.96 rows=10 width=121)
	              Index Cond: ((id >= 6161624) AND (id <= 6161633))

table 2 : explain SELECT DISTINCT c FROM sbtest2 WHERE id BETWEEN 9971916 AND 9971925 ORDER BY c
	Unique  (cost=41.09..41.14 rows=10 width=121)
	  ->  Sort  (cost=41.09..41.12 rows=10 width=121)
	        Sort Key: c
	        ->  Index Scan using sbtest2_pkey on sbtest2  (cost=0.43..40.93 rows=10 width=121)
	              Index Cond: ((id >= 9971916) AND (id <= 9971925))

table 3 : explain SELECT DISTINCT c FROM sbtest3 WHERE id BETWEEN 6269667 AND 6269676 ORDER BY c
	Unique  (cost=41.39..41.44 rows=10 width=121)
	  ->  Sort  (cost=41.39..41.42 rows=10 width=121)
	        Sort Key: c
	        ->  Index Scan using sbtest3_pkey on sbtest3  (cost=0.43..41.23 rows=10 width=121)
	              Index Cond: ((id >= 6269667) AND (id <= 6269676))

table 4 : explain SELECT DISTINCT c FROM sbtest4 WHERE id BETWEEN 3454776 AND 3454785 ORDER BY c
	Unique  (cost=41.22..41.27 rows=10 width=121)
	  ->  Sort  (cost=41.22..41.24 rows=10 width=121)
	        Sort Key: c
	        ->  Index Scan using sbtest4_pkey on sbtest4  (cost=0.43..41.05 rows=10 width=121)
	              Index Cond: ((id >= 3454776) AND (id <= 3454785))

table 5 : explain SELECT DISTINCT c FROM sbtest5 WHERE id BETWEEN 7268824 AND 7268833 ORDER BY c
	Unique  (cost=40.56..40.61 rows=10 width=121)
	  ->  Sort  (cost=40.56..40.58 rows=10 width=121)
	        Sort Key: c
	        ->  Index Scan using sbtest5_pkey on sbtest5  (cost=0.43..40.39 rows=10 width=121)
	              Index Cond: ((id >= 7268824) AND (id <= 7268833))

table 6 : explain SELECT DISTINCT c FROM sbtest6 WHERE id BETWEEN 177925 AND 177934 ORDER BY c
	Unique  (cost=40.26..40.31 rows=10 width=121)
	  ->  Sort  (cost=40.26..40.28 rows=10 width=121)
	        Sort Key: c
	        ->  Index Scan using sbtest6_pkey on sbtest6  (cost=0.43..40.09 rows=10 width=121)
	              Index Cond: ((id >= 177925) AND (id <= 177934))

table 7 : explain SELECT DISTINCT c FROM sbtest7 WHERE id BETWEEN 4551637 AND 4551646 ORDER BY c
	Unique  (cost=39.89..39.94 rows=10 width=121)
	  ->  Sort  (cost=39.89..39.91 rows=10 width=121)
	        Sort Key: c
	        ->  Index Scan using sbtest7_pkey on sbtest7  (cost=0.43..39.72 rows=10 width=121)
	              Index Cond: ((id >= 4551637) AND (id <= 4551646))

table 8 : explain SELECT DISTINCT c FROM sbtest8 WHERE id BETWEEN 562305 AND 562314 ORDER BY c
	Unique  (cost=40.14..40.19 rows=10 width=121)
	  ->  Sort  (cost=40.14..40.17 rows=10 width=121)
	        Sort Key: c
	        ->  Index Scan using sbtest8_pkey on sbtest8  (cost=0.43..39.98 rows=10 width=121)
	              Index Cond: ((id >= 562305) AND (id <= 562314))

for: sum_ranges
table 1 : explain SELECT SUM(k) FROM sbtest1 WHERE id BETWEEN 3046715 AND 3046724
	Aggregate  (cost=40.98..40.99 rows=1 width=8)
	  ->  Index Scan using sbtest1_pkey on sbtest1  (cost=0.43..40.96 rows=10 width=4)
	        Index Cond: ((id >= 3046715) AND (id <= 3046724))

table 2 : explain SELECT SUM(k) FROM sbtest2 WHERE id BETWEEN 3599087 AND 3599096
	Aggregate  (cost=44.56..44.57 rows=1 width=8)
	  ->  Index Scan using sbtest2_pkey on sbtest2  (cost=0.43..44.54 rows=11 width=4)
	        Index Cond: ((id >= 3599087) AND (id <= 3599096))

table 3 : explain SELECT SUM(k) FROM sbtest3 WHERE id BETWEEN 4941581 AND 4941590
	Aggregate  (cost=48.54..48.55 rows=1 width=8)
	  ->  Index Scan using sbtest3_pkey on sbtest3  (cost=0.43..48.51 rows=12 width=4)
	        Index Cond: ((id >= 4941581) AND (id <= 4941590))

table 4 : explain SELECT SUM(k) FROM sbtest4 WHERE id BETWEEN 1236386 AND 1236395
	Aggregate  (cost=41.08..41.09 rows=1 width=8)
	  ->  Index Scan using sbtest4_pkey on sbtest4  (cost=0.43..41.05 rows=10 width=4)
	        Index Cond: ((id >= 1236386) AND (id <= 1236395))

table 5 : explain SELECT SUM(k) FROM sbtest5 WHERE id BETWEEN 1348289 AND 1348298
	Aggregate  (cost=40.42..40.43 rows=1 width=8)
	  ->  Index Scan using sbtest5_pkey on sbtest5  (cost=0.43..40.39 rows=10 width=4)
	        Index Cond: ((id >= 1348289) AND (id <= 1348298))

table 6 : explain SELECT SUM(k) FROM sbtest6 WHERE id BETWEEN 2262149 AND 2262158
	Aggregate  (cost=40.12..40.13 rows=1 width=8)
	  ->  Index Scan using sbtest6_pkey on sbtest6  (cost=0.43..40.09 rows=10 width=4)
	        Index Cond: ((id >= 2262149) AND (id <= 2262158))

table 7 : explain SELECT SUM(k) FROM sbtest7 WHERE id BETWEEN 2261314 AND 2261323
	Aggregate  (cost=39.74..39.75 rows=1 width=8)
	  ->  Index Scan using sbtest7_pkey on sbtest7  (cost=0.43..39.72 rows=10 width=4)
	        Index Cond: ((id >= 2261314) AND (id <= 2261323))

table 8 : explain SELECT SUM(k) FROM sbtest8 WHERE id BETWEEN 3834322 AND 3834331
	Aggregate  (cost=40.00..40.01 rows=1 width=8)
	  ->  Index Scan using sbtest8_pkey on sbtest8  (cost=0.43..39.98 rows=10 width=4)
	        Index Cond: ((id >= 3834322) AND (id <= 3834331))

explain: for deletes :: explain DELETE FROM sbtest%u WHERE id=%u
for point_selects
table 1 : explain SELECT c FROM sbtest1 WHERE id=1535473
	Index Scan using sbtest1_pkey on sbtest1  (cost=0.43..8.45 rows=1 width=121)
	  Index Cond: (id = 1535473)

table 2 : explain SELECT c FROM sbtest2 WHERE id=3755846
	Index Scan using sbtest2_pkey on sbtest2  (cost=0.43..8.45 rows=1 width=121)
	  Index Cond: (id = 3755846)

table 3 : explain SELECT c FROM sbtest3 WHERE id=2908480
	Index Scan using sbtest3_pkey on sbtest3  (cost=0.43..8.45 rows=1 width=121)
	  Index Cond: (id = 2908480)

table 4 : explain SELECT c FROM sbtest4 WHERE id=4078892
	Index Scan using sbtest4_pkey on sbtest4  (cost=0.43..8.45 rows=1 width=121)
	  Index Cond: (id = 4078892)

table 5 : explain SELECT c FROM sbtest5 WHERE id=9150564
	Index Scan using sbtest5_pkey on sbtest5  (cost=0.43..8.45 rows=1 width=121)
	  Index Cond: (id = 9150564)

table 6 : explain SELECT c FROM sbtest6 WHERE id=145727
	Index Scan using sbtest6_pkey on sbtest6  (cost=0.43..8.45 rows=1 width=121)
	  Index Cond: (id = 145727)

table 7 : explain SELECT c FROM sbtest7 WHERE id=5437430
	Index Scan using sbtest7_pkey on sbtest7  (cost=0.43..8.45 rows=1 width=121)
	  Index Cond: (id = 5437430)

table 8 : explain SELECT c FROM sbtest8 WHERE id=1851993
	Index Scan using sbtest8_pkey on sbtest8  (cost=0.43..8.45 rows=1 width=121)
	  Index Cond: (id = 1851993)

for index_updates
table 1 : explain UPDATE sbtest1 SET k=k+1 WHERE id=7255133
	Update on sbtest1  (cost=0.43..8.46 rows=0 width=0)
	  ->  Index Scan using sbtest1_pkey on sbtest1  (cost=0.43..8.46 rows=1 width=10)
	        Index Cond: (id = 7255133)

table 2 : explain UPDATE sbtest2 SET k=k+1 WHERE id=2030493
	Update on sbtest2  (cost=0.43..8.46 rows=0 width=0)
	  ->  Index Scan using sbtest2_pkey on sbtest2  (cost=0.43..8.46 rows=1 width=10)
	        Index Cond: (id = 2030493)

table 3 : explain UPDATE sbtest3 SET k=k+1 WHERE id=5551617
	Update on sbtest3  (cost=0.43..8.46 rows=0 width=0)
	  ->  Index Scan using sbtest3_pkey on sbtest3  (cost=0.43..8.46 rows=1 width=10)
	        Index Cond: (id = 5551617)

table 4 : explain UPDATE sbtest4 SET k=k+1 WHERE id=9317327
	Update on sbtest4  (cost=0.43..8.46 rows=0 width=0)
	  ->  Index Scan using sbtest4_pkey on sbtest4  (cost=0.43..8.46 rows=1 width=10)
	        Index Cond: (id = 9317327)

table 5 : explain UPDATE sbtest5 SET k=k+1 WHERE id=7646032
	Update on sbtest5  (cost=0.43..8.46 rows=0 width=0)
	  ->  Index Scan using sbtest5_pkey on sbtest5  (cost=0.43..8.46 rows=1 width=10)
	        Index Cond: (id = 7646032)

table 6 : explain UPDATE sbtest6 SET k=k+1 WHERE id=1189373
	Update on sbtest6  (cost=0.43..8.46 rows=0 width=0)
	  ->  Index Scan using sbtest6_pkey on sbtest6  (cost=0.43..8.46 rows=1 width=10)
	        Index Cond: (id = 1189373)

table 7 : explain UPDATE sbtest7 SET k=k+1 WHERE id=7519779
	Update on sbtest7  (cost=0.43..8.46 rows=0 width=0)
	  ->  Index Scan using sbtest7_pkey on sbtest7  (cost=0.43..8.46 rows=1 width=10)
	        Index Cond: (id = 7519779)

table 8 : explain UPDATE sbtest8 SET k=k+1 WHERE id=3983232
	Update on sbtest8  (cost=0.43..8.46 rows=0 width=0)
	  ->  Index Scan using sbtest8_pkey on sbtest8  (cost=0.43..8.46 rows=1 width=10)
	        Index Cond: (id = 3983232)

for index_updates
table 1 : explain UPDATE sbtest1 SET k=k+1 WHERE id=9872146
	Update on sbtest1  (cost=0.43..8.46 rows=0 width=0)
	  ->  Index Scan using sbtest1_pkey on sbtest1  (cost=0.43..8.46 rows=1 width=10)
	        Index Cond: (id = 9872146)

table 2 : explain UPDATE sbtest2 SET k=k+1 WHERE id=9206504
	Update on sbtest2  (cost=0.43..8.46 rows=0 width=0)
	  ->  Index Scan using sbtest2_pkey on sbtest2  (cost=0.43..8.46 rows=1 width=10)
	        Index Cond: (id = 9206504)

table 3 : explain UPDATE sbtest3 SET k=k+1 WHERE id=7206679
	Update on sbtest3  (cost=0.43..8.46 rows=0 width=0)
	  ->  Index Scan using sbtest3_pkey on sbtest3  (cost=0.43..8.46 rows=1 width=10)
	        Index Cond: (id = 7206679)

table 4 : explain UPDATE sbtest4 SET k=k+1 WHERE id=9500293
	Update on sbtest4  (cost=0.43..8.46 rows=0 width=0)
	  ->  Index Scan using sbtest4_pkey on sbtest4  (cost=0.43..8.46 rows=1 width=10)
	        Index Cond: (id = 9500293)

table 5 : explain UPDATE sbtest5 SET k=k+1 WHERE id=115238
	Update on sbtest5  (cost=0.43..8.46 rows=0 width=0)
	  ->  Index Scan using sbtest5_pkey on sbtest5  (cost=0.43..8.46 rows=1 width=10)
	        Index Cond: (id = 115238)

table 6 : explain UPDATE sbtest6 SET k=k+1 WHERE id=275039
	Update on sbtest6  (cost=0.43..8.46 rows=0 width=0)
	  ->  Index Scan using sbtest6_pkey on sbtest6  (cost=0.43..8.46 rows=1 width=10)
	        Index Cond: (id = 275039)

table 7 : explain UPDATE sbtest7 SET k=k+1 WHERE id=7770181
	Update on sbtest7  (cost=0.43..8.46 rows=0 width=0)
	  ->  Index Scan using sbtest7_pkey on sbtest7  (cost=0.43..8.46 rows=1 width=10)
	        Index Cond: (id = 7770181)

table 8 : explain UPDATE sbtest8 SET k=k+1 WHERE id=6280831
	Update on sbtest8  (cost=0.43..8.46 rows=0 width=0)
	  ->  Index Scan using sbtest8_pkey on sbtest8  (cost=0.43..8.46 rows=1 width=10)
	        Index Cond: (id = 6280831)

for point_selects
table 1 : explain SELECT c FROM sbtest1 WHERE id=7318514
	Index Scan using sbtest1_pkey on sbtest1  (cost=0.43..8.45 rows=1 width=121)
	  Index Cond: (id = 7318514)

table 2 : explain SELECT c FROM sbtest2 WHERE id=1986046
	Index Scan using sbtest2_pkey on sbtest2  (cost=0.43..8.45 rows=1 width=121)
	  Index Cond: (id = 1986046)

table 3 : explain SELECT c FROM sbtest3 WHERE id=8840994
	Index Scan using sbtest3_pkey on sbtest3  (cost=0.43..8.45 rows=1 width=121)
	  Index Cond: (id = 8840994)

table 4 : explain SELECT c FROM sbtest4 WHERE id=5598968
	Index Scan using sbtest4_pkey on sbtest4  (cost=0.43..8.45 rows=1 width=121)
	  Index Cond: (id = 5598968)

table 5 : explain SELECT c FROM sbtest5 WHERE id=2935448
	Index Scan using sbtest5_pkey on sbtest5  (cost=0.43..8.45 rows=1 width=121)
	  Index Cond: (id = 2935448)

table 6 : explain SELECT c FROM sbtest6 WHERE id=8551250
	Index Scan using sbtest6_pkey on sbtest6  (cost=0.43..8.45 rows=1 width=121)
	  Index Cond: (id = 8551250)

table 7 : explain SELECT c FROM sbtest7 WHERE id=7163921
	Index Scan using sbtest7_pkey on sbtest7  (cost=0.43..8.45 rows=1 width=121)
	  Index Cond: (id = 7163921)

table 8 : explain SELECT c FROM sbtest8 WHERE id=204600
	Index Scan using sbtest8_pkey on sbtest8  (cost=0.43..8.45 rows=1 width=121)
	  Index Cond: (id = 204600)

explain: for index_updates :: explain UPDATE sbtest%u SET k=k+1 WHERE id=%u
for: sum_ranges
table 1 : explain SELECT SUM(k) FROM sbtest1 WHERE id BETWEEN 2183247 AND 2183256
	Aggregate  (cost=40.98..40.99 rows=1 width=8)
	  ->  Index Scan using sbtest1_pkey on sbtest1  (cost=0.43..40.96 rows=10 width=4)
	        Index Cond: ((id >= 2183247) AND (id <= 2183256))

table 2 : explain SELECT SUM(k) FROM sbtest2 WHERE id BETWEEN 7911467 AND 7911476
	Aggregate  (cost=40.95..40.96 rows=1 width=8)
	  ->  Index Scan using sbtest2_pkey on sbtest2  (cost=0.43..40.93 rows=10 width=4)
	        Index Cond: ((id >= 7911467) AND (id <= 7911476))

table 3 : explain SELECT SUM(k) FROM sbtest3 WHERE id BETWEEN 8420066 AND 8420075
	Aggregate  (cost=41.25..41.26 rows=1 width=8)
	  ->  Index Scan using sbtest3_pkey on sbtest3  (cost=0.43..41.23 rows=10 width=4)
	        Index Cond: ((id >= 8420066) AND (id <= 8420075))

table 4 : explain SELECT SUM(k) FROM sbtest4 WHERE id BETWEEN 2187469 AND 2187478
	Aggregate  (cost=41.08..41.09 rows=1 width=8)
	  ->  Index Scan using sbtest4_pkey on sbtest4  (cost=0.43..41.05 rows=10 width=4)
	        Index Cond: ((id >= 2187469) AND (id <= 2187478))

table 5 : explain SELECT SUM(k) FROM sbtest5 WHERE id BETWEEN 4546129 AND 4546138
	Aggregate  (cost=40.42..40.43 rows=1 width=8)
	  ->  Index Scan using sbtest5_pkey on sbtest5  (cost=0.43..40.39 rows=10 width=4)
	        Index Cond: ((id >= 4546129) AND (id <= 4546138))

table 6 : explain SELECT SUM(k) FROM sbtest6 WHERE id BETWEEN 9618686 AND 9618695
	Aggregate  (cost=40.12..40.13 rows=1 width=8)
	  ->  Index Scan using sbtest6_pkey on sbtest6  (cost=0.43..40.09 rows=10 width=4)
	        Index Cond: ((id >= 9618686) AND (id <= 9618695))

table 7 : explain SELECT SUM(k) FROM sbtest7 WHERE id BETWEEN 210445 AND 210454
	Aggregate  (cost=36.27..36.28 rows=1 width=8)
	  ->  Index Scan using sbtest7_pkey on sbtest7  (cost=0.43..36.25 rows=9 width=4)
	        Index Cond: ((id >= 210445) AND (id <= 210454))

table 8 : explain SELECT SUM(k) FROM sbtest8 WHERE id BETWEEN 2875999 AND 2876008
	Aggregate  (cost=40.00..40.01 rows=1 width=8)
	  ->  Index Scan using sbtest8_pkey on sbtest8  (cost=0.43..39.98 rows=10 width=4)
	        Index Cond: ((id >= 2875999) AND (id <= 2876008))

explain: for non_index_updates :: explain UPDATE sbtest%u SET c='foobar' WHERE id=%u
for deletes
table 1 : explain DELETE FROM sbtest1 WHERE id=9309892
	Delete on sbtest1  (cost=0.43..8.45 rows=0 width=0)
	  ->  Index Scan using sbtest1_pkey on sbtest1  (cost=0.43..8.45 rows=1 width=6)
	        Index Cond: (id = 9309892)

table 2 : explain DELETE FROM sbtest2 WHERE id=8945929
	Delete on sbtest2  (cost=0.43..8.45 rows=0 width=0)
	  ->  Index Scan using sbtest2_pkey on sbtest2  (cost=0.43..8.45 rows=1 width=6)
	        Index Cond: (id = 8945929)

table 3 : explain DELETE FROM sbtest3 WHERE id=3891014
	Delete on sbtest3  (cost=0.43..8.45 rows=0 width=0)
	  ->  Index Scan using sbtest3_pkey on sbtest3  (cost=0.43..8.45 rows=1 width=6)
	        Index Cond: (id = 3891014)

table 4 : explain DELETE FROM sbtest4 WHERE id=6475091
	Delete on sbtest4  (cost=0.43..8.45 rows=0 width=0)
	  ->  Index Scan using sbtest4_pkey on sbtest4  (cost=0.43..8.45 rows=1 width=6)
	        Index Cond: (id = 6475091)

table 5 : explain DELETE FROM sbtest5 WHERE id=632785
	Delete on sbtest5  (cost=0.43..8.45 rows=0 width=0)
	  ->  Index Scan using sbtest5_pkey on sbtest5  (cost=0.43..8.45 rows=1 width=6)
	        Index Cond: (id = 632785)

table 6 : explain DELETE FROM sbtest6 WHERE id=748078
	Delete on sbtest6  (cost=0.43..8.45 rows=0 width=0)
	  ->  Index Scan using sbtest6_pkey on sbtest6  (cost=0.43..8.45 rows=1 width=6)
	        Index Cond: (id = 748078)

table 7 : explain DELETE FROM sbtest7 WHERE id=4904680
	Delete on sbtest7  (cost=0.43..8.45 rows=0 width=0)
	  ->  Index Scan using sbtest7_pkey on sbtest7  (cost=0.43..8.45 rows=1 width=6)
	        Index Cond: (id = 4904680)

table 8 : explain DELETE FROM sbtest8 WHERE id=2018761
	Delete on sbtest8  (cost=0.43..8.45 rows=0 width=0)
	  ->  Index Scan using sbtest8_pkey on sbtest8  (cost=0.43..8.45 rows=1 width=6)
	        Index Cond: (id = 2018761)

explain: for point_selects :: explain SELECT c FROM sbtest%u WHERE id=%u
for index_updates
table 1 : explain UPDATE sbtest1 SET k=k+1 WHERE id=7955179
	Update on sbtest1  (cost=0.43..8.46 rows=0 width=0)
	  ->  Index Scan using sbtest1_pkey on sbtest1  (cost=0.43..8.46 rows=1 width=10)
	        Index Cond: (id = 7955179)

table 2 : explain UPDATE sbtest2 SET k=k+1 WHERE id=9000401
	Update on sbtest2  (cost=0.43..8.46 rows=0 width=0)
	  ->  Index Scan using sbtest2_pkey on sbtest2  (cost=0.43..8.46 rows=1 width=10)
	        Index Cond: (id = 9000401)

table 3 : explain UPDATE sbtest3 SET k=k+1 WHERE id=4351643
	Update on sbtest3  (cost=0.43..8.46 rows=0 width=0)
	  ->  Index Scan using sbtest3_pkey on sbtest3  (cost=0.43..8.46 rows=1 width=10)
	        Index Cond: (id = 4351643)

table 4 : explain UPDATE sbtest4 SET k=k+1 WHERE id=3330053
	Update on sbtest4  (cost=0.43..8.46 rows=0 width=0)
	  ->  Index Scan using sbtest4_pkey on sbtest4  (cost=0.43..8.46 rows=1 width=10)
	        Index Cond: (id = 3330053)

table 5 : explain UPDATE sbtest5 SET k=k+1 WHERE id=9007969
	Update on sbtest5  (cost=0.43..8.46 rows=0 width=0)
	  ->  Index Scan using sbtest5_pkey on sbtest5  (cost=0.43..8.46 rows=1 width=10)
	        Index Cond: (id = 9007969)

table 6 : explain UPDATE sbtest6 SET k=k+1 WHERE id=9912209
	Update on sbtest6  (cost=0.43..8.46 rows=0 width=0)
	  ->  Index Scan using sbtest6_pkey on sbtest6  (cost=0.43..8.46 rows=1 width=10)
	        Index Cond: (id = 9912209)

table 7 : explain UPDATE sbtest7 SET k=k+1 WHERE id=925867
	Update on sbtest7  (cost=0.43..8.46 rows=0 width=0)
	  ->  Index Scan using sbtest7_pkey on sbtest7  (cost=0.43..8.46 rows=1 width=10)
	        Index Cond: (id = 925867)

table 8 : explain UPDATE sbtest8 SET k=k+1 WHERE id=736703
	Update on sbtest8  (cost=0.43..8.46 rows=0 width=0)
	  ->  Index Scan using sbtest8_pkey on sbtest8  (cost=0.43..8.46 rows=1 width=10)
	        Index Cond: (id = 736703)

explain: for inserts :: explain INSERT INTO sbtest%u (id, k, c, pad) VALUES (%u, 13, 'foobar', 'foobar')
for: simple_ranges
table 1 : explain SELECT c FROM sbtest1 WHERE id BETWEEN 3822677 AND 3822686
	Index Scan using sbtest1_pkey on sbtest1  (cost=0.43..44.57 rows=11 width=121)
	  Index Cond: ((id >= 3822677) AND (id <= 3822686))

table 2 : explain SELECT c FROM sbtest2 WHERE id BETWEEN 300002 AND 300011
	Index Scan using sbtest2_pkey on sbtest2  (cost=0.43..40.93 rows=10 width=121)
	  Index Cond: ((id >= 300002) AND (id <= 300011))

table 3 : explain SELECT c FROM sbtest3 WHERE id BETWEEN 7105949 AND 7105958
	Index Scan using sbtest3_pkey on sbtest3  (cost=0.43..41.23 rows=10 width=121)
	  Index Cond: ((id >= 7105949) AND (id <= 7105958))

table 4 : explain SELECT c FROM sbtest4 WHERE id BETWEEN 7130915 AND 7130924
	Index Scan using sbtest4_pkey on sbtest4  (cost=0.43..41.05 rows=10 width=121)
	  Index Cond: ((id >= 7130915) AND (id <= 7130924))

table 5 : explain SELECT c FROM sbtest5 WHERE id BETWEEN 2088704 AND 2088713
	Index Scan using sbtest5_pkey on sbtest5  (cost=0.43..40.39 rows=10 width=121)
	  Index Cond: ((id >= 2088704) AND (id <= 2088713))

table 6 : explain SELECT c FROM sbtest6 WHERE id BETWEEN 4506035 AND 4506044
	Index Scan using sbtest6_pkey on sbtest6  (cost=0.43..43.61 rows=11 width=121)
	  Index Cond: ((id >= 4506035) AND (id <= 4506044))

table 7 : explain SELECT c FROM sbtest7 WHERE id BETWEEN 7006331 AND 7006340
	Index Scan using sbtest7_pkey on sbtest7  (cost=0.43..39.72 rows=10 width=121)
	  Index Cond: ((id >= 7006331) AND (id <= 7006340))

table 8 : explain SELECT c FROM sbtest8 WHERE id BETWEEN 4535112 AND 4535121
	Index Scan using sbtest8_pkey on sbtest8  (cost=0.43..39.98 rows=10 width=121)
	  Index Cond: ((id >= 4535112) AND (id <= 4535121))

for non_index_updates
table 1 : explain UPDATE sbtest1 SET c='foobar' WHERE id=2689452
	Update on sbtest1  (cost=0.43..8.45 rows=0 width=0)
	  ->  Index Scan using sbtest1_pkey on sbtest1  (cost=0.43..8.45 rows=1 width=490)
	        Index Cond: (id = 2689452)

table 2 : explain UPDATE sbtest2 SET c='foobar' WHERE id=5759525
	Update on sbtest2  (cost=0.43..8.45 rows=0 width=0)
	  ->  Index Scan using sbtest2_pkey on sbtest2  (cost=0.43..8.45 rows=1 width=490)
	        Index Cond: (id = 5759525)

table 3 : explain UPDATE sbtest3 SET c='foobar' WHERE id=5424517
	Update on sbtest3  (cost=0.43..8.45 rows=0 width=0)
	  ->  Index Scan using sbtest3_pkey on sbtest3  (cost=0.43..8.45 rows=1 width=490)
	        Index Cond: (id = 5424517)

table 4 : explain UPDATE sbtest4 SET c='foobar' WHERE id=2578723
	Update on sbtest4  (cost=0.43..8.45 rows=0 width=0)
	  ->  Index Scan using sbtest4_pkey on sbtest4  (cost=0.43..8.45 rows=1 width=490)
	        Index Cond: (id = 2578723)

table 5 : explain UPDATE sbtest5 SET c='foobar' WHERE id=1508147
	Update on sbtest5  (cost=0.43..8.45 rows=0 width=0)
	  ->  Index Scan using sbtest5_pkey on sbtest5  (cost=0.43..8.45 rows=1 width=490)
	        Index Cond: (id = 1508147)

table 6 : explain UPDATE sbtest6 SET c='foobar' WHERE id=5629440
	Update on sbtest6  (cost=0.43..8.45 rows=0 width=0)
	  ->  Index Scan using sbtest6_pkey on sbtest6  (cost=0.43..8.45 rows=1 width=490)
	        Index Cond: (id = 5629440)

table 7 : explain UPDATE sbtest7 SET c='foobar' WHERE id=5889664
	Update on sbtest7  (cost=0.43..8.45 rows=0 width=0)
	  ->  Index Scan using sbtest7_pkey on sbtest7  (cost=0.43..8.45 rows=1 width=490)
	        Index Cond: (id = 5889664)

table 8 : explain UPDATE sbtest8 SET c='foobar' WHERE id=5819616
	Update on sbtest8  (cost=0.43..8.45 rows=0 width=0)
	  ->  Index Scan using sbtest8_pkey on sbtest8  (cost=0.43..8.45 rows=1 width=490)
	        Index Cond: (id = 5819616)

for: order_ranges
table 1 : explain SELECT c FROM sbtest1 WHERE id BETWEEN 5950769 AND 5950778 ORDER BY c
	Sort  (cost=44.76..44.79 rows=11 width=121)
	  Sort Key: c
	  ->  Index Scan using sbtest1_pkey on sbtest1  (cost=0.43..44.57 rows=11 width=121)
	        Index Cond: ((id >= 5950769) AND (id <= 5950778))

table 2 : explain SELECT c FROM sbtest2 WHERE id BETWEEN 7296409 AND 7296418 ORDER BY c
	Sort  (cost=41.09..41.12 rows=10 width=121)
	  Sort Key: c
	  ->  Index Scan using sbtest2_pkey on sbtest2  (cost=0.43..40.93 rows=10 width=121)
	        Index Cond: ((id >= 7296409) AND (id <= 7296418))

table 3 : explain SELECT c FROM sbtest3 WHERE id BETWEEN 5417682 AND 5417691 ORDER BY c
	Sort  (cost=37.73..37.75 rows=9 width=121)
	  Sort Key: c
	  ->  Index Scan using sbtest3_pkey on sbtest3  (cost=0.43..37.58 rows=9 width=121)
	        Index Cond: ((id >= 5417682) AND (id <= 5417691))

table 4 : explain SELECT c FROM sbtest4 WHERE id BETWEEN 1432955 AND 1432964 ORDER BY c
	Sort  (cost=41.22..41.24 rows=10 width=121)
	  Sort Key: c
	  ->  Index Scan using sbtest4_pkey on sbtest4  (cost=0.43..41.05 rows=10 width=121)
	        Index Cond: ((id >= 1432955) AND (id <= 1432964))

table 5 : explain SELECT c FROM sbtest5 WHERE id BETWEEN 6643336 AND 6643345 ORDER BY c
	Sort  (cost=40.56..40.58 rows=10 width=121)
	  Sort Key: c
	  ->  Index Scan using sbtest5_pkey on sbtest5  (cost=0.43..40.39 rows=10 width=121)
	        Index Cond: ((id >= 6643336) AND (id <= 6643345))

table 6 : explain SELECT c FROM sbtest6 WHERE id BETWEEN 5727259 AND 5727268 ORDER BY c
	Sort  (cost=40.26..40.28 rows=10 width=121)
	  Sort Key: c
	  ->  Index Scan using sbtest6_pkey on sbtest6  (cost=0.43..40.09 rows=10 width=121)
	        Index Cond: ((id >= 5727259) AND (id <= 5727268))

table 7 : explain SELECT c FROM sbtest7 WHERE id BETWEEN 2335599 AND 2335608 ORDER BY c
	Sort  (cost=39.89..39.91 rows=10 width=121)
	  Sort Key: c
	  ->  Index Scan using sbtest7_pkey on sbtest7  (cost=0.43..39.72 rows=10 width=121)
	        Index Cond: ((id >= 2335599) AND (id <= 2335608))

table 8 : explain SELECT c FROM sbtest8 WHERE id BETWEEN 2406173 AND 2406182 ORDER BY c
	Sort  (cost=40.14..40.17 rows=10 width=121)
	  Sort Key: c
	  ->  Index Scan using sbtest8_pkey on sbtest8  (cost=0.43..39.98 rows=10 width=121)
	        Index Cond: ((id >= 2406173) AND (id <= 2406182))

for: simple_ranges
table 1 : explain SELECT c FROM sbtest1 WHERE id BETWEEN 4598183 AND 4598192
	Index Scan using sbtest1_pkey on sbtest1  (cost=0.43..40.96 rows=10 width=121)
	  Index Cond: ((id >= 4598183) AND (id <= 4598192))

table 2 : explain SELECT c FROM sbtest2 WHERE id BETWEEN 4866303 AND 4866312
	Index Scan using sbtest2_pkey on sbtest2  (cost=0.43..44.54 rows=11 width=121)
	  Index Cond: ((id >= 4866303) AND (id <= 4866312))

table 3 : explain SELECT c FROM sbtest3 WHERE id BETWEEN 3617742 AND 3617751
	Index Scan using sbtest3_pkey on sbtest3  (cost=0.43..41.23 rows=10 width=121)
	  Index Cond: ((id >= 3617742) AND (id <= 3617751))

table 4 : explain SELECT c FROM sbtest4 WHERE id BETWEEN 7215175 AND 7215184
	Index Scan using sbtest4_pkey on sbtest4  (cost=0.43..41.05 rows=10 width=121)
	  Index Cond: ((id >= 7215175) AND (id <= 7215184))

table 5 : explain SELECT c FROM sbtest5 WHERE id BETWEEN 2880657 AND 2880666
	Index Scan using sbtest5_pkey on sbtest5  (cost=0.43..36.85 rows=9 width=121)
	  Index Cond: ((id >= 2880657) AND (id <= 2880666))

table 6 : explain SELECT c FROM sbtest6 WHERE id BETWEEN 2495514 AND 2495523
	Index Scan using sbtest6_pkey on sbtest6  (cost=0.43..40.09 rows=10 width=121)
	  Index Cond: ((id >= 2495514) AND (id <= 2495523))

table 7 : explain SELECT c FROM sbtest7 WHERE id BETWEEN 2351429 AND 2351438
	Index Scan using sbtest7_pkey on sbtest7  (cost=0.43..39.72 rows=10 width=121)
	  Index Cond: ((id >= 2351429) AND (id <= 2351438))

table 8 : explain SELECT c FROM sbtest8 WHERE id BETWEEN 7698874 AND 7698883
	Index Scan using sbtest8_pkey on sbtest8  (cost=0.43..39.98 rows=10 width=121)
	  Index Cond: ((id >= 7698874) AND (id <= 7698883))

for: order_ranges
table 1 : explain SELECT c FROM sbtest1 WHERE id BETWEEN 7498161 AND 7498170 ORDER BY c
	Sort  (cost=37.49..37.51 rows=9 width=121)
	  Sort Key: c
	  ->  Index Scan using sbtest1_pkey on sbtest1  (cost=0.43..37.35 rows=9 width=121)
	        Index Cond: ((id >= 7498161) AND (id <= 7498170))

table 2 : explain SELECT c FROM sbtest2 WHERE id BETWEEN 9370615 AND 9370624 ORDER BY c
	Sort  (cost=41.09..41.12 rows=10 width=121)
	  Sort Key: c
	  ->  Index Scan using sbtest2_pkey on sbtest2  (cost=0.43..40.93 rows=10 width=121)
	        Index Cond: ((id >= 9370615) AND (id <= 9370624))

table 3 : explain SELECT c FROM sbtest3 WHERE id BETWEEN 346277 AND 346286 ORDER BY c
	Sort  (cost=41.39..41.42 rows=10 width=121)
	  Sort Key: c
	  ->  Index Scan using sbtest3_pkey on sbtest3  (cost=0.43..41.23 rows=10 width=121)
	        Index Cond: ((id >= 346277) AND (id <= 346286))

table 4 : explain SELECT c FROM sbtest4 WHERE id BETWEEN 1361495 AND 1361504 ORDER BY c
	Sort  (cost=41.22..41.24 rows=10 width=121)
	  Sort Key: c
	  ->  Index Scan using sbtest4_pkey on sbtest4  (cost=0.43..41.05 rows=10 width=121)
	        Index Cond: ((id >= 1361495) AND (id <= 1361504))

table 5 : explain SELECT c FROM sbtest5 WHERE id BETWEEN 8615911 AND 8615920 ORDER BY c
	Sort  (cost=40.56..40.58 rows=10 width=121)
	  Sort Key: c
	  ->  Index Scan using sbtest5_pkey on sbtest5  (cost=0.43..40.39 rows=10 width=121)
	        Index Cond: ((id >= 8615911) AND (id <= 8615920))

table 6 : explain SELECT c FROM sbtest6 WHERE id BETWEEN 7308076 AND 7308085 ORDER BY c
	Sort  (cost=40.26..40.28 rows=10 width=121)
	  Sort Key: c
	  ->  Index Scan using sbtest6_pkey on sbtest6  (cost=0.43..40.09 rows=10 width=121)
	        Index Cond: ((id >= 7308076) AND (id <= 7308085))

table 7 : explain SELECT c FROM sbtest7 WHERE id BETWEEN 1331334 AND 1331343 ORDER BY c
	Sort  (cost=39.89..39.91 rows=10 width=121)
	  Sort Key: c
	  ->  Index Scan using sbtest7_pkey on sbtest7  (cost=0.43..39.72 rows=10 width=121)
	        Index Cond: ((id >= 1331334) AND (id <= 1331343))

table 8 : explain SELECT c FROM sbtest8 WHERE id BETWEEN 8573655 AND 8573664 ORDER BY c
	Sort  (cost=43.67..43.70 rows=11 width=121)
	  Sort Key: c
	  ->  Index Scan using sbtest8_pkey on sbtest8  (cost=0.43..43.48 rows=11 width=121)
	        Index Cond: ((id >= 8573655) AND (id <= 8573664))

explain: for point_selects :: explain SELECT c FROM sbtest%u WHERE id=%u
explain: for non_index_updates :: explain UPDATE sbtest%u SET c='foobar' WHERE id=%u
for inserts
table 1 : explain INSERT INTO sbtest1 (id, k, c, pad) VALUES (3514124, 13, 'foobar', 'foobar')
	Insert on sbtest1  (cost=0.00..0.01 rows=0 width=0)
	  ->  Result  (cost=0.00..0.01 rows=1 width=736)

table 2 : explain INSERT INTO sbtest2 (id, k, c, pad) VALUES (5165774, 13, 'foobar', 'foobar')
	Insert on sbtest2  (cost=0.00..0.01 rows=0 width=0)
	  ->  Result  (cost=0.00..0.01 rows=1 width=736)

table 3 : explain INSERT INTO sbtest3 (id, k, c, pad) VALUES (5971747, 13, 'foobar', 'foobar')
	Insert on sbtest3  (cost=0.00..0.01 rows=0 width=0)
	  ->  Result  (cost=0.00..0.01 rows=1 width=736)

table 4 : explain INSERT INTO sbtest4 (id, k, c, pad) VALUES (4956919, 13, 'foobar', 'foobar')
	Insert on sbtest4  (cost=0.00..0.01 rows=0 width=0)
	  ->  Result  (cost=0.00..0.01 rows=1 width=736)

table 5 : explain INSERT INTO sbtest5 (id, k, c, pad) VALUES (859885, 13, 'foobar', 'foobar')
	Insert on sbtest5  (cost=0.00..0.01 rows=0 width=0)
	  ->  Result  (cost=0.00..0.01 rows=1 width=736)

table 6 : explain INSERT INTO sbtest6 (id, k, c, pad) VALUES (4946732, 13, 'foobar', 'foobar')
	Insert on sbtest6  (cost=0.00..0.01 rows=0 width=0)
	  ->  Result  (cost=0.00..0.01 rows=1 width=736)

table 7 : explain INSERT INTO sbtest7 (id, k, c, pad) VALUES (4095447, 13, 'foobar', 'foobar')
	Insert on sbtest7  (cost=0.00..0.01 rows=0 width=0)
	  ->  Result  (cost=0.00..0.01 rows=1 width=736)

table 8 : explain INSERT INTO sbtest8 (id, k, c, pad) VALUES (4396150, 13, 'foobar', 'foobar')
	Insert on sbtest8  (cost=0.00..0.01 rows=0 width=0)
	  ->  Result  (cost=0.00..0.01 rows=1 width=736)

explain: for deletes :: explain DELETE FROM sbtest%u WHERE id=%u
for: sum_ranges
table 1 : explain SELECT SUM(k) FROM sbtest1 WHERE id BETWEEN 9737454 AND 9737463
	Aggregate  (cost=40.98..40.99 rows=1 width=8)
	  ->  Index Scan using sbtest1_pkey on sbtest1  (cost=0.43..40.96 rows=10 width=4)
	        Index Cond: ((id >= 9737454) AND (id <= 9737463))

table 2 : explain SELECT SUM(k) FROM sbtest2 WHERE id BETWEEN 7768728 AND 7768737
	Aggregate  (cost=40.95..40.96 rows=1 width=8)
	  ->  Index Scan using sbtest2_pkey on sbtest2  (cost=0.43..40.93 rows=10 width=4)
	        Index Cond: ((id >= 7768728) AND (id <= 7768737))

table 3 : explain SELECT SUM(k) FROM sbtest3 WHERE id BETWEEN 6640802 AND 6640811
	Aggregate  (cost=44.89..44.90 rows=1 width=8)
	  ->  Index Scan using sbtest3_pkey on sbtest3  (cost=0.43..44.87 rows=11 width=4)
	        Index Cond: ((id >= 6640802) AND (id <= 6640811))

table 4 : explain SELECT SUM(k) FROM sbtest4 WHERE id BETWEEN 435022 AND 435031
	Aggregate  (cost=41.08..41.09 rows=1 width=8)
	  ->  Index Scan using sbtest4_pkey on sbtest4  (cost=0.43..41.05 rows=10 width=4)
	        Index Cond: ((id >= 435022) AND (id <= 435031))

table 5 : explain SELECT SUM(k) FROM sbtest5 WHERE id BETWEEN 362051 AND 362060
	Aggregate  (cost=43.97..43.98 rows=1 width=8)
	  ->  Index Scan using sbtest5_pkey on sbtest5  (cost=0.43..43.94 rows=11 width=4)
	        Index Cond: ((id >= 362051) AND (id <= 362060))

table 6 : explain SELECT SUM(k) FROM sbtest6 WHERE id BETWEEN 5604781 AND 5604790
	Aggregate  (cost=40.12..40.13 rows=1 width=8)
	  ->  Index Scan using sbtest6_pkey on sbtest6  (cost=0.43..40.09 rows=10 width=4)
	        Index Cond: ((id >= 5604781) AND (id <= 5604790))

table 7 : explain SELECT SUM(k) FROM sbtest7 WHERE id BETWEEN 5806018 AND 5806027
	Aggregate  (cost=39.74..39.75 rows=1 width=8)
	  ->  Index Scan using sbtest7_pkey on sbtest7  (cost=0.43..39.72 rows=10 width=4)
	        Index Cond: ((id >= 5806018) AND (id <= 5806027))

table 8 : explain SELECT SUM(k) FROM sbtest8 WHERE id BETWEEN 9768856 AND 9768865
	Aggregate  (cost=40.00..40.01 rows=1 width=8)
	  ->  Index Scan using sbtest8_pkey on sbtest8  (cost=0.43..39.98 rows=10 width=4)
	        Index Cond: ((id >= 9768856) AND (id <= 9768865))

for: order_ranges
table 1 : explain SELECT c FROM sbtest1 WHERE id BETWEEN 5268427 AND 5268436 ORDER BY c
	Sort  (cost=44.76..44.79 rows=11 width=121)
	  Sort Key: c
	  ->  Index Scan using sbtest1_pkey on sbtest1  (cost=0.43..44.57 rows=11 width=121)
	        Index Cond: ((id >= 5268427) AND (id <= 5268436))

table 2 : explain SELECT c FROM sbtest2 WHERE id BETWEEN 9361937 AND 9361946 ORDER BY c
	Sort  (cost=41.09..41.12 rows=10 width=121)
	  Sort Key: c
	  ->  Index Scan using sbtest2_pkey on sbtest2  (cost=0.43..40.93 rows=10 width=121)
	        Index Cond: ((id >= 9361937) AND (id <= 9361946))

table 3 : explain SELECT c FROM sbtest3 WHERE id BETWEEN 2267377 AND 2267386 ORDER BY c
	Sort  (cost=37.73..37.75 rows=9 width=121)
	  Sort Key: c
	  ->  Index Scan using sbtest3_pkey on sbtest3  (cost=0.43..37.58 rows=9 width=121)
	        Index Cond: ((id >= 2267377) AND (id <= 2267386))

table 4 : explain SELECT c FROM sbtest4 WHERE id BETWEEN 8319632 AND 8319641 ORDER BY c
	Sort  (cost=41.22..41.24 rows=10 width=121)
	  Sort Key: c
	  ->  Index Scan using sbtest4_pkey on sbtest4  (cost=0.43..41.05 rows=10 width=121)
	        Index Cond: ((id >= 8319632) AND (id <= 8319641))

table 5 : explain SELECT c FROM sbtest5 WHERE id BETWEEN 665712 AND 665721 ORDER BY c
	Sort  (cost=40.56..40.58 rows=10 width=121)
	  Sort Key: c
	  ->  Index Scan using sbtest5_pkey on sbtest5  (cost=0.43..40.39 rows=10 width=121)
	        Index Cond: ((id >= 665712) AND (id <= 665721))

table 6 : explain SELECT c FROM sbtest6 WHERE id BETWEEN 7645651 AND 7645660 ORDER BY c
	Sort  (cost=40.26..40.28 rows=10 width=121)
	  Sort Key: c
	  ->  Index Scan using sbtest6_pkey on sbtest6  (cost=0.43..40.09 rows=10 width=121)
	        Index Cond: ((id >= 7645651) AND (id <= 7645660))

table 7 : explain SELECT c FROM sbtest7 WHERE id BETWEEN 8931506 AND 8931515 ORDER BY c
	Sort  (cost=39.89..39.91 rows=10 width=121)
	  Sort Key: c
	  ->  Index Scan using sbtest7_pkey on sbtest7  (cost=0.43..39.72 rows=10 width=121)
	        Index Cond: ((id >= 8931506) AND (id <= 8931515))

table 8 : explain SELECT c FROM sbtest8 WHERE id BETWEEN 5297119 AND 5297128 ORDER BY c
	Sort  (cost=43.67..43.70 rows=11 width=121)
	  Sort Key: c
	  ->  Index Scan using sbtest8_pkey on sbtest8  (cost=0.43..43.48 rows=11 width=121)
	        Index Cond: ((id >= 5297119) AND (id <= 5297128))

for non_index_updates
table 1 : explain UPDATE sbtest1 SET c='foobar' WHERE id=3215626
	Update on sbtest1  (cost=0.43..8.45 rows=0 width=0)
	  ->  Index Scan using sbtest1_pkey on sbtest1  (cost=0.43..8.45 rows=1 width=490)
	        Index Cond: (id = 3215626)

table 2 : explain UPDATE sbtest2 SET c='foobar' WHERE id=2875193
	Update on sbtest2  (cost=0.43..8.45 rows=0 width=0)
	  ->  Index Scan using sbtest2_pkey on sbtest2  (cost=0.43..8.45 rows=1 width=490)
	        Index Cond: (id = 2875193)

table 3 : explain UPDATE sbtest3 SET c='foobar' WHERE id=6485778
	Update on sbtest3  (cost=0.43..8.45 rows=0 width=0)
	  ->  Index Scan using sbtest3_pkey on sbtest3  (cost=0.43..8.45 rows=1 width=490)
	        Index Cond: (id = 6485778)

table 4 : explain UPDATE sbtest4 SET c='foobar' WHERE id=4038857
	Update on sbtest4  (cost=0.43..8.45 rows=0 width=0)
	  ->  Index Scan using sbtest4_pkey on sbtest4  (cost=0.43..8.45 rows=1 width=490)
	        Index Cond: (id = 4038857)

table 5 : explain UPDATE sbtest5 SET c='foobar' WHERE id=5028586
	Update on sbtest5  (cost=0.43..8.45 rows=0 width=0)
	  ->  Index Scan using sbtest5_pkey on sbtest5  (cost=0.43..8.45 rows=1 width=490)
	        Index Cond: (id = 5028586)

table 6 : explain UPDATE sbtest6 SET c='foobar' WHERE id=671789
	Update on sbtest6  (cost=0.43..8.45 rows=0 width=0)
	  ->  Index Scan using sbtest6_pkey on sbtest6  (cost=0.43..8.45 rows=1 width=490)
	        Index Cond: (id = 671789)

table 7 : explain UPDATE sbtest7 SET c='foobar' WHERE id=3969808
	Update on sbtest7  (cost=0.43..8.45 rows=0 width=0)
	  ->  Index Scan using sbtest7_pkey on sbtest7  (cost=0.43..8.45 rows=1 width=490)
	        Index Cond: (id = 3969808)

table 8 : explain UPDATE sbtest8 SET c='foobar' WHERE id=4362979
	Update on sbtest8  (cost=0.43..8.45 rows=0 width=0)
	  ->  Index Scan using sbtest8_pkey on sbtest8  (cost=0.43..8.45 rows=1 width=490)
	        Index Cond: (id = 4362979)

explain: for deletes :: explain DELETE FROM sbtest%u WHERE id=%u
for: sum_ranges
table 1 : explain SELECT SUM(k) FROM sbtest1 WHERE id BETWEEN 3616818 AND 3616827
	Aggregate  (cost=40.98..40.99 rows=1 width=8)
	  ->  Index Scan using sbtest1_pkey on sbtest1  (cost=0.43..40.96 rows=10 width=4)
	        Index Cond: ((id >= 3616818) AND (id <= 3616827))

table 2 : explain SELECT SUM(k) FROM sbtest2 WHERE id BETWEEN 5767634 AND 5767643
	Aggregate  (cost=40.95..40.96 rows=1 width=8)
	  ->  Index Scan using sbtest2_pkey on sbtest2  (cost=0.43..40.93 rows=10 width=4)
	        Index Cond: ((id >= 5767634) AND (id <= 5767643))

table 3 : explain SELECT SUM(k) FROM sbtest3 WHERE id BETWEEN 9635784 AND 9635793
	Aggregate  (cost=41.25..41.26 rows=1 width=8)
	  ->  Index Scan using sbtest3_pkey on sbtest3  (cost=0.43..41.23 rows=10 width=4)
	        Index Cond: ((id >= 9635784) AND (id <= 9635793))

table 4 : explain SELECT SUM(k) FROM sbtest4 WHERE id BETWEEN 2885018 AND 2885027
	Aggregate  (cost=44.70..44.71 rows=1 width=8)
	  ->  Index Scan using sbtest4_pkey on sbtest4  (cost=0.43..44.67 rows=11 width=4)
	        Index Cond: ((id >= 2885018) AND (id <= 2885027))

table 5 : explain SELECT SUM(k) FROM sbtest5 WHERE id BETWEEN 2241662 AND 2241671
	Aggregate  (cost=40.42..40.43 rows=1 width=8)
	  ->  Index Scan using sbtest5_pkey on sbtest5  (cost=0.43..40.39 rows=10 width=4)
	        Index Cond: ((id >= 2241662) AND (id <= 2241671))

table 6 : explain SELECT SUM(k) FROM sbtest6 WHERE id BETWEEN 4228397 AND 4228406
	Aggregate  (cost=40.12..40.13 rows=1 width=8)
	  ->  Index Scan using sbtest6_pkey on sbtest6  (cost=0.43..40.09 rows=10 width=4)
	        Index Cond: ((id >= 4228397) AND (id <= 4228406))

table 7 : explain SELECT SUM(k) FROM sbtest7 WHERE id BETWEEN 5441981 AND 5441990
	Aggregate  (cost=39.74..39.75 rows=1 width=8)
	  ->  Index Scan using sbtest7_pkey on sbtest7  (cost=0.43..39.72 rows=10 width=4)
	        Index Cond: ((id >= 5441981) AND (id <= 5441990))

table 8 : explain SELECT SUM(k) FROM sbtest8 WHERE id BETWEEN 6427751 AND 6427760
	Aggregate  (cost=40.00..40.01 rows=1 width=8)
	  ->  Index Scan using sbtest8_pkey on sbtest8  (cost=0.43..39.98 rows=10 width=4)
	        Index Cond: ((id >= 6427751) AND (id <= 6427760))

for point_selects
table 1 : explain SELECT c FROM sbtest1 WHERE id=127159
	Index Scan using sbtest1_pkey on sbtest1  (cost=0.43..8.45 rows=1 width=121)
	  Index Cond: (id = 127159)

table 2 : explain SELECT c FROM sbtest2 WHERE id=4188805
	Index Scan using sbtest2_pkey on sbtest2  (cost=0.43..8.45 rows=1 width=121)
	  Index Cond: (id = 4188805)

table 3 : explain SELECT c FROM sbtest3 WHERE id=1302747
	Index Scan using sbtest3_pkey on sbtest3  (cost=0.43..8.45 rows=1 width=121)
	  Index Cond: (id = 1302747)

table 4 : explain SELECT c FROM sbtest4 WHERE id=5512318
	Index Scan using sbtest4_pkey on sbtest4  (cost=0.43..8.45 rows=1 width=121)
	  Index Cond: (id = 5512318)

table 5 : explain SELECT c FROM sbtest5 WHERE id=4849429
	Index Scan using sbtest5_pkey on sbtest5  (cost=0.43..8.45 rows=1 width=121)
	  Index Cond: (id = 4849429)

table 6 : explain SELECT c FROM sbtest6 WHERE id=5462593
	Index Scan using sbtest6_pkey on sbtest6  (cost=0.43..8.45 rows=1 width=121)
	  Index Cond: (id = 5462593)

table 7 : explain SELECT c FROM sbtest7 WHERE id=4233569
	Index Scan using sbtest7_pkey on sbtest7  (cost=0.43..8.45 rows=1 width=121)
	  Index Cond: (id = 4233569)

table 8 : explain SELECT c FROM sbtest8 WHERE id=2465840
	Index Scan using sbtest8_pkey on sbtest8  (cost=0.43..8.45 rows=1 width=121)
	  Index Cond: (id = 2465840)

explain: for point_selects :: explain SELECT c FROM sbtest%u WHERE id=%u
for: sum_ranges
table 1 : explain SELECT SUM(k) FROM sbtest1 WHERE id BETWEEN 5252474 AND 5252483
	Aggregate  (cost=44.60..44.61 rows=1 width=8)
	  ->  Index Scan using sbtest1_pkey on sbtest1  (cost=0.43..44.57 rows=11 width=4)
	        Index Cond: ((id >= 5252474) AND (id <= 5252483))

table 2 : explain SELECT SUM(k) FROM sbtest2 WHERE id BETWEEN 761688 AND 761697
	Aggregate  (cost=40.95..40.96 rows=1 width=8)
	  ->  Index Scan using sbtest2_pkey on sbtest2  (cost=0.43..40.93 rows=10 width=4)
	        Index Cond: ((id >= 761688) AND (id <= 761697))

table 3 : explain SELECT SUM(k) FROM sbtest3 WHERE id BETWEEN 8296302 AND 8296311
	Aggregate  (cost=37.61..37.62 rows=1 width=8)
	  ->  Index Scan using sbtest3_pkey on sbtest3  (cost=0.43..37.58 rows=9 width=4)
	        Index Cond: ((id >= 8296302) AND (id <= 8296311))

table 4 : explain SELECT SUM(k) FROM sbtest4 WHERE id BETWEEN 5931565 AND 5931574
	Aggregate  (cost=37.45..37.46 rows=1 width=8)
	  ->  Index Scan using sbtest4_pkey on sbtest4  (cost=0.43..37.43 rows=9 width=4)
	        Index Cond: ((id >= 5931565) AND (id <= 5931574))

table 5 : explain SELECT SUM(k) FROM sbtest5 WHERE id BETWEEN 7441503 AND 7441512
	Aggregate  (cost=40.42..40.43 rows=1 width=8)
	  ->  Index Scan using sbtest5_pkey on sbtest5  (cost=0.43..40.39 rows=10 width=4)
	        Index Cond: ((id >= 7441503) AND (id <= 7441512))

table 6 : explain SELECT SUM(k) FROM sbtest6 WHERE id BETWEEN 6533132 AND 6533141
	Aggregate  (cost=40.12..40.13 rows=1 width=8)
	  ->  Index Scan using sbtest6_pkey on sbtest6  (cost=0.43..40.09 rows=10 width=4)
	        Index Cond: ((id >= 6533132) AND (id <= 6533141))

table 7 : explain SELECT SUM(k) FROM sbtest7 WHERE id BETWEEN 1481364 AND 1481373
	Aggregate  (cost=39.74..39.75 rows=1 width=8)
	  ->  Index Scan using sbtest7_pkey on sbtest7  (cost=0.43..39.72 rows=10 width=4)
	        Index Cond: ((id >= 1481364) AND (id <= 1481373))

table 8 : explain SELECT SUM(k) FROM sbtest8 WHERE id BETWEEN 4709630 AND 4709639
	Aggregate  (cost=40.00..40.01 rows=1 width=8)
	  ->  Index Scan using sbtest8_pkey on sbtest8  (cost=0.43..39.98 rows=10 width=4)
	        Index Cond: ((id >= 4709630) AND (id <= 4709639))

for: distinct_ranges
table 1 : explain SELECT DISTINCT c FROM sbtest1 WHERE id BETWEEN 1068645 AND 1068654 ORDER BY c
	Unique  (cost=41.13..41.18 rows=10 width=121)
	  ->  Sort  (cost=41.13..41.15 rows=10 width=121)
	        Sort Key: c
	        ->  Index Scan using sbtest1_pkey on sbtest1  (cost=0.43..40.96 rows=10 width=121)
	              Index Cond: ((id >= 1068645) AND (id <= 1068654))

table 2 : explain SELECT DISTINCT c FROM sbtest2 WHERE id BETWEEN 8439444 AND 8439453 ORDER BY c
	Unique  (cost=44.73..44.78 rows=11 width=121)
	  ->  Sort  (cost=44.73..44.75 rows=11 width=121)
	        Sort Key: c
	        ->  Index Scan using sbtest2_pkey on sbtest2  (cost=0.43..44.54 rows=11 width=121)
	              Index Cond: ((id >= 8439444) AND (id <= 8439453))

table 3 : explain SELECT DISTINCT c FROM sbtest3 WHERE id BETWEEN 9692420 AND 9692429 ORDER BY c
	Unique  (cost=41.39..41.44 rows=10 width=121)
	  ->  Sort  (cost=41.39..41.42 rows=10 width=121)
	        Sort Key: c
	        ->  Index Scan using sbtest3_pkey on sbtest3  (cost=0.43..41.23 rows=10 width=121)
	              Index Cond: ((id >= 9692420) AND (id <= 9692429))

table 4 : explain SELECT DISTINCT c FROM sbtest4 WHERE id BETWEEN 5650170 AND 5650179 ORDER BY c
	Unique  (cost=41.22..41.27 rows=10 width=121)
	  ->  Sort  (cost=41.22..41.24 rows=10 width=121)
	        Sort Key: c
	        ->  Index Scan using sbtest4_pkey on sbtest4  (cost=0.43..41.05 rows=10 width=121)
	              Index Cond: ((id >= 5650170) AND (id <= 5650179))

table 5 : explain SELECT DISTINCT c FROM sbtest5 WHERE id BETWEEN 2249454 AND 2249463 ORDER BY c
	Unique  (cost=40.56..40.61 rows=10 width=121)
	  ->  Sort  (cost=40.56..40.58 rows=10 width=121)
	        Sort Key: c
	        ->  Index Scan using sbtest5_pkey on sbtest5  (cost=0.43..40.39 rows=10 width=121)
	              Index Cond: ((id >= 2249454) AND (id <= 2249463))

table 6 : explain SELECT DISTINCT c FROM sbtest6 WHERE id BETWEEN 6141866 AND 6141875 ORDER BY c
	Unique  (cost=40.26..40.31 rows=10 width=121)
	  ->  Sort  (cost=40.26..40.28 rows=10 width=121)
	        Sort Key: c
	        ->  Index Scan using sbtest6_pkey on sbtest6  (cost=0.43..40.09 rows=10 width=121)
	              Index Cond: ((id >= 6141866) AND (id <= 6141875))

table 7 : explain SELECT DISTINCT c FROM sbtest7 WHERE id BETWEEN 7528194 AND 7528203 ORDER BY c
	Unique  (cost=39.89..39.94 rows=10 width=121)
	  ->  Sort  (cost=39.89..39.91 rows=10 width=121)
	        Sort Key: c
	        ->  Index Scan using sbtest7_pkey on sbtest7  (cost=0.43..39.72 rows=10 width=121)
	              Index Cond: ((id >= 7528194) AND (id <= 7528203))

table 8 : explain SELECT DISTINCT c FROM sbtest8 WHERE id BETWEEN 5907607 AND 5907616 ORDER BY c
	Unique  (cost=40.14..40.19 rows=10 width=121)
	  ->  Sort  (cost=40.14..40.17 rows=10 width=121)
	        Sort Key: c
	        ->  Index Scan using sbtest8_pkey on sbtest8  (cost=0.43..39.98 rows=10 width=121)
	              Index Cond: ((id >= 5907607) AND (id <= 5907616))

for deletes
table 1 : explain DELETE FROM sbtest1 WHERE id=5885128
	Delete on sbtest1  (cost=0.43..8.45 rows=0 width=0)
	  ->  Index Scan using sbtest1_pkey on sbtest1  (cost=0.43..8.45 rows=1 width=6)
	        Index Cond: (id = 5885128)

table 2 : explain DELETE FROM sbtest2 WHERE id=4894967
	Delete on sbtest2  (cost=0.43..8.45 rows=0 width=0)
	  ->  Index Scan using sbtest2_pkey on sbtest2  (cost=0.43..8.45 rows=1 width=6)
	        Index Cond: (id = 4894967)

table 3 : explain DELETE FROM sbtest3 WHERE id=5006570
	Delete on sbtest3  (cost=0.43..8.45 rows=0 width=0)
	  ->  Index Scan using sbtest3_pkey on sbtest3  (cost=0.43..8.45 rows=1 width=6)
	        Index Cond: (id = 5006570)

table 4 : explain DELETE FROM sbtest4 WHERE id=9376652
	Delete on sbtest4  (cost=0.43..8.45 rows=0 width=0)
	  ->  Index Scan using sbtest4_pkey on sbtest4  (cost=0.43..8.45 rows=1 width=6)
	        Index Cond: (id = 9376652)

table 5 : explain DELETE FROM sbtest5 WHERE id=8447574
	Delete on sbtest5  (cost=0.43..8.45 rows=0 width=0)
	  ->  Index Scan using sbtest5_pkey on sbtest5  (cost=0.43..8.45 rows=1 width=6)
	        Index Cond: (id = 8447574)

table 6 : explain DELETE FROM sbtest6 WHERE id=3588344
	Delete on sbtest6  (cost=0.43..8.45 rows=0 width=0)
	  ->  Index Scan using sbtest6_pkey on sbtest6  (cost=0.43..8.45 rows=1 width=6)
	        Index Cond: (id = 3588344)

table 7 : explain DELETE FROM sbtest7 WHERE id=735056
	Delete on sbtest7  (cost=0.43..8.45 rows=0 width=0)
	  ->  Index Scan using sbtest7_pkey on sbtest7  (cost=0.43..8.45 rows=1 width=6)
	        Index Cond: (id = 735056)

table 8 : explain DELETE FROM sbtest8 WHERE id=2370765
	Delete on sbtest8  (cost=0.43..8.45 rows=0 width=0)
	  ->  Index Scan using sbtest8_pkey on sbtest8  (cost=0.43..8.45 rows=1 width=6)
	        Index Cond: (id = 2370765)

for: order_ranges
table 1 : explain SELECT c FROM sbtest1 WHERE id BETWEEN 9276262 AND 9276271 ORDER BY c
	Sort  (cost=44.76..44.79 rows=11 width=121)
	  Sort Key: c
	  ->  Index Scan using sbtest1_pkey on sbtest1  (cost=0.43..44.57 rows=11 width=121)
	        Index Cond: ((id >= 9276262) AND (id <= 9276271))

table 2 : explain SELECT c FROM sbtest2 WHERE id BETWEEN 5607092 AND 5607101 ORDER BY c
	Sort  (cost=41.09..41.12 rows=10 width=121)
	  Sort Key: c
	  ->  Index Scan using sbtest2_pkey on sbtest2  (cost=0.43..40.93 rows=10 width=121)
	        Index Cond: ((id >= 5607092) AND (id <= 5607101))

table 3 : explain SELECT c FROM sbtest3 WHERE id BETWEEN 8852469 AND 8852478 ORDER BY c
	Sort  (cost=41.39..41.42 rows=10 width=121)
	  Sort Key: c
	  ->  Index Scan using sbtest3_pkey on sbtest3  (cost=0.43..41.23 rows=10 width=121)
	        Index Cond: ((id >= 8852469) AND (id <= 8852478))

table 4 : explain SELECT c FROM sbtest4 WHERE id BETWEEN 3553705 AND 3553714 ORDER BY c
	Sort  (cost=41.22..41.24 rows=10 width=121)
	  Sort Key: c
	  ->  Index Scan using sbtest4_pkey on sbtest4  (cost=0.43..41.05 rows=10 width=121)
	        Index Cond: ((id >= 3553705) AND (id <= 3553714))

table 5 : explain SELECT c FROM sbtest5 WHERE id BETWEEN 4705865 AND 4705874 ORDER BY c
	Sort  (cost=36.99..37.01 rows=9 width=121)
	  Sort Key: c
	  ->  Index Scan using sbtest5_pkey on sbtest5  (cost=0.43..36.85 rows=9 width=121)
	        Index Cond: ((id >= 4705865) AND (id <= 4705874))

table 6 : explain SELECT c FROM sbtest6 WHERE id BETWEEN 4885283 AND 4885292 ORDER BY c
	Sort  (cost=40.26..40.28 rows=10 width=121)
	  Sort Key: c
	  ->  Index Scan using sbtest6_pkey on sbtest6  (cost=0.43..40.09 rows=10 width=121)
	        Index Cond: ((id >= 4885283) AND (id <= 4885292))

table 7 : explain SELECT c FROM sbtest7 WHERE id BETWEEN 9243513 AND 9243522 ORDER BY c
	Sort  (cost=39.89..39.91 rows=10 width=121)
	  Sort Key: c
	  ->  Index Scan using sbtest7_pkey on sbtest7  (cost=0.43..39.72 rows=10 width=121)
	        Index Cond: ((id >= 9243513) AND (id <= 9243522))

table 8 : explain SELECT c FROM sbtest8 WHERE id BETWEEN 4620632 AND 4620641 ORDER BY c
	Sort  (cost=40.14..40.17 rows=10 width=121)
	  Sort Key: c
	  ->  Index Scan using sbtest8_pkey on sbtest8  (cost=0.43..39.98 rows=10 width=121)
	        Index Cond: ((id >= 4620632) AND (id <= 4620641))

for: distinct_ranges
table 1 : explain SELECT DISTINCT c FROM sbtest1 WHERE id BETWEEN 7863095 AND 7863104 ORDER BY c
	Unique  (cost=48.40..48.46 rows=12 width=121)
	  ->  Sort  (cost=48.40..48.43 rows=12 width=121)
	        Sort Key: c
	        ->  Index Scan using sbtest1_pkey on sbtest1  (cost=0.43..48.18 rows=12 width=121)
	              Index Cond: ((id >= 7863095) AND (id <= 7863104))

table 2 : explain SELECT DISTINCT c FROM sbtest2 WHERE id BETWEEN 9329026 AND 9329035 ORDER BY c
	Unique  (cost=41.09..41.14 rows=10 width=121)
	  ->  Sort  (cost=41.09..41.12 rows=10 width=121)
	        Sort Key: c
	        ->  Index Scan using sbtest2_pkey on sbtest2  (cost=0.43..40.93 rows=10 width=121)
	              Index Cond: ((id >= 9329026) AND (id <= 9329035))

table 3 : explain SELECT DISTINCT c FROM sbtest3 WHERE id BETWEEN 1181708 AND 1181717 ORDER BY c
	Unique  (cost=37.73..37.77 rows=9 width=121)
	  ->  Sort  (cost=37.73..37.75 rows=9 width=121)
	        Sort Key: c
	        ->  Index Scan using sbtest3_pkey on sbtest3  (cost=0.43..37.58 rows=9 width=121)
	              Index Cond: ((id >= 1181708) AND (id <= 1181717))

table 4 : explain SELECT DISTINCT c FROM sbtest4 WHERE id BETWEEN 1788500 AND 1788509 ORDER BY c
	Unique  (cost=44.86..44.92 rows=11 width=121)
	  ->  Sort  (cost=44.86..44.89 rows=11 width=121)
	        Sort Key: c
	        ->  Index Scan using sbtest4_pkey on sbtest4  (cost=0.43..44.67 rows=11 width=121)
	              Index Cond: ((id >= 1788500) AND (id <= 1788509))

table 5 : explain SELECT DISTINCT c FROM sbtest5 WHERE id BETWEEN 2572529 AND 2572538 ORDER BY c
	Unique  (cost=44.13..44.19 rows=11 width=121)
	  ->  Sort  (cost=44.13..44.16 rows=11 width=121)
	        Sort Key: c
	        ->  Index Scan using sbtest5_pkey on sbtest5  (cost=0.43..43.94 rows=11 width=121)
	              Index Cond: ((id >= 2572529) AND (id <= 2572538))

table 6 : explain SELECT DISTINCT c FROM sbtest6 WHERE id BETWEEN 2468262 AND 2468271 ORDER BY c
	Unique  (cost=40.26..40.31 rows=10 width=121)
	  ->  Sort  (cost=40.26..40.28 rows=10 width=121)
	        Sort Key: c
	        ->  Index Scan using sbtest6_pkey on sbtest6  (cost=0.43..40.09 rows=10 width=121)
	              Index Cond: ((id >= 2468262) AND (id <= 2468271))

table 7 : explain SELECT DISTINCT c FROM sbtest7 WHERE id BETWEEN 6708775 AND 6708784 ORDER BY c
	Unique  (cost=39.89..39.94 rows=10 width=121)
	  ->  Sort  (cost=39.89..39.91 rows=10 width=121)
	        Sort Key: c
	        ->  Index Scan using sbtest7_pkey on sbtest7  (cost=0.43..39.72 rows=10 width=121)
	              Index Cond: ((id >= 6708775) AND (id <= 6708784))

table 8 : explain SELECT DISTINCT c FROM sbtest8 WHERE id BETWEEN 1183019 AND 1183028 ORDER BY c
	Unique  (cost=40.14..40.19 rows=10 width=121)
	  ->  Sort  (cost=40.14..40.17 rows=10 width=121)
	        Sort Key: c
	        ->  Index Scan using sbtest8_pkey on sbtest8  (cost=0.43..39.98 rows=10 width=121)
	              Index Cond: ((id >= 1183019) AND (id <= 1183028))

for point_selects
table 1 : explain SELECT c FROM sbtest1 WHERE id=6021083
	Index Scan using sbtest1_pkey on sbtest1  (cost=0.43..8.45 rows=1 width=121)
	  Index Cond: (id = 6021083)

table 2 : explain SELECT c FROM sbtest2 WHERE id=9409279
	Index Scan using sbtest2_pkey on sbtest2  (cost=0.43..8.45 rows=1 width=121)
	  Index Cond: (id = 9409279)

table 3 : explain SELECT c FROM sbtest3 WHERE id=5459472
	Index Scan using sbtest3_pkey on sbtest3  (cost=0.43..8.45 rows=1 width=121)
	  Index Cond: (id = 5459472)

table 4 : explain SELECT c FROM sbtest4 WHERE id=8373697
	Index Scan using sbtest4_pkey on sbtest4  (cost=0.43..8.45 rows=1 width=121)
	  Index Cond: (id = 8373697)

table 5 : explain SELECT c FROM sbtest5 WHERE id=624956
	Index Scan using sbtest5_pkey on sbtest5  (cost=0.43..8.45 rows=1 width=121)
	  Index Cond: (id = 624956)

table 6 : explain SELECT c FROM sbtest6 WHERE id=8882378
	Index Scan using sbtest6_pkey on sbtest6  (cost=0.43..8.45 rows=1 width=121)
	  Index Cond: (id = 8882378)

table 7 : explain SELECT c FROM sbtest7 WHERE id=7481060
	Index Scan using sbtest7_pkey on sbtest7  (cost=0.43..8.45 rows=1 width=121)
	  Index Cond: (id = 7481060)

table 8 : explain SELECT c FROM sbtest8 WHERE id=299167
	Index Scan using sbtest8_pkey on sbtest8  (cost=0.43..8.45 rows=1 width=121)
	  Index Cond: (id = 299167)

for deletes
table 1 : explain DELETE FROM sbtest1 WHERE id=3472758
	Delete on sbtest1  (cost=0.43..8.45 rows=0 width=0)
	  ->  Index Scan using sbtest1_pkey on sbtest1  (cost=0.43..8.45 rows=1 width=6)
	        Index Cond: (id = 3472758)

table 2 : explain DELETE FROM sbtest2 WHERE id=8169303
	Delete on sbtest2  (cost=0.43..8.45 rows=0 width=0)
	  ->  Index Scan using sbtest2_pkey on sbtest2  (cost=0.43..8.45 rows=1 width=6)
	        Index Cond: (id = 8169303)

table 3 : explain DELETE FROM sbtest3 WHERE id=5799255
	Delete on sbtest3  (cost=0.43..8.45 rows=0 width=0)
	  ->  Index Scan using sbtest3_pkey on sbtest3  (cost=0.43..8.45 rows=1 width=6)
	        Index Cond: (id = 5799255)

table 4 : explain DELETE FROM sbtest4 WHERE id=4938960
	Delete on sbtest4  (cost=0.43..8.45 rows=0 width=0)
	  ->  Index Scan using sbtest4_pkey on sbtest4  (cost=0.43..8.45 rows=1 width=6)
	        Index Cond: (id = 4938960)

table 5 : explain DELETE FROM sbtest5 WHERE id=477120
	Delete on sbtest5  (cost=0.43..8.45 rows=0 width=0)
	  ->  Index Scan using sbtest5_pkey on sbtest5  (cost=0.43..8.45 rows=1 width=6)
	        Index Cond: (id = 477120)

table 6 : explain DELETE FROM sbtest6 WHERE id=472517
	Delete on sbtest6  (cost=0.43..8.45 rows=0 width=0)
	  ->  Index Scan using sbtest6_pkey on sbtest6  (cost=0.43..8.45 rows=1 width=6)
	        Index Cond: (id = 472517)

table 7 : explain DELETE FROM sbtest7 WHERE id=8592084
	Delete on sbtest7  (cost=0.43..8.45 rows=0 width=0)
	  ->  Index Scan using sbtest7_pkey on sbtest7  (cost=0.43..8.45 rows=1 width=6)
	        Index Cond: (id = 8592084)

table 8 : explain DELETE FROM sbtest8 WHERE id=9123929
	Delete on sbtest8  (cost=0.43..8.45 rows=0 width=0)
	  ->  Index Scan using sbtest8_pkey on sbtest8  (cost=0.43..8.45 rows=1 width=6)
	        Index Cond: (id = 9123929)
explain: for index_updates :: explain UPDATE sbtest%u SET k=k+1 WHERE id=%u

for point_selects
table 1 : explain SELECT c FROM sbtest1 WHERE id=9162620
	Index Scan using sbtest1_pkey on sbtest1  (cost=0.43..8.45 rows=1 width=121)
	  Index Cond: (id = 9162620)

table 2 : explain SELECT c FROM sbtest2 WHERE id=9493321
	Index Scan using sbtest2_pkey on sbtest2  (cost=0.43..8.45 rows=1 width=121)
	  Index Cond: (id = 9493321)

table 3 : explain SELECT c FROM sbtest3 WHERE id=1746925
	Index Scan using sbtest3_pkey on sbtest3  (cost=0.43..8.45 rows=1 width=121)
	  Index Cond: (id = 1746925)

table 4 : explain SELECT c FROM sbtest4 WHERE id=5697653
	Index Scan using sbtest4_pkey on sbtest4  (cost=0.43..8.45 rows=1 width=121)
	  Index Cond: (id = 5697653)

table 5 : explain SELECT c FROM sbtest5 WHERE id=967589
	Index Scan using sbtest5_pkey on sbtest5  (cost=0.43..8.45 rows=1 width=121)
	  Index Cond: (id = 967589)

table 6 : explain SELECT c FROM sbtest6 WHERE id=5401652
	Index Scan using sbtest6_pkey on sbtest6  (cost=0.43..8.45 rows=1 width=121)
	  Index Cond: (id = 5401652)

table 7 : explain SELECT c FROM sbtest7 WHERE id=7367344
	Index Scan using sbtest7_pkey on sbtest7  (cost=0.43..8.45 rows=1 width=121)
	  Index Cond: (id = 7367344)

table 8 : explain SELECT c FROM sbtest8 WHERE id=7574015
	Index Scan using sbtest8_pkey on sbtest8  (cost=0.43..8.45 rows=1 width=121)
	  Index Cond: (id = 7574015)
explain: for point_selects :: explain SELECT c FROM sbtest%u WHERE id=%u

explain: for index_updates :: explain UPDATE sbtest%u SET k=k+1 WHERE id=%u
for: simple_ranges
table 1 : explain SELECT c FROM sbtest1 WHERE id BETWEEN 3510056 AND 3510065
	Index Scan using sbtest1_pkey on sbtest1  (cost=0.43..40.96 rows=10 width=121)
	  Index Cond: ((id >= 3510056) AND (id <= 3510065))

table 2 : explain SELECT c FROM sbtest2 WHERE id BETWEEN 8390930 AND 8390939
	Index Scan using sbtest2_pkey on sbtest2  (cost=0.43..44.54 rows=11 width=121)
	  Index Cond: ((id >= 8390930) AND (id <= 8390939))

table 3 : explain SELECT c FROM sbtest3 WHERE id BETWEEN 9619824 AND 9619833
	Index Scan using sbtest3_pkey on sbtest3  (cost=0.43..41.23 rows=10 width=121)
	  Index Cond: ((id >= 9619824) AND (id <= 9619833))

table 4 : explain SELECT c FROM sbtest4 WHERE id BETWEEN 6983592 AND 6983601
	Index Scan using sbtest4_pkey on sbtest4  (cost=0.43..37.43 rows=9 width=121)
	  Index Cond: ((id >= 6983592) AND (id <= 6983601))

table 5 : explain SELECT c FROM sbtest5 WHERE id BETWEEN 7802812 AND 7802821
	Index Scan using sbtest5_pkey on sbtest5  (cost=0.43..40.39 rows=10 width=121)
	  Index Cond: ((id >= 7802812) AND (id <= 7802821))

table 6 : explain SELECT c FROM sbtest6 WHERE id BETWEEN 6598976 AND 6598985
	Index Scan using sbtest6_pkey on sbtest6  (cost=0.43..40.09 rows=10 width=121)
	  Index Cond: ((id >= 6598976) AND (id <= 6598985))

table 7 : explain SELECT c FROM sbtest7 WHERE id BETWEEN 3757548 AND 3757557
	Index Scan using sbtest7_pkey on sbtest7  (cost=0.43..39.72 rows=10 width=121)
	  Index Cond: ((id >= 3757548) AND (id <= 3757557))

table 8 : explain SELECT c FROM sbtest8 WHERE id BETWEEN 6406522 AND 6406531
	Index Scan using sbtest8_pkey on sbtest8  (cost=0.43..39.98 rows=10 width=121)
	  Index Cond: ((id >= 6406522) AND (id <= 6406531))

explain: for inserts :: explain INSERT INTO sbtest%u (id, k, c, pad) VALUES (%u, 13, 'foobar', 'foobar')for: distinct_ranges
table 1 : explain SELECT DISTINCT c FROM sbtest1 WHERE id BETWEEN 5599425 AND 5599434 ORDER BY c
	Unique  (cost=41.13..41.18 rows=10 width=121)
	  ->  Sort  (cost=41.13..41.15 rows=10 width=121)
	        Sort Key: c
	        ->  Index Scan using sbtest1_pkey on sbtest1  (cost=0.43..40.96 rows=10 width=121)
	              Index Cond: ((id >= 5599425) AND (id <= 5599434))

table 2 : explain SELECT DISTINCT c FROM sbtest2 WHERE id BETWEEN 1577772 AND 1577781 ORDER BY c
	Unique  (cost=44.73..44.78 rows=11 width=121)
	  ->  Sort  (cost=44.73..44.75 rows=11 width=121)
	        Sort Key: c
	        ->  Index Scan using sbtest2_pkey on sbtest2  (cost=0.43..44.54 rows=11 width=121)
	              Index Cond: ((id >= 1577772) AND (id <= 1577781))

table 3 : explain SELECT DISTINCT c FROM sbtest3 WHERE id BETWEEN 9885834 AND 9885843 ORDER BY c
	Unique  (cost=41.39..41.44 rows=10 width=121)
	  ->  Sort  (cost=41.39..41.42 rows=10 width=121)
	        Sort Key: c
	        ->  Index Scan using sbtest3_pkey on sbtest3  (cost=0.43..41.23 rows=10 width=121)
	              Index Cond: ((id >= 9885834) AND (id <= 9885843))

table 4 : explain SELECT DISTINCT c FROM sbtest4 WHERE id BETWEEN 1441823 AND 1441832 ORDER BY c
	Unique  (cost=41.22..41.27 rows=10 width=121)
	  ->  Sort  (cost=41.22..41.24 rows=10 width=121)
	        Sort Key: c
	        ->  Index Scan using sbtest4_pkey on sbtest4  (cost=0.43..41.05 rows=10 width=121)
	              Index Cond: ((id >= 1441823) AND (id <= 1441832))

table 5 : explain SELECT DISTINCT c FROM sbtest5 WHERE id BETWEEN 8731240 AND 8731249 ORDER BY c
	Unique  (cost=44.13..44.19 rows=11 width=121)
	  ->  Sort  (cost=44.13..44.16 rows=11 width=121)
	        Sort Key: c
	        ->  Index Scan using sbtest5_pkey on sbtest5  (cost=0.43..43.94 rows=11 width=121)
	              Index Cond: ((id >= 8731240) AND (id <= 8731249))

table 6 : explain SELECT DISTINCT c FROM sbtest6 WHERE id BETWEEN 7269581 AND 7269590 ORDER BY c
	Unique  (cost=40.26..40.31 rows=10 width=121)
	  ->  Sort  (cost=40.26..40.28 rows=10 width=121)
	        Sort Key: c
	        ->  Index Scan using sbtest6_pkey on sbtest6  (cost=0.43..40.09 rows=10 width=121)
	              Index Cond: ((id >= 7269581) AND (id <= 7269590))

table 7 : explain SELECT DISTINCT c FROM sbtest7 WHERE id BETWEEN 3065203 AND 3065212 ORDER BY c
	Unique  (cost=39.89..39.94 rows=10 width=121)
	  ->  Sort  (cost=39.89..39.91 rows=10 width=121)
	        Sort Key: c
	        ->  Index Scan using sbtest7_pkey on sbtest7  (cost=0.43..39.72 rows=10 width=121)
	              Index Cond: ((id >= 3065203) AND (id <= 3065212))

table 8 : explain SELECT DISTINCT c FROM sbtest8 WHERE id BETWEEN 8288018 AND 8288027 ORDER BY c
	Unique  (cost=43.67..43.72 rows=11 width=121)
	  ->  Sort  (cost=43.67..43.70 rows=11 width=121)
	        Sort Key: c
	        ->  Index Scan using sbtest8_pkey on sbtest8  (cost=0.43..43.48 rows=11 width=121)
	              Index Cond: ((id >= 8288018) AND (id <= 8288027))


explain: for non_index_updates :: explain UPDATE sbtest%u SET c='foobar' WHERE id=%u
for point_selects
table 1 : explain SELECT c FROM sbtest1 WHERE id=5022761
	Index Scan using sbtest1_pkey on sbtest1  (cost=0.43..8.45 rows=1 width=121)
	  Index Cond: (id = 5022761)

table 2 : explain SELECT c FROM sbtest2 WHERE id=2988416
	Index Scan using sbtest2_pkey on sbtest2  (cost=0.43..8.45 rows=1 width=121)
	  Index Cond: (id = 2988416)

table 3 : explain SELECT c FROM sbtest3 WHERE id=3581175
	Index Scan using sbtest3_pkey on sbtest3  (cost=0.43..8.45 rows=1 width=121)
	  Index Cond: (id = 3581175)

table 4 : explain SELECT c FROM sbtest4 WHERE id=8069280
	Index Scan using sbtest4_pkey on sbtest4  (cost=0.43..8.45 rows=1 width=121)
	  Index Cond: (id = 8069280)

table 5 : explain SELECT c FROM sbtest5 WHERE id=7939351
	Index Scan using sbtest5_pkey on sbtest5  (cost=0.43..8.45 rows=1 width=121)
	  Index Cond: (id = 7939351)

table 6 : explain SELECT c FROM sbtest6 WHERE id=6101030
	Index Scan using sbtest6_pkey on sbtest6  (cost=0.43..8.45 rows=1 width=121)
	  Index Cond: (id = 6101030)

table 7 : explain SELECT c FROM sbtest7 WHERE id=2055406
	Index Scan using sbtest7_pkey on sbtest7  (cost=0.43..8.45 rows=1 width=121)
	  Index Cond: (id = 2055406)

table 8 : explain SELECT c FROM sbtest8 WHERE id=5138937
	Index Scan using sbtest8_pkey on sbtest8  (cost=0.43..8.45 rows=1 width=121)
	  Index Cond: (id = 5138937)

explain: for point_selects :: explain SELECT c FROM sbtest%u WHERE id=%u
for: order_ranges
table 1 : explain SELECT c FROM sbtest1 WHERE id BETWEEN 5679612 AND 5679621 ORDER BY c
	Sort  (cost=41.13..41.15 rows=10 width=121)
	  Sort Key: c
	  ->  Index Scan using sbtest1_pkey on sbtest1  (cost=0.43..40.96 rows=10 width=121)
	        Index Cond: ((id >= 5679612) AND (id <= 5679621))

table 2 : explain SELECT c FROM sbtest2 WHERE id BETWEEN 8785409 AND 8785418 ORDER BY c
	Sort  (cost=37.46..37.48 rows=9 width=121)
	  Sort Key: c
	  ->  Index Scan using sbtest2_pkey on sbtest2  (cost=0.43..37.32 rows=9 width=121)
	        Index Cond: ((id >= 8785409) AND (id <= 8785418))

table 3 : explain SELECT c FROM sbtest3 WHERE id BETWEEN 3538628 AND 3538637 ORDER BY c
	Sort  (cost=41.39..41.42 rows=10 width=121)
	  Sort Key: c
	  ->  Index Scan using sbtest3_pkey on sbtest3  (cost=0.43..41.23 rows=10 width=121)
	        Index Cond: ((id >= 3538628) AND (id <= 3538637))

table 4 : explain SELECT c FROM sbtest4 WHERE id BETWEEN 3169303 AND 3169312 ORDER BY c
	Sort  (cost=41.22..41.24 rows=10 width=121)
	  Sort Key: c
	  ->  Index Scan using sbtest4_pkey on sbtest4  (cost=0.43..41.05 rows=10 width=121)
	        Index Cond: ((id >= 3169303) AND (id <= 3169312))

table 5 : explain SELECT c FROM sbtest5 WHERE id BETWEEN 4819955 AND 4819964 ORDER BY c
	Sort  (cost=36.99..37.01 rows=9 width=121)
	  Sort Key: c
	  ->  Index Scan using sbtest5_pkey on sbtest5  (cost=0.43..36.85 rows=9 width=121)
	        Index Cond: ((id >= 4819955) AND (id <= 4819964))

table 6 : explain SELECT c FROM sbtest6 WHERE id BETWEEN 256246 AND 256255 ORDER BY c
	Sort  (cost=40.26..40.28 rows=10 width=121)
	  Sort Key: c
	  ->  Index Scan using sbtest6_pkey on sbtest6  (cost=0.43..40.09 rows=10 width=121)
	        Index Cond: ((id >= 256246) AND (id <= 256255))

table 7 : explain SELECT c FROM sbtest7 WHERE id BETWEEN 5667269 AND 5667278 ORDER BY c
	Sort  (cost=39.89..39.91 rows=10 width=121)
	  Sort Key: c
	  ->  Index Scan using sbtest7_pkey on sbtest7  (cost=0.43..39.72 rows=10 width=121)
	        Index Cond: ((id >= 5667269) AND (id <= 5667278))

table 8 : explain SELECT c FROM sbtest8 WHERE id BETWEEN 7192674 AND 7192683 ORDER BY c
	Sort  (cost=40.14..40.17 rows=10 width=121)
	  Sort Key: c
	  ->  Index Scan using sbtest8_pkey on sbtest8  (cost=0.43..39.98 rows=10 width=121)
	        Index Cond: ((id >= 7192674) AND (id <= 7192683))

explain: for point_selects :: explain SELECT c FROM sbtest%u WHERE id=%u
for index_updates
table 1 : explain UPDATE sbtest1 SET k=k+1 WHERE id=7087980
	Update on sbtest1  (cost=0.43..8.46 rows=0 width=0)
	  ->  Index Scan using sbtest1_pkey on sbtest1  (cost=0.43..8.46 rows=1 width=10)
	        Index Cond: (id = 7087980)

table 2 : explain UPDATE sbtest2 SET k=k+1 WHERE id=2406260
	Update on sbtest2  (cost=0.43..8.46 rows=0 width=0)
	  ->  Index Scan using sbtest2_pkey on sbtest2  (cost=0.43..8.46 rows=1 width=10)
	        Index Cond: (id = 2406260)

table 3 : explain UPDATE sbtest3 SET k=k+1 WHERE id=8746022
	Update on sbtest3  (cost=0.43..8.46 rows=0 width=0)
	  ->  Index Scan using sbtest3_pkey on sbtest3  (cost=0.43..8.46 rows=1 width=10)
	        Index Cond: (id = 8746022)

table 4 : explain UPDATE sbtest4 SET k=k+1 WHERE id=7424710
	Update on sbtest4  (cost=0.43..8.46 rows=0 width=0)
	  ->  Index Scan using sbtest4_pkey on sbtest4  (cost=0.43..8.46 rows=1 width=10)
	        Index Cond: (id = 7424710)

table 5 : explain UPDATE sbtest5 SET k=k+1 WHERE id=7364437
	Update on sbtest5  (cost=0.43..8.46 rows=0 width=0)
	  ->  Index Scan using sbtest5_pkey on sbtest5  (cost=0.43..8.46 rows=1 width=10)
	        Index Cond: (id = 7364437)

table 6 : explain UPDATE sbtest6 SET k=k+1 WHERE id=9248935
	Update on sbtest6  (cost=0.43..8.46 rows=0 width=0)
	  ->  Index Scan using sbtest6_pkey on sbtest6  (cost=0.43..8.46 rows=1 width=10)
	        Index Cond: (id = 9248935)

table 7 : explain UPDATE sbtest7 SET k=k+1 WHERE id=5613651
	Update on sbtest7  (cost=0.43..8.46 rows=0 width=0)
	  ->  Index Scan using sbtest7_pkey on sbtest7  (cost=0.43..8.46 rows=1 width=10)
	        Index Cond: (id = 5613651)

table 8 : explain UPDATE sbtest8 SET k=k+1 WHERE id=7112571
	Update on sbtest8  (cost=0.43..8.46 rows=0 width=0)
	  ->  Index Scan using sbtest8_pkey on sbtest8  (cost=0.43..8.46 rows=1 width=10)
	        Index Cond: (id = 7112571)

for index_updates
table 1 : explain UPDATE sbtest1 SET k=k+1 WHERE id=7166123
	Update on sbtest1  (cost=0.43..8.46 rows=0 width=0)
	  ->  Index Scan using sbtest1_pkey on sbtest1  (cost=0.43..8.46 rows=1 width=10)
	        Index Cond: (id = 7166123)

table 2 : explain UPDATE sbtest2 SET k=k+1 WHERE id=9336177
	Update on sbtest2  (cost=0.43..8.46 rows=0 width=0)
	  ->  Index Scan using sbtest2_pkey on sbtest2  (cost=0.43..8.46 rows=1 width=10)
	        Index Cond: (id = 9336177)

table 3 : explain UPDATE sbtest3 SET k=k+1 WHERE id=9965842
	Update on sbtest3  (cost=0.43..8.46 rows=0 width=0)
	  ->  Index Scan using sbtest3_pkey on sbtest3  (cost=0.43..8.46 rows=1 width=10)
	        Index Cond: (id = 9965842)

table 4 : explain UPDATE sbtest4 SET k=k+1 WHERE id=6532318
	Update on sbtest4  (cost=0.43..8.46 rows=0 width=0)
	  ->  Index Scan using sbtest4_pkey on sbtest4  (cost=0.43..8.46 rows=1 width=10)
	        Index Cond: (id = 6532318)

table 5 : explain UPDATE sbtest5 SET k=k+1 WHERE id=7243619
	Update on sbtest5  (cost=0.43..8.46 rows=0 width=0)
	  ->  Index Scan using sbtest5_pkey on sbtest5  (cost=0.43..8.46 rows=1 width=10)
	        Index Cond: (id = 7243619)

table 6 : explain UPDATE sbtest6 SET k=k+1 WHERE id=8524992
	Update on sbtest6  (cost=0.43..8.46 rows=0 width=0)
	  ->  Index Scan using sbtest6_pkey on sbtest6  (cost=0.43..8.46 rows=1 width=10)
	        Index Cond: (id = 8524992)

table 7 : explain UPDATE sbtest7 SET k=k+1 WHERE id=9147723
	Update on sbtest7  (cost=0.43..8.46 rows=0 width=0)
	  ->  Index Scan using sbtest7_pkey on sbtest7  (cost=0.43..8.46 rows=1 width=10)
	        Index Cond: (id = 9147723)

table 8 : explain UPDATE sbtest8 SET k=k+1 WHERE id=4443710
	Update on sbtest8  (cost=0.43..8.46 rows=0 width=0)
	  ->  Index Scan using sbtest8_pkey on sbtest8  (cost=0.43..8.46 rows=1 width=10)
	        Index Cond: (id = 4443710)

for inserts
table 1 : explain INSERT INTO sbtest1 (id, k, c, pad) VALUES (9004229, 13, 'foobar', 'foobar')
	Insert on sbtest1  (cost=0.00..0.01 rows=0 width=0)
	  ->  Result  (cost=0.00..0.01 rows=1 width=736)

table 2 : explain INSERT INTO sbtest2 (id, k, c, pad) VALUES (3320931, 13, 'foobar', 'foobar')
	Insert on sbtest2  (cost=0.00..0.01 rows=0 width=0)
	  ->  Result  (cost=0.00..0.01 rows=1 width=736)

table 3 : explain INSERT INTO sbtest3 (id, k, c, pad) VALUES (838644, 13, 'foobar', 'foobar')
	Insert on sbtest3  (cost=0.00..0.01 rows=0 width=0)
	  ->  Result  (cost=0.00..0.01 rows=1 width=736)

table 4 : explain INSERT INTO sbtest4 (id, k, c, pad) VALUES (9660174, 13, 'foobar', 'foobar')
	Insert on sbtest4  (cost=0.00..0.01 rows=0 width=0)
	  ->  Result  (cost=0.00..0.01 rows=1 width=736)

table 5 : explain INSERT INTO sbtest5 (id, k, c, pad) VALUES (5499499, 13, 'foobar', 'foobar')
	Insert on sbtest5  (cost=0.00..0.01 rows=0 width=0)
	  ->  Result  (cost=0.00..0.01 rows=1 width=736)

table 6 : explain INSERT INTO sbtest6 (id, k, c, pad) VALUES (1598510, 13, 'foobar', 'foobar')
	Insert on sbtest6  (cost=0.00..0.01 rows=0 width=0)
	  ->  Result  (cost=0.00..0.01 rows=1 width=736)

table 7 : explain INSERT INTO sbtest7 (id, k, c, pad) VALUES (6245858, 13, 'foobar', 'foobar')
	Insert on sbtest7  (cost=0.00..0.01 rows=0 width=0)
	  ->  Result  (cost=0.00..0.01 rows=1 width=736)

table 8 : explain INSERT INTO sbtest8 (id, k, c, pad) VALUES (6426210, 13, 'foobar', 'foobar')
	Insert on sbtest8  (cost=0.00..0.01 rows=0 width=0)
	  ->  Result  (cost=0.00..0.01 rows=1 width=736)

explain: for inserts :: explain INSERT INTO sbtest%u (id, k, c, pad) VALUES (%u, 13, 'foobar', 'foobar')
explain: for point_selects :: explain SELECT c FROM sbtest%u WHERE id=%u
for non_index_updates
table 1 : explain UPDATE sbtest1 SET c='foobar' WHERE id=4516316
	Update on sbtest1  (cost=0.43..8.45 rows=0 width=0)
	  ->  Index Scan using sbtest1_pkey on sbtest1  (cost=0.43..8.45 rows=1 width=490)
	        Index Cond: (id = 4516316)

table 2 : explain UPDATE sbtest2 SET c='foobar' WHERE id=2818965
	Update on sbtest2  (cost=0.43..8.45 rows=0 width=0)
	  ->  Index Scan using sbtest2_pkey on sbtest2  (cost=0.43..8.45 rows=1 width=490)
	        Index Cond: (id = 2818965)

table 3 : explain UPDATE sbtest3 SET c='foobar' WHERE id=4257981
	Update on sbtest3  (cost=0.43..8.45 rows=0 width=0)
	  ->  Index Scan using sbtest3_pkey on sbtest3  (cost=0.43..8.45 rows=1 width=490)
	        Index Cond: (id = 4257981)

table 4 : explain UPDATE sbtest4 SET c='foobar' WHERE id=7926558
	Update on sbtest4  (cost=0.43..8.45 rows=0 width=0)
	  ->  Index Scan using sbtest4_pkey on sbtest4  (cost=0.43..8.45 rows=1 width=490)
	        Index Cond: (id = 7926558)

table 5 : explain UPDATE sbtest5 SET c='foobar' WHERE id=6623621
	Update on sbtest5  (cost=0.43..8.45 rows=0 width=0)
	  ->  Index Scan using sbtest5_pkey on sbtest5  (cost=0.43..8.45 rows=1 width=490)
	        Index Cond: (id = 6623621)

table 6 : explain UPDATE sbtest6 SET c='foobar' WHERE id=123990
	Update on sbtest6  (cost=0.43..8.45 rows=0 width=0)
	  ->  Index Scan using sbtest6_pkey on sbtest6  (cost=0.43..8.45 rows=1 width=490)
	        Index Cond: (id = 123990)

table 7 : explain UPDATE sbtest7 SET c='foobar' WHERE id=2408307
	Update on sbtest7  (cost=0.43..8.45 rows=0 width=0)
	  ->  Index Scan using sbtest7_pkey on sbtest7  (cost=0.43..8.45 rows=1 width=490)
	        Index Cond: (id = 2408307)

table 8 : explain UPDATE sbtest8 SET c='foobar' WHERE id=6105682
	Update on sbtest8  (cost=0.43..8.45 rows=0 width=0)
	  ->  Index Scan using sbtest8_pkey on sbtest8  (cost=0.43..8.45 rows=1 width=490)
	        Index Cond: (id = 6105682)

explain: for non_index_updates :: explain UPDATE sbtest%u SET c='foobar' WHERE id=%u
explain: for non_index_updates :: explain UPDATE sbtest%u SET c='foobar' WHERE id=%u
for: distinct_ranges
table 1 : explain SELECT DISTINCT c FROM sbtest1 WHERE id BETWEEN 3090242 AND 3090251 ORDER BY c
	Unique  (cost=41.13..41.18 rows=10 width=121)
	  ->  Sort  (cost=41.13..41.15 rows=10 width=121)
	        Sort Key: c
	        ->  Index Scan using sbtest1_pkey on sbtest1  (cost=0.43..40.96 rows=10 width=121)
	              Index Cond: ((id >= 3090242) AND (id <= 3090251))

table 2 : explain SELECT DISTINCT c FROM sbtest2 WHERE id BETWEEN 8575498 AND 8575507 ORDER BY c
	Unique  (cost=37.46..37.51 rows=9 width=121)
	  ->  Sort  (cost=37.46..37.48 rows=9 width=121)
	        Sort Key: c
	        ->  Index Scan using sbtest2_pkey on sbtest2  (cost=0.43..37.32 rows=9 width=121)
	              Index Cond: ((id >= 8575498) AND (id <= 8575507))

table 3 : explain SELECT DISTINCT c FROM sbtest3 WHERE id BETWEEN 3565291 AND 3565300 ORDER BY c
	Unique  (cost=41.39..41.44 rows=10 width=121)
	  ->  Sort  (cost=41.39..41.42 rows=10 width=121)
	        Sort Key: c
	        ->  Index Scan using sbtest3_pkey on sbtest3  (cost=0.43..41.23 rows=10 width=121)
	              Index Cond: ((id >= 3565291) AND (id <= 3565300))

table 4 : explain SELECT DISTINCT c FROM sbtest4 WHERE id BETWEEN 4911787 AND 4911796 ORDER BY c
	Unique  (cost=41.22..41.27 rows=10 width=121)
	  ->  Sort  (cost=41.22..41.24 rows=10 width=121)
	        Sort Key: c
	        ->  Index Scan using sbtest4_pkey on sbtest4  (cost=0.43..41.05 rows=10 width=121)
	              Index Cond: ((id >= 4911787) AND (id <= 4911796))

table 5 : explain SELECT DISTINCT c FROM sbtest5 WHERE id BETWEEN 9205367 AND 9205376 ORDER BY c
	Unique  (cost=40.56..40.61 rows=10 width=121)
	  ->  Sort  (cost=40.56..40.58 rows=10 width=121)
	        Sort Key: c
	        ->  Index Scan using sbtest5_pkey on sbtest5  (cost=0.43..40.39 rows=10 width=121)
	              Index Cond: ((id >= 9205367) AND (id <= 9205376))

table 6 : explain SELECT DISTINCT c FROM sbtest6 WHERE id BETWEEN 6963995 AND 6964004 ORDER BY c
	Unique  (cost=40.26..40.31 rows=10 width=121)
	  ->  Sort  (cost=40.26..40.28 rows=10 width=121)
	        Sort Key: c
	        ->  Index Scan using sbtest6_pkey on sbtest6  (cost=0.43..40.09 rows=10 width=121)
	              Index Cond: ((id >= 6963995) AND (id <= 6964004))

table 7 : explain SELECT DISTINCT c FROM sbtest7 WHERE id BETWEEN 7662856 AND 7662865 ORDER BY c
	Unique  (cost=39.89..39.94 rows=10 width=121)
	  ->  Sort  (cost=39.89..39.91 rows=10 width=121)
	        Sort Key: c
	        ->  Index Scan using sbtest7_pkey on sbtest7  (cost=0.43..39.72 rows=10 width=121)
	              Index Cond: ((id >= 7662856) AND (id <= 7662865))

table 8 : explain SELECT DISTINCT c FROM sbtest8 WHERE id BETWEEN 1395950 AND 1395959 ORDER BY c
	Unique  (cost=36.62..36.66 rows=9 width=121)
	  ->  Sort  (cost=36.62..36.64 rows=9 width=121)
	        Sort Key: c
	        ->  Index Scan using sbtest8_pkey on sbtest8  (cost=0.43..36.47 rows=9 width=121)
	              Index Cond: ((id >= 1395950) AND (id <= 1395959))

for: simple_ranges
table 1 : explain SELECT c FROM sbtest1 WHERE id BETWEEN 6751794 AND 6751803
	Index Scan using sbtest1_pkey on sbtest1  (cost=0.43..37.35 rows=9 width=121)
	  Index Cond: ((id >= 6751794) AND (id <= 6751803))

table 2 : explain SELECT c FROM sbtest2 WHERE id BETWEEN 3689639 AND 3689648
	Index Scan using sbtest2_pkey on sbtest2  (cost=0.43..40.93 rows=10 width=121)
	  Index Cond: ((id >= 3689639) AND (id <= 3689648))

table 3 : explain SELECT c FROM sbtest3 WHERE id BETWEEN 3202839 AND 3202848
	Index Scan using sbtest3_pkey on sbtest3  (cost=0.43..41.23 rows=10 width=121)
	  Index Cond: ((id >= 3202839) AND (id <= 3202848))

table 4 : explain SELECT c FROM sbtest4 WHERE id BETWEEN 314055 AND 314064
	Index Scan using sbtest4_pkey on sbtest4  (cost=0.43..41.05 rows=10 width=121)
	  Index Cond: ((id >= 314055) AND (id <= 314064))

table 5 : explain SELECT c FROM sbtest5 WHERE id BETWEEN 980134 AND 980143
	Index Scan using sbtest5_pkey on sbtest5  (cost=0.43..40.39 rows=10 width=121)
	  Index Cond: ((id >= 980134) AND (id <= 980143))

table 6 : explain SELECT c FROM sbtest6 WHERE id BETWEEN 7127956 AND 7127965
	Index Scan using sbtest6_pkey on sbtest6  (cost=0.43..43.61 rows=11 width=121)
	  Index Cond: ((id >= 7127956) AND (id <= 7127965))

table 7 : explain SELECT c FROM sbtest7 WHERE id BETWEEN 3380049 AND 3380058
	Index Scan using sbtest7_pkey on sbtest7  (cost=0.43..39.72 rows=10 width=121)
	  Index Cond: ((id >= 3380049) AND (id <= 3380058))

table 8 : explain SELECT c FROM sbtest8 WHERE id BETWEEN 723455 AND 723464
	Index Scan using sbtest8_pkey on sbtest8  (cost=0.43..36.47 rows=9 width=121)
	  Index Cond: ((id >= 723455) AND (id <= 723464))

for point_selects
table 1 : explain SELECT c FROM sbtest1 WHERE id=1643058
	Index Scan using sbtest1_pkey on sbtest1  (cost=0.43..8.45 rows=1 width=121)
	  Index Cond: (id = 1643058)

table 2 : explain SELECT c FROM sbtest2 WHERE id=8930372
	Index Scan using sbtest2_pkey on sbtest2  (cost=0.43..8.45 rows=1 width=121)
	  Index Cond: (id = 8930372)

table 3 : explain SELECT c FROM sbtest3 WHERE id=5299348
	Index Scan using sbtest3_pkey on sbtest3  (cost=0.43..8.45 rows=1 width=121)
	  Index Cond: (id = 5299348)

table 4 : explain SELECT c FROM sbtest4 WHERE id=4027931
	Index Scan using sbtest4_pkey on sbtest4  (cost=0.43..8.45 rows=1 width=121)
	  Index Cond: (id = 4027931)

table 5 : explain SELECT c FROM sbtest5 WHERE id=1364246
	Index Scan using sbtest5_pkey on sbtest5  (cost=0.43..8.45 rows=1 width=121)
	  Index Cond: (id = 1364246)

table 6 : explain SELECT c FROM sbtest6 WHERE id=131520
	Index Scan using sbtest6_pkey on sbtest6  (cost=0.43..8.45 rows=1 width=121)
	  Index Cond: (id = 131520)

table 7 : explain SELECT c FROM sbtest7 WHERE id=7163287
	Index Scan using sbtest7_pkey on sbtest7  (cost=0.43..8.45 rows=1 width=121)
	  Index Cond: (id = 7163287)

table 8 : explain SELECT c FROM sbtest8 WHERE id=2477318
	Index Scan using sbtest8_pkey on sbtest8  (cost=0.43..8.45 rows=1 width=121)
	  Index Cond: (id = 2477318)

explain: for deletes :: explain DELETE FROM sbtest%u WHERE id=%u
explain: for index_updates :: explain UPDATE sbtest%u SET k=k+1 WHERE id=%u
for: simple_ranges
table 1 : explain SELECT c FROM sbtest1 WHERE id BETWEEN 8126137 AND 8126146
	Index Scan using sbtest1_pkey on sbtest1  (cost=0.43..44.57 rows=11 width=121)
	  Index Cond: ((id >= 8126137) AND (id <= 8126146))

table 2 : explain SELECT c FROM sbtest2 WHERE id BETWEEN 1446783 AND 1446792
	Index Scan using sbtest2_pkey on sbtest2  (cost=0.43..40.93 rows=10 width=121)
	  Index Cond: ((id >= 1446783) AND (id <= 1446792))

table 3 : explain SELECT c FROM sbtest3 WHERE id BETWEEN 8383208 AND 8383217
	Index Scan using sbtest3_pkey on sbtest3  (cost=0.43..41.23 rows=10 width=121)
	  Index Cond: ((id >= 8383208) AND (id <= 8383217))

table 4 : explain SELECT c FROM sbtest4 WHERE id BETWEEN 5148248 AND 5148257
	Index Scan using sbtest4_pkey on sbtest4  (cost=0.43..37.43 rows=9 width=121)
	  Index Cond: ((id >= 5148248) AND (id <= 5148257))

table 5 : explain SELECT c FROM sbtest5 WHERE id BETWEEN 4233026 AND 4233035
	Index Scan using sbtest5_pkey on sbtest5  (cost=0.43..40.39 rows=10 width=121)
	  Index Cond: ((id >= 4233026) AND (id <= 4233035))

table 6 : explain SELECT c FROM sbtest6 WHERE id BETWEEN 9348306 AND 9348315
	Index Scan using sbtest6_pkey on sbtest6  (cost=0.43..40.09 rows=10 width=121)
	  Index Cond: ((id >= 9348306) AND (id <= 9348315))

table 7 : explain SELECT c FROM sbtest7 WHERE id BETWEEN 3289221 AND 3289230
	Index Scan using sbtest7_pkey on sbtest7  (cost=0.43..39.72 rows=10 width=121)
	  Index Cond: ((id >= 3289221) AND (id <= 3289230))

table 8 : explain SELECT c FROM sbtest8 WHERE id BETWEEN 1891839 AND 1891848
	Index Scan using sbtest8_pkey on sbtest8  (cost=0.43..39.98 rows=10 width=121)
	  Index Cond: ((id >= 1891839) AND (id <= 1891848))

for: sum_ranges
table 1 : explain SELECT SUM(k) FROM sbtest1 WHERE id BETWEEN 8792287 AND 8792296
	Aggregate  (cost=40.98..40.99 rows=1 width=8)
	  ->  Index Scan using sbtest1_pkey on sbtest1  (cost=0.43..40.96 rows=10 width=4)
	        Index Cond: ((id >= 8792287) AND (id <= 8792296))

table 2 : explain SELECT SUM(k) FROM sbtest2 WHERE id BETWEEN 7491122 AND 7491131
	Aggregate  (cost=40.95..40.96 rows=1 width=8)
	  ->  Index Scan using sbtest2_pkey on sbtest2  (cost=0.43..40.93 rows=10 width=4)
	        Index Cond: ((id >= 7491122) AND (id <= 7491131))

table 3 : explain SELECT SUM(k) FROM sbtest3 WHERE id BETWEEN 4852678 AND 4852687
	Aggregate  (cost=41.25..41.26 rows=1 width=8)
	  ->  Index Scan using sbtest3_pkey on sbtest3  (cost=0.43..41.23 rows=10 width=4)
	        Index Cond: ((id >= 4852678) AND (id <= 4852687))

table 4 : explain SELECT SUM(k) FROM sbtest4 WHERE id BETWEEN 9014494 AND 9014503
	Aggregate  (cost=44.70..44.71 rows=1 width=8)
	  ->  Index Scan using sbtest4_pkey on sbtest4  (cost=0.43..44.67 rows=11 width=4)
	        Index Cond: ((id >= 9014494) AND (id <= 9014503))

table 5 : explain SELECT SUM(k) FROM sbtest5 WHERE id BETWEEN 1220578 AND 1220587
	Aggregate  (cost=43.97..43.98 rows=1 width=8)
	  ->  Index Scan using sbtest5_pkey on sbtest5  (cost=0.43..43.94 rows=11 width=4)
	        Index Cond: ((id >= 1220578) AND (id <= 1220587))

table 6 : explain SELECT SUM(k) FROM sbtest6 WHERE id BETWEEN 3539428 AND 3539437
	Aggregate  (cost=40.12..40.13 rows=1 width=8)
	  ->  Index Scan using sbtest6_pkey on sbtest6  (cost=0.43..40.09 rows=10 width=4)
	        Index Cond: ((id >= 3539428) AND (id <= 3539437))

table 7 : explain SELECT SUM(k) FROM sbtest7 WHERE id BETWEEN 9933592 AND 9933601
	Aggregate  (cost=43.22..43.23 rows=1 width=8)
	  ->  Index Scan using sbtest7_pkey on sbtest7  (cost=0.43..43.19 rows=11 width=4)
	        Index Cond: ((id >= 9933592) AND (id <= 9933601))

table 8 : explain SELECT SUM(k) FROM sbtest8 WHERE id BETWEEN 8699264 AND 8699273
	Aggregate  (cost=40.00..40.01 rows=1 width=8)
	  ->  Index Scan using sbtest8_pkey on sbtest8  (cost=0.43..39.98 rows=10 width=4)
	        Index Cond: ((id >= 8699264) AND (id <= 8699273))

for non_index_updates
table 1 : explain UPDATE sbtest1 SET c='foobar' WHERE id=690405
	Update on sbtest1  (cost=0.43..8.45 rows=0 width=0)
	  ->  Index Scan using sbtest1_pkey on sbtest1  (cost=0.43..8.45 rows=1 width=490)
	        Index Cond: (id = 690405)

table 2 : explain UPDATE sbtest2 SET c='foobar' WHERE id=1598885
	Update on sbtest2  (cost=0.43..8.45 rows=0 width=0)
	  ->  Index Scan using sbtest2_pkey on sbtest2  (cost=0.43..8.45 rows=1 width=490)
	        Index Cond: (id = 1598885)

table 3 : explain UPDATE sbtest3 SET c='foobar' WHERE id=8390392
	Update on sbtest3  (cost=0.43..8.45 rows=0 width=0)
	  ->  Index Scan using sbtest3_pkey on sbtest3  (cost=0.43..8.45 rows=1 width=490)
	        Index Cond: (id = 8390392)

table 4 : explain UPDATE sbtest4 SET c='foobar' WHERE id=5905800
	Update on sbtest4  (cost=0.43..8.45 rows=0 width=0)
	  ->  Index Scan using sbtest4_pkey on sbtest4  (cost=0.43..8.45 rows=1 width=490)
	        Index Cond: (id = 5905800)

table 5 : explain UPDATE sbtest5 SET c='foobar' WHERE id=6073121
	Update on sbtest5  (cost=0.43..8.45 rows=0 width=0)
	  ->  Index Scan using sbtest5_pkey on sbtest5  (cost=0.43..8.45 rows=1 width=490)
	        Index Cond: (id = 6073121)

table 6 : explain UPDATE sbtest6 SET c='foobar' WHERE id=8406817
	Update on sbtest6  (cost=0.43..8.45 rows=0 width=0)
	  ->  Index Scan using sbtest6_pkey on sbtest6  (cost=0.43..8.45 rows=1 width=490)
	        Index Cond: (id = 8406817)

table 7 : explain UPDATE sbtest7 SET c='foobar' WHERE id=1139436
	Update on sbtest7  (cost=0.43..8.45 rows=0 width=0)
	  ->  Index Scan using sbtest7_pkey on sbtest7  (cost=0.43..8.45 rows=1 width=490)
	        Index Cond: (id = 1139436)

table 8 : explain UPDATE sbtest8 SET c='foobar' WHERE id=753741
	Update on sbtest8  (cost=0.43..8.45 rows=0 width=0)
	  ->  Index Scan using sbtest8_pkey on sbtest8  (cost=0.43..8.45 rows=1 width=490)
	        Index Cond: (id = 753741)

for non_index_updates
table 1 : explain UPDATE sbtest1 SET c='foobar' WHERE id=6774714
	Update on sbtest1  (cost=0.43..8.45 rows=0 width=0)
	  ->  Index Scan using sbtest1_pkey on sbtest1  (cost=0.43..8.45 rows=1 width=490)
	        Index Cond: (id = 6774714)

table 2 : explain UPDATE sbtest2 SET c='foobar' WHERE id=5596559
	Update on sbtest2  (cost=0.43..8.45 rows=0 width=0)
	  ->  Index Scan using sbtest2_pkey on sbtest2  (cost=0.43..8.45 rows=1 width=490)
	        Index Cond: (id = 5596559)

table 3 : explain UPDATE sbtest3 SET c='foobar' WHERE id=7093221
	Update on sbtest3  (cost=0.43..8.45 rows=0 width=0)
	  ->  Index Scan using sbtest3_pkey on sbtest3  (cost=0.43..8.45 rows=1 width=490)
	        Index Cond: (id = 7093221)

table 4 : explain UPDATE sbtest4 SET c='foobar' WHERE id=1569042
	Update on sbtest4  (cost=0.43..8.45 rows=0 width=0)
	  ->  Index Scan using sbtest4_pkey on sbtest4  (cost=0.43..8.45 rows=1 width=490)
	        Index Cond: (id = 1569042)

table 5 : explain UPDATE sbtest5 SET c='foobar' WHERE id=4278905
	Update on sbtest5  (cost=0.43..8.45 rows=0 width=0)
	  ->  Index Scan using sbtest5_pkey on sbtest5  (cost=0.43..8.45 rows=1 width=490)
	        Index Cond: (id = 4278905)

table 6 : explain UPDATE sbtest6 SET c='foobar' WHERE id=8676570
	Update on sbtest6  (cost=0.43..8.45 rows=0 width=0)
	  ->  Index Scan using sbtest6_pkey on sbtest6  (cost=0.43..8.45 rows=1 width=490)
	        Index Cond: (id = 8676570)

table 7 : explain UPDATE sbtest7 SET c='foobar' WHERE id=3941834
	Update on sbtest7  (cost=0.43..8.45 rows=0 width=0)
	  ->  Index Scan using sbtest7_pkey on sbtest7  (cost=0.43..8.45 rows=1 width=490)
	        Index Cond: (id = 3941834)

table 8 : explain UPDATE sbtest8 SET c='foobar' WHERE id=9409380
	Update on sbtest8  (cost=0.43..8.45 rows=0 width=0)
	  ->  Index Scan using sbtest8_pkey on sbtest8  (cost=0.43..8.45 rows=1 width=490)
	        Index Cond: (id = 9409380)

for deletes
table 1 : explain DELETE FROM sbtest1 WHERE id=7182514
	Delete on sbtest1  (cost=0.43..8.45 rows=0 width=0)
	  ->  Index Scan using sbtest1_pkey on sbtest1  (cost=0.43..8.45 rows=1 width=6)
	        Index Cond: (id = 7182514)

table 2 : explain DELETE FROM sbtest2 WHERE id=772366
	Delete on sbtest2  (cost=0.43..8.45 rows=0 width=0)
	  ->  Index Scan using sbtest2_pkey on sbtest2  (cost=0.43..8.45 rows=1 width=6)
	        Index Cond: (id = 772366)

table 3 : explain DELETE FROM sbtest3 WHERE id=1442176
	Delete on sbtest3  (cost=0.43..8.45 rows=0 width=0)
	  ->  Index Scan using sbtest3_pkey on sbtest3  (cost=0.43..8.45 rows=1 width=6)
	        Index Cond: (id = 1442176)

table 4 : explain DELETE FROM sbtest4 WHERE id=5826791
	Delete on sbtest4  (cost=0.43..8.45 rows=0 width=0)
	  ->  Index Scan using sbtest4_pkey on sbtest4  (cost=0.43..8.45 rows=1 width=6)
	        Index Cond: (id = 5826791)

table 5 : explain DELETE FROM sbtest5 WHERE id=7430345
	Delete on sbtest5  (cost=0.43..8.45 rows=0 width=0)
	  ->  Index Scan using sbtest5_pkey on sbtest5  (cost=0.43..8.45 rows=1 width=6)
	        Index Cond: (id = 7430345)

table 6 : explain DELETE FROM sbtest6 WHERE id=6807151
	Delete on sbtest6  (cost=0.43..8.45 rows=0 width=0)
	  ->  Index Scan using sbtest6_pkey on sbtest6  (cost=0.43..8.45 rows=1 width=6)
	        Index Cond: (id = 6807151)

table 7 : explain DELETE FROM sbtest7 WHERE id=6163437
	Delete on sbtest7  (cost=0.43..8.45 rows=0 width=0)
	  ->  Index Scan using sbtest7_pkey on sbtest7  (cost=0.43..8.45 rows=1 width=6)
	        Index Cond: (id = 6163437)

table 8 : explain DELETE FROM sbtest8 WHERE id=9106707
	Delete on sbtest8  (cost=0.43..8.45 rows=0 width=0)
	  ->  Index Scan using sbtest8_pkey on sbtest8  (cost=0.43..8.45 rows=1 width=6)
	        Index Cond: (id = 9106707)

explain: for deletes :: explain DELETE FROM sbtest%u WHERE id=%u
for inserts
table 1 : explain INSERT INTO sbtest1 (id, k, c, pad) VALUES (166930, 13, 'foobar', 'foobar')
	Insert on sbtest1  (cost=0.00..0.01 rows=0 width=0)
	  ->  Result  (cost=0.00..0.01 rows=1 width=736)

table 2 : explain INSERT INTO sbtest2 (id, k, c, pad) VALUES (5726221, 13, 'foobar', 'foobar')
	Insert on sbtest2  (cost=0.00..0.01 rows=0 width=0)
	  ->  Result  (cost=0.00..0.01 rows=1 width=736)

table 3 : explain INSERT INTO sbtest3 (id, k, c, pad) VALUES (1213139, 13, 'foobar', 'foobar')
	Insert on sbtest3  (cost=0.00..0.01 rows=0 width=0)
	  ->  Result  (cost=0.00..0.01 rows=1 width=736)

table 4 : explain INSERT INTO sbtest4 (id, k, c, pad) VALUES (3072014, 13, 'foobar', 'foobar')
	Insert on sbtest4  (cost=0.00..0.01 rows=0 width=0)
	  ->  Result  (cost=0.00..0.01 rows=1 width=736)

table 5 : explain INSERT INTO sbtest5 (id, k, c, pad) VALUES (7988010, 13, 'foobar', 'foobar')
	Insert on sbtest5  (cost=0.00..0.01 rows=0 width=0)
	  ->  Result  (cost=0.00..0.01 rows=1 width=736)

table 6 : explain INSERT INTO sbtest6 (id, k, c, pad) VALUES (1744642, 13, 'foobar', 'foobar')
	Insert on sbtest6  (cost=0.00..0.01 rows=0 width=0)
	  ->  Result  (cost=0.00..0.01 rows=1 width=736)

table 7 : explain INSERT INTO sbtest7 (id, k, c, pad) VALUES (1969596, 13, 'foobar', 'foobar')
	Insert on sbtest7  (cost=0.00..0.01 rows=0 width=0)
	  ->  Result  (cost=0.00..0.01 rows=1 width=736)

table 8 : explain INSERT INTO sbtest8 (id, k, c, pad) VALUES (9927604, 13, 'foobar', 'foobar')
	Insert on sbtest8  (cost=0.00..0.01 rows=0 width=0)
	  ->  Result  (cost=0.00..0.01 rows=1 width=736)

explain: for deletes :: explain DELETE FROM sbtest%u WHERE id=%u
for: order_ranges
table 1 : explain SELECT c FROM sbtest1 WHERE id BETWEEN 7796887 AND 7796896 ORDER BY c
	Sort  (cost=41.13..41.15 rows=10 width=121)
	  Sort Key: c
	  ->  Index Scan using sbtest1_pkey on sbtest1  (cost=0.43..40.96 rows=10 width=121)
	        Index Cond: ((id >= 7796887) AND (id <= 7796896))

table 2 : explain SELECT c FROM sbtest2 WHERE id BETWEEN 2541269 AND 2541278 ORDER BY c
	Sort  (cost=41.09..41.12 rows=10 width=121)
	  Sort Key: c
	  ->  Index Scan using sbtest2_pkey on sbtest2  (cost=0.43..40.93 rows=10 width=121)
	        Index Cond: ((id >= 2541269) AND (id <= 2541278))

table 3 : explain SELECT c FROM sbtest3 WHERE id BETWEEN 4804417 AND 4804426 ORDER BY c
	Sort  (cost=41.39..41.42 rows=10 width=121)
	  Sort Key: c
	  ->  Index Scan using sbtest3_pkey on sbtest3  (cost=0.43..41.23 rows=10 width=121)
	        Index Cond: ((id >= 4804417) AND (id <= 4804426))

table 4 : explain SELECT c FROM sbtest4 WHERE id BETWEEN 9359474 AND 9359483 ORDER BY c
	Sort  (cost=41.22..41.24 rows=10 width=121)
	  Sort Key: c
	  ->  Index Scan using sbtest4_pkey on sbtest4  (cost=0.43..41.05 rows=10 width=121)
	        Index Cond: ((id >= 9359474) AND (id <= 9359483))

table 5 : explain SELECT c FROM sbtest5 WHERE id BETWEEN 9119361 AND 9119370 ORDER BY c
	Sort  (cost=40.56..40.58 rows=10 width=121)
	  Sort Key: c
	  ->  Index Scan using sbtest5_pkey on sbtest5  (cost=0.43..40.39 rows=10 width=121)
	        Index Cond: ((id >= 9119361) AND (id <= 9119370))

table 6 : explain SELECT c FROM sbtest6 WHERE id BETWEEN 6344788 AND 6344797 ORDER BY c
	Sort  (cost=40.26..40.28 rows=10 width=121)
	  Sort Key: c
	  ->  Index Scan using sbtest6_pkey on sbtest6  (cost=0.43..40.09 rows=10 width=121)
	        Index Cond: ((id >= 6344788) AND (id <= 6344797))

table 7 : explain SELECT c FROM sbtest7 WHERE id BETWEEN 6232408 AND 6232417 ORDER BY c
	Sort  (cost=39.89..39.91 rows=10 width=121)
	  Sort Key: c
	  ->  Index Scan using sbtest7_pkey on sbtest7  (cost=0.43..39.72 rows=10 width=121)
	        Index Cond: ((id >= 6232408) AND (id <= 6232417))

table 8 : explain SELECT c FROM sbtest8 WHERE id BETWEEN 2205447 AND 2205456 ORDER BY c
	Sort  (cost=40.14..40.17 rows=10 width=121)
	  Sort Key: c
	  ->  Index Scan using sbtest8_pkey on sbtest8  (cost=0.43..39.98 rows=10 width=121)
	        Index Cond: ((id >= 2205447) AND (id <= 2205456))

explain: for point_selects :: explain SELECT c FROM sbtest%u WHERE id=%u
explain: for index_updates :: explain UPDATE sbtest%u SET k=k+1 WHERE id=%u
for deletes
table 1 : explain DELETE FROM sbtest1 WHERE id=7619397
	Delete on sbtest1  (cost=0.43..8.45 rows=0 width=0)
	  ->  Index Scan using sbtest1_pkey on sbtest1  (cost=0.43..8.45 rows=1 width=6)
	        Index Cond: (id = 7619397)

table 2 : explain DELETE FROM sbtest2 WHERE id=8138099
	Delete on sbtest2  (cost=0.43..8.45 rows=0 width=0)
	  ->  Index Scan using sbtest2_pkey on sbtest2  (cost=0.43..8.45 rows=1 width=6)
	        Index Cond: (id = 8138099)

table 3 : explain DELETE FROM sbtest3 WHERE id=4310145
	Delete on sbtest3  (cost=0.43..8.45 rows=0 width=0)
	  ->  Index Scan using sbtest3_pkey on sbtest3  (cost=0.43..8.45 rows=1 width=6)
	        Index Cond: (id = 4310145)

table 4 : explain DELETE FROM sbtest4 WHERE id=9042633
	Delete on sbtest4  (cost=0.43..8.45 rows=0 width=0)
	  ->  Index Scan using sbtest4_pkey on sbtest4  (cost=0.43..8.45 rows=1 width=6)
	        Index Cond: (id = 9042633)

table 5 : explain DELETE FROM sbtest5 WHERE id=1763621
	Delete on sbtest5  (cost=0.43..8.45 rows=0 width=0)
	  ->  Index Scan using sbtest5_pkey on sbtest5  (cost=0.43..8.45 rows=1 width=6)
	        Index Cond: (id = 1763621)

table 6 : explain DELETE FROM sbtest6 WHERE id=1851358
	Delete on sbtest6  (cost=0.43..8.45 rows=0 width=0)
	  ->  Index Scan using sbtest6_pkey on sbtest6  (cost=0.43..8.45 rows=1 width=6)
	        Index Cond: (id = 1851358)

table 7 : explain DELETE FROM sbtest7 WHERE id=1162448
	Delete on sbtest7  (cost=0.43..8.45 rows=0 width=0)
	  ->  Index Scan using sbtest7_pkey on sbtest7  (cost=0.43..8.45 rows=1 width=6)
	        Index Cond: (id = 1162448)

table 8 : explain DELETE FROM sbtest8 WHERE id=9627072
	Delete on sbtest8  (cost=0.43..8.45 rows=0 width=0)
	  ->  Index Scan using sbtest8_pkey on sbtest8  (cost=0.43..8.45 rows=1 width=6)
	        Index Cond: (id = 9627072)

explain: for inserts :: explain INSERT INTO sbtest%u (id, k, c, pad) VALUES (%u, 13, 'foobar', 'foobar')
for deletes
table 1 : explain DELETE FROM sbtest1 WHERE id=7271462
	Delete on sbtest1  (cost=0.43..8.45 rows=0 width=0)
	  ->  Index Scan using sbtest1_pkey on sbtest1  (cost=0.43..8.45 rows=1 width=6)
	        Index Cond: (id = 7271462)

table 2 : explain DELETE FROM sbtest2 WHERE id=5599408
	Delete on sbtest2  (cost=0.43..8.45 rows=0 width=0)
	  ->  Index Scan using sbtest2_pkey on sbtest2  (cost=0.43..8.45 rows=1 width=6)
	        Index Cond: (id = 5599408)

table 3 : explain DELETE FROM sbtest3 WHERE id=1488621
	Delete on sbtest3  (cost=0.43..8.45 rows=0 width=0)
	  ->  Index Scan using sbtest3_pkey on sbtest3  (cost=0.43..8.45 rows=1 width=6)
	        Index Cond: (id = 1488621)

table 4 : explain DELETE FROM sbtest4 WHERE id=5489383
	Delete on sbtest4  (cost=0.43..8.45 rows=0 width=0)
	  ->  Index Scan using sbtest4_pkey on sbtest4  (cost=0.43..8.45 rows=1 width=6)
	        Index Cond: (id = 5489383)

table 5 : explain DELETE FROM sbtest5 WHERE id=3383672
	Delete on sbtest5  (cost=0.43..8.45 rows=0 width=0)
	  ->  Index Scan using sbtest5_pkey on sbtest5  (cost=0.43..8.45 rows=1 width=6)
	        Index Cond: (id = 3383672)

table 6 : explain DELETE FROM sbtest6 WHERE id=3184659
	Delete on sbtest6  (cost=0.43..8.45 rows=0 width=0)
	  ->  Index Scan using sbtest6_pkey on sbtest6  (cost=0.43..8.45 rows=1 width=6)
	        Index Cond: (id = 3184659)

table 7 : explain DELETE FROM sbtest7 WHERE id=8008400
	Delete on sbtest7  (cost=0.43..8.45 rows=0 width=0)
	  ->  Index Scan using sbtest7_pkey on sbtest7  (cost=0.43..8.45 rows=1 width=6)
	        Index Cond: (id = 8008400)

table 8 : explain DELETE FROM sbtest8 WHERE id=8817421
	Delete on sbtest8  (cost=0.43..8.45 rows=0 width=0)
	  ->  Index Scan using sbtest8_pkey on sbtest8  (cost=0.43..8.45 rows=1 width=6)
	        Index Cond: (id = 8817421)

for index_updates
table 1 : explain UPDATE sbtest1 SET k=k+1 WHERE id=9170863
	Update on sbtest1  (cost=0.43..8.46 rows=0 width=0)
	  ->  Index Scan using sbtest1_pkey on sbtest1  (cost=0.43..8.46 rows=1 width=10)
	        Index Cond: (id = 9170863)

table 2 : explain UPDATE sbtest2 SET k=k+1 WHERE id=9306295
	Update on sbtest2  (cost=0.43..8.46 rows=0 width=0)
	  ->  Index Scan using sbtest2_pkey on sbtest2  (cost=0.43..8.46 rows=1 width=10)
	        Index Cond: (id = 9306295)

table 3 : explain UPDATE sbtest3 SET k=k+1 WHERE id=2212982
	Update on sbtest3  (cost=0.43..8.46 rows=0 width=0)
	  ->  Index Scan using sbtest3_pkey on sbtest3  (cost=0.43..8.46 rows=1 width=10)
	        Index Cond: (id = 2212982)

table 4 : explain UPDATE sbtest4 SET k=k+1 WHERE id=1756013
	Update on sbtest4  (cost=0.43..8.46 rows=0 width=0)
	  ->  Index Scan using sbtest4_pkey on sbtest4  (cost=0.43..8.46 rows=1 width=10)
	        Index Cond: (id = 1756013)

table 5 : explain UPDATE sbtest5 SET k=k+1 WHERE id=9517895
	Update on sbtest5  (cost=0.43..8.46 rows=0 width=0)
	  ->  Index Scan using sbtest5_pkey on sbtest5  (cost=0.43..8.46 rows=1 width=10)
	        Index Cond: (id = 9517895)

table 6 : explain UPDATE sbtest6 SET k=k+1 WHERE id=12961
	Update on sbtest6  (cost=0.43..8.46 rows=0 width=0)
	  ->  Index Scan using sbtest6_pkey on sbtest6  (cost=0.43..8.46 rows=1 width=10)
	        Index Cond: (id = 12961)

table 7 : explain UPDATE sbtest7 SET k=k+1 WHERE id=8386584
	Update on sbtest7  (cost=0.43..8.46 rows=0 width=0)
	  ->  Index Scan using sbtest7_pkey on sbtest7  (cost=0.43..8.46 rows=1 width=10)
	        Index Cond: (id = 8386584)

table 8 : explain UPDATE sbtest8 SET k=k+1 WHERE id=3433228
	Update on sbtest8  (cost=0.43..8.46 rows=0 width=0)
	  ->  Index Scan using sbtest8_pkey on sbtest8  (cost=0.43..8.46 rows=1 width=10)
	        Index Cond: (id = 3433228)

for: distinct_ranges
table 1 : explain SELECT DISTINCT c FROM sbtest1 WHERE id BETWEEN 2389879 AND 2389888 ORDER BY c
	Unique  (cost=41.13..41.18 rows=10 width=121)
	  ->  Sort  (cost=41.13..41.15 rows=10 width=121)
	        Sort Key: c
	        ->  Index Scan using sbtest1_pkey on sbtest1  (cost=0.43..40.96 rows=10 width=121)
	              Index Cond: ((id >= 2389879) AND (id <= 2389888))

table 2 : explain SELECT DISTINCT c FROM sbtest2 WHERE id BETWEEN 8074635 AND 8074644 ORDER BY c
	Unique  (cost=41.09..41.14 rows=10 width=121)
	  ->  Sort  (cost=41.09..41.12 rows=10 width=121)
	        Sort Key: c
	        ->  Index Scan using sbtest2_pkey on sbtest2  (cost=0.43..40.93 rows=10 width=121)
	              Index Cond: ((id >= 8074635) AND (id <= 8074644))

table 3 : explain SELECT DISTINCT c FROM sbtest3 WHERE id BETWEEN 4789282 AND 4789291 ORDER BY c
	Unique  (cost=41.39..41.44 rows=10 width=121)
	  ->  Sort  (cost=41.39..41.42 rows=10 width=121)
	        Sort Key: c
	        ->  Index Scan using sbtest3_pkey on sbtest3  (cost=0.43..41.23 rows=10 width=121)
	              Index Cond: ((id >= 4789282) AND (id <= 4789291))

table 4 : explain SELECT DISTINCT c FROM sbtest4 WHERE id BETWEEN 5162075 AND 5162084 ORDER BY c
	Unique  (cost=37.57..37.62 rows=9 width=121)
	  ->  Sort  (cost=37.57..37.59 rows=9 width=121)
	        Sort Key: c
	        ->  Index Scan using sbtest4_pkey on sbtest4  (cost=0.43..37.43 rows=9 width=121)
	              Index Cond: ((id >= 5162075) AND (id <= 5162084))

table 5 : explain SELECT DISTINCT c FROM sbtest5 WHERE id BETWEEN 7160542 AND 7160551 ORDER BY c
	Unique  (cost=40.56..40.61 rows=10 width=121)
	  ->  Sort  (cost=40.56..40.58 rows=10 width=121)
	        Sort Key: c
	        ->  Index Scan using sbtest5_pkey on sbtest5  (cost=0.43..40.39 rows=10 width=121)
	              Index Cond: ((id >= 7160542) AND (id <= 7160551))

table 6 : explain SELECT DISTINCT c FROM sbtest6 WHERE id BETWEEN 654760 AND 654769 ORDER BY c
	Unique  (cost=40.26..40.31 rows=10 width=121)
	  ->  Sort  (cost=40.26..40.28 rows=10 width=121)
	        Sort Key: c
	        ->  Index Scan using sbtest6_pkey on sbtest6  (cost=0.43..40.09 rows=10 width=121)
	              Index Cond: ((id >= 654760) AND (id <= 654769))

table 7 : explain SELECT DISTINCT c FROM sbtest7 WHERE id BETWEEN 2177210 AND 2177219 ORDER BY c
	Unique  (cost=39.89..39.94 rows=10 width=121)
	  ->  Sort  (cost=39.89..39.91 rows=10 width=121)
	        Sort Key: c
	        ->  Index Scan using sbtest7_pkey on sbtest7  (cost=0.43..39.72 rows=10 width=121)
	              Index Cond: ((id >= 2177210) AND (id <= 2177219))

table 8 : explain SELECT DISTINCT c FROM sbtest8 WHERE id BETWEEN 2191045 AND 2191054 ORDER BY c
	Unique  (cost=40.14..40.19 rows=10 width=121)
	  ->  Sort  (cost=40.14..40.17 rows=10 width=121)
	        Sort Key: c
	        ->  Index Scan using sbtest8_pkey on sbtest8  (cost=0.43..39.98 rows=10 width=121)
	              Index Cond: ((id >= 2191045) AND (id <= 2191054))

explain: for inserts :: explain INSERT INTO sbtest%u (id, k, c, pad) VALUES (%u, 13, 'foobar', 'foobar')
explain: for index_updates :: explain UPDATE sbtest%u SET k=k+1 WHERE id=%u
for index_updates
table 1 : explain UPDATE sbtest1 SET k=k+1 WHERE id=650810
	Update on sbtest1  (cost=0.43..8.46 rows=0 width=0)
	  ->  Index Scan using sbtest1_pkey on sbtest1  (cost=0.43..8.46 rows=1 width=10)
	        Index Cond: (id = 650810)

table 2 : explain UPDATE sbtest2 SET k=k+1 WHERE id=41215
	Update on sbtest2  (cost=0.43..8.46 rows=0 width=0)
	  ->  Index Scan using sbtest2_pkey on sbtest2  (cost=0.43..8.46 rows=1 width=10)
	        Index Cond: (id = 41215)

table 3 : explain UPDATE sbtest3 SET k=k+1 WHERE id=7193996
	Update on sbtest3  (cost=0.43..8.46 rows=0 width=0)
	  ->  Index Scan using sbtest3_pkey on sbtest3  (cost=0.43..8.46 rows=1 width=10)
	        Index Cond: (id = 7193996)

table 4 : explain UPDATE sbtest4 SET k=k+1 WHERE id=6758133
	Update on sbtest4  (cost=0.43..8.46 rows=0 width=0)
	  ->  Index Scan using sbtest4_pkey on sbtest4  (cost=0.43..8.46 rows=1 width=10)
	        Index Cond: (id = 6758133)

table 5 : explain UPDATE sbtest5 SET k=k+1 WHERE id=9614133
	Update on sbtest5  (cost=0.43..8.46 rows=0 width=0)
	  ->  Index Scan using sbtest5_pkey on sbtest5  (cost=0.43..8.46 rows=1 width=10)
	        Index Cond: (id = 9614133)

table 6 : explain UPDATE sbtest6 SET k=k+1 WHERE id=6877908
	Update on sbtest6  (cost=0.43..8.46 rows=0 width=0)
	  ->  Index Scan using sbtest6_pkey on sbtest6  (cost=0.43..8.46 rows=1 width=10)
	        Index Cond: (id = 6877908)

table 7 : explain UPDATE sbtest7 SET k=k+1 WHERE id=2833230
	Update on sbtest7  (cost=0.43..8.46 rows=0 width=0)
	  ->  Index Scan using sbtest7_pkey on sbtest7  (cost=0.43..8.46 rows=1 width=10)
	        Index Cond: (id = 2833230)

table 8 : explain UPDATE sbtest8 SET k=k+1 WHERE id=2935927
	Update on sbtest8  (cost=0.43..8.46 rows=0 width=0)
	  ->  Index Scan using sbtest8_pkey on sbtest8  (cost=0.43..8.46 rows=1 width=10)
	        Index Cond: (id = 2935927)

for: sum_ranges
table 1 : explain SELECT SUM(k) FROM sbtest1 WHERE id BETWEEN 1577644 AND 1577653
	Aggregate  (cost=40.98..40.99 rows=1 width=8)
	  ->  Index Scan using sbtest1_pkey on sbtest1  (cost=0.43..40.96 rows=10 width=4)
	        Index Cond: ((id >= 1577644) AND (id <= 1577653))

table 2 : explain SELECT SUM(k) FROM sbtest2 WHERE id BETWEEN 6363872 AND 6363881
	Aggregate  (cost=40.95..40.96 rows=1 width=8)
	  ->  Index Scan using sbtest2_pkey on sbtest2  (cost=0.43..40.93 rows=10 width=4)
	        Index Cond: ((id >= 6363872) AND (id <= 6363881))

table 3 : explain SELECT SUM(k) FROM sbtest3 WHERE id BETWEEN 3038060 AND 3038069
	Aggregate  (cost=41.25..41.26 rows=1 width=8)
	  ->  Index Scan using sbtest3_pkey on sbtest3  (cost=0.43..41.23 rows=10 width=4)
	        Index Cond: ((id >= 3038060) AND (id <= 3038069))

table 4 : explain SELECT SUM(k) FROM sbtest4 WHERE id BETWEEN 629847 AND 629856
	Aggregate  (cost=37.45..37.46 rows=1 width=8)
	  ->  Index Scan using sbtest4_pkey on sbtest4  (cost=0.43..37.43 rows=9 width=4)
	        Index Cond: ((id >= 629847) AND (id <= 629856))

table 5 : explain SELECT SUM(k) FROM sbtest5 WHERE id BETWEEN 4396946 AND 4396955
	Aggregate  (cost=40.42..40.43 rows=1 width=8)
	  ->  Index Scan using sbtest5_pkey on sbtest5  (cost=0.43..40.39 rows=10 width=4)
	        Index Cond: ((id >= 4396946) AND (id <= 4396955))

table 6 : explain SELECT SUM(k) FROM sbtest6 WHERE id BETWEEN 3047994 AND 3048003
	Aggregate  (cost=40.12..40.13 rows=1 width=8)
	  ->  Index Scan using sbtest6_pkey on sbtest6  (cost=0.43..40.09 rows=10 width=4)
	        Index Cond: ((id >= 3047994) AND (id <= 3048003))

table 7 : explain SELECT SUM(k) FROM sbtest7 WHERE id BETWEEN 5782046 AND 5782055
	Aggregate  (cost=39.74..39.75 rows=1 width=8)
	  ->  Index Scan using sbtest7_pkey on sbtest7  (cost=0.43..39.72 rows=10 width=4)
	        Index Cond: ((id >= 5782046) AND (id <= 5782055))

table 8 : explain SELECT SUM(k) FROM sbtest8 WHERE id BETWEEN 3672572 AND 3672581
	Aggregate  (cost=40.00..40.01 rows=1 width=8)
	  ->  Index Scan using sbtest8_pkey on sbtest8  (cost=0.43..39.98 rows=10 width=4)
	        Index Cond: ((id >= 3672572) AND (id <= 3672581))

for inserts
table 1 : explain INSERT INTO sbtest1 (id, k, c, pad) VALUES (1043798, 13, 'foobar', 'foobar')
	Insert on sbtest1  (cost=0.00..0.01 rows=0 width=0)
	  ->  Result  (cost=0.00..0.01 rows=1 width=736)

table 2 : explain INSERT INTO sbtest2 (id, k, c, pad) VALUES (4711328, 13, 'foobar', 'foobar')
	Insert on sbtest2  (cost=0.00..0.01 rows=0 width=0)
	  ->  Result  (cost=0.00..0.01 rows=1 width=736)

table 3 : explain INSERT INTO sbtest3 (id, k, c, pad) VALUES (6943131, 13, 'foobar', 'foobar')
	Insert on sbtest3  (cost=0.00..0.01 rows=0 width=0)
	  ->  Result  (cost=0.00..0.01 rows=1 width=736)

table 4 : explain INSERT INTO sbtest4 (id, k, c, pad) VALUES (9922866, 13, 'foobar', 'foobar')
	Insert on sbtest4  (cost=0.00..0.01 rows=0 width=0)
	  ->  Result  (cost=0.00..0.01 rows=1 width=736)

table 5 : explain INSERT INTO sbtest5 (id, k, c, pad) VALUES (8287768, 13, 'foobar', 'foobar')
	Insert on sbtest5  (cost=0.00..0.01 rows=0 width=0)
	  ->  Result  (cost=0.00..0.01 rows=1 width=736)

table 6 : explain INSERT INTO sbtest6 (id, k, c, pad) VALUES (8924148, 13, 'foobar', 'foobar')
	Insert on sbtest6  (cost=0.00..0.01 rows=0 width=0)
	  ->  Result  (cost=0.00..0.01 rows=1 width=736)

table 7 : explain INSERT INTO sbtest7 (id, k, c, pad) VALUES (4137174, 13, 'foobar', 'foobar')
	Insert on sbtest7  (cost=0.00..0.01 rows=0 width=0)
	  ->  Result  (cost=0.00..0.01 rows=1 width=736)

table 8 : explain INSERT INTO sbtest8 (id, k, c, pad) VALUES (5477935, 13, 'foobar', 'foobar')
	Insert on sbtest8  (cost=0.00..0.01 rows=0 width=0)
	  ->  Result  (cost=0.00..0.01 rows=1 width=736)

explain: for non_index_updates :: explain UPDATE sbtest%u SET c='foobar' WHERE id=%u
explain: for inserts :: explain INSERT INTO sbtest%u (id, k, c, pad) VALUES (%u, 13, 'foobar', 'foobar')
for inserts
table 1 : explain INSERT INTO sbtest1 (id, k, c, pad) VALUES (5311056, 13, 'foobar', 'foobar')
	Insert on sbtest1  (cost=0.00..0.01 rows=0 width=0)
	  ->  Result  (cost=0.00..0.01 rows=1 width=736)

table 2 : explain INSERT INTO sbtest2 (id, k, c, pad) VALUES (1984657, 13, 'foobar', 'foobar')
	Insert on sbtest2  (cost=0.00..0.01 rows=0 width=0)
	  ->  Result  (cost=0.00..0.01 rows=1 width=736)

table 3 : explain INSERT INTO sbtest3 (id, k, c, pad) VALUES (6081574, 13, 'foobar', 'foobar')
	Insert on sbtest3  (cost=0.00..0.01 rows=0 width=0)
	  ->  Result  (cost=0.00..0.01 rows=1 width=736)

table 4 : explain INSERT INTO sbtest4 (id, k, c, pad) VALUES (3667130, 13, 'foobar', 'foobar')
	Insert on sbtest4  (cost=0.00..0.01 rows=0 width=0)
	  ->  Result  (cost=0.00..0.01 rows=1 width=736)

table 5 : explain INSERT INTO sbtest5 (id, k, c, pad) VALUES (5237221, 13, 'foobar', 'foobar')
	Insert on sbtest5  (cost=0.00..0.01 rows=0 width=0)
	  ->  Result  (cost=0.00..0.01 rows=1 width=736)

table 6 : explain INSERT INTO sbtest6 (id, k, c, pad) VALUES (3445219, 13, 'foobar', 'foobar')
	Insert on sbtest6  (cost=0.00..0.01 rows=0 width=0)
	  ->  Result  (cost=0.00..0.01 rows=1 width=736)

table 7 : explain INSERT INTO sbtest7 (id, k, c, pad) VALUES (4011781, 13, 'foobar', 'foobar')
	Insert on sbtest7  (cost=0.00..0.01 rows=0 width=0)
	  ->  Result  (cost=0.00..0.01 rows=1 width=736)

table 8 : explain INSERT INTO sbtest8 (id, k, c, pad) VALUES (4779373, 13, 'foobar', 'foobar')
	Insert on sbtest8  (cost=0.00..0.01 rows=0 width=0)
	  ->  Result  (cost=0.00..0.01 rows=1 width=736)

explain: for non_index_updates :: explain UPDATE sbtest%u SET c='foobar' WHERE id=%u
for non_index_updates
table 1 : explain UPDATE sbtest1 SET c='foobar' WHERE id=6626976
	Update on sbtest1  (cost=0.43..8.45 rows=0 width=0)
	  ->  Index Scan using sbtest1_pkey on sbtest1  (cost=0.43..8.45 rows=1 width=490)
	        Index Cond: (id = 6626976)

table 2 : explain UPDATE sbtest2 SET c='foobar' WHERE id=7891981
	Update on sbtest2  (cost=0.43..8.45 rows=0 width=0)
	  ->  Index Scan using sbtest2_pkey on sbtest2  (cost=0.43..8.45 rows=1 width=490)
	        Index Cond: (id = 7891981)

table 3 : explain UPDATE sbtest3 SET c='foobar' WHERE id=6104300
	Update on sbtest3  (cost=0.43..8.45 rows=0 width=0)
	  ->  Index Scan using sbtest3_pkey on sbtest3  (cost=0.43..8.45 rows=1 width=490)
	        Index Cond: (id = 6104300)

table 4 : explain UPDATE sbtest4 SET c='foobar' WHERE id=4281948
	Update on sbtest4  (cost=0.43..8.45 rows=0 width=0)
	  ->  Index Scan using sbtest4_pkey on sbtest4  (cost=0.43..8.45 rows=1 width=490)
	        Index Cond: (id = 4281948)

table 5 : explain UPDATE sbtest5 SET c='foobar' WHERE id=7842770
	Update on sbtest5  (cost=0.43..8.45 rows=0 width=0)
	  ->  Index Scan using sbtest5_pkey on sbtest5  (cost=0.43..8.45 rows=1 width=490)
	        Index Cond: (id = 7842770)

table 6 : explain UPDATE sbtest6 SET c='foobar' WHERE id=9476184
	Update on sbtest6  (cost=0.43..8.45 rows=0 width=0)
	  ->  Index Scan using sbtest6_pkey on sbtest6  (cost=0.43..8.45 rows=1 width=490)
	        Index Cond: (id = 9476184)

table 7 : explain UPDATE sbtest7 SET c='foobar' WHERE id=5121292
	Update on sbtest7  (cost=0.43..8.45 rows=0 width=0)
	  ->  Index Scan using sbtest7_pkey on sbtest7  (cost=0.43..8.45 rows=1 width=490)
	        Index Cond: (id = 5121292)

table 8 : explain UPDATE sbtest8 SET c='foobar' WHERE id=1213984
	Update on sbtest8  (cost=0.43..8.45 rows=0 width=0)
	  ->  Index Scan using sbtest8_pkey on sbtest8  (cost=0.43..8.45 rows=1 width=490)
	        Index Cond: (id = 1213984)

explain: for point_selects :: explain SELECT c FROM sbtest%u WHERE id=%u
explain: for deletes :: explain DELETE FROM sbtest%u WHERE id=%u
for: simple_ranges
table 1 : explain SELECT c FROM sbtest1 WHERE id BETWEEN 6115417 AND 6115426
	Index Scan using sbtest1_pkey on sbtest1  (cost=0.43..40.96 rows=10 width=121)
	  Index Cond: ((id >= 6115417) AND (id <= 6115426))

table 2 : explain SELECT c FROM sbtest2 WHERE id BETWEEN 4051624 AND 4051633
	Index Scan using sbtest2_pkey on sbtest2  (cost=0.43..44.54 rows=11 width=121)
	  Index Cond: ((id >= 4051624) AND (id <= 4051633))

table 3 : explain SELECT c FROM sbtest3 WHERE id BETWEEN 1144729 AND 1144738
	Index Scan using sbtest3_pkey on sbtest3  (cost=0.43..37.58 rows=9 width=121)
	  Index Cond: ((id >= 1144729) AND (id <= 1144738))

table 4 : explain SELECT c FROM sbtest4 WHERE id BETWEEN 6434783 AND 6434792
	Index Scan using sbtest4_pkey on sbtest4  (cost=0.43..41.05 rows=10 width=121)
	  Index Cond: ((id >= 6434783) AND (id <= 6434792))

table 5 : explain SELECT c FROM sbtest5 WHERE id BETWEEN 3056458 AND 3056467
	Index Scan using sbtest5_pkey on sbtest5  (cost=0.43..36.85 rows=9 width=121)
	  Index Cond: ((id >= 3056458) AND (id <= 3056467))

table 6 : explain SELECT c FROM sbtest6 WHERE id BETWEEN 719739 AND 719748
	Index Scan using sbtest6_pkey on sbtest6  (cost=0.43..40.09 rows=10 width=121)
	  Index Cond: ((id >= 719739) AND (id <= 719748))

table 7 : explain SELECT c FROM sbtest7 WHERE id BETWEEN 7561534 AND 7561543
	Index Scan using sbtest7_pkey on sbtest7  (cost=0.43..39.72 rows=10 width=121)
	  Index Cond: ((id >= 7561534) AND (id <= 7561543))

table 8 : explain SELECT c FROM sbtest8 WHERE id BETWEEN 602225 AND 602234
	Index Scan using sbtest8_pkey on sbtest8  (cost=0.43..39.98 rows=10 width=121)
	  Index Cond: ((id >= 602225) AND (id <= 602234))

for non_index_updates
table 1 : explain UPDATE sbtest1 SET c='foobar' WHERE id=8614568
	Update on sbtest1  (cost=0.43..8.45 rows=0 width=0)
	  ->  Index Scan using sbtest1_pkey on sbtest1  (cost=0.43..8.45 rows=1 width=490)
	        Index Cond: (id = 8614568)

table 2 : explain UPDATE sbtest2 SET c='foobar' WHERE id=6150366
	Update on sbtest2  (cost=0.43..8.45 rows=0 width=0)
	  ->  Index Scan using sbtest2_pkey on sbtest2  (cost=0.43..8.45 rows=1 width=490)
	        Index Cond: (id = 6150366)

table 3 : explain UPDATE sbtest3 SET c='foobar' WHERE id=6690905
	Update on sbtest3  (cost=0.43..8.45 rows=0 width=0)
	  ->  Index Scan using sbtest3_pkey on sbtest3  (cost=0.43..8.45 rows=1 width=490)
	        Index Cond: (id = 6690905)

table 4 : explain UPDATE sbtest4 SET c='foobar' WHERE id=1060321
	Update on sbtest4  (cost=0.43..8.45 rows=0 width=0)
	  ->  Index Scan using sbtest4_pkey on sbtest4  (cost=0.43..8.45 rows=1 width=490)
	        Index Cond: (id = 1060321)

table 5 : explain UPDATE sbtest5 SET c='foobar' WHERE id=2376466
	Update on sbtest5  (cost=0.43..8.45 rows=0 width=0)
	  ->  Index Scan using sbtest5_pkey on sbtest5  (cost=0.43..8.45 rows=1 width=490)
	        Index Cond: (id = 2376466)

table 6 : explain UPDATE sbtest6 SET c='foobar' WHERE id=8585155
	Update on sbtest6  (cost=0.43..8.45 rows=0 width=0)
	  ->  Index Scan using sbtest6_pkey on sbtest6  (cost=0.43..8.45 rows=1 width=490)
	        Index Cond: (id = 8585155)

table 7 : explain UPDATE sbtest7 SET c='foobar' WHERE id=6373372
	Update on sbtest7  (cost=0.43..8.45 rows=0 width=0)
	  ->  Index Scan using sbtest7_pkey on sbtest7  (cost=0.43..8.45 rows=1 width=490)
	        Index Cond: (id = 6373372)

table 8 : explain UPDATE sbtest8 SET c='foobar' WHERE id=3581536
	Update on sbtest8  (cost=0.43..8.45 rows=0 width=0)
	  ->  Index Scan using sbtest8_pkey on sbtest8  (cost=0.43..8.45 rows=1 width=490)
	        Index Cond: (id = 3581536)

for point_selects
table 1 : explain SELECT c FROM sbtest1 WHERE id=7728143
	Index Scan using sbtest1_pkey on sbtest1  (cost=0.43..8.45 rows=1 width=121)
	  Index Cond: (id = 7728143)

table 2 : explain SELECT c FROM sbtest2 WHERE id=3940129
	Index Scan using sbtest2_pkey on sbtest2  (cost=0.43..8.45 rows=1 width=121)
	  Index Cond: (id = 3940129)

table 3 : explain SELECT c FROM sbtest3 WHERE id=7326169
	Index Scan using sbtest3_pkey on sbtest3  (cost=0.43..8.45 rows=1 width=121)
	  Index Cond: (id = 7326169)

table 4 : explain SELECT c FROM sbtest4 WHERE id=6944088
	Index Scan using sbtest4_pkey on sbtest4  (cost=0.43..8.45 rows=1 width=121)
	  Index Cond: (id = 6944088)

table 5 : explain SELECT c FROM sbtest5 WHERE id=1055427
	Index Scan using sbtest5_pkey on sbtest5  (cost=0.43..8.45 rows=1 width=121)
	  Index Cond: (id = 1055427)

table 6 : explain SELECT c FROM sbtest6 WHERE id=1548441
	Index Scan using sbtest6_pkey on sbtest6  (cost=0.43..8.45 rows=1 width=121)
	  Index Cond: (id = 1548441)

table 7 : explain SELECT c FROM sbtest7 WHERE id=5073234
	Index Scan using sbtest7_pkey on sbtest7  (cost=0.43..8.45 rows=1 width=121)
	  Index Cond: (id = 5073234)

table 8 : explain SELECT c FROM sbtest8 WHERE id=1274346
	Index Scan using sbtest8_pkey on sbtest8  (cost=0.43..8.45 rows=1 width=121)
	  Index Cond: (id = 1274346)

explain: for point_selects :: explain SELECT c FROM sbtest%u WHERE id=%u
explain: for point_selects :: explain SELECT c FROM sbtest%u WHERE id=%u
explain: for deletes :: explain DELETE FROM sbtest%u WHERE id=%u
for: order_ranges
table 1 : explain SELECT c FROM sbtest1 WHERE id BETWEEN 5427859 AND 5427868 ORDER BY c
	Sort  (cost=41.13..41.15 rows=10 width=121)
	  Sort Key: c
	  ->  Index Scan using sbtest1_pkey on sbtest1  (cost=0.43..40.96 rows=10 width=121)
	        Index Cond: ((id >= 5427859) AND (id <= 5427868))

table 2 : explain SELECT c FROM sbtest2 WHERE id BETWEEN 9011805 AND 9011814 ORDER BY c
	Sort  (cost=41.09..41.12 rows=10 width=121)
	  Sort Key: c
	  ->  Index Scan using sbtest2_pkey on sbtest2  (cost=0.43..40.93 rows=10 width=121)
	        Index Cond: ((id >= 9011805) AND (id <= 9011814))

table 3 : explain SELECT c FROM sbtest3 WHERE id BETWEEN 4823543 AND 4823552 ORDER BY c
	Sort  (cost=41.39..41.42 rows=10 width=121)
	  Sort Key: c
	  ->  Index Scan using sbtest3_pkey on sbtest3  (cost=0.43..41.23 rows=10 width=121)
	        Index Cond: ((id >= 4823543) AND (id <= 4823552))

table 4 : explain SELECT c FROM sbtest4 WHERE id BETWEEN 916834 AND 916843 ORDER BY c
	Sort  (cost=44.86..44.89 rows=11 width=121)
	  Sort Key: c
	  ->  Index Scan using sbtest4_pkey on sbtest4  (cost=0.43..44.67 rows=11 width=121)
	        Index Cond: ((id >= 916834) AND (id <= 916843))

table 5 : explain SELECT c FROM sbtest5 WHERE id BETWEEN 418841 AND 418850 ORDER BY c
	Sort  (cost=40.56..40.58 rows=10 width=121)
	  Sort Key: c
	  ->  Index Scan using sbtest5_pkey on sbtest5  (cost=0.43..40.39 rows=10 width=121)
	        Index Cond: ((id >= 418841) AND (id <= 418850))

table 6 : explain SELECT c FROM sbtest6 WHERE id BETWEEN 58056 AND 58065 ORDER BY c
	Sort  (cost=40.26..40.28 rows=10 width=121)
	  Sort Key: c
	  ->  Index Scan using sbtest6_pkey on sbtest6  (cost=0.43..40.09 rows=10 width=121)
	        Index Cond: ((id >= 58056) AND (id <= 58065))

table 7 : explain SELECT c FROM sbtest7 WHERE id BETWEEN 470874 AND 470883 ORDER BY c
	Sort  (cost=39.89..39.91 rows=10 width=121)
	  Sort Key: c
	  ->  Index Scan using sbtest7_pkey on sbtest7  (cost=0.43..39.72 rows=10 width=121)
	        Index Cond: ((id >= 470874) AND (id <= 470883))

table 8 : explain SELECT c FROM sbtest8 WHERE id BETWEEN 6610564 AND 6610573 ORDER BY c
	Sort  (cost=40.14..40.17 rows=10 width=121)
	  Sort Key: c
	  ->  Index Scan using sbtest8_pkey on sbtest8  (cost=0.43..39.98 rows=10 width=121)
	        Index Cond: ((id >= 6610564) AND (id <= 6610573))

for point_selects
table 1 : explain SELECT c FROM sbtest1 WHERE id=4400662
	Index Scan using sbtest1_pkey on sbtest1  (cost=0.43..8.45 rows=1 width=121)
	  Index Cond: (id = 4400662)

table 2 : explain SELECT c FROM sbtest2 WHERE id=5153570
	Index Scan using sbtest2_pkey on sbtest2  (cost=0.43..8.45 rows=1 width=121)
	  Index Cond: (id = 5153570)

table 3 : explain SELECT c FROM sbtest3 WHERE id=9691946
	Index Scan using sbtest3_pkey on sbtest3  (cost=0.43..8.45 rows=1 width=121)
	  Index Cond: (id = 9691946)

table 4 : explain SELECT c FROM sbtest4 WHERE id=714698
	Index Scan using sbtest4_pkey on sbtest4  (cost=0.43..8.45 rows=1 width=121)
	  Index Cond: (id = 714698)

table 5 : explain SELECT c FROM sbtest5 WHERE id=9099335
	Index Scan using sbtest5_pkey on sbtest5  (cost=0.43..8.45 rows=1 width=121)
	  Index Cond: (id = 9099335)

table 6 : explain SELECT c FROM sbtest6 WHERE id=6675776
	Index Scan using sbtest6_pkey on sbtest6  (cost=0.43..8.45 rows=1 width=121)
	  Index Cond: (id = 6675776)

table 7 : explain SELECT c FROM sbtest7 WHERE id=9811300
	Index Scan using sbtest7_pkey on sbtest7  (cost=0.43..8.45 rows=1 width=121)
	  Index Cond: (id = 9811300)

table 8 : explain SELECT c FROM sbtest8 WHERE id=3126830
	Index Scan using sbtest8_pkey on sbtest8  (cost=0.43..8.45 rows=1 width=121)
	  Index Cond: (id = 3126830)

for point_selects
table 1 : explain SELECT c FROM sbtest1 WHERE id=5206009
	Index Scan using sbtest1_pkey on sbtest1  (cost=0.43..8.45 rows=1 width=121)
	  Index Cond: (id = 5206009)

table 2 : explain SELECT c FROM sbtest2 WHERE id=3896053
	Index Scan using sbtest2_pkey on sbtest2  (cost=0.43..8.45 rows=1 width=121)
	  Index Cond: (id = 3896053)

table 3 : explain SELECT c FROM sbtest3 WHERE id=9700835
	Index Scan using sbtest3_pkey on sbtest3  (cost=0.43..8.45 rows=1 width=121)
	  Index Cond: (id = 9700835)

table 4 : explain SELECT c FROM sbtest4 WHERE id=6645505
	Index Scan using sbtest4_pkey on sbtest4  (cost=0.43..8.45 rows=1 width=121)
	  Index Cond: (id = 6645505)

table 5 : explain SELECT c FROM sbtest5 WHERE id=9523043
	Index Scan using sbtest5_pkey on sbtest5  (cost=0.43..8.45 rows=1 width=121)
	  Index Cond: (id = 9523043)

table 6 : explain SELECT c FROM sbtest6 WHERE id=9111183
	Index Scan using sbtest6_pkey on sbtest6  (cost=0.43..8.45 rows=1 width=121)
	  Index Cond: (id = 9111183)

table 7 : explain SELECT c FROM sbtest7 WHERE id=7161766
	Index Scan using sbtest7_pkey on sbtest7  (cost=0.43..8.45 rows=1 width=121)
	  Index Cond: (id = 7161766)

table 8 : explain SELECT c FROM sbtest8 WHERE id=7498075
	Index Scan using sbtest8_pkey on sbtest8  (cost=0.43..8.45 rows=1 width=121)
	  Index Cond: (id = 7498075)

for point_selects
table 1 : explain SELECT c FROM sbtest1 WHERE id=1808414
	Index Scan using sbtest1_pkey on sbtest1  (cost=0.43..8.45 rows=1 width=121)
	  Index Cond: (id = 1808414)

table 2 : explain SELECT c FROM sbtest2 WHERE id=8432457
	Index Scan using sbtest2_pkey on sbtest2  (cost=0.43..8.45 rows=1 width=121)
	  Index Cond: (id = 8432457)

table 3 : explain SELECT c FROM sbtest3 WHERE id=4855576
	Index Scan using sbtest3_pkey on sbtest3  (cost=0.43..8.45 rows=1 width=121)
	  Index Cond: (id = 4855576)

table 4 : explain SELECT c FROM sbtest4 WHERE id=4276309
	Index Scan using sbtest4_pkey on sbtest4  (cost=0.43..8.45 rows=1 width=121)
	  Index Cond: (id = 4276309)

table 5 : explain SELECT c FROM sbtest5 WHERE id=2330704
	Index Scan using sbtest5_pkey on sbtest5  (cost=0.43..8.45 rows=1 width=121)
	  Index Cond: (id = 2330704)

table 6 : explain SELECT c FROM sbtest6 WHERE id=9196610
	Index Scan using sbtest6_pkey on sbtest6  (cost=0.43..8.45 rows=1 width=121)
	  Index Cond: (id = 9196610)

table 7 : explain SELECT c FROM sbtest7 WHERE id=3810176
	Index Scan using sbtest7_pkey on sbtest7  (cost=0.43..8.45 rows=1 width=121)
	  Index Cond: (id = 3810176)

table 8 : explain SELECT c FROM sbtest8 WHERE id=1947687
	Index Scan using sbtest8_pkey on sbtest8  (cost=0.43..8.45 rows=1 width=121)
	  Index Cond: (id = 1947687)

for deletes
table 1 : explain DELETE FROM sbtest1 WHERE id=1941103
	Delete on sbtest1  (cost=0.43..8.45 rows=0 width=0)
	  ->  Index Scan using sbtest1_pkey on sbtest1  (cost=0.43..8.45 rows=1 width=6)
	        Index Cond: (id = 1941103)

table 2 : explain DELETE FROM sbtest2 WHERE id=6473020
	Delete on sbtest2  (cost=0.43..8.45 rows=0 width=0)
	  ->  Index Scan using sbtest2_pkey on sbtest2  (cost=0.43..8.45 rows=1 width=6)
	        Index Cond: (id = 6473020)

table 3 : explain DELETE FROM sbtest3 WHERE id=6177747
	Delete on sbtest3  (cost=0.43..8.45 rows=0 width=0)
	  ->  Index Scan using sbtest3_pkey on sbtest3  (cost=0.43..8.45 rows=1 width=6)
	        Index Cond: (id = 6177747)

table 4 : explain DELETE FROM sbtest4 WHERE id=8430034
	Delete on sbtest4  (cost=0.43..8.45 rows=0 width=0)
	  ->  Index Scan using sbtest4_pkey on sbtest4  (cost=0.43..8.45 rows=1 width=6)
	        Index Cond: (id = 8430034)

table 5 : explain DELETE FROM sbtest5 WHERE id=6342834
	Delete on sbtest5  (cost=0.43..8.45 rows=0 width=0)
	  ->  Index Scan using sbtest5_pkey on sbtest5  (cost=0.43..8.45 rows=1 width=6)
	        Index Cond: (id = 6342834)

table 6 : explain DELETE FROM sbtest6 WHERE id=1772543
	Delete on sbtest6  (cost=0.43..8.45 rows=0 width=0)
	  ->  Index Scan using sbtest6_pkey on sbtest6  (cost=0.43..8.45 rows=1 width=6)
	        Index Cond: (id = 1772543)

table 7 : explain DELETE FROM sbtest7 WHERE id=3531839
	Delete on sbtest7  (cost=0.43..8.45 rows=0 width=0)
	  ->  Index Scan using sbtest7_pkey on sbtest7  (cost=0.43..8.45 rows=1 width=6)
	        Index Cond: (id = 3531839)

table 8 : explain DELETE FROM sbtest8 WHERE id=2383696
	Delete on sbtest8  (cost=0.43..8.45 rows=0 width=0)
	  ->  Index Scan using sbtest8_pkey on sbtest8  (cost=0.43..8.45 rows=1 width=6)
	        Index Cond: (id = 2383696)

for index_updates
table 1 : explain UPDATE sbtest1 SET k=k+1 WHERE id=965062
	Update on sbtest1  (cost=0.43..8.46 rows=0 width=0)
	  ->  Index Scan using sbtest1_pkey on sbtest1  (cost=0.43..8.46 rows=1 width=10)
	        Index Cond: (id = 965062)

table 2 : explain UPDATE sbtest2 SET k=k+1 WHERE id=7933108
	Update on sbtest2  (cost=0.43..8.46 rows=0 width=0)
	  ->  Index Scan using sbtest2_pkey on sbtest2  (cost=0.43..8.46 rows=1 width=10)
	        Index Cond: (id = 7933108)

table 3 : explain UPDATE sbtest3 SET k=k+1 WHERE id=8621490
	Update on sbtest3  (cost=0.43..8.46 rows=0 width=0)
	  ->  Index Scan using sbtest3_pkey on sbtest3  (cost=0.43..8.46 rows=1 width=10)
	        Index Cond: (id = 8621490)

table 4 : explain UPDATE sbtest4 SET k=k+1 WHERE id=7360080
	Update on sbtest4  (cost=0.43..8.46 rows=0 width=0)
	  ->  Index Scan using sbtest4_pkey on sbtest4  (cost=0.43..8.46 rows=1 width=10)
	        Index Cond: (id = 7360080)

table 5 : explain UPDATE sbtest5 SET k=k+1 WHERE id=7717365
	Update on sbtest5  (cost=0.43..8.46 rows=0 width=0)
	  ->  Index Scan using sbtest5_pkey on sbtest5  (cost=0.43..8.46 rows=1 width=10)
	        Index Cond: (id = 7717365)

table 6 : explain UPDATE sbtest6 SET k=k+1 WHERE id=8541115
	Update on sbtest6  (cost=0.43..8.46 rows=0 width=0)
	  ->  Index Scan using sbtest6_pkey on sbtest6  (cost=0.43..8.46 rows=1 width=10)
	        Index Cond: (id = 8541115)

table 7 : explain UPDATE sbtest7 SET k=k+1 WHERE id=7770763
	Update on sbtest7  (cost=0.43..8.46 rows=0 width=0)
	  ->  Index Scan using sbtest7_pkey on sbtest7  (cost=0.43..8.46 rows=1 width=10)
	        Index Cond: (id = 7770763)

table 8 : explain UPDATE sbtest8 SET k=k+1 WHERE id=1574551
	Update on sbtest8  (cost=0.43..8.46 rows=0 width=0)
	  ->  Index Scan using sbtest8_pkey on sbtest8  (cost=0.43..8.46 rows=1 width=10)
	        Index Cond: (id = 1574551)

explain: for inserts :: explain INSERT INTO sbtest%u (id, k, c, pad) VALUES (%u, 13, 'foobar', 'foobar')
explain: for point_selects :: explain SELECT c FROM sbtest%u WHERE id=%u
for: simple_ranges
table 1 : explain SELECT c FROM sbtest1 WHERE id BETWEEN 6722488 AND 6722497
	Index Scan using sbtest1_pkey on sbtest1  (cost=0.43..37.35 rows=9 width=121)
	  Index Cond: ((id >= 6722488) AND (id <= 6722497))

table 2 : explain SELECT c FROM sbtest2 WHERE id BETWEEN 6882857 AND 6882866
	Index Scan using sbtest2_pkey on sbtest2  (cost=0.43..40.93 rows=10 width=121)
	  Index Cond: ((id >= 6882857) AND (id <= 6882866))

table 3 : explain SELECT c FROM sbtest3 WHERE id BETWEEN 9350306 AND 9350315
	Index Scan using sbtest3_pkey on sbtest3  (cost=0.43..37.58 rows=9 width=121)
	  Index Cond: ((id >= 9350306) AND (id <= 9350315))

table 4 : explain SELECT c FROM sbtest4 WHERE id BETWEEN 6371509 AND 6371518
	Index Scan using sbtest4_pkey on sbtest4  (cost=0.43..37.43 rows=9 width=121)
	  Index Cond: ((id >= 6371509) AND (id <= 6371518))

table 5 : explain SELECT c FROM sbtest5 WHERE id BETWEEN 5261417 AND 5261426
	Index Scan using sbtest5_pkey on sbtest5  (cost=0.43..40.39 rows=10 width=121)
	  Index Cond: ((id >= 5261417) AND (id <= 5261426))

table 6 : explain SELECT c FROM sbtest6 WHERE id BETWEEN 8808965 AND 8808974
	Index Scan using sbtest6_pkey on sbtest6  (cost=0.43..36.58 rows=9 width=121)
	  Index Cond: ((id >= 8808965) AND (id <= 8808974))

table 7 : explain SELECT c FROM sbtest7 WHERE id BETWEEN 120844 AND 120853
	Index Scan using sbtest7_pkey on sbtest7  (cost=0.43..36.25 rows=9 width=121)
	  Index Cond: ((id >= 120844) AND (id <= 120853))

table 8 : explain SELECT c FROM sbtest8 WHERE id BETWEEN 6758764 AND 6758773
	Index Scan using sbtest8_pkey on sbtest8  (cost=0.43..39.98 rows=10 width=121)
	  Index Cond: ((id >= 6758764) AND (id <= 6758773))
explain: for non_index_updates :: explain UPDATE sbtest%u SET c='foobar' WHERE id=%u
for: simple_ranges
table 1 : explain SELECT c FROM sbtest1 WHERE id BETWEEN 2423351 AND 2423360
	Index Scan using sbtest1_pkey on sbtest1  (cost=0.43..40.96 rows=10 width=121)
	  Index Cond: ((id >= 2423351) AND (id <= 2423360))

table 2 : explain SELECT c FROM sbtest2 WHERE id BETWEEN 6806519 AND 6806528
	Index Scan using sbtest2_pkey on sbtest2  (cost=0.43..40.93 rows=10 width=121)
	  Index Cond: ((id >= 6806519) AND (id <= 6806528))

table 3 : explain SELECT c FROM sbtest3 WHERE id BETWEEN 7518121 AND 7518130
	Index Scan using sbtest3_pkey on sbtest3  (cost=0.43..41.23 rows=10 width=121)
	  Index Cond: ((id >= 7518121) AND (id <= 7518130))

table 4 : explain SELECT c FROM sbtest4 WHERE id BETWEEN 2430648 AND 2430657
	Index Scan using sbtest4_pkey on sbtest4  (cost=0.43..41.05 rows=10 width=121)
	  Index Cond: ((id >= 2430648) AND (id <= 2430657))

table 5 : explain SELECT c FROM sbtest5 WHERE id BETWEEN 8219923 AND 8219932
	Index Scan using sbtest5_pkey on sbtest5  (cost=0.43..40.39 rows=10 width=121)
	  Index Cond: ((id >= 8219923) AND (id <= 8219932))

table 6 : explain SELECT c FROM sbtest6 WHERE id BETWEEN 8971573 AND 8971582
	Index Scan using sbtest6_pkey on sbtest6  (cost=0.43..40.09 rows=10 width=121)
	  Index Cond: ((id >= 8971573) AND (id <= 8971582))

table 7 : explain SELECT c FROM sbtest7 WHERE id BETWEEN 7742968 AND 7742977
	Index Scan using sbtest7_pkey on sbtest7  (cost=0.43..39.72 rows=10 width=121)
	  Index Cond: ((id >= 7742968) AND (id <= 7742977))

table 8 : explain SELECT c FROM sbtest8 WHERE id BETWEEN 547543 AND 547552
	Index Scan using sbtest8_pkey on sbtest8  (cost=0.43..39.98 rows=10 width=121)
	  Index Cond: ((id >= 547543) AND (id <= 547552))


for inserts
table 1 : explain INSERT INTO sbtest1 (id, k, c, pad) VALUES (8759226, 13, 'foobar', 'foobar')
	Insert on sbtest1  (cost=0.00..0.01 rows=0 width=0)
	  ->  Result  (cost=0.00..0.01 rows=1 width=736)

table 2 : explain INSERT INTO sbtest2 (id, k, c, pad) VALUES (5229562, 13, 'foobar', 'foobar')
	Insert on sbtest2  (cost=0.00..0.01 rows=0 width=0)
	  ->  Result  (cost=0.00..0.01 rows=1 width=736)

table 3 : explain INSERT INTO sbtest3 (id, k, c, pad) VALUES (964440, 13, 'foobar', 'foobar')
	Insert on sbtest3  (cost=0.00..0.01 rows=0 width=0)
	  ->  Result  (cost=0.00..0.01 rows=1 width=736)

table 4 : explain INSERT INTO sbtest4 (id, k, c, pad) VALUES (8597138, 13, 'foobar', 'foobar')
	Insert on sbtest4  (cost=0.00..0.01 rows=0 width=0)
	  ->  Result  (cost=0.00..0.01 rows=1 width=736)

table 5 : explain INSERT INTO sbtest5 (id, k, c, pad) VALUES (1061112, 13, 'foobar', 'foobar')
	Insert on sbtest5  (cost=0.00..0.01 rows=0 width=0)
	  ->  Result  (cost=0.00..0.01 rows=1 width=736)

table 6 : explain INSERT INTO sbtest6 (id, k, c, pad) VALUES (4173362, 13, 'foobar', 'foobar')
	Insert on sbtest6  (cost=0.00..0.01 rows=0 width=0)
	  ->  Result  (cost=0.00..0.01 rows=1 width=736)

table 7 : explain INSERT INTO sbtest7 (id, k, c, pad) VALUES (2923250, 13, 'foobar', 'foobar')
	Insert on sbtest7  (cost=0.00..0.01 rows=0 width=0)
	  ->  Result  (cost=0.00..0.01 rows=1 width=736)

table 8 : explain INSERT INTO sbtest8 (id, k, c, pad) VALUES (3758003, 13, 'foobar', 'foobar')
	Insert on sbtest8  (cost=0.00..0.01 rows=0 width=0)
	  ->  Result  (cost=0.00..0.01 rows=1 width=736)

for: distinct_ranges
table 1 : explain SELECT DISTINCT c FROM sbtest1 WHERE id BETWEEN 2205321 AND 2205330 ORDER BY c
	Unique  (cost=41.13..41.18 rows=10 width=121)
	  ->  Sort  (cost=41.13..41.15 rows=10 width=121)
	        Sort Key: c
	        ->  Index Scan using sbtest1_pkey on sbtest1  (cost=0.43..40.96 rows=10 width=121)
	              Index Cond: ((id >= 2205321) AND (id <= 2205330))

table 2 : explain SELECT DISTINCT c FROM sbtest2 WHERE id BETWEEN 5790272 AND 5790281 ORDER BY c
	Unique  (cost=44.73..44.78 rows=11 width=121)
	  ->  Sort  (cost=44.73..44.75 rows=11 width=121)
	        Sort Key: c
	        ->  Index Scan using sbtest2_pkey on sbtest2  (cost=0.43..44.54 rows=11 width=121)
	              Index Cond: ((id >= 5790272) AND (id <= 5790281))

table 3 : explain SELECT DISTINCT c FROM sbtest3 WHERE id BETWEEN 5082768 AND 5082777 ORDER BY c
	Unique  (cost=45.06..45.11 rows=11 width=121)
	  ->  Sort  (cost=45.06..45.08 rows=11 width=121)
	        Sort Key: c
	        ->  Index Scan using sbtest3_pkey on sbtest3  (cost=0.43..44.87 rows=11 width=121)
	              Index Cond: ((id >= 5082768) AND (id <= 5082777))

table 4 : explain SELECT DISTINCT c FROM sbtest4 WHERE id BETWEEN 8576102 AND 8576111 ORDER BY c
	Unique  (cost=44.86..44.92 rows=11 width=121)
	  ->  Sort  (cost=44.86..44.89 rows=11 width=121)
	        Sort Key: c
	        ->  Index Scan using sbtest4_pkey on sbtest4  (cost=0.43..44.67 rows=11 width=121)
	              Index Cond: ((id >= 8576102) AND (id <= 8576111))

table 5 : explain SELECT DISTINCT c FROM sbtest5 WHERE id BETWEEN 4850826 AND 4850835 ORDER BY c
	Unique  (cost=44.13..44.19 rows=11 width=121)
	  ->  Sort  (cost=44.13..44.16 rows=11 width=121)
	        Sort Key: c
	        ->  Index Scan using sbtest5_pkey on sbtest5  (cost=0.43..43.94 rows=11 width=121)
	              Index Cond: ((id >= 4850826) AND (id <= 4850835))

table 6 : explain SELECT DISTINCT c FROM sbtest6 WHERE id BETWEEN 818219 AND 818228 ORDER BY c
	Unique  (cost=40.26..40.31 rows=10 width=121)
	  ->  Sort  (cost=40.26..40.28 rows=10 width=121)
	        Sort Key: c
	        ->  Index Scan using sbtest6_pkey on sbtest6  (cost=0.43..40.09 rows=10 width=121)
	              Index Cond: ((id >= 818219) AND (id <= 818228))

table 7 : explain SELECT DISTINCT c FROM sbtest7 WHERE id BETWEEN 5819025 AND 5819034 ORDER BY c
	Unique  (cost=39.89..39.94 rows=10 width=121)
	  ->  Sort  (cost=39.89..39.91 rows=10 width=121)
	        Sort Key: c
	        ->  Index Scan using sbtest7_pkey on sbtest7  (cost=0.43..39.72 rows=10 width=121)
	              Index Cond: ((id >= 5819025) AND (id <= 5819034))

table 8 : explain SELECT DISTINCT c FROM sbtest8 WHERE id BETWEEN 5380248 AND 5380257 ORDER BY c
	Unique  (cost=43.67..43.72 rows=11 width=121)
	  ->  Sort  (cost=43.67..43.70 rows=11 width=121)
	        Sort Key: c
	        ->  Index Scan using sbtest8_pkey on sbtest8  (cost=0.43..43.48 rows=11 width=121)
	              Index Cond: ((id >= 5380248) AND (id <= 5380257))

for point_selects
table 1 : explain SELECT c FROM sbtest1 WHERE id=5065679
	Index Scan using sbtest1_pkey on sbtest1  (cost=0.43..8.45 rows=1 width=121)
	  Index Cond: (id = 5065679)

table 2 : explain SELECT c FROM sbtest2 WHERE id=4166556
	Index Scan using sbtest2_pkey on sbtest2  (cost=0.43..8.45 rows=1 width=121)
	  Index Cond: (id = 4166556)

table 3 : explain SELECT c FROM sbtest3 WHERE id=1719773
	Index Scan using sbtest3_pkey on sbtest3  (cost=0.43..8.45 rows=1 width=121)
	  Index Cond: (id = 1719773)

table 4 : explain SELECT c FROM sbtest4 WHERE id=2545296
	Index Scan using sbtest4_pkey on sbtest4  (cost=0.43..8.45 rows=1 width=121)
	  Index Cond: (id = 2545296)

table 5 : explain SELECT c FROM sbtest5 WHERE id=5345237
	Index Scan using sbtest5_pkey on sbtest5  (cost=0.43..8.45 rows=1 width=121)
	  Index Cond: (id = 5345237)

table 6 : explain SELECT c FROM sbtest6 WHERE id=9534618
	Index Scan using sbtest6_pkey on sbtest6  (cost=0.43..8.45 rows=1 width=121)
	  Index Cond: (id = 9534618)

table 7 : explain SELECT c FROM sbtest7 WHERE id=7285011
	Index Scan using sbtest7_pkey on sbtest7  (cost=0.43..8.45 rows=1 width=121)
	  Index Cond: (id = 7285011)

table 8 : explain SELECT c FROM sbtest8 WHERE id=4655825
	Index Scan using sbtest8_pkey on sbtest8  (cost=0.43..8.45 rows=1 width=121)
	  Index Cond: (id = 4655825)

explain: for index_updates :: explain UPDATE sbtest%u SET k=k+1 WHERE id=%u
for: simple_ranges
table 1 : explain SELECT c FROM sbtest1 WHERE id BETWEEN 4369403 AND 4369412
	Index Scan using sbtest1_pkey on sbtest1  (cost=0.43..48.18 rows=12 width=121)
	  Index Cond: ((id >= 4369403) AND (id <= 4369412))

table 2 : explain SELECT c FROM sbtest2 WHERE id BETWEEN 7120076 AND 7120085
	Index Scan using sbtest2_pkey on sbtest2  (cost=0.43..37.32 rows=9 width=121)
	  Index Cond: ((id >= 7120076) AND (id <= 7120085))

table 3 : explain SELECT c FROM sbtest3 WHERE id BETWEEN 3749822 AND 3749831
	Index Scan using sbtest3_pkey on sbtest3  (cost=0.43..44.87 rows=11 width=121)
	  Index Cond: ((id >= 3749822) AND (id <= 3749831))

table 4 : explain SELECT c FROM sbtest4 WHERE id BETWEEN 2957091 AND 2957100
	Index Scan using sbtest4_pkey on sbtest4  (cost=0.43..41.05 rows=10 width=121)
	  Index Cond: ((id >= 2957091) AND (id <= 2957100))

table 5 : explain SELECT c FROM sbtest5 WHERE id BETWEEN 8799648 AND 8799657
	Index Scan using sbtest5_pkey on sbtest5  (cost=0.43..43.94 rows=11 width=121)
	  Index Cond: ((id >= 8799648) AND (id <= 8799657))

table 6 : explain SELECT c FROM sbtest6 WHERE id BETWEEN 7075415 AND 7075424
	Index Scan using sbtest6_pkey on sbtest6  (cost=0.43..40.09 rows=10 width=121)
	  Index Cond: ((id >= 7075415) AND (id <= 7075424))

table 7 : explain SELECT c FROM sbtest7 WHERE id BETWEEN 9722320 AND 9722329
	Index Scan using sbtest7_pkey on sbtest7  (cost=0.43..39.72 rows=10 width=121)
	  Index Cond: ((id >= 9722320) AND (id <= 9722329))

table 8 : explain SELECT c FROM sbtest8 WHERE id BETWEEN 4730375 AND 4730384
	Index Scan using sbtest8_pkey on sbtest8  (cost=0.43..39.98 rows=10 width=121)
	  Index Cond: ((id >= 4730375) AND (id <= 4730384))

for point_selects
table 1 : explain SELECT c FROM sbtest1 WHERE id=6234100
	Index Scan using sbtest1_pkey on sbtest1  (cost=0.43..8.45 rows=1 width=121)
	  Index Cond: (id = 6234100)

table 2 : explain SELECT c FROM sbtest2 WHERE id=4786246
	Index Scan using sbtest2_pkey on sbtest2  (cost=0.43..8.45 rows=1 width=121)
	  Index Cond: (id = 4786246)

table 3 : explain SELECT c FROM sbtest3 WHERE id=5170811
	Index Scan using sbtest3_pkey on sbtest3  (cost=0.43..8.45 rows=1 width=121)
	  Index Cond: (id = 5170811)

table 4 : explain SELECT c FROM sbtest4 WHERE id=3553164
	Index Scan using sbtest4_pkey on sbtest4  (cost=0.43..8.45 rows=1 width=121)
	  Index Cond: (id = 3553164)

table 5 : explain SELECT c FROM sbtest5 WHERE id=6898558
	Index Scan using sbtest5_pkey on sbtest5  (cost=0.43..8.45 rows=1 width=121)
	  Index Cond: (id = 6898558)

table 6 : explain SELECT c FROM sbtest6 WHERE id=4757524
	Index Scan using sbtest6_pkey on sbtest6  (cost=0.43..8.45 rows=1 width=121)
	  Index Cond: (id = 4757524)

table 7 : explain SELECT c FROM sbtest7 WHERE id=125640
	Index Scan using sbtest7_pkey on sbtest7  (cost=0.43..8.45 rows=1 width=121)
	  Index Cond: (id = 125640)

table 8 : explain SELECT c FROM sbtest8 WHERE id=6322952
	Index Scan using sbtest8_pkey on sbtest8  (cost=0.43..8.45 rows=1 width=121)
	  Index Cond: (id = 6322952)

for: simple_ranges
table 1 : explain SELECT c FROM sbtest1 WHERE id BETWEEN 5607261 AND 5607270
	Index Scan using sbtest1_pkey on sbtest1  (cost=0.43..40.96 rows=10 width=121)
	  Index Cond: ((id >= 5607261) AND (id <= 5607270))

table 2 : explain SELECT c FROM sbtest2 WHERE id BETWEEN 1828875 AND 1828884
	Index Scan using sbtest2_pkey on sbtest2  (cost=0.43..40.93 rows=10 width=121)
	  Index Cond: ((id >= 1828875) AND (id <= 1828884))

table 3 : explain SELECT c FROM sbtest3 WHERE id BETWEEN 2439108 AND 2439117
	Index Scan using sbtest3_pkey on sbtest3  (cost=0.43..41.23 rows=10 width=121)
	  Index Cond: ((id >= 2439108) AND (id <= 2439117))

table 4 : explain SELECT c FROM sbtest4 WHERE id BETWEEN 6906641 AND 6906650
	Index Scan using sbtest4_pkey on sbtest4  (cost=0.43..41.05 rows=10 width=121)
	  Index Cond: ((id >= 6906641) AND (id <= 6906650))

table 5 : explain SELECT c FROM sbtest5 WHERE id BETWEEN 1077031 AND 1077040
	Index Scan using sbtest5_pkey on sbtest5  (cost=0.43..40.39 rows=10 width=121)
	  Index Cond: ((id >= 1077031) AND (id <= 1077040))

table 6 : explain SELECT c FROM sbtest6 WHERE id BETWEEN 5405881 AND 5405890
	Index Scan using sbtest6_pkey on sbtest6  (cost=0.43..40.09 rows=10 width=121)
	  Index Cond: ((id >= 5405881) AND (id <= 5405890))

table 7 : explain SELECT c FROM sbtest7 WHERE id BETWEEN 2010192 AND 2010201
	Index Scan using sbtest7_pkey on sbtest7  (cost=0.43..39.72 rows=10 width=121)
	  Index Cond: ((id >= 2010192) AND (id <= 2010201))

table 8 : explain SELECT c FROM sbtest8 WHERE id BETWEEN 5413947 AND 5413956
	Index Scan using sbtest8_pkey on sbtest8  (cost=0.43..43.48 rows=11 width=121)
	  Index Cond: ((id >= 5413947) AND (id <= 5413956))

explain: for point_selects :: explain SELECT c FROM sbtest%u WHERE id=%u
for: sum_ranges
table 1 : explain SELECT SUM(k) FROM sbtest1 WHERE id BETWEEN 6824299 AND 6824308
	Aggregate  (cost=40.98..40.99 rows=1 width=8)
	  ->  Index Scan using sbtest1_pkey on sbtest1  (cost=0.43..40.96 rows=10 width=4)
	        Index Cond: ((id >= 6824299) AND (id <= 6824308))

table 2 : explain SELECT SUM(k) FROM sbtest2 WHERE id BETWEEN 9073305 AND 9073314
	Aggregate  (cost=40.95..40.96 rows=1 width=8)
	  ->  Index Scan using sbtest2_pkey on sbtest2  (cost=0.43..40.93 rows=10 width=4)
	        Index Cond: ((id >= 9073305) AND (id <= 9073314))

table 3 : explain SELECT SUM(k) FROM sbtest3 WHERE id BETWEEN 4749669 AND 4749678
	Aggregate  (cost=41.25..41.26 rows=1 width=8)
	  ->  Index Scan using sbtest3_pkey on sbtest3  (cost=0.43..41.23 rows=10 width=4)
	        Index Cond: ((id >= 4749669) AND (id <= 4749678))

table 4 : explain SELECT SUM(k) FROM sbtest4 WHERE id BETWEEN 2352614 AND 2352623
	Aggregate  (cost=41.08..41.09 rows=1 width=8)
	  ->  Index Scan using sbtest4_pkey on sbtest4  (cost=0.43..41.05 rows=10 width=4)
	        Index Cond: ((id >= 2352614) AND (id <= 2352623))

table 5 : explain SELECT SUM(k) FROM sbtest5 WHERE id BETWEEN 8090986 AND 8090995
	Aggregate  (cost=43.97..43.98 rows=1 width=8)
	  ->  Index Scan using sbtest5_pkey on sbtest5  (cost=0.43..43.94 rows=11 width=4)
	        Index Cond: ((id >= 8090986) AND (id <= 8090995))

table 6 : explain SELECT SUM(k) FROM sbtest6 WHERE id BETWEEN 7973719 AND 7973728
	Aggregate  (cost=40.12..40.13 rows=1 width=8)
	  ->  Index Scan using sbtest6_pkey on sbtest6  (cost=0.43..40.09 rows=10 width=4)
	        Index Cond: ((id >= 7973719) AND (id <= 7973728))

table 7 : explain SELECT SUM(k) FROM sbtest7 WHERE id BETWEEN 690252 AND 690261
	Aggregate  (cost=43.22..43.23 rows=1 width=8)
	  ->  Index Scan using sbtest7_pkey on sbtest7  (cost=0.43..43.19 rows=11 width=4)
	        Index Cond: ((id >= 690252) AND (id <= 690261))

table 8 : explain SELECT SUM(k) FROM sbtest8 WHERE id BETWEEN 8883699 AND 8883708
	Aggregate  (cost=40.00..40.01 rows=1 width=8)
	  ->  Index Scan using sbtest8_pkey on sbtest8  (cost=0.43..39.98 rows=10 width=4)
	        Index Cond: ((id >= 8883699) AND (id <= 8883708))

for: simple_ranges
table 1 : explain SELECT c FROM sbtest1 WHERE id BETWEEN 9873392 AND 9873401
	Index Scan using sbtest1_pkey on sbtest1  (cost=0.43..40.96 rows=10 width=121)
	  Index Cond: ((id >= 9873392) AND (id <= 9873401))

table 2 : explain SELECT c FROM sbtest2 WHERE id BETWEEN 6846840 AND 6846849
	Index Scan using sbtest2_pkey on sbtest2  (cost=0.43..40.93 rows=10 width=121)
	  Index Cond: ((id >= 6846840) AND (id <= 6846849))

table 3 : explain SELECT c FROM sbtest3 WHERE id BETWEEN 9080696 AND 9080705
	Index Scan using sbtest3_pkey on sbtest3  (cost=0.43..44.87 rows=11 width=121)
	  Index Cond: ((id >= 9080696) AND (id <= 9080705))

table 4 : explain SELECT c FROM sbtest4 WHERE id BETWEEN 637278 AND 637287
	Index Scan using sbtest4_pkey on sbtest4  (cost=0.43..37.43 rows=9 width=121)
	  Index Cond: ((id >= 637278) AND (id <= 637287))

table 5 : explain SELECT c FROM sbtest5 WHERE id BETWEEN 2627520 AND 2627529
	Index Scan using sbtest5_pkey on sbtest5  (cost=0.43..43.94 rows=11 width=121)
	  Index Cond: ((id >= 2627520) AND (id <= 2627529))

table 6 : explain SELECT c FROM sbtest6 WHERE id BETWEEN 5493632 AND 5493641
	Index Scan using sbtest6_pkey on sbtest6  (cost=0.43..40.09 rows=10 width=121)
	  Index Cond: ((id >= 5493632) AND (id <= 5493641))

table 7 : explain SELECT c FROM sbtest7 WHERE id BETWEEN 4568964 AND 4568973
	Index Scan using sbtest7_pkey on sbtest7  (cost=0.43..39.72 rows=10 width=121)
	  Index Cond: ((id >= 4568964) AND (id <= 4568973))

table 8 : explain SELECT c FROM sbtest8 WHERE id BETWEEN 1397989 AND 1397998
	Index Scan using sbtest8_pkey on sbtest8  (cost=0.43..36.47 rows=9 width=121)
	  Index Cond: ((id >= 1397989) AND (id <= 1397998))

explain: for point_selects :: explain SELECT c FROM sbtest%u WHERE id=%u
for: distinct_ranges
table 1 : explain SELECT DISTINCT c FROM sbtest1 WHERE id BETWEEN 1294954 AND 1294963 ORDER BY c
	Unique  (cost=41.13..41.18 rows=10 width=121)
	  ->  Sort  (cost=41.13..41.15 rows=10 width=121)
	        Sort Key: c
	        ->  Index Scan using sbtest1_pkey on sbtest1  (cost=0.43..40.96 rows=10 width=121)
	              Index Cond: ((id >= 1294954) AND (id <= 1294963))

table 2 : explain SELECT DISTINCT c FROM sbtest2 WHERE id BETWEEN 520676 AND 520685 ORDER BY c
	Unique  (cost=41.09..41.14 rows=10 width=121)
	  ->  Sort  (cost=41.09..41.12 rows=10 width=121)
	        Sort Key: c
	        ->  Index Scan using sbtest2_pkey on sbtest2  (cost=0.43..40.93 rows=10 width=121)
	              Index Cond: ((id >= 520676) AND (id <= 520685))

table 3 : explain SELECT DISTINCT c FROM sbtest3 WHERE id BETWEEN 9783329 AND 9783338 ORDER BY c
	Unique  (cost=41.39..41.44 rows=10 width=121)
	  ->  Sort  (cost=41.39..41.42 rows=10 width=121)
	        Sort Key: c
	        ->  Index Scan using sbtest3_pkey on sbtest3  (cost=0.43..41.23 rows=10 width=121)
	              Index Cond: ((id >= 9783329) AND (id <= 9783338))

table 4 : explain SELECT DISTINCT c FROM sbtest4 WHERE id BETWEEN 9246172 AND 9246181 ORDER BY c
	Unique  (cost=41.22..41.27 rows=10 width=121)
	  ->  Sort  (cost=41.22..41.24 rows=10 width=121)
	        Sort Key: c
	        ->  Index Scan using sbtest4_pkey on sbtest4  (cost=0.43..41.05 rows=10 width=121)
	              Index Cond: ((id >= 9246172) AND (id <= 9246181))

table 5 : explain SELECT DISTINCT c FROM sbtest5 WHERE id BETWEEN 8283615 AND 8283624 ORDER BY c
	Unique  (cost=40.56..40.61 rows=10 width=121)
	  ->  Sort  (cost=40.56..40.58 rows=10 width=121)
	        Sort Key: c
	        ->  Index Scan using sbtest5_pkey on sbtest5  (cost=0.43..40.39 rows=10 width=121)
	              Index Cond: ((id >= 8283615) AND (id <= 8283624))

table 6 : explain SELECT DISTINCT c FROM sbtest6 WHERE id BETWEEN 6457874 AND 6457883 ORDER BY c
	Unique  (cost=43.80..43.85 rows=11 width=121)
	  ->  Sort  (cost=43.80..43.82 rows=11 width=121)
	        Sort Key: c
	        ->  Index Scan using sbtest6_pkey on sbtest6  (cost=0.43..43.61 rows=11 width=121)
	              Index Cond: ((id >= 6457874) AND (id <= 6457883))

table 7 : explain SELECT DISTINCT c FROM sbtest7 WHERE id BETWEEN 9427439 AND 9427448 ORDER BY c
	Unique  (cost=39.89..39.94 rows=10 width=121)
	  ->  Sort  (cost=39.89..39.91 rows=10 width=121)
	        Sort Key: c
	        ->  Index Scan using sbtest7_pkey on sbtest7  (cost=0.43..39.72 rows=10 width=121)
	              Index Cond: ((id >= 9427439) AND (id <= 9427448))

table 8 : explain SELECT DISTINCT c FROM sbtest8 WHERE id BETWEEN 324779 AND 324788 ORDER BY c
	Unique  (cost=40.14..40.19 rows=10 width=121)
	  ->  Sort  (cost=40.14..40.17 rows=10 width=121)
	        Sort Key: c
	        ->  Index Scan using sbtest8_pkey on sbtest8  (cost=0.43..39.98 rows=10 width=121)
	              Index Cond: ((id >= 324779) AND (id <= 324788))

for deletes
table 1 : explain DELETE FROM sbtest1 WHERE id=2624729
	Delete on sbtest1  (cost=0.43..8.45 rows=0 width=0)
	  ->  Index Scan using sbtest1_pkey on sbtest1  (cost=0.43..8.45 rows=1 width=6)
	        Index Cond: (id = 2624729)

table 2 : explain DELETE FROM sbtest2 WHERE id=5292028
	Delete on sbtest2  (cost=0.43..8.45 rows=0 width=0)
	  ->  Index Scan using sbtest2_pkey on sbtest2  (cost=0.43..8.45 rows=1 width=6)
	        Index Cond: (id = 5292028)

table 3 : explain DELETE FROM sbtest3 WHERE id=458124
	Delete on sbtest3  (cost=0.43..8.45 rows=0 width=0)
	  ->  Index Scan using sbtest3_pkey on sbtest3  (cost=0.43..8.45 rows=1 width=6)
	        Index Cond: (id = 458124)

table 4 : explain DELETE FROM sbtest4 WHERE id=7499602
	Delete on sbtest4  (cost=0.43..8.45 rows=0 width=0)
	  ->  Index Scan using sbtest4_pkey on sbtest4  (cost=0.43..8.45 rows=1 width=6)
	        Index Cond: (id = 7499602)

table 5 : explain DELETE FROM sbtest5 WHERE id=9899692
	Delete on sbtest5  (cost=0.43..8.45 rows=0 width=0)
	  ->  Index Scan using sbtest5_pkey on sbtest5  (cost=0.43..8.45 rows=1 width=6)
	        Index Cond: (id = 9899692)

table 6 : explain DELETE FROM sbtest6 WHERE id=5276188
	Delete on sbtest6  (cost=0.43..8.45 rows=0 width=0)
	  ->  Index Scan using sbtest6_pkey on sbtest6  (cost=0.43..8.45 rows=1 width=6)
	        Index Cond: (id = 5276188)

table 7 : explain DELETE FROM sbtest7 WHERE id=9540778
	Delete on sbtest7  (cost=0.43..8.45 rows=0 width=0)
	  ->  Index Scan using sbtest7_pkey on sbtest7  (cost=0.43..8.45 rows=1 width=6)
	        Index Cond: (id = 9540778)

table 8 : explain DELETE FROM sbtest8 WHERE id=1373033
	Delete on sbtest8  (cost=0.43..8.45 rows=0 width=0)
	  ->  Index Scan using sbtest8_pkey on sbtest8  (cost=0.43..8.45 rows=1 width=6)
	        Index Cond: (id = 1373033)

for: simple_ranges
table 1 : explain SELECT c FROM sbtest1 WHERE id BETWEEN 6951159 AND 6951168
	Index Scan using sbtest1_pkey on sbtest1  (cost=0.43..40.96 rows=10 width=121)
	  Index Cond: ((id >= 6951159) AND (id <= 6951168))

table 2 : explain SELECT c FROM sbtest2 WHERE id BETWEEN 5403766 AND 5403775
	Index Scan using sbtest2_pkey on sbtest2  (cost=0.43..37.32 rows=9 width=121)
	  Index Cond: ((id >= 5403766) AND (id <= 5403775))

table 3 : explain SELECT c FROM sbtest3 WHERE id BETWEEN 294555 AND 294564
	Index Scan using sbtest3_pkey on sbtest3  (cost=0.43..41.23 rows=10 width=121)
	  Index Cond: ((id >= 294555) AND (id <= 294564))

table 4 : explain SELECT c FROM sbtest4 WHERE id BETWEEN 4004522 AND 4004531
	Index Scan using sbtest4_pkey on sbtest4  (cost=0.43..41.05 rows=10 width=121)
	  Index Cond: ((id >= 4004522) AND (id <= 4004531))

table 5 : explain SELECT c FROM sbtest5 WHERE id BETWEEN 5578849 AND 5578858
	Index Scan using sbtest5_pkey on sbtest5  (cost=0.43..40.39 rows=10 width=121)
	  Index Cond: ((id >= 5578849) AND (id <= 5578858))

table 6 : explain SELECT c FROM sbtest6 WHERE id BETWEEN 7962245 AND 7962254
	Index Scan using sbtest6_pkey on sbtest6  (cost=0.43..43.61 rows=11 width=121)
	  Index Cond: ((id >= 7962245) AND (id <= 7962254))

table 7 : explain SELECT c FROM sbtest7 WHERE id BETWEEN 2422189 AND 2422198
	Index Scan using sbtest7_pkey on sbtest7  (cost=0.43..39.72 rows=10 width=121)
	  Index Cond: ((id >= 2422189) AND (id <= 2422198))

table 8 : explain SELECT c FROM sbtest8 WHERE id BETWEEN 2549193 AND 2549202
	Index Scan using sbtest8_pkey on sbtest8  (cost=0.43..39.98 rows=10 width=121)
	  Index Cond: ((id >= 2549193) AND (id <= 2549202))

for: distinct_ranges
table 1 : explain SELECT DISTINCT c FROM sbtest1 WHERE id BETWEEN 7170905 AND 7170914 ORDER BY c
	Unique  (cost=41.13..41.18 rows=10 width=121)
	  ->  Sort  (cost=41.13..41.15 rows=10 width=121)
	        Sort Key: c
	        ->  Index Scan using sbtest1_pkey on sbtest1  (cost=0.43..40.96 rows=10 width=121)
	              Index Cond: ((id >= 7170905) AND (id <= 7170914))

table 2 : explain SELECT DISTINCT c FROM sbtest2 WHERE id BETWEEN 7208040 AND 7208049 ORDER BY c
	Unique  (cost=44.73..44.78 rows=11 width=121)
	  ->  Sort  (cost=44.73..44.75 rows=11 width=121)
	        Sort Key: c
	        ->  Index Scan using sbtest2_pkey on sbtest2  (cost=0.43..44.54 rows=11 width=121)
	              Index Cond: ((id >= 7208040) AND (id <= 7208049))

table 3 : explain SELECT DISTINCT c FROM sbtest3 WHERE id BETWEEN 4456160 AND 4456169 ORDER BY c
	Unique  (cost=41.39..41.44 rows=10 width=121)
	  ->  Sort  (cost=41.39..41.42 rows=10 width=121)
	        Sort Key: c
	        ->  Index Scan using sbtest3_pkey on sbtest3  (cost=0.43..41.23 rows=10 width=121)
	              Index Cond: ((id >= 4456160) AND (id <= 4456169))

table 4 : explain SELECT DISTINCT c FROM sbtest4 WHERE id BETWEEN 271343 AND 271352 ORDER BY c
	Unique  (cost=37.57..37.62 rows=9 width=121)
	  ->  Sort  (cost=37.57..37.59 rows=9 width=121)
	        Sort Key: c
	        ->  Index Scan using sbtest4_pkey on sbtest4  (cost=0.43..37.43 rows=9 width=121)
	              Index Cond: ((id >= 271343) AND (id <= 271352))

table 5 : explain SELECT DISTINCT c FROM sbtest5 WHERE id BETWEEN 2462435 AND 2462444 ORDER BY c
	Unique  (cost=40.56..40.61 rows=10 width=121)
	  ->  Sort  (cost=40.56..40.58 rows=10 width=121)
	        Sort Key: c
	        ->  Index Scan using sbtest5_pkey on sbtest5  (cost=0.43..40.39 rows=10 width=121)
	              Index Cond: ((id >= 2462435) AND (id <= 2462444))

table 6 : explain SELECT DISTINCT c FROM sbtest6 WHERE id BETWEEN 6982416 AND 6982425 ORDER BY c
	Unique  (cost=40.26..40.31 rows=10 width=121)
	  ->  Sort  (cost=40.26..40.28 rows=10 width=121)
	        Sort Key: c
	        ->  Index Scan using sbtest6_pkey on sbtest6  (cost=0.43..40.09 rows=10 width=121)
	              Index Cond: ((id >= 6982416) AND (id <= 6982425))

table 7 : explain SELECT DISTINCT c FROM sbtest7 WHERE id BETWEEN 828656 AND 828665 ORDER BY c
	Unique  (cost=43.38..43.44 rows=11 width=121)
	  ->  Sort  (cost=43.38..43.41 rows=11 width=121)
	        Sort Key: c
	        ->  Index Scan using sbtest7_pkey on sbtest7  (cost=0.43..43.19 rows=11 width=121)
	              Index Cond: ((id >= 828656) AND (id <= 828665))

table 8 : explain SELECT DISTINCT c FROM sbtest8 WHERE id BETWEEN 7696374 AND 7696383 ORDER BY c
	Unique  (cost=40.14..40.19 rows=10 width=121)
	  ->  Sort  (cost=40.14..40.17 rows=10 width=121)
	        Sort Key: c
	        ->  Index Scan using sbtest8_pkey on sbtest8  (cost=0.43..39.98 rows=10 width=121)
	              Index Cond: ((id >= 7696374) AND (id <= 7696383))

for point_selects
table 1 : explain SELECT c FROM sbtest1 WHERE id=1932214
	Index Scan using sbtest1_pkey on sbtest1  (cost=0.43..8.45 rows=1 width=121)
	  Index Cond: (id = 1932214)

table 2 : explain SELECT c FROM sbtest2 WHERE id=4297920
	Index Scan using sbtest2_pkey on sbtest2  (cost=0.43..8.45 rows=1 width=121)
	  Index Cond: (id = 4297920)

table 3 : explain SELECT c FROM sbtest3 WHERE id=1723696
	Index Scan using sbtest3_pkey on sbtest3  (cost=0.43..8.45 rows=1 width=121)
	  Index Cond: (id = 1723696)

table 4 : explain SELECT c FROM sbtest4 WHERE id=6467189
	Index Scan using sbtest4_pkey on sbtest4  (cost=0.43..8.45 rows=1 width=121)
	  Index Cond: (id = 6467189)

table 5 : explain SELECT c FROM sbtest5 WHERE id=9932167
	Index Scan using sbtest5_pkey on sbtest5  (cost=0.43..8.45 rows=1 width=121)
	  Index Cond: (id = 9932167)

table 6 : explain SELECT c FROM sbtest6 WHERE id=2416496
	Index Scan using sbtest6_pkey on sbtest6  (cost=0.43..8.45 rows=1 width=121)
	  Index Cond: (id = 2416496)

table 7 : explain SELECT c FROM sbtest7 WHERE id=6898304
	Index Scan using sbtest7_pkey on sbtest7  (cost=0.43..8.45 rows=1 width=121)
	  Index Cond: (id = 6898304)

table 8 : explain SELECT c FROM sbtest8 WHERE id=8782324
	Index Scan using sbtest8_pkey on sbtest8  (cost=0.43..8.45 rows=1 width=121)
	  Index Cond: (id = 8782324)

explain: for index_updates :: explain UPDATE sbtest%u SET k=k+1 WHERE id=%u
for point_selects
table 1 : explain SELECT c FROM sbtest1 WHERE id=8894850
	Index Scan using sbtest1_pkey on sbtest1  (cost=0.43..8.45 rows=1 width=121)
	  Index Cond: (id = 8894850)

table 2 : explain SELECT c FROM sbtest2 WHERE id=1808590
	Index Scan using sbtest2_pkey on sbtest2  (cost=0.43..8.45 rows=1 width=121)
	  Index Cond: (id = 1808590)

table 3 : explain SELECT c FROM sbtest3 WHERE id=6197816
	Index Scan using sbtest3_pkey on sbtest3  (cost=0.43..8.45 rows=1 width=121)
	  Index Cond: (id = 6197816)

table 4 : explain SELECT c FROM sbtest4 WHERE id=8759041
	Index Scan using sbtest4_pkey on sbtest4  (cost=0.43..8.45 rows=1 width=121)
	  Index Cond: (id = 8759041)

table 5 : explain SELECT c FROM sbtest5 WHERE id=6827039
	Index Scan using sbtest5_pkey on sbtest5  (cost=0.43..8.45 rows=1 width=121)
	  Index Cond: (id = 6827039)

table 6 : explain SELECT c FROM sbtest6 WHERE id=8738125
	Index Scan using sbtest6_pkey on sbtest6  (cost=0.43..8.45 rows=1 width=121)
	  Index Cond: (id = 8738125)

table 7 : explain SELECT c FROM sbtest7 WHERE id=2932840
	Index Scan using sbtest7_pkey on sbtest7  (cost=0.43..8.45 rows=1 width=121)
	  Index Cond: (id = 2932840)

table 8 : explain SELECT c FROM sbtest8 WHERE id=9291936
	Index Scan using sbtest8_pkey on sbtest8  (cost=0.43..8.45 rows=1 width=121)
	  Index Cond: (id = 9291936)

for non_index_updates
table 1 : explain UPDATE sbtest1 SET c='foobar' WHERE id=5646425
	Update on sbtest1  (cost=0.43..8.45 rows=0 width=0)
	  ->  Index Scan using sbtest1_pkey on sbtest1  (cost=0.43..8.45 rows=1 width=490)
	        Index Cond: (id = 5646425)

table 2 : explain UPDATE sbtest2 SET c='foobar' WHERE id=3229869
	Update on sbtest2  (cost=0.43..8.45 rows=0 width=0)
	  ->  Index Scan using sbtest2_pkey on sbtest2  (cost=0.43..8.45 rows=1 width=490)
	        Index Cond: (id = 3229869)

table 3 : explain UPDATE sbtest3 SET c='foobar' WHERE id=7743549
	Update on sbtest3  (cost=0.43..8.45 rows=0 width=0)
	  ->  Index Scan using sbtest3_pkey on sbtest3  (cost=0.43..8.45 rows=1 width=490)
	        Index Cond: (id = 7743549)

table 4 : explain UPDATE sbtest4 SET c='foobar' WHERE id=6691957
	Update on sbtest4  (cost=0.43..8.45 rows=0 width=0)
	  ->  Index Scan using sbtest4_pkey on sbtest4  (cost=0.43..8.45 rows=1 width=490)
	        Index Cond: (id = 6691957)

table 5 : explain UPDATE sbtest5 SET c='foobar' WHERE id=9362983
	Update on sbtest5  (cost=0.43..8.45 rows=0 width=0)
	  ->  Index Scan using sbtest5_pkey on sbtest5  (cost=0.43..8.45 rows=1 width=490)
	        Index Cond: (id = 9362983)

table 6 : explain UPDATE sbtest6 SET c='foobar' WHERE id=1943447
	Update on sbtest6  (cost=0.43..8.45 rows=0 width=0)
	  ->  Index Scan using sbtest6_pkey on sbtest6  (cost=0.43..8.45 rows=1 width=490)
	        Index Cond: (id = 1943447)

table 7 : explain UPDATE sbtest7 SET c='foobar' WHERE id=8801037
	Update on sbtest7  (cost=0.43..8.45 rows=0 width=0)
	  ->  Index Scan using sbtest7_pkey on sbtest7  (cost=0.43..8.45 rows=1 width=490)
	        Index Cond: (id = 8801037)

table 8 : explain UPDATE sbtest8 SET c='foobar' WHERE id=3219493
	Update on sbtest8  (cost=0.43..8.45 rows=0 width=0)
	  ->  Index Scan using sbtest8_pkey on sbtest8  (cost=0.43..8.45 rows=1 width=490)
	        Index Cond: (id = 3219493)

explain: for inserts :: explain INSERT INTO sbtest%u (id, k, c, pad) VALUES (%u, 13, 'foobar', 'foobar')
explain: for index_updates :: explain UPDATE sbtest%u SET k=k+1 WHERE id=%u
for: sum_ranges
table 1 : explain SELECT SUM(k) FROM sbtest1 WHERE id BETWEEN 8128923 AND 8128932
	Aggregate  (cost=44.60..44.61 rows=1 width=8)
	  ->  Index Scan using sbtest1_pkey on sbtest1  (cost=0.43..44.57 rows=11 width=4)
	        Index Cond: ((id >= 8128923) AND (id <= 8128932))

table 2 : explain SELECT SUM(k) FROM sbtest2 WHERE id BETWEEN 5534348 AND 5534357
	Aggregate  (cost=44.56..44.57 rows=1 width=8)
	  ->  Index Scan using sbtest2_pkey on sbtest2  (cost=0.43..44.54 rows=11 width=4)
	        Index Cond: ((id >= 5534348) AND (id <= 5534357))

table 3 : explain SELECT SUM(k) FROM sbtest3 WHERE id BETWEEN 8144819 AND 8144828
	Aggregate  (cost=41.25..41.26 rows=1 width=8)
	  ->  Index Scan using sbtest3_pkey on sbtest3  (cost=0.43..41.23 rows=10 width=4)
	        Index Cond: ((id >= 8144819) AND (id <= 8144828))

table 4 : explain SELECT SUM(k) FROM sbtest4 WHERE id BETWEEN 4666296 AND 4666305
	Aggregate  (cost=41.08..41.09 rows=1 width=8)
	  ->  Index Scan using sbtest4_pkey on sbtest4  (cost=0.43..41.05 rows=10 width=4)
	        Index Cond: ((id >= 4666296) AND (id <= 4666305))

table 5 : explain SELECT SUM(k) FROM sbtest5 WHERE id BETWEEN 8576193 AND 8576202
	Aggregate  (cost=40.42..40.43 rows=1 width=8)
	  ->  Index Scan using sbtest5_pkey on sbtest5  (cost=0.43..40.39 rows=10 width=4)
	        Index Cond: ((id >= 8576193) AND (id <= 8576202))

table 6 : explain SELECT SUM(k) FROM sbtest6 WHERE id BETWEEN 1748629 AND 1748638
	Aggregate  (cost=40.12..40.13 rows=1 width=8)
	  ->  Index Scan using sbtest6_pkey on sbtest6  (cost=0.43..40.09 rows=10 width=4)
	        Index Cond: ((id >= 1748629) AND (id <= 1748638))

table 7 : explain SELECT SUM(k) FROM sbtest7 WHERE id BETWEEN 6417940 AND 6417949
	Aggregate  (cost=39.74..39.75 rows=1 width=8)
	  ->  Index Scan using sbtest7_pkey on sbtest7  (cost=0.43..39.72 rows=10 width=4)
	        Index Cond: ((id >= 6417940) AND (id <= 6417949))

table 8 : explain SELECT SUM(k) FROM sbtest8 WHERE id BETWEEN 3322689 AND 3322698
	Aggregate  (cost=40.00..40.01 rows=1 width=8)
	  ->  Index Scan using sbtest8_pkey on sbtest8  (cost=0.43..39.98 rows=10 width=4)
	        Index Cond: ((id >= 3322689) AND (id <= 3322698))

for inserts
table 1 : explain INSERT INTO sbtest1 (id, k, c, pad) VALUES (2774250, 13, 'foobar', 'foobar')
	Insert on sbtest1  (cost=0.00..0.01 rows=0 width=0)
	  ->  Result  (cost=0.00..0.01 rows=1 width=736)

table 2 : explain INSERT INTO sbtest2 (id, k, c, pad) VALUES (1123856, 13, 'foobar', 'foobar')
	Insert on sbtest2  (cost=0.00..0.01 rows=0 width=0)
	  ->  Result  (cost=0.00..0.01 rows=1 width=736)

table 3 : explain INSERT INTO sbtest3 (id, k, c, pad) VALUES (4520921, 13, 'foobar', 'foobar')
	Insert on sbtest3  (cost=0.00..0.01 rows=0 width=0)
	  ->  Result  (cost=0.00..0.01 rows=1 width=736)

table 4 : explain INSERT INTO sbtest4 (id, k, c, pad) VALUES (9494608, 13, 'foobar', 'foobar')
	Insert on sbtest4  (cost=0.00..0.01 rows=0 width=0)
	  ->  Result  (cost=0.00..0.01 rows=1 width=736)

table 5 : explain INSERT INTO sbtest5 (id, k, c, pad) VALUES (6885464, 13, 'foobar', 'foobar')
	Insert on sbtest5  (cost=0.00..0.01 rows=0 width=0)
	  ->  Result  (cost=0.00..0.01 rows=1 width=736)

table 6 : explain INSERT INTO sbtest6 (id, k, c, pad) VALUES (615358, 13, 'foobar', 'foobar')
	Insert on sbtest6  (cost=0.00..0.01 rows=0 width=0)
	  ->  Result  (cost=0.00..0.01 rows=1 width=736)

table 7 : explain INSERT INTO sbtest7 (id, k, c, pad) VALUES (2182568, 13, 'foobar', 'foobar')
	Insert on sbtest7  (cost=0.00..0.01 rows=0 width=0)
	  ->  Result  (cost=0.00..0.01 rows=1 width=736)

table 8 : explain INSERT INTO sbtest8 (id, k, c, pad) VALUES (1379425, 13, 'foobar', 'foobar')
	Insert on sbtest8  (cost=0.00..0.01 rows=0 width=0)
	  ->  Result  (cost=0.00..0.01 rows=1 width=736)

explain: for deletes :: explain DELETE FROM sbtest%u WHERE id=%u
for: order_ranges
table 1 : explain SELECT c FROM sbtest1 WHERE id BETWEEN 2552945 AND 2552954 ORDER BY c
	Sort  (cost=41.13..41.15 rows=10 width=121)
	  Sort Key: c
	  ->  Index Scan using sbtest1_pkey on sbtest1  (cost=0.43..40.96 rows=10 width=121)
	        Index Cond: ((id >= 2552945) AND (id <= 2552954))

table 2 : explain SELECT c FROM sbtest2 WHERE id BETWEEN 5985094 AND 5985103 ORDER BY c
	Sort  (cost=41.09..41.12 rows=10 width=121)
	  Sort Key: c
	  ->  Index Scan using sbtest2_pkey on sbtest2  (cost=0.43..40.93 rows=10 width=121)
	        Index Cond: ((id >= 5985094) AND (id <= 5985103))

table 3 : explain SELECT c FROM sbtest3 WHERE id BETWEEN 4069293 AND 4069302 ORDER BY c
	Sort  (cost=41.39..41.42 rows=10 width=121)
	  Sort Key: c
	  ->  Index Scan using sbtest3_pkey on sbtest3  (cost=0.43..41.23 rows=10 width=121)
	        Index Cond: ((id >= 4069293) AND (id <= 4069302))

table 4 : explain SELECT c FROM sbtest4 WHERE id BETWEEN 5302172 AND 5302181 ORDER BY c
	Sort  (cost=44.86..44.89 rows=11 width=121)
	  Sort Key: c
	  ->  Index Scan using sbtest4_pkey on sbtest4  (cost=0.43..44.67 rows=11 width=121)
	        Index Cond: ((id >= 5302172) AND (id <= 5302181))

table 5 : explain SELECT c FROM sbtest5 WHERE id BETWEEN 7691497 AND 7691506 ORDER BY c
	Sort  (cost=40.56..40.58 rows=10 width=121)
	  Sort Key: c
	  ->  Index Scan using sbtest5_pkey on sbtest5  (cost=0.43..40.39 rows=10 width=121)
	        Index Cond: ((id >= 7691497) AND (id <= 7691506))

table 6 : explain SELECT c FROM sbtest6 WHERE id BETWEEN 1704389 AND 1704398 ORDER BY c
	Sort  (cost=40.26..40.28 rows=10 width=121)
	  Sort Key: c
	  ->  Index Scan using sbtest6_pkey on sbtest6  (cost=0.43..40.09 rows=10 width=121)
	        Index Cond: ((id >= 1704389) AND (id <= 1704398))

table 7 : explain SELECT c FROM sbtest7 WHERE id BETWEEN 6668237 AND 6668246 ORDER BY c
	Sort  (cost=39.89..39.91 rows=10 width=121)
	  Sort Key: c
	  ->  Index Scan using sbtest7_pkey on sbtest7  (cost=0.43..39.72 rows=10 width=121)
	        Index Cond: ((id >= 6668237) AND (id <= 6668246))

table 8 : explain SELECT c FROM sbtest8 WHERE id BETWEEN 2958537 AND 2958546 ORDER BY c
	Sort  (cost=43.67..43.70 rows=11 width=121)
	  Sort Key: c
	  ->  Index Scan using sbtest8_pkey on sbtest8  (cost=0.43..43.48 rows=11 width=121)
	        Index Cond: ((id >= 2958537) AND (id <= 2958546))

for index_updates
table 1 : explain UPDATE sbtest1 SET k=k+1 WHERE id=7658004
	Update on sbtest1  (cost=0.43..8.46 rows=0 width=0)
	  ->  Index Scan using sbtest1_pkey on sbtest1  (cost=0.43..8.46 rows=1 width=10)
	        Index Cond: (id = 7658004)

table 2 : explain UPDATE sbtest2 SET k=k+1 WHERE id=3838982
	Update on sbtest2  (cost=0.43..8.46 rows=0 width=0)
	  ->  Index Scan using sbtest2_pkey on sbtest2  (cost=0.43..8.46 rows=1 width=10)
	        Index Cond: (id = 3838982)

table 3 : explain UPDATE sbtest3 SET k=k+1 WHERE id=6298111
	Update on sbtest3  (cost=0.43..8.46 rows=0 width=0)
	  ->  Index Scan using sbtest3_pkey on sbtest3  (cost=0.43..8.46 rows=1 width=10)
	        Index Cond: (id = 6298111)

table 4 : explain UPDATE sbtest4 SET k=k+1 WHERE id=9048693
	Update on sbtest4  (cost=0.43..8.46 rows=0 width=0)
	  ->  Index Scan using sbtest4_pkey on sbtest4  (cost=0.43..8.46 rows=1 width=10)
	        Index Cond: (id = 9048693)

table 5 : explain UPDATE sbtest5 SET k=k+1 WHERE id=7760803
	Update on sbtest5  (cost=0.43..8.46 rows=0 width=0)
	  ->  Index Scan using sbtest5_pkey on sbtest5  (cost=0.43..8.46 rows=1 width=10)
	        Index Cond: (id = 7760803)

table 6 : explain UPDATE sbtest6 SET k=k+1 WHERE id=5808185
	Update on sbtest6  (cost=0.43..8.46 rows=0 width=0)
	  ->  Index Scan using sbtest6_pkey on sbtest6  (cost=0.43..8.46 rows=1 width=10)
	        Index Cond: (id = 5808185)

table 7 : explain UPDATE sbtest7 SET k=k+1 WHERE id=2597720
	Update on sbtest7  (cost=0.43..8.46 rows=0 width=0)
	  ->  Index Scan using sbtest7_pkey on sbtest7  (cost=0.43..8.46 rows=1 width=10)
	        Index Cond: (id = 2597720)

table 8 : explain UPDATE sbtest8 SET k=k+1 WHERE id=7799222
	Update on sbtest8  (cost=0.43..8.46 rows=0 width=0)
	  ->  Index Scan using sbtest8_pkey on sbtest8  (cost=0.43..8.46 rows=1 width=10)
	        Index Cond: (id = 7799222)

for: sum_ranges
table 1 : explain SELECT SUM(k) FROM sbtest1 WHERE id BETWEEN 2973995 AND 2974004
	Aggregate  (cost=40.98..40.99 rows=1 width=8)
	  ->  Index Scan using sbtest1_pkey on sbtest1  (cost=0.43..40.96 rows=10 width=4)
	        Index Cond: ((id >= 2973995) AND (id <= 2974004))

table 2 : explain SELECT SUM(k) FROM sbtest2 WHERE id BETWEEN 3915272 AND 3915281
	Aggregate  (cost=44.56..44.57 rows=1 width=8)
	  ->  Index Scan using sbtest2_pkey on sbtest2  (cost=0.43..44.54 rows=11 width=4)
	        Index Cond: ((id >= 3915272) AND (id <= 3915281))

table 3 : explain SELECT SUM(k) FROM sbtest3 WHERE id BETWEEN 6135370 AND 6135379
	Aggregate  (cost=41.25..41.26 rows=1 width=8)
	  ->  Index Scan using sbtest3_pkey on sbtest3  (cost=0.43..41.23 rows=10 width=4)
	        Index Cond: ((id >= 6135370) AND (id <= 6135379))

table 4 : explain SELECT SUM(k) FROM sbtest4 WHERE id BETWEEN 53616 AND 53625
	Aggregate  (cost=41.08..41.09 rows=1 width=8)
	  ->  Index Scan using sbtest4_pkey on sbtest4  (cost=0.43..41.05 rows=10 width=4)
	        Index Cond: ((id >= 53616) AND (id <= 53625))

table 5 : explain SELECT SUM(k) FROM sbtest5 WHERE id BETWEEN 5862853 AND 5862862
	Aggregate  (cost=40.42..40.43 rows=1 width=8)
	  ->  Index Scan using sbtest5_pkey on sbtest5  (cost=0.43..40.39 rows=10 width=4)
	        Index Cond: ((id >= 5862853) AND (id <= 5862862))

table 6 : explain SELECT SUM(k) FROM sbtest6 WHERE id BETWEEN 1374640 AND 1374649
	Aggregate  (cost=40.12..40.13 rows=1 width=8)
	  ->  Index Scan using sbtest6_pkey on sbtest6  (cost=0.43..40.09 rows=10 width=4)
	        Index Cond: ((id >= 1374640) AND (id <= 1374649))

table 7 : explain SELECT SUM(k) FROM sbtest7 WHERE id BETWEEN 3207289 AND 3207298
	Aggregate  (cost=36.27..36.28 rows=1 width=8)
	  ->  Index Scan using sbtest7_pkey on sbtest7  (cost=0.43..36.25 rows=9 width=4)
	        Index Cond: ((id >= 3207289) AND (id <= 3207298))

table 8 : explain SELECT SUM(k) FROM sbtest8 WHERE id BETWEEN 1018567 AND 1018576
	Aggregate  (cost=36.50..36.51 rows=1 width=8)
	  ->  Index Scan using sbtest8_pkey on sbtest8  (cost=0.43..36.47 rows=9 width=4)
	        Index Cond: ((id >= 1018567) AND (id <= 1018576))

for index_updates
table 1 : explain UPDATE sbtest1 SET k=k+1 WHERE id=7660244
	Update on sbtest1  (cost=0.43..8.46 rows=0 width=0)
	  ->  Index Scan using sbtest1_pkey on sbtest1  (cost=0.43..8.46 rows=1 width=10)
	        Index Cond: (id = 7660244)

table 2 : explain UPDATE sbtest2 SET k=k+1 WHERE id=8894183
	Update on sbtest2  (cost=0.43..8.46 rows=0 width=0)
	  ->  Index Scan using sbtest2_pkey on sbtest2  (cost=0.43..8.46 rows=1 width=10)
	        Index Cond: (id = 8894183)

table 3 : explain UPDATE sbtest3 SET k=k+1 WHERE id=408905
	Update on sbtest3  (cost=0.43..8.46 rows=0 width=0)
	  ->  Index Scan using sbtest3_pkey on sbtest3  (cost=0.43..8.46 rows=1 width=10)
	        Index Cond: (id = 408905)

table 4 : explain UPDATE sbtest4 SET k=k+1 WHERE id=9776733
	Update on sbtest4  (cost=0.43..8.46 rows=0 width=0)
	  ->  Index Scan using sbtest4_pkey on sbtest4  (cost=0.43..8.46 rows=1 width=10)
	        Index Cond: (id = 9776733)

table 5 : explain UPDATE sbtest5 SET k=k+1 WHERE id=6182944
	Update on sbtest5  (cost=0.43..8.46 rows=0 width=0)
	  ->  Index Scan using sbtest5_pkey on sbtest5  (cost=0.43..8.46 rows=1 width=10)
	        Index Cond: (id = 6182944)

table 6 : explain UPDATE sbtest6 SET k=k+1 WHERE id=1013405
	Update on sbtest6  (cost=0.43..8.46 rows=0 width=0)
	  ->  Index Scan using sbtest6_pkey on sbtest6  (cost=0.43..8.46 rows=1 width=10)
	        Index Cond: (id = 1013405)

table 7 : explain UPDATE sbtest7 SET k=k+1 WHERE id=3199309
	Update on sbtest7  (cost=0.43..8.46 rows=0 width=0)
	  ->  Index Scan using sbtest7_pkey on sbtest7  (cost=0.43..8.46 rows=1 width=10)
	        Index Cond: (id = 3199309)

table 8 : explain UPDATE sbtest8 SET k=k+1 WHERE id=1375180
	Update on sbtest8  (cost=0.43..8.46 rows=0 width=0)
	  ->  Index Scan using sbtest8_pkey on sbtest8  (cost=0.43..8.46 rows=1 width=10)
	        Index Cond: (id = 1375180)

explain: for non_index_updates :: explain UPDATE sbtest%u SET c='foobar' WHERE id=%u
for: simple_ranges
table 1 : explain SELECT c FROM sbtest1 WHERE id BETWEEN 8337048 AND 8337057
	Index Scan using sbtest1_pkey on sbtest1  (cost=0.43..40.96 rows=10 width=121)
	  Index Cond: ((id >= 8337048) AND (id <= 8337057))

table 2 : explain SELECT c FROM sbtest2 WHERE id BETWEEN 9292951 AND 9292960
	Index Scan using sbtest2_pkey on sbtest2  (cost=0.43..40.93 rows=10 width=121)
	  Index Cond: ((id >= 9292951) AND (id <= 9292960))

table 3 : explain SELECT c FROM sbtest3 WHERE id BETWEEN 9260583 AND 9260592
	Index Scan using sbtest3_pkey on sbtest3  (cost=0.43..41.23 rows=10 width=121)
	  Index Cond: ((id >= 9260583) AND (id <= 9260592))

table 4 : explain SELECT c FROM sbtest4 WHERE id BETWEEN 9861661 AND 9861670
	Index Scan using sbtest4_pkey on sbtest4  (cost=0.43..41.05 rows=10 width=121)
	  Index Cond: ((id >= 9861661) AND (id <= 9861670))

table 5 : explain SELECT c FROM sbtest5 WHERE id BETWEEN 2543101 AND 2543110
	Index Scan using sbtest5_pkey on sbtest5  (cost=0.43..43.94 rows=11 width=121)
	  Index Cond: ((id >= 2543101) AND (id <= 2543110))

table 6 : explain SELECT c FROM sbtest6 WHERE id BETWEEN 5845006 AND 5845015
	Index Scan using sbtest6_pkey on sbtest6  (cost=0.43..40.09 rows=10 width=121)
	  Index Cond: ((id >= 5845006) AND (id <= 5845015))

table 7 : explain SELECT c FROM sbtest7 WHERE id BETWEEN 7185155 AND 7185164
	Index Scan using sbtest7_pkey on sbtest7  (cost=0.43..39.72 rows=10 width=121)
	  Index Cond: ((id >= 7185155) AND (id <= 7185164))

table 8 : explain SELECT c FROM sbtest8 WHERE id BETWEEN 8144688 AND 8144697
	Index Scan using sbtest8_pkey on sbtest8  (cost=0.43..39.98 rows=10 width=121)
	  Index Cond: ((id >= 8144688) AND (id <= 8144697))

for: simple_ranges
table 1 : explain SELECT c FROM sbtest1 WHERE id BETWEEN 3109969 AND 3109978
	Index Scan using sbtest1_pkey on sbtest1  (cost=0.43..40.96 rows=10 width=121)
	  Index Cond: ((id >= 3109969) AND (id <= 3109978))

table 2 : explain SELECT c FROM sbtest2 WHERE id BETWEEN 1733133 AND 1733142
	Index Scan using sbtest2_pkey on sbtest2  (cost=0.43..40.93 rows=10 width=121)
	  Index Cond: ((id >= 1733133) AND (id <= 1733142))

table 3 : explain SELECT c FROM sbtest3 WHERE id BETWEEN 6492647 AND 6492656
	Index Scan using sbtest3_pkey on sbtest3  (cost=0.43..37.58 rows=9 width=121)
	  Index Cond: ((id >= 6492647) AND (id <= 6492656))

table 4 : explain SELECT c FROM sbtest4 WHERE id BETWEEN 6245827 AND 6245836
	Index Scan using sbtest4_pkey on sbtest4  (cost=0.43..41.05 rows=10 width=121)
	  Index Cond: ((id >= 6245827) AND (id <= 6245836))

table 5 : explain SELECT c FROM sbtest5 WHERE id BETWEEN 4209319 AND 4209328
	Index Scan using sbtest5_pkey on sbtest5  (cost=0.43..40.39 rows=10 width=121)
	  Index Cond: ((id >= 4209319) AND (id <= 4209328))

table 6 : explain SELECT c FROM sbtest6 WHERE id BETWEEN 7232733 AND 7232742
	Index Scan using sbtest6_pkey on sbtest6  (cost=0.43..40.09 rows=10 width=121)
	  Index Cond: ((id >= 7232733) AND (id <= 7232742))

table 7 : explain SELECT c FROM sbtest7 WHERE id BETWEEN 2459784 AND 2459793
	Index Scan using sbtest7_pkey on sbtest7  (cost=0.43..39.72 rows=10 width=121)
	  Index Cond: ((id >= 2459784) AND (id <= 2459793))

table 8 : explain SELECT c FROM sbtest8 WHERE id BETWEEN 4961613 AND 4961622
	Index Scan using sbtest8_pkey on sbtest8  (cost=0.43..39.98 rows=10 width=121)
	  Index Cond: ((id >= 4961613) AND (id <= 4961622))

for: sum_ranges
table 1 : explain SELECT SUM(k) FROM sbtest1 WHERE id BETWEEN 7052777 AND 7052786
	Aggregate  (cost=40.98..40.99 rows=1 width=8)
	  ->  Index Scan using sbtest1_pkey on sbtest1  (cost=0.43..40.96 rows=10 width=4)
	        Index Cond: ((id >= 7052777) AND (id <= 7052786))

table 2 : explain SELECT SUM(k) FROM sbtest2 WHERE id BETWEEN 2353787 AND 2353796
	Aggregate  (cost=40.95..40.96 rows=1 width=8)
	  ->  Index Scan using sbtest2_pkey on sbtest2  (cost=0.43..40.93 rows=10 width=4)
	        Index Cond: ((id >= 2353787) AND (id <= 2353796))

table 3 : explain SELECT SUM(k) FROM sbtest3 WHERE id BETWEEN 3669029 AND 3669038
	Aggregate  (cost=41.25..41.26 rows=1 width=8)
	  ->  Index Scan using sbtest3_pkey on sbtest3  (cost=0.43..41.23 rows=10 width=4)
	        Index Cond: ((id >= 3669029) AND (id <= 3669038))

table 4 : explain SELECT SUM(k) FROM sbtest4 WHERE id BETWEEN 1364439 AND 1364448
	Aggregate  (cost=41.08..41.09 rows=1 width=8)
	  ->  Index Scan using sbtest4_pkey on sbtest4  (cost=0.43..41.05 rows=10 width=4)
	        Index Cond: ((id >= 1364439) AND (id <= 1364448))

table 5 : explain SELECT SUM(k) FROM sbtest5 WHERE id BETWEEN 1877871 AND 1877880
	Aggregate  (cost=40.42..40.43 rows=1 width=8)
	  ->  Index Scan using sbtest5_pkey on sbtest5  (cost=0.43..40.39 rows=10 width=4)
	        Index Cond: ((id >= 1877871) AND (id <= 1877880))

table 6 : explain SELECT SUM(k) FROM sbtest6 WHERE id BETWEEN 6801599 AND 6801608
	Aggregate  (cost=43.63..43.64 rows=1 width=8)
	  ->  Index Scan using sbtest6_pkey on sbtest6  (cost=0.43..43.61 rows=11 width=4)
	        Index Cond: ((id >= 6801599) AND (id <= 6801608))

table 7 : explain SELECT SUM(k) FROM sbtest7 WHERE id BETWEEN 6621580 AND 6621589
	Aggregate  (cost=39.74..39.75 rows=1 width=8)
	  ->  Index Scan using sbtest7_pkey on sbtest7  (cost=0.43..39.72 rows=10 width=4)
	        Index Cond: ((id >= 6621580) AND (id <= 6621589))

table 8 : explain SELECT SUM(k) FROM sbtest8 WHERE id BETWEEN 8793411 AND 8793420
	Aggregate  (cost=40.00..40.01 rows=1 width=8)
	  ->  Index Scan using sbtest8_pkey on sbtest8  (cost=0.43..39.98 rows=10 width=4)
	        Index Cond: ((id >= 8793411) AND (id <= 8793420))

for index_updates
table 1 : explain UPDATE sbtest1 SET k=k+1 WHERE id=3813184
	Update on sbtest1  (cost=0.43..8.46 rows=0 width=0)
	  ->  Index Scan using sbtest1_pkey on sbtest1  (cost=0.43..8.46 rows=1 width=10)
	        Index Cond: (id = 3813184)

table 2 : explain UPDATE sbtest2 SET k=k+1 WHERE id=3687317
	Update on sbtest2  (cost=0.43..8.46 rows=0 width=0)
	  ->  Index Scan using sbtest2_pkey on sbtest2  (cost=0.43..8.46 rows=1 width=10)
	        Index Cond: (id = 3687317)

table 3 : explain UPDATE sbtest3 SET k=k+1 WHERE id=1018516
	Update on sbtest3  (cost=0.43..8.46 rows=0 width=0)
	  ->  Index Scan using sbtest3_pkey on sbtest3  (cost=0.43..8.46 rows=1 width=10)
	        Index Cond: (id = 1018516)

table 4 : explain UPDATE sbtest4 SET k=k+1 WHERE id=6255946
	Update on sbtest4  (cost=0.43..8.46 rows=0 width=0)
	  ->  Index Scan using sbtest4_pkey on sbtest4  (cost=0.43..8.46 rows=1 width=10)
	        Index Cond: (id = 6255946)

table 5 : explain UPDATE sbtest5 SET k=k+1 WHERE id=1739687
	Update on sbtest5  (cost=0.43..8.46 rows=0 width=0)
	  ->  Index Scan using sbtest5_pkey on sbtest5  (cost=0.43..8.46 rows=1 width=10)
	        Index Cond: (id = 1739687)

table 6 : explain UPDATE sbtest6 SET k=k+1 WHERE id=6962207
	Update on sbtest6  (cost=0.43..8.46 rows=0 width=0)
	  ->  Index Scan using sbtest6_pkey on sbtest6  (cost=0.43..8.46 rows=1 width=10)
	        Index Cond: (id = 6962207)

table 7 : explain UPDATE sbtest7 SET k=k+1 WHERE id=5109466
	Update on sbtest7  (cost=0.43..8.46 rows=0 width=0)
	  ->  Index Scan using sbtest7_pkey on sbtest7  (cost=0.43..8.46 rows=1 width=10)
	        Index Cond: (id = 5109466)

table 8 : explain UPDATE sbtest8 SET k=k+1 WHERE id=7617503
	Update on sbtest8  (cost=0.43..8.46 rows=0 width=0)
	  ->  Index Scan using sbtest8_pkey on sbtest8  (cost=0.43..8.46 rows=1 width=10)
	        Index Cond: (id = 7617503)

explain: for non_index_updates :: explain UPDATE sbtest%u SET c='foobar' WHERE id=%u
for point_selects
table 1 : explain SELECT c FROM sbtest1 WHERE id=7113988
	Index Scan using sbtest1_pkey on sbtest1  (cost=0.43..8.45 rows=1 width=121)
	  Index Cond: (id = 7113988)

table 2 : explain SELECT c FROM sbtest2 WHERE id=3689678
	Index Scan using sbtest2_pkey on sbtest2  (cost=0.43..8.45 rows=1 width=121)
	  Index Cond: (id = 3689678)

table 3 : explain SELECT c FROM sbtest3 WHERE id=8693917
	Index Scan using sbtest3_pkey on sbtest3  (cost=0.43..8.45 rows=1 width=121)
	  Index Cond: (id = 8693917)

table 4 : explain SELECT c FROM sbtest4 WHERE id=183789
	Index Scan using sbtest4_pkey on sbtest4  (cost=0.43..8.45 rows=1 width=121)
	  Index Cond: (id = 183789)

table 5 : explain SELECT c FROM sbtest5 WHERE id=1925087
	Index Scan using sbtest5_pkey on sbtest5  (cost=0.43..8.45 rows=1 width=121)
	  Index Cond: (id = 1925087)

table 6 : explain SELECT c FROM sbtest6 WHERE id=5760877
	Index Scan using sbtest6_pkey on sbtest6  (cost=0.43..8.45 rows=1 width=121)
	  Index Cond: (id = 5760877)

table 7 : explain SELECT c FROM sbtest7 WHERE id=8381544
	Index Scan using sbtest7_pkey on sbtest7  (cost=0.43..8.45 rows=1 width=121)
	  Index Cond: (id = 8381544)

table 8 : explain SELECT c FROM sbtest8 WHERE id=5016037
	Index Scan using sbtest8_pkey on sbtest8  (cost=0.43..8.45 rows=1 width=121)
	  Index Cond: (id = 5016037)

for point_selects
table 1 : explain SELECT c FROM sbtest1 WHERE id=8315979
	Index Scan using sbtest1_pkey on sbtest1  (cost=0.43..8.45 rows=1 width=121)
	  Index Cond: (id = 8315979)

table 2 : explain SELECT c FROM sbtest2 WHERE id=8978786
	Index Scan using sbtest2_pkey on sbtest2  (cost=0.43..8.45 rows=1 width=121)
	  Index Cond: (id = 8978786)

table 3 : explain SELECT c FROM sbtest3 WHERE id=4804369
	Index Scan using sbtest3_pkey on sbtest3  (cost=0.43..8.45 rows=1 width=121)
	  Index Cond: (id = 4804369)

table 4 : explain SELECT c FROM sbtest4 WHERE id=3309112
	Index Scan using sbtest4_pkey on sbtest4  (cost=0.43..8.45 rows=1 width=121)
	  Index Cond: (id = 3309112)

table 5 : explain SELECT c FROM sbtest5 WHERE id=1256906
	Index Scan using sbtest5_pkey on sbtest5  (cost=0.43..8.45 rows=1 width=121)
	  Index Cond: (id = 1256906)

table 6 : explain SELECT c FROM sbtest6 WHERE id=3260687
	Index Scan using sbtest6_pkey on sbtest6  (cost=0.43..8.45 rows=1 width=121)
	  Index Cond: (id = 3260687)

table 7 : explain SELECT c FROM sbtest7 WHERE id=8497940
	Index Scan using sbtest7_pkey on sbtest7  (cost=0.43..8.45 rows=1 width=121)
	  Index Cond: (id = 8497940)

table 8 : explain SELECT c FROM sbtest8 WHERE id=6217655
	Index Scan using sbtest8_pkey on sbtest8  (cost=0.43..8.45 rows=1 width=121)
	  Index Cond: (id = 6217655)

explain: for non_index_updates :: explain UPDATE sbtest%u SET c='foobar' WHERE id=%u
explain: for point_selects :: explain SELECT c FROM sbtest%u WHERE id=%u
for non_index_updates
table 1 : explain UPDATE sbtest1 SET c='foobar' WHERE id=8525511
	Update on sbtest1  (cost=0.43..8.45 rows=0 width=0)
	  ->  Index Scan using sbtest1_pkey on sbtest1  (cost=0.43..8.45 rows=1 width=490)
	        Index Cond: (id = 8525511)

table 2 : explain UPDATE sbtest2 SET c='foobar' WHERE id=2099159
	Update on sbtest2  (cost=0.43..8.45 rows=0 width=0)
	  ->  Index Scan using sbtest2_pkey on sbtest2  (cost=0.43..8.45 rows=1 width=490)
	        Index Cond: (id = 2099159)

table 3 : explain UPDATE sbtest3 SET c='foobar' WHERE id=695500
	Update on sbtest3  (cost=0.43..8.45 rows=0 width=0)
	  ->  Index Scan using sbtest3_pkey on sbtest3  (cost=0.43..8.45 rows=1 width=490)
	        Index Cond: (id = 695500)

table 4 : explain UPDATE sbtest4 SET c='foobar' WHERE id=9673225
	Update on sbtest4  (cost=0.43..8.45 rows=0 width=0)
	  ->  Index Scan using sbtest4_pkey on sbtest4  (cost=0.43..8.45 rows=1 width=490)
	        Index Cond: (id = 9673225)

table 5 : explain UPDATE sbtest5 SET c='foobar' WHERE id=8178339
	Update on sbtest5  (cost=0.43..8.45 rows=0 width=0)
	  ->  Index Scan using sbtest5_pkey on sbtest5  (cost=0.43..8.45 rows=1 width=490)
	        Index Cond: (id = 8178339)

table 6 : explain UPDATE sbtest6 SET c='foobar' WHERE id=5665956
	Update on sbtest6  (cost=0.43..8.45 rows=0 width=0)
	  ->  Index Scan using sbtest6_pkey on sbtest6  (cost=0.43..8.45 rows=1 width=490)
	        Index Cond: (id = 5665956)

table 7 : explain UPDATE sbtest7 SET c='foobar' WHERE id=800875
	Update on sbtest7  (cost=0.43..8.45 rows=0 width=0)
	  ->  Index Scan using sbtest7_pkey on sbtest7  (cost=0.43..8.45 rows=1 width=490)
	        Index Cond: (id = 800875)

table 8 : explain UPDATE sbtest8 SET c='foobar' WHERE id=9242338
	Update on sbtest8  (cost=0.43..8.45 rows=0 width=0)
	  ->  Index Scan using sbtest8_pkey on sbtest8  (cost=0.43..8.45 rows=1 width=490)
	        Index Cond: (id = 9242338)

explain: for point_selects :: explain SELECT c FROM sbtest%u WHERE id=%u
for: sum_ranges
table 1 : explain SELECT SUM(k) FROM sbtest1 WHERE id BETWEEN 1023468 AND 1023477
	Aggregate  (cost=40.98..40.99 rows=1 width=8)
	  ->  Index Scan using sbtest1_pkey on sbtest1  (cost=0.43..40.96 rows=10 width=4)
	        Index Cond: ((id >= 1023468) AND (id <= 1023477))

table 2 : explain SELECT SUM(k) FROM sbtest2 WHERE id BETWEEN 7705355 AND 7705364
	Aggregate  (cost=40.95..40.96 rows=1 width=8)
	  ->  Index Scan using sbtest2_pkey on sbtest2  (cost=0.43..40.93 rows=10 width=4)
	        Index Cond: ((id >= 7705355) AND (id <= 7705364))

table 3 : explain SELECT SUM(k) FROM sbtest3 WHERE id BETWEEN 1494251 AND 1494260
	Aggregate  (cost=41.25..41.26 rows=1 width=8)
	  ->  Index Scan using sbtest3_pkey on sbtest3  (cost=0.43..41.23 rows=10 width=4)
	        Index Cond: ((id >= 1494251) AND (id <= 1494260))

table 4 : explain SELECT SUM(k) FROM sbtest4 WHERE id BETWEEN 69925 AND 69934
	Aggregate  (cost=41.08..41.09 rows=1 width=8)
	  ->  Index Scan using sbtest4_pkey on sbtest4  (cost=0.43..41.05 rows=10 width=4)
	        Index Cond: ((id >= 69925) AND (id <= 69934))

table 5 : explain SELECT SUM(k) FROM sbtest5 WHERE id BETWEEN 7875563 AND 7875572
	Aggregate  (cost=40.42..40.43 rows=1 width=8)
	  ->  Index Scan using sbtest5_pkey on sbtest5  (cost=0.43..40.39 rows=10 width=4)
	        Index Cond: ((id >= 7875563) AND (id <= 7875572))

table 6 : explain SELECT SUM(k) FROM sbtest6 WHERE id BETWEEN 892165 AND 892174
	Aggregate  (cost=40.12..40.13 rows=1 width=8)
	  ->  Index Scan using sbtest6_pkey on sbtest6  (cost=0.43..40.09 rows=10 width=4)
	        Index Cond: ((id >= 892165) AND (id <= 892174))

table 7 : explain SELECT SUM(k) FROM sbtest7 WHERE id BETWEEN 6665561 AND 6665570
	Aggregate  (cost=39.74..39.75 rows=1 width=8)
	  ->  Index Scan using sbtest7_pkey on sbtest7  (cost=0.43..39.72 rows=10 width=4)
	        Index Cond: ((id >= 6665561) AND (id <= 6665570))

table 8 : explain SELECT SUM(k) FROM sbtest8 WHERE id BETWEEN 8303170 AND 8303179
	Aggregate  (cost=40.00..40.01 rows=1 width=8)
	  ->  Index Scan using sbtest8_pkey on sbtest8  (cost=0.43..39.98 rows=10 width=4)
	        Index Cond: ((id >= 8303170) AND (id <= 8303179))

for point_selects
table 1 : explain SELECT c FROM sbtest1 WHERE id=3734357
	Index Scan using sbtest1_pkey on sbtest1  (cost=0.43..8.45 rows=1 width=121)
	  Index Cond: (id = 3734357)

table 2 : explain SELECT c FROM sbtest2 WHERE id=4715569
	Index Scan using sbtest2_pkey on sbtest2  (cost=0.43..8.45 rows=1 width=121)
	  Index Cond: (id = 4715569)

table 3 : explain SELECT c FROM sbtest3 WHERE id=2831563
	Index Scan using sbtest3_pkey on sbtest3  (cost=0.43..8.45 rows=1 width=121)
	  Index Cond: (id = 2831563)

table 4 : explain SELECT c FROM sbtest4 WHERE id=5784731
	Index Scan using sbtest4_pkey on sbtest4  (cost=0.43..8.45 rows=1 width=121)
	  Index Cond: (id = 5784731)

table 5 : explain SELECT c FROM sbtest5 WHERE id=7813735
	Index Scan using sbtest5_pkey on sbtest5  (cost=0.43..8.45 rows=1 width=121)
	  Index Cond: (id = 7813735)

table 6 : explain SELECT c FROM sbtest6 WHERE id=7997460
	Index Scan using sbtest6_pkey on sbtest6  (cost=0.43..8.45 rows=1 width=121)
	  Index Cond: (id = 7997460)

table 7 : explain SELECT c FROM sbtest7 WHERE id=1637747
	Index Scan using sbtest7_pkey on sbtest7  (cost=0.43..8.45 rows=1 width=121)
	  Index Cond: (id = 1637747)

table 8 : explain SELECT c FROM sbtest8 WHERE id=2267554
	Index Scan using sbtest8_pkey on sbtest8  (cost=0.43..8.45 rows=1 width=121)
	  Index Cond: (id = 2267554)

for deletes
table 1 : explain DELETE FROM sbtest1 WHERE id=4389079
	Delete on sbtest1  (cost=0.43..8.45 rows=0 width=0)
	  ->  Index Scan using sbtest1_pkey on sbtest1  (cost=0.43..8.45 rows=1 width=6)
	        Index Cond: (id = 4389079)

table 2 : explain DELETE FROM sbtest2 WHERE id=135892
	Delete on sbtest2  (cost=0.43..8.45 rows=0 width=0)
	  ->  Index Scan using sbtest2_pkey on sbtest2  (cost=0.43..8.45 rows=1 width=6)
	        Index Cond: (id = 135892)

table 3 : explain DELETE FROM sbtest3 WHERE id=932023
	Delete on sbtest3  (cost=0.43..8.45 rows=0 width=0)
	  ->  Index Scan using sbtest3_pkey on sbtest3  (cost=0.43..8.45 rows=1 width=6)
	        Index Cond: (id = 932023)

table 4 : explain DELETE FROM sbtest4 WHERE id=3825171
	Delete on sbtest4  (cost=0.43..8.45 rows=0 width=0)
	  ->  Index Scan using sbtest4_pkey on sbtest4  (cost=0.43..8.45 rows=1 width=6)
	        Index Cond: (id = 3825171)

table 5 : explain DELETE FROM sbtest5 WHERE id=3174118
	Delete on sbtest5  (cost=0.43..8.45 rows=0 width=0)
	  ->  Index Scan using sbtest5_pkey on sbtest5  (cost=0.43..8.45 rows=1 width=6)
	        Index Cond: (id = 3174118)

table 6 : explain DELETE FROM sbtest6 WHERE id=2248929
	Delete on sbtest6  (cost=0.43..8.45 rows=0 width=0)
	  ->  Index Scan using sbtest6_pkey on sbtest6  (cost=0.43..8.45 rows=1 width=6)
	        Index Cond: (id = 2248929)

table 7 : explain DELETE FROM sbtest7 WHERE id=7065848
	Delete on sbtest7  (cost=0.43..8.45 rows=0 width=0)
	  ->  Index Scan using sbtest7_pkey on sbtest7  (cost=0.43..8.45 rows=1 width=6)
	        Index Cond: (id = 7065848)

table 8 : explain DELETE FROM sbtest8 WHERE id=6050687
	Delete on sbtest8  (cost=0.43..8.45 rows=0 width=0)
	  ->  Index Scan using sbtest8_pkey on sbtest8  (cost=0.43..8.45 rows=1 width=6)
	        Index Cond: (id = 6050687)

explain: for deletes :: explain DELETE FROM sbtest%u WHERE id=%u
for non_index_updates
table 1 : explain UPDATE sbtest1 SET c='foobar' WHERE id=1392796
	Update on sbtest1  (cost=0.43..8.45 rows=0 width=0)
	  ->  Index Scan using sbtest1_pkey on sbtest1  (cost=0.43..8.45 rows=1 width=490)
	        Index Cond: (id = 1392796)

table 2 : explain UPDATE sbtest2 SET c='foobar' WHERE id=2927642
	Update on sbtest2  (cost=0.43..8.45 rows=0 width=0)
	  ->  Index Scan using sbtest2_pkey on sbtest2  (cost=0.43..8.45 rows=1 width=490)
	        Index Cond: (id = 2927642)

table 3 : explain UPDATE sbtest3 SET c='foobar' WHERE id=8782713
	Update on sbtest3  (cost=0.43..8.45 rows=0 width=0)
	  ->  Index Scan using sbtest3_pkey on sbtest3  (cost=0.43..8.45 rows=1 width=490)
	        Index Cond: (id = 8782713)

table 4 : explain UPDATE sbtest4 SET c='foobar' WHERE id=6060932
	Update on sbtest4  (cost=0.43..8.45 rows=0 width=0)
	  ->  Index Scan using sbtest4_pkey on sbtest4  (cost=0.43..8.45 rows=1 width=490)
	        Index Cond: (id = 6060932)

table 5 : explain UPDATE sbtest5 SET c='foobar' WHERE id=2105106
	Update on sbtest5  (cost=0.43..8.45 rows=0 width=0)
	  ->  Index Scan using sbtest5_pkey on sbtest5  (cost=0.43..8.45 rows=1 width=490)
	        Index Cond: (id = 2105106)

table 6 : explain UPDATE sbtest6 SET c='foobar' WHERE id=3389591
	Update on sbtest6  (cost=0.43..8.45 rows=0 width=0)
	  ->  Index Scan using sbtest6_pkey on sbtest6  (cost=0.43..8.45 rows=1 width=490)
	        Index Cond: (id = 3389591)

table 7 : explain UPDATE sbtest7 SET c='foobar' WHERE id=8155293
	Update on sbtest7  (cost=0.43..8.45 rows=0 width=0)
	  ->  Index Scan using sbtest7_pkey on sbtest7  (cost=0.43..8.45 rows=1 width=490)
	        Index Cond: (id = 8155293)

table 8 : explain UPDATE sbtest8 SET c='foobar' WHERE id=1179223
	Update on sbtest8  (cost=0.43..8.45 rows=0 width=0)
	  ->  Index Scan using sbtest8_pkey on sbtest8  (cost=0.43..8.45 rows=1 width=490)
	        Index Cond: (id = 1179223)

for: order_ranges
table 1 : explain SELECT c FROM sbtest1 WHERE id BETWEEN 5087593 AND 5087602 ORDER BY c
	Sort  (cost=41.13..41.15 rows=10 width=121)
	  Sort Key: c
	  ->  Index Scan using sbtest1_pkey on sbtest1  (cost=0.43..40.96 rows=10 width=121)
	        Index Cond: ((id >= 5087593) AND (id <= 5087602))

table 2 : explain SELECT c FROM sbtest2 WHERE id BETWEEN 4932150 AND 4932159 ORDER BY c
	Sort  (cost=41.09..41.12 rows=10 width=121)
	  Sort Key: c
	  ->  Index Scan using sbtest2_pkey on sbtest2  (cost=0.43..40.93 rows=10 width=121)
	        Index Cond: ((id >= 4932150) AND (id <= 4932159))

table 3 : explain SELECT c FROM sbtest3 WHERE id BETWEEN 6324689 AND 6324698 ORDER BY c
	Sort  (cost=41.39..41.42 rows=10 width=121)
	  Sort Key: c
	  ->  Index Scan using sbtest3_pkey on sbtest3  (cost=0.43..41.23 rows=10 width=121)
	        Index Cond: ((id >= 6324689) AND (id <= 6324698))

table 4 : explain SELECT c FROM sbtest4 WHERE id BETWEEN 1398467 AND 1398476 ORDER BY c
	Sort  (cost=41.22..41.24 rows=10 width=121)
	  Sort Key: c
	  ->  Index Scan using sbtest4_pkey on sbtest4  (cost=0.43..41.05 rows=10 width=121)
	        Index Cond: ((id >= 1398467) AND (id <= 1398476))

table 5 : explain SELECT c FROM sbtest5 WHERE id BETWEEN 2366965 AND 2366974 ORDER BY c
	Sort  (cost=36.99..37.01 rows=9 width=121)
	  Sort Key: c
	  ->  Index Scan using sbtest5_pkey on sbtest5  (cost=0.43..36.85 rows=9 width=121)
	        Index Cond: ((id >= 2366965) AND (id <= 2366974))

table 6 : explain SELECT c FROM sbtest6 WHERE id BETWEEN 116797 AND 116806 ORDER BY c
	Sort  (cost=40.26..40.28 rows=10 width=121)
	  Sort Key: c
	  ->  Index Scan using sbtest6_pkey on sbtest6  (cost=0.43..40.09 rows=10 width=121)
	        Index Cond: ((id >= 116797) AND (id <= 116806))

table 7 : explain SELECT c FROM sbtest7 WHERE id BETWEEN 7174982 AND 7174991 ORDER BY c
	Sort  (cost=39.89..39.91 rows=10 width=121)
	  Sort Key: c
	  ->  Index Scan using sbtest7_pkey on sbtest7  (cost=0.43..39.72 rows=10 width=121)
	        Index Cond: ((id >= 7174982) AND (id <= 7174991))

table 8 : explain SELECT c FROM sbtest8 WHERE id BETWEEN 7357699 AND 7357708 ORDER BY c
	Sort  (cost=36.62..36.64 rows=9 width=121)
	  Sort Key: c
	  ->  Index Scan using sbtest8_pkey on sbtest8  (cost=0.43..36.47 rows=9 width=121)
	        Index Cond: ((id >= 7357699) AND (id <= 7357708))

for non_index_updates
table 1 : explain UPDATE sbtest1 SET c='foobar' WHERE id=5705622
	Update on sbtest1  (cost=0.43..8.45 rows=0 width=0)
	  ->  Index Scan using sbtest1_pkey on sbtest1  (cost=0.43..8.45 rows=1 width=490)
	        Index Cond: (id = 5705622)

table 2 : explain UPDATE sbtest2 SET c='foobar' WHERE id=6102804
	Update on sbtest2  (cost=0.43..8.45 rows=0 width=0)
	  ->  Index Scan using sbtest2_pkey on sbtest2  (cost=0.43..8.45 rows=1 width=490)
	        Index Cond: (id = 6102804)

table 3 : explain UPDATE sbtest3 SET c='foobar' WHERE id=3343886
	Update on sbtest3  (cost=0.43..8.45 rows=0 width=0)
	  ->  Index Scan using sbtest3_pkey on sbtest3  (cost=0.43..8.45 rows=1 width=490)
	        Index Cond: (id = 3343886)

table 4 : explain UPDATE sbtest4 SET c='foobar' WHERE id=5007925
	Update on sbtest4  (cost=0.43..8.45 rows=0 width=0)
	  ->  Index Scan using sbtest4_pkey on sbtest4  (cost=0.43..8.45 rows=1 width=490)
	        Index Cond: (id = 5007925)

table 5 : explain UPDATE sbtest5 SET c='foobar' WHERE id=4038145
	Update on sbtest5  (cost=0.43..8.45 rows=0 width=0)
	  ->  Index Scan using sbtest5_pkey on sbtest5  (cost=0.43..8.45 rows=1 width=490)
	        Index Cond: (id = 4038145)

table 6 : explain UPDATE sbtest6 SET c='foobar' WHERE id=6352427
	Update on sbtest6  (cost=0.43..8.45 rows=0 width=0)
	  ->  Index Scan using sbtest6_pkey on sbtest6  (cost=0.43..8.45 rows=1 width=490)
	        Index Cond: (id = 6352427)

table 7 : explain UPDATE sbtest7 SET c='foobar' WHERE id=2358910
	Update on sbtest7  (cost=0.43..8.45 rows=0 width=0)
	  ->  Index Scan using sbtest7_pkey on sbtest7  (cost=0.43..8.45 rows=1 width=490)
	        Index Cond: (id = 2358910)

table 8 : explain UPDATE sbtest8 SET c='foobar' WHERE id=2927431
	Update on sbtest8  (cost=0.43..8.45 rows=0 width=0)
	  ->  Index Scan using sbtest8_pkey on sbtest8  (cost=0.43..8.45 rows=1 width=490)
	        Index Cond: (id = 2927431)

for: distinct_ranges
table 1 : explain SELECT DISTINCT c FROM sbtest1 WHERE id BETWEEN 1590114 AND 1590123 ORDER BY c
	Unique  (cost=41.13..41.18 rows=10 width=121)
	  ->  Sort  (cost=41.13..41.15 rows=10 width=121)
	        Sort Key: c
	        ->  Index Scan using sbtest1_pkey on sbtest1  (cost=0.43..40.96 rows=10 width=121)
	              Index Cond: ((id >= 1590114) AND (id <= 1590123))

table 2 : explain SELECT DISTINCT c FROM sbtest2 WHERE id BETWEEN 7793597 AND 7793606 ORDER BY c
	Unique  (cost=37.46..37.51 rows=9 width=121)
	  ->  Sort  (cost=37.46..37.48 rows=9 width=121)
	        Sort Key: c
	        ->  Index Scan using sbtest2_pkey on sbtest2  (cost=0.43..37.32 rows=9 width=121)
	              Index Cond: ((id >= 7793597) AND (id <= 7793606))

table 3 : explain SELECT DISTINCT c FROM sbtest3 WHERE id BETWEEN 8182491 AND 8182500 ORDER BY c
	Unique  (cost=37.73..37.77 rows=9 width=121)
	  ->  Sort  (cost=37.73..37.75 rows=9 width=121)
	        Sort Key: c
	        ->  Index Scan using sbtest3_pkey on sbtest3  (cost=0.43..37.58 rows=9 width=121)
	              Index Cond: ((id >= 8182491) AND (id <= 8182500))

table 4 : explain SELECT DISTINCT c FROM sbtest4 WHERE id BETWEEN 730278 AND 730287 ORDER BY c
	Unique  (cost=41.22..41.27 rows=10 width=121)
	  ->  Sort  (cost=41.22..41.24 rows=10 width=121)
	        Sort Key: c
	        ->  Index Scan using sbtest4_pkey on sbtest4  (cost=0.43..41.05 rows=10 width=121)
	              Index Cond: ((id >= 730278) AND (id <= 730287))

table 5 : explain SELECT DISTINCT c FROM sbtest5 WHERE id BETWEEN 1271499 AND 1271508 ORDER BY c
	Unique  (cost=40.56..40.61 rows=10 width=121)
	  ->  Sort  (cost=40.56..40.58 rows=10 width=121)
	        Sort Key: c
	        ->  Index Scan using sbtest5_pkey on sbtest5  (cost=0.43..40.39 rows=10 width=121)
	              Index Cond: ((id >= 1271499) AND (id <= 1271508))

table 6 : explain SELECT DISTINCT c FROM sbtest6 WHERE id BETWEEN 9601439 AND 9601448 ORDER BY c
	Unique  (cost=40.26..40.31 rows=10 width=121)
	  ->  Sort  (cost=40.26..40.28 rows=10 width=121)
	        Sort Key: c
	        ->  Index Scan using sbtest6_pkey on sbtest6  (cost=0.43..40.09 rows=10 width=121)
	              Index Cond: ((id >= 9601439) AND (id <= 9601448))

table 7 : explain SELECT DISTINCT c FROM sbtest7 WHERE id BETWEEN 6822698 AND 6822707 ORDER BY c
	Unique  (cost=39.89..39.94 rows=10 width=121)
	  ->  Sort  (cost=39.89..39.91 rows=10 width=121)
	        Sort Key: c
	        ->  Index Scan using sbtest7_pkey on sbtest7  (cost=0.43..39.72 rows=10 width=121)
	              Index Cond: ((id >= 6822698) AND (id <= 6822707))

table 8 : explain SELECT DISTINCT c FROM sbtest8 WHERE id BETWEEN 75944 AND 75953 ORDER BY c
	Unique  (cost=43.67..43.72 rows=11 width=121)
	  ->  Sort  (cost=43.67..43.70 rows=11 width=121)
	        Sort Key: c
	        ->  Index Scan using sbtest8_pkey on sbtest8  (cost=0.43..43.48 rows=11 width=121)
	              Index Cond: ((id >= 75944) AND (id <= 75953))

for: sum_ranges
table 1 : explain SELECT SUM(k) FROM sbtest1 WHERE id BETWEEN 5106428 AND 5106437
	Aggregate  (cost=40.98..40.99 rows=1 width=8)
	  ->  Index Scan using sbtest1_pkey on sbtest1  (cost=0.43..40.96 rows=10 width=4)
	        Index Cond: ((id >= 5106428) AND (id <= 5106437))

table 2 : explain SELECT SUM(k) FROM sbtest2 WHERE id BETWEEN 4660251 AND 4660260
	Aggregate  (cost=37.34..37.35 rows=1 width=8)
	  ->  Index Scan using sbtest2_pkey on sbtest2  (cost=0.43..37.32 rows=9 width=4)
	        Index Cond: ((id >= 4660251) AND (id <= 4660260))

table 3 : explain SELECT SUM(k) FROM sbtest3 WHERE id BETWEEN 7405242 AND 7405251
	Aggregate  (cost=41.25..41.26 rows=1 width=8)
	  ->  Index Scan using sbtest3_pkey on sbtest3  (cost=0.43..41.23 rows=10 width=4)
	        Index Cond: ((id >= 7405242) AND (id <= 7405251))

table 4 : explain SELECT SUM(k) FROM sbtest4 WHERE id BETWEEN 6220968 AND 6220977
	Aggregate  (cost=41.08..41.09 rows=1 width=8)
	  ->  Index Scan using sbtest4_pkey on sbtest4  (cost=0.43..41.05 rows=10 width=4)
	        Index Cond: ((id >= 6220968) AND (id <= 6220977))

table 5 : explain SELECT SUM(k) FROM sbtest5 WHERE id BETWEEN 5704955 AND 5704964
	Aggregate  (cost=40.42..40.43 rows=1 width=8)
	  ->  Index Scan using sbtest5_pkey on sbtest5  (cost=0.43..40.39 rows=10 width=4)
	        Index Cond: ((id >= 5704955) AND (id <= 5704964))

table 6 : explain SELECT SUM(k) FROM sbtest6 WHERE id BETWEEN 7240000 AND 7240009
	Aggregate  (cost=40.12..40.13 rows=1 width=8)
	  ->  Index Scan using sbtest6_pkey on sbtest6  (cost=0.43..40.09 rows=10 width=4)
	        Index Cond: ((id >= 7240000) AND (id <= 7240009))

table 7 : explain SELECT SUM(k) FROM sbtest7 WHERE id BETWEEN 4313468 AND 4313477
	Aggregate  (cost=39.74..39.75 rows=1 width=8)
	  ->  Index Scan using sbtest7_pkey on sbtest7  (cost=0.43..39.72 rows=10 width=4)
	        Index Cond: ((id >= 4313468) AND (id <= 4313477))

table 8 : explain SELECT SUM(k) FROM sbtest8 WHERE id BETWEEN 5262309 AND 5262318
	Aggregate  (cost=40.00..40.01 rows=1 width=8)
	  ->  Index Scan using sbtest8_pkey on sbtest8  (cost=0.43..39.98 rows=10 width=4)
	        Index Cond: ((id >= 5262309) AND (id <= 5262318))

explain: for deletes :: explain DELETE FROM sbtest%u WHERE id=%u
for: order_ranges
table 1 : explain SELECT c FROM sbtest1 WHERE id BETWEEN 6088824 AND 6088833 ORDER BY c
	Sort  (cost=41.13..41.15 rows=10 width=121)
	  Sort Key: c
	  ->  Index Scan using sbtest1_pkey on sbtest1  (cost=0.43..40.96 rows=10 width=121)
	        Index Cond: ((id >= 6088824) AND (id <= 6088833))

table 2 : explain SELECT c FROM sbtest2 WHERE id BETWEEN 580454 AND 580463 ORDER BY c
	Sort  (cost=41.09..41.12 rows=10 width=121)
	  Sort Key: c
	  ->  Index Scan using sbtest2_pkey on sbtest2  (cost=0.43..40.93 rows=10 width=121)
	        Index Cond: ((id >= 580454) AND (id <= 580463))

table 3 : explain SELECT c FROM sbtest3 WHERE id BETWEEN 6234964 AND 6234973 ORDER BY c
	Sort  (cost=41.39..41.42 rows=10 width=121)
	  Sort Key: c
	  ->  Index Scan using sbtest3_pkey on sbtest3  (cost=0.43..41.23 rows=10 width=121)
	        Index Cond: ((id >= 6234964) AND (id <= 6234973))

table 4 : explain SELECT c FROM sbtest4 WHERE id BETWEEN 4667186 AND 4667195 ORDER BY c
	Sort  (cost=41.22..41.24 rows=10 width=121)
	  Sort Key: c
	  ->  Index Scan using sbtest4_pkey on sbtest4  (cost=0.43..41.05 rows=10 width=121)
	        Index Cond: ((id >= 4667186) AND (id <= 4667195))

table 5 : explain SELECT c FROM sbtest5 WHERE id BETWEEN 2635391 AND 2635400 ORDER BY c
	Sort  (cost=44.13..44.16 rows=11 width=121)
	  Sort Key: c
	  ->  Index Scan using sbtest5_pkey on sbtest5  (cost=0.43..43.94 rows=11 width=121)
	        Index Cond: ((id >= 2635391) AND (id <= 2635400))

table 6 : explain SELECT c FROM sbtest6 WHERE id BETWEEN 2747196 AND 2747205 ORDER BY c
	Sort  (cost=40.26..40.28 rows=10 width=121)
	  Sort Key: c
	  ->  Index Scan using sbtest6_pkey on sbtest6  (cost=0.43..40.09 rows=10 width=121)
	        Index Cond: ((id >= 2747196) AND (id <= 2747205))

table 7 : explain SELECT c FROM sbtest7 WHERE id BETWEEN 5391606 AND 5391615 ORDER BY c
	Sort  (cost=39.89..39.91 rows=10 width=121)
	  Sort Key: c
	  ->  Index Scan using sbtest7_pkey on sbtest7  (cost=0.43..39.72 rows=10 width=121)
	        Index Cond: ((id >= 5391606) AND (id <= 5391615))

table 8 : explain SELECT c FROM sbtest8 WHERE id BETWEEN 1630747 AND 1630756 ORDER BY c
	Sort  (cost=40.14..40.17 rows=10 width=121)
	  Sort Key: c
	  ->  Index Scan using sbtest8_pkey on sbtest8  (cost=0.43..39.98 rows=10 width=121)
	        Index Cond: ((id >= 1630747) AND (id <= 1630756))

explain: for deletes :: explain DELETE FROM sbtest%u WHERE id=%u
for: sum_ranges
table 1 : explain SELECT SUM(k) FROM sbtest1 WHERE id BETWEEN 684511 AND 684520
	Aggregate  (cost=37.37..37.38 rows=1 width=8)
	  ->  Index Scan using sbtest1_pkey on sbtest1  (cost=0.43..37.35 rows=9 width=4)
	        Index Cond: ((id >= 684511) AND (id <= 684520))

table 2 : explain SELECT SUM(k) FROM sbtest2 WHERE id BETWEEN 8614293 AND 8614302
	Aggregate  (cost=40.95..40.96 rows=1 width=8)
	  ->  Index Scan using sbtest2_pkey on sbtest2  (cost=0.43..40.93 rows=10 width=4)
	        Index Cond: ((id >= 8614293) AND (id <= 8614302))

table 3 : explain SELECT SUM(k) FROM sbtest3 WHERE id BETWEEN 7129207 AND 7129216
	Aggregate  (cost=41.25..41.26 rows=1 width=8)
	  ->  Index Scan using sbtest3_pkey on sbtest3  (cost=0.43..41.23 rows=10 width=4)
	        Index Cond: ((id >= 7129207) AND (id <= 7129216))

table 4 : explain SELECT SUM(k) FROM sbtest4 WHERE id BETWEEN 6976312 AND 6976321
	Aggregate  (cost=37.45..37.46 rows=1 width=8)
	  ->  Index Scan using sbtest4_pkey on sbtest4  (cost=0.43..37.43 rows=9 width=4)
	        Index Cond: ((id >= 6976312) AND (id <= 6976321))

table 5 : explain SELECT SUM(k) FROM sbtest5 WHERE id BETWEEN 6610015 AND 6610024
	Aggregate  (cost=36.87..36.88 rows=1 width=8)
	  ->  Index Scan using sbtest5_pkey on sbtest5  (cost=0.43..36.85 rows=9 width=4)
	        Index Cond: ((id >= 6610015) AND (id <= 6610024))

table 6 : explain SELECT SUM(k) FROM sbtest6 WHERE id BETWEEN 121298 AND 121307
	Aggregate  (cost=40.12..40.13 rows=1 width=8)
	  ->  Index Scan using sbtest6_pkey on sbtest6  (cost=0.43..40.09 rows=10 width=4)
	        Index Cond: ((id >= 121298) AND (id <= 121307))

table 7 : explain SELECT SUM(k) FROM sbtest7 WHERE id BETWEEN 3190289 AND 3190298
	Aggregate  (cost=36.27..36.28 rows=1 width=8)
	  ->  Index Scan using sbtest7_pkey on sbtest7  (cost=0.43..36.25 rows=9 width=4)
	        Index Cond: ((id >= 3190289) AND (id <= 3190298))

table 8 : explain SELECT SUM(k) FROM sbtest8 WHERE id BETWEEN 2679327 AND 2679336
	Aggregate  (cost=43.50..43.51 rows=1 width=8)
	  ->  Index Scan using sbtest8_pkey on sbtest8  (cost=0.43..43.48 rows=11 width=4)
	        Index Cond: ((id >= 2679327) AND (id <= 2679336))

for deletes
table 1 : explain DELETE FROM sbtest1 WHERE id=3617509
	Delete on sbtest1  (cost=0.43..8.45 rows=0 width=0)
	  ->  Index Scan using sbtest1_pkey on sbtest1  (cost=0.43..8.45 rows=1 width=6)
	        Index Cond: (id = 3617509)

table 2 : explain DELETE FROM sbtest2 WHERE id=1228816
	Delete on sbtest2  (cost=0.43..8.45 rows=0 width=0)
	  ->  Index Scan using sbtest2_pkey on sbtest2  (cost=0.43..8.45 rows=1 width=6)
	        Index Cond: (id = 1228816)

table 3 : explain DELETE FROM sbtest3 WHERE id=6200928
	Delete on sbtest3  (cost=0.43..8.45 rows=0 width=0)
	  ->  Index Scan using sbtest3_pkey on sbtest3  (cost=0.43..8.45 rows=1 width=6)
	        Index Cond: (id = 6200928)

table 4 : explain DELETE FROM sbtest4 WHERE id=9397083
	Delete on sbtest4  (cost=0.43..8.45 rows=0 width=0)
	  ->  Index Scan using sbtest4_pkey on sbtest4  (cost=0.43..8.45 rows=1 width=6)
	        Index Cond: (id = 9397083)

table 5 : explain DELETE FROM sbtest5 WHERE id=7292606
	Delete on sbtest5  (cost=0.43..8.45 rows=0 width=0)
	  ->  Index Scan using sbtest5_pkey on sbtest5  (cost=0.43..8.45 rows=1 width=6)
	        Index Cond: (id = 7292606)

table 6 : explain DELETE FROM sbtest6 WHERE id=1657406
	Delete on sbtest6  (cost=0.43..8.45 rows=0 width=0)
	  ->  Index Scan using sbtest6_pkey on sbtest6  (cost=0.43..8.45 rows=1 width=6)
	        Index Cond: (id = 1657406)

table 7 : explain DELETE FROM sbtest7 WHERE id=1719033
	Delete on sbtest7  (cost=0.43..8.45 rows=0 width=0)
	  ->  Index Scan using sbtest7_pkey on sbtest7  (cost=0.43..8.45 rows=1 width=6)
	        Index Cond: (id = 1719033)

table 8 : explain DELETE FROM sbtest8 WHERE id=3604769
	Delete on sbtest8  (cost=0.43..8.45 rows=0 width=0)
	  ->  Index Scan using sbtest8_pkey on sbtest8  (cost=0.43..8.45 rows=1 width=6)
	        Index Cond: (id = 3604769)

for inserts
table 1 : explain INSERT INTO sbtest1 (id, k, c, pad) VALUES (3624341, 13, 'foobar', 'foobar')
	Insert on sbtest1  (cost=0.00..0.01 rows=0 width=0)
	  ->  Result  (cost=0.00..0.01 rows=1 width=736)

table 2 : explain INSERT INTO sbtest2 (id, k, c, pad) VALUES (1625536, 13, 'foobar', 'foobar')
	Insert on sbtest2  (cost=0.00..0.01 rows=0 width=0)
	  ->  Result  (cost=0.00..0.01 rows=1 width=736)

table 3 : explain INSERT INTO sbtest3 (id, k, c, pad) VALUES (4811627, 13, 'foobar', 'foobar')
	Insert on sbtest3  (cost=0.00..0.01 rows=0 width=0)
	  ->  Result  (cost=0.00..0.01 rows=1 width=736)

table 4 : explain INSERT INTO sbtest4 (id, k, c, pad) VALUES (5762925, 13, 'foobar', 'foobar')
	Insert on sbtest4  (cost=0.00..0.01 rows=0 width=0)
	  ->  Result  (cost=0.00..0.01 rows=1 width=736)

table 5 : explain INSERT INTO sbtest5 (id, k, c, pad) VALUES (4513567, 13, 'foobar', 'foobar')
	Insert on sbtest5  (cost=0.00..0.01 rows=0 width=0)
	  ->  Result  (cost=0.00..0.01 rows=1 width=736)

table 6 : explain INSERT INTO sbtest6 (id, k, c, pad) VALUES (7221484, 13, 'foobar', 'foobar')
	Insert on sbtest6  (cost=0.00..0.01 rows=0 width=0)
	  ->  Result  (cost=0.00..0.01 rows=1 width=736)

table 7 : explain INSERT INTO sbtest7 (id, k, c, pad) VALUES (5368901, 13, 'foobar', 'foobar')
	Insert on sbtest7  (cost=0.00..0.01 rows=0 width=0)
	  ->  Result  (cost=0.00..0.01 rows=1 width=736)

table 8 : explain INSERT INTO sbtest8 (id, k, c, pad) VALUES (2453912, 13, 'foobar', 'foobar')
	Insert on sbtest8  (cost=0.00..0.01 rows=0 width=0)
	  ->  Result  (cost=0.00..0.01 rows=1 width=736)

explain: for index_updates :: explain UPDATE sbtest%u SET k=k+1 WHERE id=%u
for: sum_ranges
table 1 : explain SELECT SUM(k) FROM sbtest1 WHERE id BETWEEN 5412965 AND 5412974
	Aggregate  (cost=40.98..40.99 rows=1 width=8)
	  ->  Index Scan using sbtest1_pkey on sbtest1  (cost=0.43..40.96 rows=10 width=4)
	        Index Cond: ((id >= 5412965) AND (id <= 5412974))

table 2 : explain SELECT SUM(k) FROM sbtest2 WHERE id BETWEEN 658984 AND 658993
	Aggregate  (cost=44.56..44.57 rows=1 width=8)
	  ->  Index Scan using sbtest2_pkey on sbtest2  (cost=0.43..44.54 rows=11 width=4)
	        Index Cond: ((id >= 658984) AND (id <= 658993))

table 3 : explain SELECT SUM(k) FROM sbtest3 WHERE id BETWEEN 2069811 AND 2069820
	Aggregate  (cost=37.61..37.62 rows=1 width=8)
	  ->  Index Scan using sbtest3_pkey on sbtest3  (cost=0.43..37.58 rows=9 width=4)
	        Index Cond: ((id >= 2069811) AND (id <= 2069820))

table 4 : explain SELECT SUM(k) FROM sbtest4 WHERE id BETWEEN 9837995 AND 9838004
	Aggregate  (cost=41.08..41.09 rows=1 width=8)
	  ->  Index Scan using sbtest4_pkey on sbtest4  (cost=0.43..41.05 rows=10 width=4)
	        Index Cond: ((id >= 9837995) AND (id <= 9838004))

table 5 : explain SELECT SUM(k) FROM sbtest5 WHERE id BETWEEN 6160694 AND 6160703
	Aggregate  (cost=43.97..43.98 rows=1 width=8)
	  ->  Index Scan using sbtest5_pkey on sbtest5  (cost=0.43..43.94 rows=11 width=4)
	        Index Cond: ((id >= 6160694) AND (id <= 6160703))

table 6 : explain SELECT SUM(k) FROM sbtest6 WHERE id BETWEEN 6733552 AND 6733561
	Aggregate  (cost=43.63..43.64 rows=1 width=8)
	  ->  Index Scan using sbtest6_pkey on sbtest6  (cost=0.43..43.61 rows=11 width=4)
	        Index Cond: ((id >= 6733552) AND (id <= 6733561))

table 7 : explain SELECT SUM(k) FROM sbtest7 WHERE id BETWEEN 9558717 AND 9558726
	Aggregate  (cost=39.74..39.75 rows=1 width=8)
	  ->  Index Scan using sbtest7_pkey on sbtest7  (cost=0.43..39.72 rows=10 width=4)
	        Index Cond: ((id >= 9558717) AND (id <= 9558726))

table 8 : explain SELECT SUM(k) FROM sbtest8 WHERE id BETWEEN 9455494 AND 9455503
	Aggregate  (cost=36.50..36.51 rows=1 width=8)
	  ->  Index Scan using sbtest8_pkey on sbtest8  (cost=0.43..36.47 rows=9 width=4)
	        Index Cond: ((id >= 9455494) AND (id <= 9455503))

for: simple_ranges
table 1 : explain SELECT c FROM sbtest1 WHERE id BETWEEN 1611326 AND 1611335
	Index Scan using sbtest1_pkey on sbtest1  (cost=0.43..37.35 rows=9 width=121)
	  Index Cond: ((id >= 1611326) AND (id <= 1611335))

table 2 : explain SELECT c FROM sbtest2 WHERE id BETWEEN 1955117 AND 1955126
	Index Scan using sbtest2_pkey on sbtest2  (cost=0.43..40.93 rows=10 width=121)
	  Index Cond: ((id >= 1955117) AND (id <= 1955126))

table 3 : explain SELECT c FROM sbtest3 WHERE id BETWEEN 6161057 AND 6161066
	Index Scan using sbtest3_pkey on sbtest3  (cost=0.43..41.23 rows=10 width=121)
	  Index Cond: ((id >= 6161057) AND (id <= 6161066))

table 4 : explain SELECT c FROM sbtest4 WHERE id BETWEEN 7896534 AND 7896543
	Index Scan using sbtest4_pkey on sbtest4  (cost=0.43..37.43 rows=9 width=121)
	  Index Cond: ((id >= 7896534) AND (id <= 7896543))

table 5 : explain SELECT c FROM sbtest5 WHERE id BETWEEN 1940239 AND 1940248
	Index Scan using sbtest5_pkey on sbtest5  (cost=0.43..40.39 rows=10 width=121)
	  Index Cond: ((id >= 1940239) AND (id <= 1940248))

table 6 : explain SELECT c FROM sbtest6 WHERE id BETWEEN 3217907 AND 3217916
	Index Scan using sbtest6_pkey on sbtest6  (cost=0.43..40.09 rows=10 width=121)
	  Index Cond: ((id >= 3217907) AND (id <= 3217916))

table 7 : explain SELECT c FROM sbtest7 WHERE id BETWEEN 7480472 AND 7480481
	Index Scan using sbtest7_pkey on sbtest7  (cost=0.43..36.25 rows=9 width=121)
	  Index Cond: ((id >= 7480472) AND (id <= 7480481))

table 8 : explain SELECT c FROM sbtest8 WHERE id BETWEEN 8090600 AND 8090609
	Index Scan using sbtest8_pkey on sbtest8  (cost=0.43..36.47 rows=9 width=121)
	  Index Cond: ((id >= 8090600) AND (id <= 8090609))

explain: for inserts :: explain INSERT INTO sbtest%u (id, k, c, pad) VALUES (%u, 13, 'foobar', 'foobar')
for deletes
table 1 : explain DELETE FROM sbtest1 WHERE id=5538186
	Delete on sbtest1  (cost=0.43..8.45 rows=0 width=0)
	  ->  Index Scan using sbtest1_pkey on sbtest1  (cost=0.43..8.45 rows=1 width=6)
	        Index Cond: (id = 5538186)

table 2 : explain DELETE FROM sbtest2 WHERE id=7640842
	Delete on sbtest2  (cost=0.43..8.45 rows=0 width=0)
	  ->  Index Scan using sbtest2_pkey on sbtest2  (cost=0.43..8.45 rows=1 width=6)
	        Index Cond: (id = 7640842)

table 3 : explain DELETE FROM sbtest3 WHERE id=1814142
	Delete on sbtest3  (cost=0.43..8.45 rows=0 width=0)
	  ->  Index Scan using sbtest3_pkey on sbtest3  (cost=0.43..8.45 rows=1 width=6)
	        Index Cond: (id = 1814142)

table 4 : explain DELETE FROM sbtest4 WHERE id=682366
	Delete on sbtest4  (cost=0.43..8.45 rows=0 width=0)
	  ->  Index Scan using sbtest4_pkey on sbtest4  (cost=0.43..8.45 rows=1 width=6)
	        Index Cond: (id = 682366)

table 5 : explain DELETE FROM sbtest5 WHERE id=5117981
	Delete on sbtest5  (cost=0.43..8.45 rows=0 width=0)
	  ->  Index Scan using sbtest5_pkey on sbtest5  (cost=0.43..8.45 rows=1 width=6)
	        Index Cond: (id = 5117981)

table 6 : explain DELETE FROM sbtest6 WHERE id=3187913
	Delete on sbtest6  (cost=0.43..8.45 rows=0 width=0)
	  ->  Index Scan using sbtest6_pkey on sbtest6  (cost=0.43..8.45 rows=1 width=6)
	        Index Cond: (id = 3187913)

table 7 : explain DELETE FROM sbtest7 WHERE id=9166421
	Delete on sbtest7  (cost=0.43..8.45 rows=0 width=0)
	  ->  Index Scan using sbtest7_pkey on sbtest7  (cost=0.43..8.45 rows=1 width=6)
	        Index Cond: (id = 9166421)

table 8 : explain DELETE FROM sbtest8 WHERE id=8937167
	Delete on sbtest8  (cost=0.43..8.45 rows=0 width=0)
	  ->  Index Scan using sbtest8_pkey on sbtest8  (cost=0.43..8.45 rows=1 width=6)
	        Index Cond: (id = 8937167)

for deletes
table 1 : explain DELETE FROM sbtest1 WHERE id=3989003
	Delete on sbtest1  (cost=0.43..8.45 rows=0 width=0)
	  ->  Index Scan using sbtest1_pkey on sbtest1  (cost=0.43..8.45 rows=1 width=6)
	        Index Cond: (id = 3989003)

table 2 : explain DELETE FROM sbtest2 WHERE id=6053426
	Delete on sbtest2  (cost=0.43..8.45 rows=0 width=0)
	  ->  Index Scan using sbtest2_pkey on sbtest2  (cost=0.43..8.45 rows=1 width=6)
	        Index Cond: (id = 6053426)

table 3 : explain DELETE FROM sbtest3 WHERE id=3319888
	Delete on sbtest3  (cost=0.43..8.45 rows=0 width=0)
	  ->  Index Scan using sbtest3_pkey on sbtest3  (cost=0.43..8.45 rows=1 width=6)
	        Index Cond: (id = 3319888)

table 4 : explain DELETE FROM sbtest4 WHERE id=7932079
	Delete on sbtest4  (cost=0.43..8.45 rows=0 width=0)
	  ->  Index Scan using sbtest4_pkey on sbtest4  (cost=0.43..8.45 rows=1 width=6)
	        Index Cond: (id = 7932079)

table 5 : explain DELETE FROM sbtest5 WHERE id=2553408
	Delete on sbtest5  (cost=0.43..8.45 rows=0 width=0)
	  ->  Index Scan using sbtest5_pkey on sbtest5  (cost=0.43..8.45 rows=1 width=6)
	        Index Cond: (id = 2553408)

table 6 : explain DELETE FROM sbtest6 WHERE id=2084005
	Delete on sbtest6  (cost=0.43..8.45 rows=0 width=0)
	  ->  Index Scan using sbtest6_pkey on sbtest6  (cost=0.43..8.45 rows=1 width=6)
	        Index Cond: (id = 2084005)

table 7 : explain DELETE FROM sbtest7 WHERE id=5724192
	Delete on sbtest7  (cost=0.43..8.45 rows=0 width=0)
	  ->  Index Scan using sbtest7_pkey on sbtest7  (cost=0.43..8.45 rows=1 width=6)
	        Index Cond: (id = 5724192)

table 8 : explain DELETE FROM sbtest8 WHERE id=5835591
	Delete on sbtest8  (cost=0.43..8.45 rows=0 width=0)
	  ->  Index Scan using sbtest8_pkey on sbtest8  (cost=0.43..8.45 rows=1 width=6)
	        Index Cond: (id = 5835591)

for: order_ranges
table 1 : explain SELECT c FROM sbtest1 WHERE id BETWEEN 327182 AND 327191 ORDER BY c
	Sort  (cost=41.13..41.15 rows=10 width=121)
	  Sort Key: c
	  ->  Index Scan using sbtest1_pkey on sbtest1  (cost=0.43..40.96 rows=10 width=121)
	        Index Cond: ((id >= 327182) AND (id <= 327191))

table 2 : explain SELECT c FROM sbtest2 WHERE id BETWEEN 2107814 AND 2107823 ORDER BY c
	Sort  (cost=37.46..37.48 rows=9 width=121)
	  Sort Key: c
	  ->  Index Scan using sbtest2_pkey on sbtest2  (cost=0.43..37.32 rows=9 width=121)
	        Index Cond: ((id >= 2107814) AND (id <= 2107823))

table 3 : explain SELECT c FROM sbtest3 WHERE id BETWEEN 3293958 AND 3293967 ORDER BY c
	Sort  (cost=41.39..41.42 rows=10 width=121)
	  Sort Key: c
	  ->  Index Scan using sbtest3_pkey on sbtest3  (cost=0.43..41.23 rows=10 width=121)
	        Index Cond: ((id >= 3293958) AND (id <= 3293967))

table 4 : explain SELECT c FROM sbtest4 WHERE id BETWEEN 694374 AND 694383 ORDER BY c
	Sort  (cost=37.57..37.59 rows=9 width=121)
	  Sort Key: c
	  ->  Index Scan using sbtest4_pkey on sbtest4  (cost=0.43..37.43 rows=9 width=121)
	        Index Cond: ((id >= 694374) AND (id <= 694383))

table 5 : explain SELECT c FROM sbtest5 WHERE id BETWEEN 3969392 AND 3969401 ORDER BY c
	Sort  (cost=36.99..37.01 rows=9 width=121)
	  Sort Key: c
	  ->  Index Scan using sbtest5_pkey on sbtest5  (cost=0.43..36.85 rows=9 width=121)
	        Index Cond: ((id >= 3969392) AND (id <= 3969401))

table 6 : explain SELECT c FROM sbtest6 WHERE id BETWEEN 7925756 AND 7925765 ORDER BY c
	Sort  (cost=43.80..43.82 rows=11 width=121)
	  Sort Key: c
	  ->  Index Scan using sbtest6_pkey on sbtest6  (cost=0.43..43.61 rows=11 width=121)
	        Index Cond: ((id >= 7925756) AND (id <= 7925765))

table 7 : explain SELECT c FROM sbtest7 WHERE id BETWEEN 6151334 AND 6151343 ORDER BY c
	Sort  (cost=39.89..39.91 rows=10 width=121)
	  Sort Key: c
	  ->  Index Scan using sbtest7_pkey on sbtest7  (cost=0.43..39.72 rows=10 width=121)
	        Index Cond: ((id >= 6151334) AND (id <= 6151343))

table 8 : explain SELECT c FROM sbtest8 WHERE id BETWEEN 575024 AND 575033 ORDER BY c
	Sort  (cost=40.14..40.17 rows=10 width=121)
	  Sort Key: c
	  ->  Index Scan using sbtest8_pkey on sbtest8  (cost=0.43..39.98 rows=10 width=121)
	        Index Cond: ((id >= 575024) AND (id <= 575033))

explain: for inserts :: explain INSERT INTO sbtest%u (id, k, c, pad) VALUES (%u, 13, 'foobar', 'foobar')
explain: for inserts :: explain INSERT INTO sbtest%u (id, k, c, pad) VALUES (%u, 13, 'foobar', 'foobar')
for: distinct_ranges
table 1 : explain SELECT DISTINCT c FROM sbtest1 WHERE id BETWEEN 1102725 AND 1102734 ORDER BY c
	Unique  (cost=41.13..41.18 rows=10 width=121)
	  ->  Sort  (cost=41.13..41.15 rows=10 width=121)
	        Sort Key: c
	        ->  Index Scan using sbtest1_pkey on sbtest1  (cost=0.43..40.96 rows=10 width=121)
	              Index Cond: ((id >= 1102725) AND (id <= 1102734))

table 2 : explain SELECT DISTINCT c FROM sbtest2 WHERE id BETWEEN 4531826 AND 4531835 ORDER BY c
	Unique  (cost=41.09..41.14 rows=10 width=121)
	  ->  Sort  (cost=41.09..41.12 rows=10 width=121)
	        Sort Key: c
	        ->  Index Scan using sbtest2_pkey on sbtest2  (cost=0.43..40.93 rows=10 width=121)
	              Index Cond: ((id >= 4531826) AND (id <= 4531835))

table 3 : explain SELECT DISTINCT c FROM sbtest3 WHERE id BETWEEN 8216635 AND 8216644 ORDER BY c
	Unique  (cost=37.73..37.77 rows=9 width=121)
	  ->  Sort  (cost=37.73..37.75 rows=9 width=121)
	        Sort Key: c
	        ->  Index Scan using sbtest3_pkey on sbtest3  (cost=0.43..37.58 rows=9 width=121)
	              Index Cond: ((id >= 8216635) AND (id <= 8216644))

table 4 : explain SELECT DISTINCT c FROM sbtest4 WHERE id BETWEEN 4916970 AND 4916979 ORDER BY c
	Unique  (cost=41.22..41.27 rows=10 width=121)
	  ->  Sort  (cost=41.22..41.24 rows=10 width=121)
	        Sort Key: c
	        ->  Index Scan using sbtest4_pkey on sbtest4  (cost=0.43..41.05 rows=10 width=121)
	              Index Cond: ((id >= 4916970) AND (id <= 4916979))

table 5 : explain SELECT DISTINCT c FROM sbtest5 WHERE id BETWEEN 6479825 AND 6479834 ORDER BY c
	Unique  (cost=36.99..37.03 rows=9 width=121)
	  ->  Sort  (cost=36.99..37.01 rows=9 width=121)
	        Sort Key: c
	        ->  Index Scan using sbtest5_pkey on sbtest5  (cost=0.43..36.85 rows=9 width=121)
	              Index Cond: ((id >= 6479825) AND (id <= 6479834))

table 6 : explain SELECT DISTINCT c FROM sbtest6 WHERE id BETWEEN 6524376 AND 6524385 ORDER BY c
	Unique  (cost=40.26..40.31 rows=10 width=121)
	  ->  Sort  (cost=40.26..40.28 rows=10 width=121)
	        Sort Key: c
	        ->  Index Scan using sbtest6_pkey on sbtest6  (cost=0.43..40.09 rows=10 width=121)
	              Index Cond: ((id >= 6524376) AND (id <= 6524385))

table 7 : explain SELECT DISTINCT c FROM sbtest7 WHERE id BETWEEN 4922124 AND 4922133 ORDER BY c
	Unique  (cost=36.39..36.43 rows=9 width=121)
	  ->  Sort  (cost=36.39..36.41 rows=9 width=121)
	        Sort Key: c
	        ->  Index Scan using sbtest7_pkey on sbtest7  (cost=0.43..36.25 rows=9 width=121)
	              Index Cond: ((id >= 4922124) AND (id <= 4922133))

table 8 : explain SELECT DISTINCT c FROM sbtest8 WHERE id BETWEEN 3782182 AND 3782191 ORDER BY c
	Unique  (cost=40.14..40.19 rows=10 width=121)
	  ->  Sort  (cost=40.14..40.17 rows=10 width=121)
	        Sort Key: c
	        ->  Index Scan using sbtest8_pkey on sbtest8  (cost=0.43..39.98 rows=10 width=121)
	              Index Cond: ((id >= 3782182) AND (id <= 3782191))

for: simple_ranges
table 1 : explain SELECT c FROM sbtest1 WHERE id BETWEEN 2722063 AND 2722072
	Index Scan using sbtest1_pkey on sbtest1  (cost=0.43..40.96 rows=10 width=121)
	  Index Cond: ((id >= 2722063) AND (id <= 2722072))

table 2 : explain SELECT c FROM sbtest2 WHERE id BETWEEN 1702705 AND 1702714
	Index Scan using sbtest2_pkey on sbtest2  (cost=0.43..40.93 rows=10 width=121)
	  Index Cond: ((id >= 1702705) AND (id <= 1702714))

table 3 : explain SELECT c FROM sbtest3 WHERE id BETWEEN 9722949 AND 9722958
	Index Scan using sbtest3_pkey on sbtest3  (cost=0.43..41.23 rows=10 width=121)
	  Index Cond: ((id >= 9722949) AND (id <= 9722958))

table 4 : explain SELECT c FROM sbtest4 WHERE id BETWEEN 9335005 AND 9335014
	Index Scan using sbtest4_pkey on sbtest4  (cost=0.43..41.05 rows=10 width=121)
	  Index Cond: ((id >= 9335005) AND (id <= 9335014))

table 5 : explain SELECT c FROM sbtest5 WHERE id BETWEEN 8957477 AND 8957486
	Index Scan using sbtest5_pkey on sbtest5  (cost=0.43..40.39 rows=10 width=121)
	  Index Cond: ((id >= 8957477) AND (id <= 8957486))

table 6 : explain SELECT c FROM sbtest6 WHERE id BETWEEN 9426016 AND 9426025
	Index Scan using sbtest6_pkey on sbtest6  (cost=0.43..40.09 rows=10 width=121)
	  Index Cond: ((id >= 9426016) AND (id <= 9426025))

table 7 : explain SELECT c FROM sbtest7 WHERE id BETWEEN 3975702 AND 3975711
	Index Scan using sbtest7_pkey on sbtest7  (cost=0.43..39.72 rows=10 width=121)
	  Index Cond: ((id >= 3975702) AND (id <= 3975711))

table 8 : explain SELECT c FROM sbtest8 WHERE id BETWEEN 1563487 AND 1563496
	Index Scan using sbtest8_pkey on sbtest8  (cost=0.43..39.98 rows=10 width=121)
	  Index Cond: ((id >= 1563487) AND (id <= 1563496))

for: distinct_ranges
table 1 : explain SELECT DISTINCT c FROM sbtest1 WHERE id BETWEEN 9178165 AND 9178174 ORDER BY c
	Unique  (cost=41.13..41.18 rows=10 width=121)
	  ->  Sort  (cost=41.13..41.15 rows=10 width=121)
	        Sort Key: c
	        ->  Index Scan using sbtest1_pkey on sbtest1  (cost=0.43..40.96 rows=10 width=121)
	              Index Cond: ((id >= 9178165) AND (id <= 9178174))

table 2 : explain SELECT DISTINCT c FROM sbtest2 WHERE id BETWEEN 5050190 AND 5050199 ORDER BY c
	Unique  (cost=41.09..41.14 rows=10 width=121)
	  ->  Sort  (cost=41.09..41.12 rows=10 width=121)
	        Sort Key: c
	        ->  Index Scan using sbtest2_pkey on sbtest2  (cost=0.43..40.93 rows=10 width=121)
	              Index Cond: ((id >= 5050190) AND (id <= 5050199))

table 3 : explain SELECT DISTINCT c FROM sbtest3 WHERE id BETWEEN 1013707 AND 1013716 ORDER BY c
	Unique  (cost=41.39..41.44 rows=10 width=121)
	  ->  Sort  (cost=41.39..41.42 rows=10 width=121)
	        Sort Key: c
	        ->  Index Scan using sbtest3_pkey on sbtest3  (cost=0.43..41.23 rows=10 width=121)
	              Index Cond: ((id >= 1013707) AND (id <= 1013716))

table 4 : explain SELECT DISTINCT c FROM sbtest4 WHERE id BETWEEN 2356653 AND 2356662 ORDER BY c
	Unique  (cost=41.22..41.27 rows=10 width=121)
	  ->  Sort  (cost=41.22..41.24 rows=10 width=121)
	        Sort Key: c
	        ->  Index Scan using sbtest4_pkey on sbtest4  (cost=0.43..41.05 rows=10 width=121)
	              Index Cond: ((id >= 2356653) AND (id <= 2356662))

table 5 : explain SELECT DISTINCT c FROM sbtest5 WHERE id BETWEEN 3822085 AND 3822094 ORDER BY c
	Unique  (cost=44.13..44.19 rows=11 width=121)
	  ->  Sort  (cost=44.13..44.16 rows=11 width=121)
	        Sort Key: c
	        ->  Index Scan using sbtest5_pkey on sbtest5  (cost=0.43..43.94 rows=11 width=121)
	              Index Cond: ((id >= 3822085) AND (id <= 3822094))

table 6 : explain SELECT DISTINCT c FROM sbtest6 WHERE id BETWEEN 1520016 AND 1520025 ORDER BY c
	Unique  (cost=40.26..40.31 rows=10 width=121)
	  ->  Sort  (cost=40.26..40.28 rows=10 width=121)
	        Sort Key: c
	        ->  Index Scan using sbtest6_pkey on sbtest6  (cost=0.43..40.09 rows=10 width=121)
	              Index Cond: ((id >= 1520016) AND (id <= 1520025))

table 7 : explain SELECT DISTINCT c FROM sbtest7 WHERE id BETWEEN 6904806 AND 6904815 ORDER BY c
	Unique  (cost=39.89..39.94 rows=10 width=121)
	  ->  Sort  (cost=39.89..39.91 rows=10 width=121)
	        Sort Key: c
	        ->  Index Scan using sbtest7_pkey on sbtest7  (cost=0.43..39.72 rows=10 width=121)
	              Index Cond: ((id >= 6904806) AND (id <= 6904815))

table 8 : explain SELECT DISTINCT c FROM sbtest8 WHERE id BETWEEN 9936512 AND 9936521 ORDER BY c
	Unique  (cost=40.14..40.19 rows=10 width=121)
	  ->  Sort  (cost=40.14..40.17 rows=10 width=121)
	        Sort Key: c
	        ->  Index Scan using sbtest8_pkey on sbtest8  (cost=0.43..39.98 rows=10 width=121)
	              Index Cond: ((id >= 9936512) AND (id <= 9936521))

for: order_ranges
table 1 : explain SELECT c FROM sbtest1 WHERE id BETWEEN 2879232 AND 2879241 ORDER BY c
	Sort  (cost=37.49..37.51 rows=9 width=121)
	  Sort Key: c
	  ->  Index Scan using sbtest1_pkey on sbtest1  (cost=0.43..37.35 rows=9 width=121)
	        Index Cond: ((id >= 2879232) AND (id <= 2879241))

table 2 : explain SELECT c FROM sbtest2 WHERE id BETWEEN 2444411 AND 2444420 ORDER BY c
	Sort  (cost=44.73..44.75 rows=11 width=121)
	  Sort Key: c
	  ->  Index Scan using sbtest2_pkey on sbtest2  (cost=0.43..44.54 rows=11 width=121)
	        Index Cond: ((id >= 2444411) AND (id <= 2444420))

table 3 : explain SELECT c FROM sbtest3 WHERE id BETWEEN 2797790 AND 2797799 ORDER BY c
	Sort  (cost=41.39..41.42 rows=10 width=121)
	  Sort Key: c
	  ->  Index Scan using sbtest3_pkey on sbtest3  (cost=0.43..41.23 rows=10 width=121)
	        Index Cond: ((id >= 2797790) AND (id <= 2797799))

table 4 : explain SELECT c FROM sbtest4 WHERE id BETWEEN 945126 AND 945135 ORDER BY c
	Sort  (cost=44.86..44.89 rows=11 width=121)
	  Sort Key: c
	  ->  Index Scan using sbtest4_pkey on sbtest4  (cost=0.43..44.67 rows=11 width=121)
	        Index Cond: ((id >= 945126) AND (id <= 945135))

table 5 : explain SELECT c FROM sbtest5 WHERE id BETWEEN 44679 AND 44688 ORDER BY c
	Sort  (cost=44.13..44.16 rows=11 width=121)
	  Sort Key: c
	  ->  Index Scan using sbtest5_pkey on sbtest5  (cost=0.43..43.94 rows=11 width=121)
	        Index Cond: ((id >= 44679) AND (id <= 44688))

table 6 : explain SELECT c FROM sbtest6 WHERE id BETWEEN 4439544 AND 4439553 ORDER BY c
	Sort  (cost=43.80..43.82 rows=11 width=121)
	  Sort Key: c
	  ->  Index Scan using sbtest6_pkey on sbtest6  (cost=0.43..43.61 rows=11 width=121)
	        Index Cond: ((id >= 4439544) AND (id <= 4439553))

table 7 : explain SELECT c FROM sbtest7 WHERE id BETWEEN 4402890 AND 4402899 ORDER BY c
	Sort  (cost=39.89..39.91 rows=10 width=121)
	  Sort Key: c
	  ->  Index Scan using sbtest7_pkey on sbtest7  (cost=0.43..39.72 rows=10 width=121)
	        Index Cond: ((id >= 4402890) AND (id <= 4402899))

table 8 : explain SELECT c FROM sbtest8 WHERE id BETWEEN 7698619 AND 7698628 ORDER BY c
	Sort  (cost=40.14..40.17 rows=10 width=121)
	  Sort Key: c
	  ->  Index Scan using sbtest8_pkey on sbtest8  (cost=0.43..39.98 rows=10 width=121)
	        Index Cond: ((id >= 7698619) AND (id <= 7698628))

explain: for point_selects :: explain SELECT c FROM sbtest%u WHERE id=%u
for inserts
table 1 : explain INSERT INTO sbtest1 (id, k, c, pad) VALUES (4005336, 13, 'foobar', 'foobar')
	Insert on sbtest1  (cost=0.00..0.01 rows=0 width=0)
	  ->  Result  (cost=0.00..0.01 rows=1 width=736)

table 2 : explain INSERT INTO sbtest2 (id, k, c, pad) VALUES (9458832, 13, 'foobar', 'foobar')
	Insert on sbtest2  (cost=0.00..0.01 rows=0 width=0)
	  ->  Result  (cost=0.00..0.01 rows=1 width=736)

table 3 : explain INSERT INTO sbtest3 (id, k, c, pad) VALUES (5605099, 13, 'foobar', 'foobar')
	Insert on sbtest3  (cost=0.00..0.01 rows=0 width=0)
	  ->  Result  (cost=0.00..0.01 rows=1 width=736)

table 4 : explain INSERT INTO sbtest4 (id, k, c, pad) VALUES (5697504, 13, 'foobar', 'foobar')
	Insert on sbtest4  (cost=0.00..0.01 rows=0 width=0)
	  ->  Result  (cost=0.00..0.01 rows=1 width=736)

table 5 : explain INSERT INTO sbtest5 (id, k, c, pad) VALUES (2943155, 13, 'foobar', 'foobar')
	Insert on sbtest5  (cost=0.00..0.01 rows=0 width=0)
	  ->  Result  (cost=0.00..0.01 rows=1 width=736)

table 6 : explain INSERT INTO sbtest6 (id, k, c, pad) VALUES (2131897, 13, 'foobar', 'foobar')
	Insert on sbtest6  (cost=0.00..0.01 rows=0 width=0)
	  ->  Result  (cost=0.00..0.01 rows=1 width=736)

table 7 : explain INSERT INTO sbtest7 (id, k, c, pad) VALUES (4855967, 13, 'foobar', 'foobar')
	Insert on sbtest7  (cost=0.00..0.01 rows=0 width=0)
	  ->  Result  (cost=0.00..0.01 rows=1 width=736)

table 8 : explain INSERT INTO sbtest8 (id, k, c, pad) VALUES (9205770, 13, 'foobar', 'foobar')
	Insert on sbtest8  (cost=0.00..0.01 rows=0 width=0)
	  ->  Result  (cost=0.00..0.01 rows=1 width=736)

for: order_ranges
table 1 : explain SELECT c FROM sbtest1 WHERE id BETWEEN 3445015 AND 3445024 ORDER BY c
	Sort  (cost=37.49..37.51 rows=9 width=121)
	  Sort Key: c
	  ->  Index Scan using sbtest1_pkey on sbtest1  (cost=0.43..37.35 rows=9 width=121)
	        Index Cond: ((id >= 3445015) AND (id <= 3445024))

table 2 : explain SELECT c FROM sbtest2 WHERE id BETWEEN 9757411 AND 9757420 ORDER BY c
	Sort  (cost=41.09..41.12 rows=10 width=121)
	  Sort Key: c
	  ->  Index Scan using sbtest2_pkey on sbtest2  (cost=0.43..40.93 rows=10 width=121)
	        Index Cond: ((id >= 9757411) AND (id <= 9757420))

table 3 : explain SELECT c FROM sbtest3 WHERE id BETWEEN 8025528 AND 8025537 ORDER BY c
	Sort  (cost=37.73..37.75 rows=9 width=121)
	  Sort Key: c
	  ->  Index Scan using sbtest3_pkey on sbtest3  (cost=0.43..37.58 rows=9 width=121)
	        Index Cond: ((id >= 8025528) AND (id <= 8025537))

table 4 : explain SELECT c FROM sbtest4 WHERE id BETWEEN 1205814 AND 1205823 ORDER BY c
	Sort  (cost=41.22..41.24 rows=10 width=121)
	  Sort Key: c
	  ->  Index Scan using sbtest4_pkey on sbtest4  (cost=0.43..41.05 rows=10 width=121)
	        Index Cond: ((id >= 1205814) AND (id <= 1205823))

table 5 : explain SELECT c FROM sbtest5 WHERE id BETWEEN 9799599 AND 9799608 ORDER BY c
	Sort  (cost=40.56..40.58 rows=10 width=121)
	  Sort Key: c
	  ->  Index Scan using sbtest5_pkey on sbtest5  (cost=0.43..40.39 rows=10 width=121)
	        Index Cond: ((id >= 9799599) AND (id <= 9799608))

table 6 : explain SELECT c FROM sbtest6 WHERE id BETWEEN 2321 AND 2330 ORDER BY c
	Sort  (cost=40.26..40.28 rows=10 width=121)
	  Sort Key: c
	  ->  Index Scan using sbtest6_pkey on sbtest6  (cost=0.43..40.09 rows=10 width=121)
	        Index Cond: ((id >= 2321) AND (id <= 2330))

table 7 : explain SELECT c FROM sbtest7 WHERE id BETWEEN 9386042 AND 9386051 ORDER BY c
	Sort  (cost=36.39..36.41 rows=9 width=121)
	  Sort Key: c
	  ->  Index Scan using sbtest7_pkey on sbtest7  (cost=0.43..36.25 rows=9 width=121)
	        Index Cond: ((id >= 9386042) AND (id <= 9386051))

table 8 : explain SELECT c FROM sbtest8 WHERE id BETWEEN 8766924 AND 8766933 ORDER BY c
	Sort  (cost=40.14..40.17 rows=10 width=121)
	  Sort Key: c
	  ->  Index Scan using sbtest8_pkey on sbtest8  (cost=0.43..39.98 rows=10 width=121)
	        Index Cond: ((id >= 8766924) AND (id <= 8766933))

explain: for index_updates :: explain UPDATE sbtest%u SET k=k+1 WHERE id=%u
for inserts
table 1 : explain INSERT INTO sbtest1 (id, k, c, pad) VALUES (2692040, 13, 'foobar', 'foobar')
	Insert on sbtest1  (cost=0.00..0.01 rows=0 width=0)
	  ->  Result  (cost=0.00..0.01 rows=1 width=736)

table 2 : explain INSERT INTO sbtest2 (id, k, c, pad) VALUES (2075161, 13, 'foobar', 'foobar')
	Insert on sbtest2  (cost=0.00..0.01 rows=0 width=0)
	  ->  Result  (cost=0.00..0.01 rows=1 width=736)

table 3 : explain INSERT INTO sbtest3 (id, k, c, pad) VALUES (5385589, 13, 'foobar', 'foobar')
	Insert on sbtest3  (cost=0.00..0.01 rows=0 width=0)
	  ->  Result  (cost=0.00..0.01 rows=1 width=736)

table 4 : explain INSERT INTO sbtest4 (id, k, c, pad) VALUES (4703556, 13, 'foobar', 'foobar')
	Insert on sbtest4  (cost=0.00..0.01 rows=0 width=0)
	  ->  Result  (cost=0.00..0.01 rows=1 width=736)

table 5 : explain INSERT INTO sbtest5 (id, k, c, pad) VALUES (9384961, 13, 'foobar', 'foobar')
	Insert on sbtest5  (cost=0.00..0.01 rows=0 width=0)
	  ->  Result  (cost=0.00..0.01 rows=1 width=736)

table 6 : explain INSERT INTO sbtest6 (id, k, c, pad) VALUES (3342640, 13, 'foobar', 'foobar')
	Insert on sbtest6  (cost=0.00..0.01 rows=0 width=0)
	  ->  Result  (cost=0.00..0.01 rows=1 width=736)

table 7 : explain INSERT INTO sbtest7 (id, k, c, pad) VALUES (5425926, 13, 'foobar', 'foobar')
	Insert on sbtest7  (cost=0.00..0.01 rows=0 width=0)
	  ->  Result  (cost=0.00..0.01 rows=1 width=736)

table 8 : explain INSERT INTO sbtest8 (id, k, c, pad) VALUES (7032108, 13, 'foobar', 'foobar')
	Insert on sbtest8  (cost=0.00..0.01 rows=0 width=0)
	  ->  Result  (cost=0.00..0.01 rows=1 width=736)

for: order_ranges
table 1 : explain SELECT c FROM sbtest1 WHERE id BETWEEN 7535779 AND 7535788 ORDER BY c
	Sort  (cost=41.13..41.15 rows=10 width=121)
	  Sort Key: c
	  ->  Index Scan using sbtest1_pkey on sbtest1  (cost=0.43..40.96 rows=10 width=121)
	        Index Cond: ((id >= 7535779) AND (id <= 7535788))

table 2 : explain SELECT c FROM sbtest2 WHERE id BETWEEN 3806522 AND 3806531 ORDER BY c
	Sort  (cost=37.46..37.48 rows=9 width=121)
	  Sort Key: c
	  ->  Index Scan using sbtest2_pkey on sbtest2  (cost=0.43..37.32 rows=9 width=121)
	        Index Cond: ((id >= 3806522) AND (id <= 3806531))

table 3 : explain SELECT c FROM sbtest3 WHERE id BETWEEN 9756087 AND 9756096 ORDER BY c
	Sort  (cost=41.39..41.42 rows=10 width=121)
	  Sort Key: c
	  ->  Index Scan using sbtest3_pkey on sbtest3  (cost=0.43..41.23 rows=10 width=121)
	        Index Cond: ((id >= 9756087) AND (id <= 9756096))

table 4 : explain SELECT c FROM sbtest4 WHERE id BETWEEN 3748 AND 3757 ORDER BY c
	Sort  (cost=41.22..41.24 rows=10 width=121)
	  Sort Key: c
	  ->  Index Scan using sbtest4_pkey on sbtest4  (cost=0.43..41.05 rows=10 width=121)
	        Index Cond: ((id >= 3748) AND (id <= 3757))

table 5 : explain SELECT c FROM sbtest5 WHERE id BETWEEN 4274184 AND 4274193 ORDER BY c
	Sort  (cost=40.56..40.58 rows=10 width=121)
	  Sort Key: c
	  ->  Index Scan using sbtest5_pkey on sbtest5  (cost=0.43..40.39 rows=10 width=121)
	        Index Cond: ((id >= 4274184) AND (id <= 4274193))

table 6 : explain SELECT c FROM sbtest6 WHERE id BETWEEN 6065415 AND 6065424 ORDER BY c
	Sort  (cost=40.26..40.28 rows=10 width=121)
	  Sort Key: c
	  ->  Index Scan using sbtest6_pkey on sbtest6  (cost=0.43..40.09 rows=10 width=121)
	        Index Cond: ((id >= 6065415) AND (id <= 6065424))

table 7 : explain SELECT c FROM sbtest7 WHERE id BETWEEN 6466738 AND 6466747 ORDER BY c
	Sort  (cost=39.89..39.91 rows=10 width=121)
	  Sort Key: c
	  ->  Index Scan using sbtest7_pkey on sbtest7  (cost=0.43..39.72 rows=10 width=121)
	        Index Cond: ((id >= 6466738) AND (id <= 6466747))

table 8 : explain SELECT c FROM sbtest8 WHERE id BETWEEN 5403908 AND 5403917 ORDER BY c
	Sort  (cost=43.67..43.70 rows=11 width=121)
	  Sort Key: c
	  ->  Index Scan using sbtest8_pkey on sbtest8  (cost=0.43..43.48 rows=11 width=121)
	        Index Cond: ((id >= 5403908) AND (id <= 5403917))

for: sum_ranges
table 1 : explain SELECT SUM(k) FROM sbtest1 WHERE id BETWEEN 8024422 AND 8024431
	Aggregate  (cost=37.37..37.38 rows=1 width=8)
	  ->  Index Scan using sbtest1_pkey on sbtest1  (cost=0.43..37.35 rows=9 width=4)
	        Index Cond: ((id >= 8024422) AND (id <= 8024431))

table 2 : explain SELECT SUM(k) FROM sbtest2 WHERE id BETWEEN 8890233 AND 8890242
	Aggregate  (cost=44.56..44.57 rows=1 width=8)
	  ->  Index Scan using sbtest2_pkey on sbtest2  (cost=0.43..44.54 rows=11 width=4)
	        Index Cond: ((id >= 8890233) AND (id <= 8890242))

table 3 : explain SELECT SUM(k) FROM sbtest3 WHERE id BETWEEN 4399046 AND 4399055
	Aggregate  (cost=41.25..41.26 rows=1 width=8)
	  ->  Index Scan using sbtest3_pkey on sbtest3  (cost=0.43..41.23 rows=10 width=4)
	        Index Cond: ((id >= 4399046) AND (id <= 4399055))

table 4 : explain SELECT SUM(k) FROM sbtest4 WHERE id BETWEEN 3049381 AND 3049390
	Aggregate  (cost=41.08..41.09 rows=1 width=8)
	  ->  Index Scan using sbtest4_pkey on sbtest4  (cost=0.43..41.05 rows=10 width=4)
	        Index Cond: ((id >= 3049381) AND (id <= 3049390))

table 5 : explain SELECT SUM(k) FROM sbtest5 WHERE id BETWEEN 3284687 AND 3284696
	Aggregate  (cost=40.42..40.43 rows=1 width=8)
	  ->  Index Scan using sbtest5_pkey on sbtest5  (cost=0.43..40.39 rows=10 width=4)
	        Index Cond: ((id >= 3284687) AND (id <= 3284696))

table 6 : explain SELECT SUM(k) FROM sbtest6 WHERE id BETWEEN 6869560 AND 6869569
	Aggregate  (cost=40.12..40.13 rows=1 width=8)
	  ->  Index Scan using sbtest6_pkey on sbtest6  (cost=0.43..40.09 rows=10 width=4)
	        Index Cond: ((id >= 6869560) AND (id <= 6869569))

table 7 : explain SELECT SUM(k) FROM sbtest7 WHERE id BETWEEN 7741600 AND 7741609
	Aggregate  (cost=39.74..39.75 rows=1 width=8)
	  ->  Index Scan using sbtest7_pkey on sbtest7  (cost=0.43..39.72 rows=10 width=4)
	        Index Cond: ((id >= 7741600) AND (id <= 7741609))

table 8 : explain SELECT SUM(k) FROM sbtest8 WHERE id BETWEEN 8922358 AND 8922367
	Aggregate  (cost=40.00..40.01 rows=1 width=8)
	  ->  Index Scan using sbtest8_pkey on sbtest8  (cost=0.43..39.98 rows=10 width=4)
	        Index Cond: ((id >= 8922358) AND (id <= 8922367))

explain: for index_updates :: explain UPDATE sbtest%u SET k=k+1 WHERE id=%u
for: simple_ranges
table 1 : explain SELECT c FROM sbtest1 WHERE id BETWEEN 9502419 AND 9502428
	Index Scan using sbtest1_pkey on sbtest1  (cost=0.43..40.96 rows=10 width=121)
	  Index Cond: ((id >= 9502419) AND (id <= 9502428))

table 2 : explain SELECT c FROM sbtest2 WHERE id BETWEEN 1145688 AND 1145697
	Index Scan using sbtest2_pkey on sbtest2  (cost=0.43..40.93 rows=10 width=121)
	  Index Cond: ((id >= 1145688) AND (id <= 1145697))

table 3 : explain SELECT c FROM sbtest3 WHERE id BETWEEN 1974046 AND 1974055
	Index Scan using sbtest3_pkey on sbtest3  (cost=0.43..41.23 rows=10 width=121)
	  Index Cond: ((id >= 1974046) AND (id <= 1974055))

table 4 : explain SELECT c FROM sbtest4 WHERE id BETWEEN 4602072 AND 4602081
	Index Scan using sbtest4_pkey on sbtest4  (cost=0.43..41.05 rows=10 width=121)
	  Index Cond: ((id >= 4602072) AND (id <= 4602081))

table 5 : explain SELECT c FROM sbtest5 WHERE id BETWEEN 5478050 AND 5478059
	Index Scan using sbtest5_pkey on sbtest5  (cost=0.43..40.39 rows=10 width=121)
	  Index Cond: ((id >= 5478050) AND (id <= 5478059))

table 6 : explain SELECT c FROM sbtest6 WHERE id BETWEEN 8540308 AND 8540317
	Index Scan using sbtest6_pkey on sbtest6  (cost=0.43..40.09 rows=10 width=121)
	  Index Cond: ((id >= 8540308) AND (id <= 8540317))

table 7 : explain SELECT c FROM sbtest7 WHERE id BETWEEN 7380404 AND 7380413
	Index Scan using sbtest7_pkey on sbtest7  (cost=0.43..39.72 rows=10 width=121)
	  Index Cond: ((id >= 7380404) AND (id <= 7380413))

table 8 : explain SELECT c FROM sbtest8 WHERE id BETWEEN 4001197 AND 4001206
	Index Scan using sbtest8_pkey on sbtest8  (cost=0.43..39.98 rows=10 width=121)
	  Index Cond: ((id >= 4001197) AND (id <= 4001206))

for: order_ranges
table 1 : explain SELECT c FROM sbtest1 WHERE id BETWEEN 4055622 AND 4055631 ORDER BY c
	Sort  (cost=41.13..41.15 rows=10 width=121)
	  Sort Key: c
	  ->  Index Scan using sbtest1_pkey on sbtest1  (cost=0.43..40.96 rows=10 width=121)
	        Index Cond: ((id >= 4055622) AND (id <= 4055631))

table 2 : explain SELECT c FROM sbtest2 WHERE id BETWEEN 6217156 AND 6217165 ORDER BY c
	Sort  (cost=37.46..37.48 rows=9 width=121)
	  Sort Key: c
	  ->  Index Scan using sbtest2_pkey on sbtest2  (cost=0.43..37.32 rows=9 width=121)
	        Index Cond: ((id >= 6217156) AND (id <= 6217165))

table 3 : explain SELECT c FROM sbtest3 WHERE id BETWEEN 415467 AND 415476 ORDER BY c
	Sort  (cost=45.06..45.08 rows=11 width=121)
	  Sort Key: c
	  ->  Index Scan using sbtest3_pkey on sbtest3  (cost=0.43..44.87 rows=11 width=121)
	        Index Cond: ((id >= 415467) AND (id <= 415476))

table 4 : explain SELECT c FROM sbtest4 WHERE id BETWEEN 5486713 AND 5486722 ORDER BY c
	Sort  (cost=37.57..37.59 rows=9 width=121)
	  Sort Key: c
	  ->  Index Scan using sbtest4_pkey on sbtest4  (cost=0.43..37.43 rows=9 width=121)
	        Index Cond: ((id >= 5486713) AND (id <= 5486722))

table 5 : explain SELECT c FROM sbtest5 WHERE id BETWEEN 2035948 AND 2035957 ORDER BY c
	Sort  (cost=40.56..40.58 rows=10 width=121)
	  Sort Key: c
	  ->  Index Scan using sbtest5_pkey on sbtest5  (cost=0.43..40.39 rows=10 width=121)
	        Index Cond: ((id >= 2035948) AND (id <= 2035957))

table 6 : explain SELECT c FROM sbtest6 WHERE id BETWEEN 4508988 AND 4508997 ORDER BY c
	Sort  (cost=43.80..43.82 rows=11 width=121)
	  Sort Key: c
	  ->  Index Scan using sbtest6_pkey on sbtest6  (cost=0.43..43.61 rows=11 width=121)
	        Index Cond: ((id >= 4508988) AND (id <= 4508997))

table 7 : explain SELECT c FROM sbtest7 WHERE id BETWEEN 5946625 AND 5946634 ORDER BY c
	Sort  (cost=39.89..39.91 rows=10 width=121)
	  Sort Key: c
	  ->  Index Scan using sbtest7_pkey on sbtest7  (cost=0.43..39.72 rows=10 width=121)
	        Index Cond: ((id >= 5946625) AND (id <= 5946634))

table 8 : explain SELECT c FROM sbtest8 WHERE id BETWEEN 6130414 AND 6130423 ORDER BY c
	Sort  (cost=40.14..40.17 rows=10 width=121)
	  Sort Key: c
	  ->  Index Scan using sbtest8_pkey on sbtest8  (cost=0.43..39.98 rows=10 width=121)
	        Index Cond: ((id >= 6130414) AND (id <= 6130423))

for: distinct_ranges
table 1 : explain SELECT DISTINCT c FROM sbtest1 WHERE id BETWEEN 1224257 AND 1224266 ORDER BY c
	Unique  (cost=41.13..41.18 rows=10 width=121)
	  ->  Sort  (cost=41.13..41.15 rows=10 width=121)
	        Sort Key: c
	        ->  Index Scan using sbtest1_pkey on sbtest1  (cost=0.43..40.96 rows=10 width=121)
	              Index Cond: ((id >= 1224257) AND (id <= 1224266))

table 2 : explain SELECT DISTINCT c FROM sbtest2 WHERE id BETWEEN 2105781 AND 2105790 ORDER BY c
	Unique  (cost=37.46..37.51 rows=9 width=121)
	  ->  Sort  (cost=37.46..37.48 rows=9 width=121)
	        Sort Key: c
	        ->  Index Scan using sbtest2_pkey on sbtest2  (cost=0.43..37.32 rows=9 width=121)
	              Index Cond: ((id >= 2105781) AND (id <= 2105790))

table 3 : explain SELECT DISTINCT c FROM sbtest3 WHERE id BETWEEN 8692867 AND 8692876 ORDER BY c
	Unique  (cost=41.39..41.44 rows=10 width=121)
	  ->  Sort  (cost=41.39..41.42 rows=10 width=121)
	        Sort Key: c
	        ->  Index Scan using sbtest3_pkey on sbtest3  (cost=0.43..41.23 rows=10 width=121)
	              Index Cond: ((id >= 8692867) AND (id <= 8692876))

table 4 : explain SELECT DISTINCT c FROM sbtest4 WHERE id BETWEEN 3363637 AND 3363646 ORDER BY c
	Unique  (cost=41.22..41.27 rows=10 width=121)
	  ->  Sort  (cost=41.22..41.24 rows=10 width=121)
	        Sort Key: c
	        ->  Index Scan using sbtest4_pkey on sbtest4  (cost=0.43..41.05 rows=10 width=121)
	              Index Cond: ((id >= 3363637) AND (id <= 3363646))

table 5 : explain SELECT DISTINCT c FROM sbtest5 WHERE id BETWEEN 8194362 AND 8194371 ORDER BY c
	Unique  (cost=44.13..44.19 rows=11 width=121)
	  ->  Sort  (cost=44.13..44.16 rows=11 width=121)
	        Sort Key: c
	        ->  Index Scan using sbtest5_pkey on sbtest5  (cost=0.43..43.94 rows=11 width=121)
	              Index Cond: ((id >= 8194362) AND (id <= 8194371))

table 6 : explain SELECT DISTINCT c FROM sbtest6 WHERE id BETWEEN 9703979 AND 9703988 ORDER BY c
	Unique  (cost=40.26..40.31 rows=10 width=121)
	  ->  Sort  (cost=40.26..40.28 rows=10 width=121)
	        Sort Key: c
	        ->  Index Scan using sbtest6_pkey on sbtest6  (cost=0.43..40.09 rows=10 width=121)
	              Index Cond: ((id >= 9703979) AND (id <= 9703988))

table 7 : explain SELECT DISTINCT c FROM sbtest7 WHERE id BETWEEN 144284 AND 144293 ORDER BY c
	Unique  (cost=36.39..36.43 rows=9 width=121)
	  ->  Sort  (cost=36.39..36.41 rows=9 width=121)
	        Sort Key: c
	        ->  Index Scan using sbtest7_pkey on sbtest7  (cost=0.43..36.25 rows=9 width=121)
	              Index Cond: ((id >= 144284) AND (id <= 144293))

table 8 : explain SELECT DISTINCT c FROM sbtest8 WHERE id BETWEEN 6771272 AND 6771281 ORDER BY c
	Unique  (cost=40.14..40.19 rows=10 width=121)
	  ->  Sort  (cost=40.14..40.17 rows=10 width=121)
	        Sort Key: c
	        ->  Index Scan using sbtest8_pkey on sbtest8  (cost=0.43..39.98 rows=10 width=121)
	              Index Cond: ((id >= 6771272) AND (id <= 6771281))

for: order_ranges
table 1 : explain SELECT c FROM sbtest1 WHERE id BETWEEN 4113799 AND 4113808 ORDER BY c
	Sort  (cost=41.13..41.15 rows=10 width=121)
	  Sort Key: c
	  ->  Index Scan using sbtest1_pkey on sbtest1  (cost=0.43..40.96 rows=10 width=121)
	        Index Cond: ((id >= 4113799) AND (id <= 4113808))

table 2 : explain SELECT c FROM sbtest2 WHERE id BETWEEN 6069310 AND 6069319 ORDER BY c
	Sort  (cost=41.09..41.12 rows=10 width=121)
	  Sort Key: c
	  ->  Index Scan using sbtest2_pkey on sbtest2  (cost=0.43..40.93 rows=10 width=121)
	        Index Cond: ((id >= 6069310) AND (id <= 6069319))

table 3 : explain SELECT c FROM sbtest3 WHERE id BETWEEN 7238035 AND 7238044 ORDER BY c
	Sort  (cost=41.39..41.42 rows=10 width=121)
	  Sort Key: c
	  ->  Index Scan using sbtest3_pkey on sbtest3  (cost=0.43..41.23 rows=10 width=121)
	        Index Cond: ((id >= 7238035) AND (id <= 7238044))

table 4 : explain SELECT c FROM sbtest4 WHERE id BETWEEN 3822766 AND 3822775 ORDER BY c
	Sort  (cost=41.22..41.24 rows=10 width=121)
	  Sort Key: c
	  ->  Index Scan using sbtest4_pkey on sbtest4  (cost=0.43..41.05 rows=10 width=121)
	        Index Cond: ((id >= 3822766) AND (id <= 3822775))

table 5 : explain SELECT c FROM sbtest5 WHERE id BETWEEN 382443 AND 382452 ORDER BY c
	Sort  (cost=44.13..44.16 rows=11 width=121)
	  Sort Key: c
	  ->  Index Scan using sbtest5_pkey on sbtest5  (cost=0.43..43.94 rows=11 width=121)
	        Index Cond: ((id >= 382443) AND (id <= 382452))

table 6 : explain SELECT c FROM sbtest6 WHERE id BETWEEN 3361190 AND 3361199 ORDER BY c
	Sort  (cost=40.26..40.28 rows=10 width=121)
	  Sort Key: c
	  ->  Index Scan using sbtest6_pkey on sbtest6  (cost=0.43..40.09 rows=10 width=121)
	        Index Cond: ((id >= 3361190) AND (id <= 3361199))

table 7 : explain SELECT c FROM sbtest7 WHERE id BETWEEN 1616129 AND 1616138 ORDER BY c
	Sort  (cost=39.89..39.91 rows=10 width=121)
	  Sort Key: c
	  ->  Index Scan using sbtest7_pkey on sbtest7  (cost=0.43..39.72 rows=10 width=121)
	        Index Cond: ((id >= 1616129) AND (id <= 1616138))

table 8 : explain SELECT c FROM sbtest8 WHERE id BETWEEN 7986853 AND 7986862 ORDER BY c
	Sort  (cost=40.14..40.17 rows=10 width=121)
	  Sort Key: c
	  ->  Index Scan using sbtest8_pkey on sbtest8  (cost=0.43..39.98 rows=10 width=121)
	        Index Cond: ((id >= 7986853) AND (id <= 7986862))

for index_updates
table 1 : explain UPDATE sbtest1 SET k=k+1 WHERE id=5002441
	Update on sbtest1  (cost=0.43..8.46 rows=0 width=0)
	  ->  Index Scan using sbtest1_pkey on sbtest1  (cost=0.43..8.46 rows=1 width=10)
	        Index Cond: (id = 5002441)

table 2 : explain UPDATE sbtest2 SET k=k+1 WHERE id=4114255
	Update on sbtest2  (cost=0.43..8.46 rows=0 width=0)
	  ->  Index Scan using sbtest2_pkey on sbtest2  (cost=0.43..8.46 rows=1 width=10)
	        Index Cond: (id = 4114255)

table 3 : explain UPDATE sbtest3 SET k=k+1 WHERE id=9711512
	Update on sbtest3  (cost=0.43..8.46 rows=0 width=0)
	  ->  Index Scan using sbtest3_pkey on sbtest3  (cost=0.43..8.46 rows=1 width=10)
	        Index Cond: (id = 9711512)

table 4 : explain UPDATE sbtest4 SET k=k+1 WHERE id=2648449
	Update on sbtest4  (cost=0.43..8.46 rows=0 width=0)
	  ->  Index Scan using sbtest4_pkey on sbtest4  (cost=0.43..8.46 rows=1 width=10)
	        Index Cond: (id = 2648449)

table 5 : explain UPDATE sbtest5 SET k=k+1 WHERE id=9984447
	Update on sbtest5  (cost=0.43..8.46 rows=0 width=0)
	  ->  Index Scan using sbtest5_pkey on sbtest5  (cost=0.43..8.46 rows=1 width=10)
	        Index Cond: (id = 9984447)

table 6 : explain UPDATE sbtest6 SET k=k+1 WHERE id=8282044
	Update on sbtest6  (cost=0.43..8.46 rows=0 width=0)
	  ->  Index Scan using sbtest6_pkey on sbtest6  (cost=0.43..8.46 rows=1 width=10)
	        Index Cond: (id = 8282044)

table 7 : explain UPDATE sbtest7 SET k=k+1 WHERE id=9401028
	Update on sbtest7  (cost=0.43..8.46 rows=0 width=0)
	  ->  Index Scan using sbtest7_pkey on sbtest7  (cost=0.43..8.46 rows=1 width=10)
	        Index Cond: (id = 9401028)

table 8 : explain UPDATE sbtest8 SET k=k+1 WHERE id=8225803
	Update on sbtest8  (cost=0.43..8.46 rows=0 width=0)
	  ->  Index Scan using sbtest8_pkey on sbtest8  (cost=0.43..8.46 rows=1 width=10)
	        Index Cond: (id = 8225803)

for index_updates
table 1 : explain UPDATE sbtest1 SET k=k+1 WHERE id=4390589
	Update on sbtest1  (cost=0.43..8.46 rows=0 width=0)
	  ->  Index Scan using sbtest1_pkey on sbtest1  (cost=0.43..8.46 rows=1 width=10)
	        Index Cond: (id = 4390589)

table 2 : explain UPDATE sbtest2 SET k=k+1 WHERE id=8186193
	Update on sbtest2  (cost=0.43..8.46 rows=0 width=0)
	  ->  Index Scan using sbtest2_pkey on sbtest2  (cost=0.43..8.46 rows=1 width=10)
	        Index Cond: (id = 8186193)

table 3 : explain UPDATE sbtest3 SET k=k+1 WHERE id=6167553
	Update on sbtest3  (cost=0.43..8.46 rows=0 width=0)
	  ->  Index Scan using sbtest3_pkey on sbtest3  (cost=0.43..8.46 rows=1 width=10)
	        Index Cond: (id = 6167553)

table 4 : explain UPDATE sbtest4 SET k=k+1 WHERE id=4690992
	Update on sbtest4  (cost=0.43..8.46 rows=0 width=0)
	  ->  Index Scan using sbtest4_pkey on sbtest4  (cost=0.43..8.46 rows=1 width=10)
	        Index Cond: (id = 4690992)

table 5 : explain UPDATE sbtest5 SET k=k+1 WHERE id=5757466
	Update on sbtest5  (cost=0.43..8.46 rows=0 width=0)
	  ->  Index Scan using sbtest5_pkey on sbtest5  (cost=0.43..8.46 rows=1 width=10)
	        Index Cond: (id = 5757466)

table 6 : explain UPDATE sbtest6 SET k=k+1 WHERE id=7738636
	Update on sbtest6  (cost=0.43..8.46 rows=0 width=0)
	  ->  Index Scan using sbtest6_pkey on sbtest6  (cost=0.43..8.46 rows=1 width=10)
	        Index Cond: (id = 7738636)

table 7 : explain UPDATE sbtest7 SET k=k+1 WHERE id=2332060
	Update on sbtest7  (cost=0.43..8.46 rows=0 width=0)
	  ->  Index Scan using sbtest7_pkey on sbtest7  (cost=0.43..8.46 rows=1 width=10)
	        Index Cond: (id = 2332060)

table 8 : explain UPDATE sbtest8 SET k=k+1 WHERE id=1207024
	Update on sbtest8  (cost=0.43..8.46 rows=0 width=0)
	  ->  Index Scan using sbtest8_pkey on sbtest8  (cost=0.43..8.46 rows=1 width=10)
	        Index Cond: (id = 1207024)

explain: for point_selects :: explain SELECT c FROM sbtest%u WHERE id=%u
explain: for non_index_updates :: explain UPDATE sbtest%u SET c='foobar' WHERE id=%u
explain: for index_updates :: explain UPDATE sbtest%u SET k=k+1 WHERE id=%u
for: distinct_ranges
table 1 : explain SELECT DISTINCT c FROM sbtest1 WHERE id BETWEEN 7364709 AND 7364718 ORDER BY c
	Unique  (cost=41.13..41.18 rows=10 width=121)
	  ->  Sort  (cost=41.13..41.15 rows=10 width=121)
	        Sort Key: c
	        ->  Index Scan using sbtest1_pkey on sbtest1  (cost=0.43..40.96 rows=10 width=121)
	              Index Cond: ((id >= 7364709) AND (id <= 7364718))

table 2 : explain SELECT DISTINCT c FROM sbtest2 WHERE id BETWEEN 9004456 AND 9004465 ORDER BY c
	Unique  (cost=41.09..41.14 rows=10 width=121)
	  ->  Sort  (cost=41.09..41.12 rows=10 width=121)
	        Sort Key: c
	        ->  Index Scan using sbtest2_pkey on sbtest2  (cost=0.43..40.93 rows=10 width=121)
	              Index Cond: ((id >= 9004456) AND (id <= 9004465))

table 3 : explain SELECT DISTINCT c FROM sbtest3 WHERE id BETWEEN 7407657 AND 7407666 ORDER BY c
	Unique  (cost=41.39..41.44 rows=10 width=121)
	  ->  Sort  (cost=41.39..41.42 rows=10 width=121)
	        Sort Key: c
	        ->  Index Scan using sbtest3_pkey on sbtest3  (cost=0.43..41.23 rows=10 width=121)
	              Index Cond: ((id >= 7407657) AND (id <= 7407666))

table 4 : explain SELECT DISTINCT c FROM sbtest4 WHERE id BETWEEN 8655938 AND 8655947 ORDER BY c
	Unique  (cost=44.86..44.92 rows=11 width=121)
	  ->  Sort  (cost=44.86..44.89 rows=11 width=121)
	        Sort Key: c
	        ->  Index Scan using sbtest4_pkey on sbtest4  (cost=0.43..44.67 rows=11 width=121)
	              Index Cond: ((id >= 8655938) AND (id <= 8655947))

table 5 : explain SELECT DISTINCT c FROM sbtest5 WHERE id BETWEEN 8271524 AND 8271533 ORDER BY c
	Unique  (cost=40.56..40.61 rows=10 width=121)
	  ->  Sort  (cost=40.56..40.58 rows=10 width=121)
	        Sort Key: c
	        ->  Index Scan using sbtest5_pkey on sbtest5  (cost=0.43..40.39 rows=10 width=121)
	              Index Cond: ((id >= 8271524) AND (id <= 8271533))

table 6 : explain SELECT DISTINCT c FROM sbtest6 WHERE id BETWEEN 689462 AND 689471 ORDER BY c
	Unique  (cost=40.26..40.31 rows=10 width=121)
	  ->  Sort  (cost=40.26..40.28 rows=10 width=121)
	        Sort Key: c
	        ->  Index Scan using sbtest6_pkey on sbtest6  (cost=0.43..40.09 rows=10 width=121)
	              Index Cond: ((id >= 689462) AND (id <= 689471))

table 7 : explain SELECT DISTINCT c FROM sbtest7 WHERE id BETWEEN 4795370 AND 4795379 ORDER BY c
	Unique  (cost=36.39..36.43 rows=9 width=121)
	  ->  Sort  (cost=36.39..36.41 rows=9 width=121)
	        Sort Key: c
	        ->  Index Scan using sbtest7_pkey on sbtest7  (cost=0.43..36.25 rows=9 width=121)
	              Index Cond: ((id >= 4795370) AND (id <= 4795379))

table 8 : explain SELECT DISTINCT c FROM sbtest8 WHERE id BETWEEN 4578477 AND 4578486 ORDER BY c
	Unique  (cost=40.14..40.19 rows=10 width=121)
	  ->  Sort  (cost=40.14..40.17 rows=10 width=121)
	        Sort Key: c
	        ->  Index Scan using sbtest8_pkey on sbtest8  (cost=0.43..39.98 rows=10 width=121)
	              Index Cond: ((id >= 4578477) AND (id <= 4578486))

for: distinct_ranges
table 1 : explain SELECT DISTINCT c FROM sbtest1 WHERE id BETWEEN 2637975 AND 2637984 ORDER BY c
	Unique  (cost=41.13..41.18 rows=10 width=121)
	  ->  Sort  (cost=41.13..41.15 rows=10 width=121)
	        Sort Key: c
	        ->  Index Scan using sbtest1_pkey on sbtest1  (cost=0.43..40.96 rows=10 width=121)
	              Index Cond: ((id >= 2637975) AND (id <= 2637984))

table 2 : explain SELECT DISTINCT c FROM sbtest2 WHERE id BETWEEN 6282918 AND 6282927 ORDER BY c
	Unique  (cost=37.46..37.51 rows=9 width=121)
	  ->  Sort  (cost=37.46..37.48 rows=9 width=121)
	        Sort Key: c
	        ->  Index Scan using sbtest2_pkey on sbtest2  (cost=0.43..37.32 rows=9 width=121)
	              Index Cond: ((id >= 6282918) AND (id <= 6282927))

table 3 : explain SELECT DISTINCT c FROM sbtest3 WHERE id BETWEEN 4954255 AND 4954264 ORDER BY c
	Unique  (cost=41.39..41.44 rows=10 width=121)
	  ->  Sort  (cost=41.39..41.42 rows=10 width=121)
	        Sort Key: c
	        ->  Index Scan using sbtest3_pkey on sbtest3  (cost=0.43..41.23 rows=10 width=121)
	              Index Cond: ((id >= 4954255) AND (id <= 4954264))

table 4 : explain SELECT DISTINCT c FROM sbtest4 WHERE id BETWEEN 3794613 AND 3794622 ORDER BY c
	Unique  (cost=41.22..41.27 rows=10 width=121)
	  ->  Sort  (cost=41.22..41.24 rows=10 width=121)
	        Sort Key: c
	        ->  Index Scan using sbtest4_pkey on sbtest4  (cost=0.43..41.05 rows=10 width=121)
	              Index Cond: ((id >= 3794613) AND (id <= 3794622))

table 5 : explain SELECT DISTINCT c FROM sbtest5 WHERE id BETWEEN 6519542 AND 6519551 ORDER BY c
	Unique  (cost=36.99..37.03 rows=9 width=121)
	  ->  Sort  (cost=36.99..37.01 rows=9 width=121)
	        Sort Key: c
	        ->  Index Scan using sbtest5_pkey on sbtest5  (cost=0.43..36.85 rows=9 width=121)
	              Index Cond: ((id >= 6519542) AND (id <= 6519551))

table 6 : explain SELECT DISTINCT c FROM sbtest6 WHERE id BETWEEN 8690928 AND 8690937 ORDER BY c
	Unique  (cost=40.26..40.31 rows=10 width=121)
	  ->  Sort  (cost=40.26..40.28 rows=10 width=121)
	        Sort Key: c
	        ->  Index Scan using sbtest6_pkey on sbtest6  (cost=0.43..40.09 rows=10 width=121)
	              Index Cond: ((id >= 8690928) AND (id <= 8690937))

table 7 : explain SELECT DISTINCT c FROM sbtest7 WHERE id BETWEEN 2473072 AND 2473081 ORDER BY c
	Unique  (cost=39.89..39.94 rows=10 width=121)
	  ->  Sort  (cost=39.89..39.91 rows=10 width=121)
	        Sort Key: c
	        ->  Index Scan using sbtest7_pkey on sbtest7  (cost=0.43..39.72 rows=10 width=121)
	              Index Cond: ((id >= 2473072) AND (id <= 2473081))

table 8 : explain SELECT DISTINCT c FROM sbtest8 WHERE id BETWEEN 719909 AND 719918 ORDER BY c
	Unique  (cost=36.62..36.66 rows=9 width=121)
	  ->  Sort  (cost=36.62..36.64 rows=9 width=121)
	        Sort Key: c
	        ->  Index Scan using sbtest8_pkey on sbtest8  (cost=0.43..36.47 rows=9 width=121)
	              Index Cond: ((id >= 719909) AND (id <= 719918))

for: distinct_ranges
table 1 : explain SELECT DISTINCT c FROM sbtest1 WHERE id BETWEEN 6909007 AND 6909016 ORDER BY c
	Unique  (cost=41.13..41.18 rows=10 width=121)
	  ->  Sort  (cost=41.13..41.15 rows=10 width=121)
	        Sort Key: c
	        ->  Index Scan using sbtest1_pkey on sbtest1  (cost=0.43..40.96 rows=10 width=121)
	              Index Cond: ((id >= 6909007) AND (id <= 6909016))

table 2 : explain SELECT DISTINCT c FROM sbtest2 WHERE id BETWEEN 4283114 AND 4283123 ORDER BY c
	Unique  (cost=41.09..41.14 rows=10 width=121)
	  ->  Sort  (cost=41.09..41.12 rows=10 width=121)
	        Sort Key: c
	        ->  Index Scan using sbtest2_pkey on sbtest2  (cost=0.43..40.93 rows=10 width=121)
	              Index Cond: ((id >= 4283114) AND (id <= 4283123))

table 3 : explain SELECT DISTINCT c FROM sbtest3 WHERE id BETWEEN 8607618 AND 8607627 ORDER BY c
	Unique  (cost=45.06..45.11 rows=11 width=121)
	  ->  Sort  (cost=45.06..45.08 rows=11 width=121)
	        Sort Key: c
	        ->  Index Scan using sbtest3_pkey on sbtest3  (cost=0.43..44.87 rows=11 width=121)
	              Index Cond: ((id >= 8607618) AND (id <= 8607627))

table 4 : explain SELECT DISTINCT c FROM sbtest4 WHERE id BETWEEN 1355441 AND 1355450 ORDER BY c
	Unique  (cost=41.22..41.27 rows=10 width=121)
	  ->  Sort  (cost=41.22..41.24 rows=10 width=121)
	        Sort Key: c
	        ->  Index Scan using sbtest4_pkey on sbtest4  (cost=0.43..41.05 rows=10 width=121)
	              Index Cond: ((id >= 1355441) AND (id <= 1355450))

table 5 : explain SELECT DISTINCT c FROM sbtest5 WHERE id BETWEEN 1205573 AND 1205582 ORDER BY c
	Unique  (cost=44.13..44.19 rows=11 width=121)
	  ->  Sort  (cost=44.13..44.16 rows=11 width=121)
	        Sort Key: c
	        ->  Index Scan using sbtest5_pkey on sbtest5  (cost=0.43..43.94 rows=11 width=121)
	              Index Cond: ((id >= 1205573) AND (id <= 1205582))

table 6 : explain SELECT DISTINCT c FROM sbtest6 WHERE id BETWEEN 1047060 AND 1047069 ORDER BY c
	Unique  (cost=36.72..36.76 rows=9 width=121)
	  ->  Sort  (cost=36.72..36.74 rows=9 width=121)
	        Sort Key: c
	        ->  Index Scan using sbtest6_pkey on sbtest6  (cost=0.43..36.58 rows=9 width=121)
	              Index Cond: ((id >= 1047060) AND (id <= 1047069))

table 7 : explain SELECT DISTINCT c FROM sbtest7 WHERE id BETWEEN 2775349 AND 2775358 ORDER BY c
	Unique  (cost=36.39..36.43 rows=9 width=121)
	  ->  Sort  (cost=36.39..36.41 rows=9 width=121)
	        Sort Key: c
	        ->  Index Scan using sbtest7_pkey on sbtest7  (cost=0.43..36.25 rows=9 width=121)
	              Index Cond: ((id >= 2775349) AND (id <= 2775358))

table 8 : explain SELECT DISTINCT c FROM sbtest8 WHERE id BETWEEN 4122755 AND 4122764 ORDER BY c
	Unique  (cost=40.14..40.19 rows=10 width=121)
	  ->  Sort  (cost=40.14..40.17 rows=10 width=121)
	        Sort Key: c
	        ->  Index Scan using sbtest8_pkey on sbtest8  (cost=0.43..39.98 rows=10 width=121)
	              Index Cond: ((id >= 4122755) AND (id <= 4122764))

for: order_ranges
table 1 : explain SELECT c FROM sbtest1 WHERE id BETWEEN 7020908 AND 7020917 ORDER BY c
	Sort  (cost=41.13..41.15 rows=10 width=121)
	  Sort Key: c
	  ->  Index Scan using sbtest1_pkey on sbtest1  (cost=0.43..40.96 rows=10 width=121)
	        Index Cond: ((id >= 7020908) AND (id <= 7020917))

table 2 : explain SELECT c FROM sbtest2 WHERE id BETWEEN 845392 AND 845401 ORDER BY c
	Sort  (cost=37.46..37.48 rows=9 width=121)
	  Sort Key: c
	  ->  Index Scan using sbtest2_pkey on sbtest2  (cost=0.43..37.32 rows=9 width=121)
	        Index Cond: ((id >= 845392) AND (id <= 845401))

table 3 : explain SELECT c FROM sbtest3 WHERE id BETWEEN 8842199 AND 8842208 ORDER BY c
	Sort  (cost=41.39..41.42 rows=10 width=121)
	  Sort Key: c
	  ->  Index Scan using sbtest3_pkey on sbtest3  (cost=0.43..41.23 rows=10 width=121)
	        Index Cond: ((id >= 8842199) AND (id <= 8842208))

table 4 : explain SELECT c FROM sbtest4 WHERE id BETWEEN 1488582 AND 1488591 ORDER BY c
	Sort  (cost=41.22..41.24 rows=10 width=121)
	  Sort Key: c
	  ->  Index Scan using sbtest4_pkey on sbtest4  (cost=0.43..41.05 rows=10 width=121)
	        Index Cond: ((id >= 1488582) AND (id <= 1488591))

table 5 : explain SELECT c FROM sbtest5 WHERE id BETWEEN 4789142 AND 4789151 ORDER BY c
	Sort  (cost=36.99..37.01 rows=9 width=121)
	  Sort Key: c
	  ->  Index Scan using sbtest5_pkey on sbtest5  (cost=0.43..36.85 rows=9 width=121)
	        Index Cond: ((id >= 4789142) AND (id <= 4789151))

table 6 : explain SELECT c FROM sbtest6 WHERE id BETWEEN 5745262 AND 5745271 ORDER BY c
	Sort  (cost=40.26..40.28 rows=10 width=121)
	  Sort Key: c
	  ->  Index Scan using sbtest6_pkey on sbtest6  (cost=0.43..40.09 rows=10 width=121)
	        Index Cond: ((id >= 5745262) AND (id <= 5745271))

table 7 : explain SELECT c FROM sbtest7 WHERE id BETWEEN 347060 AND 347069 ORDER BY c
	Sort  (cost=39.89..39.91 rows=10 width=121)
	  Sort Key: c
	  ->  Index Scan using sbtest7_pkey on sbtest7  (cost=0.43..39.72 rows=10 width=121)
	        Index Cond: ((id >= 347060) AND (id <= 347069))

table 8 : explain SELECT c FROM sbtest8 WHERE id BETWEEN 8931561 AND 8931570 ORDER BY c
	Sort  (cost=40.14..40.17 rows=10 width=121)
	  Sort Key: c
	  ->  Index Scan using sbtest8_pkey on sbtest8  (cost=0.43..39.98 rows=10 width=121)
	        Index Cond: ((id >= 8931561) AND (id <= 8931570))

explain: for point_selects :: explain SELECT c FROM sbtest%u WHERE id=%u
for point_selects
table 1 : explain SELECT c FROM sbtest1 WHERE id=9178836
	Index Scan using sbtest1_pkey on sbtest1  (cost=0.43..8.45 rows=1 width=121)
	  Index Cond: (id = 9178836)

table 2 : explain SELECT c FROM sbtest2 WHERE id=2717489
	Index Scan using sbtest2_pkey on sbtest2  (cost=0.43..8.45 rows=1 width=121)
	  Index Cond: (id = 2717489)

table 3 : explain SELECT c FROM sbtest3 WHERE id=4931097
	Index Scan using sbtest3_pkey on sbtest3  (cost=0.43..8.45 rows=1 width=121)
	  Index Cond: (id = 4931097)

table 4 : explain SELECT c FROM sbtest4 WHERE id=1600203
	Index Scan using sbtest4_pkey on sbtest4  (cost=0.43..8.45 rows=1 width=121)
	  Index Cond: (id = 1600203)

table 5 : explain SELECT c FROM sbtest5 WHERE id=7607086
	Index Scan using sbtest5_pkey on sbtest5  (cost=0.43..8.45 rows=1 width=121)
	  Index Cond: (id = 7607086)

table 6 : explain SELECT c FROM sbtest6 WHERE id=539839
	Index Scan using sbtest6_pkey on sbtest6  (cost=0.43..8.45 rows=1 width=121)
	  Index Cond: (id = 539839)

table 7 : explain SELECT c FROM sbtest7 WHERE id=8097070
	Index Scan using sbtest7_pkey on sbtest7  (cost=0.43..8.45 rows=1 width=121)
	  Index Cond: (id = 8097070)

table 8 : explain SELECT c FROM sbtest8 WHERE id=8799250
	Index Scan using sbtest8_pkey on sbtest8  (cost=0.43..8.45 rows=1 width=121)
	  Index Cond: (id = 8799250)
explain: for non_index_updates :: explain UPDATE sbtest%u SET c='foobar' WHERE id=%u

explain: for point_selects :: explain SELECT c FROM sbtest%u WHERE id=%u
explain: for point_selects :: explain SELECT c FROM sbtest%u WHERE id=%u
explain: for index_updates :: explain UPDATE sbtest%u SET k=k+1 WHERE id=%u
for point_selects
table 1 : explain SELECT c FROM sbtest1 WHERE id=5128535
	Index Scan using sbtest1_pkey on sbtest1  (cost=0.43..8.45 rows=1 width=121)
	  Index Cond: (id = 5128535)

table 2 : explain SELECT c FROM sbtest2 WHERE id=4813606
	Index Scan using sbtest2_pkey on sbtest2  (cost=0.43..8.45 rows=1 width=121)
	  Index Cond: (id = 4813606)

table 3 : explain SELECT c FROM sbtest3 WHERE id=7401055
	Index Scan using sbtest3_pkey on sbtest3  (cost=0.43..8.45 rows=1 width=121)
	  Index Cond: (id = 7401055)

table 4 : explain SELECT c FROM sbtest4 WHERE id=8744626
	Index Scan using sbtest4_pkey on sbtest4  (cost=0.43..8.45 rows=1 width=121)
	  Index Cond: (id = 8744626)

table 5 : explain SELECT c FROM sbtest5 WHERE id=7158241
	Index Scan using sbtest5_pkey on sbtest5  (cost=0.43..8.45 rows=1 width=121)
	  Index Cond: (id = 7158241)

table 6 : explain SELECT c FROM sbtest6 WHERE id=4273913
	Index Scan using sbtest6_pkey on sbtest6  (cost=0.43..8.45 rows=1 width=121)
	  Index Cond: (id = 4273913)

table 7 : explain SELECT c FROM sbtest7 WHERE id=3172934
	Index Scan using sbtest7_pkey on sbtest7  (cost=0.43..8.45 rows=1 width=121)
	  Index Cond: (id = 3172934)

table 8 : explain SELECT c FROM sbtest8 WHERE id=8473952
	Index Scan using sbtest8_pkey on sbtest8  (cost=0.43..8.45 rows=1 width=121)
	  Index Cond: (id = 8473952)

explain: for index_updates :: explain UPDATE sbtest%u SET k=k+1 WHERE id=%u
explain: for index_updates :: explain UPDATE sbtest%u SET k=k+1 WHERE id=%u
for inserts
table 1 : explain INSERT INTO sbtest1 (id, k, c, pad) VALUES (2419950, 13, 'foobar', 'foobar')
	Insert on sbtest1  (cost=0.00..0.01 rows=0 width=0)
	  ->  Result  (cost=0.00..0.01 rows=1 width=736)

table 2 : explain INSERT INTO sbtest2 (id, k, c, pad) VALUES (7235881, 13, 'foobar', 'foobar')
	Insert on sbtest2  (cost=0.00..0.01 rows=0 width=0)
	  ->  Result  (cost=0.00..0.01 rows=1 width=736)

table 3 : explain INSERT INTO sbtest3 (id, k, c, pad) VALUES (9822384, 13, 'foobar', 'foobar')
	Insert on sbtest3  (cost=0.00..0.01 rows=0 width=0)
	  ->  Result  (cost=0.00..0.01 rows=1 width=736)

table 4 : explain INSERT INTO sbtest4 (id, k, c, pad) VALUES (8387517, 13, 'foobar', 'foobar')
	Insert on sbtest4  (cost=0.00..0.01 rows=0 width=0)
	  ->  Result  (cost=0.00..0.01 rows=1 width=736)

table 5 : explain INSERT INTO sbtest5 (id, k, c, pad) VALUES (7977553, 13, 'foobar', 'foobar')
	Insert on sbtest5  (cost=0.00..0.01 rows=0 width=0)
	  ->  Result  (cost=0.00..0.01 rows=1 width=736)

table 6 : explain INSERT INTO sbtest6 (id, k, c, pad) VALUES (8707731, 13, 'foobar', 'foobar')
	Insert on sbtest6  (cost=0.00..0.01 rows=0 width=0)
	  ->  Result  (cost=0.00..0.01 rows=1 width=736)

table 7 : explain INSERT INTO sbtest7 (id, k, c, pad) VALUES (7315859, 13, 'foobar', 'foobar')
	Insert on sbtest7  (cost=0.00..0.01 rows=0 width=0)
	  ->  Result  (cost=0.00..0.01 rows=1 width=736)

table 8 : explain INSERT INTO sbtest8 (id, k, c, pad) VALUES (4045008, 13, 'foobar', 'foobar')
	Insert on sbtest8  (cost=0.00..0.01 rows=0 width=0)
	  ->  Result  (cost=0.00..0.01 rows=1 width=736)

for non_index_updates
table 1 : explain UPDATE sbtest1 SET c='foobar' WHERE id=9092134
	Update on sbtest1  (cost=0.43..8.45 rows=0 width=0)
	  ->  Index Scan using sbtest1_pkey on sbtest1  (cost=0.43..8.45 rows=1 width=490)
	        Index Cond: (id = 9092134)

table 2 : explain UPDATE sbtest2 SET c='foobar' WHERE id=5689673
	Update on sbtest2  (cost=0.43..8.45 rows=0 width=0)
	  ->  Index Scan using sbtest2_pkey on sbtest2  (cost=0.43..8.45 rows=1 width=490)
	        Index Cond: (id = 5689673)

table 3 : explain UPDATE sbtest3 SET c='foobar' WHERE id=2554957
	Update on sbtest3  (cost=0.43..8.45 rows=0 width=0)
	  ->  Index Scan using sbtest3_pkey on sbtest3  (cost=0.43..8.45 rows=1 width=490)
	        Index Cond: (id = 2554957)

table 4 : explain UPDATE sbtest4 SET c='foobar' WHERE id=2871904
	Update on sbtest4  (cost=0.43..8.45 rows=0 width=0)
	  ->  Index Scan using sbtest4_pkey on sbtest4  (cost=0.43..8.45 rows=1 width=490)
	        Index Cond: (id = 2871904)

table 5 : explain UPDATE sbtest5 SET c='foobar' WHERE id=4972540
	Update on sbtest5  (cost=0.43..8.45 rows=0 width=0)
	  ->  Index Scan using sbtest5_pkey on sbtest5  (cost=0.43..8.45 rows=1 width=490)
	        Index Cond: (id = 4972540)

table 6 : explain UPDATE sbtest6 SET c='foobar' WHERE id=9753246
	Update on sbtest6  (cost=0.43..8.45 rows=0 width=0)
	  ->  Index Scan using sbtest6_pkey on sbtest6  (cost=0.43..8.45 rows=1 width=490)
	        Index Cond: (id = 9753246)

table 7 : explain UPDATE sbtest7 SET c='foobar' WHERE id=4671227
	Update on sbtest7  (cost=0.43..8.45 rows=0 width=0)
	  ->  Index Scan using sbtest7_pkey on sbtest7  (cost=0.43..8.45 rows=1 width=490)
	        Index Cond: (id = 4671227)

table 8 : explain UPDATE sbtest8 SET c='foobar' WHERE id=9733525
	Update on sbtest8  (cost=0.43..8.45 rows=0 width=0)
	  ->  Index Scan using sbtest8_pkey on sbtest8  (cost=0.43..8.45 rows=1 width=490)
	        Index Cond: (id = 9733525)

for non_index_updates
table 1 : explain UPDATE sbtest1 SET c='foobar' WHERE id=4464634
	Update on sbtest1  (cost=0.43..8.45 rows=0 width=0)
	  ->  Index Scan using sbtest1_pkey on sbtest1  (cost=0.43..8.45 rows=1 width=490)
	        Index Cond: (id = 4464634)

table 2 : explain UPDATE sbtest2 SET c='foobar' WHERE id=5186678
	Update on sbtest2  (cost=0.43..8.45 rows=0 width=0)
	  ->  Index Scan using sbtest2_pkey on sbtest2  (cost=0.43..8.45 rows=1 width=490)
	        Index Cond: (id = 5186678)

table 3 : explain UPDATE sbtest3 SET c='foobar' WHERE id=4763314
	Update on sbtest3  (cost=0.43..8.45 rows=0 width=0)
	  ->  Index Scan using sbtest3_pkey on sbtest3  (cost=0.43..8.45 rows=1 width=490)
	        Index Cond: (id = 4763314)

table 4 : explain UPDATE sbtest4 SET c='foobar' WHERE id=7835961
	Update on sbtest4  (cost=0.43..8.45 rows=0 width=0)
	  ->  Index Scan using sbtest4_pkey on sbtest4  (cost=0.43..8.45 rows=1 width=490)
	        Index Cond: (id = 7835961)

table 5 : explain UPDATE sbtest5 SET c='foobar' WHERE id=8221633
	Update on sbtest5  (cost=0.43..8.45 rows=0 width=0)
	  ->  Index Scan using sbtest5_pkey on sbtest5  (cost=0.43..8.45 rows=1 width=490)
	        Index Cond: (id = 8221633)

table 6 : explain UPDATE sbtest6 SET c='foobar' WHERE id=8110837
	Update on sbtest6  (cost=0.43..8.45 rows=0 width=0)
	  ->  Index Scan using sbtest6_pkey on sbtest6  (cost=0.43..8.45 rows=1 width=490)
	        Index Cond: (id = 8110837)

table 7 : explain UPDATE sbtest7 SET c='foobar' WHERE id=9357867
	Update on sbtest7  (cost=0.43..8.45 rows=0 width=0)
	  ->  Index Scan using sbtest7_pkey on sbtest7  (cost=0.43..8.45 rows=1 width=490)
	        Index Cond: (id = 9357867)

table 8 : explain UPDATE sbtest8 SET c='foobar' WHERE id=2729026
	Update on sbtest8  (cost=0.43..8.45 rows=0 width=0)
	  ->  Index Scan using sbtest8_pkey on sbtest8  (cost=0.43..8.45 rows=1 width=490)
	        Index Cond: (id = 2729026)

for point_selects
table 1 : explain SELECT c FROM sbtest1 WHERE id=4157719
	Index Scan using sbtest1_pkey on sbtest1  (cost=0.43..8.45 rows=1 width=121)
	  Index Cond: (id = 4157719)

table 2 : explain SELECT c FROM sbtest2 WHERE id=336342
	Index Scan using sbtest2_pkey on sbtest2  (cost=0.43..8.45 rows=1 width=121)
	  Index Cond: (id = 336342)

table 3 : explain SELECT c FROM sbtest3 WHERE id=5533987
	Index Scan using sbtest3_pkey on sbtest3  (cost=0.43..8.45 rows=1 width=121)
	  Index Cond: (id = 5533987)

table 4 : explain SELECT c FROM sbtest4 WHERE id=685835
	Index Scan using sbtest4_pkey on sbtest4  (cost=0.43..8.45 rows=1 width=121)
	  Index Cond: (id = 685835)

table 5 : explain SELECT c FROM sbtest5 WHERE id=8366819
	Index Scan using sbtest5_pkey on sbtest5  (cost=0.43..8.45 rows=1 width=121)
	  Index Cond: (id = 8366819)

table 6 : explain SELECT c FROM sbtest6 WHERE id=867533
	Index Scan using sbtest6_pkey on sbtest6  (cost=0.43..8.45 rows=1 width=121)
	  Index Cond: (id = 867533)

table 7 : explain SELECT c FROM sbtest7 WHERE id=8493650
	Index Scan using sbtest7_pkey on sbtest7  (cost=0.43..8.45 rows=1 width=121)
	  Index Cond: (id = 8493650)

table 8 : explain SELECT c FROM sbtest8 WHERE id=1714576
	Index Scan using sbtest8_pkey on sbtest8  (cost=0.43..8.45 rows=1 width=121)
	  Index Cond: (id = 1714576)

for index_updates
table 1 : explain UPDATE sbtest1 SET k=k+1 WHERE id=1146603
	Update on sbtest1  (cost=0.43..8.46 rows=0 width=0)
	  ->  Index Scan using sbtest1_pkey on sbtest1  (cost=0.43..8.46 rows=1 width=10)
	        Index Cond: (id = 1146603)

table 2 : explain UPDATE sbtest2 SET k=k+1 WHERE id=7800483
	Update on sbtest2  (cost=0.43..8.46 rows=0 width=0)
	  ->  Index Scan using sbtest2_pkey on sbtest2  (cost=0.43..8.46 rows=1 width=10)
	        Index Cond: (id = 7800483)

table 3 : explain UPDATE sbtest3 SET k=k+1 WHERE id=4168223
	Update on sbtest3  (cost=0.43..8.46 rows=0 width=0)
	  ->  Index Scan using sbtest3_pkey on sbtest3  (cost=0.43..8.46 rows=1 width=10)
	        Index Cond: (id = 4168223)

table 4 : explain UPDATE sbtest4 SET k=k+1 WHERE id=3753073
	Update on sbtest4  (cost=0.43..8.46 rows=0 width=0)
	  ->  Index Scan using sbtest4_pkey on sbtest4  (cost=0.43..8.46 rows=1 width=10)
	        Index Cond: (id = 3753073)

table 5 : explain UPDATE sbtest5 SET k=k+1 WHERE id=7193167
	Update on sbtest5  (cost=0.43..8.46 rows=0 width=0)
	  ->  Index Scan using sbtest5_pkey on sbtest5  (cost=0.43..8.46 rows=1 width=10)
	        Index Cond: (id = 7193167)

table 6 : explain UPDATE sbtest6 SET k=k+1 WHERE id=2369790
	Update on sbtest6  (cost=0.43..8.46 rows=0 width=0)
	  ->  Index Scan using sbtest6_pkey on sbtest6  (cost=0.43..8.46 rows=1 width=10)
	        Index Cond: (id = 2369790)

table 7 : explain UPDATE sbtest7 SET k=k+1 WHERE id=2997831
	Update on sbtest7  (cost=0.43..8.46 rows=0 width=0)
	  ->  Index Scan using sbtest7_pkey on sbtest7  (cost=0.43..8.46 rows=1 width=10)
	        Index Cond: (id = 2997831)

table 8 : explain UPDATE sbtest8 SET k=k+1 WHERE id=1616922
	Update on sbtest8  (cost=0.43..8.46 rows=0 width=0)
	  ->  Index Scan using sbtest8_pkey on sbtest8  (cost=0.43..8.46 rows=1 width=10)
	        Index Cond: (id = 1616922)

for: sum_ranges
table 1 : explain SELECT SUM(k) FROM sbtest1 WHERE id BETWEEN 3436000 AND 3436009
	Aggregate  (cost=37.37..37.38 rows=1 width=8)
	  ->  Index Scan using sbtest1_pkey on sbtest1  (cost=0.43..37.35 rows=9 width=4)
	        Index Cond: ((id >= 3436000) AND (id <= 3436009))

table 2 : explain SELECT SUM(k) FROM sbtest2 WHERE id BETWEEN 6471829 AND 6471838
	Aggregate  (cost=40.95..40.96 rows=1 width=8)
	  ->  Index Scan using sbtest2_pkey on sbtest2  (cost=0.43..40.93 rows=10 width=4)
	        Index Cond: ((id >= 6471829) AND (id <= 6471838))

table 3 : explain SELECT SUM(k) FROM sbtest3 WHERE id BETWEEN 398438 AND 398447
	Aggregate  (cost=41.25..41.26 rows=1 width=8)
	  ->  Index Scan using sbtest3_pkey on sbtest3  (cost=0.43..41.23 rows=10 width=4)
	        Index Cond: ((id >= 398438) AND (id <= 398447))

table 4 : explain SELECT SUM(k) FROM sbtest4 WHERE id BETWEEN 1300428 AND 1300437
	Aggregate  (cost=41.08..41.09 rows=1 width=8)
	  ->  Index Scan using sbtest4_pkey on sbtest4  (cost=0.43..41.05 rows=10 width=4)
	        Index Cond: ((id >= 1300428) AND (id <= 1300437))

table 5 : explain SELECT SUM(k) FROM sbtest5 WHERE id BETWEEN 1101351 AND 1101360
	Aggregate  (cost=43.97..43.98 rows=1 width=8)
	  ->  Index Scan using sbtest5_pkey on sbtest5  (cost=0.43..43.94 rows=11 width=4)
	        Index Cond: ((id >= 1101351) AND (id <= 1101360))

table 6 : explain SELECT SUM(k) FROM sbtest6 WHERE id BETWEEN 3513155 AND 3513164
	Aggregate  (cost=40.12..40.13 rows=1 width=8)
	  ->  Index Scan using sbtest6_pkey on sbtest6  (cost=0.43..40.09 rows=10 width=4)
	        Index Cond: ((id >= 3513155) AND (id <= 3513164))

table 7 : explain SELECT SUM(k) FROM sbtest7 WHERE id BETWEEN 3773443 AND 3773452
	Aggregate  (cost=39.74..39.75 rows=1 width=8)
	  ->  Index Scan using sbtest7_pkey on sbtest7  (cost=0.43..39.72 rows=10 width=4)
	        Index Cond: ((id >= 3773443) AND (id <= 3773452))

table 8 : explain SELECT SUM(k) FROM sbtest8 WHERE id BETWEEN 8545256 AND 8545265
	Aggregate  (cost=43.50..43.51 rows=1 width=8)
	  ->  Index Scan using sbtest8_pkey on sbtest8  (cost=0.43..43.48 rows=11 width=4)
	        Index Cond: ((id >= 8545256) AND (id <= 8545265))

explain: for deletes :: explain DELETE FROM sbtest%u WHERE id=%u
for index_updates
table 1 : explain UPDATE sbtest1 SET k=k+1 WHERE id=7818927
	Update on sbtest1  (cost=0.43..8.46 rows=0 width=0)
	  ->  Index Scan using sbtest1_pkey on sbtest1  (cost=0.43..8.46 rows=1 width=10)
	        Index Cond: (id = 7818927)

table 2 : explain UPDATE sbtest2 SET k=k+1 WHERE id=2531138
	Update on sbtest2  (cost=0.43..8.46 rows=0 width=0)
	  ->  Index Scan using sbtest2_pkey on sbtest2  (cost=0.43..8.46 rows=1 width=10)
	        Index Cond: (id = 2531138)

table 3 : explain UPDATE sbtest3 SET k=k+1 WHERE id=6326866
	Update on sbtest3  (cost=0.43..8.46 rows=0 width=0)
	  ->  Index Scan using sbtest3_pkey on sbtest3  (cost=0.43..8.46 rows=1 width=10)
	        Index Cond: (id = 6326866)

table 4 : explain UPDATE sbtest4 SET k=k+1 WHERE id=7727105
	Update on sbtest4  (cost=0.43..8.46 rows=0 width=0)
	  ->  Index Scan using sbtest4_pkey on sbtest4  (cost=0.43..8.46 rows=1 width=10)
	        Index Cond: (id = 7727105)

table 5 : explain UPDATE sbtest5 SET k=k+1 WHERE id=6980252
	Update on sbtest5  (cost=0.43..8.46 rows=0 width=0)
	  ->  Index Scan using sbtest5_pkey on sbtest5  (cost=0.43..8.46 rows=1 width=10)
	        Index Cond: (id = 6980252)

table 6 : explain UPDATE sbtest6 SET k=k+1 WHERE id=7053907
	Update on sbtest6  (cost=0.43..8.46 rows=0 width=0)
	  ->  Index Scan using sbtest6_pkey on sbtest6  (cost=0.43..8.46 rows=1 width=10)
	        Index Cond: (id = 7053907)

table 7 : explain UPDATE sbtest7 SET k=k+1 WHERE id=7270492
	Update on sbtest7  (cost=0.43..8.46 rows=0 width=0)
	  ->  Index Scan using sbtest7_pkey on sbtest7  (cost=0.43..8.46 rows=1 width=10)
	        Index Cond: (id = 7270492)

table 8 : explain UPDATE sbtest8 SET k=k+1 WHERE id=2321445
	Update on sbtest8  (cost=0.43..8.46 rows=0 width=0)
	  ->  Index Scan using sbtest8_pkey on sbtest8  (cost=0.43..8.46 rows=1 width=10)
	        Index Cond: (id = 2321445)

for index_updates
table 1 : explain UPDATE sbtest1 SET k=k+1 WHERE id=6438260
	Update on sbtest1  (cost=0.43..8.46 rows=0 width=0)
	  ->  Index Scan using sbtest1_pkey on sbtest1  (cost=0.43..8.46 rows=1 width=10)
	        Index Cond: (id = 6438260)

table 2 : explain UPDATE sbtest2 SET k=k+1 WHERE id=5578958
	Update on sbtest2  (cost=0.43..8.46 rows=0 width=0)
	  ->  Index Scan using sbtest2_pkey on sbtest2  (cost=0.43..8.46 rows=1 width=10)
	        Index Cond: (id = 5578958)

table 3 : explain UPDATE sbtest3 SET k=k+1 WHERE id=8576714
	Update on sbtest3  (cost=0.43..8.46 rows=0 width=0)
	  ->  Index Scan using sbtest3_pkey on sbtest3  (cost=0.43..8.46 rows=1 width=10)
	        Index Cond: (id = 8576714)

table 4 : explain UPDATE sbtest4 SET k=k+1 WHERE id=7992910
	Update on sbtest4  (cost=0.43..8.46 rows=0 width=0)
	  ->  Index Scan using sbtest4_pkey on sbtest4  (cost=0.43..8.46 rows=1 width=10)
	        Index Cond: (id = 7992910)

table 5 : explain UPDATE sbtest5 SET k=k+1 WHERE id=5025510
	Update on sbtest5  (cost=0.43..8.46 rows=0 width=0)
	  ->  Index Scan using sbtest5_pkey on sbtest5  (cost=0.43..8.46 rows=1 width=10)
	        Index Cond: (id = 5025510)

table 6 : explain UPDATE sbtest6 SET k=k+1 WHERE id=8975327
	Update on sbtest6  (cost=0.43..8.46 rows=0 width=0)
	  ->  Index Scan using sbtest6_pkey on sbtest6  (cost=0.43..8.46 rows=1 width=10)
	        Index Cond: (id = 8975327)

table 7 : explain UPDATE sbtest7 SET k=k+1 WHERE id=5978224
	Update on sbtest7  (cost=0.43..8.46 rows=0 width=0)
	  ->  Index Scan using sbtest7_pkey on sbtest7  (cost=0.43..8.46 rows=1 width=10)
	        Index Cond: (id = 5978224)

table 8 : explain UPDATE sbtest8 SET k=k+1 WHERE id=745215
	Update on sbtest8  (cost=0.43..8.46 rows=0 width=0)
	  ->  Index Scan using sbtest8_pkey on sbtest8  (cost=0.43..8.46 rows=1 width=10)
	        Index Cond: (id = 745215)

explain: for deletes :: explain DELETE FROM sbtest%u WHERE id=%u
for index_updates
table 1 : explain UPDATE sbtest1 SET k=k+1 WHERE id=3492233
	Update on sbtest1  (cost=0.43..8.46 rows=0 width=0)
	  ->  Index Scan using sbtest1_pkey on sbtest1  (cost=0.43..8.46 rows=1 width=10)
	        Index Cond: (id = 3492233)

table 2 : explain UPDATE sbtest2 SET k=k+1 WHERE id=4156107
	Update on sbtest2  (cost=0.43..8.46 rows=0 width=0)
	  ->  Index Scan using sbtest2_pkey on sbtest2  (cost=0.43..8.46 rows=1 width=10)
	        Index Cond: (id = 4156107)

table 3 : explain UPDATE sbtest3 SET k=k+1 WHERE id=2624746
	Update on sbtest3  (cost=0.43..8.46 rows=0 width=0)
	  ->  Index Scan using sbtest3_pkey on sbtest3  (cost=0.43..8.46 rows=1 width=10)
	        Index Cond: (id = 2624746)

table 4 : explain UPDATE sbtest4 SET k=k+1 WHERE id=9225229
	Update on sbtest4  (cost=0.43..8.46 rows=0 width=0)
	  ->  Index Scan using sbtest4_pkey on sbtest4  (cost=0.43..8.46 rows=1 width=10)
	        Index Cond: (id = 9225229)

table 5 : explain UPDATE sbtest5 SET k=k+1 WHERE id=6173689
	Update on sbtest5  (cost=0.43..8.46 rows=0 width=0)
	  ->  Index Scan using sbtest5_pkey on sbtest5  (cost=0.43..8.46 rows=1 width=10)
	        Index Cond: (id = 6173689)

table 6 : explain UPDATE sbtest6 SET k=k+1 WHERE id=5895677
	Update on sbtest6  (cost=0.43..8.46 rows=0 width=0)
	  ->  Index Scan using sbtest6_pkey on sbtest6  (cost=0.43..8.46 rows=1 width=10)
	        Index Cond: (id = 5895677)

table 7 : explain UPDATE sbtest7 SET k=k+1 WHERE id=2399648
	Update on sbtest7  (cost=0.43..8.46 rows=0 width=0)
	  ->  Index Scan using sbtest7_pkey on sbtest7  (cost=0.43..8.46 rows=1 width=10)
	        Index Cond: (id = 2399648)

table 8 : explain UPDATE sbtest8 SET k=k+1 WHERE id=2993557
	Update on sbtest8  (cost=0.43..8.46 rows=0 width=0)
	  ->  Index Scan using sbtest8_pkey on sbtest8  (cost=0.43..8.46 rows=1 width=10)
	        Index Cond: (id = 2993557)

for: sum_ranges
table 1 : explain SELECT SUM(k) FROM sbtest1 WHERE id BETWEEN 4471541 AND 4471550
	Aggregate  (cost=40.98..40.99 rows=1 width=8)
	  ->  Index Scan using sbtest1_pkey on sbtest1  (cost=0.43..40.96 rows=10 width=4)
	        Index Cond: ((id >= 4471541) AND (id <= 4471550))

table 2 : explain SELECT SUM(k) FROM sbtest2 WHERE id BETWEEN 9095712 AND 9095721
	Aggregate  (cost=37.34..37.35 rows=1 width=8)
	  ->  Index Scan using sbtest2_pkey on sbtest2  (cost=0.43..37.32 rows=9 width=4)
	        Index Cond: ((id >= 9095712) AND (id <= 9095721))

table 3 : explain SELECT SUM(k) FROM sbtest3 WHERE id BETWEEN 8610077 AND 8610086
	Aggregate  (cost=44.89..44.90 rows=1 width=8)
	  ->  Index Scan using sbtest3_pkey on sbtest3  (cost=0.43..44.87 rows=11 width=4)
	        Index Cond: ((id >= 8610077) AND (id <= 8610086))

table 4 : explain SELECT SUM(k) FROM sbtest4 WHERE id BETWEEN 2394517 AND 2394526
	Aggregate  (cost=41.08..41.09 rows=1 width=8)
	  ->  Index Scan using sbtest4_pkey on sbtest4  (cost=0.43..41.05 rows=10 width=4)
	        Index Cond: ((id >= 2394517) AND (id <= 2394526))

table 5 : explain SELECT SUM(k) FROM sbtest5 WHERE id BETWEEN 3453303 AND 3453312
	Aggregate  (cost=40.42..40.43 rows=1 width=8)
	  ->  Index Scan using sbtest5_pkey on sbtest5  (cost=0.43..40.39 rows=10 width=4)
	        Index Cond: ((id >= 3453303) AND (id <= 3453312))

table 6 : explain SELECT SUM(k) FROM sbtest6 WHERE id BETWEEN 9869644 AND 9869653
	Aggregate  (cost=40.12..40.13 rows=1 width=8)
	  ->  Index Scan using sbtest6_pkey on sbtest6  (cost=0.43..40.09 rows=10 width=4)
	        Index Cond: ((id >= 9869644) AND (id <= 9869653))

table 7 : explain SELECT SUM(k) FROM sbtest7 WHERE id BETWEEN 3257539 AND 3257548
	Aggregate  (cost=39.74..39.75 rows=1 width=8)
	  ->  Index Scan using sbtest7_pkey on sbtest7  (cost=0.43..39.72 rows=10 width=4)
	        Index Cond: ((id >= 3257539) AND (id <= 3257548))

table 8 : explain SELECT SUM(k) FROM sbtest8 WHERE id BETWEEN 9969820 AND 9969829
	Aggregate  (cost=40.00..40.01 rows=1 width=8)
	  ->  Index Scan using sbtest8_pkey on sbtest8  (cost=0.43..39.98 rows=10 width=4)
	        Index Cond: ((id >= 9969820) AND (id <= 9969829))

for: order_ranges
table 1 : explain SELECT c FROM sbtest1 WHERE id BETWEEN 9099406 AND 9099415 ORDER BY c
	Sort  (cost=41.13..41.15 rows=10 width=121)
	  Sort Key: c
	  ->  Index Scan using sbtest1_pkey on sbtest1  (cost=0.43..40.96 rows=10 width=121)
	        Index Cond: ((id >= 9099406) AND (id <= 9099415))

table 2 : explain SELECT c FROM sbtest2 WHERE id BETWEEN 7580480 AND 7580489 ORDER BY c
	Sort  (cost=41.09..41.12 rows=10 width=121)
	  Sort Key: c
	  ->  Index Scan using sbtest2_pkey on sbtest2  (cost=0.43..40.93 rows=10 width=121)
	        Index Cond: ((id >= 7580480) AND (id <= 7580489))

table 3 : explain SELECT c FROM sbtest3 WHERE id BETWEEN 3514369 AND 3514378 ORDER BY c
	Sort  (cost=41.39..41.42 rows=10 width=121)
	  Sort Key: c
	  ->  Index Scan using sbtest3_pkey on sbtest3  (cost=0.43..41.23 rows=10 width=121)
	        Index Cond: ((id >= 3514369) AND (id <= 3514378))

table 4 : explain SELECT c FROM sbtest4 WHERE id BETWEEN 8722234 AND 8722243 ORDER BY c
	Sort  (cost=41.22..41.24 rows=10 width=121)
	  Sort Key: c
	  ->  Index Scan using sbtest4_pkey on sbtest4  (cost=0.43..41.05 rows=10 width=121)
	        Index Cond: ((id >= 8722234) AND (id <= 8722243))

table 5 : explain SELECT c FROM sbtest5 WHERE id BETWEEN 508062 AND 508071 ORDER BY c
	Sort  (cost=40.56..40.58 rows=10 width=121)
	  Sort Key: c
	  ->  Index Scan using sbtest5_pkey on sbtest5  (cost=0.43..40.39 rows=10 width=121)
	        Index Cond: ((id >= 508062) AND (id <= 508071))

table 6 : explain SELECT c FROM sbtest6 WHERE id BETWEEN 4587781 AND 4587790 ORDER BY c
	Sort  (cost=40.26..40.28 rows=10 width=121)
	  Sort Key: c
	  ->  Index Scan using sbtest6_pkey on sbtest6  (cost=0.43..40.09 rows=10 width=121)
	        Index Cond: ((id >= 4587781) AND (id <= 4587790))

table 7 : explain SELECT c FROM sbtest7 WHERE id BETWEEN 3621073 AND 3621082 ORDER BY c
	Sort  (cost=43.38..43.41 rows=11 width=121)
	  Sort Key: c
	  ->  Index Scan using sbtest7_pkey on sbtest7  (cost=0.43..43.19 rows=11 width=121)
	        Index Cond: ((id >= 3621073) AND (id <= 3621082))

table 8 : explain SELECT c FROM sbtest8 WHERE id BETWEEN 6256171 AND 6256180 ORDER BY c
	Sort  (cost=36.62..36.64 rows=9 width=121)
	  Sort Key: c
	  ->  Index Scan using sbtest8_pkey on sbtest8  (cost=0.43..36.47 rows=9 width=121)
	        Index Cond: ((id >= 6256171) AND (id <= 6256180))

explain: for non_index_updates :: explain UPDATE sbtest%u SET c='foobar' WHERE id=%u
explain: for point_selects :: explain SELECT c FROM sbtest%u WHERE id=%u
for: distinct_ranges
table 1 : explain SELECT DISTINCT c FROM sbtest1 WHERE id BETWEEN 2360220 AND 2360229 ORDER BY c
	Unique  (cost=41.13..41.18 rows=10 width=121)
	  ->  Sort  (cost=41.13..41.15 rows=10 width=121)
	        Sort Key: c
	        ->  Index Scan using sbtest1_pkey on sbtest1  (cost=0.43..40.96 rows=10 width=121)
	              Index Cond: ((id >= 2360220) AND (id <= 2360229))

table 2 : explain SELECT DISTINCT c FROM sbtest2 WHERE id BETWEEN 1301710 AND 1301719 ORDER BY c
	Unique  (cost=41.09..41.14 rows=10 width=121)
	  ->  Sort  (cost=41.09..41.12 rows=10 width=121)
	        Sort Key: c
	        ->  Index Scan using sbtest2_pkey on sbtest2  (cost=0.43..40.93 rows=10 width=121)
	              Index Cond: ((id >= 1301710) AND (id <= 1301719))

table 3 : explain SELECT DISTINCT c FROM sbtest3 WHERE id BETWEEN 8613672 AND 8613681 ORDER BY c
	Unique  (cost=45.06..45.11 rows=11 width=121)
	  ->  Sort  (cost=45.06..45.08 rows=11 width=121)
	        Sort Key: c
	        ->  Index Scan using sbtest3_pkey on sbtest3  (cost=0.43..44.87 rows=11 width=121)
	              Index Cond: ((id >= 8613672) AND (id <= 8613681))

table 4 : explain SELECT DISTINCT c FROM sbtest4 WHERE id BETWEEN 8110299 AND 8110308 ORDER BY c
	Unique  (cost=37.57..37.62 rows=9 width=121)
	  ->  Sort  (cost=37.57..37.59 rows=9 width=121)
	        Sort Key: c
	        ->  Index Scan using sbtest4_pkey on sbtest4  (cost=0.43..37.43 rows=9 width=121)
	              Index Cond: ((id >= 8110299) AND (id <= 8110308))

table 5 : explain SELECT DISTINCT c FROM sbtest5 WHERE id BETWEEN 785492 AND 785501 ORDER BY c
	Unique  (cost=36.99..37.03 rows=9 width=121)
	  ->  Sort  (cost=36.99..37.01 rows=9 width=121)
	        Sort Key: c
	        ->  Index Scan using sbtest5_pkey on sbtest5  (cost=0.43..36.85 rows=9 width=121)
	              Index Cond: ((id >= 785492) AND (id <= 785501))

table 6 : explain SELECT DISTINCT c FROM sbtest6 WHERE id BETWEEN 7831948 AND 7831957 ORDER BY c
	Unique  (cost=36.72..36.76 rows=9 width=121)
	  ->  Sort  (cost=36.72..36.74 rows=9 width=121)
	        Sort Key: c
	        ->  Index Scan using sbtest6_pkey on sbtest6  (cost=0.43..36.58 rows=9 width=121)
	              Index Cond: ((id >= 7831948) AND (id <= 7831957))

table 7 : explain SELECT DISTINCT c FROM sbtest7 WHERE id BETWEEN 8441832 AND 8441841 ORDER BY c
	Unique  (cost=36.39..36.43 rows=9 width=121)
	  ->  Sort  (cost=36.39..36.41 rows=9 width=121)
	        Sort Key: c
	        ->  Index Scan using sbtest7_pkey on sbtest7  (cost=0.43..36.25 rows=9 width=121)
	              Index Cond: ((id >= 8441832) AND (id <= 8441841))

table 8 : explain SELECT DISTINCT c FROM sbtest8 WHERE id BETWEEN 2616899 AND 2616908 ORDER BY c
	Unique  (cost=40.14..40.19 rows=10 width=121)
	  ->  Sort  (cost=40.14..40.17 rows=10 width=121)
	        Sort Key: c
	        ->  Index Scan using sbtest8_pkey on sbtest8  (cost=0.43..39.98 rows=10 width=121)
	              Index Cond: ((id >= 2616899) AND (id <= 2616908))

explain: for non_index_updates :: explain UPDATE sbtest%u SET c='foobar' WHERE id=%u
for deletes
table 1 : explain DELETE FROM sbtest1 WHERE id=3374563
	Delete on sbtest1  (cost=0.43..8.45 rows=0 width=0)
	  ->  Index Scan using sbtest1_pkey on sbtest1  (cost=0.43..8.45 rows=1 width=6)
	        Index Cond: (id = 3374563)

table 2 : explain DELETE FROM sbtest2 WHERE id=8886623
	Delete on sbtest2  (cost=0.43..8.45 rows=0 width=0)
	  ->  Index Scan using sbtest2_pkey on sbtest2  (cost=0.43..8.45 rows=1 width=6)
	        Index Cond: (id = 8886623)

table 3 : explain DELETE FROM sbtest3 WHERE id=1721410
	Delete on sbtest3  (cost=0.43..8.45 rows=0 width=0)
	  ->  Index Scan using sbtest3_pkey on sbtest3  (cost=0.43..8.45 rows=1 width=6)
	        Index Cond: (id = 1721410)

table 4 : explain DELETE FROM sbtest4 WHERE id=1569014
	Delete on sbtest4  (cost=0.43..8.45 rows=0 width=0)
	  ->  Index Scan using sbtest4_pkey on sbtest4  (cost=0.43..8.45 rows=1 width=6)
	        Index Cond: (id = 1569014)

table 5 : explain DELETE FROM sbtest5 WHERE id=1753119
	Delete on sbtest5  (cost=0.43..8.45 rows=0 width=0)
	  ->  Index Scan using sbtest5_pkey on sbtest5  (cost=0.43..8.45 rows=1 width=6)
	        Index Cond: (id = 1753119)

table 6 : explain DELETE FROM sbtest6 WHERE id=8706045
	Delete on sbtest6  (cost=0.43..8.45 rows=0 width=0)
	  ->  Index Scan using sbtest6_pkey on sbtest6  (cost=0.43..8.45 rows=1 width=6)
	        Index Cond: (id = 8706045)

table 7 : explain DELETE FROM sbtest7 WHERE id=6959302
	Delete on sbtest7  (cost=0.43..8.45 rows=0 width=0)
	  ->  Index Scan using sbtest7_pkey on sbtest7  (cost=0.43..8.45 rows=1 width=6)
	        Index Cond: (id = 6959302)

table 8 : explain DELETE FROM sbtest8 WHERE id=3793012
	Delete on sbtest8  (cost=0.43..8.45 rows=0 width=0)
	  ->  Index Scan using sbtest8_pkey on sbtest8  (cost=0.43..8.45 rows=1 width=6)
	        Index Cond: (id = 3793012)

explain: for non_index_updates :: explain UPDATE sbtest%u SET c='foobar' WHERE id=%u
for: sum_ranges
table 1 : explain SELECT SUM(k) FROM sbtest1 WHERE id BETWEEN 9598539 AND 9598548
	Aggregate  (cost=40.98..40.99 rows=1 width=8)
	  ->  Index Scan using sbtest1_pkey on sbtest1  (cost=0.43..40.96 rows=10 width=4)
	        Index Cond: ((id >= 9598539) AND (id <= 9598548))

table 2 : explain SELECT SUM(k) FROM sbtest2 WHERE id BETWEEN 6714336 AND 6714345
	Aggregate  (cost=40.95..40.96 rows=1 width=8)
	  ->  Index Scan using sbtest2_pkey on sbtest2  (cost=0.43..40.93 rows=10 width=4)
	        Index Cond: ((id >= 6714336) AND (id <= 6714345))

table 3 : explain SELECT SUM(k) FROM sbtest3 WHERE id BETWEEN 8172700 AND 8172709
	Aggregate  (cost=37.61..37.62 rows=1 width=8)
	  ->  Index Scan using sbtest3_pkey on sbtest3  (cost=0.43..37.58 rows=9 width=4)
	        Index Cond: ((id >= 8172700) AND (id <= 8172709))

table 4 : explain SELECT SUM(k) FROM sbtest4 WHERE id BETWEEN 6682771 AND 6682780
	Aggregate  (cost=44.70..44.71 rows=1 width=8)
	  ->  Index Scan using sbtest4_pkey on sbtest4  (cost=0.43..44.67 rows=11 width=4)
	        Index Cond: ((id >= 6682771) AND (id <= 6682780))

table 5 : explain SELECT SUM(k) FROM sbtest5 WHERE id BETWEEN 1969969 AND 1969978
	Aggregate  (cost=40.42..40.43 rows=1 width=8)
	  ->  Index Scan using sbtest5_pkey on sbtest5  (cost=0.43..40.39 rows=10 width=4)
	        Index Cond: ((id >= 1969969) AND (id <= 1969978))

table 6 : explain SELECT SUM(k) FROM sbtest6 WHERE id BETWEEN 4828406 AND 4828415
	Aggregate  (cost=40.12..40.13 rows=1 width=8)
	  ->  Index Scan using sbtest6_pkey on sbtest6  (cost=0.43..40.09 rows=10 width=4)
	        Index Cond: ((id >= 4828406) AND (id <= 4828415))

table 7 : explain SELECT SUM(k) FROM sbtest7 WHERE id BETWEEN 9741135 AND 9741144
	Aggregate  (cost=39.74..39.75 rows=1 width=8)
	  ->  Index Scan using sbtest7_pkey on sbtest7  (cost=0.43..39.72 rows=10 width=4)
	        Index Cond: ((id >= 9741135) AND (id <= 9741144))

table 8 : explain SELECT SUM(k) FROM sbtest8 WHERE id BETWEEN 8121652 AND 8121661
	Aggregate  (cost=40.00..40.01 rows=1 width=8)
	  ->  Index Scan using sbtest8_pkey on sbtest8  (cost=0.43..39.98 rows=10 width=4)
	        Index Cond: ((id >= 8121652) AND (id <= 8121661))

explain: for index_updates :: explain UPDATE sbtest%u SET k=k+1 WHERE id=%u
for: distinct_ranges
table 1 : explain SELECT DISTINCT c FROM sbtest1 WHERE id BETWEEN 4707323 AND 4707332 ORDER BY c
	Unique  (cost=41.13..41.18 rows=10 width=121)
	  ->  Sort  (cost=41.13..41.15 rows=10 width=121)
	        Sort Key: c
	        ->  Index Scan using sbtest1_pkey on sbtest1  (cost=0.43..40.96 rows=10 width=121)
	              Index Cond: ((id >= 4707323) AND (id <= 4707332))

table 2 : explain SELECT DISTINCT c FROM sbtest2 WHERE id BETWEEN 4264031 AND 4264040 ORDER BY c
	Unique  (cost=44.73..44.78 rows=11 width=121)
	  ->  Sort  (cost=44.73..44.75 rows=11 width=121)
	        Sort Key: c
	        ->  Index Scan using sbtest2_pkey on sbtest2  (cost=0.43..44.54 rows=11 width=121)
	              Index Cond: ((id >= 4264031) AND (id <= 4264040))

table 3 : explain SELECT DISTINCT c FROM sbtest3 WHERE id BETWEEN 8351175 AND 8351184 ORDER BY c
	Unique  (cost=37.73..37.77 rows=9 width=121)
	  ->  Sort  (cost=37.73..37.75 rows=9 width=121)
	        Sort Key: c
	        ->  Index Scan using sbtest3_pkey on sbtest3  (cost=0.43..37.58 rows=9 width=121)
	              Index Cond: ((id >= 8351175) AND (id <= 8351184))

table 4 : explain SELECT DISTINCT c FROM sbtest4 WHERE id BETWEEN 5801506 AND 5801515 ORDER BY c
	Unique  (cost=41.22..41.27 rows=10 width=121)
	  ->  Sort  (cost=41.22..41.24 rows=10 width=121)
	        Sort Key: c
	        ->  Index Scan using sbtest4_pkey on sbtest4  (cost=0.43..41.05 rows=10 width=121)
	              Index Cond: ((id >= 5801506) AND (id <= 5801515))

table 5 : explain SELECT DISTINCT c FROM sbtest5 WHERE id BETWEEN 3076593 AND 3076602 ORDER BY c
	Unique  (cost=36.99..37.03 rows=9 width=121)
	  ->  Sort  (cost=36.99..37.01 rows=9 width=121)
	        Sort Key: c
	        ->  Index Scan using sbtest5_pkey on sbtest5  (cost=0.43..36.85 rows=9 width=121)
	              Index Cond: ((id >= 3076593) AND (id <= 3076602))

table 6 : explain SELECT DISTINCT c FROM sbtest6 WHERE id BETWEEN 4954101 AND 4954110 ORDER BY c
	Unique  (cost=43.80..43.85 rows=11 width=121)
	  ->  Sort  (cost=43.80..43.82 rows=11 width=121)
	        Sort Key: c
	        ->  Index Scan using sbtest6_pkey on sbtest6  (cost=0.43..43.61 rows=11 width=121)
	              Index Cond: ((id >= 4954101) AND (id <= 4954110))

table 7 : explain SELECT DISTINCT c FROM sbtest7 WHERE id BETWEEN 3262278 AND 3262287 ORDER BY c
	Unique  (cost=39.89..39.94 rows=10 width=121)
	  ->  Sort  (cost=39.89..39.91 rows=10 width=121)
	        Sort Key: c
	        ->  Index Scan using sbtest7_pkey on sbtest7  (cost=0.43..39.72 rows=10 width=121)
	              Index Cond: ((id >= 3262278) AND (id <= 3262287))

table 8 : explain SELECT DISTINCT c FROM sbtest8 WHERE id BETWEEN 3838737 AND 3838746 ORDER BY c
	Unique  (cost=40.14..40.19 rows=10 width=121)
	  ->  Sort  (cost=40.14..40.17 rows=10 width=121)
	        Sort Key: c
	        ->  Index Scan using sbtest8_pkey on sbtest8  (cost=0.43..39.98 rows=10 width=121)
	              Index Cond: ((id >= 3838737) AND (id <= 3838746))
for: simple_ranges
table 1 : explain SELECT c FROM sbtest1 WHERE id BETWEEN 1418164 AND 1418173
	Index Scan using sbtest1_pkey on sbtest1  (cost=0.43..37.35 rows=9 width=121)
	  Index Cond: ((id >= 1418164) AND (id <= 1418173))

table 2 : explain SELECT c FROM sbtest2 WHERE id BETWEEN 8845932 AND 8845941
	Index Scan using sbtest2_pkey on sbtest2  (cost=0.43..44.54 rows=11 width=121)
	  Index Cond: ((id >= 8845932) AND (id <= 8845941))

table 3 : explain SELECT c FROM sbtest3 WHERE id BETWEEN 5359911 AND 5359920
	Index Scan using sbtest3_pkey on sbtest3  (cost=0.43..37.58 rows=9 width=121)
	  Index Cond: ((id >= 5359911) AND (id <= 5359920))

table 4 : explain SELECT c FROM sbtest4 WHERE id BETWEEN 5947436 AND 5947445
	Index Scan using sbtest4_pkey on sbtest4  (cost=0.43..37.43 rows=9 width=121)
	  Index Cond: ((id >= 5947436) AND (id <= 5947445))

table 5 : explain SELECT c FROM sbtest5 WHERE id BETWEEN 3394579 AND 3394588
	Index Scan using sbtest5_pkey on sbtest5  (cost=0.43..40.39 rows=10 width=121)
	  Index Cond: ((id >= 3394579) AND (id <= 3394588))

table 6 : explain SELECT c FROM sbtest6 WHERE id BETWEEN 537873 AND 537882
	Index Scan using sbtest6_pkey on sbtest6  (cost=0.43..36.58 rows=9 width=121)
	  Index Cond: ((id >= 537873) AND (id <= 537882))

table 7 : explain SELECT c FROM sbtest7 WHERE id BETWEEN 2773776 AND 2773785
	Index Scan using sbtest7_pkey on sbtest7  (cost=0.43..36.25 rows=9 width=121)
	  Index Cond: ((id >= 2773776) AND (id <= 2773785))

table 8 : explain SELECT c FROM sbtest8 WHERE id BETWEEN 8529320 AND 8529329
	Index Scan using sbtest8_pkey on sbtest8  (cost=0.43..43.48 rows=11 width=121)
	  Index Cond: ((id >= 8529320) AND (id <= 8529329))


explain: for point_selects :: explain SELECT c FROM sbtest%u WHERE id=%u
for: distinct_ranges
table 1 : explain SELECT DISTINCT c FROM sbtest1 WHERE id BETWEEN 5672525 AND 5672534 ORDER BY c
	Unique  (cost=41.13..41.18 rows=10 width=121)
	  ->  Sort  (cost=41.13..41.15 rows=10 width=121)
	        Sort Key: c
	        ->  Index Scan using sbtest1_pkey on sbtest1  (cost=0.43..40.96 rows=10 width=121)
	              Index Cond: ((id >= 5672525) AND (id <= 5672534))

table 2 : explain SELECT DISTINCT c FROM sbtest2 WHERE id BETWEEN 517439 AND 517448 ORDER BY c
	Unique  (cost=41.09..41.14 rows=10 width=121)
	  ->  Sort  (cost=41.09..41.12 rows=10 width=121)
	        Sort Key: c
	        ->  Index Scan using sbtest2_pkey on sbtest2  (cost=0.43..40.93 rows=10 width=121)
	              Index Cond: ((id >= 517439) AND (id <= 517448))

table 3 : explain SELECT DISTINCT c FROM sbtest3 WHERE id BETWEEN 4229211 AND 4229220 ORDER BY c
	Unique  (cost=45.06..45.11 rows=11 width=121)
	  ->  Sort  (cost=45.06..45.08 rows=11 width=121)
	        Sort Key: c
	        ->  Index Scan using sbtest3_pkey on sbtest3  (cost=0.43..44.87 rows=11 width=121)
	              Index Cond: ((id >= 4229211) AND (id <= 4229220))

table 4 : explain SELECT DISTINCT c FROM sbtest4 WHERE id BETWEEN 5670502 AND 5670511 ORDER BY c
	Unique  (cost=41.22..41.27 rows=10 width=121)
	  ->  Sort  (cost=41.22..41.24 rows=10 width=121)
	        Sort Key: c
	        ->  Index Scan using sbtest4_pkey on sbtest4  (cost=0.43..41.05 rows=10 width=121)
	              Index Cond: ((id >= 5670502) AND (id <= 5670511))

table 5 : explain SELECT DISTINCT c FROM sbtest5 WHERE id BETWEEN 2202871 AND 2202880 ORDER BY c
	Unique  (cost=40.56..40.61 rows=10 width=121)
	  ->  Sort  (cost=40.56..40.58 rows=10 width=121)
	        Sort Key: c
	        ->  Index Scan using sbtest5_pkey on sbtest5  (cost=0.43..40.39 rows=10 width=121)
	              Index Cond: ((id >= 2202871) AND (id <= 2202880))

table 6 : explain SELECT DISTINCT c FROM sbtest6 WHERE id BETWEEN 7745863 AND 7745872 ORDER BY c
	Unique  (cost=40.26..40.31 rows=10 width=121)
	  ->  Sort  (cost=40.26..40.28 rows=10 width=121)
	        Sort Key: c
	        ->  Index Scan using sbtest6_pkey on sbtest6  (cost=0.43..40.09 rows=10 width=121)
	              Index Cond: ((id >= 7745863) AND (id <= 7745872))

table 7 : explain SELECT DISTINCT c FROM sbtest7 WHERE id BETWEEN 62970 AND 62979 ORDER BY c
	Unique  (cost=39.89..39.94 rows=10 width=121)
	  ->  Sort  (cost=39.89..39.91 rows=10 width=121)
	        Sort Key: c
	        ->  Index Scan using sbtest7_pkey on sbtest7  (cost=0.43..39.72 rows=10 width=121)
	              Index Cond: ((id >= 62970) AND (id <= 62979))

table 8 : explain SELECT DISTINCT c FROM sbtest8 WHERE id BETWEEN 3989071 AND 3989080 ORDER BY c
	Unique  (cost=40.14..40.19 rows=10 width=121)
	  ->  Sort  (cost=40.14..40.17 rows=10 width=121)
	        Sort Key: c
	        ->  Index Scan using sbtest8_pkey on sbtest8  (cost=0.43..39.98 rows=10 width=121)
	              Index Cond: ((id >= 3989071) AND (id <= 3989080))

for: simple_ranges
table 1 : explain SELECT c FROM sbtest1 WHERE id BETWEEN 6865421 AND 6865430
	Index Scan using sbtest1_pkey on sbtest1  (cost=0.43..40.96 rows=10 width=121)
	  Index Cond: ((id >= 6865421) AND (id <= 6865430))

table 2 : explain SELECT c FROM sbtest2 WHERE id BETWEEN 2561258 AND 2561267
	Index Scan using sbtest2_pkey on sbtest2  (cost=0.43..40.93 rows=10 width=121)
	  Index Cond: ((id >= 2561258) AND (id <= 2561267))

table 3 : explain SELECT c FROM sbtest3 WHERE id BETWEEN 812219 AND 812228
	Index Scan using sbtest3_pkey on sbtest3  (cost=0.43..44.87 rows=11 width=121)
	  Index Cond: ((id >= 812219) AND (id <= 812228))

table 4 : explain SELECT c FROM sbtest4 WHERE id BETWEEN 7648164 AND 7648173
	Index Scan using sbtest4_pkey on sbtest4  (cost=0.43..41.05 rows=10 width=121)
	  Index Cond: ((id >= 7648164) AND (id <= 7648173))

table 5 : explain SELECT c FROM sbtest5 WHERE id BETWEEN 4021064 AND 4021073
	Index Scan using sbtest5_pkey on sbtest5  (cost=0.43..40.39 rows=10 width=121)
	  Index Cond: ((id >= 4021064) AND (id <= 4021073))

table 6 : explain SELECT c FROM sbtest6 WHERE id BETWEEN 7327419 AND 7327428
	Index Scan using sbtest6_pkey on sbtest6  (cost=0.43..40.09 rows=10 width=121)
	  Index Cond: ((id >= 7327419) AND (id <= 7327428))

table 7 : explain SELECT c FROM sbtest7 WHERE id BETWEEN 3123176 AND 3123185
	Index Scan using sbtest7_pkey on sbtest7  (cost=0.43..36.25 rows=9 width=121)
	  Index Cond: ((id >= 3123176) AND (id <= 3123185))

table 8 : explain SELECT c FROM sbtest8 WHERE id BETWEEN 4795305 AND 4795314
	Index Scan using sbtest8_pkey on sbtest8  (cost=0.43..39.98 rows=10 width=121)
	  Index Cond: ((id >= 4795305) AND (id <= 4795314))

explain: for inserts :: explain INSERT INTO sbtest%u (id, k, c, pad) VALUES (%u, 13, 'foobar', 'foobar')
for: simple_ranges
table 1 : explain SELECT c FROM sbtest1 WHERE id BETWEEN 1231436 AND 1231445
	Index Scan using sbtest1_pkey on sbtest1  (cost=0.43..40.96 rows=10 width=121)
	  Index Cond: ((id >= 1231436) AND (id <= 1231445))

table 2 : explain SELECT c FROM sbtest2 WHERE id BETWEEN 6395944 AND 6395953
	Index Scan using sbtest2_pkey on sbtest2  (cost=0.43..40.93 rows=10 width=121)
	  Index Cond: ((id >= 6395944) AND (id <= 6395953))

table 3 : explain SELECT c FROM sbtest3 WHERE id BETWEEN 6816612 AND 6816621
	Index Scan using sbtest3_pkey on sbtest3  (cost=0.43..41.23 rows=10 width=121)
	  Index Cond: ((id >= 6816612) AND (id <= 6816621))

table 4 : explain SELECT c FROM sbtest4 WHERE id BETWEEN 5946876 AND 5946885
	Index Scan using sbtest4_pkey on sbtest4  (cost=0.43..37.43 rows=9 width=121)
	  Index Cond: ((id >= 5946876) AND (id <= 5946885))

table 5 : explain SELECT c FROM sbtest5 WHERE id BETWEEN 4807339 AND 4807348
	Index Scan using sbtest5_pkey on sbtest5  (cost=0.43..36.85 rows=9 width=121)
	  Index Cond: ((id >= 4807339) AND (id <= 4807348))

table 6 : explain SELECT c FROM sbtest6 WHERE id BETWEEN 5740022 AND 5740031
	Index Scan using sbtest6_pkey on sbtest6  (cost=0.43..40.09 rows=10 width=121)
	  Index Cond: ((id >= 5740022) AND (id <= 5740031))

table 7 : explain SELECT c FROM sbtest7 WHERE id BETWEEN 8816891 AND 8816900
	Index Scan using sbtest7_pkey on sbtest7  (cost=0.43..36.25 rows=9 width=121)
	  Index Cond: ((id >= 8816891) AND (id <= 8816900))

table 8 : explain SELECT c FROM sbtest8 WHERE id BETWEEN 8643083 AND 8643092
	Index Scan using sbtest8_pkey on sbtest8  (cost=0.43..39.98 rows=10 width=121)
	  Index Cond: ((id >= 8643083) AND (id <= 8643092))

for non_index_updates
table 1 : explain UPDATE sbtest1 SET c='foobar' WHERE id=2908977
	Update on sbtest1  (cost=0.43..8.45 rows=0 width=0)
	  ->  Index Scan using sbtest1_pkey on sbtest1  (cost=0.43..8.45 rows=1 width=490)
	        Index Cond: (id = 2908977)

table 2 : explain UPDATE sbtest2 SET c='foobar' WHERE id=541701
	Update on sbtest2  (cost=0.43..8.45 rows=0 width=0)
	  ->  Index Scan using sbtest2_pkey on sbtest2  (cost=0.43..8.45 rows=1 width=490)
	        Index Cond: (id = 541701)

table 3 : explain UPDATE sbtest3 SET c='foobar' WHERE id=4620308
	Update on sbtest3  (cost=0.43..8.45 rows=0 width=0)
	  ->  Index Scan using sbtest3_pkey on sbtest3  (cost=0.43..8.45 rows=1 width=490)
	        Index Cond: (id = 4620308)

table 4 : explain UPDATE sbtest4 SET c='foobar' WHERE id=9777958
	Update on sbtest4  (cost=0.43..8.45 rows=0 width=0)
	  ->  Index Scan using sbtest4_pkey on sbtest4  (cost=0.43..8.45 rows=1 width=490)
	        Index Cond: (id = 9777958)

table 5 : explain UPDATE sbtest5 SET c='foobar' WHERE id=5521517
	Update on sbtest5  (cost=0.43..8.45 rows=0 width=0)
	  ->  Index Scan using sbtest5_pkey on sbtest5  (cost=0.43..8.45 rows=1 width=490)
	        Index Cond: (id = 5521517)

table 6 : explain UPDATE sbtest6 SET c='foobar' WHERE id=2622704
	Update on sbtest6  (cost=0.43..8.45 rows=0 width=0)
	  ->  Index Scan using sbtest6_pkey on sbtest6  (cost=0.43..8.45 rows=1 width=490)
	        Index Cond: (id = 2622704)

table 7 : explain UPDATE sbtest7 SET c='foobar' WHERE id=9081744
	Update on sbtest7  (cost=0.43..8.45 rows=0 width=0)
	  ->  Index Scan using sbtest7_pkey on sbtest7  (cost=0.43..8.45 rows=1 width=490)
	        Index Cond: (id = 9081744)

table 8 : explain UPDATE sbtest8 SET c='foobar' WHERE id=6879376
	Update on sbtest8  (cost=0.43..8.45 rows=0 width=0)
	  ->  Index Scan using sbtest8_pkey on sbtest8  (cost=0.43..8.45 rows=1 width=490)
	        Index Cond: (id = 6879376)

for non_index_updates
table 1 : explain UPDATE sbtest1 SET c='foobar' WHERE id=3341622
	Update on sbtest1  (cost=0.43..8.45 rows=0 width=0)
	  ->  Index Scan using sbtest1_pkey on sbtest1  (cost=0.43..8.45 rows=1 width=490)
	        Index Cond: (id = 3341622)

table 2 : explain UPDATE sbtest2 SET c='foobar' WHERE id=8776372
	Update on sbtest2  (cost=0.43..8.45 rows=0 width=0)
	  ->  Index Scan using sbtest2_pkey on sbtest2  (cost=0.43..8.45 rows=1 width=490)
	        Index Cond: (id = 8776372)

table 3 : explain UPDATE sbtest3 SET c='foobar' WHERE id=8887869
	Update on sbtest3  (cost=0.43..8.45 rows=0 width=0)
	  ->  Index Scan using sbtest3_pkey on sbtest3  (cost=0.43..8.45 rows=1 width=490)
	        Index Cond: (id = 8887869)

table 4 : explain UPDATE sbtest4 SET c='foobar' WHERE id=5345116
	Update on sbtest4  (cost=0.43..8.45 rows=0 width=0)
	  ->  Index Scan using sbtest4_pkey on sbtest4  (cost=0.43..8.45 rows=1 width=490)
	        Index Cond: (id = 5345116)

table 5 : explain UPDATE sbtest5 SET c='foobar' WHERE id=6629597
	Update on sbtest5  (cost=0.43..8.45 rows=0 width=0)
	  ->  Index Scan using sbtest5_pkey on sbtest5  (cost=0.43..8.45 rows=1 width=490)
	        Index Cond: (id = 6629597)

table 6 : explain UPDATE sbtest6 SET c='foobar' WHERE id=1266626
	Update on sbtest6  (cost=0.43..8.45 rows=0 width=0)
	  ->  Index Scan using sbtest6_pkey on sbtest6  (cost=0.43..8.45 rows=1 width=490)
	        Index Cond: (id = 1266626)

table 7 : explain UPDATE sbtest7 SET c='foobar' WHERE id=3151625
	Update on sbtest7  (cost=0.43..8.45 rows=0 width=0)
	  ->  Index Scan using sbtest7_pkey on sbtest7  (cost=0.43..8.45 rows=1 width=490)
	        Index Cond: (id = 3151625)

table 8 : explain UPDATE sbtest8 SET c='foobar' WHERE id=517656
	Update on sbtest8  (cost=0.43..8.45 rows=0 width=0)
	  ->  Index Scan using sbtest8_pkey on sbtest8  (cost=0.43..8.45 rows=1 width=490)
	        Index Cond: (id = 517656)

for point_selects
table 1 : explain SELECT c FROM sbtest1 WHERE id=5004140
	Index Scan using sbtest1_pkey on sbtest1  (cost=0.43..8.45 rows=1 width=121)
	  Index Cond: (id = 5004140)

table 2 : explain SELECT c FROM sbtest2 WHERE id=8499209
	Index Scan using sbtest2_pkey on sbtest2  (cost=0.43..8.45 rows=1 width=121)
	  Index Cond: (id = 8499209)

table 3 : explain SELECT c FROM sbtest3 WHERE id=1587237
	Index Scan using sbtest3_pkey on sbtest3  (cost=0.43..8.45 rows=1 width=121)
	  Index Cond: (id = 1587237)

table 4 : explain SELECT c FROM sbtest4 WHERE id=6853430
	Index Scan using sbtest4_pkey on sbtest4  (cost=0.43..8.45 rows=1 width=121)
	  Index Cond: (id = 6853430)

table 5 : explain SELECT c FROM sbtest5 WHERE id=9862233
	Index Scan using sbtest5_pkey on sbtest5  (cost=0.43..8.45 rows=1 width=121)
	  Index Cond: (id = 9862233)

table 6 : explain SELECT c FROM sbtest6 WHERE id=6284160
	Index Scan using sbtest6_pkey on sbtest6  (cost=0.43..8.45 rows=1 width=121)
	  Index Cond: (id = 6284160)

table 7 : explain SELECT c FROM sbtest7 WHERE id=6992587
	Index Scan using sbtest7_pkey on sbtest7  (cost=0.43..8.45 rows=1 width=121)
	  Index Cond: (id = 6992587)

table 8 : explain SELECT c FROM sbtest8 WHERE id=1435981
	Index Scan using sbtest8_pkey on sbtest8  (cost=0.43..8.45 rows=1 width=121)
	  Index Cond: (id = 1435981)

for: order_ranges
table 1 : explain SELECT c FROM sbtest1 WHERE id BETWEEN 3518563 AND 3518572 ORDER BY c
	Sort  (cost=41.13..41.15 rows=10 width=121)
	  Sort Key: c
	  ->  Index Scan using sbtest1_pkey on sbtest1  (cost=0.43..40.96 rows=10 width=121)
	        Index Cond: ((id >= 3518563) AND (id <= 3518572))

table 2 : explain SELECT c FROM sbtest2 WHERE id BETWEEN 3782027 AND 3782036 ORDER BY c
	Sort  (cost=41.09..41.12 rows=10 width=121)
	  Sort Key: c
	  ->  Index Scan using sbtest2_pkey on sbtest2  (cost=0.43..40.93 rows=10 width=121)
	        Index Cond: ((id >= 3782027) AND (id <= 3782036))

table 3 : explain SELECT c FROM sbtest3 WHERE id BETWEEN 3234816 AND 3234825 ORDER BY c
	Sort  (cost=41.39..41.42 rows=10 width=121)
	  Sort Key: c
	  ->  Index Scan using sbtest3_pkey on sbtest3  (cost=0.43..41.23 rows=10 width=121)
	        Index Cond: ((id >= 3234816) AND (id <= 3234825))

table 4 : explain SELECT c FROM sbtest4 WHERE id BETWEEN 2473395 AND 2473404 ORDER BY c
	Sort  (cost=44.86..44.89 rows=11 width=121)
	  Sort Key: c
	  ->  Index Scan using sbtest4_pkey on sbtest4  (cost=0.43..44.67 rows=11 width=121)
	        Index Cond: ((id >= 2473395) AND (id <= 2473404))

table 5 : explain SELECT c FROM sbtest5 WHERE id BETWEEN 7833341 AND 7833350 ORDER BY c
	Sort  (cost=40.56..40.58 rows=10 width=121)
	  Sort Key: c
	  ->  Index Scan using sbtest5_pkey on sbtest5  (cost=0.43..40.39 rows=10 width=121)
	        Index Cond: ((id >= 7833341) AND (id <= 7833350))

table 6 : explain SELECT c FROM sbtest6 WHERE id BETWEEN 2546523 AND 2546532 ORDER BY c
	Sort  (cost=40.26..40.28 rows=10 width=121)
	  Sort Key: c
	  ->  Index Scan using sbtest6_pkey on sbtest6  (cost=0.43..40.09 rows=10 width=121)
	        Index Cond: ((id >= 2546523) AND (id <= 2546532))

table 7 : explain SELECT c FROM sbtest7 WHERE id BETWEEN 7678479 AND 7678488 ORDER BY c
	Sort  (cost=39.89..39.91 rows=10 width=121)
	  Sort Key: c
	  ->  Index Scan using sbtest7_pkey on sbtest7  (cost=0.43..39.72 rows=10 width=121)
	        Index Cond: ((id >= 7678479) AND (id <= 7678488))

table 8 : explain SELECT c FROM sbtest8 WHERE id BETWEEN 8450609 AND 8450618 ORDER BY c
	Sort  (cost=40.14..40.17 rows=10 width=121)
	  Sort Key: c
	  ->  Index Scan using sbtest8_pkey on sbtest8  (cost=0.43..39.98 rows=10 width=121)
	        Index Cond: ((id >= 8450609) AND (id <= 8450618))

for: simple_ranges
table 1 : explain SELECT c FROM sbtest1 WHERE id BETWEEN 3562611 AND 3562620
	Index Scan using sbtest1_pkey on sbtest1  (cost=0.43..40.96 rows=10 width=121)
	  Index Cond: ((id >= 3562611) AND (id <= 3562620))

table 2 : explain SELECT c FROM sbtest2 WHERE id BETWEEN 9244253 AND 9244262
	Index Scan using sbtest2_pkey on sbtest2  (cost=0.43..44.54 rows=11 width=121)
	  Index Cond: ((id >= 9244253) AND (id <= 9244262))

table 3 : explain SELECT c FROM sbtest3 WHERE id BETWEEN 1900192 AND 1900201
	Index Scan using sbtest3_pkey on sbtest3  (cost=0.43..41.23 rows=10 width=121)
	  Index Cond: ((id >= 1900192) AND (id <= 1900201))

table 4 : explain SELECT c FROM sbtest4 WHERE id BETWEEN 1585864 AND 1585873
	Index Scan using sbtest4_pkey on sbtest4  (cost=0.43..41.05 rows=10 width=121)
	  Index Cond: ((id >= 1585864) AND (id <= 1585873))

table 5 : explain SELECT c FROM sbtest5 WHERE id BETWEEN 7502398 AND 7502407
	Index Scan using sbtest5_pkey on sbtest5  (cost=0.43..40.39 rows=10 width=121)
	  Index Cond: ((id >= 7502398) AND (id <= 7502407))

table 6 : explain SELECT c FROM sbtest6 WHERE id BETWEEN 1636633 AND 1636642
	Index Scan using sbtest6_pkey on sbtest6  (cost=0.43..40.09 rows=10 width=121)
	  Index Cond: ((id >= 1636633) AND (id <= 1636642))

table 7 : explain SELECT c FROM sbtest7 WHERE id BETWEEN 5276598 AND 5276607
	Index Scan using sbtest7_pkey on sbtest7  (cost=0.43..39.72 rows=10 width=121)
	  Index Cond: ((id >= 5276598) AND (id <= 5276607))

table 8 : explain SELECT c FROM sbtest8 WHERE id BETWEEN 9823918 AND 9823927
	Index Scan using sbtest8_pkey on sbtest8  (cost=0.43..36.47 rows=9 width=121)
	  Index Cond: ((id >= 9823918) AND (id <= 9823927))

for point_selects
table 1 : explain SELECT c FROM sbtest1 WHERE id=5709827
	Index Scan using sbtest1_pkey on sbtest1  (cost=0.43..8.45 rows=1 width=121)
	  Index Cond: (id = 5709827)

table 2 : explain SELECT c FROM sbtest2 WHERE id=1710554
	Index Scan using sbtest2_pkey on sbtest2  (cost=0.43..8.45 rows=1 width=121)
	  Index Cond: (id = 1710554)

table 3 : explain SELECT c FROM sbtest3 WHERE id=5374820
	Index Scan using sbtest3_pkey on sbtest3  (cost=0.43..8.45 rows=1 width=121)
	  Index Cond: (id = 5374820)

table 4 : explain SELECT c FROM sbtest4 WHERE id=8124307
	Index Scan using sbtest4_pkey on sbtest4  (cost=0.43..8.45 rows=1 width=121)
	  Index Cond: (id = 8124307)

table 5 : explain SELECT c FROM sbtest5 WHERE id=1191684
	Index Scan using sbtest5_pkey on sbtest5  (cost=0.43..8.45 rows=1 width=121)
	  Index Cond: (id = 1191684)

table 6 : explain SELECT c FROM sbtest6 WHERE id=7013038
	Index Scan using sbtest6_pkey on sbtest6  (cost=0.43..8.45 rows=1 width=121)
	  Index Cond: (id = 7013038)

table 7 : explain SELECT c FROM sbtest7 WHERE id=3682171
	Index Scan using sbtest7_pkey on sbtest7  (cost=0.43..8.45 rows=1 width=121)
	  Index Cond: (id = 3682171)

table 8 : explain SELECT c FROM sbtest8 WHERE id=4784697
	Index Scan using sbtest8_pkey on sbtest8  (cost=0.43..8.45 rows=1 width=121)
	  Index Cond: (id = 4784697)

explain: for index_updates :: explain UPDATE sbtest%u SET k=k+1 WHERE id=%u
for deletes
table 1 : explain DELETE FROM sbtest1 WHERE id=5262079
	Delete on sbtest1  (cost=0.43..8.45 rows=0 width=0)
	  ->  Index Scan using sbtest1_pkey on sbtest1  (cost=0.43..8.45 rows=1 width=6)
	        Index Cond: (id = 5262079)

table 2 : explain DELETE FROM sbtest2 WHERE id=6165757
	Delete on sbtest2  (cost=0.43..8.45 rows=0 width=0)
	  ->  Index Scan using sbtest2_pkey on sbtest2  (cost=0.43..8.45 rows=1 width=6)
	        Index Cond: (id = 6165757)

table 3 : explain DELETE FROM sbtest3 WHERE id=5526274
	Delete on sbtest3  (cost=0.43..8.45 rows=0 width=0)
	  ->  Index Scan using sbtest3_pkey on sbtest3  (cost=0.43..8.45 rows=1 width=6)
	        Index Cond: (id = 5526274)

table 4 : explain DELETE FROM sbtest4 WHERE id=3521372
	Delete on sbtest4  (cost=0.43..8.45 rows=0 width=0)
	  ->  Index Scan using sbtest4_pkey on sbtest4  (cost=0.43..8.45 rows=1 width=6)
	        Index Cond: (id = 3521372)

table 5 : explain DELETE FROM sbtest5 WHERE id=3678200
	Delete on sbtest5  (cost=0.43..8.45 rows=0 width=0)
	  ->  Index Scan using sbtest5_pkey on sbtest5  (cost=0.43..8.45 rows=1 width=6)
	        Index Cond: (id = 3678200)

table 6 : explain DELETE FROM sbtest6 WHERE id=4307016
	Delete on sbtest6  (cost=0.43..8.45 rows=0 width=0)
	  ->  Index Scan using sbtest6_pkey on sbtest6  (cost=0.43..8.45 rows=1 width=6)
	        Index Cond: (id = 4307016)

table 7 : explain DELETE FROM sbtest7 WHERE id=5695681
	Delete on sbtest7  (cost=0.43..8.45 rows=0 width=0)
	  ->  Index Scan using sbtest7_pkey on sbtest7  (cost=0.43..8.45 rows=1 width=6)
	        Index Cond: (id = 5695681)

table 8 : explain DELETE FROM sbtest8 WHERE id=4995086
	Delete on sbtest8  (cost=0.43..8.45 rows=0 width=0)
	  ->  Index Scan using sbtest8_pkey on sbtest8  (cost=0.43..8.45 rows=1 width=6)
	        Index Cond: (id = 4995086)

explain: for index_updates :: explain UPDATE sbtest%u SET k=k+1 WHERE id=%u
for point_selects
table 1 : explain SELECT c FROM sbtest1 WHERE id=133349
	Index Scan using sbtest1_pkey on sbtest1  (cost=0.43..8.45 rows=1 width=121)
	  Index Cond: (id = 133349)

table 2 : explain SELECT c FROM sbtest2 WHERE id=6555495
	Index Scan using sbtest2_pkey on sbtest2  (cost=0.43..8.45 rows=1 width=121)
	  Index Cond: (id = 6555495)

table 3 : explain SELECT c FROM sbtest3 WHERE id=5373774
	Index Scan using sbtest3_pkey on sbtest3  (cost=0.43..8.45 rows=1 width=121)
	  Index Cond: (id = 5373774)

table 4 : explain SELECT c FROM sbtest4 WHERE id=4237612
	Index Scan using sbtest4_pkey on sbtest4  (cost=0.43..8.45 rows=1 width=121)
	  Index Cond: (id = 4237612)

table 5 : explain SELECT c FROM sbtest5 WHERE id=4111123
	Index Scan using sbtest5_pkey on sbtest5  (cost=0.43..8.45 rows=1 width=121)
	  Index Cond: (id = 4111123)

table 6 : explain SELECT c FROM sbtest6 WHERE id=6796173
	Index Scan using sbtest6_pkey on sbtest6  (cost=0.43..8.45 rows=1 width=121)
	  Index Cond: (id = 6796173)

table 7 : explain SELECT c FROM sbtest7 WHERE id=3725383
	Index Scan using sbtest7_pkey on sbtest7  (cost=0.43..8.45 rows=1 width=121)
	  Index Cond: (id = 3725383)

table 8 : explain SELECT c FROM sbtest8 WHERE id=8861212
	Index Scan using sbtest8_pkey on sbtest8  (cost=0.43..8.45 rows=1 width=121)
	  Index Cond: (id = 8861212)

explain: for deletes :: explain DELETE FROM sbtest%u WHERE id=%u
explain: for deletes :: explain DELETE FROM sbtest%u WHERE id=%u
for index_updates
table 1 : explain UPDATE sbtest1 SET k=k+1 WHERE id=6191098
	Update on sbtest1  (cost=0.43..8.46 rows=0 width=0)
	  ->  Index Scan using sbtest1_pkey on sbtest1  (cost=0.43..8.46 rows=1 width=10)
	        Index Cond: (id = 6191098)

table 2 : explain UPDATE sbtest2 SET k=k+1 WHERE id=2611153
	Update on sbtest2  (cost=0.43..8.46 rows=0 width=0)
	  ->  Index Scan using sbtest2_pkey on sbtest2  (cost=0.43..8.46 rows=1 width=10)
	        Index Cond: (id = 2611153)

table 3 : explain UPDATE sbtest3 SET k=k+1 WHERE id=6910434
	Update on sbtest3  (cost=0.43..8.46 rows=0 width=0)
	  ->  Index Scan using sbtest3_pkey on sbtest3  (cost=0.43..8.46 rows=1 width=10)
	        Index Cond: (id = 6910434)

table 4 : explain UPDATE sbtest4 SET k=k+1 WHERE id=7513988
	Update on sbtest4  (cost=0.43..8.46 rows=0 width=0)
	  ->  Index Scan using sbtest4_pkey on sbtest4  (cost=0.43..8.46 rows=1 width=10)
	        Index Cond: (id = 7513988)

table 5 : explain UPDATE sbtest5 SET k=k+1 WHERE id=4502654
	Update on sbtest5  (cost=0.43..8.46 rows=0 width=0)
	  ->  Index Scan using sbtest5_pkey on sbtest5  (cost=0.43..8.46 rows=1 width=10)
	        Index Cond: (id = 4502654)

table 6 : explain UPDATE sbtest6 SET k=k+1 WHERE id=55695
	Update on sbtest6  (cost=0.43..8.46 rows=0 width=0)
	  ->  Index Scan using sbtest6_pkey on sbtest6  (cost=0.43..8.46 rows=1 width=10)
	        Index Cond: (id = 55695)

table 7 : explain UPDATE sbtest7 SET k=k+1 WHERE id=4539308
	Update on sbtest7  (cost=0.43..8.46 rows=0 width=0)
	  ->  Index Scan using sbtest7_pkey on sbtest7  (cost=0.43..8.46 rows=1 width=10)
	        Index Cond: (id = 4539308)

table 8 : explain UPDATE sbtest8 SET k=k+1 WHERE id=9786576
	Update on sbtest8  (cost=0.43..8.46 rows=0 width=0)
	  ->  Index Scan using sbtest8_pkey on sbtest8  (cost=0.43..8.46 rows=1 width=10)
	        Index Cond: (id = 9786576)

for inserts
table 1 : explain INSERT INTO sbtest1 (id, k, c, pad) VALUES (8395845, 13, 'foobar', 'foobar')
	Insert on sbtest1  (cost=0.00..0.01 rows=0 width=0)
	  ->  Result  (cost=0.00..0.01 rows=1 width=736)

table 2 : explain INSERT INTO sbtest2 (id, k, c, pad) VALUES (3340193, 13, 'foobar', 'foobar')
	Insert on sbtest2  (cost=0.00..0.01 rows=0 width=0)
	  ->  Result  (cost=0.00..0.01 rows=1 width=736)

table 3 : explain INSERT INTO sbtest3 (id, k, c, pad) VALUES (6893932, 13, 'foobar', 'foobar')
	Insert on sbtest3  (cost=0.00..0.01 rows=0 width=0)
	  ->  Result  (cost=0.00..0.01 rows=1 width=736)

table 4 : explain INSERT INTO sbtest4 (id, k, c, pad) VALUES (3548481, 13, 'foobar', 'foobar')
	Insert on sbtest4  (cost=0.00..0.01 rows=0 width=0)
	  ->  Result  (cost=0.00..0.01 rows=1 width=736)

table 5 : explain INSERT INTO sbtest5 (id, k, c, pad) VALUES (1757591, 13, 'foobar', 'foobar')
	Insert on sbtest5  (cost=0.00..0.01 rows=0 width=0)
	  ->  Result  (cost=0.00..0.01 rows=1 width=736)

table 6 : explain INSERT INTO sbtest6 (id, k, c, pad) VALUES (720235, 13, 'foobar', 'foobar')
	Insert on sbtest6  (cost=0.00..0.01 rows=0 width=0)
	  ->  Result  (cost=0.00..0.01 rows=1 width=736)

table 7 : explain INSERT INTO sbtest7 (id, k, c, pad) VALUES (7741881, 13, 'foobar', 'foobar')
	Insert on sbtest7  (cost=0.00..0.01 rows=0 width=0)
	  ->  Result  (cost=0.00..0.01 rows=1 width=736)

table 8 : explain INSERT INTO sbtest8 (id, k, c, pad) VALUES (8516809, 13, 'foobar', 'foobar')
	Insert on sbtest8  (cost=0.00..0.01 rows=0 width=0)
	  ->  Result  (cost=0.00..0.01 rows=1 width=736)

for: order_ranges
table 1 : explain SELECT c FROM sbtest1 WHERE id BETWEEN 2182485 AND 2182494 ORDER BY c
	Sort  (cost=41.13..41.15 rows=10 width=121)
	  Sort Key: c
	  ->  Index Scan using sbtest1_pkey on sbtest1  (cost=0.43..40.96 rows=10 width=121)
	        Index Cond: ((id >= 2182485) AND (id <= 2182494))

table 2 : explain SELECT c FROM sbtest2 WHERE id BETWEEN 3301469 AND 3301478 ORDER BY c
	Sort  (cost=44.73..44.75 rows=11 width=121)
	  Sort Key: c
	  ->  Index Scan using sbtest2_pkey on sbtest2  (cost=0.43..44.54 rows=11 width=121)
	        Index Cond: ((id >= 3301469) AND (id <= 3301478))

table 3 : explain SELECT c FROM sbtest3 WHERE id BETWEEN 2827558 AND 2827567 ORDER BY c
	Sort  (cost=41.39..41.42 rows=10 width=121)
	  Sort Key: c
	  ->  Index Scan using sbtest3_pkey on sbtest3  (cost=0.43..41.23 rows=10 width=121)
	        Index Cond: ((id >= 2827558) AND (id <= 2827567))

table 4 : explain SELECT c FROM sbtest4 WHERE id BETWEEN 2598954 AND 2598963 ORDER BY c
	Sort  (cost=41.22..41.24 rows=10 width=121)
	  Sort Key: c
	  ->  Index Scan using sbtest4_pkey on sbtest4  (cost=0.43..41.05 rows=10 width=121)
	        Index Cond: ((id >= 2598954) AND (id <= 2598963))

table 5 : explain SELECT c FROM sbtest5 WHERE id BETWEEN 1640264 AND 1640273 ORDER BY c
	Sort  (cost=44.13..44.16 rows=11 width=121)
	  Sort Key: c
	  ->  Index Scan using sbtest5_pkey on sbtest5  (cost=0.43..43.94 rows=11 width=121)
	        Index Cond: ((id >= 1640264) AND (id <= 1640273))

table 6 : explain SELECT c FROM sbtest6 WHERE id BETWEEN 7482433 AND 7482442 ORDER BY c
	Sort  (cost=40.26..40.28 rows=10 width=121)
	  Sort Key: c
	  ->  Index Scan using sbtest6_pkey on sbtest6  (cost=0.43..40.09 rows=10 width=121)
	        Index Cond: ((id >= 7482433) AND (id <= 7482442))

table 7 : explain SELECT c FROM sbtest7 WHERE id BETWEEN 7788849 AND 7788858 ORDER BY c
	Sort  (cost=43.38..43.41 rows=11 width=121)
	  Sort Key: c
	  ->  Index Scan using sbtest7_pkey on sbtest7  (cost=0.43..43.19 rows=11 width=121)
	        Index Cond: ((id >= 7788849) AND (id <= 7788858))

table 8 : explain SELECT c FROM sbtest8 WHERE id BETWEEN 3091872 AND 3091881 ORDER BY c
	Sort  (cost=40.14..40.17 rows=10 width=121)
	  Sort Key: c
	  ->  Index Scan using sbtest8_pkey on sbtest8  (cost=0.43..39.98 rows=10 width=121)
	        Index Cond: ((id >= 3091872) AND (id <= 3091881))

for: distinct_ranges
table 1 : explain SELECT DISTINCT c FROM sbtest1 WHERE id BETWEEN 6113931 AND 6113940 ORDER BY c
	Unique  (cost=41.13..41.18 rows=10 width=121)
	  ->  Sort  (cost=41.13..41.15 rows=10 width=121)
	        Sort Key: c
	        ->  Index Scan using sbtest1_pkey on sbtest1  (cost=0.43..40.96 rows=10 width=121)
	              Index Cond: ((id >= 6113931) AND (id <= 6113940))

table 2 : explain SELECT DISTINCT c FROM sbtest2 WHERE id BETWEEN 6000124 AND 6000133 ORDER BY c
	Unique  (cost=41.09..41.14 rows=10 width=121)
	  ->  Sort  (cost=41.09..41.12 rows=10 width=121)
	        Sort Key: c
	        ->  Index Scan using sbtest2_pkey on sbtest2  (cost=0.43..40.93 rows=10 width=121)
	              Index Cond: ((id >= 6000124) AND (id <= 6000133))

table 3 : explain SELECT DISTINCT c FROM sbtest3 WHERE id BETWEEN 2731155 AND 2731164 ORDER BY c
	Unique  (cost=41.39..41.44 rows=10 width=121)
	  ->  Sort  (cost=41.39..41.42 rows=10 width=121)
	        Sort Key: c
	        ->  Index Scan using sbtest3_pkey on sbtest3  (cost=0.43..41.23 rows=10 width=121)
	              Index Cond: ((id >= 2731155) AND (id <= 2731164))

table 4 : explain SELECT DISTINCT c FROM sbtest4 WHERE id BETWEEN 2273701 AND 2273710 ORDER BY c
	Unique  (cost=41.22..41.27 rows=10 width=121)
	  ->  Sort  (cost=41.22..41.24 rows=10 width=121)
	        Sort Key: c
	        ->  Index Scan using sbtest4_pkey on sbtest4  (cost=0.43..41.05 rows=10 width=121)
	              Index Cond: ((id >= 2273701) AND (id <= 2273710))

table 5 : explain SELECT DISTINCT c FROM sbtest5 WHERE id BETWEEN 5249806 AND 5249815 ORDER BY c
	Unique  (cost=40.56..40.61 rows=10 width=121)
	  ->  Sort  (cost=40.56..40.58 rows=10 width=121)
	        Sort Key: c
	        ->  Index Scan using sbtest5_pkey on sbtest5  (cost=0.43..40.39 rows=10 width=121)
	              Index Cond: ((id >= 5249806) AND (id <= 5249815))

table 6 : explain SELECT DISTINCT c FROM sbtest6 WHERE id BETWEEN 6041879 AND 6041888 ORDER BY c
	Unique  (cost=40.26..40.31 rows=10 width=121)
	  ->  Sort  (cost=40.26..40.28 rows=10 width=121)
	        Sort Key: c
	        ->  Index Scan using sbtest6_pkey on sbtest6  (cost=0.43..40.09 rows=10 width=121)
	              Index Cond: ((id >= 6041879) AND (id <= 6041888))

table 7 : explain SELECT DISTINCT c FROM sbtest7 WHERE id BETWEEN 11440 AND 11449 ORDER BY c
	Unique  (cost=39.89..39.94 rows=10 width=121)
	  ->  Sort  (cost=39.89..39.91 rows=10 width=121)
	        Sort Key: c
	        ->  Index Scan using sbtest7_pkey on sbtest7  (cost=0.43..39.72 rows=10 width=121)
	              Index Cond: ((id >= 11440) AND (id <= 11449))

table 8 : explain SELECT DISTINCT c FROM sbtest8 WHERE id BETWEEN 547408 AND 547417 ORDER BY c
	Unique  (cost=40.14..40.19 rows=10 width=121)
	  ->  Sort  (cost=40.14..40.17 rows=10 width=121)
	        Sort Key: c
	        ->  Index Scan using sbtest8_pkey on sbtest8  (cost=0.43..39.98 rows=10 width=121)
	              Index Cond: ((id >= 547408) AND (id <= 547417))

explain: for non_index_updates :: explain UPDATE sbtest%u SET c='foobar' WHERE id=%u
for deletes
table 1 : explain DELETE FROM sbtest1 WHERE id=4590024
	Delete on sbtest1  (cost=0.43..8.45 rows=0 width=0)
	  ->  Index Scan using sbtest1_pkey on sbtest1  (cost=0.43..8.45 rows=1 width=6)
	        Index Cond: (id = 4590024)

table 2 : explain DELETE FROM sbtest2 WHERE id=1366021
	Delete on sbtest2  (cost=0.43..8.45 rows=0 width=0)
	  ->  Index Scan using sbtest2_pkey on sbtest2  (cost=0.43..8.45 rows=1 width=6)
	        Index Cond: (id = 1366021)

table 3 : explain DELETE FROM sbtest3 WHERE id=7956974
	Delete on sbtest3  (cost=0.43..8.45 rows=0 width=0)
	  ->  Index Scan using sbtest3_pkey on sbtest3  (cost=0.43..8.45 rows=1 width=6)
	        Index Cond: (id = 7956974)

table 4 : explain DELETE FROM sbtest4 WHERE id=8694435
	Delete on sbtest4  (cost=0.43..8.45 rows=0 width=0)
	  ->  Index Scan using sbtest4_pkey on sbtest4  (cost=0.43..8.45 rows=1 width=6)
	        Index Cond: (id = 8694435)

table 5 : explain DELETE FROM sbtest5 WHERE id=3301495
	Delete on sbtest5  (cost=0.43..8.45 rows=0 width=0)
	  ->  Index Scan using sbtest5_pkey on sbtest5  (cost=0.43..8.45 rows=1 width=6)
	        Index Cond: (id = 3301495)

table 6 : explain DELETE FROM sbtest6 WHERE id=7386932
	Delete on sbtest6  (cost=0.43..8.45 rows=0 width=0)
	  ->  Index Scan using sbtest6_pkey on sbtest6  (cost=0.43..8.45 rows=1 width=6)
	        Index Cond: (id = 7386932)

table 7 : explain DELETE FROM sbtest7 WHERE id=838078
	Delete on sbtest7  (cost=0.43..8.45 rows=0 width=0)
	  ->  Index Scan using sbtest7_pkey on sbtest7  (cost=0.43..8.45 rows=1 width=6)
	        Index Cond: (id = 838078)

table 8 : explain DELETE FROM sbtest8 WHERE id=7272181
	Delete on sbtest8  (cost=0.43..8.45 rows=0 width=0)
	  ->  Index Scan using sbtest8_pkey on sbtest8  (cost=0.43..8.45 rows=1 width=6)
	        Index Cond: (id = 7272181)

for non_index_updates
table 1 : explain UPDATE sbtest1 SET c='foobar' WHERE id=315644
	Update on sbtest1  (cost=0.43..8.45 rows=0 width=0)
	  ->  Index Scan using sbtest1_pkey on sbtest1  (cost=0.43..8.45 rows=1 width=490)
	        Index Cond: (id = 315644)

table 2 : explain UPDATE sbtest2 SET c='foobar' WHERE id=4741490
	Update on sbtest2  (cost=0.43..8.45 rows=0 width=0)
	  ->  Index Scan using sbtest2_pkey on sbtest2  (cost=0.43..8.45 rows=1 width=490)
	        Index Cond: (id = 4741490)

table 3 : explain UPDATE sbtest3 SET c='foobar' WHERE id=1309449
	Update on sbtest3  (cost=0.43..8.45 rows=0 width=0)
	  ->  Index Scan using sbtest3_pkey on sbtest3  (cost=0.43..8.45 rows=1 width=490)
	        Index Cond: (id = 1309449)

table 4 : explain UPDATE sbtest4 SET c='foobar' WHERE id=6086221
	Update on sbtest4  (cost=0.43..8.45 rows=0 width=0)
	  ->  Index Scan using sbtest4_pkey on sbtest4  (cost=0.43..8.45 rows=1 width=490)
	        Index Cond: (id = 6086221)

table 5 : explain UPDATE sbtest5 SET c='foobar' WHERE id=4410789
	Update on sbtest5  (cost=0.43..8.45 rows=0 width=0)
	  ->  Index Scan using sbtest5_pkey on sbtest5  (cost=0.43..8.45 rows=1 width=490)
	        Index Cond: (id = 4410789)

table 6 : explain UPDATE sbtest6 SET c='foobar' WHERE id=8376324
	Update on sbtest6  (cost=0.43..8.45 rows=0 width=0)
	  ->  Index Scan using sbtest6_pkey on sbtest6  (cost=0.43..8.45 rows=1 width=490)
	        Index Cond: (id = 8376324)

table 7 : explain UPDATE sbtest7 SET c='foobar' WHERE id=6685315
	Update on sbtest7  (cost=0.43..8.45 rows=0 width=0)
	  ->  Index Scan using sbtest7_pkey on sbtest7  (cost=0.43..8.45 rows=1 width=490)
	        Index Cond: (id = 6685315)

table 8 : explain UPDATE sbtest8 SET c='foobar' WHERE id=3235979
	Update on sbtest8  (cost=0.43..8.45 rows=0 width=0)
	  ->  Index Scan using sbtest8_pkey on sbtest8  (cost=0.43..8.45 rows=1 width=490)
	        Index Cond: (id = 3235979)
for index_updates
table 1 : explain UPDATE sbtest1 SET k=k+1 WHERE id=3761407
	Update on sbtest1  (cost=0.43..8.46 rows=0 width=0)
	  ->  Index Scan using sbtest1_pkey on sbtest1  (cost=0.43..8.46 rows=1 width=10)
	        Index Cond: (id = 3761407)

table 2 : explain UPDATE sbtest2 SET k=k+1 WHERE id=1270532
	Update on sbtest2  (cost=0.43..8.46 rows=0 width=0)
	  ->  Index Scan using sbtest2_pkey on sbtest2  (cost=0.43..8.46 rows=1 width=10)
	        Index Cond: (id = 1270532)

table 3 : explain UPDATE sbtest3 SET k=k+1 WHERE id=608718
	Update on sbtest3  (cost=0.43..8.46 rows=0 width=0)
	  ->  Index Scan using sbtest3_pkey on sbtest3  (cost=0.43..8.46 rows=1 width=10)
	        Index Cond: (id = 608718)

table 4 : explain UPDATE sbtest4 SET k=k+1 WHERE id=1046199
	Update on sbtest4  (cost=0.43..8.46 rows=0 width=0)
	  ->  Index Scan using sbtest4_pkey on sbtest4  (cost=0.43..8.46 rows=1 width=10)
	        Index Cond: (id = 1046199)

table 5 : explain UPDATE sbtest5 SET k=k+1 WHERE id=2972036
	Update on sbtest5  (cost=0.43..8.46 rows=0 width=0)
	  ->  Index Scan using sbtest5_pkey on sbtest5  (cost=0.43..8.46 rows=1 width=10)
	        Index Cond: (id = 2972036)

table 6 : explain UPDATE sbtest6 SET k=k+1 WHERE id=6322898
	Update on sbtest6  (cost=0.43..8.46 rows=0 width=0)
	  ->  Index Scan using sbtest6_pkey on sbtest6  (cost=0.43..8.46 rows=1 width=10)
	        Index Cond: (id = 6322898)

table 7 : explain UPDATE sbtest7 SET k=k+1 WHERE id=8266500
	Update on sbtest7  (cost=0.43..8.46 rows=0 width=0)
	  ->  Index Scan using sbtest7_pkey on sbtest7  (cost=0.43..8.46 rows=1 width=10)
	        Index Cond: (id = 8266500)

table 8 : explain UPDATE sbtest8 SET k=k+1 WHERE id=3486887
	Update on sbtest8  (cost=0.43..8.46 rows=0 width=0)
	  ->  Index Scan using sbtest8_pkey on sbtest8  (cost=0.43..8.46 rows=1 width=10)
	        Index Cond: (id = 3486887)


for: order_ranges
table 1 : explain SELECT c FROM sbtest1 WHERE id BETWEEN 2226697 AND 2226706 ORDER BY c
	Sort  (cost=41.13..41.15 rows=10 width=121)
	  Sort Key: c
	  ->  Index Scan using sbtest1_pkey on sbtest1  (cost=0.43..40.96 rows=10 width=121)
	        Index Cond: ((id >= 2226697) AND (id <= 2226706))

table 2 : explain SELECT c FROM sbtest2 WHERE id BETWEEN 4201584 AND 4201593 ORDER BY c
	Sort  (cost=44.73..44.75 rows=11 width=121)
	  Sort Key: c
	  ->  Index Scan using sbtest2_pkey on sbtest2  (cost=0.43..44.54 rows=11 width=121)
	        Index Cond: ((id >= 4201584) AND (id <= 4201593))

table 3 : explain SELECT c FROM sbtest3 WHERE id BETWEEN 8141882 AND 8141891 ORDER BY c
	Sort  (cost=41.39..41.42 rows=10 width=121)
	  Sort Key: c
	  ->  Index Scan using sbtest3_pkey on sbtest3  (cost=0.43..41.23 rows=10 width=121)
	        Index Cond: ((id >= 8141882) AND (id <= 8141891))

table 4 : explain SELECT c FROM sbtest4 WHERE id BETWEEN 3964832 AND 3964841 ORDER BY c
	Sort  (cost=41.22..41.24 rows=10 width=121)
	  Sort Key: c
	  ->  Index Scan using sbtest4_pkey on sbtest4  (cost=0.43..41.05 rows=10 width=121)
	        Index Cond: ((id >= 3964832) AND (id <= 3964841))

table 5 : explain SELECT c FROM sbtest5 WHERE id BETWEEN 3671841 AND 3671850 ORDER BY c
	Sort  (cost=36.99..37.01 rows=9 width=121)
	  Sort Key: c
	  ->  Index Scan using sbtest5_pkey on sbtest5  (cost=0.43..36.85 rows=9 width=121)
	        Index Cond: ((id >= 3671841) AND (id <= 3671850))

table 6 : explain SELECT c FROM sbtest6 WHERE id BETWEEN 9433300 AND 9433309 ORDER BY c
	Sort  (cost=40.26..40.28 rows=10 width=121)
	  Sort Key: c
	  ->  Index Scan using sbtest6_pkey on sbtest6  (cost=0.43..40.09 rows=10 width=121)
	        Index Cond: ((id >= 9433300) AND (id <= 9433309))

table 7 : explain SELECT c FROM sbtest7 WHERE id BETWEEN 9363777 AND 9363786 ORDER BY c
	Sort  (cost=36.39..36.41 rows=9 width=121)
	  Sort Key: c
	  ->  Index Scan using sbtest7_pkey on sbtest7  (cost=0.43..36.25 rows=9 width=121)
	        Index Cond: ((id >= 9363777) AND (id <= 9363786))

table 8 : explain SELECT c FROM sbtest8 WHERE id BETWEEN 9455958 AND 9455967 ORDER BY c
	Sort  (cost=36.62..36.64 rows=9 width=121)
	  Sort Key: c
	  ->  Index Scan using sbtest8_pkey on sbtest8  (cost=0.43..36.47 rows=9 width=121)
	        Index Cond: ((id >= 9455958) AND (id <= 9455967))

for index_updates
table 1 : explain UPDATE sbtest1 SET k=k+1 WHERE id=7925404
	Update on sbtest1  (cost=0.43..8.46 rows=0 width=0)
	  ->  Index Scan using sbtest1_pkey on sbtest1  (cost=0.43..8.46 rows=1 width=10)
	        Index Cond: (id = 7925404)

table 2 : explain UPDATE sbtest2 SET k=k+1 WHERE id=1846797
	Update on sbtest2  (cost=0.43..8.46 rows=0 width=0)
	  ->  Index Scan using sbtest2_pkey on sbtest2  (cost=0.43..8.46 rows=1 width=10)
	        Index Cond: (id = 1846797)

table 3 : explain UPDATE sbtest3 SET k=k+1 WHERE id=5307626
	Update on sbtest3  (cost=0.43..8.46 rows=0 width=0)
	  ->  Index Scan using sbtest3_pkey on sbtest3  (cost=0.43..8.46 rows=1 width=10)
	        Index Cond: (id = 5307626)

table 4 : explain UPDATE sbtest4 SET k=k+1 WHERE id=6487208
	Update on sbtest4  (cost=0.43..8.46 rows=0 width=0)
	  ->  Index Scan using sbtest4_pkey on sbtest4  (cost=0.43..8.46 rows=1 width=10)
	        Index Cond: (id = 6487208)

table 5 : explain UPDATE sbtest5 SET k=k+1 WHERE id=6529241
	Update on sbtest5  (cost=0.43..8.46 rows=0 width=0)
	  ->  Index Scan using sbtest5_pkey on sbtest5  (cost=0.43..8.46 rows=1 width=10)
	        Index Cond: (id = 6529241)

table 6 : explain UPDATE sbtest6 SET k=k+1 WHERE id=1533620
	Update on sbtest6  (cost=0.43..8.46 rows=0 width=0)
	  ->  Index Scan using sbtest6_pkey on sbtest6  (cost=0.43..8.46 rows=1 width=10)
	        Index Cond: (id = 1533620)

table 7 : explain UPDATE sbtest7 SET k=k+1 WHERE id=6006878
	Update on sbtest7  (cost=0.43..8.46 rows=0 width=0)
	  ->  Index Scan using sbtest7_pkey on sbtest7  (cost=0.43..8.46 rows=1 width=10)
	        Index Cond: (id = 6006878)

table 8 : explain UPDATE sbtest8 SET k=k+1 WHERE id=9073734
	Update on sbtest8  (cost=0.43..8.46 rows=0 width=0)
	  ->  Index Scan using sbtest8_pkey on sbtest8  (cost=0.43..8.46 rows=1 width=10)
	        Index Cond: (id = 9073734)

for deletes
table 1 : explain DELETE FROM sbtest1 WHERE id=8854707
	Delete on sbtest1  (cost=0.43..8.45 rows=0 width=0)
	  ->  Index Scan using sbtest1_pkey on sbtest1  (cost=0.43..8.45 rows=1 width=6)
	        Index Cond: (id = 8854707)

table 2 : explain DELETE FROM sbtest2 WHERE id=5478414
	Delete on sbtest2  (cost=0.43..8.45 rows=0 width=0)
	  ->  Index Scan using sbtest2_pkey on sbtest2  (cost=0.43..8.45 rows=1 width=6)
	        Index Cond: (id = 5478414)

table 3 : explain DELETE FROM sbtest3 WHERE id=3726481
	Delete on sbtest3  (cost=0.43..8.45 rows=0 width=0)
	  ->  Index Scan using sbtest3_pkey on sbtest3  (cost=0.43..8.45 rows=1 width=6)
	        Index Cond: (id = 3726481)

table 4 : explain DELETE FROM sbtest4 WHERE id=6091416
	Delete on sbtest4  (cost=0.43..8.45 rows=0 width=0)
	  ->  Index Scan using sbtest4_pkey on sbtest4  (cost=0.43..8.45 rows=1 width=6)
	        Index Cond: (id = 6091416)

table 5 : explain DELETE FROM sbtest5 WHERE id=4346292
	Delete on sbtest5  (cost=0.43..8.45 rows=0 width=0)
	  ->  Index Scan using sbtest5_pkey on sbtest5  (cost=0.43..8.45 rows=1 width=6)
	        Index Cond: (id = 4346292)

table 6 : explain DELETE FROM sbtest6 WHERE id=8316478
	Delete on sbtest6  (cost=0.43..8.45 rows=0 width=0)
	  ->  Index Scan using sbtest6_pkey on sbtest6  (cost=0.43..8.45 rows=1 width=6)
	        Index Cond: (id = 8316478)

table 7 : explain DELETE FROM sbtest7 WHERE id=9220408
	Delete on sbtest7  (cost=0.43..8.45 rows=0 width=0)
	  ->  Index Scan using sbtest7_pkey on sbtest7  (cost=0.43..8.45 rows=1 width=6)
	        Index Cond: (id = 9220408)

table 8 : explain DELETE FROM sbtest8 WHERE id=5864217
	Delete on sbtest8  (cost=0.43..8.45 rows=0 width=0)
	  ->  Index Scan using sbtest8_pkey on sbtest8  (cost=0.43..8.45 rows=1 width=6)
	        Index Cond: (id = 5864217)

explain: for point_selects :: explain SELECT c FROM sbtest%u WHERE id=%u
explain: for index_updates :: explain UPDATE sbtest%u SET k=k+1 WHERE id=%u
for: simple_ranges
table 1 : explain SELECT c FROM sbtest1 WHERE id BETWEEN 8988761 AND 8988770
	Index Scan using sbtest1_pkey on sbtest1  (cost=0.43..40.96 rows=10 width=121)
	  Index Cond: ((id >= 8988761) AND (id <= 8988770))

table 2 : explain SELECT c FROM sbtest2 WHERE id BETWEEN 2881142 AND 2881151
	Index Scan using sbtest2_pkey on sbtest2  (cost=0.43..40.93 rows=10 width=121)
	  Index Cond: ((id >= 2881142) AND (id <= 2881151))

table 3 : explain SELECT c FROM sbtest3 WHERE id BETWEEN 5531665 AND 5531674
	Index Scan using sbtest3_pkey on sbtest3  (cost=0.43..44.87 rows=11 width=121)
	  Index Cond: ((id >= 5531665) AND (id <= 5531674))

table 4 : explain SELECT c FROM sbtest4 WHERE id BETWEEN 5758479 AND 5758488
	Index Scan using sbtest4_pkey on sbtest4  (cost=0.43..41.05 rows=10 width=121)
	  Index Cond: ((id >= 5758479) AND (id <= 5758488))

table 5 : explain SELECT c FROM sbtest5 WHERE id BETWEEN 4512573 AND 4512582
	Index Scan using sbtest5_pkey on sbtest5  (cost=0.43..40.39 rows=10 width=121)
	  Index Cond: ((id >= 4512573) AND (id <= 4512582))

table 6 : explain SELECT c FROM sbtest6 WHERE id BETWEEN 5031384 AND 5031393
	Index Scan using sbtest6_pkey on sbtest6  (cost=0.43..40.09 rows=10 width=121)
	  Index Cond: ((id >= 5031384) AND (id <= 5031393))

table 7 : explain SELECT c FROM sbtest7 WHERE id BETWEEN 5675715 AND 5675724
	Index Scan using sbtest7_pkey on sbtest7  (cost=0.43..39.72 rows=10 width=121)
	  Index Cond: ((id >= 5675715) AND (id <= 5675724))

table 8 : explain SELECT c FROM sbtest8 WHERE id BETWEEN 2150027 AND 2150036
	Index Scan using sbtest8_pkey on sbtest8  (cost=0.43..39.98 rows=10 width=121)
	  Index Cond: ((id >= 2150027) AND (id <= 2150036))

for: simple_ranges
table 1 : explain SELECT c FROM sbtest1 WHERE id BETWEEN 5971527 AND 5971536
	Index Scan using sbtest1_pkey on sbtest1  (cost=0.43..44.57 rows=11 width=121)
	  Index Cond: ((id >= 5971527) AND (id <= 5971536))

table 2 : explain SELECT c FROM sbtest2 WHERE id BETWEEN 1737963 AND 1737972
	Index Scan using sbtest2_pkey on sbtest2  (cost=0.43..40.93 rows=10 width=121)
	  Index Cond: ((id >= 1737963) AND (id <= 1737972))

table 3 : explain SELECT c FROM sbtest3 WHERE id BETWEEN 4033747 AND 4033756
	Index Scan using sbtest3_pkey on sbtest3  (cost=0.43..41.23 rows=10 width=121)
	  Index Cond: ((id >= 4033747) AND (id <= 4033756))

table 4 : explain SELECT c FROM sbtest4 WHERE id BETWEEN 2436962 AND 2436971
	Index Scan using sbtest4_pkey on sbtest4  (cost=0.43..41.05 rows=10 width=121)
	  Index Cond: ((id >= 2436962) AND (id <= 2436971))

table 5 : explain SELECT c FROM sbtest5 WHERE id BETWEEN 862487 AND 862496
	Index Scan using sbtest5_pkey on sbtest5  (cost=0.43..36.85 rows=9 width=121)
	  Index Cond: ((id >= 862487) AND (id <= 862496))

table 6 : explain SELECT c FROM sbtest6 WHERE id BETWEEN 6221633 AND 6221642
	Index Scan using sbtest6_pkey on sbtest6  (cost=0.43..40.09 rows=10 width=121)
	  Index Cond: ((id >= 6221633) AND (id <= 6221642))

table 7 : explain SELECT c FROM sbtest7 WHERE id BETWEEN 9801164 AND 9801173
	Index Scan using sbtest7_pkey on sbtest7  (cost=0.43..39.72 rows=10 width=121)
	  Index Cond: ((id >= 9801164) AND (id <= 9801173))

table 8 : explain SELECT c FROM sbtest8 WHERE id BETWEEN 841977 AND 841986
	Index Scan using sbtest8_pkey on sbtest8  (cost=0.43..46.98 rows=12 width=121)
	  Index Cond: ((id >= 841977) AND (id <= 841986))

explain: for point_selects :: explain SELECT c FROM sbtest%u WHERE id=%u
for: sum_ranges
table 1 : explain SELECT SUM(k) FROM sbtest1 WHERE id BETWEEN 8320998 AND 8321007
	Aggregate  (cost=40.98..40.99 rows=1 width=8)
	  ->  Index Scan using sbtest1_pkey on sbtest1  (cost=0.43..40.96 rows=10 width=4)
	        Index Cond: ((id >= 8320998) AND (id <= 8321007))

table 2 : explain SELECT SUM(k) FROM sbtest2 WHERE id BETWEEN 7909654 AND 7909663
	Aggregate  (cost=40.95..40.96 rows=1 width=8)
	  ->  Index Scan using sbtest2_pkey on sbtest2  (cost=0.43..40.93 rows=10 width=4)
	        Index Cond: ((id >= 7909654) AND (id <= 7909663))

table 3 : explain SELECT SUM(k) FROM sbtest3 WHERE id BETWEEN 8654941 AND 8654950
	Aggregate  (cost=44.89..44.90 rows=1 width=8)
	  ->  Index Scan using sbtest3_pkey on sbtest3  (cost=0.43..44.87 rows=11 width=4)
	        Index Cond: ((id >= 8654941) AND (id <= 8654950))

table 4 : explain SELECT SUM(k) FROM sbtest4 WHERE id BETWEEN 205259 AND 205268
	Aggregate  (cost=37.45..37.46 rows=1 width=8)
	  ->  Index Scan using sbtest4_pkey on sbtest4  (cost=0.43..37.43 rows=9 width=4)
	        Index Cond: ((id >= 205259) AND (id <= 205268))

table 5 : explain SELECT SUM(k) FROM sbtest5 WHERE id BETWEEN 8221304 AND 8221313
	Aggregate  (cost=40.42..40.43 rows=1 width=8)
	  ->  Index Scan using sbtest5_pkey on sbtest5  (cost=0.43..40.39 rows=10 width=4)
	        Index Cond: ((id >= 8221304) AND (id <= 8221313))

table 6 : explain SELECT SUM(k) FROM sbtest6 WHERE id BETWEEN 615576 AND 615585
	Aggregate  (cost=36.60..36.61 rows=1 width=8)
	  ->  Index Scan using sbtest6_pkey on sbtest6  (cost=0.43..36.58 rows=9 width=4)
	        Index Cond: ((id >= 615576) AND (id <= 615585))

table 7 : explain SELECT SUM(k) FROM sbtest7 WHERE id BETWEEN 6803749 AND 6803758
	Aggregate  (cost=39.74..39.75 rows=1 width=8)
	  ->  Index Scan using sbtest7_pkey on sbtest7  (cost=0.43..39.72 rows=10 width=4)
	        Index Cond: ((id >= 6803749) AND (id <= 6803758))

table 8 : explain SELECT SUM(k) FROM sbtest8 WHERE id BETWEEN 6346271 AND 6346280
	Aggregate  (cost=36.50..36.51 rows=1 width=8)
	  ->  Index Scan using sbtest8_pkey on sbtest8  (cost=0.43..36.47 rows=9 width=4)
	        Index Cond: ((id >= 6346271) AND (id <= 6346280))

explain: for non_index_updates :: explain UPDATE sbtest%u SET c='foobar' WHERE id=%u
for: sum_ranges
table 1 : explain SELECT SUM(k) FROM sbtest1 WHERE id BETWEEN 5568729 AND 5568738
	Aggregate  (cost=40.98..40.99 rows=1 width=8)
	  ->  Index Scan using sbtest1_pkey on sbtest1  (cost=0.43..40.96 rows=10 width=4)
	        Index Cond: ((id >= 5568729) AND (id <= 5568738))

table 2 : explain SELECT SUM(k) FROM sbtest2 WHERE id BETWEEN 5691241 AND 5691250
	Aggregate  (cost=40.95..40.96 rows=1 width=8)
	  ->  Index Scan using sbtest2_pkey on sbtest2  (cost=0.43..40.93 rows=10 width=4)
	        Index Cond: ((id >= 5691241) AND (id <= 5691250))

table 3 : explain SELECT SUM(k) FROM sbtest3 WHERE id BETWEEN 821793 AND 821802
	Aggregate  (cost=44.89..44.90 rows=1 width=8)
	  ->  Index Scan using sbtest3_pkey on sbtest3  (cost=0.43..44.87 rows=11 width=4)
	        Index Cond: ((id >= 821793) AND (id <= 821802))

table 4 : explain SELECT SUM(k) FROM sbtest4 WHERE id BETWEEN 6280171 AND 6280180
	Aggregate  (cost=41.08..41.09 rows=1 width=8)
	  ->  Index Scan using sbtest4_pkey on sbtest4  (cost=0.43..41.05 rows=10 width=4)
	        Index Cond: ((id >= 6280171) AND (id <= 6280180))

table 5 : explain SELECT SUM(k) FROM sbtest5 WHERE id BETWEEN 3773114 AND 3773123
	Aggregate  (cost=40.42..40.43 rows=1 width=8)
	  ->  Index Scan using sbtest5_pkey on sbtest5  (cost=0.43..40.39 rows=10 width=4)
	        Index Cond: ((id >= 3773114) AND (id <= 3773123))

table 6 : explain SELECT SUM(k) FROM sbtest6 WHERE id BETWEEN 8626039 AND 8626048
	Aggregate  (cost=40.12..40.13 rows=1 width=8)
	  ->  Index Scan using sbtest6_pkey on sbtest6  (cost=0.43..40.09 rows=10 width=4)
	        Index Cond: ((id >= 8626039) AND (id <= 8626048))

table 7 : explain SELECT SUM(k) FROM sbtest7 WHERE id BETWEEN 5531941 AND 5531950
	Aggregate  (cost=39.74..39.75 rows=1 width=8)
	  ->  Index Scan using sbtest7_pkey on sbtest7  (cost=0.43..39.72 rows=10 width=4)
	        Index Cond: ((id >= 5531941) AND (id <= 5531950))

table 8 : explain SELECT SUM(k) FROM sbtest8 WHERE id BETWEEN 7560149 AND 7560158
	Aggregate  (cost=40.00..40.01 rows=1 width=8)
	  ->  Index Scan using sbtest8_pkey on sbtest8  (cost=0.43..39.98 rows=10 width=4)
	        Index Cond: ((id >= 7560149) AND (id <= 7560158))

for: simple_ranges
table 1 : explain SELECT c FROM sbtest1 WHERE id BETWEEN 441190 AND 441199
	Index Scan using sbtest1_pkey on sbtest1  (cost=0.43..40.96 rows=10 width=121)
	  Index Cond: ((id >= 441190) AND (id <= 441199))

table 2 : explain SELECT c FROM sbtest2 WHERE id BETWEEN 2345697 AND 2345706
	Index Scan using sbtest2_pkey on sbtest2  (cost=0.43..40.93 rows=10 width=121)
	  Index Cond: ((id >= 2345697) AND (id <= 2345706))

table 3 : explain SELECT c FROM sbtest3 WHERE id BETWEEN 5128241 AND 5128250
	Index Scan using sbtest3_pkey on sbtest3  (cost=0.43..44.87 rows=11 width=121)
	  Index Cond: ((id >= 5128241) AND (id <= 5128250))

table 4 : explain SELECT c FROM sbtest4 WHERE id BETWEEN 1525642 AND 1525651
	Index Scan using sbtest4_pkey on sbtest4  (cost=0.43..41.05 rows=10 width=121)
	  Index Cond: ((id >= 1525642) AND (id <= 1525651))

table 5 : explain SELECT c FROM sbtest5 WHERE id BETWEEN 1122480 AND 1122489
	Index Scan using sbtest5_pkey on sbtest5  (cost=0.43..43.94 rows=11 width=121)
	  Index Cond: ((id >= 1122480) AND (id <= 1122489))

table 6 : explain SELECT c FROM sbtest6 WHERE id BETWEEN 9761079 AND 9761088
	Index Scan using sbtest6_pkey on sbtest6  (cost=0.43..40.09 rows=10 width=121)
	  Index Cond: ((id >= 9761079) AND (id <= 9761088))

table 7 : explain SELECT c FROM sbtest7 WHERE id BETWEEN 2162664 AND 2162673
	Index Scan using sbtest7_pkey on sbtest7  (cost=0.43..39.72 rows=10 width=121)
	  Index Cond: ((id >= 2162664) AND (id <= 2162673))

table 8 : explain SELECT c FROM sbtest8 WHERE id BETWEEN 1351491 AND 1351500
	Index Scan using sbtest8_pkey on sbtest8  (cost=0.43..36.47 rows=9 width=121)
	  Index Cond: ((id >= 1351491) AND (id <= 1351500))

explain: for non_index_updates :: explain UPDATE sbtest%u SET c='foobar' WHERE id=%u
explain: for non_index_updates :: explain UPDATE sbtest%u SET c='foobar' WHERE id=%u
for non_index_updates
table 1 : explain UPDATE sbtest1 SET c='foobar' WHERE id=6808064
	Update on sbtest1  (cost=0.43..8.45 rows=0 width=0)
	  ->  Index Scan using sbtest1_pkey on sbtest1  (cost=0.43..8.45 rows=1 width=490)
	        Index Cond: (id = 6808064)

table 2 : explain UPDATE sbtest2 SET c='foobar' WHERE id=4469831
	Update on sbtest2  (cost=0.43..8.45 rows=0 width=0)
	  ->  Index Scan using sbtest2_pkey on sbtest2  (cost=0.43..8.45 rows=1 width=490)
	        Index Cond: (id = 4469831)

table 3 : explain UPDATE sbtest3 SET c='foobar' WHERE id=8850461
	Update on sbtest3  (cost=0.43..8.45 rows=0 width=0)
	  ->  Index Scan using sbtest3_pkey on sbtest3  (cost=0.43..8.45 rows=1 width=490)
	        Index Cond: (id = 8850461)

table 4 : explain UPDATE sbtest4 SET c='foobar' WHERE id=5310227
	Update on sbtest4  (cost=0.43..8.45 rows=0 width=0)
	  ->  Index Scan using sbtest4_pkey on sbtest4  (cost=0.43..8.45 rows=1 width=490)
	        Index Cond: (id = 5310227)

table 5 : explain UPDATE sbtest5 SET c='foobar' WHERE id=7858428
	Update on sbtest5  (cost=0.43..8.45 rows=0 width=0)
	  ->  Index Scan using sbtest5_pkey on sbtest5  (cost=0.43..8.45 rows=1 width=490)
	        Index Cond: (id = 7858428)

table 6 : explain UPDATE sbtest6 SET c='foobar' WHERE id=4520529
	Update on sbtest6  (cost=0.43..8.45 rows=0 width=0)
	  ->  Index Scan using sbtest6_pkey on sbtest6  (cost=0.43..8.45 rows=1 width=490)
	        Index Cond: (id = 4520529)

table 7 : explain UPDATE sbtest7 SET c='foobar' WHERE id=1987934
	Update on sbtest7  (cost=0.43..8.45 rows=0 width=0)
	  ->  Index Scan using sbtest7_pkey on sbtest7  (cost=0.43..8.45 rows=1 width=490)
	        Index Cond: (id = 1987934)

table 8 : explain UPDATE sbtest8 SET c='foobar' WHERE id=9367135
	Update on sbtest8  (cost=0.43..8.45 rows=0 width=0)
	  ->  Index Scan using sbtest8_pkey on sbtest8  (cost=0.43..8.45 rows=1 width=490)
	        Index Cond: (id = 9367135)

explain: for inserts :: explain INSERT INTO sbtest%u (id, k, c, pad) VALUES (%u, 13, 'foobar', 'foobar')
for point_selects
table 1 : explain SELECT c FROM sbtest1 WHERE id=979712
	Index Scan using sbtest1_pkey on sbtest1  (cost=0.43..8.45 rows=1 width=121)
	  Index Cond: (id = 979712)

table 2 : explain SELECT c FROM sbtest2 WHERE id=2837944
	Index Scan using sbtest2_pkey on sbtest2  (cost=0.43..8.45 rows=1 width=121)
	  Index Cond: (id = 2837944)

table 3 : explain SELECT c FROM sbtest3 WHERE id=8787152
	Index Scan using sbtest3_pkey on sbtest3  (cost=0.43..8.45 rows=1 width=121)
	  Index Cond: (id = 8787152)

table 4 : explain SELECT c FROM sbtest4 WHERE id=4668049
	Index Scan using sbtest4_pkey on sbtest4  (cost=0.43..8.45 rows=1 width=121)
	  Index Cond: (id = 4668049)

table 5 : explain SELECT c FROM sbtest5 WHERE id=3885254
	Index Scan using sbtest5_pkey on sbtest5  (cost=0.43..8.45 rows=1 width=121)
	  Index Cond: (id = 3885254)

table 6 : explain SELECT c FROM sbtest6 WHERE id=7193537
	Index Scan using sbtest6_pkey on sbtest6  (cost=0.43..8.45 rows=1 width=121)
	  Index Cond: (id = 7193537)

table 7 : explain SELECT c FROM sbtest7 WHERE id=9214337
	Index Scan using sbtest7_pkey on sbtest7  (cost=0.43..8.45 rows=1 width=121)
	  Index Cond: (id = 9214337)

table 8 : explain SELECT c FROM sbtest8 WHERE id=6669221
	Index Scan using sbtest8_pkey on sbtest8  (cost=0.43..8.45 rows=1 width=121)
	  Index Cond: (id = 6669221)

explain: for inserts :: explain INSERT INTO sbtest%u (id, k, c, pad) VALUES (%u, 13, 'foobar', 'foobar')
explain: for inserts :: explain INSERT INTO sbtest%u (id, k, c, pad) VALUES (%u, 13, 'foobar', 'foobar')
for index_updates
table 1 : explain UPDATE sbtest1 SET k=k+1 WHERE id=5760195
	Update on sbtest1  (cost=0.43..8.46 rows=0 width=0)
	  ->  Index Scan using sbtest1_pkey on sbtest1  (cost=0.43..8.46 rows=1 width=10)
	        Index Cond: (id = 5760195)

table 2 : explain UPDATE sbtest2 SET k=k+1 WHERE id=6678510
	Update on sbtest2  (cost=0.43..8.46 rows=0 width=0)
	  ->  Index Scan using sbtest2_pkey on sbtest2  (cost=0.43..8.46 rows=1 width=10)
	        Index Cond: (id = 6678510)

table 3 : explain UPDATE sbtest3 SET k=k+1 WHERE id=5319904
	Update on sbtest3  (cost=0.43..8.46 rows=0 width=0)
	  ->  Index Scan using sbtest3_pkey on sbtest3  (cost=0.43..8.46 rows=1 width=10)
	        Index Cond: (id = 5319904)

table 4 : explain UPDATE sbtest4 SET k=k+1 WHERE id=216879
	Update on sbtest4  (cost=0.43..8.46 rows=0 width=0)
	  ->  Index Scan using sbtest4_pkey on sbtest4  (cost=0.43..8.46 rows=1 width=10)
	        Index Cond: (id = 216879)

table 5 : explain UPDATE sbtest5 SET k=k+1 WHERE id=4980129
	Update on sbtest5  (cost=0.43..8.46 rows=0 width=0)
	  ->  Index Scan using sbtest5_pkey on sbtest5  (cost=0.43..8.46 rows=1 width=10)
	        Index Cond: (id = 4980129)

table 6 : explain UPDATE sbtest6 SET k=k+1 WHERE id=7674739
	Update on sbtest6  (cost=0.43..8.46 rows=0 width=0)
	  ->  Index Scan using sbtest6_pkey on sbtest6  (cost=0.43..8.46 rows=1 width=10)
	        Index Cond: (id = 7674739)

table 7 : explain UPDATE sbtest7 SET k=k+1 WHERE id=2173685
	Update on sbtest7  (cost=0.43..8.46 rows=0 width=0)
	  ->  Index Scan using sbtest7_pkey on sbtest7  (cost=0.43..8.46 rows=1 width=10)
	        Index Cond: (id = 2173685)

table 8 : explain UPDATE sbtest8 SET k=k+1 WHERE id=3618001
	Update on sbtest8  (cost=0.43..8.46 rows=0 width=0)
	  ->  Index Scan using sbtest8_pkey on sbtest8  (cost=0.43..8.46 rows=1 width=10)
	        Index Cond: (id = 3618001)

for: distinct_ranges
table 1 : explain SELECT DISTINCT c FROM sbtest1 WHERE id BETWEEN 8475301 AND 8475310 ORDER BY c
	Unique  (cost=41.13..41.18 rows=10 width=121)
	  ->  Sort  (cost=41.13..41.15 rows=10 width=121)
	        Sort Key: c
	        ->  Index Scan using sbtest1_pkey on sbtest1  (cost=0.43..40.96 rows=10 width=121)
	              Index Cond: ((id >= 8475301) AND (id <= 8475310))

table 2 : explain SELECT DISTINCT c FROM sbtest2 WHERE id BETWEEN 1232152 AND 1232161 ORDER BY c
	Unique  (cost=41.09..41.14 rows=10 width=121)
	  ->  Sort  (cost=41.09..41.12 rows=10 width=121)
	        Sort Key: c
	        ->  Index Scan using sbtest2_pkey on sbtest2  (cost=0.43..40.93 rows=10 width=121)
	              Index Cond: ((id >= 1232152) AND (id <= 1232161))

table 3 : explain SELECT DISTINCT c FROM sbtest3 WHERE id BETWEEN 8212582 AND 8212591 ORDER BY c
	Unique  (cost=37.73..37.77 rows=9 width=121)
	  ->  Sort  (cost=37.73..37.75 rows=9 width=121)
	        Sort Key: c
	        ->  Index Scan using sbtest3_pkey on sbtest3  (cost=0.43..37.58 rows=9 width=121)
	              Index Cond: ((id >= 8212582) AND (id <= 8212591))

table 4 : explain SELECT DISTINCT c FROM sbtest4 WHERE id BETWEEN 3663756 AND 3663765 ORDER BY c
	Unique  (cost=41.22..41.27 rows=10 width=121)
	  ->  Sort  (cost=41.22..41.24 rows=10 width=121)
	        Sort Key: c
	        ->  Index Scan using sbtest4_pkey on sbtest4  (cost=0.43..41.05 rows=10 width=121)
	              Index Cond: ((id >= 3663756) AND (id <= 3663765))

table 5 : explain SELECT DISTINCT c FROM sbtest5 WHERE id BETWEEN 4776282 AND 4776291 ORDER BY c
	Unique  (cost=36.99..37.03 rows=9 width=121)
	  ->  Sort  (cost=36.99..37.01 rows=9 width=121)
	        Sort Key: c
	        ->  Index Scan using sbtest5_pkey on sbtest5  (cost=0.43..36.85 rows=9 width=121)
	              Index Cond: ((id >= 4776282) AND (id <= 4776291))

table 6 : explain SELECT DISTINCT c FROM sbtest6 WHERE id BETWEEN 982545 AND 982554 ORDER BY c
	Unique  (cost=40.26..40.31 rows=10 width=121)
	  ->  Sort  (cost=40.26..40.28 rows=10 width=121)
	        Sort Key: c
	        ->  Index Scan using sbtest6_pkey on sbtest6  (cost=0.43..40.09 rows=10 width=121)
	              Index Cond: ((id >= 982545) AND (id <= 982554))

table 7 : explain SELECT DISTINCT c FROM sbtest7 WHERE id BETWEEN 3036257 AND 3036266 ORDER BY c
	Unique  (cost=39.89..39.94 rows=10 width=121)
	  ->  Sort  (cost=39.89..39.91 rows=10 width=121)
	        Sort Key: c
	        ->  Index Scan using sbtest7_pkey on sbtest7  (cost=0.43..39.72 rows=10 width=121)
	              Index Cond: ((id >= 3036257) AND (id <= 3036266))

table 8 : explain SELECT DISTINCT c FROM sbtest8 WHERE id BETWEEN 5363853 AND 5363862 ORDER BY c
	Unique  (cost=43.67..43.72 rows=11 width=121)
	  ->  Sort  (cost=43.67..43.70 rows=11 width=121)
	        Sort Key: c
	        ->  Index Scan using sbtest8_pkey on sbtest8  (cost=0.43..43.48 rows=11 width=121)
	              Index Cond: ((id >= 5363853) AND (id <= 5363862))

for: sum_ranges
table 1 : explain SELECT SUM(k) FROM sbtest1 WHERE id BETWEEN 5522334 AND 5522343
	Aggregate  (cost=40.98..40.99 rows=1 width=8)
	  ->  Index Scan using sbtest1_pkey on sbtest1  (cost=0.43..40.96 rows=10 width=4)
	        Index Cond: ((id >= 5522334) AND (id <= 5522343))

table 2 : explain SELECT SUM(k) FROM sbtest2 WHERE id BETWEEN 7323807 AND 7323816
	Aggregate  (cost=40.95..40.96 rows=1 width=8)
	  ->  Index Scan using sbtest2_pkey on sbtest2  (cost=0.43..40.93 rows=10 width=4)
	        Index Cond: ((id >= 7323807) AND (id <= 7323816))

table 3 : explain SELECT SUM(k) FROM sbtest3 WHERE id BETWEEN 9266525 AND 9266534
	Aggregate  (cost=41.25..41.26 rows=1 width=8)
	  ->  Index Scan using sbtest3_pkey on sbtest3  (cost=0.43..41.23 rows=10 width=4)
	        Index Cond: ((id >= 9266525) AND (id <= 9266534))

table 4 : explain SELECT SUM(k) FROM sbtest4 WHERE id BETWEEN 5019669 AND 5019678
	Aggregate  (cost=44.70..44.71 rows=1 width=8)
	  ->  Index Scan using sbtest4_pkey on sbtest4  (cost=0.43..44.67 rows=11 width=4)
	        Index Cond: ((id >= 5019669) AND (id <= 5019678))

table 5 : explain SELECT SUM(k) FROM sbtest5 WHERE id BETWEEN 1697115 AND 1697124
	Aggregate  (cost=40.42..40.43 rows=1 width=8)
	  ->  Index Scan using sbtest5_pkey on sbtest5  (cost=0.43..40.39 rows=10 width=4)
	        Index Cond: ((id >= 1697115) AND (id <= 1697124))

table 6 : explain SELECT SUM(k) FROM sbtest6 WHERE id BETWEEN 9724534 AND 9724543
	Aggregate  (cost=40.12..40.13 rows=1 width=8)
	  ->  Index Scan using sbtest6_pkey on sbtest6  (cost=0.43..40.09 rows=10 width=4)
	        Index Cond: ((id >= 9724534) AND (id <= 9724543))

table 7 : explain SELECT SUM(k) FROM sbtest7 WHERE id BETWEEN 6814499 AND 6814508
	Aggregate  (cost=39.74..39.75 rows=1 width=8)
	  ->  Index Scan using sbtest7_pkey on sbtest7  (cost=0.43..39.72 rows=10 width=4)
	        Index Cond: ((id >= 6814499) AND (id <= 6814508))

table 8 : explain SELECT SUM(k) FROM sbtest8 WHERE id BETWEEN 2369673 AND 2369682
	Aggregate  (cost=40.00..40.01 rows=1 width=8)
	  ->  Index Scan using sbtest8_pkey on sbtest8  (cost=0.43..39.98 rows=10 width=4)
	        Index Cond: ((id >= 2369673) AND (id <= 2369682))

explain: for deletes :: explain DELETE FROM sbtest%u WHERE id=%u
for: distinct_ranges
table 1 : explain SELECT DISTINCT c FROM sbtest1 WHERE id BETWEEN 3530639 AND 3530648 ORDER BY c
	Unique  (cost=41.13..41.18 rows=10 width=121)
	  ->  Sort  (cost=41.13..41.15 rows=10 width=121)
	        Sort Key: c
	        ->  Index Scan using sbtest1_pkey on sbtest1  (cost=0.43..40.96 rows=10 width=121)
	              Index Cond: ((id >= 3530639) AND (id <= 3530648))

table 2 : explain SELECT DISTINCT c FROM sbtest2 WHERE id BETWEEN 7682481 AND 7682490 ORDER BY c
	Unique  (cost=41.09..41.14 rows=10 width=121)
	  ->  Sort  (cost=41.09..41.12 rows=10 width=121)
	        Sort Key: c
	        ->  Index Scan using sbtest2_pkey on sbtest2  (cost=0.43..40.93 rows=10 width=121)
	              Index Cond: ((id >= 7682481) AND (id <= 7682490))

table 3 : explain SELECT DISTINCT c FROM sbtest3 WHERE id BETWEEN 561332 AND 561341 ORDER BY c
	Unique  (cost=41.39..41.44 rows=10 width=121)
	  ->  Sort  (cost=41.39..41.42 rows=10 width=121)
	        Sort Key: c
	        ->  Index Scan using sbtest3_pkey on sbtest3  (cost=0.43..41.23 rows=10 width=121)
	              Index Cond: ((id >= 561332) AND (id <= 561341))

table 4 : explain SELECT DISTINCT c FROM sbtest4 WHERE id BETWEEN 256021 AND 256030 ORDER BY c
	Unique  (cost=37.57..37.62 rows=9 width=121)
	  ->  Sort  (cost=37.57..37.59 rows=9 width=121)
	        Sort Key: c
	        ->  Index Scan using sbtest4_pkey on sbtest4  (cost=0.43..37.43 rows=9 width=121)
	              Index Cond: ((id >= 256021) AND (id <= 256030))

table 5 : explain SELECT DISTINCT c FROM sbtest5 WHERE id BETWEEN 5683003 AND 5683012 ORDER BY c
	Unique  (cost=40.56..40.61 rows=10 width=121)
	  ->  Sort  (cost=40.56..40.58 rows=10 width=121)
	        Sort Key: c
	        ->  Index Scan using sbtest5_pkey on sbtest5  (cost=0.43..40.39 rows=10 width=121)
	              Index Cond: ((id >= 5683003) AND (id <= 5683012))

table 6 : explain SELECT DISTINCT c FROM sbtest6 WHERE id BETWEEN 7405141 AND 7405150 ORDER BY c
	Unique  (cost=40.26..40.31 rows=10 width=121)
	  ->  Sort  (cost=40.26..40.28 rows=10 width=121)
	        Sort Key: c
	        ->  Index Scan using sbtest6_pkey on sbtest6  (cost=0.43..40.09 rows=10 width=121)
	              Index Cond: ((id >= 7405141) AND (id <= 7405150))

table 7 : explain SELECT DISTINCT c FROM sbtest7 WHERE id BETWEEN 5922921 AND 5922930 ORDER BY c
	Unique  (cost=39.89..39.94 rows=10 width=121)
	  ->  Sort  (cost=39.89..39.91 rows=10 width=121)
	        Sort Key: c
	        ->  Index Scan using sbtest7_pkey on sbtest7  (cost=0.43..39.72 rows=10 width=121)
	              Index Cond: ((id >= 5922921) AND (id <= 5922930))

table 8 : explain SELECT DISTINCT c FROM sbtest8 WHERE id BETWEEN 9021107 AND 9021116 ORDER BY c
	Unique  (cost=36.62..36.66 rows=9 width=121)
	  ->  Sort  (cost=36.62..36.64 rows=9 width=121)
	        Sort Key: c
	        ->  Index Scan using sbtest8_pkey on sbtest8  (cost=0.43..36.47 rows=9 width=121)
	              Index Cond: ((id >= 9021107) AND (id <= 9021116))

explain: for non_index_updates :: explain UPDATE sbtest%u SET c='foobar' WHERE id=%u
explain: for index_updates :: explain UPDATE sbtest%u SET k=k+1 WHERE id=%u
for point_selects
table 1 : explain SELECT c FROM sbtest1 WHERE id=5091489
	Index Scan using sbtest1_pkey on sbtest1  (cost=0.43..8.45 rows=1 width=121)
	  Index Cond: (id = 5091489)

table 2 : explain SELECT c FROM sbtest2 WHERE id=1765930
	Index Scan using sbtest2_pkey on sbtest2  (cost=0.43..8.45 rows=1 width=121)
	  Index Cond: (id = 1765930)

table 3 : explain SELECT c FROM sbtest3 WHERE id=8442916
	Index Scan using sbtest3_pkey on sbtest3  (cost=0.43..8.45 rows=1 width=121)
	  Index Cond: (id = 8442916)

table 4 : explain SELECT c FROM sbtest4 WHERE id=6740928
	Index Scan using sbtest4_pkey on sbtest4  (cost=0.43..8.45 rows=1 width=121)
	  Index Cond: (id = 6740928)

table 5 : explain SELECT c FROM sbtest5 WHERE id=4862178
	Index Scan using sbtest5_pkey on sbtest5  (cost=0.43..8.45 rows=1 width=121)
	  Index Cond: (id = 4862178)

table 6 : explain SELECT c FROM sbtest6 WHERE id=4760138
	Index Scan using sbtest6_pkey on sbtest6  (cost=0.43..8.45 rows=1 width=121)
	  Index Cond: (id = 4760138)

table 7 : explain SELECT c FROM sbtest7 WHERE id=164755
	Index Scan using sbtest7_pkey on sbtest7  (cost=0.43..8.45 rows=1 width=121)
	  Index Cond: (id = 164755)

table 8 : explain SELECT c FROM sbtest8 WHERE id=5239776
	Index Scan using sbtest8_pkey on sbtest8  (cost=0.43..8.45 rows=1 width=121)
	  Index Cond: (id = 5239776)

for non_index_updates
table 1 : explain UPDATE sbtest1 SET c='foobar' WHERE id=6628126
	Update on sbtest1  (cost=0.43..8.45 rows=0 width=0)
	  ->  Index Scan using sbtest1_pkey on sbtest1  (cost=0.43..8.45 rows=1 width=490)
	        Index Cond: (id = 6628126)

table 2 : explain UPDATE sbtest2 SET c='foobar' WHERE id=8964466
	Update on sbtest2  (cost=0.43..8.45 rows=0 width=0)
	  ->  Index Scan using sbtest2_pkey on sbtest2  (cost=0.43..8.45 rows=1 width=490)
	        Index Cond: (id = 8964466)

table 3 : explain UPDATE sbtest3 SET c='foobar' WHERE id=1484950
	Update on sbtest3  (cost=0.43..8.45 rows=0 width=0)
	  ->  Index Scan using sbtest3_pkey on sbtest3  (cost=0.43..8.45 rows=1 width=490)
	        Index Cond: (id = 1484950)

table 4 : explain UPDATE sbtest4 SET c='foobar' WHERE id=7008725
	Update on sbtest4  (cost=0.43..8.45 rows=0 width=0)
	  ->  Index Scan using sbtest4_pkey on sbtest4  (cost=0.43..8.45 rows=1 width=490)
	        Index Cond: (id = 7008725)

table 5 : explain UPDATE sbtest5 SET c='foobar' WHERE id=3547044
	Update on sbtest5  (cost=0.43..8.45 rows=0 width=0)
	  ->  Index Scan using sbtest5_pkey on sbtest5  (cost=0.43..8.45 rows=1 width=490)
	        Index Cond: (id = 3547044)

table 6 : explain UPDATE sbtest6 SET c='foobar' WHERE id=1675677
	Update on sbtest6  (cost=0.43..8.45 rows=0 width=0)
	  ->  Index Scan using sbtest6_pkey on sbtest6  (cost=0.43..8.45 rows=1 width=490)
	        Index Cond: (id = 1675677)

table 7 : explain UPDATE sbtest7 SET c='foobar' WHERE id=5563900
	Update on sbtest7  (cost=0.43..8.45 rows=0 width=0)
	  ->  Index Scan using sbtest7_pkey on sbtest7  (cost=0.43..8.45 rows=1 width=490)
	        Index Cond: (id = 5563900)

table 8 : explain UPDATE sbtest8 SET c='foobar' WHERE id=3453733
	Update on sbtest8  (cost=0.43..8.45 rows=0 width=0)
	  ->  Index Scan using sbtest8_pkey on sbtest8  (cost=0.43..8.45 rows=1 width=490)
	        Index Cond: (id = 3453733)

for non_index_updates
table 1 : explain UPDATE sbtest1 SET c='foobar' WHERE id=4828427
	Update on sbtest1  (cost=0.43..8.45 rows=0 width=0)
	  ->  Index Scan using sbtest1_pkey on sbtest1  (cost=0.43..8.45 rows=1 width=490)
	        Index Cond: (id = 4828427)

table 2 : explain UPDATE sbtest2 SET c='foobar' WHERE id=4171129
	Update on sbtest2  (cost=0.43..8.45 rows=0 width=0)
	  ->  Index Scan using sbtest2_pkey on sbtest2  (cost=0.43..8.45 rows=1 width=490)
	        Index Cond: (id = 4171129)

table 3 : explain UPDATE sbtest3 SET c='foobar' WHERE id=785129
	Update on sbtest3  (cost=0.43..8.45 rows=0 width=0)
	  ->  Index Scan using sbtest3_pkey on sbtest3  (cost=0.43..8.45 rows=1 width=490)
	        Index Cond: (id = 785129)

table 4 : explain UPDATE sbtest4 SET c='foobar' WHERE id=7856046
	Update on sbtest4  (cost=0.43..8.45 rows=0 width=0)
	  ->  Index Scan using sbtest4_pkey on sbtest4  (cost=0.43..8.45 rows=1 width=490)
	        Index Cond: (id = 7856046)

table 5 : explain UPDATE sbtest5 SET c='foobar' WHERE id=2469004
	Update on sbtest5  (cost=0.43..8.45 rows=0 width=0)
	  ->  Index Scan using sbtest5_pkey on sbtest5  (cost=0.43..8.45 rows=1 width=490)
	        Index Cond: (id = 2469004)

table 6 : explain UPDATE sbtest6 SET c='foobar' WHERE id=6501918
	Update on sbtest6  (cost=0.43..8.45 rows=0 width=0)
	  ->  Index Scan using sbtest6_pkey on sbtest6  (cost=0.43..8.45 rows=1 width=490)
	        Index Cond: (id = 6501918)

table 7 : explain UPDATE sbtest7 SET c='foobar' WHERE id=4711761
	Update on sbtest7  (cost=0.43..8.45 rows=0 width=0)
	  ->  Index Scan using sbtest7_pkey on sbtest7  (cost=0.43..8.45 rows=1 width=490)
	        Index Cond: (id = 4711761)

table 8 : explain UPDATE sbtest8 SET c='foobar' WHERE id=9986671
	Update on sbtest8  (cost=0.43..8.45 rows=0 width=0)
	  ->  Index Scan using sbtest8_pkey on sbtest8  (cost=0.43..8.45 rows=1 width=490)
	        Index Cond: (id = 9986671)

for inserts
table 1 : explain INSERT INTO sbtest1 (id, k, c, pad) VALUES (8255073, 13, 'foobar', 'foobar')
	Insert on sbtest1  (cost=0.00..0.01 rows=0 width=0)
	  ->  Result  (cost=0.00..0.01 rows=1 width=736)

table 2 : explain INSERT INTO sbtest2 (id, k, c, pad) VALUES (7659490, 13, 'foobar', 'foobar')
	Insert on sbtest2  (cost=0.00..0.01 rows=0 width=0)
	  ->  Result  (cost=0.00..0.01 rows=1 width=736)

table 3 : explain INSERT INTO sbtest3 (id, k, c, pad) VALUES (3886537, 13, 'foobar', 'foobar')
	Insert on sbtest3  (cost=0.00..0.01 rows=0 width=0)
	  ->  Result  (cost=0.00..0.01 rows=1 width=736)

table 4 : explain INSERT INTO sbtest4 (id, k, c, pad) VALUES (8858347, 13, 'foobar', 'foobar')
	Insert on sbtest4  (cost=0.00..0.01 rows=0 width=0)
	  ->  Result  (cost=0.00..0.01 rows=1 width=736)

table 5 : explain INSERT INTO sbtest5 (id, k, c, pad) VALUES (390152, 13, 'foobar', 'foobar')
	Insert on sbtest5  (cost=0.00..0.01 rows=0 width=0)
	  ->  Result  (cost=0.00..0.01 rows=1 width=736)

table 6 : explain INSERT INTO sbtest6 (id, k, c, pad) VALUES (5760117, 13, 'foobar', 'foobar')
	Insert on sbtest6  (cost=0.00..0.01 rows=0 width=0)
	  ->  Result  (cost=0.00..0.01 rows=1 width=736)

table 7 : explain INSERT INTO sbtest7 (id, k, c, pad) VALUES (9124425, 13, 'foobar', 'foobar')
	Insert on sbtest7  (cost=0.00..0.01 rows=0 width=0)
	  ->  Result  (cost=0.00..0.01 rows=1 width=736)

table 8 : explain INSERT INTO sbtest8 (id, k, c, pad) VALUES (2802689, 13, 'foobar', 'foobar')
	Insert on sbtest8  (cost=0.00..0.01 rows=0 width=0)
	  ->  Result  (cost=0.00..0.01 rows=1 width=736)

for inserts
table 1 : explain INSERT INTO sbtest1 (id, k, c, pad) VALUES (8740589, 13, 'foobar', 'foobar')
	Insert on sbtest1  (cost=0.00..0.01 rows=0 width=0)
	  ->  Result  (cost=0.00..0.01 rows=1 width=736)

table 2 : explain INSERT INTO sbtest2 (id, k, c, pad) VALUES (7949863, 13, 'foobar', 'foobar')
	Insert on sbtest2  (cost=0.00..0.01 rows=0 width=0)
	  ->  Result  (cost=0.00..0.01 rows=1 width=736)

table 3 : explain INSERT INTO sbtest3 (id, k, c, pad) VALUES (9677047, 13, 'foobar', 'foobar')
	Insert on sbtest3  (cost=0.00..0.01 rows=0 width=0)
	  ->  Result  (cost=0.00..0.01 rows=1 width=736)

table 4 : explain INSERT INTO sbtest4 (id, k, c, pad) VALUES (6512834, 13, 'foobar', 'foobar')
	Insert on sbtest4  (cost=0.00..0.01 rows=0 width=0)
	  ->  Result  (cost=0.00..0.01 rows=1 width=736)

table 5 : explain INSERT INTO sbtest5 (id, k, c, pad) VALUES (664530, 13, 'foobar', 'foobar')
	Insert on sbtest5  (cost=0.00..0.01 rows=0 width=0)
	  ->  Result  (cost=0.00..0.01 rows=1 width=736)

table 6 : explain INSERT INTO sbtest6 (id, k, c, pad) VALUES (957246, 13, 'foobar', 'foobar')
	Insert on sbtest6  (cost=0.00..0.01 rows=0 width=0)
	  ->  Result  (cost=0.00..0.01 rows=1 width=736)

table 7 : explain INSERT INTO sbtest7 (id, k, c, pad) VALUES (7534672, 13, 'foobar', 'foobar')
	Insert on sbtest7  (cost=0.00..0.01 rows=0 width=0)
	  ->  Result  (cost=0.00..0.01 rows=1 width=736)

table 8 : explain INSERT INTO sbtest8 (id, k, c, pad) VALUES (8300231, 13, 'foobar', 'foobar')
	Insert on sbtest8  (cost=0.00..0.01 rows=0 width=0)
	  ->  Result  (cost=0.00..0.01 rows=1 width=736)
for inserts
table 1 : explain INSERT INTO sbtest1 (id, k, c, pad) VALUES (9849038, 13, 'foobar', 'foobar')
	Insert on sbtest1  (cost=0.00..0.01 rows=0 width=0)
	  ->  Result  (cost=0.00..0.01 rows=1 width=736)

table 2 : explain INSERT INTO sbtest2 (id, k, c, pad) VALUES (7549075, 13, 'foobar', 'foobar')
	Insert on sbtest2  (cost=0.00..0.01 rows=0 width=0)
	  ->  Result  (cost=0.00..0.01 rows=1 width=736)

table 3 : explain INSERT INTO sbtest3 (id, k, c, pad) VALUES (6712414, 13, 'foobar', 'foobar')
	Insert on sbtest3  (cost=0.00..0.01 rows=0 width=0)
	  ->  Result  (cost=0.00..0.01 rows=1 width=736)

table 4 : explain INSERT INTO sbtest4 (id, k, c, pad) VALUES (6257267, 13, 'foobar', 'foobar')
	Insert on sbtest4  (cost=0.00..0.01 rows=0 width=0)
	  ->  Result  (cost=0.00..0.01 rows=1 width=736)

table 5 : explain INSERT INTO sbtest5 (id, k, c, pad) VALUES (9580442, 13, 'foobar', 'foobar')
	Insert on sbtest5  (cost=0.00..0.01 rows=0 width=0)
	  ->  Result  (cost=0.00..0.01 rows=1 width=736)

table 6 : explain INSERT INTO sbtest6 (id, k, c, pad) VALUES (7435513, 13, 'foobar', 'foobar')
	Insert on sbtest6  (cost=0.00..0.01 rows=0 width=0)
	  ->  Result  (cost=0.00..0.01 rows=1 width=736)

table 7 : explain INSERT INTO sbtest7 (id, k, c, pad) VALUES (1766423, 13, 'foobar', 'foobar')
	Insert on sbtest7  (cost=0.00..0.01 rows=0 width=0)
	  ->  Result  (cost=0.00..0.01 rows=1 width=736)

table 8 : explain INSERT INTO sbtest8 (id, k, c, pad) VALUES (799684, 13, 'foobar', 'foobar')
	Insert on sbtest8  (cost=0.00..0.01 rows=0 width=0)
	  ->  Result  (cost=0.00..0.01 rows=1 width=736)


for: distinct_ranges
table 1 : explain SELECT DISTINCT c FROM sbtest1 WHERE id BETWEEN 8519370 AND 8519379 ORDER BY c
	Unique  (cost=41.13..41.18 rows=10 width=121)
	  ->  Sort  (cost=41.13..41.15 rows=10 width=121)
	        Sort Key: c
	        ->  Index Scan using sbtest1_pkey on sbtest1  (cost=0.43..40.96 rows=10 width=121)
	              Index Cond: ((id >= 8519370) AND (id <= 8519379))

table 2 : explain SELECT DISTINCT c FROM sbtest2 WHERE id BETWEEN 4658849 AND 4658858 ORDER BY c
	Unique  (cost=37.46..37.51 rows=9 width=121)
	  ->  Sort  (cost=37.46..37.48 rows=9 width=121)
	        Sort Key: c
	        ->  Index Scan using sbtest2_pkey on sbtest2  (cost=0.43..37.32 rows=9 width=121)
	              Index Cond: ((id >= 4658849) AND (id <= 4658858))

table 3 : explain SELECT DISTINCT c FROM sbtest3 WHERE id BETWEEN 2763077 AND 2763086 ORDER BY c
	Unique  (cost=41.39..41.44 rows=10 width=121)
	  ->  Sort  (cost=41.39..41.42 rows=10 width=121)
	        Sort Key: c
	        ->  Index Scan using sbtest3_pkey on sbtest3  (cost=0.43..41.23 rows=10 width=121)
	              Index Cond: ((id >= 2763077) AND (id <= 2763086))

table 4 : explain SELECT DISTINCT c FROM sbtest4 WHERE id BETWEEN 6379197 AND 6379206 ORDER BY c
	Unique  (cost=37.57..37.62 rows=9 width=121)
	  ->  Sort  (cost=37.57..37.59 rows=9 width=121)
	        Sort Key: c
	        ->  Index Scan using sbtest4_pkey on sbtest4  (cost=0.43..37.43 rows=9 width=121)
	              Index Cond: ((id >= 6379197) AND (id <= 6379206))

table 5 : explain SELECT DISTINCT c FROM sbtest5 WHERE id BETWEEN 2851252 AND 2851261 ORDER BY c
	Unique  (cost=40.56..40.61 rows=10 width=121)
	  ->  Sort  (cost=40.56..40.58 rows=10 width=121)
	        Sort Key: c
	        ->  Index Scan using sbtest5_pkey on sbtest5  (cost=0.43..40.39 rows=10 width=121)
	              Index Cond: ((id >= 2851252) AND (id <= 2851261))

table 6 : explain SELECT DISTINCT c FROM sbtest6 WHERE id BETWEEN 6339205 AND 6339214 ORDER BY c
	Unique  (cost=40.26..40.31 rows=10 width=121)
	  ->  Sort  (cost=40.26..40.28 rows=10 width=121)
	        Sort Key: c
	        ->  Index Scan using sbtest6_pkey on sbtest6  (cost=0.43..40.09 rows=10 width=121)
	              Index Cond: ((id >= 6339205) AND (id <= 6339214))

table 7 : explain SELECT DISTINCT c FROM sbtest7 WHERE id BETWEEN 1287246 AND 1287255 ORDER BY c
	Unique  (cost=39.89..39.94 rows=10 width=121)
	  ->  Sort  (cost=39.89..39.91 rows=10 width=121)
	        Sort Key: c
	        ->  Index Scan using sbtest7_pkey on sbtest7  (cost=0.43..39.72 rows=10 width=121)
	              Index Cond: ((id >= 1287246) AND (id <= 1287255))

table 8 : explain SELECT DISTINCT c FROM sbtest8 WHERE id BETWEEN 6258302 AND 6258311 ORDER BY c
	Unique  (cost=36.62..36.66 rows=9 width=121)
	  ->  Sort  (cost=36.62..36.64 rows=9 width=121)
	        Sort Key: c
	        ->  Index Scan using sbtest8_pkey on sbtest8  (cost=0.43..36.47 rows=9 width=121)
	              Index Cond: ((id >= 6258302) AND (id <= 6258311))

for deletes
table 1 : explain DELETE FROM sbtest1 WHERE id=9368287
	Delete on sbtest1  (cost=0.43..8.45 rows=0 width=0)
	  ->  Index Scan using sbtest1_pkey on sbtest1  (cost=0.43..8.45 rows=1 width=6)
	        Index Cond: (id = 9368287)

table 2 : explain DELETE FROM sbtest2 WHERE id=5877624
	Delete on sbtest2  (cost=0.43..8.45 rows=0 width=0)
	  ->  Index Scan using sbtest2_pkey on sbtest2  (cost=0.43..8.45 rows=1 width=6)
	        Index Cond: (id = 5877624)

table 3 : explain DELETE FROM sbtest3 WHERE id=3166581
	Delete on sbtest3  (cost=0.43..8.45 rows=0 width=0)
	  ->  Index Scan using sbtest3_pkey on sbtest3  (cost=0.43..8.45 rows=1 width=6)
	        Index Cond: (id = 3166581)

table 4 : explain DELETE FROM sbtest4 WHERE id=9899956
	Delete on sbtest4  (cost=0.43..8.45 rows=0 width=0)
	  ->  Index Scan using sbtest4_pkey on sbtest4  (cost=0.43..8.45 rows=1 width=6)
	        Index Cond: (id = 9899956)

table 5 : explain DELETE FROM sbtest5 WHERE id=3919807
	Delete on sbtest5  (cost=0.43..8.45 rows=0 width=0)
	  ->  Index Scan using sbtest5_pkey on sbtest5  (cost=0.43..8.45 rows=1 width=6)
	        Index Cond: (id = 3919807)

table 6 : explain DELETE FROM sbtest6 WHERE id=7851993
	Delete on sbtest6  (cost=0.43..8.45 rows=0 width=0)
	  ->  Index Scan using sbtest6_pkey on sbtest6  (cost=0.43..8.45 rows=1 width=6)
	        Index Cond: (id = 7851993)

table 7 : explain DELETE FROM sbtest7 WHERE id=7110868
	Delete on sbtest7  (cost=0.43..8.45 rows=0 width=0)
	  ->  Index Scan using sbtest7_pkey on sbtest7  (cost=0.43..8.45 rows=1 width=6)
	        Index Cond: (id = 7110868)

table 8 : explain DELETE FROM sbtest8 WHERE id=6987746
	Delete on sbtest8  (cost=0.43..8.45 rows=0 width=0)
	  ->  Index Scan using sbtest8_pkey on sbtest8  (cost=0.43..8.45 rows=1 width=6)
	        Index Cond: (id = 6987746)
explain: for index_updates :: explain UPDATE sbtest%u SET k=k+1 WHERE id=%u

explain: for deletes :: explain DELETE FROM sbtest%u WHERE id=%u
explain: for deletes :: explain DELETE FROM sbtest%u WHERE id=%u
for: simple_ranges
table 1 : explain SELECT c FROM sbtest1 WHERE id BETWEEN 8666114 AND 8666123
	Index Scan using sbtest1_pkey on sbtest1  (cost=0.43..40.96 rows=10 width=121)
	  Index Cond: ((id >= 8666114) AND (id <= 8666123))

table 2 : explain SELECT c FROM sbtest2 WHERE id BETWEEN 2799830 AND 2799839
	Index Scan using sbtest2_pkey on sbtest2  (cost=0.43..44.54 rows=11 width=121)
	  Index Cond: ((id >= 2799830) AND (id <= 2799839))

table 3 : explain SELECT c FROM sbtest3 WHERE id BETWEEN 6477052 AND 6477061
	Index Scan using sbtest3_pkey on sbtest3  (cost=0.43..37.58 rows=9 width=121)
	  Index Cond: ((id >= 6477052) AND (id <= 6477061))

table 4 : explain SELECT c FROM sbtest4 WHERE id BETWEEN 8601111 AND 8601120
	Index Scan using sbtest4_pkey on sbtest4  (cost=0.43..44.67 rows=11 width=121)
	  Index Cond: ((id >= 8601111) AND (id <= 8601120))

table 5 : explain SELECT c FROM sbtest5 WHERE id BETWEEN 5857906 AND 5857915
	Index Scan using sbtest5_pkey on sbtest5  (cost=0.43..40.39 rows=10 width=121)
	  Index Cond: ((id >= 5857906) AND (id <= 5857915))

table 6 : explain SELECT c FROM sbtest6 WHERE id BETWEEN 7398988 AND 7398997
	Index Scan using sbtest6_pkey on sbtest6  (cost=0.43..40.09 rows=10 width=121)
	  Index Cond: ((id >= 7398988) AND (id <= 7398997))

table 7 : explain SELECT c FROM sbtest7 WHERE id BETWEEN 4941546 AND 4941555
	Index Scan using sbtest7_pkey on sbtest7  (cost=0.43..36.25 rows=9 width=121)
	  Index Cond: ((id >= 4941546) AND (id <= 4941555))

table 8 : explain SELECT c FROM sbtest8 WHERE id BETWEEN 2336855 AND 2336864
	Index Scan using sbtest8_pkey on sbtest8  (cost=0.43..39.98 rows=10 width=121)
	  Index Cond: ((id >= 2336855) AND (id <= 2336864))

for non_index_updates
table 1 : explain UPDATE sbtest1 SET c='foobar' WHERE id=5838507
	Update on sbtest1  (cost=0.43..8.45 rows=0 width=0)
	  ->  Index Scan using sbtest1_pkey on sbtest1  (cost=0.43..8.45 rows=1 width=490)
	        Index Cond: (id = 5838507)

table 2 : explain UPDATE sbtest2 SET c='foobar' WHERE id=7541517
	Update on sbtest2  (cost=0.43..8.45 rows=0 width=0)
	  ->  Index Scan using sbtest2_pkey on sbtest2  (cost=0.43..8.45 rows=1 width=490)
	        Index Cond: (id = 7541517)

table 3 : explain UPDATE sbtest3 SET c='foobar' WHERE id=8384357
	Update on sbtest3  (cost=0.43..8.45 rows=0 width=0)
	  ->  Index Scan using sbtest3_pkey on sbtest3  (cost=0.43..8.45 rows=1 width=490)
	        Index Cond: (id = 8384357)

table 4 : explain UPDATE sbtest4 SET c='foobar' WHERE id=6160852
	Update on sbtest4  (cost=0.43..8.45 rows=0 width=0)
	  ->  Index Scan using sbtest4_pkey on sbtest4  (cost=0.43..8.45 rows=1 width=490)
	        Index Cond: (id = 6160852)

table 5 : explain UPDATE sbtest5 SET c='foobar' WHERE id=7752467
	Update on sbtest5  (cost=0.43..8.45 rows=0 width=0)
	  ->  Index Scan using sbtest5_pkey on sbtest5  (cost=0.43..8.45 rows=1 width=490)
	        Index Cond: (id = 7752467)

table 6 : explain UPDATE sbtest6 SET c='foobar' WHERE id=5729603
	Update on sbtest6  (cost=0.43..8.45 rows=0 width=0)
	  ->  Index Scan using sbtest6_pkey on sbtest6  (cost=0.43..8.45 rows=1 width=490)
	        Index Cond: (id = 5729603)

table 7 : explain UPDATE sbtest7 SET c='foobar' WHERE id=6738574
	Update on sbtest7  (cost=0.43..8.45 rows=0 width=0)
	  ->  Index Scan using sbtest7_pkey on sbtest7  (cost=0.43..8.45 rows=1 width=490)
	        Index Cond: (id = 6738574)

table 8 : explain UPDATE sbtest8 SET c='foobar' WHERE id=999998
	Update on sbtest8  (cost=0.43..8.45 rows=0 width=0)
	  ->  Index Scan using sbtest8_pkey on sbtest8  (cost=0.43..8.45 rows=1 width=490)
	        Index Cond: (id = 999998)

for index_updates
table 1 : explain UPDATE sbtest1 SET k=k+1 WHERE id=541026
	Update on sbtest1  (cost=0.43..8.46 rows=0 width=0)
	  ->  Index Scan using sbtest1_pkey on sbtest1  (cost=0.43..8.46 rows=1 width=10)
	        Index Cond: (id = 541026)

table 2 : explain UPDATE sbtest2 SET k=k+1 WHERE id=2662702
	Update on sbtest2  (cost=0.43..8.46 rows=0 width=0)
	  ->  Index Scan using sbtest2_pkey on sbtest2  (cost=0.43..8.46 rows=1 width=10)
	        Index Cond: (id = 2662702)

table 3 : explain UPDATE sbtest3 SET k=k+1 WHERE id=9054703
	Update on sbtest3  (cost=0.43..8.46 rows=0 width=0)
	  ->  Index Scan using sbtest3_pkey on sbtest3  (cost=0.43..8.46 rows=1 width=10)
	        Index Cond: (id = 9054703)

table 4 : explain UPDATE sbtest4 SET k=k+1 WHERE id=1100010
	Update on sbtest4  (cost=0.43..8.46 rows=0 width=0)
	  ->  Index Scan using sbtest4_pkey on sbtest4  (cost=0.43..8.46 rows=1 width=10)
	        Index Cond: (id = 1100010)

table 5 : explain UPDATE sbtest5 SET k=k+1 WHERE id=4686554
	Update on sbtest5  (cost=0.43..8.46 rows=0 width=0)
	  ->  Index Scan using sbtest5_pkey on sbtest5  (cost=0.43..8.46 rows=1 width=10)
	        Index Cond: (id = 4686554)

table 6 : explain UPDATE sbtest6 SET k=k+1 WHERE id=5571274
	Update on sbtest6  (cost=0.43..8.46 rows=0 width=0)
	  ->  Index Scan using sbtest6_pkey on sbtest6  (cost=0.43..8.46 rows=1 width=10)
	        Index Cond: (id = 5571274)

table 7 : explain UPDATE sbtest7 SET k=k+1 WHERE id=5419106
	Update on sbtest7  (cost=0.43..8.46 rows=0 width=0)
	  ->  Index Scan using sbtest7_pkey on sbtest7  (cost=0.43..8.46 rows=1 width=10)
	        Index Cond: (id = 5419106)

table 8 : explain UPDATE sbtest8 SET k=k+1 WHERE id=3299675
	Update on sbtest8  (cost=0.43..8.46 rows=0 width=0)
	  ->  Index Scan using sbtest8_pkey on sbtest8  (cost=0.43..8.46 rows=1 width=10)
	        Index Cond: (id = 3299675)

for: sum_ranges
table 1 : explain SELECT SUM(k) FROM sbtest1 WHERE id BETWEEN 4943451 AND 4943460
	Aggregate  (cost=40.98..40.99 rows=1 width=8)
	  ->  Index Scan using sbtest1_pkey on sbtest1  (cost=0.43..40.96 rows=10 width=4)
	        Index Cond: ((id >= 4943451) AND (id <= 4943460))

table 2 : explain SELECT SUM(k) FROM sbtest2 WHERE id BETWEEN 2752382 AND 2752391
	Aggregate  (cost=44.56..44.57 rows=1 width=8)
	  ->  Index Scan using sbtest2_pkey on sbtest2  (cost=0.43..44.54 rows=11 width=4)
	        Index Cond: ((id >= 2752382) AND (id <= 2752391))

table 3 : explain SELECT SUM(k) FROM sbtest3 WHERE id BETWEEN 375894 AND 375903
	Aggregate  (cost=41.25..41.26 rows=1 width=8)
	  ->  Index Scan using sbtest3_pkey on sbtest3  (cost=0.43..41.23 rows=10 width=4)
	        Index Cond: ((id >= 375894) AND (id <= 375903))

table 4 : explain SELECT SUM(k) FROM sbtest4 WHERE id BETWEEN 8085919 AND 8085928
	Aggregate  (cost=37.45..37.46 rows=1 width=8)
	  ->  Index Scan using sbtest4_pkey on sbtest4  (cost=0.43..37.43 rows=9 width=4)
	        Index Cond: ((id >= 8085919) AND (id <= 8085928))

table 5 : explain SELECT SUM(k) FROM sbtest5 WHERE id BETWEEN 6975583 AND 6975592
	Aggregate  (cost=36.87..36.88 rows=1 width=8)
	  ->  Index Scan using sbtest5_pkey on sbtest5  (cost=0.43..36.85 rows=9 width=4)
	        Index Cond: ((id >= 6975583) AND (id <= 6975592))

table 6 : explain SELECT SUM(k) FROM sbtest6 WHERE id BETWEEN 8470804 AND 8470813
	Aggregate  (cost=40.12..40.13 rows=1 width=8)
	  ->  Index Scan using sbtest6_pkey on sbtest6  (cost=0.43..40.09 rows=10 width=4)
	        Index Cond: ((id >= 8470804) AND (id <= 8470813))

table 7 : explain SELECT SUM(k) FROM sbtest7 WHERE id BETWEEN 8070734 AND 8070743
	Aggregate  (cost=39.74..39.75 rows=1 width=8)
	  ->  Index Scan using sbtest7_pkey on sbtest7  (cost=0.43..39.72 rows=10 width=4)
	        Index Cond: ((id >= 8070734) AND (id <= 8070743))

table 8 : explain SELECT SUM(k) FROM sbtest8 WHERE id BETWEEN 7141639 AND 7141648
	Aggregate  (cost=40.00..40.01 rows=1 width=8)
	  ->  Index Scan using sbtest8_pkey on sbtest8  (cost=0.43..39.98 rows=10 width=4)
	        Index Cond: ((id >= 7141639) AND (id <= 7141648))

explain: for index_updates :: explain UPDATE sbtest%u SET k=k+1 WHERE id=%u
for: sum_ranges
table 1 : explain SELECT SUM(k) FROM sbtest1 WHERE id BETWEEN 2795806 AND 2795815
	Aggregate  (cost=37.37..37.38 rows=1 width=8)
	  ->  Index Scan using sbtest1_pkey on sbtest1  (cost=0.43..37.35 rows=9 width=4)
	        Index Cond: ((id >= 2795806) AND (id <= 2795815))

table 2 : explain SELECT SUM(k) FROM sbtest2 WHERE id BETWEEN 2242117 AND 2242126
	Aggregate  (cost=44.56..44.57 rows=1 width=8)
	  ->  Index Scan using sbtest2_pkey on sbtest2  (cost=0.43..44.54 rows=11 width=4)
	        Index Cond: ((id >= 2242117) AND (id <= 2242126))

table 3 : explain SELECT SUM(k) FROM sbtest3 WHERE id BETWEEN 2099554 AND 2099563
	Aggregate  (cost=44.89..44.90 rows=1 width=8)
	  ->  Index Scan using sbtest3_pkey on sbtest3  (cost=0.43..44.87 rows=11 width=4)
	        Index Cond: ((id >= 2099554) AND (id <= 2099563))

table 4 : explain SELECT SUM(k) FROM sbtest4 WHERE id BETWEEN 6791129 AND 6791138
	Aggregate  (cost=41.08..41.09 rows=1 width=8)
	  ->  Index Scan using sbtest4_pkey on sbtest4  (cost=0.43..41.05 rows=10 width=4)
	        Index Cond: ((id >= 6791129) AND (id <= 6791138))

table 5 : explain SELECT SUM(k) FROM sbtest5 WHERE id BETWEEN 7236181 AND 7236190
	Aggregate  (cost=40.42..40.43 rows=1 width=8)
	  ->  Index Scan using sbtest5_pkey on sbtest5  (cost=0.43..40.39 rows=10 width=4)
	        Index Cond: ((id >= 7236181) AND (id <= 7236190))

table 6 : explain SELECT SUM(k) FROM sbtest6 WHERE id BETWEEN 4941335 AND 4941344
	Aggregate  (cost=43.63..43.64 rows=1 width=8)
	  ->  Index Scan using sbtest6_pkey on sbtest6  (cost=0.43..43.61 rows=11 width=4)
	        Index Cond: ((id >= 4941335) AND (id <= 4941344))

table 7 : explain SELECT SUM(k) FROM sbtest7 WHERE id BETWEEN 1608706 AND 1608715
	Aggregate  (cost=39.74..39.75 rows=1 width=8)
	  ->  Index Scan using sbtest7_pkey on sbtest7  (cost=0.43..39.72 rows=10 width=4)
	        Index Cond: ((id >= 1608706) AND (id <= 1608715))

table 8 : explain SELECT SUM(k) FROM sbtest8 WHERE id BETWEEN 3711342 AND 3711351
	Aggregate  (cost=40.00..40.01 rows=1 width=8)
	  ->  Index Scan using sbtest8_pkey on sbtest8  (cost=0.43..39.98 rows=10 width=4)
	        Index Cond: ((id >= 3711342) AND (id <= 3711351))

for: sum_ranges
table 1 : explain SELECT SUM(k) FROM sbtest1 WHERE id BETWEEN 4712487 AND 4712496
	Aggregate  (cost=40.98..40.99 rows=1 width=8)
	  ->  Index Scan using sbtest1_pkey on sbtest1  (cost=0.43..40.96 rows=10 width=4)
	        Index Cond: ((id >= 4712487) AND (id <= 4712496))

table 2 : explain SELECT SUM(k) FROM sbtest2 WHERE id BETWEEN 5016664 AND 5016673
	Aggregate  (cost=40.95..40.96 rows=1 width=8)
	  ->  Index Scan using sbtest2_pkey on sbtest2  (cost=0.43..40.93 rows=10 width=4)
	        Index Cond: ((id >= 5016664) AND (id <= 5016673))

table 3 : explain SELECT SUM(k) FROM sbtest3 WHERE id BETWEEN 2105150 AND 2105159
	Aggregate  (cost=44.89..44.90 rows=1 width=8)
	  ->  Index Scan using sbtest3_pkey on sbtest3  (cost=0.43..44.87 rows=11 width=4)
	        Index Cond: ((id >= 2105150) AND (id <= 2105159))

table 4 : explain SELECT SUM(k) FROM sbtest4 WHERE id BETWEEN 5294968 AND 5294977
	Aggregate  (cost=41.08..41.09 rows=1 width=8)
	  ->  Index Scan using sbtest4_pkey on sbtest4  (cost=0.43..41.05 rows=10 width=4)
	        Index Cond: ((id >= 5294968) AND (id <= 5294977))

table 5 : explain SELECT SUM(k) FROM sbtest5 WHERE id BETWEEN 6970195 AND 6970204
	Aggregate  (cost=36.87..36.88 rows=1 width=8)
	  ->  Index Scan using sbtest5_pkey on sbtest5  (cost=0.43..36.85 rows=9 width=4)
	        Index Cond: ((id >= 6970195) AND (id <= 6970204))

table 6 : explain SELECT SUM(k) FROM sbtest6 WHERE id BETWEEN 3930436 AND 3930445
	Aggregate  (cost=40.12..40.13 rows=1 width=8)
	  ->  Index Scan using sbtest6_pkey on sbtest6  (cost=0.43..40.09 rows=10 width=4)
	        Index Cond: ((id >= 3930436) AND (id <= 3930445))

table 7 : explain SELECT SUM(k) FROM sbtest7 WHERE id BETWEEN 5779029 AND 5779038
	Aggregate  (cost=39.74..39.75 rows=1 width=8)
	  ->  Index Scan using sbtest7_pkey on sbtest7  (cost=0.43..39.72 rows=10 width=4)
	        Index Cond: ((id >= 5779029) AND (id <= 5779038))

table 8 : explain SELECT SUM(k) FROM sbtest8 WHERE id BETWEEN 8546270 AND 8546279
	Aggregate  (cost=43.50..43.51 rows=1 width=8)
	  ->  Index Scan using sbtest8_pkey on sbtest8  (cost=0.43..43.48 rows=11 width=4)
	        Index Cond: ((id >= 8546270) AND (id <= 8546279))

for: sum_ranges
table 1 : explain SELECT SUM(k) FROM sbtest1 WHERE id BETWEEN 4309113 AND 4309122
	Aggregate  (cost=44.60..44.61 rows=1 width=8)
	  ->  Index Scan using sbtest1_pkey on sbtest1  (cost=0.43..44.57 rows=11 width=4)
	        Index Cond: ((id >= 4309113) AND (id <= 4309122))

table 2 : explain SELECT SUM(k) FROM sbtest2 WHERE id BETWEEN 3265755 AND 3265764
	Aggregate  (cost=40.95..40.96 rows=1 width=8)
	  ->  Index Scan using sbtest2_pkey on sbtest2  (cost=0.43..40.93 rows=10 width=4)
	        Index Cond: ((id >= 3265755) AND (id <= 3265764))

table 3 : explain SELECT SUM(k) FROM sbtest3 WHERE id BETWEEN 2820206 AND 2820215
	Aggregate  (cost=41.25..41.26 rows=1 width=8)
	  ->  Index Scan using sbtest3_pkey on sbtest3  (cost=0.43..41.23 rows=10 width=4)
	        Index Cond: ((id >= 2820206) AND (id <= 2820215))

table 4 : explain SELECT SUM(k) FROM sbtest4 WHERE id BETWEEN 2328314 AND 2328323
	Aggregate  (cost=41.08..41.09 rows=1 width=8)
	  ->  Index Scan using sbtest4_pkey on sbtest4  (cost=0.43..41.05 rows=10 width=4)
	        Index Cond: ((id >= 2328314) AND (id <= 2328323))

table 5 : explain SELECT SUM(k) FROM sbtest5 WHERE id BETWEEN 1394659 AND 1394668
	Aggregate  (cost=40.42..40.43 rows=1 width=8)
	  ->  Index Scan using sbtest5_pkey on sbtest5  (cost=0.43..40.39 rows=10 width=4)
	        Index Cond: ((id >= 1394659) AND (id <= 1394668))

table 6 : explain SELECT SUM(k) FROM sbtest6 WHERE id BETWEEN 4552452 AND 4552461
	Aggregate  (cost=40.12..40.13 rows=1 width=8)
	  ->  Index Scan using sbtest6_pkey on sbtest6  (cost=0.43..40.09 rows=10 width=4)
	        Index Cond: ((id >= 4552452) AND (id <= 4552461))

table 7 : explain SELECT SUM(k) FROM sbtest7 WHERE id BETWEEN 8630753 AND 8630762
	Aggregate  (cost=43.22..43.23 rows=1 width=8)
	  ->  Index Scan using sbtest7_pkey on sbtest7  (cost=0.43..43.19 rows=11 width=4)
	        Index Cond: ((id >= 8630753) AND (id <= 8630762))

table 8 : explain SELECT SUM(k) FROM sbtest8 WHERE id BETWEEN 7308313 AND 7308322
	Aggregate  (cost=36.50..36.51 rows=1 width=8)
	  ->  Index Scan using sbtest8_pkey on sbtest8  (cost=0.43..36.47 rows=9 width=4)
	        Index Cond: ((id >= 7308313) AND (id <= 7308322))

for: sum_ranges
table 1 : explain SELECT SUM(k) FROM sbtest1 WHERE id BETWEEN 1589733 AND 1589742
	Aggregate  (cost=40.98..40.99 rows=1 width=8)
	  ->  Index Scan using sbtest1_pkey on sbtest1  (cost=0.43..40.96 rows=10 width=4)
	        Index Cond: ((id >= 1589733) AND (id <= 1589742))

table 2 : explain SELECT SUM(k) FROM sbtest2 WHERE id BETWEEN 8385853 AND 8385862
	Aggregate  (cost=44.56..44.57 rows=1 width=8)
	  ->  Index Scan using sbtest2_pkey on sbtest2  (cost=0.43..44.54 rows=11 width=4)
	        Index Cond: ((id >= 8385853) AND (id <= 8385862))

table 3 : explain SELECT SUM(k) FROM sbtest3 WHERE id BETWEEN 866112 AND 866121
	Aggregate  (cost=44.89..44.90 rows=1 width=8)
	  ->  Index Scan using sbtest3_pkey on sbtest3  (cost=0.43..44.87 rows=11 width=4)
	        Index Cond: ((id >= 866112) AND (id <= 866121))

table 4 : explain SELECT SUM(k) FROM sbtest4 WHERE id BETWEEN 6414986 AND 6414995
	Aggregate  (cost=41.08..41.09 rows=1 width=8)
	  ->  Index Scan using sbtest4_pkey on sbtest4  (cost=0.43..41.05 rows=10 width=4)
	        Index Cond: ((id >= 6414986) AND (id <= 6414995))

table 5 : explain SELECT SUM(k) FROM sbtest5 WHERE id BETWEEN 9714850 AND 9714859
	Aggregate  (cost=40.42..40.43 rows=1 width=8)
	  ->  Index Scan using sbtest5_pkey on sbtest5  (cost=0.43..40.39 rows=10 width=4)
	        Index Cond: ((id >= 9714850) AND (id <= 9714859))

table 6 : explain SELECT SUM(k) FROM sbtest6 WHERE id BETWEEN 7419987 AND 7419996
	Aggregate  (cost=40.12..40.13 rows=1 width=8)
	  ->  Index Scan using sbtest6_pkey on sbtest6  (cost=0.43..40.09 rows=10 width=4)
	        Index Cond: ((id >= 7419987) AND (id <= 7419996))

table 7 : explain SELECT SUM(k) FROM sbtest7 WHERE id BETWEEN 7774888 AND 7774897
	Aggregate  (cost=39.74..39.75 rows=1 width=8)
	  ->  Index Scan using sbtest7_pkey on sbtest7  (cost=0.43..39.72 rows=10 width=4)
	        Index Cond: ((id >= 7774888) AND (id <= 7774897))

table 8 : explain SELECT SUM(k) FROM sbtest8 WHERE id BETWEEN 1062361 AND 1062370
	Aggregate  (cost=36.50..36.51 rows=1 width=8)
	  ->  Index Scan using sbtest8_pkey on sbtest8  (cost=0.43..36.47 rows=9 width=4)
	        Index Cond: ((id >= 1062361) AND (id <= 1062370))

for deletes
table 1 : explain DELETE FROM sbtest1 WHERE id=7819483
	Delete on sbtest1  (cost=0.43..8.45 rows=0 width=0)
	  ->  Index Scan using sbtest1_pkey on sbtest1  (cost=0.43..8.45 rows=1 width=6)
	        Index Cond: (id = 7819483)

table 2 : explain DELETE FROM sbtest2 WHERE id=5883261
	Delete on sbtest2  (cost=0.43..8.45 rows=0 width=0)
	  ->  Index Scan using sbtest2_pkey on sbtest2  (cost=0.43..8.45 rows=1 width=6)
	        Index Cond: (id = 5883261)

table 3 : explain DELETE FROM sbtest3 WHERE id=3903835
	Delete on sbtest3  (cost=0.43..8.45 rows=0 width=0)
	  ->  Index Scan using sbtest3_pkey on sbtest3  (cost=0.43..8.45 rows=1 width=6)
	        Index Cond: (id = 3903835)

table 4 : explain DELETE FROM sbtest4 WHERE id=2742824
	Delete on sbtest4  (cost=0.43..8.45 rows=0 width=0)
	  ->  Index Scan using sbtest4_pkey on sbtest4  (cost=0.43..8.45 rows=1 width=6)
	        Index Cond: (id = 2742824)

table 5 : explain DELETE FROM sbtest5 WHERE id=6884461
	Delete on sbtest5  (cost=0.43..8.45 rows=0 width=0)
	  ->  Index Scan using sbtest5_pkey on sbtest5  (cost=0.43..8.45 rows=1 width=6)
	        Index Cond: (id = 6884461)

table 6 : explain DELETE FROM sbtest6 WHERE id=1584111
	Delete on sbtest6  (cost=0.43..8.45 rows=0 width=0)
	  ->  Index Scan using sbtest6_pkey on sbtest6  (cost=0.43..8.45 rows=1 width=6)
	        Index Cond: (id = 1584111)

table 7 : explain DELETE FROM sbtest7 WHERE id=9864264
	Delete on sbtest7  (cost=0.43..8.45 rows=0 width=0)
	  ->  Index Scan using sbtest7_pkey on sbtest7  (cost=0.43..8.45 rows=1 width=6)
	        Index Cond: (id = 9864264)

table 8 : explain DELETE FROM sbtest8 WHERE id=4831318
	Delete on sbtest8  (cost=0.43..8.45 rows=0 width=0)
	  ->  Index Scan using sbtest8_pkey on sbtest8  (cost=0.43..8.45 rows=1 width=6)
	        Index Cond: (id = 4831318)

for deletes
table 1 : explain DELETE FROM sbtest1 WHERE id=710167
	Delete on sbtest1  (cost=0.43..8.45 rows=0 width=0)
	  ->  Index Scan using sbtest1_pkey on sbtest1  (cost=0.43..8.45 rows=1 width=6)
	        Index Cond: (id = 710167)

table 2 : explain DELETE FROM sbtest2 WHERE id=1978072
	Delete on sbtest2  (cost=0.43..8.45 rows=0 width=0)
	  ->  Index Scan using sbtest2_pkey on sbtest2  (cost=0.43..8.45 rows=1 width=6)
	        Index Cond: (id = 1978072)

table 3 : explain DELETE FROM sbtest3 WHERE id=1067449
	Delete on sbtest3  (cost=0.43..8.45 rows=0 width=0)
	  ->  Index Scan using sbtest3_pkey on sbtest3  (cost=0.43..8.45 rows=1 width=6)
	        Index Cond: (id = 1067449)

table 4 : explain DELETE FROM sbtest4 WHERE id=1707889
	Delete on sbtest4  (cost=0.43..8.45 rows=0 width=0)
	  ->  Index Scan using sbtest4_pkey on sbtest4  (cost=0.43..8.45 rows=1 width=6)
	        Index Cond: (id = 1707889)

table 5 : explain DELETE FROM sbtest5 WHERE id=4701178
	Delete on sbtest5  (cost=0.43..8.45 rows=0 width=0)
	  ->  Index Scan using sbtest5_pkey on sbtest5  (cost=0.43..8.45 rows=1 width=6)
	        Index Cond: (id = 4701178)

table 6 : explain DELETE FROM sbtest6 WHERE id=8918303
	Delete on sbtest6  (cost=0.43..8.45 rows=0 width=0)
	  ->  Index Scan using sbtest6_pkey on sbtest6  (cost=0.43..8.45 rows=1 width=6)
	        Index Cond: (id = 8918303)

table 7 : explain DELETE FROM sbtest7 WHERE id=9436911
	Delete on sbtest7  (cost=0.43..8.45 rows=0 width=0)
	  ->  Index Scan using sbtest7_pkey on sbtest7  (cost=0.43..8.45 rows=1 width=6)
	        Index Cond: (id = 9436911)

table 8 : explain DELETE FROM sbtest8 WHERE id=2888660
	Delete on sbtest8  (cost=0.43..8.45 rows=0 width=0)
	  ->  Index Scan using sbtest8_pkey on sbtest8  (cost=0.43..8.45 rows=1 width=6)
	        Index Cond: (id = 2888660)

explain: for deletes :: explain DELETE FROM sbtest%u WHERE id=%u
for index_updates
table 1 : explain UPDATE sbtest1 SET k=k+1 WHERE id=8176608
	Update on sbtest1  (cost=0.43..8.46 rows=0 width=0)
	  ->  Index Scan using sbtest1_pkey on sbtest1  (cost=0.43..8.46 rows=1 width=10)
	        Index Cond: (id = 8176608)

table 2 : explain UPDATE sbtest2 SET k=k+1 WHERE id=4131548
	Update on sbtest2  (cost=0.43..8.46 rows=0 width=0)
	  ->  Index Scan using sbtest2_pkey on sbtest2  (cost=0.43..8.46 rows=1 width=10)
	        Index Cond: (id = 4131548)

table 3 : explain UPDATE sbtest3 SET k=k+1 WHERE id=3364247
	Update on sbtest3  (cost=0.43..8.46 rows=0 width=0)
	  ->  Index Scan using sbtest3_pkey on sbtest3  (cost=0.43..8.46 rows=1 width=10)
	        Index Cond: (id = 3364247)

table 4 : explain UPDATE sbtest4 SET k=k+1 WHERE id=9881391
	Update on sbtest4  (cost=0.43..8.46 rows=0 width=0)
	  ->  Index Scan using sbtest4_pkey on sbtest4  (cost=0.43..8.46 rows=1 width=10)
	        Index Cond: (id = 9881391)

table 5 : explain UPDATE sbtest5 SET k=k+1 WHERE id=9324435
	Update on sbtest5  (cost=0.43..8.46 rows=0 width=0)
	  ->  Index Scan using sbtest5_pkey on sbtest5  (cost=0.43..8.46 rows=1 width=10)
	        Index Cond: (id = 9324435)

table 6 : explain UPDATE sbtest6 SET k=k+1 WHERE id=5694551
	Update on sbtest6  (cost=0.43..8.46 rows=0 width=0)
	  ->  Index Scan using sbtest6_pkey on sbtest6  (cost=0.43..8.46 rows=1 width=10)
	        Index Cond: (id = 5694551)

table 7 : explain UPDATE sbtest7 SET k=k+1 WHERE id=4586145
	Update on sbtest7  (cost=0.43..8.46 rows=0 width=0)
	  ->  Index Scan using sbtest7_pkey on sbtest7  (cost=0.43..8.46 rows=1 width=10)
	        Index Cond: (id = 4586145)

table 8 : explain UPDATE sbtest8 SET k=k+1 WHERE id=7983528
	Update on sbtest8  (cost=0.43..8.46 rows=0 width=0)
	  ->  Index Scan using sbtest8_pkey on sbtest8  (cost=0.43..8.46 rows=1 width=10)
	        Index Cond: (id = 7983528)

for: order_ranges
table 1 : explain SELECT c FROM sbtest1 WHERE id BETWEEN 6470512 AND 6470521 ORDER BY c
	Sort  (cost=41.13..41.15 rows=10 width=121)
	  Sort Key: c
	  ->  Index Scan using sbtest1_pkey on sbtest1  (cost=0.43..40.96 rows=10 width=121)
	        Index Cond: ((id >= 6470512) AND (id <= 6470521))

table 2 : explain SELECT c FROM sbtest2 WHERE id BETWEEN 5102136 AND 5102145 ORDER BY c
	Sort  (cost=41.09..41.12 rows=10 width=121)
	  Sort Key: c
	  ->  Index Scan using sbtest2_pkey on sbtest2  (cost=0.43..40.93 rows=10 width=121)
	        Index Cond: ((id >= 5102136) AND (id <= 5102145))

table 3 : explain SELECT c FROM sbtest3 WHERE id BETWEEN 6696546 AND 6696555 ORDER BY c
	Sort  (cost=45.06..45.08 rows=11 width=121)
	  Sort Key: c
	  ->  Index Scan using sbtest3_pkey on sbtest3  (cost=0.43..44.87 rows=11 width=121)
	        Index Cond: ((id >= 6696546) AND (id <= 6696555))

table 4 : explain SELECT c FROM sbtest4 WHERE id BETWEEN 5811739 AND 5811748 ORDER BY c
	Sort  (cost=41.22..41.24 rows=10 width=121)
	  Sort Key: c
	  ->  Index Scan using sbtest4_pkey on sbtest4  (cost=0.43..41.05 rows=10 width=121)
	        Index Cond: ((id >= 5811739) AND (id <= 5811748))

table 5 : explain SELECT c FROM sbtest5 WHERE id BETWEEN 9469648 AND 9469657 ORDER BY c
	Sort  (cost=36.99..37.01 rows=9 width=121)
	  Sort Key: c
	  ->  Index Scan using sbtest5_pkey on sbtest5  (cost=0.43..36.85 rows=9 width=121)
	        Index Cond: ((id >= 9469648) AND (id <= 9469657))

table 6 : explain SELECT c FROM sbtest6 WHERE id BETWEEN 7657231 AND 7657240 ORDER BY c
	Sort  (cost=40.26..40.28 rows=10 width=121)
	  Sort Key: c
	  ->  Index Scan using sbtest6_pkey on sbtest6  (cost=0.43..40.09 rows=10 width=121)
	        Index Cond: ((id >= 7657231) AND (id <= 7657240))

table 7 : explain SELECT c FROM sbtest7 WHERE id BETWEEN 9378434 AND 9378443 ORDER BY c
	Sort  (cost=36.39..36.41 rows=9 width=121)
	  Sort Key: c
	  ->  Index Scan using sbtest7_pkey on sbtest7  (cost=0.43..36.25 rows=9 width=121)
	        Index Cond: ((id >= 9378434) AND (id <= 9378443))

table 8 : explain SELECT c FROM sbtest8 WHERE id BETWEEN 1998492 AND 1998501 ORDER BY c
	Sort  (cost=40.14..40.17 rows=10 width=121)
	  Sort Key: c
	  ->  Index Scan using sbtest8_pkey on sbtest8  (cost=0.43..39.98 rows=10 width=121)
	        Index Cond: ((id >= 1998492) AND (id <= 1998501))

explain: for non_index_updates :: explain UPDATE sbtest%u SET c='foobar' WHERE id=%u
for point_selects
table 1 : explain SELECT c FROM sbtest1 WHERE id=7088302
	Index Scan using sbtest1_pkey on sbtest1  (cost=0.43..8.45 rows=1 width=121)
	  Index Cond: (id = 7088302)

table 2 : explain SELECT c FROM sbtest2 WHERE id=1592577
	Index Scan using sbtest2_pkey on sbtest2  (cost=0.43..8.45 rows=1 width=121)
	  Index Cond: (id = 1592577)

table 3 : explain SELECT c FROM sbtest3 WHERE id=8867851
	Index Scan using sbtest3_pkey on sbtest3  (cost=0.43..8.45 rows=1 width=121)
	  Index Cond: (id = 8867851)

table 4 : explain SELECT c FROM sbtest4 WHERE id=6184623
	Index Scan using sbtest4_pkey on sbtest4  (cost=0.43..8.45 rows=1 width=121)
	  Index Cond: (id = 6184623)

table 5 : explain SELECT c FROM sbtest5 WHERE id=578226
	Index Scan using sbtest5_pkey on sbtest5  (cost=0.43..8.45 rows=1 width=121)
	  Index Cond: (id = 578226)

table 6 : explain SELECT c FROM sbtest6 WHERE id=9867481
	Index Scan using sbtest6_pkey on sbtest6  (cost=0.43..8.45 rows=1 width=121)
	  Index Cond: (id = 9867481)

table 7 : explain SELECT c FROM sbtest7 WHERE id=474439
	Index Scan using sbtest7_pkey on sbtest7  (cost=0.43..8.45 rows=1 width=121)
	  Index Cond: (id = 474439)

table 8 : explain SELECT c FROM sbtest8 WHERE id=6695612
	Index Scan using sbtest8_pkey on sbtest8  (cost=0.43..8.45 rows=1 width=121)
	  Index Cond: (id = 6695612)

for: simple_ranges
table 1 : explain SELECT c FROM sbtest1 WHERE id BETWEEN 3202329 AND 3202338
	Index Scan using sbtest1_pkey on sbtest1  (cost=0.43..40.96 rows=10 width=121)
	  Index Cond: ((id >= 3202329) AND (id <= 3202338))

table 2 : explain SELECT c FROM sbtest2 WHERE id BETWEEN 9448117 AND 9448126
	Index Scan using sbtest2_pkey on sbtest2  (cost=0.43..40.93 rows=10 width=121)
	  Index Cond: ((id >= 9448117) AND (id <= 9448126))

table 3 : explain SELECT c FROM sbtest3 WHERE id BETWEEN 9489663 AND 9489672
	Index Scan using sbtest3_pkey on sbtest3  (cost=0.43..37.58 rows=9 width=121)
	  Index Cond: ((id >= 9489663) AND (id <= 9489672))

table 4 : explain SELECT c FROM sbtest4 WHERE id BETWEEN 2886782 AND 2886791
	Index Scan using sbtest4_pkey on sbtest4  (cost=0.43..44.67 rows=11 width=121)
	  Index Cond: ((id >= 2886782) AND (id <= 2886791))

table 5 : explain SELECT c FROM sbtest5 WHERE id BETWEEN 701226 AND 701235
	Index Scan using sbtest5_pkey on sbtest5  (cost=0.43..40.39 rows=10 width=121)
	  Index Cond: ((id >= 701226) AND (id <= 701235))

table 6 : explain SELECT c FROM sbtest6 WHERE id BETWEEN 1084753 AND 1084762
	Index Scan using sbtest6_pkey on sbtest6  (cost=0.43..36.58 rows=9 width=121)
	  Index Cond: ((id >= 1084753) AND (id <= 1084762))

table 7 : explain SELECT c FROM sbtest7 WHERE id BETWEEN 9815150 AND 9815159
	Index Scan using sbtest7_pkey on sbtest7  (cost=0.43..39.72 rows=10 width=121)
	  Index Cond: ((id >= 9815150) AND (id <= 9815159))

table 8 : explain SELECT c FROM sbtest8 WHERE id BETWEEN 2812889 AND 2812898
	Index Scan using sbtest8_pkey on sbtest8  (cost=0.43..39.98 rows=10 width=121)
	  Index Cond: ((id >= 2812889) AND (id <= 2812898))

explain: for inserts :: explain INSERT INTO sbtest%u (id, k, c, pad) VALUES (%u, 13, 'foobar', 'foobar')
explain: for inserts :: explain INSERT INTO sbtest%u (id, k, c, pad) VALUES (%u, 13, 'foobar', 'foobar')
explain: for non_index_updates :: explain UPDATE sbtest%u SET c='foobar' WHERE id=%u
for index_updates
table 1 : explain UPDATE sbtest1 SET k=k+1 WHERE id=8699379
	Update on sbtest1  (cost=0.43..8.46 rows=0 width=0)
	  ->  Index Scan using sbtest1_pkey on sbtest1  (cost=0.43..8.46 rows=1 width=10)
	        Index Cond: (id = 8699379)

table 2 : explain UPDATE sbtest2 SET k=k+1 WHERE id=4604658
	Update on sbtest2  (cost=0.43..8.46 rows=0 width=0)
	  ->  Index Scan using sbtest2_pkey on sbtest2  (cost=0.43..8.46 rows=1 width=10)
	        Index Cond: (id = 4604658)

table 3 : explain UPDATE sbtest3 SET k=k+1 WHERE id=4640622
	Update on sbtest3  (cost=0.43..8.46 rows=0 width=0)
	  ->  Index Scan using sbtest3_pkey on sbtest3  (cost=0.43..8.46 rows=1 width=10)
	        Index Cond: (id = 4640622)

table 4 : explain UPDATE sbtest4 SET k=k+1 WHERE id=1088000
	Update on sbtest4  (cost=0.43..8.46 rows=0 width=0)
	  ->  Index Scan using sbtest4_pkey on sbtest4  (cost=0.43..8.46 rows=1 width=10)
	        Index Cond: (id = 1088000)

table 5 : explain UPDATE sbtest5 SET k=k+1 WHERE id=6182860
	Update on sbtest5  (cost=0.43..8.46 rows=0 width=0)
	  ->  Index Scan using sbtest5_pkey on sbtest5  (cost=0.43..8.46 rows=1 width=10)
	        Index Cond: (id = 6182860)

table 6 : explain UPDATE sbtest6 SET k=k+1 WHERE id=6725549
	Update on sbtest6  (cost=0.43..8.46 rows=0 width=0)
	  ->  Index Scan using sbtest6_pkey on sbtest6  (cost=0.43..8.46 rows=1 width=10)
	        Index Cond: (id = 6725549)

table 7 : explain UPDATE sbtest7 SET k=k+1 WHERE id=1986021
	Update on sbtest7  (cost=0.43..8.46 rows=0 width=0)
	  ->  Index Scan using sbtest7_pkey on sbtest7  (cost=0.43..8.46 rows=1 width=10)
	        Index Cond: (id = 1986021)

table 8 : explain UPDATE sbtest8 SET k=k+1 WHERE id=4619236
	Update on sbtest8  (cost=0.43..8.46 rows=0 width=0)
	  ->  Index Scan using sbtest8_pkey on sbtest8  (cost=0.43..8.46 rows=1 width=10)
	        Index Cond: (id = 4619236)

for deletes
table 1 : explain DELETE FROM sbtest1 WHERE id=7414667
	Delete on sbtest1  (cost=0.43..8.45 rows=0 width=0)
	  ->  Index Scan using sbtest1_pkey on sbtest1  (cost=0.43..8.45 rows=1 width=6)
	        Index Cond: (id = 7414667)

table 2 : explain DELETE FROM sbtest2 WHERE id=2692240
	Delete on sbtest2  (cost=0.43..8.45 rows=0 width=0)
	  ->  Index Scan using sbtest2_pkey on sbtest2  (cost=0.43..8.45 rows=1 width=6)
	        Index Cond: (id = 2692240)

table 3 : explain DELETE FROM sbtest3 WHERE id=861943
	Delete on sbtest3  (cost=0.43..8.45 rows=0 width=0)
	  ->  Index Scan using sbtest3_pkey on sbtest3  (cost=0.43..8.45 rows=1 width=6)
	        Index Cond: (id = 861943)

table 4 : explain DELETE FROM sbtest4 WHERE id=2844047
	Delete on sbtest4  (cost=0.43..8.45 rows=0 width=0)
	  ->  Index Scan using sbtest4_pkey on sbtest4  (cost=0.43..8.45 rows=1 width=6)
	        Index Cond: (id = 2844047)

table 5 : explain DELETE FROM sbtest5 WHERE id=3568497
	Delete on sbtest5  (cost=0.43..8.45 rows=0 width=0)
	  ->  Index Scan using sbtest5_pkey on sbtest5  (cost=0.43..8.45 rows=1 width=6)
	        Index Cond: (id = 3568497)

table 6 : explain DELETE FROM sbtest6 WHERE id=5200018
	Delete on sbtest6  (cost=0.43..8.45 rows=0 width=0)
	  ->  Index Scan using sbtest6_pkey on sbtest6  (cost=0.43..8.45 rows=1 width=6)
	        Index Cond: (id = 5200018)

table 7 : explain DELETE FROM sbtest7 WHERE id=5090473
	Delete on sbtest7  (cost=0.43..8.45 rows=0 width=0)
	  ->  Index Scan using sbtest7_pkey on sbtest7  (cost=0.43..8.45 rows=1 width=6)
	        Index Cond: (id = 5090473)

table 8 : explain DELETE FROM sbtest8 WHERE id=3553383
	Delete on sbtest8  (cost=0.43..8.45 rows=0 width=0)
	  ->  Index Scan using sbtest8_pkey on sbtest8  (cost=0.43..8.45 rows=1 width=6)
	        Index Cond: (id = 3553383)

for inserts
table 1 : explain INSERT INTO sbtest1 (id, k, c, pad) VALUES (9073145, 13, 'foobar', 'foobar')
	Insert on sbtest1  (cost=0.00..0.01 rows=0 width=0)
	  ->  Result  (cost=0.00..0.01 rows=1 width=736)

table 2 : explain INSERT INTO sbtest2 (id, k, c, pad) VALUES (8262961, 13, 'foobar', 'foobar')
	Insert on sbtest2  (cost=0.00..0.01 rows=0 width=0)
	  ->  Result  (cost=0.00..0.01 rows=1 width=736)

table 3 : explain INSERT INTO sbtest3 (id, k, c, pad) VALUES (7732565, 13, 'foobar', 'foobar')
	Insert on sbtest3  (cost=0.00..0.01 rows=0 width=0)
	  ->  Result  (cost=0.00..0.01 rows=1 width=736)

table 4 : explain INSERT INTO sbtest4 (id, k, c, pad) VALUES (9948862, 13, 'foobar', 'foobar')
	Insert on sbtest4  (cost=0.00..0.01 rows=0 width=0)
	  ->  Result  (cost=0.00..0.01 rows=1 width=736)

table 5 : explain INSERT INTO sbtest5 (id, k, c, pad) VALUES (8294163, 13, 'foobar', 'foobar')
	Insert on sbtest5  (cost=0.00..0.01 rows=0 width=0)
	  ->  Result  (cost=0.00..0.01 rows=1 width=736)

table 6 : explain INSERT INTO sbtest6 (id, k, c, pad) VALUES (2873973, 13, 'foobar', 'foobar')
	Insert on sbtest6  (cost=0.00..0.01 rows=0 width=0)
	  ->  Result  (cost=0.00..0.01 rows=1 width=736)

table 7 : explain INSERT INTO sbtest7 (id, k, c, pad) VALUES (8136856, 13, 'foobar', 'foobar')
	Insert on sbtest7  (cost=0.00..0.01 rows=0 width=0)
	  ->  Result  (cost=0.00..0.01 rows=1 width=736)

table 8 : explain INSERT INTO sbtest8 (id, k, c, pad) VALUES (1109337, 13, 'foobar', 'foobar')
	Insert on sbtest8  (cost=0.00..0.01 rows=0 width=0)
	  ->  Result  (cost=0.00..0.01 rows=1 width=736)

explain: for inserts :: explain INSERT INTO sbtest%u (id, k, c, pad) VALUES (%u, 13, 'foobar', 'foobar')
for non_index_updates
table 1 : explain UPDATE sbtest1 SET c='foobar' WHERE id=341030
	Update on sbtest1  (cost=0.43..8.45 rows=0 width=0)
	  ->  Index Scan using sbtest1_pkey on sbtest1  (cost=0.43..8.45 rows=1 width=490)
	        Index Cond: (id = 341030)

table 2 : explain UPDATE sbtest2 SET c='foobar' WHERE id=8722245
	Update on sbtest2  (cost=0.43..8.45 rows=0 width=0)
	  ->  Index Scan using sbtest2_pkey on sbtest2  (cost=0.43..8.45 rows=1 width=490)
	        Index Cond: (id = 8722245)

table 3 : explain UPDATE sbtest3 SET c='foobar' WHERE id=8453803
	Update on sbtest3  (cost=0.43..8.45 rows=0 width=0)
	  ->  Index Scan using sbtest3_pkey on sbtest3  (cost=0.43..8.45 rows=1 width=490)
	        Index Cond: (id = 8453803)

table 4 : explain UPDATE sbtest4 SET c='foobar' WHERE id=2037712
	Update on sbtest4  (cost=0.43..8.45 rows=0 width=0)
	  ->  Index Scan using sbtest4_pkey on sbtest4  (cost=0.43..8.45 rows=1 width=490)
	        Index Cond: (id = 2037712)

table 5 : explain UPDATE sbtest5 SET c='foobar' WHERE id=9258220
	Update on sbtest5  (cost=0.43..8.45 rows=0 width=0)
	  ->  Index Scan using sbtest5_pkey on sbtest5  (cost=0.43..8.45 rows=1 width=490)
	        Index Cond: (id = 9258220)

table 6 : explain UPDATE sbtest6 SET c='foobar' WHERE id=6296407
	Update on sbtest6  (cost=0.43..8.45 rows=0 width=0)
	  ->  Index Scan using sbtest6_pkey on sbtest6  (cost=0.43..8.45 rows=1 width=490)
	        Index Cond: (id = 6296407)

table 7 : explain UPDATE sbtest7 SET c='foobar' WHERE id=4024733
	Update on sbtest7  (cost=0.43..8.45 rows=0 width=0)
	  ->  Index Scan using sbtest7_pkey on sbtest7  (cost=0.43..8.45 rows=1 width=490)
	        Index Cond: (id = 4024733)

table 8 : explain UPDATE sbtest8 SET c='foobar' WHERE id=8955216
	Update on sbtest8  (cost=0.43..8.45 rows=0 width=0)
	  ->  Index Scan using sbtest8_pkey on sbtest8  (cost=0.43..8.45 rows=1 width=490)
	        Index Cond: (id = 8955216)

for inserts
table 1 : explain INSERT INTO sbtest1 (id, k, c, pad) VALUES (9652218, 13, 'foobar', 'foobar')
	Insert on sbtest1  (cost=0.00..0.01 rows=0 width=0)
	  ->  Result  (cost=0.00..0.01 rows=1 width=736)

table 2 : explain INSERT INTO sbtest2 (id, k, c, pad) VALUES (7259361, 13, 'foobar', 'foobar')
	Insert on sbtest2  (cost=0.00..0.01 rows=0 width=0)
	  ->  Result  (cost=0.00..0.01 rows=1 width=736)

table 3 : explain INSERT INTO sbtest3 (id, k, c, pad) VALUES (9533187, 13, 'foobar', 'foobar')
	Insert on sbtest3  (cost=0.00..0.01 rows=0 width=0)
	  ->  Result  (cost=0.00..0.01 rows=1 width=736)

table 4 : explain INSERT INTO sbtest4 (id, k, c, pad) VALUES (783696, 13, 'foobar', 'foobar')
	Insert on sbtest4  (cost=0.00..0.01 rows=0 width=0)
	  ->  Result  (cost=0.00..0.01 rows=1 width=736)

table 5 : explain INSERT INTO sbtest5 (id, k, c, pad) VALUES (9151014, 13, 'foobar', 'foobar')
	Insert on sbtest5  (cost=0.00..0.01 rows=0 width=0)
	  ->  Result  (cost=0.00..0.01 rows=1 width=736)

table 6 : explain INSERT INTO sbtest6 (id, k, c, pad) VALUES (7853735, 13, 'foobar', 'foobar')
	Insert on sbtest6  (cost=0.00..0.01 rows=0 width=0)
	  ->  Result  (cost=0.00..0.01 rows=1 width=736)

table 7 : explain INSERT INTO sbtest7 (id, k, c, pad) VALUES (2314298, 13, 'foobar', 'foobar')
	Insert on sbtest7  (cost=0.00..0.01 rows=0 width=0)
	  ->  Result  (cost=0.00..0.01 rows=1 width=736)

table 8 : explain INSERT INTO sbtest8 (id, k, c, pad) VALUES (9086460, 13, 'foobar', 'foobar')
	Insert on sbtest8  (cost=0.00..0.01 rows=0 width=0)
	  ->  Result  (cost=0.00..0.01 rows=1 width=736)

for point_selects
table 1 : explain SELECT c FROM sbtest1 WHERE id=8221680
	Index Scan using sbtest1_pkey on sbtest1  (cost=0.43..8.45 rows=1 width=121)
	  Index Cond: (id = 8221680)

table 2 : explain SELECT c FROM sbtest2 WHERE id=1013544
	Index Scan using sbtest2_pkey on sbtest2  (cost=0.43..8.45 rows=1 width=121)
	  Index Cond: (id = 1013544)

table 3 : explain SELECT c FROM sbtest3 WHERE id=5933306
	Index Scan using sbtest3_pkey on sbtest3  (cost=0.43..8.45 rows=1 width=121)
	  Index Cond: (id = 5933306)

table 4 : explain SELECT c FROM sbtest4 WHERE id=9368452
	Index Scan using sbtest4_pkey on sbtest4  (cost=0.43..8.45 rows=1 width=121)
	  Index Cond: (id = 9368452)

table 5 : explain SELECT c FROM sbtest5 WHERE id=1643220
	Index Scan using sbtest5_pkey on sbtest5  (cost=0.43..8.45 rows=1 width=121)
	  Index Cond: (id = 1643220)

table 6 : explain SELECT c FROM sbtest6 WHERE id=4252324
	Index Scan using sbtest6_pkey on sbtest6  (cost=0.43..8.45 rows=1 width=121)
	  Index Cond: (id = 4252324)

table 7 : explain SELECT c FROM sbtest7 WHERE id=7049253
	Index Scan using sbtest7_pkey on sbtest7  (cost=0.43..8.45 rows=1 width=121)
	  Index Cond: (id = 7049253)

table 8 : explain SELECT c FROM sbtest8 WHERE id=3789035
	Index Scan using sbtest8_pkey on sbtest8  (cost=0.43..8.45 rows=1 width=121)
	  Index Cond: (id = 3789035)

explain: for non_index_updates :: explain UPDATE sbtest%u SET c='foobar' WHERE id=%u
for: order_ranges
table 1 : explain SELECT c FROM sbtest1 WHERE id BETWEEN 1145619 AND 1145628 ORDER BY c
	Sort  (cost=41.13..41.15 rows=10 width=121)
	  Sort Key: c
	  ->  Index Scan using sbtest1_pkey on sbtest1  (cost=0.43..40.96 rows=10 width=121)
	        Index Cond: ((id >= 1145619) AND (id <= 1145628))

table 2 : explain SELECT c FROM sbtest2 WHERE id BETWEEN 3126101 AND 3126110 ORDER BY c
	Sort  (cost=41.09..41.12 rows=10 width=121)
	  Sort Key: c
	  ->  Index Scan using sbtest2_pkey on sbtest2  (cost=0.43..40.93 rows=10 width=121)
	        Index Cond: ((id >= 3126101) AND (id <= 3126110))

table 3 : explain SELECT c FROM sbtest3 WHERE id BETWEEN 4994160 AND 4994169 ORDER BY c
	Sort  (cost=41.39..41.42 rows=10 width=121)
	  Sort Key: c
	  ->  Index Scan using sbtest3_pkey on sbtest3  (cost=0.43..41.23 rows=10 width=121)
	        Index Cond: ((id >= 4994160) AND (id <= 4994169))

table 4 : explain SELECT c FROM sbtest4 WHERE id BETWEEN 7519601 AND 7519610 ORDER BY c
	Sort  (cost=41.22..41.24 rows=10 width=121)
	  Sort Key: c
	  ->  Index Scan using sbtest4_pkey on sbtest4  (cost=0.43..41.05 rows=10 width=121)
	        Index Cond: ((id >= 7519601) AND (id <= 7519610))

table 5 : explain SELECT c FROM sbtest5 WHERE id BETWEEN 8771306 AND 8771315 ORDER BY c
	Sort  (cost=44.13..44.16 rows=11 width=121)
	  Sort Key: c
	  ->  Index Scan using sbtest5_pkey on sbtest5  (cost=0.43..43.94 rows=11 width=121)
	        Index Cond: ((id >= 8771306) AND (id <= 8771315))

table 6 : explain SELECT c FROM sbtest6 WHERE id BETWEEN 663254 AND 663263 ORDER BY c
	Sort  (cost=40.26..40.28 rows=10 width=121)
	  Sort Key: c
	  ->  Index Scan using sbtest6_pkey on sbtest6  (cost=0.43..40.09 rows=10 width=121)
	        Index Cond: ((id >= 663254) AND (id <= 663263))

table 7 : explain SELECT c FROM sbtest7 WHERE id BETWEEN 8112746 AND 8112755 ORDER BY c
	Sort  (cost=36.39..36.41 rows=9 width=121)
	  Sort Key: c
	  ->  Index Scan using sbtest7_pkey on sbtest7  (cost=0.43..36.25 rows=9 width=121)
	        Index Cond: ((id >= 8112746) AND (id <= 8112755))

table 8 : explain SELECT c FROM sbtest8 WHERE id BETWEEN 4777319 AND 4777328 ORDER BY c
	Sort  (cost=40.14..40.17 rows=10 width=121)
	  Sort Key: c
	  ->  Index Scan using sbtest8_pkey on sbtest8  (cost=0.43..39.98 rows=10 width=121)
	        Index Cond: ((id >= 4777319) AND (id <= 4777328))

for: order_ranges
table 1 : explain SELECT c FROM sbtest1 WHERE id BETWEEN 7325894 AND 7325903 ORDER BY c
	Sort  (cost=41.13..41.15 rows=10 width=121)
	  Sort Key: c
	  ->  Index Scan using sbtest1_pkey on sbtest1  (cost=0.43..40.96 rows=10 width=121)
	        Index Cond: ((id >= 7325894) AND (id <= 7325903))

table 2 : explain SELECT c FROM sbtest2 WHERE id BETWEEN 4845960 AND 4845969 ORDER BY c
	Sort  (cost=44.73..44.75 rows=11 width=121)
	  Sort Key: c
	  ->  Index Scan using sbtest2_pkey on sbtest2  (cost=0.43..44.54 rows=11 width=121)
	        Index Cond: ((id >= 4845960) AND (id <= 4845969))

table 3 : explain SELECT c FROM sbtest3 WHERE id BETWEEN 6343795 AND 6343804 ORDER BY c
	Sort  (cost=45.06..45.08 rows=11 width=121)
	  Sort Key: c
	  ->  Index Scan using sbtest3_pkey on sbtest3  (cost=0.43..44.87 rows=11 width=121)
	        Index Cond: ((id >= 6343795) AND (id <= 6343804))

table 4 : explain SELECT c FROM sbtest4 WHERE id BETWEEN 5507003 AND 5507012 ORDER BY c
	Sort  (cost=37.57..37.59 rows=9 width=121)
	  Sort Key: c
	  ->  Index Scan using sbtest4_pkey on sbtest4  (cost=0.43..37.43 rows=9 width=121)
	        Index Cond: ((id >= 5507003) AND (id <= 5507012))

table 5 : explain SELECT c FROM sbtest5 WHERE id BETWEEN 2284446 AND 2284455 ORDER BY c
	Sort  (cost=36.99..37.01 rows=9 width=121)
	  Sort Key: c
	  ->  Index Scan using sbtest5_pkey on sbtest5  (cost=0.43..36.85 rows=9 width=121)
	        Index Cond: ((id >= 2284446) AND (id <= 2284455))

table 6 : explain SELECT c FROM sbtest6 WHERE id BETWEEN 7598922 AND 7598931 ORDER BY c
	Sort  (cost=40.26..40.28 rows=10 width=121)
	  Sort Key: c
	  ->  Index Scan using sbtest6_pkey on sbtest6  (cost=0.43..40.09 rows=10 width=121)
	        Index Cond: ((id >= 7598922) AND (id <= 7598931))

table 7 : explain SELECT c FROM sbtest7 WHERE id BETWEEN 8262979 AND 8262988 ORDER BY c
	Sort  (cost=43.38..43.41 rows=11 width=121)
	  Sort Key: c
	  ->  Index Scan using sbtest7_pkey on sbtest7  (cost=0.43..43.19 rows=11 width=121)
	        Index Cond: ((id >= 8262979) AND (id <= 8262988))

table 8 : explain SELECT c FROM sbtest8 WHERE id BETWEEN 1795899 AND 1795908 ORDER BY c
	Sort  (cost=36.62..36.64 rows=9 width=121)
	  Sort Key: c
	  ->  Index Scan using sbtest8_pkey on sbtest8  (cost=0.43..36.47 rows=9 width=121)
	        Index Cond: ((id >= 1795899) AND (id <= 1795908))
explain: for inserts :: explain INSERT INTO sbtest%u (id, k, c, pad) VALUES (%u, 13, 'foobar', 'foobar')explain: for deletes :: explain DELETE FROM sbtest%u WHERE id=%u


for: order_ranges
table 1 : explain SELECT c FROM sbtest1 WHERE id BETWEEN 6623890 AND 6623899 ORDER BY c
	Sort  (cost=41.13..41.15 rows=10 width=121)
	  Sort Key: c
	  ->  Index Scan using sbtest1_pkey on sbtest1  (cost=0.43..40.96 rows=10 width=121)
	        Index Cond: ((id >= 6623890) AND (id <= 6623899))

table 2 : explain SELECT c FROM sbtest2 WHERE id BETWEEN 6403901 AND 6403910 ORDER BY c
	Sort  (cost=41.09..41.12 rows=10 width=121)
	  Sort Key: c
	  ->  Index Scan using sbtest2_pkey on sbtest2  (cost=0.43..40.93 rows=10 width=121)
	        Index Cond: ((id >= 6403901) AND (id <= 6403910))

table 3 : explain SELECT c FROM sbtest3 WHERE id BETWEEN 1430452 AND 1430461 ORDER BY c
	Sort  (cost=41.39..41.42 rows=10 width=121)
	  Sort Key: c
	  ->  Index Scan using sbtest3_pkey on sbtest3  (cost=0.43..41.23 rows=10 width=121)
	        Index Cond: ((id >= 1430452) AND (id <= 1430461))

table 4 : explain SELECT c FROM sbtest4 WHERE id BETWEEN 4769063 AND 4769072 ORDER BY c
	Sort  (cost=37.57..37.59 rows=9 width=121)
	  Sort Key: c
	  ->  Index Scan using sbtest4_pkey on sbtest4  (cost=0.43..37.43 rows=9 width=121)
	        Index Cond: ((id >= 4769063) AND (id <= 4769072))

table 5 : explain SELECT c FROM sbtest5 WHERE id BETWEEN 4229738 AND 4229747 ORDER BY c
	Sort  (cost=40.56..40.58 rows=10 width=121)
	  Sort Key: c
	  ->  Index Scan using sbtest5_pkey on sbtest5  (cost=0.43..40.39 rows=10 width=121)
	        Index Cond: ((id >= 4229738) AND (id <= 4229747))

table 6 : explain SELECT c FROM sbtest6 WHERE id BETWEEN 5713646 AND 5713655 ORDER BY c
	Sort  (cost=40.26..40.28 rows=10 width=121)
	  Sort Key: c
	  ->  Index Scan using sbtest6_pkey on sbtest6  (cost=0.43..40.09 rows=10 width=121)
	        Index Cond: ((id >= 5713646) AND (id <= 5713655))

table 7 : explain SELECT c FROM sbtest7 WHERE id BETWEEN 6836601 AND 6836610 ORDER BY c
	Sort  (cost=39.89..39.91 rows=10 width=121)
	  Sort Key: c
	  ->  Index Scan using sbtest7_pkey on sbtest7  (cost=0.43..39.72 rows=10 width=121)
	        Index Cond: ((id >= 6836601) AND (id <= 6836610))

table 8 : explain SELECT c FROM sbtest8 WHERE id BETWEEN 367778 AND 367787 ORDER BY c
	Sort  (cost=40.14..40.17 rows=10 width=121)
	  Sort Key: c
	  ->  Index Scan using sbtest8_pkey on sbtest8  (cost=0.43..39.98 rows=10 width=121)
	        Index Cond: ((id >= 367778) AND (id <= 367787))

for non_index_updates
table 1 : explain UPDATE sbtest1 SET c='foobar' WHERE id=1641046
	Update on sbtest1  (cost=0.43..8.45 rows=0 width=0)
	  ->  Index Scan using sbtest1_pkey on sbtest1  (cost=0.43..8.45 rows=1 width=490)
	        Index Cond: (id = 1641046)

table 2 : explain UPDATE sbtest2 SET c='foobar' WHERE id=1494311
	Update on sbtest2  (cost=0.43..8.45 rows=0 width=0)
	  ->  Index Scan using sbtest2_pkey on sbtest2  (cost=0.43..8.45 rows=1 width=490)
	        Index Cond: (id = 1494311)

table 3 : explain UPDATE sbtest3 SET c='foobar' WHERE id=8122186
	Update on sbtest3  (cost=0.43..8.45 rows=0 width=0)
	  ->  Index Scan using sbtest3_pkey on sbtest3  (cost=0.43..8.45 rows=1 width=490)
	        Index Cond: (id = 8122186)

table 4 : explain UPDATE sbtest4 SET c='foobar' WHERE id=5761321
	Update on sbtest4  (cost=0.43..8.45 rows=0 width=0)
	  ->  Index Scan using sbtest4_pkey on sbtest4  (cost=0.43..8.45 rows=1 width=490)
	        Index Cond: (id = 5761321)

table 5 : explain UPDATE sbtest5 SET c='foobar' WHERE id=8479595
	Update on sbtest5  (cost=0.43..8.45 rows=0 width=0)
	  ->  Index Scan using sbtest5_pkey on sbtest5  (cost=0.43..8.45 rows=1 width=490)
	        Index Cond: (id = 8479595)

table 6 : explain UPDATE sbtest6 SET c='foobar' WHERE id=2055790
	Update on sbtest6  (cost=0.43..8.45 rows=0 width=0)
	  ->  Index Scan using sbtest6_pkey on sbtest6  (cost=0.43..8.45 rows=1 width=490)
	        Index Cond: (id = 2055790)

table 7 : explain UPDATE sbtest7 SET c='foobar' WHERE id=5448196
	Update on sbtest7  (cost=0.43..8.45 rows=0 width=0)
	  ->  Index Scan using sbtest7_pkey on sbtest7  (cost=0.43..8.45 rows=1 width=490)
	        Index Cond: (id = 5448196)

table 8 : explain UPDATE sbtest8 SET c='foobar' WHERE id=4215617
	Update on sbtest8  (cost=0.43..8.45 rows=0 width=0)
	  ->  Index Scan using sbtest8_pkey on sbtest8  (cost=0.43..8.45 rows=1 width=490)
	        Index Cond: (id = 4215617)

for: sum_ranges
table 1 : explain SELECT SUM(k) FROM sbtest1 WHERE id BETWEEN 7723033 AND 7723042
	Aggregate  (cost=40.98..40.99 rows=1 width=8)
	  ->  Index Scan using sbtest1_pkey on sbtest1  (cost=0.43..40.96 rows=10 width=4)
	        Index Cond: ((id >= 7723033) AND (id <= 7723042))

table 2 : explain SELECT SUM(k) FROM sbtest2 WHERE id BETWEEN 3347334 AND 3347343
	Aggregate  (cost=44.56..44.57 rows=1 width=8)
	  ->  Index Scan using sbtest2_pkey on sbtest2  (cost=0.43..44.54 rows=11 width=4)
	        Index Cond: ((id >= 3347334) AND (id <= 3347343))

table 3 : explain SELECT SUM(k) FROM sbtest3 WHERE id BETWEEN 5861025 AND 5861034
	Aggregate  (cost=41.25..41.26 rows=1 width=8)
	  ->  Index Scan using sbtest3_pkey on sbtest3  (cost=0.43..41.23 rows=10 width=4)
	        Index Cond: ((id >= 5861025) AND (id <= 5861034))

table 4 : explain SELECT SUM(k) FROM sbtest4 WHERE id BETWEEN 6404287 AND 6404296
	Aggregate  (cost=37.45..37.46 rows=1 width=8)
	  ->  Index Scan using sbtest4_pkey on sbtest4  (cost=0.43..37.43 rows=9 width=4)
	        Index Cond: ((id >= 6404287) AND (id <= 6404296))

table 5 : explain SELECT SUM(k) FROM sbtest5 WHERE id BETWEEN 6760495 AND 6760504
	Aggregate  (cost=36.87..36.88 rows=1 width=8)
	  ->  Index Scan using sbtest5_pkey on sbtest5  (cost=0.43..36.85 rows=9 width=4)
	        Index Cond: ((id >= 6760495) AND (id <= 6760504))

table 6 : explain SELECT SUM(k) FROM sbtest6 WHERE id BETWEEN 3460857 AND 3460866
	Aggregate  (cost=40.12..40.13 rows=1 width=8)
	  ->  Index Scan using sbtest6_pkey on sbtest6  (cost=0.43..40.09 rows=10 width=4)
	        Index Cond: ((id >= 3460857) AND (id <= 3460866))

table 7 : explain SELECT SUM(k) FROM sbtest7 WHERE id BETWEEN 507379 AND 507388
	Aggregate  (cost=39.74..39.75 rows=1 width=8)
	  ->  Index Scan using sbtest7_pkey on sbtest7  (cost=0.43..39.72 rows=10 width=4)
	        Index Cond: ((id >= 507379) AND (id <= 507388))

table 8 : explain SELECT SUM(k) FROM sbtest8 WHERE id BETWEEN 88008 AND 88017
	Aggregate  (cost=43.50..43.51 rows=1 width=8)
	  ->  Index Scan using sbtest8_pkey on sbtest8  (cost=0.43..43.48 rows=11 width=4)
	        Index Cond: ((id >= 88008) AND (id <= 88017))

for: order_ranges
table 1 : explain SELECT c FROM sbtest1 WHERE id BETWEEN 2960037 AND 2960046 ORDER BY c
	Sort  (cost=41.13..41.15 rows=10 width=121)
	  Sort Key: c
	  ->  Index Scan using sbtest1_pkey on sbtest1  (cost=0.43..40.96 rows=10 width=121)
	        Index Cond: ((id >= 2960037) AND (id <= 2960046))

table 2 : explain SELECT c FROM sbtest2 WHERE id BETWEEN 1240530 AND 1240539 ORDER BY c
	Sort  (cost=41.09..41.12 rows=10 width=121)
	  Sort Key: c
	  ->  Index Scan using sbtest2_pkey on sbtest2  (cost=0.43..40.93 rows=10 width=121)
	        Index Cond: ((id >= 1240530) AND (id <= 1240539))

table 3 : explain SELECT c FROM sbtest3 WHERE id BETWEEN 7073809 AND 7073818 ORDER BY c
	Sort  (cost=41.39..41.42 rows=10 width=121)
	  Sort Key: c
	  ->  Index Scan using sbtest3_pkey on sbtest3  (cost=0.43..41.23 rows=10 width=121)
	        Index Cond: ((id >= 7073809) AND (id <= 7073818))

table 4 : explain SELECT c FROM sbtest4 WHERE id BETWEEN 8627504 AND 8627513 ORDER BY c
	Sort  (cost=44.86..44.89 rows=11 width=121)
	  Sort Key: c
	  ->  Index Scan using sbtest4_pkey on sbtest4  (cost=0.43..44.67 rows=11 width=121)
	        Index Cond: ((id >= 8627504) AND (id <= 8627513))

table 5 : explain SELECT c FROM sbtest5 WHERE id BETWEEN 982795 AND 982804 ORDER BY c
	Sort  (cost=40.56..40.58 rows=10 width=121)
	  Sort Key: c
	  ->  Index Scan using sbtest5_pkey on sbtest5  (cost=0.43..40.39 rows=10 width=121)
	        Index Cond: ((id >= 982795) AND (id <= 982804))

table 6 : explain SELECT c FROM sbtest6 WHERE id BETWEEN 3789473 AND 3789482 ORDER BY c
	Sort  (cost=40.26..40.28 rows=10 width=121)
	  Sort Key: c
	  ->  Index Scan using sbtest6_pkey on sbtest6  (cost=0.43..40.09 rows=10 width=121)
	        Index Cond: ((id >= 3789473) AND (id <= 3789482))

table 7 : explain SELECT c FROM sbtest7 WHERE id BETWEEN 1300293 AND 1300302 ORDER BY c
	Sort  (cost=39.89..39.91 rows=10 width=121)
	  Sort Key: c
	  ->  Index Scan using sbtest7_pkey on sbtest7  (cost=0.43..39.72 rows=10 width=121)
	        Index Cond: ((id >= 1300293) AND (id <= 1300302))

table 8 : explain SELECT c FROM sbtest8 WHERE id BETWEEN 4770722 AND 4770731 ORDER BY c
	Sort  (cost=40.14..40.17 rows=10 width=121)
	  Sort Key: c
	  ->  Index Scan using sbtest8_pkey on sbtest8  (cost=0.43..39.98 rows=10 width=121)
	        Index Cond: ((id >= 4770722) AND (id <= 4770731))

explain: for inserts :: explain INSERT INTO sbtest%u (id, k, c, pad) VALUES (%u, 13, 'foobar', 'foobar')
for index_updates
table 1 : explain UPDATE sbtest1 SET k=k+1 WHERE id=5564084
	Update on sbtest1  (cost=0.43..8.46 rows=0 width=0)
	  ->  Index Scan using sbtest1_pkey on sbtest1  (cost=0.43..8.46 rows=1 width=10)
	        Index Cond: (id = 5564084)

table 2 : explain UPDATE sbtest2 SET k=k+1 WHERE id=3550385
	Update on sbtest2  (cost=0.43..8.46 rows=0 width=0)
	  ->  Index Scan using sbtest2_pkey on sbtest2  (cost=0.43..8.46 rows=1 width=10)
	        Index Cond: (id = 3550385)

table 3 : explain UPDATE sbtest3 SET k=k+1 WHERE id=3893553
	Update on sbtest3  (cost=0.43..8.46 rows=0 width=0)
	  ->  Index Scan using sbtest3_pkey on sbtest3  (cost=0.43..8.46 rows=1 width=10)
	        Index Cond: (id = 3893553)

table 4 : explain UPDATE sbtest4 SET k=k+1 WHERE id=6157395
	Update on sbtest4  (cost=0.43..8.46 rows=0 width=0)
	  ->  Index Scan using sbtest4_pkey on sbtest4  (cost=0.43..8.46 rows=1 width=10)
	        Index Cond: (id = 6157395)

table 5 : explain UPDATE sbtest5 SET k=k+1 WHERE id=4090243
	Update on sbtest5  (cost=0.43..8.46 rows=0 width=0)
	  ->  Index Scan using sbtest5_pkey on sbtest5  (cost=0.43..8.46 rows=1 width=10)
	        Index Cond: (id = 4090243)

table 6 : explain UPDATE sbtest6 SET k=k+1 WHERE id=8050769
	Update on sbtest6  (cost=0.43..8.46 rows=0 width=0)
	  ->  Index Scan using sbtest6_pkey on sbtest6  (cost=0.43..8.46 rows=1 width=10)
	        Index Cond: (id = 8050769)

table 7 : explain UPDATE sbtest7 SET k=k+1 WHERE id=390112
	Update on sbtest7  (cost=0.43..8.46 rows=0 width=0)
	  ->  Index Scan using sbtest7_pkey on sbtest7  (cost=0.43..8.46 rows=1 width=10)
	        Index Cond: (id = 390112)

table 8 : explain UPDATE sbtest8 SET k=k+1 WHERE id=8599655
	Update on sbtest8  (cost=0.43..8.46 rows=0 width=0)
	  ->  Index Scan using sbtest8_pkey on sbtest8  (cost=0.43..8.46 rows=1 width=10)
	        Index Cond: (id = 8599655)

for: simple_ranges
table 1 : explain SELECT c FROM sbtest1 WHERE id BETWEEN 6465287 AND 6465296
	Index Scan using sbtest1_pkey on sbtest1  (cost=0.43..40.96 rows=10 width=121)
	  Index Cond: ((id >= 6465287) AND (id <= 6465296))

table 2 : explain SELECT c FROM sbtest2 WHERE id BETWEEN 2521042 AND 2521051
	Index Scan using sbtest2_pkey on sbtest2  (cost=0.43..40.93 rows=10 width=121)
	  Index Cond: ((id >= 2521042) AND (id <= 2521051))

table 3 : explain SELECT c FROM sbtest3 WHERE id BETWEEN 7899155 AND 7899164
	Index Scan using sbtest3_pkey on sbtest3  (cost=0.43..37.58 rows=9 width=121)
	  Index Cond: ((id >= 7899155) AND (id <= 7899164))

table 4 : explain SELECT c FROM sbtest4 WHERE id BETWEEN 9267599 AND 9267608
	Index Scan using sbtest4_pkey on sbtest4  (cost=0.43..41.05 rows=10 width=121)
	  Index Cond: ((id >= 9267599) AND (id <= 9267608))

table 5 : explain SELECT c FROM sbtest5 WHERE id BETWEEN 3492577 AND 3492586
	Index Scan using sbtest5_pkey on sbtest5  (cost=0.43..40.39 rows=10 width=121)
	  Index Cond: ((id >= 3492577) AND (id <= 3492586))

table 6 : explain SELECT c FROM sbtest6 WHERE id BETWEEN 6591342 AND 6591351
	Index Scan using sbtest6_pkey on sbtest6  (cost=0.43..40.09 rows=10 width=121)
	  Index Cond: ((id >= 6591342) AND (id <= 6591351))

table 7 : explain SELECT c FROM sbtest7 WHERE id BETWEEN 6948090 AND 6948099
	Index Scan using sbtest7_pkey on sbtest7  (cost=0.43..39.72 rows=10 width=121)
	  Index Cond: ((id >= 6948090) AND (id <= 6948099))

table 8 : explain SELECT c FROM sbtest8 WHERE id BETWEEN 8637853 AND 8637862
	Index Scan using sbtest8_pkey on sbtest8  (cost=0.43..39.98 rows=10 width=121)
	  Index Cond: ((id >= 8637853) AND (id <= 8637862))

explain: for point_selects :: explain SELECT c FROM sbtest%u WHERE id=%u
explain: for deletes :: explain DELETE FROM sbtest%u WHERE id=%u
for: distinct_ranges
table 1 : explain SELECT DISTINCT c FROM sbtest1 WHERE id BETWEEN 1473105 AND 1473114 ORDER BY c
	Unique  (cost=37.49..37.54 rows=9 width=121)
	  ->  Sort  (cost=37.49..37.51 rows=9 width=121)
	        Sort Key: c
	        ->  Index Scan using sbtest1_pkey on sbtest1  (cost=0.43..37.35 rows=9 width=121)
	              Index Cond: ((id >= 1473105) AND (id <= 1473114))

table 2 : explain SELECT DISTINCT c FROM sbtest2 WHERE id BETWEEN 8788995 AND 8789004 ORDER BY c
	Unique  (cost=37.46..37.51 rows=9 width=121)
	  ->  Sort  (cost=37.46..37.48 rows=9 width=121)
	        Sort Key: c
	        ->  Index Scan using sbtest2_pkey on sbtest2  (cost=0.43..37.32 rows=9 width=121)
	              Index Cond: ((id >= 8788995) AND (id <= 8789004))

table 3 : explain SELECT DISTINCT c FROM sbtest3 WHERE id BETWEEN 256304 AND 256313 ORDER BY c
	Unique  (cost=41.39..41.44 rows=10 width=121)
	  ->  Sort  (cost=41.39..41.42 rows=10 width=121)
	        Sort Key: c
	        ->  Index Scan using sbtest3_pkey on sbtest3  (cost=0.43..41.23 rows=10 width=121)
	              Index Cond: ((id >= 256304) AND (id <= 256313))

table 4 : explain SELECT DISTINCT c FROM sbtest4 WHERE id BETWEEN 6703395 AND 6703404 ORDER BY c
	Unique  (cost=44.86..44.92 rows=11 width=121)
	  ->  Sort  (cost=44.86..44.89 rows=11 width=121)
	        Sort Key: c
	        ->  Index Scan using sbtest4_pkey on sbtest4  (cost=0.43..44.67 rows=11 width=121)
	              Index Cond: ((id >= 6703395) AND (id <= 6703404))

table 5 : explain SELECT DISTINCT c FROM sbtest5 WHERE id BETWEEN 5778723 AND 5778732 ORDER BY c
	Unique  (cost=40.56..40.61 rows=10 width=121)
	  ->  Sort  (cost=40.56..40.58 rows=10 width=121)
	        Sort Key: c
	        ->  Index Scan using sbtest5_pkey on sbtest5  (cost=0.43..40.39 rows=10 width=121)
	              Index Cond: ((id >= 5778723) AND (id <= 5778732))

table 6 : explain SELECT DISTINCT c FROM sbtest6 WHERE id BETWEEN 6612517 AND 6612526 ORDER BY c
	Unique  (cost=40.26..40.31 rows=10 width=121)
	  ->  Sort  (cost=40.26..40.28 rows=10 width=121)
	        Sort Key: c
	        ->  Index Scan using sbtest6_pkey on sbtest6  (cost=0.43..40.09 rows=10 width=121)
	              Index Cond: ((id >= 6612517) AND (id <= 6612526))

table 7 : explain SELECT DISTINCT c FROM sbtest7 WHERE id BETWEEN 8710630 AND 8710639 ORDER BY c
	Unique  (cost=39.89..39.94 rows=10 width=121)
	  ->  Sort  (cost=39.89..39.91 rows=10 width=121)
	        Sort Key: c
	        ->  Index Scan using sbtest7_pkey on sbtest7  (cost=0.43..39.72 rows=10 width=121)
	              Index Cond: ((id >= 8710630) AND (id <= 8710639))

table 8 : explain SELECT DISTINCT c FROM sbtest8 WHERE id BETWEEN 8529268 AND 8529277 ORDER BY c
	Unique  (cost=43.67..43.72 rows=11 width=121)
	  ->  Sort  (cost=43.67..43.70 rows=11 width=121)
	        Sort Key: c
	        ->  Index Scan using sbtest8_pkey on sbtest8  (cost=0.43..43.48 rows=11 width=121)
	              Index Cond: ((id >= 8529268) AND (id <= 8529277))

for deletes
table 1 : explain DELETE FROM sbtest1 WHERE id=9949150
	Delete on sbtest1  (cost=0.43..8.45 rows=0 width=0)
	  ->  Index Scan using sbtest1_pkey on sbtest1  (cost=0.43..8.45 rows=1 width=6)
	        Index Cond: (id = 9949150)

table 2 : explain DELETE FROM sbtest2 WHERE id=8573073
	Delete on sbtest2  (cost=0.43..8.45 rows=0 width=0)
	  ->  Index Scan using sbtest2_pkey on sbtest2  (cost=0.43..8.45 rows=1 width=6)
	        Index Cond: (id = 8573073)

table 3 : explain DELETE FROM sbtest3 WHERE id=6612349
	Delete on sbtest3  (cost=0.43..8.45 rows=0 width=0)
	  ->  Index Scan using sbtest3_pkey on sbtest3  (cost=0.43..8.45 rows=1 width=6)
	        Index Cond: (id = 6612349)

table 4 : explain DELETE FROM sbtest4 WHERE id=6315411
	Delete on sbtest4  (cost=0.43..8.45 rows=0 width=0)
	  ->  Index Scan using sbtest4_pkey on sbtest4  (cost=0.43..8.45 rows=1 width=6)
	        Index Cond: (id = 6315411)

table 5 : explain DELETE FROM sbtest5 WHERE id=8675865
	Delete on sbtest5  (cost=0.43..8.45 rows=0 width=0)
	  ->  Index Scan using sbtest5_pkey on sbtest5  (cost=0.43..8.45 rows=1 width=6)
	        Index Cond: (id = 8675865)

table 6 : explain DELETE FROM sbtest6 WHERE id=7873968
	Delete on sbtest6  (cost=0.43..8.45 rows=0 width=0)
	  ->  Index Scan using sbtest6_pkey on sbtest6  (cost=0.43..8.45 rows=1 width=6)
	        Index Cond: (id = 7873968)

table 7 : explain DELETE FROM sbtest7 WHERE id=4576029
	Delete on sbtest7  (cost=0.43..8.45 rows=0 width=0)
	  ->  Index Scan using sbtest7_pkey on sbtest7  (cost=0.43..8.45 rows=1 width=6)
	        Index Cond: (id = 4576029)

table 8 : explain DELETE FROM sbtest8 WHERE id=7735726
	Delete on sbtest8  (cost=0.43..8.45 rows=0 width=0)
	  ->  Index Scan using sbtest8_pkey on sbtest8  (cost=0.43..8.45 rows=1 width=6)
	        Index Cond: (id = 7735726)

explain: for non_index_updates :: explain UPDATE sbtest%u SET c='foobar' WHERE id=%u
for inserts
table 1 : explain INSERT INTO sbtest1 (id, k, c, pad) VALUES (3877520, 13, 'foobar', 'foobar')
	Insert on sbtest1  (cost=0.00..0.01 rows=0 width=0)
	  ->  Result  (cost=0.00..0.01 rows=1 width=736)

table 2 : explain INSERT INTO sbtest2 (id, k, c, pad) VALUES (5947809, 13, 'foobar', 'foobar')
	Insert on sbtest2  (cost=0.00..0.01 rows=0 width=0)
	  ->  Result  (cost=0.00..0.01 rows=1 width=736)

table 3 : explain INSERT INTO sbtest3 (id, k, c, pad) VALUES (4407494, 13, 'foobar', 'foobar')
	Insert on sbtest3  (cost=0.00..0.01 rows=0 width=0)
	  ->  Result  (cost=0.00..0.01 rows=1 width=736)

table 4 : explain INSERT INTO sbtest4 (id, k, c, pad) VALUES (922343, 13, 'foobar', 'foobar')
	Insert on sbtest4  (cost=0.00..0.01 rows=0 width=0)
	  ->  Result  (cost=0.00..0.01 rows=1 width=736)

table 5 : explain INSERT INTO sbtest5 (id, k, c, pad) VALUES (2575594, 13, 'foobar', 'foobar')
	Insert on sbtest5  (cost=0.00..0.01 rows=0 width=0)
	  ->  Result  (cost=0.00..0.01 rows=1 width=736)

table 6 : explain INSERT INTO sbtest6 (id, k, c, pad) VALUES (4563959, 13, 'foobar', 'foobar')
	Insert on sbtest6  (cost=0.00..0.01 rows=0 width=0)
	  ->  Result  (cost=0.00..0.01 rows=1 width=736)

table 7 : explain INSERT INTO sbtest7 (id, k, c, pad) VALUES (8416095, 13, 'foobar', 'foobar')
	Insert on sbtest7  (cost=0.00..0.01 rows=0 width=0)
	  ->  Result  (cost=0.00..0.01 rows=1 width=736)

table 8 : explain INSERT INTO sbtest8 (id, k, c, pad) VALUES (8389754, 13, 'foobar', 'foobar')
	Insert on sbtest8  (cost=0.00..0.01 rows=0 width=0)
	  ->  Result  (cost=0.00..0.01 rows=1 width=736)

for inserts
table 1 : explain INSERT INTO sbtest1 (id, k, c, pad) VALUES (5879497, 13, 'foobar', 'foobar')
	Insert on sbtest1  (cost=0.00..0.01 rows=0 width=0)
	  ->  Result  (cost=0.00..0.01 rows=1 width=736)

table 2 : explain INSERT INTO sbtest2 (id, k, c, pad) VALUES (9419470, 13, 'foobar', 'foobar')
	Insert on sbtest2  (cost=0.00..0.01 rows=0 width=0)
	  ->  Result  (cost=0.00..0.01 rows=1 width=736)

table 3 : explain INSERT INTO sbtest3 (id, k, c, pad) VALUES (221931, 13, 'foobar', 'foobar')
	Insert on sbtest3  (cost=0.00..0.01 rows=0 width=0)
	  ->  Result  (cost=0.00..0.01 rows=1 width=736)

table 4 : explain INSERT INTO sbtest4 (id, k, c, pad) VALUES (3092504, 13, 'foobar', 'foobar')
	Insert on sbtest4  (cost=0.00..0.01 rows=0 width=0)
	  ->  Result  (cost=0.00..0.01 rows=1 width=736)

table 5 : explain INSERT INTO sbtest5 (id, k, c, pad) VALUES (4238417, 13, 'foobar', 'foobar')
	Insert on sbtest5  (cost=0.00..0.01 rows=0 width=0)
	  ->  Result  (cost=0.00..0.01 rows=1 width=736)

table 6 : explain INSERT INTO sbtest6 (id, k, c, pad) VALUES (5638711, 13, 'foobar', 'foobar')
	Insert on sbtest6  (cost=0.00..0.01 rows=0 width=0)
	  ->  Result  (cost=0.00..0.01 rows=1 width=736)

table 7 : explain INSERT INTO sbtest7 (id, k, c, pad) VALUES (2794329, 13, 'foobar', 'foobar')
	Insert on sbtest7  (cost=0.00..0.01 rows=0 width=0)
	  ->  Result  (cost=0.00..0.01 rows=1 width=736)

table 8 : explain INSERT INTO sbtest8 (id, k, c, pad) VALUES (9457166, 13, 'foobar', 'foobar')
	Insert on sbtest8  (cost=0.00..0.01 rows=0 width=0)
	  ->  Result  (cost=0.00..0.01 rows=1 width=736)

for non_index_updates
table 1 : explain UPDATE sbtest1 SET c='foobar' WHERE id=7230538
	Update on sbtest1  (cost=0.43..8.45 rows=0 width=0)
	  ->  Index Scan using sbtest1_pkey on sbtest1  (cost=0.43..8.45 rows=1 width=490)
	        Index Cond: (id = 7230538)

table 2 : explain UPDATE sbtest2 SET c='foobar' WHERE id=9890015
	Update on sbtest2  (cost=0.43..8.45 rows=0 width=0)
	  ->  Index Scan using sbtest2_pkey on sbtest2  (cost=0.43..8.45 rows=1 width=490)
	        Index Cond: (id = 9890015)

table 3 : explain UPDATE sbtest3 SET c='foobar' WHERE id=3366530
	Update on sbtest3  (cost=0.43..8.45 rows=0 width=0)
	  ->  Index Scan using sbtest3_pkey on sbtest3  (cost=0.43..8.45 rows=1 width=490)
	        Index Cond: (id = 3366530)

table 4 : explain UPDATE sbtest4 SET c='foobar' WHERE id=2290903
	Update on sbtest4  (cost=0.43..8.45 rows=0 width=0)
	  ->  Index Scan using sbtest4_pkey on sbtest4  (cost=0.43..8.45 rows=1 width=490)
	        Index Cond: (id = 2290903)

table 5 : explain UPDATE sbtest5 SET c='foobar' WHERE id=3493741
	Update on sbtest5  (cost=0.43..8.45 rows=0 width=0)
	  ->  Index Scan using sbtest5_pkey on sbtest5  (cost=0.43..8.45 rows=1 width=490)
	        Index Cond: (id = 3493741)

table 6 : explain UPDATE sbtest6 SET c='foobar' WHERE id=4460942
	Update on sbtest6  (cost=0.43..8.45 rows=0 width=0)
	  ->  Index Scan using sbtest6_pkey on sbtest6  (cost=0.43..8.45 rows=1 width=490)
	        Index Cond: (id = 4460942)

table 7 : explain UPDATE sbtest7 SET c='foobar' WHERE id=3132807
	Update on sbtest7  (cost=0.43..8.45 rows=0 width=0)
	  ->  Index Scan using sbtest7_pkey on sbtest7  (cost=0.43..8.45 rows=1 width=490)
	        Index Cond: (id = 3132807)

table 8 : explain UPDATE sbtest8 SET c='foobar' WHERE id=5600955
	Update on sbtest8  (cost=0.43..8.45 rows=0 width=0)
	  ->  Index Scan using sbtest8_pkey on sbtest8  (cost=0.43..8.45 rows=1 width=490)
	        Index Cond: (id = 5600955)

for inserts
table 1 : explain INSERT INTO sbtest1 (id, k, c, pad) VALUES (6284188, 13, 'foobar', 'foobar')
	Insert on sbtest1  (cost=0.00..0.01 rows=0 width=0)
	  ->  Result  (cost=0.00..0.01 rows=1 width=736)

table 2 : explain INSERT INTO sbtest2 (id, k, c, pad) VALUES (1721850, 13, 'foobar', 'foobar')
	Insert on sbtest2  (cost=0.00..0.01 rows=0 width=0)
	  ->  Result  (cost=0.00..0.01 rows=1 width=736)

table 3 : explain INSERT INTO sbtest3 (id, k, c, pad) VALUES (3546397, 13, 'foobar', 'foobar')
	Insert on sbtest3  (cost=0.00..0.01 rows=0 width=0)
	  ->  Result  (cost=0.00..0.01 rows=1 width=736)

table 4 : explain INSERT INTO sbtest4 (id, k, c, pad) VALUES (8460714, 13, 'foobar', 'foobar')
	Insert on sbtest4  (cost=0.00..0.01 rows=0 width=0)
	  ->  Result  (cost=0.00..0.01 rows=1 width=736)

table 5 : explain INSERT INTO sbtest5 (id, k, c, pad) VALUES (8299904, 13, 'foobar', 'foobar')
	Insert on sbtest5  (cost=0.00..0.01 rows=0 width=0)
	  ->  Result  (cost=0.00..0.01 rows=1 width=736)

table 6 : explain INSERT INTO sbtest6 (id, k, c, pad) VALUES (1921438, 13, 'foobar', 'foobar')
	Insert on sbtest6  (cost=0.00..0.01 rows=0 width=0)
	  ->  Result  (cost=0.00..0.01 rows=1 width=736)

table 7 : explain INSERT INTO sbtest7 (id, k, c, pad) VALUES (7277117, 13, 'foobar', 'foobar')
	Insert on sbtest7  (cost=0.00..0.01 rows=0 width=0)
	  ->  Result  (cost=0.00..0.01 rows=1 width=736)

table 8 : explain INSERT INTO sbtest8 (id, k, c, pad) VALUES (532164, 13, 'foobar', 'foobar')
	Insert on sbtest8  (cost=0.00..0.01 rows=0 width=0)
	  ->  Result  (cost=0.00..0.01 rows=1 width=736)

for: sum_ranges
table 1 : explain SELECT SUM(k) FROM sbtest1 WHERE id BETWEEN 9349156 AND 9349165
	Aggregate  (cost=44.60..44.61 rows=1 width=8)
	  ->  Index Scan using sbtest1_pkey on sbtest1  (cost=0.43..44.57 rows=11 width=4)
	        Index Cond: ((id >= 9349156) AND (id <= 9349165))

table 2 : explain SELECT SUM(k) FROM sbtest2 WHERE id BETWEEN 3984531 AND 3984540
	Aggregate  (cost=44.56..44.57 rows=1 width=8)
	  ->  Index Scan using sbtest2_pkey on sbtest2  (cost=0.43..44.54 rows=11 width=4)
	        Index Cond: ((id >= 3984531) AND (id <= 3984540))

table 3 : explain SELECT SUM(k) FROM sbtest3 WHERE id BETWEEN 8908940 AND 8908949
	Aggregate  (cost=37.61..37.62 rows=1 width=8)
	  ->  Index Scan using sbtest3_pkey on sbtest3  (cost=0.43..37.58 rows=9 width=4)
	        Index Cond: ((id >= 8908940) AND (id <= 8908949))

table 4 : explain SELECT SUM(k) FROM sbtest4 WHERE id BETWEEN 1849495 AND 1849504
	Aggregate  (cost=44.70..44.71 rows=1 width=8)
	  ->  Index Scan using sbtest4_pkey on sbtest4  (cost=0.43..44.67 rows=11 width=4)
	        Index Cond: ((id >= 1849495) AND (id <= 1849504))

table 5 : explain SELECT SUM(k) FROM sbtest5 WHERE id BETWEEN 7907102 AND 7907111
	Aggregate  (cost=40.42..40.43 rows=1 width=8)
	  ->  Index Scan using sbtest5_pkey on sbtest5  (cost=0.43..40.39 rows=10 width=4)
	        Index Cond: ((id >= 7907102) AND (id <= 7907111))

table 6 : explain SELECT SUM(k) FROM sbtest6 WHERE id BETWEEN 7482355 AND 7482364
	Aggregate  (cost=40.12..40.13 rows=1 width=8)
	  ->  Index Scan using sbtest6_pkey on sbtest6  (cost=0.43..40.09 rows=10 width=4)
	        Index Cond: ((id >= 7482355) AND (id <= 7482364))

table 7 : explain SELECT SUM(k) FROM sbtest7 WHERE id BETWEEN 6407704 AND 6407713
	Aggregate  (cost=39.74..39.75 rows=1 width=8)
	  ->  Index Scan using sbtest7_pkey on sbtest7  (cost=0.43..39.72 rows=10 width=4)
	        Index Cond: ((id >= 6407704) AND (id <= 6407713))

table 8 : explain SELECT SUM(k) FROM sbtest8 WHERE id BETWEEN 9952583 AND 9952592
	Aggregate  (cost=40.00..40.01 rows=1 width=8)
	  ->  Index Scan using sbtest8_pkey on sbtest8  (cost=0.43..39.98 rows=10 width=4)
	        Index Cond: ((id >= 9952583) AND (id <= 9952592))

for non_index_updates
table 1 : explain UPDATE sbtest1 SET c='foobar' WHERE id=9860095
	Update on sbtest1  (cost=0.43..8.45 rows=0 width=0)
	  ->  Index Scan using sbtest1_pkey on sbtest1  (cost=0.43..8.45 rows=1 width=490)
	        Index Cond: (id = 9860095)

table 2 : explain UPDATE sbtest2 SET c='foobar' WHERE id=6316142
	Update on sbtest2  (cost=0.43..8.45 rows=0 width=0)
	  ->  Index Scan using sbtest2_pkey on sbtest2  (cost=0.43..8.45 rows=1 width=490)
	        Index Cond: (id = 6316142)

table 3 : explain UPDATE sbtest3 SET c='foobar' WHERE id=1992854
	Update on sbtest3  (cost=0.43..8.45 rows=0 width=0)
	  ->  Index Scan using sbtest3_pkey on sbtest3  (cost=0.43..8.45 rows=1 width=490)
	        Index Cond: (id = 1992854)

table 4 : explain UPDATE sbtest4 SET c='foobar' WHERE id=6198855
	Update on sbtest4  (cost=0.43..8.45 rows=0 width=0)
	  ->  Index Scan using sbtest4_pkey on sbtest4  (cost=0.43..8.45 rows=1 width=490)
	        Index Cond: (id = 6198855)

table 5 : explain UPDATE sbtest5 SET c='foobar' WHERE id=7832086
	Update on sbtest5  (cost=0.43..8.45 rows=0 width=0)
	  ->  Index Scan using sbtest5_pkey on sbtest5  (cost=0.43..8.45 rows=1 width=490)
	        Index Cond: (id = 7832086)

table 6 : explain UPDATE sbtest6 SET c='foobar' WHERE id=832267
	Update on sbtest6  (cost=0.43..8.45 rows=0 width=0)
	  ->  Index Scan using sbtest6_pkey on sbtest6  (cost=0.43..8.45 rows=1 width=490)
	        Index Cond: (id = 832267)

table 7 : explain UPDATE sbtest7 SET c='foobar' WHERE id=6422661
	Update on sbtest7  (cost=0.43..8.45 rows=0 width=0)
	  ->  Index Scan using sbtest7_pkey on sbtest7  (cost=0.43..8.45 rows=1 width=490)
	        Index Cond: (id = 6422661)

table 8 : explain UPDATE sbtest8 SET c='foobar' WHERE id=7450622
	Update on sbtest8  (cost=0.43..8.45 rows=0 width=0)
	  ->  Index Scan using sbtest8_pkey on sbtest8  (cost=0.43..8.45 rows=1 width=490)
	        Index Cond: (id = 7450622)

explain: for index_updates :: explain UPDATE sbtest%u SET k=k+1 WHERE id=%u
for: order_ranges
table 1 : explain SELECT c FROM sbtest1 WHERE id BETWEEN 7380883 AND 7380892 ORDER BY c
	Sort  (cost=41.13..41.15 rows=10 width=121)
	  Sort Key: c
	  ->  Index Scan using sbtest1_pkey on sbtest1  (cost=0.43..40.96 rows=10 width=121)
	        Index Cond: ((id >= 7380883) AND (id <= 7380892))

table 2 : explain SELECT c FROM sbtest2 WHERE id BETWEEN 4215857 AND 4215866 ORDER BY c
	Sort  (cost=44.73..44.75 rows=11 width=121)
	  Sort Key: c
	  ->  Index Scan using sbtest2_pkey on sbtest2  (cost=0.43..44.54 rows=11 width=121)
	        Index Cond: ((id >= 4215857) AND (id <= 4215866))

table 3 : explain SELECT c FROM sbtest3 WHERE id BETWEEN 4471931 AND 4471940 ORDER BY c
	Sort  (cost=41.39..41.42 rows=10 width=121)
	  Sort Key: c
	  ->  Index Scan using sbtest3_pkey on sbtest3  (cost=0.43..41.23 rows=10 width=121)
	        Index Cond: ((id >= 4471931) AND (id <= 4471940))

table 4 : explain SELECT c FROM sbtest4 WHERE id BETWEEN 9821528 AND 9821537 ORDER BY c
	Sort  (cost=41.22..41.24 rows=10 width=121)
	  Sort Key: c
	  ->  Index Scan using sbtest4_pkey on sbtest4  (cost=0.43..41.05 rows=10 width=121)
	        Index Cond: ((id >= 9821528) AND (id <= 9821537))

table 5 : explain SELECT c FROM sbtest5 WHERE id BETWEEN 8752921 AND 8752930 ORDER BY c
	Sort  (cost=44.13..44.16 rows=11 width=121)
	  Sort Key: c
	  ->  Index Scan using sbtest5_pkey on sbtest5  (cost=0.43..43.94 rows=11 width=121)
	        Index Cond: ((id >= 8752921) AND (id <= 8752930))

table 6 : explain SELECT c FROM sbtest6 WHERE id BETWEEN 1059035 AND 1059044 ORDER BY c
	Sort  (cost=36.72..36.74 rows=9 width=121)
	  Sort Key: c
	  ->  Index Scan using sbtest6_pkey on sbtest6  (cost=0.43..36.58 rows=9 width=121)
	        Index Cond: ((id >= 1059035) AND (id <= 1059044))

table 7 : explain SELECT c FROM sbtest7 WHERE id BETWEEN 5369026 AND 5369035 ORDER BY c
	Sort  (cost=36.39..36.41 rows=9 width=121)
	  Sort Key: c
	  ->  Index Scan using sbtest7_pkey on sbtest7  (cost=0.43..36.25 rows=9 width=121)
	        Index Cond: ((id >= 5369026) AND (id <= 5369035))

table 8 : explain SELECT c FROM sbtest8 WHERE id BETWEEN 1619342 AND 1619351 ORDER BY c
	Sort  (cost=40.14..40.17 rows=10 width=121)
	  Sort Key: c
	  ->  Index Scan using sbtest8_pkey on sbtest8  (cost=0.43..39.98 rows=10 width=121)
	        Index Cond: ((id >= 1619342) AND (id <= 1619351))

explain: for deletes :: explain DELETE FROM sbtest%u WHERE id=%u
for deletes
table 1 : explain DELETE FROM sbtest1 WHERE id=8441571
	Delete on sbtest1  (cost=0.43..8.45 rows=0 width=0)
	  ->  Index Scan using sbtest1_pkey on sbtest1  (cost=0.43..8.45 rows=1 width=6)
	        Index Cond: (id = 8441571)

table 2 : explain DELETE FROM sbtest2 WHERE id=8280563
	Delete on sbtest2  (cost=0.43..8.45 rows=0 width=0)
	  ->  Index Scan using sbtest2_pkey on sbtest2  (cost=0.43..8.45 rows=1 width=6)
	        Index Cond: (id = 8280563)

table 3 : explain DELETE FROM sbtest3 WHERE id=505387
	Delete on sbtest3  (cost=0.43..8.45 rows=0 width=0)
	  ->  Index Scan using sbtest3_pkey on sbtest3  (cost=0.43..8.45 rows=1 width=6)
	        Index Cond: (id = 505387)

table 4 : explain DELETE FROM sbtest4 WHERE id=2201583
	Delete on sbtest4  (cost=0.43..8.45 rows=0 width=0)
	  ->  Index Scan using sbtest4_pkey on sbtest4  (cost=0.43..8.45 rows=1 width=6)
	        Index Cond: (id = 2201583)

table 5 : explain DELETE FROM sbtest5 WHERE id=6612414
	Delete on sbtest5  (cost=0.43..8.45 rows=0 width=0)
	  ->  Index Scan using sbtest5_pkey on sbtest5  (cost=0.43..8.45 rows=1 width=6)
	        Index Cond: (id = 6612414)

table 6 : explain DELETE FROM sbtest6 WHERE id=521786
	Delete on sbtest6  (cost=0.43..8.45 rows=0 width=0)
	  ->  Index Scan using sbtest6_pkey on sbtest6  (cost=0.43..8.45 rows=1 width=6)
	        Index Cond: (id = 521786)

table 7 : explain DELETE FROM sbtest7 WHERE id=3237198
	Delete on sbtest7  (cost=0.43..8.45 rows=0 width=0)
	  ->  Index Scan using sbtest7_pkey on sbtest7  (cost=0.43..8.45 rows=1 width=6)
	        Index Cond: (id = 3237198)

table 8 : explain DELETE FROM sbtest8 WHERE id=5068626
	Delete on sbtest8  (cost=0.43..8.45 rows=0 width=0)
	  ->  Index Scan using sbtest8_pkey on sbtest8  (cost=0.43..8.45 rows=1 width=6)
	        Index Cond: (id = 5068626)

explain: for deletes :: explain DELETE FROM sbtest%u WHERE id=%u
for non_index_updates
table 1 : explain UPDATE sbtest1 SET c='foobar' WHERE id=6760011
	Update on sbtest1  (cost=0.43..8.45 rows=0 width=0)
	  ->  Index Scan using sbtest1_pkey on sbtest1  (cost=0.43..8.45 rows=1 width=490)
	        Index Cond: (id = 6760011)

table 2 : explain UPDATE sbtest2 SET c='foobar' WHERE id=3866441
	Update on sbtest2  (cost=0.43..8.45 rows=0 width=0)
	  ->  Index Scan using sbtest2_pkey on sbtest2  (cost=0.43..8.45 rows=1 width=490)
	        Index Cond: (id = 3866441)

table 3 : explain UPDATE sbtest3 SET c='foobar' WHERE id=303246
	Update on sbtest3  (cost=0.43..8.45 rows=0 width=0)
	  ->  Index Scan using sbtest3_pkey on sbtest3  (cost=0.43..8.45 rows=1 width=490)
	        Index Cond: (id = 303246)

table 4 : explain UPDATE sbtest4 SET c='foobar' WHERE id=2986974
	Update on sbtest4  (cost=0.43..8.45 rows=0 width=0)
	  ->  Index Scan using sbtest4_pkey on sbtest4  (cost=0.43..8.45 rows=1 width=490)
	        Index Cond: (id = 2986974)

table 5 : explain UPDATE sbtest5 SET c='foobar' WHERE id=2701331
	Update on sbtest5  (cost=0.43..8.45 rows=0 width=0)
	  ->  Index Scan using sbtest5_pkey on sbtest5  (cost=0.43..8.45 rows=1 width=490)
	        Index Cond: (id = 2701331)

table 6 : explain UPDATE sbtest6 SET c='foobar' WHERE id=1943707
	Update on sbtest6  (cost=0.43..8.45 rows=0 width=0)
	  ->  Index Scan using sbtest6_pkey on sbtest6  (cost=0.43..8.45 rows=1 width=490)
	        Index Cond: (id = 1943707)

table 7 : explain UPDATE sbtest7 SET c='foobar' WHERE id=9550388
	Update on sbtest7  (cost=0.43..8.45 rows=0 width=0)
	  ->  Index Scan using sbtest7_pkey on sbtest7  (cost=0.43..8.45 rows=1 width=490)
	        Index Cond: (id = 9550388)

table 8 : explain UPDATE sbtest8 SET c='foobar' WHERE id=4065346
	Update on sbtest8  (cost=0.43..8.45 rows=0 width=0)
	  ->  Index Scan using sbtest8_pkey on sbtest8  (cost=0.43..8.45 rows=1 width=490)
	        Index Cond: (id = 4065346)

for: order_ranges
table 1 : explain SELECT c FROM sbtest1 WHERE id BETWEEN 6821264 AND 6821273 ORDER BY c
	Sort  (cost=41.13..41.15 rows=10 width=121)
	  Sort Key: c
	  ->  Index Scan using sbtest1_pkey on sbtest1  (cost=0.43..40.96 rows=10 width=121)
	        Index Cond: ((id >= 6821264) AND (id <= 6821273))

table 2 : explain SELECT c FROM sbtest2 WHERE id BETWEEN 5266130 AND 5266139 ORDER BY c
	Sort  (cost=41.09..41.12 rows=10 width=121)
	  Sort Key: c
	  ->  Index Scan using sbtest2_pkey on sbtest2  (cost=0.43..40.93 rows=10 width=121)
	        Index Cond: ((id >= 5266130) AND (id <= 5266139))

table 3 : explain SELECT c FROM sbtest3 WHERE id BETWEEN 2524757 AND 2524766 ORDER BY c
	Sort  (cost=45.06..45.08 rows=11 width=121)
	  Sort Key: c
	  ->  Index Scan using sbtest3_pkey on sbtest3  (cost=0.43..44.87 rows=11 width=121)
	        Index Cond: ((id >= 2524757) AND (id <= 2524766))

table 4 : explain SELECT c FROM sbtest4 WHERE id BETWEEN 1247188 AND 1247197 ORDER BY c
	Sort  (cost=41.22..41.24 rows=10 width=121)
	  Sort Key: c
	  ->  Index Scan using sbtest4_pkey on sbtest4  (cost=0.43..41.05 rows=10 width=121)
	        Index Cond: ((id >= 1247188) AND (id <= 1247197))

table 5 : explain SELECT c FROM sbtest5 WHERE id BETWEEN 2376161 AND 2376170 ORDER BY c
	Sort  (cost=36.99..37.01 rows=9 width=121)
	  Sort Key: c
	  ->  Index Scan using sbtest5_pkey on sbtest5  (cost=0.43..36.85 rows=9 width=121)
	        Index Cond: ((id >= 2376161) AND (id <= 2376170))

table 6 : explain SELECT c FROM sbtest6 WHERE id BETWEEN 9255803 AND 9255812 ORDER BY c
	Sort  (cost=36.72..36.74 rows=9 width=121)
	  Sort Key: c
	  ->  Index Scan using sbtest6_pkey on sbtest6  (cost=0.43..36.58 rows=9 width=121)
	        Index Cond: ((id >= 9255803) AND (id <= 9255812))

table 7 : explain SELECT c FROM sbtest7 WHERE id BETWEEN 5266313 AND 5266322 ORDER BY c
	Sort  (cost=39.89..39.91 rows=10 width=121)
	  Sort Key: c
	  ->  Index Scan using sbtest7_pkey on sbtest7  (cost=0.43..39.72 rows=10 width=121)
	        Index Cond: ((id >= 5266313) AND (id <= 5266322))

table 8 : explain SELECT c FROM sbtest8 WHERE id BETWEEN 6079611 AND 6079620 ORDER BY c
	Sort  (cost=40.14..40.17 rows=10 width=121)
	  Sort Key: c
	  ->  Index Scan using sbtest8_pkey on sbtest8  (cost=0.43..39.98 rows=10 width=121)
	        Index Cond: ((id >= 6079611) AND (id <= 6079620))

for: order_ranges
table 1 : explain SELECT c FROM sbtest1 WHERE id BETWEEN 5578693 AND 5578702 ORDER BY c
	Sort  (cost=41.13..41.15 rows=10 width=121)
	  Sort Key: c
	  ->  Index Scan using sbtest1_pkey on sbtest1  (cost=0.43..40.96 rows=10 width=121)
	        Index Cond: ((id >= 5578693) AND (id <= 5578702))

table 2 : explain SELECT c FROM sbtest2 WHERE id BETWEEN 8104072 AND 8104081 ORDER BY c
	Sort  (cost=41.09..41.12 rows=10 width=121)
	  Sort Key: c
	  ->  Index Scan using sbtest2_pkey on sbtest2  (cost=0.43..40.93 rows=10 width=121)
	        Index Cond: ((id >= 8104072) AND (id <= 8104081))

table 3 : explain SELECT c FROM sbtest3 WHERE id BETWEEN 130907 AND 130916 ORDER BY c
	Sort  (cost=37.73..37.75 rows=9 width=121)
	  Sort Key: c
	  ->  Index Scan using sbtest3_pkey on sbtest3  (cost=0.43..37.58 rows=9 width=121)
	        Index Cond: ((id >= 130907) AND (id <= 130916))

table 4 : explain SELECT c FROM sbtest4 WHERE id BETWEEN 7985768 AND 7985777 ORDER BY c
	Sort  (cost=41.22..41.24 rows=10 width=121)
	  Sort Key: c
	  ->  Index Scan using sbtest4_pkey on sbtest4  (cost=0.43..41.05 rows=10 width=121)
	        Index Cond: ((id >= 7985768) AND (id <= 7985777))

table 5 : explain SELECT c FROM sbtest5 WHERE id BETWEEN 2742298 AND 2742307 ORDER BY c
	Sort  (cost=40.56..40.58 rows=10 width=121)
	  Sort Key: c
	  ->  Index Scan using sbtest5_pkey on sbtest5  (cost=0.43..40.39 rows=10 width=121)
	        Index Cond: ((id >= 2742298) AND (id <= 2742307))

table 6 : explain SELECT c FROM sbtest6 WHERE id BETWEEN 1636520 AND 1636529 ORDER BY c
	Sort  (cost=40.26..40.28 rows=10 width=121)
	  Sort Key: c
	  ->  Index Scan using sbtest6_pkey on sbtest6  (cost=0.43..40.09 rows=10 width=121)
	        Index Cond: ((id >= 1636520) AND (id <= 1636529))

table 7 : explain SELECT c FROM sbtest7 WHERE id BETWEEN 4184158 AND 4184167 ORDER BY c
	Sort  (cost=43.38..43.41 rows=11 width=121)
	  Sort Key: c
	  ->  Index Scan using sbtest7_pkey on sbtest7  (cost=0.43..43.19 rows=11 width=121)
	        Index Cond: ((id >= 4184158) AND (id <= 4184167))

table 8 : explain SELECT c FROM sbtest8 WHERE id BETWEEN 8662245 AND 8662254 ORDER BY c
	Sort  (cost=40.14..40.17 rows=10 width=121)
	  Sort Key: c
	  ->  Index Scan using sbtest8_pkey on sbtest8  (cost=0.43..39.98 rows=10 width=121)
	        Index Cond: ((id >= 8662245) AND (id <= 8662254))

for: order_ranges
table 1 : explain SELECT c FROM sbtest1 WHERE id BETWEEN 1745815 AND 1745824 ORDER BY c
	Sort  (cost=41.13..41.15 rows=10 width=121)
	  Sort Key: c
	  ->  Index Scan using sbtest1_pkey on sbtest1  (cost=0.43..40.96 rows=10 width=121)
	        Index Cond: ((id >= 1745815) AND (id <= 1745824))

table 2 : explain SELECT c FROM sbtest2 WHERE id BETWEEN 378958 AND 378967 ORDER BY c
	Sort  (cost=37.46..37.48 rows=9 width=121)
	  Sort Key: c
	  ->  Index Scan using sbtest2_pkey on sbtest2  (cost=0.43..37.32 rows=9 width=121)
	        Index Cond: ((id >= 378958) AND (id <= 378967))

table 3 : explain SELECT c FROM sbtest3 WHERE id BETWEEN 245353 AND 245362 ORDER BY c
	Sort  (cost=41.39..41.42 rows=10 width=121)
	  Sort Key: c
	  ->  Index Scan using sbtest3_pkey on sbtest3  (cost=0.43..41.23 rows=10 width=121)
	        Index Cond: ((id >= 245353) AND (id <= 245362))

table 4 : explain SELECT c FROM sbtest4 WHERE id BETWEEN 7161458 AND 7161467 ORDER BY c
	Sort  (cost=41.22..41.24 rows=10 width=121)
	  Sort Key: c
	  ->  Index Scan using sbtest4_pkey on sbtest4  (cost=0.43..41.05 rows=10 width=121)
	        Index Cond: ((id >= 7161458) AND (id <= 7161467))

table 5 : explain SELECT c FROM sbtest5 WHERE id BETWEEN 1104750 AND 1104759 ORDER BY c
	Sort  (cost=44.13..44.16 rows=11 width=121)
	  Sort Key: c
	  ->  Index Scan using sbtest5_pkey on sbtest5  (cost=0.43..43.94 rows=11 width=121)
	        Index Cond: ((id >= 1104750) AND (id <= 1104759))

table 6 : explain SELECT c FROM sbtest6 WHERE id BETWEEN 49255 AND 49264 ORDER BY c
	Sort  (cost=40.26..40.28 rows=10 width=121)
	  Sort Key: c
	  ->  Index Scan using sbtest6_pkey on sbtest6  (cost=0.43..40.09 rows=10 width=121)
	        Index Cond: ((id >= 49255) AND (id <= 49264))

table 7 : explain SELECT c FROM sbtest7 WHERE id BETWEEN 8204382 AND 8204391 ORDER BY c
	Sort  (cost=43.38..43.41 rows=11 width=121)
	  Sort Key: c
	  ->  Index Scan using sbtest7_pkey on sbtest7  (cost=0.43..43.19 rows=11 width=121)
	        Index Cond: ((id >= 8204382) AND (id <= 8204391))

table 8 : explain SELECT c FROM sbtest8 WHERE id BETWEEN 6575683 AND 6575692 ORDER BY c
	Sort  (cost=36.62..36.64 rows=9 width=121)
	  Sort Key: c
	  ->  Index Scan using sbtest8_pkey on sbtest8  (cost=0.43..36.47 rows=9 width=121)
	        Index Cond: ((id >= 6575683) AND (id <= 6575692))

for: distinct_ranges
table 1 : explain SELECT DISTINCT c FROM sbtest1 WHERE id BETWEEN 8622454 AND 8622463 ORDER BY c
	Unique  (cost=41.13..41.18 rows=10 width=121)
	  ->  Sort  (cost=41.13..41.15 rows=10 width=121)
	        Sort Key: c
	        ->  Index Scan using sbtest1_pkey on sbtest1  (cost=0.43..40.96 rows=10 width=121)
	              Index Cond: ((id >= 8622454) AND (id <= 8622463))

table 2 : explain SELECT DISTINCT c FROM sbtest2 WHERE id BETWEEN 6157970 AND 6157979 ORDER BY c
	Unique  (cost=37.46..37.51 rows=9 width=121)
	  ->  Sort  (cost=37.46..37.48 rows=9 width=121)
	        Sort Key: c
	        ->  Index Scan using sbtest2_pkey on sbtest2  (cost=0.43..37.32 rows=9 width=121)
	              Index Cond: ((id >= 6157970) AND (id <= 6157979))

table 3 : explain SELECT DISTINCT c FROM sbtest3 WHERE id BETWEEN 9738653 AND 9738662 ORDER BY c
	Unique  (cost=41.39..41.44 rows=10 width=121)
	  ->  Sort  (cost=41.39..41.42 rows=10 width=121)
	        Sort Key: c
	        ->  Index Scan using sbtest3_pkey on sbtest3  (cost=0.43..41.23 rows=10 width=121)
	              Index Cond: ((id >= 9738653) AND (id <= 9738662))

table 4 : explain SELECT DISTINCT c FROM sbtest4 WHERE id BETWEEN 734588 AND 734597 ORDER BY c
	Unique  (cost=41.22..41.27 rows=10 width=121)
	  ->  Sort  (cost=41.22..41.24 rows=10 width=121)
	        Sort Key: c
	        ->  Index Scan using sbtest4_pkey on sbtest4  (cost=0.43..41.05 rows=10 width=121)
	              Index Cond: ((id >= 734588) AND (id <= 734597))

table 5 : explain SELECT DISTINCT c FROM sbtest5 WHERE id BETWEEN 256295 AND 256304 ORDER BY c
	Unique  (cost=36.99..37.03 rows=9 width=121)
	  ->  Sort  (cost=36.99..37.01 rows=9 width=121)
	        Sort Key: c
	        ->  Index Scan using sbtest5_pkey on sbtest5  (cost=0.43..36.85 rows=9 width=121)
	              Index Cond: ((id >= 256295) AND (id <= 256304))

table 6 : explain SELECT DISTINCT c FROM sbtest6 WHERE id BETWEEN 8913662 AND 8913671 ORDER BY c
	Unique  (cost=40.26..40.31 rows=10 width=121)
	  ->  Sort  (cost=40.26..40.28 rows=10 width=121)
	        Sort Key: c
	        ->  Index Scan using sbtest6_pkey on sbtest6  (cost=0.43..40.09 rows=10 width=121)
	              Index Cond: ((id >= 8913662) AND (id <= 8913671))

table 7 : explain SELECT DISTINCT c FROM sbtest7 WHERE id BETWEEN 6829760 AND 6829769 ORDER BY c
	Unique  (cost=39.89..39.94 rows=10 width=121)
	  ->  Sort  (cost=39.89..39.91 rows=10 width=121)
	        Sort Key: c
	        ->  Index Scan using sbtest7_pkey on sbtest7  (cost=0.43..39.72 rows=10 width=121)
	              Index Cond: ((id >= 6829760) AND (id <= 6829769))

table 8 : explain SELECT DISTINCT c FROM sbtest8 WHERE id BETWEEN 4471370 AND 4471379 ORDER BY c
	Unique  (cost=43.67..43.72 rows=11 width=121)
	  ->  Sort  (cost=43.67..43.70 rows=11 width=121)
	        Sort Key: c
	        ->  Index Scan using sbtest8_pkey on sbtest8  (cost=0.43..43.48 rows=11 width=121)
	              Index Cond: ((id >= 4471370) AND (id <= 4471379))

explain: for inserts :: explain INSERT INTO sbtest%u (id, k, c, pad) VALUES (%u, 13, 'foobar', 'foobar')
for index_updates
table 1 : explain UPDATE sbtest1 SET k=k+1 WHERE id=2292275
	Update on sbtest1  (cost=0.43..8.46 rows=0 width=0)
	  ->  Index Scan using sbtest1_pkey on sbtest1  (cost=0.43..8.46 rows=1 width=10)
	        Index Cond: (id = 2292275)

table 2 : explain UPDATE sbtest2 SET k=k+1 WHERE id=3301757
	Update on sbtest2  (cost=0.43..8.46 rows=0 width=0)
	  ->  Index Scan using sbtest2_pkey on sbtest2  (cost=0.43..8.46 rows=1 width=10)
	        Index Cond: (id = 3301757)

table 3 : explain UPDATE sbtest3 SET k=k+1 WHERE id=712096
	Update on sbtest3  (cost=0.43..8.46 rows=0 width=0)
	  ->  Index Scan using sbtest3_pkey on sbtest3  (cost=0.43..8.46 rows=1 width=10)
	        Index Cond: (id = 712096)

table 4 : explain UPDATE sbtest4 SET k=k+1 WHERE id=9955857
	Update on sbtest4  (cost=0.43..8.46 rows=0 width=0)
	  ->  Index Scan using sbtest4_pkey on sbtest4  (cost=0.43..8.46 rows=1 width=10)
	        Index Cond: (id = 9955857)

table 5 : explain UPDATE sbtest5 SET k=k+1 WHERE id=4948510
	Update on sbtest5  (cost=0.43..8.46 rows=0 width=0)
	  ->  Index Scan using sbtest5_pkey on sbtest5  (cost=0.43..8.46 rows=1 width=10)
	        Index Cond: (id = 4948510)

table 6 : explain UPDATE sbtest6 SET k=k+1 WHERE id=130534
	Update on sbtest6  (cost=0.43..8.46 rows=0 width=0)
	  ->  Index Scan using sbtest6_pkey on sbtest6  (cost=0.43..8.46 rows=1 width=10)
	        Index Cond: (id = 130534)

table 7 : explain UPDATE sbtest7 SET k=k+1 WHERE id=7110126
	Update on sbtest7  (cost=0.43..8.46 rows=0 width=0)
	  ->  Index Scan using sbtest7_pkey on sbtest7  (cost=0.43..8.46 rows=1 width=10)
	        Index Cond: (id = 7110126)

table 8 : explain UPDATE sbtest8 SET k=k+1 WHERE id=3129534
	Update on sbtest8  (cost=0.43..8.46 rows=0 width=0)
	  ->  Index Scan using sbtest8_pkey on sbtest8  (cost=0.43..8.46 rows=1 width=10)
	        Index Cond: (id = 3129534)

for deletes
table 1 : explain DELETE FROM sbtest1 WHERE id=6025939
	Delete on sbtest1  (cost=0.43..8.45 rows=0 width=0)
	  ->  Index Scan using sbtest1_pkey on sbtest1  (cost=0.43..8.45 rows=1 width=6)
	        Index Cond: (id = 6025939)

table 2 : explain DELETE FROM sbtest2 WHERE id=5723969
	Delete on sbtest2  (cost=0.43..8.45 rows=0 width=0)
	  ->  Index Scan using sbtest2_pkey on sbtest2  (cost=0.43..8.45 rows=1 width=6)
	        Index Cond: (id = 5723969)

table 3 : explain DELETE FROM sbtest3 WHERE id=1666502
	Delete on sbtest3  (cost=0.43..8.45 rows=0 width=0)
	  ->  Index Scan using sbtest3_pkey on sbtest3  (cost=0.43..8.45 rows=1 width=6)
	        Index Cond: (id = 1666502)

table 4 : explain DELETE FROM sbtest4 WHERE id=2144412
	Delete on sbtest4  (cost=0.43..8.45 rows=0 width=0)
	  ->  Index Scan using sbtest4_pkey on sbtest4  (cost=0.43..8.45 rows=1 width=6)
	        Index Cond: (id = 2144412)

table 5 : explain DELETE FROM sbtest5 WHERE id=5752393
	Delete on sbtest5  (cost=0.43..8.45 rows=0 width=0)
	  ->  Index Scan using sbtest5_pkey on sbtest5  (cost=0.43..8.45 rows=1 width=6)
	        Index Cond: (id = 5752393)

table 6 : explain DELETE FROM sbtest6 WHERE id=9406555
	Delete on sbtest6  (cost=0.43..8.45 rows=0 width=0)
	  ->  Index Scan using sbtest6_pkey on sbtest6  (cost=0.43..8.45 rows=1 width=6)
	        Index Cond: (id = 9406555)

table 7 : explain DELETE FROM sbtest7 WHERE id=7015192
	Delete on sbtest7  (cost=0.43..8.45 rows=0 width=0)
	  ->  Index Scan using sbtest7_pkey on sbtest7  (cost=0.43..8.45 rows=1 width=6)
	        Index Cond: (id = 7015192)

table 8 : explain DELETE FROM sbtest8 WHERE id=6453695
	Delete on sbtest8  (cost=0.43..8.45 rows=0 width=0)
	  ->  Index Scan using sbtest8_pkey on sbtest8  (cost=0.43..8.45 rows=1 width=6)
	        Index Cond: (id = 6453695)

explain: for deletes :: explain DELETE FROM sbtest%u WHERE id=%u
for: distinct_ranges
table 1 : explain SELECT DISTINCT c FROM sbtest1 WHERE id BETWEEN 7313587 AND 7313596 ORDER BY c
	Unique  (cost=41.13..41.18 rows=10 width=121)
	  ->  Sort  (cost=41.13..41.15 rows=10 width=121)
	        Sort Key: c
	        ->  Index Scan using sbtest1_pkey on sbtest1  (cost=0.43..40.96 rows=10 width=121)
	              Index Cond: ((id >= 7313587) AND (id <= 7313596))

table 2 : explain SELECT DISTINCT c FROM sbtest2 WHERE id BETWEEN 4776809 AND 4776818 ORDER BY c
	Unique  (cost=41.09..41.14 rows=10 width=121)
	  ->  Sort  (cost=41.09..41.12 rows=10 width=121)
	        Sort Key: c
	        ->  Index Scan using sbtest2_pkey on sbtest2  (cost=0.43..40.93 rows=10 width=121)
	              Index Cond: ((id >= 4776809) AND (id <= 4776818))

table 3 : explain SELECT DISTINCT c FROM sbtest3 WHERE id BETWEEN 6416553 AND 6416562 ORDER BY c
	Unique  (cost=45.06..45.11 rows=11 width=121)
	  ->  Sort  (cost=45.06..45.08 rows=11 width=121)
	        Sort Key: c
	        ->  Index Scan using sbtest3_pkey on sbtest3  (cost=0.43..44.87 rows=11 width=121)
	              Index Cond: ((id >= 6416553) AND (id <= 6416562))

table 4 : explain SELECT DISTINCT c FROM sbtest4 WHERE id BETWEEN 4637928 AND 4637937 ORDER BY c
	Unique  (cost=41.22..41.27 rows=10 width=121)
	  ->  Sort  (cost=41.22..41.24 rows=10 width=121)
	        Sort Key: c
	        ->  Index Scan using sbtest4_pkey on sbtest4  (cost=0.43..41.05 rows=10 width=121)
	              Index Cond: ((id >= 4637928) AND (id <= 4637937))

table 5 : explain SELECT DISTINCT c FROM sbtest5 WHERE id BETWEEN 4176637 AND 4176646 ORDER BY c
	Unique  (cost=40.56..40.61 rows=10 width=121)
	  ->  Sort  (cost=40.56..40.58 rows=10 width=121)
	        Sort Key: c
	        ->  Index Scan using sbtest5_pkey on sbtest5  (cost=0.43..40.39 rows=10 width=121)
	              Index Cond: ((id >= 4176637) AND (id <= 4176646))

table 6 : explain SELECT DISTINCT c FROM sbtest6 WHERE id BETWEEN 5120483 AND 5120492 ORDER BY c
	Unique  (cost=40.26..40.31 rows=10 width=121)
	  ->  Sort  (cost=40.26..40.28 rows=10 width=121)
	        Sort Key: c
	        ->  Index Scan using sbtest6_pkey on sbtest6  (cost=0.43..40.09 rows=10 width=121)
	              Index Cond: ((id >= 5120483) AND (id <= 5120492))

table 7 : explain SELECT DISTINCT c FROM sbtest7 WHERE id BETWEEN 5969806 AND 5969815 ORDER BY c
	Unique  (cost=39.89..39.94 rows=10 width=121)
	  ->  Sort  (cost=39.89..39.91 rows=10 width=121)
	        Sort Key: c
	        ->  Index Scan using sbtest7_pkey on sbtest7  (cost=0.43..39.72 rows=10 width=121)
	              Index Cond: ((id >= 5969806) AND (id <= 5969815))

table 8 : explain SELECT DISTINCT c FROM sbtest8 WHERE id BETWEEN 7806965 AND 7806974 ORDER BY c
	Unique  (cost=36.62..36.66 rows=9 width=121)
	  ->  Sort  (cost=36.62..36.64 rows=9 width=121)
	        Sort Key: c
	        ->  Index Scan using sbtest8_pkey on sbtest8  (cost=0.43..36.47 rows=9 width=121)
	              Index Cond: ((id >= 7806965) AND (id <= 7806974))

for deletes
table 1 : explain DELETE FROM sbtest1 WHERE id=3940551
	Delete on sbtest1  (cost=0.43..8.45 rows=0 width=0)
	  ->  Index Scan using sbtest1_pkey on sbtest1  (cost=0.43..8.45 rows=1 width=6)
	        Index Cond: (id = 3940551)

table 2 : explain DELETE FROM sbtest2 WHERE id=3159164
	Delete on sbtest2  (cost=0.43..8.45 rows=0 width=0)
	  ->  Index Scan using sbtest2_pkey on sbtest2  (cost=0.43..8.45 rows=1 width=6)
	        Index Cond: (id = 3159164)

table 3 : explain DELETE FROM sbtest3 WHERE id=2670780
	Delete on sbtest3  (cost=0.43..8.45 rows=0 width=0)
	  ->  Index Scan using sbtest3_pkey on sbtest3  (cost=0.43..8.45 rows=1 width=6)
	        Index Cond: (id = 2670780)

table 4 : explain DELETE FROM sbtest4 WHERE id=3491560
	Delete on sbtest4  (cost=0.43..8.45 rows=0 width=0)
	  ->  Index Scan using sbtest4_pkey on sbtest4  (cost=0.43..8.45 rows=1 width=6)
	        Index Cond: (id = 3491560)

table 5 : explain DELETE FROM sbtest5 WHERE id=6034829
	Delete on sbtest5  (cost=0.43..8.45 rows=0 width=0)
	  ->  Index Scan using sbtest5_pkey on sbtest5  (cost=0.43..8.45 rows=1 width=6)
	        Index Cond: (id = 6034829)

table 6 : explain DELETE FROM sbtest6 WHERE id=7198941
	Delete on sbtest6  (cost=0.43..8.45 rows=0 width=0)
	  ->  Index Scan using sbtest6_pkey on sbtest6  (cost=0.43..8.45 rows=1 width=6)
	        Index Cond: (id = 7198941)

table 7 : explain DELETE FROM sbtest7 WHERE id=8507296
	Delete on sbtest7  (cost=0.43..8.45 rows=0 width=0)
	  ->  Index Scan using sbtest7_pkey on sbtest7  (cost=0.43..8.45 rows=1 width=6)
	        Index Cond: (id = 8507296)

table 8 : explain DELETE FROM sbtest8 WHERE id=5320460
	Delete on sbtest8  (cost=0.43..8.45 rows=0 width=0)
	  ->  Index Scan using sbtest8_pkey on sbtest8  (cost=0.43..8.45 rows=1 width=6)
	        Index Cond: (id = 5320460)

explain: for index_updates :: explain UPDATE sbtest%u SET k=k+1 WHERE id=%u
for: distinct_ranges
table 1 : explain SELECT DISTINCT c FROM sbtest1 WHERE id BETWEEN 860445 AND 860454 ORDER BY c
	Unique  (cost=37.49..37.54 rows=9 width=121)
	  ->  Sort  (cost=37.49..37.51 rows=9 width=121)
	        Sort Key: c
	        ->  Index Scan using sbtest1_pkey on sbtest1  (cost=0.43..37.35 rows=9 width=121)
	              Index Cond: ((id >= 860445) AND (id <= 860454))

table 2 : explain SELECT DISTINCT c FROM sbtest2 WHERE id BETWEEN 8098653 AND 8098662 ORDER BY c
	Unique  (cost=41.09..41.14 rows=10 width=121)
	  ->  Sort  (cost=41.09..41.12 rows=10 width=121)
	        Sort Key: c
	        ->  Index Scan using sbtest2_pkey on sbtest2  (cost=0.43..40.93 rows=10 width=121)
	              Index Cond: ((id >= 8098653) AND (id <= 8098662))

table 3 : explain SELECT DISTINCT c FROM sbtest3 WHERE id BETWEEN 5078641 AND 5078650 ORDER BY c
	Unique  (cost=45.06..45.11 rows=11 width=121)
	  ->  Sort  (cost=45.06..45.08 rows=11 width=121)
	        Sort Key: c
	        ->  Index Scan using sbtest3_pkey on sbtest3  (cost=0.43..44.87 rows=11 width=121)
	              Index Cond: ((id >= 5078641) AND (id <= 5078650))

table 4 : explain SELECT DISTINCT c FROM sbtest4 WHERE id BETWEEN 8703695 AND 8703704 ORDER BY c
	Unique  (cost=44.86..44.92 rows=11 width=121)
	  ->  Sort  (cost=44.86..44.89 rows=11 width=121)
	        Sort Key: c
	        ->  Index Scan using sbtest4_pkey on sbtest4  (cost=0.43..44.67 rows=11 width=121)
	              Index Cond: ((id >= 8703695) AND (id <= 8703704))

table 5 : explain SELECT DISTINCT c FROM sbtest5 WHERE id BETWEEN 7091367 AND 7091376 ORDER BY c
	Unique  (cost=44.13..44.19 rows=11 width=121)
	  ->  Sort  (cost=44.13..44.16 rows=11 width=121)
	        Sort Key: c
	        ->  Index Scan using sbtest5_pkey on sbtest5  (cost=0.43..43.94 rows=11 width=121)
	              Index Cond: ((id >= 7091367) AND (id <= 7091376))

table 6 : explain SELECT DISTINCT c FROM sbtest6 WHERE id BETWEEN 1305881 AND 1305890 ORDER BY c
	Unique  (cost=40.26..40.31 rows=10 width=121)
	  ->  Sort  (cost=40.26..40.28 rows=10 width=121)
	        Sort Key: c
	        ->  Index Scan using sbtest6_pkey on sbtest6  (cost=0.43..40.09 rows=10 width=121)
	              Index Cond: ((id >= 1305881) AND (id <= 1305890))

table 7 : explain SELECT DISTINCT c FROM sbtest7 WHERE id BETWEEN 5541466 AND 5541475 ORDER BY c
	Unique  (cost=39.89..39.94 rows=10 width=121)
	  ->  Sort  (cost=39.89..39.91 rows=10 width=121)
	        Sort Key: c
	        ->  Index Scan using sbtest7_pkey on sbtest7  (cost=0.43..39.72 rows=10 width=121)
	              Index Cond: ((id >= 5541466) AND (id <= 5541475))

table 8 : explain SELECT DISTINCT c FROM sbtest8 WHERE id BETWEEN 8033755 AND 8033764 ORDER BY c
	Unique  (cost=36.62..36.66 rows=9 width=121)
	  ->  Sort  (cost=36.62..36.64 rows=9 width=121)
	        Sort Key: c
	        ->  Index Scan using sbtest8_pkey on sbtest8  (cost=0.43..36.47 rows=9 width=121)
	              Index Cond: ((id >= 8033755) AND (id <= 8033764))

explain: for non_index_updates :: explain UPDATE sbtest%u SET c='foobar' WHERE id=%u
explain: for index_updates :: explain UPDATE sbtest%u SET k=k+1 WHERE id=%u
for inserts
table 1 : explain INSERT INTO sbtest1 (id, k, c, pad) VALUES (6637398, 13, 'foobar', 'foobar')
	Insert on sbtest1  (cost=0.00..0.01 rows=0 width=0)
	  ->  Result  (cost=0.00..0.01 rows=1 width=736)

table 2 : explain INSERT INTO sbtest2 (id, k, c, pad) VALUES (2879992, 13, 'foobar', 'foobar')
	Insert on sbtest2  (cost=0.00..0.01 rows=0 width=0)
	  ->  Result  (cost=0.00..0.01 rows=1 width=736)

table 3 : explain INSERT INTO sbtest3 (id, k, c, pad) VALUES (574306, 13, 'foobar', 'foobar')
	Insert on sbtest3  (cost=0.00..0.01 rows=0 width=0)
	  ->  Result  (cost=0.00..0.01 rows=1 width=736)

table 4 : explain INSERT INTO sbtest4 (id, k, c, pad) VALUES (330041, 13, 'foobar', 'foobar')
	Insert on sbtest4  (cost=0.00..0.01 rows=0 width=0)
	  ->  Result  (cost=0.00..0.01 rows=1 width=736)

table 5 : explain INSERT INTO sbtest5 (id, k, c, pad) VALUES (3974795, 13, 'foobar', 'foobar')
	Insert on sbtest5  (cost=0.00..0.01 rows=0 width=0)
	  ->  Result  (cost=0.00..0.01 rows=1 width=736)

table 6 : explain INSERT INTO sbtest6 (id, k, c, pad) VALUES (8187693, 13, 'foobar', 'foobar')
	Insert on sbtest6  (cost=0.00..0.01 rows=0 width=0)
	  ->  Result  (cost=0.00..0.01 rows=1 width=736)

table 7 : explain INSERT INTO sbtest7 (id, k, c, pad) VALUES (1986036, 13, 'foobar', 'foobar')
	Insert on sbtest7  (cost=0.00..0.01 rows=0 width=0)
	  ->  Result  (cost=0.00..0.01 rows=1 width=736)

table 8 : explain INSERT INTO sbtest8 (id, k, c, pad) VALUES (7762492, 13, 'foobar', 'foobar')
	Insert on sbtest8  (cost=0.00..0.01 rows=0 width=0)
	  ->  Result  (cost=0.00..0.01 rows=1 width=736)

for: sum_ranges
table 1 : explain SELECT SUM(k) FROM sbtest1 WHERE id BETWEEN 542494 AND 542503
	Aggregate  (cost=37.37..37.38 rows=1 width=8)
	  ->  Index Scan using sbtest1_pkey on sbtest1  (cost=0.43..37.35 rows=9 width=4)
	        Index Cond: ((id >= 542494) AND (id <= 542503))

table 2 : explain SELECT SUM(k) FROM sbtest2 WHERE id BETWEEN 3699702 AND 3699711
	Aggregate  (cost=40.95..40.96 rows=1 width=8)
	  ->  Index Scan using sbtest2_pkey on sbtest2  (cost=0.43..40.93 rows=10 width=4)
	        Index Cond: ((id >= 3699702) AND (id <= 3699711))

table 3 : explain SELECT SUM(k) FROM sbtest3 WHERE id BETWEEN 5945425 AND 5945434
	Aggregate  (cost=41.25..41.26 rows=1 width=8)
	  ->  Index Scan using sbtest3_pkey on sbtest3  (cost=0.43..41.23 rows=10 width=4)
	        Index Cond: ((id >= 5945425) AND (id <= 5945434))

table 4 : explain SELECT SUM(k) FROM sbtest4 WHERE id BETWEEN 9511664 AND 9511673
	Aggregate  (cost=44.70..44.71 rows=1 width=8)
	  ->  Index Scan using sbtest4_pkey on sbtest4  (cost=0.43..44.67 rows=11 width=4)
	        Index Cond: ((id >= 9511664) AND (id <= 9511673))

table 5 : explain SELECT SUM(k) FROM sbtest5 WHERE id BETWEEN 4827618 AND 4827627
	Aggregate  (cost=43.97..43.98 rows=1 width=8)
	  ->  Index Scan using sbtest5_pkey on sbtest5  (cost=0.43..43.94 rows=11 width=4)
	        Index Cond: ((id >= 4827618) AND (id <= 4827627))

table 6 : explain SELECT SUM(k) FROM sbtest6 WHERE id BETWEEN 9367590 AND 9367599
	Aggregate  (cost=40.12..40.13 rows=1 width=8)
	  ->  Index Scan using sbtest6_pkey on sbtest6  (cost=0.43..40.09 rows=10 width=4)
	        Index Cond: ((id >= 9367590) AND (id <= 9367599))

table 7 : explain SELECT SUM(k) FROM sbtest7 WHERE id BETWEEN 7259262 AND 7259271
	Aggregate  (cost=39.74..39.75 rows=1 width=8)
	  ->  Index Scan using sbtest7_pkey on sbtest7  (cost=0.43..39.72 rows=10 width=4)
	        Index Cond: ((id >= 7259262) AND (id <= 7259271))

table 8 : explain SELECT SUM(k) FROM sbtest8 WHERE id BETWEEN 2256667 AND 2256676
	Aggregate  (cost=40.00..40.01 rows=1 width=8)
	  ->  Index Scan using sbtest8_pkey on sbtest8  (cost=0.43..39.98 rows=10 width=4)
	        Index Cond: ((id >= 2256667) AND (id <= 2256676))

for deletes
table 1 : explain DELETE FROM sbtest1 WHERE id=7685129
	Delete on sbtest1  (cost=0.43..8.45 rows=0 width=0)
	  ->  Index Scan using sbtest1_pkey on sbtest1  (cost=0.43..8.45 rows=1 width=6)
	        Index Cond: (id = 7685129)

table 2 : explain DELETE FROM sbtest2 WHERE id=7483309
	Delete on sbtest2  (cost=0.43..8.45 rows=0 width=0)
	  ->  Index Scan using sbtest2_pkey on sbtest2  (cost=0.43..8.45 rows=1 width=6)
	        Index Cond: (id = 7483309)

table 3 : explain DELETE FROM sbtest3 WHERE id=1094101
	Delete on sbtest3  (cost=0.43..8.45 rows=0 width=0)
	  ->  Index Scan using sbtest3_pkey on sbtest3  (cost=0.43..8.45 rows=1 width=6)
	        Index Cond: (id = 1094101)

table 4 : explain DELETE FROM sbtest4 WHERE id=1382937
	Delete on sbtest4  (cost=0.43..8.45 rows=0 width=0)
	  ->  Index Scan using sbtest4_pkey on sbtest4  (cost=0.43..8.45 rows=1 width=6)
	        Index Cond: (id = 1382937)

table 5 : explain DELETE FROM sbtest5 WHERE id=5452125
	Delete on sbtest5  (cost=0.43..8.45 rows=0 width=0)
	  ->  Index Scan using sbtest5_pkey on sbtest5  (cost=0.43..8.45 rows=1 width=6)
	        Index Cond: (id = 5452125)

table 6 : explain DELETE FROM sbtest6 WHERE id=9802725
	Delete on sbtest6  (cost=0.43..8.45 rows=0 width=0)
	  ->  Index Scan using sbtest6_pkey on sbtest6  (cost=0.43..8.45 rows=1 width=6)
	        Index Cond: (id = 9802725)

table 7 : explain DELETE FROM sbtest7 WHERE id=6147308
	Delete on sbtest7  (cost=0.43..8.45 rows=0 width=0)
	  ->  Index Scan using sbtest7_pkey on sbtest7  (cost=0.43..8.45 rows=1 width=6)
	        Index Cond: (id = 6147308)

table 8 : explain DELETE FROM sbtest8 WHERE id=2500713
	Delete on sbtest8  (cost=0.43..8.45 rows=0 width=0)
	  ->  Index Scan using sbtest8_pkey on sbtest8  (cost=0.43..8.45 rows=1 width=6)
	        Index Cond: (id = 2500713)

explain: for inserts :: explain INSERT INTO sbtest%u (id, k, c, pad) VALUES (%u, 13, 'foobar', 'foobar')
explain: for inserts :: explain INSERT INTO sbtest%u (id, k, c, pad) VALUES (%u, 13, 'foobar', 'foobar')
for: simple_ranges
table 1 : explain SELECT c FROM sbtest1 WHERE id BETWEEN 9625736 AND 9625745
	Index Scan using sbtest1_pkey on sbtest1  (cost=0.43..40.96 rows=10 width=121)
	  Index Cond: ((id >= 9625736) AND (id <= 9625745))

table 2 : explain SELECT c FROM sbtest2 WHERE id BETWEEN 5298522 AND 5298531
	Index Scan using sbtest2_pkey on sbtest2  (cost=0.43..40.93 rows=10 width=121)
	  Index Cond: ((id >= 5298522) AND (id <= 5298531))

table 3 : explain SELECT c FROM sbtest3 WHERE id BETWEEN 5599576 AND 5599585
	Index Scan using sbtest3_pkey on sbtest3  (cost=0.43..41.23 rows=10 width=121)
	  Index Cond: ((id >= 5599576) AND (id <= 5599585))

table 4 : explain SELECT c FROM sbtest4 WHERE id BETWEEN 6495395 AND 6495404
	Index Scan using sbtest4_pkey on sbtest4  (cost=0.43..41.05 rows=10 width=121)
	  Index Cond: ((id >= 6495395) AND (id <= 6495404))

table 5 : explain SELECT c FROM sbtest5 WHERE id BETWEEN 7636686 AND 7636695
	Index Scan using sbtest5_pkey on sbtest5  (cost=0.43..40.39 rows=10 width=121)
	  Index Cond: ((id >= 7636686) AND (id <= 7636695))

table 6 : explain SELECT c FROM sbtest6 WHERE id BETWEEN 7516877 AND 7516886
	Index Scan using sbtest6_pkey on sbtest6  (cost=0.43..40.09 rows=10 width=121)
	  Index Cond: ((id >= 7516877) AND (id <= 7516886))

table 7 : explain SELECT c FROM sbtest7 WHERE id BETWEEN 857542 AND 857551
	Index Scan using sbtest7_pkey on sbtest7  (cost=0.43..43.19 rows=11 width=121)
	  Index Cond: ((id >= 857542) AND (id <= 857551))

table 8 : explain SELECT c FROM sbtest8 WHERE id BETWEEN 3158530 AND 3158539
	Index Scan using sbtest8_pkey on sbtest8  (cost=0.43..39.98 rows=10 width=121)
	  Index Cond: ((id >= 3158530) AND (id <= 3158539))

for: distinct_ranges
table 1 : explain SELECT DISTINCT c FROM sbtest1 WHERE id BETWEEN 2296663 AND 2296672 ORDER BY c
	Unique  (cost=41.13..41.18 rows=10 width=121)
	  ->  Sort  (cost=41.13..41.15 rows=10 width=121)
	        Sort Key: c
	        ->  Index Scan using sbtest1_pkey on sbtest1  (cost=0.43..40.96 rows=10 width=121)
	              Index Cond: ((id >= 2296663) AND (id <= 2296672))

table 2 : explain SELECT DISTINCT c FROM sbtest2 WHERE id BETWEEN 7235117 AND 7235126 ORDER BY c
	Unique  (cost=44.73..44.78 rows=11 width=121)
	  ->  Sort  (cost=44.73..44.75 rows=11 width=121)
	        Sort Key: c
	        ->  Index Scan using sbtest2_pkey on sbtest2  (cost=0.43..44.54 rows=11 width=121)
	              Index Cond: ((id >= 7235117) AND (id <= 7235126))

table 3 : explain SELECT DISTINCT c FROM sbtest3 WHERE id BETWEEN 5000451 AND 5000460 ORDER BY c
	Unique  (cost=41.39..41.44 rows=10 width=121)
	  ->  Sort  (cost=41.39..41.42 rows=10 width=121)
	        Sort Key: c
	        ->  Index Scan using sbtest3_pkey on sbtest3  (cost=0.43..41.23 rows=10 width=121)
	              Index Cond: ((id >= 5000451) AND (id <= 5000460))

table 4 : explain SELECT DISTINCT c FROM sbtest4 WHERE id BETWEEN 8587431 AND 8587440 ORDER BY c
	Unique  (cost=44.86..44.92 rows=11 width=121)
	  ->  Sort  (cost=44.86..44.89 rows=11 width=121)
	        Sort Key: c
	        ->  Index Scan using sbtest4_pkey on sbtest4  (cost=0.43..44.67 rows=11 width=121)
	              Index Cond: ((id >= 8587431) AND (id <= 8587440))

table 5 : explain SELECT DISTINCT c FROM sbtest5 WHERE id BETWEEN 9268428 AND 9268437 ORDER BY c
	Unique  (cost=40.56..40.61 rows=10 width=121)
	  ->  Sort  (cost=40.56..40.58 rows=10 width=121)
	        Sort Key: c
	        ->  Index Scan using sbtest5_pkey on sbtest5  (cost=0.43..40.39 rows=10 width=121)
	              Index Cond: ((id >= 9268428) AND (id <= 9268437))

table 6 : explain SELECT DISTINCT c FROM sbtest6 WHERE id BETWEEN 2495856 AND 2495865 ORDER BY c
	Unique  (cost=40.26..40.31 rows=10 width=121)
	  ->  Sort  (cost=40.26..40.28 rows=10 width=121)
	        Sort Key: c
	        ->  Index Scan using sbtest6_pkey on sbtest6  (cost=0.43..40.09 rows=10 width=121)
	              Index Cond: ((id >= 2495856) AND (id <= 2495865))

table 7 : explain SELECT DISTINCT c FROM sbtest7 WHERE id BETWEEN 694882 AND 694891 ORDER BY c
	Unique  (cost=43.38..43.44 rows=11 width=121)
	  ->  Sort  (cost=43.38..43.41 rows=11 width=121)
	        Sort Key: c
	        ->  Index Scan using sbtest7_pkey on sbtest7  (cost=0.43..43.19 rows=11 width=121)
	              Index Cond: ((id >= 694882) AND (id <= 694891))

table 8 : explain SELECT DISTINCT c FROM sbtest8 WHERE id BETWEEN 323987 AND 323996 ORDER BY c
	Unique  (cost=40.14..40.19 rows=10 width=121)
	  ->  Sort  (cost=40.14..40.17 rows=10 width=121)
	        Sort Key: c
	        ->  Index Scan using sbtest8_pkey on sbtest8  (cost=0.43..39.98 rows=10 width=121)
	              Index Cond: ((id >= 323987) AND (id <= 323996))

for: distinct_ranges
table 1 : explain SELECT DISTINCT c FROM sbtest1 WHERE id BETWEEN 3605399 AND 3605408 ORDER BY c
	Unique  (cost=41.13..41.18 rows=10 width=121)
	  ->  Sort  (cost=41.13..41.15 rows=10 width=121)
	        Sort Key: c
	        ->  Index Scan using sbtest1_pkey on sbtest1  (cost=0.43..40.96 rows=10 width=121)
	              Index Cond: ((id >= 3605399) AND (id <= 3605408))

table 2 : explain SELECT DISTINCT c FROM sbtest2 WHERE id BETWEEN 7138058 AND 7138067 ORDER BY c
	Unique  (cost=37.46..37.51 rows=9 width=121)
	  ->  Sort  (cost=37.46..37.48 rows=9 width=121)
	        Sort Key: c
	        ->  Index Scan using sbtest2_pkey on sbtest2  (cost=0.43..37.32 rows=9 width=121)
	              Index Cond: ((id >= 7138058) AND (id <= 7138067))

table 3 : explain SELECT DISTINCT c FROM sbtest3 WHERE id BETWEEN 2516370 AND 2516379 ORDER BY c
	Unique  (cost=45.06..45.11 rows=11 width=121)
	  ->  Sort  (cost=45.06..45.08 rows=11 width=121)
	        Sort Key: c
	        ->  Index Scan using sbtest3_pkey on sbtest3  (cost=0.43..44.87 rows=11 width=121)
	              Index Cond: ((id >= 2516370) AND (id <= 2516379))

table 4 : explain SELECT DISTINCT c FROM sbtest4 WHERE id BETWEEN 2542658 AND 2542667 ORDER BY c
	Unique  (cost=44.86..44.92 rows=11 width=121)
	  ->  Sort  (cost=44.86..44.89 rows=11 width=121)
	        Sort Key: c
	        ->  Index Scan using sbtest4_pkey on sbtest4  (cost=0.43..44.67 rows=11 width=121)
	              Index Cond: ((id >= 2542658) AND (id <= 2542667))

table 5 : explain SELECT DISTINCT c FROM sbtest5 WHERE id BETWEEN 7202000 AND 7202009 ORDER BY c
	Unique  (cost=40.56..40.61 rows=10 width=121)
	  ->  Sort  (cost=40.56..40.58 rows=10 width=121)
	        Sort Key: c
	        ->  Index Scan using sbtest5_pkey on sbtest5  (cost=0.43..40.39 rows=10 width=121)
	              Index Cond: ((id >= 7202000) AND (id <= 7202009))

table 6 : explain SELECT DISTINCT c FROM sbtest6 WHERE id BETWEEN 1515830 AND 1515839 ORDER BY c
	Unique  (cost=40.26..40.31 rows=10 width=121)
	  ->  Sort  (cost=40.26..40.28 rows=10 width=121)
	        Sort Key: c
	        ->  Index Scan using sbtest6_pkey on sbtest6  (cost=0.43..40.09 rows=10 width=121)
	              Index Cond: ((id >= 1515830) AND (id <= 1515839))

table 7 : explain SELECT DISTINCT c FROM sbtest7 WHERE id BETWEEN 8820611 AND 8820620 ORDER BY c
	Unique  (cost=36.39..36.43 rows=9 width=121)
	  ->  Sort  (cost=36.39..36.41 rows=9 width=121)
	        Sort Key: c
	        ->  Index Scan using sbtest7_pkey on sbtest7  (cost=0.43..36.25 rows=9 width=121)
	              Index Cond: ((id >= 8820611) AND (id <= 8820620))

table 8 : explain SELECT DISTINCT c FROM sbtest8 WHERE id BETWEEN 7599524 AND 7599533 ORDER BY c
	Unique  (cost=40.14..40.19 rows=10 width=121)
	  ->  Sort  (cost=40.14..40.17 rows=10 width=121)
	        Sort Key: c
	        ->  Index Scan using sbtest8_pkey on sbtest8  (cost=0.43..39.98 rows=10 width=121)
	              Index Cond: ((id >= 7599524) AND (id <= 7599533))

explain: for index_updates :: explain UPDATE sbtest%u SET k=k+1 WHERE id=%u
for: order_ranges
table 1 : explain SELECT c FROM sbtest1 WHERE id BETWEEN 7327604 AND 7327613 ORDER BY c
	Sort  (cost=41.13..41.15 rows=10 width=121)
	  Sort Key: c
	  ->  Index Scan using sbtest1_pkey on sbtest1  (cost=0.43..40.96 rows=10 width=121)
	        Index Cond: ((id >= 7327604) AND (id <= 7327613))

table 2 : explain SELECT c FROM sbtest2 WHERE id BETWEEN 4765715 AND 4765724 ORDER BY c
	Sort  (cost=41.09..41.12 rows=10 width=121)
	  Sort Key: c
	  ->  Index Scan using sbtest2_pkey on sbtest2  (cost=0.43..40.93 rows=10 width=121)
	        Index Cond: ((id >= 4765715) AND (id <= 4765724))

table 3 : explain SELECT c FROM sbtest3 WHERE id BETWEEN 1122180 AND 1122189 ORDER BY c
	Sort  (cost=37.73..37.75 rows=9 width=121)
	  Sort Key: c
	  ->  Index Scan using sbtest3_pkey on sbtest3  (cost=0.43..37.58 rows=9 width=121)
	        Index Cond: ((id >= 1122180) AND (id <= 1122189))

table 4 : explain SELECT c FROM sbtest4 WHERE id BETWEEN 3584384 AND 3584393 ORDER BY c
	Sort  (cost=41.22..41.24 rows=10 width=121)
	  Sort Key: c
	  ->  Index Scan using sbtest4_pkey on sbtest4  (cost=0.43..41.05 rows=10 width=121)
	        Index Cond: ((id >= 3584384) AND (id <= 3584393))

table 5 : explain SELECT c FROM sbtest5 WHERE id BETWEEN 5301375 AND 5301384 ORDER BY c
	Sort  (cost=40.56..40.58 rows=10 width=121)
	  Sort Key: c
	  ->  Index Scan using sbtest5_pkey on sbtest5  (cost=0.43..40.39 rows=10 width=121)
	        Index Cond: ((id >= 5301375) AND (id <= 5301384))

table 6 : explain SELECT c FROM sbtest6 WHERE id BETWEEN 5676192 AND 5676201 ORDER BY c
	Sort  (cost=40.26..40.28 rows=10 width=121)
	  Sort Key: c
	  ->  Index Scan using sbtest6_pkey on sbtest6  (cost=0.43..40.09 rows=10 width=121)
	        Index Cond: ((id >= 5676192) AND (id <= 5676201))

table 7 : explain SELECT c FROM sbtest7 WHERE id BETWEEN 2192244 AND 2192253 ORDER BY c
	Sort  (cost=39.89..39.91 rows=10 width=121)
	  Sort Key: c
	  ->  Index Scan using sbtest7_pkey on sbtest7  (cost=0.43..39.72 rows=10 width=121)
	        Index Cond: ((id >= 2192244) AND (id <= 2192253))

table 8 : explain SELECT c FROM sbtest8 WHERE id BETWEEN 8750034 AND 8750043 ORDER BY c
	Sort  (cost=40.14..40.17 rows=10 width=121)
	  Sort Key: c
	  ->  Index Scan using sbtest8_pkey on sbtest8  (cost=0.43..39.98 rows=10 width=121)
	        Index Cond: ((id >= 8750034) AND (id <= 8750043))

explain: for inserts :: explain INSERT INTO sbtest%u (id, k, c, pad) VALUES (%u, 13, 'foobar', 'foobar')
for index_updates
table 1 : explain UPDATE sbtest1 SET k=k+1 WHERE id=3070652
	Update on sbtest1  (cost=0.43..8.46 rows=0 width=0)
	  ->  Index Scan using sbtest1_pkey on sbtest1  (cost=0.43..8.46 rows=1 width=10)
	        Index Cond: (id = 3070652)

table 2 : explain UPDATE sbtest2 SET k=k+1 WHERE id=5774984
	Update on sbtest2  (cost=0.43..8.46 rows=0 width=0)
	  ->  Index Scan using sbtest2_pkey on sbtest2  (cost=0.43..8.46 rows=1 width=10)
	        Index Cond: (id = 5774984)

table 3 : explain UPDATE sbtest3 SET k=k+1 WHERE id=2142015
	Update on sbtest3  (cost=0.43..8.46 rows=0 width=0)
	  ->  Index Scan using sbtest3_pkey on sbtest3  (cost=0.43..8.46 rows=1 width=10)
	        Index Cond: (id = 2142015)

table 4 : explain UPDATE sbtest4 SET k=k+1 WHERE id=3462535
	Update on sbtest4  (cost=0.43..8.46 rows=0 width=0)
	  ->  Index Scan using sbtest4_pkey on sbtest4  (cost=0.43..8.46 rows=1 width=10)
	        Index Cond: (id = 3462535)

table 5 : explain UPDATE sbtest5 SET k=k+1 WHERE id=1429198
	Update on sbtest5  (cost=0.43..8.46 rows=0 width=0)
	  ->  Index Scan using sbtest5_pkey on sbtest5  (cost=0.43..8.46 rows=1 width=10)
	        Index Cond: (id = 1429198)

table 6 : explain UPDATE sbtest6 SET k=k+1 WHERE id=9227281
	Update on sbtest6  (cost=0.43..8.46 rows=0 width=0)
	  ->  Index Scan using sbtest6_pkey on sbtest6  (cost=0.43..8.46 rows=1 width=10)
	        Index Cond: (id = 9227281)

table 7 : explain UPDATE sbtest7 SET k=k+1 WHERE id=6026816
	Update on sbtest7  (cost=0.43..8.46 rows=0 width=0)
	  ->  Index Scan using sbtest7_pkey on sbtest7  (cost=0.43..8.46 rows=1 width=10)
	        Index Cond: (id = 6026816)

table 8 : explain UPDATE sbtest8 SET k=k+1 WHERE id=9544101
	Update on sbtest8  (cost=0.43..8.46 rows=0 width=0)
	  ->  Index Scan using sbtest8_pkey on sbtest8  (cost=0.43..8.46 rows=1 width=10)
	        Index Cond: (id = 9544101)

for non_index_updates
table 1 : explain UPDATE sbtest1 SET c='foobar' WHERE id=3602778
	Update on sbtest1  (cost=0.43..8.45 rows=0 width=0)
	  ->  Index Scan using sbtest1_pkey on sbtest1  (cost=0.43..8.45 rows=1 width=490)
	        Index Cond: (id = 3602778)

table 2 : explain UPDATE sbtest2 SET c='foobar' WHERE id=6537824
	Update on sbtest2  (cost=0.43..8.45 rows=0 width=0)
	  ->  Index Scan using sbtest2_pkey on sbtest2  (cost=0.43..8.45 rows=1 width=490)
	        Index Cond: (id = 6537824)

table 3 : explain UPDATE sbtest3 SET c='foobar' WHERE id=1604528
	Update on sbtest3  (cost=0.43..8.45 rows=0 width=0)
	  ->  Index Scan using sbtest3_pkey on sbtest3  (cost=0.43..8.45 rows=1 width=490)
	        Index Cond: (id = 1604528)

table 4 : explain UPDATE sbtest4 SET c='foobar' WHERE id=9714459
	Update on sbtest4  (cost=0.43..8.45 rows=0 width=0)
	  ->  Index Scan using sbtest4_pkey on sbtest4  (cost=0.43..8.45 rows=1 width=490)
	        Index Cond: (id = 9714459)

table 5 : explain UPDATE sbtest5 SET c='foobar' WHERE id=8010365
	Update on sbtest5  (cost=0.43..8.45 rows=0 width=0)
	  ->  Index Scan using sbtest5_pkey on sbtest5  (cost=0.43..8.45 rows=1 width=490)
	        Index Cond: (id = 8010365)

table 6 : explain UPDATE sbtest6 SET c='foobar' WHERE id=2838337
	Update on sbtest6  (cost=0.43..8.45 rows=0 width=0)
	  ->  Index Scan using sbtest6_pkey on sbtest6  (cost=0.43..8.45 rows=1 width=490)
	        Index Cond: (id = 2838337)

table 7 : explain UPDATE sbtest7 SET c='foobar' WHERE id=2695460
	Update on sbtest7  (cost=0.43..8.45 rows=0 width=0)
	  ->  Index Scan using sbtest7_pkey on sbtest7  (cost=0.43..8.45 rows=1 width=490)
	        Index Cond: (id = 2695460)

table 8 : explain UPDATE sbtest8 SET c='foobar' WHERE id=5508569
	Update on sbtest8  (cost=0.43..8.45 rows=0 width=0)
	  ->  Index Scan using sbtest8_pkey on sbtest8  (cost=0.43..8.45 rows=1 width=490)
	        Index Cond: (id = 5508569)

for inserts
table 1 : explain INSERT INTO sbtest1 (id, k, c, pad) VALUES (6698726, 13, 'foobar', 'foobar')
	Insert on sbtest1  (cost=0.00..0.01 rows=0 width=0)
	  ->  Result  (cost=0.00..0.01 rows=1 width=736)

table 2 : explain INSERT INTO sbtest2 (id, k, c, pad) VALUES (9509522, 13, 'foobar', 'foobar')
	Insert on sbtest2  (cost=0.00..0.01 rows=0 width=0)
	  ->  Result  (cost=0.00..0.01 rows=1 width=736)

table 3 : explain INSERT INTO sbtest3 (id, k, c, pad) VALUES (5038681, 13, 'foobar', 'foobar')
	Insert on sbtest3  (cost=0.00..0.01 rows=0 width=0)
	  ->  Result  (cost=0.00..0.01 rows=1 width=736)

table 4 : explain INSERT INTO sbtest4 (id, k, c, pad) VALUES (3463223, 13, 'foobar', 'foobar')
	Insert on sbtest4  (cost=0.00..0.01 rows=0 width=0)
	  ->  Result  (cost=0.00..0.01 rows=1 width=736)

table 5 : explain INSERT INTO sbtest5 (id, k, c, pad) VALUES (4923410, 13, 'foobar', 'foobar')
	Insert on sbtest5  (cost=0.00..0.01 rows=0 width=0)
	  ->  Result  (cost=0.00..0.01 rows=1 width=736)

table 6 : explain INSERT INTO sbtest6 (id, k, c, pad) VALUES (3820814, 13, 'foobar', 'foobar')
	Insert on sbtest6  (cost=0.00..0.01 rows=0 width=0)
	  ->  Result  (cost=0.00..0.01 rows=1 width=736)

table 7 : explain INSERT INTO sbtest7 (id, k, c, pad) VALUES (376294, 13, 'foobar', 'foobar')
	Insert on sbtest7  (cost=0.00..0.01 rows=0 width=0)
	  ->  Result  (cost=0.00..0.01 rows=1 width=736)

table 8 : explain INSERT INTO sbtest8 (id, k, c, pad) VALUES (1039537, 13, 'foobar', 'foobar')
	Insert on sbtest8  (cost=0.00..0.01 rows=0 width=0)
	  ->  Result  (cost=0.00..0.01 rows=1 width=736)

for point_selects
table 1 : explain SELECT c FROM sbtest1 WHERE id=6947984
	Index Scan using sbtest1_pkey on sbtest1  (cost=0.43..8.45 rows=1 width=121)
	  Index Cond: (id = 6947984)

table 2 : explain SELECT c FROM sbtest2 WHERE id=4256536
	Index Scan using sbtest2_pkey on sbtest2  (cost=0.43..8.45 rows=1 width=121)
	  Index Cond: (id = 4256536)

table 3 : explain SELECT c FROM sbtest3 WHERE id=8225597
	Index Scan using sbtest3_pkey on sbtest3  (cost=0.43..8.45 rows=1 width=121)
	  Index Cond: (id = 8225597)

table 4 : explain SELECT c FROM sbtest4 WHERE id=6475640
	Index Scan using sbtest4_pkey on sbtest4  (cost=0.43..8.45 rows=1 width=121)
	  Index Cond: (id = 6475640)

table 5 : explain SELECT c FROM sbtest5 WHERE id=6731799
	Index Scan using sbtest5_pkey on sbtest5  (cost=0.43..8.45 rows=1 width=121)
	  Index Cond: (id = 6731799)

table 6 : explain SELECT c FROM sbtest6 WHERE id=7184872
	Index Scan using sbtest6_pkey on sbtest6  (cost=0.43..8.45 rows=1 width=121)
	  Index Cond: (id = 7184872)

table 7 : explain SELECT c FROM sbtest7 WHERE id=1592422
	Index Scan using sbtest7_pkey on sbtest7  (cost=0.43..8.45 rows=1 width=121)
	  Index Cond: (id = 1592422)

table 8 : explain SELECT c FROM sbtest8 WHERE id=1635713
	Index Scan using sbtest8_pkey on sbtest8  (cost=0.43..8.45 rows=1 width=121)
	  Index Cond: (id = 1635713)

for index_updates
table 1 : explain UPDATE sbtest1 SET k=k+1 WHERE id=3432167
	Update on sbtest1  (cost=0.43..8.46 rows=0 width=0)
	  ->  Index Scan using sbtest1_pkey on sbtest1  (cost=0.43..8.46 rows=1 width=10)
	        Index Cond: (id = 3432167)

table 2 : explain UPDATE sbtest2 SET k=k+1 WHERE id=5573542
	Update on sbtest2  (cost=0.43..8.46 rows=0 width=0)
	  ->  Index Scan using sbtest2_pkey on sbtest2  (cost=0.43..8.46 rows=1 width=10)
	        Index Cond: (id = 5573542)

table 3 : explain UPDATE sbtest3 SET k=k+1 WHERE id=8808162
	Update on sbtest3  (cost=0.43..8.46 rows=0 width=0)
	  ->  Index Scan using sbtest3_pkey on sbtest3  (cost=0.43..8.46 rows=1 width=10)
	        Index Cond: (id = 8808162)

table 4 : explain UPDATE sbtest4 SET k=k+1 WHERE id=4575738
	Update on sbtest4  (cost=0.43..8.46 rows=0 width=0)
	  ->  Index Scan using sbtest4_pkey on sbtest4  (cost=0.43..8.46 rows=1 width=10)
	        Index Cond: (id = 4575738)

table 5 : explain UPDATE sbtest5 SET k=k+1 WHERE id=5670847
	Update on sbtest5  (cost=0.43..8.46 rows=0 width=0)
	  ->  Index Scan using sbtest5_pkey on sbtest5  (cost=0.43..8.46 rows=1 width=10)
	        Index Cond: (id = 5670847)

table 6 : explain UPDATE sbtest6 SET k=k+1 WHERE id=3825859
	Update on sbtest6  (cost=0.43..8.46 rows=0 width=0)
	  ->  Index Scan using sbtest6_pkey on sbtest6  (cost=0.43..8.46 rows=1 width=10)
	        Index Cond: (id = 3825859)

table 7 : explain UPDATE sbtest7 SET k=k+1 WHERE id=6467021
	Update on sbtest7  (cost=0.43..8.46 rows=0 width=0)
	  ->  Index Scan using sbtest7_pkey on sbtest7  (cost=0.43..8.46 rows=1 width=10)
	        Index Cond: (id = 6467021)

table 8 : explain UPDATE sbtest8 SET k=k+1 WHERE id=2094978
	Update on sbtest8  (cost=0.43..8.46 rows=0 width=0)
	  ->  Index Scan using sbtest8_pkey on sbtest8  (cost=0.43..8.46 rows=1 width=10)
	        Index Cond: (id = 2094978)

explain: for index_updates :: explain UPDATE sbtest%u SET k=k+1 WHERE id=%u
for: distinct_ranges
table 1 : explain SELECT DISTINCT c FROM sbtest1 WHERE id BETWEEN 9477531 AND 9477540 ORDER BY c
	Unique  (cost=41.13..41.18 rows=10 width=121)
	  ->  Sort  (cost=41.13..41.15 rows=10 width=121)
	        Sort Key: c
	        ->  Index Scan using sbtest1_pkey on sbtest1  (cost=0.43..40.96 rows=10 width=121)
	              Index Cond: ((id >= 9477531) AND (id <= 9477540))

table 2 : explain SELECT DISTINCT c FROM sbtest2 WHERE id BETWEEN 4733156 AND 4733165 ORDER BY c
	Unique  (cost=41.09..41.14 rows=10 width=121)
	  ->  Sort  (cost=41.09..41.12 rows=10 width=121)
	        Sort Key: c
	        ->  Index Scan using sbtest2_pkey on sbtest2  (cost=0.43..40.93 rows=10 width=121)
	              Index Cond: ((id >= 4733156) AND (id <= 4733165))

table 3 : explain SELECT DISTINCT c FROM sbtest3 WHERE id BETWEEN 2233735 AND 2233744 ORDER BY c
	Unique  (cost=37.73..37.77 rows=9 width=121)
	  ->  Sort  (cost=37.73..37.75 rows=9 width=121)
	        Sort Key: c
	        ->  Index Scan using sbtest3_pkey on sbtest3  (cost=0.43..37.58 rows=9 width=121)
	              Index Cond: ((id >= 2233735) AND (id <= 2233744))

table 4 : explain SELECT DISTINCT c FROM sbtest4 WHERE id BETWEEN 8849524 AND 8849533 ORDER BY c
	Unique  (cost=48.51..48.57 rows=12 width=121)
	  ->  Sort  (cost=48.51..48.54 rows=12 width=121)
	        Sort Key: c
	        ->  Index Scan using sbtest4_pkey on sbtest4  (cost=0.43..48.29 rows=12 width=121)
	              Index Cond: ((id >= 8849524) AND (id <= 8849533))

table 5 : explain SELECT DISTINCT c FROM sbtest5 WHERE id BETWEEN 6991193 AND 6991202 ORDER BY c
	Unique  (cost=36.99..37.03 rows=9 width=121)
	  ->  Sort  (cost=36.99..37.01 rows=9 width=121)
	        Sort Key: c
	        ->  Index Scan using sbtest5_pkey on sbtest5  (cost=0.43..36.85 rows=9 width=121)
	              Index Cond: ((id >= 6991193) AND (id <= 6991202))

table 6 : explain SELECT DISTINCT c FROM sbtest6 WHERE id BETWEEN 6896578 AND 6896587 ORDER BY c
	Unique  (cost=40.26..40.31 rows=10 width=121)
	  ->  Sort  (cost=40.26..40.28 rows=10 width=121)
	        Sort Key: c
	        ->  Index Scan using sbtest6_pkey on sbtest6  (cost=0.43..40.09 rows=10 width=121)
	              Index Cond: ((id >= 6896578) AND (id <= 6896587))

table 7 : explain SELECT DISTINCT c FROM sbtest7 WHERE id BETWEEN 9898316 AND 9898325 ORDER BY c
	Unique  (cost=39.89..39.94 rows=10 width=121)
	  ->  Sort  (cost=39.89..39.91 rows=10 width=121)
	        Sort Key: c
	        ->  Index Scan using sbtest7_pkey on sbtest7  (cost=0.43..39.72 rows=10 width=121)
	              Index Cond: ((id >= 9898316) AND (id <= 9898325))

table 8 : explain SELECT DISTINCT c FROM sbtest8 WHERE id BETWEEN 8287556 AND 8287565 ORDER BY c
	Unique  (cost=43.67..43.72 rows=11 width=121)
	  ->  Sort  (cost=43.67..43.70 rows=11 width=121)
	        Sort Key: c
	        ->  Index Scan using sbtest8_pkey on sbtest8  (cost=0.43..43.48 rows=11 width=121)
	              Index Cond: ((id >= 8287556) AND (id <= 8287565))

explain: for inserts :: explain INSERT INTO sbtest%u (id, k, c, pad) VALUES (%u, 13, 'foobar', 'foobar')
explain: for deletes :: explain DELETE FROM sbtest%u WHERE id=%u
for inserts
table 1 : explain INSERT INTO sbtest1 (id, k, c, pad) VALUES (3490353, 13, 'foobar', 'foobar')
	Insert on sbtest1  (cost=0.00..0.01 rows=0 width=0)
	  ->  Result  (cost=0.00..0.01 rows=1 width=736)

table 2 : explain INSERT INTO sbtest2 (id, k, c, pad) VALUES (4701729, 13, 'foobar', 'foobar')
	Insert on sbtest2  (cost=0.00..0.01 rows=0 width=0)
	  ->  Result  (cost=0.00..0.01 rows=1 width=736)

table 3 : explain INSERT INTO sbtest3 (id, k, c, pad) VALUES (8697056, 13, 'foobar', 'foobar')
	Insert on sbtest3  (cost=0.00..0.01 rows=0 width=0)
	  ->  Result  (cost=0.00..0.01 rows=1 width=736)

table 4 : explain INSERT INTO sbtest4 (id, k, c, pad) VALUES (4332231, 13, 'foobar', 'foobar')
	Insert on sbtest4  (cost=0.00..0.01 rows=0 width=0)
	  ->  Result  (cost=0.00..0.01 rows=1 width=736)

table 5 : explain INSERT INTO sbtest5 (id, k, c, pad) VALUES (4274330, 13, 'foobar', 'foobar')
	Insert on sbtest5  (cost=0.00..0.01 rows=0 width=0)
	  ->  Result  (cost=0.00..0.01 rows=1 width=736)

table 6 : explain INSERT INTO sbtest6 (id, k, c, pad) VALUES (3625770, 13, 'foobar', 'foobar')
	Insert on sbtest6  (cost=0.00..0.01 rows=0 width=0)
	  ->  Result  (cost=0.00..0.01 rows=1 width=736)

table 7 : explain INSERT INTO sbtest7 (id, k, c, pad) VALUES (4365146, 13, 'foobar', 'foobar')
	Insert on sbtest7  (cost=0.00..0.01 rows=0 width=0)
	  ->  Result  (cost=0.00..0.01 rows=1 width=736)

table 8 : explain INSERT INTO sbtest8 (id, k, c, pad) VALUES (489320, 13, 'foobar', 'foobar')
	Insert on sbtest8  (cost=0.00..0.01 rows=0 width=0)
	  ->  Result  (cost=0.00..0.01 rows=1 width=736)

explain: for non_index_updates :: explain UPDATE sbtest%u SET c='foobar' WHERE id=%u
explain: for index_updates :: explain UPDATE sbtest%u SET k=k+1 WHERE id=%u
explain: for non_index_updates :: explain UPDATE sbtest%u SET c='foobar' WHERE id=%u
for inserts
table 1 : explain INSERT INTO sbtest1 (id, k, c, pad) VALUES (5384874, 13, 'foobar', 'foobar')
	Insert on sbtest1  (cost=0.00..0.01 rows=0 width=0)
	  ->  Result  (cost=0.00..0.01 rows=1 width=736)

table 2 : explain INSERT INTO sbtest2 (id, k, c, pad) VALUES (9232576, 13, 'foobar', 'foobar')
	Insert on sbtest2  (cost=0.00..0.01 rows=0 width=0)
	  ->  Result  (cost=0.00..0.01 rows=1 width=736)

table 3 : explain INSERT INTO sbtest3 (id, k, c, pad) VALUES (4827182, 13, 'foobar', 'foobar')
	Insert on sbtest3  (cost=0.00..0.01 rows=0 width=0)
	  ->  Result  (cost=0.00..0.01 rows=1 width=736)

table 4 : explain INSERT INTO sbtest4 (id, k, c, pad) VALUES (820896, 13, 'foobar', 'foobar')
	Insert on sbtest4  (cost=0.00..0.01 rows=0 width=0)
	  ->  Result  (cost=0.00..0.01 rows=1 width=736)

table 5 : explain INSERT INTO sbtest5 (id, k, c, pad) VALUES (1027478, 13, 'foobar', 'foobar')
	Insert on sbtest5  (cost=0.00..0.01 rows=0 width=0)
	  ->  Result  (cost=0.00..0.01 rows=1 width=736)

table 6 : explain INSERT INTO sbtest6 (id, k, c, pad) VALUES (5762725, 13, 'foobar', 'foobar')
	Insert on sbtest6  (cost=0.00..0.01 rows=0 width=0)
	  ->  Result  (cost=0.00..0.01 rows=1 width=736)

table 7 : explain INSERT INTO sbtest7 (id, k, c, pad) VALUES (6822996, 13, 'foobar', 'foobar')
	Insert on sbtest7  (cost=0.00..0.01 rows=0 width=0)
	  ->  Result  (cost=0.00..0.01 rows=1 width=736)

table 8 : explain INSERT INTO sbtest8 (id, k, c, pad) VALUES (5753233, 13, 'foobar', 'foobar')
	Insert on sbtest8  (cost=0.00..0.01 rows=0 width=0)
	  ->  Result  (cost=0.00..0.01 rows=1 width=736)

explain: for index_updates :: explain UPDATE sbtest%u SET k=k+1 WHERE id=%u
for index_updates
table 1 : explain UPDATE sbtest1 SET k=k+1 WHERE id=8743786
	Update on sbtest1  (cost=0.43..8.46 rows=0 width=0)
	  ->  Index Scan using sbtest1_pkey on sbtest1  (cost=0.43..8.46 rows=1 width=10)
	        Index Cond: (id = 8743786)

table 2 : explain UPDATE sbtest2 SET k=k+1 WHERE id=5212822
	Update on sbtest2  (cost=0.43..8.46 rows=0 width=0)
	  ->  Index Scan using sbtest2_pkey on sbtest2  (cost=0.43..8.46 rows=1 width=10)
	        Index Cond: (id = 5212822)

table 3 : explain UPDATE sbtest3 SET k=k+1 WHERE id=6152045
	Update on sbtest3  (cost=0.43..8.46 rows=0 width=0)
	  ->  Index Scan using sbtest3_pkey on sbtest3  (cost=0.43..8.46 rows=1 width=10)
	        Index Cond: (id = 6152045)

table 4 : explain UPDATE sbtest4 SET k=k+1 WHERE id=8215395
	Update on sbtest4  (cost=0.43..8.46 rows=0 width=0)
	  ->  Index Scan using sbtest4_pkey on sbtest4  (cost=0.43..8.46 rows=1 width=10)
	        Index Cond: (id = 8215395)

table 5 : explain UPDATE sbtest5 SET k=k+1 WHERE id=5232124
	Update on sbtest5  (cost=0.43..8.46 rows=0 width=0)
	  ->  Index Scan using sbtest5_pkey on sbtest5  (cost=0.43..8.46 rows=1 width=10)
	        Index Cond: (id = 5232124)

table 6 : explain UPDATE sbtest6 SET k=k+1 WHERE id=6398401
	Update on sbtest6  (cost=0.43..8.46 rows=0 width=0)
	  ->  Index Scan using sbtest6_pkey on sbtest6  (cost=0.43..8.46 rows=1 width=10)
	        Index Cond: (id = 6398401)

table 7 : explain UPDATE sbtest7 SET k=k+1 WHERE id=3081271
	Update on sbtest7  (cost=0.43..8.46 rows=0 width=0)
	  ->  Index Scan using sbtest7_pkey on sbtest7  (cost=0.43..8.46 rows=1 width=10)
	        Index Cond: (id = 3081271)

table 8 : explain UPDATE sbtest8 SET k=k+1 WHERE id=1484499
	Update on sbtest8  (cost=0.43..8.46 rows=0 width=0)
	  ->  Index Scan using sbtest8_pkey on sbtest8  (cost=0.43..8.46 rows=1 width=10)
	        Index Cond: (id = 1484499)

for deletes
table 1 : explain DELETE FROM sbtest1 WHERE id=8500673
	Delete on sbtest1  (cost=0.43..8.45 rows=0 width=0)
	  ->  Index Scan using sbtest1_pkey on sbtest1  (cost=0.43..8.45 rows=1 width=6)
	        Index Cond: (id = 8500673)

table 2 : explain DELETE FROM sbtest2 WHERE id=7453866
	Delete on sbtest2  (cost=0.43..8.45 rows=0 width=0)
	  ->  Index Scan using sbtest2_pkey on sbtest2  (cost=0.43..8.45 rows=1 width=6)
	        Index Cond: (id = 7453866)

table 3 : explain DELETE FROM sbtest3 WHERE id=1943798
	Delete on sbtest3  (cost=0.43..8.45 rows=0 width=0)
	  ->  Index Scan using sbtest3_pkey on sbtest3  (cost=0.43..8.45 rows=1 width=6)
	        Index Cond: (id = 1943798)

table 4 : explain DELETE FROM sbtest4 WHERE id=2473350
	Delete on sbtest4  (cost=0.43..8.45 rows=0 width=0)
	  ->  Index Scan using sbtest4_pkey on sbtest4  (cost=0.43..8.45 rows=1 width=6)
	        Index Cond: (id = 2473350)

table 5 : explain DELETE FROM sbtest5 WHERE id=1410699
	Delete on sbtest5  (cost=0.43..8.45 rows=0 width=0)
	  ->  Index Scan using sbtest5_pkey on sbtest5  (cost=0.43..8.45 rows=1 width=6)
	        Index Cond: (id = 1410699)

table 6 : explain DELETE FROM sbtest6 WHERE id=557042
	Delete on sbtest6  (cost=0.43..8.45 rows=0 width=0)
	  ->  Index Scan using sbtest6_pkey on sbtest6  (cost=0.43..8.45 rows=1 width=6)
	        Index Cond: (id = 557042)

table 7 : explain DELETE FROM sbtest7 WHERE id=1048782
	Delete on sbtest7  (cost=0.43..8.45 rows=0 width=0)
	  ->  Index Scan using sbtest7_pkey on sbtest7  (cost=0.43..8.45 rows=1 width=6)
	        Index Cond: (id = 1048782)

table 8 : explain DELETE FROM sbtest8 WHERE id=102439
	Delete on sbtest8  (cost=0.43..8.45 rows=0 width=0)
	  ->  Index Scan using sbtest8_pkey on sbtest8  (cost=0.43..8.45 rows=1 width=6)
	        Index Cond: (id = 102439)

for inserts
table 1 : explain INSERT INTO sbtest1 (id, k, c, pad) VALUES (2424857, 13, 'foobar', 'foobar')
	Insert on sbtest1  (cost=0.00..0.01 rows=0 width=0)
	  ->  Result  (cost=0.00..0.01 rows=1 width=736)

table 2 : explain INSERT INTO sbtest2 (id, k, c, pad) VALUES (4809558, 13, 'foobar', 'foobar')
	Insert on sbtest2  (cost=0.00..0.01 rows=0 width=0)
	  ->  Result  (cost=0.00..0.01 rows=1 width=736)

table 3 : explain INSERT INTO sbtest3 (id, k, c, pad) VALUES (9816980, 13, 'foobar', 'foobar')
	Insert on sbtest3  (cost=0.00..0.01 rows=0 width=0)
	  ->  Result  (cost=0.00..0.01 rows=1 width=736)

table 4 : explain INSERT INTO sbtest4 (id, k, c, pad) VALUES (595391, 13, 'foobar', 'foobar')
	Insert on sbtest4  (cost=0.00..0.01 rows=0 width=0)
	  ->  Result  (cost=0.00..0.01 rows=1 width=736)

table 5 : explain INSERT INTO sbtest5 (id, k, c, pad) VALUES (9138502, 13, 'foobar', 'foobar')
	Insert on sbtest5  (cost=0.00..0.01 rows=0 width=0)
	  ->  Result  (cost=0.00..0.01 rows=1 width=736)

table 6 : explain INSERT INTO sbtest6 (id, k, c, pad) VALUES (5189579, 13, 'foobar', 'foobar')
	Insert on sbtest6  (cost=0.00..0.01 rows=0 width=0)
	  ->  Result  (cost=0.00..0.01 rows=1 width=736)

table 7 : explain INSERT INTO sbtest7 (id, k, c, pad) VALUES (7212264, 13, 'foobar', 'foobar')
	Insert on sbtest7  (cost=0.00..0.01 rows=0 width=0)
	  ->  Result  (cost=0.00..0.01 rows=1 width=736)

table 8 : explain INSERT INTO sbtest8 (id, k, c, pad) VALUES (2705234, 13, 'foobar', 'foobar')
	Insert on sbtest8  (cost=0.00..0.01 rows=0 width=0)
	  ->  Result  (cost=0.00..0.01 rows=1 width=736)

for: order_ranges
table 1 : explain SELECT c FROM sbtest1 WHERE id BETWEEN 43267 AND 43276 ORDER BY c
	Sort  (cost=44.76..44.79 rows=11 width=121)
	  Sort Key: c
	  ->  Index Scan using sbtest1_pkey on sbtest1  (cost=0.43..44.57 rows=11 width=121)
	        Index Cond: ((id >= 43267) AND (id <= 43276))

table 2 : explain SELECT c FROM sbtest2 WHERE id BETWEEN 8038827 AND 8038836 ORDER BY c
	Sort  (cost=41.09..41.12 rows=10 width=121)
	  Sort Key: c
	  ->  Index Scan using sbtest2_pkey on sbtest2  (cost=0.43..40.93 rows=10 width=121)
	        Index Cond: ((id >= 8038827) AND (id <= 8038836))

table 3 : explain SELECT c FROM sbtest3 WHERE id BETWEEN 9014319 AND 9014328 ORDER BY c
	Sort  (cost=45.06..45.08 rows=11 width=121)
	  Sort Key: c
	  ->  Index Scan using sbtest3_pkey on sbtest3  (cost=0.43..44.87 rows=11 width=121)
	        Index Cond: ((id >= 9014319) AND (id <= 9014328))

table 4 : explain SELECT c FROM sbtest4 WHERE id BETWEEN 2184609 AND 2184618 ORDER BY c
	Sort  (cost=41.22..41.24 rows=10 width=121)
	  Sort Key: c
	  ->  Index Scan using sbtest4_pkey on sbtest4  (cost=0.43..41.05 rows=10 width=121)
	        Index Cond: ((id >= 2184609) AND (id <= 2184618))

table 5 : explain SELECT c FROM sbtest5 WHERE id BETWEEN 7126197 AND 7126206 ORDER BY c
	Sort  (cost=44.13..44.16 rows=11 width=121)
	  Sort Key: c
	  ->  Index Scan using sbtest5_pkey on sbtest5  (cost=0.43..43.94 rows=11 width=121)
	        Index Cond: ((id >= 7126197) AND (id <= 7126206))

table 6 : explain SELECT c FROM sbtest6 WHERE id BETWEEN 7028412 AND 7028421 ORDER BY c
	Sort  (cost=40.26..40.28 rows=10 width=121)
	  Sort Key: c
	  ->  Index Scan using sbtest6_pkey on sbtest6  (cost=0.43..40.09 rows=10 width=121)
	        Index Cond: ((id >= 7028412) AND (id <= 7028421))

table 7 : explain SELECT c FROM sbtest7 WHERE id BETWEEN 8096809 AND 8096818 ORDER BY c
	Sort  (cost=36.39..36.41 rows=9 width=121)
	  Sort Key: c
	  ->  Index Scan using sbtest7_pkey on sbtest7  (cost=0.43..36.25 rows=9 width=121)
	        Index Cond: ((id >= 8096809) AND (id <= 8096818))

table 8 : explain SELECT c FROM sbtest8 WHERE id BETWEEN 2969207 AND 2969216 ORDER BY c
	Sort  (cost=43.67..43.70 rows=11 width=121)
	  Sort Key: c
	  ->  Index Scan using sbtest8_pkey on sbtest8  (cost=0.43..43.48 rows=11 width=121)
	        Index Cond: ((id >= 2969207) AND (id <= 2969216))

for index_updates
table 1 : explain UPDATE sbtest1 SET k=k+1 WHERE id=8021692
	Update on sbtest1  (cost=0.43..8.46 rows=0 width=0)
	  ->  Index Scan using sbtest1_pkey on sbtest1  (cost=0.43..8.46 rows=1 width=10)
	        Index Cond: (id = 8021692)

table 2 : explain UPDATE sbtest2 SET k=k+1 WHERE id=188989
	Update on sbtest2  (cost=0.43..8.46 rows=0 width=0)
	  ->  Index Scan using sbtest2_pkey on sbtest2  (cost=0.43..8.46 rows=1 width=10)
	        Index Cond: (id = 188989)

table 3 : explain UPDATE sbtest3 SET k=k+1 WHERE id=3411359
	Update on sbtest3  (cost=0.43..8.46 rows=0 width=0)
	  ->  Index Scan using sbtest3_pkey on sbtest3  (cost=0.43..8.46 rows=1 width=10)
	        Index Cond: (id = 3411359)

table 4 : explain UPDATE sbtest4 SET k=k+1 WHERE id=8279060
	Update on sbtest4  (cost=0.43..8.46 rows=0 width=0)
	  ->  Index Scan using sbtest4_pkey on sbtest4  (cost=0.43..8.46 rows=1 width=10)
	        Index Cond: (id = 8279060)

table 5 : explain UPDATE sbtest5 SET k=k+1 WHERE id=5991597
	Update on sbtest5  (cost=0.43..8.46 rows=0 width=0)
	  ->  Index Scan using sbtest5_pkey on sbtest5  (cost=0.43..8.46 rows=1 width=10)
	        Index Cond: (id = 5991597)

table 6 : explain UPDATE sbtest6 SET k=k+1 WHERE id=7443160
	Update on sbtest6  (cost=0.43..8.46 rows=0 width=0)
	  ->  Index Scan using sbtest6_pkey on sbtest6  (cost=0.43..8.46 rows=1 width=10)
	        Index Cond: (id = 7443160)

table 7 : explain UPDATE sbtest7 SET k=k+1 WHERE id=3236740
	Update on sbtest7  (cost=0.43..8.46 rows=0 width=0)
	  ->  Index Scan using sbtest7_pkey on sbtest7  (cost=0.43..8.46 rows=1 width=10)
	        Index Cond: (id = 3236740)

table 8 : explain UPDATE sbtest8 SET k=k+1 WHERE id=7486027
	Update on sbtest8  (cost=0.43..8.46 rows=0 width=0)
	  ->  Index Scan using sbtest8_pkey on sbtest8  (cost=0.43..8.46 rows=1 width=10)
	        Index Cond: (id = 7486027)

for non_index_updates
table 1 : explain UPDATE sbtest1 SET c='foobar' WHERE id=1209193
	Update on sbtest1  (cost=0.43..8.45 rows=0 width=0)
	  ->  Index Scan using sbtest1_pkey on sbtest1  (cost=0.43..8.45 rows=1 width=490)
	        Index Cond: (id = 1209193)

table 2 : explain UPDATE sbtest2 SET c='foobar' WHERE id=2982739
	Update on sbtest2  (cost=0.43..8.45 rows=0 width=0)
	  ->  Index Scan using sbtest2_pkey on sbtest2  (cost=0.43..8.45 rows=1 width=490)
	        Index Cond: (id = 2982739)

table 3 : explain UPDATE sbtest3 SET c='foobar' WHERE id=7496192
	Update on sbtest3  (cost=0.43..8.45 rows=0 width=0)
	  ->  Index Scan using sbtest3_pkey on sbtest3  (cost=0.43..8.45 rows=1 width=490)
	        Index Cond: (id = 7496192)

table 4 : explain UPDATE sbtest4 SET c='foobar' WHERE id=4931633
	Update on sbtest4  (cost=0.43..8.45 rows=0 width=0)
	  ->  Index Scan using sbtest4_pkey on sbtest4  (cost=0.43..8.45 rows=1 width=490)
	        Index Cond: (id = 4931633)

table 5 : explain UPDATE sbtest5 SET c='foobar' WHERE id=1207169
	Update on sbtest5  (cost=0.43..8.45 rows=0 width=0)
	  ->  Index Scan using sbtest5_pkey on sbtest5  (cost=0.43..8.45 rows=1 width=490)
	        Index Cond: (id = 1207169)

table 6 : explain UPDATE sbtest6 SET c='foobar' WHERE id=750349
	Update on sbtest6  (cost=0.43..8.45 rows=0 width=0)
	  ->  Index Scan using sbtest6_pkey on sbtest6  (cost=0.43..8.45 rows=1 width=490)
	        Index Cond: (id = 750349)

table 7 : explain UPDATE sbtest7 SET c='foobar' WHERE id=2719187
	Update on sbtest7  (cost=0.43..8.45 rows=0 width=0)
	  ->  Index Scan using sbtest7_pkey on sbtest7  (cost=0.43..8.45 rows=1 width=490)
	        Index Cond: (id = 2719187)

table 8 : explain UPDATE sbtest8 SET c='foobar' WHERE id=8118025
	Update on sbtest8  (cost=0.43..8.45 rows=0 width=0)
	  ->  Index Scan using sbtest8_pkey on sbtest8  (cost=0.43..8.45 rows=1 width=490)
	        Index Cond: (id = 8118025)

for: simple_ranges
table 1 : explain SELECT c FROM sbtest1 WHERE id BETWEEN 2396131 AND 2396140
	Index Scan using sbtest1_pkey on sbtest1  (cost=0.43..40.96 rows=10 width=121)
	  Index Cond: ((id >= 2396131) AND (id <= 2396140))

table 2 : explain SELECT c FROM sbtest2 WHERE id BETWEEN 7193825 AND 7193834
	Index Scan using sbtest2_pkey on sbtest2  (cost=0.43..37.32 rows=9 width=121)
	  Index Cond: ((id >= 7193825) AND (id <= 7193834))

table 3 : explain SELECT c FROM sbtest3 WHERE id BETWEEN 833957 AND 833966
	Index Scan using sbtest3_pkey on sbtest3  (cost=0.43..44.87 rows=11 width=121)
	  Index Cond: ((id >= 833957) AND (id <= 833966))

table 4 : explain SELECT c FROM sbtest4 WHERE id BETWEEN 2416313 AND 2416322
	Index Scan using sbtest4_pkey on sbtest4  (cost=0.43..41.05 rows=10 width=121)
	  Index Cond: ((id >= 2416313) AND (id <= 2416322))

table 5 : explain SELECT c FROM sbtest5 WHERE id BETWEEN 9241843 AND 9241852
	Index Scan using sbtest5_pkey on sbtest5  (cost=0.43..40.39 rows=10 width=121)
	  Index Cond: ((id >= 9241843) AND (id <= 9241852))

table 6 : explain SELECT c FROM sbtest6 WHERE id BETWEEN 7701640 AND 7701649
	Index Scan using sbtest6_pkey on sbtest6  (cost=0.43..40.09 rows=10 width=121)
	  Index Cond: ((id >= 7701640) AND (id <= 7701649))

table 7 : explain SELECT c FROM sbtest7 WHERE id BETWEEN 2277223 AND 2277232
	Index Scan using sbtest7_pkey on sbtest7  (cost=0.43..39.72 rows=10 width=121)
	  Index Cond: ((id >= 2277223) AND (id <= 2277232))

table 8 : explain SELECT c FROM sbtest8 WHERE id BETWEEN 3807308 AND 3807317
	Index Scan using sbtest8_pkey on sbtest8  (cost=0.43..39.98 rows=10 width=121)
	  Index Cond: ((id >= 3807308) AND (id <= 3807317))

explain: for non_index_updates :: explain UPDATE sbtest%u SET c='foobar' WHERE id=%u
for non_index_updates
table 1 : explain UPDATE sbtest1 SET c='foobar' WHERE id=2250973
	Update on sbtest1  (cost=0.43..8.45 rows=0 width=0)
	  ->  Index Scan using sbtest1_pkey on sbtest1  (cost=0.43..8.45 rows=1 width=490)
	        Index Cond: (id = 2250973)

table 2 : explain UPDATE sbtest2 SET c='foobar' WHERE id=864354
	Update on sbtest2  (cost=0.43..8.45 rows=0 width=0)
	  ->  Index Scan using sbtest2_pkey on sbtest2  (cost=0.43..8.45 rows=1 width=490)
	        Index Cond: (id = 864354)

table 3 : explain UPDATE sbtest3 SET c='foobar' WHERE id=6514505
	Update on sbtest3  (cost=0.43..8.45 rows=0 width=0)
	  ->  Index Scan using sbtest3_pkey on sbtest3  (cost=0.43..8.45 rows=1 width=490)
	        Index Cond: (id = 6514505)

table 4 : explain UPDATE sbtest4 SET c='foobar' WHERE id=4842099
	Update on sbtest4  (cost=0.43..8.45 rows=0 width=0)
	  ->  Index Scan using sbtest4_pkey on sbtest4  (cost=0.43..8.45 rows=1 width=490)
	        Index Cond: (id = 4842099)

table 5 : explain UPDATE sbtest5 SET c='foobar' WHERE id=3820888
	Update on sbtest5  (cost=0.43..8.45 rows=0 width=0)
	  ->  Index Scan using sbtest5_pkey on sbtest5  (cost=0.43..8.45 rows=1 width=490)
	        Index Cond: (id = 3820888)

table 6 : explain UPDATE sbtest6 SET c='foobar' WHERE id=6341041
	Update on sbtest6  (cost=0.43..8.45 rows=0 width=0)
	  ->  Index Scan using sbtest6_pkey on sbtest6  (cost=0.43..8.45 rows=1 width=490)
	        Index Cond: (id = 6341041)

table 7 : explain UPDATE sbtest7 SET c='foobar' WHERE id=2925257
	Update on sbtest7  (cost=0.43..8.45 rows=0 width=0)
	  ->  Index Scan using sbtest7_pkey on sbtest7  (cost=0.43..8.45 rows=1 width=490)
	        Index Cond: (id = 2925257)

table 8 : explain UPDATE sbtest8 SET c='foobar' WHERE id=5683776
	Update on sbtest8  (cost=0.43..8.45 rows=0 width=0)
	  ->  Index Scan using sbtest8_pkey on sbtest8  (cost=0.43..8.45 rows=1 width=490)
	        Index Cond: (id = 5683776)

explain: for deletes :: explain DELETE FROM sbtest%u WHERE id=%u
for: distinct_ranges
table 1 : explain SELECT DISTINCT c FROM sbtest1 WHERE id BETWEEN 1760122 AND 1760131 ORDER BY c
	Unique  (cost=41.13..41.18 rows=10 width=121)
	  ->  Sort  (cost=41.13..41.15 rows=10 width=121)
	        Sort Key: c
	        ->  Index Scan using sbtest1_pkey on sbtest1  (cost=0.43..40.96 rows=10 width=121)
	              Index Cond: ((id >= 1760122) AND (id <= 1760131))

table 2 : explain SELECT DISTINCT c FROM sbtest2 WHERE id BETWEEN 7150880 AND 7150889 ORDER BY c
	Unique  (cost=37.46..37.51 rows=9 width=121)
	  ->  Sort  (cost=37.46..37.48 rows=9 width=121)
	        Sort Key: c
	        ->  Index Scan using sbtest2_pkey on sbtest2  (cost=0.43..37.32 rows=9 width=121)
	              Index Cond: ((id >= 7150880) AND (id <= 7150889))

table 3 : explain SELECT DISTINCT c FROM sbtest3 WHERE id BETWEEN 2200784 AND 2200793 ORDER BY c
	Unique  (cost=37.73..37.77 rows=9 width=121)
	  ->  Sort  (cost=37.73..37.75 rows=9 width=121)
	        Sort Key: c
	        ->  Index Scan using sbtest3_pkey on sbtest3  (cost=0.43..37.58 rows=9 width=121)
	              Index Cond: ((id >= 2200784) AND (id <= 2200793))

table 4 : explain SELECT DISTINCT c FROM sbtest4 WHERE id BETWEEN 2375752 AND 2375761 ORDER BY c
	Unique  (cost=41.22..41.27 rows=10 width=121)
	  ->  Sort  (cost=41.22..41.24 rows=10 width=121)
	        Sort Key: c
	        ->  Index Scan using sbtest4_pkey on sbtest4  (cost=0.43..41.05 rows=10 width=121)
	              Index Cond: ((id >= 2375752) AND (id <= 2375761))

table 5 : explain SELECT DISTINCT c FROM sbtest5 WHERE id BETWEEN 3350455 AND 3350464 ORDER BY c
	Unique  (cost=40.56..40.61 rows=10 width=121)
	  ->  Sort  (cost=40.56..40.58 rows=10 width=121)
	        Sort Key: c
	        ->  Index Scan using sbtest5_pkey on sbtest5  (cost=0.43..40.39 rows=10 width=121)
	              Index Cond: ((id >= 3350455) AND (id <= 3350464))

table 6 : explain SELECT DISTINCT c FROM sbtest6 WHERE id BETWEEN 1263805 AND 1263814 ORDER BY c
	Unique  (cost=40.26..40.31 rows=10 width=121)
	  ->  Sort  (cost=40.26..40.28 rows=10 width=121)
	        Sort Key: c
	        ->  Index Scan using sbtest6_pkey on sbtest6  (cost=0.43..40.09 rows=10 width=121)
	              Index Cond: ((id >= 1263805) AND (id <= 1263814))

table 7 : explain SELECT DISTINCT c FROM sbtest7 WHERE id BETWEEN 7080307 AND 7080316 ORDER BY c
	Unique  (cost=39.89..39.94 rows=10 width=121)
	  ->  Sort  (cost=39.89..39.91 rows=10 width=121)
	        Sort Key: c
	        ->  Index Scan using sbtest7_pkey on sbtest7  (cost=0.43..39.72 rows=10 width=121)
	              Index Cond: ((id >= 7080307) AND (id <= 7080316))

table 8 : explain SELECT DISTINCT c FROM sbtest8 WHERE id BETWEEN 8278903 AND 8278912 ORDER BY c
	Unique  (cost=43.67..43.72 rows=11 width=121)
	  ->  Sort  (cost=43.67..43.70 rows=11 width=121)
	        Sort Key: c
	        ->  Index Scan using sbtest8_pkey on sbtest8  (cost=0.43..43.48 rows=11 width=121)
	              Index Cond: ((id >= 8278903) AND (id <= 8278912))

for index_updates
table 1 : explain UPDATE sbtest1 SET k=k+1 WHERE id=7914562
	Update on sbtest1  (cost=0.43..8.46 rows=0 width=0)
	  ->  Index Scan using sbtest1_pkey on sbtest1  (cost=0.43..8.46 rows=1 width=10)
	        Index Cond: (id = 7914562)

table 2 : explain UPDATE sbtest2 SET k=k+1 WHERE id=1789164
	Update on sbtest2  (cost=0.43..8.46 rows=0 width=0)
	  ->  Index Scan using sbtest2_pkey on sbtest2  (cost=0.43..8.46 rows=1 width=10)
	        Index Cond: (id = 1789164)

table 3 : explain UPDATE sbtest3 SET k=k+1 WHERE id=5629886
	Update on sbtest3  (cost=0.43..8.46 rows=0 width=0)
	  ->  Index Scan using sbtest3_pkey on sbtest3  (cost=0.43..8.46 rows=1 width=10)
	        Index Cond: (id = 5629886)

table 4 : explain UPDATE sbtest4 SET k=k+1 WHERE id=4486932
	Update on sbtest4  (cost=0.43..8.46 rows=0 width=0)
	  ->  Index Scan using sbtest4_pkey on sbtest4  (cost=0.43..8.46 rows=1 width=10)
	        Index Cond: (id = 4486932)

table 5 : explain UPDATE sbtest5 SET k=k+1 WHERE id=1522789
	Update on sbtest5  (cost=0.43..8.46 rows=0 width=0)
	  ->  Index Scan using sbtest5_pkey on sbtest5  (cost=0.43..8.46 rows=1 width=10)
	        Index Cond: (id = 1522789)

table 6 : explain UPDATE sbtest6 SET k=k+1 WHERE id=9148388
	Update on sbtest6  (cost=0.43..8.46 rows=0 width=0)
	  ->  Index Scan using sbtest6_pkey on sbtest6  (cost=0.43..8.46 rows=1 width=10)
	        Index Cond: (id = 9148388)

table 7 : explain UPDATE sbtest7 SET k=k+1 WHERE id=9332902
	Update on sbtest7  (cost=0.43..8.46 rows=0 width=0)
	  ->  Index Scan using sbtest7_pkey on sbtest7  (cost=0.43..8.46 rows=1 width=10)
	        Index Cond: (id = 9332902)

table 8 : explain UPDATE sbtest8 SET k=k+1 WHERE id=5637396
	Update on sbtest8  (cost=0.43..8.46 rows=0 width=0)
	  ->  Index Scan using sbtest8_pkey on sbtest8  (cost=0.43..8.46 rows=1 width=10)
	        Index Cond: (id = 5637396)

explain: for inserts :: explain INSERT INTO sbtest%u (id, k, c, pad) VALUES (%u, 13, 'foobar', 'foobar')
for: distinct_ranges
table 1 : explain SELECT DISTINCT c FROM sbtest1 WHERE id BETWEEN 839064 AND 839073 ORDER BY c
	Unique  (cost=37.49..37.54 rows=9 width=121)
	  ->  Sort  (cost=37.49..37.51 rows=9 width=121)
	        Sort Key: c
	        ->  Index Scan using sbtest1_pkey on sbtest1  (cost=0.43..37.35 rows=9 width=121)
	              Index Cond: ((id >= 839064) AND (id <= 839073))

table 2 : explain SELECT DISTINCT c FROM sbtest2 WHERE id BETWEEN 6279288 AND 6279297 ORDER BY c
	Unique  (cost=37.46..37.51 rows=9 width=121)
	  ->  Sort  (cost=37.46..37.48 rows=9 width=121)
	        Sort Key: c
	        ->  Index Scan using sbtest2_pkey on sbtest2  (cost=0.43..37.32 rows=9 width=121)
	              Index Cond: ((id >= 6279288) AND (id <= 6279297))

table 3 : explain SELECT DISTINCT c FROM sbtest3 WHERE id BETWEEN 702713 AND 702722 ORDER BY c
	Unique  (cost=41.39..41.44 rows=10 width=121)
	  ->  Sort  (cost=41.39..41.42 rows=10 width=121)
	        Sort Key: c
	        ->  Index Scan using sbtest3_pkey on sbtest3  (cost=0.43..41.23 rows=10 width=121)
	              Index Cond: ((id >= 702713) AND (id <= 702722))

table 4 : explain SELECT DISTINCT c FROM sbtest4 WHERE id BETWEEN 9070462 AND 9070471 ORDER BY c
	Unique  (cost=44.86..44.92 rows=11 width=121)
	  ->  Sort  (cost=44.86..44.89 rows=11 width=121)
	        Sort Key: c
	        ->  Index Scan using sbtest4_pkey on sbtest4  (cost=0.43..44.67 rows=11 width=121)
	              Index Cond: ((id >= 9070462) AND (id <= 9070471))

table 5 : explain SELECT DISTINCT c FROM sbtest5 WHERE id BETWEEN 1686390 AND 1686399 ORDER BY c
	Unique  (cost=40.56..40.61 rows=10 width=121)
	  ->  Sort  (cost=40.56..40.58 rows=10 width=121)
	        Sort Key: c
	        ->  Index Scan using sbtest5_pkey on sbtest5  (cost=0.43..40.39 rows=10 width=121)
	              Index Cond: ((id >= 1686390) AND (id <= 1686399))

table 6 : explain SELECT DISTINCT c FROM sbtest6 WHERE id BETWEEN 3115014 AND 3115023 ORDER BY c
	Unique  (cost=40.26..40.31 rows=10 width=121)
	  ->  Sort  (cost=40.26..40.28 rows=10 width=121)
	        Sort Key: c
	        ->  Index Scan using sbtest6_pkey on sbtest6  (cost=0.43..40.09 rows=10 width=121)
	              Index Cond: ((id >= 3115014) AND (id <= 3115023))

table 7 : explain SELECT DISTINCT c FROM sbtest7 WHERE id BETWEEN 1048143 AND 1048152 ORDER BY c
	Unique  (cost=43.38..43.44 rows=11 width=121)
	  ->  Sort  (cost=43.38..43.41 rows=11 width=121)
	        Sort Key: c
	        ->  Index Scan using sbtest7_pkey on sbtest7  (cost=0.43..43.19 rows=11 width=121)
	              Index Cond: ((id >= 1048143) AND (id <= 1048152))

table 8 : explain SELECT DISTINCT c FROM sbtest8 WHERE id BETWEEN 4152254 AND 4152263 ORDER BY c
	Unique  (cost=40.14..40.19 rows=10 width=121)
	  ->  Sort  (cost=40.14..40.17 rows=10 width=121)
	        Sort Key: c
	        ->  Index Scan using sbtest8_pkey on sbtest8  (cost=0.43..39.98 rows=10 width=121)
	              Index Cond: ((id >= 4152254) AND (id <= 4152263))

explain: for non_index_updates :: explain UPDATE sbtest%u SET c='foobar' WHERE id=%u
explain: for deletes :: explain DELETE FROM sbtest%u WHERE id=%u
for: distinct_ranges
table 1 : explain SELECT DISTINCT c FROM sbtest1 WHERE id BETWEEN 473974 AND 473983 ORDER BY c
	Unique  (cost=41.13..41.18 rows=10 width=121)
	  ->  Sort  (cost=41.13..41.15 rows=10 width=121)
	        Sort Key: c
	        ->  Index Scan using sbtest1_pkey on sbtest1  (cost=0.43..40.96 rows=10 width=121)
	              Index Cond: ((id >= 473974) AND (id <= 473983))

table 2 : explain SELECT DISTINCT c FROM sbtest2 WHERE id BETWEEN 9779991 AND 9780000 ORDER BY c
	Unique  (cost=41.09..41.14 rows=10 width=121)
	  ->  Sort  (cost=41.09..41.12 rows=10 width=121)
	        Sort Key: c
	        ->  Index Scan using sbtest2_pkey on sbtest2  (cost=0.43..40.93 rows=10 width=121)
	              Index Cond: ((id >= 9779991) AND (id <= 9780000))

table 3 : explain SELECT DISTINCT c FROM sbtest3 WHERE id BETWEEN 61848 AND 61857 ORDER BY c
	Unique  (cost=41.39..41.44 rows=10 width=121)
	  ->  Sort  (cost=41.39..41.42 rows=10 width=121)
	        Sort Key: c
	        ->  Index Scan using sbtest3_pkey on sbtest3  (cost=0.43..41.23 rows=10 width=121)
	              Index Cond: ((id >= 61848) AND (id <= 61857))

table 4 : explain SELECT DISTINCT c FROM sbtest4 WHERE id BETWEEN 687907 AND 687916 ORDER BY c
	Unique  (cost=37.57..37.62 rows=9 width=121)
	  ->  Sort  (cost=37.57..37.59 rows=9 width=121)
	        Sort Key: c
	        ->  Index Scan using sbtest4_pkey on sbtest4  (cost=0.43..37.43 rows=9 width=121)
	              Index Cond: ((id >= 687907) AND (id <= 687916))

table 5 : explain SELECT DISTINCT c FROM sbtest5 WHERE id BETWEEN 7749015 AND 7749024 ORDER BY c
	Unique  (cost=40.56..40.61 rows=10 width=121)
	  ->  Sort  (cost=40.56..40.58 rows=10 width=121)
	        Sort Key: c
	        ->  Index Scan using sbtest5_pkey on sbtest5  (cost=0.43..40.39 rows=10 width=121)
	              Index Cond: ((id >= 7749015) AND (id <= 7749024))

table 6 : explain SELECT DISTINCT c FROM sbtest6 WHERE id BETWEEN 6903424 AND 6903433 ORDER BY c
	Unique  (cost=40.26..40.31 rows=10 width=121)
	  ->  Sort  (cost=40.26..40.28 rows=10 width=121)
	        Sort Key: c
	        ->  Index Scan using sbtest6_pkey on sbtest6  (cost=0.43..40.09 rows=10 width=121)
	              Index Cond: ((id >= 6903424) AND (id <= 6903433))

table 7 : explain SELECT DISTINCT c FROM sbtest7 WHERE id BETWEEN 5630572 AND 5630581 ORDER BY c
	Unique  (cost=39.89..39.94 rows=10 width=121)
	  ->  Sort  (cost=39.89..39.91 rows=10 width=121)
	        Sort Key: c
	        ->  Index Scan using sbtest7_pkey on sbtest7  (cost=0.43..39.72 rows=10 width=121)
	              Index Cond: ((id >= 5630572) AND (id <= 5630581))

table 8 : explain SELECT DISTINCT c FROM sbtest8 WHERE id BETWEEN 4321306 AND 4321315 ORDER BY c
	Unique  (cost=40.14..40.19 rows=10 width=121)
	  ->  Sort  (cost=40.14..40.17 rows=10 width=121)
	        Sort Key: c
	        ->  Index Scan using sbtest8_pkey on sbtest8  (cost=0.43..39.98 rows=10 width=121)
	              Index Cond: ((id >= 4321306) AND (id <= 4321315))

explain: for index_updates :: explain UPDATE sbtest%u SET k=k+1 WHERE id=%u
explain: for non_index_updates :: explain UPDATE sbtest%u SET c='foobar' WHERE id=%u
for index_updates
table 1 : explain UPDATE sbtest1 SET k=k+1 WHERE id=4480592
	Update on sbtest1  (cost=0.43..8.46 rows=0 width=0)
	  ->  Index Scan using sbtest1_pkey on sbtest1  (cost=0.43..8.46 rows=1 width=10)
	        Index Cond: (id = 4480592)

table 2 : explain UPDATE sbtest2 SET k=k+1 WHERE id=6088554
	Update on sbtest2  (cost=0.43..8.46 rows=0 width=0)
	  ->  Index Scan using sbtest2_pkey on sbtest2  (cost=0.43..8.46 rows=1 width=10)
	        Index Cond: (id = 6088554)

table 3 : explain UPDATE sbtest3 SET k=k+1 WHERE id=2590972
	Update on sbtest3  (cost=0.43..8.46 rows=0 width=0)
	  ->  Index Scan using sbtest3_pkey on sbtest3  (cost=0.43..8.46 rows=1 width=10)
	        Index Cond: (id = 2590972)

table 4 : explain UPDATE sbtest4 SET k=k+1 WHERE id=9617007
	Update on sbtest4  (cost=0.43..8.46 rows=0 width=0)
	  ->  Index Scan using sbtest4_pkey on sbtest4  (cost=0.43..8.46 rows=1 width=10)
	        Index Cond: (id = 9617007)

table 5 : explain UPDATE sbtest5 SET k=k+1 WHERE id=8621923
	Update on sbtest5  (cost=0.43..8.46 rows=0 width=0)
	  ->  Index Scan using sbtest5_pkey on sbtest5  (cost=0.43..8.46 rows=1 width=10)
	        Index Cond: (id = 8621923)

table 6 : explain UPDATE sbtest6 SET k=k+1 WHERE id=5581975
	Update on sbtest6  (cost=0.43..8.46 rows=0 width=0)
	  ->  Index Scan using sbtest6_pkey on sbtest6  (cost=0.43..8.46 rows=1 width=10)
	        Index Cond: (id = 5581975)

table 7 : explain UPDATE sbtest7 SET k=k+1 WHERE id=2490704
	Update on sbtest7  (cost=0.43..8.46 rows=0 width=0)
	  ->  Index Scan using sbtest7_pkey on sbtest7  (cost=0.43..8.46 rows=1 width=10)
	        Index Cond: (id = 2490704)

table 8 : explain UPDATE sbtest8 SET k=k+1 WHERE id=7045427
	Update on sbtest8  (cost=0.43..8.46 rows=0 width=0)
	  ->  Index Scan using sbtest8_pkey on sbtest8  (cost=0.43..8.46 rows=1 width=10)
	        Index Cond: (id = 7045427)

for deletes
table 1 : explain DELETE FROM sbtest1 WHERE id=2078292
	Delete on sbtest1  (cost=0.43..8.45 rows=0 width=0)
	  ->  Index Scan using sbtest1_pkey on sbtest1  (cost=0.43..8.45 rows=1 width=6)
	        Index Cond: (id = 2078292)

table 2 : explain DELETE FROM sbtest2 WHERE id=3699993
	Delete on sbtest2  (cost=0.43..8.45 rows=0 width=0)
	  ->  Index Scan using sbtest2_pkey on sbtest2  (cost=0.43..8.45 rows=1 width=6)
	        Index Cond: (id = 3699993)

table 3 : explain DELETE FROM sbtest3 WHERE id=8452667
	Delete on sbtest3  (cost=0.43..8.45 rows=0 width=0)
	  ->  Index Scan using sbtest3_pkey on sbtest3  (cost=0.43..8.45 rows=1 width=6)
	        Index Cond: (id = 8452667)

table 4 : explain DELETE FROM sbtest4 WHERE id=806793
	Delete on sbtest4  (cost=0.43..8.45 rows=0 width=0)
	  ->  Index Scan using sbtest4_pkey on sbtest4  (cost=0.43..8.45 rows=1 width=6)
	        Index Cond: (id = 806793)

table 5 : explain DELETE FROM sbtest5 WHERE id=2020829
	Delete on sbtest5  (cost=0.43..8.45 rows=0 width=0)
	  ->  Index Scan using sbtest5_pkey on sbtest5  (cost=0.43..8.45 rows=1 width=6)
	        Index Cond: (id = 2020829)

table 6 : explain DELETE FROM sbtest6 WHERE id=865792
	Delete on sbtest6  (cost=0.43..8.45 rows=0 width=0)
	  ->  Index Scan using sbtest6_pkey on sbtest6  (cost=0.43..8.45 rows=1 width=6)
	        Index Cond: (id = 865792)

table 7 : explain DELETE FROM sbtest7 WHERE id=9441876
	Delete on sbtest7  (cost=0.43..8.45 rows=0 width=0)
	  ->  Index Scan using sbtest7_pkey on sbtest7  (cost=0.43..8.45 rows=1 width=6)
	        Index Cond: (id = 9441876)

table 8 : explain DELETE FROM sbtest8 WHERE id=1425294
	Delete on sbtest8  (cost=0.43..8.45 rows=0 width=0)
	  ->  Index Scan using sbtest8_pkey on sbtest8  (cost=0.43..8.45 rows=1 width=6)
	        Index Cond: (id = 1425294)

for inserts
table 1 : explain INSERT INTO sbtest1 (id, k, c, pad) VALUES (3107267, 13, 'foobar', 'foobar')
	Insert on sbtest1  (cost=0.00..0.01 rows=0 width=0)
	  ->  Result  (cost=0.00..0.01 rows=1 width=736)

table 2 : explain INSERT INTO sbtest2 (id, k, c, pad) VALUES (822562, 13, 'foobar', 'foobar')
	Insert on sbtest2  (cost=0.00..0.01 rows=0 width=0)
	  ->  Result  (cost=0.00..0.01 rows=1 width=736)

table 3 : explain INSERT INTO sbtest3 (id, k, c, pad) VALUES (2100754, 13, 'foobar', 'foobar')
	Insert on sbtest3  (cost=0.00..0.01 rows=0 width=0)
	  ->  Result  (cost=0.00..0.01 rows=1 width=736)

table 4 : explain INSERT INTO sbtest4 (id, k, c, pad) VALUES (2663247, 13, 'foobar', 'foobar')
	Insert on sbtest4  (cost=0.00..0.01 rows=0 width=0)
	  ->  Result  (cost=0.00..0.01 rows=1 width=736)

table 5 : explain INSERT INTO sbtest5 (id, k, c, pad) VALUES (7056127, 13, 'foobar', 'foobar')
	Insert on sbtest5  (cost=0.00..0.01 rows=0 width=0)
	  ->  Result  (cost=0.00..0.01 rows=1 width=736)

table 6 : explain INSERT INTO sbtest6 (id, k, c, pad) VALUES (8529373, 13, 'foobar', 'foobar')
	Insert on sbtest6  (cost=0.00..0.01 rows=0 width=0)
	  ->  Result  (cost=0.00..0.01 rows=1 width=736)

table 7 : explain INSERT INTO sbtest7 (id, k, c, pad) VALUES (9137905, 13, 'foobar', 'foobar')
	Insert on sbtest7  (cost=0.00..0.01 rows=0 width=0)
	  ->  Result  (cost=0.00..0.01 rows=1 width=736)

table 8 : explain INSERT INTO sbtest8 (id, k, c, pad) VALUES (2027910, 13, 'foobar', 'foobar')
	Insert on sbtest8  (cost=0.00..0.01 rows=0 width=0)
	  ->  Result  (cost=0.00..0.01 rows=1 width=736)

for non_index_updates
table 1 : explain UPDATE sbtest1 SET c='foobar' WHERE id=1430037
	Update on sbtest1  (cost=0.43..8.45 rows=0 width=0)
	  ->  Index Scan using sbtest1_pkey on sbtest1  (cost=0.43..8.45 rows=1 width=490)
	        Index Cond: (id = 1430037)

table 2 : explain UPDATE sbtest2 SET c='foobar' WHERE id=6743478
	Update on sbtest2  (cost=0.43..8.45 rows=0 width=0)
	  ->  Index Scan using sbtest2_pkey on sbtest2  (cost=0.43..8.45 rows=1 width=490)
	        Index Cond: (id = 6743478)

table 3 : explain UPDATE sbtest3 SET c='foobar' WHERE id=2273534
	Update on sbtest3  (cost=0.43..8.45 rows=0 width=0)
	  ->  Index Scan using sbtest3_pkey on sbtest3  (cost=0.43..8.45 rows=1 width=490)
	        Index Cond: (id = 2273534)

table 4 : explain UPDATE sbtest4 SET c='foobar' WHERE id=5095294
	Update on sbtest4  (cost=0.43..8.45 rows=0 width=0)
	  ->  Index Scan using sbtest4_pkey on sbtest4  (cost=0.43..8.45 rows=1 width=490)
	        Index Cond: (id = 5095294)

table 5 : explain UPDATE sbtest5 SET c='foobar' WHERE id=3883478
	Update on sbtest5  (cost=0.43..8.45 rows=0 width=0)
	  ->  Index Scan using sbtest5_pkey on sbtest5  (cost=0.43..8.45 rows=1 width=490)
	        Index Cond: (id = 3883478)

table 6 : explain UPDATE sbtest6 SET c='foobar' WHERE id=6397429
	Update on sbtest6  (cost=0.43..8.45 rows=0 width=0)
	  ->  Index Scan using sbtest6_pkey on sbtest6  (cost=0.43..8.45 rows=1 width=490)
	        Index Cond: (id = 6397429)

table 7 : explain UPDATE sbtest7 SET c='foobar' WHERE id=5554224
	Update on sbtest7  (cost=0.43..8.45 rows=0 width=0)
	  ->  Index Scan using sbtest7_pkey on sbtest7  (cost=0.43..8.45 rows=1 width=490)
	        Index Cond: (id = 5554224)

table 8 : explain UPDATE sbtest8 SET c='foobar' WHERE id=5162027
	Update on sbtest8  (cost=0.43..8.45 rows=0 width=0)
	  ->  Index Scan using sbtest8_pkey on sbtest8  (cost=0.43..8.45 rows=1 width=490)
	        Index Cond: (id = 5162027)

for deletes
table 1 : explain DELETE FROM sbtest1 WHERE id=7900025
	Delete on sbtest1  (cost=0.43..8.45 rows=0 width=0)
	  ->  Index Scan using sbtest1_pkey on sbtest1  (cost=0.43..8.45 rows=1 width=6)
	        Index Cond: (id = 7900025)

table 2 : explain DELETE FROM sbtest2 WHERE id=1920317
	Delete on sbtest2  (cost=0.43..8.45 rows=0 width=0)
	  ->  Index Scan using sbtest2_pkey on sbtest2  (cost=0.43..8.45 rows=1 width=6)
	        Index Cond: (id = 1920317)

table 3 : explain DELETE FROM sbtest3 WHERE id=7898879
	Delete on sbtest3  (cost=0.43..8.45 rows=0 width=0)
	  ->  Index Scan using sbtest3_pkey on sbtest3  (cost=0.43..8.45 rows=1 width=6)
	        Index Cond: (id = 7898879)

table 4 : explain DELETE FROM sbtest4 WHERE id=8725284
	Delete on sbtest4  (cost=0.43..8.45 rows=0 width=0)
	  ->  Index Scan using sbtest4_pkey on sbtest4  (cost=0.43..8.45 rows=1 width=6)
	        Index Cond: (id = 8725284)

table 5 : explain DELETE FROM sbtest5 WHERE id=5267738
	Delete on sbtest5  (cost=0.43..8.45 rows=0 width=0)
	  ->  Index Scan using sbtest5_pkey on sbtest5  (cost=0.43..8.45 rows=1 width=6)
	        Index Cond: (id = 5267738)

table 6 : explain DELETE FROM sbtest6 WHERE id=5924056
	Delete on sbtest6  (cost=0.43..8.45 rows=0 width=0)
	  ->  Index Scan using sbtest6_pkey on sbtest6  (cost=0.43..8.45 rows=1 width=6)
	        Index Cond: (id = 5924056)

table 7 : explain DELETE FROM sbtest7 WHERE id=3482084
	Delete on sbtest7  (cost=0.43..8.45 rows=0 width=0)
	  ->  Index Scan using sbtest7_pkey on sbtest7  (cost=0.43..8.45 rows=1 width=6)
	        Index Cond: (id = 3482084)

table 8 : explain DELETE FROM sbtest8 WHERE id=3043559
	Delete on sbtest8  (cost=0.43..8.45 rows=0 width=0)
	  ->  Index Scan using sbtest8_pkey on sbtest8  (cost=0.43..8.45 rows=1 width=6)
	        Index Cond: (id = 3043559)

for: sum_ranges
table 1 : explain SELECT SUM(k) FROM sbtest1 WHERE id BETWEEN 7311910 AND 7311919
	Aggregate  (cost=40.98..40.99 rows=1 width=8)
	  ->  Index Scan using sbtest1_pkey on sbtest1  (cost=0.43..40.96 rows=10 width=4)
	        Index Cond: ((id >= 7311910) AND (id <= 7311919))

table 2 : explain SELECT SUM(k) FROM sbtest2 WHERE id BETWEEN 6937267 AND 6937276
	Aggregate  (cost=40.95..40.96 rows=1 width=8)
	  ->  Index Scan using sbtest2_pkey on sbtest2  (cost=0.43..40.93 rows=10 width=4)
	        Index Cond: ((id >= 6937267) AND (id <= 6937276))

table 3 : explain SELECT SUM(k) FROM sbtest3 WHERE id BETWEEN 5599929 AND 5599938
	Aggregate  (cost=41.25..41.26 rows=1 width=8)
	  ->  Index Scan using sbtest3_pkey on sbtest3  (cost=0.43..41.23 rows=10 width=4)
	        Index Cond: ((id >= 5599929) AND (id <= 5599938))

table 4 : explain SELECT SUM(k) FROM sbtest4 WHERE id BETWEEN 2123332 AND 2123341
	Aggregate  (cost=41.08..41.09 rows=1 width=8)
	  ->  Index Scan using sbtest4_pkey on sbtest4  (cost=0.43..41.05 rows=10 width=4)
	        Index Cond: ((id >= 2123332) AND (id <= 2123341))

table 5 : explain SELECT SUM(k) FROM sbtest5 WHERE id BETWEEN 3254253 AND 3254262
	Aggregate  (cost=40.42..40.43 rows=1 width=8)
	  ->  Index Scan using sbtest5_pkey on sbtest5  (cost=0.43..40.39 rows=10 width=4)
	        Index Cond: ((id >= 3254253) AND (id <= 3254262))

table 6 : explain SELECT SUM(k) FROM sbtest6 WHERE id BETWEEN 6386910 AND 6386919
	Aggregate  (cost=40.12..40.13 rows=1 width=8)
	  ->  Index Scan using sbtest6_pkey on sbtest6  (cost=0.43..40.09 rows=10 width=4)
	        Index Cond: ((id >= 6386910) AND (id <= 6386919))

table 7 : explain SELECT SUM(k) FROM sbtest7 WHERE id BETWEEN 7579019 AND 7579028
	Aggregate  (cost=39.74..39.75 rows=1 width=8)
	  ->  Index Scan using sbtest7_pkey on sbtest7  (cost=0.43..39.72 rows=10 width=4)
	        Index Cond: ((id >= 7579019) AND (id <= 7579028))

table 8 : explain SELECT SUM(k) FROM sbtest8 WHERE id BETWEEN 6380823 AND 6380832
	Aggregate  (cost=36.50..36.51 rows=1 width=8)
	  ->  Index Scan using sbtest8_pkey on sbtest8  (cost=0.43..36.47 rows=9 width=4)
	        Index Cond: ((id >= 6380823) AND (id <= 6380832))

for: distinct_ranges
table 1 : explain SELECT DISTINCT c FROM sbtest1 WHERE id BETWEEN 2937540 AND 2937549 ORDER BY c
	Unique  (cost=37.49..37.54 rows=9 width=121)
	  ->  Sort  (cost=37.49..37.51 rows=9 width=121)
	        Sort Key: c
	        ->  Index Scan using sbtest1_pkey on sbtest1  (cost=0.43..37.35 rows=9 width=121)
	              Index Cond: ((id >= 2937540) AND (id <= 2937549))

table 2 : explain SELECT DISTINCT c FROM sbtest2 WHERE id BETWEEN 737503 AND 737512 ORDER BY c
	Unique  (cost=41.09..41.14 rows=10 width=121)
	  ->  Sort  (cost=41.09..41.12 rows=10 width=121)
	        Sort Key: c
	        ->  Index Scan using sbtest2_pkey on sbtest2  (cost=0.43..40.93 rows=10 width=121)
	              Index Cond: ((id >= 737503) AND (id <= 737512))

table 3 : explain SELECT DISTINCT c FROM sbtest3 WHERE id BETWEEN 8291445 AND 8291454 ORDER BY c
	Unique  (cost=37.73..37.77 rows=9 width=121)
	  ->  Sort  (cost=37.73..37.75 rows=9 width=121)
	        Sort Key: c
	        ->  Index Scan using sbtest3_pkey on sbtest3  (cost=0.43..37.58 rows=9 width=121)
	              Index Cond: ((id >= 8291445) AND (id <= 8291454))

table 4 : explain SELECT DISTINCT c FROM sbtest4 WHERE id BETWEEN 2767356 AND 2767365 ORDER BY c
	Unique  (cost=41.22..41.27 rows=10 width=121)
	  ->  Sort  (cost=41.22..41.24 rows=10 width=121)
	        Sort Key: c
	        ->  Index Scan using sbtest4_pkey on sbtest4  (cost=0.43..41.05 rows=10 width=121)
	              Index Cond: ((id >= 2767356) AND (id <= 2767365))

table 5 : explain SELECT DISTINCT c FROM sbtest5 WHERE id BETWEEN 861164 AND 861173 ORDER BY c
	Unique  (cost=36.99..37.03 rows=9 width=121)
	  ->  Sort  (cost=36.99..37.01 rows=9 width=121)
	        Sort Key: c
	        ->  Index Scan using sbtest5_pkey on sbtest5  (cost=0.43..36.85 rows=9 width=121)
	              Index Cond: ((id >= 861164) AND (id <= 861173))

table 6 : explain SELECT DISTINCT c FROM sbtest6 WHERE id BETWEEN 4056149 AND 4056158 ORDER BY c
	Unique  (cost=40.26..40.31 rows=10 width=121)
	  ->  Sort  (cost=40.26..40.28 rows=10 width=121)
	        Sort Key: c
	        ->  Index Scan using sbtest6_pkey on sbtest6  (cost=0.43..40.09 rows=10 width=121)
	              Index Cond: ((id >= 4056149) AND (id <= 4056158))

table 7 : explain SELECT DISTINCT c FROM sbtest7 WHERE id BETWEEN 622123 AND 622132 ORDER BY c
	Unique  (cost=43.38..43.44 rows=11 width=121)
	  ->  Sort  (cost=43.38..43.41 rows=11 width=121)
	        Sort Key: c
	        ->  Index Scan using sbtest7_pkey on sbtest7  (cost=0.43..43.19 rows=11 width=121)
	              Index Cond: ((id >= 622123) AND (id <= 622132))

table 8 : explain SELECT DISTINCT c FROM sbtest8 WHERE id BETWEEN 5894888 AND 5894897 ORDER BY c
	Unique  (cost=40.14..40.19 rows=10 width=121)
	  ->  Sort  (cost=40.14..40.17 rows=10 width=121)
	        Sort Key: c
	        ->  Index Scan using sbtest8_pkey on sbtest8  (cost=0.43..39.98 rows=10 width=121)
	              Index Cond: ((id >= 5894888) AND (id <= 5894897))

explain: for deletes :: explain DELETE FROM sbtest%u WHERE id=%u
for index_updates
table 1 : explain UPDATE sbtest1 SET k=k+1 WHERE id=6432496
	Update on sbtest1  (cost=0.43..8.46 rows=0 width=0)
	  ->  Index Scan using sbtest1_pkey on sbtest1  (cost=0.43..8.46 rows=1 width=10)
	        Index Cond: (id = 6432496)

table 2 : explain UPDATE sbtest2 SET k=k+1 WHERE id=1919283
	Update on sbtest2  (cost=0.43..8.46 rows=0 width=0)
	  ->  Index Scan using sbtest2_pkey on sbtest2  (cost=0.43..8.46 rows=1 width=10)
	        Index Cond: (id = 1919283)

table 3 : explain UPDATE sbtest3 SET k=k+1 WHERE id=339286
	Update on sbtest3  (cost=0.43..8.46 rows=0 width=0)
	  ->  Index Scan using sbtest3_pkey on sbtest3  (cost=0.43..8.46 rows=1 width=10)
	        Index Cond: (id = 339286)

table 4 : explain UPDATE sbtest4 SET k=k+1 WHERE id=6251371
	Update on sbtest4  (cost=0.43..8.46 rows=0 width=0)
	  ->  Index Scan using sbtest4_pkey on sbtest4  (cost=0.43..8.46 rows=1 width=10)
	        Index Cond: (id = 6251371)

table 5 : explain UPDATE sbtest5 SET k=k+1 WHERE id=4754196
	Update on sbtest5  (cost=0.43..8.46 rows=0 width=0)
	  ->  Index Scan using sbtest5_pkey on sbtest5  (cost=0.43..8.46 rows=1 width=10)
	        Index Cond: (id = 4754196)

table 6 : explain UPDATE sbtest6 SET k=k+1 WHERE id=3419501
	Update on sbtest6  (cost=0.43..8.46 rows=0 width=0)
	  ->  Index Scan using sbtest6_pkey on sbtest6  (cost=0.43..8.46 rows=1 width=10)
	        Index Cond: (id = 3419501)

table 7 : explain UPDATE sbtest7 SET k=k+1 WHERE id=6155792
	Update on sbtest7  (cost=0.43..8.46 rows=0 width=0)
	  ->  Index Scan using sbtest7_pkey on sbtest7  (cost=0.43..8.46 rows=1 width=10)
	        Index Cond: (id = 6155792)

table 8 : explain UPDATE sbtest8 SET k=k+1 WHERE id=2363362
	Update on sbtest8  (cost=0.43..8.46 rows=0 width=0)
	  ->  Index Scan using sbtest8_pkey on sbtest8  (cost=0.43..8.46 rows=1 width=10)
	        Index Cond: (id = 2363362)

explain: for index_updates :: explain UPDATE sbtest%u SET k=k+1 WHERE id=%u
explain: for non_index_updates :: explain UPDATE sbtest%u SET c='foobar' WHERE id=%u
for non_index_updates
table 1 : explain UPDATE sbtest1 SET c='foobar' WHERE id=2746927
	Update on sbtest1  (cost=0.43..8.45 rows=0 width=0)
	  ->  Index Scan using sbtest1_pkey on sbtest1  (cost=0.43..8.45 rows=1 width=490)
	        Index Cond: (id = 2746927)

table 2 : explain UPDATE sbtest2 SET c='foobar' WHERE id=1859088
	Update on sbtest2  (cost=0.43..8.45 rows=0 width=0)
	  ->  Index Scan using sbtest2_pkey on sbtest2  (cost=0.43..8.45 rows=1 width=490)
	        Index Cond: (id = 1859088)

table 3 : explain UPDATE sbtest3 SET c='foobar' WHERE id=292890
	Update on sbtest3  (cost=0.43..8.45 rows=0 width=0)
	  ->  Index Scan using sbtest3_pkey on sbtest3  (cost=0.43..8.45 rows=1 width=490)
	        Index Cond: (id = 292890)

table 4 : explain UPDATE sbtest4 SET c='foobar' WHERE id=5137078
	Update on sbtest4  (cost=0.43..8.45 rows=0 width=0)
	  ->  Index Scan using sbtest4_pkey on sbtest4  (cost=0.43..8.45 rows=1 width=490)
	        Index Cond: (id = 5137078)

table 5 : explain UPDATE sbtest5 SET c='foobar' WHERE id=2235047
	Update on sbtest5  (cost=0.43..8.45 rows=0 width=0)
	  ->  Index Scan using sbtest5_pkey on sbtest5  (cost=0.43..8.45 rows=1 width=490)
	        Index Cond: (id = 2235047)

table 6 : explain UPDATE sbtest6 SET c='foobar' WHERE id=9078476
	Update on sbtest6  (cost=0.43..8.45 rows=0 width=0)
	  ->  Index Scan using sbtest6_pkey on sbtest6  (cost=0.43..8.45 rows=1 width=490)
	        Index Cond: (id = 9078476)

table 7 : explain UPDATE sbtest7 SET c='foobar' WHERE id=7688897
	Update on sbtest7  (cost=0.43..8.45 rows=0 width=0)
	  ->  Index Scan using sbtest7_pkey on sbtest7  (cost=0.43..8.45 rows=1 width=490)
	        Index Cond: (id = 7688897)

table 8 : explain UPDATE sbtest8 SET c='foobar' WHERE id=1013254
	Update on sbtest8  (cost=0.43..8.45 rows=0 width=0)
	  ->  Index Scan using sbtest8_pkey on sbtest8  (cost=0.43..8.45 rows=1 width=490)
	        Index Cond: (id = 1013254)

explain: for inserts :: explain INSERT INTO sbtest%u (id, k, c, pad) VALUES (%u, 13, 'foobar', 'foobar')
explain: for index_updates :: explain UPDATE sbtest%u SET k=k+1 WHERE id=%u
explain: for inserts :: explain INSERT INTO sbtest%u (id, k, c, pad) VALUES (%u, 13, 'foobar', 'foobar')
for: sum_ranges
table 1 : explain SELECT SUM(k) FROM sbtest1 WHERE id BETWEEN 7552672 AND 7552681
	Aggregate  (cost=40.98..40.99 rows=1 width=8)
	  ->  Index Scan using sbtest1_pkey on sbtest1  (cost=0.43..40.96 rows=10 width=4)
	        Index Cond: ((id >= 7552672) AND (id <= 7552681))

table 2 : explain SELECT SUM(k) FROM sbtest2 WHERE id BETWEEN 1672800 AND 1672809
	Aggregate  (cost=40.95..40.96 rows=1 width=8)
	  ->  Index Scan using sbtest2_pkey on sbtest2  (cost=0.43..40.93 rows=10 width=4)
	        Index Cond: ((id >= 1672800) AND (id <= 1672809))

table 3 : explain SELECT SUM(k) FROM sbtest3 WHERE id BETWEEN 7143952 AND 7143961
	Aggregate  (cost=41.25..41.26 rows=1 width=8)
	  ->  Index Scan using sbtest3_pkey on sbtest3  (cost=0.43..41.23 rows=10 width=4)
	        Index Cond: ((id >= 7143952) AND (id <= 7143961))

table 4 : explain SELECT SUM(k) FROM sbtest4 WHERE id BETWEEN 3275757 AND 3275766
	Aggregate  (cost=41.08..41.09 rows=1 width=8)
	  ->  Index Scan using sbtest4_pkey on sbtest4  (cost=0.43..41.05 rows=10 width=4)
	        Index Cond: ((id >= 3275757) AND (id <= 3275766))

table 5 : explain SELECT SUM(k) FROM sbtest5 WHERE id BETWEEN 6248406 AND 6248415
	Aggregate  (cost=40.42..40.43 rows=1 width=8)
	  ->  Index Scan using sbtest5_pkey on sbtest5  (cost=0.43..40.39 rows=10 width=4)
	        Index Cond: ((id >= 6248406) AND (id <= 6248415))

table 6 : explain SELECT SUM(k) FROM sbtest6 WHERE id BETWEEN 6338910 AND 6338919
	Aggregate  (cost=40.12..40.13 rows=1 width=8)
	  ->  Index Scan using sbtest6_pkey on sbtest6  (cost=0.43..40.09 rows=10 width=4)
	        Index Cond: ((id >= 6338910) AND (id <= 6338919))

table 7 : explain SELECT SUM(k) FROM sbtest7 WHERE id BETWEEN 5165840 AND 5165849
	Aggregate  (cost=39.74..39.75 rows=1 width=8)
	  ->  Index Scan using sbtest7_pkey on sbtest7  (cost=0.43..39.72 rows=10 width=4)
	        Index Cond: ((id >= 5165840) AND (id <= 5165849))

table 8 : explain SELECT SUM(k) FROM sbtest8 WHERE id BETWEEN 800451 AND 800460
	Aggregate  (cost=36.50..36.51 rows=1 width=8)
	  ->  Index Scan using sbtest8_pkey on sbtest8  (cost=0.43..36.47 rows=9 width=4)
	        Index Cond: ((id >= 800451) AND (id <= 800460))

explain: for deletes :: explain DELETE FROM sbtest%u WHERE id=%u
explain: for index_updates :: explain UPDATE sbtest%u SET k=k+1 WHERE id=%u
for deletes
table 1 : explain DELETE FROM sbtest1 WHERE id=4513584
	Delete on sbtest1  (cost=0.43..8.45 rows=0 width=0)
	  ->  Index Scan using sbtest1_pkey on sbtest1  (cost=0.43..8.45 rows=1 width=6)
	        Index Cond: (id = 4513584)

table 2 : explain DELETE FROM sbtest2 WHERE id=7438403
	Delete on sbtest2  (cost=0.43..8.45 rows=0 width=0)
	  ->  Index Scan using sbtest2_pkey on sbtest2  (cost=0.43..8.45 rows=1 width=6)
	        Index Cond: (id = 7438403)

table 3 : explain DELETE FROM sbtest3 WHERE id=1611095
	Delete on sbtest3  (cost=0.43..8.45 rows=0 width=0)
	  ->  Index Scan using sbtest3_pkey on sbtest3  (cost=0.43..8.45 rows=1 width=6)
	        Index Cond: (id = 1611095)

table 4 : explain DELETE FROM sbtest4 WHERE id=4599148
	Delete on sbtest4  (cost=0.43..8.45 rows=0 width=0)
	  ->  Index Scan using sbtest4_pkey on sbtest4  (cost=0.43..8.45 rows=1 width=6)
	        Index Cond: (id = 4599148)

table 5 : explain DELETE FROM sbtest5 WHERE id=8828787
	Delete on sbtest5  (cost=0.43..8.45 rows=0 width=0)
	  ->  Index Scan using sbtest5_pkey on sbtest5  (cost=0.43..8.45 rows=1 width=6)
	        Index Cond: (id = 8828787)

table 6 : explain DELETE FROM sbtest6 WHERE id=4541851
	Delete on sbtest6  (cost=0.43..8.45 rows=0 width=0)
	  ->  Index Scan using sbtest6_pkey on sbtest6  (cost=0.43..8.45 rows=1 width=6)
	        Index Cond: (id = 4541851)

table 7 : explain DELETE FROM sbtest7 WHERE id=3617652
	Delete on sbtest7  (cost=0.43..8.45 rows=0 width=0)
	  ->  Index Scan using sbtest7_pkey on sbtest7  (cost=0.43..8.45 rows=1 width=6)
	        Index Cond: (id = 3617652)

table 8 : explain DELETE FROM sbtest8 WHERE id=2122802
	Delete on sbtest8  (cost=0.43..8.45 rows=0 width=0)
	  ->  Index Scan using sbtest8_pkey on sbtest8  (cost=0.43..8.45 rows=1 width=6)
	        Index Cond: (id = 2122802)

for inserts
table 1 : explain INSERT INTO sbtest1 (id, k, c, pad) VALUES (3673765, 13, 'foobar', 'foobar')
	Insert on sbtest1  (cost=0.00..0.01 rows=0 width=0)
	  ->  Result  (cost=0.00..0.01 rows=1 width=736)

table 2 : explain INSERT INTO sbtest2 (id, k, c, pad) VALUES (5617094, 13, 'foobar', 'foobar')
	Insert on sbtest2  (cost=0.00..0.01 rows=0 width=0)
	  ->  Result  (cost=0.00..0.01 rows=1 width=736)

table 3 : explain INSERT INTO sbtest3 (id, k, c, pad) VALUES (1230706, 13, 'foobar', 'foobar')
	Insert on sbtest3  (cost=0.00..0.01 rows=0 width=0)
	  ->  Result  (cost=0.00..0.01 rows=1 width=736)

table 4 : explain INSERT INTO sbtest4 (id, k, c, pad) VALUES (8384906, 13, 'foobar', 'foobar')
	Insert on sbtest4  (cost=0.00..0.01 rows=0 width=0)
	  ->  Result  (cost=0.00..0.01 rows=1 width=736)

table 5 : explain INSERT INTO sbtest5 (id, k, c, pad) VALUES (8815705, 13, 'foobar', 'foobar')
	Insert on sbtest5  (cost=0.00..0.01 rows=0 width=0)
	  ->  Result  (cost=0.00..0.01 rows=1 width=736)

table 6 : explain INSERT INTO sbtest6 (id, k, c, pad) VALUES (7044299, 13, 'foobar', 'foobar')
	Insert on sbtest6  (cost=0.00..0.01 rows=0 width=0)
	  ->  Result  (cost=0.00..0.01 rows=1 width=736)

table 7 : explain INSERT INTO sbtest7 (id, k, c, pad) VALUES (47311, 13, 'foobar', 'foobar')
	Insert on sbtest7  (cost=0.00..0.01 rows=0 width=0)
	  ->  Result  (cost=0.00..0.01 rows=1 width=736)

table 8 : explain INSERT INTO sbtest8 (id, k, c, pad) VALUES (440765, 13, 'foobar', 'foobar')
	Insert on sbtest8  (cost=0.00..0.01 rows=0 width=0)
	  ->  Result  (cost=0.00..0.01 rows=1 width=736)

explain: for non_index_updates :: explain UPDATE sbtest%u SET c='foobar' WHERE id=%u
for inserts
table 1 : explain INSERT INTO sbtest1 (id, k, c, pad) VALUES (248387, 13, 'foobar', 'foobar')
	Insert on sbtest1  (cost=0.00..0.01 rows=0 width=0)
	  ->  Result  (cost=0.00..0.01 rows=1 width=736)

table 2 : explain INSERT INTO sbtest2 (id, k, c, pad) VALUES (929115, 13, 'foobar', 'foobar')
	Insert on sbtest2  (cost=0.00..0.01 rows=0 width=0)
	  ->  Result  (cost=0.00..0.01 rows=1 width=736)

table 3 : explain INSERT INTO sbtest3 (id, k, c, pad) VALUES (3478867, 13, 'foobar', 'foobar')
	Insert on sbtest3  (cost=0.00..0.01 rows=0 width=0)
	  ->  Result  (cost=0.00..0.01 rows=1 width=736)

table 4 : explain INSERT INTO sbtest4 (id, k, c, pad) VALUES (4680919, 13, 'foobar', 'foobar')
	Insert on sbtest4  (cost=0.00..0.01 rows=0 width=0)
	  ->  Result  (cost=0.00..0.01 rows=1 width=736)

table 5 : explain INSERT INTO sbtest5 (id, k, c, pad) VALUES (7823175, 13, 'foobar', 'foobar')
	Insert on sbtest5  (cost=0.00..0.01 rows=0 width=0)
	  ->  Result  (cost=0.00..0.01 rows=1 width=736)

table 6 : explain INSERT INTO sbtest6 (id, k, c, pad) VALUES (9375133, 13, 'foobar', 'foobar')
	Insert on sbtest6  (cost=0.00..0.01 rows=0 width=0)
	  ->  Result  (cost=0.00..0.01 rows=1 width=736)

table 7 : explain INSERT INTO sbtest7 (id, k, c, pad) VALUES (3990258, 13, 'foobar', 'foobar')
	Insert on sbtest7  (cost=0.00..0.01 rows=0 width=0)
	  ->  Result  (cost=0.00..0.01 rows=1 width=736)

table 8 : explain INSERT INTO sbtest8 (id, k, c, pad) VALUES (2274802, 13, 'foobar', 'foobar')
	Insert on sbtest8  (cost=0.00..0.01 rows=0 width=0)
	  ->  Result  (cost=0.00..0.01 rows=1 width=736)

for deletes
table 1 : explain DELETE FROM sbtest1 WHERE id=4981620
	Delete on sbtest1  (cost=0.43..8.45 rows=0 width=0)
	  ->  Index Scan using sbtest1_pkey on sbtest1  (cost=0.43..8.45 rows=1 width=6)
	        Index Cond: (id = 4981620)

table 2 : explain DELETE FROM sbtest2 WHERE id=580361
	Delete on sbtest2  (cost=0.43..8.45 rows=0 width=0)
	  ->  Index Scan using sbtest2_pkey on sbtest2  (cost=0.43..8.45 rows=1 width=6)
	        Index Cond: (id = 580361)

table 3 : explain DELETE FROM sbtest3 WHERE id=4599218
	Delete on sbtest3  (cost=0.43..8.45 rows=0 width=0)
	  ->  Index Scan using sbtest3_pkey on sbtest3  (cost=0.43..8.45 rows=1 width=6)
	        Index Cond: (id = 4599218)

table 4 : explain DELETE FROM sbtest4 WHERE id=3660259
	Delete on sbtest4  (cost=0.43..8.45 rows=0 width=0)
	  ->  Index Scan using sbtest4_pkey on sbtest4  (cost=0.43..8.45 rows=1 width=6)
	        Index Cond: (id = 3660259)

table 5 : explain DELETE FROM sbtest5 WHERE id=6439821
	Delete on sbtest5  (cost=0.43..8.45 rows=0 width=0)
	  ->  Index Scan using sbtest5_pkey on sbtest5  (cost=0.43..8.45 rows=1 width=6)
	        Index Cond: (id = 6439821)

table 6 : explain DELETE FROM sbtest6 WHERE id=1111069
	Delete on sbtest6  (cost=0.43..8.45 rows=0 width=0)
	  ->  Index Scan using sbtest6_pkey on sbtest6  (cost=0.43..8.45 rows=1 width=6)
	        Index Cond: (id = 1111069)

table 7 : explain DELETE FROM sbtest7 WHERE id=2623201
	Delete on sbtest7  (cost=0.43..8.45 rows=0 width=0)
	  ->  Index Scan using sbtest7_pkey on sbtest7  (cost=0.43..8.45 rows=1 width=6)
	        Index Cond: (id = 2623201)

table 8 : explain DELETE FROM sbtest8 WHERE id=6518417
	Delete on sbtest8  (cost=0.43..8.45 rows=0 width=0)
	  ->  Index Scan using sbtest8_pkey on sbtest8  (cost=0.43..8.45 rows=1 width=6)
	        Index Cond: (id = 6518417)

explain: for inserts :: explain INSERT INTO sbtest%u (id, k, c, pad) VALUES (%u, 13, 'foobar', 'foobar')
for non_index_updates
table 1 : explain UPDATE sbtest1 SET c='foobar' WHERE id=5881210
	Update on sbtest1  (cost=0.43..8.45 rows=0 width=0)
	  ->  Index Scan using sbtest1_pkey on sbtest1  (cost=0.43..8.45 rows=1 width=490)
	        Index Cond: (id = 5881210)

table 2 : explain UPDATE sbtest2 SET c='foobar' WHERE id=6405129
	Update on sbtest2  (cost=0.43..8.45 rows=0 width=0)
	  ->  Index Scan using sbtest2_pkey on sbtest2  (cost=0.43..8.45 rows=1 width=490)
	        Index Cond: (id = 6405129)

table 3 : explain UPDATE sbtest3 SET c='foobar' WHERE id=9045461
	Update on sbtest3  (cost=0.43..8.45 rows=0 width=0)
	  ->  Index Scan using sbtest3_pkey on sbtest3  (cost=0.43..8.45 rows=1 width=490)
	        Index Cond: (id = 9045461)

table 4 : explain UPDATE sbtest4 SET c='foobar' WHERE id=5909762
	Update on sbtest4  (cost=0.43..8.45 rows=0 width=0)
	  ->  Index Scan using sbtest4_pkey on sbtest4  (cost=0.43..8.45 rows=1 width=490)
	        Index Cond: (id = 5909762)

table 5 : explain UPDATE sbtest5 SET c='foobar' WHERE id=6133725
	Update on sbtest5  (cost=0.43..8.45 rows=0 width=0)
	  ->  Index Scan using sbtest5_pkey on sbtest5  (cost=0.43..8.45 rows=1 width=490)
	        Index Cond: (id = 6133725)

table 6 : explain UPDATE sbtest6 SET c='foobar' WHERE id=1167593
	Update on sbtest6  (cost=0.43..8.45 rows=0 width=0)
	  ->  Index Scan using sbtest6_pkey on sbtest6  (cost=0.43..8.45 rows=1 width=490)
	        Index Cond: (id = 1167593)

table 7 : explain UPDATE sbtest7 SET c='foobar' WHERE id=6675130
	Update on sbtest7  (cost=0.43..8.45 rows=0 width=0)
	  ->  Index Scan using sbtest7_pkey on sbtest7  (cost=0.43..8.45 rows=1 width=490)
	        Index Cond: (id = 6675130)

table 8 : explain UPDATE sbtest8 SET c='foobar' WHERE id=8921897
	Update on sbtest8  (cost=0.43..8.45 rows=0 width=0)
	  ->  Index Scan using sbtest8_pkey on sbtest8  (cost=0.43..8.45 rows=1 width=490)
	        Index Cond: (id = 8921897)

for index_updates
table 1 : explain UPDATE sbtest1 SET k=k+1 WHERE id=2126663
	Update on sbtest1  (cost=0.43..8.46 rows=0 width=0)
	  ->  Index Scan using sbtest1_pkey on sbtest1  (cost=0.43..8.46 rows=1 width=10)
	        Index Cond: (id = 2126663)

table 2 : explain UPDATE sbtest2 SET k=k+1 WHERE id=8605471
	Update on sbtest2  (cost=0.43..8.46 rows=0 width=0)
	  ->  Index Scan using sbtest2_pkey on sbtest2  (cost=0.43..8.46 rows=1 width=10)
	        Index Cond: (id = 8605471)

table 3 : explain UPDATE sbtest3 SET k=k+1 WHERE id=1361139
	Update on sbtest3  (cost=0.43..8.46 rows=0 width=0)
	  ->  Index Scan using sbtest3_pkey on sbtest3  (cost=0.43..8.46 rows=1 width=10)
	        Index Cond: (id = 1361139)

table 4 : explain UPDATE sbtest4 SET k=k+1 WHERE id=9221846
	Update on sbtest4  (cost=0.43..8.46 rows=0 width=0)
	  ->  Index Scan using sbtest4_pkey on sbtest4  (cost=0.43..8.46 rows=1 width=10)
	        Index Cond: (id = 9221846)

table 5 : explain UPDATE sbtest5 SET k=k+1 WHERE id=8292276
	Update on sbtest5  (cost=0.43..8.46 rows=0 width=0)
	  ->  Index Scan using sbtest5_pkey on sbtest5  (cost=0.43..8.46 rows=1 width=10)
	        Index Cond: (id = 8292276)

table 6 : explain UPDATE sbtest6 SET k=k+1 WHERE id=7760114
	Update on sbtest6  (cost=0.43..8.46 rows=0 width=0)
	  ->  Index Scan using sbtest6_pkey on sbtest6  (cost=0.43..8.46 rows=1 width=10)
	        Index Cond: (id = 7760114)

table 7 : explain UPDATE sbtest7 SET k=k+1 WHERE id=424386
	Update on sbtest7  (cost=0.43..8.46 rows=0 width=0)
	  ->  Index Scan using sbtest7_pkey on sbtest7  (cost=0.43..8.46 rows=1 width=10)
	        Index Cond: (id = 424386)

table 8 : explain UPDATE sbtest8 SET k=k+1 WHERE id=9623502
	Update on sbtest8  (cost=0.43..8.46 rows=0 width=0)
	  ->  Index Scan using sbtest8_pkey on sbtest8  (cost=0.43..8.46 rows=1 width=10)
	        Index Cond: (id = 9623502)

for index_updates
table 1 : explain UPDATE sbtest1 SET k=k+1 WHERE id=4908954
	Update on sbtest1  (cost=0.43..8.46 rows=0 width=0)
	  ->  Index Scan using sbtest1_pkey on sbtest1  (cost=0.43..8.46 rows=1 width=10)
	        Index Cond: (id = 4908954)

table 2 : explain UPDATE sbtest2 SET k=k+1 WHERE id=6471986
	Update on sbtest2  (cost=0.43..8.46 rows=0 width=0)
	  ->  Index Scan using sbtest2_pkey on sbtest2  (cost=0.43..8.46 rows=1 width=10)
	        Index Cond: (id = 6471986)

table 3 : explain UPDATE sbtest3 SET k=k+1 WHERE id=5621823
	Update on sbtest3  (cost=0.43..8.46 rows=0 width=0)
	  ->  Index Scan using sbtest3_pkey on sbtest3  (cost=0.43..8.46 rows=1 width=10)
	        Index Cond: (id = 5621823)

table 4 : explain UPDATE sbtest4 SET k=k+1 WHERE id=6553968
	Update on sbtest4  (cost=0.43..8.46 rows=0 width=0)
	  ->  Index Scan using sbtest4_pkey on sbtest4  (cost=0.43..8.46 rows=1 width=10)
	        Index Cond: (id = 6553968)

table 5 : explain UPDATE sbtest5 SET k=k+1 WHERE id=4242480
	Update on sbtest5  (cost=0.43..8.46 rows=0 width=0)
	  ->  Index Scan using sbtest5_pkey on sbtest5  (cost=0.43..8.46 rows=1 width=10)
	        Index Cond: (id = 4242480)

table 6 : explain UPDATE sbtest6 SET k=k+1 WHERE id=318358
	Update on sbtest6  (cost=0.43..8.46 rows=0 width=0)
	  ->  Index Scan using sbtest6_pkey on sbtest6  (cost=0.43..8.46 rows=1 width=10)
	        Index Cond: (id = 318358)

table 7 : explain UPDATE sbtest7 SET k=k+1 WHERE id=7789130
	Update on sbtest7  (cost=0.43..8.46 rows=0 width=0)
	  ->  Index Scan using sbtest7_pkey on sbtest7  (cost=0.43..8.46 rows=1 width=10)
	        Index Cond: (id = 7789130)

table 8 : explain UPDATE sbtest8 SET k=k+1 WHERE id=8018216
	Update on sbtest8  (cost=0.43..8.46 rows=0 width=0)
	  ->  Index Scan using sbtest8_pkey on sbtest8  (cost=0.43..8.46 rows=1 width=10)
	        Index Cond: (id = 8018216)

for index_updates
table 1 : explain UPDATE sbtest1 SET k=k+1 WHERE id=7334026
	Update on sbtest1  (cost=0.43..8.46 rows=0 width=0)
	  ->  Index Scan using sbtest1_pkey on sbtest1  (cost=0.43..8.46 rows=1 width=10)
	        Index Cond: (id = 7334026)

table 2 : explain UPDATE sbtest2 SET k=k+1 WHERE id=9502460
	Update on sbtest2  (cost=0.43..8.46 rows=0 width=0)
	  ->  Index Scan using sbtest2_pkey on sbtest2  (cost=0.43..8.46 rows=1 width=10)
	        Index Cond: (id = 9502460)

table 3 : explain UPDATE sbtest3 SET k=k+1 WHERE id=5696867
	Update on sbtest3  (cost=0.43..8.46 rows=0 width=0)
	  ->  Index Scan using sbtest3_pkey on sbtest3  (cost=0.43..8.46 rows=1 width=10)
	        Index Cond: (id = 5696867)

table 4 : explain UPDATE sbtest4 SET k=k+1 WHERE id=2230844
	Update on sbtest4  (cost=0.43..8.46 rows=0 width=0)
	  ->  Index Scan using sbtest4_pkey on sbtest4  (cost=0.43..8.46 rows=1 width=10)
	        Index Cond: (id = 2230844)

table 5 : explain UPDATE sbtest5 SET k=k+1 WHERE id=5978992
	Update on sbtest5  (cost=0.43..8.46 rows=0 width=0)
	  ->  Index Scan using sbtest5_pkey on sbtest5  (cost=0.43..8.46 rows=1 width=10)
	        Index Cond: (id = 5978992)

table 6 : explain UPDATE sbtest6 SET k=k+1 WHERE id=8557842
	Update on sbtest6  (cost=0.43..8.46 rows=0 width=0)
	  ->  Index Scan using sbtest6_pkey on sbtest6  (cost=0.43..8.46 rows=1 width=10)
	        Index Cond: (id = 8557842)

table 7 : explain UPDATE sbtest7 SET k=k+1 WHERE id=4727962
	Update on sbtest7  (cost=0.43..8.46 rows=0 width=0)
	  ->  Index Scan using sbtest7_pkey on sbtest7  (cost=0.43..8.46 rows=1 width=10)
	        Index Cond: (id = 4727962)

table 8 : explain UPDATE sbtest8 SET k=k+1 WHERE id=5265797
	Update on sbtest8  (cost=0.43..8.46 rows=0 width=0)
	  ->  Index Scan using sbtest8_pkey on sbtest8  (cost=0.43..8.46 rows=1 width=10)
	        Index Cond: (id = 5265797)

explain: for inserts :: explain INSERT INTO sbtest%u (id, k, c, pad) VALUES (%u, 13, 'foobar', 'foobar')
for inserts
table 1 : explain INSERT INTO sbtest1 (id, k, c, pad) VALUES (3649547, 13, 'foobar', 'foobar')
	Insert on sbtest1  (cost=0.00..0.01 rows=0 width=0)
	  ->  Result  (cost=0.00..0.01 rows=1 width=736)

table 2 : explain INSERT INTO sbtest2 (id, k, c, pad) VALUES (741622, 13, 'foobar', 'foobar')
	Insert on sbtest2  (cost=0.00..0.01 rows=0 width=0)
	  ->  Result  (cost=0.00..0.01 rows=1 width=736)

table 3 : explain INSERT INTO sbtest3 (id, k, c, pad) VALUES (5433640, 13, 'foobar', 'foobar')
	Insert on sbtest3  (cost=0.00..0.01 rows=0 width=0)
	  ->  Result  (cost=0.00..0.01 rows=1 width=736)

table 4 : explain INSERT INTO sbtest4 (id, k, c, pad) VALUES (8300978, 13, 'foobar', 'foobar')
	Insert on sbtest4  (cost=0.00..0.01 rows=0 width=0)
	  ->  Result  (cost=0.00..0.01 rows=1 width=736)

table 5 : explain INSERT INTO sbtest5 (id, k, c, pad) VALUES (3874490, 13, 'foobar', 'foobar')
	Insert on sbtest5  (cost=0.00..0.01 rows=0 width=0)
	  ->  Result  (cost=0.00..0.01 rows=1 width=736)

table 6 : explain INSERT INTO sbtest6 (id, k, c, pad) VALUES (911467, 13, 'foobar', 'foobar')
	Insert on sbtest6  (cost=0.00..0.01 rows=0 width=0)
	  ->  Result  (cost=0.00..0.01 rows=1 width=736)

table 7 : explain INSERT INTO sbtest7 (id, k, c, pad) VALUES (6821888, 13, 'foobar', 'foobar')
	Insert on sbtest7  (cost=0.00..0.01 rows=0 width=0)
	  ->  Result  (cost=0.00..0.01 rows=1 width=736)

table 8 : explain INSERT INTO sbtest8 (id, k, c, pad) VALUES (4512861, 13, 'foobar', 'foobar')
	Insert on sbtest8  (cost=0.00..0.01 rows=0 width=0)
	  ->  Result  (cost=0.00..0.01 rows=1 width=736)

for: order_ranges
table 1 : explain SELECT c FROM sbtest1 WHERE id BETWEEN 7397615 AND 7397624 ORDER BY c
	Sort  (cost=41.13..41.15 rows=10 width=121)
	  Sort Key: c
	  ->  Index Scan using sbtest1_pkey on sbtest1  (cost=0.43..40.96 rows=10 width=121)
	        Index Cond: ((id >= 7397615) AND (id <= 7397624))

table 2 : explain SELECT c FROM sbtest2 WHERE id BETWEEN 7479797 AND 7479806 ORDER BY c
	Sort  (cost=41.09..41.12 rows=10 width=121)
	  Sort Key: c
	  ->  Index Scan using sbtest2_pkey on sbtest2  (cost=0.43..40.93 rows=10 width=121)
	        Index Cond: ((id >= 7479797) AND (id <= 7479806))

table 3 : explain SELECT c FROM sbtest3 WHERE id BETWEEN 7807925 AND 7807934 ORDER BY c
	Sort  (cost=41.39..41.42 rows=10 width=121)
	  Sort Key: c
	  ->  Index Scan using sbtest3_pkey on sbtest3  (cost=0.43..41.23 rows=10 width=121)
	        Index Cond: ((id >= 7807925) AND (id <= 7807934))

table 4 : explain SELECT c FROM sbtest4 WHERE id BETWEEN 8775664 AND 8775673 ORDER BY c
	Sort  (cost=41.22..41.24 rows=10 width=121)
	  Sort Key: c
	  ->  Index Scan using sbtest4_pkey on sbtest4  (cost=0.43..41.05 rows=10 width=121)
	        Index Cond: ((id >= 8775664) AND (id <= 8775673))

table 5 : explain SELECT c FROM sbtest5 WHERE id BETWEEN 4155893 AND 4155902 ORDER BY c
	Sort  (cost=40.56..40.58 rows=10 width=121)
	  Sort Key: c
	  ->  Index Scan using sbtest5_pkey on sbtest5  (cost=0.43..40.39 rows=10 width=121)
	        Index Cond: ((id >= 4155893) AND (id <= 4155902))

table 6 : explain SELECT c FROM sbtest6 WHERE id BETWEEN 9189800 AND 9189809 ORDER BY c
	Sort  (cost=40.26..40.28 rows=10 width=121)
	  Sort Key: c
	  ->  Index Scan using sbtest6_pkey on sbtest6  (cost=0.43..40.09 rows=10 width=121)
	        Index Cond: ((id >= 9189800) AND (id <= 9189809))

table 7 : explain SELECT c FROM sbtest7 WHERE id BETWEEN 9084113 AND 9084122 ORDER BY c
	Sort  (cost=39.89..39.91 rows=10 width=121)
	  Sort Key: c
	  ->  Index Scan using sbtest7_pkey on sbtest7  (cost=0.43..39.72 rows=10 width=121)
	        Index Cond: ((id >= 9084113) AND (id <= 9084122))

table 8 : explain SELECT c FROM sbtest8 WHERE id BETWEEN 9297189 AND 9297198 ORDER BY c
	Sort  (cost=40.14..40.17 rows=10 width=121)
	  Sort Key: c
	  ->  Index Scan using sbtest8_pkey on sbtest8  (cost=0.43..39.98 rows=10 width=121)
	        Index Cond: ((id >= 9297189) AND (id <= 9297198))

explain: for deletes :: explain DELETE FROM sbtest%u WHERE id=%u
explain: for non_index_updates :: explain UPDATE sbtest%u SET c='foobar' WHERE id=%u
for inserts
table 1 : explain INSERT INTO sbtest1 (id, k, c, pad) VALUES (7114659, 13, 'foobar', 'foobar')
	Insert on sbtest1  (cost=0.00..0.01 rows=0 width=0)
	  ->  Result  (cost=0.00..0.01 rows=1 width=736)

table 2 : explain INSERT INTO sbtest2 (id, k, c, pad) VALUES (7728212, 13, 'foobar', 'foobar')
	Insert on sbtest2  (cost=0.00..0.01 rows=0 width=0)
	  ->  Result  (cost=0.00..0.01 rows=1 width=736)

table 3 : explain INSERT INTO sbtest3 (id, k, c, pad) VALUES (3339535, 13, 'foobar', 'foobar')
	Insert on sbtest3  (cost=0.00..0.01 rows=0 width=0)
	  ->  Result  (cost=0.00..0.01 rows=1 width=736)

table 4 : explain INSERT INTO sbtest4 (id, k, c, pad) VALUES (9184525, 13, 'foobar', 'foobar')
	Insert on sbtest4  (cost=0.00..0.01 rows=0 width=0)
	  ->  Result  (cost=0.00..0.01 rows=1 width=736)

table 5 : explain INSERT INTO sbtest5 (id, k, c, pad) VALUES (8500856, 13, 'foobar', 'foobar')
	Insert on sbtest5  (cost=0.00..0.01 rows=0 width=0)
	  ->  Result  (cost=0.00..0.01 rows=1 width=736)

table 6 : explain INSERT INTO sbtest6 (id, k, c, pad) VALUES (8344810, 13, 'foobar', 'foobar')
	Insert on sbtest6  (cost=0.00..0.01 rows=0 width=0)
	  ->  Result  (cost=0.00..0.01 rows=1 width=736)

table 7 : explain INSERT INTO sbtest7 (id, k, c, pad) VALUES (1574327, 13, 'foobar', 'foobar')
	Insert on sbtest7  (cost=0.00..0.01 rows=0 width=0)
	  ->  Result  (cost=0.00..0.01 rows=1 width=736)

table 8 : explain INSERT INTO sbtest8 (id, k, c, pad) VALUES (4865947, 13, 'foobar', 'foobar')
	Insert on sbtest8  (cost=0.00..0.01 rows=0 width=0)
	  ->  Result  (cost=0.00..0.01 rows=1 width=736)

for non_index_updates
table 1 : explain UPDATE sbtest1 SET c='foobar' WHERE id=2765163
	Update on sbtest1  (cost=0.43..8.45 rows=0 width=0)
	  ->  Index Scan using sbtest1_pkey on sbtest1  (cost=0.43..8.45 rows=1 width=490)
	        Index Cond: (id = 2765163)

table 2 : explain UPDATE sbtest2 SET c='foobar' WHERE id=64462
	Update on sbtest2  (cost=0.43..8.45 rows=0 width=0)
	  ->  Index Scan using sbtest2_pkey on sbtest2  (cost=0.43..8.45 rows=1 width=490)
	        Index Cond: (id = 64462)

table 3 : explain UPDATE sbtest3 SET c='foobar' WHERE id=9937312
	Update on sbtest3  (cost=0.43..8.45 rows=0 width=0)
	  ->  Index Scan using sbtest3_pkey on sbtest3  (cost=0.43..8.45 rows=1 width=490)
	        Index Cond: (id = 9937312)

table 4 : explain UPDATE sbtest4 SET c='foobar' WHERE id=894053
	Update on sbtest4  (cost=0.43..8.45 rows=0 width=0)
	  ->  Index Scan using sbtest4_pkey on sbtest4  (cost=0.43..8.45 rows=1 width=490)
	        Index Cond: (id = 894053)

table 5 : explain UPDATE sbtest5 SET c='foobar' WHERE id=3538461
	Update on sbtest5  (cost=0.43..8.45 rows=0 width=0)
	  ->  Index Scan using sbtest5_pkey on sbtest5  (cost=0.43..8.45 rows=1 width=490)
	        Index Cond: (id = 3538461)

table 6 : explain UPDATE sbtest6 SET c='foobar' WHERE id=6439901
	Update on sbtest6  (cost=0.43..8.45 rows=0 width=0)
	  ->  Index Scan using sbtest6_pkey on sbtest6  (cost=0.43..8.45 rows=1 width=490)
	        Index Cond: (id = 6439901)

table 7 : explain UPDATE sbtest7 SET c='foobar' WHERE id=3922962
	Update on sbtest7  (cost=0.43..8.45 rows=0 width=0)
	  ->  Index Scan using sbtest7_pkey on sbtest7  (cost=0.43..8.45 rows=1 width=490)
	        Index Cond: (id = 3922962)

table 8 : explain UPDATE sbtest8 SET c='foobar' WHERE id=191575
	Update on sbtest8  (cost=0.43..8.45 rows=0 width=0)
	  ->  Index Scan using sbtest8_pkey on sbtest8  (cost=0.43..8.45 rows=1 width=490)
	        Index Cond: (id = 191575)

for: order_ranges
table 1 : explain SELECT c FROM sbtest1 WHERE id BETWEEN 6832571 AND 6832580 ORDER BY c
	Sort  (cost=41.13..41.15 rows=10 width=121)
	  Sort Key: c
	  ->  Index Scan using sbtest1_pkey on sbtest1  (cost=0.43..40.96 rows=10 width=121)
	        Index Cond: ((id >= 6832571) AND (id <= 6832580))

table 2 : explain SELECT c FROM sbtest2 WHERE id BETWEEN 1341739 AND 1341748 ORDER BY c
	Sort  (cost=44.73..44.75 rows=11 width=121)
	  Sort Key: c
	  ->  Index Scan using sbtest2_pkey on sbtest2  (cost=0.43..44.54 rows=11 width=121)
	        Index Cond: ((id >= 1341739) AND (id <= 1341748))

table 3 : explain SELECT c FROM sbtest3 WHERE id BETWEEN 8601509 AND 8601518 ORDER BY c
	Sort  (cost=45.06..45.08 rows=11 width=121)
	  Sort Key: c
	  ->  Index Scan using sbtest3_pkey on sbtest3  (cost=0.43..44.87 rows=11 width=121)
	        Index Cond: ((id >= 8601509) AND (id <= 8601518))

table 4 : explain SELECT c FROM sbtest4 WHERE id BETWEEN 3177887 AND 3177896 ORDER BY c
	Sort  (cost=41.22..41.24 rows=10 width=121)
	  Sort Key: c
	  ->  Index Scan using sbtest4_pkey on sbtest4  (cost=0.43..41.05 rows=10 width=121)
	        Index Cond: ((id >= 3177887) AND (id <= 3177896))

table 5 : explain SELECT c FROM sbtest5 WHERE id BETWEEN 7922403 AND 7922412 ORDER BY c
	Sort  (cost=40.56..40.58 rows=10 width=121)
	  Sort Key: c
	  ->  Index Scan using sbtest5_pkey on sbtest5  (cost=0.43..40.39 rows=10 width=121)
	        Index Cond: ((id >= 7922403) AND (id <= 7922412))

table 6 : explain SELECT c FROM sbtest6 WHERE id BETWEEN 6270652 AND 6270661 ORDER BY c
	Sort  (cost=43.80..43.82 rows=11 width=121)
	  Sort Key: c
	  ->  Index Scan using sbtest6_pkey on sbtest6  (cost=0.43..43.61 rows=11 width=121)
	        Index Cond: ((id >= 6270652) AND (id <= 6270661))

table 7 : explain SELECT c FROM sbtest7 WHERE id BETWEEN 5440615 AND 5440624 ORDER BY c
	Sort  (cost=39.89..39.91 rows=10 width=121)
	  Sort Key: c
	  ->  Index Scan using sbtest7_pkey on sbtest7  (cost=0.43..39.72 rows=10 width=121)
	        Index Cond: ((id >= 5440615) AND (id <= 5440624))

table 8 : explain SELECT c FROM sbtest8 WHERE id BETWEEN 6870774 AND 6870783 ORDER BY c
	Sort  (cost=40.14..40.17 rows=10 width=121)
	  Sort Key: c
	  ->  Index Scan using sbtest8_pkey on sbtest8  (cost=0.43..39.98 rows=10 width=121)
	        Index Cond: ((id >= 6870774) AND (id <= 6870783))

explain: for deletes :: explain DELETE FROM sbtest%u WHERE id=%u
explain: for non_index_updates :: explain UPDATE sbtest%u SET c='foobar' WHERE id=%u
explain: for non_index_updates :: explain UPDATE sbtest%u SET c='foobar' WHERE id=%u
for deletes
table 1 : explain DELETE FROM sbtest1 WHERE id=4335933
	Delete on sbtest1  (cost=0.43..8.45 rows=0 width=0)
	  ->  Index Scan using sbtest1_pkey on sbtest1  (cost=0.43..8.45 rows=1 width=6)
	        Index Cond: (id = 4335933)

table 2 : explain DELETE FROM sbtest2 WHERE id=6452767
	Delete on sbtest2  (cost=0.43..8.45 rows=0 width=0)
	  ->  Index Scan using sbtest2_pkey on sbtest2  (cost=0.43..8.45 rows=1 width=6)
	        Index Cond: (id = 6452767)

table 3 : explain DELETE FROM sbtest3 WHERE id=7915972
	Delete on sbtest3  (cost=0.43..8.45 rows=0 width=0)
	  ->  Index Scan using sbtest3_pkey on sbtest3  (cost=0.43..8.45 rows=1 width=6)
	        Index Cond: (id = 7915972)

table 4 : explain DELETE FROM sbtest4 WHERE id=9061875
	Delete on sbtest4  (cost=0.43..8.45 rows=0 width=0)
	  ->  Index Scan using sbtest4_pkey on sbtest4  (cost=0.43..8.45 rows=1 width=6)
	        Index Cond: (id = 9061875)

table 5 : explain DELETE FROM sbtest5 WHERE id=7114894
	Delete on sbtest5  (cost=0.43..8.45 rows=0 width=0)
	  ->  Index Scan using sbtest5_pkey on sbtest5  (cost=0.43..8.45 rows=1 width=6)
	        Index Cond: (id = 7114894)

table 6 : explain DELETE FROM sbtest6 WHERE id=8221119
	Delete on sbtest6  (cost=0.43..8.45 rows=0 width=0)
	  ->  Index Scan using sbtest6_pkey on sbtest6  (cost=0.43..8.45 rows=1 width=6)
	        Index Cond: (id = 8221119)

table 7 : explain DELETE FROM sbtest7 WHERE id=891392
	Delete on sbtest7  (cost=0.43..8.45 rows=0 width=0)
	  ->  Index Scan using sbtest7_pkey on sbtest7  (cost=0.43..8.45 rows=1 width=6)
	        Index Cond: (id = 891392)

table 8 : explain DELETE FROM sbtest8 WHERE id=2032367
	Delete on sbtest8  (cost=0.43..8.45 rows=0 width=0)
	  ->  Index Scan using sbtest8_pkey on sbtest8  (cost=0.43..8.45 rows=1 width=6)
	        Index Cond: (id = 2032367)

for non_index_updates
table 1 : explain UPDATE sbtest1 SET c='foobar' WHERE id=8618138
	Update on sbtest1  (cost=0.43..8.45 rows=0 width=0)
	  ->  Index Scan using sbtest1_pkey on sbtest1  (cost=0.43..8.45 rows=1 width=490)
	        Index Cond: (id = 8618138)

table 2 : explain UPDATE sbtest2 SET c='foobar' WHERE id=1147686
	Update on sbtest2  (cost=0.43..8.45 rows=0 width=0)
	  ->  Index Scan using sbtest2_pkey on sbtest2  (cost=0.43..8.45 rows=1 width=490)
	        Index Cond: (id = 1147686)

table 3 : explain UPDATE sbtest3 SET c='foobar' WHERE id=9927885
	Update on sbtest3  (cost=0.43..8.45 rows=0 width=0)
	  ->  Index Scan using sbtest3_pkey on sbtest3  (cost=0.43..8.45 rows=1 width=490)
	        Index Cond: (id = 9927885)

table 4 : explain UPDATE sbtest4 SET c='foobar' WHERE id=306577
	Update on sbtest4  (cost=0.43..8.45 rows=0 width=0)
	  ->  Index Scan using sbtest4_pkey on sbtest4  (cost=0.43..8.45 rows=1 width=490)
	        Index Cond: (id = 306577)

table 5 : explain UPDATE sbtest5 SET c='foobar' WHERE id=4070141
	Update on sbtest5  (cost=0.43..8.45 rows=0 width=0)
	  ->  Index Scan using sbtest5_pkey on sbtest5  (cost=0.43..8.45 rows=1 width=490)
	        Index Cond: (id = 4070141)

table 6 : explain UPDATE sbtest6 SET c='foobar' WHERE id=7329278
	Update on sbtest6  (cost=0.43..8.45 rows=0 width=0)
	  ->  Index Scan using sbtest6_pkey on sbtest6  (cost=0.43..8.45 rows=1 width=490)
	        Index Cond: (id = 7329278)

table 7 : explain UPDATE sbtest7 SET c='foobar' WHERE id=3400101
	Update on sbtest7  (cost=0.43..8.45 rows=0 width=0)
	  ->  Index Scan using sbtest7_pkey on sbtest7  (cost=0.43..8.45 rows=1 width=490)
	        Index Cond: (id = 3400101)

table 8 : explain UPDATE sbtest8 SET c='foobar' WHERE id=1726895
	Update on sbtest8  (cost=0.43..8.45 rows=0 width=0)
	  ->  Index Scan using sbtest8_pkey on sbtest8  (cost=0.43..8.45 rows=1 width=490)
	        Index Cond: (id = 1726895)

explain: for deletes :: explain DELETE FROM sbtest%u WHERE id=%u
for: distinct_ranges
table 1 : explain SELECT DISTINCT c FROM sbtest1 WHERE id BETWEEN 5582627 AND 5582636 ORDER BY c
	Unique  (cost=41.13..41.18 rows=10 width=121)
	  ->  Sort  (cost=41.13..41.15 rows=10 width=121)
	        Sort Key: c
	        ->  Index Scan using sbtest1_pkey on sbtest1  (cost=0.43..40.96 rows=10 width=121)
	              Index Cond: ((id >= 5582627) AND (id <= 5582636))

table 2 : explain SELECT DISTINCT c FROM sbtest2 WHERE id BETWEEN 8042113 AND 8042122 ORDER BY c
	Unique  (cost=41.09..41.14 rows=10 width=121)
	  ->  Sort  (cost=41.09..41.12 rows=10 width=121)
	        Sort Key: c
	        ->  Index Scan using sbtest2_pkey on sbtest2  (cost=0.43..40.93 rows=10 width=121)
	              Index Cond: ((id >= 8042113) AND (id <= 8042122))

table 3 : explain SELECT DISTINCT c FROM sbtest3 WHERE id BETWEEN 4181004 AND 4181013 ORDER BY c
	Unique  (cost=45.06..45.11 rows=11 width=121)
	  ->  Sort  (cost=45.06..45.08 rows=11 width=121)
	        Sort Key: c
	        ->  Index Scan using sbtest3_pkey on sbtest3  (cost=0.43..44.87 rows=11 width=121)
	              Index Cond: ((id >= 4181004) AND (id <= 4181013))

table 4 : explain SELECT DISTINCT c FROM sbtest4 WHERE id BETWEEN 471560 AND 471569 ORDER BY c
	Unique  (cost=41.22..41.27 rows=10 width=121)
	  ->  Sort  (cost=41.22..41.24 rows=10 width=121)
	        Sort Key: c
	        ->  Index Scan using sbtest4_pkey on sbtest4  (cost=0.43..41.05 rows=10 width=121)
	              Index Cond: ((id >= 471560) AND (id <= 471569))

table 5 : explain SELECT DISTINCT c FROM sbtest5 WHERE id BETWEEN 4327135 AND 4327144 ORDER BY c
	Unique  (cost=40.56..40.61 rows=10 width=121)
	  ->  Sort  (cost=40.56..40.58 rows=10 width=121)
	        Sort Key: c
	        ->  Index Scan using sbtest5_pkey on sbtest5  (cost=0.43..40.39 rows=10 width=121)
	              Index Cond: ((id >= 4327135) AND (id <= 4327144))

table 6 : explain SELECT DISTINCT c FROM sbtest6 WHERE id BETWEEN 502605 AND 502614 ORDER BY c
	Unique  (cost=40.26..40.31 rows=10 width=121)
	  ->  Sort  (cost=40.26..40.28 rows=10 width=121)
	        Sort Key: c
	        ->  Index Scan using sbtest6_pkey on sbtest6  (cost=0.43..40.09 rows=10 width=121)
	              Index Cond: ((id >= 502605) AND (id <= 502614))

table 7 : explain SELECT DISTINCT c FROM sbtest7 WHERE id BETWEEN 2162442 AND 2162451 ORDER BY c
	Unique  (cost=39.89..39.94 rows=10 width=121)
	  ->  Sort  (cost=39.89..39.91 rows=10 width=121)
	        Sort Key: c
	        ->  Index Scan using sbtest7_pkey on sbtest7  (cost=0.43..39.72 rows=10 width=121)
	              Index Cond: ((id >= 2162442) AND (id <= 2162451))

table 8 : explain SELECT DISTINCT c FROM sbtest8 WHERE id BETWEEN 9558114 AND 9558123 ORDER BY c
	Unique  (cost=40.14..40.19 rows=10 width=121)
	  ->  Sort  (cost=40.14..40.17 rows=10 width=121)
	        Sort Key: c
	        ->  Index Scan using sbtest8_pkey on sbtest8  (cost=0.43..39.98 rows=10 width=121)
	              Index Cond: ((id >= 9558114) AND (id <= 9558123))

for deletes
table 1 : explain DELETE FROM sbtest1 WHERE id=6321818
	Delete on sbtest1  (cost=0.43..8.45 rows=0 width=0)
	  ->  Index Scan using sbtest1_pkey on sbtest1  (cost=0.43..8.45 rows=1 width=6)
	        Index Cond: (id = 6321818)

table 2 : explain DELETE FROM sbtest2 WHERE id=72026
	Delete on sbtest2  (cost=0.43..8.45 rows=0 width=0)
	  ->  Index Scan using sbtest2_pkey on sbtest2  (cost=0.43..8.45 rows=1 width=6)
	        Index Cond: (id = 72026)

table 3 : explain DELETE FROM sbtest3 WHERE id=6912039
	Delete on sbtest3  (cost=0.43..8.45 rows=0 width=0)
	  ->  Index Scan using sbtest3_pkey on sbtest3  (cost=0.43..8.45 rows=1 width=6)
	        Index Cond: (id = 6912039)

table 4 : explain DELETE FROM sbtest4 WHERE id=6763283
	Delete on sbtest4  (cost=0.43..8.45 rows=0 width=0)
	  ->  Index Scan using sbtest4_pkey on sbtest4  (cost=0.43..8.45 rows=1 width=6)
	        Index Cond: (id = 6763283)

table 5 : explain DELETE FROM sbtest5 WHERE id=6366364
	Delete on sbtest5  (cost=0.43..8.45 rows=0 width=0)
	  ->  Index Scan using sbtest5_pkey on sbtest5  (cost=0.43..8.45 rows=1 width=6)
	        Index Cond: (id = 6366364)

table 6 : explain DELETE FROM sbtest6 WHERE id=8375735
	Delete on sbtest6  (cost=0.43..8.45 rows=0 width=0)
	  ->  Index Scan using sbtest6_pkey on sbtest6  (cost=0.43..8.45 rows=1 width=6)
	        Index Cond: (id = 8375735)

table 7 : explain DELETE FROM sbtest7 WHERE id=3161128
	Delete on sbtest7  (cost=0.43..8.45 rows=0 width=0)
	  ->  Index Scan using sbtest7_pkey on sbtest7  (cost=0.43..8.45 rows=1 width=6)
	        Index Cond: (id = 3161128)

table 8 : explain DELETE FROM sbtest8 WHERE id=4357519
	Delete on sbtest8  (cost=0.43..8.45 rows=0 width=0)
	  ->  Index Scan using sbtest8_pkey on sbtest8  (cost=0.43..8.45 rows=1 width=6)
	        Index Cond: (id = 4357519)

explain: for index_updates :: explain UPDATE sbtest%u SET k=k+1 WHERE id=%u
explain: for inserts :: explain INSERT INTO sbtest%u (id, k, c, pad) VALUES (%u, 13, 'foobar', 'foobar')
for non_index_updates
table 1 : explain UPDATE sbtest1 SET c='foobar' WHERE id=1888292
	Update on sbtest1  (cost=0.43..8.45 rows=0 width=0)
	  ->  Index Scan using sbtest1_pkey on sbtest1  (cost=0.43..8.45 rows=1 width=490)
	        Index Cond: (id = 1888292)

table 2 : explain UPDATE sbtest2 SET c='foobar' WHERE id=5318514
	Update on sbtest2  (cost=0.43..8.45 rows=0 width=0)
	  ->  Index Scan using sbtest2_pkey on sbtest2  (cost=0.43..8.45 rows=1 width=490)
	        Index Cond: (id = 5318514)

table 3 : explain UPDATE sbtest3 SET c='foobar' WHERE id=3410517
	Update on sbtest3  (cost=0.43..8.45 rows=0 width=0)
	  ->  Index Scan using sbtest3_pkey on sbtest3  (cost=0.43..8.45 rows=1 width=490)
	        Index Cond: (id = 3410517)

table 4 : explain UPDATE sbtest4 SET c='foobar' WHERE id=1907910
	Update on sbtest4  (cost=0.43..8.45 rows=0 width=0)
	  ->  Index Scan using sbtest4_pkey on sbtest4  (cost=0.43..8.45 rows=1 width=490)
	        Index Cond: (id = 1907910)

table 5 : explain UPDATE sbtest5 SET c='foobar' WHERE id=4476818
	Update on sbtest5  (cost=0.43..8.45 rows=0 width=0)
	  ->  Index Scan using sbtest5_pkey on sbtest5  (cost=0.43..8.45 rows=1 width=490)
	        Index Cond: (id = 4476818)

table 6 : explain UPDATE sbtest6 SET c='foobar' WHERE id=9873643
	Update on sbtest6  (cost=0.43..8.45 rows=0 width=0)
	  ->  Index Scan using sbtest6_pkey on sbtest6  (cost=0.43..8.45 rows=1 width=490)
	        Index Cond: (id = 9873643)

table 7 : explain UPDATE sbtest7 SET c='foobar' WHERE id=9607438
	Update on sbtest7  (cost=0.43..8.45 rows=0 width=0)
	  ->  Index Scan using sbtest7_pkey on sbtest7  (cost=0.43..8.45 rows=1 width=490)
	        Index Cond: (id = 9607438)

table 8 : explain UPDATE sbtest8 SET c='foobar' WHERE id=7846967
	Update on sbtest8  (cost=0.43..8.45 rows=0 width=0)
	  ->  Index Scan using sbtest8_pkey on sbtest8  (cost=0.43..8.45 rows=1 width=490)
	        Index Cond: (id = 7846967)

for deletes
table 1 : explain DELETE FROM sbtest1 WHERE id=8575647
	Delete on sbtest1  (cost=0.43..8.45 rows=0 width=0)
	  ->  Index Scan using sbtest1_pkey on sbtest1  (cost=0.43..8.45 rows=1 width=6)
	        Index Cond: (id = 8575647)

table 2 : explain DELETE FROM sbtest2 WHERE id=7619684
	Delete on sbtest2  (cost=0.43..8.45 rows=0 width=0)
	  ->  Index Scan using sbtest2_pkey on sbtest2  (cost=0.43..8.45 rows=1 width=6)
	        Index Cond: (id = 7619684)

table 3 : explain DELETE FROM sbtest3 WHERE id=6946599
	Delete on sbtest3  (cost=0.43..8.45 rows=0 width=0)
	  ->  Index Scan using sbtest3_pkey on sbtest3  (cost=0.43..8.45 rows=1 width=6)
	        Index Cond: (id = 6946599)

table 4 : explain DELETE FROM sbtest4 WHERE id=2279659
	Delete on sbtest4  (cost=0.43..8.45 rows=0 width=0)
	  ->  Index Scan using sbtest4_pkey on sbtest4  (cost=0.43..8.45 rows=1 width=6)
	        Index Cond: (id = 2279659)

table 5 : explain DELETE FROM sbtest5 WHERE id=7680709
	Delete on sbtest5  (cost=0.43..8.45 rows=0 width=0)
	  ->  Index Scan using sbtest5_pkey on sbtest5  (cost=0.43..8.45 rows=1 width=6)
	        Index Cond: (id = 7680709)

table 6 : explain DELETE FROM sbtest6 WHERE id=8023269
	Delete on sbtest6  (cost=0.43..8.45 rows=0 width=0)
	  ->  Index Scan using sbtest6_pkey on sbtest6  (cost=0.43..8.45 rows=1 width=6)
	        Index Cond: (id = 8023269)

table 7 : explain DELETE FROM sbtest7 WHERE id=3393833
	Delete on sbtest7  (cost=0.43..8.45 rows=0 width=0)
	  ->  Index Scan using sbtest7_pkey on sbtest7  (cost=0.43..8.45 rows=1 width=6)
	        Index Cond: (id = 3393833)

table 8 : explain DELETE FROM sbtest8 WHERE id=7449383
	Delete on sbtest8  (cost=0.43..8.45 rows=0 width=0)
	  ->  Index Scan using sbtest8_pkey on sbtest8  (cost=0.43..8.45 rows=1 width=6)
	        Index Cond: (id = 7449383)

for non_index_updates
table 1 : explain UPDATE sbtest1 SET c='foobar' WHERE id=2550588
	Update on sbtest1  (cost=0.43..8.45 rows=0 width=0)
	  ->  Index Scan using sbtest1_pkey on sbtest1  (cost=0.43..8.45 rows=1 width=490)
	        Index Cond: (id = 2550588)

table 2 : explain UPDATE sbtest2 SET c='foobar' WHERE id=9569329
	Update on sbtest2  (cost=0.43..8.45 rows=0 width=0)
	  ->  Index Scan using sbtest2_pkey on sbtest2  (cost=0.43..8.45 rows=1 width=490)
	        Index Cond: (id = 9569329)

table 3 : explain UPDATE sbtest3 SET c='foobar' WHERE id=2312961
	Update on sbtest3  (cost=0.43..8.45 rows=0 width=0)
	  ->  Index Scan using sbtest3_pkey on sbtest3  (cost=0.43..8.45 rows=1 width=490)
	        Index Cond: (id = 2312961)

table 4 : explain UPDATE sbtest4 SET c='foobar' WHERE id=1445047
	Update on sbtest4  (cost=0.43..8.45 rows=0 width=0)
	  ->  Index Scan using sbtest4_pkey on sbtest4  (cost=0.43..8.45 rows=1 width=490)
	        Index Cond: (id = 1445047)

table 5 : explain UPDATE sbtest5 SET c='foobar' WHERE id=1553986
	Update on sbtest5  (cost=0.43..8.45 rows=0 width=0)
	  ->  Index Scan using sbtest5_pkey on sbtest5  (cost=0.43..8.45 rows=1 width=490)
	        Index Cond: (id = 1553986)

table 6 : explain UPDATE sbtest6 SET c='foobar' WHERE id=3741859
	Update on sbtest6  (cost=0.43..8.45 rows=0 width=0)
	  ->  Index Scan using sbtest6_pkey on sbtest6  (cost=0.43..8.45 rows=1 width=490)
	        Index Cond: (id = 3741859)

table 7 : explain UPDATE sbtest7 SET c='foobar' WHERE id=1332765
	Update on sbtest7  (cost=0.43..8.45 rows=0 width=0)
	  ->  Index Scan using sbtest7_pkey on sbtest7  (cost=0.43..8.45 rows=1 width=490)
	        Index Cond: (id = 1332765)

table 8 : explain UPDATE sbtest8 SET c='foobar' WHERE id=2009803
	Update on sbtest8  (cost=0.43..8.45 rows=0 width=0)
	  ->  Index Scan using sbtest8_pkey on sbtest8  (cost=0.43..8.45 rows=1 width=490)
	        Index Cond: (id = 2009803)

for index_updates
table 1 : explain UPDATE sbtest1 SET k=k+1 WHERE id=2984677
	Update on sbtest1  (cost=0.43..8.46 rows=0 width=0)
	  ->  Index Scan using sbtest1_pkey on sbtest1  (cost=0.43..8.46 rows=1 width=10)
	        Index Cond: (id = 2984677)

table 2 : explain UPDATE sbtest2 SET k=k+1 WHERE id=5930557
	Update on sbtest2  (cost=0.43..8.46 rows=0 width=0)
	  ->  Index Scan using sbtest2_pkey on sbtest2  (cost=0.43..8.46 rows=1 width=10)
	        Index Cond: (id = 5930557)

table 3 : explain UPDATE sbtest3 SET k=k+1 WHERE id=7746662
	Update on sbtest3  (cost=0.43..8.46 rows=0 width=0)
	  ->  Index Scan using sbtest3_pkey on sbtest3  (cost=0.43..8.46 rows=1 width=10)
	        Index Cond: (id = 7746662)

table 4 : explain UPDATE sbtest4 SET k=k+1 WHERE id=1379891
	Update on sbtest4  (cost=0.43..8.46 rows=0 width=0)
	  ->  Index Scan using sbtest4_pkey on sbtest4  (cost=0.43..8.46 rows=1 width=10)
	        Index Cond: (id = 1379891)

table 5 : explain UPDATE sbtest5 SET k=k+1 WHERE id=4349522
	Update on sbtest5  (cost=0.43..8.46 rows=0 width=0)
	  ->  Index Scan using sbtest5_pkey on sbtest5  (cost=0.43..8.46 rows=1 width=10)
	        Index Cond: (id = 4349522)

table 6 : explain UPDATE sbtest6 SET k=k+1 WHERE id=1516116
	Update on sbtest6  (cost=0.43..8.46 rows=0 width=0)
	  ->  Index Scan using sbtest6_pkey on sbtest6  (cost=0.43..8.46 rows=1 width=10)
	        Index Cond: (id = 1516116)

table 7 : explain UPDATE sbtest7 SET k=k+1 WHERE id=8650894
	Update on sbtest7  (cost=0.43..8.46 rows=0 width=0)
	  ->  Index Scan using sbtest7_pkey on sbtest7  (cost=0.43..8.46 rows=1 width=10)
	        Index Cond: (id = 8650894)

table 8 : explain UPDATE sbtest8 SET k=k+1 WHERE id=2662302
	Update on sbtest8  (cost=0.43..8.46 rows=0 width=0)
	  ->  Index Scan using sbtest8_pkey on sbtest8  (cost=0.43..8.46 rows=1 width=10)
	        Index Cond: (id = 2662302)

for inserts
table 1 : explain INSERT INTO sbtest1 (id, k, c, pad) VALUES (2391873, 13, 'foobar', 'foobar')
	Insert on sbtest1  (cost=0.00..0.01 rows=0 width=0)
	  ->  Result  (cost=0.00..0.01 rows=1 width=736)

table 2 : explain INSERT INTO sbtest2 (id, k, c, pad) VALUES (6042054, 13, 'foobar', 'foobar')
	Insert on sbtest2  (cost=0.00..0.01 rows=0 width=0)
	  ->  Result  (cost=0.00..0.01 rows=1 width=736)

table 3 : explain INSERT INTO sbtest3 (id, k, c, pad) VALUES (8672554, 13, 'foobar', 'foobar')
	Insert on sbtest3  (cost=0.00..0.01 rows=0 width=0)
	  ->  Result  (cost=0.00..0.01 rows=1 width=736)

table 4 : explain INSERT INTO sbtest4 (id, k, c, pad) VALUES (6258874, 13, 'foobar', 'foobar')
	Insert on sbtest4  (cost=0.00..0.01 rows=0 width=0)
	  ->  Result  (cost=0.00..0.01 rows=1 width=736)

table 5 : explain INSERT INTO sbtest5 (id, k, c, pad) VALUES (5050860, 13, 'foobar', 'foobar')
	Insert on sbtest5  (cost=0.00..0.01 rows=0 width=0)
	  ->  Result  (cost=0.00..0.01 rows=1 width=736)

table 6 : explain INSERT INTO sbtest6 (id, k, c, pad) VALUES (9770586, 13, 'foobar', 'foobar')
	Insert on sbtest6  (cost=0.00..0.01 rows=0 width=0)
	  ->  Result  (cost=0.00..0.01 rows=1 width=736)

table 7 : explain INSERT INTO sbtest7 (id, k, c, pad) VALUES (1855129, 13, 'foobar', 'foobar')
	Insert on sbtest7  (cost=0.00..0.01 rows=0 width=0)
	  ->  Result  (cost=0.00..0.01 rows=1 width=736)

table 8 : explain INSERT INTO sbtest8 (id, k, c, pad) VALUES (5969181, 13, 'foobar', 'foobar')
	Insert on sbtest8  (cost=0.00..0.01 rows=0 width=0)
	  ->  Result  (cost=0.00..0.01 rows=1 width=736)

for: distinct_ranges
table 1 : explain SELECT DISTINCT c FROM sbtest1 WHERE id BETWEEN 3694829 AND 3694838 ORDER BY c
	Unique  (cost=41.13..41.18 rows=10 width=121)
	  ->  Sort  (cost=41.13..41.15 rows=10 width=121)
	        Sort Key: c
	        ->  Index Scan using sbtest1_pkey on sbtest1  (cost=0.43..40.96 rows=10 width=121)
	              Index Cond: ((id >= 3694829) AND (id <= 3694838))

table 2 : explain SELECT DISTINCT c FROM sbtest2 WHERE id BETWEEN 1212524 AND 1212533 ORDER BY c
	Unique  (cost=41.09..41.14 rows=10 width=121)
	  ->  Sort  (cost=41.09..41.12 rows=10 width=121)
	        Sort Key: c
	        ->  Index Scan using sbtest2_pkey on sbtest2  (cost=0.43..40.93 rows=10 width=121)
	              Index Cond: ((id >= 1212524) AND (id <= 1212533))

table 3 : explain SELECT DISTINCT c FROM sbtest3 WHERE id BETWEEN 3043597 AND 3043606 ORDER BY c
	Unique  (cost=41.39..41.44 rows=10 width=121)
	  ->  Sort  (cost=41.39..41.42 rows=10 width=121)
	        Sort Key: c
	        ->  Index Scan using sbtest3_pkey on sbtest3  (cost=0.43..41.23 rows=10 width=121)
	              Index Cond: ((id >= 3043597) AND (id <= 3043606))

table 4 : explain SELECT DISTINCT c FROM sbtest4 WHERE id BETWEEN 4596357 AND 4596366 ORDER BY c
	Unique  (cost=41.22..41.27 rows=10 width=121)
	  ->  Sort  (cost=41.22..41.24 rows=10 width=121)
	        Sort Key: c
	        ->  Index Scan using sbtest4_pkey on sbtest4  (cost=0.43..41.05 rows=10 width=121)
	              Index Cond: ((id >= 4596357) AND (id <= 4596366))

table 5 : explain SELECT DISTINCT c FROM sbtest5 WHERE id BETWEEN 2972280 AND 2972289 ORDER BY c
	Unique  (cost=36.99..37.03 rows=9 width=121)
	  ->  Sort  (cost=36.99..37.01 rows=9 width=121)
	        Sort Key: c
	        ->  Index Scan using sbtest5_pkey on sbtest5  (cost=0.43..36.85 rows=9 width=121)
	              Index Cond: ((id >= 2972280) AND (id <= 2972289))

table 6 : explain SELECT DISTINCT c FROM sbtest6 WHERE id BETWEEN 40002 AND 40011 ORDER BY c
	Unique  (cost=40.26..40.31 rows=10 width=121)
	  ->  Sort  (cost=40.26..40.28 rows=10 width=121)
	        Sort Key: c
	        ->  Index Scan using sbtest6_pkey on sbtest6  (cost=0.43..40.09 rows=10 width=121)
	              Index Cond: ((id >= 40002) AND (id <= 40011))

table 7 : explain SELECT DISTINCT c FROM sbtest7 WHERE id BETWEEN 6187031 AND 6187040 ORDER BY c
	Unique  (cost=39.89..39.94 rows=10 width=121)
	  ->  Sort  (cost=39.89..39.91 rows=10 width=121)
	        Sort Key: c
	        ->  Index Scan using sbtest7_pkey on sbtest7  (cost=0.43..39.72 rows=10 width=121)
	              Index Cond: ((id >= 6187031) AND (id <= 6187040))

table 8 : explain SELECT DISTINCT c FROM sbtest8 WHERE id BETWEEN 2585330 AND 2585339 ORDER BY c
	Unique  (cost=40.14..40.19 rows=10 width=121)
	  ->  Sort  (cost=40.14..40.17 rows=10 width=121)
	        Sort Key: c
	        ->  Index Scan using sbtest8_pkey on sbtest8  (cost=0.43..39.98 rows=10 width=121)
	              Index Cond: ((id >= 2585330) AND (id <= 2585339))

explain: for inserts :: explain INSERT INTO sbtest%u (id, k, c, pad) VALUES (%u, 13, 'foobar', 'foobar')
explain: for inserts :: explain INSERT INTO sbtest%u (id, k, c, pad) VALUES (%u, 13, 'foobar', 'foobar')
explain: for non_index_updates :: explain UPDATE sbtest%u SET c='foobar' WHERE id=%u
explain: for deletes :: explain DELETE FROM sbtest%u WHERE id=%u
explain: for deletes :: explain DELETE FROM sbtest%u WHERE id=%u
for point_selects
table 1 : explain SELECT c FROM sbtest1 WHERE id=8078837
	Index Scan using sbtest1_pkey on sbtest1  (cost=0.43..8.45 rows=1 width=121)
	  Index Cond: (id = 8078837)

table 2 : explain SELECT c FROM sbtest2 WHERE id=9474717
	Index Scan using sbtest2_pkey on sbtest2  (cost=0.43..8.45 rows=1 width=121)
	  Index Cond: (id = 9474717)

table 3 : explain SELECT c FROM sbtest3 WHERE id=3990925
	Index Scan using sbtest3_pkey on sbtest3  (cost=0.43..8.45 rows=1 width=121)
	  Index Cond: (id = 3990925)

table 4 : explain SELECT c FROM sbtest4 WHERE id=6102873
	Index Scan using sbtest4_pkey on sbtest4  (cost=0.43..8.45 rows=1 width=121)
	  Index Cond: (id = 6102873)

table 5 : explain SELECT c FROM sbtest5 WHERE id=9961706
	Index Scan using sbtest5_pkey on sbtest5  (cost=0.43..8.45 rows=1 width=121)
	  Index Cond: (id = 9961706)

table 6 : explain SELECT c FROM sbtest6 WHERE id=2152813
	Index Scan using sbtest6_pkey on sbtest6  (cost=0.43..8.45 rows=1 width=121)
	  Index Cond: (id = 2152813)

table 7 : explain SELECT c FROM sbtest7 WHERE id=6930894
	Index Scan using sbtest7_pkey on sbtest7  (cost=0.43..8.45 rows=1 width=121)
	  Index Cond: (id = 6930894)

table 8 : explain SELECT c FROM sbtest8 WHERE id=5910099
	Index Scan using sbtest8_pkey on sbtest8  (cost=0.43..8.45 rows=1 width=121)
	  Index Cond: (id = 5910099)

for inserts
table 1 : explain INSERT INTO sbtest1 (id, k, c, pad) VALUES (2432460, 13, 'foobar', 'foobar')
	Insert on sbtest1  (cost=0.00..0.01 rows=0 width=0)
	  ->  Result  (cost=0.00..0.01 rows=1 width=736)

table 2 : explain INSERT INTO sbtest2 (id, k, c, pad) VALUES (404859, 13, 'foobar', 'foobar')
	Insert on sbtest2  (cost=0.00..0.01 rows=0 width=0)
	  ->  Result  (cost=0.00..0.01 rows=1 width=736)

table 3 : explain INSERT INTO sbtest3 (id, k, c, pad) VALUES (7289905, 13, 'foobar', 'foobar')
	Insert on sbtest3  (cost=0.00..0.01 rows=0 width=0)
	  ->  Result  (cost=0.00..0.01 rows=1 width=736)

table 4 : explain INSERT INTO sbtest4 (id, k, c, pad) VALUES (7919379, 13, 'foobar', 'foobar')
	Insert on sbtest4  (cost=0.00..0.01 rows=0 width=0)
	  ->  Result  (cost=0.00..0.01 rows=1 width=736)

table 5 : explain INSERT INTO sbtest5 (id, k, c, pad) VALUES (4167604, 13, 'foobar', 'foobar')
	Insert on sbtest5  (cost=0.00..0.01 rows=0 width=0)
	  ->  Result  (cost=0.00..0.01 rows=1 width=736)

table 6 : explain INSERT INTO sbtest6 (id, k, c, pad) VALUES (1207272, 13, 'foobar', 'foobar')
	Insert on sbtest6  (cost=0.00..0.01 rows=0 width=0)
	  ->  Result  (cost=0.00..0.01 rows=1 width=736)

table 7 : explain INSERT INTO sbtest7 (id, k, c, pad) VALUES (2977789, 13, 'foobar', 'foobar')
	Insert on sbtest7  (cost=0.00..0.01 rows=0 width=0)
	  ->  Result  (cost=0.00..0.01 rows=1 width=736)

table 8 : explain INSERT INTO sbtest8 (id, k, c, pad) VALUES (4245445, 13, 'foobar', 'foobar')
	Insert on sbtest8  (cost=0.00..0.01 rows=0 width=0)
	  ->  Result  (cost=0.00..0.01 rows=1 width=736)

explain: for deletes :: explain DELETE FROM sbtest%u WHERE id=%u
explain: for index_updates :: explain UPDATE sbtest%u SET k=k+1 WHERE id=%u
for deletes
table 1 : explain DELETE FROM sbtest1 WHERE id=5569535
	Delete on sbtest1  (cost=0.43..8.45 rows=0 width=0)
	  ->  Index Scan using sbtest1_pkey on sbtest1  (cost=0.43..8.45 rows=1 width=6)
	        Index Cond: (id = 5569535)

table 2 : explain DELETE FROM sbtest2 WHERE id=9592716
	Delete on sbtest2  (cost=0.43..8.45 rows=0 width=0)
	  ->  Index Scan using sbtest2_pkey on sbtest2  (cost=0.43..8.45 rows=1 width=6)
	        Index Cond: (id = 9592716)

table 3 : explain DELETE FROM sbtest3 WHERE id=3906760
	Delete on sbtest3  (cost=0.43..8.45 rows=0 width=0)
	  ->  Index Scan using sbtest3_pkey on sbtest3  (cost=0.43..8.45 rows=1 width=6)
	        Index Cond: (id = 3906760)

table 4 : explain DELETE FROM sbtest4 WHERE id=4192815
	Delete on sbtest4  (cost=0.43..8.45 rows=0 width=0)
	  ->  Index Scan using sbtest4_pkey on sbtest4  (cost=0.43..8.45 rows=1 width=6)
	        Index Cond: (id = 4192815)

table 5 : explain DELETE FROM sbtest5 WHERE id=1904148
	Delete on sbtest5  (cost=0.43..8.45 rows=0 width=0)
	  ->  Index Scan using sbtest5_pkey on sbtest5  (cost=0.43..8.45 rows=1 width=6)
	        Index Cond: (id = 1904148)

table 6 : explain DELETE FROM sbtest6 WHERE id=5719761
	Delete on sbtest6  (cost=0.43..8.45 rows=0 width=0)
	  ->  Index Scan using sbtest6_pkey on sbtest6  (cost=0.43..8.45 rows=1 width=6)
	        Index Cond: (id = 5719761)

table 7 : explain DELETE FROM sbtest7 WHERE id=2386283
	Delete on sbtest7  (cost=0.43..8.45 rows=0 width=0)
	  ->  Index Scan using sbtest7_pkey on sbtest7  (cost=0.43..8.45 rows=1 width=6)
	        Index Cond: (id = 2386283)

table 8 : explain DELETE FROM sbtest8 WHERE id=6088145
	Delete on sbtest8  (cost=0.43..8.45 rows=0 width=0)
	  ->  Index Scan using sbtest8_pkey on sbtest8  (cost=0.43..8.45 rows=1 width=6)
	        Index Cond: (id = 6088145)

for non_index_updates
table 1 : explain UPDATE sbtest1 SET c='foobar' WHERE id=7766344
	Update on sbtest1  (cost=0.43..8.45 rows=0 width=0)
	  ->  Index Scan using sbtest1_pkey on sbtest1  (cost=0.43..8.45 rows=1 width=490)
	        Index Cond: (id = 7766344)

table 2 : explain UPDATE sbtest2 SET c='foobar' WHERE id=2883192
	Update on sbtest2  (cost=0.43..8.45 rows=0 width=0)
	  ->  Index Scan using sbtest2_pkey on sbtest2  (cost=0.43..8.45 rows=1 width=490)
	        Index Cond: (id = 2883192)

table 3 : explain UPDATE sbtest3 SET c='foobar' WHERE id=2873321
	Update on sbtest3  (cost=0.43..8.45 rows=0 width=0)
	  ->  Index Scan using sbtest3_pkey on sbtest3  (cost=0.43..8.45 rows=1 width=490)
	        Index Cond: (id = 2873321)

table 4 : explain UPDATE sbtest4 SET c='foobar' WHERE id=8747464
	Update on sbtest4  (cost=0.43..8.45 rows=0 width=0)
	  ->  Index Scan using sbtest4_pkey on sbtest4  (cost=0.43..8.45 rows=1 width=490)
	        Index Cond: (id = 8747464)

table 5 : explain UPDATE sbtest5 SET c='foobar' WHERE id=3853937
	Update on sbtest5  (cost=0.43..8.45 rows=0 width=0)
	  ->  Index Scan using sbtest5_pkey on sbtest5  (cost=0.43..8.45 rows=1 width=490)
	        Index Cond: (id = 3853937)

table 6 : explain UPDATE sbtest6 SET c='foobar' WHERE id=2029382
	Update on sbtest6  (cost=0.43..8.45 rows=0 width=0)
	  ->  Index Scan using sbtest6_pkey on sbtest6  (cost=0.43..8.45 rows=1 width=490)
	        Index Cond: (id = 2029382)

table 7 : explain UPDATE sbtest7 SET c='foobar' WHERE id=452329
	Update on sbtest7  (cost=0.43..8.45 rows=0 width=0)
	  ->  Index Scan using sbtest7_pkey on sbtest7  (cost=0.43..8.45 rows=1 width=490)
	        Index Cond: (id = 452329)

table 8 : explain UPDATE sbtest8 SET c='foobar' WHERE id=2631886
	Update on sbtest8  (cost=0.43..8.45 rows=0 width=0)
	  ->  Index Scan using sbtest8_pkey on sbtest8  (cost=0.43..8.45 rows=1 width=490)
	        Index Cond: (id = 2631886)

for inserts
table 1 : explain INSERT INTO sbtest1 (id, k, c, pad) VALUES (3287458, 13, 'foobar', 'foobar')
	Insert on sbtest1  (cost=0.00..0.01 rows=0 width=0)
	  ->  Result  (cost=0.00..0.01 rows=1 width=736)

table 2 : explain INSERT INTO sbtest2 (id, k, c, pad) VALUES (1900197, 13, 'foobar', 'foobar')
	Insert on sbtest2  (cost=0.00..0.01 rows=0 width=0)
	  ->  Result  (cost=0.00..0.01 rows=1 width=736)

table 3 : explain INSERT INTO sbtest3 (id, k, c, pad) VALUES (1993254, 13, 'foobar', 'foobar')
	Insert on sbtest3  (cost=0.00..0.01 rows=0 width=0)
	  ->  Result  (cost=0.00..0.01 rows=1 width=736)

table 4 : explain INSERT INTO sbtest4 (id, k, c, pad) VALUES (6454283, 13, 'foobar', 'foobar')
	Insert on sbtest4  (cost=0.00..0.01 rows=0 width=0)
	  ->  Result  (cost=0.00..0.01 rows=1 width=736)

table 5 : explain INSERT INTO sbtest5 (id, k, c, pad) VALUES (5662465, 13, 'foobar', 'foobar')
	Insert on sbtest5  (cost=0.00..0.01 rows=0 width=0)
	  ->  Result  (cost=0.00..0.01 rows=1 width=736)

table 6 : explain INSERT INTO sbtest6 (id, k, c, pad) VALUES (4559289, 13, 'foobar', 'foobar')
	Insert on sbtest6  (cost=0.00..0.01 rows=0 width=0)
	  ->  Result  (cost=0.00..0.01 rows=1 width=736)

table 7 : explain INSERT INTO sbtest7 (id, k, c, pad) VALUES (1537647, 13, 'foobar', 'foobar')
	Insert on sbtest7  (cost=0.00..0.01 rows=0 width=0)
	  ->  Result  (cost=0.00..0.01 rows=1 width=736)

table 8 : explain INSERT INTO sbtest8 (id, k, c, pad) VALUES (1922986, 13, 'foobar', 'foobar')
	Insert on sbtest8  (cost=0.00..0.01 rows=0 width=0)
	  ->  Result  (cost=0.00..0.01 rows=1 width=736)

explain: for deletes :: explain DELETE FROM sbtest%u WHERE id=%u
explain: for inserts :: explain INSERT INTO sbtest%u (id, k, c, pad) VALUES (%u, 13, 'foobar', 'foobar')
for: simple_ranges
table 1 : explain SELECT c FROM sbtest1 WHERE id BETWEEN 3844512 AND 3844521
	Index Scan using sbtest1_pkey on sbtest1  (cost=0.43..40.96 rows=10 width=121)
	  Index Cond: ((id >= 3844512) AND (id <= 3844521))

table 2 : explain SELECT c FROM sbtest2 WHERE id BETWEEN 1081791 AND 1081800
	Index Scan using sbtest2_pkey on sbtest2  (cost=0.43..40.93 rows=10 width=121)
	  Index Cond: ((id >= 1081791) AND (id <= 1081800))

table 3 : explain SELECT c FROM sbtest3 WHERE id BETWEEN 3911836 AND 3911845
	Index Scan using sbtest3_pkey on sbtest3  (cost=0.43..41.23 rows=10 width=121)
	  Index Cond: ((id >= 3911836) AND (id <= 3911845))

table 4 : explain SELECT c FROM sbtest4 WHERE id BETWEEN 3390544 AND 3390553
	Index Scan using sbtest4_pkey on sbtest4  (cost=0.43..41.05 rows=10 width=121)
	  Index Cond: ((id >= 3390544) AND (id <= 3390553))

table 5 : explain SELECT c FROM sbtest5 WHERE id BETWEEN 6304403 AND 6304412
	Index Scan using sbtest5_pkey on sbtest5  (cost=0.43..40.39 rows=10 width=121)
	  Index Cond: ((id >= 6304403) AND (id <= 6304412))

table 6 : explain SELECT c FROM sbtest6 WHERE id BETWEEN 480131 AND 480140
	Index Scan using sbtest6_pkey on sbtest6  (cost=0.43..40.09 rows=10 width=121)
	  Index Cond: ((id >= 480131) AND (id <= 480140))

table 7 : explain SELECT c FROM sbtest7 WHERE id BETWEEN 622284 AND 622293
	Index Scan using sbtest7_pkey on sbtest7  (cost=0.43..43.19 rows=11 width=121)
	  Index Cond: ((id >= 622284) AND (id <= 622293))

table 8 : explain SELECT c FROM sbtest8 WHERE id BETWEEN 6168689 AND 6168698
	Index Scan using sbtest8_pkey on sbtest8  (cost=0.43..39.98 rows=10 width=121)
	  Index Cond: ((id >= 6168689) AND (id <= 6168698))

for deletes
table 1 : explain DELETE FROM sbtest1 WHERE id=2255849
	Delete on sbtest1  (cost=0.43..8.45 rows=0 width=0)
	  ->  Index Scan using sbtest1_pkey on sbtest1  (cost=0.43..8.45 rows=1 width=6)
	        Index Cond: (id = 2255849)

table 2 : explain DELETE FROM sbtest2 WHERE id=2241915
	Delete on sbtest2  (cost=0.43..8.45 rows=0 width=0)
	  ->  Index Scan using sbtest2_pkey on sbtest2  (cost=0.43..8.45 rows=1 width=6)
	        Index Cond: (id = 2241915)

table 3 : explain DELETE FROM sbtest3 WHERE id=4495736
	Delete on sbtest3  (cost=0.43..8.45 rows=0 width=0)
	  ->  Index Scan using sbtest3_pkey on sbtest3  (cost=0.43..8.45 rows=1 width=6)
	        Index Cond: (id = 4495736)

table 4 : explain DELETE FROM sbtest4 WHERE id=4531571
	Delete on sbtest4  (cost=0.43..8.45 rows=0 width=0)
	  ->  Index Scan using sbtest4_pkey on sbtest4  (cost=0.43..8.45 rows=1 width=6)
	        Index Cond: (id = 4531571)

table 5 : explain DELETE FROM sbtest5 WHERE id=1092030
	Delete on sbtest5  (cost=0.43..8.45 rows=0 width=0)
	  ->  Index Scan using sbtest5_pkey on sbtest5  (cost=0.43..8.45 rows=1 width=6)
	        Index Cond: (id = 1092030)

table 6 : explain DELETE FROM sbtest6 WHERE id=7485551
	Delete on sbtest6  (cost=0.43..8.45 rows=0 width=0)
	  ->  Index Scan using sbtest6_pkey on sbtest6  (cost=0.43..8.45 rows=1 width=6)
	        Index Cond: (id = 7485551)

table 7 : explain DELETE FROM sbtest7 WHERE id=6445057
	Delete on sbtest7  (cost=0.43..8.45 rows=0 width=0)
	  ->  Index Scan using sbtest7_pkey on sbtest7  (cost=0.43..8.45 rows=1 width=6)
	        Index Cond: (id = 6445057)

table 8 : explain DELETE FROM sbtest8 WHERE id=8375114
	Delete on sbtest8  (cost=0.43..8.45 rows=0 width=0)
	  ->  Index Scan using sbtest8_pkey on sbtest8  (cost=0.43..8.45 rows=1 width=6)
	        Index Cond: (id = 8375114)

for index_updates
table 1 : explain UPDATE sbtest1 SET k=k+1 WHERE id=5892346
	Update on sbtest1  (cost=0.43..8.46 rows=0 width=0)
	  ->  Index Scan using sbtest1_pkey on sbtest1  (cost=0.43..8.46 rows=1 width=10)
	        Index Cond: (id = 5892346)

table 2 : explain UPDATE sbtest2 SET k=k+1 WHERE id=9359678
	Update on sbtest2  (cost=0.43..8.46 rows=0 width=0)
	  ->  Index Scan using sbtest2_pkey on sbtest2  (cost=0.43..8.46 rows=1 width=10)
	        Index Cond: (id = 9359678)

table 3 : explain UPDATE sbtest3 SET k=k+1 WHERE id=9248323
	Update on sbtest3  (cost=0.43..8.46 rows=0 width=0)
	  ->  Index Scan using sbtest3_pkey on sbtest3  (cost=0.43..8.46 rows=1 width=10)
	        Index Cond: (id = 9248323)

table 4 : explain UPDATE sbtest4 SET k=k+1 WHERE id=583177
	Update on sbtest4  (cost=0.43..8.46 rows=0 width=0)
	  ->  Index Scan using sbtest4_pkey on sbtest4  (cost=0.43..8.46 rows=1 width=10)
	        Index Cond: (id = 583177)

table 5 : explain UPDATE sbtest5 SET k=k+1 WHERE id=8933880
	Update on sbtest5  (cost=0.43..8.46 rows=0 width=0)
	  ->  Index Scan using sbtest5_pkey on sbtest5  (cost=0.43..8.46 rows=1 width=10)
	        Index Cond: (id = 8933880)

table 6 : explain UPDATE sbtest6 SET k=k+1 WHERE id=2145949
	Update on sbtest6  (cost=0.43..8.46 rows=0 width=0)
	  ->  Index Scan using sbtest6_pkey on sbtest6  (cost=0.43..8.46 rows=1 width=10)
	        Index Cond: (id = 2145949)

table 7 : explain UPDATE sbtest7 SET k=k+1 WHERE id=2372209
	Update on sbtest7  (cost=0.43..8.46 rows=0 width=0)
	  ->  Index Scan using sbtest7_pkey on sbtest7  (cost=0.43..8.46 rows=1 width=10)
	        Index Cond: (id = 2372209)

table 8 : explain UPDATE sbtest8 SET k=k+1 WHERE id=3578443
	Update on sbtest8  (cost=0.43..8.46 rows=0 width=0)
	  ->  Index Scan using sbtest8_pkey on sbtest8  (cost=0.43..8.46 rows=1 width=10)
	        Index Cond: (id = 3578443)

for inserts
table 1 : explain INSERT INTO sbtest1 (id, k, c, pad) VALUES (1988473, 13, 'foobar', 'foobar')
	Insert on sbtest1  (cost=0.00..0.01 rows=0 width=0)
	  ->  Result  (cost=0.00..0.01 rows=1 width=736)

table 2 : explain INSERT INTO sbtest2 (id, k, c, pad) VALUES (6517561, 13, 'foobar', 'foobar')
	Insert on sbtest2  (cost=0.00..0.01 rows=0 width=0)
	  ->  Result  (cost=0.00..0.01 rows=1 width=736)

table 3 : explain INSERT INTO sbtest3 (id, k, c, pad) VALUES (1756902, 13, 'foobar', 'foobar')
	Insert on sbtest3  (cost=0.00..0.01 rows=0 width=0)
	  ->  Result  (cost=0.00..0.01 rows=1 width=736)

table 4 : explain INSERT INTO sbtest4 (id, k, c, pad) VALUES (3241829, 13, 'foobar', 'foobar')
	Insert on sbtest4  (cost=0.00..0.01 rows=0 width=0)
	  ->  Result  (cost=0.00..0.01 rows=1 width=736)

table 5 : explain INSERT INTO sbtest5 (id, k, c, pad) VALUES (6000846, 13, 'foobar', 'foobar')
	Insert on sbtest5  (cost=0.00..0.01 rows=0 width=0)
	  ->  Result  (cost=0.00..0.01 rows=1 width=736)

table 6 : explain INSERT INTO sbtest6 (id, k, c, pad) VALUES (9336417, 13, 'foobar', 'foobar')
	Insert on sbtest6  (cost=0.00..0.01 rows=0 width=0)
	  ->  Result  (cost=0.00..0.01 rows=1 width=736)

table 7 : explain INSERT INTO sbtest7 (id, k, c, pad) VALUES (5049112, 13, 'foobar', 'foobar')
	Insert on sbtest7  (cost=0.00..0.01 rows=0 width=0)
	  ->  Result  (cost=0.00..0.01 rows=1 width=736)

table 8 : explain INSERT INTO sbtest8 (id, k, c, pad) VALUES (837004, 13, 'foobar', 'foobar')
	Insert on sbtest8  (cost=0.00..0.01 rows=0 width=0)
	  ->  Result  (cost=0.00..0.01 rows=1 width=736)

for deletes
table 1 : explain DELETE FROM sbtest1 WHERE id=181155
	Delete on sbtest1  (cost=0.43..8.45 rows=0 width=0)
	  ->  Index Scan using sbtest1_pkey on sbtest1  (cost=0.43..8.45 rows=1 width=6)
	        Index Cond: (id = 181155)

table 2 : explain DELETE FROM sbtest2 WHERE id=6146436
	Delete on sbtest2  (cost=0.43..8.45 rows=0 width=0)
	  ->  Index Scan using sbtest2_pkey on sbtest2  (cost=0.43..8.45 rows=1 width=6)
	        Index Cond: (id = 6146436)

table 3 : explain DELETE FROM sbtest3 WHERE id=6940798
	Delete on sbtest3  (cost=0.43..8.45 rows=0 width=0)
	  ->  Index Scan using sbtest3_pkey on sbtest3  (cost=0.43..8.45 rows=1 width=6)
	        Index Cond: (id = 6940798)

table 4 : explain DELETE FROM sbtest4 WHERE id=8979539
	Delete on sbtest4  (cost=0.43..8.45 rows=0 width=0)
	  ->  Index Scan using sbtest4_pkey on sbtest4  (cost=0.43..8.45 rows=1 width=6)
	        Index Cond: (id = 8979539)

table 5 : explain DELETE FROM sbtest5 WHERE id=8742490
	Delete on sbtest5  (cost=0.43..8.45 rows=0 width=0)
	  ->  Index Scan using sbtest5_pkey on sbtest5  (cost=0.43..8.45 rows=1 width=6)
	        Index Cond: (id = 8742490)

table 6 : explain DELETE FROM sbtest6 WHERE id=4543727
	Delete on sbtest6  (cost=0.43..8.45 rows=0 width=0)
	  ->  Index Scan using sbtest6_pkey on sbtest6  (cost=0.43..8.45 rows=1 width=6)
	        Index Cond: (id = 4543727)

table 7 : explain DELETE FROM sbtest7 WHERE id=9651874
	Delete on sbtest7  (cost=0.43..8.45 rows=0 width=0)
	  ->  Index Scan using sbtest7_pkey on sbtest7  (cost=0.43..8.45 rows=1 width=6)
	        Index Cond: (id = 9651874)

table 8 : explain DELETE FROM sbtest8 WHERE id=1478553
	Delete on sbtest8  (cost=0.43..8.45 rows=0 width=0)
	  ->  Index Scan using sbtest8_pkey on sbtest8  (cost=0.43..8.45 rows=1 width=6)
	        Index Cond: (id = 1478553)

explain: for inserts :: explain INSERT INTO sbtest%u (id, k, c, pad) VALUES (%u, 13, 'foobar', 'foobar')
explain: for non_index_updates :: explain UPDATE sbtest%u SET c='foobar' WHERE id=%u
for deletes
table 1 : explain DELETE FROM sbtest1 WHERE id=7248163
	Delete on sbtest1  (cost=0.43..8.45 rows=0 width=0)
	  ->  Index Scan using sbtest1_pkey on sbtest1  (cost=0.43..8.45 rows=1 width=6)
	        Index Cond: (id = 7248163)

table 2 : explain DELETE FROM sbtest2 WHERE id=5918514
	Delete on sbtest2  (cost=0.43..8.45 rows=0 width=0)
	  ->  Index Scan using sbtest2_pkey on sbtest2  (cost=0.43..8.45 rows=1 width=6)
	        Index Cond: (id = 5918514)

table 3 : explain DELETE FROM sbtest3 WHERE id=1150663
	Delete on sbtest3  (cost=0.43..8.45 rows=0 width=0)
	  ->  Index Scan using sbtest3_pkey on sbtest3  (cost=0.43..8.45 rows=1 width=6)
	        Index Cond: (id = 1150663)

table 4 : explain DELETE FROM sbtest4 WHERE id=4847788
	Delete on sbtest4  (cost=0.43..8.45 rows=0 width=0)
	  ->  Index Scan using sbtest4_pkey on sbtest4  (cost=0.43..8.45 rows=1 width=6)
	        Index Cond: (id = 4847788)

table 5 : explain DELETE FROM sbtest5 WHERE id=3150730
	Delete on sbtest5  (cost=0.43..8.45 rows=0 width=0)
	  ->  Index Scan using sbtest5_pkey on sbtest5  (cost=0.43..8.45 rows=1 width=6)
	        Index Cond: (id = 3150730)

table 6 : explain DELETE FROM sbtest6 WHERE id=7171539
	Delete on sbtest6  (cost=0.43..8.45 rows=0 width=0)
	  ->  Index Scan using sbtest6_pkey on sbtest6  (cost=0.43..8.45 rows=1 width=6)
	        Index Cond: (id = 7171539)

table 7 : explain DELETE FROM sbtest7 WHERE id=1681489
	Delete on sbtest7  (cost=0.43..8.45 rows=0 width=0)
	  ->  Index Scan using sbtest7_pkey on sbtest7  (cost=0.43..8.45 rows=1 width=6)
	        Index Cond: (id = 1681489)

table 8 : explain DELETE FROM sbtest8 WHERE id=5383994
	Delete on sbtest8  (cost=0.43..8.45 rows=0 width=0)
	  ->  Index Scan using sbtest8_pkey on sbtest8  (cost=0.43..8.45 rows=1 width=6)
	        Index Cond: (id = 5383994)

for inserts
table 1 : explain INSERT INTO sbtest1 (id, k, c, pad) VALUES (5244863, 13, 'foobar', 'foobar')
	Insert on sbtest1  (cost=0.00..0.01 rows=0 width=0)
	  ->  Result  (cost=0.00..0.01 rows=1 width=736)

table 2 : explain INSERT INTO sbtest2 (id, k, c, pad) VALUES (8718976, 13, 'foobar', 'foobar')
	Insert on sbtest2  (cost=0.00..0.01 rows=0 width=0)
	  ->  Result  (cost=0.00..0.01 rows=1 width=736)

table 3 : explain INSERT INTO sbtest3 (id, k, c, pad) VALUES (3236233, 13, 'foobar', 'foobar')
	Insert on sbtest3  (cost=0.00..0.01 rows=0 width=0)
	  ->  Result  (cost=0.00..0.01 rows=1 width=736)

table 4 : explain INSERT INTO sbtest4 (id, k, c, pad) VALUES (5624559, 13, 'foobar', 'foobar')
	Insert on sbtest4  (cost=0.00..0.01 rows=0 width=0)
	  ->  Result  (cost=0.00..0.01 rows=1 width=736)

table 5 : explain INSERT INTO sbtest5 (id, k, c, pad) VALUES (6371086, 13, 'foobar', 'foobar')
	Insert on sbtest5  (cost=0.00..0.01 rows=0 width=0)
	  ->  Result  (cost=0.00..0.01 rows=1 width=736)

table 6 : explain INSERT INTO sbtest6 (id, k, c, pad) VALUES (9101072, 13, 'foobar', 'foobar')
	Insert on sbtest6  (cost=0.00..0.01 rows=0 width=0)
	  ->  Result  (cost=0.00..0.01 rows=1 width=736)

table 7 : explain INSERT INTO sbtest7 (id, k, c, pad) VALUES (7262804, 13, 'foobar', 'foobar')
	Insert on sbtest7  (cost=0.00..0.01 rows=0 width=0)
	  ->  Result  (cost=0.00..0.01 rows=1 width=736)

table 8 : explain INSERT INTO sbtest8 (id, k, c, pad) VALUES (9042527, 13, 'foobar', 'foobar')
	Insert on sbtest8  (cost=0.00..0.01 rows=0 width=0)
	  ->  Result  (cost=0.00..0.01 rows=1 width=736)

for: sum_ranges
table 1 : explain SELECT SUM(k) FROM sbtest1 WHERE id BETWEEN 5292946 AND 5292955
	Aggregate  (cost=37.37..37.38 rows=1 width=8)
	  ->  Index Scan using sbtest1_pkey on sbtest1  (cost=0.43..37.35 rows=9 width=4)
	        Index Cond: ((id >= 5292946) AND (id <= 5292955))

table 2 : explain SELECT SUM(k) FROM sbtest2 WHERE id BETWEEN 6307856 AND 6307865
	Aggregate  (cost=40.95..40.96 rows=1 width=8)
	  ->  Index Scan using sbtest2_pkey on sbtest2  (cost=0.43..40.93 rows=10 width=4)
	        Index Cond: ((id >= 6307856) AND (id <= 6307865))

table 3 : explain SELECT SUM(k) FROM sbtest3 WHERE id BETWEEN 952083 AND 952092
	Aggregate  (cost=41.25..41.26 rows=1 width=8)
	  ->  Index Scan using sbtest3_pkey on sbtest3  (cost=0.43..41.23 rows=10 width=4)
	        Index Cond: ((id >= 952083) AND (id <= 952092))

table 4 : explain SELECT SUM(k) FROM sbtest4 WHERE id BETWEEN 5639970 AND 5639979
	Aggregate  (cost=41.08..41.09 rows=1 width=8)
	  ->  Index Scan using sbtest4_pkey on sbtest4  (cost=0.43..41.05 rows=10 width=4)
	        Index Cond: ((id >= 5639970) AND (id <= 5639979))

table 5 : explain SELECT SUM(k) FROM sbtest5 WHERE id BETWEEN 322346 AND 322355
	Aggregate  (cost=43.97..43.98 rows=1 width=8)
	  ->  Index Scan using sbtest5_pkey on sbtest5  (cost=0.43..43.94 rows=11 width=4)
	        Index Cond: ((id >= 322346) AND (id <= 322355))

table 6 : explain SELECT SUM(k) FROM sbtest6 WHERE id BETWEEN 544667 AND 544676
	Aggregate  (cost=36.60..36.61 rows=1 width=8)
	  ->  Index Scan using sbtest6_pkey on sbtest6  (cost=0.43..36.58 rows=9 width=4)
	        Index Cond: ((id >= 544667) AND (id <= 544676))

table 7 : explain SELECT SUM(k) FROM sbtest7 WHERE id BETWEEN 7539109 AND 7539118
	Aggregate  (cost=39.74..39.75 rows=1 width=8)
	  ->  Index Scan using sbtest7_pkey on sbtest7  (cost=0.43..39.72 rows=10 width=4)
	        Index Cond: ((id >= 7539109) AND (id <= 7539118))

table 8 : explain SELECT SUM(k) FROM sbtest8 WHERE id BETWEEN 3639386 AND 3639395
	Aggregate  (cost=40.00..40.01 rows=1 width=8)
	  ->  Index Scan using sbtest8_pkey on sbtest8  (cost=0.43..39.98 rows=10 width=4)
	        Index Cond: ((id >= 3639386) AND (id <= 3639395))

explain: for inserts :: explain INSERT INTO sbtest%u (id, k, c, pad) VALUES (%u, 13, 'foobar', 'foobar')
for non_index_updates
table 1 : explain UPDATE sbtest1 SET c='foobar' WHERE id=3621283
	Update on sbtest1  (cost=0.43..8.45 rows=0 width=0)
	  ->  Index Scan using sbtest1_pkey on sbtest1  (cost=0.43..8.45 rows=1 width=490)
	        Index Cond: (id = 3621283)

table 2 : explain UPDATE sbtest2 SET c='foobar' WHERE id=3711647
	Update on sbtest2  (cost=0.43..8.45 rows=0 width=0)
	  ->  Index Scan using sbtest2_pkey on sbtest2  (cost=0.43..8.45 rows=1 width=490)
	        Index Cond: (id = 3711647)

table 3 : explain UPDATE sbtest3 SET c='foobar' WHERE id=4845901
	Update on sbtest3  (cost=0.43..8.45 rows=0 width=0)
	  ->  Index Scan using sbtest3_pkey on sbtest3  (cost=0.43..8.45 rows=1 width=490)
	        Index Cond: (id = 4845901)

table 4 : explain UPDATE sbtest4 SET c='foobar' WHERE id=608384
	Update on sbtest4  (cost=0.43..8.45 rows=0 width=0)
	  ->  Index Scan using sbtest4_pkey on sbtest4  (cost=0.43..8.45 rows=1 width=490)
	        Index Cond: (id = 608384)

table 5 : explain UPDATE sbtest5 SET c='foobar' WHERE id=5932749
	Update on sbtest5  (cost=0.43..8.45 rows=0 width=0)
	  ->  Index Scan using sbtest5_pkey on sbtest5  (cost=0.43..8.45 rows=1 width=490)
	        Index Cond: (id = 5932749)

table 6 : explain UPDATE sbtest6 SET c='foobar' WHERE id=1974117
	Update on sbtest6  (cost=0.43..8.45 rows=0 width=0)
	  ->  Index Scan using sbtest6_pkey on sbtest6  (cost=0.43..8.45 rows=1 width=490)
	        Index Cond: (id = 1974117)

table 7 : explain UPDATE sbtest7 SET c='foobar' WHERE id=1181804
	Update on sbtest7  (cost=0.43..8.45 rows=0 width=0)
	  ->  Index Scan using sbtest7_pkey on sbtest7  (cost=0.43..8.45 rows=1 width=490)
	        Index Cond: (id = 1181804)

table 8 : explain UPDATE sbtest8 SET c='foobar' WHERE id=7829276
	Update on sbtest8  (cost=0.43..8.45 rows=0 width=0)
	  ->  Index Scan using sbtest8_pkey on sbtest8  (cost=0.43..8.45 rows=1 width=490)
	        Index Cond: (id = 7829276)

explain: for deletes :: explain DELETE FROM sbtest%u WHERE id=%u
explain: for inserts :: explain INSERT INTO sbtest%u (id, k, c, pad) VALUES (%u, 13, 'foobar', 'foobar')
for non_index_updates
table 1 : explain UPDATE sbtest1 SET c='foobar' WHERE id=1458527
	Update on sbtest1  (cost=0.43..8.45 rows=0 width=0)
	  ->  Index Scan using sbtest1_pkey on sbtest1  (cost=0.43..8.45 rows=1 width=490)
	        Index Cond: (id = 1458527)

table 2 : explain UPDATE sbtest2 SET c='foobar' WHERE id=8868392
	Update on sbtest2  (cost=0.43..8.45 rows=0 width=0)
	  ->  Index Scan using sbtest2_pkey on sbtest2  (cost=0.43..8.45 rows=1 width=490)
	        Index Cond: (id = 8868392)

table 3 : explain UPDATE sbtest3 SET c='foobar' WHERE id=1877532
	Update on sbtest3  (cost=0.43..8.45 rows=0 width=0)
	  ->  Index Scan using sbtest3_pkey on sbtest3  (cost=0.43..8.45 rows=1 width=490)
	        Index Cond: (id = 1877532)

table 4 : explain UPDATE sbtest4 SET c='foobar' WHERE id=7745187
	Update on sbtest4  (cost=0.43..8.45 rows=0 width=0)
	  ->  Index Scan using sbtest4_pkey on sbtest4  (cost=0.43..8.45 rows=1 width=490)
	        Index Cond: (id = 7745187)

table 5 : explain UPDATE sbtest5 SET c='foobar' WHERE id=7714824
	Update on sbtest5  (cost=0.43..8.45 rows=0 width=0)
	  ->  Index Scan using sbtest5_pkey on sbtest5  (cost=0.43..8.45 rows=1 width=490)
	        Index Cond: (id = 7714824)

table 6 : explain UPDATE sbtest6 SET c='foobar' WHERE id=5826401
	Update on sbtest6  (cost=0.43..8.45 rows=0 width=0)
	  ->  Index Scan using sbtest6_pkey on sbtest6  (cost=0.43..8.45 rows=1 width=490)
	        Index Cond: (id = 5826401)

table 7 : explain UPDATE sbtest7 SET c='foobar' WHERE id=2214951
	Update on sbtest7  (cost=0.43..8.45 rows=0 width=0)
	  ->  Index Scan using sbtest7_pkey on sbtest7  (cost=0.43..8.45 rows=1 width=490)
	        Index Cond: (id = 2214951)

table 8 : explain UPDATE sbtest8 SET c='foobar' WHERE id=2678376
	Update on sbtest8  (cost=0.43..8.45 rows=0 width=0)
	  ->  Index Scan using sbtest8_pkey on sbtest8  (cost=0.43..8.45 rows=1 width=490)
	        Index Cond: (id = 2678376)

for: order_ranges
table 1 : explain SELECT c FROM sbtest1 WHERE id BETWEEN 5290831 AND 5290840 ORDER BY c
	Sort  (cost=37.49..37.51 rows=9 width=121)
	  Sort Key: c
	  ->  Index Scan using sbtest1_pkey on sbtest1  (cost=0.43..37.35 rows=9 width=121)
	        Index Cond: ((id >= 5290831) AND (id <= 5290840))

table 2 : explain SELECT c FROM sbtest2 WHERE id BETWEEN 7519373 AND 7519382 ORDER BY c
	Sort  (cost=41.09..41.12 rows=10 width=121)
	  Sort Key: c
	  ->  Index Scan using sbtest2_pkey on sbtest2  (cost=0.43..40.93 rows=10 width=121)
	        Index Cond: ((id >= 7519373) AND (id <= 7519382))

table 3 : explain SELECT c FROM sbtest3 WHERE id BETWEEN 3513968 AND 3513977 ORDER BY c
	Sort  (cost=41.39..41.42 rows=10 width=121)
	  Sort Key: c
	  ->  Index Scan using sbtest3_pkey on sbtest3  (cost=0.43..41.23 rows=10 width=121)
	        Index Cond: ((id >= 3513968) AND (id <= 3513977))

table 4 : explain SELECT c FROM sbtest4 WHERE id BETWEEN 6661040 AND 6661049 ORDER BY c
	Sort  (cost=44.86..44.89 rows=11 width=121)
	  Sort Key: c
	  ->  Index Scan using sbtest4_pkey on sbtest4  (cost=0.43..44.67 rows=11 width=121)
	        Index Cond: ((id >= 6661040) AND (id <= 6661049))

table 5 : explain SELECT c FROM sbtest5 WHERE id BETWEEN 9791016 AND 9791025 ORDER BY c
	Sort  (cost=40.56..40.58 rows=10 width=121)
	  Sort Key: c
	  ->  Index Scan using sbtest5_pkey on sbtest5  (cost=0.43..40.39 rows=10 width=121)
	        Index Cond: ((id >= 9791016) AND (id <= 9791025))

table 6 : explain SELECT c FROM sbtest6 WHERE id BETWEEN 9824334 AND 9824343 ORDER BY c
	Sort  (cost=40.26..40.28 rows=10 width=121)
	  Sort Key: c
	  ->  Index Scan using sbtest6_pkey on sbtest6  (cost=0.43..40.09 rows=10 width=121)
	        Index Cond: ((id >= 9824334) AND (id <= 9824343))

table 7 : explain SELECT c FROM sbtest7 WHERE id BETWEEN 2657058 AND 2657067 ORDER BY c
	Sort  (cost=39.89..39.91 rows=10 width=121)
	  Sort Key: c
	  ->  Index Scan using sbtest7_pkey on sbtest7  (cost=0.43..39.72 rows=10 width=121)
	        Index Cond: ((id >= 2657058) AND (id <= 2657067))

table 8 : explain SELECT c FROM sbtest8 WHERE id BETWEEN 5670401 AND 5670410 ORDER BY c
	Sort  (cost=40.14..40.17 rows=10 width=121)
	  Sort Key: c
	  ->  Index Scan using sbtest8_pkey on sbtest8  (cost=0.43..39.98 rows=10 width=121)
	        Index Cond: ((id >= 5670401) AND (id <= 5670410))

for deletes
table 1 : explain DELETE FROM sbtest1 WHERE id=4292865
	Delete on sbtest1  (cost=0.43..8.45 rows=0 width=0)
	  ->  Index Scan using sbtest1_pkey on sbtest1  (cost=0.43..8.45 rows=1 width=6)
	        Index Cond: (id = 4292865)

table 2 : explain DELETE FROM sbtest2 WHERE id=9349539
	Delete on sbtest2  (cost=0.43..8.45 rows=0 width=0)
	  ->  Index Scan using sbtest2_pkey on sbtest2  (cost=0.43..8.45 rows=1 width=6)
	        Index Cond: (id = 9349539)

table 3 : explain DELETE FROM sbtest3 WHERE id=1256531
	Delete on sbtest3  (cost=0.43..8.45 rows=0 width=0)
	  ->  Index Scan using sbtest3_pkey on sbtest3  (cost=0.43..8.45 rows=1 width=6)
	        Index Cond: (id = 1256531)

table 4 : explain DELETE FROM sbtest4 WHERE id=5716798
	Delete on sbtest4  (cost=0.43..8.45 rows=0 width=0)
	  ->  Index Scan using sbtest4_pkey on sbtest4  (cost=0.43..8.45 rows=1 width=6)
	        Index Cond: (id = 5716798)

table 5 : explain DELETE FROM sbtest5 WHERE id=8580007
	Delete on sbtest5  (cost=0.43..8.45 rows=0 width=0)
	  ->  Index Scan using sbtest5_pkey on sbtest5  (cost=0.43..8.45 rows=1 width=6)
	        Index Cond: (id = 8580007)

table 6 : explain DELETE FROM sbtest6 WHERE id=7274679
	Delete on sbtest6  (cost=0.43..8.45 rows=0 width=0)
	  ->  Index Scan using sbtest6_pkey on sbtest6  (cost=0.43..8.45 rows=1 width=6)
	        Index Cond: (id = 7274679)

table 7 : explain DELETE FROM sbtest7 WHERE id=6572628
	Delete on sbtest7  (cost=0.43..8.45 rows=0 width=0)
	  ->  Index Scan using sbtest7_pkey on sbtest7  (cost=0.43..8.45 rows=1 width=6)
	        Index Cond: (id = 6572628)

table 8 : explain DELETE FROM sbtest8 WHERE id=4423541
	Delete on sbtest8  (cost=0.43..8.45 rows=0 width=0)
	  ->  Index Scan using sbtest8_pkey on sbtest8  (cost=0.43..8.45 rows=1 width=6)
	        Index Cond: (id = 4423541)

for inserts
table 1 : explain INSERT INTO sbtest1 (id, k, c, pad) VALUES (3534878, 13, 'foobar', 'foobar')
	Insert on sbtest1  (cost=0.00..0.01 rows=0 width=0)
	  ->  Result  (cost=0.00..0.01 rows=1 width=736)

table 2 : explain INSERT INTO sbtest2 (id, k, c, pad) VALUES (7130734, 13, 'foobar', 'foobar')
	Insert on sbtest2  (cost=0.00..0.01 rows=0 width=0)
	  ->  Result  (cost=0.00..0.01 rows=1 width=736)

table 3 : explain INSERT INTO sbtest3 (id, k, c, pad) VALUES (7901974, 13, 'foobar', 'foobar')
	Insert on sbtest3  (cost=0.00..0.01 rows=0 width=0)
	  ->  Result  (cost=0.00..0.01 rows=1 width=736)

table 4 : explain INSERT INTO sbtest4 (id, k, c, pad) VALUES (1290691, 13, 'foobar', 'foobar')
	Insert on sbtest4  (cost=0.00..0.01 rows=0 width=0)
	  ->  Result  (cost=0.00..0.01 rows=1 width=736)

table 5 : explain INSERT INTO sbtest5 (id, k, c, pad) VALUES (7886086, 13, 'foobar', 'foobar')
	Insert on sbtest5  (cost=0.00..0.01 rows=0 width=0)
	  ->  Result  (cost=0.00..0.01 rows=1 width=736)

table 6 : explain INSERT INTO sbtest6 (id, k, c, pad) VALUES (6334425, 13, 'foobar', 'foobar')
	Insert on sbtest6  (cost=0.00..0.01 rows=0 width=0)
	  ->  Result  (cost=0.00..0.01 rows=1 width=736)

table 7 : explain INSERT INTO sbtest7 (id, k, c, pad) VALUES (5415407, 13, 'foobar', 'foobar')
	Insert on sbtest7  (cost=0.00..0.01 rows=0 width=0)
	  ->  Result  (cost=0.00..0.01 rows=1 width=736)

table 8 : explain INSERT INTO sbtest8 (id, k, c, pad) VALUES (6482707, 13, 'foobar', 'foobar')
	Insert on sbtest8  (cost=0.00..0.01 rows=0 width=0)
	  ->  Result  (cost=0.00..0.01 rows=1 width=736)

explain: for inserts :: explain INSERT INTO sbtest%u (id, k, c, pad) VALUES (%u, 13, 'foobar', 'foobar')
explain: for deletes :: explain DELETE FROM sbtest%u WHERE id=%u
for inserts
table 1 : explain INSERT INTO sbtest1 (id, k, c, pad) VALUES (9304809, 13, 'foobar', 'foobar')
	Insert on sbtest1  (cost=0.00..0.01 rows=0 width=0)
	  ->  Result  (cost=0.00..0.01 rows=1 width=736)

table 2 : explain INSERT INTO sbtest2 (id, k, c, pad) VALUES (2336458, 13, 'foobar', 'foobar')
	Insert on sbtest2  (cost=0.00..0.01 rows=0 width=0)
	  ->  Result  (cost=0.00..0.01 rows=1 width=736)

table 3 : explain INSERT INTO sbtest3 (id, k, c, pad) VALUES (3526735, 13, 'foobar', 'foobar')
	Insert on sbtest3  (cost=0.00..0.01 rows=0 width=0)
	  ->  Result  (cost=0.00..0.01 rows=1 width=736)

table 4 : explain INSERT INTO sbtest4 (id, k, c, pad) VALUES (7454829, 13, 'foobar', 'foobar')
	Insert on sbtest4  (cost=0.00..0.01 rows=0 width=0)
	  ->  Result  (cost=0.00..0.01 rows=1 width=736)

table 5 : explain INSERT INTO sbtest5 (id, k, c, pad) VALUES (7505157, 13, 'foobar', 'foobar')
	Insert on sbtest5  (cost=0.00..0.01 rows=0 width=0)
	  ->  Result  (cost=0.00..0.01 rows=1 width=736)

table 6 : explain INSERT INTO sbtest6 (id, k, c, pad) VALUES (6460716, 13, 'foobar', 'foobar')
	Insert on sbtest6  (cost=0.00..0.01 rows=0 width=0)
	  ->  Result  (cost=0.00..0.01 rows=1 width=736)

table 7 : explain INSERT INTO sbtest7 (id, k, c, pad) VALUES (6150019, 13, 'foobar', 'foobar')
	Insert on sbtest7  (cost=0.00..0.01 rows=0 width=0)
	  ->  Result  (cost=0.00..0.01 rows=1 width=736)

table 8 : explain INSERT INTO sbtest8 (id, k, c, pad) VALUES (1885282, 13, 'foobar', 'foobar')
	Insert on sbtest8  (cost=0.00..0.01 rows=0 width=0)
	  ->  Result  (cost=0.00..0.01 rows=1 width=736)

for inserts
table 1 : explain INSERT INTO sbtest1 (id, k, c, pad) VALUES (6645484, 13, 'foobar', 'foobar')
	Insert on sbtest1  (cost=0.00..0.01 rows=0 width=0)
	  ->  Result  (cost=0.00..0.01 rows=1 width=736)

table 2 : explain INSERT INTO sbtest2 (id, k, c, pad) VALUES (3270902, 13, 'foobar', 'foobar')
	Insert on sbtest2  (cost=0.00..0.01 rows=0 width=0)
	  ->  Result  (cost=0.00..0.01 rows=1 width=736)

table 3 : explain INSERT INTO sbtest3 (id, k, c, pad) VALUES (8917150, 13, 'foobar', 'foobar')
	Insert on sbtest3  (cost=0.00..0.01 rows=0 width=0)
	  ->  Result  (cost=0.00..0.01 rows=1 width=736)

table 4 : explain INSERT INTO sbtest4 (id, k, c, pad) VALUES (5289016, 13, 'foobar', 'foobar')
	Insert on sbtest4  (cost=0.00..0.01 rows=0 width=0)
	  ->  Result  (cost=0.00..0.01 rows=1 width=736)

table 5 : explain INSERT INTO sbtest5 (id, k, c, pad) VALUES (8967562, 13, 'foobar', 'foobar')
	Insert on sbtest5  (cost=0.00..0.01 rows=0 width=0)
	  ->  Result  (cost=0.00..0.01 rows=1 width=736)

table 6 : explain INSERT INTO sbtest6 (id, k, c, pad) VALUES (9691490, 13, 'foobar', 'foobar')
	Insert on sbtest6  (cost=0.00..0.01 rows=0 width=0)
	  ->  Result  (cost=0.00..0.01 rows=1 width=736)

table 7 : explain INSERT INTO sbtest7 (id, k, c, pad) VALUES (6863121, 13, 'foobar', 'foobar')
	Insert on sbtest7  (cost=0.00..0.01 rows=0 width=0)
	  ->  Result  (cost=0.00..0.01 rows=1 width=736)

table 8 : explain INSERT INTO sbtest8 (id, k, c, pad) VALUES (1133608, 13, 'foobar', 'foobar')
	Insert on sbtest8  (cost=0.00..0.01 rows=0 width=0)
	  ->  Result  (cost=0.00..0.01 rows=1 width=736)

for: distinct_ranges
table 1 : explain SELECT DISTINCT c FROM sbtest1 WHERE id BETWEEN 279400 AND 279409 ORDER BY c
	Unique  (cost=41.13..41.18 rows=10 width=121)
	  ->  Sort  (cost=41.13..41.15 rows=10 width=121)
	        Sort Key: c
	        ->  Index Scan using sbtest1_pkey on sbtest1  (cost=0.43..40.96 rows=10 width=121)
	              Index Cond: ((id >= 279400) AND (id <= 279409))

table 2 : explain SELECT DISTINCT c FROM sbtest2 WHERE id BETWEEN 5776969 AND 5776978 ORDER BY c
	Unique  (cost=44.73..44.78 rows=11 width=121)
	  ->  Sort  (cost=44.73..44.75 rows=11 width=121)
	        Sort Key: c
	        ->  Index Scan using sbtest2_pkey on sbtest2  (cost=0.43..44.54 rows=11 width=121)
	              Index Cond: ((id >= 5776969) AND (id <= 5776978))

table 3 : explain SELECT DISTINCT c FROM sbtest3 WHERE id BETWEEN 7639488 AND 7639497 ORDER BY c
	Unique  (cost=41.39..41.44 rows=10 width=121)
	  ->  Sort  (cost=41.39..41.42 rows=10 width=121)
	        Sort Key: c
	        ->  Index Scan using sbtest3_pkey on sbtest3  (cost=0.43..41.23 rows=10 width=121)
	              Index Cond: ((id >= 7639488) AND (id <= 7639497))

table 4 : explain SELECT DISTINCT c FROM sbtest4 WHERE id BETWEEN 4418822 AND 4418831 ORDER BY c
	Unique  (cost=44.86..44.92 rows=11 width=121)
	  ->  Sort  (cost=44.86..44.89 rows=11 width=121)
	        Sort Key: c
	        ->  Index Scan using sbtest4_pkey on sbtest4  (cost=0.43..44.67 rows=11 width=121)
	              Index Cond: ((id >= 4418822) AND (id <= 4418831))

table 5 : explain SELECT DISTINCT c FROM sbtest5 WHERE id BETWEEN 6211535 AND 6211544 ORDER BY c
	Unique  (cost=40.56..40.61 rows=10 width=121)
	  ->  Sort  (cost=40.56..40.58 rows=10 width=121)
	        Sort Key: c
	        ->  Index Scan using sbtest5_pkey on sbtest5  (cost=0.43..40.39 rows=10 width=121)
	              Index Cond: ((id >= 6211535) AND (id <= 6211544))

table 6 : explain SELECT DISTINCT c FROM sbtest6 WHERE id BETWEEN 3623568 AND 3623577 ORDER BY c
	Unique  (cost=40.26..40.31 rows=10 width=121)
	  ->  Sort  (cost=40.26..40.28 rows=10 width=121)
	        Sort Key: c
	        ->  Index Scan using sbtest6_pkey on sbtest6  (cost=0.43..40.09 rows=10 width=121)
	              Index Cond: ((id >= 3623568) AND (id <= 3623577))

table 7 : explain SELECT DISTINCT c FROM sbtest7 WHERE id BETWEEN 7874825 AND 7874834 ORDER BY c
	Unique  (cost=36.39..36.43 rows=9 width=121)
	  ->  Sort  (cost=36.39..36.41 rows=9 width=121)
	        Sort Key: c
	        ->  Index Scan using sbtest7_pkey on sbtest7  (cost=0.43..36.25 rows=9 width=121)
	              Index Cond: ((id >= 7874825) AND (id <= 7874834))

table 8 : explain SELECT DISTINCT c FROM sbtest8 WHERE id BETWEEN 5840694 AND 5840703 ORDER BY c
	Unique  (cost=40.14..40.19 rows=10 width=121)
	  ->  Sort  (cost=40.14..40.17 rows=10 width=121)
	        Sort Key: c
	        ->  Index Scan using sbtest8_pkey on sbtest8  (cost=0.43..39.98 rows=10 width=121)
	              Index Cond: ((id >= 5840694) AND (id <= 5840703))

for deletes
table 1 : explain DELETE FROM sbtest1 WHERE id=9357888
	Delete on sbtest1  (cost=0.43..8.45 rows=0 width=0)
	  ->  Index Scan using sbtest1_pkey on sbtest1  (cost=0.43..8.45 rows=1 width=6)
	        Index Cond: (id = 9357888)

table 2 : explain DELETE FROM sbtest2 WHERE id=7287728
	Delete on sbtest2  (cost=0.43..8.45 rows=0 width=0)
	  ->  Index Scan using sbtest2_pkey on sbtest2  (cost=0.43..8.45 rows=1 width=6)
	        Index Cond: (id = 7287728)

table 3 : explain DELETE FROM sbtest3 WHERE id=2012382
	Delete on sbtest3  (cost=0.43..8.45 rows=0 width=0)
	  ->  Index Scan using sbtest3_pkey on sbtest3  (cost=0.43..8.45 rows=1 width=6)
	        Index Cond: (id = 2012382)

table 4 : explain DELETE FROM sbtest4 WHERE id=5667686
	Delete on sbtest4  (cost=0.43..8.45 rows=0 width=0)
	  ->  Index Scan using sbtest4_pkey on sbtest4  (cost=0.43..8.45 rows=1 width=6)
	        Index Cond: (id = 5667686)

table 5 : explain DELETE FROM sbtest5 WHERE id=743679
	Delete on sbtest5  (cost=0.43..8.45 rows=0 width=0)
	  ->  Index Scan using sbtest5_pkey on sbtest5  (cost=0.43..8.45 rows=1 width=6)
	        Index Cond: (id = 743679)

table 6 : explain DELETE FROM sbtest6 WHERE id=9094161
	Delete on sbtest6  (cost=0.43..8.45 rows=0 width=0)
	  ->  Index Scan using sbtest6_pkey on sbtest6  (cost=0.43..8.45 rows=1 width=6)
	        Index Cond: (id = 9094161)

table 7 : explain DELETE FROM sbtest7 WHERE id=4526735
	Delete on sbtest7  (cost=0.43..8.45 rows=0 width=0)
	  ->  Index Scan using sbtest7_pkey on sbtest7  (cost=0.43..8.45 rows=1 width=6)
	        Index Cond: (id = 4526735)

table 8 : explain DELETE FROM sbtest8 WHERE id=3403953
	Delete on sbtest8  (cost=0.43..8.45 rows=0 width=0)
	  ->  Index Scan using sbtest8_pkey on sbtest8  (cost=0.43..8.45 rows=1 width=6)
	        Index Cond: (id = 3403953)

explain: for index_updates :: explain UPDATE sbtest%u SET k=k+1 WHERE id=%u
explain: for inserts :: explain INSERT INTO sbtest%u (id, k, c, pad) VALUES (%u, 13, 'foobar', 'foobar')
for index_updates
table 1 : explain UPDATE sbtest1 SET k=k+1 WHERE id=5268071
	Update on sbtest1  (cost=0.43..8.46 rows=0 width=0)
	  ->  Index Scan using sbtest1_pkey on sbtest1  (cost=0.43..8.46 rows=1 width=10)
	        Index Cond: (id = 5268071)

table 2 : explain UPDATE sbtest2 SET k=k+1 WHERE id=9167048
	Update on sbtest2  (cost=0.43..8.46 rows=0 width=0)
	  ->  Index Scan using sbtest2_pkey on sbtest2  (cost=0.43..8.46 rows=1 width=10)
	        Index Cond: (id = 9167048)

table 3 : explain UPDATE sbtest3 SET k=k+1 WHERE id=721145
	Update on sbtest3  (cost=0.43..8.46 rows=0 width=0)
	  ->  Index Scan using sbtest3_pkey on sbtest3  (cost=0.43..8.46 rows=1 width=10)
	        Index Cond: (id = 721145)

table 4 : explain UPDATE sbtest4 SET k=k+1 WHERE id=7437602
	Update on sbtest4  (cost=0.43..8.46 rows=0 width=0)
	  ->  Index Scan using sbtest4_pkey on sbtest4  (cost=0.43..8.46 rows=1 width=10)
	        Index Cond: (id = 7437602)

table 5 : explain UPDATE sbtest5 SET k=k+1 WHERE id=4563445
	Update on sbtest5  (cost=0.43..8.46 rows=0 width=0)
	  ->  Index Scan using sbtest5_pkey on sbtest5  (cost=0.43..8.46 rows=1 width=10)
	        Index Cond: (id = 4563445)

table 6 : explain UPDATE sbtest6 SET k=k+1 WHERE id=7527427
	Update on sbtest6  (cost=0.43..8.46 rows=0 width=0)
	  ->  Index Scan using sbtest6_pkey on sbtest6  (cost=0.43..8.46 rows=1 width=10)
	        Index Cond: (id = 7527427)

table 7 : explain UPDATE sbtest7 SET k=k+1 WHERE id=4985728
	Update on sbtest7  (cost=0.43..8.46 rows=0 width=0)
	  ->  Index Scan using sbtest7_pkey on sbtest7  (cost=0.43..8.46 rows=1 width=10)
	        Index Cond: (id = 4985728)

table 8 : explain UPDATE sbtest8 SET k=k+1 WHERE id=9356169
	Update on sbtest8  (cost=0.43..8.46 rows=0 width=0)
	  ->  Index Scan using sbtest8_pkey on sbtest8  (cost=0.43..8.46 rows=1 width=10)
	        Index Cond: (id = 9356169)

for inserts
table 1 : explain INSERT INTO sbtest1 (id, k, c, pad) VALUES (8185682, 13, 'foobar', 'foobar')
	Insert on sbtest1  (cost=0.00..0.01 rows=0 width=0)
	  ->  Result  (cost=0.00..0.01 rows=1 width=736)

table 2 : explain INSERT INTO sbtest2 (id, k, c, pad) VALUES (1645031, 13, 'foobar', 'foobar')
	Insert on sbtest2  (cost=0.00..0.01 rows=0 width=0)
	  ->  Result  (cost=0.00..0.01 rows=1 width=736)

table 3 : explain INSERT INTO sbtest3 (id, k, c, pad) VALUES (9367884, 13, 'foobar', 'foobar')
	Insert on sbtest3  (cost=0.00..0.01 rows=0 width=0)
	  ->  Result  (cost=0.00..0.01 rows=1 width=736)

table 4 : explain INSERT INTO sbtest4 (id, k, c, pad) VALUES (9188464, 13, 'foobar', 'foobar')
	Insert on sbtest4  (cost=0.00..0.01 rows=0 width=0)
	  ->  Result  (cost=0.00..0.01 rows=1 width=736)

table 5 : explain INSERT INTO sbtest5 (id, k, c, pad) VALUES (8851031, 13, 'foobar', 'foobar')
	Insert on sbtest5  (cost=0.00..0.01 rows=0 width=0)
	  ->  Result  (cost=0.00..0.01 rows=1 width=736)

table 6 : explain INSERT INTO sbtest6 (id, k, c, pad) VALUES (3727554, 13, 'foobar', 'foobar')
	Insert on sbtest6  (cost=0.00..0.01 rows=0 width=0)
	  ->  Result  (cost=0.00..0.01 rows=1 width=736)

table 7 : explain INSERT INTO sbtest7 (id, k, c, pad) VALUES (3593195, 13, 'foobar', 'foobar')
	Insert on sbtest7  (cost=0.00..0.01 rows=0 width=0)
	  ->  Result  (cost=0.00..0.01 rows=1 width=736)

table 8 : explain INSERT INTO sbtest8 (id, k, c, pad) VALUES (4833799, 13, 'foobar', 'foobar')
	Insert on sbtest8  (cost=0.00..0.01 rows=0 width=0)
	  ->  Result  (cost=0.00..0.01 rows=1 width=736)

explain: for non_index_updates :: explain UPDATE sbtest%u SET c='foobar' WHERE id=%u
for non_index_updates
table 1 : explain UPDATE sbtest1 SET c='foobar' WHERE id=9176454
	Update on sbtest1  (cost=0.43..8.45 rows=0 width=0)
	  ->  Index Scan using sbtest1_pkey on sbtest1  (cost=0.43..8.45 rows=1 width=490)
	        Index Cond: (id = 9176454)

table 2 : explain UPDATE sbtest2 SET c='foobar' WHERE id=2623492
	Update on sbtest2  (cost=0.43..8.45 rows=0 width=0)
	  ->  Index Scan using sbtest2_pkey on sbtest2  (cost=0.43..8.45 rows=1 width=490)
	        Index Cond: (id = 2623492)

table 3 : explain UPDATE sbtest3 SET c='foobar' WHERE id=2583258
	Update on sbtest3  (cost=0.43..8.45 rows=0 width=0)
	  ->  Index Scan using sbtest3_pkey on sbtest3  (cost=0.43..8.45 rows=1 width=490)
	        Index Cond: (id = 2583258)

table 4 : explain UPDATE sbtest4 SET c='foobar' WHERE id=9302385
	Update on sbtest4  (cost=0.43..8.45 rows=0 width=0)
	  ->  Index Scan using sbtest4_pkey on sbtest4  (cost=0.43..8.45 rows=1 width=490)
	        Index Cond: (id = 9302385)

table 5 : explain UPDATE sbtest5 SET c='foobar' WHERE id=8893122
	Update on sbtest5  (cost=0.43..8.45 rows=0 width=0)
	  ->  Index Scan using sbtest5_pkey on sbtest5  (cost=0.43..8.45 rows=1 width=490)
	        Index Cond: (id = 8893122)

table 6 : explain UPDATE sbtest6 SET c='foobar' WHERE id=8875300
	Update on sbtest6  (cost=0.43..8.45 rows=0 width=0)
	  ->  Index Scan using sbtest6_pkey on sbtest6  (cost=0.43..8.45 rows=1 width=490)
	        Index Cond: (id = 8875300)

table 7 : explain UPDATE sbtest7 SET c='foobar' WHERE id=6091618
	Update on sbtest7  (cost=0.43..8.45 rows=0 width=0)
	  ->  Index Scan using sbtest7_pkey on sbtest7  (cost=0.43..8.45 rows=1 width=490)
	        Index Cond: (id = 6091618)

table 8 : explain UPDATE sbtest8 SET c='foobar' WHERE id=1810855
	Update on sbtest8  (cost=0.43..8.45 rows=0 width=0)
	  ->  Index Scan using sbtest8_pkey on sbtest8  (cost=0.43..8.45 rows=1 width=490)
	        Index Cond: (id = 1810855)

explain: for deletes :: explain DELETE FROM sbtest%u WHERE id=%u
for deletes
table 1 : explain DELETE FROM sbtest1 WHERE id=186343
	Delete on sbtest1  (cost=0.43..8.45 rows=0 width=0)
	  ->  Index Scan using sbtest1_pkey on sbtest1  (cost=0.43..8.45 rows=1 width=6)
	        Index Cond: (id = 186343)

table 2 : explain DELETE FROM sbtest2 WHERE id=7421962
	Delete on sbtest2  (cost=0.43..8.45 rows=0 width=0)
	  ->  Index Scan using sbtest2_pkey on sbtest2  (cost=0.43..8.45 rows=1 width=6)
	        Index Cond: (id = 7421962)

table 3 : explain DELETE FROM sbtest3 WHERE id=3785924
	Delete on sbtest3  (cost=0.43..8.45 rows=0 width=0)
	  ->  Index Scan using sbtest3_pkey on sbtest3  (cost=0.43..8.45 rows=1 width=6)
	        Index Cond: (id = 3785924)

table 4 : explain DELETE FROM sbtest4 WHERE id=4854059
	Delete on sbtest4  (cost=0.43..8.45 rows=0 width=0)
	  ->  Index Scan using sbtest4_pkey on sbtest4  (cost=0.43..8.45 rows=1 width=6)
	        Index Cond: (id = 4854059)

table 5 : explain DELETE FROM sbtest5 WHERE id=9239453
	Delete on sbtest5  (cost=0.43..8.45 rows=0 width=0)
	  ->  Index Scan using sbtest5_pkey on sbtest5  (cost=0.43..8.45 rows=1 width=6)
	        Index Cond: (id = 9239453)

table 6 : explain DELETE FROM sbtest6 WHERE id=7758371
	Delete on sbtest6  (cost=0.43..8.45 rows=0 width=0)
	  ->  Index Scan using sbtest6_pkey on sbtest6  (cost=0.43..8.45 rows=1 width=6)
	        Index Cond: (id = 7758371)

table 7 : explain DELETE FROM sbtest7 WHERE id=9450817
	Delete on sbtest7  (cost=0.43..8.45 rows=0 width=0)
	  ->  Index Scan using sbtest7_pkey on sbtest7  (cost=0.43..8.45 rows=1 width=6)
	        Index Cond: (id = 9450817)

table 8 : explain DELETE FROM sbtest8 WHERE id=6029532
	Delete on sbtest8  (cost=0.43..8.45 rows=0 width=0)
	  ->  Index Scan using sbtest8_pkey on sbtest8  (cost=0.43..8.45 rows=1 width=6)
	        Index Cond: (id = 6029532)

explain: for inserts :: explain INSERT INTO sbtest%u (id, k, c, pad) VALUES (%u, 13, 'foobar', 'foobar')
for inserts
table 1 : explain INSERT INTO sbtest1 (id, k, c, pad) VALUES (928717, 13, 'foobar', 'foobar')
	Insert on sbtest1  (cost=0.00..0.01 rows=0 width=0)
	  ->  Result  (cost=0.00..0.01 rows=1 width=736)

table 2 : explain INSERT INTO sbtest2 (id, k, c, pad) VALUES (6658252, 13, 'foobar', 'foobar')
	Insert on sbtest2  (cost=0.00..0.01 rows=0 width=0)
	  ->  Result  (cost=0.00..0.01 rows=1 width=736)

table 3 : explain INSERT INTO sbtest3 (id, k, c, pad) VALUES (5289418, 13, 'foobar', 'foobar')
	Insert on sbtest3  (cost=0.00..0.01 rows=0 width=0)
	  ->  Result  (cost=0.00..0.01 rows=1 width=736)

table 4 : explain INSERT INTO sbtest4 (id, k, c, pad) VALUES (5977885, 13, 'foobar', 'foobar')
	Insert on sbtest4  (cost=0.00..0.01 rows=0 width=0)
	  ->  Result  (cost=0.00..0.01 rows=1 width=736)

table 5 : explain INSERT INTO sbtest5 (id, k, c, pad) VALUES (5965395, 13, 'foobar', 'foobar')
	Insert on sbtest5  (cost=0.00..0.01 rows=0 width=0)
	  ->  Result  (cost=0.00..0.01 rows=1 width=736)

table 6 : explain INSERT INTO sbtest6 (id, k, c, pad) VALUES (5345143, 13, 'foobar', 'foobar')
	Insert on sbtest6  (cost=0.00..0.01 rows=0 width=0)
	  ->  Result  (cost=0.00..0.01 rows=1 width=736)

table 7 : explain INSERT INTO sbtest7 (id, k, c, pad) VALUES (6489756, 13, 'foobar', 'foobar')
	Insert on sbtest7  (cost=0.00..0.01 rows=0 width=0)
	  ->  Result  (cost=0.00..0.01 rows=1 width=736)

table 8 : explain INSERT INTO sbtest8 (id, k, c, pad) VALUES (5163383, 13, 'foobar', 'foobar')
	Insert on sbtest8  (cost=0.00..0.01 rows=0 width=0)
	  ->  Result  (cost=0.00..0.01 rows=1 width=736)

Threads started!

Warming up for 5 seconds...

SQL statistics:
    queries performed:
        read:                            487654727
        write:                           139330010
        other:                           69664991
        total:                           696649728
    transactions:                        34832509 (37453.96 per sec.)
    queries:                             696649728 (749078.74 per sec.)
    ignored errors:                      3      (0.00 per sec.)
    reconnects:                          0      (0.00 per sec.)

Throughput:
    events/s (eps):                      37453.9612
    time elapsed:                        930.0088s
    total number of events:              34832509

Latency (ms):
         min:                                    0.86
         avg:                                    1.07
         max:                                   90.26
         95th percentile:                        1.34
         sum:                             37164607.59

Threads fairness:
    events (avg/stddev):           870812.2250/7612.34
    execution time (avg/stddev):   929.1152/0.01

