LUA_PATH=/home/mdcallag/git/mytools/bench/sysbench.lua/lua/?.lua /home/mdcallag/git/mytools/bench/sysbench.lua/lua/sysbench --db-driver=pgsql --range-size=10000 --table-size=10000000 --tables=8 --threads=40 --events=0 --warmup-time=5 --time=630 --pgsql_conn_id=true /home/mdcallag/git/mytools/bench/sysbench.lua/lua/oltp_read_only.lua run --pgsql-user=root --pgsql-password=pw --pgsql-host=127.0.0.1 --pgsql-db=ib --rand-type=uniform
48 CPUs
sysbench 1.1.0-9072687 (using bundled LuaJIT 2.1.0-beta3)

Running the test with following options:
Number of threads: 40
Warmup time: 5s
Initializing random number generator from current time


Initializing worker threads...

explain: for point_selects :: explain SELECT c FROM sbtest%u WHERE id=%u
explain: for point_selects :: explain SELECT c FROM sbtest%u WHERE id=%u
explain: for point_selects :: explain SELECT c FROM sbtest%u WHERE id=%u
explain: for point_selects :: explain SELECT c FROM sbtest%u WHERE id=%u
explain: for point_selects :: explain SELECT c FROM sbtest%u WHERE id=%u
explain: for point_selects :: explain SELECT c FROM sbtest%u WHERE id=%u
explain: for point_selects :: explain SELECT c FROM sbtest%u WHERE id=%u
explain: for point_selects :: explain SELECT c FROM sbtest%u WHERE id=%u
for point_selects
table 1 : explain SELECT c FROM sbtest1 WHERE id=986502
	Index Scan using sbtest1_pkey on sbtest1  (cost=0.43..8.45 rows=1 width=121)
	  Index Cond: (id = 986502)

table 2 : explain SELECT c FROM sbtest2 WHERE id=8440320
	Index Scan using sbtest2_pkey on sbtest2  (cost=0.43..8.45 rows=1 width=121)
	  Index Cond: (id = 8440320)

table 3 : explain SELECT c FROM sbtest3 WHERE id=7846200
	Index Scan using sbtest3_pkey on sbtest3  (cost=0.43..8.45 rows=1 width=121)
	  Index Cond: (id = 7846200)

table 4 : explain SELECT c FROM sbtest4 WHERE id=787412
	Index Scan using sbtest4_pkey on sbtest4  (cost=0.43..8.45 rows=1 width=121)
	  Index Cond: (id = 787412)

table 5 : explain SELECT c FROM sbtest5 WHERE id=8455637
	Index Scan using sbtest5_pkey on sbtest5  (cost=0.43..8.45 rows=1 width=121)
	  Index Cond: (id = 8455637)

table 6 : explain SELECT c FROM sbtest6 WHERE id=7799794
	Index Scan using sbtest6_pkey on sbtest6  (cost=0.43..8.45 rows=1 width=121)
	  Index Cond: (id = 7799794)

table 7 : explain SELECT c FROM sbtest7 WHERE id=7033692
	Index Scan using sbtest7_pkey on sbtest7  (cost=0.43..8.45 rows=1 width=121)
	  Index Cond: (id = 7033692)

table 8 : explain SELECT c FROM sbtest8 WHERE id=6302224
	Index Scan using sbtest8_pkey on sbtest8  (cost=0.43..8.45 rows=1 width=121)
	  Index Cond: (id = 6302224)

explain: for point_selects :: explain SELECT c FROM sbtest%u WHERE id=%u
for point_selects
table 1 : explain SELECT c FROM sbtest1 WHERE id=2351270
	Index Scan using sbtest1_pkey on sbtest1  (cost=0.43..8.45 rows=1 width=121)
	  Index Cond: (id = 2351270)

table 2 : explain SELECT c FROM sbtest2 WHERE id=9320024
	Index Scan using sbtest2_pkey on sbtest2  (cost=0.43..8.45 rows=1 width=121)
	  Index Cond: (id = 9320024)

table 3 : explain SELECT c FROM sbtest3 WHERE id=1497195
	Index Scan using sbtest3_pkey on sbtest3  (cost=0.43..8.45 rows=1 width=121)
	  Index Cond: (id = 1497195)

table 4 : explain SELECT c FROM sbtest4 WHERE id=7805247
	Index Scan using sbtest4_pkey on sbtest4  (cost=0.43..8.45 rows=1 width=121)
	  Index Cond: (id = 7805247)

table 5 : explain SELECT c FROM sbtest5 WHERE id=7657766
	Index Scan using sbtest5_pkey on sbtest5  (cost=0.43..8.45 rows=1 width=121)
	  Index Cond: (id = 7657766)

table 6 : explain SELECT c FROM sbtest6 WHERE id=9141751
	Index Scan using sbtest6_pkey on sbtest6  (cost=0.43..8.45 rows=1 width=121)
	  Index Cond: (id = 9141751)

table 7 : explain SELECT c FROM sbtest7 WHERE id=8374633
	Index Scan using sbtest7_pkey on sbtest7  (cost=0.43..8.45 rows=1 width=121)
	  Index Cond: (id = 8374633)

table 8 : explain SELECT c FROM sbtest8 WHERE id=5994964
	Index Scan using sbtest8_pkey on sbtest8  (cost=0.43..8.45 rows=1 width=121)
	  Index Cond: (id = 5994964)

for point_selects
table 1 : explain SELECT c FROM sbtest1 WHERE id=2424683
	Index Scan using sbtest1_pkey on sbtest1  (cost=0.43..8.45 rows=1 width=121)
	  Index Cond: (id = 2424683)

table 2 : explain SELECT c FROM sbtest2 WHERE id=2320821
	Index Scan using sbtest2_pkey on sbtest2  (cost=0.43..8.45 rows=1 width=121)
	  Index Cond: (id = 2320821)

table 3 : explain SELECT c FROM sbtest3 WHERE id=7822048
	Index Scan using sbtest3_pkey on sbtest3  (cost=0.43..8.45 rows=1 width=121)
	  Index Cond: (id = 7822048)

table 4 : explain SELECT c FROM sbtest4 WHERE id=6942306
	Index Scan using sbtest4_pkey on sbtest4  (cost=0.43..8.45 rows=1 width=121)
	  Index Cond: (id = 6942306)

table 5 : explain SELECT c FROM sbtest5 WHERE id=2125917
	Index Scan using sbtest5_pkey on sbtest5  (cost=0.43..8.45 rows=1 width=121)
	  Index Cond: (id = 2125917)

table 6 : explain SELECT c FROM sbtest6 WHERE id=7335320
	Index Scan using sbtest6_pkey on sbtest6  (cost=0.43..8.45 rows=1 width=121)
	  Index Cond: (id = 7335320)

table 7 : explain SELECT c FROM sbtest7 WHERE id=5925534
	Index Scan using sbtest7_pkey on sbtest7  (cost=0.43..8.45 rows=1 width=121)
	  Index Cond: (id = 5925534)

table 8 : explain SELECT c FROM sbtest8 WHERE id=9059685
	Index Scan using sbtest8_pkey on sbtest8  (cost=0.43..8.45 rows=1 width=121)
	  Index Cond: (id = 9059685)

explain: for point_selects :: explain SELECT c FROM sbtest%u WHERE id=%u
for point_selects
table 1 : explain SELECT c FROM sbtest1 WHERE id=6686712
	Index Scan using sbtest1_pkey on sbtest1  (cost=0.43..8.45 rows=1 width=121)
	  Index Cond: (id = 6686712)

table 2 : explain SELECT c FROM sbtest2 WHERE id=3105939
	Index Scan using sbtest2_pkey on sbtest2  (cost=0.43..8.45 rows=1 width=121)
	  Index Cond: (id = 3105939)

table 3 : explain SELECT c FROM sbtest3 WHERE id=1489139
	Index Scan using sbtest3_pkey on sbtest3  (cost=0.43..8.45 rows=1 width=121)
	  Index Cond: (id = 1489139)

table 4 : explain SELECT c FROM sbtest4 WHERE id=556106
	Index Scan using sbtest4_pkey on sbtest4  (cost=0.43..8.45 rows=1 width=121)
	  Index Cond: (id = 556106)

table 5 : explain SELECT c FROM sbtest5 WHERE id=1441628
	Index Scan using sbtest5_pkey on sbtest5  (cost=0.43..8.45 rows=1 width=121)
	  Index Cond: (id = 1441628)

table 6 : explain SELECT c FROM sbtest6 WHERE id=2224404
	Index Scan using sbtest6_pkey on sbtest6  (cost=0.43..8.45 rows=1 width=121)
	  Index Cond: (id = 2224404)

table 7 : explain SELECT c FROM sbtest7 WHERE id=5799581
	Index Scan using sbtest7_pkey on sbtest7  (cost=0.43..8.45 rows=1 width=121)
	  Index Cond: (id = 5799581)

table 8 : explain SELECT c FROM sbtest8 WHERE id=4043613
	Index Scan using sbtest8_pkey on sbtest8  (cost=0.43..8.45 rows=1 width=121)
	  Index Cond: (id = 4043613)

for point_selects
table 1 : explain SELECT c FROM sbtest1 WHERE id=4371700
	Index Scan using sbtest1_pkey on sbtest1  (cost=0.43..8.45 rows=1 width=121)
	  Index Cond: (id = 4371700)

table 2 : explain SELECT c FROM sbtest2 WHERE id=2233312
	Index Scan using sbtest2_pkey on sbtest2  (cost=0.43..8.45 rows=1 width=121)
	  Index Cond: (id = 2233312)

table 3 : explain SELECT c FROM sbtest3 WHERE id=5604619
	Index Scan using sbtest3_pkey on sbtest3  (cost=0.43..8.45 rows=1 width=121)
	  Index Cond: (id = 5604619)

table 4 : explain SELECT c FROM sbtest4 WHERE id=2931667
	Index Scan using sbtest4_pkey on sbtest4  (cost=0.43..8.45 rows=1 width=121)
	  Index Cond: (id = 2931667)

table 5 : explain SELECT c FROM sbtest5 WHERE id=6076198
	Index Scan using sbtest5_pkey on sbtest5  (cost=0.43..8.45 rows=1 width=121)
	  Index Cond: (id = 6076198)

table 6 : explain SELECT c FROM sbtest6 WHERE id=209937
	Index Scan using sbtest6_pkey on sbtest6  (cost=0.43..8.45 rows=1 width=121)
	  Index Cond: (id = 209937)

table 7 : explain SELECT c FROM sbtest7 WHERE id=4076319
	Index Scan using sbtest7_pkey on sbtest7  (cost=0.43..8.45 rows=1 width=121)
	  Index Cond: (id = 4076319)

table 8 : explain SELECT c FROM sbtest8 WHERE id=5988326
	Index Scan using sbtest8_pkey on sbtest8  (cost=0.43..8.45 rows=1 width=121)
	  Index Cond: (id = 5988326)

for: simple_ranges
table 1 : explain SELECT c FROM sbtest1 WHERE id BETWEEN 5214944 AND 5224943
	Bitmap Heap Scan on sbtest1  (cost=191.20..30743.83 rows=8855 width=121)
	  Recheck Cond: ((id >= 5214944) AND (id <= 5224943))
	  ->  Bitmap Index Scan on sbtest1_pkey  (cost=0.00..188.99 rows=8855 width=0)
	        Index Cond: ((id >= 5214944) AND (id <= 5224943))

table 2 : explain SELECT c FROM sbtest2 WHERE id BETWEEN 3747980 AND 3757979
	Bitmap Heap Scan on sbtest2  (cost=216.91..34981.82 rows=10193 width=121)
	  Recheck Cond: ((id >= 3747980) AND (id <= 3757979))
	  ->  Bitmap Index Scan on sbtest2_pkey  (cost=0.00..214.37 rows=10193 width=0)
	        Index Cond: ((id >= 3747980) AND (id <= 3757979))

table 3 : explain SELECT c FROM sbtest3 WHERE id BETWEEN 5154876 AND 5164875
	Bitmap Heap Scan on sbtest3  (cost=230.23..36597.93 rows=10712 width=121)
	  Recheck Cond: ((id >= 5154876) AND (id <= 5164875))
	  ->  Bitmap Index Scan on sbtest3_pkey  (cost=0.00..227.56 rows=10712 width=0)
	        Index Cond: ((id >= 5154876) AND (id <= 5164875))

table 4 : explain SELECT c FROM sbtest4 WHERE id BETWEEN 7896417 AND 7906416
	Bitmap Heap Scan on sbtest4  (cost=226.13..35403.19 rows=10312 width=121)
	  Recheck Cond: ((id >= 7896417) AND (id <= 7906416))
	  ->  Bitmap Index Scan on sbtest4_pkey  (cost=0.00..223.56 rows=10312 width=0)
	        Index Cond: ((id >= 7896417) AND (id <= 7906416))

table 5 : explain SELECT c FROM sbtest5 WHERE id BETWEEN 9695854 AND 9705853
	Bitmap Heap Scan on sbtest5  (cost=221.44..35193.87 rows=10244 width=121)
	  Recheck Cond: ((id >= 9695854) AND (id <= 9705853))
	  ->  Bitmap Index Scan on sbtest5_pkey  (cost=0.00..218.88 rows=10244 width=0)
	        Index Cond: ((id >= 9695854) AND (id <= 9705853))

table 6 : explain SELECT c FROM sbtest6 WHERE id BETWEEN 4797048 AND 4807047
	Bitmap Heap Scan on sbtest6  (cost=217.59..34026.67 rows=9869 width=121)
	  Recheck Cond: ((id >= 4797048) AND (id <= 4807047))
	  ->  Bitmap Index Scan on sbtest6_pkey  (cost=0.00..215.12 rows=9869 width=0)
	        Index Cond: ((id >= 4797048) AND (id <= 4807047))

table 7 : explain SELECT c FROM sbtest7 WHERE id BETWEEN 7872482 AND 7882481
	Bitmap Heap Scan on sbtest7  (cost=218.69..34403.82 rows=9976 width=121)
	  Recheck Cond: ((id >= 7872482) AND (id <= 7882481))
	  ->  Bitmap Index Scan on sbtest7_pkey  (cost=0.00..216.19 rows=9976 width=0)
	        Index Cond: ((id >= 7872482) AND (id <= 7882481))

table 8 : explain SELECT c FROM sbtest8 WHERE id BETWEEN 2396780 AND 2406779
	Bitmap Heap Scan on sbtest8  (cost=233.55..35282.57 rows=10255 width=121)
	  Recheck Cond: ((id >= 2396780) AND (id <= 2406779))
	  ->  Bitmap Index Scan on sbtest8_pkey  (cost=0.00..230.99 rows=10255 width=0)
	        Index Cond: ((id >= 2396780) AND (id <= 2406779))

for point_selects
table 1 : explain SELECT c FROM sbtest1 WHERE id=7000330
	Index Scan using sbtest1_pkey on sbtest1  (cost=0.43..8.45 rows=1 width=121)
	  Index Cond: (id = 7000330)

table 2 : explain SELECT c FROM sbtest2 WHERE id=8834689
	Index Scan using sbtest2_pkey on sbtest2  (cost=0.43..8.45 rows=1 width=121)
	  Index Cond: (id = 8834689)

table 3 : explain SELECT c FROM sbtest3 WHERE id=4898819
	Index Scan using sbtest3_pkey on sbtest3  (cost=0.43..8.45 rows=1 width=121)
	  Index Cond: (id = 4898819)

table 4 : explain SELECT c FROM sbtest4 WHERE id=8011869
	Index Scan using sbtest4_pkey on sbtest4  (cost=0.43..8.45 rows=1 width=121)
	  Index Cond: (id = 8011869)

table 5 : explain SELECT c FROM sbtest5 WHERE id=5709602
	Index Scan using sbtest5_pkey on sbtest5  (cost=0.43..8.45 rows=1 width=121)
	  Index Cond: (id = 5709602)

table 6 : explain SELECT c FROM sbtest6 WHERE id=1648267
	Index Scan using sbtest6_pkey on sbtest6  (cost=0.43..8.45 rows=1 width=121)
	  Index Cond: (id = 1648267)

table 7 : explain SELECT c FROM sbtest7 WHERE id=6297326
	Index Scan using sbtest7_pkey on sbtest7  (cost=0.43..8.45 rows=1 width=121)
	  Index Cond: (id = 6297326)

table 8 : explain SELECT c FROM sbtest8 WHERE id=9842673
	Index Scan using sbtest8_pkey on sbtest8  (cost=0.43..8.45 rows=1 width=121)
	  Index Cond: (id = 9842673)

for point_selects
table 1 : explain SELECT c FROM sbtest1 WHERE id=4706542
	Index Scan using sbtest1_pkey on sbtest1  (cost=0.43..8.45 rows=1 width=121)
	  Index Cond: (id = 4706542)

table 2 : explain SELECT c FROM sbtest2 WHERE id=6779048
	Index Scan using sbtest2_pkey on sbtest2  (cost=0.43..8.45 rows=1 width=121)
	  Index Cond: (id = 6779048)

table 3 : explain SELECT c FROM sbtest3 WHERE id=7114184
	Index Scan using sbtest3_pkey on sbtest3  (cost=0.43..8.45 rows=1 width=121)
	  Index Cond: (id = 7114184)

table 4 : explain SELECT c FROM sbtest4 WHERE id=7183327
	Index Scan using sbtest4_pkey on sbtest4  (cost=0.43..8.45 rows=1 width=121)
	  Index Cond: (id = 7183327)

table 5 : explain SELECT c FROM sbtest5 WHERE id=3464387
	Index Scan using sbtest5_pkey on sbtest5  (cost=0.43..8.45 rows=1 width=121)
	  Index Cond: (id = 3464387)

table 6 : explain SELECT c FROM sbtest6 WHERE id=6619810
	Index Scan using sbtest6_pkey on sbtest6  (cost=0.43..8.45 rows=1 width=121)
	  Index Cond: (id = 6619810)

table 7 : explain SELECT c FROM sbtest7 WHERE id=806680
	Index Scan using sbtest7_pkey on sbtest7  (cost=0.43..8.45 rows=1 width=121)
	  Index Cond: (id = 806680)

table 8 : explain SELECT c FROM sbtest8 WHERE id=6863990
	Index Scan using sbtest8_pkey on sbtest8  (cost=0.43..8.45 rows=1 width=121)
	  Index Cond: (id = 6863990)

for point_selects
table 1 : explain SELECT c FROM sbtest1 WHERE id=5841845
	Index Scan using sbtest1_pkey on sbtest1  (cost=0.43..8.45 rows=1 width=121)
	  Index Cond: (id = 5841845)

table 2 : explain SELECT c FROM sbtest2 WHERE id=2478732
	Index Scan using sbtest2_pkey on sbtest2  (cost=0.43..8.45 rows=1 width=121)
	  Index Cond: (id = 2478732)

table 3 : explain SELECT c FROM sbtest3 WHERE id=4915201
	Index Scan using sbtest3_pkey on sbtest3  (cost=0.43..8.45 rows=1 width=121)
	  Index Cond: (id = 4915201)

table 4 : explain SELECT c FROM sbtest4 WHERE id=5592174
	Index Scan using sbtest4_pkey on sbtest4  (cost=0.43..8.45 rows=1 width=121)
	  Index Cond: (id = 5592174)

table 5 : explain SELECT c FROM sbtest5 WHERE id=7793450
	Index Scan using sbtest5_pkey on sbtest5  (cost=0.43..8.45 rows=1 width=121)
	  Index Cond: (id = 7793450)

table 6 : explain SELECT c FROM sbtest6 WHERE id=819107
	Index Scan using sbtest6_pkey on sbtest6  (cost=0.43..8.45 rows=1 width=121)
	  Index Cond: (id = 819107)

table 7 : explain SELECT c FROM sbtest7 WHERE id=526083
	Index Scan using sbtest7_pkey on sbtest7  (cost=0.43..8.45 rows=1 width=121)
	  Index Cond: (id = 526083)

table 8 : explain SELECT c FROM sbtest8 WHERE id=4358584
	Index Scan using sbtest8_pkey on sbtest8  (cost=0.43..8.45 rows=1 width=121)
	  Index Cond: (id = 4358584)

for: simple_ranges
table 1 : explain SELECT c FROM sbtest1 WHERE id BETWEEN 1996605 AND 2006604
	Bitmap Heap Scan on sbtest1  (cost=213.71..33966.89 rows=9880 width=121)
	  Recheck Cond: ((id >= 1996605) AND (id <= 2006604))
	  ->  Bitmap Index Scan on sbtest1_pkey  (cost=0.00..211.24 rows=9880 width=0)
	        Index Cond: ((id >= 1996605) AND (id <= 2006604))

table 2 : explain SELECT c FROM sbtest2 WHERE id BETWEEN 4230085 AND 4240084
	Bitmap Heap Scan on sbtest2  (cost=216.05..34722.03 rows=10109 width=121)
	  Recheck Cond: ((id >= 4230085) AND (id <= 4240084))
	  ->  Bitmap Index Scan on sbtest2_pkey  (cost=0.00..213.53 rows=10109 width=0)
	        Index Cond: ((id >= 4230085) AND (id <= 4240084))

table 3 : explain SELECT c FROM sbtest3 WHERE id BETWEEN 2404411 AND 2414410
	Bitmap Heap Scan on sbtest3  (cost=213.16..33848.09 rows=9827 width=121)
	  Recheck Cond: ((id >= 2404411) AND (id <= 2414410))
	  ->  Bitmap Index Scan on sbtest3_pkey  (cost=0.00..210.70 rows=9827 width=0)
	        Index Cond: ((id >= 2404411) AND (id <= 2414410))

table 4 : explain SELECT c FROM sbtest4 WHERE id BETWEEN 9763935 AND 9773934
	Bitmap Heap Scan on sbtest4  (cost=220.39..34872.78 rows=10142 width=121)
	  Recheck Cond: ((id >= 9763935) AND (id <= 9773934))
	  ->  Bitmap Index Scan on sbtest4_pkey  (cost=0.00..217.86 rows=10142 width=0)
	        Index Cond: ((id >= 9763935) AND (id <= 9773934))

table 5 : explain SELECT c FROM sbtest5 WHERE id BETWEEN 7998623 AND 8008622
	Bitmap Heap Scan on sbtest5  (cost=221.71..35277.30 rows=10271 width=121)
	  Recheck Cond: ((id >= 7998623) AND (id <= 8008622))
	  ->  Bitmap Index Scan on sbtest5_pkey  (cost=0.00..219.15 rows=10271 width=0)
	        Index Cond: ((id >= 7998623) AND (id <= 8008622))

table 6 : explain SELECT c FROM sbtest6 WHERE id BETWEEN 2206981 AND 2216980
	Bitmap Heap Scan on sbtest6  (cost=209.74..32846.23 rows=9493 width=121)
	  Recheck Cond: ((id >= 2206981) AND (id <= 2216980))
	  ->  Bitmap Index Scan on sbtest6_pkey  (cost=0.00..207.37 rows=9493 width=0)
	        Index Cond: ((id >= 2206981) AND (id <= 2216980))

table 7 : explain SELECT c FROM sbtest7 WHERE id BETWEEN 8740894 AND 8750893
	Bitmap Heap Scan on sbtest7  (cost=220.36..34909.75 rows=10139 width=121)
	  Recheck Cond: ((id >= 8740894) AND (id <= 8750893))
	  ->  Bitmap Index Scan on sbtest7_pkey  (cost=0.00..217.82 rows=10139 width=0)
	        Index Cond: ((id >= 8740894) AND (id <= 8750893))

table 8 : explain SELECT c FROM sbtest8 WHERE id BETWEEN 5100426 AND 5110425
	Bitmap Heap Scan on sbtest8  (cost=243.48..37077.11 rows=10834 width=121)
	  Recheck Cond: ((id >= 5100426) AND (id <= 5110425))
	  ->  Bitmap Index Scan on sbtest8_pkey  (cost=0.00..240.78 rows=10834 width=0)
	        Index Cond: ((id >= 5100426) AND (id <= 5110425))

for: simple_ranges
table 1 : explain SELECT c FROM sbtest1 WHERE id BETWEEN 9843162 AND 9853161
	Bitmap Heap Scan on sbtest1  (cost=207.06..33158.44 rows=9622 width=121)
	  Recheck Cond: ((id >= 9843162) AND (id <= 9853161))
	  ->  Bitmap Index Scan on sbtest1_pkey  (cost=0.00..204.66 rows=9622 width=0)
	        Index Cond: ((id >= 9843162) AND (id <= 9853161))

table 2 : explain SELECT c FROM sbtest2 WHERE id BETWEEN 2819879 AND 2829878
	Bitmap Heap Scan on sbtest2  (cost=237.72..37640.47 rows=11052 width=121)
	  Recheck Cond: ((id >= 2819879) AND (id <= 2829878))
	  ->  Bitmap Index Scan on sbtest2_pkey  (cost=0.00..234.95 rows=11052 width=0)
	        Index Cond: ((id >= 2819879) AND (id <= 2829878))

table 3 : explain SELECT c FROM sbtest3 WHERE id BETWEEN 7390774 AND 7400773
	Bitmap Heap Scan on sbtest3  (cost=215.34..34510.66 rows=10040 width=121)
	  Recheck Cond: ((id >= 7390774) AND (id <= 7400773))
	  ->  Bitmap Index Scan on sbtest3_pkey  (cost=0.00..212.84 rows=10040 width=0)
	        Index Cond: ((id >= 7390774) AND (id <= 7400773))

table 4 : explain SELECT c FROM sbtest4 WHERE id BETWEEN 3776261 AND 3786260
	Bitmap Heap Scan on sbtest4  (cost=210.08..32943.27 rows=9526 width=121)
	  Recheck Cond: ((id >= 3776261) AND (id <= 3786260))
	  ->  Bitmap Index Scan on sbtest4_pkey  (cost=0.00..207.69 rows=9526 width=0)
	        Index Cond: ((id >= 3776261) AND (id <= 3786260))

table 5 : explain SELECT c FROM sbtest5 WHERE id BETWEEN 7398789 AND 7408788
	Bitmap Heap Scan on sbtest5  (cost=236.13..37219.11 rows=10897 width=121)
	  Recheck Cond: ((id >= 7398789) AND (id <= 7408788))
	  ->  Bitmap Index Scan on sbtest5_pkey  (cost=0.00..233.41 rows=10897 width=0)
	        Index Cond: ((id >= 7398789) AND (id <= 7408788))

table 6 : explain SELECT c FROM sbtest6 WHERE id BETWEEN 5228059 AND 5238058
	Bitmap Heap Scan on sbtest6  (cost=231.90..35945.99 rows=10484 width=121)
	  Recheck Cond: ((id >= 5228059) AND (id <= 5238058))
	  ->  Bitmap Index Scan on sbtest6_pkey  (cost=0.00..229.28 rows=10484 width=0)
	        Index Cond: ((id >= 5228059) AND (id <= 5238058))

table 7 : explain SELECT c FROM sbtest7 WHERE id BETWEEN 5218178 AND 5228177
	Bitmap Heap Scan on sbtest7  (cost=227.22..35781.45 rows=10418 width=121)
	  Recheck Cond: ((id >= 5218178) AND (id <= 5228177))
	  ->  Bitmap Index Scan on sbtest7_pkey  (cost=0.00..224.62 rows=10418 width=0)
	        Index Cond: ((id >= 5218178) AND (id <= 5228177))

table 8 : explain SELECT c FROM sbtest8 WHERE id BETWEEN 41259 AND 51258
	Bitmap Heap Scan on sbtest8  (cost=206.75..31960.33 rows=9201 width=121)
	  Recheck Cond: ((id >= 41259) AND (id <= 51258))
	  ->  Bitmap Index Scan on sbtest8_pkey  (cost=0.00..204.44 rows=9201 width=0)
	        Index Cond: ((id >= 41259) AND (id <= 51258))

for: simple_ranges
table 1 : explain SELECT c FROM sbtest1 WHERE id BETWEEN 4895847 AND 4905846
	Bitmap Heap Scan on sbtest1  (cost=198.83..31861.79 rows=9209 width=121)
	  Recheck Cond: ((id >= 4895847) AND (id <= 4905846))
	  ->  Bitmap Index Scan on sbtest1_pkey  (cost=0.00..196.53 rows=9209 width=0)
	        Index Cond: ((id >= 4895847) AND (id <= 4905846))

table 2 : explain SELECT c FROM sbtest2 WHERE id BETWEEN 4414139 AND 4424138
	Bitmap Heap Scan on sbtest2  (cost=238.10..37751.50 rows=11089 width=121)
	  Recheck Cond: ((id >= 4414139) AND (id <= 4424138))
	  ->  Bitmap Index Scan on sbtest2_pkey  (cost=0.00..235.32 rows=11089 width=0)
	        Index Cond: ((id >= 4414139) AND (id <= 4424138))

table 3 : explain SELECT c FROM sbtest3 WHERE id BETWEEN 9591107 AND 9601106
	Bitmap Heap Scan on sbtest3  (cost=205.37..32688.41 rows=9457 width=121)
	  Recheck Cond: ((id >= 9591107) AND (id <= 9601106))
	  ->  Bitmap Index Scan on sbtest3_pkey  (cost=0.00..203.00 rows=9457 width=0)
	        Index Cond: ((id >= 9591107) AND (id <= 9601106))

table 4 : explain SELECT c FROM sbtest4 WHERE id BETWEEN 4679029 AND 4689028
	Bitmap Heap Scan on sbtest4  (cost=202.96..31982.31 rows=9222 width=121)
	  Recheck Cond: ((id >= 4679029) AND (id <= 4689028))
	  ->  Bitmap Index Scan on sbtest4_pkey  (cost=0.00..200.66 rows=9222 width=0)
	        Index Cond: ((id >= 4679029) AND (id <= 4689028))

table 5 : explain SELECT c FROM sbtest5 WHERE id BETWEEN 9296497 AND 9306496
	Bitmap Heap Scan on sbtest5  (cost=239.13..38118.72 rows=11190 width=121)
	  Recheck Cond: ((id >= 9296497) AND (id <= 9306496))
	  ->  Bitmap Index Scan on sbtest5_pkey  (cost=0.00..236.34 rows=11190 width=0)
	        Index Cond: ((id >= 9296497) AND (id <= 9306496))

table 6 : explain SELECT c FROM sbtest6 WHERE id BETWEEN 3742242 AND 3752241
	Bitmap Heap Scan on sbtest6  (cost=226.68..35573.69 rows=10365 width=121)
	  Recheck Cond: ((id >= 3742242) AND (id <= 3752241))
	  ->  Bitmap Index Scan on sbtest6_pkey  (cost=0.00..224.09 rows=10365 width=0)
	        Index Cond: ((id >= 3742242) AND (id <= 3752241))

table 7 : explain SELECT c FROM sbtest7 WHERE id BETWEEN 1362913 AND 1372912
	Bitmap Heap Scan on sbtest7  (cost=212.29..33666.59 rows=9742 width=121)
	  Recheck Cond: ((id >= 1362913) AND (id <= 1372912))
	  ->  Bitmap Index Scan on sbtest7_pkey  (cost=0.00..209.86 rows=9742 width=0)
	        Index Cond: ((id >= 1362913) AND (id <= 1372912))

table 8 : explain SELECT c FROM sbtest8 WHERE id BETWEEN 2459060 AND 2469059
	Bitmap Heap Scan on sbtest8  (cost=214.41..33091.75 rows=9559 width=121)
	  Recheck Cond: ((id >= 2459060) AND (id <= 2469059))
	  ->  Bitmap Index Scan on sbtest8_pkey  (cost=0.00..212.03 rows=9559 width=0)
	        Index Cond: ((id >= 2459060) AND (id <= 2469059))

for: simple_ranges
table 1 : explain SELECT c FROM sbtest1 WHERE id BETWEEN 6021791 AND 6031790
	Bitmap Heap Scan on sbtest1  (cost=214.43..34188.45 rows=9951 width=121)
	  Recheck Cond: ((id >= 6021791) AND (id <= 6031790))
	  ->  Bitmap Index Scan on sbtest1_pkey  (cost=0.00..211.94 rows=9951 width=0)
	        Index Cond: ((id >= 6021791) AND (id <= 6031790))

table 2 : explain SELECT c FROM sbtest2 WHERE id BETWEEN 9277376 AND 9287375
	Bitmap Heap Scan on sbtest2  (cost=206.78..33114.93 rows=9595 width=121)
	  Recheck Cond: ((id >= 9277376) AND (id <= 9287375))
	  ->  Bitmap Index Scan on sbtest2_pkey  (cost=0.00..204.38 rows=9595 width=0)
	        Index Cond: ((id >= 9277376) AND (id <= 9287375))

table 3 : explain SELECT c FROM sbtest3 WHERE id BETWEEN 4033159 AND 4043158
	Bitmap Heap Scan on sbtest3  (cost=200.42..32389.81 rows=9364 width=121)
	  Recheck Cond: ((id >= 4033159) AND (id <= 4043158))
	  ->  Bitmap Index Scan on sbtest3_pkey  (cost=0.00..198.07 rows=9364 width=0)
	        Index Cond: ((id >= 4033159) AND (id <= 4043158))

table 4 : explain SELECT c FROM sbtest4 WHERE id BETWEEN 8220819 AND 8230818
	Bitmap Heap Scan on sbtest4  (cost=212.88..33803.01 rows=9800 width=121)
	  Recheck Cond: ((id >= 8220819) AND (id <= 8230818))
	  ->  Bitmap Index Scan on sbtest4_pkey  (cost=0.00..210.44 rows=9800 width=0)
	        Index Cond: ((id >= 8220819) AND (id <= 8230818))

table 5 : explain SELECT c FROM sbtest5 WHERE id BETWEEN 5694907 AND 5704906
	Bitmap Heap Scan on sbtest5  (cost=223.28..35751.71 rows=10424 width=121)
	  Recheck Cond: ((id >= 5694907) AND (id <= 5704906))
	  ->  Bitmap Index Scan on sbtest5_pkey  (cost=0.00..220.68 rows=10424 width=0)
	        Index Cond: ((id >= 5694907) AND (id <= 5704906))

table 6 : explain SELECT c FROM sbtest6 WHERE id BETWEEN 2931429 AND 2941428
	Bitmap Heap Scan on sbtest6  (cost=217.54..34010.55 rows=9864 width=121)
	  Recheck Cond: ((id >= 2931429) AND (id <= 2941428))
	  ->  Bitmap Index Scan on sbtest6_pkey  (cost=0.00..215.07 rows=9864 width=0)
	        Index Cond: ((id >= 2931429) AND (id <= 2941428))

table 7 : explain SELECT c FROM sbtest7 WHERE id BETWEEN 5572113 AND 5582112
	Bitmap Heap Scan on sbtest7  (cost=226.25..35489.31 rows=10323 width=121)
	  Recheck Cond: ((id >= 5572113) AND (id <= 5582112))
	  ->  Bitmap Index Scan on sbtest7_pkey  (cost=0.00..223.67 rows=10323 width=0)
	        Index Cond: ((id >= 5572113) AND (id <= 5582112))

table 8 : explain SELECT c FROM sbtest8 WHERE id BETWEEN 9355492 AND 9365491
	Bitmap Heap Scan on sbtest8  (cost=235.58..35895.76 rows=10453 width=121)
	  Recheck Cond: ((id >= 9355492) AND (id <= 9365491))
	  ->  Bitmap Index Scan on sbtest8_pkey  (cost=0.00..232.97 rows=10453 width=0)
	        Index Cond: ((id >= 9355492) AND (id <= 9365491))

for point_selects
table 1 : explain SELECT c FROM sbtest1 WHERE id=1138981
	Index Scan using sbtest1_pkey on sbtest1  (cost=0.43..8.45 rows=1 width=121)
	  Index Cond: (id = 1138981)

table 2 : explain SELECT c FROM sbtest2 WHERE id=1136777
	Index Scan using sbtest2_pkey on sbtest2  (cost=0.43..8.45 rows=1 width=121)
	  Index Cond: (id = 1136777)

table 3 : explain SELECT c FROM sbtest3 WHERE id=8581140
	Index Scan using sbtest3_pkey on sbtest3  (cost=0.43..8.45 rows=1 width=121)
	  Index Cond: (id = 8581140)

table 4 : explain SELECT c FROM sbtest4 WHERE id=4089310
	Index Scan using sbtest4_pkey on sbtest4  (cost=0.43..8.45 rows=1 width=121)
	  Index Cond: (id = 4089310)

table 5 : explain SELECT c FROM sbtest5 WHERE id=2492549
	Index Scan using sbtest5_pkey on sbtest5  (cost=0.43..8.45 rows=1 width=121)
	  Index Cond: (id = 2492549)

table 6 : explain SELECT c FROM sbtest6 WHERE id=3955080
	Index Scan using sbtest6_pkey on sbtest6  (cost=0.43..8.45 rows=1 width=121)
	  Index Cond: (id = 3955080)

table 7 : explain SELECT c FROM sbtest7 WHERE id=9892958
	Index Scan using sbtest7_pkey on sbtest7  (cost=0.43..8.45 rows=1 width=121)
	  Index Cond: (id = 9892958)

table 8 : explain SELECT c FROM sbtest8 WHERE id=7306105
	Index Scan using sbtest8_pkey on sbtest8  (cost=0.43..8.45 rows=1 width=121)
	  Index Cond: (id = 7306105)

for: simple_ranges
table 1 : explain SELECT c FROM sbtest1 WHERE id BETWEEN 4552722 AND 4562721
	Bitmap Heap Scan on sbtest1  (cost=214.51..34210.94 rows=9959 width=121)
	  Recheck Cond: ((id >= 4552722) AND (id <= 4562721))
	  ->  Bitmap Index Scan on sbtest1_pkey  (cost=0.00..212.03 rows=9959 width=0)
	        Index Cond: ((id >= 4552722) AND (id <= 4562721))

table 2 : explain SELECT c FROM sbtest2 WHERE id BETWEEN 2837144 AND 2847143
	Bitmap Heap Scan on sbtest2  (cost=236.86..37383.39 rows=10968 width=121)
	  Recheck Cond: ((id >= 2837144) AND (id <= 2847143))
	  ->  Bitmap Index Scan on sbtest2_pkey  (cost=0.00..234.12 rows=10968 width=0)
	        Index Cond: ((id >= 2837144) AND (id <= 2847143))

table 3 : explain SELECT c FROM sbtest3 WHERE id BETWEEN 9699037 AND 9709036
	Bitmap Heap Scan on sbtest3  (cost=215.79..34645.52 rows=10083 width=121)
	  Recheck Cond: ((id >= 9699037) AND (id <= 9709036))
	  ->  Bitmap Index Scan on sbtest3_pkey  (cost=0.00..213.26 rows=10083 width=0)
	        Index Cond: ((id >= 9699037) AND (id <= 9709036))

table 4 : explain SELECT c FROM sbtest4 WHERE id BETWEEN 5184638 AND 5194637
	Bitmap Heap Scan on sbtest4  (cost=218.04..34158.48 rows=9913 width=121)
	  Recheck Cond: ((id >= 5184638) AND (id <= 5194637))
	  ->  Bitmap Index Scan on sbtest4_pkey  (cost=0.00..215.56 rows=9913 width=0)
	        Index Cond: ((id >= 5184638) AND (id <= 5194637))

table 5 : explain SELECT c FROM sbtest5 WHERE id BETWEEN 2408674 AND 2418673
	Bitmap Heap Scan on sbtest5  (cost=212.97..33831.82 rows=9808 width=121)
	  Recheck Cond: ((id >= 2408674) AND (id <= 2418673))
	  ->  Bitmap Index Scan on sbtest5_pkey  (cost=0.00..210.51 rows=9808 width=0)
	        Index Cond: ((id >= 2408674) AND (id <= 2418673))

table 6 : explain SELECT c FROM sbtest6 WHERE id BETWEEN 9658922 AND 9668921
	Bitmap Heap Scan on sbtest6  (cost=209.10..32648.56 rows=9431 width=121)
	  Recheck Cond: ((id >= 9658922) AND (id <= 9668921))
	  ->  Bitmap Index Scan on sbtest6_pkey  (cost=0.00..206.75 rows=9431 width=0)
	        Index Cond: ((id >= 9658922) AND (id <= 9668921))

table 7 : explain SELECT c FROM sbtest7 WHERE id BETWEEN 8688549 AND 8698548
	Bitmap Heap Scan on sbtest7  (cost=212.73..33802.40 rows=9785 width=121)
	  Recheck Cond: ((id >= 8688549) AND (id <= 8698548))
	  ->  Bitmap Index Scan on sbtest7_pkey  (cost=0.00..210.29 rows=9785 width=0)
	        Index Cond: ((id >= 8688549) AND (id <= 8698548))

table 8 : explain SELECT c FROM sbtest8 WHERE id BETWEEN 152111 AND 162110
	Bitmap Heap Scan on sbtest8  (cost=219.13..33316.09 rows=9629 width=121)
	  Recheck Cond: ((id >= 152111) AND (id <= 162110))
	  ->  Bitmap Index Scan on sbtest8_pkey  (cost=0.00..216.73 rows=9629 width=0)
	        Index Cond: ((id >= 152111) AND (id <= 162110))

for: simple_ranges
table 1 : explain SELECT c FROM sbtest1 WHERE id BETWEEN 1426380 AND 1436379
	Bitmap Heap Scan on sbtest1  (cost=215.60..34541.28 rows=10065 width=121)
	  Recheck Cond: ((id >= 1426380) AND (id <= 1436379))
	  ->  Bitmap Index Scan on sbtest1_pkey  (cost=0.00..213.09 rows=10065 width=0)
	        Index Cond: ((id >= 1426380) AND (id <= 1436379))

table 2 : explain SELECT c FROM sbtest2 WHERE id BETWEEN 9691903 AND 9701902
	Bitmap Heap Scan on sbtest2  (cost=214.46..34240.25 rows=9954 width=121)
	  Recheck Cond: ((id >= 9691903) AND (id <= 9701902))
	  ->  Bitmap Index Scan on sbtest2_pkey  (cost=0.00..211.98 rows=9954 width=0)
	        Index Cond: ((id >= 9691903) AND (id <= 9701902))

table 3 : explain SELECT c FROM sbtest3 WHERE id BETWEEN 3232098 AND 3242097
	Bitmap Heap Scan on sbtest3  (cost=213.24..33873.85 rows=9835 width=121)
	  Recheck Cond: ((id >= 3232098) AND (id <= 3242097))
	  ->  Bitmap Index Scan on sbtest3_pkey  (cost=0.00..210.79 rows=9835 width=0)
	        Index Cond: ((id >= 3232098) AND (id <= 3242097))

table 4 : explain SELECT c FROM sbtest4 WHERE id BETWEEN 9005077 AND 9015076
	Bitmap Heap Scan on sbtest4  (cost=233.71..36488.65 rows=10661 width=121)
	  Recheck Cond: ((id >= 9005077) AND (id <= 9015076))
	  ->  Bitmap Index Scan on sbtest4_pkey  (cost=0.00..231.05 rows=10661 width=0)
	        Index Cond: ((id >= 9005077) AND (id <= 9015076))

table 5 : explain SELECT c FROM sbtest5 WHERE id BETWEEN 2028670 AND 2038669
	Bitmap Heap Scan on sbtest5  (cost=213.00..33841.50 rows=9811 width=121)
	  Recheck Cond: ((id >= 2028670) AND (id <= 2038669))
	  ->  Bitmap Index Scan on sbtest5_pkey  (cost=0.00..210.55 rows=9811 width=0)
	        Index Cond: ((id >= 2028670) AND (id <= 2038669))

table 6 : explain SELECT c FROM sbtest6 WHERE id BETWEEN 1739582 AND 1749581
	Bitmap Heap Scan on sbtest6  (cost=218.47..34294.16 rows=9955 width=121)
	  Recheck Cond: ((id >= 1739582) AND (id <= 1749581))
	  ->  Bitmap Index Scan on sbtest6_pkey  (cost=0.00..215.99 rows=9955 width=0)
	        Index Cond: ((id >= 1739582) AND (id <= 1749581))

table 7 : explain SELECT c FROM sbtest7 WHERE id BETWEEN 2480180 AND 2490179
	Bitmap Heap Scan on sbtest7  (cost=234.55..36794.08 rows=10743 width=121)
	  Recheck Cond: ((id >= 2480180) AND (id <= 2490179))
	  ->  Bitmap Index Scan on sbtest7_pkey  (cost=0.00..231.87 rows=10743 width=0)
	        Index Cond: ((id >= 2480180) AND (id <= 2490179))

table 8 : explain SELECT c FROM sbtest8 WHERE id BETWEEN 6502311 AND 6512310
	Bitmap Heap Scan on sbtest8  (cost=220.77..33817.64 rows=9789 width=121)
	  Recheck Cond: ((id >= 6502311) AND (id <= 6512310))
	  ->  Bitmap Index Scan on sbtest8_pkey  (cost=0.00..218.32 rows=9789 width=0)
	        Index Cond: ((id >= 6502311) AND (id <= 6512310))

for: simple_ranges
table 1 : explain SELECT c FROM sbtest1 WHERE id BETWEEN 6919272 AND 6929271
	Bitmap Heap Scan on sbtest1  (cost=221.91..35243.00 rows=10290 width=121)
	  Recheck Cond: ((id >= 6919272) AND (id <= 6929271))
	  ->  Bitmap Index Scan on sbtest1_pkey  (cost=0.00..219.34 rows=10290 width=0)
	        Index Cond: ((id >= 6919272) AND (id <= 6929271))

table 2 : explain SELECT c FROM sbtest2 WHERE id BETWEEN 3084865 AND 3094864
	Bitmap Heap Scan on sbtest2  (cost=222.65..35507.78 rows=10362 width=121)
	  Recheck Cond: ((id >= 3084865) AND (id <= 3094864))
	  ->  Bitmap Index Scan on sbtest2_pkey  (cost=0.00..220.06 rows=10362 width=0)
	        Index Cond: ((id >= 3084865) AND (id <= 3094864))

table 3 : explain SELECT c FROM sbtest3 WHERE id BETWEEN 5082545 AND 5092544
	Bitmap Heap Scan on sbtest3  (cost=212.85..33754.67 rows=9797 width=121)
	  Recheck Cond: ((id >= 5082545) AND (id <= 5092544))
	  ->  Bitmap Index Scan on sbtest3_pkey  (cost=0.00..210.41 rows=9797 width=0)
	        Index Cond: ((id >= 5082545) AND (id <= 5092544))

table 4 : explain SELECT c FROM sbtest4 WHERE id BETWEEN 6672429 AND 6682428
	Bitmap Heap Scan on sbtest4  (cost=210.45..33056.56 rows=9562 width=121)
	  Recheck Cond: ((id >= 6672429) AND (id <= 6682428))
	  ->  Bitmap Index Scan on sbtest4_pkey  (cost=0.00..208.06 rows=9562 width=0)
	        Index Cond: ((id >= 6672429) AND (id <= 6682428))

table 5 : explain SELECT c FROM sbtest5 WHERE id BETWEEN 7215105 AND 7225104
	Bitmap Heap Scan on sbtest5  (cost=236.06..37196.82 rows=10890 width=121)
	  Recheck Cond: ((id >= 7215105) AND (id <= 7225104))
	  ->  Bitmap Index Scan on sbtest5_pkey  (cost=0.00..233.34 rows=10890 width=0)
	        Index Cond: ((id >= 7215105) AND (id <= 7225104))

table 6 : explain SELECT c FROM sbtest6 WHERE id BETWEEN 2517547 AND 2527546
	Bitmap Heap Scan on sbtest6  (cost=226.43..35499.96 rows=10341 width=121)
	  Recheck Cond: ((id >= 2517547) AND (id <= 2527546))
	  ->  Bitmap Index Scan on sbtest6_pkey  (cost=0.00..223.84 rows=10341 width=0)
	        Index Cond: ((id >= 2517547) AND (id <= 2527546))

table 7 : explain SELECT c FROM sbtest7 WHERE id BETWEEN 4850110 AND 4860109
	Bitmap Heap Scan on sbtest7  (cost=221.54..35270.02 rows=10254 width=121)
	  Recheck Cond: ((id >= 4850110) AND (id <= 4860109))
	  ->  Bitmap Index Scan on sbtest7_pkey  (cost=0.00..218.98 rows=10254 width=0)
	        Index Cond: ((id >= 4850110) AND (id <= 4860109))

table 8 : explain SELECT c FROM sbtest8 WHERE id BETWEEN 9915017 AND 9925016
	Bitmap Heap Scan on sbtest8  (cost=219.00..33277.21 rows=9616 width=121)
	  Recheck Cond: ((id >= 9915017) AND (id <= 9925016))
	  ->  Bitmap Index Scan on sbtest8_pkey  (cost=0.00..216.59 rows=9616 width=0)
	        Index Cond: ((id >= 9915017) AND (id <= 9925016))

for point_selects
table 1 : explain SELECT c FROM sbtest1 WHERE id=2628985
	Index Scan using sbtest1_pkey on sbtest1  (cost=0.43..8.45 rows=1 width=121)
	  Index Cond: (id = 2628985)

table 2 : explain SELECT c FROM sbtest2 WHERE id=3123676
	Index Scan using sbtest2_pkey on sbtest2  (cost=0.43..8.45 rows=1 width=121)
	  Index Cond: (id = 3123676)

table 3 : explain SELECT c FROM sbtest3 WHERE id=7006822
	Index Scan using sbtest3_pkey on sbtest3  (cost=0.43..8.45 rows=1 width=121)
	  Index Cond: (id = 7006822)

table 4 : explain SELECT c FROM sbtest4 WHERE id=3979993
	Index Scan using sbtest4_pkey on sbtest4  (cost=0.43..8.45 rows=1 width=121)
	  Index Cond: (id = 3979993)

table 5 : explain SELECT c FROM sbtest5 WHERE id=2769581
	Index Scan using sbtest5_pkey on sbtest5  (cost=0.43..8.45 rows=1 width=121)
	  Index Cond: (id = 2769581)

table 6 : explain SELECT c FROM sbtest6 WHERE id=2158760
	Index Scan using sbtest6_pkey on sbtest6  (cost=0.43..8.45 rows=1 width=121)
	  Index Cond: (id = 2158760)

table 7 : explain SELECT c FROM sbtest7 WHERE id=7578916
	Index Scan using sbtest7_pkey on sbtest7  (cost=0.43..8.45 rows=1 width=121)
	  Index Cond: (id = 7578916)

table 8 : explain SELECT c FROM sbtest8 WHERE id=1182650
	Index Scan using sbtest8_pkey on sbtest8  (cost=0.43..8.45 rows=1 width=121)
	  Index Cond: (id = 1182650)

explain: for point_selects :: explain SELECT c FROM sbtest%u WHERE id=%u
explain: for point_selects :: explain SELECT c FROM sbtest%u WHERE id=%u
explain: for point_selects :: explain SELECT c FROM sbtest%u WHERE id=%u
explain: for point_selects :: explain SELECT c FROM sbtest%u WHERE id=%u
for: sum_ranges
table 1 : explain SELECT SUM(k) FROM sbtest1 WHERE id BETWEEN 4777742 AND 4787741
	Aggregate  (cost=34200.48..34200.49 rows=1 width=8)
	  ->  Bitmap Heap Scan on sbtest1  (cost=214.39..34175.62 rows=9947 width=4)
	        Recheck Cond: ((id >= 4777742) AND (id <= 4787741))
	        ->  Bitmap Index Scan on sbtest1_pkey  (cost=0.00..211.91 rows=9947 width=0)
	              Index Cond: ((id >= 4777742) AND (id <= 4787741))

table 2 : explain SELECT SUM(k) FROM sbtest2 WHERE id BETWEEN 8560675 AND 8570674
	Aggregate  (cost=34628.46..34628.47 rows=1 width=8)
	  ->  Bitmap Heap Scan on sbtest2  (cost=215.66..34603.28 rows=10071 width=4)
	        Recheck Cond: ((id >= 8560675) AND (id <= 8570674))
	        ->  Bitmap Index Scan on sbtest2_pkey  (cost=0.00..213.15 rows=10071 width=0)
	              Index Cond: ((id >= 8560675) AND (id <= 8570674))

table 3 : explain SELECT SUM(k) FROM sbtest3 WHERE id BETWEEN 5833460 AND 5843459
	Aggregate  (cost=38021.43..38021.44 rows=1 width=8)
	  ->  Bitmap Heap Scan on sbtest3  (cost=238.89..37993.52 rows=11166 width=4)
	        Recheck Cond: ((id >= 5833460) AND (id <= 5843459))
	        ->  Bitmap Index Scan on sbtest3_pkey  (cost=0.00..236.09 rows=11166 width=0)
	              Index Cond: ((id >= 5833460) AND (id <= 5843459))

table 4 : explain SELECT SUM(k) FROM sbtest4 WHERE id BETWEEN 4083246 AND 4093245
	Aggregate  (cost=36339.49..36339.50 rows=1 width=8)
	  ->  Bitmap Heap Scan on sbtest4  (cost=233.13..36312.98 rows=10604 width=4)
	        Recheck Cond: ((id >= 4083246) AND (id <= 4093245))
	        ->  Bitmap Index Scan on sbtest4_pkey  (cost=0.00..230.48 rows=10604 width=0)
	              Index Cond: ((id >= 4083246) AND (id <= 4093245))

table 5 : explain SELECT SUM(k) FROM sbtest5 WHERE id BETWEEN 4345335 AND 4355334
	Aggregate  (cost=34233.90..34233.91 rows=1 width=8)
	  ->  Bitmap Heap Scan on sbtest5  (cost=214.21..34209.07 rows=9929 width=4)
	        Recheck Cond: ((id >= 4345335) AND (id <= 4355334))
	        ->  Bitmap Index Scan on sbtest5_pkey  (cost=0.00..211.73 rows=9929 width=0)
	              Index Cond: ((id >= 4345335) AND (id <= 4355334))

table 6 : explain SELECT SUM(k) FROM sbtest6 WHERE id BETWEEN 3975187 AND 3985186
	Aggregate  (cost=35101.96..35101.97 rows=1 width=8)
	  ->  Bitmap Heap Scan on sbtest6  (cost=225.04..35076.45 rows=10205 width=4)
	        Recheck Cond: ((id >= 3975187) AND (id <= 3985186))
	        ->  Bitmap Index Scan on sbtest6_pkey  (cost=0.00..222.49 rows=10205 width=0)
	              Index Cond: ((id >= 3975187) AND (id <= 3985186))

table 7 : explain SELECT SUM(k) FROM sbtest7 WHERE id BETWEEN 514219 AND 524218
	Aggregate  (cost=37370.50..37370.51 rows=1 width=8)
	  ->  Bitmap Heap Scan on sbtest7  (cost=236.38..37343.19 rows=10921 width=4)
	        Recheck Cond: ((id >= 514219) AND (id <= 524218))
	        ->  Bitmap Index Scan on sbtest7_pkey  (cost=0.00..233.65 rows=10921 width=0)
	              Index Cond: ((id >= 514219) AND (id <= 524218))

table 8 : explain SELECT SUM(k) FROM sbtest8 WHERE id BETWEEN 1772371 AND 1782370
	Aggregate  (cost=36806.90..36806.91 rows=1 width=8)
	  ->  Bitmap Heap Scan on sbtest8  (cost=242.49..36780.06 rows=10737 width=4)
	        Recheck Cond: ((id >= 1772371) AND (id <= 1782370))
	        ->  Bitmap Index Scan on sbtest8_pkey  (cost=0.00..239.81 rows=10737 width=0)
	              Index Cond: ((id >= 1772371) AND (id <= 1782370))

explain: for point_selects :: explain SELECT c FROM sbtest%u WHERE id=%u
explain: for point_selects :: explain SELECT c FROM sbtest%u WHERE id=%u
for: simple_ranges
table 1 : explain SELECT c FROM sbtest1 WHERE id BETWEEN 1091500 AND 1101499
	Bitmap Heap Scan on sbtest1  (cost=237.63..37560.78 rows=11043 width=121)
	  Recheck Cond: ((id >= 1091500) AND (id <= 1101499))
	  ->  Bitmap Index Scan on sbtest1_pkey  (cost=0.00..234.87 rows=11043 width=0)
	        Index Cond: ((id >= 1091500) AND (id <= 1101499))

table 2 : explain SELECT c FROM sbtest2 WHERE id BETWEEN 171336 AND 181335
	Bitmap Heap Scan on sbtest2  (cost=213.45..33931.43 rows=9855 width=121)
	  Recheck Cond: ((id >= 171336) AND (id <= 181335))
	  ->  Bitmap Index Scan on sbtest2_pkey  (cost=0.00..210.99 rows=9855 width=0)
	        Index Cond: ((id >= 171336) AND (id <= 181335))

table 3 : explain SELECT c FROM sbtest3 WHERE id BETWEEN 334086 AND 344085
	Bitmap Heap Scan on sbtest3  (cost=197.44..31477.81 rows=9074 width=121)
	  Recheck Cond: ((id >= 334086) AND (id <= 344085))
	  ->  Bitmap Index Scan on sbtest3_pkey  (cost=0.00..195.18 rows=9074 width=0)
	        Index Cond: ((id >= 334086) AND (id <= 344085))

table 4 : explain SELECT c FROM sbtest4 WHERE id BETWEEN 1055923 AND 1065922
	Bitmap Heap Scan on sbtest4  (cost=203.83..32251.92 rows=9307 width=121)
	  Recheck Cond: ((id >= 1055923) AND (id <= 1065922))
	  ->  Bitmap Index Scan on sbtest4_pkey  (cost=0.00..201.50 rows=9307 width=0)
	        Index Cond: ((id >= 1055923) AND (id <= 1065922))

table 5 : explain SELECT c FROM sbtest5 WHERE id BETWEEN 2254099 AND 2264098
	Bitmap Heap Scan on sbtest5  (cost=206.44..33052.22 rows=9561 width=121)
	  Recheck Cond: ((id >= 2254099) AND (id <= 2264098))
	  ->  Bitmap Index Scan on sbtest5_pkey  (cost=0.00..204.05 rows=9561 width=0)
	        Index Cond: ((id >= 2254099) AND (id <= 2264098))

table 6 : explain SELECT c FROM sbtest6 WHERE id BETWEEN 1285719 AND 1295718
	Bitmap Heap Scan on sbtest6  (cost=212.15..33580.55 rows=9728 width=121)
	  Recheck Cond: ((id >= 1285719) AND (id <= 1295718))
	  ->  Bitmap Index Scan on sbtest6_pkey  (cost=0.00..209.72 rows=9728 width=0)
	        Index Cond: ((id >= 1285719) AND (id <= 1295718))

table 7 : explain SELECT c FROM sbtest7 WHERE id BETWEEN 8073754 AND 8083753
	Bitmap Heap Scan on sbtest7  (cost=219.98..34797.03 rows=10102 width=121)
	  Recheck Cond: ((id >= 8073754) AND (id <= 8083753))
	  ->  Bitmap Index Scan on sbtest7_pkey  (cost=0.00..217.45 rows=10102 width=0)
	        Index Cond: ((id >= 8073754) AND (id <= 8083753))

table 8 : explain SELECT c FROM sbtest8 WHERE id BETWEEN 1159304 AND 1169303
	Bitmap Heap Scan on sbtest8  (cost=219.68..33484.45 rows=9682 width=121)
	  Recheck Cond: ((id >= 1159304) AND (id <= 1169303))
	  ->  Bitmap Index Scan on sbtest8_pkey  (cost=0.00..217.25 rows=9682 width=0)
	        Index Cond: ((id >= 1159304) AND (id <= 1169303))

for: simple_ranges
table 1 : explain SELECT c FROM sbtest1 WHERE id BETWEEN 720242 AND 730241
	Bitmap Heap Scan on sbtest1  (cost=213.87..34018.27 rows=9896 width=121)
	  Recheck Cond: ((id >= 720242) AND (id <= 730241))
	  ->  Bitmap Index Scan on sbtest1_pkey  (cost=0.00..211.40 rows=9896 width=0)
	        Index Cond: ((id >= 720242) AND (id <= 730241))

table 2 : explain SELECT c FROM sbtest2 WHERE id BETWEEN 9335024 AND 9345023
	Bitmap Heap Scan on sbtest2  (cost=224.11..35952.01 rows=10505 width=121)
	  Recheck Cond: ((id >= 9335024) AND (id <= 9345023))
	  ->  Bitmap Index Scan on sbtest2_pkey  (cost=0.00..221.49 rows=10505 width=0)
	        Index Cond: ((id >= 9335024) AND (id <= 9345023))

table 3 : explain SELECT c FROM sbtest3 WHERE id BETWEEN 566289 AND 576288
	Bitmap Heap Scan on sbtest3  (cost=230.43..36655.27 rows=10731 width=121)
	  Recheck Cond: ((id >= 566289) AND (id <= 576288))
	  ->  Bitmap Index Scan on sbtest3_pkey  (cost=0.00..227.75 rows=10731 width=0)
	        Index Cond: ((id >= 566289) AND (id <= 576288))

table 4 : explain SELECT c FROM sbtest4 WHERE id BETWEEN 402624 AND 412623
	Bitmap Heap Scan on sbtest4  (cost=226.47..35505.77 rows=10345 width=121)
	  Recheck Cond: ((id >= 402624) AND (id <= 412623))
	  ->  Bitmap Index Scan on sbtest4_pkey  (cost=0.00..223.88 rows=10345 width=0)
	        Index Cond: ((id >= 402624) AND (id <= 412623))

table 5 : explain SELECT c FROM sbtest5 WHERE id BETWEEN 5086024 AND 5096023
	Bitmap Heap Scan on sbtest5  (cost=223.29..35754.92 rows=10425 width=121)
	  Recheck Cond: ((id >= 5086024) AND (id <= 5096023))
	  ->  Bitmap Index Scan on sbtest5_pkey  (cost=0.00..220.69 rows=10425 width=0)
	        Index Cond: ((id >= 5086024) AND (id <= 5096023))

table 6 : explain SELECT c FROM sbtest6 WHERE id BETWEEN 391251 AND 401250
	Bitmap Heap Scan on sbtest6  (cost=226.86..35628.18 rows=10383 width=121)
	  Recheck Cond: ((id >= 391251) AND (id <= 401250))
	  ->  Bitmap Index Scan on sbtest6_pkey  (cost=0.00..224.26 rows=10383 width=0)
	        Index Cond: ((id >= 391251) AND (id <= 401250))

table 7 : explain SELECT c FROM sbtest7 WHERE id BETWEEN 4105998 AND 4115997
	Bitmap Heap Scan on sbtest7  (cost=203.87..32306.82 rows=9311 width=121)
	  Recheck Cond: ((id >= 4105998) AND (id <= 4115997))
	  ->  Bitmap Index Scan on sbtest7_pkey  (cost=0.00..201.55 rows=9311 width=0)
	        Index Cond: ((id >= 4105998) AND (id <= 4115997))

table 8 : explain SELECT c FROM sbtest8 WHERE id BETWEEN 5277112 AND 5287111
	Bitmap Heap Scan on sbtest8  (cost=235.64..35915.00 rows=10459 width=121)
	  Recheck Cond: ((id >= 5277112) AND (id <= 5287111))
	  ->  Bitmap Index Scan on sbtest8_pkey  (cost=0.00..233.03 rows=10459 width=0)
	        Index Cond: ((id >= 5277112) AND (id <= 5287111))

explain: for point_selects :: explain SELECT c FROM sbtest%u WHERE id=%u
for point_selects
table 1 : explain SELECT c FROM sbtest1 WHERE id=6522579
	Index Scan using sbtest1_pkey on sbtest1  (cost=0.43..8.45 rows=1 width=121)
	  Index Cond: (id = 6522579)

table 2 : explain SELECT c FROM sbtest2 WHERE id=676068
	Index Scan using sbtest2_pkey on sbtest2  (cost=0.43..8.45 rows=1 width=121)
	  Index Cond: (id = 676068)

table 3 : explain SELECT c FROM sbtest3 WHERE id=4745084
	Index Scan using sbtest3_pkey on sbtest3  (cost=0.43..8.45 rows=1 width=121)
	  Index Cond: (id = 4745084)

table 4 : explain SELECT c FROM sbtest4 WHERE id=9083660
	Index Scan using sbtest4_pkey on sbtest4  (cost=0.43..8.45 rows=1 width=121)
	  Index Cond: (id = 9083660)

table 5 : explain SELECT c FROM sbtest5 WHERE id=871829
	Index Scan using sbtest5_pkey on sbtest5  (cost=0.43..8.45 rows=1 width=121)
	  Index Cond: (id = 871829)

table 6 : explain SELECT c FROM sbtest6 WHERE id=7281069
	Index Scan using sbtest6_pkey on sbtest6  (cost=0.43..8.45 rows=1 width=121)
	  Index Cond: (id = 7281069)

table 7 : explain SELECT c FROM sbtest7 WHERE id=2375568
	Index Scan using sbtest7_pkey on sbtest7  (cost=0.43..8.45 rows=1 width=121)
	  Index Cond: (id = 2375568)

table 8 : explain SELECT c FROM sbtest8 WHERE id=3960871
	Index Scan using sbtest8_pkey on sbtest8  (cost=0.43..8.45 rows=1 width=121)
	  Index Cond: (id = 3960871)

for point_selects
table 1 : explain SELECT c FROM sbtest1 WHERE id=7766314
	Index Scan using sbtest1_pkey on sbtest1  (cost=0.43..8.45 rows=1 width=121)
	  Index Cond: (id = 7766314)

table 2 : explain SELECT c FROM sbtest2 WHERE id=4053105
	Index Scan using sbtest2_pkey on sbtest2  (cost=0.43..8.45 rows=1 width=121)
	  Index Cond: (id = 4053105)

table 3 : explain SELECT c FROM sbtest3 WHERE id=1685137
	Index Scan using sbtest3_pkey on sbtest3  (cost=0.43..8.45 rows=1 width=121)
	  Index Cond: (id = 1685137)

table 4 : explain SELECT c FROM sbtest4 WHERE id=9265024
	Index Scan using sbtest4_pkey on sbtest4  (cost=0.43..8.45 rows=1 width=121)
	  Index Cond: (id = 9265024)

table 5 : explain SELECT c FROM sbtest5 WHERE id=9248708
	Index Scan using sbtest5_pkey on sbtest5  (cost=0.43..8.45 rows=1 width=121)
	  Index Cond: (id = 9248708)

table 6 : explain SELECT c FROM sbtest6 WHERE id=8494434
	Index Scan using sbtest6_pkey on sbtest6  (cost=0.43..8.45 rows=1 width=121)
	  Index Cond: (id = 8494434)

table 7 : explain SELECT c FROM sbtest7 WHERE id=8905917
	Index Scan using sbtest7_pkey on sbtest7  (cost=0.43..8.45 rows=1 width=121)
	  Index Cond: (id = 8905917)

table 8 : explain SELECT c FROM sbtest8 WHERE id=4343282
	Index Scan using sbtest8_pkey on sbtest8  (cost=0.43..8.45 rows=1 width=121)
	  Index Cond: (id = 4343282)

for point_selects
table 1 : explain SELECT c FROM sbtest1 WHERE id=3316275
	Index Scan using sbtest1_pkey on sbtest1  (cost=0.43..8.45 rows=1 width=121)
	  Index Cond: (id = 3316275)

table 2 : explain SELECT c FROM sbtest2 WHERE id=4044607
	Index Scan using sbtest2_pkey on sbtest2  (cost=0.43..8.45 rows=1 width=121)
	  Index Cond: (id = 4044607)

table 3 : explain SELECT c FROM sbtest3 WHERE id=2624107
	Index Scan using sbtest3_pkey on sbtest3  (cost=0.43..8.45 rows=1 width=121)
	  Index Cond: (id = 2624107)

table 4 : explain SELECT c FROM sbtest4 WHERE id=4833814
	Index Scan using sbtest4_pkey on sbtest4  (cost=0.43..8.45 rows=1 width=121)
	  Index Cond: (id = 4833814)

table 5 : explain SELECT c FROM sbtest5 WHERE id=1905331
	Index Scan using sbtest5_pkey on sbtest5  (cost=0.43..8.45 rows=1 width=121)
	  Index Cond: (id = 1905331)

table 6 : explain SELECT c FROM sbtest6 WHERE id=549225
	Index Scan using sbtest6_pkey on sbtest6  (cost=0.43..8.45 rows=1 width=121)
	  Index Cond: (id = 549225)

table 7 : explain SELECT c FROM sbtest7 WHERE id=4496895
	Index Scan using sbtest7_pkey on sbtest7  (cost=0.43..8.45 rows=1 width=121)
	  Index Cond: (id = 4496895)

table 8 : explain SELECT c FROM sbtest8 WHERE id=6204883
	Index Scan using sbtest8_pkey on sbtest8  (cost=0.43..8.45 rows=1 width=121)
	  Index Cond: (id = 6204883)

for point_selects
table 1 : explain SELECT c FROM sbtest1 WHERE id=6409692
	Index Scan using sbtest1_pkey on sbtest1  (cost=0.43..8.45 rows=1 width=121)
	  Index Cond: (id = 6409692)

table 2 : explain SELECT c FROM sbtest2 WHERE id=2720744
	Index Scan using sbtest2_pkey on sbtest2  (cost=0.43..8.45 rows=1 width=121)
	  Index Cond: (id = 2720744)

table 3 : explain SELECT c FROM sbtest3 WHERE id=5509283
	Index Scan using sbtest3_pkey on sbtest3  (cost=0.43..8.45 rows=1 width=121)
	  Index Cond: (id = 5509283)

table 4 : explain SELECT c FROM sbtest4 WHERE id=551050
	Index Scan using sbtest4_pkey on sbtest4  (cost=0.43..8.45 rows=1 width=121)
	  Index Cond: (id = 551050)

table 5 : explain SELECT c FROM sbtest5 WHERE id=563516
	Index Scan using sbtest5_pkey on sbtest5  (cost=0.43..8.45 rows=1 width=121)
	  Index Cond: (id = 563516)

table 6 : explain SELECT c FROM sbtest6 WHERE id=6269492
	Index Scan using sbtest6_pkey on sbtest6  (cost=0.43..8.45 rows=1 width=121)
	  Index Cond: (id = 6269492)

table 7 : explain SELECT c FROM sbtest7 WHERE id=3514488
	Index Scan using sbtest7_pkey on sbtest7  (cost=0.43..8.45 rows=1 width=121)
	  Index Cond: (id = 3514488)

table 8 : explain SELECT c FROM sbtest8 WHERE id=3313327
	Index Scan using sbtest8_pkey on sbtest8  (cost=0.43..8.45 rows=1 width=121)
	  Index Cond: (id = 3313327)

for: sum_ranges
table 1 : explain SELECT SUM(k) FROM sbtest1 WHERE id BETWEEN 4352454 AND 4362453
	Aggregate  (cost=31315.92..31315.93 rows=1 width=8)
	  ->  Bitmap Heap Scan on sbtest1  (cost=192.99..31293.35 rows=9030 width=4)
	        Recheck Cond: ((id >= 4352454) AND (id <= 4362453))
	        ->  Bitmap Index Scan on sbtest1_pkey  (cost=0.00..190.74 rows=9030 width=0)
	              Index Cond: ((id >= 4352454) AND (id <= 4362453))

table 2 : explain SELECT SUM(k) FROM sbtest2 WHERE id BETWEEN 1746081 AND 1756080
	Aggregate  (cost=31001.53..31001.54 rows=1 width=8)
	  ->  Bitmap Heap Scan on sbtest2  (cost=191.85..30979.24 rows=8919 width=4)
	        Recheck Cond: ((id >= 1746081) AND (id <= 1756080))
	        ->  Bitmap Index Scan on sbtest2_pkey  (cost=0.00..189.62 rows=8919 width=0)
	              Index Cond: ((id >= 1746081) AND (id <= 1756080))

table 3 : explain SELECT SUM(k) FROM sbtest3 WHERE id BETWEEN 4722259 AND 4732258
	Aggregate  (cost=34461.81..34461.82 rows=1 width=8)
	  ->  Bitmap Heap Scan on sbtest3  (cost=215.10..34436.77 rows=10016 width=4)
	        Recheck Cond: ((id >= 4722259) AND (id <= 4732258))
	        ->  Bitmap Index Scan on sbtest3_pkey  (cost=0.00..212.59 rows=10016 width=0)
	              Index Cond: ((id >= 4722259) AND (id <= 4732258))

table 4 : explain SELECT SUM(k) FROM sbtest4 WHERE id BETWEEN 6191601 AND 6201600
	Aggregate  (cost=37788.00..37788.01 rows=1 width=8)
	  ->  Bitmap Heap Scan on sbtest4  (cost=241.94..37760.32 rows=11074 width=4)
	        Recheck Cond: ((id >= 6191601) AND (id <= 6201600))
	        ->  Bitmap Index Scan on sbtest4_pkey  (cost=0.00..239.18 rows=11074 width=0)
	              Index Cond: ((id >= 6191601) AND (id <= 6201600))

table 5 : explain SELECT SUM(k) FROM sbtest5 WHERE id BETWEEN 2437466 AND 2447465
	Aggregate  (cost=33801.45..33801.46 rows=1 width=8)
	  ->  Bitmap Heap Scan on sbtest5  (cost=212.79..33776.97 rows=9791 width=4)
	        Recheck Cond: ((id >= 2437466) AND (id <= 2447465))
	        ->  Bitmap Index Scan on sbtest5_pkey  (cost=0.00..210.34 rows=9791 width=0)
	              Index Cond: ((id >= 2437466) AND (id <= 2447465))

table 6 : explain SELECT SUM(k) FROM sbtest6 WHERE id BETWEEN 8485244 AND 8495243
	Aggregate  (cost=33666.27..33666.28 rows=1 width=8)
	  ->  Bitmap Heap Scan on sbtest6  (cost=212.34..33641.90 rows=9747 width=4)
	        Recheck Cond: ((id >= 8485244) AND (id <= 8495243))
	        ->  Bitmap Index Scan on sbtest6_pkey  (cost=0.00..209.91 rows=9747 width=0)
	              Index Cond: ((id >= 8485244) AND (id <= 8495243))

table 7 : explain SELECT SUM(k) FROM sbtest7 WHERE id BETWEEN 3292352 AND 3302351
	Aggregate  (cost=36400.83..36400.84 rows=1 width=8)
	  ->  Bitmap Heap Scan on sbtest7  (cost=229.18..36374.30 rows=10609 width=4)
	        Recheck Cond: ((id >= 3292352) AND (id <= 3302351))
	        ->  Bitmap Index Scan on sbtest7_pkey  (cost=0.00..226.53 rows=10609 width=0)
	              Index Cond: ((id >= 3292352) AND (id <= 3302351))

table 8 : explain SELECT SUM(k) FROM sbtest8 WHERE id BETWEEN 5210260 AND 5220259
	Aggregate  (cost=31542.99..31543.00 rows=1 width=8)
	  ->  Bitmap Heap Scan on sbtest8  (cost=205.32..31520.34 rows=9062 width=4)
	        Recheck Cond: ((id >= 5210260) AND (id <= 5220259))
	        ->  Bitmap Index Scan on sbtest8_pkey  (cost=0.00..203.06 rows=9062 width=0)
	              Index Cond: ((id >= 5210260) AND (id <= 5220259))

for: sum_ranges
table 1 : explain SELECT SUM(k) FROM sbtest1 WHERE id BETWEEN 5056852 AND 5066851
	Aggregate  (cost=36959.20..36959.21 rows=1 width=8)
	  ->  Bitmap Heap Scan on sbtest1  (cost=231.52..36932.10 rows=10838 width=4)
	        Recheck Cond: ((id >= 5056852) AND (id <= 5066851))
	        ->  Bitmap Index Scan on sbtest1_pkey  (cost=0.00..228.81 rows=10838 width=0)
	              Index Cond: ((id >= 5056852) AND (id <= 5066851))

table 2 : explain SELECT SUM(k) FROM sbtest2 WHERE id BETWEEN 163886 AND 173885
	Aggregate  (cost=33956.06..33956.07 rows=1 width=8)
	  ->  Bitmap Heap Scan on sbtest2  (cost=213.45..33931.43 rows=9855 width=4)
	        Recheck Cond: ((id >= 163886) AND (id <= 173885))
	        ->  Bitmap Index Scan on sbtest2_pkey  (cost=0.00..210.99 rows=9855 width=0)
	              Index Cond: ((id >= 163886) AND (id <= 173885))

table 3 : explain SELECT SUM(k) FROM sbtest3 WHERE id BETWEEN 271884 AND 281883
	Aggregate  (cost=32634.35..32634.36 rows=1 width=8)
	  ->  Bitmap Heap Scan on sbtest3  (cost=205.12..32610.76 rows=9433 width=4)
	        Recheck Cond: ((id >= 271884) AND (id <= 281883))
	        ->  Bitmap Index Scan on sbtest3_pkey  (cost=0.00..202.76 rows=9433 width=0)
	              Index Cond: ((id >= 271884) AND (id <= 281883))

table 4 : explain SELECT SUM(k) FROM sbtest4 WHERE id BETWEEN 5996542 AND 6006541
	Aggregate  (cost=32398.62..32398.63 rows=1 width=8)
	  ->  Bitmap Heap Scan on sbtest4  (cost=204.23..32375.25 rows=9346 width=4)
	        Recheck Cond: ((id >= 5996542) AND (id <= 6006541))
	        ->  Bitmap Index Scan on sbtest4_pkey  (cost=0.00..201.90 rows=9346 width=0)
	              Index Cond: ((id >= 5996542) AND (id <= 6006541))

table 5 : explain SELECT SUM(k) FROM sbtest5 WHERE id BETWEEN 2945622 AND 2955621
	Aggregate  (cost=35566.16..35566.17 rows=1 width=8)
	  ->  Bitmap Heap Scan on sbtest5  (cost=222.58..35540.27 rows=10356 width=4)
	        Recheck Cond: ((id >= 2945622) AND (id <= 2955621))
	        ->  Bitmap Index Scan on sbtest5_pkey  (cost=0.00..220.00 rows=10356 width=0)
	              Index Cond: ((id >= 2945622) AND (id <= 2955621))

table 6 : explain SELECT SUM(k) FROM sbtest6 WHERE id BETWEEN 6920402 AND 6930401
	Aggregate  (cost=35259.37..35259.38 rows=1 width=8)
	  ->  Bitmap Heap Scan on sbtest6  (cost=225.55..35233.73 rows=10255 width=4)
	        Recheck Cond: ((id >= 6920402) AND (id <= 6930401))
	        ->  Bitmap Index Scan on sbtest6_pkey  (cost=0.00..222.99 rows=10255 width=0)
	              Index Cond: ((id >= 6920402) AND (id <= 6930401))

table 7 : explain SELECT SUM(k) FROM sbtest7 WHERE id BETWEEN 9678726 AND 9688725
	Aggregate  (cost=39397.50..39397.51 rows=1 width=8)
	  ->  Bitmap Heap Scan on sbtest7  (cost=251.13..39368.55 rows=11580 width=4)
	        Recheck Cond: ((id >= 9678726) AND (id <= 9688725))
	        ->  Bitmap Index Scan on sbtest7_pkey  (cost=0.00..248.24 rows=11580 width=0)
	              Index Cond: ((id >= 9678726) AND (id <= 9688725))

table 8 : explain SELECT SUM(k) FROM sbtest8 WHERE id BETWEEN 2800511 AND 2810510
	Aggregate  (cost=35510.78..35510.79 rows=1 width=8)
	  ->  Bitmap Heap Scan on sbtest8  (cost=234.22..35484.98 rows=10320 width=4)
	        Recheck Cond: ((id >= 2800511) AND (id <= 2810510))
	        ->  Bitmap Index Scan on sbtest8_pkey  (cost=0.00..231.63 rows=10320 width=0)
	              Index Cond: ((id >= 2800511) AND (id <= 2810510))

for: simple_ranges
table 1 : explain SELECT c FROM sbtest1 WHERE id BETWEEN 1003217 AND 1013216
	Bitmap Heap Scan on sbtest1  (cost=200.04..32230.90 rows=9327 width=121)
	  Recheck Cond: ((id >= 1003217) AND (id <= 1013216))
	  ->  Bitmap Index Scan on sbtest1_pkey  (cost=0.00..197.70 rows=9327 width=0)
	        Index Cond: ((id >= 1003217) AND (id <= 1013216))

table 2 : explain SELECT c FROM sbtest2 WHERE id BETWEEN 8557539 AND 8567538
	Bitmap Heap Scan on sbtest2  (cost=215.66..34603.28 rows=10071 width=121)
	  Recheck Cond: ((id >= 8557539) AND (id <= 8567538))
	  ->  Bitmap Index Scan on sbtest2_pkey  (cost=0.00..213.15 rows=10071 width=0)
	        Index Cond: ((id >= 8557539) AND (id <= 8567538))

table 3 : explain SELECT c FROM sbtest3 WHERE id BETWEEN 8348498 AND 8358497
	Bitmap Heap Scan on sbtest3  (cost=214.94..34388.55 rows=10000 width=121)
	  Recheck Cond: ((id >= 8348498) AND (id <= 8358497))
	  ->  Bitmap Index Scan on sbtest3_pkey  (cost=0.00..212.44 rows=10000 width=0)
	        Index Cond: ((id >= 8348498) AND (id <= 8358497))

table 4 : explain SELECT c FROM sbtest4 WHERE id BETWEEN 1254506 AND 1264505
	Bitmap Heap Scan on sbtest4  (cost=234.15..36619.54 rows=10704 width=121)
	  Recheck Cond: ((id >= 1254506) AND (id <= 1264505))
	  ->  Bitmap Index Scan on sbtest4_pkey  (cost=0.00..231.48 rows=10704 width=0)
	        Index Cond: ((id >= 1254506) AND (id <= 1264505))

table 5 : explain SELECT c FROM sbtest5 WHERE id BETWEEN 4076749 AND 4086748
	Bitmap Heap Scan on sbtest5  (cost=200.89..32575.19 rows=9410 width=121)
	  Recheck Cond: ((id >= 4076749) AND (id <= 4086748))
	  ->  Bitmap Index Scan on sbtest5_pkey  (cost=0.00..198.54 rows=9410 width=0)
	        Index Cond: ((id >= 4076749) AND (id <= 4086748))

table 6 : explain SELECT c FROM sbtest6 WHERE id BETWEEN 9841615 AND 9851614
	Bitmap Heap Scan on sbtest6  (cost=216.60..33723.39 rows=9772 width=121)
	  Recheck Cond: ((id >= 9841615) AND (id <= 9851614))
	  ->  Bitmap Index Scan on sbtest6_pkey  (cost=0.00..214.16 rows=9772 width=0)
	        Index Cond: ((id >= 9841615) AND (id <= 9851614))

table 7 : explain SELECT c FROM sbtest7 WHERE id BETWEEN 1414751 AND 1424750
	Bitmap Heap Scan on sbtest7  (cost=212.13..33614.84 rows=9726 width=121)
	  Recheck Cond: ((id >= 1414751) AND (id <= 1424750))
	  ->  Bitmap Index Scan on sbtest7_pkey  (cost=0.00..209.69 rows=9726 width=0)
	        Index Cond: ((id >= 1414751) AND (id <= 1424750))

table 8 : explain SELECT c FROM sbtest8 WHERE id BETWEEN 2153799 AND 2163798
	Bitmap Heap Scan on sbtest8  (cost=234.11..35452.87 rows=10310 width=121)
	  Recheck Cond: ((id >= 2153799) AND (id <= 2163798))
	  ->  Bitmap Index Scan on sbtest8_pkey  (cost=0.00..231.54 rows=10310 width=0)
	        Index Cond: ((id >= 2153799) AND (id <= 2163798))

for: sum_ranges
table 1 : explain SELECT SUM(k) FROM sbtest1 WHERE id BETWEEN 2354806 AND 2364805
	Aggregate  (cost=33346.93..33346.94 rows=1 width=8)
	  ->  Bitmap Heap Scan on sbtest1  (cost=207.59..33322.75 rows=9674 width=4)
	        Recheck Cond: ((id >= 2354806) AND (id <= 2364805))
	        ->  Bitmap Index Scan on sbtest1_pkey  (cost=0.00..205.18 rows=9674 width=0)
	              Index Cond: ((id >= 2354806) AND (id <= 2364805))

table 2 : explain SELECT SUM(k) FROM sbtest2 WHERE id BETWEEN 5099976 AND 5109975
	Aggregate  (cost=36697.13..36697.14 rows=1 width=8)
	  ->  Bitmap Heap Scan on sbtest2  (cost=230.49..36670.29 rows=10737 width=4)
	        Recheck Cond: ((id >= 5099976) AND (id <= 5109975))
	        ->  Bitmap Index Scan on sbtest2_pkey  (cost=0.00..227.81 rows=10737 width=0)
	              Index Cond: ((id >= 5099976) AND (id <= 5109975))

table 3 : explain SELECT SUM(k) FROM sbtest3 WHERE id BETWEEN 9601168 AND 9611167
	Aggregate  (cost=32712.05..32712.06 rows=1 width=8)
	  ->  Bitmap Heap Scan on sbtest3  (cost=205.37..32688.41 rows=9457 width=4)
	        Recheck Cond: ((id >= 9601168) AND (id <= 9611167))
	        ->  Bitmap Index Scan on sbtest3_pkey  (cost=0.00..203.00 rows=9457 width=0)
	              Index Cond: ((id >= 9601168) AND (id <= 9611167))

table 4 : explain SELECT SUM(k) FROM sbtest4 WHERE id BETWEEN 615954 AND 625953
	Aggregate  (cost=33938.05..33938.06 rows=1 width=8)
	  ->  Bitmap Heap Scan on sbtest4  (cost=217.23..33913.46 rows=9834 width=4)
	        Recheck Cond: ((id >= 615954) AND (id <= 625953))
	        ->  Bitmap Index Scan on sbtest4_pkey  (cost=0.00..214.78 rows=9834 width=0)
	              Index Cond: ((id >= 615954) AND (id <= 625953))

table 5 : explain SELECT SUM(k) FROM sbtest5 WHERE id BETWEEN 7669576 AND 7679575
	Aggregate  (cost=35347.95..35347.96 rows=1 width=8)
	  ->  Bitmap Heap Scan on sbtest5  (cost=221.87..35322.23 rows=10286 width=4)
	        Recheck Cond: ((id >= 7669576) AND (id <= 7679575))
	        ->  Bitmap Index Scan on sbtest5_pkey  (cost=0.00..219.30 rows=10286 width=0)
	              Index Cond: ((id >= 7669576) AND (id <= 7679575))

table 6 : explain SELECT SUM(k) FROM sbtest6 WHERE id BETWEEN 6052088 AND 6062087
	Aggregate  (cost=34077.15..34077.16 rows=1 width=8)
	  ->  Bitmap Heap Scan on sbtest6  (cost=217.67..34052.46 rows=9877 width=4)
	        Recheck Cond: ((id >= 6052088) AND (id <= 6062087))
	        ->  Bitmap Index Scan on sbtest6_pkey  (cost=0.00..215.20 rows=9877 width=0)
	              Index Cond: ((id >= 6052088) AND (id <= 6062087))

table 7 : explain SELECT SUM(k) FROM sbtest7 WHERE id BETWEEN 2574545 AND 2584544
	Aggregate  (cost=35605.11..35605.12 rows=1 width=8)
	  ->  Bitmap Heap Scan on sbtest7  (cost=226.54..35579.23 rows=10352 width=4)
	        Recheck Cond: ((id >= 2574545) AND (id <= 2584544))
	        ->  Bitmap Index Scan on sbtest7_pkey  (cost=0.00..223.95 rows=10352 width=0)
	              Index Cond: ((id >= 2574545) AND (id <= 2584544))

table 8 : explain SELECT SUM(k) FROM sbtest8 WHERE id BETWEEN 9783228 AND 9793227
	Aggregate  (cost=36774.93..36774.94 rows=1 width=8)
	  ->  Bitmap Heap Scan on sbtest8  (cost=242.39..36748.11 rows=10727 width=4)
	        Recheck Cond: ((id >= 9783228) AND (id <= 9793227))
	        ->  Bitmap Index Scan on sbtest8_pkey  (cost=0.00..239.70 rows=10727 width=0)
	              Index Cond: ((id >= 9783228) AND (id <= 9793227))

for: sum_ranges
table 1 : explain SELECT SUM(k) FROM sbtest1 WHERE id BETWEEN 6873631 AND 6883630
	Aggregate  (cost=40558.57..40558.58 rows=1 width=8)
	  ->  Bitmap Heap Scan on sbtest1  (cost=255.64..40528.52 rows=12020 width=4)
	        Recheck Cond: ((id >= 6873631) AND (id <= 6883630))
	        ->  Bitmap Index Scan on sbtest1_pkey  (cost=0.00..252.63 rows=12020 width=0)
	              Index Cond: ((id >= 6873631) AND (id <= 6883630))

table 2 : explain SELECT SUM(k) FROM sbtest2 WHERE id BETWEEN 3534523 AND 3544522
	Aggregate  (cost=36410.16..36410.17 rows=1 width=8)
	  ->  Bitmap Heap Scan on sbtest2  (cost=229.54..36383.55 rows=10644 width=4)
	        Recheck Cond: ((id >= 3534523) AND (id <= 3544522))
	        ->  Bitmap Index Scan on sbtest2_pkey  (cost=0.00..226.88 rows=10644 width=0)
	              Index Cond: ((id >= 3534523) AND (id <= 3544522))

table 3 : explain SELECT SUM(k) FROM sbtest3 WHERE id BETWEEN 7764474 AND 7774473
	Aggregate  (cost=36149.20..36149.21 rows=1 width=8)
	  ->  Bitmap Heap Scan on sbtest3  (cost=228.65..36122.81 rows=10558 width=4)
	        Recheck Cond: ((id >= 7764474) AND (id <= 7774473))
	        ->  Bitmap Index Scan on sbtest3_pkey  (cost=0.00..226.01 rows=10558 width=0)
	              Index Cond: ((id >= 7764474) AND (id <= 7774473))

table 4 : explain SELECT SUM(k) FROM sbtest4 WHERE id BETWEEN 4633252 AND 4643251
	Aggregate  (cost=32005.37..32005.38 rows=1 width=8)
	  ->  Bitmap Heap Scan on sbtest4  (cost=202.96..31982.31 rows=9222 width=4)
	        Recheck Cond: ((id >= 4633252) AND (id <= 4643251))
	        ->  Bitmap Index Scan on sbtest4_pkey  (cost=0.00..200.66 rows=9222 width=0)
	              Index Cond: ((id >= 4633252) AND (id <= 4643251))

table 5 : explain SELECT SUM(k) FROM sbtest5 WHERE id BETWEEN 5761867 AND 5771866
	Aggregate  (cost=34343.50..34343.51 rows=1 width=8)
	  ->  Bitmap Heap Scan on sbtest5  (cost=214.57..34318.59 rows=9964 width=4)
	        Recheck Cond: ((id >= 5761867) AND (id <= 5771866))
	        ->  Bitmap Index Scan on sbtest5_pkey  (cost=0.00..212.07 rows=9964 width=0)
	              Index Cond: ((id >= 5761867) AND (id <= 5771866))

table 6 : explain SELECT SUM(k) FROM sbtest6 WHERE id BETWEEN 5119235 AND 5129234
	Aggregate  (cost=33744.59..33744.60 rows=1 width=8)
	  ->  Bitmap Heap Scan on sbtest6  (cost=216.59..33720.17 rows=9771 width=4)
	        Recheck Cond: ((id >= 5119235) AND (id <= 5129234))
	        ->  Bitmap Index Scan on sbtest6_pkey  (cost=0.00..214.15 rows=9771 width=0)
	              Index Cond: ((id >= 5119235) AND (id <= 5129234))

table 7 : explain SELECT SUM(k) FROM sbtest7 WHERE id BETWEEN 3856957 AND 3866956
	Aggregate  (cost=36740.96..36740.97 rows=1 width=8)
	  ->  Bitmap Heap Scan on sbtest7  (cost=234.28..36714.17 rows=10717 width=4)
	        Recheck Cond: ((id >= 3856957) AND (id <= 3866956))
	        ->  Bitmap Index Scan on sbtest7_pkey  (cost=0.00..231.61 rows=10717 width=0)
	              Index Cond: ((id >= 3856957) AND (id <= 3866956))

table 8 : explain SELECT SUM(k) FROM sbtest8 WHERE id BETWEEN 4492975 AND 4502974
	Aggregate  (cost=36172.10..36172.11 rows=1 width=8)
	  ->  Bitmap Heap Scan on sbtest8  (cost=236.41..36145.76 rows=10534 width=4)
	        Recheck Cond: ((id >= 4492975) AND (id <= 4502974))
	        ->  Bitmap Index Scan on sbtest8_pkey  (cost=0.00..233.78 rows=10534 width=0)
	              Index Cond: ((id >= 4492975) AND (id <= 4502974))

for: sum_ranges
table 1 : explain SELECT SUM(k) FROM sbtest1 WHERE id BETWEEN 8100929 AND 8110928
	Aggregate  (cost=31609.01..31609.02 rows=1 width=8)
	  ->  Bitmap Heap Scan on sbtest1  (cost=197.93..31586.21 rows=9121 width=4)
	        Recheck Cond: ((id >= 8100929) AND (id <= 8110928))
	        ->  Bitmap Index Scan on sbtest1_pkey  (cost=0.00..195.65 rows=9121 width=0)
	              Index Cond: ((id >= 8100929) AND (id <= 8110928))

table 2 : explain SELECT SUM(k) FROM sbtest2 WHERE id BETWEEN 6497822 AND 6507821
	Aggregate  (cost=30256.34..30256.35 rows=1 width=8)
	  ->  Bitmap Heap Scan on sbtest2  (cost=185.46..30234.63 rows=8685 width=4)
	        Recheck Cond: ((id >= 6497822) AND (id <= 6507821))
	        ->  Bitmap Index Scan on sbtest2_pkey  (cost=0.00..183.29 rows=8685 width=0)
	              Index Cond: ((id >= 6497822) AND (id <= 6507821))

table 3 : explain SELECT SUM(k) FROM sbtest3 WHERE id BETWEEN 6207684 AND 6217683
	Aggregate  (cost=31454.92..31454.93 rows=1 width=8)
	  ->  Bitmap Heap Scan on sbtest3  (cost=197.29..31432.27 rows=9059 width=4)
	        Recheck Cond: ((id >= 6207684) AND (id <= 6217683))
	        ->  Bitmap Index Scan on sbtest3_pkey  (cost=0.00..195.03 rows=9059 width=0)
	              Index Cond: ((id >= 6207684) AND (id <= 6217683))

table 4 : explain SELECT SUM(k) FROM sbtest4 WHERE id BETWEEN 4925502 AND 4935501
	Aggregate  (cost=30205.09..30205.10 rows=1 width=8)
	  ->  Bitmap Heap Scan on sbtest4  (cost=189.16..30183.45 rows=8656 width=4)
	        Recheck Cond: ((id >= 4925502) AND (id <= 4935501))
	        ->  Bitmap Index Scan on sbtest4_pkey  (cost=0.00..187.00 rows=8656 width=0)
	              Index Cond: ((id >= 4925502) AND (id <= 4935501))

table 5 : explain SELECT SUM(k) FROM sbtest5 WHERE id BETWEEN 2742913 AND 2752912
	Aggregate  (cost=34185.54..34185.55 rows=1 width=8)
	  ->  Bitmap Heap Scan on sbtest5  (cost=214.05..34160.75 rows=9914 width=4)
	        Recheck Cond: ((id >= 2742913) AND (id <= 2752912))
	        ->  Bitmap Index Scan on sbtest5_pkey  (cost=0.00..211.57 rows=9914 width=0)
	              Index Cond: ((id >= 2742913) AND (id <= 2752912))

table 6 : explain SELECT SUM(k) FROM sbtest6 WHERE id BETWEEN 1170158 AND 1180157
	Aggregate  (cost=32593.49..32593.50 rows=1 width=8)
	  ->  Bitmap Heap Scan on sbtest6  (cost=204.86..32569.97 rows=9407 width=4)
	        Recheck Cond: ((id >= 1170158) AND (id <= 1180157))
	        ->  Bitmap Index Scan on sbtest6_pkey  (cost=0.00..202.50 rows=9407 width=0)
	              Index Cond: ((id >= 1170158) AND (id <= 1180157))

table 7 : explain SELECT SUM(k) FROM sbtest7 WHERE id BETWEEN 8688605 AND 8698604
	Aggregate  (cost=33826.87..33826.88 rows=1 width=8)
	  ->  Bitmap Heap Scan on sbtest7  (cost=212.73..33802.40 rows=9785 width=4)
	        Recheck Cond: ((id >= 8688605) AND (id <= 8698604))
	        ->  Bitmap Index Scan on sbtest7_pkey  (cost=0.00..210.29 rows=9785 width=0)
	              Index Cond: ((id >= 8688605) AND (id <= 8698604))

table 8 : explain SELECT SUM(k) FROM sbtest8 WHERE id BETWEEN 5874459 AND 5884458
	Aggregate  (cost=33053.99..33054.00 rows=1 width=8)
	  ->  Bitmap Heap Scan on sbtest8  (cost=214.21..33030.14 rows=9539 width=4)
	        Recheck Cond: ((id >= 5874459) AND (id <= 5884458))
	        ->  Bitmap Index Scan on sbtest8_pkey  (cost=0.00..211.82 rows=9539 width=0)
	              Index Cond: ((id >= 5874459) AND (id <= 5884458))

explain: for point_selects :: explain SELECT c FROM sbtest%u WHERE id=%u
for: sum_ranges
table 1 : explain SELECT SUM(k) FROM sbtest1 WHERE id BETWEEN 629534 AND 639533
	Aggregate  (cost=35815.15..35815.16 rows=1 width=8)
	  ->  Bitmap Heap Scan on sbtest1  (cost=223.73..35788.98 rows=10468 width=4)
	        Recheck Cond: ((id >= 629534) AND (id <= 639533))
	        ->  Bitmap Index Scan on sbtest1_pkey  (cost=0.00..221.12 rows=10468 width=0)
	              Index Cond: ((id >= 629534) AND (id <= 639533))

table 2 : explain SELECT SUM(k) FROM sbtest2 WHERE id BETWEEN 2886264 AND 2896263
	Aggregate  (cost=37410.81..37410.82 rows=1 width=8)
	  ->  Bitmap Heap Scan on sbtest2  (cost=236.86..37383.39 rows=10968 width=4)
	        Recheck Cond: ((id >= 2886264) AND (id <= 2896263))
	        ->  Bitmap Index Scan on sbtest2_pkey  (cost=0.00..234.12 rows=10968 width=0)
	              Index Cond: ((id >= 2886264) AND (id <= 2896263))

table 3 : explain SELECT SUM(k) FROM sbtest3 WHERE id BETWEEN 2127904 AND 2137903
	Aggregate  (cost=35591.98..35591.99 rows=1 width=8)
	  ->  Bitmap Heap Scan on sbtest3  (cost=222.82..35566.03 rows=10379 width=4)
	        Recheck Cond: ((id >= 2127904) AND (id <= 2137903))
	        ->  Bitmap Index Scan on sbtest3_pkey  (cost=0.00..220.23 rows=10379 width=0)
	              Index Cond: ((id >= 2127904) AND (id <= 2137903))

table 4 : explain SELECT SUM(k) FROM sbtest4 WHERE id BETWEEN 7187123 AND 7197122
	Aggregate  (cost=34499.08..34499.09 rows=1 width=8)
	  ->  Bitmap Heap Scan on sbtest4  (cost=219.08..34474.05 rows=10014 width=4)
	        Recheck Cond: ((id >= 7187123) AND (id <= 7197122))
	        ->  Bitmap Index Scan on sbtest4_pkey  (cost=0.00..216.57 rows=10014 width=0)
	              Index Cond: ((id >= 7187123) AND (id <= 7197122))

table 5 : explain SELECT SUM(k) FROM sbtest5 WHERE id BETWEEN 4674508 AND 4684507
	Aggregate  (cost=37485.27..37485.28 rows=1 width=8)
	  ->  Bitmap Heap Scan on sbtest5  (cost=236.93..37457.83 rows=10975 width=4)
	        Recheck Cond: ((id >= 4674508) AND (id <= 4684507))
	        ->  Bitmap Index Scan on sbtest5_pkey  (cost=0.00..234.19 rows=10975 width=0)
	              Index Cond: ((id >= 4674508) AND (id <= 4684507))

table 6 : explain SELECT SUM(k) FROM sbtest6 WHERE id BETWEEN 6857594 AND 6867593
	Aggregate  (cost=37671.34..37671.35 rows=1 width=8)
	  ->  Bitmap Heap Scan on sbtest6  (cost=241.53..37643.75 rows=11034 width=4)
	        Recheck Cond: ((id >= 6857594) AND (id <= 6867593))
	        ->  Bitmap Index Scan on sbtest6_pkey  (cost=0.00..238.78 rows=11034 width=0)
	              Index Cond: ((id >= 6857594) AND (id <= 6867593))

table 7 : explain SELECT SUM(k) FROM sbtest7 WHERE id BETWEEN 3600434 AND 3610433
	Aggregate  (cost=32307.32..32307.33 rows=1 width=8)
	  ->  Bitmap Heap Scan on sbtest7  (cost=203.80..32284.06 rows=9304 width=4)
	        Recheck Cond: ((id >= 3600434) AND (id <= 3610433))
	        ->  Bitmap Index Scan on sbtest7_pkey  (cost=0.00..201.48 rows=9304 width=0)
	              Index Cond: ((id >= 3600434) AND (id <= 3610433))

table 8 : explain SELECT SUM(k) FROM sbtest8 WHERE id BETWEEN 6384527 AND 6394526
	Aggregate  (cost=36342.74..36342.75 rows=1 width=8)
	  ->  Bitmap Heap Scan on sbtest8  (cost=240.95..36316.27 rows=10587 width=4)
	        Recheck Cond: ((id >= 6384527) AND (id <= 6394526))
	        ->  Bitmap Index Scan on sbtest8_pkey  (cost=0.00..238.31 rows=10587 width=0)
	              Index Cond: ((id >= 6384527) AND (id <= 6394526))

for point_selects
table 1 : explain SELECT c FROM sbtest1 WHERE id=2897176
	Index Scan using sbtest1_pkey on sbtest1  (cost=0.43..8.45 rows=1 width=121)
	  Index Cond: (id = 2897176)

table 2 : explain SELECT c FROM sbtest2 WHERE id=8538969
	Index Scan using sbtest2_pkey on sbtest2  (cost=0.43..8.45 rows=1 width=121)
	  Index Cond: (id = 8538969)

table 3 : explain SELECT c FROM sbtest3 WHERE id=5854572
	Index Scan using sbtest3_pkey on sbtest3  (cost=0.43..8.45 rows=1 width=121)
	  Index Cond: (id = 5854572)

table 4 : explain SELECT c FROM sbtest4 WHERE id=4921702
	Index Scan using sbtest4_pkey on sbtest4  (cost=0.43..8.45 rows=1 width=121)
	  Index Cond: (id = 4921702)

table 5 : explain SELECT c FROM sbtest5 WHERE id=6174477
	Index Scan using sbtest5_pkey on sbtest5  (cost=0.43..8.45 rows=1 width=121)
	  Index Cond: (id = 6174477)

table 6 : explain SELECT c FROM sbtest6 WHERE id=8932352
	Index Scan using sbtest6_pkey on sbtest6  (cost=0.43..8.45 rows=1 width=121)
	  Index Cond: (id = 8932352)

table 7 : explain SELECT c FROM sbtest7 WHERE id=355144
	Index Scan using sbtest7_pkey on sbtest7  (cost=0.43..8.45 rows=1 width=121)
	  Index Cond: (id = 355144)

table 8 : explain SELECT c FROM sbtest8 WHERE id=2116929
	Index Scan using sbtest8_pkey on sbtest8  (cost=0.43..8.45 rows=1 width=121)
	  Index Cond: (id = 2116929)

for: sum_ranges
table 1 : explain SELECT SUM(k) FROM sbtest1 WHERE id BETWEEN 4023305 AND 4033304
	Aggregate  (cost=35428.62..35428.63 rows=1 width=8)
	  ->  Bitmap Heap Scan on sbtest1  (cost=222.44..35402.77 rows=10342 width=4)
	        Recheck Cond: ((id >= 4023305) AND (id <= 4033304))
	        ->  Bitmap Index Scan on sbtest1_pkey  (cost=0.00..219.86 rows=10342 width=0)
	              Index Cond: ((id >= 4023305) AND (id <= 4033304))

table 2 : explain SELECT SUM(k) FROM sbtest2 WHERE id BETWEEN 8570340 AND 8580339
	Aggregate  (cost=34628.46..34628.47 rows=1 width=8)
	  ->  Bitmap Heap Scan on sbtest2  (cost=215.66..34603.28 rows=10071 width=4)
	        Recheck Cond: ((id >= 8570340) AND (id <= 8580339))
	        ->  Bitmap Index Scan on sbtest2_pkey  (cost=0.00..213.15 rows=10071 width=0)
	              Index Cond: ((id >= 8570340) AND (id <= 8580339))

table 3 : explain SELECT SUM(k) FROM sbtest3 WHERE id BETWEEN 7981673 AND 7991672
	Aggregate  (cost=33663.06..33663.07 rows=1 width=8)
	  ->  Bitmap Heap Scan on sbtest3  (cost=212.48..33638.66 rows=9760 width=4)
	        Recheck Cond: ((id >= 7981673) AND (id <= 7991672))
	        ->  Bitmap Index Scan on sbtest3_pkey  (cost=0.00..210.04 rows=9760 width=0)
	              Index Cond: ((id >= 7981673) AND (id <= 7991672))

table 4 : explain SELECT SUM(k) FROM sbtest4 WHERE id BETWEEN 9387900 AND 9397899
	Aggregate  (cost=32281.68..32281.69 rows=1 width=8)
	  ->  Bitmap Heap Scan on sbtest4  (cost=203.85..32258.41 rows=9309 width=4)
	        Recheck Cond: ((id >= 9387900) AND (id <= 9397899))
	        ->  Bitmap Index Scan on sbtest4_pkey  (cost=0.00..201.53 rows=9309 width=0)
	              Index Cond: ((id >= 9387900) AND (id <= 9397899))

table 5 : explain SELECT SUM(k) FROM sbtest5 WHERE id BETWEEN 7977365 AND 7987364
	Aggregate  (cost=35302.98..35302.99 rows=1 width=8)
	  ->  Bitmap Heap Scan on sbtest5  (cost=221.71..35277.30 rows=10271 width=4)
	        Recheck Cond: ((id >= 7977365) AND (id <= 7987364))
	        ->  Bitmap Index Scan on sbtest5_pkey  (cost=0.00..219.15 rows=10271 width=0)
	              Index Cond: ((id >= 7977365) AND (id <= 7987364))

table 6 : explain SELECT SUM(k) FROM sbtest6 WHERE id BETWEEN 8869124 AND 8879123
	Aggregate  (cost=32174.45..32174.46 rows=1 width=8)
	  ->  Bitmap Heap Scan on sbtest6  (cost=203.49..32151.26 rows=9274 width=4)
	        Recheck Cond: ((id >= 8869124) AND (id <= 8879123))
	        ->  Bitmap Index Scan on sbtest6_pkey  (cost=0.00..201.18 rows=9274 width=0)
	              Index Cond: ((id >= 8869124) AND (id <= 8879123))

table 7 : explain SELECT SUM(k) FROM sbtest7 WHERE id BETWEEN 9217617 AND 9227616
	Aggregate  (cost=33155.46..33155.47 rows=1 width=8)
	  ->  Bitmap Heap Scan on sbtest7  (cost=206.56..33131.53 rows=9573 width=4)
	        Recheck Cond: ((id >= 9217617) AND (id <= 9227616))
	        ->  Bitmap Index Scan on sbtest7_pkey  (cost=0.00..204.17 rows=9573 width=0)
	              Index Cond: ((id >= 9217617) AND (id <= 9227616))

table 8 : explain SELECT SUM(k) FROM sbtest8 WHERE id BETWEEN 3675805 AND 3685804
	Aggregate  (cost=34084.62..34084.63 rows=1 width=8)
	  ->  Bitmap Heap Scan on sbtest8  (cost=221.56..34059.95 rows=9866 width=4)
	        Recheck Cond: ((id >= 3675805) AND (id <= 3685804))
	        ->  Bitmap Index Scan on sbtest8_pkey  (cost=0.00..219.09 rows=9866 width=0)
	              Index Cond: ((id >= 3675805) AND (id <= 3685804))

for: simple_ranges
table 1 : explain SELECT c FROM sbtest1 WHERE id BETWEEN 5650715 AND 5660714
	Bitmap Heap Scan on sbtest1  (cost=221.23..35038.37 rows=10224 width=121)
	  Recheck Cond: ((id >= 5650715) AND (id <= 5660714))
	  ->  Bitmap Index Scan on sbtest1_pkey  (cost=0.00..218.68 rows=10224 width=0)
	        Index Cond: ((id >= 5650715) AND (id <= 5660714))

table 2 : explain SELECT c FROM sbtest2 WHERE id BETWEEN 4168874 AND 4178873
	Bitmap Heap Scan on sbtest2  (cost=216.05..34722.03 rows=10109 width=121)
	  Recheck Cond: ((id >= 4168874) AND (id <= 4178873))
	  ->  Bitmap Index Scan on sbtest2_pkey  (cost=0.00..213.53 rows=10109 width=0)
	        Index Cond: ((id >= 4168874) AND (id <= 4178873))

table 3 : explain SELECT c FROM sbtest3 WHERE id BETWEEN 3388582 AND 3398581
	Bitmap Heap Scan on sbtest3  (cost=220.46..34854.90 rows=10149 width=121)
	  Recheck Cond: ((id >= 3388582) AND (id <= 3398581))
	  ->  Bitmap Index Scan on sbtest3_pkey  (cost=0.00..217.93 rows=10149 width=0)
	        Index Cond: ((id >= 3388582) AND (id <= 3398581))

table 4 : explain SELECT c FROM sbtest4 WHERE id BETWEEN 4276838 AND 4286837
	Bitmap Heap Scan on sbtest4  (cost=204.82..32553.67 rows=9403 width=121)
	  Recheck Cond: ((id >= 4276838) AND (id <= 4286837))
	  ->  Bitmap Index Scan on sbtest4_pkey  (cost=0.00..202.47 rows=9403 width=0)
	        Index Cond: ((id >= 4276838) AND (id <= 4286837))

table 5 : explain SELECT c FROM sbtest5 WHERE id BETWEEN 6092804 AND 6102803
	Bitmap Heap Scan on sbtest5  (cost=222.98..35662.03 rows=10395 width=121)
	  Recheck Cond: ((id >= 6092804) AND (id <= 6102803))
	  ->  Bitmap Index Scan on sbtest5_pkey  (cost=0.00..220.38 rows=10395 width=0)
	        Index Cond: ((id >= 6092804) AND (id <= 6102803))

table 6 : explain SELECT c FROM sbtest6 WHERE id BETWEEN 2259886 AND 2269885
	Bitmap Heap Scan on sbtest6  (cost=209.98..32920.73 rows=9517 width=121)
	  Recheck Cond: ((id >= 2259886) AND (id <= 2269885))
	  ->  Bitmap Index Scan on sbtest6_pkey  (cost=0.00..207.61 rows=9517 width=0)
	        Index Cond: ((id >= 2259886) AND (id <= 2269885))

table 7 : explain SELECT c FROM sbtest7 WHERE id BETWEEN 1526767 AND 1536766
	Bitmap Heap Scan on sbtest7  (cost=204.96..32641.57 rows=9417 width=121)
	  Recheck Cond: ((id >= 1526767) AND (id <= 1536766))
	  ->  Bitmap Index Scan on sbtest7_pkey  (cost=0.00..202.61 rows=9417 width=0)
	        Index Cond: ((id >= 1526767) AND (id <= 1536766))

table 8 : explain SELECT c FROM sbtest8 WHERE id BETWEEN 1018656 AND 1028655
	Bitmap Heap Scan on sbtest8  (cost=204.02..31118.77 rows=8935 width=121)
	  Recheck Cond: ((id >= 1018656) AND (id <= 1028655))
	  ->  Bitmap Index Scan on sbtest8_pkey  (cost=0.00..201.79 rows=8935 width=0)
	        Index Cond: ((id >= 1018656) AND (id <= 1028655))

for: simple_ranges
table 1 : explain SELECT c FROM sbtest1 WHERE id BETWEEN 5962376 AND 5972375
	Bitmap Heap Scan on sbtest1  (cost=221.92..35243.03 rows=10291 width=121)
	  Recheck Cond: ((id >= 5962376) AND (id <= 5972375))
	  ->  Bitmap Index Scan on sbtest1_pkey  (cost=0.00..219.34 rows=10291 width=0)
	        Index Cond: ((id >= 5962376) AND (id <= 5972375))

table 2 : explain SELECT c FROM sbtest2 WHERE id BETWEEN 382935 AND 392934
	Bitmap Heap Scan on sbtest2  (cost=229.35..36326.17 rows=10626 width=121)
	  Recheck Cond: ((id >= 382935) AND (id <= 392934))
	  ->  Bitmap Index Scan on sbtest2_pkey  (cost=0.00..226.69 rows=10626 width=0)
	        Index Cond: ((id >= 382935) AND (id <= 392934))

table 3 : explain SELECT c FROM sbtest3 WHERE id BETWEEN 8493463 AND 8503462
	Bitmap Heap Scan on sbtest3  (cost=207.51..33341.17 rows=9666 width=121)
	  Recheck Cond: ((id >= 8493463) AND (id <= 8503462))
	  ->  Bitmap Index Scan on sbtest3_pkey  (cost=0.00..205.09 rows=9666 width=0)
	        Index Cond: ((id >= 8493463) AND (id <= 8503462))

table 4 : explain SELECT c FROM sbtest4 WHERE id BETWEEN 4915264 AND 4925263
	Bitmap Heap Scan on sbtest4  (cost=189.16..30183.45 rows=8656 width=121)
	  Recheck Cond: ((id >= 4915264) AND (id <= 4925263))
	  ->  Bitmap Index Scan on sbtest4_pkey  (cost=0.00..187.00 rows=8656 width=0)
	        Index Cond: ((id >= 4915264) AND (id <= 4925263))

table 5 : explain SELECT c FROM sbtest5 WHERE id BETWEEN 2954894 AND 2964893
	Bitmap Heap Scan on sbtest5  (cost=222.58..35540.27 rows=10356 width=121)
	  Recheck Cond: ((id >= 2954894) AND (id <= 2964893))
	  ->  Bitmap Index Scan on sbtest5_pkey  (cost=0.00..220.00 rows=10356 width=0)
	        Index Cond: ((id >= 2954894) AND (id <= 2964893))

table 6 : explain SELECT c FROM sbtest6 WHERE id BETWEEN 7644774 AND 7654773
	Bitmap Heap Scan on sbtest6  (cost=218.63..34342.46 rows=9970 width=121)
	  Recheck Cond: ((id >= 7644774) AND (id <= 7654773))
	  ->  Bitmap Index Scan on sbtest6_pkey  (cost=0.00..216.13 rows=9970 width=0)
	        Index Cond: ((id >= 7644774) AND (id <= 7654773))

table 7 : explain SELECT c FROM sbtest7 WHERE id BETWEEN 2109649 AND 2119648
	Bitmap Heap Scan on sbtest7  (cost=214.43..34319.19 rows=9951 width=121)
	  Recheck Cond: ((id >= 2109649) AND (id <= 2119648))
	  ->  Bitmap Index Scan on sbtest7_pkey  (cost=0.00..211.94 rows=9951 width=0)
	        Index Cond: ((id >= 2109649) AND (id <= 2119648))

table 8 : explain SELECT c FROM sbtest8 WHERE id BETWEEN 7864904 AND 7874903
	Bitmap Heap Scan on sbtest8  (cost=243.09..36962.15 rows=10796 width=121)
	  Recheck Cond: ((id >= 7864904) AND (id <= 7874903))
	  ->  Bitmap Index Scan on sbtest8_pkey  (cost=0.00..240.40 rows=10796 width=0)
	        Index Cond: ((id >= 7864904) AND (id <= 7874903))

for: order_ranges
table 1 : explain SELECT c FROM sbtest1 WHERE id BETWEEN 4386035 AND 4396034 ORDER BY c
	Sort  (cost=31886.64..31909.22 rows=9030 width=121)
	  Sort Key: c
	  ->  Bitmap Heap Scan on sbtest1  (cost=192.99..31293.35 rows=9030 width=121)
	        Recheck Cond: ((id >= 4386035) AND (id <= 4396034))
	        ->  Bitmap Index Scan on sbtest1_pkey  (cost=0.00..190.74 rows=9030 width=0)
	              Index Cond: ((id >= 4386035) AND (id <= 4396034))

table 2 : explain SELECT c FROM sbtest2 WHERE id BETWEEN 5131874 AND 5141873 ORDER BY c
	Sort  (cost=37389.15..37415.99 rows=10737 width=121)
	  Sort Key: c
	  ->  Bitmap Heap Scan on sbtest2  (cost=230.49..36670.29 rows=10737 width=121)
	        Recheck Cond: ((id >= 5131874) AND (id <= 5141873))
	        ->  Bitmap Index Scan on sbtest2_pkey  (cost=0.00..227.81 rows=10737 width=0)
	              Index Cond: ((id >= 5131874) AND (id <= 5141873))

table 3 : explain SELECT c FROM sbtest3 WHERE id BETWEEN 8798621 AND 8808620 ORDER BY c
	Sort  (cost=39318.96..39347.33 rows=11349 width=121)
	  Sort Key: c
	  ->  Bitmap Heap Scan on sbtest3  (cost=244.76..38554.59 rows=11349 width=121)
	        Recheck Cond: ((id >= 8798621) AND (id <= 8808620))
	        ->  Bitmap Index Scan on sbtest3_pkey  (cost=0.00..241.93 rows=11349 width=0)
	              Index Cond: ((id >= 8798621) AND (id <= 8808620))

table 4 : explain SELECT c FROM sbtest4 WHERE id BETWEEN 8361702 AND 8371701 ORDER BY c
	Sort  (cost=33599.30..33623.14 rows=9534 width=121)
	  Sort Key: c
	  ->  Bitmap Heap Scan on sbtest4  (cost=210.16..32969.16 rows=9534 width=121)
	        Recheck Cond: ((id >= 8361702) AND (id <= 8371701))
	        ->  Bitmap Index Scan on sbtest4_pkey  (cost=0.00..207.78 rows=9534 width=0)
	              Index Cond: ((id >= 8361702) AND (id <= 8371701))

table 5 : explain SELECT c FROM sbtest5 WHERE id BETWEEN 3539890 AND 3549889 ORDER BY c
	Sort  (cost=35000.09..35025.01 rows=9970 width=121)
	  Sort Key: c
	  ->  Bitmap Heap Scan on sbtest5  (cost=214.63..34337.91 rows=9970 width=121)
	        Recheck Cond: ((id >= 3539890) AND (id <= 3549889))
	        ->  Bitmap Index Scan on sbtest5_pkey  (cost=0.00..212.13 rows=9970 width=0)
	              Index Cond: ((id >= 3539890) AND (id <= 3549889))

table 6 : explain SELECT c FROM sbtest6 WHERE id BETWEEN 6962159 AND 6972158 ORDER BY c
	Sort  (cost=35916.92..35942.56 rows=10255 width=121)
	  Sort Key: c
	  ->  Bitmap Heap Scan on sbtest6  (cost=225.55..35233.73 rows=10255 width=121)
	        Recheck Cond: ((id >= 6962159) AND (id <= 6972158))
	        ->  Bitmap Index Scan on sbtest6_pkey  (cost=0.00..222.99 rows=10255 width=0)
	              Index Cond: ((id >= 6962159) AND (id <= 6972158))

table 7 : explain SELECT c FROM sbtest7 WHERE id BETWEEN 7553039 AND 7563038 ORDER BY c
	Sort  (cost=34106.66..34130.85 rows=9678 width=121)
	  Sort Key: c
	  ->  Bitmap Heap Scan on sbtest7  (cost=211.63..33465.95 rows=9678 width=121)
	        Recheck Cond: ((id >= 7553039) AND (id <= 7563038))
	        ->  Bitmap Index Scan on sbtest7_pkey  (cost=0.00..209.22 rows=9678 width=0)
	              Index Cond: ((id >= 7553039) AND (id <= 7563038))

table 8 : explain SELECT c FROM sbtest8 WHERE id BETWEEN 485907 AND 495906 ORDER BY c
	Sort  (cost=36800.33..36826.62 rows=10518 width=121)
	  Sort Key: c
	  ->  Bitmap Heap Scan on sbtest8  (cost=236.24..36097.69 rows=10518 width=121)
	        Recheck Cond: ((id >= 485907) AND (id <= 495906))
	        ->  Bitmap Index Scan on sbtest8_pkey  (cost=0.00..233.62 rows=10518 width=0)
	              Index Cond: ((id >= 485907) AND (id <= 495906))

for point_selects
table 1 : explain SELECT c FROM sbtest1 WHERE id=3132600
	Index Scan using sbtest1_pkey on sbtest1  (cost=0.43..8.45 rows=1 width=121)
	  Index Cond: (id = 3132600)

table 2 : explain SELECT c FROM sbtest2 WHERE id=8121115
	Index Scan using sbtest2_pkey on sbtest2  (cost=0.43..8.45 rows=1 width=121)
	  Index Cond: (id = 8121115)

table 3 : explain SELECT c FROM sbtest3 WHERE id=6419770
	Index Scan using sbtest3_pkey on sbtest3  (cost=0.43..8.45 rows=1 width=121)
	  Index Cond: (id = 6419770)

table 4 : explain SELECT c FROM sbtest4 WHERE id=8209075
	Index Scan using sbtest4_pkey on sbtest4  (cost=0.43..8.45 rows=1 width=121)
	  Index Cond: (id = 8209075)

table 5 : explain SELECT c FROM sbtest5 WHERE id=6351335
	Index Scan using sbtest5_pkey on sbtest5  (cost=0.43..8.45 rows=1 width=121)
	  Index Cond: (id = 6351335)

table 6 : explain SELECT c FROM sbtest6 WHERE id=5469645
	Index Scan using sbtest6_pkey on sbtest6  (cost=0.43..8.45 rows=1 width=121)
	  Index Cond: (id = 5469645)

table 7 : explain SELECT c FROM sbtest7 WHERE id=100636
	Index Scan using sbtest7_pkey on sbtest7  (cost=0.43..8.45 rows=1 width=121)
	  Index Cond: (id = 100636)

table 8 : explain SELECT c FROM sbtest8 WHERE id=1505869
	Index Scan using sbtest8_pkey on sbtest8  (cost=0.43..8.45 rows=1 width=121)
	  Index Cond: (id = 1505869)

for: simple_ranges
table 1 : explain SELECT c FROM sbtest1 WHERE id BETWEEN 9605577 AND 9615576
	Bitmap Heap Scan on sbtest1  (cost=200.89..32492.81 rows=9410 width=121)
	  Recheck Cond: ((id >= 9605577) AND (id <= 9615576))
	  ->  Bitmap Index Scan on sbtest1_pkey  (cost=0.00..198.54 rows=9410 width=0)
	        Index Cond: ((id >= 9605577) AND (id <= 9615576))

table 2 : explain SELECT c FROM sbtest2 WHERE id BETWEEN 612872 AND 622871
	Bitmap Heap Scan on sbtest2  (cost=198.51..31802.75 rows=9178 width=121)
	  Recheck Cond: ((id >= 612872) AND (id <= 622871))
	  ->  Bitmap Index Scan on sbtest2_pkey  (cost=0.00..196.22 rows=9178 width=0)
	        Index Cond: ((id >= 612872) AND (id <= 622871))

table 3 : explain SELECT c FROM sbtest3 WHERE id BETWEEN 8677055 AND 8687054
	Bitmap Heap Scan on sbtest3  (cost=223.43..35751.49 rows=10439 width=121)
	  Recheck Cond: ((id >= 8677055) AND (id <= 8687054))
	  ->  Bitmap Index Scan on sbtest3_pkey  (cost=0.00..220.82 rows=10439 width=0)
	        Index Cond: ((id >= 8677055) AND (id <= 8687054))

table 4 : explain SELECT c FROM sbtest4 WHERE id BETWEEN 7253968 AND 7263967
	Bitmap Heap Scan on sbtest4  (cost=212.10..33560.91 rows=9723 width=121)
	  Recheck Cond: ((id >= 7253968) AND (id <= 7263967))
	  ->  Bitmap Index Scan on sbtest4_pkey  (cost=0.00..209.67 rows=9723 width=0)
	        Index Cond: ((id >= 7253968) AND (id <= 7263967))

table 5 : explain SELECT c FROM sbtest5 WHERE id BETWEEN 2120136 AND 2130135
	Bitmap Heap Scan on sbtest5  (cost=235.85..37136.30 rows=10870 width=121)
	  Recheck Cond: ((id >= 2120136) AND (id <= 2130135))
	  ->  Bitmap Index Scan on sbtest5_pkey  (cost=0.00..233.13 rows=10870 width=0)
	        Index Cond: ((id >= 2120136) AND (id <= 2130135))

table 6 : explain SELECT c FROM sbtest6 WHERE id BETWEEN 7891466 AND 7901465
	Bitmap Heap Scan on sbtest6  (cost=212.08..33561.15 rows=9721 width=121)
	  Recheck Cond: ((id >= 7891466) AND (id <= 7901465))
	  ->  Bitmap Index Scan on sbtest6_pkey  (cost=0.00..209.65 rows=9721 width=0)
	        Index Cond: ((id >= 7891466) AND (id <= 7901465))

table 7 : explain SELECT c FROM sbtest7 WHERE id BETWEEN 98935 AND 108934
	Bitmap Heap Scan on sbtest7  (cost=204.14..32388.12 rows=9337 width=121)
	  Recheck Cond: ((id >= 98935) AND (id <= 108934))
	  ->  Bitmap Index Scan on sbtest7_pkey  (cost=0.00..201.81 rows=9337 width=0)
	        Index Cond: ((id >= 98935) AND (id <= 108934))

table 8 : explain SELECT c FROM sbtest8 WHERE id BETWEEN 9207526 AND 9217525
	Bitmap Heap Scan on sbtest8  (cost=233.85..35372.55 rows=10284 width=121)
	  Recheck Cond: ((id >= 9207526) AND (id <= 9217525))
	  ->  Bitmap Index Scan on sbtest8_pkey  (cost=0.00..231.28 rows=10284 width=0)
	        Index Cond: ((id >= 9207526) AND (id <= 9217525))

for: simple_ranges
table 1 : explain SELECT c FROM sbtest1 WHERE id BETWEEN 3702521 AND 3712520
	Bitmap Heap Scan on sbtest1  (cost=213.59..33931.56 rows=9869 width=121)
	  Recheck Cond: ((id >= 3702521) AND (id <= 3712520))
	  ->  Bitmap Index Scan on sbtest1_pkey  (cost=0.00..211.12 rows=9869 width=0)
	        Index Cond: ((id >= 3702521) AND (id <= 3712520))

table 2 : explain SELECT c FROM sbtest2 WHERE id BETWEEN 9554528 AND 9564527
	Bitmap Heap Scan on sbtest2  (cost=228.93..36201.77 rows=10585 width=121)
	  Recheck Cond: ((id >= 9554528) AND (id <= 9564527))
	  ->  Bitmap Index Scan on sbtest2_pkey  (cost=0.00..226.29 rows=10585 width=0)
	        Index Cond: ((id >= 9554528) AND (id <= 9564527))

table 3 : explain SELECT c FROM sbtest3 WHERE id BETWEEN 2954801 AND 2964800
	Bitmap Heap Scan on sbtest3  (cost=207.14..33228.19 rows=9630 width=121)
	  Recheck Cond: ((id >= 2954801) AND (id <= 2964800))
	  ->  Bitmap Index Scan on sbtest3_pkey  (cost=0.00..204.74 rows=9630 width=0)
	        Index Cond: ((id >= 2954801) AND (id <= 2964800))

table 4 : explain SELECT c FROM sbtest4 WHERE id BETWEEN 6220982 AND 6230981
	Bitmap Heap Scan on sbtest4  (cost=204.44..32436.91 rows=9366 width=121)
	  Recheck Cond: ((id >= 6220982) AND (id <= 6230981))
	  ->  Bitmap Index Scan on sbtest4_pkey  (cost=0.00..202.09 rows=9366 width=0)
	        Index Cond: ((id >= 6220982) AND (id <= 6230981))

table 5 : explain SELECT c FROM sbtest5 WHERE id BETWEEN 5053102 AND 5063101
	Bitmap Heap Scan on sbtest5  (cost=223.29..35754.92 rows=10425 width=121)
	  Recheck Cond: ((id >= 5053102) AND (id <= 5063101))
	  ->  Bitmap Index Scan on sbtest5_pkey  (cost=0.00..220.69 rows=10425 width=0)
	        Index Cond: ((id >= 5053102) AND (id <= 5063101))

table 6 : explain SELECT c FROM sbtest6 WHERE id BETWEEN 2834576 AND 2844575
	Bitmap Heap Scan on sbtest6  (cost=216.62..33729.85 rows=9774 width=121)
	  Recheck Cond: ((id >= 2834576) AND (id <= 2844575))
	  ->  Bitmap Index Scan on sbtest6_pkey  (cost=0.00..214.18 rows=9774 width=0)
	        Index Cond: ((id >= 2834576) AND (id <= 2844575))

table 7 : explain SELECT c FROM sbtest7 WHERE id BETWEEN 5973835 AND 5983834
	Bitmap Heap Scan on sbtest7  (cost=196.08..31129.31 rows=8941 width=121)
	  Recheck Cond: ((id >= 5973835) AND (id <= 5983834))
	  ->  Bitmap Index Scan on sbtest7_pkey  (cost=0.00..193.84 rows=8941 width=0)
	        Index Cond: ((id >= 5973835) AND (id <= 5983834))

table 8 : explain SELECT c FROM sbtest8 WHERE id BETWEEN 7407400 AND 7417399
	Bitmap Heap Scan on sbtest8  (cost=219.84..33533.01 rows=9698 width=121)
	  Recheck Cond: ((id >= 7407400) AND (id <= 7417399))
	  ->  Bitmap Index Scan on sbtest8_pkey  (cost=0.00..217.42 rows=9698 width=0)
	        Index Cond: ((id >= 7407400) AND (id <= 7417399))

for point_selects
table 1 : explain SELECT c FROM sbtest1 WHERE id=2842911
	Index Scan using sbtest1_pkey on sbtest1  (cost=0.43..8.45 rows=1 width=121)
	  Index Cond: (id = 2842911)

table 2 : explain SELECT c FROM sbtest2 WHERE id=9825451
	Index Scan using sbtest2_pkey on sbtest2  (cost=0.43..8.45 rows=1 width=121)
	  Index Cond: (id = 9825451)

table 3 : explain SELECT c FROM sbtest3 WHERE id=6127016
	Index Scan using sbtest3_pkey on sbtest3  (cost=0.43..8.45 rows=1 width=121)
	  Index Cond: (id = 6127016)

table 4 : explain SELECT c FROM sbtest4 WHERE id=3567829
	Index Scan using sbtest4_pkey on sbtest4  (cost=0.43..8.45 rows=1 width=121)
	  Index Cond: (id = 3567829)

table 5 : explain SELECT c FROM sbtest5 WHERE id=1361129
	Index Scan using sbtest5_pkey on sbtest5  (cost=0.43..8.45 rows=1 width=121)
	  Index Cond: (id = 1361129)

table 6 : explain SELECT c FROM sbtest6 WHERE id=9441289
	Index Scan using sbtest6_pkey on sbtest6  (cost=0.43..8.45 rows=1 width=121)
	  Index Cond: (id = 9441289)

table 7 : explain SELECT c FROM sbtest7 WHERE id=6172545
	Index Scan using sbtest7_pkey on sbtest7  (cost=0.43..8.45 rows=1 width=121)
	  Index Cond: (id = 6172545)

table 8 : explain SELECT c FROM sbtest8 WHERE id=1568294
	Index Scan using sbtest8_pkey on sbtest8  (cost=0.43..8.45 rows=1 width=121)
	  Index Cond: (id = 1568294)

for: sum_ranges
table 1 : explain SELECT SUM(k) FROM sbtest1 WHERE id BETWEEN 1762777 AND 1772776
	Aggregate  (cost=31868.60..31868.61 rows=1 width=8)
	  ->  Bitmap Heap Scan on sbtest1  (cost=198.78..31845.59 rows=9204 width=4)
	        Recheck Cond: ((id >= 1762777) AND (id <= 1772776))
	        ->  Bitmap Index Scan on sbtest1_pkey  (cost=0.00..196.48 rows=9204 width=0)
	              Index Cond: ((id >= 1762777) AND (id <= 1772776))

table 2 : explain SELECT SUM(k) FROM sbtest2 WHERE id BETWEEN 7001834 AND 7011833
	Aggregate  (cost=33807.07..33807.08 rows=1 width=8)
	  ->  Bitmap Heap Scan on sbtest2  (cost=208.98..33782.54 rows=9809 width=4)
	        Recheck Cond: ((id >= 7001834) AND (id <= 7011833))
	        ->  Bitmap Index Scan on sbtest2_pkey  (cost=0.00..206.53 rows=9809 width=0)
	              Index Cond: ((id >= 7001834) AND (id <= 7011833))

table 3 : explain SELECT SUM(k) FROM sbtest3 WHERE id BETWEEN 5225578 AND 5235577
	Aggregate  (cost=35005.47..35005.48 rows=1 width=8)
	  ->  Bitmap Heap Scan on sbtest3  (cost=220.88..34979.99 rows=10190 width=4)
	        Recheck Cond: ((id >= 5225578) AND (id <= 5235577))
	        ->  Bitmap Index Scan on sbtest3_pkey  (cost=0.00..218.34 rows=10190 width=0)
	              Index Cond: ((id >= 5225578) AND (id <= 5235577))

table 4 : explain SELECT SUM(k) FROM sbtest4 WHERE id BETWEEN 6565234 AND 6575233
	Aggregate  (cost=38048.62..38048.63 rows=1 width=8)
	  ->  Bitmap Heap Scan on sbtest4  (cost=242.81..38020.72 rows=11159 width=4)
	        Recheck Cond: ((id >= 6565234) AND (id <= 6575233))
	        ->  Bitmap Index Scan on sbtest4_pkey  (cost=0.00..240.03 rows=11159 width=0)
	              Index Cond: ((id >= 6565234) AND (id <= 6575233))

table 5 : explain SELECT SUM(k) FROM sbtest5 WHERE id BETWEEN 466369 AND 476368
	Aggregate  (cost=32143.95..32143.96 rows=1 width=8)
	  ->  Bitmap Heap Scan on sbtest5  (cost=199.41..32120.78 rows=9266 width=4)
	        Recheck Cond: ((id >= 466369) AND (id <= 476368))
	        ->  Bitmap Index Scan on sbtest5_pkey  (cost=0.00..197.09 rows=9266 width=0)
	              Index Cond: ((id >= 466369) AND (id <= 476368))

table 6 : explain SELECT SUM(k) FROM sbtest6 WHERE id BETWEEN 2380202 AND 2390201
	Aggregate  (cost=37123.48..37123.49 rows=1 width=8)
	  ->  Bitmap Heap Scan on sbtest6  (cost=239.71..37096.34 rows=10856 width=4)
	        Recheck Cond: ((id >= 2380202) AND (id <= 2390201))
	        ->  Bitmap Index Scan on sbtest6_pkey  (cost=0.00..237.00 rows=10856 width=0)
	              Index Cond: ((id >= 2380202) AND (id <= 2390201))

table 7 : explain SELECT SUM(k) FROM sbtest7 WHERE id BETWEEN 7434464 AND 7444463
	Aggregate  (cost=34314.99..34315.00 rows=1 width=8)
	  ->  Bitmap Heap Scan on sbtest7  (cost=214.33..34290.13 rows=9941 width=4)
	        Recheck Cond: ((id >= 7434464) AND (id <= 7444463))
	        ->  Bitmap Index Scan on sbtest7_pkey  (cost=0.00..211.84 rows=9941 width=0)
	              Index Cond: ((id >= 7434464) AND (id <= 7444463))

table 8 : explain SELECT SUM(k) FROM sbtest8 WHERE id BETWEEN 2640597 AND 2650596
	Aggregate  (cost=35870.53..35870.54 rows=1 width=8)
	  ->  Bitmap Heap Scan on sbtest8  (cost=235.40..35844.44 rows=10436 width=4)
	        Recheck Cond: ((id >= 2640597) AND (id <= 2650596))
	        ->  Bitmap Index Scan on sbtest8_pkey  (cost=0.00..232.80 rows=10436 width=0)
	              Index Cond: ((id >= 2640597) AND (id <= 2650596))

explain: for point_selects :: explain SELECT c FROM sbtest%u WHERE id=%u
for: sum_ranges
table 1 : explain SELECT SUM(k) FROM sbtest1 WHERE id BETWEEN 216974 AND 226973
	Aggregate  (cost=34152.31..34152.32 rows=1 width=8)
	  ->  Bitmap Heap Scan on sbtest1  (cost=214.24..34127.48 rows=9932 width=4)
	        Recheck Cond: ((id >= 216974) AND (id <= 226973))
	        ->  Bitmap Index Scan on sbtest1_pkey  (cost=0.00..211.75 rows=9932 width=0)
	              Index Cond: ((id >= 216974) AND (id <= 226973))

table 2 : explain SELECT SUM(k) FROM sbtest2 WHERE id BETWEEN 8322646 AND 8332645
	Aggregate  (cost=32957.85..32957.86 rows=1 width=8)
	  ->  Bitmap Heap Scan on sbtest2  (cost=206.19..32934.01 rows=9537 width=4)
	        Recheck Cond: ((id >= 8322646) AND (id <= 8332645))
	        ->  Bitmap Index Scan on sbtest2_pkey  (cost=0.00..203.81 rows=9537 width=0)
	              Index Cond: ((id >= 8322646) AND (id <= 8332645))

table 3 : explain SELECT SUM(k) FROM sbtest3 WHERE id BETWEEN 6733695 AND 6743694
	Aggregate  (cost=35909.50..35909.51 rows=1 width=8)
	  ->  Bitmap Heap Scan on sbtest3  (cost=227.86..35883.30 rows=10480 width=4)
	        Recheck Cond: ((id >= 6733695) AND (id <= 6743694))
	        ->  Bitmap Index Scan on sbtest3_pkey  (cost=0.00..225.24 rows=10480 width=0)
	              Index Cond: ((id >= 6733695) AND (id <= 6743694))

table 4 : explain SELECT SUM(k) FROM sbtest4 WHERE id BETWEEN 2415888 AND 2425887
	Aggregate  (cost=34025.19..34025.20 rows=1 width=8)
	  ->  Bitmap Heap Scan on sbtest4  (cost=217.52..34000.54 rows=9862 width=4)
	        Recheck Cond: ((id >= 2415888) AND (id <= 2425887))
	        ->  Bitmap Index Scan on sbtest4_pkey  (cost=0.00..215.06 rows=9862 width=0)
	              Index Cond: ((id >= 2415888) AND (id <= 2425887))

table 5 : explain SELECT SUM(k) FROM sbtest5 WHERE id BETWEEN 2856566 AND 2866565
	Aggregate  (cost=31952.04..31952.05 rows=1 width=8)
	  ->  Bitmap Heap Scan on sbtest5  (cost=198.79..31929.02 rows=9205 width=4)
	        Recheck Cond: ((id >= 2856566) AND (id <= 2866565))
	        ->  Bitmap Index Scan on sbtest5_pkey  (cost=0.00..196.49 rows=9205 width=0)
	              Index Cond: ((id >= 2856566) AND (id <= 2866565))

table 6 : explain SELECT SUM(k) FROM sbtest6 WHERE id BETWEEN 4087332 AND 4097331
	Aggregate  (cost=34844.73..34844.74 rows=1 width=8)
	  ->  Bitmap Heap Scan on sbtest6  (cost=224.19..34819.42 rows=10122 width=4)
	        Recheck Cond: ((id >= 4087332) AND (id <= 4097331))
	        ->  Bitmap Index Scan on sbtest6_pkey  (cost=0.00..221.66 rows=10122 width=0)
	              Index Cond: ((id >= 4087332) AND (id <= 4097331))

table 7 : explain SELECT SUM(k) FROM sbtest7 WHERE id BETWEEN 5069745 AND 5079744
	Aggregate  (cost=34732.02..34732.03 rows=1 width=8)
	  ->  Bitmap Heap Scan on sbtest7  (cost=219.68..34706.84 rows=10073 width=4)
	        Recheck Cond: ((id >= 5069745) AND (id <= 5079744))
	        ->  Bitmap Index Scan on sbtest7_pkey  (cost=0.00..217.17 rows=10073 width=0)
	              Index Cond: ((id >= 5069745) AND (id <= 5079744))

table 8 : explain SELECT SUM(k) FROM sbtest8 WHERE id BETWEEN 3862202 AND 3872201
	Aggregate  (cost=31487.50..31487.51 rows=1 width=8)
	  ->  Bitmap Heap Scan on sbtest8  (cost=205.15..31464.89 rows=9045 width=4)
	        Recheck Cond: ((id >= 3862202) AND (id <= 3872201))
	        ->  Bitmap Index Scan on sbtest8_pkey  (cost=0.00..202.88 rows=9045 width=0)
	              Index Cond: ((id >= 3862202) AND (id <= 3872201))

explain: for point_selects :: explain SELECT c FROM sbtest%u WHERE id=%u
for: order_ranges
table 1 : explain SELECT c FROM sbtest1 WHERE id BETWEEN 776609 AND 786608 ORDER BY c
	Sort  (cost=34675.00..34699.74 rows=9896 width=121)
	  Sort Key: c
	  ->  Bitmap Heap Scan on sbtest1  (cost=213.87..34018.27 rows=9896 width=121)
	        Recheck Cond: ((id >= 776609) AND (id <= 786608))
	        ->  Bitmap Index Scan on sbtest1_pkey  (cost=0.00..211.40 rows=9896 width=0)
	              Index Cond: ((id >= 776609) AND (id <= 786608))

table 2 : explain SELECT c FROM sbtest2 WHERE id BETWEEN 9103712 AND 9113711 ORDER BY c
	Sort  (cost=36090.68..36116.50 rows=10327 width=121)
	  Sort Key: c
	  ->  Bitmap Heap Scan on sbtest2  (cost=222.29..35402.17 rows=10327 width=121)
	        Recheck Cond: ((id >= 9103712) AND (id <= 9113711))
	        ->  Bitmap Index Scan on sbtest2_pkey  (cost=0.00..219.70 rows=10327 width=0)
	              Index Cond: ((id >= 9103712) AND (id <= 9113711))

table 3 : explain SELECT c FROM sbtest3 WHERE id BETWEEN 7612932 AND 7622931 ORDER BY c
	Sort  (cost=35217.41..35242.54 rows=10052 width=121)
	  Sort Key: c
	  ->  Bitmap Heap Scan on sbtest3  (cost=215.47..34549.19 rows=10052 width=121)
	        Recheck Cond: ((id >= 7612932) AND (id <= 7622931))
	        ->  Bitmap Index Scan on sbtest3_pkey  (cost=0.00..212.95 rows=10052 width=0)
	              Index Cond: ((id >= 7612932) AND (id <= 7622931))

table 4 : explain SELECT c FROM sbtest4 WHERE id BETWEEN 4113999 AND 4123998 ORDER BY c
	Sort  (cost=35696.37..35721.84 rows=10188 width=121)
	  Sort Key: c
	  ->  Bitmap Heap Scan on sbtest4  (cost=224.86..35018.13 rows=10188 width=121)
	        Recheck Cond: ((id >= 4113999) AND (id <= 4123998))
	        ->  Bitmap Index Scan on sbtest4_pkey  (cost=0.00..222.31 rows=10188 width=0)
	              Index Cond: ((id >= 4113999) AND (id <= 4123998))

table 5 : explain SELECT c FROM sbtest5 WHERE id BETWEEN 547999 AND 557998 ORDER BY c
	Sort  (cost=34897.88..34922.73 rows=9938 width=121)
	  Sort Key: c
	  ->  Bitmap Heap Scan on sbtest5  (cost=214.30..34238.06 rows=9938 width=121)
	        Recheck Cond: ((id >= 547999) AND (id <= 557998))
	        ->  Bitmap Index Scan on sbtest5_pkey  (cost=0.00..211.81 rows=9938 width=0)
	              Index Cond: ((id >= 547999) AND (id <= 557998))

table 6 : explain SELECT c FROM sbtest6 WHERE id BETWEEN 1513790 AND 1523789 ORDER BY c
	Sort  (cost=35532.34..35557.68 rows=10135 width=121)
	  Sort Key: c
	  ->  Bitmap Heap Scan on sbtest6  (cost=224.32..34858.01 rows=10135 width=121)
	        Recheck Cond: ((id >= 1513790) AND (id <= 1523789))
	        ->  Bitmap Index Scan on sbtest6_pkey  (cost=0.00..221.79 rows=10135 width=0)
	              Index Cond: ((id >= 1513790) AND (id <= 1523789))

table 7 : explain SELECT c FROM sbtest7 WHERE id BETWEEN 1335798 AND 1345797 ORDER BY c
	Sort  (cost=34312.00..34336.35 rows=9742 width=121)
	  Sort Key: c
	  ->  Bitmap Heap Scan on sbtest7  (cost=212.29..33666.59 rows=9742 width=121)
	        Recheck Cond: ((id >= 1335798) AND (id <= 1345797))
	        ->  Bitmap Index Scan on sbtest7_pkey  (cost=0.00..209.86 rows=9742 width=0)
	              Index Cond: ((id >= 1335798) AND (id <= 1345797))

table 8 : explain SELECT c FROM sbtest8 WHERE id BETWEEN 3826725 AND 3836724 ORDER BY c
	Sort  (cost=32059.28..32081.89 rows=9045 width=121)
	  Sort Key: c
	  ->  Bitmap Heap Scan on sbtest8  (cost=205.15..31464.89 rows=9045 width=121)
	        Recheck Cond: ((id >= 3826725) AND (id <= 3836724))
	        ->  Bitmap Index Scan on sbtest8_pkey  (cost=0.00..202.88 rows=9045 width=0)
	              Index Cond: ((id >= 3826725) AND (id <= 3836724))

for: order_ranges
table 1 : explain SELECT c FROM sbtest1 WHERE id BETWEEN 3001503 AND 3011502 ORDER BY c
	Sort  (cost=37697.53..37724.66 rows=10851 width=121)
	  Sort Key: c
	  ->  Bitmap Heap Scan on sbtest1  (cost=231.66..36970.21 rows=10851 width=121)
	        Recheck Cond: ((id >= 3001503) AND (id <= 3011502))
	        ->  Bitmap Index Scan on sbtest1_pkey  (cost=0.00..228.94 rows=10851 width=0)
	              Index Cond: ((id >= 3001503) AND (id <= 3011502))

table 2 : explain SELECT c FROM sbtest2 WHERE id BETWEEN 8048791 AND 8058790 ORDER BY c
	Sort  (cost=35046.07..35071.07 rows=10000 width=121)
	  Sort Key: c
	  ->  Bitmap Heap Scan on sbtest2  (cost=214.94..34381.68 rows=10000 width=121)
	        Recheck Cond: ((id >= 8048791) AND (id <= 8058790))
	        ->  Bitmap Index Scan on sbtest2_pkey  (cost=0.00..212.44 rows=10000 width=0)
	              Index Cond: ((id >= 8048791) AND (id <= 8058790))

table 3 : explain SELECT c FROM sbtest3 WHERE id BETWEEN 9357367 AND 9367366 ORDER BY c
	Sort  (cost=34221.96..34246.31 rows=9741 width=121)
	  Sort Key: c
	  ->  Bitmap Heap Scan on sbtest3  (cost=208.28..33576.63 rows=9741 width=121)
	        Recheck Cond: ((id >= 9357367) AND (id <= 9367366))
	        ->  Bitmap Index Scan on sbtest3_pkey  (cost=0.00..205.84 rows=9741 width=0)
	              Index Cond: ((id >= 9357367) AND (id <= 9367366))

table 4 : explain SELECT c FROM sbtest4 WHERE id BETWEEN 7552286 AND 7562285 ORDER BY c
	Sort  (cost=35406.20..35431.44 rows=10098 width=121)
	  Sort Key: c
	  ->  Bitmap Heap Scan on sbtest4  (cost=219.94..34734.59 rows=10098 width=121)
	        Recheck Cond: ((id >= 7552286) AND (id <= 7562285))
	        ->  Bitmap Index Scan on sbtest4_pkey  (cost=0.00..217.42 rows=10098 width=0)
	              Index Cond: ((id >= 7552286) AND (id <= 7562285))

table 5 : explain SELECT c FROM sbtest5 WHERE id BETWEEN 1792533 AND 1802532 ORDER BY c
	Sort  (cost=34088.06..34112.28 rows=9686 width=121)
	  Sort Key: c
	  ->  Bitmap Heap Scan on sbtest5  (cost=207.72..33446.77 rows=9686 width=121)
	        Recheck Cond: ((id >= 1792533) AND (id <= 1802532))
	        ->  Bitmap Index Scan on sbtest5_pkey  (cost=0.00..205.30 rows=9686 width=0)
	              Index Cond: ((id >= 1792533) AND (id <= 1802532))

table 6 : explain SELECT c FROM sbtest6 WHERE id BETWEEN 4222349 AND 4232348 ORDER BY c
	Sort  (cost=34364.40..34388.83 rows=9770 width=121)
	  Sort Key: c
	  ->  Bitmap Heap Scan on sbtest6  (cost=216.58..33716.94 rows=9770 width=121)
	        Recheck Cond: ((id >= 4222349) AND (id <= 4232348))
	        ->  Bitmap Index Scan on sbtest6_pkey  (cost=0.00..214.13 rows=9770 width=0)
	              Index Cond: ((id >= 4222349) AND (id <= 4232348))

table 7 : explain SELECT c FROM sbtest7 WHERE id BETWEEN 443938 AND 453937 ORDER BY c
	Sort  (cost=34189.49..34213.75 rows=9704 width=121)
	  Sort Key: c
	  ->  Bitmap Heap Scan on sbtest7  (cost=211.90..33546.88 rows=9704 width=121)
	        Recheck Cond: ((id >= 443938) AND (id <= 453937))
	        ->  Bitmap Index Scan on sbtest7_pkey  (cost=0.00..209.48 rows=9704 width=0)
	              Index Cond: ((id >= 443938) AND (id <= 453937))

table 8 : explain SELECT c FROM sbtest8 WHERE id BETWEEN 7438927 AND 7448926 ORDER BY c
	Sort  (cost=35042.20..35067.11 rows=9967 width=121)
	  Sort Key: c
	  ->  Bitmap Heap Scan on sbtest8  (cost=226.60..34380.24 rows=9967 width=121)
	        Recheck Cond: ((id >= 7438927) AND (id <= 7448926))
	        ->  Bitmap Index Scan on sbtest8_pkey  (cost=0.00..224.11 rows=9967 width=0)
	              Index Cond: ((id >= 7438927) AND (id <= 7448926))

for: simple_ranges
table 1 : explain SELECT c FROM sbtest1 WHERE id BETWEEN 5184689 AND 5194688
	Bitmap Heap Scan on sbtest1  (cost=191.20..30743.83 rows=8855 width=121)
	  Recheck Cond: ((id >= 5184689) AND (id <= 5194688))
	  ->  Bitmap Index Scan on sbtest1_pkey  (cost=0.00..188.99 rows=8855 width=0)
	        Index Cond: ((id >= 5184689) AND (id <= 5194688))

table 2 : explain SELECT c FROM sbtest2 WHERE id BETWEEN 3707976 AND 3717975
	Bitmap Heap Scan on sbtest2  (cost=216.91..34981.82 rows=10193 width=121)
	  Recheck Cond: ((id >= 3707976) AND (id <= 3717975))
	  ->  Bitmap Index Scan on sbtest2_pkey  (cost=0.00..214.37 rows=10193 width=0)
	        Index Cond: ((id >= 3707976) AND (id <= 3717975))

table 3 : explain SELECT c FROM sbtest3 WHERE id BETWEEN 4811045 AND 4821044
	Bitmap Heap Scan on sbtest3  (cost=197.72..31562.35 rows=9101 width=121)
	  Recheck Cond: ((id >= 4811045) AND (id <= 4821044))
	  ->  Bitmap Index Scan on sbtest3_pkey  (cost=0.00..195.44 rows=9101 width=0)
	        Index Cond: ((id >= 4811045) AND (id <= 4821044))

table 4 : explain SELECT c FROM sbtest4 WHERE id BETWEEN 8214130 AND 8224129
	Bitmap Heap Scan on sbtest4  (cost=219.27..34531.98 rows=10033 width=121)
	  Recheck Cond: ((id >= 8214130) AND (id <= 8224129))
	  ->  Bitmap Index Scan on sbtest4_pkey  (cost=0.00..216.76 rows=10033 width=0)
	        Index Cond: ((id >= 8214130) AND (id <= 8224129))

table 5 : explain SELECT c FROM sbtest5 WHERE id BETWEEN 3637167 AND 3647166
	Bitmap Heap Scan on sbtest5  (cost=216.00..34753.01 rows=10104 width=121)
	  Recheck Cond: ((id >= 3637167) AND (id <= 3647166))
	  ->  Bitmap Index Scan on sbtest5_pkey  (cost=0.00..213.48 rows=10104 width=0)
	        Index Cond: ((id >= 3637167) AND (id <= 3647166))

table 6 : explain SELECT c FROM sbtest6 WHERE id BETWEEN 392125 AND 402124
	Bitmap Heap Scan on sbtest6  (cost=227.09..35698.64 rows=10405 width=121)
	  Recheck Cond: ((id >= 392125) AND (id <= 402124))
	  ->  Bitmap Index Scan on sbtest6_pkey  (cost=0.00..224.49 rows=10405 width=0)
	        Index Cond: ((id >= 392125) AND (id <= 402124))

table 7 : explain SELECT c FROM sbtest7 WHERE id BETWEEN 6002255 AND 6012254
	Bitmap Heap Scan on sbtest7  (cost=196.08..31129.31 rows=8941 width=121)
	  Recheck Cond: ((id >= 6002255) AND (id <= 6012254))
	  ->  Bitmap Index Scan on sbtest7_pkey  (cost=0.00..193.84 rows=8941 width=0)
	        Index Cond: ((id >= 6002255) AND (id <= 6012254))

table 8 : explain SELECT c FROM sbtest8 WHERE id BETWEEN 9631307 AND 9641306
	Bitmap Heap Scan on sbtest8  (cost=248.22..37304.45 rows=10906 width=121)
	  Recheck Cond: ((id >= 9631307) AND (id <= 9641306))
	  ->  Bitmap Index Scan on sbtest8_pkey  (cost=0.00..245.50 rows=10906 width=0)
	        Index Cond: ((id >= 9631307) AND (id <= 9641306))

for: distinct_ranges
table 1 : explain SELECT DISTINCT c FROM sbtest1 WHERE id BETWEEN 1596080 AND 1606079 ORDER BY c
	Unique  (cost=36098.92..36150.64 rows=10344 width=121)
	  ->  Sort  (cost=36098.92..36124.78 rows=10344 width=121)
	        Sort Key: c
	        ->  Bitmap Heap Scan on sbtest1  (cost=222.46..35409.15 rows=10344 width=121)
	              Recheck Cond: ((id >= 1596080) AND (id <= 1606079))
	              ->  Bitmap Index Scan on sbtest1_pkey  (cost=0.00..219.88 rows=10344 width=0)
	                    Index Cond: ((id >= 1596080) AND (id <= 1606079))

table 2 : explain SELECT DISTINCT c FROM sbtest2 WHERE id BETWEEN 4638928 AND 4648927 ORDER BY c
	Unique  (cost=37552.17..37606.12 rows=10789 width=121)
	  ->  Sort  (cost=37552.17..37579.14 rows=10789 width=121)
	        Sort Key: c
	        ->  Bitmap Heap Scan on sbtest2  (cost=231.02..36829.46 rows=10789 width=121)
	              Recheck Cond: ((id >= 4638928) AND (id <= 4648927))
	              ->  Bitmap Index Scan on sbtest2_pkey  (cost=0.00..228.32 rows=10789 width=0)
	                    Index Cond: ((id >= 4638928) AND (id <= 4648927))

table 3 : explain SELECT DISTINCT c FROM sbtest3 WHERE id BETWEEN 5205558 AND 5215557 ORDER BY c
	Unique  (cost=35658.38..35709.33 rows=10190 width=121)
	  ->  Sort  (cost=35658.38..35683.86 rows=10190 width=121)
	        Sort Key: c
	        ->  Bitmap Heap Scan on sbtest3  (cost=220.88..34979.99 rows=10190 width=121)
	              Recheck Cond: ((id >= 5205558) AND (id <= 5215557))
	              ->  Bitmap Index Scan on sbtest3_pkey  (cost=0.00..218.34 rows=10190 width=0)
	                    Index Cond: ((id >= 5205558) AND (id <= 5215557))

table 4 : explain SELECT DISTINCT c FROM sbtest4 WHERE id BETWEEN 1064731 AND 1074730 ORDER BY c
	Unique  (cost=32865.44..32911.97 rows=9307 width=121)
	  ->  Sort  (cost=32865.44..32888.71 rows=9307 width=121)
	        Sort Key: c
	        ->  Bitmap Heap Scan on sbtest4  (cost=203.83..32251.92 rows=9307 width=121)
	              Recheck Cond: ((id >= 1064731) AND (id <= 1074730))
	              ->  Bitmap Index Scan on sbtest4_pkey  (cost=0.00..201.50 rows=9307 width=0)
	                    Index Cond: ((id >= 1064731) AND (id <= 1074730))

table 5 : explain SELECT DISTINCT c FROM sbtest5 WHERE id BETWEEN 2625466 AND 2635465 ORDER BY c
	Unique  (cost=32811.00..32857.45 rows=9290 width=121)
	  ->  Sort  (cost=32811.00..32834.23 rows=9290 width=121)
	        Sort Key: c
	        ->  Bitmap Heap Scan on sbtest5  (cost=199.66..32198.72 rows=9290 width=121)
	              Recheck Cond: ((id >= 2625466) AND (id <= 2635465))
	              ->  Bitmap Index Scan on sbtest5_pkey  (cost=0.00..197.34 rows=9290 width=0)
	                    Index Cond: ((id >= 2625466) AND (id <= 2635465))

table 6 : explain SELECT DISTINCT c FROM sbtest6 WHERE id BETWEEN 3999687 AND 4009686 ORDER BY c
	Unique  (cost=35755.95..35806.98 rows=10205 width=121)
	  ->  Sort  (cost=35755.95..35781.46 rows=10205 width=121)
	        Sort Key: c
	        ->  Bitmap Heap Scan on sbtest6  (cost=225.04..35076.45 rows=10205 width=121)
	              Recheck Cond: ((id >= 3999687) AND (id <= 4009686))
	              ->  Bitmap Index Scan on sbtest6_pkey  (cost=0.00..222.49 rows=10205 width=0)
	                    Index Cond: ((id >= 3999687) AND (id <= 4009686))

table 7 : explain SELECT DISTINCT c FROM sbtest7 WHERE id BETWEEN 9814768 AND 9824767 ORDER BY c
	Unique  (cost=34834.56..34884.09 rows=9905 width=121)
	  ->  Sort  (cost=34834.56..34859.33 rows=9905 width=121)
	        Sort Key: c
	        ->  Bitmap Heap Scan on sbtest7  (cost=213.96..34177.17 rows=9905 width=121)
	              Recheck Cond: ((id >= 9814768) AND (id <= 9824767))
	              ->  Bitmap Index Scan on sbtest7_pkey  (cost=0.00..211.49 rows=9905 width=0)
	                    Index Cond: ((id >= 9814768) AND (id <= 9824767))

table 8 : explain SELECT DISTINCT c FROM sbtest8 WHERE id BETWEEN 4778798 AND 4788797 ORDER BY c
	Unique  (cost=35754.39..35805.34 rows=10190 width=121)
	  ->  Sort  (cost=35754.39..35779.86 rows=10190 width=121)
	        Sort Key: c
	        ->  Bitmap Heap Scan on sbtest8  (cost=228.88..35076.00 rows=10190 width=121)
	              Recheck Cond: ((id >= 4778798) AND (id <= 4788797))
	              ->  Bitmap Index Scan on sbtest8_pkey  (cost=0.00..226.34 rows=10190 width=0)
	                    Index Cond: ((id >= 4778798) AND (id <= 4788797))

for: simple_ranges
table 1 : explain SELECT c FROM sbtest1 WHERE id BETWEEN 2184636 AND 2194635
	Bitmap Heap Scan on sbtest1  (cost=222.35..35374.03 rows=10333 width=121)
	  Recheck Cond: ((id >= 2184636) AND (id <= 2194635))
	  ->  Bitmap Index Scan on sbtest1_pkey  (cost=0.00..219.76 rows=10333 width=0)
	        Index Cond: ((id >= 2184636) AND (id <= 2194635))

table 2 : explain SELECT c FROM sbtest2 WHERE id BETWEEN 4702608 AND 4712607
	Bitmap Heap Scan on sbtest2  (cost=224.62..36105.24 rows=10555 width=121)
	  Recheck Cond: ((id >= 4702608) AND (id <= 4712607))
	  ->  Bitmap Index Scan on sbtest2_pkey  (cost=0.00..221.99 rows=10555 width=0)
	        Index Cond: ((id >= 4702608) AND (id <= 4712607))

table 3 : explain SELECT c FROM sbtest3 WHERE id BETWEEN 2717558 AND 2727557
	Bitmap Heap Scan on sbtest3  (cost=215.69..34616.64 rows=10074 width=121)
	  Recheck Cond: ((id >= 2717558) AND (id <= 2727557))
	  ->  Bitmap Index Scan on sbtest3_pkey  (cost=0.00..213.18 rows=10074 width=0)
	        Index Cond: ((id >= 2717558) AND (id <= 2727557))

table 4 : explain SELECT c FROM sbtest4 WHERE id BETWEEN 2224505 AND 2234504
	Bitmap Heap Scan on sbtest4  (cost=248.03..38389.48 rows=11278 width=121)
	  Recheck Cond: ((id >= 2224505) AND (id <= 2234504))
	  ->  Bitmap Index Scan on sbtest4_pkey  (cost=0.00..245.22 rows=11278 width=0)
	        Index Cond: ((id >= 2224505) AND (id <= 2234504))

table 5 : explain SELECT c FROM sbtest5 WHERE id BETWEEN 8188836 AND 8198835
	Bitmap Heap Scan on sbtest5  (cost=207.35..33333.64 rows=9650 width=121)
	  Recheck Cond: ((id >= 8188836) AND (id <= 8198835))
	  ->  Bitmap Index Scan on sbtest5_pkey  (cost=0.00..204.94 rows=9650 width=0)
	        Index Cond: ((id >= 8188836) AND (id <= 8198835))

table 6 : explain SELECT c FROM sbtest6 WHERE id BETWEEN 4741382 AND 4751381
	Bitmap Heap Scan on sbtest6  (cost=217.59..34026.67 rows=9869 width=121)
	  Recheck Cond: ((id >= 4741382) AND (id <= 4751381))
	  ->  Bitmap Index Scan on sbtest6_pkey  (cost=0.00..215.12 rows=9869 width=0)
	        Index Cond: ((id >= 4741382) AND (id <= 4751381))

table 7 : explain SELECT c FROM sbtest7 WHERE id BETWEEN 3080741 AND 3090740
	Bitmap Heap Scan on sbtest7  (cost=234.45..36762.13 rows=10733 width=121)
	  Recheck Cond: ((id >= 3080741) AND (id <= 3090740))
	  ->  Bitmap Index Scan on sbtest7_pkey  (cost=0.00..231.76 rows=10733 width=0)
	        Index Cond: ((id >= 3080741) AND (id <= 3090740))

table 8 : explain SELECT c FROM sbtest8 WHERE id BETWEEN 5474722 AND 5484721
	Bitmap Heap Scan on sbtest8  (cost=248.78..37470.24 rows=10960 width=121)
	  Recheck Cond: ((id >= 5474722) AND (id <= 5484721))
	  ->  Bitmap Index Scan on sbtest8_pkey  (cost=0.00..246.04 rows=10960 width=0)
	        Index Cond: ((id >= 5474722) AND (id <= 5484721))

explain: for point_selects :: explain SELECT c FROM sbtest%u WHERE id=%u
explain: for point_selects :: explain SELECT c FROM sbtest%u WHERE id=%u
for: order_ranges
table 1 : explain SELECT c FROM sbtest1 WHERE id BETWEEN 3177397 AND 3187396 ORDER BY c
	Sort  (cost=35771.71..35797.32 rows=10241 width=121)
	  Sort Key: c
	  ->  Bitmap Heap Scan on sbtest1  (cost=221.41..35089.56 rows=10241 width=121)
	        Recheck Cond: ((id >= 3177397) AND (id <= 3187396))
	        ->  Bitmap Index Scan on sbtest1_pkey  (cost=0.00..218.84 rows=10241 width=0)
	              Index Cond: ((id >= 3177397) AND (id <= 3187396))

table 2 : explain SELECT c FROM sbtest2 WHERE id BETWEEN 6903568 AND 6913567 ORDER BY c
	Sort  (cost=37646.67..37673.71 rows=10819 width=121)
	  Sort Key: c
	  ->  Bitmap Heap Scan on sbtest2  (cost=231.33..36921.72 rows=10819 width=121)
	        Recheck Cond: ((id >= 6903568) AND (id <= 6913567))
	        ->  Bitmap Index Scan on sbtest2_pkey  (cost=0.00..228.62 rows=10819 width=0)
	              Index Cond: ((id >= 6903568) AND (id <= 6913567))

table 3 : explain SELECT c FROM sbtest3 WHERE id BETWEEN 9815372 AND 9825371 ORDER BY c
	Sort  (cost=37044.00..37070.56 rows=10626 width=121)
	  Sort Key: c
	  ->  Bitmap Heap Scan on sbtest3  (cost=229.35..36333.37 rows=10626 width=121)
	        Recheck Cond: ((id >= 9815372) AND (id <= 9825371))
	        ->  Bitmap Index Scan on sbtest3_pkey  (cost=0.00..226.69 rows=10626 width=0)
	              Index Cond: ((id >= 9815372) AND (id <= 9825371))

table 4 : explain SELECT c FROM sbtest4 WHERE id BETWEEN 5902873 AND 5912872 ORDER BY c
	Sort  (cost=31739.57..31761.97 rows=8960 width=121)
	  Sort Key: c
	  ->  Bitmap Heap Scan on sbtest4  (cost=196.28..31151.37 rows=8960 width=121)
	        Recheck Cond: ((id >= 5902873) AND (id <= 5912872))
	        ->  Bitmap Index Scan on sbtest4_pkey  (cost=0.00..194.04 rows=8960 width=0)
	              Index Cond: ((id >= 5902873) AND (id <= 5912872))

table 5 : explain SELECT c FROM sbtest5 WHERE id BETWEEN 8627634 AND 8637633 ORDER BY c
	Sort  (cost=33988.82..34012.95 rows=9655 width=121)
	  Sort Key: c
	  ->  Bitmap Heap Scan on sbtest5  (cost=207.40..33349.80 rows=9655 width=121)
	        Recheck Cond: ((id >= 8627634) AND (id <= 8637633))
	        ->  Bitmap Index Scan on sbtest5_pkey  (cost=0.00..204.99 rows=9655 width=0)
	              Index Cond: ((id >= 8627634) AND (id <= 8637633))

table 6 : explain SELECT c FROM sbtest6 WHERE id BETWEEN 4610486 AND 4620485 ORDER BY c
	Sort  (cost=35373.62..35398.83 rows=10086 width=121)
	  Sort Key: c
	  ->  Bitmap Heap Scan on sbtest6  (cost=219.82..34702.90 rows=10086 width=121)
	        Recheck Cond: ((id >= 4610486) AND (id <= 4620485))
	        ->  Bitmap Index Scan on sbtest6_pkey  (cost=0.00..217.30 rows=10086 width=0)
	              Index Cond: ((id >= 4610486) AND (id <= 4620485))

table 7 : explain SELECT c FROM sbtest7 WHERE id BETWEEN 4769417 AND 4779416 ORDER BY c
	Sort  (cost=34023.80..34047.93 rows=9652 width=121)
	  Sort Key: c
	  ->  Bitmap Heap Scan on sbtest7  (cost=211.37..33385.00 rows=9652 width=121)
	        Recheck Cond: ((id >= 4769417) AND (id <= 4779416))
	        ->  Bitmap Index Scan on sbtest7_pkey  (cost=0.00..208.95 rows=9652 width=0)
	              Index Cond: ((id >= 4769417) AND (id <= 4779416))

table 8 : explain SELECT c FROM sbtest8 WHERE id BETWEEN 9375105 AND 9385104 ORDER BY c
	Sort  (cost=36593.59..36619.72 rows=10453 width=121)
	  Sort Key: c
	  ->  Bitmap Heap Scan on sbtest8  (cost=235.58..35895.76 rows=10453 width=121)
	        Recheck Cond: ((id >= 9375105) AND (id <= 9385104))
	        ->  Bitmap Index Scan on sbtest8_pkey  (cost=0.00..232.97 rows=10453 width=0)
	              Index Cond: ((id >= 9375105) AND (id <= 9385104))

for: order_ranges
table 1 : explain SELECT c FROM sbtest1 WHERE id BETWEEN 2966600 AND 2976599 ORDER BY c
	Sort  (cost=37697.53..37724.66 rows=10851 width=121)
	  Sort Key: c
	  ->  Bitmap Heap Scan on sbtest1  (cost=231.66..36970.21 rows=10851 width=121)
	        Recheck Cond: ((id >= 2966600) AND (id <= 2976599))
	        ->  Bitmap Index Scan on sbtest1_pkey  (cost=0.00..228.94 rows=10851 width=0)
	              Index Cond: ((id >= 2966600) AND (id <= 2976599))

table 2 : explain SELECT c FROM sbtest2 WHERE id BETWEEN 4443585 AND 4453584 ORDER BY c
	Sort  (cost=38496.50..38524.22 rows=11089 width=121)
	  Sort Key: c
	  ->  Bitmap Heap Scan on sbtest2  (cost=238.10..37751.50 rows=11089 width=121)
	        Recheck Cond: ((id >= 4443585) AND (id <= 4453584))
	        ->  Bitmap Index Scan on sbtest2_pkey  (cost=0.00..235.32 rows=11089 width=0)
	              Index Cond: ((id >= 4443585) AND (id <= 4453584))

table 3 : explain SELECT c FROM sbtest3 WHERE id BETWEEN 7609551 AND 7619550 ORDER BY c
	Sort  (cost=35325.88..35351.09 rows=10086 width=121)
	  Sort Key: c
	  ->  Bitmap Heap Scan on sbtest3  (cost=215.82..34655.15 rows=10086 width=121)
	        Recheck Cond: ((id >= 7609551) AND (id <= 7619550))
	        ->  Bitmap Index Scan on sbtest3_pkey  (cost=0.00..213.30 rows=10086 width=0)
	              Index Cond: ((id >= 7609551) AND (id <= 7619550))

table 4 : explain SELECT c FROM sbtest4 WHERE id BETWEEN 8079695 AND 8089694 ORDER BY c
	Sort  (cost=32009.61..32032.22 rows=9043 width=121)
	  Sort Key: c
	  ->  Bitmap Heap Scan on sbtest4  (cost=197.13..31415.37 rows=9043 width=121)
	        Recheck Cond: ((id >= 8079695) AND (id <= 8089694))
	        ->  Bitmap Index Scan on sbtest4_pkey  (cost=0.00..194.87 rows=9043 width=0)
	              Index Cond: ((id >= 8079695) AND (id <= 8089694))

table 5 : explain SELECT c FROM sbtest5 WHERE id BETWEEN 8248837 AND 8258836 ORDER BY c
	Sort  (cost=35408.52..35433.76 rows=10098 width=121)
	  Sort Key: c
	  ->  Bitmap Heap Scan on sbtest5  (cost=215.94..34736.91 rows=10098 width=121)
	        Recheck Cond: ((id >= 8248837) AND (id <= 8258836))
	        ->  Bitmap Index Scan on sbtest5_pkey  (cost=0.00..213.42 rows=10098 width=0)
	              Index Cond: ((id >= 8248837) AND (id <= 8258836))

table 6 : explain SELECT c FROM sbtest6 WHERE id BETWEEN 498259 AND 508258 ORDER BY c
	Sort  (cost=30719.01..30740.63 rows=8646 width=121)
	  Sort Key: c
	  ->  Bitmap Heap Scan on sbtest6  (cost=189.06..30153.66 rows=8646 width=121)
	        Recheck Cond: ((id >= 498259) AND (id <= 508258))
	        ->  Bitmap Index Scan on sbtest6_pkey  (cost=0.00..186.90 rows=8646 width=0)
	              Index Cond: ((id >= 498259) AND (id <= 508258))

table 7 : explain SELECT c FROM sbtest7 WHERE id BETWEEN 2552663 AND 2562662 ORDER BY c
	Sort  (cost=36269.58..36295.46 rows=10352 width=121)
	  Sort Key: c
	  ->  Bitmap Heap Scan on sbtest7  (cost=226.54..35579.23 rows=10352 width=121)
	        Recheck Cond: ((id >= 2552663) AND (id <= 2562662))
	        ->  Bitmap Index Scan on sbtest7_pkey  (cost=0.00..223.95 rows=10352 width=0)
	              Index Cond: ((id >= 2552663) AND (id <= 2562662))

table 8 : explain SELECT c FROM sbtest8 WHERE id BETWEEN 368638 AND 378637 ORDER BY c
	Sort  (cost=32419.51..32442.40 rows=9156 width=121)
	  Sort Key: c
	  ->  Bitmap Heap Scan on sbtest8  (cost=206.28..31817.02 rows=9156 width=121)
	        Recheck Cond: ((id >= 368638) AND (id <= 378637))
	        ->  Bitmap Index Scan on sbtest8_pkey  (cost=0.00..204.00 rows=9156 width=0)
	              Index Cond: ((id >= 368638) AND (id <= 378637))

for: order_ranges
table 1 : explain SELECT c FROM sbtest1 WHERE id BETWEEN 1350039 AND 1360038 ORDER BY c
	Sort  (cost=33454.97..33478.76 rows=9515 width=121)
	  Sort Key: c
	  ->  Bitmap Heap Scan on sbtest1  (cost=205.96..32826.22 rows=9515 width=121)
	        Recheck Cond: ((id >= 1350039) AND (id <= 1360038))
	        ->  Bitmap Index Scan on sbtest1_pkey  (cost=0.00..203.59 rows=9515 width=0)
	              Index Cond: ((id >= 1350039) AND (id <= 1360038))

table 2 : explain SELECT c FROM sbtest2 WHERE id BETWEEN 1142741 AND 1152740 ORDER BY c
	Sort  (cost=35108.49..35133.54 rows=10019 width=121)
	  Sort Key: c
	  ->  Bitmap Heap Scan on sbtest2  (cost=215.13..34442.71 rows=10019 width=121)
	        Recheck Cond: ((id >= 1142741) AND (id <= 1152740))
	        ->  Bitmap Index Scan on sbtest2_pkey  (cost=0.00..212.62 rows=10019 width=0)
	              Index Cond: ((id >= 1142741) AND (id <= 1152740))

table 3 : explain SELECT c FROM sbtest3 WHERE id BETWEEN 4013988 AND 4023987 ORDER BY c
	Sort  (cost=33007.51..33030.92 rows=9364 width=121)
	  Sort Key: c
	  ->  Bitmap Heap Scan on sbtest3  (cost=200.42..32389.81 rows=9364 width=121)
	        Recheck Cond: ((id >= 4013988) AND (id <= 4023987))
	        ->  Bitmap Index Scan on sbtest3_pkey  (cost=0.00..198.07 rows=9364 width=0)
	              Index Cond: ((id >= 4013988) AND (id <= 4023987))

table 4 : explain SELECT c FROM sbtest4 WHERE id BETWEEN 9191437 AND 9201436 ORDER BY c
	Sort  (cost=35478.51..35503.81 rows=10120 width=121)
	  Sort Key: c
	  ->  Bitmap Heap Scan on sbtest4  (cost=220.16..34805.29 rows=10120 width=121)
	        Recheck Cond: ((id >= 9191437) AND (id <= 9201436))
	        ->  Bitmap Index Scan on sbtest4_pkey  (cost=0.00..217.63 rows=10120 width=0)
	              Index Cond: ((id >= 9191437) AND (id <= 9201436))

table 5 : explain SELECT c FROM sbtest5 WHERE id BETWEEN 7111968 AND 7121967 ORDER BY c
	Sort  (cost=34977.03..35001.94 rows=9963 width=121)
	  Sort Key: c
	  ->  Bitmap Heap Scan on sbtest5  (cost=214.56..34315.37 rows=9963 width=121)
	        Recheck Cond: ((id >= 7111968) AND (id <= 7121967))
	        ->  Bitmap Index Scan on sbtest5_pkey  (cost=0.00..212.06 rows=9963 width=0)
	              Index Cond: ((id >= 7111968) AND (id <= 7121967))

table 6 : explain SELECT c FROM sbtest6 WHERE id BETWEEN 2461349 AND 2471348 ORDER BY c
	Sort  (cost=36189.50..36215.35 rows=10341 width=121)
	  Sort Key: c
	  ->  Bitmap Heap Scan on sbtest6  (cost=226.43..35499.96 rows=10341 width=121)
	        Recheck Cond: ((id >= 2461349) AND (id <= 2471348))
	        ->  Bitmap Index Scan on sbtest6_pkey  (cost=0.00..223.84 rows=10341 width=0)
	              Index Cond: ((id >= 2461349) AND (id <= 2471348))

table 7 : explain SELECT c FROM sbtest7 WHERE id BETWEEN 9865496 AND 9875495 ORDER BY c
	Sort  (cost=34834.56..34859.33 rows=9905 width=121)
	  Sort Key: c
	  ->  Bitmap Heap Scan on sbtest7  (cost=213.96..34177.17 rows=9905 width=121)
	        Recheck Cond: ((id >= 9865496) AND (id <= 9875495))
	        ->  Bitmap Index Scan on sbtest7_pkey  (cost=0.00..211.49 rows=9905 width=0)
	              Index Cond: ((id >= 9865496) AND (id <= 9875495))

table 8 : explain SELECT c FROM sbtest8 WHERE id BETWEEN 8168614 AND 8178613 ORDER BY c
	Sort  (cost=38479.72..38507.34 rows=11047 width=121)
	  Sort Key: c
	  ->  Bitmap Heap Scan on sbtest8  (cost=249.67..37737.84 rows=11047 width=121)
	        Recheck Cond: ((id >= 8168614) AND (id <= 8178613))
	        ->  Bitmap Index Scan on sbtest8_pkey  (cost=0.00..246.91 rows=11047 width=0)
	              Index Cond: ((id >= 8168614) AND (id <= 8178613))

for: order_ranges
table 1 : explain SELECT c FROM sbtest1 WHERE id BETWEEN 5675155 AND 5685154 ORDER BY c
	Sort  (cost=35719.27..35744.83 rows=10224 width=121)
	  Sort Key: c
	  ->  Bitmap Heap Scan on sbtest1  (cost=221.23..35038.37 rows=10224 width=121)
	        Recheck Cond: ((id >= 5675155) AND (id <= 5685154))
	        ->  Bitmap Index Scan on sbtest1_pkey  (cost=0.00..218.68 rows=10224 width=0)
	              Index Cond: ((id >= 5675155) AND (id <= 5685154))

table 2 : explain SELECT c FROM sbtest2 WHERE id BETWEEN 5888426 AND 5898425 ORDER BY c
	Sort  (cost=37284.79..37311.55 rows=10704 width=121)
	  Sort Key: c
	  ->  Bitmap Heap Scan on sbtest2  (cost=230.15..36568.37 rows=10704 width=121)
	        Recheck Cond: ((id >= 5888426) AND (id <= 5898425))
	        ->  Bitmap Index Scan on sbtest2_pkey  (cost=0.00..227.48 rows=10704 width=0)
	              Index Cond: ((id >= 5888426) AND (id <= 5898425))

table 3 : explain SELECT c FROM sbtest3 WHERE id BETWEEN 9494418 AND 9504417 ORDER BY c
	Sort  (cost=32725.55..32748.74 rows=9276 width=121)
	  Sort Key: c
	  ->  Bitmap Heap Scan on sbtest3  (cost=199.51..32114.29 rows=9276 width=121)
	        Recheck Cond: ((id >= 9494418) AND (id <= 9504417))
	        ->  Bitmap Index Scan on sbtest3_pkey  (cost=0.00..197.19 rows=9276 width=0)
	              Index Cond: ((id >= 9494418) AND (id <= 9504417))

table 4 : explain SELECT c FROM sbtest4 WHERE id BETWEEN 9545008 AND 9555007 ORDER BY c
	Sort  (cost=35676.57..35702.02 rows=10181 width=121)
	  Sort Key: c
	  ->  Bitmap Heap Scan on sbtest4  (cost=224.79..34998.84 rows=10181 width=121)
	        Recheck Cond: ((id >= 9545008) AND (id <= 9555007))
	        ->  Bitmap Index Scan on sbtest4_pkey  (cost=0.00..222.25 rows=10181 width=0)
	              Index Cond: ((id >= 9545008) AND (id <= 9555007))

table 5 : explain SELECT c FROM sbtest5 WHERE id BETWEEN 9119671 AND 9129670 ORDER BY c
	Sort  (cost=33856.46..33880.50 rows=9614 width=121)
	  Sort Key: c
	  ->  Bitmap Heap Scan on sbtest5  (cost=206.98..33220.45 rows=9614 width=121)
	        Recheck Cond: ((id >= 9119671) AND (id <= 9129670))
	        ->  Bitmap Index Scan on sbtest5_pkey  (cost=0.00..204.57 rows=9614 width=0)
	              Index Cond: ((id >= 9119671) AND (id <= 9129670))

table 6 : explain SELECT c FROM sbtest6 WHERE id BETWEEN 3363043 AND 3373042 ORDER BY c
	Sort  (cost=35769.09..35794.61 rows=10209 width=121)
	  Sort Key: c
	  ->  Bitmap Heap Scan on sbtest6  (cost=225.08..35089.29 rows=10209 width=121)
	        Recheck Cond: ((id >= 3363043) AND (id <= 3373042))
	        ->  Bitmap Index Scan on sbtest6_pkey  (cost=0.00..222.53 rows=10209 width=0)
	              Index Cond: ((id >= 3363043) AND (id <= 3373042))

table 7 : explain SELECT c FROM sbtest7 WHERE id BETWEEN 8511449 AND 8521448 ORDER BY c
	Sort  (cost=34999.77..35024.66 rows=9957 width=121)
	  Sort Key: c
	  ->  Bitmap Heap Scan on sbtest7  (cost=214.49..34338.55 rows=9957 width=121)
	        Recheck Cond: ((id >= 8511449) AND (id <= 8521448))
	        ->  Bitmap Index Scan on sbtest7_pkey  (cost=0.00..212.00 rows=9957 width=0)
	              Index Cond: ((id >= 8511449) AND (id <= 8521448))

table 8 : explain SELECT c FROM sbtest8 WHERE id BETWEEN 5166602 AND 5176601 ORDER BY c
	Sort  (cost=32115.97..32138.62 rows=9062 width=121)
	  Sort Key: c
	  ->  Bitmap Heap Scan on sbtest8  (cost=205.32..31520.34 rows=9062 width=121)
	        Recheck Cond: ((id >= 5166602) AND (id <= 5176601))
	        ->  Bitmap Index Scan on sbtest8_pkey  (cost=0.00..203.06 rows=9062 width=0)
	              Index Cond: ((id >= 5166602) AND (id <= 5176601))

for: order_ranges
table 1 : explain SELECT c FROM sbtest1 WHERE id BETWEEN 4026725 AND 4036724 ORDER BY c
	Sort  (cost=36092.38..36118.24 rows=10342 width=121)
	  Sort Key: c
	  ->  Bitmap Heap Scan on sbtest1  (cost=222.44..35402.77 rows=10342 width=121)
	        Recheck Cond: ((id >= 4026725) AND (id <= 4036724))
	        ->  Bitmap Index Scan on sbtest1_pkey  (cost=0.00..219.86 rows=10342 width=0)
	              Index Cond: ((id >= 4026725) AND (id <= 4036724))

table 2 : explain SELECT c FROM sbtest2 WHERE id BETWEEN 7499940 AND 7509939 ORDER BY c
	Sort  (cost=32470.00..32492.99 rows=9198 width=121)
	  Sort Key: c
	  ->  Bitmap Heap Scan on sbtest2  (cost=198.71..31864.44 rows=9198 width=121)
	        Recheck Cond: ((id >= 7499940) AND (id <= 7509939))
	        ->  Bitmap Index Scan on sbtest2_pkey  (cost=0.00..196.42 rows=9198 width=0)
	              Index Cond: ((id >= 7499940) AND (id <= 7509939))

table 3 : explain SELECT c FROM sbtest3 WHERE id BETWEEN 745628 AND 755627 ORDER BY c
	Sort  (cost=35079.33..35104.35 rows=10009 width=121)
	  Sort Key: c
	  ->  Bitmap Heap Scan on sbtest3  (cost=215.03..34414.28 rows=10009 width=121)
	        Recheck Cond: ((id >= 745628) AND (id <= 755627))
	        ->  Bitmap Index Scan on sbtest3_pkey  (cost=0.00..212.53 rows=10009 width=0)
	              Index Cond: ((id >= 745628) AND (id <= 755627))

table 4 : explain SELECT c FROM sbtest4 WHERE id BETWEEN 3128356 AND 3138355 ORDER BY c
	Sort  (cost=36747.00..36773.30 rows=10517 width=121)
	  Sort Key: c
	  ->  Bitmap Heap Scan on sbtest4  (cost=232.23..36044.45 rows=10517 width=121)
	        Recheck Cond: ((id >= 3128356) AND (id <= 3138355))
	        ->  Bitmap Index Scan on sbtest4_pkey  (cost=0.00..229.61 rows=10517 width=0)
	              Index Cond: ((id >= 3128356) AND (id <= 3138355))

table 5 : explain SELECT c FROM sbtest5 WHERE id BETWEEN 4100952 AND 4110951 ORDER BY c
	Sort  (cost=33196.25..33219.78 rows=9410 width=121)
	  Sort Key: c
	  ->  Bitmap Heap Scan on sbtest5  (cost=200.89..32575.19 rows=9410 width=121)
	        Recheck Cond: ((id >= 4100952) AND (id <= 4110951))
	        ->  Bitmap Index Scan on sbtest5_pkey  (cost=0.00..198.54 rows=9410 width=0)
	              Index Cond: ((id >= 4100952) AND (id <= 4110951))

table 6 : explain SELECT c FROM sbtest6 WHERE id BETWEEN 1729655 AND 1739654 ORDER BY c
	Sort  (cost=34955.24..34980.12 rows=9955 width=121)
	  Sort Key: c
	  ->  Bitmap Heap Scan on sbtest6  (cost=218.47..34294.16 rows=9955 width=121)
	        Recheck Cond: ((id >= 1729655) AND (id <= 1739654))
	        ->  Bitmap Index Scan on sbtest6_pkey  (cost=0.00..215.99 rows=9955 width=0)
	              Index Cond: ((id >= 1729655) AND (id <= 1739654))

table 7 : explain SELECT c FROM sbtest7 WHERE id BETWEEN 8172440 AND 8182439 ORDER BY c
	Sort  (cost=37333.33..37360.04 rows=10686 width=121)
	  Sort Key: c
	  ->  Bitmap Heap Scan on sbtest7  (cost=233.97..36618.25 rows=10686 width=121)
	        Recheck Cond: ((id >= 8172440) AND (id <= 8182439))
	        ->  Bitmap Index Scan on sbtest7_pkey  (cost=0.00..231.30 rows=10686 width=0)
	              Index Cond: ((id >= 8172440) AND (id <= 8182439))

table 8 : explain SELECT c FROM sbtest8 WHERE id BETWEEN 5689363 AND 5699362 ORDER BY c
	Sort  (cost=37969.75..37996.96 rows=10886 width=121)
	  Sort Key: c
	  ->  Bitmap Heap Scan on sbtest8  (cost=244.02..37239.83 rows=10886 width=121)
	        Recheck Cond: ((id >= 5689363) AND (id <= 5699362))
	        ->  Bitmap Index Scan on sbtest8_pkey  (cost=0.00..241.30 rows=10886 width=0)
	              Index Cond: ((id >= 5689363) AND (id <= 5699362))

for point_selects
table 1 : explain SELECT c FROM sbtest1 WHERE id=4917556
	Index Scan using sbtest1_pkey on sbtest1  (cost=0.43..8.45 rows=1 width=121)
	  Index Cond: (id = 4917556)

table 2 : explain SELECT c FROM sbtest2 WHERE id=2864604
	Index Scan using sbtest2_pkey on sbtest2  (cost=0.43..8.45 rows=1 width=121)
	  Index Cond: (id = 2864604)

table 3 : explain SELECT c FROM sbtest3 WHERE id=5087443
	Index Scan using sbtest3_pkey on sbtest3  (cost=0.43..8.45 rows=1 width=121)
	  Index Cond: (id = 5087443)

table 4 : explain SELECT c FROM sbtest4 WHERE id=9786185
	Index Scan using sbtest4_pkey on sbtest4  (cost=0.43..8.45 rows=1 width=121)
	  Index Cond: (id = 9786185)

table 5 : explain SELECT c FROM sbtest5 WHERE id=3625588
	Index Scan using sbtest5_pkey on sbtest5  (cost=0.43..8.45 rows=1 width=121)
	  Index Cond: (id = 3625588)

table 6 : explain SELECT c FROM sbtest6 WHERE id=7377618
	Index Scan using sbtest6_pkey on sbtest6  (cost=0.43..8.45 rows=1 width=121)
	  Index Cond: (id = 7377618)

table 7 : explain SELECT c FROM sbtest7 WHERE id=4946391
	Index Scan using sbtest7_pkey on sbtest7  (cost=0.43..8.45 rows=1 width=121)
	  Index Cond: (id = 4946391)

table 8 : explain SELECT c FROM sbtest8 WHERE id=2640601
	Index Scan using sbtest8_pkey on sbtest8  (cost=0.43..8.45 rows=1 width=121)
	  Index Cond: (id = 2640601)

for: sum_ranges
table 1 : explain SELECT SUM(k) FROM sbtest1 WHERE id BETWEEN 3884580 AND 3894579
	Aggregate  (cost=35246.34..35246.35 rows=1 width=8)
	  ->  Bitmap Heap Scan on sbtest1  (cost=221.84..35220.64 rows=10283 width=4)
	        Recheck Cond: ((id >= 3884580) AND (id <= 3894579))
	        ->  Bitmap Index Scan on sbtest1_pkey  (cost=0.00..219.26 rows=10283 width=0)
	              Index Cond: ((id >= 3884580) AND (id <= 3894579))

table 2 : explain SELECT SUM(k) FROM sbtest2 WHERE id BETWEEN 7629631 AND 7639630
	Aggregate  (cost=37410.84..37410.85 rows=1 width=8)
	  ->  Bitmap Heap Scan on sbtest2  (cost=236.87..37383.42 rows=10969 width=4)
	        Recheck Cond: ((id >= 7629631) AND (id <= 7639630))
	        ->  Bitmap Index Scan on sbtest2_pkey  (cost=0.00..234.12 rows=10969 width=0)
	              Index Cond: ((id >= 7629631) AND (id <= 7639630))

table 3 : explain SELECT SUM(k) FROM sbtest3 WHERE id BETWEEN 2423508 AND 2433507
	Aggregate  (cost=33872.66..33872.67 rows=1 width=8)
	  ->  Bitmap Heap Scan on sbtest3  (cost=213.16..33848.09 rows=9827 width=4)
	        Recheck Cond: ((id >= 2423508) AND (id <= 2433507))
	        ->  Bitmap Index Scan on sbtest3_pkey  (cost=0.00..210.70 rows=9827 width=0)
	              Index Cond: ((id >= 2423508) AND (id <= 2433507))

table 4 : explain SELECT SUM(k) FROM sbtest4 WHERE id BETWEEN 3062350 AND 3072349
	Aggregate  (cost=33106.37..33106.38 rows=1 width=8)
	  ->  Bitmap Heap Scan on sbtest4  (cost=210.53..33082.44 rows=9570 width=4)
	        Recheck Cond: ((id >= 3062350) AND (id <= 3072349))
	        ->  Bitmap Index Scan on sbtest4_pkey  (cost=0.00..208.13 rows=9570 width=0)
	              Index Cond: ((id >= 3062350) AND (id <= 3072349))

table 5 : explain SELECT SUM(k) FROM sbtest5 WHERE id BETWEEN 250383 AND 260382
	Aggregate  (cost=31254.00..31254.01 rows=1 width=8)
	  ->  Bitmap Heap Scan on sbtest5  (cost=192.54..31231.53 rows=8986 width=4)
	        Recheck Cond: ((id >= 250383) AND (id <= 260382))
	        ->  Bitmap Index Scan on sbtest5_pkey  (cost=0.00..190.30 rows=8986 width=0)
	              Index Cond: ((id >= 250383) AND (id <= 260382))

table 6 : explain SELECT SUM(k) FROM sbtest6 WHERE id BETWEEN 7166568 AND 7176567
	Aggregate  (cost=37075.63..37075.64 rows=1 width=8)
	  ->  Bitmap Heap Scan on sbtest6  (cost=239.55..37048.53 rows=10840 width=4)
	        Recheck Cond: ((id >= 7166568) AND (id <= 7176567))
	        ->  Bitmap Index Scan on sbtest6_pkey  (cost=0.00..236.84 rows=10840 width=0)
	              Index Cond: ((id >= 7166568) AND (id <= 7176567))

table 7 : explain SELECT SUM(k) FROM sbtest7 WHERE id BETWEEN 3854397 AND 3864396
	Aggregate  (cost=36740.96..36740.97 rows=1 width=8)
	  ->  Bitmap Heap Scan on sbtest7  (cost=234.28..36714.17 rows=10717 width=4)
	        Recheck Cond: ((id >= 3854397) AND (id <= 3864396))
	        ->  Bitmap Index Scan on sbtest7_pkey  (cost=0.00..231.61 rows=10717 width=0)
	              Index Cond: ((id >= 3854397) AND (id <= 3864396))

table 8 : explain SELECT SUM(k) FROM sbtest8 WHERE id BETWEEN 7073943 AND 7083942
	Aggregate  (cost=35350.04..35350.05 rows=1 width=8)
	  ->  Bitmap Heap Scan on sbtest8  (cost=233.69..35324.36 rows=10269 width=4)
	        Recheck Cond: ((id >= 7073943) AND (id <= 7083942))
	        ->  Bitmap Index Scan on sbtest8_pkey  (cost=0.00..231.12 rows=10269 width=0)
	              Index Cond: ((id >= 7073943) AND (id <= 7083942))

for: distinct_ranges
table 1 : explain SELECT DISTINCT c FROM sbtest1 WHERE id BETWEEN 8379430 AND 8389429 ORDER BY c
	Unique  (cost=33986.31..34034.72 rows=9682 width=121)
	  ->  Sort  (cost=33986.31..34010.52 rows=9682 width=121)
	        Sort Key: c
	        ->  Bitmap Heap Scan on sbtest1  (cost=207.68..33345.31 rows=9682 width=121)
	              Recheck Cond: ((id >= 8379430) AND (id <= 8389429))
	              ->  Bitmap Index Scan on sbtest1_pkey  (cost=0.00..205.25 rows=9682 width=0)
	                    Index Cond: ((id >= 8379430) AND (id <= 8389429))

table 2 : explain SELECT DISTINCT c FROM sbtest2 WHERE id BETWEEN 9218357 AND 9228356 ORDER BY c
	Unique  (cost=33749.55..33797.52 rows=9595 width=121)
	  ->  Sort  (cost=33749.55..33773.54 rows=9595 width=121)
	        Sort Key: c
	        ->  Bitmap Heap Scan on sbtest2  (cost=206.78..33114.93 rows=9595 width=121)
	              Recheck Cond: ((id >= 9218357) AND (id <= 9228356))
	              ->  Bitmap Index Scan on sbtest2_pkey  (cost=0.00..204.38 rows=9595 width=0)
	                    Index Cond: ((id >= 9218357) AND (id <= 9228356))

table 3 : explain SELECT DISTINCT c FROM sbtest3 WHERE id BETWEEN 1056836 AND 1066835 ORDER BY c
	Unique  (cost=32768.65..32815.09 rows=9289 width=121)
	  ->  Sort  (cost=32768.65..32791.87 rows=9289 width=121)
	        Sort Key: c
	        ->  Bitmap Heap Scan on sbtest3  (cost=199.65..32156.44 rows=9289 width=121)
	              Recheck Cond: ((id >= 1056836) AND (id <= 1066835))
	              ->  Bitmap Index Scan on sbtest3_pkey  (cost=0.00..197.32 rows=9289 width=0)
	                    Index Cond: ((id >= 1056836) AND (id <= 1066835))

table 4 : explain SELECT DISTINCT c FROM sbtest4 WHERE id BETWEEN 6863808 AND 6873807 ORDER BY c
	Unique  (cost=38338.17..38393.28 rows=11021 width=121)
	  ->  Sort  (cost=38338.17..38365.73 rows=11021 width=121)
	        Sort Key: c
	        ->  Bitmap Heap Scan on sbtest4  (cost=241.40..37598.22 rows=11021 width=121)
	              Recheck Cond: ((id >= 6863808) AND (id <= 6873807))
	              ->  Bitmap Index Scan on sbtest4_pkey  (cost=0.00..238.65 rows=11021 width=0)
	                    Index Cond: ((id >= 6863808) AND (id <= 6873807))

table 5 : explain SELECT DISTINCT c FROM sbtest5 WHERE id BETWEEN 7469353 AND 7479352 ORDER BY c
	Unique  (cost=37874.80..37929.17 rows=10873 width=121)
	  ->  Sort  (cost=37874.80..37901.99 rows=10873 width=121)
	        Sort Key: c
	        ->  Bitmap Heap Scan on sbtest5  (cost=235.88..37145.85 rows=10873 width=121)
	              Recheck Cond: ((id >= 7469353) AND (id <= 7479352))
	              ->  Bitmap Index Scan on sbtest5_pkey  (cost=0.00..233.17 rows=10873 width=0)
	                    Index Cond: ((id >= 7469353) AND (id <= 7479352))

table 6 : explain SELECT DISTINCT c FROM sbtest6 WHERE id BETWEEN 1047359 AND 1057358 ORDER BY c
	Unique  (cost=34400.71..34449.62 rows=9781 width=121)
	  ->  Sort  (cost=34400.71..34425.17 rows=9781 width=121)
	        Sort Key: c
	        ->  Bitmap Heap Scan on sbtest6  (cost=216.69..33752.44 rows=9781 width=121)
	              Recheck Cond: ((id >= 1047359) AND (id <= 1057358))
	              ->  Bitmap Index Scan on sbtest6_pkey  (cost=0.00..214.25 rows=9781 width=0)
	                    Index Cond: ((id >= 1047359) AND (id <= 1057358))

table 7 : explain SELECT DISTINCT c FROM sbtest7 WHERE id BETWEEN 5849095 AND 5859094 ORDER BY c
	Unique  (cost=35716.13..35767.03 rows=10180 width=121)
	  ->  Sort  (cost=35716.13..35741.58 rows=10180 width=121)
	        Sort Key: c
	        ->  Bitmap Heap Scan on sbtest7  (cost=220.78..35038.47 rows=10180 width=121)
	              Recheck Cond: ((id >= 5849095) AND (id <= 5859094))
	              ->  Bitmap Index Scan on sbtest7_pkey  (cost=0.00..218.24 rows=10180 width=0)
	                    Index Cond: ((id >= 5849095) AND (id <= 5859094))

table 8 : explain SELECT DISTINCT c FROM sbtest8 WHERE id BETWEEN 175392 AND 185391 ORDER BY c
	Unique  (cost=33953.20..34001.35 rows=9629 width=121)
	  ->  Sort  (cost=33953.20..33977.28 rows=9629 width=121)
	        Sort Key: c
	        ->  Bitmap Heap Scan on sbtest8  (cost=219.13..33316.09 rows=9629 width=121)
	              Recheck Cond: ((id >= 175392) AND (id <= 185391))
	              ->  Bitmap Index Scan on sbtest8_pkey  (cost=0.00..216.73 rows=9629 width=0)
	                    Index Cond: ((id >= 175392) AND (id <= 185391))

for: order_ranges
table 1 : explain SELECT c FROM sbtest1 WHERE id BETWEEN 144442 AND 154441 ORDER BY c
	Sort  (cost=33369.16..33392.88 rows=9489 width=121)
	  Sort Key: c
	  ->  Bitmap Heap Scan on sbtest1  (cost=205.70..32742.31 rows=9489 width=121)
	        Recheck Cond: ((id >= 144442) AND (id <= 154441))
	        ->  Bitmap Index Scan on sbtest1_pkey  (cost=0.00..203.32 rows=9489 width=0)
	              Index Cond: ((id >= 144442) AND (id <= 154441))

table 2 : explain SELECT c FROM sbtest2 WHERE id BETWEEN 8827849 AND 8837848 ORDER BY c
	Sort  (cost=35486.42..35511.76 rows=10138 width=121)
	  Sort Key: c
	  ->  Bitmap Heap Scan on sbtest2  (cost=216.35..34811.86 rows=10138 width=121)
	        Recheck Cond: ((id >= 8827849) AND (id <= 8837848))
	        ->  Bitmap Index Scan on sbtest2_pkey  (cost=0.00..213.81 rows=10138 width=0)
	              Index Cond: ((id >= 8827849) AND (id <= 8837848))

table 3 : explain SELECT c FROM sbtest3 WHERE id BETWEEN 6938792 AND 6948791 ORDER BY c
	Sort  (cost=33030.69..33054.12 rows=9371 width=121)
	  Sort Key: c
	  ->  Bitmap Heap Scan on sbtest3  (cost=200.49..32412.48 rows=9371 width=121)
	        Recheck Cond: ((id >= 6938792) AND (id <= 6948791))
	        ->  Bitmap Index Scan on sbtest3_pkey  (cost=0.00..198.15 rows=9371 width=0)
	              Index Cond: ((id >= 6938792) AND (id <= 6948791))

table 4 : explain SELECT c FROM sbtest4 WHERE id BETWEEN 3685455 AND 3695454 ORDER BY c
	Sort  (cost=34588.72..34613.32 rows=9841 width=121)
	  Sort Key: c
	  ->  Bitmap Heap Scan on sbtest4  (cost=217.31..33936.03 rows=9841 width=121)
	        Recheck Cond: ((id >= 3685455) AND (id <= 3695454))
	        ->  Bitmap Index Scan on sbtest4_pkey  (cost=0.00..214.84 rows=9841 width=0)
	              Index Cond: ((id >= 3685455) AND (id <= 3695454))

table 5 : explain SELECT c FROM sbtest5 WHERE id BETWEEN 7855448 AND 7865447 ORDER BY c
	Sort  (cost=32421.97..32444.89 rows=9170 width=121)
	  Sort Key: c
	  ->  Bitmap Heap Scan on sbtest5  (cost=198.43..31818.46 rows=9170 width=121)
	        Recheck Cond: ((id >= 7855448) AND (id <= 7865447))
	        ->  Bitmap Index Scan on sbtest5_pkey  (cost=0.00..196.13 rows=9170 width=0)
	              Index Cond: ((id >= 7855448) AND (id <= 7865447))

table 6 : explain SELECT c FROM sbtest6 WHERE id BETWEEN 1598962 AND 1608961 ORDER BY c
	Sort  (cost=35775.65..35801.18 rows=10211 width=121)
	  Sort Key: c
	  ->  Bitmap Heap Scan on sbtest6  (cost=225.10..35095.71 rows=10211 width=121)
	        Recheck Cond: ((id >= 1598962) AND (id <= 1608961))
	        ->  Bitmap Index Scan on sbtest6_pkey  (cost=0.00..222.55 rows=10211 width=0)
	              Index Cond: ((id >= 1598962) AND (id <= 1608961))

table 7 : explain SELECT c FROM sbtest7 WHERE id BETWEEN 5212882 AND 5222881 ORDER BY c
	Sort  (cost=36476.69..36502.73 rows=10418 width=121)
	  Sort Key: c
	  ->  Bitmap Heap Scan on sbtest7  (cost=227.22..35781.45 rows=10418 width=121)
	        Recheck Cond: ((id >= 5212882) AND (id <= 5222881))
	        ->  Bitmap Index Scan on sbtest7_pkey  (cost=0.00..224.62 rows=10418 width=0)
	              Index Cond: ((id >= 5212882) AND (id <= 5222881))

table 8 : explain SELECT c FROM sbtest8 WHERE id BETWEEN 5970400 AND 5980399 ORDER BY c
	Sort  (cost=33906.74..33930.78 rows=9614 width=121)
	  Sort Key: c
	  ->  Bitmap Heap Scan on sbtest8  (cost=218.98..33270.73 rows=9614 width=121)
	        Recheck Cond: ((id >= 5970400) AND (id <= 5980399))
	        ->  Bitmap Index Scan on sbtest8_pkey  (cost=0.00..216.57 rows=9614 width=0)
	              Index Cond: ((id >= 5970400) AND (id <= 5980399))

for: sum_ranges
table 1 : explain SELECT SUM(k) FROM sbtest1 WHERE id BETWEEN 8085861 AND 8095860
	Aggregate  (cost=32966.26..32966.27 rows=1 width=8)
	  ->  Bitmap Heap Scan on sbtest1  (cost=206.34..32942.38 rows=9552 width=4)
	        Recheck Cond: ((id >= 8085861) AND (id <= 8095860))
	        ->  Bitmap Index Scan on sbtest1_pkey  (cost=0.00..203.95 rows=9552 width=0)
	              Index Cond: ((id >= 8085861) AND (id <= 8095860))

table 2 : explain SELECT SUM(k) FROM sbtest2 WHERE id BETWEEN 3604584 AND 3614583
	Aggregate  (cost=35754.48..35754.49 rows=1 width=8)
	  ->  Bitmap Heap Scan on sbtest2  (cost=223.37..35728.39 rows=10433 width=4)
	        Recheck Cond: ((id >= 3604584) AND (id <= 3614583))
	        ->  Bitmap Index Scan on sbtest2_pkey  (cost=0.00..220.76 rows=10433 width=0)
	              Index Cond: ((id >= 3604584) AND (id <= 3614583))

table 3 : explain SELECT SUM(k) FROM sbtest3 WHERE id BETWEEN 4578544 AND 4588543
	Aggregate  (cost=34310.61..34310.62 rows=1 width=8)
	  ->  Bitmap Heap Scan on sbtest3  (cost=214.60..34285.70 rows=9967 width=4)
	        Recheck Cond: ((id >= 4578544) AND (id <= 4588543))
	        ->  Bitmap Index Scan on sbtest3_pkey  (cost=0.00..212.11 rows=9967 width=0)
	              Index Cond: ((id >= 4578544) AND (id <= 4588543))

table 4 : explain SELECT SUM(k) FROM sbtest4 WHERE id BETWEEN 5134849 AND 5144848
	Aggregate  (cost=34183.26..34183.27 rows=1 width=8)
	  ->  Bitmap Heap Scan on sbtest4  (cost=218.04..34158.48 rows=9913 width=4)
	        Recheck Cond: ((id >= 5134849) AND (id <= 5144848))
	        ->  Bitmap Index Scan on sbtest4_pkey  (cost=0.00..215.56 rows=9913 width=0)
	              Index Cond: ((id >= 5134849) AND (id <= 5144848))

table 5 : explain SELECT SUM(k) FROM sbtest5 WHERE id BETWEEN 8744848 AND 8754847
	Aggregate  (cost=36792.60..36792.61 rows=1 width=8)
	  ->  Bitmap Heap Scan on sbtest5  (cost=230.63..36765.72 rows=10751 width=4)
	        Recheck Cond: ((id >= 8744848) AND (id <= 8754847))
	        ->  Bitmap Index Scan on sbtest5_pkey  (cost=0.00..227.94 rows=10751 width=0)
	              Index Cond: ((id >= 8744848) AND (id <= 8754847))

table 6 : explain SELECT SUM(k) FROM sbtest6 WHERE id BETWEEN 9560373 AND 9570372
	Aggregate  (cost=34077.15..34077.16 rows=1 width=8)
	  ->  Bitmap Heap Scan on sbtest6  (cost=217.67..34052.46 rows=9877 width=4)
	        Recheck Cond: ((id >= 9560373) AND (id <= 9570372))
	        ->  Bitmap Index Scan on sbtest6_pkey  (cost=0.00..215.20 rows=9877 width=0)
	              Index Cond: ((id >= 9560373) AND (id <= 9570372))

table 7 : explain SELECT SUM(k) FROM sbtest7 WHERE id BETWEEN 9894233 AND 9904232
	Aggregate  (cost=34072.67..34072.68 rows=1 width=8)
	  ->  Bitmap Heap Scan on sbtest7  (cost=213.54..34048.01 rows=9864 width=4)
	        Recheck Cond: ((id >= 9894233) AND (id <= 9904232))
	        ->  Bitmap Index Scan on sbtest7_pkey  (cost=0.00..211.07 rows=9864 width=0)
	              Index Cond: ((id >= 9894233) AND (id <= 9904232))

table 8 : explain SELECT SUM(k) FROM sbtest8 WHERE id BETWEEN 5215080 AND 5225079
	Aggregate  (cost=31542.99..31543.00 rows=1 width=8)
	  ->  Bitmap Heap Scan on sbtest8  (cost=205.32..31520.34 rows=9062 width=4)
	        Recheck Cond: ((id >= 5215080) AND (id <= 5225079))
	        ->  Bitmap Index Scan on sbtest8_pkey  (cost=0.00..203.06 rows=9062 width=0)
	              Index Cond: ((id >= 5215080) AND (id <= 5225079))

explain: for point_selects :: explain SELECT c FROM sbtest%u WHERE id=%u
explain: for point_selects :: explain SELECT c FROM sbtest%u WHERE id=%u
explain: for point_selects :: explain SELECT c FROM sbtest%u WHERE id=%u
explain: for point_selects :: explain SELECT c FROM sbtest%u WHERE id=%u
for point_selects
table 1 : explain SELECT c FROM sbtest1 WHERE id=1069628
	Index Scan using sbtest1_pkey on sbtest1  (cost=0.43..8.45 rows=1 width=121)
	  Index Cond: (id = 1069628)

table 2 : explain SELECT c FROM sbtest2 WHERE id=3441446
	Index Scan using sbtest2_pkey on sbtest2  (cost=0.43..8.45 rows=1 width=121)
	  Index Cond: (id = 3441446)

table 3 : explain SELECT c FROM sbtest3 WHERE id=6788427
	Index Scan using sbtest3_pkey on sbtest3  (cost=0.43..8.45 rows=1 width=121)
	  Index Cond: (id = 6788427)

table 4 : explain SELECT c FROM sbtest4 WHERE id=4233983
	Index Scan using sbtest4_pkey on sbtest4  (cost=0.43..8.45 rows=1 width=121)
	  Index Cond: (id = 4233983)

table 5 : explain SELECT c FROM sbtest5 WHERE id=9226635
	Index Scan using sbtest5_pkey on sbtest5  (cost=0.43..8.45 rows=1 width=121)
	  Index Cond: (id = 9226635)

table 6 : explain SELECT c FROM sbtest6 WHERE id=673044
	Index Scan using sbtest6_pkey on sbtest6  (cost=0.43..8.45 rows=1 width=121)
	  Index Cond: (id = 673044)

table 7 : explain SELECT c FROM sbtest7 WHERE id=5375783
	Index Scan using sbtest7_pkey on sbtest7  (cost=0.43..8.45 rows=1 width=121)
	  Index Cond: (id = 5375783)

table 8 : explain SELECT c FROM sbtest8 WHERE id=7878463
	Index Scan using sbtest8_pkey on sbtest8  (cost=0.43..8.45 rows=1 width=121)
	  Index Cond: (id = 7878463)

for point_selects
table 1 : explain SELECT c FROM sbtest1 WHERE id=8825145
	Index Scan using sbtest1_pkey on sbtest1  (cost=0.43..8.45 rows=1 width=121)
	  Index Cond: (id = 8825145)

table 2 : explain SELECT c FROM sbtest2 WHERE id=5508598
	Index Scan using sbtest2_pkey on sbtest2  (cost=0.43..8.45 rows=1 width=121)
	  Index Cond: (id = 5508598)

table 3 : explain SELECT c FROM sbtest3 WHERE id=9719023
	Index Scan using sbtest3_pkey on sbtest3  (cost=0.43..8.45 rows=1 width=121)
	  Index Cond: (id = 9719023)

table 4 : explain SELECT c FROM sbtest4 WHERE id=3638591
	Index Scan using sbtest4_pkey on sbtest4  (cost=0.43..8.45 rows=1 width=121)
	  Index Cond: (id = 3638591)

table 5 : explain SELECT c FROM sbtest5 WHERE id=3036656
	Index Scan using sbtest5_pkey on sbtest5  (cost=0.43..8.45 rows=1 width=121)
	  Index Cond: (id = 3036656)

table 6 : explain SELECT c FROM sbtest6 WHERE id=2180179
	Index Scan using sbtest6_pkey on sbtest6  (cost=0.43..8.45 rows=1 width=121)
	  Index Cond: (id = 2180179)

table 7 : explain SELECT c FROM sbtest7 WHERE id=6551582
	Index Scan using sbtest7_pkey on sbtest7  (cost=0.43..8.45 rows=1 width=121)
	  Index Cond: (id = 6551582)

table 8 : explain SELECT c FROM sbtest8 WHERE id=8806403
	Index Scan using sbtest8_pkey on sbtest8  (cost=0.43..8.45 rows=1 width=121)
	  Index Cond: (id = 8806403)

for point_selects
table 1 : explain SELECT c FROM sbtest1 WHERE id=4453809
	Index Scan using sbtest1_pkey on sbtest1  (cost=0.43..8.45 rows=1 width=121)
	  Index Cond: (id = 4453809)

table 2 : explain SELECT c FROM sbtest2 WHERE id=3678811
	Index Scan using sbtest2_pkey on sbtest2  (cost=0.43..8.45 rows=1 width=121)
	  Index Cond: (id = 3678811)

table 3 : explain SELECT c FROM sbtest3 WHERE id=5845555
	Index Scan using sbtest3_pkey on sbtest3  (cost=0.43..8.45 rows=1 width=121)
	  Index Cond: (id = 5845555)

table 4 : explain SELECT c FROM sbtest4 WHERE id=6953514
	Index Scan using sbtest4_pkey on sbtest4  (cost=0.43..8.45 rows=1 width=121)
	  Index Cond: (id = 6953514)

table 5 : explain SELECT c FROM sbtest5 WHERE id=2055082
	Index Scan using sbtest5_pkey on sbtest5  (cost=0.43..8.45 rows=1 width=121)
	  Index Cond: (id = 2055082)

table 6 : explain SELECT c FROM sbtest6 WHERE id=4576354
	Index Scan using sbtest6_pkey on sbtest6  (cost=0.43..8.45 rows=1 width=121)
	  Index Cond: (id = 4576354)

table 7 : explain SELECT c FROM sbtest7 WHERE id=562421
	Index Scan using sbtest7_pkey on sbtest7  (cost=0.43..8.45 rows=1 width=121)
	  Index Cond: (id = 562421)

table 8 : explain SELECT c FROM sbtest8 WHERE id=7720300
	Index Scan using sbtest8_pkey on sbtest8  (cost=0.43..8.45 rows=1 width=121)
	  Index Cond: (id = 7720300)

explain: for point_selects :: explain SELECT c FROM sbtest%u WHERE id=%u
for point_selects
table 1 : explain SELECT c FROM sbtest1 WHERE id=5254308
	Index Scan using sbtest1_pkey on sbtest1  (cost=0.43..8.45 rows=1 width=121)
	  Index Cond: (id = 5254308)

table 2 : explain SELECT c FROM sbtest2 WHERE id=332341
	Index Scan using sbtest2_pkey on sbtest2  (cost=0.43..8.45 rows=1 width=121)
	  Index Cond: (id = 332341)

table 3 : explain SELECT c FROM sbtest3 WHERE id=41054
	Index Scan using sbtest3_pkey on sbtest3  (cost=0.43..8.45 rows=1 width=121)
	  Index Cond: (id = 41054)

table 4 : explain SELECT c FROM sbtest4 WHERE id=9287998
	Index Scan using sbtest4_pkey on sbtest4  (cost=0.43..8.45 rows=1 width=121)
	  Index Cond: (id = 9287998)

table 5 : explain SELECT c FROM sbtest5 WHERE id=3151099
	Index Scan using sbtest5_pkey on sbtest5  (cost=0.43..8.45 rows=1 width=121)
	  Index Cond: (id = 3151099)

table 6 : explain SELECT c FROM sbtest6 WHERE id=9131608
	Index Scan using sbtest6_pkey on sbtest6  (cost=0.43..8.45 rows=1 width=121)
	  Index Cond: (id = 9131608)

table 7 : explain SELECT c FROM sbtest7 WHERE id=556838
	Index Scan using sbtest7_pkey on sbtest7  (cost=0.43..8.45 rows=1 width=121)
	  Index Cond: (id = 556838)

table 8 : explain SELECT c FROM sbtest8 WHERE id=6750692
	Index Scan using sbtest8_pkey on sbtest8  (cost=0.43..8.45 rows=1 width=121)
	  Index Cond: (id = 6750692)

for: distinct_ranges
table 1 : explain SELECT DISTINCT c FROM sbtest1 WHERE id BETWEEN 7128695 AND 7138694 ORDER BY c
	Unique  (cost=36523.79..36576.19 rows=10479 width=121)
	  ->  Sort  (cost=36523.79..36549.99 rows=10479 width=121)
	        Sort Key: c
	        ->  Bitmap Heap Scan on sbtest1  (cost=223.84..35824.05 rows=10479 width=121)
	              Recheck Cond: ((id >= 7128695) AND (id <= 7138694))
	              ->  Bitmap Index Scan on sbtest1_pkey  (cost=0.00..221.23 rows=10479 width=0)
	                    Index Cond: ((id >= 7128695) AND (id <= 7138694))

table 2 : explain SELECT DISTINCT c FROM sbtest2 WHERE id BETWEEN 6592292 AND 6602291 ORDER BY c
	Unique  (cost=35443.77..35494.39 rows=10125 width=121)
	  ->  Sort  (cost=35443.77..35469.08 rows=10125 width=121)
	        Sort Key: c
	        ->  Bitmap Heap Scan on sbtest2  (cost=216.22..34770.17 rows=10125 width=121)
	              Recheck Cond: ((id >= 6592292) AND (id <= 6602291))
	              ->  Bitmap Index Scan on sbtest2_pkey  (cost=0.00..213.69 rows=10125 width=0)
	                    Index Cond: ((id >= 6592292) AND (id <= 6602291))

table 3 : explain SELECT DISTINCT c FROM sbtest3 WHERE id BETWEEN 6313190 AND 6323189 ORDER BY c
	Unique  (cost=33485.07..33532.63 rows=9511 width=121)
	  ->  Sort  (cost=33485.07..33508.85 rows=9511 width=121)
	        Sort Key: c
	        ->  Bitmap Heap Scan on sbtest3  (cost=205.92..32856.62 rows=9511 width=121)
	              Recheck Cond: ((id >= 6313190) AND (id <= 6323189))
	              ->  Bitmap Index Scan on sbtest3_pkey  (cost=0.00..203.55 rows=9511 width=0)
	                    Index Cond: ((id >= 6313190) AND (id <= 6323189))

table 4 : explain SELECT DISTINCT c FROM sbtest4 WHERE id BETWEEN 1490729 AND 1500728 ORDER BY c
	Unique  (cost=38165.53..38220.36 rows=10966 width=121)
	  ->  Sort  (cost=38165.53..38192.94 rows=10966 width=121)
	        Sort Key: c
	        ->  Bitmap Heap Scan on sbtest4  (cost=240.84..37429.67 rows=10966 width=121)
	              Recheck Cond: ((id >= 1490729) AND (id <= 1500728))
	              ->  Bitmap Index Scan on sbtest4_pkey  (cost=0.00..238.09 rows=10966 width=0)
	                    Index Cond: ((id >= 1490729) AND (id <= 1500728))

table 5 : explain SELECT DISTINCT c FROM sbtest5 WHERE id BETWEEN 5885204 AND 5895203 ORDER BY c
	Unique  (cost=33634.60..33682.32 rows=9545 width=121)
	  ->  Sort  (cost=33634.60..33658.46 rows=9545 width=121)
	        Sort Key: c
	        ->  Bitmap Heap Scan on sbtest5  (cost=206.27..33003.65 rows=9545 width=121)
	              Recheck Cond: ((id >= 5885204) AND (id <= 5895203))
	              ->  Bitmap Index Scan on sbtest5_pkey  (cost=0.00..203.88 rows=9545 width=0)
	                    Index Cond: ((id >= 5885204) AND (id <= 5895203))

table 6 : explain SELECT DISTINCT c FROM sbtest6 WHERE id BETWEEN 5332393 AND 5342392 ORDER BY c
	Unique  (cost=35624.46..35675.28 rows=10164 width=121)
	  ->  Sort  (cost=35624.46..35649.87 rows=10164 width=121)
	        Sort Key: c
	        ->  Bitmap Heap Scan on sbtest6  (cost=224.62..34947.98 rows=10164 width=121)
	              Recheck Cond: ((id >= 5332393) AND (id <= 5342392))
	              ->  Bitmap Index Scan on sbtest6_pkey  (cost=0.00..222.07 rows=10164 width=0)
	                    Index Cond: ((id >= 5332393) AND (id <= 5342392))

table 7 : explain SELECT DISTINCT c FROM sbtest7 WHERE id BETWEEN 8641825 AND 8651824 ORDER BY c
	Unique  (cost=34450.97..34499.90 rows=9785 width=121)
	  ->  Sort  (cost=34450.97..34475.43 rows=9785 width=121)
	        Sort Key: c
	        ->  Bitmap Heap Scan on sbtest7  (cost=212.73..33802.40 rows=9785 width=121)
	              Recheck Cond: ((id >= 8641825) AND (id <= 8651824))
	              ->  Bitmap Index Scan on sbtest7_pkey  (cost=0.00..210.29 rows=9785 width=0)
	                    Index Cond: ((id >= 8641825) AND (id <= 8651824))

table 8 : explain SELECT DISTINCT c FROM sbtest8 WHERE id BETWEEN 4656115 AND 4666114 ORDER BY c
	Unique  (cost=34201.65..34250.18 rows=9706 width=121)
	  ->  Sort  (cost=34201.65..34225.92 rows=9706 width=121)
	        Sort Key: c
	        ->  Bitmap Heap Scan on sbtest8  (cost=219.92..33558.89 rows=9706 width=121)
	              Recheck Cond: ((id >= 4656115) AND (id <= 4666114))
	              ->  Bitmap Index Scan on sbtest8_pkey  (cost=0.00..217.50 rows=9706 width=0)
	                    Index Cond: ((id >= 4656115) AND (id <= 4666114))

for: distinct_ranges
table 1 : explain SELECT DISTINCT c FROM sbtest1 WHERE id BETWEEN 7594416 AND 7604415 ORDER BY c
	Unique  (cost=34335.46..34384.41 rows=9791 width=121)
	  ->  Sort  (cost=34335.46..34359.94 rows=9791 width=121)
	        Sort Key: c
	        ->  Bitmap Heap Scan on sbtest1  (cost=208.79..33686.45 rows=9791 width=121)
	              Recheck Cond: ((id >= 7594416) AND (id <= 7604415))
	              ->  Bitmap Index Scan on sbtest1_pkey  (cost=0.00..206.34 rows=9791 width=0)
	                    Index Cond: ((id >= 7594416) AND (id <= 7604415))

table 2 : explain SELECT DISTINCT c FROM sbtest2 WHERE id BETWEEN 4940042 AND 4950041 ORDER BY c
	Unique  (cost=37842.06..37896.47 rows=10881 width=121)
	  ->  Sort  (cost=37842.06..37869.26 rows=10881 width=121)
	        Sort Key: c
	        ->  Bitmap Heap Scan on sbtest2  (cost=231.97..37112.52 rows=10881 width=121)
	              Recheck Cond: ((id >= 4940042) AND (id <= 4950041))
	              ->  Bitmap Index Scan on sbtest2_pkey  (cost=0.00..229.25 rows=10881 width=0)
	                    Index Cond: ((id >= 4940042) AND (id <= 4950041))

table 3 : explain SELECT DISTINCT c FROM sbtest3 WHERE id BETWEEN 1789788 AND 1799787 ORDER BY c
	Unique  (cost=34872.02..34921.74 rows=9944 width=121)
	  ->  Sort  (cost=34872.02..34896.88 rows=9944 width=121)
	        Sort Key: c
	        ->  Bitmap Heap Scan on sbtest3  (cost=214.36..34211.76 rows=9944 width=121)
	              Recheck Cond: ((id >= 1789788) AND (id <= 1799787))
	              ->  Bitmap Index Scan on sbtest3_pkey  (cost=0.00..211.88 rows=9944 width=0)
	                    Index Cond: ((id >= 1789788) AND (id <= 1799787))

table 4 : explain SELECT DISTINCT c FROM sbtest4 WHERE id BETWEEN 2145780 AND 2155779 ORDER BY c
	Unique  (cost=34559.04..34608.20 rows=9832 width=121)
	  ->  Sort  (cost=34559.04..34583.62 rows=9832 width=121)
	        Sort Key: c
	        ->  Bitmap Heap Scan on sbtest4  (cost=217.21..33907.02 rows=9832 width=121)
	              Recheck Cond: ((id >= 2145780) AND (id <= 2155779))
	              ->  Bitmap Index Scan on sbtest4_pkey  (cost=0.00..214.75 rows=9832 width=0)
	                    Index Cond: ((id >= 2145780) AND (id <= 2155779))

table 5 : explain SELECT DISTINCT c FROM sbtest5 WHERE id BETWEEN 4879739 AND 4889738 ORDER BY c
	Unique  (cost=34769.27..34818.76 rows=9898 width=121)
	  ->  Sort  (cost=34769.27..34794.02 rows=9898 width=121)
	        Sort Key: c
	        ->  Bitmap Heap Scan on sbtest5  (cost=213.89..34112.40 rows=9898 width=121)
	              Recheck Cond: ((id >= 4879739) AND (id <= 4889738))
	              ->  Bitmap Index Scan on sbtest5_pkey  (cost=0.00..211.42 rows=9898 width=0)
	                    Index Cond: ((id >= 4879739) AND (id <= 4889738))

table 6 : explain SELECT DISTINCT c FROM sbtest6 WHERE id BETWEEN 7171311 AND 7181310 ORDER BY c
	Unique  (cost=37775.03..37829.23 rows=10840 width=121)
	  ->  Sort  (cost=37775.03..37802.13 rows=10840 width=121)
	        Sort Key: c
	        ->  Bitmap Heap Scan on sbtest6  (cost=239.55..37048.53 rows=10840 width=121)
	              Recheck Cond: ((id >= 7171311) AND (id <= 7181310))
	              ->  Bitmap Index Scan on sbtest6_pkey  (cost=0.00..236.84 rows=10840 width=0)
	                    Index Cond: ((id >= 7171311) AND (id <= 7181310))

table 7 : explain SELECT DISTINCT c FROM sbtest7 WHERE id BETWEEN 2272635 AND 2282634 ORDER BY c
	Unique  (cost=32777.54..32823.88 rows=9267 width=121)
	  ->  Sort  (cost=32777.54..32800.71 rows=9267 width=121)
	        Sort Key: c
	        ->  Bitmap Heap Scan on sbtest7  (cost=203.42..32166.95 rows=9267 width=121)
	              Recheck Cond: ((id >= 2272635) AND (id <= 2282634))
	              ->  Bitmap Index Scan on sbtest7_pkey  (cost=0.00..201.11 rows=9267 width=0)
	                    Index Cond: ((id >= 2272635) AND (id <= 2282634))

table 8 : explain SELECT DISTINCT c FROM sbtest8 WHERE id BETWEEN 9671960 AND 9681959 ORDER BY c
	Unique  (cost=38035.85..38090.38 rows=10906 width=121)
	  ->  Sort  (cost=38035.85..38063.11 rows=10906 width=121)
	        Sort Key: c
	        ->  Bitmap Heap Scan on sbtest8  (cost=248.22..37304.45 rows=10906 width=121)
	              Recheck Cond: ((id >= 9671960) AND (id <= 9681959))
	              ->  Bitmap Index Scan on sbtest8_pkey  (cost=0.00..245.50 rows=10906 width=0)
	                    Index Cond: ((id >= 9671960) AND (id <= 9681959))

for: simple_ranges
table 1 : explain SELECT c FROM sbtest1 WHERE id BETWEEN 4261672 AND 4271671
	Bitmap Heap Scan on sbtest1  (cost=223.42..35696.47 rows=10438 width=121)
	  Recheck Cond: ((id >= 4261672) AND (id <= 4271671))
	  ->  Bitmap Index Scan on sbtest1_pkey  (cost=0.00..220.81 rows=10438 width=0)
	        Index Cond: ((id >= 4261672) AND (id <= 4271671))

table 2 : explain SELECT c FROM sbtest2 WHERE id BETWEEN 5245514 AND 5255513
	Bitmap Heap Scan on sbtest2  (cost=198.71..31864.44 rows=9198 width=121)
	  Recheck Cond: ((id >= 5245514) AND (id <= 5255513))
	  ->  Bitmap Index Scan on sbtest2_pkey  (cost=0.00..196.42 rows=9198 width=0)
	        Index Cond: ((id >= 5245514) AND (id <= 5255513))

table 3 : explain SELECT c FROM sbtest3 WHERE id BETWEEN 8067004 AND 8077003
	Bitmap Heap Scan on sbtest3  (cost=229.64..36419.46 rows=10654 width=121)
	  Recheck Cond: ((id >= 8067004) AND (id <= 8077003))
	  ->  Bitmap Index Scan on sbtest3_pkey  (cost=0.00..226.98 rows=10654 width=0)
	        Index Cond: ((id >= 8067004) AND (id <= 8077003))

table 4 : explain SELECT c FROM sbtest4 WHERE id BETWEEN 4445045 AND 4455044
	Bitmap Heap Scan on sbtest4  (cost=205.37..32722.25 rows=9457 width=121)
	  Recheck Cond: ((id >= 4445045) AND (id <= 4455044))
	  ->  Bitmap Index Scan on sbtest4_pkey  (cost=0.00..203.00 rows=9457 width=0)
	        Index Cond: ((id >= 4445045) AND (id <= 4455044))

table 5 : explain SELECT c FROM sbtest5 WHERE id BETWEEN 4166548 AND 4176547
	Bitmap Heap Scan on sbtest5  (cost=223.12..35700.48 rows=10408 width=121)
	  Recheck Cond: ((id >= 4166548) AND (id <= 4176547))
	  ->  Bitmap Index Scan on sbtest5_pkey  (cost=0.00..220.51 rows=10408 width=0)
	        Index Cond: ((id >= 4166548) AND (id <= 4176547))

table 6 : explain SELECT c FROM sbtest6 WHERE id BETWEEN 2136388 AND 2146387
	Bitmap Heap Scan on sbtest6  (cost=209.74..32846.23 rows=9493 width=121)
	  Recheck Cond: ((id >= 2136388) AND (id <= 2146387))
	  ->  Bitmap Index Scan on sbtest6_pkey  (cost=0.00..207.37 rows=9493 width=0)
	        Index Cond: ((id >= 2136388) AND (id <= 2146387))

table 7 : explain SELECT c FROM sbtest7 WHERE id BETWEEN 9547637 AND 9557636
	Bitmap Heap Scan on sbtest7  (cost=218.89..34465.11 rows=9996 width=121)
	  Recheck Cond: ((id >= 9547637) AND (id <= 9557636))
	  ->  Bitmap Index Scan on sbtest7_pkey  (cost=0.00..216.40 rows=9996 width=0)
	        Index Cond: ((id >= 9547637) AND (id <= 9557636))

table 8 : explain SELECT c FROM sbtest8 WHERE id BETWEEN 908514 AND 918513
	Bitmap Heap Scan on sbtest8  (cost=191.79..29793.81 rows=8522 width=121)
	  Recheck Cond: ((id >= 908514) AND (id <= 918513))
	  ->  Bitmap Index Scan on sbtest8_pkey  (cost=0.00..189.66 rows=8522 width=0)
	        Index Cond: ((id >= 908514) AND (id <= 918513))

for: distinct_ranges
table 1 : explain SELECT DISTINCT c FROM sbtest1 WHERE id BETWEEN 8515156 AND 8525155 ORDER BY c
	Unique  (cost=35666.19..35717.24 rows=10209 width=121)
	  ->  Sort  (cost=35666.19..35691.71 rows=10209 width=121)
	        Sort Key: c
	        ->  Bitmap Heap Scan on sbtest1  (cost=217.08..34986.40 rows=10209 width=121)
	              Recheck Cond: ((id >= 8515156) AND (id <= 8525155))
	              ->  Bitmap Index Scan on sbtest1_pkey  (cost=0.00..214.53 rows=10209 width=0)
	                    Index Cond: ((id >= 8515156) AND (id <= 8525155))

table 2 : explain SELECT DISTINCT c FROM sbtest2 WHERE id BETWEEN 3342157 AND 3352156 ORDER BY c
	Unique  (cost=39201.18..39257.74 rows=11313 width=121)
	  ->  Sort  (cost=39201.18..39229.46 rows=11313 width=121)
	        Sort Key: c
	        ->  Bitmap Heap Scan on sbtest2  (cost=244.39..38439.49 rows=11313 width=121)
	              Recheck Cond: ((id >= 3342157) AND (id <= 3352156))
	              ->  Bitmap Index Scan on sbtest2_pkey  (cost=0.00..241.56 rows=11313 width=0)
	                    Index Cond: ((id >= 3342157) AND (id <= 3352156))

table 3 : explain SELECT DISTINCT c FROM sbtest3 WHERE id BETWEEN 4671495 AND 4681494 ORDER BY c
	Unique  (cost=37700.37..37754.54 rows=10833 width=121)
	  ->  Sort  (cost=37700.37..37727.45 rows=10833 width=121)
	        Sort Key: c
	        ->  Bitmap Heap Scan on sbtest3  (cost=235.47..36974.39 rows=10833 width=121)
	              Recheck Cond: ((id >= 4671495) AND (id <= 4681494))
	              ->  Bitmap Index Scan on sbtest3_pkey  (cost=0.00..232.76 rows=10833 width=0)
	                    Index Cond: ((id >= 4671495) AND (id <= 4681494))

table 4 : explain SELECT DISTINCT c FROM sbtest4 WHERE id BETWEEN 5630943 AND 5640942 ORDER BY c
	Unique  (cost=38110.09..38164.83 rows=10948 width=121)
	  ->  Sort  (cost=38110.09..38137.46 rows=10948 width=121)
	        Sort Key: c
	        ->  Bitmap Heap Scan on sbtest4  (cost=240.65..37375.57 rows=10948 width=121)
	              Recheck Cond: ((id >= 5630943) AND (id <= 5640942))
	              ->  Bitmap Index Scan on sbtest4_pkey  (cost=0.00..237.92 rows=10948 width=0)
	                    Index Cond: ((id >= 5630943) AND (id <= 5640942))

table 5 : explain SELECT DISTINCT c FROM sbtest5 WHERE id BETWEEN 7448842 AND 7458841 ORDER BY c
	Unique  (cost=37874.80..37929.17 rows=10873 width=121)
	  ->  Sort  (cost=37874.80..37901.99 rows=10873 width=121)
	        Sort Key: c
	        ->  Bitmap Heap Scan on sbtest5  (cost=235.88..37145.85 rows=10873 width=121)
	              Recheck Cond: ((id >= 7448842) AND (id <= 7458841))
	              ->  Bitmap Index Scan on sbtest5_pkey  (cost=0.00..233.17 rows=10873 width=0)
	                    Index Cond: ((id >= 7448842) AND (id <= 7458841))

table 6 : explain SELECT DISTINCT c FROM sbtest6 WHERE id BETWEEN 9593125 AND 9603124 ORDER BY c
	Unique  (cost=34277.77..34326.49 rows=9744 width=121)
	  ->  Sort  (cost=34277.77..34302.13 rows=9744 width=121)
	        Sort Key: c
	        ->  Bitmap Heap Scan on sbtest6  (cost=212.31..33632.21 rows=9744 width=121)
	              Recheck Cond: ((id >= 9593125) AND (id <= 9603124))
	              ->  Bitmap Index Scan on sbtest6_pkey  (cost=0.00..209.88 rows=9744 width=0)
	                    Index Cond: ((id >= 9593125) AND (id <= 9603124))

table 7 : explain SELECT DISTINCT c FROM sbtest7 WHERE id BETWEEN 580060 AND 590059 ORDER BY c
	Unique  (cost=38075.71..38130.31 rows=10921 width=121)
	  ->  Sort  (cost=38075.71..38103.01 rows=10921 width=121)
	        Sort Key: c
	        ->  Bitmap Heap Scan on sbtest7  (cost=236.38..37343.19 rows=10921 width=121)
	              Recheck Cond: ((id >= 580060) AND (id <= 590059))
	              ->  Bitmap Index Scan on sbtest7_pkey  (cost=0.00..233.65 rows=10921 width=0)
	                    Index Cond: ((id >= 580060) AND (id <= 590059))

table 8 : explain SELECT DISTINCT c FROM sbtest8 WHERE id BETWEEN 6394067 AND 6404066 ORDER BY c
	Unique  (cost=37024.01..37076.95 rows=10587 width=121)
	  ->  Sort  (cost=37024.01..37050.48 rows=10587 width=121)
	        Sort Key: c
	        ->  Bitmap Heap Scan on sbtest8  (cost=240.95..36316.27 rows=10587 width=121)
	              Recheck Cond: ((id >= 6394067) AND (id <= 6404066))
	              ->  Bitmap Index Scan on sbtest8_pkey  (cost=0.00..238.31 rows=10587 width=0)
	                    Index Cond: ((id >= 6394067) AND (id <= 6404066))

for: simple_ranges
table 1 : explain SELECT c FROM sbtest1 WHERE id BETWEEN 883679 AND 893678
	Bitmap Heap Scan on sbtest1  (cost=192.79..31231.62 rows=9010 width=121)
	  Recheck Cond: ((id >= 883679) AND (id <= 893678))
	  ->  Bitmap Index Scan on sbtest1_pkey  (cost=0.00..190.54 rows=9010 width=0)
	        Index Cond: ((id >= 883679) AND (id <= 893678))

table 2 : explain SELECT c FROM sbtest2 WHERE id BETWEEN 3764791 AND 3774790
	Bitmap Heap Scan on sbtest2  (cost=216.91..34981.82 rows=10193 width=121)
	  Recheck Cond: ((id >= 3764791) AND (id <= 3774790))
	  ->  Bitmap Index Scan on sbtest2_pkey  (cost=0.00..214.37 rows=10193 width=0)
	        Index Cond: ((id >= 3764791) AND (id <= 3774790))

table 3 : explain SELECT c FROM sbtest3 WHERE id BETWEEN 3457943 AND 3467942
	Bitmap Heap Scan on sbtest3  (cost=220.46..34854.90 rows=10149 width=121)
	  Recheck Cond: ((id >= 3457943) AND (id <= 3467942))
	  ->  Bitmap Index Scan on sbtest3_pkey  (cost=0.00..217.93 rows=10149 width=0)
	        Index Cond: ((id >= 3457943) AND (id <= 3467942))

table 4 : explain SELECT c FROM sbtest4 WHERE id BETWEEN 904080 AND 914079
	Bitmap Heap Scan on sbtest4  (cost=225.89..35329.42 rows=10288 width=121)
	  Recheck Cond: ((id >= 904080) AND (id <= 914079))
	  ->  Bitmap Index Scan on sbtest4_pkey  (cost=0.00..223.31 rows=10288 width=0)
	        Index Cond: ((id >= 904080) AND (id <= 914079))

table 5 : explain SELECT c FROM sbtest5 WHERE id BETWEEN 1135307 AND 1145306
	Bitmap Heap Scan on sbtest5  (cost=214.00..34147.84 rows=9909 width=121)
	  Recheck Cond: ((id >= 1135307) AND (id <= 1145306))
	  ->  Bitmap Index Scan on sbtest5_pkey  (cost=0.00..211.53 rows=9909 width=0)
	        Index Cond: ((id >= 1135307) AND (id <= 1145306))

table 6 : explain SELECT c FROM sbtest6 WHERE id BETWEEN 849193 AND 859192
	Bitmap Heap Scan on sbtest6  (cost=241.32..37580.15 rows=11013 width=121)
	  Recheck Cond: ((id >= 849193) AND (id <= 859192))
	  ->  Bitmap Index Scan on sbtest6_pkey  (cost=0.00..238.56 rows=11013 width=0)
	        Index Cond: ((id >= 849193) AND (id <= 859192))

table 7 : explain SELECT c FROM sbtest7 WHERE id BETWEEN 2170640 AND 2180639
	Bitmap Heap Scan on sbtest7  (cost=214.39..34309.49 rows=9947 width=121)
	  Recheck Cond: ((id >= 2170640) AND (id <= 2180639))
	  ->  Bitmap Index Scan on sbtest7_pkey  (cost=0.00..211.91 rows=9947 width=0)
	        Index Cond: ((id >= 2170640) AND (id <= 2180639))

table 8 : explain SELECT c FROM sbtest8 WHERE id BETWEEN 3559757 AND 3569756
	Bitmap Heap Scan on sbtest8  (cost=211.82..32296.25 rows=9306 width=121)
	  Recheck Cond: ((id >= 3559757) AND (id <= 3569756))
	  ->  Bitmap Index Scan on sbtest8_pkey  (cost=0.00..209.50 rows=9306 width=0)
	        Index Cond: ((id >= 3559757) AND (id <= 3569756))

for: simple_ranges
table 1 : explain SELECT c FROM sbtest1 WHERE id BETWEEN 5142795 AND 5152794
	Bitmap Heap Scan on sbtest1  (cost=191.20..30743.83 rows=8855 width=121)
	  Recheck Cond: ((id >= 5142795) AND (id <= 5152794))
	  ->  Bitmap Index Scan on sbtest1_pkey  (cost=0.00..188.99 rows=8855 width=0)
	        Index Cond: ((id >= 5142795) AND (id <= 5152794))

table 2 : explain SELECT c FROM sbtest2 WHERE id BETWEEN 9125628 AND 9135627
	Bitmap Heap Scan on sbtest2  (cost=222.29..35402.17 rows=10327 width=121)
	  Recheck Cond: ((id >= 9125628) AND (id <= 9135627))
	  ->  Bitmap Index Scan on sbtest2_pkey  (cost=0.00..219.70 rows=10327 width=0)
	        Index Cond: ((id >= 9125628) AND (id <= 9135627))

table 3 : explain SELECT c FROM sbtest3 WHERE id BETWEEN 3992653 AND 4002652
	Bitmap Heap Scan on sbtest3  (cost=199.94..32247.22 rows=9318 width=121)
	  Recheck Cond: ((id >= 3992653) AND (id <= 4002652))
	  ->  Bitmap Index Scan on sbtest3_pkey  (cost=0.00..197.62 rows=9318 width=0)
	        Index Cond: ((id >= 3992653) AND (id <= 4002652))

table 4 : explain SELECT c FROM sbtest4 WHERE id BETWEEN 5391030 AND 5401029
	Bitmap Heap Scan on sbtest4  (cost=226.06..35383.93 rows=10305 width=121)
	  Recheck Cond: ((id >= 5391030) AND (id <= 5401029))
	  ->  Bitmap Index Scan on sbtest4_pkey  (cost=0.00..223.49 rows=10305 width=0)
	        Index Cond: ((id >= 5391030) AND (id <= 5401029))

table 5 : explain SELECT c FROM sbtest5 WHERE id BETWEEN 2174602 AND 2184601
	Bitmap Heap Scan on sbtest5  (cost=235.85..37136.30 rows=10870 width=121)
	  Recheck Cond: ((id >= 2174602) AND (id <= 2184601))
	  ->  Bitmap Index Scan on sbtest5_pkey  (cost=0.00..233.13 rows=10870 width=0)
	        Index Cond: ((id >= 2174602) AND (id <= 2184601))

table 6 : explain SELECT c FROM sbtest6 WHERE id BETWEEN 6123956 AND 6133955
	Bitmap Heap Scan on sbtest6  (cost=241.41..37608.76 rows=11022 width=121)
	  Recheck Cond: ((id >= 6123956) AND (id <= 6133955))
	  ->  Bitmap Index Scan on sbtest6_pkey  (cost=0.00..238.66 rows=11022 width=0)
	        Index Cond: ((id >= 6123956) AND (id <= 6133955))

table 7 : explain SELECT c FROM sbtest7 WHERE id BETWEEN 207560 AND 217559
	Bitmap Heap Scan on sbtest7  (cost=235.63..37116.68 rows=10848 width=121)
	  Recheck Cond: ((id >= 207560) AND (id <= 217559))
	  ->  Bitmap Index Scan on sbtest7_pkey  (cost=0.00..232.92 rows=10848 width=0)
	        Index Cond: ((id >= 207560) AND (id <= 217559))

table 8 : explain SELECT c FROM sbtest8 WHERE id BETWEEN 5167048 AND 5177047
	Bitmap Heap Scan on sbtest8  (cost=205.32..31520.34 rows=9062 width=121)
	  Recheck Cond: ((id >= 5167048) AND (id <= 5177047))
	  ->  Bitmap Index Scan on sbtest8_pkey  (cost=0.00..203.06 rows=9062 width=0)
	        Index Cond: ((id >= 5167048) AND (id <= 5177047))

for: sum_ranges
table 1 : explain SELECT SUM(k) FROM sbtest1 WHERE id BETWEEN 1083562 AND 1093561
	Aggregate  (cost=37588.39..37588.40 rows=1 width=8)
	  ->  Bitmap Heap Scan on sbtest1  (cost=237.63..37560.78 rows=11043 width=4)
	        Recheck Cond: ((id >= 1083562) AND (id <= 1093561))
	        ->  Bitmap Index Scan on sbtest1_pkey  (cost=0.00..234.87 rows=11043 width=0)
	              Index Cond: ((id >= 1083562) AND (id <= 1093561))

table 2 : explain SELECT SUM(k) FROM sbtest2 WHERE id BETWEEN 3546919 AND 3556918
	Aggregate  (cost=36410.16..36410.17 rows=1 width=8)
	  ->  Bitmap Heap Scan on sbtest2  (cost=229.54..36383.55 rows=10644 width=4)
	        Recheck Cond: ((id >= 3546919) AND (id <= 3556918))
	        ->  Bitmap Index Scan on sbtest2_pkey  (cost=0.00..226.88 rows=10644 width=0)
	              Index Cond: ((id >= 3546919) AND (id <= 3556918))

table 3 : explain SELECT SUM(k) FROM sbtest3 WHERE id BETWEEN 6803145 AND 6813144
	Aggregate  (cost=31770.43..31770.44 rows=1 width=8)
	  ->  Bitmap Heap Scan on sbtest3  (cost=198.31..31747.53 rows=9159 width=4)
	        Recheck Cond: ((id >= 6803145) AND (id <= 6813144))
	        ->  Bitmap Index Scan on sbtest3_pkey  (cost=0.00..196.03 rows=9159 width=0)
	              Index Cond: ((id >= 6803145) AND (id <= 6813144))

table 4 : explain SELECT SUM(k) FROM sbtest4 WHERE id BETWEEN 6648477 AND 6658476
	Aggregate  (cost=33080.46..33080.47 rows=1 width=8)
	  ->  Bitmap Heap Scan on sbtest4  (cost=210.45..33056.56 rows=9562 width=4)
	        Recheck Cond: ((id >= 6648477) AND (id <= 6658476))
	        ->  Bitmap Index Scan on sbtest4_pkey  (cost=0.00..208.06 rows=9562 width=0)
	              Index Cond: ((id >= 6648477) AND (id <= 6658476))

table 5 : explain SELECT SUM(k) FROM sbtest5 WHERE id BETWEEN 40010 AND 50009
	Aggregate  (cost=33885.39..33885.40 rows=1 width=8)
	  ->  Bitmap Heap Scan on sbtest5  (cost=213.06..33860.85 rows=9817 width=4)
	        Recheck Cond: ((id >= 40010) AND (id <= 50009))
	        ->  Bitmap Index Scan on sbtest5_pkey  (cost=0.00..210.61 rows=9817 width=0)
	              Index Cond: ((id >= 40010) AND (id <= 50009))

table 6 : explain SELECT SUM(k) FROM sbtest6 WHERE id BETWEEN 2843443 AND 2853442
	Aggregate  (cost=33754.28..33754.29 rows=1 width=8)
	  ->  Bitmap Heap Scan on sbtest6  (cost=216.62..33729.85 rows=9774 width=4)
	        Recheck Cond: ((id >= 2843443) AND (id <= 2853442))
	        ->  Bitmap Index Scan on sbtest6_pkey  (cost=0.00..214.18 rows=9774 width=0)
	              Index Cond: ((id >= 2843443) AND (id <= 2853442))

table 7 : explain SELECT SUM(k) FROM sbtest7 WHERE id BETWEEN 1210011 AND 1220010
	Aggregate  (cost=35183.03..35183.04 rows=1 width=8)
	  ->  Bitmap Heap Scan on sbtest7  (cost=221.17..35157.49 rows=10218 width=4)
	        Recheck Cond: ((id >= 1210011) AND (id <= 1220010))
	        ->  Bitmap Index Scan on sbtest7_pkey  (cost=0.00..218.62 rows=10218 width=0)
	              Index Cond: ((id >= 1210011) AND (id <= 1220010))

table 8 : explain SELECT SUM(k) FROM sbtest8 WHERE id BETWEEN 1871063 AND 1881062
	Aggregate  (cost=34898.58..34898.59 rows=1 width=8)
	  ->  Bitmap Heap Scan on sbtest8  (cost=228.22..34873.26 rows=10125 width=4)
	        Recheck Cond: ((id >= 1871063) AND (id <= 1881062))
	        ->  Bitmap Index Scan on sbtest8_pkey  (cost=0.00..225.69 rows=10125 width=0)
	              Index Cond: ((id >= 1871063) AND (id <= 1881062))

for point_selects
table 1 : explain SELECT c FROM sbtest1 WHERE id=1307345
	Index Scan using sbtest1_pkey on sbtest1  (cost=0.43..8.45 rows=1 width=121)
	  Index Cond: (id = 1307345)

table 2 : explain SELECT c FROM sbtest2 WHERE id=4796649
	Index Scan using sbtest2_pkey on sbtest2  (cost=0.43..8.45 rows=1 width=121)
	  Index Cond: (id = 4796649)

table 3 : explain SELECT c FROM sbtest3 WHERE id=6444956
	Index Scan using sbtest3_pkey on sbtest3  (cost=0.43..8.45 rows=1 width=121)
	  Index Cond: (id = 6444956)

table 4 : explain SELECT c FROM sbtest4 WHERE id=7353682
	Index Scan using sbtest4_pkey on sbtest4  (cost=0.43..8.45 rows=1 width=121)
	  Index Cond: (id = 7353682)

table 5 : explain SELECT c FROM sbtest5 WHERE id=3369663
	Index Scan using sbtest5_pkey on sbtest5  (cost=0.43..8.45 rows=1 width=121)
	  Index Cond: (id = 3369663)

table 6 : explain SELECT c FROM sbtest6 WHERE id=6076793
	Index Scan using sbtest6_pkey on sbtest6  (cost=0.43..8.45 rows=1 width=121)
	  Index Cond: (id = 6076793)

table 7 : explain SELECT c FROM sbtest7 WHERE id=4700618
	Index Scan using sbtest7_pkey on sbtest7  (cost=0.43..8.45 rows=1 width=121)
	  Index Cond: (id = 4700618)

table 8 : explain SELECT c FROM sbtest8 WHERE id=5191748
	Index Scan using sbtest8_pkey on sbtest8  (cost=0.43..8.45 rows=1 width=121)
	  Index Cond: (id = 5191748)

for: simple_ranges
table 1 : explain SELECT c FROM sbtest1 WHERE id BETWEEN 7689765 AND 7699764
	Bitmap Heap Scan on sbtest1  (cost=214.58..34230.19 rows=9965 width=121)
	  Recheck Cond: ((id >= 7689765) AND (id <= 7699764))
	  ->  Bitmap Index Scan on sbtest1_pkey  (cost=0.00..212.09 rows=9965 width=0)
	        Index Cond: ((id >= 7689765) AND (id <= 7699764))

table 2 : explain SELECT c FROM sbtest2 WHERE id BETWEEN 6300160 AND 6310159
	Bitmap Heap Scan on sbtest2  (cost=221.42..35136.44 rows=10242 width=121)
	  Recheck Cond: ((id >= 6300160) AND (id <= 6310159))
	  ->  Bitmap Index Scan on sbtest2_pkey  (cost=0.00..218.86 rows=10242 width=0)
	        Index Cond: ((id >= 6300160) AND (id <= 6310159))

table 3 : explain SELECT c FROM sbtest3 WHERE id BETWEEN 1543709 AND 1553708
	Bitmap Heap Scan on sbtest3  (cost=214.87..34369.28 rows=9994 width=121)
	  Recheck Cond: ((id >= 1543709) AND (id <= 1553708))
	  ->  Bitmap Index Scan on sbtest3_pkey  (cost=0.00..212.38 rows=9994 width=0)
	        Index Cond: ((id >= 1543709) AND (id <= 1553708))

table 4 : explain SELECT c FROM sbtest4 WHERE id BETWEEN 4272547 AND 4282546
	Bitmap Heap Scan on sbtest4  (cost=204.82..32553.67 rows=9403 width=121)
	  Recheck Cond: ((id >= 4272547) AND (id <= 4282546))
	  ->  Bitmap Index Scan on sbtest4_pkey  (cost=0.00..202.47 rows=9403 width=0)
	        Index Cond: ((id >= 4272547) AND (id <= 4282546))

table 5 : explain SELECT c FROM sbtest5 WHERE id BETWEEN 2686574 AND 2696573
	Bitmap Heap Scan on sbtest5  (cost=199.66..32198.72 rows=9290 width=121)
	  Recheck Cond: ((id >= 2686574) AND (id <= 2696573))
	  ->  Bitmap Index Scan on sbtest5_pkey  (cost=0.00..197.34 rows=9290 width=0)
	        Index Cond: ((id >= 2686574) AND (id <= 2696573))

table 6 : explain SELECT c FROM sbtest6 WHERE id BETWEEN 4380497 AND 4390496
	Bitmap Heap Scan on sbtest6  (cost=219.41..34577.46 rows=10046 width=121)
	  Recheck Cond: ((id >= 4380497) AND (id <= 4390496))
	  ->  Bitmap Index Scan on sbtest6_pkey  (cost=0.00..216.90 rows=10046 width=0)
	        Index Cond: ((id >= 4380497) AND (id <= 4390496))

table 7 : explain SELECT c FROM sbtest7 WHERE id BETWEEN 8478453 AND 8488452
	Bitmap Heap Scan on sbtest7  (cost=214.49..34338.55 rows=9957 width=121)
	  Recheck Cond: ((id >= 8478453) AND (id <= 8488452))
	  ->  Bitmap Index Scan on sbtest7_pkey  (cost=0.00..212.00 rows=9957 width=0)
	        Index Cond: ((id >= 8478453) AND (id <= 8488452))

table 8 : explain SELECT c FROM sbtest8 WHERE id BETWEEN 9143165 AND 9153164
	Bitmap Heap Scan on sbtest8  (cost=233.85..35372.55 rows=10284 width=121)
	  Recheck Cond: ((id >= 9143165) AND (id <= 9153164))
	  ->  Bitmap Index Scan on sbtest8_pkey  (cost=0.00..231.28 rows=10284 width=0)
	        Index Cond: ((id >= 9143165) AND (id <= 9153164))

for: sum_ranges
table 1 : explain SELECT SUM(k) FROM sbtest1 WHERE id BETWEEN 2940909 AND 2950908
	Aggregate  (cost=31758.32..31758.33 rows=1 width=8)
	  ->  Bitmap Heap Scan on sbtest1  (cost=198.42..31735.39 rows=9169 width=4)
	        Recheck Cond: ((id >= 2940909) AND (id <= 2950908))
	        ->  Bitmap Index Scan on sbtest1_pkey  (cost=0.00..196.12 rows=9169 width=0)
	              Index Cond: ((id >= 2940909) AND (id <= 2950908))

table 2 : explain SELECT SUM(k) FROM sbtest2 WHERE id BETWEEN 2692297 AND 2702296
	Aggregate  (cost=33197.07..33197.08 rows=1 width=8)
	  ->  Bitmap Heap Scan on sbtest2  (cost=206.97..33173.04 rows=9613 width=4)
	        Recheck Cond: ((id >= 2692297) AND (id <= 2702296))
	        ->  Bitmap Index Scan on sbtest2_pkey  (cost=0.00..204.56 rows=9613 width=0)
	              Index Cond: ((id >= 2692297) AND (id <= 2702296))

table 3 : explain SELECT SUM(k) FROM sbtest3 WHERE id BETWEEN 3723638 AND 3733637
	Aggregate  (cost=34612.91..34612.92 rows=1 width=8)
	  ->  Bitmap Heap Scan on sbtest3  (cost=215.60..34587.75 rows=10065 width=4)
	        Recheck Cond: ((id >= 3723638) AND (id <= 3733637))
	        ->  Bitmap Index Scan on sbtest3_pkey  (cost=0.00..213.09 rows=10065 width=0)
	              Index Cond: ((id >= 3723638) AND (id <= 3733637))

table 4 : explain SELECT SUM(k) FROM sbtest4 WHERE id BETWEEN 469391 AND 479390
	Aggregate  (cost=34708.34..34708.35 rows=1 width=8)
	  ->  Bitmap Heap Scan on sbtest4  (cost=219.77..34683.13 rows=10081 width=4)
	        Recheck Cond: ((id >= 469391) AND (id <= 479390))
	        ->  Bitmap Index Scan on sbtest4_pkey  (cost=0.00..217.25 rows=10081 width=0)
	              Index Cond: ((id >= 469391) AND (id <= 479390))

table 5 : explain SELECT SUM(k) FROM sbtest5 WHERE id BETWEEN 7036488 AND 7046487
	Aggregate  (cost=34014.54..34014.55 rows=1 width=8)
	  ->  Bitmap Heap Scan on sbtest5  (cost=213.49..33989.89 rows=9859 width=4)
	        Recheck Cond: ((id >= 7036488) AND (id <= 7046487))
	        ->  Bitmap Index Scan on sbtest5_pkey  (cost=0.00..211.03 rows=9859 width=0)
	              Index Cond: ((id >= 7036488) AND (id <= 7046487))

table 6 : explain SELECT SUM(k) FROM sbtest6 WHERE id BETWEEN 5386131 AND 5396130
	Aggregate  (cost=34973.39..34973.40 rows=1 width=8)
	  ->  Bitmap Heap Scan on sbtest6  (cost=224.62..34947.98 rows=10164 width=4)
	        Recheck Cond: ((id >= 5386131) AND (id <= 5396130))
	        ->  Bitmap Index Scan on sbtest6_pkey  (cost=0.00..222.07 rows=10164 width=0)
	              Index Cond: ((id >= 5386131) AND (id <= 5396130))

table 7 : explain SELECT SUM(k) FROM sbtest7 WHERE id BETWEEN 2246158 AND 2256157
	Aggregate  (cost=32190.11..32190.12 rows=1 width=8)
	  ->  Bitmap Heap Scan on sbtest7  (cost=203.42..32166.95 rows=9267 width=4)
	        Recheck Cond: ((id >= 2246158) AND (id <= 2256157))
	        ->  Bitmap Index Scan on sbtest7_pkey  (cost=0.00..201.11 rows=9267 width=0)
	              Index Cond: ((id >= 2246158) AND (id <= 2256157))

table 8 : explain SELECT SUM(k) FROM sbtest8 WHERE id BETWEEN 1825650 AND 1835649
	Aggregate  (cost=34898.58..34898.59 rows=1 width=8)
	  ->  Bitmap Heap Scan on sbtest8  (cost=228.22..34873.26 rows=10125 width=4)
	        Recheck Cond: ((id >= 1825650) AND (id <= 1835649))
	        ->  Bitmap Index Scan on sbtest8_pkey  (cost=0.00..225.69 rows=10125 width=0)
	              Index Cond: ((id >= 1825650) AND (id <= 1835649))

for: sum_ranges
table 1 : explain SELECT SUM(k) FROM sbtest1 WHERE id BETWEEN 5908848 AND 5918847
	Aggregate  (cost=36127.73..36127.74 rows=1 width=8)
	  ->  Bitmap Heap Scan on sbtest1  (cost=224.77..36101.31 rows=10569 width=4)
	        Recheck Cond: ((id >= 5908848) AND (id <= 5918847))
	        ->  Bitmap Index Scan on sbtest1_pkey  (cost=0.00..222.12 rows=10569 width=0)
	              Index Cond: ((id >= 5908848) AND (id <= 5918847))

table 2 : explain SELECT SUM(k) FROM sbtest2 WHERE id BETWEEN 2900221 AND 2910220
	Aggregate  (cost=37410.81..37410.82 rows=1 width=8)
	  ->  Bitmap Heap Scan on sbtest2  (cost=236.86..37383.39 rows=10968 width=4)
	        Recheck Cond: ((id >= 2900221) AND (id <= 2910220))
	        ->  Bitmap Index Scan on sbtest2_pkey  (cost=0.00..234.12 rows=10968 width=0)
	              Index Cond: ((id >= 2900221) AND (id <= 2910220))

table 3 : explain SELECT SUM(k) FROM sbtest3 WHERE id BETWEEN 6665909 AND 6675908
	Aggregate  (cost=36021.41..36021.42 rows=1 width=8)
	  ->  Bitmap Heap Scan on sbtest3  (cost=228.23..35995.11 rows=10517 width=4)
	        Recheck Cond: ((id >= 6665909) AND (id <= 6675908))
	        ->  Bitmap Index Scan on sbtest3_pkey  (cost=0.00..225.61 rows=10517 width=0)
	              Index Cond: ((id >= 6665909) AND (id <= 6675908))

table 4 : explain SELECT SUM(k) FROM sbtest4 WHERE id BETWEEN 1256052 AND 1266051
	Aggregate  (cost=36646.30..36646.31 rows=1 width=8)
	  ->  Bitmap Heap Scan on sbtest4  (cost=234.15..36619.54 rows=10704 width=4)
	        Recheck Cond: ((id >= 1256052) AND (id <= 1266051))
	        ->  Bitmap Index Scan on sbtest4_pkey  (cost=0.00..231.48 rows=10704 width=0)
	              Index Cond: ((id >= 1256052) AND (id <= 1266051))

table 5 : explain SELECT SUM(k) FROM sbtest5 WHERE id BETWEEN 7891771 AND 7901770
	Aggregate  (cost=31841.38..31841.39 rows=1 width=8)
	  ->  Bitmap Heap Scan on sbtest5  (cost=198.43..31818.46 rows=9170 width=4)
	        Recheck Cond: ((id >= 7891771) AND (id <= 7901770))
	        ->  Bitmap Index Scan on sbtest5_pkey  (cost=0.00..196.13 rows=9170 width=0)
	              Index Cond: ((id >= 7891771) AND (id <= 7901770))

table 6 : explain SELECT SUM(k) FROM sbtest6 WHERE id BETWEEN 2320827 AND 2330826
	Aggregate  (cost=32944.53..32944.54 rows=1 width=8)
	  ->  Bitmap Heap Scan on sbtest6  (cost=209.98..32920.73 rows=9517 width=4)
	        Recheck Cond: ((id >= 2320827) AND (id <= 2330826))
	        ->  Bitmap Index Scan on sbtest6_pkey  (cost=0.00..207.61 rows=9517 width=0)
	              Index Cond: ((id >= 2320827) AND (id <= 2330826))

table 7 : explain SELECT SUM(k) FROM sbtest7 WHERE id BETWEEN 5159618 AND 5169617
	Aggregate  (cost=34835.18..34835.19 rows=1 width=8)
	  ->  Bitmap Heap Scan on sbtest7  (cost=220.02..34809.91 rows=10106 width=4)
	        Recheck Cond: ((id >= 5159618) AND (id <= 5169617))
	        ->  Bitmap Index Scan on sbtest7_pkey  (cost=0.00..217.50 rows=10106 width=0)
	              Index Cond: ((id >= 5159618) AND (id <= 5169617))

table 8 : explain SELECT SUM(k) FROM sbtest8 WHERE id BETWEEN 3917035 AND 3927034
	Aggregate  (cost=35311.42..35311.43 rows=1 width=8)
	  ->  Bitmap Heap Scan on sbtest8  (cost=233.56..35285.78 rows=10256 width=4)
	        Recheck Cond: ((id >= 3917035) AND (id <= 3927034))
	        ->  Bitmap Index Scan on sbtest8_pkey  (cost=0.00..231.00 rows=10256 width=0)
	              Index Cond: ((id >= 3917035) AND (id <= 3927034))

for point_selects
table 1 : explain SELECT c FROM sbtest1 WHERE id=1130856
	Index Scan using sbtest1_pkey on sbtest1  (cost=0.43..8.45 rows=1 width=121)
	  Index Cond: (id = 1130856)

table 2 : explain SELECT c FROM sbtest2 WHERE id=9823253
	Index Scan using sbtest2_pkey on sbtest2  (cost=0.43..8.45 rows=1 width=121)
	  Index Cond: (id = 9823253)

table 3 : explain SELECT c FROM sbtest3 WHERE id=858899
	Index Scan using sbtest3_pkey on sbtest3  (cost=0.43..8.45 rows=1 width=121)
	  Index Cond: (id = 858899)

table 4 : explain SELECT c FROM sbtest4 WHERE id=4792530
	Index Scan using sbtest4_pkey on sbtest4  (cost=0.43..8.45 rows=1 width=121)
	  Index Cond: (id = 4792530)

table 5 : explain SELECT c FROM sbtest5 WHERE id=8985975
	Index Scan using sbtest5_pkey on sbtest5  (cost=0.43..8.45 rows=1 width=121)
	  Index Cond: (id = 8985975)

table 6 : explain SELECT c FROM sbtest6 WHERE id=5367327
	Index Scan using sbtest6_pkey on sbtest6  (cost=0.43..8.45 rows=1 width=121)
	  Index Cond: (id = 5367327)

table 7 : explain SELECT c FROM sbtest7 WHERE id=1663983
	Index Scan using sbtest7_pkey on sbtest7  (cost=0.43..8.45 rows=1 width=121)
	  Index Cond: (id = 1663983)

table 8 : explain SELECT c FROM sbtest8 WHERE id=9947029
	Index Scan using sbtest8_pkey on sbtest8  (cost=0.43..8.45 rows=1 width=121)
	  Index Cond: (id = 9947029)

for: order_ranges
table 1 : explain SELECT c FROM sbtest1 WHERE id BETWEEN 6648512 AND 6658511 ORDER BY c
	Sort  (cost=33077.52..33101.01 rows=9399 width=121)
	  Sort Key: c
	  ->  Bitmap Heap Scan on sbtest1  (cost=200.77..32457.26 rows=9399 width=121)
	        Recheck Cond: ((id >= 6648512) AND (id <= 6658511))
	        ->  Bitmap Index Scan on sbtest1_pkey  (cost=0.00..198.43 rows=9399 width=0)
	              Index Cond: ((id >= 6648512) AND (id <= 6658511))

table 2 : explain SELECT c FROM sbtest2 WHERE id BETWEEN 892718 AND 902717 ORDER BY c
	Sort  (cost=32798.58..32821.83 rows=9300 width=121)
	  Sort Key: c
	  ->  Bitmap Heap Scan on sbtest2  (cost=199.76..32185.57 rows=9300 width=121)
	        Recheck Cond: ((id >= 892718) AND (id <= 902717))
	        ->  Bitmap Index Scan on sbtest2_pkey  (cost=0.00..197.44 rows=9300 width=0)
	              Index Cond: ((id >= 892718) AND (id <= 902717))

table 3 : explain SELECT c FROM sbtest3 WHERE id BETWEEN 5943198 AND 5953197 ORDER BY c
	Sort  (cost=34700.76..34725.48 rows=9890 width=121)
	  Sort Key: c
	  ->  Bitmap Heap Scan on sbtest3  (cost=213.81..34044.47 rows=9890 width=121)
	        Recheck Cond: ((id >= 5943198) AND (id <= 5953197))
	        ->  Bitmap Index Scan on sbtest3_pkey  (cost=0.00..211.34 rows=9890 width=0)
	              Index Cond: ((id >= 5943198) AND (id <= 5953197))

table 4 : explain SELECT c FROM sbtest4 WHERE id BETWEEN 8848301 AND 8858300 ORDER BY c
	Sort  (cost=35722.64..35748.13 rows=10196 width=121)
	  Sort Key: c
	  ->  Bitmap Heap Scan on sbtest4  (cost=224.94..35043.81 rows=10196 width=121)
	        Recheck Cond: ((id >= 8848301) AND (id <= 8858300))
	        ->  Bitmap Index Scan on sbtest4_pkey  (cost=0.00..222.40 rows=10196 width=0)
	              Index Cond: ((id >= 8848301) AND (id <= 8858300))

table 5 : explain SELECT c FROM sbtest5 WHERE id BETWEEN 7712208 AND 7722207 ORDER BY c
	Sort  (cost=36007.71..36033.42 rows=10286 width=121)
	  Sort Key: c
	  ->  Bitmap Heap Scan on sbtest5  (cost=221.87..35322.23 rows=10286 width=121)
	        Recheck Cond: ((id >= 7712208) AND (id <= 7722207))
	        ->  Bitmap Index Scan on sbtest5_pkey  (cost=0.00..219.30 rows=10286 width=0)
	              Index Cond: ((id >= 7712208) AND (id <= 7722207))

table 6 : explain SELECT c FROM sbtest6 WHERE id BETWEEN 1345432 AND 1355431 ORDER BY c
	Sort  (cost=34532.90..34557.46 rows=9823 width=121)
	  Sort Key: c
	  ->  Bitmap Heap Scan on sbtest6  (cost=217.12..33881.54 rows=9823 width=121)
	        Recheck Cond: ((id >= 1345432) AND (id <= 1355431))
	        ->  Bitmap Index Scan on sbtest6_pkey  (cost=0.00..214.67 rows=9823 width=0)
	              Index Cond: ((id >= 1345432) AND (id <= 1355431))

table 7 : explain SELECT c FROM sbtest7 WHERE id BETWEEN 7927903 AND 7937902 ORDER BY c
	Sort  (cost=35066.44..35091.38 rows=9976 width=121)
	  Sort Key: c
	  ->  Bitmap Heap Scan on sbtest7  (cost=218.69..34403.82 rows=9976 width=121)
	        Recheck Cond: ((id >= 7927903) AND (id <= 7937902))
	        ->  Bitmap Index Scan on sbtest7_pkey  (cost=0.00..216.19 rows=9976 width=0)
	              Index Cond: ((id >= 7927903) AND (id <= 7937902))

table 8 : explain SELECT c FROM sbtest8 WHERE id BETWEEN 3704336 AND 3714335 ORDER BY c
	Sort  (cost=38058.68..38085.97 rows=10913 width=121)
	  Sort Key: c
	  ->  Bitmap Heap Scan on sbtest8  (cost=248.29..37326.76 rows=10913 width=121)
	        Recheck Cond: ((id >= 3704336) AND (id <= 3714335))
	        ->  Bitmap Index Scan on sbtest8_pkey  (cost=0.00..245.56 rows=10913 width=0)
	              Index Cond: ((id >= 3704336) AND (id <= 3714335))

for point_selects
table 1 : explain SELECT c FROM sbtest1 WHERE id=4120473
	Index Scan using sbtest1_pkey on sbtest1  (cost=0.43..8.45 rows=1 width=121)
	  Index Cond: (id = 4120473)

table 2 : explain SELECT c FROM sbtest2 WHERE id=6650583
	Index Scan using sbtest2_pkey on sbtest2  (cost=0.43..8.45 rows=1 width=121)
	  Index Cond: (id = 6650583)

table 3 : explain SELECT c FROM sbtest3 WHERE id=7965709
	Index Scan using sbtest3_pkey on sbtest3  (cost=0.43..8.45 rows=1 width=121)
	  Index Cond: (id = 7965709)

table 4 : explain SELECT c FROM sbtest4 WHERE id=7115948
	Index Scan using sbtest4_pkey on sbtest4  (cost=0.43..8.45 rows=1 width=121)
	  Index Cond: (id = 7115948)

table 5 : explain SELECT c FROM sbtest5 WHERE id=3917972
	Index Scan using sbtest5_pkey on sbtest5  (cost=0.43..8.45 rows=1 width=121)
	  Index Cond: (id = 3917972)

table 6 : explain SELECT c FROM sbtest6 WHERE id=1443039
	Index Scan using sbtest6_pkey on sbtest6  (cost=0.43..8.45 rows=1 width=121)
	  Index Cond: (id = 1443039)

table 7 : explain SELECT c FROM sbtest7 WHERE id=8962672
	Index Scan using sbtest7_pkey on sbtest7  (cost=0.43..8.45 rows=1 width=121)
	  Index Cond: (id = 8962672)

table 8 : explain SELECT c FROM sbtest8 WHERE id=9351162
	Index Scan using sbtest8_pkey on sbtest8  (cost=0.43..8.45 rows=1 width=121)
	  Index Cond: (id = 9351162)

for: distinct_ranges
table 1 : explain SELECT DISTINCT c FROM sbtest1 WHERE id BETWEEN 8170206 AND 8180205 ORDER BY c
	Unique  (cost=32186.14..32231.74 rows=9121 width=121)
	  ->  Sort  (cost=32186.14..32208.94 rows=9121 width=121)
	        Sort Key: c
	        ->  Bitmap Heap Scan on sbtest1  (cost=197.93..31586.21 rows=9121 width=121)
	              Recheck Cond: ((id >= 8170206) AND (id <= 8180205))
	              ->  Bitmap Index Scan on sbtest1_pkey  (cost=0.00..195.65 rows=9121 width=0)
	                    Index Cond: ((id >= 8170206) AND (id <= 8180205))

table 2 : explain SELECT DISTINCT c FROM sbtest2 WHERE id BETWEEN 2361435 AND 2371434 ORDER BY c
	Unique  (cost=35190.71..35240.94 rows=10045 width=121)
	  ->  Sort  (cost=35190.71..35215.82 rows=10045 width=121)
	        Sort Key: c
	        ->  Bitmap Heap Scan on sbtest2  (cost=215.40..34523.01 rows=10045 width=121)
	              Recheck Cond: ((id >= 2361435) AND (id <= 2371434))
	              ->  Bitmap Index Scan on sbtest2_pkey  (cost=0.00..212.88 rows=10045 width=0)
	                    Index Cond: ((id >= 2361435) AND (id <= 2371434))

table 3 : explain SELECT DISTINCT c FROM sbtest3 WHERE id BETWEEN 1298850 AND 1308849 ORDER BY c
	Unique  (cost=36884.00..36936.88 rows=10576 width=121)
	  ->  Sort  (cost=36884.00..36910.44 rows=10576 width=121)
	        Sort Key: c
	        ->  Bitmap Heap Scan on sbtest3  (cost=228.84..36177.07 rows=10576 width=121)
	              Recheck Cond: ((id >= 1298850) AND (id <= 1308849))
	              ->  Bitmap Index Scan on sbtest3_pkey  (cost=0.00..226.19 rows=10576 width=0)
	                    Index Cond: ((id >= 1298850) AND (id <= 1308849))

table 4 : explain SELECT DISTINCT c FROM sbtest4 WHERE id BETWEEN 7607291 AND 7617290 ORDER BY c
	Unique  (cost=33243.93..33291.05 rows=9425 width=121)
	  ->  Sort  (cost=33243.93..33267.49 rows=9425 width=121)
	        Sort Key: c
	        ->  Bitmap Heap Scan on sbtest4  (cost=205.04..32621.77 rows=9425 width=121)
	              Recheck Cond: ((id >= 7607291) AND (id <= 7617290))
	              ->  Bitmap Index Scan on sbtest4_pkey  (cost=0.00..202.69 rows=9425 width=0)
	                    Index Cond: ((id >= 7607291) AND (id <= 7617290))

table 5 : explain SELECT DISTINCT c FROM sbtest5 WHERE id BETWEEN 5445480 AND 5455479 ORDER BY c
	Unique  (cost=34386.28..34435.17 rows=9778 width=121)
	  ->  Sort  (cost=34386.28..34410.72 rows=9778 width=121)
	        Sort Key: c
	        ->  Bitmap Heap Scan on sbtest5  (cost=212.66..33738.22 rows=9778 width=121)
	              Recheck Cond: ((id >= 5445480) AND (id <= 5455479))
	              ->  Bitmap Index Scan on sbtest5_pkey  (cost=0.00..210.22 rows=9778 width=0)
	                    Index Cond: ((id >= 5445480) AND (id <= 5455479))

table 6 : explain SELECT DISTINCT c FROM sbtest6 WHERE id BETWEEN 2503856 AND 2513855 ORDER BY c
	Unique  (cost=36189.50..36241.21 rows=10341 width=121)
	  ->  Sort  (cost=36189.50..36215.35 rows=10341 width=121)
	        Sort Key: c
	        ->  Bitmap Heap Scan on sbtest6  (cost=226.43..35499.96 rows=10341 width=121)
	              Recheck Cond: ((id >= 2503856) AND (id <= 2513855))
	              ->  Bitmap Index Scan on sbtest6_pkey  (cost=0.00..223.84 rows=10341 width=0)
	                    Index Cond: ((id >= 2503856) AND (id <= 2513855))

table 7 : explain SELECT DISTINCT c FROM sbtest7 WHERE id BETWEEN 5594474 AND 5604473 ORDER BY c
	Unique  (cost=36081.42..36132.89 rows=10294 width=121)
	  ->  Sort  (cost=36081.42..36107.16 rows=10294 width=121)
	        Sort Key: c
	        ->  Bitmap Heap Scan on sbtest7  (cost=221.95..35395.35 rows=10294 width=121)
	              Recheck Cond: ((id >= 5594474) AND (id <= 5604473))
	              ->  Bitmap Index Scan on sbtest7_pkey  (cost=0.00..219.38 rows=10294 width=0)
	                    Index Cond: ((id >= 5594474) AND (id <= 5604473))

table 8 : explain SELECT DISTINCT c FROM sbtest8 WHERE id BETWEEN 6726437 AND 6736436 ORDER BY c
	Unique  (cost=35744.52..35795.45 rows=10187 width=121)
	  ->  Sort  (cost=35744.52..35769.99 rows=10187 width=121)
	        Sort Key: c
	        ->  Bitmap Heap Scan on sbtest8  (cost=228.85..35066.35 rows=10187 width=121)
	              Recheck Cond: ((id >= 6726437) AND (id <= 6736436))
	              ->  Bitmap Index Scan on sbtest8_pkey  (cost=0.00..226.31 rows=10187 width=0)
	                    Index Cond: ((id >= 6726437) AND (id <= 6736436))

for: distinct_ranges
table 1 : explain SELECT DISTINCT c FROM sbtest1 WHERE id BETWEEN 6028140 AND 6038139 ORDER BY c
	Unique  (cost=34849.23..34898.99 rows=9951 width=121)
	  ->  Sort  (cost=34849.23..34874.11 rows=9951 width=121)
	        Sort Key: c
	        ->  Bitmap Heap Scan on sbtest1  (cost=214.43..34188.45 rows=9951 width=121)
	              Recheck Cond: ((id >= 6028140) AND (id <= 6038139))
	              ->  Bitmap Index Scan on sbtest1_pkey  (cost=0.00..211.94 rows=9951 width=0)
	                    Index Cond: ((id >= 6028140) AND (id <= 6038139))

table 2 : explain SELECT DISTINCT c FROM sbtest2 WHERE id BETWEEN 7478841 AND 7488840 ORDER BY c
	Unique  (cost=32470.00..32515.99 rows=9198 width=121)
	  ->  Sort  (cost=32470.00..32492.99 rows=9198 width=121)
	        Sort Key: c
	        ->  Bitmap Heap Scan on sbtest2  (cost=198.71..31864.44 rows=9198 width=121)
	              Recheck Cond: ((id >= 7478841) AND (id <= 7488840))
	              ->  Bitmap Index Scan on sbtest2_pkey  (cost=0.00..196.42 rows=9198 width=0)
	                    Index Cond: ((id >= 7478841) AND (id <= 7488840))

table 3 : explain SELECT DISTINCT c FROM sbtest3 WHERE id BETWEEN 2240100 AND 2250099 ORDER BY c
	Unique  (cost=35897.85..35949.17 rows=10265 width=121)
	  ->  Sort  (cost=35897.85..35923.51 rows=10265 width=121)
	        Sort Key: c
	        ->  Bitmap Heap Scan on sbtest3  (cost=221.65..35213.92 rows=10265 width=121)
	              Recheck Cond: ((id >= 2240100) AND (id <= 2250099))
	              ->  Bitmap Index Scan on sbtest3_pkey  (cost=0.00..219.09 rows=10265 width=0)
	                    Index Cond: ((id >= 2240100) AND (id <= 2250099))

table 4 : explain SELECT DISTINCT c FROM sbtest4 WHERE id BETWEEN 3531489 AND 3541488 ORDER BY c
	Unique  (cost=36103.70..36155.28 rows=10316 width=121)
	  ->  Sort  (cost=36103.70..36129.49 rows=10316 width=121)
	        Sort Key: c
	        ->  Bitmap Heap Scan on sbtest4  (cost=226.17..35416.01 rows=10316 width=121)
	              Recheck Cond: ((id >= 3531489) AND (id <= 3541488))
	              ->  Bitmap Index Scan on sbtest4_pkey  (cost=0.00..223.59 rows=10316 width=0)
	                    Index Cond: ((id >= 3531489) AND (id <= 3541488))

table 5 : explain SELECT DISTINCT c FROM sbtest5 WHERE id BETWEEN 5061160 AND 5071159 ORDER BY c
	Unique  (cost=36450.67..36502.79 rows=10425 width=121)
	  ->  Sort  (cost=36450.67..36476.73 rows=10425 width=121)
	        Sort Key: c
	        ->  Bitmap Heap Scan on sbtest5  (cost=223.29..35754.92 rows=10425 width=121)
	              Recheck Cond: ((id >= 5061160) AND (id <= 5071159))
	              ->  Bitmap Index Scan on sbtest5_pkey  (cost=0.00..220.69 rows=10425 width=0)
	                    Index Cond: ((id >= 5061160) AND (id <= 5071159))

table 6 : explain SELECT DISTINCT c FROM sbtest6 WHERE id BETWEEN 7535130 AND 7545129 ORDER BY c
	Unique  (cost=36563.43..36615.73 rows=10459 width=121)
	  ->  Sort  (cost=36563.43..36589.58 rows=10459 width=121)
	        Sort Key: c
	        ->  Bitmap Heap Scan on sbtest6  (cost=227.64..35865.16 rows=10459 width=121)
	              Recheck Cond: ((id >= 7535130) AND (id <= 7545129))
	              ->  Bitmap Index Scan on sbtest6_pkey  (cost=0.00..225.03 rows=10459 width=0)
	                    Index Cond: ((id >= 7535130) AND (id <= 7545129))

table 7 : explain SELECT DISTINCT c FROM sbtest7 WHERE id BETWEEN 8137769 AND 8147768 ORDER BY c
	Unique  (cost=35468.93..35519.44 rows=10102 width=121)
	  ->  Sort  (cost=35468.93..35494.19 rows=10102 width=121)
	        Sort Key: c
	        ->  Bitmap Heap Scan on sbtest7  (cost=219.98..34797.03 rows=10102 width=121)
	              Recheck Cond: ((id >= 8137769) AND (id <= 8147768))
	              ->  Bitmap Index Scan on sbtest7_pkey  (cost=0.00..217.45 rows=10102 width=0)
	                    Index Cond: ((id >= 8137769) AND (id <= 8147768))

table 8 : explain SELECT DISTINCT c FROM sbtest8 WHERE id BETWEEN 5757887 AND 5767886 ORDER BY c
	Unique  (cost=35263.29..35313.47 rows=10036 width=121)
	  ->  Sort  (cost=35263.29..35288.38 rows=10036 width=121)
	        Sort Key: c
	        ->  Bitmap Heap Scan on sbtest8  (cost=227.30..34596.25 rows=10036 width=121)
	              Recheck Cond: ((id >= 5757887) AND (id <= 5767886))
	              ->  Bitmap Index Scan on sbtest8_pkey  (cost=0.00..224.80 rows=10036 width=0)
	                    Index Cond: ((id >= 5757887) AND (id <= 5767886))

for: simple_ranges
table 1 : explain SELECT c FROM sbtest1 WHERE id BETWEEN 6889181 AND 6899180
	Bitmap Heap Scan on sbtest1  (cost=255.64..40528.52 rows=12020 width=121)
	  Recheck Cond: ((id >= 6889181) AND (id <= 6899180))
	  ->  Bitmap Index Scan on sbtest1_pkey  (cost=0.00..252.63 rows=12020 width=0)
	        Index Cond: ((id >= 6889181) AND (id <= 6899180))

table 2 : explain SELECT c FROM sbtest2 WHERE id BETWEEN 4639276 AND 4649275
	Bitmap Heap Scan on sbtest2  (cost=231.02..36829.46 rows=10789 width=121)
	  Recheck Cond: ((id >= 4639276) AND (id <= 4649275))
	  ->  Bitmap Index Scan on sbtest2_pkey  (cost=0.00..228.32 rows=10789 width=0)
	        Index Cond: ((id >= 4639276) AND (id <= 4649275))

table 3 : explain SELECT c FROM sbtest3 WHERE id BETWEEN 1533565 AND 1543564
	Bitmap Heap Scan on sbtest3  (cost=214.87..34369.28 rows=9994 width=121)
	  Recheck Cond: ((id >= 1533565) AND (id <= 1543564))
	  ->  Bitmap Index Scan on sbtest3_pkey  (cost=0.00..212.38 rows=9994 width=0)
	        Index Cond: ((id >= 1533565) AND (id <= 1543564))

table 4 : explain SELECT c FROM sbtest4 WHERE id BETWEEN 1654154 AND 1664153
	Bitmap Heap Scan on sbtest4  (cost=196.76..31301.33 rows=9007 width=121)
	  Recheck Cond: ((id >= 1654154) AND (id <= 1664153))
	  ->  Bitmap Index Scan on sbtest4_pkey  (cost=0.00..194.50 rows=9007 width=0)
	        Index Cond: ((id >= 1654154) AND (id <= 1664153))

table 5 : explain SELECT c FROM sbtest5 WHERE id BETWEEN 8572513 AND 8582512
	Bitmap Heap Scan on sbtest5  (cost=205.85..32874.12 rows=9504 width=121)
	  Recheck Cond: ((id >= 8572513) AND (id <= 8582512))
	  ->  Bitmap Index Scan on sbtest5_pkey  (cost=0.00..203.48 rows=9504 width=0)
	        Index Cond: ((id >= 8572513) AND (id <= 8582512))

table 6 : explain SELECT c FROM sbtest6 WHERE id BETWEEN 683715 AND 693714
	Bitmap Heap Scan on sbtest6  (cost=204.54..32472.66 rows=9376 width=121)
	  Recheck Cond: ((id >= 683715) AND (id <= 693714))
	  ->  Bitmap Index Scan on sbtest6_pkey  (cost=0.00..202.19 rows=9376 width=0)
	        Index Cond: ((id >= 683715) AND (id <= 693714))

table 7 : explain SELECT c FROM sbtest7 WHERE id BETWEEN 5980341 AND 5990340
	Bitmap Heap Scan on sbtest7  (cost=196.08..31129.31 rows=8941 width=121)
	  Recheck Cond: ((id >= 5980341) AND (id <= 5990340))
	  ->  Bitmap Index Scan on sbtest7_pkey  (cost=0.00..193.84 rows=8941 width=0)
	        Index Cond: ((id >= 5980341) AND (id <= 5990340))

table 8 : explain SELECT c FROM sbtest8 WHERE id BETWEEN 4300976 AND 4310975
	Bitmap Heap Scan on sbtest8  (cost=205.44..31559.47 rows=9074 width=121)
	  Recheck Cond: ((id >= 4300976) AND (id <= 4310975))
	  ->  Bitmap Index Scan on sbtest8_pkey  (cost=0.00..203.18 rows=9074 width=0)
	        Index Cond: ((id >= 4300976) AND (id <= 4310975))

for: simple_ranges
table 1 : explain SELECT c FROM sbtest1 WHERE id BETWEEN 6995824 AND 7005823
	Bitmap Heap Scan on sbtest1  (cost=222.02..35274.98 rows=10301 width=121)
	  Recheck Cond: ((id >= 6995824) AND (id <= 7005823))
	  ->  Bitmap Index Scan on sbtest1_pkey  (cost=0.00..219.44 rows=10301 width=0)
	        Index Cond: ((id >= 6995824) AND (id <= 7005823))

table 2 : explain SELECT c FROM sbtest2 WHERE id BETWEEN 7525016 AND 7535015
	Bitmap Heap Scan on sbtest2  (cost=198.71..31864.44 rows=9198 width=121)
	  Recheck Cond: ((id >= 7525016) AND (id <= 7535015))
	  ->  Bitmap Index Scan on sbtest2_pkey  (cost=0.00..196.42 rows=9198 width=0)
	        Index Cond: ((id >= 7525016) AND (id <= 7535015))

table 3 : explain SELECT c FROM sbtest3 WHERE id BETWEEN 5075930 AND 5085929
	Bitmap Heap Scan on sbtest3  (cost=212.85..33754.67 rows=9797 width=121)
	  Recheck Cond: ((id >= 5075930) AND (id <= 5085929))
	  ->  Bitmap Index Scan on sbtest3_pkey  (cost=0.00..210.41 rows=9797 width=0)
	        Index Cond: ((id >= 5075930) AND (id <= 5085929))

table 4 : explain SELECT c FROM sbtest4 WHERE id BETWEEN 2874530 AND 2884529
	Bitmap Heap Scan on sbtest4  (cost=218.16..34193.91 rows=9924 width=121)
	  Recheck Cond: ((id >= 2874530) AND (id <= 2884529))
	  ->  Bitmap Index Scan on sbtest4_pkey  (cost=0.00..215.68 rows=9924 width=0)
	        Index Cond: ((id >= 2874530) AND (id <= 2884529))

table 5 : explain SELECT c FROM sbtest5 WHERE id BETWEEN 8400014 AND 8410013
	Bitmap Heap Scan on sbtest5  (cost=215.77..34682.26 rows=10081 width=121)
	  Recheck Cond: ((id >= 8400014) AND (id <= 8410013))
	  ->  Bitmap Index Scan on sbtest5_pkey  (cost=0.00..213.25 rows=10081 width=0)
	        Index Cond: ((id >= 8400014) AND (id <= 8410013))

table 6 : explain SELECT c FROM sbtest6 WHERE id BETWEEN 8834948 AND 8844947
	Bitmap Heap Scan on sbtest6  (cost=203.49..32151.26 rows=9274 width=121)
	  Recheck Cond: ((id >= 8834948) AND (id <= 8844947))
	  ->  Bitmap Index Scan on sbtest6_pkey  (cost=0.00..201.18 rows=9274 width=0)
	        Index Cond: ((id >= 8834948) AND (id <= 8844947))

table 7 : explain SELECT c FROM sbtest7 WHERE id BETWEEN 4354316 AND 4364315
	Bitmap Heap Scan on sbtest7  (cost=211.79..33511.28 rows=9693 width=121)
	  Recheck Cond: ((id >= 4354316) AND (id <= 4364315))
	  ->  Bitmap Index Scan on sbtest7_pkey  (cost=0.00..209.37 rows=9693 width=0)
	        Index Cond: ((id >= 4354316) AND (id <= 4364315))

table 8 : explain SELECT c FROM sbtest8 WHERE id BETWEEN 1530576 AND 1540575
	Bitmap Heap Scan on sbtest8  (cost=219.72..33494.18 rows=9686 width=121)
	  Recheck Cond: ((id >= 1530576) AND (id <= 1540575))
	  ->  Bitmap Index Scan on sbtest8_pkey  (cost=0.00..217.30 rows=9686 width=0)
	        Index Cond: ((id >= 1530576) AND (id <= 1540575))

for: simple_ranges
table 1 : explain SELECT c FROM sbtest1 WHERE id BETWEEN 5809011 AND 5819010
	Bitmap Heap Scan on sbtest1  (cost=237.08..37399.21 rows=10990 width=121)
	  Recheck Cond: ((id >= 5809011) AND (id <= 5819010))
	  ->  Bitmap Index Scan on sbtest1_pkey  (cost=0.00..234.34 rows=10990 width=0)
	        Index Cond: ((id >= 5809011) AND (id <= 5819010))

table 2 : explain SELECT c FROM sbtest2 WHERE id BETWEEN 1745666 AND 1755665
	Bitmap Heap Scan on sbtest2  (cost=191.85..30979.24 rows=8919 width=121)
	  Recheck Cond: ((id >= 1745666) AND (id <= 1755665))
	  ->  Bitmap Index Scan on sbtest2_pkey  (cost=0.00..189.62 rows=8919 width=0)
	        Index Cond: ((id >= 1745666) AND (id <= 1755665))

table 3 : explain SELECT c FROM sbtest3 WHERE id BETWEEN 7228940 AND 7238939
	Bitmap Heap Scan on sbtest3  (cost=215.60..34587.75 rows=10065 width=121)
	  Recheck Cond: ((id >= 7228940) AND (id <= 7238939))
	  ->  Bitmap Index Scan on sbtest3_pkey  (cost=0.00..213.09 rows=10065 width=0)
	        Index Cond: ((id >= 7228940) AND (id <= 7238939))

table 4 : explain SELECT c FROM sbtest4 WHERE id BETWEEN 6139504 AND 6149503
	Bitmap Heap Scan on sbtest4  (cost=241.94..37760.32 rows=11074 width=121)
	  Recheck Cond: ((id >= 6139504) AND (id <= 6149503))
	  ->  Bitmap Index Scan on sbtest4_pkey  (cost=0.00..239.18 rows=11074 width=0)
	        Index Cond: ((id >= 6139504) AND (id <= 6149503))

table 5 : explain SELECT c FROM sbtest5 WHERE id BETWEEN 7826300 AND 7836299
	Bitmap Heap Scan on sbtest5  (cost=200.26..32383.78 rows=9349 width=121)
	  Recheck Cond: ((id >= 7826300) AND (id <= 7836299))
	  ->  Bitmap Index Scan on sbtest5_pkey  (cost=0.00..197.93 rows=9349 width=0)
	        Index Cond: ((id >= 7826300) AND (id <= 7836299))

table 6 : explain SELECT c FROM sbtest6 WHERE id BETWEEN 953735 AND 963734
	Bitmap Heap Scan on sbtest6  (cost=219.21..34519.53 rows=10027 width=121)
	  Recheck Cond: ((id >= 953735) AND (id <= 963734))
	  ->  Bitmap Index Scan on sbtest6_pkey  (cost=0.00..216.70 rows=10027 width=0)
	        Index Cond: ((id >= 953735) AND (id <= 963734))

table 7 : explain SELECT c FROM sbtest7 WHERE id BETWEEN 1660578 AND 1670577
	Bitmap Heap Scan on sbtest7  (cost=219.13..34536.05 rows=10019 width=121)
	  Recheck Cond: ((id >= 1660578) AND (id <= 1670577))
	  ->  Bitmap Index Scan on sbtest7_pkey  (cost=0.00..216.62 rows=10019 width=0)
	        Index Cond: ((id >= 1660578) AND (id <= 1670577))

table 8 : explain SELECT c FROM sbtest8 WHERE id BETWEEN 5601063 AND 5611062
	Bitmap Heap Scan on sbtest8  (cost=220.32..33681.82 rows=9745 width=121)
	  Recheck Cond: ((id >= 5601063) AND (id <= 5611062))
	  ->  Bitmap Index Scan on sbtest8_pkey  (cost=0.00..217.88 rows=9745 width=0)
	        Index Cond: ((id >= 5601063) AND (id <= 5611062))

for: order_ranges
table 1 : explain SELECT c FROM sbtest1 WHERE id BETWEEN 8748914 AND 8758913 ORDER BY c
	Sort  (cost=33818.11..33842.18 rows=9629 width=121)
	  Sort Key: c
	  ->  Bitmap Heap Scan on sbtest1  (cost=207.13..33181.00 rows=9629 width=121)
	        Recheck Cond: ((id >= 8748914) AND (id <= 8758913))
	        ->  Bitmap Index Scan on sbtest1_pkey  (cost=0.00..204.73 rows=9629 width=0)
	              Index Cond: ((id >= 8748914) AND (id <= 8758913))

table 2 : explain SELECT c FROM sbtest2 WHERE id BETWEEN 833706 AND 843705 ORDER BY c
	Sort  (cost=32798.58..32821.83 rows=9300 width=121)
	  Sort Key: c
	  ->  Bitmap Heap Scan on sbtest2  (cost=199.76..32185.57 rows=9300 width=121)
	        Recheck Cond: ((id >= 833706) AND (id <= 843705))
	        ->  Bitmap Index Scan on sbtest2_pkey  (cost=0.00..197.44 rows=9300 width=0)
	              Index Cond: ((id >= 833706) AND (id <= 843705))

table 3 : explain SELECT c FROM sbtest3 WHERE id BETWEEN 9070726 AND 9080725 ORDER BY c
	Sort  (cost=32400.14..32423.07 rows=9175 width=121)
	  Sort Key: c
	  ->  Bitmap Heap Scan on sbtest3  (cost=198.48..31796.26 rows=9175 width=121)
	        Recheck Cond: ((id >= 9070726) AND (id <= 9080725))
	        ->  Bitmap Index Scan on sbtest3_pkey  (cost=0.00..196.19 rows=9175 width=0)
	              Index Cond: ((id >= 9070726) AND (id <= 9080725))

table 4 : explain SELECT c FROM sbtest4 WHERE id BETWEEN 5187493 AND 5197492 ORDER BY c
	Sort  (cost=34816.46..34841.24 rows=9913 width=121)
	  Sort Key: c
	  ->  Bitmap Heap Scan on sbtest4  (cost=218.04..34158.48 rows=9913 width=121)
	        Recheck Cond: ((id >= 5187493) AND (id <= 5197492))
	        ->  Bitmap Index Scan on sbtest4_pkey  (cost=0.00..215.56 rows=9913 width=0)
	              Index Cond: ((id >= 5187493) AND (id <= 5197492))

table 5 : explain SELECT c FROM sbtest5 WHERE id BETWEEN 1310275 AND 1320274 ORDER BY c
	Sort  (cost=32445.24..32468.18 rows=9177 width=121)
	  Sort Key: c
	  ->  Bitmap Heap Scan on sbtest5  (cost=198.50..31841.22 rows=9177 width=121)
	        Recheck Cond: ((id >= 1310275) AND (id <= 1320274))
	        ->  Bitmap Index Scan on sbtest5_pkey  (cost=0.00..196.20 rows=9177 width=0)
	              Index Cond: ((id >= 1310275) AND (id <= 1320274))

table 6 : explain SELECT c FROM sbtest6 WHERE id BETWEEN 2361876 AND 2371875 ORDER BY c
	Sort  (cost=37824.02..37851.16 rows=10856 width=121)
	  Sort Key: c
	  ->  Bitmap Heap Scan on sbtest6  (cost=239.71..37096.34 rows=10856 width=121)
	        Recheck Cond: ((id >= 2361876) AND (id <= 2371875))
	        ->  Bitmap Index Scan on sbtest6_pkey  (cost=0.00..237.00 rows=10856 width=0)
	              Index Cond: ((id >= 2361876) AND (id <= 2371875))

table 7 : explain SELECT c FROM sbtest7 WHERE id BETWEEN 1222220 AND 1232219 ORDER BY c
	Sort  (cost=35837.95..35863.49 rows=10218 width=121)
	  Sort Key: c
	  ->  Bitmap Heap Scan on sbtest7  (cost=221.17..35157.49 rows=10218 width=121)
	        Recheck Cond: ((id >= 1222220) AND (id <= 1232219))
	        ->  Bitmap Index Scan on sbtest7_pkey  (cost=0.00..218.62 rows=10218 width=0)
	              Index Cond: ((id >= 1222220) AND (id <= 1232219))

table 8 : explain SELECT c FROM sbtest8 WHERE id BETWEEN 2364932 AND 2374931 ORDER BY c
	Sort  (cost=36839.65..36865.98 rows=10530 width=121)
	  Sort Key: c
	  ->  Bitmap Heap Scan on sbtest8  (cost=236.37..36136.13 rows=10530 width=121)
	        Recheck Cond: ((id >= 2364932) AND (id <= 2374931))
	        ->  Bitmap Index Scan on sbtest8_pkey  (cost=0.00..233.74 rows=10530 width=0)
	              Index Cond: ((id >= 2364932) AND (id <= 2374931))

for point_selects
table 1 : explain SELECT c FROM sbtest1 WHERE id=2111019
	Index Scan using sbtest1_pkey on sbtest1  (cost=0.43..8.45 rows=1 width=121)
	  Index Cond: (id = 2111019)

table 2 : explain SELECT c FROM sbtest2 WHERE id=2548413
	Index Scan using sbtest2_pkey on sbtest2  (cost=0.43..8.45 rows=1 width=121)
	  Index Cond: (id = 2548413)

table 3 : explain SELECT c FROM sbtest3 WHERE id=8041861
	Index Scan using sbtest3_pkey on sbtest3  (cost=0.43..8.45 rows=1 width=121)
	  Index Cond: (id = 8041861)

table 4 : explain SELECT c FROM sbtest4 WHERE id=1783925
	Index Scan using sbtest4_pkey on sbtest4  (cost=0.43..8.45 rows=1 width=121)
	  Index Cond: (id = 1783925)

table 5 : explain SELECT c FROM sbtest5 WHERE id=7045193
	Index Scan using sbtest5_pkey on sbtest5  (cost=0.43..8.45 rows=1 width=121)
	  Index Cond: (id = 7045193)

table 6 : explain SELECT c FROM sbtest6 WHERE id=9539823
	Index Scan using sbtest6_pkey on sbtest6  (cost=0.43..8.45 rows=1 width=121)
	  Index Cond: (id = 9539823)

table 7 : explain SELECT c FROM sbtest7 WHERE id=283932
	Index Scan using sbtest7_pkey on sbtest7  (cost=0.43..8.45 rows=1 width=121)
	  Index Cond: (id = 283932)

table 8 : explain SELECT c FROM sbtest8 WHERE id=2536799
	Index Scan using sbtest8_pkey on sbtest8  (cost=0.43..8.45 rows=1 width=121)
	  Index Cond: (id = 2536799)

for: sum_ranges
table 1 : explain SELECT SUM(k) FROM sbtest1 WHERE id BETWEEN 930660 AND 940659
	Aggregate  (cost=32254.22..32254.23 rows=1 width=8)
	  ->  Bitmap Heap Scan on sbtest1  (cost=200.04..32230.90 rows=9327 width=4)
	        Recheck Cond: ((id >= 930660) AND (id <= 940659))
	        ->  Bitmap Index Scan on sbtest1_pkey  (cost=0.00..197.70 rows=9327 width=0)
	              Index Cond: ((id >= 930660) AND (id <= 940659))

table 2 : explain SELECT SUM(k) FROM sbtest2 WHERE id BETWEEN 1117859 AND 1127858
	Aggregate  (cost=34467.76..34467.77 rows=1 width=8)
	  ->  Bitmap Heap Scan on sbtest2  (cost=215.13..34442.71 rows=10019 width=4)
	        Recheck Cond: ((id >= 1117859) AND (id <= 1127858))
	        ->  Bitmap Index Scan on sbtest2_pkey  (cost=0.00..212.62 rows=10019 width=0)
	              Index Cond: ((id >= 1117859) AND (id <= 1127858))

table 3 : explain SELECT SUM(k) FROM sbtest3 WHERE id BETWEEN 4015798 AND 4025797
	Aggregate  (cost=32413.22..32413.23 rows=1 width=8)
	  ->  Bitmap Heap Scan on sbtest3  (cost=200.42..32389.81 rows=9364 width=4)
	        Recheck Cond: ((id >= 4015798) AND (id <= 4025797))
	        ->  Bitmap Index Scan on sbtest3_pkey  (cost=0.00..198.07 rows=9364 width=0)
	              Index Cond: ((id >= 4015798) AND (id <= 4025797))

table 4 : explain SELECT SUM(k) FROM sbtest4 WHERE id BETWEEN 9989789 AND 9999788
	Aggregate  (cost=34428.21..34428.22 rows=1 width=8)
	  ->  Bitmap Heap Scan on sbtest4  (cost=218.84..34403.23 rows=9991 width=4)
	        Recheck Cond: ((id >= 9989789) AND (id <= 9999788))
	        ->  Bitmap Index Scan on sbtest4_pkey  (cost=0.00..216.34 rows=9991 width=0)
	              Index Cond: ((id >= 9989789) AND (id <= 9999788))

table 5 : explain SELECT SUM(k) FROM sbtest5 WHERE id BETWEEN 3112624 AND 3122623
	Aggregate  (cost=35062.02..35062.03 rows=1 width=8)
	  ->  Bitmap Heap Scan on sbtest5  (cost=220.91..35036.54 rows=10193 width=4)
	        Recheck Cond: ((id >= 3112624) AND (id <= 3122623))
	        ->  Bitmap Index Scan on sbtest5_pkey  (cost=0.00..218.37 rows=10193 width=0)
	              Index Cond: ((id >= 3112624) AND (id <= 3122623))

table 6 : explain SELECT SUM(k) FROM sbtest6 WHERE id BETWEEN 7267787 AND 7277786
	Aggregate  (cost=34938.00..34938.01 rows=1 width=8)
	  ->  Bitmap Heap Scan on sbtest6  (cost=224.49..34912.62 rows=10152 width=4)
	        Recheck Cond: ((id >= 7267787) AND (id <= 7277786))
	        ->  Bitmap Index Scan on sbtest6_pkey  (cost=0.00..221.95 rows=10152 width=0)
	              Index Cond: ((id >= 7267787) AND (id <= 7277786))

table 7 : explain SELECT SUM(k) FROM sbtest7 WHERE id BETWEEN 8318693 AND 8328692
	Aggregate  (cost=37035.17..37035.18 rows=1 width=8)
	  ->  Bitmap Heap Scan on sbtest7  (cost=235.27..37008.14 rows=10813 width=4)
	        Recheck Cond: ((id >= 8318693) AND (id <= 8328692))
	        ->  Bitmap Index Scan on sbtest7_pkey  (cost=0.00..232.56 rows=10813 width=0)
	              Index Cond: ((id >= 8318693) AND (id <= 8328692))

table 8 : explain SELECT SUM(k) FROM sbtest8 WHERE id BETWEEN 4736891 AND 4746890
	Aggregate  (cost=35101.47..35101.48 rows=1 width=8)
	  ->  Bitmap Heap Scan on sbtest8  (cost=228.88..35076.00 rows=10190 width=4)
	        Recheck Cond: ((id >= 4736891) AND (id <= 4746890))
	        ->  Bitmap Index Scan on sbtest8_pkey  (cost=0.00..226.34 rows=10190 width=0)
	              Index Cond: ((id >= 4736891) AND (id <= 4746890))

for: distinct_ranges
table 1 : explain SELECT DISTINCT c FROM sbtest1 WHERE id BETWEEN 5564460 AND 5574459 ORDER BY c
	Unique  (cost=33176.74..33223.89 rows=9430 width=121)
	  ->  Sort  (cost=33176.74..33200.31 rows=9430 width=121)
	        Sort Key: c
	        ->  Bitmap Heap Scan on sbtest1  (cost=201.09..32554.21 rows=9430 width=121)
	              Recheck Cond: ((id >= 5564460) AND (id <= 5574459))
	              ->  Bitmap Index Scan on sbtest1_pkey  (cost=0.00..198.74 rows=9430 width=0)
	                    Index Cond: ((id >= 5564460) AND (id <= 5574459))

table 2 : explain SELECT DISTINCT c FROM sbtest2 WHERE id BETWEEN 4767920 AND 4777919 ORDER BY c
	Unique  (cost=32260.68..32306.34 rows=9133 width=121)
	  ->  Sort  (cost=32260.68..32283.51 rows=9133 width=121)
	        Sort Key: c
	        ->  Bitmap Heap Scan on sbtest2  (cost=198.05..31659.87 rows=9133 width=121)
	              Recheck Cond: ((id >= 4767920) AND (id <= 4777919))
	              ->  Bitmap Index Scan on sbtest2_pkey  (cost=0.00..195.76 rows=9133 width=0)
	                    Index Cond: ((id >= 4767920) AND (id <= 4777919))

table 3 : explain SELECT DISTINCT c FROM sbtest3 WHERE id BETWEEN 5165451 AND 5175450 ORDER BY c
	Unique  (cost=37314.93..37368.49 rows=10712 width=121)
	  ->  Sort  (cost=37314.93..37341.71 rows=10712 width=121)
	        Sort Key: c
	        ->  Bitmap Heap Scan on sbtest3  (cost=230.23..36597.93 rows=10712 width=121)
	              Recheck Cond: ((id >= 5165451) AND (id <= 5175450))
	              ->  Bitmap Index Scan on sbtest3_pkey  (cost=0.00..227.56 rows=10712 width=0)
	                    Index Cond: ((id >= 5165451) AND (id <= 5175450))

table 4 : explain SELECT DISTINCT c FROM sbtest4 WHERE id BETWEEN 8573669 AND 8583668 ORDER BY c
	Unique  (cost=34350.28..34399.12 rows=9768 width=121)
	  ->  Sort  (cost=34350.28..34374.70 rows=9768 width=121)
	        Sort Key: c
	        ->  Bitmap Heap Scan on sbtest4  (cost=212.56..33702.96 rows=9768 width=121)
	              Recheck Cond: ((id >= 8573669) AND (id <= 8583668))
	              ->  Bitmap Index Scan on sbtest4_pkey  (cost=0.00..210.12 rows=9768 width=0)
	                    Index Cond: ((id >= 8573669) AND (id <= 8583668))

table 5 : explain SELECT DISTINCT c FROM sbtest5 WHERE id BETWEEN 2117728 AND 2127727 ORDER BY c
	Unique  (cost=37865.03..37919.38 rows=10870 width=121)
	  ->  Sort  (cost=37865.03..37892.20 rows=10870 width=121)
	        Sort Key: c
	        ->  Bitmap Heap Scan on sbtest5  (cost=235.85..37136.30 rows=10870 width=121)
	              Recheck Cond: ((id >= 2117728) AND (id <= 2127727))
	              ->  Bitmap Index Scan on sbtest5_pkey  (cost=0.00..233.13 rows=10870 width=0)
	                    Index Cond: ((id >= 2117728) AND (id <= 2127727))

table 6 : explain SELECT DISTINCT c FROM sbtest6 WHERE id BETWEEN 4400095 AND 4410094 ORDER BY c
	Unique  (cost=35245.23..35295.46 rows=10046 width=121)
	  ->  Sort  (cost=35245.23..35270.35 rows=10046 width=121)
	        Sort Key: c
	        ->  Bitmap Heap Scan on sbtest6  (cost=219.41..34577.46 rows=10046 width=121)
	              Recheck Cond: ((id >= 4400095) AND (id <= 4410094))
	              ->  Bitmap Index Scan on sbtest6_pkey  (cost=0.00..216.90 rows=10046 width=0)
	                    Index Cond: ((id >= 4400095) AND (id <= 4410094))

table 7 : explain SELECT DISTINCT c FROM sbtest7 WHERE id BETWEEN 3755487 AND 3765486 ORDER BY c
	Unique  (cost=35406.35..35456.77 rows=10083 width=121)
	  ->  Sort  (cost=35406.35..35431.56 rows=10083 width=121)
	        Sort Key: c
	        ->  Bitmap Heap Scan on sbtest7  (cost=219.79..34735.85 rows=10083 width=121)
	              Recheck Cond: ((id >= 3755487) AND (id <= 3765486))
	              ->  Bitmap Index Scan on sbtest7_pkey  (cost=0.00..217.26 rows=10083 width=0)
	                    Index Cond: ((id >= 3755487) AND (id <= 3765486))

table 8 : explain SELECT DISTINCT c FROM sbtest8 WHERE id BETWEEN 1017892 AND 1027891 ORDER BY c
	Unique  (cost=31356.76..31400.91 rows=8830 width=121)
	  ->  Sort  (cost=31356.76..31378.83 rows=8830 width=121)
	        Sort Key: c
	        ->  Bitmap Heap Scan on sbtest8  (cost=198.94..30778.03 rows=8830 width=121)
	              Recheck Cond: ((id >= 1017892) AND (id <= 1027891))
	              ->  Bitmap Index Scan on sbtest8_pkey  (cost=0.00..196.74 rows=8830 width=0)
	                    Index Cond: ((id >= 1017892) AND (id <= 1027891))

explain: for point_selects :: explain SELECT c FROM sbtest%u WHERE id=%u
for: order_ranges
table 1 : explain SELECT c FROM sbtest1 WHERE id BETWEEN 685367 AND 695366 ORDER BY c
	Sort  (cost=36487.91..36514.08 rows=10468 width=121)
	  Sort Key: c
	  ->  Bitmap Heap Scan on sbtest1  (cost=223.73..35788.98 rows=10468 width=121)
	        Recheck Cond: ((id >= 685367) AND (id <= 695366))
	        ->  Bitmap Index Scan on sbtest1_pkey  (cost=0.00..221.12 rows=10468 width=0)
	              Index Cond: ((id >= 685367) AND (id <= 695366))

table 2 : explain SELECT c FROM sbtest2 WHERE id BETWEEN 4705688 AND 4715687 ORDER BY c
	Sort  (cost=36810.62..36837.00 rows=10555 width=121)
	  Sort Key: c
	  ->  Bitmap Heap Scan on sbtest2  (cost=224.62..36105.24 rows=10555 width=121)
	        Recheck Cond: ((id >= 4705688) AND (id <= 4715687))
	        ->  Bitmap Index Scan on sbtest2_pkey  (cost=0.00..221.99 rows=10555 width=0)
	              Index Cond: ((id >= 4705688) AND (id <= 4715687))

table 3 : explain SELECT c FROM sbtest3 WHERE id BETWEEN 235430 AND 245429 ORDER BY c
	Sort  (cost=33233.51..33257.09 rows=9433 width=121)
	  Sort Key: c
	  ->  Bitmap Heap Scan on sbtest3  (cost=205.12..32610.76 rows=9433 width=121)
	        Recheck Cond: ((id >= 235430) AND (id <= 245429))
	        ->  Bitmap Index Scan on sbtest3_pkey  (cost=0.00..202.76 rows=9433 width=0)
	              Index Cond: ((id >= 235430) AND (id <= 245429))

table 4 : explain SELECT c FROM sbtest4 WHERE id BETWEEN 7461365 AND 7471364 ORDER BY c
	Sort  (cost=35037.33..35062.28 rows=9982 width=121)
	  Sort Key: c
	  ->  Bitmap Heap Scan on sbtest4  (cost=218.75..34374.27 rows=9982 width=121)
	        Recheck Cond: ((id >= 7461365) AND (id <= 7471364))
	        ->  Bitmap Index Scan on sbtest4_pkey  (cost=0.00..216.25 rows=9982 width=0)
	              Index Cond: ((id >= 7461365) AND (id <= 7471364))

table 5 : explain SELECT c FROM sbtest5 WHERE id BETWEEN 4376958 AND 4386957 ORDER BY c
	Sort  (cost=34868.23..34893.05 rows=9929 width=121)
	  Sort Key: c
	  ->  Bitmap Heap Scan on sbtest5  (cost=214.21..34209.07 rows=9929 width=121)
	        Recheck Cond: ((id >= 4376958) AND (id <= 4386957))
	        ->  Bitmap Index Scan on sbtest5_pkey  (cost=0.00..211.73 rows=9929 width=0)
	              Index Cond: ((id >= 4376958) AND (id <= 4386957))

table 6 : explain SELECT c FROM sbtest6 WHERE id BETWEEN 9603971 AND 9613970 ORDER BY c
	Sort  (cost=33271.16..33294.73 rows=9431 width=121)
	  Sort Key: c
	  ->  Bitmap Heap Scan on sbtest6  (cost=209.10..32648.56 rows=9431 width=121)
	        Recheck Cond: ((id >= 9603971) AND (id <= 9613970))
	        ->  Bitmap Index Scan on sbtest6_pkey  (cost=0.00..206.75 rows=9431 width=0)
	              Index Cond: ((id >= 9603971) AND (id <= 9613970))

table 7 : explain SELECT c FROM sbtest7 WHERE id BETWEEN 5134776 AND 5144775 ORDER BY c
	Sort  (cost=35482.11..35507.37 rows=10106 width=121)
	  Sort Key: c
	  ->  Bitmap Heap Scan on sbtest7  (cost=220.02..34809.91 rows=10106 width=121)
	        Recheck Cond: ((id >= 5134776) AND (id <= 5144775))
	        ->  Bitmap Index Scan on sbtest7_pkey  (cost=0.00..217.50 rows=10106 width=0)
	              Index Cond: ((id >= 5134776) AND (id <= 5144775))

table 8 : explain SELECT c FROM sbtest8 WHERE id BETWEEN 9265614 AND 9275613 ORDER BY c
	Sort  (cost=32326.14..32348.96 rows=9127 width=121)
	  Sort Key: c
	  ->  Bitmap Heap Scan on sbtest8  (cost=205.99..31725.77 rows=9127 width=121)
	        Recheck Cond: ((id >= 9265614) AND (id <= 9275613))
	        ->  Bitmap Index Scan on sbtest8_pkey  (cost=0.00..203.70 rows=9127 width=0)
	              Index Cond: ((id >= 9265614) AND (id <= 9275613))

for: order_ranges
table 1 : explain SELECT c FROM sbtest1 WHERE id BETWEEN 561670 AND 571669 ORDER BY c
	Sort  (cost=37359.16..37386.02 rows=10743 width=121)
	  Sort Key: c
	  ->  Bitmap Heap Scan on sbtest1  (cost=230.55..36639.86 rows=10743 width=121)
	        Recheck Cond: ((id >= 561670) AND (id <= 571669))
	        ->  Bitmap Index Scan on sbtest1_pkey  (cost=0.00..227.87 rows=10743 width=0)
	              Index Cond: ((id >= 561670) AND (id <= 571669))

table 2 : explain SELECT c FROM sbtest2 WHERE id BETWEEN 3180753 AND 3190752 ORDER BY c
	Sort  (cost=35447.05..35472.37 rows=10126 width=121)
	  Sort Key: c
	  ->  Bitmap Heap Scan on sbtest2  (cost=216.23..34773.38 rows=10126 width=121)
	        Recheck Cond: ((id >= 3180753) AND (id <= 3190752))
	        ->  Bitmap Index Scan on sbtest2_pkey  (cost=0.00..213.69 rows=10126 width=0)
	              Index Cond: ((id >= 3180753) AND (id <= 3190752))

table 3 : explain SELECT c FROM sbtest3 WHERE id BETWEEN 1976347 AND 1986346 ORDER BY c
	Sort  (cost=34463.51..34488.05 rows=9816 width=121)
	  Sort Key: c
	  ->  Bitmap Heap Scan on sbtest3  (cost=213.05..33812.67 rows=9816 width=121)
	        Recheck Cond: ((id >= 1976347) AND (id <= 1986346))
	        ->  Bitmap Index Scan on sbtest3_pkey  (cost=0.00..210.59 rows=9816 width=0)
	              Index Cond: ((id >= 1976347) AND (id <= 1986346))

table 4 : explain SELECT c FROM sbtest4 WHERE id BETWEEN 8034561 AND 8044560 ORDER BY c
	Sort  (cost=32009.61..32032.22 rows=9043 width=121)
	  Sort Key: c
	  ->  Bitmap Heap Scan on sbtest4  (cost=197.13..31415.37 rows=9043 width=121)
	        Recheck Cond: ((id >= 8034561) AND (id <= 8044560))
	        ->  Bitmap Index Scan on sbtest4_pkey  (cost=0.00..194.87 rows=9043 width=0)
	              Index Cond: ((id >= 8034561) AND (id <= 8044560))

table 5 : explain SELECT c FROM sbtest5 WHERE id BETWEEN 3888831 AND 3898830 ORDER BY c
	Sort  (cost=36352.28..36378.27 rows=10394 width=121)
	  Sort Key: c
	  ->  Bitmap Heap Scan on sbtest5  (cost=222.97..35658.82 rows=10394 width=121)
	        Recheck Cond: ((id >= 3888831) AND (id <= 3898830))
	        ->  Bitmap Index Scan on sbtest5_pkey  (cost=0.00..220.38 rows=10394 width=0)
	              Index Cond: ((id >= 3888831) AND (id <= 3898830))

table 6 : explain SELECT c FROM sbtest6 WHERE id BETWEEN 7539602 AND 7549601 ORDER BY c
	Sort  (cost=36563.43..36589.58 rows=10459 width=121)
	  Sort Key: c
	  ->  Bitmap Heap Scan on sbtest6  (cost=227.64..35865.16 rows=10459 width=121)
	        Recheck Cond: ((id >= 7539602) AND (id <= 7549601))
	        ->  Bitmap Index Scan on sbtest6_pkey  (cost=0.00..225.03 rows=10459 width=0)
	              Index Cond: ((id >= 7539602) AND (id <= 7549601))

table 7 : explain SELECT c FROM sbtest7 WHERE id BETWEEN 6652414 AND 6662413 ORDER BY c
	Sort  (cost=36762.22..36788.49 rows=10507 width=121)
	  Sort Key: c
	  ->  Bitmap Heap Scan on sbtest7  (cost=228.13..36060.40 rows=10507 width=121)
	        Recheck Cond: ((id >= 6652414) AND (id <= 6662413))
	        ->  Bitmap Index Scan on sbtest7_pkey  (cost=0.00..225.50 rows=10507 width=0)
	              Index Cond: ((id >= 6652414) AND (id <= 6662413))

table 8 : explain SELECT c FROM sbtest8 WHERE id BETWEEN 9187297 AND 9197296 ORDER BY c
	Sort  (cost=36057.88..36083.59 rows=10284 width=121)
	  Sort Key: c
	  ->  Bitmap Heap Scan on sbtest8  (cost=233.85..35372.55 rows=10284 width=121)
	        Recheck Cond: ((id >= 9187297) AND (id <= 9197296))
	        ->  Bitmap Index Scan on sbtest8_pkey  (cost=0.00..231.28 rows=10284 width=0)
	              Index Cond: ((id >= 9187297) AND (id <= 9197296))

for: distinct_ranges
table 1 : explain SELECT DISTINCT c FROM sbtest1 WHERE id BETWEEN 4352437 AND 4362436 ORDER BY c
	Unique  (cost=31886.64..31931.79 rows=9030 width=121)
	  ->  Sort  (cost=31886.64..31909.22 rows=9030 width=121)
	        Sort Key: c
	        ->  Bitmap Heap Scan on sbtest1  (cost=192.99..31293.35 rows=9030 width=121)
	              Recheck Cond: ((id >= 4352437) AND (id <= 4362436))
	              ->  Bitmap Index Scan on sbtest1_pkey  (cost=0.00..190.74 rows=9030 width=0)
	                    Index Cond: ((id >= 4352437) AND (id <= 4362436))

table 2 : explain SELECT DISTINCT c FROM sbtest2 WHERE id BETWEEN 3915764 AND 3925763 ORDER BY c
	Unique  (cost=37317.47..37371.05 rows=10715 width=121)
	  ->  Sort  (cost=37317.47..37344.26 rows=10715 width=121)
	        Sort Key: c
	        ->  Bitmap Heap Scan on sbtest2  (cost=230.26..36600.24 rows=10715 width=121)
	              Recheck Cond: ((id >= 3915764) AND (id <= 3925763))
	              ->  Bitmap Index Scan on sbtest2_pkey  (cost=0.00..227.59 rows=10715 width=0)
	                    Index Cond: ((id >= 3915764) AND (id <= 3925763))

table 3 : explain SELECT DISTINCT c FROM sbtest3 WHERE id BETWEEN 7984276 AND 7994275 ORDER BY c
	Unique  (cost=34285.39..34334.19 rows=9760 width=121)
	  ->  Sort  (cost=34285.39..34309.79 rows=9760 width=121)
	        Sort Key: c
	        ->  Bitmap Heap Scan on sbtest3  (cost=212.48..33638.66 rows=9760 width=121)
	              Recheck Cond: ((id >= 7984276) AND (id <= 7994275))
	              ->  Bitmap Index Scan on sbtest3_pkey  (cost=0.00..210.04 rows=9760 width=0)
	                    Index Cond: ((id >= 7984276) AND (id <= 7994275))

table 4 : explain SELECT DISTINCT c FROM sbtest4 WHERE id BETWEEN 5320579 AND 5330578 ORDER BY c
	Unique  (cost=36855.14..36907.90 rows=10552 width=121)
	  ->  Sort  (cost=36855.14..36881.52 rows=10552 width=121)
	        Sort Key: c
	        ->  Bitmap Heap Scan on sbtest4  (cost=232.59..36149.99 rows=10552 width=121)
	              Recheck Cond: ((id >= 5320579) AND (id <= 5330578))
	              ->  Bitmap Index Scan on sbtest4_pkey  (cost=0.00..229.95 rows=10552 width=0)
	                    Index Cond: ((id >= 5320579) AND (id <= 5330578))

table 5 : explain SELECT DISTINCT c FROM sbtest5 WHERE id BETWEEN 1446458 AND 1456457 ORDER BY c
	Unique  (cost=33336.24..33383.50 rows=9452 width=121)
	  ->  Sort  (cost=33336.24..33359.87 rows=9452 width=121)
	        Sort Key: c
	        ->  Bitmap Heap Scan on sbtest5  (cost=205.32..32712.11 rows=9452 width=121)
	              Recheck Cond: ((id >= 1446458) AND (id <= 1456457))
	              ->  Bitmap Index Scan on sbtest5_pkey  (cost=0.00..202.95 rows=9452 width=0)
	                    Index Cond: ((id >= 1446458) AND (id <= 1456457))

table 6 : explain SELECT DISTINCT c FROM sbtest6 WHERE id BETWEEN 4913238 AND 4923237 ORDER BY c
	Unique  (cost=33629.18..33676.89 rows=9542 width=121)
	  ->  Sort  (cost=33629.18..33653.04 rows=9542 width=121)
	        Sort Key: c
	        ->  Bitmap Heap Scan on sbtest6  (cost=210.24..32998.45 rows=9542 width=121)
	              Recheck Cond: ((id >= 4913238) AND (id <= 4923237))
	              ->  Bitmap Index Scan on sbtest6_pkey  (cost=0.00..207.86 rows=9542 width=0)
	                    Index Cond: ((id >= 4913238) AND (id <= 4923237))

table 7 : explain SELECT DISTINCT c FROM sbtest7 WHERE id BETWEEN 4617989 AND 4627988 ORDER BY c
	Unique  (cost=34030.42..34078.69 rows=9654 width=121)
	  ->  Sort  (cost=34030.42..34054.55 rows=9654 width=121)
	        Sort Key: c
	        ->  Bitmap Heap Scan on sbtest7  (cost=211.39..33391.47 rows=9654 width=121)
	              Recheck Cond: ((id >= 4617989) AND (id <= 4627988))
	              ->  Bitmap Index Scan on sbtest7_pkey  (cost=0.00..208.98 rows=9654 width=0)
	                    Index Cond: ((id >= 4617989) AND (id <= 4627988))

table 8 : explain SELECT DISTINCT c FROM sbtest8 WHERE id BETWEEN 7901999 AND 7911998 ORDER BY c
	Unique  (cost=37685.39..37739.37 rows=10796 width=121)
	  ->  Sort  (cost=37685.39..37712.38 rows=10796 width=121)
	        Sort Key: c
	        ->  Bitmap Heap Scan on sbtest8  (cost=243.09..36962.15 rows=10796 width=121)
	              Recheck Cond: ((id >= 7901999) AND (id <= 7911998))
	              ->  Bitmap Index Scan on sbtest8_pkey  (cost=0.00..240.40 rows=10796 width=0)
	                    Index Cond: ((id >= 7901999) AND (id <= 7911998))

for: distinct_ranges
table 1 : explain SELECT DISTINCT c FROM sbtest1 WHERE id BETWEEN 2347515 AND 2357514 ORDER BY c
	Unique  (cost=34213.65..34262.41 rows=9753 width=121)
	  ->  Sort  (cost=34213.65..34238.03 rows=9753 width=121)
	        Sort Key: c
	        ->  Bitmap Heap Scan on sbtest1  (cost=208.40..33567.43 rows=9753 width=121)
	              Recheck Cond: ((id >= 2347515) AND (id <= 2357514))
	              ->  Bitmap Index Scan on sbtest1_pkey  (cost=0.00..205.97 rows=9753 width=0)
	                    Index Cond: ((id >= 2347515) AND (id <= 2357514))

table 2 : explain SELECT DISTINCT c FROM sbtest2 WHERE id BETWEEN 8126310 AND 8136309 ORDER BY c
	Unique  (cost=36660.31..36712.85 rows=10508 width=121)
	  ->  Sort  (cost=36660.31..36686.58 rows=10508 width=121)
	        Sort Key: c
	        ->  Bitmap Heap Scan on sbtest2  (cost=224.14..35958.42 rows=10508 width=121)
	              Recheck Cond: ((id >= 8126310) AND (id <= 8136309))
	              ->  Bitmap Index Scan on sbtest2_pkey  (cost=0.00..221.51 rows=10508 width=0)
	                    Index Cond: ((id >= 8126310) AND (id <= 8136309))

table 3 : explain SELECT DISTINCT c FROM sbtest3 WHERE id BETWEEN 2618697 AND 2628696 ORDER BY c
	Unique  (cost=37161.61..37214.93 rows=10664 width=121)
	  ->  Sort  (cost=37161.61..37188.27 rows=10664 width=121)
	        Sort Key: c
	        ->  Bitmap Heap Scan on sbtest3  (cost=229.74..36448.17 rows=10664 width=121)
	              Recheck Cond: ((id >= 2618697) AND (id <= 2628696))
	              ->  Bitmap Index Scan on sbtest3_pkey  (cost=0.00..227.07 rows=10664 width=0)
	                    Index Cond: ((id >= 2618697) AND (id <= 2628696))

table 4 : explain SELECT DISTINCT c FROM sbtest4 WHERE id BETWEEN 5553499 AND 5563498 ORDER BY c
	Unique  (cost=35647.00..35697.86 rows=10172 width=121)
	  ->  Sort  (cost=35647.00..35672.43 rows=10172 width=121)
	        Sort Key: c
	        ->  Bitmap Heap Scan on sbtest4  (cost=224.70..34969.94 rows=10172 width=121)
	              Recheck Cond: ((id >= 5553499) AND (id <= 5563498))
	              ->  Bitmap Index Scan on sbtest4_pkey  (cost=0.00..222.16 rows=10172 width=0)
	                    Index Cond: ((id >= 5553499) AND (id <= 5563498))

table 5 : explain SELECT DISTINCT c FROM sbtest5 WHERE id BETWEEN 4756487 AND 4766486 ORDER BY c
	Unique  (cost=36965.77..37018.71 rows=10587 width=121)
	  ->  Sort  (cost=36965.77..36992.24 rows=10587 width=121)
	        Sort Key: c
	        ->  Bitmap Heap Scan on sbtest5  (cost=228.95..36258.03 rows=10587 width=121)
	              Recheck Cond: ((id >= 4756487) AND (id <= 4766486))
	              ->  Bitmap Index Scan on sbtest5_pkey  (cost=0.00..226.31 rows=10587 width=0)
	                    Index Cond: ((id >= 4756487) AND (id <= 4766486))

table 6 : explain SELECT DISTINCT c FROM sbtest6 WHERE id BETWEEN 5465705 AND 5475704 ORDER BY c
	Unique  (cost=33837.83..33885.87 rows=9607 width=121)
	  ->  Sort  (cost=33837.83..33861.85 rows=9607 width=121)
	        Sort Key: c
	        ->  Bitmap Heap Scan on sbtest6  (cost=210.91..33202.34 rows=9607 width=121)
	              Recheck Cond: ((id >= 5465705) AND (id <= 5475704))
	              ->  Bitmap Index Scan on sbtest6_pkey  (cost=0.00..208.50 rows=9607 width=0)
	                    Index Cond: ((id >= 5465705) AND (id <= 5475704))

table 7 : explain SELECT DISTINCT c FROM sbtest7 WHERE id BETWEEN 5442024 AND 5452023 ORDER BY c
	Unique  (cost=35923.55..35974.77 rows=10245 width=121)
	  ->  Sort  (cost=35923.55..35949.16 rows=10245 width=121)
	        Sort Key: c
	        ->  Bitmap Heap Scan on sbtest7  (cost=221.45..35241.10 rows=10245 width=121)
	              Recheck Cond: ((id >= 5442024) AND (id <= 5452023))
	              ->  Bitmap Index Scan on sbtest7_pkey  (cost=0.00..218.88 rows=10245 width=0)
	                    Index Cond: ((id >= 5442024) AND (id <= 5452023))

table 8 : explain SELECT DISTINCT c FROM sbtest8 WHERE id BETWEEN 4079791 AND 4089790 ORDER BY c
	Unique  (cost=35147.82..35197.82 rows=10000 width=121)
	  ->  Sort  (cost=35147.82..35172.82 rows=10000 width=121)
	        Sort Key: c
	        ->  Bitmap Heap Scan on sbtest8  (cost=226.94..34483.43 rows=10000 width=121)
	              Recheck Cond: ((id >= 4079791) AND (id <= 4089790))
	              ->  Bitmap Index Scan on sbtest8_pkey  (cost=0.00..224.44 rows=10000 width=0)
	                    Index Cond: ((id >= 4079791) AND (id <= 4089790))

for: simple_ranges
table 1 : explain SELECT c FROM sbtest1 WHERE id BETWEEN 5745511 AND 5755510
	Bitmap Heap Scan on sbtest1  (cost=237.08..37399.21 rows=10990 width=121)
	  Recheck Cond: ((id >= 5745511) AND (id <= 5755510))
	  ->  Bitmap Index Scan on sbtest1_pkey  (cost=0.00..234.34 rows=10990 width=0)
	        Index Cond: ((id >= 5745511) AND (id <= 5755510))

table 2 : explain SELECT c FROM sbtest2 WHERE id BETWEEN 9459204 AND 9469203
	Bitmap Heap Scan on sbtest2  (cost=236.95..37408.81 rows=10977 width=121)
	  Recheck Cond: ((id >= 9459204) AND (id <= 9469203))
	  ->  Bitmap Index Scan on sbtest2_pkey  (cost=0.00..234.20 rows=10977 width=0)
	        Index Cond: ((id >= 9459204) AND (id <= 9469203))

table 3 : explain SELECT c FROM sbtest3 WHERE id BETWEEN 6375065 AND 6385064
	Bitmap Heap Scan on sbtest3  (cost=205.92..32856.62 rows=9511 width=121)
	  Recheck Cond: ((id >= 6375065) AND (id <= 6385064))
	  ->  Bitmap Index Scan on sbtest3_pkey  (cost=0.00..203.55 rows=9511 width=0)
	        Index Cond: ((id >= 6375065) AND (id <= 6385064))

table 4 : explain SELECT c FROM sbtest4 WHERE id BETWEEN 5982200 AND 5992199
	Bitmap Heap Scan on sbtest4  (cost=204.23..32375.25 rows=9346 width=121)
	  Recheck Cond: ((id >= 5982200) AND (id <= 5992199))
	  ->  Bitmap Index Scan on sbtest4_pkey  (cost=0.00..201.90 rows=9346 width=0)
	        Index Cond: ((id >= 5982200) AND (id <= 5992199))

table 5 : explain SELECT c FROM sbtest5 WHERE id BETWEEN 3819392 AND 3829391
	Bitmap Heap Scan on sbtest5  (cost=207.74..33453.23 rows=9688 width=121)
	  Recheck Cond: ((id >= 3819392) AND (id <= 3829391))
	  ->  Bitmap Index Scan on sbtest5_pkey  (cost=0.00..205.31 rows=9688 width=0)
	        Index Cond: ((id >= 3819392) AND (id <= 3829391))

table 6 : explain SELECT c FROM sbtest6 WHERE id BETWEEN 9389376 AND 9399375
	Bitmap Heap Scan on sbtest6  (cost=224.88..35031.48 rows=10190 width=121)
	  Recheck Cond: ((id >= 9389376) AND (id <= 9399375))
	  ->  Bitmap Index Scan on sbtest6_pkey  (cost=0.00..222.34 rows=10190 width=0)
	        Index Cond: ((id >= 9389376) AND (id <= 9399375))

table 7 : explain SELECT c FROM sbtest7 WHERE id BETWEEN 8932881 AND 8942880
	Bitmap Heap Scan on sbtest7  (cost=218.72..34413.50 rows=9979 width=121)
	  Recheck Cond: ((id >= 8932881) AND (id <= 8942880))
	  ->  Bitmap Index Scan on sbtest7_pkey  (cost=0.00..216.23 rows=9979 width=0)
	        Index Cond: ((id >= 8932881) AND (id <= 8942880))

table 8 : explain SELECT c FROM sbtest8 WHERE id BETWEEN 56850 AND 66849
	Bitmap Heap Scan on sbtest8  (cost=206.75..31960.33 rows=9201 width=121)
	  Recheck Cond: ((id >= 56850) AND (id <= 66849))
	  ->  Bitmap Index Scan on sbtest8_pkey  (cost=0.00..204.44 rows=9201 width=0)
	        Index Cond: ((id >= 56850) AND (id <= 66849))

for: simple_ranges
table 1 : explain SELECT c FROM sbtest1 WHERE id BETWEEN 8586351 AND 8596350
	Bitmap Heap Scan on sbtest1  (cost=217.08..34986.40 rows=10209 width=121)
	  Recheck Cond: ((id >= 8586351) AND (id <= 8596350))
	  ->  Bitmap Index Scan on sbtest1_pkey  (cost=0.00..214.53 rows=10209 width=0)
	        Index Cond: ((id >= 8586351) AND (id <= 8596350))

table 2 : explain SELECT c FROM sbtest2 WHERE id BETWEEN 7371185 AND 7381184
	Bitmap Heap Scan on sbtest2  (cost=215.23..34471.64 rows=10029 width=121)
	  Recheck Cond: ((id >= 7371185) AND (id <= 7381184))
	  ->  Bitmap Index Scan on sbtest2_pkey  (cost=0.00..212.73 rows=10029 width=0)
	        Index Cond: ((id >= 7371185) AND (id <= 7381184))

table 3 : explain SELECT c FROM sbtest3 WHERE id BETWEEN 2444818 AND 2454817
	Bitmap Heap Scan on sbtest3  (cost=213.16..33848.09 rows=9827 width=121)
	  Recheck Cond: ((id >= 2444818) AND (id <= 2454817))
	  ->  Bitmap Index Scan on sbtest3_pkey  (cost=0.00..210.70 rows=9827 width=0)
	        Index Cond: ((id >= 2444818) AND (id <= 2454817))

table 4 : explain SELECT c FROM sbtest4 WHERE id BETWEEN 9263381 AND 9273380
	Bitmap Heap Scan on sbtest4  (cost=210.78..33160.10 rows=9595 width=121)
	  Recheck Cond: ((id >= 9263381) AND (id <= 9273380))
	  ->  Bitmap Index Scan on sbtest4_pkey  (cost=0.00..208.38 rows=9595 width=0)
	        Index Cond: ((id >= 9263381) AND (id <= 9273380))

table 5 : explain SELECT c FROM sbtest5 WHERE id BETWEEN 5874086 AND 5884085
	Bitmap Heap Scan on sbtest5  (cost=206.27..33003.65 rows=9545 width=121)
	  Recheck Cond: ((id >= 5874086) AND (id <= 5884085))
	  ->  Bitmap Index Scan on sbtest5_pkey  (cost=0.00..203.88 rows=9545 width=0)
	        Index Cond: ((id >= 5874086) AND (id <= 5884085))

table 6 : explain SELECT c FROM sbtest6 WHERE id BETWEEN 3629648 AND 3639647
	Bitmap Heap Scan on sbtest6  (cost=211.15..33276.74 rows=9631 width=121)
	  Recheck Cond: ((id >= 3629648) AND (id <= 3639647))
	  ->  Bitmap Index Scan on sbtest6_pkey  (cost=0.00..208.75 rows=9631 width=0)
	        Index Cond: ((id >= 3629648) AND (id <= 3639647))

table 7 : explain SELECT c FROM sbtest7 WHERE id BETWEEN 4721523 AND 4731522
	Bitmap Heap Scan on sbtest7  (cost=211.37..33385.00 rows=9652 width=121)
	  Recheck Cond: ((id >= 4721523) AND (id <= 4731522))
	  ->  Bitmap Index Scan on sbtest7_pkey  (cost=0.00..208.95 rows=9652 width=0)
	        Index Cond: ((id >= 4721523) AND (id <= 4731522))

table 8 : explain SELECT c FROM sbtest8 WHERE id BETWEEN 9402963 AND 9412962
	Bitmap Heap Scan on sbtest8  (cost=235.58..35895.76 rows=10453 width=121)
	  Recheck Cond: ((id >= 9402963) AND (id <= 9412962))
	  ->  Bitmap Index Scan on sbtest8_pkey  (cost=0.00..232.97 rows=10453 width=0)
	        Index Cond: ((id >= 9402963) AND (id <= 9412962))

for: order_ranges
table 1 : explain SELECT c FROM sbtest1 WHERE id BETWEEN 6946114 AND 6956113 ORDER BY c
	Sort  (cost=35928.78..35954.50 rows=10290 width=121)
	  Sort Key: c
	  ->  Bitmap Heap Scan on sbtest1  (cost=221.91..35243.00 rows=10290 width=121)
	        Recheck Cond: ((id >= 6946114) AND (id <= 6956113))
	        ->  Bitmap Index Scan on sbtest1_pkey  (cost=0.00..219.34 rows=10290 width=0)
	              Index Cond: ((id >= 6946114) AND (id <= 6956113))

table 2 : explain SELECT c FROM sbtest2 WHERE id BETWEEN 8135577 AND 8145576 ORDER BY c
	Sort  (cost=36660.31..36686.58 rows=10508 width=121)
	  Sort Key: c
	  ->  Bitmap Heap Scan on sbtest2  (cost=224.14..35958.42 rows=10508 width=121)
	        Recheck Cond: ((id >= 8135577) AND (id <= 8145576))
	        ->  Bitmap Index Scan on sbtest2_pkey  (cost=0.00..221.51 rows=10508 width=0)
	              Index Cond: ((id >= 8135577) AND (id <= 8145576))

table 3 : explain SELECT c FROM sbtest3 WHERE id BETWEEN 9589816 AND 9599815 ORDER BY c
	Sort  (cost=33312.91..33336.56 rows=9457 width=121)
	  Sort Key: c
	  ->  Bitmap Heap Scan on sbtest3  (cost=205.37..32688.41 rows=9457 width=121)
	        Recheck Cond: ((id >= 9589816) AND (id <= 9599815))
	        ->  Bitmap Index Scan on sbtest3_pkey  (cost=0.00..203.00 rows=9457 width=0)
	              Index Cond: ((id >= 9589816) AND (id <= 9599815))

table 4 : explain SELECT c FROM sbtest4 WHERE id BETWEEN 93523 AND 103522 ORDER BY c
	Sort  (cost=33655.57..33679.44 rows=9551 width=121)
	  Sort Key: c
	  ->  Bitmap Heap Scan on sbtest4  (cost=210.33..33024.18 rows=9551 width=121)
	        Recheck Cond: ((id >= 93523) AND (id <= 103522))
	        ->  Bitmap Index Scan on sbtest4_pkey  (cost=0.00..207.94 rows=9551 width=0)
	              Index Cond: ((id >= 93523) AND (id <= 103522))

table 5 : explain SELECT c FROM sbtest5 WHERE id BETWEEN 9056160 AND 9066159 ORDER BY c
	Sort  (cost=36414.63..36440.67 rows=10414 width=121)
	  Sort Key: c
	  ->  Bitmap Heap Scan on sbtest5  (cost=223.18..35719.70 rows=10414 width=121)
	        Recheck Cond: ((id >= 9056160) AND (id <= 9066159))
	        ->  Bitmap Index Scan on sbtest5_pkey  (cost=0.00..220.57 rows=10414 width=0)
	              Index Cond: ((id >= 9056160) AND (id <= 9066159))

table 6 : explain SELECT c FROM sbtest6 WHERE id BETWEEN 9655829 AND 9665828 ORDER BY c
	Sort  (cost=33271.16..33294.73 rows=9431 width=121)
	  Sort Key: c
	  ->  Bitmap Heap Scan on sbtest6  (cost=209.10..32648.56 rows=9431 width=121)
	        Recheck Cond: ((id >= 9655829) AND (id <= 9665828))
	        ->  Bitmap Index Scan on sbtest6_pkey  (cost=0.00..206.75 rows=9431 width=0)
	              Index Cond: ((id >= 9655829) AND (id <= 9665828))

table 7 : explain SELECT c FROM sbtest7 WHERE id BETWEEN 8620183 AND 8630182 ORDER BY c
	Sort  (cost=37021.36..37047.83 rows=10589 width=121)
	  Sort Key: c
	  ->  Bitmap Heap Scan on sbtest7  (cost=228.97..36313.47 rows=10589 width=121)
	        Recheck Cond: ((id >= 8620183) AND (id <= 8630182))
	        ->  Bitmap Index Scan on sbtest7_pkey  (cost=0.00..226.32 rows=10589 width=0)
	              Index Cond: ((id >= 8620183) AND (id <= 8630182))

table 8 : explain SELECT c FROM sbtest8 WHERE id BETWEEN 6699019 AND 6709018 ORDER BY c
	Sort  (cost=36541.01..36567.10 rows=10436 width=121)
	  Sort Key: c
	  ->  Bitmap Heap Scan on sbtest8  (cost=235.40..35844.44 rows=10436 width=121)
	        Recheck Cond: ((id >= 6699019) AND (id <= 6709018))
	        ->  Bitmap Index Scan on sbtest8_pkey  (cost=0.00..232.80 rows=10436 width=0)
	              Index Cond: ((id >= 6699019) AND (id <= 6709018))

for: sum_ranges
table 1 : explain SELECT SUM(k) FROM sbtest1 WHERE id BETWEEN 8026702 AND 8036701
	Aggregate  (cost=32966.26..32966.27 rows=1 width=8)
	  ->  Bitmap Heap Scan on sbtest1  (cost=206.34..32942.38 rows=9552 width=4)
	        Recheck Cond: ((id >= 8026702) AND (id <= 8036701))
	        ->  Bitmap Index Scan on sbtest1_pkey  (cost=0.00..203.95 rows=9552 width=0)
	              Index Cond: ((id >= 8026702) AND (id <= 8036701))

table 2 : explain SELECT SUM(k) FROM sbtest2 WHERE id BETWEEN 4145986 AND 4155985
	Aggregate  (cost=34850.05..34850.06 rows=1 width=8)
	  ->  Bitmap Heap Scan on sbtest2  (cost=216.39..34824.69 rows=10142 width=4)
	        Recheck Cond: ((id >= 4145986) AND (id <= 4155985))
	        ->  Bitmap Index Scan on sbtest2_pkey  (cost=0.00..213.86 rows=10142 width=0)
	              Index Cond: ((id >= 4145986) AND (id <= 4155985))

table 3 : explain SELECT SUM(k) FROM sbtest3 WHERE id BETWEEN 4524123 AND 4534122
	Aggregate  (cost=34310.61..34310.62 rows=1 width=8)
	  ->  Bitmap Heap Scan on sbtest3  (cost=214.60..34285.70 rows=9967 width=4)
	        Recheck Cond: ((id >= 4524123) AND (id <= 4534122))
	        ->  Bitmap Index Scan on sbtest3_pkey  (cost=0.00..212.11 rows=9967 width=0)
	              Index Cond: ((id >= 4524123) AND (id <= 4534122))

table 4 : explain SELECT SUM(k) FROM sbtest4 WHERE id BETWEEN 7688735 AND 7698734
	Aggregate  (cost=32645.33..32645.34 rows=1 width=8)
	  ->  Bitmap Heap Scan on sbtest4  (cost=205.04..32621.77 rows=9425 width=4)
	        Recheck Cond: ((id >= 7688735) AND (id <= 7698734))
	        ->  Bitmap Index Scan on sbtest4_pkey  (cost=0.00..202.69 rows=9425 width=0)
	              Index Cond: ((id >= 7688735) AND (id <= 7698734))

table 5 : explain SELECT SUM(k) FROM sbtest5 WHERE id BETWEEN 3294471 AND 3304470
	Aggregate  (cost=34085.54..34085.55 rows=1 width=8)
	  ->  Bitmap Heap Scan on sbtest5  (cost=213.73..34060.83 rows=9882 width=4)
	        Recheck Cond: ((id >= 3294471) AND (id <= 3304470))
	        ->  Bitmap Index Scan on sbtest5_pkey  (cost=0.00..211.25 rows=9882 width=0)
	              Index Cond: ((id >= 3294471) AND (id <= 3304470))

table 6 : explain SELECT SUM(k) FROM sbtest6 WHERE id BETWEEN 5083063 AND 5093062
	Aggregate  (cost=36650.30..36650.31 rows=1 width=8)
	  ->  Bitmap Heap Scan on sbtest6  (cost=234.14..36623.54 rows=10703 width=4)
	        Recheck Cond: ((id >= 5083063) AND (id <= 5093062))
	        ->  Bitmap Index Scan on sbtest6_pkey  (cost=0.00..231.47 rows=10703 width=0)
	              Index Cond: ((id >= 5083063) AND (id <= 5093062))

table 7 : explain SELECT SUM(k) FROM sbtest7 WHERE id BETWEEN 7406750 AND 7416749
	Aggregate  (cost=34314.99..34315.00 rows=1 width=8)
	  ->  Bitmap Heap Scan on sbtest7  (cost=214.33..34290.13 rows=9941 width=4)
	        Recheck Cond: ((id >= 7406750) AND (id <= 7416749))
	        ->  Bitmap Index Scan on sbtest7_pkey  (cost=0.00..211.84 rows=9941 width=0)
	              Index Cond: ((id >= 7406750) AND (id <= 7416749))

table 8 : explain SELECT SUM(k) FROM sbtest8 WHERE id BETWEEN 4846528 AND 4856527
	Aggregate  (cost=30452.75..30452.76 rows=1 width=8)
	  ->  Bitmap Heap Scan on sbtest8  (cost=197.81..30430.95 rows=8720 width=4)
	        Recheck Cond: ((id >= 4846528) AND (id <= 4856527))
	        ->  Bitmap Index Scan on sbtest8_pkey  (cost=0.00..195.63 rows=8720 width=0)
	              Index Cond: ((id >= 4846528) AND (id <= 4856527))

for: distinct_ranges
table 1 : explain SELECT DISTINCT c FROM sbtest1 WHERE id BETWEEN 5297514 AND 5307513 ORDER BY c
	Unique  (cost=36216.70..36268.61 rows=10382 width=121)
	  ->  Sort  (cost=36216.70..36242.66 rows=10382 width=121)
	        Sort Key: c
	        ->  Bitmap Heap Scan on sbtest1  (cost=222.85..35524.13 rows=10382 width=121)
	              Recheck Cond: ((id >= 5297514) AND (id <= 5307513))
	              ->  Bitmap Index Scan on sbtest1_pkey  (cost=0.00..220.25 rows=10382 width=0)
	                    Index Cond: ((id >= 5297514) AND (id <= 5307513))

table 2 : explain SELECT DISTINCT c FROM sbtest2 WHERE id BETWEEN 3571871 AND 3581870 ORDER BY c
	Unique  (cost=37095.51..37148.73 rows=10644 width=121)
	  ->  Sort  (cost=37095.51..37122.12 rows=10644 width=121)
	        Sort Key: c
	        ->  Bitmap Heap Scan on sbtest2  (cost=229.54..36383.55 rows=10644 width=121)
	              Recheck Cond: ((id >= 3571871) AND (id <= 3581870))
	              ->  Bitmap Index Scan on sbtest2_pkey  (cost=0.00..226.88 rows=10644 width=0)
	                    Index Cond: ((id >= 3571871) AND (id <= 3581870))

table 3 : explain SELECT DISTINCT c FROM sbtest3 WHERE id BETWEEN 1273725 AND 1283724 ORDER BY c
	Unique  (cost=37772.06..37826.34 rows=10856 width=121)
	  ->  Sort  (cost=37772.06..37799.20 rows=10856 width=121)
	        Sort Key: c
	        ->  Bitmap Heap Scan on sbtest3  (cost=235.71..37044.37 rows=10856 width=121)
	              Recheck Cond: ((id >= 1273725) AND (id <= 1283724))
	              ->  Bitmap Index Scan on sbtest3_pkey  (cost=0.00..233.00 rows=10856 width=0)
	                    Index Cond: ((id >= 1273725) AND (id <= 1283724))

table 4 : explain SELECT DISTINCT c FROM sbtest4 WHERE id BETWEEN 8791806 AND 8801805 ORDER BY c
	Unique  (cost=38413.07..38468.30 rows=11045 width=121)
	  ->  Sort  (cost=38413.07..38440.69 rows=11045 width=121)
	        Sort Key: c
	        ->  Bitmap Heap Scan on sbtest4  (cost=241.65..37671.34 rows=11045 width=121)
	              Recheck Cond: ((id >= 8791806) AND (id <= 8801805))
	              ->  Bitmap Index Scan on sbtest4_pkey  (cost=0.00..238.88 rows=11045 width=0)
	                    Index Cond: ((id >= 8791806) AND (id <= 8801805))

table 5 : explain SELECT DISTINCT c FROM sbtest5 WHERE id BETWEEN 5846193 AND 5856192 ORDER BY c
	Unique  (cost=33634.60..33682.32 rows=9545 width=121)
	  ->  Sort  (cost=33634.60..33658.46 rows=9545 width=121)
	        Sort Key: c
	        ->  Bitmap Heap Scan on sbtest5  (cost=206.27..33003.65 rows=9545 width=121)
	              Recheck Cond: ((id >= 5846193) AND (id <= 5856192))
	              ->  Bitmap Index Scan on sbtest5_pkey  (cost=0.00..203.88 rows=9545 width=0)
	                    Index Cond: ((id >= 5846193) AND (id <= 5856192))

table 6 : explain SELECT DISTINCT c FROM sbtest6 WHERE id BETWEEN 4710275 AND 4720274 ORDER BY c
	Unique  (cost=35476.36..35526.95 rows=10117 width=121)
	  ->  Sort  (cost=35476.36..35501.65 rows=10117 width=121)
	        Sort Key: c
	        ->  Bitmap Heap Scan on sbtest6  (cost=224.13..34803.35 rows=10117 width=121)
	              Recheck Cond: ((id >= 4710275) AND (id <= 4720274))
	              ->  Bitmap Index Scan on sbtest6_pkey  (cost=0.00..221.61 rows=10117 width=0)
	                    Index Cond: ((id >= 4710275) AND (id <= 4720274))

table 7 : explain SELECT DISTINCT c FROM sbtest7 WHERE id BETWEEN 9383612 AND 9393611 ORDER BY c
	Unique  (cost=39647.14..39704.24 rows=11419 width=121)
	  ->  Sort  (cost=39647.14..39675.69 rows=11419 width=121)
	        Sort Key: c
	        ->  Bitmap Heap Scan on sbtest7  (cost=249.48..38877.55 rows=11419 width=121)
	              Recheck Cond: ((id >= 9383612) AND (id <= 9393611))
	              ->  Bitmap Index Scan on sbtest7_pkey  (cost=0.00..246.62 rows=11419 width=0)
	                    Index Cond: ((id >= 9383612) AND (id <= 9393611))

table 8 : explain SELECT DISTINCT c FROM sbtest8 WHERE id BETWEEN 2815489 AND 2825488 ORDER BY c
	Unique  (cost=35428.22..35478.66 rows=10088 width=121)
	  ->  Sort  (cost=35428.22..35453.44 rows=10088 width=121)
	        Sort Key: c
	        ->  Bitmap Heap Scan on sbtest8  (cost=227.84..34757.35 rows=10088 width=121)
	              Recheck Cond: ((id >= 2815489) AND (id <= 2825488))
	              ->  Bitmap Index Scan on sbtest8_pkey  (cost=0.00..225.31 rows=10088 width=0)
	                    Index Cond: ((id >= 2815489) AND (id <= 2825488))

for: distinct_ranges
table 1 : explain SELECT DISTINCT c FROM sbtest1 WHERE id BETWEEN 3595653 AND 3605652 ORDER BY c
	Unique  (cost=36128.42..36180.19 rows=10354 width=121)
	  ->  Sort  (cost=36128.42..36154.30 rows=10354 width=121)
	        Sort Key: c
	        ->  Bitmap Heap Scan on sbtest1  (cost=222.56..35437.92 rows=10354 width=121)
	              Recheck Cond: ((id >= 3595653) AND (id <= 3605652))
	              ->  Bitmap Index Scan on sbtest1_pkey  (cost=0.00..219.98 rows=10354 width=0)
	                    Index Cond: ((id >= 3595653) AND (id <= 3605652))

table 2 : explain SELECT DISTINCT c FROM sbtest2 WHERE id BETWEEN 4901881 AND 4911880 ORDER BY c
	Unique  (cost=37842.06..37896.47 rows=10881 width=121)
	  ->  Sort  (cost=37842.06..37869.26 rows=10881 width=121)
	        Sort Key: c
	        ->  Bitmap Heap Scan on sbtest2  (cost=231.97..37112.52 rows=10881 width=121)
	              Recheck Cond: ((id >= 4901881) AND (id <= 4911880))
	              ->  Bitmap Index Scan on sbtest2_pkey  (cost=0.00..229.25 rows=10881 width=0)
	                    Index Cond: ((id >= 4901881) AND (id <= 4911880))

table 3 : explain SELECT DISTINCT c FROM sbtest3 WHERE id BETWEEN 5496128 AND 5506127 ORDER BY c
	Unique  (cost=36196.11..36247.91 rows=10359 width=121)
	  ->  Sort  (cost=36196.11..36222.01 rows=10359 width=121)
	        Sort Key: c
	        ->  Bitmap Heap Scan on sbtest3  (cost=222.61..35505.24 rows=10359 width=121)
	              Recheck Cond: ((id >= 5496128) AND (id <= 5506127))
	              ->  Bitmap Index Scan on sbtest3_pkey  (cost=0.00..220.03 rows=10359 width=0)
	                    Index Cond: ((id >= 5496128) AND (id <= 5506127))

table 4 : explain SELECT DISTINCT c FROM sbtest4 WHERE id BETWEEN 9329142 AND 9339141 ORDER BY c
	Unique  (cost=32872.08..32918.62 rows=9309 width=121)
	  ->  Sort  (cost=32872.08..32895.35 rows=9309 width=121)
	        Sort Key: c
	        ->  Bitmap Heap Scan on sbtest4  (cost=203.85..32258.41 rows=9309 width=121)
	              Recheck Cond: ((id >= 9329142) AND (id <= 9339141))
	              ->  Bitmap Index Scan on sbtest4_pkey  (cost=0.00..201.53 rows=9309 width=0)
	                    Index Cond: ((id >= 9329142) AND (id <= 9339141))

table 5 : explain SELECT DISTINCT c FROM sbtest5 WHERE id BETWEEN 477005 AND 487004 ORDER BY c
	Unique  (cost=32731.31..32777.64 rows=9266 width=121)
	  ->  Sort  (cost=32731.31..32754.47 rows=9266 width=121)
	        Sort Key: c
	        ->  Bitmap Heap Scan on sbtest5  (cost=199.41..32120.78 rows=9266 width=121)
	              Recheck Cond: ((id >= 477005) AND (id <= 487004))
	              ->  Bitmap Index Scan on sbtest5_pkey  (cost=0.00..197.09 rows=9266 width=0)
	                    Index Cond: ((id >= 477005) AND (id <= 487004))

table 6 : explain SELECT DISTINCT c FROM sbtest6 WHERE id BETWEEN 8967356 AND 8977355 ORDER BY c
	Unique  (cost=35274.84..35325.12 rows=10055 width=121)
	  ->  Sort  (cost=35274.84..35299.98 rows=10055 width=121)
	        Sort Key: c
	        ->  Bitmap Heap Scan on sbtest6  (cost=219.50..34606.40 rows=10055 width=121)
	              Recheck Cond: ((id >= 8967356) AND (id <= 8977355))
	              ->  Bitmap Index Scan on sbtest6_pkey  (cost=0.00..216.99 rows=10055 width=0)
	                    Index Cond: ((id >= 8967356) AND (id <= 8977355))

table 7 : explain SELECT DISTINCT c FROM sbtest7 WHERE id BETWEEN 374989 AND 384988 ORDER BY c
	Unique  (cost=35781.93..35832.93 rows=10200 width=121)
	  ->  Sort  (cost=35781.93..35807.43 rows=10200 width=121)
	        Sort Key: c
	        ->  Bitmap Heap Scan on sbtest7  (cost=220.99..35102.80 rows=10200 width=121)
	              Recheck Cond: ((id >= 374989) AND (id <= 384988))
	              ->  Bitmap Index Scan on sbtest7_pkey  (cost=0.00..218.44 rows=10200 width=0)
	                    Index Cond: ((id >= 374989) AND (id <= 384988))

table 8 : explain SELECT DISTINCT c FROM sbtest8 WHERE id BETWEEN 3797225 AND 3807224 ORDER BY c
	Unique  (cost=32059.28..32104.50 rows=9045 width=121)
	  ->  Sort  (cost=32059.28..32081.89 rows=9045 width=121)
	        Sort Key: c
	        ->  Bitmap Heap Scan on sbtest8  (cost=205.15..31464.89 rows=9045 width=121)
	              Recheck Cond: ((id >= 3797225) AND (id <= 3807224))
	              ->  Bitmap Index Scan on sbtest8_pkey  (cost=0.00..202.88 rows=9045 width=0)
	                    Index Cond: ((id >= 3797225) AND (id <= 3807224))

for: sum_ranges
table 1 : explain SELECT SUM(k) FROM sbtest1 WHERE id BETWEEN 5081135 AND 5091134
	Aggregate  (cost=36959.20..36959.21 rows=1 width=8)
	  ->  Bitmap Heap Scan on sbtest1  (cost=231.52..36932.10 rows=10838 width=4)
	        Recheck Cond: ((id >= 5081135) AND (id <= 5091134))
	        ->  Bitmap Index Scan on sbtest1_pkey  (cost=0.00..228.81 rows=10838 width=0)
	              Index Cond: ((id >= 5081135) AND (id <= 5091134))

table 2 : explain SELECT SUM(k) FROM sbtest2 WHERE id BETWEEN 6305365 AND 6315364
	Aggregate  (cost=35162.04..35162.05 rows=1 width=8)
	  ->  Bitmap Heap Scan on sbtest2  (cost=221.42..35136.44 rows=10242 width=4)
	        Recheck Cond: ((id >= 6305365) AND (id <= 6315364))
	        ->  Bitmap Index Scan on sbtest2_pkey  (cost=0.00..218.86 rows=10242 width=0)
	              Index Cond: ((id >= 6305365) AND (id <= 6315364))

table 3 : explain SELECT SUM(k) FROM sbtest3 WHERE id BETWEEN 3281813 AND 3291812
	Aggregate  (cost=33898.43..33898.44 rows=1 width=8)
	  ->  Bitmap Heap Scan on sbtest3  (cost=213.24..33873.85 rows=9835 width=4)
	        Recheck Cond: ((id >= 3281813) AND (id <= 3291812))
	        ->  Bitmap Index Scan on sbtest3_pkey  (cost=0.00..210.79 rows=9835 width=0)
	              Index Cond: ((id >= 3281813) AND (id <= 3291812))

table 4 : explain SELECT SUM(k) FROM sbtest4 WHERE id BETWEEN 218327 AND 228326
	Aggregate  (cost=30598.70..30598.71 rows=1 width=8)
	  ->  Bitmap Heap Scan on sbtest4  (cost=194.42..30576.76 rows=8779 width=4)
	        Recheck Cond: ((id >= 218327) AND (id <= 228326))
	        ->  Bitmap Index Scan on sbtest4_pkey  (cost=0.00..192.23 rows=8779 width=0)
	              Index Cond: ((id >= 218327) AND (id <= 228326))

table 5 : explain SELECT SUM(k) FROM sbtest5 WHERE id BETWEEN 5599020 AND 5609019
	Aggregate  (cost=35052.38..35052.39 rows=1 width=8)
	  ->  Bitmap Heap Scan on sbtest5  (cost=220.88..35026.91 rows=10190 width=4)
	        Recheck Cond: ((id >= 5599020) AND (id <= 5609019))
	        ->  Bitmap Index Scan on sbtest5_pkey  (cost=0.00..218.34 rows=10190 width=0)
	              Index Cond: ((id >= 5599020) AND (id <= 5609019))

table 6 : explain SELECT SUM(k) FROM sbtest6 WHERE id BETWEEN 8489834 AND 8499833
	Aggregate  (cost=33666.27..33666.28 rows=1 width=8)
	  ->  Bitmap Heap Scan on sbtest6  (cost=212.34..33641.90 rows=9747 width=4)
	        Recheck Cond: ((id >= 8489834) AND (id <= 8499833))
	        ->  Bitmap Index Scan on sbtest6_pkey  (cost=0.00..209.91 rows=9747 width=0)
	              Index Cond: ((id >= 8489834) AND (id <= 8499833))

table 7 : explain SELECT SUM(k) FROM sbtest7 WHERE id BETWEEN 4693447 AND 4703446
	Aggregate  (cost=33415.61..33415.62 rows=1 width=8)
	  ->  Bitmap Heap Scan on sbtest7  (cost=211.39..33391.47 rows=9654 width=4)
	        Recheck Cond: ((id >= 4693447) AND (id <= 4703446))
	        ->  Bitmap Index Scan on sbtest7_pkey  (cost=0.00..208.98 rows=9654 width=0)
	              Index Cond: ((id >= 4693447) AND (id <= 4703446))

table 8 : explain SELECT SUM(k) FROM sbtest8 WHERE id BETWEEN 8500070 AND 8510069
	Aggregate  (cost=33047.50..33047.51 rows=1 width=8)
	  ->  Bitmap Heap Scan on sbtest8  (cost=214.19..33023.66 rows=9537 width=4)
	        Recheck Cond: ((id >= 8500070) AND (id <= 8510069))
	        ->  Bitmap Index Scan on sbtest8_pkey  (cost=0.00..211.81 rows=9537 width=0)
	              Index Cond: ((id >= 8500070) AND (id <= 8510069))

for: order_ranges
table 1 : explain SELECT c FROM sbtest1 WHERE id BETWEEN 8568891 AND 8578890 ORDER BY c
	Sort  (cost=35666.19..35691.71 rows=10209 width=121)
	  Sort Key: c
	  ->  Bitmap Heap Scan on sbtest1  (cost=217.08..34986.40 rows=10209 width=121)
	        Recheck Cond: ((id >= 8568891) AND (id <= 8578890))
	        ->  Bitmap Index Scan on sbtest1_pkey  (cost=0.00..214.53 rows=10209 width=0)
	              Index Cond: ((id >= 8568891) AND (id <= 8578890))

table 2 : explain SELECT c FROM sbtest2 WHERE id BETWEEN 6246020 AND 6256019 ORDER BY c
	Sort  (cost=35424.08..35449.38 rows=10119 width=121)
	  Sort Key: c
	  ->  Bitmap Heap Scan on sbtest2  (cost=216.15..34750.93 rows=10119 width=121)
	        Recheck Cond: ((id >= 6246020) AND (id <= 6256019))
	        ->  Bitmap Index Scan on sbtest2_pkey  (cost=0.00..213.62 rows=10119 width=0)
	              Index Cond: ((id >= 6246020) AND (id <= 6256019))

table 3 : explain SELECT c FROM sbtest3 WHERE id BETWEEN 8488794 AND 8498793 ORDER BY c
	Sort  (cost=33980.99..34005.16 rows=9666 width=121)
	  Sort Key: c
	  ->  Bitmap Heap Scan on sbtest3  (cost=207.51..33341.17 rows=9666 width=121)
	        Recheck Cond: ((id >= 8488794) AND (id <= 8498793))
	        ->  Bitmap Index Scan on sbtest3_pkey  (cost=0.00..205.09 rows=9666 width=0)
	              Index Cond: ((id >= 8488794) AND (id <= 8498793))

table 4 : explain SELECT c FROM sbtest4 WHERE id BETWEEN 8613987 AND 8623986 ORDER BY c
	Sort  (cost=34350.28..34374.70 rows=9768 width=121)
	  Sort Key: c
	  ->  Bitmap Heap Scan on sbtest4  (cost=212.56..33702.96 rows=9768 width=121)
	        Recheck Cond: ((id >= 8613987) AND (id <= 8623986))
	        ->  Bitmap Index Scan on sbtest4_pkey  (cost=0.00..210.12 rows=9768 width=0)
	              Index Cond: ((id >= 8613987) AND (id <= 8623986))

table 5 : explain SELECT c FROM sbtest5 WHERE id BETWEEN 4364468 AND 4374467 ORDER BY c
	Sort  (cost=34868.23..34893.05 rows=9929 width=121)
	  Sort Key: c
	  ->  Bitmap Heap Scan on sbtest5  (cost=214.21..34209.07 rows=9929 width=121)
	        Recheck Cond: ((id >= 4364468) AND (id <= 4374467))
	        ->  Bitmap Index Scan on sbtest5_pkey  (cost=0.00..211.73 rows=9929 width=0)
	              Index Cond: ((id >= 4364468) AND (id <= 4374467))

table 6 : explain SELECT c FROM sbtest6 WHERE id BETWEEN 7810077 AND 7820076 ORDER BY c
	Sort  (cost=33223.96..33247.51 rows=9417 width=121)
	  Sort Key: c
	  ->  Bitmap Heap Scan on sbtest6  (cost=204.96..32602.39 rows=9417 width=121)
	        Recheck Cond: ((id >= 7810077) AND (id <= 7820076))
	        ->  Bitmap Index Scan on sbtest6_pkey  (cost=0.00..202.61 rows=9417 width=0)
	              Index Cond: ((id >= 7810077) AND (id <= 7820076))

table 7 : explain SELECT c FROM sbtest7 WHERE id BETWEEN 6669104 AND 6679103 ORDER BY c
	Sort  (cost=40691.86..40721.24 rows=11752 width=121)
	  Sort Key: c
	  ->  Bitmap Heap Scan on sbtest7  (cost=256.89..39897.38 rows=11752 width=121)
	        Recheck Cond: ((id >= 6669104) AND (id <= 6679103))
	        ->  Bitmap Index Scan on sbtest7_pkey  (cost=0.00..253.95 rows=11752 width=0)
	              Index Cond: ((id >= 6669104) AND (id <= 6679103))

table 8 : explain SELECT c FROM sbtest8 WHERE id BETWEEN 4199955 AND 4209954 ORDER BY c
	Sort  (cost=33358.51..33382.12 rows=9445 width=121)
	  Sort Key: c
	  ->  Bitmap Heap Scan on sbtest8  (cost=213.25..32734.89 rows=9445 width=121)
	        Recheck Cond: ((id >= 4199955) AND (id <= 4209954))
	        ->  Bitmap Index Scan on sbtest8_pkey  (cost=0.00..210.88 rows=9445 width=0)
	              Index Cond: ((id >= 4199955) AND (id <= 4209954))

for: sum_ranges
table 1 : explain SELECT SUM(k) FROM sbtest1 WHERE id BETWEEN 2917235 AND 2927234
	Aggregate  (cost=31758.32..31758.33 rows=1 width=8)
	  ->  Bitmap Heap Scan on sbtest1  (cost=198.42..31735.39 rows=9169 width=4)
	        Recheck Cond: ((id >= 2917235) AND (id <= 2927234))
	        ->  Bitmap Index Scan on sbtest1_pkey  (cost=0.00..196.12 rows=9169 width=0)
	              Index Cond: ((id >= 2917235) AND (id <= 2927234))

table 2 : explain SELECT SUM(k) FROM sbtest2 WHERE id BETWEEN 7874184 AND 7884183
	Aggregate  (cost=31493.31..31493.32 rows=1 width=8)
	  ->  Bitmap Heap Scan on sbtest2  (cost=193.44..31470.62 rows=9074 width=4)
	        Recheck Cond: ((id >= 7874184) AND (id <= 7884183))
	        ->  Bitmap Index Scan on sbtest2_pkey  (cost=0.00..191.18 rows=9074 width=0)
	              Index Cond: ((id >= 7874184) AND (id <= 7884183))

table 3 : explain SELECT SUM(k) FROM sbtest3 WHERE id BETWEEN 9967419 AND 9977418
	Aggregate  (cost=35130.57..35130.58 rows=1 width=8)
	  ->  Bitmap Heap Scan on sbtest3  (cost=221.29..35104.99 rows=10230 width=4)
	        Recheck Cond: ((id >= 9967419) AND (id <= 9977418))
	        ->  Bitmap Index Scan on sbtest3_pkey  (cost=0.00..218.74 rows=10230 width=0)
	              Index Cond: ((id >= 9967419) AND (id <= 9977418))

table 4 : explain SELECT SUM(k) FROM sbtest4 WHERE id BETWEEN 3957741 AND 3967740
	Aggregate  (cost=33400.90..33400.91 rows=1 width=8)
	  ->  Bitmap Heap Scan on sbtest4  (cost=211.49..33376.74 rows=9664 width=4)
	        Recheck Cond: ((id >= 3957741) AND (id <= 3967740))
	        ->  Bitmap Index Scan on sbtest4_pkey  (cost=0.00..209.07 rows=9664 width=0)
	              Index Cond: ((id >= 3957741) AND (id <= 3967740))

table 5 : explain SELECT SUM(k) FROM sbtest5 WHERE id BETWEEN 3936847 AND 3946846
	Aggregate  (cost=33619.73..33619.74 rows=1 width=8)
	  ->  Bitmap Heap Scan on sbtest5  (cost=208.21..33595.39 rows=9734 width=4)
	        Recheck Cond: ((id >= 3936847) AND (id <= 3946846))
	        ->  Bitmap Index Scan on sbtest5_pkey  (cost=0.00..205.78 rows=9734 width=0)
	              Index Cond: ((id >= 3936847) AND (id <= 3946846))

table 6 : explain SELECT SUM(k) FROM sbtest6 WHERE id BETWEEN 947547 AND 957546
	Aggregate  (cost=34544.59..34544.60 rows=1 width=8)
	  ->  Bitmap Heap Scan on sbtest6  (cost=219.21..34519.53 rows=10027 width=4)
	        Recheck Cond: ((id >= 947547) AND (id <= 957546))
	        ->  Bitmap Index Scan on sbtest6_pkey  (cost=0.00..216.70 rows=10027 width=0)
	              Index Cond: ((id >= 947547) AND (id <= 957546))

table 7 : explain SELECT SUM(k) FROM sbtest7 WHERE id BETWEEN 9634209 AND 9644208
	Aggregate  (cost=39397.50..39397.51 rows=1 width=8)
	  ->  Bitmap Heap Scan on sbtest7  (cost=251.13..39368.55 rows=11580 width=4)
	        Recheck Cond: ((id >= 9634209) AND (id <= 9644208))
	        ->  Bitmap Index Scan on sbtest7_pkey  (cost=0.00..248.24 rows=11580 width=0)
	              Index Cond: ((id >= 9634209) AND (id <= 9644208))

table 8 : explain SELECT SUM(k) FROM sbtest8 WHERE id BETWEEN 8971786 AND 8981785
	Aggregate  (cost=35697.14..35697.15 rows=1 width=8)
	  ->  Bitmap Heap Scan on sbtest8  (cost=234.83..35671.19 rows=10380 width=4)
	        Recheck Cond: ((id >= 8971786) AND (id <= 8981785))
	        ->  Bitmap Index Scan on sbtest8_pkey  (cost=0.00..232.24 rows=10380 width=0)
	              Index Cond: ((id >= 8971786) AND (id <= 8981785))

for: distinct_ranges
table 1 : explain SELECT DISTINCT c FROM sbtest1 WHERE id BETWEEN 7961180 AND 7971179 ORDER BY c
	Unique  (cost=36193.75..36245.62 rows=10374 width=121)
	  ->  Sort  (cost=36193.75..36219.68 rows=10374 width=121)
	        Sort Key: c
	        ->  Bitmap Heap Scan on sbtest1  (cost=222.77..35501.76 rows=10374 width=121)
	              Recheck Cond: ((id >= 7961180) AND (id <= 7971179))
	              ->  Bitmap Index Scan on sbtest1_pkey  (cost=0.00..220.18 rows=10374 width=0)
	                    Index Cond: ((id >= 7961180) AND (id <= 7971179))

table 2 : explain SELECT DISTINCT c FROM sbtest2 WHERE id BETWEEN 3641424 AND 3651423 ORDER BY c
	Unique  (cost=36424.74..36476.90 rows=10433 width=121)
	  ->  Sort  (cost=36424.74..36450.82 rows=10433 width=121)
	        Sort Key: c
	        ->  Bitmap Heap Scan on sbtest2  (cost=223.37..35728.39 rows=10433 width=121)
	              Recheck Cond: ((id >= 3641424) AND (id <= 3651423))
	              ->  Bitmap Index Scan on sbtest2_pkey  (cost=0.00..220.76 rows=10433 width=0)
	                    Index Cond: ((id >= 3641424) AND (id <= 3651423))

table 3 : explain SELECT DISTINCT c FROM sbtest3 WHERE id BETWEEN 7525460 AND 7535459 ORDER BY c
	Unique  (cost=35536.83..35587.59 rows=10151 width=121)
	  ->  Sort  (cost=35536.83..35562.21 rows=10151 width=121)
	        Sort Key: c
	        ->  Bitmap Heap Scan on sbtest3  (cost=220.48..34861.32 rows=10151 width=121)
	              Recheck Cond: ((id >= 7525460) AND (id <= 7535459))
	              ->  Bitmap Index Scan on sbtest3_pkey  (cost=0.00..217.94 rows=10151 width=0)
	                    Index Cond: ((id >= 7525460) AND (id <= 7535459))

table 4 : explain SELECT DISTINCT c FROM sbtest4 WHERE id BETWEEN 8391526 AND 8401525 ORDER BY c
	Unique  (cost=33599.30..33646.97 rows=9534 width=121)
	  ->  Sort  (cost=33599.30..33623.14 rows=9534 width=121)
	        Sort Key: c
	        ->  Bitmap Heap Scan on sbtest4  (cost=210.16..32969.16 rows=9534 width=121)
	              Recheck Cond: ((id >= 8391526) AND (id <= 8401525))
	              ->  Bitmap Index Scan on sbtest4_pkey  (cost=0.00..207.78 rows=9534 width=0)
	                    Index Cond: ((id >= 8391526) AND (id <= 8401525))

table 5 : explain SELECT DISTINCT c FROM sbtest5 WHERE id BETWEEN 6770465 AND 6780464 ORDER BY c
	Unique  (cost=34157.54..34206.08 rows=9708 width=121)
	  ->  Sort  (cost=34157.54..34181.81 rows=9708 width=121)
	        Sort Key: c
	        ->  Bitmap Heap Scan on sbtest5  (cost=207.94..33514.63 rows=9708 width=121)
	              Recheck Cond: ((id >= 6770465) AND (id <= 6780464))
	              ->  Bitmap Index Scan on sbtest5_pkey  (cost=0.00..205.51 rows=9708 width=0)
	                    Index Cond: ((id >= 6770465) AND (id <= 6780464))

table 6 : explain SELECT DISTINCT c FROM sbtest6 WHERE id BETWEEN 3820387 AND 3830386 ORDER BY c
	Unique  (cost=36265.00..36316.83 rows=10365 width=121)
	  ->  Sort  (cost=36265.00..36290.92 rows=10365 width=121)
	        Sort Key: c
	        ->  Bitmap Heap Scan on sbtest6  (cost=226.68..35573.69 rows=10365 width=121)
	              Recheck Cond: ((id >= 3820387) AND (id <= 3830386))
	              ->  Bitmap Index Scan on sbtest6_pkey  (cost=0.00..224.09 rows=10365 width=0)
	                    Index Cond: ((id >= 3820387) AND (id <= 3830386))

table 7 : explain SELECT DISTINCT c FROM sbtest7 WHERE id BETWEEN 7462350 AND 7472349 ORDER BY c
	Unique  (cost=33914.41..33962.50 rows=9618 width=121)
	  ->  Sort  (cost=33914.41..33938.46 rows=9618 width=121)
	        Sort Key: c
	        ->  Bitmap Heap Scan on sbtest7  (cost=211.02..33278.11 rows=9618 width=121)
	              Recheck Cond: ((id >= 7462350) AND (id <= 7472349))
	              ->  Bitmap Index Scan on sbtest7_pkey  (cost=0.00..208.62 rows=9618 width=0)
	                    Index Cond: ((id >= 7462350) AND (id <= 7472349))

table 8 : explain SELECT DISTINCT c FROM sbtest8 WHERE id BETWEEN 1220668 AND 1230667 ORDER BY c
	Unique  (cost=34052.63..34100.93 rows=9660 width=121)
	  ->  Sort  (cost=34052.63..34076.78 rows=9660 width=121)
	        Sort Key: c
	        ->  Bitmap Heap Scan on sbtest8  (cost=219.45..33413.24 rows=9660 width=121)
	              Recheck Cond: ((id >= 1220668) AND (id <= 1230667))
	              ->  Bitmap Index Scan on sbtest8_pkey  (cost=0.00..217.04 rows=9660 width=0)
	                    Index Cond: ((id >= 1220668) AND (id <= 1230667))

for: order_ranges
table 1 : explain SELECT c FROM sbtest1 WHERE id BETWEEN 8080100 AND 8090099 ORDER BY c
	Sort  (cost=33573.84..33597.72 rows=9552 width=121)
	  Sort Key: c
	  ->  Bitmap Heap Scan on sbtest1  (cost=206.34..32942.38 rows=9552 width=121)
	        Recheck Cond: ((id >= 8080100) AND (id <= 8090099))
	        ->  Bitmap Index Scan on sbtest1_pkey  (cost=0.00..203.95 rows=9552 width=0)
	              Index Cond: ((id >= 8080100) AND (id <= 8090099))

table 2 : explain SELECT c FROM sbtest2 WHERE id BETWEEN 6859339 AND 6869338 ORDER BY c
	Sort  (cost=36581.81..36608.02 rows=10483 width=121)
	  Sort Key: c
	  ->  Bitmap Heap Scan on sbtest2  (cost=223.89..35881.77 rows=10483 width=121)
	        Recheck Cond: ((id >= 6859339) AND (id <= 6869338))
	        ->  Bitmap Index Scan on sbtest2_pkey  (cost=0.00..221.26 rows=10483 width=0)
	              Index Cond: ((id >= 6859339) AND (id <= 6869338))

table 3 : explain SELECT c FROM sbtest3 WHERE id BETWEEN 1622876 AND 1632875 ORDER BY c
	Sort  (cost=34825.88..34850.70 rows=9929 width=121)
	  Sort Key: c
	  ->  Bitmap Heap Scan on sbtest3  (cost=214.21..34166.72 rows=9929 width=121)
	        Recheck Cond: ((id >= 1622876) AND (id <= 1632875))
	        ->  Bitmap Index Scan on sbtest3_pkey  (cost=0.00..211.73 rows=9929 width=0)
	              Index Cond: ((id >= 1622876) AND (id <= 1632875))

table 4 : explain SELECT c FROM sbtest4 WHERE id BETWEEN 4591170 AND 4601169 ORDER BY c
	Sort  (cost=34148.67..34172.94 rows=9705 width=121)
	  Sort Key: c
	  ->  Bitmap Heap Scan on sbtest4  (cost=211.91..33505.98 rows=9705 width=121)
	        Recheck Cond: ((id >= 4591170) AND (id <= 4601169))
	        ->  Bitmap Index Scan on sbtest4_pkey  (cost=0.00..209.49 rows=9705 width=0)
	              Index Cond: ((id >= 4591170) AND (id <= 4601169))

table 5 : explain SELECT c FROM sbtest5 WHERE id BETWEEN 3817925 AND 3827924 ORDER BY c
	Sort  (cost=34094.67..34118.89 rows=9688 width=121)
	  Sort Key: c
	  ->  Bitmap Heap Scan on sbtest5  (cost=207.74..33453.23 rows=9688 width=121)
	        Recheck Cond: ((id >= 3817925) AND (id <= 3827924))
	        ->  Bitmap Index Scan on sbtest5_pkey  (cost=0.00..205.31 rows=9688 width=0)
	              Index Cond: ((id >= 3817925) AND (id <= 3827924))

table 6 : explain SELECT c FROM sbtest6 WHERE id BETWEEN 3197098 AND 3207097 ORDER BY c
	Sort  (cost=32536.26..32559.27 rows=9204 width=121)
	  Sort Key: c
	  ->  Bitmap Heap Scan on sbtest6  (cost=202.78..31930.26 rows=9204 width=121)
	        Recheck Cond: ((id >= 3197098) AND (id <= 3207097))
	        ->  Bitmap Index Scan on sbtest6_pkey  (cost=0.00..200.48 rows=9204 width=0)
	              Index Cond: ((id >= 3197098) AND (id <= 3207097))

table 7 : explain SELECT c FROM sbtest7 WHERE id BETWEEN 4074464 AND 4084463 ORDER BY c
	Sort  (cost=34490.74..34515.23 rows=9798 width=121)
	  Sort Key: c
	  ->  Bitmap Heap Scan on sbtest7  (cost=212.86..33841.21 rows=9798 width=121)
	        Recheck Cond: ((id >= 4074464) AND (id <= 4084463))
	        ->  Bitmap Index Scan on sbtest7_pkey  (cost=0.00..210.42 rows=9798 width=0)
	              Index Cond: ((id >= 4074464) AND (id <= 4084463))

table 8 : explain SELECT c FROM sbtest8 WHERE id BETWEEN 9865892 AND 9875891 ORDER BY c
	Sort  (cost=39613.09..39641.60 rows=11407 width=121)
	  Sort Key: c
	  ->  Bitmap Heap Scan on sbtest8  (cost=257.36..38844.39 rows=11407 width=121)
	        Recheck Cond: ((id >= 9865892) AND (id <= 9875891))
	        ->  Bitmap Index Scan on sbtest8_pkey  (cost=0.00..254.50 rows=11407 width=0)
	              Index Cond: ((id >= 9865892) AND (id <= 9875891))

explain: for point_selects :: explain SELECT c FROM sbtest%u WHERE id=%u
explain: for point_selects :: explain SELECT c FROM sbtest%u WHERE id=%u
for point_selects
table 1 : explain SELECT c FROM sbtest1 WHERE id=2108843
	Index Scan using sbtest1_pkey on sbtest1  (cost=0.43..8.45 rows=1 width=121)
	  Index Cond: (id = 2108843)

table 2 : explain SELECT c FROM sbtest2 WHERE id=9304024
	Index Scan using sbtest2_pkey on sbtest2  (cost=0.43..8.45 rows=1 width=121)
	  Index Cond: (id = 9304024)

table 3 : explain SELECT c FROM sbtest3 WHERE id=7248830
	Index Scan using sbtest3_pkey on sbtest3  (cost=0.43..8.45 rows=1 width=121)
	  Index Cond: (id = 7248830)

table 4 : explain SELECT c FROM sbtest4 WHERE id=4628205
	Index Scan using sbtest4_pkey on sbtest4  (cost=0.43..8.45 rows=1 width=121)
	  Index Cond: (id = 4628205)

table 5 : explain SELECT c FROM sbtest5 WHERE id=2463876
	Index Scan using sbtest5_pkey on sbtest5  (cost=0.43..8.45 rows=1 width=121)
	  Index Cond: (id = 2463876)

table 6 : explain SELECT c FROM sbtest6 WHERE id=5398210
	Index Scan using sbtest6_pkey on sbtest6  (cost=0.43..8.45 rows=1 width=121)
	  Index Cond: (id = 5398210)

table 7 : explain SELECT c FROM sbtest7 WHERE id=8442754
	Index Scan using sbtest7_pkey on sbtest7  (cost=0.43..8.45 rows=1 width=121)
	  Index Cond: (id = 8442754)

table 8 : explain SELECT c FROM sbtest8 WHERE id=410105
	Index Scan using sbtest8_pkey on sbtest8  (cost=0.43..8.45 rows=1 width=121)
	  Index Cond: (id = 410105)

for: distinct_ranges
table 1 : explain SELECT DISTINCT c FROM sbtest1 WHERE id BETWEEN 1634091 AND 1644090 ORDER BY c
	Unique  (cost=32534.49..32580.64 rows=9230 width=121)
	  ->  Sort  (cost=32534.49..32557.56 rows=9230 width=121)
	        Sort Key: c
	        ->  Bitmap Heap Scan on sbtest1  (cost=199.04..31926.59 rows=9230 width=121)
	              Recheck Cond: ((id >= 1634091) AND (id <= 1644090))
	              ->  Bitmap Index Scan on sbtest1_pkey  (cost=0.00..196.74 rows=9230 width=0)
	                    Index Cond: ((id >= 1634091) AND (id <= 1644090))

table 2 : explain SELECT DISTINCT c FROM sbtest2 WHERE id BETWEEN 7565756 AND 7575755 ORDER BY c
	Unique  (cost=32470.00..32515.99 rows=9198 width=121)
	  ->  Sort  (cost=32470.00..32492.99 rows=9198 width=121)
	        Sort Key: c
	        ->  Bitmap Heap Scan on sbtest2  (cost=198.71..31864.44 rows=9198 width=121)
	              Recheck Cond: ((id >= 7565756) AND (id <= 7575755))
	              ->  Bitmap Index Scan on sbtest2_pkey  (cost=0.00..196.42 rows=9198 width=0)
	                    Index Cond: ((id >= 7565756) AND (id <= 7575755))

table 3 : explain SELECT DISTINCT c FROM sbtest3 WHERE id BETWEEN 5526917 AND 5536916 ORDER BY c
	Unique  (cost=36196.11..36247.91 rows=10359 width=121)
	  ->  Sort  (cost=36196.11..36222.01 rows=10359 width=121)
	        Sort Key: c
	        ->  Bitmap Heap Scan on sbtest3  (cost=222.61..35505.24 rows=10359 width=121)
	              Recheck Cond: ((id >= 5526917) AND (id <= 5536916))
	              ->  Bitmap Index Scan on sbtest3_pkey  (cost=0.00..220.03 rows=10359 width=0)
	                    Index Cond: ((id >= 5526917) AND (id <= 5536916))

table 4 : explain SELECT DISTINCT c FROM sbtest4 WHERE id BETWEEN 1578952 AND 1588951 ORDER BY c
	Unique  (cost=34743.86..34793.31 rows=9890 width=121)
	  ->  Sort  (cost=34743.86..34768.59 rows=9890 width=121)
	        Sort Key: c
	        ->  Bitmap Heap Scan on sbtest4  (cost=217.81..34087.58 rows=9890 width=121)
	              Recheck Cond: ((id >= 1578952) AND (id <= 1588951))
	              ->  Bitmap Index Scan on sbtest4_pkey  (cost=0.00..215.34 rows=9890 width=0)
	                    Index Cond: ((id >= 1578952) AND (id <= 1588951))

table 5 : explain SELECT DISTINCT c FROM sbtest5 WHERE id BETWEEN 7263143 AND 7273142 ORDER BY c
	Unique  (cost=33753.82..33801.73 rows=9582 width=121)
	  ->  Sort  (cost=33753.82..33777.78 rows=9582 width=121)
	        Sort Key: c
	        ->  Bitmap Heap Scan on sbtest5  (cost=206.65..33120.16 rows=9582 width=121)
	              Recheck Cond: ((id >= 7263143) AND (id <= 7273142))
	              ->  Bitmap Index Scan on sbtest5_pkey  (cost=0.00..204.25 rows=9582 width=0)
	                    Index Cond: ((id >= 7263143) AND (id <= 7273142))

table 6 : explain SELECT DISTINCT c FROM sbtest6 WHERE id BETWEEN 3236592 AND 3246591 ORDER BY c
	Unique  (cost=33473.46..33520.93 rows=9494 width=121)
	  ->  Sort  (cost=33473.46..33497.20 rows=9494 width=121)
	        Sort Key: c
	        ->  Bitmap Heap Scan on sbtest6  (cost=209.75..32846.25 rows=9494 width=121)
	              Recheck Cond: ((id >= 3236592) AND (id <= 3246591))
	              ->  Bitmap Index Scan on sbtest6_pkey  (cost=0.00..207.38 rows=9494 width=0)
	                    Index Cond: ((id >= 3236592) AND (id <= 3246591))

table 7 : explain SELECT DISTINCT c FROM sbtest7 WHERE id BETWEEN 6732142 AND 6742141 ORDER BY c
	Unique  (cost=40691.86..40750.62 rows=11752 width=121)
	  ->  Sort  (cost=40691.86..40721.24 rows=11752 width=121)
	        Sort Key: c
	        ->  Bitmap Heap Scan on sbtest7  (cost=256.89..39897.38 rows=11752 width=121)
	              Recheck Cond: ((id >= 6732142) AND (id <= 6742141))
	              ->  Bitmap Index Scan on sbtest7_pkey  (cost=0.00..253.95 rows=11752 width=0)
	                    Index Cond: ((id >= 6732142) AND (id <= 6742141))

table 8 : explain SELECT DISTINCT c FROM sbtest8 WHERE id BETWEEN 9441759 AND 9451758 ORDER BY c
	Unique  (cost=35599.63..35650.34 rows=10142 width=121)
	  ->  Sort  (cost=35599.63..35624.99 rows=10142 width=121)
	        Sort Key: c
	        ->  Bitmap Heap Scan on sbtest8  (cost=228.39..34924.78 rows=10142 width=121)
	              Recheck Cond: ((id >= 9441759) AND (id <= 9451758))
	              ->  Bitmap Index Scan on sbtest8_pkey  (cost=0.00..225.86 rows=10142 width=0)
	                    Index Cond: ((id >= 9441759) AND (id <= 9451758))

for: sum_ranges
table 1 : explain SELECT SUM(k) FROM sbtest1 WHERE id BETWEEN 6073848 AND 6083847
	Aggregate  (cost=34213.33..34213.34 rows=1 width=8)
	  ->  Bitmap Heap Scan on sbtest1  (cost=214.43..34188.45 rows=9951 width=4)
	        Recheck Cond: ((id >= 6073848) AND (id <= 6083847))
	        ->  Bitmap Index Scan on sbtest1_pkey  (cost=0.00..211.94 rows=9951 width=0)
	              Index Cond: ((id >= 6073848) AND (id <= 6083847))

table 2 : explain SELECT SUM(k) FROM sbtest2 WHERE id BETWEEN 310031 AND 320030
	Aggregate  (cost=36352.74..36352.75 rows=1 width=8)
	  ->  Bitmap Heap Scan on sbtest2  (cost=229.35..36326.17 rows=10626 width=4)
	        Recheck Cond: ((id >= 310031) AND (id <= 320030))
	        ->  Bitmap Index Scan on sbtest2_pkey  (cost=0.00..226.69 rows=10626 width=0)
	              Index Cond: ((id >= 310031) AND (id <= 320030))

table 3 : explain SELECT SUM(k) FROM sbtest3 WHERE id BETWEEN 3754659 AND 3764658
	Aggregate  (cost=34612.91..34612.92 rows=1 width=8)
	  ->  Bitmap Heap Scan on sbtest3  (cost=215.60..34587.75 rows=10065 width=4)
	        Recheck Cond: ((id >= 3754659) AND (id <= 3764658))
	        ->  Bitmap Index Scan on sbtest3_pkey  (cost=0.00..213.09 rows=10065 width=0)
	              Index Cond: ((id >= 3754659) AND (id <= 3764658))

table 4 : explain SELECT SUM(k) FROM sbtest4 WHERE id BETWEEN 2135531 AND 2145530
	Aggregate  (cost=33931.60..33931.61 rows=1 width=8)
	  ->  Bitmap Heap Scan on sbtest4  (cost=217.21..33907.02 rows=9832 width=4)
	        Recheck Cond: ((id >= 2135531) AND (id <= 2145530))
	        ->  Bitmap Index Scan on sbtest4_pkey  (cost=0.00..214.75 rows=9832 width=0)
	              Index Cond: ((id >= 2135531) AND (id <= 2145530))

table 5 : explain SELECT SUM(k) FROM sbtest5 WHERE id BETWEEN 673945 AND 683944
	Aggregate  (cost=30649.58..30649.59 rows=1 width=8)
	  ->  Bitmap Heap Scan on sbtest5  (cost=190.58..30627.59 rows=8795 width=4)
	        Recheck Cond: ((id >= 673945) AND (id <= 683944))
	        ->  Bitmap Index Scan on sbtest5_pkey  (cost=0.00..188.38 rows=8795 width=0)
	              Index Cond: ((id >= 673945) AND (id <= 683944))

table 6 : explain SELECT SUM(k) FROM sbtest6 WHERE id BETWEEN 9815093 AND 9825092
	Aggregate  (cost=33747.82..33747.83 rows=1 width=8)
	  ->  Bitmap Heap Scan on sbtest6  (cost=216.60..33723.39 rows=9772 width=4)
	        Recheck Cond: ((id >= 9815093) AND (id <= 9825092))
	        ->  Bitmap Index Scan on sbtest6_pkey  (cost=0.00..214.16 rows=9772 width=0)
	              Index Cond: ((id >= 9815093) AND (id <= 9825092))

table 7 : explain SELECT SUM(k) FROM sbtest7 WHERE id BETWEEN 4463126 AND 4473125
	Aggregate  (cost=37031.97..37031.98 rows=1 width=8)
	  ->  Bitmap Heap Scan on sbtest7  (cost=235.26..37004.94 rows=10812 width=4)
	        Recheck Cond: ((id >= 4463126) AND (id <= 4473125))
	        ->  Bitmap Index Scan on sbtest7_pkey  (cost=0.00..232.56 rows=10812 width=0)
	              Index Cond: ((id >= 4463126) AND (id <= 4473125))

table 8 : explain SELECT SUM(k) FROM sbtest8 WHERE id BETWEEN 1630665 AND 1640664
	Aggregate  (cost=35424.01..35424.02 rows=1 width=8)
	  ->  Bitmap Heap Scan on sbtest8  (cost=233.94..35398.27 rows=10293 width=4)
	        Recheck Cond: ((id >= 1630665) AND (id <= 1640664))
	        ->  Bitmap Index Scan on sbtest8_pkey  (cost=0.00..231.37 rows=10293 width=0)
	              Index Cond: ((id >= 1630665) AND (id <= 1640664))

for: order_ranges
table 1 : explain SELECT c FROM sbtest1 WHERE id BETWEEN 8845917 AND 8855916 ORDER BY c
	Sort  (cost=35092.32..35117.39 rows=10028 width=121)
	  Sort Key: c
	  ->  Bitmap Heap Scan on sbtest1  (cost=215.22..34425.87 rows=10028 width=121)
	        Recheck Cond: ((id >= 8845917) AND (id <= 8855916))
	        ->  Bitmap Index Scan on sbtest1_pkey  (cost=0.00..212.72 rows=10028 width=0)
	              Index Cond: ((id >= 8845917) AND (id <= 8855916))

table 2 : explain SELECT c FROM sbtest2 WHERE id BETWEEN 4932692 AND 4942691 ORDER BY c
	Sort  (cost=37842.06..37869.26 rows=10881 width=121)
	  Sort Key: c
	  ->  Bitmap Heap Scan on sbtest2  (cost=231.97..37112.52 rows=10881 width=121)
	        Recheck Cond: ((id >= 4932692) AND (id <= 4942691))
	        ->  Bitmap Index Scan on sbtest2_pkey  (cost=0.00..229.25 rows=10881 width=0)
	              Index Cond: ((id >= 4932692) AND (id <= 4942691))

table 3 : explain SELECT c FROM sbtest3 WHERE id BETWEEN 2325602 AND 2335601 ORDER BY c
	Sort  (cost=36887.26..36913.70 rows=10577 width=121)
	  Sort Key: c
	  ->  Bitmap Heap Scan on sbtest3  (cost=228.85..36180.26 rows=10577 width=121)
	        Recheck Cond: ((id >= 2325602) AND (id <= 2335601))
	        ->  Bitmap Index Scan on sbtest3_pkey  (cost=0.00..226.20 rows=10577 width=0)
	              Index Cond: ((id >= 2325602) AND (id <= 2335601))

table 4 : explain SELECT c FROM sbtest4 WHERE id BETWEEN 5221877 AND 5231876 ORDER BY c
	Sort  (cost=34816.46..34841.24 rows=9913 width=121)
	  Sort Key: c
	  ->  Bitmap Heap Scan on sbtest4  (cost=218.04..34158.48 rows=9913 width=121)
	        Recheck Cond: ((id >= 5221877) AND (id <= 5231876))
	        ->  Bitmap Index Scan on sbtest4_pkey  (cost=0.00..215.56 rows=9913 width=0)
	              Index Cond: ((id >= 5221877) AND (id <= 5231876))

table 5 : explain SELECT c FROM sbtest5 WHERE id BETWEEN 5496737 AND 5506736 ORDER BY c
	Sort  (cost=36355.56..36381.55 rows=10395 width=121)
	  Sort Key: c
	  ->  Bitmap Heap Scan on sbtest5  (cost=222.98..35662.03 rows=10395 width=121)
	        Recheck Cond: ((id >= 5496737) AND (id <= 5506736))
	        ->  Bitmap Index Scan on sbtest5_pkey  (cost=0.00..220.38 rows=10395 width=0)
	              Index Cond: ((id >= 5496737) AND (id <= 5506736))

table 6 : explain SELECT c FROM sbtest6 WHERE id BETWEEN 6667092 AND 6677091 ORDER BY c
	Sort  (cost=32092.77..32115.44 rows=9068 width=121)
	  Sort Key: c
	  ->  Bitmap Heap Scan on sbtest6  (cost=197.38..31496.70 rows=9068 width=121)
	        Recheck Cond: ((id >= 6667092) AND (id <= 6677091))
	        ->  Bitmap Index Scan on sbtest6_pkey  (cost=0.00..195.12 rows=9068 width=0)
	              Index Cond: ((id >= 6667092) AND (id <= 6677091))

table 7 : explain SELECT c FROM sbtest7 WHERE id BETWEEN 5562823 AND 5572822 ORDER BY c
	Sort  (cost=36177.52..36203.33 rows=10323 width=121)
	  Sort Key: c
	  ->  Bitmap Heap Scan on sbtest7  (cost=226.25..35489.31 rows=10323 width=121)
	        Recheck Cond: ((id >= 5562823) AND (id <= 5572822))
	        ->  Bitmap Index Scan on sbtest7_pkey  (cost=0.00..223.67 rows=10323 width=0)
	              Index Cond: ((id >= 5562823) AND (id <= 5572822))

table 8 : explain SELECT c FROM sbtest8 WHERE id BETWEEN 7633986 AND 7643985 ORDER BY c
	Sort  (cost=34211.58..34235.85 rows=9709 width=121)
	  Sort Key: c
	  ->  Bitmap Heap Scan on sbtest8  (cost=219.95..33568.59 rows=9709 width=121)
	        Recheck Cond: ((id >= 7633986) AND (id <= 7643985))
	        ->  Bitmap Index Scan on sbtest8_pkey  (cost=0.00..217.53 rows=9709 width=0)
	              Index Cond: ((id >= 7633986) AND (id <= 7643985))

for: distinct_ranges
table 1 : explain SELECT DISTINCT c FROM sbtest1 WHERE id BETWEEN 4052755 AND 4062754 ORDER BY c
	Unique  (cost=36092.38..36144.09 rows=10342 width=121)
	  ->  Sort  (cost=36092.38..36118.24 rows=10342 width=121)
	        Sort Key: c
	        ->  Bitmap Heap Scan on sbtest1  (cost=222.44..35402.77 rows=10342 width=121)
	              Recheck Cond: ((id >= 4052755) AND (id <= 4062754))
	              ->  Bitmap Index Scan on sbtest1_pkey  (cost=0.00..219.86 rows=10342 width=0)
	                    Index Cond: ((id >= 4052755) AND (id <= 4062754))

table 2 : explain SELECT DISTINCT c FROM sbtest2 WHERE id BETWEEN 1198251 AND 1208250 ORDER BY c
	Unique  (cost=37036.81..37089.94 rows=10626 width=121)
	  ->  Sort  (cost=37036.81..37063.37 rows=10626 width=121)
	        Sort Key: c
	        ->  Bitmap Heap Scan on sbtest2  (cost=229.35..36326.17 rows=10626 width=121)
	              Recheck Cond: ((id >= 1198251) AND (id <= 1208250))
	              ->  Bitmap Index Scan on sbtest2_pkey  (cost=0.00..226.69 rows=10626 width=0)
	                    Index Cond: ((id >= 1198251) AND (id <= 1208250))

table 3 : explain SELECT DISTINCT c FROM sbtest3 WHERE id BETWEEN 2395640 AND 2405639 ORDER BY c
	Unique  (cost=34499.74..34548.88 rows=9827 width=121)
	  ->  Sort  (cost=34499.74..34524.31 rows=9827 width=121)
	        Sort Key: c
	        ->  Bitmap Heap Scan on sbtest3  (cost=213.16..33848.09 rows=9827 width=121)
	              Recheck Cond: ((id >= 2395640) AND (id <= 2405639))
	              ->  Bitmap Index Scan on sbtest3_pkey  (cost=0.00..210.70 rows=9827 width=0)
	                    Index Cond: ((id >= 2395640) AND (id <= 2405639))

table 4 : explain SELECT DISTINCT c FROM sbtest4 WHERE id BETWEEN 7109121 AND 7119120 ORDER BY c
	Unique  (cost=35139.46..35189.53 rows=10014 width=121)
	  ->  Sort  (cost=35139.46..35164.50 rows=10014 width=121)
	        Sort Key: c
	        ->  Bitmap Heap Scan on sbtest4  (cost=219.08..34474.05 rows=10014 width=121)
	              Recheck Cond: ((id >= 7109121) AND (id <= 7119120))
	              ->  Bitmap Index Scan on sbtest4_pkey  (cost=0.00..216.57 rows=10014 width=0)
	                    Index Cond: ((id >= 7109121) AND (id <= 7119120))

table 5 : explain SELECT DISTINCT c FROM sbtest5 WHERE id BETWEEN 1970959 AND 1980958 ORDER BY c
	Unique  (cost=34746.20..34795.66 rows=9891 width=121)
	  ->  Sort  (cost=34746.20..34770.93 rows=9891 width=121)
	        Sort Key: c
	        ->  Bitmap Heap Scan on sbtest5  (cost=213.82..34089.84 rows=9891 width=121)
	              Recheck Cond: ((id >= 1970959) AND (id <= 1980958))
	              ->  Bitmap Index Scan on sbtest5_pkey  (cost=0.00..211.34 rows=9891 width=0)
	                    Index Cond: ((id >= 1970959) AND (id <= 1980958))

table 6 : explain SELECT DISTINCT c FROM sbtest6 WHERE id BETWEEN 6628398 AND 6638397 ORDER BY c
	Unique  (cost=32092.77..32138.11 rows=9068 width=121)
	  ->  Sort  (cost=32092.77..32115.44 rows=9068 width=121)
	        Sort Key: c
	        ->  Bitmap Heap Scan on sbtest6  (cost=197.38..31496.70 rows=9068 width=121)
	              Recheck Cond: ((id >= 6628398) AND (id <= 6638397))
	              ->  Bitmap Index Scan on sbtest6_pkey  (cost=0.00..195.12 rows=9068 width=0)
	                    Index Cond: ((id >= 6628398) AND (id <= 6638397))

table 7 : explain SELECT DISTINCT c FROM sbtest7 WHERE id BETWEEN 4640786 AND 4650785 ORDER BY c
	Unique  (cost=34030.42..34078.69 rows=9654 width=121)
	  ->  Sort  (cost=34030.42..34054.55 rows=9654 width=121)
	        Sort Key: c
	        ->  Bitmap Heap Scan on sbtest7  (cost=211.39..33391.47 rows=9654 width=121)
	              Recheck Cond: ((id >= 4640786) AND (id <= 4650785))
	              ->  Bitmap Index Scan on sbtest7_pkey  (cost=0.00..208.98 rows=9654 width=0)
	                    Index Cond: ((id >= 4640786) AND (id <= 4650785))

table 8 : explain SELECT DISTINCT c FROM sbtest8 WHERE id BETWEEN 9492610 AND 9502609 ORDER BY c
	Unique  (cost=35599.63..35650.34 rows=10142 width=121)
	  ->  Sort  (cost=35599.63..35624.99 rows=10142 width=121)
	        Sort Key: c
	        ->  Bitmap Heap Scan on sbtest8  (cost=228.39..34924.78 rows=10142 width=121)
	              Recheck Cond: ((id >= 9492610) AND (id <= 9502609))
	              ->  Bitmap Index Scan on sbtest8_pkey  (cost=0.00..225.86 rows=10142 width=0)
	                    Index Cond: ((id >= 9492610) AND (id <= 9502609))

for: simple_ranges
table 1 : explain SELECT c FROM sbtest1 WHERE id BETWEEN 7184238 AND 7194237
	Bitmap Heap Scan on sbtest1  (cost=223.84..35824.05 rows=10479 width=121)
	  Recheck Cond: ((id >= 7184238) AND (id <= 7194237))
	  ->  Bitmap Index Scan on sbtest1_pkey  (cost=0.00..221.23 rows=10479 width=0)
	        Index Cond: ((id >= 7184238) AND (id <= 7194237))

table 2 : explain SELECT c FROM sbtest2 WHERE id BETWEEN 5271743 AND 5281742
	Bitmap Heap Scan on sbtest2  (cost=207.48..33327.98 rows=9663 width=121)
	  Recheck Cond: ((id >= 5271743) AND (id <= 5281742))
	  ->  Bitmap Index Scan on sbtest2_pkey  (cost=0.00..205.06 rows=9663 width=0)
	        Index Cond: ((id >= 5271743) AND (id <= 5281742))

table 3 : explain SELECT c FROM sbtest3 WHERE id BETWEEN 7389393 AND 7399392
	Bitmap Heap Scan on sbtest3  (cost=215.34..34510.66 rows=10040 width=121)
	  Recheck Cond: ((id >= 7389393) AND (id <= 7399392))
	  ->  Bitmap Index Scan on sbtest3_pkey  (cost=0.00..212.84 rows=10040 width=0)
	        Index Cond: ((id >= 7389393) AND (id <= 7399392))

table 4 : explain SELECT c FROM sbtest4 WHERE id BETWEEN 7667935 AND 7677934
	Bitmap Heap Scan on sbtest4  (cost=205.04..32621.77 rows=9425 width=121)
	  Recheck Cond: ((id >= 7667935) AND (id <= 7677934))
	  ->  Bitmap Index Scan on sbtest4_pkey  (cost=0.00..202.69 rows=9425 width=0)
	        Index Cond: ((id >= 7667935) AND (id <= 7677934))

table 5 : explain SELECT c FROM sbtest5 WHERE id BETWEEN 2230381 AND 2240380
	Bitmap Heap Scan on sbtest5  (cost=206.44..33052.22 rows=9561 width=121)
	  Recheck Cond: ((id >= 2230381) AND (id <= 2240380))
	  ->  Bitmap Index Scan on sbtest5_pkey  (cost=0.00..204.05 rows=9561 width=0)
	        Index Cond: ((id >= 2230381) AND (id <= 2240380))

table 6 : explain SELECT c FROM sbtest6 WHERE id BETWEEN 3219753 AND 3229752
	Bitmap Heap Scan on sbtest6  (cost=202.78..31930.26 rows=9204 width=121)
	  Recheck Cond: ((id >= 3219753) AND (id <= 3229752))
	  ->  Bitmap Index Scan on sbtest6_pkey  (cost=0.00..200.48 rows=9204 width=0)
	        Index Cond: ((id >= 3219753) AND (id <= 3229752))

table 7 : explain SELECT c FROM sbtest7 WHERE id BETWEEN 3470732 AND 3480731
	Bitmap Heap Scan on sbtest7  (cost=203.62..32228.75 rows=9286 width=121)
	  Recheck Cond: ((id >= 3470732) AND (id <= 3480731))
	  ->  Bitmap Index Scan on sbtest7_pkey  (cost=0.00..201.30 rows=9286 width=0)
	        Index Cond: ((id >= 3470732) AND (id <= 3480731))

table 8 : explain SELECT c FROM sbtest8 WHERE id BETWEEN 8744433 AND 8754432
	Bitmap Heap Scan on sbtest8  (cost=229.16..35159.62 rows=10217 width=121)
	  Recheck Cond: ((id >= 8744433) AND (id <= 8754432))
	  ->  Bitmap Index Scan on sbtest8_pkey  (cost=0.00..226.61 rows=10217 width=0)
	        Index Cond: ((id >= 8744433) AND (id <= 8754432))

for: sum_ranges
table 1 : explain SELECT SUM(k) FROM sbtest1 WHERE id BETWEEN 4938098 AND 4948097
	Aggregate  (cost=36054.40..36054.41 rows=1 width=8)
	  ->  Bitmap Heap Scan on sbtest1  (cost=224.52..36028.04 rows=10545 width=4)
	        Recheck Cond: ((id >= 4938098) AND (id <= 4948097))
	        ->  Bitmap Index Scan on sbtest1_pkey  (cost=0.00..221.88 rows=10545 width=0)
	              Index Cond: ((id >= 4938098) AND (id <= 4948097))

table 2 : explain SELECT SUM(k) FROM sbtest2 WHERE id BETWEEN 6308254 AND 6318253
	Aggregate  (cost=35162.04..35162.05 rows=1 width=8)
	  ->  Bitmap Heap Scan on sbtest2  (cost=221.42..35136.44 rows=10242 width=4)
	        Recheck Cond: ((id >= 6308254) AND (id <= 6318253))
	        ->  Bitmap Index Scan on sbtest2_pkey  (cost=0.00..218.86 rows=10242 width=0)
	              Index Cond: ((id >= 6308254) AND (id <= 6318253))

table 3 : explain SELECT SUM(k) FROM sbtest3 WHERE id BETWEEN 711934 AND 721933
	Aggregate  (cost=34439.30..34439.31 rows=1 width=8)
	  ->  Bitmap Heap Scan on sbtest3  (cost=215.03..34414.28 rows=10009 width=4)
	        Recheck Cond: ((id >= 711934) AND (id <= 721933))
	        ->  Bitmap Index Scan on sbtest3_pkey  (cost=0.00..212.53 rows=10009 width=0)
	              Index Cond: ((id >= 711934) AND (id <= 721933))

table 4 : explain SELECT SUM(k) FROM sbtest4 WHERE id BETWEEN 6654288 AND 6664287
	Aggregate  (cost=33080.46..33080.47 rows=1 width=8)
	  ->  Bitmap Heap Scan on sbtest4  (cost=210.45..33056.56 rows=9562 width=4)
	        Recheck Cond: ((id >= 6654288) AND (id <= 6664287))
	        ->  Bitmap Index Scan on sbtest4_pkey  (cost=0.00..208.06 rows=9562 width=0)
	              Index Cond: ((id >= 6654288) AND (id <= 6664287))

table 5 : explain SELECT SUM(k) FROM sbtest5 WHERE id BETWEEN 392144 AND 402143
	Aggregate  (cost=36380.44..36380.45 rows=1 width=8)
	  ->  Bitmap Heap Scan on sbtest5  (cost=229.27..36353.90 rows=10618 width=4)
	        Recheck Cond: ((id >= 392144) AND (id <= 402143))
	        ->  Bitmap Index Scan on sbtest5_pkey  (cost=0.00..226.62 rows=10618 width=0)
	              Index Cond: ((id >= 392144) AND (id <= 402143))

table 6 : explain SELECT SUM(k) FROM sbtest6 WHERE id BETWEEN 6882820 AND 6892819
	Aggregate  (cost=37671.34..37671.35 rows=1 width=8)
	  ->  Bitmap Heap Scan on sbtest6  (cost=241.53..37643.75 rows=11034 width=4)
	        Recheck Cond: ((id >= 6882820) AND (id <= 6892819))
	        ->  Bitmap Index Scan on sbtest6_pkey  (cost=0.00..238.78 rows=11034 width=0)
	              Index Cond: ((id >= 6882820) AND (id <= 6892819))

table 7 : explain SELECT SUM(k) FROM sbtest7 WHERE id BETWEEN 3320830 AND 3330829
	Aggregate  (cost=36400.83..36400.84 rows=1 width=8)
	  ->  Bitmap Heap Scan on sbtest7  (cost=229.18..36374.30 rows=10609 width=4)
	        Recheck Cond: ((id >= 3320830) AND (id <= 3330829))
	        ->  Bitmap Index Scan on sbtest7_pkey  (cost=0.00..226.53 rows=10609 width=0)
	              Index Cond: ((id >= 3320830) AND (id <= 3330829))

table 8 : explain SELECT SUM(k) FROM sbtest8 WHERE id BETWEEN 3736594 AND 3746593
	Aggregate  (cost=37354.05..37354.06 rows=1 width=8)
	  ->  Bitmap Heap Scan on sbtest8  (cost=248.29..37326.76 rows=10913 width=4)
	        Recheck Cond: ((id >= 3736594) AND (id <= 3746593))
	        ->  Bitmap Index Scan on sbtest8_pkey  (cost=0.00..245.56 rows=10913 width=0)
	              Index Cond: ((id >= 3736594) AND (id <= 3746593))

for: order_ranges
table 1 : explain SELECT c FROM sbtest1 WHERE id BETWEEN 7679394 AND 7689393 ORDER BY c
	Sort  (cost=34335.46..34359.94 rows=9791 width=121)
	  Sort Key: c
	  ->  Bitmap Heap Scan on sbtest1  (cost=208.79..33686.45 rows=9791 width=121)
	        Recheck Cond: ((id >= 7679394) AND (id <= 7689393))
	        ->  Bitmap Index Scan on sbtest1_pkey  (cost=0.00..206.34 rows=9791 width=0)
	              Index Cond: ((id >= 7679394) AND (id <= 7689393))

table 2 : explain SELECT c FROM sbtest2 WHERE id BETWEEN 6619488 AND 6629487 ORDER BY c
	Sort  (cost=35443.77..35469.08 rows=10125 width=121)
	  Sort Key: c
	  ->  Bitmap Heap Scan on sbtest2  (cost=216.22..34770.17 rows=10125 width=121)
	        Recheck Cond: ((id >= 6619488) AND (id <= 6629487))
	        ->  Bitmap Index Scan on sbtest2_pkey  (cost=0.00..213.69 rows=10125 width=0)
	              Index Cond: ((id >= 6619488) AND (id <= 6629487))

table 3 : explain SELECT c FROM sbtest3 WHERE id BETWEEN 8871237 AND 8881236 ORDER BY c
	Sort  (cost=39318.96..39347.33 rows=11349 width=121)
	  Sort Key: c
	  ->  Bitmap Heap Scan on sbtest3  (cost=244.76..38554.59 rows=11349 width=121)
	        Recheck Cond: ((id >= 8871237) AND (id <= 8881236))
	        ->  Bitmap Index Scan on sbtest3_pkey  (cost=0.00..241.93 rows=11349 width=0)
	              Index Cond: ((id >= 8871237) AND (id <= 8881236))

table 4 : explain SELECT c FROM sbtest4 WHERE id BETWEEN 8879174 AND 8889173 ORDER BY c
	Sort  (cost=35722.64..35748.13 rows=10196 width=121)
	  Sort Key: c
	  ->  Bitmap Heap Scan on sbtest4  (cost=224.94..35043.81 rows=10196 width=121)
	        Recheck Cond: ((id >= 8879174) AND (id <= 8889173))
	        ->  Bitmap Index Scan on sbtest4_pkey  (cost=0.00..222.40 rows=10196 width=0)
	              Index Cond: ((id >= 8879174) AND (id <= 8889173))

table 5 : explain SELECT c FROM sbtest5 WHERE id BETWEEN 4103844 AND 4113843 ORDER BY c
	Sort  (cost=33196.25..33219.78 rows=9410 width=121)
	  Sort Key: c
	  ->  Bitmap Heap Scan on sbtest5  (cost=200.89..32575.19 rows=9410 width=121)
	        Recheck Cond: ((id >= 4103844) AND (id <= 4113843))
	        ->  Bitmap Index Scan on sbtest5_pkey  (cost=0.00..198.54 rows=9410 width=0)
	              Index Cond: ((id >= 4103844) AND (id <= 4113843))

table 6 : explain SELECT c FROM sbtest6 WHERE id BETWEEN 362149 AND 372148 ORDER BY c
	Sort  (cost=35825.01..35850.57 rows=10227 width=121)
	  Sort Key: c
	  ->  Bitmap Heap Scan on sbtest6  (cost=225.26..35143.88 rows=10227 width=121)
	        Recheck Cond: ((id >= 362149) AND (id <= 372148))
	        ->  Bitmap Index Scan on sbtest6_pkey  (cost=0.00..222.70 rows=10227 width=0)
	              Index Cond: ((id >= 362149) AND (id <= 372148))

table 7 : explain SELECT c FROM sbtest7 WHERE id BETWEEN 1613469 AND 1623468 ORDER BY c
	Sort  (cost=34596.58..34621.16 rows=9831 width=121)
	  Sort Key: c
	  ->  Bitmap Heap Scan on sbtest7  (cost=213.20..33944.64 rows=9831 width=121)
	        Recheck Cond: ((id >= 1613469) AND (id <= 1623468))
	        ->  Bitmap Index Scan on sbtest7_pkey  (cost=0.00..210.75 rows=9831 width=0)
	              Index Cond: ((id >= 1613469) AND (id <= 1623468))

table 8 : explain SELECT c FROM sbtest8 WHERE id BETWEEN 2641177 AND 2651176 ORDER BY c
	Sort  (cost=36541.01..36567.10 rows=10436 width=121)
	  Sort Key: c
	  ->  Bitmap Heap Scan on sbtest8  (cost=235.40..35844.44 rows=10436 width=121)
	        Recheck Cond: ((id >= 2641177) AND (id <= 2651176))
	        ->  Bitmap Index Scan on sbtest8_pkey  (cost=0.00..232.80 rows=10436 width=0)
	              Index Cond: ((id >= 2641177) AND (id <= 2651176))

for: sum_ranges
table 1 : explain SELECT SUM(k) FROM sbtest1 WHERE id BETWEEN 8640490 AND 8650489
	Aggregate  (cost=34476.60..34476.61 rows=1 width=8)
	  ->  Bitmap Heap Scan on sbtest1  (cost=215.30..34451.51 rows=10036 width=4)
	        Recheck Cond: ((id >= 8640490) AND (id <= 8650489))
	        ->  Bitmap Index Scan on sbtest1_pkey  (cost=0.00..212.80 rows=10036 width=0)
	              Index Cond: ((id >= 8640490) AND (id <= 8650489))

table 2 : explain SELECT SUM(k) FROM sbtest2 WHERE id BETWEEN 515368 AND 525367
	Aggregate  (cost=39021.08..39021.09 rows=1 width=8)
	  ->  Bitmap Heap Scan on sbtest2  (cost=246.26..38992.34 rows=11495 width=4)
	        Recheck Cond: ((id >= 515368) AND (id <= 525367))
	        ->  Bitmap Index Scan on sbtest2_pkey  (cost=0.00..243.38 rows=11495 width=0)
	              Index Cond: ((id >= 515368) AND (id <= 525367))

table 3 : explain SELECT SUM(k) FROM sbtest3 WHERE id BETWEEN 3113642 AND 3123641
	Aggregate  (cost=34950.90..34950.91 rows=1 width=8)
	  ->  Bitmap Heap Scan on sbtest3  (cost=220.70..34925.47 rows=10172 width=4)
	        Recheck Cond: ((id >= 3113642) AND (id <= 3123641))
	        ->  Bitmap Index Scan on sbtest3_pkey  (cost=0.00..218.16 rows=10172 width=0)
	              Index Cond: ((id >= 3113642) AND (id <= 3123641))

table 4 : explain SELECT SUM(k) FROM sbtest4 WHERE id BETWEEN 9385609 AND 9395608
	Aggregate  (cost=32281.68..32281.69 rows=1 width=8)
	  ->  Bitmap Heap Scan on sbtest4  (cost=203.85..32258.41 rows=9309 width=4)
	        Recheck Cond: ((id >= 9385609) AND (id <= 9395608))
	        ->  Bitmap Index Scan on sbtest4_pkey  (cost=0.00..201.53 rows=9309 width=0)
	              Index Cond: ((id >= 9385609) AND (id <= 9395608))

table 5 : explain SELECT SUM(k) FROM sbtest5 WHERE id BETWEEN 2681730 AND 2691729
	Aggregate  (cost=32221.95..32221.96 rows=1 width=8)
	  ->  Bitmap Heap Scan on sbtest5  (cost=199.66..32198.72 rows=9290 width=4)
	        Recheck Cond: ((id >= 2681730) AND (id <= 2691729))
	        ->  Bitmap Index Scan on sbtest5_pkey  (cost=0.00..197.34 rows=9290 width=0)
	              Index Cond: ((id >= 2681730) AND (id <= 2691729))

table 6 : explain SELECT SUM(k) FROM sbtest6 WHERE id BETWEEN 8504924 AND 8514923
	Aggregate  (cost=35985.00..35985.01 rows=1 width=8)
	  ->  Bitmap Heap Scan on sbtest6  (cost=231.94..35958.78 rows=10488 width=4)
	        Recheck Cond: ((id >= 8504924) AND (id <= 8514923))
	        ->  Bitmap Index Scan on sbtest6_pkey  (cost=0.00..229.31 rows=10488 width=0)
	              Index Cond: ((id >= 8504924) AND (id <= 8514923))

table 7 : explain SELECT SUM(k) FROM sbtest7 WHERE id BETWEEN 7868643 AND 7878642
	Aggregate  (cost=34428.76..34428.77 rows=1 width=8)
	  ->  Bitmap Heap Scan on sbtest7  (cost=218.69..34403.82 rows=9976 width=4)
	        Recheck Cond: ((id >= 7868643) AND (id <= 7878642))
	        ->  Bitmap Index Scan on sbtest7_pkey  (cost=0.00..216.19 rows=9976 width=0)
	              Index Cond: ((id >= 7868643) AND (id <= 7878642))

table 8 : explain SELECT SUM(k) FROM sbtest8 WHERE id BETWEEN 9985713 AND 9995712
	Aggregate  (cost=33301.25..33301.26 rows=1 width=8)
	  ->  Bitmap Heap Scan on sbtest8  (cost=219.00..33277.21 rows=9616 width=4)
	        Recheck Cond: ((id >= 9985713) AND (id <= 9995712))
	        ->  Bitmap Index Scan on sbtest8_pkey  (cost=0.00..216.59 rows=9616 width=0)
	              Index Cond: ((id >= 9985713) AND (id <= 9995712))

for: sum_ranges
table 1 : explain SELECT SUM(k) FROM sbtest1 WHERE id BETWEEN 4508662 AND 4518661
	Aggregate  (cost=35095.96..35095.97 rows=1 width=8)
	  ->  Bitmap Heap Scan on sbtest1  (cost=221.34..35070.37 rows=10235 width=4)
	        Recheck Cond: ((id >= 4508662) AND (id <= 4518661))
	        ->  Bitmap Index Scan on sbtest1_pkey  (cost=0.00..218.79 rows=10235 width=0)
	              Index Cond: ((id >= 4508662) AND (id <= 4518661))

table 2 : explain SELECT SUM(k) FROM sbtest2 WHERE id BETWEEN 3930571 AND 3940570
	Aggregate  (cost=36627.03..36627.04 rows=1 width=8)
	  ->  Bitmap Heap Scan on sbtest2  (cost=230.26..36600.24 rows=10715 width=4)
	        Recheck Cond: ((id >= 3930571) AND (id <= 3940570))
	        ->  Bitmap Index Scan on sbtest2_pkey  (cost=0.00..227.59 rows=10715 width=0)
	              Index Cond: ((id >= 3930571) AND (id <= 3940570))

table 3 : explain SELECT SUM(k) FROM sbtest3 WHERE id BETWEEN 5200838 AND 5210837
	Aggregate  (cost=35005.47..35005.48 rows=1 width=8)
	  ->  Bitmap Heap Scan on sbtest3  (cost=220.88..34979.99 rows=10190 width=4)
	        Recheck Cond: ((id >= 5200838) AND (id <= 5210837))
	        ->  Bitmap Index Scan on sbtest3_pkey  (cost=0.00..218.34 rows=10190 width=0)
	              Index Cond: ((id >= 5200838) AND (id <= 5210837))

table 4 : explain SELECT SUM(k) FROM sbtest4 WHERE id BETWEEN 6551953 AND 6561952
	Aggregate  (cost=38048.62..38048.63 rows=1 width=8)
	  ->  Bitmap Heap Scan on sbtest4  (cost=242.81..38020.72 rows=11159 width=4)
	        Recheck Cond: ((id >= 6551953) AND (id <= 6561952))
	        ->  Bitmap Index Scan on sbtest4_pkey  (cost=0.00..240.03 rows=11159 width=0)
	              Index Cond: ((id >= 6551953) AND (id <= 6561952))

table 5 : explain SELECT SUM(k) FROM sbtest5 WHERE id BETWEEN 161456 AND 171455
	Aggregate  (cost=35530.85..35530.86 rows=1 width=8)
	  ->  Bitmap Heap Scan on sbtest5  (cost=222.46..35504.99 rows=10344 width=4)
	        Recheck Cond: ((id >= 161456) AND (id <= 171455))
	        ->  Bitmap Index Scan on sbtest5_pkey  (cost=0.00..219.88 rows=10344 width=0)
	              Index Cond: ((id >= 161456) AND (id <= 171455))

table 6 : explain SELECT SUM(k) FROM sbtest6 WHERE id BETWEEN 95095 AND 105094
	Aggregate  (cost=32856.99..32857.00 rows=1 width=8)
	  ->  Bitmap Heap Scan on sbtest6  (cost=209.70..32833.27 rows=9489 width=4)
	        Recheck Cond: ((id >= 95095) AND (id <= 105094))
	        ->  Bitmap Index Scan on sbtest6_pkey  (cost=0.00..207.32 rows=9489 width=0)
	              Index Cond: ((id >= 95095) AND (id <= 105094))

table 7 : explain SELECT SUM(k) FROM sbtest7 WHERE id BETWEEN 71249 AND 81248
	Aggregate  (cost=32222.67..32222.68 rows=1 width=8)
	  ->  Bitmap Heap Scan on sbtest7  (cost=203.52..32199.48 rows=9277 width=4)
	        Recheck Cond: ((id >= 71249) AND (id <= 81248))
	        ->  Bitmap Index Scan on sbtest7_pkey  (cost=0.00..201.20 rows=9277 width=0)
	              Index Cond: ((id >= 71249) AND (id <= 81248))

table 8 : explain SELECT SUM(k) FROM sbtest8 WHERE id BETWEEN 1883991 AND 1893990
	Aggregate  (cost=34898.58..34898.59 rows=1 width=8)
	  ->  Bitmap Heap Scan on sbtest8  (cost=228.22..34873.26 rows=10125 width=4)
	        Recheck Cond: ((id >= 1883991) AND (id <= 1893990))
	        ->  Bitmap Index Scan on sbtest8_pkey  (cost=0.00..225.69 rows=10125 width=0)
	              Index Cond: ((id >= 1883991) AND (id <= 1893990))

for: sum_ranges
table 1 : explain SELECT SUM(k) FROM sbtest1 WHERE id BETWEEN 3654516 AND 3664515
	Aggregate  (cost=33956.23..33956.24 rows=1 width=8)
	  ->  Bitmap Heap Scan on sbtest1  (cost=213.59..33931.56 rows=9869 width=4)
	        Recheck Cond: ((id >= 3654516) AND (id <= 3664515))
	        ->  Bitmap Index Scan on sbtest1_pkey  (cost=0.00..211.12 rows=9869 width=0)
	              Index Cond: ((id >= 3654516) AND (id <= 3664515))

table 2 : explain SELECT SUM(k) FROM sbtest2 WHERE id BETWEEN 3780008 AND 3790007
	Aggregate  (cost=35296.65..35296.66 rows=1 width=8)
	  ->  Bitmap Heap Scan on sbtest2  (cost=221.86..35270.94 rows=10285 width=4)
	        Recheck Cond: ((id >= 3780008) AND (id <= 3790007))
	        ->  Bitmap Index Scan on sbtest2_pkey  (cost=0.00..219.29 rows=10285 width=0)
	              Index Cond: ((id >= 3780008) AND (id <= 3790007))

table 3 : explain SELECT SUM(k) FROM sbtest3 WHERE id BETWEEN 6507294 AND 6517293
	Aggregate  (cost=33740.48..33740.49 rows=1 width=8)
	  ->  Bitmap Heap Scan on sbtest3  (cost=212.73..33716.02 rows=9785 width=4)
	        Recheck Cond: ((id >= 6507294) AND (id <= 6517293))
	        ->  Bitmap Index Scan on sbtest3_pkey  (cost=0.00..210.29 rows=9785 width=0)
	              Index Cond: ((id >= 6507294) AND (id <= 6517293))

table 4 : explain SELECT SUM(k) FROM sbtest4 WHERE id BETWEEN 6110354 AND 6120353
	Aggregate  (cost=32564.20..32564.21 rows=1 width=8)
	  ->  Bitmap Heap Scan on sbtest4  (cost=204.77..32540.71 rows=9399 width=4)
	        Recheck Cond: ((id >= 6110354) AND (id <= 6120353))
	        ->  Bitmap Index Scan on sbtest4_pkey  (cost=0.00..202.43 rows=9399 width=0)
	              Index Cond: ((id >= 6110354) AND (id <= 6120353))

table 5 : explain SELECT SUM(k) FROM sbtest5 WHERE id BETWEEN 5308469 AND 5318468
	Aggregate  (cost=32794.13..32794.14 rows=1 width=8)
	  ->  Bitmap Heap Scan on sbtest5  (cost=205.51..32770.45 rows=9471 width=4)
	        Recheck Cond: ((id >= 5308469) AND (id <= 5318468))
	        ->  Bitmap Index Scan on sbtest5_pkey  (cost=0.00..203.15 rows=9471 width=0)
	              Index Cond: ((id >= 5308469) AND (id <= 5318468))

table 6 : explain SELECT SUM(k) FROM sbtest6 WHERE id BETWEEN 4495178 AND 4505177
	Aggregate  (cost=33757.51..33757.52 rows=1 width=8)
	  ->  Bitmap Heap Scan on sbtest6  (cost=216.63..33733.08 rows=9775 width=4)
	        Recheck Cond: ((id >= 4495178) AND (id <= 4505177))
	        ->  Bitmap Index Scan on sbtest6_pkey  (cost=0.00..214.19 rows=9775 width=0)
	              Index Cond: ((id >= 4495178) AND (id <= 4505177))

table 7 : explain SELECT SUM(k) FROM sbtest7 WHERE id BETWEEN 2693710 AND 2703709
	Aggregate  (cost=36176.46..36176.47 rows=1 width=8)
	  ->  Bitmap Heap Scan on sbtest7  (cost=228.43..36150.12 rows=10536 width=4)
	        Recheck Cond: ((id >= 2693710) AND (id <= 2703709))
	        ->  Bitmap Index Scan on sbtest7_pkey  (cost=0.00..225.80 rows=10536 width=0)
	              Index Cond: ((id >= 2693710) AND (id <= 2703709))

table 8 : explain SELECT SUM(k) FROM sbtest8 WHERE id BETWEEN 2388936 AND 2398935
	Aggregate  (cost=36162.46..36162.47 rows=1 width=8)
	  ->  Bitmap Heap Scan on sbtest8  (cost=236.37..36136.13 rows=10530 width=4)
	        Recheck Cond: ((id >= 2388936) AND (id <= 2398935))
	        ->  Bitmap Index Scan on sbtest8_pkey  (cost=0.00..233.74 rows=10530 width=0)
	              Index Cond: ((id >= 2388936) AND (id <= 2398935))

for point_selects
table 1 : explain SELECT c FROM sbtest1 WHERE id=427082
	Index Scan using sbtest1_pkey on sbtest1  (cost=0.43..8.45 rows=1 width=121)
	  Index Cond: (id = 427082)

table 2 : explain SELECT c FROM sbtest2 WHERE id=636260
	Index Scan using sbtest2_pkey on sbtest2  (cost=0.43..8.45 rows=1 width=121)
	  Index Cond: (id = 636260)

table 3 : explain SELECT c FROM sbtest3 WHERE id=133058
	Index Scan using sbtest3_pkey on sbtest3  (cost=0.43..8.45 rows=1 width=121)
	  Index Cond: (id = 133058)

table 4 : explain SELECT c FROM sbtest4 WHERE id=3639969
	Index Scan using sbtest4_pkey on sbtest4  (cost=0.43..8.45 rows=1 width=121)
	  Index Cond: (id = 3639969)

table 5 : explain SELECT c FROM sbtest5 WHERE id=6359381
	Index Scan using sbtest5_pkey on sbtest5  (cost=0.43..8.45 rows=1 width=121)
	  Index Cond: (id = 6359381)

table 6 : explain SELECT c FROM sbtest6 WHERE id=4057066
	Index Scan using sbtest6_pkey on sbtest6  (cost=0.43..8.45 rows=1 width=121)
	  Index Cond: (id = 4057066)

table 7 : explain SELECT c FROM sbtest7 WHERE id=9207854
	Index Scan using sbtest7_pkey on sbtest7  (cost=0.43..8.45 rows=1 width=121)
	  Index Cond: (id = 9207854)

table 8 : explain SELECT c FROM sbtest8 WHERE id=5047490
	Index Scan using sbtest8_pkey on sbtest8  (cost=0.43..8.45 rows=1 width=121)
	  Index Cond: (id = 5047490)

for: order_ranges
table 1 : explain SELECT c FROM sbtest1 WHERE id BETWEEN 6356809 AND 6366808 ORDER BY c
	Sort  (cost=35033.18..35058.20 rows=10009 width=121)
	  Sort Key: c
	  ->  Bitmap Heap Scan on sbtest1  (cost=215.03..34368.13 rows=10009 width=121)
	        Recheck Cond: ((id >= 6356809) AND (id <= 6366808))
	        ->  Bitmap Index Scan on sbtest1_pkey  (cost=0.00..212.53 rows=10009 width=0)
	              Index Cond: ((id >= 6356809) AND (id <= 6366808))

table 2 : explain SELECT c FROM sbtest2 WHERE id BETWEEN 5617527 AND 5627526 ORDER BY c
	Sort  (cost=36149.69..36175.56 rows=10346 width=121)
	  Sort Key: c
	  ->  Bitmap Heap Scan on sbtest2  (cost=222.48..35459.78 rows=10346 width=121)
	        Recheck Cond: ((id >= 5617527) AND (id <= 5627526))
	        ->  Bitmap Index Scan on sbtest2_pkey  (cost=0.00..219.90 rows=10346 width=0)
	              Index Cond: ((id >= 5617527) AND (id <= 5627526))

table 3 : explain SELECT c FROM sbtest3 WHERE id BETWEEN 8765227 AND 8775226 ORDER BY c
	Sort  (cost=35322.59..35347.80 rows=10085 width=121)
	  Sort Key: c
	  ->  Bitmap Heap Scan on sbtest3  (cost=215.81..34651.94 rows=10085 width=121)
	        Recheck Cond: ((id >= 8765227) AND (id <= 8775226))
	        ->  Bitmap Index Scan on sbtest3_pkey  (cost=0.00..213.29 rows=10085 width=0)
	              Index Cond: ((id >= 8765227) AND (id <= 8775226))

table 4 : explain SELECT c FROM sbtest4 WHERE id BETWEEN 2127552 AND 2137551 ORDER BY c
	Sort  (cost=34559.04..34583.62 rows=9832 width=121)
	  Sort Key: c
	  ->  Bitmap Heap Scan on sbtest4  (cost=217.21..33907.02 rows=9832 width=121)
	        Recheck Cond: ((id >= 2127552) AND (id <= 2137551))
	        ->  Bitmap Index Scan on sbtest4_pkey  (cost=0.00..214.75 rows=9832 width=0)
	              Index Cond: ((id >= 2127552) AND (id <= 2137551))

table 5 : explain SELECT c FROM sbtest5 WHERE id BETWEEN 8449126 AND 8459125 ORDER BY c
	Sort  (cost=36411.36..36437.39 rows=10413 width=121)
	  Sort Key: c
	  ->  Bitmap Heap Scan on sbtest5  (cost=223.17..35716.49 rows=10413 width=121)
	        Recheck Cond: ((id >= 8449126) AND (id <= 8459125))
	        ->  Bitmap Index Scan on sbtest5_pkey  (cost=0.00..220.56 rows=10413 width=0)
	              Index Cond: ((id >= 8449126) AND (id <= 8459125))

table 6 : explain SELECT c FROM sbtest6 WHERE id BETWEEN 7466387 AND 7476386 ORDER BY c
	Sort  (cost=35588.21..35613.59 rows=10152 width=121)
	  Sort Key: c
	  ->  Bitmap Heap Scan on sbtest6  (cost=224.49..34912.62 rows=10152 width=121)
	        Recheck Cond: ((id >= 7466387) AND (id <= 7476386))
	        ->  Bitmap Index Scan on sbtest6_pkey  (cost=0.00..221.95 rows=10152 width=0)
	              Index Cond: ((id >= 7466387) AND (id <= 7476386))

table 7 : explain SELECT c FROM sbtest7 WHERE id BETWEEN 7755625 AND 7765624 ORDER BY c
	Sort  (cost=35175.36..35200.39 rows=10010 width=121)
	  Sort Key: c
	  ->  Bitmap Heap Scan on sbtest7  (cost=219.04..34510.24 rows=10010 width=121)
	        Recheck Cond: ((id >= 7755625) AND (id <= 7765624))
	        ->  Bitmap Index Scan on sbtest7_pkey  (cost=0.00..216.54 rows=10010 width=0)
	              Index Cond: ((id >= 7755625) AND (id <= 7765624))

table 8 : explain SELECT c FROM sbtest8 WHERE id BETWEEN 8213169 AND 8223168 ORDER BY c
	Sort  (cost=38479.72..38507.34 rows=11047 width=121)
	  Sort Key: c
	  ->  Bitmap Heap Scan on sbtest8  (cost=249.67..37737.84 rows=11047 width=121)
	        Recheck Cond: ((id >= 8213169) AND (id <= 8223168))
	        ->  Bitmap Index Scan on sbtest8_pkey  (cost=0.00..246.91 rows=11047 width=0)
	              Index Cond: ((id >= 8213169) AND (id <= 8223168))

for: distinct_ranges
table 1 : explain SELECT DISTINCT c FROM sbtest1 WHERE id BETWEEN 8636744 AND 8646743 ORDER BY c
	Unique  (cost=35118.55..35168.73 rows=10036 width=121)
	  ->  Sort  (cost=35118.55..35143.64 rows=10036 width=121)
	        Sort Key: c
	        ->  Bitmap Heap Scan on sbtest1  (cost=215.30..34451.51 rows=10036 width=121)
	              Recheck Cond: ((id >= 8636744) AND (id <= 8646743))
	              ->  Bitmap Index Scan on sbtest1_pkey  (cost=0.00..212.80 rows=10036 width=0)
	                    Index Cond: ((id >= 8636744) AND (id <= 8646743))

table 2 : explain SELECT DISTINCT c FROM sbtest2 WHERE id BETWEEN 6800267 AND 6810266 ORDER BY c
	Unique  (cost=36581.81..36634.22 rows=10483 width=121)
	  ->  Sort  (cost=36581.81..36608.02 rows=10483 width=121)
	        Sort Key: c
	        ->  Bitmap Heap Scan on sbtest2  (cost=223.89..35881.77 rows=10483 width=121)
	              Recheck Cond: ((id >= 6800267) AND (id <= 6810266))
	              ->  Bitmap Index Scan on sbtest2_pkey  (cost=0.00..221.26 rows=10483 width=0)
	                    Index Cond: ((id >= 6800267) AND (id <= 6810266))

table 3 : explain SELECT DISTINCT c FROM sbtest3 WHERE id BETWEEN 7250823 AND 7260822 ORDER BY c
	Unique  (cost=35256.92..35307.25 rows=10065 width=121)
	  ->  Sort  (cost=35256.92..35282.08 rows=10065 width=121)
	        Sort Key: c
	        ->  Bitmap Heap Scan on sbtest3  (cost=215.60..34587.75 rows=10065 width=121)
	              Recheck Cond: ((id >= 7250823) AND (id <= 7260822))
	              ->  Bitmap Index Scan on sbtest3_pkey  (cost=0.00..213.09 rows=10065 width=0)
	                    Index Cond: ((id >= 7250823) AND (id <= 7260822))

table 4 : explain SELECT DISTINCT c FROM sbtest4 WHERE id BETWEEN 3298887 AND 3308886 ORDER BY c
	Unique  (cost=34386.69..34435.59 rows=9780 width=121)
	  ->  Sort  (cost=34386.69..34411.14 rows=9780 width=121)
	        Sort Key: c
	        ->  Bitmap Heap Scan on sbtest4  (cost=212.68..33738.49 rows=9780 width=121)
	              Recheck Cond: ((id >= 3298887) AND (id <= 3308886))
	              ->  Bitmap Index Scan on sbtest4_pkey  (cost=0.00..210.24 rows=9780 width=0)
	                    Index Cond: ((id >= 3298887) AND (id <= 3308886))

table 5 : explain SELECT DISTINCT c FROM sbtest5 WHERE id BETWEEN 7711842 AND 7721841 ORDER BY c
	Unique  (cost=36007.71..36059.14 rows=10286 width=121)
	  ->  Sort  (cost=36007.71..36033.42 rows=10286 width=121)
	        Sort Key: c
	        ->  Bitmap Heap Scan on sbtest5  (cost=221.87..35322.23 rows=10286 width=121)
	              Recheck Cond: ((id >= 7711842) AND (id <= 7721841))
	              ->  Bitmap Index Scan on sbtest5_pkey  (cost=0.00..219.30 rows=10286 width=0)
	                    Index Cond: ((id >= 7711842) AND (id <= 7721841))

table 6 : explain SELECT DISTINCT c FROM sbtest6 WHERE id BETWEEN 2412995 AND 2422994 ORDER BY c
	Unique  (cost=37824.02..37878.30 rows=10856 width=121)
	  ->  Sort  (cost=37824.02..37851.16 rows=10856 width=121)
	        Sort Key: c
	        ->  Bitmap Heap Scan on sbtest6  (cost=239.71..37096.34 rows=10856 width=121)
	              Recheck Cond: ((id >= 2412995) AND (id <= 2422994))
	              ->  Bitmap Index Scan on sbtest6_pkey  (cost=0.00..237.00 rows=10856 width=0)
	                    Index Cond: ((id >= 2412995) AND (id <= 2422994))

table 7 : explain SELECT DISTINCT c FROM sbtest7 WHERE id BETWEEN 5250899 AND 5260898 ORDER BY c
	Unique  (cost=36476.69..36528.78 rows=10418 width=121)
	  ->  Sort  (cost=36476.69..36502.73 rows=10418 width=121)
	        Sort Key: c
	        ->  Bitmap Heap Scan on sbtest7  (cost=227.22..35781.45 rows=10418 width=121)
	              Recheck Cond: ((id >= 5250899) AND (id <= 5260898))
	              ->  Bitmap Index Scan on sbtest7_pkey  (cost=0.00..224.62 rows=10418 width=0)
	                    Index Cond: ((id >= 5250899) AND (id <= 5260898))

table 8 : explain SELECT DISTINCT c FROM sbtest8 WHERE id BETWEEN 2878200 AND 2888199 ORDER BY c
	Unique  (cost=35428.22..35478.66 rows=10088 width=121)
	  ->  Sort  (cost=35428.22..35453.44 rows=10088 width=121)
	        Sort Key: c
	        ->  Bitmap Heap Scan on sbtest8  (cost=227.84..34757.35 rows=10088 width=121)
	              Recheck Cond: ((id >= 2878200) AND (id <= 2888199))
	              ->  Bitmap Index Scan on sbtest8_pkey  (cost=0.00..225.31 rows=10088 width=0)
	                    Index Cond: ((id >= 2878200) AND (id <= 2888199))

for: distinct_ranges
table 1 : explain SELECT DISTINCT c FROM sbtest1 WHERE id BETWEEN 3758783 AND 3768782 ORDER BY c
	Unique  (cost=35446.56..35497.25 rows=10139 width=121)
	  ->  Sort  (cost=35446.56..35471.91 rows=10139 width=121)
	        Sort Key: c
	        ->  Bitmap Heap Scan on sbtest1  (cost=216.36..34771.93 rows=10139 width=121)
	              Recheck Cond: ((id >= 3758783) AND (id <= 3768782))
	              ->  Bitmap Index Scan on sbtest1_pkey  (cost=0.00..213.82 rows=10139 width=0)
	                    Index Cond: ((id >= 3758783) AND (id <= 3768782))

table 2 : explain SELECT DISTINCT c FROM sbtest2 WHERE id BETWEEN 4087707 AND 4097706 ORDER BY c
	Unique  (cost=35499.54..35550.25 rows=10142 width=121)
	  ->  Sort  (cost=35499.54..35524.90 rows=10142 width=121)
	        Sort Key: c
	        ->  Bitmap Heap Scan on sbtest2  (cost=216.39..34824.69 rows=10142 width=121)
	              Recheck Cond: ((id >= 4087707) AND (id <= 4097706))
	              ->  Bitmap Index Scan on sbtest2_pkey  (cost=0.00..213.86 rows=10142 width=0)
	                    Index Cond: ((id >= 4087707) AND (id <= 4097706))

table 3 : explain SELECT DISTINCT c FROM sbtest3 WHERE id BETWEEN 1271598 AND 1281597 ORDER BY c
	Unique  (cost=37772.06..37826.34 rows=10856 width=121)
	  ->  Sort  (cost=37772.06..37799.20 rows=10856 width=121)
	        Sort Key: c
	        ->  Bitmap Heap Scan on sbtest3  (cost=235.71..37044.37 rows=10856 width=121)
	              Recheck Cond: ((id >= 1271598) AND (id <= 1281597))
	              ->  Bitmap Index Scan on sbtest3_pkey  (cost=0.00..233.00 rows=10856 width=0)
	                    Index Cond: ((id >= 1271598) AND (id <= 1281597))

table 4 : explain SELECT DISTINCT c FROM sbtest4 WHERE id BETWEEN 4212643 AND 4222642 ORDER BY c
	Unique  (cost=33174.22..33221.24 rows=9403 width=121)
	  ->  Sort  (cost=33174.22..33197.73 rows=9403 width=121)
	        Sort Key: c
	        ->  Bitmap Heap Scan on sbtest4  (cost=204.82..32553.67 rows=9403 width=121)
	              Recheck Cond: ((id >= 4212643) AND (id <= 4222642))
	              ->  Bitmap Index Scan on sbtest4_pkey  (cost=0.00..202.47 rows=9403 width=0)
	                    Index Cond: ((id >= 4212643) AND (id <= 4222642))

table 5 : explain SELECT DISTINCT c FROM sbtest5 WHERE id BETWEEN 6579650 AND 6589649 ORDER BY c
	Unique  (cost=35905.78..35957.05 rows=10253 width=121)
	  ->  Sort  (cost=35905.78..35931.42 rows=10253 width=121)
	        Sort Key: c
	        ->  Bitmap Heap Scan on sbtest5  (cost=221.53..35222.74 rows=10253 width=121)
	              Recheck Cond: ((id >= 6579650) AND (id <= 6589649))
	              ->  Bitmap Index Scan on sbtest5_pkey  (cost=0.00..218.97 rows=10253 width=0)
	                    Index Cond: ((id >= 6579650) AND (id <= 6589649))

table 6 : explain SELECT DISTINCT c FROM sbtest6 WHERE id BETWEEN 1211468 AND 1221467 ORDER BY c
	Unique  (cost=34224.93..34273.57 rows=9728 width=121)
	  ->  Sort  (cost=34224.93..34249.25 rows=9728 width=121)
	        Sort Key: c
	        ->  Bitmap Heap Scan on sbtest6  (cost=212.15..33580.55 rows=9728 width=121)
	              Recheck Cond: ((id >= 1211468) AND (id <= 1221467))
	              ->  Bitmap Index Scan on sbtest6_pkey  (cost=0.00..209.72 rows=9728 width=0)
	                    Index Cond: ((id >= 1211468) AND (id <= 1221467))

table 7 : explain SELECT DISTINCT c FROM sbtest7 WHERE id BETWEEN 3281897 AND 3291896 ORDER BY c
	Unique  (cost=38023.50..38078.03 rows=10905 width=121)
	  ->  Sort  (cost=38023.50..38050.77 rows=10905 width=121)
	        Sort Key: c
	        ->  Bitmap Heap Scan on sbtest7  (cost=236.21..37292.18 rows=10905 width=121)
	              Recheck Cond: ((id >= 3281897) AND (id <= 3291896))
	              ->  Bitmap Index Scan on sbtest7_pkey  (cost=0.00..233.49 rows=10905 width=0)
	                    Index Cond: ((id >= 3281897) AND (id <= 3291896))

table 8 : explain SELECT DISTINCT c FROM sbtest8 WHERE id BETWEEN 7458442 AND 7468441 ORDER BY c
	Unique  (cost=36343.92..36395.79 rows=10374 width=121)
	  ->  Sort  (cost=36343.92..36369.86 rows=10374 width=121)
	        Sort Key: c
	        ->  Bitmap Heap Scan on sbtest8  (cost=234.77..35651.94 rows=10374 width=121)
	              Recheck Cond: ((id >= 7458442) AND (id <= 7468441))
	              ->  Bitmap Index Scan on sbtest8_pkey  (cost=0.00..232.18 rows=10374 width=0)
	                    Index Cond: ((id >= 7458442) AND (id <= 7468441))

for: order_ranges
table 1 : explain SELECT c FROM sbtest1 WHERE id BETWEEN 5824292 AND 5834291 ORDER BY c
	Sort  (cost=36814.24..36840.66 rows=10571 width=121)
	  Sort Key: c
	  ->  Bitmap Heap Scan on sbtest1  (cost=224.79..36107.68 rows=10571 width=121)
	        Recheck Cond: ((id >= 5824292) AND (id <= 5834291))
	        ->  Bitmap Index Scan on sbtest1_pkey  (cost=0.00..222.15 rows=10571 width=0)
	              Index Cond: ((id >= 5824292) AND (id <= 5834291))

table 2 : explain SELECT c FROM sbtest2 WHERE id BETWEEN 702652 AND 712651 ORDER BY c
	Sort  (cost=34297.61..34322.03 rows=9766 width=121)
	  Sort Key: c
	  ->  Bitmap Heap Scan on sbtest2  (cost=208.54..33650.44 rows=9766 width=121)
	        Recheck Cond: ((id >= 702652) AND (id <= 712651))
	        ->  Bitmap Index Scan on sbtest2_pkey  (cost=0.00..206.09 rows=9766 width=0)
	              Index Cond: ((id >= 702652) AND (id <= 712651))

table 3 : explain SELECT c FROM sbtest3 WHERE id BETWEEN 1903288 AND 1913287 ORDER BY c
	Sort  (cost=34463.51..34488.05 rows=9816 width=121)
	  Sort Key: c
	  ->  Bitmap Heap Scan on sbtest3  (cost=213.05..33812.67 rows=9816 width=121)
	        Recheck Cond: ((id >= 1903288) AND (id <= 1913287))
	        ->  Bitmap Index Scan on sbtest3_pkey  (cost=0.00..210.59 rows=9816 width=0)
	              Index Cond: ((id >= 1903288) AND (id <= 1913287))

table 4 : explain SELECT c FROM sbtest4 WHERE id BETWEEN 9726359 AND 9736358 ORDER BY c
	Sort  (cost=35547.63..35572.98 rows=10142 width=121)
	  Sort Key: c
	  ->  Bitmap Heap Scan on sbtest4  (cost=220.39..34872.78 rows=10142 width=121)
	        Recheck Cond: ((id >= 9726359) AND (id <= 9736358))
	        ->  Bitmap Index Scan on sbtest4_pkey  (cost=0.00..217.86 rows=10142 width=0)
	              Index Cond: ((id >= 9726359) AND (id <= 9736358))

table 5 : explain SELECT c FROM sbtest5 WHERE id BETWEEN 525648 AND 535647 ORDER BY c
	Sort  (cost=34897.88..34922.73 rows=9938 width=121)
	  Sort Key: c
	  ->  Bitmap Heap Scan on sbtest5  (cost=214.30..34238.06 rows=9938 width=121)
	        Recheck Cond: ((id >= 525648) AND (id <= 535647))
	        ->  Bitmap Index Scan on sbtest5_pkey  (cost=0.00..211.81 rows=9938 width=0)
	              Index Cond: ((id >= 525648) AND (id <= 535647))

table 6 : explain SELECT c FROM sbtest6 WHERE id BETWEEN 2964692 AND 2974691 ORDER BY c
	Sort  (cost=34664.93..34689.59 rows=9864 width=121)
	  Sort Key: c
	  ->  Bitmap Heap Scan on sbtest6  (cost=217.54..34010.55 rows=9864 width=121)
	        Recheck Cond: ((id >= 2964692) AND (id <= 2974691))
	        ->  Bitmap Index Scan on sbtest6_pkey  (cost=0.00..215.07 rows=9864 width=0)
	              Index Cond: ((id >= 2964692) AND (id <= 2974691))

table 7 : explain SELECT c FROM sbtest7 WHERE id BETWEEN 8797672 AND 8807671 ORDER BY c
	Sort  (cost=35584.38..35609.73 rows=10139 width=121)
	  Sort Key: c
	  ->  Bitmap Heap Scan on sbtest7  (cost=220.36..34909.75 rows=10139 width=121)
	        Recheck Cond: ((id >= 8797672) AND (id <= 8807671))
	        ->  Bitmap Index Scan on sbtest7_pkey  (cost=0.00..217.82 rows=10139 width=0)
	              Index Cond: ((id >= 8797672) AND (id <= 8807671))

table 8 : explain SELECT c FROM sbtest8 WHERE id BETWEEN 5981631 AND 5991630 ORDER BY c
	Sort  (cost=33906.74..33930.78 rows=9614 width=121)
	  Sort Key: c
	  ->  Bitmap Heap Scan on sbtest8  (cost=218.98..33270.73 rows=9614 width=121)
	        Recheck Cond: ((id >= 5981631) AND (id <= 5991630))
	        ->  Bitmap Index Scan on sbtest8_pkey  (cost=0.00..216.57 rows=9614 width=0)
	              Index Cond: ((id >= 5981631) AND (id <= 5991630))

for point_selects
table 1 : explain SELECT c FROM sbtest1 WHERE id=9045397
	Index Scan using sbtest1_pkey on sbtest1  (cost=0.43..8.45 rows=1 width=121)
	  Index Cond: (id = 9045397)

table 2 : explain SELECT c FROM sbtest2 WHERE id=3364794
	Index Scan using sbtest2_pkey on sbtest2  (cost=0.43..8.45 rows=1 width=121)
	  Index Cond: (id = 3364794)

table 3 : explain SELECT c FROM sbtest3 WHERE id=5832623
	Index Scan using sbtest3_pkey on sbtest3  (cost=0.43..8.45 rows=1 width=121)
	  Index Cond: (id = 5832623)

table 4 : explain SELECT c FROM sbtest4 WHERE id=7960424
	Index Scan using sbtest4_pkey on sbtest4  (cost=0.43..8.45 rows=1 width=121)
	  Index Cond: (id = 7960424)

table 5 : explain SELECT c FROM sbtest5 WHERE id=5400094
	Index Scan using sbtest5_pkey on sbtest5  (cost=0.43..8.45 rows=1 width=121)
	  Index Cond: (id = 5400094)

table 6 : explain SELECT c FROM sbtest6 WHERE id=5066066
	Index Scan using sbtest6_pkey on sbtest6  (cost=0.43..8.45 rows=1 width=121)
	  Index Cond: (id = 5066066)

table 7 : explain SELECT c FROM sbtest7 WHERE id=9894549
	Index Scan using sbtest7_pkey on sbtest7  (cost=0.43..8.45 rows=1 width=121)
	  Index Cond: (id = 9894549)

table 8 : explain SELECT c FROM sbtest8 WHERE id=9682180
	Index Scan using sbtest8_pkey on sbtest8  (cost=0.43..8.45 rows=1 width=121)
	  Index Cond: (id = 9682180)

for: distinct_ranges
table 1 : explain SELECT DISTINCT c FROM sbtest1 WHERE id BETWEEN 8704932 AND 8714931 ORDER BY c
	Unique  (cost=34714.52..34764.06 rows=9909 width=121)
	  ->  Sort  (cost=34714.52..34739.29 rows=9909 width=121)
	        Sort Key: c
	        ->  Bitmap Heap Scan on sbtest1  (cost=214.00..34056.83 rows=9909 width=121)
	              Recheck Cond: ((id >= 8704932) AND (id <= 8714931))
	              ->  Bitmap Index Scan on sbtest1_pkey  (cost=0.00..211.53 rows=9909 width=0)
	                    Index Cond: ((id >= 8704932) AND (id <= 8714931))

table 2 : explain SELECT DISTINCT c FROM sbtest2 WHERE id BETWEEN 1705433 AND 1715432 ORDER BY c
	Unique  (cost=31564.44..31609.04 rows=8919 width=121)
	  ->  Sort  (cost=31564.44..31586.74 rows=8919 width=121)
	        Sort Key: c
	        ->  Bitmap Heap Scan on sbtest2  (cost=191.85..30979.24 rows=8919 width=121)
	              Recheck Cond: ((id >= 1705433) AND (id <= 1715432))
	              ->  Bitmap Index Scan on sbtest2_pkey  (cost=0.00..189.62 rows=8919 width=0)
	                    Index Cond: ((id >= 1705433) AND (id <= 1715432))

table 3 : explain SELECT DISTINCT c FROM sbtest3 WHERE id BETWEEN 3673724 AND 3683723 ORDER BY c
	Unique  (cost=37279.08..37332.58 rows=10701 width=121)
	  ->  Sort  (cost=37279.08..37305.83 rows=10701 width=121)
	        Sort Key: c
	        ->  Bitmap Heap Scan on sbtest3  (cost=230.12..36562.89 rows=10701 width=121)
	              Recheck Cond: ((id >= 3673724) AND (id <= 3683723))
	              ->  Bitmap Index Scan on sbtest3_pkey  (cost=0.00..227.44 rows=10701 width=0)
	                    Index Cond: ((id >= 3673724) AND (id <= 3683723))

table 4 : explain SELECT DISTINCT c FROM sbtest4 WHERE id BETWEEN 5498597 AND 5508596 ORDER BY c
	Unique  (cost=38923.63..38979.67 rows=11207 width=121)
	  ->  Sort  (cost=38923.63..38951.65 rows=11207 width=121)
	        Sort Key: c
	        ->  Bitmap Heap Scan on sbtest4  (cost=243.31..38169.84 rows=11207 width=121)
	              Recheck Cond: ((id >= 5498597) AND (id <= 5508596))
	              ->  Bitmap Index Scan on sbtest4_pkey  (cost=0.00..240.50 rows=11207 width=0)
	                    Index Cond: ((id >= 5498597) AND (id <= 5508596))

table 5 : explain SELECT DISTINCT c FROM sbtest5 WHERE id BETWEEN 6085929 AND 6095928 ORDER BY c
	Unique  (cost=36355.56..36407.54 rows=10395 width=121)
	  ->  Sort  (cost=36355.56..36381.55 rows=10395 width=121)
	        Sort Key: c
	        ->  Bitmap Heap Scan on sbtest5  (cost=222.98..35662.03 rows=10395 width=121)
	              Recheck Cond: ((id >= 6085929) AND (id <= 6095928))
	              ->  Bitmap Index Scan on sbtest5_pkey  (cost=0.00..220.38 rows=10395 width=0)
	                    Index Cond: ((id >= 6085929) AND (id <= 6095928))

table 6 : explain SELECT DISTINCT c FROM sbtest6 WHERE id BETWEEN 5904589 AND 5914588 ORDER BY c
	Unique  (cost=37261.50..37314.90 rows=10679 width=121)
	  ->  Sort  (cost=37261.50..37288.20 rows=10679 width=121)
	        Sort Key: c
	        ->  Bitmap Heap Scan on sbtest6  (cost=233.89..36546.95 rows=10679 width=121)
	              Recheck Cond: ((id >= 5904589) AND (id <= 5914588))
	              ->  Bitmap Index Scan on sbtest6_pkey  (cost=0.00..231.23 rows=10679 width=0)
	                    Index Cond: ((id >= 5904589) AND (id <= 5914588))

table 7 : explain SELECT DISTINCT c FROM sbtest7 WHERE id BETWEEN 5026179 AND 5036178 ORDER BY c
	Unique  (cost=35376.60..35426.97 rows=10073 width=121)
	  ->  Sort  (cost=35376.60..35401.79 rows=10073 width=121)
	        Sort Key: c
	        ->  Bitmap Heap Scan on sbtest7  (cost=219.68..34706.84 rows=10073 width=121)
	              Recheck Cond: ((id >= 5026179) AND (id <= 5036178))
	              ->  Bitmap Index Scan on sbtest7_pkey  (cost=0.00..217.17 rows=10073 width=0)
	                    Index Cond: ((id >= 5026179) AND (id <= 5036178))

table 8 : explain SELECT DISTINCT c FROM sbtest8 WHERE id BETWEEN 492350 AND 502349 ORDER BY c
	Unique  (cost=36800.33..36852.92 rows=10518 width=121)
	  ->  Sort  (cost=36800.33..36826.62 rows=10518 width=121)
	        Sort Key: c
	        ->  Bitmap Heap Scan on sbtest8  (cost=236.24..36097.69 rows=10518 width=121)
	              Recheck Cond: ((id >= 492350) AND (id <= 502349))
	              ->  Bitmap Index Scan on sbtest8_pkey  (cost=0.00..233.62 rows=10518 width=0)
	                    Index Cond: ((id >= 492350) AND (id <= 502349))

for point_selects
table 1 : explain SELECT c FROM sbtest1 WHERE id=8940601
	Index Scan using sbtest1_pkey on sbtest1  (cost=0.43..8.45 rows=1 width=121)
	  Index Cond: (id = 8940601)

table 2 : explain SELECT c FROM sbtest2 WHERE id=7283698
	Index Scan using sbtest2_pkey on sbtest2  (cost=0.43..8.45 rows=1 width=121)
	  Index Cond: (id = 7283698)

table 3 : explain SELECT c FROM sbtest3 WHERE id=1578458
	Index Scan using sbtest3_pkey on sbtest3  (cost=0.43..8.45 rows=1 width=121)
	  Index Cond: (id = 1578458)

table 4 : explain SELECT c FROM sbtest4 WHERE id=5759618
	Index Scan using sbtest4_pkey on sbtest4  (cost=0.43..8.45 rows=1 width=121)
	  Index Cond: (id = 5759618)

table 5 : explain SELECT c FROM sbtest5 WHERE id=2557447
	Index Scan using sbtest5_pkey on sbtest5  (cost=0.43..8.45 rows=1 width=121)
	  Index Cond: (id = 2557447)

table 6 : explain SELECT c FROM sbtest6 WHERE id=1837530
	Index Scan using sbtest6_pkey on sbtest6  (cost=0.43..8.45 rows=1 width=121)
	  Index Cond: (id = 1837530)

table 7 : explain SELECT c FROM sbtest7 WHERE id=1530902
	Index Scan using sbtest7_pkey on sbtest7  (cost=0.43..8.45 rows=1 width=121)
	  Index Cond: (id = 1530902)

table 8 : explain SELECT c FROM sbtest8 WHERE id=1445160
	Index Scan using sbtest8_pkey on sbtest8  (cost=0.43..8.45 rows=1 width=121)
	  Index Cond: (id = 1445160)

for: sum_ranges
table 1 : explain SELECT SUM(k) FROM sbtest1 WHERE id BETWEEN 6208544 AND 6218543
	Aggregate  (cost=34762.03..34762.04 rows=1 width=8)
	  ->  Bitmap Heap Scan on sbtest1  (cost=216.25..34736.71 rows=10128 width=4)
	        Recheck Cond: ((id >= 6208544) AND (id <= 6218543))
	        ->  Bitmap Index Scan on sbtest1_pkey  (cost=0.00..213.72 rows=10128 width=0)
	              Index Cond: ((id >= 6208544) AND (id <= 6218543))

table 2 : explain SELECT SUM(k) FROM sbtest2 WHERE id BETWEEN 3713081 AND 3723080
	Aggregate  (cost=35007.30..35007.31 rows=1 width=8)
	  ->  Bitmap Heap Scan on sbtest2  (cost=216.91..34981.82 rows=10193 width=4)
	        Recheck Cond: ((id >= 3713081) AND (id <= 3723080))
	        ->  Bitmap Index Scan on sbtest2_pkey  (cost=0.00..214.37 rows=10193 width=0)
	              Index Cond: ((id >= 3713081) AND (id <= 3723080))

table 3 : explain SELECT SUM(k) FROM sbtest3 WHERE id BETWEEN 4194054 AND 4204053
	Aggregate  (cost=36270.55..36270.56 rows=1 width=8)
	  ->  Bitmap Heap Scan on sbtest3  (cost=229.05..36244.06 rows=10597 width=4)
	        Recheck Cond: ((id >= 4194054) AND (id <= 4204053))
	        ->  Bitmap Index Scan on sbtest3_pkey  (cost=0.00..226.41 rows=10597 width=0)
	              Index Cond: ((id >= 4194054) AND (id <= 4204053))

table 4 : explain SELECT SUM(k) FROM sbtest4 WHERE id BETWEEN 4183419 AND 4193418
	Aggregate  (cost=35043.60..35043.61 rows=1 width=8)
	  ->  Bitmap Heap Scan on sbtest4  (cost=224.86..35018.13 rows=10188 width=4)
	        Recheck Cond: ((id >= 4183419) AND (id <= 4193418))
	        ->  Bitmap Index Scan on sbtest4_pkey  (cost=0.00..222.31 rows=10188 width=0)
	              Index Cond: ((id >= 4183419) AND (id <= 4193418))

table 5 : explain SELECT SUM(k) FROM sbtest5 WHERE id BETWEEN 2921867 AND 2931866
	Aggregate  (cost=31952.04..31952.05 rows=1 width=8)
	  ->  Bitmap Heap Scan on sbtest5  (cost=198.79..31929.02 rows=9205 width=4)
	        Recheck Cond: ((id >= 2921867) AND (id <= 2931866))
	        ->  Bitmap Index Scan on sbtest5_pkey  (cost=0.00..196.49 rows=9205 width=0)
	              Index Cond: ((id >= 2921867) AND (id <= 2931866))

table 6 : explain SELECT SUM(k) FROM sbtest6 WHERE id BETWEEN 6539361 AND 6549360
	Aggregate  (cost=33077.40..33077.41 rows=1 width=8)
	  ->  Bitmap Heap Scan on sbtest6  (cost=210.43..33053.50 rows=9560 width=4)
	        Recheck Cond: ((id >= 6539361) AND (id <= 6549360))
	        ->  Bitmap Index Scan on sbtest6_pkey  (cost=0.00..208.04 rows=9560 width=0)
	              Index Cond: ((id >= 6539361) AND (id <= 6549360))

table 7 : explain SELECT SUM(k) FROM sbtest7 WHERE id BETWEEN 6437709 AND 6447708
	Aggregate  (cost=32557.83..32557.84 rows=1 width=8)
	  ->  Bitmap Heap Scan on sbtest7  (cost=204.61..32534.37 rows=9383 width=4)
	        Recheck Cond: ((id >= 6437709) AND (id <= 6447708))
	        ->  Bitmap Index Scan on sbtest7_pkey  (cost=0.00..202.26 rows=9383 width=0)
	              Index Cond: ((id >= 6437709) AND (id <= 6447708))

table 8 : explain SELECT SUM(k) FROM sbtest8 WHERE id BETWEEN 579032 AND 589031
	Aggregate  (cost=33066.96..33066.97 rows=1 width=8)
	  ->  Bitmap Heap Scan on sbtest8  (cost=214.25..33043.11 rows=9543 width=4)
	        Recheck Cond: ((id >= 579032) AND (id <= 589031))
	        ->  Bitmap Index Scan on sbtest8_pkey  (cost=0.00..211.87 rows=9543 width=0)
	              Index Cond: ((id >= 579032) AND (id <= 589031))

for: distinct_ranges
table 1 : explain SELECT DISTINCT c FROM sbtest1 WHERE id BETWEEN 9275667 AND 9285666 ORDER BY c
	Unique  (cost=36334.34..36386.43 rows=10419 width=121)
	  ->  Sort  (cost=36334.34..36360.39 rows=10419 width=121)
	        Sort Key: c
	        ->  Bitmap Heap Scan on sbtest1  (cost=223.23..35639.03 rows=10419 width=121)
	              Recheck Cond: ((id >= 9275667) AND (id <= 9285666))
	              ->  Bitmap Index Scan on sbtest1_pkey  (cost=0.00..220.62 rows=10419 width=0)
	                    Index Cond: ((id >= 9275667) AND (id <= 9285666))

table 2 : explain SELECT DISTINCT c FROM sbtest2 WHERE id BETWEEN 1582543 AND 1592542 ORDER BY c
	Unique  (cost=33607.33..33655.08 rows=9550 width=121)
	  ->  Sort  (cost=33607.33..33631.20 rows=9550 width=121)
	        Sort Key: c
	        ->  Bitmap Heap Scan on sbtest2  (cost=206.32..32976.01 rows=9550 width=121)
	              Recheck Cond: ((id >= 1582543) AND (id <= 1592542))
	              ->  Bitmap Index Scan on sbtest2_pkey  (cost=0.00..203.94 rows=9550 width=0)
	                    Index Cond: ((id >= 1582543) AND (id <= 1592542))

table 3 : explain SELECT DISTINCT c FROM sbtest3 WHERE id BETWEEN 8946904 AND 8956903 ORDER BY c
	Unique  (cost=34845.61..34895.29 rows=9935 width=121)
	  ->  Sort  (cost=34845.61..34870.45 rows=9935 width=121)
	        Sort Key: c
	        ->  Bitmap Heap Scan on sbtest3  (cost=214.27..34186.01 rows=9935 width=121)
	              Recheck Cond: ((id >= 8946904) AND (id <= 8956903))
	              ->  Bitmap Index Scan on sbtest3_pkey  (cost=0.00..211.79 rows=9935 width=0)
	                    Index Cond: ((id >= 8946904) AND (id <= 8956903))

table 4 : explain SELECT DISTINCT c FROM sbtest4 WHERE id BETWEEN 5359407 AND 5369406 ORDER BY c
	Unique  (cost=36070.81..36122.33 rows=10305 width=121)
	  ->  Sort  (cost=36070.81..36096.57 rows=10305 width=121)
	        Sort Key: c
	        ->  Bitmap Heap Scan on sbtest4  (cost=226.06..35383.93 rows=10305 width=121)
	              Recheck Cond: ((id >= 5359407) AND (id <= 5369406))
	              ->  Bitmap Index Scan on sbtest4_pkey  (cost=0.00..223.49 rows=10305 width=0)
	                    Index Cond: ((id >= 5359407) AND (id <= 5369406))

table 5 : explain SELECT DISTINCT c FROM sbtest5 WHERE id BETWEEN 2818039 AND 2828038 ORDER BY c
	Unique  (cost=34818.81..34868.38 rows=9914 width=121)
	  ->  Sort  (cost=34818.81..34843.59 rows=9914 width=121)
	        Sort Key: c
	        ->  Bitmap Heap Scan on sbtest5  (cost=214.05..34160.75 rows=9914 width=121)
	              Recheck Cond: ((id >= 2818039) AND (id <= 2828038))
	              ->  Bitmap Index Scan on sbtest5_pkey  (cost=0.00..211.57 rows=9914 width=0)
	                    Index Cond: ((id >= 2818039) AND (id <= 2828038))

table 6 : explain SELECT DISTINCT c FROM sbtest6 WHERE id BETWEEN 3291769 AND 3301768 ORDER BY c
	Unique  (cost=33473.46..33520.93 rows=9494 width=121)
	  ->  Sort  (cost=33473.46..33497.20 rows=9494 width=121)
	        Sort Key: c
	        ->  Bitmap Heap Scan on sbtest6  (cost=209.75..32846.25 rows=9494 width=121)
	              Recheck Cond: ((id >= 3291769) AND (id <= 3301768))
	              ->  Bitmap Index Scan on sbtest6_pkey  (cost=0.00..207.38 rows=9494 width=0)
	                    Index Cond: ((id >= 3291769) AND (id <= 3301768))

table 7 : explain SELECT DISTINCT c FROM sbtest7 WHERE id BETWEEN 4206883 AND 4216882 ORDER BY c
	Unique  (cost=33136.84..33183.73 rows=9378 width=121)
	  ->  Sort  (cost=33136.84..33160.29 rows=9378 width=121)
	        Sort Key: c
	        ->  Bitmap Heap Scan on sbtest7  (cost=204.56..32518.13 rows=9378 width=121)
	              Recheck Cond: ((id >= 4206883) AND (id <= 4216882))
	              ->  Bitmap Index Scan on sbtest7_pkey  (cost=0.00..202.22 rows=9378 width=0)
	                    Index Cond: ((id >= 4206883) AND (id <= 4216882))

table 8 : explain SELECT DISTINCT c FROM sbtest8 WHERE id BETWEEN 9540329 AND 9550328 ORDER BY c
	Unique  (cost=35846.58..35897.68 rows=10219 width=121)
	  ->  Sort  (cost=35846.58..35872.13 rows=10219 width=121)
	        Sort Key: c
	        ->  Bitmap Heap Scan on sbtest8  (cost=229.18..35166.05 rows=10219 width=121)
	              Recheck Cond: ((id >= 9540329) AND (id <= 9550328))
	              ->  Bitmap Index Scan on sbtest8_pkey  (cost=0.00..226.62 rows=10219 width=0)
	                    Index Cond: ((id >= 9540329) AND (id <= 9550328))

for: simple_ranges
table 1 : explain SELECT c FROM sbtest1 WHERE id BETWEEN 8022731 AND 8032730
	Bitmap Heap Scan on sbtest1  (cost=206.34..32942.38 rows=9552 width=121)
	  Recheck Cond: ((id >= 8022731) AND (id <= 8032730))
	  ->  Bitmap Index Scan on sbtest1_pkey  (cost=0.00..203.95 rows=9552 width=0)
	        Index Cond: ((id >= 8022731) AND (id <= 8032730))

table 2 : explain SELECT c FROM sbtest2 WHERE id BETWEEN 9386895 AND 9396894
	Bitmap Heap Scan on sbtest2  (cost=224.11..35952.01 rows=10505 width=121)
	  Recheck Cond: ((id >= 9386895) AND (id <= 9396894))
	  ->  Bitmap Index Scan on sbtest2_pkey  (cost=0.00..221.49 rows=10505 width=0)
	        Index Cond: ((id >= 9386895) AND (id <= 9396894))

table 3 : explain SELECT c FROM sbtest3 WHERE id BETWEEN 4513895 AND 4523894
	Bitmap Heap Scan on sbtest3  (cost=214.60..34285.70 rows=9967 width=121)
	  Recheck Cond: ((id >= 4513895) AND (id <= 4523894))
	  ->  Bitmap Index Scan on sbtest3_pkey  (cost=0.00..212.11 rows=9967 width=0)
	        Index Cond: ((id >= 4513895) AND (id <= 4523894))

table 4 : explain SELECT c FROM sbtest4 WHERE id BETWEEN 1523694 AND 1533693
	Bitmap Heap Scan on sbtest4  (cost=217.81..34087.58 rows=9890 width=121)
	  Recheck Cond: ((id >= 1523694) AND (id <= 1533693))
	  ->  Bitmap Index Scan on sbtest4_pkey  (cost=0.00..215.34 rows=9890 width=0)
	        Index Cond: ((id >= 1523694) AND (id <= 1533693))

table 5 : explain SELECT c FROM sbtest5 WHERE id BETWEEN 9072164 AND 9082163
	Bitmap Heap Scan on sbtest5  (cost=223.18..35719.70 rows=10414 width=121)
	  Recheck Cond: ((id >= 9072164) AND (id <= 9082163))
	  ->  Bitmap Index Scan on sbtest5_pkey  (cost=0.00..220.57 rows=10414 width=0)
	        Index Cond: ((id >= 9072164) AND (id <= 9082163))

table 6 : explain SELECT c FROM sbtest6 WHERE id BETWEEN 4573934 AND 4583933
	Bitmap Heap Scan on sbtest6  (cost=219.82..34702.90 rows=10086 width=121)
	  Recheck Cond: ((id >= 4573934) AND (id <= 4583933))
	  ->  Bitmap Index Scan on sbtest6_pkey  (cost=0.00..217.30 rows=10086 width=0)
	        Index Cond: ((id >= 4573934) AND (id <= 4583933))

table 7 : explain SELECT c FROM sbtest7 WHERE id BETWEEN 2435337 AND 2445336
	Bitmap Heap Scan on sbtest7  (cost=234.55..36794.08 rows=10743 width=121)
	  Recheck Cond: ((id >= 2435337) AND (id <= 2445336))
	  ->  Bitmap Index Scan on sbtest7_pkey  (cost=0.00..231.87 rows=10743 width=0)
	        Index Cond: ((id >= 2435337) AND (id <= 2445336))

table 8 : explain SELECT c FROM sbtest8 WHERE id BETWEEN 8194673 AND 8204672
	Bitmap Heap Scan on sbtest8  (cost=249.67..37737.84 rows=11047 width=121)
	  Recheck Cond: ((id >= 8194673) AND (id <= 8204672))
	  ->  Bitmap Index Scan on sbtest8_pkey  (cost=0.00..246.91 rows=11047 width=0)
	        Index Cond: ((id >= 8194673) AND (id <= 8204672))

for: order_ranges
table 1 : explain SELECT c FROM sbtest1 WHERE id BETWEEN 3308749 AND 3318748 ORDER BY c
	Sort  (cost=35659.65..35685.16 rows=10207 width=121)
	  Sort Key: c
	  ->  Bitmap Heap Scan on sbtest1  (cost=217.06..34980.00 rows=10207 width=121)
	        Recheck Cond: ((id >= 3308749) AND (id <= 3318748))
	        ->  Bitmap Index Scan on sbtest1_pkey  (cost=0.00..214.50 rows=10207 width=0)
	              Index Cond: ((id >= 3308749) AND (id <= 3318748))

table 2 : explain SELECT c FROM sbtest2 WHERE id BETWEEN 9543905 AND 9553904 ORDER BY c
	Sort  (cost=36909.37..36935.83 rows=10585 width=121)
	  Sort Key: c
	  ->  Bitmap Heap Scan on sbtest2  (cost=228.93..36201.77 rows=10585 width=121)
	        Recheck Cond: ((id >= 9543905) AND (id <= 9553904))
	        ->  Bitmap Index Scan on sbtest2_pkey  (cost=0.00..226.29 rows=10585 width=0)
	              Index Cond: ((id >= 9543905) AND (id <= 9553904))

table 3 : explain SELECT c FROM sbtest3 WHERE id BETWEEN 5617007 AND 5627006 ORDER BY c
	Sort  (cost=36372.97..36399.01 rows=10415 width=121)
	  Sort Key: c
	  ->  Bitmap Heap Scan on sbtest3  (cost=223.19..35677.96 rows=10415 width=121)
	        Recheck Cond: ((id >= 5617007) AND (id <= 5627006))
	        ->  Bitmap Index Scan on sbtest3_pkey  (cost=0.00..220.59 rows=10415 width=0)
	              Index Cond: ((id >= 5617007) AND (id <= 5627006))

table 4 : explain SELECT c FROM sbtest4 WHERE id BETWEEN 4867187 AND 4877186 ORDER BY c
	Sort  (cost=30749.53..30771.17 rows=8656 width=121)
	  Sort Key: c
	  ->  Bitmap Heap Scan on sbtest4  (cost=189.16..30183.45 rows=8656 width=121)
	        Recheck Cond: ((id >= 4867187) AND (id <= 4877186))
	        ->  Bitmap Index Scan on sbtest4_pkey  (cost=0.00..187.00 rows=8656 width=0)
	              Index Cond: ((id >= 4867187) AND (id <= 4877186))

table 5 : explain SELECT c FROM sbtest5 WHERE id BETWEEN 4293438 AND 4303437 ORDER BY c
	Sort  (cost=33733.97..33757.91 rows=9576 width=121)
	  Sort Key: c
	  ->  Bitmap Heap Scan on sbtest5  (cost=206.59..33100.75 rows=9576 width=121)
	        Recheck Cond: ((id >= 4293438) AND (id <= 4303437))
	        ->  Bitmap Index Scan on sbtest5_pkey  (cost=0.00..204.19 rows=9576 width=0)
	              Index Cond: ((id >= 4293438) AND (id <= 4303437))

table 6 : explain SELECT c FROM sbtest6 WHERE id BETWEEN 9779032 AND 9789031 ORDER BY c
	Sort  (cost=36750.93..36777.22 rows=10517 width=121)
	  Sort Key: c
	  ->  Bitmap Heap Scan on sbtest6  (cost=232.23..36048.37 rows=10517 width=121)
	        Recheck Cond: ((id >= 9779032) AND (id <= 9789031))
	        ->  Bitmap Index Scan on sbtest6_pkey  (cost=0.00..229.61 rows=10517 width=0)
	              Index Cond: ((id >= 9779032) AND (id <= 9789031))

table 7 : explain SELECT c FROM sbtest7 WHERE id BETWEEN 3316421 AND 3326420 ORDER BY c
	Sort  (cost=37083.67..37110.20 rows=10609 width=121)
	  Sort Key: c
	  ->  Bitmap Heap Scan on sbtest7  (cost=229.18..36374.30 rows=10609 width=121)
	        Recheck Cond: ((id >= 3316421) AND (id <= 3326420))
	        ->  Bitmap Index Scan on sbtest7_pkey  (cost=0.00..226.53 rows=10609 width=0)
	              Index Cond: ((id >= 3316421) AND (id <= 3326420))

table 8 : explain SELECT c FROM sbtest8 WHERE id BETWEEN 309672 AND 319671 ORDER BY c
	Sort  (cost=32949.59..32972.89 rows=9318 width=121)
	  Sort Key: c
	  ->  Bitmap Heap Scan on sbtest8  (cost=211.94..32335.27 rows=9318 width=121)
	        Recheck Cond: ((id >= 309672) AND (id <= 319671))
	        ->  Bitmap Index Scan on sbtest8_pkey  (cost=0.00..209.62 rows=9318 width=0)
	              Index Cond: ((id >= 309672) AND (id <= 319671))

for: order_ranges
table 1 : explain SELECT c FROM sbtest1 WHERE id BETWEEN 590903 AND 600902 ORDER BY c
	Sort  (cost=37359.16..37386.02 rows=10743 width=121)
	  Sort Key: c
	  ->  Bitmap Heap Scan on sbtest1  (cost=230.55..36639.86 rows=10743 width=121)
	        Recheck Cond: ((id >= 590903) AND (id <= 600902))
	        ->  Bitmap Index Scan on sbtest1_pkey  (cost=0.00..227.87 rows=10743 width=0)
	              Index Cond: ((id >= 590903) AND (id <= 600902))

table 2 : explain SELECT c FROM sbtest2 WHERE id BETWEEN 8986520 AND 8996519 ORDER BY c
	Sort  (cost=33491.57..33515.35 rows=9514 width=121)
	  Sort Key: c
	  ->  Bitmap Heap Scan on sbtest2  (cost=205.95..32862.89 rows=9514 width=121)
	        Recheck Cond: ((id >= 8986520) AND (id <= 8996519))
	        ->  Bitmap Index Scan on sbtest2_pkey  (cost=0.00..203.57 rows=9514 width=0)
	              Index Cond: ((id >= 8986520) AND (id <= 8996519))

table 3 : explain SELECT c FROM sbtest3 WHERE id BETWEEN 3171852 AND 3181851 ORDER BY c
	Sort  (cost=35602.53..35627.96 rows=10172 width=121)
	  Sort Key: c
	  ->  Bitmap Heap Scan on sbtest3  (cost=220.70..34925.47 rows=10172 width=121)
	        Recheck Cond: ((id >= 3171852) AND (id <= 3181851))
	        ->  Bitmap Index Scan on sbtest3_pkey  (cost=0.00..218.16 rows=10172 width=0)
	              Index Cond: ((id >= 3171852) AND (id <= 3181851))

table 4 : explain SELECT c FROM sbtest4 WHERE id BETWEEN 758754 AND 768753 ORDER BY c
	Sort  (cost=33513.14..33536.90 rows=9507 width=121)
	  Sort Key: c
	  ->  Bitmap Heap Scan on sbtest4  (cost=209.88..32884.97 rows=9507 width=121)
	        Recheck Cond: ((id >= 758754) AND (id <= 768753))
	        ->  Bitmap Index Scan on sbtest4_pkey  (cost=0.00..207.50 rows=9507 width=0)
	              Index Cond: ((id >= 758754) AND (id <= 768753))

table 5 : explain SELECT c FROM sbtest5 WHERE id BETWEEN 2093481 AND 2103480 ORDER BY c
	Sort  (cost=34491.97..34516.50 rows=9811 width=121)
	  Sort Key: c
	  ->  Bitmap Heap Scan on sbtest5  (cost=213.00..33841.50 rows=9811 width=121)
	        Recheck Cond: ((id >= 2093481) AND (id <= 2103480))
	        ->  Bitmap Index Scan on sbtest5_pkey  (cost=0.00..210.55 rows=9811 width=0)
	              Index Cond: ((id >= 2093481) AND (id <= 2103480))

table 6 : explain SELECT c FROM sbtest6 WHERE id BETWEEN 2026292 AND 2036291 ORDER BY c
	Sort  (cost=32975.02..32998.37 rows=9340 width=121)
	  Sort Key: c
	  ->  Bitmap Heap Scan on sbtest6  (cost=204.17..32359.08 rows=9340 width=121)
	        Recheck Cond: ((id >= 2026292) AND (id <= 2036291))
	        ->  Bitmap Index Scan on sbtest6_pkey  (cost=0.00..201.84 rows=9340 width=0)
	              Index Cond: ((id >= 2026292) AND (id <= 2036291))

table 7 : explain SELECT c FROM sbtest7 WHERE id BETWEEN 7338991 AND 7348990 ORDER BY c
	Sort  (cost=32403.77..32426.65 rows=9153 width=121)
	  Sort Key: c
	  ->  Bitmap Heap Scan on sbtest7  (cost=198.25..31801.50 rows=9153 width=121)
	        Recheck Cond: ((id >= 7338991) AND (id <= 7348990))
	        ->  Bitmap Index Scan on sbtest7_pkey  (cost=0.00..195.97 rows=9153 width=0)
	              Index Cond: ((id >= 7338991) AND (id <= 7348990))

table 8 : explain SELECT c FROM sbtest8 WHERE id BETWEEN 9797758 AND 9807757 ORDER BY c
	Sort  (cost=37466.23..37493.04 rows=10727 width=121)
	  Sort Key: c
	  ->  Bitmap Heap Scan on sbtest8  (cost=242.39..36748.11 rows=10727 width=121)
	        Recheck Cond: ((id >= 9797758) AND (id <= 9807757))
	        ->  Bitmap Index Scan on sbtest8_pkey  (cost=0.00..239.70 rows=10727 width=0)
	              Index Cond: ((id >= 9797758) AND (id <= 9807757))

for: sum_ranges
table 1 : explain SELECT SUM(k) FROM sbtest1 WHERE id BETWEEN 1239333 AND 1249332
	Aggregate  (cost=32234.77..32234.78 rows=1 width=8)
	  ->  Bitmap Heap Scan on sbtest1  (cost=199.97..32211.47 rows=9320 width=4)
	        Recheck Cond: ((id >= 1239333) AND (id <= 1249332))
	        ->  Bitmap Index Scan on sbtest1_pkey  (cost=0.00..197.63 rows=9320 width=0)
	              Index Cond: ((id >= 1239333) AND (id <= 1249332))

table 2 : explain SELECT SUM(k) FROM sbtest2 WHERE id BETWEEN 775974 AND 785973
	Aggregate  (cost=33674.85..33674.86 rows=1 width=8)
	  ->  Bitmap Heap Scan on sbtest2  (cost=208.54..33650.44 rows=9766 width=4)
	        Recheck Cond: ((id >= 775974) AND (id <= 785973))
	        ->  Bitmap Index Scan on sbtest2_pkey  (cost=0.00..206.09 rows=9766 width=0)
	              Index Cond: ((id >= 775974) AND (id <= 785973))

table 3 : explain SELECT SUM(k) FROM sbtest3 WHERE id BETWEEN 6622885 AND 6632884
	Aggregate  (cost=36021.41..36021.42 rows=1 width=8)
	  ->  Bitmap Heap Scan on sbtest3  (cost=228.23..35995.11 rows=10517 width=4)
	        Recheck Cond: ((id >= 6622885) AND (id <= 6632884))
	        ->  Bitmap Index Scan on sbtest3_pkey  (cost=0.00..225.61 rows=10517 width=0)
	              Index Cond: ((id >= 6622885) AND (id <= 6632884))

table 4 : explain SELECT SUM(k) FROM sbtest4 WHERE id BETWEEN 7965409 AND 7975408
	Aggregate  (cost=34647.18..34647.19 rows=1 width=8)
	  ->  Bitmap Heap Scan on sbtest4  (cost=219.56..34622.02 rows=10061 width=4)
	        Recheck Cond: ((id >= 7965409) AND (id <= 7975408))
	        ->  Bitmap Index Scan on sbtest4_pkey  (cost=0.00..217.05 rows=10061 width=0)
	              Index Cond: ((id >= 7965409) AND (id <= 7975408))

table 5 : explain SELECT SUM(k) FROM sbtest5 WHERE id BETWEEN 2154693 AND 2164692
	Aggregate  (cost=37163.47..37163.48 rows=1 width=8)
	  ->  Bitmap Heap Scan on sbtest5  (cost=235.85..37136.30 rows=10870 width=4)
	        Recheck Cond: ((id >= 2154693) AND (id <= 2164692))
	        ->  Bitmap Index Scan on sbtest5_pkey  (cost=0.00..233.13 rows=10870 width=0)
	              Index Cond: ((id >= 2154693) AND (id <= 2164692))

table 6 : explain SELECT SUM(k) FROM sbtest6 WHERE id BETWEEN 3880076 AND 3890075
	Aggregate  (cost=38552.06..38552.07 rows=1 width=8)
	  ->  Bitmap Heap Scan on sbtest6  (cost=248.47..38523.76 rows=11320 width=4)
	        Recheck Cond: ((id >= 3880076) AND (id <= 3890075))
	        ->  Bitmap Index Scan on sbtest6_pkey  (cost=0.00..245.63 rows=11320 width=0)
	              Index Cond: ((id >= 3880076) AND (id <= 3890075))

table 7 : explain SELECT SUM(k) FROM sbtest7 WHERE id BETWEEN 9952009 AND 9962008
	Aggregate  (cost=33982.14..33982.15 rows=1 width=8)
	  ->  Bitmap Heap Scan on sbtest7  (cost=213.24..33957.56 rows=9835 width=4)
	        Recheck Cond: ((id >= 9952009) AND (id <= 9962008))
	        ->  Bitmap Index Scan on sbtest7_pkey  (cost=0.00..210.79 rows=9835 width=0)
	              Index Cond: ((id >= 9952009) AND (id <= 9962008))

table 8 : explain SELECT SUM(k) FROM sbtest8 WHERE id BETWEEN 4799159 AND 4809158
	Aggregate  (cost=35101.47..35101.48 rows=1 width=8)
	  ->  Bitmap Heap Scan on sbtest8  (cost=228.88..35076.00 rows=10190 width=4)
	        Recheck Cond: ((id >= 4799159) AND (id <= 4809158))
	        ->  Bitmap Index Scan on sbtest8_pkey  (cost=0.00..226.34 rows=10190 width=0)
	              Index Cond: ((id >= 4799159) AND (id <= 4809158))

for: distinct_ranges
table 1 : explain SELECT DISTINCT c FROM sbtest1 WHERE id BETWEEN 8048843 AND 8058842 ORDER BY c
	Unique  (cost=33573.84..33621.60 rows=9552 width=121)
	  ->  Sort  (cost=33573.84..33597.72 rows=9552 width=121)
	        Sort Key: c
	        ->  Bitmap Heap Scan on sbtest1  (cost=206.34..32942.38 rows=9552 width=121)
	              Recheck Cond: ((id >= 8048843) AND (id <= 8058842))
	              ->  Bitmap Index Scan on sbtest1_pkey  (cost=0.00..203.95 rows=9552 width=0)
	                    Index Cond: ((id >= 8048843) AND (id <= 8058842))

table 2 : explain SELECT DISTINCT c FROM sbtest2 WHERE id BETWEEN 1838862 AND 1848861 ORDER BY c
	Unique  (cost=32023.92..32069.22 rows=9061 width=121)
	  ->  Sort  (cost=32023.92..32046.57 rows=9061 width=121)
	        Sort Key: c
	        ->  Bitmap Heap Scan on sbtest2  (cost=193.31..31428.37 rows=9061 width=121)
	              Recheck Cond: ((id >= 1838862) AND (id <= 1848861))
	              ->  Bitmap Index Scan on sbtest2_pkey  (cost=0.00..191.05 rows=9061 width=0)
	                    Index Cond: ((id >= 1838862) AND (id <= 1848861))

table 3 : explain SELECT DISTINCT c FROM sbtest3 WHERE id BETWEEN 6971747 AND 6981746 ORDER BY c
	Unique  (cost=33030.69..33077.54 rows=9371 width=121)
	  ->  Sort  (cost=33030.69..33054.12 rows=9371 width=121)
	        Sort Key: c
	        ->  Bitmap Heap Scan on sbtest3  (cost=200.49..32412.48 rows=9371 width=121)
	              Recheck Cond: ((id >= 6971747) AND (id <= 6981746))
	              ->  Bitmap Index Scan on sbtest3_pkey  (cost=0.00..198.15 rows=9371 width=0)
	                    Index Cond: ((id >= 6971747) AND (id <= 6981746))

table 4 : explain SELECT DISTINCT c FROM sbtest4 WHERE id BETWEEN 9220824 AND 9230823 ORDER BY c
	Unique  (cost=33794.71..33842.69 rows=9595 width=121)
	  ->  Sort  (cost=33794.71..33818.70 rows=9595 width=121)
	        Sort Key: c
	        ->  Bitmap Heap Scan on sbtest4  (cost=210.78..33160.10 rows=9595 width=121)
	              Recheck Cond: ((id >= 9220824) AND (id <= 9230823))
	              ->  Bitmap Index Scan on sbtest4_pkey  (cost=0.00..208.38 rows=9595 width=0)
	                    Index Cond: ((id >= 9220824) AND (id <= 9230823))

table 5 : explain SELECT DISTINCT c FROM sbtest5 WHERE id BETWEEN 3551890 AND 3561889 ORDER BY c
	Unique  (cost=35000.09..35049.94 rows=9970 width=121)
	  ->  Sort  (cost=35000.09..35025.01 rows=9970 width=121)
	        Sort Key: c
	        ->  Bitmap Heap Scan on sbtest5  (cost=214.63..34337.91 rows=9970 width=121)
	              Recheck Cond: ((id >= 3551890) AND (id <= 3561889))
	              ->  Bitmap Index Scan on sbtest5_pkey  (cost=0.00..212.13 rows=9970 width=0)
	                    Index Cond: ((id >= 3551890) AND (id <= 3561889))

table 6 : explain SELECT DISTINCT c FROM sbtest6 WHERE id BETWEEN 2428815 AND 2438814 ORDER BY c
	Unique  (cost=36705.12..36757.63 rows=10503 width=121)
	  ->  Sort  (cost=36705.12..36731.37 rows=10503 width=121)
	        Sort Key: c
	        ->  Bitmap Heap Scan on sbtest6  (cost=232.09..36003.59 rows=10503 width=121)
	              Recheck Cond: ((id >= 2428815) AND (id <= 2438814))
	              ->  Bitmap Index Scan on sbtest6_pkey  (cost=0.00..229.47 rows=10503 width=0)
	                    Index Cond: ((id >= 2428815) AND (id <= 2438814))

table 7 : explain SELECT DISTINCT c FROM sbtest7 WHERE id BETWEEN 822187 AND 832186 ORDER BY c
	Unique  (cost=35584.38..35635.07 rows=10139 width=121)
	  ->  Sort  (cost=35584.38..35609.73 rows=10139 width=121)
	        Sort Key: c
	        ->  Bitmap Heap Scan on sbtest7  (cost=220.36..34909.75 rows=10139 width=121)
	              Recheck Cond: ((id >= 822187) AND (id <= 832186))
	              ->  Bitmap Index Scan on sbtest7_pkey  (cost=0.00..217.82 rows=10139 width=0)
	                    Index Cond: ((id >= 822187) AND (id <= 832186))

table 8 : explain SELECT DISTINCT c FROM sbtest8 WHERE id BETWEEN 1170607 AND 1180606 ORDER BY c
	Unique  (cost=34125.45..34173.86 rows=9682 width=121)
	  ->  Sort  (cost=34125.45..34149.65 rows=9682 width=121)
	        Sort Key: c
	        ->  Bitmap Heap Scan on sbtest8  (cost=219.68..33484.45 rows=9682 width=121)
	              Recheck Cond: ((id >= 1170607) AND (id <= 1180606))
	              ->  Bitmap Index Scan on sbtest8_pkey  (cost=0.00..217.25 rows=9682 width=0)
	                    Index Cond: ((id >= 1170607) AND (id <= 1180606))

for: order_ranges
table 1 : explain SELECT c FROM sbtest1 WHERE id BETWEEN 7638938 AND 7648937 ORDER BY c
	Sort  (cost=34335.46..34359.94 rows=9791 width=121)
	  Sort Key: c
	  ->  Bitmap Heap Scan on sbtest1  (cost=208.79..33686.45 rows=9791 width=121)
	        Recheck Cond: ((id >= 7638938) AND (id <= 7648937))
	        ->  Bitmap Index Scan on sbtest1_pkey  (cost=0.00..206.34 rows=9791 width=0)
	              Index Cond: ((id >= 7638938) AND (id <= 7648937))

table 2 : explain SELECT c FROM sbtest2 WHERE id BETWEEN 5759075 AND 5769074 ORDER BY c
	Sort  (cost=33878.40..33902.48 rows=9635 width=121)
	  Sort Key: c
	  ->  Bitmap Heap Scan on sbtest2  (cost=207.19..33240.84 rows=9635 width=121)
	        Recheck Cond: ((id >= 5759075) AND (id <= 5769074))
	        ->  Bitmap Index Scan on sbtest2_pkey  (cost=0.00..204.79 rows=9635 width=0)
	              Index Cond: ((id >= 5759075) AND (id <= 5769074))

table 3 : explain SELECT c FROM sbtest3 WHERE id BETWEEN 6226093 AND 6236092 ORDER BY c
	Sort  (cost=32027.68..32050.33 rows=9059 width=121)
	  Sort Key: c
	  ->  Bitmap Heap Scan on sbtest3  (cost=197.29..31432.27 rows=9059 width=121)
	        Recheck Cond: ((id >= 6226093) AND (id <= 6236092))
	        ->  Bitmap Index Scan on sbtest3_pkey  (cost=0.00..195.03 rows=9059 width=0)
	              Index Cond: ((id >= 6226093) AND (id <= 6236092))

table 4 : explain SELECT c FROM sbtest4 WHERE id BETWEEN 3746673 AND 3756672 ORDER BY c
	Sort  (cost=33572.82..33596.64 rows=9526 width=121)
	  Sort Key: c
	  ->  Bitmap Heap Scan on sbtest4  (cost=210.08..32943.27 rows=9526 width=121)
	        Recheck Cond: ((id >= 3746673) AND (id <= 3756672))
	        ->  Bitmap Index Scan on sbtest4_pkey  (cost=0.00..207.69 rows=9526 width=0)
	              Index Cond: ((id >= 3746673) AND (id <= 3756672))

table 5 : explain SELECT c FROM sbtest5 WHERE id BETWEEN 582982 AND 592981 ORDER BY c
	Sort  (cost=34897.88..34922.73 rows=9938 width=121)
	  Sort Key: c
	  ->  Bitmap Heap Scan on sbtest5  (cost=214.30..34238.06 rows=9938 width=121)
	        Recheck Cond: ((id >= 582982) AND (id <= 592981))
	        ->  Bitmap Index Scan on sbtest5_pkey  (cost=0.00..211.81 rows=9938 width=0)
	              Index Cond: ((id >= 582982) AND (id <= 592981))

table 6 : explain SELECT c FROM sbtest6 WHERE id BETWEEN 8355205 AND 8365204 ORDER BY c
	Sort  (cost=34539.50..34564.06 rows=9825 width=121)
	  Sort Key: c
	  ->  Bitmap Heap Scan on sbtest6  (cost=217.14..33887.99 rows=9825 width=121)
	        Recheck Cond: ((id >= 8355205) AND (id <= 8365204))
	        ->  Bitmap Index Scan on sbtest6_pkey  (cost=0.00..214.69 rows=9825 width=0)
	              Index Cond: ((id >= 8355205) AND (id <= 8365204))

table 7 : explain SELECT c FROM sbtest7 WHERE id BETWEEN 4128764 AND 4138763 ORDER BY c
	Sort  (cost=32920.64..32943.91 rows=9311 width=121)
	  Sort Key: c
	  ->  Bitmap Heap Scan on sbtest7  (cost=203.87..32306.82 rows=9311 width=121)
	        Recheck Cond: ((id >= 4128764) AND (id <= 4138763))
	        ->  Bitmap Index Scan on sbtest7_pkey  (cost=0.00..201.55 rows=9311 width=0)
	              Index Cond: ((id >= 4128764) AND (id <= 4138763))

table 8 : explain SELECT c FROM sbtest8 WHERE id BETWEEN 5944763 AND 5954762 ORDER BY c
	Sort  (cost=33906.74..33930.78 rows=9614 width=121)
	  Sort Key: c
	  ->  Bitmap Heap Scan on sbtest8  (cost=218.98..33270.73 rows=9614 width=121)
	        Recheck Cond: ((id >= 5944763) AND (id <= 5954762))
	        ->  Bitmap Index Scan on sbtest8_pkey  (cost=0.00..216.57 rows=9614 width=0)
	              Index Cond: ((id >= 5944763) AND (id <= 5954762))

explain: for point_selects :: explain SELECT c FROM sbtest%u WHERE id=%u
for: simple_ranges
table 1 : explain SELECT c FROM sbtest1 WHERE id BETWEEN 9167702 AND 9177701
	Bitmap Heap Scan on sbtest1  (cost=224.71..36082.21 rows=10563 width=121)
	  Recheck Cond: ((id >= 9167702) AND (id <= 9177701))
	  ->  Bitmap Index Scan on sbtest1_pkey  (cost=0.00..222.06 rows=10563 width=0)
	        Index Cond: ((id >= 9167702) AND (id <= 9177701))

table 2 : explain SELECT c FROM sbtest2 WHERE id BETWEEN 8183368 AND 8193367
	Bitmap Heap Scan on sbtest2  (cost=222.05..35328.58 rows=10304 width=121)
	  Recheck Cond: ((id >= 8183368) AND (id <= 8193367))
	  ->  Bitmap Index Scan on sbtest2_pkey  (cost=0.00..219.48 rows=10304 width=0)
	        Index Cond: ((id >= 8183368) AND (id <= 8193367))

table 3 : explain SELECT c FROM sbtest3 WHERE id BETWEEN 4340266 AND 4350265
	Bitmap Heap Scan on sbtest3  (cost=215.08..34430.34 rows=10014 width=121)
	  Recheck Cond: ((id >= 4340266) AND (id <= 4350265))
	  ->  Bitmap Index Scan on sbtest3_pkey  (cost=0.00..212.57 rows=10014 width=0)
	        Index Cond: ((id >= 4340266) AND (id <= 4350265))

table 4 : explain SELECT c FROM sbtest4 WHERE id BETWEEN 6967329 AND 6977328
	Bitmap Heap Scan on sbtest4  (cost=209.94..32904.40 rows=9513 width=121)
	  Recheck Cond: ((id >= 6967329) AND (id <= 6977328))
	  ->  Bitmap Index Scan on sbtest4_pkey  (cost=0.00..207.56 rows=9513 width=0)
	        Index Cond: ((id >= 6967329) AND (id <= 6977328))

table 5 : explain SELECT c FROM sbtest5 WHERE id BETWEEN 1082178 AND 1092177
	Bitmap Heap Scan on sbtest5  (cost=216.07..34775.51 rows=10111 width=121)
	  Recheck Cond: ((id >= 1082178) AND (id <= 1092177))
	  ->  Bitmap Index Scan on sbtest5_pkey  (cost=0.00..213.55 rows=10111 width=0)
	        Index Cond: ((id >= 1082178) AND (id <= 1092177))

table 6 : explain SELECT c FROM sbtest6 WHERE id BETWEEN 1484216 AND 1494215
	Bitmap Heap Scan on sbtest6  (cost=209.86..32881.88 rows=9505 width=121)
	  Recheck Cond: ((id >= 1484216) AND (id <= 1494215))
	  ->  Bitmap Index Scan on sbtest6_pkey  (cost=0.00..207.49 rows=9505 width=0)
	        Index Cond: ((id >= 1484216) AND (id <= 1494215))

table 7 : explain SELECT c FROM sbtest7 WHERE id BETWEEN 7929202 AND 7939201
	Bitmap Heap Scan on sbtest7  (cost=218.69..34403.82 rows=9976 width=121)
	  Recheck Cond: ((id >= 7929202) AND (id <= 7939201))
	  ->  Bitmap Index Scan on sbtest7_pkey  (cost=0.00..216.19 rows=9976 width=0)
	        Index Cond: ((id >= 7929202) AND (id <= 7939201))

table 8 : explain SELECT c FROM sbtest8 WHERE id BETWEEN 3341361 AND 3351360
	Bitmap Heap Scan on sbtest8  (cost=220.75..33811.17 rows=9787 width=121)
	  Recheck Cond: ((id >= 3341361) AND (id <= 3351360))
	  ->  Bitmap Index Scan on sbtest8_pkey  (cost=0.00..218.31 rows=9787 width=0)
	        Index Cond: ((id >= 3341361) AND (id <= 3351360))

explain: for point_selects :: explain SELECT c FROM sbtest%u WHERE id=%u
for: sum_ranges
table 1 : explain SELECT SUM(k) FROM sbtest1 WHERE id BETWEEN 9192968 AND 9202967
	Aggregate  (cost=36067.15..36067.16 rows=1 width=8)
	  ->  Bitmap Heap Scan on sbtest1  (cost=224.56..36040.78 rows=10549 width=4)
	        Recheck Cond: ((id >= 9192968) AND (id <= 9202967))
	        ->  Bitmap Index Scan on sbtest1_pkey  (cost=0.00..221.93 rows=10549 width=0)
	              Index Cond: ((id >= 9192968) AND (id <= 9202967))

table 2 : explain SELECT SUM(k) FROM sbtest2 WHERE id BETWEEN 3661662 AND 3671661
	Aggregate  (cost=35754.48..35754.49 rows=1 width=8)
	  ->  Bitmap Heap Scan on sbtest2  (cost=223.37..35728.39 rows=10433 width=4)
	        Recheck Cond: ((id >= 3661662) AND (id <= 3671661))
	        ->  Bitmap Index Scan on sbtest2_pkey  (cost=0.00..220.76 rows=10433 width=0)
	              Index Cond: ((id >= 3661662) AND (id <= 3671661))

table 3 : explain SELECT SUM(k) FROM sbtest3 WHERE id BETWEEN 2316251 AND 2326250
	Aggregate  (cost=36206.70..36206.71 rows=1 width=8)
	  ->  Bitmap Heap Scan on sbtest3  (cost=228.85..36180.26 rows=10577 width=4)
	        Recheck Cond: ((id >= 2316251) AND (id <= 2326250))
	        ->  Bitmap Index Scan on sbtest3_pkey  (cost=0.00..226.20 rows=10577 width=0)
	              Index Cond: ((id >= 2316251) AND (id <= 2326250))

table 4 : explain SELECT SUM(k) FROM sbtest4 WHERE id BETWEEN 9574880 AND 9584879
	Aggregate  (cost=35024.29..35024.30 rows=1 width=8)
	  ->  Bitmap Heap Scan on sbtest4  (cost=224.79..34998.84 rows=10181 width=4)
	        Recheck Cond: ((id >= 9574880) AND (id <= 9584879))
	        ->  Bitmap Index Scan on sbtest4_pkey  (cost=0.00..222.25 rows=10181 width=0)
	              Index Cond: ((id >= 9574880) AND (id <= 9584879))

table 5 : explain SELECT SUM(k) FROM sbtest5 WHERE id BETWEEN 4774985 AND 4784984
	Aggregate  (cost=36284.50..36284.51 rows=1 width=8)
	  ->  Bitmap Heap Scan on sbtest5  (cost=228.95..36258.03 rows=10587 width=4)
	        Recheck Cond: ((id >= 4774985) AND (id <= 4784984))
	        ->  Bitmap Index Scan on sbtest5_pkey  (cost=0.00..226.31 rows=10587 width=0)
	              Index Cond: ((id >= 4774985) AND (id <= 4784984))

table 6 : explain SELECT SUM(k) FROM sbtest6 WHERE id BETWEEN 3424607 AND 3434606
	Aggregate  (cost=35114.81..35114.82 rows=1 width=8)
	  ->  Bitmap Heap Scan on sbtest6  (cost=225.08..35089.29 rows=10209 width=4)
	        Recheck Cond: ((id >= 3424607) AND (id <= 3434606))
	        ->  Bitmap Index Scan on sbtest6_pkey  (cost=0.00..222.53 rows=10209 width=0)
	              Index Cond: ((id >= 3424607) AND (id <= 3434606))

table 7 : explain SELECT SUM(k) FROM sbtest7 WHERE id BETWEEN 1822924 AND 1832923
	Aggregate  (cost=33292.43..33292.44 rows=1 width=8)
	  ->  Bitmap Heap Scan on sbtest7  (cost=210.99..33268.39 rows=9615 width=4)
	        Recheck Cond: ((id >= 1822924) AND (id <= 1832923))
	        ->  Bitmap Index Scan on sbtest7_pkey  (cost=0.00..208.59 rows=9615 width=0)
	              Index Cond: ((id >= 1822924) AND (id <= 1832923))

table 8 : explain SELECT SUM(k) FROM sbtest8 WHERE id BETWEEN 792069 AND 802068
	Aggregate  (cost=34463.27..34463.28 rows=1 width=8)
	  ->  Bitmap Heap Scan on sbtest8  (cost=226.79..34438.30 rows=9986 width=4)
	        Recheck Cond: ((id >= 792069) AND (id <= 802068))
	        ->  Bitmap Index Scan on sbtest8_pkey  (cost=0.00..224.30 rows=9986 width=0)
	              Index Cond: ((id >= 792069) AND (id <= 802068))

for: distinct_ranges
table 1 : explain SELECT DISTINCT c FROM sbtest1 WHERE id BETWEEN 1662001 AND 1672000 ORDER BY c
	Unique  (cost=32534.49..32580.64 rows=9230 width=121)
	  ->  Sort  (cost=32534.49..32557.56 rows=9230 width=121)
	        Sort Key: c
	        ->  Bitmap Heap Scan on sbtest1  (cost=199.04..31926.59 rows=9230 width=121)
	              Recheck Cond: ((id >= 1662001) AND (id <= 1672000))
	              ->  Bitmap Index Scan on sbtest1_pkey  (cost=0.00..196.74 rows=9230 width=0)
	                    Index Cond: ((id >= 1662001) AND (id <= 1672000))

table 2 : explain SELECT DISTINCT c FROM sbtest2 WHERE id BETWEEN 8822145 AND 8832144 ORDER BY c
	Unique  (cost=35486.42..35537.11 rows=10138 width=121)
	  ->  Sort  (cost=35486.42..35511.76 rows=10138 width=121)
	        Sort Key: c
	        ->  Bitmap Heap Scan on sbtest2  (cost=216.35..34811.86 rows=10138 width=121)
	              Recheck Cond: ((id >= 8822145) AND (id <= 8832144))
	              ->  Bitmap Index Scan on sbtest2_pkey  (cost=0.00..213.81 rows=10138 width=0)
	                    Index Cond: ((id >= 8822145) AND (id <= 8832144))

table 3 : explain SELECT DISTINCT c FROM sbtest3 WHERE id BETWEEN 4393010 AND 4403009 ORDER BY c
	Unique  (cost=35191.13..35241.35 rows=10044 width=121)
	  ->  Sort  (cost=35191.13..35216.24 rows=10044 width=121)
	        Sort Key: c
	        ->  Bitmap Heap Scan on sbtest3  (cost=215.39..34523.51 rows=10044 width=121)
	              Recheck Cond: ((id >= 4393010) AND (id <= 4403009))
	              ->  Bitmap Index Scan on sbtest3_pkey  (cost=0.00..212.88 rows=10044 width=0)
	                    Index Cond: ((id >= 4393010) AND (id <= 4403009))

table 4 : explain SELECT DISTINCT c FROM sbtest4 WHERE id BETWEEN 9295249 AND 9305248 ORDER BY c
	Unique  (cost=33794.71..33842.69 rows=9595 width=121)
	  ->  Sort  (cost=33794.71..33818.70 rows=9595 width=121)
	        Sort Key: c
	        ->  Bitmap Heap Scan on sbtest4  (cost=210.78..33160.10 rows=9595 width=121)
	              Recheck Cond: ((id >= 9295249) AND (id <= 9305248))
	              ->  Bitmap Index Scan on sbtest4_pkey  (cost=0.00..208.38 rows=9595 width=0)
	                    Index Cond: ((id >= 9295249) AND (id <= 9305248))

table 5 : explain SELECT DISTINCT c FROM sbtest5 WHERE id BETWEEN 2286844 AND 2296843 ORDER BY c
	Unique  (cost=33684.34..33732.14 rows=9561 width=121)
	  ->  Sort  (cost=33684.34..33708.24 rows=9561 width=121)
	        Sort Key: c
	        ->  Bitmap Heap Scan on sbtest5  (cost=206.44..33052.22 rows=9561 width=121)
	              Recheck Cond: ((id >= 2286844) AND (id <= 2296843))
	              ->  Bitmap Index Scan on sbtest5_pkey  (cost=0.00..204.05 rows=9561 width=0)
	                    Index Cond: ((id >= 2286844) AND (id <= 2296843))

table 6 : explain SELECT DISTINCT c FROM sbtest6 WHERE id BETWEEN 5996126 AND 6006125 ORDER BY c
	Unique  (cost=35311.03..35361.36 rows=10066 width=121)
	  ->  Sort  (cost=35311.03..35336.19 rows=10066 width=121)
	        Sort Key: c
	        ->  Bitmap Heap Scan on sbtest6  (cost=219.61..34641.78 rows=10066 width=121)
	              Recheck Cond: ((id >= 5996126) AND (id <= 6006125))
	              ->  Bitmap Index Scan on sbtest6_pkey  (cost=0.00..217.09 rows=10066 width=0)
	                    Index Cond: ((id >= 5996126) AND (id <= 6006125))

table 7 : explain SELECT DISTINCT c FROM sbtest7 WHERE id BETWEEN 963043 AND 973042 ORDER BY c
	Unique  (cost=31716.01..31760.71 rows=8940 width=121)
	  ->  Sort  (cost=31716.01..31738.36 rows=8940 width=121)
	        Sort Key: c
	        ->  Bitmap Heap Scan on sbtest7  (cost=196.07..31129.28 rows=8940 width=121)
	              Recheck Cond: ((id >= 963043) AND (id <= 973042))
	              ->  Bitmap Index Scan on sbtest7_pkey  (cost=0.00..193.84 rows=8940 width=0)
	                    Index Cond: ((id >= 963043) AND (id <= 973042))

table 8 : explain SELECT DISTINCT c FROM sbtest8 WHERE id BETWEEN 8689848 AND 8699847 ORDER BY c
	Unique  (cost=33205.70..33252.69 rows=9398 width=121)
	  ->  Sort  (cost=33205.70..33229.20 rows=9398 width=121)
	        Sort Key: c
	        ->  Bitmap Heap Scan on sbtest8  (cost=212.76..32585.52 rows=9398 width=121)
	              Recheck Cond: ((id >= 8689848) AND (id <= 8699847))
	              ->  Bitmap Index Scan on sbtest8_pkey  (cost=0.00..210.42 rows=9398 width=0)
	                    Index Cond: ((id >= 8689848) AND (id <= 8699847))

for: distinct_ranges
table 1 : explain SELECT DISTINCT c FROM sbtest1 WHERE id BETWEEN 3762948 AND 3772947 ORDER BY c
	Unique  (cost=35446.56..35497.25 rows=10139 width=121)
	  ->  Sort  (cost=35446.56..35471.91 rows=10139 width=121)
	        Sort Key: c
	        ->  Bitmap Heap Scan on sbtest1  (cost=216.36..34771.93 rows=10139 width=121)
	              Recheck Cond: ((id >= 3762948) AND (id <= 3772947))
	              ->  Bitmap Index Scan on sbtest1_pkey  (cost=0.00..213.82 rows=10139 width=0)
	                    Index Cond: ((id >= 3762948) AND (id <= 3772947))

table 2 : explain SELECT DISTINCT c FROM sbtest2 WHERE id BETWEEN 9890727 AND 9900726 ORDER BY c
	Unique  (cost=33335.38..33382.72 rows=9467 width=121)
	  ->  Sort  (cost=33335.38..33359.05 rows=9467 width=121)
	        Sort Key: c
	        ->  Bitmap Heap Scan on sbtest2  (cost=201.47..32710.15 rows=9467 width=121)
	              Recheck Cond: ((id >= 9890727) AND (id <= 9900726))
	              ->  Bitmap Index Scan on sbtest2_pkey  (cost=0.00..199.11 rows=9467 width=0)
	                    Index Cond: ((id >= 9890727) AND (id <= 9900726))

table 3 : explain SELECT DISTINCT c FROM sbtest3 WHERE id BETWEEN 1071560 AND 1081559 ORDER BY c
	Unique  (cost=32768.65..32815.09 rows=9289 width=121)
	  ->  Sort  (cost=32768.65..32791.87 rows=9289 width=121)
	        Sort Key: c
	        ->  Bitmap Heap Scan on sbtest3  (cost=199.65..32156.44 rows=9289 width=121)
	              Recheck Cond: ((id >= 1071560) AND (id <= 1081559))
	              ->  Bitmap Index Scan on sbtest3_pkey  (cost=0.00..197.32 rows=9289 width=0)
	                    Index Cond: ((id >= 1071560) AND (id <= 1081559))

table 4 : explain SELECT DISTINCT c FROM sbtest4 WHERE id BETWEEN 4129559 AND 4139558 ORDER BY c
	Unique  (cost=35696.37..35747.31 rows=10188 width=121)
	  ->  Sort  (cost=35696.37..35721.84 rows=10188 width=121)
	        Sort Key: c
	        ->  Bitmap Heap Scan on sbtest4  (cost=224.86..35018.13 rows=10188 width=121)
	              Recheck Cond: ((id >= 4129559) AND (id <= 4139558))
	              ->  Bitmap Index Scan on sbtest4_pkey  (cost=0.00..222.31 rows=10188 width=0)
	                    Index Cond: ((id >= 4129559) AND (id <= 4139558))

table 5 : explain SELECT DISTINCT c FROM sbtest5 WHERE id BETWEEN 1351945 AND 1361944 ORDER BY c
	Unique  (cost=32445.24..32491.12 rows=9177 width=121)
	  ->  Sort  (cost=32445.24..32468.18 rows=9177 width=121)
	        Sort Key: c
	        ->  Bitmap Heap Scan on sbtest5  (cost=198.50..31841.22 rows=9177 width=121)
	              Recheck Cond: ((id >= 1351945) AND (id <= 1361944))
	              ->  Bitmap Index Scan on sbtest5_pkey  (cost=0.00..196.20 rows=9177 width=0)
	                    Index Cond: ((id >= 1351945) AND (id <= 1361944))

table 6 : explain SELECT DISTINCT c FROM sbtest6 WHERE id BETWEEN 4343964 AND 4353963 ORDER BY c
	Unique  (cost=35245.23..35295.46 rows=10046 width=121)
	  ->  Sort  (cost=35245.23..35270.35 rows=10046 width=121)
	        Sort Key: c
	        ->  Bitmap Heap Scan on sbtest6  (cost=219.41..34577.46 rows=10046 width=121)
	              Recheck Cond: ((id >= 4343964) AND (id <= 4353963))
	              ->  Bitmap Index Scan on sbtest6_pkey  (cost=0.00..216.90 rows=10046 width=0)
	                    Index Cond: ((id >= 4343964) AND (id <= 4353963))

table 7 : explain SELECT DISTINCT c FROM sbtest7 WHERE id BETWEEN 7996282 AND 8006281 ORDER BY c
	Unique  (cost=33764.53..33812.40 rows=9573 width=121)
	  ->  Sort  (cost=33764.53..33788.47 rows=9573 width=121)
	        Sort Key: c
	        ->  Bitmap Heap Scan on sbtest7  (cost=206.56..33131.53 rows=9573 width=121)
	              Recheck Cond: ((id >= 7996282) AND (id <= 8006281))
	              ->  Bitmap Index Scan on sbtest7_pkey  (cost=0.00..204.17 rows=9573 width=0)
	                    Index Cond: ((id >= 7996282) AND (id <= 8006281))

table 8 : explain SELECT DISTINCT c FROM sbtest8 WHERE id BETWEEN 9406125 AND 9416124 ORDER BY c
	Unique  (cost=36593.59..36645.85 rows=10453 width=121)
	  ->  Sort  (cost=36593.59..36619.72 rows=10453 width=121)
	        Sort Key: c
	        ->  Bitmap Heap Scan on sbtest8  (cost=235.58..35895.76 rows=10453 width=121)
	              Recheck Cond: ((id >= 9406125) AND (id <= 9416124))
	              ->  Bitmap Index Scan on sbtest8_pkey  (cost=0.00..232.97 rows=10453 width=0)
	                    Index Cond: ((id >= 9406125) AND (id <= 9416124))

explain: for point_selects :: explain SELECT c FROM sbtest%u WHERE id=%u
for: sum_ranges
table 1 : explain SELECT SUM(k) FROM sbtest1 WHERE id BETWEEN 460840 AND 470839
	Aggregate  (cost=34441.31..34441.32 rows=1 width=8)
	  ->  Bitmap Heap Scan on sbtest1  (cost=215.19..34416.25 rows=10025 width=4)
	        Recheck Cond: ((id >= 460840) AND (id <= 470839))
	        ->  Bitmap Index Scan on sbtest1_pkey  (cost=0.00..212.69 rows=10025 width=0)
	              Index Cond: ((id >= 460840) AND (id <= 470839))

table 2 : explain SELECT SUM(k) FROM sbtest2 WHERE id BETWEEN 5292326 AND 5302325
	Aggregate  (cost=33352.14..33352.15 rows=1 width=8)
	  ->  Bitmap Heap Scan on sbtest2  (cost=207.48..33327.98 rows=9663 width=4)
	        Recheck Cond: ((id >= 5292326) AND (id <= 5302325))
	        ->  Bitmap Index Scan on sbtest2_pkey  (cost=0.00..205.06 rows=9663 width=0)
	              Index Cond: ((id >= 5292326) AND (id <= 5302325))

table 3 : explain SELECT SUM(k) FROM sbtest3 WHERE id BETWEEN 4141137 AND 4151136
	Aggregate  (cost=35639.98..35639.99 rows=1 width=8)
	  ->  Bitmap Heap Scan on sbtest3  (cost=222.97..35613.99 rows=10394 width=4)
	        Recheck Cond: ((id >= 4141137) AND (id <= 4151136))
	        ->  Bitmap Index Scan on sbtest3_pkey  (cost=0.00..220.38 rows=10394 width=0)
	              Index Cond: ((id >= 4141137) AND (id <= 4151136))

table 4 : explain SELECT SUM(k) FROM sbtest4 WHERE id BETWEEN 7175292 AND 7185291
	Aggregate  (cost=34499.08..34499.09 rows=1 width=8)
	  ->  Bitmap Heap Scan on sbtest4  (cost=219.08..34474.05 rows=10014 width=4)
	        Recheck Cond: ((id >= 7175292) AND (id <= 7185291))
	        ->  Bitmap Index Scan on sbtest4_pkey  (cost=0.00..216.57 rows=10014 width=0)
	              Index Cond: ((id >= 7175292) AND (id <= 7185291))

table 5 : explain SELECT SUM(k) FROM sbtest5 WHERE id BETWEEN 3811051 AND 3821050
	Aggregate  (cost=33477.45..33477.46 rows=1 width=8)
	  ->  Bitmap Heap Scan on sbtest5  (cost=207.74..33453.23 rows=9688 width=4)
	        Recheck Cond: ((id >= 3811051) AND (id <= 3821050))
	        ->  Bitmap Index Scan on sbtest5_pkey  (cost=0.00..205.31 rows=9688 width=0)
	              Index Cond: ((id >= 3811051) AND (id <= 3821050))

table 6 : explain SELECT SUM(k) FROM sbtest6 WHERE id BETWEEN 2715707 AND 2725706
	Aggregate  (cost=33838.28..33838.29 rows=1 width=8)
	  ->  Bitmap Heap Scan on sbtest6  (cost=216.90..33813.77 rows=9801 width=4)
	        Recheck Cond: ((id >= 2715707) AND (id <= 2725706))
	        ->  Bitmap Index Scan on sbtest6_pkey  (cost=0.00..214.44 rows=9801 width=0)
	              Index Cond: ((id >= 2715707) AND (id <= 2725706))

table 7 : explain SELECT SUM(k) FROM sbtest7 WHERE id BETWEEN 805025 AND 815024
	Aggregate  (cost=34935.10..34935.11 rows=1 width=8)
	  ->  Bitmap Heap Scan on sbtest7  (cost=220.36..34909.75 rows=10139 width=4)
	        Recheck Cond: ((id >= 805025) AND (id <= 815024))
	        ->  Bitmap Index Scan on sbtest7_pkey  (cost=0.00..217.82 rows=10139 width=0)
	              Index Cond: ((id >= 805025) AND (id <= 815024))

table 8 : explain SELECT SUM(k) FROM sbtest8 WHERE id BETWEEN 374836 AND 384835
	Aggregate  (cost=31839.91..31839.92 rows=1 width=8)
	  ->  Bitmap Heap Scan on sbtest8  (cost=206.28..31817.02 rows=9156 width=4)
	        Recheck Cond: ((id >= 374836) AND (id <= 384835))
	        ->  Bitmap Index Scan on sbtest8_pkey  (cost=0.00..204.00 rows=9156 width=0)
	              Index Cond: ((id >= 374836) AND (id <= 384835))

for: order_ranges
table 1 : explain SELECT c FROM sbtest1 WHERE id BETWEEN 8531378 AND 8541377 ORDER BY c
	Sort  (cost=35666.19..35691.71 rows=10209 width=121)
	  Sort Key: c
	  ->  Bitmap Heap Scan on sbtest1  (cost=217.08..34986.40 rows=10209 width=121)
	        Recheck Cond: ((id >= 8531378) AND (id <= 8541377))
	        ->  Bitmap Index Scan on sbtest1_pkey  (cost=0.00..214.53 rows=10209 width=0)
	              Index Cond: ((id >= 8531378) AND (id <= 8541377))

table 2 : explain SELECT c FROM sbtest2 WHERE id BETWEEN 1804834 AND 1814833 ORDER BY c
	Sort  (cost=31860.81..31883.33 rows=9010 width=121)
	  Sort Key: c
	  ->  Bitmap Heap Scan on sbtest2  (cost=192.79..31268.97 rows=9010 width=121)
	        Recheck Cond: ((id >= 1804834) AND (id <= 1814833))
	        ->  Bitmap Index Scan on sbtest2_pkey  (cost=0.00..190.54 rows=9010 width=0)
	              Index Cond: ((id >= 1804834) AND (id <= 1814833))

table 3 : explain SELECT c FROM sbtest3 WHERE id BETWEEN 3795290 AND 3805289 ORDER BY c
	Sort  (cost=35504.02..35529.37 rows=10141 width=121)
	  Sort Key: c
	  ->  Bitmap Heap Scan on sbtest3  (cost=220.38..34829.24 rows=10141 width=121)
	        Recheck Cond: ((id >= 3795290) AND (id <= 3805289))
	        ->  Bitmap Index Scan on sbtest3_pkey  (cost=0.00..217.84 rows=10141 width=0)
	              Index Cond: ((id >= 3795290) AND (id <= 3805289))

table 4 : explain SELECT c FROM sbtest4 WHERE id BETWEEN 4527226 AND 4537225 ORDER BY c
	Sort  (cost=34148.67..34172.94 rows=9705 width=121)
	  Sort Key: c
	  ->  Bitmap Heap Scan on sbtest4  (cost=211.91..33505.98 rows=9705 width=121)
	        Recheck Cond: ((id >= 4527226) AND (id <= 4537225))
	        ->  Bitmap Index Scan on sbtest4_pkey  (cost=0.00..209.49 rows=9705 width=0)
	              Index Cond: ((id >= 4527226) AND (id <= 4537225))

table 5 : explain SELECT c FROM sbtest5 WHERE id BETWEEN 2019939 AND 2029938 ORDER BY c
	Sort  (cost=34491.97..34516.50 rows=9811 width=121)
	  Sort Key: c
	  ->  Bitmap Heap Scan on sbtest5  (cost=213.00..33841.50 rows=9811 width=121)
	        Recheck Cond: ((id >= 2019939) AND (id <= 2029938))
	        ->  Bitmap Index Scan on sbtest5_pkey  (cost=0.00..210.55 rows=9811 width=0)
	              Index Cond: ((id >= 2019939) AND (id <= 2029938))

table 6 : explain SELECT c FROM sbtest6 WHERE id BETWEEN 5421189 AND 5431188 ORDER BY c
	Sort  (cost=33837.83..33861.85 rows=9607 width=121)
	  Sort Key: c
	  ->  Bitmap Heap Scan on sbtest6  (cost=210.91..33202.34 rows=9607 width=121)
	        Recheck Cond: ((id >= 5421189) AND (id <= 5431188))
	        ->  Bitmap Index Scan on sbtest6_pkey  (cost=0.00..208.50 rows=9607 width=0)
	              Index Cond: ((id >= 5421189) AND (id <= 5431188))

table 7 : explain SELECT c FROM sbtest7 WHERE id BETWEEN 4037842 AND 4047841 ORDER BY c
	Sort  (cost=34490.74..34515.23 rows=9798 width=121)
	  Sort Key: c
	  ->  Bitmap Heap Scan on sbtest7  (cost=212.86..33841.21 rows=9798 width=121)
	        Recheck Cond: ((id >= 4037842) AND (id <= 4047841))
	        ->  Bitmap Index Scan on sbtest7_pkey  (cost=0.00..210.42 rows=9798 width=0)
	              Index Cond: ((id >= 4037842) AND (id <= 4047841))

table 8 : explain SELECT c FROM sbtest8 WHERE id BETWEEN 4399963 AND 4409962 ORDER BY c
	Sort  (cost=35836.72..35862.26 rows=10216 width=121)
	  Sort Key: c
	  ->  Bitmap Heap Scan on sbtest8  (cost=229.15..35156.41 rows=10216 width=121)
	        Recheck Cond: ((id >= 4399963) AND (id <= 4409962))
	        ->  Bitmap Index Scan on sbtest8_pkey  (cost=0.00..226.59 rows=10216 width=0)
	              Index Cond: ((id >= 4399963) AND (id <= 4409962))

for: distinct_ranges
table 1 : explain SELECT DISTINCT c FROM sbtest1 WHERE id BETWEEN 9316799 AND 9326798 ORDER BY c
	Unique  (cost=38276.44..38331.62 rows=11035 width=121)
	  ->  Sort  (cost=38276.44..38304.03 rows=11035 width=121)
	        Sort Key: c
	        ->  Bitmap Heap Scan on sbtest1  (cost=237.54..37535.45 rows=11035 width=121)
	              Recheck Cond: ((id >= 9316799) AND (id <= 9326798))
	              ->  Bitmap Index Scan on sbtest1_pkey  (cost=0.00..234.79 rows=11035 width=0)
	                    Index Cond: ((id >= 9316799) AND (id <= 9326798))

table 2 : explain SELECT DISTINCT c FROM sbtest2 WHERE id BETWEEN 8194705 AND 8204704 ORDER BY c
	Unique  (cost=34472.39..34521.50 rows=9821 width=121)
	  ->  Sort  (cost=34472.39..34496.95 rows=9821 width=121)
	        Sort Key: c
	        ->  Bitmap Heap Scan on sbtest2  (cost=209.10..33821.18 rows=9821 width=121)
	              Recheck Cond: ((id >= 8194705) AND (id <= 8204704))
	              ->  Bitmap Index Scan on sbtest2_pkey  (cost=0.00..206.65 rows=9821 width=0)
	                    Index Cond: ((id >= 8194705) AND (id <= 8204704))

table 3 : explain SELECT DISTINCT c FROM sbtest3 WHERE id BETWEEN 163327 AND 173326 ORDER BY c
	Unique  (cost=33633.90..33681.68 rows=9557 width=121)
	  ->  Sort  (cost=33633.90..33657.79 rows=9557 width=121)
	        Sort Key: c
	        ->  Bitmap Heap Scan on sbtest3  (cost=206.39..33002.07 rows=9557 width=121)
	              Recheck Cond: ((id >= 163327) AND (id <= 173326))
	              ->  Bitmap Index Scan on sbtest3_pkey  (cost=0.00..204.00 rows=9557 width=0)
	                    Index Cond: ((id >= 163327) AND (id <= 173326))

table 4 : explain SELECT DISTINCT c FROM sbtest4 WHERE id BETWEEN 423444 AND 433443 ORDER BY c
	Unique  (cost=35353.49..35403.89 rows=10081 width=121)
	  ->  Sort  (cost=35353.49..35378.69 rows=10081 width=121)
	        Sort Key: c
	        ->  Bitmap Heap Scan on sbtest4  (cost=219.77..34683.13 rows=10081 width=121)
	              Recheck Cond: ((id >= 423444) AND (id <= 433443))
	              ->  Bitmap Index Scan on sbtest4_pkey  (cost=0.00..217.25 rows=10081 width=0)
	                    Index Cond: ((id >= 423444) AND (id <= 433443))

table 5 : explain SELECT DISTINCT c FROM sbtest5 WHERE id BETWEEN 4625077 AND 4635076 ORDER BY c
	Unique  (cost=33359.44..33406.73 rows=9459 width=121)
	  ->  Sort  (cost=33359.44..33383.08 rows=9459 width=121)
	        Sort Key: c
	        ->  Bitmap Heap Scan on sbtest5  (cost=205.39..32734.79 rows=9459 width=121)
	              Recheck Cond: ((id >= 4625077) AND (id <= 4635076))
	              ->  Bitmap Index Scan on sbtest5_pkey  (cost=0.00..203.03 rows=9459 width=0)
	                    Index Cond: ((id >= 4625077) AND (id <= 4635076))

table 6 : explain SELECT DISTINCT c FROM sbtest6 WHERE id BETWEEN 4117649 AND 4127648 ORDER BY c
	Unique  (cost=35070.59..35120.55 rows=9991 width=121)
	  ->  Sort  (cost=35070.59..35095.57 rows=9991 width=121)
	        Sort Key: c
	        ->  Bitmap Heap Scan on sbtest6  (cost=218.84..34406.87 rows=9991 width=121)
	              Recheck Cond: ((id >= 4117649) AND (id <= 4127648))
	              ->  Bitmap Index Scan on sbtest6_pkey  (cost=0.00..216.34 rows=9991 width=0)
	                    Index Cond: ((id >= 4117649) AND (id <= 4127648))

table 7 : explain SELECT DISTINCT c FROM sbtest7 WHERE id BETWEEN 5876771 AND 5886770 ORDER BY c
	Unique  (cost=35716.13..35767.03 rows=10180 width=121)
	  ->  Sort  (cost=35716.13..35741.58 rows=10180 width=121)
	        Sort Key: c
	        ->  Bitmap Heap Scan on sbtest7  (cost=220.78..35038.47 rows=10180 width=121)
	              Recheck Cond: ((id >= 5876771) AND (id <= 5886770))
	              ->  Bitmap Index Scan on sbtest7_pkey  (cost=0.00..218.24 rows=10180 width=0)
	                    Index Cond: ((id >= 5876771) AND (id <= 5886770))

table 8 : explain SELECT DISTINCT c FROM sbtest8 WHERE id BETWEEN 1120610 AND 1130609 ORDER BY c
	Unique  (cost=34532.59..34581.64 rows=9809 width=121)
	  ->  Sort  (cost=34532.59..34557.12 rows=9809 width=121)
	        Sort Key: c
	        ->  Bitmap Heap Scan on sbtest8  (cost=220.98..33882.26 rows=9809 width=121)
	              Recheck Cond: ((id >= 1120610) AND (id <= 1130609))
	              ->  Bitmap Index Scan on sbtest8_pkey  (cost=0.00..218.53 rows=9809 width=0)
	                    Index Cond: ((id >= 1120610) AND (id <= 1130609))

for: order_ranges
table 1 : explain SELECT c FROM sbtest1 WHERE id BETWEEN 2629865 AND 2639864 ORDER BY c
	Sort  (cost=34414.48..34439.02 rows=9816 width=121)
	  Sort Key: c
	  ->  Bitmap Heap Scan on sbtest1  (cost=209.05..33763.63 rows=9816 width=121)
	        Recheck Cond: ((id >= 2629865) AND (id <= 2639864))
	        ->  Bitmap Index Scan on sbtest1_pkey  (cost=0.00..206.59 rows=9816 width=0)
	              Index Cond: ((id >= 2629865) AND (id <= 2639864))

table 2 : explain SELECT c FROM sbtest2 WHERE id BETWEEN 5085208 AND 5095207 ORDER BY c
	Sort  (cost=37389.15..37415.99 rows=10737 width=121)
	  Sort Key: c
	  ->  Bitmap Heap Scan on sbtest2  (cost=230.49..36670.29 rows=10737 width=121)
	        Recheck Cond: ((id >= 5085208) AND (id <= 5095207))
	        ->  Bitmap Index Scan on sbtest2_pkey  (cost=0.00..227.81 rows=10737 width=0)
	              Index Cond: ((id >= 5085208) AND (id <= 5095207))

table 3 : explain SELECT c FROM sbtest3 WHERE id BETWEEN 2515982 AND 2525981 ORDER BY c
	Sort  (cost=34096.56..34120.81 rows=9702 width=121)
	  Sort Key: c
	  ->  Bitmap Heap Scan on sbtest3  (cost=207.88..33454.09 rows=9702 width=121)
	        Recheck Cond: ((id >= 2515982) AND (id <= 2525981))
	        ->  Bitmap Index Scan on sbtest3_pkey  (cost=0.00..205.45 rows=9702 width=0)
	              Index Cond: ((id >= 2515982) AND (id <= 2525981))

table 4 : explain SELECT c FROM sbtest4 WHERE id BETWEEN 9318517 AND 9328516 ORDER BY c
	Sort  (cost=32872.08..32895.35 rows=9309 width=121)
	  Sort Key: c
	  ->  Bitmap Heap Scan on sbtest4  (cost=203.85..32258.41 rows=9309 width=121)
	        Recheck Cond: ((id >= 9318517) AND (id <= 9328516))
	        ->  Bitmap Index Scan on sbtest4_pkey  (cost=0.00..201.53 rows=9309 width=0)
	              Index Cond: ((id >= 9318517) AND (id <= 9328516))

table 5 : explain SELECT c FROM sbtest5 WHERE id BETWEEN 9896093 AND 9906092 ORDER BY c
	Sort  (cost=36824.95..36851.31 rows=10542 width=121)
	  Sort Key: c
	  ->  Bitmap Heap Scan on sbtest5  (cost=228.49..36120.54 rows=10542 width=121)
	        Recheck Cond: ((id >= 9896093) AND (id <= 9906092))
	        ->  Bitmap Index Scan on sbtest5_pkey  (cost=0.00..225.86 rows=10542 width=0)
	              Index Cond: ((id >= 9896093) AND (id <= 9906092))

table 6 : explain SELECT c FROM sbtest6 WHERE id BETWEEN 6411597 AND 6421596 ORDER BY c
	Sort  (cost=36461.81..36487.87 rows=10427 width=121)
	  Sort Key: c
	  ->  Bitmap Heap Scan on sbtest6  (cost=227.31..35765.91 rows=10427 width=121)
	        Recheck Cond: ((id >= 6411597) AND (id <= 6421596))
	        ->  Bitmap Index Scan on sbtest6_pkey  (cost=0.00..224.70 rows=10427 width=0)
	              Index Cond: ((id >= 6411597) AND (id <= 6421596))

table 7 : explain SELECT c FROM sbtest7 WHERE id BETWEEN 3613574 AND 3623573 ORDER BY c
	Sort  (cost=36213.75..36239.59 rows=10335 width=121)
	  Sort Key: c
	  ->  Bitmap Heap Scan on sbtest7  (cost=226.37..35524.65 rows=10335 width=121)
	        Recheck Cond: ((id >= 3613574) AND (id <= 3623573))
	        ->  Bitmap Index Scan on sbtest7_pkey  (cost=0.00..223.79 rows=10335 width=0)
	              Index Cond: ((id >= 3613574) AND (id <= 3623573))

table 8 : explain SELECT c FROM sbtest8 WHERE id BETWEEN 608054 AND 618053 ORDER BY c
	Sort  (cost=33673.91..33697.77 rows=9543 width=121)
	  Sort Key: c
	  ->  Bitmap Heap Scan on sbtest8  (cost=214.25..33043.11 rows=9543 width=121)
	        Recheck Cond: ((id >= 608054) AND (id <= 618053))
	        ->  Bitmap Index Scan on sbtest8_pkey  (cost=0.00..211.87 rows=9543 width=0)
	              Index Cond: ((id >= 608054) AND (id <= 618053))

for point_selects
table 1 : explain SELECT c FROM sbtest1 WHERE id=3941042
	Index Scan using sbtest1_pkey on sbtest1  (cost=0.43..8.45 rows=1 width=121)
	  Index Cond: (id = 3941042)

table 2 : explain SELECT c FROM sbtest2 WHERE id=660114
	Index Scan using sbtest2_pkey on sbtest2  (cost=0.43..8.45 rows=1 width=121)
	  Index Cond: (id = 660114)

table 3 : explain SELECT c FROM sbtest3 WHERE id=4014251
	Index Scan using sbtest3_pkey on sbtest3  (cost=0.43..8.45 rows=1 width=121)
	  Index Cond: (id = 4014251)

table 4 : explain SELECT c FROM sbtest4 WHERE id=9411635
	Index Scan using sbtest4_pkey on sbtest4  (cost=0.43..8.45 rows=1 width=121)
	  Index Cond: (id = 9411635)

table 5 : explain SELECT c FROM sbtest5 WHERE id=600428
	Index Scan using sbtest5_pkey on sbtest5  (cost=0.43..8.45 rows=1 width=121)
	  Index Cond: (id = 600428)

table 6 : explain SELECT c FROM sbtest6 WHERE id=8343219
	Index Scan using sbtest6_pkey on sbtest6  (cost=0.43..8.45 rows=1 width=121)
	  Index Cond: (id = 8343219)

table 7 : explain SELECT c FROM sbtest7 WHERE id=1876741
	Index Scan using sbtest7_pkey on sbtest7  (cost=0.43..8.45 rows=1 width=121)
	  Index Cond: (id = 1876741)

table 8 : explain SELECT c FROM sbtest8 WHERE id=4688754
	Index Scan using sbtest8_pkey on sbtest8  (cost=0.43..8.45 rows=1 width=121)
	  Index Cond: (id = 4688754)

for: order_ranges
table 1 : explain SELECT c FROM sbtest1 WHERE id BETWEEN 5256093 AND 5266092 ORDER BY c
	Sort  (cost=36216.70..36242.66 rows=10382 width=121)
	  Sort Key: c
	  ->  Bitmap Heap Scan on sbtest1  (cost=222.85..35524.13 rows=10382 width=121)
	        Recheck Cond: ((id >= 5256093) AND (id <= 5266092))
	        ->  Bitmap Index Scan on sbtest1_pkey  (cost=0.00..220.25 rows=10382 width=0)
	              Index Cond: ((id >= 5256093) AND (id <= 5266092))

table 2 : explain SELECT c FROM sbtest2 WHERE id BETWEEN 1207931 AND 1217930 ORDER BY c
	Sort  (cost=37036.81..37063.37 rows=10626 width=121)
	  Sort Key: c
	  ->  Bitmap Heap Scan on sbtest2  (cost=229.35..36326.17 rows=10626 width=121)
	        Recheck Cond: ((id >= 1207931) AND (id <= 1217930))
	        ->  Bitmap Index Scan on sbtest2_pkey  (cost=0.00..226.69 rows=10626 width=0)
	              Index Cond: ((id >= 1207931) AND (id <= 1217930))

table 3 : explain SELECT c FROM sbtest3 WHERE id BETWEEN 3984242 AND 3994241 ORDER BY c
	Sort  (cost=32665.76..32688.91 rows=9257 width=121)
	  Sort Key: c
	  ->  Bitmap Heap Scan on sbtest3  (cost=199.32..32055.90 rows=9257 width=121)
	        Recheck Cond: ((id >= 3984242) AND (id <= 3994241))
	        ->  Bitmap Index Scan on sbtest3_pkey  (cost=0.00..197.00 rows=9257 width=0)
	              Index Cond: ((id >= 3984242) AND (id <= 3994241))

table 4 : explain SELECT c FROM sbtest4 WHERE id BETWEEN 4487336 AND 4497335 ORDER BY c
	Sort  (cost=33346.75..33370.39 rows=9457 width=121)
	  Sort Key: c
	  ->  Bitmap Heap Scan on sbtest4  (cost=205.37..32722.25 rows=9457 width=121)
	        Recheck Cond: ((id >= 4487336) AND (id <= 4497335))
	        ->  Bitmap Index Scan on sbtest4_pkey  (cost=0.00..203.00 rows=9457 width=0)
	              Index Cond: ((id >= 4487336) AND (id <= 4497335))

table 5 : explain SELECT c FROM sbtest5 WHERE id BETWEEN 2915555 AND 2925554 ORDER BY c
	Sort  (cost=32535.09..32558.10 rows=9205 width=121)
	  Sort Key: c
	  ->  Bitmap Heap Scan on sbtest5  (cost=198.79..31929.02 rows=9205 width=121)
	        Recheck Cond: ((id >= 2915555) AND (id <= 2925554))
	        ->  Bitmap Index Scan on sbtest5_pkey  (cost=0.00..196.49 rows=9205 width=0)
	              Index Cond: ((id >= 2915555) AND (id <= 2925554))

table 6 : explain SELECT c FROM sbtest6 WHERE id BETWEEN 6026770 AND 6036769 ORDER BY c
	Sort  (cost=34707.79..34732.48 rows=9877 width=121)
	  Sort Key: c
	  ->  Bitmap Heap Scan on sbtest6  (cost=217.67..34052.46 rows=9877 width=121)
	        Recheck Cond: ((id >= 6026770) AND (id <= 6036769))
	        ->  Bitmap Index Scan on sbtest6_pkey  (cost=0.00..215.20 rows=9877 width=0)
	              Index Cond: ((id >= 6026770) AND (id <= 6036769))

table 7 : explain SELECT c FROM sbtest7 WHERE id BETWEEN 3733837 AND 3743836 ORDER BY c
	Sort  (cost=35406.35..35431.56 rows=10083 width=121)
	  Sort Key: c
	  ->  Bitmap Heap Scan on sbtest7  (cost=219.79..34735.85 rows=10083 width=121)
	        Recheck Cond: ((id >= 3733837) AND (id <= 3743836))
	        ->  Bitmap Index Scan on sbtest7_pkey  (cost=0.00..217.26 rows=10083 width=0)
	              Index Cond: ((id >= 3733837) AND (id <= 3743836))

table 8 : explain SELECT c FROM sbtest8 WHERE id BETWEEN 6431840 AND 6441839 ORDER BY c
	Sort  (cost=35048.79..35073.72 rows=9969 width=121)
	  Sort Key: c
	  ->  Bitmap Heap Scan on sbtest8  (cost=226.62..34386.69 rows=9969 width=121)
	        Recheck Cond: ((id >= 6431840) AND (id <= 6441839))
	        ->  Bitmap Index Scan on sbtest8_pkey  (cost=0.00..224.12 rows=9969 width=0)
	              Index Cond: ((id >= 6431840) AND (id <= 6441839))

for: sum_ranges
table 1 : explain SELECT SUM(k) FROM sbtest1 WHERE id BETWEEN 7787062 AND 7797061
	Aggregate  (cost=33871.82..33871.83 rows=1 width=8)
	  ->  Bitmap Heap Scan on sbtest1  (cost=209.33..33847.22 rows=9843 width=4)
	        Recheck Cond: ((id >= 7787062) AND (id <= 7797061))
	        ->  Bitmap Index Scan on sbtest1_pkey  (cost=0.00..206.87 rows=9843 width=0)
	              Index Cond: ((id >= 7787062) AND (id <= 7797061))

table 2 : explain SELECT SUM(k) FROM sbtest2 WHERE id BETWEEN 5162835 AND 5172834
	Aggregate  (cost=31887.44..31887.45 rows=1 width=8)
	  ->  Bitmap Heap Scan on sbtest2  (cost=198.71..31864.44 rows=9198 width=4)
	        Recheck Cond: ((id >= 5162835) AND (id <= 5172834))
	        ->  Bitmap Index Scan on sbtest2_pkey  (cost=0.00..196.42 rows=9198 width=0)
	              Index Cond: ((id >= 5162835) AND (id <= 5172834))

table 3 : explain SELECT SUM(k) FROM sbtest3 WHERE id BETWEEN 9475955 AND 9485954
	Aggregate  (cost=32137.48..32137.49 rows=1 width=8)
	  ->  Bitmap Heap Scan on sbtest3  (cost=199.51..32114.29 rows=9276 width=4)
	        Recheck Cond: ((id >= 9475955) AND (id <= 9485954))
	        ->  Bitmap Index Scan on sbtest3_pkey  (cost=0.00..197.19 rows=9276 width=0)
	              Index Cond: ((id >= 9475955) AND (id <= 9485954))

table 4 : explain SELECT SUM(k) FROM sbtest4 WHERE id BETWEEN 5621001 AND 5631000
	Aggregate  (cost=37402.94..37402.95 rows=1 width=8)
	  ->  Bitmap Heap Scan on sbtest4  (cost=240.65..37375.57 rows=10948 width=4)
	        Recheck Cond: ((id >= 5621001) AND (id <= 5631000))
	        ->  Bitmap Index Scan on sbtest4_pkey  (cost=0.00..237.92 rows=10948 width=0)
	              Index Cond: ((id >= 5621001) AND (id <= 5631000))

table 5 : explain SELECT SUM(k) FROM sbtest5 WHERE id BETWEEN 3125862 AND 3135861
	Aggregate  (cost=34720.33..34720.34 rows=1 width=8)
	  ->  Bitmap Heap Scan on sbtest5  (cost=215.81..34695.12 rows=10085 width=4)
	        Recheck Cond: ((id >= 3125862) AND (id <= 3135861))
	        ->  Bitmap Index Scan on sbtest5_pkey  (cost=0.00..213.29 rows=10085 width=0)
	              Index Cond: ((id >= 3125862) AND (id <= 3135861))

table 6 : explain SELECT SUM(k) FROM sbtest6 WHERE id BETWEEN 882033 AND 892032
	Aggregate  (cost=37607.68..37607.69 rows=1 width=8)
	  ->  Bitmap Heap Scan on sbtest6  (cost=241.32..37580.15 rows=11013 width=4)
	        Recheck Cond: ((id >= 882033) AND (id <= 892032))
	        ->  Bitmap Index Scan on sbtest6_pkey  (cost=0.00..238.56 rows=11013 width=0)
	              Index Cond: ((id >= 882033) AND (id <= 892032))

table 7 : explain SELECT SUM(k) FROM sbtest7 WHERE id BETWEEN 2623560 AND 2633559
	Aggregate  (cost=36176.46..36176.47 rows=1 width=8)
	  ->  Bitmap Heap Scan on sbtest7  (cost=228.43..36150.12 rows=10536 width=4)
	        Recheck Cond: ((id >= 2623560) AND (id <= 2633559))
	        ->  Bitmap Index Scan on sbtest7_pkey  (cost=0.00..225.80 rows=10536 width=0)
	              Index Cond: ((id >= 2623560) AND (id <= 2633559))

table 8 : explain SELECT SUM(k) FROM sbtest8 WHERE id BETWEEN 9155078 AND 9165077
	Aggregate  (cost=35398.26..35398.27 rows=1 width=8)
	  ->  Bitmap Heap Scan on sbtest8  (cost=233.85..35372.55 rows=10284 width=4)
	        Recheck Cond: ((id >= 9155078) AND (id <= 9165077))
	        ->  Bitmap Index Scan on sbtest8_pkey  (cost=0.00..231.28 rows=10284 width=0)
	              Index Cond: ((id >= 9155078) AND (id <= 9165077))

for point_selects
table 1 : explain SELECT c FROM sbtest1 WHERE id=6061968
	Index Scan using sbtest1_pkey on sbtest1  (cost=0.43..8.45 rows=1 width=121)
	  Index Cond: (id = 6061968)

table 2 : explain SELECT c FROM sbtest2 WHERE id=2110162
	Index Scan using sbtest2_pkey on sbtest2  (cost=0.43..8.45 rows=1 width=121)
	  Index Cond: (id = 2110162)

table 3 : explain SELECT c FROM sbtest3 WHERE id=4079009
	Index Scan using sbtest3_pkey on sbtest3  (cost=0.43..8.45 rows=1 width=121)
	  Index Cond: (id = 4079009)

table 4 : explain SELECT c FROM sbtest4 WHERE id=1066861
	Index Scan using sbtest4_pkey on sbtest4  (cost=0.43..8.45 rows=1 width=121)
	  Index Cond: (id = 1066861)

table 5 : explain SELECT c FROM sbtest5 WHERE id=2787675
	Index Scan using sbtest5_pkey on sbtest5  (cost=0.43..8.45 rows=1 width=121)
	  Index Cond: (id = 2787675)

table 6 : explain SELECT c FROM sbtest6 WHERE id=4147460
	Index Scan using sbtest6_pkey on sbtest6  (cost=0.43..8.45 rows=1 width=121)
	  Index Cond: (id = 4147460)

table 7 : explain SELECT c FROM sbtest7 WHERE id=3637817
	Index Scan using sbtest7_pkey on sbtest7  (cost=0.43..8.45 rows=1 width=121)
	  Index Cond: (id = 3637817)

table 8 : explain SELECT c FROM sbtest8 WHERE id=483045
	Index Scan using sbtest8_pkey on sbtest8  (cost=0.43..8.45 rows=1 width=121)
	  Index Cond: (id = 483045)

for: order_ranges
table 1 : explain SELECT c FROM sbtest1 WHERE id BETWEEN 8574895 AND 8584894 ORDER BY c
	Sort  (cost=35666.19..35691.71 rows=10209 width=121)
	  Sort Key: c
	  ->  Bitmap Heap Scan on sbtest1  (cost=217.08..34986.40 rows=10209 width=121)
	        Recheck Cond: ((id >= 8574895) AND (id <= 8584894))
	        ->  Bitmap Index Scan on sbtest1_pkey  (cost=0.00..214.53 rows=10209 width=0)
	              Index Cond: ((id >= 8574895) AND (id <= 8584894))

table 2 : explain SELECT c FROM sbtest2 WHERE id BETWEEN 2459442 AND 2469441 ORDER BY c
	Sort  (cost=35161.15..35186.24 rows=10036 width=121)
	  Sort Key: c
	  ->  Bitmap Heap Scan on sbtest2  (cost=215.30..34494.11 rows=10036 width=121)
	        Recheck Cond: ((id >= 2459442) AND (id <= 2469441))
	        ->  Bitmap Index Scan on sbtest2_pkey  (cost=0.00..212.80 rows=10036 width=0)
	              Index Cond: ((id >= 2459442) AND (id <= 2469441))

table 3 : explain SELECT c FROM sbtest3 WHERE id BETWEEN 6113041 AND 6123040 ORDER BY c
	Sort  (cost=34156.02..34180.32 rows=9721 width=121)
	  Sort Key: c
	  ->  Bitmap Heap Scan on sbtest3  (cost=208.08..33512.15 rows=9721 width=121)
	        Recheck Cond: ((id >= 6113041) AND (id <= 6123040))
	        ->  Bitmap Index Scan on sbtest3_pkey  (cost=0.00..205.65 rows=9721 width=0)
	              Index Cond: ((id >= 6113041) AND (id <= 6123040))

table 4 : explain SELECT c FROM sbtest4 WHERE id BETWEEN 5422012 AND 5432011 ORDER BY c
	Sort  (cost=38513.96..38541.65 rows=11077 width=121)
	  Sort Key: c
	  ->  Bitmap Heap Scan on sbtest4  (cost=241.97..37769.85 rows=11077 width=121)
	        Recheck Cond: ((id >= 5422012) AND (id <= 5432011))
	        ->  Bitmap Index Scan on sbtest4_pkey  (cost=0.00..239.20 rows=11077 width=0)
	              Index Cond: ((id >= 5422012) AND (id <= 5432011))

table 5 : explain SELECT c FROM sbtest5 WHERE id BETWEEN 2527598 AND 2537597 ORDER BY c
	Sort  (cost=33230.09..33253.64 rows=9419 width=121)
	  Sort Key: c
	  ->  Bitmap Heap Scan on sbtest5  (cost=204.98..32608.37 rows=9419 width=121)
	        Recheck Cond: ((id >= 2527598) AND (id <= 2537597))
	        ->  Bitmap Index Scan on sbtest5_pkey  (cost=0.00..202.62 rows=9419 width=0)
	              Index Cond: ((id >= 2527598) AND (id <= 2537597))

table 6 : explain SELECT c FROM sbtest6 WHERE id BETWEEN 784498 AND 794497 ORDER BY c
	Sort  (cost=36478.18..36504.26 rows=10432 width=121)
	  Sort Key: c
	  ->  Bitmap Heap Scan on sbtest6  (cost=227.36..35781.91 rows=10432 width=121)
	        Recheck Cond: ((id >= 784498) AND (id <= 794497))
	        ->  Bitmap Index Scan on sbtest6_pkey  (cost=0.00..224.75 rows=10432 width=0)
	              Index Cond: ((id >= 784498) AND (id <= 794497))

table 7 : explain SELECT c FROM sbtest7 WHERE id BETWEEN 7277105 AND 7287104 ORDER BY c
	Sort  (cost=32403.77..32426.65 rows=9153 width=121)
	  Sort Key: c
	  ->  Bitmap Heap Scan on sbtest7  (cost=198.25..31801.50 rows=9153 width=121)
	        Recheck Cond: ((id >= 7277105) AND (id <= 7287104))
	        ->  Bitmap Index Scan on sbtest7_pkey  (cost=0.00..195.97 rows=9153 width=0)
	              Index Cond: ((id >= 7277105) AND (id <= 7287104))

table 8 : explain SELECT c FROM sbtest8 WHERE id BETWEEN 7906326 AND 7916325 ORDER BY c
	Sort  (cost=37685.39..37712.38 rows=10796 width=121)
	  Sort Key: c
	  ->  Bitmap Heap Scan on sbtest8  (cost=243.09..36962.15 rows=10796 width=121)
	        Recheck Cond: ((id >= 7906326) AND (id <= 7916325))
	        ->  Bitmap Index Scan on sbtest8_pkey  (cost=0.00..240.40 rows=10796 width=0)
	              Index Cond: ((id >= 7906326) AND (id <= 7916325))

for: distinct_ranges
table 1 : explain SELECT DISTINCT c FROM sbtest1 WHERE id BETWEEN 7256459 AND 7266458 ORDER BY c
	Unique  (cost=36134.95..36186.73 rows=10356 width=121)
	  ->  Sort  (cost=36134.95..36160.84 rows=10356 width=121)
	        Sort Key: c
	        ->  Bitmap Heap Scan on sbtest1  (cost=222.58..35444.30 rows=10356 width=121)
	              Recheck Cond: ((id >= 7256459) AND (id <= 7266458))
	              ->  Bitmap Index Scan on sbtest1_pkey  (cost=0.00..220.00 rows=10356 width=0)
	                    Index Cond: ((id >= 7256459) AND (id <= 7266458))

table 2 : explain SELECT DISTINCT c FROM sbtest2 WHERE id BETWEEN 6634346 AND 6644345 ORDER BY c
	Unique  (cost=35443.77..35494.39 rows=10125 width=121)
	  ->  Sort  (cost=35443.77..35469.08 rows=10125 width=121)
	        Sort Key: c
	        ->  Bitmap Heap Scan on sbtest2  (cost=216.22..34770.17 rows=10125 width=121)
	              Recheck Cond: ((id >= 6634346) AND (id <= 6644345))
	              ->  Bitmap Index Scan on sbtest2_pkey  (cost=0.00..213.69 rows=10125 width=0)
	                    Index Cond: ((id >= 6634346) AND (id <= 6644345))

table 3 : explain SELECT DISTINCT c FROM sbtest3 WHERE id BETWEEN 5932868 AND 5942867 ORDER BY c
	Unique  (cost=34700.76..34750.21 rows=9890 width=121)
	  ->  Sort  (cost=34700.76..34725.48 rows=9890 width=121)
	        Sort Key: c
	        ->  Bitmap Heap Scan on sbtest3  (cost=213.81..34044.47 rows=9890 width=121)
	              Recheck Cond: ((id >= 5932868) AND (id <= 5942867))
	              ->  Bitmap Index Scan on sbtest3_pkey  (cost=0.00..211.34 rows=9890 width=0)
	                    Index Cond: ((id >= 5932868) AND (id <= 5942867))

table 4 : explain SELECT DISTINCT c FROM sbtest4 WHERE id BETWEEN 4714024 AND 4724023 ORDER BY c
	Unique  (cost=32702.66..32748.94 rows=9257 width=121)
	  ->  Sort  (cost=32702.66..32725.80 rows=9257 width=121)
	        Sort Key: c
	        ->  Bitmap Heap Scan on sbtest4  (cost=203.32..32092.79 rows=9257 width=121)
	              Recheck Cond: ((id >= 4714024) AND (id <= 4724023))
	              ->  Bitmap Index Scan on sbtest4_pkey  (cost=0.00..201.00 rows=9257 width=0)
	                    Index Cond: ((id >= 4714024) AND (id <= 4724023))

table 5 : explain SELECT DISTINCT c FROM sbtest5 WHERE id BETWEEN 7777634 AND 7787633 ORDER BY c
	Unique  (cost=35557.36..35608.08 rows=10144 width=121)
	  ->  Sort  (cost=35557.36..35582.72 rows=10144 width=121)
	        Sort Key: c
	        ->  Bitmap Heap Scan on sbtest5  (cost=220.41..34882.36 rows=10144 width=121)
	              Recheck Cond: ((id >= 7777634) AND (id <= 7787633))
	              ->  Bitmap Index Scan on sbtest5_pkey  (cost=0.00..217.88 rows=10144 width=0)
	                    Index Cond: ((id >= 7777634) AND (id <= 7787633))

table 6 : explain SELECT DISTINCT c FROM sbtest6 WHERE id BETWEEN 6534209 AND 6544208 ORDER BY c
	Unique  (cost=33685.55..33733.35 rows=9560 width=121)
	  ->  Sort  (cost=33685.55..33709.45 rows=9560 width=121)
	        Sort Key: c
	        ->  Bitmap Heap Scan on sbtest6  (cost=210.43..33053.50 rows=9560 width=121)
	              Recheck Cond: ((id >= 6534209) AND (id <= 6544208))
	              ->  Bitmap Index Scan on sbtest6_pkey  (cost=0.00..208.04 rows=9560 width=0)
	                    Index Cond: ((id >= 6534209) AND (id <= 6544208))

table 7 : explain SELECT DISTINCT c FROM sbtest7 WHERE id BETWEEN 2362473 AND 2372472 ORDER BY c
	Unique  (cost=35195.24..35245.33 rows=10017 width=121)
	  ->  Sort  (cost=35195.24..35220.29 rows=10017 width=121)
	        Sort Key: c
	        ->  Bitmap Heap Scan on sbtest7  (cost=219.11..34529.60 rows=10017 width=121)
	              Recheck Cond: ((id >= 2362473) AND (id <= 2372472))
	              ->  Bitmap Index Scan on sbtest7_pkey  (cost=0.00..216.61 rows=10017 width=0)
	                    Index Cond: ((id >= 2362473) AND (id <= 2372472))

table 8 : explain SELECT DISTINCT c FROM sbtest8 WHERE id BETWEEN 86493 AND 96492 ORDER BY c
	Unique  (cost=32566.10..32612.11 rows=9201 width=121)
	  ->  Sort  (cost=32566.10..32589.11 rows=9201 width=121)
	        Sort Key: c
	        ->  Bitmap Heap Scan on sbtest8  (cost=206.75..31960.33 rows=9201 width=121)
	              Recheck Cond: ((id >= 86493) AND (id <= 96492))
	              ->  Bitmap Index Scan on sbtest8_pkey  (cost=0.00..204.44 rows=9201 width=0)
	                    Index Cond: ((id >= 86493) AND (id <= 96492))

for: simple_ranges
table 1 : explain SELECT c FROM sbtest1 WHERE id BETWEEN 3971447 AND 3981446
	Bitmap Heap Scan on sbtest1  (cost=232.53..37230.37 rows=10936 width=121)
	  Recheck Cond: ((id >= 3971447) AND (id <= 3981446))
	  ->  Bitmap Index Scan on sbtest1_pkey  (cost=0.00..229.80 rows=10936 width=0)
	        Index Cond: ((id >= 3971447) AND (id <= 3981446))

table 2 : explain SELECT c FROM sbtest2 WHERE id BETWEEN 4838304 AND 4848303
	Bitmap Heap Scan on sbtest2  (cost=198.05..31659.87 rows=9133 width=121)
	  Recheck Cond: ((id >= 4838304) AND (id <= 4848303))
	  ->  Bitmap Index Scan on sbtest2_pkey  (cost=0.00..195.76 rows=9133 width=0)
	        Index Cond: ((id >= 4838304) AND (id <= 4848303))

table 3 : explain SELECT c FROM sbtest3 WHERE id BETWEEN 3495818 AND 3505817
	Bitmap Heap Scan on sbtest3  (cost=197.60..31526.57 rows=9089 width=121)
	  Recheck Cond: ((id >= 3495818) AND (id <= 3505817))
	  ->  Bitmap Index Scan on sbtest3_pkey  (cost=0.00..195.32 rows=9089 width=0)
	        Index Cond: ((id >= 3495818) AND (id <= 3505817))

table 4 : explain SELECT c FROM sbtest4 WHERE id BETWEEN 7703458 AND 7713457
	Bitmap Heap Scan on sbtest4  (cost=204.82..32553.67 rows=9403 width=121)
	  Recheck Cond: ((id >= 7703458) AND (id <= 7713457))
	  ->  Bitmap Index Scan on sbtest4_pkey  (cost=0.00..202.47 rows=9403 width=0)
	        Index Cond: ((id >= 7703458) AND (id <= 7713457))

table 5 : explain SELECT c FROM sbtest5 WHERE id BETWEEN 9055682 AND 9065681
	Bitmap Heap Scan on sbtest5  (cost=223.18..35719.70 rows=10414 width=121)
	  Recheck Cond: ((id >= 9055682) AND (id <= 9065681))
	  ->  Bitmap Index Scan on sbtest5_pkey  (cost=0.00..220.57 rows=10414 width=0)
	        Index Cond: ((id >= 9055682) AND (id <= 9065681))

table 6 : explain SELECT c FROM sbtest6 WHERE id BETWEEN 1309538 AND 1319537
	Bitmap Heap Scan on sbtest6  (cost=217.12..33881.54 rows=9823 width=121)
	  Recheck Cond: ((id >= 1309538) AND (id <= 1319537))
	  ->  Bitmap Index Scan on sbtest6_pkey  (cost=0.00..214.67 rows=9823 width=0)
	        Index Cond: ((id >= 1309538) AND (id <= 1319537))

table 7 : explain SELECT c FROM sbtest7 WHERE id BETWEEN 7470278 AND 7480277
	Bitmap Heap Scan on sbtest7  (cost=211.02..33278.11 rows=9618 width=121)
	  Recheck Cond: ((id >= 7470278) AND (id <= 7480277))
	  ->  Bitmap Index Scan on sbtest7_pkey  (cost=0.00..208.62 rows=9618 width=0)
	        Index Cond: ((id >= 7470278) AND (id <= 7480277))

table 8 : explain SELECT c FROM sbtest8 WHERE id BETWEEN 6779347 AND 6789346
	Bitmap Heap Scan on sbtest8  (cost=219.60..33461.79 rows=9675 width=121)
	  Recheck Cond: ((id >= 6779347) AND (id <= 6789346))
	  ->  Bitmap Index Scan on sbtest8_pkey  (cost=0.00..217.19 rows=9675 width=0)
	        Index Cond: ((id >= 6779347) AND (id <= 6789346))

for: simple_ranges
table 1 : explain SELECT c FROM sbtest1 WHERE id BETWEEN 2858066 AND 2868065
	Bitmap Heap Scan on sbtest1  (cost=198.42..31735.39 rows=9169 width=121)
	  Recheck Cond: ((id >= 2858066) AND (id <= 2868065))
	  ->  Bitmap Index Scan on sbtest1_pkey  (cost=0.00..196.12 rows=9169 width=0)
	        Index Cond: ((id >= 2858066) AND (id <= 2868065))

table 2 : explain SELECT c FROM sbtest2 WHERE id BETWEEN 7822544 AND 7832543
	Bitmap Heap Scan on sbtest2  (cost=193.44..31470.62 rows=9074 width=121)
	  Recheck Cond: ((id >= 7822544) AND (id <= 7832543))
	  ->  Bitmap Index Scan on sbtest2_pkey  (cost=0.00..191.18 rows=9074 width=0)
	        Index Cond: ((id >= 7822544) AND (id <= 7832543))

table 3 : explain SELECT c FROM sbtest3 WHERE id BETWEEN 4948377 AND 4958376
	Bitmap Heap Scan on sbtest3  (cost=213.15..33844.87 rows=9826 width=121)
	  Recheck Cond: ((id >= 4948377) AND (id <= 4958376))
	  ->  Bitmap Index Scan on sbtest3_pkey  (cost=0.00..210.69 rows=9826 width=0)
	        Index Cond: ((id >= 4948377) AND (id <= 4958376))

table 4 : explain SELECT c FROM sbtest4 WHERE id BETWEEN 189188 AND 199187
	Bitmap Heap Scan on sbtest4  (cost=226.80..35605.11 rows=10377 width=121)
	  Recheck Cond: ((id >= 189188) AND (id <= 199187))
	  ->  Bitmap Index Scan on sbtest4_pkey  (cost=0.00..224.20 rows=10377 width=0)
	        Index Cond: ((id >= 189188) AND (id <= 199187))

table 5 : explain SELECT c FROM sbtest5 WHERE id BETWEEN 5081432 AND 5091431
	Bitmap Heap Scan on sbtest5  (cost=223.29..35754.92 rows=10425 width=121)
	  Recheck Cond: ((id >= 5081432) AND (id <= 5091431))
	  ->  Bitmap Index Scan on sbtest5_pkey  (cost=0.00..220.69 rows=10425 width=0)
	        Index Cond: ((id >= 5081432) AND (id <= 5091431))

table 6 : explain SELECT c FROM sbtest6 WHERE id BETWEEN 7782537 AND 7792536
	Bitmap Heap Scan on sbtest6  (cost=210.13..32962.85 rows=9531 width=121)
	  Recheck Cond: ((id >= 7782537) AND (id <= 7792536))
	  ->  Bitmap Index Scan on sbtest6_pkey  (cost=0.00..207.75 rows=9531 width=0)
	        Index Cond: ((id >= 7782537) AND (id <= 7792536))

table 7 : explain SELECT c FROM sbtest7 WHERE id BETWEEN 526118 AND 536117
	Bitmap Heap Scan on sbtest7  (cost=236.38..37343.19 rows=10921 width=121)
	  Recheck Cond: ((id >= 526118) AND (id <= 536117))
	  ->  Bitmap Index Scan on sbtest7_pkey  (cost=0.00..233.65 rows=10921 width=0)
	        Index Cond: ((id >= 526118) AND (id <= 536117))

table 8 : explain SELECT c FROM sbtest8 WHERE id BETWEEN 523697 AND 533696
	Bitmap Heap Scan on sbtest8  (cost=214.25..33043.11 rows=9543 width=121)
	  Recheck Cond: ((id >= 523697) AND (id <= 533696))
	  ->  Bitmap Index Scan on sbtest8_pkey  (cost=0.00..211.87 rows=9543 width=0)
	        Index Cond: ((id >= 523697) AND (id <= 533696))

explain: for point_selects :: explain SELECT c FROM sbtest%u WHERE id=%u
for: distinct_ranges
table 1 : explain SELECT DISTINCT c FROM sbtest1 WHERE id BETWEEN 3687064 AND 3697063 ORDER BY c
	Unique  (cost=34586.30..34635.65 rows=9869 width=121)
	  ->  Sort  (cost=34586.30..34610.98 rows=9869 width=121)
	        Sort Key: c
	        ->  Bitmap Heap Scan on sbtest1  (cost=213.59..33931.56 rows=9869 width=121)
	              Recheck Cond: ((id >= 3687064) AND (id <= 3697063))
	              ->  Bitmap Index Scan on sbtest1_pkey  (cost=0.00..211.12 rows=9869 width=0)
	                    Index Cond: ((id >= 3687064) AND (id <= 3697063))

table 2 : explain SELECT DISTINCT c FROM sbtest2 WHERE id BETWEEN 1648005 AND 1658004 ORDER BY c
	Unique  (cost=35407.58..35458.14 rows=10113 width=121)
	  ->  Sort  (cost=35407.58..35432.86 rows=10113 width=121)
	        Sort Key: c
	        ->  Bitmap Heap Scan on sbtest2  (cost=216.09..34734.86 rows=10113 width=121)
	              Recheck Cond: ((id >= 1648005) AND (id <= 1658004))
	              ->  Bitmap Index Scan on sbtest2_pkey  (cost=0.00..213.56 rows=10113 width=0)
	                    Index Cond: ((id >= 1648005) AND (id <= 1658004))

table 3 : explain SELECT DISTINCT c FROM sbtest3 WHERE id BETWEEN 4935737 AND 4945736 ORDER BY c
	Unique  (cost=34496.45..34545.58 rows=9826 width=121)
	  ->  Sort  (cost=34496.45..34521.01 rows=9826 width=121)
	        Sort Key: c
	        ->  Bitmap Heap Scan on sbtest3  (cost=213.15..33844.87 rows=9826 width=121)
	              Recheck Cond: ((id >= 4935737) AND (id <= 4945736))
	              ->  Bitmap Index Scan on sbtest3_pkey  (cost=0.00..210.69 rows=9826 width=0)
	                    Index Cond: ((id >= 4935737) AND (id <= 4945736))

table 4 : explain SELECT DISTINCT c FROM sbtest4 WHERE id BETWEEN 6948876 AND 6958875 ORDER BY c
	Unique  (cost=33533.00..33580.57 rows=9513 width=121)
	  ->  Sort  (cost=33533.00..33556.78 rows=9513 width=121)
	        Sort Key: c
	        ->  Bitmap Heap Scan on sbtest4  (cost=209.94..32904.40 rows=9513 width=121)
	              Recheck Cond: ((id >= 6948876) AND (id <= 6958875))
	              ->  Bitmap Index Scan on sbtest4_pkey  (cost=0.00..207.56 rows=9513 width=0)
	                    Index Cond: ((id >= 6948876) AND (id <= 6958875))

table 5 : explain SELECT DISTINCT c FROM sbtest5 WHERE id BETWEEN 1789636 AND 1799635 ORDER BY c
	Unique  (cost=34088.06..34136.49 rows=9686 width=121)
	  ->  Sort  (cost=34088.06..34112.28 rows=9686 width=121)
	        Sort Key: c
	        ->  Bitmap Heap Scan on sbtest5  (cost=207.72..33446.77 rows=9686 width=121)
	              Recheck Cond: ((id >= 1789636) AND (id <= 1799635))
	              ->  Bitmap Index Scan on sbtest5_pkey  (cost=0.00..205.30 rows=9686 width=0)
	                    Index Cond: ((id >= 1789636) AND (id <= 1799635))

table 6 : explain SELECT DISTINCT c FROM sbtest6 WHERE id BETWEEN 1979770 AND 1989769 ORDER BY c
	Unique  (cost=34112.51..34160.98 rows=9693 width=121)
	  ->  Sort  (cost=34112.51..34136.75 rows=9693 width=121)
	        Sort Key: c
	        ->  Bitmap Heap Scan on sbtest6  (cost=211.79..33470.70 rows=9693 width=121)
	              Recheck Cond: ((id >= 1979770) AND (id <= 1989769))
	              ->  Bitmap Index Scan on sbtest6_pkey  (cost=0.00..209.37 rows=9693 width=0)
	                    Index Cond: ((id >= 1979770) AND (id <= 1989769))

table 7 : explain SELECT DISTINCT c FROM sbtest7 WHERE id BETWEEN 8481675 AND 8491674 ORDER BY c
	Unique  (cost=34999.77..35049.55 rows=9957 width=121)
	  ->  Sort  (cost=34999.77..35024.66 rows=9957 width=121)
	        Sort Key: c
	        ->  Bitmap Heap Scan on sbtest7  (cost=214.49..34338.55 rows=9957 width=121)
	              Recheck Cond: ((id >= 8481675) AND (id <= 8491674))
	              ->  Bitmap Index Scan on sbtest7_pkey  (cost=0.00..212.00 rows=9957 width=0)
	                    Index Cond: ((id >= 8481675) AND (id <= 8491674))

table 8 : explain SELECT DISTINCT c FROM sbtest8 WHERE id BETWEEN 5524065 AND 5534064 ORDER BY c
	Unique  (cost=34327.44..34376.17 rows=9745 width=121)
	  ->  Sort  (cost=34327.44..34351.81 rows=9745 width=121)
	        Sort Key: c
	        ->  Bitmap Heap Scan on sbtest8  (cost=220.32..33681.82 rows=9745 width=121)
	              Recheck Cond: ((id >= 5524065) AND (id <= 5534064))
	              ->  Bitmap Index Scan on sbtest8_pkey  (cost=0.00..217.88 rows=9745 width=0)
	                    Index Cond: ((id >= 5524065) AND (id <= 5534064))

for: order_ranges
table 1 : explain SELECT c FROM sbtest1 WHERE id BETWEEN 2600135 AND 2610134 ORDER BY c
	Sort  (cost=34414.48..34439.02 rows=9816 width=121)
	  Sort Key: c
	  ->  Bitmap Heap Scan on sbtest1  (cost=209.05..33763.63 rows=9816 width=121)
	        Recheck Cond: ((id >= 2600135) AND (id <= 2610134))
	        ->  Bitmap Index Scan on sbtest1_pkey  (cost=0.00..206.59 rows=9816 width=0)
	              Index Cond: ((id >= 2600135) AND (id <= 2610134))

table 2 : explain SELECT c FROM sbtest2 WHERE id BETWEEN 1577337 AND 1587336 ORDER BY c
	Sort  (cost=33607.33..33631.20 rows=9550 width=121)
	  Sort Key: c
	  ->  Bitmap Heap Scan on sbtest2  (cost=206.32..32976.01 rows=9550 width=121)
	        Recheck Cond: ((id >= 1577337) AND (id <= 1587336))
	        ->  Bitmap Index Scan on sbtest2_pkey  (cost=0.00..203.94 rows=9550 width=0)
	              Index Cond: ((id >= 1577337) AND (id <= 1587336))

table 3 : explain SELECT c FROM sbtest3 WHERE id BETWEEN 6337458 AND 6347457 ORDER BY c
	Sort  (cost=33485.07..33508.85 rows=9511 width=121)
	  Sort Key: c
	  ->  Bitmap Heap Scan on sbtest3  (cost=205.92..32856.62 rows=9511 width=121)
	        Recheck Cond: ((id >= 6337458) AND (id <= 6347457))
	        ->  Bitmap Index Scan on sbtest3_pkey  (cost=0.00..203.55 rows=9511 width=0)
	              Index Cond: ((id >= 6337458) AND (id <= 6347457))

table 4 : explain SELECT c FROM sbtest4 WHERE id BETWEEN 4849705 AND 4859704 ORDER BY c
	Sort  (cost=30749.53..30771.17 rows=8656 width=121)
	  Sort Key: c
	  ->  Bitmap Heap Scan on sbtest4  (cost=189.16..30183.45 rows=8656 width=121)
	        Recheck Cond: ((id >= 4849705) AND (id <= 4859704))
	        ->  Bitmap Index Scan on sbtest4_pkey  (cost=0.00..187.00 rows=8656 width=0)
	              Index Cond: ((id >= 4849705) AND (id <= 4859704))

table 5 : explain SELECT c FROM sbtest5 WHERE id BETWEEN 7879940 AND 7889939 ORDER BY c
	Sort  (cost=32421.97..32444.89 rows=9170 width=121)
	  Sort Key: c
	  ->  Bitmap Heap Scan on sbtest5  (cost=198.43..31818.46 rows=9170 width=121)
	        Recheck Cond: ((id >= 7879940) AND (id <= 7889939))
	        ->  Bitmap Index Scan on sbtest5_pkey  (cost=0.00..196.13 rows=9170 width=0)
	              Index Cond: ((id >= 7879940) AND (id <= 7889939))

table 6 : explain SELECT c FROM sbtest6 WHERE id BETWEEN 8568065 AND 8578064 ORDER BY c
	Sort  (cost=37967.50..37994.75 rows=10901 width=121)
	  Sort Key: c
	  ->  Bitmap Heap Scan on sbtest6  (cost=240.17..37236.47 rows=10901 width=121)
	        Recheck Cond: ((id >= 8568065) AND (id <= 8578064))
	        ->  Bitmap Index Scan on sbtest6_pkey  (cost=0.00..237.44 rows=10901 width=0)
	              Index Cond: ((id >= 8568065) AND (id <= 8578064))

table 7 : explain SELECT c FROM sbtest7 WHERE id BETWEEN 7476478 AND 7486477 ORDER BY c
	Sort  (cost=33914.41..33938.46 rows=9618 width=121)
	  Sort Key: c
	  ->  Bitmap Heap Scan on sbtest7  (cost=211.02..33278.11 rows=9618 width=121)
	        Recheck Cond: ((id >= 7476478) AND (id <= 7486477))
	        ->  Bitmap Index Scan on sbtest7_pkey  (cost=0.00..208.62 rows=9618 width=0)
	              Index Cond: ((id >= 7476478) AND (id <= 7486477))

table 8 : explain SELECT c FROM sbtest8 WHERE id BETWEEN 8432171 AND 8442170 ORDER BY c
	Sort  (cost=33654.02..33677.86 rows=9537 width=121)
	  Sort Key: c
	  ->  Bitmap Heap Scan on sbtest8  (cost=214.19..33023.66 rows=9537 width=121)
	        Recheck Cond: ((id >= 8432171) AND (id <= 8442170))
	        ->  Bitmap Index Scan on sbtest8_pkey  (cost=0.00..211.81 rows=9537 width=0)
	              Index Cond: ((id >= 8432171) AND (id <= 8442170))

for: order_ranges
table 1 : explain SELECT c FROM sbtest1 WHERE id BETWEEN 7299348 AND 7309347 ORDER BY c
	Sort  (cost=35276.10..35301.32 rows=10086 width=121)
	  Sort Key: c
	  ->  Bitmap Heap Scan on sbtest1  (cost=215.82..34605.38 rows=10086 width=121)
	        Recheck Cond: ((id >= 7299348) AND (id <= 7309347))
	        ->  Bitmap Index Scan on sbtest1_pkey  (cost=0.00..213.30 rows=10086 width=0)
	              Index Cond: ((id >= 7299348) AND (id <= 7309347))

table 2 : explain SELECT c FROM sbtest2 WHERE id BETWEEN 9482040 AND 9492039 ORDER BY c
	Sort  (cost=37874.68..37901.91 rows=10892 width=121)
	  Sort Key: c
	  ->  Bitmap Heap Scan on sbtest2  (cost=232.08..37144.32 rows=10892 width=121)
	        Recheck Cond: ((id >= 9482040) AND (id <= 9492039))
	        ->  Bitmap Index Scan on sbtest2_pkey  (cost=0.00..229.36 rows=10892 width=0)
	              Index Cond: ((id >= 9482040) AND (id <= 9492039))

table 3 : explain SELECT c FROM sbtest3 WHERE id BETWEEN 4578846 AND 4588845 ORDER BY c
	Sort  (cost=34947.65..34972.57 rows=9967 width=121)
	  Sort Key: c
	  ->  Bitmap Heap Scan on sbtest3  (cost=214.60..34285.70 rows=9967 width=121)
	        Recheck Cond: ((id >= 4578846) AND (id <= 4588845))
	        ->  Bitmap Index Scan on sbtest3_pkey  (cost=0.00..212.11 rows=9967 width=0)
	              Index Cond: ((id >= 4578846) AND (id <= 4588845))

table 4 : explain SELECT c FROM sbtest4 WHERE id BETWEEN 535682 AND 545681 ORDER BY c
	Sort  (cost=35425.92..35451.18 rows=10104 width=121)
	  Sort Key: c
	  ->  Bitmap Heap Scan on sbtest4  (cost=220.00..34753.87 rows=10104 width=121)
	        Recheck Cond: ((id >= 535682) AND (id <= 545681))
	        ->  Bitmap Index Scan on sbtest4_pkey  (cost=0.00..217.48 rows=10104 width=0)
	              Index Cond: ((id >= 535682) AND (id <= 545681))

table 5 : explain SELECT c FROM sbtest5 WHERE id BETWEEN 5710622 AND 5720621 ORDER BY c
	Sort  (cost=36447.39..36473.45 rows=10424 width=121)
	  Sort Key: c
	  ->  Bitmap Heap Scan on sbtest5  (cost=223.28..35751.71 rows=10424 width=121)
	        Recheck Cond: ((id >= 5710622) AND (id <= 5720621))
	        ->  Bitmap Index Scan on sbtest5_pkey  (cost=0.00..220.68 rows=10424 width=0)
	              Index Cond: ((id >= 5710622) AND (id <= 5720621))

table 6 : explain SELECT c FROM sbtest6 WHERE id BETWEEN 8210666 AND 8220665 ORDER BY c
	Sort  (cost=33387.24..33410.91 rows=9467 width=121)
	  Sort Key: c
	  ->  Bitmap Heap Scan on sbtest6  (cost=209.47..32762.00 rows=9467 width=121)
	        Recheck Cond: ((id >= 8210666) AND (id <= 8220665))
	        ->  Bitmap Index Scan on sbtest6_pkey  (cost=0.00..207.11 rows=9467 width=0)
	              Index Cond: ((id >= 8210666) AND (id <= 8220665))

table 7 : explain SELECT c FROM sbtest7 WHERE id BETWEEN 7437622 AND 7447621 ORDER BY c
	Sort  (cost=34950.18..34975.03 rows=9941 width=121)
	  Sort Key: c
	  ->  Bitmap Heap Scan on sbtest7  (cost=214.33..34290.13 rows=9941 width=121)
	        Recheck Cond: ((id >= 7437622) AND (id <= 7447621))
	        ->  Bitmap Index Scan on sbtest7_pkey  (cost=0.00..211.84 rows=9941 width=0)
	              Index Cond: ((id >= 7437622) AND (id <= 7447621))

table 8 : explain SELECT c FROM sbtest8 WHERE id BETWEEN 6808986 AND 6818985 ORDER BY c
	Sort  (cost=34102.28..34126.47 rows=9675 width=121)
	  Sort Key: c
	  ->  Bitmap Heap Scan on sbtest8  (cost=219.60..33461.79 rows=9675 width=121)
	        Recheck Cond: ((id >= 6808986) AND (id <= 6818985))
	        ->  Bitmap Index Scan on sbtest8_pkey  (cost=0.00..217.19 rows=9675 width=0)
	              Index Cond: ((id >= 6808986) AND (id <= 6818985))

for: distinct_ranges
table 1 : explain SELECT DISTINCT c FROM sbtest1 WHERE id BETWEEN 7128703 AND 7138702 ORDER BY c
	Unique  (cost=36523.79..36576.19 rows=10479 width=121)
	  ->  Sort  (cost=36523.79..36549.99 rows=10479 width=121)
	        Sort Key: c
	        ->  Bitmap Heap Scan on sbtest1  (cost=223.84..35824.05 rows=10479 width=121)
	              Recheck Cond: ((id >= 7128703) AND (id <= 7138702))
	              ->  Bitmap Index Scan on sbtest1_pkey  (cost=0.00..221.23 rows=10479 width=0)
	                    Index Cond: ((id >= 7128703) AND (id <= 7138702))

table 2 : explain SELECT DISTINCT c FROM sbtest2 WHERE id BETWEEN 7010813 AND 7020812 ORDER BY c
	Unique  (cost=34432.88..34481.92 rows=9809 width=121)
	  ->  Sort  (cost=34432.88..34457.40 rows=9809 width=121)
	        Sort Key: c
	        ->  Bitmap Heap Scan on sbtest2  (cost=208.98..33782.54 rows=9809 width=121)
	              Recheck Cond: ((id >= 7010813) AND (id <= 7020812))
	              ->  Bitmap Index Scan on sbtest2_pkey  (cost=0.00..206.53 rows=9809 width=0)
	                    Index Cond: ((id >= 7010813) AND (id <= 7020812))

table 3 : explain SELECT DISTINCT c FROM sbtest3 WHERE id BETWEEN 5692394 AND 5702393 ORDER BY c
	Unique  (cost=38445.52..38500.88 rows=11071 width=121)
	  ->  Sort  (cost=38445.52..38473.20 rows=11071 width=121)
	        Sort Key: c
	        ->  Bitmap Heap Scan on sbtest3  (cost=237.91..37701.86 rows=11071 width=121)
	              Recheck Cond: ((id >= 5692394) AND (id <= 5702393))
	              ->  Bitmap Index Scan on sbtest3_pkey  (cost=0.00..235.15 rows=11071 width=0)
	                    Index Cond: ((id >= 5692394) AND (id <= 5702393))

table 4 : explain SELECT DISTINCT c FROM sbtest4 WHERE id BETWEEN 8110544 AND 8120543 ORDER BY c
	Unique  (cost=32009.61..32054.83 rows=9043 width=121)
	  ->  Sort  (cost=32009.61..32032.22 rows=9043 width=121)
	        Sort Key: c
	        ->  Bitmap Heap Scan on sbtest4  (cost=197.13..31415.37 rows=9043 width=121)
	              Recheck Cond: ((id >= 8110544) AND (id <= 8120543))
	              ->  Bitmap Index Scan on sbtest4_pkey  (cost=0.00..194.87 rows=9043 width=0)
	                    Index Cond: ((id >= 8110544) AND (id <= 8120543))

table 5 : explain SELECT DISTINCT c FROM sbtest5 WHERE id BETWEEN 3212272 AND 3222271 ORDER BY c
	Unique  (cost=34518.47..34567.57 rows=9820 width=121)
	  ->  Sort  (cost=34518.47..34543.02 rows=9820 width=121)
	        Sort Key: c
	        ->  Bitmap Heap Scan on sbtest5  (cost=213.09..33867.33 rows=9820 width=121)
	              Recheck Cond: ((id >= 3212272) AND (id <= 3222271))
	              ->  Bitmap Index Scan on sbtest5_pkey  (cost=0.00..210.63 rows=9820 width=0)
	                    Index Cond: ((id >= 3212272) AND (id <= 3222271))

table 6 : explain SELECT DISTINCT c FROM sbtest6 WHERE id BETWEEN 9658749 AND 9668748 ORDER BY c
	Unique  (cost=33271.16..33318.31 rows=9431 width=121)
	  ->  Sort  (cost=33271.16..33294.73 rows=9431 width=121)
	        Sort Key: c
	        ->  Bitmap Heap Scan on sbtest6  (cost=209.10..32648.56 rows=9431 width=121)
	              Recheck Cond: ((id >= 9658749) AND (id <= 9668748))
	              ->  Bitmap Index Scan on sbtest6_pkey  (cost=0.00..206.75 rows=9431 width=0)
	                    Index Cond: ((id >= 9658749) AND (id <= 9668748))

table 7 : explain SELECT DISTINCT c FROM sbtest7 WHERE id BETWEEN 4948003 AND 4958002 ORDER BY c
	Unique  (cost=37027.91..37080.86 rows=10591 width=121)
	  ->  Sort  (cost=37027.91..37054.38 rows=10591 width=121)
	        Sort Key: c
	        ->  Bitmap Heap Scan on sbtest7  (cost=228.99..36319.87 rows=10591 width=121)
	              Recheck Cond: ((id >= 4948003) AND (id <= 4958002))
	              ->  Bitmap Index Scan on sbtest7_pkey  (cost=0.00..226.34 rows=10591 width=0)
	                    Index Cond: ((id >= 4948003) AND (id <= 4958002))

table 8 : explain SELECT DISTINCT c FROM sbtest8 WHERE id BETWEEN 5644319 AND 5654318 ORDER BY c
	Unique  (cost=37969.75..38024.18 rows=10886 width=121)
	  ->  Sort  (cost=37969.75..37996.96 rows=10886 width=121)
	        Sort Key: c
	        ->  Bitmap Heap Scan on sbtest8  (cost=244.02..37239.83 rows=10886 width=121)
	              Recheck Cond: ((id >= 5644319) AND (id <= 5654318))
	              ->  Bitmap Index Scan on sbtest8_pkey  (cost=0.00..241.30 rows=10886 width=0)
	                    Index Cond: ((id >= 5644319) AND (id <= 5654318))

for: sum_ranges
table 1 : explain SELECT SUM(k) FROM sbtest1 WHERE id BETWEEN 2076638 AND 2086637
	Aggregate  (cost=33246.98..33246.99 rows=1 width=8)
	  ->  Bitmap Heap Scan on sbtest1  (cost=207.27..33222.88 rows=9642 width=4)
	        Recheck Cond: ((id >= 2076638) AND (id <= 2086637))
	        ->  Bitmap Index Scan on sbtest1_pkey  (cost=0.00..204.86 rows=9642 width=0)
	              Index Cond: ((id >= 2076638) AND (id <= 2086637))

table 2 : explain SELECT SUM(k) FROM sbtest2 WHERE id BETWEEN 5075828 AND 5085827
	Aggregate  (cost=36697.13..36697.14 rows=1 width=8)
	  ->  Bitmap Heap Scan on sbtest2  (cost=230.49..36670.29 rows=10737 width=4)
	        Recheck Cond: ((id >= 5075828) AND (id <= 5085827))
	        ->  Bitmap Index Scan on sbtest2_pkey  (cost=0.00..227.81 rows=10737 width=0)
	              Index Cond: ((id >= 5075828) AND (id <= 5085827))

table 3 : explain SELECT SUM(k) FROM sbtest3 WHERE id BETWEEN 7480050 AND 7490049
	Aggregate  (cost=33307.18..33307.19 rows=1 width=8)
	  ->  Bitmap Heap Scan on sbtest3  (cost=207.32..33283.06 rows=9647 width=4)
	        Recheck Cond: ((id >= 7480050) AND (id <= 7490049))
	        ->  Bitmap Index Scan on sbtest3_pkey  (cost=0.00..204.91 rows=9647 width=0)
	              Index Cond: ((id >= 7480050) AND (id <= 7490049))

table 4 : explain SELECT SUM(k) FROM sbtest4 WHERE id BETWEEN 2539182 AND 2549181
	Aggregate  (cost=33759.68..33759.69 rows=1 width=8)
	  ->  Bitmap Heap Scan on sbtest4  (cost=212.66..33735.23 rows=9778 width=4)
	        Recheck Cond: ((id >= 2539182) AND (id <= 2549181))
	        ->  Bitmap Index Scan on sbtest4_pkey  (cost=0.00..210.22 rows=9778 width=0)
	              Index Cond: ((id >= 2539182) AND (id <= 2549181))

table 5 : explain SELECT SUM(k) FROM sbtest5 WHERE id BETWEEN 979620 AND 989619
	Aggregate  (cost=31584.06..31584.07 rows=1 width=8)
	  ->  Bitmap Heap Scan on sbtest5  (cost=197.59..31561.34 rows=9088 width=4)
	        Recheck Cond: ((id >= 979620) AND (id <= 989619))
	        ->  Bitmap Index Scan on sbtest5_pkey  (cost=0.00..195.31 rows=9088 width=0)
	              Index Cond: ((id >= 979620) AND (id <= 989619))

table 6 : explain SELECT SUM(k) FROM sbtest6 WHERE id BETWEEN 9245035 AND 9255034
	Aggregate  (cost=32041.12..32041.13 rows=1 width=8)
	  ->  Bitmap Heap Scan on sbtest6  (cost=203.06..32018.04 rows=9232 width=4)
	        Recheck Cond: ((id >= 9245035) AND (id <= 9255034))
	        ->  Bitmap Index Scan on sbtest6_pkey  (cost=0.00..200.75 rows=9232 width=0)
	              Index Cond: ((id >= 9245035) AND (id <= 9255034))

table 7 : explain SELECT SUM(k) FROM sbtest7 WHERE id BETWEEN 8347491 AND 8357490
	Aggregate  (cost=36522.52..36522.53 rows=1 width=8)
	  ->  Bitmap Heap Scan on sbtest7  (cost=229.58..36495.90 rows=10648 width=4)
	        Recheck Cond: ((id >= 8347491) AND (id <= 8357490))
	        ->  Bitmap Index Scan on sbtest7_pkey  (cost=0.00..226.92 rows=10648 width=0)
	              Index Cond: ((id >= 8347491) AND (id <= 8357490))

table 8 : explain SELECT SUM(k) FROM sbtest8 WHERE id BETWEEN 8948127 AND 8958126
	Aggregate  (cost=35697.14..35697.15 rows=1 width=8)
	  ->  Bitmap Heap Scan on sbtest8  (cost=234.83..35671.19 rows=10380 width=4)
	        Recheck Cond: ((id >= 8948127) AND (id <= 8958126))
	        ->  Bitmap Index Scan on sbtest8_pkey  (cost=0.00..232.24 rows=10380 width=0)
	              Index Cond: ((id >= 8948127) AND (id <= 8958126))

for: simple_ranges
table 1 : explain SELECT c FROM sbtest1 WHERE id BETWEEN 9821955 AND 9831954
	Bitmap Heap Scan on sbtest1  (cost=207.06..33158.44 rows=9622 width=121)
	  Recheck Cond: ((id >= 9821955) AND (id <= 9831954))
	  ->  Bitmap Index Scan on sbtest1_pkey  (cost=0.00..204.66 rows=9622 width=0)
	        Index Cond: ((id >= 9821955) AND (id <= 9831954))

table 2 : explain SELECT c FROM sbtest2 WHERE id BETWEEN 1399836 AND 1409835
	Bitmap Heap Scan on sbtest2  (cost=213.86..34056.93 rows=9895 width=121)
	  Recheck Cond: ((id >= 1399836) AND (id <= 1409835))
	  ->  Bitmap Index Scan on sbtest2_pkey  (cost=0.00..211.38 rows=9895 width=0)
	        Index Cond: ((id >= 1399836) AND (id <= 1409835))

table 3 : explain SELECT c FROM sbtest3 WHERE id BETWEEN 5387607 AND 5397606
	Bitmap Heap Scan on sbtest3  (cost=206.44..33011.79 rows=9561 width=121)
	  Recheck Cond: ((id >= 5387607) AND (id <= 5397606))
	  ->  Bitmap Index Scan on sbtest3_pkey  (cost=0.00..204.05 rows=9561 width=0)
	        Index Cond: ((id >= 5387607) AND (id <= 5397606))

table 4 : explain SELECT c FROM sbtest4 WHERE id BETWEEN 6150414 AND 6160413
	Bitmap Heap Scan on sbtest4  (cost=241.94..37760.32 rows=11074 width=121)
	  Recheck Cond: ((id >= 6150414) AND (id <= 6160413))
	  ->  Bitmap Index Scan on sbtest4_pkey  (cost=0.00..239.18 rows=11074 width=0)
	        Index Cond: ((id >= 6150414) AND (id <= 6160413))

table 5 : explain SELECT c FROM sbtest5 WHERE id BETWEEN 5203300 AND 5213299
	Bitmap Heap Scan on sbtest5  (cost=215.73..34672.62 rows=10078 width=121)
	  Recheck Cond: ((id >= 5203300) AND (id <= 5213299))
	  ->  Bitmap Index Scan on sbtest5_pkey  (cost=0.00..213.22 rows=10078 width=0)
	        Index Cond: ((id >= 5203300) AND (id <= 5213299))

table 6 : explain SELECT c FROM sbtest6 WHERE id BETWEEN 4691458 AND 4701457
	Bitmap Heap Scan on sbtest6  (cost=224.13..34803.35 rows=10117 width=121)
	  Recheck Cond: ((id >= 4691458) AND (id <= 4701457))
	  ->  Bitmap Index Scan on sbtest6_pkey  (cost=0.00..221.61 rows=10117 width=0)
	        Index Cond: ((id >= 4691458) AND (id <= 4701457))

table 7 : explain SELECT c FROM sbtest7 WHERE id BETWEEN 8428473 AND 8438472
	Bitmap Heap Scan on sbtest7  (cost=229.58..36495.90 rows=10648 width=121)
	  Recheck Cond: ((id >= 8428473) AND (id <= 8438472))
	  ->  Bitmap Index Scan on sbtest7_pkey  (cost=0.00..226.92 rows=10648 width=0)
	        Index Cond: ((id >= 8428473) AND (id <= 8438472))

table 8 : explain SELECT c FROM sbtest8 WHERE id BETWEEN 5532821 AND 5542820
	Bitmap Heap Scan on sbtest8  (cost=220.32..33681.82 rows=9745 width=121)
	  Recheck Cond: ((id >= 5532821) AND (id <= 5542820))
	  ->  Bitmap Index Scan on sbtest8_pkey  (cost=0.00..217.88 rows=9745 width=0)
	        Index Cond: ((id >= 5532821) AND (id <= 5542820))

explain: for point_selects :: explain SELECT c FROM sbtest%u WHERE id=%u
for: distinct_ranges
table 1 : explain SELECT DISTINCT c FROM sbtest1 WHERE id BETWEEN 7360890 AND 7370889 ORDER BY c
	Unique  (cost=35276.10..35326.53 rows=10086 width=121)
	  ->  Sort  (cost=35276.10..35301.32 rows=10086 width=121)
	        Sort Key: c
	        ->  Bitmap Heap Scan on sbtest1  (cost=215.82..34605.38 rows=10086 width=121)
	              Recheck Cond: ((id >= 7360890) AND (id <= 7370889))
	              ->  Bitmap Index Scan on sbtest1_pkey  (cost=0.00..213.30 rows=10086 width=0)
	                    Index Cond: ((id >= 7360890) AND (id <= 7370889))

table 2 : explain SELECT DISTINCT c FROM sbtest2 WHERE id BETWEEN 2790116 AND 2800115 ORDER BY c
	Unique  (cost=38382.73..38437.99 rows=11052 width=121)
	  ->  Sort  (cost=38382.73..38410.36 rows=11052 width=121)
	        Sort Key: c
	        ->  Bitmap Heap Scan on sbtest2  (cost=237.72..37640.47 rows=11052 width=121)
	              Recheck Cond: ((id >= 2790116) AND (id <= 2800115))
	              ->  Bitmap Index Scan on sbtest2_pkey  (cost=0.00..234.95 rows=11052 width=0)
	                    Index Cond: ((id >= 2790116) AND (id <= 2800115))

table 3 : explain SELECT DISTINCT c FROM sbtest3 WHERE id BETWEEN 4337521 AND 4347520 ORDER BY c
	Unique  (cost=35095.76..35145.83 rows=10014 width=121)
	  ->  Sort  (cost=35095.76..35120.79 rows=10014 width=121)
	        Sort Key: c
	        ->  Bitmap Heap Scan on sbtest3  (cost=215.08..34430.34 rows=10014 width=121)
	              Recheck Cond: ((id >= 4337521) AND (id <= 4347520))
	              ->  Bitmap Index Scan on sbtest3_pkey  (cost=0.00..212.57 rows=10014 width=0)
	                    Index Cond: ((id >= 4337521) AND (id <= 4347520))

table 4 : explain SELECT DISTINCT c FROM sbtest4 WHERE id BETWEEN 3891235 AND 3901234 ORDER BY c
	Unique  (cost=36425.18..36477.26 rows=10417 width=121)
	  ->  Sort  (cost=36425.18..36451.22 rows=10417 width=121)
	        Sort Key: c
	        ->  Bitmap Heap Scan on sbtest4  (cost=227.21..35730.02 rows=10417 width=121)
	              Recheck Cond: ((id >= 3891235) AND (id <= 3901234))
	              ->  Bitmap Index Scan on sbtest4_pkey  (cost=0.00..224.61 rows=10417 width=0)
	                    Index Cond: ((id >= 3891235) AND (id <= 3901234))

table 5 : explain SELECT DISTINCT c FROM sbtest5 WHERE id BETWEEN 9433950 AND 9443949 ORDER BY c
	Unique  (cost=34088.06..34136.49 rows=9686 width=121)
	  ->  Sort  (cost=34088.06..34112.28 rows=9686 width=121)
	        Sort Key: c
	        ->  Bitmap Heap Scan on sbtest5  (cost=207.72..33446.77 rows=9686 width=121)
	              Recheck Cond: ((id >= 9433950) AND (id <= 9443949))
	              ->  Bitmap Index Scan on sbtest5_pkey  (cost=0.00..205.30 rows=9686 width=0)
	                    Index Cond: ((id >= 9433950) AND (id <= 9443949))

table 6 : explain SELECT DISTINCT c FROM sbtest6 WHERE id BETWEEN 4583338 AND 4593337 ORDER BY c
	Unique  (cost=35373.62..35424.05 rows=10086 width=121)
	  ->  Sort  (cost=35373.62..35398.83 rows=10086 width=121)
	        Sort Key: c
	        ->  Bitmap Heap Scan on sbtest6  (cost=219.82..34702.90 rows=10086 width=121)
	              Recheck Cond: ((id >= 4583338) AND (id <= 4593337))
	              ->  Bitmap Index Scan on sbtest6_pkey  (cost=0.00..217.30 rows=10086 width=0)
	                    Index Cond: ((id >= 4583338) AND (id <= 4593337))

table 7 : explain SELECT DISTINCT c FROM sbtest7 WHERE id BETWEEN 2732761 AND 2742760 ORDER BY c
	Unique  (cost=35304.11..35354.37 rows=10051 width=121)
	  ->  Sort  (cost=35304.11..35329.24 rows=10051 width=121)
	        Sort Key: c
	        ->  Bitmap Heap Scan on sbtest7  (cost=219.46..34635.97 rows=10051 width=121)
	              Recheck Cond: ((id >= 2732761) AND (id <= 2742760))
	              ->  Bitmap Index Scan on sbtest7_pkey  (cost=0.00..216.94 rows=10051 width=0)
	                    Index Cond: ((id >= 2732761) AND (id <= 2742760))

table 8 : explain SELECT DISTINCT c FROM sbtest8 WHERE id BETWEEN 7349724 AND 7359723 ORDER BY c
	Unique  (cost=34175.18..34223.67 rows=9698 width=121)
	  ->  Sort  (cost=34175.18..34199.43 rows=9698 width=121)
	        Sort Key: c
	        ->  Bitmap Heap Scan on sbtest8  (cost=219.84..33533.01 rows=9698 width=121)
	              Recheck Cond: ((id >= 7349724) AND (id <= 7359723))
	              ->  Bitmap Index Scan on sbtest8_pkey  (cost=0.00..217.42 rows=9698 width=0)
	                    Index Cond: ((id >= 7349724) AND (id <= 7359723))

explain: for point_selects :: explain SELECT c FROM sbtest%u WHERE id=%u
for: distinct_ranges
table 1 : explain SELECT DISTINCT c FROM sbtest1 WHERE id BETWEEN 4481754 AND 4491753 ORDER BY c
	Unique  (cost=36239.56..36291.51 rows=10389 width=121)
	  ->  Sort  (cost=36239.56..36265.54 rows=10389 width=121)
	        Sort Key: c
	        ->  Bitmap Heap Scan on sbtest1  (cost=222.92..35546.47 rows=10389 width=121)
	              Recheck Cond: ((id >= 4481754) AND (id <= 4491753))
	              ->  Bitmap Index Scan on sbtest1_pkey  (cost=0.00..220.32 rows=10389 width=0)
	                    Index Cond: ((id >= 4481754) AND (id <= 4491753))

table 2 : explain SELECT DISTINCT c FROM sbtest2 WHERE id BETWEEN 1989433 AND 1999432 ORDER BY c
	Unique  (cost=32652.53..32698.80 rows=9254 width=121)
	  ->  Sort  (cost=32652.53..32675.66 rows=9254 width=121)
	        Sort Key: c
	        ->  Bitmap Heap Scan on sbtest2  (cost=199.29..32042.88 rows=9254 width=121)
	              Recheck Cond: ((id >= 1989433) AND (id <= 1999432))
	              ->  Bitmap Index Scan on sbtest2_pkey  (cost=0.00..196.98 rows=9254 width=0)
	                    Index Cond: ((id >= 1989433) AND (id <= 1999432))

table 3 : explain SELECT DISTINCT c FROM sbtest3 WHERE id BETWEEN 8476246 AND 8486245 ORDER BY c
	Unique  (cost=33980.99..34029.32 rows=9666 width=121)
	  ->  Sort  (cost=33980.99..34005.16 rows=9666 width=121)
	        Sort Key: c
	        ->  Bitmap Heap Scan on sbtest3  (cost=207.51..33341.17 rows=9666 width=121)
	              Recheck Cond: ((id >= 8476246) AND (id <= 8486245))
	              ->  Bitmap Index Scan on sbtest3_pkey  (cost=0.00..205.09 rows=9666 width=0)
	                    Index Cond: ((id >= 8476246) AND (id <= 8486245))

table 4 : explain SELECT DISTINCT c FROM sbtest4 WHERE id BETWEEN 2852987 AND 2862986 ORDER BY c
	Unique  (cost=34852.70..34902.32 rows=9924 width=121)
	  ->  Sort  (cost=34852.70..34877.51 rows=9924 width=121)
	        Sort Key: c
	        ->  Bitmap Heap Scan on sbtest4  (cost=218.16..34193.91 rows=9924 width=121)
	              Recheck Cond: ((id >= 2852987) AND (id <= 2862986))
	              ->  Bitmap Index Scan on sbtest4_pkey  (cost=0.00..215.68 rows=9924 width=0)
	                    Index Cond: ((id >= 2852987) AND (id <= 2862986))

table 5 : explain SELECT DISTINCT c FROM sbtest5 WHERE id BETWEEN 2860698 AND 2870697 ORDER BY c
	Unique  (cost=32535.09..32581.12 rows=9205 width=121)
	  ->  Sort  (cost=32535.09..32558.10 rows=9205 width=121)
	        Sort Key: c
	        ->  Bitmap Heap Scan on sbtest5  (cost=198.79..31929.02 rows=9205 width=121)
	              Recheck Cond: ((id >= 2860698) AND (id <= 2870697))
	              ->  Bitmap Index Scan on sbtest5_pkey  (cost=0.00..196.49 rows=9205 width=0)
	                    Index Cond: ((id >= 2860698) AND (id <= 2870697))

table 6 : explain SELECT DISTINCT c FROM sbtest6 WHERE id BETWEEN 1217745 AND 1227744 ORDER BY c
	Unique  (cost=34224.93..34273.57 rows=9728 width=121)
	  ->  Sort  (cost=34224.93..34249.25 rows=9728 width=121)
	        Sort Key: c
	        ->  Bitmap Heap Scan on sbtest6  (cost=212.15..33580.55 rows=9728 width=121)
	              Recheck Cond: ((id >= 1217745) AND (id <= 1227744))
	              ->  Bitmap Index Scan on sbtest6_pkey  (cost=0.00..209.72 rows=9728 width=0)
	                    Index Cond: ((id >= 1217745) AND (id <= 1227744))

table 7 : explain SELECT DISTINCT c FROM sbtest7 WHERE id BETWEEN 4408264 AND 4418263 ORDER BY c
	Unique  (cost=34153.09..34201.56 rows=9693 width=121)
	  ->  Sort  (cost=34153.09..34177.33 rows=9693 width=121)
	        Sort Key: c
	        ->  Bitmap Heap Scan on sbtest7  (cost=211.79..33511.28 rows=9693 width=121)
	              Recheck Cond: ((id >= 4408264) AND (id <= 4418263))
	              ->  Bitmap Index Scan on sbtest7_pkey  (cost=0.00..209.37 rows=9693 width=0)
	                    Index Cond: ((id >= 4408264) AND (id <= 4418263))

table 8 : explain SELECT DISTINCT c FROM sbtest8 WHERE id BETWEEN 4446544 AND 4456543 ORDER BY c
	Unique  (cost=36849.58..36902.25 rows=10534 width=121)
	  ->  Sort  (cost=36849.58..36875.92 rows=10534 width=121)
	        Sort Key: c
	        ->  Bitmap Heap Scan on sbtest8  (cost=236.41..36145.76 rows=10534 width=121)
	              Recheck Cond: ((id >= 4446544) AND (id <= 4456543))
	              ->  Bitmap Index Scan on sbtest8_pkey  (cost=0.00..233.78 rows=10534 width=0)
	                    Index Cond: ((id >= 4446544) AND (id <= 4456543))

for: sum_ranges
table 1 : explain SELECT SUM(k) FROM sbtest1 WHERE id BETWEEN 4585685 AND 4595684
	Aggregate  (cost=34235.84..34235.85 rows=1 width=8)
	  ->  Bitmap Heap Scan on sbtest1  (cost=214.51..34210.94 rows=9959 width=4)
	        Recheck Cond: ((id >= 4585685) AND (id <= 4595684))
	        ->  Bitmap Index Scan on sbtest1_pkey  (cost=0.00..212.03 rows=9959 width=0)
	              Index Cond: ((id >= 4585685) AND (id <= 4595684))

table 2 : explain SELECT SUM(k) FROM sbtest2 WHERE id BETWEEN 9879263 AND 9889262
	Aggregate  (cost=32396.92..32396.93 rows=1 width=8)
	  ->  Bitmap Heap Scan on sbtest2  (cost=200.38..32373.52 rows=9360 width=4)
	        Recheck Cond: ((id >= 9879263) AND (id <= 9889262))
	        ->  Bitmap Index Scan on sbtest2_pkey  (cost=0.00..198.04 rows=9360 width=0)
	              Index Cond: ((id >= 9879263) AND (id <= 9889262))

table 3 : explain SELECT SUM(k) FROM sbtest3 WHERE id BETWEEN 1082023 AND 1092022
	Aggregate  (cost=32179.66..32179.67 rows=1 width=8)
	  ->  Bitmap Heap Scan on sbtest3  (cost=199.65..32156.44 rows=9289 width=4)
	        Recheck Cond: ((id >= 1082023) AND (id <= 1092022))
	        ->  Bitmap Index Scan on sbtest3_pkey  (cost=0.00..197.32 rows=9289 width=0)
	              Index Cond: ((id >= 1082023) AND (id <= 1092022))

table 4 : explain SELECT SUM(k) FROM sbtest4 WHERE id BETWEEN 3927944 AND 3937943
	Aggregate  (cost=33400.90..33400.91 rows=1 width=8)
	  ->  Bitmap Heap Scan on sbtest4  (cost=211.49..33376.74 rows=9664 width=4)
	        Recheck Cond: ((id >= 3927944) AND (id <= 3937943))
	        ->  Bitmap Index Scan on sbtest4_pkey  (cost=0.00..209.07 rows=9664 width=0)
	              Index Cond: ((id >= 3927944) AND (id <= 3937943))

table 5 : explain SELECT SUM(k) FROM sbtest5 WHERE id BETWEEN 3662131 AND 3672130
	Aggregate  (cost=34778.27..34778.28 rows=1 width=8)
	  ->  Bitmap Heap Scan on sbtest5  (cost=216.00..34753.01 rows=10104 width=4)
	        Recheck Cond: ((id >= 3662131) AND (id <= 3672130))
	        ->  Bitmap Index Scan on sbtest5_pkey  (cost=0.00..213.48 rows=10104 width=0)
	              Index Cond: ((id >= 3662131) AND (id <= 3672130))

table 6 : explain SELECT SUM(k) FROM sbtest6 WHERE id BETWEEN 2631384 AND 2641383
	Aggregate  (cost=33304.05..33304.06 rows=1 width=8)
	  ->  Bitmap Heap Scan on sbtest6  (cost=211.16..33279.97 rows=9632 width=4)
	        Recheck Cond: ((id >= 2631384) AND (id <= 2641383))
	        ->  Bitmap Index Scan on sbtest6_pkey  (cost=0.00..208.75 rows=9632 width=0)
	              Index Cond: ((id >= 2631384) AND (id <= 2641383))

table 7 : explain SELECT SUM(k) FROM sbtest7 WHERE id BETWEEN 2625940 AND 2635939
	Aggregate  (cost=36176.46..36176.47 rows=1 width=8)
	  ->  Bitmap Heap Scan on sbtest7  (cost=228.43..36150.12 rows=10536 width=4)
	        Recheck Cond: ((id >= 2625940) AND (id <= 2635939))
	        ->  Bitmap Index Scan on sbtest7_pkey  (cost=0.00..225.80 rows=10536 width=0)
	              Index Cond: ((id >= 2625940) AND (id <= 2635939))

table 8 : explain SELECT SUM(k) FROM sbtest8 WHERE id BETWEEN 3606446 AND 3616445
	Aggregate  (cost=34084.62..34084.63 rows=1 width=8)
	  ->  Bitmap Heap Scan on sbtest8  (cost=221.56..34059.95 rows=9866 width=4)
	        Recheck Cond: ((id >= 3606446) AND (id <= 3616445))
	        ->  Bitmap Index Scan on sbtest8_pkey  (cost=0.00..219.09 rows=9866 width=0)
	              Index Cond: ((id >= 3606446) AND (id <= 3616445))

for point_selects
table 1 : explain SELECT c FROM sbtest1 WHERE id=2294795
	Index Scan using sbtest1_pkey on sbtest1  (cost=0.43..8.45 rows=1 width=121)
	  Index Cond: (id = 2294795)

table 2 : explain SELECT c FROM sbtest2 WHERE id=6196947
	Index Scan using sbtest2_pkey on sbtest2  (cost=0.43..8.45 rows=1 width=121)
	  Index Cond: (id = 6196947)

table 3 : explain SELECT c FROM sbtest3 WHERE id=7896382
	Index Scan using sbtest3_pkey on sbtest3  (cost=0.43..8.45 rows=1 width=121)
	  Index Cond: (id = 7896382)

table 4 : explain SELECT c FROM sbtest4 WHERE id=9741838
	Index Scan using sbtest4_pkey on sbtest4  (cost=0.43..8.45 rows=1 width=121)
	  Index Cond: (id = 9741838)

table 5 : explain SELECT c FROM sbtest5 WHERE id=5371576
	Index Scan using sbtest5_pkey on sbtest5  (cost=0.43..8.45 rows=1 width=121)
	  Index Cond: (id = 5371576)

table 6 : explain SELECT c FROM sbtest6 WHERE id=491984
	Index Scan using sbtest6_pkey on sbtest6  (cost=0.43..8.45 rows=1 width=121)
	  Index Cond: (id = 491984)

table 7 : explain SELECT c FROM sbtest7 WHERE id=7442219
	Index Scan using sbtest7_pkey on sbtest7  (cost=0.43..8.45 rows=1 width=121)
	  Index Cond: (id = 7442219)

table 8 : explain SELECT c FROM sbtest8 WHERE id=4313086
	Index Scan using sbtest8_pkey on sbtest8  (cost=0.43..8.45 rows=1 width=121)
	  Index Cond: (id = 4313086)

for: order_ranges
table 1 : explain SELECT c FROM sbtest1 WHERE id BETWEEN 5804881 AND 5814880 ORDER BY c
	Sort  (cost=38136.86..38164.33 rows=10990 width=121)
	  Sort Key: c
	  ->  Bitmap Heap Scan on sbtest1  (cost=237.08..37399.21 rows=10990 width=121)
	        Recheck Cond: ((id >= 5804881) AND (id <= 5814880))
	        ->  Bitmap Index Scan on sbtest1_pkey  (cost=0.00..234.34 rows=10990 width=0)
	              Index Cond: ((id >= 5804881) AND (id <= 5814880))

table 2 : explain SELECT c FROM sbtest2 WHERE id BETWEEN 290296 AND 300295 ORDER BY c
	Sort  (cost=36915.89..36942.36 rows=10587 width=121)
	  Sort Key: c
	  ->  Bitmap Heap Scan on sbtest2  (cost=228.95..36208.15 rows=10587 width=121)
	        Recheck Cond: ((id >= 290296) AND (id <= 300295))
	        ->  Bitmap Index Scan on sbtest2_pkey  (cost=0.00..226.31 rows=10587 width=0)
	              Index Cond: ((id >= 290296) AND (id <= 300295))

table 3 : explain SELECT c FROM sbtest3 WHERE id BETWEEN 15248 AND 25247 ORDER BY c
	Sort  (cost=36789.22..36815.58 rows=10546 width=121)
	  Sort Key: c
	  ->  Bitmap Heap Scan on sbtest3  (cost=228.53..36084.51 rows=10546 width=121)
	        Recheck Cond: ((id >= 15248) AND (id <= 25247))
	        ->  Bitmap Index Scan on sbtest3_pkey  (cost=0.00..225.90 rows=10546 width=0)
	              Index Cond: ((id >= 15248) AND (id <= 25247))

table 4 : explain SELECT c FROM sbtest4 WHERE id BETWEEN 350378 AND 360377 ORDER BY c
	Sort  (cost=36464.48..36490.55 rows=10429 width=121)
	  Sort Key: c
	  ->  Bitmap Heap Scan on sbtest4  (cost=227.33..35768.43 rows=10429 width=121)
	        Recheck Cond: ((id >= 350378) AND (id <= 360377))
	        ->  Bitmap Index Scan on sbtest4_pkey  (cost=0.00..224.73 rows=10429 width=0)
	              Index Cond: ((id >= 350378) AND (id <= 360377))

table 5 : explain SELECT c FROM sbtest5 WHERE id BETWEEN 6893172 AND 6903171 ORDER BY c
	Sort  (cost=32491.78..32514.76 rows=9191 width=121)
	  Sort Key: c
	  ->  Bitmap Heap Scan on sbtest5  (cost=198.64..31886.74 rows=9191 width=121)
	        Recheck Cond: ((id >= 6893172) AND (id <= 6903171))
	        ->  Bitmap Index Scan on sbtest5_pkey  (cost=0.00..196.34 rows=9191 width=0)
	              Index Cond: ((id >= 6893172) AND (id <= 6903171))

table 6 : explain SELECT c FROM sbtest6 WHERE id BETWEEN 2122267 AND 2132266 ORDER BY c
	Sort  (cost=33081.28..33104.71 rows=9373 width=121)
	  Sort Key: c
	  ->  Bitmap Heap Scan on sbtest6  (cost=204.51..32462.93 rows=9373 width=121)
	        Recheck Cond: ((id >= 2122267) AND (id <= 2132266))
	        ->  Bitmap Index Scan on sbtest6_pkey  (cost=0.00..202.17 rows=9373 width=0)
	              Index Cond: ((id >= 2122267) AND (id <= 2132266))

table 7 : explain SELECT c FROM sbtest7 WHERE id BETWEEN 7434587 AND 7444586 ORDER BY c
	Sort  (cost=34950.18..34975.03 rows=9941 width=121)
	  Sort Key: c
	  ->  Bitmap Heap Scan on sbtest7  (cost=214.33..34290.13 rows=9941 width=121)
	        Recheck Cond: ((id >= 7434587) AND (id <= 7444586))
	        ->  Bitmap Index Scan on sbtest7_pkey  (cost=0.00..211.84 rows=9941 width=0)
	              Index Cond: ((id >= 7434587) AND (id <= 7444586))

table 8 : explain SELECT c FROM sbtest8 WHERE id BETWEEN 7402928 AND 7412927 ORDER BY c
	Sort  (cost=34175.18..34199.43 rows=9698 width=121)
	  Sort Key: c
	  ->  Bitmap Heap Scan on sbtest8  (cost=219.84..33533.01 rows=9698 width=121)
	        Recheck Cond: ((id >= 7402928) AND (id <= 7412927))
	        ->  Bitmap Index Scan on sbtest8_pkey  (cost=0.00..217.42 rows=9698 width=0)
	              Index Cond: ((id >= 7402928) AND (id <= 7412927))

for: simple_ranges
table 1 : explain SELECT c FROM sbtest1 WHERE id BETWEEN 209774 AND 219773
	Bitmap Heap Scan on sbtest1  (cost=214.24..34127.48 rows=9932 width=121)
	  Recheck Cond: ((id >= 209774) AND (id <= 219773))
	  ->  Bitmap Index Scan on sbtest1_pkey  (cost=0.00..211.75 rows=9932 width=0)
	        Index Cond: ((id >= 209774) AND (id <= 219773))

table 2 : explain SELECT c FROM sbtest2 WHERE id BETWEEN 4933155 AND 4943154
	Bitmap Heap Scan on sbtest2  (cost=231.97..37112.52 rows=10881 width=121)
	  Recheck Cond: ((id >= 4933155) AND (id <= 4943154))
	  ->  Bitmap Index Scan on sbtest2_pkey  (cost=0.00..229.25 rows=10881 width=0)
	        Index Cond: ((id >= 4933155) AND (id <= 4943154))

table 3 : explain SELECT c FROM sbtest3 WHERE id BETWEEN 3939823 AND 3949822
	Bitmap Heap Scan on sbtest3  (cost=199.32..32055.90 rows=9257 width=121)
	  Recheck Cond: ((id >= 3939823) AND (id <= 3949822))
	  ->  Bitmap Index Scan on sbtest3_pkey  (cost=0.00..197.00 rows=9257 width=0)
	        Index Cond: ((id >= 3939823) AND (id <= 3949822))

table 4 : explain SELECT c FROM sbtest4 WHERE id BETWEEN 6925428 AND 6935427
	Bitmap Heap Scan on sbtest4  (cost=209.94..32904.40 rows=9513 width=121)
	  Recheck Cond: ((id >= 6925428) AND (id <= 6935427))
	  ->  Bitmap Index Scan on sbtest4_pkey  (cost=0.00..207.56 rows=9513 width=0)
	        Index Cond: ((id >= 6925428) AND (id <= 6935427))

table 5 : explain SELECT c FROM sbtest5 WHERE id BETWEEN 5710783 AND 5720782
	Bitmap Heap Scan on sbtest5  (cost=223.28..35751.71 rows=10424 width=121)
	  Recheck Cond: ((id >= 5710783) AND (id <= 5720782))
	  ->  Bitmap Index Scan on sbtest5_pkey  (cost=0.00..220.68 rows=10424 width=0)
	        Index Cond: ((id >= 5710783) AND (id <= 5720782))

table 6 : explain SELECT c FROM sbtest6 WHERE id BETWEEN 3361775 AND 3371774
	Bitmap Heap Scan on sbtest6  (cost=225.08..35089.29 rows=10209 width=121)
	  Recheck Cond: ((id >= 3361775) AND (id <= 3371774))
	  ->  Bitmap Index Scan on sbtest6_pkey  (cost=0.00..222.53 rows=10209 width=0)
	        Index Cond: ((id >= 3361775) AND (id <= 3371774))

table 7 : explain SELECT c FROM sbtest7 WHERE id BETWEEN 5172892 AND 5182891
	Bitmap Heap Scan on sbtest7  (cost=220.02..34809.91 rows=10106 width=121)
	  Recheck Cond: ((id >= 5172892) AND (id <= 5182891))
	  ->  Bitmap Index Scan on sbtest7_pkey  (cost=0.00..217.50 rows=10106 width=0)
	        Index Cond: ((id >= 5172892) AND (id <= 5182891))

table 8 : explain SELECT c FROM sbtest8 WHERE id BETWEEN 2764996 AND 2774995
	Bitmap Heap Scan on sbtest8  (cost=243.52..37089.87 rows=10838 width=121)
	  Recheck Cond: ((id >= 2764996) AND (id <= 2774995))
	  ->  Bitmap Index Scan on sbtest8_pkey  (cost=0.00..240.81 rows=10838 width=0)
	        Index Cond: ((id >= 2764996) AND (id <= 2774995))

for: distinct_ranges
table 1 : explain SELECT DISTINCT c FROM sbtest1 WHERE id BETWEEN 5120302 AND 5130301 ORDER BY c
	Unique  (cost=31324.37..31368.65 rows=8855 width=121)
	  ->  Sort  (cost=31324.37..31346.51 rows=8855 width=121)
	        Sort Key: c
	        ->  Bitmap Heap Scan on sbtest1  (cost=191.20..30743.83 rows=8855 width=121)
	              Recheck Cond: ((id >= 5120302) AND (id <= 5130301))
	              ->  Bitmap Index Scan on sbtest1_pkey  (cost=0.00..188.99 rows=8855 width=0)
	                    Index Cond: ((id >= 5120302) AND (id <= 5130301))

table 2 : explain SELECT DISTINCT c FROM sbtest2 WHERE id BETWEEN 9604175 AND 9614174 ORDER BY c
	Unique  (cost=33063.76..33110.67 rows=9382 width=121)
	  ->  Sort  (cost=33063.76..33087.22 rows=9382 width=121)
	        Sort Key: c
	        ->  Bitmap Heap Scan on sbtest2  (cost=200.60..32444.75 rows=9382 width=121)
	              Recheck Cond: ((id >= 9604175) AND (id <= 9614174))
	              ->  Bitmap Index Scan on sbtest2_pkey  (cost=0.00..198.25 rows=9382 width=0)
	                    Index Cond: ((id >= 9604175) AND (id <= 9614174))

table 3 : explain SELECT DISTINCT c FROM sbtest3 WHERE id BETWEEN 2306328 AND 2316327 ORDER BY c
	Unique  (cost=36887.26..36940.15 rows=10577 width=121)
	  ->  Sort  (cost=36887.26..36913.70 rows=10577 width=121)
	        Sort Key: c
	        ->  Bitmap Heap Scan on sbtest3  (cost=228.85..36180.26 rows=10577 width=121)
	              Recheck Cond: ((id >= 2306328) AND (id <= 2316327))
	              ->  Bitmap Index Scan on sbtest3_pkey  (cost=0.00..226.20 rows=10577 width=0)
	                    Index Cond: ((id >= 2306328) AND (id <= 2316327))

table 4 : explain SELECT DISTINCT c FROM sbtest4 WHERE id BETWEEN 2640885 AND 2650884 ORDER BY c
	Unique  (cost=33764.85..33812.77 rows=9585 width=121)
	  ->  Sort  (cost=33764.85..33788.81 rows=9585 width=121)
	        Sort Key: c
	        ->  Bitmap Heap Scan on sbtest4  (cost=210.68..33130.96 rows=9585 width=121)
	              Recheck Cond: ((id >= 2640885) AND (id <= 2650884))
	              ->  Bitmap Index Scan on sbtest4_pkey  (cost=0.00..208.29 rows=9585 width=0)
	                    Index Cond: ((id >= 2640885) AND (id <= 2650884))

table 5 : explain SELECT DISTINCT c FROM sbtest5 WHERE id BETWEEN 4457107 AND 4467106 ORDER BY c
	Unique  (cost=32505.18..32551.16 rows=9196 width=121)
	  ->  Sort  (cost=32505.18..32528.17 rows=9196 width=121)
	        Sort Key: c
	        ->  Bitmap Heap Scan on sbtest5  (cost=198.69..31899.77 rows=9196 width=121)
	              Recheck Cond: ((id >= 4457107) AND (id <= 4467106))
	              ->  Bitmap Index Scan on sbtest5_pkey  (cost=0.00..196.40 rows=9196 width=0)
	                    Index Cond: ((id >= 4457107) AND (id <= 4467106))

table 6 : explain SELECT DISTINCT c FROM sbtest6 WHERE id BETWEEN 2533348 AND 2543347 ORDER BY c
	Unique  (cost=39370.36..39427.09 rows=11347 width=121)
	  ->  Sort  (cost=39370.36..39398.73 rows=11347 width=121)
	        Sort Key: c
	        ->  Bitmap Heap Scan on sbtest6  (cost=248.74..38606.14 rows=11347 width=121)
	              Recheck Cond: ((id >= 2533348) AND (id <= 2543347))
	              ->  Bitmap Index Scan on sbtest6_pkey  (cost=0.00..245.91 rows=11347 width=0)
	                    Index Cond: ((id >= 2533348) AND (id <= 2543347))

table 7 : explain SELECT DISTINCT c FROM sbtest7 WHERE id BETWEEN 6179176 AND 6189175 ORDER BY c
	Unique  (cost=32090.18..32135.46 rows=9056 width=121)
	  ->  Sort  (cost=32090.18..32112.82 rows=9056 width=121)
	        Sort Key: c
	        ->  Bitmap Heap Scan on sbtest7  (cost=197.26..31494.99 rows=9056 width=121)
	              Recheck Cond: ((id >= 6179176) AND (id <= 6189175))
	              ->  Bitmap Index Scan on sbtest7_pkey  (cost=0.00..195.00 rows=9056 width=0)
	                    Index Cond: ((id >= 6179176) AND (id <= 6189175))

table 8 : explain SELECT DISTINCT c FROM sbtest8 WHERE id BETWEEN 918199 AND 928198 ORDER BY c
	Unique  (cost=30350.17..30392.78 rows=8522 width=121)
	  ->  Sort  (cost=30350.17..30371.47 rows=8522 width=121)
	        Sort Key: c
	        ->  Bitmap Heap Scan on sbtest8  (cost=191.79..29793.81 rows=8522 width=121)
	              Recheck Cond: ((id >= 918199) AND (id <= 928198))
	              ->  Bitmap Index Scan on sbtest8_pkey  (cost=0.00..189.66 rows=8522 width=0)
	                    Index Cond: ((id >= 918199) AND (id <= 928198))

for: order_ranges
table 1 : explain SELECT c FROM sbtest1 WHERE id BETWEEN 1380428 AND 1390427 ORDER BY c
	Sort  (cost=33454.97..33478.76 rows=9515 width=121)
	  Sort Key: c
	  ->  Bitmap Heap Scan on sbtest1  (cost=205.96..32826.22 rows=9515 width=121)
	        Recheck Cond: ((id >= 1380428) AND (id <= 1390427))
	        ->  Bitmap Index Scan on sbtest1_pkey  (cost=0.00..203.59 rows=9515 width=0)
	              Index Cond: ((id >= 1380428) AND (id <= 1390427))

table 2 : explain SELECT c FROM sbtest2 WHERE id BETWEEN 5932056 AND 5942055 ORDER BY c
	Sort  (cost=37284.79..37311.55 rows=10704 width=121)
	  Sort Key: c
	  ->  Bitmap Heap Scan on sbtest2  (cost=230.15..36568.37 rows=10704 width=121)
	        Recheck Cond: ((id >= 5932056) AND (id <= 5942055))
	        ->  Bitmap Index Scan on sbtest2_pkey  (cost=0.00..227.48 rows=10704 width=0)
	              Index Cond: ((id >= 5932056) AND (id <= 5942055))

table 3 : explain SELECT c FROM sbtest3 WHERE id BETWEEN 7004300 AND 7014299 ORDER BY c
	Sort  (cost=34582.16..34606.79 rows=9853 width=121)
	  Sort Key: c
	  ->  Bitmap Heap Scan on sbtest3  (cost=213.43..33928.60 rows=9853 width=121)
	        Recheck Cond: ((id >= 7004300) AND (id <= 7014299))
	        ->  Bitmap Index Scan on sbtest3_pkey  (cost=0.00..210.97 rows=9853 width=0)
	              Index Cond: ((id >= 7004300) AND (id <= 7014299))

table 4 : explain SELECT c FROM sbtest4 WHERE id BETWEEN 6674233 AND 6684232 ORDER BY c
	Sort  (cost=33688.76..33712.66 rows=9562 width=121)
	  Sort Key: c
	  ->  Bitmap Heap Scan on sbtest4  (cost=210.45..33056.56 rows=9562 width=121)
	        Recheck Cond: ((id >= 6674233) AND (id <= 6684232))
	        ->  Bitmap Index Scan on sbtest4_pkey  (cost=0.00..208.06 rows=9562 width=0)
	              Index Cond: ((id >= 6674233) AND (id <= 6684232))

table 5 : explain SELECT c FROM sbtest5 WHERE id BETWEEN 3047276 AND 3057275 ORDER BY c
	Sort  (cost=35715.15..35740.64 rows=10193 width=121)
	  Sort Key: c
	  ->  Bitmap Heap Scan on sbtest5  (cost=220.91..35036.54 rows=10193 width=121)
	        Recheck Cond: ((id >= 3047276) AND (id <= 3057275))
	        ->  Bitmap Index Scan on sbtest5_pkey  (cost=0.00..218.37 rows=10193 width=0)
	              Index Cond: ((id >= 3047276) AND (id <= 3057275))

table 6 : explain SELECT c FROM sbtest6 WHERE id BETWEEN 6908862 AND 6918861 ORDER BY c
	Sort  (cost=35916.92..35942.56 rows=10255 width=121)
	  Sort Key: c
	  ->  Bitmap Heap Scan on sbtest6  (cost=225.55..35233.73 rows=10255 width=121)
	        Recheck Cond: ((id >= 6908862) AND (id <= 6918861))
	        ->  Bitmap Index Scan on sbtest6_pkey  (cost=0.00..222.99 rows=10255 width=0)
	              Index Cond: ((id >= 6908862) AND (id <= 6918861))

table 7 : explain SELECT c FROM sbtest7 WHERE id BETWEEN 6376520 AND 6386519 ORDER BY c
	Sort  (cost=32417.09..32439.98 rows=9157 width=121)
	  Sort Key: c
	  ->  Bitmap Heap Scan on sbtest7  (cost=198.29..31814.53 rows=9157 width=121)
	        Recheck Cond: ((id >= 6376520) AND (id <= 6386519))
	        ->  Bitmap Index Scan on sbtest7_pkey  (cost=0.00..196.00 rows=9157 width=0)
	              Index Cond: ((id >= 6376520) AND (id <= 6386519))

table 8 : explain SELECT c FROM sbtest8 WHERE id BETWEEN 2761648 AND 2771647 ORDER BY c
	Sort  (cost=37816.23..37843.32 rows=10838 width=121)
	  Sort Key: c
	  ->  Bitmap Heap Scan on sbtest8  (cost=243.52..37089.87 rows=10838 width=121)
	        Recheck Cond: ((id >= 2761648) AND (id <= 2771647))
	        ->  Bitmap Index Scan on sbtest8_pkey  (cost=0.00..240.81 rows=10838 width=0)
	              Index Cond: ((id >= 2761648) AND (id <= 2771647))

explain: for point_selects :: explain SELECT c FROM sbtest%u WHERE id=%u
for point_selects
table 1 : explain SELECT c FROM sbtest1 WHERE id=3455379
	Index Scan using sbtest1_pkey on sbtest1  (cost=0.43..8.45 rows=1 width=121)
	  Index Cond: (id = 3455379)

table 2 : explain SELECT c FROM sbtest2 WHERE id=4729813
	Index Scan using sbtest2_pkey on sbtest2  (cost=0.43..8.45 rows=1 width=121)
	  Index Cond: (id = 4729813)

table 3 : explain SELECT c FROM sbtest3 WHERE id=4364220
	Index Scan using sbtest3_pkey on sbtest3  (cost=0.43..8.45 rows=1 width=121)
	  Index Cond: (id = 4364220)

table 4 : explain SELECT c FROM sbtest4 WHERE id=438308
	Index Scan using sbtest4_pkey on sbtest4  (cost=0.43..8.45 rows=1 width=121)
	  Index Cond: (id = 438308)

table 5 : explain SELECT c FROM sbtest5 WHERE id=2295010
	Index Scan using sbtest5_pkey on sbtest5  (cost=0.43..8.45 rows=1 width=121)
	  Index Cond: (id = 2295010)

table 6 : explain SELECT c FROM sbtest6 WHERE id=9870633
	Index Scan using sbtest6_pkey on sbtest6  (cost=0.43..8.45 rows=1 width=121)
	  Index Cond: (id = 9870633)

table 7 : explain SELECT c FROM sbtest7 WHERE id=5433221
	Index Scan using sbtest7_pkey on sbtest7  (cost=0.43..8.45 rows=1 width=121)
	  Index Cond: (id = 5433221)

table 8 : explain SELECT c FROM sbtest8 WHERE id=211204
	Index Scan using sbtest8_pkey on sbtest8  (cost=0.43..8.45 rows=1 width=121)
	  Index Cond: (id = 211204)

for point_selects
table 1 : explain SELECT c FROM sbtest1 WHERE id=3927649
	Index Scan using sbtest1_pkey on sbtest1  (cost=0.43..8.45 rows=1 width=121)
	  Index Cond: (id = 3927649)

table 2 : explain SELECT c FROM sbtest2 WHERE id=2086710
	Index Scan using sbtest2_pkey on sbtest2  (cost=0.43..8.45 rows=1 width=121)
	  Index Cond: (id = 2086710)

table 3 : explain SELECT c FROM sbtest3 WHERE id=4610020
	Index Scan using sbtest3_pkey on sbtest3  (cost=0.43..8.45 rows=1 width=121)
	  Index Cond: (id = 4610020)

table 4 : explain SELECT c FROM sbtest4 WHERE id=8544810
	Index Scan using sbtest4_pkey on sbtest4  (cost=0.43..8.45 rows=1 width=121)
	  Index Cond: (id = 8544810)

table 5 : explain SELECT c FROM sbtest5 WHERE id=8504449
	Index Scan using sbtest5_pkey on sbtest5  (cost=0.43..8.45 rows=1 width=121)
	  Index Cond: (id = 8504449)

table 6 : explain SELECT c FROM sbtest6 WHERE id=2705394
	Index Scan using sbtest6_pkey on sbtest6  (cost=0.43..8.45 rows=1 width=121)
	  Index Cond: (id = 2705394)

table 7 : explain SELECT c FROM sbtest7 WHERE id=898786
	Index Scan using sbtest7_pkey on sbtest7  (cost=0.43..8.45 rows=1 width=121)
	  Index Cond: (id = 898786)

table 8 : explain SELECT c FROM sbtest8 WHERE id=8880026
	Index Scan using sbtest8_pkey on sbtest8  (cost=0.43..8.45 rows=1 width=121)
	  Index Cond: (id = 8880026)

for: distinct_ranges
table 1 : explain SELECT DISTINCT c FROM sbtest1 WHERE id BETWEEN 2520338 AND 2530337 ORDER BY c
	Unique  (cost=33656.39..33704.28 rows=9578 width=121)
	  ->  Sort  (cost=33656.39..33680.33 rows=9578 width=121)
	        Sort Key: c
	        ->  Bitmap Heap Scan on sbtest1  (cost=206.61..33023.02 rows=9578 width=121)
	              Recheck Cond: ((id >= 2520338) AND (id <= 2530337))
	              ->  Bitmap Index Scan on sbtest1_pkey  (cost=0.00..204.22 rows=9578 width=0)
	                    Index Cond: ((id >= 2520338) AND (id <= 2530337))

table 2 : explain SELECT DISTINCT c FROM sbtest2 WHERE id BETWEEN 7263239 AND 7273238 ORDER BY c
	Unique  (cost=34145.89..34194.48 rows=9719 width=121)
	  ->  Sort  (cost=34145.89..34170.19 rows=9719 width=121)
	        Sort Key: c
	        ->  Bitmap Heap Scan on sbtest2  (cost=208.05..33502.17 rows=9719 width=121)
	              Recheck Cond: ((id >= 7263239) AND (id <= 7273238))
	              ->  Bitmap Index Scan on sbtest2_pkey  (cost=0.00..205.62 rows=9719 width=0)
	                    Index Cond: ((id >= 7263239) AND (id <= 7273238))

table 3 : explain SELECT DISTINCT c FROM sbtest3 WHERE id BETWEEN 1410091 AND 1420090 ORDER BY c
	Unique  (cost=35253.54..35303.85 rows=10063 width=121)
	  ->  Sort  (cost=35253.54..35278.70 rows=10063 width=121)
	        Sort Key: c
	        ->  Bitmap Heap Scan on sbtest3  (cost=215.58..34584.51 rows=10063 width=121)
	              Recheck Cond: ((id >= 1410091) AND (id <= 1420090))
	              ->  Bitmap Index Scan on sbtest3_pkey  (cost=0.00..213.06 rows=10063 width=0)
	                    Index Cond: ((id >= 1410091) AND (id <= 1420090))

table 4 : explain SELECT DISTINCT c FROM sbtest4 WHERE id BETWEEN 6023193 AND 6033192 ORDER BY c
	Unique  (cost=33144.38..33191.35 rows=9394 width=121)
	  ->  Sort  (cost=33144.38..33167.87 rows=9394 width=121)
	        Sort Key: c
	        ->  Bitmap Heap Scan on sbtest4  (cost=204.72..32524.50 rows=9394 width=121)
	              Recheck Cond: ((id >= 6023193) AND (id <= 6033192))
	              ->  Bitmap Index Scan on sbtest4_pkey  (cost=0.00..202.38 rows=9394 width=0)
	                    Index Cond: ((id >= 6023193) AND (id <= 6033192))

table 5 : explain SELECT DISTINCT c FROM sbtest5 WHERE id BETWEEN 8139875 AND 8149874 ORDER BY c
	Unique  (cost=33972.29..34020.54 rows=9650 width=121)
	  ->  Sort  (cost=33972.29..33996.41 rows=9650 width=121)
	        Sort Key: c
	        ->  Bitmap Heap Scan on sbtest5  (cost=207.35..33333.64 rows=9650 width=121)
	              Recheck Cond: ((id >= 8139875) AND (id <= 8149874))
	              ->  Bitmap Index Scan on sbtest5_pkey  (cost=0.00..204.94 rows=9650 width=0)
	                    Index Cond: ((id >= 8139875) AND (id <= 8149874))

table 6 : explain SELECT DISTINCT c FROM sbtest6 WHERE id BETWEEN 3123883 AND 3133882 ORDER BY c
	Unique  (cost=33008.20..33054.95 rows=9350 width=121)
	  ->  Sort  (cost=33008.20..33031.57 rows=9350 width=121)
	        Sort Key: c
	        ->  Bitmap Heap Scan on sbtest6  (cost=204.27..32391.53 rows=9350 width=121)
	              Recheck Cond: ((id >= 3123883) AND (id <= 3133882))
	              ->  Bitmap Index Scan on sbtest6_pkey  (cost=0.00..201.94 rows=9350 width=0)
	                    Index Cond: ((id >= 3123883) AND (id <= 3133882))

table 7 : explain SELECT DISTINCT c FROM sbtest7 WHERE id BETWEEN 3631378 AND 3641377 ORDER BY c
	Unique  (cost=36213.75..36265.43 rows=10335 width=121)
	  ->  Sort  (cost=36213.75..36239.59 rows=10335 width=121)
	        Sort Key: c
	        ->  Bitmap Heap Scan on sbtest7  (cost=226.37..35524.65 rows=10335 width=121)
	              Recheck Cond: ((id >= 3631378) AND (id <= 3641377))
	              ->  Bitmap Index Scan on sbtest7_pkey  (cost=0.00..223.79 rows=10335 width=0)
	                    Index Cond: ((id >= 3631378) AND (id <= 3641377))

table 8 : explain SELECT DISTINCT c FROM sbtest8 WHERE id BETWEEN 9307974 AND 9317973 ORDER BY c
	Unique  (cost=32326.14..32371.77 rows=9127 width=121)
	  ->  Sort  (cost=32326.14..32348.96 rows=9127 width=121)
	        Sort Key: c
	        ->  Bitmap Heap Scan on sbtest8  (cost=205.99..31725.77 rows=9127 width=121)
	              Recheck Cond: ((id >= 9307974) AND (id <= 9317973))
	              ->  Bitmap Index Scan on sbtest8_pkey  (cost=0.00..203.70 rows=9127 width=0)
	                    Index Cond: ((id >= 9307974) AND (id <= 9317973))

for: sum_ranges
table 1 : explain SELECT SUM(k) FROM sbtest1 WHERE id BETWEEN 864014 AND 874013
	Aggregate  (cost=31254.15..31254.16 rows=1 width=8)
	  ->  Bitmap Heap Scan on sbtest1  (cost=192.79..31231.62 rows=9010 width=4)
	        Recheck Cond: ((id >= 864014) AND (id <= 874013))
	        ->  Bitmap Index Scan on sbtest1_pkey  (cost=0.00..190.54 rows=9010 width=0)
	              Index Cond: ((id >= 864014) AND (id <= 874013))

table 2 : explain SELECT SUM(k) FROM sbtest2 WHERE id BETWEEN 1916121 AND 1926120
	Aggregate  (cost=31893.93..31893.94 rows=1 width=8)
	  ->  Bitmap Heap Scan on sbtest2  (cost=198.74..31870.93 rows=9200 width=4)
	        Recheck Cond: ((id >= 1916121) AND (id <= 1926120))
	        ->  Bitmap Index Scan on sbtest2_pkey  (cost=0.00..196.44 rows=9200 width=0)
	              Index Cond: ((id >= 1916121) AND (id <= 1926120))

table 3 : explain SELECT SUM(k) FROM sbtest3 WHERE id BETWEEN 3988646 AND 3998645
	Aggregate  (cost=32134.24..32134.25 rows=1 width=8)
	  ->  Bitmap Heap Scan on sbtest3  (cost=199.50..32111.05 rows=9275 width=4)
	        Recheck Cond: ((id >= 3988646) AND (id <= 3998645))
	        ->  Bitmap Index Scan on sbtest3_pkey  (cost=0.00..197.19 rows=9275 width=0)
	              Index Cond: ((id >= 3988646) AND (id <= 3998645))

table 4 : explain SELECT SUM(k) FROM sbtest4 WHERE id BETWEEN 5088214 AND 5098213
	Aggregate  (cost=35919.47..35919.48 rows=1 width=8)
	  ->  Bitmap Heap Scan on sbtest4  (cost=227.75..35893.29 rows=10470 width=4)
	        Recheck Cond: ((id >= 5088214) AND (id <= 5098213))
	        ->  Bitmap Index Scan on sbtest4_pkey  (cost=0.00..225.13 rows=10470 width=0)
	              Index Cond: ((id >= 5088214) AND (id <= 5098213))

table 5 : explain SELECT SUM(k) FROM sbtest5 WHERE id BETWEEN 7736925 AND 7746924
	Aggregate  (cost=34907.72..34907.73 rows=1 width=8)
	  ->  Bitmap Heap Scan on sbtest5  (cost=220.41..34882.36 rows=10144 width=4)
	        Recheck Cond: ((id >= 7736925) AND (id <= 7746924))
	        ->  Bitmap Index Scan on sbtest5_pkey  (cost=0.00..217.88 rows=10144 width=0)
	              Index Cond: ((id >= 7736925) AND (id <= 7746924))

table 6 : explain SELECT SUM(k) FROM sbtest6 WHERE id BETWEEN 5330262 AND 5340261
	Aggregate  (cost=34973.39..34973.40 rows=1 width=8)
	  ->  Bitmap Heap Scan on sbtest6  (cost=224.62..34947.98 rows=10164 width=4)
	        Recheck Cond: ((id >= 5330262) AND (id <= 5340261))
	        ->  Bitmap Index Scan on sbtest6_pkey  (cost=0.00..222.07 rows=10164 width=0)
	              Index Cond: ((id >= 5330262) AND (id <= 5340261))

table 7 : explain SELECT SUM(k) FROM sbtest7 WHERE id BETWEEN 6130624 AND 6140623
	Aggregate  (cost=31517.63..31517.64 rows=1 width=8)
	  ->  Bitmap Heap Scan on sbtest7  (cost=197.26..31494.99 rows=9056 width=4)
	        Recheck Cond: ((id >= 6130624) AND (id <= 6140623))
	        ->  Bitmap Index Scan on sbtest7_pkey  (cost=0.00..195.00 rows=9056 width=0)
	              Index Cond: ((id >= 6130624) AND (id <= 6140623))

table 8 : explain SELECT SUM(k) FROM sbtest8 WHERE id BETWEEN 4691076 AND 4701075
	Aggregate  (cost=33583.15..33583.16 rows=1 width=8)
	  ->  Bitmap Heap Scan on sbtest8  (cost=219.92..33558.89 rows=9706 width=4)
	        Recheck Cond: ((id >= 4691076) AND (id <= 4701075))
	        ->  Bitmap Index Scan on sbtest8_pkey  (cost=0.00..217.50 rows=9706 width=0)
	              Index Cond: ((id >= 4691076) AND (id <= 4701075))

for: sum_ranges
table 1 : explain SELECT SUM(k) FROM sbtest1 WHERE id BETWEEN 9079758 AND 9089757
	Aggregate  (cost=37219.61..37219.62 rows=1 width=8)
	  ->  Bitmap Heap Scan on sbtest1  (cost=232.40..37192.30 rows=10923 width=4)
	        Recheck Cond: ((id >= 9079758) AND (id <= 9089757))
	        ->  Bitmap Index Scan on sbtest1_pkey  (cost=0.00..229.67 rows=10923 width=0)
	              Index Cond: ((id >= 9079758) AND (id <= 9089757))

table 2 : explain SELECT SUM(k) FROM sbtest2 WHERE id BETWEEN 6022683 AND 6032682
	Aggregate  (cost=32147.16..32147.17 rows=1 width=8)
	  ->  Bitmap Heap Scan on sbtest2  (cost=199.56..32123.96 rows=9280 width=4)
	        Recheck Cond: ((id >= 6022683) AND (id <= 6032682))
	        ->  Bitmap Index Scan on sbtest2_pkey  (cost=0.00..197.24 rows=9280 width=0)
	              Index Cond: ((id >= 6022683) AND (id <= 6032682))

table 3 : explain SELECT SUM(k) FROM sbtest3 WHERE id BETWEEN 9375934 AND 9385933
	Aggregate  (cost=33600.98..33600.99 rows=1 width=8)
	  ->  Bitmap Heap Scan on sbtest3  (cost=208.28..33576.63 rows=9741 width=4)
	        Recheck Cond: ((id >= 9375934) AND (id <= 9385933))
	        ->  Bitmap Index Scan on sbtest3_pkey  (cost=0.00..205.84 rows=9741 width=0)
	              Index Cond: ((id >= 9375934) AND (id <= 9385933))

table 4 : explain SELECT SUM(k) FROM sbtest4 WHERE id BETWEEN 7844455 AND 7854454
	Aggregate  (cost=35428.97..35428.98 rows=1 width=8)
	  ->  Bitmap Heap Scan on sbtest4  (cost=226.13..35403.19 rows=10312 width=4)
	        Recheck Cond: ((id >= 7844455) AND (id <= 7854454))
	        ->  Bitmap Index Scan on sbtest4_pkey  (cost=0.00..223.56 rows=10312 width=0)
	              Index Cond: ((id >= 7844455) AND (id <= 7854454))

table 5 : explain SELECT SUM(k) FROM sbtest5 WHERE id BETWEEN 892463 AND 902462
	Aggregate  (cost=35418.55..35418.56 rows=1 width=8)
	  ->  Bitmap Heap Scan on sbtest5  (cost=222.09..35392.78 rows=10308 width=4)
	        Recheck Cond: ((id >= 892463) AND (id <= 902462))
	        ->  Bitmap Index Scan on sbtest5_pkey  (cost=0.00..219.51 rows=10308 width=0)
	              Index Cond: ((id >= 892463) AND (id <= 902462))

table 6 : explain SELECT SUM(k) FROM sbtest6 WHERE id BETWEEN 5646007 AND 5656006
	Aggregate  (cost=36257.09..36257.10 rows=1 width=8)
	  ->  Bitmap Heap Scan on sbtest6  (cost=232.84..36230.65 rows=10576 width=4)
	        Recheck Cond: ((id >= 5646007) AND (id <= 5656006))
	        ->  Bitmap Index Scan on sbtest6_pkey  (cost=0.00..230.19 rows=10576 width=0)
	              Index Cond: ((id >= 5646007) AND (id <= 5656006))

table 7 : explain SELECT SUM(k) FROM sbtest7 WHERE id BETWEEN 276782 AND 286781
	Aggregate  (cost=38091.65..38091.66 rows=1 width=8)
	  ->  Bitmap Heap Scan on sbtest7  (cost=242.76..38063.77 rows=11154 width=4)
	        Recheck Cond: ((id >= 276782) AND (id <= 286781))
	        ->  Bitmap Index Scan on sbtest7_pkey  (cost=0.00..239.98 rows=11154 width=0)
	              Index Cond: ((id >= 276782) AND (id <= 286781))

table 8 : explain SELECT SUM(k) FROM sbtest8 WHERE id BETWEEN 4322266 AND 4332265
	Aggregate  (cost=35181.95..35181.96 rows=1 width=8)
	  ->  Bitmap Heap Scan on sbtest8  (cost=229.15..35156.41 rows=10216 width=4)
	        Recheck Cond: ((id >= 4322266) AND (id <= 4332265))
	        ->  Bitmap Index Scan on sbtest8_pkey  (cost=0.00..226.59 rows=10216 width=0)
	              Index Cond: ((id >= 4322266) AND (id <= 4332265))

for: distinct_ranges
table 1 : explain SELECT DISTINCT c FROM sbtest1 WHERE id BETWEEN 9950069 AND 9960068 ORDER BY c
	Unique  (cost=36272.21..36324.21 rows=10399 width=121)
	  ->  Sort  (cost=36272.21..36298.21 rows=10399 width=121)
	        Sort Key: c
	        ->  Bitmap Heap Scan on sbtest1  (cost=223.02..35578.38 rows=10399 width=121)
	              Recheck Cond: ((id >= 9950069) AND (id <= 9960068))
	              ->  Bitmap Index Scan on sbtest1_pkey  (cost=0.00..220.43 rows=10399 width=0)
	                    Index Cond: ((id >= 9950069) AND (id <= 9960068))

table 2 : explain SELECT DISTINCT c FROM sbtest2 WHERE id BETWEEN 7937919 AND 7947918 ORDER BY c
	Unique  (cost=34697.13..34746.58 rows=9890 width=121)
	  ->  Sort  (cost=34697.13..34721.86 rows=9890 width=121)
	        Sort Key: c
	        ->  Bitmap Heap Scan on sbtest2  (cost=213.81..34040.84 rows=9890 width=121)
	              Recheck Cond: ((id >= 7937919) AND (id <= 7947918))
	              ->  Bitmap Index Scan on sbtest2_pkey  (cost=0.00..211.34 rows=9890 width=0)
	                    Index Cond: ((id >= 7937919) AND (id <= 7947918))

table 3 : explain SELECT DISTINCT c FROM sbtest3 WHERE id BETWEEN 6339285 AND 6349284 ORDER BY c
	Unique  (cost=33485.07..33532.63 rows=9511 width=121)
	  ->  Sort  (cost=33485.07..33508.85 rows=9511 width=121)
	        Sort Key: c
	        ->  Bitmap Heap Scan on sbtest3  (cost=205.92..32856.62 rows=9511 width=121)
	              Recheck Cond: ((id >= 6339285) AND (id <= 6349284))
	              ->  Bitmap Index Scan on sbtest3_pkey  (cost=0.00..203.55 rows=9511 width=0)
	                    Index Cond: ((id >= 6339285) AND (id <= 6349284))

table 4 : explain SELECT DISTINCT c FROM sbtest4 WHERE id BETWEEN 8997462 AND 9007461 ORDER BY c
	Unique  (cost=36995.83..37048.81 rows=10596 width=121)
	  ->  Sort  (cost=36995.83..37022.32 rows=10596 width=121)
	        Sort Key: c
	        ->  Bitmap Heap Scan on sbtest4  (cost=233.04..36287.42 rows=10596 width=121)
	              Recheck Cond: ((id >= 8997462) AND (id <= 9007461))
	              ->  Bitmap Index Scan on sbtest4_pkey  (cost=0.00..230.40 rows=10596 width=0)
	                    Index Cond: ((id >= 8997462) AND (id <= 9007461))

table 5 : explain SELECT DISTINCT c FROM sbtest5 WHERE id BETWEEN 8235917 AND 8245916 ORDER BY c
	Unique  (cost=35408.52..35459.01 rows=10098 width=121)
	  ->  Sort  (cost=35408.52..35433.76 rows=10098 width=121)
	        Sort Key: c
	        ->  Bitmap Heap Scan on sbtest5  (cost=215.94..34736.91 rows=10098 width=121)
	              Recheck Cond: ((id >= 8235917) AND (id <= 8245916))
	              ->  Bitmap Index Scan on sbtest5_pkey  (cost=0.00..213.42 rows=10098 width=0)
	                    Index Cond: ((id >= 8235917) AND (id <= 8245916))

table 6 : explain SELECT DISTINCT c FROM sbtest6 WHERE id BETWEEN 1243101 AND 1253100 ORDER BY c
	Unique  (cost=34224.93..34273.57 rows=9728 width=121)
	  ->  Sort  (cost=34224.93..34249.25 rows=9728 width=121)
	        Sort Key: c
	        ->  Bitmap Heap Scan on sbtest6  (cost=212.15..33580.55 rows=9728 width=121)
	              Recheck Cond: ((id >= 1243101) AND (id <= 1253100))
	              ->  Bitmap Index Scan on sbtest6_pkey  (cost=0.00..209.72 rows=9728 width=0)
	                    Index Cond: ((id >= 1243101) AND (id <= 1253100))

table 7 : explain SELECT DISTINCT c FROM sbtest7 WHERE id BETWEEN 2779916 AND 2789915 ORDER BY c
	Unique  (cost=35304.11..35354.37 rows=10051 width=121)
	  ->  Sort  (cost=35304.11..35329.24 rows=10051 width=121)
	        Sort Key: c
	        ->  Bitmap Heap Scan on sbtest7  (cost=219.46..34635.97 rows=10051 width=121)
	              Recheck Cond: ((id >= 2779916) AND (id <= 2789915))
	              ->  Bitmap Index Scan on sbtest7_pkey  (cost=0.00..216.94 rows=10051 width=0)
	                    Index Cond: ((id >= 2779916) AND (id <= 2789915))

table 8 : explain SELECT DISTINCT c FROM sbtest8 WHERE id BETWEEN 1843903 AND 1853902 ORDER BY c
	Unique  (cost=35546.86..35597.49 rows=10125 width=121)
	  ->  Sort  (cost=35546.86..35572.17 rows=10125 width=121)
	        Sort Key: c
	        ->  Bitmap Heap Scan on sbtest8  (cost=228.22..34873.26 rows=10125 width=121)
	              Recheck Cond: ((id >= 1843903) AND (id <= 1853902))
	              ->  Bitmap Index Scan on sbtest8_pkey  (cost=0.00..225.69 rows=10125 width=0)
	                    Index Cond: ((id >= 1843903) AND (id <= 1853902))

for: simple_ranges
table 1 : explain SELECT c FROM sbtest1 WHERE id BETWEEN 9895693 AND 9905692
	Bitmap Heap Scan on sbtest1  (cost=208.55..33612.46 rows=9767 width=121)
	  Recheck Cond: ((id >= 9895693) AND (id <= 9905692))
	  ->  Bitmap Index Scan on sbtest1_pkey  (cost=0.00..206.11 rows=9767 width=0)
	        Index Cond: ((id >= 9895693) AND (id <= 9905692))

table 2 : explain SELECT c FROM sbtest2 WHERE id BETWEEN 4253066 AND 4263065
	Bitmap Heap Scan on sbtest2  (cost=216.05..34722.03 rows=10109 width=121)
	  Recheck Cond: ((id >= 4253066) AND (id <= 4263065))
	  ->  Bitmap Index Scan on sbtest2_pkey  (cost=0.00..213.53 rows=10109 width=0)
	        Index Cond: ((id >= 4253066) AND (id <= 4263065))

table 3 : explain SELECT c FROM sbtest3 WHERE id BETWEEN 3808209 AND 3818208
	Bitmap Heap Scan on sbtest3  (cost=220.38..34829.24 rows=10141 width=121)
	  Recheck Cond: ((id >= 3808209) AND (id <= 3818208))
	  ->  Bitmap Index Scan on sbtest3_pkey  (cost=0.00..217.84 rows=10141 width=0)
	        Index Cond: ((id >= 3808209) AND (id <= 3818208))

table 4 : explain SELECT c FROM sbtest4 WHERE id BETWEEN 5666219 AND 5676218
	Bitmap Heap Scan on sbtest4  (cost=240.65..37375.57 rows=10948 width=121)
	  Recheck Cond: ((id >= 5666219) AND (id <= 5676218))
	  ->  Bitmap Index Scan on sbtest4_pkey  (cost=0.00..237.92 rows=10948 width=0)
	        Index Cond: ((id >= 5666219) AND (id <= 5676218))

table 5 : explain SELECT c FROM sbtest5 WHERE id BETWEEN 8760064 AND 8770063
	Bitmap Heap Scan on sbtest5  (cost=230.63..36765.72 rows=10751 width=121)
	  Recheck Cond: ((id >= 8760064) AND (id <= 8770063))
	  ->  Bitmap Index Scan on sbtest5_pkey  (cost=0.00..227.94 rows=10751 width=0)
	        Index Cond: ((id >= 8760064) AND (id <= 8770063))

table 6 : explain SELECT c FROM sbtest6 WHERE id BETWEEN 9134624 AND 9144623
	Bitmap Heap Scan on sbtest6  (cost=226.18..35423.03 rows=10317 width=121)
	  Recheck Cond: ((id >= 9134624) AND (id <= 9144623))
	  ->  Bitmap Index Scan on sbtest6_pkey  (cost=0.00..223.61 rows=10317 width=0)
	        Index Cond: ((id >= 9134624) AND (id <= 9144623))

table 7 : explain SELECT c FROM sbtest7 WHERE id BETWEEN 6971080 AND 6981079
	Bitmap Heap Scan on sbtest7  (cost=211.68..33478.90 rows=9682 width=121)
	  Recheck Cond: ((id >= 6971080) AND (id <= 6981079))
	  ->  Bitmap Index Scan on sbtest7_pkey  (cost=0.00..209.25 rows=9682 width=0)
	        Index Cond: ((id >= 6971080) AND (id <= 6981079))

table 8 : explain SELECT c FROM sbtest8 WHERE id BETWEEN 1654883 AND 1664882
	Bitmap Heap Scan on sbtest8  (cost=233.94..35398.27 rows=10293 width=121)
	  Recheck Cond: ((id >= 1654883) AND (id <= 1664882))
	  ->  Bitmap Index Scan on sbtest8_pkey  (cost=0.00..231.37 rows=10293 width=0)
	        Index Cond: ((id >= 1654883) AND (id <= 1664882))

for: simple_ranges
table 1 : explain SELECT c FROM sbtest1 WHERE id BETWEEN 7344536 AND 7354535
	Bitmap Heap Scan on sbtest1  (cost=215.82..34605.38 rows=10086 width=121)
	  Recheck Cond: ((id >= 7344536) AND (id <= 7354535))
	  ->  Bitmap Index Scan on sbtest1_pkey  (cost=0.00..213.30 rows=10086 width=0)
	        Index Cond: ((id >= 7344536) AND (id <= 7354535))

table 2 : explain SELECT c FROM sbtest2 WHERE id BETWEEN 8447636 AND 8457635
	Bitmap Heap Scan on sbtest2  (cost=199.35..32059.12 rows=9260 width=121)
	  Recheck Cond: ((id >= 8447636) AND (id <= 8457635))
	  ->  Bitmap Index Scan on sbtest2_pkey  (cost=0.00..197.04 rows=9260 width=0)
	        Index Cond: ((id >= 8447636) AND (id <= 8457635))

table 3 : explain SELECT c FROM sbtest3 WHERE id BETWEEN 5956030 AND 5966029
	Bitmap Heap Scan on sbtest3  (cost=212.77..33728.90 rows=9789 width=121)
	  Recheck Cond: ((id >= 5956030) AND (id <= 5966029))
	  ->  Bitmap Index Scan on sbtest3_pkey  (cost=0.00..210.32 rows=9789 width=0)
	        Index Cond: ((id >= 5956030) AND (id <= 5966029))

table 4 : explain SELECT c FROM sbtest4 WHERE id BETWEEN 3299619 AND 3309618
	Bitmap Heap Scan on sbtest4  (cost=212.70..33744.94 rows=9782 width=121)
	  Recheck Cond: ((id >= 3299619) AND (id <= 3309618))
	  ->  Bitmap Index Scan on sbtest4_pkey  (cost=0.00..210.25 rows=9782 width=0)
	        Index Cond: ((id >= 3299619) AND (id <= 3309618))

table 5 : explain SELECT c FROM sbtest5 WHERE id BETWEEN 1124747 AND 1134746
	Bitmap Heap Scan on sbtest5  (cost=214.00..34147.84 rows=9909 width=121)
	  Recheck Cond: ((id >= 1124747) AND (id <= 1134746))
	  ->  Bitmap Index Scan on sbtest5_pkey  (cost=0.00..211.53 rows=9909 width=0)
	        Index Cond: ((id >= 1124747) AND (id <= 1134746))

table 6 : explain SELECT c FROM sbtest6 WHERE id BETWEEN 8260811 AND 8270810
	Bitmap Heap Scan on sbtest6  (cost=209.47..32762.00 rows=9467 width=121)
	  Recheck Cond: ((id >= 8260811) AND (id <= 8270810))
	  ->  Bitmap Index Scan on sbtest6_pkey  (cost=0.00..207.11 rows=9467 width=0)
	        Index Cond: ((id >= 8260811) AND (id <= 8270810))

table 7 : explain SELECT c FROM sbtest7 WHERE id BETWEEN 3483400 AND 3493399
	Bitmap Heap Scan on sbtest7  (cost=197.90..31693.94 rows=9119 width=121)
	  Recheck Cond: ((id >= 3483400) AND (id <= 3493399))
	  ->  Bitmap Index Scan on sbtest7_pkey  (cost=0.00..195.62 rows=9119 width=0)
	        Index Cond: ((id >= 3483400) AND (id <= 3493399))

table 8 : explain SELECT c FROM sbtest8 WHERE id BETWEEN 1644263 AND 1654262
	Bitmap Heap Scan on sbtest8  (cost=233.94..35398.27 rows=10293 width=121)
	  Recheck Cond: ((id >= 1644263) AND (id <= 1654262))
	  ->  Bitmap Index Scan on sbtest8_pkey  (cost=0.00..231.37 rows=10293 width=0)
	        Index Cond: ((id >= 1644263) AND (id <= 1654262))

for point_selects
table 1 : explain SELECT c FROM sbtest1 WHERE id=7434088
	Index Scan using sbtest1_pkey on sbtest1  (cost=0.43..8.45 rows=1 width=121)
	  Index Cond: (id = 7434088)

table 2 : explain SELECT c FROM sbtest2 WHERE id=8891450
	Index Scan using sbtest2_pkey on sbtest2  (cost=0.43..8.45 rows=1 width=121)
	  Index Cond: (id = 8891450)

table 3 : explain SELECT c FROM sbtest3 WHERE id=1237624
	Index Scan using sbtest3_pkey on sbtest3  (cost=0.43..8.45 rows=1 width=121)
	  Index Cond: (id = 1237624)

table 4 : explain SELECT c FROM sbtest4 WHERE id=5406880
	Index Scan using sbtest4_pkey on sbtest4  (cost=0.43..8.45 rows=1 width=121)
	  Index Cond: (id = 5406880)

table 5 : explain SELECT c FROM sbtest5 WHERE id=8975275
	Index Scan using sbtest5_pkey on sbtest5  (cost=0.43..8.45 rows=1 width=121)
	  Index Cond: (id = 8975275)

table 6 : explain SELECT c FROM sbtest6 WHERE id=9453158
	Index Scan using sbtest6_pkey on sbtest6  (cost=0.43..8.45 rows=1 width=121)
	  Index Cond: (id = 9453158)

table 7 : explain SELECT c FROM sbtest7 WHERE id=5763417
	Index Scan using sbtest7_pkey on sbtest7  (cost=0.43..8.45 rows=1 width=121)
	  Index Cond: (id = 5763417)

table 8 : explain SELECT c FROM sbtest8 WHERE id=7410703
	Index Scan using sbtest8_pkey on sbtest8  (cost=0.43..8.45 rows=1 width=121)
	  Index Cond: (id = 7410703)

for point_selects
table 1 : explain SELECT c FROM sbtest1 WHERE id=2407858
	Index Scan using sbtest1_pkey on sbtest1  (cost=0.43..8.45 rows=1 width=121)
	  Index Cond: (id = 2407858)

table 2 : explain SELECT c FROM sbtest2 WHERE id=6006028
	Index Scan using sbtest2_pkey on sbtest2  (cost=0.43..8.45 rows=1 width=121)
	  Index Cond: (id = 6006028)

table 3 : explain SELECT c FROM sbtest3 WHERE id=1129369
	Index Scan using sbtest3_pkey on sbtest3  (cost=0.43..8.45 rows=1 width=121)
	  Index Cond: (id = 1129369)

table 4 : explain SELECT c FROM sbtest4 WHERE id=4543345
	Index Scan using sbtest4_pkey on sbtest4  (cost=0.43..8.45 rows=1 width=121)
	  Index Cond: (id = 4543345)

table 5 : explain SELECT c FROM sbtest5 WHERE id=1413160
	Index Scan using sbtest5_pkey on sbtest5  (cost=0.43..8.45 rows=1 width=121)
	  Index Cond: (id = 1413160)

table 6 : explain SELECT c FROM sbtest6 WHERE id=6360131
	Index Scan using sbtest6_pkey on sbtest6  (cost=0.43..8.45 rows=1 width=121)
	  Index Cond: (id = 6360131)

table 7 : explain SELECT c FROM sbtest7 WHERE id=6255069
	Index Scan using sbtest7_pkey on sbtest7  (cost=0.43..8.45 rows=1 width=121)
	  Index Cond: (id = 6255069)

table 8 : explain SELECT c FROM sbtest8 WHERE id=7944843
	Index Scan using sbtest8_pkey on sbtest8  (cost=0.43..8.45 rows=1 width=121)
	  Index Cond: (id = 7944843)

for: order_ranges
table 1 : explain SELECT c FROM sbtest1 WHERE id BETWEEN 5682548 AND 5692547 ORDER BY c
	Sort  (cost=35719.27..35744.83 rows=10224 width=121)
	  Sort Key: c
	  ->  Bitmap Heap Scan on sbtest1  (cost=221.23..35038.37 rows=10224 width=121)
	        Recheck Cond: ((id >= 5682548) AND (id <= 5692547))
	        ->  Bitmap Index Scan on sbtest1_pkey  (cost=0.00..218.68 rows=10224 width=0)
	              Index Cond: ((id >= 5682548) AND (id <= 5692547))

table 2 : explain SELECT c FROM sbtest2 WHERE id BETWEEN 2586721 AND 2596720 ORDER BY c
	Sort  (cost=33600.72..33624.59 rows=9548 width=121)
	  Sort Key: c
	  ->  Bitmap Heap Scan on sbtest2  (cost=206.30..32969.55 rows=9548 width=121)
	        Recheck Cond: ((id >= 2586721) AND (id <= 2596720))
	        ->  Bitmap Index Scan on sbtest2_pkey  (cost=0.00..203.92 rows=9548 width=0)
	              Index Cond: ((id >= 2586721) AND (id <= 2596720))

table 3 : explain SELECT c FROM sbtest3 WHERE id BETWEEN 3380925 AND 3390924 ORDER BY c
	Sort  (cost=38682.65..38710.51 rows=11147 width=121)
	  Sort Key: c
	  ->  Bitmap Heap Scan on sbtest3  (cost=238.69..37933.33 rows=11147 width=121)
	        Recheck Cond: ((id >= 3380925) AND (id <= 3390924))
	        ->  Bitmap Index Scan on sbtest3_pkey  (cost=0.00..235.91 rows=11147 width=0)
	              Index Cond: ((id >= 3380925) AND (id <= 3390924))

table 4 : explain SELECT c FROM sbtest4 WHERE id BETWEEN 9616323 AND 9626322 ORDER BY c
	Sort  (cost=35383.08..35408.31 rows=10090 width=121)
	  Sort Key: c
	  ->  Bitmap Heap Scan on sbtest4  (cost=219.86..34712.06 rows=10090 width=121)
	        Recheck Cond: ((id >= 9616323) AND (id <= 9626322))
	        ->  Bitmap Index Scan on sbtest4_pkey  (cost=0.00..217.34 rows=10090 width=0)
	              Index Cond: ((id >= 9616323) AND (id <= 9626322))

table 5 : explain SELECT c FROM sbtest5 WHERE id BETWEEN 3620087 AND 3630086 ORDER BY c
	Sort  (cost=35000.09..35025.01 rows=9970 width=121)
	  Sort Key: c
	  ->  Bitmap Heap Scan on sbtest5  (cost=214.63..34337.91 rows=9970 width=121)
	        Recheck Cond: ((id >= 3620087) AND (id <= 3630086))
	        ->  Bitmap Index Scan on sbtest5_pkey  (cost=0.00..212.13 rows=9970 width=0)
	              Index Cond: ((id >= 3620087) AND (id <= 3630086))

table 6 : explain SELECT c FROM sbtest6 WHERE id BETWEEN 2125959 AND 2135958 ORDER BY c
	Sort  (cost=33264.53..33288.10 rows=9429 width=121)
	  Sort Key: c
	  ->  Bitmap Heap Scan on sbtest6  (cost=209.08..32642.08 rows=9429 width=121)
	        Recheck Cond: ((id >= 2125959) AND (id <= 2135958))
	        ->  Bitmap Index Scan on sbtest6_pkey  (cost=0.00..206.73 rows=9429 width=0)
	              Index Cond: ((id >= 2125959) AND (id <= 2135958))

table 7 : explain SELECT c FROM sbtest7 WHERE id BETWEEN 6518751 AND 6528750 ORDER BY c
	Sort  (cost=33708.09..33731.98 rows=9555 width=121)
	  Sort Key: c
	  ->  Bitmap Heap Scan on sbtest7  (cost=206.37..33076.41 rows=9555 width=121)
	        Recheck Cond: ((id >= 6518751) AND (id <= 6528750))
	        ->  Bitmap Index Scan on sbtest7_pkey  (cost=0.00..203.99 rows=9555 width=0)
	              Index Cond: ((id >= 6518751) AND (id <= 6528750))

table 8 : explain SELECT c FROM sbtest8 WHERE id BETWEEN 698746 AND 708745 ORDER BY c
	Sort  (cost=35263.29..35288.38 rows=10036 width=121)
	  Sort Key: c
	  ->  Bitmap Heap Scan on sbtest8  (cost=227.30..34596.25 rows=10036 width=121)
	        Recheck Cond: ((id >= 698746) AND (id <= 708745))
	        ->  Bitmap Index Scan on sbtest8_pkey  (cost=0.00..224.80 rows=10036 width=0)
	              Index Cond: ((id >= 698746) AND (id <= 708745))

for: order_ranges
table 1 : explain SELECT c FROM sbtest1 WHERE id BETWEEN 1436942 AND 1446941 ORDER BY c
	Sort  (cost=35597.37..35622.83 rows=10187 width=121)
	  Sort Key: c
	  ->  Bitmap Heap Scan on sbtest1  (cost=216.85..34919.19 rows=10187 width=121)
	        Recheck Cond: ((id >= 1436942) AND (id <= 1446941))
	        ->  Bitmap Index Scan on sbtest1_pkey  (cost=0.00..214.31 rows=10187 width=0)
	              Index Cond: ((id >= 1436942) AND (id <= 1446941))

table 2 : explain SELECT c FROM sbtest2 WHERE id BETWEEN 3533966 AND 3543965 ORDER BY c
	Sort  (cost=37095.51..37122.12 rows=10644 width=121)
	  Sort Key: c
	  ->  Bitmap Heap Scan on sbtest2  (cost=229.54..36383.55 rows=10644 width=121)
	        Recheck Cond: ((id >= 3533966) AND (id <= 3543965))
	        ->  Bitmap Index Scan on sbtest2_pkey  (cost=0.00..226.88 rows=10644 width=0)
	              Index Cond: ((id >= 3533966) AND (id <= 3543965))

table 3 : explain SELECT c FROM sbtest3 WHERE id BETWEEN 574718 AND 584717 ORDER BY c
	Sort  (cost=37373.69..37400.52 rows=10731 width=121)
	  Sort Key: c
	  ->  Bitmap Heap Scan on sbtest3  (cost=230.43..36655.27 rows=10731 width=121)
	        Recheck Cond: ((id >= 574718) AND (id <= 584717))
	        ->  Bitmap Index Scan on sbtest3_pkey  (cost=0.00..227.75 rows=10731 width=0)
	              Index Cond: ((id >= 574718) AND (id <= 584717))

table 4 : explain SELECT c FROM sbtest4 WHERE id BETWEEN 4736154 AND 4746153 ORDER BY c
	Sort  (cost=33645.64..33669.51 rows=9548 width=121)
	  Sort Key: c
	  ->  Bitmap Heap Scan on sbtest4  (cost=210.30..33014.47 rows=9548 width=121)
	        Recheck Cond: ((id >= 4736154) AND (id <= 4746153))
	        ->  Bitmap Index Scan on sbtest4_pkey  (cost=0.00..207.92 rows=9548 width=0)
	              Index Cond: ((id >= 4736154) AND (id <= 4746153))

table 5 : explain SELECT c FROM sbtest5 WHERE id BETWEEN 8624025 AND 8634024 ORDER BY c
	Sort  (cost=33618.05..33641.90 rows=9540 width=121)
	  Sort Key: c
	  ->  Bitmap Heap Scan on sbtest5  (cost=206.22..32987.46 rows=9540 width=121)
	        Recheck Cond: ((id >= 8624025) AND (id <= 8634024))
	        ->  Bitmap Index Scan on sbtest5_pkey  (cost=0.00..203.84 rows=9540 width=0)
	              Index Cond: ((id >= 8624025) AND (id <= 8634024))

table 6 : explain SELECT c FROM sbtest6 WHERE id BETWEEN 8750261 AND 8760260 ORDER BY c
	Sort  (cost=36097.58..36123.36 rows=10312 width=121)
	  Sort Key: c
	  ->  Bitmap Heap Scan on sbtest6  (cost=226.13..35410.18 rows=10312 width=121)
	        Recheck Cond: ((id >= 8750261) AND (id <= 8760260))
	        ->  Bitmap Index Scan on sbtest6_pkey  (cost=0.00..223.56 rows=10312 width=0)
	              Index Cond: ((id >= 8750261) AND (id <= 8760260))

table 7 : explain SELECT c FROM sbtest7 WHERE id BETWEEN 377706 AND 387705 ORDER BY c
	Sort  (cost=35781.93..35807.43 rows=10200 width=121)
	  Sort Key: c
	  ->  Bitmap Heap Scan on sbtest7  (cost=220.99..35102.80 rows=10200 width=121)
	        Recheck Cond: ((id >= 377706) AND (id <= 387705))
	        ->  Bitmap Index Scan on sbtest7_pkey  (cost=0.00..218.44 rows=10200 width=0)
	              Index Cond: ((id >= 377706) AND (id <= 387705))

table 8 : explain SELECT c FROM sbtest8 WHERE id BETWEEN 6334821 AND 6344820 ORDER BY c
	Sort  (cost=37027.29..37053.76 rows=10588 width=121)
	  Sort Key: c
	  ->  Bitmap Heap Scan on sbtest8  (cost=240.96..36319.47 rows=10588 width=121)
	        Recheck Cond: ((id >= 6334821) AND (id <= 6344820))
	        ->  Bitmap Index Scan on sbtest8_pkey  (cost=0.00..238.31 rows=10588 width=0)
	              Index Cond: ((id >= 6334821) AND (id <= 6344820))

for: sum_ranges
table 1 : explain SELECT SUM(k) FROM sbtest1 WHERE id BETWEEN 686408 AND 696407
	Aggregate  (cost=35815.15..35815.16 rows=1 width=8)
	  ->  Bitmap Heap Scan on sbtest1  (cost=223.73..35788.98 rows=10468 width=4)
	        Recheck Cond: ((id >= 686408) AND (id <= 696407))
	        ->  Bitmap Index Scan on sbtest1_pkey  (cost=0.00..221.12 rows=10468 width=0)
	              Index Cond: ((id >= 686408) AND (id <= 696407))

table 2 : explain SELECT SUM(k) FROM sbtest2 WHERE id BETWEEN 1014344 AND 1024343
	Aggregate  (cost=34936.70..34936.71 rows=1 width=8)
	  ->  Bitmap Heap Scan on sbtest2  (cost=216.68..34911.28 rows=10170 width=4)
	        Recheck Cond: ((id >= 1014344) AND (id <= 1024343))
	        ->  Bitmap Index Scan on sbtest2_pkey  (cost=0.00..214.13 rows=10170 width=0)
	              Index Cond: ((id >= 1014344) AND (id <= 1024343))

table 3 : explain SELECT SUM(k) FROM sbtest3 WHERE id BETWEEN 9622902 AND 9632901
	Aggregate  (cost=34670.73..34670.74 rows=1 width=8)
	  ->  Bitmap Heap Scan on sbtest3  (cost=215.79..34645.52 rows=10083 width=4)
	        Recheck Cond: ((id >= 9622902) AND (id <= 9632901))
	        ->  Bitmap Index Scan on sbtest3_pkey  (cost=0.00..213.26 rows=10083 width=0)
	              Index Cond: ((id >= 9622902) AND (id <= 9632901))

table 4 : explain SELECT SUM(k) FROM sbtest4 WHERE id BETWEEN 1646185 AND 1656184
	Aggregate  (cost=31323.85..31323.86 rows=1 width=8)
	  ->  Bitmap Heap Scan on sbtest4  (cost=196.76..31301.33 rows=9007 width=4)
	        Recheck Cond: ((id >= 1646185) AND (id <= 1656184))
	        ->  Bitmap Index Scan on sbtest4_pkey  (cost=0.00..194.50 rows=9007 width=0)
	              Index Cond: ((id >= 1646185) AND (id <= 1656184))

table 5 : explain SELECT SUM(k) FROM sbtest5 WHERE id BETWEEN 6352595 AND 6362594
	Aggregate  (cost=33069.61..33069.62 rows=1 width=8)
	  ->  Bitmap Heap Scan on sbtest5  (cost=206.40..33045.72 rows=9558 width=4)
	        Recheck Cond: ((id >= 6352595) AND (id <= 6362594))
	        ->  Bitmap Index Scan on sbtest5_pkey  (cost=0.00..204.01 rows=9558 width=0)
	              Index Cond: ((id >= 6352595) AND (id <= 6362594))

table 6 : explain SELECT SUM(k) FROM sbtest6 WHERE id BETWEEN 8115976 AND 8125975
	Aggregate  (cost=33384.93..33384.94 rows=1 width=8)
	  ->  Bitmap Heap Scan on sbtest6  (cost=211.42..33360.79 rows=9657 width=4)
	        Recheck Cond: ((id >= 8115976) AND (id <= 8125975))
	        ->  Bitmap Index Scan on sbtest6_pkey  (cost=0.00..209.00 rows=9657 width=0)
	              Index Cond: ((id >= 8115976) AND (id <= 8125975))

table 7 : explain SELECT SUM(k) FROM sbtest7 WHERE id BETWEEN 3801669 AND 3811668
	Aggregate  (cost=36573.76..36573.77 rows=1 width=8)
	  ->  Bitmap Heap Scan on sbtest7  (cost=229.75..36547.10 rows=10665 width=4)
	        Recheck Cond: ((id >= 3801669) AND (id <= 3811668))
	        ->  Bitmap Index Scan on sbtest7_pkey  (cost=0.00..227.09 rows=10665 width=0)
	              Index Cond: ((id >= 3801669) AND (id <= 3811668))

table 8 : explain SELECT SUM(k) FROM sbtest8 WHERE id BETWEEN 394169 AND 404168
	Aggregate  (cost=31839.91..31839.92 rows=1 width=8)
	  ->  Bitmap Heap Scan on sbtest8  (cost=206.28..31817.02 rows=9156 width=4)
	        Recheck Cond: ((id >= 394169) AND (id <= 404168))
	        ->  Bitmap Index Scan on sbtest8_pkey  (cost=0.00..204.00 rows=9156 width=0)
	              Index Cond: ((id >= 394169) AND (id <= 404168))

for: sum_ranges
table 1 : explain SELECT SUM(k) FROM sbtest1 WHERE id BETWEEN 9522049 AND 9532048
	Aggregate  (cost=31068.75..31068.76 rows=1 width=8)
	  ->  Bitmap Heap Scan on sbtest1  (cost=192.18..31046.37 rows=8951 width=4)
	        Recheck Cond: ((id >= 9522049) AND (id <= 9532048))
	        ->  Bitmap Index Scan on sbtest1_pkey  (cost=0.00..189.94 rows=8951 width=0)
	              Index Cond: ((id >= 9522049) AND (id <= 9532048))

table 2 : explain SELECT SUM(k) FROM sbtest2 WHERE id BETWEEN 9438162 AND 9448161
	Aggregate  (cost=37436.25..37436.26 rows=1 width=8)
	  ->  Bitmap Heap Scan on sbtest2  (cost=236.95..37408.81 rows=10977 width=4)
	        Recheck Cond: ((id >= 9438162) AND (id <= 9448161))
	        ->  Bitmap Index Scan on sbtest2_pkey  (cost=0.00..234.20 rows=10977 width=0)
	              Index Cond: ((id >= 9438162) AND (id <= 9448161))

table 3 : explain SELECT SUM(k) FROM sbtest3 WHERE id BETWEEN 4748152 AND 4758151
	Aggregate  (cost=34461.81..34461.82 rows=1 width=8)
	  ->  Bitmap Heap Scan on sbtest3  (cost=215.10..34436.77 rows=10016 width=4)
	        Recheck Cond: ((id >= 4748152) AND (id <= 4758151))
	        ->  Bitmap Index Scan on sbtest3_pkey  (cost=0.00..212.59 rows=10016 width=0)
	              Index Cond: ((id >= 4748152) AND (id <= 4758151))

table 4 : explain SELECT SUM(k) FROM sbtest4 WHERE id BETWEEN 5816760 AND 5826759
	Aggregate  (cost=31173.77..31173.78 rows=1 width=8)
	  ->  Bitmap Heap Scan on sbtest4  (cost=196.28..31151.37 rows=8960 width=4)
	        Recheck Cond: ((id >= 5816760) AND (id <= 5826759))
	        ->  Bitmap Index Scan on sbtest4_pkey  (cost=0.00..194.04 rows=8960 width=0)
	              Index Cond: ((id >= 5816760) AND (id <= 5826759))

table 5 : explain SELECT SUM(k) FROM sbtest5 WHERE id BETWEEN 1244987 AND 1254986
	Aggregate  (cost=34488.52..34488.53 rows=1 width=8)
	  ->  Bitmap Heap Scan on sbtest5  (cost=215.05..34463.49 rows=10011 width=4)
	        Recheck Cond: ((id >= 1244987) AND (id <= 1254986))
	        ->  Bitmap Index Scan on sbtest5_pkey  (cost=0.00..212.55 rows=10011 width=0)
	              Index Cond: ((id >= 1244987) AND (id <= 1254986))

table 6 : explain SELECT SUM(k) FROM sbtest6 WHERE id BETWEEN 7963780 AND 7973779
	Aggregate  (cost=33585.45..33585.46 rows=1 width=8)
	  ->  Bitmap Heap Scan on sbtest6  (cost=212.08..33561.15 rows=9721 width=4)
	        Recheck Cond: ((id >= 7963780) AND (id <= 7973779))
	        ->  Bitmap Index Scan on sbtest6_pkey  (cost=0.00..209.65 rows=9721 width=0)
	              Index Cond: ((id >= 7963780) AND (id <= 7973779))

table 7 : explain SELECT SUM(k) FROM sbtest7 WHERE id BETWEEN 2833556 AND 2843555
	Aggregate  (cost=34986.62..34986.63 rows=1 width=8)
	  ->  Bitmap Heap Scan on sbtest7  (cost=220.52..34961.24 rows=10155 width=4)
	        Recheck Cond: ((id >= 2833556) AND (id <= 2843555))
	        ->  Bitmap Index Scan on sbtest7_pkey  (cost=0.00..217.99 rows=10155 width=0)
	              Index Cond: ((id >= 2833556) AND (id <= 2843555))

table 8 : explain SELECT SUM(k) FROM sbtest8 WHERE id BETWEEN 9243237 AND 9253236
	Aggregate  (cost=31748.58..31748.59 rows=1 width=8)
	  ->  Bitmap Heap Scan on sbtest8  (cost=205.99..31725.77 rows=9127 width=4)
	        Recheck Cond: ((id >= 9243237) AND (id <= 9253236))
	        ->  Bitmap Index Scan on sbtest8_pkey  (cost=0.00..203.70 rows=9127 width=0)
	              Index Cond: ((id >= 9243237) AND (id <= 9253236))

for: simple_ranges
table 1 : explain SELECT c FROM sbtest1 WHERE id BETWEEN 2945665 AND 2955664
	Bitmap Heap Scan on sbtest1  (cost=198.42..31735.39 rows=9169 width=121)
	  Recheck Cond: ((id >= 2945665) AND (id <= 2955664))
	  ->  Bitmap Index Scan on sbtest1_pkey  (cost=0.00..196.12 rows=9169 width=0)
	        Index Cond: ((id >= 2945665) AND (id <= 2955664))

table 2 : explain SELECT c FROM sbtest2 WHERE id BETWEEN 7312955 AND 7322954
	Bitmap Heap Scan on sbtest2  (cost=216.31..34799.04 rows=10134 width=121)
	  Recheck Cond: ((id >= 7312955) AND (id <= 7322954))
	  ->  Bitmap Index Scan on sbtest2_pkey  (cost=0.00..213.78 rows=10134 width=0)
	        Index Cond: ((id >= 7312955) AND (id <= 7322954))

table 3 : explain SELECT c FROM sbtest3 WHERE id BETWEEN 4075383 AND 4085382
	Bitmap Heap Scan on sbtest3  (cost=200.42..32389.81 rows=9364 width=121)
	  Recheck Cond: ((id >= 4075383) AND (id <= 4085382))
	  ->  Bitmap Index Scan on sbtest3_pkey  (cost=0.00..198.07 rows=9364 width=0)
	        Index Cond: ((id >= 4075383) AND (id <= 4085382))

table 4 : explain SELECT c FROM sbtest4 WHERE id BETWEEN 1093774 AND 1103773
	Bitmap Heap Scan on sbtest4  (cost=203.83..32251.92 rows=9307 width=121)
	  Recheck Cond: ((id >= 1093774) AND (id <= 1103773))
	  ->  Bitmap Index Scan on sbtest4_pkey  (cost=0.00..201.50 rows=9307 width=0)
	        Index Cond: ((id >= 1093774) AND (id <= 1103773))

table 5 : explain SELECT c FROM sbtest5 WHERE id BETWEEN 5341334 AND 5351333
	Bitmap Heap Scan on sbtest5  (cost=198.14..31730.61 rows=9142 width=121)
	  Recheck Cond: ((id >= 5341334) AND (id <= 5351333))
	  ->  Bitmap Index Scan on sbtest5_pkey  (cost=0.00..195.86 rows=9142 width=0)
	        Index Cond: ((id >= 5341334) AND (id <= 5351333))

table 6 : explain SELECT c FROM sbtest6 WHERE id BETWEEN 1770973 AND 1780972
	Bitmap Heap Scan on sbtest6  (cost=218.47..34294.16 rows=9955 width=121)
	  Recheck Cond: ((id >= 1770973) AND (id <= 1780972))
	  ->  Bitmap Index Scan on sbtest6_pkey  (cost=0.00..215.99 rows=9955 width=0)
	        Index Cond: ((id >= 1770973) AND (id <= 1780972))

table 7 : explain SELECT c FROM sbtest7 WHERE id BETWEEN 6194111 AND 6204110
	Bitmap Heap Scan on sbtest7  (cost=197.26..31494.99 rows=9056 width=121)
	  Recheck Cond: ((id >= 6194111) AND (id <= 6204110))
	  ->  Bitmap Index Scan on sbtest7_pkey  (cost=0.00..195.00 rows=9056 width=0)
	        Index Cond: ((id >= 6194111) AND (id <= 6204110))

table 8 : explain SELECT c FROM sbtest8 WHERE id BETWEEN 6927501 AND 6937500
	Bitmap Heap Scan on sbtest8  (cost=218.65..33170.28 rows=9582 width=121)
	  Recheck Cond: ((id >= 6927501) AND (id <= 6937500))
	  ->  Bitmap Index Scan on sbtest8_pkey  (cost=0.00..216.25 rows=9582 width=0)
	        Index Cond: ((id >= 6927501) AND (id <= 6937500))

for: distinct_ranges
table 1 : explain SELECT DISTINCT c FROM sbtest1 WHERE id BETWEEN 7677136 AND 7687135 ORDER BY c
	Unique  (cost=34335.46..34384.41 rows=9791 width=121)
	  ->  Sort  (cost=34335.46..34359.94 rows=9791 width=121)
	        Sort Key: c
	        ->  Bitmap Heap Scan on sbtest1  (cost=208.79..33686.45 rows=9791 width=121)
	              Recheck Cond: ((id >= 7677136) AND (id <= 7687135))
	              ->  Bitmap Index Scan on sbtest1_pkey  (cost=0.00..206.34 rows=9791 width=0)
	                    Index Cond: ((id >= 7677136) AND (id <= 7687135))

table 2 : explain SELECT DISTINCT c FROM sbtest2 WHERE id BETWEEN 8053480 AND 8063479 ORDER BY c
	Unique  (cost=35046.07..35096.07 rows=10000 width=121)
	  ->  Sort  (cost=35046.07..35071.07 rows=10000 width=121)
	        Sort Key: c
	        ->  Bitmap Heap Scan on sbtest2  (cost=214.94..34381.68 rows=10000 width=121)
	              Recheck Cond: ((id >= 8053480) AND (id <= 8063479))
	              ->  Bitmap Index Scan on sbtest2_pkey  (cost=0.00..212.44 rows=10000 width=0)
	                    Index Cond: ((id >= 8053480) AND (id <= 8063479))

table 3 : explain SELECT DISTINCT c FROM sbtest3 WHERE id BETWEEN 5485758 AND 5495757 ORDER BY c
	Unique  (cost=36599.56..36651.99 rows=10486 width=121)
	  ->  Sort  (cost=36599.56..36625.78 rows=10486 width=121)
	        Sort Key: c
	        ->  Bitmap Heap Scan on sbtest3  (cost=227.92..35899.30 rows=10486 width=121)
	              Recheck Cond: ((id >= 5485758) AND (id <= 5495757))
	              ->  Bitmap Index Scan on sbtest3_pkey  (cost=0.00..225.30 rows=10486 width=0)
	                    Index Cond: ((id >= 5485758) AND (id <= 5495757))

table 4 : explain SELECT DISTINCT c FROM sbtest4 WHERE id BETWEEN 7040432 AND 7050431 ORDER BY c
	Unique  (cost=36654.56..36707.00 rows=10489 width=121)
	  ->  Sort  (cost=36654.56..36680.78 rows=10489 width=121)
	        Sort Key: c
	        ->  Bitmap Heap Scan on sbtest4  (cost=227.95..35954.07 rows=10489 width=121)
	              Recheck Cond: ((id >= 7040432) AND (id <= 7050431))
	              ->  Bitmap Index Scan on sbtest4_pkey  (cost=0.00..225.32 rows=10489 width=0)
	                    Index Cond: ((id >= 7040432) AND (id <= 7050431))

table 5 : explain SELECT DISTINCT c FROM sbtest5 WHERE id BETWEEN 5820361 AND 5830360 ORDER BY c
	Unique  (cost=34980.33..35030.15 rows=9964 width=121)
	  ->  Sort  (cost=34980.33..35005.24 rows=9964 width=121)
	        Sort Key: c
	        ->  Bitmap Heap Scan on sbtest5  (cost=214.57..34318.59 rows=9964 width=121)
	              Recheck Cond: ((id >= 5820361) AND (id <= 5830360))
	              ->  Bitmap Index Scan on sbtest5_pkey  (cost=0.00..212.07 rows=9964 width=0)
	                    Index Cond: ((id >= 5820361) AND (id <= 5830360))

table 6 : explain SELECT DISTINCT c FROM sbtest6 WHERE id BETWEEN 4304755 AND 4314754 ORDER BY c
	Unique  (cost=34364.40..34413.25 rows=9770 width=121)
	  ->  Sort  (cost=34364.40..34388.83 rows=9770 width=121)
	        Sort Key: c
	        ->  Bitmap Heap Scan on sbtest6  (cost=216.58..33716.94 rows=9770 width=121)
	              Recheck Cond: ((id >= 4304755) AND (id <= 4314754))
	              ->  Bitmap Index Scan on sbtest6_pkey  (cost=0.00..214.13 rows=9770 width=0)
	                    Index Cond: ((id >= 4304755) AND (id <= 4314754))

table 7 : explain SELECT DISTINCT c FROM sbtest7 WHERE id BETWEEN 8837885 AND 8847884 ORDER BY c
	Unique  (cost=37267.17..37320.50 rows=10667 width=121)
	  ->  Sort  (cost=37267.17..37293.83 rows=10667 width=121)
	        Sort Key: c
	        ->  Bitmap Heap Scan on sbtest7  (cost=229.77..36553.50 rows=10667 width=121)
	              Recheck Cond: ((id >= 8837885) AND (id <= 8847884))
	              ->  Bitmap Index Scan on sbtest7_pkey  (cost=0.00..227.11 rows=10667 width=0)
	                    Index Cond: ((id >= 8837885) AND (id <= 8847884))

table 8 : explain SELECT DISTINCT c FROM sbtest8 WHERE id BETWEEN 8152324 AND 8162323 ORDER BY c
	Unique  (cost=38479.72..38534.95 rows=11047 width=121)
	  ->  Sort  (cost=38479.72..38507.34 rows=11047 width=121)
	        Sort Key: c
	        ->  Bitmap Heap Scan on sbtest8  (cost=249.67..37737.84 rows=11047 width=121)
	              Recheck Cond: ((id >= 8152324) AND (id <= 8162323))
	              ->  Bitmap Index Scan on sbtest8_pkey  (cost=0.00..246.91 rows=11047 width=0)
	                    Index Cond: ((id >= 8152324) AND (id <= 8162323))

for: distinct_ranges
table 1 : explain SELECT DISTINCT c FROM sbtest1 WHERE id BETWEEN 3335072 AND 3345071 ORDER BY c
	Unique  (cost=39102.46..39158.95 rows=11299 width=121)
	  ->  Sort  (cost=39102.46..39130.70 rows=11299 width=121)
	        Sort Key: c
	        ->  Bitmap Heap Scan on sbtest1  (cost=240.25..38341.81 rows=11299 width=121)
	              Recheck Cond: ((id >= 3335072) AND (id <= 3345071))
	              ->  Bitmap Index Scan on sbtest1_pkey  (cost=0.00..237.43 rows=11299 width=0)
	                    Index Cond: ((id >= 3335072) AND (id <= 3345071))

table 2 : explain SELECT DISTINCT c FROM sbtest2 WHERE id BETWEEN 5458181 AND 5468180 ORDER BY c
	Unique  (cost=34277.84..34326.64 rows=9760 width=121)
	  ->  Sort  (cost=34277.84..34302.24 rows=9760 width=121)
	        Sort Key: c
	        ->  Bitmap Heap Scan on sbtest2  (cost=208.48..33631.11 rows=9760 width=121)
	              Recheck Cond: ((id >= 5458181) AND (id <= 5468180))
	              ->  Bitmap Index Scan on sbtest2_pkey  (cost=0.00..206.04 rows=9760 width=0)
	                    Index Cond: ((id >= 5458181) AND (id <= 5468180))

table 3 : explain SELECT DISTINCT c FROM sbtest3 WHERE id BETWEEN 4792359 AND 4802358 ORDER BY c
	Unique  (cost=32160.82..32206.32 rows=9101 width=121)
	  ->  Sort  (cost=32160.82..32183.57 rows=9101 width=121)
	        Sort Key: c
	        ->  Bitmap Heap Scan on sbtest3  (cost=197.72..31562.35 rows=9101 width=121)
	              Recheck Cond: ((id >= 4792359) AND (id <= 4802358))
	              ->  Bitmap Index Scan on sbtest3_pkey  (cost=0.00..195.44 rows=9101 width=0)
	                    Index Cond: ((id >= 4792359) AND (id <= 4802358))

table 4 : explain SELECT DISTINCT c FROM sbtest4 WHERE id BETWEEN 3074133 AND 3084132 ORDER BY c
	Unique  (cost=33715.22..33763.07 rows=9570 width=121)
	  ->  Sort  (cost=33715.22..33739.15 rows=9570 width=121)
	        Sort Key: c
	        ->  Bitmap Heap Scan on sbtest4  (cost=210.53..33082.44 rows=9570 width=121)
	              Recheck Cond: ((id >= 3074133) AND (id <= 3084132))
	              ->  Bitmap Index Scan on sbtest4_pkey  (cost=0.00..208.13 rows=9570 width=0)
	                    Index Cond: ((id >= 3074133) AND (id <= 3084132))

table 5 : explain SELECT DISTINCT c FROM sbtest5 WHERE id BETWEEN 4234262 AND 4244261 ORDER BY c
	Unique  (cost=34657.09..34706.40 rows=9863 width=121)
	  ->  Sort  (cost=34657.09..34681.75 rows=9863 width=121)
	        Sort Key: c
	        ->  Bitmap Heap Scan on sbtest5  (cost=213.53..34002.79 rows=9863 width=121)
	              Recheck Cond: ((id >= 4234262) AND (id <= 4244261))
	              ->  Bitmap Index Scan on sbtest5_pkey  (cost=0.00..211.06 rows=9863 width=0)
	                    Index Cond: ((id >= 4234262) AND (id <= 4244261))

table 6 : explain SELECT DISTINCT c FROM sbtest6 WHERE id BETWEEN 3901136 AND 3911135 ORDER BY c
	Unique  (cost=39285.97..39342.57 rows=11320 width=121)
	  ->  Sort  (cost=39285.97..39314.27 rows=11320 width=121)
	        Sort Key: c
	        ->  Bitmap Heap Scan on sbtest6  (cost=248.47..38523.76 rows=11320 width=121)
	              Recheck Cond: ((id >= 3901136) AND (id <= 3911135))
	              ->  Bitmap Index Scan on sbtest6_pkey  (cost=0.00..245.63 rows=11320 width=0)
	                    Index Cond: ((id >= 3901136) AND (id <= 3911135))

table 7 : explain SELECT DISTINCT c FROM sbtest7 WHERE id BETWEEN 8224862 AND 8234861 ORDER BY c
	Unique  (cost=37333.33..37386.76 rows=10686 width=121)
	  ->  Sort  (cost=37333.33..37360.04 rows=10686 width=121)
	        Sort Key: c
	        ->  Bitmap Heap Scan on sbtest7  (cost=233.97..36618.25 rows=10686 width=121)
	              Recheck Cond: ((id >= 8224862) AND (id <= 8234861))
	              ->  Bitmap Index Scan on sbtest7_pkey  (cost=0.00..231.30 rows=10686 width=0)
	                    Index Cond: ((id >= 8224862) AND (id <= 8234861))

table 8 : explain SELECT DISTINCT c FROM sbtest8 WHERE id BETWEEN 4084416 AND 4094415 ORDER BY c
	Unique  (cost=35147.82..35197.82 rows=10000 width=121)
	  ->  Sort  (cost=35147.82..35172.82 rows=10000 width=121)
	        Sort Key: c
	        ->  Bitmap Heap Scan on sbtest8  (cost=226.94..34483.43 rows=10000 width=121)
	              Recheck Cond: ((id >= 4084416) AND (id <= 4094415))
	              ->  Bitmap Index Scan on sbtest8_pkey  (cost=0.00..224.44 rows=10000 width=0)
	                    Index Cond: ((id >= 4084416) AND (id <= 4094415))

for: simple_ranges
table 1 : explain SELECT c FROM sbtest1 WHERE id BETWEEN 1583603 AND 1593602
	Bitmap Heap Scan on sbtest1  (cost=222.46..35409.15 rows=10344 width=121)
	  Recheck Cond: ((id >= 1583603) AND (id <= 1593602))
	  ->  Bitmap Index Scan on sbtest1_pkey  (cost=0.00..219.88 rows=10344 width=0)
	        Index Cond: ((id >= 1583603) AND (id <= 1593602))

table 2 : explain SELECT c FROM sbtest2 WHERE id BETWEEN 779574 AND 789573
	Bitmap Heap Scan on sbtest2  (cost=208.54..33650.44 rows=9766 width=121)
	  Recheck Cond: ((id >= 779574) AND (id <= 789573))
	  ->  Bitmap Index Scan on sbtest2_pkey  (cost=0.00..206.09 rows=9766 width=0)
	        Index Cond: ((id >= 779574) AND (id <= 789573))

table 3 : explain SELECT c FROM sbtest3 WHERE id BETWEEN 8854932 AND 8864931
	Bitmap Heap Scan on sbtest3  (cost=244.76..38554.59 rows=11349 width=121)
	  Recheck Cond: ((id >= 8854932) AND (id <= 8864931))
	  ->  Bitmap Index Scan on sbtest3_pkey  (cost=0.00..241.93 rows=11349 width=0)
	        Index Cond: ((id >= 8854932) AND (id <= 8864931))

table 4 : explain SELECT c FROM sbtest4 WHERE id BETWEEN 6295281 AND 6305280
	Bitmap Heap Scan on sbtest4  (cost=204.44..32436.91 rows=9366 width=121)
	  Recheck Cond: ((id >= 6295281) AND (id <= 6305280))
	  ->  Bitmap Index Scan on sbtest4_pkey  (cost=0.00..202.09 rows=9366 width=0)
	        Index Cond: ((id >= 6295281) AND (id <= 6305280))

table 5 : explain SELECT c FROM sbtest5 WHERE id BETWEEN 2858669 AND 2868668
	Bitmap Heap Scan on sbtest5  (cost=198.79..31929.02 rows=9205 width=121)
	  Recheck Cond: ((id >= 2858669) AND (id <= 2868668))
	  ->  Bitmap Index Scan on sbtest5_pkey  (cost=0.00..196.49 rows=9205 width=0)
	        Index Cond: ((id >= 2858669) AND (id <= 2868668))

table 6 : explain SELECT c FROM sbtest6 WHERE id BETWEEN 9528469 AND 9538468
	Bitmap Heap Scan on sbtest6  (cost=217.67..34052.46 rows=9877 width=121)
	  Recheck Cond: ((id >= 9528469) AND (id <= 9538468))
	  ->  Bitmap Index Scan on sbtest6_pkey  (cost=0.00..215.20 rows=9877 width=0)
	        Index Cond: ((id >= 9528469) AND (id <= 9538468))

table 7 : explain SELECT c FROM sbtest7 WHERE id BETWEEN 2747480 AND 2757479
	Bitmap Heap Scan on sbtest7  (cost=219.46..34635.97 rows=10051 width=121)
	  Recheck Cond: ((id >= 2747480) AND (id <= 2757479))
	  ->  Bitmap Index Scan on sbtest7_pkey  (cost=0.00..216.94 rows=10051 width=0)
	        Index Cond: ((id >= 2747480) AND (id <= 2757479))

table 8 : explain SELECT c FROM sbtest8 WHERE id BETWEEN 6568176 AND 6578175
	Bitmap Heap Scan on sbtest8  (cost=221.64..34085.78 rows=9874 width=121)
	  Recheck Cond: ((id >= 6568176) AND (id <= 6578175))
	  ->  Bitmap Index Scan on sbtest8_pkey  (cost=0.00..219.18 rows=9874 width=0)
	        Index Cond: ((id >= 6568176) AND (id <= 6578175))

for: order_ranges
table 1 : explain SELECT c FROM sbtest1 WHERE id BETWEEN 71372 AND 81371 ORDER BY c
	Sort  (cost=34203.77..34228.15 rows=9750 width=121)
	  Sort Key: c
	  ->  Bitmap Heap Scan on sbtest1  (cost=208.37..33557.78 rows=9750 width=121)
	        Recheck Cond: ((id >= 71372) AND (id <= 81371))
	        ->  Bitmap Index Scan on sbtest1_pkey  (cost=0.00..205.94 rows=9750 width=0)
	              Index Cond: ((id >= 71372) AND (id <= 81371))

table 2 : explain SELECT c FROM sbtest2 WHERE id BETWEEN 7596665 AND 7606664 ORDER BY c
	Sort  (cost=38119.50..38146.92 rows=10969 width=121)
	  Sort Key: c
	  ->  Bitmap Heap Scan on sbtest2  (cost=236.87..37383.42 rows=10969 width=121)
	        Recheck Cond: ((id >= 7596665) AND (id <= 7606664))
	        ->  Bitmap Index Scan on sbtest2_pkey  (cost=0.00..234.12 rows=10969 width=0)
	              Index Cond: ((id >= 7596665) AND (id <= 7606664))

table 3 : explain SELECT c FROM sbtest3 WHERE id BETWEEN 2766202 AND 2776201 ORDER BY c
	Sort  (cost=35286.48..35311.66 rows=10074 width=121)
	  Sort Key: c
	  ->  Bitmap Heap Scan on sbtest3  (cost=215.69..34616.64 rows=10074 width=121)
	        Recheck Cond: ((id >= 2766202) AND (id <= 2776201))
	        ->  Bitmap Index Scan on sbtest3_pkey  (cost=0.00..213.18 rows=10074 width=0)
	              Index Cond: ((id >= 2766202) AND (id <= 2776201))

table 4 : explain SELECT c FROM sbtest4 WHERE id BETWEEN 5171057 AND 5181056 ORDER BY c
	Sort  (cost=34816.46..34841.24 rows=9913 width=121)
	  Sort Key: c
	  ->  Bitmap Heap Scan on sbtest4  (cost=218.04..34158.48 rows=9913 width=121)
	        Recheck Cond: ((id >= 5171057) AND (id <= 5181056))
	        ->  Bitmap Index Scan on sbtest4_pkey  (cost=0.00..215.56 rows=9913 width=0)
	              Index Cond: ((id >= 5171057) AND (id <= 5181056))

table 5 : explain SELECT c FROM sbtest5 WHERE id BETWEEN 5370128 AND 5380127 ORDER BY c
	Sort  (cost=32332.08..32354.93 rows=9142 width=121)
	  Sort Key: c
	  ->  Bitmap Heap Scan on sbtest5  (cost=198.14..31730.61 rows=9142 width=121)
	        Recheck Cond: ((id >= 5370128) AND (id <= 5380127))
	        ->  Bitmap Index Scan on sbtest5_pkey  (cost=0.00..195.86 rows=9142 width=0)
	              Index Cond: ((id >= 5370128) AND (id <= 5380127))

table 6 : explain SELECT c FROM sbtest6 WHERE id BETWEEN 1269860 AND 1279859 ORDER BY c
	Sort  (cost=34224.93..34249.25 rows=9728 width=121)
	  Sort Key: c
	  ->  Bitmap Heap Scan on sbtest6  (cost=212.15..33580.55 rows=9728 width=121)
	        Recheck Cond: ((id >= 1269860) AND (id <= 1279859))
	        ->  Bitmap Index Scan on sbtest6_pkey  (cost=0.00..209.72 rows=9728 width=0)
	              Index Cond: ((id >= 1269860) AND (id <= 1279859))

table 7 : explain SELECT c FROM sbtest7 WHERE id BETWEEN 3926384 AND 3936383 ORDER BY c
	Sort  (cost=33103.62..33127.04 rows=9368 width=121)
	  Sort Key: c
	  ->  Bitmap Heap Scan on sbtest7  (cost=204.46..32485.64 rows=9368 width=121)
	        Recheck Cond: ((id >= 3926384) AND (id <= 3936383))
	        ->  Bitmap Index Scan on sbtest7_pkey  (cost=0.00..202.12 rows=9368 width=0)
	              Index Cond: ((id >= 3926384) AND (id <= 3936383))

table 8 : explain SELECT c FROM sbtest8 WHERE id BETWEEN 1307387 AND 1317386 ORDER BY c
	Sort  (cost=33189.10..33212.58 rows=9393 width=121)
	  Sort Key: c
	  ->  Bitmap Heap Scan on sbtest8  (cost=212.71..32569.29 rows=9393 width=121)
	        Recheck Cond: ((id >= 1307387) AND (id <= 1317386))
	        ->  Bitmap Index Scan on sbtest8_pkey  (cost=0.00..210.37 rows=9393 width=0)
	              Index Cond: ((id >= 1307387) AND (id <= 1317386))

for: order_ranges
table 1 : explain SELECT c FROM sbtest1 WHERE id BETWEEN 6027708 AND 6037707 ORDER BY c
	Sort  (cost=34849.23..34874.11 rows=9951 width=121)
	  Sort Key: c
	  ->  Bitmap Heap Scan on sbtest1  (cost=214.43..34188.45 rows=9951 width=121)
	        Recheck Cond: ((id >= 6027708) AND (id <= 6037707))
	        ->  Bitmap Index Scan on sbtest1_pkey  (cost=0.00..211.94 rows=9951 width=0)
	              Index Cond: ((id >= 6027708) AND (id <= 6037707))

table 2 : explain SELECT c FROM sbtest2 WHERE id BETWEEN 1283985 AND 1293984 ORDER BY c
	Sort  (cost=33375.07..33398.76 rows=9479 width=121)
	  Sort Key: c
	  ->  Bitmap Heap Scan on sbtest2  (cost=201.59..32748.95 rows=9479 width=121)
	        Recheck Cond: ((id >= 1283985) AND (id <= 1293984))
	        ->  Bitmap Index Scan on sbtest2_pkey  (cost=0.00..199.23 rows=9479 width=0)
	              Index Cond: ((id >= 1283985) AND (id <= 1293984))

table 3 : explain SELECT c FROM sbtest3 WHERE id BETWEEN 1570258 AND 1580257 ORDER BY c
	Sort  (cost=35033.22..35058.21 rows=9994 width=121)
	  Sort Key: c
	  ->  Bitmap Heap Scan on sbtest3  (cost=214.87..34369.28 rows=9994 width=121)
	        Recheck Cond: ((id >= 1570258) AND (id <= 1580257))
	        ->  Bitmap Index Scan on sbtest3_pkey  (cost=0.00..212.38 rows=9994 width=0)
	              Index Cond: ((id >= 1570258) AND (id <= 1580257))

table 4 : explain SELECT c FROM sbtest4 WHERE id BETWEEN 4879095 AND 4889094 ORDER BY c
	Sort  (cost=30749.53..30771.17 rows=8656 width=121)
	  Sort Key: c
	  ->  Bitmap Heap Scan on sbtest4  (cost=189.16..30183.45 rows=8656 width=121)
	        Recheck Cond: ((id >= 4879095) AND (id <= 4889094))
	        ->  Bitmap Index Scan on sbtest4_pkey  (cost=0.00..187.00 rows=8656 width=0)
	              Index Cond: ((id >= 4879095) AND (id <= 4889094))

table 5 : explain SELECT c FROM sbtest5 WHERE id BETWEEN 2023346 AND 2033345 ORDER BY c
	Sort  (cost=34491.97..34516.50 rows=9811 width=121)
	  Sort Key: c
	  ->  Bitmap Heap Scan on sbtest5  (cost=213.00..33841.50 rows=9811 width=121)
	        Recheck Cond: ((id >= 2023346) AND (id <= 2033345))
	        ->  Bitmap Index Scan on sbtest5_pkey  (cost=0.00..210.55 rows=9811 width=0)
	              Index Cond: ((id >= 2023346) AND (id <= 2033345))

table 6 : explain SELECT c FROM sbtest6 WHERE id BETWEEN 2385740 AND 2395739 ORDER BY c
	Sort  (cost=37824.02..37851.16 rows=10856 width=121)
	  Sort Key: c
	  ->  Bitmap Heap Scan on sbtest6  (cost=239.71..37096.34 rows=10856 width=121)
	        Recheck Cond: ((id >= 2385740) AND (id <= 2395739))
	        ->  Bitmap Index Scan on sbtest6_pkey  (cost=0.00..237.00 rows=10856 width=0)
	              Index Cond: ((id >= 2385740) AND (id <= 2395739))

table 7 : explain SELECT c FROM sbtest7 WHERE id BETWEEN 2712913 AND 2722912 ORDER BY c
	Sort  (cost=35304.11..35329.24 rows=10051 width=121)
	  Sort Key: c
	  ->  Bitmap Heap Scan on sbtest7  (cost=219.46..34635.97 rows=10051 width=121)
	        Recheck Cond: ((id >= 2712913) AND (id <= 2722912))
	        ->  Bitmap Index Scan on sbtest7_pkey  (cost=0.00..216.94 rows=10051 width=0)
	              Index Cond: ((id >= 2712913) AND (id <= 2722912))

table 8 : explain SELECT c FROM sbtest8 WHERE id BETWEEN 2765175 AND 2775174 ORDER BY c
	Sort  (cost=37816.23..37843.32 rows=10838 width=121)
	  Sort Key: c
	  ->  Bitmap Heap Scan on sbtest8  (cost=243.52..37089.87 rows=10838 width=121)
	        Recheck Cond: ((id >= 2765175) AND (id <= 2775174))
	        ->  Bitmap Index Scan on sbtest8_pkey  (cost=0.00..240.81 rows=10838 width=0)
	              Index Cond: ((id >= 2765175) AND (id <= 2775174))

for: sum_ranges
table 1 : explain SELECT SUM(k) FROM sbtest1 WHERE id BETWEEN 7361012 AND 7371011
	Aggregate  (cost=34630.59..34630.60 rows=1 width=8)
	  ->  Bitmap Heap Scan on sbtest1  (cost=215.82..34605.38 rows=10086 width=4)
	        Recheck Cond: ((id >= 7361012) AND (id <= 7371011))
	        ->  Bitmap Index Scan on sbtest1_pkey  (cost=0.00..213.30 rows=10086 width=0)
	              Index Cond: ((id >= 7361012) AND (id <= 7371011))

table 2 : explain SELECT SUM(k) FROM sbtest2 WHERE id BETWEEN 9515590 AND 9525589
	Aggregate  (cost=36228.24..36228.25 rows=1 width=8)
	  ->  Bitmap Heap Scan on sbtest2  (cost=228.93..36201.77 rows=10585 width=4)
	        Recheck Cond: ((id >= 9515590) AND (id <= 9525589))
	        ->  Bitmap Index Scan on sbtest2_pkey  (cost=0.00..226.29 rows=10585 width=0)
	              Index Cond: ((id >= 9515590) AND (id <= 9525589))

table 3 : explain SELECT SUM(k) FROM sbtest3 WHERE id BETWEEN 6954032 AND 6964031
	Aggregate  (cost=32435.91..32435.92 rows=1 width=8)
	  ->  Bitmap Heap Scan on sbtest3  (cost=200.49..32412.48 rows=9371 width=4)
	        Recheck Cond: ((id >= 6954032) AND (id <= 6964031))
	        ->  Bitmap Index Scan on sbtest3_pkey  (cost=0.00..198.15 rows=9371 width=0)
	              Index Cond: ((id >= 6954032) AND (id <= 6964031))

table 4 : explain SELECT SUM(k) FROM sbtest4 WHERE id BETWEEN 1134812 AND 1144811
	Aggregate  (cost=33106.37..33106.38 rows=1 width=8)
	  ->  Bitmap Heap Scan on sbtest4  (cost=210.53..33082.44 rows=9570 width=4)
	        Recheck Cond: ((id >= 1134812) AND (id <= 1144811))
	        ->  Bitmap Index Scan on sbtest4_pkey  (cost=0.00..208.13 rows=9570 width=0)
	              Index Cond: ((id >= 1134812) AND (id <= 1144811))

table 5 : explain SELECT SUM(k) FROM sbtest5 WHERE id BETWEEN 7559838 AND 7569837
	Aggregate  (cost=35960.40..35960.41 rows=1 width=8)
	  ->  Bitmap Heap Scan on sbtest5  (cost=223.89..35934.19 rows=10483 width=4)
	        Recheck Cond: ((id >= 7559838) AND (id <= 7569837))
	        ->  Bitmap Index Scan on sbtest5_pkey  (cost=0.00..221.26 rows=10483 width=0)
	              Index Cond: ((id >= 7559838) AND (id <= 7569837))

table 6 : explain SELECT SUM(k) FROM sbtest6 WHERE id BETWEEN 4967040 AND 4977039
	Aggregate  (cost=34006.17..34006.18 rows=1 width=8)
	  ->  Bitmap Heap Scan on sbtest6  (cost=217.45..33981.54 rows=9855 width=4)
	        Recheck Cond: ((id >= 4967040) AND (id <= 4977039))
	        ->  Bitmap Index Scan on sbtest6_pkey  (cost=0.00..214.99 rows=9855 width=0)
	              Index Cond: ((id >= 4967040) AND (id <= 4977039))

table 7 : explain SELECT SUM(k) FROM sbtest7 WHERE id BETWEEN 7159696 AND 7169695
	Aggregate  (cost=33496.62..33496.63 rows=1 width=8)
	  ->  Bitmap Heap Scan on sbtest7  (cost=211.66..33472.42 rows=9680 width=4)
	        Recheck Cond: ((id >= 7159696) AND (id <= 7169695))
	        ->  Bitmap Index Scan on sbtest7_pkey  (cost=0.00..209.24 rows=9680 width=0)
	              Index Cond: ((id >= 7159696) AND (id <= 7169695))

table 8 : explain SELECT SUM(k) FROM sbtest8 WHERE id BETWEEN 4255772 AND 4265771
	Aggregate  (cost=31582.16..31582.17 rows=1 width=8)
	  ->  Bitmap Heap Scan on sbtest8  (cost=205.44..31559.47 rows=9074 width=4)
	        Recheck Cond: ((id >= 4255772) AND (id <= 4265771))
	        ->  Bitmap Index Scan on sbtest8_pkey  (cost=0.00..203.18 rows=9074 width=0)
	              Index Cond: ((id >= 4255772) AND (id <= 4265771))

explain: for point_selects :: explain SELECT c FROM sbtest%u WHERE id=%u
for: distinct_ranges
table 1 : explain SELECT DISTINCT c FROM sbtest1 WHERE id BETWEEN 7795910 AND 7805909 ORDER BY c
	Unique  (cost=33478.17..33525.78 rows=9523 width=121)
	  ->  Sort  (cost=33478.17..33501.98 rows=9523 width=121)
	        Sort Key: c
	        ->  Bitmap Heap Scan on sbtest1  (cost=206.05..32848.83 rows=9523 width=121)
	              Recheck Cond: ((id >= 7795910) AND (id <= 7805909))
	              ->  Bitmap Index Scan on sbtest1_pkey  (cost=0.00..203.67 rows=9523 width=0)
	                    Index Cond: ((id >= 7795910) AND (id <= 7805909))

table 2 : explain SELECT DISTINCT c FROM sbtest2 WHERE id BETWEEN 4048848 AND 4058847 ORDER BY c
	Unique  (cost=37418.56..37472.30 rows=10747 width=121)
	  ->  Sort  (cost=37418.56..37445.43 rows=10747 width=121)
	        Sort Key: c
	        ->  Bitmap Heap Scan on sbtest2  (cost=230.59..36698.96 rows=10747 width=121)
	              Recheck Cond: ((id >= 4048848) AND (id <= 4058847))
	              ->  Bitmap Index Scan on sbtest2_pkey  (cost=0.00..227.91 rows=10747 width=0)
	                    Index Cond: ((id >= 4048848) AND (id <= 4058847))

table 3 : explain SELECT DISTINCT c FROM sbtest3 WHERE id BETWEEN 774281 AND 784280 ORDER BY c
	Unique  (cost=35079.33..35129.37 rows=10009 width=121)
	  ->  Sort  (cost=35079.33..35104.35 rows=10009 width=121)
	        Sort Key: c
	        ->  Bitmap Heap Scan on sbtest3  (cost=215.03..34414.28 rows=10009 width=121)
	              Recheck Cond: ((id >= 774281) AND (id <= 784280))
	              ->  Bitmap Index Scan on sbtest3_pkey  (cost=0.00..212.53 rows=10009 width=0)
	                    Index Cond: ((id >= 774281) AND (id <= 784280))

table 4 : explain SELECT DISTINCT c FROM sbtest4 WHERE id BETWEEN 7868364 AND 7878363 ORDER BY c
	Unique  (cost=36090.59..36142.15 rows=10312 width=121)
	  ->  Sort  (cost=36090.59..36116.37 rows=10312 width=121)
	        Sort Key: c
	        ->  Bitmap Heap Scan on sbtest4  (cost=226.13..35403.19 rows=10312 width=121)
	              Recheck Cond: ((id >= 7868364) AND (id <= 7878363))
	              ->  Bitmap Index Scan on sbtest4_pkey  (cost=0.00..223.56 rows=10312 width=0)
	                    Index Cond: ((id >= 7868364) AND (id <= 7878363))

table 5 : explain SELECT DISTINCT c FROM sbtest5 WHERE id BETWEEN 3201642 AND 3211641 ORDER BY c
	Unique  (cost=34518.47..34567.57 rows=9820 width=121)
	  ->  Sort  (cost=34518.47..34543.02 rows=9820 width=121)
	        Sort Key: c
	        ->  Bitmap Heap Scan on sbtest5  (cost=213.09..33867.33 rows=9820 width=121)
	              Recheck Cond: ((id >= 3201642) AND (id <= 3211641))
	              ->  Bitmap Index Scan on sbtest5_pkey  (cost=0.00..210.63 rows=9820 width=0)
	                    Index Cond: ((id >= 3201642) AND (id <= 3211641))

table 6 : explain SELECT DISTINCT c FROM sbtest6 WHERE id BETWEEN 6647877 AND 6657876 ORDER BY c
	Unique  (cost=32092.77..32138.11 rows=9068 width=121)
	  ->  Sort  (cost=32092.77..32115.44 rows=9068 width=121)
	        Sort Key: c
	        ->  Bitmap Heap Scan on sbtest6  (cost=197.38..31496.70 rows=9068 width=121)
	              Recheck Cond: ((id >= 6647877) AND (id <= 6657876))
	              ->  Bitmap Index Scan on sbtest6_pkey  (cost=0.00..195.12 rows=9068 width=0)
	                    Index Cond: ((id >= 6647877) AND (id <= 6657876))

table 7 : explain SELECT DISTINCT c FROM sbtest7 WHERE id BETWEEN 916262 AND 926261 ORDER BY c
	Unique  (cost=31716.01..31760.71 rows=8940 width=121)
	  ->  Sort  (cost=31716.01..31738.36 rows=8940 width=121)
	        Sort Key: c
	        ->  Bitmap Heap Scan on sbtest7  (cost=196.07..31129.28 rows=8940 width=121)
	              Recheck Cond: ((id >= 916262) AND (id <= 926261))
	              ->  Bitmap Index Scan on sbtest7_pkey  (cost=0.00..193.84 rows=8940 width=0)
	                    Index Cond: ((id >= 916262) AND (id <= 926261))

table 8 : explain SELECT DISTINCT c FROM sbtest8 WHERE id BETWEEN 9202958 AND 9212957 ORDER BY c
	Unique  (cost=36057.88..36109.30 rows=10284 width=121)
	  ->  Sort  (cost=36057.88..36083.59 rows=10284 width=121)
	        Sort Key: c
	        ->  Bitmap Heap Scan on sbtest8  (cost=233.85..35372.55 rows=10284 width=121)
	              Recheck Cond: ((id >= 9202958) AND (id <= 9212957))
	              ->  Bitmap Index Scan on sbtest8_pkey  (cost=0.00..231.28 rows=10284 width=0)
	                    Index Cond: ((id >= 9202958) AND (id <= 9212957))

for: distinct_ranges
table 1 : explain SELECT DISTINCT c FROM sbtest1 WHERE id BETWEEN 8642992 AND 8652991 ORDER BY c
	Unique  (cost=35118.55..35168.73 rows=10036 width=121)
	  ->  Sort  (cost=35118.55..35143.64 rows=10036 width=121)
	        Sort Key: c
	        ->  Bitmap Heap Scan on sbtest1  (cost=215.30..34451.51 rows=10036 width=121)
	              Recheck Cond: ((id >= 8642992) AND (id <= 8652991))
	              ->  Bitmap Index Scan on sbtest1_pkey  (cost=0.00..212.80 rows=10036 width=0)
	                    Index Cond: ((id >= 8642992) AND (id <= 8652991))

table 2 : explain SELECT DISTINCT c FROM sbtest2 WHERE id BETWEEN 3316970 AND 3326969 ORDER BY c
	Unique  (cost=39201.18..39257.74 rows=11313 width=121)
	  ->  Sort  (cost=39201.18..39229.46 rows=11313 width=121)
	        Sort Key: c
	        ->  Bitmap Heap Scan on sbtest2  (cost=244.39..38439.49 rows=11313 width=121)
	              Recheck Cond: ((id >= 3316970) AND (id <= 3326969))
	              ->  Bitmap Index Scan on sbtest2_pkey  (cost=0.00..241.56 rows=11313 width=0)
	                    Index Cond: ((id >= 3316970) AND (id <= 3326969))

table 3 : explain SELECT DISTINCT c FROM sbtest3 WHERE id BETWEEN 1576599 AND 1586598 ORDER BY c
	Unique  (cost=35033.22..35083.19 rows=9994 width=121)
	  ->  Sort  (cost=35033.22..35058.21 rows=9994 width=121)
	        Sort Key: c
	        ->  Bitmap Heap Scan on sbtest3  (cost=214.87..34369.28 rows=9994 width=121)
	              Recheck Cond: ((id >= 1576599) AND (id <= 1586598))
	              ->  Bitmap Index Scan on sbtest3_pkey  (cost=0.00..212.38 rows=9994 width=0)
	                    Index Cond: ((id >= 1576599) AND (id <= 1586598))

table 4 : explain SELECT DISTINCT c FROM sbtest4 WHERE id BETWEEN 9117367 AND 9127366 ORDER BY c
	Unique  (cost=35478.51..35529.11 rows=10120 width=121)
	  ->  Sort  (cost=35478.51..35503.81 rows=10120 width=121)
	        Sort Key: c
	        ->  Bitmap Heap Scan on sbtest4  (cost=220.16..34805.29 rows=10120 width=121)
	              Recheck Cond: ((id >= 9117367) AND (id <= 9127366))
	              ->  Bitmap Index Scan on sbtest4_pkey  (cost=0.00..217.63 rows=10120 width=0)
	                    Index Cond: ((id >= 9117367) AND (id <= 9127366))

table 5 : explain SELECT DISTINCT c FROM sbtest5 WHERE id BETWEEN 6181828 AND 6191827 ORDER BY c
	Unique  (cost=33889.63..33937.76 rows=9625 width=121)
	  ->  Sort  (cost=33889.63..33913.69 rows=9625 width=121)
	        Sort Key: c
	        ->  Bitmap Heap Scan on sbtest5  (cost=207.09..33252.81 rows=9625 width=121)
	              Recheck Cond: ((id >= 6181828) AND (id <= 6191827))
	              ->  Bitmap Index Scan on sbtest5_pkey  (cost=0.00..204.69 rows=9625 width=0)
	                    Index Cond: ((id >= 6181828) AND (id <= 6191827))

table 6 : explain SELECT DISTINCT c FROM sbtest6 WHERE id BETWEEN 9446230 AND 9456229 ORDER BY c
	Unique  (cost=35179.32..35229.44 rows=10025 width=121)
	  ->  Sort  (cost=35179.32..35204.38 rows=10025 width=121)
	        Sort Key: c
	        ->  Bitmap Heap Scan on sbtest6  (cost=219.19..34513.09 rows=10025 width=121)
	              Recheck Cond: ((id >= 9446230) AND (id <= 9456229))
	              ->  Bitmap Index Scan on sbtest6_pkey  (cost=0.00..216.69 rows=10025 width=0)
	                    Index Cond: ((id >= 9446230) AND (id <= 9456229))

table 7 : explain SELECT DISTINCT c FROM sbtest7 WHERE id BETWEEN 6308504 AND 6318503 ORDER BY c
	Unique  (cost=33857.41..33905.42 rows=9602 width=121)
	  ->  Sort  (cost=33857.41..33881.42 rows=9602 width=121)
	        Sort Key: c
	        ->  Bitmap Heap Scan on sbtest7  (cost=206.86..33222.28 rows=9602 width=121)
	              Recheck Cond: ((id >= 6308504) AND (id <= 6318503))
	              ->  Bitmap Index Scan on sbtest7_pkey  (cost=0.00..204.45 rows=9602 width=0)
	                    Index Cond: ((id >= 6308504) AND (id <= 6318503))

table 8 : explain SELECT DISTINCT c FROM sbtest8 WHERE id BETWEEN 9630166 AND 9640165 ORDER BY c
	Unique  (cost=38035.85..38090.38 rows=10906 width=121)
	  ->  Sort  (cost=38035.85..38063.11 rows=10906 width=121)
	        Sort Key: c
	        ->  Bitmap Heap Scan on sbtest8  (cost=248.22..37304.45 rows=10906 width=121)
	              Recheck Cond: ((id >= 9630166) AND (id <= 9640165))
	              ->  Bitmap Index Scan on sbtest8_pkey  (cost=0.00..245.50 rows=10906 width=0)
	                    Index Cond: ((id >= 9630166) AND (id <= 9640165))

for: order_ranges
table 1 : explain SELECT c FROM sbtest1 WHERE id BETWEEN 4177881 AND 4187880 ORDER BY c
	Sort  (cost=35377.77..35403.07 rows=10118 width=121)
	  Sort Key: c
	  ->  Bitmap Heap Scan on sbtest1  (cost=216.14..34704.69 rows=10118 width=121)
	        Recheck Cond: ((id >= 4177881) AND (id <= 4187880))
	        ->  Bitmap Index Scan on sbtest1_pkey  (cost=0.00..213.62 rows=10118 width=0)
	              Index Cond: ((id >= 4177881) AND (id <= 4187880))

table 2 : explain SELECT c FROM sbtest2 WHERE id BETWEEN 1752473 AND 1762472 ORDER BY c
	Sort  (cost=31564.44..31586.74 rows=8919 width=121)
	  Sort Key: c
	  ->  Bitmap Heap Scan on sbtest2  (cost=191.85..30979.24 rows=8919 width=121)
	        Recheck Cond: ((id >= 1752473) AND (id <= 1762472))
	        ->  Bitmap Index Scan on sbtest2_pkey  (cost=0.00..189.62 rows=8919 width=0)
	              Index Cond: ((id >= 1752473) AND (id <= 1762472))

table 3 : explain SELECT c FROM sbtest3 WHERE id BETWEEN 1871327 AND 1881326 ORDER BY c
	Sort  (cost=38292.74..38320.29 rows=11022 width=121)
	  Sort Key: c
	  ->  Bitmap Heap Scan on sbtest3  (cost=237.41..37552.72 rows=11022 width=121)
	        Recheck Cond: ((id >= 1871327) AND (id <= 1881326))
	        ->  Bitmap Index Scan on sbtest3_pkey  (cost=0.00..234.66 rows=11022 width=0)
	              Index Cond: ((id >= 1871327) AND (id <= 1881326))

table 4 : explain SELECT c FROM sbtest4 WHERE id BETWEEN 9759397 AND 9769396 ORDER BY c
	Sort  (cost=35547.63..35572.98 rows=10142 width=121)
	  Sort Key: c
	  ->  Bitmap Heap Scan on sbtest4  (cost=220.39..34872.78 rows=10142 width=121)
	        Recheck Cond: ((id >= 9759397) AND (id <= 9769396))
	        ->  Bitmap Index Scan on sbtest4_pkey  (cost=0.00..217.86 rows=10142 width=0)
	              Index Cond: ((id >= 9759397) AND (id <= 9769396))

table 5 : explain SELECT c FROM sbtest5 WHERE id BETWEEN 309377 AND 319376 ORDER BY c
	Sort  (cost=38008.57..38035.86 rows=10916 width=121)
	  Sort Key: c
	  ->  Bitmap Heap Scan on sbtest5  (cost=236.32..37276.43 rows=10916 width=121)
	        Recheck Cond: ((id >= 309377) AND (id <= 319376))
	        ->  Bitmap Index Scan on sbtest5_pkey  (cost=0.00..233.59 rows=10916 width=0)
	              Index Cond: ((id >= 309377) AND (id <= 319376))

table 6 : explain SELECT c FROM sbtest6 WHERE id BETWEEN 8498833 AND 8508832 ORDER BY c
	Sort  (cost=34417.22..34441.68 rows=9786 width=121)
	  Sort Key: c
	  ->  Bitmap Heap Scan on sbtest6  (cost=216.74..33768.58 rows=9786 width=121)
	        Recheck Cond: ((id >= 8498833) AND (id <= 8508832))
	        ->  Bitmap Index Scan on sbtest6_pkey  (cost=0.00..214.30 rows=9786 width=0)
	              Index Cond: ((id >= 8498833) AND (id <= 8508832))

table 7 : explain SELECT c FROM sbtest7 WHERE id BETWEEN 7472136 AND 7482135 ORDER BY c
	Sort  (cost=33914.41..33938.46 rows=9618 width=121)
	  Sort Key: c
	  ->  Bitmap Heap Scan on sbtest7  (cost=211.02..33278.11 rows=9618 width=121)
	        Recheck Cond: ((id >= 7472136) AND (id <= 7482135))
	        ->  Bitmap Index Scan on sbtest7_pkey  (cost=0.00..208.62 rows=9618 width=0)
	              Index Cond: ((id >= 7472136) AND (id <= 7482135))

table 8 : explain SELECT c FROM sbtest8 WHERE id BETWEEN 6450753 AND 6460752 ORDER BY c
	Sort  (cost=34466.50..34490.97 rows=9789 width=121)
	  Sort Key: c
	  ->  Bitmap Heap Scan on sbtest8  (cost=220.77..33817.64 rows=9789 width=121)
	        Recheck Cond: ((id >= 6450753) AND (id <= 6460752))
	        ->  Bitmap Index Scan on sbtest8_pkey  (cost=0.00..218.32 rows=9789 width=0)
	              Index Cond: ((id >= 6450753) AND (id <= 6460752))

for: sum_ranges
table 1 : explain SELECT SUM(k) FROM sbtest1 WHERE id BETWEEN 2477943 AND 2487942
	Aggregate  (cost=33046.96..33046.97 rows=1 width=8)
	  ->  Bitmap Heap Scan on sbtest1  (cost=206.61..33023.02 rows=9578 width=4)
	        Recheck Cond: ((id >= 2477943) AND (id <= 2487942))
	        ->  Bitmap Index Scan on sbtest1_pkey  (cost=0.00..204.22 rows=9578 width=0)
	              Index Cond: ((id >= 2477943) AND (id <= 2487942))

table 2 : explain SELECT SUM(k) FROM sbtest2 WHERE id BETWEEN 8131677 AND 8141676
	Aggregate  (cost=35984.69..35984.70 rows=1 width=8)
	  ->  Bitmap Heap Scan on sbtest2  (cost=224.14..35958.42 rows=10508 width=4)
	        Recheck Cond: ((id >= 8131677) AND (id <= 8141676))
	        ->  Bitmap Index Scan on sbtest2_pkey  (cost=0.00..221.51 rows=10508 width=0)
	              Index Cond: ((id >= 8131677) AND (id <= 8141676))

table 3 : explain SELECT SUM(k) FROM sbtest3 WHERE id BETWEEN 9415947 AND 9425946
	Aggregate  (cost=32137.48..32137.49 rows=1 width=8)
	  ->  Bitmap Heap Scan on sbtest3  (cost=199.51..32114.29 rows=9276 width=4)
	        Recheck Cond: ((id >= 9415947) AND (id <= 9425946))
	        ->  Bitmap Index Scan on sbtest3_pkey  (cost=0.00..197.19 rows=9276 width=0)
	              Index Cond: ((id >= 9415947) AND (id <= 9425946))

table 4 : explain SELECT SUM(k) FROM sbtest4 WHERE id BETWEEN 8771939 AND 8781938
	Aggregate  (cost=37698.95..37698.96 rows=1 width=8)
	  ->  Bitmap Heap Scan on sbtest4  (cost=241.65..37671.34 rows=11045 width=4)
	        Recheck Cond: ((id >= 8771939) AND (id <= 8781938))
	        ->  Bitmap Index Scan on sbtest4_pkey  (cost=0.00..238.88 rows=11045 width=0)
	              Index Cond: ((id >= 8771939) AND (id <= 8781938))

table 5 : explain SELECT SUM(k) FROM sbtest5 WHERE id BETWEEN 4166210 AND 4176209
	Aggregate  (cost=35726.50..35726.51 rows=1 width=8)
	  ->  Bitmap Heap Scan on sbtest5  (cost=223.12..35700.48 rows=10408 width=4)
	        Recheck Cond: ((id >= 4166210) AND (id <= 4176209))
	        ->  Bitmap Index Scan on sbtest5_pkey  (cost=0.00..220.51 rows=10408 width=0)
	              Index Cond: ((id >= 4166210) AND (id <= 4176209))

table 6 : explain SELECT SUM(k) FROM sbtest6 WHERE id BETWEEN 6636969 AND 6646968
	Aggregate  (cost=31519.37..31519.38 rows=1 width=8)
	  ->  Bitmap Heap Scan on sbtest6  (cost=197.38..31496.70 rows=9068 width=4)
	        Recheck Cond: ((id >= 6636969) AND (id <= 6646968))
	        ->  Bitmap Index Scan on sbtest6_pkey  (cost=0.00..195.12 rows=9068 width=0)
	              Index Cond: ((id >= 6636969) AND (id <= 6646968))

table 7 : explain SELECT SUM(k) FROM sbtest7 WHERE id BETWEEN 1293963 AND 1303962
	Aggregate  (cost=35183.03..35183.04 rows=1 width=8)
	  ->  Bitmap Heap Scan on sbtest7  (cost=221.17..35157.49 rows=10218 width=4)
	        Recheck Cond: ((id >= 1293963) AND (id <= 1303962))
	        ->  Bitmap Index Scan on sbtest7_pkey  (cost=0.00..218.62 rows=10218 width=0)
	              Index Cond: ((id >= 1293963) AND (id <= 1303962))

table 8 : explain SELECT SUM(k) FROM sbtest8 WHERE id BETWEEN 4217596 AND 4227595
	Aggregate  (cost=31582.16..31582.17 rows=1 width=8)
	  ->  Bitmap Heap Scan on sbtest8  (cost=205.44..31559.47 rows=9074 width=4)
	        Recheck Cond: ((id >= 4217596) AND (id <= 4227595))
	        ->  Bitmap Index Scan on sbtest8_pkey  (cost=0.00..203.18 rows=9074 width=0)
	              Index Cond: ((id >= 4217596) AND (id <= 4227595))

explain: for point_selects :: explain SELECT c FROM sbtest%u WHERE id=%u
for: distinct_ranges
table 1 : explain SELECT DISTINCT c FROM sbtest1 WHERE id BETWEEN 6508868 AND 6518867 ORDER BY c
	Unique  (cost=33953.28..34001.64 rows=9671 width=121)
	  ->  Sort  (cost=33953.28..33977.46 rows=9671 width=121)
	        Sort Key: c
	        ->  Bitmap Heap Scan on sbtest1  (cost=207.56..33313.09 rows=9671 width=121)
	              Recheck Cond: ((id >= 6508868) AND (id <= 6518867))
	              ->  Bitmap Index Scan on sbtest1_pkey  (cost=0.00..205.15 rows=9671 width=0)
	                    Index Cond: ((id >= 6508868) AND (id <= 6518867))

table 2 : explain SELECT DISTINCT c FROM sbtest2 WHERE id BETWEEN 4421652 AND 4431651 ORDER BY c
	Unique  (cost=38496.50..38551.95 rows=11089 width=121)
	  ->  Sort  (cost=38496.50..38524.22 rows=11089 width=121)
	        Sort Key: c
	        ->  Bitmap Heap Scan on sbtest2  (cost=238.10..37751.50 rows=11089 width=121)
	              Recheck Cond: ((id >= 4421652) AND (id <= 4431651))
	              ->  Bitmap Index Scan on sbtest2_pkey  (cost=0.00..235.32 rows=11089 width=0)
	                    Index Cond: ((id >= 4421652) AND (id <= 4431651))

table 3 : explain SELECT DISTINCT c FROM sbtest3 WHERE id BETWEEN 4715885 AND 4725884 ORDER BY c
	Unique  (cost=35102.33..35152.41 rows=10016 width=121)
	  ->  Sort  (cost=35102.33..35127.37 rows=10016 width=121)
	        Sort Key: c
	        ->  Bitmap Heap Scan on sbtest3  (cost=215.10..34436.77 rows=10016 width=121)
	              Recheck Cond: ((id >= 4715885) AND (id <= 4725884))
	              ->  Bitmap Index Scan on sbtest3_pkey  (cost=0.00..212.59 rows=10016 width=0)
	                    Index Cond: ((id >= 4715885) AND (id <= 4725884))

table 4 : explain SELECT DISTINCT c FROM sbtest4 WHERE id BETWEEN 2968453 AND 2978452 ORDER BY c
	Unique  (cost=37600.55..37654.49 rows=10788 width=121)
	  ->  Sort  (cost=37600.55..37627.52 rows=10788 width=121)
	        Sort Key: c
	        ->  Bitmap Heap Scan on sbtest4  (cost=235.01..36877.90 rows=10788 width=121)
	              Recheck Cond: ((id >= 2968453) AND (id <= 2978452))
	              ->  Bitmap Index Scan on sbtest4_pkey  (cost=0.00..232.31 rows=10788 width=0)
	                    Index Cond: ((id >= 2968453) AND (id <= 2978452))

table 5 : explain SELECT DISTINCT c FROM sbtest5 WHERE id BETWEEN 8807841 AND 8817840 ORDER BY c
	Unique  (cost=37485.61..37539.37 rows=10751 width=121)
	  ->  Sort  (cost=37485.61..37512.49 rows=10751 width=121)
	        Sort Key: c
	        ->  Bitmap Heap Scan on sbtest5  (cost=230.63..36765.72 rows=10751 width=121)
	              Recheck Cond: ((id >= 8807841) AND (id <= 8817840))
	              ->  Bitmap Index Scan on sbtest5_pkey  (cost=0.00..227.94 rows=10751 width=0)
	                    Index Cond: ((id >= 8807841) AND (id <= 8817840))

table 6 : explain SELECT DISTINCT c FROM sbtest6 WHERE id BETWEEN 1848711 AND 1858710 ORDER BY c
	Unique  (cost=34638.55..34687.83 rows=9856 width=121)
	  ->  Sort  (cost=34638.55..34663.19 rows=9856 width=121)
	        Sort Key: c
	        ->  Bitmap Heap Scan on sbtest6  (cost=217.46..33984.76 rows=9856 width=121)
	              Recheck Cond: ((id >= 1848711) AND (id <= 1858710))
	              ->  Bitmap Index Scan on sbtest6_pkey  (cost=0.00..215.00 rows=9856 width=0)
	                    Index Cond: ((id >= 1848711) AND (id <= 1858710))

table 7 : explain SELECT DISTINCT c FROM sbtest7 WHERE id BETWEEN 692079 AND 702078 ORDER BY c
	Unique  (cost=37784.89..37839.04 rows=10829 width=121)
	  ->  Sort  (cost=37784.89..37811.97 rows=10829 width=121)
	        Sort Key: c
	        ->  Bitmap Heap Scan on sbtest7  (cost=235.43..37059.21 rows=10829 width=121)
	              Recheck Cond: ((id >= 692079) AND (id <= 702078))
	              ->  Bitmap Index Scan on sbtest7_pkey  (cost=0.00..232.73 rows=10829 width=0)
	                    Index Cond: ((id >= 692079) AND (id <= 702078))

table 8 : explain SELECT DISTINCT c FROM sbtest8 WHERE id BETWEEN 3097869 AND 3107868 ORDER BY c
	Unique  (cost=34678.15..34727.42 rows=9855 width=121)
	  ->  Sort  (cost=34678.15..34702.79 rows=9855 width=121)
	        Sort Key: c
	        ->  Bitmap Heap Scan on sbtest8  (cost=221.45..34024.43 rows=9855 width=121)
	              Recheck Cond: ((id >= 3097869) AND (id <= 3107868))
	              ->  Bitmap Index Scan on sbtest8_pkey  (cost=0.00..218.99 rows=9855 width=0)
	                    Index Cond: ((id >= 3097869) AND (id <= 3107868))

for: order_ranges
table 1 : explain SELECT c FROM sbtest1 WHERE id BETWEEN 3225898 AND 3235897 ORDER BY c
	Sort  (cost=35771.71..35797.32 rows=10241 width=121)
	  Sort Key: c
	  ->  Bitmap Heap Scan on sbtest1  (cost=221.41..35089.56 rows=10241 width=121)
	        Recheck Cond: ((id >= 3225898) AND (id <= 3235897))
	        ->  Bitmap Index Scan on sbtest1_pkey  (cost=0.00..218.84 rows=10241 width=0)
	              Index Cond: ((id >= 3225898) AND (id <= 3235897))

table 2 : explain SELECT c FROM sbtest2 WHERE id BETWEEN 1383953 AND 1393952 ORDER BY c
	Sort  (cost=33561.07..33584.91 rows=9536 width=121)
	  Sort Key: c
	  ->  Bitmap Heap Scan on sbtest2  (cost=206.18..32930.78 rows=9536 width=121)
	        Recheck Cond: ((id >= 1383953) AND (id <= 1393952))
	        ->  Bitmap Index Scan on sbtest2_pkey  (cost=0.00..203.80 rows=9536 width=0)
	              Index Cond: ((id >= 1383953) AND (id <= 1393952))

table 3 : explain SELECT c FROM sbtest3 WHERE id BETWEEN 9191703 AND 9201702 ORDER BY c
	Sort  (cost=34713.92..34738.66 rows=9894 width=121)
	  Sort Key: c
	  ->  Bitmap Heap Scan on sbtest3  (cost=213.85..34057.34 rows=9894 width=121)
	        Recheck Cond: ((id >= 9191703) AND (id <= 9201702))
	        ->  Bitmap Index Scan on sbtest3_pkey  (cost=0.00..211.38 rows=9894 width=0)
	              Index Cond: ((id >= 9191703) AND (id <= 9201702))

table 4 : explain SELECT c FROM sbtest4 WHERE id BETWEEN 5533701 AND 5543700 ORDER BY c
	Sort  (cost=35647.00..35672.43 rows=10172 width=121)
	  Sort Key: c
	  ->  Bitmap Heap Scan on sbtest4  (cost=224.70..34969.94 rows=10172 width=121)
	        Recheck Cond: ((id >= 5533701) AND (id <= 5543700))
	        ->  Bitmap Index Scan on sbtest4_pkey  (cost=0.00..222.16 rows=10172 width=0)
	              Index Cond: ((id >= 5533701) AND (id <= 5543700))

table 5 : explain SELECT c FROM sbtest5 WHERE id BETWEEN 6367830 AND 6377829 ORDER BY c
	Sort  (cost=33677.62..33701.52 rows=9558 width=121)
	  Sort Key: c
	  ->  Bitmap Heap Scan on sbtest5  (cost=206.40..33045.72 rows=9558 width=121)
	        Recheck Cond: ((id >= 6367830) AND (id <= 6377829))
	        ->  Bitmap Index Scan on sbtest5_pkey  (cost=0.00..204.01 rows=9558 width=0)
	              Index Cond: ((id >= 6367830) AND (id <= 6377829))

table 6 : explain SELECT c FROM sbtest6 WHERE id BETWEEN 695320 AND 705319 ORDER BY c
	Sort  (cost=33091.23..33114.67 rows=9376 width=121)
	  Sort Key: c
	  ->  Bitmap Heap Scan on sbtest6  (cost=204.54..32472.66 rows=9376 width=121)
	        Recheck Cond: ((id >= 695320) AND (id <= 705319))
	        ->  Bitmap Index Scan on sbtest6_pkey  (cost=0.00..202.19 rows=9376 width=0)
	              Index Cond: ((id >= 695320) AND (id <= 705319))

table 7 : explain SELECT c FROM sbtest7 WHERE id BETWEEN 2060148 AND 2070147 ORDER BY c
	Sort  (cost=34993.17..35018.05 rows=9955 width=121)
	  Sort Key: c
	  ->  Bitmap Heap Scan on sbtest7  (cost=214.47..34332.10 rows=9955 width=121)
	        Recheck Cond: ((id >= 2060148) AND (id <= 2070147))
	        ->  Bitmap Index Scan on sbtest7_pkey  (cost=0.00..211.99 rows=9955 width=0)
	              Index Cond: ((id >= 2060148) AND (id <= 2070147))

table 8 : explain SELECT c FROM sbtest8 WHERE id BETWEEN 9313867 AND 9323866 ORDER BY c
	Sort  (cost=32326.14..32348.96 rows=9127 width=121)
	  Sort Key: c
	  ->  Bitmap Heap Scan on sbtest8  (cost=205.99..31725.77 rows=9127 width=121)
	        Recheck Cond: ((id >= 9313867) AND (id <= 9323866))
	        ->  Bitmap Index Scan on sbtest8_pkey  (cost=0.00..203.70 rows=9127 width=0)
	              Index Cond: ((id >= 9313867) AND (id <= 9323866))

explain: for point_selects :: explain SELECT c FROM sbtest%u WHERE id=%u
for point_selects
table 1 : explain SELECT c FROM sbtest1 WHERE id=2152921
	Index Scan using sbtest1_pkey on sbtest1  (cost=0.43..8.45 rows=1 width=121)
	  Index Cond: (id = 2152921)

table 2 : explain SELECT c FROM sbtest2 WHERE id=5554059
	Index Scan using sbtest2_pkey on sbtest2  (cost=0.43..8.45 rows=1 width=121)
	  Index Cond: (id = 5554059)

table 3 : explain SELECT c FROM sbtest3 WHERE id=3411358
	Index Scan using sbtest3_pkey on sbtest3  (cost=0.43..8.45 rows=1 width=121)
	  Index Cond: (id = 3411358)

table 4 : explain SELECT c FROM sbtest4 WHERE id=9128869
	Index Scan using sbtest4_pkey on sbtest4  (cost=0.43..8.45 rows=1 width=121)
	  Index Cond: (id = 9128869)

table 5 : explain SELECT c FROM sbtest5 WHERE id=9177626
	Index Scan using sbtest5_pkey on sbtest5  (cost=0.43..8.45 rows=1 width=121)
	  Index Cond: (id = 9177626)

table 6 : explain SELECT c FROM sbtest6 WHERE id=6862474
	Index Scan using sbtest6_pkey on sbtest6  (cost=0.43..8.45 rows=1 width=121)
	  Index Cond: (id = 6862474)

table 7 : explain SELECT c FROM sbtest7 WHERE id=8746098
	Index Scan using sbtest7_pkey on sbtest7  (cost=0.43..8.45 rows=1 width=121)
	  Index Cond: (id = 8746098)

table 8 : explain SELECT c FROM sbtest8 WHERE id=6301352
	Index Scan using sbtest8_pkey on sbtest8  (cost=0.43..8.45 rows=1 width=121)
	  Index Cond: (id = 6301352)

for: simple_ranges
table 1 : explain SELECT c FROM sbtest1 WHERE id BETWEEN 5372878 AND 5382877
	Bitmap Heap Scan on sbtest1  (cost=216.72..34877.60 rows=10174 width=121)
	  Recheck Cond: ((id >= 5372878) AND (id <= 5382877))
	  ->  Bitmap Index Scan on sbtest1_pkey  (cost=0.00..214.18 rows=10174 width=0)
	        Index Cond: ((id >= 5372878) AND (id <= 5382877))

table 2 : explain SELECT c FROM sbtest2 WHERE id BETWEEN 63127 AND 73126
	Bitmap Heap Scan on sbtest2  (cost=197.95..31627.39 rows=9123 width=121)
	  Recheck Cond: ((id >= 63127) AND (id <= 73126))
	  ->  Bitmap Index Scan on sbtest2_pkey  (cost=0.00..195.67 rows=9123 width=0)
	        Index Cond: ((id >= 63127) AND (id <= 73126))

table 3 : explain SELECT c FROM sbtest3 WHERE id BETWEEN 3466120 AND 3476119
	Bitmap Heap Scan on sbtest3  (cost=220.46..34854.90 rows=10149 width=121)
	  Recheck Cond: ((id >= 3466120) AND (id <= 3476119))
	  ->  Bitmap Index Scan on sbtest3_pkey  (cost=0.00..217.93 rows=10149 width=0)
	        Index Cond: ((id >= 3466120) AND (id <= 3476119))

table 4 : explain SELECT c FROM sbtest4 WHERE id BETWEEN 4190358 AND 4200357
	Bitmap Heap Scan on sbtest4  (cost=224.86..35018.13 rows=10188 width=121)
	  Recheck Cond: ((id >= 4190358) AND (id <= 4200357))
	  ->  Bitmap Index Scan on sbtest4_pkey  (cost=0.00..222.31 rows=10188 width=0)
	        Index Cond: ((id >= 4190358) AND (id <= 4200357))

table 5 : explain SELECT c FROM sbtest5 WHERE id BETWEEN 1429946 AND 1439945
	Bitmap Heap Scan on sbtest5  (cost=205.32..32712.11 rows=9452 width=121)
	  Recheck Cond: ((id >= 1429946) AND (id <= 1439945))
	  ->  Bitmap Index Scan on sbtest5_pkey  (cost=0.00..202.95 rows=9452 width=0)
	        Index Cond: ((id >= 1429946) AND (id <= 1439945))

table 6 : explain SELECT c FROM sbtest6 WHERE id BETWEEN 1612463 AND 1622462
	Bitmap Heap Scan on sbtest6  (cost=204.66..32511.58 rows=9388 width=121)
	  Recheck Cond: ((id >= 1612463) AND (id <= 1622462))
	  ->  Bitmap Index Scan on sbtest6_pkey  (cost=0.00..202.31 rows=9388 width=0)
	        Index Cond: ((id >= 1612463) AND (id <= 1622462))

table 7 : explain SELECT c FROM sbtest7 WHERE id BETWEEN 7685730 AND 7695729
	Bitmap Heap Scan on sbtest7  (cost=211.78..33508.05 rows=9692 width=121)
	  Recheck Cond: ((id >= 7685730) AND (id <= 7695729))
	  ->  Bitmap Index Scan on sbtest7_pkey  (cost=0.00..209.36 rows=9692 width=0)
	        Index Cond: ((id >= 7685730) AND (id <= 7695729))

table 8 : explain SELECT c FROM sbtest8 WHERE id BETWEEN 1756205 AND 1766204
	Bitmap Heap Scan on sbtest8  (cost=242.49..36780.06 rows=10737 width=121)
	  Recheck Cond: ((id >= 1756205) AND (id <= 1766204))
	  ->  Bitmap Index Scan on sbtest8_pkey  (cost=0.00..239.81 rows=10737 width=0)
	        Index Cond: ((id >= 1756205) AND (id <= 1766204))

for point_selects
table 1 : explain SELECT c FROM sbtest1 WHERE id=3329788
	Index Scan using sbtest1_pkey on sbtest1  (cost=0.43..8.45 rows=1 width=121)
	  Index Cond: (id = 3329788)

table 2 : explain SELECT c FROM sbtest2 WHERE id=7146310
	Index Scan using sbtest2_pkey on sbtest2  (cost=0.43..8.45 rows=1 width=121)
	  Index Cond: (id = 7146310)

table 3 : explain SELECT c FROM sbtest3 WHERE id=2817909
	Index Scan using sbtest3_pkey on sbtest3  (cost=0.43..8.45 rows=1 width=121)
	  Index Cond: (id = 2817909)

table 4 : explain SELECT c FROM sbtest4 WHERE id=7310641
	Index Scan using sbtest4_pkey on sbtest4  (cost=0.43..8.45 rows=1 width=121)
	  Index Cond: (id = 7310641)

table 5 : explain SELECT c FROM sbtest5 WHERE id=1766154
	Index Scan using sbtest5_pkey on sbtest5  (cost=0.43..8.45 rows=1 width=121)
	  Index Cond: (id = 1766154)

table 6 : explain SELECT c FROM sbtest6 WHERE id=1269727
	Index Scan using sbtest6_pkey on sbtest6  (cost=0.43..8.45 rows=1 width=121)
	  Index Cond: (id = 1269727)

table 7 : explain SELECT c FROM sbtest7 WHERE id=1443258
	Index Scan using sbtest7_pkey on sbtest7  (cost=0.43..8.45 rows=1 width=121)
	  Index Cond: (id = 1443258)

table 8 : explain SELECT c FROM sbtest8 WHERE id=7199632
	Index Scan using sbtest8_pkey on sbtest8  (cost=0.43..8.45 rows=1 width=121)
	  Index Cond: (id = 7199632)

for: distinct_ranges
table 1 : explain SELECT DISTINCT c FROM sbtest1 WHERE id BETWEEN 3951581 AND 3961580 ORDER BY c
	Unique  (cost=37964.00..38018.68 rows=10936 width=121)
	  ->  Sort  (cost=37964.00..37991.34 rows=10936 width=121)
	        Sort Key: c
	        ->  Bitmap Heap Scan on sbtest1  (cost=232.53..37230.37 rows=10936 width=121)
	              Recheck Cond: ((id >= 3951581) AND (id <= 3961580))
	              ->  Bitmap Index Scan on sbtest1_pkey  (cost=0.00..229.80 rows=10936 width=0)
	                    Index Cond: ((id >= 3951581) AND (id <= 3961580))

table 2 : explain SELECT DISTINCT c FROM sbtest2 WHERE id BETWEEN 2201161 AND 2211160 ORDER BY c
	Unique  (cost=34485.57..34534.69 rows=9825 width=121)
	  ->  Sort  (cost=34485.57..34510.13 rows=9825 width=121)
	        Sort Key: c
	        ->  Bitmap Heap Scan on sbtest2  (cost=209.14..33834.06 rows=9825 width=121)
	              Recheck Cond: ((id >= 2201161) AND (id <= 2211160))
	              ->  Bitmap Index Scan on sbtest2_pkey  (cost=0.00..206.69 rows=9825 width=0)
	                    Index Cond: ((id >= 2201161) AND (id <= 2211160))

table 3 : explain SELECT DISTINCT c FROM sbtest3 WHERE id BETWEEN 3633207 AND 3643206 ORDER BY c
	Unique  (cost=37279.08..37332.58 rows=10701 width=121)
	  ->  Sort  (cost=37279.08..37305.83 rows=10701 width=121)
	        Sort Key: c
	        ->  Bitmap Heap Scan on sbtest3  (cost=230.12..36562.89 rows=10701 width=121)
	              Recheck Cond: ((id >= 3633207) AND (id <= 3643206))
	              ->  Bitmap Index Scan on sbtest3_pkey  (cost=0.00..227.44 rows=10701 width=0)
	                    Index Cond: ((id >= 3633207) AND (id <= 3643206))

table 4 : explain SELECT DISTINCT c FROM sbtest4 WHERE id BETWEEN 8512328 AND 8522327 ORDER BY c
	Unique  (cost=33407.06..33454.43 rows=9474 width=121)
	  ->  Sort  (cost=33407.06..33430.75 rows=9474 width=121)
	        Sort Key: c
	        ->  Bitmap Heap Scan on sbtest4  (cost=209.54..32781.32 rows=9474 width=121)
	              Recheck Cond: ((id >= 8512328) AND (id <= 8522327))
	              ->  Bitmap Index Scan on sbtest4_pkey  (cost=0.00..207.18 rows=9474 width=0)
	                    Index Cond: ((id >= 8512328) AND (id <= 8522327))

table 5 : explain SELECT DISTINCT c FROM sbtest5 WHERE id BETWEEN 8088861 AND 8098860 ORDER BY c
	Unique  (cost=35938.70..35990.02 rows=10264 width=121)
	  ->  Sort  (cost=35938.70..35964.36 rows=10264 width=121)
	        Sort Key: c
	        ->  Bitmap Heap Scan on sbtest5  (cost=221.64..35254.85 rows=10264 width=121)
	              Recheck Cond: ((id >= 8088861) AND (id <= 8098860))
	              ->  Bitmap Index Scan on sbtest5_pkey  (cost=0.00..219.07 rows=10264 width=0)
	                    Index Cond: ((id >= 8088861) AND (id <= 8098860))

table 6 : explain SELECT DISTINCT c FROM sbtest6 WHERE id BETWEEN 2375192 AND 2385191 ORDER BY c
	Unique  (cost=37824.02..37878.30 rows=10856 width=121)
	  ->  Sort  (cost=37824.02..37851.16 rows=10856 width=121)
	        Sort Key: c
	        ->  Bitmap Heap Scan on sbtest6  (cost=239.71..37096.34 rows=10856 width=121)
	              Recheck Cond: ((id >= 2375192) AND (id <= 2385191))
	              ->  Bitmap Index Scan on sbtest6_pkey  (cost=0.00..237.00 rows=10856 width=0)
	                    Index Cond: ((id >= 2375192) AND (id <= 2385191))

table 7 : explain SELECT DISTINCT c FROM sbtest7 WHERE id BETWEEN 6541372 AND 6551371 ORDER BY c
	Unique  (cost=32970.60..33017.23 rows=9327 width=121)
	  ->  Sort  (cost=32970.60..32993.92 rows=9327 width=121)
	        Sort Key: c
	        ->  Bitmap Heap Scan on sbtest7  (cost=204.04..32355.61 rows=9327 width=121)
	              Recheck Cond: ((id >= 6541372) AND (id <= 6551371))
	              ->  Bitmap Index Scan on sbtest7_pkey  (cost=0.00..201.70 rows=9327 width=0)
	                    Index Cond: ((id >= 6541372) AND (id <= 6551371))

table 8 : explain SELECT DISTINCT c FROM sbtest8 WHERE id BETWEEN 8816739 AND 8826738 ORDER BY c
	Unique  (cost=35840.01..35891.09 rows=10217 width=121)
	  ->  Sort  (cost=35840.01..35865.55 rows=10217 width=121)
	        Sort Key: c
	        ->  Bitmap Heap Scan on sbtest8  (cost=229.16..35159.62 rows=10217 width=121)
	              Recheck Cond: ((id >= 8816739) AND (id <= 8826738))
	              ->  Bitmap Index Scan on sbtest8_pkey  (cost=0.00..226.61 rows=10217 width=0)
	                    Index Cond: ((id >= 8816739) AND (id <= 8826738))

for point_selects
table 1 : explain SELECT c FROM sbtest1 WHERE id=5514705
	Index Scan using sbtest1_pkey on sbtest1  (cost=0.43..8.45 rows=1 width=121)
	  Index Cond: (id = 5514705)

table 2 : explain SELECT c FROM sbtest2 WHERE id=6714204
	Index Scan using sbtest2_pkey on sbtest2  (cost=0.43..8.45 rows=1 width=121)
	  Index Cond: (id = 6714204)

table 3 : explain SELECT c FROM sbtest3 WHERE id=3279567
	Index Scan using sbtest3_pkey on sbtest3  (cost=0.43..8.45 rows=1 width=121)
	  Index Cond: (id = 3279567)

table 4 : explain SELECT c FROM sbtest4 WHERE id=5232776
	Index Scan using sbtest4_pkey on sbtest4  (cost=0.43..8.45 rows=1 width=121)
	  Index Cond: (id = 5232776)

table 5 : explain SELECT c FROM sbtest5 WHERE id=6518263
	Index Scan using sbtest5_pkey on sbtest5  (cost=0.43..8.45 rows=1 width=121)
	  Index Cond: (id = 6518263)

table 6 : explain SELECT c FROM sbtest6 WHERE id=4262664
	Index Scan using sbtest6_pkey on sbtest6  (cost=0.43..8.45 rows=1 width=121)
	  Index Cond: (id = 4262664)

table 7 : explain SELECT c FROM sbtest7 WHERE id=6872366
	Index Scan using sbtest7_pkey on sbtest7  (cost=0.43..8.45 rows=1 width=121)
	  Index Cond: (id = 6872366)

table 8 : explain SELECT c FROM sbtest8 WHERE id=4537538
	Index Scan using sbtest8_pkey on sbtest8  (cost=0.43..8.45 rows=1 width=121)
	  Index Cond: (id = 4537538)

for: sum_ranges
table 1 : explain SELECT SUM(k) FROM sbtest1 WHERE id BETWEEN 5978672 AND 5988671
	Aggregate  (cost=35268.76..35268.77 rows=1 width=8)
	  ->  Bitmap Heap Scan on sbtest1  (cost=221.92..35243.03 rows=10291 width=4)
	        Recheck Cond: ((id >= 5978672) AND (id <= 5988671))
	        ->  Bitmap Index Scan on sbtest1_pkey  (cost=0.00..219.34 rows=10291 width=0)
	              Index Cond: ((id >= 5978672) AND (id <= 5988671))

table 2 : explain SELECT SUM(k) FROM sbtest2 WHERE id BETWEEN 9810288 AND 9820287
	Aggregate  (cost=32396.92..32396.93 rows=1 width=8)
	  ->  Bitmap Heap Scan on sbtest2  (cost=200.38..32373.52 rows=9360 width=4)
	        Recheck Cond: ((id >= 9810288) AND (id <= 9820287))
	        ->  Bitmap Index Scan on sbtest2_pkey  (cost=0.00..198.04 rows=9360 width=0)
	              Index Cond: ((id >= 9810288) AND (id <= 9820287))

table 3 : explain SELECT SUM(k) FROM sbtest3 WHERE id BETWEEN 7738818 AND 7748817
	Aggregate  (cost=36149.20..36149.21 rows=1 width=8)
	  ->  Bitmap Heap Scan on sbtest3  (cost=228.65..36122.81 rows=10558 width=4)
	        Recheck Cond: ((id >= 7738818) AND (id <= 7748817))
	        ->  Bitmap Index Scan on sbtest3_pkey  (cost=0.00..226.01 rows=10558 width=0)
	              Index Cond: ((id >= 7738818) AND (id <= 7748817))

table 4 : explain SELECT SUM(k) FROM sbtest4 WHERE id BETWEEN 3986551 AND 3996550
	Aggregate  (cost=33400.90..33400.91 rows=1 width=8)
	  ->  Bitmap Heap Scan on sbtest4  (cost=211.49..33376.74 rows=9664 width=4)
	        Recheck Cond: ((id >= 3986551) AND (id <= 3996550))
	        ->  Bitmap Index Scan on sbtest4_pkey  (cost=0.00..209.07 rows=9664 width=0)
	              Index Cond: ((id >= 3986551) AND (id <= 3996550))

table 5 : explain SELECT SUM(k) FROM sbtest5 WHERE id BETWEEN 7138745 AND 7148744
	Aggregate  (cost=34340.28..34340.29 rows=1 width=8)
	  ->  Bitmap Heap Scan on sbtest5  (cost=214.56..34315.37 rows=9963 width=4)
	        Recheck Cond: ((id >= 7138745) AND (id <= 7148744))
	        ->  Bitmap Index Scan on sbtest5_pkey  (cost=0.00..212.06 rows=9963 width=0)
	              Index Cond: ((id >= 7138745) AND (id <= 7148744))

table 6 : explain SELECT SUM(k) FROM sbtest6 WHERE id BETWEEN 7820445 AND 7830444
	Aggregate  (cost=32625.94..32625.95 rows=1 width=8)
	  ->  Bitmap Heap Scan on sbtest6  (cost=204.96..32602.39 rows=9417 width=4)
	        Recheck Cond: ((id >= 7820445) AND (id <= 7830444))
	        ->  Bitmap Index Scan on sbtest6_pkey  (cost=0.00..202.61 rows=9417 width=0)
	              Index Cond: ((id >= 7820445) AND (id <= 7830444))

table 7 : explain SELECT SUM(k) FROM sbtest7 WHERE id BETWEEN 6519680 AND 6529679
	Aggregate  (cost=33100.29..33100.30 rows=1 width=8)
	  ->  Bitmap Heap Scan on sbtest7  (cost=206.37..33076.41 rows=9555 width=4)
	        Recheck Cond: ((id >= 6519680) AND (id <= 6529679))
	        ->  Bitmap Index Scan on sbtest7_pkey  (cost=0.00..203.99 rows=9555 width=0)
	              Index Cond: ((id >= 6519680) AND (id <= 6529679))

table 8 : explain SELECT SUM(k) FROM sbtest8 WHERE id BETWEEN 1926637 AND 1936636
	Aggregate  (cost=34058.77..34058.78 rows=1 width=8)
	  ->  Bitmap Heap Scan on sbtest8  (cost=221.48..34034.12 rows=9858 width=4)
	        Recheck Cond: ((id >= 1926637) AND (id <= 1936636))
	        ->  Bitmap Index Scan on sbtest8_pkey  (cost=0.00..219.01 rows=9858 width=0)
	              Index Cond: ((id >= 1926637) AND (id <= 1936636))

for: simple_ranges
table 1 : explain SELECT c FROM sbtest1 WHERE id BETWEEN 3865179 AND 3875178
	Bitmap Heap Scan on sbtest1  (cost=221.84..35220.64 rows=10283 width=121)
	  Recheck Cond: ((id >= 3865179) AND (id <= 3875178))
	  ->  Bitmap Index Scan on sbtest1_pkey  (cost=0.00..219.26 rows=10283 width=0)
	        Index Cond: ((id >= 3865179) AND (id <= 3875178))

table 2 : explain SELECT c FROM sbtest2 WHERE id BETWEEN 1146837 AND 1156836
	Bitmap Heap Scan on sbtest2  (cost=215.13..34442.71 rows=10019 width=121)
	  Recheck Cond: ((id >= 1146837) AND (id <= 1156836))
	  ->  Bitmap Index Scan on sbtest2_pkey  (cost=0.00..212.62 rows=10019 width=0)
	        Index Cond: ((id >= 1146837) AND (id <= 1156836))

table 3 : explain SELECT c FROM sbtest3 WHERE id BETWEEN 4957784 AND 4967783
	Bitmap Heap Scan on sbtest3  (cost=213.15..33844.87 rows=9826 width=121)
	  Recheck Cond: ((id >= 4957784) AND (id <= 4967783))
	  ->  Bitmap Index Scan on sbtest3_pkey  (cost=0.00..210.69 rows=9826 width=0)
	        Index Cond: ((id >= 4957784) AND (id <= 4967783))

table 4 : explain SELECT c FROM sbtest4 WHERE id BETWEEN 9606092 AND 9616091
	Bitmap Heap Scan on sbtest4  (cost=220.09..34782.79 rows=10113 width=121)
	  Recheck Cond: ((id >= 9606092) AND (id <= 9616091))
	  ->  Bitmap Index Scan on sbtest4_pkey  (cost=0.00..217.56 rows=10113 width=0)
	        Index Cond: ((id >= 9606092) AND (id <= 9616091))

table 5 : explain SELECT c FROM sbtest5 WHERE id BETWEEN 8577065 AND 8587064
	Bitmap Heap Scan on sbtest5  (cost=205.85..32874.12 rows=9504 width=121)
	  Recheck Cond: ((id >= 8577065) AND (id <= 8587064))
	  ->  Bitmap Index Scan on sbtest5_pkey  (cost=0.00..203.48 rows=9504 width=0)
	        Index Cond: ((id >= 8577065) AND (id <= 8587064))

table 6 : explain SELECT c FROM sbtest6 WHERE id BETWEEN 1538987 AND 1548986
	Bitmap Heap Scan on sbtest6  (cost=225.10..35095.71 rows=10211 width=121)
	  Recheck Cond: ((id >= 1538987) AND (id <= 1548986))
	  ->  Bitmap Index Scan on sbtest6_pkey  (cost=0.00..222.55 rows=10211 width=0)
	        Index Cond: ((id >= 1538987) AND (id <= 1548986))

table 7 : explain SELECT c FROM sbtest7 WHERE id BETWEEN 200114 AND 210113
	Bitmap Heap Scan on sbtest7  (cost=213.32..33980.17 rows=9842 width=121)
	  Recheck Cond: ((id >= 200114) AND (id <= 210113))
	  ->  Bitmap Index Scan on sbtest7_pkey  (cost=0.00..210.86 rows=9842 width=0)
	        Index Cond: ((id >= 200114) AND (id <= 210113))

table 8 : explain SELECT c FROM sbtest8 WHERE id BETWEEN 9754381 AND 9764380
	Bitmap Heap Scan on sbtest8  (cost=242.39..36748.11 rows=10727 width=121)
	  Recheck Cond: ((id >= 9754381) AND (id <= 9764380))
	  ->  Bitmap Index Scan on sbtest8_pkey  (cost=0.00..239.70 rows=10727 width=0)
	        Index Cond: ((id >= 9754381) AND (id <= 9764380))

for: simple_ranges
table 1 : explain SELECT c FROM sbtest1 WHERE id BETWEEN 9533593 AND 9543592
	Bitmap Heap Scan on sbtest1  (cost=192.18..31046.37 rows=8951 width=121)
	  Recheck Cond: ((id >= 9533593) AND (id <= 9543592))
	  ->  Bitmap Index Scan on sbtest1_pkey  (cost=0.00..189.94 rows=8951 width=0)
	        Index Cond: ((id >= 9533593) AND (id <= 9543592))

table 2 : explain SELECT c FROM sbtest2 WHERE id BETWEEN 932040 AND 942039
	Bitmap Heap Scan on sbtest2  (cost=253.82..40048.20 rows=11842 width=121)
	  Recheck Cond: ((id >= 932040) AND (id <= 942039))
	  ->  Bitmap Index Scan on sbtest2_pkey  (cost=0.00..250.86 rows=11842 width=0)
	        Index Cond: ((id >= 932040) AND (id <= 942039))

table 3 : explain SELECT c FROM sbtest3 WHERE id BETWEEN 4773752 AND 4783751
	Bitmap Heap Scan on sbtest3  (cost=215.10..34436.77 rows=10016 width=121)
	  Recheck Cond: ((id >= 4773752) AND (id <= 4783751))
	  ->  Bitmap Index Scan on sbtest3_pkey  (cost=0.00..212.59 rows=10016 width=0)
	        Index Cond: ((id >= 4773752) AND (id <= 4783751))

table 4 : explain SELECT c FROM sbtest4 WHERE id BETWEEN 1973032 AND 1983031
	Bitmap Heap Scan on sbtest4  (cost=247.46..38218.26 rows=11222 width=121)
	  Recheck Cond: ((id >= 1973032) AND (id <= 1983031))
	  ->  Bitmap Index Scan on sbtest4_pkey  (cost=0.00..244.66 rows=11222 width=0)
	        Index Cond: ((id >= 1973032) AND (id <= 1983031))

table 5 : explain SELECT c FROM sbtest5 WHERE id BETWEEN 4120977 AND 4130976
	Bitmap Heap Scan on sbtest5  (cost=200.89..32575.19 rows=9410 width=121)
	  Recheck Cond: ((id >= 4120977) AND (id <= 4130976))
	  ->  Bitmap Index Scan on sbtest5_pkey  (cost=0.00..198.54 rows=9410 width=0)
	        Index Cond: ((id >= 4120977) AND (id <= 4130976))

table 6 : explain SELECT c FROM sbtest6 WHERE id BETWEEN 4964989 AND 4974988
	Bitmap Heap Scan on sbtest6  (cost=217.45..33981.54 rows=9855 width=121)
	  Recheck Cond: ((id >= 4964989) AND (id <= 4974988))
	  ->  Bitmap Index Scan on sbtest6_pkey  (cost=0.00..214.99 rows=9855 width=0)
	        Index Cond: ((id >= 4964989) AND (id <= 4974988))

table 7 : explain SELECT c FROM sbtest7 WHERE id BETWEEN 8866081 AND 8876080
	Bitmap Heap Scan on sbtest7  (cost=229.77..36553.50 rows=10667 width=121)
	  Recheck Cond: ((id >= 8866081) AND (id <= 8876080))
	  ->  Bitmap Index Scan on sbtest7_pkey  (cost=0.00..227.11 rows=10667 width=0)
	        Index Cond: ((id >= 8866081) AND (id <= 8876080))

table 8 : explain SELECT c FROM sbtest8 WHERE id BETWEEN 887939 AND 897938
	Bitmap Heap Scan on sbtest8  (cost=256.30..38530.29 rows=11304 width=121)
	  Recheck Cond: ((id >= 887939) AND (id <= 897938))
	  ->  Bitmap Index Scan on sbtest8_pkey  (cost=0.00..253.48 rows=11304 width=0)
	        Index Cond: ((id >= 887939) AND (id <= 897938))

for: order_ranges
table 1 : explain SELECT c FROM sbtest1 WHERE id BETWEEN 2570880 AND 2580879 ORDER BY c
	Sort  (cost=34414.48..34439.02 rows=9816 width=121)
	  Sort Key: c
	  ->  Bitmap Heap Scan on sbtest1  (cost=209.05..33763.63 rows=9816 width=121)
	        Recheck Cond: ((id >= 2570880) AND (id <= 2580879))
	        ->  Bitmap Index Scan on sbtest1_pkey  (cost=0.00..206.59 rows=9816 width=0)
	              Index Cond: ((id >= 2570880) AND (id <= 2580879))

table 2 : explain SELECT c FROM sbtest2 WHERE id BETWEEN 6949023 AND 6959022 ORDER BY c
	Sort  (cost=37646.67..37673.71 rows=10819 width=121)
	  Sort Key: c
	  ->  Bitmap Heap Scan on sbtest2  (cost=231.33..36921.72 rows=10819 width=121)
	        Recheck Cond: ((id >= 6949023) AND (id <= 6959022))
	        ->  Bitmap Index Scan on sbtest2_pkey  (cost=0.00..228.62 rows=10819 width=0)
	              Index Cond: ((id >= 6949023) AND (id <= 6959022))

table 3 : explain SELECT c FROM sbtest3 WHERE id BETWEEN 9902157 AND 9912156 ORDER BY c
	Sort  (cost=35786.34..35811.91 rows=10230 width=121)
	  Sort Key: c
	  ->  Bitmap Heap Scan on sbtest3  (cost=221.29..35104.99 rows=10230 width=121)
	        Recheck Cond: ((id >= 9902157) AND (id <= 9912156))
	        ->  Bitmap Index Scan on sbtest3_pkey  (cost=0.00..218.74 rows=10230 width=0)
	              Index Cond: ((id >= 9902157) AND (id <= 9912156))

table 4 : explain SELECT c FROM sbtest4 WHERE id BETWEEN 8600595 AND 8610594 ORDER BY c
	Sort  (cost=34350.28..34374.70 rows=9768 width=121)
	  Sort Key: c
	  ->  Bitmap Heap Scan on sbtest4  (cost=212.56..33702.96 rows=9768 width=121)
	        Recheck Cond: ((id >= 8600595) AND (id <= 8610594))
	        ->  Bitmap Index Scan on sbtest4_pkey  (cost=0.00..210.12 rows=9768 width=0)
	              Index Cond: ((id >= 8600595) AND (id <= 8610594))

table 5 : explain SELECT c FROM sbtest5 WHERE id BETWEEN 2637409 AND 2647408 ORDER BY c
	Sort  (cost=32811.00..32834.23 rows=9290 width=121)
	  Sort Key: c
	  ->  Bitmap Heap Scan on sbtest5  (cost=199.66..32198.72 rows=9290 width=121)
	        Recheck Cond: ((id >= 2637409) AND (id <= 2647408))
	        ->  Bitmap Index Scan on sbtest5_pkey  (cost=0.00..197.34 rows=9290 width=0)
	              Index Cond: ((id >= 2637409) AND (id <= 2647408))

table 6 : explain SELECT c FROM sbtest6 WHERE id BETWEEN 8502025 AND 8512024 ORDER BY c
	Sort  (cost=35594.78..35620.17 rows=10154 width=121)
	  Sort Key: c
	  ->  Bitmap Heap Scan on sbtest6  (cost=224.51..34919.05 rows=10154 width=121)
	        Recheck Cond: ((id >= 8502025) AND (id <= 8512024))
	        ->  Bitmap Index Scan on sbtest6_pkey  (cost=0.00..221.98 rows=10154 width=0)
	              Index Cond: ((id >= 8502025) AND (id <= 8512024))

table 7 : explain SELECT c FROM sbtest7 WHERE id BETWEEN 9896461 AND 9906460 ORDER BY c
	Sort  (cost=34652.75..34677.37 rows=9848 width=121)
	  Sort Key: c
	  ->  Bitmap Heap Scan on sbtest7  (cost=213.38..33999.55 rows=9848 width=121)
	        Recheck Cond: ((id >= 9896461) AND (id <= 9906460))
	        ->  Bitmap Index Scan on sbtest7_pkey  (cost=0.00..210.92 rows=9848 width=0)
	              Index Cond: ((id >= 9896461) AND (id <= 9906460))

table 8 : explain SELECT c FROM sbtest8 WHERE id BETWEEN 4262567 AND 4272566 ORDER BY c
	Sort  (cost=32155.97..32178.66 rows=9074 width=121)
	  Sort Key: c
	  ->  Bitmap Heap Scan on sbtest8  (cost=205.44..31559.47 rows=9074 width=121)
	        Recheck Cond: ((id >= 4262567) AND (id <= 4272566))
	        ->  Bitmap Index Scan on sbtest8_pkey  (cost=0.00..203.18 rows=9074 width=0)
	              Index Cond: ((id >= 4262567) AND (id <= 4272566))

for: sum_ranges
table 1 : explain SELECT SUM(k) FROM sbtest1 WHERE id BETWEEN 8294859 AND 8304858
	Aggregate  (cost=32930.75..32930.76 rows=1 width=8)
	  ->  Bitmap Heap Scan on sbtest1  (cost=206.23..32906.90 rows=9541 width=4)
	        Recheck Cond: ((id >= 8294859) AND (id <= 8304858))
	        ->  Bitmap Index Scan on sbtest1_pkey  (cost=0.00..203.84 rows=9541 width=0)
	              Index Cond: ((id >= 8294859) AND (id <= 8304858))

table 2 : explain SELECT SUM(k) FROM sbtest2 WHERE id BETWEEN 8069600 AND 8079599
	Aggregate  (cost=34406.68..34406.69 rows=1 width=8)
	  ->  Bitmap Heap Scan on sbtest2  (cost=214.94..34381.68 rows=10000 width=4)
	        Recheck Cond: ((id >= 8069600) AND (id <= 8079599))
	        ->  Bitmap Index Scan on sbtest2_pkey  (cost=0.00..212.44 rows=10000 width=0)
	              Index Cond: ((id >= 8069600) AND (id <= 8079599))

table 3 : explain SELECT SUM(k) FROM sbtest3 WHERE id BETWEEN 2664928 AND 2674927
	Aggregate  (cost=36474.83..36474.84 rows=1 width=8)
	  ->  Bitmap Heap Scan on sbtest3  (cost=229.74..36448.17 rows=10664 width=4)
	        Recheck Cond: ((id >= 2664928) AND (id <= 2674927))
	        ->  Bitmap Index Scan on sbtest3_pkey  (cost=0.00..227.07 rows=10664 width=0)
	              Index Cond: ((id >= 2664928) AND (id <= 2674927))

table 4 : explain SELECT SUM(k) FROM sbtest4 WHERE id BETWEEN 7371186 AND 7381185
	Aggregate  (cost=34502.30..34502.31 rows=1 width=8)
	  ->  Bitmap Heap Scan on sbtest4  (cost=219.09..34477.26 rows=10015 width=4)
	        Recheck Cond: ((id >= 7371186) AND (id <= 7381185))
	        ->  Bitmap Index Scan on sbtest4_pkey  (cost=0.00..216.59 rows=10015 width=0)
	              Index Cond: ((id >= 7371186) AND (id <= 7381185))

table 5 : explain SELECT SUM(k) FROM sbtest5 WHERE id BETWEEN 9085507 AND 9095506
	Aggregate  (cost=35745.73..35745.74 rows=1 width=8)
	  ->  Bitmap Heap Scan on sbtest5  (cost=223.18..35719.70 rows=10414 width=4)
	        Recheck Cond: ((id >= 9085507) AND (id <= 9095506))
	        ->  Bitmap Index Scan on sbtest5_pkey  (cost=0.00..220.57 rows=10414 width=0)
	              Index Cond: ((id >= 9085507) AND (id <= 9095506))

table 6 : explain SELECT SUM(k) FROM sbtest6 WHERE id BETWEEN 6177829 AND 6187828
	Aggregate  (cost=37636.32..37636.33 rows=1 width=8)
	  ->  Bitmap Heap Scan on sbtest6  (cost=241.41..37608.76 rows=11022 width=4)
	        Recheck Cond: ((id >= 6177829) AND (id <= 6187828))
	        ->  Bitmap Index Scan on sbtest6_pkey  (cost=0.00..238.66 rows=11022 width=0)
	              Index Cond: ((id >= 6177829) AND (id <= 6187828))

table 7 : explain SELECT SUM(k) FROM sbtest7 WHERE id BETWEEN 9532857 AND 9542856
	Aggregate  (cost=34490.10..34490.11 rows=1 width=8)
	  ->  Bitmap Heap Scan on sbtest7  (cost=218.89..34465.11 rows=9996 width=4)
	        Recheck Cond: ((id >= 9532857) AND (id <= 9542856))
	        ->  Bitmap Index Scan on sbtest7_pkey  (cost=0.00..216.40 rows=9996 width=0)
	              Index Cond: ((id >= 9532857) AND (id <= 9542856))

table 8 : explain SELECT SUM(k) FROM sbtest8 WHERE id BETWEEN 5049813 AND 5059812
	Aggregate  (cost=37104.19..37104.20 rows=1 width=8)
	  ->  Bitmap Heap Scan on sbtest8  (cost=243.48..37077.11 rows=10834 width=4)
	        Recheck Cond: ((id >= 5049813) AND (id <= 5059812))
	        ->  Bitmap Index Scan on sbtest8_pkey  (cost=0.00..240.78 rows=10834 width=0)
	              Index Cond: ((id >= 5049813) AND (id <= 5059812))

for: sum_ranges
table 1 : explain SELECT SUM(k) FROM sbtest1 WHERE id BETWEEN 5757114 AND 5767113
	Aggregate  (cost=37426.69..37426.70 rows=1 width=8)
	  ->  Bitmap Heap Scan on sbtest1  (cost=237.08..37399.21 rows=10990 width=4)
	        Recheck Cond: ((id >= 5757114) AND (id <= 5767113))
	        ->  Bitmap Index Scan on sbtest1_pkey  (cost=0.00..234.34 rows=10990 width=0)
	              Index Cond: ((id >= 5757114) AND (id <= 5767113))

table 2 : explain SELECT SUM(k) FROM sbtest2 WHERE id BETWEEN 8591008 AND 8601007
	Aggregate  (cost=34628.46..34628.47 rows=1 width=8)
	  ->  Bitmap Heap Scan on sbtest2  (cost=215.66..34603.28 rows=10071 width=4)
	        Recheck Cond: ((id >= 8591008) AND (id <= 8601007))
	        ->  Bitmap Index Scan on sbtest2_pkey  (cost=0.00..213.15 rows=10071 width=0)
	              Index Cond: ((id >= 8591008) AND (id <= 8601007))

table 3 : explain SELECT SUM(k) FROM sbtest3 WHERE id BETWEEN 7979119 AND 7989118
	Aggregate  (cost=33663.06..33663.07 rows=1 width=8)
	  ->  Bitmap Heap Scan on sbtest3  (cost=212.48..33638.66 rows=9760 width=4)
	        Recheck Cond: ((id >= 7979119) AND (id <= 7989118))
	        ->  Bitmap Index Scan on sbtest3_pkey  (cost=0.00..210.04 rows=9760 width=0)
	              Index Cond: ((id >= 7979119) AND (id <= 7989118))

table 4 : explain SELECT SUM(k) FROM sbtest4 WHERE id BETWEEN 483233 AND 493232
	Aggregate  (cost=34708.34..34708.35 rows=1 width=8)
	  ->  Bitmap Heap Scan on sbtest4  (cost=219.77..34683.13 rows=10081 width=4)
	        Recheck Cond: ((id >= 483233) AND (id <= 493232))
	        ->  Bitmap Index Scan on sbtest4_pkey  (cost=0.00..217.25 rows=10081 width=0)
	              Index Cond: ((id >= 483233) AND (id <= 493232))

table 5 : explain SELECT SUM(k) FROM sbtest5 WHERE id BETWEEN 9502969 AND 9512968
	Aggregate  (cost=33580.92..33580.93 rows=1 width=8)
	  ->  Bitmap Heap Scan on sbtest5  (cost=208.08..33556.62 rows=9721 width=4)
	        Recheck Cond: ((id >= 9502969) AND (id <= 9512968))
	        ->  Bitmap Index Scan on sbtest5_pkey  (cost=0.00..205.65 rows=9721 width=0)
	              Index Cond: ((id >= 9502969) AND (id <= 9512968))

table 6 : explain SELECT SUM(k) FROM sbtest6 WHERE id BETWEEN 3029459 AND 3039458
	Aggregate  (cost=33245.77..33245.78 rows=1 width=8)
	  ->  Bitmap Heap Scan on sbtest6  (cost=210.97..33221.74 rows=9613 width=4)
	        Recheck Cond: ((id >= 3029459) AND (id <= 3039458))
	        ->  Bitmap Index Scan on sbtest6_pkey  (cost=0.00..208.56 rows=9613 width=0)
	              Index Cond: ((id >= 3029459) AND (id <= 3039458))

table 7 : explain SELECT SUM(k) FROM sbtest7 WHERE id BETWEEN 7907026 AND 7917025
	Aggregate  (cost=34428.76..34428.77 rows=1 width=8)
	  ->  Bitmap Heap Scan on sbtest7  (cost=218.69..34403.82 rows=9976 width=4)
	        Recheck Cond: ((id >= 7907026) AND (id <= 7917025))
	        ->  Bitmap Index Scan on sbtest7_pkey  (cost=0.00..216.19 rows=9976 width=0)
	              Index Cond: ((id >= 7907026) AND (id <= 7917025))

table 8 : explain SELECT SUM(k) FROM sbtest8 WHERE id BETWEEN 5008387 AND 5018386
	Aggregate  (cost=34863.14..34863.15 rows=1 width=8)
	  ->  Bitmap Heap Scan on sbtest8  (cost=228.10..34837.86 rows=10114 width=4)
	        Recheck Cond: ((id >= 5008387) AND (id <= 5018386))
	        ->  Bitmap Index Scan on sbtest8_pkey  (cost=0.00..225.57 rows=10114 width=0)
	              Index Cond: ((id >= 5008387) AND (id <= 5018386))

for: distinct_ranges
table 1 : explain SELECT DISTINCT c FROM sbtest1 WHERE id BETWEEN 4262695 AND 4272694 ORDER BY c
	Unique  (cost=36393.19..36445.38 rows=10438 width=121)
	  ->  Sort  (cost=36393.19..36419.28 rows=10438 width=121)
	        Sort Key: c
	        ->  Bitmap Heap Scan on sbtest1  (cost=223.42..35696.47 rows=10438 width=121)
	              Recheck Cond: ((id >= 4262695) AND (id <= 4272694))
	              ->  Bitmap Index Scan on sbtest1_pkey  (cost=0.00..220.81 rows=10438 width=0)
	                    Index Cond: ((id >= 4262695) AND (id <= 4272694))

table 2 : explain SELECT DISTINCT c FROM sbtest2 WHERE id BETWEEN 2932276 AND 2942275 ORDER BY c
	Unique  (cost=36997.56..37050.63 rows=10613 width=121)
	  ->  Sort  (cost=36997.56..37024.09 rows=10613 width=121)
	        Sort Key: c
	        ->  Bitmap Heap Scan on sbtest2  (cost=229.22..36287.89 rows=10613 width=121)
	              Recheck Cond: ((id >= 2932276) AND (id <= 2942275))
	              ->  Bitmap Index Scan on sbtest2_pkey  (cost=0.00..226.56 rows=10613 width=0)
	                    Index Cond: ((id >= 2932276) AND (id <= 2942275))

table 3 : explain SELECT DISTINCT c FROM sbtest3 WHERE id BETWEEN 7150890 AND 7160889 ORDER BY c
	Unique  (cost=33637.30..33685.10 rows=9559 width=121)
	  ->  Sort  (cost=33637.30..33661.20 rows=9559 width=121)
	        Sort Key: c
	        ->  Bitmap Heap Scan on sbtest3  (cost=206.41..33005.32 rows=9559 width=121)
	              Recheck Cond: ((id >= 7150890) AND (id <= 7160889))
	              ->  Bitmap Index Scan on sbtest3_pkey  (cost=0.00..204.03 rows=9559 width=0)
	                    Index Cond: ((id >= 7150890) AND (id <= 7160889))

table 4 : explain SELECT DISTINCT c FROM sbtest4 WHERE id BETWEEN 4651217 AND 4661216 ORDER BY c
	Unique  (cost=32589.62..32635.73 rows=9222 width=121)
	  ->  Sort  (cost=32589.62..32612.67 rows=9222 width=121)
	        Sort Key: c
	        ->  Bitmap Heap Scan on sbtest4  (cost=202.96..31982.31 rows=9222 width=121)
	              Recheck Cond: ((id >= 4651217) AND (id <= 4661216))
	              ->  Bitmap Index Scan on sbtest4_pkey  (cost=0.00..200.66 rows=9222 width=0)
	                    Index Cond: ((id >= 4651217) AND (id <= 4661216))

table 5 : explain SELECT DISTINCT c FROM sbtest5 WHERE id BETWEEN 8040857 AND 8050856 ORDER BY c
	Unique  (cost=35938.70..35990.02 rows=10264 width=121)
	  ->  Sort  (cost=35938.70..35964.36 rows=10264 width=121)
	        Sort Key: c
	        ->  Bitmap Heap Scan on sbtest5  (cost=221.64..35254.85 rows=10264 width=121)
	              Recheck Cond: ((id >= 8040857) AND (id <= 8050856))
	              ->  Bitmap Index Scan on sbtest5_pkey  (cost=0.00..219.07 rows=10264 width=0)
	                    Index Cond: ((id >= 8040857) AND (id <= 8050856))

table 6 : explain SELECT DISTINCT c FROM sbtest6 WHERE id BETWEEN 2866004 AND 2876003 ORDER BY c
	Unique  (cost=34377.61..34426.48 rows=9774 width=121)
	  ->  Sort  (cost=34377.61..34402.04 rows=9774 width=121)
	        Sort Key: c
	        ->  Bitmap Heap Scan on sbtest6  (cost=216.62..33729.85 rows=9774 width=121)
	              Recheck Cond: ((id >= 2866004) AND (id <= 2876003))
	              ->  Bitmap Index Scan on sbtest6_pkey  (cost=0.00..214.18 rows=9774 width=0)
	                    Index Cond: ((id >= 2866004) AND (id <= 2876003))

table 7 : explain SELECT DISTINCT c FROM sbtest7 WHERE id BETWEEN 7255192 AND 7265191 ORDER BY c
	Unique  (cost=32403.77..32449.53 rows=9153 width=121)
	  ->  Sort  (cost=32403.77..32426.65 rows=9153 width=121)
	        Sort Key: c
	        ->  Bitmap Heap Scan on sbtest7  (cost=198.25..31801.50 rows=9153 width=121)
	              Recheck Cond: ((id >= 7255192) AND (id <= 7265191))
	              ->  Bitmap Index Scan on sbtest7_pkey  (cost=0.00..195.97 rows=9153 width=0)
	                    Index Cond: ((id >= 7255192) AND (id <= 7265191))

table 8 : explain SELECT DISTINCT c FROM sbtest8 WHERE id BETWEEN 4070090 AND 4080089 ORDER BY c
	Unique  (cost=35147.82..35197.82 rows=10000 width=121)
	  ->  Sort  (cost=35147.82..35172.82 rows=10000 width=121)
	        Sort Key: c
	        ->  Bitmap Heap Scan on sbtest8  (cost=226.94..34483.43 rows=10000 width=121)
	              Recheck Cond: ((id >= 4070090) AND (id <= 4080089))
	              ->  Bitmap Index Scan on sbtest8_pkey  (cost=0.00..224.44 rows=10000 width=0)
	                    Index Cond: ((id >= 4070090) AND (id <= 4080089))

for: order_ranges
table 1 : explain SELECT c FROM sbtest1 WHERE id BETWEEN 3544907 AND 3554906 ORDER BY c
	Sort  (cost=36128.42..36154.30 rows=10354 width=121)
	  Sort Key: c
	  ->  Bitmap Heap Scan on sbtest1  (cost=222.56..35437.92 rows=10354 width=121)
	        Recheck Cond: ((id >= 3544907) AND (id <= 3554906))
	        ->  Bitmap Index Scan on sbtest1_pkey  (cost=0.00..219.98 rows=10354 width=0)
	              Index Cond: ((id >= 3544907) AND (id <= 3554906))

table 2 : explain SELECT c FROM sbtest2 WHERE id BETWEEN 7621879 AND 7631878 ORDER BY c
	Sort  (cost=38119.50..38146.92 rows=10969 width=121)
	  Sort Key: c
	  ->  Bitmap Heap Scan on sbtest2  (cost=236.87..37383.42 rows=10969 width=121)
	        Recheck Cond: ((id >= 7621879) AND (id <= 7631878))
	        ->  Bitmap Index Scan on sbtest2_pkey  (cost=0.00..234.12 rows=10969 width=0)
	              Index Cond: ((id >= 7621879) AND (id <= 7631878))

table 3 : explain SELECT c FROM sbtest3 WHERE id BETWEEN 2142333 AND 2152332 ORDER BY c
	Sort  (cost=36258.38..36284.33 rows=10379 width=121)
	  Sort Key: c
	  ->  Bitmap Heap Scan on sbtest3  (cost=222.82..35566.03 rows=10379 width=121)
	        Recheck Cond: ((id >= 2142333) AND (id <= 2152332))
	        ->  Bitmap Index Scan on sbtest3_pkey  (cost=0.00..220.23 rows=10379 width=0)
	              Index Cond: ((id >= 2142333) AND (id <= 2152332))

table 4 : explain SELECT c FROM sbtest4 WHERE id BETWEEN 1388531 AND 1398530 ORDER BY c
	Sort  (cost=36093.86..36119.65 rows=10313 width=121)
	  Sort Key: c
	  ->  Bitmap Heap Scan on sbtest4  (cost=226.14..35406.39 rows=10313 width=121)
	        Recheck Cond: ((id >= 1388531) AND (id <= 1398530))
	        ->  Bitmap Index Scan on sbtest4_pkey  (cost=0.00..223.56 rows=10313 width=0)
	              Index Cond: ((id >= 1388531) AND (id <= 1398530))

table 5 : explain SELECT c FROM sbtest5 WHERE id BETWEEN 1908305 AND 1918304 ORDER BY c
	Sort  (cost=34716.53..34741.24 rows=9882 width=121)
	  Sort Key: c
	  ->  Bitmap Heap Scan on sbtest5  (cost=213.73..34060.83 rows=9882 width=121)
	        Recheck Cond: ((id >= 1908305) AND (id <= 1918304))
	        ->  Bitmap Index Scan on sbtest5_pkey  (cost=0.00..211.25 rows=9882 width=0)
	              Index Cond: ((id >= 1908305) AND (id <= 1918304))

table 6 : explain SELECT c FROM sbtest6 WHERE id BETWEEN 5137079 AND 5147078 ORDER BY c
	Sort  (cost=33943.75..33967.85 rows=9640 width=121)
	  Sort Key: c
	  ->  Bitmap Heap Scan on sbtest6  (cost=211.25..33305.83 rows=9640 width=121)
	        Recheck Cond: ((id >= 5137079) AND (id <= 5147078))
	        ->  Bitmap Index Scan on sbtest6_pkey  (cost=0.00..208.84 rows=9640 width=0)
	              Index Cond: ((id >= 5137079) AND (id <= 5147078))

table 7 : explain SELECT c FROM sbtest7 WHERE id BETWEEN 8893594 AND 8903593 ORDER BY c
	Sort  (cost=37267.17..37293.83 rows=10667 width=121)
	  Sort Key: c
	  ->  Bitmap Heap Scan on sbtest7  (cost=229.77..36553.50 rows=10667 width=121)
	        Recheck Cond: ((id >= 8893594) AND (id <= 8903593))
	        ->  Bitmap Index Scan on sbtest7_pkey  (cost=0.00..227.11 rows=10667 width=0)
	              Index Cond: ((id >= 8893594) AND (id <= 8903593))

table 8 : explain SELECT c FROM sbtest8 WHERE id BETWEEN 3648124 AND 3658123 ORDER BY c
	Sort  (cost=34714.48..34739.14 rows=9866 width=121)
	  Sort Key: c
	  ->  Bitmap Heap Scan on sbtest8  (cost=221.56..34059.95 rows=9866 width=121)
	        Recheck Cond: ((id >= 3648124) AND (id <= 3658123))
	        ->  Bitmap Index Scan on sbtest8_pkey  (cost=0.00..219.09 rows=9866 width=0)
	              Index Cond: ((id >= 3648124) AND (id <= 3658123))

for: order_ranges
table 1 : explain SELECT c FROM sbtest1 WHERE id BETWEEN 5652856 AND 5662855 ORDER BY c
	Sort  (cost=35719.27..35744.83 rows=10224 width=121)
	  Sort Key: c
	  ->  Bitmap Heap Scan on sbtest1  (cost=221.23..35038.37 rows=10224 width=121)
	        Recheck Cond: ((id >= 5652856) AND (id <= 5662855))
	        ->  Bitmap Index Scan on sbtest1_pkey  (cost=0.00..218.68 rows=10224 width=0)
	              Index Cond: ((id >= 5652856) AND (id <= 5662855))

table 2 : explain SELECT c FROM sbtest2 WHERE id BETWEEN 3054704 AND 3064703 ORDER BY c
	Sort  (cost=36198.87..36224.78 rows=10362 width=121)
	  Sort Key: c
	  ->  Bitmap Heap Scan on sbtest2  (cost=222.65..35507.78 rows=10362 width=121)
	        Recheck Cond: ((id >= 3054704) AND (id <= 3064703))
	        ->  Bitmap Index Scan on sbtest2_pkey  (cost=0.00..220.06 rows=10362 width=0)
	              Index Cond: ((id >= 3054704) AND (id <= 3064703))

table 3 : explain SELECT c FROM sbtest3 WHERE id BETWEEN 2676412 AND 2686411 ORDER BY c
	Sort  (cost=37161.61..37188.27 rows=10664 width=121)
	  Sort Key: c
	  ->  Bitmap Heap Scan on sbtest3  (cost=229.74..36448.17 rows=10664 width=121)
	        Recheck Cond: ((id >= 2676412) AND (id <= 2686411))
	        ->  Bitmap Index Scan on sbtest3_pkey  (cost=0.00..227.07 rows=10664 width=0)
	              Index Cond: ((id >= 2676412) AND (id <= 2686411))

table 4 : explain SELECT c FROM sbtest4 WHERE id BETWEEN 8428172 AND 8438171 ORDER BY c
	Sort  (cost=33407.06..33430.75 rows=9474 width=121)
	  Sort Key: c
	  ->  Bitmap Heap Scan on sbtest4  (cost=209.54..32781.32 rows=9474 width=121)
	        Recheck Cond: ((id >= 8428172) AND (id <= 8438171))
	        ->  Bitmap Index Scan on sbtest4_pkey  (cost=0.00..207.18 rows=9474 width=0)
	              Index Cond: ((id >= 8428172) AND (id <= 8438171))

table 5 : explain SELECT c FROM sbtest5 WHERE id BETWEEN 6235714 AND 6245713 ORDER BY c
	Sort  (cost=33889.63..33913.69 rows=9625 width=121)
	  Sort Key: c
	  ->  Bitmap Heap Scan on sbtest5  (cost=207.09..33252.81 rows=9625 width=121)
	        Recheck Cond: ((id >= 6235714) AND (id <= 6245713))
	        ->  Bitmap Index Scan on sbtest5_pkey  (cost=0.00..204.69 rows=9625 width=0)
	              Index Cond: ((id >= 6235714) AND (id <= 6245713))

table 6 : explain SELECT c FROM sbtest6 WHERE id BETWEEN 9005666 AND 9015665 ORDER BY c
	Sort  (cost=38042.52..38069.83 rows=10925 width=121)
	  Sort Key: c
	  ->  Bitmap Heap Scan on sbtest6  (cost=240.42..37309.70 rows=10925 width=121)
	        Recheck Cond: ((id >= 9005666) AND (id <= 9015665))
	        ->  Bitmap Index Scan on sbtest6_pkey  (cost=0.00..237.69 rows=10925 width=0)
	              Index Cond: ((id >= 9005666) AND (id <= 9015665))

table 7 : explain SELECT c FROM sbtest7 WHERE id BETWEEN 4386914 AND 4396913 ORDER BY c
	Sort  (cost=34153.09..34177.33 rows=9693 width=121)
	  Sort Key: c
	  ->  Bitmap Heap Scan on sbtest7  (cost=211.79..33511.28 rows=9693 width=121)
	        Recheck Cond: ((id >= 4386914) AND (id <= 4396913))
	        ->  Bitmap Index Scan on sbtest7_pkey  (cost=0.00..209.37 rows=9693 width=0)
	              Index Cond: ((id >= 4386914) AND (id <= 4396913))

table 8 : explain SELECT c FROM sbtest8 WHERE id BETWEEN 9934069 AND 9944068 ORDER BY c
	Sort  (cost=33913.36..33937.40 rows=9616 width=121)
	  Sort Key: c
	  ->  Bitmap Heap Scan on sbtest8  (cost=219.00..33277.21 rows=9616 width=121)
	        Recheck Cond: ((id >= 9934069) AND (id <= 9944068))
	        ->  Bitmap Index Scan on sbtest8_pkey  (cost=0.00..216.59 rows=9616 width=0)
	              Index Cond: ((id >= 9934069) AND (id <= 9944068))

for: distinct_ranges
table 1 : explain SELECT DISTINCT c FROM sbtest1 WHERE id BETWEEN 5542267 AND 5552266 ORDER BY c
	Unique  (cost=33176.74..33223.89 rows=9430 width=121)
	  ->  Sort  (cost=33176.74..33200.31 rows=9430 width=121)
	        Sort Key: c
	        ->  Bitmap Heap Scan on sbtest1  (cost=201.09..32554.21 rows=9430 width=121)
	              Recheck Cond: ((id >= 5542267) AND (id <= 5552266))
	              ->  Bitmap Index Scan on sbtest1_pkey  (cost=0.00..198.74 rows=9430 width=0)
	                    Index Cond: ((id >= 5542267) AND (id <= 5552266))

table 2 : explain SELECT DISTINCT c FROM sbtest2 WHERE id BETWEEN 8270495 AND 8280494 ORDER BY c
	Unique  (cost=34472.39..34521.50 rows=9821 width=121)
	  ->  Sort  (cost=34472.39..34496.95 rows=9821 width=121)
	        Sort Key: c
	        ->  Bitmap Heap Scan on sbtest2  (cost=209.10..33821.18 rows=9821 width=121)
	              Recheck Cond: ((id >= 8270495) AND (id <= 8280494))
	              ->  Bitmap Index Scan on sbtest2_pkey  (cost=0.00..206.65 rows=9821 width=0)
	                    Index Cond: ((id >= 8270495) AND (id <= 8280494))

table 3 : explain SELECT DISTINCT c FROM sbtest3 WHERE id BETWEEN 5679555 AND 5689554 ORDER BY c
	Unique  (cost=37657.31..37711.42 rows=10821 width=121)
	  ->  Sort  (cost=37657.31..37684.37 rows=10821 width=121)
	        Sort Key: c
	        ->  Bitmap Heap Scan on sbtest3  (cost=231.35..36932.22 rows=10821 width=121)
	              Recheck Cond: ((id >= 5679555) AND (id <= 5689554))
	              ->  Bitmap Index Scan on sbtest3_pkey  (cost=0.00..228.65 rows=10821 width=0)
	                    Index Cond: ((id >= 5679555) AND (id <= 5689554))

table 4 : explain SELECT DISTINCT c FROM sbtest4 WHERE id BETWEEN 5425805 AND 5435804 ORDER BY c
	Unique  (cost=38923.63..38979.67 rows=11207 width=121)
	  ->  Sort  (cost=38923.63..38951.65 rows=11207 width=121)
	        Sort Key: c
	        ->  Bitmap Heap Scan on sbtest4  (cost=243.31..38169.84 rows=11207 width=121)
	              Recheck Cond: ((id >= 5425805) AND (id <= 5435804))
	              ->  Bitmap Index Scan on sbtest4_pkey  (cost=0.00..240.50 rows=11207 width=0)
	                    Index Cond: ((id >= 5425805) AND (id <= 5435804))

table 5 : explain SELECT DISTINCT c FROM sbtest5 WHERE id BETWEEN 8302268 AND 8312267 ORDER BY c
	Unique  (cost=35408.52..35459.01 rows=10098 width=121)
	  ->  Sort  (cost=35408.52..35433.76 rows=10098 width=121)
	        Sort Key: c
	        ->  Bitmap Heap Scan on sbtest5  (cost=215.94..34736.91 rows=10098 width=121)
	              Recheck Cond: ((id >= 8302268) AND (id <= 8312267))
	              ->  Bitmap Index Scan on sbtest5_pkey  (cost=0.00..213.42 rows=10098 width=0)
	                    Index Cond: ((id >= 8302268) AND (id <= 8312267))

table 6 : explain SELECT DISTINCT c FROM sbtest6 WHERE id BETWEEN 6014140 AND 6024139 ORDER BY c
	Unique  (cost=34707.79..34757.18 rows=9877 width=121)
	  ->  Sort  (cost=34707.79..34732.48 rows=9877 width=121)
	        Sort Key: c
	        ->  Bitmap Heap Scan on sbtest6  (cost=217.67..34052.46 rows=9877 width=121)
	              Recheck Cond: ((id >= 6014140) AND (id <= 6024139))
	              ->  Bitmap Index Scan on sbtest6_pkey  (cost=0.00..215.20 rows=9877 width=0)
	                    Index Cond: ((id >= 6014140) AND (id <= 6024139))

table 7 : explain SELECT DISTINCT c FROM sbtest7 WHERE id BETWEEN 4805180 AND 4815179 ORDER BY c
	Unique  (cost=34023.80..34072.06 rows=9652 width=121)
	  ->  Sort  (cost=34023.80..34047.93 rows=9652 width=121)
	        Sort Key: c
	        ->  Bitmap Heap Scan on sbtest7  (cost=211.37..33385.00 rows=9652 width=121)
	              Recheck Cond: ((id >= 4805180) AND (id <= 4815179))
	              ->  Bitmap Index Scan on sbtest7_pkey  (cost=0.00..208.95 rows=9652 width=0)
	                    Index Cond: ((id >= 4805180) AND (id <= 4815179))

table 8 : explain SELECT DISTINCT c FROM sbtest8 WHERE id BETWEEN 6762551 AND 6772550 ORDER BY c
	Unique  (cost=34102.28..34150.66 rows=9675 width=121)
	  ->  Sort  (cost=34102.28..34126.47 rows=9675 width=121)
	        Sort Key: c
	        ->  Bitmap Heap Scan on sbtest8  (cost=219.60..33461.79 rows=9675 width=121)
	              Recheck Cond: ((id >= 6762551) AND (id <= 6772550))
	              ->  Bitmap Index Scan on sbtest8_pkey  (cost=0.00..217.19 rows=9675 width=0)
	                    Index Cond: ((id >= 6762551) AND (id <= 6772550))

for: distinct_ranges
table 1 : explain SELECT DISTINCT c FROM sbtest1 WHERE id BETWEEN 3262735 AND 3272734 ORDER BY c
	Unique  (cost=35659.65..35710.68 rows=10207 width=121)
	  ->  Sort  (cost=35659.65..35685.16 rows=10207 width=121)
	        Sort Key: c
	        ->  Bitmap Heap Scan on sbtest1  (cost=217.06..34980.00 rows=10207 width=121)
	              Recheck Cond: ((id >= 3262735) AND (id <= 3272734))
	              ->  Bitmap Index Scan on sbtest1_pkey  (cost=0.00..214.50 rows=10207 width=0)
	                    Index Cond: ((id >= 3262735) AND (id <= 3272734))

table 2 : explain SELECT DISTINCT c FROM sbtest2 WHERE id BETWEEN 1037422 AND 1047421 ORDER BY c
	Unique  (cost=35588.20..35639.05 rows=10170 width=121)
	  ->  Sort  (cost=35588.20..35613.62 rows=10170 width=121)
	        Sort Key: c
	        ->  Bitmap Heap Scan on sbtest2  (cost=216.68..34911.28 rows=10170 width=121)
	              Recheck Cond: ((id >= 1037422) AND (id <= 1047421))
	              ->  Bitmap Index Scan on sbtest2_pkey  (cost=0.00..214.13 rows=10170 width=0)
	                    Index Cond: ((id >= 1037422) AND (id <= 1047421))

table 3 : explain SELECT DISTINCT c FROM sbtest3 WHERE id BETWEEN 9682822 AND 9692821 ORDER BY c
	Unique  (cost=35316.03..35366.44 rows=10083 width=121)
	  ->  Sort  (cost=35316.03..35341.23 rows=10083 width=121)
	        Sort Key: c
	        ->  Bitmap Heap Scan on sbtest3  (cost=215.79..34645.52 rows=10083 width=121)
	              Recheck Cond: ((id >= 9682822) AND (id <= 9692821))
	              ->  Bitmap Index Scan on sbtest3_pkey  (cost=0.00..213.26 rows=10083 width=0)
	                    Index Cond: ((id >= 9682822) AND (id <= 9692821))

table 4 : explain SELECT DISTINCT c FROM sbtest4 WHERE id BETWEEN 1090591 AND 1100590 ORDER BY c
	Unique  (cost=32865.44..32911.97 rows=9307 width=121)
	  ->  Sort  (cost=32865.44..32888.71 rows=9307 width=121)
	        Sort Key: c
	        ->  Bitmap Heap Scan on sbtest4  (cost=203.83..32251.92 rows=9307 width=121)
	              Recheck Cond: ((id >= 1090591) AND (id <= 1100590))
	              ->  Bitmap Index Scan on sbtest4_pkey  (cost=0.00..201.50 rows=9307 width=0)
	                    Index Cond: ((id >= 1090591) AND (id <= 1100590))

table 5 : explain SELECT DISTINCT c FROM sbtest5 WHERE id BETWEEN 1577230 AND 1587229 ORDER BY c
	Unique  (cost=35293.31..35343.62 rows=10062 width=121)
	  ->  Sort  (cost=35293.31..35318.47 rows=10062 width=121)
	        Sort Key: c
	        ->  Bitmap Heap Scan on sbtest5  (cost=215.57..34624.36 rows=10062 width=121)
	              Recheck Cond: ((id >= 1577230) AND (id <= 1587229))
	              ->  Bitmap Index Scan on sbtest5_pkey  (cost=0.00..213.06 rows=10062 width=0)
	                    Index Cond: ((id >= 1577230) AND (id <= 1587229))

table 6 : explain SELECT DISTINCT c FROM sbtest6 WHERE id BETWEEN 1186082 AND 1196081 ORDER BY c
	Unique  (cost=33190.81..33237.85 rows=9407 width=121)
	  ->  Sort  (cost=33190.81..33214.33 rows=9407 width=121)
	        Sort Key: c
	        ->  Bitmap Heap Scan on sbtest6  (cost=204.86..32569.97 rows=9407 width=121)
	              Recheck Cond: ((id >= 1186082) AND (id <= 1196081))
	              ->  Bitmap Index Scan on sbtest6_pkey  (cost=0.00..202.50 rows=9407 width=0)
	                    Index Cond: ((id >= 1186082) AND (id <= 1196081))

table 7 : explain SELECT DISTINCT c FROM sbtest7 WHERE id BETWEEN 6270125 AND 6280124 ORDER BY c
	Unique  (cost=33857.41..33905.42 rows=9602 width=121)
	  ->  Sort  (cost=33857.41..33881.42 rows=9602 width=121)
	        Sort Key: c
	        ->  Bitmap Heap Scan on sbtest7  (cost=206.86..33222.28 rows=9602 width=121)
	              Recheck Cond: ((id >= 6270125) AND (id <= 6280124))
	              ->  Bitmap Index Scan on sbtest7_pkey  (cost=0.00..204.45 rows=9602 width=0)
	                    Index Cond: ((id >= 6270125) AND (id <= 6280124))

table 8 : explain SELECT DISTINCT c FROM sbtest8 WHERE id BETWEEN 5195623 AND 5205622 ORDER BY c
	Unique  (cost=32115.97..32161.28 rows=9062 width=121)
	  ->  Sort  (cost=32115.97..32138.62 rows=9062 width=121)
	        Sort Key: c
	        ->  Bitmap Heap Scan on sbtest8  (cost=205.32..31520.34 rows=9062 width=121)
	              Recheck Cond: ((id >= 5195623) AND (id <= 5205622))
	              ->  Bitmap Index Scan on sbtest8_pkey  (cost=0.00..203.06 rows=9062 width=0)
	                    Index Cond: ((id >= 5195623) AND (id <= 5205622))

Threads started!

Warming up for 5 seconds...

SQL statistics:
    queries performed:
        read:                            4028722
        write:                           0
        other:                           575558
        total:                           4604280
    transactions:                        287799 (456.76 per sec.)
    queries:                             4604280 (7307.43 per sec.)
    ignored errors:                      0      (0.00 per sec.)
    reconnects:                          0      (0.00 per sec.)

Throughput:
    events/s (eps):                      456.7642
    time elapsed:                        630.0826s
    total number of events:              287799

Latency (ms):
         min:                                   54.30
         avg:                                   87.57
         max:                                  102.58
         95th percentile:                       90.78
         sum:                             25202566.53

Threads fairness:
    events (avg/stddev):           7194.9500/17.88
    execution time (avg/stddev):   630.0642/0.03

