LUA_PATH=/home/mdcallag/git/mytools/bench/sysbench.lua/lua/?.lua /home/mdcallag/git/mytools/bench/sysbench.lua/lua/sysbench --db-driver=pgsql --range-size=100 --table-size=10000000 --tables=8 --threads=40 --events=0 --warmup-time=5 --time=630 --pgsql_conn_id=true /home/mdcallag/git/mytools/bench/sysbench.lua/lua/oltp_range_covered.lua run --pgsql-user=root --pgsql-password=pw --pgsql-host=127.0.0.1 --pgsql-db=ib --rand-type=uniform --random-points=100 --skip-trx --on-id=false --covered=false
48 CPUs
sysbench 1.1.0-9072687 (using bundled LuaJIT 2.1.0-beta3)

Running the test with following options:
Number of threads: 40
Warmup time: 5s
Initializing random number generator from current time


Initializing worker threads...

explain: for range-notcovered :: explain SELECT k, c FROM sbtest%d WHERE k BETWEEN 4794561 AND 4794661
explain: for range-notcovered :: explain SELECT k, c FROM sbtest%d WHERE k BETWEEN 6859512 AND 6859612
explain: for range-notcovered :: explain SELECT k, c FROM sbtest%d WHERE k BETWEEN 4410081 AND 4410181
explain: for range-notcovered :: explain SELECT k, c FROM sbtest%d WHERE k BETWEEN 6904500 AND 6904600
explain: for range-notcovered :: explain SELECT k, c FROM sbtest%d WHERE k BETWEEN 2639083 AND 2639183
explain: for range-notcovered :: explain SELECT k, c FROM sbtest%d WHERE k BETWEEN 3346171 AND 3346271
explain: for range-notcovered :: explain SELECT k, c FROM sbtest%d WHERE k BETWEEN 5399909 AND 5400009
explain: for range-notcovered :: explain SELECT k, c FROM sbtest%d WHERE k BETWEEN 5153009 AND 5153109
explain: for range-notcovered :: explain SELECT k, c FROM sbtest%d WHERE k BETWEEN 4243065 AND 4243165
explain: for range-notcovered :: explain SELECT k, c FROM sbtest%d WHERE k BETWEEN 1173834 AND 1173934
explain: for range-notcovered :: explain SELECT k, c FROM sbtest%d WHERE k BETWEEN 4704269 AND 4704369
explain: for range-notcovered :: explain SELECT k, c FROM sbtest%d WHERE k BETWEEN 7000310 AND 7000410
explain: for range-notcovered :: explain SELECT k, c FROM sbtest%d WHERE k BETWEEN 5001065 AND 5001165
explain: for range-notcovered :: explain SELECT k, c FROM sbtest%d WHERE k BETWEEN 6737646 AND 6737746
explain: for range-notcovered :: explain SELECT k, c FROM sbtest%d WHERE k BETWEEN 4101353 AND 4101453
explain: for range-notcovered :: explain SELECT k, c FROM sbtest%d WHERE k BETWEEN 5522101 AND 5522201
explain: for range-notcovered :: explain SELECT k, c FROM sbtest%d WHERE k BETWEEN 4028203 AND 4028303
explain: for range-notcovered :: explain SELECT k, c FROM sbtest%d WHERE k BETWEEN 4455370 AND 4455470
explain: for range-notcovered :: explain SELECT k, c FROM sbtest%d WHERE k BETWEEN 3951479 AND 3951579
explain: for range-notcovered :: explain SELECT k, c FROM sbtest%d WHERE k BETWEEN 8623476 AND 8623576
explain: for range-notcovered :: explain SELECT k, c FROM sbtest%d WHERE k BETWEEN 5098628 AND 5098728
explain: for range-notcovered :: explain SELECT k, c FROM sbtest%d WHERE k BETWEEN 4249789 AND 4249889
explain: for range-notcovered :: explain SELECT k, c FROM sbtest%d WHERE k BETWEEN 7623222 AND 7623322
explain: for range-notcovered :: explain SELECT k, c FROM sbtest%d WHERE k BETWEEN 6091251 AND 6091351
explain: for range-notcovered :: explain SELECT k, c FROM sbtest%d WHERE k BETWEEN 3925795 AND 3925895
explain: for range-notcovered :: explain SELECT k, c FROM sbtest%d WHERE k BETWEEN 5893226 AND 5893326
for range-notcovered
table 1 : explain SELECT k, c FROM sbtest1 WHERE k BETWEEN 4794561 AND 4794661
	Bitmap Heap Scan on sbtest1  (cost=5.54..432.99 rows=108 width=125)
	  Recheck Cond: ((k >= 4794561) AND (k <= 4794661))
	  ->  Bitmap Index Scan on k_1  (cost=0.00..5.51 rows=108 width=0)
	        Index Cond: ((k >= 4794561) AND (k <= 4794661))

table 2 : explain SELECT k, c FROM sbtest2 WHERE k BETWEEN 4794561 AND 4794661
	Bitmap Heap Scan on sbtest2  (cost=5.53..429.09 rows=107 width=125)
	  Recheck Cond: ((k >= 4794561) AND (k <= 4794661))
	  ->  Bitmap Index Scan on k_2  (cost=0.00..5.50 rows=107 width=0)
	        Index Cond: ((k >= 4794561) AND (k <= 4794661))

table 3 : explain SELECT k, c FROM sbtest3 WHERE k BETWEEN 4794561 AND 4794661
	Bitmap Heap Scan on sbtest3  (cost=5.44..393.61 rows=98 width=125)
	  Recheck Cond: ((k >= 4794561) AND (k <= 4794661))
	  ->  Bitmap Index Scan on k_3  (cost=0.00..5.42 rows=98 width=0)
	        Index Cond: ((k >= 4794561) AND (k <= 4794661))

table 4 : explain SELECT k, c FROM sbtest4 WHERE k BETWEEN 4794561 AND 4794661
	Bitmap Heap Scan on sbtest4  (cost=5.56..440.95 rows=110 width=125)
	  Recheck Cond: ((k >= 4794561) AND (k <= 4794661))
	  ->  Bitmap Index Scan on k_4  (cost=0.00..5.53 rows=110 width=0)
	        Index Cond: ((k >= 4794561) AND (k <= 4794661))

table 5 : explain SELECT k, c FROM sbtest5 WHERE k BETWEEN 4794561 AND 4794661
	Bitmap Heap Scan on sbtest5  (cost=5.52..425.19 rows=106 width=125)
	  Recheck Cond: ((k >= 4794561) AND (k <= 4794661))
	  ->  Bitmap Index Scan on k_5  (cost=0.00..5.50 rows=106 width=0)
	        Index Cond: ((k >= 4794561) AND (k <= 4794661))

table 6 : explain SELECT k, c FROM sbtest6 WHERE k BETWEEN 4794561 AND 4794661
	Bitmap Heap Scan on sbtest6  (cost=5.56..440.96 rows=110 width=125)
	  Recheck Cond: ((k >= 4794561) AND (k <= 4794661))
	  ->  Bitmap Index Scan on k_6  (cost=0.00..5.53 rows=110 width=0)
	        Index Cond: ((k >= 4794561) AND (k <= 4794661))

table 7 : explain SELECT k, c FROM sbtest7 WHERE k BETWEEN 4794561 AND 4794661
	Bitmap Heap Scan on sbtest7  (cost=5.68..484.32 rows=121 width=125)
	  Recheck Cond: ((k >= 4794561) AND (k <= 4794661))
	  ->  Bitmap Index Scan on k_7  (cost=0.00..5.64 rows=121 width=0)
	        Index Cond: ((k >= 4794561) AND (k <= 4794661))

table 8 : explain SELECT k, c FROM sbtest8 WHERE k BETWEEN 4794561 AND 4794661
	Bitmap Heap Scan on sbtest8  (cost=5.48..409.46 rows=102 width=125)
	  Recheck Cond: ((k >= 4794561) AND (k <= 4794661))
	  ->  Bitmap Index Scan on k_8  (cost=0.00..5.45 rows=102 width=0)
	        Index Cond: ((k >= 4794561) AND (k <= 4794661))

for range-notcovered
table 1 : explain SELECT k, c FROM sbtest1 WHERE k BETWEEN 2639083 AND 2639183
	Bitmap Heap Scan on sbtest1  (cost=5.48..409.34 rows=102 width=125)
	  Recheck Cond: ((k >= 2639083) AND (k <= 2639183))
	  ->  Bitmap Index Scan on k_1  (cost=0.00..5.45 rows=102 width=0)
	        Index Cond: ((k >= 2639083) AND (k <= 2639183))

table 2 : explain SELECT k, c FROM sbtest2 WHERE k BETWEEN 2639083 AND 2639183
	Bitmap Heap Scan on sbtest2  (cost=5.61..460.60 rows=115 width=125)
	  Recheck Cond: ((k >= 2639083) AND (k <= 2639183))
	  ->  Bitmap Index Scan on k_2  (cost=0.00..5.58 rows=115 width=0)
	        Index Cond: ((k >= 2639083) AND (k <= 2639183))

table 3 : explain SELECT k, c FROM sbtest3 WHERE k BETWEEN 2639083 AND 2639183
	Bitmap Heap Scan on sbtest3  (cost=5.47..405.44 rows=101 width=125)
	  Recheck Cond: ((k >= 2639083) AND (k <= 2639183))
	  ->  Bitmap Index Scan on k_3  (cost=0.00..5.44 rows=101 width=0)
	        Index Cond: ((k >= 2639083) AND (k <= 2639183))

table 4 : explain SELECT k, c FROM sbtest4 WHERE k BETWEEN 2639083 AND 2639183
	Bitmap Heap Scan on sbtest4  (cost=5.53..429.13 rows=107 width=125)
	  Recheck Cond: ((k >= 2639083) AND (k <= 2639183))
	  ->  Bitmap Index Scan on k_4  (cost=0.00..5.50 rows=107 width=0)
	        Index Cond: ((k >= 2639083) AND (k <= 2639183))

table 5 : explain SELECT k, c FROM sbtest5 WHERE k BETWEEN 2639083 AND 2639183
	Bitmap Heap Scan on sbtest5  (cost=5.49..413.37 rows=103 width=125)
	  Recheck Cond: ((k >= 2639083) AND (k <= 2639183))
	  ->  Bitmap Index Scan on k_5  (cost=0.00..5.46 rows=103 width=0)
	        Index Cond: ((k >= 2639083) AND (k <= 2639183))

table 6 : explain SELECT k, c FROM sbtest6 WHERE k BETWEEN 2639083 AND 2639183
	Bitmap Heap Scan on sbtest6  (cost=5.49..413.37 rows=103 width=125)
	  Recheck Cond: ((k >= 2639083) AND (k <= 2639183))
	  ->  Bitmap Index Scan on k_6  (cost=0.00..5.46 rows=103 width=0)
	        Index Cond: ((k >= 2639083) AND (k <= 2639183))

table 7 : explain SELECT k, c FROM sbtest7 WHERE k BETWEEN 2639083 AND 2639183
	Bitmap Heap Scan on sbtest7  (cost=5.52..425.23 rows=106 width=125)
	  Recheck Cond: ((k >= 2639083) AND (k <= 2639183))
	  ->  Bitmap Index Scan on k_7  (cost=0.00..5.50 rows=106 width=0)
	        Index Cond: ((k >= 2639083) AND (k <= 2639183))

table 8 : explain SELECT k, c FROM sbtest8 WHERE k BETWEEN 2639083 AND 2639183
	Bitmap Heap Scan on sbtest8  (cost=5.42..385.79 rows=96 width=125)
	  Recheck Cond: ((k >= 2639083) AND (k <= 2639183))
	  ->  Bitmap Index Scan on k_8  (cost=0.00..5.39 rows=96 width=0)
	        Index Cond: ((k >= 2639083) AND (k <= 2639183))

for range-notcovered
table 1 : explain SELECT k, c FROM sbtest1 WHERE k BETWEEN 6859512 AND 6859612
	Bitmap Heap Scan on sbtest1  (cost=5.56..440.87 rows=110 width=125)
	  Recheck Cond: ((k >= 6859512) AND (k <= 6859612))
	  ->  Bitmap Index Scan on k_1  (cost=0.00..5.53 rows=110 width=0)
	        Index Cond: ((k >= 6859512) AND (k <= 6859612))

table 2 : explain SELECT k, c FROM sbtest2 WHERE k BETWEEN 6859512 AND 6859612
	Bitmap Heap Scan on sbtest2  (cost=5.57..444.85 rows=111 width=125)
	  Recheck Cond: ((k >= 6859512) AND (k <= 6859612))
	  ->  Bitmap Index Scan on k_2  (cost=0.00..5.54 rows=111 width=0)
	        Index Cond: ((k >= 6859512) AND (k <= 6859612))

table 3 : explain SELECT k, c FROM sbtest3 WHERE k BETWEEN 6859512 AND 6859612
	Bitmap Heap Scan on sbtest3  (cost=5.43..389.67 rows=97 width=125)
	  Recheck Cond: ((k >= 6859512) AND (k <= 6859612))
	  ->  Bitmap Index Scan on k_3  (cost=0.00..5.40 rows=97 width=0)
	        Index Cond: ((k >= 6859512) AND (k <= 6859612))

table 4 : explain SELECT k, c FROM sbtest4 WHERE k BETWEEN 6859512 AND 6859612
	Bitmap Heap Scan on sbtest4  (cost=5.38..369.97 rows=92 width=125)
	  Recheck Cond: ((k >= 6859512) AND (k <= 6859612))
	  ->  Bitmap Index Scan on k_4  (cost=0.00..5.35 rows=92 width=0)
	        Index Cond: ((k >= 6859512) AND (k <= 6859612))

table 5 : explain SELECT k, c FROM sbtest5 WHERE k BETWEEN 6859512 AND 6859612
	Bitmap Heap Scan on sbtest5  (cost=5.45..397.59 rows=99 width=125)
	  Recheck Cond: ((k >= 6859512) AND (k <= 6859612))
	  ->  Bitmap Index Scan on k_5  (cost=0.00..5.42 rows=99 width=0)
	        Index Cond: ((k >= 6859512) AND (k <= 6859612))

table 6 : explain SELECT k, c FROM sbtest6 WHERE k BETWEEN 6859512 AND 6859612
	Bitmap Heap Scan on sbtest6  (cost=5.48..409.42 rows=102 width=125)
	  Recheck Cond: ((k >= 6859512) AND (k <= 6859612))
	  ->  Bitmap Index Scan on k_6  (cost=0.00..5.45 rows=102 width=0)
	        Index Cond: ((k >= 6859512) AND (k <= 6859612))

table 7 : explain SELECT k, c FROM sbtest7 WHERE k BETWEEN 6859512 AND 6859612
	Bitmap Heap Scan on sbtest7  (cost=5.45..397.63 rows=99 width=125)
	  Recheck Cond: ((k >= 6859512) AND (k <= 6859612))
	  ->  Bitmap Index Scan on k_7  (cost=0.00..5.42 rows=99 width=0)
	        Index Cond: ((k >= 6859512) AND (k <= 6859612))

table 8 : explain SELECT k, c FROM sbtest8 WHERE k BETWEEN 6859512 AND 6859612
	Bitmap Heap Scan on sbtest8  (cost=5.51..421.29 rows=105 width=125)
	  Recheck Cond: ((k >= 6859512) AND (k <= 6859612))
	  ->  Bitmap Index Scan on k_8  (cost=0.00..5.48 rows=105 width=0)
	        Index Cond: ((k >= 6859512) AND (k <= 6859612))

explain: for range-notcovered :: explain SELECT k, c FROM sbtest%d WHERE k BETWEEN 7575122 AND 7575222explain: for range-notcovered :: explain SELECT k, c FROM sbtest%d WHERE k BETWEEN 7296661 AND 7296761
explain: for range-notcovered :: explain SELECT k, c FROM sbtest%d WHERE k BETWEEN 5860106 AND 5860206
explain: for range-notcovered :: explain SELECT k, c FROM sbtest%d WHERE k BETWEEN 4794561 AND 4794661
explain: for range-notcovered :: explain SELECT k, c FROM sbtest%d WHERE k BETWEEN 2639083 AND 2639183
explain: for range-notcovered :: explain SELECT k, c FROM sbtest%d WHERE k BETWEEN 6859512 AND 6859612
for range-notcovered
table 1 : explain SELECT k, c FROM sbtest1 WHERE k BETWEEN 6904500 AND 6904600
	Bitmap Heap Scan on sbtest1  (cost=5.56..440.87 rows=110 width=125)
	  Recheck Cond: ((k >= 6904500) AND (k <= 6904600))
	  ->  Bitmap Index Scan on k_1  (cost=0.00..5.53 rows=110 width=0)
	        Index Cond: ((k >= 6904500) AND (k <= 6904600))

table 2 : explain SELECT k, c FROM sbtest2 WHERE k BETWEEN 6904500 AND 6904600
	Bitmap Heap Scan on sbtest2  (cost=5.49..413.32 rows=103 width=125)
	  Recheck Cond: ((k >= 6904500) AND (k <= 6904600))
	  ->  Bitmap Index Scan on k_2  (cost=0.00..5.46 rows=103 width=0)
	        Index Cond: ((k >= 6904500) AND (k <= 6904600))

table 3 : explain SELECT k, c FROM sbtest3 WHERE k BETWEEN 6904500 AND 6904600
	Bitmap Heap Scan on sbtest3  (cost=5.49..413.33 rows=103 width=125)
	  Recheck Cond: ((k >= 6904500) AND (k <= 6904600))
	  ->  Bitmap Index Scan on k_3  (cost=0.00..5.46 rows=103 width=0)
	        Index Cond: ((k >= 6904500) AND (k <= 6904600))

table 4 : explain SELECT k, c FROM sbtest4 WHERE k BETWEEN 6904500 AND 6904600
	Bitmap Heap Scan on sbtest4  (cost=5.38..369.97 rows=92 width=125)
	  Recheck Cond: ((k >= 6904500) AND (k <= 6904600))
	  ->  Bitmap Index Scan on k_4  (cost=0.00..5.35 rows=92 width=0)
	        Index Cond: ((k >= 6904500) AND (k <= 6904600))

table 5 : explain SELECT k, c FROM sbtest5 WHERE k BETWEEN 6904500 AND 6904600
	Bitmap Heap Scan on sbtest5  (cost=5.45..397.59 rows=99 width=125)
	  Recheck Cond: ((k >= 6904500) AND (k <= 6904600))
	  ->  Bitmap Index Scan on k_5  (cost=0.00..5.42 rows=99 width=0)
	        Index Cond: ((k >= 6904500) AND (k <= 6904600))

table 6 : explain SELECT k, c FROM sbtest6 WHERE k BETWEEN 6904500 AND 6904600
	Bitmap Heap Scan on sbtest6  (cost=5.49..413.37 rows=103 width=125)
	  Recheck Cond: ((k >= 6904500) AND (k <= 6904600))
	  ->  Bitmap Index Scan on k_6  (cost=0.00..5.46 rows=103 width=0)
	        Index Cond: ((k >= 6904500) AND (k <= 6904600))

table 7 : explain SELECT k, c FROM sbtest7 WHERE k BETWEEN 6904500 AND 6904600
	Bitmap Heap Scan on sbtest7  (cost=5.45..397.63 rows=99 width=125)
	  Recheck Cond: ((k >= 6904500) AND (k <= 6904600))
	  ->  Bitmap Index Scan on k_7  (cost=0.00..5.42 rows=99 width=0)
	        Index Cond: ((k >= 6904500) AND (k <= 6904600))

table 8 : explain SELECT k, c FROM sbtest8 WHERE k BETWEEN 6904500 AND 6904600
	Bitmap Heap Scan on sbtest8  (cost=5.51..421.29 rows=105 width=125)
	  Recheck Cond: ((k >= 6904500) AND (k <= 6904600))
	  ->  Bitmap Index Scan on k_8  (cost=0.00..5.48 rows=105 width=0)
	        Index Cond: ((k >= 6904500) AND (k <= 6904600))


for range-notcovered
table 1 : explain SELECT k, c FROM sbtest1 WHERE k BETWEEN 4410081 AND 4410181
	Bitmap Heap Scan on sbtest1  (cost=5.42..385.68 rows=96 width=125)
	  Recheck Cond: ((k >= 4410081) AND (k <= 4410181))
	  ->  Bitmap Index Scan on k_1  (cost=0.00..5.39 rows=96 width=0)
	        Index Cond: ((k >= 4410081) AND (k <= 4410181))

table 2 : explain SELECT k, c FROM sbtest2 WHERE k BETWEEN 4410081 AND 4410181
	Bitmap Heap Scan on sbtest2  (cost=5.49..413.32 rows=103 width=125)
	  Recheck Cond: ((k >= 4410081) AND (k <= 4410181))
	  ->  Bitmap Index Scan on k_2  (cost=0.00..5.46 rows=103 width=0)
	        Index Cond: ((k >= 4410081) AND (k <= 4410181))

table 3 : explain SELECT k, c FROM sbtest3 WHERE k BETWEEN 4410081 AND 4410181
	Bitmap Heap Scan on sbtest3  (cost=5.45..397.56 rows=99 width=125)
	  Recheck Cond: ((k >= 4410081) AND (k <= 4410181))
	  ->  Bitmap Index Scan on k_3  (cost=0.00..5.42 rows=99 width=0)
	        Index Cond: ((k >= 4410081) AND (k <= 4410181))

table 4 : explain SELECT k, c FROM sbtest4 WHERE k BETWEEN 4410081 AND 4410181
	Bitmap Heap Scan on sbtest4  (cost=5.38..369.97 rows=92 width=125)
	  Recheck Cond: ((k >= 4410081) AND (k <= 4410181))
	  ->  Bitmap Index Scan on k_4  (cost=0.00..5.35 rows=92 width=0)
	        Index Cond: ((k >= 4410081) AND (k <= 4410181))

table 5 : explain SELECT k, c FROM sbtest5 WHERE k BETWEEN 4410081 AND 4410181
	Bitmap Heap Scan on sbtest5  (cost=5.45..397.59 rows=99 width=125)
	  Recheck Cond: ((k >= 4410081) AND (k <= 4410181))
	  ->  Bitmap Index Scan on k_5  (cost=0.00..5.42 rows=99 width=0)
	        Index Cond: ((k >= 4410081) AND (k <= 4410181))

table 6 : explain SELECT k, c FROM sbtest6 WHERE k BETWEEN 4410081 AND 4410181
	Bitmap Heap Scan on sbtest6  (cost=5.44..393.65 rows=98 width=125)
	  Recheck Cond: ((k >= 4410081) AND (k <= 4410181))
	  ->  Bitmap Index Scan on k_6  (cost=0.00..5.42 rows=98 width=0)
	        Index Cond: ((k >= 4410081) AND (k <= 4410181))

table 7 : explain SELECT k, c FROM sbtest7 WHERE k BETWEEN 4410081 AND 4410181
	Bitmap Heap Scan on sbtest7  (cost=5.52..425.23 rows=106 width=125)
	  Recheck Cond: ((k >= 4410081) AND (k <= 4410181))
	  ->  Bitmap Index Scan on k_7  (cost=0.00..5.50 rows=106 width=0)
	        Index Cond: ((k >= 4410081) AND (k <= 4410181))

table 8 : explain SELECT k, c FROM sbtest8 WHERE k BETWEEN 4410081 AND 4410181
	Bitmap Heap Scan on sbtest8  (cost=5.48..409.46 rows=102 width=125)
	  Recheck Cond: ((k >= 4410081) AND (k <= 4410181))
	  ->  Bitmap Index Scan on k_8  (cost=0.00..5.45 rows=102 width=0)
	        Index Cond: ((k >= 4410081) AND (k <= 4410181))

for range-notcovered
table 1 : explain SELECT k, c FROM sbtest1 WHERE k BETWEEN 5399909 AND 5400009
	Bitmap Heap Scan on sbtest1  (cost=5.45..397.52 rows=99 width=125)
	  Recheck Cond: ((k >= 5399909) AND (k <= 5400009))
	  ->  Bitmap Index Scan on k_1  (cost=0.00..5.42 rows=99 width=0)
	        Index Cond: ((k >= 5399909) AND (k <= 5400009))

table 2 : explain SELECT k, c FROM sbtest2 WHERE k BETWEEN 5399909 AND 5400009
	Bitmap Heap Scan on sbtest2  (cost=5.47..405.44 rows=101 width=125)
	  Recheck Cond: ((k >= 5399909) AND (k <= 5400009))
	  ->  Bitmap Index Scan on k_2  (cost=0.00..5.44 rows=101 width=0)
	        Index Cond: ((k >= 5399909) AND (k <= 5400009))

table 3 : explain SELECT k, c FROM sbtest3 WHERE k BETWEEN 5399909 AND 5400009
	Bitmap Heap Scan on sbtest3  (cost=5.45..397.56 rows=99 width=125)
	  Recheck Cond: ((k >= 5399909) AND (k <= 5400009))
	  ->  Bitmap Index Scan on k_3  (cost=0.00..5.42 rows=99 width=0)
	        Index Cond: ((k >= 5399909) AND (k <= 5400009))

table 4 : explain SELECT k, c FROM sbtest4 WHERE k BETWEEN 5399909 AND 5400009
	Bitmap Heap Scan on sbtest4  (cost=5.44..393.65 rows=98 width=125)
	  Recheck Cond: ((k >= 5399909) AND (k <= 5400009))
	  ->  Bitmap Index Scan on k_4  (cost=0.00..5.42 rows=98 width=0)
	        Index Cond: ((k >= 5399909) AND (k <= 5400009))

table 5 : explain SELECT k, c FROM sbtest5 WHERE k BETWEEN 5399909 AND 5400009
	Bitmap Heap Scan on sbtest5  (cost=5.46..401.54 rows=100 width=125)
	  Recheck Cond: ((k >= 5399909) AND (k <= 5400009))
	  ->  Bitmap Index Scan on k_5  (cost=0.00..5.43 rows=100 width=0)
	        Index Cond: ((k >= 5399909) AND (k <= 5400009))

table 6 : explain SELECT k, c FROM sbtest6 WHERE k BETWEEN 5399909 AND 5400009
	Bitmap Heap Scan on sbtest6  (cost=5.57..444.90 rows=111 width=125)
	  Recheck Cond: ((k >= 5399909) AND (k <= 5400009))
	  ->  Bitmap Index Scan on k_6  (cost=0.00..5.54 rows=111 width=0)
	        Index Cond: ((k >= 5399909) AND (k <= 5400009))

table 7 : explain SELECT k, c FROM sbtest7 WHERE k BETWEEN 5399909 AND 5400009
	Bitmap Heap Scan on sbtest7  (cost=5.50..417.35 rows=104 width=125)
	  Recheck Cond: ((k >= 5399909) AND (k <= 5400009))
	  ->  Bitmap Index Scan on k_7  (cost=0.00..5.47 rows=104 width=0)
	        Index Cond: ((k >= 5399909) AND (k <= 5400009))

table 8 : explain SELECT k, c FROM sbtest8 WHERE k BETWEEN 5399909 AND 5400009
	Bitmap Heap Scan on sbtest8  (cost=5.47..405.52 rows=101 width=125)
	  Recheck Cond: ((k >= 5399909) AND (k <= 5400009))
	  ->  Bitmap Index Scan on k_8  (cost=0.00..5.44 rows=101 width=0)
	        Index Cond: ((k >= 5399909) AND (k <= 5400009))

explain: for range-notcovered :: explain SELECT k, c FROM sbtest%d WHERE k BETWEEN 6904500 AND 6904600
for range-notcovered
table 1 : explain SELECT k, c FROM sbtest1 WHERE k BETWEEN 4243065 AND 4243165
	Bitmap Heap Scan on sbtest1  (cost=5.49..413.29 rows=103 width=125)
	  Recheck Cond: ((k >= 4243065) AND (k <= 4243165))
	  ->  Bitmap Index Scan on k_1  (cost=0.00..5.46 rows=103 width=0)
	        Index Cond: ((k >= 4243065) AND (k <= 4243165))

table 2 : explain SELECT k, c FROM sbtest2 WHERE k BETWEEN 4243065 AND 4243165
	Bitmap Heap Scan on sbtest2  (cost=5.55..436.97 rows=109 width=125)
	  Recheck Cond: ((k >= 4243065) AND (k <= 4243165))
	  ->  Bitmap Index Scan on k_2  (cost=0.00..5.52 rows=109 width=0)
	        Index Cond: ((k >= 4243065) AND (k <= 4243165))

table 3 : explain SELECT k, c FROM sbtest3 WHERE k BETWEEN 4243065 AND 4243165
	Bitmap Heap Scan on sbtest3  (cost=5.47..405.44 rows=101 width=125)
	  Recheck Cond: ((k >= 4243065) AND (k <= 4243165))
	  ->  Bitmap Index Scan on k_3  (cost=0.00..5.44 rows=101 width=0)
	        Index Cond: ((k >= 4243065) AND (k <= 4243165))

table 4 : explain SELECT k, c FROM sbtest4 WHERE k BETWEEN 4243065 AND 4243165
	Bitmap Heap Scan on sbtest4  (cost=5.43..389.70 rows=97 width=125)
	  Recheck Cond: ((k >= 4243065) AND (k <= 4243165))
	  ->  Bitmap Index Scan on k_4  (cost=0.00..5.40 rows=97 width=0)
	        Index Cond: ((k >= 4243065) AND (k <= 4243165))

table 5 : explain SELECT k, c FROM sbtest5 WHERE k BETWEEN 4243065 AND 4243165
	Bitmap Heap Scan on sbtest5  (cost=5.41..381.81 rows=95 width=125)
	  Recheck Cond: ((k >= 4243065) AND (k <= 4243165))
	  ->  Bitmap Index Scan on k_5  (cost=0.00..5.38 rows=95 width=0)
	        Index Cond: ((k >= 4243065) AND (k <= 4243165))

table 6 : explain SELECT k, c FROM sbtest6 WHERE k BETWEEN 4243065 AND 4243165
	Bitmap Heap Scan on sbtest6  (cost=5.48..409.42 rows=102 width=125)
	  Recheck Cond: ((k >= 4243065) AND (k <= 4243165))
	  ->  Bitmap Index Scan on k_6  (cost=0.00..5.45 rows=102 width=0)
	        Index Cond: ((k >= 4243065) AND (k <= 4243165))

table 7 : explain SELECT k, c FROM sbtest7 WHERE k BETWEEN 4243065 AND 4243165
	Bitmap Heap Scan on sbtest7  (cost=5.45..397.63 rows=99 width=125)
	  Recheck Cond: ((k >= 4243065) AND (k <= 4243165))
	  ->  Bitmap Index Scan on k_7  (cost=0.00..5.42 rows=99 width=0)
	        Index Cond: ((k >= 4243065) AND (k <= 4243165))

table 8 : explain SELECT k, c FROM sbtest8 WHERE k BETWEEN 4243065 AND 4243165
	Bitmap Heap Scan on sbtest8  (cost=5.51..421.29 rows=105 width=125)
	  Recheck Cond: ((k >= 4243065) AND (k <= 4243165))
	  ->  Bitmap Index Scan on k_8  (cost=0.00..5.48 rows=105 width=0)
	        Index Cond: ((k >= 4243065) AND (k <= 4243165))

explain: for range-notcovered :: explain SELECT k, c FROM sbtest%d WHERE k BETWEEN 4410081 AND 4410181
for range-notcovered
table 1 : explain SELECT k, c FROM sbtest1 WHERE k BETWEEN 5153009 AND 5153109
	Bitmap Heap Scan on sbtest1  (cost=5.50..417.23 rows=104 width=125)
	  Recheck Cond: ((k >= 5153009) AND (k <= 5153109))
	  ->  Bitmap Index Scan on k_1  (cost=0.00..5.47 rows=104 width=0)
	        Index Cond: ((k >= 5153009) AND (k <= 5153109))

table 2 : explain SELECT k, c FROM sbtest2 WHERE k BETWEEN 5153009 AND 5153109
	Bitmap Heap Scan on sbtest2  (cost=5.47..405.44 rows=101 width=125)
	  Recheck Cond: ((k >= 5153009) AND (k <= 5153109))
	  ->  Bitmap Index Scan on k_2  (cost=0.00..5.44 rows=101 width=0)
	        Index Cond: ((k >= 5153009) AND (k <= 5153109))

table 3 : explain SELECT k, c FROM sbtest3 WHERE k BETWEEN 5153009 AND 5153109
	Bitmap Heap Scan on sbtest3  (cost=5.57..444.85 rows=111 width=125)
	  Recheck Cond: ((k >= 5153009) AND (k <= 5153109))
	  ->  Bitmap Index Scan on k_3  (cost=0.00..5.54 rows=111 width=0)
	        Index Cond: ((k >= 5153009) AND (k <= 5153109))

table 4 : explain SELECT k, c FROM sbtest4 WHERE k BETWEEN 5153009 AND 5153109
	Bitmap Heap Scan on sbtest4  (cost=5.56..440.95 rows=110 width=125)
	  Recheck Cond: ((k >= 5153009) AND (k <= 5153109))
	  ->  Bitmap Index Scan on k_4  (cost=0.00..5.53 rows=110 width=0)
	        Index Cond: ((k >= 5153009) AND (k <= 5153109))

table 5 : explain SELECT k, c FROM sbtest5 WHERE k BETWEEN 5153009 AND 5153109
	Bitmap Heap Scan on sbtest5  (cost=5.43..389.70 rows=97 width=125)
	  Recheck Cond: ((k >= 5153009) AND (k <= 5153109))
	  ->  Bitmap Index Scan on k_5  (cost=0.00..5.40 rows=97 width=0)
	        Index Cond: ((k >= 5153009) AND (k <= 5153109))

table 6 : explain SELECT k, c FROM sbtest6 WHERE k BETWEEN 5153009 AND 5153109
	Bitmap Heap Scan on sbtest6  (cost=5.43..389.70 rows=97 width=125)
	  Recheck Cond: ((k >= 5153009) AND (k <= 5153109))
	  ->  Bitmap Index Scan on k_6  (cost=0.00..5.40 rows=97 width=0)
	        Index Cond: ((k >= 5153009) AND (k <= 5153109))

table 7 : explain SELECT k, c FROM sbtest7 WHERE k BETWEEN 5153009 AND 5153109
	Bitmap Heap Scan on sbtest7  (cost=5.54..433.12 rows=108 width=125)
	  Recheck Cond: ((k >= 5153009) AND (k <= 5153109))
	  ->  Bitmap Index Scan on k_7  (cost=0.00..5.51 rows=108 width=0)
	        Index Cond: ((k >= 5153009) AND (k <= 5153109))

table 8 : explain SELECT k, c FROM sbtest8 WHERE k BETWEEN 5153009 AND 5153109
	Bitmap Heap Scan on sbtest8  (cost=5.40..377.90 rows=94 width=125)
	  Recheck Cond: ((k >= 5153009) AND (k <= 5153109))
	  ->  Bitmap Index Scan on k_8  (cost=0.00..5.38 rows=94 width=0)
	        Index Cond: ((k >= 5153009) AND (k <= 5153109))

explain: for range-notcovered :: explain SELECT k, c FROM sbtest%d WHERE k BETWEEN 8296793 AND 8296893
explain: for range-notcovered :: explain SELECT k, c FROM sbtest%d WHERE k BETWEEN 5399909 AND 5400009
explain: for range-notcovered :: explain SELECT k, c FROM sbtest%d WHERE k BETWEEN 8443156 AND 8443256
explain: for range-notcovered :: explain SELECT k, c FROM sbtest%d WHERE k BETWEEN 4243065 AND 4243165
explain: for range-notcovered :: explain SELECT k, c FROM sbtest%d WHERE k BETWEEN 5153009 AND 5153109
for range-notcovered
table 1 : explain SELECT k, c FROM sbtest1 WHERE k BETWEEN 7000310 AND 7000410
	Bitmap Heap Scan on sbtest1  (cost=5.48..409.34 rows=102 width=125)
	  Recheck Cond: ((k >= 7000310) AND (k <= 7000410))
	  ->  Bitmap Index Scan on k_1  (cost=0.00..5.45 rows=102 width=0)
	        Index Cond: ((k >= 7000310) AND (k <= 7000410))

table 2 : explain SELECT k, c FROM sbtest2 WHERE k BETWEEN 7000310 AND 7000410
	Bitmap Heap Scan on sbtest2  (cost=5.50..417.27 rows=104 width=125)
	  Recheck Cond: ((k >= 7000310) AND (k <= 7000410))
	  ->  Bitmap Index Scan on k_2  (cost=0.00..5.47 rows=104 width=0)
	        Index Cond: ((k >= 7000310) AND (k <= 7000410))

table 3 : explain SELECT k, c FROM sbtest3 WHERE k BETWEEN 7000310 AND 7000410
	Bitmap Heap Scan on sbtest3  (cost=5.51..421.21 rows=105 width=125)
	  Recheck Cond: ((k >= 7000310) AND (k <= 7000410))
	  ->  Bitmap Index Scan on k_3  (cost=0.00..5.48 rows=105 width=0)
	        Index Cond: ((k >= 7000310) AND (k <= 7000410))

table 4 : explain SELECT k, c FROM sbtest4 WHERE k BETWEEN 7000310 AND 7000410
	Bitmap Heap Scan on sbtest4  (cost=5.57..444.89 rows=111 width=125)
	  Recheck Cond: ((k >= 7000310) AND (k <= 7000410))
	  ->  Bitmap Index Scan on k_4  (cost=0.00..5.54 rows=111 width=0)
	        Index Cond: ((k >= 7000310) AND (k <= 7000410))

table 5 : explain SELECT k, c FROM sbtest5 WHERE k BETWEEN 7000310 AND 7000410
	Bitmap Heap Scan on sbtest5  (cost=5.49..413.37 rows=103 width=125)
	  Recheck Cond: ((k >= 7000310) AND (k <= 7000410))
	  ->  Bitmap Index Scan on k_5  (cost=0.00..5.46 rows=103 width=0)
	        Index Cond: ((k >= 7000310) AND (k <= 7000410))

table 6 : explain SELECT k, c FROM sbtest6 WHERE k BETWEEN 7000310 AND 7000410
	Bitmap Heap Scan on sbtest6  (cost=5.64..472.46 rows=118 width=125)
	  Recheck Cond: ((k >= 7000310) AND (k <= 7000410))
	  ->  Bitmap Index Scan on k_6  (cost=0.00..5.61 rows=118 width=0)
	        Index Cond: ((k >= 7000310) AND (k <= 7000410))

table 7 : explain SELECT k, c FROM sbtest7 WHERE k BETWEEN 7000310 AND 7000410
	Bitmap Heap Scan on sbtest7  (cost=5.59..452.82 rows=113 width=125)
	  Recheck Cond: ((k >= 7000310) AND (k <= 7000410))
	  ->  Bitmap Index Scan on k_7  (cost=0.00..5.56 rows=113 width=0)
	        Index Cond: ((k >= 7000310) AND (k <= 7000410))

table 8 : explain SELECT k, c FROM sbtest8 WHERE k BETWEEN 7000310 AND 7000410
	Bitmap Heap Scan on sbtest8  (cost=5.44..393.68 rows=98 width=125)
	  Recheck Cond: ((k >= 7000310) AND (k <= 7000410))
	  ->  Bitmap Index Scan on k_8  (cost=0.00..5.42 rows=98 width=0)
	        Index Cond: ((k >= 7000310) AND (k <= 7000410))

explain: for range-notcovered :: explain SELECT k, c FROM sbtest%d WHERE k BETWEEN 7279562 AND 7279662for range-notcovered
table 1 : explain SELECT k, c FROM sbtest1 WHERE k BETWEEN 5001065 AND 5001165
	Bitmap Heap Scan on sbtest1  (cost=5.47..405.40 rows=101 width=125)
	  Recheck Cond: ((k >= 5001065) AND (k <= 5001165))
	  ->  Bitmap Index Scan on k_1  (cost=0.00..5.44 rows=101 width=0)
	        Index Cond: ((k >= 5001065) AND (k <= 5001165))

table 2 : explain SELECT k, c FROM sbtest2 WHERE k BETWEEN 5001065 AND 5001165
	Bitmap Heap Scan on sbtest2  (cost=5.54..433.03 rows=108 width=125)
	  Recheck Cond: ((k >= 5001065) AND (k <= 5001165))
	  ->  Bitmap Index Scan on k_2  (cost=0.00..5.51 rows=108 width=0)
	        Index Cond: ((k >= 5001065) AND (k <= 5001165))

table 3 : explain SELECT k, c FROM sbtest3 WHERE k BETWEEN 5001065 AND 5001165
	Bitmap Heap Scan on sbtest3  (cost=5.46..401.50 rows=100 width=125)
	  Recheck Cond: ((k >= 5001065) AND (k <= 5001165))
	  ->  Bitmap Index Scan on k_3  (cost=0.00..5.43 rows=100 width=0)
	        Index Cond: ((k >= 5001065) AND (k <= 5001165))

table 4 : explain SELECT k, c FROM sbtest4 WHERE k BETWEEN 5001065 AND 5001165
	Bitmap Heap Scan on sbtest4  (cost=5.48..409.42 rows=102 width=125)
	  Recheck Cond: ((k >= 5001065) AND (k <= 5001165))
	  ->  Bitmap Index Scan on k_4  (cost=0.00..5.45 rows=102 width=0)
	        Index Cond: ((k >= 5001065) AND (k <= 5001165))

table 5 : explain SELECT k, c FROM sbtest5 WHERE k BETWEEN 5001065 AND 5001165
	Bitmap Heap Scan on sbtest5  (cost=5.55..437.02 rows=109 width=125)
	  Recheck Cond: ((k >= 5001065) AND (k <= 5001165))
	  ->  Bitmap Index Scan on k_5  (cost=0.00..5.52 rows=109 width=0)
	        Index Cond: ((k >= 5001065) AND (k <= 5001165))

table 6 : explain SELECT k, c FROM sbtest6 WHERE k BETWEEN 5001065 AND 5001165
	Bitmap Heap Scan on sbtest6  (cost=5.47..405.48 rows=101 width=125)
	  Recheck Cond: ((k >= 5001065) AND (k <= 5001165))
	  ->  Bitmap Index Scan on k_6  (cost=0.00..5.44 rows=101 width=0)
	        Index Cond: ((k >= 5001065) AND (k <= 5001165))

table 7 : explain SELECT k, c FROM sbtest7 WHERE k BETWEEN 5001065 AND 5001165
	Bitmap Heap Scan on sbtest7  (cost=5.51..421.29 rows=105 width=125)
	  Recheck Cond: ((k >= 5001065) AND (k <= 5001165))
	  ->  Bitmap Index Scan on k_7  (cost=0.00..5.48 rows=105 width=0)
	        Index Cond: ((k >= 5001065) AND (k <= 5001165))

table 8 : explain SELECT k, c FROM sbtest8 WHERE k BETWEEN 5001065 AND 5001165
	Bitmap Heap Scan on sbtest8  (cost=5.42..385.79 rows=96 width=125)
	  Recheck Cond: ((k >= 5001065) AND (k <= 5001165))
	  ->  Bitmap Index Scan on k_8  (cost=0.00..5.39 rows=96 width=0)
	        Index Cond: ((k >= 5001065) AND (k <= 5001165))


for range-notcovered
table 1 : explain SELECT k, c FROM sbtest1 WHERE k BETWEEN 4704269 AND 4704369
	Bitmap Heap Scan on sbtest1  (cost=5.47..405.40 rows=101 width=125)
	  Recheck Cond: ((k >= 4704269) AND (k <= 4704369))
	  ->  Bitmap Index Scan on k_1  (cost=0.00..5.44 rows=101 width=0)
	        Index Cond: ((k >= 4704269) AND (k <= 4704369))

table 2 : explain SELECT k, c FROM sbtest2 WHERE k BETWEEN 4704269 AND 4704369
	Bitmap Heap Scan on sbtest2  (cost=5.55..436.97 rows=109 width=125)
	  Recheck Cond: ((k >= 4704269) AND (k <= 4704369))
	  ->  Bitmap Index Scan on k_2  (cost=0.00..5.52 rows=109 width=0)
	        Index Cond: ((k >= 4704269) AND (k <= 4704369))

table 3 : explain SELECT k, c FROM sbtest3 WHERE k BETWEEN 4704269 AND 4704369
	Bitmap Heap Scan on sbtest3  (cost=5.44..393.61 rows=98 width=125)
	  Recheck Cond: ((k >= 4704269) AND (k <= 4704369))
	  ->  Bitmap Index Scan on k_3  (cost=0.00..5.42 rows=98 width=0)
	        Index Cond: ((k >= 4704269) AND (k <= 4704369))

table 4 : explain SELECT k, c FROM sbtest4 WHERE k BETWEEN 4704269 AND 4704369
	Bitmap Heap Scan on sbtest4  (cost=5.56..440.95 rows=110 width=125)
	  Recheck Cond: ((k >= 4704269) AND (k <= 4704369))
	  ->  Bitmap Index Scan on k_4  (cost=0.00..5.53 rows=110 width=0)
	        Index Cond: ((k >= 4704269) AND (k <= 4704369))

table 5 : explain SELECT k, c FROM sbtest5 WHERE k BETWEEN 4704269 AND 4704369
	Bitmap Heap Scan on sbtest5  (cost=5.48..409.42 rows=102 width=125)
	  Recheck Cond: ((k >= 4704269) AND (k <= 4704369))
	  ->  Bitmap Index Scan on k_5  (cost=0.00..5.45 rows=102 width=0)
	        Index Cond: ((k >= 4704269) AND (k <= 4704369))

table 6 : explain SELECT k, c FROM sbtest6 WHERE k BETWEEN 4704269 AND 4704369
	Bitmap Heap Scan on sbtest6  (cost=5.46..401.54 rows=100 width=125)
	  Recheck Cond: ((k >= 4704269) AND (k <= 4704369))
	  ->  Bitmap Index Scan on k_6  (cost=0.00..5.43 rows=100 width=0)
	        Index Cond: ((k >= 4704269) AND (k <= 4704369))

table 7 : explain SELECT k, c FROM sbtest7 WHERE k BETWEEN 4704269 AND 4704369
	Bitmap Heap Scan on sbtest7  (cost=5.43..389.74 rows=97 width=125)
	  Recheck Cond: ((k >= 4704269) AND (k <= 4704369))
	  ->  Bitmap Index Scan on k_7  (cost=0.00..5.40 rows=97 width=0)
	        Index Cond: ((k >= 4704269) AND (k <= 4704369))

table 8 : explain SELECT k, c FROM sbtest8 WHERE k BETWEEN 4704269 AND 4704369
	Bitmap Heap Scan on sbtest8  (cost=5.48..409.46 rows=102 width=125)
	  Recheck Cond: ((k >= 4704269) AND (k <= 4704369))
	  ->  Bitmap Index Scan on k_8  (cost=0.00..5.45 rows=102 width=0)
	        Index Cond: ((k >= 4704269) AND (k <= 4704369))

for range-notcovered
table 1 : explain SELECT k, c FROM sbtest1 WHERE k BETWEEN 6737646 AND 6737746
	Bitmap Heap Scan on sbtest1  (cost=5.62..464.49 rows=116 width=125)
	  Recheck Cond: ((k >= 6737646) AND (k <= 6737746))
	  ->  Bitmap Index Scan on k_1  (cost=0.00..5.59 rows=116 width=0)
	        Index Cond: ((k >= 6737646) AND (k <= 6737746))

table 2 : explain SELECT k, c FROM sbtest2 WHERE k BETWEEN 6737646 AND 6737746
	Bitmap Heap Scan on sbtest2  (cost=5.56..440.91 rows=110 width=125)
	  Recheck Cond: ((k >= 6737646) AND (k <= 6737746))
	  ->  Bitmap Index Scan on k_2  (cost=0.00..5.53 rows=110 width=0)
	        Index Cond: ((k >= 6737646) AND (k <= 6737746))

table 3 : explain SELECT k, c FROM sbtest3 WHERE k BETWEEN 6737646 AND 6737746
	Bitmap Heap Scan on sbtest3  (cost=5.46..401.50 rows=100 width=125)
	  Recheck Cond: ((k >= 6737646) AND (k <= 6737746))
	  ->  Bitmap Index Scan on k_3  (cost=0.00..5.43 rows=100 width=0)
	        Index Cond: ((k >= 6737646) AND (k <= 6737746))

table 4 : explain SELECT k, c FROM sbtest4 WHERE k BETWEEN 6737646 AND 6737746
	Bitmap Heap Scan on sbtest4  (cost=5.41..381.81 rows=95 width=125)
	  Recheck Cond: ((k >= 6737646) AND (k <= 6737746))
	  ->  Bitmap Index Scan on k_4  (cost=0.00..5.38 rows=95 width=0)
	        Index Cond: ((k >= 6737646) AND (k <= 6737746))

table 5 : explain SELECT k, c FROM sbtest5 WHERE k BETWEEN 6737646 AND 6737746
	Bitmap Heap Scan on sbtest5  (cost=5.47..405.48 rows=101 width=125)
	  Recheck Cond: ((k >= 6737646) AND (k <= 6737746))
	  ->  Bitmap Index Scan on k_5  (cost=0.00..5.44 rows=101 width=0)
	        Index Cond: ((k >= 6737646) AND (k <= 6737746))

table 6 : explain SELECT k, c FROM sbtest6 WHERE k BETWEEN 6737646 AND 6737746
	Bitmap Heap Scan on sbtest6  (cost=5.54..433.08 rows=108 width=125)
	  Recheck Cond: ((k >= 6737646) AND (k <= 6737746))
	  ->  Bitmap Index Scan on k_6  (cost=0.00..5.51 rows=108 width=0)
	        Index Cond: ((k >= 6737646) AND (k <= 6737746))

table 7 : explain SELECT k, c FROM sbtest7 WHERE k BETWEEN 6737646 AND 6737746
	Bitmap Heap Scan on sbtest7  (cost=5.44..393.68 rows=98 width=125)
	  Recheck Cond: ((k >= 6737646) AND (k <= 6737746))
	  ->  Bitmap Index Scan on k_7  (cost=0.00..5.42 rows=98 width=0)
	        Index Cond: ((k >= 6737646) AND (k <= 6737746))

table 8 : explain SELECT k, c FROM sbtest8 WHERE k BETWEEN 6737646 AND 6737746
	Bitmap Heap Scan on sbtest8  (cost=5.48..409.46 rows=102 width=125)
	  Recheck Cond: ((k >= 6737646) AND (k <= 6737746))
	  ->  Bitmap Index Scan on k_8  (cost=0.00..5.45 rows=102 width=0)
	        Index Cond: ((k >= 6737646) AND (k <= 6737746))

for range-notcovered
table 1 : explain SELECT k, c FROM sbtest1 WHERE k BETWEEN 3346171 AND 3346271
	Bitmap Heap Scan on sbtest1  (cost=5.49..413.29 rows=103 width=125)
	  Recheck Cond: ((k >= 3346171) AND (k <= 3346271))
	  ->  Bitmap Index Scan on k_1  (cost=0.00..5.46 rows=103 width=0)
	        Index Cond: ((k >= 3346171) AND (k <= 3346271))

table 2 : explain SELECT k, c FROM sbtest2 WHERE k BETWEEN 3346171 AND 3346271
	Bitmap Heap Scan on sbtest2  (cost=5.53..429.09 rows=107 width=125)
	  Recheck Cond: ((k >= 3346171) AND (k <= 3346271))
	  ->  Bitmap Index Scan on k_2  (cost=0.00..5.50 rows=107 width=0)
	        Index Cond: ((k >= 3346171) AND (k <= 3346271))

table 3 : explain SELECT k, c FROM sbtest3 WHERE k BETWEEN 3346171 AND 3346271
	Bitmap Heap Scan on sbtest3  (cost=5.62..464.54 rows=116 width=125)
	  Recheck Cond: ((k >= 3346171) AND (k <= 3346271))
	  ->  Bitmap Index Scan on k_3  (cost=0.00..5.59 rows=116 width=0)
	        Index Cond: ((k >= 3346171) AND (k <= 3346271))

table 4 : explain SELECT k, c FROM sbtest4 WHERE k BETWEEN 3346171 AND 3346271
	Bitmap Heap Scan on sbtest4  (cost=5.57..444.89 rows=111 width=125)
	  Recheck Cond: ((k >= 3346171) AND (k <= 3346271))
	  ->  Bitmap Index Scan on k_4  (cost=0.00..5.54 rows=111 width=0)
	        Index Cond: ((k >= 3346171) AND (k <= 3346271))

table 5 : explain SELECT k, c FROM sbtest5 WHERE k BETWEEN 3346171 AND 3346271
	Bitmap Heap Scan on sbtest5  (cost=5.53..429.13 rows=107 width=125)
	  Recheck Cond: ((k >= 3346171) AND (k <= 3346271))
	  ->  Bitmap Index Scan on k_5  (cost=0.00..5.50 rows=107 width=0)
	        Index Cond: ((k >= 3346171) AND (k <= 3346271))

table 6 : explain SELECT k, c FROM sbtest6 WHERE k BETWEEN 3346171 AND 3346271
	Bitmap Heap Scan on sbtest6  (cost=5.45..397.59 rows=99 width=125)
	  Recheck Cond: ((k >= 3346171) AND (k <= 3346271))
	  ->  Bitmap Index Scan on k_6  (cost=0.00..5.42 rows=99 width=0)
	        Index Cond: ((k >= 3346171) AND (k <= 3346271))

table 7 : explain SELECT k, c FROM sbtest7 WHERE k BETWEEN 3346171 AND 3346271
	Bitmap Heap Scan on sbtest7  (cost=5.38..370.01 rows=92 width=125)
	  Recheck Cond: ((k >= 3346171) AND (k <= 3346271))
	  ->  Bitmap Index Scan on k_7  (cost=0.00..5.35 rows=92 width=0)
	        Index Cond: ((k >= 3346171) AND (k <= 3346271))

table 8 : explain SELECT k, c FROM sbtest8 WHERE k BETWEEN 3346171 AND 3346271
	Bitmap Heap Scan on sbtest8  (cost=5.49..413.40 rows=103 width=125)
	  Recheck Cond: ((k >= 3346171) AND (k <= 3346271))
	  ->  Bitmap Index Scan on k_8  (cost=0.00..5.46 rows=103 width=0)
	        Index Cond: ((k >= 3346171) AND (k <= 3346271))

explain: for range-notcovered :: explain SELECT k, c FROM sbtest%d WHERE k BETWEEN 7000310 AND 7000410
for range-notcovered
table 1 : explain SELECT k, c FROM sbtest1 WHERE k BETWEEN 2639083 AND 2639183
	Bitmap Heap Scan on sbtest1  (cost=5.48..409.34 rows=102 width=125)
	  Recheck Cond: ((k >= 2639083) AND (k <= 2639183))
	  ->  Bitmap Index Scan on k_1  (cost=0.00..5.45 rows=102 width=0)
	        Index Cond: ((k >= 2639083) AND (k <= 2639183))

table 2 : explain SELECT k, c FROM sbtest2 WHERE k BETWEEN 2639083 AND 2639183
	Bitmap Heap Scan on sbtest2  (cost=5.61..460.60 rows=115 width=125)
	  Recheck Cond: ((k >= 2639083) AND (k <= 2639183))
	  ->  Bitmap Index Scan on k_2  (cost=0.00..5.58 rows=115 width=0)
	        Index Cond: ((k >= 2639083) AND (k <= 2639183))

table 3 : explain SELECT k, c FROM sbtest3 WHERE k BETWEEN 2639083 AND 2639183
	Bitmap Heap Scan on sbtest3  (cost=5.47..405.44 rows=101 width=125)
	  Recheck Cond: ((k >= 2639083) AND (k <= 2639183))
	  ->  Bitmap Index Scan on k_3  (cost=0.00..5.44 rows=101 width=0)
	        Index Cond: ((k >= 2639083) AND (k <= 2639183))

table 4 : explain SELECT k, c FROM sbtest4 WHERE k BETWEEN 2639083 AND 2639183
	Bitmap Heap Scan on sbtest4  (cost=5.53..429.13 rows=107 width=125)
	  Recheck Cond: ((k >= 2639083) AND (k <= 2639183))
	  ->  Bitmap Index Scan on k_4  (cost=0.00..5.50 rows=107 width=0)
	        Index Cond: ((k >= 2639083) AND (k <= 2639183))

table 5 : explain SELECT k, c FROM sbtest5 WHERE k BETWEEN 2639083 AND 2639183
	Bitmap Heap Scan on sbtest5  (cost=5.49..413.37 rows=103 width=125)
	  Recheck Cond: ((k >= 2639083) AND (k <= 2639183))
	  ->  Bitmap Index Scan on k_5  (cost=0.00..5.46 rows=103 width=0)
	        Index Cond: ((k >= 2639083) AND (k <= 2639183))

table 6 : explain SELECT k, c FROM sbtest6 WHERE k BETWEEN 2639083 AND 2639183
	Bitmap Heap Scan on sbtest6  (cost=5.49..413.37 rows=103 width=125)
	  Recheck Cond: ((k >= 2639083) AND (k <= 2639183))
	  ->  Bitmap Index Scan on k_6  (cost=0.00..5.46 rows=103 width=0)
	        Index Cond: ((k >= 2639083) AND (k <= 2639183))

table 7 : explain SELECT k, c FROM sbtest7 WHERE k BETWEEN 2639083 AND 2639183
	Bitmap Heap Scan on sbtest7  (cost=5.52..425.23 rows=106 width=125)
	  Recheck Cond: ((k >= 2639083) AND (k <= 2639183))
	  ->  Bitmap Index Scan on k_7  (cost=0.00..5.50 rows=106 width=0)
	        Index Cond: ((k >= 2639083) AND (k <= 2639183))

table 8 : explain SELECT k, c FROM sbtest8 WHERE k BETWEEN 2639083 AND 2639183
	Bitmap Heap Scan on sbtest8  (cost=5.42..385.79 rows=96 width=125)
	  Recheck Cond: ((k >= 2639083) AND (k <= 2639183))
	  ->  Bitmap Index Scan on k_8  (cost=0.00..5.39 rows=96 width=0)
	        Index Cond: ((k >= 2639083) AND (k <= 2639183))
explain: for range-notcovered :: explain SELECT k, c FROM sbtest%d WHERE k BETWEEN 4704269 AND 4704369for range-notcovered
table 1 : explain SELECT k, c FROM sbtest1 WHERE k BETWEEN 4794561 AND 4794661
	Bitmap Heap Scan on sbtest1  (cost=5.54..432.99 rows=108 width=125)
	  Recheck Cond: ((k >= 4794561) AND (k <= 4794661))
	  ->  Bitmap Index Scan on k_1  (cost=0.00..5.51 rows=108 width=0)
	        Index Cond: ((k >= 4794561) AND (k <= 4794661))

table 2 : explain SELECT k, c FROM sbtest2 WHERE k BETWEEN 4794561 AND 4794661
	Bitmap Heap Scan on sbtest2  (cost=5.53..429.09 rows=107 width=125)
	  Recheck Cond: ((k >= 4794561) AND (k <= 4794661))
	  ->  Bitmap Index Scan on k_2  (cost=0.00..5.50 rows=107 width=0)
	        Index Cond: ((k >= 4794561) AND (k <= 4794661))

table 3 : explain SELECT k, c FROM sbtest3 WHERE k BETWEEN 4794561 AND 4794661
	Bitmap Heap Scan on sbtest3  (cost=5.44..393.61 rows=98 width=125)
	  Recheck Cond: ((k >= 4794561) AND (k <= 4794661))
	  ->  Bitmap Index Scan on k_3  (cost=0.00..5.42 rows=98 width=0)
	        Index Cond: ((k >= 4794561) AND (k <= 4794661))

table 4 : explain SELECT k, c FROM sbtest4 WHERE k BETWEEN 4794561 AND 4794661
	Bitmap Heap Scan on sbtest4  (cost=5.56..440.95 rows=110 width=125)
	  Recheck Cond: ((k >= 4794561) AND (k <= 4794661))
	  ->  Bitmap Index Scan on k_4  (cost=0.00..5.53 rows=110 width=0)
	        Index Cond: ((k >= 4794561) AND (k <= 4794661))

table 5 : explain SELECT k, c FROM sbtest5 WHERE k BETWEEN 4794561 AND 4794661
	Bitmap Heap Scan on sbtest5  (cost=5.52..425.19 rows=106 width=125)
	  Recheck Cond: ((k >= 4794561) AND (k <= 4794661))
	  ->  Bitmap Index Scan on k_5  (cost=0.00..5.50 rows=106 width=0)
	        Index Cond: ((k >= 4794561) AND (k <= 4794661))

table 6 : explain SELECT k, c FROM sbtest6 WHERE k BETWEEN 4794561 AND 4794661
	Bitmap Heap Scan on sbtest6  (cost=5.56..440.96 rows=110 width=125)
	  Recheck Cond: ((k >= 4794561) AND (k <= 4794661))
	  ->  Bitmap Index Scan on k_6  (cost=0.00..5.53 rows=110 width=0)
	        Index Cond: ((k >= 4794561) AND (k <= 4794661))

table 7 : explain SELECT k, c FROM sbtest7 WHERE k BETWEEN 4794561 AND 4794661
	Bitmap Heap Scan on sbtest7  (cost=5.68..484.32 rows=121 width=125)
	  Recheck Cond: ((k >= 4794561) AND (k <= 4794661))
	  ->  Bitmap Index Scan on k_7  (cost=0.00..5.64 rows=121 width=0)
	        Index Cond: ((k >= 4794561) AND (k <= 4794661))

table 8 : explain SELECT k, c FROM sbtest8 WHERE k BETWEEN 4794561 AND 4794661
	Bitmap Heap Scan on sbtest8  (cost=5.48..409.46 rows=102 width=125)
	  Recheck Cond: ((k >= 4794561) AND (k <= 4794661))
	  ->  Bitmap Index Scan on k_8  (cost=0.00..5.45 rows=102 width=0)
	        Index Cond: ((k >= 4794561) AND (k <= 4794661))

for range-notcovered
table 1 : explain SELECT k, c FROM sbtest1 WHERE k BETWEEN 6859512 AND 6859612
	Bitmap Heap Scan on sbtest1  (cost=5.56..440.87 rows=110 width=125)
	  Recheck Cond: ((k >= 6859512) AND (k <= 6859612))
	  ->  Bitmap Index Scan on k_1  (cost=0.00..5.53 rows=110 width=0)
	        Index Cond: ((k >= 6859512) AND (k <= 6859612))

table 2 : explain SELECT k, c FROM sbtest2 WHERE k BETWEEN 6859512 AND 6859612
	Bitmap Heap Scan on sbtest2  (cost=5.57..444.85 rows=111 width=125)
	  Recheck Cond: ((k >= 6859512) AND (k <= 6859612))
	  ->  Bitmap Index Scan on k_2  (cost=0.00..5.54 rows=111 width=0)
	        Index Cond: ((k >= 6859512) AND (k <= 6859612))

table 3 : explain SELECT k, c FROM sbtest3 WHERE k BETWEEN 6859512 AND 6859612
	Bitmap Heap Scan on sbtest3  (cost=5.43..389.67 rows=97 width=125)
	  Recheck Cond: ((k >= 6859512) AND (k <= 6859612))
	  ->  Bitmap Index Scan on k_3  (cost=0.00..5.40 rows=97 width=0)
	        Index Cond: ((k >= 6859512) AND (k <= 6859612))

table 4 : explain SELECT k, c FROM sbtest4 WHERE k BETWEEN 6859512 AND 6859612
	Bitmap Heap Scan on sbtest4  (cost=5.38..369.97 rows=92 width=125)
	  Recheck Cond: ((k >= 6859512) AND (k <= 6859612))
	  ->  Bitmap Index Scan on k_4  (cost=0.00..5.35 rows=92 width=0)
	        Index Cond: ((k >= 6859512) AND (k <= 6859612))

table 5 : explain SELECT k, c FROM sbtest5 WHERE k BETWEEN 6859512 AND 6859612
	Bitmap Heap Scan on sbtest5  (cost=5.45..397.59 rows=99 width=125)
	  Recheck Cond: ((k >= 6859512) AND (k <= 6859612))
	  ->  Bitmap Index Scan on k_5  (cost=0.00..5.42 rows=99 width=0)
	        Index Cond: ((k >= 6859512) AND (k <= 6859612))

table 6 : explain SELECT k, c FROM sbtest6 WHERE k BETWEEN 6859512 AND 6859612
	Bitmap Heap Scan on sbtest6  (cost=5.48..409.42 rows=102 width=125)
	  Recheck Cond: ((k >= 6859512) AND (k <= 6859612))
	  ->  Bitmap Index Scan on k_6  (cost=0.00..5.45 rows=102 width=0)
	        Index Cond: ((k >= 6859512) AND (k <= 6859612))

table 7 : explain SELECT k, c FROM sbtest7 WHERE k BETWEEN 6859512 AND 6859612
	Bitmap Heap Scan on sbtest7  (cost=5.45..397.63 rows=99 width=125)
	  Recheck Cond: ((k >= 6859512) AND (k <= 6859612))
	  ->  Bitmap Index Scan on k_7  (cost=0.00..5.42 rows=99 width=0)
	        Index Cond: ((k >= 6859512) AND (k <= 6859612))

table 8 : explain SELECT k, c FROM sbtest8 WHERE k BETWEEN 6859512 AND 6859612
	Bitmap Heap Scan on sbtest8  (cost=5.51..421.29 rows=105 width=125)
	  Recheck Cond: ((k >= 6859512) AND (k <= 6859612))
	  ->  Bitmap Index Scan on k_8  (cost=0.00..5.48 rows=105 width=0)
	        Index Cond: ((k >= 6859512) AND (k <= 6859612))


for range-notcovered
table 1 : explain SELECT k, c FROM sbtest1 WHERE k BETWEEN 4101353 AND 4101453
	Bitmap Heap Scan on sbtest1  (cost=5.56..440.87 rows=110 width=125)
	  Recheck Cond: ((k >= 4101353) AND (k <= 4101453))
	  ->  Bitmap Index Scan on k_1  (cost=0.00..5.53 rows=110 width=0)
	        Index Cond: ((k >= 4101353) AND (k <= 4101453))

table 2 : explain SELECT k, c FROM sbtest2 WHERE k BETWEEN 4101353 AND 4101453
	Bitmap Heap Scan on sbtest2  (cost=5.48..409.38 rows=102 width=125)
	  Recheck Cond: ((k >= 4101353) AND (k <= 4101453))
	  ->  Bitmap Index Scan on k_2  (cost=0.00..5.45 rows=102 width=0)
	        Index Cond: ((k >= 4101353) AND (k <= 4101453))

table 3 : explain SELECT k, c FROM sbtest3 WHERE k BETWEEN 4101353 AND 4101453
	Bitmap Heap Scan on sbtest3  (cost=5.48..409.39 rows=102 width=125)
	  Recheck Cond: ((k >= 4101353) AND (k <= 4101453))
	  ->  Bitmap Index Scan on k_3  (cost=0.00..5.45 rows=102 width=0)
	        Index Cond: ((k >= 4101353) AND (k <= 4101453))

table 4 : explain SELECT k, c FROM sbtest4 WHERE k BETWEEN 4101353 AND 4101453
	Bitmap Heap Scan on sbtest4  (cost=5.47..405.48 rows=101 width=125)
	  Recheck Cond: ((k >= 4101353) AND (k <= 4101453))
	  ->  Bitmap Index Scan on k_4  (cost=0.00..5.44 rows=101 width=0)
	        Index Cond: ((k >= 4101353) AND (k <= 4101453))

table 5 : explain SELECT k, c FROM sbtest5 WHERE k BETWEEN 4101353 AND 4101453
	Bitmap Heap Scan on sbtest5  (cost=5.51..421.25 rows=105 width=125)
	  Recheck Cond: ((k >= 4101353) AND (k <= 4101453))
	  ->  Bitmap Index Scan on k_5  (cost=0.00..5.48 rows=105 width=0)
	        Index Cond: ((k >= 4101353) AND (k <= 4101453))

table 6 : explain SELECT k, c FROM sbtest6 WHERE k BETWEEN 4101353 AND 4101453
	Bitmap Heap Scan on sbtest6  (cost=5.49..413.37 rows=103 width=125)
	  Recheck Cond: ((k >= 4101353) AND (k <= 4101453))
	  ->  Bitmap Index Scan on k_6  (cost=0.00..5.46 rows=103 width=0)
	        Index Cond: ((k >= 4101353) AND (k <= 4101453))

table 7 : explain SELECT k, c FROM sbtest7 WHERE k BETWEEN 4101353 AND 4101453
	Bitmap Heap Scan on sbtest7  (cost=5.46..401.57 rows=100 width=125)
	  Recheck Cond: ((k >= 4101353) AND (k <= 4101453))
	  ->  Bitmap Index Scan on k_7  (cost=0.00..5.43 rows=100 width=0)
	        Index Cond: ((k >= 4101353) AND (k <= 4101453))

table 8 : explain SELECT k, c FROM sbtest8 WHERE k BETWEEN 4101353 AND 4101453
	Bitmap Heap Scan on sbtest8  (cost=5.52..425.23 rows=106 width=125)
	  Recheck Cond: ((k >= 4101353) AND (k <= 4101453))
	  ->  Bitmap Index Scan on k_8  (cost=0.00..5.50 rows=106 width=0)
	        Index Cond: ((k >= 4101353) AND (k <= 4101453))
for range-notcovered
table 1 : explain SELECT k, c FROM sbtest1 WHERE k BETWEEN 1173834 AND 1173934
	Bitmap Heap Scan on sbtest1  (cost=5.54..432.99 rows=108 width=125)
	  Recheck Cond: ((k >= 1173834) AND (k <= 1173934))
	  ->  Bitmap Index Scan on k_1  (cost=0.00..5.51 rows=108 width=0)
	        Index Cond: ((k >= 1173834) AND (k <= 1173934))

table 2 : explain SELECT k, c FROM sbtest2 WHERE k BETWEEN 1173834 AND 1173934
	Bitmap Heap Scan on sbtest2  (cost=5.53..429.09 rows=107 width=125)
	  Recheck Cond: ((k >= 1173834) AND (k <= 1173934))
	  ->  Bitmap Index Scan on k_2  (cost=0.00..5.50 rows=107 width=0)
	        Index Cond: ((k >= 1173834) AND (k <= 1173934))

table 3 : explain SELECT k, c FROM sbtest3 WHERE k BETWEEN 1173834 AND 1173934
	Bitmap Heap Scan on sbtest3  (cost=5.42..385.72 rows=96 width=125)
	  Recheck Cond: ((k >= 1173834) AND (k <= 1173934))
	  ->  Bitmap Index Scan on k_3  (cost=0.00..5.39 rows=96 width=0)
	        Index Cond: ((k >= 1173834) AND (k <= 1173934))

table 4 : explain SELECT k, c FROM sbtest4 WHERE k BETWEEN 1173834 AND 1173934
	Bitmap Heap Scan on sbtest4  (cost=5.38..369.97 rows=92 width=125)
	  Recheck Cond: ((k >= 1173834) AND (k <= 1173934))
	  ->  Bitmap Index Scan on k_4  (cost=0.00..5.35 rows=92 width=0)
	        Index Cond: ((k >= 1173834) AND (k <= 1173934))

table 5 : explain SELECT k, c FROM sbtest5 WHERE k BETWEEN 1173834 AND 1173934
	Bitmap Heap Scan on sbtest5  (cost=5.42..385.76 rows=96 width=125)
	  Recheck Cond: ((k >= 1173834) AND (k <= 1173934))
	  ->  Bitmap Index Scan on k_5  (cost=0.00..5.39 rows=96 width=0)
	        Index Cond: ((k >= 1173834) AND (k <= 1173934))

table 6 : explain SELECT k, c FROM sbtest6 WHERE k BETWEEN 1173834 AND 1173934
	Bitmap Heap Scan on sbtest6  (cost=5.53..429.13 rows=107 width=125)
	  Recheck Cond: ((k >= 1173834) AND (k <= 1173934))
	  ->  Bitmap Index Scan on k_6  (cost=0.00..5.50 rows=107 width=0)
	        Index Cond: ((k >= 1173834) AND (k <= 1173934))

table 7 : explain SELECT k, c FROM sbtest7 WHERE k BETWEEN 1173834 AND 1173934
	Bitmap Heap Scan on sbtest7  (cost=5.47..405.52 rows=101 width=125)
	  Recheck Cond: ((k >= 1173834) AND (k <= 1173934))
	  ->  Bitmap Index Scan on k_7  (cost=0.00..5.44 rows=101 width=0)
	        Index Cond: ((k >= 1173834) AND (k <= 1173934))

table 8 : explain SELECT k, c FROM sbtest8 WHERE k BETWEEN 1173834 AND 1173934
	Bitmap Heap Scan on sbtest8  (cost=5.56..441.00 rows=110 width=125)
	  Recheck Cond: ((k >= 1173834) AND (k <= 1173934))
	  ->  Bitmap Index Scan on k_8  (cost=0.00..5.53 rows=110 width=0)
	        Index Cond: ((k >= 1173834) AND (k <= 1173934))

explain: for range-notcovered :: explain SELECT k, c FROM sbtest%d WHERE k BETWEEN 6737646 AND 6737746
explain: for range-notcovered :: explain SELECT k, c FROM sbtest%d WHERE k BETWEEN 5001065 AND 5001165explain: for range-notcovered :: explain SELECT k, c FROM sbtest%d WHERE k BETWEEN 3346171 AND 3346271
explain: for range-notcovered :: explain SELECT k, c FROM sbtest%d WHERE k BETWEEN 7804666 AND 7804766

explain: for range-notcovered :: explain SELECT k, c FROM sbtest%d WHERE k BETWEEN 4794561 AND 4794661

explain: for range-notcovered :: explain SELECT k, c FROM sbtest%d WHERE k BETWEEN 6859512 AND 6859612
explain: for range-notcovered :: explain SELECT k, c FROM sbtest%d WHERE k BETWEEN 2639083 AND 2639183
explain: for range-notcovered :: explain SELECT k, c FROM sbtest%d WHERE k BETWEEN 1173834 AND 1173934for range-notcovered
table 1 : explain SELECT k, c FROM sbtest1 WHERE k BETWEEN 5522101 AND 5522201
	Bitmap Heap Scan on sbtest1  (cost=5.40..377.79 rows=94 width=125)
	  Recheck Cond: ((k >= 5522101) AND (k <= 5522201))
	  ->  Bitmap Index Scan on k_1  (cost=0.00..5.38 rows=94 width=0)
	        Index Cond: ((k >= 5522101) AND (k <= 5522201))

table 2 : explain SELECT k, c FROM sbtest2 WHERE k BETWEEN 5522101 AND 5522201
	Bitmap Heap Scan on sbtest2  (cost=5.51..421.21 rows=105 width=125)
	  Recheck Cond: ((k >= 5522101) AND (k <= 5522201))
	  ->  Bitmap Index Scan on k_2  (cost=0.00..5.48 rows=105 width=0)
	        Index Cond: ((k >= 5522101) AND (k <= 5522201))

table 3 : explain SELECT k, c FROM sbtest3 WHERE k BETWEEN 5522101 AND 5522201
	Bitmap Heap Scan on sbtest3  (cost=5.44..393.61 rows=98 width=125)
	  Recheck Cond: ((k >= 5522101) AND (k <= 5522201))
	  ->  Bitmap Index Scan on k_3  (cost=0.00..5.42 rows=98 width=0)
	        Index Cond: ((k >= 5522101) AND (k <= 5522201))

table 4 : explain SELECT k, c FROM sbtest4 WHERE k BETWEEN 5522101 AND 5522201
	Bitmap Heap Scan on sbtest4  (cost=5.40..377.86 rows=94 width=125)
	  Recheck Cond: ((k >= 5522101) AND (k <= 5522201))
	  ->  Bitmap Index Scan on k_4  (cost=0.00..5.38 rows=94 width=0)
	        Index Cond: ((k >= 5522101) AND (k <= 5522201))

table 5 : explain SELECT k, c FROM sbtest5 WHERE k BETWEEN 5522101 AND 5522201
	Bitmap Heap Scan on sbtest5  (cost=5.43..389.70 rows=97 width=125)
	  Recheck Cond: ((k >= 5522101) AND (k <= 5522201))
	  ->  Bitmap Index Scan on k_5  (cost=0.00..5.40 rows=97 width=0)
	        Index Cond: ((k >= 5522101) AND (k <= 5522201))

table 6 : explain SELECT k, c FROM sbtest6 WHERE k BETWEEN 5522101 AND 5522201
	Bitmap Heap Scan on sbtest6  (cost=5.44..393.65 rows=98 width=125)
	  Recheck Cond: ((k >= 5522101) AND (k <= 5522201))
	  ->  Bitmap Index Scan on k_6  (cost=0.00..5.42 rows=98 width=0)
	        Index Cond: ((k >= 5522101) AND (k <= 5522201))

table 7 : explain SELECT k, c FROM sbtest7 WHERE k BETWEEN 5522101 AND 5522201
	Bitmap Heap Scan on sbtest7  (cost=5.50..417.35 rows=104 width=125)
	  Recheck Cond: ((k >= 5522101) AND (k <= 5522201))
	  ->  Bitmap Index Scan on k_7  (cost=0.00..5.47 rows=104 width=0)
	        Index Cond: ((k >= 5522101) AND (k <= 5522201))

table 8 : explain SELECT k, c FROM sbtest8 WHERE k BETWEEN 5522101 AND 5522201
	Bitmap Heap Scan on sbtest8  (cost=5.48..409.46 rows=102 width=125)
	  Recheck Cond: ((k >= 5522101) AND (k <= 5522201))
	  ->  Bitmap Index Scan on k_8  (cost=0.00..5.45 rows=102 width=0)
	        Index Cond: ((k >= 5522101) AND (k <= 5522201))



explain: for range-notcovered :: explain SELECT k, c FROM sbtest%d WHERE k BETWEEN 6222055 AND 6222155
explain: for range-notcovered :: explain SELECT k, c FROM sbtest%d WHERE k BETWEEN 3394656 AND 3394756
for range-notcovered
table 1 : explain SELECT k, c FROM sbtest1 WHERE k BETWEEN 6904500 AND 6904600
	Bitmap Heap Scan on sbtest1  (cost=5.56..440.87 rows=110 width=125)
	  Recheck Cond: ((k >= 6904500) AND (k <= 6904600))
	  ->  Bitmap Index Scan on k_1  (cost=0.00..5.53 rows=110 width=0)
	        Index Cond: ((k >= 6904500) AND (k <= 6904600))

table 2 : explain SELECT k, c FROM sbtest2 WHERE k BETWEEN 6904500 AND 6904600
	Bitmap Heap Scan on sbtest2  (cost=5.49..413.32 rows=103 width=125)
	  Recheck Cond: ((k >= 6904500) AND (k <= 6904600))
	  ->  Bitmap Index Scan on k_2  (cost=0.00..5.46 rows=103 width=0)
	        Index Cond: ((k >= 6904500) AND (k <= 6904600))

table 3 : explain SELECT k, c FROM sbtest3 WHERE k BETWEEN 6904500 AND 6904600
	Bitmap Heap Scan on sbtest3  (cost=5.49..413.33 rows=103 width=125)
	  Recheck Cond: ((k >= 6904500) AND (k <= 6904600))
	  ->  Bitmap Index Scan on k_3  (cost=0.00..5.46 rows=103 width=0)
	        Index Cond: ((k >= 6904500) AND (k <= 6904600))

table 4 : explain SELECT k, c FROM sbtest4 WHERE k BETWEEN 6904500 AND 6904600
	Bitmap Heap Scan on sbtest4  (cost=5.38..369.97 rows=92 width=125)
	  Recheck Cond: ((k >= 6904500) AND (k <= 6904600))
	  ->  Bitmap Index Scan on k_4  (cost=0.00..5.35 rows=92 width=0)
	        Index Cond: ((k >= 6904500) AND (k <= 6904600))

table 5 : explain SELECT k, c FROM sbtest5 WHERE k BETWEEN 6904500 AND 6904600
	Bitmap Heap Scan on sbtest5  (cost=5.45..397.59 rows=99 width=125)
	  Recheck Cond: ((k >= 6904500) AND (k <= 6904600))
	  ->  Bitmap Index Scan on k_5  (cost=0.00..5.42 rows=99 width=0)
	        Index Cond: ((k >= 6904500) AND (k <= 6904600))

table 6 : explain SELECT k, c FROM sbtest6 WHERE k BETWEEN 6904500 AND 6904600
	Bitmap Heap Scan on sbtest6  (cost=5.49..413.37 rows=103 width=125)
	  Recheck Cond: ((k >= 6904500) AND (k <= 6904600))
	  ->  Bitmap Index Scan on k_6  (cost=0.00..5.46 rows=103 width=0)
	        Index Cond: ((k >= 6904500) AND (k <= 6904600))

table 7 : explain SELECT k, c FROM sbtest7 WHERE k BETWEEN 6904500 AND 6904600
	Bitmap Heap Scan on sbtest7  (cost=5.45..397.63 rows=99 width=125)
	  Recheck Cond: ((k >= 6904500) AND (k <= 6904600))
	  ->  Bitmap Index Scan on k_7  (cost=0.00..5.42 rows=99 width=0)
	        Index Cond: ((k >= 6904500) AND (k <= 6904600))

table 8 : explain SELECT k, c FROM sbtest8 WHERE k BETWEEN 6904500 AND 6904600
	Bitmap Heap Scan on sbtest8  (cost=5.51..421.29 rows=105 width=125)
	  Recheck Cond: ((k >= 6904500) AND (k <= 6904600))
	  ->  Bitmap Index Scan on k_8  (cost=0.00..5.48 rows=105 width=0)
	        Index Cond: ((k >= 6904500) AND (k <= 6904600))

explain: for range-notcovered :: explain SELECT k, c FROM sbtest%d WHERE k BETWEEN 4101353 AND 4101453
explain: for range-notcovered :: explain SELECT k, c FROM sbtest%d WHERE k BETWEEN 5522101 AND 5522201
explain: for range-notcovered :: explain SELECT k, c FROM sbtest%d WHERE k BETWEEN 6904500 AND 6904600
for range-notcovered
table 1 : explain SELECT k, c FROM sbtest1 WHERE k BETWEEN 4410081 AND 4410181
	Bitmap Heap Scan on sbtest1  (cost=5.42..385.68 rows=96 width=125)
	  Recheck Cond: ((k >= 4410081) AND (k <= 4410181))
	  ->  Bitmap Index Scan on k_1  (cost=0.00..5.39 rows=96 width=0)
	        Index Cond: ((k >= 4410081) AND (k <= 4410181))

table 2 : explain SELECT k, c FROM sbtest2 WHERE k BETWEEN 4410081 AND 4410181
	Bitmap Heap Scan on sbtest2  (cost=5.49..413.32 rows=103 width=125)
	  Recheck Cond: ((k >= 4410081) AND (k <= 4410181))
	  ->  Bitmap Index Scan on k_2  (cost=0.00..5.46 rows=103 width=0)
	        Index Cond: ((k >= 4410081) AND (k <= 4410181))

table 3 : explain SELECT k, c FROM sbtest3 WHERE k BETWEEN 4410081 AND 4410181
	Bitmap Heap Scan on sbtest3  (cost=5.45..397.56 rows=99 width=125)
	  Recheck Cond: ((k >= 4410081) AND (k <= 4410181))
	  ->  Bitmap Index Scan on k_3  (cost=0.00..5.42 rows=99 width=0)
	        Index Cond: ((k >= 4410081) AND (k <= 4410181))

table 4 : explain SELECT k, c FROM sbtest4 WHERE k BETWEEN 4410081 AND 4410181
	Bitmap Heap Scan on sbtest4  (cost=5.38..369.97 rows=92 width=125)
	  Recheck Cond: ((k >= 4410081) AND (k <= 4410181))
	  ->  Bitmap Index Scan on k_4  (cost=0.00..5.35 rows=92 width=0)
	        Index Cond: ((k >= 4410081) AND (k <= 4410181))

table 5 : explain SELECT k, c FROM sbtest5 WHERE k BETWEEN 4410081 AND 4410181
	Bitmap Heap Scan on sbtest5  (cost=5.45..397.59 rows=99 width=125)
	  Recheck Cond: ((k >= 4410081) AND (k <= 4410181))
	  ->  Bitmap Index Scan on k_5  (cost=0.00..5.42 rows=99 width=0)
	        Index Cond: ((k >= 4410081) AND (k <= 4410181))

table 6 : explain SELECT k, c FROM sbtest6 WHERE k BETWEEN 4410081 AND 4410181
	Bitmap Heap Scan on sbtest6  (cost=5.44..393.65 rows=98 width=125)
	  Recheck Cond: ((k >= 4410081) AND (k <= 4410181))
	  ->  Bitmap Index Scan on k_6  (cost=0.00..5.42 rows=98 width=0)
	        Index Cond: ((k >= 4410081) AND (k <= 4410181))

table 7 : explain SELECT k, c FROM sbtest7 WHERE k BETWEEN 4410081 AND 4410181
	Bitmap Heap Scan on sbtest7  (cost=5.52..425.23 rows=106 width=125)
	  Recheck Cond: ((k >= 4410081) AND (k <= 4410181))
	  ->  Bitmap Index Scan on k_7  (cost=0.00..5.50 rows=106 width=0)
	        Index Cond: ((k >= 4410081) AND (k <= 4410181))

table 8 : explain SELECT k, c FROM sbtest8 WHERE k BETWEEN 4410081 AND 4410181
	Bitmap Heap Scan on sbtest8  (cost=5.48..409.46 rows=102 width=125)
	  Recheck Cond: ((k >= 4410081) AND (k <= 4410181))
	  ->  Bitmap Index Scan on k_8  (cost=0.00..5.45 rows=102 width=0)
	        Index Cond: ((k >= 4410081) AND (k <= 4410181))

for range-notcovered
table 1 : explain SELECT k, c FROM sbtest1 WHERE k BETWEEN 4243065 AND 4243165
	Bitmap Heap Scan on sbtest1  (cost=5.49..413.29 rows=103 width=125)
	  Recheck Cond: ((k >= 4243065) AND (k <= 4243165))
	  ->  Bitmap Index Scan on k_1  (cost=0.00..5.46 rows=103 width=0)
	        Index Cond: ((k >= 4243065) AND (k <= 4243165))

table 2 : explain SELECT k, c FROM sbtest2 WHERE k BETWEEN 4243065 AND 4243165
	Bitmap Heap Scan on sbtest2  (cost=5.55..436.97 rows=109 width=125)
	  Recheck Cond: ((k >= 4243065) AND (k <= 4243165))
	  ->  Bitmap Index Scan on k_2  (cost=0.00..5.52 rows=109 width=0)
	        Index Cond: ((k >= 4243065) AND (k <= 4243165))

table 3 : explain SELECT k, c FROM sbtest3 WHERE k BETWEEN 4243065 AND 4243165
	Bitmap Heap Scan on sbtest3  (cost=5.47..405.44 rows=101 width=125)
	  Recheck Cond: ((k >= 4243065) AND (k <= 4243165))
	  ->  Bitmap Index Scan on k_3  (cost=0.00..5.44 rows=101 width=0)
	        Index Cond: ((k >= 4243065) AND (k <= 4243165))

table 4 : explain SELECT k, c FROM sbtest4 WHERE k BETWEEN 4243065 AND 4243165
	Bitmap Heap Scan on sbtest4  (cost=5.43..389.70 rows=97 width=125)
	  Recheck Cond: ((k >= 4243065) AND (k <= 4243165))
	  ->  Bitmap Index Scan on k_4  (cost=0.00..5.40 rows=97 width=0)
	        Index Cond: ((k >= 4243065) AND (k <= 4243165))

table 5 : explain SELECT k, c FROM sbtest5 WHERE k BETWEEN 4243065 AND 4243165
	Bitmap Heap Scan on sbtest5  (cost=5.41..381.81 rows=95 width=125)
	  Recheck Cond: ((k >= 4243065) AND (k <= 4243165))
	  ->  Bitmap Index Scan on k_5  (cost=0.00..5.38 rows=95 width=0)
	        Index Cond: ((k >= 4243065) AND (k <= 4243165))

table 6 : explain SELECT k, c FROM sbtest6 WHERE k BETWEEN 4243065 AND 4243165
	Bitmap Heap Scan on sbtest6  (cost=5.48..409.42 rows=102 width=125)
	  Recheck Cond: ((k >= 4243065) AND (k <= 4243165))
	  ->  Bitmap Index Scan on k_6  (cost=0.00..5.45 rows=102 width=0)
	        Index Cond: ((k >= 4243065) AND (k <= 4243165))

table 7 : explain SELECT k, c FROM sbtest7 WHERE k BETWEEN 4243065 AND 4243165
	Bitmap Heap Scan on sbtest7  (cost=5.45..397.63 rows=99 width=125)
	  Recheck Cond: ((k >= 4243065) AND (k <= 4243165))
	  ->  Bitmap Index Scan on k_7  (cost=0.00..5.42 rows=99 width=0)
	        Index Cond: ((k >= 4243065) AND (k <= 4243165))

table 8 : explain SELECT k, c FROM sbtest8 WHERE k BETWEEN 4243065 AND 4243165
	Bitmap Heap Scan on sbtest8  (cost=5.51..421.29 rows=105 width=125)
	  Recheck Cond: ((k >= 4243065) AND (k <= 4243165))
	  ->  Bitmap Index Scan on k_8  (cost=0.00..5.48 rows=105 width=0)
	        Index Cond: ((k >= 4243065) AND (k <= 4243165))

for range-notcovered
table 1 : explain SELECT k, c FROM sbtest1 WHERE k BETWEEN 5399909 AND 5400009
	Bitmap Heap Scan on sbtest1  (cost=5.45..397.52 rows=99 width=125)
	  Recheck Cond: ((k >= 5399909) AND (k <= 5400009))
	  ->  Bitmap Index Scan on k_1  (cost=0.00..5.42 rows=99 width=0)
	        Index Cond: ((k >= 5399909) AND (k <= 5400009))

table 2 : explain SELECT k, c FROM sbtest2 WHERE k BETWEEN 5399909 AND 5400009
	Bitmap Heap Scan on sbtest2  (cost=5.47..405.44 rows=101 width=125)
	  Recheck Cond: ((k >= 5399909) AND (k <= 5400009))
	  ->  Bitmap Index Scan on k_2  (cost=0.00..5.44 rows=101 width=0)
	        Index Cond: ((k >= 5399909) AND (k <= 5400009))

table 3 : explain SELECT k, c FROM sbtest3 WHERE k BETWEEN 5399909 AND 5400009
	Bitmap Heap Scan on sbtest3  (cost=5.45..397.56 rows=99 width=125)
	  Recheck Cond: ((k >= 5399909) AND (k <= 5400009))
	  ->  Bitmap Index Scan on k_3  (cost=0.00..5.42 rows=99 width=0)
	        Index Cond: ((k >= 5399909) AND (k <= 5400009))

table 4 : explain SELECT k, c FROM sbtest4 WHERE k BETWEEN 5399909 AND 5400009
	Bitmap Heap Scan on sbtest4  (cost=5.44..393.65 rows=98 width=125)
	  Recheck Cond: ((k >= 5399909) AND (k <= 5400009))
	  ->  Bitmap Index Scan on k_4  (cost=0.00..5.42 rows=98 width=0)
	        Index Cond: ((k >= 5399909) AND (k <= 5400009))

table 5 : explain SELECT k, c FROM sbtest5 WHERE k BETWEEN 5399909 AND 5400009
	Bitmap Heap Scan on sbtest5  (cost=5.46..401.54 rows=100 width=125)
	  Recheck Cond: ((k >= 5399909) AND (k <= 5400009))
	  ->  Bitmap Index Scan on k_5  (cost=0.00..5.43 rows=100 width=0)
	        Index Cond: ((k >= 5399909) AND (k <= 5400009))

table 6 : explain SELECT k, c FROM sbtest6 WHERE k BETWEEN 5399909 AND 5400009
	Bitmap Heap Scan on sbtest6  (cost=5.57..444.90 rows=111 width=125)
	  Recheck Cond: ((k >= 5399909) AND (k <= 5400009))
	  ->  Bitmap Index Scan on k_6  (cost=0.00..5.54 rows=111 width=0)
	        Index Cond: ((k >= 5399909) AND (k <= 5400009))

table 7 : explain SELECT k, c FROM sbtest7 WHERE k BETWEEN 5399909 AND 5400009
	Bitmap Heap Scan on sbtest7  (cost=5.50..417.35 rows=104 width=125)
	  Recheck Cond: ((k >= 5399909) AND (k <= 5400009))
	  ->  Bitmap Index Scan on k_7  (cost=0.00..5.47 rows=104 width=0)
	        Index Cond: ((k >= 5399909) AND (k <= 5400009))

table 8 : explain SELECT k, c FROM sbtest8 WHERE k BETWEEN 5399909 AND 5400009
	Bitmap Heap Scan on sbtest8  (cost=5.47..405.52 rows=101 width=125)
	  Recheck Cond: ((k >= 5399909) AND (k <= 5400009))
	  ->  Bitmap Index Scan on k_8  (cost=0.00..5.44 rows=101 width=0)
	        Index Cond: ((k >= 5399909) AND (k <= 5400009))

explain: for range-notcovered :: explain SELECT k, c FROM sbtest%d WHERE k BETWEEN 4243065 AND 4243165
explain: for range-notcovered :: explain SELECT k, c FROM sbtest%d WHERE k BETWEEN 4410081 AND 4410181
explain: for range-notcovered :: explain SELECT k, c FROM sbtest%d WHERE k BETWEEN 5399909 AND 5400009
for range-notcovered
table 1 : explain SELECT k, c FROM sbtest1 WHERE k BETWEEN 4455370 AND 4455470
	Bitmap Heap Scan on sbtest1  (cost=5.61..460.55 rows=115 width=125)
	  Recheck Cond: ((k >= 4455370) AND (k <= 4455470))
	  ->  Bitmap Index Scan on k_1  (cost=0.00..5.58 rows=115 width=0)
	        Index Cond: ((k >= 4455370) AND (k <= 4455470))

table 2 : explain SELECT k, c FROM sbtest2 WHERE k BETWEEN 4455370 AND 4455470
	Bitmap Heap Scan on sbtest2  (cost=5.45..397.55 rows=99 width=125)
	  Recheck Cond: ((k >= 4455370) AND (k <= 4455470))
	  ->  Bitmap Index Scan on k_2  (cost=0.00..5.42 rows=99 width=0)
	        Index Cond: ((k >= 4455370) AND (k <= 4455470))

table 3 : explain SELECT k, c FROM sbtest3 WHERE k BETWEEN 4455370 AND 4455470
	Bitmap Heap Scan on sbtest3  (cost=5.45..397.56 rows=99 width=125)
	  Recheck Cond: ((k >= 4455370) AND (k <= 4455470))
	  ->  Bitmap Index Scan on k_3  (cost=0.00..5.42 rows=99 width=0)
	        Index Cond: ((k >= 4455370) AND (k <= 4455470))

table 4 : explain SELECT k, c FROM sbtest4 WHERE k BETWEEN 4455370 AND 4455470
	Bitmap Heap Scan on sbtest4  (cost=5.46..401.53 rows=100 width=125)
	  Recheck Cond: ((k >= 4455370) AND (k <= 4455470))
	  ->  Bitmap Index Scan on k_4  (cost=0.00..5.43 rows=100 width=0)
	        Index Cond: ((k >= 4455370) AND (k <= 4455470))

table 5 : explain SELECT k, c FROM sbtest5 WHERE k BETWEEN 4455370 AND 4455470
	Bitmap Heap Scan on sbtest5  (cost=5.45..397.59 rows=99 width=125)
	  Recheck Cond: ((k >= 4455370) AND (k <= 4455470))
	  ->  Bitmap Index Scan on k_5  (cost=0.00..5.42 rows=99 width=0)
	        Index Cond: ((k >= 4455370) AND (k <= 4455470))

table 6 : explain SELECT k, c FROM sbtest6 WHERE k BETWEEN 4455370 AND 4455470
	Bitmap Heap Scan on sbtest6  (cost=5.44..393.65 rows=98 width=125)
	  Recheck Cond: ((k >= 4455370) AND (k <= 4455470))
	  ->  Bitmap Index Scan on k_6  (cost=0.00..5.42 rows=98 width=0)
	        Index Cond: ((k >= 4455370) AND (k <= 4455470))

table 7 : explain SELECT k, c FROM sbtest7 WHERE k BETWEEN 4455370 AND 4455470
	Bitmap Heap Scan on sbtest7  (cost=5.52..425.23 rows=106 width=125)
	  Recheck Cond: ((k >= 4455370) AND (k <= 4455470))
	  ->  Bitmap Index Scan on k_7  (cost=0.00..5.50 rows=106 width=0)
	        Index Cond: ((k >= 4455370) AND (k <= 4455470))

table 8 : explain SELECT k, c FROM sbtest8 WHERE k BETWEEN 4455370 AND 4455470
	Bitmap Heap Scan on sbtest8  (cost=5.48..409.46 rows=102 width=125)
	  Recheck Cond: ((k >= 4455370) AND (k <= 4455470))
	  ->  Bitmap Index Scan on k_8  (cost=0.00..5.45 rows=102 width=0)
	        Index Cond: ((k >= 4455370) AND (k <= 4455470))

explain: for range-notcovered :: explain SELECT k, c FROM sbtest%d WHERE k BETWEEN 6408735 AND 6408835
explain: for range-notcovered :: explain SELECT k, c FROM sbtest%d WHERE k BETWEEN 4455370 AND 4455470
explain: for range-notcovered :: explain SELECT k, c FROM sbtest%d WHERE k BETWEEN 4036988 AND 4037088
explain: for range-notcovered :: explain SELECT k, c FROM sbtest%d WHERE k BETWEEN 3944438 AND 3944538
for range-notcovered
table 1 : explain SELECT k, c FROM sbtest1 WHERE k BETWEEN 4028203 AND 4028303
	Bitmap Heap Scan on sbtest1  (cost=5.54..432.99 rows=108 width=125)
	  Recheck Cond: ((k >= 4028203) AND (k <= 4028303))
	  ->  Bitmap Index Scan on k_1  (cost=0.00..5.51 rows=108 width=0)
	        Index Cond: ((k >= 4028203) AND (k <= 4028303))

table 2 : explain SELECT k, c FROM sbtest2 WHERE k BETWEEN 4028203 AND 4028303
	Bitmap Heap Scan on sbtest2  (cost=5.48..409.38 rows=102 width=125)
	  Recheck Cond: ((k >= 4028203) AND (k <= 4028303))
	  ->  Bitmap Index Scan on k_2  (cost=0.00..5.45 rows=102 width=0)
	        Index Cond: ((k >= 4028203) AND (k <= 4028303))

table 3 : explain SELECT k, c FROM sbtest3 WHERE k BETWEEN 4028203 AND 4028303
	Bitmap Heap Scan on sbtest3  (cost=5.51..421.21 rows=105 width=125)
	  Recheck Cond: ((k >= 4028203) AND (k <= 4028303))
	  ->  Bitmap Index Scan on k_3  (cost=0.00..5.48 rows=105 width=0)
	        Index Cond: ((k >= 4028203) AND (k <= 4028303))

table 4 : explain SELECT k, c FROM sbtest4 WHERE k BETWEEN 4028203 AND 4028303
	Bitmap Heap Scan on sbtest4  (cost=5.47..405.48 rows=101 width=125)
	  Recheck Cond: ((k >= 4028203) AND (k <= 4028303))
	  ->  Bitmap Index Scan on k_4  (cost=0.00..5.44 rows=101 width=0)
	        Index Cond: ((k >= 4028203) AND (k <= 4028303))

table 5 : explain SELECT k, c FROM sbtest5 WHERE k BETWEEN 4028203 AND 4028303
	Bitmap Heap Scan on sbtest5  (cost=5.60..456.71 rows=114 width=125)
	  Recheck Cond: ((k >= 4028203) AND (k <= 4028303))
	  ->  Bitmap Index Scan on k_5  (cost=0.00..5.58 rows=114 width=0)
	        Index Cond: ((k >= 4028203) AND (k <= 4028303))

table 6 : explain SELECT k, c FROM sbtest6 WHERE k BETWEEN 4028203 AND 4028303
	Bitmap Heap Scan on sbtest6  (cost=5.44..393.65 rows=98 width=125)
	  Recheck Cond: ((k >= 4028203) AND (k <= 4028303))
	  ->  Bitmap Index Scan on k_6  (cost=0.00..5.42 rows=98 width=0)
	        Index Cond: ((k >= 4028203) AND (k <= 4028303))

table 7 : explain SELECT k, c FROM sbtest7 WHERE k BETWEEN 4028203 AND 4028303
	Bitmap Heap Scan on sbtest7  (cost=5.44..393.68 rows=98 width=125)
	  Recheck Cond: ((k >= 4028203) AND (k <= 4028303))
	  ->  Bitmap Index Scan on k_7  (cost=0.00..5.42 rows=98 width=0)
	        Index Cond: ((k >= 4028203) AND (k <= 4028303))

table 8 : explain SELECT k, c FROM sbtest8 WHERE k BETWEEN 4028203 AND 4028303
	Bitmap Heap Scan on sbtest8  (cost=5.52..425.23 rows=106 width=125)
	  Recheck Cond: ((k >= 4028203) AND (k <= 4028303))
	  ->  Bitmap Index Scan on k_8  (cost=0.00..5.50 rows=106 width=0)
	        Index Cond: ((k >= 4028203) AND (k <= 4028303))

for range-notcovered
table 1 : explain SELECT k, c FROM sbtest1 WHERE k BETWEEN 5001065 AND 5001165
	Bitmap Heap Scan on sbtest1  (cost=5.47..405.40 rows=101 width=125)
	  Recheck Cond: ((k >= 5001065) AND (k <= 5001165))
	  ->  Bitmap Index Scan on k_1  (cost=0.00..5.44 rows=101 width=0)
	        Index Cond: ((k >= 5001065) AND (k <= 5001165))

table 2 : explain SELECT k, c FROM sbtest2 WHERE k BETWEEN 5001065 AND 5001165
	Bitmap Heap Scan on sbtest2  (cost=5.54..433.03 rows=108 width=125)
	  Recheck Cond: ((k >= 5001065) AND (k <= 5001165))
	  ->  Bitmap Index Scan on k_2  (cost=0.00..5.51 rows=108 width=0)
	        Index Cond: ((k >= 5001065) AND (k <= 5001165))

table 3 : explain SELECT k, c FROM sbtest3 WHERE k BETWEEN 5001065 AND 5001165
	Bitmap Heap Scan on sbtest3  (cost=5.46..401.50 rows=100 width=125)
	  Recheck Cond: ((k >= 5001065) AND (k <= 5001165))
	  ->  Bitmap Index Scan on k_3  (cost=0.00..5.43 rows=100 width=0)
	        Index Cond: ((k >= 5001065) AND (k <= 5001165))

table 4 : explain SELECT k, c FROM sbtest4 WHERE k BETWEEN 5001065 AND 5001165
	Bitmap Heap Scan on sbtest4  (cost=5.48..409.42 rows=102 width=125)
	  Recheck Cond: ((k >= 5001065) AND (k <= 5001165))
	  ->  Bitmap Index Scan on k_4  (cost=0.00..5.45 rows=102 width=0)
	        Index Cond: ((k >= 5001065) AND (k <= 5001165))

table 5 : explain SELECT k, c FROM sbtest5 WHERE k BETWEEN 5001065 AND 5001165
	Bitmap Heap Scan on sbtest5  (cost=5.55..437.02 rows=109 width=125)
	  Recheck Cond: ((k >= 5001065) AND (k <= 5001165))
	  ->  Bitmap Index Scan on k_5  (cost=0.00..5.52 rows=109 width=0)
	        Index Cond: ((k >= 5001065) AND (k <= 5001165))

table 6 : explain SELECT k, c FROM sbtest6 WHERE k BETWEEN 5001065 AND 5001165
	Bitmap Heap Scan on sbtest6  (cost=5.47..405.48 rows=101 width=125)
	  Recheck Cond: ((k >= 5001065) AND (k <= 5001165))
	  ->  Bitmap Index Scan on k_6  (cost=0.00..5.44 rows=101 width=0)
	        Index Cond: ((k >= 5001065) AND (k <= 5001165))

table 7 : explain SELECT k, c FROM sbtest7 WHERE k BETWEEN 5001065 AND 5001165
	Bitmap Heap Scan on sbtest7  (cost=5.51..421.29 rows=105 width=125)
	  Recheck Cond: ((k >= 5001065) AND (k <= 5001165))
	  ->  Bitmap Index Scan on k_7  (cost=0.00..5.48 rows=105 width=0)
	        Index Cond: ((k >= 5001065) AND (k <= 5001165))

table 8 : explain SELECT k, c FROM sbtest8 WHERE k BETWEEN 5001065 AND 5001165
	Bitmap Heap Scan on sbtest8  (cost=5.42..385.79 rows=96 width=125)
	  Recheck Cond: ((k >= 5001065) AND (k <= 5001165))
	  ->  Bitmap Index Scan on k_8  (cost=0.00..5.39 rows=96 width=0)
	        Index Cond: ((k >= 5001065) AND (k <= 5001165))

for range-notcovered
table 1 : explain SELECT k, c FROM sbtest1 WHERE k BETWEEN 6737646 AND 6737746
	Bitmap Heap Scan on sbtest1  (cost=5.62..464.49 rows=116 width=125)
	  Recheck Cond: ((k >= 6737646) AND (k <= 6737746))
	  ->  Bitmap Index Scan on k_1  (cost=0.00..5.59 rows=116 width=0)
	        Index Cond: ((k >= 6737646) AND (k <= 6737746))

table 2 : explain SELECT k, c FROM sbtest2 WHERE k BETWEEN 6737646 AND 6737746
	Bitmap Heap Scan on sbtest2  (cost=5.56..440.91 rows=110 width=125)
	  Recheck Cond: ((k >= 6737646) AND (k <= 6737746))
	  ->  Bitmap Index Scan on k_2  (cost=0.00..5.53 rows=110 width=0)
	        Index Cond: ((k >= 6737646) AND (k <= 6737746))

table 3 : explain SELECT k, c FROM sbtest3 WHERE k BETWEEN 6737646 AND 6737746
	Bitmap Heap Scan on sbtest3  (cost=5.46..401.50 rows=100 width=125)
	  Recheck Cond: ((k >= 6737646) AND (k <= 6737746))
	  ->  Bitmap Index Scan on k_3  (cost=0.00..5.43 rows=100 width=0)
	        Index Cond: ((k >= 6737646) AND (k <= 6737746))

table 4 : explain SELECT k, c FROM sbtest4 WHERE k BETWEEN 6737646 AND 6737746
	Bitmap Heap Scan on sbtest4  (cost=5.41..381.81 rows=95 width=125)
	  Recheck Cond: ((k >= 6737646) AND (k <= 6737746))
	  ->  Bitmap Index Scan on k_4  (cost=0.00..5.38 rows=95 width=0)
	        Index Cond: ((k >= 6737646) AND (k <= 6737746))

table 5 : explain SELECT k, c FROM sbtest5 WHERE k BETWEEN 6737646 AND 6737746
	Bitmap Heap Scan on sbtest5  (cost=5.47..405.48 rows=101 width=125)
	  Recheck Cond: ((k >= 6737646) AND (k <= 6737746))
	  ->  Bitmap Index Scan on k_5  (cost=0.00..5.44 rows=101 width=0)
	        Index Cond: ((k >= 6737646) AND (k <= 6737746))

table 6 : explain SELECT k, c FROM sbtest6 WHERE k BETWEEN 6737646 AND 6737746
	Bitmap Heap Scan on sbtest6  (cost=5.54..433.08 rows=108 width=125)
	  Recheck Cond: ((k >= 6737646) AND (k <= 6737746))
	  ->  Bitmap Index Scan on k_6  (cost=0.00..5.51 rows=108 width=0)
	        Index Cond: ((k >= 6737646) AND (k <= 6737746))

table 7 : explain SELECT k, c FROM sbtest7 WHERE k BETWEEN 6737646 AND 6737746
	Bitmap Heap Scan on sbtest7  (cost=5.44..393.68 rows=98 width=125)
	  Recheck Cond: ((k >= 6737646) AND (k <= 6737746))
	  ->  Bitmap Index Scan on k_7  (cost=0.00..5.42 rows=98 width=0)
	        Index Cond: ((k >= 6737646) AND (k <= 6737746))

table 8 : explain SELECT k, c FROM sbtest8 WHERE k BETWEEN 6737646 AND 6737746
	Bitmap Heap Scan on sbtest8  (cost=5.48..409.46 rows=102 width=125)
	  Recheck Cond: ((k >= 6737646) AND (k <= 6737746))
	  ->  Bitmap Index Scan on k_8  (cost=0.00..5.45 rows=102 width=0)
	        Index Cond: ((k >= 6737646) AND (k <= 6737746))
for range-notcovered
table 1 : explain SELECT k, c FROM sbtest1 WHERE k BETWEEN 7000310 AND 7000410
	Bitmap Heap Scan on sbtest1  (cost=5.48..409.34 rows=102 width=125)
	  Recheck Cond: ((k >= 7000310) AND (k <= 7000410))
	  ->  Bitmap Index Scan on k_1  (cost=0.00..5.45 rows=102 width=0)
	        Index Cond: ((k >= 7000310) AND (k <= 7000410))

table 2 : explain SELECT k, c FROM sbtest2 WHERE k BETWEEN 7000310 AND 7000410
	Bitmap Heap Scan on sbtest2  (cost=5.50..417.27 rows=104 width=125)
	  Recheck Cond: ((k >= 7000310) AND (k <= 7000410))
	  ->  Bitmap Index Scan on k_2  (cost=0.00..5.47 rows=104 width=0)
	        Index Cond: ((k >= 7000310) AND (k <= 7000410))

table 3 : explain SELECT k, c FROM sbtest3 WHERE k BETWEEN 7000310 AND 7000410
	Bitmap Heap Scan on sbtest3  (cost=5.51..421.21 rows=105 width=125)
	  Recheck Cond: ((k >= 7000310) AND (k <= 7000410))
	  ->  Bitmap Index Scan on k_3  (cost=0.00..5.48 rows=105 width=0)
	        Index Cond: ((k >= 7000310) AND (k <= 7000410))

table 4 : explain SELECT k, c FROM sbtest4 WHERE k BETWEEN 7000310 AND 7000410
	Bitmap Heap Scan on sbtest4  (cost=5.57..444.89 rows=111 width=125)
	  Recheck Cond: ((k >= 7000310) AND (k <= 7000410))
	  ->  Bitmap Index Scan on k_4  (cost=0.00..5.54 rows=111 width=0)
	        Index Cond: ((k >= 7000310) AND (k <= 7000410))

table 5 : explain SELECT k, c FROM sbtest5 WHERE k BETWEEN 7000310 AND 7000410
	Bitmap Heap Scan on sbtest5  (cost=5.49..413.37 rows=103 width=125)
	  Recheck Cond: ((k >= 7000310) AND (k <= 7000410))
	  ->  Bitmap Index Scan on k_5  (cost=0.00..5.46 rows=103 width=0)
	        Index Cond: ((k >= 7000310) AND (k <= 7000410))

table 6 : explain SELECT k, c FROM sbtest6 WHERE k BETWEEN 7000310 AND 7000410
	Bitmap Heap Scan on sbtest6  (cost=5.64..472.46 rows=118 width=125)
	  Recheck Cond: ((k >= 7000310) AND (k <= 7000410))
	  ->  Bitmap Index Scan on k_6  (cost=0.00..5.61 rows=118 width=0)
	        Index Cond: ((k >= 7000310) AND (k <= 7000410))

table 7 : explain SELECT k, c FROM sbtest7 WHERE k BETWEEN 7000310 AND 7000410
	Bitmap Heap Scan on sbtest7  (cost=5.59..452.82 rows=113 width=125)
	  Recheck Cond: ((k >= 7000310) AND (k <= 7000410))
	  ->  Bitmap Index Scan on k_7  (cost=0.00..5.56 rows=113 width=0)
	        Index Cond: ((k >= 7000310) AND (k <= 7000410))

table 8 : explain SELECT k, c FROM sbtest8 WHERE k BETWEEN 7000310 AND 7000410
	Bitmap Heap Scan on sbtest8  (cost=5.44..393.68 rows=98 width=125)
	  Recheck Cond: ((k >= 7000310) AND (k <= 7000410))
	  ->  Bitmap Index Scan on k_8  (cost=0.00..5.42 rows=98 width=0)
	        Index Cond: ((k >= 7000310) AND (k <= 7000410))
explain: for range-notcovered :: explain SELECT k, c FROM sbtest%d WHERE k BETWEEN 4028203 AND 4028303


for range-notcovered
table 1 : explain SELECT k, c FROM sbtest1 WHERE k BETWEEN 3951479 AND 3951579
	Bitmap Heap Scan on sbtest1  (cost=5.54..432.99 rows=108 width=125)
	  Recheck Cond: ((k >= 3951479) AND (k <= 3951579))
	  ->  Bitmap Index Scan on k_1  (cost=0.00..5.51 rows=108 width=0)
	        Index Cond: ((k >= 3951479) AND (k <= 3951579))

table 2 : explain SELECT k, c FROM sbtest2 WHERE k BETWEEN 3951479 AND 3951579
	Bitmap Heap Scan on sbtest2  (cost=5.46..401.50 rows=100 width=125)
	  Recheck Cond: ((k >= 3951479) AND (k <= 3951579))
	  ->  Bitmap Index Scan on k_2  (cost=0.00..5.43 rows=100 width=0)
	        Index Cond: ((k >= 3951479) AND (k <= 3951579))

table 3 : explain SELECT k, c FROM sbtest3 WHERE k BETWEEN 3951479 AND 3951579
	Bitmap Heap Scan on sbtest3  (cost=5.47..405.44 rows=101 width=125)
	  Recheck Cond: ((k >= 3951479) AND (k <= 3951579))
	  ->  Bitmap Index Scan on k_3  (cost=0.00..5.44 rows=101 width=0)
	        Index Cond: ((k >= 3951479) AND (k <= 3951579))

table 4 : explain SELECT k, c FROM sbtest4 WHERE k BETWEEN 3951479 AND 3951579
	Bitmap Heap Scan on sbtest4  (cost=5.60..456.71 rows=114 width=125)
	  Recheck Cond: ((k >= 3951479) AND (k <= 3951579))
	  ->  Bitmap Index Scan on k_4  (cost=0.00..5.58 rows=114 width=0)
	        Index Cond: ((k >= 3951479) AND (k <= 3951579))

table 5 : explain SELECT k, c FROM sbtest5 WHERE k BETWEEN 3951479 AND 3951579
	Bitmap Heap Scan on sbtest5  (cost=5.54..433.08 rows=108 width=125)
	  Recheck Cond: ((k >= 3951479) AND (k <= 3951579))
	  ->  Bitmap Index Scan on k_5  (cost=0.00..5.51 rows=108 width=0)
	        Index Cond: ((k >= 3951479) AND (k <= 3951579))

table 6 : explain SELECT k, c FROM sbtest6 WHERE k BETWEEN 3951479 AND 3951579
	Bitmap Heap Scan on sbtest6  (cost=5.50..417.31 rows=104 width=125)
	  Recheck Cond: ((k >= 3951479) AND (k <= 3951579))
	  ->  Bitmap Index Scan on k_6  (cost=0.00..5.47 rows=104 width=0)
	        Index Cond: ((k >= 3951479) AND (k <= 3951579))

table 7 : explain SELECT k, c FROM sbtest7 WHERE k BETWEEN 3951479 AND 3951579
	Bitmap Heap Scan on sbtest7  (cost=5.44..393.68 rows=98 width=125)
	  Recheck Cond: ((k >= 3951479) AND (k <= 3951579))
	  ->  Bitmap Index Scan on k_7  (cost=0.00..5.42 rows=98 width=0)
	        Index Cond: ((k >= 3951479) AND (k <= 3951579))

table 8 : explain SELECT k, c FROM sbtest8 WHERE k BETWEEN 3951479 AND 3951579
	Bitmap Heap Scan on sbtest8  (cost=5.56..441.00 rows=110 width=125)
	  Recheck Cond: ((k >= 3951479) AND (k <= 3951579))
	  ->  Bitmap Index Scan on k_8  (cost=0.00..5.53 rows=110 width=0)
	        Index Cond: ((k >= 3951479) AND (k <= 3951579))

explain: for range-notcovered :: explain SELECT k, c FROM sbtest%d WHERE k BETWEEN 5001065 AND 5001165explain: for range-notcovered :: explain SELECT k, c FROM sbtest%d WHERE k BETWEEN 5037553 AND 5037653

for range-notcovered
table 1 : explain SELECT k, c FROM sbtest1 WHERE k BETWEEN 4704269 AND 4704369
	Bitmap Heap Scan on sbtest1  (cost=5.47..405.40 rows=101 width=125)
	  Recheck Cond: ((k >= 4704269) AND (k <= 4704369))
	  ->  Bitmap Index Scan on k_1  (cost=0.00..5.44 rows=101 width=0)
	        Index Cond: ((k >= 4704269) AND (k <= 4704369))

table 2 : explain SELECT k, c FROM sbtest2 WHERE k BETWEEN 4704269 AND 4704369
	Bitmap Heap Scan on sbtest2  (cost=5.55..436.97 rows=109 width=125)
	  Recheck Cond: ((k >= 4704269) AND (k <= 4704369))
	  ->  Bitmap Index Scan on k_2  (cost=0.00..5.52 rows=109 width=0)
	        Index Cond: ((k >= 4704269) AND (k <= 4704369))

table 3 : explain SELECT k, c FROM sbtest3 WHERE k BETWEEN 4704269 AND 4704369
	Bitmap Heap Scan on sbtest3  (cost=5.44..393.61 rows=98 width=125)
	  Recheck Cond: ((k >= 4704269) AND (k <= 4704369))
	  ->  Bitmap Index Scan on k_3  (cost=0.00..5.42 rows=98 width=0)
	        Index Cond: ((k >= 4704269) AND (k <= 4704369))

table 4 : explain SELECT k, c FROM sbtest4 WHERE k BETWEEN 4704269 AND 4704369
	Bitmap Heap Scan on sbtest4  (cost=5.56..440.95 rows=110 width=125)
	  Recheck Cond: ((k >= 4704269) AND (k <= 4704369))
	  ->  Bitmap Index Scan on k_4  (cost=0.00..5.53 rows=110 width=0)
	        Index Cond: ((k >= 4704269) AND (k <= 4704369))

table 5 : explain SELECT k, c FROM sbtest5 WHERE k BETWEEN 4704269 AND 4704369
	Bitmap Heap Scan on sbtest5  (cost=5.48..409.42 rows=102 width=125)
	  Recheck Cond: ((k >= 4704269) AND (k <= 4704369))
	  ->  Bitmap Index Scan on k_5  (cost=0.00..5.45 rows=102 width=0)
	        Index Cond: ((k >= 4704269) AND (k <= 4704369))

table 6 : explain SELECT k, c FROM sbtest6 WHERE k BETWEEN 4704269 AND 4704369
	Bitmap Heap Scan on sbtest6  (cost=5.46..401.54 rows=100 width=125)
	  Recheck Cond: ((k >= 4704269) AND (k <= 4704369))
	  ->  Bitmap Index Scan on k_6  (cost=0.00..5.43 rows=100 width=0)
	        Index Cond: ((k >= 4704269) AND (k <= 4704369))

table 7 : explain SELECT k, c FROM sbtest7 WHERE k BETWEEN 4704269 AND 4704369
	Bitmap Heap Scan on sbtest7  (cost=5.43..389.74 rows=97 width=125)
	  Recheck Cond: ((k >= 4704269) AND (k <= 4704369))
	  ->  Bitmap Index Scan on k_7  (cost=0.00..5.40 rows=97 width=0)
	        Index Cond: ((k >= 4704269) AND (k <= 4704369))

table 8 : explain SELECT k, c FROM sbtest8 WHERE k BETWEEN 4704269 AND 4704369
	Bitmap Heap Scan on sbtest8  (cost=5.48..409.46 rows=102 width=125)
	  Recheck Cond: ((k >= 4704269) AND (k <= 4704369))
	  ->  Bitmap Index Scan on k_8  (cost=0.00..5.45 rows=102 width=0)
	        Index Cond: ((k >= 4704269) AND (k <= 4704369))

for range-notcovered
table 1 : explain SELECT k, c FROM sbtest1 WHERE k BETWEEN 6859512 AND 6859612
	Bitmap Heap Scan on sbtest1  (cost=5.56..440.87 rows=110 width=125)
	  Recheck Cond: ((k >= 6859512) AND (k <= 6859612))
	  ->  Bitmap Index Scan on k_1  (cost=0.00..5.53 rows=110 width=0)
	        Index Cond: ((k >= 6859512) AND (k <= 6859612))

table 2 : explain SELECT k, c FROM sbtest2 WHERE k BETWEEN 6859512 AND 6859612
	Bitmap Heap Scan on sbtest2  (cost=5.57..444.85 rows=111 width=125)
	  Recheck Cond: ((k >= 6859512) AND (k <= 6859612))
	  ->  Bitmap Index Scan on k_2  (cost=0.00..5.54 rows=111 width=0)
	        Index Cond: ((k >= 6859512) AND (k <= 6859612))

table 3 : explain SELECT k, c FROM sbtest3 WHERE k BETWEEN 6859512 AND 6859612
	Bitmap Heap Scan on sbtest3  (cost=5.43..389.67 rows=97 width=125)
	  Recheck Cond: ((k >= 6859512) AND (k <= 6859612))
	  ->  Bitmap Index Scan on k_3  (cost=0.00..5.40 rows=97 width=0)
	        Index Cond: ((k >= 6859512) AND (k <= 6859612))

table 4 : explain SELECT k, c FROM sbtest4 WHERE k BETWEEN 6859512 AND 6859612
	Bitmap Heap Scan on sbtest4  (cost=5.38..369.97 rows=92 width=125)
	  Recheck Cond: ((k >= 6859512) AND (k <= 6859612))
	  ->  Bitmap Index Scan on k_4  (cost=0.00..5.35 rows=92 width=0)
	        Index Cond: ((k >= 6859512) AND (k <= 6859612))

table 5 : explain SELECT k, c FROM sbtest5 WHERE k BETWEEN 6859512 AND 6859612
	Bitmap Heap Scan on sbtest5  (cost=5.45..397.59 rows=99 width=125)
	  Recheck Cond: ((k >= 6859512) AND (k <= 6859612))
	  ->  Bitmap Index Scan on k_5  (cost=0.00..5.42 rows=99 width=0)
	        Index Cond: ((k >= 6859512) AND (k <= 6859612))

table 6 : explain SELECT k, c FROM sbtest6 WHERE k BETWEEN 6859512 AND 6859612
	Bitmap Heap Scan on sbtest6  (cost=5.48..409.42 rows=102 width=125)
	  Recheck Cond: ((k >= 6859512) AND (k <= 6859612))
	  ->  Bitmap Index Scan on k_6  (cost=0.00..5.45 rows=102 width=0)
	        Index Cond: ((k >= 6859512) AND (k <= 6859612))

table 7 : explain SELECT k, c FROM sbtest7 WHERE k BETWEEN 6859512 AND 6859612
	Bitmap Heap Scan on sbtest7  (cost=5.45..397.63 rows=99 width=125)
	  Recheck Cond: ((k >= 6859512) AND (k <= 6859612))
	  ->  Bitmap Index Scan on k_7  (cost=0.00..5.42 rows=99 width=0)
	        Index Cond: ((k >= 6859512) AND (k <= 6859612))

table 8 : explain SELECT k, c FROM sbtest8 WHERE k BETWEEN 6859512 AND 6859612
	Bitmap Heap Scan on sbtest8  (cost=5.51..421.29 rows=105 width=125)
	  Recheck Cond: ((k >= 6859512) AND (k <= 6859612))
	  ->  Bitmap Index Scan on k_8  (cost=0.00..5.48 rows=105 width=0)
	        Index Cond: ((k >= 6859512) AND (k <= 6859612))

explain: for range-notcovered :: explain SELECT k, c FROM sbtest%d WHERE k BETWEEN 7000310 AND 7000410
for range-notcovered
table 1 : explain SELECT k, c FROM sbtest1 WHERE k BETWEEN 1173834 AND 1173934
	Bitmap Heap Scan on sbtest1  (cost=5.54..432.99 rows=108 width=125)
	  Recheck Cond: ((k >= 1173834) AND (k <= 1173934))
	  ->  Bitmap Index Scan on k_1  (cost=0.00..5.51 rows=108 width=0)
	        Index Cond: ((k >= 1173834) AND (k <= 1173934))

table 2 : explain SELECT k, c FROM sbtest2 WHERE k BETWEEN 1173834 AND 1173934
	Bitmap Heap Scan on sbtest2  (cost=5.53..429.09 rows=107 width=125)
	  Recheck Cond: ((k >= 1173834) AND (k <= 1173934))
	  ->  Bitmap Index Scan on k_2  (cost=0.00..5.50 rows=107 width=0)
	        Index Cond: ((k >= 1173834) AND (k <= 1173934))

table 3 : explain SELECT k, c FROM sbtest3 WHERE k BETWEEN 1173834 AND 1173934
	Bitmap Heap Scan on sbtest3  (cost=5.42..385.72 rows=96 width=125)
	  Recheck Cond: ((k >= 1173834) AND (k <= 1173934))
	  ->  Bitmap Index Scan on k_3  (cost=0.00..5.39 rows=96 width=0)
	        Index Cond: ((k >= 1173834) AND (k <= 1173934))

table 4 : explain SELECT k, c FROM sbtest4 WHERE k BETWEEN 1173834 AND 1173934
	Bitmap Heap Scan on sbtest4  (cost=5.38..369.97 rows=92 width=125)
	  Recheck Cond: ((k >= 1173834) AND (k <= 1173934))
	  ->  Bitmap Index Scan on k_4  (cost=0.00..5.35 rows=92 width=0)
	        Index Cond: ((k >= 1173834) AND (k <= 1173934))

table 5 : explain SELECT k, c FROM sbtest5 WHERE k BETWEEN 1173834 AND 1173934
	Bitmap Heap Scan on sbtest5  (cost=5.42..385.76 rows=96 width=125)
	  Recheck Cond: ((k >= 1173834) AND (k <= 1173934))
	  ->  Bitmap Index Scan on k_5  (cost=0.00..5.39 rows=96 width=0)
	        Index Cond: ((k >= 1173834) AND (k <= 1173934))

table 6 : explain SELECT k, c FROM sbtest6 WHERE k BETWEEN 1173834 AND 1173934
	Bitmap Heap Scan on sbtest6  (cost=5.53..429.13 rows=107 width=125)
	  Recheck Cond: ((k >= 1173834) AND (k <= 1173934))
	  ->  Bitmap Index Scan on k_6  (cost=0.00..5.50 rows=107 width=0)
	        Index Cond: ((k >= 1173834) AND (k <= 1173934))

table 7 : explain SELECT k, c FROM sbtest7 WHERE k BETWEEN 1173834 AND 1173934
	Bitmap Heap Scan on sbtest7  (cost=5.47..405.52 rows=101 width=125)
	  Recheck Cond: ((k >= 1173834) AND (k <= 1173934))
	  ->  Bitmap Index Scan on k_7  (cost=0.00..5.44 rows=101 width=0)
	        Index Cond: ((k >= 1173834) AND (k <= 1173934))

table 8 : explain SELECT k, c FROM sbtest8 WHERE k BETWEEN 1173834 AND 1173934
	Bitmap Heap Scan on sbtest8  (cost=5.56..441.00 rows=110 width=125)
	  Recheck Cond: ((k >= 1173834) AND (k <= 1173934))
	  ->  Bitmap Index Scan on k_8  (cost=0.00..5.53 rows=110 width=0)
	        Index Cond: ((k >= 1173834) AND (k <= 1173934))

explain: for range-notcovered :: explain SELECT k, c FROM sbtest%d WHERE k BETWEEN 3951479 AND 3951579
explain: for range-notcovered :: explain SELECT k, c FROM sbtest%d WHERE k BETWEEN 6737646 AND 6737746for range-notcovered
table 1 : explain SELECT k, c FROM sbtest1 WHERE k BETWEEN 4794561 AND 4794661
	Bitmap Heap Scan on sbtest1  (cost=5.54..432.99 rows=108 width=125)
	  Recheck Cond: ((k >= 4794561) AND (k <= 4794661))
	  ->  Bitmap Index Scan on k_1  (cost=0.00..5.51 rows=108 width=0)
	        Index Cond: ((k >= 4794561) AND (k <= 4794661))

table 2 : explain SELECT k, c FROM sbtest2 WHERE k BETWEEN 4794561 AND 4794661
	Bitmap Heap Scan on sbtest2  (cost=5.53..429.09 rows=107 width=125)
	  Recheck Cond: ((k >= 4794561) AND (k <= 4794661))
	  ->  Bitmap Index Scan on k_2  (cost=0.00..5.50 rows=107 width=0)
	        Index Cond: ((k >= 4794561) AND (k <= 4794661))

table 3 : explain SELECT k, c FROM sbtest3 WHERE k BETWEEN 4794561 AND 4794661
	Bitmap Heap Scan on sbtest3  (cost=5.44..393.61 rows=98 width=125)
	  Recheck Cond: ((k >= 4794561) AND (k <= 4794661))
	  ->  Bitmap Index Scan on k_3  (cost=0.00..5.42 rows=98 width=0)
	        Index Cond: ((k >= 4794561) AND (k <= 4794661))

table 4 : explain SELECT k, c FROM sbtest4 WHERE k BETWEEN 4794561 AND 4794661
	Bitmap Heap Scan on sbtest4  (cost=5.56..440.95 rows=110 width=125)
	  Recheck Cond: ((k >= 4794561) AND (k <= 4794661))
	  ->  Bitmap Index Scan on k_4  (cost=0.00..5.53 rows=110 width=0)
	        Index Cond: ((k >= 4794561) AND (k <= 4794661))

table 5 : explain SELECT k, c FROM sbtest5 WHERE k BETWEEN 4794561 AND 4794661
	Bitmap Heap Scan on sbtest5  (cost=5.52..425.19 rows=106 width=125)
	  Recheck Cond: ((k >= 4794561) AND (k <= 4794661))
	  ->  Bitmap Index Scan on k_5  (cost=0.00..5.50 rows=106 width=0)
	        Index Cond: ((k >= 4794561) AND (k <= 4794661))

table 6 : explain SELECT k, c FROM sbtest6 WHERE k BETWEEN 4794561 AND 4794661
	Bitmap Heap Scan on sbtest6  (cost=5.56..440.96 rows=110 width=125)
	  Recheck Cond: ((k >= 4794561) AND (k <= 4794661))
	  ->  Bitmap Index Scan on k_6  (cost=0.00..5.53 rows=110 width=0)
	        Index Cond: ((k >= 4794561) AND (k <= 4794661))

table 7 : explain SELECT k, c FROM sbtest7 WHERE k BETWEEN 4794561 AND 4794661
	Bitmap Heap Scan on sbtest7  (cost=5.68..484.32 rows=121 width=125)
	  Recheck Cond: ((k >= 4794561) AND (k <= 4794661))
	  ->  Bitmap Index Scan on k_7  (cost=0.00..5.64 rows=121 width=0)
	        Index Cond: ((k >= 4794561) AND (k <= 4794661))

table 8 : explain SELECT k, c FROM sbtest8 WHERE k BETWEEN 4794561 AND 4794661
	Bitmap Heap Scan on sbtest8  (cost=5.48..409.46 rows=102 width=125)
	  Recheck Cond: ((k >= 4794561) AND (k <= 4794661))
	  ->  Bitmap Index Scan on k_8  (cost=0.00..5.45 rows=102 width=0)
	        Index Cond: ((k >= 4794561) AND (k <= 4794661))

explain: for range-notcovered :: explain SELECT k, c FROM sbtest%d WHERE k BETWEEN 6859512 AND 6859612
explain: for range-notcovered :: explain SELECT k, c FROM sbtest%d WHERE k BETWEEN 4704269 AND 4704369
for range-notcovered
table 1 : explain SELECT k, c FROM sbtest1 WHERE k BETWEEN 4101353 AND 4101453
	Bitmap Heap Scan on sbtest1  (cost=5.56..440.87 rows=110 width=125)
	  Recheck Cond: ((k >= 4101353) AND (k <= 4101453))
	  ->  Bitmap Index Scan on k_1  (cost=0.00..5.53 rows=110 width=0)
	        Index Cond: ((k >= 4101353) AND (k <= 4101453))

table 2 : explain SELECT k, c FROM sbtest2 WHERE k BETWEEN 4101353 AND 4101453
	Bitmap Heap Scan on sbtest2  (cost=5.48..409.38 rows=102 width=125)
	  Recheck Cond: ((k >= 4101353) AND (k <= 4101453))
	  ->  Bitmap Index Scan on k_2  (cost=0.00..5.45 rows=102 width=0)
	        Index Cond: ((k >= 4101353) AND (k <= 4101453))

table 3 : explain SELECT k, c FROM sbtest3 WHERE k BETWEEN 4101353 AND 4101453
	Bitmap Heap Scan on sbtest3  (cost=5.48..409.39 rows=102 width=125)
	  Recheck Cond: ((k >= 4101353) AND (k <= 4101453))
	  ->  Bitmap Index Scan on k_3  (cost=0.00..5.45 rows=102 width=0)
	        Index Cond: ((k >= 4101353) AND (k <= 4101453))

table 4 : explain SELECT k, c FROM sbtest4 WHERE k BETWEEN 4101353 AND 4101453
	Bitmap Heap Scan on sbtest4  (cost=5.47..405.48 rows=101 width=125)
	  Recheck Cond: ((k >= 4101353) AND (k <= 4101453))
	  ->  Bitmap Index Scan on k_4  (cost=0.00..5.44 rows=101 width=0)
	        Index Cond: ((k >= 4101353) AND (k <= 4101453))

table 5 : explain SELECT k, c FROM sbtest5 WHERE k BETWEEN 4101353 AND 4101453
	Bitmap Heap Scan on sbtest5  (cost=5.51..421.25 rows=105 width=125)
	  Recheck Cond: ((k >= 4101353) AND (k <= 4101453))
	  ->  Bitmap Index Scan on k_5  (cost=0.00..5.48 rows=105 width=0)
	        Index Cond: ((k >= 4101353) AND (k <= 4101453))

table 6 : explain SELECT k, c FROM sbtest6 WHERE k BETWEEN 4101353 AND 4101453
	Bitmap Heap Scan on sbtest6  (cost=5.49..413.37 rows=103 width=125)
	  Recheck Cond: ((k >= 4101353) AND (k <= 4101453))
	  ->  Bitmap Index Scan on k_6  (cost=0.00..5.46 rows=103 width=0)
	        Index Cond: ((k >= 4101353) AND (k <= 4101453))

table 7 : explain SELECT k, c FROM sbtest7 WHERE k BETWEEN 4101353 AND 4101453
	Bitmap Heap Scan on sbtest7  (cost=5.46..401.57 rows=100 width=125)
	  Recheck Cond: ((k >= 4101353) AND (k <= 4101453))
	  ->  Bitmap Index Scan on k_7  (cost=0.00..5.43 rows=100 width=0)
	        Index Cond: ((k >= 4101353) AND (k <= 4101453))

table 8 : explain SELECT k, c FROM sbtest8 WHERE k BETWEEN 4101353 AND 4101453
	Bitmap Heap Scan on sbtest8  (cost=5.52..425.23 rows=106 width=125)
	  Recheck Cond: ((k >= 4101353) AND (k <= 4101453))
	  ->  Bitmap Index Scan on k_8  (cost=0.00..5.50 rows=106 width=0)
	        Index Cond: ((k >= 4101353) AND (k <= 4101453))

explain: for range-notcovered :: explain SELECT k, c FROM sbtest%d WHERE k BETWEEN 420332 AND 420432
for range-notcovered
table 1 : explain SELECT k, c FROM sbtest1 WHERE k BETWEEN 6904500 AND 6904600
	Bitmap Heap Scan on sbtest1  (cost=5.56..440.87 rows=110 width=125)
	  Recheck Cond: ((k >= 6904500) AND (k <= 6904600))
	  ->  Bitmap Index Scan on k_1  (cost=0.00..5.53 rows=110 width=0)
	        Index Cond: ((k >= 6904500) AND (k <= 6904600))

table 2 : explain SELECT k, c FROM sbtest2 WHERE k BETWEEN 6904500 AND 6904600
	Bitmap Heap Scan on sbtest2  (cost=5.49..413.32 rows=103 width=125)
	  Recheck Cond: ((k >= 6904500) AND (k <= 6904600))
	  ->  Bitmap Index Scan on k_2  (cost=0.00..5.46 rows=103 width=0)
	        Index Cond: ((k >= 6904500) AND (k <= 6904600))

table 3 : explain SELECT k, c FROM sbtest3 WHERE k BETWEEN 6904500 AND 6904600
	Bitmap Heap Scan on sbtest3  (cost=5.49..413.33 rows=103 width=125)
	  Recheck Cond: ((k >= 6904500) AND (k <= 6904600))
	  ->  Bitmap Index Scan on k_3  (cost=0.00..5.46 rows=103 width=0)
	        Index Cond: ((k >= 6904500) AND (k <= 6904600))

table 4 : explain SELECT k, c FROM sbtest4 WHERE k BETWEEN 6904500 AND 6904600
	Bitmap Heap Scan on sbtest4  (cost=5.38..369.97 rows=92 width=125)
	  Recheck Cond: ((k >= 6904500) AND (k <= 6904600))
	  ->  Bitmap Index Scan on k_4  (cost=0.00..5.35 rows=92 width=0)
	        Index Cond: ((k >= 6904500) AND (k <= 6904600))

table 5 : explain SELECT k, c FROM sbtest5 WHERE k BETWEEN 6904500 AND 6904600
	Bitmap Heap Scan on sbtest5  (cost=5.45..397.59 rows=99 width=125)
	  Recheck Cond: ((k >= 6904500) AND (k <= 6904600))
	  ->  Bitmap Index Scan on k_5  (cost=0.00..5.42 rows=99 width=0)
	        Index Cond: ((k >= 6904500) AND (k <= 6904600))

table 6 : explain SELECT k, c FROM sbtest6 WHERE k BETWEEN 6904500 AND 6904600
	Bitmap Heap Scan on sbtest6  (cost=5.49..413.37 rows=103 width=125)
	  Recheck Cond: ((k >= 6904500) AND (k <= 6904600))
	  ->  Bitmap Index Scan on k_6  (cost=0.00..5.46 rows=103 width=0)
	        Index Cond: ((k >= 6904500) AND (k <= 6904600))

table 7 : explain SELECT k, c FROM sbtest7 WHERE k BETWEEN 6904500 AND 6904600
	Bitmap Heap Scan on sbtest7  (cost=5.45..397.63 rows=99 width=125)
	  Recheck Cond: ((k >= 6904500) AND (k <= 6904600))
	  ->  Bitmap Index Scan on k_7  (cost=0.00..5.42 rows=99 width=0)
	        Index Cond: ((k >= 6904500) AND (k <= 6904600))

table 8 : explain SELECT k, c FROM sbtest8 WHERE k BETWEEN 6904500 AND 6904600
	Bitmap Heap Scan on sbtest8  (cost=5.51..421.29 rows=105 width=125)
	  Recheck Cond: ((k >= 6904500) AND (k <= 6904600))
	  ->  Bitmap Index Scan on k_8  (cost=0.00..5.48 rows=105 width=0)
	        Index Cond: ((k >= 6904500) AND (k <= 6904600))

explain: for range-notcovered :: explain SELECT k, c FROM sbtest%d WHERE k BETWEEN 1173834 AND 1173934
for range-notcovered
table 1 : explain SELECT k, c FROM sbtest1 WHERE k BETWEEN 2639083 AND 2639183
	Bitmap Heap Scan on sbtest1  (cost=5.48..409.34 rows=102 width=125)
	  Recheck Cond: ((k >= 2639083) AND (k <= 2639183))
	  ->  Bitmap Index Scan on k_1  (cost=0.00..5.45 rows=102 width=0)
	        Index Cond: ((k >= 2639083) AND (k <= 2639183))

table 2 : explain SELECT k, c FROM sbtest2 WHERE k BETWEEN 2639083 AND 2639183
	Bitmap Heap Scan on sbtest2  (cost=5.61..460.60 rows=115 width=125)
	  Recheck Cond: ((k >= 2639083) AND (k <= 2639183))
	  ->  Bitmap Index Scan on k_2  (cost=0.00..5.58 rows=115 width=0)
	        Index Cond: ((k >= 2639083) AND (k <= 2639183))

table 3 : explain SELECT k, c FROM sbtest3 WHERE k BETWEEN 2639083 AND 2639183
	Bitmap Heap Scan on sbtest3  (cost=5.47..405.44 rows=101 width=125)
	  Recheck Cond: ((k >= 2639083) AND (k <= 2639183))
	  ->  Bitmap Index Scan on k_3  (cost=0.00..5.44 rows=101 width=0)
	        Index Cond: ((k >= 2639083) AND (k <= 2639183))

table 4 : explain SELECT k, c FROM sbtest4 WHERE k BETWEEN 2639083 AND 2639183
	Bitmap Heap Scan on sbtest4  (cost=5.53..429.13 rows=107 width=125)
	  Recheck Cond: ((k >= 2639083) AND (k <= 2639183))
	  ->  Bitmap Index Scan on k_4  (cost=0.00..5.50 rows=107 width=0)
	        Index Cond: ((k >= 2639083) AND (k <= 2639183))

table 5 : explain SELECT k, c FROM sbtest5 WHERE k BETWEEN 2639083 AND 2639183
	Bitmap Heap Scan on sbtest5  (cost=5.49..413.37 rows=103 width=125)
	  Recheck Cond: ((k >= 2639083) AND (k <= 2639183))
	  ->  Bitmap Index Scan on k_5  (cost=0.00..5.46 rows=103 width=0)
	        Index Cond: ((k >= 2639083) AND (k <= 2639183))

table 6 : explain SELECT k, c FROM sbtest6 WHERE k BETWEEN 2639083 AND 2639183
	Bitmap Heap Scan on sbtest6  (cost=5.49..413.37 rows=103 width=125)
	  Recheck Cond: ((k >= 2639083) AND (k <= 2639183))
	  ->  Bitmap Index Scan on k_6  (cost=0.00..5.46 rows=103 width=0)
	        Index Cond: ((k >= 2639083) AND (k <= 2639183))

table 7 : explain SELECT k, c FROM sbtest7 WHERE k BETWEEN 2639083 AND 2639183
	Bitmap Heap Scan on sbtest7  (cost=5.52..425.23 rows=106 width=125)
	  Recheck Cond: ((k >= 2639083) AND (k <= 2639183))
	  ->  Bitmap Index Scan on k_7  (cost=0.00..5.50 rows=106 width=0)
	        Index Cond: ((k >= 2639083) AND (k <= 2639183))

table 8 : explain SELECT k, c FROM sbtest8 WHERE k BETWEEN 2639083 AND 2639183
	Bitmap Heap Scan on sbtest8  (cost=5.42..385.79 rows=96 width=125)
	  Recheck Cond: ((k >= 2639083) AND (k <= 2639183))
	  ->  Bitmap Index Scan on k_8  (cost=0.00..5.39 rows=96 width=0)
	        Index Cond: ((k >= 2639083) AND (k <= 2639183))

for range-notcovered
table 1 : explain SELECT k, c FROM sbtest1 WHERE k BETWEEN 5098628 AND 5098728
	Bitmap Heap Scan on sbtest1  (cost=5.52..425.11 rows=106 width=125)
	  Recheck Cond: ((k >= 5098628) AND (k <= 5098728))
	  ->  Bitmap Index Scan on k_1  (cost=0.00..5.50 rows=106 width=0)
	        Index Cond: ((k >= 5098628) AND (k <= 5098728))

table 2 : explain SELECT k, c FROM sbtest2 WHERE k BETWEEN 5098628 AND 5098728
	Bitmap Heap Scan on sbtest2  (cost=5.62..464.54 rows=116 width=125)
	  Recheck Cond: ((k >= 5098628) AND (k <= 5098728))
	  ->  Bitmap Index Scan on k_2  (cost=0.00..5.59 rows=116 width=0)
	        Index Cond: ((k >= 5098628) AND (k <= 5098728))

table 3 : explain SELECT k, c FROM sbtest3 WHERE k BETWEEN 5098628 AND 5098728
	Bitmap Heap Scan on sbtest3  (cost=5.57..444.85 rows=111 width=125)
	  Recheck Cond: ((k >= 5098628) AND (k <= 5098728))
	  ->  Bitmap Index Scan on k_3  (cost=0.00..5.54 rows=111 width=0)
	        Index Cond: ((k >= 5098628) AND (k <= 5098728))

table 4 : explain SELECT k, c FROM sbtest4 WHERE k BETWEEN 5098628 AND 5098728
	Bitmap Heap Scan on sbtest4  (cost=5.42..385.75 rows=96 width=125)
	  Recheck Cond: ((k >= 5098628) AND (k <= 5098728))
	  ->  Bitmap Index Scan on k_4  (cost=0.00..5.39 rows=96 width=0)
	        Index Cond: ((k >= 5098628) AND (k <= 5098728))

table 5 : explain SELECT k, c FROM sbtest5 WHERE k BETWEEN 5098628 AND 5098728
	Bitmap Heap Scan on sbtest5  (cost=5.43..389.70 rows=97 width=125)
	  Recheck Cond: ((k >= 5098628) AND (k <= 5098728))
	  ->  Bitmap Index Scan on k_5  (cost=0.00..5.40 rows=97 width=0)
	        Index Cond: ((k >= 5098628) AND (k <= 5098728))

table 6 : explain SELECT k, c FROM sbtest6 WHERE k BETWEEN 5098628 AND 5098728
	Bitmap Heap Scan on sbtest6  (cost=5.43..389.70 rows=97 width=125)
	  Recheck Cond: ((k >= 5098628) AND (k <= 5098728))
	  ->  Bitmap Index Scan on k_6  (cost=0.00..5.40 rows=97 width=0)
	        Index Cond: ((k >= 5098628) AND (k <= 5098728))

table 7 : explain SELECT k, c FROM sbtest7 WHERE k BETWEEN 5098628 AND 5098728
	Bitmap Heap Scan on sbtest7  (cost=5.41..381.85 rows=95 width=125)
	  Recheck Cond: ((k >= 5098628) AND (k <= 5098728))
	  ->  Bitmap Index Scan on k_7  (cost=0.00..5.38 rows=95 width=0)
	        Index Cond: ((k >= 5098628) AND (k <= 5098728))

table 8 : explain SELECT k, c FROM sbtest8 WHERE k BETWEEN 5098628 AND 5098728
	Bitmap Heap Scan on sbtest8  (cost=5.40..377.90 rows=94 width=125)
	  Recheck Cond: ((k >= 5098628) AND (k <= 5098728))
	  ->  Bitmap Index Scan on k_8  (cost=0.00..5.38 rows=94 width=0)
	        Index Cond: ((k >= 5098628) AND (k <= 5098728))

explain: for range-notcovered :: explain SELECT k, c FROM sbtest%d WHERE k BETWEEN 4794561 AND 4794661
for range-notcovered
table 1 : explain SELECT k, c FROM sbtest1 WHERE k BETWEEN 5153009 AND 5153109
	Bitmap Heap Scan on sbtest1  (cost=5.50..417.23 rows=104 width=125)
	  Recheck Cond: ((k >= 5153009) AND (k <= 5153109))
	  ->  Bitmap Index Scan on k_1  (cost=0.00..5.47 rows=104 width=0)
	        Index Cond: ((k >= 5153009) AND (k <= 5153109))

table 2 : explain SELECT k, c FROM sbtest2 WHERE k BETWEEN 5153009 AND 5153109
	Bitmap Heap Scan on sbtest2  (cost=5.47..405.44 rows=101 width=125)
	  Recheck Cond: ((k >= 5153009) AND (k <= 5153109))
	  ->  Bitmap Index Scan on k_2  (cost=0.00..5.44 rows=101 width=0)
	        Index Cond: ((k >= 5153009) AND (k <= 5153109))

table 3 : explain SELECT k, c FROM sbtest3 WHERE k BETWEEN 5153009 AND 5153109
	Bitmap Heap Scan on sbtest3  (cost=5.57..444.85 rows=111 width=125)
	  Recheck Cond: ((k >= 5153009) AND (k <= 5153109))
	  ->  Bitmap Index Scan on k_3  (cost=0.00..5.54 rows=111 width=0)
	        Index Cond: ((k >= 5153009) AND (k <= 5153109))

table 4 : explain SELECT k, c FROM sbtest4 WHERE k BETWEEN 5153009 AND 5153109
	Bitmap Heap Scan on sbtest4  (cost=5.56..440.95 rows=110 width=125)
	  Recheck Cond: ((k >= 5153009) AND (k <= 5153109))
	  ->  Bitmap Index Scan on k_4  (cost=0.00..5.53 rows=110 width=0)
	        Index Cond: ((k >= 5153009) AND (k <= 5153109))

table 5 : explain SELECT k, c FROM sbtest5 WHERE k BETWEEN 5153009 AND 5153109
	Bitmap Heap Scan on sbtest5  (cost=5.43..389.70 rows=97 width=125)
	  Recheck Cond: ((k >= 5153009) AND (k <= 5153109))
	  ->  Bitmap Index Scan on k_5  (cost=0.00..5.40 rows=97 width=0)
	        Index Cond: ((k >= 5153009) AND (k <= 5153109))

table 6 : explain SELECT k, c FROM sbtest6 WHERE k BETWEEN 5153009 AND 5153109
	Bitmap Heap Scan on sbtest6  (cost=5.43..389.70 rows=97 width=125)
	  Recheck Cond: ((k >= 5153009) AND (k <= 5153109))
	  ->  Bitmap Index Scan on k_6  (cost=0.00..5.40 rows=97 width=0)
	        Index Cond: ((k >= 5153009) AND (k <= 5153109))

table 7 : explain SELECT k, c FROM sbtest7 WHERE k BETWEEN 5153009 AND 5153109
	Bitmap Heap Scan on sbtest7  (cost=5.54..433.12 rows=108 width=125)
	  Recheck Cond: ((k >= 5153009) AND (k <= 5153109))
	  ->  Bitmap Index Scan on k_7  (cost=0.00..5.51 rows=108 width=0)
	        Index Cond: ((k >= 5153009) AND (k <= 5153109))

table 8 : explain SELECT k, c FROM sbtest8 WHERE k BETWEEN 5153009 AND 5153109
	Bitmap Heap Scan on sbtest8  (cost=5.40..377.90 rows=94 width=125)
	  Recheck Cond: ((k >= 5153009) AND (k <= 5153109))
	  ->  Bitmap Index Scan on k_8  (cost=0.00..5.38 rows=94 width=0)
	        Index Cond: ((k >= 5153009) AND (k <= 5153109))

for range-notcovered
table 1 : explain SELECT k, c FROM sbtest1 WHERE k BETWEEN 5522101 AND 5522201
	Bitmap Heap Scan on sbtest1  (cost=5.40..377.79 rows=94 width=125)
	  Recheck Cond: ((k >= 5522101) AND (k <= 5522201))
	  ->  Bitmap Index Scan on k_1  (cost=0.00..5.38 rows=94 width=0)
	        Index Cond: ((k >= 5522101) AND (k <= 5522201))

table 2 : explain SELECT k, c FROM sbtest2 WHERE k BETWEEN 5522101 AND 5522201
	Bitmap Heap Scan on sbtest2  (cost=5.51..421.21 rows=105 width=125)
	  Recheck Cond: ((k >= 5522101) AND (k <= 5522201))
	  ->  Bitmap Index Scan on k_2  (cost=0.00..5.48 rows=105 width=0)
	        Index Cond: ((k >= 5522101) AND (k <= 5522201))

table 3 : explain SELECT k, c FROM sbtest3 WHERE k BETWEEN 5522101 AND 5522201
	Bitmap Heap Scan on sbtest3  (cost=5.44..393.61 rows=98 width=125)
	  Recheck Cond: ((k >= 5522101) AND (k <= 5522201))
	  ->  Bitmap Index Scan on k_3  (cost=0.00..5.42 rows=98 width=0)
	        Index Cond: ((k >= 5522101) AND (k <= 5522201))

table 4 : explain SELECT k, c FROM sbtest4 WHERE k BETWEEN 5522101 AND 5522201
	Bitmap Heap Scan on sbtest4  (cost=5.40..377.86 rows=94 width=125)
	  Recheck Cond: ((k >= 5522101) AND (k <= 5522201))
	  ->  Bitmap Index Scan on k_4  (cost=0.00..5.38 rows=94 width=0)
	        Index Cond: ((k >= 5522101) AND (k <= 5522201))

table 5 : explain SELECT k, c FROM sbtest5 WHERE k BETWEEN 5522101 AND 5522201
	Bitmap Heap Scan on sbtest5  (cost=5.43..389.70 rows=97 width=125)
	  Recheck Cond: ((k >= 5522101) AND (k <= 5522201))
	  ->  Bitmap Index Scan on k_5  (cost=0.00..5.40 rows=97 width=0)
	        Index Cond: ((k >= 5522101) AND (k <= 5522201))

table 6 : explain SELECT k, c FROM sbtest6 WHERE k BETWEEN 5522101 AND 5522201
	Bitmap Heap Scan on sbtest6  (cost=5.44..393.65 rows=98 width=125)
	  Recheck Cond: ((k >= 5522101) AND (k <= 5522201))
	  ->  Bitmap Index Scan on k_6  (cost=0.00..5.42 rows=98 width=0)
	        Index Cond: ((k >= 5522101) AND (k <= 5522201))

table 7 : explain SELECT k, c FROM sbtest7 WHERE k BETWEEN 5522101 AND 5522201
	Bitmap Heap Scan on sbtest7  (cost=5.50..417.35 rows=104 width=125)
	  Recheck Cond: ((k >= 5522101) AND (k <= 5522201))
	  ->  Bitmap Index Scan on k_7  (cost=0.00..5.47 rows=104 width=0)
	        Index Cond: ((k >= 5522101) AND (k <= 5522201))

table 8 : explain SELECT k, c FROM sbtest8 WHERE k BETWEEN 5522101 AND 5522201
	Bitmap Heap Scan on sbtest8  (cost=5.48..409.46 rows=102 width=125)
	  Recheck Cond: ((k >= 5522101) AND (k <= 5522201))
	  ->  Bitmap Index Scan on k_8  (cost=0.00..5.45 rows=102 width=0)
	        Index Cond: ((k >= 5522101) AND (k <= 5522201))
for range-notcovered
table 1 : explain SELECT k, c FROM sbtest1 WHERE k BETWEEN 4243065 AND 4243165
	Bitmap Heap Scan on sbtest1  (cost=5.49..413.29 rows=103 width=125)
	  Recheck Cond: ((k >= 4243065) AND (k <= 4243165))
	  ->  Bitmap Index Scan on k_1  (cost=0.00..5.46 rows=103 width=0)
	        Index Cond: ((k >= 4243065) AND (k <= 4243165))

table 2 : explain SELECT k, c FROM sbtest2 WHERE k BETWEEN 4243065 AND 4243165
	Bitmap Heap Scan on sbtest2  (cost=5.55..436.97 rows=109 width=125)
	  Recheck Cond: ((k >= 4243065) AND (k <= 4243165))
	  ->  Bitmap Index Scan on k_2  (cost=0.00..5.52 rows=109 width=0)
	        Index Cond: ((k >= 4243065) AND (k <= 4243165))

table 3 : explain SELECT k, c FROM sbtest3 WHERE k BETWEEN 4243065 AND 4243165
	Bitmap Heap Scan on sbtest3  (cost=5.47..405.44 rows=101 width=125)
	  Recheck Cond: ((k >= 4243065) AND (k <= 4243165))
	  ->  Bitmap Index Scan on k_3  (cost=0.00..5.44 rows=101 width=0)
	        Index Cond: ((k >= 4243065) AND (k <= 4243165))

table 4 : explain SELECT k, c FROM sbtest4 WHERE k BETWEEN 4243065 AND 4243165
	Bitmap Heap Scan on sbtest4  (cost=5.43..389.70 rows=97 width=125)
	  Recheck Cond: ((k >= 4243065) AND (k <= 4243165))
	  ->  Bitmap Index Scan on k_4  (cost=0.00..5.40 rows=97 width=0)
	        Index Cond: ((k >= 4243065) AND (k <= 4243165))

table 5 : explain SELECT k, c FROM sbtest5 WHERE k BETWEEN 4243065 AND 4243165
	Bitmap Heap Scan on sbtest5  (cost=5.41..381.81 rows=95 width=125)
	  Recheck Cond: ((k >= 4243065) AND (k <= 4243165))
	  ->  Bitmap Index Scan on k_5  (cost=0.00..5.38 rows=95 width=0)
	        Index Cond: ((k >= 4243065) AND (k <= 4243165))

table 6 : explain SELECT k, c FROM sbtest6 WHERE k BETWEEN 4243065 AND 4243165
	Bitmap Heap Scan on sbtest6  (cost=5.48..409.42 rows=102 width=125)
	  Recheck Cond: ((k >= 4243065) AND (k <= 4243165))
	  ->  Bitmap Index Scan on k_6  (cost=0.00..5.45 rows=102 width=0)
	        Index Cond: ((k >= 4243065) AND (k <= 4243165))

table 7 : explain SELECT k, c FROM sbtest7 WHERE k BETWEEN 4243065 AND 4243165
	Bitmap Heap Scan on sbtest7  (cost=5.45..397.63 rows=99 width=125)
	  Recheck Cond: ((k >= 4243065) AND (k <= 4243165))
	  ->  Bitmap Index Scan on k_7  (cost=0.00..5.42 rows=99 width=0)
	        Index Cond: ((k >= 4243065) AND (k <= 4243165))

table 8 : explain SELECT k, c FROM sbtest8 WHERE k BETWEEN 4243065 AND 4243165
	Bitmap Heap Scan on sbtest8  (cost=5.51..421.29 rows=105 width=125)
	  Recheck Cond: ((k >= 4243065) AND (k <= 4243165))
	  ->  Bitmap Index Scan on k_8  (cost=0.00..5.48 rows=105 width=0)
	        Index Cond: ((k >= 4243065) AND (k <= 4243165))
explain: for range-notcovered :: explain SELECT k, c FROM sbtest%d WHERE k BETWEEN 4101353 AND 4101453
for range-notcovered
table 1 : explain SELECT k, c FROM sbtest1 WHERE k BETWEEN 4410081 AND 4410181
	Bitmap Heap Scan on sbtest1  (cost=5.42..385.68 rows=96 width=125)
	  Recheck Cond: ((k >= 4410081) AND (k <= 4410181))
	  ->  Bitmap Index Scan on k_1  (cost=0.00..5.39 rows=96 width=0)
	        Index Cond: ((k >= 4410081) AND (k <= 4410181))

table 2 : explain SELECT k, c FROM sbtest2 WHERE k BETWEEN 4410081 AND 4410181
	Bitmap Heap Scan on sbtest2  (cost=5.49..413.32 rows=103 width=125)
	  Recheck Cond: ((k >= 4410081) AND (k <= 4410181))
	  ->  Bitmap Index Scan on k_2  (cost=0.00..5.46 rows=103 width=0)
	        Index Cond: ((k >= 4410081) AND (k <= 4410181))

table 3 : explain SELECT k, c FROM sbtest3 WHERE k BETWEEN 4410081 AND 4410181
	Bitmap Heap Scan on sbtest3  (cost=5.45..397.56 rows=99 width=125)
	  Recheck Cond: ((k >= 4410081) AND (k <= 4410181))
	  ->  Bitmap Index Scan on k_3  (cost=0.00..5.42 rows=99 width=0)
	        Index Cond: ((k >= 4410081) AND (k <= 4410181))

table 4 : explain SELECT k, c FROM sbtest4 WHERE k BETWEEN 4410081 AND 4410181
	Bitmap Heap Scan on sbtest4  (cost=5.38..369.97 rows=92 width=125)
	  Recheck Cond: ((k >= 4410081) AND (k <= 4410181))
	  ->  Bitmap Index Scan on k_4  (cost=0.00..5.35 rows=92 width=0)
	        Index Cond: ((k >= 4410081) AND (k <= 4410181))

table 5 : explain SELECT k, c FROM sbtest5 WHERE k BETWEEN 4410081 AND 4410181
	Bitmap Heap Scan on sbtest5  (cost=5.45..397.59 rows=99 width=125)
	  Recheck Cond: ((k >= 4410081) AND (k <= 4410181))
	  ->  Bitmap Index Scan on k_5  (cost=0.00..5.42 rows=99 width=0)
	        Index Cond: ((k >= 4410081) AND (k <= 4410181))

table 6 : explain SELECT k, c FROM sbtest6 WHERE k BETWEEN 4410081 AND 4410181
	Bitmap Heap Scan on sbtest6  (cost=5.44..393.65 rows=98 width=125)
	  Recheck Cond: ((k >= 4410081) AND (k <= 4410181))
	  ->  Bitmap Index Scan on k_6  (cost=0.00..5.42 rows=98 width=0)
	        Index Cond: ((k >= 4410081) AND (k <= 4410181))

table 7 : explain SELECT k, c FROM sbtest7 WHERE k BETWEEN 4410081 AND 4410181
	Bitmap Heap Scan on sbtest7  (cost=5.52..425.23 rows=106 width=125)
	  Recheck Cond: ((k >= 4410081) AND (k <= 4410181))
	  ->  Bitmap Index Scan on k_7  (cost=0.00..5.50 rows=106 width=0)
	        Index Cond: ((k >= 4410081) AND (k <= 4410181))

table 8 : explain SELECT k, c FROM sbtest8 WHERE k BETWEEN 4410081 AND 4410181
	Bitmap Heap Scan on sbtest8  (cost=5.48..409.46 rows=102 width=125)
	  Recheck Cond: ((k >= 4410081) AND (k <= 4410181))
	  ->  Bitmap Index Scan on k_8  (cost=0.00..5.45 rows=102 width=0)
	        Index Cond: ((k >= 4410081) AND (k <= 4410181))


explain: for range-notcovered :: explain SELECT k, c FROM sbtest%d WHERE k BETWEEN 2639083 AND 2639183


for range-notcovered
table 1 : explain SELECT k, c FROM sbtest1 WHERE k BETWEEN 4249789 AND 4249889
	Bitmap Heap Scan on sbtest1  (cost=5.49..413.29 rows=103 width=125)
	  Recheck Cond: ((k >= 4249789) AND (k <= 4249889))
	  ->  Bitmap Index Scan on k_1  (cost=0.00..5.46 rows=103 width=0)
	        Index Cond: ((k >= 4249789) AND (k <= 4249889))

table 2 : explain SELECT k, c FROM sbtest2 WHERE k BETWEEN 4249789 AND 4249889
	Bitmap Heap Scan on sbtest2  (cost=5.55..436.97 rows=109 width=125)
	  Recheck Cond: ((k >= 4249789) AND (k <= 4249889))
	  ->  Bitmap Index Scan on k_2  (cost=0.00..5.52 rows=109 width=0)
	        Index Cond: ((k >= 4249789) AND (k <= 4249889))

table 3 : explain SELECT k, c FROM sbtest3 WHERE k BETWEEN 4249789 AND 4249889
	Bitmap Heap Scan on sbtest3  (cost=5.47..405.44 rows=101 width=125)
	  Recheck Cond: ((k >= 4249789) AND (k <= 4249889))
	  ->  Bitmap Index Scan on k_3  (cost=0.00..5.44 rows=101 width=0)
	        Index Cond: ((k >= 4249789) AND (k <= 4249889))

table 4 : explain SELECT k, c FROM sbtest4 WHERE k BETWEEN 4249789 AND 4249889
	Bitmap Heap Scan on sbtest4  (cost=5.43..389.70 rows=97 width=125)
	  Recheck Cond: ((k >= 4249789) AND (k <= 4249889))
	  ->  Bitmap Index Scan on k_4  (cost=0.00..5.40 rows=97 width=0)
	        Index Cond: ((k >= 4249789) AND (k <= 4249889))

table 5 : explain SELECT k, c FROM sbtest5 WHERE k BETWEEN 4249789 AND 4249889
	Bitmap Heap Scan on sbtest5  (cost=5.41..381.81 rows=95 width=125)
	  Recheck Cond: ((k >= 4249789) AND (k <= 4249889))
	  ->  Bitmap Index Scan on k_5  (cost=0.00..5.38 rows=95 width=0)
	        Index Cond: ((k >= 4249789) AND (k <= 4249889))

table 6 : explain SELECT k, c FROM sbtest6 WHERE k BETWEEN 4249789 AND 4249889
	Bitmap Heap Scan on sbtest6  (cost=5.48..409.42 rows=102 width=125)
	  Recheck Cond: ((k >= 4249789) AND (k <= 4249889))
	  ->  Bitmap Index Scan on k_6  (cost=0.00..5.45 rows=102 width=0)
	        Index Cond: ((k >= 4249789) AND (k <= 4249889))

table 7 : explain SELECT k, c FROM sbtest7 WHERE k BETWEEN 4249789 AND 4249889
	Bitmap Heap Scan on sbtest7  (cost=5.45..397.63 rows=99 width=125)
	  Recheck Cond: ((k >= 4249789) AND (k <= 4249889))
	  ->  Bitmap Index Scan on k_7  (cost=0.00..5.42 rows=99 width=0)
	        Index Cond: ((k >= 4249789) AND (k <= 4249889))

table 8 : explain SELECT k, c FROM sbtest8 WHERE k BETWEEN 4249789 AND 4249889
	Bitmap Heap Scan on sbtest8  (cost=5.51..421.29 rows=105 width=125)
	  Recheck Cond: ((k >= 4249789) AND (k <= 4249889))
	  ->  Bitmap Index Scan on k_8  (cost=0.00..5.48 rows=105 width=0)
	        Index Cond: ((k >= 4249789) AND (k <= 4249889))

for range-notcovered
table 1 : explain SELECT k, c FROM sbtest1 WHERE k BETWEEN 7623222 AND 7623322
	Bitmap Heap Scan on sbtest1  (cost=5.55..436.93 rows=109 width=125)
	  Recheck Cond: ((k >= 7623222) AND (k <= 7623322))
	  ->  Bitmap Index Scan on k_1  (cost=0.00..5.52 rows=109 width=0)
	        Index Cond: ((k >= 7623222) AND (k <= 7623322))

table 2 : explain SELECT k, c FROM sbtest2 WHERE k BETWEEN 7623222 AND 7623322
	Bitmap Heap Scan on sbtest2  (cost=5.50..417.27 rows=104 width=125)
	  Recheck Cond: ((k >= 7623222) AND (k <= 7623322))
	  ->  Bitmap Index Scan on k_2  (cost=0.00..5.47 rows=104 width=0)
	        Index Cond: ((k >= 7623222) AND (k <= 7623322))

table 3 : explain SELECT k, c FROM sbtest3 WHERE k BETWEEN 7623222 AND 7623322
	Bitmap Heap Scan on sbtest3  (cost=5.51..421.21 rows=105 width=125)
	  Recheck Cond: ((k >= 7623222) AND (k <= 7623322))
	  ->  Bitmap Index Scan on k_3  (cost=0.00..5.48 rows=105 width=0)
	        Index Cond: ((k >= 7623222) AND (k <= 7623322))

table 4 : explain SELECT k, c FROM sbtest4 WHERE k BETWEEN 7623222 AND 7623322
	Bitmap Heap Scan on sbtest4  (cost=5.60..456.71 rows=114 width=125)
	  Recheck Cond: ((k >= 7623222) AND (k <= 7623322))
	  ->  Bitmap Index Scan on k_4  (cost=0.00..5.58 rows=114 width=0)
	        Index Cond: ((k >= 7623222) AND (k <= 7623322))

table 5 : explain SELECT k, c FROM sbtest5 WHERE k BETWEEN 7623222 AND 7623322
	Bitmap Heap Scan on sbtest5  (cost=5.47..405.48 rows=101 width=125)
	  Recheck Cond: ((k >= 7623222) AND (k <= 7623322))
	  ->  Bitmap Index Scan on k_5  (cost=0.00..5.44 rows=101 width=0)
	        Index Cond: ((k >= 7623222) AND (k <= 7623322))

table 6 : explain SELECT k, c FROM sbtest6 WHERE k BETWEEN 7623222 AND 7623322
	Bitmap Heap Scan on sbtest6  (cost=5.54..433.08 rows=108 width=125)
	  Recheck Cond: ((k >= 7623222) AND (k <= 7623322))
	  ->  Bitmap Index Scan on k_6  (cost=0.00..5.51 rows=108 width=0)
	        Index Cond: ((k >= 7623222) AND (k <= 7623322))

table 7 : explain SELECT k, c FROM sbtest7 WHERE k BETWEEN 7623222 AND 7623322
	Bitmap Heap Scan on sbtest7  (cost=5.47..405.52 rows=101 width=125)
	  Recheck Cond: ((k >= 7623222) AND (k <= 7623322))
	  ->  Bitmap Index Scan on k_7  (cost=0.00..5.44 rows=101 width=0)
	        Index Cond: ((k >= 7623222) AND (k <= 7623322))

table 8 : explain SELECT k, c FROM sbtest8 WHERE k BETWEEN 7623222 AND 7623322
	Bitmap Heap Scan on sbtest8  (cost=5.49..413.40 rows=103 width=125)
	  Recheck Cond: ((k >= 7623222) AND (k <= 7623322))
	  ->  Bitmap Index Scan on k_8  (cost=0.00..5.46 rows=103 width=0)
	        Index Cond: ((k >= 7623222) AND (k <= 7623322))

explain: for range-notcovered :: explain SELECT k, c FROM sbtest%d WHERE k BETWEEN 5098628 AND 5098728
explain: for range-notcovered :: explain SELECT k, c FROM sbtest%d WHERE k BETWEEN 4410081 AND 4410181
for range-notcovered
table 1 : explain SELECT k, c FROM sbtest1 WHERE k BETWEEN 5399909 AND 5400009
	Bitmap Heap Scan on sbtest1  (cost=5.45..397.52 rows=99 width=125)
	  Recheck Cond: ((k >= 5399909) AND (k <= 5400009))
	  ->  Bitmap Index Scan on k_1  (cost=0.00..5.42 rows=99 width=0)
	        Index Cond: ((k >= 5399909) AND (k <= 5400009))

table 2 : explain SELECT k, c FROM sbtest2 WHERE k BETWEEN 5399909 AND 5400009
	Bitmap Heap Scan on sbtest2  (cost=5.47..405.44 rows=101 width=125)
	  Recheck Cond: ((k >= 5399909) AND (k <= 5400009))
	  ->  Bitmap Index Scan on k_2  (cost=0.00..5.44 rows=101 width=0)
	        Index Cond: ((k >= 5399909) AND (k <= 5400009))

table 3 : explain SELECT k, c FROM sbtest3 WHERE k BETWEEN 5399909 AND 5400009
	Bitmap Heap Scan on sbtest3  (cost=5.45..397.56 rows=99 width=125)
	  Recheck Cond: ((k >= 5399909) AND (k <= 5400009))
	  ->  Bitmap Index Scan on k_3  (cost=0.00..5.42 rows=99 width=0)
	        Index Cond: ((k >= 5399909) AND (k <= 5400009))

table 4 : explain SELECT k, c FROM sbtest4 WHERE k BETWEEN 5399909 AND 5400009
	Bitmap Heap Scan on sbtest4  (cost=5.44..393.65 rows=98 width=125)
	  Recheck Cond: ((k >= 5399909) AND (k <= 5400009))
	  ->  Bitmap Index Scan on k_4  (cost=0.00..5.42 rows=98 width=0)
	        Index Cond: ((k >= 5399909) AND (k <= 5400009))

table 5 : explain SELECT k, c FROM sbtest5 WHERE k BETWEEN 5399909 AND 5400009
	Bitmap Heap Scan on sbtest5  (cost=5.46..401.54 rows=100 width=125)
	  Recheck Cond: ((k >= 5399909) AND (k <= 5400009))
	  ->  Bitmap Index Scan on k_5  (cost=0.00..5.43 rows=100 width=0)
	        Index Cond: ((k >= 5399909) AND (k <= 5400009))

table 6 : explain SELECT k, c FROM sbtest6 WHERE k BETWEEN 5399909 AND 5400009
	Bitmap Heap Scan on sbtest6  (cost=5.57..444.90 rows=111 width=125)
	  Recheck Cond: ((k >= 5399909) AND (k <= 5400009))
	  ->  Bitmap Index Scan on k_6  (cost=0.00..5.54 rows=111 width=0)
	        Index Cond: ((k >= 5399909) AND (k <= 5400009))

table 7 : explain SELECT k, c FROM sbtest7 WHERE k BETWEEN 5399909 AND 5400009
	Bitmap Heap Scan on sbtest7  (cost=5.50..417.35 rows=104 width=125)
	  Recheck Cond: ((k >= 5399909) AND (k <= 5400009))
	  ->  Bitmap Index Scan on k_7  (cost=0.00..5.47 rows=104 width=0)
	        Index Cond: ((k >= 5399909) AND (k <= 5400009))

table 8 : explain SELECT k, c FROM sbtest8 WHERE k BETWEEN 5399909 AND 5400009
	Bitmap Heap Scan on sbtest8  (cost=5.47..405.52 rows=101 width=125)
	  Recheck Cond: ((k >= 5399909) AND (k <= 5400009))
	  ->  Bitmap Index Scan on k_8  (cost=0.00..5.44 rows=101 width=0)
	        Index Cond: ((k >= 5399909) AND (k <= 5400009))

for range-notcovered
table 1 : explain SELECT k, c FROM sbtest1 WHERE k BETWEEN 3346171 AND 3346271
	Bitmap Heap Scan on sbtest1  (cost=5.49..413.29 rows=103 width=125)
	  Recheck Cond: ((k >= 3346171) AND (k <= 3346271))
	  ->  Bitmap Index Scan on k_1  (cost=0.00..5.46 rows=103 width=0)
	        Index Cond: ((k >= 3346171) AND (k <= 3346271))

table 2 : explain SELECT k, c FROM sbtest2 WHERE k BETWEEN 3346171 AND 3346271
	Bitmap Heap Scan on sbtest2  (cost=5.53..429.09 rows=107 width=125)
	  Recheck Cond: ((k >= 3346171) AND (k <= 3346271))
	  ->  Bitmap Index Scan on k_2  (cost=0.00..5.50 rows=107 width=0)
	        Index Cond: ((k >= 3346171) AND (k <= 3346271))

table 3 : explain SELECT k, c FROM sbtest3 WHERE k BETWEEN 3346171 AND 3346271
	Bitmap Heap Scan on sbtest3  (cost=5.62..464.54 rows=116 width=125)
	  Recheck Cond: ((k >= 3346171) AND (k <= 3346271))
	  ->  Bitmap Index Scan on k_3  (cost=0.00..5.59 rows=116 width=0)
	        Index Cond: ((k >= 3346171) AND (k <= 3346271))

table 4 : explain SELECT k, c FROM sbtest4 WHERE k BETWEEN 3346171 AND 3346271
	Bitmap Heap Scan on sbtest4  (cost=5.57..444.89 rows=111 width=125)
	  Recheck Cond: ((k >= 3346171) AND (k <= 3346271))
	  ->  Bitmap Index Scan on k_4  (cost=0.00..5.54 rows=111 width=0)
	        Index Cond: ((k >= 3346171) AND (k <= 3346271))

table 5 : explain SELECT k, c FROM sbtest5 WHERE k BETWEEN 3346171 AND 3346271
	Bitmap Heap Scan on sbtest5  (cost=5.53..429.13 rows=107 width=125)
	  Recheck Cond: ((k >= 3346171) AND (k <= 3346271))
	  ->  Bitmap Index Scan on k_5  (cost=0.00..5.50 rows=107 width=0)
	        Index Cond: ((k >= 3346171) AND (k <= 3346271))

table 6 : explain SELECT k, c FROM sbtest6 WHERE k BETWEEN 3346171 AND 3346271
	Bitmap Heap Scan on sbtest6  (cost=5.45..397.59 rows=99 width=125)
	  Recheck Cond: ((k >= 3346171) AND (k <= 3346271))
	  ->  Bitmap Index Scan on k_6  (cost=0.00..5.42 rows=99 width=0)
	        Index Cond: ((k >= 3346171) AND (k <= 3346271))

table 7 : explain SELECT k, c FROM sbtest7 WHERE k BETWEEN 3346171 AND 3346271
	Bitmap Heap Scan on sbtest7  (cost=5.38..370.01 rows=92 width=125)
	  Recheck Cond: ((k >= 3346171) AND (k <= 3346271))
	  ->  Bitmap Index Scan on k_7  (cost=0.00..5.35 rows=92 width=0)
	        Index Cond: ((k >= 3346171) AND (k <= 3346271))

table 8 : explain SELECT k, c FROM sbtest8 WHERE k BETWEEN 3346171 AND 3346271
	Bitmap Heap Scan on sbtest8  (cost=5.49..413.40 rows=103 width=125)
	  Recheck Cond: ((k >= 3346171) AND (k <= 3346271))
	  ->  Bitmap Index Scan on k_8  (cost=0.00..5.46 rows=103 width=0)
	        Index Cond: ((k >= 3346171) AND (k <= 3346271))

for range-notcovered
table 1 : explain SELECT k, c FROM sbtest1 WHERE k BETWEEN 8623476 AND 8623576
	Bitmap Heap Scan on sbtest1  (cost=5.46..401.46 rows=100 width=125)
	  Recheck Cond: ((k >= 8623476) AND (k <= 8623576))
	  ->  Bitmap Index Scan on k_1  (cost=0.00..5.43 rows=100 width=0)
	        Index Cond: ((k >= 8623476) AND (k <= 8623576))

table 2 : explain SELECT k, c FROM sbtest2 WHERE k BETWEEN 8623476 AND 8623576
	Bitmap Heap Scan on sbtest2  (cost=5.61..460.60 rows=115 width=125)
	  Recheck Cond: ((k >= 8623476) AND (k <= 8623576))
	  ->  Bitmap Index Scan on k_2  (cost=0.00..5.58 rows=115 width=0)
	        Index Cond: ((k >= 8623476) AND (k <= 8623576))

table 3 : explain SELECT k, c FROM sbtest3 WHERE k BETWEEN 8623476 AND 8623576
	Bitmap Heap Scan on sbtest3  (cost=5.56..440.91 rows=110 width=125)
	  Recheck Cond: ((k >= 8623476) AND (k <= 8623576))
	  ->  Bitmap Index Scan on k_3  (cost=0.00..5.53 rows=110 width=0)
	        Index Cond: ((k >= 8623476) AND (k <= 8623576))

table 4 : explain SELECT k, c FROM sbtest4 WHERE k BETWEEN 8623476 AND 8623576
	Bitmap Heap Scan on sbtest4  (cost=5.52..425.19 rows=106 width=125)
	  Recheck Cond: ((k >= 8623476) AND (k <= 8623576))
	  ->  Bitmap Index Scan on k_4  (cost=0.00..5.50 rows=106 width=0)
	        Index Cond: ((k >= 8623476) AND (k <= 8623576))

table 5 : explain SELECT k, c FROM sbtest5 WHERE k BETWEEN 8623476 AND 8623576
	Bitmap Heap Scan on sbtest5  (cost=5.49..413.37 rows=103 width=125)
	  Recheck Cond: ((k >= 8623476) AND (k <= 8623576))
	  ->  Bitmap Index Scan on k_5  (cost=0.00..5.46 rows=103 width=0)
	        Index Cond: ((k >= 8623476) AND (k <= 8623576))

table 6 : explain SELECT k, c FROM sbtest6 WHERE k BETWEEN 8623476 AND 8623576
	Bitmap Heap Scan on sbtest6  (cost=5.49..413.37 rows=103 width=125)
	  Recheck Cond: ((k >= 8623476) AND (k <= 8623576))
	  ->  Bitmap Index Scan on k_6  (cost=0.00..5.46 rows=103 width=0)
	        Index Cond: ((k >= 8623476) AND (k <= 8623576))

table 7 : explain SELECT k, c FROM sbtest7 WHERE k BETWEEN 8623476 AND 8623576
	Bitmap Heap Scan on sbtest7  (cost=5.34..354.21 rows=88 width=125)
	  Recheck Cond: ((k >= 8623476) AND (k <= 8623576))
	  ->  Bitmap Index Scan on k_7  (cost=0.00..5.31 rows=88 width=0)
	        Index Cond: ((k >= 8623476) AND (k <= 8623576))

table 8 : explain SELECT k, c FROM sbtest8 WHERE k BETWEEN 8623476 AND 8623576
	Bitmap Heap Scan on sbtest8  (cost=5.47..405.52 rows=101 width=125)
	  Recheck Cond: ((k >= 8623476) AND (k <= 8623576))
	  ->  Bitmap Index Scan on k_8  (cost=0.00..5.44 rows=101 width=0)
	        Index Cond: ((k >= 8623476) AND (k <= 8623576))

explain: for range-notcovered :: explain SELECT k, c FROM sbtest%d WHERE k BETWEEN 6904500 AND 6904600for range-notcovered
table 1 : explain SELECT k, c FROM sbtest1 WHERE k BETWEEN 4455370 AND 4455470
	Bitmap Heap Scan on sbtest1  (cost=5.61..460.55 rows=115 width=125)
	  Recheck Cond: ((k >= 4455370) AND (k <= 4455470))
	  ->  Bitmap Index Scan on k_1  (cost=0.00..5.58 rows=115 width=0)
	        Index Cond: ((k >= 4455370) AND (k <= 4455470))

table 2 : explain SELECT k, c FROM sbtest2 WHERE k BETWEEN 4455370 AND 4455470
	Bitmap Heap Scan on sbtest2  (cost=5.45..397.55 rows=99 width=125)
	  Recheck Cond: ((k >= 4455370) AND (k <= 4455470))
	  ->  Bitmap Index Scan on k_2  (cost=0.00..5.42 rows=99 width=0)
	        Index Cond: ((k >= 4455370) AND (k <= 4455470))

table 3 : explain SELECT k, c FROM sbtest3 WHERE k BETWEEN 4455370 AND 4455470
	Bitmap Heap Scan on sbtest3  (cost=5.45..397.56 rows=99 width=125)
	  Recheck Cond: ((k >= 4455370) AND (k <= 4455470))
	  ->  Bitmap Index Scan on k_3  (cost=0.00..5.42 rows=99 width=0)
	        Index Cond: ((k >= 4455370) AND (k <= 4455470))

table 4 : explain SELECT k, c FROM sbtest4 WHERE k BETWEEN 4455370 AND 4455470
	Bitmap Heap Scan on sbtest4  (cost=5.46..401.53 rows=100 width=125)
	  Recheck Cond: ((k >= 4455370) AND (k <= 4455470))
	  ->  Bitmap Index Scan on k_4  (cost=0.00..5.43 rows=100 width=0)
	        Index Cond: ((k >= 4455370) AND (k <= 4455470))

table 5 : explain SELECT k, c FROM sbtest5 WHERE k BETWEEN 4455370 AND 4455470
	Bitmap Heap Scan on sbtest5  (cost=5.45..397.59 rows=99 width=125)
	  Recheck Cond: ((k >= 4455370) AND (k <= 4455470))
	  ->  Bitmap Index Scan on k_5  (cost=0.00..5.42 rows=99 width=0)
	        Index Cond: ((k >= 4455370) AND (k <= 4455470))

table 6 : explain SELECT k, c FROM sbtest6 WHERE k BETWEEN 4455370 AND 4455470
	Bitmap Heap Scan on sbtest6  (cost=5.44..393.65 rows=98 width=125)
	  Recheck Cond: ((k >= 4455370) AND (k <= 4455470))
	  ->  Bitmap Index Scan on k_6  (cost=0.00..5.42 rows=98 width=0)
	        Index Cond: ((k >= 4455370) AND (k <= 4455470))

table 7 : explain SELECT k, c FROM sbtest7 WHERE k BETWEEN 4455370 AND 4455470
	Bitmap Heap Scan on sbtest7  (cost=5.52..425.23 rows=106 width=125)
	  Recheck Cond: ((k >= 4455370) AND (k <= 4455470))
	  ->  Bitmap Index Scan on k_7  (cost=0.00..5.50 rows=106 width=0)
	        Index Cond: ((k >= 4455370) AND (k <= 4455470))

table 8 : explain SELECT k, c FROM sbtest8 WHERE k BETWEEN 4455370 AND 4455470
	Bitmap Heap Scan on sbtest8  (cost=5.48..409.46 rows=102 width=125)
	  Recheck Cond: ((k >= 4455370) AND (k <= 4455470))
	  ->  Bitmap Index Scan on k_8  (cost=0.00..5.45 rows=102 width=0)
	        Index Cond: ((k >= 4455370) AND (k <= 4455470))

explain: for range-notcovered :: explain SELECT k, c FROM sbtest%d WHERE k BETWEEN 4243065 AND 4243165explain: for range-notcovered :: explain SELECT k, c FROM sbtest%d WHERE k BETWEEN 5399909 AND 5400009
explain: for range-notcovered :: explain SELECT k, c FROM sbtest%d WHERE k BETWEEN 4249789 AND 4249889explain: for range-notcovered :: explain SELECT k, c FROM sbtest%d WHERE k BETWEEN 5153009 AND 5153109

explain: for range-notcovered :: explain SELECT k, c FROM sbtest%d WHERE k BETWEEN 4455370 AND 4455470

explain: for range-notcovered :: explain SELECT k, c FROM sbtest%d WHERE k BETWEEN 5522101 AND 5522201
explain: for range-notcovered :: explain SELECT k, c FROM sbtest%d WHERE k BETWEEN 3346171 AND 3346271

explain: for range-notcovered :: explain SELECT k, c FROM sbtest%d WHERE k BETWEEN 7623222 AND 7623322
for range-notcovered
table 1 : explain SELECT k, c FROM sbtest1 WHERE k BETWEEN 3925795 AND 3925895
	Bitmap Heap Scan on sbtest1  (cost=5.36..362.01 rows=90 width=125)
	  Recheck Cond: ((k >= 3925795) AND (k <= 3925895))
	  ->  Bitmap Index Scan on k_1  (cost=0.00..5.33 rows=90 width=0)
	        Index Cond: ((k >= 3925795) AND (k <= 3925895))

table 2 : explain SELECT k, c FROM sbtest2 WHERE k BETWEEN 3925795 AND 3925895
	Bitmap Heap Scan on sbtest2  (cost=5.46..401.50 rows=100 width=125)
	  Recheck Cond: ((k >= 3925795) AND (k <= 3925895))
	  ->  Bitmap Index Scan on k_2  (cost=0.00..5.43 rows=100 width=0)
	        Index Cond: ((k >= 3925795) AND (k <= 3925895))

table 3 : explain SELECT k, c FROM sbtest3 WHERE k BETWEEN 3925795 AND 3925895
	Bitmap Heap Scan on sbtest3  (cost=5.47..405.44 rows=101 width=125)
	  Recheck Cond: ((k >= 3925795) AND (k <= 3925895))
	  ->  Bitmap Index Scan on k_3  (cost=0.00..5.44 rows=101 width=0)
	        Index Cond: ((k >= 3925795) AND (k <= 3925895))

table 4 : explain SELECT k, c FROM sbtest4 WHERE k BETWEEN 3925795 AND 3925895
	Bitmap Heap Scan on sbtest4  (cost=5.37..366.02 rows=91 width=125)
	  Recheck Cond: ((k >= 3925795) AND (k <= 3925895))
	  ->  Bitmap Index Scan on k_4  (cost=0.00..5.34 rows=91 width=0)
	        Index Cond: ((k >= 3925795) AND (k <= 3925895))

table 5 : explain SELECT k, c FROM sbtest5 WHERE k BETWEEN 3925795 AND 3925895
	Bitmap Heap Scan on sbtest5  (cost=5.54..433.08 rows=108 width=125)
	  Recheck Cond: ((k >= 3925795) AND (k <= 3925895))
	  ->  Bitmap Index Scan on k_5  (cost=0.00..5.51 rows=108 width=0)
	        Index Cond: ((k >= 3925795) AND (k <= 3925895))

table 6 : explain SELECT k, c FROM sbtest6 WHERE k BETWEEN 3925795 AND 3925895
	Bitmap Heap Scan on sbtest6  (cost=5.50..417.31 rows=104 width=125)
	  Recheck Cond: ((k >= 3925795) AND (k <= 3925895))
	  ->  Bitmap Index Scan on k_6  (cost=0.00..5.47 rows=104 width=0)
	        Index Cond: ((k >= 3925795) AND (k <= 3925895))

table 7 : explain SELECT k, c FROM sbtest7 WHERE k BETWEEN 3925795 AND 3925895
	Bitmap Heap Scan on sbtest7  (cost=5.53..429.18 rows=107 width=125)
	  Recheck Cond: ((k >= 3925795) AND (k <= 3925895))
	  ->  Bitmap Index Scan on k_7  (cost=0.00..5.50 rows=107 width=0)
	        Index Cond: ((k >= 3925795) AND (k <= 3925895))

table 8 : explain SELECT k, c FROM sbtest8 WHERE k BETWEEN 3925795 AND 3925895
	Bitmap Heap Scan on sbtest8  (cost=5.56..441.00 rows=110 width=125)
	  Recheck Cond: ((k >= 3925795) AND (k <= 3925895))
	  ->  Bitmap Index Scan on k_8  (cost=0.00..5.53 rows=110 width=0)
	        Index Cond: ((k >= 3925795) AND (k <= 3925895))

explain: for range-notcovered :: explain SELECT k, c FROM sbtest%d WHERE k BETWEEN 8623476 AND 8623576
for range-notcovered
table 1 : explain SELECT k, c FROM sbtest1 WHERE k BETWEEN 6091251 AND 6091351
	Bitmap Heap Scan on sbtest1  (cost=5.45..397.52 rows=99 width=125)
	  Recheck Cond: ((k >= 6091251) AND (k <= 6091351))
	  ->  Bitmap Index Scan on k_1  (cost=0.00..5.42 rows=99 width=0)
	        Index Cond: ((k >= 6091251) AND (k <= 6091351))

table 2 : explain SELECT k, c FROM sbtest2 WHERE k BETWEEN 6091251 AND 6091351
	Bitmap Heap Scan on sbtest2  (cost=5.48..409.38 rows=102 width=125)
	  Recheck Cond: ((k >= 6091251) AND (k <= 6091351))
	  ->  Bitmap Index Scan on k_2  (cost=0.00..5.45 rows=102 width=0)
	        Index Cond: ((k >= 6091251) AND (k <= 6091351))

table 3 : explain SELECT k, c FROM sbtest3 WHERE k BETWEEN 6091251 AND 6091351
	Bitmap Heap Scan on sbtest3  (cost=5.55..436.97 rows=109 width=125)
	  Recheck Cond: ((k >= 6091251) AND (k <= 6091351))
	  ->  Bitmap Index Scan on k_3  (cost=0.00..5.52 rows=109 width=0)
	        Index Cond: ((k >= 6091251) AND (k <= 6091351))

table 4 : explain SELECT k, c FROM sbtest4 WHERE k BETWEEN 6091251 AND 6091351
	Bitmap Heap Scan on sbtest4  (cost=5.49..413.36 rows=103 width=125)
	  Recheck Cond: ((k >= 6091251) AND (k <= 6091351))
	  ->  Bitmap Index Scan on k_4  (cost=0.00..5.46 rows=103 width=0)
	        Index Cond: ((k >= 6091251) AND (k <= 6091351))

table 5 : explain SELECT k, c FROM sbtest5 WHERE k BETWEEN 6091251 AND 6091351
	Bitmap Heap Scan on sbtest5  (cost=5.58..448.83 rows=112 width=125)
	  Recheck Cond: ((k >= 6091251) AND (k <= 6091351))
	  ->  Bitmap Index Scan on k_5  (cost=0.00..5.55 rows=112 width=0)
	        Index Cond: ((k >= 6091251) AND (k <= 6091351))

table 6 : explain SELECT k, c FROM sbtest6 WHERE k BETWEEN 6091251 AND 6091351
	Bitmap Heap Scan on sbtest6  (cost=5.43..389.70 rows=97 width=125)
	  Recheck Cond: ((k >= 6091251) AND (k <= 6091351))
	  ->  Bitmap Index Scan on k_6  (cost=0.00..5.40 rows=97 width=0)
	        Index Cond: ((k >= 6091251) AND (k <= 6091351))

table 7 : explain SELECT k, c FROM sbtest7 WHERE k BETWEEN 6091251 AND 6091351
	Bitmap Heap Scan on sbtest7  (cost=5.47..405.52 rows=101 width=125)
	  Recheck Cond: ((k >= 6091251) AND (k <= 6091351))
	  ->  Bitmap Index Scan on k_7  (cost=0.00..5.44 rows=101 width=0)
	        Index Cond: ((k >= 6091251) AND (k <= 6091351))

table 8 : explain SELECT k, c FROM sbtest8 WHERE k BETWEEN 6091251 AND 6091351
	Bitmap Heap Scan on sbtest8  (cost=5.44..393.68 rows=98 width=125)
	  Recheck Cond: ((k >= 6091251) AND (k <= 6091351))
	  ->  Bitmap Index Scan on k_8  (cost=0.00..5.42 rows=98 width=0)
	        Index Cond: ((k >= 6091251) AND (k <= 6091351))

explain: for range-notcovered :: explain SELECT k, c FROM sbtest%d WHERE k BETWEEN 3925795 AND 3925895
explain: for range-notcovered :: explain SELECT k, c FROM sbtest%d WHERE k BETWEEN 6091251 AND 6091351
for range-notcovered
table 1 : explain SELECT k, c FROM sbtest1 WHERE k BETWEEN 4028203 AND 4028303
	Bitmap Heap Scan on sbtest1  (cost=5.54..432.99 rows=108 width=125)
	  Recheck Cond: ((k >= 4028203) AND (k <= 4028303))
	  ->  Bitmap Index Scan on k_1  (cost=0.00..5.51 rows=108 width=0)
	        Index Cond: ((k >= 4028203) AND (k <= 4028303))

table 2 : explain SELECT k, c FROM sbtest2 WHERE k BETWEEN 4028203 AND 4028303
	Bitmap Heap Scan on sbtest2  (cost=5.48..409.38 rows=102 width=125)
	  Recheck Cond: ((k >= 4028203) AND (k <= 4028303))
	  ->  Bitmap Index Scan on k_2  (cost=0.00..5.45 rows=102 width=0)
	        Index Cond: ((k >= 4028203) AND (k <= 4028303))

table 3 : explain SELECT k, c FROM sbtest3 WHERE k BETWEEN 4028203 AND 4028303
	Bitmap Heap Scan on sbtest3  (cost=5.51..421.21 rows=105 width=125)
	  Recheck Cond: ((k >= 4028203) AND (k <= 4028303))
	  ->  Bitmap Index Scan on k_3  (cost=0.00..5.48 rows=105 width=0)
	        Index Cond: ((k >= 4028203) AND (k <= 4028303))

table 4 : explain SELECT k, c FROM sbtest4 WHERE k BETWEEN 4028203 AND 4028303
	Bitmap Heap Scan on sbtest4  (cost=5.47..405.48 rows=101 width=125)
	  Recheck Cond: ((k >= 4028203) AND (k <= 4028303))
	  ->  Bitmap Index Scan on k_4  (cost=0.00..5.44 rows=101 width=0)
	        Index Cond: ((k >= 4028203) AND (k <= 4028303))

table 5 : explain SELECT k, c FROM sbtest5 WHERE k BETWEEN 4028203 AND 4028303
	Bitmap Heap Scan on sbtest5  (cost=5.60..456.71 rows=114 width=125)
	  Recheck Cond: ((k >= 4028203) AND (k <= 4028303))
	  ->  Bitmap Index Scan on k_5  (cost=0.00..5.58 rows=114 width=0)
	        Index Cond: ((k >= 4028203) AND (k <= 4028303))

table 6 : explain SELECT k, c FROM sbtest6 WHERE k BETWEEN 4028203 AND 4028303
	Bitmap Heap Scan on sbtest6  (cost=5.44..393.65 rows=98 width=125)
	  Recheck Cond: ((k >= 4028203) AND (k <= 4028303))
	  ->  Bitmap Index Scan on k_6  (cost=0.00..5.42 rows=98 width=0)
	        Index Cond: ((k >= 4028203) AND (k <= 4028303))

table 7 : explain SELECT k, c FROM sbtest7 WHERE k BETWEEN 4028203 AND 4028303
	Bitmap Heap Scan on sbtest7  (cost=5.44..393.68 rows=98 width=125)
	  Recheck Cond: ((k >= 4028203) AND (k <= 4028303))
	  ->  Bitmap Index Scan on k_7  (cost=0.00..5.42 rows=98 width=0)
	        Index Cond: ((k >= 4028203) AND (k <= 4028303))

table 8 : explain SELECT k, c FROM sbtest8 WHERE k BETWEEN 4028203 AND 4028303
	Bitmap Heap Scan on sbtest8  (cost=5.52..425.23 rows=106 width=125)
	  Recheck Cond: ((k >= 4028203) AND (k <= 4028303))
	  ->  Bitmap Index Scan on k_8  (cost=0.00..5.50 rows=106 width=0)
	        Index Cond: ((k >= 4028203) AND (k <= 4028303))

for range-notcovered
table 1 : explain SELECT k, c FROM sbtest1 WHERE k BETWEEN 5001065 AND 5001165
	Bitmap Heap Scan on sbtest1  (cost=5.47..405.40 rows=101 width=125)
	  Recheck Cond: ((k >= 5001065) AND (k <= 5001165))
	  ->  Bitmap Index Scan on k_1  (cost=0.00..5.44 rows=101 width=0)
	        Index Cond: ((k >= 5001065) AND (k <= 5001165))

table 2 : explain SELECT k, c FROM sbtest2 WHERE k BETWEEN 5001065 AND 5001165
	Bitmap Heap Scan on sbtest2  (cost=5.54..433.03 rows=108 width=125)
	  Recheck Cond: ((k >= 5001065) AND (k <= 5001165))
	  ->  Bitmap Index Scan on k_2  (cost=0.00..5.51 rows=108 width=0)
	        Index Cond: ((k >= 5001065) AND (k <= 5001165))

table 3 : explain SELECT k, c FROM sbtest3 WHERE k BETWEEN 5001065 AND 5001165
	Bitmap Heap Scan on sbtest3  (cost=5.46..401.50 rows=100 width=125)
	  Recheck Cond: ((k >= 5001065) AND (k <= 5001165))
	  ->  Bitmap Index Scan on k_3  (cost=0.00..5.43 rows=100 width=0)
	        Index Cond: ((k >= 5001065) AND (k <= 5001165))

table 4 : explain SELECT k, c FROM sbtest4 WHERE k BETWEEN 5001065 AND 5001165
	Bitmap Heap Scan on sbtest4  (cost=5.48..409.42 rows=102 width=125)
	  Recheck Cond: ((k >= 5001065) AND (k <= 5001165))
	  ->  Bitmap Index Scan on k_4  (cost=0.00..5.45 rows=102 width=0)
	        Index Cond: ((k >= 5001065) AND (k <= 5001165))

table 5 : explain SELECT k, c FROM sbtest5 WHERE k BETWEEN 5001065 AND 5001165
	Bitmap Heap Scan on sbtest5  (cost=5.55..437.02 rows=109 width=125)
	  Recheck Cond: ((k >= 5001065) AND (k <= 5001165))
	  ->  Bitmap Index Scan on k_5  (cost=0.00..5.52 rows=109 width=0)
	        Index Cond: ((k >= 5001065) AND (k <= 5001165))

table 6 : explain SELECT k, c FROM sbtest6 WHERE k BETWEEN 5001065 AND 5001165
	Bitmap Heap Scan on sbtest6  (cost=5.47..405.48 rows=101 width=125)
	  Recheck Cond: ((k >= 5001065) AND (k <= 5001165))
	  ->  Bitmap Index Scan on k_6  (cost=0.00..5.44 rows=101 width=0)
	        Index Cond: ((k >= 5001065) AND (k <= 5001165))

table 7 : explain SELECT k, c FROM sbtest7 WHERE k BETWEEN 5001065 AND 5001165
	Bitmap Heap Scan on sbtest7  (cost=5.51..421.29 rows=105 width=125)
	  Recheck Cond: ((k >= 5001065) AND (k <= 5001165))
	  ->  Bitmap Index Scan on k_7  (cost=0.00..5.48 rows=105 width=0)
	        Index Cond: ((k >= 5001065) AND (k <= 5001165))

table 8 : explain SELECT k, c FROM sbtest8 WHERE k BETWEEN 5001065 AND 5001165
	Bitmap Heap Scan on sbtest8  (cost=5.42..385.79 rows=96 width=125)
	  Recheck Cond: ((k >= 5001065) AND (k <= 5001165))
	  ->  Bitmap Index Scan on k_8  (cost=0.00..5.39 rows=96 width=0)
	        Index Cond: ((k >= 5001065) AND (k <= 5001165))

for range-notcovered
table 1 : explain SELECT k, c FROM sbtest1 WHERE k BETWEEN 3951479 AND 3951579
	Bitmap Heap Scan on sbtest1  (cost=5.54..432.99 rows=108 width=125)
	  Recheck Cond: ((k >= 3951479) AND (k <= 3951579))
	  ->  Bitmap Index Scan on k_1  (cost=0.00..5.51 rows=108 width=0)
	        Index Cond: ((k >= 3951479) AND (k <= 3951579))

table 2 : explain SELECT k, c FROM sbtest2 WHERE k BETWEEN 3951479 AND 3951579
	Bitmap Heap Scan on sbtest2  (cost=5.46..401.50 rows=100 width=125)
	  Recheck Cond: ((k >= 3951479) AND (k <= 3951579))
	  ->  Bitmap Index Scan on k_2  (cost=0.00..5.43 rows=100 width=0)
	        Index Cond: ((k >= 3951479) AND (k <= 3951579))

table 3 : explain SELECT k, c FROM sbtest3 WHERE k BETWEEN 3951479 AND 3951579
	Bitmap Heap Scan on sbtest3  (cost=5.47..405.44 rows=101 width=125)
	  Recheck Cond: ((k >= 3951479) AND (k <= 3951579))
	  ->  Bitmap Index Scan on k_3  (cost=0.00..5.44 rows=101 width=0)
	        Index Cond: ((k >= 3951479) AND (k <= 3951579))

table 4 : explain SELECT k, c FROM sbtest4 WHERE k BETWEEN 3951479 AND 3951579
	Bitmap Heap Scan on sbtest4  (cost=5.60..456.71 rows=114 width=125)
	  Recheck Cond: ((k >= 3951479) AND (k <= 3951579))
	  ->  Bitmap Index Scan on k_4  (cost=0.00..5.58 rows=114 width=0)
	        Index Cond: ((k >= 3951479) AND (k <= 3951579))

table 5 : explain SELECT k, c FROM sbtest5 WHERE k BETWEEN 3951479 AND 3951579
	Bitmap Heap Scan on sbtest5  (cost=5.54..433.08 rows=108 width=125)
	  Recheck Cond: ((k >= 3951479) AND (k <= 3951579))
	  ->  Bitmap Index Scan on k_5  (cost=0.00..5.51 rows=108 width=0)
	        Index Cond: ((k >= 3951479) AND (k <= 3951579))

table 6 : explain SELECT k, c FROM sbtest6 WHERE k BETWEEN 3951479 AND 3951579
	Bitmap Heap Scan on sbtest6  (cost=5.50..417.31 rows=104 width=125)
	  Recheck Cond: ((k >= 3951479) AND (k <= 3951579))
	  ->  Bitmap Index Scan on k_6  (cost=0.00..5.47 rows=104 width=0)
	        Index Cond: ((k >= 3951479) AND (k <= 3951579))

table 7 : explain SELECT k, c FROM sbtest7 WHERE k BETWEEN 3951479 AND 3951579
	Bitmap Heap Scan on sbtest7  (cost=5.44..393.68 rows=98 width=125)
	  Recheck Cond: ((k >= 3951479) AND (k <= 3951579))
	  ->  Bitmap Index Scan on k_7  (cost=0.00..5.42 rows=98 width=0)
	        Index Cond: ((k >= 3951479) AND (k <= 3951579))

table 8 : explain SELECT k, c FROM sbtest8 WHERE k BETWEEN 3951479 AND 3951579
	Bitmap Heap Scan on sbtest8  (cost=5.56..441.00 rows=110 width=125)
	  Recheck Cond: ((k >= 3951479) AND (k <= 3951579))
	  ->  Bitmap Index Scan on k_8  (cost=0.00..5.53 rows=110 width=0)
	        Index Cond: ((k >= 3951479) AND (k <= 3951579))

explain: for range-notcovered :: explain SELECT k, c FROM sbtest%d WHERE k BETWEEN 4028203 AND 4028303
for range-notcovered
table 1 : explain SELECT k, c FROM sbtest1 WHERE k BETWEEN 7000310 AND 7000410
	Bitmap Heap Scan on sbtest1  (cost=5.48..409.34 rows=102 width=125)
	  Recheck Cond: ((k >= 7000310) AND (k <= 7000410))
	  ->  Bitmap Index Scan on k_1  (cost=0.00..5.45 rows=102 width=0)
	        Index Cond: ((k >= 7000310) AND (k <= 7000410))

table 2 : explain SELECT k, c FROM sbtest2 WHERE k BETWEEN 7000310 AND 7000410
	Bitmap Heap Scan on sbtest2  (cost=5.50..417.27 rows=104 width=125)
	  Recheck Cond: ((k >= 7000310) AND (k <= 7000410))
	  ->  Bitmap Index Scan on k_2  (cost=0.00..5.47 rows=104 width=0)
	        Index Cond: ((k >= 7000310) AND (k <= 7000410))

table 3 : explain SELECT k, c FROM sbtest3 WHERE k BETWEEN 7000310 AND 7000410
	Bitmap Heap Scan on sbtest3  (cost=5.51..421.21 rows=105 width=125)
	  Recheck Cond: ((k >= 7000310) AND (k <= 7000410))
	  ->  Bitmap Index Scan on k_3  (cost=0.00..5.48 rows=105 width=0)
	        Index Cond: ((k >= 7000310) AND (k <= 7000410))

table 4 : explain SELECT k, c FROM sbtest4 WHERE k BETWEEN 7000310 AND 7000410
	Bitmap Heap Scan on sbtest4  (cost=5.57..444.89 rows=111 width=125)
	  Recheck Cond: ((k >= 7000310) AND (k <= 7000410))
	  ->  Bitmap Index Scan on k_4  (cost=0.00..5.54 rows=111 width=0)
	        Index Cond: ((k >= 7000310) AND (k <= 7000410))

table 5 : explain SELECT k, c FROM sbtest5 WHERE k BETWEEN 7000310 AND 7000410
	Bitmap Heap Scan on sbtest5  (cost=5.49..413.37 rows=103 width=125)
	  Recheck Cond: ((k >= 7000310) AND (k <= 7000410))
	  ->  Bitmap Index Scan on k_5  (cost=0.00..5.46 rows=103 width=0)
	        Index Cond: ((k >= 7000310) AND (k <= 7000410))

table 6 : explain SELECT k, c FROM sbtest6 WHERE k BETWEEN 7000310 AND 7000410
	Bitmap Heap Scan on sbtest6  (cost=5.64..472.46 rows=118 width=125)
	  Recheck Cond: ((k >= 7000310) AND (k <= 7000410))
	  ->  Bitmap Index Scan on k_6  (cost=0.00..5.61 rows=118 width=0)
	        Index Cond: ((k >= 7000310) AND (k <= 7000410))

table 7 : explain SELECT k, c FROM sbtest7 WHERE k BETWEEN 7000310 AND 7000410
	Bitmap Heap Scan on sbtest7  (cost=5.59..452.82 rows=113 width=125)
	  Recheck Cond: ((k >= 7000310) AND (k <= 7000410))
	  ->  Bitmap Index Scan on k_7  (cost=0.00..5.56 rows=113 width=0)
	        Index Cond: ((k >= 7000310) AND (k <= 7000410))

table 8 : explain SELECT k, c FROM sbtest8 WHERE k BETWEEN 7000310 AND 7000410
	Bitmap Heap Scan on sbtest8  (cost=5.44..393.68 rows=98 width=125)
	  Recheck Cond: ((k >= 7000310) AND (k <= 7000410))
	  ->  Bitmap Index Scan on k_8  (cost=0.00..5.42 rows=98 width=0)
	        Index Cond: ((k >= 7000310) AND (k <= 7000410))

explain: for range-notcovered :: explain SELECT k, c FROM sbtest%d WHERE k BETWEEN 5001065 AND 5001165for range-notcovered
table 1 : explain SELECT k, c FROM sbtest1 WHERE k BETWEEN 5893226 AND 5893326
	Bitmap Heap Scan on sbtest1  (cost=5.43..389.63 rows=97 width=125)
	  Recheck Cond: ((k >= 5893226) AND (k <= 5893326))
	  ->  Bitmap Index Scan on k_1  (cost=0.00..5.40 rows=97 width=0)
	        Index Cond: ((k >= 5893226) AND (k <= 5893326))

table 2 : explain SELECT k, c FROM sbtest2 WHERE k BETWEEN 5893226 AND 5893326
	Bitmap Heap Scan on sbtest2  (cost=5.47..405.44 rows=101 width=125)
	  Recheck Cond: ((k >= 5893226) AND (k <= 5893326))
	  ->  Bitmap Index Scan on k_2  (cost=0.00..5.44 rows=101 width=0)
	        Index Cond: ((k >= 5893226) AND (k <= 5893326))

table 3 : explain SELECT k, c FROM sbtest3 WHERE k BETWEEN 5893226 AND 5893326
	Bitmap Heap Scan on sbtest3  (cost=5.56..440.91 rows=110 width=125)
	  Recheck Cond: ((k >= 5893226) AND (k <= 5893326))
	  ->  Bitmap Index Scan on k_3  (cost=0.00..5.53 rows=110 width=0)
	        Index Cond: ((k >= 5893226) AND (k <= 5893326))

table 4 : explain SELECT k, c FROM sbtest4 WHERE k BETWEEN 5893226 AND 5893326
	Bitmap Heap Scan on sbtest4  (cost=5.52..425.19 rows=106 width=125)
	  Recheck Cond: ((k >= 5893226) AND (k <= 5893326))
	  ->  Bitmap Index Scan on k_4  (cost=0.00..5.50 rows=106 width=0)
	        Index Cond: ((k >= 5893226) AND (k <= 5893326))

table 5 : explain SELECT k, c FROM sbtest5 WHERE k BETWEEN 5893226 AND 5893326
	Bitmap Heap Scan on sbtest5  (cost=5.40..377.87 rows=94 width=125)
	  Recheck Cond: ((k >= 5893226) AND (k <= 5893326))
	  ->  Bitmap Index Scan on k_5  (cost=0.00..5.38 rows=94 width=0)
	        Index Cond: ((k >= 5893226) AND (k <= 5893326))

table 6 : explain SELECT k, c FROM sbtest6 WHERE k BETWEEN 5893226 AND 5893326
	Bitmap Heap Scan on sbtest6  (cost=5.43..389.70 rows=97 width=125)
	  Recheck Cond: ((k >= 5893226) AND (k <= 5893326))
	  ->  Bitmap Index Scan on k_6  (cost=0.00..5.40 rows=97 width=0)
	        Index Cond: ((k >= 5893226) AND (k <= 5893326))

table 7 : explain SELECT k, c FROM sbtest7 WHERE k BETWEEN 5893226 AND 5893326
	Bitmap Heap Scan on sbtest7  (cost=5.57..444.94 rows=111 width=125)
	  Recheck Cond: ((k >= 5893226) AND (k <= 5893326))
	  ->  Bitmap Index Scan on k_7  (cost=0.00..5.54 rows=111 width=0)
	        Index Cond: ((k >= 5893226) AND (k <= 5893326))

table 8 : explain SELECT k, c FROM sbtest8 WHERE k BETWEEN 5893226 AND 5893326
	Bitmap Heap Scan on sbtest8  (cost=5.42..385.79 rows=96 width=125)
	  Recheck Cond: ((k >= 5893226) AND (k <= 5893326))
	  ->  Bitmap Index Scan on k_8  (cost=0.00..5.39 rows=96 width=0)
	        Index Cond: ((k >= 5893226) AND (k <= 5893326))


explain: for range-notcovered :: explain SELECT k, c FROM sbtest%d WHERE k BETWEEN 3951479 AND 3951579
for range-notcovered
table 1 : explain SELECT k, c FROM sbtest1 WHERE k BETWEEN 4704269 AND 4704369
	Bitmap Heap Scan on sbtest1  (cost=5.47..405.40 rows=101 width=125)
	  Recheck Cond: ((k >= 4704269) AND (k <= 4704369))
	  ->  Bitmap Index Scan on k_1  (cost=0.00..5.44 rows=101 width=0)
	        Index Cond: ((k >= 4704269) AND (k <= 4704369))

table 2 : explain SELECT k, c FROM sbtest2 WHERE k BETWEEN 4704269 AND 4704369
	Bitmap Heap Scan on sbtest2  (cost=5.55..436.97 rows=109 width=125)
	  Recheck Cond: ((k >= 4704269) AND (k <= 4704369))
	  ->  Bitmap Index Scan on k_2  (cost=0.00..5.52 rows=109 width=0)
	        Index Cond: ((k >= 4704269) AND (k <= 4704369))

table 3 : explain SELECT k, c FROM sbtest3 WHERE k BETWEEN 4704269 AND 4704369
	Bitmap Heap Scan on sbtest3  (cost=5.44..393.61 rows=98 width=125)
	  Recheck Cond: ((k >= 4704269) AND (k <= 4704369))
	  ->  Bitmap Index Scan on k_3  (cost=0.00..5.42 rows=98 width=0)
	        Index Cond: ((k >= 4704269) AND (k <= 4704369))

table 4 : explain SELECT k, c FROM sbtest4 WHERE k BETWEEN 4704269 AND 4704369
	Bitmap Heap Scan on sbtest4  (cost=5.56..440.95 rows=110 width=125)
	  Recheck Cond: ((k >= 4704269) AND (k <= 4704369))
	  ->  Bitmap Index Scan on k_4  (cost=0.00..5.53 rows=110 width=0)
	        Index Cond: ((k >= 4704269) AND (k <= 4704369))

table 5 : explain SELECT k, c FROM sbtest5 WHERE k BETWEEN 4704269 AND 4704369
	Bitmap Heap Scan on sbtest5  (cost=5.48..409.42 rows=102 width=125)
	  Recheck Cond: ((k >= 4704269) AND (k <= 4704369))
	  ->  Bitmap Index Scan on k_5  (cost=0.00..5.45 rows=102 width=0)
	        Index Cond: ((k >= 4704269) AND (k <= 4704369))

table 6 : explain SELECT k, c FROM sbtest6 WHERE k BETWEEN 4704269 AND 4704369
	Bitmap Heap Scan on sbtest6  (cost=5.46..401.54 rows=100 width=125)
	  Recheck Cond: ((k >= 4704269) AND (k <= 4704369))
	  ->  Bitmap Index Scan on k_6  (cost=0.00..5.43 rows=100 width=0)
	        Index Cond: ((k >= 4704269) AND (k <= 4704369))

table 7 : explain SELECT k, c FROM sbtest7 WHERE k BETWEEN 4704269 AND 4704369
	Bitmap Heap Scan on sbtest7  (cost=5.43..389.74 rows=97 width=125)
	  Recheck Cond: ((k >= 4704269) AND (k <= 4704369))
	  ->  Bitmap Index Scan on k_7  (cost=0.00..5.40 rows=97 width=0)
	        Index Cond: ((k >= 4704269) AND (k <= 4704369))

table 8 : explain SELECT k, c FROM sbtest8 WHERE k BETWEEN 4704269 AND 4704369
	Bitmap Heap Scan on sbtest8  (cost=5.48..409.46 rows=102 width=125)
	  Recheck Cond: ((k >= 4704269) AND (k <= 4704369))
	  ->  Bitmap Index Scan on k_8  (cost=0.00..5.45 rows=102 width=0)
	        Index Cond: ((k >= 4704269) AND (k <= 4704369))

for range-notcovered
table 1 : explain SELECT k, c FROM sbtest1 WHERE k BETWEEN 1173834 AND 1173934
	Bitmap Heap Scan on sbtest1  (cost=5.54..432.99 rows=108 width=125)
	  Recheck Cond: ((k >= 1173834) AND (k <= 1173934))
	  ->  Bitmap Index Scan on k_1  (cost=0.00..5.51 rows=108 width=0)
	        Index Cond: ((k >= 1173834) AND (k <= 1173934))

table 2 : explain SELECT k, c FROM sbtest2 WHERE k BETWEEN 1173834 AND 1173934
	Bitmap Heap Scan on sbtest2  (cost=5.53..429.09 rows=107 width=125)
	  Recheck Cond: ((k >= 1173834) AND (k <= 1173934))
	  ->  Bitmap Index Scan on k_2  (cost=0.00..5.50 rows=107 width=0)
	        Index Cond: ((k >= 1173834) AND (k <= 1173934))

table 3 : explain SELECT k, c FROM sbtest3 WHERE k BETWEEN 1173834 AND 1173934
	Bitmap Heap Scan on sbtest3  (cost=5.42..385.72 rows=96 width=125)
	  Recheck Cond: ((k >= 1173834) AND (k <= 1173934))
	  ->  Bitmap Index Scan on k_3  (cost=0.00..5.39 rows=96 width=0)
	        Index Cond: ((k >= 1173834) AND (k <= 1173934))

table 4 : explain SELECT k, c FROM sbtest4 WHERE k BETWEEN 1173834 AND 1173934
	Bitmap Heap Scan on sbtest4  (cost=5.38..369.97 rows=92 width=125)
	  Recheck Cond: ((k >= 1173834) AND (k <= 1173934))
	  ->  Bitmap Index Scan on k_4  (cost=0.00..5.35 rows=92 width=0)
	        Index Cond: ((k >= 1173834) AND (k <= 1173934))

table 5 : explain SELECT k, c FROM sbtest5 WHERE k BETWEEN 1173834 AND 1173934
	Bitmap Heap Scan on sbtest5  (cost=5.42..385.76 rows=96 width=125)
	  Recheck Cond: ((k >= 1173834) AND (k <= 1173934))
	  ->  Bitmap Index Scan on k_5  (cost=0.00..5.39 rows=96 width=0)
	        Index Cond: ((k >= 1173834) AND (k <= 1173934))

table 6 : explain SELECT k, c FROM sbtest6 WHERE k BETWEEN 1173834 AND 1173934
	Bitmap Heap Scan on sbtest6  (cost=5.53..429.13 rows=107 width=125)
	  Recheck Cond: ((k >= 1173834) AND (k <= 1173934))
	  ->  Bitmap Index Scan on k_6  (cost=0.00..5.50 rows=107 width=0)
	        Index Cond: ((k >= 1173834) AND (k <= 1173934))

table 7 : explain SELECT k, c FROM sbtest7 WHERE k BETWEEN 1173834 AND 1173934
	Bitmap Heap Scan on sbtest7  (cost=5.47..405.52 rows=101 width=125)
	  Recheck Cond: ((k >= 1173834) AND (k <= 1173934))
	  ->  Bitmap Index Scan on k_7  (cost=0.00..5.44 rows=101 width=0)
	        Index Cond: ((k >= 1173834) AND (k <= 1173934))

table 8 : explain SELECT k, c FROM sbtest8 WHERE k BETWEEN 1173834 AND 1173934
	Bitmap Heap Scan on sbtest8  (cost=5.56..441.00 rows=110 width=125)
	  Recheck Cond: ((k >= 1173834) AND (k <= 1173934))
	  ->  Bitmap Index Scan on k_8  (cost=0.00..5.53 rows=110 width=0)
	        Index Cond: ((k >= 1173834) AND (k <= 1173934))

for range-notcovered
table 1 : explain SELECT k, c FROM sbtest1 WHERE k BETWEEN 6859512 AND 6859612
	Bitmap Heap Scan on sbtest1  (cost=5.56..440.87 rows=110 width=125)
	  Recheck Cond: ((k >= 6859512) AND (k <= 6859612))
	  ->  Bitmap Index Scan on k_1  (cost=0.00..5.53 rows=110 width=0)
	        Index Cond: ((k >= 6859512) AND (k <= 6859612))

table 2 : explain SELECT k, c FROM sbtest2 WHERE k BETWEEN 6859512 AND 6859612
	Bitmap Heap Scan on sbtest2  (cost=5.57..444.85 rows=111 width=125)
	  Recheck Cond: ((k >= 6859512) AND (k <= 6859612))
	  ->  Bitmap Index Scan on k_2  (cost=0.00..5.54 rows=111 width=0)
	        Index Cond: ((k >= 6859512) AND (k <= 6859612))

table 3 : explain SELECT k, c FROM sbtest3 WHERE k BETWEEN 6859512 AND 6859612
	Bitmap Heap Scan on sbtest3  (cost=5.43..389.67 rows=97 width=125)
	  Recheck Cond: ((k >= 6859512) AND (k <= 6859612))
	  ->  Bitmap Index Scan on k_3  (cost=0.00..5.40 rows=97 width=0)
	        Index Cond: ((k >= 6859512) AND (k <= 6859612))

table 4 : explain SELECT k, c FROM sbtest4 WHERE k BETWEEN 6859512 AND 6859612
	Bitmap Heap Scan on sbtest4  (cost=5.38..369.97 rows=92 width=125)
	  Recheck Cond: ((k >= 6859512) AND (k <= 6859612))
	  ->  Bitmap Index Scan on k_4  (cost=0.00..5.35 rows=92 width=0)
	        Index Cond: ((k >= 6859512) AND (k <= 6859612))

table 5 : explain SELECT k, c FROM sbtest5 WHERE k BETWEEN 6859512 AND 6859612
	Bitmap Heap Scan on sbtest5  (cost=5.45..397.59 rows=99 width=125)
	  Recheck Cond: ((k >= 6859512) AND (k <= 6859612))
	  ->  Bitmap Index Scan on k_5  (cost=0.00..5.42 rows=99 width=0)
	        Index Cond: ((k >= 6859512) AND (k <= 6859612))

table 6 : explain SELECT k, c FROM sbtest6 WHERE k BETWEEN 6859512 AND 6859612
	Bitmap Heap Scan on sbtest6  (cost=5.48..409.42 rows=102 width=125)
	  Recheck Cond: ((k >= 6859512) AND (k <= 6859612))
	  ->  Bitmap Index Scan on k_6  (cost=0.00..5.45 rows=102 width=0)
	        Index Cond: ((k >= 6859512) AND (k <= 6859612))

table 7 : explain SELECT k, c FROM sbtest7 WHERE k BETWEEN 6859512 AND 6859612
	Bitmap Heap Scan on sbtest7  (cost=5.45..397.63 rows=99 width=125)
	  Recheck Cond: ((k >= 6859512) AND (k <= 6859612))
	  ->  Bitmap Index Scan on k_7  (cost=0.00..5.42 rows=99 width=0)
	        Index Cond: ((k >= 6859512) AND (k <= 6859612))

table 8 : explain SELECT k, c FROM sbtest8 WHERE k BETWEEN 6859512 AND 6859612
	Bitmap Heap Scan on sbtest8  (cost=5.51..421.29 rows=105 width=125)
	  Recheck Cond: ((k >= 6859512) AND (k <= 6859612))
	  ->  Bitmap Index Scan on k_8  (cost=0.00..5.48 rows=105 width=0)
	        Index Cond: ((k >= 6859512) AND (k <= 6859612))

explain: for range-notcovered :: explain SELECT k, c FROM sbtest%d WHERE k BETWEEN 5893226 AND 5893326
explain: for range-notcovered :: explain SELECT k, c FROM sbtest%d WHERE k BETWEEN 4704269 AND 4704369
explain: for range-notcovered :: explain SELECT k, c FROM sbtest%d WHERE k BETWEEN 1173834 AND 1173934
explain: for range-notcovered :: explain SELECT k, c FROM sbtest%d WHERE k BETWEEN 6859512 AND 6859612
explain: for range-notcovered :: explain SELECT k, c FROM sbtest%d WHERE k BETWEEN 7000310 AND 7000410
for range-notcovered
table 1 : explain SELECT k, c FROM sbtest1 WHERE k BETWEEN 2639083 AND 2639183
	Bitmap Heap Scan on sbtest1  (cost=5.48..409.34 rows=102 width=125)
	  Recheck Cond: ((k >= 2639083) AND (k <= 2639183))
	  ->  Bitmap Index Scan on k_1  (cost=0.00..5.45 rows=102 width=0)
	        Index Cond: ((k >= 2639083) AND (k <= 2639183))

table 2 : explain SELECT k, c FROM sbtest2 WHERE k BETWEEN 2639083 AND 2639183
	Bitmap Heap Scan on sbtest2  (cost=5.61..460.60 rows=115 width=125)
	  Recheck Cond: ((k >= 2639083) AND (k <= 2639183))
	  ->  Bitmap Index Scan on k_2  (cost=0.00..5.58 rows=115 width=0)
	        Index Cond: ((k >= 2639083) AND (k <= 2639183))

table 3 : explain SELECT k, c FROM sbtest3 WHERE k BETWEEN 2639083 AND 2639183
	Bitmap Heap Scan on sbtest3  (cost=5.47..405.44 rows=101 width=125)
	  Recheck Cond: ((k >= 2639083) AND (k <= 2639183))
	  ->  Bitmap Index Scan on k_3  (cost=0.00..5.44 rows=101 width=0)
	        Index Cond: ((k >= 2639083) AND (k <= 2639183))

table 4 : explain SELECT k, c FROM sbtest4 WHERE k BETWEEN 2639083 AND 2639183
	Bitmap Heap Scan on sbtest4  (cost=5.53..429.13 rows=107 width=125)
	  Recheck Cond: ((k >= 2639083) AND (k <= 2639183))
	  ->  Bitmap Index Scan on k_4  (cost=0.00..5.50 rows=107 width=0)
	        Index Cond: ((k >= 2639083) AND (k <= 2639183))

table 5 : explain SELECT k, c FROM sbtest5 WHERE k BETWEEN 2639083 AND 2639183
	Bitmap Heap Scan on sbtest5  (cost=5.49..413.37 rows=103 width=125)
	  Recheck Cond: ((k >= 2639083) AND (k <= 2639183))
	  ->  Bitmap Index Scan on k_5  (cost=0.00..5.46 rows=103 width=0)
	        Index Cond: ((k >= 2639083) AND (k <= 2639183))

table 6 : explain SELECT k, c FROM sbtest6 WHERE k BETWEEN 2639083 AND 2639183
	Bitmap Heap Scan on sbtest6  (cost=5.49..413.37 rows=103 width=125)
	  Recheck Cond: ((k >= 2639083) AND (k <= 2639183))
	  ->  Bitmap Index Scan on k_6  (cost=0.00..5.46 rows=103 width=0)
	        Index Cond: ((k >= 2639083) AND (k <= 2639183))

table 7 : explain SELECT k, c FROM sbtest7 WHERE k BETWEEN 2639083 AND 2639183
	Bitmap Heap Scan on sbtest7  (cost=5.52..425.23 rows=106 width=125)
	  Recheck Cond: ((k >= 2639083) AND (k <= 2639183))
	  ->  Bitmap Index Scan on k_7  (cost=0.00..5.50 rows=106 width=0)
	        Index Cond: ((k >= 2639083) AND (k <= 2639183))

table 8 : explain SELECT k, c FROM sbtest8 WHERE k BETWEEN 2639083 AND 2639183
	Bitmap Heap Scan on sbtest8  (cost=5.42..385.79 rows=96 width=125)
	  Recheck Cond: ((k >= 2639083) AND (k <= 2639183))
	  ->  Bitmap Index Scan on k_8  (cost=0.00..5.39 rows=96 width=0)
	        Index Cond: ((k >= 2639083) AND (k <= 2639183))

for range-notcovered
table 1 : explain SELECT k, c FROM sbtest1 WHERE k BETWEEN 5098628 AND 5098728
	Bitmap Heap Scan on sbtest1  (cost=5.52..425.11 rows=106 width=125)
	  Recheck Cond: ((k >= 5098628) AND (k <= 5098728))
	  ->  Bitmap Index Scan on k_1  (cost=0.00..5.50 rows=106 width=0)
	        Index Cond: ((k >= 5098628) AND (k <= 5098728))

table 2 : explain SELECT k, c FROM sbtest2 WHERE k BETWEEN 5098628 AND 5098728
	Bitmap Heap Scan on sbtest2  (cost=5.62..464.54 rows=116 width=125)
	  Recheck Cond: ((k >= 5098628) AND (k <= 5098728))
	  ->  Bitmap Index Scan on k_2  (cost=0.00..5.59 rows=116 width=0)
	        Index Cond: ((k >= 5098628) AND (k <= 5098728))

table 3 : explain SELECT k, c FROM sbtest3 WHERE k BETWEEN 5098628 AND 5098728
	Bitmap Heap Scan on sbtest3  (cost=5.57..444.85 rows=111 width=125)
	  Recheck Cond: ((k >= 5098628) AND (k <= 5098728))
	  ->  Bitmap Index Scan on k_3  (cost=0.00..5.54 rows=111 width=0)
	        Index Cond: ((k >= 5098628) AND (k <= 5098728))

table 4 : explain SELECT k, c FROM sbtest4 WHERE k BETWEEN 5098628 AND 5098728
	Bitmap Heap Scan on sbtest4  (cost=5.42..385.75 rows=96 width=125)
	  Recheck Cond: ((k >= 5098628) AND (k <= 5098728))
	  ->  Bitmap Index Scan on k_4  (cost=0.00..5.39 rows=96 width=0)
	        Index Cond: ((k >= 5098628) AND (k <= 5098728))

table 5 : explain SELECT k, c FROM sbtest5 WHERE k BETWEEN 5098628 AND 5098728
	Bitmap Heap Scan on sbtest5  (cost=5.43..389.70 rows=97 width=125)
	  Recheck Cond: ((k >= 5098628) AND (k <= 5098728))
	  ->  Bitmap Index Scan on k_5  (cost=0.00..5.40 rows=97 width=0)
	        Index Cond: ((k >= 5098628) AND (k <= 5098728))

table 6 : explain SELECT k, c FROM sbtest6 WHERE k BETWEEN 5098628 AND 5098728
	Bitmap Heap Scan on sbtest6  (cost=5.43..389.70 rows=97 width=125)
	  Recheck Cond: ((k >= 5098628) AND (k <= 5098728))
	  ->  Bitmap Index Scan on k_6  (cost=0.00..5.40 rows=97 width=0)
	        Index Cond: ((k >= 5098628) AND (k <= 5098728))

table 7 : explain SELECT k, c FROM sbtest7 WHERE k BETWEEN 5098628 AND 5098728
	Bitmap Heap Scan on sbtest7  (cost=5.41..381.85 rows=95 width=125)
	  Recheck Cond: ((k >= 5098628) AND (k <= 5098728))
	  ->  Bitmap Index Scan on k_7  (cost=0.00..5.38 rows=95 width=0)
	        Index Cond: ((k >= 5098628) AND (k <= 5098728))

table 8 : explain SELECT k, c FROM sbtest8 WHERE k BETWEEN 5098628 AND 5098728
	Bitmap Heap Scan on sbtest8  (cost=5.40..377.90 rows=94 width=125)
	  Recheck Cond: ((k >= 5098628) AND (k <= 5098728))
	  ->  Bitmap Index Scan on k_8  (cost=0.00..5.38 rows=94 width=0)
	        Index Cond: ((k >= 5098628) AND (k <= 5098728))

explain: for range-notcovered :: explain SELECT k, c FROM sbtest%d WHERE k BETWEEN 2639083 AND 2639183
for range-notcovered
table 1 : explain SELECT k, c FROM sbtest1 WHERE k BETWEEN 4410081 AND 4410181
	Bitmap Heap Scan on sbtest1  (cost=5.42..385.68 rows=96 width=125)
	  Recheck Cond: ((k >= 4410081) AND (k <= 4410181))
	  ->  Bitmap Index Scan on k_1  (cost=0.00..5.39 rows=96 width=0)
	        Index Cond: ((k >= 4410081) AND (k <= 4410181))

table 2 : explain SELECT k, c FROM sbtest2 WHERE k BETWEEN 4410081 AND 4410181
	Bitmap Heap Scan on sbtest2  (cost=5.49..413.32 rows=103 width=125)
	  Recheck Cond: ((k >= 4410081) AND (k <= 4410181))
	  ->  Bitmap Index Scan on k_2  (cost=0.00..5.46 rows=103 width=0)
	        Index Cond: ((k >= 4410081) AND (k <= 4410181))

table 3 : explain SELECT k, c FROM sbtest3 WHERE k BETWEEN 4410081 AND 4410181
	Bitmap Heap Scan on sbtest3  (cost=5.45..397.56 rows=99 width=125)
	  Recheck Cond: ((k >= 4410081) AND (k <= 4410181))
	  ->  Bitmap Index Scan on k_3  (cost=0.00..5.42 rows=99 width=0)
	        Index Cond: ((k >= 4410081) AND (k <= 4410181))

table 4 : explain SELECT k, c FROM sbtest4 WHERE k BETWEEN 4410081 AND 4410181
	Bitmap Heap Scan on sbtest4  (cost=5.38..369.97 rows=92 width=125)
	  Recheck Cond: ((k >= 4410081) AND (k <= 4410181))
	  ->  Bitmap Index Scan on k_4  (cost=0.00..5.35 rows=92 width=0)
	        Index Cond: ((k >= 4410081) AND (k <= 4410181))

table 5 : explain SELECT k, c FROM sbtest5 WHERE k BETWEEN 4410081 AND 4410181
	Bitmap Heap Scan on sbtest5  (cost=5.45..397.59 rows=99 width=125)
	  Recheck Cond: ((k >= 4410081) AND (k <= 4410181))
	  ->  Bitmap Index Scan on k_5  (cost=0.00..5.42 rows=99 width=0)
	        Index Cond: ((k >= 4410081) AND (k <= 4410181))

table 6 : explain SELECT k, c FROM sbtest6 WHERE k BETWEEN 4410081 AND 4410181
	Bitmap Heap Scan on sbtest6  (cost=5.44..393.65 rows=98 width=125)
	  Recheck Cond: ((k >= 4410081) AND (k <= 4410181))
	  ->  Bitmap Index Scan on k_6  (cost=0.00..5.42 rows=98 width=0)
	        Index Cond: ((k >= 4410081) AND (k <= 4410181))

table 7 : explain SELECT k, c FROM sbtest7 WHERE k BETWEEN 4410081 AND 4410181
	Bitmap Heap Scan on sbtest7  (cost=5.52..425.23 rows=106 width=125)
	  Recheck Cond: ((k >= 4410081) AND (k <= 4410181))
	  ->  Bitmap Index Scan on k_7  (cost=0.00..5.50 rows=106 width=0)
	        Index Cond: ((k >= 4410081) AND (k <= 4410181))

table 8 : explain SELECT k, c FROM sbtest8 WHERE k BETWEEN 4410081 AND 4410181
	Bitmap Heap Scan on sbtest8  (cost=5.48..409.46 rows=102 width=125)
	  Recheck Cond: ((k >= 4410081) AND (k <= 4410181))
	  ->  Bitmap Index Scan on k_8  (cost=0.00..5.45 rows=102 width=0)
	        Index Cond: ((k >= 4410081) AND (k <= 4410181))

explain: for range-notcovered :: explain SELECT k, c FROM sbtest%d WHERE k BETWEEN 5098628 AND 5098728
for range-notcovered
table 1 : explain SELECT k, c FROM sbtest1 WHERE k BETWEEN 6737646 AND 6737746
	Bitmap Heap Scan on sbtest1  (cost=5.62..464.49 rows=116 width=125)
	  Recheck Cond: ((k >= 6737646) AND (k <= 6737746))
	  ->  Bitmap Index Scan on k_1  (cost=0.00..5.59 rows=116 width=0)
	        Index Cond: ((k >= 6737646) AND (k <= 6737746))

table 2 : explain SELECT k, c FROM sbtest2 WHERE k BETWEEN 6737646 AND 6737746
	Bitmap Heap Scan on sbtest2  (cost=5.56..440.91 rows=110 width=125)
	  Recheck Cond: ((k >= 6737646) AND (k <= 6737746))
	  ->  Bitmap Index Scan on k_2  (cost=0.00..5.53 rows=110 width=0)
	        Index Cond: ((k >= 6737646) AND (k <= 6737746))

table 3 : explain SELECT k, c FROM sbtest3 WHERE k BETWEEN 6737646 AND 6737746
	Bitmap Heap Scan on sbtest3  (cost=5.46..401.50 rows=100 width=125)
	  Recheck Cond: ((k >= 6737646) AND (k <= 6737746))
	  ->  Bitmap Index Scan on k_3  (cost=0.00..5.43 rows=100 width=0)
	        Index Cond: ((k >= 6737646) AND (k <= 6737746))

table 4 : explain SELECT k, c FROM sbtest4 WHERE k BETWEEN 6737646 AND 6737746
	Bitmap Heap Scan on sbtest4  (cost=5.41..381.81 rows=95 width=125)
	  Recheck Cond: ((k >= 6737646) AND (k <= 6737746))
	  ->  Bitmap Index Scan on k_4  (cost=0.00..5.38 rows=95 width=0)
	        Index Cond: ((k >= 6737646) AND (k <= 6737746))

table 5 : explain SELECT k, c FROM sbtest5 WHERE k BETWEEN 6737646 AND 6737746
	Bitmap Heap Scan on sbtest5  (cost=5.47..405.48 rows=101 width=125)
	  Recheck Cond: ((k >= 6737646) AND (k <= 6737746))
	  ->  Bitmap Index Scan on k_5  (cost=0.00..5.44 rows=101 width=0)
	        Index Cond: ((k >= 6737646) AND (k <= 6737746))

table 6 : explain SELECT k, c FROM sbtest6 WHERE k BETWEEN 6737646 AND 6737746
	Bitmap Heap Scan on sbtest6  (cost=5.54..433.08 rows=108 width=125)
	  Recheck Cond: ((k >= 6737646) AND (k <= 6737746))
	  ->  Bitmap Index Scan on k_6  (cost=0.00..5.51 rows=108 width=0)
	        Index Cond: ((k >= 6737646) AND (k <= 6737746))

table 7 : explain SELECT k, c FROM sbtest7 WHERE k BETWEEN 6737646 AND 6737746
	Bitmap Heap Scan on sbtest7  (cost=5.44..393.68 rows=98 width=125)
	  Recheck Cond: ((k >= 6737646) AND (k <= 6737746))
	  ->  Bitmap Index Scan on k_7  (cost=0.00..5.42 rows=98 width=0)
	        Index Cond: ((k >= 6737646) AND (k <= 6737746))

table 8 : explain SELECT k, c FROM sbtest8 WHERE k BETWEEN 6737646 AND 6737746
	Bitmap Heap Scan on sbtest8  (cost=5.48..409.46 rows=102 width=125)
	  Recheck Cond: ((k >= 6737646) AND (k <= 6737746))
	  ->  Bitmap Index Scan on k_8  (cost=0.00..5.45 rows=102 width=0)
	        Index Cond: ((k >= 6737646) AND (k <= 6737746))

explain: for range-notcovered :: explain SELECT k, c FROM sbtest%d WHERE k BETWEEN 4410081 AND 4410181
for range-notcovered
table 1 : explain SELECT k, c FROM sbtest1 WHERE k BETWEEN 7575122 AND 7575222
	Bitmap Heap Scan on sbtest1  (cost=5.45..397.52 rows=99 width=125)
	  Recheck Cond: ((k >= 7575122) AND (k <= 7575222))
	  ->  Bitmap Index Scan on k_1  (cost=0.00..5.42 rows=99 width=0)
	        Index Cond: ((k >= 7575122) AND (k <= 7575222))

table 2 : explain SELECT k, c FROM sbtest2 WHERE k BETWEEN 7575122 AND 7575222
	Bitmap Heap Scan on sbtest2  (cost=5.50..417.27 rows=104 width=125)
	  Recheck Cond: ((k >= 7575122) AND (k <= 7575222))
	  ->  Bitmap Index Scan on k_2  (cost=0.00..5.47 rows=104 width=0)
	        Index Cond: ((k >= 7575122) AND (k <= 7575222))

table 3 : explain SELECT k, c FROM sbtest3 WHERE k BETWEEN 7575122 AND 7575222
	Bitmap Heap Scan on sbtest3  (cost=5.51..421.21 rows=105 width=125)
	  Recheck Cond: ((k >= 7575122) AND (k <= 7575222))
	  ->  Bitmap Index Scan on k_3  (cost=0.00..5.48 rows=105 width=0)
	        Index Cond: ((k >= 7575122) AND (k <= 7575222))

table 4 : explain SELECT k, c FROM sbtest4 WHERE k BETWEEN 7575122 AND 7575222
	Bitmap Heap Scan on sbtest4  (cost=5.51..421.25 rows=105 width=125)
	  Recheck Cond: ((k >= 7575122) AND (k <= 7575222))
	  ->  Bitmap Index Scan on k_4  (cost=0.00..5.48 rows=105 width=0)
	        Index Cond: ((k >= 7575122) AND (k <= 7575222))

table 5 : explain SELECT k, c FROM sbtest5 WHERE k BETWEEN 7575122 AND 7575222
	Bitmap Heap Scan on sbtest5  (cost=5.47..405.48 rows=101 width=125)
	  Recheck Cond: ((k >= 7575122) AND (k <= 7575222))
	  ->  Bitmap Index Scan on k_5  (cost=0.00..5.44 rows=101 width=0)
	        Index Cond: ((k >= 7575122) AND (k <= 7575222))

table 6 : explain SELECT k, c FROM sbtest6 WHERE k BETWEEN 7575122 AND 7575222
	Bitmap Heap Scan on sbtest6  (cost=5.41..381.81 rows=95 width=125)
	  Recheck Cond: ((k >= 7575122) AND (k <= 7575222))
	  ->  Bitmap Index Scan on k_6  (cost=0.00..5.38 rows=95 width=0)
	        Index Cond: ((k >= 7575122) AND (k <= 7575222))

table 7 : explain SELECT k, c FROM sbtest7 WHERE k BETWEEN 7575122 AND 7575222
	Bitmap Heap Scan on sbtest7  (cost=5.45..397.63 rows=99 width=125)
	  Recheck Cond: ((k >= 7575122) AND (k <= 7575222))
	  ->  Bitmap Index Scan on k_7  (cost=0.00..5.42 rows=99 width=0)
	        Index Cond: ((k >= 7575122) AND (k <= 7575222))

table 8 : explain SELECT k, c FROM sbtest8 WHERE k BETWEEN 7575122 AND 7575222
	Bitmap Heap Scan on sbtest8  (cost=5.49..413.40 rows=103 width=125)
	  Recheck Cond: ((k >= 7575122) AND (k <= 7575222))
	  ->  Bitmap Index Scan on k_8  (cost=0.00..5.46 rows=103 width=0)
	        Index Cond: ((k >= 7575122) AND (k <= 7575222))
for range-notcovered
table 1 : explain SELECT k, c FROM sbtest1 WHERE k BETWEEN 5153009 AND 5153109
	Bitmap Heap Scan on sbtest1  (cost=5.50..417.23 rows=104 width=125)
	  Recheck Cond: ((k >= 5153009) AND (k <= 5153109))
	  ->  Bitmap Index Scan on k_1  (cost=0.00..5.47 rows=104 width=0)
	        Index Cond: ((k >= 5153009) AND (k <= 5153109))

table 2 : explain SELECT k, c FROM sbtest2 WHERE k BETWEEN 5153009 AND 5153109
	Bitmap Heap Scan on sbtest2  (cost=5.47..405.44 rows=101 width=125)
	  Recheck Cond: ((k >= 5153009) AND (k <= 5153109))
	  ->  Bitmap Index Scan on k_2  (cost=0.00..5.44 rows=101 width=0)
	        Index Cond: ((k >= 5153009) AND (k <= 5153109))

table 3 : explain SELECT k, c FROM sbtest3 WHERE k BETWEEN 5153009 AND 5153109
	Bitmap Heap Scan on sbtest3  (cost=5.57..444.85 rows=111 width=125)
	  Recheck Cond: ((k >= 5153009) AND (k <= 5153109))
	  ->  Bitmap Index Scan on k_3  (cost=0.00..5.54 rows=111 width=0)
	        Index Cond: ((k >= 5153009) AND (k <= 5153109))

table 4 : explain SELECT k, c FROM sbtest4 WHERE k BETWEEN 5153009 AND 5153109
	Bitmap Heap Scan on sbtest4  (cost=5.56..440.95 rows=110 width=125)
	  Recheck Cond: ((k >= 5153009) AND (k <= 5153109))
	  ->  Bitmap Index Scan on k_4  (cost=0.00..5.53 rows=110 width=0)
	        Index Cond: ((k >= 5153009) AND (k <= 5153109))

table 5 : explain SELECT k, c FROM sbtest5 WHERE k BETWEEN 5153009 AND 5153109
	Bitmap Heap Scan on sbtest5  (cost=5.43..389.70 rows=97 width=125)
	  Recheck Cond: ((k >= 5153009) AND (k <= 5153109))
	  ->  Bitmap Index Scan on k_5  (cost=0.00..5.40 rows=97 width=0)
	        Index Cond: ((k >= 5153009) AND (k <= 5153109))

table 6 : explain SELECT k, c FROM sbtest6 WHERE k BETWEEN 5153009 AND 5153109
	Bitmap Heap Scan on sbtest6  (cost=5.43..389.70 rows=97 width=125)
	  Recheck Cond: ((k >= 5153009) AND (k <= 5153109))
	  ->  Bitmap Index Scan on k_6  (cost=0.00..5.40 rows=97 width=0)
	        Index Cond: ((k >= 5153009) AND (k <= 5153109))

table 7 : explain SELECT k, c FROM sbtest7 WHERE k BETWEEN 5153009 AND 5153109
	Bitmap Heap Scan on sbtest7  (cost=5.54..433.12 rows=108 width=125)
	  Recheck Cond: ((k >= 5153009) AND (k <= 5153109))
	  ->  Bitmap Index Scan on k_7  (cost=0.00..5.51 rows=108 width=0)
	        Index Cond: ((k >= 5153009) AND (k <= 5153109))

table 8 : explain SELECT k, c FROM sbtest8 WHERE k BETWEEN 5153009 AND 5153109
	Bitmap Heap Scan on sbtest8  (cost=5.40..377.90 rows=94 width=125)
	  Recheck Cond: ((k >= 5153009) AND (k <= 5153109))
	  ->  Bitmap Index Scan on k_8  (cost=0.00..5.38 rows=94 width=0)
	        Index Cond: ((k >= 5153009) AND (k <= 5153109))

explain: for range-notcovered :: explain SELECT k, c FROM sbtest%d WHERE k BETWEEN 6737646 AND 6737746
for range-notcovered
table 1 : explain SELECT k, c FROM sbtest1 WHERE k BETWEEN 5522101 AND 5522201
	Bitmap Heap Scan on sbtest1  (cost=5.40..377.79 rows=94 width=125)
	  Recheck Cond: ((k >= 5522101) AND (k <= 5522201))
	  ->  Bitmap Index Scan on k_1  (cost=0.00..5.38 rows=94 width=0)
	        Index Cond: ((k >= 5522101) AND (k <= 5522201))

table 2 : explain SELECT k, c FROM sbtest2 WHERE k BETWEEN 5522101 AND 5522201
	Bitmap Heap Scan on sbtest2  (cost=5.51..421.21 rows=105 width=125)
	  Recheck Cond: ((k >= 5522101) AND (k <= 5522201))
	  ->  Bitmap Index Scan on k_2  (cost=0.00..5.48 rows=105 width=0)
	        Index Cond: ((k >= 5522101) AND (k <= 5522201))

table 3 : explain SELECT k, c FROM sbtest3 WHERE k BETWEEN 5522101 AND 5522201
	Bitmap Heap Scan on sbtest3  (cost=5.44..393.61 rows=98 width=125)
	  Recheck Cond: ((k >= 5522101) AND (k <= 5522201))
	  ->  Bitmap Index Scan on k_3  (cost=0.00..5.42 rows=98 width=0)
	        Index Cond: ((k >= 5522101) AND (k <= 5522201))

table 4 : explain SELECT k, c FROM sbtest4 WHERE k BETWEEN 5522101 AND 5522201
	Bitmap Heap Scan on sbtest4  (cost=5.40..377.86 rows=94 width=125)
	  Recheck Cond: ((k >= 5522101) AND (k <= 5522201))
	  ->  Bitmap Index Scan on k_4  (cost=0.00..5.38 rows=94 width=0)
	        Index Cond: ((k >= 5522101) AND (k <= 5522201))

table 5 : explain SELECT k, c FROM sbtest5 WHERE k BETWEEN 5522101 AND 5522201
	Bitmap Heap Scan on sbtest5  (cost=5.43..389.70 rows=97 width=125)
	  Recheck Cond: ((k >= 5522101) AND (k <= 5522201))
	  ->  Bitmap Index Scan on k_5  (cost=0.00..5.40 rows=97 width=0)
	        Index Cond: ((k >= 5522101) AND (k <= 5522201))

table 6 : explain SELECT k, c FROM sbtest6 WHERE k BETWEEN 5522101 AND 5522201
	Bitmap Heap Scan on sbtest6  (cost=5.44..393.65 rows=98 width=125)
	  Recheck Cond: ((k >= 5522101) AND (k <= 5522201))
	  ->  Bitmap Index Scan on k_6  (cost=0.00..5.42 rows=98 width=0)
	        Index Cond: ((k >= 5522101) AND (k <= 5522201))

table 7 : explain SELECT k, c FROM sbtest7 WHERE k BETWEEN 5522101 AND 5522201
	Bitmap Heap Scan on sbtest7  (cost=5.50..417.35 rows=104 width=125)
	  Recheck Cond: ((k >= 5522101) AND (k <= 5522201))
	  ->  Bitmap Index Scan on k_7  (cost=0.00..5.47 rows=104 width=0)
	        Index Cond: ((k >= 5522101) AND (k <= 5522201))

table 8 : explain SELECT k, c FROM sbtest8 WHERE k BETWEEN 5522101 AND 5522201
	Bitmap Heap Scan on sbtest8  (cost=5.48..409.46 rows=102 width=125)
	  Recheck Cond: ((k >= 5522101) AND (k <= 5522201))
	  ->  Bitmap Index Scan on k_8  (cost=0.00..5.45 rows=102 width=0)
	        Index Cond: ((k >= 5522101) AND (k <= 5522201))


for range-notcovered
table 1 : explain SELECT k, c FROM sbtest1 WHERE k BETWEEN 5860106 AND 5860206
	Bitmap Heap Scan on sbtest1  (cost=5.43..389.63 rows=97 width=125)
	  Recheck Cond: ((k >= 5860106) AND (k <= 5860206))
	  ->  Bitmap Index Scan on k_1  (cost=0.00..5.40 rows=97 width=0)
	        Index Cond: ((k >= 5860106) AND (k <= 5860206))

table 2 : explain SELECT k, c FROM sbtest2 WHERE k BETWEEN 5860106 AND 5860206
	Bitmap Heap Scan on sbtest2  (cost=5.47..405.44 rows=101 width=125)
	  Recheck Cond: ((k >= 5860106) AND (k <= 5860206))
	  ->  Bitmap Index Scan on k_2  (cost=0.00..5.44 rows=101 width=0)
	        Index Cond: ((k >= 5860106) AND (k <= 5860206))

table 3 : explain SELECT k, c FROM sbtest3 WHERE k BETWEEN 5860106 AND 5860206
	Bitmap Heap Scan on sbtest3  (cost=5.51..421.21 rows=105 width=125)
	  Recheck Cond: ((k >= 5860106) AND (k <= 5860206))
	  ->  Bitmap Index Scan on k_3  (cost=0.00..5.48 rows=105 width=0)
	        Index Cond: ((k >= 5860106) AND (k <= 5860206))

table 4 : explain SELECT k, c FROM sbtest4 WHERE k BETWEEN 5860106 AND 5860206
	Bitmap Heap Scan on sbtest4  (cost=5.52..425.19 rows=106 width=125)
	  Recheck Cond: ((k >= 5860106) AND (k <= 5860206))
	  ->  Bitmap Index Scan on k_4  (cost=0.00..5.50 rows=106 width=0)
	        Index Cond: ((k >= 5860106) AND (k <= 5860206))

table 5 : explain SELECT k, c FROM sbtest5 WHERE k BETWEEN 5860106 AND 5860206
	Bitmap Heap Scan on sbtest5  (cost=5.40..377.87 rows=94 width=125)
	  Recheck Cond: ((k >= 5860106) AND (k <= 5860206))
	  ->  Bitmap Index Scan on k_5  (cost=0.00..5.38 rows=94 width=0)
	        Index Cond: ((k >= 5860106) AND (k <= 5860206))

table 6 : explain SELECT k, c FROM sbtest6 WHERE k BETWEEN 5860106 AND 5860206
	Bitmap Heap Scan on sbtest6  (cost=5.41..381.81 rows=95 width=125)
	  Recheck Cond: ((k >= 5860106) AND (k <= 5860206))
	  ->  Bitmap Index Scan on k_6  (cost=0.00..5.38 rows=95 width=0)
	        Index Cond: ((k >= 5860106) AND (k <= 5860206))

table 7 : explain SELECT k, c FROM sbtest7 WHERE k BETWEEN 5860106 AND 5860206
	Bitmap Heap Scan on sbtest7  (cost=5.57..444.94 rows=111 width=125)
	  Recheck Cond: ((k >= 5860106) AND (k <= 5860206))
	  ->  Bitmap Index Scan on k_7  (cost=0.00..5.54 rows=111 width=0)
	        Index Cond: ((k >= 5860106) AND (k <= 5860206))

table 8 : explain SELECT k, c FROM sbtest8 WHERE k BETWEEN 5860106 AND 5860206
	Bitmap Heap Scan on sbtest8  (cost=5.42..385.79 rows=96 width=125)
	  Recheck Cond: ((k >= 5860106) AND (k <= 5860206))
	  ->  Bitmap Index Scan on k_8  (cost=0.00..5.39 rows=96 width=0)
	        Index Cond: ((k >= 5860106) AND (k <= 5860206))

for range-notcovered
table 1 : explain SELECT k, c FROM sbtest1 WHERE k BETWEEN 4243065 AND 4243165
	Bitmap Heap Scan on sbtest1  (cost=5.49..413.29 rows=103 width=125)
	  Recheck Cond: ((k >= 4243065) AND (k <= 4243165))
	  ->  Bitmap Index Scan on k_1  (cost=0.00..5.46 rows=103 width=0)
	        Index Cond: ((k >= 4243065) AND (k <= 4243165))

table 2 : explain SELECT k, c FROM sbtest2 WHERE k BETWEEN 4243065 AND 4243165
	Bitmap Heap Scan on sbtest2  (cost=5.55..436.97 rows=109 width=125)
	  Recheck Cond: ((k >= 4243065) AND (k <= 4243165))
	  ->  Bitmap Index Scan on k_2  (cost=0.00..5.52 rows=109 width=0)
	        Index Cond: ((k >= 4243065) AND (k <= 4243165))

table 3 : explain SELECT k, c FROM sbtest3 WHERE k BETWEEN 4243065 AND 4243165
	Bitmap Heap Scan on sbtest3  (cost=5.47..405.44 rows=101 width=125)
	  Recheck Cond: ((k >= 4243065) AND (k <= 4243165))
	  ->  Bitmap Index Scan on k_3  (cost=0.00..5.44 rows=101 width=0)
	        Index Cond: ((k >= 4243065) AND (k <= 4243165))

table 4 : explain SELECT k, c FROM sbtest4 WHERE k BETWEEN 4243065 AND 4243165
	Bitmap Heap Scan on sbtest4  (cost=5.43..389.70 rows=97 width=125)
	  Recheck Cond: ((k >= 4243065) AND (k <= 4243165))
	  ->  Bitmap Index Scan on k_4  (cost=0.00..5.40 rows=97 width=0)
	        Index Cond: ((k >= 4243065) AND (k <= 4243165))

table 5 : explain SELECT k, c FROM sbtest5 WHERE k BETWEEN 4243065 AND 4243165
	Bitmap Heap Scan on sbtest5  (cost=5.41..381.81 rows=95 width=125)
	  Recheck Cond: ((k >= 4243065) AND (k <= 4243165))
	  ->  Bitmap Index Scan on k_5  (cost=0.00..5.38 rows=95 width=0)
	        Index Cond: ((k >= 4243065) AND (k <= 4243165))

table 6 : explain SELECT k, c FROM sbtest6 WHERE k BETWEEN 4243065 AND 4243165
	Bitmap Heap Scan on sbtest6  (cost=5.48..409.42 rows=102 width=125)
	  Recheck Cond: ((k >= 4243065) AND (k <= 4243165))
	  ->  Bitmap Index Scan on k_6  (cost=0.00..5.45 rows=102 width=0)
	        Index Cond: ((k >= 4243065) AND (k <= 4243165))

table 7 : explain SELECT k, c FROM sbtest7 WHERE k BETWEEN 4243065 AND 4243165
	Bitmap Heap Scan on sbtest7  (cost=5.45..397.63 rows=99 width=125)
	  Recheck Cond: ((k >= 4243065) AND (k <= 4243165))
	  ->  Bitmap Index Scan on k_7  (cost=0.00..5.42 rows=99 width=0)
	        Index Cond: ((k >= 4243065) AND (k <= 4243165))

table 8 : explain SELECT k, c FROM sbtest8 WHERE k BETWEEN 4243065 AND 4243165
	Bitmap Heap Scan on sbtest8  (cost=5.51..421.29 rows=105 width=125)
	  Recheck Cond: ((k >= 4243065) AND (k <= 4243165))
	  ->  Bitmap Index Scan on k_8  (cost=0.00..5.48 rows=105 width=0)
	        Index Cond: ((k >= 4243065) AND (k <= 4243165))

for range-notcovered
table 1 : explain SELECT k, c FROM sbtest1 WHERE k BETWEEN 4249789 AND 4249889
	Bitmap Heap Scan on sbtest1  (cost=5.49..413.29 rows=103 width=125)
	  Recheck Cond: ((k >= 4249789) AND (k <= 4249889))
	  ->  Bitmap Index Scan on k_1  (cost=0.00..5.46 rows=103 width=0)
	        Index Cond: ((k >= 4249789) AND (k <= 4249889))

table 2 : explain SELECT k, c FROM sbtest2 WHERE k BETWEEN 4249789 AND 4249889
	Bitmap Heap Scan on sbtest2  (cost=5.55..436.97 rows=109 width=125)
	  Recheck Cond: ((k >= 4249789) AND (k <= 4249889))
	  ->  Bitmap Index Scan on k_2  (cost=0.00..5.52 rows=109 width=0)
	        Index Cond: ((k >= 4249789) AND (k <= 4249889))

table 3 : explain SELECT k, c FROM sbtest3 WHERE k BETWEEN 4249789 AND 4249889
	Bitmap Heap Scan on sbtest3  (cost=5.47..405.44 rows=101 width=125)
	  Recheck Cond: ((k >= 4249789) AND (k <= 4249889))
	  ->  Bitmap Index Scan on k_3  (cost=0.00..5.44 rows=101 width=0)
	        Index Cond: ((k >= 4249789) AND (k <= 4249889))

table 4 : explain SELECT k, c FROM sbtest4 WHERE k BETWEEN 4249789 AND 4249889
	Bitmap Heap Scan on sbtest4  (cost=5.43..389.70 rows=97 width=125)
	  Recheck Cond: ((k >= 4249789) AND (k <= 4249889))
	  ->  Bitmap Index Scan on k_4  (cost=0.00..5.40 rows=97 width=0)
	        Index Cond: ((k >= 4249789) AND (k <= 4249889))

table 5 : explain SELECT k, c FROM sbtest5 WHERE k BETWEEN 4249789 AND 4249889
	Bitmap Heap Scan on sbtest5  (cost=5.41..381.81 rows=95 width=125)
	  Recheck Cond: ((k >= 4249789) AND (k <= 4249889))
	  ->  Bitmap Index Scan on k_5  (cost=0.00..5.38 rows=95 width=0)
	        Index Cond: ((k >= 4249789) AND (k <= 4249889))

table 6 : explain SELECT k, c FROM sbtest6 WHERE k BETWEEN 4249789 AND 4249889
	Bitmap Heap Scan on sbtest6  (cost=5.48..409.42 rows=102 width=125)
	  Recheck Cond: ((k >= 4249789) AND (k <= 4249889))
	  ->  Bitmap Index Scan on k_6  (cost=0.00..5.45 rows=102 width=0)
	        Index Cond: ((k >= 4249789) AND (k <= 4249889))

table 7 : explain SELECT k, c FROM sbtest7 WHERE k BETWEEN 4249789 AND 4249889
	Bitmap Heap Scan on sbtest7  (cost=5.45..397.63 rows=99 width=125)
	  Recheck Cond: ((k >= 4249789) AND (k <= 4249889))
	  ->  Bitmap Index Scan on k_7  (cost=0.00..5.42 rows=99 width=0)
	        Index Cond: ((k >= 4249789) AND (k <= 4249889))

table 8 : explain SELECT k, c FROM sbtest8 WHERE k BETWEEN 4249789 AND 4249889
	Bitmap Heap Scan on sbtest8  (cost=5.51..421.29 rows=105 width=125)
	  Recheck Cond: ((k >= 4249789) AND (k <= 4249889))
	  ->  Bitmap Index Scan on k_8  (cost=0.00..5.48 rows=105 width=0)
	        Index Cond: ((k >= 4249789) AND (k <= 4249889))
for range-notcovered
table 1 : explain SELECT k, c FROM sbtest1 WHERE k BETWEEN 5399909 AND 5400009
	Bitmap Heap Scan on sbtest1  (cost=5.45..397.52 rows=99 width=125)
	  Recheck Cond: ((k >= 5399909) AND (k <= 5400009))
	  ->  Bitmap Index Scan on k_1  (cost=0.00..5.42 rows=99 width=0)
	        Index Cond: ((k >= 5399909) AND (k <= 5400009))

table 2 : explain SELECT k, c FROM sbtest2 WHERE k BETWEEN 5399909 AND 5400009
	Bitmap Heap Scan on sbtest2  (cost=5.47..405.44 rows=101 width=125)
	  Recheck Cond: ((k >= 5399909) AND (k <= 5400009))
	  ->  Bitmap Index Scan on k_2  (cost=0.00..5.44 rows=101 width=0)
	        Index Cond: ((k >= 5399909) AND (k <= 5400009))

table 3 : explain SELECT k, c FROM sbtest3 WHERE k BETWEEN 5399909 AND 5400009
	Bitmap Heap Scan on sbtest3  (cost=5.45..397.56 rows=99 width=125)
	  Recheck Cond: ((k >= 5399909) AND (k <= 5400009))
	  ->  Bitmap Index Scan on k_3  (cost=0.00..5.42 rows=99 width=0)
	        Index Cond: ((k >= 5399909) AND (k <= 5400009))

table 4 : explain SELECT k, c FROM sbtest4 WHERE k BETWEEN 5399909 AND 5400009
	Bitmap Heap Scan on sbtest4  (cost=5.44..393.65 rows=98 width=125)
	  Recheck Cond: ((k >= 5399909) AND (k <= 5400009))
	  ->  Bitmap Index Scan on k_4  (cost=0.00..5.42 rows=98 width=0)
	        Index Cond: ((k >= 5399909) AND (k <= 5400009))

table 5 : explain SELECT k, c FROM sbtest5 WHERE k BETWEEN 5399909 AND 5400009
	Bitmap Heap Scan on sbtest5  (cost=5.46..401.54 rows=100 width=125)
	  Recheck Cond: ((k >= 5399909) AND (k <= 5400009))
	  ->  Bitmap Index Scan on k_5  (cost=0.00..5.43 rows=100 width=0)
	        Index Cond: ((k >= 5399909) AND (k <= 5400009))

table 6 : explain SELECT k, c FROM sbtest6 WHERE k BETWEEN 5399909 AND 5400009
	Bitmap Heap Scan on sbtest6  (cost=5.57..444.90 rows=111 width=125)
	  Recheck Cond: ((k >= 5399909) AND (k <= 5400009))
	  ->  Bitmap Index Scan on k_6  (cost=0.00..5.54 rows=111 width=0)
	        Index Cond: ((k >= 5399909) AND (k <= 5400009))

table 7 : explain SELECT k, c FROM sbtest7 WHERE k BETWEEN 5399909 AND 5400009
	Bitmap Heap Scan on sbtest7  (cost=5.50..417.35 rows=104 width=125)
	  Recheck Cond: ((k >= 5399909) AND (k <= 5400009))
	  ->  Bitmap Index Scan on k_7  (cost=0.00..5.47 rows=104 width=0)
	        Index Cond: ((k >= 5399909) AND (k <= 5400009))

table 8 : explain SELECT k, c FROM sbtest8 WHERE k BETWEEN 5399909 AND 5400009
	Bitmap Heap Scan on sbtest8  (cost=5.47..405.52 rows=101 width=125)
	  Recheck Cond: ((k >= 5399909) AND (k <= 5400009))
	  ->  Bitmap Index Scan on k_8  (cost=0.00..5.44 rows=101 width=0)
	        Index Cond: ((k >= 5399909) AND (k <= 5400009))

for range-notcovered
table 1 : explain SELECT k, c FROM sbtest1 WHERE k BETWEEN 6091251 AND 6091351
	Bitmap Heap Scan on sbtest1  (cost=5.45..397.52 rows=99 width=125)
	  Recheck Cond: ((k >= 6091251) AND (k <= 6091351))
	  ->  Bitmap Index Scan on k_1  (cost=0.00..5.42 rows=99 width=0)
	        Index Cond: ((k >= 6091251) AND (k <= 6091351))

table 2 : explain SELECT k, c FROM sbtest2 WHERE k BETWEEN 6091251 AND 6091351
	Bitmap Heap Scan on sbtest2  (cost=5.48..409.38 rows=102 width=125)
	  Recheck Cond: ((k >= 6091251) AND (k <= 6091351))
	  ->  Bitmap Index Scan on k_2  (cost=0.00..5.45 rows=102 width=0)
	        Index Cond: ((k >= 6091251) AND (k <= 6091351))

table 3 : explain SELECT k, c FROM sbtest3 WHERE k BETWEEN 6091251 AND 6091351
	Bitmap Heap Scan on sbtest3  (cost=5.55..436.97 rows=109 width=125)
	  Recheck Cond: ((k >= 6091251) AND (k <= 6091351))
	  ->  Bitmap Index Scan on k_3  (cost=0.00..5.52 rows=109 width=0)
	        Index Cond: ((k >= 6091251) AND (k <= 6091351))

table 4 : explain SELECT k, c FROM sbtest4 WHERE k BETWEEN 6091251 AND 6091351
	Bitmap Heap Scan on sbtest4  (cost=5.49..413.36 rows=103 width=125)
	  Recheck Cond: ((k >= 6091251) AND (k <= 6091351))
	  ->  Bitmap Index Scan on k_4  (cost=0.00..5.46 rows=103 width=0)
	        Index Cond: ((k >= 6091251) AND (k <= 6091351))

table 5 : explain SELECT k, c FROM sbtest5 WHERE k BETWEEN 6091251 AND 6091351
	Bitmap Heap Scan on sbtest5  (cost=5.58..448.83 rows=112 width=125)
	  Recheck Cond: ((k >= 6091251) AND (k <= 6091351))
	  ->  Bitmap Index Scan on k_5  (cost=0.00..5.55 rows=112 width=0)
	        Index Cond: ((k >= 6091251) AND (k <= 6091351))

table 6 : explain SELECT k, c FROM sbtest6 WHERE k BETWEEN 6091251 AND 6091351
	Bitmap Heap Scan on sbtest6  (cost=5.43..389.70 rows=97 width=125)
	  Recheck Cond: ((k >= 6091251) AND (k <= 6091351))
	  ->  Bitmap Index Scan on k_6  (cost=0.00..5.40 rows=97 width=0)
	        Index Cond: ((k >= 6091251) AND (k <= 6091351))

table 7 : explain SELECT k, c FROM sbtest7 WHERE k BETWEEN 6091251 AND 6091351
	Bitmap Heap Scan on sbtest7  (cost=5.47..405.52 rows=101 width=125)
	  Recheck Cond: ((k >= 6091251) AND (k <= 6091351))
	  ->  Bitmap Index Scan on k_7  (cost=0.00..5.44 rows=101 width=0)
	        Index Cond: ((k >= 6091251) AND (k <= 6091351))

table 8 : explain SELECT k, c FROM sbtest8 WHERE k BETWEEN 6091251 AND 6091351
	Bitmap Heap Scan on sbtest8  (cost=5.44..393.68 rows=98 width=125)
	  Recheck Cond: ((k >= 6091251) AND (k <= 6091351))
	  ->  Bitmap Index Scan on k_8  (cost=0.00..5.42 rows=98 width=0)
	        Index Cond: ((k >= 6091251) AND (k <= 6091351))

for range-notcovered
table 1 : explain SELECT k, c FROM sbtest1 WHERE k BETWEEN 4455370 AND 4455470
	Bitmap Heap Scan on sbtest1  (cost=5.61..460.55 rows=115 width=125)
	  Recheck Cond: ((k >= 4455370) AND (k <= 4455470))
	  ->  Bitmap Index Scan on k_1  (cost=0.00..5.58 rows=115 width=0)
	        Index Cond: ((k >= 4455370) AND (k <= 4455470))

table 2 : explain SELECT k, c FROM sbtest2 WHERE k BETWEEN 4455370 AND 4455470
	Bitmap Heap Scan on sbtest2  (cost=5.45..397.55 rows=99 width=125)
	  Recheck Cond: ((k >= 4455370) AND (k <= 4455470))
	  ->  Bitmap Index Scan on k_2  (cost=0.00..5.42 rows=99 width=0)
	        Index Cond: ((k >= 4455370) AND (k <= 4455470))

table 3 : explain SELECT k, c FROM sbtest3 WHERE k BETWEEN 4455370 AND 4455470
	Bitmap Heap Scan on sbtest3  (cost=5.45..397.56 rows=99 width=125)
	  Recheck Cond: ((k >= 4455370) AND (k <= 4455470))
	  ->  Bitmap Index Scan on k_3  (cost=0.00..5.42 rows=99 width=0)
	        Index Cond: ((k >= 4455370) AND (k <= 4455470))

table 4 : explain SELECT k, c FROM sbtest4 WHERE k BETWEEN 4455370 AND 4455470
	Bitmap Heap Scan on sbtest4  (cost=5.46..401.53 rows=100 width=125)
	  Recheck Cond: ((k >= 4455370) AND (k <= 4455470))
	  ->  Bitmap Index Scan on k_4  (cost=0.00..5.43 rows=100 width=0)
	        Index Cond: ((k >= 4455370) AND (k <= 4455470))

table 5 : explain SELECT k, c FROM sbtest5 WHERE k BETWEEN 4455370 AND 4455470
	Bitmap Heap Scan on sbtest5  (cost=5.45..397.59 rows=99 width=125)
	  Recheck Cond: ((k >= 4455370) AND (k <= 4455470))
	  ->  Bitmap Index Scan on k_5  (cost=0.00..5.42 rows=99 width=0)
	        Index Cond: ((k >= 4455370) AND (k <= 4455470))

table 6 : explain SELECT k, c FROM sbtest6 WHERE k BETWEEN 4455370 AND 4455470
	Bitmap Heap Scan on sbtest6  (cost=5.44..393.65 rows=98 width=125)
	  Recheck Cond: ((k >= 4455370) AND (k <= 4455470))
	  ->  Bitmap Index Scan on k_6  (cost=0.00..5.42 rows=98 width=0)
	        Index Cond: ((k >= 4455370) AND (k <= 4455470))

table 7 : explain SELECT k, c FROM sbtest7 WHERE k BETWEEN 4455370 AND 4455470
	Bitmap Heap Scan on sbtest7  (cost=5.52..425.23 rows=106 width=125)
	  Recheck Cond: ((k >= 4455370) AND (k <= 4455470))
	  ->  Bitmap Index Scan on k_7  (cost=0.00..5.50 rows=106 width=0)
	        Index Cond: ((k >= 4455370) AND (k <= 4455470))

table 8 : explain SELECT k, c FROM sbtest8 WHERE k BETWEEN 4455370 AND 4455470
	Bitmap Heap Scan on sbtest8  (cost=5.48..409.46 rows=102 width=125)
	  Recheck Cond: ((k >= 4455370) AND (k <= 4455470))
	  ->  Bitmap Index Scan on k_8  (cost=0.00..5.45 rows=102 width=0)
	        Index Cond: ((k >= 4455370) AND (k <= 4455470))

explain: for range-notcovered :: explain SELECT k, c FROM sbtest%d WHERE k BETWEEN 5153009 AND 5153109
for range-notcovered
table 1 : explain SELECT k, c FROM sbtest1 WHERE k BETWEEN 8623476 AND 8623576
	Bitmap Heap Scan on sbtest1  (cost=5.46..401.46 rows=100 width=125)
	  Recheck Cond: ((k >= 8623476) AND (k <= 8623576))
	  ->  Bitmap Index Scan on k_1  (cost=0.00..5.43 rows=100 width=0)
	        Index Cond: ((k >= 8623476) AND (k <= 8623576))

table 2 : explain SELECT k, c FROM sbtest2 WHERE k BETWEEN 8623476 AND 8623576
	Bitmap Heap Scan on sbtest2  (cost=5.61..460.60 rows=115 width=125)
	  Recheck Cond: ((k >= 8623476) AND (k <= 8623576))
	  ->  Bitmap Index Scan on k_2  (cost=0.00..5.58 rows=115 width=0)
	        Index Cond: ((k >= 8623476) AND (k <= 8623576))

table 3 : explain SELECT k, c FROM sbtest3 WHERE k BETWEEN 8623476 AND 8623576
	Bitmap Heap Scan on sbtest3  (cost=5.56..440.91 rows=110 width=125)
	  Recheck Cond: ((k >= 8623476) AND (k <= 8623576))
	  ->  Bitmap Index Scan on k_3  (cost=0.00..5.53 rows=110 width=0)
	        Index Cond: ((k >= 8623476) AND (k <= 8623576))

table 4 : explain SELECT k, c FROM sbtest4 WHERE k BETWEEN 8623476 AND 8623576
	Bitmap Heap Scan on sbtest4  (cost=5.52..425.19 rows=106 width=125)
	  Recheck Cond: ((k >= 8623476) AND (k <= 8623576))
	  ->  Bitmap Index Scan on k_4  (cost=0.00..5.50 rows=106 width=0)
	        Index Cond: ((k >= 8623476) AND (k <= 8623576))

table 5 : explain SELECT k, c FROM sbtest5 WHERE k BETWEEN 8623476 AND 8623576
	Bitmap Heap Scan on sbtest5  (cost=5.49..413.37 rows=103 width=125)
	  Recheck Cond: ((k >= 8623476) AND (k <= 8623576))
	  ->  Bitmap Index Scan on k_5  (cost=0.00..5.46 rows=103 width=0)
	        Index Cond: ((k >= 8623476) AND (k <= 8623576))

table 6 : explain SELECT k, c FROM sbtest6 WHERE k BETWEEN 8623476 AND 8623576
	Bitmap Heap Scan on sbtest6  (cost=5.49..413.37 rows=103 width=125)
	  Recheck Cond: ((k >= 8623476) AND (k <= 8623576))
	  ->  Bitmap Index Scan on k_6  (cost=0.00..5.46 rows=103 width=0)
	        Index Cond: ((k >= 8623476) AND (k <= 8623576))

table 7 : explain SELECT k, c FROM sbtest7 WHERE k BETWEEN 8623476 AND 8623576
	Bitmap Heap Scan on sbtest7  (cost=5.34..354.21 rows=88 width=125)
	  Recheck Cond: ((k >= 8623476) AND (k <= 8623576))
	  ->  Bitmap Index Scan on k_7  (cost=0.00..5.31 rows=88 width=0)
	        Index Cond: ((k >= 8623476) AND (k <= 8623576))

table 8 : explain SELECT k, c FROM sbtest8 WHERE k BETWEEN 8623476 AND 8623576
	Bitmap Heap Scan on sbtest8  (cost=5.47..405.52 rows=101 width=125)
	  Recheck Cond: ((k >= 8623476) AND (k <= 8623576))
	  ->  Bitmap Index Scan on k_8  (cost=0.00..5.44 rows=101 width=0)
	        Index Cond: ((k >= 8623476) AND (k <= 8623576))

for range-notcovered
table 1 : explain SELECT k, c FROM sbtest1 WHERE k BETWEEN 3925795 AND 3925895
	Bitmap Heap Scan on sbtest1  (cost=5.36..362.01 rows=90 width=125)
	  Recheck Cond: ((k >= 3925795) AND (k <= 3925895))
	  ->  Bitmap Index Scan on k_1  (cost=0.00..5.33 rows=90 width=0)
	        Index Cond: ((k >= 3925795) AND (k <= 3925895))

table 2 : explain SELECT k, c FROM sbtest2 WHERE k BETWEEN 3925795 AND 3925895
	Bitmap Heap Scan on sbtest2  (cost=5.46..401.50 rows=100 width=125)
	  Recheck Cond: ((k >= 3925795) AND (k <= 3925895))
	  ->  Bitmap Index Scan on k_2  (cost=0.00..5.43 rows=100 width=0)
	        Index Cond: ((k >= 3925795) AND (k <= 3925895))

table 3 : explain SELECT k, c FROM sbtest3 WHERE k BETWEEN 3925795 AND 3925895
	Bitmap Heap Scan on sbtest3  (cost=5.47..405.44 rows=101 width=125)
	  Recheck Cond: ((k >= 3925795) AND (k <= 3925895))
	  ->  Bitmap Index Scan on k_3  (cost=0.00..5.44 rows=101 width=0)
	        Index Cond: ((k >= 3925795) AND (k <= 3925895))

table 4 : explain SELECT k, c FROM sbtest4 WHERE k BETWEEN 3925795 AND 3925895
	Bitmap Heap Scan on sbtest4  (cost=5.37..366.02 rows=91 width=125)
	  Recheck Cond: ((k >= 3925795) AND (k <= 3925895))
	  ->  Bitmap Index Scan on k_4  (cost=0.00..5.34 rows=91 width=0)
	        Index Cond: ((k >= 3925795) AND (k <= 3925895))

table 5 : explain SELECT k, c FROM sbtest5 WHERE k BETWEEN 3925795 AND 3925895
	Bitmap Heap Scan on sbtest5  (cost=5.54..433.08 rows=108 width=125)
	  Recheck Cond: ((k >= 3925795) AND (k <= 3925895))
	  ->  Bitmap Index Scan on k_5  (cost=0.00..5.51 rows=108 width=0)
	        Index Cond: ((k >= 3925795) AND (k <= 3925895))

table 6 : explain SELECT k, c FROM sbtest6 WHERE k BETWEEN 3925795 AND 3925895
	Bitmap Heap Scan on sbtest6  (cost=5.50..417.31 rows=104 width=125)
	  Recheck Cond: ((k >= 3925795) AND (k <= 3925895))
	  ->  Bitmap Index Scan on k_6  (cost=0.00..5.47 rows=104 width=0)
	        Index Cond: ((k >= 3925795) AND (k <= 3925895))

table 7 : explain SELECT k, c FROM sbtest7 WHERE k BETWEEN 3925795 AND 3925895
	Bitmap Heap Scan on sbtest7  (cost=5.53..429.18 rows=107 width=125)
	  Recheck Cond: ((k >= 3925795) AND (k <= 3925895))
	  ->  Bitmap Index Scan on k_7  (cost=0.00..5.50 rows=107 width=0)
	        Index Cond: ((k >= 3925795) AND (k <= 3925895))

table 8 : explain SELECT k, c FROM sbtest8 WHERE k BETWEEN 3925795 AND 3925895
	Bitmap Heap Scan on sbtest8  (cost=5.56..441.00 rows=110 width=125)
	  Recheck Cond: ((k >= 3925795) AND (k <= 3925895))
	  ->  Bitmap Index Scan on k_8  (cost=0.00..5.53 rows=110 width=0)
	        Index Cond: ((k >= 3925795) AND (k <= 3925895))
for range-notcovered
table 1 : explain SELECT k, c FROM sbtest1 WHERE k BETWEEN 7296661 AND 7296761
	Bitmap Heap Scan on sbtest1  (cost=5.48..409.34 rows=102 width=125)
	  Recheck Cond: ((k >= 7296661) AND (k <= 7296761))
	  ->  Bitmap Index Scan on k_1  (cost=0.00..5.45 rows=102 width=0)
	        Index Cond: ((k >= 7296661) AND (k <= 7296761))

table 2 : explain SELECT k, c FROM sbtest2 WHERE k BETWEEN 7296661 AND 7296761
	Bitmap Heap Scan on sbtest2  (cost=5.49..413.32 rows=103 width=125)
	  Recheck Cond: ((k >= 7296661) AND (k <= 7296761))
	  ->  Bitmap Index Scan on k_2  (cost=0.00..5.46 rows=103 width=0)
	        Index Cond: ((k >= 7296661) AND (k <= 7296761))

table 3 : explain SELECT k, c FROM sbtest3 WHERE k BETWEEN 7296661 AND 7296761
	Bitmap Heap Scan on sbtest3  (cost=5.47..405.44 rows=101 width=125)
	  Recheck Cond: ((k >= 7296661) AND (k <= 7296761))
	  ->  Bitmap Index Scan on k_3  (cost=0.00..5.44 rows=101 width=0)
	        Index Cond: ((k >= 7296661) AND (k <= 7296761))

table 4 : explain SELECT k, c FROM sbtest4 WHERE k BETWEEN 7296661 AND 7296761
	Bitmap Heap Scan on sbtest4  (cost=5.51..421.25 rows=105 width=125)
	  Recheck Cond: ((k >= 7296661) AND (k <= 7296761))
	  ->  Bitmap Index Scan on k_4  (cost=0.00..5.48 rows=105 width=0)
	        Index Cond: ((k >= 7296661) AND (k <= 7296761))

table 5 : explain SELECT k, c FROM sbtest5 WHERE k BETWEEN 7296661 AND 7296761
	Bitmap Heap Scan on sbtest5  (cost=5.47..405.48 rows=101 width=125)
	  Recheck Cond: ((k >= 7296661) AND (k <= 7296761))
	  ->  Bitmap Index Scan on k_5  (cost=0.00..5.44 rows=101 width=0)
	        Index Cond: ((k >= 7296661) AND (k <= 7296761))

table 6 : explain SELECT k, c FROM sbtest6 WHERE k BETWEEN 7296661 AND 7296761
	Bitmap Heap Scan on sbtest6  (cost=5.35..358.13 rows=89 width=125)
	  Recheck Cond: ((k >= 7296661) AND (k <= 7296761))
	  ->  Bitmap Index Scan on k_6  (cost=0.00..5.32 rows=89 width=0)
	        Index Cond: ((k >= 7296661) AND (k <= 7296761))

table 7 : explain SELECT k, c FROM sbtest7 WHERE k BETWEEN 7296661 AND 7296761
	Bitmap Heap Scan on sbtest7  (cost=5.54..433.12 rows=108 width=125)
	  Recheck Cond: ((k >= 7296661) AND (k <= 7296761))
	  ->  Bitmap Index Scan on k_7  (cost=0.00..5.51 rows=108 width=0)
	        Index Cond: ((k >= 7296661) AND (k <= 7296761))

table 8 : explain SELECT k, c FROM sbtest8 WHERE k BETWEEN 7296661 AND 7296761
	Bitmap Heap Scan on sbtest8  (cost=5.54..433.11 rows=108 width=125)
	  Recheck Cond: ((k >= 7296661) AND (k <= 7296761))
	  ->  Bitmap Index Scan on k_8  (cost=0.00..5.51 rows=108 width=0)
	        Index Cond: ((k >= 7296661) AND (k <= 7296761))

for range-notcovered
table 1 : explain SELECT k, c FROM sbtest1 WHERE k BETWEEN 4794561 AND 4794661
	Bitmap Heap Scan on sbtest1  (cost=5.54..432.99 rows=108 width=125)
	  Recheck Cond: ((k >= 4794561) AND (k <= 4794661))
	  ->  Bitmap Index Scan on k_1  (cost=0.00..5.51 rows=108 width=0)
	        Index Cond: ((k >= 4794561) AND (k <= 4794661))

table 2 : explain SELECT k, c FROM sbtest2 WHERE k BETWEEN 4794561 AND 4794661
	Bitmap Heap Scan on sbtest2  (cost=5.53..429.09 rows=107 width=125)
	  Recheck Cond: ((k >= 4794561) AND (k <= 4794661))
	  ->  Bitmap Index Scan on k_2  (cost=0.00..5.50 rows=107 width=0)
	        Index Cond: ((k >= 4794561) AND (k <= 4794661))

table 3 : explain SELECT k, c FROM sbtest3 WHERE k BETWEEN 4794561 AND 4794661
	Bitmap Heap Scan on sbtest3  (cost=5.44..393.61 rows=98 width=125)
	  Recheck Cond: ((k >= 4794561) AND (k <= 4794661))
	  ->  Bitmap Index Scan on k_3  (cost=0.00..5.42 rows=98 width=0)
	        Index Cond: ((k >= 4794561) AND (k <= 4794661))

table 4 : explain SELECT k, c FROM sbtest4 WHERE k BETWEEN 4794561 AND 4794661
	Bitmap Heap Scan on sbtest4  (cost=5.56..440.95 rows=110 width=125)
	  Recheck Cond: ((k >= 4794561) AND (k <= 4794661))
	  ->  Bitmap Index Scan on k_4  (cost=0.00..5.53 rows=110 width=0)
	        Index Cond: ((k >= 4794561) AND (k <= 4794661))

table 5 : explain SELECT k, c FROM sbtest5 WHERE k BETWEEN 4794561 AND 4794661
	Bitmap Heap Scan on sbtest5  (cost=5.52..425.19 rows=106 width=125)
	  Recheck Cond: ((k >= 4794561) AND (k <= 4794661))
	  ->  Bitmap Index Scan on k_5  (cost=0.00..5.50 rows=106 width=0)
	        Index Cond: ((k >= 4794561) AND (k <= 4794661))

table 6 : explain SELECT k, c FROM sbtest6 WHERE k BETWEEN 4794561 AND 4794661
	Bitmap Heap Scan on sbtest6  (cost=5.56..440.96 rows=110 width=125)
	  Recheck Cond: ((k >= 4794561) AND (k <= 4794661))
	  ->  Bitmap Index Scan on k_6  (cost=0.00..5.53 rows=110 width=0)
	        Index Cond: ((k >= 4794561) AND (k <= 4794661))

table 7 : explain SELECT k, c FROM sbtest7 WHERE k BETWEEN 4794561 AND 4794661
	Bitmap Heap Scan on sbtest7  (cost=5.68..484.32 rows=121 width=125)
	  Recheck Cond: ((k >= 4794561) AND (k <= 4794661))
	  ->  Bitmap Index Scan on k_7  (cost=0.00..5.64 rows=121 width=0)
	        Index Cond: ((k >= 4794561) AND (k <= 4794661))

table 8 : explain SELECT k, c FROM sbtest8 WHERE k BETWEEN 4794561 AND 4794661
	Bitmap Heap Scan on sbtest8  (cost=5.48..409.46 rows=102 width=125)
	  Recheck Cond: ((k >= 4794561) AND (k <= 4794661))
	  ->  Bitmap Index Scan on k_8  (cost=0.00..5.45 rows=102 width=0)
	        Index Cond: ((k >= 4794561) AND (k <= 4794661))

explain: for range-notcovered :: explain SELECT k, c FROM sbtest%d WHERE k BETWEEN 7575122 AND 7575222
for range-notcovered
table 1 : explain SELECT k, c FROM sbtest1 WHERE k BETWEEN 4101353 AND 4101453
	Bitmap Heap Scan on sbtest1  (cost=5.56..440.87 rows=110 width=125)
	  Recheck Cond: ((k >= 4101353) AND (k <= 4101453))
	  ->  Bitmap Index Scan on k_1  (cost=0.00..5.53 rows=110 width=0)
	        Index Cond: ((k >= 4101353) AND (k <= 4101453))

table 2 : explain SELECT k, c FROM sbtest2 WHERE k BETWEEN 4101353 AND 4101453
	Bitmap Heap Scan on sbtest2  (cost=5.48..409.38 rows=102 width=125)
	  Recheck Cond: ((k >= 4101353) AND (k <= 4101453))
	  ->  Bitmap Index Scan on k_2  (cost=0.00..5.45 rows=102 width=0)
	        Index Cond: ((k >= 4101353) AND (k <= 4101453))

table 3 : explain SELECT k, c FROM sbtest3 WHERE k BETWEEN 4101353 AND 4101453
	Bitmap Heap Scan on sbtest3  (cost=5.48..409.39 rows=102 width=125)
	  Recheck Cond: ((k >= 4101353) AND (k <= 4101453))
	  ->  Bitmap Index Scan on k_3  (cost=0.00..5.45 rows=102 width=0)
	        Index Cond: ((k >= 4101353) AND (k <= 4101453))

table 4 : explain SELECT k, c FROM sbtest4 WHERE k BETWEEN 4101353 AND 4101453
	Bitmap Heap Scan on sbtest4  (cost=5.47..405.48 rows=101 width=125)
	  Recheck Cond: ((k >= 4101353) AND (k <= 4101453))
	  ->  Bitmap Index Scan on k_4  (cost=0.00..5.44 rows=101 width=0)
	        Index Cond: ((k >= 4101353) AND (k <= 4101453))

table 5 : explain SELECT k, c FROM sbtest5 WHERE k BETWEEN 4101353 AND 4101453
	Bitmap Heap Scan on sbtest5  (cost=5.51..421.25 rows=105 width=125)
	  Recheck Cond: ((k >= 4101353) AND (k <= 4101453))
	  ->  Bitmap Index Scan on k_5  (cost=0.00..5.48 rows=105 width=0)
	        Index Cond: ((k >= 4101353) AND (k <= 4101453))

table 6 : explain SELECT k, c FROM sbtest6 WHERE k BETWEEN 4101353 AND 4101453
	Bitmap Heap Scan on sbtest6  (cost=5.49..413.37 rows=103 width=125)
	  Recheck Cond: ((k >= 4101353) AND (k <= 4101453))
	  ->  Bitmap Index Scan on k_6  (cost=0.00..5.46 rows=103 width=0)
	        Index Cond: ((k >= 4101353) AND (k <= 4101453))

table 7 : explain SELECT k, c FROM sbtest7 WHERE k BETWEEN 4101353 AND 4101453
	Bitmap Heap Scan on sbtest7  (cost=5.46..401.57 rows=100 width=125)
	  Recheck Cond: ((k >= 4101353) AND (k <= 4101453))
	  ->  Bitmap Index Scan on k_7  (cost=0.00..5.43 rows=100 width=0)
	        Index Cond: ((k >= 4101353) AND (k <= 4101453))

table 8 : explain SELECT k, c FROM sbtest8 WHERE k BETWEEN 4101353 AND 4101453
	Bitmap Heap Scan on sbtest8  (cost=5.52..425.23 rows=106 width=125)
	  Recheck Cond: ((k >= 4101353) AND (k <= 4101453))
	  ->  Bitmap Index Scan on k_8  (cost=0.00..5.50 rows=106 width=0)
	        Index Cond: ((k >= 4101353) AND (k <= 4101453))

explain: for range-notcovered :: explain SELECT k, c FROM sbtest%d WHERE k BETWEEN 4243065 AND 4243165for range-notcovered
table 1 : explain SELECT k, c FROM sbtest1 WHERE k BETWEEN 3346171 AND 3346271
	Bitmap Heap Scan on sbtest1  (cost=5.49..413.29 rows=103 width=125)
	  Recheck Cond: ((k >= 3346171) AND (k <= 3346271))
	  ->  Bitmap Index Scan on k_1  (cost=0.00..5.46 rows=103 width=0)
	        Index Cond: ((k >= 3346171) AND (k <= 3346271))

table 2 : explain SELECT k, c FROM sbtest2 WHERE k BETWEEN 3346171 AND 3346271
	Bitmap Heap Scan on sbtest2  (cost=5.53..429.09 rows=107 width=125)
	  Recheck Cond: ((k >= 3346171) AND (k <= 3346271))
	  ->  Bitmap Index Scan on k_2  (cost=0.00..5.50 rows=107 width=0)
	        Index Cond: ((k >= 3346171) AND (k <= 3346271))

table 3 : explain SELECT k, c FROM sbtest3 WHERE k BETWEEN 3346171 AND 3346271
	Bitmap Heap Scan on sbtest3  (cost=5.62..464.54 rows=116 width=125)
	  Recheck Cond: ((k >= 3346171) AND (k <= 3346271))
	  ->  Bitmap Index Scan on k_3  (cost=0.00..5.59 rows=116 width=0)
	        Index Cond: ((k >= 3346171) AND (k <= 3346271))

table 4 : explain SELECT k, c FROM sbtest4 WHERE k BETWEEN 3346171 AND 3346271
	Bitmap Heap Scan on sbtest4  (cost=5.57..444.89 rows=111 width=125)
	  Recheck Cond: ((k >= 3346171) AND (k <= 3346271))
	  ->  Bitmap Index Scan on k_4  (cost=0.00..5.54 rows=111 width=0)
	        Index Cond: ((k >= 3346171) AND (k <= 3346271))

table 5 : explain SELECT k, c FROM sbtest5 WHERE k BETWEEN 3346171 AND 3346271
	Bitmap Heap Scan on sbtest5  (cost=5.53..429.13 rows=107 width=125)
	  Recheck Cond: ((k >= 3346171) AND (k <= 3346271))
	  ->  Bitmap Index Scan on k_5  (cost=0.00..5.50 rows=107 width=0)
	        Index Cond: ((k >= 3346171) AND (k <= 3346271))

table 6 : explain SELECT k, c FROM sbtest6 WHERE k BETWEEN 3346171 AND 3346271
	Bitmap Heap Scan on sbtest6  (cost=5.45..397.59 rows=99 width=125)
	  Recheck Cond: ((k >= 3346171) AND (k <= 3346271))
	  ->  Bitmap Index Scan on k_6  (cost=0.00..5.42 rows=99 width=0)
	        Index Cond: ((k >= 3346171) AND (k <= 3346271))

table 7 : explain SELECT k, c FROM sbtest7 WHERE k BETWEEN 3346171 AND 3346271
	Bitmap Heap Scan on sbtest7  (cost=5.38..370.01 rows=92 width=125)
	  Recheck Cond: ((k >= 3346171) AND (k <= 3346271))
	  ->  Bitmap Index Scan on k_7  (cost=0.00..5.35 rows=92 width=0)
	        Index Cond: ((k >= 3346171) AND (k <= 3346271))

table 8 : explain SELECT k, c FROM sbtest8 WHERE k BETWEEN 3346171 AND 3346271
	Bitmap Heap Scan on sbtest8  (cost=5.49..413.40 rows=103 width=125)
	  Recheck Cond: ((k >= 3346171) AND (k <= 3346271))
	  ->  Bitmap Index Scan on k_8  (cost=0.00..5.46 rows=103 width=0)
	        Index Cond: ((k >= 3346171) AND (k <= 3346271))


for range-notcovered
table 1 : explain SELECT k, c FROM sbtest1 WHERE k BETWEEN 8296793 AND 8296893
	Bitmap Heap Scan on sbtest1  (cost=5.51..421.17 rows=105 width=125)
	  Recheck Cond: ((k >= 8296793) AND (k <= 8296893))
	  ->  Bitmap Index Scan on k_1  (cost=0.00..5.48 rows=105 width=0)
	        Index Cond: ((k >= 8296793) AND (k <= 8296893))

table 2 : explain SELECT k, c FROM sbtest2 WHERE k BETWEEN 8296793 AND 8296893
	Bitmap Heap Scan on sbtest2  (cost=5.47..405.44 rows=101 width=125)
	  Recheck Cond: ((k >= 8296793) AND (k <= 8296893))
	  ->  Bitmap Index Scan on k_2  (cost=0.00..5.44 rows=101 width=0)
	        Index Cond: ((k >= 8296793) AND (k <= 8296893))

table 3 : explain SELECT k, c FROM sbtest3 WHERE k BETWEEN 8296793 AND 8296893
	Bitmap Heap Scan on sbtest3  (cost=5.42..385.72 rows=96 width=125)
	  Recheck Cond: ((k >= 8296793) AND (k <= 8296893))
	  ->  Bitmap Index Scan on k_3  (cost=0.00..5.39 rows=96 width=0)
	        Index Cond: ((k >= 8296793) AND (k <= 8296893))

table 4 : explain SELECT k, c FROM sbtest4 WHERE k BETWEEN 8296793 AND 8296893
	Bitmap Heap Scan on sbtest4  (cost=5.36..362.07 rows=90 width=125)
	  Recheck Cond: ((k >= 8296793) AND (k <= 8296893))
	  ->  Bitmap Index Scan on k_4  (cost=0.00..5.33 rows=90 width=0)
	        Index Cond: ((k >= 8296793) AND (k <= 8296893))

table 5 : explain SELECT k, c FROM sbtest5 WHERE k BETWEEN 8296793 AND 8296893
	Bitmap Heap Scan on sbtest5  (cost=5.57..444.90 rows=111 width=125)
	  Recheck Cond: ((k >= 8296793) AND (k <= 8296893))
	  ->  Bitmap Index Scan on k_5  (cost=0.00..5.54 rows=111 width=0)
	        Index Cond: ((k >= 8296793) AND (k <= 8296893))

table 6 : explain SELECT k, c FROM sbtest6 WHERE k BETWEEN 8296793 AND 8296893
	Bitmap Heap Scan on sbtest6  (cost=5.46..401.54 rows=100 width=125)
	  Recheck Cond: ((k >= 8296793) AND (k <= 8296893))
	  ->  Bitmap Index Scan on k_6  (cost=0.00..5.43 rows=100 width=0)
	        Index Cond: ((k >= 8296793) AND (k <= 8296893))

table 7 : explain SELECT k, c FROM sbtest7 WHERE k BETWEEN 8296793 AND 8296893
	Bitmap Heap Scan on sbtest7  (cost=5.42..385.79 rows=96 width=125)
	  Recheck Cond: ((k >= 8296793) AND (k <= 8296893))
	  ->  Bitmap Index Scan on k_7  (cost=0.00..5.39 rows=96 width=0)
	        Index Cond: ((k >= 8296793) AND (k <= 8296893))

table 8 : explain SELECT k, c FROM sbtest8 WHERE k BETWEEN 8296793 AND 8296893
	Bitmap Heap Scan on sbtest8  (cost=5.44..393.68 rows=98 width=125)
	  Recheck Cond: ((k >= 8296793) AND (k <= 8296893))
	  ->  Bitmap Index Scan on k_8  (cost=0.00..5.42 rows=98 width=0)
	        Index Cond: ((k >= 8296793) AND (k <= 8296893))


explain: for range-notcovered :: explain SELECT k, c FROM sbtest%d WHERE k BETWEEN 4794561 AND 4794661
explain: for range-notcovered :: explain SELECT k, c FROM sbtest%d WHERE k BETWEEN 3346171 AND 3346271
explain: for range-notcovered :: explain SELECT k, c FROM sbtest%d WHERE k BETWEEN 5399909 AND 5400009
for range-notcovered
table 1 : explain SELECT k, c FROM sbtest1 WHERE k BETWEEN 5001065 AND 5001165
	Bitmap Heap Scan on sbtest1  (cost=5.47..405.40 rows=101 width=125)
	  Recheck Cond: ((k >= 5001065) AND (k <= 5001165))
	  ->  Bitmap Index Scan on k_1  (cost=0.00..5.44 rows=101 width=0)
	        Index Cond: ((k >= 5001065) AND (k <= 5001165))

table 2 : explain SELECT k, c FROM sbtest2 WHERE k BETWEEN 5001065 AND 5001165
	Bitmap Heap Scan on sbtest2  (cost=5.54..433.03 rows=108 width=125)
	  Recheck Cond: ((k >= 5001065) AND (k <= 5001165))
	  ->  Bitmap Index Scan on k_2  (cost=0.00..5.51 rows=108 width=0)
	        Index Cond: ((k >= 5001065) AND (k <= 5001165))

table 3 : explain SELECT k, c FROM sbtest3 WHERE k BETWEEN 5001065 AND 5001165
	Bitmap Heap Scan on sbtest3  (cost=5.46..401.50 rows=100 width=125)
	  Recheck Cond: ((k >= 5001065) AND (k <= 5001165))
	  ->  Bitmap Index Scan on k_3  (cost=0.00..5.43 rows=100 width=0)
	        Index Cond: ((k >= 5001065) AND (k <= 5001165))

table 4 : explain SELECT k, c FROM sbtest4 WHERE k BETWEEN 5001065 AND 5001165
	Bitmap Heap Scan on sbtest4  (cost=5.48..409.42 rows=102 width=125)
	  Recheck Cond: ((k >= 5001065) AND (k <= 5001165))
	  ->  Bitmap Index Scan on k_4  (cost=0.00..5.45 rows=102 width=0)
	        Index Cond: ((k >= 5001065) AND (k <= 5001165))

table 5 : explain SELECT k, c FROM sbtest5 WHERE k BETWEEN 5001065 AND 5001165
	Bitmap Heap Scan on sbtest5  (cost=5.55..437.02 rows=109 width=125)
	  Recheck Cond: ((k >= 5001065) AND (k <= 5001165))
	  ->  Bitmap Index Scan on k_5  (cost=0.00..5.52 rows=109 width=0)
	        Index Cond: ((k >= 5001065) AND (k <= 5001165))

table 6 : explain SELECT k, c FROM sbtest6 WHERE k BETWEEN 5001065 AND 5001165
	Bitmap Heap Scan on sbtest6  (cost=5.47..405.48 rows=101 width=125)
	  Recheck Cond: ((k >= 5001065) AND (k <= 5001165))
	  ->  Bitmap Index Scan on k_6  (cost=0.00..5.44 rows=101 width=0)
	        Index Cond: ((k >= 5001065) AND (k <= 5001165))

table 7 : explain SELECT k, c FROM sbtest7 WHERE k BETWEEN 5001065 AND 5001165
	Bitmap Heap Scan on sbtest7  (cost=5.51..421.29 rows=105 width=125)
	  Recheck Cond: ((k >= 5001065) AND (k <= 5001165))
	  ->  Bitmap Index Scan on k_7  (cost=0.00..5.48 rows=105 width=0)
	        Index Cond: ((k >= 5001065) AND (k <= 5001165))

table 8 : explain SELECT k, c FROM sbtest8 WHERE k BETWEEN 5001065 AND 5001165
	Bitmap Heap Scan on sbtest8  (cost=5.42..385.79 rows=96 width=125)
	  Recheck Cond: ((k >= 5001065) AND (k <= 5001165))
	  ->  Bitmap Index Scan on k_8  (cost=0.00..5.39 rows=96 width=0)
	        Index Cond: ((k >= 5001065) AND (k <= 5001165))


explain: for range-notcovered :: explain SELECT k, c FROM sbtest%d WHERE k BETWEEN 5860106 AND 5860206
explain: for range-notcovered :: explain SELECT k, c FROM sbtest%d WHERE k BETWEEN 4455370 AND 4455470
explain: for range-notcovered :: explain SELECT k, c FROM sbtest%d WHERE k BETWEEN 6091251 AND 6091351
explain: for range-notcovered :: explain SELECT k, c FROM sbtest%d WHERE k BETWEEN 8623476 AND 8623576for range-notcovered
table 1 : explain SELECT k, c FROM sbtest1 WHERE k BETWEEN 5893226 AND 5893326
	Bitmap Heap Scan on sbtest1  (cost=5.43..389.63 rows=97 width=125)
	  Recheck Cond: ((k >= 5893226) AND (k <= 5893326))
	  ->  Bitmap Index Scan on k_1  (cost=0.00..5.40 rows=97 width=0)
	        Index Cond: ((k >= 5893226) AND (k <= 5893326))

table 2 : explain SELECT k, c FROM sbtest2 WHERE k BETWEEN 5893226 AND 5893326
	Bitmap Heap Scan on sbtest2  (cost=5.47..405.44 rows=101 width=125)
	  Recheck Cond: ((k >= 5893226) AND (k <= 5893326))
	  ->  Bitmap Index Scan on k_2  (cost=0.00..5.44 rows=101 width=0)
	        Index Cond: ((k >= 5893226) AND (k <= 5893326))

table 3 : explain SELECT k, c FROM sbtest3 WHERE k BETWEEN 5893226 AND 5893326
	Bitmap Heap Scan on sbtest3  (cost=5.56..440.91 rows=110 width=125)
	  Recheck Cond: ((k >= 5893226) AND (k <= 5893326))
	  ->  Bitmap Index Scan on k_3  (cost=0.00..5.53 rows=110 width=0)
	        Index Cond: ((k >= 5893226) AND (k <= 5893326))

table 4 : explain SELECT k, c FROM sbtest4 WHERE k BETWEEN 5893226 AND 5893326
	Bitmap Heap Scan on sbtest4  (cost=5.52..425.19 rows=106 width=125)
	  Recheck Cond: ((k >= 5893226) AND (k <= 5893326))
	  ->  Bitmap Index Scan on k_4  (cost=0.00..5.50 rows=106 width=0)
	        Index Cond: ((k >= 5893226) AND (k <= 5893326))

table 5 : explain SELECT k, c FROM sbtest5 WHERE k BETWEEN 5893226 AND 5893326
	Bitmap Heap Scan on sbtest5  (cost=5.40..377.87 rows=94 width=125)
	  Recheck Cond: ((k >= 5893226) AND (k <= 5893326))
	  ->  Bitmap Index Scan on k_5  (cost=0.00..5.38 rows=94 width=0)
	        Index Cond: ((k >= 5893226) AND (k <= 5893326))

table 6 : explain SELECT k, c FROM sbtest6 WHERE k BETWEEN 5893226 AND 5893326
	Bitmap Heap Scan on sbtest6  (cost=5.43..389.70 rows=97 width=125)
	  Recheck Cond: ((k >= 5893226) AND (k <= 5893326))
	  ->  Bitmap Index Scan on k_6  (cost=0.00..5.40 rows=97 width=0)
	        Index Cond: ((k >= 5893226) AND (k <= 5893326))

table 7 : explain SELECT k, c FROM sbtest7 WHERE k BETWEEN 5893226 AND 5893326
	Bitmap Heap Scan on sbtest7  (cost=5.57..444.94 rows=111 width=125)
	  Recheck Cond: ((k >= 5893226) AND (k <= 5893326))
	  ->  Bitmap Index Scan on k_7  (cost=0.00..5.54 rows=111 width=0)
	        Index Cond: ((k >= 5893226) AND (k <= 5893326))

table 8 : explain SELECT k, c FROM sbtest8 WHERE k BETWEEN 5893226 AND 5893326
	Bitmap Heap Scan on sbtest8  (cost=5.42..385.79 rows=96 width=125)
	  Recheck Cond: ((k >= 5893226) AND (k <= 5893326))
	  ->  Bitmap Index Scan on k_8  (cost=0.00..5.39 rows=96 width=0)
	        Index Cond: ((k >= 5893226) AND (k <= 5893326))
for range-notcovered
table 1 : explain SELECT k, c FROM sbtest1 WHERE k BETWEEN 3951479 AND 3951579
	Bitmap Heap Scan on sbtest1  (cost=5.54..432.99 rows=108 width=125)
	  Recheck Cond: ((k >= 3951479) AND (k <= 3951579))
	  ->  Bitmap Index Scan on k_1  (cost=0.00..5.51 rows=108 width=0)
	        Index Cond: ((k >= 3951479) AND (k <= 3951579))

table 2 : explain SELECT k, c FROM sbtest2 WHERE k BETWEEN 3951479 AND 3951579
	Bitmap Heap Scan on sbtest2  (cost=5.46..401.50 rows=100 width=125)
	  Recheck Cond: ((k >= 3951479) AND (k <= 3951579))
	  ->  Bitmap Index Scan on k_2  (cost=0.00..5.43 rows=100 width=0)
	        Index Cond: ((k >= 3951479) AND (k <= 3951579))

table 3 : explain SELECT k, c FROM sbtest3 WHERE k BETWEEN 3951479 AND 3951579
	Bitmap Heap Scan on sbtest3  (cost=5.47..405.44 rows=101 width=125)
	  Recheck Cond: ((k >= 3951479) AND (k <= 3951579))
	  ->  Bitmap Index Scan on k_3  (cost=0.00..5.44 rows=101 width=0)
	        Index Cond: ((k >= 3951479) AND (k <= 3951579))

table 4 : explain SELECT k, c FROM sbtest4 WHERE k BETWEEN 3951479 AND 3951579
	Bitmap Heap Scan on sbtest4  (cost=5.60..456.71 rows=114 width=125)
	  Recheck Cond: ((k >= 3951479) AND (k <= 3951579))
	  ->  Bitmap Index Scan on k_4  (cost=0.00..5.58 rows=114 width=0)
	        Index Cond: ((k >= 3951479) AND (k <= 3951579))

table 5 : explain SELECT k, c FROM sbtest5 WHERE k BETWEEN 3951479 AND 3951579
	Bitmap Heap Scan on sbtest5  (cost=5.54..433.08 rows=108 width=125)
	  Recheck Cond: ((k >= 3951479) AND (k <= 3951579))
	  ->  Bitmap Index Scan on k_5  (cost=0.00..5.51 rows=108 width=0)
	        Index Cond: ((k >= 3951479) AND (k <= 3951579))

table 6 : explain SELECT k, c FROM sbtest6 WHERE k BETWEEN 3951479 AND 3951579
	Bitmap Heap Scan on sbtest6  (cost=5.50..417.31 rows=104 width=125)
	  Recheck Cond: ((k >= 3951479) AND (k <= 3951579))
	  ->  Bitmap Index Scan on k_6  (cost=0.00..5.47 rows=104 width=0)
	        Index Cond: ((k >= 3951479) AND (k <= 3951579))

table 7 : explain SELECT k, c FROM sbtest7 WHERE k BETWEEN 3951479 AND 3951579
	Bitmap Heap Scan on sbtest7  (cost=5.44..393.68 rows=98 width=125)
	  Recheck Cond: ((k >= 3951479) AND (k <= 3951579))
	  ->  Bitmap Index Scan on k_7  (cost=0.00..5.42 rows=98 width=0)
	        Index Cond: ((k >= 3951479) AND (k <= 3951579))

table 8 : explain SELECT k, c FROM sbtest8 WHERE k BETWEEN 3951479 AND 3951579
	Bitmap Heap Scan on sbtest8  (cost=5.56..441.00 rows=110 width=125)
	  Recheck Cond: ((k >= 3951479) AND (k <= 3951579))
	  ->  Bitmap Index Scan on k_8  (cost=0.00..5.53 rows=110 width=0)
	        Index Cond: ((k >= 3951479) AND (k <= 3951579))

explain: for range-notcovered :: explain SELECT k, c FROM sbtest%d WHERE k BETWEEN 4249789 AND 4249889explain: for range-notcovered :: explain SELECT k, c FROM sbtest%d WHERE k BETWEEN 4101353 AND 4101453
explain: for range-notcovered :: explain SELECT k, c FROM sbtest%d WHERE k BETWEEN 8296793 AND 8296893
explain: for range-notcovered :: explain SELECT k, c FROM sbtest%d WHERE k BETWEEN 7296661 AND 7296761

explain: for range-notcovered :: explain SELECT k, c FROM sbtest%d WHERE k BETWEEN 5001065 AND 5001165
for range-notcovered
table 1 : explain SELECT k, c FROM sbtest1 WHERE k BETWEEN 1173834 AND 1173934
	Bitmap Heap Scan on sbtest1  (cost=5.54..432.99 rows=108 width=125)
	  Recheck Cond: ((k >= 1173834) AND (k <= 1173934))
	  ->  Bitmap Index Scan on k_1  (cost=0.00..5.51 rows=108 width=0)
	        Index Cond: ((k >= 1173834) AND (k <= 1173934))

table 2 : explain SELECT k, c FROM sbtest2 WHERE k BETWEEN 1173834 AND 1173934
	Bitmap Heap Scan on sbtest2  (cost=5.53..429.09 rows=107 width=125)
	  Recheck Cond: ((k >= 1173834) AND (k <= 1173934))
	  ->  Bitmap Index Scan on k_2  (cost=0.00..5.50 rows=107 width=0)
	        Index Cond: ((k >= 1173834) AND (k <= 1173934))

table 3 : explain SELECT k, c FROM sbtest3 WHERE k BETWEEN 1173834 AND 1173934
	Bitmap Heap Scan on sbtest3  (cost=5.42..385.72 rows=96 width=125)
	  Recheck Cond: ((k >= 1173834) AND (k <= 1173934))
	  ->  Bitmap Index Scan on k_3  (cost=0.00..5.39 rows=96 width=0)
	        Index Cond: ((k >= 1173834) AND (k <= 1173934))

table 4 : explain SELECT k, c FROM sbtest4 WHERE k BETWEEN 1173834 AND 1173934
	Bitmap Heap Scan on sbtest4  (cost=5.38..369.97 rows=92 width=125)
	  Recheck Cond: ((k >= 1173834) AND (k <= 1173934))
	  ->  Bitmap Index Scan on k_4  (cost=0.00..5.35 rows=92 width=0)
	        Index Cond: ((k >= 1173834) AND (k <= 1173934))

table 5 : explain SELECT k, c FROM sbtest5 WHERE k BETWEEN 1173834 AND 1173934
	Bitmap Heap Scan on sbtest5  (cost=5.42..385.76 rows=96 width=125)
	  Recheck Cond: ((k >= 1173834) AND (k <= 1173934))
	  ->  Bitmap Index Scan on k_5  (cost=0.00..5.39 rows=96 width=0)
	        Index Cond: ((k >= 1173834) AND (k <= 1173934))

table 6 : explain SELECT k, c FROM sbtest6 WHERE k BETWEEN 1173834 AND 1173934
	Bitmap Heap Scan on sbtest6  (cost=5.53..429.13 rows=107 width=125)
	  Recheck Cond: ((k >= 1173834) AND (k <= 1173934))
	  ->  Bitmap Index Scan on k_6  (cost=0.00..5.50 rows=107 width=0)
	        Index Cond: ((k >= 1173834) AND (k <= 1173934))

table 7 : explain SELECT k, c FROM sbtest7 WHERE k BETWEEN 1173834 AND 1173934
	Bitmap Heap Scan on sbtest7  (cost=5.47..405.52 rows=101 width=125)
	  Recheck Cond: ((k >= 1173834) AND (k <= 1173934))
	  ->  Bitmap Index Scan on k_7  (cost=0.00..5.44 rows=101 width=0)
	        Index Cond: ((k >= 1173834) AND (k <= 1173934))

table 8 : explain SELECT k, c FROM sbtest8 WHERE k BETWEEN 1173834 AND 1173934
	Bitmap Heap Scan on sbtest8  (cost=5.56..441.00 rows=110 width=125)
	  Recheck Cond: ((k >= 1173834) AND (k <= 1173934))
	  ->  Bitmap Index Scan on k_8  (cost=0.00..5.53 rows=110 width=0)
	        Index Cond: ((k >= 1173834) AND (k <= 1173934))

for range-notcovered
table 1 : explain SELECT k, c FROM sbtest1 WHERE k BETWEEN 4704269 AND 4704369
	Bitmap Heap Scan on sbtest1  (cost=5.47..405.40 rows=101 width=125)
	  Recheck Cond: ((k >= 4704269) AND (k <= 4704369))
	  ->  Bitmap Index Scan on k_1  (cost=0.00..5.44 rows=101 width=0)
	        Index Cond: ((k >= 4704269) AND (k <= 4704369))

table 2 : explain SELECT k, c FROM sbtest2 WHERE k BETWEEN 4704269 AND 4704369
	Bitmap Heap Scan on sbtest2  (cost=5.55..436.97 rows=109 width=125)
	  Recheck Cond: ((k >= 4704269) AND (k <= 4704369))
	  ->  Bitmap Index Scan on k_2  (cost=0.00..5.52 rows=109 width=0)
	        Index Cond: ((k >= 4704269) AND (k <= 4704369))

table 3 : explain SELECT k, c FROM sbtest3 WHERE k BETWEEN 4704269 AND 4704369
	Bitmap Heap Scan on sbtest3  (cost=5.44..393.61 rows=98 width=125)
	  Recheck Cond: ((k >= 4704269) AND (k <= 4704369))
	  ->  Bitmap Index Scan on k_3  (cost=0.00..5.42 rows=98 width=0)
	        Index Cond: ((k >= 4704269) AND (k <= 4704369))

table 4 : explain SELECT k, c FROM sbtest4 WHERE k BETWEEN 4704269 AND 4704369
	Bitmap Heap Scan on sbtest4  (cost=5.56..440.95 rows=110 width=125)
	  Recheck Cond: ((k >= 4704269) AND (k <= 4704369))
	  ->  Bitmap Index Scan on k_4  (cost=0.00..5.53 rows=110 width=0)
	        Index Cond: ((k >= 4704269) AND (k <= 4704369))

table 5 : explain SELECT k, c FROM sbtest5 WHERE k BETWEEN 4704269 AND 4704369
	Bitmap Heap Scan on sbtest5  (cost=5.48..409.42 rows=102 width=125)
	  Recheck Cond: ((k >= 4704269) AND (k <= 4704369))
	  ->  Bitmap Index Scan on k_5  (cost=0.00..5.45 rows=102 width=0)
	        Index Cond: ((k >= 4704269) AND (k <= 4704369))

table 6 : explain SELECT k, c FROM sbtest6 WHERE k BETWEEN 4704269 AND 4704369
	Bitmap Heap Scan on sbtest6  (cost=5.46..401.54 rows=100 width=125)
	  Recheck Cond: ((k >= 4704269) AND (k <= 4704369))
	  ->  Bitmap Index Scan on k_6  (cost=0.00..5.43 rows=100 width=0)
	        Index Cond: ((k >= 4704269) AND (k <= 4704369))

table 7 : explain SELECT k, c FROM sbtest7 WHERE k BETWEEN 4704269 AND 4704369
	Bitmap Heap Scan on sbtest7  (cost=5.43..389.74 rows=97 width=125)
	  Recheck Cond: ((k >= 4704269) AND (k <= 4704369))
	  ->  Bitmap Index Scan on k_7  (cost=0.00..5.40 rows=97 width=0)
	        Index Cond: ((k >= 4704269) AND (k <= 4704369))

table 8 : explain SELECT k, c FROM sbtest8 WHERE k BETWEEN 4704269 AND 4704369
	Bitmap Heap Scan on sbtest8  (cost=5.48..409.46 rows=102 width=125)
	  Recheck Cond: ((k >= 4704269) AND (k <= 4704369))
	  ->  Bitmap Index Scan on k_8  (cost=0.00..5.45 rows=102 width=0)
	        Index Cond: ((k >= 4704269) AND (k <= 4704369))

for range-notcovered
table 1 : explain SELECT k, c FROM sbtest1 WHERE k BETWEEN 6859512 AND 6859612
	Bitmap Heap Scan on sbtest1  (cost=5.56..440.87 rows=110 width=125)
	  Recheck Cond: ((k >= 6859512) AND (k <= 6859612))
	  ->  Bitmap Index Scan on k_1  (cost=0.00..5.53 rows=110 width=0)
	        Index Cond: ((k >= 6859512) AND (k <= 6859612))

table 2 : explain SELECT k, c FROM sbtest2 WHERE k BETWEEN 6859512 AND 6859612
	Bitmap Heap Scan on sbtest2  (cost=5.57..444.85 rows=111 width=125)
	  Recheck Cond: ((k >= 6859512) AND (k <= 6859612))
	  ->  Bitmap Index Scan on k_2  (cost=0.00..5.54 rows=111 width=0)
	        Index Cond: ((k >= 6859512) AND (k <= 6859612))

table 3 : explain SELECT k, c FROM sbtest3 WHERE k BETWEEN 6859512 AND 6859612
	Bitmap Heap Scan on sbtest3  (cost=5.43..389.67 rows=97 width=125)
	  Recheck Cond: ((k >= 6859512) AND (k <= 6859612))
	  ->  Bitmap Index Scan on k_3  (cost=0.00..5.40 rows=97 width=0)
	        Index Cond: ((k >= 6859512) AND (k <= 6859612))

table 4 : explain SELECT k, c FROM sbtest4 WHERE k BETWEEN 6859512 AND 6859612
	Bitmap Heap Scan on sbtest4  (cost=5.38..369.97 rows=92 width=125)
	  Recheck Cond: ((k >= 6859512) AND (k <= 6859612))
	  ->  Bitmap Index Scan on k_4  (cost=0.00..5.35 rows=92 width=0)
	        Index Cond: ((k >= 6859512) AND (k <= 6859612))

table 5 : explain SELECT k, c FROM sbtest5 WHERE k BETWEEN 6859512 AND 6859612
	Bitmap Heap Scan on sbtest5  (cost=5.45..397.59 rows=99 width=125)
	  Recheck Cond: ((k >= 6859512) AND (k <= 6859612))
	  ->  Bitmap Index Scan on k_5  (cost=0.00..5.42 rows=99 width=0)
	        Index Cond: ((k >= 6859512) AND (k <= 6859612))

table 6 : explain SELECT k, c FROM sbtest6 WHERE k BETWEEN 6859512 AND 6859612
	Bitmap Heap Scan on sbtest6  (cost=5.48..409.42 rows=102 width=125)
	  Recheck Cond: ((k >= 6859512) AND (k <= 6859612))
	  ->  Bitmap Index Scan on k_6  (cost=0.00..5.45 rows=102 width=0)
	        Index Cond: ((k >= 6859512) AND (k <= 6859612))

table 7 : explain SELECT k, c FROM sbtest7 WHERE k BETWEEN 6859512 AND 6859612
	Bitmap Heap Scan on sbtest7  (cost=5.45..397.63 rows=99 width=125)
	  Recheck Cond: ((k >= 6859512) AND (k <= 6859612))
	  ->  Bitmap Index Scan on k_7  (cost=0.00..5.42 rows=99 width=0)
	        Index Cond: ((k >= 6859512) AND (k <= 6859612))

table 8 : explain SELECT k, c FROM sbtest8 WHERE k BETWEEN 6859512 AND 6859612
	Bitmap Heap Scan on sbtest8  (cost=5.51..421.29 rows=105 width=125)
	  Recheck Cond: ((k >= 6859512) AND (k <= 6859612))
	  ->  Bitmap Index Scan on k_8  (cost=0.00..5.48 rows=105 width=0)
	        Index Cond: ((k >= 6859512) AND (k <= 6859612))

for range-notcovered
table 1 : explain SELECT k, c FROM sbtest1 WHERE k BETWEEN 7000310 AND 7000410
	Bitmap Heap Scan on sbtest1  (cost=5.48..409.34 rows=102 width=125)
	  Recheck Cond: ((k >= 7000310) AND (k <= 7000410))
	  ->  Bitmap Index Scan on k_1  (cost=0.00..5.45 rows=102 width=0)
	        Index Cond: ((k >= 7000310) AND (k <= 7000410))

table 2 : explain SELECT k, c FROM sbtest2 WHERE k BETWEEN 7000310 AND 7000410
	Bitmap Heap Scan on sbtest2  (cost=5.50..417.27 rows=104 width=125)
	  Recheck Cond: ((k >= 7000310) AND (k <= 7000410))
	  ->  Bitmap Index Scan on k_2  (cost=0.00..5.47 rows=104 width=0)
	        Index Cond: ((k >= 7000310) AND (k <= 7000410))

table 3 : explain SELECT k, c FROM sbtest3 WHERE k BETWEEN 7000310 AND 7000410
	Bitmap Heap Scan on sbtest3  (cost=5.51..421.21 rows=105 width=125)
	  Recheck Cond: ((k >= 7000310) AND (k <= 7000410))
	  ->  Bitmap Index Scan on k_3  (cost=0.00..5.48 rows=105 width=0)
	        Index Cond: ((k >= 7000310) AND (k <= 7000410))

table 4 : explain SELECT k, c FROM sbtest4 WHERE k BETWEEN 7000310 AND 7000410
	Bitmap Heap Scan on sbtest4  (cost=5.57..444.89 rows=111 width=125)
	  Recheck Cond: ((k >= 7000310) AND (k <= 7000410))
	  ->  Bitmap Index Scan on k_4  (cost=0.00..5.54 rows=111 width=0)
	        Index Cond: ((k >= 7000310) AND (k <= 7000410))

table 5 : explain SELECT k, c FROM sbtest5 WHERE k BETWEEN 7000310 AND 7000410
	Bitmap Heap Scan on sbtest5  (cost=5.49..413.37 rows=103 width=125)
	  Recheck Cond: ((k >= 7000310) AND (k <= 7000410))
	  ->  Bitmap Index Scan on k_5  (cost=0.00..5.46 rows=103 width=0)
	        Index Cond: ((k >= 7000310) AND (k <= 7000410))

table 6 : explain SELECT k, c FROM sbtest6 WHERE k BETWEEN 7000310 AND 7000410
	Bitmap Heap Scan on sbtest6  (cost=5.64..472.46 rows=118 width=125)
	  Recheck Cond: ((k >= 7000310) AND (k <= 7000410))
	  ->  Bitmap Index Scan on k_6  (cost=0.00..5.61 rows=118 width=0)
	        Index Cond: ((k >= 7000310) AND (k <= 7000410))

table 7 : explain SELECT k, c FROM sbtest7 WHERE k BETWEEN 7000310 AND 7000410
	Bitmap Heap Scan on sbtest7  (cost=5.59..452.82 rows=113 width=125)
	  Recheck Cond: ((k >= 7000310) AND (k <= 7000410))
	  ->  Bitmap Index Scan on k_7  (cost=0.00..5.56 rows=113 width=0)
	        Index Cond: ((k >= 7000310) AND (k <= 7000410))

table 8 : explain SELECT k, c FROM sbtest8 WHERE k BETWEEN 7000310 AND 7000410
	Bitmap Heap Scan on sbtest8  (cost=5.44..393.68 rows=98 width=125)
	  Recheck Cond: ((k >= 7000310) AND (k <= 7000410))
	  ->  Bitmap Index Scan on k_8  (cost=0.00..5.42 rows=98 width=0)
	        Index Cond: ((k >= 7000310) AND (k <= 7000410))

for range-notcovered
table 1 : explain SELECT k, c FROM sbtest1 WHERE k BETWEEN 5098628 AND 5098728
	Bitmap Heap Scan on sbtest1  (cost=5.52..425.11 rows=106 width=125)
	  Recheck Cond: ((k >= 5098628) AND (k <= 5098728))
	  ->  Bitmap Index Scan on k_1  (cost=0.00..5.50 rows=106 width=0)
	        Index Cond: ((k >= 5098628) AND (k <= 5098728))

table 2 : explain SELECT k, c FROM sbtest2 WHERE k BETWEEN 5098628 AND 5098728
	Bitmap Heap Scan on sbtest2  (cost=5.62..464.54 rows=116 width=125)
	  Recheck Cond: ((k >= 5098628) AND (k <= 5098728))
	  ->  Bitmap Index Scan on k_2  (cost=0.00..5.59 rows=116 width=0)
	        Index Cond: ((k >= 5098628) AND (k <= 5098728))

table 3 : explain SELECT k, c FROM sbtest3 WHERE k BETWEEN 5098628 AND 5098728
	Bitmap Heap Scan on sbtest3  (cost=5.57..444.85 rows=111 width=125)
	  Recheck Cond: ((k >= 5098628) AND (k <= 5098728))
	  ->  Bitmap Index Scan on k_3  (cost=0.00..5.54 rows=111 width=0)
	        Index Cond: ((k >= 5098628) AND (k <= 5098728))

table 4 : explain SELECT k, c FROM sbtest4 WHERE k BETWEEN 5098628 AND 5098728
	Bitmap Heap Scan on sbtest4  (cost=5.42..385.75 rows=96 width=125)
	  Recheck Cond: ((k >= 5098628) AND (k <= 5098728))
	  ->  Bitmap Index Scan on k_4  (cost=0.00..5.39 rows=96 width=0)
	        Index Cond: ((k >= 5098628) AND (k <= 5098728))

table 5 : explain SELECT k, c FROM sbtest5 WHERE k BETWEEN 5098628 AND 5098728
	Bitmap Heap Scan on sbtest5  (cost=5.43..389.70 rows=97 width=125)
	  Recheck Cond: ((k >= 5098628) AND (k <= 5098728))
	  ->  Bitmap Index Scan on k_5  (cost=0.00..5.40 rows=97 width=0)
	        Index Cond: ((k >= 5098628) AND (k <= 5098728))

table 6 : explain SELECT k, c FROM sbtest6 WHERE k BETWEEN 5098628 AND 5098728
	Bitmap Heap Scan on sbtest6  (cost=5.43..389.70 rows=97 width=125)
	  Recheck Cond: ((k >= 5098628) AND (k <= 5098728))
	  ->  Bitmap Index Scan on k_6  (cost=0.00..5.40 rows=97 width=0)
	        Index Cond: ((k >= 5098628) AND (k <= 5098728))

table 7 : explain SELECT k, c FROM sbtest7 WHERE k BETWEEN 5098628 AND 5098728
	Bitmap Heap Scan on sbtest7  (cost=5.41..381.85 rows=95 width=125)
	  Recheck Cond: ((k >= 5098628) AND (k <= 5098728))
	  ->  Bitmap Index Scan on k_7  (cost=0.00..5.38 rows=95 width=0)
	        Index Cond: ((k >= 5098628) AND (k <= 5098728))

table 8 : explain SELECT k, c FROM sbtest8 WHERE k BETWEEN 5098628 AND 5098728
	Bitmap Heap Scan on sbtest8  (cost=5.40..377.90 rows=94 width=125)
	  Recheck Cond: ((k >= 5098628) AND (k <= 5098728))
	  ->  Bitmap Index Scan on k_8  (cost=0.00..5.38 rows=94 width=0)
	        Index Cond: ((k >= 5098628) AND (k <= 5098728))

explain: for range-notcovered :: explain SELECT k, c FROM sbtest%d WHERE k BETWEEN 4704269 AND 4704369
explain: for range-notcovered :: explain SELECT k, c FROM sbtest%d WHERE k BETWEEN 3951479 AND 3951579

explain: for range-notcovered :: explain SELECT k, c FROM sbtest%d WHERE k BETWEEN 3925795 AND 3925895
for range-notcovered
table 1 : explain SELECT k, c FROM sbtest1 WHERE k BETWEEN 4410081 AND 4410181
	Bitmap Heap Scan on sbtest1  (cost=5.42..385.68 rows=96 width=125)
	  Recheck Cond: ((k >= 4410081) AND (k <= 4410181))
	  ->  Bitmap Index Scan on k_1  (cost=0.00..5.39 rows=96 width=0)
	        Index Cond: ((k >= 4410081) AND (k <= 4410181))

table 2 : explain SELECT k, c FROM sbtest2 WHERE k BETWEEN 4410081 AND 4410181
	Bitmap Heap Scan on sbtest2  (cost=5.49..413.32 rows=103 width=125)
	  Recheck Cond: ((k >= 4410081) AND (k <= 4410181))
	  ->  Bitmap Index Scan on k_2  (cost=0.00..5.46 rows=103 width=0)
	        Index Cond: ((k >= 4410081) AND (k <= 4410181))

table 3 : explain SELECT k, c FROM sbtest3 WHERE k BETWEEN 4410081 AND 4410181
	Bitmap Heap Scan on sbtest3  (cost=5.45..397.56 rows=99 width=125)
	  Recheck Cond: ((k >= 4410081) AND (k <= 4410181))
	  ->  Bitmap Index Scan on k_3  (cost=0.00..5.42 rows=99 width=0)
	        Index Cond: ((k >= 4410081) AND (k <= 4410181))

table 4 : explain SELECT k, c FROM sbtest4 WHERE k BETWEEN 4410081 AND 4410181
	Bitmap Heap Scan on sbtest4  (cost=5.38..369.97 rows=92 width=125)
	  Recheck Cond: ((k >= 4410081) AND (k <= 4410181))
	  ->  Bitmap Index Scan on k_4  (cost=0.00..5.35 rows=92 width=0)
	        Index Cond: ((k >= 4410081) AND (k <= 4410181))

table 5 : explain SELECT k, c FROM sbtest5 WHERE k BETWEEN 4410081 AND 4410181
	Bitmap Heap Scan on sbtest5  (cost=5.45..397.59 rows=99 width=125)
	  Recheck Cond: ((k >= 4410081) AND (k <= 4410181))
	  ->  Bitmap Index Scan on k_5  (cost=0.00..5.42 rows=99 width=0)
	        Index Cond: ((k >= 4410081) AND (k <= 4410181))

table 6 : explain SELECT k, c FROM sbtest6 WHERE k BETWEEN 4410081 AND 4410181
	Bitmap Heap Scan on sbtest6  (cost=5.44..393.65 rows=98 width=125)
	  Recheck Cond: ((k >= 4410081) AND (k <= 4410181))
	  ->  Bitmap Index Scan on k_6  (cost=0.00..5.42 rows=98 width=0)
	        Index Cond: ((k >= 4410081) AND (k <= 4410181))

table 7 : explain SELECT k, c FROM sbtest7 WHERE k BETWEEN 4410081 AND 4410181
	Bitmap Heap Scan on sbtest7  (cost=5.52..425.23 rows=106 width=125)
	  Recheck Cond: ((k >= 4410081) AND (k <= 4410181))
	  ->  Bitmap Index Scan on k_7  (cost=0.00..5.50 rows=106 width=0)
	        Index Cond: ((k >= 4410081) AND (k <= 4410181))

table 8 : explain SELECT k, c FROM sbtest8 WHERE k BETWEEN 4410081 AND 4410181
	Bitmap Heap Scan on sbtest8  (cost=5.48..409.46 rows=102 width=125)
	  Recheck Cond: ((k >= 4410081) AND (k <= 4410181))
	  ->  Bitmap Index Scan on k_8  (cost=0.00..5.45 rows=102 width=0)
	        Index Cond: ((k >= 4410081) AND (k <= 4410181))


explain: for range-notcovered :: explain SELECT k, c FROM sbtest%d WHERE k BETWEEN 1173834 AND 1173934
for range-notcovered
table 1 : explain SELECT k, c FROM sbtest1 WHERE k BETWEEN 7279562 AND 7279662
	Bitmap Heap Scan on sbtest1  (cost=5.48..409.34 rows=102 width=125)
	  Recheck Cond: ((k >= 7279562) AND (k <= 7279662))
	  ->  Bitmap Index Scan on k_1  (cost=0.00..5.45 rows=102 width=0)
	        Index Cond: ((k >= 7279562) AND (k <= 7279662))

table 2 : explain SELECT k, c FROM sbtest2 WHERE k BETWEEN 7279562 AND 7279662
	Bitmap Heap Scan on sbtest2  (cost=5.49..413.32 rows=103 width=125)
	  Recheck Cond: ((k >= 7279562) AND (k <= 7279662))
	  ->  Bitmap Index Scan on k_2  (cost=0.00..5.46 rows=103 width=0)
	        Index Cond: ((k >= 7279562) AND (k <= 7279662))

table 3 : explain SELECT k, c FROM sbtest3 WHERE k BETWEEN 7279562 AND 7279662
	Bitmap Heap Scan on sbtest3  (cost=5.47..405.44 rows=101 width=125)
	  Recheck Cond: ((k >= 7279562) AND (k <= 7279662))
	  ->  Bitmap Index Scan on k_3  (cost=0.00..5.44 rows=101 width=0)
	        Index Cond: ((k >= 7279562) AND (k <= 7279662))

table 4 : explain SELECT k, c FROM sbtest4 WHERE k BETWEEN 7279562 AND 7279662
	Bitmap Heap Scan on sbtest4  (cost=5.51..421.25 rows=105 width=125)
	  Recheck Cond: ((k >= 7279562) AND (k <= 7279662))
	  ->  Bitmap Index Scan on k_4  (cost=0.00..5.48 rows=105 width=0)
	        Index Cond: ((k >= 7279562) AND (k <= 7279662))

table 5 : explain SELECT k, c FROM sbtest5 WHERE k BETWEEN 7279562 AND 7279662
	Bitmap Heap Scan on sbtest5  (cost=5.47..405.48 rows=101 width=125)
	  Recheck Cond: ((k >= 7279562) AND (k <= 7279662))
	  ->  Bitmap Index Scan on k_5  (cost=0.00..5.44 rows=101 width=0)
	        Index Cond: ((k >= 7279562) AND (k <= 7279662))

table 6 : explain SELECT k, c FROM sbtest6 WHERE k BETWEEN 7279562 AND 7279662
	Bitmap Heap Scan on sbtest6  (cost=5.35..358.13 rows=89 width=125)
	  Recheck Cond: ((k >= 7279562) AND (k <= 7279662))
	  ->  Bitmap Index Scan on k_6  (cost=0.00..5.32 rows=89 width=0)
	        Index Cond: ((k >= 7279562) AND (k <= 7279662))

table 7 : explain SELECT k, c FROM sbtest7 WHERE k BETWEEN 7279562 AND 7279662
	Bitmap Heap Scan on sbtest7  (cost=5.54..433.12 rows=108 width=125)
	  Recheck Cond: ((k >= 7279562) AND (k <= 7279662))
	  ->  Bitmap Index Scan on k_7  (cost=0.00..5.51 rows=108 width=0)
	        Index Cond: ((k >= 7279562) AND (k <= 7279662))

table 8 : explain SELECT k, c FROM sbtest8 WHERE k BETWEEN 7279562 AND 7279662
	Bitmap Heap Scan on sbtest8  (cost=5.54..433.11 rows=108 width=125)
	  Recheck Cond: ((k >= 7279562) AND (k <= 7279662))
	  ->  Bitmap Index Scan on k_8  (cost=0.00..5.51 rows=108 width=0)
	        Index Cond: ((k >= 7279562) AND (k <= 7279662))

explain: for range-notcovered :: explain SELECT k, c FROM sbtest%d WHERE k BETWEEN 5522101 AND 5522201
explain: for range-notcovered :: explain SELECT k, c FROM sbtest%d WHERE k BETWEEN 6859512 AND 6859612
for range-notcovered
table 1 : explain SELECT k, c FROM sbtest1 WHERE k BETWEEN 2639083 AND 2639183
	Bitmap Heap Scan on sbtest1  (cost=5.48..409.34 rows=102 width=125)
	  Recheck Cond: ((k >= 2639083) AND (k <= 2639183))
	  ->  Bitmap Index Scan on k_1  (cost=0.00..5.45 rows=102 width=0)
	        Index Cond: ((k >= 2639083) AND (k <= 2639183))

table 2 : explain SELECT k, c FROM sbtest2 WHERE k BETWEEN 2639083 AND 2639183
	Bitmap Heap Scan on sbtest2  (cost=5.61..460.60 rows=115 width=125)
	  Recheck Cond: ((k >= 2639083) AND (k <= 2639183))
	  ->  Bitmap Index Scan on k_2  (cost=0.00..5.58 rows=115 width=0)
	        Index Cond: ((k >= 2639083) AND (k <= 2639183))

table 3 : explain SELECT k, c FROM sbtest3 WHERE k BETWEEN 2639083 AND 2639183
	Bitmap Heap Scan on sbtest3  (cost=5.47..405.44 rows=101 width=125)
	  Recheck Cond: ((k >= 2639083) AND (k <= 2639183))
	  ->  Bitmap Index Scan on k_3  (cost=0.00..5.44 rows=101 width=0)
	        Index Cond: ((k >= 2639083) AND (k <= 2639183))

table 4 : explain SELECT k, c FROM sbtest4 WHERE k BETWEEN 2639083 AND 2639183
	Bitmap Heap Scan on sbtest4  (cost=5.53..429.13 rows=107 width=125)
	  Recheck Cond: ((k >= 2639083) AND (k <= 2639183))
	  ->  Bitmap Index Scan on k_4  (cost=0.00..5.50 rows=107 width=0)
	        Index Cond: ((k >= 2639083) AND (k <= 2639183))

table 5 : explain SELECT k, c FROM sbtest5 WHERE k BETWEEN 2639083 AND 2639183
	Bitmap Heap Scan on sbtest5  (cost=5.49..413.37 rows=103 width=125)
	  Recheck Cond: ((k >= 2639083) AND (k <= 2639183))
	  ->  Bitmap Index Scan on k_5  (cost=0.00..5.46 rows=103 width=0)
	        Index Cond: ((k >= 2639083) AND (k <= 2639183))

table 6 : explain SELECT k, c FROM sbtest6 WHERE k BETWEEN 2639083 AND 2639183
	Bitmap Heap Scan on sbtest6  (cost=5.49..413.37 rows=103 width=125)
	  Recheck Cond: ((k >= 2639083) AND (k <= 2639183))
	  ->  Bitmap Index Scan on k_6  (cost=0.00..5.46 rows=103 width=0)
	        Index Cond: ((k >= 2639083) AND (k <= 2639183))

table 7 : explain SELECT k, c FROM sbtest7 WHERE k BETWEEN 2639083 AND 2639183
	Bitmap Heap Scan on sbtest7  (cost=5.52..425.23 rows=106 width=125)
	  Recheck Cond: ((k >= 2639083) AND (k <= 2639183))
	  ->  Bitmap Index Scan on k_7  (cost=0.00..5.50 rows=106 width=0)
	        Index Cond: ((k >= 2639083) AND (k <= 2639183))

table 8 : explain SELECT k, c FROM sbtest8 WHERE k BETWEEN 2639083 AND 2639183
	Bitmap Heap Scan on sbtest8  (cost=5.42..385.79 rows=96 width=125)
	  Recheck Cond: ((k >= 2639083) AND (k <= 2639183))
	  ->  Bitmap Index Scan on k_8  (cost=0.00..5.39 rows=96 width=0)
	        Index Cond: ((k >= 2639083) AND (k <= 2639183))

explain: for range-notcovered :: explain SELECT k, c FROM sbtest%d WHERE k BETWEEN 5098628 AND 5098728
explain: for range-notcovered :: explain SELECT k, c FROM sbtest%d WHERE k BETWEEN 5893226 AND 5893326
for range-notcovered
table 1 : explain SELECT k, c FROM sbtest1 WHERE k BETWEEN 6904500 AND 6904600
	Bitmap Heap Scan on sbtest1  (cost=5.56..440.87 rows=110 width=125)
	  Recheck Cond: ((k >= 6904500) AND (k <= 6904600))
	  ->  Bitmap Index Scan on k_1  (cost=0.00..5.53 rows=110 width=0)
	        Index Cond: ((k >= 6904500) AND (k <= 6904600))

table 2 : explain SELECT k, c FROM sbtest2 WHERE k BETWEEN 6904500 AND 6904600
	Bitmap Heap Scan on sbtest2  (cost=5.49..413.32 rows=103 width=125)
	  Recheck Cond: ((k >= 6904500) AND (k <= 6904600))
	  ->  Bitmap Index Scan on k_2  (cost=0.00..5.46 rows=103 width=0)
	        Index Cond: ((k >= 6904500) AND (k <= 6904600))

table 3 : explain SELECT k, c FROM sbtest3 WHERE k BETWEEN 6904500 AND 6904600
	Bitmap Heap Scan on sbtest3  (cost=5.49..413.33 rows=103 width=125)
	  Recheck Cond: ((k >= 6904500) AND (k <= 6904600))
	  ->  Bitmap Index Scan on k_3  (cost=0.00..5.46 rows=103 width=0)
	        Index Cond: ((k >= 6904500) AND (k <= 6904600))

table 4 : explain SELECT k, c FROM sbtest4 WHERE k BETWEEN 6904500 AND 6904600
	Bitmap Heap Scan on sbtest4  (cost=5.38..369.97 rows=92 width=125)
	  Recheck Cond: ((k >= 6904500) AND (k <= 6904600))
	  ->  Bitmap Index Scan on k_4  (cost=0.00..5.35 rows=92 width=0)
	        Index Cond: ((k >= 6904500) AND (k <= 6904600))

table 5 : explain SELECT k, c FROM sbtest5 WHERE k BETWEEN 6904500 AND 6904600
	Bitmap Heap Scan on sbtest5  (cost=5.45..397.59 rows=99 width=125)
	  Recheck Cond: ((k >= 6904500) AND (k <= 6904600))
	  ->  Bitmap Index Scan on k_5  (cost=0.00..5.42 rows=99 width=0)
	        Index Cond: ((k >= 6904500) AND (k <= 6904600))

table 6 : explain SELECT k, c FROM sbtest6 WHERE k BETWEEN 6904500 AND 6904600
	Bitmap Heap Scan on sbtest6  (cost=5.49..413.37 rows=103 width=125)
	  Recheck Cond: ((k >= 6904500) AND (k <= 6904600))
	  ->  Bitmap Index Scan on k_6  (cost=0.00..5.46 rows=103 width=0)
	        Index Cond: ((k >= 6904500) AND (k <= 6904600))

table 7 : explain SELECT k, c FROM sbtest7 WHERE k BETWEEN 6904500 AND 6904600
	Bitmap Heap Scan on sbtest7  (cost=5.45..397.63 rows=99 width=125)
	  Recheck Cond: ((k >= 6904500) AND (k <= 6904600))
	  ->  Bitmap Index Scan on k_7  (cost=0.00..5.42 rows=99 width=0)
	        Index Cond: ((k >= 6904500) AND (k <= 6904600))

table 8 : explain SELECT k, c FROM sbtest8 WHERE k BETWEEN 6904500 AND 6904600
	Bitmap Heap Scan on sbtest8  (cost=5.51..421.29 rows=105 width=125)
	  Recheck Cond: ((k >= 6904500) AND (k <= 6904600))
	  ->  Bitmap Index Scan on k_8  (cost=0.00..5.48 rows=105 width=0)
	        Index Cond: ((k >= 6904500) AND (k <= 6904600))

for range-notcovered
table 1 : explain SELECT k, c FROM sbtest1 WHERE k BETWEEN 7623222 AND 7623322
	Bitmap Heap Scan on sbtest1  (cost=5.55..436.93 rows=109 width=125)
	  Recheck Cond: ((k >= 7623222) AND (k <= 7623322))
	  ->  Bitmap Index Scan on k_1  (cost=0.00..5.52 rows=109 width=0)
	        Index Cond: ((k >= 7623222) AND (k <= 7623322))

table 2 : explain SELECT k, c FROM sbtest2 WHERE k BETWEEN 7623222 AND 7623322
	Bitmap Heap Scan on sbtest2  (cost=5.50..417.27 rows=104 width=125)
	  Recheck Cond: ((k >= 7623222) AND (k <= 7623322))
	  ->  Bitmap Index Scan on k_2  (cost=0.00..5.47 rows=104 width=0)
	        Index Cond: ((k >= 7623222) AND (k <= 7623322))

table 3 : explain SELECT k, c FROM sbtest3 WHERE k BETWEEN 7623222 AND 7623322
	Bitmap Heap Scan on sbtest3  (cost=5.51..421.21 rows=105 width=125)
	  Recheck Cond: ((k >= 7623222) AND (k <= 7623322))
	  ->  Bitmap Index Scan on k_3  (cost=0.00..5.48 rows=105 width=0)
	        Index Cond: ((k >= 7623222) AND (k <= 7623322))

table 4 : explain SELECT k, c FROM sbtest4 WHERE k BETWEEN 7623222 AND 7623322
	Bitmap Heap Scan on sbtest4  (cost=5.60..456.71 rows=114 width=125)
	  Recheck Cond: ((k >= 7623222) AND (k <= 7623322))
	  ->  Bitmap Index Scan on k_4  (cost=0.00..5.58 rows=114 width=0)
	        Index Cond: ((k >= 7623222) AND (k <= 7623322))

table 5 : explain SELECT k, c FROM sbtest5 WHERE k BETWEEN 7623222 AND 7623322
	Bitmap Heap Scan on sbtest5  (cost=5.47..405.48 rows=101 width=125)
	  Recheck Cond: ((k >= 7623222) AND (k <= 7623322))
	  ->  Bitmap Index Scan on k_5  (cost=0.00..5.44 rows=101 width=0)
	        Index Cond: ((k >= 7623222) AND (k <= 7623322))

table 6 : explain SELECT k, c FROM sbtest6 WHERE k BETWEEN 7623222 AND 7623322
	Bitmap Heap Scan on sbtest6  (cost=5.54..433.08 rows=108 width=125)
	  Recheck Cond: ((k >= 7623222) AND (k <= 7623322))
	  ->  Bitmap Index Scan on k_6  (cost=0.00..5.51 rows=108 width=0)
	        Index Cond: ((k >= 7623222) AND (k <= 7623322))

table 7 : explain SELECT k, c FROM sbtest7 WHERE k BETWEEN 7623222 AND 7623322
	Bitmap Heap Scan on sbtest7  (cost=5.47..405.52 rows=101 width=125)
	  Recheck Cond: ((k >= 7623222) AND (k <= 7623322))
	  ->  Bitmap Index Scan on k_7  (cost=0.00..5.44 rows=101 width=0)
	        Index Cond: ((k >= 7623222) AND (k <= 7623322))

table 8 : explain SELECT k, c FROM sbtest8 WHERE k BETWEEN 7623222 AND 7623322
	Bitmap Heap Scan on sbtest8  (cost=5.49..413.40 rows=103 width=125)
	  Recheck Cond: ((k >= 7623222) AND (k <= 7623322))
	  ->  Bitmap Index Scan on k_8  (cost=0.00..5.46 rows=103 width=0)
	        Index Cond: ((k >= 7623222) AND (k <= 7623322))

explain: for range-notcovered :: explain SELECT k, c FROM sbtest%d WHERE k BETWEEN 7000310 AND 7000410
explain: for range-notcovered :: explain SELECT k, c FROM sbtest%d WHERE k BETWEEN 7279562 AND 7279662
for range-notcovered
table 1 : explain SELECT k, c FROM sbtest1 WHERE k BETWEEN 6737646 AND 6737746
	Bitmap Heap Scan on sbtest1  (cost=5.62..464.49 rows=116 width=125)
	  Recheck Cond: ((k >= 6737646) AND (k <= 6737746))
	  ->  Bitmap Index Scan on k_1  (cost=0.00..5.59 rows=116 width=0)
	        Index Cond: ((k >= 6737646) AND (k <= 6737746))

table 2 : explain SELECT k, c FROM sbtest2 WHERE k BETWEEN 6737646 AND 6737746
	Bitmap Heap Scan on sbtest2  (cost=5.56..440.91 rows=110 width=125)
	  Recheck Cond: ((k >= 6737646) AND (k <= 6737746))
	  ->  Bitmap Index Scan on k_2  (cost=0.00..5.53 rows=110 width=0)
	        Index Cond: ((k >= 6737646) AND (k <= 6737746))

table 3 : explain SELECT k, c FROM sbtest3 WHERE k BETWEEN 6737646 AND 6737746
	Bitmap Heap Scan on sbtest3  (cost=5.46..401.50 rows=100 width=125)
	  Recheck Cond: ((k >= 6737646) AND (k <= 6737746))
	  ->  Bitmap Index Scan on k_3  (cost=0.00..5.43 rows=100 width=0)
	        Index Cond: ((k >= 6737646) AND (k <= 6737746))

table 4 : explain SELECT k, c FROM sbtest4 WHERE k BETWEEN 6737646 AND 6737746
	Bitmap Heap Scan on sbtest4  (cost=5.41..381.81 rows=95 width=125)
	  Recheck Cond: ((k >= 6737646) AND (k <= 6737746))
	  ->  Bitmap Index Scan on k_4  (cost=0.00..5.38 rows=95 width=0)
	        Index Cond: ((k >= 6737646) AND (k <= 6737746))

table 5 : explain SELECT k, c FROM sbtest5 WHERE k BETWEEN 6737646 AND 6737746
	Bitmap Heap Scan on sbtest5  (cost=5.47..405.48 rows=101 width=125)
	  Recheck Cond: ((k >= 6737646) AND (k <= 6737746))
	  ->  Bitmap Index Scan on k_5  (cost=0.00..5.44 rows=101 width=0)
	        Index Cond: ((k >= 6737646) AND (k <= 6737746))

table 6 : explain SELECT k, c FROM sbtest6 WHERE k BETWEEN 6737646 AND 6737746
	Bitmap Heap Scan on sbtest6  (cost=5.54..433.08 rows=108 width=125)
	  Recheck Cond: ((k >= 6737646) AND (k <= 6737746))
	  ->  Bitmap Index Scan on k_6  (cost=0.00..5.51 rows=108 width=0)
	        Index Cond: ((k >= 6737646) AND (k <= 6737746))

table 7 : explain SELECT k, c FROM sbtest7 WHERE k BETWEEN 6737646 AND 6737746
	Bitmap Heap Scan on sbtest7  (cost=5.44..393.68 rows=98 width=125)
	  Recheck Cond: ((k >= 6737646) AND (k <= 6737746))
	  ->  Bitmap Index Scan on k_7  (cost=0.00..5.42 rows=98 width=0)
	        Index Cond: ((k >= 6737646) AND (k <= 6737746))

table 8 : explain SELECT k, c FROM sbtest8 WHERE k BETWEEN 6737646 AND 6737746
	Bitmap Heap Scan on sbtest8  (cost=5.48..409.46 rows=102 width=125)
	  Recheck Cond: ((k >= 6737646) AND (k <= 6737746))
	  ->  Bitmap Index Scan on k_8  (cost=0.00..5.45 rows=102 width=0)
	        Index Cond: ((k >= 6737646) AND (k <= 6737746))
explain: for range-notcovered :: explain SELECT k, c FROM sbtest%d WHERE k BETWEEN 4410081 AND 4410181
for range-notcovered
table 1 : explain SELECT k, c FROM sbtest1 WHERE k BETWEEN 4028203 AND 4028303
	Bitmap Heap Scan on sbtest1  (cost=5.54..432.99 rows=108 width=125)
	  Recheck Cond: ((k >= 4028203) AND (k <= 4028303))
	  ->  Bitmap Index Scan on k_1  (cost=0.00..5.51 rows=108 width=0)
	        Index Cond: ((k >= 4028203) AND (k <= 4028303))

table 2 : explain SELECT k, c FROM sbtest2 WHERE k BETWEEN 4028203 AND 4028303
	Bitmap Heap Scan on sbtest2  (cost=5.48..409.38 rows=102 width=125)
	  Recheck Cond: ((k >= 4028203) AND (k <= 4028303))
	  ->  Bitmap Index Scan on k_2  (cost=0.00..5.45 rows=102 width=0)
	        Index Cond: ((k >= 4028203) AND (k <= 4028303))

table 3 : explain SELECT k, c FROM sbtest3 WHERE k BETWEEN 4028203 AND 4028303
	Bitmap Heap Scan on sbtest3  (cost=5.51..421.21 rows=105 width=125)
	  Recheck Cond: ((k >= 4028203) AND (k <= 4028303))
	  ->  Bitmap Index Scan on k_3  (cost=0.00..5.48 rows=105 width=0)
	        Index Cond: ((k >= 4028203) AND (k <= 4028303))

table 4 : explain SELECT k, c FROM sbtest4 WHERE k BETWEEN 4028203 AND 4028303
	Bitmap Heap Scan on sbtest4  (cost=5.47..405.48 rows=101 width=125)
	  Recheck Cond: ((k >= 4028203) AND (k <= 4028303))
	  ->  Bitmap Index Scan on k_4  (cost=0.00..5.44 rows=101 width=0)
	        Index Cond: ((k >= 4028203) AND (k <= 4028303))

table 5 : explain SELECT k, c FROM sbtest5 WHERE k BETWEEN 4028203 AND 4028303
	Bitmap Heap Scan on sbtest5  (cost=5.60..456.71 rows=114 width=125)
	  Recheck Cond: ((k >= 4028203) AND (k <= 4028303))
	  ->  Bitmap Index Scan on k_5  (cost=0.00..5.58 rows=114 width=0)
	        Index Cond: ((k >= 4028203) AND (k <= 4028303))

table 6 : explain SELECT k, c FROM sbtest6 WHERE k BETWEEN 4028203 AND 4028303
	Bitmap Heap Scan on sbtest6  (cost=5.44..393.65 rows=98 width=125)
	  Recheck Cond: ((k >= 4028203) AND (k <= 4028303))
	  ->  Bitmap Index Scan on k_6  (cost=0.00..5.42 rows=98 width=0)
	        Index Cond: ((k >= 4028203) AND (k <= 4028303))

table 7 : explain SELECT k, c FROM sbtest7 WHERE k BETWEEN 4028203 AND 4028303
	Bitmap Heap Scan on sbtest7  (cost=5.44..393.68 rows=98 width=125)
	  Recheck Cond: ((k >= 4028203) AND (k <= 4028303))
	  ->  Bitmap Index Scan on k_7  (cost=0.00..5.42 rows=98 width=0)
	        Index Cond: ((k >= 4028203) AND (k <= 4028303))

table 8 : explain SELECT k, c FROM sbtest8 WHERE k BETWEEN 4028203 AND 4028303
	Bitmap Heap Scan on sbtest8  (cost=5.52..425.23 rows=106 width=125)
	  Recheck Cond: ((k >= 4028203) AND (k <= 4028303))
	  ->  Bitmap Index Scan on k_8  (cost=0.00..5.50 rows=106 width=0)
	        Index Cond: ((k >= 4028203) AND (k <= 4028303))

for range-notcovered
table 1 : explain SELECT k, c FROM sbtest1 WHERE k BETWEEN 5153009 AND 5153109
	Bitmap Heap Scan on sbtest1  (cost=5.50..417.23 rows=104 width=125)
	  Recheck Cond: ((k >= 5153009) AND (k <= 5153109))
	  ->  Bitmap Index Scan on k_1  (cost=0.00..5.47 rows=104 width=0)
	        Index Cond: ((k >= 5153009) AND (k <= 5153109))

table 2 : explain SELECT k, c FROM sbtest2 WHERE k BETWEEN 5153009 AND 5153109
	Bitmap Heap Scan on sbtest2  (cost=5.47..405.44 rows=101 width=125)
	  Recheck Cond: ((k >= 5153009) AND (k <= 5153109))
	  ->  Bitmap Index Scan on k_2  (cost=0.00..5.44 rows=101 width=0)
	        Index Cond: ((k >= 5153009) AND (k <= 5153109))

table 3 : explain SELECT k, c FROM sbtest3 WHERE k BETWEEN 5153009 AND 5153109
	Bitmap Heap Scan on sbtest3  (cost=5.57..444.85 rows=111 width=125)
	  Recheck Cond: ((k >= 5153009) AND (k <= 5153109))
	  ->  Bitmap Index Scan on k_3  (cost=0.00..5.54 rows=111 width=0)
	        Index Cond: ((k >= 5153009) AND (k <= 5153109))

table 4 : explain SELECT k, c FROM sbtest4 WHERE k BETWEEN 5153009 AND 5153109
	Bitmap Heap Scan on sbtest4  (cost=5.56..440.95 rows=110 width=125)
	  Recheck Cond: ((k >= 5153009) AND (k <= 5153109))
	  ->  Bitmap Index Scan on k_4  (cost=0.00..5.53 rows=110 width=0)
	        Index Cond: ((k >= 5153009) AND (k <= 5153109))

table 5 : explain SELECT k, c FROM sbtest5 WHERE k BETWEEN 5153009 AND 5153109
	Bitmap Heap Scan on sbtest5  (cost=5.43..389.70 rows=97 width=125)
	  Recheck Cond: ((k >= 5153009) AND (k <= 5153109))
	  ->  Bitmap Index Scan on k_5  (cost=0.00..5.40 rows=97 width=0)
	        Index Cond: ((k >= 5153009) AND (k <= 5153109))

table 6 : explain SELECT k, c FROM sbtest6 WHERE k BETWEEN 5153009 AND 5153109
	Bitmap Heap Scan on sbtest6  (cost=5.43..389.70 rows=97 width=125)
	  Recheck Cond: ((k >= 5153009) AND (k <= 5153109))
	  ->  Bitmap Index Scan on k_6  (cost=0.00..5.40 rows=97 width=0)
	        Index Cond: ((k >= 5153009) AND (k <= 5153109))

table 7 : explain SELECT k, c FROM sbtest7 WHERE k BETWEEN 5153009 AND 5153109
	Bitmap Heap Scan on sbtest7  (cost=5.54..433.12 rows=108 width=125)
	  Recheck Cond: ((k >= 5153009) AND (k <= 5153109))
	  ->  Bitmap Index Scan on k_7  (cost=0.00..5.51 rows=108 width=0)
	        Index Cond: ((k >= 5153009) AND (k <= 5153109))

table 8 : explain SELECT k, c FROM sbtest8 WHERE k BETWEEN 5153009 AND 5153109
	Bitmap Heap Scan on sbtest8  (cost=5.40..377.90 rows=94 width=125)
	  Recheck Cond: ((k >= 5153009) AND (k <= 5153109))
	  ->  Bitmap Index Scan on k_8  (cost=0.00..5.38 rows=94 width=0)
	        Index Cond: ((k >= 5153009) AND (k <= 5153109))

explain: for range-notcovered :: explain SELECT k, c FROM sbtest%d WHERE k BETWEEN 6904500 AND 6904600

explain: for range-notcovered :: explain SELECT k, c FROM sbtest%d WHERE k BETWEEN 2639083 AND 2639183
explain: for range-notcovered :: explain SELECT k, c FROM sbtest%d WHERE k BETWEEN 7623222 AND 7623322
explain: for range-notcovered :: explain SELECT k, c FROM sbtest%d WHERE k BETWEEN 5153009 AND 5153109
for range-notcovered
table 1 : explain SELECT k, c FROM sbtest1 WHERE k BETWEEN 7804666 AND 7804766
	Bitmap Heap Scan on sbtest1  (cost=5.42..385.68 rows=96 width=125)
	  Recheck Cond: ((k >= 7804666) AND (k <= 7804766))
	  ->  Bitmap Index Scan on k_1  (cost=0.00..5.39 rows=96 width=0)
	        Index Cond: ((k >= 7804666) AND (k <= 7804766))

table 2 : explain SELECT k, c FROM sbtest2 WHERE k BETWEEN 7804666 AND 7804766
	Bitmap Heap Scan on sbtest2  (cost=5.48..409.38 rows=102 width=125)
	  Recheck Cond: ((k >= 7804666) AND (k <= 7804766))
	  ->  Bitmap Index Scan on k_2  (cost=0.00..5.45 rows=102 width=0)
	        Index Cond: ((k >= 7804666) AND (k <= 7804766))

table 3 : explain SELECT k, c FROM sbtest3 WHERE k BETWEEN 7804666 AND 7804766
	Bitmap Heap Scan on sbtest3  (cost=5.48..409.39 rows=102 width=125)
	  Recheck Cond: ((k >= 7804666) AND (k <= 7804766))
	  ->  Bitmap Index Scan on k_3  (cost=0.00..5.45 rows=102 width=0)
	        Index Cond: ((k >= 7804666) AND (k <= 7804766))

table 4 : explain SELECT k, c FROM sbtest4 WHERE k BETWEEN 7804666 AND 7804766
	Bitmap Heap Scan on sbtest4  (cost=5.45..397.59 rows=99 width=125)
	  Recheck Cond: ((k >= 7804666) AND (k <= 7804766))
	  ->  Bitmap Index Scan on k_4  (cost=0.00..5.42 rows=99 width=0)
	        Index Cond: ((k >= 7804666) AND (k <= 7804766))

table 5 : explain SELECT k, c FROM sbtest5 WHERE k BETWEEN 7804666 AND 7804766
	Bitmap Heap Scan on sbtest5  (cost=5.52..425.19 rows=106 width=125)
	  Recheck Cond: ((k >= 7804666) AND (k <= 7804766))
	  ->  Bitmap Index Scan on k_5  (cost=0.00..5.50 rows=106 width=0)
	        Index Cond: ((k >= 7804666) AND (k <= 7804766))

table 6 : explain SELECT k, c FROM sbtest6 WHERE k BETWEEN 7804666 AND 7804766
	Bitmap Heap Scan on sbtest6  (cost=5.51..421.25 rows=105 width=125)
	  Recheck Cond: ((k >= 7804666) AND (k <= 7804766))
	  ->  Bitmap Index Scan on k_6  (cost=0.00..5.48 rows=105 width=0)
	        Index Cond: ((k >= 7804666) AND (k <= 7804766))

table 7 : explain SELECT k, c FROM sbtest7 WHERE k BETWEEN 7804666 AND 7804766
	Bitmap Heap Scan on sbtest7  (cost=5.48..409.46 rows=102 width=125)
	  Recheck Cond: ((k >= 7804666) AND (k <= 7804766))
	  ->  Bitmap Index Scan on k_7  (cost=0.00..5.45 rows=102 width=0)
	        Index Cond: ((k >= 7804666) AND (k <= 7804766))

table 8 : explain SELECT k, c FROM sbtest8 WHERE k BETWEEN 7804666 AND 7804766
	Bitmap Heap Scan on sbtest8  (cost=5.55..437.05 rows=109 width=125)
	  Recheck Cond: ((k >= 7804666) AND (k <= 7804766))
	  ->  Bitmap Index Scan on k_8  (cost=0.00..5.52 rows=109 width=0)
	        Index Cond: ((k >= 7804666) AND (k <= 7804766))

for range-notcovered
table 1 : explain SELECT k, c FROM sbtest1 WHERE k BETWEEN 4243065 AND 4243165
	Bitmap Heap Scan on sbtest1  (cost=5.49..413.29 rows=103 width=125)
	  Recheck Cond: ((k >= 4243065) AND (k <= 4243165))
	  ->  Bitmap Index Scan on k_1  (cost=0.00..5.46 rows=103 width=0)
	        Index Cond: ((k >= 4243065) AND (k <= 4243165))

table 2 : explain SELECT k, c FROM sbtest2 WHERE k BETWEEN 4243065 AND 4243165
	Bitmap Heap Scan on sbtest2  (cost=5.55..436.97 rows=109 width=125)
	  Recheck Cond: ((k >= 4243065) AND (k <= 4243165))
	  ->  Bitmap Index Scan on k_2  (cost=0.00..5.52 rows=109 width=0)
	        Index Cond: ((k >= 4243065) AND (k <= 4243165))

table 3 : explain SELECT k, c FROM sbtest3 WHERE k BETWEEN 4243065 AND 4243165
	Bitmap Heap Scan on sbtest3  (cost=5.47..405.44 rows=101 width=125)
	  Recheck Cond: ((k >= 4243065) AND (k <= 4243165))
	  ->  Bitmap Index Scan on k_3  (cost=0.00..5.44 rows=101 width=0)
	        Index Cond: ((k >= 4243065) AND (k <= 4243165))

table 4 : explain SELECT k, c FROM sbtest4 WHERE k BETWEEN 4243065 AND 4243165
	Bitmap Heap Scan on sbtest4  (cost=5.43..389.70 rows=97 width=125)
	  Recheck Cond: ((k >= 4243065) AND (k <= 4243165))
	  ->  Bitmap Index Scan on k_4  (cost=0.00..5.40 rows=97 width=0)
	        Index Cond: ((k >= 4243065) AND (k <= 4243165))

table 5 : explain SELECT k, c FROM sbtest5 WHERE k BETWEEN 4243065 AND 4243165
	Bitmap Heap Scan on sbtest5  (cost=5.41..381.81 rows=95 width=125)
	  Recheck Cond: ((k >= 4243065) AND (k <= 4243165))
	  ->  Bitmap Index Scan on k_5  (cost=0.00..5.38 rows=95 width=0)
	        Index Cond: ((k >= 4243065) AND (k <= 4243165))

table 6 : explain SELECT k, c FROM sbtest6 WHERE k BETWEEN 4243065 AND 4243165
	Bitmap Heap Scan on sbtest6  (cost=5.48..409.42 rows=102 width=125)
	  Recheck Cond: ((k >= 4243065) AND (k <= 4243165))
	  ->  Bitmap Index Scan on k_6  (cost=0.00..5.45 rows=102 width=0)
	        Index Cond: ((k >= 4243065) AND (k <= 4243165))

table 7 : explain SELECT k, c FROM sbtest7 WHERE k BETWEEN 4243065 AND 4243165
	Bitmap Heap Scan on sbtest7  (cost=5.45..397.63 rows=99 width=125)
	  Recheck Cond: ((k >= 4243065) AND (k <= 4243165))
	  ->  Bitmap Index Scan on k_7  (cost=0.00..5.42 rows=99 width=0)
	        Index Cond: ((k >= 4243065) AND (k <= 4243165))

table 8 : explain SELECT k, c FROM sbtest8 WHERE k BETWEEN 4243065 AND 4243165
	Bitmap Heap Scan on sbtest8  (cost=5.51..421.29 rows=105 width=125)
	  Recheck Cond: ((k >= 4243065) AND (k <= 4243165))
	  ->  Bitmap Index Scan on k_8  (cost=0.00..5.48 rows=105 width=0)
	        Index Cond: ((k >= 4243065) AND (k <= 4243165))

explain: for range-notcovered :: explain SELECT k, c FROM sbtest%d WHERE k BETWEEN 6737646 AND 6737746
explain: for range-notcovered :: explain SELECT k, c FROM sbtest%d WHERE k BETWEEN 7804666 AND 7804766
for range-notcovered
table 1 : explain SELECT k, c FROM sbtest1 WHERE k BETWEEN 7575122 AND 7575222
	Bitmap Heap Scan on sbtest1  (cost=5.45..397.52 rows=99 width=125)
	  Recheck Cond: ((k >= 7575122) AND (k <= 7575222))
	  ->  Bitmap Index Scan on k_1  (cost=0.00..5.42 rows=99 width=0)
	        Index Cond: ((k >= 7575122) AND (k <= 7575222))

table 2 : explain SELECT k, c FROM sbtest2 WHERE k BETWEEN 7575122 AND 7575222
	Bitmap Heap Scan on sbtest2  (cost=5.50..417.27 rows=104 width=125)
	  Recheck Cond: ((k >= 7575122) AND (k <= 7575222))
	  ->  Bitmap Index Scan on k_2  (cost=0.00..5.47 rows=104 width=0)
	        Index Cond: ((k >= 7575122) AND (k <= 7575222))

table 3 : explain SELECT k, c FROM sbtest3 WHERE k BETWEEN 7575122 AND 7575222
	Bitmap Heap Scan on sbtest3  (cost=5.51..421.21 rows=105 width=125)
	  Recheck Cond: ((k >= 7575122) AND (k <= 7575222))
	  ->  Bitmap Index Scan on k_3  (cost=0.00..5.48 rows=105 width=0)
	        Index Cond: ((k >= 7575122) AND (k <= 7575222))

table 4 : explain SELECT k, c FROM sbtest4 WHERE k BETWEEN 7575122 AND 7575222
	Bitmap Heap Scan on sbtest4  (cost=5.51..421.25 rows=105 width=125)
	  Recheck Cond: ((k >= 7575122) AND (k <= 7575222))
	  ->  Bitmap Index Scan on k_4  (cost=0.00..5.48 rows=105 width=0)
	        Index Cond: ((k >= 7575122) AND (k <= 7575222))

table 5 : explain SELECT k, c FROM sbtest5 WHERE k BETWEEN 7575122 AND 7575222
	Bitmap Heap Scan on sbtest5  (cost=5.47..405.48 rows=101 width=125)
	  Recheck Cond: ((k >= 7575122) AND (k <= 7575222))
	  ->  Bitmap Index Scan on k_5  (cost=0.00..5.44 rows=101 width=0)
	        Index Cond: ((k >= 7575122) AND (k <= 7575222))

table 6 : explain SELECT k, c FROM sbtest6 WHERE k BETWEEN 7575122 AND 7575222
	Bitmap Heap Scan on sbtest6  (cost=5.41..381.81 rows=95 width=125)
	  Recheck Cond: ((k >= 7575122) AND (k <= 7575222))
	  ->  Bitmap Index Scan on k_6  (cost=0.00..5.38 rows=95 width=0)
	        Index Cond: ((k >= 7575122) AND (k <= 7575222))

table 7 : explain SELECT k, c FROM sbtest7 WHERE k BETWEEN 7575122 AND 7575222
	Bitmap Heap Scan on sbtest7  (cost=5.45..397.63 rows=99 width=125)
	  Recheck Cond: ((k >= 7575122) AND (k <= 7575222))
	  ->  Bitmap Index Scan on k_7  (cost=0.00..5.42 rows=99 width=0)
	        Index Cond: ((k >= 7575122) AND (k <= 7575222))

table 8 : explain SELECT k, c FROM sbtest8 WHERE k BETWEEN 7575122 AND 7575222
	Bitmap Heap Scan on sbtest8  (cost=5.49..413.40 rows=103 width=125)
	  Recheck Cond: ((k >= 7575122) AND (k <= 7575222))
	  ->  Bitmap Index Scan on k_8  (cost=0.00..5.46 rows=103 width=0)
	        Index Cond: ((k >= 7575122) AND (k <= 7575222))

for range-notcovered
table 1 : explain SELECT k, c FROM sbtest1 WHERE k BETWEEN 3346171 AND 3346271
	Bitmap Heap Scan on sbtest1  (cost=5.49..413.29 rows=103 width=125)
	  Recheck Cond: ((k >= 3346171) AND (k <= 3346271))
	  ->  Bitmap Index Scan on k_1  (cost=0.00..5.46 rows=103 width=0)
	        Index Cond: ((k >= 3346171) AND (k <= 3346271))

table 2 : explain SELECT k, c FROM sbtest2 WHERE k BETWEEN 3346171 AND 3346271
	Bitmap Heap Scan on sbtest2  (cost=5.53..429.09 rows=107 width=125)
	  Recheck Cond: ((k >= 3346171) AND (k <= 3346271))
	  ->  Bitmap Index Scan on k_2  (cost=0.00..5.50 rows=107 width=0)
	        Index Cond: ((k >= 3346171) AND (k <= 3346271))

table 3 : explain SELECT k, c FROM sbtest3 WHERE k BETWEEN 3346171 AND 3346271
	Bitmap Heap Scan on sbtest3  (cost=5.62..464.54 rows=116 width=125)
	  Recheck Cond: ((k >= 3346171) AND (k <= 3346271))
	  ->  Bitmap Index Scan on k_3  (cost=0.00..5.59 rows=116 width=0)
	        Index Cond: ((k >= 3346171) AND (k <= 3346271))

table 4 : explain SELECT k, c FROM sbtest4 WHERE k BETWEEN 3346171 AND 3346271
	Bitmap Heap Scan on sbtest4  (cost=5.57..444.89 rows=111 width=125)
	  Recheck Cond: ((k >= 3346171) AND (k <= 3346271))
	  ->  Bitmap Index Scan on k_4  (cost=0.00..5.54 rows=111 width=0)
	        Index Cond: ((k >= 3346171) AND (k <= 3346271))

table 5 : explain SELECT k, c FROM sbtest5 WHERE k BETWEEN 3346171 AND 3346271
	Bitmap Heap Scan on sbtest5  (cost=5.53..429.13 rows=107 width=125)
	  Recheck Cond: ((k >= 3346171) AND (k <= 3346271))
	  ->  Bitmap Index Scan on k_5  (cost=0.00..5.50 rows=107 width=0)
	        Index Cond: ((k >= 3346171) AND (k <= 3346271))

table 6 : explain SELECT k, c FROM sbtest6 WHERE k BETWEEN 3346171 AND 3346271
	Bitmap Heap Scan on sbtest6  (cost=5.45..397.59 rows=99 width=125)
	  Recheck Cond: ((k >= 3346171) AND (k <= 3346271))
	  ->  Bitmap Index Scan on k_6  (cost=0.00..5.42 rows=99 width=0)
	        Index Cond: ((k >= 3346171) AND (k <= 3346271))

table 7 : explain SELECT k, c FROM sbtest7 WHERE k BETWEEN 3346171 AND 3346271
	Bitmap Heap Scan on sbtest7  (cost=5.38..370.01 rows=92 width=125)
	  Recheck Cond: ((k >= 3346171) AND (k <= 3346271))
	  ->  Bitmap Index Scan on k_7  (cost=0.00..5.35 rows=92 width=0)
	        Index Cond: ((k >= 3346171) AND (k <= 3346271))

table 8 : explain SELECT k, c FROM sbtest8 WHERE k BETWEEN 3346171 AND 3346271
	Bitmap Heap Scan on sbtest8  (cost=5.49..413.40 rows=103 width=125)
	  Recheck Cond: ((k >= 3346171) AND (k <= 3346271))
	  ->  Bitmap Index Scan on k_8  (cost=0.00..5.46 rows=103 width=0)
	        Index Cond: ((k >= 3346171) AND (k <= 3346271))

explain: for range-notcovered :: explain SELECT k, c FROM sbtest%d WHERE k BETWEEN 4243065 AND 4243165
explain: for range-notcovered :: explain SELECT k, c FROM sbtest%d WHERE k BETWEEN 4028203 AND 4028303for range-notcovered
table 1 : explain SELECT k, c FROM sbtest1 WHERE k BETWEEN 4794561 AND 4794661
	Bitmap Heap Scan on sbtest1  (cost=5.54..432.99 rows=108 width=125)
	  Recheck Cond: ((k >= 4794561) AND (k <= 4794661))
	  ->  Bitmap Index Scan on k_1  (cost=0.00..5.51 rows=108 width=0)
	        Index Cond: ((k >= 4794561) AND (k <= 4794661))

table 2 : explain SELECT k, c FROM sbtest2 WHERE k BETWEEN 4794561 AND 4794661
	Bitmap Heap Scan on sbtest2  (cost=5.53..429.09 rows=107 width=125)
	  Recheck Cond: ((k >= 4794561) AND (k <= 4794661))
	  ->  Bitmap Index Scan on k_2  (cost=0.00..5.50 rows=107 width=0)
	        Index Cond: ((k >= 4794561) AND (k <= 4794661))

table 3 : explain SELECT k, c FROM sbtest3 WHERE k BETWEEN 4794561 AND 4794661
	Bitmap Heap Scan on sbtest3  (cost=5.44..393.61 rows=98 width=125)
	  Recheck Cond: ((k >= 4794561) AND (k <= 4794661))
	  ->  Bitmap Index Scan on k_3  (cost=0.00..5.42 rows=98 width=0)
	        Index Cond: ((k >= 4794561) AND (k <= 4794661))

table 4 : explain SELECT k, c FROM sbtest4 WHERE k BETWEEN 4794561 AND 4794661
	Bitmap Heap Scan on sbtest4  (cost=5.56..440.95 rows=110 width=125)
	  Recheck Cond: ((k >= 4794561) AND (k <= 4794661))
	  ->  Bitmap Index Scan on k_4  (cost=0.00..5.53 rows=110 width=0)
	        Index Cond: ((k >= 4794561) AND (k <= 4794661))

table 5 : explain SELECT k, c FROM sbtest5 WHERE k BETWEEN 4794561 AND 4794661
	Bitmap Heap Scan on sbtest5  (cost=5.52..425.19 rows=106 width=125)
	  Recheck Cond: ((k >= 4794561) AND (k <= 4794661))
	  ->  Bitmap Index Scan on k_5  (cost=0.00..5.50 rows=106 width=0)
	        Index Cond: ((k >= 4794561) AND (k <= 4794661))

table 6 : explain SELECT k, c FROM sbtest6 WHERE k BETWEEN 4794561 AND 4794661
	Bitmap Heap Scan on sbtest6  (cost=5.56..440.96 rows=110 width=125)
	  Recheck Cond: ((k >= 4794561) AND (k <= 4794661))
	  ->  Bitmap Index Scan on k_6  (cost=0.00..5.53 rows=110 width=0)
	        Index Cond: ((k >= 4794561) AND (k <= 4794661))

table 7 : explain SELECT k, c FROM sbtest7 WHERE k BETWEEN 4794561 AND 4794661
	Bitmap Heap Scan on sbtest7  (cost=5.68..484.32 rows=121 width=125)
	  Recheck Cond: ((k >= 4794561) AND (k <= 4794661))
	  ->  Bitmap Index Scan on k_7  (cost=0.00..5.64 rows=121 width=0)
	        Index Cond: ((k >= 4794561) AND (k <= 4794661))

table 8 : explain SELECT k, c FROM sbtest8 WHERE k BETWEEN 4794561 AND 4794661
	Bitmap Heap Scan on sbtest8  (cost=5.48..409.46 rows=102 width=125)
	  Recheck Cond: ((k >= 4794561) AND (k <= 4794661))
	  ->  Bitmap Index Scan on k_8  (cost=0.00..5.45 rows=102 width=0)
	        Index Cond: ((k >= 4794561) AND (k <= 4794661))
explain: for range-notcovered :: explain SELECT k, c FROM sbtest%d WHERE k BETWEEN 7575122 AND 7575222
for range-notcovered
table 1 : explain SELECT k, c FROM sbtest1 WHERE k BETWEEN 6091251 AND 6091351
	Bitmap Heap Scan on sbtest1  (cost=5.45..397.52 rows=99 width=125)
	  Recheck Cond: ((k >= 6091251) AND (k <= 6091351))
	  ->  Bitmap Index Scan on k_1  (cost=0.00..5.42 rows=99 width=0)
	        Index Cond: ((k >= 6091251) AND (k <= 6091351))

table 2 : explain SELECT k, c FROM sbtest2 WHERE k BETWEEN 6091251 AND 6091351
	Bitmap Heap Scan on sbtest2  (cost=5.48..409.38 rows=102 width=125)
	  Recheck Cond: ((k >= 6091251) AND (k <= 6091351))
	  ->  Bitmap Index Scan on k_2  (cost=0.00..5.45 rows=102 width=0)
	        Index Cond: ((k >= 6091251) AND (k <= 6091351))

table 3 : explain SELECT k, c FROM sbtest3 WHERE k BETWEEN 6091251 AND 6091351
	Bitmap Heap Scan on sbtest3  (cost=5.55..436.97 rows=109 width=125)
	  Recheck Cond: ((k >= 6091251) AND (k <= 6091351))
	  ->  Bitmap Index Scan on k_3  (cost=0.00..5.52 rows=109 width=0)
	        Index Cond: ((k >= 6091251) AND (k <= 6091351))

table 4 : explain SELECT k, c FROM sbtest4 WHERE k BETWEEN 6091251 AND 6091351
	Bitmap Heap Scan on sbtest4  (cost=5.49..413.36 rows=103 width=125)
	  Recheck Cond: ((k >= 6091251) AND (k <= 6091351))
	  ->  Bitmap Index Scan on k_4  (cost=0.00..5.46 rows=103 width=0)
	        Index Cond: ((k >= 6091251) AND (k <= 6091351))

table 5 : explain SELECT k, c FROM sbtest5 WHERE k BETWEEN 6091251 AND 6091351
	Bitmap Heap Scan on sbtest5  (cost=5.58..448.83 rows=112 width=125)
	  Recheck Cond: ((k >= 6091251) AND (k <= 6091351))
	  ->  Bitmap Index Scan on k_5  (cost=0.00..5.55 rows=112 width=0)
	        Index Cond: ((k >= 6091251) AND (k <= 6091351))

table 6 : explain SELECT k, c FROM sbtest6 WHERE k BETWEEN 6091251 AND 6091351
	Bitmap Heap Scan on sbtest6  (cost=5.43..389.70 rows=97 width=125)
	  Recheck Cond: ((k >= 6091251) AND (k <= 6091351))
	  ->  Bitmap Index Scan on k_6  (cost=0.00..5.40 rows=97 width=0)
	        Index Cond: ((k >= 6091251) AND (k <= 6091351))

table 7 : explain SELECT k, c FROM sbtest7 WHERE k BETWEEN 6091251 AND 6091351
	Bitmap Heap Scan on sbtest7  (cost=5.47..405.52 rows=101 width=125)
	  Recheck Cond: ((k >= 6091251) AND (k <= 6091351))
	  ->  Bitmap Index Scan on k_7  (cost=0.00..5.44 rows=101 width=0)
	        Index Cond: ((k >= 6091251) AND (k <= 6091351))

table 8 : explain SELECT k, c FROM sbtest8 WHERE k BETWEEN 6091251 AND 6091351
	Bitmap Heap Scan on sbtest8  (cost=5.44..393.68 rows=98 width=125)
	  Recheck Cond: ((k >= 6091251) AND (k <= 6091351))
	  ->  Bitmap Index Scan on k_8  (cost=0.00..5.42 rows=98 width=0)
	        Index Cond: ((k >= 6091251) AND (k <= 6091351))


for range-notcovered
table 1 : explain SELECT k, c FROM sbtest1 WHERE k BETWEEN 5399909 AND 5400009
	Bitmap Heap Scan on sbtest1  (cost=5.45..397.52 rows=99 width=125)
	  Recheck Cond: ((k >= 5399909) AND (k <= 5400009))
	  ->  Bitmap Index Scan on k_1  (cost=0.00..5.42 rows=99 width=0)
	        Index Cond: ((k >= 5399909) AND (k <= 5400009))

table 2 : explain SELECT k, c FROM sbtest2 WHERE k BETWEEN 5399909 AND 5400009
	Bitmap Heap Scan on sbtest2  (cost=5.47..405.44 rows=101 width=125)
	  Recheck Cond: ((k >= 5399909) AND (k <= 5400009))
	  ->  Bitmap Index Scan on k_2  (cost=0.00..5.44 rows=101 width=0)
	        Index Cond: ((k >= 5399909) AND (k <= 5400009))

table 3 : explain SELECT k, c FROM sbtest3 WHERE k BETWEEN 5399909 AND 5400009
	Bitmap Heap Scan on sbtest3  (cost=5.45..397.56 rows=99 width=125)
	  Recheck Cond: ((k >= 5399909) AND (k <= 5400009))
	  ->  Bitmap Index Scan on k_3  (cost=0.00..5.42 rows=99 width=0)
	        Index Cond: ((k >= 5399909) AND (k <= 5400009))

table 4 : explain SELECT k, c FROM sbtest4 WHERE k BETWEEN 5399909 AND 5400009
	Bitmap Heap Scan on sbtest4  (cost=5.44..393.65 rows=98 width=125)
	  Recheck Cond: ((k >= 5399909) AND (k <= 5400009))
	  ->  Bitmap Index Scan on k_4  (cost=0.00..5.42 rows=98 width=0)
	        Index Cond: ((k >= 5399909) AND (k <= 5400009))

table 5 : explain SELECT k, c FROM sbtest5 WHERE k BETWEEN 5399909 AND 5400009
	Bitmap Heap Scan on sbtest5  (cost=5.46..401.54 rows=100 width=125)
	  Recheck Cond: ((k >= 5399909) AND (k <= 5400009))
	  ->  Bitmap Index Scan on k_5  (cost=0.00..5.43 rows=100 width=0)
	        Index Cond: ((k >= 5399909) AND (k <= 5400009))

table 6 : explain SELECT k, c FROM sbtest6 WHERE k BETWEEN 5399909 AND 5400009
	Bitmap Heap Scan on sbtest6  (cost=5.57..444.90 rows=111 width=125)
	  Recheck Cond: ((k >= 5399909) AND (k <= 5400009))
	  ->  Bitmap Index Scan on k_6  (cost=0.00..5.54 rows=111 width=0)
	        Index Cond: ((k >= 5399909) AND (k <= 5400009))

table 7 : explain SELECT k, c FROM sbtest7 WHERE k BETWEEN 5399909 AND 5400009
	Bitmap Heap Scan on sbtest7  (cost=5.50..417.35 rows=104 width=125)
	  Recheck Cond: ((k >= 5399909) AND (k <= 5400009))
	  ->  Bitmap Index Scan on k_7  (cost=0.00..5.47 rows=104 width=0)
	        Index Cond: ((k >= 5399909) AND (k <= 5400009))

table 8 : explain SELECT k, c FROM sbtest8 WHERE k BETWEEN 5399909 AND 5400009
	Bitmap Heap Scan on sbtest8  (cost=5.47..405.52 rows=101 width=125)
	  Recheck Cond: ((k >= 5399909) AND (k <= 5400009))
	  ->  Bitmap Index Scan on k_8  (cost=0.00..5.44 rows=101 width=0)
	        Index Cond: ((k >= 5399909) AND (k <= 5400009))

for range-notcovered
table 1 : explain SELECT k, c FROM sbtest1 WHERE k BETWEEN 4455370 AND 4455470
	Bitmap Heap Scan on sbtest1  (cost=5.61..460.55 rows=115 width=125)
	  Recheck Cond: ((k >= 4455370) AND (k <= 4455470))
	  ->  Bitmap Index Scan on k_1  (cost=0.00..5.58 rows=115 width=0)
	        Index Cond: ((k >= 4455370) AND (k <= 4455470))

table 2 : explain SELECT k, c FROM sbtest2 WHERE k BETWEEN 4455370 AND 4455470
	Bitmap Heap Scan on sbtest2  (cost=5.45..397.55 rows=99 width=125)
	  Recheck Cond: ((k >= 4455370) AND (k <= 4455470))
	  ->  Bitmap Index Scan on k_2  (cost=0.00..5.42 rows=99 width=0)
	        Index Cond: ((k >= 4455370) AND (k <= 4455470))

table 3 : explain SELECT k, c FROM sbtest3 WHERE k BETWEEN 4455370 AND 4455470
	Bitmap Heap Scan on sbtest3  (cost=5.45..397.56 rows=99 width=125)
	  Recheck Cond: ((k >= 4455370) AND (k <= 4455470))
	  ->  Bitmap Index Scan on k_3  (cost=0.00..5.42 rows=99 width=0)
	        Index Cond: ((k >= 4455370) AND (k <= 4455470))

table 4 : explain SELECT k, c FROM sbtest4 WHERE k BETWEEN 4455370 AND 4455470
	Bitmap Heap Scan on sbtest4  (cost=5.46..401.53 rows=100 width=125)
	  Recheck Cond: ((k >= 4455370) AND (k <= 4455470))
	  ->  Bitmap Index Scan on k_4  (cost=0.00..5.43 rows=100 width=0)
	        Index Cond: ((k >= 4455370) AND (k <= 4455470))

table 5 : explain SELECT k, c FROM sbtest5 WHERE k BETWEEN 4455370 AND 4455470
	Bitmap Heap Scan on sbtest5  (cost=5.45..397.59 rows=99 width=125)
	  Recheck Cond: ((k >= 4455370) AND (k <= 4455470))
	  ->  Bitmap Index Scan on k_5  (cost=0.00..5.42 rows=99 width=0)
	        Index Cond: ((k >= 4455370) AND (k <= 4455470))

table 6 : explain SELECT k, c FROM sbtest6 WHERE k BETWEEN 4455370 AND 4455470
	Bitmap Heap Scan on sbtest6  (cost=5.44..393.65 rows=98 width=125)
	  Recheck Cond: ((k >= 4455370) AND (k <= 4455470))
	  ->  Bitmap Index Scan on k_6  (cost=0.00..5.42 rows=98 width=0)
	        Index Cond: ((k >= 4455370) AND (k <= 4455470))

table 7 : explain SELECT k, c FROM sbtest7 WHERE k BETWEEN 4455370 AND 4455470
	Bitmap Heap Scan on sbtest7  (cost=5.52..425.23 rows=106 width=125)
	  Recheck Cond: ((k >= 4455370) AND (k <= 4455470))
	  ->  Bitmap Index Scan on k_7  (cost=0.00..5.50 rows=106 width=0)
	        Index Cond: ((k >= 4455370) AND (k <= 4455470))

table 8 : explain SELECT k, c FROM sbtest8 WHERE k BETWEEN 4455370 AND 4455470
	Bitmap Heap Scan on sbtest8  (cost=5.48..409.46 rows=102 width=125)
	  Recheck Cond: ((k >= 4455370) AND (k <= 4455470))
	  ->  Bitmap Index Scan on k_8  (cost=0.00..5.45 rows=102 width=0)
	        Index Cond: ((k >= 4455370) AND (k <= 4455470))

explain: for range-notcovered :: explain SELECT k, c FROM sbtest%d WHERE k BETWEEN 3346171 AND 3346271for range-notcovered
table 1 : explain SELECT k, c FROM sbtest1 WHERE k BETWEEN 6222055 AND 6222155
	Bitmap Heap Scan on sbtest1  (cost=5.48..409.34 rows=102 width=125)
	  Recheck Cond: ((k >= 6222055) AND (k <= 6222155))
	  ->  Bitmap Index Scan on k_1  (cost=0.00..5.45 rows=102 width=0)
	        Index Cond: ((k >= 6222055) AND (k <= 6222155))

table 2 : explain SELECT k, c FROM sbtest2 WHERE k BETWEEN 6222055 AND 6222155
	Bitmap Heap Scan on sbtest2  (cost=5.55..436.97 rows=109 width=125)
	  Recheck Cond: ((k >= 6222055) AND (k <= 6222155))
	  ->  Bitmap Index Scan on k_2  (cost=0.00..5.52 rows=109 width=0)
	        Index Cond: ((k >= 6222055) AND (k <= 6222155))

table 3 : explain SELECT k, c FROM sbtest3 WHERE k BETWEEN 6222055 AND 6222155
	Bitmap Heap Scan on sbtest3  (cost=5.50..417.27 rows=104 width=125)
	  Recheck Cond: ((k >= 6222055) AND (k <= 6222155))
	  ->  Bitmap Index Scan on k_3  (cost=0.00..5.47 rows=104 width=0)
	        Index Cond: ((k >= 6222055) AND (k <= 6222155))

table 4 : explain SELECT k, c FROM sbtest4 WHERE k BETWEEN 6222055 AND 6222155
	Bitmap Heap Scan on sbtest4  (cost=5.48..409.42 rows=102 width=125)
	  Recheck Cond: ((k >= 6222055) AND (k <= 6222155))
	  ->  Bitmap Index Scan on k_4  (cost=0.00..5.45 rows=102 width=0)
	        Index Cond: ((k >= 6222055) AND (k <= 6222155))

table 5 : explain SELECT k, c FROM sbtest5 WHERE k BETWEEN 6222055 AND 6222155
	Bitmap Heap Scan on sbtest5  (cost=5.49..413.37 rows=103 width=125)
	  Recheck Cond: ((k >= 6222055) AND (k <= 6222155))
	  ->  Bitmap Index Scan on k_5  (cost=0.00..5.46 rows=103 width=0)
	        Index Cond: ((k >= 6222055) AND (k <= 6222155))

table 6 : explain SELECT k, c FROM sbtest6 WHERE k BETWEEN 6222055 AND 6222155
	Bitmap Heap Scan on sbtest6  (cost=5.43..389.70 rows=97 width=125)
	  Recheck Cond: ((k >= 6222055) AND (k <= 6222155))
	  ->  Bitmap Index Scan on k_6  (cost=0.00..5.40 rows=97 width=0)
	        Index Cond: ((k >= 6222055) AND (k <= 6222155))

table 7 : explain SELECT k, c FROM sbtest7 WHERE k BETWEEN 6222055 AND 6222155
	Bitmap Heap Scan on sbtest7  (cost=5.45..397.63 rows=99 width=125)
	  Recheck Cond: ((k >= 6222055) AND (k <= 6222155))
	  ->  Bitmap Index Scan on k_7  (cost=0.00..5.42 rows=99 width=0)
	        Index Cond: ((k >= 6222055) AND (k <= 6222155))

table 8 : explain SELECT k, c FROM sbtest8 WHERE k BETWEEN 6222055 AND 6222155
	Bitmap Heap Scan on sbtest8  (cost=5.51..421.29 rows=105 width=125)
	  Recheck Cond: ((k >= 6222055) AND (k <= 6222155))
	  ->  Bitmap Index Scan on k_8  (cost=0.00..5.48 rows=105 width=0)
	        Index Cond: ((k >= 6222055) AND (k <= 6222155))

for range-notcovered
table 1 : explain SELECT k, c FROM sbtest1 WHERE k BETWEEN 8443156 AND 8443256
	Bitmap Heap Scan on sbtest1  (cost=5.54..432.99 rows=108 width=125)
	  Recheck Cond: ((k >= 8443156) AND (k <= 8443256))
	  ->  Bitmap Index Scan on k_1  (cost=0.00..5.51 rows=108 width=0)
	        Index Cond: ((k >= 8443156) AND (k <= 8443256))

table 2 : explain SELECT k, c FROM sbtest2 WHERE k BETWEEN 8443156 AND 8443256
	Bitmap Heap Scan on sbtest2  (cost=5.55..436.97 rows=109 width=125)
	  Recheck Cond: ((k >= 8443156) AND (k <= 8443256))
	  ->  Bitmap Index Scan on k_2  (cost=0.00..5.52 rows=109 width=0)
	        Index Cond: ((k >= 8443156) AND (k <= 8443256))

table 3 : explain SELECT k, c FROM sbtest3 WHERE k BETWEEN 8443156 AND 8443256
	Bitmap Heap Scan on sbtest3  (cost=5.36..362.05 rows=90 width=125)
	  Recheck Cond: ((k >= 8443156) AND (k <= 8443256))
	  ->  Bitmap Index Scan on k_3  (cost=0.00..5.33 rows=90 width=0)
	        Index Cond: ((k >= 8443156) AND (k <= 8443256))

table 4 : explain SELECT k, c FROM sbtest4 WHERE k BETWEEN 8443156 AND 8443256
	Bitmap Heap Scan on sbtest4  (cost=5.46..401.53 rows=100 width=125)
	  Recheck Cond: ((k >= 8443156) AND (k <= 8443256))
	  ->  Bitmap Index Scan on k_4  (cost=0.00..5.43 rows=100 width=0)
	        Index Cond: ((k >= 8443156) AND (k <= 8443256))

table 5 : explain SELECT k, c FROM sbtest5 WHERE k BETWEEN 8443156 AND 8443256
	Bitmap Heap Scan on sbtest5  (cost=5.44..393.65 rows=98 width=125)
	  Recheck Cond: ((k >= 8443156) AND (k <= 8443256))
	  ->  Bitmap Index Scan on k_5  (cost=0.00..5.42 rows=98 width=0)
	        Index Cond: ((k >= 8443156) AND (k <= 8443256))

table 6 : explain SELECT k, c FROM sbtest6 WHERE k BETWEEN 8443156 AND 8443256
	Bitmap Heap Scan on sbtest6  (cost=5.37..366.03 rows=91 width=125)
	  Recheck Cond: ((k >= 8443156) AND (k <= 8443256))
	  ->  Bitmap Index Scan on k_6  (cost=0.00..5.34 rows=91 width=0)
	        Index Cond: ((k >= 8443156) AND (k <= 8443256))

table 7 : explain SELECT k, c FROM sbtest7 WHERE k BETWEEN 8443156 AND 8443256
	Bitmap Heap Scan on sbtest7  (cost=5.45..397.63 rows=99 width=125)
	  Recheck Cond: ((k >= 8443156) AND (k <= 8443256))
	  ->  Bitmap Index Scan on k_7  (cost=0.00..5.42 rows=99 width=0)
	        Index Cond: ((k >= 8443156) AND (k <= 8443256))

table 8 : explain SELECT k, c FROM sbtest8 WHERE k BETWEEN 8443156 AND 8443256
	Bitmap Heap Scan on sbtest8  (cost=5.51..421.29 rows=105 width=125)
	  Recheck Cond: ((k >= 8443156) AND (k <= 8443256))
	  ->  Bitmap Index Scan on k_8  (cost=0.00..5.48 rows=105 width=0)
	        Index Cond: ((k >= 8443156) AND (k <= 8443256))

explain: for range-notcovered :: explain SELECT k, c FROM sbtest%d WHERE k BETWEEN 5399909 AND 5400009
for range-notcovered
table 1 : explain SELECT k, c FROM sbtest1 WHERE k BETWEEN 4249789 AND 4249889
	Bitmap Heap Scan on sbtest1  (cost=5.49..413.29 rows=103 width=125)
	  Recheck Cond: ((k >= 4249789) AND (k <= 4249889))
	  ->  Bitmap Index Scan on k_1  (cost=0.00..5.46 rows=103 width=0)
	        Index Cond: ((k >= 4249789) AND (k <= 4249889))

table 2 : explain SELECT k, c FROM sbtest2 WHERE k BETWEEN 4249789 AND 4249889
	Bitmap Heap Scan on sbtest2  (cost=5.55..436.97 rows=109 width=125)
	  Recheck Cond: ((k >= 4249789) AND (k <= 4249889))
	  ->  Bitmap Index Scan on k_2  (cost=0.00..5.52 rows=109 width=0)
	        Index Cond: ((k >= 4249789) AND (k <= 4249889))

table 3 : explain SELECT k, c FROM sbtest3 WHERE k BETWEEN 4249789 AND 4249889
	Bitmap Heap Scan on sbtest3  (cost=5.47..405.44 rows=101 width=125)
	  Recheck Cond: ((k >= 4249789) AND (k <= 4249889))
	  ->  Bitmap Index Scan on k_3  (cost=0.00..5.44 rows=101 width=0)
	        Index Cond: ((k >= 4249789) AND (k <= 4249889))

table 4 : explain SELECT k, c FROM sbtest4 WHERE k BETWEEN 4249789 AND 4249889
	Bitmap Heap Scan on sbtest4  (cost=5.43..389.70 rows=97 width=125)
	  Recheck Cond: ((k >= 4249789) AND (k <= 4249889))
	  ->  Bitmap Index Scan on k_4  (cost=0.00..5.40 rows=97 width=0)
	        Index Cond: ((k >= 4249789) AND (k <= 4249889))

table 5 : explain SELECT k, c FROM sbtest5 WHERE k BETWEEN 4249789 AND 4249889
	Bitmap Heap Scan on sbtest5  (cost=5.41..381.81 rows=95 width=125)
	  Recheck Cond: ((k >= 4249789) AND (k <= 4249889))
	  ->  Bitmap Index Scan on k_5  (cost=0.00..5.38 rows=95 width=0)
	        Index Cond: ((k >= 4249789) AND (k <= 4249889))

table 6 : explain SELECT k, c FROM sbtest6 WHERE k BETWEEN 4249789 AND 4249889
	Bitmap Heap Scan on sbtest6  (cost=5.48..409.42 rows=102 width=125)
	  Recheck Cond: ((k >= 4249789) AND (k <= 4249889))
	  ->  Bitmap Index Scan on k_6  (cost=0.00..5.45 rows=102 width=0)
	        Index Cond: ((k >= 4249789) AND (k <= 4249889))

table 7 : explain SELECT k, c FROM sbtest7 WHERE k BETWEEN 4249789 AND 4249889
	Bitmap Heap Scan on sbtest7  (cost=5.45..397.63 rows=99 width=125)
	  Recheck Cond: ((k >= 4249789) AND (k <= 4249889))
	  ->  Bitmap Index Scan on k_7  (cost=0.00..5.42 rows=99 width=0)
	        Index Cond: ((k >= 4249789) AND (k <= 4249889))

table 8 : explain SELECT k, c FROM sbtest8 WHERE k BETWEEN 4249789 AND 4249889
	Bitmap Heap Scan on sbtest8  (cost=5.51..421.29 rows=105 width=125)
	  Recheck Cond: ((k >= 4249789) AND (k <= 4249889))
	  ->  Bitmap Index Scan on k_8  (cost=0.00..5.48 rows=105 width=0)
	        Index Cond: ((k >= 4249789) AND (k <= 4249889))


for range-notcovered
table 1 : explain SELECT k, c FROM sbtest1 WHERE k BETWEEN 8296793 AND 8296893
	Bitmap Heap Scan on sbtest1  (cost=5.51..421.17 rows=105 width=125)
	  Recheck Cond: ((k >= 8296793) AND (k <= 8296893))
	  ->  Bitmap Index Scan on k_1  (cost=0.00..5.48 rows=105 width=0)
	        Index Cond: ((k >= 8296793) AND (k <= 8296893))

table 2 : explain SELECT k, c FROM sbtest2 WHERE k BETWEEN 8296793 AND 8296893
	Bitmap Heap Scan on sbtest2  (cost=5.47..405.44 rows=101 width=125)
	  Recheck Cond: ((k >= 8296793) AND (k <= 8296893))
	  ->  Bitmap Index Scan on k_2  (cost=0.00..5.44 rows=101 width=0)
	        Index Cond: ((k >= 8296793) AND (k <= 8296893))

table 3 : explain SELECT k, c FROM sbtest3 WHERE k BETWEEN 8296793 AND 8296893
	Bitmap Heap Scan on sbtest3  (cost=5.42..385.72 rows=96 width=125)
	  Recheck Cond: ((k >= 8296793) AND (k <= 8296893))
	  ->  Bitmap Index Scan on k_3  (cost=0.00..5.39 rows=96 width=0)
	        Index Cond: ((k >= 8296793) AND (k <= 8296893))

table 4 : explain SELECT k, c FROM sbtest4 WHERE k BETWEEN 8296793 AND 8296893
	Bitmap Heap Scan on sbtest4  (cost=5.36..362.07 rows=90 width=125)
	  Recheck Cond: ((k >= 8296793) AND (k <= 8296893))
	  ->  Bitmap Index Scan on k_4  (cost=0.00..5.33 rows=90 width=0)
	        Index Cond: ((k >= 8296793) AND (k <= 8296893))

table 5 : explain SELECT k, c FROM sbtest5 WHERE k BETWEEN 8296793 AND 8296893
	Bitmap Heap Scan on sbtest5  (cost=5.57..444.90 rows=111 width=125)
	  Recheck Cond: ((k >= 8296793) AND (k <= 8296893))
	  ->  Bitmap Index Scan on k_5  (cost=0.00..5.54 rows=111 width=0)
	        Index Cond: ((k >= 8296793) AND (k <= 8296893))

table 6 : explain SELECT k, c FROM sbtest6 WHERE k BETWEEN 8296793 AND 8296893
	Bitmap Heap Scan on sbtest6  (cost=5.46..401.54 rows=100 width=125)
	  Recheck Cond: ((k >= 8296793) AND (k <= 8296893))
	  ->  Bitmap Index Scan on k_6  (cost=0.00..5.43 rows=100 width=0)
	        Index Cond: ((k >= 8296793) AND (k <= 8296893))

table 7 : explain SELECT k, c FROM sbtest7 WHERE k BETWEEN 8296793 AND 8296893
	Bitmap Heap Scan on sbtest7  (cost=5.42..385.79 rows=96 width=125)
	  Recheck Cond: ((k >= 8296793) AND (k <= 8296893))
	  ->  Bitmap Index Scan on k_7  (cost=0.00..5.39 rows=96 width=0)
	        Index Cond: ((k >= 8296793) AND (k <= 8296893))

table 8 : explain SELECT k, c FROM sbtest8 WHERE k BETWEEN 8296793 AND 8296893
	Bitmap Heap Scan on sbtest8  (cost=5.44..393.68 rows=98 width=125)
	  Recheck Cond: ((k >= 8296793) AND (k <= 8296893))
	  ->  Bitmap Index Scan on k_8  (cost=0.00..5.42 rows=98 width=0)
	        Index Cond: ((k >= 8296793) AND (k <= 8296893))
explain: for range-notcovered :: explain SELECT k, c FROM sbtest%d WHERE k BETWEEN 4794561 AND 4794661
for range-notcovered
table 1 : explain SELECT k, c FROM sbtest1 WHERE k BETWEEN 5860106 AND 5860206
	Bitmap Heap Scan on sbtest1  (cost=5.43..389.63 rows=97 width=125)
	  Recheck Cond: ((k >= 5860106) AND (k <= 5860206))
	  ->  Bitmap Index Scan on k_1  (cost=0.00..5.40 rows=97 width=0)
	        Index Cond: ((k >= 5860106) AND (k <= 5860206))

table 2 : explain SELECT k, c FROM sbtest2 WHERE k BETWEEN 5860106 AND 5860206
	Bitmap Heap Scan on sbtest2  (cost=5.47..405.44 rows=101 width=125)
	  Recheck Cond: ((k >= 5860106) AND (k <= 5860206))
	  ->  Bitmap Index Scan on k_2  (cost=0.00..5.44 rows=101 width=0)
	        Index Cond: ((k >= 5860106) AND (k <= 5860206))

table 3 : explain SELECT k, c FROM sbtest3 WHERE k BETWEEN 5860106 AND 5860206
	Bitmap Heap Scan on sbtest3  (cost=5.51..421.21 rows=105 width=125)
	  Recheck Cond: ((k >= 5860106) AND (k <= 5860206))
	  ->  Bitmap Index Scan on k_3  (cost=0.00..5.48 rows=105 width=0)
	        Index Cond: ((k >= 5860106) AND (k <= 5860206))

table 4 : explain SELECT k, c FROM sbtest4 WHERE k BETWEEN 5860106 AND 5860206
	Bitmap Heap Scan on sbtest4  (cost=5.52..425.19 rows=106 width=125)
	  Recheck Cond: ((k >= 5860106) AND (k <= 5860206))
	  ->  Bitmap Index Scan on k_4  (cost=0.00..5.50 rows=106 width=0)
	        Index Cond: ((k >= 5860106) AND (k <= 5860206))

table 5 : explain SELECT k, c FROM sbtest5 WHERE k BETWEEN 5860106 AND 5860206
	Bitmap Heap Scan on sbtest5  (cost=5.40..377.87 rows=94 width=125)
	  Recheck Cond: ((k >= 5860106) AND (k <= 5860206))
	  ->  Bitmap Index Scan on k_5  (cost=0.00..5.38 rows=94 width=0)
	        Index Cond: ((k >= 5860106) AND (k <= 5860206))

table 6 : explain SELECT k, c FROM sbtest6 WHERE k BETWEEN 5860106 AND 5860206
	Bitmap Heap Scan on sbtest6  (cost=5.41..381.81 rows=95 width=125)
	  Recheck Cond: ((k >= 5860106) AND (k <= 5860206))
	  ->  Bitmap Index Scan on k_6  (cost=0.00..5.38 rows=95 width=0)
	        Index Cond: ((k >= 5860106) AND (k <= 5860206))

table 7 : explain SELECT k, c FROM sbtest7 WHERE k BETWEEN 5860106 AND 5860206
	Bitmap Heap Scan on sbtest7  (cost=5.57..444.94 rows=111 width=125)
	  Recheck Cond: ((k >= 5860106) AND (k <= 5860206))
	  ->  Bitmap Index Scan on k_7  (cost=0.00..5.54 rows=111 width=0)
	        Index Cond: ((k >= 5860106) AND (k <= 5860206))

table 8 : explain SELECT k, c FROM sbtest8 WHERE k BETWEEN 5860106 AND 5860206
	Bitmap Heap Scan on sbtest8  (cost=5.42..385.79 rows=96 width=125)
	  Recheck Cond: ((k >= 5860106) AND (k <= 5860206))
	  ->  Bitmap Index Scan on k_8  (cost=0.00..5.39 rows=96 width=0)
	        Index Cond: ((k >= 5860106) AND (k <= 5860206))

for range-notcovered
table 1 : explain SELECT k, c FROM sbtest1 WHERE k BETWEEN 3394656 AND 3394756
	Bitmap Heap Scan on sbtest1  (cost=5.49..413.29 rows=103 width=125)
	  Recheck Cond: ((k >= 3394656) AND (k <= 3394756))
	  ->  Bitmap Index Scan on k_1  (cost=0.00..5.46 rows=103 width=0)
	        Index Cond: ((k >= 3394656) AND (k <= 3394756))

table 2 : explain SELECT k, c FROM sbtest2 WHERE k BETWEEN 3394656 AND 3394756
	Bitmap Heap Scan on sbtest2  (cost=5.53..429.09 rows=107 width=125)
	  Recheck Cond: ((k >= 3394656) AND (k <= 3394756))
	  ->  Bitmap Index Scan on k_2  (cost=0.00..5.50 rows=107 width=0)
	        Index Cond: ((k >= 3394656) AND (k <= 3394756))

table 3 : explain SELECT k, c FROM sbtest3 WHERE k BETWEEN 3394656 AND 3394756
	Bitmap Heap Scan on sbtest3  (cost=5.48..409.39 rows=102 width=125)
	  Recheck Cond: ((k >= 3394656) AND (k <= 3394756))
	  ->  Bitmap Index Scan on k_3  (cost=0.00..5.45 rows=102 width=0)
	        Index Cond: ((k >= 3394656) AND (k <= 3394756))

table 4 : explain SELECT k, c FROM sbtest4 WHERE k BETWEEN 3394656 AND 3394756
	Bitmap Heap Scan on sbtest4  (cost=5.42..385.75 rows=96 width=125)
	  Recheck Cond: ((k >= 3394656) AND (k <= 3394756))
	  ->  Bitmap Index Scan on k_4  (cost=0.00..5.39 rows=96 width=0)
	        Index Cond: ((k >= 3394656) AND (k <= 3394756))

table 5 : explain SELECT k, c FROM sbtest5 WHERE k BETWEEN 3394656 AND 3394756
	Bitmap Heap Scan on sbtest5  (cost=5.56..440.96 rows=110 width=125)
	  Recheck Cond: ((k >= 3394656) AND (k <= 3394756))
	  ->  Bitmap Index Scan on k_5  (cost=0.00..5.53 rows=110 width=0)
	        Index Cond: ((k >= 3394656) AND (k <= 3394756))

table 6 : explain SELECT k, c FROM sbtest6 WHERE k BETWEEN 3394656 AND 3394756
	Bitmap Heap Scan on sbtest6  (cost=5.41..381.81 rows=95 width=125)
	  Recheck Cond: ((k >= 3394656) AND (k <= 3394756))
	  ->  Bitmap Index Scan on k_6  (cost=0.00..5.38 rows=95 width=0)
	        Index Cond: ((k >= 3394656) AND (k <= 3394756))

table 7 : explain SELECT k, c FROM sbtest7 WHERE k BETWEEN 3394656 AND 3394756
	Bitmap Heap Scan on sbtest7  (cost=5.38..370.01 rows=92 width=125)
	  Recheck Cond: ((k >= 3394656) AND (k <= 3394756))
	  ->  Bitmap Index Scan on k_7  (cost=0.00..5.35 rows=92 width=0)
	        Index Cond: ((k >= 3394656) AND (k <= 3394756))

table 8 : explain SELECT k, c FROM sbtest8 WHERE k BETWEEN 3394656 AND 3394756
	Bitmap Heap Scan on sbtest8  (cost=5.49..413.40 rows=103 width=125)
	  Recheck Cond: ((k >= 3394656) AND (k <= 3394756))
	  ->  Bitmap Index Scan on k_8  (cost=0.00..5.46 rows=103 width=0)
	        Index Cond: ((k >= 3394656) AND (k <= 3394756))


explain: for range-notcovered :: explain SELECT k, c FROM sbtest%d WHERE k BETWEEN 4455370 AND 4455470
for range-notcovered
table 1 : explain SELECT k, c FROM sbtest1 WHERE k BETWEEN 3951479 AND 3951579
	Bitmap Heap Scan on sbtest1  (cost=5.54..432.99 rows=108 width=125)
	  Recheck Cond: ((k >= 3951479) AND (k <= 3951579))
	  ->  Bitmap Index Scan on k_1  (cost=0.00..5.51 rows=108 width=0)
	        Index Cond: ((k >= 3951479) AND (k <= 3951579))

table 2 : explain SELECT k, c FROM sbtest2 WHERE k BETWEEN 3951479 AND 3951579
	Bitmap Heap Scan on sbtest2  (cost=5.46..401.50 rows=100 width=125)
	  Recheck Cond: ((k >= 3951479) AND (k <= 3951579))
	  ->  Bitmap Index Scan on k_2  (cost=0.00..5.43 rows=100 width=0)
	        Index Cond: ((k >= 3951479) AND (k <= 3951579))

table 3 : explain SELECT k, c FROM sbtest3 WHERE k BETWEEN 3951479 AND 3951579
	Bitmap Heap Scan on sbtest3  (cost=5.47..405.44 rows=101 width=125)
	  Recheck Cond: ((k >= 3951479) AND (k <= 3951579))
	  ->  Bitmap Index Scan on k_3  (cost=0.00..5.44 rows=101 width=0)
	        Index Cond: ((k >= 3951479) AND (k <= 3951579))

table 4 : explain SELECT k, c FROM sbtest4 WHERE k BETWEEN 3951479 AND 3951579
	Bitmap Heap Scan on sbtest4  (cost=5.60..456.71 rows=114 width=125)
	  Recheck Cond: ((k >= 3951479) AND (k <= 3951579))
	  ->  Bitmap Index Scan on k_4  (cost=0.00..5.58 rows=114 width=0)
	        Index Cond: ((k >= 3951479) AND (k <= 3951579))

table 5 : explain SELECT k, c FROM sbtest5 WHERE k BETWEEN 3951479 AND 3951579
	Bitmap Heap Scan on sbtest5  (cost=5.54..433.08 rows=108 width=125)
	  Recheck Cond: ((k >= 3951479) AND (k <= 3951579))
	  ->  Bitmap Index Scan on k_5  (cost=0.00..5.51 rows=108 width=0)
	        Index Cond: ((k >= 3951479) AND (k <= 3951579))

table 6 : explain SELECT k, c FROM sbtest6 WHERE k BETWEEN 3951479 AND 3951579
	Bitmap Heap Scan on sbtest6  (cost=5.50..417.31 rows=104 width=125)
	  Recheck Cond: ((k >= 3951479) AND (k <= 3951579))
	  ->  Bitmap Index Scan on k_6  (cost=0.00..5.47 rows=104 width=0)
	        Index Cond: ((k >= 3951479) AND (k <= 3951579))

table 7 : explain SELECT k, c FROM sbtest7 WHERE k BETWEEN 3951479 AND 3951579
	Bitmap Heap Scan on sbtest7  (cost=5.44..393.68 rows=98 width=125)
	  Recheck Cond: ((k >= 3951479) AND (k <= 3951579))
	  ->  Bitmap Index Scan on k_7  (cost=0.00..5.42 rows=98 width=0)
	        Index Cond: ((k >= 3951479) AND (k <= 3951579))

table 8 : explain SELECT k, c FROM sbtest8 WHERE k BETWEEN 3951479 AND 3951579
	Bitmap Heap Scan on sbtest8  (cost=5.56..441.00 rows=110 width=125)
	  Recheck Cond: ((k >= 3951479) AND (k <= 3951579))
	  ->  Bitmap Index Scan on k_8  (cost=0.00..5.53 rows=110 width=0)
	        Index Cond: ((k >= 3951479) AND (k <= 3951579))

explain: for range-notcovered :: explain SELECT k, c FROM sbtest%d WHERE k BETWEEN 6222055 AND 6222155
explain: for range-notcovered :: explain SELECT k, c FROM sbtest%d WHERE k BETWEEN 8443156 AND 8443256explain: for range-notcovered :: explain SELECT k, c FROM sbtest%d WHERE k BETWEEN 3394656 AND 3394756
for range-notcovered
table 1 : explain SELECT k, c FROM sbtest1 WHERE k BETWEEN 6408735 AND 6408835
	Bitmap Heap Scan on sbtest1  (cost=5.50..417.23 rows=104 width=125)
	  Recheck Cond: ((k >= 6408735) AND (k <= 6408835))
	  ->  Bitmap Index Scan on k_1  (cost=0.00..5.47 rows=104 width=0)
	        Index Cond: ((k >= 6408735) AND (k <= 6408835))

table 2 : explain SELECT k, c FROM sbtest2 WHERE k BETWEEN 6408735 AND 6408835
	Bitmap Heap Scan on sbtest2  (cost=5.42..385.72 rows=96 width=125)
	  Recheck Cond: ((k >= 6408735) AND (k <= 6408835))
	  ->  Bitmap Index Scan on k_2  (cost=0.00..5.39 rows=96 width=0)
	        Index Cond: ((k >= 6408735) AND (k <= 6408835))

table 3 : explain SELECT k, c FROM sbtest3 WHERE k BETWEEN 6408735 AND 6408835
	Bitmap Heap Scan on sbtest3  (cost=5.49..413.33 rows=103 width=125)
	  Recheck Cond: ((k >= 6408735) AND (k <= 6408835))
	  ->  Bitmap Index Scan on k_3  (cost=0.00..5.46 rows=103 width=0)
	        Index Cond: ((k >= 6408735) AND (k <= 6408835))

table 4 : explain SELECT k, c FROM sbtest4 WHERE k BETWEEN 6408735 AND 6408835
	Bitmap Heap Scan on sbtest4  (cost=5.47..405.48 rows=101 width=125)
	  Recheck Cond: ((k >= 6408735) AND (k <= 6408835))
	  ->  Bitmap Index Scan on k_4  (cost=0.00..5.44 rows=101 width=0)
	        Index Cond: ((k >= 6408735) AND (k <= 6408835))

table 5 : explain SELECT k, c FROM sbtest5 WHERE k BETWEEN 6408735 AND 6408835
	Bitmap Heap Scan on sbtest5  (cost=5.46..401.54 rows=100 width=125)
	  Recheck Cond: ((k >= 6408735) AND (k <= 6408835))
	  ->  Bitmap Index Scan on k_5  (cost=0.00..5.43 rows=100 width=0)
	        Index Cond: ((k >= 6408735) AND (k <= 6408835))

table 6 : explain SELECT k, c FROM sbtest6 WHERE k BETWEEN 6408735 AND 6408835
	Bitmap Heap Scan on sbtest6  (cost=5.51..421.25 rows=105 width=125)
	  Recheck Cond: ((k >= 6408735) AND (k <= 6408835))
	  ->  Bitmap Index Scan on k_6  (cost=0.00..5.48 rows=105 width=0)
	        Index Cond: ((k >= 6408735) AND (k <= 6408835))

table 7 : explain SELECT k, c FROM sbtest7 WHERE k BETWEEN 6408735 AND 6408835
	Bitmap Heap Scan on sbtest7  (cost=5.37..366.06 rows=91 width=125)
	  Recheck Cond: ((k >= 6408735) AND (k <= 6408835))
	  ->  Bitmap Index Scan on k_7  (cost=0.00..5.34 rows=91 width=0)
	        Index Cond: ((k >= 6408735) AND (k <= 6408835))

table 8 : explain SELECT k, c FROM sbtest8 WHERE k BETWEEN 6408735 AND 6408835
	Bitmap Heap Scan on sbtest8  (cost=5.38..370.00 rows=92 width=125)
	  Recheck Cond: ((k >= 6408735) AND (k <= 6408835))
	  ->  Bitmap Index Scan on k_8  (cost=0.00..5.35 rows=92 width=0)
	        Index Cond: ((k >= 6408735) AND (k <= 6408835))

explain: for range-notcovered :: explain SELECT k, c FROM sbtest%d WHERE k BETWEEN 4249789 AND 4249889
for range-notcovered
table 1 : explain SELECT k, c FROM sbtest1 WHERE k BETWEEN 3925795 AND 3925895
	Bitmap Heap Scan on sbtest1  (cost=5.36..362.01 rows=90 width=125)
	  Recheck Cond: ((k >= 3925795) AND (k <= 3925895))
	  ->  Bitmap Index Scan on k_1  (cost=0.00..5.33 rows=90 width=0)
	        Index Cond: ((k >= 3925795) AND (k <= 3925895))

table 2 : explain SELECT k, c FROM sbtest2 WHERE k BETWEEN 3925795 AND 3925895
	Bitmap Heap Scan on sbtest2  (cost=5.46..401.50 rows=100 width=125)
	  Recheck Cond: ((k >= 3925795) AND (k <= 3925895))
	  ->  Bitmap Index Scan on k_2  (cost=0.00..5.43 rows=100 width=0)
	        Index Cond: ((k >= 3925795) AND (k <= 3925895))

table 3 : explain SELECT k, c FROM sbtest3 WHERE k BETWEEN 3925795 AND 3925895
	Bitmap Heap Scan on sbtest3  (cost=5.47..405.44 rows=101 width=125)
	  Recheck Cond: ((k >= 3925795) AND (k <= 3925895))
	  ->  Bitmap Index Scan on k_3  (cost=0.00..5.44 rows=101 width=0)
	        Index Cond: ((k >= 3925795) AND (k <= 3925895))

table 4 : explain SELECT k, c FROM sbtest4 WHERE k BETWEEN 3925795 AND 3925895
	Bitmap Heap Scan on sbtest4  (cost=5.37..366.02 rows=91 width=125)
	  Recheck Cond: ((k >= 3925795) AND (k <= 3925895))
	  ->  Bitmap Index Scan on k_4  (cost=0.00..5.34 rows=91 width=0)
	        Index Cond: ((k >= 3925795) AND (k <= 3925895))

table 5 : explain SELECT k, c FROM sbtest5 WHERE k BETWEEN 3925795 AND 3925895
	Bitmap Heap Scan on sbtest5  (cost=5.54..433.08 rows=108 width=125)
	  Recheck Cond: ((k >= 3925795) AND (k <= 3925895))
	  ->  Bitmap Index Scan on k_5  (cost=0.00..5.51 rows=108 width=0)
	        Index Cond: ((k >= 3925795) AND (k <= 3925895))

table 6 : explain SELECT k, c FROM sbtest6 WHERE k BETWEEN 3925795 AND 3925895
	Bitmap Heap Scan on sbtest6  (cost=5.50..417.31 rows=104 width=125)
	  Recheck Cond: ((k >= 3925795) AND (k <= 3925895))
	  ->  Bitmap Index Scan on k_6  (cost=0.00..5.47 rows=104 width=0)
	        Index Cond: ((k >= 3925795) AND (k <= 3925895))

table 7 : explain SELECT k, c FROM sbtest7 WHERE k BETWEEN 3925795 AND 3925895
	Bitmap Heap Scan on sbtest7  (cost=5.53..429.18 rows=107 width=125)
	  Recheck Cond: ((k >= 3925795) AND (k <= 3925895))
	  ->  Bitmap Index Scan on k_7  (cost=0.00..5.50 rows=107 width=0)
	        Index Cond: ((k >= 3925795) AND (k <= 3925895))

table 8 : explain SELECT k, c FROM sbtest8 WHERE k BETWEEN 3925795 AND 3925895
	Bitmap Heap Scan on sbtest8  (cost=5.56..441.00 rows=110 width=125)
	  Recheck Cond: ((k >= 3925795) AND (k <= 3925895))
	  ->  Bitmap Index Scan on k_8  (cost=0.00..5.53 rows=110 width=0)
	        Index Cond: ((k >= 3925795) AND (k <= 3925895))

explain: for range-notcovered :: explain SELECT k, c FROM sbtest%d WHERE k BETWEEN 5860106 AND 5860206for range-notcovered
table 1 : explain SELECT k, c FROM sbtest1 WHERE k BETWEEN 1173834 AND 1173934
	Bitmap Heap Scan on sbtest1  (cost=5.54..432.99 rows=108 width=125)
	  Recheck Cond: ((k >= 1173834) AND (k <= 1173934))
	  ->  Bitmap Index Scan on k_1  (cost=0.00..5.51 rows=108 width=0)
	        Index Cond: ((k >= 1173834) AND (k <= 1173934))

table 2 : explain SELECT k, c FROM sbtest2 WHERE k BETWEEN 1173834 AND 1173934
	Bitmap Heap Scan on sbtest2  (cost=5.53..429.09 rows=107 width=125)
	  Recheck Cond: ((k >= 1173834) AND (k <= 1173934))
	  ->  Bitmap Index Scan on k_2  (cost=0.00..5.50 rows=107 width=0)
	        Index Cond: ((k >= 1173834) AND (k <= 1173934))

table 3 : explain SELECT k, c FROM sbtest3 WHERE k BETWEEN 1173834 AND 1173934
	Bitmap Heap Scan on sbtest3  (cost=5.42..385.72 rows=96 width=125)
	  Recheck Cond: ((k >= 1173834) AND (k <= 1173934))
	  ->  Bitmap Index Scan on k_3  (cost=0.00..5.39 rows=96 width=0)
	        Index Cond: ((k >= 1173834) AND (k <= 1173934))

table 4 : explain SELECT k, c FROM sbtest4 WHERE k BETWEEN 1173834 AND 1173934
	Bitmap Heap Scan on sbtest4  (cost=5.38..369.97 rows=92 width=125)
	  Recheck Cond: ((k >= 1173834) AND (k <= 1173934))
	  ->  Bitmap Index Scan on k_4  (cost=0.00..5.35 rows=92 width=0)
	        Index Cond: ((k >= 1173834) AND (k <= 1173934))

table 5 : explain SELECT k, c FROM sbtest5 WHERE k BETWEEN 1173834 AND 1173934
	Bitmap Heap Scan on sbtest5  (cost=5.42..385.76 rows=96 width=125)
	  Recheck Cond: ((k >= 1173834) AND (k <= 1173934))
	  ->  Bitmap Index Scan on k_5  (cost=0.00..5.39 rows=96 width=0)
	        Index Cond: ((k >= 1173834) AND (k <= 1173934))

table 6 : explain SELECT k, c FROM sbtest6 WHERE k BETWEEN 1173834 AND 1173934
	Bitmap Heap Scan on sbtest6  (cost=5.53..429.13 rows=107 width=125)
	  Recheck Cond: ((k >= 1173834) AND (k <= 1173934))
	  ->  Bitmap Index Scan on k_6  (cost=0.00..5.50 rows=107 width=0)
	        Index Cond: ((k >= 1173834) AND (k <= 1173934))

table 7 : explain SELECT k, c FROM sbtest7 WHERE k BETWEEN 1173834 AND 1173934
	Bitmap Heap Scan on sbtest7  (cost=5.47..405.52 rows=101 width=125)
	  Recheck Cond: ((k >= 1173834) AND (k <= 1173934))
	  ->  Bitmap Index Scan on k_7  (cost=0.00..5.44 rows=101 width=0)
	        Index Cond: ((k >= 1173834) AND (k <= 1173934))

table 8 : explain SELECT k, c FROM sbtest8 WHERE k BETWEEN 1173834 AND 1173934
	Bitmap Heap Scan on sbtest8  (cost=5.56..441.00 rows=110 width=125)
	  Recheck Cond: ((k >= 1173834) AND (k <= 1173934))
	  ->  Bitmap Index Scan on k_8  (cost=0.00..5.53 rows=110 width=0)
	        Index Cond: ((k >= 1173834) AND (k <= 1173934))


explain: for range-notcovered :: explain SELECT k, c FROM sbtest%d WHERE k BETWEEN 6408735 AND 6408835for range-notcovered
table 1 : explain SELECT k, c FROM sbtest1 WHERE k BETWEEN 5893226 AND 5893326
	Bitmap Heap Scan on sbtest1  (cost=5.43..389.63 rows=97 width=125)
	  Recheck Cond: ((k >= 5893226) AND (k <= 5893326))
	  ->  Bitmap Index Scan on k_1  (cost=0.00..5.40 rows=97 width=0)
	        Index Cond: ((k >= 5893226) AND (k <= 5893326))

table 2 : explain SELECT k, c FROM sbtest2 WHERE k BETWEEN 5893226 AND 5893326
	Bitmap Heap Scan on sbtest2  (cost=5.47..405.44 rows=101 width=125)
	  Recheck Cond: ((k >= 5893226) AND (k <= 5893326))
	  ->  Bitmap Index Scan on k_2  (cost=0.00..5.44 rows=101 width=0)
	        Index Cond: ((k >= 5893226) AND (k <= 5893326))

table 3 : explain SELECT k, c FROM sbtest3 WHERE k BETWEEN 5893226 AND 5893326
	Bitmap Heap Scan on sbtest3  (cost=5.56..440.91 rows=110 width=125)
	  Recheck Cond: ((k >= 5893226) AND (k <= 5893326))
	  ->  Bitmap Index Scan on k_3  (cost=0.00..5.53 rows=110 width=0)
	        Index Cond: ((k >= 5893226) AND (k <= 5893326))

table 4 : explain SELECT k, c FROM sbtest4 WHERE k BETWEEN 5893226 AND 5893326
	Bitmap Heap Scan on sbtest4  (cost=5.52..425.19 rows=106 width=125)
	  Recheck Cond: ((k >= 5893226) AND (k <= 5893326))
	  ->  Bitmap Index Scan on k_4  (cost=0.00..5.50 rows=106 width=0)
	        Index Cond: ((k >= 5893226) AND (k <= 5893326))

table 5 : explain SELECT k, c FROM sbtest5 WHERE k BETWEEN 5893226 AND 5893326
	Bitmap Heap Scan on sbtest5  (cost=5.40..377.87 rows=94 width=125)
	  Recheck Cond: ((k >= 5893226) AND (k <= 5893326))
	  ->  Bitmap Index Scan on k_5  (cost=0.00..5.38 rows=94 width=0)
	        Index Cond: ((k >= 5893226) AND (k <= 5893326))

table 6 : explain SELECT k, c FROM sbtest6 WHERE k BETWEEN 5893226 AND 5893326
	Bitmap Heap Scan on sbtest6  (cost=5.43..389.70 rows=97 width=125)
	  Recheck Cond: ((k >= 5893226) AND (k <= 5893326))
	  ->  Bitmap Index Scan on k_6  (cost=0.00..5.40 rows=97 width=0)
	        Index Cond: ((k >= 5893226) AND (k <= 5893326))

table 7 : explain SELECT k, c FROM sbtest7 WHERE k BETWEEN 5893226 AND 5893326
	Bitmap Heap Scan on sbtest7  (cost=5.57..444.94 rows=111 width=125)
	  Recheck Cond: ((k >= 5893226) AND (k <= 5893326))
	  ->  Bitmap Index Scan on k_7  (cost=0.00..5.54 rows=111 width=0)
	        Index Cond: ((k >= 5893226) AND (k <= 5893326))

table 8 : explain SELECT k, c FROM sbtest8 WHERE k BETWEEN 5893226 AND 5893326
	Bitmap Heap Scan on sbtest8  (cost=5.42..385.79 rows=96 width=125)
	  Recheck Cond: ((k >= 5893226) AND (k <= 5893326))
	  ->  Bitmap Index Scan on k_8  (cost=0.00..5.39 rows=96 width=0)
	        Index Cond: ((k >= 5893226) AND (k <= 5893326))

explain: for range-notcovered :: explain SELECT k, c FROM sbtest%d WHERE k BETWEEN 3951479 AND 3951579explain: for range-notcovered :: explain SELECT k, c FROM sbtest%d WHERE k BETWEEN 3925795 AND 3925895
for range-notcovered
table 1 : explain SELECT k, c FROM sbtest1 WHERE k BETWEEN 8623476 AND 8623576
	Bitmap Heap Scan on sbtest1  (cost=5.46..401.46 rows=100 width=125)
	  Recheck Cond: ((k >= 8623476) AND (k <= 8623576))
	  ->  Bitmap Index Scan on k_1  (cost=0.00..5.43 rows=100 width=0)
	        Index Cond: ((k >= 8623476) AND (k <= 8623576))

table 2 : explain SELECT k, c FROM sbtest2 WHERE k BETWEEN 8623476 AND 8623576
	Bitmap Heap Scan on sbtest2  (cost=5.61..460.60 rows=115 width=125)
	  Recheck Cond: ((k >= 8623476) AND (k <= 8623576))
	  ->  Bitmap Index Scan on k_2  (cost=0.00..5.58 rows=115 width=0)
	        Index Cond: ((k >= 8623476) AND (k <= 8623576))

table 3 : explain SELECT k, c FROM sbtest3 WHERE k BETWEEN 8623476 AND 8623576
	Bitmap Heap Scan on sbtest3  (cost=5.56..440.91 rows=110 width=125)
	  Recheck Cond: ((k >= 8623476) AND (k <= 8623576))
	  ->  Bitmap Index Scan on k_3  (cost=0.00..5.53 rows=110 width=0)
	        Index Cond: ((k >= 8623476) AND (k <= 8623576))

table 4 : explain SELECT k, c FROM sbtest4 WHERE k BETWEEN 8623476 AND 8623576
	Bitmap Heap Scan on sbtest4  (cost=5.52..425.19 rows=106 width=125)
	  Recheck Cond: ((k >= 8623476) AND (k <= 8623576))
	  ->  Bitmap Index Scan on k_4  (cost=0.00..5.50 rows=106 width=0)
	        Index Cond: ((k >= 8623476) AND (k <= 8623576))

table 5 : explain SELECT k, c FROM sbtest5 WHERE k BETWEEN 8623476 AND 8623576
	Bitmap Heap Scan on sbtest5  (cost=5.49..413.37 rows=103 width=125)
	  Recheck Cond: ((k >= 8623476) AND (k <= 8623576))
	  ->  Bitmap Index Scan on k_5  (cost=0.00..5.46 rows=103 width=0)
	        Index Cond: ((k >= 8623476) AND (k <= 8623576))

table 6 : explain SELECT k, c FROM sbtest6 WHERE k BETWEEN 8623476 AND 8623576
	Bitmap Heap Scan on sbtest6  (cost=5.49..413.37 rows=103 width=125)
	  Recheck Cond: ((k >= 8623476) AND (k <= 8623576))
	  ->  Bitmap Index Scan on k_6  (cost=0.00..5.46 rows=103 width=0)
	        Index Cond: ((k >= 8623476) AND (k <= 8623576))

table 7 : explain SELECT k, c FROM sbtest7 WHERE k BETWEEN 8623476 AND 8623576
	Bitmap Heap Scan on sbtest7  (cost=5.34..354.21 rows=88 width=125)
	  Recheck Cond: ((k >= 8623476) AND (k <= 8623576))
	  ->  Bitmap Index Scan on k_7  (cost=0.00..5.31 rows=88 width=0)
	        Index Cond: ((k >= 8623476) AND (k <= 8623576))

table 8 : explain SELECT k, c FROM sbtest8 WHERE k BETWEEN 8623476 AND 8623576
	Bitmap Heap Scan on sbtest8  (cost=5.47..405.52 rows=101 width=125)
	  Recheck Cond: ((k >= 8623476) AND (k <= 8623576))
	  ->  Bitmap Index Scan on k_8  (cost=0.00..5.44 rows=101 width=0)
	        Index Cond: ((k >= 8623476) AND (k <= 8623576))

for range-notcovered
table 1 : explain SELECT k, c FROM sbtest1 WHERE k BETWEEN 3944438 AND 3944538
	Bitmap Heap Scan on sbtest1  (cost=5.54..432.99 rows=108 width=125)
	  Recheck Cond: ((k >= 3944438) AND (k <= 3944538))
	  ->  Bitmap Index Scan on k_1  (cost=0.00..5.51 rows=108 width=0)
	        Index Cond: ((k >= 3944438) AND (k <= 3944538))

table 2 : explain SELECT k, c FROM sbtest2 WHERE k BETWEEN 3944438 AND 3944538
	Bitmap Heap Scan on sbtest2  (cost=5.46..401.50 rows=100 width=125)
	  Recheck Cond: ((k >= 3944438) AND (k <= 3944538))
	  ->  Bitmap Index Scan on k_2  (cost=0.00..5.43 rows=100 width=0)
	        Index Cond: ((k >= 3944438) AND (k <= 3944538))

table 3 : explain SELECT k, c FROM sbtest3 WHERE k BETWEEN 3944438 AND 3944538
	Bitmap Heap Scan on sbtest3  (cost=5.47..405.44 rows=101 width=125)
	  Recheck Cond: ((k >= 3944438) AND (k <= 3944538))
	  ->  Bitmap Index Scan on k_3  (cost=0.00..5.44 rows=101 width=0)
	        Index Cond: ((k >= 3944438) AND (k <= 3944538))

table 4 : explain SELECT k, c FROM sbtest4 WHERE k BETWEEN 3944438 AND 3944538
	Bitmap Heap Scan on sbtest4  (cost=5.60..456.71 rows=114 width=125)
	  Recheck Cond: ((k >= 3944438) AND (k <= 3944538))
	  ->  Bitmap Index Scan on k_4  (cost=0.00..5.58 rows=114 width=0)
	        Index Cond: ((k >= 3944438) AND (k <= 3944538))

table 5 : explain SELECT k, c FROM sbtest5 WHERE k BETWEEN 3944438 AND 3944538
	Bitmap Heap Scan on sbtest5  (cost=5.54..433.08 rows=108 width=125)
	  Recheck Cond: ((k >= 3944438) AND (k <= 3944538))
	  ->  Bitmap Index Scan on k_5  (cost=0.00..5.51 rows=108 width=0)
	        Index Cond: ((k >= 3944438) AND (k <= 3944538))

table 6 : explain SELECT k, c FROM sbtest6 WHERE k BETWEEN 3944438 AND 3944538
	Bitmap Heap Scan on sbtest6  (cost=5.50..417.31 rows=104 width=125)
	  Recheck Cond: ((k >= 3944438) AND (k <= 3944538))
	  ->  Bitmap Index Scan on k_6  (cost=0.00..5.47 rows=104 width=0)
	        Index Cond: ((k >= 3944438) AND (k <= 3944538))

table 7 : explain SELECT k, c FROM sbtest7 WHERE k BETWEEN 3944438 AND 3944538
	Bitmap Heap Scan on sbtest7  (cost=5.44..393.68 rows=98 width=125)
	  Recheck Cond: ((k >= 3944438) AND (k <= 3944538))
	  ->  Bitmap Index Scan on k_7  (cost=0.00..5.42 rows=98 width=0)
	        Index Cond: ((k >= 3944438) AND (k <= 3944538))

table 8 : explain SELECT k, c FROM sbtest8 WHERE k BETWEEN 3944438 AND 3944538
	Bitmap Heap Scan on sbtest8  (cost=5.56..441.00 rows=110 width=125)
	  Recheck Cond: ((k >= 3944438) AND (k <= 3944538))
	  ->  Bitmap Index Scan on k_8  (cost=0.00..5.53 rows=110 width=0)
	        Index Cond: ((k >= 3944438) AND (k <= 3944538))

for range-notcovered
table 1 : explain SELECT k, c FROM sbtest1 WHERE k BETWEEN 5001065 AND 5001165
	Bitmap Heap Scan on sbtest1  (cost=5.47..405.40 rows=101 width=125)
	  Recheck Cond: ((k >= 5001065) AND (k <= 5001165))
	  ->  Bitmap Index Scan on k_1  (cost=0.00..5.44 rows=101 width=0)
	        Index Cond: ((k >= 5001065) AND (k <= 5001165))

table 2 : explain SELECT k, c FROM sbtest2 WHERE k BETWEEN 5001065 AND 5001165
	Bitmap Heap Scan on sbtest2  (cost=5.54..433.03 rows=108 width=125)
	  Recheck Cond: ((k >= 5001065) AND (k <= 5001165))
	  ->  Bitmap Index Scan on k_2  (cost=0.00..5.51 rows=108 width=0)
	        Index Cond: ((k >= 5001065) AND (k <= 5001165))

table 3 : explain SELECT k, c FROM sbtest3 WHERE k BETWEEN 5001065 AND 5001165
	Bitmap Heap Scan on sbtest3  (cost=5.46..401.50 rows=100 width=125)
	  Recheck Cond: ((k >= 5001065) AND (k <= 5001165))
	  ->  Bitmap Index Scan on k_3  (cost=0.00..5.43 rows=100 width=0)
	        Index Cond: ((k >= 5001065) AND (k <= 5001165))

table 4 : explain SELECT k, c FROM sbtest4 WHERE k BETWEEN 5001065 AND 5001165
	Bitmap Heap Scan on sbtest4  (cost=5.48..409.42 rows=102 width=125)
	  Recheck Cond: ((k >= 5001065) AND (k <= 5001165))
	  ->  Bitmap Index Scan on k_4  (cost=0.00..5.45 rows=102 width=0)
	        Index Cond: ((k >= 5001065) AND (k <= 5001165))

table 5 : explain SELECT k, c FROM sbtest5 WHERE k BETWEEN 5001065 AND 5001165
	Bitmap Heap Scan on sbtest5  (cost=5.55..437.02 rows=109 width=125)
	  Recheck Cond: ((k >= 5001065) AND (k <= 5001165))
	  ->  Bitmap Index Scan on k_5  (cost=0.00..5.52 rows=109 width=0)
	        Index Cond: ((k >= 5001065) AND (k <= 5001165))

table 6 : explain SELECT k, c FROM sbtest6 WHERE k BETWEEN 5001065 AND 5001165
	Bitmap Heap Scan on sbtest6  (cost=5.47..405.48 rows=101 width=125)
	  Recheck Cond: ((k >= 5001065) AND (k <= 5001165))
	  ->  Bitmap Index Scan on k_6  (cost=0.00..5.44 rows=101 width=0)
	        Index Cond: ((k >= 5001065) AND (k <= 5001165))

table 7 : explain SELECT k, c FROM sbtest7 WHERE k BETWEEN 5001065 AND 5001165
	Bitmap Heap Scan on sbtest7  (cost=5.51..421.29 rows=105 width=125)
	  Recheck Cond: ((k >= 5001065) AND (k <= 5001165))
	  ->  Bitmap Index Scan on k_7  (cost=0.00..5.48 rows=105 width=0)
	        Index Cond: ((k >= 5001065) AND (k <= 5001165))

table 8 : explain SELECT k, c FROM sbtest8 WHERE k BETWEEN 5001065 AND 5001165
	Bitmap Heap Scan on sbtest8  (cost=5.42..385.79 rows=96 width=125)
	  Recheck Cond: ((k >= 5001065) AND (k <= 5001165))
	  ->  Bitmap Index Scan on k_8  (cost=0.00..5.39 rows=96 width=0)
	        Index Cond: ((k >= 5001065) AND (k <= 5001165))
explain: for range-notcovered :: explain SELECT k, c FROM sbtest%d WHERE k BETWEEN 5893226 AND 5893326
for range-notcovered
table 1 : explain SELECT k, c FROM sbtest1 WHERE k BETWEEN 5153009 AND 5153109
	Bitmap Heap Scan on sbtest1  (cost=5.50..417.23 rows=104 width=125)
	  Recheck Cond: ((k >= 5153009) AND (k <= 5153109))
	  ->  Bitmap Index Scan on k_1  (cost=0.00..5.47 rows=104 width=0)
	        Index Cond: ((k >= 5153009) AND (k <= 5153109))

table 2 : explain SELECT k, c FROM sbtest2 WHERE k BETWEEN 5153009 AND 5153109
	Bitmap Heap Scan on sbtest2  (cost=5.47..405.44 rows=101 width=125)
	  Recheck Cond: ((k >= 5153009) AND (k <= 5153109))
	  ->  Bitmap Index Scan on k_2  (cost=0.00..5.44 rows=101 width=0)
	        Index Cond: ((k >= 5153009) AND (k <= 5153109))

table 3 : explain SELECT k, c FROM sbtest3 WHERE k BETWEEN 5153009 AND 5153109
	Bitmap Heap Scan on sbtest3  (cost=5.57..444.85 rows=111 width=125)
	  Recheck Cond: ((k >= 5153009) AND (k <= 5153109))
	  ->  Bitmap Index Scan on k_3  (cost=0.00..5.54 rows=111 width=0)
	        Index Cond: ((k >= 5153009) AND (k <= 5153109))

table 4 : explain SELECT k, c FROM sbtest4 WHERE k BETWEEN 5153009 AND 5153109
	Bitmap Heap Scan on sbtest4  (cost=5.56..440.95 rows=110 width=125)
	  Recheck Cond: ((k >= 5153009) AND (k <= 5153109))
	  ->  Bitmap Index Scan on k_4  (cost=0.00..5.53 rows=110 width=0)
	        Index Cond: ((k >= 5153009) AND (k <= 5153109))

table 5 : explain SELECT k, c FROM sbtest5 WHERE k BETWEEN 5153009 AND 5153109
	Bitmap Heap Scan on sbtest5  (cost=5.43..389.70 rows=97 width=125)
	  Recheck Cond: ((k >= 5153009) AND (k <= 5153109))
	  ->  Bitmap Index Scan on k_5  (cost=0.00..5.40 rows=97 width=0)
	        Index Cond: ((k >= 5153009) AND (k <= 5153109))

table 6 : explain SELECT k, c FROM sbtest6 WHERE k BETWEEN 5153009 AND 5153109
	Bitmap Heap Scan on sbtest6  (cost=5.43..389.70 rows=97 width=125)
	  Recheck Cond: ((k >= 5153009) AND (k <= 5153109))
	  ->  Bitmap Index Scan on k_6  (cost=0.00..5.40 rows=97 width=0)
	        Index Cond: ((k >= 5153009) AND (k <= 5153109))

table 7 : explain SELECT k, c FROM sbtest7 WHERE k BETWEEN 5153009 AND 5153109
	Bitmap Heap Scan on sbtest7  (cost=5.54..433.12 rows=108 width=125)
	  Recheck Cond: ((k >= 5153009) AND (k <= 5153109))
	  ->  Bitmap Index Scan on k_7  (cost=0.00..5.51 rows=108 width=0)
	        Index Cond: ((k >= 5153009) AND (k <= 5153109))

table 8 : explain SELECT k, c FROM sbtest8 WHERE k BETWEEN 5153009 AND 5153109
	Bitmap Heap Scan on sbtest8  (cost=5.40..377.90 rows=94 width=125)
	  Recheck Cond: ((k >= 5153009) AND (k <= 5153109))
	  ->  Bitmap Index Scan on k_8  (cost=0.00..5.38 rows=94 width=0)
	        Index Cond: ((k >= 5153009) AND (k <= 5153109))



for range-notcovered
table 1 : explain SELECT k, c FROM sbtest1 WHERE k BETWEEN 4704269 AND 4704369
	Bitmap Heap Scan on sbtest1  (cost=5.47..405.40 rows=101 width=125)
	  Recheck Cond: ((k >= 4704269) AND (k <= 4704369))
	  ->  Bitmap Index Scan on k_1  (cost=0.00..5.44 rows=101 width=0)
	        Index Cond: ((k >= 4704269) AND (k <= 4704369))

table 2 : explain SELECT k, c FROM sbtest2 WHERE k BETWEEN 4704269 AND 4704369
	Bitmap Heap Scan on sbtest2  (cost=5.55..436.97 rows=109 width=125)
	  Recheck Cond: ((k >= 4704269) AND (k <= 4704369))
	  ->  Bitmap Index Scan on k_2  (cost=0.00..5.52 rows=109 width=0)
	        Index Cond: ((k >= 4704269) AND (k <= 4704369))

table 3 : explain SELECT k, c FROM sbtest3 WHERE k BETWEEN 4704269 AND 4704369
	Bitmap Heap Scan on sbtest3  (cost=5.44..393.61 rows=98 width=125)
	  Recheck Cond: ((k >= 4704269) AND (k <= 4704369))
	  ->  Bitmap Index Scan on k_3  (cost=0.00..5.42 rows=98 width=0)
	        Index Cond: ((k >= 4704269) AND (k <= 4704369))

table 4 : explain SELECT k, c FROM sbtest4 WHERE k BETWEEN 4704269 AND 4704369
	Bitmap Heap Scan on sbtest4  (cost=5.56..440.95 rows=110 width=125)
	  Recheck Cond: ((k >= 4704269) AND (k <= 4704369))
	  ->  Bitmap Index Scan on k_4  (cost=0.00..5.53 rows=110 width=0)
	        Index Cond: ((k >= 4704269) AND (k <= 4704369))

table 5 : explain SELECT k, c FROM sbtest5 WHERE k BETWEEN 4704269 AND 4704369
	Bitmap Heap Scan on sbtest5  (cost=5.48..409.42 rows=102 width=125)
	  Recheck Cond: ((k >= 4704269) AND (k <= 4704369))
	  ->  Bitmap Index Scan on k_5  (cost=0.00..5.45 rows=102 width=0)
	        Index Cond: ((k >= 4704269) AND (k <= 4704369))

table 6 : explain SELECT k, c FROM sbtest6 WHERE k BETWEEN 4704269 AND 4704369
	Bitmap Heap Scan on sbtest6  (cost=5.46..401.54 rows=100 width=125)
	  Recheck Cond: ((k >= 4704269) AND (k <= 4704369))
	  ->  Bitmap Index Scan on k_6  (cost=0.00..5.43 rows=100 width=0)
	        Index Cond: ((k >= 4704269) AND (k <= 4704369))

table 7 : explain SELECT k, c FROM sbtest7 WHERE k BETWEEN 4704269 AND 4704369
	Bitmap Heap Scan on sbtest7  (cost=5.43..389.74 rows=97 width=125)
	  Recheck Cond: ((k >= 4704269) AND (k <= 4704369))
	  ->  Bitmap Index Scan on k_7  (cost=0.00..5.40 rows=97 width=0)
	        Index Cond: ((k >= 4704269) AND (k <= 4704369))

table 8 : explain SELECT k, c FROM sbtest8 WHERE k BETWEEN 4704269 AND 4704369
	Bitmap Heap Scan on sbtest8  (cost=5.48..409.46 rows=102 width=125)
	  Recheck Cond: ((k >= 4704269) AND (k <= 4704369))
	  ->  Bitmap Index Scan on k_8  (cost=0.00..5.45 rows=102 width=0)
	        Index Cond: ((k >= 4704269) AND (k <= 4704369))

for range-notcovered
table 1 : explain SELECT k, c FROM sbtest1 WHERE k BETWEEN 7623222 AND 7623322
	Bitmap Heap Scan on sbtest1  (cost=5.55..436.93 rows=109 width=125)
	  Recheck Cond: ((k >= 7623222) AND (k <= 7623322))
	  ->  Bitmap Index Scan on k_1  (cost=0.00..5.52 rows=109 width=0)
	        Index Cond: ((k >= 7623222) AND (k <= 7623322))

table 2 : explain SELECT k, c FROM sbtest2 WHERE k BETWEEN 7623222 AND 7623322
	Bitmap Heap Scan on sbtest2  (cost=5.50..417.27 rows=104 width=125)
	  Recheck Cond: ((k >= 7623222) AND (k <= 7623322))
	  ->  Bitmap Index Scan on k_2  (cost=0.00..5.47 rows=104 width=0)
	        Index Cond: ((k >= 7623222) AND (k <= 7623322))

table 3 : explain SELECT k, c FROM sbtest3 WHERE k BETWEEN 7623222 AND 7623322
	Bitmap Heap Scan on sbtest3  (cost=5.51..421.21 rows=105 width=125)
	  Recheck Cond: ((k >= 7623222) AND (k <= 7623322))
	  ->  Bitmap Index Scan on k_3  (cost=0.00..5.48 rows=105 width=0)
	        Index Cond: ((k >= 7623222) AND (k <= 7623322))

table 4 : explain SELECT k, c FROM sbtest4 WHERE k BETWEEN 7623222 AND 7623322
	Bitmap Heap Scan on sbtest4  (cost=5.60..456.71 rows=114 width=125)
	  Recheck Cond: ((k >= 7623222) AND (k <= 7623322))
	  ->  Bitmap Index Scan on k_4  (cost=0.00..5.58 rows=114 width=0)
	        Index Cond: ((k >= 7623222) AND (k <= 7623322))

table 5 : explain SELECT k, c FROM sbtest5 WHERE k BETWEEN 7623222 AND 7623322
	Bitmap Heap Scan on sbtest5  (cost=5.47..405.48 rows=101 width=125)
	  Recheck Cond: ((k >= 7623222) AND (k <= 7623322))
	  ->  Bitmap Index Scan on k_5  (cost=0.00..5.44 rows=101 width=0)
	        Index Cond: ((k >= 7623222) AND (k <= 7623322))

table 6 : explain SELECT k, c FROM sbtest6 WHERE k BETWEEN 7623222 AND 7623322
	Bitmap Heap Scan on sbtest6  (cost=5.54..433.08 rows=108 width=125)
	  Recheck Cond: ((k >= 7623222) AND (k <= 7623322))
	  ->  Bitmap Index Scan on k_6  (cost=0.00..5.51 rows=108 width=0)
	        Index Cond: ((k >= 7623222) AND (k <= 7623322))

table 7 : explain SELECT k, c FROM sbtest7 WHERE k BETWEEN 7623222 AND 7623322
	Bitmap Heap Scan on sbtest7  (cost=5.47..405.52 rows=101 width=125)
	  Recheck Cond: ((k >= 7623222) AND (k <= 7623322))
	  ->  Bitmap Index Scan on k_7  (cost=0.00..5.44 rows=101 width=0)
	        Index Cond: ((k >= 7623222) AND (k <= 7623322))

table 8 : explain SELECT k, c FROM sbtest8 WHERE k BETWEEN 7623222 AND 7623322
	Bitmap Heap Scan on sbtest8  (cost=5.49..413.40 rows=103 width=125)
	  Recheck Cond: ((k >= 7623222) AND (k <= 7623322))
	  ->  Bitmap Index Scan on k_8  (cost=0.00..5.46 rows=103 width=0)
	        Index Cond: ((k >= 7623222) AND (k <= 7623322))

for range-notcovered
table 1 : explain SELECT k, c FROM sbtest1 WHERE k BETWEEN 6859512 AND 6859612
	Bitmap Heap Scan on sbtest1  (cost=5.56..440.87 rows=110 width=125)
	  Recheck Cond: ((k >= 6859512) AND (k <= 6859612))
	  ->  Bitmap Index Scan on k_1  (cost=0.00..5.53 rows=110 width=0)
	        Index Cond: ((k >= 6859512) AND (k <= 6859612))

table 2 : explain SELECT k, c FROM sbtest2 WHERE k BETWEEN 6859512 AND 6859612
	Bitmap Heap Scan on sbtest2  (cost=5.57..444.85 rows=111 width=125)
	  Recheck Cond: ((k >= 6859512) AND (k <= 6859612))
	  ->  Bitmap Index Scan on k_2  (cost=0.00..5.54 rows=111 width=0)
	        Index Cond: ((k >= 6859512) AND (k <= 6859612))

table 3 : explain SELECT k, c FROM sbtest3 WHERE k BETWEEN 6859512 AND 6859612
	Bitmap Heap Scan on sbtest3  (cost=5.43..389.67 rows=97 width=125)
	  Recheck Cond: ((k >= 6859512) AND (k <= 6859612))
	  ->  Bitmap Index Scan on k_3  (cost=0.00..5.40 rows=97 width=0)
	        Index Cond: ((k >= 6859512) AND (k <= 6859612))

table 4 : explain SELECT k, c FROM sbtest4 WHERE k BETWEEN 6859512 AND 6859612
	Bitmap Heap Scan on sbtest4  (cost=5.38..369.97 rows=92 width=125)
	  Recheck Cond: ((k >= 6859512) AND (k <= 6859612))
	  ->  Bitmap Index Scan on k_4  (cost=0.00..5.35 rows=92 width=0)
	        Index Cond: ((k >= 6859512) AND (k <= 6859612))

table 5 : explain SELECT k, c FROM sbtest5 WHERE k BETWEEN 6859512 AND 6859612
	Bitmap Heap Scan on sbtest5  (cost=5.45..397.59 rows=99 width=125)
	  Recheck Cond: ((k >= 6859512) AND (k <= 6859612))
	  ->  Bitmap Index Scan on k_5  (cost=0.00..5.42 rows=99 width=0)
	        Index Cond: ((k >= 6859512) AND (k <= 6859612))

table 6 : explain SELECT k, c FROM sbtest6 WHERE k BETWEEN 6859512 AND 6859612
	Bitmap Heap Scan on sbtest6  (cost=5.48..409.42 rows=102 width=125)
	  Recheck Cond: ((k >= 6859512) AND (k <= 6859612))
	  ->  Bitmap Index Scan on k_6  (cost=0.00..5.45 rows=102 width=0)
	        Index Cond: ((k >= 6859512) AND (k <= 6859612))

table 7 : explain SELECT k, c FROM sbtest7 WHERE k BETWEEN 6859512 AND 6859612
	Bitmap Heap Scan on sbtest7  (cost=5.45..397.63 rows=99 width=125)
	  Recheck Cond: ((k >= 6859512) AND (k <= 6859612))
	  ->  Bitmap Index Scan on k_7  (cost=0.00..5.42 rows=99 width=0)
	        Index Cond: ((k >= 6859512) AND (k <= 6859612))

table 8 : explain SELECT k, c FROM sbtest8 WHERE k BETWEEN 6859512 AND 6859612
	Bitmap Heap Scan on sbtest8  (cost=5.51..421.29 rows=105 width=125)
	  Recheck Cond: ((k >= 6859512) AND (k <= 6859612))
	  ->  Bitmap Index Scan on k_8  (cost=0.00..5.48 rows=105 width=0)
	        Index Cond: ((k >= 6859512) AND (k <= 6859612))

for range-notcovered
table 1 : explain SELECT k, c FROM sbtest1 WHERE k BETWEEN 4036988 AND 4037088
	Bitmap Heap Scan on sbtest1  (cost=5.56..440.87 rows=110 width=125)
	  Recheck Cond: ((k >= 4036988) AND (k <= 4037088))
	  ->  Bitmap Index Scan on k_1  (cost=0.00..5.53 rows=110 width=0)
	        Index Cond: ((k >= 4036988) AND (k <= 4037088))

table 2 : explain SELECT k, c FROM sbtest2 WHERE k BETWEEN 4036988 AND 4037088
	Bitmap Heap Scan on sbtest2  (cost=5.48..409.38 rows=102 width=125)
	  Recheck Cond: ((k >= 4036988) AND (k <= 4037088))
	  ->  Bitmap Index Scan on k_2  (cost=0.00..5.45 rows=102 width=0)
	        Index Cond: ((k >= 4036988) AND (k <= 4037088))

table 3 : explain SELECT k, c FROM sbtest3 WHERE k BETWEEN 4036988 AND 4037088
	Bitmap Heap Scan on sbtest3  (cost=5.51..421.21 rows=105 width=125)
	  Recheck Cond: ((k >= 4036988) AND (k <= 4037088))
	  ->  Bitmap Index Scan on k_3  (cost=0.00..5.48 rows=105 width=0)
	        Index Cond: ((k >= 4036988) AND (k <= 4037088))

table 4 : explain SELECT k, c FROM sbtest4 WHERE k BETWEEN 4036988 AND 4037088
	Bitmap Heap Scan on sbtest4  (cost=5.47..405.48 rows=101 width=125)
	  Recheck Cond: ((k >= 4036988) AND (k <= 4037088))
	  ->  Bitmap Index Scan on k_4  (cost=0.00..5.44 rows=101 width=0)
	        Index Cond: ((k >= 4036988) AND (k <= 4037088))

table 5 : explain SELECT k, c FROM sbtest5 WHERE k BETWEEN 4036988 AND 4037088
	Bitmap Heap Scan on sbtest5  (cost=5.60..456.71 rows=114 width=125)
	  Recheck Cond: ((k >= 4036988) AND (k <= 4037088))
	  ->  Bitmap Index Scan on k_5  (cost=0.00..5.58 rows=114 width=0)
	        Index Cond: ((k >= 4036988) AND (k <= 4037088))

table 6 : explain SELECT k, c FROM sbtest6 WHERE k BETWEEN 4036988 AND 4037088
	Bitmap Heap Scan on sbtest6  (cost=5.44..393.65 rows=98 width=125)
	  Recheck Cond: ((k >= 4036988) AND (k <= 4037088))
	  ->  Bitmap Index Scan on k_6  (cost=0.00..5.42 rows=98 width=0)
	        Index Cond: ((k >= 4036988) AND (k <= 4037088))

table 7 : explain SELECT k, c FROM sbtest7 WHERE k BETWEEN 4036988 AND 4037088
	Bitmap Heap Scan on sbtest7  (cost=5.46..401.57 rows=100 width=125)
	  Recheck Cond: ((k >= 4036988) AND (k <= 4037088))
	  ->  Bitmap Index Scan on k_7  (cost=0.00..5.43 rows=100 width=0)
	        Index Cond: ((k >= 4036988) AND (k <= 4037088))

table 8 : explain SELECT k, c FROM sbtest8 WHERE k BETWEEN 4036988 AND 4037088
	Bitmap Heap Scan on sbtest8  (cost=5.52..425.23 rows=106 width=125)
	  Recheck Cond: ((k >= 4036988) AND (k <= 4037088))
	  ->  Bitmap Index Scan on k_8  (cost=0.00..5.50 rows=106 width=0)
	        Index Cond: ((k >= 4036988) AND (k <= 4037088))

for range-notcovered
table 1 : explain SELECT k, c FROM sbtest1 WHERE k BETWEEN 5098628 AND 5098728
	Bitmap Heap Scan on sbtest1  (cost=5.52..425.11 rows=106 width=125)
	  Recheck Cond: ((k >= 5098628) AND (k <= 5098728))
	  ->  Bitmap Index Scan on k_1  (cost=0.00..5.50 rows=106 width=0)
	        Index Cond: ((k >= 5098628) AND (k <= 5098728))

table 2 : explain SELECT k, c FROM sbtest2 WHERE k BETWEEN 5098628 AND 5098728
	Bitmap Heap Scan on sbtest2  (cost=5.62..464.54 rows=116 width=125)
	  Recheck Cond: ((k >= 5098628) AND (k <= 5098728))
	  ->  Bitmap Index Scan on k_2  (cost=0.00..5.59 rows=116 width=0)
	        Index Cond: ((k >= 5098628) AND (k <= 5098728))

table 3 : explain SELECT k, c FROM sbtest3 WHERE k BETWEEN 5098628 AND 5098728
	Bitmap Heap Scan on sbtest3  (cost=5.57..444.85 rows=111 width=125)
	  Recheck Cond: ((k >= 5098628) AND (k <= 5098728))
	  ->  Bitmap Index Scan on k_3  (cost=0.00..5.54 rows=111 width=0)
	        Index Cond: ((k >= 5098628) AND (k <= 5098728))

table 4 : explain SELECT k, c FROM sbtest4 WHERE k BETWEEN 5098628 AND 5098728
	Bitmap Heap Scan on sbtest4  (cost=5.42..385.75 rows=96 width=125)
	  Recheck Cond: ((k >= 5098628) AND (k <= 5098728))
	  ->  Bitmap Index Scan on k_4  (cost=0.00..5.39 rows=96 width=0)
	        Index Cond: ((k >= 5098628) AND (k <= 5098728))

table 5 : explain SELECT k, c FROM sbtest5 WHERE k BETWEEN 5098628 AND 5098728
	Bitmap Heap Scan on sbtest5  (cost=5.43..389.70 rows=97 width=125)
	  Recheck Cond: ((k >= 5098628) AND (k <= 5098728))
	  ->  Bitmap Index Scan on k_5  (cost=0.00..5.40 rows=97 width=0)
	        Index Cond: ((k >= 5098628) AND (k <= 5098728))

table 6 : explain SELECT k, c FROM sbtest6 WHERE k BETWEEN 5098628 AND 5098728
	Bitmap Heap Scan on sbtest6  (cost=5.43..389.70 rows=97 width=125)
	  Recheck Cond: ((k >= 5098628) AND (k <= 5098728))
	  ->  Bitmap Index Scan on k_6  (cost=0.00..5.40 rows=97 width=0)
	        Index Cond: ((k >= 5098628) AND (k <= 5098728))

table 7 : explain SELECT k, c FROM sbtest7 WHERE k BETWEEN 5098628 AND 5098728
	Bitmap Heap Scan on sbtest7  (cost=5.41..381.85 rows=95 width=125)
	  Recheck Cond: ((k >= 5098628) AND (k <= 5098728))
	  ->  Bitmap Index Scan on k_7  (cost=0.00..5.38 rows=95 width=0)
	        Index Cond: ((k >= 5098628) AND (k <= 5098728))

table 8 : explain SELECT k, c FROM sbtest8 WHERE k BETWEEN 5098628 AND 5098728
	Bitmap Heap Scan on sbtest8  (cost=5.40..377.90 rows=94 width=125)
	  Recheck Cond: ((k >= 5098628) AND (k <= 5098728))
	  ->  Bitmap Index Scan on k_8  (cost=0.00..5.38 rows=94 width=0)
	        Index Cond: ((k >= 5098628) AND (k <= 5098728))

for range-notcovered
table 1 : explain SELECT k, c FROM sbtest1 WHERE k BETWEEN 4410081 AND 4410181
	Bitmap Heap Scan on sbtest1  (cost=5.42..385.68 rows=96 width=125)
	  Recheck Cond: ((k >= 4410081) AND (k <= 4410181))
	  ->  Bitmap Index Scan on k_1  (cost=0.00..5.39 rows=96 width=0)
	        Index Cond: ((k >= 4410081) AND (k <= 4410181))

table 2 : explain SELECT k, c FROM sbtest2 WHERE k BETWEEN 4410081 AND 4410181
	Bitmap Heap Scan on sbtest2  (cost=5.49..413.32 rows=103 width=125)
	  Recheck Cond: ((k >= 4410081) AND (k <= 4410181))
	  ->  Bitmap Index Scan on k_2  (cost=0.00..5.46 rows=103 width=0)
	        Index Cond: ((k >= 4410081) AND (k <= 4410181))

table 3 : explain SELECT k, c FROM sbtest3 WHERE k BETWEEN 4410081 AND 4410181
	Bitmap Heap Scan on sbtest3  (cost=5.45..397.56 rows=99 width=125)
	  Recheck Cond: ((k >= 4410081) AND (k <= 4410181))
	  ->  Bitmap Index Scan on k_3  (cost=0.00..5.42 rows=99 width=0)
	        Index Cond: ((k >= 4410081) AND (k <= 4410181))

table 4 : explain SELECT k, c FROM sbtest4 WHERE k BETWEEN 4410081 AND 4410181
	Bitmap Heap Scan on sbtest4  (cost=5.38..369.97 rows=92 width=125)
	  Recheck Cond: ((k >= 4410081) AND (k <= 4410181))
	  ->  Bitmap Index Scan on k_4  (cost=0.00..5.35 rows=92 width=0)
	        Index Cond: ((k >= 4410081) AND (k <= 4410181))

table 5 : explain SELECT k, c FROM sbtest5 WHERE k BETWEEN 4410081 AND 4410181
	Bitmap Heap Scan on sbtest5  (cost=5.45..397.59 rows=99 width=125)
	  Recheck Cond: ((k >= 4410081) AND (k <= 4410181))
	  ->  Bitmap Index Scan on k_5  (cost=0.00..5.42 rows=99 width=0)
	        Index Cond: ((k >= 4410081) AND (k <= 4410181))

table 6 : explain SELECT k, c FROM sbtest6 WHERE k BETWEEN 4410081 AND 4410181
	Bitmap Heap Scan on sbtest6  (cost=5.44..393.65 rows=98 width=125)
	  Recheck Cond: ((k >= 4410081) AND (k <= 4410181))
	  ->  Bitmap Index Scan on k_6  (cost=0.00..5.42 rows=98 width=0)
	        Index Cond: ((k >= 4410081) AND (k <= 4410181))

table 7 : explain SELECT k, c FROM sbtest7 WHERE k BETWEEN 4410081 AND 4410181
	Bitmap Heap Scan on sbtest7  (cost=5.52..425.23 rows=106 width=125)
	  Recheck Cond: ((k >= 4410081) AND (k <= 4410181))
	  ->  Bitmap Index Scan on k_7  (cost=0.00..5.50 rows=106 width=0)
	        Index Cond: ((k >= 4410081) AND (k <= 4410181))

table 8 : explain SELECT k, c FROM sbtest8 WHERE k BETWEEN 4410081 AND 4410181
	Bitmap Heap Scan on sbtest8  (cost=5.48..409.46 rows=102 width=125)
	  Recheck Cond: ((k >= 4410081) AND (k <= 4410181))
	  ->  Bitmap Index Scan on k_8  (cost=0.00..5.45 rows=102 width=0)
	        Index Cond: ((k >= 4410081) AND (k <= 4410181))

explain: for range-notcovered :: explain SELECT k, c FROM sbtest%d WHERE k BETWEEN 1173834 AND 1173934explain: for range-notcovered :: explain SELECT k, c FROM sbtest%d WHERE k BETWEEN 7623222 AND 7623322
explain: for range-notcovered :: explain SELECT k, c FROM sbtest%d WHERE k BETWEEN 6091251 AND 6091351for range-notcovered
table 1 : explain SELECT k, c FROM sbtest1 WHERE k BETWEEN 7804666 AND 7804766
	Bitmap Heap Scan on sbtest1  (cost=5.42..385.68 rows=96 width=125)
	  Recheck Cond: ((k >= 7804666) AND (k <= 7804766))
	  ->  Bitmap Index Scan on k_1  (cost=0.00..5.39 rows=96 width=0)
	        Index Cond: ((k >= 7804666) AND (k <= 7804766))

table 2 : explain SELECT k, c FROM sbtest2 WHERE k BETWEEN 7804666 AND 7804766
	Bitmap Heap Scan on sbtest2  (cost=5.48..409.38 rows=102 width=125)
	  Recheck Cond: ((k >= 7804666) AND (k <= 7804766))
	  ->  Bitmap Index Scan on k_2  (cost=0.00..5.45 rows=102 width=0)
	        Index Cond: ((k >= 7804666) AND (k <= 7804766))

table 3 : explain SELECT k, c FROM sbtest3 WHERE k BETWEEN 7804666 AND 7804766
	Bitmap Heap Scan on sbtest3  (cost=5.48..409.39 rows=102 width=125)
	  Recheck Cond: ((k >= 7804666) AND (k <= 7804766))
	  ->  Bitmap Index Scan on k_3  (cost=0.00..5.45 rows=102 width=0)
	        Index Cond: ((k >= 7804666) AND (k <= 7804766))

table 4 : explain SELECT k, c FROM sbtest4 WHERE k BETWEEN 7804666 AND 7804766
	Bitmap Heap Scan on sbtest4  (cost=5.45..397.59 rows=99 width=125)
	  Recheck Cond: ((k >= 7804666) AND (k <= 7804766))
	  ->  Bitmap Index Scan on k_4  (cost=0.00..5.42 rows=99 width=0)
	        Index Cond: ((k >= 7804666) AND (k <= 7804766))

table 5 : explain SELECT k, c FROM sbtest5 WHERE k BETWEEN 7804666 AND 7804766
	Bitmap Heap Scan on sbtest5  (cost=5.52..425.19 rows=106 width=125)
	  Recheck Cond: ((k >= 7804666) AND (k <= 7804766))
	  ->  Bitmap Index Scan on k_5  (cost=0.00..5.50 rows=106 width=0)
	        Index Cond: ((k >= 7804666) AND (k <= 7804766))

table 6 : explain SELECT k, c FROM sbtest6 WHERE k BETWEEN 7804666 AND 7804766
	Bitmap Heap Scan on sbtest6  (cost=5.51..421.25 rows=105 width=125)
	  Recheck Cond: ((k >= 7804666) AND (k <= 7804766))
	  ->  Bitmap Index Scan on k_6  (cost=0.00..5.48 rows=105 width=0)
	        Index Cond: ((k >= 7804666) AND (k <= 7804766))

table 7 : explain SELECT k, c FROM sbtest7 WHERE k BETWEEN 7804666 AND 7804766
	Bitmap Heap Scan on sbtest7  (cost=5.48..409.46 rows=102 width=125)
	  Recheck Cond: ((k >= 7804666) AND (k <= 7804766))
	  ->  Bitmap Index Scan on k_7  (cost=0.00..5.45 rows=102 width=0)
	        Index Cond: ((k >= 7804666) AND (k <= 7804766))

table 8 : explain SELECT k, c FROM sbtest8 WHERE k BETWEEN 7804666 AND 7804766
	Bitmap Heap Scan on sbtest8  (cost=5.55..437.05 rows=109 width=125)
	  Recheck Cond: ((k >= 7804666) AND (k <= 7804766))
	  ->  Bitmap Index Scan on k_8  (cost=0.00..5.52 rows=109 width=0)
	        Index Cond: ((k >= 7804666) AND (k <= 7804766))
for range-notcovered
table 1 : explain SELECT k, c FROM sbtest1 WHERE k BETWEEN 7000310 AND 7000410
	Bitmap Heap Scan on sbtest1  (cost=5.48..409.34 rows=102 width=125)
	  Recheck Cond: ((k >= 7000310) AND (k <= 7000410))
	  ->  Bitmap Index Scan on k_1  (cost=0.00..5.45 rows=102 width=0)
	        Index Cond: ((k >= 7000310) AND (k <= 7000410))

table 2 : explain SELECT k, c FROM sbtest2 WHERE k BETWEEN 7000310 AND 7000410
	Bitmap Heap Scan on sbtest2  (cost=5.50..417.27 rows=104 width=125)
	  Recheck Cond: ((k >= 7000310) AND (k <= 7000410))
	  ->  Bitmap Index Scan on k_2  (cost=0.00..5.47 rows=104 width=0)
	        Index Cond: ((k >= 7000310) AND (k <= 7000410))

table 3 : explain SELECT k, c FROM sbtest3 WHERE k BETWEEN 7000310 AND 7000410
	Bitmap Heap Scan on sbtest3  (cost=5.51..421.21 rows=105 width=125)
	  Recheck Cond: ((k >= 7000310) AND (k <= 7000410))
	  ->  Bitmap Index Scan on k_3  (cost=0.00..5.48 rows=105 width=0)
	        Index Cond: ((k >= 7000310) AND (k <= 7000410))

table 4 : explain SELECT k, c FROM sbtest4 WHERE k BETWEEN 7000310 AND 7000410
	Bitmap Heap Scan on sbtest4  (cost=5.57..444.89 rows=111 width=125)
	  Recheck Cond: ((k >= 7000310) AND (k <= 7000410))
	  ->  Bitmap Index Scan on k_4  (cost=0.00..5.54 rows=111 width=0)
	        Index Cond: ((k >= 7000310) AND (k <= 7000410))

table 5 : explain SELECT k, c FROM sbtest5 WHERE k BETWEEN 7000310 AND 7000410
	Bitmap Heap Scan on sbtest5  (cost=5.49..413.37 rows=103 width=125)
	  Recheck Cond: ((k >= 7000310) AND (k <= 7000410))
	  ->  Bitmap Index Scan on k_5  (cost=0.00..5.46 rows=103 width=0)
	        Index Cond: ((k >= 7000310) AND (k <= 7000410))

table 6 : explain SELECT k, c FROM sbtest6 WHERE k BETWEEN 7000310 AND 7000410
	Bitmap Heap Scan on sbtest6  (cost=5.64..472.46 rows=118 width=125)
	  Recheck Cond: ((k >= 7000310) AND (k <= 7000410))
	  ->  Bitmap Index Scan on k_6  (cost=0.00..5.61 rows=118 width=0)
	        Index Cond: ((k >= 7000310) AND (k <= 7000410))

table 7 : explain SELECT k, c FROM sbtest7 WHERE k BETWEEN 7000310 AND 7000410
	Bitmap Heap Scan on sbtest7  (cost=5.59..452.82 rows=113 width=125)
	  Recheck Cond: ((k >= 7000310) AND (k <= 7000410))
	  ->  Bitmap Index Scan on k_7  (cost=0.00..5.56 rows=113 width=0)
	        Index Cond: ((k >= 7000310) AND (k <= 7000410))

table 8 : explain SELECT k, c FROM sbtest8 WHERE k BETWEEN 7000310 AND 7000410
	Bitmap Heap Scan on sbtest8  (cost=5.44..393.68 rows=98 width=125)
	  Recheck Cond: ((k >= 7000310) AND (k <= 7000410))
	  ->  Bitmap Index Scan on k_8  (cost=0.00..5.42 rows=98 width=0)
	        Index Cond: ((k >= 7000310) AND (k <= 7000410))

explain: for range-notcovered :: explain SELECT k, c FROM sbtest%d WHERE k BETWEEN 5098628 AND 5098728
explain: for range-notcovered :: explain SELECT k, c FROM sbtest%d WHERE k BETWEEN 5153009 AND 5153109explain: for range-notcovered :: explain SELECT k, c FROM sbtest%d WHERE k BETWEEN 5001065 AND 5001165for range-notcovered
table 1 : explain SELECT k, c FROM sbtest1 WHERE k BETWEEN 7296661 AND 7296761
	Bitmap Heap Scan on sbtest1  (cost=5.48..409.34 rows=102 width=125)
	  Recheck Cond: ((k >= 7296661) AND (k <= 7296761))
	  ->  Bitmap Index Scan on k_1  (cost=0.00..5.45 rows=102 width=0)
	        Index Cond: ((k >= 7296661) AND (k <= 7296761))

table 2 : explain SELECT k, c FROM sbtest2 WHERE k BETWEEN 7296661 AND 7296761
	Bitmap Heap Scan on sbtest2  (cost=5.49..413.32 rows=103 width=125)
	  Recheck Cond: ((k >= 7296661) AND (k <= 7296761))
	  ->  Bitmap Index Scan on k_2  (cost=0.00..5.46 rows=103 width=0)
	        Index Cond: ((k >= 7296661) AND (k <= 7296761))

table 3 : explain SELECT k, c FROM sbtest3 WHERE k BETWEEN 7296661 AND 7296761
	Bitmap Heap Scan on sbtest3  (cost=5.47..405.44 rows=101 width=125)
	  Recheck Cond: ((k >= 7296661) AND (k <= 7296761))
	  ->  Bitmap Index Scan on k_3  (cost=0.00..5.44 rows=101 width=0)
	        Index Cond: ((k >= 7296661) AND (k <= 7296761))

table 4 : explain SELECT k, c FROM sbtest4 WHERE k BETWEEN 7296661 AND 7296761
	Bitmap Heap Scan on sbtest4  (cost=5.51..421.25 rows=105 width=125)
	  Recheck Cond: ((k >= 7296661) AND (k <= 7296761))
	  ->  Bitmap Index Scan on k_4  (cost=0.00..5.48 rows=105 width=0)
	        Index Cond: ((k >= 7296661) AND (k <= 7296761))

table 5 : explain SELECT k, c FROM sbtest5 WHERE k BETWEEN 7296661 AND 7296761
	Bitmap Heap Scan on sbtest5  (cost=5.47..405.48 rows=101 width=125)
	  Recheck Cond: ((k >= 7296661) AND (k <= 7296761))
	  ->  Bitmap Index Scan on k_5  (cost=0.00..5.44 rows=101 width=0)
	        Index Cond: ((k >= 7296661) AND (k <= 7296761))

table 6 : explain SELECT k, c FROM sbtest6 WHERE k BETWEEN 7296661 AND 7296761
	Bitmap Heap Scan on sbtest6  (cost=5.35..358.13 rows=89 width=125)
	  Recheck Cond: ((k >= 7296661) AND (k <= 7296761))
	  ->  Bitmap Index Scan on k_6  (cost=0.00..5.32 rows=89 width=0)
	        Index Cond: ((k >= 7296661) AND (k <= 7296761))

table 7 : explain SELECT k, c FROM sbtest7 WHERE k BETWEEN 7296661 AND 7296761
	Bitmap Heap Scan on sbtest7  (cost=5.54..433.12 rows=108 width=125)
	  Recheck Cond: ((k >= 7296661) AND (k <= 7296761))
	  ->  Bitmap Index Scan on k_7  (cost=0.00..5.51 rows=108 width=0)
	        Index Cond: ((k >= 7296661) AND (k <= 7296761))

table 8 : explain SELECT k, c FROM sbtest8 WHERE k BETWEEN 7296661 AND 7296761
	Bitmap Heap Scan on sbtest8  (cost=5.54..433.11 rows=108 width=125)
	  Recheck Cond: ((k >= 7296661) AND (k <= 7296761))
	  ->  Bitmap Index Scan on k_8  (cost=0.00..5.51 rows=108 width=0)
	        Index Cond: ((k >= 7296661) AND (k <= 7296761))

for range-notcovered
table 1 : explain SELECT k, c FROM sbtest1 WHERE k BETWEEN 5522101 AND 5522201
	Bitmap Heap Scan on sbtest1  (cost=5.40..377.79 rows=94 width=125)
	  Recheck Cond: ((k >= 5522101) AND (k <= 5522201))
	  ->  Bitmap Index Scan on k_1  (cost=0.00..5.38 rows=94 width=0)
	        Index Cond: ((k >= 5522101) AND (k <= 5522201))

table 2 : explain SELECT k, c FROM sbtest2 WHERE k BETWEEN 5522101 AND 5522201
	Bitmap Heap Scan on sbtest2  (cost=5.51..421.21 rows=105 width=125)
	  Recheck Cond: ((k >= 5522101) AND (k <= 5522201))
	  ->  Bitmap Index Scan on k_2  (cost=0.00..5.48 rows=105 width=0)
	        Index Cond: ((k >= 5522101) AND (k <= 5522201))

table 3 : explain SELECT k, c FROM sbtest3 WHERE k BETWEEN 5522101 AND 5522201
	Bitmap Heap Scan on sbtest3  (cost=5.44..393.61 rows=98 width=125)
	  Recheck Cond: ((k >= 5522101) AND (k <= 5522201))
	  ->  Bitmap Index Scan on k_3  (cost=0.00..5.42 rows=98 width=0)
	        Index Cond: ((k >= 5522101) AND (k <= 5522201))

table 4 : explain SELECT k, c FROM sbtest4 WHERE k BETWEEN 5522101 AND 5522201
	Bitmap Heap Scan on sbtest4  (cost=5.40..377.86 rows=94 width=125)
	  Recheck Cond: ((k >= 5522101) AND (k <= 5522201))
	  ->  Bitmap Index Scan on k_4  (cost=0.00..5.38 rows=94 width=0)
	        Index Cond: ((k >= 5522101) AND (k <= 5522201))

table 5 : explain SELECT k, c FROM sbtest5 WHERE k BETWEEN 5522101 AND 5522201
	Bitmap Heap Scan on sbtest5  (cost=5.43..389.70 rows=97 width=125)
	  Recheck Cond: ((k >= 5522101) AND (k <= 5522201))
	  ->  Bitmap Index Scan on k_5  (cost=0.00..5.40 rows=97 width=0)
	        Index Cond: ((k >= 5522101) AND (k <= 5522201))

table 6 : explain SELECT k, c FROM sbtest6 WHERE k BETWEEN 5522101 AND 5522201
	Bitmap Heap Scan on sbtest6  (cost=5.44..393.65 rows=98 width=125)
	  Recheck Cond: ((k >= 5522101) AND (k <= 5522201))
	  ->  Bitmap Index Scan on k_6  (cost=0.00..5.42 rows=98 width=0)
	        Index Cond: ((k >= 5522101) AND (k <= 5522201))

table 7 : explain SELECT k, c FROM sbtest7 WHERE k BETWEEN 5522101 AND 5522201
	Bitmap Heap Scan on sbtest7  (cost=5.50..417.35 rows=104 width=125)
	  Recheck Cond: ((k >= 5522101) AND (k <= 5522201))
	  ->  Bitmap Index Scan on k_7  (cost=0.00..5.47 rows=104 width=0)
	        Index Cond: ((k >= 5522101) AND (k <= 5522201))

table 8 : explain SELECT k, c FROM sbtest8 WHERE k BETWEEN 5522101 AND 5522201
	Bitmap Heap Scan on sbtest8  (cost=5.48..409.46 rows=102 width=125)
	  Recheck Cond: ((k >= 5522101) AND (k <= 5522201))
	  ->  Bitmap Index Scan on k_8  (cost=0.00..5.45 rows=102 width=0)
	        Index Cond: ((k >= 5522101) AND (k <= 5522201))


explain: for range-notcovered :: explain SELECT k, c FROM sbtest%d WHERE k BETWEEN 4704269 AND 4704369
for range-notcovered
table 1 : explain SELECT k, c FROM sbtest1 WHERE k BETWEEN 2639083 AND 2639183
	Bitmap Heap Scan on sbtest1  (cost=5.48..409.34 rows=102 width=125)
	  Recheck Cond: ((k >= 2639083) AND (k <= 2639183))
	  ->  Bitmap Index Scan on k_1  (cost=0.00..5.45 rows=102 width=0)
	        Index Cond: ((k >= 2639083) AND (k <= 2639183))

table 2 : explain SELECT k, c FROM sbtest2 WHERE k BETWEEN 2639083 AND 2639183
	Bitmap Heap Scan on sbtest2  (cost=5.61..460.60 rows=115 width=125)
	  Recheck Cond: ((k >= 2639083) AND (k <= 2639183))
	  ->  Bitmap Index Scan on k_2  (cost=0.00..5.58 rows=115 width=0)
	        Index Cond: ((k >= 2639083) AND (k <= 2639183))

table 3 : explain SELECT k, c FROM sbtest3 WHERE k BETWEEN 2639083 AND 2639183
	Bitmap Heap Scan on sbtest3  (cost=5.47..405.44 rows=101 width=125)
	  Recheck Cond: ((k >= 2639083) AND (k <= 2639183))
	  ->  Bitmap Index Scan on k_3  (cost=0.00..5.44 rows=101 width=0)
	        Index Cond: ((k >= 2639083) AND (k <= 2639183))

table 4 : explain SELECT k, c FROM sbtest4 WHERE k BETWEEN 2639083 AND 2639183
	Bitmap Heap Scan on sbtest4  (cost=5.53..429.13 rows=107 width=125)
	  Recheck Cond: ((k >= 2639083) AND (k <= 2639183))
	  ->  Bitmap Index Scan on k_4  (cost=0.00..5.50 rows=107 width=0)
	        Index Cond: ((k >= 2639083) AND (k <= 2639183))

table 5 : explain SELECT k, c FROM sbtest5 WHERE k BETWEEN 2639083 AND 2639183
	Bitmap Heap Scan on sbtest5  (cost=5.49..413.37 rows=103 width=125)
	  Recheck Cond: ((k >= 2639083) AND (k <= 2639183))
	  ->  Bitmap Index Scan on k_5  (cost=0.00..5.46 rows=103 width=0)
	        Index Cond: ((k >= 2639083) AND (k <= 2639183))

table 6 : explain SELECT k, c FROM sbtest6 WHERE k BETWEEN 2639083 AND 2639183
	Bitmap Heap Scan on sbtest6  (cost=5.49..413.37 rows=103 width=125)
	  Recheck Cond: ((k >= 2639083) AND (k <= 2639183))
	  ->  Bitmap Index Scan on k_6  (cost=0.00..5.46 rows=103 width=0)
	        Index Cond: ((k >= 2639083) AND (k <= 2639183))

table 7 : explain SELECT k, c FROM sbtest7 WHERE k BETWEEN 2639083 AND 2639183
	Bitmap Heap Scan on sbtest7  (cost=5.52..425.23 rows=106 width=125)
	  Recheck Cond: ((k >= 2639083) AND (k <= 2639183))
	  ->  Bitmap Index Scan on k_7  (cost=0.00..5.50 rows=106 width=0)
	        Index Cond: ((k >= 2639083) AND (k <= 2639183))

table 8 : explain SELECT k, c FROM sbtest8 WHERE k BETWEEN 2639083 AND 2639183
	Bitmap Heap Scan on sbtest8  (cost=5.42..385.79 rows=96 width=125)
	  Recheck Cond: ((k >= 2639083) AND (k <= 2639183))
	  ->  Bitmap Index Scan on k_8  (cost=0.00..5.39 rows=96 width=0)
	        Index Cond: ((k >= 2639083) AND (k <= 2639183))


explain: for range-notcovered :: explain SELECT k, c FROM sbtest%d WHERE k BETWEEN 7296661 AND 7296761
for range-notcovered
table 1 : explain SELECT k, c FROM sbtest1 WHERE k BETWEEN 6904500 AND 6904600
	Bitmap Heap Scan on sbtest1  (cost=5.56..440.87 rows=110 width=125)
	  Recheck Cond: ((k >= 6904500) AND (k <= 6904600))
	  ->  Bitmap Index Scan on k_1  (cost=0.00..5.53 rows=110 width=0)
	        Index Cond: ((k >= 6904500) AND (k <= 6904600))

table 2 : explain SELECT k, c FROM sbtest2 WHERE k BETWEEN 6904500 AND 6904600
	Bitmap Heap Scan on sbtest2  (cost=5.49..413.32 rows=103 width=125)
	  Recheck Cond: ((k >= 6904500) AND (k <= 6904600))
	  ->  Bitmap Index Scan on k_2  (cost=0.00..5.46 rows=103 width=0)
	        Index Cond: ((k >= 6904500) AND (k <= 6904600))

table 3 : explain SELECT k, c FROM sbtest3 WHERE k BETWEEN 6904500 AND 6904600
	Bitmap Heap Scan on sbtest3  (cost=5.49..413.33 rows=103 width=125)
	  Recheck Cond: ((k >= 6904500) AND (k <= 6904600))
	  ->  Bitmap Index Scan on k_3  (cost=0.00..5.46 rows=103 width=0)
	        Index Cond: ((k >= 6904500) AND (k <= 6904600))

table 4 : explain SELECT k, c FROM sbtest4 WHERE k BETWEEN 6904500 AND 6904600
	Bitmap Heap Scan on sbtest4  (cost=5.38..369.97 rows=92 width=125)
	  Recheck Cond: ((k >= 6904500) AND (k <= 6904600))
	  ->  Bitmap Index Scan on k_4  (cost=0.00..5.35 rows=92 width=0)
	        Index Cond: ((k >= 6904500) AND (k <= 6904600))

table 5 : explain SELECT k, c FROM sbtest5 WHERE k BETWEEN 6904500 AND 6904600
	Bitmap Heap Scan on sbtest5  (cost=5.45..397.59 rows=99 width=125)
	  Recheck Cond: ((k >= 6904500) AND (k <= 6904600))
	  ->  Bitmap Index Scan on k_5  (cost=0.00..5.42 rows=99 width=0)
	        Index Cond: ((k >= 6904500) AND (k <= 6904600))

table 6 : explain SELECT k, c FROM sbtest6 WHERE k BETWEEN 6904500 AND 6904600
	Bitmap Heap Scan on sbtest6  (cost=5.49..413.37 rows=103 width=125)
	  Recheck Cond: ((k >= 6904500) AND (k <= 6904600))
	  ->  Bitmap Index Scan on k_6  (cost=0.00..5.46 rows=103 width=0)
	        Index Cond: ((k >= 6904500) AND (k <= 6904600))

table 7 : explain SELECT k, c FROM sbtest7 WHERE k BETWEEN 6904500 AND 6904600
	Bitmap Heap Scan on sbtest7  (cost=5.45..397.63 rows=99 width=125)
	  Recheck Cond: ((k >= 6904500) AND (k <= 6904600))
	  ->  Bitmap Index Scan on k_7  (cost=0.00..5.42 rows=99 width=0)
	        Index Cond: ((k >= 6904500) AND (k <= 6904600))

table 8 : explain SELECT k, c FROM sbtest8 WHERE k BETWEEN 6904500 AND 6904600
	Bitmap Heap Scan on sbtest8  (cost=5.51..421.29 rows=105 width=125)
	  Recheck Cond: ((k >= 6904500) AND (k <= 6904600))
	  ->  Bitmap Index Scan on k_8  (cost=0.00..5.48 rows=105 width=0)
	        Index Cond: ((k >= 6904500) AND (k <= 6904600))


explain: for range-notcovered :: explain SELECT k, c FROM sbtest%d WHERE k BETWEEN 3944438 AND 3944538
explain: for range-notcovered :: explain SELECT k, c FROM sbtest%d WHERE k BETWEEN 6859512 AND 6859612
explain: for range-notcovered :: explain SELECT k, c FROM sbtest%d WHERE k BETWEEN 4036988 AND 4037088


for range-notcovered
table 1 : explain SELECT k, c FROM sbtest1 WHERE k BETWEEN 4101353 AND 4101453
	Bitmap Heap Scan on sbtest1  (cost=5.56..440.87 rows=110 width=125)
	  Recheck Cond: ((k >= 4101353) AND (k <= 4101453))
	  ->  Bitmap Index Scan on k_1  (cost=0.00..5.53 rows=110 width=0)
	        Index Cond: ((k >= 4101353) AND (k <= 4101453))

table 2 : explain SELECT k, c FROM sbtest2 WHERE k BETWEEN 4101353 AND 4101453
	Bitmap Heap Scan on sbtest2  (cost=5.48..409.38 rows=102 width=125)
	  Recheck Cond: ((k >= 4101353) AND (k <= 4101453))
	  ->  Bitmap Index Scan on k_2  (cost=0.00..5.45 rows=102 width=0)
	        Index Cond: ((k >= 4101353) AND (k <= 4101453))

table 3 : explain SELECT k, c FROM sbtest3 WHERE k BETWEEN 4101353 AND 4101453
	Bitmap Heap Scan on sbtest3  (cost=5.48..409.39 rows=102 width=125)
	  Recheck Cond: ((k >= 4101353) AND (k <= 4101453))
	  ->  Bitmap Index Scan on k_3  (cost=0.00..5.45 rows=102 width=0)
	        Index Cond: ((k >= 4101353) AND (k <= 4101453))

table 4 : explain SELECT k, c FROM sbtest4 WHERE k BETWEEN 4101353 AND 4101453
	Bitmap Heap Scan on sbtest4  (cost=5.47..405.48 rows=101 width=125)
	  Recheck Cond: ((k >= 4101353) AND (k <= 4101453))
	  ->  Bitmap Index Scan on k_4  (cost=0.00..5.44 rows=101 width=0)
	        Index Cond: ((k >= 4101353) AND (k <= 4101453))

table 5 : explain SELECT k, c FROM sbtest5 WHERE k BETWEEN 4101353 AND 4101453
	Bitmap Heap Scan on sbtest5  (cost=5.51..421.25 rows=105 width=125)
	  Recheck Cond: ((k >= 4101353) AND (k <= 4101453))
	  ->  Bitmap Index Scan on k_5  (cost=0.00..5.48 rows=105 width=0)
	        Index Cond: ((k >= 4101353) AND (k <= 4101453))

table 6 : explain SELECT k, c FROM sbtest6 WHERE k BETWEEN 4101353 AND 4101453
	Bitmap Heap Scan on sbtest6  (cost=5.49..413.37 rows=103 width=125)
	  Recheck Cond: ((k >= 4101353) AND (k <= 4101453))
	  ->  Bitmap Index Scan on k_6  (cost=0.00..5.46 rows=103 width=0)
	        Index Cond: ((k >= 4101353) AND (k <= 4101453))

table 7 : explain SELECT k, c FROM sbtest7 WHERE k BETWEEN 4101353 AND 4101453
	Bitmap Heap Scan on sbtest7  (cost=5.46..401.57 rows=100 width=125)
	  Recheck Cond: ((k >= 4101353) AND (k <= 4101453))
	  ->  Bitmap Index Scan on k_7  (cost=0.00..5.43 rows=100 width=0)
	        Index Cond: ((k >= 4101353) AND (k <= 4101453))

table 8 : explain SELECT k, c FROM sbtest8 WHERE k BETWEEN 4101353 AND 4101453
	Bitmap Heap Scan on sbtest8  (cost=5.52..425.23 rows=106 width=125)
	  Recheck Cond: ((k >= 4101353) AND (k <= 4101453))
	  ->  Bitmap Index Scan on k_8  (cost=0.00..5.50 rows=106 width=0)
	        Index Cond: ((k >= 4101353) AND (k <= 4101453))

for range-notcovered
table 1 : explain SELECT k, c FROM sbtest1 WHERE k BETWEEN 4243065 AND 4243165
	Bitmap Heap Scan on sbtest1  (cost=5.49..413.29 rows=103 width=125)
	  Recheck Cond: ((k >= 4243065) AND (k <= 4243165))
	  ->  Bitmap Index Scan on k_1  (cost=0.00..5.46 rows=103 width=0)
	        Index Cond: ((k >= 4243065) AND (k <= 4243165))

table 2 : explain SELECT k, c FROM sbtest2 WHERE k BETWEEN 4243065 AND 4243165
	Bitmap Heap Scan on sbtest2  (cost=5.55..436.97 rows=109 width=125)
	  Recheck Cond: ((k >= 4243065) AND (k <= 4243165))
	  ->  Bitmap Index Scan on k_2  (cost=0.00..5.52 rows=109 width=0)
	        Index Cond: ((k >= 4243065) AND (k <= 4243165))

table 3 : explain SELECT k, c FROM sbtest3 WHERE k BETWEEN 4243065 AND 4243165
	Bitmap Heap Scan on sbtest3  (cost=5.47..405.44 rows=101 width=125)
	  Recheck Cond: ((k >= 4243065) AND (k <= 4243165))
	  ->  Bitmap Index Scan on k_3  (cost=0.00..5.44 rows=101 width=0)
	        Index Cond: ((k >= 4243065) AND (k <= 4243165))

table 4 : explain SELECT k, c FROM sbtest4 WHERE k BETWEEN 4243065 AND 4243165
	Bitmap Heap Scan on sbtest4  (cost=5.43..389.70 rows=97 width=125)
	  Recheck Cond: ((k >= 4243065) AND (k <= 4243165))
	  ->  Bitmap Index Scan on k_4  (cost=0.00..5.40 rows=97 width=0)
	        Index Cond: ((k >= 4243065) AND (k <= 4243165))

table 5 : explain SELECT k, c FROM sbtest5 WHERE k BETWEEN 4243065 AND 4243165
	Bitmap Heap Scan on sbtest5  (cost=5.41..381.81 rows=95 width=125)
	  Recheck Cond: ((k >= 4243065) AND (k <= 4243165))
	  ->  Bitmap Index Scan on k_5  (cost=0.00..5.38 rows=95 width=0)
	        Index Cond: ((k >= 4243065) AND (k <= 4243165))

table 6 : explain SELECT k, c FROM sbtest6 WHERE k BETWEEN 4243065 AND 4243165
	Bitmap Heap Scan on sbtest6  (cost=5.48..409.42 rows=102 width=125)
	  Recheck Cond: ((k >= 4243065) AND (k <= 4243165))
	  ->  Bitmap Index Scan on k_6  (cost=0.00..5.45 rows=102 width=0)
	        Index Cond: ((k >= 4243065) AND (k <= 4243165))

table 7 : explain SELECT k, c FROM sbtest7 WHERE k BETWEEN 4243065 AND 4243165
	Bitmap Heap Scan on sbtest7  (cost=5.45..397.63 rows=99 width=125)
	  Recheck Cond: ((k >= 4243065) AND (k <= 4243165))
	  ->  Bitmap Index Scan on k_7  (cost=0.00..5.42 rows=99 width=0)
	        Index Cond: ((k >= 4243065) AND (k <= 4243165))

table 8 : explain SELECT k, c FROM sbtest8 WHERE k BETWEEN 4243065 AND 4243165
	Bitmap Heap Scan on sbtest8  (cost=5.51..421.29 rows=105 width=125)
	  Recheck Cond: ((k >= 4243065) AND (k <= 4243165))
	  ->  Bitmap Index Scan on k_8  (cost=0.00..5.48 rows=105 width=0)
	        Index Cond: ((k >= 4243065) AND (k <= 4243165))

explain: for range-notcovered :: explain SELECT k, c FROM sbtest%d WHERE k BETWEEN 8623476 AND 8623576


explain: for range-notcovered :: explain SELECT k, c FROM sbtest%d WHERE k BETWEEN 7000310 AND 7000410
explain: for range-notcovered :: explain SELECT k, c FROM sbtest%d WHERE k BETWEEN 4410081 AND 4410181explain: for range-notcovered :: explain SELECT k, c FROM sbtest%d WHERE k BETWEEN 4101353 AND 4101453for range-notcovered
table 1 : explain SELECT k, c FROM sbtest1 WHERE k BETWEEN 3346171 AND 3346271
	Bitmap Heap Scan on sbtest1  (cost=5.49..413.29 rows=103 width=125)
	  Recheck Cond: ((k >= 3346171) AND (k <= 3346271))
	  ->  Bitmap Index Scan on k_1  (cost=0.00..5.46 rows=103 width=0)
	        Index Cond: ((k >= 3346171) AND (k <= 3346271))

table 2 : explain SELECT k, c FROM sbtest2 WHERE k BETWEEN 3346171 AND 3346271
	Bitmap Heap Scan on sbtest2  (cost=5.53..429.09 rows=107 width=125)
	  Recheck Cond: ((k >= 3346171) AND (k <= 3346271))
	  ->  Bitmap Index Scan on k_2  (cost=0.00..5.50 rows=107 width=0)
	        Index Cond: ((k >= 3346171) AND (k <= 3346271))

table 3 : explain SELECT k, c FROM sbtest3 WHERE k BETWEEN 3346171 AND 3346271
	Bitmap Heap Scan on sbtest3  (cost=5.62..464.54 rows=116 width=125)
	  Recheck Cond: ((k >= 3346171) AND (k <= 3346271))
	  ->  Bitmap Index Scan on k_3  (cost=0.00..5.59 rows=116 width=0)
	        Index Cond: ((k >= 3346171) AND (k <= 3346271))

table 4 : explain SELECT k, c FROM sbtest4 WHERE k BETWEEN 3346171 AND 3346271
	Bitmap Heap Scan on sbtest4  (cost=5.57..444.89 rows=111 width=125)
	  Recheck Cond: ((k >= 3346171) AND (k <= 3346271))
	  ->  Bitmap Index Scan on k_4  (cost=0.00..5.54 rows=111 width=0)
	        Index Cond: ((k >= 3346171) AND (k <= 3346271))

table 5 : explain SELECT k, c FROM sbtest5 WHERE k BETWEEN 3346171 AND 3346271
	Bitmap Heap Scan on sbtest5  (cost=5.53..429.13 rows=107 width=125)
	  Recheck Cond: ((k >= 3346171) AND (k <= 3346271))
	  ->  Bitmap Index Scan on k_5  (cost=0.00..5.50 rows=107 width=0)
	        Index Cond: ((k >= 3346171) AND (k <= 3346271))

table 6 : explain SELECT k, c FROM sbtest6 WHERE k BETWEEN 3346171 AND 3346271
	Bitmap Heap Scan on sbtest6  (cost=5.45..397.59 rows=99 width=125)
	  Recheck Cond: ((k >= 3346171) AND (k <= 3346271))
	  ->  Bitmap Index Scan on k_6  (cost=0.00..5.42 rows=99 width=0)
	        Index Cond: ((k >= 3346171) AND (k <= 3346271))

table 7 : explain SELECT k, c FROM sbtest7 WHERE k BETWEEN 3346171 AND 3346271
	Bitmap Heap Scan on sbtest7  (cost=5.38..370.01 rows=92 width=125)
	  Recheck Cond: ((k >= 3346171) AND (k <= 3346271))
	  ->  Bitmap Index Scan on k_7  (cost=0.00..5.35 rows=92 width=0)
	        Index Cond: ((k >= 3346171) AND (k <= 3346271))

table 8 : explain SELECT k, c FROM sbtest8 WHERE k BETWEEN 3346171 AND 3346271
	Bitmap Heap Scan on sbtest8  (cost=5.49..413.40 rows=103 width=125)
	  Recheck Cond: ((k >= 3346171) AND (k <= 3346271))
	  ->  Bitmap Index Scan on k_8  (cost=0.00..5.46 rows=103 width=0)
	        Index Cond: ((k >= 3346171) AND (k <= 3346271))


for range-notcovered
table 1 : explain SELECT k, c FROM sbtest1 WHERE k BETWEEN 6737646 AND 6737746
	Bitmap Heap Scan on sbtest1  (cost=5.62..464.49 rows=116 width=125)
	  Recheck Cond: ((k >= 6737646) AND (k <= 6737746))
	  ->  Bitmap Index Scan on k_1  (cost=0.00..5.59 rows=116 width=0)
	        Index Cond: ((k >= 6737646) AND (k <= 6737746))

table 2 : explain SELECT k, c FROM sbtest2 WHERE k BETWEEN 6737646 AND 6737746
	Bitmap Heap Scan on sbtest2  (cost=5.56..440.91 rows=110 width=125)
	  Recheck Cond: ((k >= 6737646) AND (k <= 6737746))
	  ->  Bitmap Index Scan on k_2  (cost=0.00..5.53 rows=110 width=0)
	        Index Cond: ((k >= 6737646) AND (k <= 6737746))

table 3 : explain SELECT k, c FROM sbtest3 WHERE k BETWEEN 6737646 AND 6737746
	Bitmap Heap Scan on sbtest3  (cost=5.46..401.50 rows=100 width=125)
	  Recheck Cond: ((k >= 6737646) AND (k <= 6737746))
	  ->  Bitmap Index Scan on k_3  (cost=0.00..5.43 rows=100 width=0)
	        Index Cond: ((k >= 6737646) AND (k <= 6737746))

table 4 : explain SELECT k, c FROM sbtest4 WHERE k BETWEEN 6737646 AND 6737746
	Bitmap Heap Scan on sbtest4  (cost=5.41..381.81 rows=95 width=125)
	  Recheck Cond: ((k >= 6737646) AND (k <= 6737746))
	  ->  Bitmap Index Scan on k_4  (cost=0.00..5.38 rows=95 width=0)
	        Index Cond: ((k >= 6737646) AND (k <= 6737746))

table 5 : explain SELECT k, c FROM sbtest5 WHERE k BETWEEN 6737646 AND 6737746
	Bitmap Heap Scan on sbtest5  (cost=5.47..405.48 rows=101 width=125)
	  Recheck Cond: ((k >= 6737646) AND (k <= 6737746))
	  ->  Bitmap Index Scan on k_5  (cost=0.00..5.44 rows=101 width=0)
	        Index Cond: ((k >= 6737646) AND (k <= 6737746))

table 6 : explain SELECT k, c FROM sbtest6 WHERE k BETWEEN 6737646 AND 6737746
	Bitmap Heap Scan on sbtest6  (cost=5.54..433.08 rows=108 width=125)
	  Recheck Cond: ((k >= 6737646) AND (k <= 6737746))
	  ->  Bitmap Index Scan on k_6  (cost=0.00..5.51 rows=108 width=0)
	        Index Cond: ((k >= 6737646) AND (k <= 6737746))

table 7 : explain SELECT k, c FROM sbtest7 WHERE k BETWEEN 6737646 AND 6737746
	Bitmap Heap Scan on sbtest7  (cost=5.44..393.68 rows=98 width=125)
	  Recheck Cond: ((k >= 6737646) AND (k <= 6737746))
	  ->  Bitmap Index Scan on k_7  (cost=0.00..5.42 rows=98 width=0)
	        Index Cond: ((k >= 6737646) AND (k <= 6737746))

table 8 : explain SELECT k, c FROM sbtest8 WHERE k BETWEEN 6737646 AND 6737746
	Bitmap Heap Scan on sbtest8  (cost=5.48..409.46 rows=102 width=125)
	  Recheck Cond: ((k >= 6737646) AND (k <= 6737746))
	  ->  Bitmap Index Scan on k_8  (cost=0.00..5.45 rows=102 width=0)
	        Index Cond: ((k >= 6737646) AND (k <= 6737746))

for range-notcovered
table 1 : explain SELECT k, c FROM sbtest1 WHERE k BETWEEN 7279562 AND 7279662
	Bitmap Heap Scan on sbtest1  (cost=5.48..409.34 rows=102 width=125)
	  Recheck Cond: ((k >= 7279562) AND (k <= 7279662))
	  ->  Bitmap Index Scan on k_1  (cost=0.00..5.45 rows=102 width=0)
	        Index Cond: ((k >= 7279562) AND (k <= 7279662))

table 2 : explain SELECT k, c FROM sbtest2 WHERE k BETWEEN 7279562 AND 7279662
	Bitmap Heap Scan on sbtest2  (cost=5.49..413.32 rows=103 width=125)
	  Recheck Cond: ((k >= 7279562) AND (k <= 7279662))
	  ->  Bitmap Index Scan on k_2  (cost=0.00..5.46 rows=103 width=0)
	        Index Cond: ((k >= 7279562) AND (k <= 7279662))

table 3 : explain SELECT k, c FROM sbtest3 WHERE k BETWEEN 7279562 AND 7279662
	Bitmap Heap Scan on sbtest3  (cost=5.47..405.44 rows=101 width=125)
	  Recheck Cond: ((k >= 7279562) AND (k <= 7279662))
	  ->  Bitmap Index Scan on k_3  (cost=0.00..5.44 rows=101 width=0)
	        Index Cond: ((k >= 7279562) AND (k <= 7279662))

table 4 : explain SELECT k, c FROM sbtest4 WHERE k BETWEEN 7279562 AND 7279662
	Bitmap Heap Scan on sbtest4  (cost=5.51..421.25 rows=105 width=125)
	  Recheck Cond: ((k >= 7279562) AND (k <= 7279662))
	  ->  Bitmap Index Scan on k_4  (cost=0.00..5.48 rows=105 width=0)
	        Index Cond: ((k >= 7279562) AND (k <= 7279662))

table 5 : explain SELECT k, c FROM sbtest5 WHERE k BETWEEN 7279562 AND 7279662
	Bitmap Heap Scan on sbtest5  (cost=5.47..405.48 rows=101 width=125)
	  Recheck Cond: ((k >= 7279562) AND (k <= 7279662))
	  ->  Bitmap Index Scan on k_5  (cost=0.00..5.44 rows=101 width=0)
	        Index Cond: ((k >= 7279562) AND (k <= 7279662))

table 6 : explain SELECT k, c FROM sbtest6 WHERE k BETWEEN 7279562 AND 7279662
	Bitmap Heap Scan on sbtest6  (cost=5.35..358.13 rows=89 width=125)
	  Recheck Cond: ((k >= 7279562) AND (k <= 7279662))
	  ->  Bitmap Index Scan on k_6  (cost=0.00..5.32 rows=89 width=0)
	        Index Cond: ((k >= 7279562) AND (k <= 7279662))

table 7 : explain SELECT k, c FROM sbtest7 WHERE k BETWEEN 7279562 AND 7279662
	Bitmap Heap Scan on sbtest7  (cost=5.54..433.12 rows=108 width=125)
	  Recheck Cond: ((k >= 7279562) AND (k <= 7279662))
	  ->  Bitmap Index Scan on k_7  (cost=0.00..5.51 rows=108 width=0)
	        Index Cond: ((k >= 7279562) AND (k <= 7279662))

table 8 : explain SELECT k, c FROM sbtest8 WHERE k BETWEEN 7279562 AND 7279662
	Bitmap Heap Scan on sbtest8  (cost=5.54..433.11 rows=108 width=125)
	  Recheck Cond: ((k >= 7279562) AND (k <= 7279662))
	  ->  Bitmap Index Scan on k_8  (cost=0.00..5.51 rows=108 width=0)
	        Index Cond: ((k >= 7279562) AND (k <= 7279662))
for range-notcovered
table 1 : explain SELECT k, c FROM sbtest1 WHERE k BETWEEN 7575122 AND 7575222
	Bitmap Heap Scan on sbtest1  (cost=5.45..397.52 rows=99 width=125)
	  Recheck Cond: ((k >= 7575122) AND (k <= 7575222))
	  ->  Bitmap Index Scan on k_1  (cost=0.00..5.42 rows=99 width=0)
	        Index Cond: ((k >= 7575122) AND (k <= 7575222))

table 2 : explain SELECT k, c FROM sbtest2 WHERE k BETWEEN 7575122 AND 7575222
	Bitmap Heap Scan on sbtest2  (cost=5.50..417.27 rows=104 width=125)
	  Recheck Cond: ((k >= 7575122) AND (k <= 7575222))
	  ->  Bitmap Index Scan on k_2  (cost=0.00..5.47 rows=104 width=0)
	        Index Cond: ((k >= 7575122) AND (k <= 7575222))

table 3 : explain SELECT k, c FROM sbtest3 WHERE k BETWEEN 7575122 AND 7575222
	Bitmap Heap Scan on sbtest3  (cost=5.51..421.21 rows=105 width=125)
	  Recheck Cond: ((k >= 7575122) AND (k <= 7575222))
	  ->  Bitmap Index Scan on k_3  (cost=0.00..5.48 rows=105 width=0)
	        Index Cond: ((k >= 7575122) AND (k <= 7575222))

table 4 : explain SELECT k, c FROM sbtest4 WHERE k BETWEEN 7575122 AND 7575222
	Bitmap Heap Scan on sbtest4  (cost=5.51..421.25 rows=105 width=125)
	  Recheck Cond: ((k >= 7575122) AND (k <= 7575222))
	  ->  Bitmap Index Scan on k_4  (cost=0.00..5.48 rows=105 width=0)
	        Index Cond: ((k >= 7575122) AND (k <= 7575222))

table 5 : explain SELECT k, c FROM sbtest5 WHERE k BETWEEN 7575122 AND 7575222
	Bitmap Heap Scan on sbtest5  (cost=5.47..405.48 rows=101 width=125)
	  Recheck Cond: ((k >= 7575122) AND (k <= 7575222))
	  ->  Bitmap Index Scan on k_5  (cost=0.00..5.44 rows=101 width=0)
	        Index Cond: ((k >= 7575122) AND (k <= 7575222))

table 6 : explain SELECT k, c FROM sbtest6 WHERE k BETWEEN 7575122 AND 7575222
	Bitmap Heap Scan on sbtest6  (cost=5.41..381.81 rows=95 width=125)
	  Recheck Cond: ((k >= 7575122) AND (k <= 7575222))
	  ->  Bitmap Index Scan on k_6  (cost=0.00..5.38 rows=95 width=0)
	        Index Cond: ((k >= 7575122) AND (k <= 7575222))

table 7 : explain SELECT k, c FROM sbtest7 WHERE k BETWEEN 7575122 AND 7575222
	Bitmap Heap Scan on sbtest7  (cost=5.45..397.63 rows=99 width=125)
	  Recheck Cond: ((k >= 7575122) AND (k <= 7575222))
	  ->  Bitmap Index Scan on k_7  (cost=0.00..5.42 rows=99 width=0)
	        Index Cond: ((k >= 7575122) AND (k <= 7575222))

table 8 : explain SELECT k, c FROM sbtest8 WHERE k BETWEEN 7575122 AND 7575222
	Bitmap Heap Scan on sbtest8  (cost=5.49..413.40 rows=103 width=125)
	  Recheck Cond: ((k >= 7575122) AND (k <= 7575222))
	  ->  Bitmap Index Scan on k_8  (cost=0.00..5.46 rows=103 width=0)
	        Index Cond: ((k >= 7575122) AND (k <= 7575222))

for range-notcovered
table 1 : explain SELECT k, c FROM sbtest1 WHERE k BETWEEN 5399909 AND 5400009
	Bitmap Heap Scan on sbtest1  (cost=5.45..397.52 rows=99 width=125)
	  Recheck Cond: ((k >= 5399909) AND (k <= 5400009))
	  ->  Bitmap Index Scan on k_1  (cost=0.00..5.42 rows=99 width=0)
	        Index Cond: ((k >= 5399909) AND (k <= 5400009))

table 2 : explain SELECT k, c FROM sbtest2 WHERE k BETWEEN 5399909 AND 5400009
	Bitmap Heap Scan on sbtest2  (cost=5.47..405.44 rows=101 width=125)
	  Recheck Cond: ((k >= 5399909) AND (k <= 5400009))
	  ->  Bitmap Index Scan on k_2  (cost=0.00..5.44 rows=101 width=0)
	        Index Cond: ((k >= 5399909) AND (k <= 5400009))

table 3 : explain SELECT k, c FROM sbtest3 WHERE k BETWEEN 5399909 AND 5400009
	Bitmap Heap Scan on sbtest3  (cost=5.45..397.56 rows=99 width=125)
	  Recheck Cond: ((k >= 5399909) AND (k <= 5400009))
	  ->  Bitmap Index Scan on k_3  (cost=0.00..5.42 rows=99 width=0)
	        Index Cond: ((k >= 5399909) AND (k <= 5400009))

table 4 : explain SELECT k, c FROM sbtest4 WHERE k BETWEEN 5399909 AND 5400009
	Bitmap Heap Scan on sbtest4  (cost=5.44..393.65 rows=98 width=125)
	  Recheck Cond: ((k >= 5399909) AND (k <= 5400009))
	  ->  Bitmap Index Scan on k_4  (cost=0.00..5.42 rows=98 width=0)
	        Index Cond: ((k >= 5399909) AND (k <= 5400009))

table 5 : explain SELECT k, c FROM sbtest5 WHERE k BETWEEN 5399909 AND 5400009
	Bitmap Heap Scan on sbtest5  (cost=5.46..401.54 rows=100 width=125)
	  Recheck Cond: ((k >= 5399909) AND (k <= 5400009))
	  ->  Bitmap Index Scan on k_5  (cost=0.00..5.43 rows=100 width=0)
	        Index Cond: ((k >= 5399909) AND (k <= 5400009))

table 6 : explain SELECT k, c FROM sbtest6 WHERE k BETWEEN 5399909 AND 5400009
	Bitmap Heap Scan on sbtest6  (cost=5.57..444.90 rows=111 width=125)
	  Recheck Cond: ((k >= 5399909) AND (k <= 5400009))
	  ->  Bitmap Index Scan on k_6  (cost=0.00..5.54 rows=111 width=0)
	        Index Cond: ((k >= 5399909) AND (k <= 5400009))

table 7 : explain SELECT k, c FROM sbtest7 WHERE k BETWEEN 5399909 AND 5400009
	Bitmap Heap Scan on sbtest7  (cost=5.50..417.35 rows=104 width=125)
	  Recheck Cond: ((k >= 5399909) AND (k <= 5400009))
	  ->  Bitmap Index Scan on k_7  (cost=0.00..5.47 rows=104 width=0)
	        Index Cond: ((k >= 5399909) AND (k <= 5400009))

table 8 : explain SELECT k, c FROM sbtest8 WHERE k BETWEEN 5399909 AND 5400009
	Bitmap Heap Scan on sbtest8  (cost=5.47..405.52 rows=101 width=125)
	  Recheck Cond: ((k >= 5399909) AND (k <= 5400009))
	  ->  Bitmap Index Scan on k_8  (cost=0.00..5.44 rows=101 width=0)
	        Index Cond: ((k >= 5399909) AND (k <= 5400009))

explain: for range-notcovered :: explain SELECT k, c FROM sbtest%d WHERE k BETWEEN 5522101 AND 5522201
explain: for range-notcovered :: explain SELECT k, c FROM sbtest%d WHERE k BETWEEN 6904500 AND 6904600
for range-notcovered
table 1 : explain SELECT k, c FROM sbtest1 WHERE k BETWEEN 4455370 AND 4455470
	Bitmap Heap Scan on sbtest1  (cost=5.61..460.55 rows=115 width=125)
	  Recheck Cond: ((k >= 4455370) AND (k <= 4455470))
	  ->  Bitmap Index Scan on k_1  (cost=0.00..5.58 rows=115 width=0)
	        Index Cond: ((k >= 4455370) AND (k <= 4455470))

table 2 : explain SELECT k, c FROM sbtest2 WHERE k BETWEEN 4455370 AND 4455470
	Bitmap Heap Scan on sbtest2  (cost=5.45..397.55 rows=99 width=125)
	  Recheck Cond: ((k >= 4455370) AND (k <= 4455470))
	  ->  Bitmap Index Scan on k_2  (cost=0.00..5.42 rows=99 width=0)
	        Index Cond: ((k >= 4455370) AND (k <= 4455470))

table 3 : explain SELECT k, c FROM sbtest3 WHERE k BETWEEN 4455370 AND 4455470
	Bitmap Heap Scan on sbtest3  (cost=5.45..397.56 rows=99 width=125)
	  Recheck Cond: ((k >= 4455370) AND (k <= 4455470))
	  ->  Bitmap Index Scan on k_3  (cost=0.00..5.42 rows=99 width=0)
	        Index Cond: ((k >= 4455370) AND (k <= 4455470))

table 4 : explain SELECT k, c FROM sbtest4 WHERE k BETWEEN 4455370 AND 4455470
	Bitmap Heap Scan on sbtest4  (cost=5.46..401.53 rows=100 width=125)
	  Recheck Cond: ((k >= 4455370) AND (k <= 4455470))
	  ->  Bitmap Index Scan on k_4  (cost=0.00..5.43 rows=100 width=0)
	        Index Cond: ((k >= 4455370) AND (k <= 4455470))

table 5 : explain SELECT k, c FROM sbtest5 WHERE k BETWEEN 4455370 AND 4455470
	Bitmap Heap Scan on sbtest5  (cost=5.45..397.59 rows=99 width=125)
	  Recheck Cond: ((k >= 4455370) AND (k <= 4455470))
	  ->  Bitmap Index Scan on k_5  (cost=0.00..5.42 rows=99 width=0)
	        Index Cond: ((k >= 4455370) AND (k <= 4455470))

table 6 : explain SELECT k, c FROM sbtest6 WHERE k BETWEEN 4455370 AND 4455470
	Bitmap Heap Scan on sbtest6  (cost=5.44..393.65 rows=98 width=125)
	  Recheck Cond: ((k >= 4455370) AND (k <= 4455470))
	  ->  Bitmap Index Scan on k_6  (cost=0.00..5.42 rows=98 width=0)
	        Index Cond: ((k >= 4455370) AND (k <= 4455470))

table 7 : explain SELECT k, c FROM sbtest7 WHERE k BETWEEN 4455370 AND 4455470
	Bitmap Heap Scan on sbtest7  (cost=5.52..425.23 rows=106 width=125)
	  Recheck Cond: ((k >= 4455370) AND (k <= 4455470))
	  ->  Bitmap Index Scan on k_7  (cost=0.00..5.50 rows=106 width=0)
	        Index Cond: ((k >= 4455370) AND (k <= 4455470))

table 8 : explain SELECT k, c FROM sbtest8 WHERE k BETWEEN 4455370 AND 4455470
	Bitmap Heap Scan on sbtest8  (cost=5.48..409.46 rows=102 width=125)
	  Recheck Cond: ((k >= 4455370) AND (k <= 4455470))
	  ->  Bitmap Index Scan on k_8  (cost=0.00..5.45 rows=102 width=0)
	        Index Cond: ((k >= 4455370) AND (k <= 4455470))

for range-notcovered
table 1 : explain SELECT k, c FROM sbtest1 WHERE k BETWEEN 5037553 AND 5037653
	Bitmap Heap Scan on sbtest1  (cost=5.52..425.11 rows=106 width=125)
	  Recheck Cond: ((k >= 5037553) AND (k <= 5037653))
	  ->  Bitmap Index Scan on k_1  (cost=0.00..5.50 rows=106 width=0)
	        Index Cond: ((k >= 5037553) AND (k <= 5037653))

table 2 : explain SELECT k, c FROM sbtest2 WHERE k BETWEEN 5037553 AND 5037653
	Bitmap Heap Scan on sbtest2  (cost=5.62..464.54 rows=116 width=125)
	  Recheck Cond: ((k >= 5037553) AND (k <= 5037653))
	  ->  Bitmap Index Scan on k_2  (cost=0.00..5.59 rows=116 width=0)
	        Index Cond: ((k >= 5037553) AND (k <= 5037653))

table 3 : explain SELECT k, c FROM sbtest3 WHERE k BETWEEN 5037553 AND 5037653
	Bitmap Heap Scan on sbtest3  (cost=5.51..421.21 rows=105 width=125)
	  Recheck Cond: ((k >= 5037553) AND (k <= 5037653))
	  ->  Bitmap Index Scan on k_3  (cost=0.00..5.48 rows=105 width=0)
	        Index Cond: ((k >= 5037553) AND (k <= 5037653))

table 4 : explain SELECT k, c FROM sbtest4 WHERE k BETWEEN 5037553 AND 5037653
	Bitmap Heap Scan on sbtest4  (cost=5.48..409.42 rows=102 width=125)
	  Recheck Cond: ((k >= 5037553) AND (k <= 5037653))
	  ->  Bitmap Index Scan on k_4  (cost=0.00..5.45 rows=102 width=0)
	        Index Cond: ((k >= 5037553) AND (k <= 5037653))

table 5 : explain SELECT k, c FROM sbtest5 WHERE k BETWEEN 5037553 AND 5037653
	Bitmap Heap Scan on sbtest5  (cost=5.55..437.02 rows=109 width=125)
	  Recheck Cond: ((k >= 5037553) AND (k <= 5037653))
	  ->  Bitmap Index Scan on k_5  (cost=0.00..5.52 rows=109 width=0)
	        Index Cond: ((k >= 5037553) AND (k <= 5037653))

table 6 : explain SELECT k, c FROM sbtest6 WHERE k BETWEEN 5037553 AND 5037653
	Bitmap Heap Scan on sbtest6  (cost=5.47..405.48 rows=101 width=125)
	  Recheck Cond: ((k >= 5037553) AND (k <= 5037653))
	  ->  Bitmap Index Scan on k_6  (cost=0.00..5.44 rows=101 width=0)
	        Index Cond: ((k >= 5037553) AND (k <= 5037653))

table 7 : explain SELECT k, c FROM sbtest7 WHERE k BETWEEN 5037553 AND 5037653
	Bitmap Heap Scan on sbtest7  (cost=5.41..381.85 rows=95 width=125)
	  Recheck Cond: ((k >= 5037553) AND (k <= 5037653))
	  ->  Bitmap Index Scan on k_7  (cost=0.00..5.38 rows=95 width=0)
	        Index Cond: ((k >= 5037553) AND (k <= 5037653))

table 8 : explain SELECT k, c FROM sbtest8 WHERE k BETWEEN 5037553 AND 5037653
	Bitmap Heap Scan on sbtest8  (cost=5.42..385.79 rows=96 width=125)
	  Recheck Cond: ((k >= 5037553) AND (k <= 5037653))
	  ->  Bitmap Index Scan on k_8  (cost=0.00..5.39 rows=96 width=0)
	        Index Cond: ((k >= 5037553) AND (k <= 5037653))
for range-notcovered
table 1 : explain SELECT k, c FROM sbtest1 WHERE k BETWEEN 4249789 AND 4249889
	Bitmap Heap Scan on sbtest1  (cost=5.49..413.29 rows=103 width=125)
	  Recheck Cond: ((k >= 4249789) AND (k <= 4249889))
	  ->  Bitmap Index Scan on k_1  (cost=0.00..5.46 rows=103 width=0)
	        Index Cond: ((k >= 4249789) AND (k <= 4249889))

table 2 : explain SELECT k, c FROM sbtest2 WHERE k BETWEEN 4249789 AND 4249889
	Bitmap Heap Scan on sbtest2  (cost=5.55..436.97 rows=109 width=125)
	  Recheck Cond: ((k >= 4249789) AND (k <= 4249889))
	  ->  Bitmap Index Scan on k_2  (cost=0.00..5.52 rows=109 width=0)
	        Index Cond: ((k >= 4249789) AND (k <= 4249889))

table 3 : explain SELECT k, c FROM sbtest3 WHERE k BETWEEN 4249789 AND 4249889
	Bitmap Heap Scan on sbtest3  (cost=5.47..405.44 rows=101 width=125)
	  Recheck Cond: ((k >= 4249789) AND (k <= 4249889))
	  ->  Bitmap Index Scan on k_3  (cost=0.00..5.44 rows=101 width=0)
	        Index Cond: ((k >= 4249789) AND (k <= 4249889))

table 4 : explain SELECT k, c FROM sbtest4 WHERE k BETWEEN 4249789 AND 4249889
	Bitmap Heap Scan on sbtest4  (cost=5.43..389.70 rows=97 width=125)
	  Recheck Cond: ((k >= 4249789) AND (k <= 4249889))
	  ->  Bitmap Index Scan on k_4  (cost=0.00..5.40 rows=97 width=0)
	        Index Cond: ((k >= 4249789) AND (k <= 4249889))

table 5 : explain SELECT k, c FROM sbtest5 WHERE k BETWEEN 4249789 AND 4249889
	Bitmap Heap Scan on sbtest5  (cost=5.41..381.81 rows=95 width=125)
	  Recheck Cond: ((k >= 4249789) AND (k <= 4249889))
	  ->  Bitmap Index Scan on k_5  (cost=0.00..5.38 rows=95 width=0)
	        Index Cond: ((k >= 4249789) AND (k <= 4249889))

table 6 : explain SELECT k, c FROM sbtest6 WHERE k BETWEEN 4249789 AND 4249889
	Bitmap Heap Scan on sbtest6  (cost=5.48..409.42 rows=102 width=125)
	  Recheck Cond: ((k >= 4249789) AND (k <= 4249889))
	  ->  Bitmap Index Scan on k_6  (cost=0.00..5.45 rows=102 width=0)
	        Index Cond: ((k >= 4249789) AND (k <= 4249889))

table 7 : explain SELECT k, c FROM sbtest7 WHERE k BETWEEN 4249789 AND 4249889
	Bitmap Heap Scan on sbtest7  (cost=5.45..397.63 rows=99 width=125)
	  Recheck Cond: ((k >= 4249789) AND (k <= 4249889))
	  ->  Bitmap Index Scan on k_7  (cost=0.00..5.42 rows=99 width=0)
	        Index Cond: ((k >= 4249789) AND (k <= 4249889))

table 8 : explain SELECT k, c FROM sbtest8 WHERE k BETWEEN 4249789 AND 4249889
	Bitmap Heap Scan on sbtest8  (cost=5.51..421.29 rows=105 width=125)
	  Recheck Cond: ((k >= 4249789) AND (k <= 4249889))
	  ->  Bitmap Index Scan on k_8  (cost=0.00..5.48 rows=105 width=0)
	        Index Cond: ((k >= 4249789) AND (k <= 4249889))

explain: for range-notcovered :: explain SELECT k, c FROM sbtest%d WHERE k BETWEEN 5399909 AND 5400009
explain: for range-notcovered :: explain SELECT k, c FROM sbtest%d WHERE k BETWEEN 7804666 AND 7804766
explain: for range-notcovered :: explain SELECT k, c FROM sbtest%d WHERE k BETWEEN 7575122 AND 7575222for range-notcovered
table 1 : explain SELECT k, c FROM sbtest1 WHERE k BETWEEN 3394656 AND 3394756
	Bitmap Heap Scan on sbtest1  (cost=5.49..413.29 rows=103 width=125)
	  Recheck Cond: ((k >= 3394656) AND (k <= 3394756))
	  ->  Bitmap Index Scan on k_1  (cost=0.00..5.46 rows=103 width=0)
	        Index Cond: ((k >= 3394656) AND (k <= 3394756))

table 2 : explain SELECT k, c FROM sbtest2 WHERE k BETWEEN 3394656 AND 3394756
	Bitmap Heap Scan on sbtest2  (cost=5.53..429.09 rows=107 width=125)
	  Recheck Cond: ((k >= 3394656) AND (k <= 3394756))
	  ->  Bitmap Index Scan on k_2  (cost=0.00..5.50 rows=107 width=0)
	        Index Cond: ((k >= 3394656) AND (k <= 3394756))

table 3 : explain SELECT k, c FROM sbtest3 WHERE k BETWEEN 3394656 AND 3394756
	Bitmap Heap Scan on sbtest3  (cost=5.48..409.39 rows=102 width=125)
	  Recheck Cond: ((k >= 3394656) AND (k <= 3394756))
	  ->  Bitmap Index Scan on k_3  (cost=0.00..5.45 rows=102 width=0)
	        Index Cond: ((k >= 3394656) AND (k <= 3394756))

table 4 : explain SELECT k, c FROM sbtest4 WHERE k BETWEEN 3394656 AND 3394756
	Bitmap Heap Scan on sbtest4  (cost=5.42..385.75 rows=96 width=125)
	  Recheck Cond: ((k >= 3394656) AND (k <= 3394756))
	  ->  Bitmap Index Scan on k_4  (cost=0.00..5.39 rows=96 width=0)
	        Index Cond: ((k >= 3394656) AND (k <= 3394756))

table 5 : explain SELECT k, c FROM sbtest5 WHERE k BETWEEN 3394656 AND 3394756
	Bitmap Heap Scan on sbtest5  (cost=5.56..440.96 rows=110 width=125)
	  Recheck Cond: ((k >= 3394656) AND (k <= 3394756))
	  ->  Bitmap Index Scan on k_5  (cost=0.00..5.53 rows=110 width=0)
	        Index Cond: ((k >= 3394656) AND (k <= 3394756))

table 6 : explain SELECT k, c FROM sbtest6 WHERE k BETWEEN 3394656 AND 3394756
	Bitmap Heap Scan on sbtest6  (cost=5.41..381.81 rows=95 width=125)
	  Recheck Cond: ((k >= 3394656) AND (k <= 3394756))
	  ->  Bitmap Index Scan on k_6  (cost=0.00..5.38 rows=95 width=0)
	        Index Cond: ((k >= 3394656) AND (k <= 3394756))

table 7 : explain SELECT k, c FROM sbtest7 WHERE k BETWEEN 3394656 AND 3394756
	Bitmap Heap Scan on sbtest7  (cost=5.38..370.01 rows=92 width=125)
	  Recheck Cond: ((k >= 3394656) AND (k <= 3394756))
	  ->  Bitmap Index Scan on k_7  (cost=0.00..5.35 rows=92 width=0)
	        Index Cond: ((k >= 3394656) AND (k <= 3394756))

table 8 : explain SELECT k, c FROM sbtest8 WHERE k BETWEEN 3394656 AND 3394756
	Bitmap Heap Scan on sbtest8  (cost=5.49..413.40 rows=103 width=125)
	  Recheck Cond: ((k >= 3394656) AND (k <= 3394756))
	  ->  Bitmap Index Scan on k_8  (cost=0.00..5.46 rows=103 width=0)
	        Index Cond: ((k >= 3394656) AND (k <= 3394756))
for range-notcovered
table 1 : explain SELECT k, c FROM sbtest1 WHERE k BETWEEN 3951479 AND 3951579
	Bitmap Heap Scan on sbtest1  (cost=5.54..432.99 rows=108 width=125)
	  Recheck Cond: ((k >= 3951479) AND (k <= 3951579))
	  ->  Bitmap Index Scan on k_1  (cost=0.00..5.51 rows=108 width=0)
	        Index Cond: ((k >= 3951479) AND (k <= 3951579))

table 2 : explain SELECT k, c FROM sbtest2 WHERE k BETWEEN 3951479 AND 3951579
	Bitmap Heap Scan on sbtest2  (cost=5.46..401.50 rows=100 width=125)
	  Recheck Cond: ((k >= 3951479) AND (k <= 3951579))
	  ->  Bitmap Index Scan on k_2  (cost=0.00..5.43 rows=100 width=0)
	        Index Cond: ((k >= 3951479) AND (k <= 3951579))

table 3 : explain SELECT k, c FROM sbtest3 WHERE k BETWEEN 3951479 AND 3951579
	Bitmap Heap Scan on sbtest3  (cost=5.47..405.44 rows=101 width=125)
	  Recheck Cond: ((k >= 3951479) AND (k <= 3951579))
	  ->  Bitmap Index Scan on k_3  (cost=0.00..5.44 rows=101 width=0)
	        Index Cond: ((k >= 3951479) AND (k <= 3951579))

table 4 : explain SELECT k, c FROM sbtest4 WHERE k BETWEEN 3951479 AND 3951579
	Bitmap Heap Scan on sbtest4  (cost=5.60..456.71 rows=114 width=125)
	  Recheck Cond: ((k >= 3951479) AND (k <= 3951579))
	  ->  Bitmap Index Scan on k_4  (cost=0.00..5.58 rows=114 width=0)
	        Index Cond: ((k >= 3951479) AND (k <= 3951579))

table 5 : explain SELECT k, c FROM sbtest5 WHERE k BETWEEN 3951479 AND 3951579
	Bitmap Heap Scan on sbtest5  (cost=5.54..433.08 rows=108 width=125)
	  Recheck Cond: ((k >= 3951479) AND (k <= 3951579))
	  ->  Bitmap Index Scan on k_5  (cost=0.00..5.51 rows=108 width=0)
	        Index Cond: ((k >= 3951479) AND (k <= 3951579))

table 6 : explain SELECT k, c FROM sbtest6 WHERE k BETWEEN 3951479 AND 3951579
	Bitmap Heap Scan on sbtest6  (cost=5.50..417.31 rows=104 width=125)
	  Recheck Cond: ((k >= 3951479) AND (k <= 3951579))
	  ->  Bitmap Index Scan on k_6  (cost=0.00..5.47 rows=104 width=0)
	        Index Cond: ((k >= 3951479) AND (k <= 3951579))

table 7 : explain SELECT k, c FROM sbtest7 WHERE k BETWEEN 3951479 AND 3951579
	Bitmap Heap Scan on sbtest7  (cost=5.44..393.68 rows=98 width=125)
	  Recheck Cond: ((k >= 3951479) AND (k <= 3951579))
	  ->  Bitmap Index Scan on k_7  (cost=0.00..5.42 rows=98 width=0)
	        Index Cond: ((k >= 3951479) AND (k <= 3951579))

table 8 : explain SELECT k, c FROM sbtest8 WHERE k BETWEEN 3951479 AND 3951579
	Bitmap Heap Scan on sbtest8  (cost=5.56..441.00 rows=110 width=125)
	  Recheck Cond: ((k >= 3951479) AND (k <= 3951579))
	  ->  Bitmap Index Scan on k_8  (cost=0.00..5.53 rows=110 width=0)
	        Index Cond: ((k >= 3951479) AND (k <= 3951579))


explain: for range-notcovered :: explain SELECT k, c FROM sbtest%d WHERE k BETWEEN 2639083 AND 2639183
for range-notcovered
table 1 : explain SELECT k, c FROM sbtest1 WHERE k BETWEEN 6222055 AND 6222155
	Bitmap Heap Scan on sbtest1  (cost=5.48..409.34 rows=102 width=125)
	  Recheck Cond: ((k >= 6222055) AND (k <= 6222155))
	  ->  Bitmap Index Scan on k_1  (cost=0.00..5.45 rows=102 width=0)
	        Index Cond: ((k >= 6222055) AND (k <= 6222155))

table 2 : explain SELECT k, c FROM sbtest2 WHERE k BETWEEN 6222055 AND 6222155
	Bitmap Heap Scan on sbtest2  (cost=5.55..436.97 rows=109 width=125)
	  Recheck Cond: ((k >= 6222055) AND (k <= 6222155))
	  ->  Bitmap Index Scan on k_2  (cost=0.00..5.52 rows=109 width=0)
	        Index Cond: ((k >= 6222055) AND (k <= 6222155))

table 3 : explain SELECT k, c FROM sbtest3 WHERE k BETWEEN 6222055 AND 6222155
	Bitmap Heap Scan on sbtest3  (cost=5.50..417.27 rows=104 width=125)
	  Recheck Cond: ((k >= 6222055) AND (k <= 6222155))
	  ->  Bitmap Index Scan on k_3  (cost=0.00..5.47 rows=104 width=0)
	        Index Cond: ((k >= 6222055) AND (k <= 6222155))

table 4 : explain SELECT k, c FROM sbtest4 WHERE k BETWEEN 6222055 AND 6222155
	Bitmap Heap Scan on sbtest4  (cost=5.48..409.42 rows=102 width=125)
	  Recheck Cond: ((k >= 6222055) AND (k <= 6222155))
	  ->  Bitmap Index Scan on k_4  (cost=0.00..5.45 rows=102 width=0)
	        Index Cond: ((k >= 6222055) AND (k <= 6222155))

table 5 : explain SELECT k, c FROM sbtest5 WHERE k BETWEEN 6222055 AND 6222155
	Bitmap Heap Scan on sbtest5  (cost=5.49..413.37 rows=103 width=125)
	  Recheck Cond: ((k >= 6222055) AND (k <= 6222155))
	  ->  Bitmap Index Scan on k_5  (cost=0.00..5.46 rows=103 width=0)
	        Index Cond: ((k >= 6222055) AND (k <= 6222155))

table 6 : explain SELECT k, c FROM sbtest6 WHERE k BETWEEN 6222055 AND 6222155
	Bitmap Heap Scan on sbtest6  (cost=5.43..389.70 rows=97 width=125)
	  Recheck Cond: ((k >= 6222055) AND (k <= 6222155))
	  ->  Bitmap Index Scan on k_6  (cost=0.00..5.40 rows=97 width=0)
	        Index Cond: ((k >= 6222055) AND (k <= 6222155))

table 7 : explain SELECT k, c FROM sbtest7 WHERE k BETWEEN 6222055 AND 6222155
	Bitmap Heap Scan on sbtest7  (cost=5.45..397.63 rows=99 width=125)
	  Recheck Cond: ((k >= 6222055) AND (k <= 6222155))
	  ->  Bitmap Index Scan on k_7  (cost=0.00..5.42 rows=99 width=0)
	        Index Cond: ((k >= 6222055) AND (k <= 6222155))

table 8 : explain SELECT k, c FROM sbtest8 WHERE k BETWEEN 6222055 AND 6222155
	Bitmap Heap Scan on sbtest8  (cost=5.51..421.29 rows=105 width=125)
	  Recheck Cond: ((k >= 6222055) AND (k <= 6222155))
	  ->  Bitmap Index Scan on k_8  (cost=0.00..5.48 rows=105 width=0)
	        Index Cond: ((k >= 6222055) AND (k <= 6222155))

explain: for range-notcovered :: explain SELECT k, c FROM sbtest%d WHERE k BETWEEN 3346171 AND 3346271


for range-notcovered
table 1 : explain SELECT k, c FROM sbtest1 WHERE k BETWEEN 5893226 AND 5893326
	Bitmap Heap Scan on sbtest1  (cost=5.43..389.63 rows=97 width=125)
	  Recheck Cond: ((k >= 5893226) AND (k <= 5893326))
	  ->  Bitmap Index Scan on k_1  (cost=0.00..5.40 rows=97 width=0)
	        Index Cond: ((k >= 5893226) AND (k <= 5893326))

table 2 : explain SELECT k, c FROM sbtest2 WHERE k BETWEEN 5893226 AND 5893326
	Bitmap Heap Scan on sbtest2  (cost=5.47..405.44 rows=101 width=125)
	  Recheck Cond: ((k >= 5893226) AND (k <= 5893326))
	  ->  Bitmap Index Scan on k_2  (cost=0.00..5.44 rows=101 width=0)
	        Index Cond: ((k >= 5893226) AND (k <= 5893326))

table 3 : explain SELECT k, c FROM sbtest3 WHERE k BETWEEN 5893226 AND 5893326
	Bitmap Heap Scan on sbtest3  (cost=5.56..440.91 rows=110 width=125)
	  Recheck Cond: ((k >= 5893226) AND (k <= 5893326))
	  ->  Bitmap Index Scan on k_3  (cost=0.00..5.53 rows=110 width=0)
	        Index Cond: ((k >= 5893226) AND (k <= 5893326))

table 4 : explain SELECT k, c FROM sbtest4 WHERE k BETWEEN 5893226 AND 5893326
	Bitmap Heap Scan on sbtest4  (cost=5.52..425.19 rows=106 width=125)
	  Recheck Cond: ((k >= 5893226) AND (k <= 5893326))
	  ->  Bitmap Index Scan on k_4  (cost=0.00..5.50 rows=106 width=0)
	        Index Cond: ((k >= 5893226) AND (k <= 5893326))

table 5 : explain SELECT k, c FROM sbtest5 WHERE k BETWEEN 5893226 AND 5893326
	Bitmap Heap Scan on sbtest5  (cost=5.40..377.87 rows=94 width=125)
	  Recheck Cond: ((k >= 5893226) AND (k <= 5893326))
	  ->  Bitmap Index Scan on k_5  (cost=0.00..5.38 rows=94 width=0)
	        Index Cond: ((k >= 5893226) AND (k <= 5893326))

table 6 : explain SELECT k, c FROM sbtest6 WHERE k BETWEEN 5893226 AND 5893326
	Bitmap Heap Scan on sbtest6  (cost=5.43..389.70 rows=97 width=125)
	  Recheck Cond: ((k >= 5893226) AND (k <= 5893326))
	  ->  Bitmap Index Scan on k_6  (cost=0.00..5.40 rows=97 width=0)
	        Index Cond: ((k >= 5893226) AND (k <= 5893326))

table 7 : explain SELECT k, c FROM sbtest7 WHERE k BETWEEN 5893226 AND 5893326
	Bitmap Heap Scan on sbtest7  (cost=5.57..444.94 rows=111 width=125)
	  Recheck Cond: ((k >= 5893226) AND (k <= 5893326))
	  ->  Bitmap Index Scan on k_7  (cost=0.00..5.54 rows=111 width=0)
	        Index Cond: ((k >= 5893226) AND (k <= 5893326))

table 8 : explain SELECT k, c FROM sbtest8 WHERE k BETWEEN 5893226 AND 5893326
	Bitmap Heap Scan on sbtest8  (cost=5.42..385.79 rows=96 width=125)
	  Recheck Cond: ((k >= 5893226) AND (k <= 5893326))
	  ->  Bitmap Index Scan on k_8  (cost=0.00..5.39 rows=96 width=0)
	        Index Cond: ((k >= 5893226) AND (k <= 5893326))

explain: for range-notcovered :: explain SELECT k, c FROM sbtest%d WHERE k BETWEEN 7279562 AND 7279662explain: for range-notcovered :: explain SELECT k, c FROM sbtest%d WHERE k BETWEEN 8296793 AND 8296893for range-notcovered
table 1 : explain SELECT k, c FROM sbtest1 WHERE k BETWEEN 3925795 AND 3925895
	Bitmap Heap Scan on sbtest1  (cost=5.36..362.01 rows=90 width=125)
	  Recheck Cond: ((k >= 3925795) AND (k <= 3925895))
	  ->  Bitmap Index Scan on k_1  (cost=0.00..5.33 rows=90 width=0)
	        Index Cond: ((k >= 3925795) AND (k <= 3925895))

table 2 : explain SELECT k, c FROM sbtest2 WHERE k BETWEEN 3925795 AND 3925895
	Bitmap Heap Scan on sbtest2  (cost=5.46..401.50 rows=100 width=125)
	  Recheck Cond: ((k >= 3925795) AND (k <= 3925895))
	  ->  Bitmap Index Scan on k_2  (cost=0.00..5.43 rows=100 width=0)
	        Index Cond: ((k >= 3925795) AND (k <= 3925895))

table 3 : explain SELECT k, c FROM sbtest3 WHERE k BETWEEN 3925795 AND 3925895
	Bitmap Heap Scan on sbtest3  (cost=5.47..405.44 rows=101 width=125)
	  Recheck Cond: ((k >= 3925795) AND (k <= 3925895))
	  ->  Bitmap Index Scan on k_3  (cost=0.00..5.44 rows=101 width=0)
	        Index Cond: ((k >= 3925795) AND (k <= 3925895))

table 4 : explain SELECT k, c FROM sbtest4 WHERE k BETWEEN 3925795 AND 3925895
	Bitmap Heap Scan on sbtest4  (cost=5.37..366.02 rows=91 width=125)
	  Recheck Cond: ((k >= 3925795) AND (k <= 3925895))
	  ->  Bitmap Index Scan on k_4  (cost=0.00..5.34 rows=91 width=0)
	        Index Cond: ((k >= 3925795) AND (k <= 3925895))

table 5 : explain SELECT k, c FROM sbtest5 WHERE k BETWEEN 3925795 AND 3925895
	Bitmap Heap Scan on sbtest5  (cost=5.54..433.08 rows=108 width=125)
	  Recheck Cond: ((k >= 3925795) AND (k <= 3925895))
	  ->  Bitmap Index Scan on k_5  (cost=0.00..5.51 rows=108 width=0)
	        Index Cond: ((k >= 3925795) AND (k <= 3925895))

table 6 : explain SELECT k, c FROM sbtest6 WHERE k BETWEEN 3925795 AND 3925895
	Bitmap Heap Scan on sbtest6  (cost=5.50..417.31 rows=104 width=125)
	  Recheck Cond: ((k >= 3925795) AND (k <= 3925895))
	  ->  Bitmap Index Scan on k_6  (cost=0.00..5.47 rows=104 width=0)
	        Index Cond: ((k >= 3925795) AND (k <= 3925895))

table 7 : explain SELECT k, c FROM sbtest7 WHERE k BETWEEN 3925795 AND 3925895
	Bitmap Heap Scan on sbtest7  (cost=5.53..429.18 rows=107 width=125)
	  Recheck Cond: ((k >= 3925795) AND (k <= 3925895))
	  ->  Bitmap Index Scan on k_7  (cost=0.00..5.50 rows=107 width=0)
	        Index Cond: ((k >= 3925795) AND (k <= 3925895))

table 8 : explain SELECT k, c FROM sbtest8 WHERE k BETWEEN 3925795 AND 3925895
	Bitmap Heap Scan on sbtest8  (cost=5.56..441.00 rows=110 width=125)
	  Recheck Cond: ((k >= 3925795) AND (k <= 3925895))
	  ->  Bitmap Index Scan on k_8  (cost=0.00..5.53 rows=110 width=0)
	        Index Cond: ((k >= 3925795) AND (k <= 3925895))
explain: for range-notcovered :: explain SELECT k, c FROM sbtest%d WHERE k BETWEEN 5037553 AND 5037653for range-notcovered
table 1 : explain SELECT k, c FROM sbtest1 WHERE k BETWEEN 8443156 AND 8443256
	Bitmap Heap Scan on sbtest1  (cost=5.54..432.99 rows=108 width=125)
	  Recheck Cond: ((k >= 8443156) AND (k <= 8443256))
	  ->  Bitmap Index Scan on k_1  (cost=0.00..5.51 rows=108 width=0)
	        Index Cond: ((k >= 8443156) AND (k <= 8443256))

table 2 : explain SELECT k, c FROM sbtest2 WHERE k BETWEEN 8443156 AND 8443256
	Bitmap Heap Scan on sbtest2  (cost=5.55..436.97 rows=109 width=125)
	  Recheck Cond: ((k >= 8443156) AND (k <= 8443256))
	  ->  Bitmap Index Scan on k_2  (cost=0.00..5.52 rows=109 width=0)
	        Index Cond: ((k >= 8443156) AND (k <= 8443256))

table 3 : explain SELECT k, c FROM sbtest3 WHERE k BETWEEN 8443156 AND 8443256
	Bitmap Heap Scan on sbtest3  (cost=5.36..362.05 rows=90 width=125)
	  Recheck Cond: ((k >= 8443156) AND (k <= 8443256))
	  ->  Bitmap Index Scan on k_3  (cost=0.00..5.33 rows=90 width=0)
	        Index Cond: ((k >= 8443156) AND (k <= 8443256))

table 4 : explain SELECT k, c FROM sbtest4 WHERE k BETWEEN 8443156 AND 8443256
	Bitmap Heap Scan on sbtest4  (cost=5.46..401.53 rows=100 width=125)
	  Recheck Cond: ((k >= 8443156) AND (k <= 8443256))
	  ->  Bitmap Index Scan on k_4  (cost=0.00..5.43 rows=100 width=0)
	        Index Cond: ((k >= 8443156) AND (k <= 8443256))

table 5 : explain SELECT k, c FROM sbtest5 WHERE k BETWEEN 8443156 AND 8443256
	Bitmap Heap Scan on sbtest5  (cost=5.44..393.65 rows=98 width=125)
	  Recheck Cond: ((k >= 8443156) AND (k <= 8443256))
	  ->  Bitmap Index Scan on k_5  (cost=0.00..5.42 rows=98 width=0)
	        Index Cond: ((k >= 8443156) AND (k <= 8443256))

table 6 : explain SELECT k, c FROM sbtest6 WHERE k BETWEEN 8443156 AND 8443256
	Bitmap Heap Scan on sbtest6  (cost=5.37..366.03 rows=91 width=125)
	  Recheck Cond: ((k >= 8443156) AND (k <= 8443256))
	  ->  Bitmap Index Scan on k_6  (cost=0.00..5.34 rows=91 width=0)
	        Index Cond: ((k >= 8443156) AND (k <= 8443256))

table 7 : explain SELECT k, c FROM sbtest7 WHERE k BETWEEN 8443156 AND 8443256
	Bitmap Heap Scan on sbtest7  (cost=5.45..397.63 rows=99 width=125)
	  Recheck Cond: ((k >= 8443156) AND (k <= 8443256))
	  ->  Bitmap Index Scan on k_7  (cost=0.00..5.42 rows=99 width=0)
	        Index Cond: ((k >= 8443156) AND (k <= 8443256))

table 8 : explain SELECT k, c FROM sbtest8 WHERE k BETWEEN 8443156 AND 8443256
	Bitmap Heap Scan on sbtest8  (cost=5.51..421.29 rows=105 width=125)
	  Recheck Cond: ((k >= 8443156) AND (k <= 8443256))
	  ->  Bitmap Index Scan on k_8  (cost=0.00..5.48 rows=105 width=0)
	        Index Cond: ((k >= 8443156) AND (k <= 8443256))

for range-notcovered
table 1 : explain SELECT k, c FROM sbtest1 WHERE k BETWEEN 420332 AND 420432
	Bitmap Heap Scan on sbtest1  (cost=5.57..444.80 rows=111 width=125)
	  Recheck Cond: ((k >= 420332) AND (k <= 420432))
	  ->  Bitmap Index Scan on k_1  (cost=0.00..5.54 rows=111 width=0)
	        Index Cond: ((k >= 420332) AND (k <= 420432))

table 2 : explain SELECT k, c FROM sbtest2 WHERE k BETWEEN 420332 AND 420432
	Bitmap Heap Scan on sbtest2  (cost=5.44..393.61 rows=98 width=125)
	  Recheck Cond: ((k >= 420332) AND (k <= 420432))
	  ->  Bitmap Index Scan on k_2  (cost=0.00..5.42 rows=98 width=0)
	        Index Cond: ((k >= 420332) AND (k <= 420432))

table 3 : explain SELECT k, c FROM sbtest3 WHERE k BETWEEN 420332 AND 420432
	Bitmap Heap Scan on sbtest3  (cost=5.61..460.60 rows=115 width=125)
	  Recheck Cond: ((k >= 420332) AND (k <= 420432))
	  ->  Bitmap Index Scan on k_3  (cost=0.00..5.58 rows=115 width=0)
	        Index Cond: ((k >= 420332) AND (k <= 420432))

table 4 : explain SELECT k, c FROM sbtest4 WHERE k BETWEEN 420332 AND 420432
	Bitmap Heap Scan on sbtest4  (cost=5.47..405.48 rows=101 width=125)
	  Recheck Cond: ((k >= 420332) AND (k <= 420432))
	  ->  Bitmap Index Scan on k_4  (cost=0.00..5.44 rows=101 width=0)
	        Index Cond: ((k >= 420332) AND (k <= 420432))

table 5 : explain SELECT k, c FROM sbtest5 WHERE k BETWEEN 420332 AND 420432
	Bitmap Heap Scan on sbtest5  (cost=5.49..413.37 rows=103 width=125)
	  Recheck Cond: ((k >= 420332) AND (k <= 420432))
	  ->  Bitmap Index Scan on k_5  (cost=0.00..5.46 rows=103 width=0)
	        Index Cond: ((k >= 420332) AND (k <= 420432))

table 6 : explain SELECT k, c FROM sbtest6 WHERE k BETWEEN 420332 AND 420432
	Bitmap Heap Scan on sbtest6  (cost=5.47..405.48 rows=101 width=125)
	  Recheck Cond: ((k >= 420332) AND (k <= 420432))
	  ->  Bitmap Index Scan on k_6  (cost=0.00..5.44 rows=101 width=0)
	        Index Cond: ((k >= 420332) AND (k <= 420432))

table 7 : explain SELECT k, c FROM sbtest7 WHERE k BETWEEN 420332 AND 420432
	Bitmap Heap Scan on sbtest7  (cost=5.47..405.52 rows=101 width=125)
	  Recheck Cond: ((k >= 420332) AND (k <= 420432))
	  ->  Bitmap Index Scan on k_7  (cost=0.00..5.44 rows=101 width=0)
	        Index Cond: ((k >= 420332) AND (k <= 420432))

table 8 : explain SELECT k, c FROM sbtest8 WHERE k BETWEEN 420332 AND 420432
	Bitmap Heap Scan on sbtest8  (cost=5.51..421.29 rows=105 width=125)
	  Recheck Cond: ((k >= 420332) AND (k <= 420432))
	  ->  Bitmap Index Scan on k_8  (cost=0.00..5.48 rows=105 width=0)
	        Index Cond: ((k >= 420332) AND (k <= 420432))

explain: for range-notcovered :: explain SELECT k, c FROM sbtest%d WHERE k BETWEEN 5893226 AND 5893326
explain: for range-notcovered :: explain SELECT k, c FROM sbtest%d WHERE k BETWEEN 4243065 AND 4243165
for range-notcovered
table 1 : explain SELECT k, c FROM sbtest1 WHERE k BETWEEN 4704269 AND 4704369
	Bitmap Heap Scan on sbtest1  (cost=5.47..405.40 rows=101 width=125)
	  Recheck Cond: ((k >= 4704269) AND (k <= 4704369))
	  ->  Bitmap Index Scan on k_1  (cost=0.00..5.44 rows=101 width=0)
	        Index Cond: ((k >= 4704269) AND (k <= 4704369))

table 2 : explain SELECT k, c FROM sbtest2 WHERE k BETWEEN 4704269 AND 4704369
	Bitmap Heap Scan on sbtest2  (cost=5.55..436.97 rows=109 width=125)
	  Recheck Cond: ((k >= 4704269) AND (k <= 4704369))
	  ->  Bitmap Index Scan on k_2  (cost=0.00..5.52 rows=109 width=0)
	        Index Cond: ((k >= 4704269) AND (k <= 4704369))

table 3 : explain SELECT k, c FROM sbtest3 WHERE k BETWEEN 4704269 AND 4704369
	Bitmap Heap Scan on sbtest3  (cost=5.44..393.61 rows=98 width=125)
	  Recheck Cond: ((k >= 4704269) AND (k <= 4704369))
	  ->  Bitmap Index Scan on k_3  (cost=0.00..5.42 rows=98 width=0)
	        Index Cond: ((k >= 4704269) AND (k <= 4704369))

table 4 : explain SELECT k, c FROM sbtest4 WHERE k BETWEEN 4704269 AND 4704369
	Bitmap Heap Scan on sbtest4  (cost=5.56..440.95 rows=110 width=125)
	  Recheck Cond: ((k >= 4704269) AND (k <= 4704369))
	  ->  Bitmap Index Scan on k_4  (cost=0.00..5.53 rows=110 width=0)
	        Index Cond: ((k >= 4704269) AND (k <= 4704369))

table 5 : explain SELECT k, c FROM sbtest5 WHERE k BETWEEN 4704269 AND 4704369
	Bitmap Heap Scan on sbtest5  (cost=5.48..409.42 rows=102 width=125)
	  Recheck Cond: ((k >= 4704269) AND (k <= 4704369))
	  ->  Bitmap Index Scan on k_5  (cost=0.00..5.45 rows=102 width=0)
	        Index Cond: ((k >= 4704269) AND (k <= 4704369))

table 6 : explain SELECT k, c FROM sbtest6 WHERE k BETWEEN 4704269 AND 4704369
	Bitmap Heap Scan on sbtest6  (cost=5.46..401.54 rows=100 width=125)
	  Recheck Cond: ((k >= 4704269) AND (k <= 4704369))
	  ->  Bitmap Index Scan on k_6  (cost=0.00..5.43 rows=100 width=0)
	        Index Cond: ((k >= 4704269) AND (k <= 4704369))

table 7 : explain SELECT k, c FROM sbtest7 WHERE k BETWEEN 4704269 AND 4704369
	Bitmap Heap Scan on sbtest7  (cost=5.43..389.74 rows=97 width=125)
	  Recheck Cond: ((k >= 4704269) AND (k <= 4704369))
	  ->  Bitmap Index Scan on k_7  (cost=0.00..5.40 rows=97 width=0)
	        Index Cond: ((k >= 4704269) AND (k <= 4704369))

table 8 : explain SELECT k, c FROM sbtest8 WHERE k BETWEEN 4704269 AND 4704369
	Bitmap Heap Scan on sbtest8  (cost=5.48..409.46 rows=102 width=125)
	  Recheck Cond: ((k >= 4704269) AND (k <= 4704369))
	  ->  Bitmap Index Scan on k_8  (cost=0.00..5.45 rows=102 width=0)
	        Index Cond: ((k >= 4704269) AND (k <= 4704369))

for range-notcovered
table 1 : explain SELECT k, c FROM sbtest1 WHERE k BETWEEN 5098628 AND 5098728
	Bitmap Heap Scan on sbtest1  (cost=5.52..425.11 rows=106 width=125)
	  Recheck Cond: ((k >= 5098628) AND (k <= 5098728))
	  ->  Bitmap Index Scan on k_1  (cost=0.00..5.50 rows=106 width=0)
	        Index Cond: ((k >= 5098628) AND (k <= 5098728))

table 2 : explain SELECT k, c FROM sbtest2 WHERE k BETWEEN 5098628 AND 5098728
	Bitmap Heap Scan on sbtest2  (cost=5.62..464.54 rows=116 width=125)
	  Recheck Cond: ((k >= 5098628) AND (k <= 5098728))
	  ->  Bitmap Index Scan on k_2  (cost=0.00..5.59 rows=116 width=0)
	        Index Cond: ((k >= 5098628) AND (k <= 5098728))

table 3 : explain SELECT k, c FROM sbtest3 WHERE k BETWEEN 5098628 AND 5098728
	Bitmap Heap Scan on sbtest3  (cost=5.57..444.85 rows=111 width=125)
	  Recheck Cond: ((k >= 5098628) AND (k <= 5098728))
	  ->  Bitmap Index Scan on k_3  (cost=0.00..5.54 rows=111 width=0)
	        Index Cond: ((k >= 5098628) AND (k <= 5098728))

table 4 : explain SELECT k, c FROM sbtest4 WHERE k BETWEEN 5098628 AND 5098728
	Bitmap Heap Scan on sbtest4  (cost=5.42..385.75 rows=96 width=125)
	  Recheck Cond: ((k >= 5098628) AND (k <= 5098728))
	  ->  Bitmap Index Scan on k_4  (cost=0.00..5.39 rows=96 width=0)
	        Index Cond: ((k >= 5098628) AND (k <= 5098728))

table 5 : explain SELECT k, c FROM sbtest5 WHERE k BETWEEN 5098628 AND 5098728
	Bitmap Heap Scan on sbtest5  (cost=5.43..389.70 rows=97 width=125)
	  Recheck Cond: ((k >= 5098628) AND (k <= 5098728))
	  ->  Bitmap Index Scan on k_5  (cost=0.00..5.40 rows=97 width=0)
	        Index Cond: ((k >= 5098628) AND (k <= 5098728))

table 6 : explain SELECT k, c FROM sbtest6 WHERE k BETWEEN 5098628 AND 5098728
	Bitmap Heap Scan on sbtest6  (cost=5.43..389.70 rows=97 width=125)
	  Recheck Cond: ((k >= 5098628) AND (k <= 5098728))
	  ->  Bitmap Index Scan on k_6  (cost=0.00..5.40 rows=97 width=0)
	        Index Cond: ((k >= 5098628) AND (k <= 5098728))

table 7 : explain SELECT k, c FROM sbtest7 WHERE k BETWEEN 5098628 AND 5098728
	Bitmap Heap Scan on sbtest7  (cost=5.41..381.85 rows=95 width=125)
	  Recheck Cond: ((k >= 5098628) AND (k <= 5098728))
	  ->  Bitmap Index Scan on k_7  (cost=0.00..5.38 rows=95 width=0)
	        Index Cond: ((k >= 5098628) AND (k <= 5098728))

table 8 : explain SELECT k, c FROM sbtest8 WHERE k BETWEEN 5098628 AND 5098728
	Bitmap Heap Scan on sbtest8  (cost=5.40..377.90 rows=94 width=125)
	  Recheck Cond: ((k >= 5098628) AND (k <= 5098728))
	  ->  Bitmap Index Scan on k_8  (cost=0.00..5.38 rows=94 width=0)
	        Index Cond: ((k >= 5098628) AND (k <= 5098728))

for range-notcovered
table 1 : explain SELECT k, c FROM sbtest1 WHERE k BETWEEN 7623222 AND 7623322
	Bitmap Heap Scan on sbtest1  (cost=5.55..436.93 rows=109 width=125)
	  Recheck Cond: ((k >= 7623222) AND (k <= 7623322))
	  ->  Bitmap Index Scan on k_1  (cost=0.00..5.52 rows=109 width=0)
	        Index Cond: ((k >= 7623222) AND (k <= 7623322))

table 2 : explain SELECT k, c FROM sbtest2 WHERE k BETWEEN 7623222 AND 7623322
	Bitmap Heap Scan on sbtest2  (cost=5.50..417.27 rows=104 width=125)
	  Recheck Cond: ((k >= 7623222) AND (k <= 7623322))
	  ->  Bitmap Index Scan on k_2  (cost=0.00..5.47 rows=104 width=0)
	        Index Cond: ((k >= 7623222) AND (k <= 7623322))

table 3 : explain SELECT k, c FROM sbtest3 WHERE k BETWEEN 7623222 AND 7623322
	Bitmap Heap Scan on sbtest3  (cost=5.51..421.21 rows=105 width=125)
	  Recheck Cond: ((k >= 7623222) AND (k <= 7623322))
	  ->  Bitmap Index Scan on k_3  (cost=0.00..5.48 rows=105 width=0)
	        Index Cond: ((k >= 7623222) AND (k <= 7623322))

table 4 : explain SELECT k, c FROM sbtest4 WHERE k BETWEEN 7623222 AND 7623322
	Bitmap Heap Scan on sbtest4  (cost=5.60..456.71 rows=114 width=125)
	  Recheck Cond: ((k >= 7623222) AND (k <= 7623322))
	  ->  Bitmap Index Scan on k_4  (cost=0.00..5.58 rows=114 width=0)
	        Index Cond: ((k >= 7623222) AND (k <= 7623322))

table 5 : explain SELECT k, c FROM sbtest5 WHERE k BETWEEN 7623222 AND 7623322
	Bitmap Heap Scan on sbtest5  (cost=5.47..405.48 rows=101 width=125)
	  Recheck Cond: ((k >= 7623222) AND (k <= 7623322))
	  ->  Bitmap Index Scan on k_5  (cost=0.00..5.44 rows=101 width=0)
	        Index Cond: ((k >= 7623222) AND (k <= 7623322))

table 6 : explain SELECT k, c FROM sbtest6 WHERE k BETWEEN 7623222 AND 7623322
	Bitmap Heap Scan on sbtest6  (cost=5.54..433.08 rows=108 width=125)
	  Recheck Cond: ((k >= 7623222) AND (k <= 7623322))
	  ->  Bitmap Index Scan on k_6  (cost=0.00..5.51 rows=108 width=0)
	        Index Cond: ((k >= 7623222) AND (k <= 7623322))

table 7 : explain SELECT k, c FROM sbtest7 WHERE k BETWEEN 7623222 AND 7623322
	Bitmap Heap Scan on sbtest7  (cost=5.47..405.52 rows=101 width=125)
	  Recheck Cond: ((k >= 7623222) AND (k <= 7623322))
	  ->  Bitmap Index Scan on k_7  (cost=0.00..5.44 rows=101 width=0)
	        Index Cond: ((k >= 7623222) AND (k <= 7623322))

table 8 : explain SELECT k, c FROM sbtest8 WHERE k BETWEEN 7623222 AND 7623322
	Bitmap Heap Scan on sbtest8  (cost=5.49..413.40 rows=103 width=125)
	  Recheck Cond: ((k >= 7623222) AND (k <= 7623322))
	  ->  Bitmap Index Scan on k_8  (cost=0.00..5.46 rows=103 width=0)
	        Index Cond: ((k >= 7623222) AND (k <= 7623322))

for range-notcovered
table 1 : explain SELECT k, c FROM sbtest1 WHERE k BETWEEN 4794561 AND 4794661
	Bitmap Heap Scan on sbtest1  (cost=5.54..432.99 rows=108 width=125)
	  Recheck Cond: ((k >= 4794561) AND (k <= 4794661))
	  ->  Bitmap Index Scan on k_1  (cost=0.00..5.51 rows=108 width=0)
	        Index Cond: ((k >= 4794561) AND (k <= 4794661))

table 2 : explain SELECT k, c FROM sbtest2 WHERE k BETWEEN 4794561 AND 4794661
	Bitmap Heap Scan on sbtest2  (cost=5.53..429.09 rows=107 width=125)
	  Recheck Cond: ((k >= 4794561) AND (k <= 4794661))
	  ->  Bitmap Index Scan on k_2  (cost=0.00..5.50 rows=107 width=0)
	        Index Cond: ((k >= 4794561) AND (k <= 4794661))

table 3 : explain SELECT k, c FROM sbtest3 WHERE k BETWEEN 4794561 AND 4794661
	Bitmap Heap Scan on sbtest3  (cost=5.44..393.61 rows=98 width=125)
	  Recheck Cond: ((k >= 4794561) AND (k <= 4794661))
	  ->  Bitmap Index Scan on k_3  (cost=0.00..5.42 rows=98 width=0)
	        Index Cond: ((k >= 4794561) AND (k <= 4794661))

table 4 : explain SELECT k, c FROM sbtest4 WHERE k BETWEEN 4794561 AND 4794661
	Bitmap Heap Scan on sbtest4  (cost=5.56..440.95 rows=110 width=125)
	  Recheck Cond: ((k >= 4794561) AND (k <= 4794661))
	  ->  Bitmap Index Scan on k_4  (cost=0.00..5.53 rows=110 width=0)
	        Index Cond: ((k >= 4794561) AND (k <= 4794661))

table 5 : explain SELECT k, c FROM sbtest5 WHERE k BETWEEN 4794561 AND 4794661
	Bitmap Heap Scan on sbtest5  (cost=5.52..425.19 rows=106 width=125)
	  Recheck Cond: ((k >= 4794561) AND (k <= 4794661))
	  ->  Bitmap Index Scan on k_5  (cost=0.00..5.50 rows=106 width=0)
	        Index Cond: ((k >= 4794561) AND (k <= 4794661))

table 6 : explain SELECT k, c FROM sbtest6 WHERE k BETWEEN 4794561 AND 4794661
	Bitmap Heap Scan on sbtest6  (cost=5.56..440.96 rows=110 width=125)
	  Recheck Cond: ((k >= 4794561) AND (k <= 4794661))
	  ->  Bitmap Index Scan on k_6  (cost=0.00..5.53 rows=110 width=0)
	        Index Cond: ((k >= 4794561) AND (k <= 4794661))

table 7 : explain SELECT k, c FROM sbtest7 WHERE k BETWEEN 4794561 AND 4794661
	Bitmap Heap Scan on sbtest7  (cost=5.68..484.32 rows=121 width=125)
	  Recheck Cond: ((k >= 4794561) AND (k <= 4794661))
	  ->  Bitmap Index Scan on k_7  (cost=0.00..5.64 rows=121 width=0)
	        Index Cond: ((k >= 4794561) AND (k <= 4794661))

table 8 : explain SELECT k, c FROM sbtest8 WHERE k BETWEEN 4794561 AND 4794661
	Bitmap Heap Scan on sbtest8  (cost=5.48..409.46 rows=102 width=125)
	  Recheck Cond: ((k >= 4794561) AND (k <= 4794661))
	  ->  Bitmap Index Scan on k_8  (cost=0.00..5.45 rows=102 width=0)
	        Index Cond: ((k >= 4794561) AND (k <= 4794661))

for range-notcovered
table 1 : explain SELECT k, c FROM sbtest1 WHERE k BETWEEN 4028203 AND 4028303
	Bitmap Heap Scan on sbtest1  (cost=5.54..432.99 rows=108 width=125)
	  Recheck Cond: ((k >= 4028203) AND (k <= 4028303))
	  ->  Bitmap Index Scan on k_1  (cost=0.00..5.51 rows=108 width=0)
	        Index Cond: ((k >= 4028203) AND (k <= 4028303))

table 2 : explain SELECT k, c FROM sbtest2 WHERE k BETWEEN 4028203 AND 4028303
	Bitmap Heap Scan on sbtest2  (cost=5.48..409.38 rows=102 width=125)
	  Recheck Cond: ((k >= 4028203) AND (k <= 4028303))
	  ->  Bitmap Index Scan on k_2  (cost=0.00..5.45 rows=102 width=0)
	        Index Cond: ((k >= 4028203) AND (k <= 4028303))

table 3 : explain SELECT k, c FROM sbtest3 WHERE k BETWEEN 4028203 AND 4028303
	Bitmap Heap Scan on sbtest3  (cost=5.51..421.21 rows=105 width=125)
	  Recheck Cond: ((k >= 4028203) AND (k <= 4028303))
	  ->  Bitmap Index Scan on k_3  (cost=0.00..5.48 rows=105 width=0)
	        Index Cond: ((k >= 4028203) AND (k <= 4028303))

table 4 : explain SELECT k, c FROM sbtest4 WHERE k BETWEEN 4028203 AND 4028303
	Bitmap Heap Scan on sbtest4  (cost=5.47..405.48 rows=101 width=125)
	  Recheck Cond: ((k >= 4028203) AND (k <= 4028303))
	  ->  Bitmap Index Scan on k_4  (cost=0.00..5.44 rows=101 width=0)
	        Index Cond: ((k >= 4028203) AND (k <= 4028303))

table 5 : explain SELECT k, c FROM sbtest5 WHERE k BETWEEN 4028203 AND 4028303
	Bitmap Heap Scan on sbtest5  (cost=5.60..456.71 rows=114 width=125)
	  Recheck Cond: ((k >= 4028203) AND (k <= 4028303))
	  ->  Bitmap Index Scan on k_5  (cost=0.00..5.58 rows=114 width=0)
	        Index Cond: ((k >= 4028203) AND (k <= 4028303))

table 6 : explain SELECT k, c FROM sbtest6 WHERE k BETWEEN 4028203 AND 4028303
	Bitmap Heap Scan on sbtest6  (cost=5.44..393.65 rows=98 width=125)
	  Recheck Cond: ((k >= 4028203) AND (k <= 4028303))
	  ->  Bitmap Index Scan on k_6  (cost=0.00..5.42 rows=98 width=0)
	        Index Cond: ((k >= 4028203) AND (k <= 4028303))

table 7 : explain SELECT k, c FROM sbtest7 WHERE k BETWEEN 4028203 AND 4028303
	Bitmap Heap Scan on sbtest7  (cost=5.44..393.68 rows=98 width=125)
	  Recheck Cond: ((k >= 4028203) AND (k <= 4028303))
	  ->  Bitmap Index Scan on k_7  (cost=0.00..5.42 rows=98 width=0)
	        Index Cond: ((k >= 4028203) AND (k <= 4028303))

table 8 : explain SELECT k, c FROM sbtest8 WHERE k BETWEEN 4028203 AND 4028303
	Bitmap Heap Scan on sbtest8  (cost=5.52..425.23 rows=106 width=125)
	  Recheck Cond: ((k >= 4028203) AND (k <= 4028303))
	  ->  Bitmap Index Scan on k_8  (cost=0.00..5.50 rows=106 width=0)
	        Index Cond: ((k >= 4028203) AND (k <= 4028303))

explain: for range-notcovered :: explain SELECT k, c FROM sbtest%d WHERE k BETWEEN 3951479 AND 3951579
for range-notcovered
table 1 : explain SELECT k, c FROM sbtest1 WHERE k BETWEEN 5860106 AND 5860206
	Bitmap Heap Scan on sbtest1  (cost=5.43..389.63 rows=97 width=125)
	  Recheck Cond: ((k >= 5860106) AND (k <= 5860206))
	  ->  Bitmap Index Scan on k_1  (cost=0.00..5.40 rows=97 width=0)
	        Index Cond: ((k >= 5860106) AND (k <= 5860206))

table 2 : explain SELECT k, c FROM sbtest2 WHERE k BETWEEN 5860106 AND 5860206
	Bitmap Heap Scan on sbtest2  (cost=5.47..405.44 rows=101 width=125)
	  Recheck Cond: ((k >= 5860106) AND (k <= 5860206))
	  ->  Bitmap Index Scan on k_2  (cost=0.00..5.44 rows=101 width=0)
	        Index Cond: ((k >= 5860106) AND (k <= 5860206))

table 3 : explain SELECT k, c FROM sbtest3 WHERE k BETWEEN 5860106 AND 5860206
	Bitmap Heap Scan on sbtest3  (cost=5.51..421.21 rows=105 width=125)
	  Recheck Cond: ((k >= 5860106) AND (k <= 5860206))
	  ->  Bitmap Index Scan on k_3  (cost=0.00..5.48 rows=105 width=0)
	        Index Cond: ((k >= 5860106) AND (k <= 5860206))

table 4 : explain SELECT k, c FROM sbtest4 WHERE k BETWEEN 5860106 AND 5860206
	Bitmap Heap Scan on sbtest4  (cost=5.52..425.19 rows=106 width=125)
	  Recheck Cond: ((k >= 5860106) AND (k <= 5860206))
	  ->  Bitmap Index Scan on k_4  (cost=0.00..5.50 rows=106 width=0)
	        Index Cond: ((k >= 5860106) AND (k <= 5860206))

table 5 : explain SELECT k, c FROM sbtest5 WHERE k BETWEEN 5860106 AND 5860206
	Bitmap Heap Scan on sbtest5  (cost=5.40..377.87 rows=94 width=125)
	  Recheck Cond: ((k >= 5860106) AND (k <= 5860206))
	  ->  Bitmap Index Scan on k_5  (cost=0.00..5.38 rows=94 width=0)
	        Index Cond: ((k >= 5860106) AND (k <= 5860206))

table 6 : explain SELECT k, c FROM sbtest6 WHERE k BETWEEN 5860106 AND 5860206
	Bitmap Heap Scan on sbtest6  (cost=5.41..381.81 rows=95 width=125)
	  Recheck Cond: ((k >= 5860106) AND (k <= 5860206))
	  ->  Bitmap Index Scan on k_6  (cost=0.00..5.38 rows=95 width=0)
	        Index Cond: ((k >= 5860106) AND (k <= 5860206))

table 7 : explain SELECT k, c FROM sbtest7 WHERE k BETWEEN 5860106 AND 5860206
	Bitmap Heap Scan on sbtest7  (cost=5.57..444.94 rows=111 width=125)
	  Recheck Cond: ((k >= 5860106) AND (k <= 5860206))
	  ->  Bitmap Index Scan on k_7  (cost=0.00..5.54 rows=111 width=0)
	        Index Cond: ((k >= 5860106) AND (k <= 5860206))

table 8 : explain SELECT k, c FROM sbtest8 WHERE k BETWEEN 5860106 AND 5860206
	Bitmap Heap Scan on sbtest8  (cost=5.42..385.79 rows=96 width=125)
	  Recheck Cond: ((k >= 5860106) AND (k <= 5860206))
	  ->  Bitmap Index Scan on k_8  (cost=0.00..5.39 rows=96 width=0)
	        Index Cond: ((k >= 5860106) AND (k <= 5860206))

explain: for range-notcovered :: explain SELECT k, c FROM sbtest%d WHERE k BETWEEN 6222055 AND 6222155





for range-notcovered
table 1 : explain SELECT k, c FROM sbtest1 WHERE k BETWEEN 3944438 AND 3944538
	Bitmap Heap Scan on sbtest1  (cost=5.54..432.99 rows=108 width=125)
	  Recheck Cond: ((k >= 3944438) AND (k <= 3944538))
	  ->  Bitmap Index Scan on k_1  (cost=0.00..5.51 rows=108 width=0)
	        Index Cond: ((k >= 3944438) AND (k <= 3944538))

table 2 : explain SELECT k, c FROM sbtest2 WHERE k BETWEEN 3944438 AND 3944538
	Bitmap Heap Scan on sbtest2  (cost=5.46..401.50 rows=100 width=125)
	  Recheck Cond: ((k >= 3944438) AND (k <= 3944538))
	  ->  Bitmap Index Scan on k_2  (cost=0.00..5.43 rows=100 width=0)
	        Index Cond: ((k >= 3944438) AND (k <= 3944538))

table 3 : explain SELECT k, c FROM sbtest3 WHERE k BETWEEN 3944438 AND 3944538
	Bitmap Heap Scan on sbtest3  (cost=5.47..405.44 rows=101 width=125)
	  Recheck Cond: ((k >= 3944438) AND (k <= 3944538))
	  ->  Bitmap Index Scan on k_3  (cost=0.00..5.44 rows=101 width=0)
	        Index Cond: ((k >= 3944438) AND (k <= 3944538))

table 4 : explain SELECT k, c FROM sbtest4 WHERE k BETWEEN 3944438 AND 3944538
	Bitmap Heap Scan on sbtest4  (cost=5.60..456.71 rows=114 width=125)
	  Recheck Cond: ((k >= 3944438) AND (k <= 3944538))
	  ->  Bitmap Index Scan on k_4  (cost=0.00..5.58 rows=114 width=0)
	        Index Cond: ((k >= 3944438) AND (k <= 3944538))

table 5 : explain SELECT k, c FROM sbtest5 WHERE k BETWEEN 3944438 AND 3944538
	Bitmap Heap Scan on sbtest5  (cost=5.54..433.08 rows=108 width=125)
	  Recheck Cond: ((k >= 3944438) AND (k <= 3944538))
	  ->  Bitmap Index Scan on k_5  (cost=0.00..5.51 rows=108 width=0)
	        Index Cond: ((k >= 3944438) AND (k <= 3944538))

table 6 : explain SELECT k, c FROM sbtest6 WHERE k BETWEEN 3944438 AND 3944538
	Bitmap Heap Scan on sbtest6  (cost=5.50..417.31 rows=104 width=125)
	  Recheck Cond: ((k >= 3944438) AND (k <= 3944538))
	  ->  Bitmap Index Scan on k_6  (cost=0.00..5.47 rows=104 width=0)
	        Index Cond: ((k >= 3944438) AND (k <= 3944538))

table 7 : explain SELECT k, c FROM sbtest7 WHERE k BETWEEN 3944438 AND 3944538
	Bitmap Heap Scan on sbtest7  (cost=5.44..393.68 rows=98 width=125)
	  Recheck Cond: ((k >= 3944438) AND (k <= 3944538))
	  ->  Bitmap Index Scan on k_7  (cost=0.00..5.42 rows=98 width=0)
	        Index Cond: ((k >= 3944438) AND (k <= 3944538))

table 8 : explain SELECT k, c FROM sbtest8 WHERE k BETWEEN 3944438 AND 3944538
	Bitmap Heap Scan on sbtest8  (cost=5.56..441.00 rows=110 width=125)
	  Recheck Cond: ((k >= 3944438) AND (k <= 3944538))
	  ->  Bitmap Index Scan on k_8  (cost=0.00..5.53 rows=110 width=0)
	        Index Cond: ((k >= 3944438) AND (k <= 3944538))

explain: for range-notcovered :: explain SELECT k, c FROM sbtest%d WHERE k BETWEEN 4794561 AND 4794661

for range-notcovered
table 1 : explain SELECT k, c FROM sbtest1 WHERE k BETWEEN 4036988 AND 4037088
	Bitmap Heap Scan on sbtest1  (cost=5.56..440.87 rows=110 width=125)
	  Recheck Cond: ((k >= 4036988) AND (k <= 4037088))
	  ->  Bitmap Index Scan on k_1  (cost=0.00..5.53 rows=110 width=0)
	        Index Cond: ((k >= 4036988) AND (k <= 4037088))

table 2 : explain SELECT k, c FROM sbtest2 WHERE k BETWEEN 4036988 AND 4037088
	Bitmap Heap Scan on sbtest2  (cost=5.48..409.38 rows=102 width=125)
	  Recheck Cond: ((k >= 4036988) AND (k <= 4037088))
	  ->  Bitmap Index Scan on k_2  (cost=0.00..5.45 rows=102 width=0)
	        Index Cond: ((k >= 4036988) AND (k <= 4037088))

table 3 : explain SELECT k, c FROM sbtest3 WHERE k BETWEEN 4036988 AND 4037088
	Bitmap Heap Scan on sbtest3  (cost=5.51..421.21 rows=105 width=125)
	  Recheck Cond: ((k >= 4036988) AND (k <= 4037088))
	  ->  Bitmap Index Scan on k_3  (cost=0.00..5.48 rows=105 width=0)
	        Index Cond: ((k >= 4036988) AND (k <= 4037088))

table 4 : explain SELECT k, c FROM sbtest4 WHERE k BETWEEN 4036988 AND 4037088
	Bitmap Heap Scan on sbtest4  (cost=5.47..405.48 rows=101 width=125)
	  Recheck Cond: ((k >= 4036988) AND (k <= 4037088))
	  ->  Bitmap Index Scan on k_4  (cost=0.00..5.44 rows=101 width=0)
	        Index Cond: ((k >= 4036988) AND (k <= 4037088))

table 5 : explain SELECT k, c FROM sbtest5 WHERE k BETWEEN 4036988 AND 4037088
	Bitmap Heap Scan on sbtest5  (cost=5.60..456.71 rows=114 width=125)
	  Recheck Cond: ((k >= 4036988) AND (k <= 4037088))
	  ->  Bitmap Index Scan on k_5  (cost=0.00..5.58 rows=114 width=0)
	        Index Cond: ((k >= 4036988) AND (k <= 4037088))

table 6 : explain SELECT k, c FROM sbtest6 WHERE k BETWEEN 4036988 AND 4037088
	Bitmap Heap Scan on sbtest6  (cost=5.44..393.65 rows=98 width=125)
	  Recheck Cond: ((k >= 4036988) AND (k <= 4037088))
	  ->  Bitmap Index Scan on k_6  (cost=0.00..5.42 rows=98 width=0)
	        Index Cond: ((k >= 4036988) AND (k <= 4037088))

table 7 : explain SELECT k, c FROM sbtest7 WHERE k BETWEEN 4036988 AND 4037088
	Bitmap Heap Scan on sbtest7  (cost=5.46..401.57 rows=100 width=125)
	  Recheck Cond: ((k >= 4036988) AND (k <= 4037088))
	  ->  Bitmap Index Scan on k_7  (cost=0.00..5.43 rows=100 width=0)
	        Index Cond: ((k >= 4036988) AND (k <= 4037088))

table 8 : explain SELECT k, c FROM sbtest8 WHERE k BETWEEN 4036988 AND 4037088
	Bitmap Heap Scan on sbtest8  (cost=5.52..425.23 rows=106 width=125)
	  Recheck Cond: ((k >= 4036988) AND (k <= 4037088))
	  ->  Bitmap Index Scan on k_8  (cost=0.00..5.50 rows=106 width=0)
	        Index Cond: ((k >= 4036988) AND (k <= 4037088))
explain: for range-notcovered :: explain SELECT k, c FROM sbtest%d WHERE k BETWEEN 6737646 AND 6737746
explain: for range-notcovered :: explain SELECT k, c FROM sbtest%d WHERE k BETWEEN 420332 AND 420432
explain: for range-notcovered :: explain SELECT k, c FROM sbtest%d WHERE k BETWEEN 3944438 AND 3944538explain: for range-notcovered :: explain SELECT k, c FROM sbtest%d WHERE k BETWEEN 4249789 AND 4249889
explain: for range-notcovered :: explain SELECT k, c FROM sbtest%d WHERE k BETWEEN 7623222 AND 7623322
for range-notcovered
table 1 : explain SELECT k, c FROM sbtest1 WHERE k BETWEEN 1173834 AND 1173934
	Bitmap Heap Scan on sbtest1  (cost=5.54..432.99 rows=108 width=125)
	  Recheck Cond: ((k >= 1173834) AND (k <= 1173934))
	  ->  Bitmap Index Scan on k_1  (cost=0.00..5.51 rows=108 width=0)
	        Index Cond: ((k >= 1173834) AND (k <= 1173934))

table 2 : explain SELECT k, c FROM sbtest2 WHERE k BETWEEN 1173834 AND 1173934
	Bitmap Heap Scan on sbtest2  (cost=5.53..429.09 rows=107 width=125)
	  Recheck Cond: ((k >= 1173834) AND (k <= 1173934))
	  ->  Bitmap Index Scan on k_2  (cost=0.00..5.50 rows=107 width=0)
	        Index Cond: ((k >= 1173834) AND (k <= 1173934))

table 3 : explain SELECT k, c FROM sbtest3 WHERE k BETWEEN 1173834 AND 1173934
	Bitmap Heap Scan on sbtest3  (cost=5.42..385.72 rows=96 width=125)
	  Recheck Cond: ((k >= 1173834) AND (k <= 1173934))
	  ->  Bitmap Index Scan on k_3  (cost=0.00..5.39 rows=96 width=0)
	        Index Cond: ((k >= 1173834) AND (k <= 1173934))

table 4 : explain SELECT k, c FROM sbtest4 WHERE k BETWEEN 1173834 AND 1173934
	Bitmap Heap Scan on sbtest4  (cost=5.38..369.97 rows=92 width=125)
	  Recheck Cond: ((k >= 1173834) AND (k <= 1173934))
	  ->  Bitmap Index Scan on k_4  (cost=0.00..5.35 rows=92 width=0)
	        Index Cond: ((k >= 1173834) AND (k <= 1173934))

table 5 : explain SELECT k, c FROM sbtest5 WHERE k BETWEEN 1173834 AND 1173934
	Bitmap Heap Scan on sbtest5  (cost=5.42..385.76 rows=96 width=125)
	  Recheck Cond: ((k >= 1173834) AND (k <= 1173934))
	  ->  Bitmap Index Scan on k_5  (cost=0.00..5.39 rows=96 width=0)
	        Index Cond: ((k >= 1173834) AND (k <= 1173934))

table 6 : explain SELECT k, c FROM sbtest6 WHERE k BETWEEN 1173834 AND 1173934
	Bitmap Heap Scan on sbtest6  (cost=5.53..429.13 rows=107 width=125)
	  Recheck Cond: ((k >= 1173834) AND (k <= 1173934))
	  ->  Bitmap Index Scan on k_6  (cost=0.00..5.50 rows=107 width=0)
	        Index Cond: ((k >= 1173834) AND (k <= 1173934))

table 7 : explain SELECT k, c FROM sbtest7 WHERE k BETWEEN 1173834 AND 1173934
	Bitmap Heap Scan on sbtest7  (cost=5.47..405.52 rows=101 width=125)
	  Recheck Cond: ((k >= 1173834) AND (k <= 1173934))
	  ->  Bitmap Index Scan on k_7  (cost=0.00..5.44 rows=101 width=0)
	        Index Cond: ((k >= 1173834) AND (k <= 1173934))

table 8 : explain SELECT k, c FROM sbtest8 WHERE k BETWEEN 1173834 AND 1173934
	Bitmap Heap Scan on sbtest8  (cost=5.56..441.00 rows=110 width=125)
	  Recheck Cond: ((k >= 1173834) AND (k <= 1173934))
	  ->  Bitmap Index Scan on k_8  (cost=0.00..5.53 rows=110 width=0)
	        Index Cond: ((k >= 1173834) AND (k <= 1173934))
explain: for range-notcovered :: explain SELECT k, c FROM sbtest%d WHERE k BETWEEN 4028203 AND 4028303explain: for range-notcovered :: explain SELECT k, c FROM sbtest%d WHERE k BETWEEN 5860106 AND 5860206explain: for range-notcovered :: explain SELECT k, c FROM sbtest%d WHERE k BETWEEN 4455370 AND 4455470

for range-notcovered
table 1 : explain SELECT k, c FROM sbtest1 WHERE k BETWEEN 7296661 AND 7296761
	Bitmap Heap Scan on sbtest1  (cost=5.48..409.34 rows=102 width=125)
	  Recheck Cond: ((k >= 7296661) AND (k <= 7296761))
	  ->  Bitmap Index Scan on k_1  (cost=0.00..5.45 rows=102 width=0)
	        Index Cond: ((k >= 7296661) AND (k <= 7296761))

table 2 : explain SELECT k, c FROM sbtest2 WHERE k BETWEEN 7296661 AND 7296761
	Bitmap Heap Scan on sbtest2  (cost=5.49..413.32 rows=103 width=125)
	  Recheck Cond: ((k >= 7296661) AND (k <= 7296761))
	  ->  Bitmap Index Scan on k_2  (cost=0.00..5.46 rows=103 width=0)
	        Index Cond: ((k >= 7296661) AND (k <= 7296761))

table 3 : explain SELECT k, c FROM sbtest3 WHERE k BETWEEN 7296661 AND 7296761
	Bitmap Heap Scan on sbtest3  (cost=5.47..405.44 rows=101 width=125)
	  Recheck Cond: ((k >= 7296661) AND (k <= 7296761))
	  ->  Bitmap Index Scan on k_3  (cost=0.00..5.44 rows=101 width=0)
	        Index Cond: ((k >= 7296661) AND (k <= 7296761))

table 4 : explain SELECT k, c FROM sbtest4 WHERE k BETWEEN 7296661 AND 7296761
	Bitmap Heap Scan on sbtest4  (cost=5.51..421.25 rows=105 width=125)
	  Recheck Cond: ((k >= 7296661) AND (k <= 7296761))
	  ->  Bitmap Index Scan on k_4  (cost=0.00..5.48 rows=105 width=0)
	        Index Cond: ((k >= 7296661) AND (k <= 7296761))

table 5 : explain SELECT k, c FROM sbtest5 WHERE k BETWEEN 7296661 AND 7296761
	Bitmap Heap Scan on sbtest5  (cost=5.47..405.48 rows=101 width=125)
	  Recheck Cond: ((k >= 7296661) AND (k <= 7296761))
	  ->  Bitmap Index Scan on k_5  (cost=0.00..5.44 rows=101 width=0)
	        Index Cond: ((k >= 7296661) AND (k <= 7296761))

table 6 : explain SELECT k, c FROM sbtest6 WHERE k BETWEEN 7296661 AND 7296761
	Bitmap Heap Scan on sbtest6  (cost=5.35..358.13 rows=89 width=125)
	  Recheck Cond: ((k >= 7296661) AND (k <= 7296761))
	  ->  Bitmap Index Scan on k_6  (cost=0.00..5.32 rows=89 width=0)
	        Index Cond: ((k >= 7296661) AND (k <= 7296761))

table 7 : explain SELECT k, c FROM sbtest7 WHERE k BETWEEN 7296661 AND 7296761
	Bitmap Heap Scan on sbtest7  (cost=5.54..433.12 rows=108 width=125)
	  Recheck Cond: ((k >= 7296661) AND (k <= 7296761))
	  ->  Bitmap Index Scan on k_7  (cost=0.00..5.51 rows=108 width=0)
	        Index Cond: ((k >= 7296661) AND (k <= 7296761))

table 8 : explain SELECT k, c FROM sbtest8 WHERE k BETWEEN 7296661 AND 7296761
	Bitmap Heap Scan on sbtest8  (cost=5.54..433.11 rows=108 width=125)
	  Recheck Cond: ((k >= 7296661) AND (k <= 7296761))
	  ->  Bitmap Index Scan on k_8  (cost=0.00..5.51 rows=108 width=0)
	        Index Cond: ((k >= 7296661) AND (k <= 7296761))
for range-notcovered
table 1 : explain SELECT k, c FROM sbtest1 WHERE k BETWEEN 6859512 AND 6859612
	Bitmap Heap Scan on sbtest1  (cost=5.56..440.87 rows=110 width=125)
	  Recheck Cond: ((k >= 6859512) AND (k <= 6859612))
	  ->  Bitmap Index Scan on k_1  (cost=0.00..5.53 rows=110 width=0)
	        Index Cond: ((k >= 6859512) AND (k <= 6859612))

table 2 : explain SELECT k, c FROM sbtest2 WHERE k BETWEEN 6859512 AND 6859612
	Bitmap Heap Scan on sbtest2  (cost=5.57..444.85 rows=111 width=125)
	  Recheck Cond: ((k >= 6859512) AND (k <= 6859612))
	  ->  Bitmap Index Scan on k_2  (cost=0.00..5.54 rows=111 width=0)
	        Index Cond: ((k >= 6859512) AND (k <= 6859612))

table 3 : explain SELECT k, c FROM sbtest3 WHERE k BETWEEN 6859512 AND 6859612
	Bitmap Heap Scan on sbtest3  (cost=5.43..389.67 rows=97 width=125)
	  Recheck Cond: ((k >= 6859512) AND (k <= 6859612))
	  ->  Bitmap Index Scan on k_3  (cost=0.00..5.40 rows=97 width=0)
	        Index Cond: ((k >= 6859512) AND (k <= 6859612))

table 4 : explain SELECT k, c FROM sbtest4 WHERE k BETWEEN 6859512 AND 6859612
	Bitmap Heap Scan on sbtest4  (cost=5.38..369.97 rows=92 width=125)
	  Recheck Cond: ((k >= 6859512) AND (k <= 6859612))
	  ->  Bitmap Index Scan on k_4  (cost=0.00..5.35 rows=92 width=0)
	        Index Cond: ((k >= 6859512) AND (k <= 6859612))

table 5 : explain SELECT k, c FROM sbtest5 WHERE k BETWEEN 6859512 AND 6859612
	Bitmap Heap Scan on sbtest5  (cost=5.45..397.59 rows=99 width=125)
	  Recheck Cond: ((k >= 6859512) AND (k <= 6859612))
	  ->  Bitmap Index Scan on k_5  (cost=0.00..5.42 rows=99 width=0)
	        Index Cond: ((k >= 6859512) AND (k <= 6859612))

table 6 : explain SELECT k, c FROM sbtest6 WHERE k BETWEEN 6859512 AND 6859612
	Bitmap Heap Scan on sbtest6  (cost=5.48..409.42 rows=102 width=125)
	  Recheck Cond: ((k >= 6859512) AND (k <= 6859612))
	  ->  Bitmap Index Scan on k_6  (cost=0.00..5.45 rows=102 width=0)
	        Index Cond: ((k >= 6859512) AND (k <= 6859612))

table 7 : explain SELECT k, c FROM sbtest7 WHERE k BETWEEN 6859512 AND 6859612
	Bitmap Heap Scan on sbtest7  (cost=5.45..397.63 rows=99 width=125)
	  Recheck Cond: ((k >= 6859512) AND (k <= 6859612))
	  ->  Bitmap Index Scan on k_7  (cost=0.00..5.42 rows=99 width=0)
	        Index Cond: ((k >= 6859512) AND (k <= 6859612))

table 8 : explain SELECT k, c FROM sbtest8 WHERE k BETWEEN 6859512 AND 6859612
	Bitmap Heap Scan on sbtest8  (cost=5.51..421.29 rows=105 width=125)
	  Recheck Cond: ((k >= 6859512) AND (k <= 6859612))
	  ->  Bitmap Index Scan on k_8  (cost=0.00..5.48 rows=105 width=0)
	        Index Cond: ((k >= 6859512) AND (k <= 6859612))
for range-notcovered
table 1 : explain SELECT k, c FROM sbtest1 WHERE k BETWEEN 6904500 AND 6904600
	Bitmap Heap Scan on sbtest1  (cost=5.56..440.87 rows=110 width=125)
	  Recheck Cond: ((k >= 6904500) AND (k <= 6904600))
	  ->  Bitmap Index Scan on k_1  (cost=0.00..5.53 rows=110 width=0)
	        Index Cond: ((k >= 6904500) AND (k <= 6904600))

table 2 : explain SELECT k, c FROM sbtest2 WHERE k BETWEEN 6904500 AND 6904600
	Bitmap Heap Scan on sbtest2  (cost=5.49..413.32 rows=103 width=125)
	  Recheck Cond: ((k >= 6904500) AND (k <= 6904600))
	  ->  Bitmap Index Scan on k_2  (cost=0.00..5.46 rows=103 width=0)
	        Index Cond: ((k >= 6904500) AND (k <= 6904600))

table 3 : explain SELECT k, c FROM sbtest3 WHERE k BETWEEN 6904500 AND 6904600
	Bitmap Heap Scan on sbtest3  (cost=5.49..413.33 rows=103 width=125)
	  Recheck Cond: ((k >= 6904500) AND (k <= 6904600))
	  ->  Bitmap Index Scan on k_3  (cost=0.00..5.46 rows=103 width=0)
	        Index Cond: ((k >= 6904500) AND (k <= 6904600))

table 4 : explain SELECT k, c FROM sbtest4 WHERE k BETWEEN 6904500 AND 6904600
	Bitmap Heap Scan on sbtest4  (cost=5.38..369.97 rows=92 width=125)
	  Recheck Cond: ((k >= 6904500) AND (k <= 6904600))
	  ->  Bitmap Index Scan on k_4  (cost=0.00..5.35 rows=92 width=0)
	        Index Cond: ((k >= 6904500) AND (k <= 6904600))

table 5 : explain SELECT k, c FROM sbtest5 WHERE k BETWEEN 6904500 AND 6904600
	Bitmap Heap Scan on sbtest5  (cost=5.45..397.59 rows=99 width=125)
	  Recheck Cond: ((k >= 6904500) AND (k <= 6904600))
	  ->  Bitmap Index Scan on k_5  (cost=0.00..5.42 rows=99 width=0)
	        Index Cond: ((k >= 6904500) AND (k <= 6904600))

table 6 : explain SELECT k, c FROM sbtest6 WHERE k BETWEEN 6904500 AND 6904600
	Bitmap Heap Scan on sbtest6  (cost=5.49..413.37 rows=103 width=125)
	  Recheck Cond: ((k >= 6904500) AND (k <= 6904600))
	  ->  Bitmap Index Scan on k_6  (cost=0.00..5.46 rows=103 width=0)
	        Index Cond: ((k >= 6904500) AND (k <= 6904600))

table 7 : explain SELECT k, c FROM sbtest7 WHERE k BETWEEN 6904500 AND 6904600
	Bitmap Heap Scan on sbtest7  (cost=5.45..397.63 rows=99 width=125)
	  Recheck Cond: ((k >= 6904500) AND (k <= 6904600))
	  ->  Bitmap Index Scan on k_7  (cost=0.00..5.42 rows=99 width=0)
	        Index Cond: ((k >= 6904500) AND (k <= 6904600))

table 8 : explain SELECT k, c FROM sbtest8 WHERE k BETWEEN 6904500 AND 6904600
	Bitmap Heap Scan on sbtest8  (cost=5.51..421.29 rows=105 width=125)
	  Recheck Cond: ((k >= 6904500) AND (k <= 6904600))
	  ->  Bitmap Index Scan on k_8  (cost=0.00..5.48 rows=105 width=0)
	        Index Cond: ((k >= 6904500) AND (k <= 6904600))


for range-notcovered
table 1 : explain SELECT k, c FROM sbtest1 WHERE k BETWEEN 6091251 AND 6091351
	Bitmap Heap Scan on sbtest1  (cost=5.45..397.52 rows=99 width=125)
	  Recheck Cond: ((k >= 6091251) AND (k <= 6091351))
	  ->  Bitmap Index Scan on k_1  (cost=0.00..5.42 rows=99 width=0)
	        Index Cond: ((k >= 6091251) AND (k <= 6091351))

table 2 : explain SELECT k, c FROM sbtest2 WHERE k BETWEEN 6091251 AND 6091351
	Bitmap Heap Scan on sbtest2  (cost=5.48..409.38 rows=102 width=125)
	  Recheck Cond: ((k >= 6091251) AND (k <= 6091351))
	  ->  Bitmap Index Scan on k_2  (cost=0.00..5.45 rows=102 width=0)
	        Index Cond: ((k >= 6091251) AND (k <= 6091351))

table 3 : explain SELECT k, c FROM sbtest3 WHERE k BETWEEN 6091251 AND 6091351
	Bitmap Heap Scan on sbtest3  (cost=5.55..436.97 rows=109 width=125)
	  Recheck Cond: ((k >= 6091251) AND (k <= 6091351))
	  ->  Bitmap Index Scan on k_3  (cost=0.00..5.52 rows=109 width=0)
	        Index Cond: ((k >= 6091251) AND (k <= 6091351))

table 4 : explain SELECT k, c FROM sbtest4 WHERE k BETWEEN 6091251 AND 6091351
	Bitmap Heap Scan on sbtest4  (cost=5.49..413.36 rows=103 width=125)
	  Recheck Cond: ((k >= 6091251) AND (k <= 6091351))
	  ->  Bitmap Index Scan on k_4  (cost=0.00..5.46 rows=103 width=0)
	        Index Cond: ((k >= 6091251) AND (k <= 6091351))

table 5 : explain SELECT k, c FROM sbtest5 WHERE k BETWEEN 6091251 AND 6091351
	Bitmap Heap Scan on sbtest5  (cost=5.58..448.83 rows=112 width=125)
	  Recheck Cond: ((k >= 6091251) AND (k <= 6091351))
	  ->  Bitmap Index Scan on k_5  (cost=0.00..5.55 rows=112 width=0)
	        Index Cond: ((k >= 6091251) AND (k <= 6091351))

table 6 : explain SELECT k, c FROM sbtest6 WHERE k BETWEEN 6091251 AND 6091351
	Bitmap Heap Scan on sbtest6  (cost=5.43..389.70 rows=97 width=125)
	  Recheck Cond: ((k >= 6091251) AND (k <= 6091351))
	  ->  Bitmap Index Scan on k_6  (cost=0.00..5.40 rows=97 width=0)
	        Index Cond: ((k >= 6091251) AND (k <= 6091351))

table 7 : explain SELECT k, c FROM sbtest7 WHERE k BETWEEN 6091251 AND 6091351
	Bitmap Heap Scan on sbtest7  (cost=5.47..405.52 rows=101 width=125)
	  Recheck Cond: ((k >= 6091251) AND (k <= 6091351))
	  ->  Bitmap Index Scan on k_7  (cost=0.00..5.44 rows=101 width=0)
	        Index Cond: ((k >= 6091251) AND (k <= 6091351))

table 8 : explain SELECT k, c FROM sbtest8 WHERE k BETWEEN 6091251 AND 6091351
	Bitmap Heap Scan on sbtest8  (cost=5.44..393.68 rows=98 width=125)
	  Recheck Cond: ((k >= 6091251) AND (k <= 6091351))
	  ->  Bitmap Index Scan on k_8  (cost=0.00..5.42 rows=98 width=0)
	        Index Cond: ((k >= 6091251) AND (k <= 6091351))

explain: for range-notcovered :: explain SELECT k, c FROM sbtest%d WHERE k BETWEEN 3394656 AND 3394756for range-notcovered
table 1 : explain SELECT k, c FROM sbtest1 WHERE k BETWEEN 4101353 AND 4101453
	Bitmap Heap Scan on sbtest1  (cost=5.56..440.87 rows=110 width=125)
	  Recheck Cond: ((k >= 4101353) AND (k <= 4101453))
	  ->  Bitmap Index Scan on k_1  (cost=0.00..5.53 rows=110 width=0)
	        Index Cond: ((k >= 4101353) AND (k <= 4101453))

table 2 : explain SELECT k, c FROM sbtest2 WHERE k BETWEEN 4101353 AND 4101453
	Bitmap Heap Scan on sbtest2  (cost=5.48..409.38 rows=102 width=125)
	  Recheck Cond: ((k >= 4101353) AND (k <= 4101453))
	  ->  Bitmap Index Scan on k_2  (cost=0.00..5.45 rows=102 width=0)
	        Index Cond: ((k >= 4101353) AND (k <= 4101453))

table 3 : explain SELECT k, c FROM sbtest3 WHERE k BETWEEN 4101353 AND 4101453
	Bitmap Heap Scan on sbtest3  (cost=5.48..409.39 rows=102 width=125)
	  Recheck Cond: ((k >= 4101353) AND (k <= 4101453))
	  ->  Bitmap Index Scan on k_3  (cost=0.00..5.45 rows=102 width=0)
	        Index Cond: ((k >= 4101353) AND (k <= 4101453))

table 4 : explain SELECT k, c FROM sbtest4 WHERE k BETWEEN 4101353 AND 4101453
	Bitmap Heap Scan on sbtest4  (cost=5.47..405.48 rows=101 width=125)
	  Recheck Cond: ((k >= 4101353) AND (k <= 4101453))
	  ->  Bitmap Index Scan on k_4  (cost=0.00..5.44 rows=101 width=0)
	        Index Cond: ((k >= 4101353) AND (k <= 4101453))

table 5 : explain SELECT k, c FROM sbtest5 WHERE k BETWEEN 4101353 AND 4101453
	Bitmap Heap Scan on sbtest5  (cost=5.51..421.25 rows=105 width=125)
	  Recheck Cond: ((k >= 4101353) AND (k <= 4101453))
	  ->  Bitmap Index Scan on k_5  (cost=0.00..5.48 rows=105 width=0)
	        Index Cond: ((k >= 4101353) AND (k <= 4101453))

table 6 : explain SELECT k, c FROM sbtest6 WHERE k BETWEEN 4101353 AND 4101453
	Bitmap Heap Scan on sbtest6  (cost=5.49..413.37 rows=103 width=125)
	  Recheck Cond: ((k >= 4101353) AND (k <= 4101453))
	  ->  Bitmap Index Scan on k_6  (cost=0.00..5.46 rows=103 width=0)
	        Index Cond: ((k >= 4101353) AND (k <= 4101453))

table 7 : explain SELECT k, c FROM sbtest7 WHERE k BETWEEN 4101353 AND 4101453
	Bitmap Heap Scan on sbtest7  (cost=5.46..401.57 rows=100 width=125)
	  Recheck Cond: ((k >= 4101353) AND (k <= 4101453))
	  ->  Bitmap Index Scan on k_7  (cost=0.00..5.43 rows=100 width=0)
	        Index Cond: ((k >= 4101353) AND (k <= 4101453))

table 8 : explain SELECT k, c FROM sbtest8 WHERE k BETWEEN 4101353 AND 4101453
	Bitmap Heap Scan on sbtest8  (cost=5.52..425.23 rows=106 width=125)
	  Recheck Cond: ((k >= 4101353) AND (k <= 4101453))
	  ->  Bitmap Index Scan on k_8  (cost=0.00..5.50 rows=106 width=0)
	        Index Cond: ((k >= 4101353) AND (k <= 4101453))

for range-notcovered
table 1 : explain SELECT k, c FROM sbtest1 WHERE k BETWEEN 8623476 AND 8623576
	Bitmap Heap Scan on sbtest1  (cost=5.46..401.46 rows=100 width=125)
	  Recheck Cond: ((k >= 8623476) AND (k <= 8623576))
	  ->  Bitmap Index Scan on k_1  (cost=0.00..5.43 rows=100 width=0)
	        Index Cond: ((k >= 8623476) AND (k <= 8623576))

table 2 : explain SELECT k, c FROM sbtest2 WHERE k BETWEEN 8623476 AND 8623576
	Bitmap Heap Scan on sbtest2  (cost=5.61..460.60 rows=115 width=125)
	  Recheck Cond: ((k >= 8623476) AND (k <= 8623576))
	  ->  Bitmap Index Scan on k_2  (cost=0.00..5.58 rows=115 width=0)
	        Index Cond: ((k >= 8623476) AND (k <= 8623576))

table 3 : explain SELECT k, c FROM sbtest3 WHERE k BETWEEN 8623476 AND 8623576
	Bitmap Heap Scan on sbtest3  (cost=5.56..440.91 rows=110 width=125)
	  Recheck Cond: ((k >= 8623476) AND (k <= 8623576))
	  ->  Bitmap Index Scan on k_3  (cost=0.00..5.53 rows=110 width=0)
	        Index Cond: ((k >= 8623476) AND (k <= 8623576))

table 4 : explain SELECT k, c FROM sbtest4 WHERE k BETWEEN 8623476 AND 8623576
	Bitmap Heap Scan on sbtest4  (cost=5.52..425.19 rows=106 width=125)
	  Recheck Cond: ((k >= 8623476) AND (k <= 8623576))
	  ->  Bitmap Index Scan on k_4  (cost=0.00..5.50 rows=106 width=0)
	        Index Cond: ((k >= 8623476) AND (k <= 8623576))

table 5 : explain SELECT k, c FROM sbtest5 WHERE k BETWEEN 8623476 AND 8623576
	Bitmap Heap Scan on sbtest5  (cost=5.49..413.37 rows=103 width=125)
	  Recheck Cond: ((k >= 8623476) AND (k <= 8623576))
	  ->  Bitmap Index Scan on k_5  (cost=0.00..5.46 rows=103 width=0)
	        Index Cond: ((k >= 8623476) AND (k <= 8623576))

table 6 : explain SELECT k, c FROM sbtest6 WHERE k BETWEEN 8623476 AND 8623576
	Bitmap Heap Scan on sbtest6  (cost=5.49..413.37 rows=103 width=125)
	  Recheck Cond: ((k >= 8623476) AND (k <= 8623576))
	  ->  Bitmap Index Scan on k_6  (cost=0.00..5.46 rows=103 width=0)
	        Index Cond: ((k >= 8623476) AND (k <= 8623576))

table 7 : explain SELECT k, c FROM sbtest7 WHERE k BETWEEN 8623476 AND 8623576
	Bitmap Heap Scan on sbtest7  (cost=5.34..354.21 rows=88 width=125)
	  Recheck Cond: ((k >= 8623476) AND (k <= 8623576))
	  ->  Bitmap Index Scan on k_7  (cost=0.00..5.31 rows=88 width=0)
	        Index Cond: ((k >= 8623476) AND (k <= 8623576))

table 8 : explain SELECT k, c FROM sbtest8 WHERE k BETWEEN 8623476 AND 8623576
	Bitmap Heap Scan on sbtest8  (cost=5.47..405.52 rows=101 width=125)
	  Recheck Cond: ((k >= 8623476) AND (k <= 8623576))
	  ->  Bitmap Index Scan on k_8  (cost=0.00..5.44 rows=101 width=0)
	        Index Cond: ((k >= 8623476) AND (k <= 8623576))



for range-notcovered
table 1 : explain SELECT k, c FROM sbtest1 WHERE k BETWEEN 6408735 AND 6408835
	Bitmap Heap Scan on sbtest1  (cost=5.50..417.23 rows=104 width=125)
	  Recheck Cond: ((k >= 6408735) AND (k <= 6408835))
	  ->  Bitmap Index Scan on k_1  (cost=0.00..5.47 rows=104 width=0)
	        Index Cond: ((k >= 6408735) AND (k <= 6408835))

table 2 : explain SELECT k, c FROM sbtest2 WHERE k BETWEEN 6408735 AND 6408835
	Bitmap Heap Scan on sbtest2  (cost=5.42..385.72 rows=96 width=125)
	  Recheck Cond: ((k >= 6408735) AND (k <= 6408835))
	  ->  Bitmap Index Scan on k_2  (cost=0.00..5.39 rows=96 width=0)
	        Index Cond: ((k >= 6408735) AND (k <= 6408835))

table 3 : explain SELECT k, c FROM sbtest3 WHERE k BETWEEN 6408735 AND 6408835
	Bitmap Heap Scan on sbtest3  (cost=5.49..413.33 rows=103 width=125)
	  Recheck Cond: ((k >= 6408735) AND (k <= 6408835))
	  ->  Bitmap Index Scan on k_3  (cost=0.00..5.46 rows=103 width=0)
	        Index Cond: ((k >= 6408735) AND (k <= 6408835))

table 4 : explain SELECT k, c FROM sbtest4 WHERE k BETWEEN 6408735 AND 6408835
	Bitmap Heap Scan on sbtest4  (cost=5.47..405.48 rows=101 width=125)
	  Recheck Cond: ((k >= 6408735) AND (k <= 6408835))
	  ->  Bitmap Index Scan on k_4  (cost=0.00..5.44 rows=101 width=0)
	        Index Cond: ((k >= 6408735) AND (k <= 6408835))

table 5 : explain SELECT k, c FROM sbtest5 WHERE k BETWEEN 6408735 AND 6408835
	Bitmap Heap Scan on sbtest5  (cost=5.46..401.54 rows=100 width=125)
	  Recheck Cond: ((k >= 6408735) AND (k <= 6408835))
	  ->  Bitmap Index Scan on k_5  (cost=0.00..5.43 rows=100 width=0)
	        Index Cond: ((k >= 6408735) AND (k <= 6408835))

table 6 : explain SELECT k, c FROM sbtest6 WHERE k BETWEEN 6408735 AND 6408835
	Bitmap Heap Scan on sbtest6  (cost=5.51..421.25 rows=105 width=125)
	  Recheck Cond: ((k >= 6408735) AND (k <= 6408835))
	  ->  Bitmap Index Scan on k_6  (cost=0.00..5.48 rows=105 width=0)
	        Index Cond: ((k >= 6408735) AND (k <= 6408835))

table 7 : explain SELECT k, c FROM sbtest7 WHERE k BETWEEN 6408735 AND 6408835
	Bitmap Heap Scan on sbtest7  (cost=5.37..366.06 rows=91 width=125)
	  Recheck Cond: ((k >= 6408735) AND (k <= 6408835))
	  ->  Bitmap Index Scan on k_7  (cost=0.00..5.34 rows=91 width=0)
	        Index Cond: ((k >= 6408735) AND (k <= 6408835))

table 8 : explain SELECT k, c FROM sbtest8 WHERE k BETWEEN 6408735 AND 6408835
	Bitmap Heap Scan on sbtest8  (cost=5.38..370.00 rows=92 width=125)
	  Recheck Cond: ((k >= 6408735) AND (k <= 6408835))
	  ->  Bitmap Index Scan on k_8  (cost=0.00..5.35 rows=92 width=0)
	        Index Cond: ((k >= 6408735) AND (k <= 6408835))
explain: for range-notcovered :: explain SELECT k, c FROM sbtest%d WHERE k BETWEEN 6091251 AND 6091351
for range-notcovered
table 1 : explain SELECT k, c FROM sbtest1 WHERE k BETWEEN 5153009 AND 5153109
	Bitmap Heap Scan on sbtest1  (cost=5.50..417.23 rows=104 width=125)
	  Recheck Cond: ((k >= 5153009) AND (k <= 5153109))
	  ->  Bitmap Index Scan on k_1  (cost=0.00..5.47 rows=104 width=0)
	        Index Cond: ((k >= 5153009) AND (k <= 5153109))

table 2 : explain SELECT k, c FROM sbtest2 WHERE k BETWEEN 5153009 AND 5153109
	Bitmap Heap Scan on sbtest2  (cost=5.47..405.44 rows=101 width=125)
	  Recheck Cond: ((k >= 5153009) AND (k <= 5153109))
	  ->  Bitmap Index Scan on k_2  (cost=0.00..5.44 rows=101 width=0)
	        Index Cond: ((k >= 5153009) AND (k <= 5153109))

table 3 : explain SELECT k, c FROM sbtest3 WHERE k BETWEEN 5153009 AND 5153109
	Bitmap Heap Scan on sbtest3  (cost=5.57..444.85 rows=111 width=125)
	  Recheck Cond: ((k >= 5153009) AND (k <= 5153109))
	  ->  Bitmap Index Scan on k_3  (cost=0.00..5.54 rows=111 width=0)
	        Index Cond: ((k >= 5153009) AND (k <= 5153109))

table 4 : explain SELECT k, c FROM sbtest4 WHERE k BETWEEN 5153009 AND 5153109
	Bitmap Heap Scan on sbtest4  (cost=5.56..440.95 rows=110 width=125)
	  Recheck Cond: ((k >= 5153009) AND (k <= 5153109))
	  ->  Bitmap Index Scan on k_4  (cost=0.00..5.53 rows=110 width=0)
	        Index Cond: ((k >= 5153009) AND (k <= 5153109))

table 5 : explain SELECT k, c FROM sbtest5 WHERE k BETWEEN 5153009 AND 5153109
	Bitmap Heap Scan on sbtest5  (cost=5.43..389.70 rows=97 width=125)
	  Recheck Cond: ((k >= 5153009) AND (k <= 5153109))
	  ->  Bitmap Index Scan on k_5  (cost=0.00..5.40 rows=97 width=0)
	        Index Cond: ((k >= 5153009) AND (k <= 5153109))

table 6 : explain SELECT k, c FROM sbtest6 WHERE k BETWEEN 5153009 AND 5153109
	Bitmap Heap Scan on sbtest6  (cost=5.43..389.70 rows=97 width=125)
	  Recheck Cond: ((k >= 5153009) AND (k <= 5153109))
	  ->  Bitmap Index Scan on k_6  (cost=0.00..5.40 rows=97 width=0)
	        Index Cond: ((k >= 5153009) AND (k <= 5153109))

table 7 : explain SELECT k, c FROM sbtest7 WHERE k BETWEEN 5153009 AND 5153109
	Bitmap Heap Scan on sbtest7  (cost=5.54..433.12 rows=108 width=125)
	  Recheck Cond: ((k >= 5153009) AND (k <= 5153109))
	  ->  Bitmap Index Scan on k_7  (cost=0.00..5.51 rows=108 width=0)
	        Index Cond: ((k >= 5153009) AND (k <= 5153109))

table 8 : explain SELECT k, c FROM sbtest8 WHERE k BETWEEN 5153009 AND 5153109
	Bitmap Heap Scan on sbtest8  (cost=5.40..377.90 rows=94 width=125)
	  Recheck Cond: ((k >= 5153009) AND (k <= 5153109))
	  ->  Bitmap Index Scan on k_8  (cost=0.00..5.38 rows=94 width=0)
	        Index Cond: ((k >= 5153009) AND (k <= 5153109))
for range-notcovered
table 1 : explain SELECT k, c FROM sbtest1 WHERE k BETWEEN 5001065 AND 5001165
	Bitmap Heap Scan on sbtest1  (cost=5.47..405.40 rows=101 width=125)
	  Recheck Cond: ((k >= 5001065) AND (k <= 5001165))
	  ->  Bitmap Index Scan on k_1  (cost=0.00..5.44 rows=101 width=0)
	        Index Cond: ((k >= 5001065) AND (k <= 5001165))

table 2 : explain SELECT k, c FROM sbtest2 WHERE k BETWEEN 5001065 AND 5001165
	Bitmap Heap Scan on sbtest2  (cost=5.54..433.03 rows=108 width=125)
	  Recheck Cond: ((k >= 5001065) AND (k <= 5001165))
	  ->  Bitmap Index Scan on k_2  (cost=0.00..5.51 rows=108 width=0)
	        Index Cond: ((k >= 5001065) AND (k <= 5001165))

table 3 : explain SELECT k, c FROM sbtest3 WHERE k BETWEEN 5001065 AND 5001165
	Bitmap Heap Scan on sbtest3  (cost=5.46..401.50 rows=100 width=125)
	  Recheck Cond: ((k >= 5001065) AND (k <= 5001165))
	  ->  Bitmap Index Scan on k_3  (cost=0.00..5.43 rows=100 width=0)
	        Index Cond: ((k >= 5001065) AND (k <= 5001165))

table 4 : explain SELECT k, c FROM sbtest4 WHERE k BETWEEN 5001065 AND 5001165
	Bitmap Heap Scan on sbtest4  (cost=5.48..409.42 rows=102 width=125)
	  Recheck Cond: ((k >= 5001065) AND (k <= 5001165))
	  ->  Bitmap Index Scan on k_4  (cost=0.00..5.45 rows=102 width=0)
	        Index Cond: ((k >= 5001065) AND (k <= 5001165))

table 5 : explain SELECT k, c FROM sbtest5 WHERE k BETWEEN 5001065 AND 5001165
	Bitmap Heap Scan on sbtest5  (cost=5.55..437.02 rows=109 width=125)
	  Recheck Cond: ((k >= 5001065) AND (k <= 5001165))
	  ->  Bitmap Index Scan on k_5  (cost=0.00..5.52 rows=109 width=0)
	        Index Cond: ((k >= 5001065) AND (k <= 5001165))

table 6 : explain SELECT k, c FROM sbtest6 WHERE k BETWEEN 5001065 AND 5001165
	Bitmap Heap Scan on sbtest6  (cost=5.47..405.48 rows=101 width=125)
	  Recheck Cond: ((k >= 5001065) AND (k <= 5001165))
	  ->  Bitmap Index Scan on k_6  (cost=0.00..5.44 rows=101 width=0)
	        Index Cond: ((k >= 5001065) AND (k <= 5001165))

table 7 : explain SELECT k, c FROM sbtest7 WHERE k BETWEEN 5001065 AND 5001165
	Bitmap Heap Scan on sbtest7  (cost=5.51..421.29 rows=105 width=125)
	  Recheck Cond: ((k >= 5001065) AND (k <= 5001165))
	  ->  Bitmap Index Scan on k_7  (cost=0.00..5.48 rows=105 width=0)
	        Index Cond: ((k >= 5001065) AND (k <= 5001165))

table 8 : explain SELECT k, c FROM sbtest8 WHERE k BETWEEN 5001065 AND 5001165
	Bitmap Heap Scan on sbtest8  (cost=5.42..385.79 rows=96 width=125)
	  Recheck Cond: ((k >= 5001065) AND (k <= 5001165))
	  ->  Bitmap Index Scan on k_8  (cost=0.00..5.39 rows=96 width=0)
	        Index Cond: ((k >= 5001065) AND (k <= 5001165))

explain: for range-notcovered :: explain SELECT k, c FROM sbtest%d WHERE k BETWEEN 8443156 AND 8443256

for range-notcovered
table 1 : explain SELECT k, c FROM sbtest1 WHERE k BETWEEN 5522101 AND 5522201
	Bitmap Heap Scan on sbtest1  (cost=5.40..377.79 rows=94 width=125)
	  Recheck Cond: ((k >= 5522101) AND (k <= 5522201))
	  ->  Bitmap Index Scan on k_1  (cost=0.00..5.38 rows=94 width=0)
	        Index Cond: ((k >= 5522101) AND (k <= 5522201))

table 2 : explain SELECT k, c FROM sbtest2 WHERE k BETWEEN 5522101 AND 5522201
	Bitmap Heap Scan on sbtest2  (cost=5.51..421.21 rows=105 width=125)
	  Recheck Cond: ((k >= 5522101) AND (k <= 5522201))
	  ->  Bitmap Index Scan on k_2  (cost=0.00..5.48 rows=105 width=0)
	        Index Cond: ((k >= 5522101) AND (k <= 5522201))

table 3 : explain SELECT k, c FROM sbtest3 WHERE k BETWEEN 5522101 AND 5522201
	Bitmap Heap Scan on sbtest3  (cost=5.44..393.61 rows=98 width=125)
	  Recheck Cond: ((k >= 5522101) AND (k <= 5522201))
	  ->  Bitmap Index Scan on k_3  (cost=0.00..5.42 rows=98 width=0)
	        Index Cond: ((k >= 5522101) AND (k <= 5522201))

table 4 : explain SELECT k, c FROM sbtest4 WHERE k BETWEEN 5522101 AND 5522201
	Bitmap Heap Scan on sbtest4  (cost=5.40..377.86 rows=94 width=125)
	  Recheck Cond: ((k >= 5522101) AND (k <= 5522201))
	  ->  Bitmap Index Scan on k_4  (cost=0.00..5.38 rows=94 width=0)
	        Index Cond: ((k >= 5522101) AND (k <= 5522201))

table 5 : explain SELECT k, c FROM sbtest5 WHERE k BETWEEN 5522101 AND 5522201
	Bitmap Heap Scan on sbtest5  (cost=5.43..389.70 rows=97 width=125)
	  Recheck Cond: ((k >= 5522101) AND (k <= 5522201))
	  ->  Bitmap Index Scan on k_5  (cost=0.00..5.40 rows=97 width=0)
	        Index Cond: ((k >= 5522101) AND (k <= 5522201))

table 6 : explain SELECT k, c FROM sbtest6 WHERE k BETWEEN 5522101 AND 5522201
	Bitmap Heap Scan on sbtest6  (cost=5.44..393.65 rows=98 width=125)
	  Recheck Cond: ((k >= 5522101) AND (k <= 5522201))
	  ->  Bitmap Index Scan on k_6  (cost=0.00..5.42 rows=98 width=0)
	        Index Cond: ((k >= 5522101) AND (k <= 5522201))

table 7 : explain SELECT k, c FROM sbtest7 WHERE k BETWEEN 5522101 AND 5522201
	Bitmap Heap Scan on sbtest7  (cost=5.50..417.35 rows=104 width=125)
	  Recheck Cond: ((k >= 5522101) AND (k <= 5522201))
	  ->  Bitmap Index Scan on k_7  (cost=0.00..5.47 rows=104 width=0)
	        Index Cond: ((k >= 5522101) AND (k <= 5522201))

table 8 : explain SELECT k, c FROM sbtest8 WHERE k BETWEEN 5522101 AND 5522201
	Bitmap Heap Scan on sbtest8  (cost=5.48..409.46 rows=102 width=125)
	  Recheck Cond: ((k >= 5522101) AND (k <= 5522201))
	  ->  Bitmap Index Scan on k_8  (cost=0.00..5.45 rows=102 width=0)
	        Index Cond: ((k >= 5522101) AND (k <= 5522201))
for range-notcovered
table 1 : explain SELECT k, c FROM sbtest1 WHERE k BETWEEN 3346171 AND 3346271
	Bitmap Heap Scan on sbtest1  (cost=5.49..413.29 rows=103 width=125)
	  Recheck Cond: ((k >= 3346171) AND (k <= 3346271))
	  ->  Bitmap Index Scan on k_1  (cost=0.00..5.46 rows=103 width=0)
	        Index Cond: ((k >= 3346171) AND (k <= 3346271))

table 2 : explain SELECT k, c FROM sbtest2 WHERE k BETWEEN 3346171 AND 3346271
	Bitmap Heap Scan on sbtest2  (cost=5.53..429.09 rows=107 width=125)
	  Recheck Cond: ((k >= 3346171) AND (k <= 3346271))
	  ->  Bitmap Index Scan on k_2  (cost=0.00..5.50 rows=107 width=0)
	        Index Cond: ((k >= 3346171) AND (k <= 3346271))

table 3 : explain SELECT k, c FROM sbtest3 WHERE k BETWEEN 3346171 AND 3346271
	Bitmap Heap Scan on sbtest3  (cost=5.62..464.54 rows=116 width=125)
	  Recheck Cond: ((k >= 3346171) AND (k <= 3346271))
	  ->  Bitmap Index Scan on k_3  (cost=0.00..5.59 rows=116 width=0)
	        Index Cond: ((k >= 3346171) AND (k <= 3346271))

table 4 : explain SELECT k, c FROM sbtest4 WHERE k BETWEEN 3346171 AND 3346271
	Bitmap Heap Scan on sbtest4  (cost=5.57..444.89 rows=111 width=125)
	  Recheck Cond: ((k >= 3346171) AND (k <= 3346271))
	  ->  Bitmap Index Scan on k_4  (cost=0.00..5.54 rows=111 width=0)
	        Index Cond: ((k >= 3346171) AND (k <= 3346271))

table 5 : explain SELECT k, c FROM sbtest5 WHERE k BETWEEN 3346171 AND 3346271
	Bitmap Heap Scan on sbtest5  (cost=5.53..429.13 rows=107 width=125)
	  Recheck Cond: ((k >= 3346171) AND (k <= 3346271))
	  ->  Bitmap Index Scan on k_5  (cost=0.00..5.50 rows=107 width=0)
	        Index Cond: ((k >= 3346171) AND (k <= 3346271))

table 6 : explain SELECT k, c FROM sbtest6 WHERE k BETWEEN 3346171 AND 3346271
	Bitmap Heap Scan on sbtest6  (cost=5.45..397.59 rows=99 width=125)
	  Recheck Cond: ((k >= 3346171) AND (k <= 3346271))
	  ->  Bitmap Index Scan on k_6  (cost=0.00..5.42 rows=99 width=0)
	        Index Cond: ((k >= 3346171) AND (k <= 3346271))

table 7 : explain SELECT k, c FROM sbtest7 WHERE k BETWEEN 3346171 AND 3346271
	Bitmap Heap Scan on sbtest7  (cost=5.38..370.01 rows=92 width=125)
	  Recheck Cond: ((k >= 3346171) AND (k <= 3346271))
	  ->  Bitmap Index Scan on k_7  (cost=0.00..5.35 rows=92 width=0)
	        Index Cond: ((k >= 3346171) AND (k <= 3346271))

table 8 : explain SELECT k, c FROM sbtest8 WHERE k BETWEEN 3346171 AND 3346271
	Bitmap Heap Scan on sbtest8  (cost=5.49..413.40 rows=103 width=125)
	  Recheck Cond: ((k >= 3346171) AND (k <= 3346271))
	  ->  Bitmap Index Scan on k_8  (cost=0.00..5.46 rows=103 width=0)
	        Index Cond: ((k >= 3346171) AND (k <= 3346271))


explain: for range-notcovered :: explain SELECT k, c FROM sbtest%d WHERE k BETWEEN 4704269 AND 4704369

explain: for range-notcovered :: explain SELECT k, c FROM sbtest%d WHERE k BETWEEN 6904500 AND 6904600
for range-notcovered
table 1 : explain SELECT k, c FROM sbtest1 WHERE k BETWEEN 5399909 AND 5400009
	Bitmap Heap Scan on sbtest1  (cost=5.45..397.52 rows=99 width=125)
	  Recheck Cond: ((k >= 5399909) AND (k <= 5400009))
	  ->  Bitmap Index Scan on k_1  (cost=0.00..5.42 rows=99 width=0)
	        Index Cond: ((k >= 5399909) AND (k <= 5400009))

table 2 : explain SELECT k, c FROM sbtest2 WHERE k BETWEEN 5399909 AND 5400009
	Bitmap Heap Scan on sbtest2  (cost=5.47..405.44 rows=101 width=125)
	  Recheck Cond: ((k >= 5399909) AND (k <= 5400009))
	  ->  Bitmap Index Scan on k_2  (cost=0.00..5.44 rows=101 width=0)
	        Index Cond: ((k >= 5399909) AND (k <= 5400009))

table 3 : explain SELECT k, c FROM sbtest3 WHERE k BETWEEN 5399909 AND 5400009
	Bitmap Heap Scan on sbtest3  (cost=5.45..397.56 rows=99 width=125)
	  Recheck Cond: ((k >= 5399909) AND (k <= 5400009))
	  ->  Bitmap Index Scan on k_3  (cost=0.00..5.42 rows=99 width=0)
	        Index Cond: ((k >= 5399909) AND (k <= 5400009))

table 4 : explain SELECT k, c FROM sbtest4 WHERE k BETWEEN 5399909 AND 5400009
	Bitmap Heap Scan on sbtest4  (cost=5.44..393.65 rows=98 width=125)
	  Recheck Cond: ((k >= 5399909) AND (k <= 5400009))
	  ->  Bitmap Index Scan on k_4  (cost=0.00..5.42 rows=98 width=0)
	        Index Cond: ((k >= 5399909) AND (k <= 5400009))

table 5 : explain SELECT k, c FROM sbtest5 WHERE k BETWEEN 5399909 AND 5400009
	Bitmap Heap Scan on sbtest5  (cost=5.46..401.54 rows=100 width=125)
	  Recheck Cond: ((k >= 5399909) AND (k <= 5400009))
	  ->  Bitmap Index Scan on k_5  (cost=0.00..5.43 rows=100 width=0)
	        Index Cond: ((k >= 5399909) AND (k <= 5400009))

table 6 : explain SELECT k, c FROM sbtest6 WHERE k BETWEEN 5399909 AND 5400009
	Bitmap Heap Scan on sbtest6  (cost=5.57..444.90 rows=111 width=125)
	  Recheck Cond: ((k >= 5399909) AND (k <= 5400009))
	  ->  Bitmap Index Scan on k_6  (cost=0.00..5.54 rows=111 width=0)
	        Index Cond: ((k >= 5399909) AND (k <= 5400009))

table 7 : explain SELECT k, c FROM sbtest7 WHERE k BETWEEN 5399909 AND 5400009
	Bitmap Heap Scan on sbtest7  (cost=5.50..417.35 rows=104 width=125)
	  Recheck Cond: ((k >= 5399909) AND (k <= 5400009))
	  ->  Bitmap Index Scan on k_7  (cost=0.00..5.47 rows=104 width=0)
	        Index Cond: ((k >= 5399909) AND (k <= 5400009))

table 8 : explain SELECT k, c FROM sbtest8 WHERE k BETWEEN 5399909 AND 5400009
	Bitmap Heap Scan on sbtest8  (cost=5.47..405.52 rows=101 width=125)
	  Recheck Cond: ((k >= 5399909) AND (k <= 5400009))
	  ->  Bitmap Index Scan on k_8  (cost=0.00..5.44 rows=101 width=0)
	        Index Cond: ((k >= 5399909) AND (k <= 5400009))
explain: for range-notcovered :: explain SELECT k, c FROM sbtest%d WHERE k BETWEEN 6859512 AND 6859612explain: for range-notcovered :: explain SELECT k, c FROM sbtest%d WHERE k BETWEEN 3346171 AND 3346271
for range-notcovered
table 1 : explain SELECT k, c FROM sbtest1 WHERE k BETWEEN 7000310 AND 7000410
	Bitmap Heap Scan on sbtest1  (cost=5.48..409.34 rows=102 width=125)
	  Recheck Cond: ((k >= 7000310) AND (k <= 7000410))
	  ->  Bitmap Index Scan on k_1  (cost=0.00..5.45 rows=102 width=0)
	        Index Cond: ((k >= 7000310) AND (k <= 7000410))

table 2 : explain SELECT k, c FROM sbtest2 WHERE k BETWEEN 7000310 AND 7000410
	Bitmap Heap Scan on sbtest2  (cost=5.50..417.27 rows=104 width=125)
	  Recheck Cond: ((k >= 7000310) AND (k <= 7000410))
	  ->  Bitmap Index Scan on k_2  (cost=0.00..5.47 rows=104 width=0)
	        Index Cond: ((k >= 7000310) AND (k <= 7000410))

table 3 : explain SELECT k, c FROM sbtest3 WHERE k BETWEEN 7000310 AND 7000410
	Bitmap Heap Scan on sbtest3  (cost=5.51..421.21 rows=105 width=125)
	  Recheck Cond: ((k >= 7000310) AND (k <= 7000410))
	  ->  Bitmap Index Scan on k_3  (cost=0.00..5.48 rows=105 width=0)
	        Index Cond: ((k >= 7000310) AND (k <= 7000410))

table 4 : explain SELECT k, c FROM sbtest4 WHERE k BETWEEN 7000310 AND 7000410
	Bitmap Heap Scan on sbtest4  (cost=5.57..444.89 rows=111 width=125)
	  Recheck Cond: ((k >= 7000310) AND (k <= 7000410))
	  ->  Bitmap Index Scan on k_4  (cost=0.00..5.54 rows=111 width=0)
	        Index Cond: ((k >= 7000310) AND (k <= 7000410))

table 5 : explain SELECT k, c FROM sbtest5 WHERE k BETWEEN 7000310 AND 7000410
	Bitmap Heap Scan on sbtest5  (cost=5.49..413.37 rows=103 width=125)
	  Recheck Cond: ((k >= 7000310) AND (k <= 7000410))
	  ->  Bitmap Index Scan on k_5  (cost=0.00..5.46 rows=103 width=0)
	        Index Cond: ((k >= 7000310) AND (k <= 7000410))

table 6 : explain SELECT k, c FROM sbtest6 WHERE k BETWEEN 7000310 AND 7000410
	Bitmap Heap Scan on sbtest6  (cost=5.64..472.46 rows=118 width=125)
	  Recheck Cond: ((k >= 7000310) AND (k <= 7000410))
	  ->  Bitmap Index Scan on k_6  (cost=0.00..5.61 rows=118 width=0)
	        Index Cond: ((k >= 7000310) AND (k <= 7000410))

table 7 : explain SELECT k, c FROM sbtest7 WHERE k BETWEEN 7000310 AND 7000410
	Bitmap Heap Scan on sbtest7  (cost=5.59..452.82 rows=113 width=125)
	  Recheck Cond: ((k >= 7000310) AND (k <= 7000410))
	  ->  Bitmap Index Scan on k_7  (cost=0.00..5.56 rows=113 width=0)
	        Index Cond: ((k >= 7000310) AND (k <= 7000410))

table 8 : explain SELECT k, c FROM sbtest8 WHERE k BETWEEN 7000310 AND 7000410
	Bitmap Heap Scan on sbtest8  (cost=5.44..393.68 rows=98 width=125)
	  Recheck Cond: ((k >= 7000310) AND (k <= 7000410))
	  ->  Bitmap Index Scan on k_8  (cost=0.00..5.42 rows=98 width=0)
	        Index Cond: ((k >= 7000310) AND (k <= 7000410))

explain: for range-notcovered :: explain SELECT k, c FROM sbtest%d WHERE k BETWEEN 4101353 AND 4101453
explain: for range-notcovered :: explain SELECT k, c FROM sbtest%d WHERE k BETWEEN 3925795 AND 3925895
explain: for range-notcovered :: explain SELECT k, c FROM sbtest%d WHERE k BETWEEN 8623476 AND 8623576


explain: for range-notcovered :: explain SELECT k, c FROM sbtest%d WHERE k BETWEEN 5098628 AND 5098728
explain: for range-notcovered :: explain SELECT k, c FROM sbtest%d WHERE k BETWEEN 4036988 AND 4037088

explain: for range-notcovered :: explain SELECT k, c FROM sbtest%d WHERE k BETWEEN 5001065 AND 5001165

for range-notcovered
table 1 : explain SELECT k, c FROM sbtest1 WHERE k BETWEEN 2639083 AND 2639183
	Bitmap Heap Scan on sbtest1  (cost=5.48..409.34 rows=102 width=125)
	  Recheck Cond: ((k >= 2639083) AND (k <= 2639183))
	  ->  Bitmap Index Scan on k_1  (cost=0.00..5.45 rows=102 width=0)
	        Index Cond: ((k >= 2639083) AND (k <= 2639183))

table 2 : explain SELECT k, c FROM sbtest2 WHERE k BETWEEN 2639083 AND 2639183
	Bitmap Heap Scan on sbtest2  (cost=5.61..460.60 rows=115 width=125)
	  Recheck Cond: ((k >= 2639083) AND (k <= 2639183))
	  ->  Bitmap Index Scan on k_2  (cost=0.00..5.58 rows=115 width=0)
	        Index Cond: ((k >= 2639083) AND (k <= 2639183))

table 3 : explain SELECT k, c FROM sbtest3 WHERE k BETWEEN 2639083 AND 2639183
	Bitmap Heap Scan on sbtest3  (cost=5.47..405.44 rows=101 width=125)
	  Recheck Cond: ((k >= 2639083) AND (k <= 2639183))
	  ->  Bitmap Index Scan on k_3  (cost=0.00..5.44 rows=101 width=0)
	        Index Cond: ((k >= 2639083) AND (k <= 2639183))

table 4 : explain SELECT k, c FROM sbtest4 WHERE k BETWEEN 2639083 AND 2639183
	Bitmap Heap Scan on sbtest4  (cost=5.53..429.13 rows=107 width=125)
	  Recheck Cond: ((k >= 2639083) AND (k <= 2639183))
	  ->  Bitmap Index Scan on k_4  (cost=0.00..5.50 rows=107 width=0)
	        Index Cond: ((k >= 2639083) AND (k <= 2639183))

table 5 : explain SELECT k, c FROM sbtest5 WHERE k BETWEEN 2639083 AND 2639183
	Bitmap Heap Scan on sbtest5  (cost=5.49..413.37 rows=103 width=125)
	  Recheck Cond: ((k >= 2639083) AND (k <= 2639183))
	  ->  Bitmap Index Scan on k_5  (cost=0.00..5.46 rows=103 width=0)
	        Index Cond: ((k >= 2639083) AND (k <= 2639183))

table 6 : explain SELECT k, c FROM sbtest6 WHERE k BETWEEN 2639083 AND 2639183
	Bitmap Heap Scan on sbtest6  (cost=5.49..413.37 rows=103 width=125)
	  Recheck Cond: ((k >= 2639083) AND (k <= 2639183))
	  ->  Bitmap Index Scan on k_6  (cost=0.00..5.46 rows=103 width=0)
	        Index Cond: ((k >= 2639083) AND (k <= 2639183))

table 7 : explain SELECT k, c FROM sbtest7 WHERE k BETWEEN 2639083 AND 2639183
	Bitmap Heap Scan on sbtest7  (cost=5.52..425.23 rows=106 width=125)
	  Recheck Cond: ((k >= 2639083) AND (k <= 2639183))
	  ->  Bitmap Index Scan on k_7  (cost=0.00..5.50 rows=106 width=0)
	        Index Cond: ((k >= 2639083) AND (k <= 2639183))

table 8 : explain SELECT k, c FROM sbtest8 WHERE k BETWEEN 2639083 AND 2639183
	Bitmap Heap Scan on sbtest8  (cost=5.42..385.79 rows=96 width=125)
	  Recheck Cond: ((k >= 2639083) AND (k <= 2639183))
	  ->  Bitmap Index Scan on k_8  (cost=0.00..5.39 rows=96 width=0)
	        Index Cond: ((k >= 2639083) AND (k <= 2639183))

explain: for range-notcovered :: explain SELECT k, c FROM sbtest%d WHERE k BETWEEN 5522101 AND 5522201

for range-notcovered
table 1 : explain SELECT k, c FROM sbtest1 WHERE k BETWEEN 3951479 AND 3951579
	Bitmap Heap Scan on sbtest1  (cost=5.54..432.99 rows=108 width=125)
	  Recheck Cond: ((k >= 3951479) AND (k <= 3951579))
	  ->  Bitmap Index Scan on k_1  (cost=0.00..5.51 rows=108 width=0)
	        Index Cond: ((k >= 3951479) AND (k <= 3951579))

table 2 : explain SELECT k, c FROM sbtest2 WHERE k BETWEEN 3951479 AND 3951579
	Bitmap Heap Scan on sbtest2  (cost=5.46..401.50 rows=100 width=125)
	  Recheck Cond: ((k >= 3951479) AND (k <= 3951579))
	  ->  Bitmap Index Scan on k_2  (cost=0.00..5.43 rows=100 width=0)
	        Index Cond: ((k >= 3951479) AND (k <= 3951579))

table 3 : explain SELECT k, c FROM sbtest3 WHERE k BETWEEN 3951479 AND 3951579
	Bitmap Heap Scan on sbtest3  (cost=5.47..405.44 rows=101 width=125)
	  Recheck Cond: ((k >= 3951479) AND (k <= 3951579))
	  ->  Bitmap Index Scan on k_3  (cost=0.00..5.44 rows=101 width=0)
	        Index Cond: ((k >= 3951479) AND (k <= 3951579))

table 4 : explain SELECT k, c FROM sbtest4 WHERE k BETWEEN 3951479 AND 3951579
	Bitmap Heap Scan on sbtest4  (cost=5.60..456.71 rows=114 width=125)
	  Recheck Cond: ((k >= 3951479) AND (k <= 3951579))
	  ->  Bitmap Index Scan on k_4  (cost=0.00..5.58 rows=114 width=0)
	        Index Cond: ((k >= 3951479) AND (k <= 3951579))

table 5 : explain SELECT k, c FROM sbtest5 WHERE k BETWEEN 3951479 AND 3951579
	Bitmap Heap Scan on sbtest5  (cost=5.54..433.08 rows=108 width=125)
	  Recheck Cond: ((k >= 3951479) AND (k <= 3951579))
	  ->  Bitmap Index Scan on k_5  (cost=0.00..5.51 rows=108 width=0)
	        Index Cond: ((k >= 3951479) AND (k <= 3951579))

table 6 : explain SELECT k, c FROM sbtest6 WHERE k BETWEEN 3951479 AND 3951579
	Bitmap Heap Scan on sbtest6  (cost=5.50..417.31 rows=104 width=125)
	  Recheck Cond: ((k >= 3951479) AND (k <= 3951579))
	  ->  Bitmap Index Scan on k_6  (cost=0.00..5.47 rows=104 width=0)
	        Index Cond: ((k >= 3951479) AND (k <= 3951579))

table 7 : explain SELECT k, c FROM sbtest7 WHERE k BETWEEN 3951479 AND 3951579
	Bitmap Heap Scan on sbtest7  (cost=5.44..393.68 rows=98 width=125)
	  Recheck Cond: ((k >= 3951479) AND (k <= 3951579))
	  ->  Bitmap Index Scan on k_7  (cost=0.00..5.42 rows=98 width=0)
	        Index Cond: ((k >= 3951479) AND (k <= 3951579))

table 8 : explain SELECT k, c FROM sbtest8 WHERE k BETWEEN 3951479 AND 3951579
	Bitmap Heap Scan on sbtest8  (cost=5.56..441.00 rows=110 width=125)
	  Recheck Cond: ((k >= 3951479) AND (k <= 3951579))
	  ->  Bitmap Index Scan on k_8  (cost=0.00..5.53 rows=110 width=0)
	        Index Cond: ((k >= 3951479) AND (k <= 3951579))

for range-notcovered
table 1 : explain SELECT k, c FROM sbtest1 WHERE k BETWEEN 4410081 AND 4410181
	Bitmap Heap Scan on sbtest1  (cost=5.42..385.68 rows=96 width=125)
	  Recheck Cond: ((k >= 4410081) AND (k <= 4410181))
	  ->  Bitmap Index Scan on k_1  (cost=0.00..5.39 rows=96 width=0)
	        Index Cond: ((k >= 4410081) AND (k <= 4410181))

table 2 : explain SELECT k, c FROM sbtest2 WHERE k BETWEEN 4410081 AND 4410181
	Bitmap Heap Scan on sbtest2  (cost=5.49..413.32 rows=103 width=125)
	  Recheck Cond: ((k >= 4410081) AND (k <= 4410181))
	  ->  Bitmap Index Scan on k_2  (cost=0.00..5.46 rows=103 width=0)
	        Index Cond: ((k >= 4410081) AND (k <= 4410181))

table 3 : explain SELECT k, c FROM sbtest3 WHERE k BETWEEN 4410081 AND 4410181
	Bitmap Heap Scan on sbtest3  (cost=5.45..397.56 rows=99 width=125)
	  Recheck Cond: ((k >= 4410081) AND (k <= 4410181))
	  ->  Bitmap Index Scan on k_3  (cost=0.00..5.42 rows=99 width=0)
	        Index Cond: ((k >= 4410081) AND (k <= 4410181))

table 4 : explain SELECT k, c FROM sbtest4 WHERE k BETWEEN 4410081 AND 4410181
	Bitmap Heap Scan on sbtest4  (cost=5.38..369.97 rows=92 width=125)
	  Recheck Cond: ((k >= 4410081) AND (k <= 4410181))
	  ->  Bitmap Index Scan on k_4  (cost=0.00..5.35 rows=92 width=0)
	        Index Cond: ((k >= 4410081) AND (k <= 4410181))

table 5 : explain SELECT k, c FROM sbtest5 WHERE k BETWEEN 4410081 AND 4410181
	Bitmap Heap Scan on sbtest5  (cost=5.45..397.59 rows=99 width=125)
	  Recheck Cond: ((k >= 4410081) AND (k <= 4410181))
	  ->  Bitmap Index Scan on k_5  (cost=0.00..5.42 rows=99 width=0)
	        Index Cond: ((k >= 4410081) AND (k <= 4410181))

table 6 : explain SELECT k, c FROM sbtest6 WHERE k BETWEEN 4410081 AND 4410181
	Bitmap Heap Scan on sbtest6  (cost=5.44..393.65 rows=98 width=125)
	  Recheck Cond: ((k >= 4410081) AND (k <= 4410181))
	  ->  Bitmap Index Scan on k_6  (cost=0.00..5.42 rows=98 width=0)
	        Index Cond: ((k >= 4410081) AND (k <= 4410181))

table 7 : explain SELECT k, c FROM sbtest7 WHERE k BETWEEN 4410081 AND 4410181
	Bitmap Heap Scan on sbtest7  (cost=5.52..425.23 rows=106 width=125)
	  Recheck Cond: ((k >= 4410081) AND (k <= 4410181))
	  ->  Bitmap Index Scan on k_7  (cost=0.00..5.50 rows=106 width=0)
	        Index Cond: ((k >= 4410081) AND (k <= 4410181))

table 8 : explain SELECT k, c FROM sbtest8 WHERE k BETWEEN 4410081 AND 4410181
	Bitmap Heap Scan on sbtest8  (cost=5.48..409.46 rows=102 width=125)
	  Recheck Cond: ((k >= 4410081) AND (k <= 4410181))
	  ->  Bitmap Index Scan on k_8  (cost=0.00..5.45 rows=102 width=0)
	        Index Cond: ((k >= 4410081) AND (k <= 4410181))

explain: for range-notcovered :: explain SELECT k, c FROM sbtest%d WHERE k BETWEEN 2639083 AND 2639183
for range-notcovered
table 1 : explain SELECT k, c FROM sbtest1 WHERE k BETWEEN 5893226 AND 5893326
	Bitmap Heap Scan on sbtest1  (cost=5.43..389.63 rows=97 width=125)
	  Recheck Cond: ((k >= 5893226) AND (k <= 5893326))
	  ->  Bitmap Index Scan on k_1  (cost=0.00..5.40 rows=97 width=0)
	        Index Cond: ((k >= 5893226) AND (k <= 5893326))

table 2 : explain SELECT k, c FROM sbtest2 WHERE k BETWEEN 5893226 AND 5893326
	Bitmap Heap Scan on sbtest2  (cost=5.47..405.44 rows=101 width=125)
	  Recheck Cond: ((k >= 5893226) AND (k <= 5893326))
	  ->  Bitmap Index Scan on k_2  (cost=0.00..5.44 rows=101 width=0)
	        Index Cond: ((k >= 5893226) AND (k <= 5893326))

table 3 : explain SELECT k, c FROM sbtest3 WHERE k BETWEEN 5893226 AND 5893326
	Bitmap Heap Scan on sbtest3  (cost=5.56..440.91 rows=110 width=125)
	  Recheck Cond: ((k >= 5893226) AND (k <= 5893326))
	  ->  Bitmap Index Scan on k_3  (cost=0.00..5.53 rows=110 width=0)
	        Index Cond: ((k >= 5893226) AND (k <= 5893326))

table 4 : explain SELECT k, c FROM sbtest4 WHERE k BETWEEN 5893226 AND 5893326
	Bitmap Heap Scan on sbtest4  (cost=5.52..425.19 rows=106 width=125)
	  Recheck Cond: ((k >= 5893226) AND (k <= 5893326))
	  ->  Bitmap Index Scan on k_4  (cost=0.00..5.50 rows=106 width=0)
	        Index Cond: ((k >= 5893226) AND (k <= 5893326))

table 5 : explain SELECT k, c FROM sbtest5 WHERE k BETWEEN 5893226 AND 5893326
	Bitmap Heap Scan on sbtest5  (cost=5.40..377.87 rows=94 width=125)
	  Recheck Cond: ((k >= 5893226) AND (k <= 5893326))
	  ->  Bitmap Index Scan on k_5  (cost=0.00..5.38 rows=94 width=0)
	        Index Cond: ((k >= 5893226) AND (k <= 5893326))

table 6 : explain SELECT k, c FROM sbtest6 WHERE k BETWEEN 5893226 AND 5893326
	Bitmap Heap Scan on sbtest6  (cost=5.43..389.70 rows=97 width=125)
	  Recheck Cond: ((k >= 5893226) AND (k <= 5893326))
	  ->  Bitmap Index Scan on k_6  (cost=0.00..5.40 rows=97 width=0)
	        Index Cond: ((k >= 5893226) AND (k <= 5893326))

table 7 : explain SELECT k, c FROM sbtest7 WHERE k BETWEEN 5893226 AND 5893326
	Bitmap Heap Scan on sbtest7  (cost=5.57..444.94 rows=111 width=125)
	  Recheck Cond: ((k >= 5893226) AND (k <= 5893326))
	  ->  Bitmap Index Scan on k_7  (cost=0.00..5.54 rows=111 width=0)
	        Index Cond: ((k >= 5893226) AND (k <= 5893326))

table 8 : explain SELECT k, c FROM sbtest8 WHERE k BETWEEN 5893226 AND 5893326
	Bitmap Heap Scan on sbtest8  (cost=5.42..385.79 rows=96 width=125)
	  Recheck Cond: ((k >= 5893226) AND (k <= 5893326))
	  ->  Bitmap Index Scan on k_8  (cost=0.00..5.39 rows=96 width=0)
	        Index Cond: ((k >= 5893226) AND (k <= 5893326))

explain: for range-notcovered :: explain SELECT k, c FROM sbtest%d WHERE k BETWEEN 7000310 AND 7000410for range-notcovered
table 1 : explain SELECT k, c FROM sbtest1 WHERE k BETWEEN 4794561 AND 4794661
	Bitmap Heap Scan on sbtest1  (cost=5.54..432.99 rows=108 width=125)
	  Recheck Cond: ((k >= 4794561) AND (k <= 4794661))
	  ->  Bitmap Index Scan on k_1  (cost=0.00..5.51 rows=108 width=0)
	        Index Cond: ((k >= 4794561) AND (k <= 4794661))

table 2 : explain SELECT k, c FROM sbtest2 WHERE k BETWEEN 4794561 AND 4794661
	Bitmap Heap Scan on sbtest2  (cost=5.53..429.09 rows=107 width=125)
	  Recheck Cond: ((k >= 4794561) AND (k <= 4794661))
	  ->  Bitmap Index Scan on k_2  (cost=0.00..5.50 rows=107 width=0)
	        Index Cond: ((k >= 4794561) AND (k <= 4794661))

table 3 : explain SELECT k, c FROM sbtest3 WHERE k BETWEEN 4794561 AND 4794661
	Bitmap Heap Scan on sbtest3  (cost=5.44..393.61 rows=98 width=125)
	  Recheck Cond: ((k >= 4794561) AND (k <= 4794661))
	  ->  Bitmap Index Scan on k_3  (cost=0.00..5.42 rows=98 width=0)
	        Index Cond: ((k >= 4794561) AND (k <= 4794661))

table 4 : explain SELECT k, c FROM sbtest4 WHERE k BETWEEN 4794561 AND 4794661
	Bitmap Heap Scan on sbtest4  (cost=5.56..440.95 rows=110 width=125)
	  Recheck Cond: ((k >= 4794561) AND (k <= 4794661))
	  ->  Bitmap Index Scan on k_4  (cost=0.00..5.53 rows=110 width=0)
	        Index Cond: ((k >= 4794561) AND (k <= 4794661))

table 5 : explain SELECT k, c FROM sbtest5 WHERE k BETWEEN 4794561 AND 4794661
	Bitmap Heap Scan on sbtest5  (cost=5.52..425.19 rows=106 width=125)
	  Recheck Cond: ((k >= 4794561) AND (k <= 4794661))
	  ->  Bitmap Index Scan on k_5  (cost=0.00..5.50 rows=106 width=0)
	        Index Cond: ((k >= 4794561) AND (k <= 4794661))

table 6 : explain SELECT k, c FROM sbtest6 WHERE k BETWEEN 4794561 AND 4794661
	Bitmap Heap Scan on sbtest6  (cost=5.56..440.96 rows=110 width=125)
	  Recheck Cond: ((k >= 4794561) AND (k <= 4794661))
	  ->  Bitmap Index Scan on k_6  (cost=0.00..5.53 rows=110 width=0)
	        Index Cond: ((k >= 4794561) AND (k <= 4794661))

table 7 : explain SELECT k, c FROM sbtest7 WHERE k BETWEEN 4794561 AND 4794661
	Bitmap Heap Scan on sbtest7  (cost=5.68..484.32 rows=121 width=125)
	  Recheck Cond: ((k >= 4794561) AND (k <= 4794661))
	  ->  Bitmap Index Scan on k_7  (cost=0.00..5.64 rows=121 width=0)
	        Index Cond: ((k >= 4794561) AND (k <= 4794661))

table 8 : explain SELECT k, c FROM sbtest8 WHERE k BETWEEN 4794561 AND 4794661
	Bitmap Heap Scan on sbtest8  (cost=5.48..409.46 rows=102 width=125)
	  Recheck Cond: ((k >= 4794561) AND (k <= 4794661))
	  ->  Bitmap Index Scan on k_8  (cost=0.00..5.45 rows=102 width=0)
	        Index Cond: ((k >= 4794561) AND (k <= 4794661))


explain: for range-notcovered :: explain SELECT k, c FROM sbtest%d WHERE k BETWEEN 4410081 AND 4410181

explain: for range-notcovered :: explain SELECT k, c FROM sbtest%d WHERE k BETWEEN 3951479 AND 3951579
explain: for range-notcovered :: explain SELECT k, c FROM sbtest%d WHERE k BETWEEN 5153009 AND 5153109
explain: for range-notcovered :: explain SELECT k, c FROM sbtest%d WHERE k BETWEEN 4794561 AND 4794661
explain: for range-notcovered :: explain SELECT k, c FROM sbtest%d WHERE k BETWEEN 1173834 AND 1173934
for range-notcovered
table 1 : explain SELECT k, c FROM sbtest1 WHERE k BETWEEN 7623222 AND 7623322
	Bitmap Heap Scan on sbtest1  (cost=5.55..436.93 rows=109 width=125)
	  Recheck Cond: ((k >= 7623222) AND (k <= 7623322))
	  ->  Bitmap Index Scan on k_1  (cost=0.00..5.52 rows=109 width=0)
	        Index Cond: ((k >= 7623222) AND (k <= 7623322))

table 2 : explain SELECT k, c FROM sbtest2 WHERE k BETWEEN 7623222 AND 7623322
	Bitmap Heap Scan on sbtest2  (cost=5.50..417.27 rows=104 width=125)
	  Recheck Cond: ((k >= 7623222) AND (k <= 7623322))
	  ->  Bitmap Index Scan on k_2  (cost=0.00..5.47 rows=104 width=0)
	        Index Cond: ((k >= 7623222) AND (k <= 7623322))

table 3 : explain SELECT k, c FROM sbtest3 WHERE k BETWEEN 7623222 AND 7623322
	Bitmap Heap Scan on sbtest3  (cost=5.51..421.21 rows=105 width=125)
	  Recheck Cond: ((k >= 7623222) AND (k <= 7623322))
	  ->  Bitmap Index Scan on k_3  (cost=0.00..5.48 rows=105 width=0)
	        Index Cond: ((k >= 7623222) AND (k <= 7623322))

table 4 : explain SELECT k, c FROM sbtest4 WHERE k BETWEEN 7623222 AND 7623322
	Bitmap Heap Scan on sbtest4  (cost=5.60..456.71 rows=114 width=125)
	  Recheck Cond: ((k >= 7623222) AND (k <= 7623322))
	  ->  Bitmap Index Scan on k_4  (cost=0.00..5.58 rows=114 width=0)
	        Index Cond: ((k >= 7623222) AND (k <= 7623322))

table 5 : explain SELECT k, c FROM sbtest5 WHERE k BETWEEN 7623222 AND 7623322
	Bitmap Heap Scan on sbtest5  (cost=5.47..405.48 rows=101 width=125)
	  Recheck Cond: ((k >= 7623222) AND (k <= 7623322))
	  ->  Bitmap Index Scan on k_5  (cost=0.00..5.44 rows=101 width=0)
	        Index Cond: ((k >= 7623222) AND (k <= 7623322))

table 6 : explain SELECT k, c FROM sbtest6 WHERE k BETWEEN 7623222 AND 7623322
	Bitmap Heap Scan on sbtest6  (cost=5.54..433.08 rows=108 width=125)
	  Recheck Cond: ((k >= 7623222) AND (k <= 7623322))
	  ->  Bitmap Index Scan on k_6  (cost=0.00..5.51 rows=108 width=0)
	        Index Cond: ((k >= 7623222) AND (k <= 7623322))

table 7 : explain SELECT k, c FROM sbtest7 WHERE k BETWEEN 7623222 AND 7623322
	Bitmap Heap Scan on sbtest7  (cost=5.47..405.52 rows=101 width=125)
	  Recheck Cond: ((k >= 7623222) AND (k <= 7623322))
	  ->  Bitmap Index Scan on k_7  (cost=0.00..5.44 rows=101 width=0)
	        Index Cond: ((k >= 7623222) AND (k <= 7623322))

table 8 : explain SELECT k, c FROM sbtest8 WHERE k BETWEEN 7623222 AND 7623322
	Bitmap Heap Scan on sbtest8  (cost=5.49..413.40 rows=103 width=125)
	  Recheck Cond: ((k >= 7623222) AND (k <= 7623322))
	  ->  Bitmap Index Scan on k_8  (cost=0.00..5.46 rows=103 width=0)
	        Index Cond: ((k >= 7623222) AND (k <= 7623322))

explain: for range-notcovered :: explain SELECT k, c FROM sbtest%d WHERE k BETWEEN 5893226 AND 5893326

explain: for range-notcovered :: explain SELECT k, c FROM sbtest%d WHERE k BETWEEN 5399909 AND 5400009
for range-notcovered
table 1 : explain SELECT k, c FROM sbtest1 WHERE k BETWEEN 4243065 AND 4243165
	Bitmap Heap Scan on sbtest1  (cost=5.49..413.29 rows=103 width=125)
	  Recheck Cond: ((k >= 4243065) AND (k <= 4243165))
	  ->  Bitmap Index Scan on k_1  (cost=0.00..5.46 rows=103 width=0)
	        Index Cond: ((k >= 4243065) AND (k <= 4243165))

table 2 : explain SELECT k, c FROM sbtest2 WHERE k BETWEEN 4243065 AND 4243165
	Bitmap Heap Scan on sbtest2  (cost=5.55..436.97 rows=109 width=125)
	  Recheck Cond: ((k >= 4243065) AND (k <= 4243165))
	  ->  Bitmap Index Scan on k_2  (cost=0.00..5.52 rows=109 width=0)
	        Index Cond: ((k >= 4243065) AND (k <= 4243165))

table 3 : explain SELECT k, c FROM sbtest3 WHERE k BETWEEN 4243065 AND 4243165
	Bitmap Heap Scan on sbtest3  (cost=5.47..405.44 rows=101 width=125)
	  Recheck Cond: ((k >= 4243065) AND (k <= 4243165))
	  ->  Bitmap Index Scan on k_3  (cost=0.00..5.44 rows=101 width=0)
	        Index Cond: ((k >= 4243065) AND (k <= 4243165))

table 4 : explain SELECT k, c FROM sbtest4 WHERE k BETWEEN 4243065 AND 4243165
	Bitmap Heap Scan on sbtest4  (cost=5.43..389.70 rows=97 width=125)
	  Recheck Cond: ((k >= 4243065) AND (k <= 4243165))
	  ->  Bitmap Index Scan on k_4  (cost=0.00..5.40 rows=97 width=0)
	        Index Cond: ((k >= 4243065) AND (k <= 4243165))

table 5 : explain SELECT k, c FROM sbtest5 WHERE k BETWEEN 4243065 AND 4243165
	Bitmap Heap Scan on sbtest5  (cost=5.41..381.81 rows=95 width=125)
	  Recheck Cond: ((k >= 4243065) AND (k <= 4243165))
	  ->  Bitmap Index Scan on k_5  (cost=0.00..5.38 rows=95 width=0)
	        Index Cond: ((k >= 4243065) AND (k <= 4243165))

table 6 : explain SELECT k, c FROM sbtest6 WHERE k BETWEEN 4243065 AND 4243165
	Bitmap Heap Scan on sbtest6  (cost=5.48..409.42 rows=102 width=125)
	  Recheck Cond: ((k >= 4243065) AND (k <= 4243165))
	  ->  Bitmap Index Scan on k_6  (cost=0.00..5.45 rows=102 width=0)
	        Index Cond: ((k >= 4243065) AND (k <= 4243165))

table 7 : explain SELECT k, c FROM sbtest7 WHERE k BETWEEN 4243065 AND 4243165
	Bitmap Heap Scan on sbtest7  (cost=5.45..397.63 rows=99 width=125)
	  Recheck Cond: ((k >= 4243065) AND (k <= 4243165))
	  ->  Bitmap Index Scan on k_7  (cost=0.00..5.42 rows=99 width=0)
	        Index Cond: ((k >= 4243065) AND (k <= 4243165))

table 8 : explain SELECT k, c FROM sbtest8 WHERE k BETWEEN 4243065 AND 4243165
	Bitmap Heap Scan on sbtest8  (cost=5.51..421.29 rows=105 width=125)
	  Recheck Cond: ((k >= 4243065) AND (k <= 4243165))
	  ->  Bitmap Index Scan on k_8  (cost=0.00..5.48 rows=105 width=0)
	        Index Cond: ((k >= 4243065) AND (k <= 4243165))
for range-notcovered
table 1 : explain SELECT k, c FROM sbtest1 WHERE k BETWEEN 7279562 AND 7279662
	Bitmap Heap Scan on sbtest1  (cost=5.48..409.34 rows=102 width=125)
	  Recheck Cond: ((k >= 7279562) AND (k <= 7279662))
	  ->  Bitmap Index Scan on k_1  (cost=0.00..5.45 rows=102 width=0)
	        Index Cond: ((k >= 7279562) AND (k <= 7279662))

table 2 : explain SELECT k, c FROM sbtest2 WHERE k BETWEEN 7279562 AND 7279662
	Bitmap Heap Scan on sbtest2  (cost=5.49..413.32 rows=103 width=125)
	  Recheck Cond: ((k >= 7279562) AND (k <= 7279662))
	  ->  Bitmap Index Scan on k_2  (cost=0.00..5.46 rows=103 width=0)
	        Index Cond: ((k >= 7279562) AND (k <= 7279662))

table 3 : explain SELECT k, c FROM sbtest3 WHERE k BETWEEN 7279562 AND 7279662
	Bitmap Heap Scan on sbtest3  (cost=5.47..405.44 rows=101 width=125)
	  Recheck Cond: ((k >= 7279562) AND (k <= 7279662))
	  ->  Bitmap Index Scan on k_3  (cost=0.00..5.44 rows=101 width=0)
	        Index Cond: ((k >= 7279562) AND (k <= 7279662))

table 4 : explain SELECT k, c FROM sbtest4 WHERE k BETWEEN 7279562 AND 7279662
	Bitmap Heap Scan on sbtest4  (cost=5.51..421.25 rows=105 width=125)
	  Recheck Cond: ((k >= 7279562) AND (k <= 7279662))
	  ->  Bitmap Index Scan on k_4  (cost=0.00..5.48 rows=105 width=0)
	        Index Cond: ((k >= 7279562) AND (k <= 7279662))

table 5 : explain SELECT k, c FROM sbtest5 WHERE k BETWEEN 7279562 AND 7279662
	Bitmap Heap Scan on sbtest5  (cost=5.47..405.48 rows=101 width=125)
	  Recheck Cond: ((k >= 7279562) AND (k <= 7279662))
	  ->  Bitmap Index Scan on k_5  (cost=0.00..5.44 rows=101 width=0)
	        Index Cond: ((k >= 7279562) AND (k <= 7279662))

table 6 : explain SELECT k, c FROM sbtest6 WHERE k BETWEEN 7279562 AND 7279662
	Bitmap Heap Scan on sbtest6  (cost=5.35..358.13 rows=89 width=125)
	  Recheck Cond: ((k >= 7279562) AND (k <= 7279662))
	  ->  Bitmap Index Scan on k_6  (cost=0.00..5.32 rows=89 width=0)
	        Index Cond: ((k >= 7279562) AND (k <= 7279662))

table 7 : explain SELECT k, c FROM sbtest7 WHERE k BETWEEN 7279562 AND 7279662
	Bitmap Heap Scan on sbtest7  (cost=5.54..433.12 rows=108 width=125)
	  Recheck Cond: ((k >= 7279562) AND (k <= 7279662))
	  ->  Bitmap Index Scan on k_7  (cost=0.00..5.51 rows=108 width=0)
	        Index Cond: ((k >= 7279562) AND (k <= 7279662))

table 8 : explain SELECT k, c FROM sbtest8 WHERE k BETWEEN 7279562 AND 7279662
	Bitmap Heap Scan on sbtest8  (cost=5.54..433.11 rows=108 width=125)
	  Recheck Cond: ((k >= 7279562) AND (k <= 7279662))
	  ->  Bitmap Index Scan on k_8  (cost=0.00..5.51 rows=108 width=0)
	        Index Cond: ((k >= 7279562) AND (k <= 7279662))

explain: for range-notcovered :: explain SELECT k, c FROM sbtest%d WHERE k BETWEEN 7296661 AND 7296761
explain: for range-notcovered :: explain SELECT k, c FROM sbtest%d WHERE k BETWEEN 6408735 AND 6408835
for range-notcovered
table 1 : explain SELECT k, c FROM sbtest1 WHERE k BETWEEN 6737646 AND 6737746
	Bitmap Heap Scan on sbtest1  (cost=5.62..464.49 rows=116 width=125)
	  Recheck Cond: ((k >= 6737646) AND (k <= 6737746))
	  ->  Bitmap Index Scan on k_1  (cost=0.00..5.59 rows=116 width=0)
	        Index Cond: ((k >= 6737646) AND (k <= 6737746))

table 2 : explain SELECT k, c FROM sbtest2 WHERE k BETWEEN 6737646 AND 6737746
	Bitmap Heap Scan on sbtest2  (cost=5.56..440.91 rows=110 width=125)
	  Recheck Cond: ((k >= 6737646) AND (k <= 6737746))
	  ->  Bitmap Index Scan on k_2  (cost=0.00..5.53 rows=110 width=0)
	        Index Cond: ((k >= 6737646) AND (k <= 6737746))

table 3 : explain SELECT k, c FROM sbtest3 WHERE k BETWEEN 6737646 AND 6737746
	Bitmap Heap Scan on sbtest3  (cost=5.46..401.50 rows=100 width=125)
	  Recheck Cond: ((k >= 6737646) AND (k <= 6737746))
	  ->  Bitmap Index Scan on k_3  (cost=0.00..5.43 rows=100 width=0)
	        Index Cond: ((k >= 6737646) AND (k <= 6737746))

table 4 : explain SELECT k, c FROM sbtest4 WHERE k BETWEEN 6737646 AND 6737746
	Bitmap Heap Scan on sbtest4  (cost=5.41..381.81 rows=95 width=125)
	  Recheck Cond: ((k >= 6737646) AND (k <= 6737746))
	  ->  Bitmap Index Scan on k_4  (cost=0.00..5.38 rows=95 width=0)
	        Index Cond: ((k >= 6737646) AND (k <= 6737746))

table 5 : explain SELECT k, c FROM sbtest5 WHERE k BETWEEN 6737646 AND 6737746
	Bitmap Heap Scan on sbtest5  (cost=5.47..405.48 rows=101 width=125)
	  Recheck Cond: ((k >= 6737646) AND (k <= 6737746))
	  ->  Bitmap Index Scan on k_5  (cost=0.00..5.44 rows=101 width=0)
	        Index Cond: ((k >= 6737646) AND (k <= 6737746))

table 6 : explain SELECT k, c FROM sbtest6 WHERE k BETWEEN 6737646 AND 6737746
	Bitmap Heap Scan on sbtest6  (cost=5.54..433.08 rows=108 width=125)
	  Recheck Cond: ((k >= 6737646) AND (k <= 6737746))
	  ->  Bitmap Index Scan on k_6  (cost=0.00..5.51 rows=108 width=0)
	        Index Cond: ((k >= 6737646) AND (k <= 6737746))

table 7 : explain SELECT k, c FROM sbtest7 WHERE k BETWEEN 6737646 AND 6737746
	Bitmap Heap Scan on sbtest7  (cost=5.44..393.68 rows=98 width=125)
	  Recheck Cond: ((k >= 6737646) AND (k <= 6737746))
	  ->  Bitmap Index Scan on k_7  (cost=0.00..5.42 rows=98 width=0)
	        Index Cond: ((k >= 6737646) AND (k <= 6737746))

table 8 : explain SELECT k, c FROM sbtest8 WHERE k BETWEEN 6737646 AND 6737746
	Bitmap Heap Scan on sbtest8  (cost=5.48..409.46 rows=102 width=125)
	  Recheck Cond: ((k >= 6737646) AND (k <= 6737746))
	  ->  Bitmap Index Scan on k_8  (cost=0.00..5.45 rows=102 width=0)
	        Index Cond: ((k >= 6737646) AND (k <= 6737746))

for range-notcovered
table 1 : explain SELECT k, c FROM sbtest1 WHERE k BETWEEN 6222055 AND 6222155
	Bitmap Heap Scan on sbtest1  (cost=5.48..409.34 rows=102 width=125)
	  Recheck Cond: ((k >= 6222055) AND (k <= 6222155))
	  ->  Bitmap Index Scan on k_1  (cost=0.00..5.45 rows=102 width=0)
	        Index Cond: ((k >= 6222055) AND (k <= 6222155))

table 2 : explain SELECT k, c FROM sbtest2 WHERE k BETWEEN 6222055 AND 6222155
	Bitmap Heap Scan on sbtest2  (cost=5.55..436.97 rows=109 width=125)
	  Recheck Cond: ((k >= 6222055) AND (k <= 6222155))
	  ->  Bitmap Index Scan on k_2  (cost=0.00..5.52 rows=109 width=0)
	        Index Cond: ((k >= 6222055) AND (k <= 6222155))

table 3 : explain SELECT k, c FROM sbtest3 WHERE k BETWEEN 6222055 AND 6222155
	Bitmap Heap Scan on sbtest3  (cost=5.50..417.27 rows=104 width=125)
	  Recheck Cond: ((k >= 6222055) AND (k <= 6222155))
	  ->  Bitmap Index Scan on k_3  (cost=0.00..5.47 rows=104 width=0)
	        Index Cond: ((k >= 6222055) AND (k <= 6222155))

table 4 : explain SELECT k, c FROM sbtest4 WHERE k BETWEEN 6222055 AND 6222155
	Bitmap Heap Scan on sbtest4  (cost=5.48..409.42 rows=102 width=125)
	  Recheck Cond: ((k >= 6222055) AND (k <= 6222155))
	  ->  Bitmap Index Scan on k_4  (cost=0.00..5.45 rows=102 width=0)
	        Index Cond: ((k >= 6222055) AND (k <= 6222155))

table 5 : explain SELECT k, c FROM sbtest5 WHERE k BETWEEN 6222055 AND 6222155
	Bitmap Heap Scan on sbtest5  (cost=5.49..413.37 rows=103 width=125)
	  Recheck Cond: ((k >= 6222055) AND (k <= 6222155))
	  ->  Bitmap Index Scan on k_5  (cost=0.00..5.46 rows=103 width=0)
	        Index Cond: ((k >= 6222055) AND (k <= 6222155))

table 6 : explain SELECT k, c FROM sbtest6 WHERE k BETWEEN 6222055 AND 6222155
	Bitmap Heap Scan on sbtest6  (cost=5.43..389.70 rows=97 width=125)
	  Recheck Cond: ((k >= 6222055) AND (k <= 6222155))
	  ->  Bitmap Index Scan on k_6  (cost=0.00..5.40 rows=97 width=0)
	        Index Cond: ((k >= 6222055) AND (k <= 6222155))

table 7 : explain SELECT k, c FROM sbtest7 WHERE k BETWEEN 6222055 AND 6222155
	Bitmap Heap Scan on sbtest7  (cost=5.45..397.63 rows=99 width=125)
	  Recheck Cond: ((k >= 6222055) AND (k <= 6222155))
	  ->  Bitmap Index Scan on k_7  (cost=0.00..5.42 rows=99 width=0)
	        Index Cond: ((k >= 6222055) AND (k <= 6222155))

table 8 : explain SELECT k, c FROM sbtest8 WHERE k BETWEEN 6222055 AND 6222155
	Bitmap Heap Scan on sbtest8  (cost=5.51..421.29 rows=105 width=125)
	  Recheck Cond: ((k >= 6222055) AND (k <= 6222155))
	  ->  Bitmap Index Scan on k_8  (cost=0.00..5.48 rows=105 width=0)
	        Index Cond: ((k >= 6222055) AND (k <= 6222155))

explain: for range-notcovered :: explain SELECT k, c FROM sbtest%d WHERE k BETWEEN 7623222 AND 7623322

for range-notcovered
table 1 : explain SELECT k, c FROM sbtest1 WHERE k BETWEEN 3944438 AND 3944538
	Bitmap Heap Scan on sbtest1  (cost=5.54..432.99 rows=108 width=125)
	  Recheck Cond: ((k >= 3944438) AND (k <= 3944538))
	  ->  Bitmap Index Scan on k_1  (cost=0.00..5.51 rows=108 width=0)
	        Index Cond: ((k >= 3944438) AND (k <= 3944538))

table 2 : explain SELECT k, c FROM sbtest2 WHERE k BETWEEN 3944438 AND 3944538
	Bitmap Heap Scan on sbtest2  (cost=5.46..401.50 rows=100 width=125)
	  Recheck Cond: ((k >= 3944438) AND (k <= 3944538))
	  ->  Bitmap Index Scan on k_2  (cost=0.00..5.43 rows=100 width=0)
	        Index Cond: ((k >= 3944438) AND (k <= 3944538))

table 3 : explain SELECT k, c FROM sbtest3 WHERE k BETWEEN 3944438 AND 3944538
	Bitmap Heap Scan on sbtest3  (cost=5.47..405.44 rows=101 width=125)
	  Recheck Cond: ((k >= 3944438) AND (k <= 3944538))
	  ->  Bitmap Index Scan on k_3  (cost=0.00..5.44 rows=101 width=0)
	        Index Cond: ((k >= 3944438) AND (k <= 3944538))

table 4 : explain SELECT k, c FROM sbtest4 WHERE k BETWEEN 3944438 AND 3944538
	Bitmap Heap Scan on sbtest4  (cost=5.60..456.71 rows=114 width=125)
	  Recheck Cond: ((k >= 3944438) AND (k <= 3944538))
	  ->  Bitmap Index Scan on k_4  (cost=0.00..5.58 rows=114 width=0)
	        Index Cond: ((k >= 3944438) AND (k <= 3944538))

table 5 : explain SELECT k, c FROM sbtest5 WHERE k BETWEEN 3944438 AND 3944538
	Bitmap Heap Scan on sbtest5  (cost=5.54..433.08 rows=108 width=125)
	  Recheck Cond: ((k >= 3944438) AND (k <= 3944538))
	  ->  Bitmap Index Scan on k_5  (cost=0.00..5.51 rows=108 width=0)
	        Index Cond: ((k >= 3944438) AND (k <= 3944538))

table 6 : explain SELECT k, c FROM sbtest6 WHERE k BETWEEN 3944438 AND 3944538
	Bitmap Heap Scan on sbtest6  (cost=5.50..417.31 rows=104 width=125)
	  Recheck Cond: ((k >= 3944438) AND (k <= 3944538))
	  ->  Bitmap Index Scan on k_6  (cost=0.00..5.47 rows=104 width=0)
	        Index Cond: ((k >= 3944438) AND (k <= 3944538))

table 7 : explain SELECT k, c FROM sbtest7 WHERE k BETWEEN 3944438 AND 3944538
	Bitmap Heap Scan on sbtest7  (cost=5.44..393.68 rows=98 width=125)
	  Recheck Cond: ((k >= 3944438) AND (k <= 3944538))
	  ->  Bitmap Index Scan on k_7  (cost=0.00..5.42 rows=98 width=0)
	        Index Cond: ((k >= 3944438) AND (k <= 3944538))

table 8 : explain SELECT k, c FROM sbtest8 WHERE k BETWEEN 3944438 AND 3944538
	Bitmap Heap Scan on sbtest8  (cost=5.56..441.00 rows=110 width=125)
	  Recheck Cond: ((k >= 3944438) AND (k <= 3944538))
	  ->  Bitmap Index Scan on k_8  (cost=0.00..5.53 rows=110 width=0)
	        Index Cond: ((k >= 3944438) AND (k <= 3944538))
for range-notcovered
table 1 : explain SELECT k, c FROM sbtest1 WHERE k BETWEEN 7804666 AND 7804766
	Bitmap Heap Scan on sbtest1  (cost=5.42..385.68 rows=96 width=125)
	  Recheck Cond: ((k >= 7804666) AND (k <= 7804766))
	  ->  Bitmap Index Scan on k_1  (cost=0.00..5.39 rows=96 width=0)
	        Index Cond: ((k >= 7804666) AND (k <= 7804766))

table 2 : explain SELECT k, c FROM sbtest2 WHERE k BETWEEN 7804666 AND 7804766
	Bitmap Heap Scan on sbtest2  (cost=5.48..409.38 rows=102 width=125)
	  Recheck Cond: ((k >= 7804666) AND (k <= 7804766))
	  ->  Bitmap Index Scan on k_2  (cost=0.00..5.45 rows=102 width=0)
	        Index Cond: ((k >= 7804666) AND (k <= 7804766))

table 3 : explain SELECT k, c FROM sbtest3 WHERE k BETWEEN 7804666 AND 7804766
	Bitmap Heap Scan on sbtest3  (cost=5.48..409.39 rows=102 width=125)
	  Recheck Cond: ((k >= 7804666) AND (k <= 7804766))
	  ->  Bitmap Index Scan on k_3  (cost=0.00..5.45 rows=102 width=0)
	        Index Cond: ((k >= 7804666) AND (k <= 7804766))

table 4 : explain SELECT k, c FROM sbtest4 WHERE k BETWEEN 7804666 AND 7804766
	Bitmap Heap Scan on sbtest4  (cost=5.45..397.59 rows=99 width=125)
	  Recheck Cond: ((k >= 7804666) AND (k <= 7804766))
	  ->  Bitmap Index Scan on k_4  (cost=0.00..5.42 rows=99 width=0)
	        Index Cond: ((k >= 7804666) AND (k <= 7804766))

table 5 : explain SELECT k, c FROM sbtest5 WHERE k BETWEEN 7804666 AND 7804766
	Bitmap Heap Scan on sbtest5  (cost=5.52..425.19 rows=106 width=125)
	  Recheck Cond: ((k >= 7804666) AND (k <= 7804766))
	  ->  Bitmap Index Scan on k_5  (cost=0.00..5.50 rows=106 width=0)
	        Index Cond: ((k >= 7804666) AND (k <= 7804766))

table 6 : explain SELECT k, c FROM sbtest6 WHERE k BETWEEN 7804666 AND 7804766
	Bitmap Heap Scan on sbtest6  (cost=5.51..421.25 rows=105 width=125)
	  Recheck Cond: ((k >= 7804666) AND (k <= 7804766))
	  ->  Bitmap Index Scan on k_6  (cost=0.00..5.48 rows=105 width=0)
	        Index Cond: ((k >= 7804666) AND (k <= 7804766))

table 7 : explain SELECT k, c FROM sbtest7 WHERE k BETWEEN 7804666 AND 7804766
	Bitmap Heap Scan on sbtest7  (cost=5.48..409.46 rows=102 width=125)
	  Recheck Cond: ((k >= 7804666) AND (k <= 7804766))
	  ->  Bitmap Index Scan on k_7  (cost=0.00..5.45 rows=102 width=0)
	        Index Cond: ((k >= 7804666) AND (k <= 7804766))

table 8 : explain SELECT k, c FROM sbtest8 WHERE k BETWEEN 7804666 AND 7804766
	Bitmap Heap Scan on sbtest8  (cost=5.55..437.05 rows=109 width=125)
	  Recheck Cond: ((k >= 7804666) AND (k <= 7804766))
	  ->  Bitmap Index Scan on k_8  (cost=0.00..5.52 rows=109 width=0)
	        Index Cond: ((k >= 7804666) AND (k <= 7804766))

explain: for range-notcovered :: explain SELECT k, c FROM sbtest%d WHERE k BETWEEN 6222055 AND 6222155
explain: for range-notcovered :: explain SELECT k, c FROM sbtest%d WHERE k BETWEEN 7279562 AND 7279662

for range-notcovered
table 1 : explain SELECT k, c FROM sbtest1 WHERE k BETWEEN 4455370 AND 4455470
	Bitmap Heap Scan on sbtest1  (cost=5.61..460.55 rows=115 width=125)
	  Recheck Cond: ((k >= 4455370) AND (k <= 4455470))
	  ->  Bitmap Index Scan on k_1  (cost=0.00..5.58 rows=115 width=0)
	        Index Cond: ((k >= 4455370) AND (k <= 4455470))

table 2 : explain SELECT k, c FROM sbtest2 WHERE k BETWEEN 4455370 AND 4455470
	Bitmap Heap Scan on sbtest2  (cost=5.45..397.55 rows=99 width=125)
	  Recheck Cond: ((k >= 4455370) AND (k <= 4455470))
	  ->  Bitmap Index Scan on k_2  (cost=0.00..5.42 rows=99 width=0)
	        Index Cond: ((k >= 4455370) AND (k <= 4455470))

table 3 : explain SELECT k, c FROM sbtest3 WHERE k BETWEEN 4455370 AND 4455470
	Bitmap Heap Scan on sbtest3  (cost=5.45..397.56 rows=99 width=125)
	  Recheck Cond: ((k >= 4455370) AND (k <= 4455470))
	  ->  Bitmap Index Scan on k_3  (cost=0.00..5.42 rows=99 width=0)
	        Index Cond: ((k >= 4455370) AND (k <= 4455470))

table 4 : explain SELECT k, c FROM sbtest4 WHERE k BETWEEN 4455370 AND 4455470
	Bitmap Heap Scan on sbtest4  (cost=5.46..401.53 rows=100 width=125)
	  Recheck Cond: ((k >= 4455370) AND (k <= 4455470))
	  ->  Bitmap Index Scan on k_4  (cost=0.00..5.43 rows=100 width=0)
	        Index Cond: ((k >= 4455370) AND (k <= 4455470))

table 5 : explain SELECT k, c FROM sbtest5 WHERE k BETWEEN 4455370 AND 4455470
	Bitmap Heap Scan on sbtest5  (cost=5.45..397.59 rows=99 width=125)
	  Recheck Cond: ((k >= 4455370) AND (k <= 4455470))
	  ->  Bitmap Index Scan on k_5  (cost=0.00..5.42 rows=99 width=0)
	        Index Cond: ((k >= 4455370) AND (k <= 4455470))

table 6 : explain SELECT k, c FROM sbtest6 WHERE k BETWEEN 4455370 AND 4455470
	Bitmap Heap Scan on sbtest6  (cost=5.44..393.65 rows=98 width=125)
	  Recheck Cond: ((k >= 4455370) AND (k <= 4455470))
	  ->  Bitmap Index Scan on k_6  (cost=0.00..5.42 rows=98 width=0)
	        Index Cond: ((k >= 4455370) AND (k <= 4455470))

table 7 : explain SELECT k, c FROM sbtest7 WHERE k BETWEEN 4455370 AND 4455470
	Bitmap Heap Scan on sbtest7  (cost=5.52..425.23 rows=106 width=125)
	  Recheck Cond: ((k >= 4455370) AND (k <= 4455470))
	  ->  Bitmap Index Scan on k_7  (cost=0.00..5.50 rows=106 width=0)
	        Index Cond: ((k >= 4455370) AND (k <= 4455470))

table 8 : explain SELECT k, c FROM sbtest8 WHERE k BETWEEN 4455370 AND 4455470
	Bitmap Heap Scan on sbtest8  (cost=5.48..409.46 rows=102 width=125)
	  Recheck Cond: ((k >= 4455370) AND (k <= 4455470))
	  ->  Bitmap Index Scan on k_8  (cost=0.00..5.45 rows=102 width=0)
	        Index Cond: ((k >= 4455370) AND (k <= 4455470))
for range-notcovered
table 1 : explain SELECT k, c FROM sbtest1 WHERE k BETWEEN 8296793 AND 8296893
	Bitmap Heap Scan on sbtest1  (cost=5.51..421.17 rows=105 width=125)
	  Recheck Cond: ((k >= 8296793) AND (k <= 8296893))
	  ->  Bitmap Index Scan on k_1  (cost=0.00..5.48 rows=105 width=0)
	        Index Cond: ((k >= 8296793) AND (k <= 8296893))

table 2 : explain SELECT k, c FROM sbtest2 WHERE k BETWEEN 8296793 AND 8296893
	Bitmap Heap Scan on sbtest2  (cost=5.47..405.44 rows=101 width=125)
	  Recheck Cond: ((k >= 8296793) AND (k <= 8296893))
	  ->  Bitmap Index Scan on k_2  (cost=0.00..5.44 rows=101 width=0)
	        Index Cond: ((k >= 8296793) AND (k <= 8296893))

table 3 : explain SELECT k, c FROM sbtest3 WHERE k BETWEEN 8296793 AND 8296893
	Bitmap Heap Scan on sbtest3  (cost=5.42..385.72 rows=96 width=125)
	  Recheck Cond: ((k >= 8296793) AND (k <= 8296893))
	  ->  Bitmap Index Scan on k_3  (cost=0.00..5.39 rows=96 width=0)
	        Index Cond: ((k >= 8296793) AND (k <= 8296893))

table 4 : explain SELECT k, c FROM sbtest4 WHERE k BETWEEN 8296793 AND 8296893
	Bitmap Heap Scan on sbtest4  (cost=5.36..362.07 rows=90 width=125)
	  Recheck Cond: ((k >= 8296793) AND (k <= 8296893))
	  ->  Bitmap Index Scan on k_4  (cost=0.00..5.33 rows=90 width=0)
	        Index Cond: ((k >= 8296793) AND (k <= 8296893))

table 5 : explain SELECT k, c FROM sbtest5 WHERE k BETWEEN 8296793 AND 8296893
	Bitmap Heap Scan on sbtest5  (cost=5.57..444.90 rows=111 width=125)
	  Recheck Cond: ((k >= 8296793) AND (k <= 8296893))
	  ->  Bitmap Index Scan on k_5  (cost=0.00..5.54 rows=111 width=0)
	        Index Cond: ((k >= 8296793) AND (k <= 8296893))

table 6 : explain SELECT k, c FROM sbtest6 WHERE k BETWEEN 8296793 AND 8296893
	Bitmap Heap Scan on sbtest6  (cost=5.46..401.54 rows=100 width=125)
	  Recheck Cond: ((k >= 8296793) AND (k <= 8296893))
	  ->  Bitmap Index Scan on k_6  (cost=0.00..5.43 rows=100 width=0)
	        Index Cond: ((k >= 8296793) AND (k <= 8296893))

table 7 : explain SELECT k, c FROM sbtest7 WHERE k BETWEEN 8296793 AND 8296893
	Bitmap Heap Scan on sbtest7  (cost=5.42..385.79 rows=96 width=125)
	  Recheck Cond: ((k >= 8296793) AND (k <= 8296893))
	  ->  Bitmap Index Scan on k_7  (cost=0.00..5.39 rows=96 width=0)
	        Index Cond: ((k >= 8296793) AND (k <= 8296893))

table 8 : explain SELECT k, c FROM sbtest8 WHERE k BETWEEN 8296793 AND 8296893
	Bitmap Heap Scan on sbtest8  (cost=5.44..393.68 rows=98 width=125)
	  Recheck Cond: ((k >= 8296793) AND (k <= 8296893))
	  ->  Bitmap Index Scan on k_8  (cost=0.00..5.42 rows=98 width=0)
	        Index Cond: ((k >= 8296793) AND (k <= 8296893))

for range-notcovered
table 1 : explain SELECT k, c FROM sbtest1 WHERE k BETWEEN 7575122 AND 7575222
	Bitmap Heap Scan on sbtest1  (cost=5.45..397.52 rows=99 width=125)
	  Recheck Cond: ((k >= 7575122) AND (k <= 7575222))
	  ->  Bitmap Index Scan on k_1  (cost=0.00..5.42 rows=99 width=0)
	        Index Cond: ((k >= 7575122) AND (k <= 7575222))

table 2 : explain SELECT k, c FROM sbtest2 WHERE k BETWEEN 7575122 AND 7575222
	Bitmap Heap Scan on sbtest2  (cost=5.50..417.27 rows=104 width=125)
	  Recheck Cond: ((k >= 7575122) AND (k <= 7575222))
	  ->  Bitmap Index Scan on k_2  (cost=0.00..5.47 rows=104 width=0)
	        Index Cond: ((k >= 7575122) AND (k <= 7575222))

table 3 : explain SELECT k, c FROM sbtest3 WHERE k BETWEEN 7575122 AND 7575222
	Bitmap Heap Scan on sbtest3  (cost=5.51..421.21 rows=105 width=125)
	  Recheck Cond: ((k >= 7575122) AND (k <= 7575222))
	  ->  Bitmap Index Scan on k_3  (cost=0.00..5.48 rows=105 width=0)
	        Index Cond: ((k >= 7575122) AND (k <= 7575222))

table 4 : explain SELECT k, c FROM sbtest4 WHERE k BETWEEN 7575122 AND 7575222
	Bitmap Heap Scan on sbtest4  (cost=5.51..421.25 rows=105 width=125)
	  Recheck Cond: ((k >= 7575122) AND (k <= 7575222))
	  ->  Bitmap Index Scan on k_4  (cost=0.00..5.48 rows=105 width=0)
	        Index Cond: ((k >= 7575122) AND (k <= 7575222))

table 5 : explain SELECT k, c FROM sbtest5 WHERE k BETWEEN 7575122 AND 7575222
	Bitmap Heap Scan on sbtest5  (cost=5.47..405.48 rows=101 width=125)
	  Recheck Cond: ((k >= 7575122) AND (k <= 7575222))
	  ->  Bitmap Index Scan on k_5  (cost=0.00..5.44 rows=101 width=0)
	        Index Cond: ((k >= 7575122) AND (k <= 7575222))

table 6 : explain SELECT k, c FROM sbtest6 WHERE k BETWEEN 7575122 AND 7575222
	Bitmap Heap Scan on sbtest6  (cost=5.41..381.81 rows=95 width=125)
	  Recheck Cond: ((k >= 7575122) AND (k <= 7575222))
	  ->  Bitmap Index Scan on k_6  (cost=0.00..5.38 rows=95 width=0)
	        Index Cond: ((k >= 7575122) AND (k <= 7575222))

table 7 : explain SELECT k, c FROM sbtest7 WHERE k BETWEEN 7575122 AND 7575222
	Bitmap Heap Scan on sbtest7  (cost=5.45..397.63 rows=99 width=125)
	  Recheck Cond: ((k >= 7575122) AND (k <= 7575222))
	  ->  Bitmap Index Scan on k_7  (cost=0.00..5.42 rows=99 width=0)
	        Index Cond: ((k >= 7575122) AND (k <= 7575222))

table 8 : explain SELECT k, c FROM sbtest8 WHERE k BETWEEN 7575122 AND 7575222
	Bitmap Heap Scan on sbtest8  (cost=5.49..413.40 rows=103 width=125)
	  Recheck Cond: ((k >= 7575122) AND (k <= 7575222))
	  ->  Bitmap Index Scan on k_8  (cost=0.00..5.46 rows=103 width=0)
	        Index Cond: ((k >= 7575122) AND (k <= 7575222))

for range-notcovered
table 1 : explain SELECT k, c FROM sbtest1 WHERE k BETWEEN 4249789 AND 4249889
	Bitmap Heap Scan on sbtest1  (cost=5.49..413.29 rows=103 width=125)
	  Recheck Cond: ((k >= 4249789) AND (k <= 4249889))
	  ->  Bitmap Index Scan on k_1  (cost=0.00..5.46 rows=103 width=0)
	        Index Cond: ((k >= 4249789) AND (k <= 4249889))

table 2 : explain SELECT k, c FROM sbtest2 WHERE k BETWEEN 4249789 AND 4249889
	Bitmap Heap Scan on sbtest2  (cost=5.55..436.97 rows=109 width=125)
	  Recheck Cond: ((k >= 4249789) AND (k <= 4249889))
	  ->  Bitmap Index Scan on k_2  (cost=0.00..5.52 rows=109 width=0)
	        Index Cond: ((k >= 4249789) AND (k <= 4249889))

table 3 : explain SELECT k, c FROM sbtest3 WHERE k BETWEEN 4249789 AND 4249889
	Bitmap Heap Scan on sbtest3  (cost=5.47..405.44 rows=101 width=125)
	  Recheck Cond: ((k >= 4249789) AND (k <= 4249889))
	  ->  Bitmap Index Scan on k_3  (cost=0.00..5.44 rows=101 width=0)
	        Index Cond: ((k >= 4249789) AND (k <= 4249889))

table 4 : explain SELECT k, c FROM sbtest4 WHERE k BETWEEN 4249789 AND 4249889
	Bitmap Heap Scan on sbtest4  (cost=5.43..389.70 rows=97 width=125)
	  Recheck Cond: ((k >= 4249789) AND (k <= 4249889))
	  ->  Bitmap Index Scan on k_4  (cost=0.00..5.40 rows=97 width=0)
	        Index Cond: ((k >= 4249789) AND (k <= 4249889))

table 5 : explain SELECT k, c FROM sbtest5 WHERE k BETWEEN 4249789 AND 4249889
	Bitmap Heap Scan on sbtest5  (cost=5.41..381.81 rows=95 width=125)
	  Recheck Cond: ((k >= 4249789) AND (k <= 4249889))
	  ->  Bitmap Index Scan on k_5  (cost=0.00..5.38 rows=95 width=0)
	        Index Cond: ((k >= 4249789) AND (k <= 4249889))

table 6 : explain SELECT k, c FROM sbtest6 WHERE k BETWEEN 4249789 AND 4249889
	Bitmap Heap Scan on sbtest6  (cost=5.48..409.42 rows=102 width=125)
	  Recheck Cond: ((k >= 4249789) AND (k <= 4249889))
	  ->  Bitmap Index Scan on k_6  (cost=0.00..5.45 rows=102 width=0)
	        Index Cond: ((k >= 4249789) AND (k <= 4249889))

table 7 : explain SELECT k, c FROM sbtest7 WHERE k BETWEEN 4249789 AND 4249889
	Bitmap Heap Scan on sbtest7  (cost=5.45..397.63 rows=99 width=125)
	  Recheck Cond: ((k >= 4249789) AND (k <= 4249889))
	  ->  Bitmap Index Scan on k_7  (cost=0.00..5.42 rows=99 width=0)
	        Index Cond: ((k >= 4249789) AND (k <= 4249889))

table 8 : explain SELECT k, c FROM sbtest8 WHERE k BETWEEN 4249789 AND 4249889
	Bitmap Heap Scan on sbtest8  (cost=5.51..421.29 rows=105 width=125)
	  Recheck Cond: ((k >= 4249789) AND (k <= 4249889))
	  ->  Bitmap Index Scan on k_8  (cost=0.00..5.48 rows=105 width=0)
	        Index Cond: ((k >= 4249789) AND (k <= 4249889))
explain: for range-notcovered :: explain SELECT k, c FROM sbtest%d WHERE k BETWEEN 4243065 AND 4243165

for range-notcovered
table 1 : explain SELECT k, c FROM sbtest1 WHERE k BETWEEN 3346171 AND 3346271
	Bitmap Heap Scan on sbtest1  (cost=5.49..413.29 rows=103 width=125)
	  Recheck Cond: ((k >= 3346171) AND (k <= 3346271))
	  ->  Bitmap Index Scan on k_1  (cost=0.00..5.46 rows=103 width=0)
	        Index Cond: ((k >= 3346171) AND (k <= 3346271))

table 2 : explain SELECT k, c FROM sbtest2 WHERE k BETWEEN 3346171 AND 3346271
	Bitmap Heap Scan on sbtest2  (cost=5.53..429.09 rows=107 width=125)
	  Recheck Cond: ((k >= 3346171) AND (k <= 3346271))
	  ->  Bitmap Index Scan on k_2  (cost=0.00..5.50 rows=107 width=0)
	        Index Cond: ((k >= 3346171) AND (k <= 3346271))

table 3 : explain SELECT k, c FROM sbtest3 WHERE k BETWEEN 3346171 AND 3346271
	Bitmap Heap Scan on sbtest3  (cost=5.62..464.54 rows=116 width=125)
	  Recheck Cond: ((k >= 3346171) AND (k <= 3346271))
	  ->  Bitmap Index Scan on k_3  (cost=0.00..5.59 rows=116 width=0)
	        Index Cond: ((k >= 3346171) AND (k <= 3346271))

table 4 : explain SELECT k, c FROM sbtest4 WHERE k BETWEEN 3346171 AND 3346271
	Bitmap Heap Scan on sbtest4  (cost=5.57..444.89 rows=111 width=125)
	  Recheck Cond: ((k >= 3346171) AND (k <= 3346271))
	  ->  Bitmap Index Scan on k_4  (cost=0.00..5.54 rows=111 width=0)
	        Index Cond: ((k >= 3346171) AND (k <= 3346271))

table 5 : explain SELECT k, c FROM sbtest5 WHERE k BETWEEN 3346171 AND 3346271
	Bitmap Heap Scan on sbtest5  (cost=5.53..429.13 rows=107 width=125)
	  Recheck Cond: ((k >= 3346171) AND (k <= 3346271))
	  ->  Bitmap Index Scan on k_5  (cost=0.00..5.50 rows=107 width=0)
	        Index Cond: ((k >= 3346171) AND (k <= 3346271))

table 6 : explain SELECT k, c FROM sbtest6 WHERE k BETWEEN 3346171 AND 3346271
	Bitmap Heap Scan on sbtest6  (cost=5.45..397.59 rows=99 width=125)
	  Recheck Cond: ((k >= 3346171) AND (k <= 3346271))
	  ->  Bitmap Index Scan on k_6  (cost=0.00..5.42 rows=99 width=0)
	        Index Cond: ((k >= 3346171) AND (k <= 3346271))

table 7 : explain SELECT k, c FROM sbtest7 WHERE k BETWEEN 3346171 AND 3346271
	Bitmap Heap Scan on sbtest7  (cost=5.38..370.01 rows=92 width=125)
	  Recheck Cond: ((k >= 3346171) AND (k <= 3346271))
	  ->  Bitmap Index Scan on k_7  (cost=0.00..5.35 rows=92 width=0)
	        Index Cond: ((k >= 3346171) AND (k <= 3346271))

table 8 : explain SELECT k, c FROM sbtest8 WHERE k BETWEEN 3346171 AND 3346271
	Bitmap Heap Scan on sbtest8  (cost=5.49..413.40 rows=103 width=125)
	  Recheck Cond: ((k >= 3346171) AND (k <= 3346271))
	  ->  Bitmap Index Scan on k_8  (cost=0.00..5.46 rows=103 width=0)
	        Index Cond: ((k >= 3346171) AND (k <= 3346271))
for range-notcovered
table 1 : explain SELECT k, c FROM sbtest1 WHERE k BETWEEN 6904500 AND 6904600
	Bitmap Heap Scan on sbtest1  (cost=5.56..440.87 rows=110 width=125)
	  Recheck Cond: ((k >= 6904500) AND (k <= 6904600))
	  ->  Bitmap Index Scan on k_1  (cost=0.00..5.53 rows=110 width=0)
	        Index Cond: ((k >= 6904500) AND (k <= 6904600))

table 2 : explain SELECT k, c FROM sbtest2 WHERE k BETWEEN 6904500 AND 6904600
	Bitmap Heap Scan on sbtest2  (cost=5.49..413.32 rows=103 width=125)
	  Recheck Cond: ((k >= 6904500) AND (k <= 6904600))
	  ->  Bitmap Index Scan on k_2  (cost=0.00..5.46 rows=103 width=0)
	        Index Cond: ((k >= 6904500) AND (k <= 6904600))

table 3 : explain SELECT k, c FROM sbtest3 WHERE k BETWEEN 6904500 AND 6904600
	Bitmap Heap Scan on sbtest3  (cost=5.49..413.33 rows=103 width=125)
	  Recheck Cond: ((k >= 6904500) AND (k <= 6904600))
	  ->  Bitmap Index Scan on k_3  (cost=0.00..5.46 rows=103 width=0)
	        Index Cond: ((k >= 6904500) AND (k <= 6904600))

table 4 : explain SELECT k, c FROM sbtest4 WHERE k BETWEEN 6904500 AND 6904600
	Bitmap Heap Scan on sbtest4  (cost=5.38..369.97 rows=92 width=125)
	  Recheck Cond: ((k >= 6904500) AND (k <= 6904600))
	  ->  Bitmap Index Scan on k_4  (cost=0.00..5.35 rows=92 width=0)
	        Index Cond: ((k >= 6904500) AND (k <= 6904600))

table 5 : explain SELECT k, c FROM sbtest5 WHERE k BETWEEN 6904500 AND 6904600
	Bitmap Heap Scan on sbtest5  (cost=5.45..397.59 rows=99 width=125)
	  Recheck Cond: ((k >= 6904500) AND (k <= 6904600))
	  ->  Bitmap Index Scan on k_5  (cost=0.00..5.42 rows=99 width=0)
	        Index Cond: ((k >= 6904500) AND (k <= 6904600))

table 6 : explain SELECT k, c FROM sbtest6 WHERE k BETWEEN 6904500 AND 6904600
	Bitmap Heap Scan on sbtest6  (cost=5.49..413.37 rows=103 width=125)
	  Recheck Cond: ((k >= 6904500) AND (k <= 6904600))
	  ->  Bitmap Index Scan on k_6  (cost=0.00..5.46 rows=103 width=0)
	        Index Cond: ((k >= 6904500) AND (k <= 6904600))

table 7 : explain SELECT k, c FROM sbtest7 WHERE k BETWEEN 6904500 AND 6904600
	Bitmap Heap Scan on sbtest7  (cost=5.45..397.63 rows=99 width=125)
	  Recheck Cond: ((k >= 6904500) AND (k <= 6904600))
	  ->  Bitmap Index Scan on k_7  (cost=0.00..5.42 rows=99 width=0)
	        Index Cond: ((k >= 6904500) AND (k <= 6904600))

table 8 : explain SELECT k, c FROM sbtest8 WHERE k BETWEEN 6904500 AND 6904600
	Bitmap Heap Scan on sbtest8  (cost=5.51..421.29 rows=105 width=125)
	  Recheck Cond: ((k >= 6904500) AND (k <= 6904600))
	  ->  Bitmap Index Scan on k_8  (cost=0.00..5.48 rows=105 width=0)
	        Index Cond: ((k >= 6904500) AND (k <= 6904600))

for range-notcovered
table 1 : explain SELECT k, c FROM sbtest1 WHERE k BETWEEN 420332 AND 420432
	Bitmap Heap Scan on sbtest1  (cost=5.57..444.80 rows=111 width=125)
	  Recheck Cond: ((k >= 420332) AND (k <= 420432))
	  ->  Bitmap Index Scan on k_1  (cost=0.00..5.54 rows=111 width=0)
	        Index Cond: ((k >= 420332) AND (k <= 420432))

table 2 : explain SELECT k, c FROM sbtest2 WHERE k BETWEEN 420332 AND 420432
	Bitmap Heap Scan on sbtest2  (cost=5.44..393.61 rows=98 width=125)
	  Recheck Cond: ((k >= 420332) AND (k <= 420432))
	  ->  Bitmap Index Scan on k_2  (cost=0.00..5.42 rows=98 width=0)
	        Index Cond: ((k >= 420332) AND (k <= 420432))

table 3 : explain SELECT k, c FROM sbtest3 WHERE k BETWEEN 420332 AND 420432
	Bitmap Heap Scan on sbtest3  (cost=5.61..460.60 rows=115 width=125)
	  Recheck Cond: ((k >= 420332) AND (k <= 420432))
	  ->  Bitmap Index Scan on k_3  (cost=0.00..5.58 rows=115 width=0)
	        Index Cond: ((k >= 420332) AND (k <= 420432))

table 4 : explain SELECT k, c FROM sbtest4 WHERE k BETWEEN 420332 AND 420432
	Bitmap Heap Scan on sbtest4  (cost=5.47..405.48 rows=101 width=125)
	  Recheck Cond: ((k >= 420332) AND (k <= 420432))
	  ->  Bitmap Index Scan on k_4  (cost=0.00..5.44 rows=101 width=0)
	        Index Cond: ((k >= 420332) AND (k <= 420432))

table 5 : explain SELECT k, c FROM sbtest5 WHERE k BETWEEN 420332 AND 420432
	Bitmap Heap Scan on sbtest5  (cost=5.49..413.37 rows=103 width=125)
	  Recheck Cond: ((k >= 420332) AND (k <= 420432))
	  ->  Bitmap Index Scan on k_5  (cost=0.00..5.46 rows=103 width=0)
	        Index Cond: ((k >= 420332) AND (k <= 420432))

table 6 : explain SELECT k, c FROM sbtest6 WHERE k BETWEEN 420332 AND 420432
	Bitmap Heap Scan on sbtest6  (cost=5.47..405.48 rows=101 width=125)
	  Recheck Cond: ((k >= 420332) AND (k <= 420432))
	  ->  Bitmap Index Scan on k_6  (cost=0.00..5.44 rows=101 width=0)
	        Index Cond: ((k >= 420332) AND (k <= 420432))

table 7 : explain SELECT k, c FROM sbtest7 WHERE k BETWEEN 420332 AND 420432
	Bitmap Heap Scan on sbtest7  (cost=5.47..405.52 rows=101 width=125)
	  Recheck Cond: ((k >= 420332) AND (k <= 420432))
	  ->  Bitmap Index Scan on k_7  (cost=0.00..5.44 rows=101 width=0)
	        Index Cond: ((k >= 420332) AND (k <= 420432))

table 8 : explain SELECT k, c FROM sbtest8 WHERE k BETWEEN 420332 AND 420432
	Bitmap Heap Scan on sbtest8  (cost=5.51..421.29 rows=105 width=125)
	  Recheck Cond: ((k >= 420332) AND (k <= 420432))
	  ->  Bitmap Index Scan on k_8  (cost=0.00..5.48 rows=105 width=0)
	        Index Cond: ((k >= 420332) AND (k <= 420432))
explain: for range-notcovered :: explain SELECT k, c FROM sbtest%d WHERE k BETWEEN 8296793 AND 8296893

explain: for range-notcovered :: explain SELECT k, c FROM sbtest%d WHERE k BETWEEN 3944438 AND 3944538explain: for range-notcovered :: explain SELECT k, c FROM sbtest%d WHERE k BETWEEN 6737646 AND 6737746for range-notcovered
table 1 : explain SELECT k, c FROM sbtest1 WHERE k BETWEEN 6091251 AND 6091351
	Bitmap Heap Scan on sbtest1  (cost=5.45..397.52 rows=99 width=125)
	  Recheck Cond: ((k >= 6091251) AND (k <= 6091351))
	  ->  Bitmap Index Scan on k_1  (cost=0.00..5.42 rows=99 width=0)
	        Index Cond: ((k >= 6091251) AND (k <= 6091351))

table 2 : explain SELECT k, c FROM sbtest2 WHERE k BETWEEN 6091251 AND 6091351
	Bitmap Heap Scan on sbtest2  (cost=5.48..409.38 rows=102 width=125)
	  Recheck Cond: ((k >= 6091251) AND (k <= 6091351))
	  ->  Bitmap Index Scan on k_2  (cost=0.00..5.45 rows=102 width=0)
	        Index Cond: ((k >= 6091251) AND (k <= 6091351))

table 3 : explain SELECT k, c FROM sbtest3 WHERE k BETWEEN 6091251 AND 6091351
	Bitmap Heap Scan on sbtest3  (cost=5.55..436.97 rows=109 width=125)
	  Recheck Cond: ((k >= 6091251) AND (k <= 6091351))
	  ->  Bitmap Index Scan on k_3  (cost=0.00..5.52 rows=109 width=0)
	        Index Cond: ((k >= 6091251) AND (k <= 6091351))

table 4 : explain SELECT k, c FROM sbtest4 WHERE k BETWEEN 6091251 AND 6091351
	Bitmap Heap Scan on sbtest4  (cost=5.49..413.36 rows=103 width=125)
	  Recheck Cond: ((k >= 6091251) AND (k <= 6091351))
	  ->  Bitmap Index Scan on k_4  (cost=0.00..5.46 rows=103 width=0)
	        Index Cond: ((k >= 6091251) AND (k <= 6091351))

table 5 : explain SELECT k, c FROM sbtest5 WHERE k BETWEEN 6091251 AND 6091351
	Bitmap Heap Scan on sbtest5  (cost=5.58..448.83 rows=112 width=125)
	  Recheck Cond: ((k >= 6091251) AND (k <= 6091351))
	  ->  Bitmap Index Scan on k_5  (cost=0.00..5.55 rows=112 width=0)
	        Index Cond: ((k >= 6091251) AND (k <= 6091351))

table 6 : explain SELECT k, c FROM sbtest6 WHERE k BETWEEN 6091251 AND 6091351
	Bitmap Heap Scan on sbtest6  (cost=5.43..389.70 rows=97 width=125)
	  Recheck Cond: ((k >= 6091251) AND (k <= 6091351))
	  ->  Bitmap Index Scan on k_6  (cost=0.00..5.40 rows=97 width=0)
	        Index Cond: ((k >= 6091251) AND (k <= 6091351))

table 7 : explain SELECT k, c FROM sbtest7 WHERE k BETWEEN 6091251 AND 6091351
	Bitmap Heap Scan on sbtest7  (cost=5.47..405.52 rows=101 width=125)
	  Recheck Cond: ((k >= 6091251) AND (k <= 6091351))
	  ->  Bitmap Index Scan on k_7  (cost=0.00..5.44 rows=101 width=0)
	        Index Cond: ((k >= 6091251) AND (k <= 6091351))

table 8 : explain SELECT k, c FROM sbtest8 WHERE k BETWEEN 6091251 AND 6091351
	Bitmap Heap Scan on sbtest8  (cost=5.44..393.68 rows=98 width=125)
	  Recheck Cond: ((k >= 6091251) AND (k <= 6091351))
	  ->  Bitmap Index Scan on k_8  (cost=0.00..5.42 rows=98 width=0)
	        Index Cond: ((k >= 6091251) AND (k <= 6091351))

explain: for range-notcovered :: explain SELECT k, c FROM sbtest%d WHERE k BETWEEN 6904500 AND 6904600for range-notcovered
table 1 : explain SELECT k, c FROM sbtest1 WHERE k BETWEEN 8443156 AND 8443256
	Bitmap Heap Scan on sbtest1  (cost=5.54..432.99 rows=108 width=125)
	  Recheck Cond: ((k >= 8443156) AND (k <= 8443256))
	  ->  Bitmap Index Scan on k_1  (cost=0.00..5.51 rows=108 width=0)
	        Index Cond: ((k >= 8443156) AND (k <= 8443256))

table 2 : explain SELECT k, c FROM sbtest2 WHERE k BETWEEN 8443156 AND 8443256
	Bitmap Heap Scan on sbtest2  (cost=5.55..436.97 rows=109 width=125)
	  Recheck Cond: ((k >= 8443156) AND (k <= 8443256))
	  ->  Bitmap Index Scan on k_2  (cost=0.00..5.52 rows=109 width=0)
	        Index Cond: ((k >= 8443156) AND (k <= 8443256))

table 3 : explain SELECT k, c FROM sbtest3 WHERE k BETWEEN 8443156 AND 8443256
	Bitmap Heap Scan on sbtest3  (cost=5.36..362.05 rows=90 width=125)
	  Recheck Cond: ((k >= 8443156) AND (k <= 8443256))
	  ->  Bitmap Index Scan on k_3  (cost=0.00..5.33 rows=90 width=0)
	        Index Cond: ((k >= 8443156) AND (k <= 8443256))

table 4 : explain SELECT k, c FROM sbtest4 WHERE k BETWEEN 8443156 AND 8443256
	Bitmap Heap Scan on sbtest4  (cost=5.46..401.53 rows=100 width=125)
	  Recheck Cond: ((k >= 8443156) AND (k <= 8443256))
	  ->  Bitmap Index Scan on k_4  (cost=0.00..5.43 rows=100 width=0)
	        Index Cond: ((k >= 8443156) AND (k <= 8443256))

table 5 : explain SELECT k, c FROM sbtest5 WHERE k BETWEEN 8443156 AND 8443256
	Bitmap Heap Scan on sbtest5  (cost=5.44..393.65 rows=98 width=125)
	  Recheck Cond: ((k >= 8443156) AND (k <= 8443256))
	  ->  Bitmap Index Scan on k_5  (cost=0.00..5.42 rows=98 width=0)
	        Index Cond: ((k >= 8443156) AND (k <= 8443256))

table 6 : explain SELECT k, c FROM sbtest6 WHERE k BETWEEN 8443156 AND 8443256
	Bitmap Heap Scan on sbtest6  (cost=5.37..366.03 rows=91 width=125)
	  Recheck Cond: ((k >= 8443156) AND (k <= 8443256))
	  ->  Bitmap Index Scan on k_6  (cost=0.00..5.34 rows=91 width=0)
	        Index Cond: ((k >= 8443156) AND (k <= 8443256))

table 7 : explain SELECT k, c FROM sbtest7 WHERE k BETWEEN 8443156 AND 8443256
	Bitmap Heap Scan on sbtest7  (cost=5.45..397.63 rows=99 width=125)
	  Recheck Cond: ((k >= 8443156) AND (k <= 8443256))
	  ->  Bitmap Index Scan on k_7  (cost=0.00..5.42 rows=99 width=0)
	        Index Cond: ((k >= 8443156) AND (k <= 8443256))

table 8 : explain SELECT k, c FROM sbtest8 WHERE k BETWEEN 8443156 AND 8443256
	Bitmap Heap Scan on sbtest8  (cost=5.51..421.29 rows=105 width=125)
	  Recheck Cond: ((k >= 8443156) AND (k <= 8443256))
	  ->  Bitmap Index Scan on k_8  (cost=0.00..5.48 rows=105 width=0)
	        Index Cond: ((k >= 8443156) AND (k <= 8443256))


for range-notcovered
table 1 : explain SELECT k, c FROM sbtest1 WHERE k BETWEEN 4704269 AND 4704369
	Bitmap Heap Scan on sbtest1  (cost=5.47..405.40 rows=101 width=125)
	  Recheck Cond: ((k >= 4704269) AND (k <= 4704369))
	  ->  Bitmap Index Scan on k_1  (cost=0.00..5.44 rows=101 width=0)
	        Index Cond: ((k >= 4704269) AND (k <= 4704369))

table 2 : explain SELECT k, c FROM sbtest2 WHERE k BETWEEN 4704269 AND 4704369
	Bitmap Heap Scan on sbtest2  (cost=5.55..436.97 rows=109 width=125)
	  Recheck Cond: ((k >= 4704269) AND (k <= 4704369))
	  ->  Bitmap Index Scan on k_2  (cost=0.00..5.52 rows=109 width=0)
	        Index Cond: ((k >= 4704269) AND (k <= 4704369))

table 3 : explain SELECT k, c FROM sbtest3 WHERE k BETWEEN 4704269 AND 4704369
	Bitmap Heap Scan on sbtest3  (cost=5.44..393.61 rows=98 width=125)
	  Recheck Cond: ((k >= 4704269) AND (k <= 4704369))
	  ->  Bitmap Index Scan on k_3  (cost=0.00..5.42 rows=98 width=0)
	        Index Cond: ((k >= 4704269) AND (k <= 4704369))

table 4 : explain SELECT k, c FROM sbtest4 WHERE k BETWEEN 4704269 AND 4704369
	Bitmap Heap Scan on sbtest4  (cost=5.56..440.95 rows=110 width=125)
	  Recheck Cond: ((k >= 4704269) AND (k <= 4704369))
	  ->  Bitmap Index Scan on k_4  (cost=0.00..5.53 rows=110 width=0)
	        Index Cond: ((k >= 4704269) AND (k <= 4704369))

table 5 : explain SELECT k, c FROM sbtest5 WHERE k BETWEEN 4704269 AND 4704369
	Bitmap Heap Scan on sbtest5  (cost=5.48..409.42 rows=102 width=125)
	  Recheck Cond: ((k >= 4704269) AND (k <= 4704369))
	  ->  Bitmap Index Scan on k_5  (cost=0.00..5.45 rows=102 width=0)
	        Index Cond: ((k >= 4704269) AND (k <= 4704369))

table 6 : explain SELECT k, c FROM sbtest6 WHERE k BETWEEN 4704269 AND 4704369
	Bitmap Heap Scan on sbtest6  (cost=5.46..401.54 rows=100 width=125)
	  Recheck Cond: ((k >= 4704269) AND (k <= 4704369))
	  ->  Bitmap Index Scan on k_6  (cost=0.00..5.43 rows=100 width=0)
	        Index Cond: ((k >= 4704269) AND (k <= 4704369))

table 7 : explain SELECT k, c FROM sbtest7 WHERE k BETWEEN 4704269 AND 4704369
	Bitmap Heap Scan on sbtest7  (cost=5.43..389.74 rows=97 width=125)
	  Recheck Cond: ((k >= 4704269) AND (k <= 4704369))
	  ->  Bitmap Index Scan on k_7  (cost=0.00..5.40 rows=97 width=0)
	        Index Cond: ((k >= 4704269) AND (k <= 4704369))

table 8 : explain SELECT k, c FROM sbtest8 WHERE k BETWEEN 4704269 AND 4704369
	Bitmap Heap Scan on sbtest8  (cost=5.48..409.46 rows=102 width=125)
	  Recheck Cond: ((k >= 4704269) AND (k <= 4704369))
	  ->  Bitmap Index Scan on k_8  (cost=0.00..5.45 rows=102 width=0)
	        Index Cond: ((k >= 4704269) AND (k <= 4704369))

explain: for range-notcovered :: explain SELECT k, c FROM sbtest%d WHERE k BETWEEN 7804666 AND 7804766


explain: for range-notcovered :: explain SELECT k, c FROM sbtest%d WHERE k BETWEEN 4455370 AND 4455470

for range-notcovered
table 1 : explain SELECT k, c FROM sbtest1 WHERE k BETWEEN 5860106 AND 5860206
	Bitmap Heap Scan on sbtest1  (cost=5.43..389.63 rows=97 width=125)
	  Recheck Cond: ((k >= 5860106) AND (k <= 5860206))
	  ->  Bitmap Index Scan on k_1  (cost=0.00..5.40 rows=97 width=0)
	        Index Cond: ((k >= 5860106) AND (k <= 5860206))

table 2 : explain SELECT k, c FROM sbtest2 WHERE k BETWEEN 5860106 AND 5860206
	Bitmap Heap Scan on sbtest2  (cost=5.47..405.44 rows=101 width=125)
	  Recheck Cond: ((k >= 5860106) AND (k <= 5860206))
	  ->  Bitmap Index Scan on k_2  (cost=0.00..5.44 rows=101 width=0)
	        Index Cond: ((k >= 5860106) AND (k <= 5860206))

table 3 : explain SELECT k, c FROM sbtest3 WHERE k BETWEEN 5860106 AND 5860206
	Bitmap Heap Scan on sbtest3  (cost=5.51..421.21 rows=105 width=125)
	  Recheck Cond: ((k >= 5860106) AND (k <= 5860206))
	  ->  Bitmap Index Scan on k_3  (cost=0.00..5.48 rows=105 width=0)
	        Index Cond: ((k >= 5860106) AND (k <= 5860206))

table 4 : explain SELECT k, c FROM sbtest4 WHERE k BETWEEN 5860106 AND 5860206
	Bitmap Heap Scan on sbtest4  (cost=5.52..425.19 rows=106 width=125)
	  Recheck Cond: ((k >= 5860106) AND (k <= 5860206))
	  ->  Bitmap Index Scan on k_4  (cost=0.00..5.50 rows=106 width=0)
	        Index Cond: ((k >= 5860106) AND (k <= 5860206))

table 5 : explain SELECT k, c FROM sbtest5 WHERE k BETWEEN 5860106 AND 5860206
	Bitmap Heap Scan on sbtest5  (cost=5.40..377.87 rows=94 width=125)
	  Recheck Cond: ((k >= 5860106) AND (k <= 5860206))
	  ->  Bitmap Index Scan on k_5  (cost=0.00..5.38 rows=94 width=0)
	        Index Cond: ((k >= 5860106) AND (k <= 5860206))

table 6 : explain SELECT k, c FROM sbtest6 WHERE k BETWEEN 5860106 AND 5860206
	Bitmap Heap Scan on sbtest6  (cost=5.41..381.81 rows=95 width=125)
	  Recheck Cond: ((k >= 5860106) AND (k <= 5860206))
	  ->  Bitmap Index Scan on k_6  (cost=0.00..5.38 rows=95 width=0)
	        Index Cond: ((k >= 5860106) AND (k <= 5860206))

table 7 : explain SELECT k, c FROM sbtest7 WHERE k BETWEEN 5860106 AND 5860206
	Bitmap Heap Scan on sbtest7  (cost=5.57..444.94 rows=111 width=125)
	  Recheck Cond: ((k >= 5860106) AND (k <= 5860206))
	  ->  Bitmap Index Scan on k_7  (cost=0.00..5.54 rows=111 width=0)
	        Index Cond: ((k >= 5860106) AND (k <= 5860206))

table 8 : explain SELECT k, c FROM sbtest8 WHERE k BETWEEN 5860106 AND 5860206
	Bitmap Heap Scan on sbtest8  (cost=5.42..385.79 rows=96 width=125)
	  Recheck Cond: ((k >= 5860106) AND (k <= 5860206))
	  ->  Bitmap Index Scan on k_8  (cost=0.00..5.39 rows=96 width=0)
	        Index Cond: ((k >= 5860106) AND (k <= 5860206))
for range-notcovered
table 1 : explain SELECT k, c FROM sbtest1 WHERE k BETWEEN 6859512 AND 6859612
	Bitmap Heap Scan on sbtest1  (cost=5.56..440.87 rows=110 width=125)
	  Recheck Cond: ((k >= 6859512) AND (k <= 6859612))
	  ->  Bitmap Index Scan on k_1  (cost=0.00..5.53 rows=110 width=0)
	        Index Cond: ((k >= 6859512) AND (k <= 6859612))

table 2 : explain SELECT k, c FROM sbtest2 WHERE k BETWEEN 6859512 AND 6859612
	Bitmap Heap Scan on sbtest2  (cost=5.57..444.85 rows=111 width=125)
	  Recheck Cond: ((k >= 6859512) AND (k <= 6859612))
	  ->  Bitmap Index Scan on k_2  (cost=0.00..5.54 rows=111 width=0)
	        Index Cond: ((k >= 6859512) AND (k <= 6859612))

table 3 : explain SELECT k, c FROM sbtest3 WHERE k BETWEEN 6859512 AND 6859612
	Bitmap Heap Scan on sbtest3  (cost=5.43..389.67 rows=97 width=125)
	  Recheck Cond: ((k >= 6859512) AND (k <= 6859612))
	  ->  Bitmap Index Scan on k_3  (cost=0.00..5.40 rows=97 width=0)
	        Index Cond: ((k >= 6859512) AND (k <= 6859612))

table 4 : explain SELECT k, c FROM sbtest4 WHERE k BETWEEN 6859512 AND 6859612
	Bitmap Heap Scan on sbtest4  (cost=5.38..369.97 rows=92 width=125)
	  Recheck Cond: ((k >= 6859512) AND (k <= 6859612))
	  ->  Bitmap Index Scan on k_4  (cost=0.00..5.35 rows=92 width=0)
	        Index Cond: ((k >= 6859512) AND (k <= 6859612))

table 5 : explain SELECT k, c FROM sbtest5 WHERE k BETWEEN 6859512 AND 6859612
	Bitmap Heap Scan on sbtest5  (cost=5.45..397.59 rows=99 width=125)
	  Recheck Cond: ((k >= 6859512) AND (k <= 6859612))
	  ->  Bitmap Index Scan on k_5  (cost=0.00..5.42 rows=99 width=0)
	        Index Cond: ((k >= 6859512) AND (k <= 6859612))

table 6 : explain SELECT k, c FROM sbtest6 WHERE k BETWEEN 6859512 AND 6859612
	Bitmap Heap Scan on sbtest6  (cost=5.48..409.42 rows=102 width=125)
	  Recheck Cond: ((k >= 6859512) AND (k <= 6859612))
	  ->  Bitmap Index Scan on k_6  (cost=0.00..5.45 rows=102 width=0)
	        Index Cond: ((k >= 6859512) AND (k <= 6859612))

table 7 : explain SELECT k, c FROM sbtest7 WHERE k BETWEEN 6859512 AND 6859612
	Bitmap Heap Scan on sbtest7  (cost=5.45..397.63 rows=99 width=125)
	  Recheck Cond: ((k >= 6859512) AND (k <= 6859612))
	  ->  Bitmap Index Scan on k_7  (cost=0.00..5.42 rows=99 width=0)
	        Index Cond: ((k >= 6859512) AND (k <= 6859612))

table 8 : explain SELECT k, c FROM sbtest8 WHERE k BETWEEN 6859512 AND 6859612
	Bitmap Heap Scan on sbtest8  (cost=5.51..421.29 rows=105 width=125)
	  Recheck Cond: ((k >= 6859512) AND (k <= 6859612))
	  ->  Bitmap Index Scan on k_8  (cost=0.00..5.48 rows=105 width=0)
	        Index Cond: ((k >= 6859512) AND (k <= 6859612))

explain: for range-notcovered :: explain SELECT k, c FROM sbtest%d WHERE k BETWEEN 7575122 AND 7575222explain: for range-notcovered :: explain SELECT k, c FROM sbtest%d WHERE k BETWEEN 6091251 AND 6091351for range-notcovered
table 1 : explain SELECT k, c FROM sbtest1 WHERE k BETWEEN 5037553 AND 5037653
	Bitmap Heap Scan on sbtest1  (cost=5.52..425.11 rows=106 width=125)
	  Recheck Cond: ((k >= 5037553) AND (k <= 5037653))
	  ->  Bitmap Index Scan on k_1  (cost=0.00..5.50 rows=106 width=0)
	        Index Cond: ((k >= 5037553) AND (k <= 5037653))

table 2 : explain SELECT k, c FROM sbtest2 WHERE k BETWEEN 5037553 AND 5037653
	Bitmap Heap Scan on sbtest2  (cost=5.62..464.54 rows=116 width=125)
	  Recheck Cond: ((k >= 5037553) AND (k <= 5037653))
	  ->  Bitmap Index Scan on k_2  (cost=0.00..5.59 rows=116 width=0)
	        Index Cond: ((k >= 5037553) AND (k <= 5037653))

table 3 : explain SELECT k, c FROM sbtest3 WHERE k BETWEEN 5037553 AND 5037653
	Bitmap Heap Scan on sbtest3  (cost=5.51..421.21 rows=105 width=125)
	  Recheck Cond: ((k >= 5037553) AND (k <= 5037653))
	  ->  Bitmap Index Scan on k_3  (cost=0.00..5.48 rows=105 width=0)
	        Index Cond: ((k >= 5037553) AND (k <= 5037653))

table 4 : explain SELECT k, c FROM sbtest4 WHERE k BETWEEN 5037553 AND 5037653
	Bitmap Heap Scan on sbtest4  (cost=5.48..409.42 rows=102 width=125)
	  Recheck Cond: ((k >= 5037553) AND (k <= 5037653))
	  ->  Bitmap Index Scan on k_4  (cost=0.00..5.45 rows=102 width=0)
	        Index Cond: ((k >= 5037553) AND (k <= 5037653))

table 5 : explain SELECT k, c FROM sbtest5 WHERE k BETWEEN 5037553 AND 5037653
	Bitmap Heap Scan on sbtest5  (cost=5.55..437.02 rows=109 width=125)
	  Recheck Cond: ((k >= 5037553) AND (k <= 5037653))
	  ->  Bitmap Index Scan on k_5  (cost=0.00..5.52 rows=109 width=0)
	        Index Cond: ((k >= 5037553) AND (k <= 5037653))

table 6 : explain SELECT k, c FROM sbtest6 WHERE k BETWEEN 5037553 AND 5037653
	Bitmap Heap Scan on sbtest6  (cost=5.47..405.48 rows=101 width=125)
	  Recheck Cond: ((k >= 5037553) AND (k <= 5037653))
	  ->  Bitmap Index Scan on k_6  (cost=0.00..5.44 rows=101 width=0)
	        Index Cond: ((k >= 5037553) AND (k <= 5037653))

table 7 : explain SELECT k, c FROM sbtest7 WHERE k BETWEEN 5037553 AND 5037653
	Bitmap Heap Scan on sbtest7  (cost=5.41..381.85 rows=95 width=125)
	  Recheck Cond: ((k >= 5037553) AND (k <= 5037653))
	  ->  Bitmap Index Scan on k_7  (cost=0.00..5.38 rows=95 width=0)
	        Index Cond: ((k >= 5037553) AND (k <= 5037653))

table 8 : explain SELECT k, c FROM sbtest8 WHERE k BETWEEN 5037553 AND 5037653
	Bitmap Heap Scan on sbtest8  (cost=5.42..385.79 rows=96 width=125)
	  Recheck Cond: ((k >= 5037553) AND (k <= 5037653))
	  ->  Bitmap Index Scan on k_8  (cost=0.00..5.39 rows=96 width=0)
	        Index Cond: ((k >= 5037553) AND (k <= 5037653))

explain: for range-notcovered :: explain SELECT k, c FROM sbtest%d WHERE k BETWEEN 4249789 AND 4249889
explain: for range-notcovered :: explain SELECT k, c FROM sbtest%d WHERE k BETWEEN 420332 AND 420432
for range-notcovered
table 1 : explain SELECT k, c FROM sbtest1 WHERE k BETWEEN 2639083 AND 2639183
	Bitmap Heap Scan on sbtest1  (cost=5.48..409.34 rows=102 width=125)
	  Recheck Cond: ((k >= 2639083) AND (k <= 2639183))
	  ->  Bitmap Index Scan on k_1  (cost=0.00..5.45 rows=102 width=0)
	        Index Cond: ((k >= 2639083) AND (k <= 2639183))

table 2 : explain SELECT k, c FROM sbtest2 WHERE k BETWEEN 2639083 AND 2639183
	Bitmap Heap Scan on sbtest2  (cost=5.61..460.60 rows=115 width=125)
	  Recheck Cond: ((k >= 2639083) AND (k <= 2639183))
	  ->  Bitmap Index Scan on k_2  (cost=0.00..5.58 rows=115 width=0)
	        Index Cond: ((k >= 2639083) AND (k <= 2639183))

table 3 : explain SELECT k, c FROM sbtest3 WHERE k BETWEEN 2639083 AND 2639183
	Bitmap Heap Scan on sbtest3  (cost=5.47..405.44 rows=101 width=125)
	  Recheck Cond: ((k >= 2639083) AND (k <= 2639183))
	  ->  Bitmap Index Scan on k_3  (cost=0.00..5.44 rows=101 width=0)
	        Index Cond: ((k >= 2639083) AND (k <= 2639183))

table 4 : explain SELECT k, c FROM sbtest4 WHERE k BETWEEN 2639083 AND 2639183
	Bitmap Heap Scan on sbtest4  (cost=5.53..429.13 rows=107 width=125)
	  Recheck Cond: ((k >= 2639083) AND (k <= 2639183))
	  ->  Bitmap Index Scan on k_4  (cost=0.00..5.50 rows=107 width=0)
	        Index Cond: ((k >= 2639083) AND (k <= 2639183))

table 5 : explain SELECT k, c FROM sbtest5 WHERE k BETWEEN 2639083 AND 2639183
	Bitmap Heap Scan on sbtest5  (cost=5.49..413.37 rows=103 width=125)
	  Recheck Cond: ((k >= 2639083) AND (k <= 2639183))
	  ->  Bitmap Index Scan on k_5  (cost=0.00..5.46 rows=103 width=0)
	        Index Cond: ((k >= 2639083) AND (k <= 2639183))

table 6 : explain SELECT k, c FROM sbtest6 WHERE k BETWEEN 2639083 AND 2639183
	Bitmap Heap Scan on sbtest6  (cost=5.49..413.37 rows=103 width=125)
	  Recheck Cond: ((k >= 2639083) AND (k <= 2639183))
	  ->  Bitmap Index Scan on k_6  (cost=0.00..5.46 rows=103 width=0)
	        Index Cond: ((k >= 2639083) AND (k <= 2639183))

table 7 : explain SELECT k, c FROM sbtest7 WHERE k BETWEEN 2639083 AND 2639183
	Bitmap Heap Scan on sbtest7  (cost=5.52..425.23 rows=106 width=125)
	  Recheck Cond: ((k >= 2639083) AND (k <= 2639183))
	  ->  Bitmap Index Scan on k_7  (cost=0.00..5.50 rows=106 width=0)
	        Index Cond: ((k >= 2639083) AND (k <= 2639183))

table 8 : explain SELECT k, c FROM sbtest8 WHERE k BETWEEN 2639083 AND 2639183
	Bitmap Heap Scan on sbtest8  (cost=5.42..385.79 rows=96 width=125)
	  Recheck Cond: ((k >= 2639083) AND (k <= 2639183))
	  ->  Bitmap Index Scan on k_8  (cost=0.00..5.39 rows=96 width=0)
	        Index Cond: ((k >= 2639083) AND (k <= 2639183))

explain: for range-notcovered :: explain SELECT k, c FROM sbtest%d WHERE k BETWEEN 4704269 AND 4704369

for range-notcovered
table 1 : explain SELECT k, c FROM sbtest1 WHERE k BETWEEN 5522101 AND 5522201
	Bitmap Heap Scan on sbtest1  (cost=5.40..377.79 rows=94 width=125)
	  Recheck Cond: ((k >= 5522101) AND (k <= 5522201))
	  ->  Bitmap Index Scan on k_1  (cost=0.00..5.38 rows=94 width=0)
	        Index Cond: ((k >= 5522101) AND (k <= 5522201))

table 2 : explain SELECT k, c FROM sbtest2 WHERE k BETWEEN 5522101 AND 5522201
	Bitmap Heap Scan on sbtest2  (cost=5.51..421.21 rows=105 width=125)
	  Recheck Cond: ((k >= 5522101) AND (k <= 5522201))
	  ->  Bitmap Index Scan on k_2  (cost=0.00..5.48 rows=105 width=0)
	        Index Cond: ((k >= 5522101) AND (k <= 5522201))

table 3 : explain SELECT k, c FROM sbtest3 WHERE k BETWEEN 5522101 AND 5522201
	Bitmap Heap Scan on sbtest3  (cost=5.44..393.61 rows=98 width=125)
	  Recheck Cond: ((k >= 5522101) AND (k <= 5522201))
	  ->  Bitmap Index Scan on k_3  (cost=0.00..5.42 rows=98 width=0)
	        Index Cond: ((k >= 5522101) AND (k <= 5522201))

table 4 : explain SELECT k, c FROM sbtest4 WHERE k BETWEEN 5522101 AND 5522201
	Bitmap Heap Scan on sbtest4  (cost=5.40..377.86 rows=94 width=125)
	  Recheck Cond: ((k >= 5522101) AND (k <= 5522201))
	  ->  Bitmap Index Scan on k_4  (cost=0.00..5.38 rows=94 width=0)
	        Index Cond: ((k >= 5522101) AND (k <= 5522201))

table 5 : explain SELECT k, c FROM sbtest5 WHERE k BETWEEN 5522101 AND 5522201
	Bitmap Heap Scan on sbtest5  (cost=5.43..389.70 rows=97 width=125)
	  Recheck Cond: ((k >= 5522101) AND (k <= 5522201))
	  ->  Bitmap Index Scan on k_5  (cost=0.00..5.40 rows=97 width=0)
	        Index Cond: ((k >= 5522101) AND (k <= 5522201))

table 6 : explain SELECT k, c FROM sbtest6 WHERE k BETWEEN 5522101 AND 5522201
	Bitmap Heap Scan on sbtest6  (cost=5.44..393.65 rows=98 width=125)
	  Recheck Cond: ((k >= 5522101) AND (k <= 5522201))
	  ->  Bitmap Index Scan on k_6  (cost=0.00..5.42 rows=98 width=0)
	        Index Cond: ((k >= 5522101) AND (k <= 5522201))

table 7 : explain SELECT k, c FROM sbtest7 WHERE k BETWEEN 5522101 AND 5522201
	Bitmap Heap Scan on sbtest7  (cost=5.50..417.35 rows=104 width=125)
	  Recheck Cond: ((k >= 5522101) AND (k <= 5522201))
	  ->  Bitmap Index Scan on k_7  (cost=0.00..5.47 rows=104 width=0)
	        Index Cond: ((k >= 5522101) AND (k <= 5522201))

table 8 : explain SELECT k, c FROM sbtest8 WHERE k BETWEEN 5522101 AND 5522201
	Bitmap Heap Scan on sbtest8  (cost=5.48..409.46 rows=102 width=125)
	  Recheck Cond: ((k >= 5522101) AND (k <= 5522201))
	  ->  Bitmap Index Scan on k_8  (cost=0.00..5.45 rows=102 width=0)
	        Index Cond: ((k >= 5522101) AND (k <= 5522201))
for range-notcovered
table 1 : explain SELECT k, c FROM sbtest1 WHERE k BETWEEN 3394656 AND 3394756
	Bitmap Heap Scan on sbtest1  (cost=5.49..413.29 rows=103 width=125)
	  Recheck Cond: ((k >= 3394656) AND (k <= 3394756))
	  ->  Bitmap Index Scan on k_1  (cost=0.00..5.46 rows=103 width=0)
	        Index Cond: ((k >= 3394656) AND (k <= 3394756))

table 2 : explain SELECT k, c FROM sbtest2 WHERE k BETWEEN 3394656 AND 3394756
	Bitmap Heap Scan on sbtest2  (cost=5.53..429.09 rows=107 width=125)
	  Recheck Cond: ((k >= 3394656) AND (k <= 3394756))
	  ->  Bitmap Index Scan on k_2  (cost=0.00..5.50 rows=107 width=0)
	        Index Cond: ((k >= 3394656) AND (k <= 3394756))

table 3 : explain SELECT k, c FROM sbtest3 WHERE k BETWEEN 3394656 AND 3394756
	Bitmap Heap Scan on sbtest3  (cost=5.48..409.39 rows=102 width=125)
	  Recheck Cond: ((k >= 3394656) AND (k <= 3394756))
	  ->  Bitmap Index Scan on k_3  (cost=0.00..5.45 rows=102 width=0)
	        Index Cond: ((k >= 3394656) AND (k <= 3394756))

table 4 : explain SELECT k, c FROM sbtest4 WHERE k BETWEEN 3394656 AND 3394756
	Bitmap Heap Scan on sbtest4  (cost=5.42..385.75 rows=96 width=125)
	  Recheck Cond: ((k >= 3394656) AND (k <= 3394756))
	  ->  Bitmap Index Scan on k_4  (cost=0.00..5.39 rows=96 width=0)
	        Index Cond: ((k >= 3394656) AND (k <= 3394756))

table 5 : explain SELECT k, c FROM sbtest5 WHERE k BETWEEN 3394656 AND 3394756
	Bitmap Heap Scan on sbtest5  (cost=5.56..440.96 rows=110 width=125)
	  Recheck Cond: ((k >= 3394656) AND (k <= 3394756))
	  ->  Bitmap Index Scan on k_5  (cost=0.00..5.53 rows=110 width=0)
	        Index Cond: ((k >= 3394656) AND (k <= 3394756))

table 6 : explain SELECT k, c FROM sbtest6 WHERE k BETWEEN 3394656 AND 3394756
	Bitmap Heap Scan on sbtest6  (cost=5.41..381.81 rows=95 width=125)
	  Recheck Cond: ((k >= 3394656) AND (k <= 3394756))
	  ->  Bitmap Index Scan on k_6  (cost=0.00..5.38 rows=95 width=0)
	        Index Cond: ((k >= 3394656) AND (k <= 3394756))

table 7 : explain SELECT k, c FROM sbtest7 WHERE k BETWEEN 3394656 AND 3394756
	Bitmap Heap Scan on sbtest7  (cost=5.38..370.01 rows=92 width=125)
	  Recheck Cond: ((k >= 3394656) AND (k <= 3394756))
	  ->  Bitmap Index Scan on k_7  (cost=0.00..5.35 rows=92 width=0)
	        Index Cond: ((k >= 3394656) AND (k <= 3394756))

table 8 : explain SELECT k, c FROM sbtest8 WHERE k BETWEEN 3394656 AND 3394756
	Bitmap Heap Scan on sbtest8  (cost=5.49..413.40 rows=103 width=125)
	  Recheck Cond: ((k >= 3394656) AND (k <= 3394756))
	  ->  Bitmap Index Scan on k_8  (cost=0.00..5.46 rows=103 width=0)
	        Index Cond: ((k >= 3394656) AND (k <= 3394756))


for range-notcovered
table 1 : explain SELECT k, c FROM sbtest1 WHERE k BETWEEN 8623476 AND 8623576
	Bitmap Heap Scan on sbtest1  (cost=5.46..401.46 rows=100 width=125)
	  Recheck Cond: ((k >= 8623476) AND (k <= 8623576))
	  ->  Bitmap Index Scan on k_1  (cost=0.00..5.43 rows=100 width=0)
	        Index Cond: ((k >= 8623476) AND (k <= 8623576))

table 2 : explain SELECT k, c FROM sbtest2 WHERE k BETWEEN 8623476 AND 8623576
	Bitmap Heap Scan on sbtest2  (cost=5.61..460.60 rows=115 width=125)
	  Recheck Cond: ((k >= 8623476) AND (k <= 8623576))
	  ->  Bitmap Index Scan on k_2  (cost=0.00..5.58 rows=115 width=0)
	        Index Cond: ((k >= 8623476) AND (k <= 8623576))

table 3 : explain SELECT k, c FROM sbtest3 WHERE k BETWEEN 8623476 AND 8623576
	Bitmap Heap Scan on sbtest3  (cost=5.56..440.91 rows=110 width=125)
	  Recheck Cond: ((k >= 8623476) AND (k <= 8623576))
	  ->  Bitmap Index Scan on k_3  (cost=0.00..5.53 rows=110 width=0)
	        Index Cond: ((k >= 8623476) AND (k <= 8623576))

table 4 : explain SELECT k, c FROM sbtest4 WHERE k BETWEEN 8623476 AND 8623576
	Bitmap Heap Scan on sbtest4  (cost=5.52..425.19 rows=106 width=125)
	  Recheck Cond: ((k >= 8623476) AND (k <= 8623576))
	  ->  Bitmap Index Scan on k_4  (cost=0.00..5.50 rows=106 width=0)
	        Index Cond: ((k >= 8623476) AND (k <= 8623576))

table 5 : explain SELECT k, c FROM sbtest5 WHERE k BETWEEN 8623476 AND 8623576
	Bitmap Heap Scan on sbtest5  (cost=5.49..413.37 rows=103 width=125)
	  Recheck Cond: ((k >= 8623476) AND (k <= 8623576))
	  ->  Bitmap Index Scan on k_5  (cost=0.00..5.46 rows=103 width=0)
	        Index Cond: ((k >= 8623476) AND (k <= 8623576))

table 6 : explain SELECT k, c FROM sbtest6 WHERE k BETWEEN 8623476 AND 8623576
	Bitmap Heap Scan on sbtest6  (cost=5.49..413.37 rows=103 width=125)
	  Recheck Cond: ((k >= 8623476) AND (k <= 8623576))
	  ->  Bitmap Index Scan on k_6  (cost=0.00..5.46 rows=103 width=0)
	        Index Cond: ((k >= 8623476) AND (k <= 8623576))

table 7 : explain SELECT k, c FROM sbtest7 WHERE k BETWEEN 8623476 AND 8623576
	Bitmap Heap Scan on sbtest7  (cost=5.34..354.21 rows=88 width=125)
	  Recheck Cond: ((k >= 8623476) AND (k <= 8623576))
	  ->  Bitmap Index Scan on k_7  (cost=0.00..5.31 rows=88 width=0)
	        Index Cond: ((k >= 8623476) AND (k <= 8623576))

table 8 : explain SELECT k, c FROM sbtest8 WHERE k BETWEEN 8623476 AND 8623576
	Bitmap Heap Scan on sbtest8  (cost=5.47..405.52 rows=101 width=125)
	  Recheck Cond: ((k >= 8623476) AND (k <= 8623576))
	  ->  Bitmap Index Scan on k_8  (cost=0.00..5.44 rows=101 width=0)
	        Index Cond: ((k >= 8623476) AND (k <= 8623576))

explain: for range-notcovered :: explain SELECT k, c FROM sbtest%d WHERE k BETWEEN 5037553 AND 5037653
explain: for range-notcovered :: explain SELECT k, c FROM sbtest%d WHERE k BETWEEN 5860106 AND 5860206
for range-notcovered
table 1 : explain SELECT k, c FROM sbtest1 WHERE k BETWEEN 7000310 AND 7000410
	Bitmap Heap Scan on sbtest1  (cost=5.48..409.34 rows=102 width=125)
	  Recheck Cond: ((k >= 7000310) AND (k <= 7000410))
	  ->  Bitmap Index Scan on k_1  (cost=0.00..5.45 rows=102 width=0)
	        Index Cond: ((k >= 7000310) AND (k <= 7000410))

table 2 : explain SELECT k, c FROM sbtest2 WHERE k BETWEEN 7000310 AND 7000410
	Bitmap Heap Scan on sbtest2  (cost=5.50..417.27 rows=104 width=125)
	  Recheck Cond: ((k >= 7000310) AND (k <= 7000410))
	  ->  Bitmap Index Scan on k_2  (cost=0.00..5.47 rows=104 width=0)
	        Index Cond: ((k >= 7000310) AND (k <= 7000410))

table 3 : explain SELECT k, c FROM sbtest3 WHERE k BETWEEN 7000310 AND 7000410
	Bitmap Heap Scan on sbtest3  (cost=5.51..421.21 rows=105 width=125)
	  Recheck Cond: ((k >= 7000310) AND (k <= 7000410))
	  ->  Bitmap Index Scan on k_3  (cost=0.00..5.48 rows=105 width=0)
	        Index Cond: ((k >= 7000310) AND (k <= 7000410))

table 4 : explain SELECT k, c FROM sbtest4 WHERE k BETWEEN 7000310 AND 7000410
	Bitmap Heap Scan on sbtest4  (cost=5.57..444.89 rows=111 width=125)
	  Recheck Cond: ((k >= 7000310) AND (k <= 7000410))
	  ->  Bitmap Index Scan on k_4  (cost=0.00..5.54 rows=111 width=0)
	        Index Cond: ((k >= 7000310) AND (k <= 7000410))

table 5 : explain SELECT k, c FROM sbtest5 WHERE k BETWEEN 7000310 AND 7000410
	Bitmap Heap Scan on sbtest5  (cost=5.49..413.37 rows=103 width=125)
	  Recheck Cond: ((k >= 7000310) AND (k <= 7000410))
	  ->  Bitmap Index Scan on k_5  (cost=0.00..5.46 rows=103 width=0)
	        Index Cond: ((k >= 7000310) AND (k <= 7000410))

table 6 : explain SELECT k, c FROM sbtest6 WHERE k BETWEEN 7000310 AND 7000410
	Bitmap Heap Scan on sbtest6  (cost=5.64..472.46 rows=118 width=125)
	  Recheck Cond: ((k >= 7000310) AND (k <= 7000410))
	  ->  Bitmap Index Scan on k_6  (cost=0.00..5.61 rows=118 width=0)
	        Index Cond: ((k >= 7000310) AND (k <= 7000410))

table 7 : explain SELECT k, c FROM sbtest7 WHERE k BETWEEN 7000310 AND 7000410
	Bitmap Heap Scan on sbtest7  (cost=5.59..452.82 rows=113 width=125)
	  Recheck Cond: ((k >= 7000310) AND (k <= 7000410))
	  ->  Bitmap Index Scan on k_7  (cost=0.00..5.56 rows=113 width=0)
	        Index Cond: ((k >= 7000310) AND (k <= 7000410))

table 8 : explain SELECT k, c FROM sbtest8 WHERE k BETWEEN 7000310 AND 7000410
	Bitmap Heap Scan on sbtest8  (cost=5.44..393.68 rows=98 width=125)
	  Recheck Cond: ((k >= 7000310) AND (k <= 7000410))
	  ->  Bitmap Index Scan on k_8  (cost=0.00..5.42 rows=98 width=0)
	        Index Cond: ((k >= 7000310) AND (k <= 7000410))
explain: for range-notcovered :: explain SELECT k, c FROM sbtest%d WHERE k BETWEEN 3394656 AND 3394756
explain: for range-notcovered :: explain SELECT k, c FROM sbtest%d WHERE k BETWEEN 3346171 AND 3346271


for range-notcovered
table 1 : explain SELECT k, c FROM sbtest1 WHERE k BETWEEN 6408735 AND 6408835
	Bitmap Heap Scan on sbtest1  (cost=5.50..417.23 rows=104 width=125)
	  Recheck Cond: ((k >= 6408735) AND (k <= 6408835))
	  ->  Bitmap Index Scan on k_1  (cost=0.00..5.47 rows=104 width=0)
	        Index Cond: ((k >= 6408735) AND (k <= 6408835))

table 2 : explain SELECT k, c FROM sbtest2 WHERE k BETWEEN 6408735 AND 6408835
	Bitmap Heap Scan on sbtest2  (cost=5.42..385.72 rows=96 width=125)
	  Recheck Cond: ((k >= 6408735) AND (k <= 6408835))
	  ->  Bitmap Index Scan on k_2  (cost=0.00..5.39 rows=96 width=0)
	        Index Cond: ((k >= 6408735) AND (k <= 6408835))

table 3 : explain SELECT k, c FROM sbtest3 WHERE k BETWEEN 6408735 AND 6408835
	Bitmap Heap Scan on sbtest3  (cost=5.49..413.33 rows=103 width=125)
	  Recheck Cond: ((k >= 6408735) AND (k <= 6408835))
	  ->  Bitmap Index Scan on k_3  (cost=0.00..5.46 rows=103 width=0)
	        Index Cond: ((k >= 6408735) AND (k <= 6408835))

table 4 : explain SELECT k, c FROM sbtest4 WHERE k BETWEEN 6408735 AND 6408835
	Bitmap Heap Scan on sbtest4  (cost=5.47..405.48 rows=101 width=125)
	  Recheck Cond: ((k >= 6408735) AND (k <= 6408835))
	  ->  Bitmap Index Scan on k_4  (cost=0.00..5.44 rows=101 width=0)
	        Index Cond: ((k >= 6408735) AND (k <= 6408835))

table 5 : explain SELECT k, c FROM sbtest5 WHERE k BETWEEN 6408735 AND 6408835
	Bitmap Heap Scan on sbtest5  (cost=5.46..401.54 rows=100 width=125)
	  Recheck Cond: ((k >= 6408735) AND (k <= 6408835))
	  ->  Bitmap Index Scan on k_5  (cost=0.00..5.43 rows=100 width=0)
	        Index Cond: ((k >= 6408735) AND (k <= 6408835))

table 6 : explain SELECT k, c FROM sbtest6 WHERE k BETWEEN 6408735 AND 6408835
	Bitmap Heap Scan on sbtest6  (cost=5.51..421.25 rows=105 width=125)
	  Recheck Cond: ((k >= 6408735) AND (k <= 6408835))
	  ->  Bitmap Index Scan on k_6  (cost=0.00..5.48 rows=105 width=0)
	        Index Cond: ((k >= 6408735) AND (k <= 6408835))

table 7 : explain SELECT k, c FROM sbtest7 WHERE k BETWEEN 6408735 AND 6408835
	Bitmap Heap Scan on sbtest7  (cost=5.37..366.06 rows=91 width=125)
	  Recheck Cond: ((k >= 6408735) AND (k <= 6408835))
	  ->  Bitmap Index Scan on k_7  (cost=0.00..5.34 rows=91 width=0)
	        Index Cond: ((k >= 6408735) AND (k <= 6408835))

table 8 : explain SELECT k, c FROM sbtest8 WHERE k BETWEEN 6408735 AND 6408835
	Bitmap Heap Scan on sbtest8  (cost=5.38..370.00 rows=92 width=125)
	  Recheck Cond: ((k >= 6408735) AND (k <= 6408835))
	  ->  Bitmap Index Scan on k_8  (cost=0.00..5.35 rows=92 width=0)
	        Index Cond: ((k >= 6408735) AND (k <= 6408835))

for range-notcovered
table 1 : explain SELECT k, c FROM sbtest1 WHERE k BETWEEN 4028203 AND 4028303
	Bitmap Heap Scan on sbtest1  (cost=5.54..432.99 rows=108 width=125)
	  Recheck Cond: ((k >= 4028203) AND (k <= 4028303))
	  ->  Bitmap Index Scan on k_1  (cost=0.00..5.51 rows=108 width=0)
	        Index Cond: ((k >= 4028203) AND (k <= 4028303))

table 2 : explain SELECT k, c FROM sbtest2 WHERE k BETWEEN 4028203 AND 4028303
	Bitmap Heap Scan on sbtest2  (cost=5.48..409.38 rows=102 width=125)
	  Recheck Cond: ((k >= 4028203) AND (k <= 4028303))
	  ->  Bitmap Index Scan on k_2  (cost=0.00..5.45 rows=102 width=0)
	        Index Cond: ((k >= 4028203) AND (k <= 4028303))

table 3 : explain SELECT k, c FROM sbtest3 WHERE k BETWEEN 4028203 AND 4028303
	Bitmap Heap Scan on sbtest3  (cost=5.51..421.21 rows=105 width=125)
	  Recheck Cond: ((k >= 4028203) AND (k <= 4028303))
	  ->  Bitmap Index Scan on k_3  (cost=0.00..5.48 rows=105 width=0)
	        Index Cond: ((k >= 4028203) AND (k <= 4028303))

table 4 : explain SELECT k, c FROM sbtest4 WHERE k BETWEEN 4028203 AND 4028303
	Bitmap Heap Scan on sbtest4  (cost=5.47..405.48 rows=101 width=125)
	  Recheck Cond: ((k >= 4028203) AND (k <= 4028303))
	  ->  Bitmap Index Scan on k_4  (cost=0.00..5.44 rows=101 width=0)
	        Index Cond: ((k >= 4028203) AND (k <= 4028303))

table 5 : explain SELECT k, c FROM sbtest5 WHERE k BETWEEN 4028203 AND 4028303
	Bitmap Heap Scan on sbtest5  (cost=5.60..456.71 rows=114 width=125)
	  Recheck Cond: ((k >= 4028203) AND (k <= 4028303))
	  ->  Bitmap Index Scan on k_5  (cost=0.00..5.58 rows=114 width=0)
	        Index Cond: ((k >= 4028203) AND (k <= 4028303))

table 6 : explain SELECT k, c FROM sbtest6 WHERE k BETWEEN 4028203 AND 4028303
	Bitmap Heap Scan on sbtest6  (cost=5.44..393.65 rows=98 width=125)
	  Recheck Cond: ((k >= 4028203) AND (k <= 4028303))
	  ->  Bitmap Index Scan on k_6  (cost=0.00..5.42 rows=98 width=0)
	        Index Cond: ((k >= 4028203) AND (k <= 4028303))

table 7 : explain SELECT k, c FROM sbtest7 WHERE k BETWEEN 4028203 AND 4028303
	Bitmap Heap Scan on sbtest7  (cost=5.44..393.68 rows=98 width=125)
	  Recheck Cond: ((k >= 4028203) AND (k <= 4028303))
	  ->  Bitmap Index Scan on k_7  (cost=0.00..5.42 rows=98 width=0)
	        Index Cond: ((k >= 4028203) AND (k <= 4028303))

table 8 : explain SELECT k, c FROM sbtest8 WHERE k BETWEEN 4028203 AND 4028303
	Bitmap Heap Scan on sbtest8  (cost=5.52..425.23 rows=106 width=125)
	  Recheck Cond: ((k >= 4028203) AND (k <= 4028303))
	  ->  Bitmap Index Scan on k_8  (cost=0.00..5.50 rows=106 width=0)
	        Index Cond: ((k >= 4028203) AND (k <= 4028303))


explain: for range-notcovered :: explain SELECT k, c FROM sbtest%d WHERE k BETWEEN 8623476 AND 8623576
for range-notcovered
table 1 : explain SELECT k, c FROM sbtest1 WHERE k BETWEEN 7623222 AND 7623322
	Bitmap Heap Scan on sbtest1  (cost=5.55..436.93 rows=109 width=125)
	  Recheck Cond: ((k >= 7623222) AND (k <= 7623322))
	  ->  Bitmap Index Scan on k_1  (cost=0.00..5.52 rows=109 width=0)
	        Index Cond: ((k >= 7623222) AND (k <= 7623322))

table 2 : explain SELECT k, c FROM sbtest2 WHERE k BETWEEN 7623222 AND 7623322
	Bitmap Heap Scan on sbtest2  (cost=5.50..417.27 rows=104 width=125)
	  Recheck Cond: ((k >= 7623222) AND (k <= 7623322))
	  ->  Bitmap Index Scan on k_2  (cost=0.00..5.47 rows=104 width=0)
	        Index Cond: ((k >= 7623222) AND (k <= 7623322))

table 3 : explain SELECT k, c FROM sbtest3 WHERE k BETWEEN 7623222 AND 7623322
	Bitmap Heap Scan on sbtest3  (cost=5.51..421.21 rows=105 width=125)
	  Recheck Cond: ((k >= 7623222) AND (k <= 7623322))
	  ->  Bitmap Index Scan on k_3  (cost=0.00..5.48 rows=105 width=0)
	        Index Cond: ((k >= 7623222) AND (k <= 7623322))

table 4 : explain SELECT k, c FROM sbtest4 WHERE k BETWEEN 7623222 AND 7623322
	Bitmap Heap Scan on sbtest4  (cost=5.60..456.71 rows=114 width=125)
	  Recheck Cond: ((k >= 7623222) AND (k <= 7623322))
	  ->  Bitmap Index Scan on k_4  (cost=0.00..5.58 rows=114 width=0)
	        Index Cond: ((k >= 7623222) AND (k <= 7623322))

table 5 : explain SELECT k, c FROM sbtest5 WHERE k BETWEEN 7623222 AND 7623322
	Bitmap Heap Scan on sbtest5  (cost=5.47..405.48 rows=101 width=125)
	  Recheck Cond: ((k >= 7623222) AND (k <= 7623322))
	  ->  Bitmap Index Scan on k_5  (cost=0.00..5.44 rows=101 width=0)
	        Index Cond: ((k >= 7623222) AND (k <= 7623322))

table 6 : explain SELECT k, c FROM sbtest6 WHERE k BETWEEN 7623222 AND 7623322
	Bitmap Heap Scan on sbtest6  (cost=5.54..433.08 rows=108 width=125)
	  Recheck Cond: ((k >= 7623222) AND (k <= 7623322))
	  ->  Bitmap Index Scan on k_6  (cost=0.00..5.51 rows=108 width=0)
	        Index Cond: ((k >= 7623222) AND (k <= 7623322))

table 7 : explain SELECT k, c FROM sbtest7 WHERE k BETWEEN 7623222 AND 7623322
	Bitmap Heap Scan on sbtest7  (cost=5.47..405.52 rows=101 width=125)
	  Recheck Cond: ((k >= 7623222) AND (k <= 7623322))
	  ->  Bitmap Index Scan on k_7  (cost=0.00..5.44 rows=101 width=0)
	        Index Cond: ((k >= 7623222) AND (k <= 7623322))

table 8 : explain SELECT k, c FROM sbtest8 WHERE k BETWEEN 7623222 AND 7623322
	Bitmap Heap Scan on sbtest8  (cost=5.49..413.40 rows=103 width=125)
	  Recheck Cond: ((k >= 7623222) AND (k <= 7623322))
	  ->  Bitmap Index Scan on k_8  (cost=0.00..5.46 rows=103 width=0)
	        Index Cond: ((k >= 7623222) AND (k <= 7623322))

for range-notcovered
table 1 : explain SELECT k, c FROM sbtest1 WHERE k BETWEEN 5893226 AND 5893326
	Bitmap Heap Scan on sbtest1  (cost=5.43..389.63 rows=97 width=125)
	  Recheck Cond: ((k >= 5893226) AND (k <= 5893326))
	  ->  Bitmap Index Scan on k_1  (cost=0.00..5.40 rows=97 width=0)
	        Index Cond: ((k >= 5893226) AND (k <= 5893326))

table 2 : explain SELECT k, c FROM sbtest2 WHERE k BETWEEN 5893226 AND 5893326
	Bitmap Heap Scan on sbtest2  (cost=5.47..405.44 rows=101 width=125)
	  Recheck Cond: ((k >= 5893226) AND (k <= 5893326))
	  ->  Bitmap Index Scan on k_2  (cost=0.00..5.44 rows=101 width=0)
	        Index Cond: ((k >= 5893226) AND (k <= 5893326))

table 3 : explain SELECT k, c FROM sbtest3 WHERE k BETWEEN 5893226 AND 5893326
	Bitmap Heap Scan on sbtest3  (cost=5.56..440.91 rows=110 width=125)
	  Recheck Cond: ((k >= 5893226) AND (k <= 5893326))
	  ->  Bitmap Index Scan on k_3  (cost=0.00..5.53 rows=110 width=0)
	        Index Cond: ((k >= 5893226) AND (k <= 5893326))

table 4 : explain SELECT k, c FROM sbtest4 WHERE k BETWEEN 5893226 AND 5893326
	Bitmap Heap Scan on sbtest4  (cost=5.52..425.19 rows=106 width=125)
	  Recheck Cond: ((k >= 5893226) AND (k <= 5893326))
	  ->  Bitmap Index Scan on k_4  (cost=0.00..5.50 rows=106 width=0)
	        Index Cond: ((k >= 5893226) AND (k <= 5893326))

table 5 : explain SELECT k, c FROM sbtest5 WHERE k BETWEEN 5893226 AND 5893326
	Bitmap Heap Scan on sbtest5  (cost=5.40..377.87 rows=94 width=125)
	  Recheck Cond: ((k >= 5893226) AND (k <= 5893326))
	  ->  Bitmap Index Scan on k_5  (cost=0.00..5.38 rows=94 width=0)
	        Index Cond: ((k >= 5893226) AND (k <= 5893326))

table 6 : explain SELECT k, c FROM sbtest6 WHERE k BETWEEN 5893226 AND 5893326
	Bitmap Heap Scan on sbtest6  (cost=5.43..389.70 rows=97 width=125)
	  Recheck Cond: ((k >= 5893226) AND (k <= 5893326))
	  ->  Bitmap Index Scan on k_6  (cost=0.00..5.40 rows=97 width=0)
	        Index Cond: ((k >= 5893226) AND (k <= 5893326))

table 7 : explain SELECT k, c FROM sbtest7 WHERE k BETWEEN 5893226 AND 5893326
	Bitmap Heap Scan on sbtest7  (cost=5.57..444.94 rows=111 width=125)
	  Recheck Cond: ((k >= 5893226) AND (k <= 5893326))
	  ->  Bitmap Index Scan on k_7  (cost=0.00..5.54 rows=111 width=0)
	        Index Cond: ((k >= 5893226) AND (k <= 5893326))

table 8 : explain SELECT k, c FROM sbtest8 WHERE k BETWEEN 5893226 AND 5893326
	Bitmap Heap Scan on sbtest8  (cost=5.42..385.79 rows=96 width=125)
	  Recheck Cond: ((k >= 5893226) AND (k <= 5893326))
	  ->  Bitmap Index Scan on k_8  (cost=0.00..5.39 rows=96 width=0)
	        Index Cond: ((k >= 5893226) AND (k <= 5893326))


explain: for range-notcovered :: explain SELECT k, c FROM sbtest%d WHERE k BETWEEN 8443156 AND 8443256for range-notcovered
table 1 : explain SELECT k, c FROM sbtest1 WHERE k BETWEEN 1173834 AND 1173934
	Bitmap Heap Scan on sbtest1  (cost=5.54..432.99 rows=108 width=125)
	  Recheck Cond: ((k >= 1173834) AND (k <= 1173934))
	  ->  Bitmap Index Scan on k_1  (cost=0.00..5.51 rows=108 width=0)
	        Index Cond: ((k >= 1173834) AND (k <= 1173934))

table 2 : explain SELECT k, c FROM sbtest2 WHERE k BETWEEN 1173834 AND 1173934
	Bitmap Heap Scan on sbtest2  (cost=5.53..429.09 rows=107 width=125)
	  Recheck Cond: ((k >= 1173834) AND (k <= 1173934))
	  ->  Bitmap Index Scan on k_2  (cost=0.00..5.50 rows=107 width=0)
	        Index Cond: ((k >= 1173834) AND (k <= 1173934))

table 3 : explain SELECT k, c FROM sbtest3 WHERE k BETWEEN 1173834 AND 1173934
	Bitmap Heap Scan on sbtest3  (cost=5.42..385.72 rows=96 width=125)
	  Recheck Cond: ((k >= 1173834) AND (k <= 1173934))
	  ->  Bitmap Index Scan on k_3  (cost=0.00..5.39 rows=96 width=0)
	        Index Cond: ((k >= 1173834) AND (k <= 1173934))

table 4 : explain SELECT k, c FROM sbtest4 WHERE k BETWEEN 1173834 AND 1173934
	Bitmap Heap Scan on sbtest4  (cost=5.38..369.97 rows=92 width=125)
	  Recheck Cond: ((k >= 1173834) AND (k <= 1173934))
	  ->  Bitmap Index Scan on k_4  (cost=0.00..5.35 rows=92 width=0)
	        Index Cond: ((k >= 1173834) AND (k <= 1173934))

table 5 : explain SELECT k, c FROM sbtest5 WHERE k BETWEEN 1173834 AND 1173934
	Bitmap Heap Scan on sbtest5  (cost=5.42..385.76 rows=96 width=125)
	  Recheck Cond: ((k >= 1173834) AND (k <= 1173934))
	  ->  Bitmap Index Scan on k_5  (cost=0.00..5.39 rows=96 width=0)
	        Index Cond: ((k >= 1173834) AND (k <= 1173934))

table 6 : explain SELECT k, c FROM sbtest6 WHERE k BETWEEN 1173834 AND 1173934
	Bitmap Heap Scan on sbtest6  (cost=5.53..429.13 rows=107 width=125)
	  Recheck Cond: ((k >= 1173834) AND (k <= 1173934))
	  ->  Bitmap Index Scan on k_6  (cost=0.00..5.50 rows=107 width=0)
	        Index Cond: ((k >= 1173834) AND (k <= 1173934))

table 7 : explain SELECT k, c FROM sbtest7 WHERE k BETWEEN 1173834 AND 1173934
	Bitmap Heap Scan on sbtest7  (cost=5.47..405.52 rows=101 width=125)
	  Recheck Cond: ((k >= 1173834) AND (k <= 1173934))
	  ->  Bitmap Index Scan on k_7  (cost=0.00..5.44 rows=101 width=0)
	        Index Cond: ((k >= 1173834) AND (k <= 1173934))

table 8 : explain SELECT k, c FROM sbtest8 WHERE k BETWEEN 1173834 AND 1173934
	Bitmap Heap Scan on sbtest8  (cost=5.56..441.00 rows=110 width=125)
	  Recheck Cond: ((k >= 1173834) AND (k <= 1173934))
	  ->  Bitmap Index Scan on k_8  (cost=0.00..5.53 rows=110 width=0)
	        Index Cond: ((k >= 1173834) AND (k <= 1173934))

explain: for range-notcovered :: explain SELECT k, c FROM sbtest%d WHERE k BETWEEN 4028203 AND 4028303
for range-notcovered
table 1 : explain SELECT k, c FROM sbtest1 WHERE k BETWEEN 3925795 AND 3925895
	Bitmap Heap Scan on sbtest1  (cost=5.36..362.01 rows=90 width=125)
	  Recheck Cond: ((k >= 3925795) AND (k <= 3925895))
	  ->  Bitmap Index Scan on k_1  (cost=0.00..5.33 rows=90 width=0)
	        Index Cond: ((k >= 3925795) AND (k <= 3925895))

table 2 : explain SELECT k, c FROM sbtest2 WHERE k BETWEEN 3925795 AND 3925895
	Bitmap Heap Scan on sbtest2  (cost=5.46..401.50 rows=100 width=125)
	  Recheck Cond: ((k >= 3925795) AND (k <= 3925895))
	  ->  Bitmap Index Scan on k_2  (cost=0.00..5.43 rows=100 width=0)
	        Index Cond: ((k >= 3925795) AND (k <= 3925895))

table 3 : explain SELECT k, c FROM sbtest3 WHERE k BETWEEN 3925795 AND 3925895
	Bitmap Heap Scan on sbtest3  (cost=5.47..405.44 rows=101 width=125)
	  Recheck Cond: ((k >= 3925795) AND (k <= 3925895))
	  ->  Bitmap Index Scan on k_3  (cost=0.00..5.44 rows=101 width=0)
	        Index Cond: ((k >= 3925795) AND (k <= 3925895))

table 4 : explain SELECT k, c FROM sbtest4 WHERE k BETWEEN 3925795 AND 3925895
	Bitmap Heap Scan on sbtest4  (cost=5.37..366.02 rows=91 width=125)
	  Recheck Cond: ((k >= 3925795) AND (k <= 3925895))
	  ->  Bitmap Index Scan on k_4  (cost=0.00..5.34 rows=91 width=0)
	        Index Cond: ((k >= 3925795) AND (k <= 3925895))

table 5 : explain SELECT k, c FROM sbtest5 WHERE k BETWEEN 3925795 AND 3925895
	Bitmap Heap Scan on sbtest5  (cost=5.54..433.08 rows=108 width=125)
	  Recheck Cond: ((k >= 3925795) AND (k <= 3925895))
	  ->  Bitmap Index Scan on k_5  (cost=0.00..5.51 rows=108 width=0)
	        Index Cond: ((k >= 3925795) AND (k <= 3925895))

table 6 : explain SELECT k, c FROM sbtest6 WHERE k BETWEEN 3925795 AND 3925895
	Bitmap Heap Scan on sbtest6  (cost=5.50..417.31 rows=104 width=125)
	  Recheck Cond: ((k >= 3925795) AND (k <= 3925895))
	  ->  Bitmap Index Scan on k_6  (cost=0.00..5.47 rows=104 width=0)
	        Index Cond: ((k >= 3925795) AND (k <= 3925895))

table 7 : explain SELECT k, c FROM sbtest7 WHERE k BETWEEN 3925795 AND 3925895
	Bitmap Heap Scan on sbtest7  (cost=5.53..429.18 rows=107 width=125)
	  Recheck Cond: ((k >= 3925795) AND (k <= 3925895))
	  ->  Bitmap Index Scan on k_7  (cost=0.00..5.50 rows=107 width=0)
	        Index Cond: ((k >= 3925795) AND (k <= 3925895))

table 8 : explain SELECT k, c FROM sbtest8 WHERE k BETWEEN 3925795 AND 3925895
	Bitmap Heap Scan on sbtest8  (cost=5.56..441.00 rows=110 width=125)
	  Recheck Cond: ((k >= 3925795) AND (k <= 3925895))
	  ->  Bitmap Index Scan on k_8  (cost=0.00..5.53 rows=110 width=0)
	        Index Cond: ((k >= 3925795) AND (k <= 3925895))

for range-notcovered
table 1 : explain SELECT k, c FROM sbtest1 WHERE k BETWEEN 4101353 AND 4101453
	Bitmap Heap Scan on sbtest1  (cost=5.56..440.87 rows=110 width=125)
	  Recheck Cond: ((k >= 4101353) AND (k <= 4101453))
	  ->  Bitmap Index Scan on k_1  (cost=0.00..5.53 rows=110 width=0)
	        Index Cond: ((k >= 4101353) AND (k <= 4101453))

table 2 : explain SELECT k, c FROM sbtest2 WHERE k BETWEEN 4101353 AND 4101453
	Bitmap Heap Scan on sbtest2  (cost=5.48..409.38 rows=102 width=125)
	  Recheck Cond: ((k >= 4101353) AND (k <= 4101453))
	  ->  Bitmap Index Scan on k_2  (cost=0.00..5.45 rows=102 width=0)
	        Index Cond: ((k >= 4101353) AND (k <= 4101453))

table 3 : explain SELECT k, c FROM sbtest3 WHERE k BETWEEN 4101353 AND 4101453
	Bitmap Heap Scan on sbtest3  (cost=5.48..409.39 rows=102 width=125)
	  Recheck Cond: ((k >= 4101353) AND (k <= 4101453))
	  ->  Bitmap Index Scan on k_3  (cost=0.00..5.45 rows=102 width=0)
	        Index Cond: ((k >= 4101353) AND (k <= 4101453))

table 4 : explain SELECT k, c FROM sbtest4 WHERE k BETWEEN 4101353 AND 4101453
	Bitmap Heap Scan on sbtest4  (cost=5.47..405.48 rows=101 width=125)
	  Recheck Cond: ((k >= 4101353) AND (k <= 4101453))
	  ->  Bitmap Index Scan on k_4  (cost=0.00..5.44 rows=101 width=0)
	        Index Cond: ((k >= 4101353) AND (k <= 4101453))

table 5 : explain SELECT k, c FROM sbtest5 WHERE k BETWEEN 4101353 AND 4101453
	Bitmap Heap Scan on sbtest5  (cost=5.51..421.25 rows=105 width=125)
	  Recheck Cond: ((k >= 4101353) AND (k <= 4101453))
	  ->  Bitmap Index Scan on k_5  (cost=0.00..5.48 rows=105 width=0)
	        Index Cond: ((k >= 4101353) AND (k <= 4101453))

table 6 : explain SELECT k, c FROM sbtest6 WHERE k BETWEEN 4101353 AND 4101453
	Bitmap Heap Scan on sbtest6  (cost=5.49..413.37 rows=103 width=125)
	  Recheck Cond: ((k >= 4101353) AND (k <= 4101453))
	  ->  Bitmap Index Scan on k_6  (cost=0.00..5.46 rows=103 width=0)
	        Index Cond: ((k >= 4101353) AND (k <= 4101453))

table 7 : explain SELECT k, c FROM sbtest7 WHERE k BETWEEN 4101353 AND 4101453
	Bitmap Heap Scan on sbtest7  (cost=5.46..401.57 rows=100 width=125)
	  Recheck Cond: ((k >= 4101353) AND (k <= 4101453))
	  ->  Bitmap Index Scan on k_7  (cost=0.00..5.43 rows=100 width=0)
	        Index Cond: ((k >= 4101353) AND (k <= 4101453))

table 8 : explain SELECT k, c FROM sbtest8 WHERE k BETWEEN 4101353 AND 4101453
	Bitmap Heap Scan on sbtest8  (cost=5.52..425.23 rows=106 width=125)
	  Recheck Cond: ((k >= 4101353) AND (k <= 4101453))
	  ->  Bitmap Index Scan on k_8  (cost=0.00..5.50 rows=106 width=0)
	        Index Cond: ((k >= 4101353) AND (k <= 4101453))

for range-notcovered
table 1 : explain SELECT k, c FROM sbtest1 WHERE k BETWEEN 4794561 AND 4794661
	Bitmap Heap Scan on sbtest1  (cost=5.54..432.99 rows=108 width=125)
	  Recheck Cond: ((k >= 4794561) AND (k <= 4794661))
	  ->  Bitmap Index Scan on k_1  (cost=0.00..5.51 rows=108 width=0)
	        Index Cond: ((k >= 4794561) AND (k <= 4794661))

table 2 : explain SELECT k, c FROM sbtest2 WHERE k BETWEEN 4794561 AND 4794661
	Bitmap Heap Scan on sbtest2  (cost=5.53..429.09 rows=107 width=125)
	  Recheck Cond: ((k >= 4794561) AND (k <= 4794661))
	  ->  Bitmap Index Scan on k_2  (cost=0.00..5.50 rows=107 width=0)
	        Index Cond: ((k >= 4794561) AND (k <= 4794661))

table 3 : explain SELECT k, c FROM sbtest3 WHERE k BETWEEN 4794561 AND 4794661
	Bitmap Heap Scan on sbtest3  (cost=5.44..393.61 rows=98 width=125)
	  Recheck Cond: ((k >= 4794561) AND (k <= 4794661))
	  ->  Bitmap Index Scan on k_3  (cost=0.00..5.42 rows=98 width=0)
	        Index Cond: ((k >= 4794561) AND (k <= 4794661))

table 4 : explain SELECT k, c FROM sbtest4 WHERE k BETWEEN 4794561 AND 4794661
	Bitmap Heap Scan on sbtest4  (cost=5.56..440.95 rows=110 width=125)
	  Recheck Cond: ((k >= 4794561) AND (k <= 4794661))
	  ->  Bitmap Index Scan on k_4  (cost=0.00..5.53 rows=110 width=0)
	        Index Cond: ((k >= 4794561) AND (k <= 4794661))

table 5 : explain SELECT k, c FROM sbtest5 WHERE k BETWEEN 4794561 AND 4794661
	Bitmap Heap Scan on sbtest5  (cost=5.52..425.19 rows=106 width=125)
	  Recheck Cond: ((k >= 4794561) AND (k <= 4794661))
	  ->  Bitmap Index Scan on k_5  (cost=0.00..5.50 rows=106 width=0)
	        Index Cond: ((k >= 4794561) AND (k <= 4794661))

table 6 : explain SELECT k, c FROM sbtest6 WHERE k BETWEEN 4794561 AND 4794661
	Bitmap Heap Scan on sbtest6  (cost=5.56..440.96 rows=110 width=125)
	  Recheck Cond: ((k >= 4794561) AND (k <= 4794661))
	  ->  Bitmap Index Scan on k_6  (cost=0.00..5.53 rows=110 width=0)
	        Index Cond: ((k >= 4794561) AND (k <= 4794661))

table 7 : explain SELECT k, c FROM sbtest7 WHERE k BETWEEN 4794561 AND 4794661
	Bitmap Heap Scan on sbtest7  (cost=5.68..484.32 rows=121 width=125)
	  Recheck Cond: ((k >= 4794561) AND (k <= 4794661))
	  ->  Bitmap Index Scan on k_7  (cost=0.00..5.64 rows=121 width=0)
	        Index Cond: ((k >= 4794561) AND (k <= 4794661))

table 8 : explain SELECT k, c FROM sbtest8 WHERE k BETWEEN 4794561 AND 4794661
	Bitmap Heap Scan on sbtest8  (cost=5.48..409.46 rows=102 width=125)
	  Recheck Cond: ((k >= 4794561) AND (k <= 4794661))
	  ->  Bitmap Index Scan on k_8  (cost=0.00..5.45 rows=102 width=0)
	        Index Cond: ((k >= 4794561) AND (k <= 4794661))

for range-notcovered
table 1 : explain SELECT k, c FROM sbtest1 WHERE k BETWEEN 3951479 AND 3951579
	Bitmap Heap Scan on sbtest1  (cost=5.54..432.99 rows=108 width=125)
	  Recheck Cond: ((k >= 3951479) AND (k <= 3951579))
	  ->  Bitmap Index Scan on k_1  (cost=0.00..5.51 rows=108 width=0)
	        Index Cond: ((k >= 3951479) AND (k <= 3951579))

table 2 : explain SELECT k, c FROM sbtest2 WHERE k BETWEEN 3951479 AND 3951579
	Bitmap Heap Scan on sbtest2  (cost=5.46..401.50 rows=100 width=125)
	  Recheck Cond: ((k >= 3951479) AND (k <= 3951579))
	  ->  Bitmap Index Scan on k_2  (cost=0.00..5.43 rows=100 width=0)
	        Index Cond: ((k >= 3951479) AND (k <= 3951579))

table 3 : explain SELECT k, c FROM sbtest3 WHERE k BETWEEN 3951479 AND 3951579
	Bitmap Heap Scan on sbtest3  (cost=5.47..405.44 rows=101 width=125)
	  Recheck Cond: ((k >= 3951479) AND (k <= 3951579))
	  ->  Bitmap Index Scan on k_3  (cost=0.00..5.44 rows=101 width=0)
	        Index Cond: ((k >= 3951479) AND (k <= 3951579))

table 4 : explain SELECT k, c FROM sbtest4 WHERE k BETWEEN 3951479 AND 3951579
	Bitmap Heap Scan on sbtest4  (cost=5.60..456.71 rows=114 width=125)
	  Recheck Cond: ((k >= 3951479) AND (k <= 3951579))
	  ->  Bitmap Index Scan on k_4  (cost=0.00..5.58 rows=114 width=0)
	        Index Cond: ((k >= 3951479) AND (k <= 3951579))

table 5 : explain SELECT k, c FROM sbtest5 WHERE k BETWEEN 3951479 AND 3951579
	Bitmap Heap Scan on sbtest5  (cost=5.54..433.08 rows=108 width=125)
	  Recheck Cond: ((k >= 3951479) AND (k <= 3951579))
	  ->  Bitmap Index Scan on k_5  (cost=0.00..5.51 rows=108 width=0)
	        Index Cond: ((k >= 3951479) AND (k <= 3951579))

table 6 : explain SELECT k, c FROM sbtest6 WHERE k BETWEEN 3951479 AND 3951579
	Bitmap Heap Scan on sbtest6  (cost=5.50..417.31 rows=104 width=125)
	  Recheck Cond: ((k >= 3951479) AND (k <= 3951579))
	  ->  Bitmap Index Scan on k_6  (cost=0.00..5.47 rows=104 width=0)
	        Index Cond: ((k >= 3951479) AND (k <= 3951579))

table 7 : explain SELECT k, c FROM sbtest7 WHERE k BETWEEN 3951479 AND 3951579
	Bitmap Heap Scan on sbtest7  (cost=5.44..393.68 rows=98 width=125)
	  Recheck Cond: ((k >= 3951479) AND (k <= 3951579))
	  ->  Bitmap Index Scan on k_7  (cost=0.00..5.42 rows=98 width=0)
	        Index Cond: ((k >= 3951479) AND (k <= 3951579))

table 8 : explain SELECT k, c FROM sbtest8 WHERE k BETWEEN 3951479 AND 3951579
	Bitmap Heap Scan on sbtest8  (cost=5.56..441.00 rows=110 width=125)
	  Recheck Cond: ((k >= 3951479) AND (k <= 3951579))
	  ->  Bitmap Index Scan on k_8  (cost=0.00..5.53 rows=110 width=0)
	        Index Cond: ((k >= 3951479) AND (k <= 3951579))

explain: for range-notcovered :: explain SELECT k, c FROM sbtest%d WHERE k BETWEEN 5893226 AND 5893326
explain: for range-notcovered :: explain SELECT k, c FROM sbtest%d WHERE k BETWEEN 5522101 AND 5522201
for range-notcovered
table 1 : explain SELECT k, c FROM sbtest1 WHERE k BETWEEN 5001065 AND 5001165
	Bitmap Heap Scan on sbtest1  (cost=5.47..405.40 rows=101 width=125)
	  Recheck Cond: ((k >= 5001065) AND (k <= 5001165))
	  ->  Bitmap Index Scan on k_1  (cost=0.00..5.44 rows=101 width=0)
	        Index Cond: ((k >= 5001065) AND (k <= 5001165))

table 2 : explain SELECT k, c FROM sbtest2 WHERE k BETWEEN 5001065 AND 5001165
	Bitmap Heap Scan on sbtest2  (cost=5.54..433.03 rows=108 width=125)
	  Recheck Cond: ((k >= 5001065) AND (k <= 5001165))
	  ->  Bitmap Index Scan on k_2  (cost=0.00..5.51 rows=108 width=0)
	        Index Cond: ((k >= 5001065) AND (k <= 5001165))

table 3 : explain SELECT k, c FROM sbtest3 WHERE k BETWEEN 5001065 AND 5001165
	Bitmap Heap Scan on sbtest3  (cost=5.46..401.50 rows=100 width=125)
	  Recheck Cond: ((k >= 5001065) AND (k <= 5001165))
	  ->  Bitmap Index Scan on k_3  (cost=0.00..5.43 rows=100 width=0)
	        Index Cond: ((k >= 5001065) AND (k <= 5001165))

table 4 : explain SELECT k, c FROM sbtest4 WHERE k BETWEEN 5001065 AND 5001165
	Bitmap Heap Scan on sbtest4  (cost=5.48..409.42 rows=102 width=125)
	  Recheck Cond: ((k >= 5001065) AND (k <= 5001165))
	  ->  Bitmap Index Scan on k_4  (cost=0.00..5.45 rows=102 width=0)
	        Index Cond: ((k >= 5001065) AND (k <= 5001165))

table 5 : explain SELECT k, c FROM sbtest5 WHERE k BETWEEN 5001065 AND 5001165
	Bitmap Heap Scan on sbtest5  (cost=5.55..437.02 rows=109 width=125)
	  Recheck Cond: ((k >= 5001065) AND (k <= 5001165))
	  ->  Bitmap Index Scan on k_5  (cost=0.00..5.52 rows=109 width=0)
	        Index Cond: ((k >= 5001065) AND (k <= 5001165))

table 6 : explain SELECT k, c FROM sbtest6 WHERE k BETWEEN 5001065 AND 5001165
	Bitmap Heap Scan on sbtest6  (cost=5.47..405.48 rows=101 width=125)
	  Recheck Cond: ((k >= 5001065) AND (k <= 5001165))
	  ->  Bitmap Index Scan on k_6  (cost=0.00..5.44 rows=101 width=0)
	        Index Cond: ((k >= 5001065) AND (k <= 5001165))

table 7 : explain SELECT k, c FROM sbtest7 WHERE k BETWEEN 5001065 AND 5001165
	Bitmap Heap Scan on sbtest7  (cost=5.51..421.29 rows=105 width=125)
	  Recheck Cond: ((k >= 5001065) AND (k <= 5001165))
	  ->  Bitmap Index Scan on k_7  (cost=0.00..5.48 rows=105 width=0)
	        Index Cond: ((k >= 5001065) AND (k <= 5001165))

table 8 : explain SELECT k, c FROM sbtest8 WHERE k BETWEEN 5001065 AND 5001165
	Bitmap Heap Scan on sbtest8  (cost=5.42..385.79 rows=96 width=125)
	  Recheck Cond: ((k >= 5001065) AND (k <= 5001165))
	  ->  Bitmap Index Scan on k_8  (cost=0.00..5.39 rows=96 width=0)
	        Index Cond: ((k >= 5001065) AND (k <= 5001165))
explain: for range-notcovered :: explain SELECT k, c FROM sbtest%d WHERE k BETWEEN 4101353 AND 4101453
for range-notcovered
table 1 : explain SELECT k, c FROM sbtest1 WHERE k BETWEEN 4036988 AND 4037088
	Bitmap Heap Scan on sbtest1  (cost=5.56..440.87 rows=110 width=125)
	  Recheck Cond: ((k >= 4036988) AND (k <= 4037088))
	  ->  Bitmap Index Scan on k_1  (cost=0.00..5.53 rows=110 width=0)
	        Index Cond: ((k >= 4036988) AND (k <= 4037088))

table 2 : explain SELECT k, c FROM sbtest2 WHERE k BETWEEN 4036988 AND 4037088
	Bitmap Heap Scan on sbtest2  (cost=5.48..409.38 rows=102 width=125)
	  Recheck Cond: ((k >= 4036988) AND (k <= 4037088))
	  ->  Bitmap Index Scan on k_2  (cost=0.00..5.45 rows=102 width=0)
	        Index Cond: ((k >= 4036988) AND (k <= 4037088))

table 3 : explain SELECT k, c FROM sbtest3 WHERE k BETWEEN 4036988 AND 4037088
	Bitmap Heap Scan on sbtest3  (cost=5.51..421.21 rows=105 width=125)
	  Recheck Cond: ((k >= 4036988) AND (k <= 4037088))
	  ->  Bitmap Index Scan on k_3  (cost=0.00..5.48 rows=105 width=0)
	        Index Cond: ((k >= 4036988) AND (k <= 4037088))

table 4 : explain SELECT k, c FROM sbtest4 WHERE k BETWEEN 4036988 AND 4037088
	Bitmap Heap Scan on sbtest4  (cost=5.47..405.48 rows=101 width=125)
	  Recheck Cond: ((k >= 4036988) AND (k <= 4037088))
	  ->  Bitmap Index Scan on k_4  (cost=0.00..5.44 rows=101 width=0)
	        Index Cond: ((k >= 4036988) AND (k <= 4037088))

table 5 : explain SELECT k, c FROM sbtest5 WHERE k BETWEEN 4036988 AND 4037088
	Bitmap Heap Scan on sbtest5  (cost=5.60..456.71 rows=114 width=125)
	  Recheck Cond: ((k >= 4036988) AND (k <= 4037088))
	  ->  Bitmap Index Scan on k_5  (cost=0.00..5.58 rows=114 width=0)
	        Index Cond: ((k >= 4036988) AND (k <= 4037088))

table 6 : explain SELECT k, c FROM sbtest6 WHERE k BETWEEN 4036988 AND 4037088
	Bitmap Heap Scan on sbtest6  (cost=5.44..393.65 rows=98 width=125)
	  Recheck Cond: ((k >= 4036988) AND (k <= 4037088))
	  ->  Bitmap Index Scan on k_6  (cost=0.00..5.42 rows=98 width=0)
	        Index Cond: ((k >= 4036988) AND (k <= 4037088))

table 7 : explain SELECT k, c FROM sbtest7 WHERE k BETWEEN 4036988 AND 4037088
	Bitmap Heap Scan on sbtest7  (cost=5.46..401.57 rows=100 width=125)
	  Recheck Cond: ((k >= 4036988) AND (k <= 4037088))
	  ->  Bitmap Index Scan on k_7  (cost=0.00..5.43 rows=100 width=0)
	        Index Cond: ((k >= 4036988) AND (k <= 4037088))

table 8 : explain SELECT k, c FROM sbtest8 WHERE k BETWEEN 4036988 AND 4037088
	Bitmap Heap Scan on sbtest8  (cost=5.52..425.23 rows=106 width=125)
	  Recheck Cond: ((k >= 4036988) AND (k <= 4037088))
	  ->  Bitmap Index Scan on k_8  (cost=0.00..5.50 rows=106 width=0)
	        Index Cond: ((k >= 4036988) AND (k <= 4037088))
for range-notcovered
table 1 : explain SELECT k, c FROM sbtest1 WHERE k BETWEEN 7279562 AND 7279662
	Bitmap Heap Scan on sbtest1  (cost=5.48..409.34 rows=102 width=125)
	  Recheck Cond: ((k >= 7279562) AND (k <= 7279662))
	  ->  Bitmap Index Scan on k_1  (cost=0.00..5.45 rows=102 width=0)
	        Index Cond: ((k >= 7279562) AND (k <= 7279662))

table 2 : explain SELECT k, c FROM sbtest2 WHERE k BETWEEN 7279562 AND 7279662
	Bitmap Heap Scan on sbtest2  (cost=5.49..413.32 rows=103 width=125)
	  Recheck Cond: ((k >= 7279562) AND (k <= 7279662))
	  ->  Bitmap Index Scan on k_2  (cost=0.00..5.46 rows=103 width=0)
	        Index Cond: ((k >= 7279562) AND (k <= 7279662))

table 3 : explain SELECT k, c FROM sbtest3 WHERE k BETWEEN 7279562 AND 7279662
	Bitmap Heap Scan on sbtest3  (cost=5.47..405.44 rows=101 width=125)
	  Recheck Cond: ((k >= 7279562) AND (k <= 7279662))
	  ->  Bitmap Index Scan on k_3  (cost=0.00..5.44 rows=101 width=0)
	        Index Cond: ((k >= 7279562) AND (k <= 7279662))

table 4 : explain SELECT k, c FROM sbtest4 WHERE k BETWEEN 7279562 AND 7279662
	Bitmap Heap Scan on sbtest4  (cost=5.51..421.25 rows=105 width=125)
	  Recheck Cond: ((k >= 7279562) AND (k <= 7279662))
	  ->  Bitmap Index Scan on k_4  (cost=0.00..5.48 rows=105 width=0)
	        Index Cond: ((k >= 7279562) AND (k <= 7279662))

table 5 : explain SELECT k, c FROM sbtest5 WHERE k BETWEEN 7279562 AND 7279662
	Bitmap Heap Scan on sbtest5  (cost=5.47..405.48 rows=101 width=125)
	  Recheck Cond: ((k >= 7279562) AND (k <= 7279662))
	  ->  Bitmap Index Scan on k_5  (cost=0.00..5.44 rows=101 width=0)
	        Index Cond: ((k >= 7279562) AND (k <= 7279662))

table 6 : explain SELECT k, c FROM sbtest6 WHERE k BETWEEN 7279562 AND 7279662
	Bitmap Heap Scan on sbtest6  (cost=5.35..358.13 rows=89 width=125)
	  Recheck Cond: ((k >= 7279562) AND (k <= 7279662))
	  ->  Bitmap Index Scan on k_6  (cost=0.00..5.32 rows=89 width=0)
	        Index Cond: ((k >= 7279562) AND (k <= 7279662))

table 7 : explain SELECT k, c FROM sbtest7 WHERE k BETWEEN 7279562 AND 7279662
	Bitmap Heap Scan on sbtest7  (cost=5.54..433.12 rows=108 width=125)
	  Recheck Cond: ((k >= 7279562) AND (k <= 7279662))
	  ->  Bitmap Index Scan on k_7  (cost=0.00..5.51 rows=108 width=0)
	        Index Cond: ((k >= 7279562) AND (k <= 7279662))

table 8 : explain SELECT k, c FROM sbtest8 WHERE k BETWEEN 7279562 AND 7279662
	Bitmap Heap Scan on sbtest8  (cost=5.54..433.11 rows=108 width=125)
	  Recheck Cond: ((k >= 7279562) AND (k <= 7279662))
	  ->  Bitmap Index Scan on k_8  (cost=0.00..5.51 rows=108 width=0)
	        Index Cond: ((k >= 7279562) AND (k <= 7279662))

for range-notcovered
table 1 : explain SELECT k, c FROM sbtest1 WHERE k BETWEEN 5399909 AND 5400009
	Bitmap Heap Scan on sbtest1  (cost=5.45..397.52 rows=99 width=125)
	  Recheck Cond: ((k >= 5399909) AND (k <= 5400009))
	  ->  Bitmap Index Scan on k_1  (cost=0.00..5.42 rows=99 width=0)
	        Index Cond: ((k >= 5399909) AND (k <= 5400009))

table 2 : explain SELECT k, c FROM sbtest2 WHERE k BETWEEN 5399909 AND 5400009
	Bitmap Heap Scan on sbtest2  (cost=5.47..405.44 rows=101 width=125)
	  Recheck Cond: ((k >= 5399909) AND (k <= 5400009))
	  ->  Bitmap Index Scan on k_2  (cost=0.00..5.44 rows=101 width=0)
	        Index Cond: ((k >= 5399909) AND (k <= 5400009))

table 3 : explain SELECT k, c FROM sbtest3 WHERE k BETWEEN 5399909 AND 5400009
	Bitmap Heap Scan on sbtest3  (cost=5.45..397.56 rows=99 width=125)
	  Recheck Cond: ((k >= 5399909) AND (k <= 5400009))
	  ->  Bitmap Index Scan on k_3  (cost=0.00..5.42 rows=99 width=0)
	        Index Cond: ((k >= 5399909) AND (k <= 5400009))

table 4 : explain SELECT k, c FROM sbtest4 WHERE k BETWEEN 5399909 AND 5400009
	Bitmap Heap Scan on sbtest4  (cost=5.44..393.65 rows=98 width=125)
	  Recheck Cond: ((k >= 5399909) AND (k <= 5400009))
	  ->  Bitmap Index Scan on k_4  (cost=0.00..5.42 rows=98 width=0)
	        Index Cond: ((k >= 5399909) AND (k <= 5400009))

table 5 : explain SELECT k, c FROM sbtest5 WHERE k BETWEEN 5399909 AND 5400009
	Bitmap Heap Scan on sbtest5  (cost=5.46..401.54 rows=100 width=125)
	  Recheck Cond: ((k >= 5399909) AND (k <= 5400009))
	  ->  Bitmap Index Scan on k_5  (cost=0.00..5.43 rows=100 width=0)
	        Index Cond: ((k >= 5399909) AND (k <= 5400009))

table 6 : explain SELECT k, c FROM sbtest6 WHERE k BETWEEN 5399909 AND 5400009
	Bitmap Heap Scan on sbtest6  (cost=5.57..444.90 rows=111 width=125)
	  Recheck Cond: ((k >= 5399909) AND (k <= 5400009))
	  ->  Bitmap Index Scan on k_6  (cost=0.00..5.54 rows=111 width=0)
	        Index Cond: ((k >= 5399909) AND (k <= 5400009))

table 7 : explain SELECT k, c FROM sbtest7 WHERE k BETWEEN 5399909 AND 5400009
	Bitmap Heap Scan on sbtest7  (cost=5.50..417.35 rows=104 width=125)
	  Recheck Cond: ((k >= 5399909) AND (k <= 5400009))
	  ->  Bitmap Index Scan on k_7  (cost=0.00..5.47 rows=104 width=0)
	        Index Cond: ((k >= 5399909) AND (k <= 5400009))

table 8 : explain SELECT k, c FROM sbtest8 WHERE k BETWEEN 5399909 AND 5400009
	Bitmap Heap Scan on sbtest8  (cost=5.47..405.52 rows=101 width=125)
	  Recheck Cond: ((k >= 5399909) AND (k <= 5400009))
	  ->  Bitmap Index Scan on k_8  (cost=0.00..5.44 rows=101 width=0)
	        Index Cond: ((k >= 5399909) AND (k <= 5400009))

explain: for range-notcovered :: explain SELECT k, c FROM sbtest%d WHERE k BETWEEN 7000310 AND 7000410
for range-notcovered
table 1 : explain SELECT k, c FROM sbtest1 WHERE k BETWEEN 7296661 AND 7296761
	Bitmap Heap Scan on sbtest1  (cost=5.48..409.34 rows=102 width=125)
	  Recheck Cond: ((k >= 7296661) AND (k <= 7296761))
	  ->  Bitmap Index Scan on k_1  (cost=0.00..5.45 rows=102 width=0)
	        Index Cond: ((k >= 7296661) AND (k <= 7296761))

table 2 : explain SELECT k, c FROM sbtest2 WHERE k BETWEEN 7296661 AND 7296761
	Bitmap Heap Scan on sbtest2  (cost=5.49..413.32 rows=103 width=125)
	  Recheck Cond: ((k >= 7296661) AND (k <= 7296761))
	  ->  Bitmap Index Scan on k_2  (cost=0.00..5.46 rows=103 width=0)
	        Index Cond: ((k >= 7296661) AND (k <= 7296761))

table 3 : explain SELECT k, c FROM sbtest3 WHERE k BETWEEN 7296661 AND 7296761
	Bitmap Heap Scan on sbtest3  (cost=5.47..405.44 rows=101 width=125)
	  Recheck Cond: ((k >= 7296661) AND (k <= 7296761))
	  ->  Bitmap Index Scan on k_3  (cost=0.00..5.44 rows=101 width=0)
	        Index Cond: ((k >= 7296661) AND (k <= 7296761))

table 4 : explain SELECT k, c FROM sbtest4 WHERE k BETWEEN 7296661 AND 7296761
	Bitmap Heap Scan on sbtest4  (cost=5.51..421.25 rows=105 width=125)
	  Recheck Cond: ((k >= 7296661) AND (k <= 7296761))
	  ->  Bitmap Index Scan on k_4  (cost=0.00..5.48 rows=105 width=0)
	        Index Cond: ((k >= 7296661) AND (k <= 7296761))

table 5 : explain SELECT k, c FROM sbtest5 WHERE k BETWEEN 7296661 AND 7296761
	Bitmap Heap Scan on sbtest5  (cost=5.47..405.48 rows=101 width=125)
	  Recheck Cond: ((k >= 7296661) AND (k <= 7296761))
	  ->  Bitmap Index Scan on k_5  (cost=0.00..5.44 rows=101 width=0)
	        Index Cond: ((k >= 7296661) AND (k <= 7296761))

table 6 : explain SELECT k, c FROM sbtest6 WHERE k BETWEEN 7296661 AND 7296761
	Bitmap Heap Scan on sbtest6  (cost=5.35..358.13 rows=89 width=125)
	  Recheck Cond: ((k >= 7296661) AND (k <= 7296761))
	  ->  Bitmap Index Scan on k_6  (cost=0.00..5.32 rows=89 width=0)
	        Index Cond: ((k >= 7296661) AND (k <= 7296761))

table 7 : explain SELECT k, c FROM sbtest7 WHERE k BETWEEN 7296661 AND 7296761
	Bitmap Heap Scan on sbtest7  (cost=5.54..433.12 rows=108 width=125)
	  Recheck Cond: ((k >= 7296661) AND (k <= 7296761))
	  ->  Bitmap Index Scan on k_7  (cost=0.00..5.51 rows=108 width=0)
	        Index Cond: ((k >= 7296661) AND (k <= 7296761))

table 8 : explain SELECT k, c FROM sbtest8 WHERE k BETWEEN 7296661 AND 7296761
	Bitmap Heap Scan on sbtest8  (cost=5.54..433.11 rows=108 width=125)
	  Recheck Cond: ((k >= 7296661) AND (k <= 7296761))
	  ->  Bitmap Index Scan on k_8  (cost=0.00..5.51 rows=108 width=0)
	        Index Cond: ((k >= 7296661) AND (k <= 7296761))

for range-notcovered
table 1 : explain SELECT k, c FROM sbtest1 WHERE k BETWEEN 4410081 AND 4410181
	Bitmap Heap Scan on sbtest1  (cost=5.42..385.68 rows=96 width=125)
	  Recheck Cond: ((k >= 4410081) AND (k <= 4410181))
	  ->  Bitmap Index Scan on k_1  (cost=0.00..5.39 rows=96 width=0)
	        Index Cond: ((k >= 4410081) AND (k <= 4410181))

table 2 : explain SELECT k, c FROM sbtest2 WHERE k BETWEEN 4410081 AND 4410181
	Bitmap Heap Scan on sbtest2  (cost=5.49..413.32 rows=103 width=125)
	  Recheck Cond: ((k >= 4410081) AND (k <= 4410181))
	  ->  Bitmap Index Scan on k_2  (cost=0.00..5.46 rows=103 width=0)
	        Index Cond: ((k >= 4410081) AND (k <= 4410181))

table 3 : explain SELECT k, c FROM sbtest3 WHERE k BETWEEN 4410081 AND 4410181
	Bitmap Heap Scan on sbtest3  (cost=5.45..397.56 rows=99 width=125)
	  Recheck Cond: ((k >= 4410081) AND (k <= 4410181))
	  ->  Bitmap Index Scan on k_3  (cost=0.00..5.42 rows=99 width=0)
	        Index Cond: ((k >= 4410081) AND (k <= 4410181))

table 4 : explain SELECT k, c FROM sbtest4 WHERE k BETWEEN 4410081 AND 4410181
	Bitmap Heap Scan on sbtest4  (cost=5.38..369.97 rows=92 width=125)
	  Recheck Cond: ((k >= 4410081) AND (k <= 4410181))
	  ->  Bitmap Index Scan on k_4  (cost=0.00..5.35 rows=92 width=0)
	        Index Cond: ((k >= 4410081) AND (k <= 4410181))

table 5 : explain SELECT k, c FROM sbtest5 WHERE k BETWEEN 4410081 AND 4410181
	Bitmap Heap Scan on sbtest5  (cost=5.45..397.59 rows=99 width=125)
	  Recheck Cond: ((k >= 4410081) AND (k <= 4410181))
	  ->  Bitmap Index Scan on k_5  (cost=0.00..5.42 rows=99 width=0)
	        Index Cond: ((k >= 4410081) AND (k <= 4410181))

table 6 : explain SELECT k, c FROM sbtest6 WHERE k BETWEEN 4410081 AND 4410181
	Bitmap Heap Scan on sbtest6  (cost=5.44..393.65 rows=98 width=125)
	  Recheck Cond: ((k >= 4410081) AND (k <= 4410181))
	  ->  Bitmap Index Scan on k_6  (cost=0.00..5.42 rows=98 width=0)
	        Index Cond: ((k >= 4410081) AND (k <= 4410181))

table 7 : explain SELECT k, c FROM sbtest7 WHERE k BETWEEN 4410081 AND 4410181
	Bitmap Heap Scan on sbtest7  (cost=5.52..425.23 rows=106 width=125)
	  Recheck Cond: ((k >= 4410081) AND (k <= 4410181))
	  ->  Bitmap Index Scan on k_7  (cost=0.00..5.50 rows=106 width=0)
	        Index Cond: ((k >= 4410081) AND (k <= 4410181))

table 8 : explain SELECT k, c FROM sbtest8 WHERE k BETWEEN 4410081 AND 4410181
	Bitmap Heap Scan on sbtest8  (cost=5.48..409.46 rows=102 width=125)
	  Recheck Cond: ((k >= 4410081) AND (k <= 4410181))
	  ->  Bitmap Index Scan on k_8  (cost=0.00..5.45 rows=102 width=0)
	        Index Cond: ((k >= 4410081) AND (k <= 4410181))

for range-notcovered
table 1 : explain SELECT k, c FROM sbtest1 WHERE k BETWEEN 6222055 AND 6222155
	Bitmap Heap Scan on sbtest1  (cost=5.48..409.34 rows=102 width=125)
	  Recheck Cond: ((k >= 6222055) AND (k <= 6222155))
	  ->  Bitmap Index Scan on k_1  (cost=0.00..5.45 rows=102 width=0)
	        Index Cond: ((k >= 6222055) AND (k <= 6222155))

table 2 : explain SELECT k, c FROM sbtest2 WHERE k BETWEEN 6222055 AND 6222155
	Bitmap Heap Scan on sbtest2  (cost=5.55..436.97 rows=109 width=125)
	  Recheck Cond: ((k >= 6222055) AND (k <= 6222155))
	  ->  Bitmap Index Scan on k_2  (cost=0.00..5.52 rows=109 width=0)
	        Index Cond: ((k >= 6222055) AND (k <= 6222155))

table 3 : explain SELECT k, c FROM sbtest3 WHERE k BETWEEN 6222055 AND 6222155
	Bitmap Heap Scan on sbtest3  (cost=5.50..417.27 rows=104 width=125)
	  Recheck Cond: ((k >= 6222055) AND (k <= 6222155))
	  ->  Bitmap Index Scan on k_3  (cost=0.00..5.47 rows=104 width=0)
	        Index Cond: ((k >= 6222055) AND (k <= 6222155))

table 4 : explain SELECT k, c FROM sbtest4 WHERE k BETWEEN 6222055 AND 6222155
	Bitmap Heap Scan on sbtest4  (cost=5.48..409.42 rows=102 width=125)
	  Recheck Cond: ((k >= 6222055) AND (k <= 6222155))
	  ->  Bitmap Index Scan on k_4  (cost=0.00..5.45 rows=102 width=0)
	        Index Cond: ((k >= 6222055) AND (k <= 6222155))

table 5 : explain SELECT k, c FROM sbtest5 WHERE k BETWEEN 6222055 AND 6222155
	Bitmap Heap Scan on sbtest5  (cost=5.49..413.37 rows=103 width=125)
	  Recheck Cond: ((k >= 6222055) AND (k <= 6222155))
	  ->  Bitmap Index Scan on k_5  (cost=0.00..5.46 rows=103 width=0)
	        Index Cond: ((k >= 6222055) AND (k <= 6222155))

table 6 : explain SELECT k, c FROM sbtest6 WHERE k BETWEEN 6222055 AND 6222155
	Bitmap Heap Scan on sbtest6  (cost=5.43..389.70 rows=97 width=125)
	  Recheck Cond: ((k >= 6222055) AND (k <= 6222155))
	  ->  Bitmap Index Scan on k_6  (cost=0.00..5.40 rows=97 width=0)
	        Index Cond: ((k >= 6222055) AND (k <= 6222155))

table 7 : explain SELECT k, c FROM sbtest7 WHERE k BETWEEN 6222055 AND 6222155
	Bitmap Heap Scan on sbtest7  (cost=5.45..397.63 rows=99 width=125)
	  Recheck Cond: ((k >= 6222055) AND (k <= 6222155))
	  ->  Bitmap Index Scan on k_7  (cost=0.00..5.42 rows=99 width=0)
	        Index Cond: ((k >= 6222055) AND (k <= 6222155))

table 8 : explain SELECT k, c FROM sbtest8 WHERE k BETWEEN 6222055 AND 6222155
	Bitmap Heap Scan on sbtest8  (cost=5.51..421.29 rows=105 width=125)
	  Recheck Cond: ((k >= 6222055) AND (k <= 6222155))
	  ->  Bitmap Index Scan on k_8  (cost=0.00..5.48 rows=105 width=0)
	        Index Cond: ((k >= 6222055) AND (k <= 6222155))

explain: for range-notcovered :: explain SELECT k, c FROM sbtest%d WHERE k BETWEEN 1173834 AND 1173934explain: for range-notcovered :: explain SELECT k, c FROM sbtest%d WHERE k BETWEEN 7296661 AND 7296761
explain: for range-notcovered :: explain SELECT k, c FROM sbtest%d WHERE k BETWEEN 6408735 AND 6408835

explain: for range-notcovered :: explain SELECT k, c FROM sbtest%d WHERE k BETWEEN 3951479 AND 3951579
for range-notcovered
table 1 : explain SELECT k, c FROM sbtest1 WHERE k BETWEEN 3944438 AND 3944538
	Bitmap Heap Scan on sbtest1  (cost=5.54..432.99 rows=108 width=125)
	  Recheck Cond: ((k >= 3944438) AND (k <= 3944538))
	  ->  Bitmap Index Scan on k_1  (cost=0.00..5.51 rows=108 width=0)
	        Index Cond: ((k >= 3944438) AND (k <= 3944538))

table 2 : explain SELECT k, c FROM sbtest2 WHERE k BETWEEN 3944438 AND 3944538
	Bitmap Heap Scan on sbtest2  (cost=5.46..401.50 rows=100 width=125)
	  Recheck Cond: ((k >= 3944438) AND (k <= 3944538))
	  ->  Bitmap Index Scan on k_2  (cost=0.00..5.43 rows=100 width=0)
	        Index Cond: ((k >= 3944438) AND (k <= 3944538))

table 3 : explain SELECT k, c FROM sbtest3 WHERE k BETWEEN 3944438 AND 3944538
	Bitmap Heap Scan on sbtest3  (cost=5.47..405.44 rows=101 width=125)
	  Recheck Cond: ((k >= 3944438) AND (k <= 3944538))
	  ->  Bitmap Index Scan on k_3  (cost=0.00..5.44 rows=101 width=0)
	        Index Cond: ((k >= 3944438) AND (k <= 3944538))

table 4 : explain SELECT k, c FROM sbtest4 WHERE k BETWEEN 3944438 AND 3944538
	Bitmap Heap Scan on sbtest4  (cost=5.60..456.71 rows=114 width=125)
	  Recheck Cond: ((k >= 3944438) AND (k <= 3944538))
	  ->  Bitmap Index Scan on k_4  (cost=0.00..5.58 rows=114 width=0)
	        Index Cond: ((k >= 3944438) AND (k <= 3944538))

table 5 : explain SELECT k, c FROM sbtest5 WHERE k BETWEEN 3944438 AND 3944538
	Bitmap Heap Scan on sbtest5  (cost=5.54..433.08 rows=108 width=125)
	  Recheck Cond: ((k >= 3944438) AND (k <= 3944538))
	  ->  Bitmap Index Scan on k_5  (cost=0.00..5.51 rows=108 width=0)
	        Index Cond: ((k >= 3944438) AND (k <= 3944538))

table 6 : explain SELECT k, c FROM sbtest6 WHERE k BETWEEN 3944438 AND 3944538
	Bitmap Heap Scan on sbtest6  (cost=5.50..417.31 rows=104 width=125)
	  Recheck Cond: ((k >= 3944438) AND (k <= 3944538))
	  ->  Bitmap Index Scan on k_6  (cost=0.00..5.47 rows=104 width=0)
	        Index Cond: ((k >= 3944438) AND (k <= 3944538))

table 7 : explain SELECT k, c FROM sbtest7 WHERE k BETWEEN 3944438 AND 3944538
	Bitmap Heap Scan on sbtest7  (cost=5.44..393.68 rows=98 width=125)
	  Recheck Cond: ((k >= 3944438) AND (k <= 3944538))
	  ->  Bitmap Index Scan on k_7  (cost=0.00..5.42 rows=98 width=0)
	        Index Cond: ((k >= 3944438) AND (k <= 3944538))

table 8 : explain SELECT k, c FROM sbtest8 WHERE k BETWEEN 3944438 AND 3944538
	Bitmap Heap Scan on sbtest8  (cost=5.56..441.00 rows=110 width=125)
	  Recheck Cond: ((k >= 3944438) AND (k <= 3944538))
	  ->  Bitmap Index Scan on k_8  (cost=0.00..5.53 rows=110 width=0)
	        Index Cond: ((k >= 3944438) AND (k <= 3944538))


explain: for range-notcovered :: explain SELECT k, c FROM sbtest%d WHERE k BETWEEN 7623222 AND 7623322for range-notcovered
table 1 : explain SELECT k, c FROM sbtest1 WHERE k BETWEEN 4243065 AND 4243165
	Bitmap Heap Scan on sbtest1  (cost=5.49..413.29 rows=103 width=125)
	  Recheck Cond: ((k >= 4243065) AND (k <= 4243165))
	  ->  Bitmap Index Scan on k_1  (cost=0.00..5.46 rows=103 width=0)
	        Index Cond: ((k >= 4243065) AND (k <= 4243165))

table 2 : explain SELECT k, c FROM sbtest2 WHERE k BETWEEN 4243065 AND 4243165
	Bitmap Heap Scan on sbtest2  (cost=5.55..436.97 rows=109 width=125)
	  Recheck Cond: ((k >= 4243065) AND (k <= 4243165))
	  ->  Bitmap Index Scan on k_2  (cost=0.00..5.52 rows=109 width=0)
	        Index Cond: ((k >= 4243065) AND (k <= 4243165))

table 3 : explain SELECT k, c FROM sbtest3 WHERE k BETWEEN 4243065 AND 4243165
	Bitmap Heap Scan on sbtest3  (cost=5.47..405.44 rows=101 width=125)
	  Recheck Cond: ((k >= 4243065) AND (k <= 4243165))
	  ->  Bitmap Index Scan on k_3  (cost=0.00..5.44 rows=101 width=0)
	        Index Cond: ((k >= 4243065) AND (k <= 4243165))

table 4 : explain SELECT k, c FROM sbtest4 WHERE k BETWEEN 4243065 AND 4243165
	Bitmap Heap Scan on sbtest4  (cost=5.43..389.70 rows=97 width=125)
	  Recheck Cond: ((k >= 4243065) AND (k <= 4243165))
	  ->  Bitmap Index Scan on k_4  (cost=0.00..5.40 rows=97 width=0)
	        Index Cond: ((k >= 4243065) AND (k <= 4243165))

table 5 : explain SELECT k, c FROM sbtest5 WHERE k BETWEEN 4243065 AND 4243165
	Bitmap Heap Scan on sbtest5  (cost=5.41..381.81 rows=95 width=125)
	  Recheck Cond: ((k >= 4243065) AND (k <= 4243165))
	  ->  Bitmap Index Scan on k_5  (cost=0.00..5.38 rows=95 width=0)
	        Index Cond: ((k >= 4243065) AND (k <= 4243165))

table 6 : explain SELECT k, c FROM sbtest6 WHERE k BETWEEN 4243065 AND 4243165
	Bitmap Heap Scan on sbtest6  (cost=5.48..409.42 rows=102 width=125)
	  Recheck Cond: ((k >= 4243065) AND (k <= 4243165))
	  ->  Bitmap Index Scan on k_6  (cost=0.00..5.45 rows=102 width=0)
	        Index Cond: ((k >= 4243065) AND (k <= 4243165))

table 7 : explain SELECT k, c FROM sbtest7 WHERE k BETWEEN 4243065 AND 4243165
	Bitmap Heap Scan on sbtest7  (cost=5.45..397.63 rows=99 width=125)
	  Recheck Cond: ((k >= 4243065) AND (k <= 4243165))
	  ->  Bitmap Index Scan on k_7  (cost=0.00..5.42 rows=99 width=0)
	        Index Cond: ((k >= 4243065) AND (k <= 4243165))

table 8 : explain SELECT k, c FROM sbtest8 WHERE k BETWEEN 4243065 AND 4243165
	Bitmap Heap Scan on sbtest8  (cost=5.51..421.29 rows=105 width=125)
	  Recheck Cond: ((k >= 4243065) AND (k <= 4243165))
	  ->  Bitmap Index Scan on k_8  (cost=0.00..5.48 rows=105 width=0)
	        Index Cond: ((k >= 4243065) AND (k <= 4243165))

explain: for range-notcovered :: explain SELECT k, c FROM sbtest%d WHERE k BETWEEN 7279562 AND 7279662

explain: for range-notcovered :: explain SELECT k, c FROM sbtest%d WHERE k BETWEEN 3944438 AND 3944538
explain: for range-notcovered :: explain SELECT k, c FROM sbtest%d WHERE k BETWEEN 3925795 AND 3925895

for range-notcovered
table 1 : explain SELECT k, c FROM sbtest1 WHERE k BETWEEN 5153009 AND 5153109
	Bitmap Heap Scan on sbtest1  (cost=5.50..417.23 rows=104 width=125)
	  Recheck Cond: ((k >= 5153009) AND (k <= 5153109))
	  ->  Bitmap Index Scan on k_1  (cost=0.00..5.47 rows=104 width=0)
	        Index Cond: ((k >= 5153009) AND (k <= 5153109))

table 2 : explain SELECT k, c FROM sbtest2 WHERE k BETWEEN 5153009 AND 5153109
	Bitmap Heap Scan on sbtest2  (cost=5.47..405.44 rows=101 width=125)
	  Recheck Cond: ((k >= 5153009) AND (k <= 5153109))
	  ->  Bitmap Index Scan on k_2  (cost=0.00..5.44 rows=101 width=0)
	        Index Cond: ((k >= 5153009) AND (k <= 5153109))

table 3 : explain SELECT k, c FROM sbtest3 WHERE k BETWEEN 5153009 AND 5153109
	Bitmap Heap Scan on sbtest3  (cost=5.57..444.85 rows=111 width=125)
	  Recheck Cond: ((k >= 5153009) AND (k <= 5153109))
	  ->  Bitmap Index Scan on k_3  (cost=0.00..5.54 rows=111 width=0)
	        Index Cond: ((k >= 5153009) AND (k <= 5153109))

table 4 : explain SELECT k, c FROM sbtest4 WHERE k BETWEEN 5153009 AND 5153109
	Bitmap Heap Scan on sbtest4  (cost=5.56..440.95 rows=110 width=125)
	  Recheck Cond: ((k >= 5153009) AND (k <= 5153109))
	  ->  Bitmap Index Scan on k_4  (cost=0.00..5.53 rows=110 width=0)
	        Index Cond: ((k >= 5153009) AND (k <= 5153109))

table 5 : explain SELECT k, c FROM sbtest5 WHERE k BETWEEN 5153009 AND 5153109
	Bitmap Heap Scan on sbtest5  (cost=5.43..389.70 rows=97 width=125)
	  Recheck Cond: ((k >= 5153009) AND (k <= 5153109))
	  ->  Bitmap Index Scan on k_5  (cost=0.00..5.40 rows=97 width=0)
	        Index Cond: ((k >= 5153009) AND (k <= 5153109))

table 6 : explain SELECT k, c FROM sbtest6 WHERE k BETWEEN 5153009 AND 5153109
	Bitmap Heap Scan on sbtest6  (cost=5.43..389.70 rows=97 width=125)
	  Recheck Cond: ((k >= 5153009) AND (k <= 5153109))
	  ->  Bitmap Index Scan on k_6  (cost=0.00..5.40 rows=97 width=0)
	        Index Cond: ((k >= 5153009) AND (k <= 5153109))

table 7 : explain SELECT k, c FROM sbtest7 WHERE k BETWEEN 5153009 AND 5153109
	Bitmap Heap Scan on sbtest7  (cost=5.54..433.12 rows=108 width=125)
	  Recheck Cond: ((k >= 5153009) AND (k <= 5153109))
	  ->  Bitmap Index Scan on k_7  (cost=0.00..5.51 rows=108 width=0)
	        Index Cond: ((k >= 5153009) AND (k <= 5153109))

table 8 : explain SELECT k, c FROM sbtest8 WHERE k BETWEEN 5153009 AND 5153109
	Bitmap Heap Scan on sbtest8  (cost=5.40..377.90 rows=94 width=125)
	  Recheck Cond: ((k >= 5153009) AND (k <= 5153109))
	  ->  Bitmap Index Scan on k_8  (cost=0.00..5.38 rows=94 width=0)
	        Index Cond: ((k >= 5153009) AND (k <= 5153109))

for range-notcovered
table 1 : explain SELECT k, c FROM sbtest1 WHERE k BETWEEN 8296793 AND 8296893
	Bitmap Heap Scan on sbtest1  (cost=5.51..421.17 rows=105 width=125)
	  Recheck Cond: ((k >= 8296793) AND (k <= 8296893))
	  ->  Bitmap Index Scan on k_1  (cost=0.00..5.48 rows=105 width=0)
	        Index Cond: ((k >= 8296793) AND (k <= 8296893))

table 2 : explain SELECT k, c FROM sbtest2 WHERE k BETWEEN 8296793 AND 8296893
	Bitmap Heap Scan on sbtest2  (cost=5.47..405.44 rows=101 width=125)
	  Recheck Cond: ((k >= 8296793) AND (k <= 8296893))
	  ->  Bitmap Index Scan on k_2  (cost=0.00..5.44 rows=101 width=0)
	        Index Cond: ((k >= 8296793) AND (k <= 8296893))

table 3 : explain SELECT k, c FROM sbtest3 WHERE k BETWEEN 8296793 AND 8296893
	Bitmap Heap Scan on sbtest3  (cost=5.42..385.72 rows=96 width=125)
	  Recheck Cond: ((k >= 8296793) AND (k <= 8296893))
	  ->  Bitmap Index Scan on k_3  (cost=0.00..5.39 rows=96 width=0)
	        Index Cond: ((k >= 8296793) AND (k <= 8296893))

table 4 : explain SELECT k, c FROM sbtest4 WHERE k BETWEEN 8296793 AND 8296893
	Bitmap Heap Scan on sbtest4  (cost=5.36..362.07 rows=90 width=125)
	  Recheck Cond: ((k >= 8296793) AND (k <= 8296893))
	  ->  Bitmap Index Scan on k_4  (cost=0.00..5.33 rows=90 width=0)
	        Index Cond: ((k >= 8296793) AND (k <= 8296893))

table 5 : explain SELECT k, c FROM sbtest5 WHERE k BETWEEN 8296793 AND 8296893
	Bitmap Heap Scan on sbtest5  (cost=5.57..444.90 rows=111 width=125)
	  Recheck Cond: ((k >= 8296793) AND (k <= 8296893))
	  ->  Bitmap Index Scan on k_5  (cost=0.00..5.54 rows=111 width=0)
	        Index Cond: ((k >= 8296793) AND (k <= 8296893))

table 6 : explain SELECT k, c FROM sbtest6 WHERE k BETWEEN 8296793 AND 8296893
	Bitmap Heap Scan on sbtest6  (cost=5.46..401.54 rows=100 width=125)
	  Recheck Cond: ((k >= 8296793) AND (k <= 8296893))
	  ->  Bitmap Index Scan on k_6  (cost=0.00..5.43 rows=100 width=0)
	        Index Cond: ((k >= 8296793) AND (k <= 8296893))

table 7 : explain SELECT k, c FROM sbtest7 WHERE k BETWEEN 8296793 AND 8296893
	Bitmap Heap Scan on sbtest7  (cost=5.42..385.79 rows=96 width=125)
	  Recheck Cond: ((k >= 8296793) AND (k <= 8296893))
	  ->  Bitmap Index Scan on k_7  (cost=0.00..5.39 rows=96 width=0)
	        Index Cond: ((k >= 8296793) AND (k <= 8296893))

table 8 : explain SELECT k, c FROM sbtest8 WHERE k BETWEEN 8296793 AND 8296893
	Bitmap Heap Scan on sbtest8  (cost=5.44..393.68 rows=98 width=125)
	  Recheck Cond: ((k >= 8296793) AND (k <= 8296893))
	  ->  Bitmap Index Scan on k_8  (cost=0.00..5.42 rows=98 width=0)
	        Index Cond: ((k >= 8296793) AND (k <= 8296893))


explain: for range-notcovered :: explain SELECT k, c FROM sbtest%d WHERE k BETWEEN 6222055 AND 6222155for range-notcovered
table 1 : explain SELECT k, c FROM sbtest1 WHERE k BETWEEN 4455370 AND 4455470
	Bitmap Heap Scan on sbtest1  (cost=5.61..460.55 rows=115 width=125)
	  Recheck Cond: ((k >= 4455370) AND (k <= 4455470))
	  ->  Bitmap Index Scan on k_1  (cost=0.00..5.58 rows=115 width=0)
	        Index Cond: ((k >= 4455370) AND (k <= 4455470))

table 2 : explain SELECT k, c FROM sbtest2 WHERE k BETWEEN 4455370 AND 4455470
	Bitmap Heap Scan on sbtest2  (cost=5.45..397.55 rows=99 width=125)
	  Recheck Cond: ((k >= 4455370) AND (k <= 4455470))
	  ->  Bitmap Index Scan on k_2  (cost=0.00..5.42 rows=99 width=0)
	        Index Cond: ((k >= 4455370) AND (k <= 4455470))

table 3 : explain SELECT k, c FROM sbtest3 WHERE k BETWEEN 4455370 AND 4455470
	Bitmap Heap Scan on sbtest3  (cost=5.45..397.56 rows=99 width=125)
	  Recheck Cond: ((k >= 4455370) AND (k <= 4455470))
	  ->  Bitmap Index Scan on k_3  (cost=0.00..5.42 rows=99 width=0)
	        Index Cond: ((k >= 4455370) AND (k <= 4455470))

table 4 : explain SELECT k, c FROM sbtest4 WHERE k BETWEEN 4455370 AND 4455470
	Bitmap Heap Scan on sbtest4  (cost=5.46..401.53 rows=100 width=125)
	  Recheck Cond: ((k >= 4455370) AND (k <= 4455470))
	  ->  Bitmap Index Scan on k_4  (cost=0.00..5.43 rows=100 width=0)
	        Index Cond: ((k >= 4455370) AND (k <= 4455470))

table 5 : explain SELECT k, c FROM sbtest5 WHERE k BETWEEN 4455370 AND 4455470
	Bitmap Heap Scan on sbtest5  (cost=5.45..397.59 rows=99 width=125)
	  Recheck Cond: ((k >= 4455370) AND (k <= 4455470))
	  ->  Bitmap Index Scan on k_5  (cost=0.00..5.42 rows=99 width=0)
	        Index Cond: ((k >= 4455370) AND (k <= 4455470))

table 6 : explain SELECT k, c FROM sbtest6 WHERE k BETWEEN 4455370 AND 4455470
	Bitmap Heap Scan on sbtest6  (cost=5.44..393.65 rows=98 width=125)
	  Recheck Cond: ((k >= 4455370) AND (k <= 4455470))
	  ->  Bitmap Index Scan on k_6  (cost=0.00..5.42 rows=98 width=0)
	        Index Cond: ((k >= 4455370) AND (k <= 4455470))

table 7 : explain SELECT k, c FROM sbtest7 WHERE k BETWEEN 4455370 AND 4455470
	Bitmap Heap Scan on sbtest7  (cost=5.52..425.23 rows=106 width=125)
	  Recheck Cond: ((k >= 4455370) AND (k <= 4455470))
	  ->  Bitmap Index Scan on k_7  (cost=0.00..5.50 rows=106 width=0)
	        Index Cond: ((k >= 4455370) AND (k <= 4455470))

table 8 : explain SELECT k, c FROM sbtest8 WHERE k BETWEEN 4455370 AND 4455470
	Bitmap Heap Scan on sbtest8  (cost=5.48..409.46 rows=102 width=125)
	  Recheck Cond: ((k >= 4455370) AND (k <= 4455470))
	  ->  Bitmap Index Scan on k_8  (cost=0.00..5.45 rows=102 width=0)
	        Index Cond: ((k >= 4455370) AND (k <= 4455470))

for range-notcovered
table 1 : explain SELECT k, c FROM sbtest1 WHERE k BETWEEN 7804666 AND 7804766
	Bitmap Heap Scan on sbtest1  (cost=5.42..385.68 rows=96 width=125)
	  Recheck Cond: ((k >= 7804666) AND (k <= 7804766))
	  ->  Bitmap Index Scan on k_1  (cost=0.00..5.39 rows=96 width=0)
	        Index Cond: ((k >= 7804666) AND (k <= 7804766))

table 2 : explain SELECT k, c FROM sbtest2 WHERE k BETWEEN 7804666 AND 7804766
	Bitmap Heap Scan on sbtest2  (cost=5.48..409.38 rows=102 width=125)
	  Recheck Cond: ((k >= 7804666) AND (k <= 7804766))
	  ->  Bitmap Index Scan on k_2  (cost=0.00..5.45 rows=102 width=0)
	        Index Cond: ((k >= 7804666) AND (k <= 7804766))

table 3 : explain SELECT k, c FROM sbtest3 WHERE k BETWEEN 7804666 AND 7804766
	Bitmap Heap Scan on sbtest3  (cost=5.48..409.39 rows=102 width=125)
	  Recheck Cond: ((k >= 7804666) AND (k <= 7804766))
	  ->  Bitmap Index Scan on k_3  (cost=0.00..5.45 rows=102 width=0)
	        Index Cond: ((k >= 7804666) AND (k <= 7804766))

table 4 : explain SELECT k, c FROM sbtest4 WHERE k BETWEEN 7804666 AND 7804766
	Bitmap Heap Scan on sbtest4  (cost=5.45..397.59 rows=99 width=125)
	  Recheck Cond: ((k >= 7804666) AND (k <= 7804766))
	  ->  Bitmap Index Scan on k_4  (cost=0.00..5.42 rows=99 width=0)
	        Index Cond: ((k >= 7804666) AND (k <= 7804766))

table 5 : explain SELECT k, c FROM sbtest5 WHERE k BETWEEN 7804666 AND 7804766
	Bitmap Heap Scan on sbtest5  (cost=5.52..425.19 rows=106 width=125)
	  Recheck Cond: ((k >= 7804666) AND (k <= 7804766))
	  ->  Bitmap Index Scan on k_5  (cost=0.00..5.50 rows=106 width=0)
	        Index Cond: ((k >= 7804666) AND (k <= 7804766))

table 6 : explain SELECT k, c FROM sbtest6 WHERE k BETWEEN 7804666 AND 7804766
	Bitmap Heap Scan on sbtest6  (cost=5.51..421.25 rows=105 width=125)
	  Recheck Cond: ((k >= 7804666) AND (k <= 7804766))
	  ->  Bitmap Index Scan on k_6  (cost=0.00..5.48 rows=105 width=0)
	        Index Cond: ((k >= 7804666) AND (k <= 7804766))

table 7 : explain SELECT k, c FROM sbtest7 WHERE k BETWEEN 7804666 AND 7804766
	Bitmap Heap Scan on sbtest7  (cost=5.48..409.46 rows=102 width=125)
	  Recheck Cond: ((k >= 7804666) AND (k <= 7804766))
	  ->  Bitmap Index Scan on k_7  (cost=0.00..5.45 rows=102 width=0)
	        Index Cond: ((k >= 7804666) AND (k <= 7804766))

table 8 : explain SELECT k, c FROM sbtest8 WHERE k BETWEEN 7804666 AND 7804766
	Bitmap Heap Scan on sbtest8  (cost=5.55..437.05 rows=109 width=125)
	  Recheck Cond: ((k >= 7804666) AND (k <= 7804766))
	  ->  Bitmap Index Scan on k_8  (cost=0.00..5.52 rows=109 width=0)
	        Index Cond: ((k >= 7804666) AND (k <= 7804766))

explain: for range-notcovered :: explain SELECT k, c FROM sbtest%d WHERE k BETWEEN 5001065 AND 5001165
for range-notcovered
table 1 : explain SELECT k, c FROM sbtest1 WHERE k BETWEEN 7575122 AND 7575222
	Bitmap Heap Scan on sbtest1  (cost=5.45..397.52 rows=99 width=125)
	  Recheck Cond: ((k >= 7575122) AND (k <= 7575222))
	  ->  Bitmap Index Scan on k_1  (cost=0.00..5.42 rows=99 width=0)
	        Index Cond: ((k >= 7575122) AND (k <= 7575222))

table 2 : explain SELECT k, c FROM sbtest2 WHERE k BETWEEN 7575122 AND 7575222
	Bitmap Heap Scan on sbtest2  (cost=5.50..417.27 rows=104 width=125)
	  Recheck Cond: ((k >= 7575122) AND (k <= 7575222))
	  ->  Bitmap Index Scan on k_2  (cost=0.00..5.47 rows=104 width=0)
	        Index Cond: ((k >= 7575122) AND (k <= 7575222))

table 3 : explain SELECT k, c FROM sbtest3 WHERE k BETWEEN 7575122 AND 7575222
	Bitmap Heap Scan on sbtest3  (cost=5.51..421.21 rows=105 width=125)
	  Recheck Cond: ((k >= 7575122) AND (k <= 7575222))
	  ->  Bitmap Index Scan on k_3  (cost=0.00..5.48 rows=105 width=0)
	        Index Cond: ((k >= 7575122) AND (k <= 7575222))

table 4 : explain SELECT k, c FROM sbtest4 WHERE k BETWEEN 7575122 AND 7575222
	Bitmap Heap Scan on sbtest4  (cost=5.51..421.25 rows=105 width=125)
	  Recheck Cond: ((k >= 7575122) AND (k <= 7575222))
	  ->  Bitmap Index Scan on k_4  (cost=0.00..5.48 rows=105 width=0)
	        Index Cond: ((k >= 7575122) AND (k <= 7575222))

table 5 : explain SELECT k, c FROM sbtest5 WHERE k BETWEEN 7575122 AND 7575222
	Bitmap Heap Scan on sbtest5  (cost=5.47..405.48 rows=101 width=125)
	  Recheck Cond: ((k >= 7575122) AND (k <= 7575222))
	  ->  Bitmap Index Scan on k_5  (cost=0.00..5.44 rows=101 width=0)
	        Index Cond: ((k >= 7575122) AND (k <= 7575222))

table 6 : explain SELECT k, c FROM sbtest6 WHERE k BETWEEN 7575122 AND 7575222
	Bitmap Heap Scan on sbtest6  (cost=5.41..381.81 rows=95 width=125)
	  Recheck Cond: ((k >= 7575122) AND (k <= 7575222))
	  ->  Bitmap Index Scan on k_6  (cost=0.00..5.38 rows=95 width=0)
	        Index Cond: ((k >= 7575122) AND (k <= 7575222))

table 7 : explain SELECT k, c FROM sbtest7 WHERE k BETWEEN 7575122 AND 7575222
	Bitmap Heap Scan on sbtest7  (cost=5.45..397.63 rows=99 width=125)
	  Recheck Cond: ((k >= 7575122) AND (k <= 7575222))
	  ->  Bitmap Index Scan on k_7  (cost=0.00..5.42 rows=99 width=0)
	        Index Cond: ((k >= 7575122) AND (k <= 7575222))

table 8 : explain SELECT k, c FROM sbtest8 WHERE k BETWEEN 7575122 AND 7575222
	Bitmap Heap Scan on sbtest8  (cost=5.49..413.40 rows=103 width=125)
	  Recheck Cond: ((k >= 7575122) AND (k <= 7575222))
	  ->  Bitmap Index Scan on k_8  (cost=0.00..5.46 rows=103 width=0)
	        Index Cond: ((k >= 7575122) AND (k <= 7575222))
for range-notcovered
table 1 : explain SELECT k, c FROM sbtest1 WHERE k BETWEEN 3346171 AND 3346271
	Bitmap Heap Scan on sbtest1  (cost=5.49..413.29 rows=103 width=125)
	  Recheck Cond: ((k >= 3346171) AND (k <= 3346271))
	  ->  Bitmap Index Scan on k_1  (cost=0.00..5.46 rows=103 width=0)
	        Index Cond: ((k >= 3346171) AND (k <= 3346271))

table 2 : explain SELECT k, c FROM sbtest2 WHERE k BETWEEN 3346171 AND 3346271
	Bitmap Heap Scan on sbtest2  (cost=5.53..429.09 rows=107 width=125)
	  Recheck Cond: ((k >= 3346171) AND (k <= 3346271))
	  ->  Bitmap Index Scan on k_2  (cost=0.00..5.50 rows=107 width=0)
	        Index Cond: ((k >= 3346171) AND (k <= 3346271))

table 3 : explain SELECT k, c FROM sbtest3 WHERE k BETWEEN 3346171 AND 3346271
	Bitmap Heap Scan on sbtest3  (cost=5.62..464.54 rows=116 width=125)
	  Recheck Cond: ((k >= 3346171) AND (k <= 3346271))
	  ->  Bitmap Index Scan on k_3  (cost=0.00..5.59 rows=116 width=0)
	        Index Cond: ((k >= 3346171) AND (k <= 3346271))

table 4 : explain SELECT k, c FROM sbtest4 WHERE k BETWEEN 3346171 AND 3346271
	Bitmap Heap Scan on sbtest4  (cost=5.57..444.89 rows=111 width=125)
	  Recheck Cond: ((k >= 3346171) AND (k <= 3346271))
	  ->  Bitmap Index Scan on k_4  (cost=0.00..5.54 rows=111 width=0)
	        Index Cond: ((k >= 3346171) AND (k <= 3346271))

table 5 : explain SELECT k, c FROM sbtest5 WHERE k BETWEEN 3346171 AND 3346271
	Bitmap Heap Scan on sbtest5  (cost=5.53..429.13 rows=107 width=125)
	  Recheck Cond: ((k >= 3346171) AND (k <= 3346271))
	  ->  Bitmap Index Scan on k_5  (cost=0.00..5.50 rows=107 width=0)
	        Index Cond: ((k >= 3346171) AND (k <= 3346271))

table 6 : explain SELECT k, c FROM sbtest6 WHERE k BETWEEN 3346171 AND 3346271
	Bitmap Heap Scan on sbtest6  (cost=5.45..397.59 rows=99 width=125)
	  Recheck Cond: ((k >= 3346171) AND (k <= 3346271))
	  ->  Bitmap Index Scan on k_6  (cost=0.00..5.42 rows=99 width=0)
	        Index Cond: ((k >= 3346171) AND (k <= 3346271))

table 7 : explain SELECT k, c FROM sbtest7 WHERE k BETWEEN 3346171 AND 3346271
	Bitmap Heap Scan on sbtest7  (cost=5.38..370.01 rows=92 width=125)
	  Recheck Cond: ((k >= 3346171) AND (k <= 3346271))
	  ->  Bitmap Index Scan on k_7  (cost=0.00..5.35 rows=92 width=0)
	        Index Cond: ((k >= 3346171) AND (k <= 3346271))

table 8 : explain SELECT k, c FROM sbtest8 WHERE k BETWEEN 3346171 AND 3346271
	Bitmap Heap Scan on sbtest8  (cost=5.49..413.40 rows=103 width=125)
	  Recheck Cond: ((k >= 3346171) AND (k <= 3346271))
	  ->  Bitmap Index Scan on k_8  (cost=0.00..5.46 rows=103 width=0)
	        Index Cond: ((k >= 3346171) AND (k <= 3346271))


for range-notcovered
table 1 : explain SELECT k, c FROM sbtest1 WHERE k BETWEEN 5098628 AND 5098728
	Bitmap Heap Scan on sbtest1  (cost=5.52..425.11 rows=106 width=125)
	  Recheck Cond: ((k >= 5098628) AND (k <= 5098728))
	  ->  Bitmap Index Scan on k_1  (cost=0.00..5.50 rows=106 width=0)
	        Index Cond: ((k >= 5098628) AND (k <= 5098728))

table 2 : explain SELECT k, c FROM sbtest2 WHERE k BETWEEN 5098628 AND 5098728
	Bitmap Heap Scan on sbtest2  (cost=5.62..464.54 rows=116 width=125)
	  Recheck Cond: ((k >= 5098628) AND (k <= 5098728))
	  ->  Bitmap Index Scan on k_2  (cost=0.00..5.59 rows=116 width=0)
	        Index Cond: ((k >= 5098628) AND (k <= 5098728))

table 3 : explain SELECT k, c FROM sbtest3 WHERE k BETWEEN 5098628 AND 5098728
	Bitmap Heap Scan on sbtest3  (cost=5.57..444.85 rows=111 width=125)
	  Recheck Cond: ((k >= 5098628) AND (k <= 5098728))
	  ->  Bitmap Index Scan on k_3  (cost=0.00..5.54 rows=111 width=0)
	        Index Cond: ((k >= 5098628) AND (k <= 5098728))

table 4 : explain SELECT k, c FROM sbtest4 WHERE k BETWEEN 5098628 AND 5098728
	Bitmap Heap Scan on sbtest4  (cost=5.42..385.75 rows=96 width=125)
	  Recheck Cond: ((k >= 5098628) AND (k <= 5098728))
	  ->  Bitmap Index Scan on k_4  (cost=0.00..5.39 rows=96 width=0)
	        Index Cond: ((k >= 5098628) AND (k <= 5098728))

table 5 : explain SELECT k, c FROM sbtest5 WHERE k BETWEEN 5098628 AND 5098728
	Bitmap Heap Scan on sbtest5  (cost=5.43..389.70 rows=97 width=125)
	  Recheck Cond: ((k >= 5098628) AND (k <= 5098728))
	  ->  Bitmap Index Scan on k_5  (cost=0.00..5.40 rows=97 width=0)
	        Index Cond: ((k >= 5098628) AND (k <= 5098728))

table 6 : explain SELECT k, c FROM sbtest6 WHERE k BETWEEN 5098628 AND 5098728
	Bitmap Heap Scan on sbtest6  (cost=5.43..389.70 rows=97 width=125)
	  Recheck Cond: ((k >= 5098628) AND (k <= 5098728))
	  ->  Bitmap Index Scan on k_6  (cost=0.00..5.40 rows=97 width=0)
	        Index Cond: ((k >= 5098628) AND (k <= 5098728))

table 7 : explain SELECT k, c FROM sbtest7 WHERE k BETWEEN 5098628 AND 5098728
	Bitmap Heap Scan on sbtest7  (cost=5.41..381.85 rows=95 width=125)
	  Recheck Cond: ((k >= 5098628) AND (k <= 5098728))
	  ->  Bitmap Index Scan on k_7  (cost=0.00..5.38 rows=95 width=0)
	        Index Cond: ((k >= 5098628) AND (k <= 5098728))

table 8 : explain SELECT k, c FROM sbtest8 WHERE k BETWEEN 5098628 AND 5098728
	Bitmap Heap Scan on sbtest8  (cost=5.40..377.90 rows=94 width=125)
	  Recheck Cond: ((k >= 5098628) AND (k <= 5098728))
	  ->  Bitmap Index Scan on k_8  (cost=0.00..5.38 rows=94 width=0)
	        Index Cond: ((k >= 5098628) AND (k <= 5098728))
for range-notcovered
table 1 : explain SELECT k, c FROM sbtest1 WHERE k BETWEEN 6904500 AND 6904600
	Bitmap Heap Scan on sbtest1  (cost=5.56..440.87 rows=110 width=125)
	  Recheck Cond: ((k >= 6904500) AND (k <= 6904600))
	  ->  Bitmap Index Scan on k_1  (cost=0.00..5.53 rows=110 width=0)
	        Index Cond: ((k >= 6904500) AND (k <= 6904600))

table 2 : explain SELECT k, c FROM sbtest2 WHERE k BETWEEN 6904500 AND 6904600
	Bitmap Heap Scan on sbtest2  (cost=5.49..413.32 rows=103 width=125)
	  Recheck Cond: ((k >= 6904500) AND (k <= 6904600))
	  ->  Bitmap Index Scan on k_2  (cost=0.00..5.46 rows=103 width=0)
	        Index Cond: ((k >= 6904500) AND (k <= 6904600))

table 3 : explain SELECT k, c FROM sbtest3 WHERE k BETWEEN 6904500 AND 6904600
	Bitmap Heap Scan on sbtest3  (cost=5.49..413.33 rows=103 width=125)
	  Recheck Cond: ((k >= 6904500) AND (k <= 6904600))
	  ->  Bitmap Index Scan on k_3  (cost=0.00..5.46 rows=103 width=0)
	        Index Cond: ((k >= 6904500) AND (k <= 6904600))

table 4 : explain SELECT k, c FROM sbtest4 WHERE k BETWEEN 6904500 AND 6904600
	Bitmap Heap Scan on sbtest4  (cost=5.38..369.97 rows=92 width=125)
	  Recheck Cond: ((k >= 6904500) AND (k <= 6904600))
	  ->  Bitmap Index Scan on k_4  (cost=0.00..5.35 rows=92 width=0)
	        Index Cond: ((k >= 6904500) AND (k <= 6904600))

table 5 : explain SELECT k, c FROM sbtest5 WHERE k BETWEEN 6904500 AND 6904600
	Bitmap Heap Scan on sbtest5  (cost=5.45..397.59 rows=99 width=125)
	  Recheck Cond: ((k >= 6904500) AND (k <= 6904600))
	  ->  Bitmap Index Scan on k_5  (cost=0.00..5.42 rows=99 width=0)
	        Index Cond: ((k >= 6904500) AND (k <= 6904600))

table 6 : explain SELECT k, c FROM sbtest6 WHERE k BETWEEN 6904500 AND 6904600
	Bitmap Heap Scan on sbtest6  (cost=5.49..413.37 rows=103 width=125)
	  Recheck Cond: ((k >= 6904500) AND (k <= 6904600))
	  ->  Bitmap Index Scan on k_6  (cost=0.00..5.46 rows=103 width=0)
	        Index Cond: ((k >= 6904500) AND (k <= 6904600))

table 7 : explain SELECT k, c FROM sbtest7 WHERE k BETWEEN 6904500 AND 6904600
	Bitmap Heap Scan on sbtest7  (cost=5.45..397.63 rows=99 width=125)
	  Recheck Cond: ((k >= 6904500) AND (k <= 6904600))
	  ->  Bitmap Index Scan on k_7  (cost=0.00..5.42 rows=99 width=0)
	        Index Cond: ((k >= 6904500) AND (k <= 6904600))

table 8 : explain SELECT k, c FROM sbtest8 WHERE k BETWEEN 6904500 AND 6904600
	Bitmap Heap Scan on sbtest8  (cost=5.51..421.29 rows=105 width=125)
	  Recheck Cond: ((k >= 6904500) AND (k <= 6904600))
	  ->  Bitmap Index Scan on k_8  (cost=0.00..5.48 rows=105 width=0)
	        Index Cond: ((k >= 6904500) AND (k <= 6904600))

for range-notcovered
table 1 : explain SELECT k, c FROM sbtest1 WHERE k BETWEEN 5860106 AND 5860206
	Bitmap Heap Scan on sbtest1  (cost=5.43..389.63 rows=97 width=125)
	  Recheck Cond: ((k >= 5860106) AND (k <= 5860206))
	  ->  Bitmap Index Scan on k_1  (cost=0.00..5.40 rows=97 width=0)
	        Index Cond: ((k >= 5860106) AND (k <= 5860206))

table 2 : explain SELECT k, c FROM sbtest2 WHERE k BETWEEN 5860106 AND 5860206
	Bitmap Heap Scan on sbtest2  (cost=5.47..405.44 rows=101 width=125)
	  Recheck Cond: ((k >= 5860106) AND (k <= 5860206))
	  ->  Bitmap Index Scan on k_2  (cost=0.00..5.44 rows=101 width=0)
	        Index Cond: ((k >= 5860106) AND (k <= 5860206))

table 3 : explain SELECT k, c FROM sbtest3 WHERE k BETWEEN 5860106 AND 5860206
	Bitmap Heap Scan on sbtest3  (cost=5.51..421.21 rows=105 width=125)
	  Recheck Cond: ((k >= 5860106) AND (k <= 5860206))
	  ->  Bitmap Index Scan on k_3  (cost=0.00..5.48 rows=105 width=0)
	        Index Cond: ((k >= 5860106) AND (k <= 5860206))

table 4 : explain SELECT k, c FROM sbtest4 WHERE k BETWEEN 5860106 AND 5860206
	Bitmap Heap Scan on sbtest4  (cost=5.52..425.19 rows=106 width=125)
	  Recheck Cond: ((k >= 5860106) AND (k <= 5860206))
	  ->  Bitmap Index Scan on k_4  (cost=0.00..5.50 rows=106 width=0)
	        Index Cond: ((k >= 5860106) AND (k <= 5860206))

table 5 : explain SELECT k, c FROM sbtest5 WHERE k BETWEEN 5860106 AND 5860206
	Bitmap Heap Scan on sbtest5  (cost=5.40..377.87 rows=94 width=125)
	  Recheck Cond: ((k >= 5860106) AND (k <= 5860206))
	  ->  Bitmap Index Scan on k_5  (cost=0.00..5.38 rows=94 width=0)
	        Index Cond: ((k >= 5860106) AND (k <= 5860206))

table 6 : explain SELECT k, c FROM sbtest6 WHERE k BETWEEN 5860106 AND 5860206
	Bitmap Heap Scan on sbtest6  (cost=5.41..381.81 rows=95 width=125)
	  Recheck Cond: ((k >= 5860106) AND (k <= 5860206))
	  ->  Bitmap Index Scan on k_6  (cost=0.00..5.38 rows=95 width=0)
	        Index Cond: ((k >= 5860106) AND (k <= 5860206))

table 7 : explain SELECT k, c FROM sbtest7 WHERE k BETWEEN 5860106 AND 5860206
	Bitmap Heap Scan on sbtest7  (cost=5.57..444.94 rows=111 width=125)
	  Recheck Cond: ((k >= 5860106) AND (k <= 5860206))
	  ->  Bitmap Index Scan on k_7  (cost=0.00..5.54 rows=111 width=0)
	        Index Cond: ((k >= 5860106) AND (k <= 5860206))

table 8 : explain SELECT k, c FROM sbtest8 WHERE k BETWEEN 5860106 AND 5860206
	Bitmap Heap Scan on sbtest8  (cost=5.42..385.79 rows=96 width=125)
	  Recheck Cond: ((k >= 5860106) AND (k <= 5860206))
	  ->  Bitmap Index Scan on k_8  (cost=0.00..5.39 rows=96 width=0)
	        Index Cond: ((k >= 5860106) AND (k <= 5860206))

explain: for range-notcovered :: explain SELECT k, c FROM sbtest%d WHERE k BETWEEN 5153009 AND 5153109
explain: for range-notcovered :: explain SELECT k, c FROM sbtest%d WHERE k BETWEEN 8296793 AND 8296893

for range-notcovered
table 1 : explain SELECT k, c FROM sbtest1 WHERE k BETWEEN 4704269 AND 4704369
	Bitmap Heap Scan on sbtest1  (cost=5.47..405.40 rows=101 width=125)
	  Recheck Cond: ((k >= 4704269) AND (k <= 4704369))
	  ->  Bitmap Index Scan on k_1  (cost=0.00..5.44 rows=101 width=0)
	        Index Cond: ((k >= 4704269) AND (k <= 4704369))

table 2 : explain SELECT k, c FROM sbtest2 WHERE k BETWEEN 4704269 AND 4704369
	Bitmap Heap Scan on sbtest2  (cost=5.55..436.97 rows=109 width=125)
	  Recheck Cond: ((k >= 4704269) AND (k <= 4704369))
	  ->  Bitmap Index Scan on k_2  (cost=0.00..5.52 rows=109 width=0)
	        Index Cond: ((k >= 4704269) AND (k <= 4704369))

table 3 : explain SELECT k, c FROM sbtest3 WHERE k BETWEEN 4704269 AND 4704369
	Bitmap Heap Scan on sbtest3  (cost=5.44..393.61 rows=98 width=125)
	  Recheck Cond: ((k >= 4704269) AND (k <= 4704369))
	  ->  Bitmap Index Scan on k_3  (cost=0.00..5.42 rows=98 width=0)
	        Index Cond: ((k >= 4704269) AND (k <= 4704369))

table 4 : explain SELECT k, c FROM sbtest4 WHERE k BETWEEN 4704269 AND 4704369
	Bitmap Heap Scan on sbtest4  (cost=5.56..440.95 rows=110 width=125)
	  Recheck Cond: ((k >= 4704269) AND (k <= 4704369))
	  ->  Bitmap Index Scan on k_4  (cost=0.00..5.53 rows=110 width=0)
	        Index Cond: ((k >= 4704269) AND (k <= 4704369))

table 5 : explain SELECT k, c FROM sbtest5 WHERE k BETWEEN 4704269 AND 4704369
	Bitmap Heap Scan on sbtest5  (cost=5.48..409.42 rows=102 width=125)
	  Recheck Cond: ((k >= 4704269) AND (k <= 4704369))
	  ->  Bitmap Index Scan on k_5  (cost=0.00..5.45 rows=102 width=0)
	        Index Cond: ((k >= 4704269) AND (k <= 4704369))

table 6 : explain SELECT k, c FROM sbtest6 WHERE k BETWEEN 4704269 AND 4704369
	Bitmap Heap Scan on sbtest6  (cost=5.46..401.54 rows=100 width=125)
	  Recheck Cond: ((k >= 4704269) AND (k <= 4704369))
	  ->  Bitmap Index Scan on k_6  (cost=0.00..5.43 rows=100 width=0)
	        Index Cond: ((k >= 4704269) AND (k <= 4704369))

table 7 : explain SELECT k, c FROM sbtest7 WHERE k BETWEEN 4704269 AND 4704369
	Bitmap Heap Scan on sbtest7  (cost=5.43..389.74 rows=97 width=125)
	  Recheck Cond: ((k >= 4704269) AND (k <= 4704369))
	  ->  Bitmap Index Scan on k_7  (cost=0.00..5.40 rows=97 width=0)
	        Index Cond: ((k >= 4704269) AND (k <= 4704369))

table 8 : explain SELECT k, c FROM sbtest8 WHERE k BETWEEN 4704269 AND 4704369
	Bitmap Heap Scan on sbtest8  (cost=5.48..409.46 rows=102 width=125)
	  Recheck Cond: ((k >= 4704269) AND (k <= 4704369))
	  ->  Bitmap Index Scan on k_8  (cost=0.00..5.45 rows=102 width=0)
	        Index Cond: ((k >= 4704269) AND (k <= 4704369))

for range-notcovered
table 1 : explain SELECT k, c FROM sbtest1 WHERE k BETWEEN 4249789 AND 4249889
	Bitmap Heap Scan on sbtest1  (cost=5.49..413.29 rows=103 width=125)
	  Recheck Cond: ((k >= 4249789) AND (k <= 4249889))
	  ->  Bitmap Index Scan on k_1  (cost=0.00..5.46 rows=103 width=0)
	        Index Cond: ((k >= 4249789) AND (k <= 4249889))

table 2 : explain SELECT k, c FROM sbtest2 WHERE k BETWEEN 4249789 AND 4249889
	Bitmap Heap Scan on sbtest2  (cost=5.55..436.97 rows=109 width=125)
	  Recheck Cond: ((k >= 4249789) AND (k <= 4249889))
	  ->  Bitmap Index Scan on k_2  (cost=0.00..5.52 rows=109 width=0)
	        Index Cond: ((k >= 4249789) AND (k <= 4249889))

table 3 : explain SELECT k, c FROM sbtest3 WHERE k BETWEEN 4249789 AND 4249889
	Bitmap Heap Scan on sbtest3  (cost=5.47..405.44 rows=101 width=125)
	  Recheck Cond: ((k >= 4249789) AND (k <= 4249889))
	  ->  Bitmap Index Scan on k_3  (cost=0.00..5.44 rows=101 width=0)
	        Index Cond: ((k >= 4249789) AND (k <= 4249889))

table 4 : explain SELECT k, c FROM sbtest4 WHERE k BETWEEN 4249789 AND 4249889
	Bitmap Heap Scan on sbtest4  (cost=5.43..389.70 rows=97 width=125)
	  Recheck Cond: ((k >= 4249789) AND (k <= 4249889))
	  ->  Bitmap Index Scan on k_4  (cost=0.00..5.40 rows=97 width=0)
	        Index Cond: ((k >= 4249789) AND (k <= 4249889))

table 5 : explain SELECT k, c FROM sbtest5 WHERE k BETWEEN 4249789 AND 4249889
	Bitmap Heap Scan on sbtest5  (cost=5.41..381.81 rows=95 width=125)
	  Recheck Cond: ((k >= 4249789) AND (k <= 4249889))
	  ->  Bitmap Index Scan on k_5  (cost=0.00..5.38 rows=95 width=0)
	        Index Cond: ((k >= 4249789) AND (k <= 4249889))

table 6 : explain SELECT k, c FROM sbtest6 WHERE k BETWEEN 4249789 AND 4249889
	Bitmap Heap Scan on sbtest6  (cost=5.48..409.42 rows=102 width=125)
	  Recheck Cond: ((k >= 4249789) AND (k <= 4249889))
	  ->  Bitmap Index Scan on k_6  (cost=0.00..5.45 rows=102 width=0)
	        Index Cond: ((k >= 4249789) AND (k <= 4249889))

table 7 : explain SELECT k, c FROM sbtest7 WHERE k BETWEEN 4249789 AND 4249889
	Bitmap Heap Scan on sbtest7  (cost=5.45..397.63 rows=99 width=125)
	  Recheck Cond: ((k >= 4249789) AND (k <= 4249889))
	  ->  Bitmap Index Scan on k_7  (cost=0.00..5.42 rows=99 width=0)
	        Index Cond: ((k >= 4249789) AND (k <= 4249889))

table 8 : explain SELECT k, c FROM sbtest8 WHERE k BETWEEN 4249789 AND 4249889
	Bitmap Heap Scan on sbtest8  (cost=5.51..421.29 rows=105 width=125)
	  Recheck Cond: ((k >= 4249789) AND (k <= 4249889))
	  ->  Bitmap Index Scan on k_8  (cost=0.00..5.48 rows=105 width=0)
	        Index Cond: ((k >= 4249789) AND (k <= 4249889))
explain: for range-notcovered :: explain SELECT k, c FROM sbtest%d WHERE k BETWEEN 5860106 AND 5860206explain: for range-notcovered :: explain SELECT k, c FROM sbtest%d WHERE k BETWEEN 4455370 AND 4455470
for range-notcovered
table 1 : explain SELECT k, c FROM sbtest1 WHERE k BETWEEN 3394656 AND 3394756
	Bitmap Heap Scan on sbtest1  (cost=5.49..413.29 rows=103 width=125)
	  Recheck Cond: ((k >= 3394656) AND (k <= 3394756))
	  ->  Bitmap Index Scan on k_1  (cost=0.00..5.46 rows=103 width=0)
	        Index Cond: ((k >= 3394656) AND (k <= 3394756))

table 2 : explain SELECT k, c FROM sbtest2 WHERE k BETWEEN 3394656 AND 3394756
	Bitmap Heap Scan on sbtest2  (cost=5.53..429.09 rows=107 width=125)
	  Recheck Cond: ((k >= 3394656) AND (k <= 3394756))
	  ->  Bitmap Index Scan on k_2  (cost=0.00..5.50 rows=107 width=0)
	        Index Cond: ((k >= 3394656) AND (k <= 3394756))

table 3 : explain SELECT k, c FROM sbtest3 WHERE k BETWEEN 3394656 AND 3394756
	Bitmap Heap Scan on sbtest3  (cost=5.48..409.39 rows=102 width=125)
	  Recheck Cond: ((k >= 3394656) AND (k <= 3394756))
	  ->  Bitmap Index Scan on k_3  (cost=0.00..5.45 rows=102 width=0)
	        Index Cond: ((k >= 3394656) AND (k <= 3394756))

table 4 : explain SELECT k, c FROM sbtest4 WHERE k BETWEEN 3394656 AND 3394756
	Bitmap Heap Scan on sbtest4  (cost=5.42..385.75 rows=96 width=125)
	  Recheck Cond: ((k >= 3394656) AND (k <= 3394756))
	  ->  Bitmap Index Scan on k_4  (cost=0.00..5.39 rows=96 width=0)
	        Index Cond: ((k >= 3394656) AND (k <= 3394756))

table 5 : explain SELECT k, c FROM sbtest5 WHERE k BETWEEN 3394656 AND 3394756
	Bitmap Heap Scan on sbtest5  (cost=5.56..440.96 rows=110 width=125)
	  Recheck Cond: ((k >= 3394656) AND (k <= 3394756))
	  ->  Bitmap Index Scan on k_5  (cost=0.00..5.53 rows=110 width=0)
	        Index Cond: ((k >= 3394656) AND (k <= 3394756))

table 6 : explain SELECT k, c FROM sbtest6 WHERE k BETWEEN 3394656 AND 3394756
	Bitmap Heap Scan on sbtest6  (cost=5.41..381.81 rows=95 width=125)
	  Recheck Cond: ((k >= 3394656) AND (k <= 3394756))
	  ->  Bitmap Index Scan on k_6  (cost=0.00..5.38 rows=95 width=0)
	        Index Cond: ((k >= 3394656) AND (k <= 3394756))

table 7 : explain SELECT k, c FROM sbtest7 WHERE k BETWEEN 3394656 AND 3394756
	Bitmap Heap Scan on sbtest7  (cost=5.38..370.01 rows=92 width=125)
	  Recheck Cond: ((k >= 3394656) AND (k <= 3394756))
	  ->  Bitmap Index Scan on k_7  (cost=0.00..5.35 rows=92 width=0)
	        Index Cond: ((k >= 3394656) AND (k <= 3394756))

table 8 : explain SELECT k, c FROM sbtest8 WHERE k BETWEEN 3394656 AND 3394756
	Bitmap Heap Scan on sbtest8  (cost=5.49..413.40 rows=103 width=125)
	  Recheck Cond: ((k >= 3394656) AND (k <= 3394756))
	  ->  Bitmap Index Scan on k_8  (cost=0.00..5.46 rows=103 width=0)
	        Index Cond: ((k >= 3394656) AND (k <= 3394756))
explain: for range-notcovered :: explain SELECT k, c FROM sbtest%d WHERE k BETWEEN 7575122 AND 7575222explain: for range-notcovered :: explain SELECT k, c FROM sbtest%d WHERE k BETWEEN 7804666 AND 7804766
explain: for range-notcovered :: explain SELECT k, c FROM sbtest%d WHERE k BETWEEN 4036988 AND 4037088
for range-notcovered
table 1 : explain SELECT k, c FROM sbtest1 WHERE k BETWEEN 6091251 AND 6091351
	Bitmap Heap Scan on sbtest1  (cost=5.45..397.52 rows=99 width=125)
	  Recheck Cond: ((k >= 6091251) AND (k <= 6091351))
	  ->  Bitmap Index Scan on k_1  (cost=0.00..5.42 rows=99 width=0)
	        Index Cond: ((k >= 6091251) AND (k <= 6091351))

table 2 : explain SELECT k, c FROM sbtest2 WHERE k BETWEEN 6091251 AND 6091351
	Bitmap Heap Scan on sbtest2  (cost=5.48..409.38 rows=102 width=125)
	  Recheck Cond: ((k >= 6091251) AND (k <= 6091351))
	  ->  Bitmap Index Scan on k_2  (cost=0.00..5.45 rows=102 width=0)
	        Index Cond: ((k >= 6091251) AND (k <= 6091351))

table 3 : explain SELECT k, c FROM sbtest3 WHERE k BETWEEN 6091251 AND 6091351
	Bitmap Heap Scan on sbtest3  (cost=5.55..436.97 rows=109 width=125)
	  Recheck Cond: ((k >= 6091251) AND (k <= 6091351))
	  ->  Bitmap Index Scan on k_3  (cost=0.00..5.52 rows=109 width=0)
	        Index Cond: ((k >= 6091251) AND (k <= 6091351))

table 4 : explain SELECT k, c FROM sbtest4 WHERE k BETWEEN 6091251 AND 6091351
	Bitmap Heap Scan on sbtest4  (cost=5.49..413.36 rows=103 width=125)
	  Recheck Cond: ((k >= 6091251) AND (k <= 6091351))
	  ->  Bitmap Index Scan on k_4  (cost=0.00..5.46 rows=103 width=0)
	        Index Cond: ((k >= 6091251) AND (k <= 6091351))

table 5 : explain SELECT k, c FROM sbtest5 WHERE k BETWEEN 6091251 AND 6091351
	Bitmap Heap Scan on sbtest5  (cost=5.58..448.83 rows=112 width=125)
	  Recheck Cond: ((k >= 6091251) AND (k <= 6091351))
	  ->  Bitmap Index Scan on k_5  (cost=0.00..5.55 rows=112 width=0)
	        Index Cond: ((k >= 6091251) AND (k <= 6091351))

table 6 : explain SELECT k, c FROM sbtest6 WHERE k BETWEEN 6091251 AND 6091351
	Bitmap Heap Scan on sbtest6  (cost=5.43..389.70 rows=97 width=125)
	  Recheck Cond: ((k >= 6091251) AND (k <= 6091351))
	  ->  Bitmap Index Scan on k_6  (cost=0.00..5.40 rows=97 width=0)
	        Index Cond: ((k >= 6091251) AND (k <= 6091351))

table 7 : explain SELECT k, c FROM sbtest7 WHERE k BETWEEN 6091251 AND 6091351
	Bitmap Heap Scan on sbtest7  (cost=5.47..405.52 rows=101 width=125)
	  Recheck Cond: ((k >= 6091251) AND (k <= 6091351))
	  ->  Bitmap Index Scan on k_7  (cost=0.00..5.44 rows=101 width=0)
	        Index Cond: ((k >= 6091251) AND (k <= 6091351))

table 8 : explain SELECT k, c FROM sbtest8 WHERE k BETWEEN 6091251 AND 6091351
	Bitmap Heap Scan on sbtest8  (cost=5.44..393.68 rows=98 width=125)
	  Recheck Cond: ((k >= 6091251) AND (k <= 6091351))
	  ->  Bitmap Index Scan on k_8  (cost=0.00..5.42 rows=98 width=0)
	        Index Cond: ((k >= 6091251) AND (k <= 6091351))
for range-notcovered
table 1 : explain SELECT k, c FROM sbtest1 WHERE k BETWEEN 5037553 AND 5037653
	Bitmap Heap Scan on sbtest1  (cost=5.52..425.11 rows=106 width=125)
	  Recheck Cond: ((k >= 5037553) AND (k <= 5037653))
	  ->  Bitmap Index Scan on k_1  (cost=0.00..5.50 rows=106 width=0)
	        Index Cond: ((k >= 5037553) AND (k <= 5037653))

table 2 : explain SELECT k, c FROM sbtest2 WHERE k BETWEEN 5037553 AND 5037653
	Bitmap Heap Scan on sbtest2  (cost=5.62..464.54 rows=116 width=125)
	  Recheck Cond: ((k >= 5037553) AND (k <= 5037653))
	  ->  Bitmap Index Scan on k_2  (cost=0.00..5.59 rows=116 width=0)
	        Index Cond: ((k >= 5037553) AND (k <= 5037653))

table 3 : explain SELECT k, c FROM sbtest3 WHERE k BETWEEN 5037553 AND 5037653
	Bitmap Heap Scan on sbtest3  (cost=5.51..421.21 rows=105 width=125)
	  Recheck Cond: ((k >= 5037553) AND (k <= 5037653))
	  ->  Bitmap Index Scan on k_3  (cost=0.00..5.48 rows=105 width=0)
	        Index Cond: ((k >= 5037553) AND (k <= 5037653))

table 4 : explain SELECT k, c FROM sbtest4 WHERE k BETWEEN 5037553 AND 5037653
	Bitmap Heap Scan on sbtest4  (cost=5.48..409.42 rows=102 width=125)
	  Recheck Cond: ((k >= 5037553) AND (k <= 5037653))
	  ->  Bitmap Index Scan on k_4  (cost=0.00..5.45 rows=102 width=0)
	        Index Cond: ((k >= 5037553) AND (k <= 5037653))

table 5 : explain SELECT k, c FROM sbtest5 WHERE k BETWEEN 5037553 AND 5037653
	Bitmap Heap Scan on sbtest5  (cost=5.55..437.02 rows=109 width=125)
	  Recheck Cond: ((k >= 5037553) AND (k <= 5037653))
	  ->  Bitmap Index Scan on k_5  (cost=0.00..5.52 rows=109 width=0)
	        Index Cond: ((k >= 5037553) AND (k <= 5037653))

table 6 : explain SELECT k, c FROM sbtest6 WHERE k BETWEEN 5037553 AND 5037653
	Bitmap Heap Scan on sbtest6  (cost=5.47..405.48 rows=101 width=125)
	  Recheck Cond: ((k >= 5037553) AND (k <= 5037653))
	  ->  Bitmap Index Scan on k_6  (cost=0.00..5.44 rows=101 width=0)
	        Index Cond: ((k >= 5037553) AND (k <= 5037653))

table 7 : explain SELECT k, c FROM sbtest7 WHERE k BETWEEN 5037553 AND 5037653
	Bitmap Heap Scan on sbtest7  (cost=5.41..381.85 rows=95 width=125)
	  Recheck Cond: ((k >= 5037553) AND (k <= 5037653))
	  ->  Bitmap Index Scan on k_7  (cost=0.00..5.38 rows=95 width=0)
	        Index Cond: ((k >= 5037553) AND (k <= 5037653))

table 8 : explain SELECT k, c FROM sbtest8 WHERE k BETWEEN 5037553 AND 5037653
	Bitmap Heap Scan on sbtest8  (cost=5.42..385.79 rows=96 width=125)
	  Recheck Cond: ((k >= 5037553) AND (k <= 5037653))
	  ->  Bitmap Index Scan on k_8  (cost=0.00..5.39 rows=96 width=0)
	        Index Cond: ((k >= 5037553) AND (k <= 5037653))

for range-notcovered
table 1 : explain SELECT k, c FROM sbtest1 WHERE k BETWEEN 6737646 AND 6737746
	Bitmap Heap Scan on sbtest1  (cost=5.62..464.49 rows=116 width=125)
	  Recheck Cond: ((k >= 6737646) AND (k <= 6737746))
	  ->  Bitmap Index Scan on k_1  (cost=0.00..5.59 rows=116 width=0)
	        Index Cond: ((k >= 6737646) AND (k <= 6737746))

table 2 : explain SELECT k, c FROM sbtest2 WHERE k BETWEEN 6737646 AND 6737746
	Bitmap Heap Scan on sbtest2  (cost=5.56..440.91 rows=110 width=125)
	  Recheck Cond: ((k >= 6737646) AND (k <= 6737746))
	  ->  Bitmap Index Scan on k_2  (cost=0.00..5.53 rows=110 width=0)
	        Index Cond: ((k >= 6737646) AND (k <= 6737746))

table 3 : explain SELECT k, c FROM sbtest3 WHERE k BETWEEN 6737646 AND 6737746
	Bitmap Heap Scan on sbtest3  (cost=5.46..401.50 rows=100 width=125)
	  Recheck Cond: ((k >= 6737646) AND (k <= 6737746))
	  ->  Bitmap Index Scan on k_3  (cost=0.00..5.43 rows=100 width=0)
	        Index Cond: ((k >= 6737646) AND (k <= 6737746))

table 4 : explain SELECT k, c FROM sbtest4 WHERE k BETWEEN 6737646 AND 6737746
	Bitmap Heap Scan on sbtest4  (cost=5.41..381.81 rows=95 width=125)
	  Recheck Cond: ((k >= 6737646) AND (k <= 6737746))
	  ->  Bitmap Index Scan on k_4  (cost=0.00..5.38 rows=95 width=0)
	        Index Cond: ((k >= 6737646) AND (k <= 6737746))

table 5 : explain SELECT k, c FROM sbtest5 WHERE k BETWEEN 6737646 AND 6737746
	Bitmap Heap Scan on sbtest5  (cost=5.47..405.48 rows=101 width=125)
	  Recheck Cond: ((k >= 6737646) AND (k <= 6737746))
	  ->  Bitmap Index Scan on k_5  (cost=0.00..5.44 rows=101 width=0)
	        Index Cond: ((k >= 6737646) AND (k <= 6737746))

table 6 : explain SELECT k, c FROM sbtest6 WHERE k BETWEEN 6737646 AND 6737746
	Bitmap Heap Scan on sbtest6  (cost=5.54..433.08 rows=108 width=125)
	  Recheck Cond: ((k >= 6737646) AND (k <= 6737746))
	  ->  Bitmap Index Scan on k_6  (cost=0.00..5.51 rows=108 width=0)
	        Index Cond: ((k >= 6737646) AND (k <= 6737746))

table 7 : explain SELECT k, c FROM sbtest7 WHERE k BETWEEN 6737646 AND 6737746
	Bitmap Heap Scan on sbtest7  (cost=5.44..393.68 rows=98 width=125)
	  Recheck Cond: ((k >= 6737646) AND (k <= 6737746))
	  ->  Bitmap Index Scan on k_7  (cost=0.00..5.42 rows=98 width=0)
	        Index Cond: ((k >= 6737646) AND (k <= 6737746))

table 8 : explain SELECT k, c FROM sbtest8 WHERE k BETWEEN 6737646 AND 6737746
	Bitmap Heap Scan on sbtest8  (cost=5.48..409.46 rows=102 width=125)
	  Recheck Cond: ((k >= 6737646) AND (k <= 6737746))
	  ->  Bitmap Index Scan on k_8  (cost=0.00..5.45 rows=102 width=0)
	        Index Cond: ((k >= 6737646) AND (k <= 6737746))





for range-notcovered
table 1 : explain SELECT k, c FROM sbtest1 WHERE k BETWEEN 8623476 AND 8623576
	Bitmap Heap Scan on sbtest1  (cost=5.46..401.46 rows=100 width=125)
	  Recheck Cond: ((k >= 8623476) AND (k <= 8623576))
	  ->  Bitmap Index Scan on k_1  (cost=0.00..5.43 rows=100 width=0)
	        Index Cond: ((k >= 8623476) AND (k <= 8623576))

table 2 : explain SELECT k, c FROM sbtest2 WHERE k BETWEEN 8623476 AND 8623576
	Bitmap Heap Scan on sbtest2  (cost=5.61..460.60 rows=115 width=125)
	  Recheck Cond: ((k >= 8623476) AND (k <= 8623576))
	  ->  Bitmap Index Scan on k_2  (cost=0.00..5.58 rows=115 width=0)
	        Index Cond: ((k >= 8623476) AND (k <= 8623576))

table 3 : explain SELECT k, c FROM sbtest3 WHERE k BETWEEN 8623476 AND 8623576
	Bitmap Heap Scan on sbtest3  (cost=5.56..440.91 rows=110 width=125)
	  Recheck Cond: ((k >= 8623476) AND (k <= 8623576))
	  ->  Bitmap Index Scan on k_3  (cost=0.00..5.53 rows=110 width=0)
	        Index Cond: ((k >= 8623476) AND (k <= 8623576))

table 4 : explain SELECT k, c FROM sbtest4 WHERE k BETWEEN 8623476 AND 8623576
	Bitmap Heap Scan on sbtest4  (cost=5.52..425.19 rows=106 width=125)
	  Recheck Cond: ((k >= 8623476) AND (k <= 8623576))
	  ->  Bitmap Index Scan on k_4  (cost=0.00..5.50 rows=106 width=0)
	        Index Cond: ((k >= 8623476) AND (k <= 8623576))

table 5 : explain SELECT k, c FROM sbtest5 WHERE k BETWEEN 8623476 AND 8623576
	Bitmap Heap Scan on sbtest5  (cost=5.49..413.37 rows=103 width=125)
	  Recheck Cond: ((k >= 8623476) AND (k <= 8623576))
	  ->  Bitmap Index Scan on k_5  (cost=0.00..5.46 rows=103 width=0)
	        Index Cond: ((k >= 8623476) AND (k <= 8623576))

table 6 : explain SELECT k, c FROM sbtest6 WHERE k BETWEEN 8623476 AND 8623576
	Bitmap Heap Scan on sbtest6  (cost=5.49..413.37 rows=103 width=125)
	  Recheck Cond: ((k >= 8623476) AND (k <= 8623576))
	  ->  Bitmap Index Scan on k_6  (cost=0.00..5.46 rows=103 width=0)
	        Index Cond: ((k >= 8623476) AND (k <= 8623576))

table 7 : explain SELECT k, c FROM sbtest7 WHERE k BETWEEN 8623476 AND 8623576
	Bitmap Heap Scan on sbtest7  (cost=5.34..354.21 rows=88 width=125)
	  Recheck Cond: ((k >= 8623476) AND (k <= 8623576))
	  ->  Bitmap Index Scan on k_7  (cost=0.00..5.31 rows=88 width=0)
	        Index Cond: ((k >= 8623476) AND (k <= 8623576))

table 8 : explain SELECT k, c FROM sbtest8 WHERE k BETWEEN 8623476 AND 8623576
	Bitmap Heap Scan on sbtest8  (cost=5.47..405.52 rows=101 width=125)
	  Recheck Cond: ((k >= 8623476) AND (k <= 8623576))
	  ->  Bitmap Index Scan on k_8  (cost=0.00..5.44 rows=101 width=0)
	        Index Cond: ((k >= 8623476) AND (k <= 8623576))


explain: for range-notcovered :: explain SELECT k, c FROM sbtest%d WHERE k BETWEEN 3394656 AND 3394756
for range-notcovered
table 1 : explain SELECT k, c FROM sbtest1 WHERE k BETWEEN 420332 AND 420432
	Bitmap Heap Scan on sbtest1  (cost=5.57..444.80 rows=111 width=125)
	  Recheck Cond: ((k >= 420332) AND (k <= 420432))
	  ->  Bitmap Index Scan on k_1  (cost=0.00..5.54 rows=111 width=0)
	        Index Cond: ((k >= 420332) AND (k <= 420432))

table 2 : explain SELECT k, c FROM sbtest2 WHERE k BETWEEN 420332 AND 420432
	Bitmap Heap Scan on sbtest2  (cost=5.44..393.61 rows=98 width=125)
	  Recheck Cond: ((k >= 420332) AND (k <= 420432))
	  ->  Bitmap Index Scan on k_2  (cost=0.00..5.42 rows=98 width=0)
	        Index Cond: ((k >= 420332) AND (k <= 420432))

table 3 : explain SELECT k, c FROM sbtest3 WHERE k BETWEEN 420332 AND 420432
	Bitmap Heap Scan on sbtest3  (cost=5.61..460.60 rows=115 width=125)
	  Recheck Cond: ((k >= 420332) AND (k <= 420432))
	  ->  Bitmap Index Scan on k_3  (cost=0.00..5.58 rows=115 width=0)
	        Index Cond: ((k >= 420332) AND (k <= 420432))

table 4 : explain SELECT k, c FROM sbtest4 WHERE k BETWEEN 420332 AND 420432
	Bitmap Heap Scan on sbtest4  (cost=5.47..405.48 rows=101 width=125)
	  Recheck Cond: ((k >= 420332) AND (k <= 420432))
	  ->  Bitmap Index Scan on k_4  (cost=0.00..5.44 rows=101 width=0)
	        Index Cond: ((k >= 420332) AND (k <= 420432))

table 5 : explain SELECT k, c FROM sbtest5 WHERE k BETWEEN 420332 AND 420432
	Bitmap Heap Scan on sbtest5  (cost=5.49..413.37 rows=103 width=125)
	  Recheck Cond: ((k >= 420332) AND (k <= 420432))
	  ->  Bitmap Index Scan on k_5  (cost=0.00..5.46 rows=103 width=0)
	        Index Cond: ((k >= 420332) AND (k <= 420432))

table 6 : explain SELECT k, c FROM sbtest6 WHERE k BETWEEN 420332 AND 420432
	Bitmap Heap Scan on sbtest6  (cost=5.47..405.48 rows=101 width=125)
	  Recheck Cond: ((k >= 420332) AND (k <= 420432))
	  ->  Bitmap Index Scan on k_6  (cost=0.00..5.44 rows=101 width=0)
	        Index Cond: ((k >= 420332) AND (k <= 420432))

table 7 : explain SELECT k, c FROM sbtest7 WHERE k BETWEEN 420332 AND 420432
	Bitmap Heap Scan on sbtest7  (cost=5.47..405.52 rows=101 width=125)
	  Recheck Cond: ((k >= 420332) AND (k <= 420432))
	  ->  Bitmap Index Scan on k_7  (cost=0.00..5.44 rows=101 width=0)
	        Index Cond: ((k >= 420332) AND (k <= 420432))

table 8 : explain SELECT k, c FROM sbtest8 WHERE k BETWEEN 420332 AND 420432
	Bitmap Heap Scan on sbtest8  (cost=5.51..421.29 rows=105 width=125)
	  Recheck Cond: ((k >= 420332) AND (k <= 420432))
	  ->  Bitmap Index Scan on k_8  (cost=0.00..5.48 rows=105 width=0)
	        Index Cond: ((k >= 420332) AND (k <= 420432))
for range-notcovered
table 1 : explain SELECT k, c FROM sbtest1 WHERE k BETWEEN 4028203 AND 4028303
	Bitmap Heap Scan on sbtest1  (cost=5.54..432.99 rows=108 width=125)
	  Recheck Cond: ((k >= 4028203) AND (k <= 4028303))
	  ->  Bitmap Index Scan on k_1  (cost=0.00..5.51 rows=108 width=0)
	        Index Cond: ((k >= 4028203) AND (k <= 4028303))

table 2 : explain SELECT k, c FROM sbtest2 WHERE k BETWEEN 4028203 AND 4028303
	Bitmap Heap Scan on sbtest2  (cost=5.48..409.38 rows=102 width=125)
	  Recheck Cond: ((k >= 4028203) AND (k <= 4028303))
	  ->  Bitmap Index Scan on k_2  (cost=0.00..5.45 rows=102 width=0)
	        Index Cond: ((k >= 4028203) AND (k <= 4028303))

table 3 : explain SELECT k, c FROM sbtest3 WHERE k BETWEEN 4028203 AND 4028303
	Bitmap Heap Scan on sbtest3  (cost=5.51..421.21 rows=105 width=125)
	  Recheck Cond: ((k >= 4028203) AND (k <= 4028303))
	  ->  Bitmap Index Scan on k_3  (cost=0.00..5.48 rows=105 width=0)
	        Index Cond: ((k >= 4028203) AND (k <= 4028303))

table 4 : explain SELECT k, c FROM sbtest4 WHERE k BETWEEN 4028203 AND 4028303
	Bitmap Heap Scan on sbtest4  (cost=5.47..405.48 rows=101 width=125)
	  Recheck Cond: ((k >= 4028203) AND (k <= 4028303))
	  ->  Bitmap Index Scan on k_4  (cost=0.00..5.44 rows=101 width=0)
	        Index Cond: ((k >= 4028203) AND (k <= 4028303))

table 5 : explain SELECT k, c FROM sbtest5 WHERE k BETWEEN 4028203 AND 4028303
	Bitmap Heap Scan on sbtest5  (cost=5.60..456.71 rows=114 width=125)
	  Recheck Cond: ((k >= 4028203) AND (k <= 4028303))
	  ->  Bitmap Index Scan on k_5  (cost=0.00..5.58 rows=114 width=0)
	        Index Cond: ((k >= 4028203) AND (k <= 4028303))

table 6 : explain SELECT k, c FROM sbtest6 WHERE k BETWEEN 4028203 AND 4028303
	Bitmap Heap Scan on sbtest6  (cost=5.44..393.65 rows=98 width=125)
	  Recheck Cond: ((k >= 4028203) AND (k <= 4028303))
	  ->  Bitmap Index Scan on k_6  (cost=0.00..5.42 rows=98 width=0)
	        Index Cond: ((k >= 4028203) AND (k <= 4028303))

table 7 : explain SELECT k, c FROM sbtest7 WHERE k BETWEEN 4028203 AND 4028303
	Bitmap Heap Scan on sbtest7  (cost=5.44..393.68 rows=98 width=125)
	  Recheck Cond: ((k >= 4028203) AND (k <= 4028303))
	  ->  Bitmap Index Scan on k_7  (cost=0.00..5.42 rows=98 width=0)
	        Index Cond: ((k >= 4028203) AND (k <= 4028303))

table 8 : explain SELECT k, c FROM sbtest8 WHERE k BETWEEN 4028203 AND 4028303
	Bitmap Heap Scan on sbtest8  (cost=5.52..425.23 rows=106 width=125)
	  Recheck Cond: ((k >= 4028203) AND (k <= 4028303))
	  ->  Bitmap Index Scan on k_8  (cost=0.00..5.50 rows=106 width=0)
	        Index Cond: ((k >= 4028203) AND (k <= 4028303))

for range-notcovered
table 1 : explain SELECT k, c FROM sbtest1 WHERE k BETWEEN 4101353 AND 4101453
	Bitmap Heap Scan on sbtest1  (cost=5.56..440.87 rows=110 width=125)
	  Recheck Cond: ((k >= 4101353) AND (k <= 4101453))
	  ->  Bitmap Index Scan on k_1  (cost=0.00..5.53 rows=110 width=0)
	        Index Cond: ((k >= 4101353) AND (k <= 4101453))

table 2 : explain SELECT k, c FROM sbtest2 WHERE k BETWEEN 4101353 AND 4101453
	Bitmap Heap Scan on sbtest2  (cost=5.48..409.38 rows=102 width=125)
	  Recheck Cond: ((k >= 4101353) AND (k <= 4101453))
	  ->  Bitmap Index Scan on k_2  (cost=0.00..5.45 rows=102 width=0)
	        Index Cond: ((k >= 4101353) AND (k <= 4101453))

table 3 : explain SELECT k, c FROM sbtest3 WHERE k BETWEEN 4101353 AND 4101453
	Bitmap Heap Scan on sbtest3  (cost=5.48..409.39 rows=102 width=125)
	  Recheck Cond: ((k >= 4101353) AND (k <= 4101453))
	  ->  Bitmap Index Scan on k_3  (cost=0.00..5.45 rows=102 width=0)
	        Index Cond: ((k >= 4101353) AND (k <= 4101453))

table 4 : explain SELECT k, c FROM sbtest4 WHERE k BETWEEN 4101353 AND 4101453
	Bitmap Heap Scan on sbtest4  (cost=5.47..405.48 rows=101 width=125)
	  Recheck Cond: ((k >= 4101353) AND (k <= 4101453))
	  ->  Bitmap Index Scan on k_4  (cost=0.00..5.44 rows=101 width=0)
	        Index Cond: ((k >= 4101353) AND (k <= 4101453))

table 5 : explain SELECT k, c FROM sbtest5 WHERE k BETWEEN 4101353 AND 4101453
	Bitmap Heap Scan on sbtest5  (cost=5.51..421.25 rows=105 width=125)
	  Recheck Cond: ((k >= 4101353) AND (k <= 4101453))
	  ->  Bitmap Index Scan on k_5  (cost=0.00..5.48 rows=105 width=0)
	        Index Cond: ((k >= 4101353) AND (k <= 4101453))

table 6 : explain SELECT k, c FROM sbtest6 WHERE k BETWEEN 4101353 AND 4101453
	Bitmap Heap Scan on sbtest6  (cost=5.49..413.37 rows=103 width=125)
	  Recheck Cond: ((k >= 4101353) AND (k <= 4101453))
	  ->  Bitmap Index Scan on k_6  (cost=0.00..5.46 rows=103 width=0)
	        Index Cond: ((k >= 4101353) AND (k <= 4101453))

table 7 : explain SELECT k, c FROM sbtest7 WHERE k BETWEEN 4101353 AND 4101453
	Bitmap Heap Scan on sbtest7  (cost=5.46..401.57 rows=100 width=125)
	  Recheck Cond: ((k >= 4101353) AND (k <= 4101453))
	  ->  Bitmap Index Scan on k_7  (cost=0.00..5.43 rows=100 width=0)
	        Index Cond: ((k >= 4101353) AND (k <= 4101453))

table 8 : explain SELECT k, c FROM sbtest8 WHERE k BETWEEN 4101353 AND 4101453
	Bitmap Heap Scan on sbtest8  (cost=5.52..425.23 rows=106 width=125)
	  Recheck Cond: ((k >= 4101353) AND (k <= 4101453))
	  ->  Bitmap Index Scan on k_8  (cost=0.00..5.50 rows=106 width=0)
	        Index Cond: ((k >= 4101353) AND (k <= 4101453))

explain: for range-notcovered :: explain SELECT k, c FROM sbtest%d WHERE k BETWEEN 6737646 AND 6737746explain: for range-notcovered :: explain SELECT k, c FROM sbtest%d WHERE k BETWEEN 5098628 AND 5098728
explain: for range-notcovered :: explain SELECT k, c FROM sbtest%d WHERE k BETWEEN 5037553 AND 5037653for range-notcovered
table 1 : explain SELECT k, c FROM sbtest1 WHERE k BETWEEN 7000310 AND 7000410
	Bitmap Heap Scan on sbtest1  (cost=5.48..409.34 rows=102 width=125)
	  Recheck Cond: ((k >= 7000310) AND (k <= 7000410))
	  ->  Bitmap Index Scan on k_1  (cost=0.00..5.45 rows=102 width=0)
	        Index Cond: ((k >= 7000310) AND (k <= 7000410))

table 2 : explain SELECT k, c FROM sbtest2 WHERE k BETWEEN 7000310 AND 7000410
	Bitmap Heap Scan on sbtest2  (cost=5.50..417.27 rows=104 width=125)
	  Recheck Cond: ((k >= 7000310) AND (k <= 7000410))
	  ->  Bitmap Index Scan on k_2  (cost=0.00..5.47 rows=104 width=0)
	        Index Cond: ((k >= 7000310) AND (k <= 7000410))

table 3 : explain SELECT k, c FROM sbtest3 WHERE k BETWEEN 7000310 AND 7000410
	Bitmap Heap Scan on sbtest3  (cost=5.51..421.21 rows=105 width=125)
	  Recheck Cond: ((k >= 7000310) AND (k <= 7000410))
	  ->  Bitmap Index Scan on k_3  (cost=0.00..5.48 rows=105 width=0)
	        Index Cond: ((k >= 7000310) AND (k <= 7000410))

table 4 : explain SELECT k, c FROM sbtest4 WHERE k BETWEEN 7000310 AND 7000410
	Bitmap Heap Scan on sbtest4  (cost=5.57..444.89 rows=111 width=125)
	  Recheck Cond: ((k >= 7000310) AND (k <= 7000410))
	  ->  Bitmap Index Scan on k_4  (cost=0.00..5.54 rows=111 width=0)
	        Index Cond: ((k >= 7000310) AND (k <= 7000410))

table 5 : explain SELECT k, c FROM sbtest5 WHERE k BETWEEN 7000310 AND 7000410
	Bitmap Heap Scan on sbtest5  (cost=5.49..413.37 rows=103 width=125)
	  Recheck Cond: ((k >= 7000310) AND (k <= 7000410))
	  ->  Bitmap Index Scan on k_5  (cost=0.00..5.46 rows=103 width=0)
	        Index Cond: ((k >= 7000310) AND (k <= 7000410))

table 6 : explain SELECT k, c FROM sbtest6 WHERE k BETWEEN 7000310 AND 7000410
	Bitmap Heap Scan on sbtest6  (cost=5.64..472.46 rows=118 width=125)
	  Recheck Cond: ((k >= 7000310) AND (k <= 7000410))
	  ->  Bitmap Index Scan on k_6  (cost=0.00..5.61 rows=118 width=0)
	        Index Cond: ((k >= 7000310) AND (k <= 7000410))

table 7 : explain SELECT k, c FROM sbtest7 WHERE k BETWEEN 7000310 AND 7000410
	Bitmap Heap Scan on sbtest7  (cost=5.59..452.82 rows=113 width=125)
	  Recheck Cond: ((k >= 7000310) AND (k <= 7000410))
	  ->  Bitmap Index Scan on k_7  (cost=0.00..5.56 rows=113 width=0)
	        Index Cond: ((k >= 7000310) AND (k <= 7000410))

table 8 : explain SELECT k, c FROM sbtest8 WHERE k BETWEEN 7000310 AND 7000410
	Bitmap Heap Scan on sbtest8  (cost=5.44..393.68 rows=98 width=125)
	  Recheck Cond: ((k >= 7000310) AND (k <= 7000410))
	  ->  Bitmap Index Scan on k_8  (cost=0.00..5.42 rows=98 width=0)
	        Index Cond: ((k >= 7000310) AND (k <= 7000410))
explain: for range-notcovered :: explain SELECT k, c FROM sbtest%d WHERE k BETWEEN 8623476 AND 8623576
for range-notcovered
table 1 : explain SELECT k, c FROM sbtest1 WHERE k BETWEEN 5522101 AND 5522201
	Bitmap Heap Scan on sbtest1  (cost=5.40..377.79 rows=94 width=125)
	  Recheck Cond: ((k >= 5522101) AND (k <= 5522201))
	  ->  Bitmap Index Scan on k_1  (cost=0.00..5.38 rows=94 width=0)
	        Index Cond: ((k >= 5522101) AND (k <= 5522201))

table 2 : explain SELECT k, c FROM sbtest2 WHERE k BETWEEN 5522101 AND 5522201
	Bitmap Heap Scan on sbtest2  (cost=5.51..421.21 rows=105 width=125)
	  Recheck Cond: ((k >= 5522101) AND (k <= 5522201))
	  ->  Bitmap Index Scan on k_2  (cost=0.00..5.48 rows=105 width=0)
	        Index Cond: ((k >= 5522101) AND (k <= 5522201))

table 3 : explain SELECT k, c FROM sbtest3 WHERE k BETWEEN 5522101 AND 5522201
	Bitmap Heap Scan on sbtest3  (cost=5.44..393.61 rows=98 width=125)
	  Recheck Cond: ((k >= 5522101) AND (k <= 5522201))
	  ->  Bitmap Index Scan on k_3  (cost=0.00..5.42 rows=98 width=0)
	        Index Cond: ((k >= 5522101) AND (k <= 5522201))

table 4 : explain SELECT k, c FROM sbtest4 WHERE k BETWEEN 5522101 AND 5522201
	Bitmap Heap Scan on sbtest4  (cost=5.40..377.86 rows=94 width=125)
	  Recheck Cond: ((k >= 5522101) AND (k <= 5522201))
	  ->  Bitmap Index Scan on k_4  (cost=0.00..5.38 rows=94 width=0)
	        Index Cond: ((k >= 5522101) AND (k <= 5522201))

table 5 : explain SELECT k, c FROM sbtest5 WHERE k BETWEEN 5522101 AND 5522201
	Bitmap Heap Scan on sbtest5  (cost=5.43..389.70 rows=97 width=125)
	  Recheck Cond: ((k >= 5522101) AND (k <= 5522201))
	  ->  Bitmap Index Scan on k_5  (cost=0.00..5.40 rows=97 width=0)
	        Index Cond: ((k >= 5522101) AND (k <= 5522201))

table 6 : explain SELECT k, c FROM sbtest6 WHERE k BETWEEN 5522101 AND 5522201
	Bitmap Heap Scan on sbtest6  (cost=5.44..393.65 rows=98 width=125)
	  Recheck Cond: ((k >= 5522101) AND (k <= 5522201))
	  ->  Bitmap Index Scan on k_6  (cost=0.00..5.42 rows=98 width=0)
	        Index Cond: ((k >= 5522101) AND (k <= 5522201))

table 7 : explain SELECT k, c FROM sbtest7 WHERE k BETWEEN 5522101 AND 5522201
	Bitmap Heap Scan on sbtest7  (cost=5.50..417.35 rows=104 width=125)
	  Recheck Cond: ((k >= 5522101) AND (k <= 5522201))
	  ->  Bitmap Index Scan on k_7  (cost=0.00..5.47 rows=104 width=0)
	        Index Cond: ((k >= 5522101) AND (k <= 5522201))

table 8 : explain SELECT k, c FROM sbtest8 WHERE k BETWEEN 5522101 AND 5522201
	Bitmap Heap Scan on sbtest8  (cost=5.48..409.46 rows=102 width=125)
	  Recheck Cond: ((k >= 5522101) AND (k <= 5522201))
	  ->  Bitmap Index Scan on k_8  (cost=0.00..5.45 rows=102 width=0)
	        Index Cond: ((k >= 5522101) AND (k <= 5522201))




for range-notcovered
table 1 : explain SELECT k, c FROM sbtest1 WHERE k BETWEEN 3951479 AND 3951579
	Bitmap Heap Scan on sbtest1  (cost=5.54..432.99 rows=108 width=125)
	  Recheck Cond: ((k >= 3951479) AND (k <= 3951579))
	  ->  Bitmap Index Scan on k_1  (cost=0.00..5.51 rows=108 width=0)
	        Index Cond: ((k >= 3951479) AND (k <= 3951579))

table 2 : explain SELECT k, c FROM sbtest2 WHERE k BETWEEN 3951479 AND 3951579
	Bitmap Heap Scan on sbtest2  (cost=5.46..401.50 rows=100 width=125)
	  Recheck Cond: ((k >= 3951479) AND (k <= 3951579))
	  ->  Bitmap Index Scan on k_2  (cost=0.00..5.43 rows=100 width=0)
	        Index Cond: ((k >= 3951479) AND (k <= 3951579))

table 3 : explain SELECT k, c FROM sbtest3 WHERE k BETWEEN 3951479 AND 3951579
	Bitmap Heap Scan on sbtest3  (cost=5.47..405.44 rows=101 width=125)
	  Recheck Cond: ((k >= 3951479) AND (k <= 3951579))
	  ->  Bitmap Index Scan on k_3  (cost=0.00..5.44 rows=101 width=0)
	        Index Cond: ((k >= 3951479) AND (k <= 3951579))

table 4 : explain SELECT k, c FROM sbtest4 WHERE k BETWEEN 3951479 AND 3951579
	Bitmap Heap Scan on sbtest4  (cost=5.60..456.71 rows=114 width=125)
	  Recheck Cond: ((k >= 3951479) AND (k <= 3951579))
	  ->  Bitmap Index Scan on k_4  (cost=0.00..5.58 rows=114 width=0)
	        Index Cond: ((k >= 3951479) AND (k <= 3951579))

table 5 : explain SELECT k, c FROM sbtest5 WHERE k BETWEEN 3951479 AND 3951579
	Bitmap Heap Scan on sbtest5  (cost=5.54..433.08 rows=108 width=125)
	  Recheck Cond: ((k >= 3951479) AND (k <= 3951579))
	  ->  Bitmap Index Scan on k_5  (cost=0.00..5.51 rows=108 width=0)
	        Index Cond: ((k >= 3951479) AND (k <= 3951579))

table 6 : explain SELECT k, c FROM sbtest6 WHERE k BETWEEN 3951479 AND 3951579
	Bitmap Heap Scan on sbtest6  (cost=5.50..417.31 rows=104 width=125)
	  Recheck Cond: ((k >= 3951479) AND (k <= 3951579))
	  ->  Bitmap Index Scan on k_6  (cost=0.00..5.47 rows=104 width=0)
	        Index Cond: ((k >= 3951479) AND (k <= 3951579))

table 7 : explain SELECT k, c FROM sbtest7 WHERE k BETWEEN 3951479 AND 3951579
	Bitmap Heap Scan on sbtest7  (cost=5.44..393.68 rows=98 width=125)
	  Recheck Cond: ((k >= 3951479) AND (k <= 3951579))
	  ->  Bitmap Index Scan on k_7  (cost=0.00..5.42 rows=98 width=0)
	        Index Cond: ((k >= 3951479) AND (k <= 3951579))

table 8 : explain SELECT k, c FROM sbtest8 WHERE k BETWEEN 3951479 AND 3951579
	Bitmap Heap Scan on sbtest8  (cost=5.56..441.00 rows=110 width=125)
	  Recheck Cond: ((k >= 3951479) AND (k <= 3951579))
	  ->  Bitmap Index Scan on k_8  (cost=0.00..5.53 rows=110 width=0)
	        Index Cond: ((k >= 3951479) AND (k <= 3951579))
for range-notcovered
table 1 : explain SELECT k, c FROM sbtest1 WHERE k BETWEEN 7296661 AND 7296761
	Bitmap Heap Scan on sbtest1  (cost=5.48..409.34 rows=102 width=125)
	  Recheck Cond: ((k >= 7296661) AND (k <= 7296761))
	  ->  Bitmap Index Scan on k_1  (cost=0.00..5.45 rows=102 width=0)
	        Index Cond: ((k >= 7296661) AND (k <= 7296761))

table 2 : explain SELECT k, c FROM sbtest2 WHERE k BETWEEN 7296661 AND 7296761
	Bitmap Heap Scan on sbtest2  (cost=5.49..413.32 rows=103 width=125)
	  Recheck Cond: ((k >= 7296661) AND (k <= 7296761))
	  ->  Bitmap Index Scan on k_2  (cost=0.00..5.46 rows=103 width=0)
	        Index Cond: ((k >= 7296661) AND (k <= 7296761))

table 3 : explain SELECT k, c FROM sbtest3 WHERE k BETWEEN 7296661 AND 7296761
	Bitmap Heap Scan on sbtest3  (cost=5.47..405.44 rows=101 width=125)
	  Recheck Cond: ((k >= 7296661) AND (k <= 7296761))
	  ->  Bitmap Index Scan on k_3  (cost=0.00..5.44 rows=101 width=0)
	        Index Cond: ((k >= 7296661) AND (k <= 7296761))

table 4 : explain SELECT k, c FROM sbtest4 WHERE k BETWEEN 7296661 AND 7296761
	Bitmap Heap Scan on sbtest4  (cost=5.51..421.25 rows=105 width=125)
	  Recheck Cond: ((k >= 7296661) AND (k <= 7296761))
	  ->  Bitmap Index Scan on k_4  (cost=0.00..5.48 rows=105 width=0)
	        Index Cond: ((k >= 7296661) AND (k <= 7296761))

table 5 : explain SELECT k, c FROM sbtest5 WHERE k BETWEEN 7296661 AND 7296761
	Bitmap Heap Scan on sbtest5  (cost=5.47..405.48 rows=101 width=125)
	  Recheck Cond: ((k >= 7296661) AND (k <= 7296761))
	  ->  Bitmap Index Scan on k_5  (cost=0.00..5.44 rows=101 width=0)
	        Index Cond: ((k >= 7296661) AND (k <= 7296761))

table 6 : explain SELECT k, c FROM sbtest6 WHERE k BETWEEN 7296661 AND 7296761
	Bitmap Heap Scan on sbtest6  (cost=5.35..358.13 rows=89 width=125)
	  Recheck Cond: ((k >= 7296661) AND (k <= 7296761))
	  ->  Bitmap Index Scan on k_6  (cost=0.00..5.32 rows=89 width=0)
	        Index Cond: ((k >= 7296661) AND (k <= 7296761))

table 7 : explain SELECT k, c FROM sbtest7 WHERE k BETWEEN 7296661 AND 7296761
	Bitmap Heap Scan on sbtest7  (cost=5.54..433.12 rows=108 width=125)
	  Recheck Cond: ((k >= 7296661) AND (k <= 7296761))
	  ->  Bitmap Index Scan on k_7  (cost=0.00..5.51 rows=108 width=0)
	        Index Cond: ((k >= 7296661) AND (k <= 7296761))

table 8 : explain SELECT k, c FROM sbtest8 WHERE k BETWEEN 7296661 AND 7296761
	Bitmap Heap Scan on sbtest8  (cost=5.54..433.11 rows=108 width=125)
	  Recheck Cond: ((k >= 7296661) AND (k <= 7296761))
	  ->  Bitmap Index Scan on k_8  (cost=0.00..5.51 rows=108 width=0)
	        Index Cond: ((k >= 7296661) AND (k <= 7296761))



explain: for range-notcovered :: explain SELECT k, c FROM sbtest%d WHERE k BETWEEN 4101353 AND 4101453
explain: for range-notcovered :: explain SELECT k, c FROM sbtest%d WHERE k BETWEEN 5522101 AND 5522201
explain: for range-notcovered :: explain SELECT k, c FROM sbtest%d WHERE k BETWEEN 6091251 AND 6091351
for range-notcovered
table 1 : explain SELECT k, c FROM sbtest1 WHERE k BETWEEN 5893226 AND 5893326
	Bitmap Heap Scan on sbtest1  (cost=5.43..389.63 rows=97 width=125)
	  Recheck Cond: ((k >= 5893226) AND (k <= 5893326))
	  ->  Bitmap Index Scan on k_1  (cost=0.00..5.40 rows=97 width=0)
	        Index Cond: ((k >= 5893226) AND (k <= 5893326))

table 2 : explain SELECT k, c FROM sbtest2 WHERE k BETWEEN 5893226 AND 5893326
	Bitmap Heap Scan on sbtest2  (cost=5.47..405.44 rows=101 width=125)
	  Recheck Cond: ((k >= 5893226) AND (k <= 5893326))
	  ->  Bitmap Index Scan on k_2  (cost=0.00..5.44 rows=101 width=0)
	        Index Cond: ((k >= 5893226) AND (k <= 5893326))

table 3 : explain SELECT k, c FROM sbtest3 WHERE k BETWEEN 5893226 AND 5893326
	Bitmap Heap Scan on sbtest3  (cost=5.56..440.91 rows=110 width=125)
	  Recheck Cond: ((k >= 5893226) AND (k <= 5893326))
	  ->  Bitmap Index Scan on k_3  (cost=0.00..5.53 rows=110 width=0)
	        Index Cond: ((k >= 5893226) AND (k <= 5893326))

table 4 : explain SELECT k, c FROM sbtest4 WHERE k BETWEEN 5893226 AND 5893326
	Bitmap Heap Scan on sbtest4  (cost=5.52..425.19 rows=106 width=125)
	  Recheck Cond: ((k >= 5893226) AND (k <= 5893326))
	  ->  Bitmap Index Scan on k_4  (cost=0.00..5.50 rows=106 width=0)
	        Index Cond: ((k >= 5893226) AND (k <= 5893326))

table 5 : explain SELECT k, c FROM sbtest5 WHERE k BETWEEN 5893226 AND 5893326
	Bitmap Heap Scan on sbtest5  (cost=5.40..377.87 rows=94 width=125)
	  Recheck Cond: ((k >= 5893226) AND (k <= 5893326))
	  ->  Bitmap Index Scan on k_5  (cost=0.00..5.38 rows=94 width=0)
	        Index Cond: ((k >= 5893226) AND (k <= 5893326))

table 6 : explain SELECT k, c FROM sbtest6 WHERE k BETWEEN 5893226 AND 5893326
	Bitmap Heap Scan on sbtest6  (cost=5.43..389.70 rows=97 width=125)
	  Recheck Cond: ((k >= 5893226) AND (k <= 5893326))
	  ->  Bitmap Index Scan on k_6  (cost=0.00..5.40 rows=97 width=0)
	        Index Cond: ((k >= 5893226) AND (k <= 5893326))

table 7 : explain SELECT k, c FROM sbtest7 WHERE k BETWEEN 5893226 AND 5893326
	Bitmap Heap Scan on sbtest7  (cost=5.57..444.94 rows=111 width=125)
	  Recheck Cond: ((k >= 5893226) AND (k <= 5893326))
	  ->  Bitmap Index Scan on k_7  (cost=0.00..5.54 rows=111 width=0)
	        Index Cond: ((k >= 5893226) AND (k <= 5893326))

table 8 : explain SELECT k, c FROM sbtest8 WHERE k BETWEEN 5893226 AND 5893326
	Bitmap Heap Scan on sbtest8  (cost=5.42..385.79 rows=96 width=125)
	  Recheck Cond: ((k >= 5893226) AND (k <= 5893326))
	  ->  Bitmap Index Scan on k_8  (cost=0.00..5.39 rows=96 width=0)
	        Index Cond: ((k >= 5893226) AND (k <= 5893326))
explain: for range-notcovered :: explain SELECT k, c FROM sbtest%d WHERE k BETWEEN 7296661 AND 7296761
for range-notcovered
table 1 : explain SELECT k, c FROM sbtest1 WHERE k BETWEEN 6408735 AND 6408835
	Bitmap Heap Scan on sbtest1  (cost=5.50..417.23 rows=104 width=125)
	  Recheck Cond: ((k >= 6408735) AND (k <= 6408835))
	  ->  Bitmap Index Scan on k_1  (cost=0.00..5.47 rows=104 width=0)
	        Index Cond: ((k >= 6408735) AND (k <= 6408835))

table 2 : explain SELECT k, c FROM sbtest2 WHERE k BETWEEN 6408735 AND 6408835
	Bitmap Heap Scan on sbtest2  (cost=5.42..385.72 rows=96 width=125)
	  Recheck Cond: ((k >= 6408735) AND (k <= 6408835))
	  ->  Bitmap Index Scan on k_2  (cost=0.00..5.39 rows=96 width=0)
	        Index Cond: ((k >= 6408735) AND (k <= 6408835))

table 3 : explain SELECT k, c FROM sbtest3 WHERE k BETWEEN 6408735 AND 6408835
	Bitmap Heap Scan on sbtest3  (cost=5.49..413.33 rows=103 width=125)
	  Recheck Cond: ((k >= 6408735) AND (k <= 6408835))
	  ->  Bitmap Index Scan on k_3  (cost=0.00..5.46 rows=103 width=0)
	        Index Cond: ((k >= 6408735) AND (k <= 6408835))

table 4 : explain SELECT k, c FROM sbtest4 WHERE k BETWEEN 6408735 AND 6408835
	Bitmap Heap Scan on sbtest4  (cost=5.47..405.48 rows=101 width=125)
	  Recheck Cond: ((k >= 6408735) AND (k <= 6408835))
	  ->  Bitmap Index Scan on k_4  (cost=0.00..5.44 rows=101 width=0)
	        Index Cond: ((k >= 6408735) AND (k <= 6408835))

table 5 : explain SELECT k, c FROM sbtest5 WHERE k BETWEEN 6408735 AND 6408835
	Bitmap Heap Scan on sbtest5  (cost=5.46..401.54 rows=100 width=125)
	  Recheck Cond: ((k >= 6408735) AND (k <= 6408835))
	  ->  Bitmap Index Scan on k_5  (cost=0.00..5.43 rows=100 width=0)
	        Index Cond: ((k >= 6408735) AND (k <= 6408835))

table 6 : explain SELECT k, c FROM sbtest6 WHERE k BETWEEN 6408735 AND 6408835
	Bitmap Heap Scan on sbtest6  (cost=5.51..421.25 rows=105 width=125)
	  Recheck Cond: ((k >= 6408735) AND (k <= 6408835))
	  ->  Bitmap Index Scan on k_6  (cost=0.00..5.48 rows=105 width=0)
	        Index Cond: ((k >= 6408735) AND (k <= 6408835))

table 7 : explain SELECT k, c FROM sbtest7 WHERE k BETWEEN 6408735 AND 6408835
	Bitmap Heap Scan on sbtest7  (cost=5.37..366.06 rows=91 width=125)
	  Recheck Cond: ((k >= 6408735) AND (k <= 6408835))
	  ->  Bitmap Index Scan on k_7  (cost=0.00..5.34 rows=91 width=0)
	        Index Cond: ((k >= 6408735) AND (k <= 6408835))

table 8 : explain SELECT k, c FROM sbtest8 WHERE k BETWEEN 6408735 AND 6408835
	Bitmap Heap Scan on sbtest8  (cost=5.38..370.00 rows=92 width=125)
	  Recheck Cond: ((k >= 6408735) AND (k <= 6408835))
	  ->  Bitmap Index Scan on k_8  (cost=0.00..5.35 rows=92 width=0)
	        Index Cond: ((k >= 6408735) AND (k <= 6408835))

for range-notcovered
table 1 : explain SELECT k, c FROM sbtest1 WHERE k BETWEEN 1173834 AND 1173934
	Bitmap Heap Scan on sbtest1  (cost=5.54..432.99 rows=108 width=125)
	  Recheck Cond: ((k >= 1173834) AND (k <= 1173934))
	  ->  Bitmap Index Scan on k_1  (cost=0.00..5.51 rows=108 width=0)
	        Index Cond: ((k >= 1173834) AND (k <= 1173934))

table 2 : explain SELECT k, c FROM sbtest2 WHERE k BETWEEN 1173834 AND 1173934
	Bitmap Heap Scan on sbtest2  (cost=5.53..429.09 rows=107 width=125)
	  Recheck Cond: ((k >= 1173834) AND (k <= 1173934))
	  ->  Bitmap Index Scan on k_2  (cost=0.00..5.50 rows=107 width=0)
	        Index Cond: ((k >= 1173834) AND (k <= 1173934))

table 3 : explain SELECT k, c FROM sbtest3 WHERE k BETWEEN 1173834 AND 1173934
	Bitmap Heap Scan on sbtest3  (cost=5.42..385.72 rows=96 width=125)
	  Recheck Cond: ((k >= 1173834) AND (k <= 1173934))
	  ->  Bitmap Index Scan on k_3  (cost=0.00..5.39 rows=96 width=0)
	        Index Cond: ((k >= 1173834) AND (k <= 1173934))

table 4 : explain SELECT k, c FROM sbtest4 WHERE k BETWEEN 1173834 AND 1173934
	Bitmap Heap Scan on sbtest4  (cost=5.38..369.97 rows=92 width=125)
	  Recheck Cond: ((k >= 1173834) AND (k <= 1173934))
	  ->  Bitmap Index Scan on k_4  (cost=0.00..5.35 rows=92 width=0)
	        Index Cond: ((k >= 1173834) AND (k <= 1173934))

table 5 : explain SELECT k, c FROM sbtest5 WHERE k BETWEEN 1173834 AND 1173934
	Bitmap Heap Scan on sbtest5  (cost=5.42..385.76 rows=96 width=125)
	  Recheck Cond: ((k >= 1173834) AND (k <= 1173934))
	  ->  Bitmap Index Scan on k_5  (cost=0.00..5.39 rows=96 width=0)
	        Index Cond: ((k >= 1173834) AND (k <= 1173934))

table 6 : explain SELECT k, c FROM sbtest6 WHERE k BETWEEN 1173834 AND 1173934
	Bitmap Heap Scan on sbtest6  (cost=5.53..429.13 rows=107 width=125)
	  Recheck Cond: ((k >= 1173834) AND (k <= 1173934))
	  ->  Bitmap Index Scan on k_6  (cost=0.00..5.50 rows=107 width=0)
	        Index Cond: ((k >= 1173834) AND (k <= 1173934))

table 7 : explain SELECT k, c FROM sbtest7 WHERE k BETWEEN 1173834 AND 1173934
	Bitmap Heap Scan on sbtest7  (cost=5.47..405.52 rows=101 width=125)
	  Recheck Cond: ((k >= 1173834) AND (k <= 1173934))
	  ->  Bitmap Index Scan on k_7  (cost=0.00..5.44 rows=101 width=0)
	        Index Cond: ((k >= 1173834) AND (k <= 1173934))

table 8 : explain SELECT k, c FROM sbtest8 WHERE k BETWEEN 1173834 AND 1173934
	Bitmap Heap Scan on sbtest8  (cost=5.56..441.00 rows=110 width=125)
	  Recheck Cond: ((k >= 1173834) AND (k <= 1173934))
	  ->  Bitmap Index Scan on k_8  (cost=0.00..5.53 rows=110 width=0)
	        Index Cond: ((k >= 1173834) AND (k <= 1173934))


for range-notcovered
table 1 : explain SELECT k, c FROM sbtest1 WHERE k BETWEEN 8443156 AND 8443256
	Bitmap Heap Scan on sbtest1  (cost=5.54..432.99 rows=108 width=125)
	  Recheck Cond: ((k >= 8443156) AND (k <= 8443256))
	  ->  Bitmap Index Scan on k_1  (cost=0.00..5.51 rows=108 width=0)
	        Index Cond: ((k >= 8443156) AND (k <= 8443256))

table 2 : explain SELECT k, c FROM sbtest2 WHERE k BETWEEN 8443156 AND 8443256
	Bitmap Heap Scan on sbtest2  (cost=5.55..436.97 rows=109 width=125)
	  Recheck Cond: ((k >= 8443156) AND (k <= 8443256))
	  ->  Bitmap Index Scan on k_2  (cost=0.00..5.52 rows=109 width=0)
	        Index Cond: ((k >= 8443156) AND (k <= 8443256))

table 3 : explain SELECT k, c FROM sbtest3 WHERE k BETWEEN 8443156 AND 8443256
	Bitmap Heap Scan on sbtest3  (cost=5.36..362.05 rows=90 width=125)
	  Recheck Cond: ((k >= 8443156) AND (k <= 8443256))
	  ->  Bitmap Index Scan on k_3  (cost=0.00..5.33 rows=90 width=0)
	        Index Cond: ((k >= 8443156) AND (k <= 8443256))

table 4 : explain SELECT k, c FROM sbtest4 WHERE k BETWEEN 8443156 AND 8443256
	Bitmap Heap Scan on sbtest4  (cost=5.46..401.53 rows=100 width=125)
	  Recheck Cond: ((k >= 8443156) AND (k <= 8443256))
	  ->  Bitmap Index Scan on k_4  (cost=0.00..5.43 rows=100 width=0)
	        Index Cond: ((k >= 8443156) AND (k <= 8443256))

table 5 : explain SELECT k, c FROM sbtest5 WHERE k BETWEEN 8443156 AND 8443256
	Bitmap Heap Scan on sbtest5  (cost=5.44..393.65 rows=98 width=125)
	  Recheck Cond: ((k >= 8443156) AND (k <= 8443256))
	  ->  Bitmap Index Scan on k_5  (cost=0.00..5.42 rows=98 width=0)
	        Index Cond: ((k >= 8443156) AND (k <= 8443256))

table 6 : explain SELECT k, c FROM sbtest6 WHERE k BETWEEN 8443156 AND 8443256
	Bitmap Heap Scan on sbtest6  (cost=5.37..366.03 rows=91 width=125)
	  Recheck Cond: ((k >= 8443156) AND (k <= 8443256))
	  ->  Bitmap Index Scan on k_6  (cost=0.00..5.34 rows=91 width=0)
	        Index Cond: ((k >= 8443156) AND (k <= 8443256))

table 7 : explain SELECT k, c FROM sbtest7 WHERE k BETWEEN 8443156 AND 8443256
	Bitmap Heap Scan on sbtest7  (cost=5.45..397.63 rows=99 width=125)
	  Recheck Cond: ((k >= 8443156) AND (k <= 8443256))
	  ->  Bitmap Index Scan on k_7  (cost=0.00..5.42 rows=99 width=0)
	        Index Cond: ((k >= 8443156) AND (k <= 8443256))

table 8 : explain SELECT k, c FROM sbtest8 WHERE k BETWEEN 8443156 AND 8443256
	Bitmap Heap Scan on sbtest8  (cost=5.51..421.29 rows=105 width=125)
	  Recheck Cond: ((k >= 8443156) AND (k <= 8443256))
	  ->  Bitmap Index Scan on k_8  (cost=0.00..5.48 rows=105 width=0)
	        Index Cond: ((k >= 8443156) AND (k <= 8443256))

for range-notcovered
table 1 : explain SELECT k, c FROM sbtest1 WHERE k BETWEEN 3925795 AND 3925895
	Bitmap Heap Scan on sbtest1  (cost=5.36..362.01 rows=90 width=125)
	  Recheck Cond: ((k >= 3925795) AND (k <= 3925895))
	  ->  Bitmap Index Scan on k_1  (cost=0.00..5.33 rows=90 width=0)
	        Index Cond: ((k >= 3925795) AND (k <= 3925895))

table 2 : explain SELECT k, c FROM sbtest2 WHERE k BETWEEN 3925795 AND 3925895
	Bitmap Heap Scan on sbtest2  (cost=5.46..401.50 rows=100 width=125)
	  Recheck Cond: ((k >= 3925795) AND (k <= 3925895))
	  ->  Bitmap Index Scan on k_2  (cost=0.00..5.43 rows=100 width=0)
	        Index Cond: ((k >= 3925795) AND (k <= 3925895))

table 3 : explain SELECT k, c FROM sbtest3 WHERE k BETWEEN 3925795 AND 3925895
	Bitmap Heap Scan on sbtest3  (cost=5.47..405.44 rows=101 width=125)
	  Recheck Cond: ((k >= 3925795) AND (k <= 3925895))
	  ->  Bitmap Index Scan on k_3  (cost=0.00..5.44 rows=101 width=0)
	        Index Cond: ((k >= 3925795) AND (k <= 3925895))

table 4 : explain SELECT k, c FROM sbtest4 WHERE k BETWEEN 3925795 AND 3925895
	Bitmap Heap Scan on sbtest4  (cost=5.37..366.02 rows=91 width=125)
	  Recheck Cond: ((k >= 3925795) AND (k <= 3925895))
	  ->  Bitmap Index Scan on k_4  (cost=0.00..5.34 rows=91 width=0)
	        Index Cond: ((k >= 3925795) AND (k <= 3925895))

table 5 : explain SELECT k, c FROM sbtest5 WHERE k BETWEEN 3925795 AND 3925895
	Bitmap Heap Scan on sbtest5  (cost=5.54..433.08 rows=108 width=125)
	  Recheck Cond: ((k >= 3925795) AND (k <= 3925895))
	  ->  Bitmap Index Scan on k_5  (cost=0.00..5.51 rows=108 width=0)
	        Index Cond: ((k >= 3925795) AND (k <= 3925895))

table 6 : explain SELECT k, c FROM sbtest6 WHERE k BETWEEN 3925795 AND 3925895
	Bitmap Heap Scan on sbtest6  (cost=5.50..417.31 rows=104 width=125)
	  Recheck Cond: ((k >= 3925795) AND (k <= 3925895))
	  ->  Bitmap Index Scan on k_6  (cost=0.00..5.47 rows=104 width=0)
	        Index Cond: ((k >= 3925795) AND (k <= 3925895))

table 7 : explain SELECT k, c FROM sbtest7 WHERE k BETWEEN 3925795 AND 3925895
	Bitmap Heap Scan on sbtest7  (cost=5.53..429.18 rows=107 width=125)
	  Recheck Cond: ((k >= 3925795) AND (k <= 3925895))
	  ->  Bitmap Index Scan on k_7  (cost=0.00..5.50 rows=107 width=0)
	        Index Cond: ((k >= 3925795) AND (k <= 3925895))

table 8 : explain SELECT k, c FROM sbtest8 WHERE k BETWEEN 3925795 AND 3925895
	Bitmap Heap Scan on sbtest8  (cost=5.56..441.00 rows=110 width=125)
	  Recheck Cond: ((k >= 3925795) AND (k <= 3925895))
	  ->  Bitmap Index Scan on k_8  (cost=0.00..5.53 rows=110 width=0)
	        Index Cond: ((k >= 3925795) AND (k <= 3925895))

explain: for range-notcovered :: explain SELECT k, c FROM sbtest%d WHERE k BETWEEN 6408735 AND 6408835
for range-notcovered
table 1 : explain SELECT k, c FROM sbtest1 WHERE k BETWEEN 7279562 AND 7279662
	Bitmap Heap Scan on sbtest1  (cost=5.48..409.34 rows=102 width=125)
	  Recheck Cond: ((k >= 7279562) AND (k <= 7279662))
	  ->  Bitmap Index Scan on k_1  (cost=0.00..5.45 rows=102 width=0)
	        Index Cond: ((k >= 7279562) AND (k <= 7279662))

table 2 : explain SELECT k, c FROM sbtest2 WHERE k BETWEEN 7279562 AND 7279662
	Bitmap Heap Scan on sbtest2  (cost=5.49..413.32 rows=103 width=125)
	  Recheck Cond: ((k >= 7279562) AND (k <= 7279662))
	  ->  Bitmap Index Scan on k_2  (cost=0.00..5.46 rows=103 width=0)
	        Index Cond: ((k >= 7279562) AND (k <= 7279662))

table 3 : explain SELECT k, c FROM sbtest3 WHERE k BETWEEN 7279562 AND 7279662
	Bitmap Heap Scan on sbtest3  (cost=5.47..405.44 rows=101 width=125)
	  Recheck Cond: ((k >= 7279562) AND (k <= 7279662))
	  ->  Bitmap Index Scan on k_3  (cost=0.00..5.44 rows=101 width=0)
	        Index Cond: ((k >= 7279562) AND (k <= 7279662))

table 4 : explain SELECT k, c FROM sbtest4 WHERE k BETWEEN 7279562 AND 7279662
	Bitmap Heap Scan on sbtest4  (cost=5.51..421.25 rows=105 width=125)
	  Recheck Cond: ((k >= 7279562) AND (k <= 7279662))
	  ->  Bitmap Index Scan on k_4  (cost=0.00..5.48 rows=105 width=0)
	        Index Cond: ((k >= 7279562) AND (k <= 7279662))

table 5 : explain SELECT k, c FROM sbtest5 WHERE k BETWEEN 7279562 AND 7279662
	Bitmap Heap Scan on sbtest5  (cost=5.47..405.48 rows=101 width=125)
	  Recheck Cond: ((k >= 7279562) AND (k <= 7279662))
	  ->  Bitmap Index Scan on k_5  (cost=0.00..5.44 rows=101 width=0)
	        Index Cond: ((k >= 7279562) AND (k <= 7279662))

table 6 : explain SELECT k, c FROM sbtest6 WHERE k BETWEEN 7279562 AND 7279662
	Bitmap Heap Scan on sbtest6  (cost=5.35..358.13 rows=89 width=125)
	  Recheck Cond: ((k >= 7279562) AND (k <= 7279662))
	  ->  Bitmap Index Scan on k_6  (cost=0.00..5.32 rows=89 width=0)
	        Index Cond: ((k >= 7279562) AND (k <= 7279662))

table 7 : explain SELECT k, c FROM sbtest7 WHERE k BETWEEN 7279562 AND 7279662
	Bitmap Heap Scan on sbtest7  (cost=5.54..433.12 rows=108 width=125)
	  Recheck Cond: ((k >= 7279562) AND (k <= 7279662))
	  ->  Bitmap Index Scan on k_7  (cost=0.00..5.51 rows=108 width=0)
	        Index Cond: ((k >= 7279562) AND (k <= 7279662))

table 8 : explain SELECT k, c FROM sbtest8 WHERE k BETWEEN 7279562 AND 7279662
	Bitmap Heap Scan on sbtest8  (cost=5.54..433.11 rows=108 width=125)
	  Recheck Cond: ((k >= 7279562) AND (k <= 7279662))
	  ->  Bitmap Index Scan on k_8  (cost=0.00..5.51 rows=108 width=0)
	        Index Cond: ((k >= 7279562) AND (k <= 7279662))
for range-notcovered
table 1 : explain SELECT k, c FROM sbtest1 WHERE k BETWEEN 3944438 AND 3944538
	Bitmap Heap Scan on sbtest1  (cost=5.54..432.99 rows=108 width=125)
	  Recheck Cond: ((k >= 3944438) AND (k <= 3944538))
	  ->  Bitmap Index Scan on k_1  (cost=0.00..5.51 rows=108 width=0)
	        Index Cond: ((k >= 3944438) AND (k <= 3944538))

table 2 : explain SELECT k, c FROM sbtest2 WHERE k BETWEEN 3944438 AND 3944538
	Bitmap Heap Scan on sbtest2  (cost=5.46..401.50 rows=100 width=125)
	  Recheck Cond: ((k >= 3944438) AND (k <= 3944538))
	  ->  Bitmap Index Scan on k_2  (cost=0.00..5.43 rows=100 width=0)
	        Index Cond: ((k >= 3944438) AND (k <= 3944538))

table 3 : explain SELECT k, c FROM sbtest3 WHERE k BETWEEN 3944438 AND 3944538
	Bitmap Heap Scan on sbtest3  (cost=5.47..405.44 rows=101 width=125)
	  Recheck Cond: ((k >= 3944438) AND (k <= 3944538))
	  ->  Bitmap Index Scan on k_3  (cost=0.00..5.44 rows=101 width=0)
	        Index Cond: ((k >= 3944438) AND (k <= 3944538))

table 4 : explain SELECT k, c FROM sbtest4 WHERE k BETWEEN 3944438 AND 3944538
	Bitmap Heap Scan on sbtest4  (cost=5.60..456.71 rows=114 width=125)
	  Recheck Cond: ((k >= 3944438) AND (k <= 3944538))
	  ->  Bitmap Index Scan on k_4  (cost=0.00..5.58 rows=114 width=0)
	        Index Cond: ((k >= 3944438) AND (k <= 3944538))

table 5 : explain SELECT k, c FROM sbtest5 WHERE k BETWEEN 3944438 AND 3944538
	Bitmap Heap Scan on sbtest5  (cost=5.54..433.08 rows=108 width=125)
	  Recheck Cond: ((k >= 3944438) AND (k <= 3944538))
	  ->  Bitmap Index Scan on k_5  (cost=0.00..5.51 rows=108 width=0)
	        Index Cond: ((k >= 3944438) AND (k <= 3944538))

table 6 : explain SELECT k, c FROM sbtest6 WHERE k BETWEEN 3944438 AND 3944538
	Bitmap Heap Scan on sbtest6  (cost=5.50..417.31 rows=104 width=125)
	  Recheck Cond: ((k >= 3944438) AND (k <= 3944538))
	  ->  Bitmap Index Scan on k_6  (cost=0.00..5.47 rows=104 width=0)
	        Index Cond: ((k >= 3944438) AND (k <= 3944538))

table 7 : explain SELECT k, c FROM sbtest7 WHERE k BETWEEN 3944438 AND 3944538
	Bitmap Heap Scan on sbtest7  (cost=5.44..393.68 rows=98 width=125)
	  Recheck Cond: ((k >= 3944438) AND (k <= 3944538))
	  ->  Bitmap Index Scan on k_7  (cost=0.00..5.42 rows=98 width=0)
	        Index Cond: ((k >= 3944438) AND (k <= 3944538))

table 8 : explain SELECT k, c FROM sbtest8 WHERE k BETWEEN 3944438 AND 3944538
	Bitmap Heap Scan on sbtest8  (cost=5.56..441.00 rows=110 width=125)
	  Recheck Cond: ((k >= 3944438) AND (k <= 3944538))
	  ->  Bitmap Index Scan on k_8  (cost=0.00..5.53 rows=110 width=0)
	        Index Cond: ((k >= 3944438) AND (k <= 3944538))
for range-notcovered
table 1 : explain SELECT k, c FROM sbtest1 WHERE k BETWEEN 7623222 AND 7623322
	Bitmap Heap Scan on sbtest1  (cost=5.55..436.93 rows=109 width=125)
	  Recheck Cond: ((k >= 7623222) AND (k <= 7623322))
	  ->  Bitmap Index Scan on k_1  (cost=0.00..5.52 rows=109 width=0)
	        Index Cond: ((k >= 7623222) AND (k <= 7623322))

table 2 : explain SELECT k, c FROM sbtest2 WHERE k BETWEEN 7623222 AND 7623322
	Bitmap Heap Scan on sbtest2  (cost=5.50..417.27 rows=104 width=125)
	  Recheck Cond: ((k >= 7623222) AND (k <= 7623322))
	  ->  Bitmap Index Scan on k_2  (cost=0.00..5.47 rows=104 width=0)
	        Index Cond: ((k >= 7623222) AND (k <= 7623322))

table 3 : explain SELECT k, c FROM sbtest3 WHERE k BETWEEN 7623222 AND 7623322
	Bitmap Heap Scan on sbtest3  (cost=5.51..421.21 rows=105 width=125)
	  Recheck Cond: ((k >= 7623222) AND (k <= 7623322))
	  ->  Bitmap Index Scan on k_3  (cost=0.00..5.48 rows=105 width=0)
	        Index Cond: ((k >= 7623222) AND (k <= 7623322))

table 4 : explain SELECT k, c FROM sbtest4 WHERE k BETWEEN 7623222 AND 7623322
	Bitmap Heap Scan on sbtest4  (cost=5.60..456.71 rows=114 width=125)
	  Recheck Cond: ((k >= 7623222) AND (k <= 7623322))
	  ->  Bitmap Index Scan on k_4  (cost=0.00..5.58 rows=114 width=0)
	        Index Cond: ((k >= 7623222) AND (k <= 7623322))

table 5 : explain SELECT k, c FROM sbtest5 WHERE k BETWEEN 7623222 AND 7623322
	Bitmap Heap Scan on sbtest5  (cost=5.47..405.48 rows=101 width=125)
	  Recheck Cond: ((k >= 7623222) AND (k <= 7623322))
	  ->  Bitmap Index Scan on k_5  (cost=0.00..5.44 rows=101 width=0)
	        Index Cond: ((k >= 7623222) AND (k <= 7623322))

table 6 : explain SELECT k, c FROM sbtest6 WHERE k BETWEEN 7623222 AND 7623322
	Bitmap Heap Scan on sbtest6  (cost=5.54..433.08 rows=108 width=125)
	  Recheck Cond: ((k >= 7623222) AND (k <= 7623322))
	  ->  Bitmap Index Scan on k_6  (cost=0.00..5.51 rows=108 width=0)
	        Index Cond: ((k >= 7623222) AND (k <= 7623322))

table 7 : explain SELECT k, c FROM sbtest7 WHERE k BETWEEN 7623222 AND 7623322
	Bitmap Heap Scan on sbtest7  (cost=5.47..405.52 rows=101 width=125)
	  Recheck Cond: ((k >= 7623222) AND (k <= 7623322))
	  ->  Bitmap Index Scan on k_7  (cost=0.00..5.44 rows=101 width=0)
	        Index Cond: ((k >= 7623222) AND (k <= 7623322))

table 8 : explain SELECT k, c FROM sbtest8 WHERE k BETWEEN 7623222 AND 7623322
	Bitmap Heap Scan on sbtest8  (cost=5.49..413.40 rows=103 width=125)
	  Recheck Cond: ((k >= 7623222) AND (k <= 7623322))
	  ->  Bitmap Index Scan on k_8  (cost=0.00..5.46 rows=103 width=0)
	        Index Cond: ((k >= 7623222) AND (k <= 7623322))
for range-notcovered
table 1 : explain SELECT k, c FROM sbtest1 WHERE k BETWEEN 5001065 AND 5001165
	Bitmap Heap Scan on sbtest1  (cost=5.47..405.40 rows=101 width=125)
	  Recheck Cond: ((k >= 5001065) AND (k <= 5001165))
	  ->  Bitmap Index Scan on k_1  (cost=0.00..5.44 rows=101 width=0)
	        Index Cond: ((k >= 5001065) AND (k <= 5001165))

table 2 : explain SELECT k, c FROM sbtest2 WHERE k BETWEEN 5001065 AND 5001165
	Bitmap Heap Scan on sbtest2  (cost=5.54..433.03 rows=108 width=125)
	  Recheck Cond: ((k >= 5001065) AND (k <= 5001165))
	  ->  Bitmap Index Scan on k_2  (cost=0.00..5.51 rows=108 width=0)
	        Index Cond: ((k >= 5001065) AND (k <= 5001165))

table 3 : explain SELECT k, c FROM sbtest3 WHERE k BETWEEN 5001065 AND 5001165
	Bitmap Heap Scan on sbtest3  (cost=5.46..401.50 rows=100 width=125)
	  Recheck Cond: ((k >= 5001065) AND (k <= 5001165))
	  ->  Bitmap Index Scan on k_3  (cost=0.00..5.43 rows=100 width=0)
	        Index Cond: ((k >= 5001065) AND (k <= 5001165))

table 4 : explain SELECT k, c FROM sbtest4 WHERE k BETWEEN 5001065 AND 5001165
	Bitmap Heap Scan on sbtest4  (cost=5.48..409.42 rows=102 width=125)
	  Recheck Cond: ((k >= 5001065) AND (k <= 5001165))
	  ->  Bitmap Index Scan on k_4  (cost=0.00..5.45 rows=102 width=0)
	        Index Cond: ((k >= 5001065) AND (k <= 5001165))

table 5 : explain SELECT k, c FROM sbtest5 WHERE k BETWEEN 5001065 AND 5001165
	Bitmap Heap Scan on sbtest5  (cost=5.55..437.02 rows=109 width=125)
	  Recheck Cond: ((k >= 5001065) AND (k <= 5001165))
	  ->  Bitmap Index Scan on k_5  (cost=0.00..5.52 rows=109 width=0)
	        Index Cond: ((k >= 5001065) AND (k <= 5001165))

table 6 : explain SELECT k, c FROM sbtest6 WHERE k BETWEEN 5001065 AND 5001165
	Bitmap Heap Scan on sbtest6  (cost=5.47..405.48 rows=101 width=125)
	  Recheck Cond: ((k >= 5001065) AND (k <= 5001165))
	  ->  Bitmap Index Scan on k_6  (cost=0.00..5.44 rows=101 width=0)
	        Index Cond: ((k >= 5001065) AND (k <= 5001165))

table 7 : explain SELECT k, c FROM sbtest7 WHERE k BETWEEN 5001065 AND 5001165
	Bitmap Heap Scan on sbtest7  (cost=5.51..421.29 rows=105 width=125)
	  Recheck Cond: ((k >= 5001065) AND (k <= 5001165))
	  ->  Bitmap Index Scan on k_7  (cost=0.00..5.48 rows=105 width=0)
	        Index Cond: ((k >= 5001065) AND (k <= 5001165))

table 8 : explain SELECT k, c FROM sbtest8 WHERE k BETWEEN 5001065 AND 5001165
	Bitmap Heap Scan on sbtest8  (cost=5.42..385.79 rows=96 width=125)
	  Recheck Cond: ((k >= 5001065) AND (k <= 5001165))
	  ->  Bitmap Index Scan on k_8  (cost=0.00..5.39 rows=96 width=0)
	        Index Cond: ((k >= 5001065) AND (k <= 5001165))

explain: for range-notcovered :: explain SELECT k, c FROM sbtest%d WHERE k BETWEEN 8443156 AND 8443256
explain: for range-notcovered :: explain SELECT k, c FROM sbtest%d WHERE k BETWEEN 5893226 AND 5893326for range-notcovered
table 1 : explain SELECT k, c FROM sbtest1 WHERE k BETWEEN 8296793 AND 8296893
	Bitmap Heap Scan on sbtest1  (cost=5.51..421.17 rows=105 width=125)
	  Recheck Cond: ((k >= 8296793) AND (k <= 8296893))
	  ->  Bitmap Index Scan on k_1  (cost=0.00..5.48 rows=105 width=0)
	        Index Cond: ((k >= 8296793) AND (k <= 8296893))

table 2 : explain SELECT k, c FROM sbtest2 WHERE k BETWEEN 8296793 AND 8296893
	Bitmap Heap Scan on sbtest2  (cost=5.47..405.44 rows=101 width=125)
	  Recheck Cond: ((k >= 8296793) AND (k <= 8296893))
	  ->  Bitmap Index Scan on k_2  (cost=0.00..5.44 rows=101 width=0)
	        Index Cond: ((k >= 8296793) AND (k <= 8296893))

table 3 : explain SELECT k, c FROM sbtest3 WHERE k BETWEEN 8296793 AND 8296893
	Bitmap Heap Scan on sbtest3  (cost=5.42..385.72 rows=96 width=125)
	  Recheck Cond: ((k >= 8296793) AND (k <= 8296893))
	  ->  Bitmap Index Scan on k_3  (cost=0.00..5.39 rows=96 width=0)
	        Index Cond: ((k >= 8296793) AND (k <= 8296893))

table 4 : explain SELECT k, c FROM sbtest4 WHERE k BETWEEN 8296793 AND 8296893
	Bitmap Heap Scan on sbtest4  (cost=5.36..362.07 rows=90 width=125)
	  Recheck Cond: ((k >= 8296793) AND (k <= 8296893))
	  ->  Bitmap Index Scan on k_4  (cost=0.00..5.33 rows=90 width=0)
	        Index Cond: ((k >= 8296793) AND (k <= 8296893))

table 5 : explain SELECT k, c FROM sbtest5 WHERE k BETWEEN 8296793 AND 8296893
	Bitmap Heap Scan on sbtest5  (cost=5.57..444.90 rows=111 width=125)
	  Recheck Cond: ((k >= 8296793) AND (k <= 8296893))
	  ->  Bitmap Index Scan on k_5  (cost=0.00..5.54 rows=111 width=0)
	        Index Cond: ((k >= 8296793) AND (k <= 8296893))

table 6 : explain SELECT k, c FROM sbtest6 WHERE k BETWEEN 8296793 AND 8296893
	Bitmap Heap Scan on sbtest6  (cost=5.46..401.54 rows=100 width=125)
	  Recheck Cond: ((k >= 8296793) AND (k <= 8296893))
	  ->  Bitmap Index Scan on k_6  (cost=0.00..5.43 rows=100 width=0)
	        Index Cond: ((k >= 8296793) AND (k <= 8296893))

table 7 : explain SELECT k, c FROM sbtest7 WHERE k BETWEEN 8296793 AND 8296893
	Bitmap Heap Scan on sbtest7  (cost=5.42..385.79 rows=96 width=125)
	  Recheck Cond: ((k >= 8296793) AND (k <= 8296893))
	  ->  Bitmap Index Scan on k_7  (cost=0.00..5.39 rows=96 width=0)
	        Index Cond: ((k >= 8296793) AND (k <= 8296893))

table 8 : explain SELECT k, c FROM sbtest8 WHERE k BETWEEN 8296793 AND 8296893
	Bitmap Heap Scan on sbtest8  (cost=5.44..393.68 rows=98 width=125)
	  Recheck Cond: ((k >= 8296793) AND (k <= 8296893))
	  ->  Bitmap Index Scan on k_8  (cost=0.00..5.42 rows=98 width=0)
	        Index Cond: ((k >= 8296793) AND (k <= 8296893))


explain: for range-notcovered :: explain SELECT k, c FROM sbtest%d WHERE k BETWEEN 420332 AND 420432

for range-notcovered
table 1 : explain SELECT k, c FROM sbtest1 WHERE k BETWEEN 6222055 AND 6222155
	Bitmap Heap Scan on sbtest1  (cost=5.48..409.34 rows=102 width=125)
	  Recheck Cond: ((k >= 6222055) AND (k <= 6222155))
	  ->  Bitmap Index Scan on k_1  (cost=0.00..5.45 rows=102 width=0)
	        Index Cond: ((k >= 6222055) AND (k <= 6222155))

table 2 : explain SELECT k, c FROM sbtest2 WHERE k BETWEEN 6222055 AND 6222155
	Bitmap Heap Scan on sbtest2  (cost=5.55..436.97 rows=109 width=125)
	  Recheck Cond: ((k >= 6222055) AND (k <= 6222155))
	  ->  Bitmap Index Scan on k_2  (cost=0.00..5.52 rows=109 width=0)
	        Index Cond: ((k >= 6222055) AND (k <= 6222155))

table 3 : explain SELECT k, c FROM sbtest3 WHERE k BETWEEN 6222055 AND 6222155
	Bitmap Heap Scan on sbtest3  (cost=5.50..417.27 rows=104 width=125)
	  Recheck Cond: ((k >= 6222055) AND (k <= 6222155))
	  ->  Bitmap Index Scan on k_3  (cost=0.00..5.47 rows=104 width=0)
	        Index Cond: ((k >= 6222055) AND (k <= 6222155))

table 4 : explain SELECT k, c FROM sbtest4 WHERE k BETWEEN 6222055 AND 6222155
	Bitmap Heap Scan on sbtest4  (cost=5.48..409.42 rows=102 width=125)
	  Recheck Cond: ((k >= 6222055) AND (k <= 6222155))
	  ->  Bitmap Index Scan on k_4  (cost=0.00..5.45 rows=102 width=0)
	        Index Cond: ((k >= 6222055) AND (k <= 6222155))

table 5 : explain SELECT k, c FROM sbtest5 WHERE k BETWEEN 6222055 AND 6222155
	Bitmap Heap Scan on sbtest5  (cost=5.49..413.37 rows=103 width=125)
	  Recheck Cond: ((k >= 6222055) AND (k <= 6222155))
	  ->  Bitmap Index Scan on k_5  (cost=0.00..5.46 rows=103 width=0)
	        Index Cond: ((k >= 6222055) AND (k <= 6222155))

table 6 : explain SELECT k, c FROM sbtest6 WHERE k BETWEEN 6222055 AND 6222155
	Bitmap Heap Scan on sbtest6  (cost=5.43..389.70 rows=97 width=125)
	  Recheck Cond: ((k >= 6222055) AND (k <= 6222155))
	  ->  Bitmap Index Scan on k_6  (cost=0.00..5.40 rows=97 width=0)
	        Index Cond: ((k >= 6222055) AND (k <= 6222155))

table 7 : explain SELECT k, c FROM sbtest7 WHERE k BETWEEN 6222055 AND 6222155
	Bitmap Heap Scan on sbtest7  (cost=5.45..397.63 rows=99 width=125)
	  Recheck Cond: ((k >= 6222055) AND (k <= 6222155))
	  ->  Bitmap Index Scan on k_7  (cost=0.00..5.42 rows=99 width=0)
	        Index Cond: ((k >= 6222055) AND (k <= 6222155))

table 8 : explain SELECT k, c FROM sbtest8 WHERE k BETWEEN 6222055 AND 6222155
	Bitmap Heap Scan on sbtest8  (cost=5.51..421.29 rows=105 width=125)
	  Recheck Cond: ((k >= 6222055) AND (k <= 6222155))
	  ->  Bitmap Index Scan on k_8  (cost=0.00..5.48 rows=105 width=0)
	        Index Cond: ((k >= 6222055) AND (k <= 6222155))


explain: for range-notcovered :: explain SELECT k, c FROM sbtest%d WHERE k BETWEEN 8296793 AND 8296893
explain: for range-notcovered :: explain SELECT k, c FROM sbtest%d WHERE k BETWEEN 3925795 AND 3925895
for range-notcovered
table 1 : explain SELECT k, c FROM sbtest1 WHERE k BETWEEN 4455370 AND 4455470
	Bitmap Heap Scan on sbtest1  (cost=5.61..460.55 rows=115 width=125)
	  Recheck Cond: ((k >= 4455370) AND (k <= 4455470))
	  ->  Bitmap Index Scan on k_1  (cost=0.00..5.58 rows=115 width=0)
	        Index Cond: ((k >= 4455370) AND (k <= 4455470))

table 2 : explain SELECT k, c FROM sbtest2 WHERE k BETWEEN 4455370 AND 4455470
	Bitmap Heap Scan on sbtest2  (cost=5.45..397.55 rows=99 width=125)
	  Recheck Cond: ((k >= 4455370) AND (k <= 4455470))
	  ->  Bitmap Index Scan on k_2  (cost=0.00..5.42 rows=99 width=0)
	        Index Cond: ((k >= 4455370) AND (k <= 4455470))

table 3 : explain SELECT k, c FROM sbtest3 WHERE k BETWEEN 4455370 AND 4455470
	Bitmap Heap Scan on sbtest3  (cost=5.45..397.56 rows=99 width=125)
	  Recheck Cond: ((k >= 4455370) AND (k <= 4455470))
	  ->  Bitmap Index Scan on k_3  (cost=0.00..5.42 rows=99 width=0)
	        Index Cond: ((k >= 4455370) AND (k <= 4455470))

table 4 : explain SELECT k, c FROM sbtest4 WHERE k BETWEEN 4455370 AND 4455470
	Bitmap Heap Scan on sbtest4  (cost=5.46..401.53 rows=100 width=125)
	  Recheck Cond: ((k >= 4455370) AND (k <= 4455470))
	  ->  Bitmap Index Scan on k_4  (cost=0.00..5.43 rows=100 width=0)
	        Index Cond: ((k >= 4455370) AND (k <= 4455470))

table 5 : explain SELECT k, c FROM sbtest5 WHERE k BETWEEN 4455370 AND 4455470
	Bitmap Heap Scan on sbtest5  (cost=5.45..397.59 rows=99 width=125)
	  Recheck Cond: ((k >= 4455370) AND (k <= 4455470))
	  ->  Bitmap Index Scan on k_5  (cost=0.00..5.42 rows=99 width=0)
	        Index Cond: ((k >= 4455370) AND (k <= 4455470))

table 6 : explain SELECT k, c FROM sbtest6 WHERE k BETWEEN 4455370 AND 4455470
	Bitmap Heap Scan on sbtest6  (cost=5.44..393.65 rows=98 width=125)
	  Recheck Cond: ((k >= 4455370) AND (k <= 4455470))
	  ->  Bitmap Index Scan on k_6  (cost=0.00..5.42 rows=98 width=0)
	        Index Cond: ((k >= 4455370) AND (k <= 4455470))

table 7 : explain SELECT k, c FROM sbtest7 WHERE k BETWEEN 4455370 AND 4455470
	Bitmap Heap Scan on sbtest7  (cost=5.52..425.23 rows=106 width=125)
	  Recheck Cond: ((k >= 4455370) AND (k <= 4455470))
	  ->  Bitmap Index Scan on k_7  (cost=0.00..5.50 rows=106 width=0)
	        Index Cond: ((k >= 4455370) AND (k <= 4455470))

table 8 : explain SELECT k, c FROM sbtest8 WHERE k BETWEEN 4455370 AND 4455470
	Bitmap Heap Scan on sbtest8  (cost=5.48..409.46 rows=102 width=125)
	  Recheck Cond: ((k >= 4455370) AND (k <= 4455470))
	  ->  Bitmap Index Scan on k_8  (cost=0.00..5.45 rows=102 width=0)
	        Index Cond: ((k >= 4455370) AND (k <= 4455470))


for range-notcovered
table 1 : explain SELECT k, c FROM sbtest1 WHERE k BETWEEN 5153009 AND 5153109
	Bitmap Heap Scan on sbtest1  (cost=5.50..417.23 rows=104 width=125)
	  Recheck Cond: ((k >= 5153009) AND (k <= 5153109))
	  ->  Bitmap Index Scan on k_1  (cost=0.00..5.47 rows=104 width=0)
	        Index Cond: ((k >= 5153009) AND (k <= 5153109))

table 2 : explain SELECT k, c FROM sbtest2 WHERE k BETWEEN 5153009 AND 5153109
	Bitmap Heap Scan on sbtest2  (cost=5.47..405.44 rows=101 width=125)
	  Recheck Cond: ((k >= 5153009) AND (k <= 5153109))
	  ->  Bitmap Index Scan on k_2  (cost=0.00..5.44 rows=101 width=0)
	        Index Cond: ((k >= 5153009) AND (k <= 5153109))

table 3 : explain SELECT k, c FROM sbtest3 WHERE k BETWEEN 5153009 AND 5153109
	Bitmap Heap Scan on sbtest3  (cost=5.57..444.85 rows=111 width=125)
	  Recheck Cond: ((k >= 5153009) AND (k <= 5153109))
	  ->  Bitmap Index Scan on k_3  (cost=0.00..5.54 rows=111 width=0)
	        Index Cond: ((k >= 5153009) AND (k <= 5153109))

table 4 : explain SELECT k, c FROM sbtest4 WHERE k BETWEEN 5153009 AND 5153109
	Bitmap Heap Scan on sbtest4  (cost=5.56..440.95 rows=110 width=125)
	  Recheck Cond: ((k >= 5153009) AND (k <= 5153109))
	  ->  Bitmap Index Scan on k_4  (cost=0.00..5.53 rows=110 width=0)
	        Index Cond: ((k >= 5153009) AND (k <= 5153109))

table 5 : explain SELECT k, c FROM sbtest5 WHERE k BETWEEN 5153009 AND 5153109
	Bitmap Heap Scan on sbtest5  (cost=5.43..389.70 rows=97 width=125)
	  Recheck Cond: ((k >= 5153009) AND (k <= 5153109))
	  ->  Bitmap Index Scan on k_5  (cost=0.00..5.40 rows=97 width=0)
	        Index Cond: ((k >= 5153009) AND (k <= 5153109))

table 6 : explain SELECT k, c FROM sbtest6 WHERE k BETWEEN 5153009 AND 5153109
	Bitmap Heap Scan on sbtest6  (cost=5.43..389.70 rows=97 width=125)
	  Recheck Cond: ((k >= 5153009) AND (k <= 5153109))
	  ->  Bitmap Index Scan on k_6  (cost=0.00..5.40 rows=97 width=0)
	        Index Cond: ((k >= 5153009) AND (k <= 5153109))

table 7 : explain SELECT k, c FROM sbtest7 WHERE k BETWEEN 5153009 AND 5153109
	Bitmap Heap Scan on sbtest7  (cost=5.54..433.12 rows=108 width=125)
	  Recheck Cond: ((k >= 5153009) AND (k <= 5153109))
	  ->  Bitmap Index Scan on k_7  (cost=0.00..5.51 rows=108 width=0)
	        Index Cond: ((k >= 5153009) AND (k <= 5153109))

table 8 : explain SELECT k, c FROM sbtest8 WHERE k BETWEEN 5153009 AND 5153109
	Bitmap Heap Scan on sbtest8  (cost=5.40..377.90 rows=94 width=125)
	  Recheck Cond: ((k >= 5153009) AND (k <= 5153109))
	  ->  Bitmap Index Scan on k_8  (cost=0.00..5.38 rows=94 width=0)
	        Index Cond: ((k >= 5153009) AND (k <= 5153109))


explain: for range-notcovered :: explain SELECT k, c FROM sbtest%d WHERE k BETWEEN 4028203 AND 4028303
for range-notcovered
table 1 : explain SELECT k, c FROM sbtest1 WHERE k BETWEEN 7804666 AND 7804766
	Bitmap Heap Scan on sbtest1  (cost=5.42..385.68 rows=96 width=125)
	  Recheck Cond: ((k >= 7804666) AND (k <= 7804766))
	  ->  Bitmap Index Scan on k_1  (cost=0.00..5.39 rows=96 width=0)
	        Index Cond: ((k >= 7804666) AND (k <= 7804766))

table 2 : explain SELECT k, c FROM sbtest2 WHERE k BETWEEN 7804666 AND 7804766
	Bitmap Heap Scan on sbtest2  (cost=5.48..409.38 rows=102 width=125)
	  Recheck Cond: ((k >= 7804666) AND (k <= 7804766))
	  ->  Bitmap Index Scan on k_2  (cost=0.00..5.45 rows=102 width=0)
	        Index Cond: ((k >= 7804666) AND (k <= 7804766))

table 3 : explain SELECT k, c FROM sbtest3 WHERE k BETWEEN 7804666 AND 7804766
	Bitmap Heap Scan on sbtest3  (cost=5.48..409.39 rows=102 width=125)
	  Recheck Cond: ((k >= 7804666) AND (k <= 7804766))
	  ->  Bitmap Index Scan on k_3  (cost=0.00..5.45 rows=102 width=0)
	        Index Cond: ((k >= 7804666) AND (k <= 7804766))

table 4 : explain SELECT k, c FROM sbtest4 WHERE k BETWEEN 7804666 AND 7804766
	Bitmap Heap Scan on sbtest4  (cost=5.45..397.59 rows=99 width=125)
	  Recheck Cond: ((k >= 7804666) AND (k <= 7804766))
	  ->  Bitmap Index Scan on k_4  (cost=0.00..5.42 rows=99 width=0)
	        Index Cond: ((k >= 7804666) AND (k <= 7804766))

table 5 : explain SELECT k, c FROM sbtest5 WHERE k BETWEEN 7804666 AND 7804766
	Bitmap Heap Scan on sbtest5  (cost=5.52..425.19 rows=106 width=125)
	  Recheck Cond: ((k >= 7804666) AND (k <= 7804766))
	  ->  Bitmap Index Scan on k_5  (cost=0.00..5.50 rows=106 width=0)
	        Index Cond: ((k >= 7804666) AND (k <= 7804766))

table 6 : explain SELECT k, c FROM sbtest6 WHERE k BETWEEN 7804666 AND 7804766
	Bitmap Heap Scan on sbtest6  (cost=5.51..421.25 rows=105 width=125)
	  Recheck Cond: ((k >= 7804666) AND (k <= 7804766))
	  ->  Bitmap Index Scan on k_6  (cost=0.00..5.48 rows=105 width=0)
	        Index Cond: ((k >= 7804666) AND (k <= 7804766))

table 7 : explain SELECT k, c FROM sbtest7 WHERE k BETWEEN 7804666 AND 7804766
	Bitmap Heap Scan on sbtest7  (cost=5.48..409.46 rows=102 width=125)
	  Recheck Cond: ((k >= 7804666) AND (k <= 7804766))
	  ->  Bitmap Index Scan on k_7  (cost=0.00..5.45 rows=102 width=0)
	        Index Cond: ((k >= 7804666) AND (k <= 7804766))

table 8 : explain SELECT k, c FROM sbtest8 WHERE k BETWEEN 7804666 AND 7804766
	Bitmap Heap Scan on sbtest8  (cost=5.55..437.05 rows=109 width=125)
	  Recheck Cond: ((k >= 7804666) AND (k <= 7804766))
	  ->  Bitmap Index Scan on k_8  (cost=0.00..5.52 rows=109 width=0)
	        Index Cond: ((k >= 7804666) AND (k <= 7804766))
explain: for range-notcovered :: explain SELECT k, c FROM sbtest%d WHERE k BETWEEN 7279562 AND 7279662explain: for range-notcovered :: explain SELECT k, c FROM sbtest%d WHERE k BETWEEN 3944438 AND 3944538
explain: for range-notcovered :: explain SELECT k, c FROM sbtest%d WHERE k BETWEEN 7623222 AND 7623322for range-notcovered
table 1 : explain SELECT k, c FROM sbtest1 WHERE k BETWEEN 4036988 AND 4037088
	Bitmap Heap Scan on sbtest1  (cost=5.56..440.87 rows=110 width=125)
	  Recheck Cond: ((k >= 4036988) AND (k <= 4037088))
	  ->  Bitmap Index Scan on k_1  (cost=0.00..5.53 rows=110 width=0)
	        Index Cond: ((k >= 4036988) AND (k <= 4037088))

table 2 : explain SELECT k, c FROM sbtest2 WHERE k BETWEEN 4036988 AND 4037088
	Bitmap Heap Scan on sbtest2  (cost=5.48..409.38 rows=102 width=125)
	  Recheck Cond: ((k >= 4036988) AND (k <= 4037088))
	  ->  Bitmap Index Scan on k_2  (cost=0.00..5.45 rows=102 width=0)
	        Index Cond: ((k >= 4036988) AND (k <= 4037088))

table 3 : explain SELECT k, c FROM sbtest3 WHERE k BETWEEN 4036988 AND 4037088
	Bitmap Heap Scan on sbtest3  (cost=5.51..421.21 rows=105 width=125)
	  Recheck Cond: ((k >= 4036988) AND (k <= 4037088))
	  ->  Bitmap Index Scan on k_3  (cost=0.00..5.48 rows=105 width=0)
	        Index Cond: ((k >= 4036988) AND (k <= 4037088))

table 4 : explain SELECT k, c FROM sbtest4 WHERE k BETWEEN 4036988 AND 4037088
	Bitmap Heap Scan on sbtest4  (cost=5.47..405.48 rows=101 width=125)
	  Recheck Cond: ((k >= 4036988) AND (k <= 4037088))
	  ->  Bitmap Index Scan on k_4  (cost=0.00..5.44 rows=101 width=0)
	        Index Cond: ((k >= 4036988) AND (k <= 4037088))

table 5 : explain SELECT k, c FROM sbtest5 WHERE k BETWEEN 4036988 AND 4037088
	Bitmap Heap Scan on sbtest5  (cost=5.60..456.71 rows=114 width=125)
	  Recheck Cond: ((k >= 4036988) AND (k <= 4037088))
	  ->  Bitmap Index Scan on k_5  (cost=0.00..5.58 rows=114 width=0)
	        Index Cond: ((k >= 4036988) AND (k <= 4037088))

table 6 : explain SELECT k, c FROM sbtest6 WHERE k BETWEEN 4036988 AND 4037088
	Bitmap Heap Scan on sbtest6  (cost=5.44..393.65 rows=98 width=125)
	  Recheck Cond: ((k >= 4036988) AND (k <= 4037088))
	  ->  Bitmap Index Scan on k_6  (cost=0.00..5.42 rows=98 width=0)
	        Index Cond: ((k >= 4036988) AND (k <= 4037088))

table 7 : explain SELECT k, c FROM sbtest7 WHERE k BETWEEN 4036988 AND 4037088
	Bitmap Heap Scan on sbtest7  (cost=5.46..401.57 rows=100 width=125)
	  Recheck Cond: ((k >= 4036988) AND (k <= 4037088))
	  ->  Bitmap Index Scan on k_7  (cost=0.00..5.43 rows=100 width=0)
	        Index Cond: ((k >= 4036988) AND (k <= 4037088))

table 8 : explain SELECT k, c FROM sbtest8 WHERE k BETWEEN 4036988 AND 4037088
	Bitmap Heap Scan on sbtest8  (cost=5.52..425.23 rows=106 width=125)
	  Recheck Cond: ((k >= 4036988) AND (k <= 4037088))
	  ->  Bitmap Index Scan on k_8  (cost=0.00..5.50 rows=106 width=0)
	        Index Cond: ((k >= 4036988) AND (k <= 4037088))



explain: for range-notcovered :: explain SELECT k, c FROM sbtest%d WHERE k BETWEEN 6222055 AND 6222155

explain: for range-notcovered :: explain SELECT k, c FROM sbtest%d WHERE k BETWEEN 4036988 AND 4037088
for range-notcovered
table 1 : explain SELECT k, c FROM sbtest1 WHERE k BETWEEN 5860106 AND 5860206
	Bitmap Heap Scan on sbtest1  (cost=5.43..389.63 rows=97 width=125)
	  Recheck Cond: ((k >= 5860106) AND (k <= 5860206))
	  ->  Bitmap Index Scan on k_1  (cost=0.00..5.40 rows=97 width=0)
	        Index Cond: ((k >= 5860106) AND (k <= 5860206))

table 2 : explain SELECT k, c FROM sbtest2 WHERE k BETWEEN 5860106 AND 5860206
	Bitmap Heap Scan on sbtest2  (cost=5.47..405.44 rows=101 width=125)
	  Recheck Cond: ((k >= 5860106) AND (k <= 5860206))
	  ->  Bitmap Index Scan on k_2  (cost=0.00..5.44 rows=101 width=0)
	        Index Cond: ((k >= 5860106) AND (k <= 5860206))

table 3 : explain SELECT k, c FROM sbtest3 WHERE k BETWEEN 5860106 AND 5860206
	Bitmap Heap Scan on sbtest3  (cost=5.51..421.21 rows=105 width=125)
	  Recheck Cond: ((k >= 5860106) AND (k <= 5860206))
	  ->  Bitmap Index Scan on k_3  (cost=0.00..5.48 rows=105 width=0)
	        Index Cond: ((k >= 5860106) AND (k <= 5860206))

table 4 : explain SELECT k, c FROM sbtest4 WHERE k BETWEEN 5860106 AND 5860206
	Bitmap Heap Scan on sbtest4  (cost=5.52..425.19 rows=106 width=125)
	  Recheck Cond: ((k >= 5860106) AND (k <= 5860206))
	  ->  Bitmap Index Scan on k_4  (cost=0.00..5.50 rows=106 width=0)
	        Index Cond: ((k >= 5860106) AND (k <= 5860206))

table 5 : explain SELECT k, c FROM sbtest5 WHERE k BETWEEN 5860106 AND 5860206
	Bitmap Heap Scan on sbtest5  (cost=5.40..377.87 rows=94 width=125)
	  Recheck Cond: ((k >= 5860106) AND (k <= 5860206))
	  ->  Bitmap Index Scan on k_5  (cost=0.00..5.38 rows=94 width=0)
	        Index Cond: ((k >= 5860106) AND (k <= 5860206))

table 6 : explain SELECT k, c FROM sbtest6 WHERE k BETWEEN 5860106 AND 5860206
	Bitmap Heap Scan on sbtest6  (cost=5.41..381.81 rows=95 width=125)
	  Recheck Cond: ((k >= 5860106) AND (k <= 5860206))
	  ->  Bitmap Index Scan on k_6  (cost=0.00..5.38 rows=95 width=0)
	        Index Cond: ((k >= 5860106) AND (k <= 5860206))

table 7 : explain SELECT k, c FROM sbtest7 WHERE k BETWEEN 5860106 AND 5860206
	Bitmap Heap Scan on sbtest7  (cost=5.57..444.94 rows=111 width=125)
	  Recheck Cond: ((k >= 5860106) AND (k <= 5860206))
	  ->  Bitmap Index Scan on k_7  (cost=0.00..5.54 rows=111 width=0)
	        Index Cond: ((k >= 5860106) AND (k <= 5860206))

table 8 : explain SELECT k, c FROM sbtest8 WHERE k BETWEEN 5860106 AND 5860206
	Bitmap Heap Scan on sbtest8  (cost=5.42..385.79 rows=96 width=125)
	  Recheck Cond: ((k >= 5860106) AND (k <= 5860206))
	  ->  Bitmap Index Scan on k_8  (cost=0.00..5.39 rows=96 width=0)
	        Index Cond: ((k >= 5860106) AND (k <= 5860206))

for range-notcovered
table 1 : explain SELECT k, c FROM sbtest1 WHERE k BETWEEN 3394656 AND 3394756
	Bitmap Heap Scan on sbtest1  (cost=5.49..413.29 rows=103 width=125)
	  Recheck Cond: ((k >= 3394656) AND (k <= 3394756))
	  ->  Bitmap Index Scan on k_1  (cost=0.00..5.46 rows=103 width=0)
	        Index Cond: ((k >= 3394656) AND (k <= 3394756))

table 2 : explain SELECT k, c FROM sbtest2 WHERE k BETWEEN 3394656 AND 3394756
	Bitmap Heap Scan on sbtest2  (cost=5.53..429.09 rows=107 width=125)
	  Recheck Cond: ((k >= 3394656) AND (k <= 3394756))
	  ->  Bitmap Index Scan on k_2  (cost=0.00..5.50 rows=107 width=0)
	        Index Cond: ((k >= 3394656) AND (k <= 3394756))

table 3 : explain SELECT k, c FROM sbtest3 WHERE k BETWEEN 3394656 AND 3394756
	Bitmap Heap Scan on sbtest3  (cost=5.48..409.39 rows=102 width=125)
	  Recheck Cond: ((k >= 3394656) AND (k <= 3394756))
	  ->  Bitmap Index Scan on k_3  (cost=0.00..5.45 rows=102 width=0)
	        Index Cond: ((k >= 3394656) AND (k <= 3394756))

table 4 : explain SELECT k, c FROM sbtest4 WHERE k BETWEEN 3394656 AND 3394756
	Bitmap Heap Scan on sbtest4  (cost=5.42..385.75 rows=96 width=125)
	  Recheck Cond: ((k >= 3394656) AND (k <= 3394756))
	  ->  Bitmap Index Scan on k_4  (cost=0.00..5.39 rows=96 width=0)
	        Index Cond: ((k >= 3394656) AND (k <= 3394756))

table 5 : explain SELECT k, c FROM sbtest5 WHERE k BETWEEN 3394656 AND 3394756
	Bitmap Heap Scan on sbtest5  (cost=5.56..440.96 rows=110 width=125)
	  Recheck Cond: ((k >= 3394656) AND (k <= 3394756))
	  ->  Bitmap Index Scan on k_5  (cost=0.00..5.53 rows=110 width=0)
	        Index Cond: ((k >= 3394656) AND (k <= 3394756))

table 6 : explain SELECT k, c FROM sbtest6 WHERE k BETWEEN 3394656 AND 3394756
	Bitmap Heap Scan on sbtest6  (cost=5.41..381.81 rows=95 width=125)
	  Recheck Cond: ((k >= 3394656) AND (k <= 3394756))
	  ->  Bitmap Index Scan on k_6  (cost=0.00..5.38 rows=95 width=0)
	        Index Cond: ((k >= 3394656) AND (k <= 3394756))

table 7 : explain SELECT k, c FROM sbtest7 WHERE k BETWEEN 3394656 AND 3394756
	Bitmap Heap Scan on sbtest7  (cost=5.38..370.01 rows=92 width=125)
	  Recheck Cond: ((k >= 3394656) AND (k <= 3394756))
	  ->  Bitmap Index Scan on k_7  (cost=0.00..5.35 rows=92 width=0)
	        Index Cond: ((k >= 3394656) AND (k <= 3394756))

table 8 : explain SELECT k, c FROM sbtest8 WHERE k BETWEEN 3394656 AND 3394756
	Bitmap Heap Scan on sbtest8  (cost=5.49..413.40 rows=103 width=125)
	  Recheck Cond: ((k >= 3394656) AND (k <= 3394756))
	  ->  Bitmap Index Scan on k_8  (cost=0.00..5.46 rows=103 width=0)
	        Index Cond: ((k >= 3394656) AND (k <= 3394756))

explain: for range-notcovered :: explain SELECT k, c FROM sbtest%d WHERE k BETWEEN 4249789 AND 4249889
explain: for range-notcovered :: explain SELECT k, c FROM sbtest%d WHERE k BETWEEN 7804666 AND 7804766
for range-notcovered
table 1 : explain SELECT k, c FROM sbtest1 WHERE k BETWEEN 7575122 AND 7575222
	Bitmap Heap Scan on sbtest1  (cost=5.45..397.52 rows=99 width=125)
	  Recheck Cond: ((k >= 7575122) AND (k <= 7575222))
	  ->  Bitmap Index Scan on k_1  (cost=0.00..5.42 rows=99 width=0)
	        Index Cond: ((k >= 7575122) AND (k <= 7575222))

table 2 : explain SELECT k, c FROM sbtest2 WHERE k BETWEEN 7575122 AND 7575222
	Bitmap Heap Scan on sbtest2  (cost=5.50..417.27 rows=104 width=125)
	  Recheck Cond: ((k >= 7575122) AND (k <= 7575222))
	  ->  Bitmap Index Scan on k_2  (cost=0.00..5.47 rows=104 width=0)
	        Index Cond: ((k >= 7575122) AND (k <= 7575222))

table 3 : explain SELECT k, c FROM sbtest3 WHERE k BETWEEN 7575122 AND 7575222
	Bitmap Heap Scan on sbtest3  (cost=5.51..421.21 rows=105 width=125)
	  Recheck Cond: ((k >= 7575122) AND (k <= 7575222))
	  ->  Bitmap Index Scan on k_3  (cost=0.00..5.48 rows=105 width=0)
	        Index Cond: ((k >= 7575122) AND (k <= 7575222))

table 4 : explain SELECT k, c FROM sbtest4 WHERE k BETWEEN 7575122 AND 7575222
	Bitmap Heap Scan on sbtest4  (cost=5.51..421.25 rows=105 width=125)
	  Recheck Cond: ((k >= 7575122) AND (k <= 7575222))
	  ->  Bitmap Index Scan on k_4  (cost=0.00..5.48 rows=105 width=0)
	        Index Cond: ((k >= 7575122) AND (k <= 7575222))

table 5 : explain SELECT k, c FROM sbtest5 WHERE k BETWEEN 7575122 AND 7575222
	Bitmap Heap Scan on sbtest5  (cost=5.47..405.48 rows=101 width=125)
	  Recheck Cond: ((k >= 7575122) AND (k <= 7575222))
	  ->  Bitmap Index Scan on k_5  (cost=0.00..5.44 rows=101 width=0)
	        Index Cond: ((k >= 7575122) AND (k <= 7575222))

table 6 : explain SELECT k, c FROM sbtest6 WHERE k BETWEEN 7575122 AND 7575222
	Bitmap Heap Scan on sbtest6  (cost=5.41..381.81 rows=95 width=125)
	  Recheck Cond: ((k >= 7575122) AND (k <= 7575222))
	  ->  Bitmap Index Scan on k_6  (cost=0.00..5.38 rows=95 width=0)
	        Index Cond: ((k >= 7575122) AND (k <= 7575222))

table 7 : explain SELECT k, c FROM sbtest7 WHERE k BETWEEN 7575122 AND 7575222
	Bitmap Heap Scan on sbtest7  (cost=5.45..397.63 rows=99 width=125)
	  Recheck Cond: ((k >= 7575122) AND (k <= 7575222))
	  ->  Bitmap Index Scan on k_7  (cost=0.00..5.42 rows=99 width=0)
	        Index Cond: ((k >= 7575122) AND (k <= 7575222))

table 8 : explain SELECT k, c FROM sbtest8 WHERE k BETWEEN 7575122 AND 7575222
	Bitmap Heap Scan on sbtest8  (cost=5.49..413.40 rows=103 width=125)
	  Recheck Cond: ((k >= 7575122) AND (k <= 7575222))
	  ->  Bitmap Index Scan on k_8  (cost=0.00..5.46 rows=103 width=0)
	        Index Cond: ((k >= 7575122) AND (k <= 7575222))

explain: for range-notcovered :: explain SELECT k, c FROM sbtest%d WHERE k BETWEEN 5860106 AND 5860206
explain: for range-notcovered :: explain SELECT k, c FROM sbtest%d WHERE k BETWEEN 3394656 AND 3394756
for range-notcovered
table 1 : explain SELECT k, c FROM sbtest1 WHERE k BETWEEN 4101353 AND 4101453
	Bitmap Heap Scan on sbtest1  (cost=5.56..440.87 rows=110 width=125)
	  Recheck Cond: ((k >= 4101353) AND (k <= 4101453))
	  ->  Bitmap Index Scan on k_1  (cost=0.00..5.53 rows=110 width=0)
	        Index Cond: ((k >= 4101353) AND (k <= 4101453))

table 2 : explain SELECT k, c FROM sbtest2 WHERE k BETWEEN 4101353 AND 4101453
	Bitmap Heap Scan on sbtest2  (cost=5.48..409.38 rows=102 width=125)
	  Recheck Cond: ((k >= 4101353) AND (k <= 4101453))
	  ->  Bitmap Index Scan on k_2  (cost=0.00..5.45 rows=102 width=0)
	        Index Cond: ((k >= 4101353) AND (k <= 4101453))

table 3 : explain SELECT k, c FROM sbtest3 WHERE k BETWEEN 4101353 AND 4101453
	Bitmap Heap Scan on sbtest3  (cost=5.48..409.39 rows=102 width=125)
	  Recheck Cond: ((k >= 4101353) AND (k <= 4101453))
	  ->  Bitmap Index Scan on k_3  (cost=0.00..5.45 rows=102 width=0)
	        Index Cond: ((k >= 4101353) AND (k <= 4101453))

table 4 : explain SELECT k, c FROM sbtest4 WHERE k BETWEEN 4101353 AND 4101453
	Bitmap Heap Scan on sbtest4  (cost=5.47..405.48 rows=101 width=125)
	  Recheck Cond: ((k >= 4101353) AND (k <= 4101453))
	  ->  Bitmap Index Scan on k_4  (cost=0.00..5.44 rows=101 width=0)
	        Index Cond: ((k >= 4101353) AND (k <= 4101453))

table 5 : explain SELECT k, c FROM sbtest5 WHERE k BETWEEN 4101353 AND 4101453
	Bitmap Heap Scan on sbtest5  (cost=5.51..421.25 rows=105 width=125)
	  Recheck Cond: ((k >= 4101353) AND (k <= 4101453))
	  ->  Bitmap Index Scan on k_5  (cost=0.00..5.48 rows=105 width=0)
	        Index Cond: ((k >= 4101353) AND (k <= 4101453))

table 6 : explain SELECT k, c FROM sbtest6 WHERE k BETWEEN 4101353 AND 4101453
	Bitmap Heap Scan on sbtest6  (cost=5.49..413.37 rows=103 width=125)
	  Recheck Cond: ((k >= 4101353) AND (k <= 4101453))
	  ->  Bitmap Index Scan on k_6  (cost=0.00..5.46 rows=103 width=0)
	        Index Cond: ((k >= 4101353) AND (k <= 4101453))

table 7 : explain SELECT k, c FROM sbtest7 WHERE k BETWEEN 4101353 AND 4101453
	Bitmap Heap Scan on sbtest7  (cost=5.46..401.57 rows=100 width=125)
	  Recheck Cond: ((k >= 4101353) AND (k <= 4101453))
	  ->  Bitmap Index Scan on k_7  (cost=0.00..5.43 rows=100 width=0)
	        Index Cond: ((k >= 4101353) AND (k <= 4101453))

table 8 : explain SELECT k, c FROM sbtest8 WHERE k BETWEEN 4101353 AND 4101453
	Bitmap Heap Scan on sbtest8  (cost=5.52..425.23 rows=106 width=125)
	  Recheck Cond: ((k >= 4101353) AND (k <= 4101453))
	  ->  Bitmap Index Scan on k_8  (cost=0.00..5.50 rows=106 width=0)
	        Index Cond: ((k >= 4101353) AND (k <= 4101453))

for range-notcovered
table 1 : explain SELECT k, c FROM sbtest1 WHERE k BETWEEN 8623476 AND 8623576
	Bitmap Heap Scan on sbtest1  (cost=5.46..401.46 rows=100 width=125)
	  Recheck Cond: ((k >= 8623476) AND (k <= 8623576))
	  ->  Bitmap Index Scan on k_1  (cost=0.00..5.43 rows=100 width=0)
	        Index Cond: ((k >= 8623476) AND (k <= 8623576))

table 2 : explain SELECT k, c FROM sbtest2 WHERE k BETWEEN 8623476 AND 8623576
	Bitmap Heap Scan on sbtest2  (cost=5.61..460.60 rows=115 width=125)
	  Recheck Cond: ((k >= 8623476) AND (k <= 8623576))
	  ->  Bitmap Index Scan on k_2  (cost=0.00..5.58 rows=115 width=0)
	        Index Cond: ((k >= 8623476) AND (k <= 8623576))

table 3 : explain SELECT k, c FROM sbtest3 WHERE k BETWEEN 8623476 AND 8623576
	Bitmap Heap Scan on sbtest3  (cost=5.56..440.91 rows=110 width=125)
	  Recheck Cond: ((k >= 8623476) AND (k <= 8623576))
	  ->  Bitmap Index Scan on k_3  (cost=0.00..5.53 rows=110 width=0)
	        Index Cond: ((k >= 8623476) AND (k <= 8623576))

table 4 : explain SELECT k, c FROM sbtest4 WHERE k BETWEEN 8623476 AND 8623576
	Bitmap Heap Scan on sbtest4  (cost=5.52..425.19 rows=106 width=125)
	  Recheck Cond: ((k >= 8623476) AND (k <= 8623576))
	  ->  Bitmap Index Scan on k_4  (cost=0.00..5.50 rows=106 width=0)
	        Index Cond: ((k >= 8623476) AND (k <= 8623576))

table 5 : explain SELECT k, c FROM sbtest5 WHERE k BETWEEN 8623476 AND 8623576
	Bitmap Heap Scan on sbtest5  (cost=5.49..413.37 rows=103 width=125)
	  Recheck Cond: ((k >= 8623476) AND (k <= 8623576))
	  ->  Bitmap Index Scan on k_5  (cost=0.00..5.46 rows=103 width=0)
	        Index Cond: ((k >= 8623476) AND (k <= 8623576))

table 6 : explain SELECT k, c FROM sbtest6 WHERE k BETWEEN 8623476 AND 8623576
	Bitmap Heap Scan on sbtest6  (cost=5.49..413.37 rows=103 width=125)
	  Recheck Cond: ((k >= 8623476) AND (k <= 8623576))
	  ->  Bitmap Index Scan on k_6  (cost=0.00..5.46 rows=103 width=0)
	        Index Cond: ((k >= 8623476) AND (k <= 8623576))

table 7 : explain SELECT k, c FROM sbtest7 WHERE k BETWEEN 8623476 AND 8623576
	Bitmap Heap Scan on sbtest7  (cost=5.34..354.21 rows=88 width=125)
	  Recheck Cond: ((k >= 8623476) AND (k <= 8623576))
	  ->  Bitmap Index Scan on k_7  (cost=0.00..5.31 rows=88 width=0)
	        Index Cond: ((k >= 8623476) AND (k <= 8623576))

table 8 : explain SELECT k, c FROM sbtest8 WHERE k BETWEEN 8623476 AND 8623576
	Bitmap Heap Scan on sbtest8  (cost=5.47..405.52 rows=101 width=125)
	  Recheck Cond: ((k >= 8623476) AND (k <= 8623576))
	  ->  Bitmap Index Scan on k_8  (cost=0.00..5.44 rows=101 width=0)
	        Index Cond: ((k >= 8623476) AND (k <= 8623576))

for range-notcovered
table 1 : explain SELECT k, c FROM sbtest1 WHERE k BETWEEN 5037553 AND 5037653
	Bitmap Heap Scan on sbtest1  (cost=5.52..425.11 rows=106 width=125)
	  Recheck Cond: ((k >= 5037553) AND (k <= 5037653))
	  ->  Bitmap Index Scan on k_1  (cost=0.00..5.50 rows=106 width=0)
	        Index Cond: ((k >= 5037553) AND (k <= 5037653))

table 2 : explain SELECT k, c FROM sbtest2 WHERE k BETWEEN 5037553 AND 5037653
	Bitmap Heap Scan on sbtest2  (cost=5.62..464.54 rows=116 width=125)
	  Recheck Cond: ((k >= 5037553) AND (k <= 5037653))
	  ->  Bitmap Index Scan on k_2  (cost=0.00..5.59 rows=116 width=0)
	        Index Cond: ((k >= 5037553) AND (k <= 5037653))

table 3 : explain SELECT k, c FROM sbtest3 WHERE k BETWEEN 5037553 AND 5037653
	Bitmap Heap Scan on sbtest3  (cost=5.51..421.21 rows=105 width=125)
	  Recheck Cond: ((k >= 5037553) AND (k <= 5037653))
	  ->  Bitmap Index Scan on k_3  (cost=0.00..5.48 rows=105 width=0)
	        Index Cond: ((k >= 5037553) AND (k <= 5037653))

table 4 : explain SELECT k, c FROM sbtest4 WHERE k BETWEEN 5037553 AND 5037653
	Bitmap Heap Scan on sbtest4  (cost=5.48..409.42 rows=102 width=125)
	  Recheck Cond: ((k >= 5037553) AND (k <= 5037653))
	  ->  Bitmap Index Scan on k_4  (cost=0.00..5.45 rows=102 width=0)
	        Index Cond: ((k >= 5037553) AND (k <= 5037653))

table 5 : explain SELECT k, c FROM sbtest5 WHERE k BETWEEN 5037553 AND 5037653
	Bitmap Heap Scan on sbtest5  (cost=5.55..437.02 rows=109 width=125)
	  Recheck Cond: ((k >= 5037553) AND (k <= 5037653))
	  ->  Bitmap Index Scan on k_5  (cost=0.00..5.52 rows=109 width=0)
	        Index Cond: ((k >= 5037553) AND (k <= 5037653))

table 6 : explain SELECT k, c FROM sbtest6 WHERE k BETWEEN 5037553 AND 5037653
	Bitmap Heap Scan on sbtest6  (cost=5.47..405.48 rows=101 width=125)
	  Recheck Cond: ((k >= 5037553) AND (k <= 5037653))
	  ->  Bitmap Index Scan on k_6  (cost=0.00..5.44 rows=101 width=0)
	        Index Cond: ((k >= 5037553) AND (k <= 5037653))

table 7 : explain SELECT k, c FROM sbtest7 WHERE k BETWEEN 5037553 AND 5037653
	Bitmap Heap Scan on sbtest7  (cost=5.41..381.85 rows=95 width=125)
	  Recheck Cond: ((k >= 5037553) AND (k <= 5037653))
	  ->  Bitmap Index Scan on k_7  (cost=0.00..5.38 rows=95 width=0)
	        Index Cond: ((k >= 5037553) AND (k <= 5037653))

table 8 : explain SELECT k, c FROM sbtest8 WHERE k BETWEEN 5037553 AND 5037653
	Bitmap Heap Scan on sbtest8  (cost=5.42..385.79 rows=96 width=125)
	  Recheck Cond: ((k >= 5037553) AND (k <= 5037653))
	  ->  Bitmap Index Scan on k_8  (cost=0.00..5.39 rows=96 width=0)
	        Index Cond: ((k >= 5037553) AND (k <= 5037653))

for range-notcovered
table 1 : explain SELECT k, c FROM sbtest1 WHERE k BETWEEN 5098628 AND 5098728
	Bitmap Heap Scan on sbtest1  (cost=5.52..425.11 rows=106 width=125)
	  Recheck Cond: ((k >= 5098628) AND (k <= 5098728))
	  ->  Bitmap Index Scan on k_1  (cost=0.00..5.50 rows=106 width=0)
	        Index Cond: ((k >= 5098628) AND (k <= 5098728))

table 2 : explain SELECT k, c FROM sbtest2 WHERE k BETWEEN 5098628 AND 5098728
	Bitmap Heap Scan on sbtest2  (cost=5.62..464.54 rows=116 width=125)
	  Recheck Cond: ((k >= 5098628) AND (k <= 5098728))
	  ->  Bitmap Index Scan on k_2  (cost=0.00..5.59 rows=116 width=0)
	        Index Cond: ((k >= 5098628) AND (k <= 5098728))

table 3 : explain SELECT k, c FROM sbtest3 WHERE k BETWEEN 5098628 AND 5098728
	Bitmap Heap Scan on sbtest3  (cost=5.57..444.85 rows=111 width=125)
	  Recheck Cond: ((k >= 5098628) AND (k <= 5098728))
	  ->  Bitmap Index Scan on k_3  (cost=0.00..5.54 rows=111 width=0)
	        Index Cond: ((k >= 5098628) AND (k <= 5098728))

table 4 : explain SELECT k, c FROM sbtest4 WHERE k BETWEEN 5098628 AND 5098728
	Bitmap Heap Scan on sbtest4  (cost=5.42..385.75 rows=96 width=125)
	  Recheck Cond: ((k >= 5098628) AND (k <= 5098728))
	  ->  Bitmap Index Scan on k_4  (cost=0.00..5.39 rows=96 width=0)
	        Index Cond: ((k >= 5098628) AND (k <= 5098728))

table 5 : explain SELECT k, c FROM sbtest5 WHERE k BETWEEN 5098628 AND 5098728
	Bitmap Heap Scan on sbtest5  (cost=5.43..389.70 rows=97 width=125)
	  Recheck Cond: ((k >= 5098628) AND (k <= 5098728))
	  ->  Bitmap Index Scan on k_5  (cost=0.00..5.40 rows=97 width=0)
	        Index Cond: ((k >= 5098628) AND (k <= 5098728))

table 6 : explain SELECT k, c FROM sbtest6 WHERE k BETWEEN 5098628 AND 5098728
	Bitmap Heap Scan on sbtest6  (cost=5.43..389.70 rows=97 width=125)
	  Recheck Cond: ((k >= 5098628) AND (k <= 5098728))
	  ->  Bitmap Index Scan on k_6  (cost=0.00..5.40 rows=97 width=0)
	        Index Cond: ((k >= 5098628) AND (k <= 5098728))

table 7 : explain SELECT k, c FROM sbtest7 WHERE k BETWEEN 5098628 AND 5098728
	Bitmap Heap Scan on sbtest7  (cost=5.41..381.85 rows=95 width=125)
	  Recheck Cond: ((k >= 5098628) AND (k <= 5098728))
	  ->  Bitmap Index Scan on k_7  (cost=0.00..5.38 rows=95 width=0)
	        Index Cond: ((k >= 5098628) AND (k <= 5098728))

table 8 : explain SELECT k, c FROM sbtest8 WHERE k BETWEEN 5098628 AND 5098728
	Bitmap Heap Scan on sbtest8  (cost=5.40..377.90 rows=94 width=125)
	  Recheck Cond: ((k >= 5098628) AND (k <= 5098728))
	  ->  Bitmap Index Scan on k_8  (cost=0.00..5.38 rows=94 width=0)
	        Index Cond: ((k >= 5098628) AND (k <= 5098728))

explain: for range-notcovered :: explain SELECT k, c FROM sbtest%d WHERE k BETWEEN 7575122 AND 7575222
for range-notcovered
table 1 : explain SELECT k, c FROM sbtest1 WHERE k BETWEEN 6408735 AND 6408835
	Bitmap Heap Scan on sbtest1  (cost=5.50..417.23 rows=104 width=125)
	  Recheck Cond: ((k >= 6408735) AND (k <= 6408835))
	  ->  Bitmap Index Scan on k_1  (cost=0.00..5.47 rows=104 width=0)
	        Index Cond: ((k >= 6408735) AND (k <= 6408835))

table 2 : explain SELECT k, c FROM sbtest2 WHERE k BETWEEN 6408735 AND 6408835
	Bitmap Heap Scan on sbtest2  (cost=5.42..385.72 rows=96 width=125)
	  Recheck Cond: ((k >= 6408735) AND (k <= 6408835))
	  ->  Bitmap Index Scan on k_2  (cost=0.00..5.39 rows=96 width=0)
	        Index Cond: ((k >= 6408735) AND (k <= 6408835))

table 3 : explain SELECT k, c FROM sbtest3 WHERE k BETWEEN 6408735 AND 6408835
	Bitmap Heap Scan on sbtest3  (cost=5.49..413.33 rows=103 width=125)
	  Recheck Cond: ((k >= 6408735) AND (k <= 6408835))
	  ->  Bitmap Index Scan on k_3  (cost=0.00..5.46 rows=103 width=0)
	        Index Cond: ((k >= 6408735) AND (k <= 6408835))

table 4 : explain SELECT k, c FROM sbtest4 WHERE k BETWEEN 6408735 AND 6408835
	Bitmap Heap Scan on sbtest4  (cost=5.47..405.48 rows=101 width=125)
	  Recheck Cond: ((k >= 6408735) AND (k <= 6408835))
	  ->  Bitmap Index Scan on k_4  (cost=0.00..5.44 rows=101 width=0)
	        Index Cond: ((k >= 6408735) AND (k <= 6408835))

table 5 : explain SELECT k, c FROM sbtest5 WHERE k BETWEEN 6408735 AND 6408835
	Bitmap Heap Scan on sbtest5  (cost=5.46..401.54 rows=100 width=125)
	  Recheck Cond: ((k >= 6408735) AND (k <= 6408835))
	  ->  Bitmap Index Scan on k_5  (cost=0.00..5.43 rows=100 width=0)
	        Index Cond: ((k >= 6408735) AND (k <= 6408835))

table 6 : explain SELECT k, c FROM sbtest6 WHERE k BETWEEN 6408735 AND 6408835
	Bitmap Heap Scan on sbtest6  (cost=5.51..421.25 rows=105 width=125)
	  Recheck Cond: ((k >= 6408735) AND (k <= 6408835))
	  ->  Bitmap Index Scan on k_6  (cost=0.00..5.48 rows=105 width=0)
	        Index Cond: ((k >= 6408735) AND (k <= 6408835))

table 7 : explain SELECT k, c FROM sbtest7 WHERE k BETWEEN 6408735 AND 6408835
	Bitmap Heap Scan on sbtest7  (cost=5.37..366.06 rows=91 width=125)
	  Recheck Cond: ((k >= 6408735) AND (k <= 6408835))
	  ->  Bitmap Index Scan on k_7  (cost=0.00..5.34 rows=91 width=0)
	        Index Cond: ((k >= 6408735) AND (k <= 6408835))

table 8 : explain SELECT k, c FROM sbtest8 WHERE k BETWEEN 6408735 AND 6408835
	Bitmap Heap Scan on sbtest8  (cost=5.38..370.00 rows=92 width=125)
	  Recheck Cond: ((k >= 6408735) AND (k <= 6408835))
	  ->  Bitmap Index Scan on k_8  (cost=0.00..5.35 rows=92 width=0)
	        Index Cond: ((k >= 6408735) AND (k <= 6408835))

explain: for range-notcovered :: explain SELECT k, c FROM sbtest%d WHERE k BETWEEN 8623476 AND 8623576
for range-notcovered
table 1 : explain SELECT k, c FROM sbtest1 WHERE k BETWEEN 5522101 AND 5522201
	Bitmap Heap Scan on sbtest1  (cost=5.40..377.79 rows=94 width=125)
	  Recheck Cond: ((k >= 5522101) AND (k <= 5522201))
	  ->  Bitmap Index Scan on k_1  (cost=0.00..5.38 rows=94 width=0)
	        Index Cond: ((k >= 5522101) AND (k <= 5522201))

table 2 : explain SELECT k, c FROM sbtest2 WHERE k BETWEEN 5522101 AND 5522201
	Bitmap Heap Scan on sbtest2  (cost=5.51..421.21 rows=105 width=125)
	  Recheck Cond: ((k >= 5522101) AND (k <= 5522201))
	  ->  Bitmap Index Scan on k_2  (cost=0.00..5.48 rows=105 width=0)
	        Index Cond: ((k >= 5522101) AND (k <= 5522201))

table 3 : explain SELECT k, c FROM sbtest3 WHERE k BETWEEN 5522101 AND 5522201
	Bitmap Heap Scan on sbtest3  (cost=5.44..393.61 rows=98 width=125)
	  Recheck Cond: ((k >= 5522101) AND (k <= 5522201))
	  ->  Bitmap Index Scan on k_3  (cost=0.00..5.42 rows=98 width=0)
	        Index Cond: ((k >= 5522101) AND (k <= 5522201))

table 4 : explain SELECT k, c FROM sbtest4 WHERE k BETWEEN 5522101 AND 5522201
	Bitmap Heap Scan on sbtest4  (cost=5.40..377.86 rows=94 width=125)
	  Recheck Cond: ((k >= 5522101) AND (k <= 5522201))
	  ->  Bitmap Index Scan on k_4  (cost=0.00..5.38 rows=94 width=0)
	        Index Cond: ((k >= 5522101) AND (k <= 5522201))

table 5 : explain SELECT k, c FROM sbtest5 WHERE k BETWEEN 5522101 AND 5522201
	Bitmap Heap Scan on sbtest5  (cost=5.43..389.70 rows=97 width=125)
	  Recheck Cond: ((k >= 5522101) AND (k <= 5522201))
	  ->  Bitmap Index Scan on k_5  (cost=0.00..5.40 rows=97 width=0)
	        Index Cond: ((k >= 5522101) AND (k <= 5522201))

table 6 : explain SELECT k, c FROM sbtest6 WHERE k BETWEEN 5522101 AND 5522201
	Bitmap Heap Scan on sbtest6  (cost=5.44..393.65 rows=98 width=125)
	  Recheck Cond: ((k >= 5522101) AND (k <= 5522201))
	  ->  Bitmap Index Scan on k_6  (cost=0.00..5.42 rows=98 width=0)
	        Index Cond: ((k >= 5522101) AND (k <= 5522201))

table 7 : explain SELECT k, c FROM sbtest7 WHERE k BETWEEN 5522101 AND 5522201
	Bitmap Heap Scan on sbtest7  (cost=5.50..417.35 rows=104 width=125)
	  Recheck Cond: ((k >= 5522101) AND (k <= 5522201))
	  ->  Bitmap Index Scan on k_7  (cost=0.00..5.47 rows=104 width=0)
	        Index Cond: ((k >= 5522101) AND (k <= 5522201))

table 8 : explain SELECT k, c FROM sbtest8 WHERE k BETWEEN 5522101 AND 5522201
	Bitmap Heap Scan on sbtest8  (cost=5.48..409.46 rows=102 width=125)
	  Recheck Cond: ((k >= 5522101) AND (k <= 5522201))
	  ->  Bitmap Index Scan on k_8  (cost=0.00..5.45 rows=102 width=0)
	        Index Cond: ((k >= 5522101) AND (k <= 5522201))

explain: for range-notcovered :: explain SELECT k, c FROM sbtest%d WHERE k BETWEEN 6408735 AND 6408835
for range-notcovered
table 1 : explain SELECT k, c FROM sbtest1 WHERE k BETWEEN 6737646 AND 6737746
	Bitmap Heap Scan on sbtest1  (cost=5.62..464.49 rows=116 width=125)
	  Recheck Cond: ((k >= 6737646) AND (k <= 6737746))
	  ->  Bitmap Index Scan on k_1  (cost=0.00..5.59 rows=116 width=0)
	        Index Cond: ((k >= 6737646) AND (k <= 6737746))

table 2 : explain SELECT k, c FROM sbtest2 WHERE k BETWEEN 6737646 AND 6737746
	Bitmap Heap Scan on sbtest2  (cost=5.56..440.91 rows=110 width=125)
	  Recheck Cond: ((k >= 6737646) AND (k <= 6737746))
	  ->  Bitmap Index Scan on k_2  (cost=0.00..5.53 rows=110 width=0)
	        Index Cond: ((k >= 6737646) AND (k <= 6737746))

table 3 : explain SELECT k, c FROM sbtest3 WHERE k BETWEEN 6737646 AND 6737746
	Bitmap Heap Scan on sbtest3  (cost=5.46..401.50 rows=100 width=125)
	  Recheck Cond: ((k >= 6737646) AND (k <= 6737746))
	  ->  Bitmap Index Scan on k_3  (cost=0.00..5.43 rows=100 width=0)
	        Index Cond: ((k >= 6737646) AND (k <= 6737746))

table 4 : explain SELECT k, c FROM sbtest4 WHERE k BETWEEN 6737646 AND 6737746
	Bitmap Heap Scan on sbtest4  (cost=5.41..381.81 rows=95 width=125)
	  Recheck Cond: ((k >= 6737646) AND (k <= 6737746))
	  ->  Bitmap Index Scan on k_4  (cost=0.00..5.38 rows=95 width=0)
	        Index Cond: ((k >= 6737646) AND (k <= 6737746))

table 5 : explain SELECT k, c FROM sbtest5 WHERE k BETWEEN 6737646 AND 6737746
	Bitmap Heap Scan on sbtest5  (cost=5.47..405.48 rows=101 width=125)
	  Recheck Cond: ((k >= 6737646) AND (k <= 6737746))
	  ->  Bitmap Index Scan on k_5  (cost=0.00..5.44 rows=101 width=0)
	        Index Cond: ((k >= 6737646) AND (k <= 6737746))

table 6 : explain SELECT k, c FROM sbtest6 WHERE k BETWEEN 6737646 AND 6737746
	Bitmap Heap Scan on sbtest6  (cost=5.54..433.08 rows=108 width=125)
	  Recheck Cond: ((k >= 6737646) AND (k <= 6737746))
	  ->  Bitmap Index Scan on k_6  (cost=0.00..5.51 rows=108 width=0)
	        Index Cond: ((k >= 6737646) AND (k <= 6737746))

table 7 : explain SELECT k, c FROM sbtest7 WHERE k BETWEEN 6737646 AND 6737746
	Bitmap Heap Scan on sbtest7  (cost=5.44..393.68 rows=98 width=125)
	  Recheck Cond: ((k >= 6737646) AND (k <= 6737746))
	  ->  Bitmap Index Scan on k_7  (cost=0.00..5.42 rows=98 width=0)
	        Index Cond: ((k >= 6737646) AND (k <= 6737746))

table 8 : explain SELECT k, c FROM sbtest8 WHERE k BETWEEN 6737646 AND 6737746
	Bitmap Heap Scan on sbtest8  (cost=5.48..409.46 rows=102 width=125)
	  Recheck Cond: ((k >= 6737646) AND (k <= 6737746))
	  ->  Bitmap Index Scan on k_8  (cost=0.00..5.45 rows=102 width=0)
	        Index Cond: ((k >= 6737646) AND (k <= 6737746))

explain: for range-notcovered :: explain SELECT k, c FROM sbtest%d WHERE k BETWEEN 5037553 AND 5037653for range-notcovered
table 1 : explain SELECT k, c FROM sbtest1 WHERE k BETWEEN 6091251 AND 6091351
	Bitmap Heap Scan on sbtest1  (cost=5.45..397.52 rows=99 width=125)
	  Recheck Cond: ((k >= 6091251) AND (k <= 6091351))
	  ->  Bitmap Index Scan on k_1  (cost=0.00..5.42 rows=99 width=0)
	        Index Cond: ((k >= 6091251) AND (k <= 6091351))

table 2 : explain SELECT k, c FROM sbtest2 WHERE k BETWEEN 6091251 AND 6091351
	Bitmap Heap Scan on sbtest2  (cost=5.48..409.38 rows=102 width=125)
	  Recheck Cond: ((k >= 6091251) AND (k <= 6091351))
	  ->  Bitmap Index Scan on k_2  (cost=0.00..5.45 rows=102 width=0)
	        Index Cond: ((k >= 6091251) AND (k <= 6091351))

table 3 : explain SELECT k, c FROM sbtest3 WHERE k BETWEEN 6091251 AND 6091351
	Bitmap Heap Scan on sbtest3  (cost=5.55..436.97 rows=109 width=125)
	  Recheck Cond: ((k >= 6091251) AND (k <= 6091351))
	  ->  Bitmap Index Scan on k_3  (cost=0.00..5.52 rows=109 width=0)
	        Index Cond: ((k >= 6091251) AND (k <= 6091351))

table 4 : explain SELECT k, c FROM sbtest4 WHERE k BETWEEN 6091251 AND 6091351
	Bitmap Heap Scan on sbtest4  (cost=5.49..413.36 rows=103 width=125)
	  Recheck Cond: ((k >= 6091251) AND (k <= 6091351))
	  ->  Bitmap Index Scan on k_4  (cost=0.00..5.46 rows=103 width=0)
	        Index Cond: ((k >= 6091251) AND (k <= 6091351))

table 5 : explain SELECT k, c FROM sbtest5 WHERE k BETWEEN 6091251 AND 6091351
	Bitmap Heap Scan on sbtest5  (cost=5.58..448.83 rows=112 width=125)
	  Recheck Cond: ((k >= 6091251) AND (k <= 6091351))
	  ->  Bitmap Index Scan on k_5  (cost=0.00..5.55 rows=112 width=0)
	        Index Cond: ((k >= 6091251) AND (k <= 6091351))

table 6 : explain SELECT k, c FROM sbtest6 WHERE k BETWEEN 6091251 AND 6091351
	Bitmap Heap Scan on sbtest6  (cost=5.43..389.70 rows=97 width=125)
	  Recheck Cond: ((k >= 6091251) AND (k <= 6091351))
	  ->  Bitmap Index Scan on k_6  (cost=0.00..5.40 rows=97 width=0)
	        Index Cond: ((k >= 6091251) AND (k <= 6091351))

table 7 : explain SELECT k, c FROM sbtest7 WHERE k BETWEEN 6091251 AND 6091351
	Bitmap Heap Scan on sbtest7  (cost=5.47..405.52 rows=101 width=125)
	  Recheck Cond: ((k >= 6091251) AND (k <= 6091351))
	  ->  Bitmap Index Scan on k_7  (cost=0.00..5.44 rows=101 width=0)
	        Index Cond: ((k >= 6091251) AND (k <= 6091351))

table 8 : explain SELECT k, c FROM sbtest8 WHERE k BETWEEN 6091251 AND 6091351
	Bitmap Heap Scan on sbtest8  (cost=5.44..393.68 rows=98 width=125)
	  Recheck Cond: ((k >= 6091251) AND (k <= 6091351))
	  ->  Bitmap Index Scan on k_8  (cost=0.00..5.42 rows=98 width=0)
	        Index Cond: ((k >= 6091251) AND (k <= 6091351))
for range-notcovered
table 1 : explain SELECT k, c FROM sbtest1 WHERE k BETWEEN 7296661 AND 7296761
	Bitmap Heap Scan on sbtest1  (cost=5.48..409.34 rows=102 width=125)
	  Recheck Cond: ((k >= 7296661) AND (k <= 7296761))
	  ->  Bitmap Index Scan on k_1  (cost=0.00..5.45 rows=102 width=0)
	        Index Cond: ((k >= 7296661) AND (k <= 7296761))

table 2 : explain SELECT k, c FROM sbtest2 WHERE k BETWEEN 7296661 AND 7296761
	Bitmap Heap Scan on sbtest2  (cost=5.49..413.32 rows=103 width=125)
	  Recheck Cond: ((k >= 7296661) AND (k <= 7296761))
	  ->  Bitmap Index Scan on k_2  (cost=0.00..5.46 rows=103 width=0)
	        Index Cond: ((k >= 7296661) AND (k <= 7296761))

table 3 : explain SELECT k, c FROM sbtest3 WHERE k BETWEEN 7296661 AND 7296761
	Bitmap Heap Scan on sbtest3  (cost=5.47..405.44 rows=101 width=125)
	  Recheck Cond: ((k >= 7296661) AND (k <= 7296761))
	  ->  Bitmap Index Scan on k_3  (cost=0.00..5.44 rows=101 width=0)
	        Index Cond: ((k >= 7296661) AND (k <= 7296761))

table 4 : explain SELECT k, c FROM sbtest4 WHERE k BETWEEN 7296661 AND 7296761
	Bitmap Heap Scan on sbtest4  (cost=5.51..421.25 rows=105 width=125)
	  Recheck Cond: ((k >= 7296661) AND (k <= 7296761))
	  ->  Bitmap Index Scan on k_4  (cost=0.00..5.48 rows=105 width=0)
	        Index Cond: ((k >= 7296661) AND (k <= 7296761))

table 5 : explain SELECT k, c FROM sbtest5 WHERE k BETWEEN 7296661 AND 7296761
	Bitmap Heap Scan on sbtest5  (cost=5.47..405.48 rows=101 width=125)
	  Recheck Cond: ((k >= 7296661) AND (k <= 7296761))
	  ->  Bitmap Index Scan on k_5  (cost=0.00..5.44 rows=101 width=0)
	        Index Cond: ((k >= 7296661) AND (k <= 7296761))

table 6 : explain SELECT k, c FROM sbtest6 WHERE k BETWEEN 7296661 AND 7296761
	Bitmap Heap Scan on sbtest6  (cost=5.35..358.13 rows=89 width=125)
	  Recheck Cond: ((k >= 7296661) AND (k <= 7296761))
	  ->  Bitmap Index Scan on k_6  (cost=0.00..5.32 rows=89 width=0)
	        Index Cond: ((k >= 7296661) AND (k <= 7296761))

table 7 : explain SELECT k, c FROM sbtest7 WHERE k BETWEEN 7296661 AND 7296761
	Bitmap Heap Scan on sbtest7  (cost=5.54..433.12 rows=108 width=125)
	  Recheck Cond: ((k >= 7296661) AND (k <= 7296761))
	  ->  Bitmap Index Scan on k_7  (cost=0.00..5.51 rows=108 width=0)
	        Index Cond: ((k >= 7296661) AND (k <= 7296761))

table 8 : explain SELECT k, c FROM sbtest8 WHERE k BETWEEN 7296661 AND 7296761
	Bitmap Heap Scan on sbtest8  (cost=5.54..433.11 rows=108 width=125)
	  Recheck Cond: ((k >= 7296661) AND (k <= 7296761))
	  ->  Bitmap Index Scan on k_8  (cost=0.00..5.51 rows=108 width=0)
	        Index Cond: ((k >= 7296661) AND (k <= 7296761))
for range-notcovered
table 1 : explain SELECT k, c FROM sbtest1 WHERE k BETWEEN 8443156 AND 8443256
	Bitmap Heap Scan on sbtest1  (cost=5.54..432.99 rows=108 width=125)
	  Recheck Cond: ((k >= 8443156) AND (k <= 8443256))
	  ->  Bitmap Index Scan on k_1  (cost=0.00..5.51 rows=108 width=0)
	        Index Cond: ((k >= 8443156) AND (k <= 8443256))

table 2 : explain SELECT k, c FROM sbtest2 WHERE k BETWEEN 8443156 AND 8443256
	Bitmap Heap Scan on sbtest2  (cost=5.55..436.97 rows=109 width=125)
	  Recheck Cond: ((k >= 8443156) AND (k <= 8443256))
	  ->  Bitmap Index Scan on k_2  (cost=0.00..5.52 rows=109 width=0)
	        Index Cond: ((k >= 8443156) AND (k <= 8443256))

table 3 : explain SELECT k, c FROM sbtest3 WHERE k BETWEEN 8443156 AND 8443256
	Bitmap Heap Scan on sbtest3  (cost=5.36..362.05 rows=90 width=125)
	  Recheck Cond: ((k >= 8443156) AND (k <= 8443256))
	  ->  Bitmap Index Scan on k_3  (cost=0.00..5.33 rows=90 width=0)
	        Index Cond: ((k >= 8443156) AND (k <= 8443256))

table 4 : explain SELECT k, c FROM sbtest4 WHERE k BETWEEN 8443156 AND 8443256
	Bitmap Heap Scan on sbtest4  (cost=5.46..401.53 rows=100 width=125)
	  Recheck Cond: ((k >= 8443156) AND (k <= 8443256))
	  ->  Bitmap Index Scan on k_4  (cost=0.00..5.43 rows=100 width=0)
	        Index Cond: ((k >= 8443156) AND (k <= 8443256))

table 5 : explain SELECT k, c FROM sbtest5 WHERE k BETWEEN 8443156 AND 8443256
	Bitmap Heap Scan on sbtest5  (cost=5.44..393.65 rows=98 width=125)
	  Recheck Cond: ((k >= 8443156) AND (k <= 8443256))
	  ->  Bitmap Index Scan on k_5  (cost=0.00..5.42 rows=98 width=0)
	        Index Cond: ((k >= 8443156) AND (k <= 8443256))

table 6 : explain SELECT k, c FROM sbtest6 WHERE k BETWEEN 8443156 AND 8443256
	Bitmap Heap Scan on sbtest6  (cost=5.37..366.03 rows=91 width=125)
	  Recheck Cond: ((k >= 8443156) AND (k <= 8443256))
	  ->  Bitmap Index Scan on k_6  (cost=0.00..5.34 rows=91 width=0)
	        Index Cond: ((k >= 8443156) AND (k <= 8443256))

table 7 : explain SELECT k, c FROM sbtest7 WHERE k BETWEEN 8443156 AND 8443256
	Bitmap Heap Scan on sbtest7  (cost=5.45..397.63 rows=99 width=125)
	  Recheck Cond: ((k >= 8443156) AND (k <= 8443256))
	  ->  Bitmap Index Scan on k_7  (cost=0.00..5.42 rows=99 width=0)
	        Index Cond: ((k >= 8443156) AND (k <= 8443256))

table 8 : explain SELECT k, c FROM sbtest8 WHERE k BETWEEN 8443156 AND 8443256
	Bitmap Heap Scan on sbtest8  (cost=5.51..421.29 rows=105 width=125)
	  Recheck Cond: ((k >= 8443156) AND (k <= 8443256))
	  ->  Bitmap Index Scan on k_8  (cost=0.00..5.48 rows=105 width=0)
	        Index Cond: ((k >= 8443156) AND (k <= 8443256))




explain: for range-notcovered :: explain SELECT k, c FROM sbtest%d WHERE k BETWEEN 5098628 AND 5098728
explain: for range-notcovered :: explain SELECT k, c FROM sbtest%d WHERE k BETWEEN 8443156 AND 8443256
for range-notcovered
table 1 : explain SELECT k, c FROM sbtest1 WHERE k BETWEEN 8296793 AND 8296893
	Bitmap Heap Scan on sbtest1  (cost=5.51..421.17 rows=105 width=125)
	  Recheck Cond: ((k >= 8296793) AND (k <= 8296893))
	  ->  Bitmap Index Scan on k_1  (cost=0.00..5.48 rows=105 width=0)
	        Index Cond: ((k >= 8296793) AND (k <= 8296893))

table 2 : explain SELECT k, c FROM sbtest2 WHERE k BETWEEN 8296793 AND 8296893
	Bitmap Heap Scan on sbtest2  (cost=5.47..405.44 rows=101 width=125)
	  Recheck Cond: ((k >= 8296793) AND (k <= 8296893))
	  ->  Bitmap Index Scan on k_2  (cost=0.00..5.44 rows=101 width=0)
	        Index Cond: ((k >= 8296793) AND (k <= 8296893))

table 3 : explain SELECT k, c FROM sbtest3 WHERE k BETWEEN 8296793 AND 8296893
	Bitmap Heap Scan on sbtest3  (cost=5.42..385.72 rows=96 width=125)
	  Recheck Cond: ((k >= 8296793) AND (k <= 8296893))
	  ->  Bitmap Index Scan on k_3  (cost=0.00..5.39 rows=96 width=0)
	        Index Cond: ((k >= 8296793) AND (k <= 8296893))

table 4 : explain SELECT k, c FROM sbtest4 WHERE k BETWEEN 8296793 AND 8296893
	Bitmap Heap Scan on sbtest4  (cost=5.36..362.07 rows=90 width=125)
	  Recheck Cond: ((k >= 8296793) AND (k <= 8296893))
	  ->  Bitmap Index Scan on k_4  (cost=0.00..5.33 rows=90 width=0)
	        Index Cond: ((k >= 8296793) AND (k <= 8296893))

table 5 : explain SELECT k, c FROM sbtest5 WHERE k BETWEEN 8296793 AND 8296893
	Bitmap Heap Scan on sbtest5  (cost=5.57..444.90 rows=111 width=125)
	  Recheck Cond: ((k >= 8296793) AND (k <= 8296893))
	  ->  Bitmap Index Scan on k_5  (cost=0.00..5.54 rows=111 width=0)
	        Index Cond: ((k >= 8296793) AND (k <= 8296893))

table 6 : explain SELECT k, c FROM sbtest6 WHERE k BETWEEN 8296793 AND 8296893
	Bitmap Heap Scan on sbtest6  (cost=5.46..401.54 rows=100 width=125)
	  Recheck Cond: ((k >= 8296793) AND (k <= 8296893))
	  ->  Bitmap Index Scan on k_6  (cost=0.00..5.43 rows=100 width=0)
	        Index Cond: ((k >= 8296793) AND (k <= 8296893))

table 7 : explain SELECT k, c FROM sbtest7 WHERE k BETWEEN 8296793 AND 8296893
	Bitmap Heap Scan on sbtest7  (cost=5.42..385.79 rows=96 width=125)
	  Recheck Cond: ((k >= 8296793) AND (k <= 8296893))
	  ->  Bitmap Index Scan on k_7  (cost=0.00..5.39 rows=96 width=0)
	        Index Cond: ((k >= 8296793) AND (k <= 8296893))

table 8 : explain SELECT k, c FROM sbtest8 WHERE k BETWEEN 8296793 AND 8296893
	Bitmap Heap Scan on sbtest8  (cost=5.44..393.68 rows=98 width=125)
	  Recheck Cond: ((k >= 8296793) AND (k <= 8296893))
	  ->  Bitmap Index Scan on k_8  (cost=0.00..5.42 rows=98 width=0)
	        Index Cond: ((k >= 8296793) AND (k <= 8296893))

explain: for range-notcovered :: explain SELECT k, c FROM sbtest%d WHERE k BETWEEN 6091251 AND 6091351
explain: for range-notcovered :: explain SELECT k, c FROM sbtest%d WHERE k BETWEEN 7296661 AND 7296761
explain: for range-notcovered :: explain SELECT k, c FROM sbtest%d WHERE k BETWEEN 8296793 AND 8296893
for range-notcovered
table 1 : explain SELECT k, c FROM sbtest1 WHERE k BETWEEN 3925795 AND 3925895
	Bitmap Heap Scan on sbtest1  (cost=5.36..362.01 rows=90 width=125)
	  Recheck Cond: ((k >= 3925795) AND (k <= 3925895))
	  ->  Bitmap Index Scan on k_1  (cost=0.00..5.33 rows=90 width=0)
	        Index Cond: ((k >= 3925795) AND (k <= 3925895))

table 2 : explain SELECT k, c FROM sbtest2 WHERE k BETWEEN 3925795 AND 3925895
	Bitmap Heap Scan on sbtest2  (cost=5.46..401.50 rows=100 width=125)
	  Recheck Cond: ((k >= 3925795) AND (k <= 3925895))
	  ->  Bitmap Index Scan on k_2  (cost=0.00..5.43 rows=100 width=0)
	        Index Cond: ((k >= 3925795) AND (k <= 3925895))

table 3 : explain SELECT k, c FROM sbtest3 WHERE k BETWEEN 3925795 AND 3925895
	Bitmap Heap Scan on sbtest3  (cost=5.47..405.44 rows=101 width=125)
	  Recheck Cond: ((k >= 3925795) AND (k <= 3925895))
	  ->  Bitmap Index Scan on k_3  (cost=0.00..5.44 rows=101 width=0)
	        Index Cond: ((k >= 3925795) AND (k <= 3925895))

table 4 : explain SELECT k, c FROM sbtest4 WHERE k BETWEEN 3925795 AND 3925895
	Bitmap Heap Scan on sbtest4  (cost=5.37..366.02 rows=91 width=125)
	  Recheck Cond: ((k >= 3925795) AND (k <= 3925895))
	  ->  Bitmap Index Scan on k_4  (cost=0.00..5.34 rows=91 width=0)
	        Index Cond: ((k >= 3925795) AND (k <= 3925895))

table 5 : explain SELECT k, c FROM sbtest5 WHERE k BETWEEN 3925795 AND 3925895
	Bitmap Heap Scan on sbtest5  (cost=5.54..433.08 rows=108 width=125)
	  Recheck Cond: ((k >= 3925795) AND (k <= 3925895))
	  ->  Bitmap Index Scan on k_5  (cost=0.00..5.51 rows=108 width=0)
	        Index Cond: ((k >= 3925795) AND (k <= 3925895))

table 6 : explain SELECT k, c FROM sbtest6 WHERE k BETWEEN 3925795 AND 3925895
	Bitmap Heap Scan on sbtest6  (cost=5.50..417.31 rows=104 width=125)
	  Recheck Cond: ((k >= 3925795) AND (k <= 3925895))
	  ->  Bitmap Index Scan on k_6  (cost=0.00..5.47 rows=104 width=0)
	        Index Cond: ((k >= 3925795) AND (k <= 3925895))

table 7 : explain SELECT k, c FROM sbtest7 WHERE k BETWEEN 3925795 AND 3925895
	Bitmap Heap Scan on sbtest7  (cost=5.53..429.18 rows=107 width=125)
	  Recheck Cond: ((k >= 3925795) AND (k <= 3925895))
	  ->  Bitmap Index Scan on k_7  (cost=0.00..5.50 rows=107 width=0)
	        Index Cond: ((k >= 3925795) AND (k <= 3925895))

table 8 : explain SELECT k, c FROM sbtest8 WHERE k BETWEEN 3925795 AND 3925895
	Bitmap Heap Scan on sbtest8  (cost=5.56..441.00 rows=110 width=125)
	  Recheck Cond: ((k >= 3925795) AND (k <= 3925895))
	  ->  Bitmap Index Scan on k_8  (cost=0.00..5.53 rows=110 width=0)
	        Index Cond: ((k >= 3925795) AND (k <= 3925895))

for range-notcovered
table 1 : explain SELECT k, c FROM sbtest1 WHERE k BETWEEN 4036988 AND 4037088
	Bitmap Heap Scan on sbtest1  (cost=5.56..440.87 rows=110 width=125)
	  Recheck Cond: ((k >= 4036988) AND (k <= 4037088))
	  ->  Bitmap Index Scan on k_1  (cost=0.00..5.53 rows=110 width=0)
	        Index Cond: ((k >= 4036988) AND (k <= 4037088))

table 2 : explain SELECT k, c FROM sbtest2 WHERE k BETWEEN 4036988 AND 4037088
	Bitmap Heap Scan on sbtest2  (cost=5.48..409.38 rows=102 width=125)
	  Recheck Cond: ((k >= 4036988) AND (k <= 4037088))
	  ->  Bitmap Index Scan on k_2  (cost=0.00..5.45 rows=102 width=0)
	        Index Cond: ((k >= 4036988) AND (k <= 4037088))

table 3 : explain SELECT k, c FROM sbtest3 WHERE k BETWEEN 4036988 AND 4037088
	Bitmap Heap Scan on sbtest3  (cost=5.51..421.21 rows=105 width=125)
	  Recheck Cond: ((k >= 4036988) AND (k <= 4037088))
	  ->  Bitmap Index Scan on k_3  (cost=0.00..5.48 rows=105 width=0)
	        Index Cond: ((k >= 4036988) AND (k <= 4037088))

table 4 : explain SELECT k, c FROM sbtest4 WHERE k BETWEEN 4036988 AND 4037088
	Bitmap Heap Scan on sbtest4  (cost=5.47..405.48 rows=101 width=125)
	  Recheck Cond: ((k >= 4036988) AND (k <= 4037088))
	  ->  Bitmap Index Scan on k_4  (cost=0.00..5.44 rows=101 width=0)
	        Index Cond: ((k >= 4036988) AND (k <= 4037088))

table 5 : explain SELECT k, c FROM sbtest5 WHERE k BETWEEN 4036988 AND 4037088
	Bitmap Heap Scan on sbtest5  (cost=5.60..456.71 rows=114 width=125)
	  Recheck Cond: ((k >= 4036988) AND (k <= 4037088))
	  ->  Bitmap Index Scan on k_5  (cost=0.00..5.58 rows=114 width=0)
	        Index Cond: ((k >= 4036988) AND (k <= 4037088))

table 6 : explain SELECT k, c FROM sbtest6 WHERE k BETWEEN 4036988 AND 4037088
	Bitmap Heap Scan on sbtest6  (cost=5.44..393.65 rows=98 width=125)
	  Recheck Cond: ((k >= 4036988) AND (k <= 4037088))
	  ->  Bitmap Index Scan on k_6  (cost=0.00..5.42 rows=98 width=0)
	        Index Cond: ((k >= 4036988) AND (k <= 4037088))

table 7 : explain SELECT k, c FROM sbtest7 WHERE k BETWEEN 4036988 AND 4037088
	Bitmap Heap Scan on sbtest7  (cost=5.46..401.57 rows=100 width=125)
	  Recheck Cond: ((k >= 4036988) AND (k <= 4037088))
	  ->  Bitmap Index Scan on k_7  (cost=0.00..5.43 rows=100 width=0)
	        Index Cond: ((k >= 4036988) AND (k <= 4037088))

table 8 : explain SELECT k, c FROM sbtest8 WHERE k BETWEEN 4036988 AND 4037088
	Bitmap Heap Scan on sbtest8  (cost=5.52..425.23 rows=106 width=125)
	  Recheck Cond: ((k >= 4036988) AND (k <= 4037088))
	  ->  Bitmap Index Scan on k_8  (cost=0.00..5.50 rows=106 width=0)
	        Index Cond: ((k >= 4036988) AND (k <= 4037088))

for range-notcovered
table 1 : explain SELECT k, c FROM sbtest1 WHERE k BETWEEN 420332 AND 420432
	Bitmap Heap Scan on sbtest1  (cost=5.57..444.80 rows=111 width=125)
	  Recheck Cond: ((k >= 420332) AND (k <= 420432))
	  ->  Bitmap Index Scan on k_1  (cost=0.00..5.54 rows=111 width=0)
	        Index Cond: ((k >= 420332) AND (k <= 420432))

table 2 : explain SELECT k, c FROM sbtest2 WHERE k BETWEEN 420332 AND 420432
	Bitmap Heap Scan on sbtest2  (cost=5.44..393.61 rows=98 width=125)
	  Recheck Cond: ((k >= 420332) AND (k <= 420432))
	  ->  Bitmap Index Scan on k_2  (cost=0.00..5.42 rows=98 width=0)
	        Index Cond: ((k >= 420332) AND (k <= 420432))

table 3 : explain SELECT k, c FROM sbtest3 WHERE k BETWEEN 420332 AND 420432
	Bitmap Heap Scan on sbtest3  (cost=5.61..460.60 rows=115 width=125)
	  Recheck Cond: ((k >= 420332) AND (k <= 420432))
	  ->  Bitmap Index Scan on k_3  (cost=0.00..5.58 rows=115 width=0)
	        Index Cond: ((k >= 420332) AND (k <= 420432))

table 4 : explain SELECT k, c FROM sbtest4 WHERE k BETWEEN 420332 AND 420432
	Bitmap Heap Scan on sbtest4  (cost=5.47..405.48 rows=101 width=125)
	  Recheck Cond: ((k >= 420332) AND (k <= 420432))
	  ->  Bitmap Index Scan on k_4  (cost=0.00..5.44 rows=101 width=0)
	        Index Cond: ((k >= 420332) AND (k <= 420432))

table 5 : explain SELECT k, c FROM sbtest5 WHERE k BETWEEN 420332 AND 420432
	Bitmap Heap Scan on sbtest5  (cost=5.49..413.37 rows=103 width=125)
	  Recheck Cond: ((k >= 420332) AND (k <= 420432))
	  ->  Bitmap Index Scan on k_5  (cost=0.00..5.46 rows=103 width=0)
	        Index Cond: ((k >= 420332) AND (k <= 420432))

table 6 : explain SELECT k, c FROM sbtest6 WHERE k BETWEEN 420332 AND 420432
	Bitmap Heap Scan on sbtest6  (cost=5.47..405.48 rows=101 width=125)
	  Recheck Cond: ((k >= 420332) AND (k <= 420432))
	  ->  Bitmap Index Scan on k_6  (cost=0.00..5.44 rows=101 width=0)
	        Index Cond: ((k >= 420332) AND (k <= 420432))

table 7 : explain SELECT k, c FROM sbtest7 WHERE k BETWEEN 420332 AND 420432
	Bitmap Heap Scan on sbtest7  (cost=5.47..405.52 rows=101 width=125)
	  Recheck Cond: ((k >= 420332) AND (k <= 420432))
	  ->  Bitmap Index Scan on k_7  (cost=0.00..5.44 rows=101 width=0)
	        Index Cond: ((k >= 420332) AND (k <= 420432))

table 8 : explain SELECT k, c FROM sbtest8 WHERE k BETWEEN 420332 AND 420432
	Bitmap Heap Scan on sbtest8  (cost=5.51..421.29 rows=105 width=125)
	  Recheck Cond: ((k >= 420332) AND (k <= 420432))
	  ->  Bitmap Index Scan on k_8  (cost=0.00..5.48 rows=105 width=0)
	        Index Cond: ((k >= 420332) AND (k <= 420432))

explain: for range-notcovered :: explain SELECT k, c FROM sbtest%d WHERE k BETWEEN 3925795 AND 3925895
explain: for range-notcovered :: explain SELECT k, c FROM sbtest%d WHERE k BETWEEN 4036988 AND 4037088
for range-notcovered
table 1 : explain SELECT k, c FROM sbtest1 WHERE k BETWEEN 7623222 AND 7623322
	Bitmap Heap Scan on sbtest1  (cost=5.55..436.93 rows=109 width=125)
	  Recheck Cond: ((k >= 7623222) AND (k <= 7623322))
	  ->  Bitmap Index Scan on k_1  (cost=0.00..5.52 rows=109 width=0)
	        Index Cond: ((k >= 7623222) AND (k <= 7623322))

table 2 : explain SELECT k, c FROM sbtest2 WHERE k BETWEEN 7623222 AND 7623322
	Bitmap Heap Scan on sbtest2  (cost=5.50..417.27 rows=104 width=125)
	  Recheck Cond: ((k >= 7623222) AND (k <= 7623322))
	  ->  Bitmap Index Scan on k_2  (cost=0.00..5.47 rows=104 width=0)
	        Index Cond: ((k >= 7623222) AND (k <= 7623322))

table 3 : explain SELECT k, c FROM sbtest3 WHERE k BETWEEN 7623222 AND 7623322
	Bitmap Heap Scan on sbtest3  (cost=5.51..421.21 rows=105 width=125)
	  Recheck Cond: ((k >= 7623222) AND (k <= 7623322))
	  ->  Bitmap Index Scan on k_3  (cost=0.00..5.48 rows=105 width=0)
	        Index Cond: ((k >= 7623222) AND (k <= 7623322))

table 4 : explain SELECT k, c FROM sbtest4 WHERE k BETWEEN 7623222 AND 7623322
	Bitmap Heap Scan on sbtest4  (cost=5.60..456.71 rows=114 width=125)
	  Recheck Cond: ((k >= 7623222) AND (k <= 7623322))
	  ->  Bitmap Index Scan on k_4  (cost=0.00..5.58 rows=114 width=0)
	        Index Cond: ((k >= 7623222) AND (k <= 7623322))

table 5 : explain SELECT k, c FROM sbtest5 WHERE k BETWEEN 7623222 AND 7623322
	Bitmap Heap Scan on sbtest5  (cost=5.47..405.48 rows=101 width=125)
	  Recheck Cond: ((k >= 7623222) AND (k <= 7623322))
	  ->  Bitmap Index Scan on k_5  (cost=0.00..5.44 rows=101 width=0)
	        Index Cond: ((k >= 7623222) AND (k <= 7623322))

table 6 : explain SELECT k, c FROM sbtest6 WHERE k BETWEEN 7623222 AND 7623322
	Bitmap Heap Scan on sbtest6  (cost=5.54..433.08 rows=108 width=125)
	  Recheck Cond: ((k >= 7623222) AND (k <= 7623322))
	  ->  Bitmap Index Scan on k_6  (cost=0.00..5.51 rows=108 width=0)
	        Index Cond: ((k >= 7623222) AND (k <= 7623322))

table 7 : explain SELECT k, c FROM sbtest7 WHERE k BETWEEN 7623222 AND 7623322
	Bitmap Heap Scan on sbtest7  (cost=5.47..405.52 rows=101 width=125)
	  Recheck Cond: ((k >= 7623222) AND (k <= 7623322))
	  ->  Bitmap Index Scan on k_7  (cost=0.00..5.44 rows=101 width=0)
	        Index Cond: ((k >= 7623222) AND (k <= 7623322))

table 8 : explain SELECT k, c FROM sbtest8 WHERE k BETWEEN 7623222 AND 7623322
	Bitmap Heap Scan on sbtest8  (cost=5.49..413.40 rows=103 width=125)
	  Recheck Cond: ((k >= 7623222) AND (k <= 7623322))
	  ->  Bitmap Index Scan on k_8  (cost=0.00..5.46 rows=103 width=0)
	        Index Cond: ((k >= 7623222) AND (k <= 7623322))

explain: for range-notcovered :: explain SELECT k, c FROM sbtest%d WHERE k BETWEEN 420332 AND 420432
for range-notcovered
table 1 : explain SELECT k, c FROM sbtest1 WHERE k BETWEEN 3944438 AND 3944538
	Bitmap Heap Scan on sbtest1  (cost=5.54..432.99 rows=108 width=125)
	  Recheck Cond: ((k >= 3944438) AND (k <= 3944538))
	  ->  Bitmap Index Scan on k_1  (cost=0.00..5.51 rows=108 width=0)
	        Index Cond: ((k >= 3944438) AND (k <= 3944538))

table 2 : explain SELECT k, c FROM sbtest2 WHERE k BETWEEN 3944438 AND 3944538
	Bitmap Heap Scan on sbtest2  (cost=5.46..401.50 rows=100 width=125)
	  Recheck Cond: ((k >= 3944438) AND (k <= 3944538))
	  ->  Bitmap Index Scan on k_2  (cost=0.00..5.43 rows=100 width=0)
	        Index Cond: ((k >= 3944438) AND (k <= 3944538))

table 3 : explain SELECT k, c FROM sbtest3 WHERE k BETWEEN 3944438 AND 3944538
	Bitmap Heap Scan on sbtest3  (cost=5.47..405.44 rows=101 width=125)
	  Recheck Cond: ((k >= 3944438) AND (k <= 3944538))
	  ->  Bitmap Index Scan on k_3  (cost=0.00..5.44 rows=101 width=0)
	        Index Cond: ((k >= 3944438) AND (k <= 3944538))

table 4 : explain SELECT k, c FROM sbtest4 WHERE k BETWEEN 3944438 AND 3944538
	Bitmap Heap Scan on sbtest4  (cost=5.60..456.71 rows=114 width=125)
	  Recheck Cond: ((k >= 3944438) AND (k <= 3944538))
	  ->  Bitmap Index Scan on k_4  (cost=0.00..5.58 rows=114 width=0)
	        Index Cond: ((k >= 3944438) AND (k <= 3944538))

table 5 : explain SELECT k, c FROM sbtest5 WHERE k BETWEEN 3944438 AND 3944538
	Bitmap Heap Scan on sbtest5  (cost=5.54..433.08 rows=108 width=125)
	  Recheck Cond: ((k >= 3944438) AND (k <= 3944538))
	  ->  Bitmap Index Scan on k_5  (cost=0.00..5.51 rows=108 width=0)
	        Index Cond: ((k >= 3944438) AND (k <= 3944538))

table 6 : explain SELECT k, c FROM sbtest6 WHERE k BETWEEN 3944438 AND 3944538
	Bitmap Heap Scan on sbtest6  (cost=5.50..417.31 rows=104 width=125)
	  Recheck Cond: ((k >= 3944438) AND (k <= 3944538))
	  ->  Bitmap Index Scan on k_6  (cost=0.00..5.47 rows=104 width=0)
	        Index Cond: ((k >= 3944438) AND (k <= 3944538))

table 7 : explain SELECT k, c FROM sbtest7 WHERE k BETWEEN 3944438 AND 3944538
	Bitmap Heap Scan on sbtest7  (cost=5.44..393.68 rows=98 width=125)
	  Recheck Cond: ((k >= 3944438) AND (k <= 3944538))
	  ->  Bitmap Index Scan on k_7  (cost=0.00..5.42 rows=98 width=0)
	        Index Cond: ((k >= 3944438) AND (k <= 3944538))

table 8 : explain SELECT k, c FROM sbtest8 WHERE k BETWEEN 3944438 AND 3944538
	Bitmap Heap Scan on sbtest8  (cost=5.56..441.00 rows=110 width=125)
	  Recheck Cond: ((k >= 3944438) AND (k <= 3944538))
	  ->  Bitmap Index Scan on k_8  (cost=0.00..5.53 rows=110 width=0)
	        Index Cond: ((k >= 3944438) AND (k <= 3944538))

for range-notcovered
table 1 : explain SELECT k, c FROM sbtest1 WHERE k BETWEEN 6222055 AND 6222155
	Bitmap Heap Scan on sbtest1  (cost=5.48..409.34 rows=102 width=125)
	  Recheck Cond: ((k >= 6222055) AND (k <= 6222155))
	  ->  Bitmap Index Scan on k_1  (cost=0.00..5.45 rows=102 width=0)
	        Index Cond: ((k >= 6222055) AND (k <= 6222155))

table 2 : explain SELECT k, c FROM sbtest2 WHERE k BETWEEN 6222055 AND 6222155
	Bitmap Heap Scan on sbtest2  (cost=5.55..436.97 rows=109 width=125)
	  Recheck Cond: ((k >= 6222055) AND (k <= 6222155))
	  ->  Bitmap Index Scan on k_2  (cost=0.00..5.52 rows=109 width=0)
	        Index Cond: ((k >= 6222055) AND (k <= 6222155))

table 3 : explain SELECT k, c FROM sbtest3 WHERE k BETWEEN 6222055 AND 6222155
	Bitmap Heap Scan on sbtest3  (cost=5.50..417.27 rows=104 width=125)
	  Recheck Cond: ((k >= 6222055) AND (k <= 6222155))
	  ->  Bitmap Index Scan on k_3  (cost=0.00..5.47 rows=104 width=0)
	        Index Cond: ((k >= 6222055) AND (k <= 6222155))

table 4 : explain SELECT k, c FROM sbtest4 WHERE k BETWEEN 6222055 AND 6222155
	Bitmap Heap Scan on sbtest4  (cost=5.48..409.42 rows=102 width=125)
	  Recheck Cond: ((k >= 6222055) AND (k <= 6222155))
	  ->  Bitmap Index Scan on k_4  (cost=0.00..5.45 rows=102 width=0)
	        Index Cond: ((k >= 6222055) AND (k <= 6222155))

table 5 : explain SELECT k, c FROM sbtest5 WHERE k BETWEEN 6222055 AND 6222155
	Bitmap Heap Scan on sbtest5  (cost=5.49..413.37 rows=103 width=125)
	  Recheck Cond: ((k >= 6222055) AND (k <= 6222155))
	  ->  Bitmap Index Scan on k_5  (cost=0.00..5.46 rows=103 width=0)
	        Index Cond: ((k >= 6222055) AND (k <= 6222155))

table 6 : explain SELECT k, c FROM sbtest6 WHERE k BETWEEN 6222055 AND 6222155
	Bitmap Heap Scan on sbtest6  (cost=5.43..389.70 rows=97 width=125)
	  Recheck Cond: ((k >= 6222055) AND (k <= 6222155))
	  ->  Bitmap Index Scan on k_6  (cost=0.00..5.40 rows=97 width=0)
	        Index Cond: ((k >= 6222055) AND (k <= 6222155))

table 7 : explain SELECT k, c FROM sbtest7 WHERE k BETWEEN 6222055 AND 6222155
	Bitmap Heap Scan on sbtest7  (cost=5.45..397.63 rows=99 width=125)
	  Recheck Cond: ((k >= 6222055) AND (k <= 6222155))
	  ->  Bitmap Index Scan on k_7  (cost=0.00..5.42 rows=99 width=0)
	        Index Cond: ((k >= 6222055) AND (k <= 6222155))

table 8 : explain SELECT k, c FROM sbtest8 WHERE k BETWEEN 6222055 AND 6222155
	Bitmap Heap Scan on sbtest8  (cost=5.51..421.29 rows=105 width=125)
	  Recheck Cond: ((k >= 6222055) AND (k <= 6222155))
	  ->  Bitmap Index Scan on k_8  (cost=0.00..5.48 rows=105 width=0)
	        Index Cond: ((k >= 6222055) AND (k <= 6222155))

for range-notcovered
table 1 : explain SELECT k, c FROM sbtest1 WHERE k BETWEEN 5893226 AND 5893326
	Bitmap Heap Scan on sbtest1  (cost=5.43..389.63 rows=97 width=125)
	  Recheck Cond: ((k >= 5893226) AND (k <= 5893326))
	  ->  Bitmap Index Scan on k_1  (cost=0.00..5.40 rows=97 width=0)
	        Index Cond: ((k >= 5893226) AND (k <= 5893326))

table 2 : explain SELECT k, c FROM sbtest2 WHERE k BETWEEN 5893226 AND 5893326
	Bitmap Heap Scan on sbtest2  (cost=5.47..405.44 rows=101 width=125)
	  Recheck Cond: ((k >= 5893226) AND (k <= 5893326))
	  ->  Bitmap Index Scan on k_2  (cost=0.00..5.44 rows=101 width=0)
	        Index Cond: ((k >= 5893226) AND (k <= 5893326))

table 3 : explain SELECT k, c FROM sbtest3 WHERE k BETWEEN 5893226 AND 5893326
	Bitmap Heap Scan on sbtest3  (cost=5.56..440.91 rows=110 width=125)
	  Recheck Cond: ((k >= 5893226) AND (k <= 5893326))
	  ->  Bitmap Index Scan on k_3  (cost=0.00..5.53 rows=110 width=0)
	        Index Cond: ((k >= 5893226) AND (k <= 5893326))

table 4 : explain SELECT k, c FROM sbtest4 WHERE k BETWEEN 5893226 AND 5893326
	Bitmap Heap Scan on sbtest4  (cost=5.52..425.19 rows=106 width=125)
	  Recheck Cond: ((k >= 5893226) AND (k <= 5893326))
	  ->  Bitmap Index Scan on k_4  (cost=0.00..5.50 rows=106 width=0)
	        Index Cond: ((k >= 5893226) AND (k <= 5893326))

table 5 : explain SELECT k, c FROM sbtest5 WHERE k BETWEEN 5893226 AND 5893326
	Bitmap Heap Scan on sbtest5  (cost=5.40..377.87 rows=94 width=125)
	  Recheck Cond: ((k >= 5893226) AND (k <= 5893326))
	  ->  Bitmap Index Scan on k_5  (cost=0.00..5.38 rows=94 width=0)
	        Index Cond: ((k >= 5893226) AND (k <= 5893326))

table 6 : explain SELECT k, c FROM sbtest6 WHERE k BETWEEN 5893226 AND 5893326
	Bitmap Heap Scan on sbtest6  (cost=5.43..389.70 rows=97 width=125)
	  Recheck Cond: ((k >= 5893226) AND (k <= 5893326))
	  ->  Bitmap Index Scan on k_6  (cost=0.00..5.40 rows=97 width=0)
	        Index Cond: ((k >= 5893226) AND (k <= 5893326))

table 7 : explain SELECT k, c FROM sbtest7 WHERE k BETWEEN 5893226 AND 5893326
	Bitmap Heap Scan on sbtest7  (cost=5.57..444.94 rows=111 width=125)
	  Recheck Cond: ((k >= 5893226) AND (k <= 5893326))
	  ->  Bitmap Index Scan on k_7  (cost=0.00..5.54 rows=111 width=0)
	        Index Cond: ((k >= 5893226) AND (k <= 5893326))

table 8 : explain SELECT k, c FROM sbtest8 WHERE k BETWEEN 5893226 AND 5893326
	Bitmap Heap Scan on sbtest8  (cost=5.42..385.79 rows=96 width=125)
	  Recheck Cond: ((k >= 5893226) AND (k <= 5893326))
	  ->  Bitmap Index Scan on k_8  (cost=0.00..5.39 rows=96 width=0)
	        Index Cond: ((k >= 5893226) AND (k <= 5893326))

for range-notcovered
table 1 : explain SELECT k, c FROM sbtest1 WHERE k BETWEEN 7804666 AND 7804766
	Bitmap Heap Scan on sbtest1  (cost=5.42..385.68 rows=96 width=125)
	  Recheck Cond: ((k >= 7804666) AND (k <= 7804766))
	  ->  Bitmap Index Scan on k_1  (cost=0.00..5.39 rows=96 width=0)
	        Index Cond: ((k >= 7804666) AND (k <= 7804766))

table 2 : explain SELECT k, c FROM sbtest2 WHERE k BETWEEN 7804666 AND 7804766
	Bitmap Heap Scan on sbtest2  (cost=5.48..409.38 rows=102 width=125)
	  Recheck Cond: ((k >= 7804666) AND (k <= 7804766))
	  ->  Bitmap Index Scan on k_2  (cost=0.00..5.45 rows=102 width=0)
	        Index Cond: ((k >= 7804666) AND (k <= 7804766))

table 3 : explain SELECT k, c FROM sbtest3 WHERE k BETWEEN 7804666 AND 7804766
	Bitmap Heap Scan on sbtest3  (cost=5.48..409.39 rows=102 width=125)
	  Recheck Cond: ((k >= 7804666) AND (k <= 7804766))
	  ->  Bitmap Index Scan on k_3  (cost=0.00..5.45 rows=102 width=0)
	        Index Cond: ((k >= 7804666) AND (k <= 7804766))

table 4 : explain SELECT k, c FROM sbtest4 WHERE k BETWEEN 7804666 AND 7804766
	Bitmap Heap Scan on sbtest4  (cost=5.45..397.59 rows=99 width=125)
	  Recheck Cond: ((k >= 7804666) AND (k <= 7804766))
	  ->  Bitmap Index Scan on k_4  (cost=0.00..5.42 rows=99 width=0)
	        Index Cond: ((k >= 7804666) AND (k <= 7804766))

table 5 : explain SELECT k, c FROM sbtest5 WHERE k BETWEEN 7804666 AND 7804766
	Bitmap Heap Scan on sbtest5  (cost=5.52..425.19 rows=106 width=125)
	  Recheck Cond: ((k >= 7804666) AND (k <= 7804766))
	  ->  Bitmap Index Scan on k_5  (cost=0.00..5.50 rows=106 width=0)
	        Index Cond: ((k >= 7804666) AND (k <= 7804766))

table 6 : explain SELECT k, c FROM sbtest6 WHERE k BETWEEN 7804666 AND 7804766
	Bitmap Heap Scan on sbtest6  (cost=5.51..421.25 rows=105 width=125)
	  Recheck Cond: ((k >= 7804666) AND (k <= 7804766))
	  ->  Bitmap Index Scan on k_6  (cost=0.00..5.48 rows=105 width=0)
	        Index Cond: ((k >= 7804666) AND (k <= 7804766))

table 7 : explain SELECT k, c FROM sbtest7 WHERE k BETWEEN 7804666 AND 7804766
	Bitmap Heap Scan on sbtest7  (cost=5.48..409.46 rows=102 width=125)
	  Recheck Cond: ((k >= 7804666) AND (k <= 7804766))
	  ->  Bitmap Index Scan on k_7  (cost=0.00..5.45 rows=102 width=0)
	        Index Cond: ((k >= 7804666) AND (k <= 7804766))

table 8 : explain SELECT k, c FROM sbtest8 WHERE k BETWEEN 7804666 AND 7804766
	Bitmap Heap Scan on sbtest8  (cost=5.55..437.05 rows=109 width=125)
	  Recheck Cond: ((k >= 7804666) AND (k <= 7804766))
	  ->  Bitmap Index Scan on k_8  (cost=0.00..5.52 rows=109 width=0)
	        Index Cond: ((k >= 7804666) AND (k <= 7804766))

for range-notcovered
table 1 : explain SELECT k, c FROM sbtest1 WHERE k BETWEEN 5860106 AND 5860206
	Bitmap Heap Scan on sbtest1  (cost=5.43..389.63 rows=97 width=125)
	  Recheck Cond: ((k >= 5860106) AND (k <= 5860206))
	  ->  Bitmap Index Scan on k_1  (cost=0.00..5.40 rows=97 width=0)
	        Index Cond: ((k >= 5860106) AND (k <= 5860206))

table 2 : explain SELECT k, c FROM sbtest2 WHERE k BETWEEN 5860106 AND 5860206
	Bitmap Heap Scan on sbtest2  (cost=5.47..405.44 rows=101 width=125)
	  Recheck Cond: ((k >= 5860106) AND (k <= 5860206))
	  ->  Bitmap Index Scan on k_2  (cost=0.00..5.44 rows=101 width=0)
	        Index Cond: ((k >= 5860106) AND (k <= 5860206))

table 3 : explain SELECT k, c FROM sbtest3 WHERE k BETWEEN 5860106 AND 5860206
	Bitmap Heap Scan on sbtest3  (cost=5.51..421.21 rows=105 width=125)
	  Recheck Cond: ((k >= 5860106) AND (k <= 5860206))
	  ->  Bitmap Index Scan on k_3  (cost=0.00..5.48 rows=105 width=0)
	        Index Cond: ((k >= 5860106) AND (k <= 5860206))

table 4 : explain SELECT k, c FROM sbtest4 WHERE k BETWEEN 5860106 AND 5860206
	Bitmap Heap Scan on sbtest4  (cost=5.52..425.19 rows=106 width=125)
	  Recheck Cond: ((k >= 5860106) AND (k <= 5860206))
	  ->  Bitmap Index Scan on k_4  (cost=0.00..5.50 rows=106 width=0)
	        Index Cond: ((k >= 5860106) AND (k <= 5860206))

table 5 : explain SELECT k, c FROM sbtest5 WHERE k BETWEEN 5860106 AND 5860206
	Bitmap Heap Scan on sbtest5  (cost=5.40..377.87 rows=94 width=125)
	  Recheck Cond: ((k >= 5860106) AND (k <= 5860206))
	  ->  Bitmap Index Scan on k_5  (cost=0.00..5.38 rows=94 width=0)
	        Index Cond: ((k >= 5860106) AND (k <= 5860206))

table 6 : explain SELECT k, c FROM sbtest6 WHERE k BETWEEN 5860106 AND 5860206
	Bitmap Heap Scan on sbtest6  (cost=5.41..381.81 rows=95 width=125)
	  Recheck Cond: ((k >= 5860106) AND (k <= 5860206))
	  ->  Bitmap Index Scan on k_6  (cost=0.00..5.38 rows=95 width=0)
	        Index Cond: ((k >= 5860106) AND (k <= 5860206))

table 7 : explain SELECT k, c FROM sbtest7 WHERE k BETWEEN 5860106 AND 5860206
	Bitmap Heap Scan on sbtest7  (cost=5.57..444.94 rows=111 width=125)
	  Recheck Cond: ((k >= 5860106) AND (k <= 5860206))
	  ->  Bitmap Index Scan on k_7  (cost=0.00..5.54 rows=111 width=0)
	        Index Cond: ((k >= 5860106) AND (k <= 5860206))

table 8 : explain SELECT k, c FROM sbtest8 WHERE k BETWEEN 5860106 AND 5860206
	Bitmap Heap Scan on sbtest8  (cost=5.42..385.79 rows=96 width=125)
	  Recheck Cond: ((k >= 5860106) AND (k <= 5860206))
	  ->  Bitmap Index Scan on k_8  (cost=0.00..5.39 rows=96 width=0)
	        Index Cond: ((k >= 5860106) AND (k <= 5860206))

for range-notcovered
table 1 : explain SELECT k, c FROM sbtest1 WHERE k BETWEEN 7279562 AND 7279662
	Bitmap Heap Scan on sbtest1  (cost=5.48..409.34 rows=102 width=125)
	  Recheck Cond: ((k >= 7279562) AND (k <= 7279662))
	  ->  Bitmap Index Scan on k_1  (cost=0.00..5.45 rows=102 width=0)
	        Index Cond: ((k >= 7279562) AND (k <= 7279662))

table 2 : explain SELECT k, c FROM sbtest2 WHERE k BETWEEN 7279562 AND 7279662
	Bitmap Heap Scan on sbtest2  (cost=5.49..413.32 rows=103 width=125)
	  Recheck Cond: ((k >= 7279562) AND (k <= 7279662))
	  ->  Bitmap Index Scan on k_2  (cost=0.00..5.46 rows=103 width=0)
	        Index Cond: ((k >= 7279562) AND (k <= 7279662))

table 3 : explain SELECT k, c FROM sbtest3 WHERE k BETWEEN 7279562 AND 7279662
	Bitmap Heap Scan on sbtest3  (cost=5.47..405.44 rows=101 width=125)
	  Recheck Cond: ((k >= 7279562) AND (k <= 7279662))
	  ->  Bitmap Index Scan on k_3  (cost=0.00..5.44 rows=101 width=0)
	        Index Cond: ((k >= 7279562) AND (k <= 7279662))

table 4 : explain SELECT k, c FROM sbtest4 WHERE k BETWEEN 7279562 AND 7279662
	Bitmap Heap Scan on sbtest4  (cost=5.51..421.25 rows=105 width=125)
	  Recheck Cond: ((k >= 7279562) AND (k <= 7279662))
	  ->  Bitmap Index Scan on k_4  (cost=0.00..5.48 rows=105 width=0)
	        Index Cond: ((k >= 7279562) AND (k <= 7279662))

table 5 : explain SELECT k, c FROM sbtest5 WHERE k BETWEEN 7279562 AND 7279662
	Bitmap Heap Scan on sbtest5  (cost=5.47..405.48 rows=101 width=125)
	  Recheck Cond: ((k >= 7279562) AND (k <= 7279662))
	  ->  Bitmap Index Scan on k_5  (cost=0.00..5.44 rows=101 width=0)
	        Index Cond: ((k >= 7279562) AND (k <= 7279662))

table 6 : explain SELECT k, c FROM sbtest6 WHERE k BETWEEN 7279562 AND 7279662
	Bitmap Heap Scan on sbtest6  (cost=5.35..358.13 rows=89 width=125)
	  Recheck Cond: ((k >= 7279562) AND (k <= 7279662))
	  ->  Bitmap Index Scan on k_6  (cost=0.00..5.32 rows=89 width=0)
	        Index Cond: ((k >= 7279562) AND (k <= 7279662))

table 7 : explain SELECT k, c FROM sbtest7 WHERE k BETWEEN 7279562 AND 7279662
	Bitmap Heap Scan on sbtest7  (cost=5.54..433.12 rows=108 width=125)
	  Recheck Cond: ((k >= 7279562) AND (k <= 7279662))
	  ->  Bitmap Index Scan on k_7  (cost=0.00..5.51 rows=108 width=0)
	        Index Cond: ((k >= 7279562) AND (k <= 7279662))

table 8 : explain SELECT k, c FROM sbtest8 WHERE k BETWEEN 7279562 AND 7279662
	Bitmap Heap Scan on sbtest8  (cost=5.54..433.11 rows=108 width=125)
	  Recheck Cond: ((k >= 7279562) AND (k <= 7279662))
	  ->  Bitmap Index Scan on k_8  (cost=0.00..5.51 rows=108 width=0)
	        Index Cond: ((k >= 7279562) AND (k <= 7279662))
explain: for range-notcovered :: explain SELECT k, c FROM sbtest%d WHERE k BETWEEN 3944438 AND 3944538

for range-notcovered
table 1 : explain SELECT k, c FROM sbtest1 WHERE k BETWEEN 4028203 AND 4028303
	Bitmap Heap Scan on sbtest1  (cost=5.54..432.99 rows=108 width=125)
	  Recheck Cond: ((k >= 4028203) AND (k <= 4028303))
	  ->  Bitmap Index Scan on k_1  (cost=0.00..5.51 rows=108 width=0)
	        Index Cond: ((k >= 4028203) AND (k <= 4028303))

table 2 : explain SELECT k, c FROM sbtest2 WHERE k BETWEEN 4028203 AND 4028303
	Bitmap Heap Scan on sbtest2  (cost=5.48..409.38 rows=102 width=125)
	  Recheck Cond: ((k >= 4028203) AND (k <= 4028303))
	  ->  Bitmap Index Scan on k_2  (cost=0.00..5.45 rows=102 width=0)
	        Index Cond: ((k >= 4028203) AND (k <= 4028303))

table 3 : explain SELECT k, c FROM sbtest3 WHERE k BETWEEN 4028203 AND 4028303
	Bitmap Heap Scan on sbtest3  (cost=5.51..421.21 rows=105 width=125)
	  Recheck Cond: ((k >= 4028203) AND (k <= 4028303))
	  ->  Bitmap Index Scan on k_3  (cost=0.00..5.48 rows=105 width=0)
	        Index Cond: ((k >= 4028203) AND (k <= 4028303))

table 4 : explain SELECT k, c FROM sbtest4 WHERE k BETWEEN 4028203 AND 4028303
	Bitmap Heap Scan on sbtest4  (cost=5.47..405.48 rows=101 width=125)
	  Recheck Cond: ((k >= 4028203) AND (k <= 4028303))
	  ->  Bitmap Index Scan on k_4  (cost=0.00..5.44 rows=101 width=0)
	        Index Cond: ((k >= 4028203) AND (k <= 4028303))

table 5 : explain SELECT k, c FROM sbtest5 WHERE k BETWEEN 4028203 AND 4028303
	Bitmap Heap Scan on sbtest5  (cost=5.60..456.71 rows=114 width=125)
	  Recheck Cond: ((k >= 4028203) AND (k <= 4028303))
	  ->  Bitmap Index Scan on k_5  (cost=0.00..5.58 rows=114 width=0)
	        Index Cond: ((k >= 4028203) AND (k <= 4028303))

table 6 : explain SELECT k, c FROM sbtest6 WHERE k BETWEEN 4028203 AND 4028303
	Bitmap Heap Scan on sbtest6  (cost=5.44..393.65 rows=98 width=125)
	  Recheck Cond: ((k >= 4028203) AND (k <= 4028303))
	  ->  Bitmap Index Scan on k_6  (cost=0.00..5.42 rows=98 width=0)
	        Index Cond: ((k >= 4028203) AND (k <= 4028303))

table 7 : explain SELECT k, c FROM sbtest7 WHERE k BETWEEN 4028203 AND 4028303
	Bitmap Heap Scan on sbtest7  (cost=5.44..393.68 rows=98 width=125)
	  Recheck Cond: ((k >= 4028203) AND (k <= 4028303))
	  ->  Bitmap Index Scan on k_7  (cost=0.00..5.42 rows=98 width=0)
	        Index Cond: ((k >= 4028203) AND (k <= 4028303))

table 8 : explain SELECT k, c FROM sbtest8 WHERE k BETWEEN 4028203 AND 4028303
	Bitmap Heap Scan on sbtest8  (cost=5.52..425.23 rows=106 width=125)
	  Recheck Cond: ((k >= 4028203) AND (k <= 4028303))
	  ->  Bitmap Index Scan on k_8  (cost=0.00..5.50 rows=106 width=0)
	        Index Cond: ((k >= 4028203) AND (k <= 4028303))
for range-notcovered
table 1 : explain SELECT k, c FROM sbtest1 WHERE k BETWEEN 4249789 AND 4249889
	Bitmap Heap Scan on sbtest1  (cost=5.49..413.29 rows=103 width=125)
	  Recheck Cond: ((k >= 4249789) AND (k <= 4249889))
	  ->  Bitmap Index Scan on k_1  (cost=0.00..5.46 rows=103 width=0)
	        Index Cond: ((k >= 4249789) AND (k <= 4249889))

table 2 : explain SELECT k, c FROM sbtest2 WHERE k BETWEEN 4249789 AND 4249889
	Bitmap Heap Scan on sbtest2  (cost=5.55..436.97 rows=109 width=125)
	  Recheck Cond: ((k >= 4249789) AND (k <= 4249889))
	  ->  Bitmap Index Scan on k_2  (cost=0.00..5.52 rows=109 width=0)
	        Index Cond: ((k >= 4249789) AND (k <= 4249889))

table 3 : explain SELECT k, c FROM sbtest3 WHERE k BETWEEN 4249789 AND 4249889
	Bitmap Heap Scan on sbtest3  (cost=5.47..405.44 rows=101 width=125)
	  Recheck Cond: ((k >= 4249789) AND (k <= 4249889))
	  ->  Bitmap Index Scan on k_3  (cost=0.00..5.44 rows=101 width=0)
	        Index Cond: ((k >= 4249789) AND (k <= 4249889))

table 4 : explain SELECT k, c FROM sbtest4 WHERE k BETWEEN 4249789 AND 4249889
	Bitmap Heap Scan on sbtest4  (cost=5.43..389.70 rows=97 width=125)
	  Recheck Cond: ((k >= 4249789) AND (k <= 4249889))
	  ->  Bitmap Index Scan on k_4  (cost=0.00..5.40 rows=97 width=0)
	        Index Cond: ((k >= 4249789) AND (k <= 4249889))

table 5 : explain SELECT k, c FROM sbtest5 WHERE k BETWEEN 4249789 AND 4249889
	Bitmap Heap Scan on sbtest5  (cost=5.41..381.81 rows=95 width=125)
	  Recheck Cond: ((k >= 4249789) AND (k <= 4249889))
	  ->  Bitmap Index Scan on k_5  (cost=0.00..5.38 rows=95 width=0)
	        Index Cond: ((k >= 4249789) AND (k <= 4249889))

table 6 : explain SELECT k, c FROM sbtest6 WHERE k BETWEEN 4249789 AND 4249889
	Bitmap Heap Scan on sbtest6  (cost=5.48..409.42 rows=102 width=125)
	  Recheck Cond: ((k >= 4249789) AND (k <= 4249889))
	  ->  Bitmap Index Scan on k_6  (cost=0.00..5.45 rows=102 width=0)
	        Index Cond: ((k >= 4249789) AND (k <= 4249889))

table 7 : explain SELECT k, c FROM sbtest7 WHERE k BETWEEN 4249789 AND 4249889
	Bitmap Heap Scan on sbtest7  (cost=5.45..397.63 rows=99 width=125)
	  Recheck Cond: ((k >= 4249789) AND (k <= 4249889))
	  ->  Bitmap Index Scan on k_7  (cost=0.00..5.42 rows=99 width=0)
	        Index Cond: ((k >= 4249789) AND (k <= 4249889))

table 8 : explain SELECT k, c FROM sbtest8 WHERE k BETWEEN 4249789 AND 4249889
	Bitmap Heap Scan on sbtest8  (cost=5.51..421.29 rows=105 width=125)
	  Recheck Cond: ((k >= 4249789) AND (k <= 4249889))
	  ->  Bitmap Index Scan on k_8  (cost=0.00..5.48 rows=105 width=0)
	        Index Cond: ((k >= 4249789) AND (k <= 4249889))

for range-notcovered
table 1 : explain SELECT k, c FROM sbtest1 WHERE k BETWEEN 3394656 AND 3394756
	Bitmap Heap Scan on sbtest1  (cost=5.49..413.29 rows=103 width=125)
	  Recheck Cond: ((k >= 3394656) AND (k <= 3394756))
	  ->  Bitmap Index Scan on k_1  (cost=0.00..5.46 rows=103 width=0)
	        Index Cond: ((k >= 3394656) AND (k <= 3394756))

table 2 : explain SELECT k, c FROM sbtest2 WHERE k BETWEEN 3394656 AND 3394756
	Bitmap Heap Scan on sbtest2  (cost=5.53..429.09 rows=107 width=125)
	  Recheck Cond: ((k >= 3394656) AND (k <= 3394756))
	  ->  Bitmap Index Scan on k_2  (cost=0.00..5.50 rows=107 width=0)
	        Index Cond: ((k >= 3394656) AND (k <= 3394756))

table 3 : explain SELECT k, c FROM sbtest3 WHERE k BETWEEN 3394656 AND 3394756
	Bitmap Heap Scan on sbtest3  (cost=5.48..409.39 rows=102 width=125)
	  Recheck Cond: ((k >= 3394656) AND (k <= 3394756))
	  ->  Bitmap Index Scan on k_3  (cost=0.00..5.45 rows=102 width=0)
	        Index Cond: ((k >= 3394656) AND (k <= 3394756))

table 4 : explain SELECT k, c FROM sbtest4 WHERE k BETWEEN 3394656 AND 3394756
	Bitmap Heap Scan on sbtest4  (cost=5.42..385.75 rows=96 width=125)
	  Recheck Cond: ((k >= 3394656) AND (k <= 3394756))
	  ->  Bitmap Index Scan on k_4  (cost=0.00..5.39 rows=96 width=0)
	        Index Cond: ((k >= 3394656) AND (k <= 3394756))

table 5 : explain SELECT k, c FROM sbtest5 WHERE k BETWEEN 3394656 AND 3394756
	Bitmap Heap Scan on sbtest5  (cost=5.56..440.96 rows=110 width=125)
	  Recheck Cond: ((k >= 3394656) AND (k <= 3394756))
	  ->  Bitmap Index Scan on k_5  (cost=0.00..5.53 rows=110 width=0)
	        Index Cond: ((k >= 3394656) AND (k <= 3394756))

table 6 : explain SELECT k, c FROM sbtest6 WHERE k BETWEEN 3394656 AND 3394756
	Bitmap Heap Scan on sbtest6  (cost=5.41..381.81 rows=95 width=125)
	  Recheck Cond: ((k >= 3394656) AND (k <= 3394756))
	  ->  Bitmap Index Scan on k_6  (cost=0.00..5.38 rows=95 width=0)
	        Index Cond: ((k >= 3394656) AND (k <= 3394756))

table 7 : explain SELECT k, c FROM sbtest7 WHERE k BETWEEN 3394656 AND 3394756
	Bitmap Heap Scan on sbtest7  (cost=5.38..370.01 rows=92 width=125)
	  Recheck Cond: ((k >= 3394656) AND (k <= 3394756))
	  ->  Bitmap Index Scan on k_7  (cost=0.00..5.35 rows=92 width=0)
	        Index Cond: ((k >= 3394656) AND (k <= 3394756))

table 8 : explain SELECT k, c FROM sbtest8 WHERE k BETWEEN 3394656 AND 3394756
	Bitmap Heap Scan on sbtest8  (cost=5.49..413.40 rows=103 width=125)
	  Recheck Cond: ((k >= 3394656) AND (k <= 3394756))
	  ->  Bitmap Index Scan on k_8  (cost=0.00..5.46 rows=103 width=0)
	        Index Cond: ((k >= 3394656) AND (k <= 3394756))

explain: for range-notcovered :: explain SELECT k, c FROM sbtest%d WHERE k BETWEEN 5860106 AND 5860206
for range-notcovered
table 1 : explain SELECT k, c FROM sbtest1 WHERE k BETWEEN 6408735 AND 6408835
	Bitmap Heap Scan on sbtest1  (cost=5.50..417.23 rows=104 width=125)
	  Recheck Cond: ((k >= 6408735) AND (k <= 6408835))
	  ->  Bitmap Index Scan on k_1  (cost=0.00..5.47 rows=104 width=0)
	        Index Cond: ((k >= 6408735) AND (k <= 6408835))

table 2 : explain SELECT k, c FROM sbtest2 WHERE k BETWEEN 6408735 AND 6408835
	Bitmap Heap Scan on sbtest2  (cost=5.42..385.72 rows=96 width=125)
	  Recheck Cond: ((k >= 6408735) AND (k <= 6408835))
	  ->  Bitmap Index Scan on k_2  (cost=0.00..5.39 rows=96 width=0)
	        Index Cond: ((k >= 6408735) AND (k <= 6408835))

table 3 : explain SELECT k, c FROM sbtest3 WHERE k BETWEEN 6408735 AND 6408835
	Bitmap Heap Scan on sbtest3  (cost=5.49..413.33 rows=103 width=125)
	  Recheck Cond: ((k >= 6408735) AND (k <= 6408835))
	  ->  Bitmap Index Scan on k_3  (cost=0.00..5.46 rows=103 width=0)
	        Index Cond: ((k >= 6408735) AND (k <= 6408835))

table 4 : explain SELECT k, c FROM sbtest4 WHERE k BETWEEN 6408735 AND 6408835
	Bitmap Heap Scan on sbtest4  (cost=5.47..405.48 rows=101 width=125)
	  Recheck Cond: ((k >= 6408735) AND (k <= 6408835))
	  ->  Bitmap Index Scan on k_4  (cost=0.00..5.44 rows=101 width=0)
	        Index Cond: ((k >= 6408735) AND (k <= 6408835))

table 5 : explain SELECT k, c FROM sbtest5 WHERE k BETWEEN 6408735 AND 6408835
	Bitmap Heap Scan on sbtest5  (cost=5.46..401.54 rows=100 width=125)
	  Recheck Cond: ((k >= 6408735) AND (k <= 6408835))
	  ->  Bitmap Index Scan on k_5  (cost=0.00..5.43 rows=100 width=0)
	        Index Cond: ((k >= 6408735) AND (k <= 6408835))

table 6 : explain SELECT k, c FROM sbtest6 WHERE k BETWEEN 6408735 AND 6408835
	Bitmap Heap Scan on sbtest6  (cost=5.51..421.25 rows=105 width=125)
	  Recheck Cond: ((k >= 6408735) AND (k <= 6408835))
	  ->  Bitmap Index Scan on k_6  (cost=0.00..5.48 rows=105 width=0)
	        Index Cond: ((k >= 6408735) AND (k <= 6408835))

table 7 : explain SELECT k, c FROM sbtest7 WHERE k BETWEEN 6408735 AND 6408835
	Bitmap Heap Scan on sbtest7  (cost=5.37..366.06 rows=91 width=125)
	  Recheck Cond: ((k >= 6408735) AND (k <= 6408835))
	  ->  Bitmap Index Scan on k_7  (cost=0.00..5.34 rows=91 width=0)
	        Index Cond: ((k >= 6408735) AND (k <= 6408835))

table 8 : explain SELECT k, c FROM sbtest8 WHERE k BETWEEN 6408735 AND 6408835
	Bitmap Heap Scan on sbtest8  (cost=5.38..370.00 rows=92 width=125)
	  Recheck Cond: ((k >= 6408735) AND (k <= 6408835))
	  ->  Bitmap Index Scan on k_8  (cost=0.00..5.35 rows=92 width=0)
	        Index Cond: ((k >= 6408735) AND (k <= 6408835))

explain: for range-notcovered :: explain SELECT k, c FROM sbtest%d WHERE k BETWEEN 7804666 AND 7804766

explain: for range-notcovered :: explain SELECT k, c FROM sbtest%d WHERE k BETWEEN 4249789 AND 4249889
explain: for range-notcovered :: explain SELECT k, c FROM sbtest%d WHERE k BETWEEN 6222055 AND 6222155
explain: for range-notcovered :: explain SELECT k, c FROM sbtest%d WHERE k BETWEEN 7279562 AND 7279662
explain: for range-notcovered :: explain SELECT k, c FROM sbtest%d WHERE k BETWEEN 4028203 AND 4028303
for range-notcovered
table 1 : explain SELECT k, c FROM sbtest1 WHERE k BETWEEN 8623476 AND 8623576
	Bitmap Heap Scan on sbtest1  (cost=5.46..401.46 rows=100 width=125)
	  Recheck Cond: ((k >= 8623476) AND (k <= 8623576))
	  ->  Bitmap Index Scan on k_1  (cost=0.00..5.43 rows=100 width=0)
	        Index Cond: ((k >= 8623476) AND (k <= 8623576))

table 2 : explain SELECT k, c FROM sbtest2 WHERE k BETWEEN 8623476 AND 8623576
	Bitmap Heap Scan on sbtest2  (cost=5.61..460.60 rows=115 width=125)
	  Recheck Cond: ((k >= 8623476) AND (k <= 8623576))
	  ->  Bitmap Index Scan on k_2  (cost=0.00..5.58 rows=115 width=0)
	        Index Cond: ((k >= 8623476) AND (k <= 8623576))

table 3 : explain SELECT k, c FROM sbtest3 WHERE k BETWEEN 8623476 AND 8623576
	Bitmap Heap Scan on sbtest3  (cost=5.56..440.91 rows=110 width=125)
	  Recheck Cond: ((k >= 8623476) AND (k <= 8623576))
	  ->  Bitmap Index Scan on k_3  (cost=0.00..5.53 rows=110 width=0)
	        Index Cond: ((k >= 8623476) AND (k <= 8623576))

table 4 : explain SELECT k, c FROM sbtest4 WHERE k BETWEEN 8623476 AND 8623576
	Bitmap Heap Scan on sbtest4  (cost=5.52..425.19 rows=106 width=125)
	  Recheck Cond: ((k >= 8623476) AND (k <= 8623576))
	  ->  Bitmap Index Scan on k_4  (cost=0.00..5.50 rows=106 width=0)
	        Index Cond: ((k >= 8623476) AND (k <= 8623576))

table 5 : explain SELECT k, c FROM sbtest5 WHERE k BETWEEN 8623476 AND 8623576
	Bitmap Heap Scan on sbtest5  (cost=5.49..413.37 rows=103 width=125)
	  Recheck Cond: ((k >= 8623476) AND (k <= 8623576))
	  ->  Bitmap Index Scan on k_5  (cost=0.00..5.46 rows=103 width=0)
	        Index Cond: ((k >= 8623476) AND (k <= 8623576))

table 6 : explain SELECT k, c FROM sbtest6 WHERE k BETWEEN 8623476 AND 8623576
	Bitmap Heap Scan on sbtest6  (cost=5.49..413.37 rows=103 width=125)
	  Recheck Cond: ((k >= 8623476) AND (k <= 8623576))
	  ->  Bitmap Index Scan on k_6  (cost=0.00..5.46 rows=103 width=0)
	        Index Cond: ((k >= 8623476) AND (k <= 8623576))

table 7 : explain SELECT k, c FROM sbtest7 WHERE k BETWEEN 8623476 AND 8623576
	Bitmap Heap Scan on sbtest7  (cost=5.34..354.21 rows=88 width=125)
	  Recheck Cond: ((k >= 8623476) AND (k <= 8623576))
	  ->  Bitmap Index Scan on k_7  (cost=0.00..5.31 rows=88 width=0)
	        Index Cond: ((k >= 8623476) AND (k <= 8623576))

table 8 : explain SELECT k, c FROM sbtest8 WHERE k BETWEEN 8623476 AND 8623576
	Bitmap Heap Scan on sbtest8  (cost=5.47..405.52 rows=101 width=125)
	  Recheck Cond: ((k >= 8623476) AND (k <= 8623576))
	  ->  Bitmap Index Scan on k_8  (cost=0.00..5.44 rows=101 width=0)
	        Index Cond: ((k >= 8623476) AND (k <= 8623576))

explain: for range-notcovered :: explain SELECT k, c FROM sbtest%d WHERE k BETWEEN 6408735 AND 6408835for range-notcovered
table 1 : explain SELECT k, c FROM sbtest1 WHERE k BETWEEN 8443156 AND 8443256
	Bitmap Heap Scan on sbtest1  (cost=5.54..432.99 rows=108 width=125)
	  Recheck Cond: ((k >= 8443156) AND (k <= 8443256))
	  ->  Bitmap Index Scan on k_1  (cost=0.00..5.51 rows=108 width=0)
	        Index Cond: ((k >= 8443156) AND (k <= 8443256))

table 2 : explain SELECT k, c FROM sbtest2 WHERE k BETWEEN 8443156 AND 8443256
	Bitmap Heap Scan on sbtest2  (cost=5.55..436.97 rows=109 width=125)
	  Recheck Cond: ((k >= 8443156) AND (k <= 8443256))
	  ->  Bitmap Index Scan on k_2  (cost=0.00..5.52 rows=109 width=0)
	        Index Cond: ((k >= 8443156) AND (k <= 8443256))

table 3 : explain SELECT k, c FROM sbtest3 WHERE k BETWEEN 8443156 AND 8443256
	Bitmap Heap Scan on sbtest3  (cost=5.36..362.05 rows=90 width=125)
	  Recheck Cond: ((k >= 8443156) AND (k <= 8443256))
	  ->  Bitmap Index Scan on k_3  (cost=0.00..5.33 rows=90 width=0)
	        Index Cond: ((k >= 8443156) AND (k <= 8443256))

table 4 : explain SELECT k, c FROM sbtest4 WHERE k BETWEEN 8443156 AND 8443256
	Bitmap Heap Scan on sbtest4  (cost=5.46..401.53 rows=100 width=125)
	  Recheck Cond: ((k >= 8443156) AND (k <= 8443256))
	  ->  Bitmap Index Scan on k_4  (cost=0.00..5.43 rows=100 width=0)
	        Index Cond: ((k >= 8443156) AND (k <= 8443256))

table 5 : explain SELECT k, c FROM sbtest5 WHERE k BETWEEN 8443156 AND 8443256
	Bitmap Heap Scan on sbtest5  (cost=5.44..393.65 rows=98 width=125)
	  Recheck Cond: ((k >= 8443156) AND (k <= 8443256))
	  ->  Bitmap Index Scan on k_5  (cost=0.00..5.42 rows=98 width=0)
	        Index Cond: ((k >= 8443156) AND (k <= 8443256))

table 6 : explain SELECT k, c FROM sbtest6 WHERE k BETWEEN 8443156 AND 8443256
	Bitmap Heap Scan on sbtest6  (cost=5.37..366.03 rows=91 width=125)
	  Recheck Cond: ((k >= 8443156) AND (k <= 8443256))
	  ->  Bitmap Index Scan on k_6  (cost=0.00..5.34 rows=91 width=0)
	        Index Cond: ((k >= 8443156) AND (k <= 8443256))

table 7 : explain SELECT k, c FROM sbtest7 WHERE k BETWEEN 8443156 AND 8443256
	Bitmap Heap Scan on sbtest7  (cost=5.45..397.63 rows=99 width=125)
	  Recheck Cond: ((k >= 8443156) AND (k <= 8443256))
	  ->  Bitmap Index Scan on k_7  (cost=0.00..5.42 rows=99 width=0)
	        Index Cond: ((k >= 8443156) AND (k <= 8443256))

table 8 : explain SELECT k, c FROM sbtest8 WHERE k BETWEEN 8443156 AND 8443256
	Bitmap Heap Scan on sbtest8  (cost=5.51..421.29 rows=105 width=125)
	  Recheck Cond: ((k >= 8443156) AND (k <= 8443256))
	  ->  Bitmap Index Scan on k_8  (cost=0.00..5.48 rows=105 width=0)
	        Index Cond: ((k >= 8443156) AND (k <= 8443256))


explain: for range-notcovered :: explain SELECT k, c FROM sbtest%d WHERE k BETWEEN 3394656 AND 3394756
for range-notcovered
table 1 : explain SELECT k, c FROM sbtest1 WHERE k BETWEEN 7575122 AND 7575222
	Bitmap Heap Scan on sbtest1  (cost=5.45..397.52 rows=99 width=125)
	  Recheck Cond: ((k >= 7575122) AND (k <= 7575222))
	  ->  Bitmap Index Scan on k_1  (cost=0.00..5.42 rows=99 width=0)
	        Index Cond: ((k >= 7575122) AND (k <= 7575222))

table 2 : explain SELECT k, c FROM sbtest2 WHERE k BETWEEN 7575122 AND 7575222
	Bitmap Heap Scan on sbtest2  (cost=5.50..417.27 rows=104 width=125)
	  Recheck Cond: ((k >= 7575122) AND (k <= 7575222))
	  ->  Bitmap Index Scan on k_2  (cost=0.00..5.47 rows=104 width=0)
	        Index Cond: ((k >= 7575122) AND (k <= 7575222))

table 3 : explain SELECT k, c FROM sbtest3 WHERE k BETWEEN 7575122 AND 7575222
	Bitmap Heap Scan on sbtest3  (cost=5.51..421.21 rows=105 width=125)
	  Recheck Cond: ((k >= 7575122) AND (k <= 7575222))
	  ->  Bitmap Index Scan on k_3  (cost=0.00..5.48 rows=105 width=0)
	        Index Cond: ((k >= 7575122) AND (k <= 7575222))

table 4 : explain SELECT k, c FROM sbtest4 WHERE k BETWEEN 7575122 AND 7575222
	Bitmap Heap Scan on sbtest4  (cost=5.51..421.25 rows=105 width=125)
	  Recheck Cond: ((k >= 7575122) AND (k <= 7575222))
	  ->  Bitmap Index Scan on k_4  (cost=0.00..5.48 rows=105 width=0)
	        Index Cond: ((k >= 7575122) AND (k <= 7575222))

table 5 : explain SELECT k, c FROM sbtest5 WHERE k BETWEEN 7575122 AND 7575222
	Bitmap Heap Scan on sbtest5  (cost=5.47..405.48 rows=101 width=125)
	  Recheck Cond: ((k >= 7575122) AND (k <= 7575222))
	  ->  Bitmap Index Scan on k_5  (cost=0.00..5.44 rows=101 width=0)
	        Index Cond: ((k >= 7575122) AND (k <= 7575222))

table 6 : explain SELECT k, c FROM sbtest6 WHERE k BETWEEN 7575122 AND 7575222
	Bitmap Heap Scan on sbtest6  (cost=5.41..381.81 rows=95 width=125)
	  Recheck Cond: ((k >= 7575122) AND (k <= 7575222))
	  ->  Bitmap Index Scan on k_6  (cost=0.00..5.38 rows=95 width=0)
	        Index Cond: ((k >= 7575122) AND (k <= 7575222))

table 7 : explain SELECT k, c FROM sbtest7 WHERE k BETWEEN 7575122 AND 7575222
	Bitmap Heap Scan on sbtest7  (cost=5.45..397.63 rows=99 width=125)
	  Recheck Cond: ((k >= 7575122) AND (k <= 7575222))
	  ->  Bitmap Index Scan on k_7  (cost=0.00..5.42 rows=99 width=0)
	        Index Cond: ((k >= 7575122) AND (k <= 7575222))

table 8 : explain SELECT k, c FROM sbtest8 WHERE k BETWEEN 7575122 AND 7575222
	Bitmap Heap Scan on sbtest8  (cost=5.49..413.40 rows=103 width=125)
	  Recheck Cond: ((k >= 7575122) AND (k <= 7575222))
	  ->  Bitmap Index Scan on k_8  (cost=0.00..5.46 rows=103 width=0)
	        Index Cond: ((k >= 7575122) AND (k <= 7575222))

explain: for range-notcovered :: explain SELECT k, c FROM sbtest%d WHERE k BETWEEN 8443156 AND 8443256
for range-notcovered
table 1 : explain SELECT k, c FROM sbtest1 WHERE k BETWEEN 8296793 AND 8296893
	Bitmap Heap Scan on sbtest1  (cost=5.51..421.17 rows=105 width=125)
	  Recheck Cond: ((k >= 8296793) AND (k <= 8296893))
	  ->  Bitmap Index Scan on k_1  (cost=0.00..5.48 rows=105 width=0)
	        Index Cond: ((k >= 8296793) AND (k <= 8296893))

table 2 : explain SELECT k, c FROM sbtest2 WHERE k BETWEEN 8296793 AND 8296893
	Bitmap Heap Scan on sbtest2  (cost=5.47..405.44 rows=101 width=125)
	  Recheck Cond: ((k >= 8296793) AND (k <= 8296893))
	  ->  Bitmap Index Scan on k_2  (cost=0.00..5.44 rows=101 width=0)
	        Index Cond: ((k >= 8296793) AND (k <= 8296893))

table 3 : explain SELECT k, c FROM sbtest3 WHERE k BETWEEN 8296793 AND 8296893
	Bitmap Heap Scan on sbtest3  (cost=5.42..385.72 rows=96 width=125)
	  Recheck Cond: ((k >= 8296793) AND (k <= 8296893))
	  ->  Bitmap Index Scan on k_3  (cost=0.00..5.39 rows=96 width=0)
	        Index Cond: ((k >= 8296793) AND (k <= 8296893))

table 4 : explain SELECT k, c FROM sbtest4 WHERE k BETWEEN 8296793 AND 8296893
	Bitmap Heap Scan on sbtest4  (cost=5.36..362.07 rows=90 width=125)
	  Recheck Cond: ((k >= 8296793) AND (k <= 8296893))
	  ->  Bitmap Index Scan on k_4  (cost=0.00..5.33 rows=90 width=0)
	        Index Cond: ((k >= 8296793) AND (k <= 8296893))

table 5 : explain SELECT k, c FROM sbtest5 WHERE k BETWEEN 8296793 AND 8296893
	Bitmap Heap Scan on sbtest5  (cost=5.57..444.90 rows=111 width=125)
	  Recheck Cond: ((k >= 8296793) AND (k <= 8296893))
	  ->  Bitmap Index Scan on k_5  (cost=0.00..5.54 rows=111 width=0)
	        Index Cond: ((k >= 8296793) AND (k <= 8296893))

table 6 : explain SELECT k, c FROM sbtest6 WHERE k BETWEEN 8296793 AND 8296893
	Bitmap Heap Scan on sbtest6  (cost=5.46..401.54 rows=100 width=125)
	  Recheck Cond: ((k >= 8296793) AND (k <= 8296893))
	  ->  Bitmap Index Scan on k_6  (cost=0.00..5.43 rows=100 width=0)
	        Index Cond: ((k >= 8296793) AND (k <= 8296893))

table 7 : explain SELECT k, c FROM sbtest7 WHERE k BETWEEN 8296793 AND 8296893
	Bitmap Heap Scan on sbtest7  (cost=5.42..385.79 rows=96 width=125)
	  Recheck Cond: ((k >= 8296793) AND (k <= 8296893))
	  ->  Bitmap Index Scan on k_7  (cost=0.00..5.39 rows=96 width=0)
	        Index Cond: ((k >= 8296793) AND (k <= 8296893))

table 8 : explain SELECT k, c FROM sbtest8 WHERE k BETWEEN 8296793 AND 8296893
	Bitmap Heap Scan on sbtest8  (cost=5.44..393.68 rows=98 width=125)
	  Recheck Cond: ((k >= 8296793) AND (k <= 8296893))
	  ->  Bitmap Index Scan on k_8  (cost=0.00..5.42 rows=98 width=0)
	        Index Cond: ((k >= 8296793) AND (k <= 8296893))

explain: for range-notcovered :: explain SELECT k, c FROM sbtest%d WHERE k BETWEEN 7575122 AND 7575222
for range-notcovered
table 1 : explain SELECT k, c FROM sbtest1 WHERE k BETWEEN 5098628 AND 5098728
	Bitmap Heap Scan on sbtest1  (cost=5.52..425.11 rows=106 width=125)
	  Recheck Cond: ((k >= 5098628) AND (k <= 5098728))
	  ->  Bitmap Index Scan on k_1  (cost=0.00..5.50 rows=106 width=0)
	        Index Cond: ((k >= 5098628) AND (k <= 5098728))

table 2 : explain SELECT k, c FROM sbtest2 WHERE k BETWEEN 5098628 AND 5098728
	Bitmap Heap Scan on sbtest2  (cost=5.62..464.54 rows=116 width=125)
	  Recheck Cond: ((k >= 5098628) AND (k <= 5098728))
	  ->  Bitmap Index Scan on k_2  (cost=0.00..5.59 rows=116 width=0)
	        Index Cond: ((k >= 5098628) AND (k <= 5098728))

table 3 : explain SELECT k, c FROM sbtest3 WHERE k BETWEEN 5098628 AND 5098728
	Bitmap Heap Scan on sbtest3  (cost=5.57..444.85 rows=111 width=125)
	  Recheck Cond: ((k >= 5098628) AND (k <= 5098728))
	  ->  Bitmap Index Scan on k_3  (cost=0.00..5.54 rows=111 width=0)
	        Index Cond: ((k >= 5098628) AND (k <= 5098728))

table 4 : explain SELECT k, c FROM sbtest4 WHERE k BETWEEN 5098628 AND 5098728
	Bitmap Heap Scan on sbtest4  (cost=5.42..385.75 rows=96 width=125)
	  Recheck Cond: ((k >= 5098628) AND (k <= 5098728))
	  ->  Bitmap Index Scan on k_4  (cost=0.00..5.39 rows=96 width=0)
	        Index Cond: ((k >= 5098628) AND (k <= 5098728))

table 5 : explain SELECT k, c FROM sbtest5 WHERE k BETWEEN 5098628 AND 5098728
	Bitmap Heap Scan on sbtest5  (cost=5.43..389.70 rows=97 width=125)
	  Recheck Cond: ((k >= 5098628) AND (k <= 5098728))
	  ->  Bitmap Index Scan on k_5  (cost=0.00..5.40 rows=97 width=0)
	        Index Cond: ((k >= 5098628) AND (k <= 5098728))

table 6 : explain SELECT k, c FROM sbtest6 WHERE k BETWEEN 5098628 AND 5098728
	Bitmap Heap Scan on sbtest6  (cost=5.43..389.70 rows=97 width=125)
	  Recheck Cond: ((k >= 5098628) AND (k <= 5098728))
	  ->  Bitmap Index Scan on k_6  (cost=0.00..5.40 rows=97 width=0)
	        Index Cond: ((k >= 5098628) AND (k <= 5098728))

table 7 : explain SELECT k, c FROM sbtest7 WHERE k BETWEEN 5098628 AND 5098728
	Bitmap Heap Scan on sbtest7  (cost=5.41..381.85 rows=95 width=125)
	  Recheck Cond: ((k >= 5098628) AND (k <= 5098728))
	  ->  Bitmap Index Scan on k_7  (cost=0.00..5.38 rows=95 width=0)
	        Index Cond: ((k >= 5098628) AND (k <= 5098728))

table 8 : explain SELECT k, c FROM sbtest8 WHERE k BETWEEN 5098628 AND 5098728
	Bitmap Heap Scan on sbtest8  (cost=5.40..377.90 rows=94 width=125)
	  Recheck Cond: ((k >= 5098628) AND (k <= 5098728))
	  ->  Bitmap Index Scan on k_8  (cost=0.00..5.38 rows=94 width=0)
	        Index Cond: ((k >= 5098628) AND (k <= 5098728))
for range-notcovered
table 1 : explain SELECT k, c FROM sbtest1 WHERE k BETWEEN 7296661 AND 7296761
	Bitmap Heap Scan on sbtest1  (cost=5.48..409.34 rows=102 width=125)
	  Recheck Cond: ((k >= 7296661) AND (k <= 7296761))
	  ->  Bitmap Index Scan on k_1  (cost=0.00..5.45 rows=102 width=0)
	        Index Cond: ((k >= 7296661) AND (k <= 7296761))

table 2 : explain SELECT k, c FROM sbtest2 WHERE k BETWEEN 7296661 AND 7296761
	Bitmap Heap Scan on sbtest2  (cost=5.49..413.32 rows=103 width=125)
	  Recheck Cond: ((k >= 7296661) AND (k <= 7296761))
	  ->  Bitmap Index Scan on k_2  (cost=0.00..5.46 rows=103 width=0)
	        Index Cond: ((k >= 7296661) AND (k <= 7296761))

table 3 : explain SELECT k, c FROM sbtest3 WHERE k BETWEEN 7296661 AND 7296761
	Bitmap Heap Scan on sbtest3  (cost=5.47..405.44 rows=101 width=125)
	  Recheck Cond: ((k >= 7296661) AND (k <= 7296761))
	  ->  Bitmap Index Scan on k_3  (cost=0.00..5.44 rows=101 width=0)
	        Index Cond: ((k >= 7296661) AND (k <= 7296761))

table 4 : explain SELECT k, c FROM sbtest4 WHERE k BETWEEN 7296661 AND 7296761
	Bitmap Heap Scan on sbtest4  (cost=5.51..421.25 rows=105 width=125)
	  Recheck Cond: ((k >= 7296661) AND (k <= 7296761))
	  ->  Bitmap Index Scan on k_4  (cost=0.00..5.48 rows=105 width=0)
	        Index Cond: ((k >= 7296661) AND (k <= 7296761))

table 5 : explain SELECT k, c FROM sbtest5 WHERE k BETWEEN 7296661 AND 7296761
	Bitmap Heap Scan on sbtest5  (cost=5.47..405.48 rows=101 width=125)
	  Recheck Cond: ((k >= 7296661) AND (k <= 7296761))
	  ->  Bitmap Index Scan on k_5  (cost=0.00..5.44 rows=101 width=0)
	        Index Cond: ((k >= 7296661) AND (k <= 7296761))

table 6 : explain SELECT k, c FROM sbtest6 WHERE k BETWEEN 7296661 AND 7296761
	Bitmap Heap Scan on sbtest6  (cost=5.35..358.13 rows=89 width=125)
	  Recheck Cond: ((k >= 7296661) AND (k <= 7296761))
	  ->  Bitmap Index Scan on k_6  (cost=0.00..5.32 rows=89 width=0)
	        Index Cond: ((k >= 7296661) AND (k <= 7296761))

table 7 : explain SELECT k, c FROM sbtest7 WHERE k BETWEEN 7296661 AND 7296761
	Bitmap Heap Scan on sbtest7  (cost=5.54..433.12 rows=108 width=125)
	  Recheck Cond: ((k >= 7296661) AND (k <= 7296761))
	  ->  Bitmap Index Scan on k_7  (cost=0.00..5.51 rows=108 width=0)
	        Index Cond: ((k >= 7296661) AND (k <= 7296761))

table 8 : explain SELECT k, c FROM sbtest8 WHERE k BETWEEN 7296661 AND 7296761
	Bitmap Heap Scan on sbtest8  (cost=5.54..433.11 rows=108 width=125)
	  Recheck Cond: ((k >= 7296661) AND (k <= 7296761))
	  ->  Bitmap Index Scan on k_8  (cost=0.00..5.51 rows=108 width=0)
	        Index Cond: ((k >= 7296661) AND (k <= 7296761))


explain: for range-notcovered :: explain SELECT k, c FROM sbtest%d WHERE k BETWEEN 8296793 AND 8296893
for range-notcovered
table 1 : explain SELECT k, c FROM sbtest1 WHERE k BETWEEN 5037553 AND 5037653
	Bitmap Heap Scan on sbtest1  (cost=5.52..425.11 rows=106 width=125)
	  Recheck Cond: ((k >= 5037553) AND (k <= 5037653))
	  ->  Bitmap Index Scan on k_1  (cost=0.00..5.50 rows=106 width=0)
	        Index Cond: ((k >= 5037553) AND (k <= 5037653))

table 2 : explain SELECT k, c FROM sbtest2 WHERE k BETWEEN 5037553 AND 5037653
	Bitmap Heap Scan on sbtest2  (cost=5.62..464.54 rows=116 width=125)
	  Recheck Cond: ((k >= 5037553) AND (k <= 5037653))
	  ->  Bitmap Index Scan on k_2  (cost=0.00..5.59 rows=116 width=0)
	        Index Cond: ((k >= 5037553) AND (k <= 5037653))

table 3 : explain SELECT k, c FROM sbtest3 WHERE k BETWEEN 5037553 AND 5037653
	Bitmap Heap Scan on sbtest3  (cost=5.51..421.21 rows=105 width=125)
	  Recheck Cond: ((k >= 5037553) AND (k <= 5037653))
	  ->  Bitmap Index Scan on k_3  (cost=0.00..5.48 rows=105 width=0)
	        Index Cond: ((k >= 5037553) AND (k <= 5037653))

table 4 : explain SELECT k, c FROM sbtest4 WHERE k BETWEEN 5037553 AND 5037653
	Bitmap Heap Scan on sbtest4  (cost=5.48..409.42 rows=102 width=125)
	  Recheck Cond: ((k >= 5037553) AND (k <= 5037653))
	  ->  Bitmap Index Scan on k_4  (cost=0.00..5.45 rows=102 width=0)
	        Index Cond: ((k >= 5037553) AND (k <= 5037653))

table 5 : explain SELECT k, c FROM sbtest5 WHERE k BETWEEN 5037553 AND 5037653
	Bitmap Heap Scan on sbtest5  (cost=5.55..437.02 rows=109 width=125)
	  Recheck Cond: ((k >= 5037553) AND (k <= 5037653))
	  ->  Bitmap Index Scan on k_5  (cost=0.00..5.52 rows=109 width=0)
	        Index Cond: ((k >= 5037553) AND (k <= 5037653))

table 6 : explain SELECT k, c FROM sbtest6 WHERE k BETWEEN 5037553 AND 5037653
	Bitmap Heap Scan on sbtest6  (cost=5.47..405.48 rows=101 width=125)
	  Recheck Cond: ((k >= 5037553) AND (k <= 5037653))
	  ->  Bitmap Index Scan on k_6  (cost=0.00..5.44 rows=101 width=0)
	        Index Cond: ((k >= 5037553) AND (k <= 5037653))

table 7 : explain SELECT k, c FROM sbtest7 WHERE k BETWEEN 5037553 AND 5037653
	Bitmap Heap Scan on sbtest7  (cost=5.41..381.85 rows=95 width=125)
	  Recheck Cond: ((k >= 5037553) AND (k <= 5037653))
	  ->  Bitmap Index Scan on k_7  (cost=0.00..5.38 rows=95 width=0)
	        Index Cond: ((k >= 5037553) AND (k <= 5037653))

table 8 : explain SELECT k, c FROM sbtest8 WHERE k BETWEEN 5037553 AND 5037653
	Bitmap Heap Scan on sbtest8  (cost=5.42..385.79 rows=96 width=125)
	  Recheck Cond: ((k >= 5037553) AND (k <= 5037653))
	  ->  Bitmap Index Scan on k_8  (cost=0.00..5.39 rows=96 width=0)
	        Index Cond: ((k >= 5037553) AND (k <= 5037653))

explain: for range-notcovered :: explain SELECT k, c FROM sbtest%d WHERE k BETWEEN 7296661 AND 7296761
for range-notcovered
table 1 : explain SELECT k, c FROM sbtest1 WHERE k BETWEEN 6091251 AND 6091351
	Bitmap Heap Scan on sbtest1  (cost=5.45..397.52 rows=99 width=125)
	  Recheck Cond: ((k >= 6091251) AND (k <= 6091351))
	  ->  Bitmap Index Scan on k_1  (cost=0.00..5.42 rows=99 width=0)
	        Index Cond: ((k >= 6091251) AND (k <= 6091351))

table 2 : explain SELECT k, c FROM sbtest2 WHERE k BETWEEN 6091251 AND 6091351
	Bitmap Heap Scan on sbtest2  (cost=5.48..409.38 rows=102 width=125)
	  Recheck Cond: ((k >= 6091251) AND (k <= 6091351))
	  ->  Bitmap Index Scan on k_2  (cost=0.00..5.45 rows=102 width=0)
	        Index Cond: ((k >= 6091251) AND (k <= 6091351))

table 3 : explain SELECT k, c FROM sbtest3 WHERE k BETWEEN 6091251 AND 6091351
	Bitmap Heap Scan on sbtest3  (cost=5.55..436.97 rows=109 width=125)
	  Recheck Cond: ((k >= 6091251) AND (k <= 6091351))
	  ->  Bitmap Index Scan on k_3  (cost=0.00..5.52 rows=109 width=0)
	        Index Cond: ((k >= 6091251) AND (k <= 6091351))

table 4 : explain SELECT k, c FROM sbtest4 WHERE k BETWEEN 6091251 AND 6091351
	Bitmap Heap Scan on sbtest4  (cost=5.49..413.36 rows=103 width=125)
	  Recheck Cond: ((k >= 6091251) AND (k <= 6091351))
	  ->  Bitmap Index Scan on k_4  (cost=0.00..5.46 rows=103 width=0)
	        Index Cond: ((k >= 6091251) AND (k <= 6091351))

table 5 : explain SELECT k, c FROM sbtest5 WHERE k BETWEEN 6091251 AND 6091351
	Bitmap Heap Scan on sbtest5  (cost=5.58..448.83 rows=112 width=125)
	  Recheck Cond: ((k >= 6091251) AND (k <= 6091351))
	  ->  Bitmap Index Scan on k_5  (cost=0.00..5.55 rows=112 width=0)
	        Index Cond: ((k >= 6091251) AND (k <= 6091351))

table 6 : explain SELECT k, c FROM sbtest6 WHERE k BETWEEN 6091251 AND 6091351
	Bitmap Heap Scan on sbtest6  (cost=5.43..389.70 rows=97 width=125)
	  Recheck Cond: ((k >= 6091251) AND (k <= 6091351))
	  ->  Bitmap Index Scan on k_6  (cost=0.00..5.40 rows=97 width=0)
	        Index Cond: ((k >= 6091251) AND (k <= 6091351))

table 7 : explain SELECT k, c FROM sbtest7 WHERE k BETWEEN 6091251 AND 6091351
	Bitmap Heap Scan on sbtest7  (cost=5.47..405.52 rows=101 width=125)
	  Recheck Cond: ((k >= 6091251) AND (k <= 6091351))
	  ->  Bitmap Index Scan on k_7  (cost=0.00..5.44 rows=101 width=0)
	        Index Cond: ((k >= 6091251) AND (k <= 6091351))

table 8 : explain SELECT k, c FROM sbtest8 WHERE k BETWEEN 6091251 AND 6091351
	Bitmap Heap Scan on sbtest8  (cost=5.44..393.68 rows=98 width=125)
	  Recheck Cond: ((k >= 6091251) AND (k <= 6091351))
	  ->  Bitmap Index Scan on k_8  (cost=0.00..5.42 rows=98 width=0)
	        Index Cond: ((k >= 6091251) AND (k <= 6091351))

explain: for range-notcovered :: explain SELECT k, c FROM sbtest%d WHERE k BETWEEN 5037553 AND 5037653
for range-notcovered
table 1 : explain SELECT k, c FROM sbtest1 WHERE k BETWEEN 4036988 AND 4037088
	Bitmap Heap Scan on sbtest1  (cost=5.56..440.87 rows=110 width=125)
	  Recheck Cond: ((k >= 4036988) AND (k <= 4037088))
	  ->  Bitmap Index Scan on k_1  (cost=0.00..5.53 rows=110 width=0)
	        Index Cond: ((k >= 4036988) AND (k <= 4037088))

table 2 : explain SELECT k, c FROM sbtest2 WHERE k BETWEEN 4036988 AND 4037088
	Bitmap Heap Scan on sbtest2  (cost=5.48..409.38 rows=102 width=125)
	  Recheck Cond: ((k >= 4036988) AND (k <= 4037088))
	  ->  Bitmap Index Scan on k_2  (cost=0.00..5.45 rows=102 width=0)
	        Index Cond: ((k >= 4036988) AND (k <= 4037088))

table 3 : explain SELECT k, c FROM sbtest3 WHERE k BETWEEN 4036988 AND 4037088
	Bitmap Heap Scan on sbtest3  (cost=5.51..421.21 rows=105 width=125)
	  Recheck Cond: ((k >= 4036988) AND (k <= 4037088))
	  ->  Bitmap Index Scan on k_3  (cost=0.00..5.48 rows=105 width=0)
	        Index Cond: ((k >= 4036988) AND (k <= 4037088))

table 4 : explain SELECT k, c FROM sbtest4 WHERE k BETWEEN 4036988 AND 4037088
	Bitmap Heap Scan on sbtest4  (cost=5.47..405.48 rows=101 width=125)
	  Recheck Cond: ((k >= 4036988) AND (k <= 4037088))
	  ->  Bitmap Index Scan on k_4  (cost=0.00..5.44 rows=101 width=0)
	        Index Cond: ((k >= 4036988) AND (k <= 4037088))

table 5 : explain SELECT k, c FROM sbtest5 WHERE k BETWEEN 4036988 AND 4037088
	Bitmap Heap Scan on sbtest5  (cost=5.60..456.71 rows=114 width=125)
	  Recheck Cond: ((k >= 4036988) AND (k <= 4037088))
	  ->  Bitmap Index Scan on k_5  (cost=0.00..5.58 rows=114 width=0)
	        Index Cond: ((k >= 4036988) AND (k <= 4037088))

table 6 : explain SELECT k, c FROM sbtest6 WHERE k BETWEEN 4036988 AND 4037088
	Bitmap Heap Scan on sbtest6  (cost=5.44..393.65 rows=98 width=125)
	  Recheck Cond: ((k >= 4036988) AND (k <= 4037088))
	  ->  Bitmap Index Scan on k_6  (cost=0.00..5.42 rows=98 width=0)
	        Index Cond: ((k >= 4036988) AND (k <= 4037088))

table 7 : explain SELECT k, c FROM sbtest7 WHERE k BETWEEN 4036988 AND 4037088
	Bitmap Heap Scan on sbtest7  (cost=5.46..401.57 rows=100 width=125)
	  Recheck Cond: ((k >= 4036988) AND (k <= 4037088))
	  ->  Bitmap Index Scan on k_7  (cost=0.00..5.43 rows=100 width=0)
	        Index Cond: ((k >= 4036988) AND (k <= 4037088))

table 8 : explain SELECT k, c FROM sbtest8 WHERE k BETWEEN 4036988 AND 4037088
	Bitmap Heap Scan on sbtest8  (cost=5.52..425.23 rows=106 width=125)
	  Recheck Cond: ((k >= 4036988) AND (k <= 4037088))
	  ->  Bitmap Index Scan on k_8  (cost=0.00..5.50 rows=106 width=0)
	        Index Cond: ((k >= 4036988) AND (k <= 4037088))

explain: for range-notcovered :: explain SELECT k, c FROM sbtest%d WHERE k BETWEEN 4036988 AND 4037088
for range-notcovered
table 1 : explain SELECT k, c FROM sbtest1 WHERE k BETWEEN 3925795 AND 3925895
	Bitmap Heap Scan on sbtest1  (cost=5.36..362.01 rows=90 width=125)
	  Recheck Cond: ((k >= 3925795) AND (k <= 3925895))
	  ->  Bitmap Index Scan on k_1  (cost=0.00..5.33 rows=90 width=0)
	        Index Cond: ((k >= 3925795) AND (k <= 3925895))

table 2 : explain SELECT k, c FROM sbtest2 WHERE k BETWEEN 3925795 AND 3925895
	Bitmap Heap Scan on sbtest2  (cost=5.46..401.50 rows=100 width=125)
	  Recheck Cond: ((k >= 3925795) AND (k <= 3925895))
	  ->  Bitmap Index Scan on k_2  (cost=0.00..5.43 rows=100 width=0)
	        Index Cond: ((k >= 3925795) AND (k <= 3925895))

table 3 : explain SELECT k, c FROM sbtest3 WHERE k BETWEEN 3925795 AND 3925895
	Bitmap Heap Scan on sbtest3  (cost=5.47..405.44 rows=101 width=125)
	  Recheck Cond: ((k >= 3925795) AND (k <= 3925895))
	  ->  Bitmap Index Scan on k_3  (cost=0.00..5.44 rows=101 width=0)
	        Index Cond: ((k >= 3925795) AND (k <= 3925895))

table 4 : explain SELECT k, c FROM sbtest4 WHERE k BETWEEN 3925795 AND 3925895
	Bitmap Heap Scan on sbtest4  (cost=5.37..366.02 rows=91 width=125)
	  Recheck Cond: ((k >= 3925795) AND (k <= 3925895))
	  ->  Bitmap Index Scan on k_4  (cost=0.00..5.34 rows=91 width=0)
	        Index Cond: ((k >= 3925795) AND (k <= 3925895))

table 5 : explain SELECT k, c FROM sbtest5 WHERE k BETWEEN 3925795 AND 3925895
	Bitmap Heap Scan on sbtest5  (cost=5.54..433.08 rows=108 width=125)
	  Recheck Cond: ((k >= 3925795) AND (k <= 3925895))
	  ->  Bitmap Index Scan on k_5  (cost=0.00..5.51 rows=108 width=0)
	        Index Cond: ((k >= 3925795) AND (k <= 3925895))

table 6 : explain SELECT k, c FROM sbtest6 WHERE k BETWEEN 3925795 AND 3925895
	Bitmap Heap Scan on sbtest6  (cost=5.50..417.31 rows=104 width=125)
	  Recheck Cond: ((k >= 3925795) AND (k <= 3925895))
	  ->  Bitmap Index Scan on k_6  (cost=0.00..5.47 rows=104 width=0)
	        Index Cond: ((k >= 3925795) AND (k <= 3925895))

table 7 : explain SELECT k, c FROM sbtest7 WHERE k BETWEEN 3925795 AND 3925895
	Bitmap Heap Scan on sbtest7  (cost=5.53..429.18 rows=107 width=125)
	  Recheck Cond: ((k >= 3925795) AND (k <= 3925895))
	  ->  Bitmap Index Scan on k_7  (cost=0.00..5.50 rows=107 width=0)
	        Index Cond: ((k >= 3925795) AND (k <= 3925895))

table 8 : explain SELECT k, c FROM sbtest8 WHERE k BETWEEN 3925795 AND 3925895
	Bitmap Heap Scan on sbtest8  (cost=5.56..441.00 rows=110 width=125)
	  Recheck Cond: ((k >= 3925795) AND (k <= 3925895))
	  ->  Bitmap Index Scan on k_8  (cost=0.00..5.53 rows=110 width=0)
	        Index Cond: ((k >= 3925795) AND (k <= 3925895))

for range-notcovered
table 1 : explain SELECT k, c FROM sbtest1 WHERE k BETWEEN 420332 AND 420432
	Bitmap Heap Scan on sbtest1  (cost=5.57..444.80 rows=111 width=125)
	  Recheck Cond: ((k >= 420332) AND (k <= 420432))
	  ->  Bitmap Index Scan on k_1  (cost=0.00..5.54 rows=111 width=0)
	        Index Cond: ((k >= 420332) AND (k <= 420432))

table 2 : explain SELECT k, c FROM sbtest2 WHERE k BETWEEN 420332 AND 420432
	Bitmap Heap Scan on sbtest2  (cost=5.44..393.61 rows=98 width=125)
	  Recheck Cond: ((k >= 420332) AND (k <= 420432))
	  ->  Bitmap Index Scan on k_2  (cost=0.00..5.42 rows=98 width=0)
	        Index Cond: ((k >= 420332) AND (k <= 420432))

table 3 : explain SELECT k, c FROM sbtest3 WHERE k BETWEEN 420332 AND 420432
	Bitmap Heap Scan on sbtest3  (cost=5.61..460.60 rows=115 width=125)
	  Recheck Cond: ((k >= 420332) AND (k <= 420432))
	  ->  Bitmap Index Scan on k_3  (cost=0.00..5.58 rows=115 width=0)
	        Index Cond: ((k >= 420332) AND (k <= 420432))

table 4 : explain SELECT k, c FROM sbtest4 WHERE k BETWEEN 420332 AND 420432
	Bitmap Heap Scan on sbtest4  (cost=5.47..405.48 rows=101 width=125)
	  Recheck Cond: ((k >= 420332) AND (k <= 420432))
	  ->  Bitmap Index Scan on k_4  (cost=0.00..5.44 rows=101 width=0)
	        Index Cond: ((k >= 420332) AND (k <= 420432))

table 5 : explain SELECT k, c FROM sbtest5 WHERE k BETWEEN 420332 AND 420432
	Bitmap Heap Scan on sbtest5  (cost=5.49..413.37 rows=103 width=125)
	  Recheck Cond: ((k >= 420332) AND (k <= 420432))
	  ->  Bitmap Index Scan on k_5  (cost=0.00..5.46 rows=103 width=0)
	        Index Cond: ((k >= 420332) AND (k <= 420432))

table 6 : explain SELECT k, c FROM sbtest6 WHERE k BETWEEN 420332 AND 420432
	Bitmap Heap Scan on sbtest6  (cost=5.47..405.48 rows=101 width=125)
	  Recheck Cond: ((k >= 420332) AND (k <= 420432))
	  ->  Bitmap Index Scan on k_6  (cost=0.00..5.44 rows=101 width=0)
	        Index Cond: ((k >= 420332) AND (k <= 420432))

table 7 : explain SELECT k, c FROM sbtest7 WHERE k BETWEEN 420332 AND 420432
	Bitmap Heap Scan on sbtest7  (cost=5.47..405.52 rows=101 width=125)
	  Recheck Cond: ((k >= 420332) AND (k <= 420432))
	  ->  Bitmap Index Scan on k_7  (cost=0.00..5.44 rows=101 width=0)
	        Index Cond: ((k >= 420332) AND (k <= 420432))

table 8 : explain SELECT k, c FROM sbtest8 WHERE k BETWEEN 420332 AND 420432
	Bitmap Heap Scan on sbtest8  (cost=5.51..421.29 rows=105 width=125)
	  Recheck Cond: ((k >= 420332) AND (k <= 420432))
	  ->  Bitmap Index Scan on k_8  (cost=0.00..5.48 rows=105 width=0)
	        Index Cond: ((k >= 420332) AND (k <= 420432))

explain: for range-notcovered :: explain SELECT k, c FROM sbtest%d WHERE k BETWEEN 420332 AND 420432
for range-notcovered
table 1 : explain SELECT k, c FROM sbtest1 WHERE k BETWEEN 5860106 AND 5860206
	Bitmap Heap Scan on sbtest1  (cost=5.43..389.63 rows=97 width=125)
	  Recheck Cond: ((k >= 5860106) AND (k <= 5860206))
	  ->  Bitmap Index Scan on k_1  (cost=0.00..5.40 rows=97 width=0)
	        Index Cond: ((k >= 5860106) AND (k <= 5860206))

table 2 : explain SELECT k, c FROM sbtest2 WHERE k BETWEEN 5860106 AND 5860206
	Bitmap Heap Scan on sbtest2  (cost=5.47..405.44 rows=101 width=125)
	  Recheck Cond: ((k >= 5860106) AND (k <= 5860206))
	  ->  Bitmap Index Scan on k_2  (cost=0.00..5.44 rows=101 width=0)
	        Index Cond: ((k >= 5860106) AND (k <= 5860206))

table 3 : explain SELECT k, c FROM sbtest3 WHERE k BETWEEN 5860106 AND 5860206
	Bitmap Heap Scan on sbtest3  (cost=5.51..421.21 rows=105 width=125)
	  Recheck Cond: ((k >= 5860106) AND (k <= 5860206))
	  ->  Bitmap Index Scan on k_3  (cost=0.00..5.48 rows=105 width=0)
	        Index Cond: ((k >= 5860106) AND (k <= 5860206))

table 4 : explain SELECT k, c FROM sbtest4 WHERE k BETWEEN 5860106 AND 5860206
	Bitmap Heap Scan on sbtest4  (cost=5.52..425.19 rows=106 width=125)
	  Recheck Cond: ((k >= 5860106) AND (k <= 5860206))
	  ->  Bitmap Index Scan on k_4  (cost=0.00..5.50 rows=106 width=0)
	        Index Cond: ((k >= 5860106) AND (k <= 5860206))

table 5 : explain SELECT k, c FROM sbtest5 WHERE k BETWEEN 5860106 AND 5860206
	Bitmap Heap Scan on sbtest5  (cost=5.40..377.87 rows=94 width=125)
	  Recheck Cond: ((k >= 5860106) AND (k <= 5860206))
	  ->  Bitmap Index Scan on k_5  (cost=0.00..5.38 rows=94 width=0)
	        Index Cond: ((k >= 5860106) AND (k <= 5860206))

table 6 : explain SELECT k, c FROM sbtest6 WHERE k BETWEEN 5860106 AND 5860206
	Bitmap Heap Scan on sbtest6  (cost=5.41..381.81 rows=95 width=125)
	  Recheck Cond: ((k >= 5860106) AND (k <= 5860206))
	  ->  Bitmap Index Scan on k_6  (cost=0.00..5.38 rows=95 width=0)
	        Index Cond: ((k >= 5860106) AND (k <= 5860206))

table 7 : explain SELECT k, c FROM sbtest7 WHERE k BETWEEN 5860106 AND 5860206
	Bitmap Heap Scan on sbtest7  (cost=5.57..444.94 rows=111 width=125)
	  Recheck Cond: ((k >= 5860106) AND (k <= 5860206))
	  ->  Bitmap Index Scan on k_7  (cost=0.00..5.54 rows=111 width=0)
	        Index Cond: ((k >= 5860106) AND (k <= 5860206))

table 8 : explain SELECT k, c FROM sbtest8 WHERE k BETWEEN 5860106 AND 5860206
	Bitmap Heap Scan on sbtest8  (cost=5.42..385.79 rows=96 width=125)
	  Recheck Cond: ((k >= 5860106) AND (k <= 5860206))
	  ->  Bitmap Index Scan on k_8  (cost=0.00..5.39 rows=96 width=0)
	        Index Cond: ((k >= 5860106) AND (k <= 5860206))

for range-notcovered
table 1 : explain SELECT k, c FROM sbtest1 WHERE k BETWEEN 6408735 AND 6408835
	Bitmap Heap Scan on sbtest1  (cost=5.50..417.23 rows=104 width=125)
	  Recheck Cond: ((k >= 6408735) AND (k <= 6408835))
	  ->  Bitmap Index Scan on k_1  (cost=0.00..5.47 rows=104 width=0)
	        Index Cond: ((k >= 6408735) AND (k <= 6408835))

table 2 : explain SELECT k, c FROM sbtest2 WHERE k BETWEEN 6408735 AND 6408835
	Bitmap Heap Scan on sbtest2  (cost=5.42..385.72 rows=96 width=125)
	  Recheck Cond: ((k >= 6408735) AND (k <= 6408835))
	  ->  Bitmap Index Scan on k_2  (cost=0.00..5.39 rows=96 width=0)
	        Index Cond: ((k >= 6408735) AND (k <= 6408835))

table 3 : explain SELECT k, c FROM sbtest3 WHERE k BETWEEN 6408735 AND 6408835
	Bitmap Heap Scan on sbtest3  (cost=5.49..413.33 rows=103 width=125)
	  Recheck Cond: ((k >= 6408735) AND (k <= 6408835))
	  ->  Bitmap Index Scan on k_3  (cost=0.00..5.46 rows=103 width=0)
	        Index Cond: ((k >= 6408735) AND (k <= 6408835))

table 4 : explain SELECT k, c FROM sbtest4 WHERE k BETWEEN 6408735 AND 6408835
	Bitmap Heap Scan on sbtest4  (cost=5.47..405.48 rows=101 width=125)
	  Recheck Cond: ((k >= 6408735) AND (k <= 6408835))
	  ->  Bitmap Index Scan on k_4  (cost=0.00..5.44 rows=101 width=0)
	        Index Cond: ((k >= 6408735) AND (k <= 6408835))

table 5 : explain SELECT k, c FROM sbtest5 WHERE k BETWEEN 6408735 AND 6408835
	Bitmap Heap Scan on sbtest5  (cost=5.46..401.54 rows=100 width=125)
	  Recheck Cond: ((k >= 6408735) AND (k <= 6408835))
	  ->  Bitmap Index Scan on k_5  (cost=0.00..5.43 rows=100 width=0)
	        Index Cond: ((k >= 6408735) AND (k <= 6408835))

table 6 : explain SELECT k, c FROM sbtest6 WHERE k BETWEEN 6408735 AND 6408835
	Bitmap Heap Scan on sbtest6  (cost=5.51..421.25 rows=105 width=125)
	  Recheck Cond: ((k >= 6408735) AND (k <= 6408835))
	  ->  Bitmap Index Scan on k_6  (cost=0.00..5.48 rows=105 width=0)
	        Index Cond: ((k >= 6408735) AND (k <= 6408835))

table 7 : explain SELECT k, c FROM sbtest7 WHERE k BETWEEN 6408735 AND 6408835
	Bitmap Heap Scan on sbtest7  (cost=5.37..366.06 rows=91 width=125)
	  Recheck Cond: ((k >= 6408735) AND (k <= 6408835))
	  ->  Bitmap Index Scan on k_7  (cost=0.00..5.34 rows=91 width=0)
	        Index Cond: ((k >= 6408735) AND (k <= 6408835))

table 8 : explain SELECT k, c FROM sbtest8 WHERE k BETWEEN 6408735 AND 6408835
	Bitmap Heap Scan on sbtest8  (cost=5.38..370.00 rows=92 width=125)
	  Recheck Cond: ((k >= 6408735) AND (k <= 6408835))
	  ->  Bitmap Index Scan on k_8  (cost=0.00..5.35 rows=92 width=0)
	        Index Cond: ((k >= 6408735) AND (k <= 6408835))

for range-notcovered
table 1 : explain SELECT k, c FROM sbtest1 WHERE k BETWEEN 4249789 AND 4249889
	Bitmap Heap Scan on sbtest1  (cost=5.49..413.29 rows=103 width=125)
	  Recheck Cond: ((k >= 4249789) AND (k <= 4249889))
	  ->  Bitmap Index Scan on k_1  (cost=0.00..5.46 rows=103 width=0)
	        Index Cond: ((k >= 4249789) AND (k <= 4249889))

table 2 : explain SELECT k, c FROM sbtest2 WHERE k BETWEEN 4249789 AND 4249889
	Bitmap Heap Scan on sbtest2  (cost=5.55..436.97 rows=109 width=125)
	  Recheck Cond: ((k >= 4249789) AND (k <= 4249889))
	  ->  Bitmap Index Scan on k_2  (cost=0.00..5.52 rows=109 width=0)
	        Index Cond: ((k >= 4249789) AND (k <= 4249889))

table 3 : explain SELECT k, c FROM sbtest3 WHERE k BETWEEN 4249789 AND 4249889
	Bitmap Heap Scan on sbtest3  (cost=5.47..405.44 rows=101 width=125)
	  Recheck Cond: ((k >= 4249789) AND (k <= 4249889))
	  ->  Bitmap Index Scan on k_3  (cost=0.00..5.44 rows=101 width=0)
	        Index Cond: ((k >= 4249789) AND (k <= 4249889))

table 4 : explain SELECT k, c FROM sbtest4 WHERE k BETWEEN 4249789 AND 4249889
	Bitmap Heap Scan on sbtest4  (cost=5.43..389.70 rows=97 width=125)
	  Recheck Cond: ((k >= 4249789) AND (k <= 4249889))
	  ->  Bitmap Index Scan on k_4  (cost=0.00..5.40 rows=97 width=0)
	        Index Cond: ((k >= 4249789) AND (k <= 4249889))

table 5 : explain SELECT k, c FROM sbtest5 WHERE k BETWEEN 4249789 AND 4249889
	Bitmap Heap Scan on sbtest5  (cost=5.41..381.81 rows=95 width=125)
	  Recheck Cond: ((k >= 4249789) AND (k <= 4249889))
	  ->  Bitmap Index Scan on k_5  (cost=0.00..5.38 rows=95 width=0)
	        Index Cond: ((k >= 4249789) AND (k <= 4249889))

table 6 : explain SELECT k, c FROM sbtest6 WHERE k BETWEEN 4249789 AND 4249889
	Bitmap Heap Scan on sbtest6  (cost=5.48..409.42 rows=102 width=125)
	  Recheck Cond: ((k >= 4249789) AND (k <= 4249889))
	  ->  Bitmap Index Scan on k_6  (cost=0.00..5.45 rows=102 width=0)
	        Index Cond: ((k >= 4249789) AND (k <= 4249889))

table 7 : explain SELECT k, c FROM sbtest7 WHERE k BETWEEN 4249789 AND 4249889
	Bitmap Heap Scan on sbtest7  (cost=5.45..397.63 rows=99 width=125)
	  Recheck Cond: ((k >= 4249789) AND (k <= 4249889))
	  ->  Bitmap Index Scan on k_7  (cost=0.00..5.42 rows=99 width=0)
	        Index Cond: ((k >= 4249789) AND (k <= 4249889))

table 8 : explain SELECT k, c FROM sbtest8 WHERE k BETWEEN 4249789 AND 4249889
	Bitmap Heap Scan on sbtest8  (cost=5.51..421.29 rows=105 width=125)
	  Recheck Cond: ((k >= 4249789) AND (k <= 4249889))
	  ->  Bitmap Index Scan on k_8  (cost=0.00..5.48 rows=105 width=0)
	        Index Cond: ((k >= 4249789) AND (k <= 4249889))

for range-notcovered
table 1 : explain SELECT k, c FROM sbtest1 WHERE k BETWEEN 7279562 AND 7279662
	Bitmap Heap Scan on sbtest1  (cost=5.48..409.34 rows=102 width=125)
	  Recheck Cond: ((k >= 7279562) AND (k <= 7279662))
	  ->  Bitmap Index Scan on k_1  (cost=0.00..5.45 rows=102 width=0)
	        Index Cond: ((k >= 7279562) AND (k <= 7279662))

table 2 : explain SELECT k, c FROM sbtest2 WHERE k BETWEEN 7279562 AND 7279662
	Bitmap Heap Scan on sbtest2  (cost=5.49..413.32 rows=103 width=125)
	  Recheck Cond: ((k >= 7279562) AND (k <= 7279662))
	  ->  Bitmap Index Scan on k_2  (cost=0.00..5.46 rows=103 width=0)
	        Index Cond: ((k >= 7279562) AND (k <= 7279662))

table 3 : explain SELECT k, c FROM sbtest3 WHERE k BETWEEN 7279562 AND 7279662
	Bitmap Heap Scan on sbtest3  (cost=5.47..405.44 rows=101 width=125)
	  Recheck Cond: ((k >= 7279562) AND (k <= 7279662))
	  ->  Bitmap Index Scan on k_3  (cost=0.00..5.44 rows=101 width=0)
	        Index Cond: ((k >= 7279562) AND (k <= 7279662))

table 4 : explain SELECT k, c FROM sbtest4 WHERE k BETWEEN 7279562 AND 7279662
	Bitmap Heap Scan on sbtest4  (cost=5.51..421.25 rows=105 width=125)
	  Recheck Cond: ((k >= 7279562) AND (k <= 7279662))
	  ->  Bitmap Index Scan on k_4  (cost=0.00..5.48 rows=105 width=0)
	        Index Cond: ((k >= 7279562) AND (k <= 7279662))

table 5 : explain SELECT k, c FROM sbtest5 WHERE k BETWEEN 7279562 AND 7279662
	Bitmap Heap Scan on sbtest5  (cost=5.47..405.48 rows=101 width=125)
	  Recheck Cond: ((k >= 7279562) AND (k <= 7279662))
	  ->  Bitmap Index Scan on k_5  (cost=0.00..5.44 rows=101 width=0)
	        Index Cond: ((k >= 7279562) AND (k <= 7279662))

table 6 : explain SELECT k, c FROM sbtest6 WHERE k BETWEEN 7279562 AND 7279662
	Bitmap Heap Scan on sbtest6  (cost=5.35..358.13 rows=89 width=125)
	  Recheck Cond: ((k >= 7279562) AND (k <= 7279662))
	  ->  Bitmap Index Scan on k_6  (cost=0.00..5.32 rows=89 width=0)
	        Index Cond: ((k >= 7279562) AND (k <= 7279662))

table 7 : explain SELECT k, c FROM sbtest7 WHERE k BETWEEN 7279562 AND 7279662
	Bitmap Heap Scan on sbtest7  (cost=5.54..433.12 rows=108 width=125)
	  Recheck Cond: ((k >= 7279562) AND (k <= 7279662))
	  ->  Bitmap Index Scan on k_7  (cost=0.00..5.51 rows=108 width=0)
	        Index Cond: ((k >= 7279562) AND (k <= 7279662))

table 8 : explain SELECT k, c FROM sbtest8 WHERE k BETWEEN 7279562 AND 7279662
	Bitmap Heap Scan on sbtest8  (cost=5.54..433.11 rows=108 width=125)
	  Recheck Cond: ((k >= 7279562) AND (k <= 7279662))
	  ->  Bitmap Index Scan on k_8  (cost=0.00..5.51 rows=108 width=0)
	        Index Cond: ((k >= 7279562) AND (k <= 7279662))

for range-notcovered
table 1 : explain SELECT k, c FROM sbtest1 WHERE k BETWEEN 3944438 AND 3944538
	Bitmap Heap Scan on sbtest1  (cost=5.54..432.99 rows=108 width=125)
	  Recheck Cond: ((k >= 3944438) AND (k <= 3944538))
	  ->  Bitmap Index Scan on k_1  (cost=0.00..5.51 rows=108 width=0)
	        Index Cond: ((k >= 3944438) AND (k <= 3944538))

table 2 : explain SELECT k, c FROM sbtest2 WHERE k BETWEEN 3944438 AND 3944538
	Bitmap Heap Scan on sbtest2  (cost=5.46..401.50 rows=100 width=125)
	  Recheck Cond: ((k >= 3944438) AND (k <= 3944538))
	  ->  Bitmap Index Scan on k_2  (cost=0.00..5.43 rows=100 width=0)
	        Index Cond: ((k >= 3944438) AND (k <= 3944538))

table 3 : explain SELECT k, c FROM sbtest3 WHERE k BETWEEN 3944438 AND 3944538
	Bitmap Heap Scan on sbtest3  (cost=5.47..405.44 rows=101 width=125)
	  Recheck Cond: ((k >= 3944438) AND (k <= 3944538))
	  ->  Bitmap Index Scan on k_3  (cost=0.00..5.44 rows=101 width=0)
	        Index Cond: ((k >= 3944438) AND (k <= 3944538))

table 4 : explain SELECT k, c FROM sbtest4 WHERE k BETWEEN 3944438 AND 3944538
	Bitmap Heap Scan on sbtest4  (cost=5.60..456.71 rows=114 width=125)
	  Recheck Cond: ((k >= 3944438) AND (k <= 3944538))
	  ->  Bitmap Index Scan on k_4  (cost=0.00..5.58 rows=114 width=0)
	        Index Cond: ((k >= 3944438) AND (k <= 3944538))

table 5 : explain SELECT k, c FROM sbtest5 WHERE k BETWEEN 3944438 AND 3944538
	Bitmap Heap Scan on sbtest5  (cost=5.54..433.08 rows=108 width=125)
	  Recheck Cond: ((k >= 3944438) AND (k <= 3944538))
	  ->  Bitmap Index Scan on k_5  (cost=0.00..5.51 rows=108 width=0)
	        Index Cond: ((k >= 3944438) AND (k <= 3944538))

table 6 : explain SELECT k, c FROM sbtest6 WHERE k BETWEEN 3944438 AND 3944538
	Bitmap Heap Scan on sbtest6  (cost=5.50..417.31 rows=104 width=125)
	  Recheck Cond: ((k >= 3944438) AND (k <= 3944538))
	  ->  Bitmap Index Scan on k_6  (cost=0.00..5.47 rows=104 width=0)
	        Index Cond: ((k >= 3944438) AND (k <= 3944538))

table 7 : explain SELECT k, c FROM sbtest7 WHERE k BETWEEN 3944438 AND 3944538
	Bitmap Heap Scan on sbtest7  (cost=5.44..393.68 rows=98 width=125)
	  Recheck Cond: ((k >= 3944438) AND (k <= 3944538))
	  ->  Bitmap Index Scan on k_7  (cost=0.00..5.42 rows=98 width=0)
	        Index Cond: ((k >= 3944438) AND (k <= 3944538))

table 8 : explain SELECT k, c FROM sbtest8 WHERE k BETWEEN 3944438 AND 3944538
	Bitmap Heap Scan on sbtest8  (cost=5.56..441.00 rows=110 width=125)
	  Recheck Cond: ((k >= 3944438) AND (k <= 3944538))
	  ->  Bitmap Index Scan on k_8  (cost=0.00..5.53 rows=110 width=0)
	        Index Cond: ((k >= 3944438) AND (k <= 3944538))

for range-notcovered
table 1 : explain SELECT k, c FROM sbtest1 WHERE k BETWEEN 7804666 AND 7804766
	Bitmap Heap Scan on sbtest1  (cost=5.42..385.68 rows=96 width=125)
	  Recheck Cond: ((k >= 7804666) AND (k <= 7804766))
	  ->  Bitmap Index Scan on k_1  (cost=0.00..5.39 rows=96 width=0)
	        Index Cond: ((k >= 7804666) AND (k <= 7804766))

table 2 : explain SELECT k, c FROM sbtest2 WHERE k BETWEEN 7804666 AND 7804766
	Bitmap Heap Scan on sbtest2  (cost=5.48..409.38 rows=102 width=125)
	  Recheck Cond: ((k >= 7804666) AND (k <= 7804766))
	  ->  Bitmap Index Scan on k_2  (cost=0.00..5.45 rows=102 width=0)
	        Index Cond: ((k >= 7804666) AND (k <= 7804766))

table 3 : explain SELECT k, c FROM sbtest3 WHERE k BETWEEN 7804666 AND 7804766
	Bitmap Heap Scan on sbtest3  (cost=5.48..409.39 rows=102 width=125)
	  Recheck Cond: ((k >= 7804666) AND (k <= 7804766))
	  ->  Bitmap Index Scan on k_3  (cost=0.00..5.45 rows=102 width=0)
	        Index Cond: ((k >= 7804666) AND (k <= 7804766))

table 4 : explain SELECT k, c FROM sbtest4 WHERE k BETWEEN 7804666 AND 7804766
	Bitmap Heap Scan on sbtest4  (cost=5.45..397.59 rows=99 width=125)
	  Recheck Cond: ((k >= 7804666) AND (k <= 7804766))
	  ->  Bitmap Index Scan on k_4  (cost=0.00..5.42 rows=99 width=0)
	        Index Cond: ((k >= 7804666) AND (k <= 7804766))

table 5 : explain SELECT k, c FROM sbtest5 WHERE k BETWEEN 7804666 AND 7804766
	Bitmap Heap Scan on sbtest5  (cost=5.52..425.19 rows=106 width=125)
	  Recheck Cond: ((k >= 7804666) AND (k <= 7804766))
	  ->  Bitmap Index Scan on k_5  (cost=0.00..5.50 rows=106 width=0)
	        Index Cond: ((k >= 7804666) AND (k <= 7804766))

table 6 : explain SELECT k, c FROM sbtest6 WHERE k BETWEEN 7804666 AND 7804766
	Bitmap Heap Scan on sbtest6  (cost=5.51..421.25 rows=105 width=125)
	  Recheck Cond: ((k >= 7804666) AND (k <= 7804766))
	  ->  Bitmap Index Scan on k_6  (cost=0.00..5.48 rows=105 width=0)
	        Index Cond: ((k >= 7804666) AND (k <= 7804766))

table 7 : explain SELECT k, c FROM sbtest7 WHERE k BETWEEN 7804666 AND 7804766
	Bitmap Heap Scan on sbtest7  (cost=5.48..409.46 rows=102 width=125)
	  Recheck Cond: ((k >= 7804666) AND (k <= 7804766))
	  ->  Bitmap Index Scan on k_7  (cost=0.00..5.45 rows=102 width=0)
	        Index Cond: ((k >= 7804666) AND (k <= 7804766))

table 8 : explain SELECT k, c FROM sbtest8 WHERE k BETWEEN 7804666 AND 7804766
	Bitmap Heap Scan on sbtest8  (cost=5.55..437.05 rows=109 width=125)
	  Recheck Cond: ((k >= 7804666) AND (k <= 7804766))
	  ->  Bitmap Index Scan on k_8  (cost=0.00..5.52 rows=109 width=0)
	        Index Cond: ((k >= 7804666) AND (k <= 7804766))

explain: for range-notcovered :: explain SELECT k, c FROM sbtest%d WHERE k BETWEEN 6408735 AND 6408835
for range-notcovered
table 1 : explain SELECT k, c FROM sbtest1 WHERE k BETWEEN 3394656 AND 3394756
	Bitmap Heap Scan on sbtest1  (cost=5.49..413.29 rows=103 width=125)
	  Recheck Cond: ((k >= 3394656) AND (k <= 3394756))
	  ->  Bitmap Index Scan on k_1  (cost=0.00..5.46 rows=103 width=0)
	        Index Cond: ((k >= 3394656) AND (k <= 3394756))

table 2 : explain SELECT k, c FROM sbtest2 WHERE k BETWEEN 3394656 AND 3394756
	Bitmap Heap Scan on sbtest2  (cost=5.53..429.09 rows=107 width=125)
	  Recheck Cond: ((k >= 3394656) AND (k <= 3394756))
	  ->  Bitmap Index Scan on k_2  (cost=0.00..5.50 rows=107 width=0)
	        Index Cond: ((k >= 3394656) AND (k <= 3394756))

table 3 : explain SELECT k, c FROM sbtest3 WHERE k BETWEEN 3394656 AND 3394756
	Bitmap Heap Scan on sbtest3  (cost=5.48..409.39 rows=102 width=125)
	  Recheck Cond: ((k >= 3394656) AND (k <= 3394756))
	  ->  Bitmap Index Scan on k_3  (cost=0.00..5.45 rows=102 width=0)
	        Index Cond: ((k >= 3394656) AND (k <= 3394756))

table 4 : explain SELECT k, c FROM sbtest4 WHERE k BETWEEN 3394656 AND 3394756
	Bitmap Heap Scan on sbtest4  (cost=5.42..385.75 rows=96 width=125)
	  Recheck Cond: ((k >= 3394656) AND (k <= 3394756))
	  ->  Bitmap Index Scan on k_4  (cost=0.00..5.39 rows=96 width=0)
	        Index Cond: ((k >= 3394656) AND (k <= 3394756))

table 5 : explain SELECT k, c FROM sbtest5 WHERE k BETWEEN 3394656 AND 3394756
	Bitmap Heap Scan on sbtest5  (cost=5.56..440.96 rows=110 width=125)
	  Recheck Cond: ((k >= 3394656) AND (k <= 3394756))
	  ->  Bitmap Index Scan on k_5  (cost=0.00..5.53 rows=110 width=0)
	        Index Cond: ((k >= 3394656) AND (k <= 3394756))

table 6 : explain SELECT k, c FROM sbtest6 WHERE k BETWEEN 3394656 AND 3394756
	Bitmap Heap Scan on sbtest6  (cost=5.41..381.81 rows=95 width=125)
	  Recheck Cond: ((k >= 3394656) AND (k <= 3394756))
	  ->  Bitmap Index Scan on k_6  (cost=0.00..5.38 rows=95 width=0)
	        Index Cond: ((k >= 3394656) AND (k <= 3394756))

table 7 : explain SELECT k, c FROM sbtest7 WHERE k BETWEEN 3394656 AND 3394756
	Bitmap Heap Scan on sbtest7  (cost=5.38..370.01 rows=92 width=125)
	  Recheck Cond: ((k >= 3394656) AND (k <= 3394756))
	  ->  Bitmap Index Scan on k_7  (cost=0.00..5.35 rows=92 width=0)
	        Index Cond: ((k >= 3394656) AND (k <= 3394756))

table 8 : explain SELECT k, c FROM sbtest8 WHERE k BETWEEN 3394656 AND 3394756
	Bitmap Heap Scan on sbtest8  (cost=5.49..413.40 rows=103 width=125)
	  Recheck Cond: ((k >= 3394656) AND (k <= 3394756))
	  ->  Bitmap Index Scan on k_8  (cost=0.00..5.46 rows=103 width=0)
	        Index Cond: ((k >= 3394656) AND (k <= 3394756))

for range-notcovered
table 1 : explain SELECT k, c FROM sbtest1 WHERE k BETWEEN 8443156 AND 8443256
	Bitmap Heap Scan on sbtest1  (cost=5.54..432.99 rows=108 width=125)
	  Recheck Cond: ((k >= 8443156) AND (k <= 8443256))
	  ->  Bitmap Index Scan on k_1  (cost=0.00..5.51 rows=108 width=0)
	        Index Cond: ((k >= 8443156) AND (k <= 8443256))

table 2 : explain SELECT k, c FROM sbtest2 WHERE k BETWEEN 8443156 AND 8443256
	Bitmap Heap Scan on sbtest2  (cost=5.55..436.97 rows=109 width=125)
	  Recheck Cond: ((k >= 8443156) AND (k <= 8443256))
	  ->  Bitmap Index Scan on k_2  (cost=0.00..5.52 rows=109 width=0)
	        Index Cond: ((k >= 8443156) AND (k <= 8443256))

table 3 : explain SELECT k, c FROM sbtest3 WHERE k BETWEEN 8443156 AND 8443256
	Bitmap Heap Scan on sbtest3  (cost=5.36..362.05 rows=90 width=125)
	  Recheck Cond: ((k >= 8443156) AND (k <= 8443256))
	  ->  Bitmap Index Scan on k_3  (cost=0.00..5.33 rows=90 width=0)
	        Index Cond: ((k >= 8443156) AND (k <= 8443256))

table 4 : explain SELECT k, c FROM sbtest4 WHERE k BETWEEN 8443156 AND 8443256
	Bitmap Heap Scan on sbtest4  (cost=5.46..401.53 rows=100 width=125)
	  Recheck Cond: ((k >= 8443156) AND (k <= 8443256))
	  ->  Bitmap Index Scan on k_4  (cost=0.00..5.43 rows=100 width=0)
	        Index Cond: ((k >= 8443156) AND (k <= 8443256))

table 5 : explain SELECT k, c FROM sbtest5 WHERE k BETWEEN 8443156 AND 8443256
	Bitmap Heap Scan on sbtest5  (cost=5.44..393.65 rows=98 width=125)
	  Recheck Cond: ((k >= 8443156) AND (k <= 8443256))
	  ->  Bitmap Index Scan on k_5  (cost=0.00..5.42 rows=98 width=0)
	        Index Cond: ((k >= 8443156) AND (k <= 8443256))

table 6 : explain SELECT k, c FROM sbtest6 WHERE k BETWEEN 8443156 AND 8443256
	Bitmap Heap Scan on sbtest6  (cost=5.37..366.03 rows=91 width=125)
	  Recheck Cond: ((k >= 8443156) AND (k <= 8443256))
	  ->  Bitmap Index Scan on k_6  (cost=0.00..5.34 rows=91 width=0)
	        Index Cond: ((k >= 8443156) AND (k <= 8443256))

table 7 : explain SELECT k, c FROM sbtest7 WHERE k BETWEEN 8443156 AND 8443256
	Bitmap Heap Scan on sbtest7  (cost=5.45..397.63 rows=99 width=125)
	  Recheck Cond: ((k >= 8443156) AND (k <= 8443256))
	  ->  Bitmap Index Scan on k_7  (cost=0.00..5.42 rows=99 width=0)
	        Index Cond: ((k >= 8443156) AND (k <= 8443256))

table 8 : explain SELECT k, c FROM sbtest8 WHERE k BETWEEN 8443156 AND 8443256
	Bitmap Heap Scan on sbtest8  (cost=5.51..421.29 rows=105 width=125)
	  Recheck Cond: ((k >= 8443156) AND (k <= 8443256))
	  ->  Bitmap Index Scan on k_8  (cost=0.00..5.48 rows=105 width=0)
	        Index Cond: ((k >= 8443156) AND (k <= 8443256))

explain: for range-notcovered :: explain SELECT k, c FROM sbtest%d WHERE k BETWEEN 7279562 AND 7279662
explain: for range-notcovered :: explain SELECT k, c FROM sbtest%d WHERE k BETWEEN 3944438 AND 3944538
for range-notcovered
table 1 : explain SELECT k, c FROM sbtest1 WHERE k BETWEEN 6222055 AND 6222155
	Bitmap Heap Scan on sbtest1  (cost=5.48..409.34 rows=102 width=125)
	  Recheck Cond: ((k >= 6222055) AND (k <= 6222155))
	  ->  Bitmap Index Scan on k_1  (cost=0.00..5.45 rows=102 width=0)
	        Index Cond: ((k >= 6222055) AND (k <= 6222155))

table 2 : explain SELECT k, c FROM sbtest2 WHERE k BETWEEN 6222055 AND 6222155
	Bitmap Heap Scan on sbtest2  (cost=5.55..436.97 rows=109 width=125)
	  Recheck Cond: ((k >= 6222055) AND (k <= 6222155))
	  ->  Bitmap Index Scan on k_2  (cost=0.00..5.52 rows=109 width=0)
	        Index Cond: ((k >= 6222055) AND (k <= 6222155))

table 3 : explain SELECT k, c FROM sbtest3 WHERE k BETWEEN 6222055 AND 6222155
	Bitmap Heap Scan on sbtest3  (cost=5.50..417.27 rows=104 width=125)
	  Recheck Cond: ((k >= 6222055) AND (k <= 6222155))
	  ->  Bitmap Index Scan on k_3  (cost=0.00..5.47 rows=104 width=0)
	        Index Cond: ((k >= 6222055) AND (k <= 6222155))

table 4 : explain SELECT k, c FROM sbtest4 WHERE k BETWEEN 6222055 AND 6222155
	Bitmap Heap Scan on sbtest4  (cost=5.48..409.42 rows=102 width=125)
	  Recheck Cond: ((k >= 6222055) AND (k <= 6222155))
	  ->  Bitmap Index Scan on k_4  (cost=0.00..5.45 rows=102 width=0)
	        Index Cond: ((k >= 6222055) AND (k <= 6222155))

table 5 : explain SELECT k, c FROM sbtest5 WHERE k BETWEEN 6222055 AND 6222155
	Bitmap Heap Scan on sbtest5  (cost=5.49..413.37 rows=103 width=125)
	  Recheck Cond: ((k >= 6222055) AND (k <= 6222155))
	  ->  Bitmap Index Scan on k_5  (cost=0.00..5.46 rows=103 width=0)
	        Index Cond: ((k >= 6222055) AND (k <= 6222155))

table 6 : explain SELECT k, c FROM sbtest6 WHERE k BETWEEN 6222055 AND 6222155
	Bitmap Heap Scan on sbtest6  (cost=5.43..389.70 rows=97 width=125)
	  Recheck Cond: ((k >= 6222055) AND (k <= 6222155))
	  ->  Bitmap Index Scan on k_6  (cost=0.00..5.40 rows=97 width=0)
	        Index Cond: ((k >= 6222055) AND (k <= 6222155))

table 7 : explain SELECT k, c FROM sbtest7 WHERE k BETWEEN 6222055 AND 6222155
	Bitmap Heap Scan on sbtest7  (cost=5.45..397.63 rows=99 width=125)
	  Recheck Cond: ((k >= 6222055) AND (k <= 6222155))
	  ->  Bitmap Index Scan on k_7  (cost=0.00..5.42 rows=99 width=0)
	        Index Cond: ((k >= 6222055) AND (k <= 6222155))

table 8 : explain SELECT k, c FROM sbtest8 WHERE k BETWEEN 6222055 AND 6222155
	Bitmap Heap Scan on sbtest8  (cost=5.51..421.29 rows=105 width=125)
	  Recheck Cond: ((k >= 6222055) AND (k <= 6222155))
	  ->  Bitmap Index Scan on k_8  (cost=0.00..5.48 rows=105 width=0)
	        Index Cond: ((k >= 6222055) AND (k <= 6222155))

explain: for range-notcovered :: explain SELECT k, c FROM sbtest%d WHERE k BETWEEN 7804666 AND 7804766
explain: for range-notcovered :: explain SELECT k, c FROM sbtest%d WHERE k BETWEEN 3394656 AND 3394756
for range-notcovered
table 1 : explain SELECT k, c FROM sbtest1 WHERE k BETWEEN 8296793 AND 8296893
	Bitmap Heap Scan on sbtest1  (cost=5.51..421.17 rows=105 width=125)
	  Recheck Cond: ((k >= 8296793) AND (k <= 8296893))
	  ->  Bitmap Index Scan on k_1  (cost=0.00..5.48 rows=105 width=0)
	        Index Cond: ((k >= 8296793) AND (k <= 8296893))

table 2 : explain SELECT k, c FROM sbtest2 WHERE k BETWEEN 8296793 AND 8296893
	Bitmap Heap Scan on sbtest2  (cost=5.47..405.44 rows=101 width=125)
	  Recheck Cond: ((k >= 8296793) AND (k <= 8296893))
	  ->  Bitmap Index Scan on k_2  (cost=0.00..5.44 rows=101 width=0)
	        Index Cond: ((k >= 8296793) AND (k <= 8296893))

table 3 : explain SELECT k, c FROM sbtest3 WHERE k BETWEEN 8296793 AND 8296893
	Bitmap Heap Scan on sbtest3  (cost=5.42..385.72 rows=96 width=125)
	  Recheck Cond: ((k >= 8296793) AND (k <= 8296893))
	  ->  Bitmap Index Scan on k_3  (cost=0.00..5.39 rows=96 width=0)
	        Index Cond: ((k >= 8296793) AND (k <= 8296893))

table 4 : explain SELECT k, c FROM sbtest4 WHERE k BETWEEN 8296793 AND 8296893
	Bitmap Heap Scan on sbtest4  (cost=5.36..362.07 rows=90 width=125)
	  Recheck Cond: ((k >= 8296793) AND (k <= 8296893))
	  ->  Bitmap Index Scan on k_4  (cost=0.00..5.33 rows=90 width=0)
	        Index Cond: ((k >= 8296793) AND (k <= 8296893))

table 5 : explain SELECT k, c FROM sbtest5 WHERE k BETWEEN 8296793 AND 8296893
	Bitmap Heap Scan on sbtest5  (cost=5.57..444.90 rows=111 width=125)
	  Recheck Cond: ((k >= 8296793) AND (k <= 8296893))
	  ->  Bitmap Index Scan on k_5  (cost=0.00..5.54 rows=111 width=0)
	        Index Cond: ((k >= 8296793) AND (k <= 8296893))

table 6 : explain SELECT k, c FROM sbtest6 WHERE k BETWEEN 8296793 AND 8296893
	Bitmap Heap Scan on sbtest6  (cost=5.46..401.54 rows=100 width=125)
	  Recheck Cond: ((k >= 8296793) AND (k <= 8296893))
	  ->  Bitmap Index Scan on k_6  (cost=0.00..5.43 rows=100 width=0)
	        Index Cond: ((k >= 8296793) AND (k <= 8296893))

table 7 : explain SELECT k, c FROM sbtest7 WHERE k BETWEEN 8296793 AND 8296893
	Bitmap Heap Scan on sbtest7  (cost=5.42..385.79 rows=96 width=125)
	  Recheck Cond: ((k >= 8296793) AND (k <= 8296893))
	  ->  Bitmap Index Scan on k_7  (cost=0.00..5.39 rows=96 width=0)
	        Index Cond: ((k >= 8296793) AND (k <= 8296893))

table 8 : explain SELECT k, c FROM sbtest8 WHERE k BETWEEN 8296793 AND 8296893
	Bitmap Heap Scan on sbtest8  (cost=5.44..393.68 rows=98 width=125)
	  Recheck Cond: ((k >= 8296793) AND (k <= 8296893))
	  ->  Bitmap Index Scan on k_8  (cost=0.00..5.42 rows=98 width=0)
	        Index Cond: ((k >= 8296793) AND (k <= 8296893))

explain: for range-notcovered :: explain SELECT k, c FROM sbtest%d WHERE k BETWEEN 8443156 AND 8443256
for range-notcovered
table 1 : explain SELECT k, c FROM sbtest1 WHERE k BETWEEN 7575122 AND 7575222
	Bitmap Heap Scan on sbtest1  (cost=5.45..397.52 rows=99 width=125)
	  Recheck Cond: ((k >= 7575122) AND (k <= 7575222))
	  ->  Bitmap Index Scan on k_1  (cost=0.00..5.42 rows=99 width=0)
	        Index Cond: ((k >= 7575122) AND (k <= 7575222))

table 2 : explain SELECT k, c FROM sbtest2 WHERE k BETWEEN 7575122 AND 7575222
	Bitmap Heap Scan on sbtest2  (cost=5.50..417.27 rows=104 width=125)
	  Recheck Cond: ((k >= 7575122) AND (k <= 7575222))
	  ->  Bitmap Index Scan on k_2  (cost=0.00..5.47 rows=104 width=0)
	        Index Cond: ((k >= 7575122) AND (k <= 7575222))

table 3 : explain SELECT k, c FROM sbtest3 WHERE k BETWEEN 7575122 AND 7575222
	Bitmap Heap Scan on sbtest3  (cost=5.51..421.21 rows=105 width=125)
	  Recheck Cond: ((k >= 7575122) AND (k <= 7575222))
	  ->  Bitmap Index Scan on k_3  (cost=0.00..5.48 rows=105 width=0)
	        Index Cond: ((k >= 7575122) AND (k <= 7575222))

table 4 : explain SELECT k, c FROM sbtest4 WHERE k BETWEEN 7575122 AND 7575222
	Bitmap Heap Scan on sbtest4  (cost=5.51..421.25 rows=105 width=125)
	  Recheck Cond: ((k >= 7575122) AND (k <= 7575222))
	  ->  Bitmap Index Scan on k_4  (cost=0.00..5.48 rows=105 width=0)
	        Index Cond: ((k >= 7575122) AND (k <= 7575222))

table 5 : explain SELECT k, c FROM sbtest5 WHERE k BETWEEN 7575122 AND 7575222
	Bitmap Heap Scan on sbtest5  (cost=5.47..405.48 rows=101 width=125)
	  Recheck Cond: ((k >= 7575122) AND (k <= 7575222))
	  ->  Bitmap Index Scan on k_5  (cost=0.00..5.44 rows=101 width=0)
	        Index Cond: ((k >= 7575122) AND (k <= 7575222))

table 6 : explain SELECT k, c FROM sbtest6 WHERE k BETWEEN 7575122 AND 7575222
	Bitmap Heap Scan on sbtest6  (cost=5.41..381.81 rows=95 width=125)
	  Recheck Cond: ((k >= 7575122) AND (k <= 7575222))
	  ->  Bitmap Index Scan on k_6  (cost=0.00..5.38 rows=95 width=0)
	        Index Cond: ((k >= 7575122) AND (k <= 7575222))

table 7 : explain SELECT k, c FROM sbtest7 WHERE k BETWEEN 7575122 AND 7575222
	Bitmap Heap Scan on sbtest7  (cost=5.45..397.63 rows=99 width=125)
	  Recheck Cond: ((k >= 7575122) AND (k <= 7575222))
	  ->  Bitmap Index Scan on k_7  (cost=0.00..5.42 rows=99 width=0)
	        Index Cond: ((k >= 7575122) AND (k <= 7575222))

table 8 : explain SELECT k, c FROM sbtest8 WHERE k BETWEEN 7575122 AND 7575222
	Bitmap Heap Scan on sbtest8  (cost=5.49..413.40 rows=103 width=125)
	  Recheck Cond: ((k >= 7575122) AND (k <= 7575222))
	  ->  Bitmap Index Scan on k_8  (cost=0.00..5.46 rows=103 width=0)
	        Index Cond: ((k >= 7575122) AND (k <= 7575222))

explain: for range-notcovered :: explain SELECT k, c FROM sbtest%d WHERE k BETWEEN 6222055 AND 6222155
for range-notcovered
table 1 : explain SELECT k, c FROM sbtest1 WHERE k BETWEEN 4028203 AND 4028303
	Bitmap Heap Scan on sbtest1  (cost=5.54..432.99 rows=108 width=125)
	  Recheck Cond: ((k >= 4028203) AND (k <= 4028303))
	  ->  Bitmap Index Scan on k_1  (cost=0.00..5.51 rows=108 width=0)
	        Index Cond: ((k >= 4028203) AND (k <= 4028303))

table 2 : explain SELECT k, c FROM sbtest2 WHERE k BETWEEN 4028203 AND 4028303
	Bitmap Heap Scan on sbtest2  (cost=5.48..409.38 rows=102 width=125)
	  Recheck Cond: ((k >= 4028203) AND (k <= 4028303))
	  ->  Bitmap Index Scan on k_2  (cost=0.00..5.45 rows=102 width=0)
	        Index Cond: ((k >= 4028203) AND (k <= 4028303))

table 3 : explain SELECT k, c FROM sbtest3 WHERE k BETWEEN 4028203 AND 4028303
	Bitmap Heap Scan on sbtest3  (cost=5.51..421.21 rows=105 width=125)
	  Recheck Cond: ((k >= 4028203) AND (k <= 4028303))
	  ->  Bitmap Index Scan on k_3  (cost=0.00..5.48 rows=105 width=0)
	        Index Cond: ((k >= 4028203) AND (k <= 4028303))

table 4 : explain SELECT k, c FROM sbtest4 WHERE k BETWEEN 4028203 AND 4028303
	Bitmap Heap Scan on sbtest4  (cost=5.47..405.48 rows=101 width=125)
	  Recheck Cond: ((k >= 4028203) AND (k <= 4028303))
	  ->  Bitmap Index Scan on k_4  (cost=0.00..5.44 rows=101 width=0)
	        Index Cond: ((k >= 4028203) AND (k <= 4028303))

table 5 : explain SELECT k, c FROM sbtest5 WHERE k BETWEEN 4028203 AND 4028303
	Bitmap Heap Scan on sbtest5  (cost=5.60..456.71 rows=114 width=125)
	  Recheck Cond: ((k >= 4028203) AND (k <= 4028303))
	  ->  Bitmap Index Scan on k_5  (cost=0.00..5.58 rows=114 width=0)
	        Index Cond: ((k >= 4028203) AND (k <= 4028303))

table 6 : explain SELECT k, c FROM sbtest6 WHERE k BETWEEN 4028203 AND 4028303
	Bitmap Heap Scan on sbtest6  (cost=5.44..393.65 rows=98 width=125)
	  Recheck Cond: ((k >= 4028203) AND (k <= 4028303))
	  ->  Bitmap Index Scan on k_6  (cost=0.00..5.42 rows=98 width=0)
	        Index Cond: ((k >= 4028203) AND (k <= 4028303))

table 7 : explain SELECT k, c FROM sbtest7 WHERE k BETWEEN 4028203 AND 4028303
	Bitmap Heap Scan on sbtest7  (cost=5.44..393.68 rows=98 width=125)
	  Recheck Cond: ((k >= 4028203) AND (k <= 4028303))
	  ->  Bitmap Index Scan on k_7  (cost=0.00..5.42 rows=98 width=0)
	        Index Cond: ((k >= 4028203) AND (k <= 4028303))

table 8 : explain SELECT k, c FROM sbtest8 WHERE k BETWEEN 4028203 AND 4028303
	Bitmap Heap Scan on sbtest8  (cost=5.52..425.23 rows=106 width=125)
	  Recheck Cond: ((k >= 4028203) AND (k <= 4028303))
	  ->  Bitmap Index Scan on k_8  (cost=0.00..5.50 rows=106 width=0)
	        Index Cond: ((k >= 4028203) AND (k <= 4028303))

for range-notcovered
table 1 : explain SELECT k, c FROM sbtest1 WHERE k BETWEEN 4036988 AND 4037088
	Bitmap Heap Scan on sbtest1  (cost=5.56..440.87 rows=110 width=125)
	  Recheck Cond: ((k >= 4036988) AND (k <= 4037088))
	  ->  Bitmap Index Scan on k_1  (cost=0.00..5.53 rows=110 width=0)
	        Index Cond: ((k >= 4036988) AND (k <= 4037088))

table 2 : explain SELECT k, c FROM sbtest2 WHERE k BETWEEN 4036988 AND 4037088
	Bitmap Heap Scan on sbtest2  (cost=5.48..409.38 rows=102 width=125)
	  Recheck Cond: ((k >= 4036988) AND (k <= 4037088))
	  ->  Bitmap Index Scan on k_2  (cost=0.00..5.45 rows=102 width=0)
	        Index Cond: ((k >= 4036988) AND (k <= 4037088))

table 3 : explain SELECT k, c FROM sbtest3 WHERE k BETWEEN 4036988 AND 4037088
	Bitmap Heap Scan on sbtest3  (cost=5.51..421.21 rows=105 width=125)
	  Recheck Cond: ((k >= 4036988) AND (k <= 4037088))
	  ->  Bitmap Index Scan on k_3  (cost=0.00..5.48 rows=105 width=0)
	        Index Cond: ((k >= 4036988) AND (k <= 4037088))

table 4 : explain SELECT k, c FROM sbtest4 WHERE k BETWEEN 4036988 AND 4037088
	Bitmap Heap Scan on sbtest4  (cost=5.47..405.48 rows=101 width=125)
	  Recheck Cond: ((k >= 4036988) AND (k <= 4037088))
	  ->  Bitmap Index Scan on k_4  (cost=0.00..5.44 rows=101 width=0)
	        Index Cond: ((k >= 4036988) AND (k <= 4037088))

table 5 : explain SELECT k, c FROM sbtest5 WHERE k BETWEEN 4036988 AND 4037088
	Bitmap Heap Scan on sbtest5  (cost=5.60..456.71 rows=114 width=125)
	  Recheck Cond: ((k >= 4036988) AND (k <= 4037088))
	  ->  Bitmap Index Scan on k_5  (cost=0.00..5.58 rows=114 width=0)
	        Index Cond: ((k >= 4036988) AND (k <= 4037088))

table 6 : explain SELECT k, c FROM sbtest6 WHERE k BETWEEN 4036988 AND 4037088
	Bitmap Heap Scan on sbtest6  (cost=5.44..393.65 rows=98 width=125)
	  Recheck Cond: ((k >= 4036988) AND (k <= 4037088))
	  ->  Bitmap Index Scan on k_6  (cost=0.00..5.42 rows=98 width=0)
	        Index Cond: ((k >= 4036988) AND (k <= 4037088))

table 7 : explain SELECT k, c FROM sbtest7 WHERE k BETWEEN 4036988 AND 4037088
	Bitmap Heap Scan on sbtest7  (cost=5.46..401.57 rows=100 width=125)
	  Recheck Cond: ((k >= 4036988) AND (k <= 4037088))
	  ->  Bitmap Index Scan on k_7  (cost=0.00..5.43 rows=100 width=0)
	        Index Cond: ((k >= 4036988) AND (k <= 4037088))

table 8 : explain SELECT k, c FROM sbtest8 WHERE k BETWEEN 4036988 AND 4037088
	Bitmap Heap Scan on sbtest8  (cost=5.52..425.23 rows=106 width=125)
	  Recheck Cond: ((k >= 4036988) AND (k <= 4037088))
	  ->  Bitmap Index Scan on k_8  (cost=0.00..5.50 rows=106 width=0)
	        Index Cond: ((k >= 4036988) AND (k <= 4037088))

for range-notcovered
table 1 : explain SELECT k, c FROM sbtest1 WHERE k BETWEEN 5037553 AND 5037653
	Bitmap Heap Scan on sbtest1  (cost=5.52..425.11 rows=106 width=125)
	  Recheck Cond: ((k >= 5037553) AND (k <= 5037653))
	  ->  Bitmap Index Scan on k_1  (cost=0.00..5.50 rows=106 width=0)
	        Index Cond: ((k >= 5037553) AND (k <= 5037653))

table 2 : explain SELECT k, c FROM sbtest2 WHERE k BETWEEN 5037553 AND 5037653
	Bitmap Heap Scan on sbtest2  (cost=5.62..464.54 rows=116 width=125)
	  Recheck Cond: ((k >= 5037553) AND (k <= 5037653))
	  ->  Bitmap Index Scan on k_2  (cost=0.00..5.59 rows=116 width=0)
	        Index Cond: ((k >= 5037553) AND (k <= 5037653))

table 3 : explain SELECT k, c FROM sbtest3 WHERE k BETWEEN 5037553 AND 5037653
	Bitmap Heap Scan on sbtest3  (cost=5.51..421.21 rows=105 width=125)
	  Recheck Cond: ((k >= 5037553) AND (k <= 5037653))
	  ->  Bitmap Index Scan on k_3  (cost=0.00..5.48 rows=105 width=0)
	        Index Cond: ((k >= 5037553) AND (k <= 5037653))

table 4 : explain SELECT k, c FROM sbtest4 WHERE k BETWEEN 5037553 AND 5037653
	Bitmap Heap Scan on sbtest4  (cost=5.48..409.42 rows=102 width=125)
	  Recheck Cond: ((k >= 5037553) AND (k <= 5037653))
	  ->  Bitmap Index Scan on k_4  (cost=0.00..5.45 rows=102 width=0)
	        Index Cond: ((k >= 5037553) AND (k <= 5037653))

table 5 : explain SELECT k, c FROM sbtest5 WHERE k BETWEEN 5037553 AND 5037653
	Bitmap Heap Scan on sbtest5  (cost=5.55..437.02 rows=109 width=125)
	  Recheck Cond: ((k >= 5037553) AND (k <= 5037653))
	  ->  Bitmap Index Scan on k_5  (cost=0.00..5.52 rows=109 width=0)
	        Index Cond: ((k >= 5037553) AND (k <= 5037653))

table 6 : explain SELECT k, c FROM sbtest6 WHERE k BETWEEN 5037553 AND 5037653
	Bitmap Heap Scan on sbtest6  (cost=5.47..405.48 rows=101 width=125)
	  Recheck Cond: ((k >= 5037553) AND (k <= 5037653))
	  ->  Bitmap Index Scan on k_6  (cost=0.00..5.44 rows=101 width=0)
	        Index Cond: ((k >= 5037553) AND (k <= 5037653))

table 7 : explain SELECT k, c FROM sbtest7 WHERE k BETWEEN 5037553 AND 5037653
	Bitmap Heap Scan on sbtest7  (cost=5.41..381.85 rows=95 width=125)
	  Recheck Cond: ((k >= 5037553) AND (k <= 5037653))
	  ->  Bitmap Index Scan on k_7  (cost=0.00..5.38 rows=95 width=0)
	        Index Cond: ((k >= 5037553) AND (k <= 5037653))

table 8 : explain SELECT k, c FROM sbtest8 WHERE k BETWEEN 5037553 AND 5037653
	Bitmap Heap Scan on sbtest8  (cost=5.42..385.79 rows=96 width=125)
	  Recheck Cond: ((k >= 5037553) AND (k <= 5037653))
	  ->  Bitmap Index Scan on k_8  (cost=0.00..5.39 rows=96 width=0)
	        Index Cond: ((k >= 5037553) AND (k <= 5037653))

explain: for range-notcovered :: explain SELECT k, c FROM sbtest%d WHERE k BETWEEN 4036988 AND 4037088
for range-notcovered
table 1 : explain SELECT k, c FROM sbtest1 WHERE k BETWEEN 7296661 AND 7296761
	Bitmap Heap Scan on sbtest1  (cost=5.48..409.34 rows=102 width=125)
	  Recheck Cond: ((k >= 7296661) AND (k <= 7296761))
	  ->  Bitmap Index Scan on k_1  (cost=0.00..5.45 rows=102 width=0)
	        Index Cond: ((k >= 7296661) AND (k <= 7296761))

table 2 : explain SELECT k, c FROM sbtest2 WHERE k BETWEEN 7296661 AND 7296761
	Bitmap Heap Scan on sbtest2  (cost=5.49..413.32 rows=103 width=125)
	  Recheck Cond: ((k >= 7296661) AND (k <= 7296761))
	  ->  Bitmap Index Scan on k_2  (cost=0.00..5.46 rows=103 width=0)
	        Index Cond: ((k >= 7296661) AND (k <= 7296761))

table 3 : explain SELECT k, c FROM sbtest3 WHERE k BETWEEN 7296661 AND 7296761
	Bitmap Heap Scan on sbtest3  (cost=5.47..405.44 rows=101 width=125)
	  Recheck Cond: ((k >= 7296661) AND (k <= 7296761))
	  ->  Bitmap Index Scan on k_3  (cost=0.00..5.44 rows=101 width=0)
	        Index Cond: ((k >= 7296661) AND (k <= 7296761))

table 4 : explain SELECT k, c FROM sbtest4 WHERE k BETWEEN 7296661 AND 7296761
	Bitmap Heap Scan on sbtest4  (cost=5.51..421.25 rows=105 width=125)
	  Recheck Cond: ((k >= 7296661) AND (k <= 7296761))
	  ->  Bitmap Index Scan on k_4  (cost=0.00..5.48 rows=105 width=0)
	        Index Cond: ((k >= 7296661) AND (k <= 7296761))

table 5 : explain SELECT k, c FROM sbtest5 WHERE k BETWEEN 7296661 AND 7296761
	Bitmap Heap Scan on sbtest5  (cost=5.47..405.48 rows=101 width=125)
	  Recheck Cond: ((k >= 7296661) AND (k <= 7296761))
	  ->  Bitmap Index Scan on k_5  (cost=0.00..5.44 rows=101 width=0)
	        Index Cond: ((k >= 7296661) AND (k <= 7296761))

table 6 : explain SELECT k, c FROM sbtest6 WHERE k BETWEEN 7296661 AND 7296761
	Bitmap Heap Scan on sbtest6  (cost=5.35..358.13 rows=89 width=125)
	  Recheck Cond: ((k >= 7296661) AND (k <= 7296761))
	  ->  Bitmap Index Scan on k_6  (cost=0.00..5.32 rows=89 width=0)
	        Index Cond: ((k >= 7296661) AND (k <= 7296761))

table 7 : explain SELECT k, c FROM sbtest7 WHERE k BETWEEN 7296661 AND 7296761
	Bitmap Heap Scan on sbtest7  (cost=5.54..433.12 rows=108 width=125)
	  Recheck Cond: ((k >= 7296661) AND (k <= 7296761))
	  ->  Bitmap Index Scan on k_7  (cost=0.00..5.51 rows=108 width=0)
	        Index Cond: ((k >= 7296661) AND (k <= 7296761))

table 8 : explain SELECT k, c FROM sbtest8 WHERE k BETWEEN 7296661 AND 7296761
	Bitmap Heap Scan on sbtest8  (cost=5.54..433.11 rows=108 width=125)
	  Recheck Cond: ((k >= 7296661) AND (k <= 7296761))
	  ->  Bitmap Index Scan on k_8  (cost=0.00..5.51 rows=108 width=0)
	        Index Cond: ((k >= 7296661) AND (k <= 7296761))

explain: for range-notcovered :: explain SELECT k, c FROM sbtest%d WHERE k BETWEEN 5037553 AND 5037653
for range-notcovered
table 1 : explain SELECT k, c FROM sbtest1 WHERE k BETWEEN 420332 AND 420432
	Bitmap Heap Scan on sbtest1  (cost=5.57..444.80 rows=111 width=125)
	  Recheck Cond: ((k >= 420332) AND (k <= 420432))
	  ->  Bitmap Index Scan on k_1  (cost=0.00..5.54 rows=111 width=0)
	        Index Cond: ((k >= 420332) AND (k <= 420432))

table 2 : explain SELECT k, c FROM sbtest2 WHERE k BETWEEN 420332 AND 420432
	Bitmap Heap Scan on sbtest2  (cost=5.44..393.61 rows=98 width=125)
	  Recheck Cond: ((k >= 420332) AND (k <= 420432))
	  ->  Bitmap Index Scan on k_2  (cost=0.00..5.42 rows=98 width=0)
	        Index Cond: ((k >= 420332) AND (k <= 420432))

table 3 : explain SELECT k, c FROM sbtest3 WHERE k BETWEEN 420332 AND 420432
	Bitmap Heap Scan on sbtest3  (cost=5.61..460.60 rows=115 width=125)
	  Recheck Cond: ((k >= 420332) AND (k <= 420432))
	  ->  Bitmap Index Scan on k_3  (cost=0.00..5.58 rows=115 width=0)
	        Index Cond: ((k >= 420332) AND (k <= 420432))

table 4 : explain SELECT k, c FROM sbtest4 WHERE k BETWEEN 420332 AND 420432
	Bitmap Heap Scan on sbtest4  (cost=5.47..405.48 rows=101 width=125)
	  Recheck Cond: ((k >= 420332) AND (k <= 420432))
	  ->  Bitmap Index Scan on k_4  (cost=0.00..5.44 rows=101 width=0)
	        Index Cond: ((k >= 420332) AND (k <= 420432))

table 5 : explain SELECT k, c FROM sbtest5 WHERE k BETWEEN 420332 AND 420432
	Bitmap Heap Scan on sbtest5  (cost=5.49..413.37 rows=103 width=125)
	  Recheck Cond: ((k >= 420332) AND (k <= 420432))
	  ->  Bitmap Index Scan on k_5  (cost=0.00..5.46 rows=103 width=0)
	        Index Cond: ((k >= 420332) AND (k <= 420432))

table 6 : explain SELECT k, c FROM sbtest6 WHERE k BETWEEN 420332 AND 420432
	Bitmap Heap Scan on sbtest6  (cost=5.47..405.48 rows=101 width=125)
	  Recheck Cond: ((k >= 420332) AND (k <= 420432))
	  ->  Bitmap Index Scan on k_6  (cost=0.00..5.44 rows=101 width=0)
	        Index Cond: ((k >= 420332) AND (k <= 420432))

table 7 : explain SELECT k, c FROM sbtest7 WHERE k BETWEEN 420332 AND 420432
	Bitmap Heap Scan on sbtest7  (cost=5.47..405.52 rows=101 width=125)
	  Recheck Cond: ((k >= 420332) AND (k <= 420432))
	  ->  Bitmap Index Scan on k_7  (cost=0.00..5.44 rows=101 width=0)
	        Index Cond: ((k >= 420332) AND (k <= 420432))

table 8 : explain SELECT k, c FROM sbtest8 WHERE k BETWEEN 420332 AND 420432
	Bitmap Heap Scan on sbtest8  (cost=5.51..421.29 rows=105 width=125)
	  Recheck Cond: ((k >= 420332) AND (k <= 420432))
	  ->  Bitmap Index Scan on k_8  (cost=0.00..5.48 rows=105 width=0)
	        Index Cond: ((k >= 420332) AND (k <= 420432))

explain: for range-notcovered :: explain SELECT k, c FROM sbtest%d WHERE k BETWEEN 420332 AND 420432
for range-notcovered
table 1 : explain SELECT k, c FROM sbtest1 WHERE k BETWEEN 6408735 AND 6408835
	Bitmap Heap Scan on sbtest1  (cost=5.50..417.23 rows=104 width=125)
	  Recheck Cond: ((k >= 6408735) AND (k <= 6408835))
	  ->  Bitmap Index Scan on k_1  (cost=0.00..5.47 rows=104 width=0)
	        Index Cond: ((k >= 6408735) AND (k <= 6408835))

table 2 : explain SELECT k, c FROM sbtest2 WHERE k BETWEEN 6408735 AND 6408835
	Bitmap Heap Scan on sbtest2  (cost=5.42..385.72 rows=96 width=125)
	  Recheck Cond: ((k >= 6408735) AND (k <= 6408835))
	  ->  Bitmap Index Scan on k_2  (cost=0.00..5.39 rows=96 width=0)
	        Index Cond: ((k >= 6408735) AND (k <= 6408835))

table 3 : explain SELECT k, c FROM sbtest3 WHERE k BETWEEN 6408735 AND 6408835
	Bitmap Heap Scan on sbtest3  (cost=5.49..413.33 rows=103 width=125)
	  Recheck Cond: ((k >= 6408735) AND (k <= 6408835))
	  ->  Bitmap Index Scan on k_3  (cost=0.00..5.46 rows=103 width=0)
	        Index Cond: ((k >= 6408735) AND (k <= 6408835))

table 4 : explain SELECT k, c FROM sbtest4 WHERE k BETWEEN 6408735 AND 6408835
	Bitmap Heap Scan on sbtest4  (cost=5.47..405.48 rows=101 width=125)
	  Recheck Cond: ((k >= 6408735) AND (k <= 6408835))
	  ->  Bitmap Index Scan on k_4  (cost=0.00..5.44 rows=101 width=0)
	        Index Cond: ((k >= 6408735) AND (k <= 6408835))

table 5 : explain SELECT k, c FROM sbtest5 WHERE k BETWEEN 6408735 AND 6408835
	Bitmap Heap Scan on sbtest5  (cost=5.46..401.54 rows=100 width=125)
	  Recheck Cond: ((k >= 6408735) AND (k <= 6408835))
	  ->  Bitmap Index Scan on k_5  (cost=0.00..5.43 rows=100 width=0)
	        Index Cond: ((k >= 6408735) AND (k <= 6408835))

table 6 : explain SELECT k, c FROM sbtest6 WHERE k BETWEEN 6408735 AND 6408835
	Bitmap Heap Scan on sbtest6  (cost=5.51..421.25 rows=105 width=125)
	  Recheck Cond: ((k >= 6408735) AND (k <= 6408835))
	  ->  Bitmap Index Scan on k_6  (cost=0.00..5.48 rows=105 width=0)
	        Index Cond: ((k >= 6408735) AND (k <= 6408835))

table 7 : explain SELECT k, c FROM sbtest7 WHERE k BETWEEN 6408735 AND 6408835
	Bitmap Heap Scan on sbtest7  (cost=5.37..366.06 rows=91 width=125)
	  Recheck Cond: ((k >= 6408735) AND (k <= 6408835))
	  ->  Bitmap Index Scan on k_7  (cost=0.00..5.34 rows=91 width=0)
	        Index Cond: ((k >= 6408735) AND (k <= 6408835))

table 8 : explain SELECT k, c FROM sbtest8 WHERE k BETWEEN 6408735 AND 6408835
	Bitmap Heap Scan on sbtest8  (cost=5.38..370.00 rows=92 width=125)
	  Recheck Cond: ((k >= 6408735) AND (k <= 6408835))
	  ->  Bitmap Index Scan on k_8  (cost=0.00..5.35 rows=92 width=0)
	        Index Cond: ((k >= 6408735) AND (k <= 6408835))

for range-notcovered
table 1 : explain SELECT k, c FROM sbtest1 WHERE k BETWEEN 3944438 AND 3944538
	Bitmap Heap Scan on sbtest1  (cost=5.54..432.99 rows=108 width=125)
	  Recheck Cond: ((k >= 3944438) AND (k <= 3944538))
	  ->  Bitmap Index Scan on k_1  (cost=0.00..5.51 rows=108 width=0)
	        Index Cond: ((k >= 3944438) AND (k <= 3944538))

table 2 : explain SELECT k, c FROM sbtest2 WHERE k BETWEEN 3944438 AND 3944538
	Bitmap Heap Scan on sbtest2  (cost=5.46..401.50 rows=100 width=125)
	  Recheck Cond: ((k >= 3944438) AND (k <= 3944538))
	  ->  Bitmap Index Scan on k_2  (cost=0.00..5.43 rows=100 width=0)
	        Index Cond: ((k >= 3944438) AND (k <= 3944538))

table 3 : explain SELECT k, c FROM sbtest3 WHERE k BETWEEN 3944438 AND 3944538
	Bitmap Heap Scan on sbtest3  (cost=5.47..405.44 rows=101 width=125)
	  Recheck Cond: ((k >= 3944438) AND (k <= 3944538))
	  ->  Bitmap Index Scan on k_3  (cost=0.00..5.44 rows=101 width=0)
	        Index Cond: ((k >= 3944438) AND (k <= 3944538))

table 4 : explain SELECT k, c FROM sbtest4 WHERE k BETWEEN 3944438 AND 3944538
	Bitmap Heap Scan on sbtest4  (cost=5.60..456.71 rows=114 width=125)
	  Recheck Cond: ((k >= 3944438) AND (k <= 3944538))
	  ->  Bitmap Index Scan on k_4  (cost=0.00..5.58 rows=114 width=0)
	        Index Cond: ((k >= 3944438) AND (k <= 3944538))

table 5 : explain SELECT k, c FROM sbtest5 WHERE k BETWEEN 3944438 AND 3944538
	Bitmap Heap Scan on sbtest5  (cost=5.54..433.08 rows=108 width=125)
	  Recheck Cond: ((k >= 3944438) AND (k <= 3944538))
	  ->  Bitmap Index Scan on k_5  (cost=0.00..5.51 rows=108 width=0)
	        Index Cond: ((k >= 3944438) AND (k <= 3944538))

table 6 : explain SELECT k, c FROM sbtest6 WHERE k BETWEEN 3944438 AND 3944538
	Bitmap Heap Scan on sbtest6  (cost=5.50..417.31 rows=104 width=125)
	  Recheck Cond: ((k >= 3944438) AND (k <= 3944538))
	  ->  Bitmap Index Scan on k_6  (cost=0.00..5.47 rows=104 width=0)
	        Index Cond: ((k >= 3944438) AND (k <= 3944538))

table 7 : explain SELECT k, c FROM sbtest7 WHERE k BETWEEN 3944438 AND 3944538
	Bitmap Heap Scan on sbtest7  (cost=5.44..393.68 rows=98 width=125)
	  Recheck Cond: ((k >= 3944438) AND (k <= 3944538))
	  ->  Bitmap Index Scan on k_7  (cost=0.00..5.42 rows=98 width=0)
	        Index Cond: ((k >= 3944438) AND (k <= 3944538))

table 8 : explain SELECT k, c FROM sbtest8 WHERE k BETWEEN 3944438 AND 3944538
	Bitmap Heap Scan on sbtest8  (cost=5.56..441.00 rows=110 width=125)
	  Recheck Cond: ((k >= 3944438) AND (k <= 3944538))
	  ->  Bitmap Index Scan on k_8  (cost=0.00..5.53 rows=110 width=0)
	        Index Cond: ((k >= 3944438) AND (k <= 3944538))

for range-notcovered
table 1 : explain SELECT k, c FROM sbtest1 WHERE k BETWEEN 3394656 AND 3394756
	Bitmap Heap Scan on sbtest1  (cost=5.49..413.29 rows=103 width=125)
	  Recheck Cond: ((k >= 3394656) AND (k <= 3394756))
	  ->  Bitmap Index Scan on k_1  (cost=0.00..5.46 rows=103 width=0)
	        Index Cond: ((k >= 3394656) AND (k <= 3394756))

table 2 : explain SELECT k, c FROM sbtest2 WHERE k BETWEEN 3394656 AND 3394756
	Bitmap Heap Scan on sbtest2  (cost=5.53..429.09 rows=107 width=125)
	  Recheck Cond: ((k >= 3394656) AND (k <= 3394756))
	  ->  Bitmap Index Scan on k_2  (cost=0.00..5.50 rows=107 width=0)
	        Index Cond: ((k >= 3394656) AND (k <= 3394756))

table 3 : explain SELECT k, c FROM sbtest3 WHERE k BETWEEN 3394656 AND 3394756
	Bitmap Heap Scan on sbtest3  (cost=5.48..409.39 rows=102 width=125)
	  Recheck Cond: ((k >= 3394656) AND (k <= 3394756))
	  ->  Bitmap Index Scan on k_3  (cost=0.00..5.45 rows=102 width=0)
	        Index Cond: ((k >= 3394656) AND (k <= 3394756))

table 4 : explain SELECT k, c FROM sbtest4 WHERE k BETWEEN 3394656 AND 3394756
	Bitmap Heap Scan on sbtest4  (cost=5.42..385.75 rows=96 width=125)
	  Recheck Cond: ((k >= 3394656) AND (k <= 3394756))
	  ->  Bitmap Index Scan on k_4  (cost=0.00..5.39 rows=96 width=0)
	        Index Cond: ((k >= 3394656) AND (k <= 3394756))

table 5 : explain SELECT k, c FROM sbtest5 WHERE k BETWEEN 3394656 AND 3394756
	Bitmap Heap Scan on sbtest5  (cost=5.56..440.96 rows=110 width=125)
	  Recheck Cond: ((k >= 3394656) AND (k <= 3394756))
	  ->  Bitmap Index Scan on k_5  (cost=0.00..5.53 rows=110 width=0)
	        Index Cond: ((k >= 3394656) AND (k <= 3394756))

table 6 : explain SELECT k, c FROM sbtest6 WHERE k BETWEEN 3394656 AND 3394756
	Bitmap Heap Scan on sbtest6  (cost=5.41..381.81 rows=95 width=125)
	  Recheck Cond: ((k >= 3394656) AND (k <= 3394756))
	  ->  Bitmap Index Scan on k_6  (cost=0.00..5.38 rows=95 width=0)
	        Index Cond: ((k >= 3394656) AND (k <= 3394756))

table 7 : explain SELECT k, c FROM sbtest7 WHERE k BETWEEN 3394656 AND 3394756
	Bitmap Heap Scan on sbtest7  (cost=5.38..370.01 rows=92 width=125)
	  Recheck Cond: ((k >= 3394656) AND (k <= 3394756))
	  ->  Bitmap Index Scan on k_7  (cost=0.00..5.35 rows=92 width=0)
	        Index Cond: ((k >= 3394656) AND (k <= 3394756))

table 8 : explain SELECT k, c FROM sbtest8 WHERE k BETWEEN 3394656 AND 3394756
	Bitmap Heap Scan on sbtest8  (cost=5.49..413.40 rows=103 width=125)
	  Recheck Cond: ((k >= 3394656) AND (k <= 3394756))
	  ->  Bitmap Index Scan on k_8  (cost=0.00..5.46 rows=103 width=0)
	        Index Cond: ((k >= 3394656) AND (k <= 3394756))

for range-notcovered
table 1 : explain SELECT k, c FROM sbtest1 WHERE k BETWEEN 8443156 AND 8443256
	Bitmap Heap Scan on sbtest1  (cost=5.54..432.99 rows=108 width=125)
	  Recheck Cond: ((k >= 8443156) AND (k <= 8443256))
	  ->  Bitmap Index Scan on k_1  (cost=0.00..5.51 rows=108 width=0)
	        Index Cond: ((k >= 8443156) AND (k <= 8443256))

table 2 : explain SELECT k, c FROM sbtest2 WHERE k BETWEEN 8443156 AND 8443256
	Bitmap Heap Scan on sbtest2  (cost=5.55..436.97 rows=109 width=125)
	  Recheck Cond: ((k >= 8443156) AND (k <= 8443256))
	  ->  Bitmap Index Scan on k_2  (cost=0.00..5.52 rows=109 width=0)
	        Index Cond: ((k >= 8443156) AND (k <= 8443256))

table 3 : explain SELECT k, c FROM sbtest3 WHERE k BETWEEN 8443156 AND 8443256
	Bitmap Heap Scan on sbtest3  (cost=5.36..362.05 rows=90 width=125)
	  Recheck Cond: ((k >= 8443156) AND (k <= 8443256))
	  ->  Bitmap Index Scan on k_3  (cost=0.00..5.33 rows=90 width=0)
	        Index Cond: ((k >= 8443156) AND (k <= 8443256))

table 4 : explain SELECT k, c FROM sbtest4 WHERE k BETWEEN 8443156 AND 8443256
	Bitmap Heap Scan on sbtest4  (cost=5.46..401.53 rows=100 width=125)
	  Recheck Cond: ((k >= 8443156) AND (k <= 8443256))
	  ->  Bitmap Index Scan on k_4  (cost=0.00..5.43 rows=100 width=0)
	        Index Cond: ((k >= 8443156) AND (k <= 8443256))

table 5 : explain SELECT k, c FROM sbtest5 WHERE k BETWEEN 8443156 AND 8443256
	Bitmap Heap Scan on sbtest5  (cost=5.44..393.65 rows=98 width=125)
	  Recheck Cond: ((k >= 8443156) AND (k <= 8443256))
	  ->  Bitmap Index Scan on k_5  (cost=0.00..5.42 rows=98 width=0)
	        Index Cond: ((k >= 8443156) AND (k <= 8443256))

table 6 : explain SELECT k, c FROM sbtest6 WHERE k BETWEEN 8443156 AND 8443256
	Bitmap Heap Scan on sbtest6  (cost=5.37..366.03 rows=91 width=125)
	  Recheck Cond: ((k >= 8443156) AND (k <= 8443256))
	  ->  Bitmap Index Scan on k_6  (cost=0.00..5.34 rows=91 width=0)
	        Index Cond: ((k >= 8443156) AND (k <= 8443256))

table 7 : explain SELECT k, c FROM sbtest7 WHERE k BETWEEN 8443156 AND 8443256
	Bitmap Heap Scan on sbtest7  (cost=5.45..397.63 rows=99 width=125)
	  Recheck Cond: ((k >= 8443156) AND (k <= 8443256))
	  ->  Bitmap Index Scan on k_7  (cost=0.00..5.42 rows=99 width=0)
	        Index Cond: ((k >= 8443156) AND (k <= 8443256))

table 8 : explain SELECT k, c FROM sbtest8 WHERE k BETWEEN 8443156 AND 8443256
	Bitmap Heap Scan on sbtest8  (cost=5.51..421.29 rows=105 width=125)
	  Recheck Cond: ((k >= 8443156) AND (k <= 8443256))
	  ->  Bitmap Index Scan on k_8  (cost=0.00..5.48 rows=105 width=0)
	        Index Cond: ((k >= 8443156) AND (k <= 8443256))

for range-notcovered
table 1 : explain SELECT k, c FROM sbtest1 WHERE k BETWEEN 7279562 AND 7279662
	Bitmap Heap Scan on sbtest1  (cost=5.48..409.34 rows=102 width=125)
	  Recheck Cond: ((k >= 7279562) AND (k <= 7279662))
	  ->  Bitmap Index Scan on k_1  (cost=0.00..5.45 rows=102 width=0)
	        Index Cond: ((k >= 7279562) AND (k <= 7279662))

table 2 : explain SELECT k, c FROM sbtest2 WHERE k BETWEEN 7279562 AND 7279662
	Bitmap Heap Scan on sbtest2  (cost=5.49..413.32 rows=103 width=125)
	  Recheck Cond: ((k >= 7279562) AND (k <= 7279662))
	  ->  Bitmap Index Scan on k_2  (cost=0.00..5.46 rows=103 width=0)
	        Index Cond: ((k >= 7279562) AND (k <= 7279662))

table 3 : explain SELECT k, c FROM sbtest3 WHERE k BETWEEN 7279562 AND 7279662
	Bitmap Heap Scan on sbtest3  (cost=5.47..405.44 rows=101 width=125)
	  Recheck Cond: ((k >= 7279562) AND (k <= 7279662))
	  ->  Bitmap Index Scan on k_3  (cost=0.00..5.44 rows=101 width=0)
	        Index Cond: ((k >= 7279562) AND (k <= 7279662))

table 4 : explain SELECT k, c FROM sbtest4 WHERE k BETWEEN 7279562 AND 7279662
	Bitmap Heap Scan on sbtest4  (cost=5.51..421.25 rows=105 width=125)
	  Recheck Cond: ((k >= 7279562) AND (k <= 7279662))
	  ->  Bitmap Index Scan on k_4  (cost=0.00..5.48 rows=105 width=0)
	        Index Cond: ((k >= 7279562) AND (k <= 7279662))

table 5 : explain SELECT k, c FROM sbtest5 WHERE k BETWEEN 7279562 AND 7279662
	Bitmap Heap Scan on sbtest5  (cost=5.47..405.48 rows=101 width=125)
	  Recheck Cond: ((k >= 7279562) AND (k <= 7279662))
	  ->  Bitmap Index Scan on k_5  (cost=0.00..5.44 rows=101 width=0)
	        Index Cond: ((k >= 7279562) AND (k <= 7279662))

table 6 : explain SELECT k, c FROM sbtest6 WHERE k BETWEEN 7279562 AND 7279662
	Bitmap Heap Scan on sbtest6  (cost=5.35..358.13 rows=89 width=125)
	  Recheck Cond: ((k >= 7279562) AND (k <= 7279662))
	  ->  Bitmap Index Scan on k_6  (cost=0.00..5.32 rows=89 width=0)
	        Index Cond: ((k >= 7279562) AND (k <= 7279662))

table 7 : explain SELECT k, c FROM sbtest7 WHERE k BETWEEN 7279562 AND 7279662
	Bitmap Heap Scan on sbtest7  (cost=5.54..433.12 rows=108 width=125)
	  Recheck Cond: ((k >= 7279562) AND (k <= 7279662))
	  ->  Bitmap Index Scan on k_7  (cost=0.00..5.51 rows=108 width=0)
	        Index Cond: ((k >= 7279562) AND (k <= 7279662))

table 8 : explain SELECT k, c FROM sbtest8 WHERE k BETWEEN 7279562 AND 7279662
	Bitmap Heap Scan on sbtest8  (cost=5.54..433.11 rows=108 width=125)
	  Recheck Cond: ((k >= 7279562) AND (k <= 7279662))
	  ->  Bitmap Index Scan on k_8  (cost=0.00..5.51 rows=108 width=0)
	        Index Cond: ((k >= 7279562) AND (k <= 7279662))

for range-notcovered
table 1 : explain SELECT k, c FROM sbtest1 WHERE k BETWEEN 7804666 AND 7804766
	Bitmap Heap Scan on sbtest1  (cost=5.42..385.68 rows=96 width=125)
	  Recheck Cond: ((k >= 7804666) AND (k <= 7804766))
	  ->  Bitmap Index Scan on k_1  (cost=0.00..5.39 rows=96 width=0)
	        Index Cond: ((k >= 7804666) AND (k <= 7804766))

table 2 : explain SELECT k, c FROM sbtest2 WHERE k BETWEEN 7804666 AND 7804766
	Bitmap Heap Scan on sbtest2  (cost=5.48..409.38 rows=102 width=125)
	  Recheck Cond: ((k >= 7804666) AND (k <= 7804766))
	  ->  Bitmap Index Scan on k_2  (cost=0.00..5.45 rows=102 width=0)
	        Index Cond: ((k >= 7804666) AND (k <= 7804766))

table 3 : explain SELECT k, c FROM sbtest3 WHERE k BETWEEN 7804666 AND 7804766
	Bitmap Heap Scan on sbtest3  (cost=5.48..409.39 rows=102 width=125)
	  Recheck Cond: ((k >= 7804666) AND (k <= 7804766))
	  ->  Bitmap Index Scan on k_3  (cost=0.00..5.45 rows=102 width=0)
	        Index Cond: ((k >= 7804666) AND (k <= 7804766))

table 4 : explain SELECT k, c FROM sbtest4 WHERE k BETWEEN 7804666 AND 7804766
	Bitmap Heap Scan on sbtest4  (cost=5.45..397.59 rows=99 width=125)
	  Recheck Cond: ((k >= 7804666) AND (k <= 7804766))
	  ->  Bitmap Index Scan on k_4  (cost=0.00..5.42 rows=99 width=0)
	        Index Cond: ((k >= 7804666) AND (k <= 7804766))

table 5 : explain SELECT k, c FROM sbtest5 WHERE k BETWEEN 7804666 AND 7804766
	Bitmap Heap Scan on sbtest5  (cost=5.52..425.19 rows=106 width=125)
	  Recheck Cond: ((k >= 7804666) AND (k <= 7804766))
	  ->  Bitmap Index Scan on k_5  (cost=0.00..5.50 rows=106 width=0)
	        Index Cond: ((k >= 7804666) AND (k <= 7804766))

table 6 : explain SELECT k, c FROM sbtest6 WHERE k BETWEEN 7804666 AND 7804766
	Bitmap Heap Scan on sbtest6  (cost=5.51..421.25 rows=105 width=125)
	  Recheck Cond: ((k >= 7804666) AND (k <= 7804766))
	  ->  Bitmap Index Scan on k_6  (cost=0.00..5.48 rows=105 width=0)
	        Index Cond: ((k >= 7804666) AND (k <= 7804766))

table 7 : explain SELECT k, c FROM sbtest7 WHERE k BETWEEN 7804666 AND 7804766
	Bitmap Heap Scan on sbtest7  (cost=5.48..409.46 rows=102 width=125)
	  Recheck Cond: ((k >= 7804666) AND (k <= 7804766))
	  ->  Bitmap Index Scan on k_7  (cost=0.00..5.45 rows=102 width=0)
	        Index Cond: ((k >= 7804666) AND (k <= 7804766))

table 8 : explain SELECT k, c FROM sbtest8 WHERE k BETWEEN 7804666 AND 7804766
	Bitmap Heap Scan on sbtest8  (cost=5.55..437.05 rows=109 width=125)
	  Recheck Cond: ((k >= 7804666) AND (k <= 7804766))
	  ->  Bitmap Index Scan on k_8  (cost=0.00..5.52 rows=109 width=0)
	        Index Cond: ((k >= 7804666) AND (k <= 7804766))

for range-notcovered
table 1 : explain SELECT k, c FROM sbtest1 WHERE k BETWEEN 4036988 AND 4037088
	Bitmap Heap Scan on sbtest1  (cost=5.56..440.87 rows=110 width=125)
	  Recheck Cond: ((k >= 4036988) AND (k <= 4037088))
	  ->  Bitmap Index Scan on k_1  (cost=0.00..5.53 rows=110 width=0)
	        Index Cond: ((k >= 4036988) AND (k <= 4037088))

table 2 : explain SELECT k, c FROM sbtest2 WHERE k BETWEEN 4036988 AND 4037088
	Bitmap Heap Scan on sbtest2  (cost=5.48..409.38 rows=102 width=125)
	  Recheck Cond: ((k >= 4036988) AND (k <= 4037088))
	  ->  Bitmap Index Scan on k_2  (cost=0.00..5.45 rows=102 width=0)
	        Index Cond: ((k >= 4036988) AND (k <= 4037088))

table 3 : explain SELECT k, c FROM sbtest3 WHERE k BETWEEN 4036988 AND 4037088
	Bitmap Heap Scan on sbtest3  (cost=5.51..421.21 rows=105 width=125)
	  Recheck Cond: ((k >= 4036988) AND (k <= 4037088))
	  ->  Bitmap Index Scan on k_3  (cost=0.00..5.48 rows=105 width=0)
	        Index Cond: ((k >= 4036988) AND (k <= 4037088))

table 4 : explain SELECT k, c FROM sbtest4 WHERE k BETWEEN 4036988 AND 4037088
	Bitmap Heap Scan on sbtest4  (cost=5.47..405.48 rows=101 width=125)
	  Recheck Cond: ((k >= 4036988) AND (k <= 4037088))
	  ->  Bitmap Index Scan on k_4  (cost=0.00..5.44 rows=101 width=0)
	        Index Cond: ((k >= 4036988) AND (k <= 4037088))

table 5 : explain SELECT k, c FROM sbtest5 WHERE k BETWEEN 4036988 AND 4037088
	Bitmap Heap Scan on sbtest5  (cost=5.60..456.71 rows=114 width=125)
	  Recheck Cond: ((k >= 4036988) AND (k <= 4037088))
	  ->  Bitmap Index Scan on k_5  (cost=0.00..5.58 rows=114 width=0)
	        Index Cond: ((k >= 4036988) AND (k <= 4037088))

table 6 : explain SELECT k, c FROM sbtest6 WHERE k BETWEEN 4036988 AND 4037088
	Bitmap Heap Scan on sbtest6  (cost=5.44..393.65 rows=98 width=125)
	  Recheck Cond: ((k >= 4036988) AND (k <= 4037088))
	  ->  Bitmap Index Scan on k_6  (cost=0.00..5.42 rows=98 width=0)
	        Index Cond: ((k >= 4036988) AND (k <= 4037088))

table 7 : explain SELECT k, c FROM sbtest7 WHERE k BETWEEN 4036988 AND 4037088
	Bitmap Heap Scan on sbtest7  (cost=5.46..401.57 rows=100 width=125)
	  Recheck Cond: ((k >= 4036988) AND (k <= 4037088))
	  ->  Bitmap Index Scan on k_7  (cost=0.00..5.43 rows=100 width=0)
	        Index Cond: ((k >= 4036988) AND (k <= 4037088))

table 8 : explain SELECT k, c FROM sbtest8 WHERE k BETWEEN 4036988 AND 4037088
	Bitmap Heap Scan on sbtest8  (cost=5.52..425.23 rows=106 width=125)
	  Recheck Cond: ((k >= 4036988) AND (k <= 4037088))
	  ->  Bitmap Index Scan on k_8  (cost=0.00..5.50 rows=106 width=0)
	        Index Cond: ((k >= 4036988) AND (k <= 4037088))

for range-notcovered
table 1 : explain SELECT k, c FROM sbtest1 WHERE k BETWEEN 6222055 AND 6222155
	Bitmap Heap Scan on sbtest1  (cost=5.48..409.34 rows=102 width=125)
	  Recheck Cond: ((k >= 6222055) AND (k <= 6222155))
	  ->  Bitmap Index Scan on k_1  (cost=0.00..5.45 rows=102 width=0)
	        Index Cond: ((k >= 6222055) AND (k <= 6222155))

table 2 : explain SELECT k, c FROM sbtest2 WHERE k BETWEEN 6222055 AND 6222155
	Bitmap Heap Scan on sbtest2  (cost=5.55..436.97 rows=109 width=125)
	  Recheck Cond: ((k >= 6222055) AND (k <= 6222155))
	  ->  Bitmap Index Scan on k_2  (cost=0.00..5.52 rows=109 width=0)
	        Index Cond: ((k >= 6222055) AND (k <= 6222155))

table 3 : explain SELECT k, c FROM sbtest3 WHERE k BETWEEN 6222055 AND 6222155
	Bitmap Heap Scan on sbtest3  (cost=5.50..417.27 rows=104 width=125)
	  Recheck Cond: ((k >= 6222055) AND (k <= 6222155))
	  ->  Bitmap Index Scan on k_3  (cost=0.00..5.47 rows=104 width=0)
	        Index Cond: ((k >= 6222055) AND (k <= 6222155))

table 4 : explain SELECT k, c FROM sbtest4 WHERE k BETWEEN 6222055 AND 6222155
	Bitmap Heap Scan on sbtest4  (cost=5.48..409.42 rows=102 width=125)
	  Recheck Cond: ((k >= 6222055) AND (k <= 6222155))
	  ->  Bitmap Index Scan on k_4  (cost=0.00..5.45 rows=102 width=0)
	        Index Cond: ((k >= 6222055) AND (k <= 6222155))

table 5 : explain SELECT k, c FROM sbtest5 WHERE k BETWEEN 6222055 AND 6222155
	Bitmap Heap Scan on sbtest5  (cost=5.49..413.37 rows=103 width=125)
	  Recheck Cond: ((k >= 6222055) AND (k <= 6222155))
	  ->  Bitmap Index Scan on k_5  (cost=0.00..5.46 rows=103 width=0)
	        Index Cond: ((k >= 6222055) AND (k <= 6222155))

table 6 : explain SELECT k, c FROM sbtest6 WHERE k BETWEEN 6222055 AND 6222155
	Bitmap Heap Scan on sbtest6  (cost=5.43..389.70 rows=97 width=125)
	  Recheck Cond: ((k >= 6222055) AND (k <= 6222155))
	  ->  Bitmap Index Scan on k_6  (cost=0.00..5.40 rows=97 width=0)
	        Index Cond: ((k >= 6222055) AND (k <= 6222155))

table 7 : explain SELECT k, c FROM sbtest7 WHERE k BETWEEN 6222055 AND 6222155
	Bitmap Heap Scan on sbtest7  (cost=5.45..397.63 rows=99 width=125)
	  Recheck Cond: ((k >= 6222055) AND (k <= 6222155))
	  ->  Bitmap Index Scan on k_7  (cost=0.00..5.42 rows=99 width=0)
	        Index Cond: ((k >= 6222055) AND (k <= 6222155))

table 8 : explain SELECT k, c FROM sbtest8 WHERE k BETWEEN 6222055 AND 6222155
	Bitmap Heap Scan on sbtest8  (cost=5.51..421.29 rows=105 width=125)
	  Recheck Cond: ((k >= 6222055) AND (k <= 6222155))
	  ->  Bitmap Index Scan on k_8  (cost=0.00..5.48 rows=105 width=0)
	        Index Cond: ((k >= 6222055) AND (k <= 6222155))

for range-notcovered
table 1 : explain SELECT k, c FROM sbtest1 WHERE k BETWEEN 5037553 AND 5037653
	Bitmap Heap Scan on sbtest1  (cost=5.52..425.11 rows=106 width=125)
	  Recheck Cond: ((k >= 5037553) AND (k <= 5037653))
	  ->  Bitmap Index Scan on k_1  (cost=0.00..5.50 rows=106 width=0)
	        Index Cond: ((k >= 5037553) AND (k <= 5037653))

table 2 : explain SELECT k, c FROM sbtest2 WHERE k BETWEEN 5037553 AND 5037653
	Bitmap Heap Scan on sbtest2  (cost=5.62..464.54 rows=116 width=125)
	  Recheck Cond: ((k >= 5037553) AND (k <= 5037653))
	  ->  Bitmap Index Scan on k_2  (cost=0.00..5.59 rows=116 width=0)
	        Index Cond: ((k >= 5037553) AND (k <= 5037653))

table 3 : explain SELECT k, c FROM sbtest3 WHERE k BETWEEN 5037553 AND 5037653
	Bitmap Heap Scan on sbtest3  (cost=5.51..421.21 rows=105 width=125)
	  Recheck Cond: ((k >= 5037553) AND (k <= 5037653))
	  ->  Bitmap Index Scan on k_3  (cost=0.00..5.48 rows=105 width=0)
	        Index Cond: ((k >= 5037553) AND (k <= 5037653))

table 4 : explain SELECT k, c FROM sbtest4 WHERE k BETWEEN 5037553 AND 5037653
	Bitmap Heap Scan on sbtest4  (cost=5.48..409.42 rows=102 width=125)
	  Recheck Cond: ((k >= 5037553) AND (k <= 5037653))
	  ->  Bitmap Index Scan on k_4  (cost=0.00..5.45 rows=102 width=0)
	        Index Cond: ((k >= 5037553) AND (k <= 5037653))

table 5 : explain SELECT k, c FROM sbtest5 WHERE k BETWEEN 5037553 AND 5037653
	Bitmap Heap Scan on sbtest5  (cost=5.55..437.02 rows=109 width=125)
	  Recheck Cond: ((k >= 5037553) AND (k <= 5037653))
	  ->  Bitmap Index Scan on k_5  (cost=0.00..5.52 rows=109 width=0)
	        Index Cond: ((k >= 5037553) AND (k <= 5037653))

table 6 : explain SELECT k, c FROM sbtest6 WHERE k BETWEEN 5037553 AND 5037653
	Bitmap Heap Scan on sbtest6  (cost=5.47..405.48 rows=101 width=125)
	  Recheck Cond: ((k >= 5037553) AND (k <= 5037653))
	  ->  Bitmap Index Scan on k_6  (cost=0.00..5.44 rows=101 width=0)
	        Index Cond: ((k >= 5037553) AND (k <= 5037653))

table 7 : explain SELECT k, c FROM sbtest7 WHERE k BETWEEN 5037553 AND 5037653
	Bitmap Heap Scan on sbtest7  (cost=5.41..381.85 rows=95 width=125)
	  Recheck Cond: ((k >= 5037553) AND (k <= 5037653))
	  ->  Bitmap Index Scan on k_7  (cost=0.00..5.38 rows=95 width=0)
	        Index Cond: ((k >= 5037553) AND (k <= 5037653))

table 8 : explain SELECT k, c FROM sbtest8 WHERE k BETWEEN 5037553 AND 5037653
	Bitmap Heap Scan on sbtest8  (cost=5.42..385.79 rows=96 width=125)
	  Recheck Cond: ((k >= 5037553) AND (k <= 5037653))
	  ->  Bitmap Index Scan on k_8  (cost=0.00..5.39 rows=96 width=0)
	        Index Cond: ((k >= 5037553) AND (k <= 5037653))

explain: for range-notcovered :: explain SELECT k, c FROM sbtest%d WHERE k BETWEEN 5037553 AND 5037653
for range-notcovered
table 1 : explain SELECT k, c FROM sbtest1 WHERE k BETWEEN 420332 AND 420432
	Bitmap Heap Scan on sbtest1  (cost=5.57..444.80 rows=111 width=125)
	  Recheck Cond: ((k >= 420332) AND (k <= 420432))
	  ->  Bitmap Index Scan on k_1  (cost=0.00..5.54 rows=111 width=0)
	        Index Cond: ((k >= 420332) AND (k <= 420432))

table 2 : explain SELECT k, c FROM sbtest2 WHERE k BETWEEN 420332 AND 420432
	Bitmap Heap Scan on sbtest2  (cost=5.44..393.61 rows=98 width=125)
	  Recheck Cond: ((k >= 420332) AND (k <= 420432))
	  ->  Bitmap Index Scan on k_2  (cost=0.00..5.42 rows=98 width=0)
	        Index Cond: ((k >= 420332) AND (k <= 420432))

table 3 : explain SELECT k, c FROM sbtest3 WHERE k BETWEEN 420332 AND 420432
	Bitmap Heap Scan on sbtest3  (cost=5.61..460.60 rows=115 width=125)
	  Recheck Cond: ((k >= 420332) AND (k <= 420432))
	  ->  Bitmap Index Scan on k_3  (cost=0.00..5.58 rows=115 width=0)
	        Index Cond: ((k >= 420332) AND (k <= 420432))

table 4 : explain SELECT k, c FROM sbtest4 WHERE k BETWEEN 420332 AND 420432
	Bitmap Heap Scan on sbtest4  (cost=5.47..405.48 rows=101 width=125)
	  Recheck Cond: ((k >= 420332) AND (k <= 420432))
	  ->  Bitmap Index Scan on k_4  (cost=0.00..5.44 rows=101 width=0)
	        Index Cond: ((k >= 420332) AND (k <= 420432))

table 5 : explain SELECT k, c FROM sbtest5 WHERE k BETWEEN 420332 AND 420432
	Bitmap Heap Scan on sbtest5  (cost=5.49..413.37 rows=103 width=125)
	  Recheck Cond: ((k >= 420332) AND (k <= 420432))
	  ->  Bitmap Index Scan on k_5  (cost=0.00..5.46 rows=103 width=0)
	        Index Cond: ((k >= 420332) AND (k <= 420432))

table 6 : explain SELECT k, c FROM sbtest6 WHERE k BETWEEN 420332 AND 420432
	Bitmap Heap Scan on sbtest6  (cost=5.47..405.48 rows=101 width=125)
	  Recheck Cond: ((k >= 420332) AND (k <= 420432))
	  ->  Bitmap Index Scan on k_6  (cost=0.00..5.44 rows=101 width=0)
	        Index Cond: ((k >= 420332) AND (k <= 420432))

table 7 : explain SELECT k, c FROM sbtest7 WHERE k BETWEEN 420332 AND 420432
	Bitmap Heap Scan on sbtest7  (cost=5.47..405.52 rows=101 width=125)
	  Recheck Cond: ((k >= 420332) AND (k <= 420432))
	  ->  Bitmap Index Scan on k_7  (cost=0.00..5.44 rows=101 width=0)
	        Index Cond: ((k >= 420332) AND (k <= 420432))

table 8 : explain SELECT k, c FROM sbtest8 WHERE k BETWEEN 420332 AND 420432
	Bitmap Heap Scan on sbtest8  (cost=5.51..421.29 rows=105 width=125)
	  Recheck Cond: ((k >= 420332) AND (k <= 420432))
	  ->  Bitmap Index Scan on k_8  (cost=0.00..5.48 rows=105 width=0)
	        Index Cond: ((k >= 420332) AND (k <= 420432))

explain: for range-notcovered :: explain SELECT k, c FROM sbtest%d WHERE k BETWEEN 420332 AND 420432
for range-notcovered
table 1 : explain SELECT k, c FROM sbtest1 WHERE k BETWEEN 5037553 AND 5037653
	Bitmap Heap Scan on sbtest1  (cost=5.52..425.11 rows=106 width=125)
	  Recheck Cond: ((k >= 5037553) AND (k <= 5037653))
	  ->  Bitmap Index Scan on k_1  (cost=0.00..5.50 rows=106 width=0)
	        Index Cond: ((k >= 5037553) AND (k <= 5037653))

table 2 : explain SELECT k, c FROM sbtest2 WHERE k BETWEEN 5037553 AND 5037653
	Bitmap Heap Scan on sbtest2  (cost=5.62..464.54 rows=116 width=125)
	  Recheck Cond: ((k >= 5037553) AND (k <= 5037653))
	  ->  Bitmap Index Scan on k_2  (cost=0.00..5.59 rows=116 width=0)
	        Index Cond: ((k >= 5037553) AND (k <= 5037653))

table 3 : explain SELECT k, c FROM sbtest3 WHERE k BETWEEN 5037553 AND 5037653
	Bitmap Heap Scan on sbtest3  (cost=5.51..421.21 rows=105 width=125)
	  Recheck Cond: ((k >= 5037553) AND (k <= 5037653))
	  ->  Bitmap Index Scan on k_3  (cost=0.00..5.48 rows=105 width=0)
	        Index Cond: ((k >= 5037553) AND (k <= 5037653))

table 4 : explain SELECT k, c FROM sbtest4 WHERE k BETWEEN 5037553 AND 5037653
	Bitmap Heap Scan on sbtest4  (cost=5.48..409.42 rows=102 width=125)
	  Recheck Cond: ((k >= 5037553) AND (k <= 5037653))
	  ->  Bitmap Index Scan on k_4  (cost=0.00..5.45 rows=102 width=0)
	        Index Cond: ((k >= 5037553) AND (k <= 5037653))

table 5 : explain SELECT k, c FROM sbtest5 WHERE k BETWEEN 5037553 AND 5037653
	Bitmap Heap Scan on sbtest5  (cost=5.55..437.02 rows=109 width=125)
	  Recheck Cond: ((k >= 5037553) AND (k <= 5037653))
	  ->  Bitmap Index Scan on k_5  (cost=0.00..5.52 rows=109 width=0)
	        Index Cond: ((k >= 5037553) AND (k <= 5037653))

table 6 : explain SELECT k, c FROM sbtest6 WHERE k BETWEEN 5037553 AND 5037653
	Bitmap Heap Scan on sbtest6  (cost=5.47..405.48 rows=101 width=125)
	  Recheck Cond: ((k >= 5037553) AND (k <= 5037653))
	  ->  Bitmap Index Scan on k_6  (cost=0.00..5.44 rows=101 width=0)
	        Index Cond: ((k >= 5037553) AND (k <= 5037653))

table 7 : explain SELECT k, c FROM sbtest7 WHERE k BETWEEN 5037553 AND 5037653
	Bitmap Heap Scan on sbtest7  (cost=5.41..381.85 rows=95 width=125)
	  Recheck Cond: ((k >= 5037553) AND (k <= 5037653))
	  ->  Bitmap Index Scan on k_7  (cost=0.00..5.38 rows=95 width=0)
	        Index Cond: ((k >= 5037553) AND (k <= 5037653))

table 8 : explain SELECT k, c FROM sbtest8 WHERE k BETWEEN 5037553 AND 5037653
	Bitmap Heap Scan on sbtest8  (cost=5.42..385.79 rows=96 width=125)
	  Recheck Cond: ((k >= 5037553) AND (k <= 5037653))
	  ->  Bitmap Index Scan on k_8  (cost=0.00..5.39 rows=96 width=0)
	        Index Cond: ((k >= 5037553) AND (k <= 5037653))

for range-notcovered
table 1 : explain SELECT k, c FROM sbtest1 WHERE k BETWEEN 420332 AND 420432
	Bitmap Heap Scan on sbtest1  (cost=5.57..444.80 rows=111 width=125)
	  Recheck Cond: ((k >= 420332) AND (k <= 420432))
	  ->  Bitmap Index Scan on k_1  (cost=0.00..5.54 rows=111 width=0)
	        Index Cond: ((k >= 420332) AND (k <= 420432))

table 2 : explain SELECT k, c FROM sbtest2 WHERE k BETWEEN 420332 AND 420432
	Bitmap Heap Scan on sbtest2  (cost=5.44..393.61 rows=98 width=125)
	  Recheck Cond: ((k >= 420332) AND (k <= 420432))
	  ->  Bitmap Index Scan on k_2  (cost=0.00..5.42 rows=98 width=0)
	        Index Cond: ((k >= 420332) AND (k <= 420432))

table 3 : explain SELECT k, c FROM sbtest3 WHERE k BETWEEN 420332 AND 420432
	Bitmap Heap Scan on sbtest3  (cost=5.61..460.60 rows=115 width=125)
	  Recheck Cond: ((k >= 420332) AND (k <= 420432))
	  ->  Bitmap Index Scan on k_3  (cost=0.00..5.58 rows=115 width=0)
	        Index Cond: ((k >= 420332) AND (k <= 420432))

table 4 : explain SELECT k, c FROM sbtest4 WHERE k BETWEEN 420332 AND 420432
	Bitmap Heap Scan on sbtest4  (cost=5.47..405.48 rows=101 width=125)
	  Recheck Cond: ((k >= 420332) AND (k <= 420432))
	  ->  Bitmap Index Scan on k_4  (cost=0.00..5.44 rows=101 width=0)
	        Index Cond: ((k >= 420332) AND (k <= 420432))

table 5 : explain SELECT k, c FROM sbtest5 WHERE k BETWEEN 420332 AND 420432
	Bitmap Heap Scan on sbtest5  (cost=5.49..413.37 rows=103 width=125)
	  Recheck Cond: ((k >= 420332) AND (k <= 420432))
	  ->  Bitmap Index Scan on k_5  (cost=0.00..5.46 rows=103 width=0)
	        Index Cond: ((k >= 420332) AND (k <= 420432))

table 6 : explain SELECT k, c FROM sbtest6 WHERE k BETWEEN 420332 AND 420432
	Bitmap Heap Scan on sbtest6  (cost=5.47..405.48 rows=101 width=125)
	  Recheck Cond: ((k >= 420332) AND (k <= 420432))
	  ->  Bitmap Index Scan on k_6  (cost=0.00..5.44 rows=101 width=0)
	        Index Cond: ((k >= 420332) AND (k <= 420432))

table 7 : explain SELECT k, c FROM sbtest7 WHERE k BETWEEN 420332 AND 420432
	Bitmap Heap Scan on sbtest7  (cost=5.47..405.52 rows=101 width=125)
	  Recheck Cond: ((k >= 420332) AND (k <= 420432))
	  ->  Bitmap Index Scan on k_7  (cost=0.00..5.44 rows=101 width=0)
	        Index Cond: ((k >= 420332) AND (k <= 420432))

table 8 : explain SELECT k, c FROM sbtest8 WHERE k BETWEEN 420332 AND 420432
	Bitmap Heap Scan on sbtest8  (cost=5.51..421.29 rows=105 width=125)
	  Recheck Cond: ((k >= 420332) AND (k <= 420432))
	  ->  Bitmap Index Scan on k_8  (cost=0.00..5.48 rows=105 width=0)
	        Index Cond: ((k >= 420332) AND (k <= 420432))

Threads started!

Warming up for 5 seconds...

SQL statistics:
    queries performed:
        read:                            103047686
        write:                           0
        other:                           0
        total:                           103047686
    transactions:                        103047686 (163566.17 per sec.)
    queries:                             103047686 (163566.17 per sec.)
    ignored errors:                      0      (0.00 per sec.)
    reconnects:                          0      (0.00 per sec.)

Throughput:
    events/s (eps):                      163566.1679
    time elapsed:                        630.0062s
    total number of events:              103047686

Latency (ms):
         min:                                    0.07
         avg:                                    0.24
         max:                                   16.24
         95th percentile:                        0.28
         sum:                             25156918.14

Threads fairness:
    events (avg/stddev):           2576188.7500/5809.56
    execution time (avg/stddev):   628.9230/0.03

