LUA_PATH=/home/mdcallag/git/mytools/bench/sysbench.lua/lua/?.lua /home/mdcallag/git/mytools/bench/sysbench.lua/lua/sysbench --db-driver=pgsql --range-size=100 --table-size=10000000 --tables=8 --threads=40 --events=0 --warmup-time=5 --time=630 --pgsql_conn_id=true /home/mdcallag/git/mytools/bench/sysbench.lua/lua/oltp_point_select.lua run --pgsql-user=root --pgsql-password=pw --pgsql-host=127.0.0.1 --pgsql-db=ib --rand-type=uniform --skip-trx
48 CPUs
sysbench 1.1.0-9072687 (using bundled LuaJIT 2.1.0-beta3)

Running the test with following options:
Number of threads: 40
Warmup time: 5s
Initializing random number generator from current time


Initializing worker threads...

explain: for point_selects :: explain SELECT c FROM sbtest%u WHERE id=%u
explain: for point_selects :: explain SELECT c FROM sbtest%u WHERE id=%u
explain: for point_selects :: explain SELECT c FROM sbtest%u WHERE id=%u
explain: for point_selects :: explain SELECT c FROM sbtest%u WHERE id=%u
explain: for point_selects :: explain SELECT c FROM sbtest%u WHERE id=%u
for point_selects
table 1 : explain SELECT c FROM sbtest1 WHERE id=3248336
	Index Scan using sbtest1_pkey on sbtest1  (cost=0.43..8.45 rows=1 width=121)
	  Index Cond: (id = 3248336)

table 2 : explain SELECT c FROM sbtest2 WHERE id=6513863
	Index Scan using sbtest2_pkey on sbtest2  (cost=0.43..8.45 rows=1 width=121)
	  Index Cond: (id = 6513863)

table 3 : explain SELECT c FROM sbtest3 WHERE id=5212754
	Index Scan using sbtest3_pkey on sbtest3  (cost=0.43..8.45 rows=1 width=121)
	  Index Cond: (id = 5212754)

table 4 : explain SELECT c FROM sbtest4 WHERE id=3895282
	Index Scan using sbtest4_pkey on sbtest4  (cost=0.43..8.45 rows=1 width=121)
	  Index Cond: (id = 3895282)

table 5 : explain SELECT c FROM sbtest5 WHERE id=6336153
	Index Scan using sbtest5_pkey on sbtest5  (cost=0.43..8.45 rows=1 width=121)
	  Index Cond: (id = 6336153)

table 6 : explain SELECT c FROM sbtest6 WHERE id=8962040
	Index Scan using sbtest6_pkey on sbtest6  (cost=0.43..8.45 rows=1 width=121)
	  Index Cond: (id = 8962040)

table 7 : explain SELECT c FROM sbtest7 WHERE id=3283502
	Index Scan using sbtest7_pkey on sbtest7  (cost=0.43..8.45 rows=1 width=121)
	  Index Cond: (id = 3283502)

table 8 : explain SELECT c FROM sbtest8 WHERE id=2497834
	Index Scan using sbtest8_pkey on sbtest8  (cost=0.43..8.45 rows=1 width=121)
	  Index Cond: (id = 2497834)

for point_selects
table 1 : explain SELECT c FROM sbtest1 WHERE id=660205
	Index Scan using sbtest1_pkey on sbtest1  (cost=0.43..8.45 rows=1 width=121)
	  Index Cond: (id = 660205)

table 2 : explain SELECT c FROM sbtest2 WHERE id=5852232
	Index Scan using sbtest2_pkey on sbtest2  (cost=0.43..8.45 rows=1 width=121)
	  Index Cond: (id = 5852232)

table 3 : explain SELECT c FROM sbtest3 WHERE id=8811350
	Index Scan using sbtest3_pkey on sbtest3  (cost=0.43..8.45 rows=1 width=121)
	  Index Cond: (id = 8811350)

table 4 : explain SELECT c FROM sbtest4 WHERE id=8229948
	Index Scan using sbtest4_pkey on sbtest4  (cost=0.43..8.45 rows=1 width=121)
	  Index Cond: (id = 8229948)

table 5 : explain SELECT c FROM sbtest5 WHERE id=4150386
	Index Scan using sbtest5_pkey on sbtest5  (cost=0.43..8.45 rows=1 width=121)
	  Index Cond: (id = 4150386)

table 6 : explain SELECT c FROM sbtest6 WHERE id=299002
	Index Scan using sbtest6_pkey on sbtest6  (cost=0.43..8.45 rows=1 width=121)
	  Index Cond: (id = 299002)

table 7 : explain SELECT c FROM sbtest7 WHERE id=3899985
	Index Scan using sbtest7_pkey on sbtest7  (cost=0.43..8.45 rows=1 width=121)
	  Index Cond: (id = 3899985)

table 8 : explain SELECT c FROM sbtest8 WHERE id=9469435
	Index Scan using sbtest8_pkey on sbtest8  (cost=0.43..8.45 rows=1 width=121)
	  Index Cond: (id = 9469435)

for point_selects
table 1 : explain SELECT c FROM sbtest1 WHERE id=4666908
	Index Scan using sbtest1_pkey on sbtest1  (cost=0.43..8.45 rows=1 width=121)
	  Index Cond: (id = 4666908)

table 2 : explain SELECT c FROM sbtest2 WHERE id=6371937
	Index Scan using sbtest2_pkey on sbtest2  (cost=0.43..8.45 rows=1 width=121)
	  Index Cond: (id = 6371937)

table 3 : explain SELECT c FROM sbtest3 WHERE id=2296842
	Index Scan using sbtest3_pkey on sbtest3  (cost=0.43..8.45 rows=1 width=121)
	  Index Cond: (id = 2296842)

table 4 : explain SELECT c FROM sbtest4 WHERE id=1983521
	Index Scan using sbtest4_pkey on sbtest4  (cost=0.43..8.45 rows=1 width=121)
	  Index Cond: (id = 1983521)

table 5 : explain SELECT c FROM sbtest5 WHERE id=2548470
	Index Scan using sbtest5_pkey on sbtest5  (cost=0.43..8.45 rows=1 width=121)
	  Index Cond: (id = 2548470)

table 6 : explain SELECT c FROM sbtest6 WHERE id=1488333
	Index Scan using sbtest6_pkey on sbtest6  (cost=0.43..8.45 rows=1 width=121)
	  Index Cond: (id = 1488333)

table 7 : explain SELECT c FROM sbtest7 WHERE id=1577248
	Index Scan using sbtest7_pkey on sbtest7  (cost=0.43..8.45 rows=1 width=121)
	  Index Cond: (id = 1577248)

table 8 : explain SELECT c FROM sbtest8 WHERE id=4857161
	Index Scan using sbtest8_pkey on sbtest8  (cost=0.43..8.45 rows=1 width=121)
	  Index Cond: (id = 4857161)

for point_selects
table 1 : explain SELECT c FROM sbtest1 WHERE id=5139103
	Index Scan using sbtest1_pkey on sbtest1  (cost=0.43..8.45 rows=1 width=121)
	  Index Cond: (id = 5139103)

table 2 : explain SELECT c FROM sbtest2 WHERE id=8409612
	Index Scan using sbtest2_pkey on sbtest2  (cost=0.43..8.45 rows=1 width=121)
	  Index Cond: (id = 8409612)

table 3 : explain SELECT c FROM sbtest3 WHERE id=8776630
	Index Scan using sbtest3_pkey on sbtest3  (cost=0.43..8.45 rows=1 width=121)
	  Index Cond: (id = 8776630)

table 4 : explain SELECT c FROM sbtest4 WHERE id=6958561
	Index Scan using sbtest4_pkey on sbtest4  (cost=0.43..8.45 rows=1 width=121)
	  Index Cond: (id = 6958561)

table 5 : explain SELECT c FROM sbtest5 WHERE id=9158844
	Index Scan using sbtest5_pkey on sbtest5  (cost=0.43..8.45 rows=1 width=121)
	  Index Cond: (id = 9158844)

table 6 : explain SELECT c FROM sbtest6 WHERE id=7606745
	Index Scan using sbtest6_pkey on sbtest6  (cost=0.43..8.45 rows=1 width=121)
	  Index Cond: (id = 7606745)

table 7 : explain SELECT c FROM sbtest7 WHERE id=9129278
	Index Scan using sbtest7_pkey on sbtest7  (cost=0.43..8.45 rows=1 width=121)
	  Index Cond: (id = 9129278)

table 8 : explain SELECT c FROM sbtest8 WHERE id=2494387
	Index Scan using sbtest8_pkey on sbtest8  (cost=0.43..8.45 rows=1 width=121)
	  Index Cond: (id = 2494387)

for point_selects
table 1 : explain SELECT c FROM sbtest1 WHERE id=9917251
	Index Scan using sbtest1_pkey on sbtest1  (cost=0.43..8.45 rows=1 width=121)
	  Index Cond: (id = 9917251)

table 2 : explain SELECT c FROM sbtest2 WHERE id=2374584
	Index Scan using sbtest2_pkey on sbtest2  (cost=0.43..8.45 rows=1 width=121)
	  Index Cond: (id = 2374584)

table 3 : explain SELECT c FROM sbtest3 WHERE id=4234623
	Index Scan using sbtest3_pkey on sbtest3  (cost=0.43..8.45 rows=1 width=121)
	  Index Cond: (id = 4234623)

table 4 : explain SELECT c FROM sbtest4 WHERE id=172236
	Index Scan using sbtest4_pkey on sbtest4  (cost=0.43..8.45 rows=1 width=121)
	  Index Cond: (id = 172236)

table 5 : explain SELECT c FROM sbtest5 WHERE id=2598206
	Index Scan using sbtest5_pkey on sbtest5  (cost=0.43..8.45 rows=1 width=121)
	  Index Cond: (id = 2598206)

table 6 : explain SELECT c FROM sbtest6 WHERE id=7984860
	Index Scan using sbtest6_pkey on sbtest6  (cost=0.43..8.45 rows=1 width=121)
	  Index Cond: (id = 7984860)

table 7 : explain SELECT c FROM sbtest7 WHERE id=25028
	Index Scan using sbtest7_pkey on sbtest7  (cost=0.43..8.45 rows=1 width=121)
	  Index Cond: (id = 25028)

table 8 : explain SELECT c FROM sbtest8 WHERE id=7491328
	Index Scan using sbtest8_pkey on sbtest8  (cost=0.43..8.45 rows=1 width=121)
	  Index Cond: (id = 7491328)

explain: for point_selects :: explain SELECT c FROM sbtest%u WHERE id=%u
explain: for point_selects :: explain SELECT c FROM sbtest%u WHERE id=%u
explain: for point_selects :: explain SELECT c FROM sbtest%u WHERE id=%u
explain: for point_selects :: explain SELECT c FROM sbtest%u WHERE id=%u
explain: for point_selects :: explain SELECT c FROM sbtest%u WHERE id=%u
explain: for point_selects :: explain SELECT c FROM sbtest%u WHERE id=%u
explain: for point_selects :: explain SELECT c FROM sbtest%u WHERE id=%u
for point_selects
table 1 : explain SELECT c FROM sbtest1 WHERE id=6916763
	Index Scan using sbtest1_pkey on sbtest1  (cost=0.43..8.45 rows=1 width=121)
	  Index Cond: (id = 6916763)

table 2 : explain SELECT c FROM sbtest2 WHERE id=5972240
	Index Scan using sbtest2_pkey on sbtest2  (cost=0.43..8.45 rows=1 width=121)
	  Index Cond: (id = 5972240)

table 3 : explain SELECT c FROM sbtest3 WHERE id=5232613
	Index Scan using sbtest3_pkey on sbtest3  (cost=0.43..8.45 rows=1 width=121)
	  Index Cond: (id = 5232613)

table 4 : explain SELECT c FROM sbtest4 WHERE id=4451010
	Index Scan using sbtest4_pkey on sbtest4  (cost=0.43..8.45 rows=1 width=121)
	  Index Cond: (id = 4451010)

table 5 : explain SELECT c FROM sbtest5 WHERE id=6425641
	Index Scan using sbtest5_pkey on sbtest5  (cost=0.43..8.45 rows=1 width=121)
	  Index Cond: (id = 6425641)

table 6 : explain SELECT c FROM sbtest6 WHERE id=3443999
	Index Scan using sbtest6_pkey on sbtest6  (cost=0.43..8.45 rows=1 width=121)
	  Index Cond: (id = 3443999)

table 7 : explain SELECT c FROM sbtest7 WHERE id=6679435
	Index Scan using sbtest7_pkey on sbtest7  (cost=0.43..8.45 rows=1 width=121)
	  Index Cond: (id = 6679435)

table 8 : explain SELECT c FROM sbtest8 WHERE id=993658
	Index Scan using sbtest8_pkey on sbtest8  (cost=0.43..8.45 rows=1 width=121)
	  Index Cond: (id = 993658)

explain: for point_selects :: explain SELECT c FROM sbtest%u WHERE id=%u
explain: for point_selects :: explain SELECT c FROM sbtest%u WHERE id=%u
for point_selects
table 1 : explain SELECT c FROM sbtest1 WHERE id=5768837
	Index Scan using sbtest1_pkey on sbtest1  (cost=0.43..8.45 rows=1 width=121)
	  Index Cond: (id = 5768837)

table 2 : explain SELECT c FROM sbtest2 WHERE id=2691456
	Index Scan using sbtest2_pkey on sbtest2  (cost=0.43..8.45 rows=1 width=121)
	  Index Cond: (id = 2691456)

table 3 : explain SELECT c FROM sbtest3 WHERE id=1360314
	Index Scan using sbtest3_pkey on sbtest3  (cost=0.43..8.45 rows=1 width=121)
	  Index Cond: (id = 1360314)

table 4 : explain SELECT c FROM sbtest4 WHERE id=143143
	Index Scan using sbtest4_pkey on sbtest4  (cost=0.43..8.45 rows=1 width=121)
	  Index Cond: (id = 143143)

table 5 : explain SELECT c FROM sbtest5 WHERE id=1411699
	Index Scan using sbtest5_pkey on sbtest5  (cost=0.43..8.45 rows=1 width=121)
	  Index Cond: (id = 1411699)

table 6 : explain SELECT c FROM sbtest6 WHERE id=5008846
	Index Scan using sbtest6_pkey on sbtest6  (cost=0.43..8.45 rows=1 width=121)
	  Index Cond: (id = 5008846)

table 7 : explain SELECT c FROM sbtest7 WHERE id=9490947
	Index Scan using sbtest7_pkey on sbtest7  (cost=0.43..8.45 rows=1 width=121)
	  Index Cond: (id = 9490947)

table 8 : explain SELECT c FROM sbtest8 WHERE id=5157732
	Index Scan using sbtest8_pkey on sbtest8  (cost=0.43..8.45 rows=1 width=121)
	  Index Cond: (id = 5157732)

for point_selects
table 1 : explain SELECT c FROM sbtest1 WHERE id=3374936
	Index Scan using sbtest1_pkey on sbtest1  (cost=0.43..8.45 rows=1 width=121)
	  Index Cond: (id = 3374936)

table 2 : explain SELECT c FROM sbtest2 WHERE id=1888593
	Index Scan using sbtest2_pkey on sbtest2  (cost=0.43..8.45 rows=1 width=121)
	  Index Cond: (id = 1888593)

table 3 : explain SELECT c FROM sbtest3 WHERE id=3743604
	Index Scan using sbtest3_pkey on sbtest3  (cost=0.43..8.45 rows=1 width=121)
	  Index Cond: (id = 3743604)

table 4 : explain SELECT c FROM sbtest4 WHERE id=3993996
	Index Scan using sbtest4_pkey on sbtest4  (cost=0.43..8.45 rows=1 width=121)
	  Index Cond: (id = 3993996)

table 5 : explain SELECT c FROM sbtest5 WHERE id=5735910
	Index Scan using sbtest5_pkey on sbtest5  (cost=0.43..8.45 rows=1 width=121)
	  Index Cond: (id = 5735910)

table 6 : explain SELECT c FROM sbtest6 WHERE id=389058
	Index Scan using sbtest6_pkey on sbtest6  (cost=0.43..8.45 rows=1 width=121)
	  Index Cond: (id = 389058)

table 7 : explain SELECT c FROM sbtest7 WHERE id=7029086
	Index Scan using sbtest7_pkey on sbtest7  (cost=0.43..8.45 rows=1 width=121)
	  Index Cond: (id = 7029086)

table 8 : explain SELECT c FROM sbtest8 WHERE id=3790038
	Index Scan using sbtest8_pkey on sbtest8  (cost=0.43..8.45 rows=1 width=121)
	  Index Cond: (id = 3790038)

for point_selects
table 1 : explain SELECT c FROM sbtest1 WHERE id=7042890
	Index Scan using sbtest1_pkey on sbtest1  (cost=0.43..8.45 rows=1 width=121)
	  Index Cond: (id = 7042890)

table 2 : explain SELECT c FROM sbtest2 WHERE id=860214
	Index Scan using sbtest2_pkey on sbtest2  (cost=0.43..8.45 rows=1 width=121)
	  Index Cond: (id = 860214)

table 3 : explain SELECT c FROM sbtest3 WHERE id=6782592
	Index Scan using sbtest3_pkey on sbtest3  (cost=0.43..8.45 rows=1 width=121)
	  Index Cond: (id = 6782592)

table 4 : explain SELECT c FROM sbtest4 WHERE id=9883049
	Index Scan using sbtest4_pkey on sbtest4  (cost=0.43..8.45 rows=1 width=121)
	  Index Cond: (id = 9883049)

table 5 : explain SELECT c FROM sbtest5 WHERE id=3714550
	Index Scan using sbtest5_pkey on sbtest5  (cost=0.43..8.45 rows=1 width=121)
	  Index Cond: (id = 3714550)

table 6 : explain SELECT c FROM sbtest6 WHERE id=9893698
	Index Scan using sbtest6_pkey on sbtest6  (cost=0.43..8.45 rows=1 width=121)
	  Index Cond: (id = 9893698)

table 7 : explain SELECT c FROM sbtest7 WHERE id=9409014
	Index Scan using sbtest7_pkey on sbtest7  (cost=0.43..8.45 rows=1 width=121)
	  Index Cond: (id = 9409014)

table 8 : explain SELECT c FROM sbtest8 WHERE id=5409514
	Index Scan using sbtest8_pkey on sbtest8  (cost=0.43..8.45 rows=1 width=121)
	  Index Cond: (id = 5409514)

explain: for point_selects :: explain SELECT c FROM sbtest%u WHERE id=%u
for point_selects
table 1 : explain SELECT c FROM sbtest1 WHERE id=856879
	Index Scan using sbtest1_pkey on sbtest1  (cost=0.43..8.45 rows=1 width=121)
	  Index Cond: (id = 856879)

table 2 : explain SELECT c FROM sbtest2 WHERE id=8446148
	Index Scan using sbtest2_pkey on sbtest2  (cost=0.43..8.45 rows=1 width=121)
	  Index Cond: (id = 8446148)

table 3 : explain SELECT c FROM sbtest3 WHERE id=2360636
	Index Scan using sbtest3_pkey on sbtest3  (cost=0.43..8.45 rows=1 width=121)
	  Index Cond: (id = 2360636)

table 4 : explain SELECT c FROM sbtest4 WHERE id=2291353
	Index Scan using sbtest4_pkey on sbtest4  (cost=0.43..8.45 rows=1 width=121)
	  Index Cond: (id = 2291353)

table 5 : explain SELECT c FROM sbtest5 WHERE id=9471816
	Index Scan using sbtest5_pkey on sbtest5  (cost=0.43..8.45 rows=1 width=121)
	  Index Cond: (id = 9471816)

table 6 : explain SELECT c FROM sbtest6 WHERE id=97303
	Index Scan using sbtest6_pkey on sbtest6  (cost=0.43..8.45 rows=1 width=121)
	  Index Cond: (id = 97303)

table 7 : explain SELECT c FROM sbtest7 WHERE id=3650936
	Index Scan using sbtest7_pkey on sbtest7  (cost=0.43..8.45 rows=1 width=121)
	  Index Cond: (id = 3650936)

table 8 : explain SELECT c FROM sbtest8 WHERE id=8589697
	Index Scan using sbtest8_pkey on sbtest8  (cost=0.43..8.45 rows=1 width=121)
	  Index Cond: (id = 8589697)

explain: for point_selects :: explain SELECT c FROM sbtest%u WHERE id=%u
for point_selects
table 1 : explain SELECT c FROM sbtest1 WHERE id=5764732
	Index Scan using sbtest1_pkey on sbtest1  (cost=0.43..8.45 rows=1 width=121)
	  Index Cond: (id = 5764732)

table 2 : explain SELECT c FROM sbtest2 WHERE id=1465257
	Index Scan using sbtest2_pkey on sbtest2  (cost=0.43..8.45 rows=1 width=121)
	  Index Cond: (id = 1465257)

table 3 : explain SELECT c FROM sbtest3 WHERE id=5292308
	Index Scan using sbtest3_pkey on sbtest3  (cost=0.43..8.45 rows=1 width=121)
	  Index Cond: (id = 5292308)

table 4 : explain SELECT c FROM sbtest4 WHERE id=7236815
	Index Scan using sbtest4_pkey on sbtest4  (cost=0.43..8.45 rows=1 width=121)
	  Index Cond: (id = 7236815)

table 5 : explain SELECT c FROM sbtest5 WHERE id=5051363
	Index Scan using sbtest5_pkey on sbtest5  (cost=0.43..8.45 rows=1 width=121)
	  Index Cond: (id = 5051363)

table 6 : explain SELECT c FROM sbtest6 WHERE id=347896
	Index Scan using sbtest6_pkey on sbtest6  (cost=0.43..8.45 rows=1 width=121)
	  Index Cond: (id = 347896)

table 7 : explain SELECT c FROM sbtest7 WHERE id=8023530
	Index Scan using sbtest7_pkey on sbtest7  (cost=0.43..8.45 rows=1 width=121)
	  Index Cond: (id = 8023530)

table 8 : explain SELECT c FROM sbtest8 WHERE id=2702151
	Index Scan using sbtest8_pkey on sbtest8  (cost=0.43..8.45 rows=1 width=121)
	  Index Cond: (id = 2702151)

for point_selects
table 1 : explain SELECT c FROM sbtest1 WHERE id=317619
	Index Scan using sbtest1_pkey on sbtest1  (cost=0.43..8.45 rows=1 width=121)
	  Index Cond: (id = 317619)

table 2 : explain SELECT c FROM sbtest2 WHERE id=9871501
	Index Scan using sbtest2_pkey on sbtest2  (cost=0.43..8.45 rows=1 width=121)
	  Index Cond: (id = 9871501)

table 3 : explain SELECT c FROM sbtest3 WHERE id=3437432
	Index Scan using sbtest3_pkey on sbtest3  (cost=0.43..8.45 rows=1 width=121)
	  Index Cond: (id = 3437432)

table 4 : explain SELECT c FROM sbtest4 WHERE id=1710633
	Index Scan using sbtest4_pkey on sbtest4  (cost=0.43..8.45 rows=1 width=121)
	  Index Cond: (id = 1710633)

table 5 : explain SELECT c FROM sbtest5 WHERE id=1700097
	Index Scan using sbtest5_pkey on sbtest5  (cost=0.43..8.45 rows=1 width=121)
	  Index Cond: (id = 1700097)

table 6 : explain SELECT c FROM sbtest6 WHERE id=2066097
	Index Scan using sbtest6_pkey on sbtest6  (cost=0.43..8.45 rows=1 width=121)
	  Index Cond: (id = 2066097)

table 7 : explain SELECT c FROM sbtest7 WHERE id=2997128
	Index Scan using sbtest7_pkey on sbtest7  (cost=0.43..8.45 rows=1 width=121)
	  Index Cond: (id = 2997128)

table 8 : explain SELECT c FROM sbtest8 WHERE id=1588510
	Index Scan using sbtest8_pkey on sbtest8  (cost=0.43..8.45 rows=1 width=121)
	  Index Cond: (id = 1588510)

for point_selects
table 1 : explain SELECT c FROM sbtest1 WHERE id=6113609
	Index Scan using sbtest1_pkey on sbtest1  (cost=0.43..8.45 rows=1 width=121)
	  Index Cond: (id = 6113609)

table 2 : explain SELECT c FROM sbtest2 WHERE id=4661258
	Index Scan using sbtest2_pkey on sbtest2  (cost=0.43..8.45 rows=1 width=121)
	  Index Cond: (id = 4661258)

table 3 : explain SELECT c FROM sbtest3 WHERE id=6693255
	Index Scan using sbtest3_pkey on sbtest3  (cost=0.43..8.45 rows=1 width=121)
	  Index Cond: (id = 6693255)

table 4 : explain SELECT c FROM sbtest4 WHERE id=2762750
	Index Scan using sbtest4_pkey on sbtest4  (cost=0.43..8.45 rows=1 width=121)
	  Index Cond: (id = 2762750)

table 5 : explain SELECT c FROM sbtest5 WHERE id=7347773
	Index Scan using sbtest5_pkey on sbtest5  (cost=0.43..8.45 rows=1 width=121)
	  Index Cond: (id = 7347773)

table 6 : explain SELECT c FROM sbtest6 WHERE id=1486440
	Index Scan using sbtest6_pkey on sbtest6  (cost=0.43..8.45 rows=1 width=121)
	  Index Cond: (id = 1486440)

table 7 : explain SELECT c FROM sbtest7 WHERE id=3278640
	Index Scan using sbtest7_pkey on sbtest7  (cost=0.43..8.45 rows=1 width=121)
	  Index Cond: (id = 3278640)

table 8 : explain SELECT c FROM sbtest8 WHERE id=4692803
	Index Scan using sbtest8_pkey on sbtest8  (cost=0.43..8.45 rows=1 width=121)
	  Index Cond: (id = 4692803)

explain: for point_selects :: explain SELECT c FROM sbtest%u WHERE id=%u
explain: for point_selects :: explain SELECT c FROM sbtest%u WHERE id=%u
explain: for point_selects :: explain SELECT c FROM sbtest%u WHERE id=%u
for point_selects
table 1 : explain SELECT c FROM sbtest1 WHERE id=9062099
	Index Scan using sbtest1_pkey on sbtest1  (cost=0.43..8.45 rows=1 width=121)
	  Index Cond: (id = 9062099)

table 2 : explain SELECT c FROM sbtest2 WHERE id=7577584
	Index Scan using sbtest2_pkey on sbtest2  (cost=0.43..8.45 rows=1 width=121)
	  Index Cond: (id = 7577584)

table 3 : explain SELECT c FROM sbtest3 WHERE id=8637907
	Index Scan using sbtest3_pkey on sbtest3  (cost=0.43..8.45 rows=1 width=121)
	  Index Cond: (id = 8637907)

table 4 : explain SELECT c FROM sbtest4 WHERE id=8598946
	Index Scan using sbtest4_pkey on sbtest4  (cost=0.43..8.45 rows=1 width=121)
	  Index Cond: (id = 8598946)

table 5 : explain SELECT c FROM sbtest5 WHERE id=3654048
	Index Scan using sbtest5_pkey on sbtest5  (cost=0.43..8.45 rows=1 width=121)
	  Index Cond: (id = 3654048)

table 6 : explain SELECT c FROM sbtest6 WHERE id=6243445
	Index Scan using sbtest6_pkey on sbtest6  (cost=0.43..8.45 rows=1 width=121)
	  Index Cond: (id = 6243445)

table 7 : explain SELECT c FROM sbtest7 WHERE id=5579725
	Index Scan using sbtest7_pkey on sbtest7  (cost=0.43..8.45 rows=1 width=121)
	  Index Cond: (id = 5579725)

table 8 : explain SELECT c FROM sbtest8 WHERE id=6021549
	Index Scan using sbtest8_pkey on sbtest8  (cost=0.43..8.45 rows=1 width=121)
	  Index Cond: (id = 6021549)

for point_selects
table 1 : explain SELECT c FROM sbtest1 WHERE id=5358402
	Index Scan using sbtest1_pkey on sbtest1  (cost=0.43..8.45 rows=1 width=121)
	  Index Cond: (id = 5358402)

table 2 : explain SELECT c FROM sbtest2 WHERE id=2302350
	Index Scan using sbtest2_pkey on sbtest2  (cost=0.43..8.45 rows=1 width=121)
	  Index Cond: (id = 2302350)

table 3 : explain SELECT c FROM sbtest3 WHERE id=4845163
	Index Scan using sbtest3_pkey on sbtest3  (cost=0.43..8.45 rows=1 width=121)
	  Index Cond: (id = 4845163)

table 4 : explain SELECT c FROM sbtest4 WHERE id=9773406
	Index Scan using sbtest4_pkey on sbtest4  (cost=0.43..8.45 rows=1 width=121)
	  Index Cond: (id = 9773406)

table 5 : explain SELECT c FROM sbtest5 WHERE id=5789666
	Index Scan using sbtest5_pkey on sbtest5  (cost=0.43..8.45 rows=1 width=121)
	  Index Cond: (id = 5789666)

table 6 : explain SELECT c FROM sbtest6 WHERE id=2198775
	Index Scan using sbtest6_pkey on sbtest6  (cost=0.43..8.45 rows=1 width=121)
	  Index Cond: (id = 2198775)

table 7 : explain SELECT c FROM sbtest7 WHERE id=4322413
	Index Scan using sbtest7_pkey on sbtest7  (cost=0.43..8.45 rows=1 width=121)
	  Index Cond: (id = 4322413)

table 8 : explain SELECT c FROM sbtest8 WHERE id=9234839
	Index Scan using sbtest8_pkey on sbtest8  (cost=0.43..8.45 rows=1 width=121)
	  Index Cond: (id = 9234839)

for point_selects
table 1 : explain SELECT c FROM sbtest1 WHERE id=1647475
	Index Scan using sbtest1_pkey on sbtest1  (cost=0.43..8.45 rows=1 width=121)
	  Index Cond: (id = 1647475)

table 2 : explain SELECT c FROM sbtest2 WHERE id=7362344
	Index Scan using sbtest2_pkey on sbtest2  (cost=0.43..8.45 rows=1 width=121)
	  Index Cond: (id = 7362344)

table 3 : explain SELECT c FROM sbtest3 WHERE id=536537
	Index Scan using sbtest3_pkey on sbtest3  (cost=0.43..8.45 rows=1 width=121)
	  Index Cond: (id = 536537)

table 4 : explain SELECT c FROM sbtest4 WHERE id=2625358
	Index Scan using sbtest4_pkey on sbtest4  (cost=0.43..8.45 rows=1 width=121)
	  Index Cond: (id = 2625358)

table 5 : explain SELECT c FROM sbtest5 WHERE id=1755830
	Index Scan using sbtest5_pkey on sbtest5  (cost=0.43..8.45 rows=1 width=121)
	  Index Cond: (id = 1755830)

table 6 : explain SELECT c FROM sbtest6 WHERE id=8330225
	Index Scan using sbtest6_pkey on sbtest6  (cost=0.43..8.45 rows=1 width=121)
	  Index Cond: (id = 8330225)

table 7 : explain SELECT c FROM sbtest7 WHERE id=5602359
	Index Scan using sbtest7_pkey on sbtest7  (cost=0.43..8.45 rows=1 width=121)
	  Index Cond: (id = 5602359)

table 8 : explain SELECT c FROM sbtest8 WHERE id=9139936
	Index Scan using sbtest8_pkey on sbtest8  (cost=0.43..8.45 rows=1 width=121)
	  Index Cond: (id = 9139936)

explain: for point_selects :: explain SELECT c FROM sbtest%u WHERE id=%u
for point_selects
table 1 : explain SELECT c FROM sbtest1 WHERE id=1787251
	Index Scan using sbtest1_pkey on sbtest1  (cost=0.43..8.45 rows=1 width=121)
	  Index Cond: (id = 1787251)

table 2 : explain SELECT c FROM sbtest2 WHERE id=2698709
	Index Scan using sbtest2_pkey on sbtest2  (cost=0.43..8.45 rows=1 width=121)
	  Index Cond: (id = 2698709)

table 3 : explain SELECT c FROM sbtest3 WHERE id=7365581
	Index Scan using sbtest3_pkey on sbtest3  (cost=0.43..8.45 rows=1 width=121)
	  Index Cond: (id = 7365581)

table 4 : explain SELECT c FROM sbtest4 WHERE id=5155050
	Index Scan using sbtest4_pkey on sbtest4  (cost=0.43..8.45 rows=1 width=121)
	  Index Cond: (id = 5155050)

table 5 : explain SELECT c FROM sbtest5 WHERE id=8452674
	Index Scan using sbtest5_pkey on sbtest5  (cost=0.43..8.45 rows=1 width=121)
	  Index Cond: (id = 8452674)

table 6 : explain SELECT c FROM sbtest6 WHERE id=5941245
	Index Scan using sbtest6_pkey on sbtest6  (cost=0.43..8.45 rows=1 width=121)
	  Index Cond: (id = 5941245)

table 7 : explain SELECT c FROM sbtest7 WHERE id=7459699
	Index Scan using sbtest7_pkey on sbtest7  (cost=0.43..8.45 rows=1 width=121)
	  Index Cond: (id = 7459699)

table 8 : explain SELECT c FROM sbtest8 WHERE id=8969531
	Index Scan using sbtest8_pkey on sbtest8  (cost=0.43..8.45 rows=1 width=121)
	  Index Cond: (id = 8969531)

explain: for point_selects :: explain SELECT c FROM sbtest%u WHERE id=%u
explain: for point_selects :: explain SELECT c FROM sbtest%u WHERE id=%u
explain: for point_selects :: explain SELECT c FROM sbtest%u WHERE id=%u
explain: for point_selects :: explain SELECT c FROM sbtest%u WHERE id=%u
explain: for point_selects :: explain SELECT c FROM sbtest%u WHERE id=%u
for point_selects
table 1 : explain SELECT c FROM sbtest1 WHERE id=572186
	Index Scan using sbtest1_pkey on sbtest1  (cost=0.43..8.45 rows=1 width=121)
	  Index Cond: (id = 572186)

table 2 : explain SELECT c FROM sbtest2 WHERE id=716756
	Index Scan using sbtest2_pkey on sbtest2  (cost=0.43..8.45 rows=1 width=121)
	  Index Cond: (id = 716756)

table 3 : explain SELECT c FROM sbtest3 WHERE id=2880111
	Index Scan using sbtest3_pkey on sbtest3  (cost=0.43..8.45 rows=1 width=121)
	  Index Cond: (id = 2880111)

table 4 : explain SELECT c FROM sbtest4 WHERE id=6979989
	Index Scan using sbtest4_pkey on sbtest4  (cost=0.43..8.45 rows=1 width=121)
	  Index Cond: (id = 6979989)

table 5 : explain SELECT c FROM sbtest5 WHERE id=346569
	Index Scan using sbtest5_pkey on sbtest5  (cost=0.43..8.45 rows=1 width=121)
	  Index Cond: (id = 346569)

table 6 : explain SELECT c FROM sbtest6 WHERE id=3859542
	Index Scan using sbtest6_pkey on sbtest6  (cost=0.43..8.45 rows=1 width=121)
	  Index Cond: (id = 3859542)

table 7 : explain SELECT c FROM sbtest7 WHERE id=4369763
	Index Scan using sbtest7_pkey on sbtest7  (cost=0.43..8.45 rows=1 width=121)
	  Index Cond: (id = 4369763)

table 8 : explain SELECT c FROM sbtest8 WHERE id=4034816
	Index Scan using sbtest8_pkey on sbtest8  (cost=0.43..8.45 rows=1 width=121)
	  Index Cond: (id = 4034816)

explain: for point_selects :: explain SELECT c FROM sbtest%u WHERE id=%u
for point_selects
table 1 : explain SELECT c FROM sbtest1 WHERE id=1718904
	Index Scan using sbtest1_pkey on sbtest1  (cost=0.43..8.45 rows=1 width=121)
	  Index Cond: (id = 1718904)

table 2 : explain SELECT c FROM sbtest2 WHERE id=1848561
	Index Scan using sbtest2_pkey on sbtest2  (cost=0.43..8.45 rows=1 width=121)
	  Index Cond: (id = 1848561)

table 3 : explain SELECT c FROM sbtest3 WHERE id=2538784
	Index Scan using sbtest3_pkey on sbtest3  (cost=0.43..8.45 rows=1 width=121)
	  Index Cond: (id = 2538784)

table 4 : explain SELECT c FROM sbtest4 WHERE id=9317726
	Index Scan using sbtest4_pkey on sbtest4  (cost=0.43..8.45 rows=1 width=121)
	  Index Cond: (id = 9317726)

table 5 : explain SELECT c FROM sbtest5 WHERE id=6478480
	Index Scan using sbtest5_pkey on sbtest5  (cost=0.43..8.45 rows=1 width=121)
	  Index Cond: (id = 6478480)

table 6 : explain SELECT c FROM sbtest6 WHERE id=8770138
	Index Scan using sbtest6_pkey on sbtest6  (cost=0.43..8.45 rows=1 width=121)
	  Index Cond: (id = 8770138)

table 7 : explain SELECT c FROM sbtest7 WHERE id=3670877
	Index Scan using sbtest7_pkey on sbtest7  (cost=0.43..8.45 rows=1 width=121)
	  Index Cond: (id = 3670877)

table 8 : explain SELECT c FROM sbtest8 WHERE id=3065511
	Index Scan using sbtest8_pkey on sbtest8  (cost=0.43..8.45 rows=1 width=121)
	  Index Cond: (id = 3065511)

explain: for point_selects :: explain SELECT c FROM sbtest%u WHERE id=%u
for point_selects
table 1 : explain SELECT c FROM sbtest1 WHERE id=1178351
	Index Scan using sbtest1_pkey on sbtest1  (cost=0.43..8.45 rows=1 width=121)
	  Index Cond: (id = 1178351)

table 2 : explain SELECT c FROM sbtest2 WHERE id=7707581
	Index Scan using sbtest2_pkey on sbtest2  (cost=0.43..8.45 rows=1 width=121)
	  Index Cond: (id = 7707581)

table 3 : explain SELECT c FROM sbtest3 WHERE id=915899
	Index Scan using sbtest3_pkey on sbtest3  (cost=0.43..8.45 rows=1 width=121)
	  Index Cond: (id = 915899)

table 4 : explain SELECT c FROM sbtest4 WHERE id=48154
	Index Scan using sbtest4_pkey on sbtest4  (cost=0.43..8.45 rows=1 width=121)
	  Index Cond: (id = 48154)

table 5 : explain SELECT c FROM sbtest5 WHERE id=7314833
	Index Scan using sbtest5_pkey on sbtest5  (cost=0.43..8.45 rows=1 width=121)
	  Index Cond: (id = 7314833)

table 6 : explain SELECT c FROM sbtest6 WHERE id=3006526
	Index Scan using sbtest6_pkey on sbtest6  (cost=0.43..8.45 rows=1 width=121)
	  Index Cond: (id = 3006526)

table 7 : explain SELECT c FROM sbtest7 WHERE id=9272237
	Index Scan using sbtest7_pkey on sbtest7  (cost=0.43..8.45 rows=1 width=121)
	  Index Cond: (id = 9272237)

table 8 : explain SELECT c FROM sbtest8 WHERE id=1285229
	Index Scan using sbtest8_pkey on sbtest8  (cost=0.43..8.45 rows=1 width=121)
	  Index Cond: (id = 1285229)

for point_selects
table 1 : explain SELECT c FROM sbtest1 WHERE id=8999556
	Index Scan using sbtest1_pkey on sbtest1  (cost=0.43..8.45 rows=1 width=121)
	  Index Cond: (id = 8999556)

table 2 : explain SELECT c FROM sbtest2 WHERE id=8075458
	Index Scan using sbtest2_pkey on sbtest2  (cost=0.43..8.45 rows=1 width=121)
	  Index Cond: (id = 8075458)

table 3 : explain SELECT c FROM sbtest3 WHERE id=434625
	Index Scan using sbtest3_pkey on sbtest3  (cost=0.43..8.45 rows=1 width=121)
	  Index Cond: (id = 434625)

table 4 : explain SELECT c FROM sbtest4 WHERE id=2854697
	Index Scan using sbtest4_pkey on sbtest4  (cost=0.43..8.45 rows=1 width=121)
	  Index Cond: (id = 2854697)

table 5 : explain SELECT c FROM sbtest5 WHERE id=6414777
	Index Scan using sbtest5_pkey on sbtest5  (cost=0.43..8.45 rows=1 width=121)
	  Index Cond: (id = 6414777)

table 6 : explain SELECT c FROM sbtest6 WHERE id=7051319
	Index Scan using sbtest6_pkey on sbtest6  (cost=0.43..8.45 rows=1 width=121)
	  Index Cond: (id = 7051319)

table 7 : explain SELECT c FROM sbtest7 WHERE id=7823138
	Index Scan using sbtest7_pkey on sbtest7  (cost=0.43..8.45 rows=1 width=121)
	  Index Cond: (id = 7823138)

table 8 : explain SELECT c FROM sbtest8 WHERE id=6526325
	Index Scan using sbtest8_pkey on sbtest8  (cost=0.43..8.45 rows=1 width=121)
	  Index Cond: (id = 6526325)

for point_selects
table 1 : explain SELECT c FROM sbtest1 WHERE id=4303323
	Index Scan using sbtest1_pkey on sbtest1  (cost=0.43..8.45 rows=1 width=121)
	  Index Cond: (id = 4303323)

table 2 : explain SELECT c FROM sbtest2 WHERE id=4996922
	Index Scan using sbtest2_pkey on sbtest2  (cost=0.43..8.45 rows=1 width=121)
	  Index Cond: (id = 4996922)

table 3 : explain SELECT c FROM sbtest3 WHERE id=8396083
	Index Scan using sbtest3_pkey on sbtest3  (cost=0.43..8.45 rows=1 width=121)
	  Index Cond: (id = 8396083)

table 4 : explain SELECT c FROM sbtest4 WHERE id=4578898
	Index Scan using sbtest4_pkey on sbtest4  (cost=0.43..8.45 rows=1 width=121)
	  Index Cond: (id = 4578898)

table 5 : explain SELECT c FROM sbtest5 WHERE id=8308720
	Index Scan using sbtest5_pkey on sbtest5  (cost=0.43..8.45 rows=1 width=121)
	  Index Cond: (id = 8308720)

table 6 : explain SELECT c FROM sbtest6 WHERE id=1602384
	Index Scan using sbtest6_pkey on sbtest6  (cost=0.43..8.45 rows=1 width=121)
	  Index Cond: (id = 1602384)

table 7 : explain SELECT c FROM sbtest7 WHERE id=1112630
	Index Scan using sbtest7_pkey on sbtest7  (cost=0.43..8.45 rows=1 width=121)
	  Index Cond: (id = 1112630)

table 8 : explain SELECT c FROM sbtest8 WHERE id=4348922
	Index Scan using sbtest8_pkey on sbtest8  (cost=0.43..8.45 rows=1 width=121)
	  Index Cond: (id = 4348922)

for point_selects
table 1 : explain SELECT c FROM sbtest1 WHERE id=350691
	Index Scan using sbtest1_pkey on sbtest1  (cost=0.43..8.45 rows=1 width=121)
	  Index Cond: (id = 350691)

table 2 : explain SELECT c FROM sbtest2 WHERE id=7381158
	Index Scan using sbtest2_pkey on sbtest2  (cost=0.43..8.45 rows=1 width=121)
	  Index Cond: (id = 7381158)

table 3 : explain SELECT c FROM sbtest3 WHERE id=6052427
	Index Scan using sbtest3_pkey on sbtest3  (cost=0.43..8.45 rows=1 width=121)
	  Index Cond: (id = 6052427)

table 4 : explain SELECT c FROM sbtest4 WHERE id=5340041
	Index Scan using sbtest4_pkey on sbtest4  (cost=0.43..8.45 rows=1 width=121)
	  Index Cond: (id = 5340041)

table 5 : explain SELECT c FROM sbtest5 WHERE id=6783515
	Index Scan using sbtest5_pkey on sbtest5  (cost=0.43..8.45 rows=1 width=121)
	  Index Cond: (id = 6783515)

table 6 : explain SELECT c FROM sbtest6 WHERE id=8398126
	Index Scan using sbtest6_pkey on sbtest6  (cost=0.43..8.45 rows=1 width=121)
	  Index Cond: (id = 8398126)

table 7 : explain SELECT c FROM sbtest7 WHERE id=9140656
	Index Scan using sbtest7_pkey on sbtest7  (cost=0.43..8.45 rows=1 width=121)
	  Index Cond: (id = 9140656)

table 8 : explain SELECT c FROM sbtest8 WHERE id=9111610
	Index Scan using sbtest8_pkey on sbtest8  (cost=0.43..8.45 rows=1 width=121)
	  Index Cond: (id = 9111610)

for point_selects
table 1 : explain SELECT c FROM sbtest1 WHERE id=8881868
	Index Scan using sbtest1_pkey on sbtest1  (cost=0.43..8.45 rows=1 width=121)
	  Index Cond: (id = 8881868)

table 2 : explain SELECT c FROM sbtest2 WHERE id=2540779
	Index Scan using sbtest2_pkey on sbtest2  (cost=0.43..8.45 rows=1 width=121)
	  Index Cond: (id = 2540779)

table 3 : explain SELECT c FROM sbtest3 WHERE id=7627094
	Index Scan using sbtest3_pkey on sbtest3  (cost=0.43..8.45 rows=1 width=121)
	  Index Cond: (id = 7627094)

table 4 : explain SELECT c FROM sbtest4 WHERE id=8663328
	Index Scan using sbtest4_pkey on sbtest4  (cost=0.43..8.45 rows=1 width=121)
	  Index Cond: (id = 8663328)

table 5 : explain SELECT c FROM sbtest5 WHERE id=5833723
	Index Scan using sbtest5_pkey on sbtest5  (cost=0.43..8.45 rows=1 width=121)
	  Index Cond: (id = 5833723)

table 6 : explain SELECT c FROM sbtest6 WHERE id=8488859
	Index Scan using sbtest6_pkey on sbtest6  (cost=0.43..8.45 rows=1 width=121)
	  Index Cond: (id = 8488859)

table 7 : explain SELECT c FROM sbtest7 WHERE id=2315853
	Index Scan using sbtest7_pkey on sbtest7  (cost=0.43..8.45 rows=1 width=121)
	  Index Cond: (id = 2315853)

table 8 : explain SELECT c FROM sbtest8 WHERE id=6256633
	Index Scan using sbtest8_pkey on sbtest8  (cost=0.43..8.45 rows=1 width=121)
	  Index Cond: (id = 6256633)

for point_selects
table 1 : explain SELECT c FROM sbtest1 WHERE id=3310314
	Index Scan using sbtest1_pkey on sbtest1  (cost=0.43..8.45 rows=1 width=121)
	  Index Cond: (id = 3310314)

table 2 : explain SELECT c FROM sbtest2 WHERE id=3228577
	Index Scan using sbtest2_pkey on sbtest2  (cost=0.43..8.45 rows=1 width=121)
	  Index Cond: (id = 3228577)

table 3 : explain SELECT c FROM sbtest3 WHERE id=8871866
	Index Scan using sbtest3_pkey on sbtest3  (cost=0.43..8.45 rows=1 width=121)
	  Index Cond: (id = 8871866)

table 4 : explain SELECT c FROM sbtest4 WHERE id=4681890
	Index Scan using sbtest4_pkey on sbtest4  (cost=0.43..8.45 rows=1 width=121)
	  Index Cond: (id = 4681890)

table 5 : explain SELECT c FROM sbtest5 WHERE id=5670321
	Index Scan using sbtest5_pkey on sbtest5  (cost=0.43..8.45 rows=1 width=121)
	  Index Cond: (id = 5670321)

table 6 : explain SELECT c FROM sbtest6 WHERE id=3861892
	Index Scan using sbtest6_pkey on sbtest6  (cost=0.43..8.45 rows=1 width=121)
	  Index Cond: (id = 3861892)

table 7 : explain SELECT c FROM sbtest7 WHERE id=2273226
	Index Scan using sbtest7_pkey on sbtest7  (cost=0.43..8.45 rows=1 width=121)
	  Index Cond: (id = 2273226)

table 8 : explain SELECT c FROM sbtest8 WHERE id=39499
	Index Scan using sbtest8_pkey on sbtest8  (cost=0.43..8.45 rows=1 width=121)
	  Index Cond: (id = 39499)

explain: for point_selects :: explain SELECT c FROM sbtest%u WHERE id=%u
for point_selects
table 1 : explain SELECT c FROM sbtest1 WHERE id=6644305
	Index Scan using sbtest1_pkey on sbtest1  (cost=0.43..8.45 rows=1 width=121)
	  Index Cond: (id = 6644305)

table 2 : explain SELECT c FROM sbtest2 WHERE id=9625949
	Index Scan using sbtest2_pkey on sbtest2  (cost=0.43..8.45 rows=1 width=121)
	  Index Cond: (id = 9625949)

table 3 : explain SELECT c FROM sbtest3 WHERE id=2885806
	Index Scan using sbtest3_pkey on sbtest3  (cost=0.43..8.45 rows=1 width=121)
	  Index Cond: (id = 2885806)

table 4 : explain SELECT c FROM sbtest4 WHERE id=7885906
	Index Scan using sbtest4_pkey on sbtest4  (cost=0.43..8.45 rows=1 width=121)
	  Index Cond: (id = 7885906)

table 5 : explain SELECT c FROM sbtest5 WHERE id=8185953
	Index Scan using sbtest5_pkey on sbtest5  (cost=0.43..8.45 rows=1 width=121)
	  Index Cond: (id = 8185953)

table 6 : explain SELECT c FROM sbtest6 WHERE id=8576647
	Index Scan using sbtest6_pkey on sbtest6  (cost=0.43..8.45 rows=1 width=121)
	  Index Cond: (id = 8576647)

table 7 : explain SELECT c FROM sbtest7 WHERE id=8965393
	Index Scan using sbtest7_pkey on sbtest7  (cost=0.43..8.45 rows=1 width=121)
	  Index Cond: (id = 8965393)

table 8 : explain SELECT c FROM sbtest8 WHERE id=1220886
	Index Scan using sbtest8_pkey on sbtest8  (cost=0.43..8.45 rows=1 width=121)
	  Index Cond: (id = 1220886)

explain: for point_selects :: explain SELECT c FROM sbtest%u WHERE id=%u
explain: for point_selects :: explain SELECT c FROM sbtest%u WHERE id=%u
explain: for point_selects :: explain SELECT c FROM sbtest%u WHERE id=%u
explain: for point_selects :: explain SELECT c FROM sbtest%u WHERE id=%u
for point_selects
table 1 : explain SELECT c FROM sbtest1 WHERE id=2742141
	Index Scan using sbtest1_pkey on sbtest1  (cost=0.43..8.45 rows=1 width=121)
	  Index Cond: (id = 2742141)

table 2 : explain SELECT c FROM sbtest2 WHERE id=7552999
	Index Scan using sbtest2_pkey on sbtest2  (cost=0.43..8.45 rows=1 width=121)
	  Index Cond: (id = 7552999)

table 3 : explain SELECT c FROM sbtest3 WHERE id=2984639
	Index Scan using sbtest3_pkey on sbtest3  (cost=0.43..8.45 rows=1 width=121)
	  Index Cond: (id = 2984639)

table 4 : explain SELECT c FROM sbtest4 WHERE id=5581343
	Index Scan using sbtest4_pkey on sbtest4  (cost=0.43..8.45 rows=1 width=121)
	  Index Cond: (id = 5581343)

table 5 : explain SELECT c FROM sbtest5 WHERE id=6257678
	Index Scan using sbtest5_pkey on sbtest5  (cost=0.43..8.45 rows=1 width=121)
	  Index Cond: (id = 6257678)

table 6 : explain SELECT c FROM sbtest6 WHERE id=6730306
	Index Scan using sbtest6_pkey on sbtest6  (cost=0.43..8.45 rows=1 width=121)
	  Index Cond: (id = 6730306)

table 7 : explain SELECT c FROM sbtest7 WHERE id=8000423
	Index Scan using sbtest7_pkey on sbtest7  (cost=0.43..8.45 rows=1 width=121)
	  Index Cond: (id = 8000423)

table 8 : explain SELECT c FROM sbtest8 WHERE id=3431629
	Index Scan using sbtest8_pkey on sbtest8  (cost=0.43..8.45 rows=1 width=121)
	  Index Cond: (id = 3431629)

explain: for point_selects :: explain SELECT c FROM sbtest%u WHERE id=%u
explain: for point_selects :: explain SELECT c FROM sbtest%u WHERE id=%u
for point_selects
table 1 : explain SELECT c FROM sbtest1 WHERE id=418570
	Index Scan using sbtest1_pkey on sbtest1  (cost=0.43..8.45 rows=1 width=121)
	  Index Cond: (id = 418570)

table 2 : explain SELECT c FROM sbtest2 WHERE id=8832068
	Index Scan using sbtest2_pkey on sbtest2  (cost=0.43..8.45 rows=1 width=121)
	  Index Cond: (id = 8832068)

table 3 : explain SELECT c FROM sbtest3 WHERE id=3039059
	Index Scan using sbtest3_pkey on sbtest3  (cost=0.43..8.45 rows=1 width=121)
	  Index Cond: (id = 3039059)

table 4 : explain SELECT c FROM sbtest4 WHERE id=8427465
	Index Scan using sbtest4_pkey on sbtest4  (cost=0.43..8.45 rows=1 width=121)
	  Index Cond: (id = 8427465)

table 5 : explain SELECT c FROM sbtest5 WHERE id=8535904
	Index Scan using sbtest5_pkey on sbtest5  (cost=0.43..8.45 rows=1 width=121)
	  Index Cond: (id = 8535904)

table 6 : explain SELECT c FROM sbtest6 WHERE id=2375050
	Index Scan using sbtest6_pkey on sbtest6  (cost=0.43..8.45 rows=1 width=121)
	  Index Cond: (id = 2375050)

table 7 : explain SELECT c FROM sbtest7 WHERE id=7710018
	Index Scan using sbtest7_pkey on sbtest7  (cost=0.43..8.45 rows=1 width=121)
	  Index Cond: (id = 7710018)

table 8 : explain SELECT c FROM sbtest8 WHERE id=3229051
	Index Scan using sbtest8_pkey on sbtest8  (cost=0.43..8.45 rows=1 width=121)
	  Index Cond: (id = 3229051)

for point_selects
table 1 : explain SELECT c FROM sbtest1 WHERE id=4826004
	Index Scan using sbtest1_pkey on sbtest1  (cost=0.43..8.45 rows=1 width=121)
	  Index Cond: (id = 4826004)

table 2 : explain SELECT c FROM sbtest2 WHERE id=2635683
	Index Scan using sbtest2_pkey on sbtest2  (cost=0.43..8.45 rows=1 width=121)
	  Index Cond: (id = 2635683)

table 3 : explain SELECT c FROM sbtest3 WHERE id=5256774
	Index Scan using sbtest3_pkey on sbtest3  (cost=0.43..8.45 rows=1 width=121)
	  Index Cond: (id = 5256774)

table 4 : explain SELECT c FROM sbtest4 WHERE id=1836292
	Index Scan using sbtest4_pkey on sbtest4  (cost=0.43..8.45 rows=1 width=121)
	  Index Cond: (id = 1836292)

table 5 : explain SELECT c FROM sbtest5 WHERE id=6197618
	Index Scan using sbtest5_pkey on sbtest5  (cost=0.43..8.45 rows=1 width=121)
	  Index Cond: (id = 6197618)

table 6 : explain SELECT c FROM sbtest6 WHERE id=3719745
	Index Scan using sbtest6_pkey on sbtest6  (cost=0.43..8.45 rows=1 width=121)
	  Index Cond: (id = 3719745)

table 7 : explain SELECT c FROM sbtest7 WHERE id=5697768
	Index Scan using sbtest7_pkey on sbtest7  (cost=0.43..8.45 rows=1 width=121)
	  Index Cond: (id = 5697768)

table 8 : explain SELECT c FROM sbtest8 WHERE id=6418217
	Index Scan using sbtest8_pkey on sbtest8  (cost=0.43..8.45 rows=1 width=121)
	  Index Cond: (id = 6418217)

explain: for point_selects :: explain SELECT c FROM sbtest%u WHERE id=%u
for point_selects
table 1 : explain SELECT c FROM sbtest1 WHERE id=6998288
	Index Scan using sbtest1_pkey on sbtest1  (cost=0.43..8.45 rows=1 width=121)
	  Index Cond: (id = 6998288)

table 2 : explain SELECT c FROM sbtest2 WHERE id=7097432
	Index Scan using sbtest2_pkey on sbtest2  (cost=0.43..8.45 rows=1 width=121)
	  Index Cond: (id = 7097432)

table 3 : explain SELECT c FROM sbtest3 WHERE id=7003446
	Index Scan using sbtest3_pkey on sbtest3  (cost=0.43..8.45 rows=1 width=121)
	  Index Cond: (id = 7003446)

table 4 : explain SELECT c FROM sbtest4 WHERE id=1784360
	Index Scan using sbtest4_pkey on sbtest4  (cost=0.43..8.45 rows=1 width=121)
	  Index Cond: (id = 1784360)

table 5 : explain SELECT c FROM sbtest5 WHERE id=556329
	Index Scan using sbtest5_pkey on sbtest5  (cost=0.43..8.45 rows=1 width=121)
	  Index Cond: (id = 556329)

table 6 : explain SELECT c FROM sbtest6 WHERE id=9349074
	Index Scan using sbtest6_pkey on sbtest6  (cost=0.43..8.45 rows=1 width=121)
	  Index Cond: (id = 9349074)

table 7 : explain SELECT c FROM sbtest7 WHERE id=9303438
	Index Scan using sbtest7_pkey on sbtest7  (cost=0.43..8.45 rows=1 width=121)
	  Index Cond: (id = 9303438)

table 8 : explain SELECT c FROM sbtest8 WHERE id=2875263
	Index Scan using sbtest8_pkey on sbtest8  (cost=0.43..8.45 rows=1 width=121)
	  Index Cond: (id = 2875263)

for point_selects
table 1 : explain SELECT c FROM sbtest1 WHERE id=7653870
	Index Scan using sbtest1_pkey on sbtest1  (cost=0.43..8.45 rows=1 width=121)
	  Index Cond: (id = 7653870)

table 2 : explain SELECT c FROM sbtest2 WHERE id=6018688
	Index Scan using sbtest2_pkey on sbtest2  (cost=0.43..8.45 rows=1 width=121)
	  Index Cond: (id = 6018688)

table 3 : explain SELECT c FROM sbtest3 WHERE id=1043920
	Index Scan using sbtest3_pkey on sbtest3  (cost=0.43..8.45 rows=1 width=121)
	  Index Cond: (id = 1043920)

table 4 : explain SELECT c FROM sbtest4 WHERE id=1881544
	Index Scan using sbtest4_pkey on sbtest4  (cost=0.43..8.45 rows=1 width=121)
	  Index Cond: (id = 1881544)

table 5 : explain SELECT c FROM sbtest5 WHERE id=3559721
	Index Scan using sbtest5_pkey on sbtest5  (cost=0.43..8.45 rows=1 width=121)
	  Index Cond: (id = 3559721)

table 6 : explain SELECT c FROM sbtest6 WHERE id=7546480
	Index Scan using sbtest6_pkey on sbtest6  (cost=0.43..8.45 rows=1 width=121)
	  Index Cond: (id = 7546480)

table 7 : explain SELECT c FROM sbtest7 WHERE id=2543707
	Index Scan using sbtest7_pkey on sbtest7  (cost=0.43..8.45 rows=1 width=121)
	  Index Cond: (id = 2543707)

table 8 : explain SELECT c FROM sbtest8 WHERE id=5321454
	Index Scan using sbtest8_pkey on sbtest8  (cost=0.43..8.45 rows=1 width=121)
	  Index Cond: (id = 5321454)

for point_selects
table 1 : explain SELECT c FROM sbtest1 WHERE id=948789
	Index Scan using sbtest1_pkey on sbtest1  (cost=0.43..8.45 rows=1 width=121)
	  Index Cond: (id = 948789)

table 2 : explain SELECT c FROM sbtest2 WHERE id=3218449
	Index Scan using sbtest2_pkey on sbtest2  (cost=0.43..8.45 rows=1 width=121)
	  Index Cond: (id = 3218449)

table 3 : explain SELECT c FROM sbtest3 WHERE id=9249654
	Index Scan using sbtest3_pkey on sbtest3  (cost=0.43..8.45 rows=1 width=121)
	  Index Cond: (id = 9249654)

table 4 : explain SELECT c FROM sbtest4 WHERE id=6326619
	Index Scan using sbtest4_pkey on sbtest4  (cost=0.43..8.45 rows=1 width=121)
	  Index Cond: (id = 6326619)

table 5 : explain SELECT c FROM sbtest5 WHERE id=3606140
	Index Scan using sbtest5_pkey on sbtest5  (cost=0.43..8.45 rows=1 width=121)
	  Index Cond: (id = 3606140)

table 6 : explain SELECT c FROM sbtest6 WHERE id=8372118
	Index Scan using sbtest6_pkey on sbtest6  (cost=0.43..8.45 rows=1 width=121)
	  Index Cond: (id = 8372118)

table 7 : explain SELECT c FROM sbtest7 WHERE id=3213962
	Index Scan using sbtest7_pkey on sbtest7  (cost=0.43..8.45 rows=1 width=121)
	  Index Cond: (id = 3213962)

table 8 : explain SELECT c FROM sbtest8 WHERE id=7498030
	Index Scan using sbtest8_pkey on sbtest8  (cost=0.43..8.45 rows=1 width=121)
	  Index Cond: (id = 7498030)

for point_selects
table 1 : explain SELECT c FROM sbtest1 WHERE id=7872456
	Index Scan using sbtest1_pkey on sbtest1  (cost=0.43..8.45 rows=1 width=121)
	  Index Cond: (id = 7872456)

table 2 : explain SELECT c FROM sbtest2 WHERE id=5417746
	Index Scan using sbtest2_pkey on sbtest2  (cost=0.43..8.45 rows=1 width=121)
	  Index Cond: (id = 5417746)

table 3 : explain SELECT c FROM sbtest3 WHERE id=1848979
	Index Scan using sbtest3_pkey on sbtest3  (cost=0.43..8.45 rows=1 width=121)
	  Index Cond: (id = 1848979)

table 4 : explain SELECT c FROM sbtest4 WHERE id=7493720
	Index Scan using sbtest4_pkey on sbtest4  (cost=0.43..8.45 rows=1 width=121)
	  Index Cond: (id = 7493720)

table 5 : explain SELECT c FROM sbtest5 WHERE id=5506856
	Index Scan using sbtest5_pkey on sbtest5  (cost=0.43..8.45 rows=1 width=121)
	  Index Cond: (id = 5506856)

table 6 : explain SELECT c FROM sbtest6 WHERE id=2472533
	Index Scan using sbtest6_pkey on sbtest6  (cost=0.43..8.45 rows=1 width=121)
	  Index Cond: (id = 2472533)

table 7 : explain SELECT c FROM sbtest7 WHERE id=8046863
	Index Scan using sbtest7_pkey on sbtest7  (cost=0.43..8.45 rows=1 width=121)
	  Index Cond: (id = 8046863)

table 8 : explain SELECT c FROM sbtest8 WHERE id=8541386
	Index Scan using sbtest8_pkey on sbtest8  (cost=0.43..8.45 rows=1 width=121)
	  Index Cond: (id = 8541386)

explain: for point_selects :: explain SELECT c FROM sbtest%u WHERE id=%u
for point_selects
table 1 : explain SELECT c FROM sbtest1 WHERE id=7951476
	Index Scan using sbtest1_pkey on sbtest1  (cost=0.43..8.45 rows=1 width=121)
	  Index Cond: (id = 7951476)

table 2 : explain SELECT c FROM sbtest2 WHERE id=271330
	Index Scan using sbtest2_pkey on sbtest2  (cost=0.43..8.45 rows=1 width=121)
	  Index Cond: (id = 271330)

table 3 : explain SELECT c FROM sbtest3 WHERE id=2028103
	Index Scan using sbtest3_pkey on sbtest3  (cost=0.43..8.45 rows=1 width=121)
	  Index Cond: (id = 2028103)

table 4 : explain SELECT c FROM sbtest4 WHERE id=709570
	Index Scan using sbtest4_pkey on sbtest4  (cost=0.43..8.45 rows=1 width=121)
	  Index Cond: (id = 709570)

table 5 : explain SELECT c FROM sbtest5 WHERE id=5373291
	Index Scan using sbtest5_pkey on sbtest5  (cost=0.43..8.45 rows=1 width=121)
	  Index Cond: (id = 5373291)

table 6 : explain SELECT c FROM sbtest6 WHERE id=5044562
	Index Scan using sbtest6_pkey on sbtest6  (cost=0.43..8.45 rows=1 width=121)
	  Index Cond: (id = 5044562)

table 7 : explain SELECT c FROM sbtest7 WHERE id=6922023
	Index Scan using sbtest7_pkey on sbtest7  (cost=0.43..8.45 rows=1 width=121)
	  Index Cond: (id = 6922023)

table 8 : explain SELECT c FROM sbtest8 WHERE id=7785877
	Index Scan using sbtest8_pkey on sbtest8  (cost=0.43..8.45 rows=1 width=121)
	  Index Cond: (id = 7785877)

for point_selects
table 1 : explain SELECT c FROM sbtest1 WHERE id=757539
	Index Scan using sbtest1_pkey on sbtest1  (cost=0.43..8.45 rows=1 width=121)
	  Index Cond: (id = 757539)

table 2 : explain SELECT c FROM sbtest2 WHERE id=4899543
	Index Scan using sbtest2_pkey on sbtest2  (cost=0.43..8.45 rows=1 width=121)
	  Index Cond: (id = 4899543)

table 3 : explain SELECT c FROM sbtest3 WHERE id=682646
	Index Scan using sbtest3_pkey on sbtest3  (cost=0.43..8.45 rows=1 width=121)
	  Index Cond: (id = 682646)

table 4 : explain SELECT c FROM sbtest4 WHERE id=9408616
	Index Scan using sbtest4_pkey on sbtest4  (cost=0.43..8.45 rows=1 width=121)
	  Index Cond: (id = 9408616)

table 5 : explain SELECT c FROM sbtest5 WHERE id=6411478
	Index Scan using sbtest5_pkey on sbtest5  (cost=0.43..8.45 rows=1 width=121)
	  Index Cond: (id = 6411478)

table 6 : explain SELECT c FROM sbtest6 WHERE id=6367541
	Index Scan using sbtest6_pkey on sbtest6  (cost=0.43..8.45 rows=1 width=121)
	  Index Cond: (id = 6367541)

table 7 : explain SELECT c FROM sbtest7 WHERE id=6350091
	Index Scan using sbtest7_pkey on sbtest7  (cost=0.43..8.45 rows=1 width=121)
	  Index Cond: (id = 6350091)

table 8 : explain SELECT c FROM sbtest8 WHERE id=8345475
	Index Scan using sbtest8_pkey on sbtest8  (cost=0.43..8.45 rows=1 width=121)
	  Index Cond: (id = 8345475)

for point_selects
table 1 : explain SELECT c FROM sbtest1 WHERE id=2754602
	Index Scan using sbtest1_pkey on sbtest1  (cost=0.43..8.45 rows=1 width=121)
	  Index Cond: (id = 2754602)

table 2 : explain SELECT c FROM sbtest2 WHERE id=2662945
	Index Scan using sbtest2_pkey on sbtest2  (cost=0.43..8.45 rows=1 width=121)
	  Index Cond: (id = 2662945)

table 3 : explain SELECT c FROM sbtest3 WHERE id=1973580
	Index Scan using sbtest3_pkey on sbtest3  (cost=0.43..8.45 rows=1 width=121)
	  Index Cond: (id = 1973580)

table 4 : explain SELECT c FROM sbtest4 WHERE id=3706837
	Index Scan using sbtest4_pkey on sbtest4  (cost=0.43..8.45 rows=1 width=121)
	  Index Cond: (id = 3706837)

table 5 : explain SELECT c FROM sbtest5 WHERE id=993509
	Index Scan using sbtest5_pkey on sbtest5  (cost=0.43..8.45 rows=1 width=121)
	  Index Cond: (id = 993509)

table 6 : explain SELECT c FROM sbtest6 WHERE id=7957860
	Index Scan using sbtest6_pkey on sbtest6  (cost=0.43..8.45 rows=1 width=121)
	  Index Cond: (id = 7957860)

table 7 : explain SELECT c FROM sbtest7 WHERE id=4897633
	Index Scan using sbtest7_pkey on sbtest7  (cost=0.43..8.45 rows=1 width=121)
	  Index Cond: (id = 4897633)

table 8 : explain SELECT c FROM sbtest8 WHERE id=7198421
	Index Scan using sbtest8_pkey on sbtest8  (cost=0.43..8.45 rows=1 width=121)
	  Index Cond: (id = 7198421)

explain: for point_selects :: explain SELECT c FROM sbtest%u WHERE id=%u
explain: for point_selects :: explain SELECT c FROM sbtest%u WHERE id=%u
for point_selects
table 1 : explain SELECT c FROM sbtest1 WHERE id=5909888
	Index Scan using sbtest1_pkey on sbtest1  (cost=0.43..8.45 rows=1 width=121)
	  Index Cond: (id = 5909888)

table 2 : explain SELECT c FROM sbtest2 WHERE id=2674686
	Index Scan using sbtest2_pkey on sbtest2  (cost=0.43..8.45 rows=1 width=121)
	  Index Cond: (id = 2674686)

table 3 : explain SELECT c FROM sbtest3 WHERE id=9475191
	Index Scan using sbtest3_pkey on sbtest3  (cost=0.43..8.45 rows=1 width=121)
	  Index Cond: (id = 9475191)

table 4 : explain SELECT c FROM sbtest4 WHERE id=6986008
	Index Scan using sbtest4_pkey on sbtest4  (cost=0.43..8.45 rows=1 width=121)
	  Index Cond: (id = 6986008)

table 5 : explain SELECT c FROM sbtest5 WHERE id=1974312
	Index Scan using sbtest5_pkey on sbtest5  (cost=0.43..8.45 rows=1 width=121)
	  Index Cond: (id = 1974312)

table 6 : explain SELECT c FROM sbtest6 WHERE id=2137988
	Index Scan using sbtest6_pkey on sbtest6  (cost=0.43..8.45 rows=1 width=121)
	  Index Cond: (id = 2137988)

table 7 : explain SELECT c FROM sbtest7 WHERE id=8659494
	Index Scan using sbtest7_pkey on sbtest7  (cost=0.43..8.45 rows=1 width=121)
	  Index Cond: (id = 8659494)

table 8 : explain SELECT c FROM sbtest8 WHERE id=1712167
	Index Scan using sbtest8_pkey on sbtest8  (cost=0.43..8.45 rows=1 width=121)
	  Index Cond: (id = 1712167)

for point_selects
table 1 : explain SELECT c FROM sbtest1 WHERE id=4511146
	Index Scan using sbtest1_pkey on sbtest1  (cost=0.43..8.45 rows=1 width=121)
	  Index Cond: (id = 4511146)

table 2 : explain SELECT c FROM sbtest2 WHERE id=751461
	Index Scan using sbtest2_pkey on sbtest2  (cost=0.43..8.45 rows=1 width=121)
	  Index Cond: (id = 751461)

table 3 : explain SELECT c FROM sbtest3 WHERE id=859180
	Index Scan using sbtest3_pkey on sbtest3  (cost=0.43..8.45 rows=1 width=121)
	  Index Cond: (id = 859180)

table 4 : explain SELECT c FROM sbtest4 WHERE id=7419583
	Index Scan using sbtest4_pkey on sbtest4  (cost=0.43..8.45 rows=1 width=121)
	  Index Cond: (id = 7419583)

table 5 : explain SELECT c FROM sbtest5 WHERE id=9610808
	Index Scan using sbtest5_pkey on sbtest5  (cost=0.43..8.45 rows=1 width=121)
	  Index Cond: (id = 9610808)

table 6 : explain SELECT c FROM sbtest6 WHERE id=902938
	Index Scan using sbtest6_pkey on sbtest6  (cost=0.43..8.45 rows=1 width=121)
	  Index Cond: (id = 902938)

table 7 : explain SELECT c FROM sbtest7 WHERE id=4837602
	Index Scan using sbtest7_pkey on sbtest7  (cost=0.43..8.45 rows=1 width=121)
	  Index Cond: (id = 4837602)

table 8 : explain SELECT c FROM sbtest8 WHERE id=4104252
	Index Scan using sbtest8_pkey on sbtest8  (cost=0.43..8.45 rows=1 width=121)
	  Index Cond: (id = 4104252)

explain: for point_selects :: explain SELECT c FROM sbtest%u WHERE id=%u
explain: for point_selects :: explain SELECT c FROM sbtest%u WHERE id=%u
for point_selects
table 1 : explain SELECT c FROM sbtest1 WHERE id=126886
	Index Scan using sbtest1_pkey on sbtest1  (cost=0.43..8.45 rows=1 width=121)
	  Index Cond: (id = 126886)

table 2 : explain SELECT c FROM sbtest2 WHERE id=2664584
	Index Scan using sbtest2_pkey on sbtest2  (cost=0.43..8.45 rows=1 width=121)
	  Index Cond: (id = 2664584)

table 3 : explain SELECT c FROM sbtest3 WHERE id=9192825
	Index Scan using sbtest3_pkey on sbtest3  (cost=0.43..8.45 rows=1 width=121)
	  Index Cond: (id = 9192825)

table 4 : explain SELECT c FROM sbtest4 WHERE id=121490
	Index Scan using sbtest4_pkey on sbtest4  (cost=0.43..8.45 rows=1 width=121)
	  Index Cond: (id = 121490)

table 5 : explain SELECT c FROM sbtest5 WHERE id=9309677
	Index Scan using sbtest5_pkey on sbtest5  (cost=0.43..8.45 rows=1 width=121)
	  Index Cond: (id = 9309677)

table 6 : explain SELECT c FROM sbtest6 WHERE id=2265591
	Index Scan using sbtest6_pkey on sbtest6  (cost=0.43..8.45 rows=1 width=121)
	  Index Cond: (id = 2265591)

table 7 : explain SELECT c FROM sbtest7 WHERE id=2327839
	Index Scan using sbtest7_pkey on sbtest7  (cost=0.43..8.45 rows=1 width=121)
	  Index Cond: (id = 2327839)

table 8 : explain SELECT c FROM sbtest8 WHERE id=4846413
	Index Scan using sbtest8_pkey on sbtest8  (cost=0.43..8.45 rows=1 width=121)
	  Index Cond: (id = 4846413)

for point_selects
table 1 : explain SELECT c FROM sbtest1 WHERE id=6622469
	Index Scan using sbtest1_pkey on sbtest1  (cost=0.43..8.45 rows=1 width=121)
	  Index Cond: (id = 6622469)

table 2 : explain SELECT c FROM sbtest2 WHERE id=1064181
	Index Scan using sbtest2_pkey on sbtest2  (cost=0.43..8.45 rows=1 width=121)
	  Index Cond: (id = 1064181)

table 3 : explain SELECT c FROM sbtest3 WHERE id=8450340
	Index Scan using sbtest3_pkey on sbtest3  (cost=0.43..8.45 rows=1 width=121)
	  Index Cond: (id = 8450340)

table 4 : explain SELECT c FROM sbtest4 WHERE id=6823548
	Index Scan using sbtest4_pkey on sbtest4  (cost=0.43..8.45 rows=1 width=121)
	  Index Cond: (id = 6823548)

table 5 : explain SELECT c FROM sbtest5 WHERE id=6951972
	Index Scan using sbtest5_pkey on sbtest5  (cost=0.43..8.45 rows=1 width=121)
	  Index Cond: (id = 6951972)

table 6 : explain SELECT c FROM sbtest6 WHERE id=7376655
	Index Scan using sbtest6_pkey on sbtest6  (cost=0.43..8.45 rows=1 width=121)
	  Index Cond: (id = 7376655)

table 7 : explain SELECT c FROM sbtest7 WHERE id=9336178
	Index Scan using sbtest7_pkey on sbtest7  (cost=0.43..8.45 rows=1 width=121)
	  Index Cond: (id = 9336178)

table 8 : explain SELECT c FROM sbtest8 WHERE id=2146055
	Index Scan using sbtest8_pkey on sbtest8  (cost=0.43..8.45 rows=1 width=121)
	  Index Cond: (id = 2146055)

Threads started!

Warming up for 5 seconds...

SQL statistics:
    queries performed:
        read:                            681023934
        write:                           0
        other:                           0
        total:                           681023934
    transactions:                        681023934 (1080967.10 per sec.)
    queries:                             681023934 (1080967.10 per sec.)
    ignored errors:                      0      (0.00 per sec.)
    reconnects:                          0      (0.00 per sec.)

Throughput:
    events/s (eps):                      1080967.0972
    time elapsed:                        630.0137s
    total number of events:              681023934

Latency (ms):
         min:                                    0.03
         avg:                                    0.04
         max:                                   20.05
         95th percentile:                        0.04
         sum:                             25018240.31

Threads fairness:
    events (avg/stddev):           17025580.8750/341182.30
    execution time (avg/stddev):   625.4560/0.24

